DC-Build-Header: hsail-tools 0~20180830-1 / 2020-02-25 04:40:15 +0000
DC-Task: type:rebuild-binarch-only source:hsail-tools version:0~20180830-1 chroot:unstable esttime:78 logfile:/tmp/hsail-tools_0~20180830-1_unstable_clang8.log modes:clang8:binarch-only
DC-Sbuild-call: su user42 -c 'sbuild -n --arch-any --apt-update -d unstable -v --no-run-lintian --chroot-setup-commands=/tmp/clang8 hsail-tools_0~20180830-1'
sbuild (Debian sbuild) 0.78.1 (09 February 2019) on ip-172-31-6-163.eu-central-1.compute.internal

+==============================================================================+
| hsail-tools 0~20180830-1 (amd64)             Tue, 25 Feb 2020 04:40:15 +0000 |
+==============================================================================+

Package: hsail-tools
Version: 0~20180830-1
Source Version: 0~20180830-1
Distribution: unstable
Machine Architecture: amd64
Host Architecture: amd64
Build Architecture: amd64
Build Type: binary

I: NOTICE: Log filtering will replace 'var/run/schroot/mount/sid-amd64-sbuild-b6eb32ef-1794-4ac3-b65b-52e227e9ea2a' with '<<CHROOT>>'

+------------------------------------------------------------------------------+
| Chroot Setup Commands                                                        |
+------------------------------------------------------------------------------+


/tmp/clang8
-----------

+ echo 'Entering customization script...'
Entering customization script...
+ CLANG_VERSION=8
+ echo 'Install of clang-8'
Install of clang-8
+ apt-get update
Get:1 http://127.0.0.1:12990/debian sid InRelease [142 kB]
Get:2 http://127.0.0.1:12990/debian sid/main Sources.diff/Index [27.9 kB]
Get:3 http://127.0.0.1:12990/debian sid/main amd64 Packages.diff/Index [27.9 kB]
Get:4 http://127.0.0.1:12990/debian sid/main Sources 2020-02-24-0823.32.pdiff [11.0 kB]
Get:5 http://127.0.0.1:12990/debian sid/main Sources 2020-02-24-1420.34.pdiff [30.2 kB]
Get:6 http://127.0.0.1:12990/debian sid/main Sources 2020-02-24-2014.03.pdiff [16.9 kB]
Get:7 http://127.0.0.1:12990/debian sid/main Sources 2020-02-25-0213.11.pdiff [23.2 kB]
Get:8 http://127.0.0.1:12990/debian sid/main amd64 Packages 2020-02-24-0823.32.pdiff [15.5 kB]
Get:9 http://127.0.0.1:12990/debian sid/main amd64 Packages 2020-02-24-1420.34.pdiff [27.5 kB]
Get:10 http://127.0.0.1:12990/debian sid/main amd64 Packages 2020-02-24-2014.03.pdiff [21.6 kB]
Get:11 http://127.0.0.1:12990/debian sid/main amd64 Packages 2020-02-25-0213.11.pdiff [35.0 kB]
Get:7 http://127.0.0.1:12990/debian sid/main Sources 2020-02-25-0213.11.pdiff [23.2 kB]
Get:11 http://127.0.0.1:12990/debian sid/main amd64 Packages 2020-02-25-0213.11.pdiff [35.0 kB]
Get:12 http://127.0.0.1:12990/debian sid/main Translation-en [6193 kB]
Fetched 6572 kB in 2s (3811 kB/s)
Reading package lists...
+ apt-get install --yes --no-install-recommends --force-yes clang-8 libomp-8-dev libobjc-9-dev
Reading package lists...
Building dependency tree...
The following additional packages will be installed:
  gcc-8-base lib32gcc-s1 lib32gcc1 lib32stdc++6 libbsd0 libc6-i386
  libclang-common-8-dev libclang1-8 libedit2 libgc1c2 libgcc-8-dev libllvm8
  libmpx2 libobjc-8-dev libobjc4 libomp5-8 libstdc++-8-dev
Suggested packages:
  clang-8-doc libomp-8-doc libstdc++-8-doc
Recommended packages:
  llvm-8-dev python3
The following NEW packages will be installed:
  clang-8 gcc-8-base lib32gcc-s1 lib32gcc1 lib32stdc++6 libbsd0 libc6-i386
  libclang-common-8-dev libclang1-8 libedit2 libgc1c2 libgcc-8-dev libllvm8
  libmpx2 libobjc-8-dev libobjc-9-dev libobjc4 libomp-8-dev libomp5-8
  libstdc++-8-dev
0 upgraded, 20 newly installed, 0 to remove and 2 not upgraded.
Need to get 39.9 MB of archives.
After this operation, 223 MB of additional disk space will be used.
Get:1 http://127.0.0.1:12990/debian sid/main amd64 libbsd0 amd64 0.10.0-1 [107 kB]
Get:2 http://127.0.0.1:12990/debian sid/main amd64 libedit2 amd64 3.1-20191231-1 [95.4 kB]
Get:3 http://127.0.0.1:12990/debian sid/main amd64 libllvm8 amd64 1:8.0.1-7 [13.8 MB]
Get:4 http://127.0.0.1:12990/debian sid/main amd64 gcc-8-base amd64 8.3.0-29 [194 kB]
Get:5 http://127.0.0.1:12990/debian sid/main amd64 libmpx2 amd64 8.3.0-29 [11.4 kB]
Get:6 http://127.0.0.1:12990/debian sid/main amd64 libgcc-8-dev amd64 8.3.0-29 [2297 kB]
Get:7 http://127.0.0.1:12990/debian sid/main amd64 libstdc++-8-dev amd64 8.3.0-29 [1543 kB]
Get:8 http://127.0.0.1:12990/debian sid/main amd64 libgc1c2 amd64 1:7.6.4-0.4 [224 kB]
Get:9 http://127.0.0.1:12990/debian sid/main amd64 libobjc4 amd64 10-20200222-1 [41.6 kB]
Get:10 http://127.0.0.1:12990/debian sid/main amd64 libobjc-8-dev amd64 8.3.0-29 [227 kB]
Get:11 http://127.0.0.1:12990/debian sid/main amd64 libc6-i386 amd64 2.29-10 [2918 kB]
Get:12 http://127.0.0.1:12990/debian sid/main amd64 lib32gcc-s1 amd64 10-20200222-1 [49.4 kB]
Get:13 http://127.0.0.1:12990/debian sid/main amd64 lib32gcc1 amd64 1:10-20200222-1 [1104 B]
Get:14 http://127.0.0.1:12990/debian sid/main amd64 lib32stdc++6 amd64 10-20200222-1 [510 kB]
Get:15 http://127.0.0.1:12990/debian sid/main amd64 libclang-common-8-dev amd64 1:8.0.1-7 [2989 kB]
Get:16 http://127.0.0.1:12990/debian sid/main amd64 libclang1-8 amd64 1:8.0.1-7 [6244 kB]
Get:17 http://127.0.0.1:12990/debian sid/main amd64 clang-8 amd64 1:8.0.1-7 [8010 kB]
Get:18 http://127.0.0.1:12990/debian sid/main amd64 libobjc-9-dev amd64 9.2.1-29 [219 kB]
Get:19 http://127.0.0.1:12990/debian sid/main amd64 libomp5-8 amd64 1:8.0.1-7 [331 kB]
Get:20 http://127.0.0.1:12990/debian sid/main amd64 libomp-8-dev amd64 1:8.0.1-7 [62.3 kB]
debconf: delaying package configuration, since apt-utils is not installed
Fetched 39.9 MB in 0s (105 MB/s)
Selecting previously unselected package libbsd0:amd64.
(Reading database ... (Reading database ... 5%(Reading database ... 10%(Reading database ... 15%(Reading database ... 20%(Reading database ... 25%(Reading database ... 30%(Reading database ... 35%(Reading database ... 40%(Reading database ... 45%(Reading database ... 50%(Reading database ... 55%(Reading database ... 60%(Reading database ... 65%(Reading database ... 70%(Reading database ... 75%(Reading database ... 80%(Reading database ... 85%(Reading database ... 90%(Reading database ... 95%(Reading database ... 100%(Reading database ... 12119 files and directories currently installed.)
Preparing to unpack .../00-libbsd0_0.10.0-1_amd64.deb ...
Unpacking libbsd0:amd64 (0.10.0-1) ...
Selecting previously unselected package libedit2:amd64.
Preparing to unpack .../01-libedit2_3.1-20191231-1_amd64.deb ...
Unpacking libedit2:amd64 (3.1-20191231-1) ...
Selecting previously unselected package libllvm8:amd64.
Preparing to unpack .../02-libllvm8_1%3a8.0.1-7_amd64.deb ...
Unpacking libllvm8:amd64 (1:8.0.1-7) ...
Selecting previously unselected package gcc-8-base:amd64.
Preparing to unpack .../03-gcc-8-base_8.3.0-29_amd64.deb ...
Unpacking gcc-8-base:amd64 (8.3.0-29) ...
Selecting previously unselected package libmpx2:amd64.
Preparing to unpack .../04-libmpx2_8.3.0-29_amd64.deb ...
Unpacking libmpx2:amd64 (8.3.0-29) ...
Selecting previously unselected package libgcc-8-dev:amd64.
Preparing to unpack .../05-libgcc-8-dev_8.3.0-29_amd64.deb ...
Unpacking libgcc-8-dev:amd64 (8.3.0-29) ...
Selecting previously unselected package libstdc++-8-dev:amd64.
Preparing to unpack .../06-libstdc++-8-dev_8.3.0-29_amd64.deb ...
Unpacking libstdc++-8-dev:amd64 (8.3.0-29) ...
Selecting previously unselected package libgc1c2:amd64.
Preparing to unpack .../07-libgc1c2_1%3a7.6.4-0.4_amd64.deb ...
Unpacking libgc1c2:amd64 (1:7.6.4-0.4) ...
Selecting previously unselected package libobjc4:amd64.
Preparing to unpack .../08-libobjc4_10-20200222-1_amd64.deb ...
Unpacking libobjc4:amd64 (10-20200222-1) ...
Selecting previously unselected package libobjc-8-dev:amd64.
Preparing to unpack .../09-libobjc-8-dev_8.3.0-29_amd64.deb ...
Unpacking libobjc-8-dev:amd64 (8.3.0-29) ...
Selecting previously unselected package libc6-i386.
Preparing to unpack .../10-libc6-i386_2.29-10_amd64.deb ...
Unpacking libc6-i386 (2.29-10) ...
Selecting previously unselected package lib32gcc-s1.
Preparing to unpack .../11-lib32gcc-s1_10-20200222-1_amd64.deb ...
Unpacking lib32gcc-s1 (10-20200222-1) ...
Selecting previously unselected package lib32gcc1.
Preparing to unpack .../12-lib32gcc1_1%3a10-20200222-1_amd64.deb ...
Unpacking lib32gcc1 (1:10-20200222-1) ...
Selecting previously unselected package lib32stdc++6.
Preparing to unpack .../13-lib32stdc++6_10-20200222-1_amd64.deb ...
Unpacking lib32stdc++6 (10-20200222-1) ...
Selecting previously unselected package libclang-common-8-dev.
Preparing to unpack .../14-libclang-common-8-dev_1%3a8.0.1-7_amd64.deb ...
Unpacking libclang-common-8-dev (1:8.0.1-7) ...
Selecting previously unselected package libclang1-8.
Preparing to unpack .../15-libclang1-8_1%3a8.0.1-7_amd64.deb ...
Unpacking libclang1-8 (1:8.0.1-7) ...
Selecting previously unselected package clang-8.
Preparing to unpack .../16-clang-8_1%3a8.0.1-7_amd64.deb ...
Unpacking clang-8 (1:8.0.1-7) ...
Selecting previously unselected package libobjc-9-dev:amd64.
Preparing to unpack .../17-libobjc-9-dev_9.2.1-29_amd64.deb ...
Unpacking libobjc-9-dev:amd64 (9.2.1-29) ...
Selecting previously unselected package libomp5-8:amd64.
Preparing to unpack .../18-libomp5-8_1%3a8.0.1-7_amd64.deb ...
Unpacking libomp5-8:amd64 (1:8.0.1-7) ...
Selecting previously unselected package libomp-8-dev.
Preparing to unpack .../19-libomp-8-dev_1%3a8.0.1-7_amd64.deb ...
Unpacking libomp-8-dev (1:8.0.1-7) ...
Setting up libgc1c2:amd64 (1:7.6.4-0.4) ...
Setting up libobjc4:amd64 (10-20200222-1) ...
Setting up gcc-8-base:amd64 (8.3.0-29) ...
Setting up libobjc-9-dev:amd64 (9.2.1-29) ...
Setting up libmpx2:amd64 (8.3.0-29) ...
Setting up libc6-i386 (2.29-10) ...
Setting up libbsd0:amd64 (0.10.0-1) ...
Setting up libomp5-8:amd64 (1:8.0.1-7) ...
Setting up libomp-8-dev (1:8.0.1-7) ...
Setting up libedit2:amd64 (3.1-20191231-1) ...
Setting up lib32gcc-s1 (10-20200222-1) ...
Setting up libgcc-8-dev:amd64 (8.3.0-29) ...
Setting up libstdc++-8-dev:amd64 (8.3.0-29) ...
Setting up libllvm8:amd64 (1:8.0.1-7) ...
Setting up libclang1-8 (1:8.0.1-7) ...
Setting up lib32gcc1 (1:10-20200222-1) ...
Setting up libobjc-8-dev:amd64 (8.3.0-29) ...
Setting up lib32stdc++6 (10-20200222-1) ...
Setting up libclang-common-8-dev (1:8.0.1-7) ...
Setting up clang-8 (1:8.0.1-7) ...
Processing triggers for libc-bin (2.29-10) ...
W: --force-yes is deprecated, use one of the options starting with --allow instead.
+ echo 'Replace gcc, g++ & cpp by clang'
Replace gcc, g++ & cpp by clang
+ VERSIONS='4.6 4.7 4.8 4.9 5 6 7 8 9 10'
+ cd /usr/bin
+ for VERSION in $VERSIONS
+ rm -f g++-4.6 gcc-4.6 cpp-4.6 gcc
+ ln -s clang++-8 g++-4.6
+ ln -s clang-8 gcc-4.6
+ ln -s clang-8 cpp-4.6
+ ln -s clang-8 gcc
+ echo 'gcc-4.6 hold'
+ dpkg --set-selections
dpkg: warning: package not in status nor available database at line 1: gcc-4.6
dpkg: warning: found unknown packages; this might mean the available database
is outdated, and needs to be updated through a frontend method;
please see the FAQ <https://wiki.debian.org/Teams/Dpkg/FAQ>
+ echo 'g++-4.6 hold'
+ dpkg --set-selections
dpkg: warning: package not in status nor available database at line 1: g++-4.6
dpkg: warning: found unknown packages; this might mean the available database
is outdated, and needs to be updated through a frontend method;
please see the FAQ <https://wiki.debian.org/Teams/Dpkg/FAQ>
+ for VERSION in $VERSIONS
+ rm -f g++-4.7 gcc-4.7 cpp-4.7 gcc
+ ln -s clang++-8 g++-4.7
+ ln -s clang-8 gcc-4.7
+ ln -s clang-8 cpp-4.7
+ ln -s clang-8 gcc
+ echo 'gcc-4.7 hold'
+ dpkg --set-selections
dpkg: warning: package not in status nor available database at line 1: gcc-4.7
dpkg: warning: found unknown packages; this might mean the available database
is outdated, and needs to be updated through a frontend method;
please see the FAQ <https://wiki.debian.org/Teams/Dpkg/FAQ>
+ echo 'g++-4.7 hold'
+ dpkg --set-selections
dpkg: warning: package not in status nor available database at line 1: g++-4.7
dpkg: warning: found unknown packages; this might mean the available database
is outdated, and needs to be updated through a frontend method;
please see the FAQ <https://wiki.debian.org/Teams/Dpkg/FAQ>
+ for VERSION in $VERSIONS
+ rm -f g++-4.8 gcc-4.8 cpp-4.8 gcc
+ ln -s clang++-8 g++-4.8
+ ln -s clang-8 gcc-4.8
+ ln -s clang-8 cpp-4.8
+ ln -s clang-8 gcc
+ echo 'gcc-4.8 hold'
+ dpkg --set-selections
dpkg: warning: package not in status nor available database at line 1: gcc-4.8
dpkg: warning: found unknown packages; this might mean the available database
is outdated, and needs to be updated through a frontend method;
please see the FAQ <https://wiki.debian.org/Teams/Dpkg/FAQ>
+ echo 'g++-4.8 hold'
+ dpkg --set-selections
dpkg: warning: package not in status nor available database at line 1: g++-4.8
dpkg: warning: found unknown packages; this might mean the available database
is outdated, and needs to be updated through a frontend method;
please see the FAQ <https://wiki.debian.org/Teams/Dpkg/FAQ>
+ for VERSION in $VERSIONS
+ rm -f g++-4.9 gcc-4.9 cpp-4.9 gcc
+ ln -s clang++-8 g++-4.9
+ ln -s clang-8 gcc-4.9
+ ln -s clang-8 cpp-4.9
+ ln -s clang-8 gcc
+ echo 'gcc-4.9 hold'
+ dpkg --set-selections
dpkg: warning: package not in status nor available database at line 1: gcc-4.9
dpkg: warning: found unknown packages; this might mean the available database
is outdated, and needs to be updated through a frontend method;
please see the FAQ <https://wiki.debian.org/Teams/Dpkg/FAQ>
+ echo 'g++-4.9 hold'
+ dpkg --set-selections
dpkg: warning: package not in status nor available database at line 1: g++-4.9
dpkg: warning: found unknown packages; this might mean the available database
is outdated, and needs to be updated through a frontend method;
please see the FAQ <https://wiki.debian.org/Teams/Dpkg/FAQ>
+ for VERSION in $VERSIONS
+ rm -f g++-5 gcc-5 cpp-5 gcc
+ ln -s clang++-8 g++-5
+ ln -s clang-8 gcc-5
+ ln -s clang-8 cpp-5
+ ln -s clang-8 gcc
+ echo 'gcc-5 hold'
+ dpkg --set-selections
dpkg: warning: package not in status nor available database at line 1: gcc-5
dpkg: warning: found unknown packages; this might mean the available database
is outdated, and needs to be updated through a frontend method;
please see the FAQ <https://wiki.debian.org/Teams/Dpkg/FAQ>
+ echo 'g++-5 hold'
+ dpkg --set-selections
dpkg: warning: package not in status nor available database at line 1: g++-5
dpkg: warning: found unknown packages; this might mean the available database
is outdated, and needs to be updated through a frontend method;
please see the FAQ <https://wiki.debian.org/Teams/Dpkg/FAQ>
+ for VERSION in $VERSIONS
+ rm -f g++-6 gcc-6 cpp-6 gcc
+ ln -s clang++-8 g++-6
+ ln -s clang-8 gcc-6
+ ln -s clang-8 cpp-6
+ ln -s clang-8 gcc
+ echo 'gcc-6 hold'
+ dpkg --set-selections
dpkg: warning: package not in status nor available database at line 1: gcc-6
dpkg: warning: found unknown packages; this might mean the available database
is outdated, and needs to be updated through a frontend method;
please see the FAQ <https://wiki.debian.org/Teams/Dpkg/FAQ>
+ echo 'g++-6 hold'
+ dpkg --set-selections
dpkg: warning: package not in status nor available database at line 1: g++-6
dpkg: warning: found unknown packages; this might mean the available database
is outdated, and needs to be updated through a frontend method;
please see the FAQ <https://wiki.debian.org/Teams/Dpkg/FAQ>
+ for VERSION in $VERSIONS
+ rm -f g++-7 gcc-7 cpp-7 gcc
+ ln -s clang++-8 g++-7
+ ln -s clang-8 gcc-7
+ ln -s clang-8 cpp-7
+ ln -s clang-8 gcc
+ echo 'gcc-7 hold'
+ dpkg --set-selections
dpkg: warning: package not in status nor available database at line 1: gcc-7
dpkg: warning: found unknown packages; this might mean the available database
is outdated, and needs to be updated through a frontend method;
please see the FAQ <https://wiki.debian.org/Teams/Dpkg/FAQ>
+ echo 'g++-7 hold'
+ dpkg --set-selections
dpkg: warning: package not in status nor available database at line 1: g++-7
dpkg: warning: found unknown packages; this might mean the available database
is outdated, and needs to be updated through a frontend method;
please see the FAQ <https://wiki.debian.org/Teams/Dpkg/FAQ>
+ for VERSION in $VERSIONS
+ rm -f g++-8 gcc-8 cpp-8 gcc
+ ln -s clang++-8 g++-8
+ ln -s clang-8 gcc-8
+ ln -s clang-8 cpp-8
+ ln -s clang-8 gcc
+ echo 'gcc-8 hold'
+ dpkg --set-selections
dpkg: warning: package not in status nor available database at line 1: gcc-8
dpkg: warning: found unknown packages; this might mean the available database
is outdated, and needs to be updated through a frontend method;
please see the FAQ <https://wiki.debian.org/Teams/Dpkg/FAQ>
+ echo 'g++-8 hold'
+ dpkg --set-selections
dpkg: warning: package not in status nor available database at line 1: g++-8
dpkg: warning: found unknown packages; this might mean the available database
is outdated, and needs to be updated through a frontend method;
please see the FAQ <https://wiki.debian.org/Teams/Dpkg/FAQ>
+ for VERSION in $VERSIONS
+ rm -f g++-9 gcc-9 cpp-9 gcc
+ ln -s clang++-8 g++-9
+ ln -s clang-8 gcc-9
+ ln -s clang-8 cpp-9
+ ln -s clang-8 gcc
+ echo 'gcc-9 hold'
+ dpkg --set-selections
+ echo 'g++-9 hold'
+ dpkg --set-selections
+ for VERSION in $VERSIONS
+ rm -f g++-10 gcc-10 cpp-10 gcc
+ ln -s clang++-8 g++-10
+ ln -s clang-8 gcc-10
+ ln -s clang-8 cpp-10
+ ln -s clang-8 gcc
+ echo 'gcc-10 hold'
+ dpkg --set-selections
dpkg: warning: package not in status nor available database at line 1: gcc-10
dpkg: warning: found unknown packages; this might mean the available database
is outdated, and needs to be updated through a frontend method;
please see the FAQ <https://wiki.debian.org/Teams/Dpkg/FAQ>
+ echo 'g++-10 hold'
+ dpkg --set-selections
dpkg: warning: package not in status nor available database at line 1: g++-10
dpkg: warning: found unknown packages; this might mean the available database
is outdated, and needs to be updated through a frontend method;
please see the FAQ <https://wiki.debian.org/Teams/Dpkg/FAQ>
+ cd -
/build/hsail-tools-GOljDZ
+ echo 'Check if gcc, g++ & cpp are actually clang'
Check if gcc, g++ & cpp are actually clang
+ gcc --version
+ grep clang
+ cpp --version
+ grep clang
+ g++ --version
+ grep clang

I: Finished running '/tmp/clang8'.

Finished processing commands.
--------------------------------------------------------------------------------
I: NOTICE: Log filtering will replace 'build/hsail-tools-GOljDZ/resolver-mjTyP2' with '<<RESOLVERDIR>>'

+------------------------------------------------------------------------------+
| Update chroot                                                                |
+------------------------------------------------------------------------------+

Hit:1 http://127.0.0.1:12990/debian sid InRelease
Reading package lists...
Reading package lists...
Building dependency tree...
Reading state information...
Calculating upgrade...
The following packages will be upgraded:
  libgmp10 zlib1g
2 upgraded, 0 newly installed, 0 to remove and 0 not upgraded.
Need to get 343 kB of archives.
After this operation, 0 B of additional disk space will be used.
Get:1 http://127.0.0.1:12990/debian sid/main amd64 libgmp10 amd64 2:6.2.0+dfsg-4 [253 kB]
Get:2 http://127.0.0.1:12990/debian sid/main amd64 zlib1g amd64 1:1.2.11.dfsg-2 [90.4 kB]
debconf: delaying package configuration, since apt-utils is not installed
Fetched 343 kB in 0s (6275 kB/s)
(Reading database ... (Reading database ... 5%(Reading database ... 10%(Reading database ... 15%(Reading database ... 20%(Reading database ... 25%(Reading database ... 30%(Reading database ... 35%(Reading database ... 40%(Reading database ... 45%(Reading database ... 50%(Reading database ... 55%(Reading database ... 60%(Reading database ... 65%(Reading database ... 70%(Reading database ... 75%(Reading database ... 80%(Reading database ... 85%(Reading database ... 90%(Reading database ... 95%(Reading database ... 100%(Reading database ... 13887 files and directories currently installed.)
Preparing to unpack .../libgmp10_2%3a6.2.0+dfsg-4_amd64.deb ...
Unpacking libgmp10:amd64 (2:6.2.0+dfsg-4) over (2:6.2.0+dfsg-3) ...
Setting up libgmp10:amd64 (2:6.2.0+dfsg-4) ...
(Reading database ... (Reading database ... 5%(Reading database ... 10%(Reading database ... 15%(Reading database ... 20%(Reading database ... 25%(Reading database ... 30%(Reading database ... 35%(Reading database ... 40%(Reading database ... 45%(Reading database ... 50%(Reading database ... 55%(Reading database ... 60%(Reading database ... 65%(Reading database ... 70%(Reading database ... 75%(Reading database ... 80%(Reading database ... 85%(Reading database ... 90%(Reading database ... 95%(Reading database ... 100%(Reading database ... 13887 files and directories currently installed.)
Preparing to unpack .../zlib1g_1%3a1.2.11.dfsg-2_amd64.deb ...
Unpacking zlib1g:amd64 (1:1.2.11.dfsg-2) over (1:1.2.11.dfsg-1.2) ...
Setting up zlib1g:amd64 (1:1.2.11.dfsg-2) ...
Processing triggers for libc-bin (2.29-10) ...

+------------------------------------------------------------------------------+
| Fetch source files                                                           |
+------------------------------------------------------------------------------+


Check APT
---------

Checking available source versions...

Download source files with APT
------------------------------

Reading package lists...
Need to get 4227 kB of source archives.
Get:1 http://127.0.0.1:12990/debian sid/main hsail-tools 0~20180830-1 (dsc) [1932 B]
Get:2 http://127.0.0.1:12990/debian sid/main hsail-tools 0~20180830-1 (tar) [4222 kB]
Get:3 http://127.0.0.1:12990/debian sid/main hsail-tools 0~20180830-1 (diff) [3508 B]
Fetched 4227 kB in 1s (6376 kB/s)
Download complete and in download only mode
I: NOTICE: Log filtering will replace 'build/hsail-tools-GOljDZ/hsail-tools-0~20180830' with '<<PKGBUILDDIR>>'
I: NOTICE: Log filtering will replace 'build/hsail-tools-GOljDZ' with '<<BUILDDIR>>'

+------------------------------------------------------------------------------+
| Install package build dependencies                                           |
+------------------------------------------------------------------------------+


Setup apt archive
-----------------

Merged Build-Depends: debhelper (>= 9), cmake, libdwarf-dev, libelf-dev, libncursesw5-dev, re2c, build-essential, fakeroot
Filtered Build-Depends: debhelper (>= 9), cmake, libdwarf-dev, libelf-dev, libncursesw5-dev, re2c, build-essential, fakeroot
dpkg-deb: building package 'sbuild-build-depends-main-dummy' in '/<<RESOLVERDIR>>/apt_archive/sbuild-build-depends-main-dummy.deb'.
Ign:1 copy:/<<RESOLVERDIR>>/apt_archive ./ InRelease
Get:2 copy:/<<RESOLVERDIR>>/apt_archive ./ Release [957 B]
Ign:3 copy:/<<RESOLVERDIR>>/apt_archive ./ Release.gpg
Get:4 copy:/<<RESOLVERDIR>>/apt_archive ./ Sources [392 B]
Get:5 copy:/<<RESOLVERDIR>>/apt_archive ./ Packages [477 B]
Fetched 1826 B in 0s (0 B/s)
Reading package lists...
Reading package lists...

Install main build dependencies (apt-based resolver)
----------------------------------------------------

Installing build dependencies
Reading package lists...
Building dependency tree...
Reading state information...
The following additional packages will be installed:
  autoconf automake autopoint autotools-dev bsdmainutils cmake cmake-data
  debhelper dh-autoreconf dh-strip-nondeterminism dwz file gettext
  gettext-base groff-base intltool-debian libarchive-zip-perl libarchive13
  libbrotli1 libcroco3 libcurl4 libdebhelper-perl libdwarf-dev libdwarf1
  libelf-dev libelf1 libexpat1 libfile-stripnondeterminism-perl libglib2.0-0
  libgssapi-krb5-2 libicu63 libjsoncpp1 libk5crypto3 libkeyutils1 libkrb5-3
  libkrb5support0 libldap-2.4-2 libldap-common libmagic-mgc libmagic1
  libncurses-dev libncurses6 libncursesw5-dev libnghttp2-14 libpipeline1
  libprocps8 libpsl5 librhash0 librtmp1 libsasl2-2 libsasl2-modules-db
  libsigsegv2 libssh2-1 libssl1.1 libsub-override-perl libtool libuchardet0
  libuv1 libxml2 m4 man-db po-debconf procps re2c sensible-utils zlib1g-dev
Suggested packages:
  autoconf-archive gnu-standards autoconf-doc wamerican | wordlist whois
  vacation cmake-doc ninja-build dh-make gettext-doc libasprintf-dev
  libgettextpo-dev groff lrzip krb5-doc krb5-user ncurses-doc libtool-doc
  gfortran | fortran95-compiler gcj-jdk m4-doc apparmor less www-browser
  libmail-box-perl
Recommended packages:
  curl | wget | lynx ca-certificates libarchive-cpio-perl libglib2.0-data
  shared-mime-info xdg-user-dirs krb5-locales libgpm2 publicsuffix
  libsasl2-modules libltdl-dev libmail-sendmail-perl psmisc
The following NEW packages will be installed:
  autoconf automake autopoint autotools-dev bsdmainutils cmake cmake-data
  debhelper dh-autoreconf dh-strip-nondeterminism dwz file gettext
  gettext-base groff-base intltool-debian libarchive-zip-perl libarchive13
  libbrotli1 libcroco3 libcurl4 libdebhelper-perl libdwarf-dev libdwarf1
  libelf-dev libelf1 libexpat1 libfile-stripnondeterminism-perl libglib2.0-0
  libgssapi-krb5-2 libicu63 libjsoncpp1 libk5crypto3 libkeyutils1 libkrb5-3
  libkrb5support0 libldap-2.4-2 libldap-common libmagic-mgc libmagic1
  libncurses-dev libncurses6 libncursesw5-dev libnghttp2-14 libpipeline1
  libprocps8 libpsl5 librhash0 librtmp1 libsasl2-2 libsasl2-modules-db
  libsigsegv2 libssh2-1 libssl1.1 libsub-override-perl libtool libuchardet0
  libuv1 libxml2 m4 man-db po-debconf procps re2c
  sbuild-build-depends-main-dummy sensible-utils zlib1g-dev
0 upgraded, 67 newly installed, 0 to remove and 0 not upgraded.
Need to get 31.5 MB of archives.
After this operation, 118 MB of additional disk space will be used.
Get:1 copy:/<<RESOLVERDIR>>/apt_archive ./ sbuild-build-depends-main-dummy 0.invalid.0 [904 B]
Get:2 http://127.0.0.1:12990/debian sid/main amd64 bsdmainutils amd64 11.1.2+b1 [191 kB]
Get:3 http://127.0.0.1:12990/debian sid/main amd64 libuchardet0 amd64 0.0.6-3 [64.9 kB]
Get:4 http://127.0.0.1:12990/debian sid/main amd64 groff-base amd64 1.22.4-4 [919 kB]
Get:5 http://127.0.0.1:12990/debian sid/main amd64 libpipeline1 amd64 1.5.2-2 [33.9 kB]
Get:6 http://127.0.0.1:12990/debian sid/main amd64 man-db amd64 2.9.0-2 [1307 kB]
Get:7 http://127.0.0.1:12990/debian sid/main amd64 libncurses6 amd64 6.1+20191019-1 [102 kB]
Get:8 http://127.0.0.1:12990/debian sid/main amd64 libprocps8 amd64 2:3.3.16-1+b1 [62.8 kB]
Get:9 http://127.0.0.1:12990/debian sid/main amd64 procps amd64 2:3.3.16-1+b1 [263 kB]
Get:10 http://127.0.0.1:12990/debian sid/main amd64 sensible-utils all 0.0.12+nmu1 [16.0 kB]
Get:11 http://127.0.0.1:12990/debian sid/main amd64 libmagic-mgc amd64 1:5.38-4 [262 kB]
Get:12 http://127.0.0.1:12990/debian sid/main amd64 libmagic1 amd64 1:5.38-4 [120 kB]
Get:13 http://127.0.0.1:12990/debian sid/main amd64 file amd64 1:5.38-4 [67.9 kB]
Get:14 http://127.0.0.1:12990/debian sid/main amd64 gettext-base amd64 0.19.8.1-10 [123 kB]
Get:15 http://127.0.0.1:12990/debian sid/main amd64 libsigsegv2 amd64 2.12-2 [32.8 kB]
Get:16 http://127.0.0.1:12990/debian sid/main amd64 m4 amd64 1.4.18-4 [203 kB]
Get:17 http://127.0.0.1:12990/debian sid/main amd64 autoconf all 2.69-11.1 [341 kB]
Get:18 http://127.0.0.1:12990/debian sid/main amd64 autotools-dev all 20180224.1 [77.0 kB]
Get:19 http://127.0.0.1:12990/debian sid/main amd64 automake all 1:1.16.1-4 [771 kB]
Get:20 http://127.0.0.1:12990/debian sid/main amd64 autopoint all 0.19.8.1-10 [435 kB]
Get:21 http://127.0.0.1:12990/debian sid/main amd64 cmake-data all 3.16.3-1 [1628 kB]
Get:22 http://127.0.0.1:12990/debian sid/main amd64 libicu63 amd64 63.2-2 [8301 kB]
Get:23 http://127.0.0.1:12990/debian sid/main amd64 libxml2 amd64 2.9.10+dfsg-3 [709 kB]
Get:24 http://127.0.0.1:12990/debian sid/main amd64 libarchive13 amd64 3.4.0-1+b1 [335 kB]
Get:25 http://127.0.0.1:12990/debian sid/main amd64 libbrotli1 amd64 1.0.7-6 [266 kB]
Get:26 http://127.0.0.1:12990/debian sid/main amd64 libkeyutils1 amd64 1.6.1-2 [15.4 kB]
Get:27 http://127.0.0.1:12990/debian sid/main amd64 libkrb5support0 amd64 1.17-6 [64.6 kB]
Get:28 http://127.0.0.1:12990/debian sid/main amd64 libk5crypto3 amd64 1.17-6 [116 kB]
Get:29 http://127.0.0.1:12990/debian sid/main amd64 libssl1.1 amd64 1.1.1d-2 [1540 kB]
Get:30 http://127.0.0.1:12990/debian sid/main amd64 libkrb5-3 amd64 1.17-6 [366 kB]
Get:31 http://127.0.0.1:12990/debian sid/main amd64 libgssapi-krb5-2 amd64 1.17-6 [156 kB]
Get:32 http://127.0.0.1:12990/debian sid/main amd64 libsasl2-modules-db amd64 2.1.27+dfsg-2 [69.0 kB]
Get:33 http://127.0.0.1:12990/debian sid/main amd64 libsasl2-2 amd64 2.1.27+dfsg-2 [106 kB]
Get:34 http://127.0.0.1:12990/debian sid/main amd64 libldap-common all 2.4.49+dfsg-1 [91.9 kB]
Get:35 http://127.0.0.1:12990/debian sid/main amd64 libldap-2.4-2 amd64 2.4.49+dfsg-1 [226 kB]
Get:36 http://127.0.0.1:12990/debian sid/main amd64 libnghttp2-14 amd64 1.40.0-1 [85.0 kB]
Get:37 http://127.0.0.1:12990/debian sid/main amd64 libpsl5 amd64 0.20.2-2 [53.7 kB]
Get:38 http://127.0.0.1:12990/debian sid/main amd64 librtmp1 amd64 2.4+20151223.gitfa8646d.1-2+b1 [60.8 kB]
Get:39 http://127.0.0.1:12990/debian sid/main amd64 libssh2-1 amd64 1.8.0-2.1 [140 kB]
Get:40 http://127.0.0.1:12990/debian sid/main amd64 libcurl4 amd64 7.68.0-1 [321 kB]
Get:41 http://127.0.0.1:12990/debian sid/main amd64 libexpat1 amd64 2.2.9-1 [94.3 kB]
Get:42 http://127.0.0.1:12990/debian sid/main amd64 libjsoncpp1 amd64 1.7.4-3.1 [77.6 kB]
Get:43 http://127.0.0.1:12990/debian sid/main amd64 librhash0 amd64 1.3.9-1 [123 kB]
Get:44 http://127.0.0.1:12990/debian sid/main amd64 libuv1 amd64 1.34.2-1 [127 kB]
Get:45 http://127.0.0.1:12990/debian sid/main amd64 cmake amd64 3.16.3-1 [3673 kB]
Get:46 http://127.0.0.1:12990/debian sid/main amd64 libtool all 2.4.6-13 [513 kB]
Get:47 http://127.0.0.1:12990/debian sid/main amd64 dh-autoreconf all 19 [16.9 kB]
Get:48 http://127.0.0.1:12990/debian sid/main amd64 libdebhelper-perl all 12.9 [183 kB]
Get:49 http://127.0.0.1:12990/debian sid/main amd64 libarchive-zip-perl all 1.67-1 [104 kB]
Get:50 http://127.0.0.1:12990/debian sid/main amd64 libsub-override-perl all 0.09-2 [10.2 kB]
Get:51 http://127.0.0.1:12990/debian sid/main amd64 libfile-stripnondeterminism-perl all 1.6.3-2 [23.7 kB]
Get:52 http://127.0.0.1:12990/debian sid/main amd64 dh-strip-nondeterminism all 1.6.3-2 [14.7 kB]
Get:53 http://127.0.0.1:12990/debian sid/main amd64 libelf1 amd64 0.176-1.1 [161 kB]
Get:54 http://127.0.0.1:12990/debian sid/main amd64 dwz amd64 0.13-5 [151 kB]
Get:55 http://127.0.0.1:12990/debian sid/main amd64 libglib2.0-0 amd64 2.62.4-2 [1319 kB]
Get:56 http://127.0.0.1:12990/debian sid/main amd64 libcroco3 amd64 0.6.13-1 [146 kB]
Get:57 http://127.0.0.1:12990/debian sid/main amd64 gettext amd64 0.19.8.1-10 [1303 kB]
Get:58 http://127.0.0.1:12990/debian sid/main amd64 intltool-debian all 0.35.0+20060710.5 [26.8 kB]
Get:59 http://127.0.0.1:12990/debian sid/main amd64 po-debconf all 1.0.21 [248 kB]
Get:60 http://127.0.0.1:12990/debian sid/main amd64 debhelper all 12.9 [994 kB]
Get:61 http://127.0.0.1:12990/debian sid/main amd64 libdwarf1 amd64 20200114-1 [259 kB]
Get:62 http://127.0.0.1:12990/debian sid/main amd64 libdwarf-dev amd64 20200114-1 [972 kB]
Get:63 http://127.0.0.1:12990/debian sid/main amd64 zlib1g-dev amd64 1:1.2.11.dfsg-2 [190 kB]
Get:64 http://127.0.0.1:12990/debian sid/main amd64 libelf-dev amd64 0.176-1.1 [72.1 kB]
Get:65 http://127.0.0.1:12990/debian sid/main amd64 libncurses-dev amd64 6.1+20191019-1 [337 kB]
Get:66 http://127.0.0.1:12990/debian sid/main amd64 libncursesw5-dev amd64 6.1+20191019-1 [944 B]
Get:67 http://127.0.0.1:12990/debian sid/main amd64 re2c amd64 1.3-1 [272 kB]
debconf: delaying package configuration, since apt-utils is not installed
Fetched 31.5 MB in 0s (81.2 MB/s)
Selecting previously unselected package bsdmainutils.
(Reading database ... 13887 files and directories currently installed.)
Preparing to unpack .../00-bsdmainutils_11.1.2+b1_amd64.deb ...
Unpacking bsdmainutils (11.1.2+b1) ...
Selecting previously unselected package libuchardet0:amd64.
Preparing to unpack .../01-libuchardet0_0.0.6-3_amd64.deb ...
Unpacking libuchardet0:amd64 (0.0.6-3) ...
Selecting previously unselected package groff-base.
Preparing to unpack .../02-groff-base_1.22.4-4_amd64.deb ...
Unpacking groff-base (1.22.4-4) ...
Selecting previously unselected package libpipeline1:amd64.
Preparing to unpack .../03-libpipeline1_1.5.2-2_amd64.deb ...
Unpacking libpipeline1:amd64 (1.5.2-2) ...
Selecting previously unselected package man-db.
Preparing to unpack .../04-man-db_2.9.0-2_amd64.deb ...
Unpacking man-db (2.9.0-2) ...
Selecting previously unselected package libncurses6:amd64.
Preparing to unpack .../05-libncurses6_6.1+20191019-1_amd64.deb ...
Unpacking libncurses6:amd64 (6.1+20191019-1) ...
Selecting previously unselected package libprocps8:amd64.
Preparing to unpack .../06-libprocps8_2%3a3.3.16-1+b1_amd64.deb ...
Unpacking libprocps8:amd64 (2:3.3.16-1+b1) ...
Selecting previously unselected package procps.
Preparing to unpack .../07-procps_2%3a3.3.16-1+b1_amd64.deb ...
Unpacking procps (2:3.3.16-1+b1) ...
Selecting previously unselected package sensible-utils.
Preparing to unpack .../08-sensible-utils_0.0.12+nmu1_all.deb ...
Unpacking sensible-utils (0.0.12+nmu1) ...
Selecting previously unselected package libmagic-mgc.
Preparing to unpack .../09-libmagic-mgc_1%3a5.38-4_amd64.deb ...
Unpacking libmagic-mgc (1:5.38-4) ...
Selecting previously unselected package libmagic1:amd64.
Preparing to unpack .../10-libmagic1_1%3a5.38-4_amd64.deb ...
Unpacking libmagic1:amd64 (1:5.38-4) ...
Selecting previously unselected package file.
Preparing to unpack .../11-file_1%3a5.38-4_amd64.deb ...
Unpacking file (1:5.38-4) ...
Selecting previously unselected package gettext-base.
Preparing to unpack .../12-gettext-base_0.19.8.1-10_amd64.deb ...
Unpacking gettext-base (0.19.8.1-10) ...
Selecting previously unselected package libsigsegv2:amd64.
Preparing to unpack .../13-libsigsegv2_2.12-2_amd64.deb ...
Unpacking libsigsegv2:amd64 (2.12-2) ...
Selecting previously unselected package m4.
Preparing to unpack .../14-m4_1.4.18-4_amd64.deb ...
Unpacking m4 (1.4.18-4) ...
Selecting previously unselected package autoconf.
Preparing to unpack .../15-autoconf_2.69-11.1_all.deb ...
Unpacking autoconf (2.69-11.1) ...
Selecting previously unselected package autotools-dev.
Preparing to unpack .../16-autotools-dev_20180224.1_all.deb ...
Unpacking autotools-dev (20180224.1) ...
Selecting previously unselected package automake.
Preparing to unpack .../17-automake_1%3a1.16.1-4_all.deb ...
Unpacking automake (1:1.16.1-4) ...
Selecting previously unselected package autopoint.
Preparing to unpack .../18-autopoint_0.19.8.1-10_all.deb ...
Unpacking autopoint (0.19.8.1-10) ...
Selecting previously unselected package cmake-data.
Preparing to unpack .../19-cmake-data_3.16.3-1_all.deb ...
Unpacking cmake-data (3.16.3-1) ...
Selecting previously unselected package libicu63:amd64.
Preparing to unpack .../20-libicu63_63.2-2_amd64.deb ...
Unpacking libicu63:amd64 (63.2-2) ...
Selecting previously unselected package libxml2:amd64.
Preparing to unpack .../21-libxml2_2.9.10+dfsg-3_amd64.deb ...
Unpacking libxml2:amd64 (2.9.10+dfsg-3) ...
Selecting previously unselected package libarchive13:amd64.
Preparing to unpack .../22-libarchive13_3.4.0-1+b1_amd64.deb ...
Unpacking libarchive13:amd64 (3.4.0-1+b1) ...
Selecting previously unselected package libbrotli1:amd64.
Preparing to unpack .../23-libbrotli1_1.0.7-6_amd64.deb ...
Unpacking libbrotli1:amd64 (1.0.7-6) ...
Selecting previously unselected package libkeyutils1:amd64.
Preparing to unpack .../24-libkeyutils1_1.6.1-2_amd64.deb ...
Unpacking libkeyutils1:amd64 (1.6.1-2) ...
Selecting previously unselected package libkrb5support0:amd64.
Preparing to unpack .../25-libkrb5support0_1.17-6_amd64.deb ...
Unpacking libkrb5support0:amd64 (1.17-6) ...
Selecting previously unselected package libk5crypto3:amd64.
Preparing to unpack .../26-libk5crypto3_1.17-6_amd64.deb ...
Unpacking libk5crypto3:amd64 (1.17-6) ...
Selecting previously unselected package libssl1.1:amd64.
Preparing to unpack .../27-libssl1.1_1.1.1d-2_amd64.deb ...
Unpacking libssl1.1:amd64 (1.1.1d-2) ...
Selecting previously unselected package libkrb5-3:amd64.
Preparing to unpack .../28-libkrb5-3_1.17-6_amd64.deb ...
Unpacking libkrb5-3:amd64 (1.17-6) ...
Selecting previously unselected package libgssapi-krb5-2:amd64.
Preparing to unpack .../29-libgssapi-krb5-2_1.17-6_amd64.deb ...
Unpacking libgssapi-krb5-2:amd64 (1.17-6) ...
Selecting previously unselected package libsasl2-modules-db:amd64.
Preparing to unpack .../30-libsasl2-modules-db_2.1.27+dfsg-2_amd64.deb ...
Unpacking libsasl2-modules-db:amd64 (2.1.27+dfsg-2) ...
Selecting previously unselected package libsasl2-2:amd64.
Preparing to unpack .../31-libsasl2-2_2.1.27+dfsg-2_amd64.deb ...
Unpacking libsasl2-2:amd64 (2.1.27+dfsg-2) ...
Selecting previously unselected package libldap-common.
Preparing to unpack .../32-libldap-common_2.4.49+dfsg-1_all.deb ...
Unpacking libldap-common (2.4.49+dfsg-1) ...
Selecting previously unselected package libldap-2.4-2:amd64.
Preparing to unpack .../33-libldap-2.4-2_2.4.49+dfsg-1_amd64.deb ...
Unpacking libldap-2.4-2:amd64 (2.4.49+dfsg-1) ...
Selecting previously unselected package libnghttp2-14:amd64.
Preparing to unpack .../34-libnghttp2-14_1.40.0-1_amd64.deb ...
Unpacking libnghttp2-14:amd64 (1.40.0-1) ...
Selecting previously unselected package libpsl5:amd64.
Preparing to unpack .../35-libpsl5_0.20.2-2_amd64.deb ...
Unpacking libpsl5:amd64 (0.20.2-2) ...
Selecting previously unselected package librtmp1:amd64.
Preparing to unpack .../36-librtmp1_2.4+20151223.gitfa8646d.1-2+b1_amd64.deb ...
Unpacking librtmp1:amd64 (2.4+20151223.gitfa8646d.1-2+b1) ...
Selecting previously unselected package libssh2-1:amd64.
Preparing to unpack .../37-libssh2-1_1.8.0-2.1_amd64.deb ...
Unpacking libssh2-1:amd64 (1.8.0-2.1) ...
Selecting previously unselected package libcurl4:amd64.
Preparing to unpack .../38-libcurl4_7.68.0-1_amd64.deb ...
Unpacking libcurl4:amd64 (7.68.0-1) ...
Selecting previously unselected package libexpat1:amd64.
Preparing to unpack .../39-libexpat1_2.2.9-1_amd64.deb ...
Unpacking libexpat1:amd64 (2.2.9-1) ...
Selecting previously unselected package libjsoncpp1:amd64.
Preparing to unpack .../40-libjsoncpp1_1.7.4-3.1_amd64.deb ...
Unpacking libjsoncpp1:amd64 (1.7.4-3.1) ...
Selecting previously unselected package librhash0:amd64.
Preparing to unpack .../41-librhash0_1.3.9-1_amd64.deb ...
Unpacking librhash0:amd64 (1.3.9-1) ...
Selecting previously unselected package libuv1:amd64.
Preparing to unpack .../42-libuv1_1.34.2-1_amd64.deb ...
Unpacking libuv1:amd64 (1.34.2-1) ...
Selecting previously unselected package cmake.
Preparing to unpack .../43-cmake_3.16.3-1_amd64.deb ...
Unpacking cmake (3.16.3-1) ...
Selecting previously unselected package libtool.
Preparing to unpack .../44-libtool_2.4.6-13_all.deb ...
Unpacking libtool (2.4.6-13) ...
Selecting previously unselected package dh-autoreconf.
Preparing to unpack .../45-dh-autoreconf_19_all.deb ...
Unpacking dh-autoreconf (19) ...
Selecting previously unselected package libdebhelper-perl.
Preparing to unpack .../46-libdebhelper-perl_12.9_all.deb ...
Unpacking libdebhelper-perl (12.9) ...
Selecting previously unselected package libarchive-zip-perl.
Preparing to unpack .../47-libarchive-zip-perl_1.67-1_all.deb ...
Unpacking libarchive-zip-perl (1.67-1) ...
Selecting previously unselected package libsub-override-perl.
Preparing to unpack .../48-libsub-override-perl_0.09-2_all.deb ...
Unpacking libsub-override-perl (0.09-2) ...
Selecting previously unselected package libfile-stripnondeterminism-perl.
Preparing to unpack .../49-libfile-stripnondeterminism-perl_1.6.3-2_all.deb ...
Unpacking libfile-stripnondeterminism-perl (1.6.3-2) ...
Selecting previously unselected package dh-strip-nondeterminism.
Preparing to unpack .../50-dh-strip-nondeterminism_1.6.3-2_all.deb ...
Unpacking dh-strip-nondeterminism (1.6.3-2) ...
Selecting previously unselected package libelf1:amd64.
Preparing to unpack .../51-libelf1_0.176-1.1_amd64.deb ...
Unpacking libelf1:amd64 (0.176-1.1) ...
Selecting previously unselected package dwz.
Preparing to unpack .../52-dwz_0.13-5_amd64.deb ...
Unpacking dwz (0.13-5) ...
Selecting previously unselected package libglib2.0-0:amd64.
Preparing to unpack .../53-libglib2.0-0_2.62.4-2_amd64.deb ...
Unpacking libglib2.0-0:amd64 (2.62.4-2) ...
Selecting previously unselected package libcroco3:amd64.
Preparing to unpack .../54-libcroco3_0.6.13-1_amd64.deb ...
Unpacking libcroco3:amd64 (0.6.13-1) ...
Selecting previously unselected package gettext.
Preparing to unpack .../55-gettext_0.19.8.1-10_amd64.deb ...
Unpacking gettext (0.19.8.1-10) ...
Selecting previously unselected package intltool-debian.
Preparing to unpack .../56-intltool-debian_0.35.0+20060710.5_all.deb ...
Unpacking intltool-debian (0.35.0+20060710.5) ...
Selecting previously unselected package po-debconf.
Preparing to unpack .../57-po-debconf_1.0.21_all.deb ...
Unpacking po-debconf (1.0.21) ...
Selecting previously unselected package debhelper.
Preparing to unpack .../58-debhelper_12.9_all.deb ...
Unpacking debhelper (12.9) ...
Selecting previously unselected package libdwarf1:amd64.
Preparing to unpack .../59-libdwarf1_20200114-1_amd64.deb ...
Unpacking libdwarf1:amd64 (20200114-1) ...
Selecting previously unselected package libdwarf-dev:amd64.
Preparing to unpack .../60-libdwarf-dev_20200114-1_amd64.deb ...
Unpacking libdwarf-dev:amd64 (20200114-1) ...
Selecting previously unselected package zlib1g-dev:amd64.
Preparing to unpack .../61-zlib1g-dev_1%3a1.2.11.dfsg-2_amd64.deb ...
Unpacking zlib1g-dev:amd64 (1:1.2.11.dfsg-2) ...
Selecting previously unselected package libelf-dev:amd64.
Preparing to unpack .../62-libelf-dev_0.176-1.1_amd64.deb ...
Unpacking libelf-dev:amd64 (0.176-1.1) ...
Selecting previously unselected package libncurses-dev:amd64.
Preparing to unpack .../63-libncurses-dev_6.1+20191019-1_amd64.deb ...
Unpacking libncurses-dev:amd64 (6.1+20191019-1) ...
Selecting previously unselected package libncursesw5-dev:amd64.
Preparing to unpack .../64-libncursesw5-dev_6.1+20191019-1_amd64.deb ...
Unpacking libncursesw5-dev:amd64 (6.1+20191019-1) ...
Selecting previously unselected package re2c.
Preparing to unpack .../65-re2c_1.3-1_amd64.deb ...
Unpacking re2c (1.3-1) ...
Selecting previously unselected package sbuild-build-depends-main-dummy.
Preparing to unpack .../66-sbuild-build-depends-main-dummy_0.invalid.0_amd64.deb ...
Unpacking sbuild-build-depends-main-dummy (0.invalid.0) ...
Setting up libexpat1:amd64 (2.2.9-1) ...
Setting up libpipeline1:amd64 (1.5.2-2) ...
Setting up libkeyutils1:amd64 (1.6.1-2) ...
Setting up libpsl5:amd64 (0.20.2-2) ...
Setting up libmagic-mgc (1:5.38-4) ...
Setting up libarchive-zip-perl (1.67-1) ...
Setting up libglib2.0-0:amd64 (2.62.4-2) ...
No schema files found: doing nothing.
Setting up libssl1.1:amd64 (1.1.1d-2) ...
Setting up libdebhelper-perl (12.9) ...
Setting up libbrotli1:amd64 (1.0.7-6) ...
Setting up libnghttp2-14:amd64 (1.40.0-1) ...
Setting up libmagic1:amd64 (1:5.38-4) ...
Setting up gettext-base (0.19.8.1-10) ...
Setting up file (1:5.38-4) ...
Setting up libldap-common (2.4.49+dfsg-1) ...
Setting up libicu63:amd64 (63.2-2) ...
Setting up libkrb5support0:amd64 (1.17-6) ...
Setting up libsasl2-modules-db:amd64 (2.1.27+dfsg-2) ...
Setting up autotools-dev (20180224.1) ...
Setting up libuv1:amd64 (1.34.2-1) ...
Setting up librtmp1:amd64 (2.4+20151223.gitfa8646d.1-2+b1) ...
Setting up libncurses6:amd64 (6.1+20191019-1) ...
Setting up libsigsegv2:amd64 (2.12-2) ...
Setting up bsdmainutils (11.1.2+b1) ...
update-alternatives: using /usr/bin/bsd-write to provide /usr/bin/write (write) in auto mode
update-alternatives: using /usr/bin/bsd-from to provide /usr/bin/from (from) in auto mode
Setting up autopoint (0.19.8.1-10) ...
Setting up libk5crypto3:amd64 (1.17-6) ...
Setting up libsasl2-2:amd64 (2.1.27+dfsg-2) ...
Setting up zlib1g-dev:amd64 (1:1.2.11.dfsg-2) ...
Setting up sensible-utils (0.0.12+nmu1) ...
Setting up librhash0:amd64 (1.3.9-1) ...
Setting up libuchardet0:amd64 (0.0.6-3) ...
Setting up libsub-override-perl (0.09-2) ...
Setting up libssh2-1:amd64 (1.8.0-2.1) ...
Setting up cmake-data (3.16.3-1) ...
Setting up libkrb5-3:amd64 (1.17-6) ...
Setting up re2c (1.3-1) ...
Setting up libelf1:amd64 (0.176-1.1) ...
Setting up libxml2:amd64 (2.9.10+dfsg-3) ...
Setting up libprocps8:amd64 (2:3.3.16-1+b1) ...
Setting up libjsoncpp1:amd64 (1.7.4-3.1) ...
Setting up libfile-stripnondeterminism-perl (1.6.3-2) ...
Setting up libncurses-dev:amd64 (6.1+20191019-1) ...
Setting up libncursesw5-dev:amd64 (6.1+20191019-1) ...
Setting up libtool (2.4.6-13) ...
Setting up libarchive13:amd64 (3.4.0-1+b1) ...
Setting up libldap-2.4-2:amd64 (2.4.49+dfsg-1) ...
Setting up m4 (1.4.18-4) ...
Setting up libdwarf1:amd64 (20200114-1) ...
Setting up libgssapi-krb5-2:amd64 (1.17-6) ...
Setting up libelf-dev:amd64 (0.176-1.1) ...
Setting up libcroco3:amd64 (0.6.13-1) ...
Setting up autoconf (2.69-11.1) ...
Setting up dh-strip-nondeterminism (1.6.3-2) ...
Setting up dwz (0.13-5) ...
Setting up groff-base (1.22.4-4) ...
Setting up procps (2:3.3.16-1+b1) ...
update-alternatives: using /usr/bin/w.procps to provide /usr/bin/w (w) in auto mode
Setting up libcurl4:amd64 (7.68.0-1) ...
Setting up automake (1:1.16.1-4) ...
update-alternatives: using /usr/bin/automake-1.16 to provide /usr/bin/automake (automake) in auto mode
Setting up libdwarf-dev:amd64 (20200114-1) ...
Setting up gettext (0.19.8.1-10) ...
Setting up man-db (2.9.0-2) ...
Not building database; man-db/auto-update is not 'true'.
Setting up intltool-debian (0.35.0+20060710.5) ...
Setting up cmake (3.16.3-1) ...
Setting up po-debconf (1.0.21) ...
Setting up dh-autoreconf (19) ...
Setting up debhelper (12.9) ...
Setting up sbuild-build-depends-main-dummy (0.invalid.0) ...
Processing triggers for libc-bin (2.29-10) ...

+------------------------------------------------------------------------------+
| Check architectures                                                          |
+------------------------------------------------------------------------------+

Arch check ok (amd64 included in any)

+------------------------------------------------------------------------------+
| Build environment                                                            |
+------------------------------------------------------------------------------+

Kernel: Linux 4.19.0-6-cloud-amd64 #1 SMP Debian 4.19.67-2+deb10u2 (2019-11-11) amd64 (x86_64)
Toolchain package versions: binutils_2.34-3 dpkg-dev_1.19.7 g++-9_9.2.1-29 gcc-9_9.2.1-29 libc6-dev_2.29-10 libstdc++-8-dev_8.3.0-29 libstdc++-9-dev_9.2.1-29 libstdc++6_10-20200222-1 linux-libc-dev_5.4.19-1
Package versions: adduser_3.118 apt_1.8.4 autoconf_2.69-11.1 automake_1:1.16.1-4 autopoint_0.19.8.1-10 autotools-dev_20180224.1 base-files_11 base-passwd_3.5.47 bash_5.0-5 binutils_2.34-3 binutils-common_2.34-3 binutils-x86-64-linux-gnu_2.34-3 bsdmainutils_11.1.2+b1 bsdutils_1:2.34-0.1 build-essential_12.8 bzip2_1.0.8-2 clang-8_1:8.0.1-7 cmake_3.16.3-1 cmake-data_3.16.3-1 coreutils_8.30-3+b1 cpp_4:9.2.1-3.1 cpp-9_9.2.1-29 dash_0.5.10.2-6 debconf_1.5.73 debhelper_12.9 debian-archive-keyring_2019.1 debianutils_4.9.1 dh-autoreconf_19 dh-strip-nondeterminism_1.6.3-2 diffutils_1:3.7-3 dpkg_1.19.7 dpkg-dev_1.19.7 dwz_0.13-5 e2fsprogs_1.45.5-2 fakeroot_1.24-1 fdisk_2.34-0.1 file_1:5.38-4 findutils_4.7.0-1 g++_4:9.2.1-3.1 g++-9_9.2.1-29 gcc_4:9.2.1-3.1 gcc-10-base_10-20200222-1 gcc-8-base_8.3.0-29 gcc-9_9.2.1-29 gcc-9-base_9.2.1-29 gettext_0.19.8.1-10 gettext-base_0.19.8.1-10 gpgv_2.2.19-1 grep_3.4-1 groff-base_1.22.4-4 gzip_1.9-3+b1 hostname_3.23 init-system-helpers_1.57 intltool-debian_0.35.0+20060710.5 lib32gcc-s1_10-20200222-1 lib32gcc1_1:10-20200222-1 lib32stdc++6_10-20200222-1 libacl1_2.2.53-5 libapt-pkg5.0_1.8.4 libarchive-zip-perl_1.67-1 libarchive13_3.4.0-1+b1 libasan5_9.2.1-29 libatomic1_10-20200222-1 libattr1_1:2.4.48-5 libaudit-common_1:2.8.5-2 libaudit1_1:2.8.5-2+b1 libbinutils_2.34-3 libblkid1_2.34-0.1 libbrotli1_1.0.7-6 libbsd0_0.10.0-1 libbz2-1.0_1.0.8-2 libc-bin_2.29-10 libc-dev-bin_2.29-10 libc6_2.29-10 libc6-dev_2.29-10 libc6-i386_2.29-10 libcap-ng0_0.7.9-2.1+b1 libcc1-0_10-20200222-1 libclang-common-8-dev_1:8.0.1-7 libclang1-8_1:8.0.1-7 libcom-err2_1.45.5-2 libcroco3_0.6.13-1 libcrypt-dev_1:4.4.10-10 libcrypt1_1:4.4.10-10 libctf-nobfd0_2.34-3 libctf0_2.34-3 libcurl4_7.68.0-1 libdb5.3_5.3.28+dfsg1-0.6 libdebconfclient0_0.251 libdebhelper-perl_12.9 libdpkg-perl_1.19.7 libdwarf-dev_20200114-1 libdwarf1_20200114-1 libedit2_3.1-20191231-1 libelf-dev_0.176-1.1 libelf1_0.176-1.1 libexpat1_2.2.9-1 libext2fs2_1.45.5-2 libfakeroot_1.24-1 libfdisk1_2.34-0.1 libffi7_3.3-3 libfile-stripnondeterminism-perl_1.6.3-2 libgc1c2_1:7.6.4-0.4 libgcc-8-dev_8.3.0-29 libgcc-9-dev_9.2.1-29 libgcc-s1_10-20200222-1 libgcc1_1:10-20200222-1 libgcrypt20_1.8.5-5 libgdbm-compat4_1.18.1-5 libgdbm6_1.18.1-5 libglib2.0-0_2.62.4-2 libgmp10_2:6.2.0+dfsg-4 libgnutls30_3.6.12-2 libgomp1_10-20200222-1 libgpg-error0_1.37-1 libgssapi-krb5-2_1.17-6 libhogweed5_3.5.1+really3.5.1-2 libicu63_63.2-2 libidn2-0_2.2.0-2 libisl22_0.22.1-1 libitm1_10-20200222-1 libjsoncpp1_1.7.4-3.1 libk5crypto3_1.17-6 libkeyutils1_1.6.1-2 libkrb5-3_1.17-6 libkrb5support0_1.17-6 libldap-2.4-2_2.4.49+dfsg-1 libldap-common_2.4.49+dfsg-1 libllvm8_1:8.0.1-7 liblsan0_10-20200222-1 liblz4-1_1.9.2-2 liblzma5_5.2.4-1+b1 libmagic-mgc_1:5.38-4 libmagic1_1:5.38-4 libmount1_2.34-0.1 libmpc3_1.1.0-1 libmpfr6_4.0.2-1 libmpx2_8.3.0-29 libncurses-dev_6.1+20191019-1 libncurses6_6.1+20191019-1 libncursesw5-dev_6.1+20191019-1 libncursesw6_6.1+20191019-1 libnettle7_3.5.1+really3.5.1-2 libnghttp2-14_1.40.0-1 libobjc-8-dev_8.3.0-29 libobjc-9-dev_9.2.1-29 libobjc4_10-20200222-1 libomp-8-dev_1:8.0.1-7 libomp5-8_1:8.0.1-7 libp11-kit0_0.23.20-1 libpam-modules_1.3.1-5 libpam-modules-bin_1.3.1-5 libpam-runtime_1.3.1-5 libpam0g_1.3.1-5 libpcre2-8-0_10.34-7 libpcre3_2:8.39-12+b1 libperl5.30_5.30.0-9 libpipeline1_1.5.2-2 libprocps8_2:3.3.16-1+b1 libpsl5_0.20.2-2 libquadmath0_10-20200222-1 librhash0_1.3.9-1 librtmp1_2.4+20151223.gitfa8646d.1-2+b1 libsasl2-2_2.1.27+dfsg-2 libsasl2-modules-db_2.1.27+dfsg-2 libseccomp2_2.4.2-2 libselinux1_3.0-1+b1 libsemanage-common_3.0-1 libsemanage1_3.0-1+b1 libsepol1_3.0-1 libsigsegv2_2.12-2 libsmartcols1_2.34-0.1 libss2_1.45.5-2 libssh2-1_1.8.0-2.1 libssl1.1_1.1.1d-2 libstdc++-8-dev_8.3.0-29 libstdc++-9-dev_9.2.1-29 libstdc++6_10-20200222-1 libsub-override-perl_0.09-2 libsystemd0_244.3-1 libtasn1-6_4.16.0-2 libtinfo6_6.1+20191019-1 libtool_2.4.6-13 libtsan0_10-20200222-1 libubsan1_10-20200222-1 libuchardet0_0.0.6-3 libudev1_244.3-1 libunistring2_0.9.10-2 libuuid1_2.34-0.1 libuv1_1.34.2-1 libxml2_2.9.10+dfsg-3 libzstd1_1.4.4+dfsg-3 linux-libc-dev_5.4.19-1 login_1:4.8.1-1 logsave_1.45.5-2 lsb-base_11.1.0 m4_1.4.18-4 make_4.2.1-1.2 man-db_2.9.0-2 mawk_1.3.4.20200120-2 mount_2.34-0.1 ncurses-base_6.1+20191019-1 ncurses-bin_6.1+20191019-1 passwd_1:4.8.1-1 patch_2.7.6-6 perl_5.30.0-9 perl-base_5.30.0-9 perl-modules-5.30_5.30.0-9 po-debconf_1.0.21 procps_2:3.3.16-1+b1 re2c_1.3-1 sbuild-build-depends-main-dummy_0.invalid.0 sed_4.7-1 sensible-utils_0.0.12+nmu1 sysvinit-utils_2.96-2.1 tar_1.30+dfsg-6+b1 tzdata_2019c-3 util-linux_2.34-0.1 xz-utils_5.2.4-1+b1 zlib1g_1:1.2.11.dfsg-2 zlib1g-dev_1:1.2.11.dfsg-2

+------------------------------------------------------------------------------+
| Build                                                                        |
+------------------------------------------------------------------------------+


Unpack source
-------------

-----BEGIN PGP SIGNED MESSAGE-----
Hash: SHA256

Format: 3.0 (quilt)
Source: hsail-tools
Binary: hsail-tools
Architecture: any
Version: 0~20180830-1
Maintainer: Debian GCC Maintainers <debian-gcc@lists.debian.org>
Uploaders: Matthias Klose <doko@debian.org>
Homepage: http://www.hsafoundation.com/hsa-developer-tools/
Standards-Version: 4.4.1
Build-Depends: debhelper (>= 9), cmake, libdwarf-dev, libelf-dev, libncursesw5-dev, re2c
Package-List:
 hsail-tools deb devel optional arch=any
Checksums-Sha1:
 40d6084a0ee1cdf2009b33c2913b5c3df8b1a905 4221704 hsail-tools_0~20180830.orig.tar.xz
 67be65efbf75ca16bcf51d80c2c87af60c978ff9 3508 hsail-tools_0~20180830-1.debian.tar.xz
Checksums-Sha256:
 7debfee388480c42c05c44c840f75c29c883f272a3db9329031bce800d1a3aa5 4221704 hsail-tools_0~20180830.orig.tar.xz
 a6c0c2e618813ed038dbda157890d4c91559aacba96ac1f69b698584089ce98f 3508 hsail-tools_0~20180830-1.debian.tar.xz
Files:
 1a94a42443873a52361d49814c9596bf 4221704 hsail-tools_0~20180830.orig.tar.xz
 8e05431fca6b80a8c71f277403b2fd17 3508 hsail-tools_0~20180830-1.debian.tar.xz

-----BEGIN PGP SIGNATURE-----

iQJEBAEBCAAuFiEE1WVxuIqLuvFAv2PWvX6qYHePpvUFAl4XiisQHGRva29AZGVi
aWFuLm9yZwAKCRC9fqpgd4+m9V58D/0SkkINbhVjHbgfh3x5yXlEFYstGzVgQPEq
MLVUhponn93fNeaOwPfM1hY4TyGVZUGjgtjSXTFO/CGNiJ1bbTG21WY1WPOyxyiL
sPU8I5YcupgzoifYN/gXzUpFS9t8wq/eJj3P1/NYquUAx+oDZJhruNn3TGe3ci8G
2Wnt5JyzXQ9VsK+x1HCx/bzCJKpNqnCQa5PNS/+nZsxXf63sibdLvZ58t+8hfj+T
GD0dEtDdnEaTVoNgvsEiNX+a0NGeA4an8nEB9xkIQgqAxVOk9DFMBxJxMSPLZOMw
ZZIqoWBivBxD9wRjZa5/voLiXszm4MijTF/Y4wtmuuR1C0Wg09Lhb8229V7tunnH
pF2eETGG++dCqtj0p1oxM3L2l8NruG5N5+kQOcR7G/AAhGGK7OD95xx0vTy7KizA
S8Xi8p3k6BaMjWx2cgXhKSElgwLevXYecBLHWXNzXw94+fO7HcYM7JI4ejYCqBcf
yHrGUG05NOy02t+m0key16z/Dlge7Dba5w5lLCVDbxiXUfrta21wKlZOHy1EDZ5B
WDYNtSLUvZ/6trdsVjnGfOT4ghb0nwTQbW+CCCVaD5FnVSePLoDM+QLR4nJd3Gn3
cMkKLatBkL1waJxiWYU7+GWodUKhqRJ11TgAMz3qw2ueMLDKbcCWJoFSW1MnbPFc
AxcwjYUGkw==
=w4PZ
-----END PGP SIGNATURE-----

gpgv: unknown type of key resource 'trustedkeys.kbx'
gpgv: keyblock resource '/sbuild-nonexistent/.gnupg/trustedkeys.kbx': General error
gpgv: Signature made Thu Jan  9 20:16:43 2020 UTC
gpgv:                using RSA key D56571B88A8BBAF140BF63D6BD7EAA60778FA6F5
gpgv:                issuer "doko@debian.org"
gpgv: Can't check signature: No public key
dpkg-source: warning: failed to verify signature on ./hsail-tools_0~20180830-1.dsc
dpkg-source: info: extracting hsail-tools in /<<PKGBUILDDIR>>
dpkg-source: info: unpacking hsail-tools_0~20180830.orig.tar.xz
dpkg-source: info: unpacking hsail-tools_0~20180830-1.debian.tar.xz
dpkg-source: info: using patch list from debian/patches/series
dpkg-source: info: applying no-werror.diff
dpkg-source: info: applying depend-tests.patch

Check disk space
----------------

Sufficient free space for build

User Environment
----------------

APT_CONFIG=/var/lib/sbuild/apt.conf
HOME=/sbuild-nonexistent
LANG=C.UTF-8
LC_ALL=C.UTF-8
LOGNAME=user42
PATH=/usr/local/sbin:/usr/local/bin:/usr/sbin:/usr/bin:/sbin:/bin:/usr/games
SCHROOT_ALIAS_NAME=unstable
SCHROOT_CHROOT_NAME=sid-amd64-sbuild
SCHROOT_COMMAND=env
SCHROOT_GID=1001
SCHROOT_GROUP=user42
SCHROOT_SESSION_ID=sid-amd64-sbuild-b6eb32ef-1794-4ac3-b65b-52e227e9ea2a
SCHROOT_UID=1001
SCHROOT_USER=user42
SHELL=/bin/sh
USER=user42

dpkg-buildpackage
-----------------

Command: dpkg-buildpackage -us -uc -b -rfakeroot
dpkg-buildpackage: info: source package hsail-tools
dpkg-buildpackage: info: source version 0~20180830-1
dpkg-buildpackage: info: source distribution unstable
dpkg-buildpackage: info: source changed by Matthias Klose <doko@debian.org>
 dpkg-source --before-build .
dpkg-buildpackage: info: host architecture amd64
 fakeroot debian/rules clean
dh clean --parallel
   dh_auto_clean -O--parallel
   dh_clean -O--parallel
 debian/rules build
dh build --parallel
   dh_update_autotools_config -O--parallel
   debian/rules override_dh_auto_configure
make[1]: Entering directory '/<<PKGBUILDDIR>>'
dh_auto_configure
	cd obj-x86_64-linux-gnu && cmake -DCMAKE_INSTALL_PREFIX=/usr -DCMAKE_BUILD_TYPE=None -DCMAKE_INSTALL_SYSCONFDIR=/etc -DCMAKE_INSTALL_LOCALSTATEDIR=/var -DCMAKE_EXPORT_NO_PACKAGE_REGISTRY=ON -DCMAKE_FIND_PACKAGE_NO_PACKAGE_REGISTRY=ON "-GUnix Makefiles" -DCMAKE_VERBOSE_MAKEFILE=ON -DCMAKE_INSTALL_LIBDIR=lib/x86_64-linux-gnu ..
-- The C compiler identification is Clang 8.0.1
-- The CXX compiler identification is Clang 8.0.1
-- Check for working C compiler: /usr/bin/cc
-- Check for working C compiler: /usr/bin/cc -- works
-- Detecting C compiler ABI info
-- Detecting C compiler ABI info - done
-- Detecting C compile features
-- Detecting C compile features - done
-- Check for working CXX compiler: /usr/bin/c++
-- Check for working CXX compiler: /usr/bin/c++ -- works
-- Detecting CXX compiler ABI info
-- Detecting CXX compiler ABI info - done
-- Detecting CXX compile features
-- Detecting CXX compile features - done
-- Found RE2C: /usr/bin/re2c  
-- Vendor extensions: ON
-- AMD extensions: ON
-- Building HSAILAsm: ON
-- Found Perl: /usr/bin/perl (found version "5.30.0") 
-- Found LibElf: /usr/lib/x86_64-linux-gnu/libelf.so  
-- Performing Test ELF_GETSHDRSTRNDX
-- Performing Test ELF_GETSHDRSTRNDX - Success
-- Found LibDwarf: /usr/lib/x86_64-linux-gnu/libdwarf.so  
-- Looking for dwarf_producer_init
-- Looking for dwarf_producer_init - found
-- Performing Test DW_CONST
-- Performing Test DW_CONST - Success
-- Looking for dwarf_producer_init_c
-- Looking for dwarf_producer_init_c - not found
-- libdwarf uses const char* type
-- libdwarf does not have dwarf_producer_init_c, using dwarf_producer_init
-- Building with BRIG DWARF support: ON
-- Configuring done
-- Generating done
CMake Warning:
  Manually-specified variables were not used by the project:

    CMAKE_EXPORT_NO_PACKAGE_REGISTRY
    CMAKE_INSTALL_LIBDIR
    CMAKE_INSTALL_LOCALSTATEDIR
    CMAKE_INSTALL_SYSCONFDIR


-- Build files have been written to: /<<PKGBUILDDIR>>/obj-x86_64-linux-gnu
make[1]: Leaving directory '/<<PKGBUILDDIR>>'
   dh_auto_build -O--parallel
	cd obj-x86_64-linux-gnu && make -j4
make[1]: Entering directory '/<<PKGBUILDDIR>>/obj-x86_64-linux-gnu'
/usr/bin/cmake -S"/<<PKGBUILDDIR>>" -B"/<<PKGBUILDDIR>>/obj-x86_64-linux-gnu" --check-build-system CMakeFiles/Makefile.cmake 0
/usr/bin/cmake -E cmake_progress_start "/<<PKGBUILDDIR>>/obj-x86_64-linux-gnu/CMakeFiles" "/<<PKGBUILDDIR>>/obj-x86_64-linux-gnu/CMakeFiles/progress.marks"
make -f CMakeFiles/Makefile2 all
make[2]: Entering directory '/<<PKGBUILDDIR>>/obj-x86_64-linux-gnu'
make -f libHSAIL/CMakeFiles/libhsail-includes.dir/build.make libHSAIL/CMakeFiles/libhsail-includes.dir/depend
make[3]: Entering directory '/<<PKGBUILDDIR>>/obj-x86_64-linux-gnu'
cd "/<<PKGBUILDDIR>>/obj-x86_64-linux-gnu" && /usr/bin/cmake -E cmake_depends "Unix Makefiles" "/<<PKGBUILDDIR>>" "/<<PKGBUILDDIR>>/libHSAIL" "/<<PKGBUILDDIR>>/obj-x86_64-linux-gnu" "/<<PKGBUILDDIR>>/obj-x86_64-linux-gnu/libHSAIL" "/<<PKGBUILDDIR>>/obj-x86_64-linux-gnu/libHSAIL/CMakeFiles/libhsail-includes.dir/DependInfo.cmake" --color=
Scanning dependencies of target libhsail-includes
make[3]: Leaving directory '/<<PKGBUILDDIR>>/obj-x86_64-linux-gnu'
make -f libHSAIL/CMakeFiles/libhsail-includes.dir/build.make libHSAIL/CMakeFiles/libhsail-includes.dir/build
make[3]: Entering directory '/<<PKGBUILDDIR>>/obj-x86_64-linux-gnu'
[  3%] Generating libHSAIL sources
cd "/<<PKGBUILDDIR>>/obj-x86_64-linux-gnu/libHSAIL" && /usr/bin/perl /<<PKGBUILDDIR>>/libHSAIL/generate.pl -re2c /usr/bin/re2c /<<PKGBUILDDIR>>/libHSAIL /<<PKGBUILDDIR>>/obj-x86_64-linux-gnu/libHSAIL/generated
/usr/bin/perl -I "/etc/perl" /<<PKGBUILDDIR>>/libHSAIL/HDLProcessor.pl -target=validator /<<PKGBUILDDIR>>/libHSAIL/HSAILDefs.hdl /<<PKGBUILDDIR>>/libHSAIL/HSAILCore.hdl  >/<<PKGBUILDDIR>>/obj-x86_64-linux-gnu/libHSAIL/generated/HSAILInstValidation_core_gen.hpp.tmp
/usr/bin/perl -I "/etc/perl" /<<PKGBUILDDIR>>/libHSAIL/HDLProcessor.pl -target=validator /<<PKGBUILDDIR>>/libHSAIL/HSAILDefs.hdl /<<PKGBUILDDIR>>/libHSAIL/HSAILImage.hdl  >/<<PKGBUILDDIR>>/obj-x86_64-linux-gnu/libHSAIL/generated/HSAILInstValidation_image_gen.hpp.tmp
/usr/bin/re2c -i --no-generation-date /<<PKGBUILDDIR>>/obj-x86_64-linux-gnu/libHSAIL/generated/HSAILScannerRules_gen.re2c.tmp >/<<PKGBUILDDIR>>/obj-x86_64-linux-gnu/libHSAIL/generated/HSAILScannerRules_gen_re2c.hpp.tmp
updating /<<PKGBUILDDIR>>/obj-x86_64-linux-gnu/libHSAIL/generated/HSAILBrigPropsVisitor_gen.hpp
updating /<<PKGBUILDDIR>>/obj-x86_64-linux-gnu/libHSAIL/generated/HSAILInstValidation_image_gen.hpp
updating /<<PKGBUILDDIR>>/obj-x86_64-linux-gnu/libHSAIL/generated/HSAILBrigProps_gen.hpp
updating /<<PKGBUILDDIR>>/obj-x86_64-linux-gnu/libHSAIL/generated/HSAILBrigPropsFastAcc_gen.hpp
updating /<<PKGBUILDDIR>>/obj-x86_64-linux-gnu/libHSAIL/generated/HSAILScannerRules_gen.re2c
updating /<<PKGBUILDDIR>>/obj-x86_64-linux-gnu/libHSAIL/generated/HSAILBrigPropsName_gen.hpp
updating /<<PKGBUILDDIR>>/obj-x86_64-linux-gnu/libHSAIL/generated/HSAILBrigInstUtils_gen.hpp
updating /<<PKGBUILDDIR>>/obj-x86_64-linux-gnu/libHSAIL/generated/HSAILItems_gen.hpp
updating /<<PKGBUILDDIR>>/obj-x86_64-linux-gnu/libHSAIL/generated/HSAILInitBrig_gen.hpp
updating /<<PKGBUILDDIR>>/obj-x86_64-linux-gnu/libHSAIL/generated/HSAILItemImpls_gen.hpp
updating /<<PKGBUILDDIR>>/obj-x86_64-linux-gnu/libHSAIL/generated/HSAILBrigValidation_gen.hpp
updating /<<PKGBUILDDIR>>/obj-x86_64-linux-gnu/libHSAIL/generated/HSAILEnums.td
updating /<<PKGBUILDDIR>>/obj-x86_64-linux-gnu/libHSAIL/generated/HSAILBrigEnum2str_gen.hpp
updating /<<PKGBUILDDIR>>/obj-x86_64-linux-gnu/libHSAIL/generated/HSAILPropAccessors_gen.hpp
updating /<<PKGBUILDDIR>>/obj-x86_64-linux-gnu/libHSAIL/generated/HSAILBrigPropsAcc_gen.hpp
updating /<<PKGBUILDDIR>>/obj-x86_64-linux-gnu/libHSAIL/generated/HSAILScannerRules_gen_re2c.hpp
updating /<<PKGBUILDDIR>>/obj-x86_64-linux-gnu/libHSAIL/generated/HSAILVisitItems_gen.hpp
updating /<<PKGBUILDDIR>>/obj-x86_64-linux-gnu/libHSAIL/generated/HSAILBrigStaticChecks_gen.hpp
updating /<<PKGBUILDDIR>>/obj-x86_64-linux-gnu/libHSAIL/generated/HSAILTemplateUtilities_gen.hpp
updating /<<PKGBUILDDIR>>/obj-x86_64-linux-gnu/libHSAIL/generated/HSAILInstValidation_core_gen.hpp
updating /<<PKGBUILDDIR>>/obj-x86_64-linux-gnu/libHSAIL/generated/HSAILParserUtilities_gen.hpp
updating /<<PKGBUILDDIR>>/obj-x86_64-linux-gnu/libHSAIL/generated/HSAILBrigUtilities_gen.hpp
make[3]: Leaving directory '/<<PKGBUILDDIR>>/obj-x86_64-linux-gnu'
[  3%] Built target libhsail-includes
make -f libHSAIL/CMakeFiles/hsail.dir/build.make libHSAIL/CMakeFiles/hsail.dir/depend
make[3]: Entering directory '/<<PKGBUILDDIR>>/obj-x86_64-linux-gnu'
cd "/<<PKGBUILDDIR>>/obj-x86_64-linux-gnu" && /usr/bin/cmake -E cmake_depends "Unix Makefiles" "/<<PKGBUILDDIR>>" "/<<PKGBUILDDIR>>/libHSAIL" "/<<PKGBUILDDIR>>/obj-x86_64-linux-gnu" "/<<PKGBUILDDIR>>/obj-x86_64-linux-gnu/libHSAIL" "/<<PKGBUILDDIR>>/obj-x86_64-linux-gnu/libHSAIL/CMakeFiles/hsail.dir/DependInfo.cmake" --color=
Scanning dependencies of target hsail
make[3]: Leaving directory '/<<PKGBUILDDIR>>/obj-x86_64-linux-gnu'
make -f libHSAIL/CMakeFiles/hsail.dir/build.make libHSAIL/CMakeFiles/hsail.dir/build
make[3]: Entering directory '/<<PKGBUILDDIR>>/obj-x86_64-linux-gnu'
[ 16%] Building CXX object libHSAIL/CMakeFiles/hsail.dir/HSAILBrigantine.cpp.o
[ 10%] Building CXX object libHSAIL/CMakeFiles/hsail.dir/HSAILBrigContainer.cpp.o
[ 16%] Building CXX object libHSAIL/CMakeFiles/hsail.dir/HSAILBrigObjectFile.cpp.o
[ 16%] Building CXX object libHSAIL/CMakeFiles/hsail.dir/HSAILDisassembler.cpp.o
cd "/<<PKGBUILDDIR>>/obj-x86_64-linux-gnu/libHSAIL" && /usr/bin/c++  -DWITH_LIBBRIGDWARF=1 -D__STDC_CONSTANT_MACROS -D__STDC_FORMAT_MACROS -D__STDC_LIMIT_MACROS -I"/<<PKGBUILDDIR>>/libHSAIL" -I"/<<PKGBUILDDIR>>/obj-x86_64-linux-gnu/libHSAIL/generated" -isystem /usr/include/libdwarf  -g -O2 -fdebug-prefix-map=/<<PKGBUILDDIR>>=. -fstack-protector-strong -Wformat -Werror=format-security -Wdate-time -D_FORTIFY_SOURCE=2   -fpic -Wall -std=c++11 -pthread -fno-rtti -fvisibility-inlines-hidden -o CMakeFiles/hsail.dir/HSAILBrigContainer.cpp.o -c "/<<PKGBUILDDIR>>/libHSAIL/HSAILBrigContainer.cpp"
cd "/<<PKGBUILDDIR>>/obj-x86_64-linux-gnu/libHSAIL" && /usr/bin/c++  -DWITH_LIBBRIGDWARF=1 -D__STDC_CONSTANT_MACROS -D__STDC_FORMAT_MACROS -D__STDC_LIMIT_MACROS -I"/<<PKGBUILDDIR>>/libHSAIL" -I"/<<PKGBUILDDIR>>/obj-x86_64-linux-gnu/libHSAIL/generated" -isystem /usr/include/libdwarf  -g -O2 -fdebug-prefix-map=/<<PKGBUILDDIR>>=. -fstack-protector-strong -Wformat -Werror=format-security -Wdate-time -D_FORTIFY_SOURCE=2   -fpic -Wall -std=c++11 -pthread -fno-rtti -fvisibility-inlines-hidden -o CMakeFiles/hsail.dir/HSAILBrigObjectFile.cpp.o -c "/<<PKGBUILDDIR>>/libHSAIL/HSAILBrigObjectFile.cpp"
cd "/<<PKGBUILDDIR>>/obj-x86_64-linux-gnu/libHSAIL" && /usr/bin/c++  -DWITH_LIBBRIGDWARF=1 -D__STDC_CONSTANT_MACROS -D__STDC_FORMAT_MACROS -D__STDC_LIMIT_MACROS -I"/<<PKGBUILDDIR>>/libHSAIL" -I"/<<PKGBUILDDIR>>/obj-x86_64-linux-gnu/libHSAIL/generated" -isystem /usr/include/libdwarf  -g -O2 -fdebug-prefix-map=/<<PKGBUILDDIR>>=. -fstack-protector-strong -Wformat -Werror=format-security -Wdate-time -D_FORTIFY_SOURCE=2   -fpic -Wall -std=c++11 -pthread -fno-rtti -fvisibility-inlines-hidden -o CMakeFiles/hsail.dir/HSAILBrigantine.cpp.o -c "/<<PKGBUILDDIR>>/libHSAIL/HSAILBrigantine.cpp"
cd "/<<PKGBUILDDIR>>/obj-x86_64-linux-gnu/libHSAIL" && /usr/bin/c++  -DWITH_LIBBRIGDWARF=1 -D__STDC_CONSTANT_MACROS -D__STDC_FORMAT_MACROS -D__STDC_LIMIT_MACROS -I"/<<PKGBUILDDIR>>/libHSAIL" -I"/<<PKGBUILDDIR>>/obj-x86_64-linux-gnu/libHSAIL/generated" -isystem /usr/include/libdwarf  -g -O2 -fdebug-prefix-map=/<<PKGBUILDDIR>>=. -fstack-protector-strong -Wformat -Werror=format-security -Wdate-time -D_FORTIFY_SOURCE=2   -fpic -Wall -std=c++11 -pthread -fno-rtti -fvisibility-inlines-hidden -o CMakeFiles/hsail.dir/HSAILDisassembler.cpp.o -c "/<<PKGBUILDDIR>>/libHSAIL/HSAILDisassembler.cpp"
/<<PKGBUILDDIR>>/libHSAIL/HSAILBrigObjectFile.cpp:227:11: warning: unused variable 'NUM_PREDEFINED_ELF_SECTIONS' [-Wunused-const-variable]
const int NUM_PREDEFINED_ELF_SECTIONS = sizeof(sectionDescs)/sizeof(const SectionDesc*);
          ^
1 warning generated.
[ 20%] Building CXX object libHSAIL/CMakeFiles/hsail.dir/HSAILDump.cpp.o
cd "/<<PKGBUILDDIR>>/obj-x86_64-linux-gnu/libHSAIL" && /usr/bin/c++  -DWITH_LIBBRIGDWARF=1 -D__STDC_CONSTANT_MACROS -D__STDC_FORMAT_MACROS -D__STDC_LIMIT_MACROS -I"/<<PKGBUILDDIR>>/libHSAIL" -I"/<<PKGBUILDDIR>>/obj-x86_64-linux-gnu/libHSAIL/generated" -isystem /usr/include/libdwarf  -g -O2 -fdebug-prefix-map=/<<PKGBUILDDIR>>=. -fstack-protector-strong -Wformat -Werror=format-security -Wdate-time -D_FORTIFY_SOURCE=2   -fpic -Wall -std=c++11 -pthread -fno-rtti -fvisibility-inlines-hidden -o CMakeFiles/hsail.dir/HSAILDump.cpp.o -c "/<<PKGBUILDDIR>>/libHSAIL/HSAILDump.cpp"
[ 23%] Building CXX object libHSAIL/CMakeFiles/hsail.dir/HSAILFloats.cpp.o
cd "/<<PKGBUILDDIR>>/obj-x86_64-linux-gnu/libHSAIL" && /usr/bin/c++  -DWITH_LIBBRIGDWARF=1 -D__STDC_CONSTANT_MACROS -D__STDC_FORMAT_MACROS -D__STDC_LIMIT_MACROS -I"/<<PKGBUILDDIR>>/libHSAIL" -I"/<<PKGBUILDDIR>>/obj-x86_64-linux-gnu/libHSAIL/generated" -isystem /usr/include/libdwarf  -g -O2 -fdebug-prefix-map=/<<PKGBUILDDIR>>=. -fstack-protector-strong -Wformat -Werror=format-security -Wdate-time -D_FORTIFY_SOURCE=2   -fpic -Wall -std=c++11 -pthread -fno-rtti -fvisibility-inlines-hidden -o CMakeFiles/hsail.dir/HSAILFloats.cpp.o -c "/<<PKGBUILDDIR>>/libHSAIL/HSAILFloats.cpp"
[ 26%] Building CXX object libHSAIL/CMakeFiles/hsail.dir/HSAILItems.cpp.o
cd "/<<PKGBUILDDIR>>/obj-x86_64-linux-gnu/libHSAIL" && /usr/bin/c++  -DWITH_LIBBRIGDWARF=1 -D__STDC_CONSTANT_MACROS -D__STDC_FORMAT_MACROS -D__STDC_LIMIT_MACROS -I"/<<PKGBUILDDIR>>/libHSAIL" -I"/<<PKGBUILDDIR>>/obj-x86_64-linux-gnu/libHSAIL/generated" -isystem /usr/include/libdwarf  -g -O2 -fdebug-prefix-map=/<<PKGBUILDDIR>>=. -fstack-protector-strong -Wformat -Werror=format-security -Wdate-time -D_FORTIFY_SOURCE=2   -fpic -Wall -std=c++11 -pthread -fno-rtti -fvisibility-inlines-hidden -o CMakeFiles/hsail.dir/HSAILItems.cpp.o -c "/<<PKGBUILDDIR>>/libHSAIL/HSAILItems.cpp"
[ 30%] Building CXX object libHSAIL/CMakeFiles/hsail.dir/HSAILParser.cpp.o
cd "/<<PKGBUILDDIR>>/obj-x86_64-linux-gnu/libHSAIL" && /usr/bin/c++  -DWITH_LIBBRIGDWARF=1 -D__STDC_CONSTANT_MACROS -D__STDC_FORMAT_MACROS -D__STDC_LIMIT_MACROS -I"/<<PKGBUILDDIR>>/libHSAIL" -I"/<<PKGBUILDDIR>>/obj-x86_64-linux-gnu/libHSAIL/generated" -isystem /usr/include/libdwarf  -g -O2 -fdebug-prefix-map=/<<PKGBUILDDIR>>=. -fstack-protector-strong -Wformat -Werror=format-security -Wdate-time -D_FORTIFY_SOURCE=2   -fpic -Wall -std=c++11 -pthread -fno-rtti -fvisibility-inlines-hidden -o CMakeFiles/hsail.dir/HSAILParser.cpp.o -c "/<<PKGBUILDDIR>>/libHSAIL/HSAILParser.cpp"
[ 33%] Building CXX object libHSAIL/CMakeFiles/hsail.dir/HSAILScanner.cpp.o
cd "/<<PKGBUILDDIR>>/obj-x86_64-linux-gnu/libHSAIL" && /usr/bin/c++  -DWITH_LIBBRIGDWARF=1 -D__STDC_CONSTANT_MACROS -D__STDC_FORMAT_MACROS -D__STDC_LIMIT_MACROS -I"/<<PKGBUILDDIR>>/libHSAIL" -I"/<<PKGBUILDDIR>>/obj-x86_64-linux-gnu/libHSAIL/generated" -isystem /usr/include/libdwarf  -g -O2 -fdebug-prefix-map=/<<PKGBUILDDIR>>=. -fstack-protector-strong -Wformat -Werror=format-security -Wdate-time -D_FORTIFY_SOURCE=2   -fpic -Wall -std=c++11 -pthread -fno-rtti -fvisibility-inlines-hidden -o CMakeFiles/hsail.dir/HSAILScanner.cpp.o -c "/<<PKGBUILDDIR>>/libHSAIL/HSAILScanner.cpp"
[ 36%] Building CXX object libHSAIL/CMakeFiles/hsail.dir/HSAILScannerRules.cpp.o
cd "/<<PKGBUILDDIR>>/obj-x86_64-linux-gnu/libHSAIL" && /usr/bin/c++  -DWITH_LIBBRIGDWARF=1 -D__STDC_CONSTANT_MACROS -D__STDC_FORMAT_MACROS -D__STDC_LIMIT_MACROS -I"/<<PKGBUILDDIR>>/libHSAIL" -I"/<<PKGBUILDDIR>>/obj-x86_64-linux-gnu/libHSAIL/generated" -isystem /usr/include/libdwarf  -g -O2 -fdebug-prefix-map=/<<PKGBUILDDIR>>=. -fstack-protector-strong -Wformat -Werror=format-security -Wdate-time -D_FORTIFY_SOURCE=2   -fpic -Wall -std=c++11 -pthread -fno-rtti -fvisibility-inlines-hidden -o CMakeFiles/hsail.dir/HSAILScannerRules.cpp.o -c "/<<PKGBUILDDIR>>/libHSAIL/HSAILScannerRules.cpp"
In file included from /<<PKGBUILDDIR>>/libHSAIL/HSAILScannerRules.cpp:46:
/<<PKGBUILDDIR>>/obj-x86_64-linux-gnu/libHSAIL/generated/HSAILScannerRules_gen_re2c.hpp:271:17: warning: unused variable 'ctxMarker' [-Wunused-variable]
    const char *ctxMarker = NULL;
                ^
/<<PKGBUILDDIR>>/obj-x86_64-linux-gnu/libHSAIL/generated/HSAILScannerRules_gen_re2c.hpp:14065:17: warning: unused variable 'ctxMarker' [-Wunused-variable]
    const char *ctxMarker = NULL;
                ^
[ 40%] Building CXX object libHSAIL/CMakeFiles/hsail.dir/HSAILTool.cpp.o
cd "/<<PKGBUILDDIR>>/obj-x86_64-linux-gnu/libHSAIL" && /usr/bin/c++  -DWITH_LIBBRIGDWARF=1 -D__STDC_CONSTANT_MACROS -D__STDC_FORMAT_MACROS -D__STDC_LIMIT_MACROS -I"/<<PKGBUILDDIR>>/libHSAIL" -I"/<<PKGBUILDDIR>>/obj-x86_64-linux-gnu/libHSAIL/generated" -isystem /usr/include/libdwarf  -g -O2 -fdebug-prefix-map=/<<PKGBUILDDIR>>=. -fstack-protector-strong -Wformat -Werror=format-security -Wdate-time -D_FORTIFY_SOURCE=2   -fpic -Wall -std=c++11 -pthread -fno-rtti -fvisibility-inlines-hidden -o CMakeFiles/hsail.dir/HSAILTool.cpp.o -c "/<<PKGBUILDDIR>>/libHSAIL/HSAILTool.cpp"
/<<PKGBUILDDIR>>/libHSAIL/HSAILTool.cpp:301:26: warning: expansion of date or time macro is not reproducible [-Wdate-time]
    out << "  Built " << __DATE__ << " (" << __TIME__ << ")." << std::endl;
                         ^
/<<PKGBUILDDIR>>/libHSAIL/HSAILTool.cpp:301:46: warning: expansion of date or time macro is not reproducible [-Wdate-time]
    out << "  Built " << __DATE__ << " (" << __TIME__ << ")." << std::endl;
                                             ^
2 warnings generated.
[ 43%] Building CXX object libHSAIL/CMakeFiles/hsail.dir/HSAILUtilities.cpp.o
cd "/<<PKGBUILDDIR>>/obj-x86_64-linux-gnu/libHSAIL" && /usr/bin/c++  -DWITH_LIBBRIGDWARF=1 -D__STDC_CONSTANT_MACROS -D__STDC_FORMAT_MACROS -D__STDC_LIMIT_MACROS -I"/<<PKGBUILDDIR>>/libHSAIL" -I"/<<PKGBUILDDIR>>/obj-x86_64-linux-gnu/libHSAIL/generated" -isystem /usr/include/libdwarf  -g -O2 -fdebug-prefix-map=/<<PKGBUILDDIR>>=. -fstack-protector-strong -Wformat -Werror=format-security -Wdate-time -D_FORTIFY_SOURCE=2   -fpic -Wall -std=c++11 -pthread -fno-rtti -fvisibility-inlines-hidden -o CMakeFiles/hsail.dir/HSAILUtilities.cpp.o -c "/<<PKGBUILDDIR>>/libHSAIL/HSAILUtilities.cpp"
2 warnings generated.
[ 46%] Building CXX object libHSAIL/CMakeFiles/hsail.dir/HSAILValidator.cpp.o
cd "/<<PKGBUILDDIR>>/obj-x86_64-linux-gnu/libHSAIL" && /usr/bin/c++  -DWITH_LIBBRIGDWARF=1 -D__STDC_CONSTANT_MACROS -D__STDC_FORMAT_MACROS -D__STDC_LIMIT_MACROS -I"/<<PKGBUILDDIR>>/libHSAIL" -I"/<<PKGBUILDDIR>>/obj-x86_64-linux-gnu/libHSAIL/generated" -isystem /usr/include/libdwarf  -g -O2 -fdebug-prefix-map=/<<PKGBUILDDIR>>=. -fstack-protector-strong -Wformat -Werror=format-security -Wdate-time -D_FORTIFY_SOURCE=2   -fpic -Wall -std=c++11 -pthread -fno-rtti -fvisibility-inlines-hidden -o CMakeFiles/hsail.dir/HSAILValidator.cpp.o -c "/<<PKGBUILDDIR>>/libHSAIL/HSAILValidator.cpp"
[ 50%] Building CXX object libHSAIL/CMakeFiles/hsail.dir/HSAILValidatorBase.cpp.o
cd "/<<PKGBUILDDIR>>/obj-x86_64-linux-gnu/libHSAIL" && /usr/bin/c++  -DWITH_LIBBRIGDWARF=1 -D__STDC_CONSTANT_MACROS -D__STDC_FORMAT_MACROS -D__STDC_LIMIT_MACROS -I"/<<PKGBUILDDIR>>/libHSAIL" -I"/<<PKGBUILDDIR>>/obj-x86_64-linux-gnu/libHSAIL/generated" -isystem /usr/include/libdwarf  -g -O2 -fdebug-prefix-map=/<<PKGBUILDDIR>>=. -fstack-protector-strong -Wformat -Werror=format-security -Wdate-time -D_FORTIFY_SOURCE=2   -fpic -Wall -std=c++11 -pthread -fno-rtti -fvisibility-inlines-hidden -o CMakeFiles/hsail.dir/HSAILValidatorBase.cpp.o -c "/<<PKGBUILDDIR>>/libHSAIL/HSAILValidatorBase.cpp"
[ 53%] Building CXX object libHSAIL/CMakeFiles/hsail.dir/hsail_c.cpp.o
cd "/<<PKGBUILDDIR>>/obj-x86_64-linux-gnu/libHSAIL" && /usr/bin/c++  -DWITH_LIBBRIGDWARF=1 -D__STDC_CONSTANT_MACROS -D__STDC_FORMAT_MACROS -D__STDC_LIMIT_MACROS -I"/<<PKGBUILDDIR>>/libHSAIL" -I"/<<PKGBUILDDIR>>/obj-x86_64-linux-gnu/libHSAIL/generated" -isystem /usr/include/libdwarf  -g -O2 -fdebug-prefix-map=/<<PKGBUILDDIR>>=. -fstack-protector-strong -Wformat -Werror=format-security -Wdate-time -D_FORTIFY_SOURCE=2   -fpic -Wall -std=c++11 -pthread -fno-rtti -fvisibility-inlines-hidden -o CMakeFiles/hsail.dir/hsail_c.cpp.o -c "/<<PKGBUILDDIR>>/libHSAIL/hsail_c.cpp"
[ 56%] Building CXX object libHSAIL/CMakeFiles/hsail.dir/HSAILExtManager.cpp.o
cd "/<<PKGBUILDDIR>>/obj-x86_64-linux-gnu/libHSAIL" && /usr/bin/c++  -DWITH_LIBBRIGDWARF=1 -D__STDC_CONSTANT_MACROS -D__STDC_FORMAT_MACROS -D__STDC_LIMIT_MACROS -I"/<<PKGBUILDDIR>>/libHSAIL" -I"/<<PKGBUILDDIR>>/obj-x86_64-linux-gnu/libHSAIL/generated" -isystem /usr/include/libdwarf  -g -O2 -fdebug-prefix-map=/<<PKGBUILDDIR>>=. -fstack-protector-strong -Wformat -Werror=format-security -Wdate-time -D_FORTIFY_SOURCE=2   -fpic -Wall -std=c++11 -pthread -fno-rtti -fvisibility-inlines-hidden -o CMakeFiles/hsail.dir/HSAILExtManager.cpp.o -c "/<<PKGBUILDDIR>>/libHSAIL/HSAILExtManager.cpp"
[ 60%] Building CXX object libHSAIL/CMakeFiles/hsail.dir/HSAILInstProps.cpp.o
cd "/<<PKGBUILDDIR>>/obj-x86_64-linux-gnu/libHSAIL" && /usr/bin/c++  -DWITH_LIBBRIGDWARF=1 -D__STDC_CONSTANT_MACROS -D__STDC_FORMAT_MACROS -D__STDC_LIMIT_MACROS -I"/<<PKGBUILDDIR>>/libHSAIL" -I"/<<PKGBUILDDIR>>/obj-x86_64-linux-gnu/libHSAIL/generated" -isystem /usr/include/libdwarf  -g -O2 -fdebug-prefix-map=/<<PKGBUILDDIR>>=. -fstack-protector-strong -Wformat -Werror=format-security -Wdate-time -D_FORTIFY_SOURCE=2   -fpic -Wall -std=c++11 -pthread -fno-rtti -fvisibility-inlines-hidden -o CMakeFiles/hsail.dir/HSAILInstProps.cpp.o -c "/<<PKGBUILDDIR>>/libHSAIL/HSAILInstProps.cpp"
[ 63%] Building CXX object libHSAIL/CMakeFiles/hsail.dir/HSAILImageExt.cpp.o
cd "/<<PKGBUILDDIR>>/obj-x86_64-linux-gnu/libHSAIL" && /usr/bin/c++  -DWITH_LIBBRIGDWARF=1 -D__STDC_CONSTANT_MACROS -D__STDC_FORMAT_MACROS -D__STDC_LIMIT_MACROS -I"/<<PKGBUILDDIR>>/libHSAIL" -I"/<<PKGBUILDDIR>>/obj-x86_64-linux-gnu/libHSAIL/generated" -isystem /usr/include/libdwarf  -g -O2 -fdebug-prefix-map=/<<PKGBUILDDIR>>=. -fstack-protector-strong -Wformat -Werror=format-security -Wdate-time -D_FORTIFY_SOURCE=2   -fpic -Wall -std=c++11 -pthread -fno-rtti -fvisibility-inlines-hidden -o CMakeFiles/hsail.dir/HSAILImageExt.cpp.o -c "/<<PKGBUILDDIR>>/libHSAIL/HSAILImageExt.cpp"
[ 66%] Building CXX object libHSAIL/CMakeFiles/hsail.dir/BrigDwarfGenerator.cpp.o
cd "/<<PKGBUILDDIR>>/obj-x86_64-linux-gnu/libHSAIL" && /usr/bin/c++  -DWITH_LIBBRIGDWARF=1 -D__STDC_CONSTANT_MACROS -D__STDC_FORMAT_MACROS -D__STDC_LIMIT_MACROS -I"/<<PKGBUILDDIR>>/libHSAIL" -I"/<<PKGBUILDDIR>>/obj-x86_64-linux-gnu/libHSAIL/generated" -isystem /usr/include/libdwarf  -g -O2 -fdebug-prefix-map=/<<PKGBUILDDIR>>=. -fstack-protector-strong -Wformat -Werror=format-security -Wdate-time -D_FORTIFY_SOURCE=2   -fpic -Wall -std=c++11 -pthread -fno-rtti -fvisibility-inlines-hidden -o CMakeFiles/hsail.dir/BrigDwarfGenerator.cpp.o -c "/<<PKGBUILDDIR>>/libHSAIL/BrigDwarfGenerator.cpp"
[ 70%] Linking CXX static library libhsail.a
cd "/<<PKGBUILDDIR>>/obj-x86_64-linux-gnu/libHSAIL" && /usr/bin/cmake -P CMakeFiles/hsail.dir/cmake_clean_target.cmake
cd "/<<PKGBUILDDIR>>/obj-x86_64-linux-gnu/libHSAIL" && /usr/bin/cmake -E cmake_link_script CMakeFiles/hsail.dir/link.txt --verbose=1
/usr/bin/ar qc libhsail.a  CMakeFiles/hsail.dir/HSAILBrigContainer.cpp.o CMakeFiles/hsail.dir/HSAILBrigObjectFile.cpp.o CMakeFiles/hsail.dir/HSAILBrigantine.cpp.o CMakeFiles/hsail.dir/HSAILDisassembler.cpp.o CMakeFiles/hsail.dir/HSAILDump.cpp.o CMakeFiles/hsail.dir/HSAILFloats.cpp.o CMakeFiles/hsail.dir/HSAILItems.cpp.o CMakeFiles/hsail.dir/HSAILParser.cpp.o CMakeFiles/hsail.dir/HSAILScanner.cpp.o CMakeFiles/hsail.dir/HSAILScannerRules.cpp.o CMakeFiles/hsail.dir/HSAILTool.cpp.o CMakeFiles/hsail.dir/HSAILUtilities.cpp.o CMakeFiles/hsail.dir/HSAILValidator.cpp.o CMakeFiles/hsail.dir/HSAILValidatorBase.cpp.o CMakeFiles/hsail.dir/hsail_c.cpp.o CMakeFiles/hsail.dir/HSAILExtManager.cpp.o CMakeFiles/hsail.dir/HSAILInstProps.cpp.o CMakeFiles/hsail.dir/HSAILImageExt.cpp.o CMakeFiles/hsail.dir/BrigDwarfGenerator.cpp.o
/usr/bin/ranlib libhsail.a
make[3]: Leaving directory '/<<PKGBUILDDIR>>/obj-x86_64-linux-gnu'
[ 73%] Built target hsail
make -f libHSAIL-AMD/CMakeFiles/hsail-amd.dir/build.make libHSAIL-AMD/CMakeFiles/hsail-amd.dir/depend
make[3]: Entering directory '/<<PKGBUILDDIR>>/obj-x86_64-linux-gnu'
[ 76%] Generating libHSAIL-AMD sources
cd "/<<PKGBUILDDIR>>/obj-x86_64-linux-gnu/libHSAIL-AMD" && /usr/bin/perl /<<PKGBUILDDIR>>/libHSAIL-AMD/../libHSAIL/HDLProcessor.pl -target=validator /<<PKGBUILDDIR>>/libHSAIL-AMD/../libHSAIL/HSAILDefs.hdl /<<PKGBUILDDIR>>/libHSAIL-AMD/gcn.hdl > /<<PKGBUILDDIR>>/obj-x86_64-linux-gnu/libHSAIL-AMD/generated/InstValidation_gcn_gen.hpp
cd "/<<PKGBUILDDIR>>/obj-x86_64-linux-gnu/libHSAIL-AMD" && /usr/bin/perl /<<PKGBUILDDIR>>/libHSAIL-AMD/../libHSAIL/HDLProcessor.pl -target=validator /<<PKGBUILDDIR>>/libHSAIL-AMD/../libHSAIL/HSAILDefs.hdl /<<PKGBUILDDIR>>/libHSAIL-AMD/mipmap.hdl > /<<PKGBUILDDIR>>/obj-x86_64-linux-gnu/libHSAIL-AMD/generated/InstValidation_mipmap_gen.hpp
cd "/<<PKGBUILDDIR>>/obj-x86_64-linux-gnu/libHSAIL-AMD" && /usr/bin/perl /<<PKGBUILDDIR>>/libHSAIL-AMD/../libHSAIL/HDLProcessor.pl -target=validator /<<PKGBUILDDIR>>/libHSAIL-AMD/../libHSAIL/HSAILDefs.hdl /<<PKGBUILDDIR>>/libHSAIL-AMD/dg.hdl > /<<PKGBUILDDIR>>/obj-x86_64-linux-gnu/libHSAIL-AMD/generated/InstValidation_dg_gen.hpp
cd "/<<PKGBUILDDIR>>/obj-x86_64-linux-gnu" && /usr/bin/cmake -E cmake_depends "Unix Makefiles" "/<<PKGBUILDDIR>>" "/<<PKGBUILDDIR>>/libHSAIL-AMD" "/<<PKGBUILDDIR>>/obj-x86_64-linux-gnu" "/<<PKGBUILDDIR>>/obj-x86_64-linux-gnu/libHSAIL-AMD" "/<<PKGBUILDDIR>>/obj-x86_64-linux-gnu/libHSAIL-AMD/CMakeFiles/hsail-amd.dir/DependInfo.cmake" --color=
Scanning dependencies of target hsail-amd
make[3]: Leaving directory '/<<PKGBUILDDIR>>/obj-x86_64-linux-gnu'
make -f libHSAIL-AMD/CMakeFiles/hsail-amd.dir/build.make libHSAIL-AMD/CMakeFiles/hsail-amd.dir/build
make[3]: Entering directory '/<<PKGBUILDDIR>>/obj-x86_64-linux-gnu'
[ 83%] Building CXX object libHSAIL-AMD/CMakeFiles/hsail-amd.dir/gcn.cpp.o
[ 83%] Building CXX object libHSAIL-AMD/CMakeFiles/hsail-amd.dir/HSAILAmdExt.cpp.o
[ 90%] Building CXX object libHSAIL-AMD/CMakeFiles/hsail-amd.dir/mipmap.cpp.o
[ 90%] Building CXX object libHSAIL-AMD/CMakeFiles/hsail-amd.dir/dg.cpp.o
cd "/<<PKGBUILDDIR>>/obj-x86_64-linux-gnu/libHSAIL-AMD" && /usr/bin/c++  -D__STDC_CONSTANT_MACROS -D__STDC_FORMAT_MACROS -D__STDC_LIMIT_MACROS -I"/<<PKGBUILDDIR>>/libHSAIL-AMD" -I"/<<PKGBUILDDIR>>/obj-x86_64-linux-gnu/libHSAIL-AMD/generated" -I"/<<PKGBUILDDIR>>/libHSAIL" -I"/<<PKGBUILDDIR>>/obj-x86_64-linux-gnu/libHSAIL/generated" -isystem /usr/include/libdwarf  -g -O2 -fdebug-prefix-map=/<<PKGBUILDDIR>>=. -fstack-protector-strong -Wformat -Werror=format-security -Wdate-time -D_FORTIFY_SOURCE=2   -fpic -Wall -std=c++11 -pthread -fno-rtti -fvisibility-inlines-hidden -o CMakeFiles/hsail-amd.dir/HSAILAmdExt.cpp.o -c "/<<PKGBUILDDIR>>/libHSAIL-AMD/HSAILAmdExt.cpp"
cd "/<<PKGBUILDDIR>>/obj-x86_64-linux-gnu/libHSAIL-AMD" && /usr/bin/c++  -D__STDC_CONSTANT_MACROS -D__STDC_FORMAT_MACROS -D__STDC_LIMIT_MACROS -I"/<<PKGBUILDDIR>>/libHSAIL-AMD" -I"/<<PKGBUILDDIR>>/obj-x86_64-linux-gnu/libHSAIL-AMD/generated" -I"/<<PKGBUILDDIR>>/libHSAIL" -I"/<<PKGBUILDDIR>>/obj-x86_64-linux-gnu/libHSAIL/generated" -isystem /usr/include/libdwarf  -g -O2 -fdebug-prefix-map=/<<PKGBUILDDIR>>=. -fstack-protector-strong -Wformat -Werror=format-security -Wdate-time -D_FORTIFY_SOURCE=2   -fpic -Wall -std=c++11 -pthread -fno-rtti -fvisibility-inlines-hidden -o CMakeFiles/hsail-amd.dir/gcn.cpp.o -c "/<<PKGBUILDDIR>>/libHSAIL-AMD/gcn.cpp"
cd "/<<PKGBUILDDIR>>/obj-x86_64-linux-gnu/libHSAIL-AMD" && /usr/bin/c++  -D__STDC_CONSTANT_MACROS -D__STDC_FORMAT_MACROS -D__STDC_LIMIT_MACROS -I"/<<PKGBUILDDIR>>/libHSAIL-AMD" -I"/<<PKGBUILDDIR>>/obj-x86_64-linux-gnu/libHSAIL-AMD/generated" -I"/<<PKGBUILDDIR>>/libHSAIL" -I"/<<PKGBUILDDIR>>/obj-x86_64-linux-gnu/libHSAIL/generated" -isystem /usr/include/libdwarf  -g -O2 -fdebug-prefix-map=/<<PKGBUILDDIR>>=. -fstack-protector-strong -Wformat -Werror=format-security -Wdate-time -D_FORTIFY_SOURCE=2   -fpic -Wall -std=c++11 -pthread -fno-rtti -fvisibility-inlines-hidden -o CMakeFiles/hsail-amd.dir/dg.cpp.o -c "/<<PKGBUILDDIR>>/libHSAIL-AMD/dg.cpp"
cd "/<<PKGBUILDDIR>>/obj-x86_64-linux-gnu/libHSAIL-AMD" && /usr/bin/c++  -D__STDC_CONSTANT_MACROS -D__STDC_FORMAT_MACROS -D__STDC_LIMIT_MACROS -I"/<<PKGBUILDDIR>>/libHSAIL-AMD" -I"/<<PKGBUILDDIR>>/obj-x86_64-linux-gnu/libHSAIL-AMD/generated" -I"/<<PKGBUILDDIR>>/libHSAIL" -I"/<<PKGBUILDDIR>>/obj-x86_64-linux-gnu/libHSAIL/generated" -isystem /usr/include/libdwarf  -g -O2 -fdebug-prefix-map=/<<PKGBUILDDIR>>=. -fstack-protector-strong -Wformat -Werror=format-security -Wdate-time -D_FORTIFY_SOURCE=2   -fpic -Wall -std=c++11 -pthread -fno-rtti -fvisibility-inlines-hidden -o CMakeFiles/hsail-amd.dir/mipmap.cpp.o -c "/<<PKGBUILDDIR>>/libHSAIL-AMD/mipmap.cpp"
[ 93%] Linking CXX static library libhsail-amd.a
cd "/<<PKGBUILDDIR>>/obj-x86_64-linux-gnu/libHSAIL-AMD" && /usr/bin/cmake -P CMakeFiles/hsail-amd.dir/cmake_clean_target.cmake
cd "/<<PKGBUILDDIR>>/obj-x86_64-linux-gnu/libHSAIL-AMD" && /usr/bin/cmake -E cmake_link_script CMakeFiles/hsail-amd.dir/link.txt --verbose=1
/usr/bin/ar qc libhsail-amd.a  CMakeFiles/hsail-amd.dir/gcn.cpp.o CMakeFiles/hsail-amd.dir/mipmap.cpp.o CMakeFiles/hsail-amd.dir/HSAILAmdExt.cpp.o CMakeFiles/hsail-amd.dir/dg.cpp.o
/usr/bin/ranlib libhsail-amd.a
make[3]: Leaving directory '/<<PKGBUILDDIR>>/obj-x86_64-linux-gnu'
[ 93%] Built target hsail-amd
make -f HSAILAsm/CMakeFiles/HSAILasm.dir/build.make HSAILAsm/CMakeFiles/HSAILasm.dir/depend
make[3]: Entering directory '/<<PKGBUILDDIR>>/obj-x86_64-linux-gnu'
cd "/<<PKGBUILDDIR>>/obj-x86_64-linux-gnu" && /usr/bin/cmake -E cmake_depends "Unix Makefiles" "/<<PKGBUILDDIR>>" "/<<PKGBUILDDIR>>/HSAILAsm" "/<<PKGBUILDDIR>>/obj-x86_64-linux-gnu" "/<<PKGBUILDDIR>>/obj-x86_64-linux-gnu/HSAILAsm" "/<<PKGBUILDDIR>>/obj-x86_64-linux-gnu/HSAILAsm/CMakeFiles/HSAILasm.dir/DependInfo.cmake" --color=
Scanning dependencies of target HSAILasm
make[3]: Leaving directory '/<<PKGBUILDDIR>>/obj-x86_64-linux-gnu'
make -f HSAILAsm/CMakeFiles/HSAILasm.dir/build.make HSAILAsm/CMakeFiles/HSAILasm.dir/build
make[3]: Entering directory '/<<PKGBUILDDIR>>/obj-x86_64-linux-gnu'
[ 96%] Building CXX object HSAILAsm/CMakeFiles/HSAILasm.dir/HSAILAsm.cpp.o
cd "/<<PKGBUILDDIR>>/obj-x86_64-linux-gnu/HSAILAsm" && /usr/bin/c++  -DAMD_EXTENSIONS -D__STDC_CONSTANT_MACROS -D__STDC_FORMAT_MACROS -D__STDC_LIMIT_MACROS -I"/<<PKGBUILDDIR>>/libHSAIL" -I"/<<PKGBUILDDIR>>/obj-x86_64-linux-gnu/libHSAIL/generated" -I"/<<PKGBUILDDIR>>/libHSAIL-AMD" -I"/<<PKGBUILDDIR>>/obj-x86_64-linux-gnu/libHSAIL-AMD/generated" -isystem /usr/include/libdwarf  -g -O2 -fdebug-prefix-map=/<<PKGBUILDDIR>>=. -fstack-protector-strong -Wformat -Werror=format-security -Wdate-time -D_FORTIFY_SOURCE=2   -fpic -Wall -std=c++11 -pthread -fno-rtti -fvisibility-inlines-hidden -o CMakeFiles/HSAILasm.dir/HSAILAsm.cpp.o -c "/<<PKGBUILDDIR>>/HSAILAsm/HSAILAsm.cpp"
[100%] Linking CXX executable HSAILasm
cd "/<<PKGBUILDDIR>>/obj-x86_64-linux-gnu/HSAILAsm" && /usr/bin/cmake -E cmake_link_script CMakeFiles/HSAILasm.dir/link.txt --verbose=1
/usr/bin/c++  -g -O2 -fdebug-prefix-map=/<<PKGBUILDDIR>>=. -fstack-protector-strong -Wformat -Werror=format-security -Wdate-time -D_FORTIFY_SOURCE=2  -Wl,-z,relro -rdynamic CMakeFiles/HSAILasm.dir/HSAILAsm.cpp.o  -o HSAILasm  ../libHSAIL/libhsail.a ../libHSAIL-AMD/libhsail-amd.a -lelf -ldwarf -lcurses -ltinfo -lpthread ../libHSAIL/libhsail.a /usr/lib/x86_64-linux-gnu/libdwarf.so /usr/lib/x86_64-linux-gnu/libelf.so -ldl 
/usr/bin/ld: ../libHSAIL/libhsail.a(BrigDwarfGenerator.cpp.o): in function `BrigDebug::BrigDwarfGenerator_impl::initializeElf()':
./obj-x86_64-linux-gnu/libHSAIL/./libHSAIL/BrigDwarfGenerator.cpp:1058: warning: the use of `tempnam' is dangerous, better use `mkstemp'
make[3]: Leaving directory '/<<PKGBUILDDIR>>/obj-x86_64-linux-gnu'
[100%] Built target HSAILasm
make[2]: Leaving directory '/<<PKGBUILDDIR>>/obj-x86_64-linux-gnu'
/usr/bin/cmake -E cmake_progress_start "/<<PKGBUILDDIR>>/obj-x86_64-linux-gnu/CMakeFiles" 0
make[1]: Leaving directory '/<<PKGBUILDDIR>>/obj-x86_64-linux-gnu'
   dh_auto_test -O--parallel
	cd obj-x86_64-linux-gnu && make -j4 test ARGS\+=-j4
make[1]: Entering directory '/<<PKGBUILDDIR>>/obj-x86_64-linux-gnu'
Running tests...
/usr/bin/ctest --force-new-ctest-process -j4
Test project /<<PKGBUILDDIR>>/obj-x86_64-linux-gnu
        Start   3: HSAILAsm-assemble
        Start   6: HSAILAsm-assemble-g
        Start   1: HSAILAsm-help
        Start   2: HSAILAsm-version
  1/115 Test   #3: HSAILAsm-assemble .................................   Passed    0.00 sec
        Start   4: HSAILAsm-disassemble
  2/115 Test   #6: HSAILAsm-assemble-g ...............................   Passed    0.00 sec
        Start   5: HSAILAsm-decode
  3/115 Test   #1: HSAILAsm-help .....................................   Passed    0.00 sec
        Start   7: HSAILAsm-disassemble-g
  4/115 Test   #2: HSAILAsm-version ..................................   Passed    0.00 sec
        Start   8: HSAILAsm-assemble-g-odebug
  5/115 Test   #4: HSAILAsm-disassemble ..............................   Passed    0.00 sec
        Start   9: HSAILAsm-assemble-g-include-source
  6/115 Test   #5: HSAILAsm-decode ...................................   Passed    0.00 sec
        Start  10: 1.0/instruction/CORE-base-large
  7/115 Test   #7: HSAILAsm-disassemble-g ............................   Passed    0.00 sec
        Start  11: 1.0/instruction/CORE-base-small
  8/115 Test   #8: HSAILAsm-assemble-g-odebug ........................   Passed    0.00 sec
        Start  12: 1.0/instruction/CORE-full-large
  9/115 Test   #9: HSAILAsm-assemble-g-include-source ................   Passed    0.00 sec
        Start  13: 1.0/instruction/CORE-full-small
 10/115 Test  #11: 1.0/instruction/CORE-base-small ...................   Passed    0.32 sec
        Start  14: 1.0/instruction/IMAGE-base-large
 11/115 Test  #10: 1.0/instruction/CORE-base-large ...................   Passed    0.34 sec
        Start  15: 1.0/instruction/IMAGE-base-small
 12/115 Test  #13: 1.0/instruction/CORE-full-small ...................   Passed    0.38 sec
        Start  16: 1.0/instruction/IMAGE-full-large
 13/115 Test  #12: 1.0/instruction/CORE-full-large ...................   Passed    0.39 sec
        Start  17: 1.0/instruction/IMAGE-full-small
 14/115 Test  #14: 1.0/instruction/IMAGE-base-large ..................   Passed    0.08 sec
        Start  18: 1.0/instruction/amd_gcn-base-large
 15/115 Test  #15: 1.0/instruction/IMAGE-base-small ..................   Passed    0.08 sec
        Start  19: 1.0/instruction/amd_gcn-base-small
 16/115 Test  #18: 1.0/instruction/amd_gcn-base-large ................   Passed    0.04 sec
        Start  20: 1.0/instruction/amd_gcn-full-large
 17/115 Test  #16: 1.0/instruction/IMAGE-full-large ..................   Passed    0.08 sec
        Start  21: 1.0/instruction/amd_gcn-full-small
 18/115 Test  #19: 1.0/instruction/amd_gcn-base-small ................   Passed    0.04 sec
        Start  22: 1.0/instruction/amd_mipmap-base-large
 19/115 Test  #17: 1.0/instruction/IMAGE-full-small ..................   Passed    0.08 sec
        Start  23: 1.0/instruction/amd_mipmap-base-small
 20/115 Test  #20: 1.0/instruction/amd_gcn-full-large ................   Passed    0.05 sec
        Start  24: 1.0/instruction/amd_mipmap-full-large
 21/115 Test  #21: 1.0/instruction/amd_gcn-full-small ................   Passed    0.05 sec
        Start  25: 1.0/instruction/amd_mipmap-full-small
 22/115 Test  #22: 1.0/instruction/amd_mipmap-base-large .............   Passed    0.13 sec
        Start  26: 1.0/syntax/000_empty_1
 23/115 Test  #23: 1.0/instruction/amd_mipmap-base-small .............   Passed    0.13 sec
        Start  27: 1.0/syntax/000_inst_image_large
 24/115 Test  #26: 1.0/syntax/000_empty_1 ............................   Passed    0.01 sec
        Start  28: 1.0/syntax/000_inst_image_small
 25/115 Test  #27: 1.0/syntax/000_inst_image_large ...................   Passed    0.02 sec
        Start  29: 1.0/syntax/000_inst_large
 26/115 Test  #28: 1.0/syntax/000_inst_image_small ...................   Passed    0.01 sec
        Start  30: 1.0/syntax/000_inst_large_base
 27/115 Test  #24: 1.0/instruction/amd_mipmap-full-large .............   Passed    0.13 sec
        Start  31: 1.0/syntax/000_inst_small
 28/115 Test  #25: 1.0/instruction/amd_mipmap-full-small .............   Passed    0.13 sec
        Start  32: 1.0/syntax/001_delimiters
 29/115 Test  #31: 1.0/syntax/000_inst_small .........................   Passed    0.02 sec
        Start  33: 1.0/syntax/001_order_1
 30/115 Test  #32: 1.0/syntax/001_delimiters .........................   Passed    0.01 sec
        Start  34: 1.0/syntax/001_order_2
 31/115 Test  #33: 1.0/syntax/001_order_1 ............................   Passed    0.01 sec
        Start  35: 1.0/syntax/001_order_3
 32/115 Test  #30: 1.0/syntax/000_inst_large_base ....................   Passed    0.04 sec
        Start  36: 1.0/syntax/002_version_large
 33/115 Test  #34: 1.0/syntax/001_order_2 ............................   Passed    0.01 sec
        Start  37: 1.0/syntax/002_version_small
 34/115 Test  #35: 1.0/syntax/001_order_3 ............................   Passed    0.01 sec
        Start  38: 1.0/syntax/003_pragma
 35/115 Test  #29: 1.0/syntax/000_inst_large .........................   Passed    0.05 sec
        Start  39: 1.0/syntax/004_extension
 36/115 Test  #36: 1.0/syntax/002_version_large ......................   Passed    0.01 sec
        Start  40: 1.0/syntax/004_extension_CORE
 37/115 Test  #37: 1.0/syntax/002_version_small ......................   Passed    0.01 sec
        Start  41: 1.0/syntax/004_extension_CORE_0
 38/115 Test  #39: 1.0/syntax/004_extension ..........................   Passed    0.01 sec
        Start  42: 1.0/syntax/005_control_00
 39/115 Test  #38: 1.0/syntax/003_pragma .............................   Passed    0.01 sec
        Start  43: 1.0/syntax/005_control_01
 40/115 Test  #40: 1.0/syntax/004_extension_CORE .....................   Passed    0.01 sec
        Start  44: 1.0/syntax/005_control_02
 41/115 Test  #41: 1.0/syntax/004_extension_CORE_0 ...................   Passed    0.01 sec
        Start  45: 1.0/syntax/005_control_03
 42/115 Test  #42: 1.0/syntax/005_control_00 .........................   Passed    0.01 sec
        Start  46: 1.0/syntax/005_control_04
 43/115 Test  #43: 1.0/syntax/005_control_01 .........................   Passed    0.01 sec
        Start  47: 1.0/syntax/005_control_05
 44/115 Test  #44: 1.0/syntax/005_control_02 .........................   Passed    0.01 sec
        Start  48: 1.0/syntax/005_control_06
 45/115 Test  #45: 1.0/syntax/005_control_03 .........................   Passed    0.01 sec
        Start  49: 1.0/syntax/005_control_07
 46/115 Test  #46: 1.0/syntax/005_control_04 .........................   Passed    0.01 sec
        Start  50: 1.0/syntax/005_control_08
 47/115 Test  #47: 1.0/syntax/005_control_05 .........................   Passed    0.01 sec
        Start  51: 1.0/syntax/005_control_09
 48/115 Test  #49: 1.0/syntax/005_control_07 .........................   Passed    0.01 sec
        Start  52: 1.0/syntax/005_control_10
 49/115 Test  #48: 1.0/syntax/005_control_06 .........................   Passed    0.01 sec
        Start  53: 1.0/syntax/005_control_enablebreakexceptions_1
 50/115 Test  #50: 1.0/syntax/005_control_08 .........................   Passed    0.01 sec
        Start  54: 1.0/syntax/005_control_enablebreakexceptions_2
 51/115 Test  #51: 1.0/syntax/005_control_09 .........................   Passed    0.01 sec
        Start  55: 1.0/syntax/005_control_enabledetectexceptions_1
 52/115 Test  #53: 1.0/syntax/005_control_enablebreakexceptions_1 ....   Passed    0.01 sec
        Start  56: 1.0/syntax/005_control_enabledetectexceptions_2
 53/115 Test  #55: 1.0/syntax/005_control_enabledetectexceptions_1 ...   Passed    0.01 sec
        Start  57: 1.0/syntax/005_control_maxdynamicgroupsize
 54/115 Test  #52: 1.0/syntax/005_control_10 .........................   Passed    0.02 sec
        Start  58: 1.0/syntax/005_control_maxflatgridsize_1
 55/115 Test  #54: 1.0/syntax/005_control_enablebreakexceptions_2 ....   Passed    0.02 sec
        Start  59: 1.0/syntax/005_control_maxflatgridsize_2
 56/115 Test  #56: 1.0/syntax/005_control_enabledetectexceptions_2 ...   Passed    0.01 sec
        Start  60: 1.0/syntax/005_control_maxflatworkgroupsize_1
 57/115 Test  #58: 1.0/syntax/005_control_maxflatgridsize_1 ..........   Passed    0.01 sec
        Start  61: 1.0/syntax/005_control_maxflatworkgroupsize_2
 58/115 Test  #59: 1.0/syntax/005_control_maxflatgridsize_2 ..........   Passed    0.01 sec
        Start  62: 1.0/syntax/005_control_requireddim
 59/115 Test  #57: 1.0/syntax/005_control_maxdynamicgroupsize ........   Passed    0.02 sec
        Start  63: 1.0/syntax/005_control_requiredgridsize_1
 60/115 Test  #60: 1.0/syntax/005_control_maxflatworkgroupsize_1 .....   Passed    0.01 sec
        Start  64: 1.0/syntax/005_control_requiredgridsize_2
 61/115 Test  #61: 1.0/syntax/005_control_maxflatworkgroupsize_2 .....   Passed    0.01 sec
        Start  65: 1.0/syntax/005_control_requiredworkgroupsize_1
 62/115 Test  #62: 1.0/syntax/005_control_requireddim ................   Passed    0.01 sec
        Start  66: 1.0/syntax/005_control_requiredworkgroupsize_2
 63/115 Test  #63: 1.0/syntax/005_control_requiredgridsize_1 .........   Passed    0.01 sec
        Start  67: 1.0/syntax/006_loc
 64/115 Test  #64: 1.0/syntax/005_control_requiredgridsize_2 .........   Passed    0.01 sec
        Start  68: 1.0/syntax/009_function_arg_align
 65/115 Test  #65: 1.0/syntax/005_control_requiredworkgroupsize_1 ....   Passed    0.01 sec
        Start  69: 1.0/syntax/009_function_arg_array
 66/115 Test  #66: 1.0/syntax/005_control_requiredworkgroupsize_2 ....   Passed    0.01 sec
        Start  70: 1.0/syntax/009_function_arg_flexible_array
 67/115 Test  #67: 1.0/syntax/006_loc ................................   Passed    0.01 sec
        Start  71: 1.0/syntax/009_function_arg_generic
 68/115 Test  #68: 1.0/syntax/009_function_arg_align .................   Passed    0.01 sec
        Start  72: 1.0/syntax/009_function_arg_generic_base
 69/115 Test  #69: 1.0/syntax/009_function_arg_array .................   Passed    0.01 sec
        Start  73: 1.0/syntax/009_function_arg_passing
 70/115 Test  #71: 1.0/syntax/009_function_arg_generic ...............   Passed    0.01 sec
        Start  74: 1.0/syntax/009_function_decl
 71/115 Test  #70: 1.0/syntax/009_function_arg_flexible_array ........   Passed    0.02 sec
        Start  75: 1.0/syntax/009_function_forw_decl
 72/115 Test  #72: 1.0/syntax/009_function_arg_generic_base ..........   Passed    0.01 sec
        Start  76: 1.0/syntax/009_function_generic
 73/115 Test  #73: 1.0/syntax/009_function_arg_passing ...............   Passed    0.01 sec
        Start  77: 1.0/syntax/009_function_indirect
 74/115 Test  #74: 1.0/syntax/009_function_decl ......................   Passed    0.01 sec
        Start  78: 1.0/syntax/009_function_indirect_small
 75/115 Test  #75: 1.0/syntax/009_function_forw_decl .................   Passed    0.01 sec
        Start  79: 1.0/syntax/009_function_module
 76/115 Test  #76: 1.0/syntax/009_function_generic ...................   Passed    0.01 sec
        Start  80: 1.0/syntax/009_function_signature_0
 77/115 Test  #77: 1.0/syntax/009_function_indirect ..................   Passed    0.01 sec
        Start  81: 1.0/syntax/009_function_signature_1
 78/115 Test  #79: 1.0/syntax/009_function_module ....................   Passed    0.01 sec
        Start  82: 1.0/syntax/009_function_width
 79/115 Test  #80: 1.0/syntax/009_function_signature_0 ...............   Passed    0.01 sec
        Start  83: 1.0/syntax/010_kernel_args
 80/115 Test  #78: 1.0/syntax/009_function_indirect_small ............   Passed    0.02 sec
        Start  84: 1.0/syntax/010_kernel_decl
 81/115 Test  #81: 1.0/syntax/009_function_signature_1 ...............   Passed    0.02 sec
        Start  85: 1.0/syntax/010_kernel_generic
 82/115 Test  #82: 1.0/syntax/009_function_width .....................   Passed    0.01 sec
        Start  86: 1.0/syntax/010_kernel_module
 83/115 Test  #83: 1.0/syntax/010_kernel_args ........................   Passed    0.01 sec
        Start  87: 1.0/syntax/011_argscope_generic
 84/115 Test  #84: 1.0/syntax/010_kernel_decl ........................   Passed    0.01 sec
        Start  88: 1.0/syntax/011_argscope_jumps_01
 85/115 Test  #85: 1.0/syntax/010_kernel_generic .....................   Passed    0.01 sec
        Start  89: 1.0/syntax/011_argscope_jumps_02
 86/115 Test  #86: 1.0/syntax/010_kernel_module ......................   Passed    0.01 sec
        Start  90: 1.0/syntax/011_argscope_jumps_03
 87/115 Test  #87: 1.0/syntax/011_argscope_generic ...................   Passed    0.01 sec
        Start  91: 1.0/syntax/011_argscope_jumps_04
 88/115 Test  #88: 1.0/syntax/011_argscope_jumps_01 ..................   Passed    0.01 sec
        Start  92: 1.0/syntax/011_argscope_jumps_05
 89/115 Test  #89: 1.0/syntax/011_argscope_jumps_02 ..................   Passed    0.01 sec
        Start  93: 1.0/syntax/011_argscope_special
 90/115 Test  #90: 1.0/syntax/011_argscope_jumps_03 ..................   Passed    0.01 sec
        Start  94: 1.0/syntax/012_var_align
 91/115 Test  #91: 1.0/syntax/011_argscope_jumps_04 ..................   Passed    0.01 sec
        Start  95: 1.0/syntax/012_var_alloc
 92/115 Test  #92: 1.0/syntax/011_argscope_jumps_05 ..................   Passed    0.01 sec
        Start  96: 1.0/syntax/012_var_array
 93/115 Test  #94: 1.0/syntax/012_var_align ..........................   Passed    0.01 sec
        Start  97: 1.0/syntax/012_var_array_init
 94/115 Test  #93: 1.0/syntax/011_argscope_special ...................   Passed    0.02 sec
        Start  98: 1.0/syntax/012_var_base
 95/115 Test  #95: 1.0/syntax/012_var_alloc ..........................   Passed    0.01 sec
        Start  99: 1.0/syntax/012_var_decl
 96/115 Test  #96: 1.0/syntax/012_var_array ..........................   Passed    0.01 sec
        Start 100: 1.0/syntax/012_var_generic
 97/115 Test  #97: 1.0/syntax/012_var_array_init .....................   Passed    0.01 sec
        Start 101: 1.0/syntax/012_var_img
 98/115 Test  #98: 1.0/syntax/012_var_base ...........................   Passed    0.01 sec
        Start 102: 1.0/syntax/012_var_module
 99/115 Test  #99: 1.0/syntax/012_var_decl ...........................   Passed    0.01 sec
        Start 103: 1.0/syntax/012_var_sampler
100/115 Test #100: 1.0/syntax/012_var_generic ........................   Passed    0.01 sec
        Start 104: 1.0/syntax/013_name_1
101/115 Test #102: 1.0/syntax/012_var_module .........................   Passed    0.01 sec
        Start 105: 1.0/syntax/013_name_2
102/115 Test #101: 1.0/syntax/012_var_img ............................   Passed    0.02 sec
        Start 106: 1.0/syntax/013_name_3
103/115 Test #104: 1.0/syntax/013_name_1 .............................   Passed    0.01 sec
        Start 107: 1.0/syntax/013_name_4
104/115 Test #103: 1.0/syntax/012_var_sampler ........................   Passed    0.02 sec
        Start 108: 1.0/syntax/014_branch
105/115 Test #105: 1.0/syntax/013_name_2 .............................   Passed    0.01 sec
        Start 109: 1.0/syntax/015_large_memory_model
106/115 Test #106: 1.0/syntax/013_name_3 .............................   Passed    0.01 sec
        Start 110: 1.0/syntax/015_small_memory_model
107/115 Test #107: 1.0/syntax/013_name_4 .............................   Passed    0.01 sec
        Start 111: 1.0/syntax/016_literal_conversion
108/115 Test #108: 1.0/syntax/014_branch .............................   Passed    0.01 sec
        Start 112: 1.0/syntax/016_literal_conversions_1_0
109/115 Test #109: 1.0/syntax/015_large_memory_model .................   Passed    0.01 sec
        Start 113: 1.0/syntax/017_addressing
110/115 Test #110: 1.0/syntax/015_small_memory_model .................   Passed    0.01 sec
        Start 114: 1.0/syntax/018_aggregate_const
111/115 Test #111: 1.0/syntax/016_literal_conversion .................   Passed    0.02 sec
        Start 115: 1.0/syntax/019_reg_limit
112/115 Test #112: 1.0/syntax/016_literal_conversions_1_0 ............   Passed    0.02 sec
113/115 Test #113: 1.0/syntax/017_addressing .........................   Passed    0.01 sec
114/115 Test #114: 1.0/syntax/018_aggregate_const ....................   Passed    0.01 sec
115/115 Test #115: 1.0/syntax/019_reg_limit ..........................   Passed    0.01 sec

100% tests passed, 0 tests failed out of 115

Total Test time (real) =   0.94 sec
make[1]: Leaving directory '/<<PKGBUILDDIR>>/obj-x86_64-linux-gnu'
 fakeroot debian/rules binary
dh binary --parallel
   dh_testroot -O--parallel
   dh_prep -O--parallel
   dh_auto_install -O--parallel
	cd obj-x86_64-linux-gnu && make -j4 install DESTDIR=/<<BUILDDIR>>/hsail-tools-0\~20180830/debian/hsail-tools AM_UPDATE_INFO_DIR=no
make[1]: Entering directory '/<<PKGBUILDDIR>>/obj-x86_64-linux-gnu'
/usr/bin/cmake -S"/<<PKGBUILDDIR>>" -B"/<<PKGBUILDDIR>>/obj-x86_64-linux-gnu" --check-build-system CMakeFiles/Makefile.cmake 0
/usr/bin/cmake -E cmake_progress_start "/<<PKGBUILDDIR>>/obj-x86_64-linux-gnu/CMakeFiles" "/<<PKGBUILDDIR>>/obj-x86_64-linux-gnu/CMakeFiles/progress.marks"
make -f CMakeFiles/Makefile2 all
make[2]: Entering directory '/<<PKGBUILDDIR>>/obj-x86_64-linux-gnu'
make -f libHSAIL/CMakeFiles/libhsail-includes.dir/build.make libHSAIL/CMakeFiles/libhsail-includes.dir/depend
make[3]: Entering directory '/<<PKGBUILDDIR>>/obj-x86_64-linux-gnu'
cd "/<<PKGBUILDDIR>>/obj-x86_64-linux-gnu" && /usr/bin/cmake -E cmake_depends "Unix Makefiles" "/<<PKGBUILDDIR>>" "/<<PKGBUILDDIR>>/libHSAIL" "/<<PKGBUILDDIR>>/obj-x86_64-linux-gnu" "/<<PKGBUILDDIR>>/obj-x86_64-linux-gnu/libHSAIL" "/<<PKGBUILDDIR>>/obj-x86_64-linux-gnu/libHSAIL/CMakeFiles/libhsail-includes.dir/DependInfo.cmake" --color=
make[3]: Leaving directory '/<<PKGBUILDDIR>>/obj-x86_64-linux-gnu'
make -f libHSAIL/CMakeFiles/libhsail-includes.dir/build.make libHSAIL/CMakeFiles/libhsail-includes.dir/build
make[3]: Entering directory '/<<PKGBUILDDIR>>/obj-x86_64-linux-gnu'
make[3]: Nothing to be done for 'libHSAIL/CMakeFiles/libhsail-includes.dir/build'.
make[3]: Leaving directory '/<<PKGBUILDDIR>>/obj-x86_64-linux-gnu'
[  3%] Built target libhsail-includes
make -f libHSAIL/CMakeFiles/hsail.dir/build.make libHSAIL/CMakeFiles/hsail.dir/depend
make[3]: Entering directory '/<<PKGBUILDDIR>>/obj-x86_64-linux-gnu'
cd "/<<PKGBUILDDIR>>/obj-x86_64-linux-gnu" && /usr/bin/cmake -E cmake_depends "Unix Makefiles" "/<<PKGBUILDDIR>>" "/<<PKGBUILDDIR>>/libHSAIL" "/<<PKGBUILDDIR>>/obj-x86_64-linux-gnu" "/<<PKGBUILDDIR>>/obj-x86_64-linux-gnu/libHSAIL" "/<<PKGBUILDDIR>>/obj-x86_64-linux-gnu/libHSAIL/CMakeFiles/hsail.dir/DependInfo.cmake" --color=
make[3]: Leaving directory '/<<PKGBUILDDIR>>/obj-x86_64-linux-gnu'
make -f libHSAIL/CMakeFiles/hsail.dir/build.make libHSAIL/CMakeFiles/hsail.dir/build
make[3]: Entering directory '/<<PKGBUILDDIR>>/obj-x86_64-linux-gnu'
make[3]: Nothing to be done for 'libHSAIL/CMakeFiles/hsail.dir/build'.
make[3]: Leaving directory '/<<PKGBUILDDIR>>/obj-x86_64-linux-gnu'
[ 73%] Built target hsail
make -f libHSAIL-AMD/CMakeFiles/hsail-amd.dir/build.make libHSAIL-AMD/CMakeFiles/hsail-amd.dir/depend
make[3]: Entering directory '/<<PKGBUILDDIR>>/obj-x86_64-linux-gnu'
cd "/<<PKGBUILDDIR>>/obj-x86_64-linux-gnu" && /usr/bin/cmake -E cmake_depends "Unix Makefiles" "/<<PKGBUILDDIR>>" "/<<PKGBUILDDIR>>/libHSAIL-AMD" "/<<PKGBUILDDIR>>/obj-x86_64-linux-gnu" "/<<PKGBUILDDIR>>/obj-x86_64-linux-gnu/libHSAIL-AMD" "/<<PKGBUILDDIR>>/obj-x86_64-linux-gnu/libHSAIL-AMD/CMakeFiles/hsail-amd.dir/DependInfo.cmake" --color=
make[3]: Leaving directory '/<<PKGBUILDDIR>>/obj-x86_64-linux-gnu'
make -f libHSAIL-AMD/CMakeFiles/hsail-amd.dir/build.make libHSAIL-AMD/CMakeFiles/hsail-amd.dir/build
make[3]: Entering directory '/<<PKGBUILDDIR>>/obj-x86_64-linux-gnu'
make[3]: Nothing to be done for 'libHSAIL-AMD/CMakeFiles/hsail-amd.dir/build'.
make[3]: Leaving directory '/<<PKGBUILDDIR>>/obj-x86_64-linux-gnu'
[ 93%] Built target hsail-amd
make -f HSAILAsm/CMakeFiles/HSAILasm.dir/build.make HSAILAsm/CMakeFiles/HSAILasm.dir/depend
make[3]: Entering directory '/<<PKGBUILDDIR>>/obj-x86_64-linux-gnu'
cd "/<<PKGBUILDDIR>>/obj-x86_64-linux-gnu" && /usr/bin/cmake -E cmake_depends "Unix Makefiles" "/<<PKGBUILDDIR>>" "/<<PKGBUILDDIR>>/HSAILAsm" "/<<PKGBUILDDIR>>/obj-x86_64-linux-gnu" "/<<PKGBUILDDIR>>/obj-x86_64-linux-gnu/HSAILAsm" "/<<PKGBUILDDIR>>/obj-x86_64-linux-gnu/HSAILAsm/CMakeFiles/HSAILasm.dir/DependInfo.cmake" --color=
make[3]: Leaving directory '/<<PKGBUILDDIR>>/obj-x86_64-linux-gnu'
make -f HSAILAsm/CMakeFiles/HSAILasm.dir/build.make HSAILAsm/CMakeFiles/HSAILasm.dir/build
make[3]: Entering directory '/<<PKGBUILDDIR>>/obj-x86_64-linux-gnu'
make[3]: Nothing to be done for 'HSAILAsm/CMakeFiles/HSAILasm.dir/build'.
make[3]: Leaving directory '/<<PKGBUILDDIR>>/obj-x86_64-linux-gnu'
[100%] Built target HSAILasm
make[2]: Leaving directory '/<<PKGBUILDDIR>>/obj-x86_64-linux-gnu'
/usr/bin/cmake -E cmake_progress_start "/<<PKGBUILDDIR>>/obj-x86_64-linux-gnu/CMakeFiles" 0
make -f CMakeFiles/Makefile2 preinstall
make[2]: Entering directory '/<<PKGBUILDDIR>>/obj-x86_64-linux-gnu'
make[2]: Nothing to be done for 'preinstall'.
make[2]: Leaving directory '/<<PKGBUILDDIR>>/obj-x86_64-linux-gnu'
Install the project...
/usr/bin/cmake -P cmake_install.cmake
-- Install configuration: "None"
-- Installing: /<<PKGBUILDDIR>>/debian/hsail-tools/usr/lib/libhsail.a
-- Installing: /<<PKGBUILDDIR>>/debian/hsail-tools/usr/include/libHSAIL/Brig.h
-- Installing: /<<PKGBUILDDIR>>/debian/hsail-tools/usr/include/libHSAIL/HSAILBrigContainer.h
-- Installing: /<<PKGBUILDDIR>>/debian/hsail-tools/usr/include/libHSAIL/HSAILBrigObjectFile.h
-- Installing: /<<PKGBUILDDIR>>/debian/hsail-tools/usr/include/libHSAIL/HSAILBrigantine.h
-- Installing: /<<PKGBUILDDIR>>/debian/hsail-tools/usr/include/libHSAIL/HSAILConvertors.h
-- Installing: /<<PKGBUILDDIR>>/debian/hsail-tools/usr/include/libHSAIL/HSAILDisassembler.h
-- Installing: /<<PKGBUILDDIR>>/debian/hsail-tools/usr/include/libHSAIL/HSAILDump.h
-- Installing: /<<PKGBUILDDIR>>/debian/hsail-tools/usr/include/libHSAIL/HSAILFloats.h
-- Installing: /<<PKGBUILDDIR>>/debian/hsail-tools/usr/include/libHSAIL/HSAILInstProps.h
-- Installing: /<<PKGBUILDDIR>>/debian/hsail-tools/usr/include/libHSAIL/HSAILItemBase.h
-- Installing: /<<PKGBUILDDIR>>/debian/hsail-tools/usr/include/libHSAIL/HSAILItems.h
-- Installing: /<<PKGBUILDDIR>>/debian/hsail-tools/usr/include/libHSAIL/HSAILParser.h
-- Installing: /<<PKGBUILDDIR>>/debian/hsail-tools/usr/include/libHSAIL/HSAILSRef.h
-- Installing: /<<PKGBUILDDIR>>/debian/hsail-tools/usr/include/libHSAIL/HSAILScanner.h
-- Installing: /<<PKGBUILDDIR>>/debian/hsail-tools/usr/include/libHSAIL/HSAILScope.h
-- Installing: /<<PKGBUILDDIR>>/debian/hsail-tools/usr/include/libHSAIL/HSAILTool.h
-- Installing: /<<PKGBUILDDIR>>/debian/hsail-tools/usr/include/libHSAIL/HSAILTypeUtilities.h
-- Installing: /<<PKGBUILDDIR>>/debian/hsail-tools/usr/include/libHSAIL/HSAILUtilities.h
-- Installing: /<<PKGBUILDDIR>>/debian/hsail-tools/usr/include/libHSAIL/HSAILValidator.h
-- Installing: /<<PKGBUILDDIR>>/debian/hsail-tools/usr/include/libHSAIL/HSAILValidatorBase.h
-- Installing: /<<PKGBUILDDIR>>/debian/hsail-tools/usr/include/libHSAIL/HSAILb128_t.h
-- Installing: /<<PKGBUILDDIR>>/debian/hsail-tools/usr/include/libHSAIL/hsail_c.h
-- Installing: /<<PKGBUILDDIR>>/debian/hsail-tools/usr/include/libHSAIL/HSAILExtension.h
-- Installing: /<<PKGBUILDDIR>>/debian/hsail-tools/usr/include/libHSAIL/HSAILGenericExtension.h
-- Installing: /<<PKGBUILDDIR>>/debian/hsail-tools/usr/include/libHSAIL/HSAILExtManager.h
-- Installing: /<<PKGBUILDDIR>>/debian/hsail-tools/usr/include/libHSAIL/HSAILImageExt.h
-- Installing: /<<PKGBUILDDIR>>/debian/hsail-tools/usr/include/libHSAIL/BrigDwarfGenerator.h
-- Installing: /<<PKGBUILDDIR>>/debian/hsail-tools/usr/include/libHSAIL/hsa_dwarf.h
-- Installing: /<<PKGBUILDDIR>>/debian/hsail-tools/usr/include/libHSAIL/HSAILBrigInstUtils_gen.hpp
-- Installing: /<<PKGBUILDDIR>>/debian/hsail-tools/usr/include/libHSAIL/HSAILBrigPropsName_gen.hpp
-- Installing: /<<PKGBUILDDIR>>/debian/hsail-tools/usr/include/libHSAIL/HSAILBrigValidation_gen.hpp
-- Installing: /<<PKGBUILDDIR>>/debian/hsail-tools/usr/include/libHSAIL/HSAILItems_gen.hpp
-- Installing: /<<PKGBUILDDIR>>/debian/hsail-tools/usr/include/libHSAIL/HSAILBrigPropsAcc_gen.hpp
-- Installing: /<<PKGBUILDDIR>>/debian/hsail-tools/usr/include/libHSAIL/HSAILBrigPropsVisitor_gen.hpp
-- Installing: /<<PKGBUILDDIR>>/debian/hsail-tools/usr/include/libHSAIL/HSAILInitBrig_gen.hpp
-- Installing: /<<PKGBUILDDIR>>/debian/hsail-tools/usr/include/libHSAIL/HSAILScannerRules_gen_re2c.hpp
-- Installing: /<<PKGBUILDDIR>>/debian/hsail-tools/usr/include/libHSAIL/HSAILBrigPropsFastAcc_gen.hpp
-- Installing: /<<PKGBUILDDIR>>/debian/hsail-tools/usr/include/libHSAIL/HSAILBrigStaticChecks_gen.hpp
-- Installing: /<<PKGBUILDDIR>>/debian/hsail-tools/usr/include/libHSAIL/HSAILInstValidation_core_gen.hpp
-- Installing: /<<PKGBUILDDIR>>/debian/hsail-tools/usr/include/libHSAIL/HSAILInstValidation_image_gen.hpp
-- Installing: /<<PKGBUILDDIR>>/debian/hsail-tools/usr/include/libHSAIL/HSAILParserUtilities_gen.hpp
-- Installing: /<<PKGBUILDDIR>>/debian/hsail-tools/usr/include/libHSAIL/HSAILTemplateUtilities_gen.hpp
-- Installing: /<<PKGBUILDDIR>>/debian/hsail-tools/usr/include/libHSAIL/HSAILBrigProps_gen.hpp
-- Installing: /<<PKGBUILDDIR>>/debian/hsail-tools/usr/include/libHSAIL/HSAILBrigUtilities_gen.hpp
-- Installing: /<<PKGBUILDDIR>>/debian/hsail-tools/usr/include/libHSAIL/HSAILItemImpls_gen.hpp
-- Installing: /<<PKGBUILDDIR>>/debian/hsail-tools/usr/include/libHSAIL/HSAILPropAccessors_gen.hpp
-- Installing: /<<PKGBUILDDIR>>/debian/hsail-tools/usr/include/libHSAIL/HSAILBrigEnum2str_gen.hpp
-- Installing: /<<PKGBUILDDIR>>/debian/hsail-tools/usr/include/libHSAIL/HSAILVisitItems_gen.hpp
-- Installing: /<<PKGBUILDDIR>>/debian/hsail-tools/usr/lib/libhsail-amd.a
-- Installing: /<<PKGBUILDDIR>>/debian/hsail-tools/usr/include/libHSAIL-AMD/Brig_amd.h
-- Installing: /<<PKGBUILDDIR>>/debian/hsail-tools/usr/include/libHSAIL-AMD/HSAILAmdExt.h
-- Installing: /<<PKGBUILDDIR>>/debian/hsail-tools/usr/bin/HSAILasm
make[1]: Leaving directory '/<<PKGBUILDDIR>>/obj-x86_64-linux-gnu'
   debian/rules override_dh_install
make[1]: Entering directory '/<<PKGBUILDDIR>>'
dh_install
rm -rf debian/hsail-tools/usr/include
rm -rf debian/hsail-tools/usr/lib
if which help2man >/dev/null 2>&1; then \
  help2man -N --name HSAILasm --help-option=-help --version-option=-version \
    debian/hsail-tools/usr/bin/HSAILasm > debian/HSAILasm.1; \
fi
mkdir -p debian/hsail-tools/usr/share/man/man1
cp debian/HSAILasm.1 debian/hsail-tools/usr/share/man/man1/.
make[1]: Leaving directory '/<<PKGBUILDDIR>>'
   dh_installdocs -O--parallel
   dh_installchangelogs -O--parallel
   dh_installman -O--parallel
   dh_installinit -O--parallel
   dh_perl -O--parallel
   dh_link -O--parallel
   dh_strip_nondeterminism -O--parallel
   dh_compress -O--parallel
   dh_fixperms -O--parallel
   dh_missing -O--parallel
   dh_strip -O--parallel
   dh_makeshlibs -O--parallel
   dh_shlibdeps -O--parallel
dpkg-shlibdeps: warning: package could avoid a useless dependency if debian/hsail-tools/usr/bin/HSAILasm was not linked against libdl.so.2 (it uses none of the library's symbols)
dpkg-shlibdeps: warning: package could avoid a useless dependency if debian/hsail-tools/usr/bin/HSAILasm was not linked against libtinfo.so.6 (it uses none of the library's symbols)
dpkg-shlibdeps: warning: package could avoid a useless dependency if debian/hsail-tools/usr/bin/HSAILasm was not linked against libncurses.so.6 (it uses none of the library's symbols)
   dh_installdeb -O--parallel
   dh_gencontrol -O--parallel
   dh_md5sums -O--parallel
   dh_builddeb -O--parallel
dpkg-deb: building package 'hsail-tools' in '../hsail-tools_0~20180830-1_amd64.deb'.
dpkg-deb: building package 'hsail-tools-dbgsym' in '../hsail-tools-dbgsym_0~20180830-1_amd64.deb'.
 dpkg-genbuildinfo --build=binary
 dpkg-genchanges --build=binary >../hsail-tools_0~20180830-1_amd64.changes
dpkg-genchanges: info: binary-only upload (no source code included)
 dpkg-source --after-build .
dpkg-buildpackage: info: binary-only upload (no source included)
--------------------------------------------------------------------------------
Build finished at 2020-02-25T04:41:00Z

Finished
--------

I: Built successfully

+------------------------------------------------------------------------------+
| Changes                                                                      |
+------------------------------------------------------------------------------+


hsail-tools_0~20180830-1_amd64.changes:
---------------------------------------

Format: 1.8
Date: Thu, 09 Jan 2020 21:14:26 +0100
Source: hsail-tools
Binary: hsail-tools hsail-tools-dbgsym
Architecture: amd64
Version: 0~20180830-1
Distribution: unstable
Urgency: medium
Maintainer: Debian GCC Maintainers <debian-gcc@lists.debian.org>
Changed-By: Matthias Klose <doko@debian.org>
Description:
 hsail-tools - tools for parsing, assembling, and disassembling HSAIL
Changes:
 hsail-tools (0~20180830-1) unstable; urgency=medium
 .
   * New upstream version
   * Bump standards version.
   * Stop building on big-endian systems, package is not ready.
Checksums-Sha1:
 2672da1713ca56a26dd0408955e70fc146b77b24 2291276 hsail-tools-dbgsym_0~20180830-1_amd64.deb
 d39ed25dce4e296637e95a1401072a274cf27ffd 6386 hsail-tools_0~20180830-1_amd64.buildinfo
 a1284d8294daa8e39b52472fae7af538fb541a30 324504 hsail-tools_0~20180830-1_amd64.deb
Checksums-Sha256:
 c381b3b384b124507f969a7e0e99b5ccb378d961edce632ae7908f3ebd75760b 2291276 hsail-tools-dbgsym_0~20180830-1_amd64.deb
 d43a90dc91520119c75a35c2fc68141496c7163075adc24b85c8a36995c4093f 6386 hsail-tools_0~20180830-1_amd64.buildinfo
 3ca9d6be09a50356132c84eba02c03f68573b1dca030da1a8fda5577cb0b446a 324504 hsail-tools_0~20180830-1_amd64.deb
Files:
 63fc3a1b731974cb6364c6dee23294e7 2291276 debug optional hsail-tools-dbgsym_0~20180830-1_amd64.deb
 23adb2a1c18cdca21a63ae0aeb62ed11 6386 devel optional hsail-tools_0~20180830-1_amd64.buildinfo
 84b2a06a7c342f9cbf5616f2c36ac481 324504 devel optional hsail-tools_0~20180830-1_amd64.deb

+------------------------------------------------------------------------------+
| Buildinfo                                                                    |
+------------------------------------------------------------------------------+

Format: 1.0
Source: hsail-tools
Binary: hsail-tools
Architecture: amd64
Version: 0~20180830-1
Checksums-Md5:
 63fc3a1b731974cb6364c6dee23294e7 2291276 hsail-tools-dbgsym_0~20180830-1_amd64.deb
 84b2a06a7c342f9cbf5616f2c36ac481 324504 hsail-tools_0~20180830-1_amd64.deb
Checksums-Sha1:
 2672da1713ca56a26dd0408955e70fc146b77b24 2291276 hsail-tools-dbgsym_0~20180830-1_amd64.deb
 a1284d8294daa8e39b52472fae7af538fb541a30 324504 hsail-tools_0~20180830-1_amd64.deb
Checksums-Sha256:
 c381b3b384b124507f969a7e0e99b5ccb378d961edce632ae7908f3ebd75760b 2291276 hsail-tools-dbgsym_0~20180830-1_amd64.deb
 3ca9d6be09a50356132c84eba02c03f68573b1dca030da1a8fda5577cb0b446a 324504 hsail-tools_0~20180830-1_amd64.deb
Build-Origin: Debian
Build-Architecture: amd64
Build-Date: Tue, 25 Feb 2020 04:41:00 +0000
Build-Path: /<<PKGBUILDDIR>>
Installed-Build-Depends:
 autoconf (= 2.69-11.1),
 automake (= 1:1.16.1-4),
 autopoint (= 0.19.8.1-10),
 autotools-dev (= 20180224.1),
 base-files (= 11),
 base-passwd (= 3.5.47),
 bash (= 5.0-5),
 binutils (= 2.34-3),
 binutils-common (= 2.34-3),
 binutils-x86-64-linux-gnu (= 2.34-3),
 bsdmainutils (= 11.1.2+b1),
 bsdutils (= 1:2.34-0.1),
 build-essential (= 12.8),
 bzip2 (= 1.0.8-2),
 clang-8 (= 1:8.0.1-7),
 cmake (= 3.16.3-1),
 cmake-data (= 3.16.3-1),
 coreutils (= 8.30-3+b1),
 cpp (= 4:9.2.1-3.1),
 cpp-9 (= 9.2.1-29),
 dash (= 0.5.10.2-6),
 debconf (= 1.5.73),
 debhelper (= 12.9),
 debianutils (= 4.9.1),
 dh-autoreconf (= 19),
 dh-strip-nondeterminism (= 1.6.3-2),
 diffutils (= 1:3.7-3),
 dpkg (= 1.19.7),
 dpkg-dev (= 1.19.7),
 dwz (= 0.13-5),
 fdisk (= 2.34-0.1),
 file (= 1:5.38-4),
 findutils (= 4.7.0-1),
 g++ (= 4:9.2.1-3.1),
 g++-9 (= 9.2.1-29),
 gcc (= 4:9.2.1-3.1),
 gcc-10-base (= 10-20200222-1),
 gcc-8-base (= 8.3.0-29),
 gcc-9 (= 9.2.1-29),
 gcc-9-base (= 9.2.1-29),
 gettext (= 0.19.8.1-10),
 gettext-base (= 0.19.8.1-10),
 grep (= 3.4-1),
 groff-base (= 1.22.4-4),
 gzip (= 1.9-3+b1),
 hostname (= 3.23),
 init-system-helpers (= 1.57),
 intltool-debian (= 0.35.0+20060710.5),
 lib32gcc-s1 (= 10-20200222-1),
 lib32gcc1 (= 1:10-20200222-1),
 lib32stdc++6 (= 10-20200222-1),
 libacl1 (= 2.2.53-5),
 libarchive-zip-perl (= 1.67-1),
 libarchive13 (= 3.4.0-1+b1),
 libasan5 (= 9.2.1-29),
 libatomic1 (= 10-20200222-1),
 libattr1 (= 1:2.4.48-5),
 libaudit-common (= 1:2.8.5-2),
 libaudit1 (= 1:2.8.5-2+b1),
 libbinutils (= 2.34-3),
 libblkid1 (= 2.34-0.1),
 libbrotli1 (= 1.0.7-6),
 libbsd0 (= 0.10.0-1),
 libbz2-1.0 (= 1.0.8-2),
 libc-bin (= 2.29-10),
 libc-dev-bin (= 2.29-10),
 libc6 (= 2.29-10),
 libc6-dev (= 2.29-10),
 libc6-i386 (= 2.29-10),
 libcap-ng0 (= 0.7.9-2.1+b1),
 libcc1-0 (= 10-20200222-1),
 libclang-common-8-dev (= 1:8.0.1-7),
 libclang1-8 (= 1:8.0.1-7),
 libcom-err2 (= 1.45.5-2),
 libcroco3 (= 0.6.13-1),
 libcrypt-dev (= 1:4.4.10-10),
 libcrypt1 (= 1:4.4.10-10),
 libctf-nobfd0 (= 2.34-3),
 libctf0 (= 2.34-3),
 libcurl4 (= 7.68.0-1),
 libdb5.3 (= 5.3.28+dfsg1-0.6),
 libdebconfclient0 (= 0.251),
 libdebhelper-perl (= 12.9),
 libdpkg-perl (= 1.19.7),
 libdwarf-dev (= 20200114-1),
 libdwarf1 (= 20200114-1),
 libedit2 (= 3.1-20191231-1),
 libelf-dev (= 0.176-1.1),
 libelf1 (= 0.176-1.1),
 libexpat1 (= 2.2.9-1),
 libfdisk1 (= 2.34-0.1),
 libffi7 (= 3.3-3),
 libfile-stripnondeterminism-perl (= 1.6.3-2),
 libgc1c2 (= 1:7.6.4-0.4),
 libgcc-8-dev (= 8.3.0-29),
 libgcc-9-dev (= 9.2.1-29),
 libgcc-s1 (= 10-20200222-1),
 libgcc1 (= 1:10-20200222-1),
 libgcrypt20 (= 1.8.5-5),
 libgdbm-compat4 (= 1.18.1-5),
 libgdbm6 (= 1.18.1-5),
 libglib2.0-0 (= 2.62.4-2),
 libgmp10 (= 2:6.2.0+dfsg-4),
 libgnutls30 (= 3.6.12-2),
 libgomp1 (= 10-20200222-1),
 libgpg-error0 (= 1.37-1),
 libgssapi-krb5-2 (= 1.17-6),
 libhogweed5 (= 3.5.1+really3.5.1-2),
 libicu63 (= 63.2-2),
 libidn2-0 (= 2.2.0-2),
 libisl22 (= 0.22.1-1),
 libitm1 (= 10-20200222-1),
 libjsoncpp1 (= 1.7.4-3.1),
 libk5crypto3 (= 1.17-6),
 libkeyutils1 (= 1.6.1-2),
 libkrb5-3 (= 1.17-6),
 libkrb5support0 (= 1.17-6),
 libldap-2.4-2 (= 2.4.49+dfsg-1),
 libldap-common (= 2.4.49+dfsg-1),
 libllvm8 (= 1:8.0.1-7),
 liblsan0 (= 10-20200222-1),
 liblz4-1 (= 1.9.2-2),
 liblzma5 (= 5.2.4-1+b1),
 libmagic-mgc (= 1:5.38-4),
 libmagic1 (= 1:5.38-4),
 libmount1 (= 2.34-0.1),
 libmpc3 (= 1.1.0-1),
 libmpfr6 (= 4.0.2-1),
 libmpx2 (= 8.3.0-29),
 libncurses-dev (= 6.1+20191019-1),
 libncurses6 (= 6.1+20191019-1),
 libncursesw5-dev (= 6.1+20191019-1),
 libncursesw6 (= 6.1+20191019-1),
 libnettle7 (= 3.5.1+really3.5.1-2),
 libnghttp2-14 (= 1.40.0-1),
 libobjc-8-dev (= 8.3.0-29),
 libobjc4 (= 10-20200222-1),
 libp11-kit0 (= 0.23.20-1),
 libpam-modules (= 1.3.1-5),
 libpam-modules-bin (= 1.3.1-5),
 libpam-runtime (= 1.3.1-5),
 libpam0g (= 1.3.1-5),
 libpcre2-8-0 (= 10.34-7),
 libpcre3 (= 2:8.39-12+b1),
 libperl5.30 (= 5.30.0-9),
 libpipeline1 (= 1.5.2-2),
 libprocps8 (= 2:3.3.16-1+b1),
 libpsl5 (= 0.20.2-2),
 libquadmath0 (= 10-20200222-1),
 librhash0 (= 1.3.9-1),
 librtmp1 (= 2.4+20151223.gitfa8646d.1-2+b1),
 libsasl2-2 (= 2.1.27+dfsg-2),
 libsasl2-modules-db (= 2.1.27+dfsg-2),
 libseccomp2 (= 2.4.2-2),
 libselinux1 (= 3.0-1+b1),
 libsigsegv2 (= 2.12-2),
 libsmartcols1 (= 2.34-0.1),
 libssh2-1 (= 1.8.0-2.1),
 libssl1.1 (= 1.1.1d-2),
 libstdc++-8-dev (= 8.3.0-29),
 libstdc++-9-dev (= 9.2.1-29),
 libstdc++6 (= 10-20200222-1),
 libsub-override-perl (= 0.09-2),
 libsystemd0 (= 244.3-1),
 libtasn1-6 (= 4.16.0-2),
 libtinfo6 (= 6.1+20191019-1),
 libtool (= 2.4.6-13),
 libtsan0 (= 10-20200222-1),
 libubsan1 (= 10-20200222-1),
 libuchardet0 (= 0.0.6-3),
 libudev1 (= 244.3-1),
 libunistring2 (= 0.9.10-2),
 libuuid1 (= 2.34-0.1),
 libuv1 (= 1.34.2-1),
 libxml2 (= 2.9.10+dfsg-3),
 libzstd1 (= 1.4.4+dfsg-3),
 linux-libc-dev (= 5.4.19-1),
 login (= 1:4.8.1-1),
 lsb-base (= 11.1.0),
 m4 (= 1.4.18-4),
 make (= 4.2.1-1.2),
 man-db (= 2.9.0-2),
 mawk (= 1.3.4.20200120-2),
 ncurses-base (= 6.1+20191019-1),
 ncurses-bin (= 6.1+20191019-1),
 patch (= 2.7.6-6),
 perl (= 5.30.0-9),
 perl-base (= 5.30.0-9),
 perl-modules-5.30 (= 5.30.0-9),
 po-debconf (= 1.0.21),
 procps (= 2:3.3.16-1+b1),
 re2c (= 1.3-1),
 sed (= 4.7-1),
 sensible-utils (= 0.0.12+nmu1),
 sysvinit-utils (= 2.96-2.1),
 tar (= 1.30+dfsg-6+b1),
 util-linux (= 2.34-0.1),
 xz-utils (= 5.2.4-1+b1),
 zlib1g (= 1:1.2.11.dfsg-2),
 zlib1g-dev (= 1:1.2.11.dfsg-2)
Environment:
 DEB_BUILD_OPTIONS="parallel=4"
 LANG="C.UTF-8"
 LC_ALL="C.UTF-8"
 SOURCE_DATE_EPOCH="1578600866"


+------------------------------------------------------------------------------+
| Package contents                                                             |
+------------------------------------------------------------------------------+


hsail-tools-dbgsym_0~20180830-1_amd64.deb
-----------------------------------------

 new Debian package, version 2.0.
 size 2291276 bytes: control archive=528 bytes.
     377 bytes,    12 lines      control              
     106 bytes,     1 lines      md5sums              
 Package: hsail-tools-dbgsym
 Source: hsail-tools
 Version: 0~20180830-1
 Auto-Built-Package: debug-symbols
 Architecture: amd64
 Maintainer: Debian GCC Maintainers <debian-gcc@lists.debian.org>
 Installed-Size: 2455
 Depends: hsail-tools (= 0~20180830-1)
 Section: debug
 Priority: optional
 Description: debug symbols for hsail-tools
 Build-Ids: c0a19e14eb51bd5952e8268f0e2ce308fc26a97b

drwxr-xr-x root/root         0 2020-01-09 20:14 ./
drwxr-xr-x root/root         0 2020-01-09 20:14 ./usr/
drwxr-xr-x root/root         0 2020-01-09 20:14 ./usr/lib/
drwxr-xr-x root/root         0 2020-01-09 20:14 ./usr/lib/debug/
drwxr-xr-x root/root         0 2020-01-09 20:14 ./usr/lib/debug/.build-id/
drwxr-xr-x root/root         0 2020-01-09 20:14 ./usr/lib/debug/.build-id/c0/
-rw-r--r-- root/root   2503048 2020-01-09 20:14 ./usr/lib/debug/.build-id/c0/a19e14eb51bd5952e8268f0e2ce308fc26a97b.debug
drwxr-xr-x root/root         0 2020-01-09 20:14 ./usr/share/
drwxr-xr-x root/root         0 2020-01-09 20:14 ./usr/share/doc/
lrwxrwxrwx root/root         0 2020-01-09 20:14 ./usr/share/doc/hsail-tools-dbgsym -> hsail-tools


hsail-tools_0~20180830-1_amd64.deb
----------------------------------

 new Debian package, version 2.0.
 size 324504 bytes: control archive=772 bytes.
     628 bytes,    13 lines      control              
     268 bytes,     4 lines      md5sums              
 Package: hsail-tools
 Version: 0~20180830-1
 Architecture: amd64
 Maintainer: Debian GCC Maintainers <debian-gcc@lists.debian.org>
 Installed-Size: 1299
 Depends: libc6 (>= 2.14), libdwarf1 (>= 20160507+git20160523.9086738), libelf1 (>= 0.131), libgcc-s1 (>= 3.0), libncurses6 (>= 6), libstdc++6 (>= 9), libtinfo6 (>= 6)
 Section: devel
 Priority: optional
 Homepage: http://www.hsafoundation.com/hsa-developer-tools/
 Description: tools for parsing, assembling, and disassembling HSAIL
  HSAIL-Tools are used for parsing, assembling, and disassembling HSAIL.
  .
  This version of libHSAIL supports the HSA PRM 1.02 (Final) specification.

drwxr-xr-x root/root         0 2020-01-09 20:14 ./
drwxr-xr-x root/root         0 2020-01-09 20:14 ./usr/
drwxr-xr-x root/root         0 2020-01-09 20:14 ./usr/bin/
-rwxr-xr-x root/root   1316088 2020-01-09 20:14 ./usr/bin/HSAILasm
drwxr-xr-x root/root         0 2020-01-09 20:14 ./usr/share/
drwxr-xr-x root/root         0 2020-01-09 20:14 ./usr/share/doc/
drwxr-xr-x root/root         0 2020-01-09 20:14 ./usr/share/doc/hsail-tools/
-rw-r--r-- root/root       443 2020-01-09 20:14 ./usr/share/doc/hsail-tools/changelog.Debian.gz
-rw-r--r-- root/root      2046 2017-03-16 11:03 ./usr/share/doc/hsail-tools/copyright
drwxr-xr-x root/root         0 2020-01-09 20:14 ./usr/share/man/
drwxr-xr-x root/root         0 2020-01-09 20:14 ./usr/share/man/man1/
-rw-r--r-- root/root       734 2020-01-09 20:14 ./usr/share/man/man1/HSAILasm.1.gz


+------------------------------------------------------------------------------+
| Post Build                                                                   |
+------------------------------------------------------------------------------+


+------------------------------------------------------------------------------+
| Cleanup                                                                      |
+------------------------------------------------------------------------------+

Purging /<<BUILDDIR>>
Not cleaning session: cloned chroot in use

+------------------------------------------------------------------------------+
| Summary                                                                      |
+------------------------------------------------------------------------------+

Build Architecture: amd64
Build Type: binary
Build-Space: 161012
Build-Time: 25
Distribution: unstable
Host Architecture: amd64
Install-Time: 6
Job: hsail-tools_0~20180830-1
Machine Architecture: amd64
Package: hsail-tools
Package-Time: 45
Source-Version: 0~20180830-1
Space: 161012
Status: successful
Version: 0~20180830-1
--------------------------------------------------------------------------------
Finished at 2020-02-25T04:41:00Z
Build needed 00:00:45, 161012k disk space
DC-Status: OK 46.587481985s
