DC-Build-Header: libcompress-bzip2-perl 2.26-1 / 2020-02-25 01:13:44 +0000
DC-Task: type:rebuild-binarch-only source:libcompress-bzip2-perl version:2.26-1 chroot:unstable esttime:137 logfile:/tmp/libcompress-bzip2-perl_2.26-1_unstable_clang8.log modes:clang8:binarch-only
DC-Sbuild-call: su user42 -c 'sbuild -n --arch-any --apt-update -d unstable -v --no-run-lintian --chroot-setup-commands=/tmp/clang8 libcompress-bzip2-perl_2.26-1'
sbuild (Debian sbuild) 0.78.1 (09 February 2019) on ip-172-31-4-204.eu-central-1.compute.internal

+==============================================================================+
| libcompress-bzip2-perl 2.26-1 (amd64)        Tue, 25 Feb 2020 01:13:44 +0000 |
+==============================================================================+

Package: libcompress-bzip2-perl
Version: 2.26-1
Source Version: 2.26-1
Distribution: unstable
Machine Architecture: amd64
Host Architecture: amd64
Build Architecture: amd64
Build Type: binary

I: NOTICE: Log filtering will replace 'var/run/schroot/mount/sid-amd64-sbuild-5165f54d-cce4-4d91-966f-28019a17aabb' with '<<CHROOT>>'

+------------------------------------------------------------------------------+
| Chroot Setup Commands                                                        |
+------------------------------------------------------------------------------+


/tmp/clang8
-----------

+ echo 'Entering customization script...'
Entering customization script...
+ CLANG_VERSION=8
+ echo 'Install of clang-8'
Install of clang-8
+ apt-get update
Get:1 http://127.0.0.1:12990/debian sid InRelease [142 kB]
Get:2 http://127.0.0.1:12990/debian sid/main Sources.diff/Index [27.9 kB]
Get:3 http://127.0.0.1:12990/debian sid/main amd64 Packages.diff/Index [27.9 kB]
Get:4 http://127.0.0.1:12990/debian sid/main Sources 2020-02-24-0823.32.pdiff [11.0 kB]
Get:5 http://127.0.0.1:12990/debian sid/main Sources 2020-02-24-1420.34.pdiff [30.2 kB]
Get:6 http://127.0.0.1:12990/debian sid/main Sources 2020-02-24-2014.03.pdiff [16.9 kB]
Get:6 http://127.0.0.1:12990/debian sid/main Sources 2020-02-24-2014.03.pdiff [16.9 kB]
Get:7 http://127.0.0.1:12990/debian sid/main amd64 Packages 2020-02-24-0823.32.pdiff [15.5 kB]
Get:8 http://127.0.0.1:12990/debian sid/main amd64 Packages 2020-02-24-1420.34.pdiff [27.5 kB]
Get:9 http://127.0.0.1:12990/debian sid/main amd64 Packages 2020-02-24-2014.03.pdiff [21.6 kB]
Get:9 http://127.0.0.1:12990/debian sid/main amd64 Packages 2020-02-24-2014.03.pdiff [21.6 kB]
Get:10 http://127.0.0.1:12990/debian sid/main Translation-en [6193 kB]
Fetched 6514 kB in 3s (2477 kB/s)
Reading package lists...
+ apt-get install --yes --no-install-recommends --force-yes clang-8 libomp-8-dev libobjc-9-dev
Reading package lists...
Building dependency tree...
The following additional packages will be installed:
  gcc-8-base lib32gcc-s1 lib32gcc1 lib32stdc++6 libbsd0 libc6-i386
  libclang-common-8-dev libclang1-8 libedit2 libgc1c2 libgcc-8-dev libllvm8
  libmpx2 libobjc-8-dev libobjc4 libomp5-8 libstdc++-8-dev
Suggested packages:
  clang-8-doc libomp-8-doc libstdc++-8-doc
Recommended packages:
  llvm-8-dev python3
The following NEW packages will be installed:
  clang-8 gcc-8-base lib32gcc-s1 lib32gcc1 lib32stdc++6 libbsd0 libc6-i386
  libclang-common-8-dev libclang1-8 libedit2 libgc1c2 libgcc-8-dev libllvm8
  libmpx2 libobjc-8-dev libobjc-9-dev libobjc4 libomp-8-dev libomp5-8
  libstdc++-8-dev
0 upgraded, 20 newly installed, 0 to remove and 1 not upgraded.
Need to get 39.9 MB of archives.
After this operation, 223 MB of additional disk space will be used.
Get:1 http://127.0.0.1:12990/debian sid/main amd64 libbsd0 amd64 0.10.0-1 [107 kB]
Get:2 http://127.0.0.1:12990/debian sid/main amd64 libedit2 amd64 3.1-20191231-1 [95.4 kB]
Get:3 http://127.0.0.1:12990/debian sid/main amd64 libllvm8 amd64 1:8.0.1-7 [13.8 MB]
Get:4 http://127.0.0.1:12990/debian sid/main amd64 gcc-8-base amd64 8.3.0-29 [194 kB]
Get:5 http://127.0.0.1:12990/debian sid/main amd64 libmpx2 amd64 8.3.0-29 [11.4 kB]
Get:6 http://127.0.0.1:12990/debian sid/main amd64 libgcc-8-dev amd64 8.3.0-29 [2297 kB]
Get:7 http://127.0.0.1:12990/debian sid/main amd64 libstdc++-8-dev amd64 8.3.0-29 [1543 kB]
Get:8 http://127.0.0.1:12990/debian sid/main amd64 libgc1c2 amd64 1:7.6.4-0.4 [224 kB]
Get:9 http://127.0.0.1:12990/debian sid/main amd64 libobjc4 amd64 10-20200222-1 [41.6 kB]
Get:10 http://127.0.0.1:12990/debian sid/main amd64 libobjc-8-dev amd64 8.3.0-29 [227 kB]
Get:11 http://127.0.0.1:12990/debian sid/main amd64 libc6-i386 amd64 2.29-10 [2918 kB]
Get:12 http://127.0.0.1:12990/debian sid/main amd64 lib32gcc-s1 amd64 10-20200222-1 [49.4 kB]
Get:13 http://127.0.0.1:12990/debian sid/main amd64 lib32gcc1 amd64 1:10-20200222-1 [1104 B]
Get:14 http://127.0.0.1:12990/debian sid/main amd64 lib32stdc++6 amd64 10-20200222-1 [510 kB]
Get:15 http://127.0.0.1:12990/debian sid/main amd64 libclang-common-8-dev amd64 1:8.0.1-7 [2989 kB]
Get:16 http://127.0.0.1:12990/debian sid/main amd64 libclang1-8 amd64 1:8.0.1-7 [6244 kB]
Get:17 http://127.0.0.1:12990/debian sid/main amd64 clang-8 amd64 1:8.0.1-7 [8010 kB]
Get:18 http://127.0.0.1:12990/debian sid/main amd64 libobjc-9-dev amd64 9.2.1-29 [219 kB]
Get:19 http://127.0.0.1:12990/debian sid/main amd64 libomp5-8 amd64 1:8.0.1-7 [331 kB]
Get:20 http://127.0.0.1:12990/debian sid/main amd64 libomp-8-dev amd64 1:8.0.1-7 [62.3 kB]
debconf: delaying package configuration, since apt-utils is not installed
Fetched 39.9 MB in 1s (41.9 MB/s)
Selecting previously unselected package libbsd0:amd64.
(Reading database ... (Reading database ... 5%(Reading database ... 10%(Reading database ... 15%(Reading database ... 20%(Reading database ... 25%(Reading database ... 30%(Reading database ... 35%(Reading database ... 40%(Reading database ... 45%(Reading database ... 50%(Reading database ... 55%(Reading database ... 60%(Reading database ... 65%(Reading database ... 70%(Reading database ... 75%(Reading database ... 80%(Reading database ... 85%(Reading database ... 90%(Reading database ... 95%(Reading database ... 100%(Reading database ... 12119 files and directories currently installed.)
Preparing to unpack .../00-libbsd0_0.10.0-1_amd64.deb ...
Unpacking libbsd0:amd64 (0.10.0-1) ...
Selecting previously unselected package libedit2:amd64.
Preparing to unpack .../01-libedit2_3.1-20191231-1_amd64.deb ...
Unpacking libedit2:amd64 (3.1-20191231-1) ...
Selecting previously unselected package libllvm8:amd64.
Preparing to unpack .../02-libllvm8_1%3a8.0.1-7_amd64.deb ...
Unpacking libllvm8:amd64 (1:8.0.1-7) ...
Selecting previously unselected package gcc-8-base:amd64.
Preparing to unpack .../03-gcc-8-base_8.3.0-29_amd64.deb ...
Unpacking gcc-8-base:amd64 (8.3.0-29) ...
Selecting previously unselected package libmpx2:amd64.
Preparing to unpack .../04-libmpx2_8.3.0-29_amd64.deb ...
Unpacking libmpx2:amd64 (8.3.0-29) ...
Selecting previously unselected package libgcc-8-dev:amd64.
Preparing to unpack .../05-libgcc-8-dev_8.3.0-29_amd64.deb ...
Unpacking libgcc-8-dev:amd64 (8.3.0-29) ...
Selecting previously unselected package libstdc++-8-dev:amd64.
Preparing to unpack .../06-libstdc++-8-dev_8.3.0-29_amd64.deb ...
Unpacking libstdc++-8-dev:amd64 (8.3.0-29) ...
Selecting previously unselected package libgc1c2:amd64.
Preparing to unpack .../07-libgc1c2_1%3a7.6.4-0.4_amd64.deb ...
Unpacking libgc1c2:amd64 (1:7.6.4-0.4) ...
Selecting previously unselected package libobjc4:amd64.
Preparing to unpack .../08-libobjc4_10-20200222-1_amd64.deb ...
Unpacking libobjc4:amd64 (10-20200222-1) ...
Selecting previously unselected package libobjc-8-dev:amd64.
Preparing to unpack .../09-libobjc-8-dev_8.3.0-29_amd64.deb ...
Unpacking libobjc-8-dev:amd64 (8.3.0-29) ...
Selecting previously unselected package libc6-i386.
Preparing to unpack .../10-libc6-i386_2.29-10_amd64.deb ...
Unpacking libc6-i386 (2.29-10) ...
Selecting previously unselected package lib32gcc-s1.
Preparing to unpack .../11-lib32gcc-s1_10-20200222-1_amd64.deb ...
Unpacking lib32gcc-s1 (10-20200222-1) ...
Selecting previously unselected package lib32gcc1.
Preparing to unpack .../12-lib32gcc1_1%3a10-20200222-1_amd64.deb ...
Unpacking lib32gcc1 (1:10-20200222-1) ...
Selecting previously unselected package lib32stdc++6.
Preparing to unpack .../13-lib32stdc++6_10-20200222-1_amd64.deb ...
Unpacking lib32stdc++6 (10-20200222-1) ...
Selecting previously unselected package libclang-common-8-dev.
Preparing to unpack .../14-libclang-common-8-dev_1%3a8.0.1-7_amd64.deb ...
Unpacking libclang-common-8-dev (1:8.0.1-7) ...
Selecting previously unselected package libclang1-8.
Preparing to unpack .../15-libclang1-8_1%3a8.0.1-7_amd64.deb ...
Unpacking libclang1-8 (1:8.0.1-7) ...
Selecting previously unselected package clang-8.
Preparing to unpack .../16-clang-8_1%3a8.0.1-7_amd64.deb ...
Unpacking clang-8 (1:8.0.1-7) ...
Selecting previously unselected package libobjc-9-dev:amd64.
Preparing to unpack .../17-libobjc-9-dev_9.2.1-29_amd64.deb ...
Unpacking libobjc-9-dev:amd64 (9.2.1-29) ...
Selecting previously unselected package libomp5-8:amd64.
Preparing to unpack .../18-libomp5-8_1%3a8.0.1-7_amd64.deb ...
Unpacking libomp5-8:amd64 (1:8.0.1-7) ...
Selecting previously unselected package libomp-8-dev.
Preparing to unpack .../19-libomp-8-dev_1%3a8.0.1-7_amd64.deb ...
Unpacking libomp-8-dev (1:8.0.1-7) ...
Setting up libgc1c2:amd64 (1:7.6.4-0.4) ...
Setting up libobjc4:amd64 (10-20200222-1) ...
Setting up gcc-8-base:amd64 (8.3.0-29) ...
Setting up libobjc-9-dev:amd64 (9.2.1-29) ...
Setting up libmpx2:amd64 (8.3.0-29) ...
Setting up libc6-i386 (2.29-10) ...
Setting up libbsd0:amd64 (0.10.0-1) ...
Setting up libomp5-8:amd64 (1:8.0.1-7) ...
Setting up libomp-8-dev (1:8.0.1-7) ...
Setting up libedit2:amd64 (3.1-20191231-1) ...
Setting up lib32gcc-s1 (10-20200222-1) ...
Setting up libgcc-8-dev:amd64 (8.3.0-29) ...
Setting up libstdc++-8-dev:amd64 (8.3.0-29) ...
Setting up libllvm8:amd64 (1:8.0.1-7) ...
Setting up libclang1-8 (1:8.0.1-7) ...
Setting up lib32gcc1 (1:10-20200222-1) ...
Setting up libobjc-8-dev:amd64 (8.3.0-29) ...
Setting up lib32stdc++6 (10-20200222-1) ...
Setting up libclang-common-8-dev (1:8.0.1-7) ...
Setting up clang-8 (1:8.0.1-7) ...
Processing triggers for libc-bin (2.29-10) ...
W: --force-yes is deprecated, use one of the options starting with --allow instead.
+ echo 'Replace gcc, g++ & cpp by clang'
Replace gcc, g++ & cpp by clang
+ VERSIONS='4.6 4.7 4.8 4.9 5 6 7 8 9 10'
+ cd /usr/bin
+ for VERSION in $VERSIONS
+ rm -f g++-4.6 gcc-4.6 cpp-4.6 gcc
+ ln -s clang++-8 g++-4.6
+ ln -s clang-8 gcc-4.6
+ ln -s clang-8 cpp-4.6
+ ln -s clang-8 gcc
+ dpkg --set-selections
+ echo 'gcc-4.6 hold'
dpkg: warning: package not in status nor available database at line 1: gcc-4.6
dpkg: warning: found unknown packages; this might mean the available database
is outdated, and needs to be updated through a frontend method;
please see the FAQ <https://wiki.debian.org/Teams/Dpkg/FAQ>
+ dpkg --set-selections
+ echo 'g++-4.6 hold'
dpkg: warning: package not in status nor available database at line 1: g++-4.6
dpkg: warning: found unknown packages; this might mean the available database
is outdated, and needs to be updated through a frontend method;
please see the FAQ <https://wiki.debian.org/Teams/Dpkg/FAQ>
+ for VERSION in $VERSIONS
+ rm -f g++-4.7 gcc-4.7 cpp-4.7 gcc
+ ln -s clang++-8 g++-4.7
+ ln -s clang-8 gcc-4.7
+ ln -s clang-8 cpp-4.7
+ ln -s clang-8 gcc
+ echo 'gcc-4.7 hold'
+ dpkg --set-selections
dpkg: warning: package not in status nor available database at line 1: gcc-4.7
dpkg: warning: found unknown packages; this might mean the available database
is outdated, and needs to be updated through a frontend method;
please see the FAQ <https://wiki.debian.org/Teams/Dpkg/FAQ>
+ echo 'g++-4.7 hold'
+ dpkg --set-selections
dpkg: warning: package not in status nor available database at line 1: g++-4.7
dpkg: warning: found unknown packages; this might mean the available database
is outdated, and needs to be updated through a frontend method;
please see the FAQ <https://wiki.debian.org/Teams/Dpkg/FAQ>
+ for VERSION in $VERSIONS
+ rm -f g++-4.8 gcc-4.8 cpp-4.8 gcc
+ ln -s clang++-8 g++-4.8
+ ln -s clang-8 gcc-4.8
+ ln -s clang-8 cpp-4.8
+ ln -s clang-8 gcc
+ dpkg --set-selections
+ echo 'gcc-4.8 hold'
dpkg: warning: package not in status nor available database at line 1: gcc-4.8
dpkg: warning: found unknown packages; this might mean the available database
is outdated, and needs to be updated through a frontend method;
please see the FAQ <https://wiki.debian.org/Teams/Dpkg/FAQ>
+ echo 'g++-4.8 hold'
+ dpkg --set-selections
dpkg: warning: package not in status nor available database at line 1: g++-4.8
dpkg: warning: found unknown packages; this might mean the available database
is outdated, and needs to be updated through a frontend method;
please see the FAQ <https://wiki.debian.org/Teams/Dpkg/FAQ>
+ for VERSION in $VERSIONS
+ rm -f g++-4.9 gcc-4.9 cpp-4.9 gcc
+ ln -s clang++-8 g++-4.9
+ ln -s clang-8 gcc-4.9
+ ln -s clang-8 cpp-4.9
+ ln -s clang-8 gcc
+ echo 'gcc-4.9 hold'
+ dpkg --set-selections
dpkg: warning: package not in status nor available database at line 1: gcc-4.9
dpkg: warning: found unknown packages; this might mean the available database
is outdated, and needs to be updated through a frontend method;
please see the FAQ <https://wiki.debian.org/Teams/Dpkg/FAQ>
+ dpkg --set-selections
+ echo 'g++-4.9 hold'
dpkg: warning: package not in status nor available database at line 1: g++-4.9
dpkg: warning: found unknown packages; this might mean the available database
is outdated, and needs to be updated through a frontend method;
please see the FAQ <https://wiki.debian.org/Teams/Dpkg/FAQ>
+ for VERSION in $VERSIONS
+ rm -f g++-5 gcc-5 cpp-5 gcc
+ ln -s clang++-8 g++-5
+ ln -s clang-8 gcc-5
+ ln -s clang-8 cpp-5
+ ln -s clang-8 gcc
+ echo 'gcc-5 hold'
+ dpkg --set-selections
dpkg: warning: package not in status nor available database at line 1: gcc-5
dpkg: warning: found unknown packages; this might mean the available database
is outdated, and needs to be updated through a frontend method;
please see the FAQ <https://wiki.debian.org/Teams/Dpkg/FAQ>
+ dpkg --set-selections
+ echo 'g++-5 hold'
dpkg: warning: package not in status nor available database at line 1: g++-5
dpkg: warning: found unknown packages; this might mean the available database
is outdated, and needs to be updated through a frontend method;
please see the FAQ <https://wiki.debian.org/Teams/Dpkg/FAQ>
+ for VERSION in $VERSIONS
+ rm -f g++-6 gcc-6 cpp-6 gcc
+ ln -s clang++-8 g++-6
+ ln -s clang-8 gcc-6
+ ln -s clang-8 cpp-6
+ ln -s clang-8 gcc
+ dpkg --set-selections
+ echo 'gcc-6 hold'
dpkg: warning: package not in status nor available database at line 1: gcc-6
dpkg: warning: found unknown packages; this might mean the available database
is outdated, and needs to be updated through a frontend method;
please see the FAQ <https://wiki.debian.org/Teams/Dpkg/FAQ>
+ echo 'g++-6 hold'
+ dpkg --set-selections
dpkg: warning: package not in status nor available database at line 1: g++-6
dpkg: warning: found unknown packages; this might mean the available database
is outdated, and needs to be updated through a frontend method;
please see the FAQ <https://wiki.debian.org/Teams/Dpkg/FAQ>
+ for VERSION in $VERSIONS
+ rm -f g++-7 gcc-7 cpp-7 gcc
+ ln -s clang++-8 g++-7
+ ln -s clang-8 gcc-7
+ ln -s clang-8 cpp-7
+ ln -s clang-8 gcc
+ dpkg --set-selections
+ echo 'gcc-7 hold'
dpkg: warning: package not in status nor available database at line 1: gcc-7
dpkg: warning: found unknown packages; this might mean the available database
is outdated, and needs to be updated through a frontend method;
please see the FAQ <https://wiki.debian.org/Teams/Dpkg/FAQ>
+ dpkg --set-selections
+ echo 'g++-7 hold'
dpkg: warning: package not in status nor available database at line 1: g++-7
dpkg: warning: found unknown packages; this might mean the available database
is outdated, and needs to be updated through a frontend method;
please see the FAQ <https://wiki.debian.org/Teams/Dpkg/FAQ>
+ for VERSION in $VERSIONS
+ rm -f g++-8 gcc-8 cpp-8 gcc
+ ln -s clang++-8 g++-8
+ ln -s clang-8 gcc-8
+ ln -s clang-8 cpp-8
+ ln -s clang-8 gcc
+ echo 'gcc-8 hold'
+ dpkg --set-selections
dpkg: warning: package not in status nor available database at line 1: gcc-8
dpkg: warning: found unknown packages; this might mean the available database
is outdated, and needs to be updated through a frontend method;
please see the FAQ <https://wiki.debian.org/Teams/Dpkg/FAQ>
+ dpkg --set-selections
+ echo 'g++-8 hold'
dpkg: warning: package not in status nor available database at line 1: g++-8
dpkg: warning: found unknown packages; this might mean the available database
is outdated, and needs to be updated through a frontend method;
please see the FAQ <https://wiki.debian.org/Teams/Dpkg/FAQ>
+ for VERSION in $VERSIONS
+ rm -f g++-9 gcc-9 cpp-9 gcc
+ ln -s clang++-8 g++-9
+ ln -s clang-8 gcc-9
+ ln -s clang-8 cpp-9
+ ln -s clang-8 gcc
+ echo 'gcc-9 hold'
+ dpkg --set-selections
+ dpkg --set-selections
+ echo 'g++-9 hold'
+ for VERSION in $VERSIONS
+ rm -f g++-10 gcc-10 cpp-10 gcc
+ ln -s clang++-8 g++-10
+ ln -s clang-8 gcc-10
+ ln -s clang-8 cpp-10
+ ln -s clang-8 gcc
+ dpkg --set-selections
+ echo 'gcc-10 hold'
dpkg: warning: package not in status nor available database at line 1: gcc-10
dpkg: warning: found unknown packages; this might mean the available database
is outdated, and needs to be updated through a frontend method;
please see the FAQ <https://wiki.debian.org/Teams/Dpkg/FAQ>
+ dpkg --set-selections
+ echo 'g++-10 hold'
dpkg: warning: package not in status nor available database at line 1: g++-10
dpkg: warning: found unknown packages; this might mean the available database
is outdated, and needs to be updated through a frontend method;
please see the FAQ <https://wiki.debian.org/Teams/Dpkg/FAQ>
+ cd -
/build/libcompress-bzip2-perl-z1RjfU
+ echo 'Check if gcc, g++ & cpp are actually clang'
Check if gcc, g++ & cpp are actually clang
+ grep clang
+ gcc --version
+ grep clang
+ cpp --version
+ g++ --version
+ grep clang

I: Finished running '/tmp/clang8'.

Finished processing commands.
--------------------------------------------------------------------------------
I: NOTICE: Log filtering will replace 'build/libcompress-bzip2-perl-z1RjfU/resolver-QlXJ55' with '<<RESOLVERDIR>>'

+------------------------------------------------------------------------------+
| Update chroot                                                                |
+------------------------------------------------------------------------------+

Hit:1 http://127.0.0.1:12990/debian sid InRelease
Reading package lists...
Reading package lists...
Building dependency tree...
Reading state information...
Calculating upgrade...
The following packages will be upgraded:
  libgmp10
1 upgraded, 0 newly installed, 0 to remove and 0 not upgraded.
Need to get 253 kB of archives.
After this operation, 0 B of additional disk space will be used.
Get:1 http://127.0.0.1:12990/debian sid/main amd64 libgmp10 amd64 2:6.2.0+dfsg-4 [253 kB]
debconf: delaying package configuration, since apt-utils is not installed
Fetched 253 kB in 0s (4680 kB/s)
(Reading database ... (Reading database ... 5%(Reading database ... 10%(Reading database ... 15%(Reading database ... 20%(Reading database ... 25%(Reading database ... 30%(Reading database ... 35%(Reading database ... 40%(Reading database ... 45%(Reading database ... 50%(Reading database ... 55%(Reading database ... 60%(Reading database ... 65%(Reading database ... 70%(Reading database ... 75%(Reading database ... 80%(Reading database ... 85%(Reading database ... 90%(Reading database ... 95%(Reading database ... 100%(Reading database ... 13887 files and directories currently installed.)
Preparing to unpack .../libgmp10_2%3a6.2.0+dfsg-4_amd64.deb ...
Unpacking libgmp10:amd64 (2:6.2.0+dfsg-4) over (2:6.2.0+dfsg-3) ...
Setting up libgmp10:amd64 (2:6.2.0+dfsg-4) ...
Processing triggers for libc-bin (2.29-10) ...

+------------------------------------------------------------------------------+
| Fetch source files                                                           |
+------------------------------------------------------------------------------+


Check APT
---------

Checking available source versions...

Download source files with APT
------------------------------

Reading package lists...
NOTICE: 'libcompress-bzip2-perl' packaging is maintained in the 'Git' version control system at:
https://anonscm.debian.org/git/pkg-perl/packages/libcompress-bzip2-perl.git
Please use:
git clone https://anonscm.debian.org/git/pkg-perl/packages/libcompress-bzip2-perl.git
to retrieve the latest (possibly unreleased) updates to the package.
Need to get 894 kB of source archives.
Get:1 http://127.0.0.1:12990/debian sid/main libcompress-bzip2-perl 2.26-1 (dsc) [2300 B]
Get:2 http://127.0.0.1:12990/debian sid/main libcompress-bzip2-perl 2.26-1 (tar) [887 kB]
Get:3 http://127.0.0.1:12990/debian sid/main libcompress-bzip2-perl 2.26-1 (diff) [4264 B]
Fetched 894 kB in 0s (7892 kB/s)
Download complete and in download only mode
I: NOTICE: Log filtering will replace 'build/libcompress-bzip2-perl-z1RjfU/libcompress-bzip2-perl-2.26' with '<<PKGBUILDDIR>>'
I: NOTICE: Log filtering will replace 'build/libcompress-bzip2-perl-z1RjfU' with '<<BUILDDIR>>'

+------------------------------------------------------------------------------+
| Install package build dependencies                                           |
+------------------------------------------------------------------------------+


Setup apt archive
-----------------

Merged Build-Depends: bzip2, debhelper (>= 9.20120312), libbz2-dev, libtest-pod-perl, perl, build-essential, fakeroot
Filtered Build-Depends: bzip2, debhelper (>= 9.20120312), libbz2-dev, libtest-pod-perl, perl, build-essential, fakeroot
dpkg-deb: building package 'sbuild-build-depends-main-dummy' in '/<<RESOLVERDIR>>/apt_archive/sbuild-build-depends-main-dummy.deb'.
Ign:1 copy:/<<RESOLVERDIR>>/apt_archive ./ InRelease
Get:2 copy:/<<RESOLVERDIR>>/apt_archive ./ Release [957 B]
Ign:3 copy:/<<RESOLVERDIR>>/apt_archive ./ Release.gpg
Get:4 copy:/<<RESOLVERDIR>>/apt_archive ./ Sources [396 B]
Get:5 copy:/<<RESOLVERDIR>>/apt_archive ./ Packages [478 B]
Fetched 1831 B in 0s (60.5 kB/s)
Reading package lists...
Reading package lists...

Install main build dependencies (apt-based resolver)
----------------------------------------------------

Installing build dependencies
Reading package lists...
Building dependency tree...
Reading state information...
The following additional packages will be installed:
  autoconf automake autopoint autotools-dev bsdmainutils debhelper
  dh-autoreconf dh-strip-nondeterminism dwz file gettext gettext-base
  groff-base intltool-debian libarchive-zip-perl libbz2-dev libcroco3
  libdebhelper-perl libelf1 libfile-stripnondeterminism-perl libglib2.0-0
  libicu63 libmagic-mgc libmagic1 libpipeline1 libsigsegv2
  libsub-override-perl libtest-pod-perl libtool libuchardet0 libxml2 m4 man-db
  po-debconf sensible-utils
Suggested packages:
  autoconf-archive gnu-standards autoconf-doc wamerican | wordlist whois
  vacation dh-make gettext-doc libasprintf-dev libgettextpo-dev groff
  libtool-doc gfortran | fortran95-compiler gcj-jdk m4-doc apparmor less
  www-browser libmail-box-perl
Recommended packages:
  curl | wget | lynx bzip2-doc libarchive-cpio-perl libglib2.0-data
  shared-mime-info xdg-user-dirs libltdl-dev libmail-sendmail-perl
The following NEW packages will be installed:
  autoconf automake autopoint autotools-dev bsdmainutils debhelper
  dh-autoreconf dh-strip-nondeterminism dwz file gettext gettext-base
  groff-base intltool-debian libarchive-zip-perl libbz2-dev libcroco3
  libdebhelper-perl libelf1 libfile-stripnondeterminism-perl libglib2.0-0
  libicu63 libmagic-mgc libmagic1 libpipeline1 libsigsegv2
  libsub-override-perl libtest-pod-perl libtool libuchardet0 libxml2 m4 man-db
  po-debconf sbuild-build-depends-main-dummy sensible-utils
0 upgraded, 36 newly installed, 0 to remove and 0 not upgraded.
Need to get 19.2 MB of archives.
After this operation, 70.5 MB of additional disk space will be used.
Get:1 copy:/<<RESOLVERDIR>>/apt_archive ./ sbuild-build-depends-main-dummy 0.invalid.0 [908 B]
Get:2 http://127.0.0.1:12990/debian sid/main amd64 bsdmainutils amd64 11.1.2+b1 [191 kB]
Get:3 http://127.0.0.1:12990/debian sid/main amd64 libuchardet0 amd64 0.0.6-3 [64.9 kB]
Get:4 http://127.0.0.1:12990/debian sid/main amd64 groff-base amd64 1.22.4-4 [919 kB]
Get:5 http://127.0.0.1:12990/debian sid/main amd64 libpipeline1 amd64 1.5.2-2 [33.9 kB]
Get:6 http://127.0.0.1:12990/debian sid/main amd64 man-db amd64 2.9.0-2 [1307 kB]
Get:7 http://127.0.0.1:12990/debian sid/main amd64 sensible-utils all 0.0.12+nmu1 [16.0 kB]
Get:8 http://127.0.0.1:12990/debian sid/main amd64 libmagic-mgc amd64 1:5.38-4 [262 kB]
Get:9 http://127.0.0.1:12990/debian sid/main amd64 libmagic1 amd64 1:5.38-4 [120 kB]
Get:10 http://127.0.0.1:12990/debian sid/main amd64 file amd64 1:5.38-4 [67.9 kB]
Get:11 http://127.0.0.1:12990/debian sid/main amd64 gettext-base amd64 0.19.8.1-10 [123 kB]
Get:12 http://127.0.0.1:12990/debian sid/main amd64 libsigsegv2 amd64 2.12-2 [32.8 kB]
Get:13 http://127.0.0.1:12990/debian sid/main amd64 m4 amd64 1.4.18-4 [203 kB]
Get:14 http://127.0.0.1:12990/debian sid/main amd64 autoconf all 2.69-11.1 [341 kB]
Get:15 http://127.0.0.1:12990/debian sid/main amd64 autotools-dev all 20180224.1 [77.0 kB]
Get:16 http://127.0.0.1:12990/debian sid/main amd64 automake all 1:1.16.1-4 [771 kB]
Get:17 http://127.0.0.1:12990/debian sid/main amd64 autopoint all 0.19.8.1-10 [435 kB]
Get:18 http://127.0.0.1:12990/debian sid/main amd64 libtool all 2.4.6-13 [513 kB]
Get:19 http://127.0.0.1:12990/debian sid/main amd64 dh-autoreconf all 19 [16.9 kB]
Get:20 http://127.0.0.1:12990/debian sid/main amd64 libdebhelper-perl all 12.9 [183 kB]
Get:21 http://127.0.0.1:12990/debian sid/main amd64 libarchive-zip-perl all 1.67-1 [104 kB]
Get:22 http://127.0.0.1:12990/debian sid/main amd64 libsub-override-perl all 0.09-2 [10.2 kB]
Get:23 http://127.0.0.1:12990/debian sid/main amd64 libfile-stripnondeterminism-perl all 1.6.3-2 [23.7 kB]
Get:24 http://127.0.0.1:12990/debian sid/main amd64 dh-strip-nondeterminism all 1.6.3-2 [14.7 kB]
Get:25 http://127.0.0.1:12990/debian sid/main amd64 libelf1 amd64 0.176-1.1 [161 kB]
Get:26 http://127.0.0.1:12990/debian sid/main amd64 dwz amd64 0.13-5 [151 kB]
Get:27 http://127.0.0.1:12990/debian sid/main amd64 libglib2.0-0 amd64 2.62.4-2 [1319 kB]
Get:28 http://127.0.0.1:12990/debian sid/main amd64 libicu63 amd64 63.2-2 [8301 kB]
Get:29 http://127.0.0.1:12990/debian sid/main amd64 libxml2 amd64 2.9.10+dfsg-3 [709 kB]
Get:30 http://127.0.0.1:12990/debian sid/main amd64 libcroco3 amd64 0.6.13-1 [146 kB]
Get:31 http://127.0.0.1:12990/debian sid/main amd64 gettext amd64 0.19.8.1-10 [1303 kB]
Get:32 http://127.0.0.1:12990/debian sid/main amd64 intltool-debian all 0.35.0+20060710.5 [26.8 kB]
Get:33 http://127.0.0.1:12990/debian sid/main amd64 po-debconf all 1.0.21 [248 kB]
Get:34 http://127.0.0.1:12990/debian sid/main amd64 debhelper all 12.9 [994 kB]
Get:35 http://127.0.0.1:12990/debian sid/main amd64 libbz2-dev amd64 1.0.8-2 [30.1 kB]
Get:36 http://127.0.0.1:12990/debian sid/main amd64 libtest-pod-perl all 1.52-1 [14.2 kB]
debconf: delaying package configuration, since apt-utils is not installed
Fetched 19.2 MB in 0s (48.1 MB/s)
Selecting previously unselected package bsdmainutils.
(Reading database ... 13887 files and directories currently installed.)
Preparing to unpack .../00-bsdmainutils_11.1.2+b1_amd64.deb ...
Unpacking bsdmainutils (11.1.2+b1) ...
Selecting previously unselected package libuchardet0:amd64.
Preparing to unpack .../01-libuchardet0_0.0.6-3_amd64.deb ...
Unpacking libuchardet0:amd64 (0.0.6-3) ...
Selecting previously unselected package groff-base.
Preparing to unpack .../02-groff-base_1.22.4-4_amd64.deb ...
Unpacking groff-base (1.22.4-4) ...
Selecting previously unselected package libpipeline1:amd64.
Preparing to unpack .../03-libpipeline1_1.5.2-2_amd64.deb ...
Unpacking libpipeline1:amd64 (1.5.2-2) ...
Selecting previously unselected package man-db.
Preparing to unpack .../04-man-db_2.9.0-2_amd64.deb ...
Unpacking man-db (2.9.0-2) ...
Selecting previously unselected package sensible-utils.
Preparing to unpack .../05-sensible-utils_0.0.12+nmu1_all.deb ...
Unpacking sensible-utils (0.0.12+nmu1) ...
Selecting previously unselected package libmagic-mgc.
Preparing to unpack .../06-libmagic-mgc_1%3a5.38-4_amd64.deb ...
Unpacking libmagic-mgc (1:5.38-4) ...
Selecting previously unselected package libmagic1:amd64.
Preparing to unpack .../07-libmagic1_1%3a5.38-4_amd64.deb ...
Unpacking libmagic1:amd64 (1:5.38-4) ...
Selecting previously unselected package file.
Preparing to unpack .../08-file_1%3a5.38-4_amd64.deb ...
Unpacking file (1:5.38-4) ...
Selecting previously unselected package gettext-base.
Preparing to unpack .../09-gettext-base_0.19.8.1-10_amd64.deb ...
Unpacking gettext-base (0.19.8.1-10) ...
Selecting previously unselected package libsigsegv2:amd64.
Preparing to unpack .../10-libsigsegv2_2.12-2_amd64.deb ...
Unpacking libsigsegv2:amd64 (2.12-2) ...
Selecting previously unselected package m4.
Preparing to unpack .../11-m4_1.4.18-4_amd64.deb ...
Unpacking m4 (1.4.18-4) ...
Selecting previously unselected package autoconf.
Preparing to unpack .../12-autoconf_2.69-11.1_all.deb ...
Unpacking autoconf (2.69-11.1) ...
Selecting previously unselected package autotools-dev.
Preparing to unpack .../13-autotools-dev_20180224.1_all.deb ...
Unpacking autotools-dev (20180224.1) ...
Selecting previously unselected package automake.
Preparing to unpack .../14-automake_1%3a1.16.1-4_all.deb ...
Unpacking automake (1:1.16.1-4) ...
Selecting previously unselected package autopoint.
Preparing to unpack .../15-autopoint_0.19.8.1-10_all.deb ...
Unpacking autopoint (0.19.8.1-10) ...
Selecting previously unselected package libtool.
Preparing to unpack .../16-libtool_2.4.6-13_all.deb ...
Unpacking libtool (2.4.6-13) ...
Selecting previously unselected package dh-autoreconf.
Preparing to unpack .../17-dh-autoreconf_19_all.deb ...
Unpacking dh-autoreconf (19) ...
Selecting previously unselected package libdebhelper-perl.
Preparing to unpack .../18-libdebhelper-perl_12.9_all.deb ...
Unpacking libdebhelper-perl (12.9) ...
Selecting previously unselected package libarchive-zip-perl.
Preparing to unpack .../19-libarchive-zip-perl_1.67-1_all.deb ...
Unpacking libarchive-zip-perl (1.67-1) ...
Selecting previously unselected package libsub-override-perl.
Preparing to unpack .../20-libsub-override-perl_0.09-2_all.deb ...
Unpacking libsub-override-perl (0.09-2) ...
Selecting previously unselected package libfile-stripnondeterminism-perl.
Preparing to unpack .../21-libfile-stripnondeterminism-perl_1.6.3-2_all.deb ...
Unpacking libfile-stripnondeterminism-perl (1.6.3-2) ...
Selecting previously unselected package dh-strip-nondeterminism.
Preparing to unpack .../22-dh-strip-nondeterminism_1.6.3-2_all.deb ...
Unpacking dh-strip-nondeterminism (1.6.3-2) ...
Selecting previously unselected package libelf1:amd64.
Preparing to unpack .../23-libelf1_0.176-1.1_amd64.deb ...
Unpacking libelf1:amd64 (0.176-1.1) ...
Selecting previously unselected package dwz.
Preparing to unpack .../24-dwz_0.13-5_amd64.deb ...
Unpacking dwz (0.13-5) ...
Selecting previously unselected package libglib2.0-0:amd64.
Preparing to unpack .../25-libglib2.0-0_2.62.4-2_amd64.deb ...
Unpacking libglib2.0-0:amd64 (2.62.4-2) ...
Selecting previously unselected package libicu63:amd64.
Preparing to unpack .../26-libicu63_63.2-2_amd64.deb ...
Unpacking libicu63:amd64 (63.2-2) ...
Selecting previously unselected package libxml2:amd64.
Preparing to unpack .../27-libxml2_2.9.10+dfsg-3_amd64.deb ...
Unpacking libxml2:amd64 (2.9.10+dfsg-3) ...
Selecting previously unselected package libcroco3:amd64.
Preparing to unpack .../28-libcroco3_0.6.13-1_amd64.deb ...
Unpacking libcroco3:amd64 (0.6.13-1) ...
Selecting previously unselected package gettext.
Preparing to unpack .../29-gettext_0.19.8.1-10_amd64.deb ...
Unpacking gettext (0.19.8.1-10) ...
Selecting previously unselected package intltool-debian.
Preparing to unpack .../30-intltool-debian_0.35.0+20060710.5_all.deb ...
Unpacking intltool-debian (0.35.0+20060710.5) ...
Selecting previously unselected package po-debconf.
Preparing to unpack .../31-po-debconf_1.0.21_all.deb ...
Unpacking po-debconf (1.0.21) ...
Selecting previously unselected package debhelper.
Preparing to unpack .../32-debhelper_12.9_all.deb ...
Unpacking debhelper (12.9) ...
Selecting previously unselected package libbz2-dev:amd64.
Preparing to unpack .../33-libbz2-dev_1.0.8-2_amd64.deb ...
Unpacking libbz2-dev:amd64 (1.0.8-2) ...
Selecting previously unselected package libtest-pod-perl.
Preparing to unpack .../34-libtest-pod-perl_1.52-1_all.deb ...
Unpacking libtest-pod-perl (1.52-1) ...
Selecting previously unselected package sbuild-build-depends-main-dummy.
Preparing to unpack .../35-sbuild-build-depends-main-dummy_0.invalid.0_amd64.deb ...
Unpacking sbuild-build-depends-main-dummy (0.invalid.0) ...
Setting up libpipeline1:amd64 (1.5.2-2) ...
Setting up libmagic-mgc (1:5.38-4) ...
Setting up libarchive-zip-perl (1.67-1) ...
Setting up libglib2.0-0:amd64 (2.62.4-2) ...
No schema files found: doing nothing.
Setting up libdebhelper-perl (12.9) ...
Setting up libtest-pod-perl (1.52-1) ...
Setting up libmagic1:amd64 (1:5.38-4) ...
Setting up gettext-base (0.19.8.1-10) ...
Setting up file (1:5.38-4) ...
Setting up libicu63:amd64 (63.2-2) ...
Setting up autotools-dev (20180224.1) ...
Setting up libsigsegv2:amd64 (2.12-2) ...
Setting up bsdmainutils (11.1.2+b1) ...
update-alternatives: using /usr/bin/bsd-write to provide /usr/bin/write (write) in auto mode
update-alternatives: using /usr/bin/bsd-from to provide /usr/bin/from (from) in auto mode
Setting up autopoint (0.19.8.1-10) ...
Setting up sensible-utils (0.0.12+nmu1) ...
Setting up libuchardet0:amd64 (0.0.6-3) ...
Setting up libsub-override-perl (0.09-2) ...
Setting up libelf1:amd64 (0.176-1.1) ...
Setting up libxml2:amd64 (2.9.10+dfsg-3) ...
Setting up libbz2-dev:amd64 (1.0.8-2) ...
Setting up libfile-stripnondeterminism-perl (1.6.3-2) ...
Setting up libtool (2.4.6-13) ...
Setting up m4 (1.4.18-4) ...
Setting up libcroco3:amd64 (0.6.13-1) ...
Setting up autoconf (2.69-11.1) ...
Setting up dh-strip-nondeterminism (1.6.3-2) ...
Setting up dwz (0.13-5) ...
Setting up groff-base (1.22.4-4) ...
Setting up automake (1:1.16.1-4) ...
update-alternatives: using /usr/bin/automake-1.16 to provide /usr/bin/automake (automake) in auto mode
Setting up gettext (0.19.8.1-10) ...
Setting up man-db (2.9.0-2) ...
Not building database; man-db/auto-update is not 'true'.
Setting up intltool-debian (0.35.0+20060710.5) ...
Setting up po-debconf (1.0.21) ...
Setting up dh-autoreconf (19) ...
Setting up debhelper (12.9) ...
Setting up sbuild-build-depends-main-dummy (0.invalid.0) ...
Processing triggers for libc-bin (2.29-10) ...

+------------------------------------------------------------------------------+
| Check architectures                                                          |
+------------------------------------------------------------------------------+

Arch check ok (amd64 included in any)

+------------------------------------------------------------------------------+
| Build environment                                                            |
+------------------------------------------------------------------------------+

Kernel: Linux 4.19.0-6-cloud-amd64 #1 SMP Debian 4.19.67-2+deb10u2 (2019-11-11) amd64 (x86_64)
Toolchain package versions: binutils_2.34-3 dpkg-dev_1.19.7 g++-9_9.2.1-29 gcc-9_9.2.1-29 libc6-dev_2.29-10 libstdc++-8-dev_8.3.0-29 libstdc++-9-dev_9.2.1-29 libstdc++6_10-20200222-1 linux-libc-dev_5.4.19-1
Package versions: adduser_3.118 apt_1.8.4 autoconf_2.69-11.1 automake_1:1.16.1-4 autopoint_0.19.8.1-10 autotools-dev_20180224.1 base-files_11 base-passwd_3.5.47 bash_5.0-5 binutils_2.34-3 binutils-common_2.34-3 binutils-x86-64-linux-gnu_2.34-3 bsdmainutils_11.1.2+b1 bsdutils_1:2.34-0.1 build-essential_12.8 bzip2_1.0.8-2 clang-8_1:8.0.1-7 coreutils_8.30-3+b1 cpp_4:9.2.1-3.1 cpp-9_9.2.1-29 dash_0.5.10.2-6 debconf_1.5.73 debhelper_12.9 debian-archive-keyring_2019.1 debianutils_4.9.1 dh-autoreconf_19 dh-strip-nondeterminism_1.6.3-2 diffutils_1:3.7-3 dpkg_1.19.7 dpkg-dev_1.19.7 dwz_0.13-5 e2fsprogs_1.45.5-2 fakeroot_1.24-1 fdisk_2.34-0.1 file_1:5.38-4 findutils_4.7.0-1 g++_4:9.2.1-3.1 g++-9_9.2.1-29 gcc_4:9.2.1-3.1 gcc-10-base_10-20200222-1 gcc-8-base_8.3.0-29 gcc-9_9.2.1-29 gcc-9-base_9.2.1-29 gettext_0.19.8.1-10 gettext-base_0.19.8.1-10 gpgv_2.2.19-1 grep_3.4-1 groff-base_1.22.4-4 gzip_1.9-3+b1 hostname_3.23 init-system-helpers_1.57 intltool-debian_0.35.0+20060710.5 lib32gcc-s1_10-20200222-1 lib32gcc1_1:10-20200222-1 lib32stdc++6_10-20200222-1 libacl1_2.2.53-5 libapt-pkg5.0_1.8.4 libarchive-zip-perl_1.67-1 libasan5_9.2.1-29 libatomic1_10-20200222-1 libattr1_1:2.4.48-5 libaudit-common_1:2.8.5-2 libaudit1_1:2.8.5-2+b1 libbinutils_2.34-3 libblkid1_2.34-0.1 libbsd0_0.10.0-1 libbz2-1.0_1.0.8-2 libbz2-dev_1.0.8-2 libc-bin_2.29-10 libc-dev-bin_2.29-10 libc6_2.29-10 libc6-dev_2.29-10 libc6-i386_2.29-10 libcap-ng0_0.7.9-2.1+b1 libcc1-0_10-20200222-1 libclang-common-8-dev_1:8.0.1-7 libclang1-8_1:8.0.1-7 libcom-err2_1.45.5-2 libcroco3_0.6.13-1 libcrypt-dev_1:4.4.10-10 libcrypt1_1:4.4.10-10 libctf-nobfd0_2.34-3 libctf0_2.34-3 libdb5.3_5.3.28+dfsg1-0.6 libdebconfclient0_0.251 libdebhelper-perl_12.9 libdpkg-perl_1.19.7 libedit2_3.1-20191231-1 libelf1_0.176-1.1 libext2fs2_1.45.5-2 libfakeroot_1.24-1 libfdisk1_2.34-0.1 libffi7_3.3-3 libfile-stripnondeterminism-perl_1.6.3-2 libgc1c2_1:7.6.4-0.4 libgcc-8-dev_8.3.0-29 libgcc-9-dev_9.2.1-29 libgcc-s1_10-20200222-1 libgcc1_1:10-20200222-1 libgcrypt20_1.8.5-5 libgdbm-compat4_1.18.1-5 libgdbm6_1.18.1-5 libglib2.0-0_2.62.4-2 libgmp10_2:6.2.0+dfsg-4 libgnutls30_3.6.12-2 libgomp1_10-20200222-1 libgpg-error0_1.37-1 libhogweed5_3.5.1+really3.5.1-2 libicu63_63.2-2 libidn2-0_2.2.0-2 libisl22_0.22.1-1 libitm1_10-20200222-1 libllvm8_1:8.0.1-7 liblsan0_10-20200222-1 liblz4-1_1.9.2-2 liblzma5_5.2.4-1+b1 libmagic-mgc_1:5.38-4 libmagic1_1:5.38-4 libmount1_2.34-0.1 libmpc3_1.1.0-1 libmpfr6_4.0.2-1 libmpx2_8.3.0-29 libncursesw6_6.1+20191019-1 libnettle7_3.5.1+really3.5.1-2 libobjc-8-dev_8.3.0-29 libobjc-9-dev_9.2.1-29 libobjc4_10-20200222-1 libomp-8-dev_1:8.0.1-7 libomp5-8_1:8.0.1-7 libp11-kit0_0.23.20-1 libpam-modules_1.3.1-5 libpam-modules-bin_1.3.1-5 libpam-runtime_1.3.1-5 libpam0g_1.3.1-5 libpcre2-8-0_10.34-7 libpcre3_2:8.39-12+b1 libperl5.30_5.30.0-9 libpipeline1_1.5.2-2 libquadmath0_10-20200222-1 libseccomp2_2.4.2-2 libselinux1_3.0-1+b1 libsemanage-common_3.0-1 libsemanage1_3.0-1+b1 libsepol1_3.0-1 libsigsegv2_2.12-2 libsmartcols1_2.34-0.1 libss2_1.45.5-2 libstdc++-8-dev_8.3.0-29 libstdc++-9-dev_9.2.1-29 libstdc++6_10-20200222-1 libsub-override-perl_0.09-2 libsystemd0_244.3-1 libtasn1-6_4.16.0-2 libtest-pod-perl_1.52-1 libtinfo6_6.1+20191019-1 libtool_2.4.6-13 libtsan0_10-20200222-1 libubsan1_10-20200222-1 libuchardet0_0.0.6-3 libudev1_244.3-1 libunistring2_0.9.10-2 libuuid1_2.34-0.1 libxml2_2.9.10+dfsg-3 libzstd1_1.4.4+dfsg-3 linux-libc-dev_5.4.19-1 login_1:4.8.1-1 logsave_1.45.5-2 lsb-base_11.1.0 m4_1.4.18-4 make_4.2.1-1.2 man-db_2.9.0-2 mawk_1.3.4.20200120-2 mount_2.34-0.1 ncurses-base_6.1+20191019-1 ncurses-bin_6.1+20191019-1 passwd_1:4.8.1-1 patch_2.7.6-6 perl_5.30.0-9 perl-base_5.30.0-9 perl-modules-5.30_5.30.0-9 po-debconf_1.0.21 sbuild-build-depends-main-dummy_0.invalid.0 sed_4.7-1 sensible-utils_0.0.12+nmu1 sysvinit-utils_2.96-2.1 tar_1.30+dfsg-6+b1 tzdata_2019c-3 util-linux_2.34-0.1 xz-utils_5.2.4-1+b1 zlib1g_1:1.2.11.dfsg-1.2

+------------------------------------------------------------------------------+
| Build                                                                        |
+------------------------------------------------------------------------------+


Unpack source
-------------

-----BEGIN PGP SIGNED MESSAGE-----
Hash: SHA512

Format: 3.0 (quilt)
Source: libcompress-bzip2-perl
Binary: libcompress-bzip2-perl
Architecture: any
Version: 2.26-1
Maintainer: Debian Perl Group <pkg-perl-maintainers@lists.alioth.debian.org>
Uploaders: Xavier Guimard <x.guimard@free.fr>
Homepage: https://metacpan.org/release/Compress-Bzip2
Standards-Version: 4.0.0
Vcs-Browser: https://anonscm.debian.org/cgit/pkg-perl/packages/libcompress-bzip2-perl.git
Vcs-Git: https://anonscm.debian.org/git/pkg-perl/packages/libcompress-bzip2-perl.git
Testsuite: autopkgtest-pkg-perl
Build-Depends: bzip2, debhelper (>= 9.20120312), libbz2-dev, libtest-pod-perl, perl
Package-List:
 libcompress-bzip2-perl deb perl optional arch=any
Checksums-Sha1:
 a22eaea6cc9a161493104dff1fe291b37de108f2 886999 libcompress-bzip2-perl_2.26.orig.tar.gz
 cbc1d10e4a7fe4a2554c00243f76eab792df031b 4264 libcompress-bzip2-perl_2.26-1.debian.tar.xz
Checksums-Sha256:
 5132f0c5f377a54d77ee36d332aa0ece585c22a40f2c31f2619e40262f5c4f0c 886999 libcompress-bzip2-perl_2.26.orig.tar.gz
 d075e488474e9a0165bbbf6c3fca4d397feef0ae1f58c3f717e39a0f7b8fc02a 4264 libcompress-bzip2-perl_2.26-1.debian.tar.xz
Files:
 062aa57d7b83e7eec05cf37dcea643e6 886999 libcompress-bzip2-perl_2.26.orig.tar.gz
 cdf7629732ff4f73e90dd8763551586f 4264 libcompress-bzip2-perl_2.26-1.debian.tar.xz

-----BEGIN PGP SIGNATURE-----

iQKTBAEBCgB9FiEE0eExbpOnYKgQTYX6uzpoAYZJqgYFAllX5/lfFIAAAAAALgAo
aXNzdWVyLWZwckBub3RhdGlvbnMub3BlbnBncC5maWZ0aGhvcnNlbWFuLm5ldEQx
RTEzMTZFOTNBNzYwQTgxMDREODVGQUJCM0E2ODAxODY0OUFBMDYACgkQuzpoAYZJ
qgbQXg/9GUKWVp+KH0SpSRWpU0adM90+Ufe01/IvotxllFppZuuy80DD6cWdE5Zd
gq0LAhMjuM/0h0Ni8BusBn/buqpfuj6Xytj5pDkjdJFuwnZID0b+6Y5XnDJcjq+b
4wYDXU1cZmOWK/EoTTKnl+GyuV4b9XWeHhMNNcxy8kIX97IK1XJs+1Ma+/t75deS
Ouwogu1Wv4nptWa1QfYz47s6P+wZ7/9Pd+g4ZQBD76Wyj2SEjMkeLKiM+iEBQNCy
sKpZJFpGIIPTwRI+j3agFn/7InvFFHwzD+hAiP+ALpR2zZE7vZM5xcbnL7k5OPcS
sA2w/zyovi8u6WOzfktv4vtxPAKf4MH7Z3DyeOZyHBOYZtzaClfVA+b8CyOv5D1A
Wb7QltTj+DtL9Ttzre4+wZo7etuPrXyZn4w8hateRO4+e9GVf9/dZpyRNPUXVFtW
5agxIi012m5gaAWQTxhe3D/WTyH1S5aA9veOb75Q+7zbiGbEkBduc173pyaYWDG9
8m81jTcLe9c75FY2ZLKG/DLtMILtI8IqbedA2UnmZnubpqmfLNtMMQaEhnXHNDKF
epQv0fcm4tvGgP2Wq/h+XdJDkzMM50t7jEDJGpsOw3DTF3ToQ1FK4IDF5JDyG3uC
5UUsrWJ/w6oSABwZkLn3h7uQthwBoGTRpEy9gWncF14GNILO5mw=
=4Bd0
-----END PGP SIGNATURE-----

gpgv: unknown type of key resource 'trustedkeys.kbx'
gpgv: keyblock resource '/sbuild-nonexistent/.gnupg/trustedkeys.kbx': General error
gpgv: Signature made Sat Jul  1 18:20:41 2017 UTC
gpgv:                using RSA key D1E1316E93A760A8104D85FABB3A68018649AA06
gpgv: Can't check signature: No public key
dpkg-source: warning: failed to verify signature on ./libcompress-bzip2-perl_2.26-1.dsc
dpkg-source: info: extracting libcompress-bzip2-perl in /<<PKGBUILDDIR>>
dpkg-source: info: unpacking libcompress-bzip2-perl_2.26.orig.tar.gz
dpkg-source: info: unpacking libcompress-bzip2-perl_2.26-1.debian.tar.xz

Check disk space
----------------

Sufficient free space for build

User Environment
----------------

APT_CONFIG=/var/lib/sbuild/apt.conf
HOME=/sbuild-nonexistent
LANG=C.UTF-8
LC_ALL=C.UTF-8
LOGNAME=user42
PATH=/usr/local/sbin:/usr/local/bin:/usr/sbin:/usr/bin:/sbin:/bin:/usr/games
SCHROOT_ALIAS_NAME=unstable
SCHROOT_CHROOT_NAME=sid-amd64-sbuild
SCHROOT_COMMAND=env
SCHROOT_GID=1001
SCHROOT_GROUP=user42
SCHROOT_SESSION_ID=sid-amd64-sbuild-5165f54d-cce4-4d91-966f-28019a17aabb
SCHROOT_UID=1001
SCHROOT_USER=user42
SHELL=/bin/sh
USER=user42

dpkg-buildpackage
-----------------

Command: dpkg-buildpackage -us -uc -b -rfakeroot
dpkg-buildpackage: info: source package libcompress-bzip2-perl
dpkg-buildpackage: info: source version 2.26-1
dpkg-buildpackage: info: source distribution unstable
dpkg-buildpackage: info: source changed by gregor herrmann <gregoa@debian.org>
 dpkg-source --before-build .
dpkg-buildpackage: info: host architecture amd64
 fakeroot debian/rules clean
dh clean
   dh_clean
 debian/rules build
dh build
   dh_update_autotools_config
   dh_auto_configure
	perl -I. Makefile.PL INSTALLDIRS=vendor "OPTIMIZE=-g -O2 -fdebug-prefix-map=/<<PKGBUILDDIR>>=. -fstack-protector-strong -Wformat -Werror=format-security -Wdate-time -D_FORTIFY_SOURCE=2" "LD=x86_64-linux-gnu-gcc -g -O2 -fdebug-prefix-map=/<<PKGBUILDDIR>>=. -fstack-protector-strong -Wformat -Werror=format-security -Wl,-z,relro -Wl,-z,now"
Parsing config.in...
found bzip2 1.0.8, 13-Jul-2019 installed
Looks Good.
Checking if your kit is complete...
Looks good
Generating a Unix-style Makefile
Writing Makefile for Compress::Bzip2
Writing MYMETA.yml and MYMETA.json
   dh_auto_build
	make -j1
make[1]: Entering directory '/<<PKGBUILDDIR>>'
cp lib/Compress/Bzip2.pm blib/lib/Compress/Bzip2.pm
AutoSplitting blib/lib/Compress/Bzip2.pm (blib/lib/auto/Compress/Bzip2)
Running Mkbootstrap for Bzip2 ()
chmod 644 "Bzip2.bs"
"/usr/bin/perl" -MExtUtils::Command::MM -e 'cp_nonempty' -- Bzip2.bs blib/arch/auto/Compress/Bzip2/Bzip2.bs 644
"/usr/bin/perl" "/usr/share/perl/5.30/ExtUtils/xsubpp"  -typemap '/usr/share/perl/5.30/ExtUtils/typemap' -typemap '/<<PKGBUILDDIR>>/typemap'  Bzip2.xs > Bzip2.xsc
mv Bzip2.xsc Bzip2.c
x86_64-linux-gnu-gcc -c   -D_REENTRANT -D_GNU_SOURCE -DDEBIAN -fwrapv -fno-strict-aliasing -pipe -I/usr/local/include -D_LARGEFILE_SOURCE -D_FILE_OFFSET_BITS=64 -g -O2 -fdebug-prefix-map=/<<PKGBUILDDIR>>=. -fstack-protector-strong -Wformat -Werror=format-security -Wdate-time -D_FORTIFY_SOURCE=2   -DVERSION=\"2.26\" -DXS_VERSION=\"2.26\" -fPIC "-I/usr/lib/x86_64-linux-gnu/perl/5.30/CORE"   Bzip2.c
rm -f blib/arch/auto/Compress/Bzip2/Bzip2.so
x86_64-linux-gnu-gcc -g -O2 -fdebug-prefix-map=/<<PKGBUILDDIR>>=. -fstack-protector-strong -Wformat -Werror=format-security -Wl,-z,relro -Wl,-z,now  -shared -L/usr/local/lib -fstack-protector-strong -Wl,-E  Bzip2.o  -o blib/arch/auto/Compress/Bzip2/Bzip2.so  \
   -lbz2   \
  
chmod 755 blib/arch/auto/Compress/Bzip2/Bzip2.so
Manifying 1 pod document
make[1]: Leaving directory '/<<PKGBUILDDIR>>'
   dh_auto_test
	make -j1 test TEST_VERBOSE=1
make[1]: Entering directory '/<<PKGBUILDDIR>>'
"/usr/bin/perl" -MExtUtils::Command::MM -e 'cp_nonempty' -- Bzip2.bs blib/arch/auto/Compress/Bzip2/Bzip2.bs 644
PERL_DL_NONLAZY=1 "/usr/bin/perl" "-MExtUtils::Command::MM" "-MTest::Harness" "-e" "undef *Test::Harness::Switches; test_harness(1, 'blib/lib', 'blib/arch')" t/*.t
t/010-useability.t ............ 
1..3
ok 1 - use Compress::Bzip2;
ok 2 - constants imported ok
ok 3 - bzlib version is 1.0.8, 13-Jul-2019
ok
t/011-prototype.t ............. 
1..9
ok 1 - use Compress::Bzip2;
ok 2 - bzopen prototype ok
ok 3 - bzopen t/011-tmp-sample.bz2 successful
ok 4 - bzsetparams prototype ok
ok 5 - bzwrite prototype $$$ ok
ok 6 - bzwrite prototype $$ ok
ok 7 - 193 blocks were read, 98696 bytes
ok 8 - bzclose prototype ok
ok 9 - file was closed 0 OK (0)
ok
t/020-compfile.t .............. 
1..5
ok 1 - use Compress::Bzip2;
ok 2 - open was successful
ok 3 - 4 blocks were read, 2027 bytes
ok 4 - file was closed 0 OK (0)
ok 5 - no differences with reference
ok
t/021-compfile.t .............. 
1..7
ok 1 - use Compress::Bzip2;
ok 2 - open was successful
ok 3 - 193 blocks were read, 98696 bytes
ok 4 - file was closed 0 OK (0)
ok 5 - no differences with reference
ok 6 - cpan \#36246 do not shortcut compressing a 0-byte file
ok 7 - filesize > 0
ok
t/022-compfile.t .............. 
1..5
ok 1 - use Compress::Bzip2;
ok 2 - open was successful
ok 3 - 415 blocks were read, 212340 bytes
ok 4 - file was closed 0 OK (0)
ok 5 - no differences with reference
ok
t/023-compfile.t .............. 
1..5
ok 1 - use Compress::Bzip2;
ok 2 - open was successful
ok 3 - 235 blocks were read, 120244 bytes
ok 4 - file was closed 0 OK (0)
ok 5 - no differences with reference
ok
t/024-compfile.t .............. 
1..5
ok 1 - use Compress::Bzip2;
ok 2 - open was successful
ok 3 - 2075 blocks were read, 1061700 bytes, in 5 loops
ok 4 - file was closed 0 OK (0)
ok 5 - no differences with reference
ok
t/025-compfile.t .............. 
1..12
ok 1 - use Compress::Bzip2;
ok 2 - open was successful
ok 3 - 4 data was written, 2027 bytes
ok 4 - flush test of write file, res=0
ok 5 - file was closed 0 OK (0)
ok 6 - something was read in, 2027 bytes
ok 7 - flush wrote out something, 983 bytes
ok 8 - something was written out, 994 bytes
ok 9 - file trailer written by bzclose
ok 10 - total_in should be 2027, is 2027
ok 11 - total_out should be 994, is 994
ok 12 - no differences with reference
ok
t/026-compfile.t .............. 
1..12
ok 1 - use Compress::Bzip2;
ok 2 - open was successful
ok 3 - 415 data was written, 212340 bytes
ok 4 - flush test of write file, res=0
ok 5 - file was closed 0 OK (0)
ok 6 - something was read in, 212340 bytes
ok 7 - flush wrote out something, 78724 bytes
ok 8 - something was written out, 78736 bytes
ok 9 - file trailer written by bzclose
ok 10 - total_in should be 212340, is 212340
ok 11 - total_out should be 78736, is 78736
ok 12 - no differences with reference
ok
t/030-uncompfile.t ............ 
1..5
ok 1 - use Compress::Bzip2;
ok 2 - open was successful
ok 3 - 4 data was written, 2027 bytes
ok 4 - file was closed 0 OK (0)
ok 5 - no differences with decompressing $INFILE
ok
t/031-uncompfile.t ............ 
1..5
ok 1 - use Compress::Bzip2;
ok 2 - open was successful
ok 3 - 193 data was written, 98696 bytes
ok 4 - file was closed 0 OK (0)
ok 5 - no differences with decompressing $INFILE
ok
t/032-uncompfile.t ............ 
1..7
ok 1 - use Compress::Bzip2;
ok 2 - open was successful
ok 3 - not at EOF
ok 4 - at EOF
ok 5 - 415 data was written, 212340 bytes
ok 6 - file was closed 0 OK (0)
ok 7 - no differences with decompressing $INFILE
ok
t/033-uncompfile.t ............ 
1..5
ok 1 - use Compress::Bzip2;
ok 2 - open was successful
ok 3 - 235 data was written, 120244 bytes
ok 4 - file was closed 0 OK (0)
ok 5 - no differences with decompressing bzlib-src/sample3.bz2
ok
t/034-uncompfile.t ............ 
1..5
ok 1 - use Compress::Bzip2;
ok 2 - open was successful
ok 3 - 2121 blocks were read, 1085656 bytes
ok 4 - file was closed 0 OK (0)
ok 5 - no differences with decompressing bzlib-src/sample1.ref times 11
ok
t/035-uncompreadline.t ........ 
ok 1 - use Compress::Bzip2;
ok 2 - open was successful
ok 3 - 4 blocks were written, 2027 bytes
ok 4 - file was closed 0 OK (0)
ok 5 - no differences with decompressing $INFILE
ok 6 - readline open was successful
ok 7 - readline linecount is 39, should be 39
ok 8 - readline maximum line length is 78, should be 78
ok 9 - readline minimum line length is 0, should be 0
ok 10 - readline first line is 'That's great, it starts with an earthquake, birds and snakes, an aeroplane -', should be 'That's great, it starts with an earthquake, birds and snakes, an aeroplane -'
ok 11 - readline last line is '(It's time I had some time alone)', should be '(It's time I had some time alone)'
1..11
ok
t/040-memory.t ................ 
1..15
ok 1 - use Compress::Bzip2;
ok 2 - compressed starts with bzip magic header
ok 3 - string was not inouted
ok 4 - string compression - 133 vs 131
ok 5 - uncompressed is same as the original
ok 6 - x10 string was not inouted
ok 7 - x10 string compression - 209 vs 1310
ok 8 - x10 uncompressed is same as the original
ok 9 - bzip1 string was not inouted
ok 10 - bzip1 string compression - 133 vs 131
ok 11 - bzip1 decompress is same as the original
ok 12 - sample0 uncompressed w/o header
ok 13
ok 14 - sample0 uncompressed w/ header
ok 15
ok
t/041-double-free.t ........... 
1..1
ok 1 - use Compress::Bzip2;
a
ok
Warning: unable to close filehandle $out properly: Bad file descriptor at t/041-error.t line 63.
t/041-error.t ................. 
1..9
ok 1 - use Compress::Bzip2;
ok 2 - object created in spite of error
ok 3 - error is set 'PARAM_ERROR' vs 'PARAM_ERROR (-2)'
ok 4 - after bzclearerr, error is not set '' vs 'PARAM_ERROR (-2)'
ok 5 - bzopen with file handle instead of file
ok 6 - file was closed 0 OK (0)
ok 7 - no differences with bzlib-src/sample0.bz2 reference
ok 8 - open failed
ok 9 - error set, is 'IO_ERROR' 'IO_ERROR (-6): 13 Permission denied'
ok
t/050-deflate.t ............... 
1..4
ok 1 - use Compress::Bzip2;
ok 2 - bzdeflateInit was successful
ok 3 - 416 blocks read, 212340 bytes in, 73732 bytes out
ok 4 - no differences with stream compressing bzlib-src/sample2.ref
ok
t/051-deflate-flush.t ......... 
1..5
ok 1 - use Compress::Bzip2;
ok 2 - bzdeflateInit was successful
ok 3 - 416 blocks read, 212340 bytes in, 83213 bytes out
ok 4 - successful flushes at 50,000 - 4
ok 5 - no differences with 50k stream compressing bzlib-src/sample2.ref
ok
t/060-inflate.t ............... 
1..5
ok 1 - use Compress::Bzip2;
ok 2 - bzinflateInit was successful
ok 3 - bzclose was successful
ok 4 - 145 blocks read, 73732 bytes in, 212340 bytes out
ok 5 - no differences with decompressing $INFILE
ok
t/070-gzcomp.t ................ 
1..5
ok 1 - use Compress::Bzip2;
ok 2 - gzopen was successful
ok 3 - 4 blocks were read, 2027 bytes
ok 4 - file was closed 0 OK (0)
ok 5 - no differences with reference
ok
t/071-gzuncomp.t .............. 
1..5
ok 1 - use Compress::Bzip2;
ok 2 - open was successful
ok 3 - 4 data was written, 2027 bytes
ok 4 - file was closed 0 OK (0)
ok 5 - no differences with decompressing $INFILE
ok
t/080-version.t ............... 
1..3
ok 1 - use Compress::Bzip2;
ok 2 - module version 2.26
ok 3 - library version 1.0.8, 13-Jul-2019
ok
t/081-basic.t ................. 
1..208
ok 1 - empty string
ok 2 - undef fails
ok 3 - alphanumerics
ok 4 - FOO
ok 5 - bar
ok 6 - spaces
ok 7 - reference tests
ok 8 - 100 random strings
ok 9 - long string 1
ok 10 - long string 2
ok 11 - long string 3
ok 12 - long string 4
ok 13 - long string 5
ok 14 - long string 6
ok 15 - long string 7
ok 16 - long string 8
ok 17 - long string 9
ok 18 - long string 10
ok 19 - long string 11
ok 20 - long string 12
ok 21 - long string 13
ok 22 - long string 14
ok 23 - long string 15
ok 24 - long string 16
ok 25 - long string 17
ok 26 - long string 18
ok 27 - long string 19
ok 28 - long string 20
ok 29 - long string 21
ok 30 - long string 22
ok 31 - long string 23
ok 32 - long string 24
ok 33 - long string 25
ok 34 - long string 26
ok 35 - long string 27
ok 36 - long string 28
ok 37 - long string 29
ok 38 - long string 30
ok 39 - long string 31
ok 40 - long string 32
ok 41 - long string 33
ok 42 - long string 34
ok 43 - long string 35
ok 44 - long string 36
ok 45 - long string 37
ok 46 - long string 38
ok 47 - long string 39
ok 48 - long string 40
ok 49 - long string 41
ok 50 - long string 42
ok 51 - long string 43
ok 52 - long string 44
ok 53 - long string 45
ok 54 - long string 46
ok 55 - long string 47
ok 56 - long string 48
ok 57 - long string 49
ok 58 - long string 50
ok 59 - long string 51
ok 60 - long string 52
ok 61 - long string 53
ok 62 - long string 54
ok 63 - long string 55
ok 64 - long string 56
ok 65 - long string 57
ok 66 - long string 58
ok 67 - long string 59
ok 68 - long string 60
ok 69 - long string 61
ok 70 - long string 62
ok 71 - long string 63
ok 72 - long string 64
ok 73 - long string 65
ok 74 - long string 66
ok 75 - long string 67
ok 76 - long string 68
ok 77 - long string 69
ok 78 - long string 70
ok 79 - long string 71
ok 80 - long string 72
ok 81 - long string 73
ok 82 - long string 74
ok 83 - long string 75
ok 84 - long string 76
ok 85 - long string 77
ok 86 - long string 78
ok 87 - long string 79
ok 88 - long string 80
ok 89 - long string 81
ok 90 - long string 82
ok 91 - long string 83
ok 92 - long string 84
ok 93 - long string 85
ok 94 - long string 86
ok 95 - long string 87
ok 96 - long string 88
ok 97 - long string 89
ok 98 - long string 90
ok 99 - long string 91
ok 100 - long string 92
ok 101 - long string 93
ok 102 - long string 94
ok 103 - long string 95
ok 104 - long string 96
ok 105 - long string 97
ok 106 - long string 98
ok 107 - long string 99
ok 108 - long string 100
ok 109 - binary string 1
ok 110 - binary string 2
ok 111 - binary string 3
ok 112 - binary string 4
ok 113 - binary string 5
ok 114 - binary string 6
ok 115 - binary string 7
ok 116 - binary string 8
ok 117 - binary string 9
ok 118 - binary string 10
ok 119 - binary string 11
ok 120 - binary string 12
ok 121 - binary string 13
ok 122 - binary string 14
ok 123 - binary string 15
ok 124 - binary string 16
ok 125 - binary string 17
ok 126 - binary string 18
ok 127 - binary string 19
ok 128 - binary string 20
ok 129 - binary string 21
ok 130 - binary string 22
ok 131 - binary string 23
ok 132 - binary string 24
ok 133 - binary string 25
ok 134 - binary string 26
ok 135 - binary string 27
ok 136 - binary string 28
ok 137 - binary string 29
ok 138 - binary string 30
ok 139 - binary string 31
ok 140 - binary string 32
ok 141 - binary string 33
ok 142 - binary string 34
ok 143 - binary string 35
ok 144 - binary string 36
ok 145 - binary string 37
ok 146 - binary string 38
ok 147 - binary string 39
ok 148 - binary string 40
ok 149 - binary string 41
ok 150 - binary string 42
ok 151 - binary string 43
ok 152 - binary string 44
ok 153 - binary string 45
ok 154 - binary string 46
ok 155 - binary string 47
ok 156 - binary string 48
ok 157 - binary string 49
ok 158 - binary string 50
ok 159 - binary string 51
ok 160 - binary string 52
ok 161 - binary string 53
ok 162 - binary string 54
ok 163 - binary string 55
ok 164 - binary string 56
ok 165 - binary string 57
ok 166 - binary string 58
ok 167 - binary string 59
ok 168 - binary string 60
ok 169 - binary string 61
ok 170 - binary string 62
ok 171 - binary string 63
ok 172 - binary string 64
ok 173 - binary string 65
ok 174 - binary string 66
ok 175 - binary string 67
ok 176 - binary string 68
ok 177 - binary string 69
ok 178 - binary string 70
ok 179 - binary string 71
ok 180 - binary string 72
ok 181 - binary string 73
ok 182 - binary string 74
ok 183 - binary string 75
ok 184 - binary string 76
ok 185 - binary string 77
ok 186 - binary string 78
ok 187 - binary string 79
ok 188 - binary string 80
ok 189 - binary string 81
ok 190 - binary string 82
ok 191 - binary string 83
ok 192 - binary string 84
ok 193 - binary string 85
ok 194 - binary string 86
ok 195 - binary string 87
ok 196 - binary string 88
ok 197 - binary string 89
ok 198 - binary string 90
ok 199 - binary string 91
ok 200 - binary string 92
ok 201 - binary string 93
ok 202 - binary string 94
ok 203 - binary string 95
ok 204 - binary string 96
ok 205 - binary string 97
ok 206 - binary string 98
ok 207 - binary string 99
ok 208 - binary string 100
ok
t/082-stream.t ................ 
1..208
ok 1 - empty string
ok 2 - undef
ok 3 - alphanumerics
ok 4 - FOO
ok 5 - bar
ok 6 - spaces
ok 7 - reference tests
ok 8 - 100 random strings
ok 9 - long string 1
ok 10 - long string 2
ok 11 - long string 3
ok 12 - long string 4
ok 13 - long string 5
ok 14 - long string 6
ok 15 - long string 7
ok 16 - long string 8
ok 17 - long string 9
ok 18 - long string 10
ok 19 - long string 11
ok 20 - long string 12
ok 21 - long string 13
ok 22 - long string 14
ok 23 - long string 15
ok 24 - long string 16
ok 25 - long string 17
ok 26 - long string 18
ok 27 - long string 19
ok 28 - long string 20
ok 29 - long string 21
ok 30 - long string 22
ok 31 - long string 23
ok 32 - long string 24
ok 33 - long string 25
ok 34 - long string 26
ok 35 - long string 27
ok 36 - long string 28
ok 37 - long string 29
ok 38 - long string 30
ok 39 - long string 31
ok 40 - long string 32
ok 41 - long string 33
ok 42 - long string 34
ok 43 - long string 35
ok 44 - long string 36
ok 45 - long string 37
ok 46 - long string 38
ok 47 - long string 39
ok 48 - long string 40
ok 49 - long string 41
ok 50 - long string 42
ok 51 - long string 43
ok 52 - long string 44
ok 53 - long string 45
ok 54 - long string 46
ok 55 - long string 47
ok 56 - long string 48
ok 57 - long string 49
ok 58 - long string 50
ok 59 - long string 51
ok 60 - long string 52
ok 61 - long string 53
ok 62 - long string 54
ok 63 - long string 55
ok 64 - long string 56
ok 65 - long string 57
ok 66 - long string 58
ok 67 - long string 59
ok 68 - long string 60
ok 69 - long string 61
ok 70 - long string 62
ok 71 - long string 63
ok 72 - long string 64
ok 73 - long string 65
ok 74 - long string 66
ok 75 - long string 67
ok 76 - long string 68
ok 77 - long string 69
ok 78 - long string 70
ok 79 - long string 71
ok 80 - long string 72
ok 81 - long string 73
ok 82 - long string 74
ok 83 - long string 75
ok 84 - long string 76
ok 85 - long string 77
ok 86 - long string 78
ok 87 - long string 79
ok 88 - long string 80
ok 89 - long string 81
ok 90 - long string 82
ok 91 - long string 83
ok 92 - long string 84
ok 93 - long string 85
ok 94 - long string 86
ok 95 - long string 87
ok 96 - long string 88
ok 97 - long string 89
ok 98 - long string 90
ok 99 - long string 91
ok 100 - long string 92
ok 101 - long string 93
ok 102 - long string 94
ok 103 - long string 95
ok 104 - long string 96
ok 105 - long string 97
ok 106 - long string 98
ok 107 - long string 99
ok 108 - long string 100
ok 109 - binary string 1
ok 110 - binary string 2
ok 111 - binary string 3
ok 112 - binary string 4
ok 113 - binary string 5
ok 114 - binary string 6
ok 115 - binary string 7
ok 116 - binary string 8
ok 117 - binary string 9
ok 118 - binary string 10
ok 119 - binary string 11
ok 120 - binary string 12
ok 121 - binary string 13
ok 122 - binary string 14
ok 123 - binary string 15
ok 124 - binary string 16
ok 125 - binary string 17
ok 126 - binary string 18
ok 127 - binary string 19
ok 128 - binary string 20
ok 129 - binary string 21
ok 130 - binary string 22
ok 131 - binary string 23
ok 132 - binary string 24
ok 133 - binary string 25
ok 134 - binary string 26
ok 135 - binary string 27
ok 136 - binary string 28
ok 137 - binary string 29
ok 138 - binary string 30
ok 139 - binary string 31
ok 140 - binary string 32
ok 141 - binary string 33
ok 142 - binary string 34
ok 143 - binary string 35
ok 144 - binary string 36
ok 145 - binary string 37
ok 146 - binary string 38
ok 147 - binary string 39
ok 148 - binary string 40
ok 149 - binary string 41
ok 150 - binary string 42
ok 151 - binary string 43
ok 152 - binary string 44
ok 153 - binary string 45
ok 154 - binary string 46
ok 155 - binary string 47
ok 156 - binary string 48
ok 157 - binary string 49
ok 158 - binary string 50
ok 159 - binary string 51
ok 160 - binary string 52
ok 161 - binary string 53
ok 162 - binary string 54
ok 163 - binary string 55
ok 164 - binary string 56
ok 165 - binary string 57
ok 166 - binary string 58
ok 167 - binary string 59
ok 168 - binary string 60
ok 169 - binary string 61
ok 170 - binary string 62
ok 171 - binary string 63
ok 172 - binary string 64
ok 173 - binary string 65
ok 174 - binary string 66
ok 175 - binary string 67
ok 176 - binary string 68
ok 177 - binary string 69
ok 178 - binary string 70
ok 179 - binary string 71
ok 180 - binary string 72
ok 181 - binary string 73
ok 182 - binary string 74
ok 183 - binary string 75
ok 184 - binary string 76
ok 185 - binary string 77
ok 186 - binary string 78
ok 187 - binary string 79
ok 188 - binary string 80
ok 189 - binary string 81
ok 190 - binary string 82
ok 191 - binary string 83
ok 192 - binary string 84
ok 193 - binary string 85
ok 194 - binary string 86
ok 195 - binary string 87
ok 196 - binary string 88
ok 197 - binary string 89
ok 198 - binary string 90
ok 199 - binary string 91
ok 200 - binary string 92
ok 201 - binary string 93
ok 202 - binary string 94
ok 203 - binary string 95
ok 204 - binary string 96
ok 205 - binary string 97
ok 206 - binary string 98
ok 207 - binary string 99
ok 208 - binary string 100
ok
t/900_kwalitee.t .............. skipped: This test is only run for the module author
t/900_leaktrace.t ............. skipped: require Test::LeakTrace
t/900_meta.t .................. skipped: This test is only run for the module author
t/900_perl_minimum_version.t .. skipped: Author tests not required for installation
t/900_pod-coverage.t .......... skipped: This test is only run for the module author
t/900_pod.t ................... 
1..1
ok 1 - POD test for blib/lib/Compress/Bzip2.pm
ok
All tests successful.
Files=32, Tests=570,  8 wallclock secs ( 0.15 usr  0.02 sys +  6.50 cusr  0.93 csys =  7.60 CPU)
Result: PASS
make[1]: Leaving directory '/<<PKGBUILDDIR>>'
 fakeroot debian/rules binary
dh binary
   dh_testroot
   dh_prep
   dh_auto_install
	make -j1 install DESTDIR=/<<PKGBUILDDIR>>/debian/libcompress-bzip2-perl AM_UPDATE_INFO_DIR=no PREFIX=/usr
make[1]: Entering directory '/<<PKGBUILDDIR>>'
"/usr/bin/perl" -MExtUtils::Command::MM -e 'cp_nonempty' -- Bzip2.bs blib/arch/auto/Compress/Bzip2/Bzip2.bs 644
Manifying 1 pod document
Files found in blib/arch: installing files in blib/lib into architecture dependent library tree
Installing /<<PKGBUILDDIR>>/debian/libcompress-bzip2-perl/usr/lib/x86_64-linux-gnu/perl5/5.30/auto/Compress/Bzip2/Bzip2.so
Installing /<<PKGBUILDDIR>>/debian/libcompress-bzip2-perl/usr/lib/x86_64-linux-gnu/perl5/5.30/Compress/Bzip2.pm
Installing /<<PKGBUILDDIR>>/debian/libcompress-bzip2-perl/usr/lib/x86_64-linux-gnu/perl5/5.30/auto/Compress/Bzip2/autosplit.ix
Installing /<<PKGBUILDDIR>>/debian/libcompress-bzip2-perl/usr/share/man/man3/Compress::Bzip2.3pm
make[1]: Leaving directory '/<<PKGBUILDDIR>>'
   dh_installdocs
   dh_installchangelogs
   dh_installman
   dh_perl
   dh_link
   dh_strip_nondeterminism
   dh_compress
   dh_fixperms
   dh_missing
   dh_strip
   dh_makeshlibs
   dh_shlibdeps
   dh_installdeb
   dh_gencontrol
   dh_md5sums
   dh_builddeb
dpkg-deb: building package 'libcompress-bzip2-perl' in '../libcompress-bzip2-perl_2.26-1_amd64.deb'.
dpkg-deb: building package 'libcompress-bzip2-perl-dbgsym' in '../libcompress-bzip2-perl-dbgsym_2.26-1_amd64.deb'.
 dpkg-genbuildinfo --build=binary
 dpkg-genchanges --build=binary >../libcompress-bzip2-perl_2.26-1_amd64.changes
dpkg-genchanges: info: binary-only upload (no source code included)
 dpkg-source --after-build .
dpkg-buildpackage: info: binary-only upload (no source included)
--------------------------------------------------------------------------------
Build finished at 2020-02-25T01:14:36Z

Finished
--------

I: Built successfully

+------------------------------------------------------------------------------+
| Changes                                                                      |
+------------------------------------------------------------------------------+


libcompress-bzip2-perl_2.26-1_amd64.changes:
--------------------------------------------

Format: 1.8
Date: Sat, 01 Jul 2017 20:20:02 +0200
Source: libcompress-bzip2-perl
Binary: libcompress-bzip2-perl libcompress-bzip2-perl-dbgsym
Architecture: amd64
Version: 2.26-1
Distribution: unstable
Urgency: medium
Maintainer: Debian Perl Group <pkg-perl-maintainers@lists.alioth.debian.org>
Changed-By: gregor herrmann <gregoa@debian.org>
Description:
 libcompress-bzip2-perl - Perl interface to Bzip2 compression library
Changes:
 libcompress-bzip2-perl (2.26-1) unstable; urgency=medium
 .
   * Team upload.
   * Import upstream version 2.26.
   * Declare compliance with Debian Policy 4.0.0.
Checksums-Sha1:
 e8e265d2872e3b259cf58ffcaffc960c79768c7d 44260 libcompress-bzip2-perl-dbgsym_2.26-1_amd64.deb
 fa57535b9684199f415e2e13cfef5eda07123eb2 5314 libcompress-bzip2-perl_2.26-1_amd64.buildinfo
 82194ff9cea9b29ddd0bf13e7d7fe8e4d9965441 55460 libcompress-bzip2-perl_2.26-1_amd64.deb
Checksums-Sha256:
 64c27bf1572a16ee343d78e5b5c6ff8a246e351e00276694211d180651e1323d 44260 libcompress-bzip2-perl-dbgsym_2.26-1_amd64.deb
 c8f0da29a3f20309926768240c779f114b79b4789e081402543a851b7169aa7b 5314 libcompress-bzip2-perl_2.26-1_amd64.buildinfo
 a465d94536e7de5bf3f1d19da87e6cce7b6a6a2b20d4dd37061dd60aca1766d2 55460 libcompress-bzip2-perl_2.26-1_amd64.deb
Files:
 23368377f3f8c1ab2ceea3ee63a1692d 44260 debug optional libcompress-bzip2-perl-dbgsym_2.26-1_amd64.deb
 a517158595bd1ed19f7870939ea1a7ae 5314 perl optional libcompress-bzip2-perl_2.26-1_amd64.buildinfo
 4dfc887ab3071b17da21416e21a6af01 55460 perl optional libcompress-bzip2-perl_2.26-1_amd64.deb

+------------------------------------------------------------------------------+
| Buildinfo                                                                    |
+------------------------------------------------------------------------------+

Format: 1.0
Source: libcompress-bzip2-perl
Binary: libcompress-bzip2-perl
Architecture: amd64
Version: 2.26-1
Checksums-Md5:
 23368377f3f8c1ab2ceea3ee63a1692d 44260 libcompress-bzip2-perl-dbgsym_2.26-1_amd64.deb
 4dfc887ab3071b17da21416e21a6af01 55460 libcompress-bzip2-perl_2.26-1_amd64.deb
Checksums-Sha1:
 e8e265d2872e3b259cf58ffcaffc960c79768c7d 44260 libcompress-bzip2-perl-dbgsym_2.26-1_amd64.deb
 82194ff9cea9b29ddd0bf13e7d7fe8e4d9965441 55460 libcompress-bzip2-perl_2.26-1_amd64.deb
Checksums-Sha256:
 64c27bf1572a16ee343d78e5b5c6ff8a246e351e00276694211d180651e1323d 44260 libcompress-bzip2-perl-dbgsym_2.26-1_amd64.deb
 a465d94536e7de5bf3f1d19da87e6cce7b6a6a2b20d4dd37061dd60aca1766d2 55460 libcompress-bzip2-perl_2.26-1_amd64.deb
Build-Origin: Debian
Build-Architecture: amd64
Build-Date: Tue, 25 Feb 2020 01:14:36 +0000
Build-Path: /<<PKGBUILDDIR>>
Installed-Build-Depends:
 autoconf (= 2.69-11.1),
 automake (= 1:1.16.1-4),
 autopoint (= 0.19.8.1-10),
 autotools-dev (= 20180224.1),
 base-files (= 11),
 base-passwd (= 3.5.47),
 bash (= 5.0-5),
 binutils (= 2.34-3),
 binutils-common (= 2.34-3),
 binutils-x86-64-linux-gnu (= 2.34-3),
 bsdmainutils (= 11.1.2+b1),
 bsdutils (= 1:2.34-0.1),
 build-essential (= 12.8),
 bzip2 (= 1.0.8-2),
 clang-8 (= 1:8.0.1-7),
 coreutils (= 8.30-3+b1),
 cpp (= 4:9.2.1-3.1),
 cpp-9 (= 9.2.1-29),
 dash (= 0.5.10.2-6),
 debconf (= 1.5.73),
 debhelper (= 12.9),
 debianutils (= 4.9.1),
 dh-autoreconf (= 19),
 dh-strip-nondeterminism (= 1.6.3-2),
 diffutils (= 1:3.7-3),
 dpkg (= 1.19.7),
 dpkg-dev (= 1.19.7),
 dwz (= 0.13-5),
 fdisk (= 2.34-0.1),
 file (= 1:5.38-4),
 findutils (= 4.7.0-1),
 g++ (= 4:9.2.1-3.1),
 g++-9 (= 9.2.1-29),
 gcc (= 4:9.2.1-3.1),
 gcc-10-base (= 10-20200222-1),
 gcc-8-base (= 8.3.0-29),
 gcc-9 (= 9.2.1-29),
 gcc-9-base (= 9.2.1-29),
 gettext (= 0.19.8.1-10),
 gettext-base (= 0.19.8.1-10),
 grep (= 3.4-1),
 groff-base (= 1.22.4-4),
 gzip (= 1.9-3+b1),
 hostname (= 3.23),
 init-system-helpers (= 1.57),
 intltool-debian (= 0.35.0+20060710.5),
 lib32gcc-s1 (= 10-20200222-1),
 lib32gcc1 (= 1:10-20200222-1),
 lib32stdc++6 (= 10-20200222-1),
 libacl1 (= 2.2.53-5),
 libarchive-zip-perl (= 1.67-1),
 libasan5 (= 9.2.1-29),
 libatomic1 (= 10-20200222-1),
 libattr1 (= 1:2.4.48-5),
 libaudit-common (= 1:2.8.5-2),
 libaudit1 (= 1:2.8.5-2+b1),
 libbinutils (= 2.34-3),
 libblkid1 (= 2.34-0.1),
 libbsd0 (= 0.10.0-1),
 libbz2-1.0 (= 1.0.8-2),
 libbz2-dev (= 1.0.8-2),
 libc-bin (= 2.29-10),
 libc-dev-bin (= 2.29-10),
 libc6 (= 2.29-10),
 libc6-dev (= 2.29-10),
 libc6-i386 (= 2.29-10),
 libcap-ng0 (= 0.7.9-2.1+b1),
 libcc1-0 (= 10-20200222-1),
 libclang-common-8-dev (= 1:8.0.1-7),
 libclang1-8 (= 1:8.0.1-7),
 libcroco3 (= 0.6.13-1),
 libcrypt-dev (= 1:4.4.10-10),
 libcrypt1 (= 1:4.4.10-10),
 libctf-nobfd0 (= 2.34-3),
 libctf0 (= 2.34-3),
 libdb5.3 (= 5.3.28+dfsg1-0.6),
 libdebconfclient0 (= 0.251),
 libdebhelper-perl (= 12.9),
 libdpkg-perl (= 1.19.7),
 libedit2 (= 3.1-20191231-1),
 libelf1 (= 0.176-1.1),
 libfdisk1 (= 2.34-0.1),
 libffi7 (= 3.3-3),
 libfile-stripnondeterminism-perl (= 1.6.3-2),
 libgc1c2 (= 1:7.6.4-0.4),
 libgcc-8-dev (= 8.3.0-29),
 libgcc-9-dev (= 9.2.1-29),
 libgcc-s1 (= 10-20200222-1),
 libgcc1 (= 1:10-20200222-1),
 libgcrypt20 (= 1.8.5-5),
 libgdbm-compat4 (= 1.18.1-5),
 libgdbm6 (= 1.18.1-5),
 libglib2.0-0 (= 2.62.4-2),
 libgmp10 (= 2:6.2.0+dfsg-4),
 libgomp1 (= 10-20200222-1),
 libgpg-error0 (= 1.37-1),
 libicu63 (= 63.2-2),
 libisl22 (= 0.22.1-1),
 libitm1 (= 10-20200222-1),
 libllvm8 (= 1:8.0.1-7),
 liblsan0 (= 10-20200222-1),
 liblz4-1 (= 1.9.2-2),
 liblzma5 (= 5.2.4-1+b1),
 libmagic-mgc (= 1:5.38-4),
 libmagic1 (= 1:5.38-4),
 libmount1 (= 2.34-0.1),
 libmpc3 (= 1.1.0-1),
 libmpfr6 (= 4.0.2-1),
 libmpx2 (= 8.3.0-29),
 libncursesw6 (= 6.1+20191019-1),
 libobjc-8-dev (= 8.3.0-29),
 libobjc4 (= 10-20200222-1),
 libpam-modules (= 1.3.1-5),
 libpam-modules-bin (= 1.3.1-5),
 libpam-runtime (= 1.3.1-5),
 libpam0g (= 1.3.1-5),
 libpcre2-8-0 (= 10.34-7),
 libpcre3 (= 2:8.39-12+b1),
 libperl5.30 (= 5.30.0-9),
 libpipeline1 (= 1.5.2-2),
 libquadmath0 (= 10-20200222-1),
 libseccomp2 (= 2.4.2-2),
 libselinux1 (= 3.0-1+b1),
 libsigsegv2 (= 2.12-2),
 libsmartcols1 (= 2.34-0.1),
 libstdc++-8-dev (= 8.3.0-29),
 libstdc++-9-dev (= 9.2.1-29),
 libstdc++6 (= 10-20200222-1),
 libsub-override-perl (= 0.09-2),
 libsystemd0 (= 244.3-1),
 libtest-pod-perl (= 1.52-1),
 libtinfo6 (= 6.1+20191019-1),
 libtool (= 2.4.6-13),
 libtsan0 (= 10-20200222-1),
 libubsan1 (= 10-20200222-1),
 libuchardet0 (= 0.0.6-3),
 libudev1 (= 244.3-1),
 libunistring2 (= 0.9.10-2),
 libuuid1 (= 2.34-0.1),
 libxml2 (= 2.9.10+dfsg-3),
 linux-libc-dev (= 5.4.19-1),
 login (= 1:4.8.1-1),
 lsb-base (= 11.1.0),
 m4 (= 1.4.18-4),
 make (= 4.2.1-1.2),
 man-db (= 2.9.0-2),
 mawk (= 1.3.4.20200120-2),
 ncurses-base (= 6.1+20191019-1),
 ncurses-bin (= 6.1+20191019-1),
 patch (= 2.7.6-6),
 perl (= 5.30.0-9),
 perl-base (= 5.30.0-9),
 perl-modules-5.30 (= 5.30.0-9),
 po-debconf (= 1.0.21),
 sed (= 4.7-1),
 sensible-utils (= 0.0.12+nmu1),
 sysvinit-utils (= 2.96-2.1),
 tar (= 1.30+dfsg-6+b1),
 util-linux (= 2.34-0.1),
 xz-utils (= 5.2.4-1+b1),
 zlib1g (= 1:1.2.11.dfsg-1.2)
Environment:
 DEB_BUILD_OPTIONS="parallel=4"
 LANG="C.UTF-8"
 LC_ALL="C.UTF-8"
 SOURCE_DATE_EPOCH="1498933202"


+------------------------------------------------------------------------------+
| Package contents                                                             |
+------------------------------------------------------------------------------+


libcompress-bzip2-perl-dbgsym_2.26-1_amd64.deb
----------------------------------------------

 new Debian package, version 2.0.
 size 44260 bytes: control archive=544 bytes.
     419 bytes,    12 lines      control              
     106 bytes,     1 lines      md5sums              
 Package: libcompress-bzip2-perl-dbgsym
 Source: libcompress-bzip2-perl
 Version: 2.26-1
 Auto-Built-Package: debug-symbols
 Architecture: amd64
 Maintainer: Debian Perl Group <pkg-perl-maintainers@lists.alioth.debian.org>
 Installed-Size: 60
 Depends: libcompress-bzip2-perl (= 2.26-1)
 Section: debug
 Priority: optional
 Description: debug symbols for libcompress-bzip2-perl
 Build-Ids: b316d5b14f5dbc192ce02853161533154c8ba815

drwxr-xr-x root/root         0 2017-07-01 18:20 ./
drwxr-xr-x root/root         0 2017-07-01 18:20 ./usr/
drwxr-xr-x root/root         0 2017-07-01 18:20 ./usr/lib/
drwxr-xr-x root/root         0 2017-07-01 18:20 ./usr/lib/debug/
drwxr-xr-x root/root         0 2017-07-01 18:20 ./usr/lib/debug/.build-id/
drwxr-xr-x root/root         0 2017-07-01 18:20 ./usr/lib/debug/.build-id/b3/
-rw-r--r-- root/root     50896 2017-07-01 18:20 ./usr/lib/debug/.build-id/b3/16d5b14f5dbc192ce02853161533154c8ba815.debug
drwxr-xr-x root/root         0 2017-07-01 18:20 ./usr/share/
drwxr-xr-x root/root         0 2017-07-01 18:20 ./usr/share/doc/
lrwxrwxrwx root/root         0 2017-07-01 18:20 ./usr/share/doc/libcompress-bzip2-perl-dbgsym -> libcompress-bzip2-perl


libcompress-bzip2-perl_2.26-1_amd64.deb
---------------------------------------

 new Debian package, version 2.0.
 size 55460 bytes: control archive=1016 bytes.
     714 bytes,    17 lines      control              
     862 bytes,    10 lines      md5sums              
 Package: libcompress-bzip2-perl
 Version: 2.26-1
 Architecture: amd64
 Maintainer: Debian Perl Group <pkg-perl-maintainers@lists.alioth.debian.org>
 Installed-Size: 152
 Depends: perl (>= 5.30.0-9), perlapi-5.30.0, libbz2-1.0, libc6 (>= 2.4)
 Section: perl
 Priority: optional
 Homepage: https://metacpan.org/release/Compress-Bzip2
 Description: Perl interface to Bzip2 compression library
  The Compress::Bzip2 module provides a Perl interface to the Bzip2
  compression library, a relevant subset of the functionality provided
  by Bzip2  is available in Compress::Bzip2.
  .
  The module can be split into two general areas of functionality, namely
  in-memory compression/decompression and read/write access to bzip2
  files.

drwxr-xr-x root/root         0 2017-07-01 18:20 ./
drwxr-xr-x root/root         0 2017-07-01 18:20 ./usr/
drwxr-xr-x root/root         0 2017-07-01 18:20 ./usr/lib/
drwxr-xr-x root/root         0 2017-07-01 18:20 ./usr/lib/x86_64-linux-gnu/
drwxr-xr-x root/root         0 2017-07-01 18:20 ./usr/lib/x86_64-linux-gnu/perl5/
drwxr-xr-x root/root         0 2017-07-01 18:20 ./usr/lib/x86_64-linux-gnu/perl5/5.30/
drwxr-xr-x root/root         0 2017-07-01 18:20 ./usr/lib/x86_64-linux-gnu/perl5/5.30/Compress/
-rw-r--r-- root/root     39876 2017-04-10 13:03 ./usr/lib/x86_64-linux-gnu/perl5/5.30/Compress/Bzip2.pm
drwxr-xr-x root/root         0 2017-07-01 18:20 ./usr/lib/x86_64-linux-gnu/perl5/5.30/auto/
drwxr-xr-x root/root         0 2017-07-01 18:20 ./usr/lib/x86_64-linux-gnu/perl5/5.30/auto/Compress/
drwxr-xr-x root/root         0 2017-07-01 18:20 ./usr/lib/x86_64-linux-gnu/perl5/5.30/auto/Compress/Bzip2/
-rw-r--r-- root/root     71656 2017-07-01 18:20 ./usr/lib/x86_64-linux-gnu/perl5/5.30/auto/Compress/Bzip2/Bzip2.so
-rw-r--r-- root/root        93 2017-07-01 18:20 ./usr/lib/x86_64-linux-gnu/perl5/5.30/auto/Compress/Bzip2/autosplit.ix
drwxr-xr-x root/root         0 2017-07-01 18:20 ./usr/share/
drwxr-xr-x root/root         0 2017-07-01 18:20 ./usr/share/doc/
drwxr-xr-x root/root         0 2017-07-01 18:20 ./usr/share/doc/libcompress-bzip2-perl/
-rw-r--r-- root/root      1674 2015-02-17 12:44 ./usr/share/doc/libcompress-bzip2-perl/ANNOUNCE
-rw-r--r-- root/root       278 2015-02-17 12:44 ./usr/share/doc/libcompress-bzip2-perl/NEWS.gz
-rw-r--r-- root/root      2745 2015-02-17 12:44 ./usr/share/doc/libcompress-bzip2-perl/README.md
-rw-r--r-- root/root      1928 2017-07-01 18:20 ./usr/share/doc/libcompress-bzip2-perl/changelog.Debian.gz
-rw-r--r-- root/root      3650 2017-04-10 13:05 ./usr/share/doc/libcompress-bzip2-perl/changelog.gz
-rw-r--r-- root/root      3134 2017-07-01 18:20 ./usr/share/doc/libcompress-bzip2-perl/copyright
drwxr-xr-x root/root         0 2017-07-01 18:20 ./usr/share/man/
drwxr-xr-x root/root         0 2017-07-01 18:20 ./usr/share/man/man3/
-rw-r--r-- root/root      9813 2017-07-01 18:20 ./usr/share/man/man3/Compress::Bzip2.3pm.gz


+------------------------------------------------------------------------------+
| Post Build                                                                   |
+------------------------------------------------------------------------------+


+------------------------------------------------------------------------------+
| Cleanup                                                                      |
+------------------------------------------------------------------------------+

Purging /<<BUILDDIR>>
Not cleaning session: cloned chroot in use

+------------------------------------------------------------------------------+
| Summary                                                                      |
+------------------------------------------------------------------------------+

Build Architecture: amd64
Build Type: binary
Build-Space: 9004
Build-Time: 14
Distribution: unstable
Host Architecture: amd64
Install-Time: 7
Job: libcompress-bzip2-perl_2.26-1
Machine Architecture: amd64
Package: libcompress-bzip2-perl
Package-Time: 52
Source-Version: 2.26-1
Space: 9004
Status: successful
Version: 2.26-1
--------------------------------------------------------------------------------
Finished at 2020-02-25T01:14:36Z
Build needed 00:00:52, 9004k disk space
DC-Status: OK 53.940726046s
DC-Time-Estimation: 53.940726046 versus expected 137 (r/m: 1.5398249160229702 ; m: 53.940726046)
