DC-Build-Header: libdata-util-perl 0.66-1 / 2020-02-25 06:43:57 +0000
DC-Task: type:rebuild-binarch-only source:libdata-util-perl version:0.66-1 chroot:unstable esttime:48 logfile:/tmp/libdata-util-perl_0.66-1_unstable_clang8.log modes:clang8:binarch-only
DC-Sbuild-call: su user42 -c 'sbuild -n --arch-any --apt-update -d unstable -v --no-run-lintian --chroot-setup-commands=/tmp/clang8 libdata-util-perl_0.66-1'
sbuild (Debian sbuild) 0.78.1 (09 February 2019) on ip-172-31-4-228.eu-central-1.compute.internal

+==============================================================================+
| libdata-util-perl 0.66-1 (amd64)             Tue, 25 Feb 2020 06:43:58 +0000 |
+==============================================================================+

Package: libdata-util-perl
Version: 0.66-1
Source Version: 0.66-1
Distribution: unstable
Machine Architecture: amd64
Host Architecture: amd64
Build Architecture: amd64
Build Type: binary

I: NOTICE: Log filtering will replace 'var/run/schroot/mount/sid-amd64-sbuild-bbcee9af-beb0-480f-b5c1-c18982610e21' with '<<CHROOT>>'

+------------------------------------------------------------------------------+
| Chroot Setup Commands                                                        |
+------------------------------------------------------------------------------+


/tmp/clang8
-----------

+ echo 'Entering customization script...'
Entering customization script...
+ CLANG_VERSION=8
+ echo 'Install of clang-8'
Install of clang-8
+ apt-get update
Get:1 http://127.0.0.1:12990/debian sid InRelease [142 kB]
Get:2 http://127.0.0.1:12990/debian sid/main Sources.diff/Index [27.9 kB]
Get:3 http://127.0.0.1:12990/debian sid/main amd64 Packages.diff/Index [27.9 kB]
Get:4 http://127.0.0.1:12990/debian sid/main Sources 2020-02-24-0823.32.pdiff [11.0 kB]
Get:5 http://127.0.0.1:12990/debian sid/main Sources 2020-02-24-1420.34.pdiff [30.2 kB]
Get:6 http://127.0.0.1:12990/debian sid/main Sources 2020-02-24-2014.03.pdiff [16.9 kB]
Get:7 http://127.0.0.1:12990/debian sid/main Sources 2020-02-25-0213.11.pdiff [23.2 kB]
Get:8 http://127.0.0.1:12990/debian sid/main amd64 Packages 2020-02-24-0823.32.pdiff [15.5 kB]
Get:9 http://127.0.0.1:12990/debian sid/main amd64 Packages 2020-02-24-1420.34.pdiff [27.5 kB]
Get:10 http://127.0.0.1:12990/debian sid/main amd64 Packages 2020-02-24-2014.03.pdiff [21.6 kB]
Get:11 http://127.0.0.1:12990/debian sid/main amd64 Packages 2020-02-25-0213.11.pdiff [35.0 kB]
Get:7 http://127.0.0.1:12990/debian sid/main Sources 2020-02-25-0213.11.pdiff [23.2 kB]
Get:11 http://127.0.0.1:12990/debian sid/main amd64 Packages 2020-02-25-0213.11.pdiff [35.0 kB]
Get:12 http://127.0.0.1:12990/debian sid/main Translation-en [6193 kB]
Fetched 6572 kB in 7s (996 kB/s)
Reading package lists...
+ apt-get install --yes --no-install-recommends --force-yes clang-8 libomp-8-dev libobjc-9-dev
Reading package lists...
Building dependency tree...
The following additional packages will be installed:
  gcc-8-base lib32gcc-s1 lib32gcc1 lib32stdc++6 libbsd0 libc6-i386
  libclang-common-8-dev libclang1-8 libedit2 libgc1c2 libgcc-8-dev libllvm8
  libmpx2 libobjc-8-dev libobjc4 libomp5-8 libstdc++-8-dev
Suggested packages:
  clang-8-doc libomp-8-doc libstdc++-8-doc
Recommended packages:
  llvm-8-dev python3
The following NEW packages will be installed:
  clang-8 gcc-8-base lib32gcc-s1 lib32gcc1 lib32stdc++6 libbsd0 libc6-i386
  libclang-common-8-dev libclang1-8 libedit2 libgc1c2 libgcc-8-dev libllvm8
  libmpx2 libobjc-8-dev libobjc-9-dev libobjc4 libomp-8-dev libomp5-8
  libstdc++-8-dev
0 upgraded, 20 newly installed, 0 to remove and 2 not upgraded.
Need to get 39.9 MB of archives.
After this operation, 223 MB of additional disk space will be used.
Get:1 http://127.0.0.1:12990/debian sid/main amd64 libbsd0 amd64 0.10.0-1 [107 kB]
Get:2 http://127.0.0.1:12990/debian sid/main amd64 libedit2 amd64 3.1-20191231-1 [95.4 kB]
Get:3 http://127.0.0.1:12990/debian sid/main amd64 libllvm8 amd64 1:8.0.1-7 [13.8 MB]
Get:4 http://127.0.0.1:12990/debian sid/main amd64 gcc-8-base amd64 8.3.0-29 [194 kB]
Get:5 http://127.0.0.1:12990/debian sid/main amd64 libmpx2 amd64 8.3.0-29 [11.4 kB]
Get:6 http://127.0.0.1:12990/debian sid/main amd64 libgcc-8-dev amd64 8.3.0-29 [2297 kB]
Get:7 http://127.0.0.1:12990/debian sid/main amd64 libstdc++-8-dev amd64 8.3.0-29 [1543 kB]
Get:8 http://127.0.0.1:12990/debian sid/main amd64 libgc1c2 amd64 1:7.6.4-0.4 [224 kB]
Get:9 http://127.0.0.1:12990/debian sid/main amd64 libobjc4 amd64 10-20200222-1 [41.6 kB]
Get:10 http://127.0.0.1:12990/debian sid/main amd64 libobjc-8-dev amd64 8.3.0-29 [227 kB]
Get:11 http://127.0.0.1:12990/debian sid/main amd64 libc6-i386 amd64 2.29-10 [2918 kB]
Get:12 http://127.0.0.1:12990/debian sid/main amd64 lib32gcc-s1 amd64 10-20200222-1 [49.4 kB]
Get:13 http://127.0.0.1:12990/debian sid/main amd64 lib32gcc1 amd64 1:10-20200222-1 [1104 B]
Get:14 http://127.0.0.1:12990/debian sid/main amd64 lib32stdc++6 amd64 10-20200222-1 [510 kB]
Get:15 http://127.0.0.1:12990/debian sid/main amd64 libclang-common-8-dev amd64 1:8.0.1-7 [2989 kB]
Get:16 http://127.0.0.1:12990/debian sid/main amd64 libclang1-8 amd64 1:8.0.1-7 [6244 kB]
Get:17 http://127.0.0.1:12990/debian sid/main amd64 clang-8 amd64 1:8.0.1-7 [8010 kB]
Get:18 http://127.0.0.1:12990/debian sid/main amd64 libobjc-9-dev amd64 9.2.1-29 [219 kB]
Get:19 http://127.0.0.1:12990/debian sid/main amd64 libomp5-8 amd64 1:8.0.1-7 [331 kB]
Get:20 http://127.0.0.1:12990/debian sid/main amd64 libomp-8-dev amd64 1:8.0.1-7 [62.3 kB]
debconf: delaying package configuration, since apt-utils is not installed
Fetched 39.9 MB in 2s (24.9 MB/s)
Selecting previously unselected package libbsd0:amd64.
(Reading database ... (Reading database ... 5%(Reading database ... 10%(Reading database ... 15%(Reading database ... 20%(Reading database ... 25%(Reading database ... 30%(Reading database ... 35%(Reading database ... 40%(Reading database ... 45%(Reading database ... 50%(Reading database ... 55%(Reading database ... 60%(Reading database ... 65%(Reading database ... 70%(Reading database ... 75%(Reading database ... 80%(Reading database ... 85%(Reading database ... 90%(Reading database ... 95%(Reading database ... 100%(Reading database ... 12119 files and directories currently installed.)
Preparing to unpack .../00-libbsd0_0.10.0-1_amd64.deb ...
Unpacking libbsd0:amd64 (0.10.0-1) ...
Selecting previously unselected package libedit2:amd64.
Preparing to unpack .../01-libedit2_3.1-20191231-1_amd64.deb ...
Unpacking libedit2:amd64 (3.1-20191231-1) ...
Selecting previously unselected package libllvm8:amd64.
Preparing to unpack .../02-libllvm8_1%3a8.0.1-7_amd64.deb ...
Unpacking libllvm8:amd64 (1:8.0.1-7) ...
Selecting previously unselected package gcc-8-base:amd64.
Preparing to unpack .../03-gcc-8-base_8.3.0-29_amd64.deb ...
Unpacking gcc-8-base:amd64 (8.3.0-29) ...
Selecting previously unselected package libmpx2:amd64.
Preparing to unpack .../04-libmpx2_8.3.0-29_amd64.deb ...
Unpacking libmpx2:amd64 (8.3.0-29) ...
Selecting previously unselected package libgcc-8-dev:amd64.
Preparing to unpack .../05-libgcc-8-dev_8.3.0-29_amd64.deb ...
Unpacking libgcc-8-dev:amd64 (8.3.0-29) ...
Selecting previously unselected package libstdc++-8-dev:amd64.
Preparing to unpack .../06-libstdc++-8-dev_8.3.0-29_amd64.deb ...
Unpacking libstdc++-8-dev:amd64 (8.3.0-29) ...
Selecting previously unselected package libgc1c2:amd64.
Preparing to unpack .../07-libgc1c2_1%3a7.6.4-0.4_amd64.deb ...
Unpacking libgc1c2:amd64 (1:7.6.4-0.4) ...
Selecting previously unselected package libobjc4:amd64.
Preparing to unpack .../08-libobjc4_10-20200222-1_amd64.deb ...
Unpacking libobjc4:amd64 (10-20200222-1) ...
Selecting previously unselected package libobjc-8-dev:amd64.
Preparing to unpack .../09-libobjc-8-dev_8.3.0-29_amd64.deb ...
Unpacking libobjc-8-dev:amd64 (8.3.0-29) ...
Selecting previously unselected package libc6-i386.
Preparing to unpack .../10-libc6-i386_2.29-10_amd64.deb ...
Unpacking libc6-i386 (2.29-10) ...
Selecting previously unselected package lib32gcc-s1.
Preparing to unpack .../11-lib32gcc-s1_10-20200222-1_amd64.deb ...
Unpacking lib32gcc-s1 (10-20200222-1) ...
Selecting previously unselected package lib32gcc1.
Preparing to unpack .../12-lib32gcc1_1%3a10-20200222-1_amd64.deb ...
Unpacking lib32gcc1 (1:10-20200222-1) ...
Selecting previously unselected package lib32stdc++6.
Preparing to unpack .../13-lib32stdc++6_10-20200222-1_amd64.deb ...
Unpacking lib32stdc++6 (10-20200222-1) ...
Selecting previously unselected package libclang-common-8-dev.
Preparing to unpack .../14-libclang-common-8-dev_1%3a8.0.1-7_amd64.deb ...
Unpacking libclang-common-8-dev (1:8.0.1-7) ...
Selecting previously unselected package libclang1-8.
Preparing to unpack .../15-libclang1-8_1%3a8.0.1-7_amd64.deb ...
Unpacking libclang1-8 (1:8.0.1-7) ...
Selecting previously unselected package clang-8.
Preparing to unpack .../16-clang-8_1%3a8.0.1-7_amd64.deb ...
Unpacking clang-8 (1:8.0.1-7) ...
Selecting previously unselected package libobjc-9-dev:amd64.
Preparing to unpack .../17-libobjc-9-dev_9.2.1-29_amd64.deb ...
Unpacking libobjc-9-dev:amd64 (9.2.1-29) ...
Selecting previously unselected package libomp5-8:amd64.
Preparing to unpack .../18-libomp5-8_1%3a8.0.1-7_amd64.deb ...
Unpacking libomp5-8:amd64 (1:8.0.1-7) ...
Selecting previously unselected package libomp-8-dev.
Preparing to unpack .../19-libomp-8-dev_1%3a8.0.1-7_amd64.deb ...
Unpacking libomp-8-dev (1:8.0.1-7) ...
Setting up libgc1c2:amd64 (1:7.6.4-0.4) ...
Setting up libobjc4:amd64 (10-20200222-1) ...
Setting up gcc-8-base:amd64 (8.3.0-29) ...
Setting up libobjc-9-dev:amd64 (9.2.1-29) ...
Setting up libmpx2:amd64 (8.3.0-29) ...
Setting up libc6-i386 (2.29-10) ...
Setting up libbsd0:amd64 (0.10.0-1) ...
Setting up libomp5-8:amd64 (1:8.0.1-7) ...
Setting up libomp-8-dev (1:8.0.1-7) ...
Setting up libedit2:amd64 (3.1-20191231-1) ...
Setting up lib32gcc-s1 (10-20200222-1) ...
Setting up libgcc-8-dev:amd64 (8.3.0-29) ...
Setting up libstdc++-8-dev:amd64 (8.3.0-29) ...
Setting up libllvm8:amd64 (1:8.0.1-7) ...
Setting up libclang1-8 (1:8.0.1-7) ...
Setting up lib32gcc1 (1:10-20200222-1) ...
Setting up libobjc-8-dev:amd64 (8.3.0-29) ...
Setting up lib32stdc++6 (10-20200222-1) ...
Setting up libclang-common-8-dev (1:8.0.1-7) ...
Setting up clang-8 (1:8.0.1-7) ...
Processing triggers for libc-bin (2.29-10) ...
W: --force-yes is deprecated, use one of the options starting with --allow instead.
+ echo 'Replace gcc, g++ & cpp by clang'
Replace gcc, g++ & cpp by clang
+ VERSIONS='4.6 4.7 4.8 4.9 5 6 7 8 9 10'
+ cd /usr/bin
+ for VERSION in $VERSIONS
+ rm -f g++-4.6 gcc-4.6 cpp-4.6 gcc
+ ln -s clang++-8 g++-4.6
+ ln -s clang-8 gcc-4.6
+ ln -s clang-8 cpp-4.6
+ ln -s clang-8 gcc
+ dpkg --set-selections
+ echo 'gcc-4.6 hold'
dpkg: warning: package not in status nor available database at line 1: gcc-4.6
dpkg: warning: found unknown packages; this might mean the available database
is outdated, and needs to be updated through a frontend method;
please see the FAQ <https://wiki.debian.org/Teams/Dpkg/FAQ>
+ echo 'g++-4.6 hold'
+ dpkg --set-selections
dpkg: warning: package not in status nor available database at line 1: g++-4.6
dpkg: warning: found unknown packages; this might mean the available database
is outdated, and needs to be updated through a frontend method;
please see the FAQ <https://wiki.debian.org/Teams/Dpkg/FAQ>
+ for VERSION in $VERSIONS
+ rm -f g++-4.7 gcc-4.7 cpp-4.7 gcc
+ ln -s clang++-8 g++-4.7
+ ln -s clang-8 gcc-4.7
+ ln -s clang-8 cpp-4.7
+ ln -s clang-8 gcc
+ dpkg --set-selections
+ echo 'gcc-4.7 hold'
dpkg: warning: package not in status nor available database at line 1: gcc-4.7
dpkg: warning: found unknown packages; this might mean the available database
is outdated, and needs to be updated through a frontend method;
please see the FAQ <https://wiki.debian.org/Teams/Dpkg/FAQ>
+ dpkg --set-selections
+ echo 'g++-4.7 hold'
dpkg: warning: package not in status nor available database at line 1: g++-4.7
dpkg: warning: found unknown packages; this might mean the available database
is outdated, and needs to be updated through a frontend method;
please see the FAQ <https://wiki.debian.org/Teams/Dpkg/FAQ>
+ for VERSION in $VERSIONS
+ rm -f g++-4.8 gcc-4.8 cpp-4.8 gcc
+ ln -s clang++-8 g++-4.8
+ ln -s clang-8 gcc-4.8
+ ln -s clang-8 cpp-4.8
+ ln -s clang-8 gcc
+ dpkg --set-selections
+ echo 'gcc-4.8 hold'
dpkg: warning: package not in status nor available database at line 1: gcc-4.8
dpkg: warning: found unknown packages; this might mean the available database
is outdated, and needs to be updated through a frontend method;
please see the FAQ <https://wiki.debian.org/Teams/Dpkg/FAQ>
+ dpkg --set-selections
+ echo 'g++-4.8 hold'
dpkg: warning: package not in status nor available database at line 1: g++-4.8
dpkg: warning: found unknown packages; this might mean the available database
is outdated, and needs to be updated through a frontend method;
please see the FAQ <https://wiki.debian.org/Teams/Dpkg/FAQ>
+ for VERSION in $VERSIONS
+ rm -f g++-4.9 gcc-4.9 cpp-4.9 gcc
+ ln -s clang++-8 g++-4.9
+ ln -s clang-8 gcc-4.9
+ ln -s clang-8 cpp-4.9
+ ln -s clang-8 gcc
+ echo 'gcc-4.9 hold'
+ dpkg --set-selections
dpkg: warning: package not in status nor available database at line 1: gcc-4.9
dpkg: warning: found unknown packages; this might mean the available database
is outdated, and needs to be updated through a frontend method;
please see the FAQ <https://wiki.debian.org/Teams/Dpkg/FAQ>
+ echo 'g++-4.9 hold'
+ dpkg --set-selections
dpkg: warning: package not in status nor available database at line 1: g++-4.9
dpkg: warning: found unknown packages; this might mean the available database
is outdated, and needs to be updated through a frontend method;
please see the FAQ <https://wiki.debian.org/Teams/Dpkg/FAQ>
+ for VERSION in $VERSIONS
+ rm -f g++-5 gcc-5 cpp-5 gcc
+ ln -s clang++-8 g++-5
+ ln -s clang-8 gcc-5
+ ln -s clang-8 cpp-5
+ ln -s clang-8 gcc
+ echo 'gcc-5 hold'
+ dpkg --set-selections
dpkg: warning: package not in status nor available database at line 1: gcc-5
dpkg: warning: found unknown packages; this might mean the available database
is outdated, and needs to be updated through a frontend method;
please see the FAQ <https://wiki.debian.org/Teams/Dpkg/FAQ>
+ echo 'g++-5 hold'
+ dpkg --set-selections
dpkg: warning: package not in status nor available database at line 1: g++-5
dpkg: warning: found unknown packages; this might mean the available database
is outdated, and needs to be updated through a frontend method;
please see the FAQ <https://wiki.debian.org/Teams/Dpkg/FAQ>
+ for VERSION in $VERSIONS
+ rm -f g++-6 gcc-6 cpp-6 gcc
+ ln -s clang++-8 g++-6
+ ln -s clang-8 gcc-6
+ ln -s clang-8 cpp-6
+ ln -s clang-8 gcc
+ echo 'gcc-6 hold'
+ dpkg --set-selections
dpkg: warning: package not in status nor available database at line 1: gcc-6
dpkg: warning: found unknown packages; this might mean the available database
is outdated, and needs to be updated through a frontend method;
please see the FAQ <https://wiki.debian.org/Teams/Dpkg/FAQ>
+ dpkg --set-selections
+ echo 'g++-6 hold'
dpkg: warning: package not in status nor available database at line 1: g++-6
dpkg: warning: found unknown packages; this might mean the available database
is outdated, and needs to be updated through a frontend method;
please see the FAQ <https://wiki.debian.org/Teams/Dpkg/FAQ>
+ for VERSION in $VERSIONS
+ rm -f g++-7 gcc-7 cpp-7 gcc
+ ln -s clang++-8 g++-7
+ ln -s clang-8 gcc-7
+ ln -s clang-8 cpp-7
+ ln -s clang-8 gcc
+ echo 'gcc-7 hold'
+ dpkg --set-selections
dpkg: warning: package not in status nor available database at line 1: gcc-7
dpkg: warning: found unknown packages; this might mean the available database
is outdated, and needs to be updated through a frontend method;
please see the FAQ <https://wiki.debian.org/Teams/Dpkg/FAQ>
+ echo 'g++-7 hold'
+ dpkg --set-selections
dpkg: warning: package not in status nor available database at line 1: g++-7
dpkg: warning: found unknown packages; this might mean the available database
is outdated, and needs to be updated through a frontend method;
please see the FAQ <https://wiki.debian.org/Teams/Dpkg/FAQ>
+ for VERSION in $VERSIONS
+ rm -f g++-8 gcc-8 cpp-8 gcc
+ ln -s clang++-8 g++-8
+ ln -s clang-8 gcc-8
+ ln -s clang-8 cpp-8
+ ln -s clang-8 gcc
+ echo 'gcc-8 hold'
+ dpkg --set-selections
dpkg: warning: package not in status nor available database at line 1: gcc-8
dpkg: warning: found unknown packages; this might mean the available database
is outdated, and needs to be updated through a frontend method;
please see the FAQ <https://wiki.debian.org/Teams/Dpkg/FAQ>
+ dpkg --set-selections
+ echo 'g++-8 hold'
dpkg: warning: package not in status nor available database at line 1: g++-8
dpkg: warning: found unknown packages; this might mean the available database
is outdated, and needs to be updated through a frontend method;
please see the FAQ <https://wiki.debian.org/Teams/Dpkg/FAQ>
+ for VERSION in $VERSIONS
+ rm -f g++-9 gcc-9 cpp-9 gcc
+ ln -s clang++-8 g++-9
+ ln -s clang-8 gcc-9
+ ln -s clang-8 cpp-9
+ ln -s clang-8 gcc
+ dpkg --set-selections
+ echo 'gcc-9 hold'
+ echo 'g++-9 hold'
+ dpkg --set-selections
+ for VERSION in $VERSIONS
+ rm -f g++-10 gcc-10 cpp-10 gcc
+ ln -s clang++-8 g++-10
+ ln -s clang-8 gcc-10
+ ln -s clang-8 cpp-10
+ ln -s clang-8 gcc
+ dpkg --set-selections
+ echo 'gcc-10 hold'
dpkg: warning: package not in status nor available database at line 1: gcc-10
dpkg: warning: found unknown packages; this might mean the available database
is outdated, and needs to be updated through a frontend method;
please see the FAQ <https://wiki.debian.org/Teams/Dpkg/FAQ>
+ dpkg --set-selections
+ echo 'g++-10 hold'
dpkg: warning: package not in status nor available database at line 1: g++-10
dpkg: warning: found unknown packages; this might mean the available database
is outdated, and needs to be updated through a frontend method;
please see the FAQ <https://wiki.debian.org/Teams/Dpkg/FAQ>
+ cd -
/build/libdata-util-perl-0vatJz
+ echo 'Check if gcc, g++ & cpp are actually clang'
Check if gcc, g++ & cpp are actually clang
+ grep clang
+ gcc --version
+ grep clang
+ cpp --version
+ grep clang
+ g++ --version

I: Finished running '/tmp/clang8'.

Finished processing commands.
--------------------------------------------------------------------------------
I: NOTICE: Log filtering will replace 'build/libdata-util-perl-0vatJz/resolver-OaxPjp' with '<<RESOLVERDIR>>'

+------------------------------------------------------------------------------+
| Update chroot                                                                |
+------------------------------------------------------------------------------+

Hit:1 http://127.0.0.1:12990/debian sid InRelease
Reading package lists...
Reading package lists...
Building dependency tree...
Reading state information...
Calculating upgrade...
The following packages will be upgraded:
  libgmp10 zlib1g
2 upgraded, 0 newly installed, 0 to remove and 0 not upgraded.
Need to get 343 kB of archives.
After this operation, 0 B of additional disk space will be used.
Get:1 http://127.0.0.1:12990/debian sid/main amd64 libgmp10 amd64 2:6.2.0+dfsg-4 [253 kB]
Get:2 http://127.0.0.1:12990/debian sid/main amd64 zlib1g amd64 1:1.2.11.dfsg-2 [90.4 kB]
debconf: delaying package configuration, since apt-utils is not installed
Fetched 343 kB in 0s (2682 kB/s)
(Reading database ... (Reading database ... 5%(Reading database ... 10%(Reading database ... 15%(Reading database ... 20%(Reading database ... 25%(Reading database ... 30%(Reading database ... 35%(Reading database ... 40%(Reading database ... 45%(Reading database ... 50%(Reading database ... 55%(Reading database ... 60%(Reading database ... 65%(Reading database ... 70%(Reading database ... 75%(Reading database ... 80%(Reading database ... 85%(Reading database ... 90%(Reading database ... 95%(Reading database ... 100%(Reading database ... 13887 files and directories currently installed.)
Preparing to unpack .../libgmp10_2%3a6.2.0+dfsg-4_amd64.deb ...
Unpacking libgmp10:amd64 (2:6.2.0+dfsg-4) over (2:6.2.0+dfsg-3) ...
Setting up libgmp10:amd64 (2:6.2.0+dfsg-4) ...
(Reading database ... (Reading database ... 5%(Reading database ... 10%(Reading database ... 15%(Reading database ... 20%(Reading database ... 25%(Reading database ... 30%(Reading database ... 35%(Reading database ... 40%(Reading database ... 45%(Reading database ... 50%(Reading database ... 55%(Reading database ... 60%(Reading database ... 65%(Reading database ... 70%(Reading database ... 75%(Reading database ... 80%(Reading database ... 85%(Reading database ... 90%(Reading database ... 95%(Reading database ... 100%(Reading database ... 13887 files and directories currently installed.)
Preparing to unpack .../zlib1g_1%3a1.2.11.dfsg-2_amd64.deb ...
Unpacking zlib1g:amd64 (1:1.2.11.dfsg-2) over (1:1.2.11.dfsg-1.2) ...
Setting up zlib1g:amd64 (1:1.2.11.dfsg-2) ...
Processing triggers for libc-bin (2.29-10) ...

+------------------------------------------------------------------------------+
| Fetch source files                                                           |
+------------------------------------------------------------------------------+


Check APT
---------

Checking available source versions...

Download source files with APT
------------------------------

Reading package lists...
NOTICE: 'libdata-util-perl' packaging is maintained in the 'Git' version control system at:
https://anonscm.debian.org/git/pkg-perl/packages/libdata-util-perl.git
Please use:
git clone https://anonscm.debian.org/git/pkg-perl/packages/libdata-util-perl.git
to retrieve the latest (possibly unreleased) updates to the package.
Need to get 67.7 kB of source archives.
Get:1 http://127.0.0.1:12990/debian sid/main libdata-util-perl 0.66-1 (dsc) [2384 B]
Get:2 http://127.0.0.1:12990/debian sid/main libdata-util-perl 0.66-1 (tar) [62.5 kB]
Get:3 http://127.0.0.1:12990/debian sid/main libdata-util-perl 0.66-1 (diff) [2800 B]
Fetched 67.7 kB in 0s (165 kB/s)
Download complete and in download only mode
I: NOTICE: Log filtering will replace 'build/libdata-util-perl-0vatJz/libdata-util-perl-0.66' with '<<PKGBUILDDIR>>'
I: NOTICE: Log filtering will replace 'build/libdata-util-perl-0vatJz' with '<<BUILDDIR>>'

+------------------------------------------------------------------------------+
| Install package build dependencies                                           |
+------------------------------------------------------------------------------+


Setup apt archive
-----------------

Merged Build-Depends: debhelper (>= 10), libhash-util-fieldhash-compat-perl, libmodule-build-perl, libmodule-build-xsutil-perl, libscope-guard-perl, libtest-exception-perl, perl, perl (>= 5.17.4) | libextutils-parsexs-perl (>= 3.180000), build-essential, fakeroot
Filtered Build-Depends: debhelper (>= 10), libhash-util-fieldhash-compat-perl, libmodule-build-perl, libmodule-build-xsutil-perl, libscope-guard-perl, libtest-exception-perl, perl, perl (>= 5.17.4), build-essential, fakeroot
dpkg-deb: building package 'sbuild-build-depends-main-dummy' in '/<<RESOLVERDIR>>/apt_archive/sbuild-build-depends-main-dummy.deb'.
Ign:1 copy:/<<RESOLVERDIR>>/apt_archive ./ InRelease
Get:2 copy:/<<RESOLVERDIR>>/apt_archive ./ Release [957 B]
Ign:3 copy:/<<RESOLVERDIR>>/apt_archive ./ Release.gpg
Get:4 copy:/<<RESOLVERDIR>>/apt_archive ./ Sources [454 B]
Get:5 copy:/<<RESOLVERDIR>>/apt_archive ./ Packages [517 B]
Fetched 1928 B in 0s (40.5 kB/s)
Reading package lists...
Reading package lists...

Install main build dependencies (apt-based resolver)
----------------------------------------------------

Installing build dependencies
Reading package lists...
Building dependency tree...
Reading state information...
The following additional packages will be installed:
  autoconf automake autopoint autotools-dev bsdmainutils debhelper
  dh-autoreconf dh-strip-nondeterminism dwz file gettext gettext-base
  groff-base intltool-debian libarchive-zip-perl libcroco3 libdebhelper-perl
  libdevel-checkcompiler-perl libelf1 libfile-stripnondeterminism-perl
  libglib2.0-0 libhash-util-fieldhash-compat-perl libicu63 libmagic-mgc
  libmagic1 libmodule-build-perl libmodule-build-xsutil-perl libpipeline1
  libscope-guard-perl libsigsegv2 libsub-override-perl libsub-uplevel-perl
  libtask-weaken-perl libtest-exception-perl libtie-refhash-weak-perl libtool
  libuchardet0 libvariable-magic-perl libxml2 m4 man-db po-debconf
  sensible-utils
Suggested packages:
  autoconf-archive gnu-standards autoconf-doc wamerican | wordlist whois
  vacation dh-make gettext-doc libasprintf-dev libgettextpo-dev groff
  libtool-doc gfortran | fortran95-compiler gcj-jdk m4-doc apparmor less
  www-browser libmail-box-perl
Recommended packages:
  curl | wget | lynx libarchive-cpio-perl libglib2.0-data shared-mime-info
  xdg-user-dirs libmodule-signature-perl libpod-readme-perl
  libsoftware-license-perl libltdl-dev libmail-sendmail-perl
The following NEW packages will be installed:
  autoconf automake autopoint autotools-dev bsdmainutils debhelper
  dh-autoreconf dh-strip-nondeterminism dwz file gettext gettext-base
  groff-base intltool-debian libarchive-zip-perl libcroco3 libdebhelper-perl
  libdevel-checkcompiler-perl libelf1 libfile-stripnondeterminism-perl
  libglib2.0-0 libhash-util-fieldhash-compat-perl libicu63 libmagic-mgc
  libmagic1 libmodule-build-perl libmodule-build-xsutil-perl libpipeline1
  libscope-guard-perl libsigsegv2 libsub-override-perl libsub-uplevel-perl
  libtask-weaken-perl libtest-exception-perl libtie-refhash-weak-perl libtool
  libuchardet0 libvariable-magic-perl libxml2 m4 man-db po-debconf
  sbuild-build-depends-main-dummy sensible-utils
0 upgraded, 44 newly installed, 0 to remove and 0 not upgraded.
Need to get 19.6 MB of archives.
After this operation, 71.3 MB of additional disk space will be used.
Get:1 copy:/<<RESOLVERDIR>>/apt_archive ./ sbuild-build-depends-main-dummy 0.invalid.0 [944 B]
Get:2 http://127.0.0.1:12990/debian sid/main amd64 bsdmainutils amd64 11.1.2+b1 [191 kB]
Get:3 http://127.0.0.1:12990/debian sid/main amd64 libuchardet0 amd64 0.0.6-3 [64.9 kB]
Get:4 http://127.0.0.1:12990/debian sid/main amd64 groff-base amd64 1.22.4-4 [919 kB]
Get:5 http://127.0.0.1:12990/debian sid/main amd64 libpipeline1 amd64 1.5.2-2 [33.9 kB]
Get:6 http://127.0.0.1:12990/debian sid/main amd64 man-db amd64 2.9.0-2 [1307 kB]
Get:7 http://127.0.0.1:12990/debian sid/main amd64 sensible-utils all 0.0.12+nmu1 [16.0 kB]
Get:8 http://127.0.0.1:12990/debian sid/main amd64 libmagic-mgc amd64 1:5.38-4 [262 kB]
Get:9 http://127.0.0.1:12990/debian sid/main amd64 libmagic1 amd64 1:5.38-4 [120 kB]
Get:10 http://127.0.0.1:12990/debian sid/main amd64 file amd64 1:5.38-4 [67.9 kB]
Get:11 http://127.0.0.1:12990/debian sid/main amd64 gettext-base amd64 0.19.8.1-10 [123 kB]
Get:12 http://127.0.0.1:12990/debian sid/main amd64 libsigsegv2 amd64 2.12-2 [32.8 kB]
Get:13 http://127.0.0.1:12990/debian sid/main amd64 m4 amd64 1.4.18-4 [203 kB]
Get:14 http://127.0.0.1:12990/debian sid/main amd64 autoconf all 2.69-11.1 [341 kB]
Get:15 http://127.0.0.1:12990/debian sid/main amd64 autotools-dev all 20180224.1 [77.0 kB]
Get:16 http://127.0.0.1:12990/debian sid/main amd64 automake all 1:1.16.1-4 [771 kB]
Get:17 http://127.0.0.1:12990/debian sid/main amd64 autopoint all 0.19.8.1-10 [435 kB]
Get:18 http://127.0.0.1:12990/debian sid/main amd64 libtool all 2.4.6-13 [513 kB]
Get:19 http://127.0.0.1:12990/debian sid/main amd64 dh-autoreconf all 19 [16.9 kB]
Get:20 http://127.0.0.1:12990/debian sid/main amd64 libdebhelper-perl all 12.9 [183 kB]
Get:21 http://127.0.0.1:12990/debian sid/main amd64 libarchive-zip-perl all 1.67-1 [104 kB]
Get:22 http://127.0.0.1:12990/debian sid/main amd64 libsub-override-perl all 0.09-2 [10.2 kB]
Get:23 http://127.0.0.1:12990/debian sid/main amd64 libfile-stripnondeterminism-perl all 1.6.3-2 [23.7 kB]
Get:24 http://127.0.0.1:12990/debian sid/main amd64 dh-strip-nondeterminism all 1.6.3-2 [14.7 kB]
Get:25 http://127.0.0.1:12990/debian sid/main amd64 libelf1 amd64 0.176-1.1 [161 kB]
Get:26 http://127.0.0.1:12990/debian sid/main amd64 dwz amd64 0.13-5 [151 kB]
Get:27 http://127.0.0.1:12990/debian sid/main amd64 libglib2.0-0 amd64 2.62.4-2 [1319 kB]
Get:28 http://127.0.0.1:12990/debian sid/main amd64 libicu63 amd64 63.2-2 [8301 kB]
Get:29 http://127.0.0.1:12990/debian sid/main amd64 libxml2 amd64 2.9.10+dfsg-3 [709 kB]
Get:30 http://127.0.0.1:12990/debian sid/main amd64 libcroco3 amd64 0.6.13-1 [146 kB]
Get:31 http://127.0.0.1:12990/debian sid/main amd64 gettext amd64 0.19.8.1-10 [1303 kB]
Get:32 http://127.0.0.1:12990/debian sid/main amd64 intltool-debian all 0.35.0+20060710.5 [26.8 kB]
Get:33 http://127.0.0.1:12990/debian sid/main amd64 po-debconf all 1.0.21 [248 kB]
Get:34 http://127.0.0.1:12990/debian sid/main amd64 debhelper all 12.9 [994 kB]
Get:35 http://127.0.0.1:12990/debian sid/main amd64 libdevel-checkcompiler-perl all 0.07-1 [9096 B]
Get:36 http://127.0.0.1:12990/debian sid/main amd64 libtask-weaken-perl all 1.06-1 [9252 B]
Get:37 http://127.0.0.1:12990/debian sid/main amd64 libvariable-magic-perl amd64 0.62-1+b2 [46.0 kB]
Get:38 http://127.0.0.1:12990/debian sid/main amd64 libtie-refhash-weak-perl all 0.09-2 [8236 B]
Get:39 http://127.0.0.1:12990/debian sid/main amd64 libhash-util-fieldhash-compat-perl all 0.11-1 [11.0 kB]
Get:40 http://127.0.0.1:12990/debian sid/main amd64 libmodule-build-perl all 0.423100-1 [258 kB]
Get:41 http://127.0.0.1:12990/debian sid/main amd64 libmodule-build-xsutil-perl all 0.19-1 [10.4 kB]
Get:42 http://127.0.0.1:12990/debian sid/main amd64 libscope-guard-perl all 0.21-1 [8356 B]
Get:43 http://127.0.0.1:12990/debian sid/main amd64 libsub-uplevel-perl all 0.2800-1 [16.3 kB]
Get:44 http://127.0.0.1:12990/debian sid/main amd64 libtest-exception-perl all 0.43-1 [18.7 kB]
debconf: delaying package configuration, since apt-utils is not installed
Fetched 19.6 MB in 1s (17.8 MB/s)
Selecting previously unselected package bsdmainutils.
(Reading database ... 13887 files and directories currently installed.)
Preparing to unpack .../00-bsdmainutils_11.1.2+b1_amd64.deb ...
Unpacking bsdmainutils (11.1.2+b1) ...
Selecting previously unselected package libuchardet0:amd64.
Preparing to unpack .../01-libuchardet0_0.0.6-3_amd64.deb ...
Unpacking libuchardet0:amd64 (0.0.6-3) ...
Selecting previously unselected package groff-base.
Preparing to unpack .../02-groff-base_1.22.4-4_amd64.deb ...
Unpacking groff-base (1.22.4-4) ...
Selecting previously unselected package libpipeline1:amd64.
Preparing to unpack .../03-libpipeline1_1.5.2-2_amd64.deb ...
Unpacking libpipeline1:amd64 (1.5.2-2) ...
Selecting previously unselected package man-db.
Preparing to unpack .../04-man-db_2.9.0-2_amd64.deb ...
Unpacking man-db (2.9.0-2) ...
Selecting previously unselected package sensible-utils.
Preparing to unpack .../05-sensible-utils_0.0.12+nmu1_all.deb ...
Unpacking sensible-utils (0.0.12+nmu1) ...
Selecting previously unselected package libmagic-mgc.
Preparing to unpack .../06-libmagic-mgc_1%3a5.38-4_amd64.deb ...
Unpacking libmagic-mgc (1:5.38-4) ...
Selecting previously unselected package libmagic1:amd64.
Preparing to unpack .../07-libmagic1_1%3a5.38-4_amd64.deb ...
Unpacking libmagic1:amd64 (1:5.38-4) ...
Selecting previously unselected package file.
Preparing to unpack .../08-file_1%3a5.38-4_amd64.deb ...
Unpacking file (1:5.38-4) ...
Selecting previously unselected package gettext-base.
Preparing to unpack .../09-gettext-base_0.19.8.1-10_amd64.deb ...
Unpacking gettext-base (0.19.8.1-10) ...
Selecting previously unselected package libsigsegv2:amd64.
Preparing to unpack .../10-libsigsegv2_2.12-2_amd64.deb ...
Unpacking libsigsegv2:amd64 (2.12-2) ...
Selecting previously unselected package m4.
Preparing to unpack .../11-m4_1.4.18-4_amd64.deb ...
Unpacking m4 (1.4.18-4) ...
Selecting previously unselected package autoconf.
Preparing to unpack .../12-autoconf_2.69-11.1_all.deb ...
Unpacking autoconf (2.69-11.1) ...
Selecting previously unselected package autotools-dev.
Preparing to unpack .../13-autotools-dev_20180224.1_all.deb ...
Unpacking autotools-dev (20180224.1) ...
Selecting previously unselected package automake.
Preparing to unpack .../14-automake_1%3a1.16.1-4_all.deb ...
Unpacking automake (1:1.16.1-4) ...
Selecting previously unselected package autopoint.
Preparing to unpack .../15-autopoint_0.19.8.1-10_all.deb ...
Unpacking autopoint (0.19.8.1-10) ...
Selecting previously unselected package libtool.
Preparing to unpack .../16-libtool_2.4.6-13_all.deb ...
Unpacking libtool (2.4.6-13) ...
Selecting previously unselected package dh-autoreconf.
Preparing to unpack .../17-dh-autoreconf_19_all.deb ...
Unpacking dh-autoreconf (19) ...
Selecting previously unselected package libdebhelper-perl.
Preparing to unpack .../18-libdebhelper-perl_12.9_all.deb ...
Unpacking libdebhelper-perl (12.9) ...
Selecting previously unselected package libarchive-zip-perl.
Preparing to unpack .../19-libarchive-zip-perl_1.67-1_all.deb ...
Unpacking libarchive-zip-perl (1.67-1) ...
Selecting previously unselected package libsub-override-perl.
Preparing to unpack .../20-libsub-override-perl_0.09-2_all.deb ...
Unpacking libsub-override-perl (0.09-2) ...
Selecting previously unselected package libfile-stripnondeterminism-perl.
Preparing to unpack .../21-libfile-stripnondeterminism-perl_1.6.3-2_all.deb ...
Unpacking libfile-stripnondeterminism-perl (1.6.3-2) ...
Selecting previously unselected package dh-strip-nondeterminism.
Preparing to unpack .../22-dh-strip-nondeterminism_1.6.3-2_all.deb ...
Unpacking dh-strip-nondeterminism (1.6.3-2) ...
Selecting previously unselected package libelf1:amd64.
Preparing to unpack .../23-libelf1_0.176-1.1_amd64.deb ...
Unpacking libelf1:amd64 (0.176-1.1) ...
Selecting previously unselected package dwz.
Preparing to unpack .../24-dwz_0.13-5_amd64.deb ...
Unpacking dwz (0.13-5) ...
Selecting previously unselected package libglib2.0-0:amd64.
Preparing to unpack .../25-libglib2.0-0_2.62.4-2_amd64.deb ...
Unpacking libglib2.0-0:amd64 (2.62.4-2) ...
Selecting previously unselected package libicu63:amd64.
Preparing to unpack .../26-libicu63_63.2-2_amd64.deb ...
Unpacking libicu63:amd64 (63.2-2) ...
Selecting previously unselected package libxml2:amd64.
Preparing to unpack .../27-libxml2_2.9.10+dfsg-3_amd64.deb ...
Unpacking libxml2:amd64 (2.9.10+dfsg-3) ...
Selecting previously unselected package libcroco3:amd64.
Preparing to unpack .../28-libcroco3_0.6.13-1_amd64.deb ...
Unpacking libcroco3:amd64 (0.6.13-1) ...
Selecting previously unselected package gettext.
Preparing to unpack .../29-gettext_0.19.8.1-10_amd64.deb ...
Unpacking gettext (0.19.8.1-10) ...
Selecting previously unselected package intltool-debian.
Preparing to unpack .../30-intltool-debian_0.35.0+20060710.5_all.deb ...
Unpacking intltool-debian (0.35.0+20060710.5) ...
Selecting previously unselected package po-debconf.
Preparing to unpack .../31-po-debconf_1.0.21_all.deb ...
Unpacking po-debconf (1.0.21) ...
Selecting previously unselected package debhelper.
Preparing to unpack .../32-debhelper_12.9_all.deb ...
Unpacking debhelper (12.9) ...
Selecting previously unselected package libdevel-checkcompiler-perl.
Preparing to unpack .../33-libdevel-checkcompiler-perl_0.07-1_all.deb ...
Unpacking libdevel-checkcompiler-perl (0.07-1) ...
Selecting previously unselected package libtask-weaken-perl.
Preparing to unpack .../34-libtask-weaken-perl_1.06-1_all.deb ...
Unpacking libtask-weaken-perl (1.06-1) ...
Selecting previously unselected package libvariable-magic-perl.
Preparing to unpack .../35-libvariable-magic-perl_0.62-1+b2_amd64.deb ...
Unpacking libvariable-magic-perl (0.62-1+b2) ...
Selecting previously unselected package libtie-refhash-weak-perl.
Preparing to unpack .../36-libtie-refhash-weak-perl_0.09-2_all.deb ...
Unpacking libtie-refhash-weak-perl (0.09-2) ...
Selecting previously unselected package libhash-util-fieldhash-compat-perl.
Preparing to unpack .../37-libhash-util-fieldhash-compat-perl_0.11-1_all.deb ...
Unpacking libhash-util-fieldhash-compat-perl (0.11-1) ...
Selecting previously unselected package libmodule-build-perl.
Preparing to unpack .../38-libmodule-build-perl_0.423100-1_all.deb ...
Adding 'diversion of /usr/bin/config_data to /usr/bin/config_data.diverted by libmodule-build-perl'
Adding 'diversion of /usr/share/man/man1/config_data.1.gz to /usr/share/man/man1/config_data.diverted.1.gz by libmodule-build-perl'
Unpacking libmodule-build-perl (0.423100-1) ...
Selecting previously unselected package libmodule-build-xsutil-perl.
Preparing to unpack .../39-libmodule-build-xsutil-perl_0.19-1_all.deb ...
Unpacking libmodule-build-xsutil-perl (0.19-1) ...
Selecting previously unselected package libscope-guard-perl.
Preparing to unpack .../40-libscope-guard-perl_0.21-1_all.deb ...
Unpacking libscope-guard-perl (0.21-1) ...
Selecting previously unselected package libsub-uplevel-perl.
Preparing to unpack .../41-libsub-uplevel-perl_0.2800-1_all.deb ...
Unpacking libsub-uplevel-perl (0.2800-1) ...
Selecting previously unselected package libtest-exception-perl.
Preparing to unpack .../42-libtest-exception-perl_0.43-1_all.deb ...
Unpacking libtest-exception-perl (0.43-1) ...
Selecting previously unselected package sbuild-build-depends-main-dummy.
Preparing to unpack .../43-sbuild-build-depends-main-dummy_0.invalid.0_amd64.deb ...
Unpacking sbuild-build-depends-main-dummy (0.invalid.0) ...
Setting up libpipeline1:amd64 (1.5.2-2) ...
Setting up libtask-weaken-perl (1.06-1) ...
Setting up libmagic-mgc (1:5.38-4) ...
Setting up libarchive-zip-perl (1.67-1) ...
Setting up libglib2.0-0:amd64 (2.62.4-2) ...
No schema files found: doing nothing.
Setting up libdebhelper-perl (12.9) ...
Setting up libmagic1:amd64 (1:5.38-4) ...
Setting up gettext-base (0.19.8.1-10) ...
Setting up file (1:5.38-4) ...
Setting up libicu63:amd64 (63.2-2) ...
Setting up libmodule-build-perl (0.423100-1) ...
Setting up libscope-guard-perl (0.21-1) ...
Setting up autotools-dev (20180224.1) ...
Setting up libdevel-checkcompiler-perl (0.07-1) ...
Setting up libsigsegv2:amd64 (2.12-2) ...
Setting up bsdmainutils (11.1.2+b1) ...
update-alternatives: using /usr/bin/bsd-write to provide /usr/bin/write (write) in auto mode
update-alternatives: using /usr/bin/bsd-from to provide /usr/bin/from (from) in auto mode
Setting up libvariable-magic-perl (0.62-1+b2) ...
Setting up autopoint (0.19.8.1-10) ...
Setting up sensible-utils (0.0.12+nmu1) ...
Setting up libuchardet0:amd64 (0.0.6-3) ...
Setting up libsub-uplevel-perl (0.2800-1) ...
Setting up libsub-override-perl (0.09-2) ...
Setting up libelf1:amd64 (0.176-1.1) ...
Setting up libxml2:amd64 (2.9.10+dfsg-3) ...
Setting up libfile-stripnondeterminism-perl (1.6.3-2) ...
Setting up libtool (2.4.6-13) ...
Setting up libtie-refhash-weak-perl (0.09-2) ...
Setting up m4 (1.4.18-4) ...
Setting up libmodule-build-xsutil-perl (0.19-1) ...
Setting up libtest-exception-perl (0.43-1) ...
Setting up libcroco3:amd64 (0.6.13-1) ...
Setting up autoconf (2.69-11.1) ...
Setting up dh-strip-nondeterminism (1.6.3-2) ...
Setting up dwz (0.13-5) ...
Setting up groff-base (1.22.4-4) ...
Setting up automake (1:1.16.1-4) ...
update-alternatives: using /usr/bin/automake-1.16 to provide /usr/bin/automake (automake) in auto mode
Setting up libhash-util-fieldhash-compat-perl (0.11-1) ...
Setting up gettext (0.19.8.1-10) ...
Setting up man-db (2.9.0-2) ...
Not building database; man-db/auto-update is not 'true'.
Setting up intltool-debian (0.35.0+20060710.5) ...
Setting up po-debconf (1.0.21) ...
Setting up dh-autoreconf (19) ...
Setting up debhelper (12.9) ...
Setting up sbuild-build-depends-main-dummy (0.invalid.0) ...
Processing triggers for libc-bin (2.29-10) ...

+------------------------------------------------------------------------------+
| Check architectures                                                          |
+------------------------------------------------------------------------------+

Arch check ok (amd64 included in any)

+------------------------------------------------------------------------------+
| Build environment                                                            |
+------------------------------------------------------------------------------+

Kernel: Linux 4.19.0-6-cloud-amd64 #1 SMP Debian 4.19.67-2+deb10u2 (2019-11-11) amd64 (x86_64)
Toolchain package versions: binutils_2.34-3 dpkg-dev_1.19.7 g++-9_9.2.1-29 gcc-9_9.2.1-29 libc6-dev_2.29-10 libstdc++-8-dev_8.3.0-29 libstdc++-9-dev_9.2.1-29 libstdc++6_10-20200222-1 linux-libc-dev_5.4.19-1
Package versions: adduser_3.118 apt_1.8.4 autoconf_2.69-11.1 automake_1:1.16.1-4 autopoint_0.19.8.1-10 autotools-dev_20180224.1 base-files_11 base-passwd_3.5.47 bash_5.0-5 binutils_2.34-3 binutils-common_2.34-3 binutils-x86-64-linux-gnu_2.34-3 bsdmainutils_11.1.2+b1 bsdutils_1:2.34-0.1 build-essential_12.8 bzip2_1.0.8-2 clang-8_1:8.0.1-7 coreutils_8.30-3+b1 cpp_4:9.2.1-3.1 cpp-9_9.2.1-29 dash_0.5.10.2-6 debconf_1.5.73 debhelper_12.9 debian-archive-keyring_2019.1 debianutils_4.9.1 dh-autoreconf_19 dh-strip-nondeterminism_1.6.3-2 diffutils_1:3.7-3 dpkg_1.19.7 dpkg-dev_1.19.7 dwz_0.13-5 e2fsprogs_1.45.5-2 fakeroot_1.24-1 fdisk_2.34-0.1 file_1:5.38-4 findutils_4.7.0-1 g++_4:9.2.1-3.1 g++-9_9.2.1-29 gcc_4:9.2.1-3.1 gcc-10-base_10-20200222-1 gcc-8-base_8.3.0-29 gcc-9_9.2.1-29 gcc-9-base_9.2.1-29 gettext_0.19.8.1-10 gettext-base_0.19.8.1-10 gpgv_2.2.19-1 grep_3.4-1 groff-base_1.22.4-4 gzip_1.9-3+b1 hostname_3.23 init-system-helpers_1.57 intltool-debian_0.35.0+20060710.5 lib32gcc-s1_10-20200222-1 lib32gcc1_1:10-20200222-1 lib32stdc++6_10-20200222-1 libacl1_2.2.53-5 libapt-pkg5.0_1.8.4 libarchive-zip-perl_1.67-1 libasan5_9.2.1-29 libatomic1_10-20200222-1 libattr1_1:2.4.48-5 libaudit-common_1:2.8.5-2 libaudit1_1:2.8.5-2+b1 libbinutils_2.34-3 libblkid1_2.34-0.1 libbsd0_0.10.0-1 libbz2-1.0_1.0.8-2 libc-bin_2.29-10 libc-dev-bin_2.29-10 libc6_2.29-10 libc6-dev_2.29-10 libc6-i386_2.29-10 libcap-ng0_0.7.9-2.1+b1 libcc1-0_10-20200222-1 libclang-common-8-dev_1:8.0.1-7 libclang1-8_1:8.0.1-7 libcom-err2_1.45.5-2 libcroco3_0.6.13-1 libcrypt-dev_1:4.4.10-10 libcrypt1_1:4.4.10-10 libctf-nobfd0_2.34-3 libctf0_2.34-3 libdb5.3_5.3.28+dfsg1-0.6 libdebconfclient0_0.251 libdebhelper-perl_12.9 libdevel-checkcompiler-perl_0.07-1 libdpkg-perl_1.19.7 libedit2_3.1-20191231-1 libelf1_0.176-1.1 libext2fs2_1.45.5-2 libfakeroot_1.24-1 libfdisk1_2.34-0.1 libffi7_3.3-3 libfile-stripnondeterminism-perl_1.6.3-2 libgc1c2_1:7.6.4-0.4 libgcc-8-dev_8.3.0-29 libgcc-9-dev_9.2.1-29 libgcc-s1_10-20200222-1 libgcc1_1:10-20200222-1 libgcrypt20_1.8.5-5 libgdbm-compat4_1.18.1-5 libgdbm6_1.18.1-5 libglib2.0-0_2.62.4-2 libgmp10_2:6.2.0+dfsg-4 libgnutls30_3.6.12-2 libgomp1_10-20200222-1 libgpg-error0_1.37-1 libhash-util-fieldhash-compat-perl_0.11-1 libhogweed5_3.5.1+really3.5.1-2 libicu63_63.2-2 libidn2-0_2.2.0-2 libisl22_0.22.1-1 libitm1_10-20200222-1 libllvm8_1:8.0.1-7 liblsan0_10-20200222-1 liblz4-1_1.9.2-2 liblzma5_5.2.4-1+b1 libmagic-mgc_1:5.38-4 libmagic1_1:5.38-4 libmodule-build-perl_0.423100-1 libmodule-build-xsutil-perl_0.19-1 libmount1_2.34-0.1 libmpc3_1.1.0-1 libmpfr6_4.0.2-1 libmpx2_8.3.0-29 libncursesw6_6.1+20191019-1 libnettle7_3.5.1+really3.5.1-2 libobjc-8-dev_8.3.0-29 libobjc-9-dev_9.2.1-29 libobjc4_10-20200222-1 libomp-8-dev_1:8.0.1-7 libomp5-8_1:8.0.1-7 libp11-kit0_0.23.20-1 libpam-modules_1.3.1-5 libpam-modules-bin_1.3.1-5 libpam-runtime_1.3.1-5 libpam0g_1.3.1-5 libpcre2-8-0_10.34-7 libpcre3_2:8.39-12+b1 libperl5.30_5.30.0-9 libpipeline1_1.5.2-2 libquadmath0_10-20200222-1 libscope-guard-perl_0.21-1 libseccomp2_2.4.2-2 libselinux1_3.0-1+b1 libsemanage-common_3.0-1 libsemanage1_3.0-1+b1 libsepol1_3.0-1 libsigsegv2_2.12-2 libsmartcols1_2.34-0.1 libss2_1.45.5-2 libstdc++-8-dev_8.3.0-29 libstdc++-9-dev_9.2.1-29 libstdc++6_10-20200222-1 libsub-override-perl_0.09-2 libsub-uplevel-perl_0.2800-1 libsystemd0_244.3-1 libtask-weaken-perl_1.06-1 libtasn1-6_4.16.0-2 libtest-exception-perl_0.43-1 libtie-refhash-weak-perl_0.09-2 libtinfo6_6.1+20191019-1 libtool_2.4.6-13 libtsan0_10-20200222-1 libubsan1_10-20200222-1 libuchardet0_0.0.6-3 libudev1_244.3-1 libunistring2_0.9.10-2 libuuid1_2.34-0.1 libvariable-magic-perl_0.62-1+b2 libxml2_2.9.10+dfsg-3 libzstd1_1.4.4+dfsg-3 linux-libc-dev_5.4.19-1 login_1:4.8.1-1 logsave_1.45.5-2 lsb-base_11.1.0 m4_1.4.18-4 make_4.2.1-1.2 man-db_2.9.0-2 mawk_1.3.4.20200120-2 mount_2.34-0.1 ncurses-base_6.1+20191019-1 ncurses-bin_6.1+20191019-1 passwd_1:4.8.1-1 patch_2.7.6-6 perl_5.30.0-9 perl-base_5.30.0-9 perl-modules-5.30_5.30.0-9 po-debconf_1.0.21 sbuild-build-depends-main-dummy_0.invalid.0 sed_4.7-1 sensible-utils_0.0.12+nmu1 sysvinit-utils_2.96-2.1 tar_1.30+dfsg-6+b1 tzdata_2019c-3 util-linux_2.34-0.1 xz-utils_5.2.4-1+b1 zlib1g_1:1.2.11.dfsg-2

+------------------------------------------------------------------------------+
| Build                                                                        |
+------------------------------------------------------------------------------+


Unpack source
-------------

-----BEGIN PGP SIGNED MESSAGE-----
Hash: SHA512

Format: 3.0 (quilt)
Source: libdata-util-perl
Binary: libdata-util-perl
Architecture: any
Version: 0.66-1
Maintainer: Debian Perl Group <pkg-perl-maintainers@lists.alioth.debian.org>
Uploaders: gregor herrmann <gregoa@debian.org>
Homepage: https://metacpan.org/release/Data-Util
Standards-Version: 4.1.0
Vcs-Browser: https://anonscm.debian.org/cgit/pkg-perl/packages/libdata-util-perl.git
Vcs-Git: https://anonscm.debian.org/git/pkg-perl/packages/libdata-util-perl.git
Testsuite: autopkgtest-pkg-perl
Build-Depends: debhelper (>= 10), libhash-util-fieldhash-compat-perl, libmodule-build-perl, libmodule-build-xsutil-perl, libscope-guard-perl, libtest-exception-perl, perl, perl (>= 5.17.4) | libextutils-parsexs-perl (>= 3.180000)
Package-List:
 libdata-util-perl deb perl optional arch=any
Checksums-Sha1:
 0c455547467a8cd7994061127ddd22b39e786d71 62541 libdata-util-perl_0.66.orig.tar.gz
 c0e4e18e386d12c6283e9206b26672f96054181d 2800 libdata-util-perl_0.66-1.debian.tar.xz
Checksums-Sha256:
 c35d39db452096ea5a695b54668d99d58b954c72fc9ef822e3e0a627f115c6f4 62541 libdata-util-perl_0.66.orig.tar.gz
 3309708da48627f3a9978cd2b220b61795c7b78d2ee77edf31141a63e17e08f7 2800 libdata-util-perl_0.66-1.debian.tar.xz
Files:
 d366853c8231d25c33c0d33c2fa1c06d 62541 libdata-util-perl_0.66.orig.tar.gz
 880e988b061d7d42a4302368d092f342 2800 libdata-util-perl_0.66-1.debian.tar.xz

-----BEGIN PGP SIGNATURE-----

iQKTBAEBCgB9FiEE0eExbpOnYKgQTYX6uzpoAYZJqgYFAlmkOPdfFIAAAAAALgAo
aXNzdWVyLWZwckBub3RhdGlvbnMub3BlbnBncC5maWZ0aGhvcnNlbWFuLm5ldEQx
RTEzMTZFOTNBNzYwQTgxMDREODVGQUJCM0E2ODAxODY0OUFBMDYACgkQuzpoAYZJ
qgbDqw//fBkhSeF7fDq0mRCXqcAqqPc6nTjFbckU/iwBuM+2tZ2S8zPeL0KUhue0
VvA1GebfFOxwwYnz8ylnZfmN7IO+GQIxcSN24QifBYP+900PLiumdrqQFc2AZU+Y
isCu3UB282lJuR5ig8c/ETg+9wrQycd7PEdbhkoonCT31SqyVMxxiz2GOazkzGhM
4DsRvVhGl27S6wWhrk87SuOK3WmtK7BIfaYuerSuXcZsY+INReE0F7Xw8cxpTDrl
nkbLzbaSCyfrWz8v9An4YSQ0Mx6hEnBAG6dU0LFra91qkRPvUWSY8CLnW3meHpZe
MrBkBpRay9a+zjW96+FqkCoci8dO+t94eXhGCxwy1EV0+LNtE4YJSnGaSeIuTNsX
TzhO5c6jT72baWzok7OOB7frnPEtFEhFWsu00h21YYwB5zstyJfU2uqp8xt2ty0K
S6RsKzYhRN2lfqu24z4O7QNmp1VudCMG6vjXO5tVfhyPgZZ1zaIAoX/bbgaAAoFg
BtlNHKtyWJdO7QXEfka7nShYamG6jB9EJ0QZbP9Nf/hjGNoWKMCIB8Lie1l241HT
o42w6BbP3X1YjoZWrJcE1xJeVzoRkA0Pl8dZjU8NsW5Ag9HJtG4bMCTGUya6txRc
7RfY06qRs9MDYhRTZqoLXXKig5M+m25AxR5VBxRI3i4bcwppVd0=
=C6NQ
-----END PGP SIGNATURE-----

gpgv: unknown type of key resource 'trustedkeys.kbx'
gpgv: keyblock resource '/sbuild-nonexistent/.gnupg/trustedkeys.kbx': General error
gpgv: Signature made Mon Aug 28 15:38:31 2017 UTC
gpgv:                using RSA key D1E1316E93A760A8104D85FABB3A68018649AA06
gpgv: Can't check signature: No public key
dpkg-source: warning: failed to verify signature on ./libdata-util-perl_0.66-1.dsc
dpkg-source: info: extracting libdata-util-perl in /<<PKGBUILDDIR>>
dpkg-source: info: unpacking libdata-util-perl_0.66.orig.tar.gz
dpkg-source: info: unpacking libdata-util-perl_0.66-1.debian.tar.xz

Check disk space
----------------

Sufficient free space for build

User Environment
----------------

APT_CONFIG=/var/lib/sbuild/apt.conf
HOME=/sbuild-nonexistent
LANG=C.UTF-8
LC_ALL=C.UTF-8
LOGNAME=user42
PATH=/usr/local/sbin:/usr/local/bin:/usr/sbin:/usr/bin:/sbin:/bin:/usr/games
SCHROOT_ALIAS_NAME=unstable
SCHROOT_CHROOT_NAME=sid-amd64-sbuild
SCHROOT_COMMAND=env
SCHROOT_GID=1001
SCHROOT_GROUP=user42
SCHROOT_SESSION_ID=sid-amd64-sbuild-bbcee9af-beb0-480f-b5c1-c18982610e21
SCHROOT_UID=1001
SCHROOT_USER=user42
SHELL=/bin/sh
USER=user42

dpkg-buildpackage
-----------------

Command: dpkg-buildpackage -us -uc -b -rfakeroot
dpkg-buildpackage: info: source package libdata-util-perl
dpkg-buildpackage: info: source version 0.66-1
dpkg-buildpackage: info: source distribution unstable
dpkg-buildpackage: info: source changed by Nick Morrott <knowledgejunkie@gmail.com>
 dpkg-source --before-build .
dpkg-buildpackage: info: host architecture amd64
 fakeroot debian/rules clean
dh clean
   dh_clean
 debian/rules build
dh build
   dh_update_autotools_config
   dh_autoreconf
   dh_auto_configure
	perl -I. Build.PL --installdirs vendor --config "optimize=-g -O2 -fdebug-prefix-map=/<<PKGBUILDDIR>>=. -fstack-protector-strong -Wformat -Werror=format-security -Wdate-time -D_FORTIFY_SOURCE=2" --config "ld=x86_64-linux-gnu-gcc -g -O2 -fdebug-prefix-map=/<<PKGBUILDDIR>>=. -fstack-protector-strong -Wformat -Werror=format-security -Wl,-z,relro -Wl,-z,now"
Created MYMETA.yml and MYMETA.json
Creating new 'Build' script for 'Data-Util' version '0.66'
   dh_auto_build
	perl Build
Building Data-Util
x86_64-linux-gnu-gcc -Ixs-src -I/usr/lib/x86_64-linux-gnu/perl/5.30/CORE -fPIC -std=c99 -c -D_REENTRANT -D_GNU_SOURCE -DDEBIAN -fwrapv -fno-strict-aliasing -pipe -I/usr/local/include -D_LARGEFILE_SOURCE -D_FILE_OFFSET_BITS=64 -g -O2 -fdebug-prefix-map=/<<PKGBUILDDIR>>=. -fstack-protector-strong -Wformat -Werror=format-security -g -O2 -fdebug-prefix-map=/<<PKGBUILDDIR>>=. -fstack-protector-strong -Wformat -Werror=format-security -Wdate-time -D_FORTIFY_SOURCE=2 -o xs-src/misc_scalar.o xs-src/misc_scalar.c
x86_64-linux-gnu-gcc -Ixs-src -I/usr/lib/x86_64-linux-gnu/perl/5.30/CORE -fPIC -std=c99 -c -D_REENTRANT -D_GNU_SOURCE -DDEBIAN -fwrapv -fno-strict-aliasing -pipe -I/usr/local/include -D_LARGEFILE_SOURCE -D_FILE_OFFSET_BITS=64 -g -O2 -fdebug-prefix-map=/<<PKGBUILDDIR>>=. -fstack-protector-strong -Wformat -Werror=format-security -g -O2 -fdebug-prefix-map=/<<PKGBUILDDIR>>=. -fstack-protector-strong -Wformat -Werror=format-security -Wdate-time -D_FORTIFY_SOURCE=2 -o xs-src/subs.o xs-src/subs.c
x86_64-linux-gnu-gcc -Ixs-src -I/usr/lib/x86_64-linux-gnu/perl/5.30/CORE -DVERSION="0.66" -DXS_VERSION="0.66" -fPIC -std=c99 -c -D_REENTRANT -D_GNU_SOURCE -DDEBIAN -fwrapv -fno-strict-aliasing -pipe -I/usr/local/include -D_LARGEFILE_SOURCE -D_FILE_OFFSET_BITS=64 -g -O2 -fdebug-prefix-map=/<<PKGBUILDDIR>>=. -fstack-protector-strong -Wformat -Werror=format-security -g -O2 -fdebug-prefix-map=/<<PKGBUILDDIR>>=. -fstack-protector-strong -Wformat -Werror=format-security -Wdate-time -D_FORTIFY_SOURCE=2 -o lib/Data/Util.o lib/Data/Util.c
ExtUtils::Mkbootstrap::Mkbootstrap('blib/arch/auto/Data/Util/Util.bs')
x86_64-linux-gnu-gcc -g -O2 -fdebug-prefix-map=/<<PKGBUILDDIR>>=. -fstack-protector-strong -Wformat -Werror=format-security -Wl,-z,relro -Wl,-z,now -shared -L/usr/local/lib -fstack-protector-strong -o blib/arch/auto/Data/Util/Util.so lib/Data/Util.o xs-src/misc_scalar.o xs-src/subs.o
   dh_auto_test
	perl Build test --verbose 1
# Testing Data::Util 0.66 (XS)
t/00_load.t .................. 
1..1
ok 1 - use Data::Util;
ok
# Testing XS
t/01_refs.t .................. 
1..47
ok 1 - is_scalar_ref
ok 2 - is_scalar_ref (lvalue)
ok 3 - is_scalar_ref (ref)
ok 4 - is_scalar_ref
ok 5 - is_scalar_ref
ok 6 - is_scalar_ref
ok 7 - is_scalar_ref
ok 8 - is_array_ref
ok 9 - is_array_ref
ok 10 - is_array_ref
ok 11 - is_array_ref
ok 12 - is_hash_ref
ok 13 - is_hash_ref
ok 14 - is_hash_ref
ok 15 - is_hash_ref
ok 16 - is_code_ref
ok 17 - is_code_ref
ok 18 - is_code_ref
ok 19 - is_code_ref
ok 20 - is_glob_ref
ok 21 - is_glob_ref
ok 22 - is_glob_ref
ok 23 - is_glob_ref
ok 24 - is_regex_ref
ok 25 - is_regex_ref
ok 26 - is_rx
ok 27 - is_rx
ok 28 - fake regexp
ok 29 - scalar_ref
ok 30
ok 31 - threw Regexp ((?^:Validation failed: you must supply a SCALAR reference))
ok 32 - threw Regexp ((?^:Validation failed))
ok 33 - threw Regexp ((?^:Validation failed))
ok 34 - threw Regexp ((?^:Validation failed))
ok 35 - threw Regexp ((?^:Validation failed))
ok 36 - array_ref
ok 37 - threw Regexp ((?^:Validation failed))
ok 38 - hash_ref
ok 39 - threw Regexp ((?^:Validation failed))
ok 40 - code_ref
ok 41 - threw Regexp ((?^:Validation failed))
ok 42 - glob_ref
ok 43 - threw Regexp ((?^:Validation failed))
ok 44 - rx
ok 45 - threw Regexp ((?^:Validation failed))
ok 46 - not enough arguments
ok 47 - not enought arguments
ok
t/02_inst.t .................. 
1..33
ok 1 - is_instance
ok 2
ok 3 - is_instance of UNIVERSAL
ok 4
ok 5
ok 6
ok 7
ok 8
ok 9
ok 10
ok 11 - ISA changed dynamically
ok 12
ok 13
ok 14
ok 15
ok 16
ok 17
ok 18
ok 19 - 'instance' isa 'Foo'
ok 20 - An object of class 'Bar' isa 'Foo'
ok 21
ok 22
ok 23
ok 24
ok 25
ok 26 - illigal argument order
ok 27 - illigal use
ok 28 - not enough argument
ok 29 - uninitialized class
ok 30 - illigal argument order
ok 31 - illigal use
ok 32 - not enough argument
ok 33 - uninitialized class
ok
t/03_gen.t ................... 
1..7
ok 1 - anon_scalar
ok 2 - anon_scalar
ok 3
ok 4
ok 5 - not readonly
ok 6
ok 7 - writable
ok
t/04_overloaded.t ............ 
1..36
ok 1 - check with overloaded
ok 2
ok 3
ok 4
ok 5
ok 6
ok 7
ok 8
ok 9
ok 10
ok 11
ok 12
ok 13
ok 14
ok 15
ok 16
ok 17
ok 18
ok 19 - validate with overloaded
ok 20
ok 21
ok 22
ok 23
ok 24
ok 25
ok 26
ok 27
ok 28
ok 29
ok 30
ok 31
ok 32
ok 33
ok 34
ok 35
ok 36
ok
t/05_get_stash.t ............. 
1..40
ok 1 - get_stash("main")
ok 2 - is_invocant()
ok 3 - invocant()
ok 4 - get_stash("strict")
ok 5 - is_invocant()
ok 6 - invocant()
ok 7 - get_stash("Data::Util")
ok 8 - is_invocant()
ok 9 - invocant()
ok 10 - get_stash("::main::Data::Util")
ok 11 - is_invocant()
ok 12 - invocant()
ok 13 - get_stash(Foo=HASH(0x55ad5ca67df8))
ok 14 - is_invocant()
ok 15 - invocant()
ok 16 - get_stash for "not_exists"(invalid value)
ok 17 - !is_invocant()
ok 18 - invocant() throws fatal error
ok 19 - get_stash for ""(invalid value)
ok 20 - !is_invocant()
ok 21 - invocant() throws fatal error
ok 22 - get_stash for "1"(invalid value)
ok 23 - !is_invocant()
ok 24 - invocant() throws fatal error
ok 25 - get_stash for undef(invalid value)
ok 26 - !is_invocant()
ok 27 - invocant() throws fatal error
ok 28 - get_stash for [](invalid value)
ok 29 - !is_invocant()
ok 30 - invocant() throws fatal error
ok 31 - get_stash for *main::ok(invalid value)
ok 32 - !is_invocant()
ok 33 - invocant() throws fatal error
ok 34 - for magic variable
ok 35
ok 36
ok 37 - is_invocant() for an object
ok 38 - invocant() for an object
ok 39
ok 40
ok
t/06_subroutine.t ............ 
1..32
ok 1 - get_code_info()
ok 2
ok 3 - get_code_info()
ok 4
ok 5
ok 6
ok 7 - as function
ok 8 - as method
ok 9 - redefined
ok 10 - install anonymous subr
ok 11 - ...named
ok 12
ok 13
ok 14 - install closure
ok 15
ok 16 - name an anonymous subr
ok 17 - does not name a named subr
ok 18 - install undefined subroutine
ok 19 - overload
ok 20 - threw Regexp ((?^:dies in codify))
ok 21
ok 22
ok 23 - threw Regexp ((?^:CODE reference))
ok 24 - threw Regexp ((?^:^Usage: ))
ok 25
ok 26 - threw Regexp ((?^:package name))
ok 27 - threw Regexp ((?^:CODE reference))
ok 28 - threw Regexp ((?^msx:\b name\b ))
ok 29 - threw Regexp ((?^msx:\b name\b ))
ok 30 - multiple installation(1)
ok 31 - multiple installation(2)
ok 32 - multiple installation(3)
ok
t/08_mgvars.t ................ 
1..12
ok 1
ok 2
ok 3
ok 4
ok 5
ok 6
ok 7
ok 8
ok 9
ok 10
ok 11
ok 12
ok
Can't locate package A for @Bar::ISA during global destruction.
Can't locate package A for @Bar::ISA during global destruction.
t/09_paranoia.t .............. 
1..26
ok 1
ok 2
ok 3
ok 4
ok 5
ok 6
ok 7
ok 8
ok 9
ok 10
ok 11
ok 12
ok 13
ok 14
ok 15
ok 16
ok 17
ok 18
ok 19
ok 20
ok 21
ok 22
ok 23
ok 24
ok 25
ok 26
ok
t/10_neat.t .................. 
1..18
ok 1 - neat()
ok 2
ok 3
ok 4
ok 5
ok 6
ok 7
ok 8
ok 9 - for an overloaded object
ok 10 - neat(qr/foo/) includes "foo"
ok 11 - +Inf
ok 12 - -Inf
ok 13 - NaN
ok 14 - for magical scalar
ok 15 - for magical scalar (aelem)
ok 16 - for magical scalar (helem)
ok 17 - neat(recursive array) is safe
ok 18 - neat(recursive hash) is safe
ok
t/11_fail_handler.t .......... 
1..8
ok 1 - use Data::Util::Error;
ok 2
ok 3
ok 4
ok 5 - threw Regexp ((?^:FooError))
ok 6 - threw Regexp ((?^:BarError))
ok 7 - threw Regexp ((?^:FooError))
ok 8 - threw Regexp ((?^:Validation failed))
ok
t/12_in_attr_handler.t ....... skipped: This test is for old perls
t/13_optlist.t ............... 
1..48
ok 1 - mkopt()
ok 2
ok 3
ok 4
ok 5
ok 6
ok 7
ok 8
ok 9 - unique
ok 10 - validation
ok 11
ok 12
ok 13
ok 14
ok 15 - overloaded data (ARRAY)
ok 16
ok 17
ok 18 - overloaded validator (ARRAY)
ok 19 - overloaded validator (HASH)
ok 20
ok 21 - mkopt_hash()
ok 22
ok 23
ok 24
ok 25
ok 26
ok 27
ok 28
ok 29 - validation
ok 30
ok 31
ok 32
ok 33
ok 34
ok 35
ok 36 - (use TARG)
ok 37 - (use TARG)
ok 38 - unique-mkopt
ok 39 - unique-mkopt_hash
ok 40 - threw Regexp ((?^:ARRAY-ref values are not valid.* in test opt list))
ok 41 - threw Regexp ((?^:ARRAY-ref values are not valid.* in test opt list))
ok 42 - threw Regexp ((?^:ARRAY-ref values are not valid.* in test opt list))
ok 43 - threw Regexp ((?^:Foo-ref values are not valid.* in test opt list))
ok 44 - threw Regexp ((?^:Foo-ref values are not valid.* in test opt list))
ok 45
ok 46
ok 47
ok 48
ok
t/14_uninst_subr.t ........... 
1..23
ok 1 - before uninstalled
ok 2 - can
ok 3 - cannot
ok 4 - remains other slots
ok 5
ok 6 - compare globs directly
ok 7 - uninstall subroutine stubs
ok 8
ok 9
ok 10
ok 11 - specify a matched subr (uninstalled)
ok 12 - specify an unmatched subr (not uninstalled)
ok 13 - closure released
ok 14 - closed values released
ok 15
ok 16
ok 17
ok 18
ok 19
ok 20 - threw Regexp ((?^:Constant subroutine FOO uninstalled))
ok 21
ok 22
ok 23 - threw Regexp ((?^:^Usage: ))
ok
t/15_curry.t ................. 
1..32
ok 1 - curry()
ok 2 - without placeholders, in list context
ok 3
ok 4 - with subscriptive placeholders
ok 5
ok 6
ok 7
ok 8 - in scalar context
ok 9 - with *_
ok 10 - *_, x
ok 11 - x, *_
ok 12 - *_, x, *_
ok 13 - *_, \0, \1
ok 14 - \0, \1, *_
ok 15 - method curry
ok 16
ok 17
ok 18
ok 19
ok 20
ok 21 - argument semantics (alias)
ok 22
ok 23
ok 24 - GC
ok 25
ok 26
ok 27
ok 28
ok 29 - not a placeholder
ok 30 - threw Regexp ((?^:Undefined subroutine))
ok 31 - threw Regexp ((?^:Can't locate object method))
ok 32 - bad arguments
ok
t/16_modify.t ................ 
1..55
ok 1 - modify_subroutine()
ok 2
ok 3
ok 4
ok 5 - getter:before
ok 6 - getter:around
ok 7 - getter:after
ok 8 - call with scalar context
ok 9
ok 10 - call with list context
ok 11
ok 12
ok 13 - add :before modifiers
ok 14
ok 15 - add :around modifiers
ok 16
ok 17 - add :after modifiers
ok 18
ok 19 - with multiple modifiers
ok 20
ok 21 - add modifiers
ok 22 - :around order (modify_subroutine)(f1 f2 f3)
ok 23 - :around order (subroutine_modifier) (f3 f2 f1)
ok 24 - :around order (subroutine_modifier) (f3 f2 f1)
ok 25 - :before order (modify_subroutine)
ok 26 - :before order (subroutine_modifier)
ok 27 - :before order (subroutine_modifier) (before3 before2 before)
ok 28 - :after order (modify_subroutine)
ok 29 - :after order (subroutine_modifier)
ok 30 - :after order (subroutine_modifier) (after after2 after3)
ok 31 - get before modifiers
ok 32 - get around modifiers
ok 33 - get after  modifiers
ok 34 - copy before modifiers
ok 35 - copy around modifiers
ok 36 - copy after  modifiers
ok 37 - list context in around
ok 38 - scalar context in around
ok 39 - void context in around
ok 40
ok 41
ok 42 - closed values are released
ok 43 - ... called and released
ok 44 - ... and the argument is also released
ok 45
ok 46
ok 47
ok 48
ok 49
ok 50 - threw Regexp ((?^:Validation failed:.* a modifier property))
ok 51 - threw Regexp ((?^:Validation failed:.* a modifier property))
ok 52 - threw Regexp ((?^:Validation failed:.* a CODE reference))
ok 53 - threw Regexp ((?^:Validation failed:.* a modifier property))
ok 54 - threw Regexp ((?^:Validation failed:.* a modified subroutine))
ok 55 - threw Regexp ((?^:Validation failed:.* a modified subroutine))
ok
t/17_nsclean.t ............... 
1..10
ok 1 - foo
ok 2 - bar
ok 3 - baz
ok 4 - *Foo::foo exists
ok 5
ok 6
ok 7
ok 8
ok 9
ok 10
ok
t/18_is_value.t .............. 
1..100
ok 1 - is_value("foo")
ok 2 - is_value("")
ok 3 - is_value(0)
ok 4 - is_value(-100)
ok 5 - is_value(3.14)
ok 6 - is_value("magic")
ok 7 - !is_value(undef)
ok 8 - !is_value([])
ok 9 - !is_value(IO::File=IO(0x5614e8e2a080))
ok 10 - !is_value(*main::ok)
ok 11 - !is_value(\"magic")
ok 12 - is_string("foo")
ok 13 - is_string(0)
ok 14 - is_string(-100)
ok 15 - is_string(3.14)
ok 16 - is_string("magic")
ok 17 - !is_string("")
ok 18 - !is_string(undef)
ok 19 - !is_string([])
ok 20 - !is_string(IO::File=IO(0x5614e8e2a080))
ok 21 - !is_string(*main::ok)
ok 22 - !is_string(\"magic")
ok 23 - is_integer(0)
ok 24 - numify-safe
ok 25 - is_integer(42)
ok 26 - numify-safe
ok 27 - is_integer(-42)
ok 28 - numify-safe
ok 29 - is_integer(3)
ok 30 - numify-safe
ok 31 - is_integer("0")
ok 32 - numify-safe
ok 33 - is_integer("+0")
ok 34 - numify-safe
ok 35 - is_integer("-0")
ok 36 - numify-safe
ok 37 - is_integer(" -42")
ok 38 - numify-safe
ok 39 - is_integer("+42 ")
ok 40 - numify-safe
ok 41 - is_integer(1.07374e+09)
ok 42 - numify-safe
ok 43 - is_integer(1234)
ok 44 - numify-safe
ok 45 - !is_integer(undef)
ok 46 - !is_integer(3.14)
ok 47 - !is_integer("0.0")
ok 48 - !is_integer("foo")
ok 49 - !is_integer(+Inf)
ok 50 - !is_integer(-Inf)
ok 51 - !is_integer("NaN")
ok 52 - !is_integer(+Inf)
ok 53 - !is_integer(-Inf)
ok 54 - !is_integer(NaN)
ok 55 - !is_integer(NaN)
ok 56 - !is_integer("")
ok 57 - !is_integer(*main::ok)
ok 58 - !is_integer([42])
ok 59 - !is_integer(IO::File=IO(0x5614e8e2a080))
ok 60 - !is_integer("0 but true")
ok 61 - !is_integer("magic")
ok 62 - is_number(0)
ok 63 - numify-safe
ok 64 - is_number(1)
ok 65 - numify-safe
ok 66 - is_number(-1)
ok 67 - numify-safe
ok 68 - is_number(3.14)
ok 69 - numify-safe
ok 70 - is_number("0")
ok 71 - numify-safe
ok 72 - is_number("+0")
ok 73 - numify-safe
ok 74 - is_number("-0")
ok 75 - numify-safe
ok 76 - is_number("0E0")
ok 77 - numify-safe
ok 78 - is_number(" 0.0")
ok 79 - numify-safe
ok 80 - is_number("1e-1")
ok 81 - numify-safe
ok 82 - is_number(4.29497e+09)
ok 83 - numify-safe
ok 84 - is_number(123.456)
ok 85 - numify-safe
ok 86 - !is_number(undef)
ok 87 - !is_number("foo")
ok 88 - !is_number("Inf")
ok 89 - !is_number("-Infinity")
ok 90 - !is_number("NaN")
ok 91 - !is_number(+Inf)
ok 92 - !is_number(-Inf)
ok 93 - !is_number(NaN)
ok 94 - !is_number(NaN)
ok 95 - !is_number("")
ok 96 - !is_number("0 but true")
ok 97 - !is_number(*main::ok)
ok 98 - !is_number([42])
ok 99 - !is_number(IO::File=IO(0x5614e8e2a080))
ok 100 - !is_number("magic")
ok
t/19_multiple_modifiers.t .... 
1..2
ok 1 - multiple modifiers in one class
ok 2 - multiple modifiers subclassed with multiple modifiers
ok
t/20_lexical_sub.t ........... 
1..9
ok 1
ok 2 - call lexical sub
ok 3
ok 4 - call lexical sub
ok 5
ok 6 - call lexical sub
ok 7 - threw Regexp ((?^:Undefined subroutine \&main::foo))
ok 8 - threw Regexp ((?^:Undefined subroutine \&main::bar))
ok 9 - threw Regexp ((?^:Undefined subroutine \&main::baz))
ok
t/21_get_code_ref.t .......... 
1..26
ok 1 - get_code_ref
ok 2
ok 3
ok 4
ok 5
ok 6
ok 7
ok 8
ok 9
ok 10
ok 11
ok 12
ok 13
ok 14
ok 15
ok 16 - not vivify a package
ok 17
ok 18
ok 19 - not vivify a symbol
ok 20
ok 21 - -create
ok 22 - ... created
ok 23 - call a created stub
ok 24
ok 25
ok 26
ok
t/22_install2.t .............. 
1..8
ok 1
ok 2
ok 3
ok 4
ok 5 - threw Regexp ((?^:Can't locate object method "foo" via package "main"))
ok 6
ok 7
ok 8 - threw Regexp ((?^:Can't locate object method "foo" via package "main"))
ok
t/23_largeargs.t ............. 
1..6
ok 1
ok 2
ok 3
ok 4
ok 5
ok 6
ok
t/24_eval_in_modifiers.t ..... 
1..4
ok 1 - before check done
ok 2 - after check done
ok 3 - around check done
ok 4 - all tests finished
ok
t/pp00_load.t ................ 
1..2
ok 1 - use Data::Util;
ok 2
ok
# Testing PurePerl
t/pp01_refs.t ................ 
1..47
ok 1 - is_scalar_ref
ok 2 - is_scalar_ref (lvalue)
ok 3 - is_scalar_ref (ref)
ok 4 - is_scalar_ref
ok 5 - is_scalar_ref
ok 6 - is_scalar_ref
ok 7 - is_scalar_ref
ok 8 - is_array_ref
ok 9 - is_array_ref
ok 10 - is_array_ref
ok 11 - is_array_ref
ok 12 - is_hash_ref
ok 13 - is_hash_ref
ok 14 - is_hash_ref
ok 15 - is_hash_ref
ok 16 - is_code_ref
ok 17 - is_code_ref
ok 18 - is_code_ref
ok 19 - is_code_ref
ok 20 - is_glob_ref
ok 21 - is_glob_ref
ok 22 - is_glob_ref
ok 23 - is_glob_ref
ok 24 - is_regex_ref
ok 25 - is_regex_ref
ok 26 - is_rx
ok 27 - is_rx
ok 28 # skip in testing perl only
ok 29 - scalar_ref
ok 30
ok 31 - threw Regexp ((?^:Validation failed: you must supply a SCALAR reference))
ok 32 - threw Regexp ((?^:Validation failed))
ok 33 - threw Regexp ((?^:Validation failed))
ok 34 - threw Regexp ((?^:Validation failed))
ok 35 - threw Regexp ((?^:Validation failed))
ok 36 - array_ref
ok 37 - threw Regexp ((?^:Validation failed))
ok 38 - hash_ref
ok 39 - threw Regexp ((?^:Validation failed))
ok 40 - code_ref
ok 41 - threw Regexp ((?^:Validation failed))
ok 42 - glob_ref
ok 43 - threw Regexp ((?^:Validation failed))
ok 44 - rx
ok 45 - threw Regexp ((?^:Validation failed))
ok 46 # skip in testing perl only
ok 47 # skip in testing perl only
ok
t/pp02_inst.t ................ 
1..33
ok 1 - is_instance
ok 2
ok 3 - is_instance of UNIVERSAL
ok 4
ok 5
ok 6
ok 7
ok 8
ok 9
ok 10
ok 11 - ISA changed dynamically
ok 12
ok 13
ok 14
ok 15
ok 16
ok 17
ok 18
ok 19 - 'instance' isa 'Foo'
ok 20 - An object of class 'Bar' isa 'Foo'
ok 21
ok 22
ok 23
ok 24
ok 25
ok 26 - illigal argument order
ok 27 - illigal use
ok 28 - not enough argument
ok 29 - uninitialized class
ok 30 - illigal argument order
ok 31 - illigal use
ok 32 - not enough argument
ok 33 - uninitialized class
ok
t/pp03_gen.t ................. 
1..7
ok 1 - anon_scalar
ok 2 - anon_scalar
ok 3
ok 4
ok 5 - not readonly
ok 6
ok 7 - writable
ok
t/pp04_overloaded.t .......... 
1..36
ok 1 - check with overloaded
ok 2
ok 3
ok 4
ok 5
ok 6
ok 7
ok 8
ok 9
ok 10
ok 11
ok 12
ok 13
ok 14
ok 15
ok 16
ok 17
ok 18
ok 19 - validate with overloaded
ok 20
ok 21
ok 22
ok 23
ok 24
ok 25
ok 26
ok 27
ok 28
ok 29
ok 30
ok 31
ok 32
ok 33
ok 34
ok 35
ok 36
ok
t/pp05_get_stash.t ........... 
1..40
ok 1 - get_stash("main")
ok 2 - is_invocant()
ok 3 - invocant()
ok 4 - get_stash("strict")
ok 5 - is_invocant()
ok 6 - invocant()
ok 7 - get_stash("Data::Util")
ok 8 - is_invocant()
ok 9 - invocant()
ok 10 - get_stash("::main::Data::Util")
ok 11 - is_invocant()
ok 12 - invocant()
ok 13 - get_stash(Foo=HASH(0x55a81967c420))
ok 14 - is_invocant()
ok 15 - invocant()
ok 16 - get_stash for "not_exists"(invalid value)
ok 17 - !is_invocant()
ok 18 - invocant() throws fatal error
ok 19 - get_stash for ""(invalid value)
ok 20 - !is_invocant()
ok 21 - invocant() throws fatal error
ok 22 - get_stash for 1(invalid value)
ok 23 - !is_invocant()
ok 24 - invocant() throws fatal error
ok 25 - get_stash for undef(invalid value)
ok 26 - !is_invocant()
ok 27 - invocant() throws fatal error
ok 28 - get_stash for ARRAY(0x55a819e335b0)(invalid value)
ok 29 - !is_invocant()
ok 30 - invocant() throws fatal error
ok 31 - get_stash for *main::ok(invalid value)
ok 32 - !is_invocant()
ok 33 - invocant() throws fatal error
ok 34 - for magic variable
ok 35
ok 36
ok 37 - is_invocant() for an object
ok 38 - invocant() for an object
ok 39
ok 40
ok
t/pp06_subroutine.t .......... 
1..32
ok 1 - get_code_info()
ok 2
ok 3 - get_code_info()
ok 4
ok 5
ok 6
ok 7 - as function
ok 8 - as method
ok 9 - redefined
ok 10 - install anonymous subr
ok 11 # skip in testing perl only
ok 12
ok 13 # skip in testing perl only
ok 14 - install closure
ok 15
ok 16 # skip in testing perl only
ok 17 # skip in testing perl only
ok 18 - install undefined subroutine
ok 19 - overload
ok 20 - threw Regexp ((?^:dies in codify))
ok 21
ok 22
ok 23 - threw Regexp ((?^:CODE reference))
ok 24 - threw Regexp ((?^:^Usage: ))
ok 25
ok 26 - threw Regexp ((?^:package name))
ok 27 - threw Regexp ((?^:CODE reference))
ok 28 - threw Regexp ((?^msx:\b name\b ))
ok 29 - threw Regexp ((?^msx:\b name\b ))
ok 30 - multiple installation(1)
ok 31 - multiple installation(2)
ok 32 - multiple installation(3)
ok
t/pp08_mgvars.t .............. 
1..12
ok 1
ok 2
ok 3
ok 4
ok 5
ok 6
ok 7
ok 8
ok 9
ok 10
ok 11
ok 12
ok
t/pp10_neat.t ................ 
1..18
ok 1 - neat()
ok 2
ok 3
ok 4
ok 5
ok 6
ok 7
ok 8
ok 9 - for an overloaded object
ok 10 - neat(qr/foo/) includes "foo"
ok 11 - +Inf
ok 12 - -Inf
ok 13 - NaN
ok 14 - for magical scalar
ok 15 - for magical scalar (aelem)
ok 16 - for magical scalar (helem)
ok 17 - neat(recursive array) is safe
ok 18 - neat(recursive hash) is safe
ok
t/pp11_fail_handler.t ........ 
1..8
ok 1 - use Data::Util::Error;
ok 2
ok 3
ok 4
ok 5 - threw Regexp ((?^:FooError))
ok 6 - threw Regexp ((?^:BarError))
ok 7 - threw Regexp ((?^:FooError))
ok 8 - threw Regexp ((?^:Validation failed))
ok
t/pp12_in_attr_handler.t ..... skipped: This test is for old perls
t/pp13_optlist.t ............. 
1..48
ok 1 - mkopt()
ok 2
ok 3
ok 4
ok 5
ok 6
ok 7
ok 8
ok 9 - unique
ok 10 - validation
ok 11
ok 12
ok 13
ok 14
ok 15 - overloaded data (ARRAY)
ok 16
ok 17
ok 18 - overloaded validator (ARRAY)
ok 19 - overloaded validator (HASH)
ok 20
ok 21 - mkopt_hash()
ok 22
ok 23
ok 24
ok 25
ok 26
ok 27
ok 28
ok 29 - validation
ok 30
ok 31
ok 32
ok 33
ok 34
ok 35
ok 36 - (use TARG)
ok 37 - (use TARG)
ok 38 - unique-mkopt
ok 39 - unique-mkopt_hash
ok 40 - threw Regexp ((?^:ARRAY-ref values are not valid.* in test opt list))
ok 41 - threw Regexp ((?^:ARRAY-ref values are not valid.* in test opt list))
ok 42 - threw Regexp ((?^:ARRAY-ref values are not valid.* in test opt list))
ok 43 - threw Regexp ((?^:Foo-ref values are not valid.* in test opt list))
ok 44 - threw Regexp ((?^:Foo-ref values are not valid.* in test opt list))
ok 45
ok 46
ok 47
ok 48
ok
t/pp14_uninst_subr.t ......... 
1..23
ok 1 - before uninstalled
ok 2 - can
ok 3 - cannot
ok 4 - remains other slots
ok 5
ok 6 - compare globs directly
ok 7 - uninstall subroutine stubs
ok 8
ok 9
ok 10
ok 11 - specify a matched subr (uninstalled)
ok 12 - specify an unmatched subr (not uninstalled)
ok 13 - closure released
ok 14 - closed values released
ok 15
ok 16
ok 17
ok 18
ok 19
ok 20 - threw Regexp ((?^:Constant subroutine FOO uninstalled))
ok 21
ok 22
ok 23 - threw Regexp ((?^:^Usage: ))
ok
t/pp15_curry.t ............... 
1..32
ok 1 - curry()
ok 2 - without placeholders, in list context
ok 3
ok 4 - with subscriptive placeholders
ok 5
ok 6
ok 7
ok 8 - in scalar context
ok 9 - with *_
ok 10 - *_, x
ok 11 - x, *_
ok 12 - *_, x, *_
ok 13 - *_, \0, \1
ok 14 - \0, \1, *_
ok 15 - method curry
ok 16
ok 17
ok 18
ok 19
ok 20
ok 21 - argument semantics (alias)
ok 22
ok 23
ok 24 - GC
ok 25
ok 26
ok 27
ok 28
ok 29 - not a placeholder
ok 30 - threw Regexp ((?^:Undefined subroutine))
ok 31 - threw Regexp ((?^:Can't locate object method))
ok 32 - bad arguments
ok
t/pp16_modify.t .............. 
1..55
ok 1 - modify_subroutine()
ok 2
ok 3
ok 4
ok 5 - getter:before
ok 6 - getter:around
ok 7 - getter:after
ok 8 - call with scalar context
ok 9
ok 10 - call with list context
ok 11
ok 12
ok 13 - add :before modifiers
ok 14
ok 15 - add :around modifiers
ok 16
ok 17 - add :after modifiers
ok 18
ok 19 - with multiple modifiers
ok 20
ok 21 - add modifiers
ok 22 - :around order (modify_subroutine)(f1 f2 f3)
ok 23 - :around order (subroutine_modifier) (f3 f2 f1)
ok 24 - :around order (subroutine_modifier) (f3 f2 f1)
ok 25 - :before order (modify_subroutine)
ok 26 - :before order (subroutine_modifier)
ok 27 - :before order (subroutine_modifier) (before3 before2 before)
ok 28 - :after order (modify_subroutine)
ok 29 - :after order (subroutine_modifier)
ok 30 - :after order (subroutine_modifier) (after after2 after3)
ok 31 - get before modifiers
ok 32 - get around modifiers
ok 33 - get after  modifiers
ok 34 - copy before modifiers
ok 35 - copy around modifiers
ok 36 - copy after  modifiers
ok 37 - list context in around
ok 38 - scalar context in around
ok 39 - void context in around
ok 40
ok 41
ok 42 - closed values are released
ok 43 - ... called and released
ok 44 - ... and the argument is also released
ok 45
ok 46
ok 47
ok 48
ok 49
ok 50 - threw Regexp ((?^:Validation failed:.* a modifier property))
ok 51 - threw Regexp ((?^:Validation failed:.* a modifier property))
ok 52 - threw Regexp ((?^:Validation failed:.* a CODE reference))
ok 53 - threw Regexp ((?^:Validation failed:.* a modifier property))
ok 54 - threw Regexp ((?^:Validation failed:.* a modified subroutine))
ok 55 - threw Regexp ((?^:Validation failed:.* a modified subroutine))
ok
t/pp17_nsclean.t ............. 
1..10
ok 1 - foo
ok 2 - bar
ok 3 - baz
ok 4 - *Foo::foo exists
ok 5
ok 6
ok 7
ok 8
ok 9
ok 10
ok
t/pp18_is_value.t ............ 
1..100
ok 1 - is_value("foo")
ok 2 - is_value("")
ok 3 - is_value(0)
ok 4 - is_value(-100)
ok 5 - is_value(3.14)
ok 6 - is_value("magic")
ok 7 - !is_value(undef)
ok 8 - !is_value(ARRAY(0x56187c0837a0))
ok 9 - !is_value(IO::File=IO(0x56187b7f1080))
ok 10 - !is_value(*main::ok)
ok 11 - !is_value(SCALAR(0x56187c0369e8))
ok 12 - is_string("foo")
ok 13 - is_string(0)
ok 14 - is_string(-100)
ok 15 - is_string(3.14)
ok 16 - is_string("magic")
ok 17 - !is_string("")
ok 18 - !is_string(undef)
ok 19 - !is_string(ARRAY(0x56187c0ba360))
ok 20 - !is_string(IO::File=IO(0x56187b7f1080))
ok 21 - !is_string(*main::ok)
ok 22 - !is_string(SCALAR(0x56187c036e98))
ok 23 - is_integer(0)
ok 24 - numify-safe
ok 25 - is_integer(42)
ok 26 - numify-safe
ok 27 - is_integer(-42)
ok 28 - numify-safe
ok 29 - is_integer(3)
ok 30 - numify-safe
ok 31 - is_integer(0)
ok 32 - numify-safe
ok 33 - is_integer(+0)
ok 34 - numify-safe
ok 35 - is_integer(-0)
ok 36 - numify-safe
ok 37 - is_integer( -42)
ok 38 - numify-safe
ok 39 - is_integer(+42 )
ok 40 - numify-safe
ok 41 - is_integer(1073741824)
ok 42 - numify-safe
ok 43 - is_integer(1234)
ok 44 - numify-safe
ok 45 - !is_integer(undef)
ok 46 - !is_integer(3.14)
ok 47 - !is_integer(0.0)
ok 48 - !is_integer("foo")
ok 49 - !is_integer("Inf")
ok 50 - !is_integer("-Inf")
ok 51 - !is_integer("NaN")
ok 52 - !is_integer("Inf")
ok 53 - !is_integer("-Inf")
ok 54 - !is_integer("NaN")
ok 55 - !is_integer("NaN")
ok 56 - !is_integer("")
ok 57 - !is_integer(*main::ok)
ok 58 - !is_integer(ARRAY(0x56187b7fae98))
ok 59 - !is_integer(IO::File=IO(0x56187b7f1080))
ok 60 - !is_integer("0 but true")
ok 61 - !is_integer("magic")
ok 62 - is_number(0)
ok 63 - numify-safe
ok 64 - is_number(1)
ok 65 - numify-safe
ok 66 - is_number(-1)
ok 67 - numify-safe
ok 68 - is_number(3.14)
ok 69 - numify-safe
ok 70 - is_number(0)
ok 71 - numify-safe
ok 72 - is_number(+0)
ok 73 - numify-safe
ok 74 - is_number(-0)
ok 75 - numify-safe
ok 76 - is_number(0E0)
ok 77 - numify-safe
ok 78 - is_number( 0.0)
ok 79 - numify-safe
ok 80 - is_number(1e-1)
ok 81 - numify-safe
ok 82 - is_number(4294967296.1)
ok 83 - numify-safe
ok 84 - is_number(123.456)
ok 85 - numify-safe
ok 86 - !is_number(undef)
ok 87 - !is_number("foo")
ok 88 - !is_number("Inf")
ok 89 - !is_number("-Infinity")
ok 90 - !is_number("NaN")
ok 91 - !is_number("Inf")
ok 92 - !is_number("-Inf")
ok 93 - !is_number("NaN")
ok 94 - !is_number("NaN")
ok 95 - !is_number("")
ok 96 - !is_number("0 but true")
ok 97 - !is_number(*main::ok)
ok 98 - !is_number(ARRAY(0x56187c086840))
ok 99 - !is_number(IO::File=IO(0x56187b7f1080))
ok 100 - !is_number("magic")
ok
t/pp19_multiple_modifiers.t .. 
1..2
ok 1 - multiple modifiers in one class
ok 2 - multiple modifiers subclassed with multiple modifiers
ok
t/pp20_lexical_sub.t ......... 
1..9
ok 1
ok 2 - call lexical sub
ok 3
ok 4 - call lexical sub
ok 5
ok 6 - call lexical sub
ok 7 - threw Regexp ((?^:Undefined subroutine \&main::foo))
ok 8 - threw Regexp ((?^:Undefined subroutine \&main::bar))
ok 9 - threw Regexp ((?^:Undefined subroutine \&main::baz))
ok
t/pp21_get_code_ref.t ........ 
1..26
ok 1 - get_code_ref
ok 2
ok 3
ok 4
ok 5
ok 6
ok 7
ok 8
ok 9
ok 10
ok 11
ok 12
ok 13
ok 14
ok 15
ok 16 - not vivify a package
ok 17
ok 18
ok 19 - not vivify a symbol
ok 20
ok 21 - -create
ok 22 - ... created
ok 23 - call a created stub
ok 24
ok 25
ok 26
ok
t/pp22_install2.t ............ 
1..8
ok 1
ok 2
ok 3
ok 4
ok 5 - threw Regexp ((?^:Can't locate object method "foo" via package "main"))
ok 6
ok 7
ok 8 - threw Regexp ((?^:Can't locate object method "foo" via package "main"))
ok
t/pp23_largeargs.t ........... 
1..6
ok 1
ok 2
ok 3
ok 4
ok 5
ok 6
ok
t/pp24_eval_in_modifiers.t ... 
1..4
ok 1 - before check done
ok 2 - after check done
ok 3 - around check done
ok 4 - all tests finished
ok
All tests successful.
Files=47, Tests=1141,  7 wallclock secs ( 0.24 usr  0.07 sys +  3.94 cusr  0.52 csys =  4.77 CPU)
Result: PASS
   create-stamp debian/debhelper-build-stamp
 fakeroot debian/rules binary
dh binary
   dh_testroot
   dh_prep
   dh_auto_install
	perl Build install --destdir /<<PKGBUILDDIR>>/debian/libdata-util-perl --create_packlist 0
Building Data-Util
Files found in blib/arch: installing files in blib/lib into architecture dependent library tree
Installing /<<PKGBUILDDIR>>/debian/libdata-util-perl/usr/lib/x86_64-linux-gnu/perl5/5.30/auto/Data/Util/Util.so
Installing /<<PKGBUILDDIR>>/debian/libdata-util-perl/usr/lib/x86_64-linux-gnu/perl5/5.30/auto/Data/Util/Util.bs
Installing /<<PKGBUILDDIR>>/debian/libdata-util-perl/usr/lib/x86_64-linux-gnu/perl5/5.30/Data/Util.pm
Installing /<<PKGBUILDDIR>>/debian/libdata-util-perl/usr/lib/x86_64-linux-gnu/perl5/5.30/Data/Util/PurePerl.pm
Installing /<<PKGBUILDDIR>>/debian/libdata-util-perl/usr/lib/x86_64-linux-gnu/perl5/5.30/Data/Util/Curry.pod
Installing /<<PKGBUILDDIR>>/debian/libdata-util-perl/usr/lib/x86_64-linux-gnu/perl5/5.30/Data/Util/Error.pm
Installing /<<PKGBUILDDIR>>/debian/libdata-util-perl/usr/lib/x86_64-linux-gnu/perl5/5.30/Data/Util/JA.pod
Installing /<<PKGBUILDDIR>>/debian/libdata-util-perl/usr/share/man/man3/Data::Util::JA.3pm
Installing /<<PKGBUILDDIR>>/debian/libdata-util-perl/usr/share/man/man3/Data::Util::Curry.3pm
Installing /<<PKGBUILDDIR>>/debian/libdata-util-perl/usr/share/man/man3/Data::Util::PurePerl.3pm
Installing /<<PKGBUILDDIR>>/debian/libdata-util-perl/usr/share/man/man3/Data::Util.3pm
Installing /<<PKGBUILDDIR>>/debian/libdata-util-perl/usr/share/man/man3/Data::Util::Error.3pm
   dh_installdocs
   dh_installchangelogs
   debian/rules override_dh_installexamples
make[1]: Entering directory '/<<PKGBUILDDIR>>'
dh_installexamples
sed -i '1s|^#!perl|#!/usr/bin/perl|' /<<PKGBUILDDIR>>/debian/libdata-util-perl/usr/share/doc/libdata-util-perl/examples/*.pl
make[1]: Leaving directory '/<<PKGBUILDDIR>>'
   dh_installman
   dh_lintian
   dh_perl
   dh_link
   dh_strip_nondeterminism
   dh_compress
   dh_fixperms
   dh_missing
   dh_strip
   dh_makeshlibs
   dh_shlibdeps
   dh_installdeb
   dh_gencontrol
   dh_md5sums
   dh_builddeb
dpkg-deb: building package 'libdata-util-perl' in '../libdata-util-perl_0.66-1_amd64.deb'.
dpkg-deb: building package 'libdata-util-perl-dbgsym' in '../libdata-util-perl-dbgsym_0.66-1_amd64.deb'.
 dpkg-genbuildinfo --build=binary
 dpkg-genchanges --build=binary >../libdata-util-perl_0.66-1_amd64.changes
dpkg-genchanges: info: binary-only upload (no source code included)
 dpkg-source --after-build .
dpkg-buildpackage: info: binary-only upload (no source included)
--------------------------------------------------------------------------------
Build finished at 2020-02-25T06:45:31Z

Finished
--------

I: Built successfully

+------------------------------------------------------------------------------+
| Changes                                                                      |
+------------------------------------------------------------------------------+


libdata-util-perl_0.66-1_amd64.changes:
---------------------------------------

Format: 1.8
Date: Sat, 26 Aug 2017 04:06:22 +0100
Source: libdata-util-perl
Binary: libdata-util-perl libdata-util-perl-dbgsym
Architecture: amd64
Version: 0.66-1
Distribution: unstable
Urgency: medium
Maintainer: Debian Perl Group <pkg-perl-maintainers@lists.alioth.debian.org>
Changed-By: Nick Morrott <knowledgejunkie@gmail.com>
Description:
 libdata-util-perl - selection of utilities for data and data types
Changes:
 libdata-util-perl (0.66-1) unstable; urgency=medium
 .
   * Team upload.
 .
   * New upstream version 0.66
   * Declare compliance with Debian Policy 4.1.0
   * Bump debhelper compatibility version to 10
   * Refresh (build-) dependencies
   * Refresh lintian override (offset)
   * Update lintian override (ignore spelling errors in comment)
   * debian/upstream/metadata: add Bug-Report field
Checksums-Sha1:
 c69158c574ce80e4515b53377b0ba314536a49ca 68088 libdata-util-perl-dbgsym_0.66-1_amd64.deb
 b008bff3a143bb8fe390aafc762ee030c11b2bba 5589 libdata-util-perl_0.66-1_amd64.buildinfo
 8b1c0036fcec76a1b720e54111979c6e2ac0ecf0 57176 libdata-util-perl_0.66-1_amd64.deb
Checksums-Sha256:
 e601655c1f8a89e31f67dae473252e0aadb17b5c0b9c11c4879112d4d1a0e642 68088 libdata-util-perl-dbgsym_0.66-1_amd64.deb
 d9e21c976dd162aa2f842e095bdf2ce3b2e3070f2b8796980f1a5a836195d10f 5589 libdata-util-perl_0.66-1_amd64.buildinfo
 02171df0247b19ded72e5c5cbd0cb9e20fdb4a7a24792369df9eaee4f8c5a8c8 57176 libdata-util-perl_0.66-1_amd64.deb
Files:
 ef595b08b10291b828e65fbcae001e17 68088 debug optional libdata-util-perl-dbgsym_0.66-1_amd64.deb
 3cd61e133ebbe47ab64ed3c0c1802a9d 5589 perl optional libdata-util-perl_0.66-1_amd64.buildinfo
 33f95fcca152cc8197eecd4cc0f1fad6 57176 perl optional libdata-util-perl_0.66-1_amd64.deb

+------------------------------------------------------------------------------+
| Buildinfo                                                                    |
+------------------------------------------------------------------------------+

Format: 1.0
Source: libdata-util-perl
Binary: libdata-util-perl
Architecture: amd64
Version: 0.66-1
Checksums-Md5:
 ef595b08b10291b828e65fbcae001e17 68088 libdata-util-perl-dbgsym_0.66-1_amd64.deb
 33f95fcca152cc8197eecd4cc0f1fad6 57176 libdata-util-perl_0.66-1_amd64.deb
Checksums-Sha1:
 c69158c574ce80e4515b53377b0ba314536a49ca 68088 libdata-util-perl-dbgsym_0.66-1_amd64.deb
 8b1c0036fcec76a1b720e54111979c6e2ac0ecf0 57176 libdata-util-perl_0.66-1_amd64.deb
Checksums-Sha256:
 e601655c1f8a89e31f67dae473252e0aadb17b5c0b9c11c4879112d4d1a0e642 68088 libdata-util-perl-dbgsym_0.66-1_amd64.deb
 02171df0247b19ded72e5c5cbd0cb9e20fdb4a7a24792369df9eaee4f8c5a8c8 57176 libdata-util-perl_0.66-1_amd64.deb
Build-Origin: Debian
Build-Architecture: amd64
Build-Date: Tue, 25 Feb 2020 06:45:30 +0000
Build-Path: /<<PKGBUILDDIR>>
Installed-Build-Depends:
 autoconf (= 2.69-11.1),
 automake (= 1:1.16.1-4),
 autopoint (= 0.19.8.1-10),
 autotools-dev (= 20180224.1),
 base-files (= 11),
 base-passwd (= 3.5.47),
 bash (= 5.0-5),
 binutils (= 2.34-3),
 binutils-common (= 2.34-3),
 binutils-x86-64-linux-gnu (= 2.34-3),
 bsdmainutils (= 11.1.2+b1),
 bsdutils (= 1:2.34-0.1),
 build-essential (= 12.8),
 bzip2 (= 1.0.8-2),
 clang-8 (= 1:8.0.1-7),
 coreutils (= 8.30-3+b1),
 cpp (= 4:9.2.1-3.1),
 cpp-9 (= 9.2.1-29),
 dash (= 0.5.10.2-6),
 debconf (= 1.5.73),
 debhelper (= 12.9),
 debianutils (= 4.9.1),
 dh-autoreconf (= 19),
 dh-strip-nondeterminism (= 1.6.3-2),
 diffutils (= 1:3.7-3),
 dpkg (= 1.19.7),
 dpkg-dev (= 1.19.7),
 dwz (= 0.13-5),
 fdisk (= 2.34-0.1),
 file (= 1:5.38-4),
 findutils (= 4.7.0-1),
 g++ (= 4:9.2.1-3.1),
 g++-9 (= 9.2.1-29),
 gcc (= 4:9.2.1-3.1),
 gcc-10-base (= 10-20200222-1),
 gcc-8-base (= 8.3.0-29),
 gcc-9 (= 9.2.1-29),
 gcc-9-base (= 9.2.1-29),
 gettext (= 0.19.8.1-10),
 gettext-base (= 0.19.8.1-10),
 grep (= 3.4-1),
 groff-base (= 1.22.4-4),
 gzip (= 1.9-3+b1),
 hostname (= 3.23),
 init-system-helpers (= 1.57),
 intltool-debian (= 0.35.0+20060710.5),
 lib32gcc-s1 (= 10-20200222-1),
 lib32gcc1 (= 1:10-20200222-1),
 lib32stdc++6 (= 10-20200222-1),
 libacl1 (= 2.2.53-5),
 libarchive-zip-perl (= 1.67-1),
 libasan5 (= 9.2.1-29),
 libatomic1 (= 10-20200222-1),
 libattr1 (= 1:2.4.48-5),
 libaudit-common (= 1:2.8.5-2),
 libaudit1 (= 1:2.8.5-2+b1),
 libbinutils (= 2.34-3),
 libblkid1 (= 2.34-0.1),
 libbsd0 (= 0.10.0-1),
 libbz2-1.0 (= 1.0.8-2),
 libc-bin (= 2.29-10),
 libc-dev-bin (= 2.29-10),
 libc6 (= 2.29-10),
 libc6-dev (= 2.29-10),
 libc6-i386 (= 2.29-10),
 libcap-ng0 (= 0.7.9-2.1+b1),
 libcc1-0 (= 10-20200222-1),
 libclang-common-8-dev (= 1:8.0.1-7),
 libclang1-8 (= 1:8.0.1-7),
 libcroco3 (= 0.6.13-1),
 libcrypt-dev (= 1:4.4.10-10),
 libcrypt1 (= 1:4.4.10-10),
 libctf-nobfd0 (= 2.34-3),
 libctf0 (= 2.34-3),
 libdb5.3 (= 5.3.28+dfsg1-0.6),
 libdebconfclient0 (= 0.251),
 libdebhelper-perl (= 12.9),
 libdevel-checkcompiler-perl (= 0.07-1),
 libdpkg-perl (= 1.19.7),
 libedit2 (= 3.1-20191231-1),
 libelf1 (= 0.176-1.1),
 libfdisk1 (= 2.34-0.1),
 libffi7 (= 3.3-3),
 libfile-stripnondeterminism-perl (= 1.6.3-2),
 libgc1c2 (= 1:7.6.4-0.4),
 libgcc-8-dev (= 8.3.0-29),
 libgcc-9-dev (= 9.2.1-29),
 libgcc-s1 (= 10-20200222-1),
 libgcc1 (= 1:10-20200222-1),
 libgcrypt20 (= 1.8.5-5),
 libgdbm-compat4 (= 1.18.1-5),
 libgdbm6 (= 1.18.1-5),
 libglib2.0-0 (= 2.62.4-2),
 libgmp10 (= 2:6.2.0+dfsg-4),
 libgomp1 (= 10-20200222-1),
 libgpg-error0 (= 1.37-1),
 libhash-util-fieldhash-compat-perl (= 0.11-1),
 libicu63 (= 63.2-2),
 libisl22 (= 0.22.1-1),
 libitm1 (= 10-20200222-1),
 libllvm8 (= 1:8.0.1-7),
 liblsan0 (= 10-20200222-1),
 liblz4-1 (= 1.9.2-2),
 liblzma5 (= 5.2.4-1+b1),
 libmagic-mgc (= 1:5.38-4),
 libmagic1 (= 1:5.38-4),
 libmodule-build-perl (= 0.423100-1),
 libmodule-build-xsutil-perl (= 0.19-1),
 libmount1 (= 2.34-0.1),
 libmpc3 (= 1.1.0-1),
 libmpfr6 (= 4.0.2-1),
 libmpx2 (= 8.3.0-29),
 libncursesw6 (= 6.1+20191019-1),
 libobjc-8-dev (= 8.3.0-29),
 libobjc4 (= 10-20200222-1),
 libpam-modules (= 1.3.1-5),
 libpam-modules-bin (= 1.3.1-5),
 libpam-runtime (= 1.3.1-5),
 libpam0g (= 1.3.1-5),
 libpcre2-8-0 (= 10.34-7),
 libpcre3 (= 2:8.39-12+b1),
 libperl5.30 (= 5.30.0-9),
 libpipeline1 (= 1.5.2-2),
 libquadmath0 (= 10-20200222-1),
 libscope-guard-perl (= 0.21-1),
 libseccomp2 (= 2.4.2-2),
 libselinux1 (= 3.0-1+b1),
 libsigsegv2 (= 2.12-2),
 libsmartcols1 (= 2.34-0.1),
 libstdc++-8-dev (= 8.3.0-29),
 libstdc++-9-dev (= 9.2.1-29),
 libstdc++6 (= 10-20200222-1),
 libsub-override-perl (= 0.09-2),
 libsub-uplevel-perl (= 0.2800-1),
 libsystemd0 (= 244.3-1),
 libtask-weaken-perl (= 1.06-1),
 libtest-exception-perl (= 0.43-1),
 libtie-refhash-weak-perl (= 0.09-2),
 libtinfo6 (= 6.1+20191019-1),
 libtool (= 2.4.6-13),
 libtsan0 (= 10-20200222-1),
 libubsan1 (= 10-20200222-1),
 libuchardet0 (= 0.0.6-3),
 libudev1 (= 244.3-1),
 libunistring2 (= 0.9.10-2),
 libuuid1 (= 2.34-0.1),
 libvariable-magic-perl (= 0.62-1+b2),
 libxml2 (= 2.9.10+dfsg-3),
 linux-libc-dev (= 5.4.19-1),
 login (= 1:4.8.1-1),
 lsb-base (= 11.1.0),
 m4 (= 1.4.18-4),
 make (= 4.2.1-1.2),
 man-db (= 2.9.0-2),
 mawk (= 1.3.4.20200120-2),
 ncurses-base (= 6.1+20191019-1),
 ncurses-bin (= 6.1+20191019-1),
 patch (= 2.7.6-6),
 perl (= 5.30.0-9),
 perl-base (= 5.30.0-9),
 perl-modules-5.30 (= 5.30.0-9),
 po-debconf (= 1.0.21),
 sed (= 4.7-1),
 sensible-utils (= 0.0.12+nmu1),
 sysvinit-utils (= 2.96-2.1),
 tar (= 1.30+dfsg-6+b1),
 util-linux (= 2.34-0.1),
 xz-utils (= 5.2.4-1+b1),
 zlib1g (= 1:1.2.11.dfsg-2)
Environment:
 DEB_BUILD_OPTIONS="parallel=4"
 LANG="C.UTF-8"
 LC_ALL="C.UTF-8"
 SOURCE_DATE_EPOCH="1503716782"


+------------------------------------------------------------------------------+
| Package contents                                                             |
+------------------------------------------------------------------------------+


libdata-util-perl-dbgsym_0.66-1_amd64.deb
-----------------------------------------

 new Debian package, version 2.0.
 size 68088 bytes: control archive=540 bytes.
     399 bytes,    12 lines      control              
     106 bytes,     1 lines      md5sums              
 Package: libdata-util-perl-dbgsym
 Source: libdata-util-perl
 Version: 0.66-1
 Auto-Built-Package: debug-symbols
 Architecture: amd64
 Maintainer: Debian Perl Group <pkg-perl-maintainers@lists.alioth.debian.org>
 Installed-Size: 84
 Depends: libdata-util-perl (= 0.66-1)
 Section: debug
 Priority: optional
 Description: debug symbols for libdata-util-perl
 Build-Ids: 4ab4ca535a9bec588d43efe6ad5082fbf35fd9ba

drwxr-xr-x root/root         0 2017-08-26 03:06 ./
drwxr-xr-x root/root         0 2017-08-26 03:06 ./usr/
drwxr-xr-x root/root         0 2017-08-26 03:06 ./usr/lib/
drwxr-xr-x root/root         0 2017-08-26 03:06 ./usr/lib/debug/
drwxr-xr-x root/root         0 2017-08-26 03:06 ./usr/lib/debug/.build-id/
drwxr-xr-x root/root         0 2017-08-26 03:06 ./usr/lib/debug/.build-id/4a/
-rw-r--r-- root/root     75712 2017-08-26 03:06 ./usr/lib/debug/.build-id/4a/b4ca535a9bec588d43efe6ad5082fbf35fd9ba.debug
drwxr-xr-x root/root         0 2017-08-26 03:06 ./usr/share/
drwxr-xr-x root/root         0 2017-08-26 03:06 ./usr/share/doc/
lrwxrwxrwx root/root         0 2017-08-26 03:06 ./usr/share/doc/libdata-util-perl-dbgsym -> libdata-util-perl


libdata-util-perl_0.66-1_amd64.deb
----------------------------------

 new Debian package, version 2.0.
 size 57176 bytes: control archive=1340 bytes.
     562 bytes,    14 lines      control              
    1967 bytes,    23 lines      md5sums              
 Package: libdata-util-perl
 Version: 0.66-1
 Architecture: amd64
 Maintainer: Debian Perl Group <pkg-perl-maintainers@lists.alioth.debian.org>
 Installed-Size: 164
 Depends: perl (>= 5.30.0-9), perlapi-5.30.0, libc6 (>= 2.4)
 Section: perl
 Priority: optional
 Homepage: https://metacpan.org/release/Data-Util
 Description: selection of utilities for data and data types
  Data::Util provides utility functions for data and data types, including
  functions for subroutines and symbol table hashes (stashes).
  .
  The implementation of this module is both Pure Perl and XS.

drwxr-xr-x root/root         0 2017-08-26 03:06 ./
drwxr-xr-x root/root         0 2017-08-26 03:06 ./usr/
drwxr-xr-x root/root         0 2017-08-26 03:06 ./usr/lib/
drwxr-xr-x root/root         0 2017-08-26 03:06 ./usr/lib/x86_64-linux-gnu/
drwxr-xr-x root/root         0 2017-08-26 03:06 ./usr/lib/x86_64-linux-gnu/perl5/
drwxr-xr-x root/root         0 2017-08-26 03:06 ./usr/lib/x86_64-linux-gnu/perl5/5.30/
drwxr-xr-x root/root         0 2017-08-26 03:06 ./usr/lib/x86_64-linux-gnu/perl5/5.30/Data/
-rw-r--r-- root/root     11885 2017-08-26 03:06 ./usr/lib/x86_64-linux-gnu/perl5/5.30/Data/Util.pm
drwxr-xr-x root/root         0 2017-08-26 03:06 ./usr/lib/x86_64-linux-gnu/perl5/5.30/Data/Util/
-rw-r--r-- root/root      1322 2017-08-26 03:06 ./usr/lib/x86_64-linux-gnu/perl5/5.30/Data/Util/Curry.pod
-rw-r--r-- root/root      1441 2017-08-26 03:06 ./usr/lib/x86_64-linux-gnu/perl5/5.30/Data/Util/Error.pm
-rw-r--r-- root/root     23249 2017-08-26 03:06 ./usr/lib/x86_64-linux-gnu/perl5/5.30/Data/Util/JA.pod
-rw-r--r-- root/root     12839 2017-08-26 03:06 ./usr/lib/x86_64-linux-gnu/perl5/5.30/Data/Util/PurePerl.pm
drwxr-xr-x root/root         0 2017-08-26 03:06 ./usr/lib/x86_64-linux-gnu/perl5/5.30/auto/
drwxr-xr-x root/root         0 2017-08-26 03:06 ./usr/lib/x86_64-linux-gnu/perl5/5.30/auto/Data/
drwxr-xr-x root/root         0 2017-08-26 03:06 ./usr/lib/x86_64-linux-gnu/perl5/5.30/auto/Data/Util/
-rw-r--r-- root/root         0 2017-08-26 03:06 ./usr/lib/x86_64-linux-gnu/perl5/5.30/auto/Data/Util/Util.bs
-rw-r--r-- root/root     51184 2017-08-26 03:06 ./usr/lib/x86_64-linux-gnu/perl5/5.30/auto/Data/Util/Util.so
drwxr-xr-x root/root         0 2017-08-26 03:06 ./usr/share/
drwxr-xr-x root/root         0 2017-08-26 03:06 ./usr/share/doc/
drwxr-xr-x root/root         0 2017-08-26 03:06 ./usr/share/doc/libdata-util-perl/
-rw-r--r-- root/root      1067 2017-08-26 03:06 ./usr/share/doc/libdata-util-perl/changelog.Debian.gz
-rw-r--r-- root/root      2512 2017-04-05 17:10 ./usr/share/doc/libdata-util-perl/changelog.gz
-rw-r--r-- root/root      1065 2017-08-26 03:06 ./usr/share/doc/libdata-util-perl/copyright
drwxr-xr-x root/root         0 2017-08-26 03:06 ./usr/share/doc/libdata-util-perl/examples/
-rw-r--r-- root/root       479 2017-08-26 03:06 ./usr/share/doc/libdata-util-perl/examples/curry.pl
-rw-r--r-- root/root       635 2017-08-26 03:06 ./usr/share/doc/libdata-util-perl/examples/export_lexical.pl
drwxr-xr-x root/root         0 2017-08-26 03:06 ./usr/share/doc/libdata-util-perl/examples/lib/
drwxr-xr-x root/root         0 2017-08-26 03:06 ./usr/share/doc/libdata-util-perl/examples/lib/Method/
-rw-r--r-- root/root      2445 2017-04-05 17:10 ./usr/share/doc/libdata-util-perl/examples/lib/Method/Modifiers.pm
drwxr-xr-x root/root         0 2017-08-26 03:06 ./usr/share/doc/libdata-util-perl/examples/lib/Sub/
drwxr-xr-x root/root         0 2017-08-26 03:06 ./usr/share/doc/libdata-util-perl/examples/lib/Sub/Exporter/
-rw-r--r-- root/root      1723 2017-04-05 17:10 ./usr/share/doc/libdata-util-perl/examples/lib/Sub/Exporter/Lexical.pm
-rw-r--r-- root/root       487 2017-08-26 03:06 ./usr/share/doc/libdata-util-perl/examples/modifier.pl
-rw-r--r-- root/root       366 2017-08-26 03:06 ./usr/share/doc/libdata-util-perl/examples/neat.pl
-rw-r--r-- root/root       319 2017-08-26 03:06 ./usr/share/doc/libdata-util-perl/examples/synopsis.pl
drwxr-xr-x root/root         0 2017-08-26 03:06 ./usr/share/lintian/
drwxr-xr-x root/root         0 2017-08-26 03:06 ./usr/share/lintian/overrides/
-rw-r--r-- root/root       513 2017-08-26 03:06 ./usr/share/lintian/overrides/libdata-util-perl
drwxr-xr-x root/root         0 2017-08-26 03:06 ./usr/share/man/
drwxr-xr-x root/root         0 2017-08-26 03:06 ./usr/share/man/man3/
-rw-r--r-- root/root      5882 2017-08-26 03:06 ./usr/share/man/man3/Data::Util.3pm.gz
-rw-r--r-- root/root      2345 2017-08-26 03:06 ./usr/share/man/man3/Data::Util::Curry.3pm.gz
-rw-r--r-- root/root      2059 2017-08-26 03:06 ./usr/share/man/man3/Data::Util::Error.3pm.gz
-rw-r--r-- root/root      5733 2017-08-26 03:06 ./usr/share/man/man3/Data::Util::JA.3pm.gz
-rw-r--r-- root/root      1883 2017-08-26 03:06 ./usr/share/man/man3/Data::Util::PurePerl.3pm.gz


+------------------------------------------------------------------------------+
| Post Build                                                                   |
+------------------------------------------------------------------------------+


+------------------------------------------------------------------------------+
| Cleanup                                                                      |
+------------------------------------------------------------------------------+

Purging /<<BUILDDIR>>
Not cleaning session: cloned chroot in use

+------------------------------------------------------------------------------+
| Summary                                                                      |
+------------------------------------------------------------------------------+

Build Architecture: amd64
Build Type: binary
Build-Space: 2304
Build-Time: 24
Distribution: unstable
Host Architecture: amd64
Install-Time: 19
Job: libdata-util-perl_0.66-1
Machine Architecture: amd64
Package: libdata-util-perl
Package-Time: 93
Source-Version: 0.66-1
Space: 2304
Status: successful
Version: 0.66-1
--------------------------------------------------------------------------------
Finished at 2020-02-25T06:45:31Z
Build needed 00:01:33, 2304k disk space
DC-Status: OK 97.650051975s
DC-Time-Estimation: 97.650051975 versus expected 48 (r/m: 1.0343760828125 ; m: 48.0)
