DC-Build-Header: libglib-perl 3:1.329.2-1 / 2020-02-25 05:42:56 +0000
DC-Task: type:rebuild-binarch-only source:libglib-perl version:3:1.329.2-1 chroot:unstable esttime:63 logfile:/tmp/libglib-perl_1.329.2-1_unstable_clang8.log modes:clang8:binarch-only
DC-Sbuild-call: su user42 -c 'sbuild -n --arch-any --apt-update -d unstable -v --no-run-lintian --chroot-setup-commands=/tmp/clang8 libglib-perl_3:1.329.2-1'
sbuild (Debian sbuild) 0.78.1 (09 February 2019) on ip-172-31-10-68.eu-central-1.compute.internal

+==============================================================================+
| libglib-perl 3:1.329.2-1 (amd64)             Tue, 25 Feb 2020 05:42:56 +0000 |
+==============================================================================+

Package: libglib-perl
Version: 3:1.329.2-1
Source Version: 3:1.329.2-1
Distribution: unstable
Machine Architecture: amd64
Host Architecture: amd64
Build Architecture: amd64
Build Type: binary

I: NOTICE: Log filtering will replace 'var/run/schroot/mount/sid-amd64-sbuild-19a94d3a-3b78-4a1e-99e0-77ff1b1c3b17' with '<<CHROOT>>'

+------------------------------------------------------------------------------+
| Chroot Setup Commands                                                        |
+------------------------------------------------------------------------------+


/tmp/clang8
-----------

+ echo 'Entering customization script...'
Entering customization script...
+ CLANG_VERSION=8
+ echo 'Install of clang-8'
Install of clang-8
+ apt-get update
Get:1 http://127.0.0.1:12990/debian sid InRelease [142 kB]
Get:2 http://127.0.0.1:12990/debian sid/main Sources.diff/Index [27.9 kB]
Get:3 http://127.0.0.1:12990/debian sid/main amd64 Packages.diff/Index [27.9 kB]
Get:4 http://127.0.0.1:12990/debian sid/main Sources 2020-02-24-0823.32.pdiff [11.0 kB]
Get:5 http://127.0.0.1:12990/debian sid/main Sources 2020-02-24-1420.34.pdiff [30.2 kB]
Get:6 http://127.0.0.1:12990/debian sid/main Sources 2020-02-24-2014.03.pdiff [16.9 kB]
Get:7 http://127.0.0.1:12990/debian sid/main Sources 2020-02-25-0213.11.pdiff [23.2 kB]
Get:8 http://127.0.0.1:12990/debian sid/main amd64 Packages 2020-02-24-0823.32.pdiff [15.5 kB]
Get:9 http://127.0.0.1:12990/debian sid/main amd64 Packages 2020-02-24-1420.34.pdiff [27.5 kB]
Get:10 http://127.0.0.1:12990/debian sid/main amd64 Packages 2020-02-24-2014.03.pdiff [21.6 kB]
Get:11 http://127.0.0.1:12990/debian sid/main amd64 Packages 2020-02-25-0213.11.pdiff [35.0 kB]
Get:7 http://127.0.0.1:12990/debian sid/main Sources 2020-02-25-0213.11.pdiff [23.2 kB]
Get:11 http://127.0.0.1:12990/debian sid/main amd64 Packages 2020-02-25-0213.11.pdiff [35.0 kB]
Get:12 http://127.0.0.1:12990/debian sid/main Translation-en [6193 kB]
Fetched 6572 kB in 3s (2600 kB/s)
Reading package lists...
+ apt-get install --yes --no-install-recommends --force-yes clang-8 libomp-8-dev libobjc-9-dev
Reading package lists...
Building dependency tree...
The following additional packages will be installed:
  gcc-8-base lib32gcc-s1 lib32gcc1 lib32stdc++6 libbsd0 libc6-i386
  libclang-common-8-dev libclang1-8 libedit2 libgc1c2 libgcc-8-dev libllvm8
  libmpx2 libobjc-8-dev libobjc4 libomp5-8 libstdc++-8-dev
Suggested packages:
  clang-8-doc libomp-8-doc libstdc++-8-doc
Recommended packages:
  llvm-8-dev python3
The following NEW packages will be installed:
  clang-8 gcc-8-base lib32gcc-s1 lib32gcc1 lib32stdc++6 libbsd0 libc6-i386
  libclang-common-8-dev libclang1-8 libedit2 libgc1c2 libgcc-8-dev libllvm8
  libmpx2 libobjc-8-dev libobjc-9-dev libobjc4 libomp-8-dev libomp5-8
  libstdc++-8-dev
0 upgraded, 20 newly installed, 0 to remove and 2 not upgraded.
Need to get 39.9 MB of archives.
After this operation, 223 MB of additional disk space will be used.
Get:1 http://127.0.0.1:12990/debian sid/main amd64 libbsd0 amd64 0.10.0-1 [107 kB]
Get:2 http://127.0.0.1:12990/debian sid/main amd64 libedit2 amd64 3.1-20191231-1 [95.4 kB]
Get:3 http://127.0.0.1:12990/debian sid/main amd64 libllvm8 amd64 1:8.0.1-7 [13.8 MB]
Get:4 http://127.0.0.1:12990/debian sid/main amd64 gcc-8-base amd64 8.3.0-29 [194 kB]
Get:5 http://127.0.0.1:12990/debian sid/main amd64 libmpx2 amd64 8.3.0-29 [11.4 kB]
Get:6 http://127.0.0.1:12990/debian sid/main amd64 libgcc-8-dev amd64 8.3.0-29 [2297 kB]
Get:7 http://127.0.0.1:12990/debian sid/main amd64 libstdc++-8-dev amd64 8.3.0-29 [1543 kB]
Get:8 http://127.0.0.1:12990/debian sid/main amd64 libgc1c2 amd64 1:7.6.4-0.4 [224 kB]
Get:9 http://127.0.0.1:12990/debian sid/main amd64 libobjc4 amd64 10-20200222-1 [41.6 kB]
Get:10 http://127.0.0.1:12990/debian sid/main amd64 libobjc-8-dev amd64 8.3.0-29 [227 kB]
Get:11 http://127.0.0.1:12990/debian sid/main amd64 libc6-i386 amd64 2.29-10 [2918 kB]
Get:12 http://127.0.0.1:12990/debian sid/main amd64 lib32gcc-s1 amd64 10-20200222-1 [49.4 kB]
Get:13 http://127.0.0.1:12990/debian sid/main amd64 lib32gcc1 amd64 1:10-20200222-1 [1104 B]
Get:14 http://127.0.0.1:12990/debian sid/main amd64 lib32stdc++6 amd64 10-20200222-1 [510 kB]
Get:15 http://127.0.0.1:12990/debian sid/main amd64 libclang-common-8-dev amd64 1:8.0.1-7 [2989 kB]
Get:16 http://127.0.0.1:12990/debian sid/main amd64 libclang1-8 amd64 1:8.0.1-7 [6244 kB]
Get:17 http://127.0.0.1:12990/debian sid/main amd64 clang-8 amd64 1:8.0.1-7 [8010 kB]
Get:18 http://127.0.0.1:12990/debian sid/main amd64 libobjc-9-dev amd64 9.2.1-29 [219 kB]
Get:19 http://127.0.0.1:12990/debian sid/main amd64 libomp5-8 amd64 1:8.0.1-7 [331 kB]
Get:20 http://127.0.0.1:12990/debian sid/main amd64 libomp-8-dev amd64 1:8.0.1-7 [62.3 kB]
debconf: delaying package configuration, since apt-utils is not installed
Fetched 39.9 MB in 1s (61.7 MB/s)
Selecting previously unselected package libbsd0:amd64.
(Reading database ... (Reading database ... 5%(Reading database ... 10%(Reading database ... 15%(Reading database ... 20%(Reading database ... 25%(Reading database ... 30%(Reading database ... 35%(Reading database ... 40%(Reading database ... 45%(Reading database ... 50%(Reading database ... 55%(Reading database ... 60%(Reading database ... 65%(Reading database ... 70%(Reading database ... 75%(Reading database ... 80%(Reading database ... 85%(Reading database ... 90%(Reading database ... 95%(Reading database ... 100%(Reading database ... 12119 files and directories currently installed.)
Preparing to unpack .../00-libbsd0_0.10.0-1_amd64.deb ...
Unpacking libbsd0:amd64 (0.10.0-1) ...
Selecting previously unselected package libedit2:amd64.
Preparing to unpack .../01-libedit2_3.1-20191231-1_amd64.deb ...
Unpacking libedit2:amd64 (3.1-20191231-1) ...
Selecting previously unselected package libllvm8:amd64.
Preparing to unpack .../02-libllvm8_1%3a8.0.1-7_amd64.deb ...
Unpacking libllvm8:amd64 (1:8.0.1-7) ...
Selecting previously unselected package gcc-8-base:amd64.
Preparing to unpack .../03-gcc-8-base_8.3.0-29_amd64.deb ...
Unpacking gcc-8-base:amd64 (8.3.0-29) ...
Selecting previously unselected package libmpx2:amd64.
Preparing to unpack .../04-libmpx2_8.3.0-29_amd64.deb ...
Unpacking libmpx2:amd64 (8.3.0-29) ...
Selecting previously unselected package libgcc-8-dev:amd64.
Preparing to unpack .../05-libgcc-8-dev_8.3.0-29_amd64.deb ...
Unpacking libgcc-8-dev:amd64 (8.3.0-29) ...
Selecting previously unselected package libstdc++-8-dev:amd64.
Preparing to unpack .../06-libstdc++-8-dev_8.3.0-29_amd64.deb ...
Unpacking libstdc++-8-dev:amd64 (8.3.0-29) ...
Selecting previously unselected package libgc1c2:amd64.
Preparing to unpack .../07-libgc1c2_1%3a7.6.4-0.4_amd64.deb ...
Unpacking libgc1c2:amd64 (1:7.6.4-0.4) ...
Selecting previously unselected package libobjc4:amd64.
Preparing to unpack .../08-libobjc4_10-20200222-1_amd64.deb ...
Unpacking libobjc4:amd64 (10-20200222-1) ...
Selecting previously unselected package libobjc-8-dev:amd64.
Preparing to unpack .../09-libobjc-8-dev_8.3.0-29_amd64.deb ...
Unpacking libobjc-8-dev:amd64 (8.3.0-29) ...
Selecting previously unselected package libc6-i386.
Preparing to unpack .../10-libc6-i386_2.29-10_amd64.deb ...
Unpacking libc6-i386 (2.29-10) ...
Selecting previously unselected package lib32gcc-s1.
Preparing to unpack .../11-lib32gcc-s1_10-20200222-1_amd64.deb ...
Unpacking lib32gcc-s1 (10-20200222-1) ...
Selecting previously unselected package lib32gcc1.
Preparing to unpack .../12-lib32gcc1_1%3a10-20200222-1_amd64.deb ...
Unpacking lib32gcc1 (1:10-20200222-1) ...
Selecting previously unselected package lib32stdc++6.
Preparing to unpack .../13-lib32stdc++6_10-20200222-1_amd64.deb ...
Unpacking lib32stdc++6 (10-20200222-1) ...
Selecting previously unselected package libclang-common-8-dev.
Preparing to unpack .../14-libclang-common-8-dev_1%3a8.0.1-7_amd64.deb ...
Unpacking libclang-common-8-dev (1:8.0.1-7) ...
Selecting previously unselected package libclang1-8.
Preparing to unpack .../15-libclang1-8_1%3a8.0.1-7_amd64.deb ...
Unpacking libclang1-8 (1:8.0.1-7) ...
Selecting previously unselected package clang-8.
Preparing to unpack .../16-clang-8_1%3a8.0.1-7_amd64.deb ...
Unpacking clang-8 (1:8.0.1-7) ...
Selecting previously unselected package libobjc-9-dev:amd64.
Preparing to unpack .../17-libobjc-9-dev_9.2.1-29_amd64.deb ...
Unpacking libobjc-9-dev:amd64 (9.2.1-29) ...
Selecting previously unselected package libomp5-8:amd64.
Preparing to unpack .../18-libomp5-8_1%3a8.0.1-7_amd64.deb ...
Unpacking libomp5-8:amd64 (1:8.0.1-7) ...
Selecting previously unselected package libomp-8-dev.
Preparing to unpack .../19-libomp-8-dev_1%3a8.0.1-7_amd64.deb ...
Unpacking libomp-8-dev (1:8.0.1-7) ...
Setting up libgc1c2:amd64 (1:7.6.4-0.4) ...
Setting up libobjc4:amd64 (10-20200222-1) ...
Setting up gcc-8-base:amd64 (8.3.0-29) ...
Setting up libobjc-9-dev:amd64 (9.2.1-29) ...
Setting up libmpx2:amd64 (8.3.0-29) ...
Setting up libc6-i386 (2.29-10) ...
Setting up libbsd0:amd64 (0.10.0-1) ...
Setting up libomp5-8:amd64 (1:8.0.1-7) ...
Setting up libomp-8-dev (1:8.0.1-7) ...
Setting up libedit2:amd64 (3.1-20191231-1) ...
Setting up lib32gcc-s1 (10-20200222-1) ...
Setting up libgcc-8-dev:amd64 (8.3.0-29) ...
Setting up libstdc++-8-dev:amd64 (8.3.0-29) ...
Setting up libllvm8:amd64 (1:8.0.1-7) ...
Setting up libclang1-8 (1:8.0.1-7) ...
Setting up lib32gcc1 (1:10-20200222-1) ...
Setting up libobjc-8-dev:amd64 (8.3.0-29) ...
Setting up lib32stdc++6 (10-20200222-1) ...
Setting up libclang-common-8-dev (1:8.0.1-7) ...
Setting up clang-8 (1:8.0.1-7) ...
Processing triggers for libc-bin (2.29-10) ...
W: --force-yes is deprecated, use one of the options starting with --allow instead.
+ echo 'Replace gcc, g++ & cpp by clang'
Replace gcc, g++ & cpp by clang
+ VERSIONS='4.6 4.7 4.8 4.9 5 6 7 8 9 10'
+ cd /usr/bin
+ for VERSION in $VERSIONS
+ rm -f g++-4.6 gcc-4.6 cpp-4.6 gcc
+ ln -s clang++-8 g++-4.6
+ ln -s clang-8 gcc-4.6
+ ln -s clang-8 cpp-4.6
+ ln -s clang-8 gcc
+ dpkg --set-selections
+ echo 'gcc-4.6 hold'
dpkg: warning: package not in status nor available database at line 1: gcc-4.6
dpkg: warning: found unknown packages; this might mean the available database
is outdated, and needs to be updated through a frontend method;
please see the FAQ <https://wiki.debian.org/Teams/Dpkg/FAQ>
+ dpkg --set-selections
+ echo 'g++-4.6 hold'
dpkg: warning: package not in status nor available database at line 1: g++-4.6
dpkg: warning: found unknown packages; this might mean the available database
is outdated, and needs to be updated through a frontend method;
please see the FAQ <https://wiki.debian.org/Teams/Dpkg/FAQ>
+ for VERSION in $VERSIONS
+ rm -f g++-4.7 gcc-4.7 cpp-4.7 gcc
+ ln -s clang++-8 g++-4.7
+ ln -s clang-8 gcc-4.7
+ ln -s clang-8 cpp-4.7
+ ln -s clang-8 gcc
+ dpkg --set-selections
+ echo 'gcc-4.7 hold'
dpkg: warning: package not in status nor available database at line 1: gcc-4.7
dpkg: warning: found unknown packages; this might mean the available database
is outdated, and needs to be updated through a frontend method;
please see the FAQ <https://wiki.debian.org/Teams/Dpkg/FAQ>
+ dpkg --set-selections
+ echo 'g++-4.7 hold'
dpkg: warning: package not in status nor available database at line 1: g++-4.7
dpkg: warning: found unknown packages; this might mean the available database
is outdated, and needs to be updated through a frontend method;
please see the FAQ <https://wiki.debian.org/Teams/Dpkg/FAQ>
+ for VERSION in $VERSIONS
+ rm -f g++-4.8 gcc-4.8 cpp-4.8 gcc
+ ln -s clang++-8 g++-4.8
+ ln -s clang-8 gcc-4.8
+ ln -s clang-8 cpp-4.8
+ ln -s clang-8 gcc
+ dpkg --set-selections
+ echo 'gcc-4.8 hold'
dpkg: warning: package not in status nor available database at line 1: gcc-4.8
dpkg: warning: found unknown packages; this might mean the available database
is outdated, and needs to be updated through a frontend method;
please see the FAQ <https://wiki.debian.org/Teams/Dpkg/FAQ>
+ dpkg --set-selections
+ echo 'g++-4.8 hold'
dpkg: warning: package not in status nor available database at line 1: g++-4.8
dpkg: warning: found unknown packages; this might mean the available database
is outdated, and needs to be updated through a frontend method;
please see the FAQ <https://wiki.debian.org/Teams/Dpkg/FAQ>
+ for VERSION in $VERSIONS
+ rm -f g++-4.9 gcc-4.9 cpp-4.9 gcc
+ ln -s clang++-8 g++-4.9
+ ln -s clang-8 gcc-4.9
+ ln -s clang-8 cpp-4.9
+ ln -s clang-8 gcc
+ dpkg --set-selections
+ echo 'gcc-4.9 hold'
dpkg: warning: package not in status nor available database at line 1: gcc-4.9
dpkg: warning: found unknown packages; this might mean the available database
is outdated, and needs to be updated through a frontend method;
please see the FAQ <https://wiki.debian.org/Teams/Dpkg/FAQ>
+ echo 'g++-4.9 hold'
+ dpkg --set-selections
dpkg: warning: package not in status nor available database at line 1: g++-4.9
dpkg: warning: found unknown packages; this might mean the available database
is outdated, and needs to be updated through a frontend method;
please see the FAQ <https://wiki.debian.org/Teams/Dpkg/FAQ>
+ for VERSION in $VERSIONS
+ rm -f g++-5 gcc-5 cpp-5 gcc
+ ln -s clang++-8 g++-5
+ ln -s clang-8 gcc-5
+ ln -s clang-8 cpp-5
+ ln -s clang-8 gcc
+ echo 'gcc-5 hold'
+ dpkg --set-selections
dpkg: warning: package not in status nor available database at line 1: gcc-5
dpkg: warning: found unknown packages; this might mean the available database
is outdated, and needs to be updated through a frontend method;
please see the FAQ <https://wiki.debian.org/Teams/Dpkg/FAQ>
+ echo 'g++-5 hold'
+ dpkg --set-selections
dpkg: warning: package not in status nor available database at line 1: g++-5
dpkg: warning: found unknown packages; this might mean the available database
is outdated, and needs to be updated through a frontend method;
please see the FAQ <https://wiki.debian.org/Teams/Dpkg/FAQ>
+ for VERSION in $VERSIONS
+ rm -f g++-6 gcc-6 cpp-6 gcc
+ ln -s clang++-8 g++-6
+ ln -s clang-8 gcc-6
+ ln -s clang-8 cpp-6
+ ln -s clang-8 gcc
+ echo 'gcc-6 hold'
+ dpkg --set-selections
dpkg: warning: package not in status nor available database at line 1: gcc-6
dpkg: warning: found unknown packages; this might mean the available database
is outdated, and needs to be updated through a frontend method;
please see the FAQ <https://wiki.debian.org/Teams/Dpkg/FAQ>
+ echo 'g++-6 hold'
+ dpkg --set-selections
dpkg: warning: package not in status nor available database at line 1: g++-6
dpkg: warning: found unknown packages; this might mean the available database
is outdated, and needs to be updated through a frontend method;
please see the FAQ <https://wiki.debian.org/Teams/Dpkg/FAQ>
+ for VERSION in $VERSIONS
+ rm -f g++-7 gcc-7 cpp-7 gcc
+ ln -s clang++-8 g++-7
+ ln -s clang-8 gcc-7
+ ln -s clang-8 cpp-7
+ ln -s clang-8 gcc
+ echo 'gcc-7 hold'
+ dpkg --set-selections
dpkg: warning: package not in status nor available database at line 1: gcc-7
dpkg: warning: found unknown packages; this might mean the available database
is outdated, and needs to be updated through a frontend method;
please see the FAQ <https://wiki.debian.org/Teams/Dpkg/FAQ>
+ echo 'g++-7 hold'
+ dpkg --set-selections
dpkg: warning: package not in status nor available database at line 1: g++-7
dpkg: warning: found unknown packages; this might mean the available database
is outdated, and needs to be updated through a frontend method;
please see the FAQ <https://wiki.debian.org/Teams/Dpkg/FAQ>
+ for VERSION in $VERSIONS
+ rm -f g++-8 gcc-8 cpp-8 gcc
+ ln -s clang++-8 g++-8
+ ln -s clang-8 gcc-8
+ ln -s clang-8 cpp-8
+ ln -s clang-8 gcc
+ echo 'gcc-8 hold'
+ dpkg --set-selections
dpkg: warning: package not in status nor available database at line 1: gcc-8
dpkg: warning: found unknown packages; this might mean the available database
is outdated, and needs to be updated through a frontend method;
please see the FAQ <https://wiki.debian.org/Teams/Dpkg/FAQ>
+ dpkg --set-selections
+ echo 'g++-8 hold'
dpkg: warning: package not in status nor available database at line 1: g++-8
dpkg: warning: found unknown packages; this might mean the available database
is outdated, and needs to be updated through a frontend method;
please see the FAQ <https://wiki.debian.org/Teams/Dpkg/FAQ>
+ for VERSION in $VERSIONS
+ rm -f g++-9 gcc-9 cpp-9 gcc
+ ln -s clang++-8 g++-9
+ ln -s clang-8 gcc-9
+ ln -s clang-8 cpp-9
+ ln -s clang-8 gcc
+ echo 'gcc-9 hold'
+ dpkg --set-selections
+ echo 'g++-9 hold'
+ dpkg --set-selections
+ for VERSION in $VERSIONS
+ rm -f g++-10 gcc-10 cpp-10 gcc
+ ln -s clang++-8 g++-10
+ ln -s clang-8 gcc-10
+ ln -s clang-8 cpp-10
+ ln -s clang-8 gcc
+ echo 'gcc-10 hold'
+ dpkg --set-selections
dpkg: warning: package not in status nor available database at line 1: gcc-10
dpkg: warning: found unknown packages; this might mean the available database
is outdated, and needs to be updated through a frontend method;
please see the FAQ <https://wiki.debian.org/Teams/Dpkg/FAQ>
+ dpkg --set-selections
+ echo 'g++-10 hold'
dpkg: warning: package not in status nor available database at line 1: g++-10
dpkg: warning: found unknown packages; this might mean the available database
is outdated, and needs to be updated through a frontend method;
please see the FAQ <https://wiki.debian.org/Teams/Dpkg/FAQ>
+ cd -
/build/libglib-perl-iniLio
+ echo 'Check if gcc, g++ & cpp are actually clang'
Check if gcc, g++ & cpp are actually clang
+ gcc --version
+ grep clang
+ cpp --version
+ grep clang
+ grep clang
+ g++ --version

I: Finished running '/tmp/clang8'.

Finished processing commands.
--------------------------------------------------------------------------------
I: NOTICE: Log filtering will replace 'build/libglib-perl-iniLio/resolver-VwbopO' with '<<RESOLVERDIR>>'

+------------------------------------------------------------------------------+
| Update chroot                                                                |
+------------------------------------------------------------------------------+

Hit:1 http://127.0.0.1:12990/debian sid InRelease
Reading package lists...
Reading package lists...
Building dependency tree...
Reading state information...
Calculating upgrade...
The following packages will be upgraded:
  libgmp10 zlib1g
2 upgraded, 0 newly installed, 0 to remove and 0 not upgraded.
Need to get 343 kB of archives.
After this operation, 0 B of additional disk space will be used.
Get:1 http://127.0.0.1:12990/debian sid/main amd64 libgmp10 amd64 2:6.2.0+dfsg-4 [253 kB]
Get:2 http://127.0.0.1:12990/debian sid/main amd64 zlib1g amd64 1:1.2.11.dfsg-2 [90.4 kB]
debconf: delaying package configuration, since apt-utils is not installed
Fetched 343 kB in 0s (3265 kB/s)
(Reading database ... (Reading database ... 5%(Reading database ... 10%(Reading database ... 15%(Reading database ... 20%(Reading database ... 25%(Reading database ... 30%(Reading database ... 35%(Reading database ... 40%(Reading database ... 45%(Reading database ... 50%(Reading database ... 55%(Reading database ... 60%(Reading database ... 65%(Reading database ... 70%(Reading database ... 75%(Reading database ... 80%(Reading database ... 85%(Reading database ... 90%(Reading database ... 95%(Reading database ... 100%(Reading database ... 13887 files and directories currently installed.)
Preparing to unpack .../libgmp10_2%3a6.2.0+dfsg-4_amd64.deb ...
Unpacking libgmp10:amd64 (2:6.2.0+dfsg-4) over (2:6.2.0+dfsg-3) ...
Setting up libgmp10:amd64 (2:6.2.0+dfsg-4) ...
(Reading database ... (Reading database ... 5%(Reading database ... 10%(Reading database ... 15%(Reading database ... 20%(Reading database ... 25%(Reading database ... 30%(Reading database ... 35%(Reading database ... 40%(Reading database ... 45%(Reading database ... 50%(Reading database ... 55%(Reading database ... 60%(Reading database ... 65%(Reading database ... 70%(Reading database ... 75%(Reading database ... 80%(Reading database ... 85%(Reading database ... 90%(Reading database ... 95%(Reading database ... 100%(Reading database ... 13887 files and directories currently installed.)
Preparing to unpack .../zlib1g_1%3a1.2.11.dfsg-2_amd64.deb ...
Unpacking zlib1g:amd64 (1:1.2.11.dfsg-2) over (1:1.2.11.dfsg-1.2) ...
Setting up zlib1g:amd64 (1:1.2.11.dfsg-2) ...
Processing triggers for libc-bin (2.29-10) ...

+------------------------------------------------------------------------------+
| Fetch source files                                                           |
+------------------------------------------------------------------------------+


Check APT
---------

Checking available source versions...

Download source files with APT
------------------------------

Reading package lists...
NOTICE: 'libglib-perl' packaging is maintained in the 'Git' version control system at:
https://salsa.debian.org/perl-team/modules/packages/libglib-perl.git
Please use:
git clone https://salsa.debian.org/perl-team/modules/packages/libglib-perl.git
to retrieve the latest (possibly unreleased) updates to the package.
Need to get 313 kB of source archives.
Get:1 http://127.0.0.1:12990/debian sid/main libglib-perl 3:1.329.2-1 (dsc) [2407 B]
Get:2 http://127.0.0.1:12990/debian sid/main libglib-perl 3:1.329.2-1 (tar) [302 kB]
Get:3 http://127.0.0.1:12990/debian sid/main libglib-perl 3:1.329.2-1 (diff) [8376 B]
Fetched 313 kB in 0s (3364 kB/s)
Download complete and in download only mode
I: NOTICE: Log filtering will replace 'build/libglib-perl-iniLio/libglib-perl-1.329.2' with '<<PKGBUILDDIR>>'
I: NOTICE: Log filtering will replace 'build/libglib-perl-iniLio' with '<<BUILDDIR>>'

+------------------------------------------------------------------------------+
| Install package build dependencies                                           |
+------------------------------------------------------------------------------+


Setup apt archive
-----------------

Merged Build-Depends: debhelper-compat (= 12), libextutils-depends-perl, libextutils-pkgconfig-perl, libglib2.0-dev, libtest-consistentversion-perl, perl-xs-dev, perl, build-essential, fakeroot
Filtered Build-Depends: debhelper-compat (= 12), libextutils-depends-perl, libextutils-pkgconfig-perl, libglib2.0-dev, libtest-consistentversion-perl, perl-xs-dev, perl, build-essential, fakeroot
dpkg-deb: building package 'sbuild-build-depends-main-dummy' in '/<<RESOLVERDIR>>/apt_archive/sbuild-build-depends-main-dummy.deb'.
Ign:1 copy:/<<RESOLVERDIR>>/apt_archive ./ InRelease
Get:2 copy:/<<RESOLVERDIR>>/apt_archive ./ Release [957 B]
Ign:3 copy:/<<RESOLVERDIR>>/apt_archive ./ Release.gpg
Get:4 copy:/<<RESOLVERDIR>>/apt_archive ./ Sources [422 B]
Get:5 copy:/<<RESOLVERDIR>>/apt_archive ./ Packages [503 B]
Fetched 1882 B in 0s (111 kB/s)
Reading package lists...
Reading package lists...

Install main build dependencies (apt-based resolver)
----------------------------------------------------

Installing build dependencies
Reading package lists...
Building dependency tree...
Reading state information...
The following additional packages will be installed:
  autoconf automake autopoint autotools-dev bsdmainutils debhelper
  dh-autoreconf dh-strip-nondeterminism dwz file gettext gettext-base
  groff-base intltool-debian libarchive-zip-perl libblkid-dev libcroco3
  libdebhelper-perl libelf1 libexpat1 libextutils-depends-perl
  libextutils-pkgconfig-perl libffi-dev libfile-stripnondeterminism-perl
  libglib2.0-0 libglib2.0-bin libglib2.0-data libglib2.0-dev
  libglib2.0-dev-bin libicu63 libmagic-mgc libmagic1 libmount-dev libmpdec2
  libpcre16-3 libpcre2-16-0 libpcre2-32-0 libpcre2-dev libpcre2-posix2
  libpcre3-dev libpcre32-3 libpcrecpp0v5 libperl-dev libpipeline1
  libpython3-stdlib libpython3.7-minimal libpython3.7-stdlib libreadline8
  libselinux1-dev libsepol1-dev libsigsegv2 libsqlite3-0 libssl1.1
  libsub-override-perl libtest-consistentversion-perl libtest-pod-content-perl
  libtool libuchardet0 libxml2 m4 man-db mime-support pkg-config po-debconf
  python3 python3-distutils python3-lib2to3 python3-minimal python3.7
  python3.7-minimal readline-common sensible-utils uuid-dev zlib1g-dev
Suggested packages:
  autoconf-archive gnu-standards autoconf-doc wamerican | wordlist whois
  vacation dh-make gettext-doc libasprintf-dev libgettextpo-dev groff
  libgirepository1.0-dev libglib2.0-doc libgdk-pixbuf2.0-bin
  | libgdk-pixbuf2.0-dev libxml2-utils libtool-doc gfortran
  | fortran95-compiler gcj-jdk m4-doc apparmor less www-browser
  libmail-box-perl python3-doc python3-tk python3-venv python3.7-venv
  python3.7-doc binfmt-support readline-doc
Recommended packages:
  curl | wget | lynx libarchive-cpio-perl shared-mime-info xdg-user-dirs
  libltdl-dev libmail-sendmail-perl
The following NEW packages will be installed:
  autoconf automake autopoint autotools-dev bsdmainutils debhelper
  dh-autoreconf dh-strip-nondeterminism dwz file gettext gettext-base
  groff-base intltool-debian libarchive-zip-perl libblkid-dev libcroco3
  libdebhelper-perl libelf1 libexpat1 libextutils-depends-perl
  libextutils-pkgconfig-perl libffi-dev libfile-stripnondeterminism-perl
  libglib2.0-0 libglib2.0-bin libglib2.0-data libglib2.0-dev
  libglib2.0-dev-bin libicu63 libmagic-mgc libmagic1 libmount-dev libmpdec2
  libpcre16-3 libpcre2-16-0 libpcre2-32-0 libpcre2-dev libpcre2-posix2
  libpcre3-dev libpcre32-3 libpcrecpp0v5 libperl-dev libpipeline1
  libpython3-stdlib libpython3.7-minimal libpython3.7-stdlib libreadline8
  libselinux1-dev libsepol1-dev libsigsegv2 libsqlite3-0 libssl1.1
  libsub-override-perl libtest-consistentversion-perl libtest-pod-content-perl
  libtool libuchardet0 libxml2 m4 man-db mime-support pkg-config po-debconf
  python3 python3-distutils python3-lib2to3 python3-minimal python3.7
  python3.7-minimal readline-common sbuild-build-depends-main-dummy
  sensible-utils uuid-dev zlib1g-dev
0 upgraded, 75 newly installed, 0 to remove and 0 not upgraded.
Need to get 34.6 MB of archives.
After this operation, 141 MB of additional disk space will be used.
Get:1 copy:/<<RESOLVERDIR>>/apt_archive ./ sbuild-build-depends-main-dummy 0.invalid.0 [932 B]
Get:2 http://127.0.0.1:12990/debian sid/main amd64 bsdmainutils amd64 11.1.2+b1 [191 kB]
Get:3 http://127.0.0.1:12990/debian sid/main amd64 libuchardet0 amd64 0.0.6-3 [64.9 kB]
Get:4 http://127.0.0.1:12990/debian sid/main amd64 groff-base amd64 1.22.4-4 [919 kB]
Get:5 http://127.0.0.1:12990/debian sid/main amd64 libpipeline1 amd64 1.5.2-2 [33.9 kB]
Get:6 http://127.0.0.1:12990/debian sid/main amd64 man-db amd64 2.9.0-2 [1307 kB]
Get:7 http://127.0.0.1:12990/debian sid/main amd64 libssl1.1 amd64 1.1.1d-2 [1540 kB]
Get:8 http://127.0.0.1:12990/debian sid/main amd64 libpython3.7-minimal amd64 3.7.6-1+b1 [591 kB]
Get:9 http://127.0.0.1:12990/debian sid/main amd64 libexpat1 amd64 2.2.9-1 [94.3 kB]
Get:10 http://127.0.0.1:12990/debian sid/main amd64 python3.7-minimal amd64 3.7.6-1+b1 [1813 kB]
Get:11 http://127.0.0.1:12990/debian sid/main amd64 python3-minimal amd64 3.7.5-3 [36.8 kB]
Get:12 http://127.0.0.1:12990/debian sid/main amd64 mime-support all 3.64 [37.8 kB]
Get:13 http://127.0.0.1:12990/debian sid/main amd64 libmpdec2 amd64 2.4.2-2 [87.2 kB]
Get:14 http://127.0.0.1:12990/debian sid/main amd64 readline-common all 8.0-3 [72.5 kB]
Get:15 http://127.0.0.1:12990/debian sid/main amd64 libreadline8 amd64 8.0-3 [160 kB]
Get:16 http://127.0.0.1:12990/debian sid/main amd64 libsqlite3-0 amd64 3.31.1-3 [661 kB]
Get:17 http://127.0.0.1:12990/debian sid/main amd64 libpython3.7-stdlib amd64 3.7.6-1+b1 [1735 kB]
Get:18 http://127.0.0.1:12990/debian sid/main amd64 python3.7 amd64 3.7.6-1+b1 [351 kB]
Get:19 http://127.0.0.1:12990/debian sid/main amd64 libpython3-stdlib amd64 3.7.5-3 [20.2 kB]
Get:20 http://127.0.0.1:12990/debian sid/main amd64 python3 amd64 3.7.5-3 [62.1 kB]
Get:21 http://127.0.0.1:12990/debian sid/main amd64 sensible-utils all 0.0.12+nmu1 [16.0 kB]
Get:22 http://127.0.0.1:12990/debian sid/main amd64 libmagic-mgc amd64 1:5.38-4 [262 kB]
Get:23 http://127.0.0.1:12990/debian sid/main amd64 libmagic1 amd64 1:5.38-4 [120 kB]
Get:24 http://127.0.0.1:12990/debian sid/main amd64 file amd64 1:5.38-4 [67.9 kB]
Get:25 http://127.0.0.1:12990/debian sid/main amd64 gettext-base amd64 0.19.8.1-10 [123 kB]
Get:26 http://127.0.0.1:12990/debian sid/main amd64 libsigsegv2 amd64 2.12-2 [32.8 kB]
Get:27 http://127.0.0.1:12990/debian sid/main amd64 m4 amd64 1.4.18-4 [203 kB]
Get:28 http://127.0.0.1:12990/debian sid/main amd64 autoconf all 2.69-11.1 [341 kB]
Get:29 http://127.0.0.1:12990/debian sid/main amd64 autotools-dev all 20180224.1 [77.0 kB]
Get:30 http://127.0.0.1:12990/debian sid/main amd64 automake all 1:1.16.1-4 [771 kB]
Get:31 http://127.0.0.1:12990/debian sid/main amd64 autopoint all 0.19.8.1-10 [435 kB]
Get:32 http://127.0.0.1:12990/debian sid/main amd64 libtool all 2.4.6-13 [513 kB]
Get:33 http://127.0.0.1:12990/debian sid/main amd64 dh-autoreconf all 19 [16.9 kB]
Get:34 http://127.0.0.1:12990/debian sid/main amd64 libdebhelper-perl all 12.9 [183 kB]
Get:35 http://127.0.0.1:12990/debian sid/main amd64 libarchive-zip-perl all 1.67-1 [104 kB]
Get:36 http://127.0.0.1:12990/debian sid/main amd64 libsub-override-perl all 0.09-2 [10.2 kB]
Get:37 http://127.0.0.1:12990/debian sid/main amd64 libfile-stripnondeterminism-perl all 1.6.3-2 [23.7 kB]
Get:38 http://127.0.0.1:12990/debian sid/main amd64 dh-strip-nondeterminism all 1.6.3-2 [14.7 kB]
Get:39 http://127.0.0.1:12990/debian sid/main amd64 libelf1 amd64 0.176-1.1 [161 kB]
Get:40 http://127.0.0.1:12990/debian sid/main amd64 dwz amd64 0.13-5 [151 kB]
Get:41 http://127.0.0.1:12990/debian sid/main amd64 libglib2.0-0 amd64 2.62.4-2 [1319 kB]
Get:42 http://127.0.0.1:12990/debian sid/main amd64 libicu63 amd64 63.2-2 [8301 kB]
Get:43 http://127.0.0.1:12990/debian sid/main amd64 libxml2 amd64 2.9.10+dfsg-3 [709 kB]
Get:44 http://127.0.0.1:12990/debian sid/main amd64 libcroco3 amd64 0.6.13-1 [146 kB]
Get:45 http://127.0.0.1:12990/debian sid/main amd64 gettext amd64 0.19.8.1-10 [1303 kB]
Get:46 http://127.0.0.1:12990/debian sid/main amd64 intltool-debian all 0.35.0+20060710.5 [26.8 kB]
Get:47 http://127.0.0.1:12990/debian sid/main amd64 po-debconf all 1.0.21 [248 kB]
Get:48 http://127.0.0.1:12990/debian sid/main amd64 debhelper all 12.9 [994 kB]
Get:49 http://127.0.0.1:12990/debian sid/main amd64 uuid-dev amd64 2.34-0.1 [93.5 kB]
Get:50 http://127.0.0.1:12990/debian sid/main amd64 libblkid-dev amd64 2.34-0.1 [226 kB]
Get:51 http://127.0.0.1:12990/debian sid/main amd64 libextutils-depends-perl all 0.8000-1 [18.9 kB]
Get:52 http://127.0.0.1:12990/debian sid/main amd64 pkg-config amd64 0.29-6 [63.5 kB]
Get:53 http://127.0.0.1:12990/debian sid/main amd64 libextutils-pkgconfig-perl all 1.16-1 [10.7 kB]
Get:54 http://127.0.0.1:12990/debian sid/main amd64 libffi-dev amd64 3.3-3 [56.4 kB]
Get:55 http://127.0.0.1:12990/debian sid/main amd64 libglib2.0-data all 2.62.4-2 [1121 kB]
Get:56 http://127.0.0.1:12990/debian sid/main amd64 libglib2.0-bin amd64 2.62.4-2 [132 kB]
Get:57 http://127.0.0.1:12990/debian sid/main amd64 python3-lib2to3 all 3.8.0-1 [78.3 kB]
Get:58 http://127.0.0.1:12990/debian sid/main amd64 python3-distutils all 3.8.0-1 [145 kB]
Get:59 http://127.0.0.1:12990/debian sid/main amd64 libglib2.0-dev-bin amd64 2.62.4-2 [165 kB]
Get:60 http://127.0.0.1:12990/debian sid/main amd64 libmount-dev amd64 2.34-0.1 [236 kB]
Get:61 http://127.0.0.1:12990/debian sid/main amd64 libpcre16-3 amd64 2:8.39-12+b1 [259 kB]
Get:62 http://127.0.0.1:12990/debian sid/main amd64 libpcre32-3 amd64 2:8.39-12+b1 [250 kB]
Get:63 http://127.0.0.1:12990/debian sid/main amd64 libpcrecpp0v5 amd64 2:8.39-12+b1 [152 kB]
Get:64 http://127.0.0.1:12990/debian sid/main amd64 libpcre3-dev amd64 2:8.39-12+b1 [653 kB]
Get:65 http://127.0.0.1:12990/debian sid/main amd64 libsepol1-dev amd64 3.0-1 [336 kB]
Get:66 http://127.0.0.1:12990/debian sid/main amd64 libpcre2-16-0 amd64 10.34-7 [219 kB]
Get:67 http://127.0.0.1:12990/debian sid/main amd64 libpcre2-32-0 amd64 10.34-7 [208 kB]
Get:68 http://127.0.0.1:12990/debian sid/main amd64 libpcre2-posix2 amd64 10.34-7 [45.2 kB]
Get:69 http://127.0.0.1:12990/debian sid/main amd64 libpcre2-dev amd64 10.34-7 [709 kB]
Get:70 http://127.0.0.1:12990/debian sid/main amd64 libselinux1-dev amd64 3.0-1+b1 [171 kB]
Get:71 http://127.0.0.1:12990/debian sid/main amd64 zlib1g-dev amd64 1:1.2.11.dfsg-2 [190 kB]
Get:72 http://127.0.0.1:12990/debian sid/main amd64 libglib2.0-dev amd64 2.62.4-2 [1542 kB]
Get:73 http://127.0.0.1:12990/debian sid/main amd64 libperl-dev amd64 5.30.0-9 [1032 kB]
Get:74 http://127.0.0.1:12990/debian sid/main amd64 libtest-pod-content-perl all 0.0.6-2 [8588 B]
Get:75 http://127.0.0.1:12990/debian sid/main amd64 libtest-consistentversion-perl all 0.3.0-1 [9210 B]
debconf: delaying package configuration, since apt-utils is not installed
Fetched 34.6 MB in 1s (52.6 MB/s)
Selecting previously unselected package bsdmainutils.
(Reading database ... 13887 files and directories currently installed.)
Preparing to unpack .../0-bsdmainutils_11.1.2+b1_amd64.deb ...
Unpacking bsdmainutils (11.1.2+b1) ...
Selecting previously unselected package libuchardet0:amd64.
Preparing to unpack .../1-libuchardet0_0.0.6-3_amd64.deb ...
Unpacking libuchardet0:amd64 (0.0.6-3) ...
Selecting previously unselected package groff-base.
Preparing to unpack .../2-groff-base_1.22.4-4_amd64.deb ...
Unpacking groff-base (1.22.4-4) ...
Selecting previously unselected package libpipeline1:amd64.
Preparing to unpack .../3-libpipeline1_1.5.2-2_amd64.deb ...
Unpacking libpipeline1:amd64 (1.5.2-2) ...
Selecting previously unselected package man-db.
Preparing to unpack .../4-man-db_2.9.0-2_amd64.deb ...
Unpacking man-db (2.9.0-2) ...
Selecting previously unselected package libssl1.1:amd64.
Preparing to unpack .../5-libssl1.1_1.1.1d-2_amd64.deb ...
Unpacking libssl1.1:amd64 (1.1.1d-2) ...
Selecting previously unselected package libpython3.7-minimal:amd64.
Preparing to unpack .../6-libpython3.7-minimal_3.7.6-1+b1_amd64.deb ...
Unpacking libpython3.7-minimal:amd64 (3.7.6-1+b1) ...
Selecting previously unselected package libexpat1:amd64.
Preparing to unpack .../7-libexpat1_2.2.9-1_amd64.deb ...
Unpacking libexpat1:amd64 (2.2.9-1) ...
Selecting previously unselected package python3.7-minimal.
Preparing to unpack .../8-python3.7-minimal_3.7.6-1+b1_amd64.deb ...
Unpacking python3.7-minimal (3.7.6-1+b1) ...
Setting up libssl1.1:amd64 (1.1.1d-2) ...
Setting up libpython3.7-minimal:amd64 (3.7.6-1+b1) ...
Setting up libexpat1:amd64 (2.2.9-1) ...
Setting up python3.7-minimal (3.7.6-1+b1) ...
Selecting previously unselected package python3-minimal.
(Reading database ... 14796 files and directories currently installed.)
Preparing to unpack .../0-python3-minimal_3.7.5-3_amd64.deb ...
Unpacking python3-minimal (3.7.5-3) ...
Selecting previously unselected package mime-support.
Preparing to unpack .../1-mime-support_3.64_all.deb ...
Unpacking mime-support (3.64) ...
Selecting previously unselected package libmpdec2:amd64.
Preparing to unpack .../2-libmpdec2_2.4.2-2_amd64.deb ...
Unpacking libmpdec2:amd64 (2.4.2-2) ...
Selecting previously unselected package readline-common.
Preparing to unpack .../3-readline-common_8.0-3_all.deb ...
Unpacking readline-common (8.0-3) ...
Selecting previously unselected package libreadline8:amd64.
Preparing to unpack .../4-libreadline8_8.0-3_amd64.deb ...
Unpacking libreadline8:amd64 (8.0-3) ...
Selecting previously unselected package libsqlite3-0:amd64.
Preparing to unpack .../5-libsqlite3-0_3.31.1-3_amd64.deb ...
Unpacking libsqlite3-0:amd64 (3.31.1-3) ...
Selecting previously unselected package libpython3.7-stdlib:amd64.
Preparing to unpack .../6-libpython3.7-stdlib_3.7.6-1+b1_amd64.deb ...
Unpacking libpython3.7-stdlib:amd64 (3.7.6-1+b1) ...
Selecting previously unselected package python3.7.
Preparing to unpack .../7-python3.7_3.7.6-1+b1_amd64.deb ...
Unpacking python3.7 (3.7.6-1+b1) ...
Selecting previously unselected package libpython3-stdlib:amd64.
Preparing to unpack .../8-libpython3-stdlib_3.7.5-3_amd64.deb ...
Unpacking libpython3-stdlib:amd64 (3.7.5-3) ...
Setting up python3-minimal (3.7.5-3) ...
Selecting previously unselected package python3.
(Reading database ... 15267 files and directories currently installed.)
Preparing to unpack .../00-python3_3.7.5-3_amd64.deb ...
Unpacking python3 (3.7.5-3) ...
Selecting previously unselected package sensible-utils.
Preparing to unpack .../01-sensible-utils_0.0.12+nmu1_all.deb ...
Unpacking sensible-utils (0.0.12+nmu1) ...
Selecting previously unselected package libmagic-mgc.
Preparing to unpack .../02-libmagic-mgc_1%3a5.38-4_amd64.deb ...
Unpacking libmagic-mgc (1:5.38-4) ...
Selecting previously unselected package libmagic1:amd64.
Preparing to unpack .../03-libmagic1_1%3a5.38-4_amd64.deb ...
Unpacking libmagic1:amd64 (1:5.38-4) ...
Selecting previously unselected package file.
Preparing to unpack .../04-file_1%3a5.38-4_amd64.deb ...
Unpacking file (1:5.38-4) ...
Selecting previously unselected package gettext-base.
Preparing to unpack .../05-gettext-base_0.19.8.1-10_amd64.deb ...
Unpacking gettext-base (0.19.8.1-10) ...
Selecting previously unselected package libsigsegv2:amd64.
Preparing to unpack .../06-libsigsegv2_2.12-2_amd64.deb ...
Unpacking libsigsegv2:amd64 (2.12-2) ...
Selecting previously unselected package m4.
Preparing to unpack .../07-m4_1.4.18-4_amd64.deb ...
Unpacking m4 (1.4.18-4) ...
Selecting previously unselected package autoconf.
Preparing to unpack .../08-autoconf_2.69-11.1_all.deb ...
Unpacking autoconf (2.69-11.1) ...
Selecting previously unselected package autotools-dev.
Preparing to unpack .../09-autotools-dev_20180224.1_all.deb ...
Unpacking autotools-dev (20180224.1) ...
Selecting previously unselected package automake.
Preparing to unpack .../10-automake_1%3a1.16.1-4_all.deb ...
Unpacking automake (1:1.16.1-4) ...
Selecting previously unselected package autopoint.
Preparing to unpack .../11-autopoint_0.19.8.1-10_all.deb ...
Unpacking autopoint (0.19.8.1-10) ...
Selecting previously unselected package libtool.
Preparing to unpack .../12-libtool_2.4.6-13_all.deb ...
Unpacking libtool (2.4.6-13) ...
Selecting previously unselected package dh-autoreconf.
Preparing to unpack .../13-dh-autoreconf_19_all.deb ...
Unpacking dh-autoreconf (19) ...
Selecting previously unselected package libdebhelper-perl.
Preparing to unpack .../14-libdebhelper-perl_12.9_all.deb ...
Unpacking libdebhelper-perl (12.9) ...
Selecting previously unselected package libarchive-zip-perl.
Preparing to unpack .../15-libarchive-zip-perl_1.67-1_all.deb ...
Unpacking libarchive-zip-perl (1.67-1) ...
Selecting previously unselected package libsub-override-perl.
Preparing to unpack .../16-libsub-override-perl_0.09-2_all.deb ...
Unpacking libsub-override-perl (0.09-2) ...
Selecting previously unselected package libfile-stripnondeterminism-perl.
Preparing to unpack .../17-libfile-stripnondeterminism-perl_1.6.3-2_all.deb ...
Unpacking libfile-stripnondeterminism-perl (1.6.3-2) ...
Selecting previously unselected package dh-strip-nondeterminism.
Preparing to unpack .../18-dh-strip-nondeterminism_1.6.3-2_all.deb ...
Unpacking dh-strip-nondeterminism (1.6.3-2) ...
Selecting previously unselected package libelf1:amd64.
Preparing to unpack .../19-libelf1_0.176-1.1_amd64.deb ...
Unpacking libelf1:amd64 (0.176-1.1) ...
Selecting previously unselected package dwz.
Preparing to unpack .../20-dwz_0.13-5_amd64.deb ...
Unpacking dwz (0.13-5) ...
Selecting previously unselected package libglib2.0-0:amd64.
Preparing to unpack .../21-libglib2.0-0_2.62.4-2_amd64.deb ...
Unpacking libglib2.0-0:amd64 (2.62.4-2) ...
Selecting previously unselected package libicu63:amd64.
Preparing to unpack .../22-libicu63_63.2-2_amd64.deb ...
Unpacking libicu63:amd64 (63.2-2) ...
Selecting previously unselected package libxml2:amd64.
Preparing to unpack .../23-libxml2_2.9.10+dfsg-3_amd64.deb ...
Unpacking libxml2:amd64 (2.9.10+dfsg-3) ...
Selecting previously unselected package libcroco3:amd64.
Preparing to unpack .../24-libcroco3_0.6.13-1_amd64.deb ...
Unpacking libcroco3:amd64 (0.6.13-1) ...
Selecting previously unselected package gettext.
Preparing to unpack .../25-gettext_0.19.8.1-10_amd64.deb ...
Unpacking gettext (0.19.8.1-10) ...
Selecting previously unselected package intltool-debian.
Preparing to unpack .../26-intltool-debian_0.35.0+20060710.5_all.deb ...
Unpacking intltool-debian (0.35.0+20060710.5) ...
Selecting previously unselected package po-debconf.
Preparing to unpack .../27-po-debconf_1.0.21_all.deb ...
Unpacking po-debconf (1.0.21) ...
Selecting previously unselected package debhelper.
Preparing to unpack .../28-debhelper_12.9_all.deb ...
Unpacking debhelper (12.9) ...
Selecting previously unselected package uuid-dev:amd64.
Preparing to unpack .../29-uuid-dev_2.34-0.1_amd64.deb ...
Unpacking uuid-dev:amd64 (2.34-0.1) ...
Selecting previously unselected package libblkid-dev:amd64.
Preparing to unpack .../30-libblkid-dev_2.34-0.1_amd64.deb ...
Unpacking libblkid-dev:amd64 (2.34-0.1) ...
Selecting previously unselected package libextutils-depends-perl.
Preparing to unpack .../31-libextutils-depends-perl_0.8000-1_all.deb ...
Unpacking libextutils-depends-perl (0.8000-1) ...
Selecting previously unselected package pkg-config.
Preparing to unpack .../32-pkg-config_0.29-6_amd64.deb ...
Unpacking pkg-config (0.29-6) ...
Selecting previously unselected package libextutils-pkgconfig-perl.
Preparing to unpack .../33-libextutils-pkgconfig-perl_1.16-1_all.deb ...
Unpacking libextutils-pkgconfig-perl (1.16-1) ...
Selecting previously unselected package libffi-dev:amd64.
Preparing to unpack .../34-libffi-dev_3.3-3_amd64.deb ...
Unpacking libffi-dev:amd64 (3.3-3) ...
Selecting previously unselected package libglib2.0-data.
Preparing to unpack .../35-libglib2.0-data_2.62.4-2_all.deb ...
Unpacking libglib2.0-data (2.62.4-2) ...
Selecting previously unselected package libglib2.0-bin.
Preparing to unpack .../36-libglib2.0-bin_2.62.4-2_amd64.deb ...
Unpacking libglib2.0-bin (2.62.4-2) ...
Selecting previously unselected package python3-lib2to3.
Preparing to unpack .../37-python3-lib2to3_3.8.0-1_all.deb ...
Unpacking python3-lib2to3 (3.8.0-1) ...
Selecting previously unselected package python3-distutils.
Preparing to unpack .../38-python3-distutils_3.8.0-1_all.deb ...
Unpacking python3-distutils (3.8.0-1) ...
Selecting previously unselected package libglib2.0-dev-bin.
Preparing to unpack .../39-libglib2.0-dev-bin_2.62.4-2_amd64.deb ...
Unpacking libglib2.0-dev-bin (2.62.4-2) ...
Selecting previously unselected package libmount-dev:amd64.
Preparing to unpack .../40-libmount-dev_2.34-0.1_amd64.deb ...
Unpacking libmount-dev:amd64 (2.34-0.1) ...
Selecting previously unselected package libpcre16-3:amd64.
Preparing to unpack .../41-libpcre16-3_2%3a8.39-12+b1_amd64.deb ...
Unpacking libpcre16-3:amd64 (2:8.39-12+b1) ...
Selecting previously unselected package libpcre32-3:amd64.
Preparing to unpack .../42-libpcre32-3_2%3a8.39-12+b1_amd64.deb ...
Unpacking libpcre32-3:amd64 (2:8.39-12+b1) ...
Selecting previously unselected package libpcrecpp0v5:amd64.
Preparing to unpack .../43-libpcrecpp0v5_2%3a8.39-12+b1_amd64.deb ...
Unpacking libpcrecpp0v5:amd64 (2:8.39-12+b1) ...
Selecting previously unselected package libpcre3-dev:amd64.
Preparing to unpack .../44-libpcre3-dev_2%3a8.39-12+b1_amd64.deb ...
Unpacking libpcre3-dev:amd64 (2:8.39-12+b1) ...
Selecting previously unselected package libsepol1-dev:amd64.
Preparing to unpack .../45-libsepol1-dev_3.0-1_amd64.deb ...
Unpacking libsepol1-dev:amd64 (3.0-1) ...
Selecting previously unselected package libpcre2-16-0:amd64.
Preparing to unpack .../46-libpcre2-16-0_10.34-7_amd64.deb ...
Unpacking libpcre2-16-0:amd64 (10.34-7) ...
Selecting previously unselected package libpcre2-32-0:amd64.
Preparing to unpack .../47-libpcre2-32-0_10.34-7_amd64.deb ...
Unpacking libpcre2-32-0:amd64 (10.34-7) ...
Selecting previously unselected package libpcre2-posix2:amd64.
Preparing to unpack .../48-libpcre2-posix2_10.34-7_amd64.deb ...
Unpacking libpcre2-posix2:amd64 (10.34-7) ...
Selecting previously unselected package libpcre2-dev:amd64.
Preparing to unpack .../49-libpcre2-dev_10.34-7_amd64.deb ...
Unpacking libpcre2-dev:amd64 (10.34-7) ...
Selecting previously unselected package libselinux1-dev:amd64.
Preparing to unpack .../50-libselinux1-dev_3.0-1+b1_amd64.deb ...
Unpacking libselinux1-dev:amd64 (3.0-1+b1) ...
Selecting previously unselected package zlib1g-dev:amd64.
Preparing to unpack .../51-zlib1g-dev_1%3a1.2.11.dfsg-2_amd64.deb ...
Unpacking zlib1g-dev:amd64 (1:1.2.11.dfsg-2) ...
Selecting previously unselected package libglib2.0-dev:amd64.
Preparing to unpack .../52-libglib2.0-dev_2.62.4-2_amd64.deb ...
Unpacking libglib2.0-dev:amd64 (2.62.4-2) ...
Selecting previously unselected package libperl-dev:amd64.
Preparing to unpack .../53-libperl-dev_5.30.0-9_amd64.deb ...
Unpacking libperl-dev:amd64 (5.30.0-9) ...
Selecting previously unselected package libtest-pod-content-perl.
Preparing to unpack .../54-libtest-pod-content-perl_0.0.6-2_all.deb ...
Unpacking libtest-pod-content-perl (0.0.6-2) ...
Selecting previously unselected package libtest-consistentversion-perl.
Preparing to unpack .../55-libtest-consistentversion-perl_0.3.0-1_all.deb ...
Unpacking libtest-consistentversion-perl (0.3.0-1) ...
Selecting previously unselected package sbuild-build-depends-main-dummy.
Preparing to unpack .../56-sbuild-build-depends-main-dummy_0.invalid.0_amd64.deb ...
Unpacking sbuild-build-depends-main-dummy (0.invalid.0) ...
Setting up libpcrecpp0v5:amd64 (2:8.39-12+b1) ...
Setting up libpipeline1:amd64 (1.5.2-2) ...
Setting up mime-support (3.64) ...
Setting up libpcre16-3:amd64 (2:8.39-12+b1) ...
Setting up libmagic-mgc (1:5.38-4) ...
Setting up libarchive-zip-perl (1.67-1) ...
Setting up libglib2.0-0:amd64 (2.62.4-2) ...
No schema files found: doing nothing.
Setting up libdebhelper-perl (12.9) ...
Setting up libsqlite3-0:amd64 (3.31.1-3) ...
Setting up libtest-pod-content-perl (0.0.6-2) ...
Setting up libmagic1:amd64 (1:5.38-4) ...
Setting up libsepol1-dev:amd64 (3.0-1) ...
Setting up gettext-base (0.19.8.1-10) ...
Setting up libperl-dev:amd64 (5.30.0-9) ...
Setting up file (1:5.38-4) ...
Setting up libffi-dev:amd64 (3.3-3) ...
Setting up libpcre2-16-0:amd64 (10.34-7) ...
Setting up libicu63:amd64 (63.2-2) ...
Setting up libextutils-depends-perl (0.8000-1) ...
Setting up autotools-dev (20180224.1) ...
Setting up libpcre2-32-0:amd64 (10.34-7) ...
Setting up libtest-consistentversion-perl (0.3.0-1) ...
Setting up libglib2.0-data (2.62.4-2) ...
Setting up uuid-dev:amd64 (2.34-0.1) ...
Setting up libsigsegv2:amd64 (2.12-2) ...
Setting up bsdmainutils (11.1.2+b1) ...
update-alternatives: using /usr/bin/bsd-write to provide /usr/bin/write (write) in auto mode
update-alternatives: using /usr/bin/bsd-from to provide /usr/bin/from (from) in auto mode
Setting up libpcre32-3:amd64 (2:8.39-12+b1) ...
Setting up autopoint (0.19.8.1-10) ...
Setting up pkg-config (0.29-6) ...
Setting up libpcre2-posix2:amd64 (10.34-7) ...
Setting up zlib1g-dev:amd64 (1:1.2.11.dfsg-2) ...
Setting up sensible-utils (0.0.12+nmu1) ...
Setting up libuchardet0:amd64 (0.0.6-3) ...
Setting up libsub-override-perl (0.09-2) ...
Setting up libmpdec2:amd64 (2.4.2-2) ...
Setting up libelf1:amd64 (0.176-1.1) ...
Setting up readline-common (8.0-3) ...
Setting up libxml2:amd64 (2.9.10+dfsg-3) ...
Setting up libfile-stripnondeterminism-perl (1.6.3-2) ...
Setting up libblkid-dev:amd64 (2.34-0.1) ...
Setting up libpcre2-dev:amd64 (10.34-7) ...
Setting up libtool (2.4.6-13) ...
Setting up libextutils-pkgconfig-perl (1.16-1) ...
Setting up libselinux1-dev:amd64 (3.0-1+b1) ...
Setting up libpcre3-dev:amd64 (2:8.39-12+b1) ...
Setting up libreadline8:amd64 (8.0-3) ...
Setting up libglib2.0-bin (2.62.4-2) ...
Setting up m4 (1.4.18-4) ...
Setting up libcroco3:amd64 (0.6.13-1) ...
Setting up autoconf (2.69-11.1) ...
Setting up dh-strip-nondeterminism (1.6.3-2) ...
Setting up dwz (0.13-5) ...
Setting up groff-base (1.22.4-4) ...
Setting up libmount-dev:amd64 (2.34-0.1) ...
Setting up automake (1:1.16.1-4) ...
update-alternatives: using /usr/bin/automake-1.16 to provide /usr/bin/automake (automake) in auto mode
Setting up libpython3.7-stdlib:amd64 (3.7.6-1+b1) ...
Setting up gettext (0.19.8.1-10) ...
Setting up man-db (2.9.0-2) ...
Not building database; man-db/auto-update is not 'true'.
Setting up intltool-debian (0.35.0+20060710.5) ...
Setting up libpython3-stdlib:amd64 (3.7.5-3) ...
Setting up python3.7 (3.7.6-1+b1) ...
Setting up po-debconf (1.0.21) ...
Setting up python3 (3.7.5-3) ...
Setting up python3-lib2to3 (3.8.0-1) ...
Setting up python3-distutils (3.8.0-1) ...
Setting up libglib2.0-dev-bin (2.62.4-2) ...
Setting up libglib2.0-dev:amd64 (2.62.4-2) ...
Setting up dh-autoreconf (19) ...
Setting up debhelper (12.9) ...
Setting up sbuild-build-depends-main-dummy (0.invalid.0) ...
Processing triggers for libc-bin (2.29-10) ...

+------------------------------------------------------------------------------+
| Check architectures                                                          |
+------------------------------------------------------------------------------+

Arch check ok (amd64 included in any)

+------------------------------------------------------------------------------+
| Build environment                                                            |
+------------------------------------------------------------------------------+

Kernel: Linux 4.19.0-6-cloud-amd64 #1 SMP Debian 4.19.67-2+deb10u2 (2019-11-11) amd64 (x86_64)
Toolchain package versions: binutils_2.34-3 dpkg-dev_1.19.7 g++-9_9.2.1-29 gcc-9_9.2.1-29 libc6-dev_2.29-10 libstdc++-8-dev_8.3.0-29 libstdc++-9-dev_9.2.1-29 libstdc++6_10-20200222-1 linux-libc-dev_5.4.19-1
Package versions: adduser_3.118 apt_1.8.4 autoconf_2.69-11.1 automake_1:1.16.1-4 autopoint_0.19.8.1-10 autotools-dev_20180224.1 base-files_11 base-passwd_3.5.47 bash_5.0-5 binutils_2.34-3 binutils-common_2.34-3 binutils-x86-64-linux-gnu_2.34-3 bsdmainutils_11.1.2+b1 bsdutils_1:2.34-0.1 build-essential_12.8 bzip2_1.0.8-2 clang-8_1:8.0.1-7 coreutils_8.30-3+b1 cpp_4:9.2.1-3.1 cpp-9_9.2.1-29 dash_0.5.10.2-6 debconf_1.5.73 debhelper_12.9 debian-archive-keyring_2019.1 debianutils_4.9.1 dh-autoreconf_19 dh-strip-nondeterminism_1.6.3-2 diffutils_1:3.7-3 dpkg_1.19.7 dpkg-dev_1.19.7 dwz_0.13-5 e2fsprogs_1.45.5-2 fakeroot_1.24-1 fdisk_2.34-0.1 file_1:5.38-4 findutils_4.7.0-1 g++_4:9.2.1-3.1 g++-9_9.2.1-29 gcc_4:9.2.1-3.1 gcc-10-base_10-20200222-1 gcc-8-base_8.3.0-29 gcc-9_9.2.1-29 gcc-9-base_9.2.1-29 gettext_0.19.8.1-10 gettext-base_0.19.8.1-10 gpgv_2.2.19-1 grep_3.4-1 groff-base_1.22.4-4 gzip_1.9-3+b1 hostname_3.23 init-system-helpers_1.57 intltool-debian_0.35.0+20060710.5 lib32gcc-s1_10-20200222-1 lib32gcc1_1:10-20200222-1 lib32stdc++6_10-20200222-1 libacl1_2.2.53-5 libapt-pkg5.0_1.8.4 libarchive-zip-perl_1.67-1 libasan5_9.2.1-29 libatomic1_10-20200222-1 libattr1_1:2.4.48-5 libaudit-common_1:2.8.5-2 libaudit1_1:2.8.5-2+b1 libbinutils_2.34-3 libblkid-dev_2.34-0.1 libblkid1_2.34-0.1 libbsd0_0.10.0-1 libbz2-1.0_1.0.8-2 libc-bin_2.29-10 libc-dev-bin_2.29-10 libc6_2.29-10 libc6-dev_2.29-10 libc6-i386_2.29-10 libcap-ng0_0.7.9-2.1+b1 libcc1-0_10-20200222-1 libclang-common-8-dev_1:8.0.1-7 libclang1-8_1:8.0.1-7 libcom-err2_1.45.5-2 libcroco3_0.6.13-1 libcrypt-dev_1:4.4.10-10 libcrypt1_1:4.4.10-10 libctf-nobfd0_2.34-3 libctf0_2.34-3 libdb5.3_5.3.28+dfsg1-0.6 libdebconfclient0_0.251 libdebhelper-perl_12.9 libdpkg-perl_1.19.7 libedit2_3.1-20191231-1 libelf1_0.176-1.1 libexpat1_2.2.9-1 libext2fs2_1.45.5-2 libextutils-depends-perl_0.8000-1 libextutils-pkgconfig-perl_1.16-1 libfakeroot_1.24-1 libfdisk1_2.34-0.1 libffi-dev_3.3-3 libffi7_3.3-3 libfile-stripnondeterminism-perl_1.6.3-2 libgc1c2_1:7.6.4-0.4 libgcc-8-dev_8.3.0-29 libgcc-9-dev_9.2.1-29 libgcc-s1_10-20200222-1 libgcc1_1:10-20200222-1 libgcrypt20_1.8.5-5 libgdbm-compat4_1.18.1-5 libgdbm6_1.18.1-5 libglib2.0-0_2.62.4-2 libglib2.0-bin_2.62.4-2 libglib2.0-data_2.62.4-2 libglib2.0-dev_2.62.4-2 libglib2.0-dev-bin_2.62.4-2 libgmp10_2:6.2.0+dfsg-4 libgnutls30_3.6.12-2 libgomp1_10-20200222-1 libgpg-error0_1.37-1 libhogweed5_3.5.1+really3.5.1-2 libicu63_63.2-2 libidn2-0_2.2.0-2 libisl22_0.22.1-1 libitm1_10-20200222-1 libllvm8_1:8.0.1-7 liblsan0_10-20200222-1 liblz4-1_1.9.2-2 liblzma5_5.2.4-1+b1 libmagic-mgc_1:5.38-4 libmagic1_1:5.38-4 libmount-dev_2.34-0.1 libmount1_2.34-0.1 libmpc3_1.1.0-1 libmpdec2_2.4.2-2 libmpfr6_4.0.2-1 libmpx2_8.3.0-29 libncursesw6_6.1+20191019-1 libnettle7_3.5.1+really3.5.1-2 libobjc-8-dev_8.3.0-29 libobjc-9-dev_9.2.1-29 libobjc4_10-20200222-1 libomp-8-dev_1:8.0.1-7 libomp5-8_1:8.0.1-7 libp11-kit0_0.23.20-1 libpam-modules_1.3.1-5 libpam-modules-bin_1.3.1-5 libpam-runtime_1.3.1-5 libpam0g_1.3.1-5 libpcre16-3_2:8.39-12+b1 libpcre2-16-0_10.34-7 libpcre2-32-0_10.34-7 libpcre2-8-0_10.34-7 libpcre2-dev_10.34-7 libpcre2-posix2_10.34-7 libpcre3_2:8.39-12+b1 libpcre3-dev_2:8.39-12+b1 libpcre32-3_2:8.39-12+b1 libpcrecpp0v5_2:8.39-12+b1 libperl-dev_5.30.0-9 libperl5.30_5.30.0-9 libpipeline1_1.5.2-2 libpython3-stdlib_3.7.5-3 libpython3.7-minimal_3.7.6-1+b1 libpython3.7-stdlib_3.7.6-1+b1 libquadmath0_10-20200222-1 libreadline8_8.0-3 libseccomp2_2.4.2-2 libselinux1_3.0-1+b1 libselinux1-dev_3.0-1+b1 libsemanage-common_3.0-1 libsemanage1_3.0-1+b1 libsepol1_3.0-1 libsepol1-dev_3.0-1 libsigsegv2_2.12-2 libsmartcols1_2.34-0.1 libsqlite3-0_3.31.1-3 libss2_1.45.5-2 libssl1.1_1.1.1d-2 libstdc++-8-dev_8.3.0-29 libstdc++-9-dev_9.2.1-29 libstdc++6_10-20200222-1 libsub-override-perl_0.09-2 libsystemd0_244.3-1 libtasn1-6_4.16.0-2 libtest-consistentversion-perl_0.3.0-1 libtest-pod-content-perl_0.0.6-2 libtinfo6_6.1+20191019-1 libtool_2.4.6-13 libtsan0_10-20200222-1 libubsan1_10-20200222-1 libuchardet0_0.0.6-3 libudev1_244.3-1 libunistring2_0.9.10-2 libuuid1_2.34-0.1 libxml2_2.9.10+dfsg-3 libzstd1_1.4.4+dfsg-3 linux-libc-dev_5.4.19-1 login_1:4.8.1-1 logsave_1.45.5-2 lsb-base_11.1.0 m4_1.4.18-4 make_4.2.1-1.2 man-db_2.9.0-2 mawk_1.3.4.20200120-2 mime-support_3.64 mount_2.34-0.1 ncurses-base_6.1+20191019-1 ncurses-bin_6.1+20191019-1 passwd_1:4.8.1-1 patch_2.7.6-6 perl_5.30.0-9 perl-base_5.30.0-9 perl-modules-5.30_5.30.0-9 pkg-config_0.29-6 po-debconf_1.0.21 python3_3.7.5-3 python3-distutils_3.8.0-1 python3-lib2to3_3.8.0-1 python3-minimal_3.7.5-3 python3.7_3.7.6-1+b1 python3.7-minimal_3.7.6-1+b1 readline-common_8.0-3 sbuild-build-depends-main-dummy_0.invalid.0 sed_4.7-1 sensible-utils_0.0.12+nmu1 sysvinit-utils_2.96-2.1 tar_1.30+dfsg-6+b1 tzdata_2019c-3 util-linux_2.34-0.1 uuid-dev_2.34-0.1 xz-utils_5.2.4-1+b1 zlib1g_1:1.2.11.dfsg-2 zlib1g-dev_1:1.2.11.dfsg-2

+------------------------------------------------------------------------------+
| Build                                                                        |
+------------------------------------------------------------------------------+


Unpack source
-------------

-----BEGIN PGP SIGNED MESSAGE-----
Hash: SHA512

Format: 3.0 (quilt)
Source: libglib-perl
Binary: libglib-perl
Architecture: any
Version: 3:1.329.2-1
Maintainer: Debian Perl Group <pkg-perl-maintainers@lists.alioth.debian.org>
Uploaders: intrigeri <intrigeri@debian.org>
Homepage: http://gtk2-perl.sourceforge.net/
Standards-Version: 4.5.0
Vcs-Browser: https://salsa.debian.org/perl-team/modules/packages/libglib-perl
Vcs-Git: https://salsa.debian.org/perl-team/modules/packages/libglib-perl.git
Testsuite: autopkgtest-pkg-perl
Build-Depends: debhelper-compat (= 12), libextutils-depends-perl, libextutils-pkgconfig-perl, libglib2.0-dev, libtest-consistentversion-perl, perl-xs-dev, perl:native
Package-List:
 libglib-perl deb perl optional arch=any
Checksums-Sha1:
 af0b26762ebbf1a077ec460098bf2d876749b7b5 301908 libglib-perl_1.329.2.orig.tar.gz
 1fa2b00286932abeab8121e6dc36203af6b1ef6d 8376 libglib-perl_1.329.2-1.debian.tar.xz
Checksums-Sha256:
 2f3bf06de572500e168acc6536d04f0066dd2fcbdfc3724cd5e5896d5a39a0e0 301908 libglib-perl_1.329.2.orig.tar.gz
 9c5002bb38df518a84055a99a40b21473af41ee5e78b9950ab8d07c634267e02 8376 libglib-perl_1.329.2-1.debian.tar.xz
Files:
 9fcd0fbb16f35a6bef0827e83d68da04 301908 libglib-perl_1.329.2.orig.tar.gz
 50b5120e3e74d1d03e7be41bc2cc5da5 8376 libglib-perl_1.329.2-1.debian.tar.xz
Dgit: 6abe61d1f4523c90835f44c67f342c14ef7b55d8 debian archive/debian/3%1.329.2-1 https://git.dgit.debian.org/libglib-perl

-----BEGIN PGP SIGNATURE-----

iQKTBAEBCgB9FiEE0eExbpOnYKgQTYX6uzpoAYZJqgYFAl5QXHtfFIAAAAAALgAo
aXNzdWVyLWZwckBub3RhdGlvbnMub3BlbnBncC5maWZ0aGhvcnNlbWFuLm5ldEQx
RTEzMTZFOTNBNzYwQTgxMDREODVGQUJCM0E2ODAxODY0OUFBMDYACgkQuzpoAYZJ
qgYbIw/+MQ2/mv0I4u/+awjemSuk4nfgdtC1u3UeXHHk4kyM/qleYjasybA9KH8t
/vATrDNIBpjiNep/iUkgltE0nS74k89hOUXVH792bGoHIMJ9lUgxxJvpZFyy14T0
NlEvb/sdbxQTtdjfij4w619NuQXaRe6mcXYm1T7Bnp0JZBkqIXQ0pFsnLEmsdQi0
rH8P8N0NkZ+y84cRIATpjg59xR7NLW4x9QHV4kw494U2C73HkwvwbaFWY5S8UknB
XiJZNDfVmwaA4bFVdvn8GfwP6gEl4tJVppbTqCpCzTHUJ+zzEhjEFVelA+uJnrM9
QN/n27OOLMXifnS2GNxpbPRu+wUa3g5IWJNPHlYLgMKh6Xai9CqRIxMHY55xWVgd
Xe8vzhyGcJ1W4+RhB1PP0WsK4z1AtzGo8UqKroKmOBH1x268Fm25TrLi0urVQ7JF
PcFcZs/TDZF2aS2M8EB+zzLoFxewIFSGUpK0MNDq8kfcZbqVfZaJKyHHsFktHmwh
IDLoq+W7C8+r3IOpL75ilLpmYIPVtaio8lF06yrg5r2hIvBvqDazpW5Y3addAZpK
Kr9sLGj4eNdtDrRaWDmzp4EXNfrI1+jvedD0BD4sdvGOqZLCfHgIyGoDYor29SE+
1vZui+N+rk3vmYX/hr1kTKeLXxmAH0m4DJ8rRXJgW5u8JBaUjhc=
=tDjE
-----END PGP SIGNATURE-----

gpgv: unknown type of key resource 'trustedkeys.kbx'
gpgv: keyblock resource '/sbuild-nonexistent/.gnupg/trustedkeys.kbx': General error
gpgv: Signature made Fri Feb 21 22:40:59 2020 UTC
gpgv:                using RSA key D1E1316E93A760A8104D85FABB3A68018649AA06
gpgv: Can't check signature: No public key
dpkg-source: warning: failed to verify signature on ./libglib-perl_1.329.2-1.dsc
dpkg-source: info: extracting libglib-perl in /<<PKGBUILDDIR>>
dpkg-source: info: unpacking libglib-perl_1.329.2.orig.tar.gz
dpkg-source: info: unpacking libglib-perl_1.329.2-1.debian.tar.xz
dpkg-source: info: using patch list from debian/patches/series
dpkg-source: info: applying remove-version-checking

Check disk space
----------------

Sufficient free space for build

User Environment
----------------

APT_CONFIG=/var/lib/sbuild/apt.conf
HOME=/sbuild-nonexistent
LANG=C.UTF-8
LC_ALL=C.UTF-8
LOGNAME=user42
PATH=/usr/local/sbin:/usr/local/bin:/usr/sbin:/usr/bin:/sbin:/bin:/usr/games
SCHROOT_ALIAS_NAME=unstable
SCHROOT_CHROOT_NAME=sid-amd64-sbuild
SCHROOT_COMMAND=env
SCHROOT_GID=1001
SCHROOT_GROUP=user42
SCHROOT_SESSION_ID=sid-amd64-sbuild-19a94d3a-3b78-4a1e-99e0-77ff1b1c3b17
SCHROOT_UID=1001
SCHROOT_USER=user42
SHELL=/bin/sh
USER=user42

dpkg-buildpackage
-----------------

Command: dpkg-buildpackage -us -uc -b -rfakeroot
dpkg-buildpackage: info: source package libglib-perl
dpkg-buildpackage: info: source version 3:1.329.2-1
dpkg-buildpackage: info: source distribution unstable
dpkg-buildpackage: info: source changed by intrigeri <intrigeri@debian.org>
 dpkg-source --before-build .
dpkg-buildpackage: info: host architecture amd64
 debian/rules clean
dh clean
   dh_clean
 debian/rules binary
dh binary
   dh_update_autotools_config
   dh_autoreconf
   debian/rules override_dh_auto_configure
make[1]: Entering directory '/<<PKGBUILDDIR>>'
PERL5LIB=./lib dh_auto_configure -- NOECHO=
	perl Makefile.PL INSTALLDIRS=vendor "OPTIMIZE=-g -O2 -fdebug-prefix-map=/<<PKGBUILDDIR>>=. -fstack-protector-strong -Wformat -Werror=format-security -Wdate-time -D_FORTIFY_SOURCE=2" "LD=x86_64-linux-gnu-gcc -g -O2 -fdebug-prefix-map=/<<PKGBUILDDIR>>=. -fstack-protector-strong -Wformat -Werror=format-security -Wl,-z,relro -Wl,-z,now" NOECHO=
Including generated API documentation...
Checking if your kit is complete...
Looks good
Unrecognized argument in LIBS ignored: '-pthread'
Generating a Unix-style Makefile
Writing Makefile for Glib
Writing MYMETA.yml and MYMETA.json
make[1]: Leaving directory '/<<PKGBUILDDIR>>'
   dh_auto_build
	make -j4
make[1]: Entering directory '/<<PKGBUILDDIR>>'
"/usr/bin/perl" -MExtUtils::Command -e 'mkpath' -- blib/lib
"/usr/bin/perl" -MExtUtils::Command -e 'mkpath' -- blib/arch
"/usr/bin/perl" -MExtUtils::Command -e 'mkpath' -- blib/lib/auto/Glib
"/usr/bin/perl" -MExtUtils::Command -e 'mkpath' -- blib/arch/auto/Glib
chmod 755 blib/arch
touch blib/arch/.exists
chmod 755 blib/arch/auto/Glib
"/usr/bin/perl" -MExtUtils::Command -e 'mkpath' -- blib/bin
chmod 755 blib/lib
touch blib/arch/auto/Glib/.exists
chmod 755 blib/lib/auto/Glib
touch blib/lib/.exists
touch blib/lib/auto/Glib/.exists
"/usr/bin/perl" -MExtUtils::Command -e 'mkpath' -- blib/script
"/usr/bin/perl" -MExtUtils::Command -e 'mkpath' -- blib/man1
"/usr/bin/perl" -MExtUtils::Command -e 'mkpath' -- blib/man3
chmod 755 blib/bin
chmod 755 blib/man1
touch blib/bin/.exists
chmod 755 blib/man3
touch blib/man1/.exists
touch blib/man3/.exists
"/usr/bin/perl" -MExtUtils::Install -e 'pm_to_blib({@ARGV}, '\''blib/lib/auto'\'', q[], '\''755'\'')' -- \
  '/<<PKGBUILDDIR>>/typemap' 'blib/arch/Glib/Install/typemap' \
  'build/IFiles.pm' 'blib/arch/Glib/Install/Files.pm' \
  'devel.pod' 'blib/lib/Glib/devel.pod' \
  'doctypes' 'blib/arch/Glib/Install/doctypes' \
  'gperl.h' 'blib/arch/Glib/Install/gperl.h' \
  'gperl_marshal.h' 'blib/arch/Glib/Install/gperl_marshal.h' \
  'lib/Glib.pm' 'blib/lib/Glib.pm' \
  'lib/Glib/CodeGen.pm' 'blib/lib/Glib/CodeGen.pm' \
  'lib/Glib/GenPod.pm' 'blib/lib/Glib/GenPod.pm' \
  'lib/Glib/MakeHelper.pm' 'blib/lib/Glib/MakeHelper.pm' \
  'lib/Glib/Object/Subclass.pm' 'blib/lib/Glib/Object/Subclass.pm' \
  'lib/Glib/ParseXSDoc.pm' 'blib/lib/Glib/ParseXSDoc.pm' 
true
echo "Running Mkbootstrap for Glib ()"
echo [ XS Glib.xs ]
Running Mkbootstrap for Glib ()
chmod 755 blib/script
[ XS Glib.xs ]
"/usr/bin/perl" \
	"-MExtUtils::Mkbootstrap" \
	-e "Mkbootstrap('Glib','');"
"/usr/bin/perl" "/usr/share/perl/5.30/ExtUtils/xsubpp" -noprototypes -typemap '/usr/share/perl/5.30/ExtUtils/typemap' -typemap '/<<PKGBUILDDIR>>/typemap' -typemap '/<<PKGBUILDDIR>>/typemap'  Glib.xs > Glib.xsc
touch blib/script/.exists
echo [ XS GError.xs ]
[ XS GError.xs ]
"/usr/bin/perl" "/usr/share/perl/5.30/ExtUtils/xsubpp" -noprototypes -typemap '/usr/share/perl/5.30/ExtUtils/typemap' -typemap '/<<PKGBUILDDIR>>/typemap' -typemap '/<<PKGBUILDDIR>>/typemap'  GError.xs > GError.xsc
touch "Glib.bs"
chmod 644 "Glib.bs"
cp lib/Glib/GenPod.pm blib/lib/Glib/GenPod.pm
cp lib/Glib/Object/Subclass.pm blib/lib/Glib/Object/Subclass.pm
cp gperl.h blib/arch/Glib/Install/gperl.h
cp /<<PKGBUILDDIR>>/typemap blib/arch/Glib/Install/typemap
cp doctypes blib/arch/Glib/Install/doctypes
cp gperl_marshal.h blib/arch/Glib/Install/gperl_marshal.h
cp build/IFiles.pm blib/arch/Glib/Install/Files.pm
cp devel.pod blib/lib/Glib/devel.pod
cp lib/Glib/MakeHelper.pm blib/lib/Glib/MakeHelper.pm
cp lib/Glib/ParseXSDoc.pm blib/lib/Glib/ParseXSDoc.pm
cp lib/Glib/CodeGen.pm blib/lib/Glib/CodeGen.pm
cp lib/Glib.pm blib/lib/Glib.pm
touch pm_to_blib
mv Glib.xsc Glib.c
echo [ XS GUtils.xs ]
echo [ XS GLog.xs ]
[ XS GUtils.xs ]
"/usr/bin/perl" "/usr/share/perl/5.30/ExtUtils/xsubpp" -noprototypes -typemap '/usr/share/perl/5.30/ExtUtils/typemap' -typemap '/<<PKGBUILDDIR>>/typemap' -typemap '/<<PKGBUILDDIR>>/typemap'  GUtils.xs > GUtils.xsc
[ XS GLog.xs ]
"/usr/bin/perl" "/usr/share/perl/5.30/ExtUtils/xsubpp" -noprototypes -typemap '/usr/share/perl/5.30/ExtUtils/typemap' -typemap '/<<PKGBUILDDIR>>/typemap' -typemap '/<<PKGBUILDDIR>>/typemap'  GLog.xs > GLog.xsc
echo [ XS GType.xs ]
[ XS GType.xs ]
"/usr/bin/perl" "/usr/share/perl/5.30/ExtUtils/xsubpp" -noprototypes -typemap '/usr/share/perl/5.30/ExtUtils/typemap' -typemap '/<<PKGBUILDDIR>>/typemap' -typemap '/<<PKGBUILDDIR>>/typemap'  GType.xs > GType.xsc
mv GError.xsc GError.c
echo [ XS GBoxed.xs ]
[ XS GBoxed.xs ]
"/usr/bin/perl" "/usr/share/perl/5.30/ExtUtils/xsubpp" -noprototypes -typemap '/usr/share/perl/5.30/ExtUtils/typemap' -typemap '/<<PKGBUILDDIR>>/typemap' -typemap '/<<PKGBUILDDIR>>/typemap'  GBoxed.xs > GBoxed.xsc
mv GLog.xsc GLog.c
echo [ XS GObject.xs ]
[ XS GObject.xs ]
"/usr/bin/perl" "/usr/share/perl/5.30/ExtUtils/xsubpp" -noprototypes -typemap '/usr/share/perl/5.30/ExtUtils/typemap' -typemap '/<<PKGBUILDDIR>>/typemap' -typemap '/<<PKGBUILDDIR>>/typemap'  GObject.xs > GObject.xsc
mv GUtils.xsc GUtils.c
mv GType.xsc GType.c
echo [ XS GValue.xs ]
echo [ XS GClosure.xs ]
[ XS GValue.xs ]
"/usr/bin/perl" "/usr/share/perl/5.30/ExtUtils/xsubpp" -noprototypes -typemap '/usr/share/perl/5.30/ExtUtils/typemap' -typemap '/<<PKGBUILDDIR>>/typemap' -typemap '/<<PKGBUILDDIR>>/typemap'  GValue.xs > GValue.xsc
[ XS GClosure.xs ]
"/usr/bin/perl" "/usr/share/perl/5.30/ExtUtils/xsubpp" -noprototypes -typemap '/usr/share/perl/5.30/ExtUtils/typemap' -typemap '/<<PKGBUILDDIR>>/typemap' -typemap '/<<PKGBUILDDIR>>/typemap'  GClosure.xs > GClosure.xsc
mv GObject.xsc GObject.c
echo [ XS GSignal.xs ]
[ XS GSignal.xs ]
mv GBoxed.xsc GBoxed.c
"/usr/bin/perl" "/usr/share/perl/5.30/ExtUtils/xsubpp" -noprototypes -typemap '/usr/share/perl/5.30/ExtUtils/typemap' -typemap '/<<PKGBUILDDIR>>/typemap' -typemap '/<<PKGBUILDDIR>>/typemap'  GSignal.xs > GSignal.xsc
echo [ XS GMainLoop.xs ]
mv GValue.xsc GValue.c
[ XS GMainLoop.xs ]
"/usr/bin/perl" "/usr/share/perl/5.30/ExtUtils/xsubpp" -noprototypes -typemap '/usr/share/perl/5.30/ExtUtils/typemap' -typemap '/<<PKGBUILDDIR>>/typemap' -typemap '/<<PKGBUILDDIR>>/typemap'  GMainLoop.xs > GMainLoop.xsc
echo [ XS GIOChannel.xs ]
[ XS GIOChannel.xs ]
"/usr/bin/perl" "/usr/share/perl/5.30/ExtUtils/xsubpp" -noprototypes -typemap '/usr/share/perl/5.30/ExtUtils/typemap' -typemap '/<<PKGBUILDDIR>>/typemap' -typemap '/<<PKGBUILDDIR>>/typemap'  GIOChannel.xs > GIOChannel.xsc
mv GClosure.xsc GClosure.c
echo [ XS GParamSpec.xs ]
[ XS GParamSpec.xs ]
"/usr/bin/perl" "/usr/share/perl/5.30/ExtUtils/xsubpp" -noprototypes -typemap '/usr/share/perl/5.30/ExtUtils/typemap' -typemap '/<<PKGBUILDDIR>>/typemap' -typemap '/<<PKGBUILDDIR>>/typemap'  GParamSpec.xs > GParamSpec.xsc
mv GIOChannel.xsc GIOChannel.c
echo [ XS GKeyFile.xs ]
[ XS GKeyFile.xs ]
"/usr/bin/perl" "/usr/share/perl/5.30/ExtUtils/xsubpp" -noprototypes -typemap '/usr/share/perl/5.30/ExtUtils/typemap' -typemap '/<<PKGBUILDDIR>>/typemap' -typemap '/<<PKGBUILDDIR>>/typemap'  GKeyFile.xs > GKeyFile.xsc
mv GMainLoop.xsc GMainLoop.c
echo [ XS GOption.xs ]
[ XS GOption.xs ]
"/usr/bin/perl" "/usr/share/perl/5.30/ExtUtils/xsubpp" -noprototypes -typemap '/usr/share/perl/5.30/ExtUtils/typemap' -typemap '/<<PKGBUILDDIR>>/typemap' -typemap '/<<PKGBUILDDIR>>/typemap'  GOption.xs > GOption.xsc
mv GSignal.xsc GSignal.c
echo [ XS GBookmarkFile.xs ]
[ XS GBookmarkFile.xs ]
"/usr/bin/perl" "/usr/share/perl/5.30/ExtUtils/xsubpp" -noprototypes -typemap '/usr/share/perl/5.30/ExtUtils/typemap' -typemap '/<<PKGBUILDDIR>>/typemap' -typemap '/<<PKGBUILDDIR>>/typemap'  GBookmarkFile.xs > GBookmarkFile.xsc
mv GParamSpec.xsc GParamSpec.c
echo [ XS GVariant.xs ]
[ XS GVariant.xs ]
"/usr/bin/perl" "/usr/share/perl/5.30/ExtUtils/xsubpp" -noprototypes -typemap '/usr/share/perl/5.30/ExtUtils/typemap' -typemap '/<<PKGBUILDDIR>>/typemap' -typemap '/<<PKGBUILDDIR>>/typemap'  GVariant.xs > GVariant.xsc
mv GKeyFile.xsc GKeyFile.c
echo [ CC gperl-gtypes.c ]
[ CC gperl-gtypes.c ]
x86_64-linux-gnu-gcc -c  -I. -I/usr/include/glib-2.0 -I/usr/lib/x86_64-linux-gnu/glib-2.0/include -pthread -D_REENTRANT -D_GNU_SOURCE -DDEBIAN -fwrapv -fno-strict-aliasing -pipe -I/usr/local/include -D_LARGEFILE_SOURCE -D_FILE_OFFSET_BITS=64 -g -O2 -fdebug-prefix-map=/<<PKGBUILDDIR>>=. -fstack-protector-strong -Wformat -Werror=format-security -Wdate-time -D_FORTIFY_SOURCE=2   -DVERSION=\"1.3292\" -DXS_VERSION=\"1.3292\" -o gperl-gtypes.o -fPIC "-I/usr/lib/x86_64-linux-gnu/perl/5.30/CORE"   gperl-gtypes.c
mv GOption.xsc GOption.c
echo Parsing XS files...
Parsing XS files...
"/usr/bin/perl" -I blib/lib -I blib/arch -MGlib::ParseXSDoc \
	-e "xsdocparse (qw(Glib.xs GError.xs GUtils.xs GLog.xs GType.xs GBoxed.xs GObject.xs GValue.xs GClosure.xs GSignal.xs GMainLoop.xs GIOChannel.xs GParamSpec.xs GKeyFile.xs GOption.xs GBookmarkFile.xs GVariant.xs))" > build/doc.pl
true
rm -rf blib/arch/auto/Glib/Glib.bs
"/usr/bin/perl" -MExtUtils::Command::MM -e 'cp_nonempty' -- Glib.bs blib/arch/auto/Glib/Glib.bs 644
echo [ CC Glib.c ]
[ CC Glib.c ]
x86_64-linux-gnu-gcc -c  -I. -I/usr/include/glib-2.0 -I/usr/lib/x86_64-linux-gnu/glib-2.0/include -pthread -D_REENTRANT -D_GNU_SOURCE -DDEBIAN -fwrapv -fno-strict-aliasing -pipe -I/usr/local/include -D_LARGEFILE_SOURCE -D_FILE_OFFSET_BITS=64 -g -O2 -fdebug-prefix-map=/<<PKGBUILDDIR>>=. -fstack-protector-strong -Wformat -Werror=format-security -Wdate-time -D_FORTIFY_SOURCE=2   -DVERSION=\"1.3292\" -DXS_VERSION=\"1.3292\" -o Glib.o -fPIC "-I/usr/lib/x86_64-linux-gnu/perl/5.30/CORE"   Glib.c
mv GBookmarkFile.xsc GBookmarkFile.c
echo [ CC GError.c ]
[ CC GError.c ]
x86_64-linux-gnu-gcc -c  -I. -I/usr/include/glib-2.0 -I/usr/lib/x86_64-linux-gnu/glib-2.0/include -pthread -D_REENTRANT -D_GNU_SOURCE -DDEBIAN -fwrapv -fno-strict-aliasing -pipe -I/usr/local/include -D_LARGEFILE_SOURCE -D_FILE_OFFSET_BITS=64 -g -O2 -fdebug-prefix-map=/<<PKGBUILDDIR>>=. -fstack-protector-strong -Wformat -Werror=format-security -Wdate-time -D_FORTIFY_SOURCE=2   -DVERSION=\"1.3292\" -DXS_VERSION=\"1.3292\" -o GError.o -fPIC "-I/usr/lib/x86_64-linux-gnu/perl/5.30/CORE"   GError.c
mv GVariant.xsc GVariant.c
echo [ CC GUtils.c ]
[ CC GUtils.c ]
x86_64-linux-gnu-gcc -c  -I. -I/usr/include/glib-2.0 -I/usr/lib/x86_64-linux-gnu/glib-2.0/include -pthread -D_REENTRANT -D_GNU_SOURCE -DDEBIAN -fwrapv -fno-strict-aliasing -pipe -I/usr/local/include -D_LARGEFILE_SOURCE -D_FILE_OFFSET_BITS=64 -g -O2 -fdebug-prefix-map=/<<PKGBUILDDIR>>=. -fstack-protector-strong -Wformat -Werror=format-security -Wdate-time -D_FORTIFY_SOURCE=2   -DVERSION=\"1.3292\" -DXS_VERSION=\"1.3292\" -o GUtils.o -fPIC "-I/usr/lib/x86_64-linux-gnu/perl/5.30/CORE"   GUtils.c
gperl-gtypes.c:142:8: warning: 'G_PARAM_PRIVATE' is deprecated [-Wdeprecated-declarations]
      {G_PARAM_PRIVATE,        "G_PARAM_PRIVATE",        "private"},
       ^
/usr/include/glib-2.0/gobject/gparam.h:159:19: note: 'G_PARAM_PRIVATE' has been explicitly marked deprecated here
  G_PARAM_PRIVATE GLIB_DEPRECATED_ENUMERATOR_IN_2_26 = G_PARAM_STATIC_NAME,
                  ^
/usr/include/glib-2.0/glib/gversionmacros.h:324:54: note: expanded from macro 'GLIB_DEPRECATED_ENUMERATOR_IN_2_26'
# define GLIB_DEPRECATED_ENUMERATOR_IN_2_26          GLIB_DEPRECATED_ENUMERATOR
                                                     ^
/usr/include/glib-2.0/glib/gmacros.h:1001:36: note: expanded from macro 'GLIB_DEPRECATED_ENUMERATOR'
#define GLIB_DEPRECATED_ENUMERATOR G_DEPRECATED
                                   ^
/usr/include/glib-2.0/glib/gmacros.h:942:37: note: expanded from macro 'G_DEPRECATED'
#define G_DEPRECATED __attribute__((__deprecated__))
                                    ^
gperl-gtypes.c:461:5: warning: 'G_SPAWN_ERROR_2BIG' is deprecated: Use 'G_SPAWN_ERROR_TOO_BIG' instead [-Wdeprecated-declarations]
  { G_SPAWN_ERROR_2BIG, "G_SPAWN_ERROR_2BIG", "2big" },
    ^
/usr/include/glib-2.0/glib/gspawn.h:76:22: note: 'G_SPAWN_ERROR_2BIG' has been explicitly marked deprecated here
  G_SPAWN_ERROR_2BIG GLIB_DEPRECATED_ENUMERATOR_IN_2_32_FOR(G_SPAWN_ERROR_TOO_BIG) = G_SPAWN_ERROR_TOO_BIG,
                     ^
/usr/include/glib-2.0/glib/gversionmacros.h:421:54: note: expanded from macro 'GLIB_DEPRECATED_ENUMERATOR_IN_2_32_FOR'
# define GLIB_DEPRECATED_ENUMERATOR_IN_2_32_FOR(f)   GLIB_DEPRECATED_ENUMERATOR_FOR(f)
                                                     ^
/usr/include/glib-2.0/glib/gmacros.h:1002:43: note: expanded from macro 'GLIB_DEPRECATED_ENUMERATOR_FOR'
#define GLIB_DEPRECATED_ENUMERATOR_FOR(f) G_DEPRECATED_FOR(f)
                                          ^
/usr/include/glib-2.0/glib/gmacros.h:950:44: note: expanded from macro 'G_DEPRECATED_FOR'
#define G_DEPRECATED_FOR(f) __attribute__((__deprecated__("Use '" #f "' instead")))
                                           ^
2 warnings generated.
echo [ CC GLog.c ]
[ CC GLog.c ]
x86_64-linux-gnu-gcc -c  -I. -I/usr/include/glib-2.0 -I/usr/lib/x86_64-linux-gnu/glib-2.0/include -pthread -D_REENTRANT -D_GNU_SOURCE -DDEBIAN -fwrapv -fno-strict-aliasing -pipe -I/usr/local/include -D_LARGEFILE_SOURCE -D_FILE_OFFSET_BITS=64 -g -O2 -fdebug-prefix-map=/<<PKGBUILDDIR>>=. -fstack-protector-strong -Wformat -Werror=format-security -Wdate-time -D_FORTIFY_SOURCE=2   -DVERSION=\"1.3292\" -DXS_VERSION=\"1.3292\" -o GLog.o -fPIC "-I/usr/lib/x86_64-linux-gnu/perl/5.30/CORE"   GLog.c
echo [ CC GType.c ]
[ CC GType.c ]
x86_64-linux-gnu-gcc -c  -I. -I/usr/include/glib-2.0 -I/usr/lib/x86_64-linux-gnu/glib-2.0/include -pthread -D_REENTRANT -D_GNU_SOURCE -DDEBIAN -fwrapv -fno-strict-aliasing -pipe -I/usr/local/include -D_LARGEFILE_SOURCE -D_FILE_OFFSET_BITS=64 -g -O2 -fdebug-prefix-map=/<<PKGBUILDDIR>>=. -fstack-protector-strong -Wformat -Werror=format-security -Wdate-time -D_FORTIFY_SOURCE=2   -DVERSION=\"1.3292\" -DXS_VERSION=\"1.3292\" -o GType.o -fPIC "-I/usr/lib/x86_64-linux-gnu/perl/5.30/CORE"   GType.c
GUtils.c:336:9: warning: assigning to 'gchar_own *' (aka 'char *') from 'const gchar *' (aka 'const char *') discards qualifiers [-Wincompatible-pointer-types-discards-qualifiers]
        RETVAL = g_get_prgname();
               ^ ~~~~~~~~~~~~~~~
echo [ CC GBoxed.c ]
[ CC GBoxed.c ]
x86_64-linux-gnu-gcc -c  -I. -I/usr/include/glib-2.0 -I/usr/lib/x86_64-linux-gnu/glib-2.0/include -pthread -D_REENTRANT -D_GNU_SOURCE -DDEBIAN -fwrapv -fno-strict-aliasing -pipe -I/usr/local/include -D_LARGEFILE_SOURCE -D_FILE_OFFSET_BITS=64 -g -O2 -fdebug-prefix-map=/<<PKGBUILDDIR>>=. -fstack-protector-strong -Wformat -Werror=format-security -Wdate-time -D_FORTIFY_SOURCE=2   -DVERSION=\"1.3292\" -DXS_VERSION=\"1.3292\" -o GBoxed.o -fPIC "-I/usr/lib/x86_64-linux-gnu/perl/5.30/CORE"   GBoxed.c
1 warning generated.
echo [ CC GObject.c ]
[ CC GObject.c ]
x86_64-linux-gnu-gcc -c  -I. -I/usr/include/glib-2.0 -I/usr/lib/x86_64-linux-gnu/glib-2.0/include -pthread -D_REENTRANT -D_GNU_SOURCE -DDEBIAN -fwrapv -fno-strict-aliasing -pipe -I/usr/local/include -D_LARGEFILE_SOURCE -D_FILE_OFFSET_BITS=64 -g -O2 -fdebug-prefix-map=/<<PKGBUILDDIR>>=. -fstack-protector-strong -Wformat -Werror=format-security -Wdate-time -D_FORTIFY_SOURCE=2   -DVERSION=\"1.3292\" -DXS_VERSION=\"1.3292\" -o GObject.o -fPIC "-I/usr/lib/x86_64-linux-gnu/perl/5.30/CORE"   GObject.c
echo [ CC GValue.c ]
[ CC GValue.c ]
x86_64-linux-gnu-gcc -c  -I. -I/usr/include/glib-2.0 -I/usr/lib/x86_64-linux-gnu/glib-2.0/include -pthread -D_REENTRANT -D_GNU_SOURCE -DDEBIAN -fwrapv -fno-strict-aliasing -pipe -I/usr/local/include -D_LARGEFILE_SOURCE -D_FILE_OFFSET_BITS=64 -g -O2 -fdebug-prefix-map=/<<PKGBUILDDIR>>=. -fstack-protector-strong -Wformat -Werror=format-security -Wdate-time -D_FORTIFY_SOURCE=2   -DVERSION=\"1.3292\" -DXS_VERSION=\"1.3292\" -o GValue.o -fPIC "-I/usr/lib/x86_64-linux-gnu/perl/5.30/CORE"   GValue.c
echo [ CC GClosure.c ]
[ CC GClosure.c ]
x86_64-linux-gnu-gcc -c  -I. -I/usr/include/glib-2.0 -I/usr/lib/x86_64-linux-gnu/glib-2.0/include -pthread -D_REENTRANT -D_GNU_SOURCE -DDEBIAN -fwrapv -fno-strict-aliasing -pipe -I/usr/local/include -D_LARGEFILE_SOURCE -D_FILE_OFFSET_BITS=64 -g -O2 -fdebug-prefix-map=/<<PKGBUILDDIR>>=. -fstack-protector-strong -Wformat -Werror=format-security -Wdate-time -D_FORTIFY_SOURCE=2   -DVERSION=\"1.3292\" -DXS_VERSION=\"1.3292\" -o GClosure.o -fPIC "-I/usr/lib/x86_64-linux-gnu/perl/5.30/CORE"   GClosure.c
GObject.xs:1331:2: warning: 'GParameter' is deprecated [-Wdeprecated-declarations]
        GParameter * params = NULL;
        ^
/usr/include/glib-2.0/gobject/gparam.h:194:39: note: 'GParameter' has been explicitly marked deprecated here
typedef struct _GParameter      GParameter GLIB_DEPRECATED_TYPE_IN_2_54;
                                           ^
/usr/include/glib-2.0/glib/gversionmacros.h:770:49: note: expanded from macro 'GLIB_DEPRECATED_TYPE_IN_2_54'
# define GLIB_DEPRECATED_TYPE_IN_2_54           GLIB_DEPRECATED_TYPE
                                                ^
/usr/include/glib-2.0/glib/gmacros.h:1013:30: note: expanded from macro 'GLIB_DEPRECATED_TYPE'
#define GLIB_DEPRECATED_TYPE G_DEPRECATED
                             ^
/usr/include/glib-2.0/glib/gmacros.h:942:37: note: expanded from macro 'G_DEPRECATED'
#define G_DEPRECATED __attribute__((__deprecated__))
                                    ^
GObject.xs:1352:20: warning: 'GParameter' is deprecated [-Wdeprecated-declarations]
                params = g_new0 (GParameter, n_params);
                                 ^
/usr/include/glib-2.0/gobject/gparam.h:194:39: note: 'GParameter' has been explicitly marked deprecated here
typedef struct _GParameter      GParameter GLIB_DEPRECATED_TYPE_IN_2_54;
                                           ^
/usr/include/glib-2.0/glib/gversionmacros.h:770:49: note: expanded from macro 'GLIB_DEPRECATED_TYPE_IN_2_54'
# define GLIB_DEPRECATED_TYPE_IN_2_54           GLIB_DEPRECATED_TYPE
                                                ^
/usr/include/glib-2.0/glib/gmacros.h:1013:30: note: expanded from macro 'GLIB_DEPRECATED_TYPE'
#define GLIB_DEPRECATED_TYPE G_DEPRECATED
                             ^
/usr/include/glib-2.0/glib/gmacros.h:942:37: note: expanded from macro 'G_DEPRECATED'
#define G_DEPRECATED __attribute__((__deprecated__))
                                    ^
GObject.xs:1352:20: warning: 'GParameter' is deprecated [-Wdeprecated-declarations]
                params = g_new0 (GParameter, n_params);
                                 ^
/usr/include/glib-2.0/gobject/gparam.h:194:39: note: 'GParameter' has been explicitly marked deprecated here
typedef struct _GParameter      GParameter GLIB_DEPRECATED_TYPE_IN_2_54;
                                           ^
/usr/include/glib-2.0/glib/gversionmacros.h:770:49: note: expanded from macro 'GLIB_DEPRECATED_TYPE_IN_2_54'
# define GLIB_DEPRECATED_TYPE_IN_2_54           GLIB_DEPRECATED_TYPE
                                                ^
/usr/include/glib-2.0/glib/gmacros.h:1013:30: note: expanded from macro 'GLIB_DEPRECATED_TYPE'
#define GLIB_DEPRECATED_TYPE G_DEPRECATED
                             ^
/usr/include/glib-2.0/glib/gmacros.h:942:37: note: expanded from macro 'G_DEPRECATED'
#define G_DEPRECATED __attribute__((__deprecated__))
                                    ^
GObject.xs:1383:11: warning: 'g_object_newv' is deprecated: Use 'g_object_new_with_properties' instead [-Wdeprecated-declarations]
        object = g_object_newv (object_type, n_params, params);
                 ^
/usr/include/glib-2.0/gobject/gobject.h:430:1: note: 'g_object_newv' has been explicitly marked deprecated here
GLIB_DEPRECATED_IN_2_54_FOR(g_object_new_with_properties)
^
/usr/include/glib-2.0/glib/gversionmacros.h:765:49: note: expanded from macro 'GLIB_DEPRECATED_IN_2_54_FOR'
# define GLIB_DEPRECATED_IN_2_54_FOR(f)         GLIB_DEPRECATED_FOR(f)
                                                ^
/usr/include/glib-2.0/glib/gmacros.h:981:32: note: expanded from macro 'GLIB_DEPRECATED_FOR'
#define GLIB_DEPRECATED_FOR(f) G_DEPRECATED_FOR(f) _GLIB_EXTERN
                               ^
/usr/include/glib-2.0/glib/gmacros.h:950:44: note: expanded from macro 'G_DEPRECATED_FOR'
#define G_DEPRECATED_FOR(f) __attribute__((__deprecated__("Use '" #f "' instead")))
                                           ^
echo [ CC GSignal.c ]
[ CC GSignal.c ]
x86_64-linux-gnu-gcc -c  -I. -I/usr/include/glib-2.0 -I/usr/lib/x86_64-linux-gnu/glib-2.0/include -pthread -D_REENTRANT -D_GNU_SOURCE -DDEBIAN -fwrapv -fno-strict-aliasing -pipe -I/usr/local/include -D_LARGEFILE_SOURCE -D_FILE_OFFSET_BITS=64 -g -O2 -fdebug-prefix-map=/<<PKGBUILDDIR>>=. -fstack-protector-strong -Wformat -Werror=format-security -Wdate-time -D_FORTIFY_SOURCE=2   -DVERSION=\"1.3292\" -DXS_VERSION=\"1.3292\" -o GSignal.o -fPIC "-I/usr/lib/x86_64-linux-gnu/perl/5.30/CORE"   GSignal.c
4 warnings generated.
echo [ CC GMainLoop.c ]
[ CC GMainLoop.c ]
x86_64-linux-gnu-gcc -c  -I. -I/usr/include/glib-2.0 -I/usr/lib/x86_64-linux-gnu/glib-2.0/include -pthread -D_REENTRANT -D_GNU_SOURCE -DDEBIAN -fwrapv -fno-strict-aliasing -pipe -I/usr/local/include -D_LARGEFILE_SOURCE -D_FILE_OFFSET_BITS=64 -g -O2 -fdebug-prefix-map=/<<PKGBUILDDIR>>=. -fstack-protector-strong -Wformat -Werror=format-security -Wdate-time -D_FORTIFY_SOURCE=2   -DVERSION=\"1.3292\" -DXS_VERSION=\"1.3292\" -o GMainLoop.o -fPIC "-I/usr/lib/x86_64-linux-gnu/perl/5.30/CORE"   GMainLoop.c
echo [ CC GIOChannel.c ]
[ CC GIOChannel.c ]
x86_64-linux-gnu-gcc -c  -I. -I/usr/include/glib-2.0 -I/usr/lib/x86_64-linux-gnu/glib-2.0/include -pthread -D_REENTRANT -D_GNU_SOURCE -DDEBIAN -fwrapv -fno-strict-aliasing -pipe -I/usr/local/include -D_LARGEFILE_SOURCE -D_FILE_OFFSET_BITS=64 -g -O2 -fdebug-prefix-map=/<<PKGBUILDDIR>>=. -fstack-protector-strong -Wformat -Werror=format-security -Wdate-time -D_FORTIFY_SOURCE=2   -DVERSION=\"1.3292\" -DXS_VERSION=\"1.3292\" -o GIOChannel.o -fPIC "-I/usr/lib/x86_64-linux-gnu/perl/5.30/CORE"   GIOChannel.c
echo [ CC GParamSpec.c ]
[ CC GParamSpec.c ]
x86_64-linux-gnu-gcc -c  -I. -I/usr/include/glib-2.0 -I/usr/lib/x86_64-linux-gnu/glib-2.0/include -pthread -D_REENTRANT -D_GNU_SOURCE -DDEBIAN -fwrapv -fno-strict-aliasing -pipe -I/usr/local/include -D_LARGEFILE_SOURCE -D_FILE_OFFSET_BITS=64 -g -O2 -fdebug-prefix-map=/<<PKGBUILDDIR>>=. -fstack-protector-strong -Wformat -Werror=format-security -Wdate-time -D_FORTIFY_SOURCE=2   -DVERSION=\"1.3292\" -DXS_VERSION=\"1.3292\" -o GParamSpec.o -fPIC "-I/usr/lib/x86_64-linux-gnu/perl/5.30/CORE"   GParamSpec.c
echo [ CC GKeyFile.c ]
[ CC GKeyFile.c ]
x86_64-linux-gnu-gcc -c  -I. -I/usr/include/glib-2.0 -I/usr/lib/x86_64-linux-gnu/glib-2.0/include -pthread -D_REENTRANT -D_GNU_SOURCE -DDEBIAN -fwrapv -fno-strict-aliasing -pipe -I/usr/local/include -D_LARGEFILE_SOURCE -D_FILE_OFFSET_BITS=64 -g -O2 -fdebug-prefix-map=/<<PKGBUILDDIR>>=. -fstack-protector-strong -Wformat -Werror=format-security -Wdate-time -D_FORTIFY_SOURCE=2   -DVERSION=\"1.3292\" -DXS_VERSION=\"1.3292\" -o GKeyFile.o -fPIC "-I/usr/lib/x86_64-linux-gnu/perl/5.30/CORE"   GKeyFile.c
GParamSpec.xs:240:29: warning: Deprecated pre-processor symbol [-W#pragma-messages]
        gperl_register_param_spec (G_TYPE_PARAM_VALUE_ARRAY, "Glib::Param::ValueArray");
                                   ^
/usr/include/glib-2.0/gobject/gparamspecs.h:455:62: note: expanded from macro 'G_TYPE_PARAM_VALUE_ARRAY'
#define G_TYPE_PARAM_VALUE_ARRAY           (g_param_spec_types[18]) GLIB_DEPRECATED_MACRO_IN_2_32
                                                                    ^
/usr/include/glib-2.0/glib/gversionmacros.h:418:49: note: expanded from macro 'GLIB_DEPRECATED_MACRO_IN_2_32'
# define GLIB_DEPRECATED_MACRO_IN_2_32          GLIB_DEPRECATED_MACRO
                                                ^
/usr/include/glib-2.0/glib/gmacros.h:989:31: note: expanded from macro 'GLIB_DEPRECATED_MACRO'
#define GLIB_DEPRECATED_MACRO _GLIB_GNUC_DO_PRAGMA(GCC warning "Deprecated pre-processor symbol")
                              ^
/usr/include/glib-2.0/glib/gmacros.h:988:33: note: expanded from macro '_GLIB_GNUC_DO_PRAGMA'
#define _GLIB_GNUC_DO_PRAGMA(x) _Pragma(G_STRINGIFY (x))
                                ^
<scratch space>:27:6: note: expanded from here
 GCC warning "Deprecated pre-processor symbol"
     ^
echo [ CC GOption.c ]
[ CC GOption.c ]
x86_64-linux-gnu-gcc -c  -I. -I/usr/include/glib-2.0 -I/usr/lib/x86_64-linux-gnu/glib-2.0/include -pthread -D_REENTRANT -D_GNU_SOURCE -DDEBIAN -fwrapv -fno-strict-aliasing -pipe -I/usr/local/include -D_LARGEFILE_SOURCE -D_FILE_OFFSET_BITS=64 -g -O2 -fdebug-prefix-map=/<<PKGBUILDDIR>>=. -fstack-protector-strong -Wformat -Werror=format-security -Wdate-time -D_FORTIFY_SOURCE=2   -DVERSION=\"1.3292\" -DXS_VERSION=\"1.3292\" -o GOption.o -fPIC "-I/usr/lib/x86_64-linux-gnu/perl/5.30/CORE"   GOption.c
echo [ CC GBookmarkFile.c ]
[ CC GBookmarkFile.c ]
x86_64-linux-gnu-gcc -c  -I. -I/usr/include/glib-2.0 -I/usr/lib/x86_64-linux-gnu/glib-2.0/include -pthread -D_REENTRANT -D_GNU_SOURCE -DDEBIAN -fwrapv -fno-strict-aliasing -pipe -I/usr/local/include -D_LARGEFILE_SOURCE -D_FILE_OFFSET_BITS=64 -g -O2 -fdebug-prefix-map=/<<PKGBUILDDIR>>=. -fstack-protector-strong -Wformat -Werror=format-security -Wdate-time -D_FORTIFY_SOURCE=2   -DVERSION=\"1.3292\" -DXS_VERSION=\"1.3292\" -o GBookmarkFile.o -fPIC "-I/usr/lib/x86_64-linux-gnu/perl/5.30/CORE"   GBookmarkFile.c
GOption.xs:52:3: warning: 'g_option_group_free' is deprecated [-Wdeprecated-declarations]
                g_option_group_free (group);
                ^
/usr/include/glib-2.0/glib/goption.h:368:1: note: 'g_option_group_free' has been explicitly marked deprecated here
GLIB_DEPRECATED_IN_2_44
^
/usr/include/glib-2.0/glib/gversionmacros.h:608:49: note: expanded from macro 'GLIB_DEPRECATED_IN_2_44'
# define GLIB_DEPRECATED_IN_2_44                GLIB_DEPRECATED
                                                ^
/usr/include/glib-2.0/glib/gmacros.h:980:25: note: expanded from macro 'GLIB_DEPRECATED'
#define GLIB_DEPRECATED G_DEPRECATED _GLIB_EXTERN
                        ^
/usr/include/glib-2.0/glib/gmacros.h:942:37: note: expanded from macro 'G_DEPRECATED'
#define G_DEPRECATED __attribute__((__deprecated__))
                                    ^
1 warning generated.
echo [ CC GVariant.c ]
[ CC GVariant.c ]
x86_64-linux-gnu-gcc -c  -I. -I/usr/include/glib-2.0 -I/usr/lib/x86_64-linux-gnu/glib-2.0/include -pthread -D_REENTRANT -D_GNU_SOURCE -DDEBIAN -fwrapv -fno-strict-aliasing -pipe -I/usr/local/include -D_LARGEFILE_SOURCE -D_FILE_OFFSET_BITS=64 -g -O2 -fdebug-prefix-map=/<<PKGBUILDDIR>>=. -fstack-protector-strong -Wformat -Werror=format-security -Wdate-time -D_FORTIFY_SOURCE=2   -DVERSION=\"1.3292\" -DXS_VERSION=\"1.3292\" -o GVariant.o -fPIC "-I/usr/lib/x86_64-linux-gnu/perl/5.30/CORE"   GVariant.c
1 warning generated.
echo Creating XS API documentation...
Creating XS API documentation...
"/usr/bin/perl" apidoc.pl xsapi.pod.head xsapi.pod.foot build/doc.pl > blib/lib/Glib/xsapi.pod
true
true
rm -f blib/arch/auto/Glib/Glib.so
echo [ LD blib/arch/auto/Glib/Glib.so ]
[ LD blib/arch/auto/Glib/Glib.so ]
x86_64-linux-gnu-gcc -g -O2 -fdebug-prefix-map=/<<PKGBUILDDIR>>=. -fstack-protector-strong -Wformat -Werror=format-security -Wl,-z,relro -Wl,-z,now  -shared -L/usr/local/lib -fstack-protector-strong  Glib.o GError.o GUtils.o GLog.o GType.o GBoxed.o GObject.o GValue.o GClosure.o GSignal.o GMainLoop.o GIOChannel.o GParamSpec.o GKeyFile.o GOption.o GBookmarkFile.o GVariant.o gperl-gtypes.o  -o blib/arch/auto/Glib/Glib.so  \
   -lgobject-2.0 -lglib-2.0 -lgthread-2.0   \
  
chmod 755 blib/arch/auto/Glib/Glib.so
true
touch build/blib_done_dynamic
true
echo Generating POD...
true
Generating POD...
"/usr/bin/perl" -I blib/lib -I blib/arch -MGlib::GenPod -MGlib \
	-e "add_types (qq(doctypes));  Glib::GenPod::set_copyright(qq/Copyright (C) 2003-2011 by the gtk2-perl team.\n\nThis software is licensed under the LGPL.  See L<Glib> for a full notice.\n/); Glib::GenPod::set_main_mod(qq(Glib));  xsdoc2pod(q(build/doc.pl), q(blib/lib), q(build/podindex));"
true
true
Loaded 8 extra types from doctypes
echo Creating POD index...
Creating POD index...
"/usr/bin/perl" -e "print qq(\n=head1 NAME\n\nGlib \\- API Reference Pod Index\n\n=head1 PAGES\n\n=over\n\n)" \
	> blib/lib/Glib/index.pod
"/usr/bin/perl" -ne "print q(=item L<) . (split q( ))[1] . qq(>\n\n);" < build/podindex >> blib/lib/Glib/index.pod
"/usr/bin/perl" -e "print qq(=back\n\n);" >> blib/lib/Glib/index.pod
"/usr/bin/perl" "-MExtUtils::Command::MM" -e pod2man "--" --section=3pm --perm_rw=644 -u \
  blib/lib/Glib/index.pod blib/man3/Glib::index.3pm \
  blib/lib/Glib/xsapi.pod blib/man3/Glib::xsapi.3pm \
  blib/lib/Glib/BookmarkFile.pod blib/man3/Glib::BookmarkFile.3pm \
  blib/lib/Glib/Boxed.pod blib/man3/Glib::Boxed.3pm \
  blib/lib/Glib/Bytes.pod blib/man3/Glib::Bytes.3pm \
  blib/lib/Glib/Error.pod blib/man3/Glib::Error.3pm \
  blib/lib/Glib/Flags.pod blib/man3/Glib::Flags.3pm \
  blib/lib/Glib/KeyFile.pod blib/man3/Glib::KeyFile.3pm \
  blib/lib/Glib/Log.pod blib/man3/Glib::Log.3pm \
  blib/lib/Glib/MainLoop.pod blib/man3/Glib::MainLoop.3pm \
  blib/lib/Glib/Markup.pod blib/man3/Glib::Markup.3pm \
  blib/lib/Glib/Object.pod blib/man3/Glib::Object.3pm \
  blib/lib/Glib/OptionContext.pod blib/man3/Glib::OptionContext.3pm \
  blib/lib/Glib/OptionGroup.pod blib/man3/Glib::OptionGroup.3pm \
  blib/lib/Glib/Param/Boolean.pod blib/man3/Glib::Param::Boolean.3pm \
  blib/lib/Glib/Param/Double.pod blib/man3/Glib::Param::Double.3pm \
  blib/lib/Glib/Param/Enum.pod blib/man3/Glib::Param::Enum.3pm \
  blib/lib/Glib/Param/Flags.pod blib/man3/Glib::Param::Flags.3pm \
  blib/lib/Glib/Param/GType.pod blib/man3/Glib::Param::GType.3pm \
  blib/lib/Glib/Param/Int.pod blib/man3/Glib::Param::Int.3pm \
  blib/lib/Glib/Param/Int64.pod blib/man3/Glib::Param::Int64.3pm \
  blib/lib/Glib/Param/String.pod blib/man3/Glib::Param::String.3pm \
  blib/lib/Glib/Param/UInt.pod blib/man3/Glib::Param::UInt.3pm \
  blib/lib/Glib/Param/UInt64.pod blib/man3/Glib::Param::UInt64.3pm \
  blib/lib/Glib/Param/Unichar.pod blib/man3/Glib::Param::Unichar.3pm \
  blib/lib/Glib/ParamSpec.pod blib/man3/Glib::ParamSpec.3pm \
  blib/lib/Glib/Signal.pod blib/man3/Glib::Signal.3pm \
  blib/lib/Glib/Type.pod blib/man3/Glib::Type.3pm \
  blib/lib/Glib/Utils.pod blib/man3/Glib::Utils.3pm \
  blib/lib/Glib/Variant.pod blib/man3/Glib::Variant.3pm \
  blib/lib/Glib/VariantDict.pod blib/man3/Glib::VariantDict.3pm \
  blib/lib/Glib/VariantType.pod blib/man3/Glib::VariantType.3pm \
  blib/lib/Glib/version.pod blib/man3/Glib::version.3pm \
  devel.pod blib/man3/Glib::devel.3pm \
  lib/Glib.pm blib/man3/Glib.3pm \
  lib/Glib/CodeGen.pm blib/man3/Glib::CodeGen.3pm \
  lib/Glib/GenPod.pm blib/man3/Glib::GenPod.3pm 
Manifying 37 pod documents
"/usr/bin/perl" "-MExtUtils::Command::MM" -e pod2man "--" --section=3pm --perm_rw=644 -u \
  lib/Glib/MakeHelper.pm blib/man3/Glib::MakeHelper.3pm \
  lib/Glib/Object/Subclass.pm blib/man3/Glib::Object::Subclass.3pm \
  lib/Glib/ParseXSDoc.pm blib/man3/Glib::ParseXSDoc.3pm 
Manifying 3 pod documents
true
true
make[1]: Leaving directory '/<<PKGBUILDDIR>>'
   dh_auto_test
	make -j4 test TEST_VERBOSE=1
make[1]: Entering directory '/<<PKGBUILDDIR>>'
true
rm -rf blib/arch/auto/Glib/Glib.bs
"/usr/bin/perl" -MExtUtils::Command::MM -e 'cp_nonempty' -- Glib.bs blib/arch/auto/Glib/Glib.bs 644
true
true
true
true
true
true
true
true
PERL_DL_NONLAZY=1 "/usr/bin/perl" "-MExtUtils::Command::MM" "-MTest::Harness" "-e" "undef *Test::Harness::Switches; test_harness(1, 'blib/lib', 'blib/arch')" t/*.t
t/1.t ...................... 
1..28
ok 1 - use Glib;
ok 2 - major_version
ok 3 - minor_version
ok 4 - micro_version
ok 5 - CHECK_VERSION pass
ok 6 - CHECK_VERSION fail
Glib was compiled for glib version 2.62.4
ok 7 - version info list is 3 items long
ok 8 - MAJOR_VERSION
ok 9 - MINOR_VERSION
ok 10 - MICRO_VERSION
ok 11 - Glib::get_user_name
ok 12 - Glib::get_real_name
ok 13 - Glib::get_home_dir
ok 14 - Glib::get_tmp_dir
ok 15 - before any calls to anything
ok 16
ok 17 - before any calls to anything
ok 18
ok 19
ok 20
ok 21
ok 22
ok 23
ok 24
ok 25
ok 26
ok 27
ok 28
ok
t/2.t ...................... 
1..10
ok 1 - use Glib;
ok 2 - An object of class 'Glib::Object' isa 'Glib::Object'
ok 3
ok 4 - An object of class 'Glib::Object' isa 'Glib::Object'
ok 5 - An object of class 'Glib::Object' isa 'Glib::Object'
ok 6
ok 7 - An object of class 'Glib::Object' isa 'Glib::Object'
ok 8
ok 9
ok 10
ok
t/3.t ...................... 
1..6
ok 1
ok 2
ok 3
ok 4
ok 5
ok 6
ok
t/4.t ...................... 
1..17
ok 1
ok 2 - Foo::INIT_INSTANCE
ok 3 - Bar::INIT_INSTANCE
ok 4 - Foo::SET_PROPERTY
ok 5
ok 6 - Foo::GET_PROPERTY
ok 7
ok 8 - Bar::FINALIZE_INSTANCE
ok 9 - Foo::FINALIZE_INSTANCE
ok 10
ok 11
ok 12
ok 13
ok 14 - property count for parent
ok 15 - property count for child
ok 16 - ancestry for Bar
ok 17 - package_from_cname
ok
t/5.t ...................... 
1..10
ok 1
ok 2
ok 3
ok 4
ok 5
ok 6
ok 7
ok 8
ok 9
ok 10
ok
t/6.t ...................... 
1..31
ok 1 - one_base
ok 2 - two_base
ok 3 - one_base
ok 4 - three_base
ok 5 - one_base
ok 6 - two_base
ok 7 - four_base
ok 8 - one_inst
ok 9 - two_inst
ok 10 - four_inst
ok 11 - one_inst
ok 12 - one_inst
ok 13 - two_inst
ok 14 - one_inst
ok 15 - three_inst
ok 16 - member
ok 17 - member
ok 18 - member
ok 19 - member
ok 20 - member
ok 21 - member
ok 22 - member
ok 23 - member
ok 24 - signal
ok 25 - signal
ok 26 - signal
ok 27 - signal
ok 28 - signal
ok 29 - signal
ok 30 - signal
ok 31 - signal
ok
t/64bit.t .................. 
1..12
ok 1 - An object of class 'Glib::Param::Int64' isa 'Glib::Param::Int64'
ok 2
ok 3
ok 4
ok 5 - An object of class 'Glib::Param::UInt64' isa 'Glib::Param::UInt64'
ok 6
ok 7
ok 8
ok 9
ok 10
ok 11
ok 12
ok
t/7.t ...................... 
1..36
ok 1 - Glib compiled
ok 2 - instantiated MyClass
ok 3 - connected handlers


===============================================================================
emitting: something_changed
ok 4 - func_a
ok 5 - func_b

-------------------------------------------------------------------------------
ok 6


===============================================================================
emitting: something_changed
ok 7 - func_b again

-------------------------------------------------------------------------------
ok 8
ok 9


===============================================================================
emitting: something_changed

-------------------------------------------------------------------------------


===============================================================================
emitting: test_marshaler (closure exists)
ok 10 - signal_emit barfs on bad input


===============================================================================
emitting: test_marshaler (closure exists)
# $@ 
# do_test_marshaller: MyClass=HASH(0x561bdeba5cb0) foo 1 15 MyClass=HASH(0x561bdeba5cb0)

-------------------------------------------------------------------------------
ok 11
ok 12


===============================================================================
emitting: test_marshaler (closure exists)
ok 13 - marshalling
# $@ 
# do_test_marshaller: MyClass=HASH(0x561bdeba5cb0) foo 1 15 MyClass=HASH(0x561bdeba5cb0)

-------------------------------------------------------------------------------
ok 14
ok 15 - installed exception handler
# before invocation: $@ neener neener neener


===============================================================================
emitting: test_marshaler (closure exists)
ok 16 - exception_handler
# $@ 
# do_test_marshaller: MyClass=HASH(0x561bdeba5cb0) foo 1 4154 MyClass=HASH(0x561bdeba5cb0)

-------------------------------------------------------------------------------
# after invocation: $@ neener neener neener
ok 17 - still alive after an exception in a callback
ok 18 - neener neener neener is preserved across signals


===============================================================================
emitting: test_marshaler (closure exists)
ok 19 - string value isn't numeric
ok 20 - unhandled exception just warns
# $@ 
# do_test_marshaller: MyClass=HASH(0x561bdeba5cb0) foo 1 0 MyClass=HASH(0x561bdeba5cb0)

-------------------------------------------------------------------------------
ok 21
ok 22


===============================================================================
emitting: returner (closure exists)
ok 23
ok 24
ok 25

-------------------------------------------------------------------------------
ok 26
ok 27


===============================================================================
emitting: list_returner
ok 28
# in accumulator, got 10, previously undef
ok 29
# in accumulator, got 15, previously ARRAY(0x561bdf3e5968)
ok 30
# in accumulator, got ARRAY(0x561bdf3e6028), previously ARRAY(0x561bdf3e5968)
ok 31
# in accumulator, got HASH(0x561bdf3e5a88), previously ARRAY(0x561bdf3e5968)
ok 32 - hello from the class closure
# in accumulator, got -1, previously ARRAY(0x561bdf3e5968)
ok 33 - stopper
# in accumulator, got 42, previously ARRAY(0x561bdf3e5968)

-------------------------------------------------------------------------------
$VAR1 = [
          10,
          '15',
          [
            20
          ],
          {
            'thing' => 25
          },
          -1,
          42
        ];
ok 34 - 'nosuchsignal' not connected
ok 35 - subr gc'ed after bad signal name
ok 36
ok
t/8.t ...................... 
1..33
ok 1 - use Glib;
ok 2 - installed exception handler
ok 3 - installed an additional handler
ok 4 - calling second
ok 5 - signal handlers are eval'd so $@ should always be empty
ok 6 - in second handler, dying with 'ouch\n'
ok 7 - trapped exception 'ouch\n'
*** died in an exception handler:
***   oh crap, another exception!
***   this one has multiple lines!
***   append something at t/8.t line 40.
***  ignoring at t/8.t line 27.
ok 8 - saw ouch, uninstalling
ok 9 - handler may die, but we shouldn't be affected
ok 10 - we should not clobber $_
ok 11 - calling second in eval
ok 12 - signal handlers are eval'd so $@ should always be empty
ok 13 - in second handler, dying with 'ouch\n'
*** unhandled exception in callback:
***   ouch
***  ignoring at t/8.t line 27.
ok 14 - handler may die, but we shouldn't be affected
ok 15 - exception should be cleared already
ok 16 - calling first
ok 17 - in first handler, calling second
ok 18 - signal handlers are eval'd so $@ should always be empty
ok 19 - in second handler, dying with 'ouch\n'
*** unhandled exception in callback:
***   ouch
***  ignoring at t/8.t line 27.
ok 20 - handler may die, but we shouldn't
ok 21 - after eval
 # calling first out of eval - should not result in crash
ok 22 - in first handler, calling second
ok 23 - signal handlers are eval'd so $@ should always be empty
ok 24 - in second handler, dying with 'ouch\n'
*** unhandled exception in callback:
***   ouch
***  ignoring at t/8.t line 27.
ok 25 - handler may die, but we shouldn't
ok 26 - signal handlers are eval'd so $@ should always be empty
ok 27 - in second handler, dying with 'ouch\n'
*** unhandled exception in callback:
***   ouch
***  ignoring at t/8.t line 27.
ok 28 - exception value should remain unchanged
ok 29 - in first handler, calling second
ok 30 - signal handlers are eval'd so $@ should always be empty
ok 31 - in second handler, dying with 'ouch\n'
*** unhandled exception in callback:
***   ouch
***  ignoring at t/8.t line 27.
ok 32 - handler may die, but we shouldn't
ok 33 - exception value should remain unchanged
ok
t/9.t ...................... 
1..30
ok 1
ok 2
ok 3 - running in eval
ok 4 - idle one-shot
ok 5 - another idle, but this one dies
ok 6 - in __DIE__ handler
ok 7
ok 8
ok 9 - running in eval
ok 10 - dying with 'waugh'
ok 11 - killing loop from exception handler
ok 12
ok 13 - running in eval
ok 14 - eof, dying with 'done\n'
ok 15 - ALRM handler
ok 16 - 1 sec alarm handler fires before 5 sec timeout
ok 17
ok 18
ok 19
ok 20
ok 21
ok 22
ok 23
ok 24
ok 25 - in timeout handler
ok 26 - child userdata kept alive
ok 27 - child source removal
ok 28 - child userdata now gone
ok 29 - child callback userdata value
ok 30 - child callback
ok
t/a.t ...................... 
1..30
ok 1 - in __WARN__: Message **: whee message at t/a.t line 34.
ok 2 - in __WARN__: CRITICAL **: whee critical at t/a.t line 35.
ok 3 - in __WARN__: WARNING **: whee warning at t/a.t line 36.
ok 4 - in custom handler message
ok 5 - in custom handler critical
ok 6 - in custom handler warning
ok 7 - in custom handler warning
ok 8 - in custom handler debug
ok 9 - in custom handler info
ok 10 - default log handler: install undef, prev default
ok 11 - default log handler: install default, prev default
ok 12 - default log handler: install sub1, prev default
ok 13 - sub1 arg count
ok 14 - sub1 domain
ok 15 - 'sub1 flags type' isa 'Glib::LogLevelFlags'
ok 16 - sub1 flags value
ok 17 - sub1 message
ok 18 - default log handler: install sub2, prev sub1
ok 19 - sub1 garbage collected by weakening
ok 20 - sub2 arg count
ok 21 - sub2 domain
ok 22 - 'sub2 flags type' isa 'Glib::LogLevelFlags'
ok 23 - sub2 flags value
ok 24 - sub2 message
ok 25 - sub2 userdata
ok 26 - default log handler: install undef, prev sub2
ok 27 - default log handler: install undef, prev default
ok 28 - attempting to connect a non-existant signal
ok 29 - should warn
ok 30 - a message with % chars
ok
t/b.t ...................... 
1..8
ok 1 - use Glib;
ok 2 - $obj->tie_properites
ok 3 - $obj->{some_string} empty
ok 4 - $obj->{read_string} empty
ok 5 - $obj->{read_string} read only croak
ok 6 - $obj->{some_string} 42
ok 7 - $obj->{read_string} empty
ok 8 - $obj->{some_scalar} hello
ok
t/boxed_errors.t ........... 
1..5
ok 1
ok 2
ok 3 - An object of class 'Glib::File::Error' isa 'Glib::File::Error'
ok 4
ok 5
ok
t/bytes.t .................. 
1..13
ok 1 - An object of class 'Glib::Bytes' isa 'Glib::Bytes'
ok 2 - An object of class 'Glib::Bytes' isa 'Glib::Boxed'
ok 3
ok 4
ok 5
ok 6
ok 7
ok 8 - "" overloading
ok 9 - eq overloading
ok 10 - length overloading
ok 11
ok 12
ok 13
ok
t/c.t ...................... 
1..57
ok 1 - use Glib;
ok 2 - An object of class 'Glib::ParamFlags' isa 'Glib::Flags'
ok 3 - An object of class 'Glib::ParamFlags' isa 'Glib::ParamFlags'
ok 4 - value
ok 5 - An object of class 'Glib::ParamFlags' isa 'Glib::Flags'
ok 6 - An object of class 'Glib::ParamFlags' isa 'Glib::ParamFlags'
ok 7 - value
ok 8 - An object of class 'Glib::ParamFlags' isa 'Glib::ParamFlags'
ok 9
ok 10 - Will croak on trying to create plain old Glib::Flags
ok 11 - overloaded +=
ok 12 - overloaded += leaves original unchanged
ok 13 - Glib::Flags::bool() func found
ok 14 - Glib::Flags::$method() no segfault if passed a non-reference
ok 15 - Glib::Flags::as_arrayref() func found
ok 16 - Glib::Flags::$method() no segfault if passed a non-reference
ok 17 - Glib::Flags::eq() func found
ok 18 - Glib::Flags::$method() no segfault if passed a non-reference
ok 19 - Glib::Flags::union() func found
ok 20 - Glib::Flags::$method() no segfault if passed a non-reference
ok 21 - Glib::Flags::sub() func found
ok 22 - Glib::Flags::$method() no segfault if passed a non-reference
ok 23 - Glib::Flags::intersect() func found
ok 24 - Glib::Flags::$method() no segfault if passed a non-reference
ok 25 - Glib::Flags::xor() func found
ok 26 - Glib::Flags::$method() no segfault if passed a non-reference
ok 27 - Glib::Flags::all() func found
ok 28 - Glib::Flags::$method() no segfault if passed a non-reference
ok 29 - register_enum
ok 30
ok 31 - register_flags
ok 32
ok 33 - failed register_enum with empty array ref
ok 34 - failed register_enum with undef
ok 35 - failed register_flag with empty array ref
ok 36 - failed register_flag with undef
ok 37 - list_interfaces
ok 38 - closure enum
ok 39 - closure flags
ok 40 - enum property
ok 41 - enum property, after set
ok 42 - flags property
ok 43 - flags property
ok 44 - flags property, boolean context
ok 45 - flags property, bool()
ok 46 - flags property, after set
ok 47 - & is overloaded
ok 48 - empty flags values do not croak
ok 49 - empty flags values work
ok 50 - empty flags @{}
ok 51 - empty flags, as_arrayref()
ok 52 - empty flags, boolean context
ok 53 - empty flags, bool()
ok 54 - == is overloaded
ok 55 - != is overloaded
ok 56 - eq is overloaded
ok 57 - ne is overloaded
ok
t/constants.t .............. 
1..9
ok 1 - TRUE
ok 2 - FALSE
ok 3 - G_PRIORITY_HIGH < G_PRIORITY_DEFAULT
ok 4 - G_PRIORITY_DEFAULT < G_PRIORITY_HIGH_IDLE
ok 5 - G_PRIORITY_HIGH_IDLE < G_PRIORITY_DEFAULT_IDLE
ok 6 - G_PRIORITY_DEFAULT_IDLE < G_PRIORITY_LOW
ok 7 - G_PARAM_READWRITE
ok 8 - SOURCE_CONTINUE
ok 9 - SOURCE_REMOVE
ok
t/d.t ...................... 
1..36
ok 1 - $@ is defined
ok 2 - 'it's a Glib exception object' isa 'Glib::Error'
ok 3 - 'specifically, it's a conversion error' isa 'Glib::Convert::Error'
ok 4 - numeric code
ok 5 - code's nickname
ok 6 - error domain (implies class)
ok 7 - should have an error message, may be translated
ok 8 - should have an error location, may be translated
ok 9 - stringification operator is overloaded
ok 10 - register sets up ISA
ok 11 - $error should be defined
ok 12 - 'it's an exception object' isa 'Glib::Error'
ok 13 - 'it's one our new exception objects' isa 'Test::Error'
ok 14 - numeric code
ok 15 - code's nickname
ok 16 - domain should be mangled from package
ok 17 - message should be unaltered
ok 18 - should have error location
ok 19 - stringification operator is overloaded
ok 20 - $@ should be defined
ok 21 - 'it's an exception object' isa 'Glib::Error'
ok 22 - 'it's one our new exception objects' isa 'Test::Error'
ok 23 - numeric code
ok 24 - code's nickname
ok 25 - domain should be mangled from package
ok 26 - message should be unaltered
ok 27 - should have error location
ok 28 - stringification operator is overloaded
ok 29 - is
ok 30 - isn't
ok 31 - isn't
ok 32 - isn't
ok 33 - is
ok 34 - unblessed hash
ok 35 - from Glib::Error, but with domain
ok 36 - from Glib::Error, but with domain
ok
t/e.t ...................... 
1..312
ok 1 - An object of class 'Glib::Param::Boolean' isa 'Glib::ParamSpec'
ok 2 - An object of class 'Glib::Param::Boolean' isa 'Glib::Param::Boolean'
ok 3 - Boolean name
ok 4 - Boolean nick
ok 5 - Boolean blurb
ok 6 - Boolean flags
ok 7 - Boolean value type
ok 8 - Boolean owner type (hasn't been added to a class yet)
ok 9 - Boolean -> {name}
ok 10 - Boolean -> {type}
ok 11 - Boolean -> {flags}
ok 12 - Boolean -> {descr}
ok 13 - Boolean default (expect TRUE)
ok 14
ok 15 - An object of class 'Glib::Param::String' isa 'Glib::ParamSpec'
ok 16 - An object of class 'Glib::Param::String' isa 'Glib::Param::String'
ok 17 - String name
ok 18 - String nick
ok 19 - String blurb
ok 20 - String flags
ok 21 - String value type
ok 22 - String owner type (hasn't been added to a class yet)
ok 23 - String -> {name}
ok 24 - String -> {type}
ok 25 - String -> {flags}
ok 26 - String -> {descr}
ok 27 - String default NULL
ok 28 - An object of class 'Glib::Param::Char' isa 'Glib::ParamSpec'
ok 29 - An object of class 'Glib::Param::Char' isa 'Glib::Param::Char'
ok 30 - Char name
ok 31 - Char nick
ok 32 - Char blurb
ok 33 - Char flags
ok 34 - Char value type
ok 35 - Char owner type (hasn't been added to a class yet)
ok 36 - Char -> {name}
ok 37 - Char -> {type}
ok 38 - Char -> {flags}
ok 39 - Char -> {descr}
ok 40 - Char min
ok 41 - Char max
ok 42 - Char default
ok 43 - An object of class 'Glib::Param::UChar' isa 'Glib::ParamSpec'
ok 44 - An object of class 'Glib::Param::UChar' isa 'Glib::Param::UChar'
ok 45 - UChar name
ok 46 - UChar nick
ok 47 - UChar blurb
ok 48 - UChar flags
ok 49 - UChar value type
ok 50 - UChar owner type (hasn't been added to a class yet)
ok 51 - UChar -> {name}
ok 52 - UChar -> {type}
ok 53 - UChar -> {flags}
ok 54 - UChar -> {descr}
ok 55 - UChar min
ok 56 - UChar max
ok 57 - UChar default
ok 58 - An object of class 'Glib::Param::Int' isa 'Glib::ParamSpec'
ok 59 - An object of class 'Glib::Param::Int' isa 'Glib::Param::Int'
ok 60 - Int name
ok 61 - Int nick
ok 62 - Int blurb
ok 63 - Int flags
ok 64 - Int value type
ok 65 - Int owner type (hasn't been added to a class yet)
ok 66 - Int -> {name}
ok 67 - Int -> {type}
ok 68 - Int -> {flags}
ok 69 - Int -> {descr}
ok 70 - Int min
ok 71 - Int max
ok 72 - Int default
ok 73 - An object of class 'Glib::Param::UInt' isa 'Glib::ParamSpec'
ok 74 - An object of class 'Glib::Param::UInt' isa 'Glib::Param::UInt'
ok 75 - UInt name
ok 76 - UInt nick
ok 77 - UInt blurb
ok 78 - UInt flags
ok 79 - UInt value type
ok 80 - UInt owner type (hasn't been added to a class yet)
ok 81 - UInt -> {name}
ok 82 - UInt -> {type}
ok 83 - UInt -> {flags}
ok 84 - UInt -> {descr}
ok 85 - UInt min
ok 86 - UInt max
ok 87 - UInt default
ok 88 - An object of class 'Glib::Param::Long' isa 'Glib::ParamSpec'
ok 89 - An object of class 'Glib::Param::Long' isa 'Glib::Param::Long'
ok 90 - Long name
ok 91 - Long nick
ok 92 - Long blurb
ok 93 - Long flags
ok 94 - Long value type
ok 95 - Long owner type (hasn't been added to a class yet)
ok 96 - Long -> {name}
ok 97 - Long -> {type}
ok 98 - Long -> {flags}
ok 99 - Long -> {descr}
ok 100 - Long min
ok 101 - Long max
ok 102 - Long default
ok 103 - An object of class 'Glib::Param::ULong' isa 'Glib::ParamSpec'
ok 104 - An object of class 'Glib::Param::ULong' isa 'Glib::Param::ULong'
ok 105 - ULong name
ok 106 - ULong nick
ok 107 - ULong blurb
ok 108 - ULong flags
ok 109 - ULong value type
ok 110 - ULong owner type (hasn't been added to a class yet)
ok 111 - ULong -> {name}
ok 112 - ULong -> {type}
ok 113 - ULong -> {flags}
ok 114 - ULong -> {descr}
ok 115 - ULong min
ok 116 - ULong max
ok 117 - ULong default
ok 118 - An object of class 'Glib::Param::Float' isa 'Glib::ParamSpec'
ok 119 - An object of class 'Glib::Param::Float' isa 'Glib::Param::Float'
ok 120 - Float name
ok 121 - Float nick
ok 122 - Float blurb
ok 123 - Float flags
ok 124 - Float value type
ok 125 - Float owner type (hasn't been added to a class yet)
ok 126 - Float -> {name}
ok 127 - Float -> {type}
ok 128 - Float -> {flags}
ok 129 - Float -> {descr}
ok 130 - Float minimum
ok 131 - Float maximum
ok 132 - Float default
ok 133 - Float epsilon
ok 134 - An object of class 'Glib::Param::Double' isa 'Glib::ParamSpec'
ok 135 - An object of class 'Glib::Param::Double' isa 'Glib::Param::Double'
ok 136 - Double name
ok 137 - Double nick
ok 138 - Double blurb
ok 139 - Double flags
ok 140 - Double value type
ok 141 - Double owner type (hasn't been added to a class yet)
ok 142 - Double -> {name}
ok 143 - Double -> {type}
ok 144 - Double -> {flags}
ok 145 - Double -> {descr}
ok 146 - Double minimum
ok 147 - Double maximum
ok 148 - Double default
ok 149 - Double epsilon
ok 150 - An object of class 'Glib::Param::Enum' isa 'Glib::ParamSpec'
ok 151 - An object of class 'Glib::Param::Enum' isa 'Glib::Param::Enum'
ok 152 - Enum name
ok 153 - Enum nick
ok 154 - Enum blurb
ok 155 - Enum flags
ok 156 - Enum value type
ok 157 - Enum owner type (hasn't been added to a class yet)
ok 158 - Enum -> {name}
ok 159 - Enum -> {type}
ok 160 - Enum -> {flags}
ok 161 - Enum -> {descr}
ok 162 - enum class
ok 163 - Enum default
ok 164 - An object of class 'Glib::Param::Flags' isa 'Glib::ParamSpec'
ok 165 - An object of class 'Glib::Param::Flags' isa 'Glib::Param::Flags'
ok 166 - Flags name
ok 167 - Flags nick
ok 168 - Flags blurb
ok 169 - Flags flags
ok 170 - Flags value type
ok 171 - Flags owner type (hasn't been added to a class yet)
ok 172 - Flags -> {name}
ok 173 - Flags -> {type}
ok 174 - Flags -> {flags}
ok 175 - Flags -> {descr}
ok 176 - flags class
ok 177 - Flags default
ok 178 - An object of class 'Glib::Param::Boxed' isa 'Glib::ParamSpec'
ok 179 - An object of class 'Glib::Param::Boxed' isa 'Glib::Param::Boxed'
ok 180 - Boxed name
ok 181 - Boxed nick
ok 182 - Boxed blurb
ok 183 - Boxed flags
ok 184 - Boxed value type
ok 185 - Boxed owner type (hasn't been added to a class yet)
ok 186 - Boxed -> {name}
ok 187 - Boxed -> {type}
ok 188 - Boxed -> {flags}
ok 189 - Boxed -> {descr}
ok 190 - Boxed default
ok 191 - An object of class 'Glib::Param::Object' isa 'Glib::ParamSpec'
ok 192 - An object of class 'Glib::Param::Object' isa 'Glib::Param::Object'
ok 193 - Object name
ok 194 - Object nick
ok 195 - Object blurb
ok 196 - Object flags
ok 197 - Object value type
ok 198 - Object owner type (hasn't been added to a class yet)
ok 199 - Object -> {name}
ok 200 - Object -> {type}
ok 201 - Object -> {flags}
ok 202 - Object -> {descr}
ok 203 - Object default
ok 204 - An object of class 'Glib::Param::Param' isa 'Glib::ParamSpec'
ok 205 - An object of class 'Glib::Param::Param' isa 'Glib::Param::Param'
ok 206 - Param name (modified)
ok 207 - Param name (unmodified)
ok 208 - Param nick
ok 209 - Param blurb
ok 210 - Param flags
ok 211 - Param value type
ok 212 - Param owner type
ok 213 - Param default
ok 214 - An object of class 'Glib::Param::Unichar' isa 'Glib::ParamSpec'
ok 215 - An object of class 'Glib::Param::Unichar' isa 'Glib::Param::Unichar'
ok 216 - Unichar name
ok 217 - Unichar nick
ok 218 - Unichar blurb
ok 219 - Unichar flags
ok 220 - Unichar value type
ok 221 - Unichar owner type (hasn't been added to a class yet)
ok 222 - Unichar -> {name}
ok 223 - Unichar -> {type}
ok 224 - Unichar -> {flags}
ok 225 - Unichar -> {descr}
ok 226 - Unichar default
ok 227 - ParamSpec unichar - default zero byte
ok 228 - ParamSpec unichar - default zero digit
ok 229 - 'IV is actually Long' isa 'Glib::Param::Long'
ok 230 - IV default
ok 231 - 'UV is actually ULong' isa 'Glib::Param::ULong'
ok 232 - UV default
ok 233 - 'Scalar is actually Boxed' isa 'Glib::Param::Boxed'
ok 234 - boxed holding scalar
ok 235 - Scalar default
ok 236 - Glib::Param::Boolean owner type after adding
ok 237 - Glib::Param::String owner type after adding
ok 238 - Glib::Param::Char owner type after adding
ok 239 - Glib::Param::UChar owner type after adding
ok 240 - Glib::Param::Int owner type after adding
ok 241 - Glib::Param::UInt owner type after adding
ok 242 - Glib::Param::Long owner type after adding
ok 243 - Glib::Param::ULong owner type after adding
ok 244 - Glib::Param::Float owner type after adding
ok 245 - Glib::Param::Double owner type after adding
ok 246 - Glib::Param::Enum owner type after adding
ok 247 - Glib::Param::Flags owner type after adding
ok 248 - Glib::Param::Boxed owner type after adding
ok 249 - Glib::Param::Object owner type after adding
ok 250 - Glib::Param::Param owner type after adding
ok 251 - Glib::Param::Unichar owner type after adding
ok 252 - Glib::Param::Long owner type after adding
ok 253 - Glib::Param::ULong owner type after adding
ok 254 - Glib::Param::Boxed owner type after adding
ok 255 - get_property() unichar default value (unicode code point number)
ok 256
ok 257 - An object of class 'Glib::Param::Override' isa 'Glib::Param::Override'
ok 258
ok 259
ok 260
ok 261 - An object of class 'Glib::Param::Override' isa 'Glib::Param::Override'
ok 262
ok 263
ok 264
ok 265
ok 266 - An object of class 'Glib::Param::Override' isa 'Glib::Param::Override'
ok 267
ok 268
ok 269
ok 270
ok 271
ok 272
ok 273 - An object of class 'Glib::Param::Override' isa 'Glib::Param::Override'
ok 274
ok 275
ok 276
ok 277
ok 278 - An object of class 'Glib::Param::Override' isa 'Glib::Param::Override'
ok 279
ok 280
ok 281
ok 282
ok 283 - An object of class 'Glib::Param::GType' isa 'Glib::Param::GType'
ok 284 - An object of class 'Glib::Param::GType' isa 'Glib::ParamSpec'
ok 285
ok 286
ok 287 - An object of class 'Glib::Param::GType' isa 'Glib::Param::GType'
ok 288 - An object of class 'Glib::Param::GType' isa 'Glib::ParamSpec'
ok 289
ok 290
ok 291 - An object of class 'Baz' isa 'Glib::Object'
ok 292
ok 293
ok 294 - An object of class 'Baz' isa 'Glib::Object'
ok 295
ok 296
ok 297
ok 298
ok 299
ok 300
ok 301
ok 302 - value 30 valid
ok 303
ok 304 - value 30 bool no modify (array context)
ok 305 - value 30 value unchanged
ok 306 - modify 70 to be in range
ok 307 - clamp 70 down to be in range
ok 308 - modify -70 to be in range
ok 309 - clamp -70 down to be in range
ok 310
ok 311
ok 312
ok
t/f.t ...................... 
1..54
ok 1 - props created correctly for Foo
ok 2 - 'it's a Foo' isa 'Foo'
ok 3 - new Foo has no keys
ok 4 - explicit getter for nickname
ok 5 - explicit getter for title
ok 6 - explicit getter for nickname
ok 7 - explicit getter for title
ok 8 - all defaults except for explicit ones
ok 9 - Foo still has no keys after get
ok 10 - explicit setter for nickname
ok 11 - explicit setter for surname
ok 12 - new Foo has keys after setting
ok 13 - and they have values
ok 14 - 'it's a Foo' isa 'Foo'
ok 15 - new Foo has no keys
ok 16 - fallback GET_PROPERTY called
ok 17 - fallback GET_PROPERTY called
ok 18 - explicit getter for nickname
ok 19 - fallback GET_PROPERTY called
ok 20 - explicit getter for title
ok 21 - fallback GET_PROPERTY called
ok 22 - fallback GET_PROPERTY called
ok 23 - explicit getter for nickname
ok 24 - fallback GET_PROPERTY called
ok 25 - explicit getter for title
ok 26 - fallback called for implicit getters
ok 27 - Foo still has no keys after get
ok 28 - fallback SET_PROPERTY called
ok 29 - fallback SET_PROPERTY called
ok 30 - explicit setter for nickname
ok 31 - explicit setter for surname
ok 32 - fallback SET_PROPERTY called
ok 33 - new Foo has keys after setting
ok 34 - and they have values
ok 35 - bar has no keys on creation
ok 36 - explicit getter for nickname
ok 37 - explicit getter for title
ok 38 - Subclass works just like registering by hand
ok 39 - explicit setter for nickname
ok 40 - explicit setter for surname
ok 41 - new Foo has keys after setting
ok 42 - and they have values
ok 43 - my-prop reaches BaseGetSet
ok 44 - my-prop reaches BaseGetSet
ok 45 - my-prop reaches BaseGetSet
ok 46 - my-prop reaches BaseGetSet
ok 47 - prop-two goes to subtwo
ok 48 - prop-two goes to subtwo
ok 49 - prop-one goes to baseone
ok 50 - prop-one goes to baseone
ok 51 - prop-two goes to subtwo
ok 52 - prop-two goes to subtwo
ok 53 - prop-one goes to baseone
ok 54 - prop-one goes to baseone
ok
t/filename.t ............... 
1..26
ok 1
ok 2
ok 3
ok 4
ok 5
ok 6
ok 7
ok 8
ok 9
ok 10
ok 11
ok 12
ok 13
ok 14
ok 15
ok 16
ok 17
ok 18
ok 19
ok 20
ok 21
ok 22
ok 23
ok 24
ok 25
ok 26
ok
t/g.t ...................... 
1..33
ok 1
ok 2 - An object of class 'Glib::KeyFile' isa 'Glib::KeyFile'
ok 3 - we have no groups
ok 4
ok 5 - now we have two groups
ok 6 - we reached the top
ok 7
ok 8 - start group
ok 9
ok 10 - howdy?
ok 11 - the answer
ok 12 - the answer, reloaded
ok 13 - we stay true to ourselves
ok 14
ok 15 - fibonacci would be proud
ok 16
ok 17
ok 18
ok 19
ok 20
ok 21
ok 22
ok 23
ok 24
ok 25
ok 26
ok 27
ok 28
ok 29
ok 30
ok 31
ok 32
ok 33 - we reached the top again
ok
t/h.t ...................... 
1..30
ok 1 - test constructor
ok 2 - 'test ISA' isa 'Glib::BookmarkFile'
ok 3 - we have no bookmarks
ok 4 - we have one bookmark
ok 5 - check size
ok 6 - check has item
ok 7 - check get_title
ok 8 - check set_title
ok 9 - check get_description
ok 10 - check set_description
ok 11 - check get_mime_type
ok 12 - check set_mime_type
ok 13 - check add group
ok 14 - check has_group
ok 15 - check add_application
ok 16 - check has_application
ok 17 - check get_app_info/1
ok 18 - check get_app_info/2
ok 19 - check set_app_info/1
ok 20 - check set_app_info/2
ok 21 - check set_app_info/3
ok 22 - check set_app_info/4
ok 23 - check remove_application
ok 24 - check move_item/1
ok 25 - check move_item/2
ok 26 - check move_item/3
ok 27 - check_remove_item
ok 28 - check added accessors
ok 29 - check modified accessors
ok 30 - check visited accessors
ok
t/lazy_loader.t ............ 
1..1
ok 1 - the lazy loader correctly set up the hierarchy
ok
t/make_helper.t ............ 
1..3
ok 1 - use Glib::MakeHelper;
ok 2
ok 3
ok
# Distribution version: 1.3292
t/module_versions.t ........ 
1..6
ok 1 - Glib is the same as the distribution version
ok 2 - Glib::CodeGen is the same as the distribution version
ok 3 - Glib::GenPod is the same as the distribution version
ok 4 - Glib::MakeHelper is the same as the distribution version
ok 5 - Glib::Object::Subclass is the same as the distribution version
ok 6 - Glib::ParseXSDoc is the same as the distribution version
ok
t/options.t ................ 
1..33
ok 1 - An object of class 'Glib::OptionContext' isa 'Glib::OptionContext'
ok 2
ok 3
ok 4 - An object of class 'Glib::OptionGroup' isa 'Glib::OptionGroup'
ok 5 - An object of class 'Glib::OptionGroup' isa 'Glib::OptionGroup'
ok 6
ok 7
ok 8
ok 9
ok 10
ok 11
ok 12
ok 13
ok 14
ok 15
ok 16
ok 17
ok 18
ok 19
ok 20
ok 21
ok 22
ok 23
ok 24
ok 25
ok 26
ok 27
ok 28
ok 29
ok 30
ok 31
ok 32
ok 33
ok
t/signal_emission_hooks.t .. 
1..77
ok 1 - An object of class 'Foo' isa 'Foo'
ok 2 - An object of class 'Foo' isa 'Glib::Object'
ok 3 - added hook for wave
ok 4 - added hook for wink
ok 5 - added hook for nod
ok 6 - got warning text GLib-GObject-WARNING **: ../../../gobject/gsignal.c:1004: signal id '2' does not support emission hooks (G_SIGNAL_NO_HOOKS flag set) at t/signal_emission_hooks.t line 53.
# 
ok 7 - can't add a hook for gesture
ok 8 - added hook for wink::sly
ok 9

emitting wave
ok 10 - A reference of type 'HASH' isa 'HASH'
ok 11 - user data is valid
ok 12
in hook for wave  [ run-first ]
$VAR1 = [
          {
            'signal_name' => 'wave',
            'run_type' => bless( do{\(my $o = 1)}, 'Glib::SignalFlags' ),
            'detail' => undef
          },
          [
            bless( {}, 'Foo' )
          ]
        ];
ok 13 - A reference of type 'HASH' isa 'HASH'
ok 14 - ihint is valid
ok 15 - detail
ok 16 - A reference of type 'ARRAY' isa 'ARRAY'
ok 17 - at least one thing in param_list
ok 18 - An object of class 'Foo' isa 'Glib::Object'
ok 19 - found info about the signal
ok 20 - parameter count
in hook for wave  [ run-first ]
$VAR1 = [
          {
            'detail' => undef,
            'run_type' => bless( do{\(my $o = 1)}, 'Glib::SignalFlags' ),
            'signal_name' => 'wave'
          },
          [
            bless( {}, 'Foo' )
          ]
        ];
ok 21 - A reference of type 'HASH' isa 'HASH'
ok 22 - ihint is valid
ok 23 - detail
ok 24 - A reference of type 'ARRAY' isa 'ARRAY'
ok 25 - at least one thing in param_list
ok 26 - An object of class 'Foo' isa 'Glib::Object'
ok 27 - found info about the signal
ok 28 - parameter count
ok 29

emitting nod
in hook for nod  [ run-first ]
$VAR1 = [
          {
            'run_type' => bless( do{\(my $o = 1)}, 'Glib::SignalFlags' ),
            'detail' => undef,
            'signal_name' => 'nod'
          },
          [
            bless( {}, 'Foo' ),
            'Whee!',
            42
          ]
        ];
ok 30 - A reference of type 'HASH' isa 'HASH'
ok 31 - ihint is valid
ok 32 - detail
ok 33 - A reference of type 'ARRAY' isa 'ARRAY'
ok 34 - at least one thing in param_list
ok 35 - An object of class 'Foo' isa 'Glib::Object'
ok 36 - found info about the signal
ok 37 - parameter count

emitting wink
in hook for wink  [ run-first ]
$VAR1 = [
          {
            'signal_name' => 'wink',
            'run_type' => bless( do{\(my $o = 1)}, 'Glib::SignalFlags' ),
            'detail' => undef
          },
          [
            bless( {}, 'Foo' ),
            1
          ]
        ];
ok 38 - A reference of type 'HASH' isa 'HASH'
ok 39 - ihint is valid
ok 40 - detail
ok 41 - A reference of type 'ARRAY' isa 'ARRAY'
ok 42 - at least one thing in param_list
ok 43 - An object of class 'Foo' isa 'Glib::Object'
ok 44 - found info about the signal
ok 45 - parameter count
ok 46 - plain old wink

emitting wink::sly
in hook for wink  [ run-first ]
$VAR1 = [
          {
            'signal_name' => 'wink',
            'run_type' => bless( do{\(my $o = 1)}, 'Glib::SignalFlags' ),
            'detail' => 'sly'
          },
          [
            bless( {}, 'Foo' ),
            0
          ]
        ];
ok 47 - A reference of type 'HASH' isa 'HASH'
ok 48 - ihint is valid
ok 49 - detail
ok 50 - A reference of type 'ARRAY' isa 'ARRAY'
ok 51 - at least one thing in param_list
ok 52 - An object of class 'Foo' isa 'Glib::Object'
ok 53 - found info about the signal
ok 54 - parameter count
in hook for wink  [ run-first ]
$VAR1 = [
          {
            'signal_name' => 'wink',
            'run_type' => bless( do{\(my $o = 1)}, 'Glib::SignalFlags' ),
            'detail' => 'sly'
          },
          [
            bless( {}, 'Foo' ),
            0
          ]
        ];
ok 55 - A reference of type 'HASH' isa 'HASH'
ok 56 - ihint is valid
ok 57 - detail
ok 58 - A reference of type 'ARRAY' isa 'ARRAY'
ok 59 - at least one thing in param_list
ok 60 - An object of class 'Foo' isa 'Glib::Object'
ok 61 - found info about the signal
ok 62 - parameter count
ok 63 - plain old wink
ok 64 - wink::sly
ok 65 - detailed emission results in two hooks

emitting gesture
ok 66 - no hook here
ok 67 - total emissions
ok 68 - emissions for wave
ok 69 - emissions for nod
ok 70 - emissions for wink
ok 71 - emissions for gesture
ok 72 - plain old wink
ok 73 - plain old wink
ok 74 - wink::sly
ok 75 - no hooks here
ok 76 - got hooked
ok 77 - two emissions, one hook
ok
t/signal_marshal.t ......... 
1..1
ok 1 - marshaling a signal with no return type
ok
t/signal_query.t ........... 
1..24
ok 1
ok 2
ok 3 - quuxed
ok 4
ok 5
ok 6 - A reference of type 'ARRAY' isa 'ARRAY'
ok 7 - barred
ok 8
ok 9
ok 10 - A reference of type 'ARRAY' isa 'ARRAY'
ok 11 - fooed
ok 12
ok 13
ok 14 - A reference of type 'ARRAY' isa 'ARRAY'
ok 15 - bazzed
ok 16
ok 17
ok 18 - A reference of type 'ARRAY' isa 'ARRAY'
ok 19 - name
ok 20 - instance type
ok 21 - signal_flags
ok 22 - param_types
ok 23 - return_type
ok 24 - non-existent signal
ok
t/tied_definedness.t ....... 
1..1
ok 1
ok
t/tied_flags.t ............. 
1..1
ok 1
ok
t/tied_set_property.t ...... 
1..1
ok 1 - MaiTai tied store function called
ok
t/variant.t ................ 
1..223
# new_boolean
ok 1 - An object of class 'Glib::Variant' isa 'Glib::Variant'
ok 2 - An object of class 'Glib::VariantType' isa 'Glib::VariantType'
ok 3
ok 4
ok 5
ok 6
ok 7
# new_byte
ok 8 - An object of class 'Glib::Variant' isa 'Glib::Variant'
ok 9 - An object of class 'Glib::VariantType' isa 'Glib::VariantType'
ok 10
ok 11
ok 12
ok 13
ok 14
# new_int16
ok 15 - An object of class 'Glib::Variant' isa 'Glib::Variant'
ok 16 - An object of class 'Glib::VariantType' isa 'Glib::VariantType'
ok 17
ok 18
ok 19
ok 20
ok 21
# new_uint16
ok 22 - An object of class 'Glib::Variant' isa 'Glib::Variant'
ok 23 - An object of class 'Glib::VariantType' isa 'Glib::VariantType'
ok 24
ok 25
ok 26
ok 27
ok 28
# new_int32
ok 29 - An object of class 'Glib::Variant' isa 'Glib::Variant'
ok 30 - An object of class 'Glib::VariantType' isa 'Glib::VariantType'
ok 31
ok 32
ok 33
ok 34
ok 35
# new_uint32
ok 36 - An object of class 'Glib::Variant' isa 'Glib::Variant'
ok 37 - An object of class 'Glib::VariantType' isa 'Glib::VariantType'
ok 38
ok 39
ok 40
ok 41
ok 42
# new_int64
ok 43 - An object of class 'Glib::Variant' isa 'Glib::Variant'
ok 44 - An object of class 'Glib::VariantType' isa 'Glib::VariantType'
ok 45
ok 46
ok 47
ok 48
ok 49
# new_uint64
ok 50 - An object of class 'Glib::Variant' isa 'Glib::Variant'
ok 51 - An object of class 'Glib::VariantType' isa 'Glib::VariantType'
ok 52
ok 53
ok 54
ok 55
ok 56
# new_handle
ok 57 - An object of class 'Glib::Variant' isa 'Glib::Variant'
ok 58 - An object of class 'Glib::VariantType' isa 'Glib::VariantType'
ok 59
ok 60
ok 61
ok 62
ok 63
# new_double
ok 64 - An object of class 'Glib::Variant' isa 'Glib::Variant'
ok 65 - An object of class 'Glib::VariantType' isa 'Glib::VariantType'
ok 66
ok 67
ok 68
ok 69
ok 70
# new_string
ok 71 - An object of class 'Glib::Variant' isa 'Glib::Variant'
ok 72 - An object of class 'Glib::VariantType' isa 'Glib::VariantType'
ok 73
ok 74
ok 75
ok 76
ok 77
# new_object_path
ok 78 - An object of class 'Glib::Variant' isa 'Glib::Variant'
ok 79 - An object of class 'Glib::VariantType' isa 'Glib::VariantType'
ok 80
ok 81
ok 82
ok 83
ok 84
# new_signature
ok 85 - An object of class 'Glib::Variant' isa 'Glib::Variant'
ok 86 - An object of class 'Glib::VariantType' isa 'Glib::VariantType'
ok 87
ok 88
ok 89
ok 90
ok 91
ok 92
ok 93
# new_variant
ok 94 - An object of class 'Glib::Variant' isa 'Glib::Variant'
ok 95
ok 96
ok 97
ok 98
ok 99
# new_bytestring
ok 100 - An object of class 'Glib::Variant' isa 'Glib::Variant'
ok 101
ok 102
ok 103
ok 104
ok 105
# new_maybe
ok 106 - An object of class 'Glib::Variant' isa 'Glib::Variant'
ok 107
ok 108
ok 109
ok 110
ok 111 - An object of class 'Glib::Variant' isa 'Glib::Variant'
ok 112
ok 113
ok 114
ok 115
ok 116
ok 117 - An object of class 'Glib::Variant' isa 'Glib::Variant'
ok 118
ok 119
ok 120
ok 121
ok 122
# new_array
ok 123 - An object of class 'Glib::Variant' isa 'Glib::Variant'
ok 124
ok 125
ok 126
ok 127 - An object of class 'Glib::Variant' isa 'Glib::Variant'
ok 128
ok 129
ok 130
ok 131
ok 132 - An object of class 'Glib::Variant' isa 'Glib::Variant'
ok 133
ok 134
ok 135
ok 136
# new_tuple
ok 137 - An object of class 'Glib::Variant' isa 'Glib::Variant'
ok 138
ok 139
ok 140
ok 141 - An object of class 'Glib::Variant' isa 'Glib::Variant'
ok 142
ok 143
ok 144
ok 145
# new_dict_entry
ok 146 - An object of class 'Glib::Variant' isa 'Glib::Variant'
ok 147
ok 148
ok 149
# lookup_value
ok 150
ok 151
ok 152
# printing and parsing
ok 153
ok 154
ok 155
ok 156
# misc.
ok 157
ok 158
ok 159
ok 160
ok 161
ok 162
ok 163
ok 164
ok 165
# convenience constructor and accessor
#  leafs
ok 166
ok 167
ok 168
ok 169
ok 170
ok 171
ok 172
ok 173
ok 174
ok 175
ok 176
ok 177
ok 178
ok 179
ok 180
ok 181
ok 182
ok 183
ok 184
ok 185
ok 186
ok 187
ok 188
ok 189
ok 190
ok 191
#  list context
ok 192
ok 193
ok 194
ok 195
#  variant
ok 196
ok 197
#  array
ok 198
ok 199
ok 200
ok 201
#  maybe
ok 202
ok 203
ok 204
ok 205
#  tuple
ok 206
ok 207
ok 208
#  dict entry
ok 209
ok 210
ok 211
# variant dict
ok 212
ok 213
ok 214
ok 215
ok 216
ok 217
ok 218
ok 219
ok 220
ok 221
ok 222
ok 223
ok
All tests successful.
Files=33, Tests=1197,  5 wallclock secs ( 0.16 usr  0.05 sys +  2.28 cusr  0.33 csys =  2.82 CPU)
Result: PASS
true
make[1]: Leaving directory '/<<PKGBUILDDIR>>'
   create-stamp debian/debhelper-build-stamp
   dh_testroot
   dh_prep
   dh_auto_install
	make -j4 install DESTDIR=/<<PKGBUILDDIR>>/debian/libglib-perl AM_UPDATE_INFO_DIR=no PREFIX=/usr
make[1]: Entering directory '/<<PKGBUILDDIR>>'
true
true
rm -rf blib/arch/auto/Glib/Glib.bs
"/usr/bin/perl" -MExtUtils::Command::MM -e 'cp_nonempty' -- Glib.bs blib/arch/auto/Glib/Glib.bs 644
true
true
true
true
true
true
true
"/usr/bin/perl" "-MExtUtils::Command::MM" -e pod2man "--" --section=3pm --perm_rw=644 -u \
  blib/lib/Glib/index.pod blib/man3/Glib::index.3pm \
  blib/lib/Glib/xsapi.pod blib/man3/Glib::xsapi.3pm \
  blib/lib/Glib/BookmarkFile.pod blib/man3/Glib::BookmarkFile.3pm \
  blib/lib/Glib/Boxed.pod blib/man3/Glib::Boxed.3pm \
  blib/lib/Glib/Bytes.pod blib/man3/Glib::Bytes.3pm \
  blib/lib/Glib/Error.pod blib/man3/Glib::Error.3pm \
  blib/lib/Glib/Flags.pod blib/man3/Glib::Flags.3pm \
  blib/lib/Glib/KeyFile.pod blib/man3/Glib::KeyFile.3pm \
  blib/lib/Glib/Log.pod blib/man3/Glib::Log.3pm \
  blib/lib/Glib/MainLoop.pod blib/man3/Glib::MainLoop.3pm \
  blib/lib/Glib/Markup.pod blib/man3/Glib::Markup.3pm \
  blib/lib/Glib/Object.pod blib/man3/Glib::Object.3pm \
  blib/lib/Glib/OptionContext.pod blib/man3/Glib::OptionContext.3pm \
  blib/lib/Glib/OptionGroup.pod blib/man3/Glib::OptionGroup.3pm \
  blib/lib/Glib/Param/Boolean.pod blib/man3/Glib::Param::Boolean.3pm \
  blib/lib/Glib/Param/Double.pod blib/man3/Glib::Param::Double.3pm \
  blib/lib/Glib/Param/Enum.pod blib/man3/Glib::Param::Enum.3pm \
  blib/lib/Glib/Param/Flags.pod blib/man3/Glib::Param::Flags.3pm \
  blib/lib/Glib/Param/GType.pod blib/man3/Glib::Param::GType.3pm \
  blib/lib/Glib/Param/Int.pod blib/man3/Glib::Param::Int.3pm \
  blib/lib/Glib/Param/Int64.pod blib/man3/Glib::Param::Int64.3pm \
  blib/lib/Glib/Param/String.pod blib/man3/Glib::Param::String.3pm \
  blib/lib/Glib/Param/UInt.pod blib/man3/Glib::Param::UInt.3pm \
  blib/lib/Glib/Param/UInt64.pod blib/man3/Glib::Param::UInt64.3pm \
  blib/lib/Glib/Param/Unichar.pod blib/man3/Glib::Param::Unichar.3pm \
  blib/lib/Glib/ParamSpec.pod blib/man3/Glib::ParamSpec.3pm \
  blib/lib/Glib/Signal.pod blib/man3/Glib::Signal.3pm \
  blib/lib/Glib/Type.pod blib/man3/Glib::Type.3pm \
  blib/lib/Glib/Utils.pod blib/man3/Glib::Utils.3pm \
  blib/lib/Glib/Variant.pod blib/man3/Glib::Variant.3pm \
  blib/lib/Glib/VariantDict.pod blib/man3/Glib::VariantDict.3pm \
  blib/lib/Glib/VariantType.pod blib/man3/Glib::VariantType.3pm \
  blib/lib/Glib/version.pod blib/man3/Glib::version.3pm \
  devel.pod blib/man3/Glib::devel.3pm \
  lib/Glib.pm blib/man3/Glib.3pm \
  lib/Glib/CodeGen.pm blib/man3/Glib::CodeGen.3pm \
  lib/Glib/GenPod.pm blib/man3/Glib::GenPod.3pm 
Manifying 37 pod documents
"/usr/bin/perl" "-MExtUtils::Command::MM" -e pod2man "--" --section=3pm --perm_rw=644 -u \
  lib/Glib/MakeHelper.pm blib/man3/Glib::MakeHelper.3pm \
  lib/Glib/Object/Subclass.pm blib/man3/Glib::Object::Subclass.3pm \
  lib/Glib/ParseXSDoc.pm blib/man3/Glib::ParseXSDoc.3pm 
Manifying 3 pod documents
true
umask 022; "/usr/bin/perl" -MExtUtils::Install -e 'install([ from_to => {@ARGV}, verbose => '\''0'\'', uninstall_shadows => '\''0'\'', dir_mode => '\''755'\'' ]);' -- \
	"blib/lib" "/<<PKGBUILDDIR>>/debian/libglib-perl/usr/share/perl5" \
	"blib/arch" "/<<PKGBUILDDIR>>/debian/libglib-perl/usr/lib/x86_64-linux-gnu/perl5/5.30" \
	"blib/bin" "/<<PKGBUILDDIR>>/debian/libglib-perl/usr/bin" \
	"blib/script" "/<<PKGBUILDDIR>>/debian/libglib-perl/usr/bin" \
	"blib/man1" "/<<PKGBUILDDIR>>/debian/libglib-perl/usr/share/man/man1" \
	"blib/man3" "/<<PKGBUILDDIR>>/debian/libglib-perl/usr/share/man/man3"
true
Files found in blib/arch: installing files in blib/lib into architecture dependent library tree
Installing /<<PKGBUILDDIR>>/debian/libglib-perl/usr/lib/x86_64-linux-gnu/perl5/5.30/Glib/Install/doctypes
Installing /<<PKGBUILDDIR>>/debian/libglib-perl/usr/lib/x86_64-linux-gnu/perl5/5.30/Glib/Install/gperl_marshal.h
Installing /<<PKGBUILDDIR>>/debian/libglib-perl/usr/lib/x86_64-linux-gnu/perl5/5.30/Glib/Install/typemap
Installing /<<PKGBUILDDIR>>/debian/libglib-perl/usr/lib/x86_64-linux-gnu/perl5/5.30/Glib/Install/Files.pm
Installing /<<PKGBUILDDIR>>/debian/libglib-perl/usr/lib/x86_64-linux-gnu/perl5/5.30/Glib/Install/gperl.h
Installing /<<PKGBUILDDIR>>/debian/libglib-perl/usr/lib/x86_64-linux-gnu/perl5/5.30/auto/Glib/Glib.so
Installing /<<PKGBUILDDIR>>/debian/libglib-perl/usr/lib/x86_64-linux-gnu/perl5/5.30/Glib.pm
Installing /<<PKGBUILDDIR>>/debian/libglib-perl/usr/lib/x86_64-linux-gnu/perl5/5.30/Glib/Boxed.pod
Installing /<<PKGBUILDDIR>>/debian/libglib-perl/usr/lib/x86_64-linux-gnu/perl5/5.30/Glib/VariantType.pod
Installing /<<PKGBUILDDIR>>/debian/libglib-perl/usr/lib/x86_64-linux-gnu/perl5/5.30/Glib/Utils.pod
Installing /<<PKGBUILDDIR>>/debian/libglib-perl/usr/lib/x86_64-linux-gnu/perl5/5.30/Glib/Bytes.pod
Installing /<<PKGBUILDDIR>>/debian/libglib-perl/usr/lib/x86_64-linux-gnu/perl5/5.30/Glib/CodeGen.pm
Installing /<<PKGBUILDDIR>>/debian/libglib-perl/usr/lib/x86_64-linux-gnu/perl5/5.30/Glib/xsapi.pod
Installing /<<PKGBUILDDIR>>/debian/libglib-perl/usr/lib/x86_64-linux-gnu/perl5/5.30/Glib/Signal.pod
Installing /<<PKGBUILDDIR>>/debian/libglib-perl/usr/lib/x86_64-linux-gnu/perl5/5.30/Glib/KeyFile.pod
Installing /<<PKGBUILDDIR>>/debian/libglib-perl/usr/lib/x86_64-linux-gnu/perl5/5.30/Glib/MakeHelper.pm
Installing /<<PKGBUILDDIR>>/debian/libglib-perl/usr/lib/x86_64-linux-gnu/perl5/5.30/Glib/Flags.pod
Installing /<<PKGBUILDDIR>>/debian/libglib-perl/usr/lib/x86_64-linux-gnu/perl5/5.30/Glib/devel.pod
Installing /<<PKGBUILDDIR>>/debian/libglib-perl/usr/lib/x86_64-linux-gnu/perl5/5.30/Glib/Type.pod
Installing /<<PKGBUILDDIR>>/debian/libglib-perl/usr/lib/x86_64-linux-gnu/perl5/5.30/Glib/BookmarkFile.pod
Installing /<<PKGBUILDDIR>>/debian/libglib-perl/usr/lib/x86_64-linux-gnu/perl5/5.30/Glib/Log.pod
Installing /<<PKGBUILDDIR>>/debian/libglib-perl/usr/lib/x86_64-linux-gnu/perl5/5.30/Glib/Markup.pod
Installing /<<PKGBUILDDIR>>/debian/libglib-perl/usr/lib/x86_64-linux-gnu/perl5/5.30/Glib/OptionContext.pod
Installing /<<PKGBUILDDIR>>/debian/libglib-perl/usr/lib/x86_64-linux-gnu/perl5/5.30/Glib/OptionGroup.pod
Installing /<<PKGBUILDDIR>>/debian/libglib-perl/usr/lib/x86_64-linux-gnu/perl5/5.30/Glib/ParseXSDoc.pm
Installing /<<PKGBUILDDIR>>/debian/libglib-perl/usr/lib/x86_64-linux-gnu/perl5/5.30/Glib/Error.pod
Installing /<<PKGBUILDDIR>>/debian/libglib-perl/usr/lib/x86_64-linux-gnu/perl5/5.30/Glib/GenPod.pm
Installing /<<PKGBUILDDIR>>/debian/libglib-perl/usr/lib/x86_64-linux-gnu/perl5/5.30/Glib/index.pod
Installing /<<PKGBUILDDIR>>/debian/libglib-perl/usr/lib/x86_64-linux-gnu/perl5/5.30/Glib/Object.pod
Installing /<<PKGBUILDDIR>>/debian/libglib-perl/usr/lib/x86_64-linux-gnu/perl5/5.30/Glib/VariantDict.pod
Installing /<<PKGBUILDDIR>>/debian/libglib-perl/usr/lib/x86_64-linux-gnu/perl5/5.30/Glib/ParamSpec.pod
Installing /<<PKGBUILDDIR>>/debian/libglib-perl/usr/lib/x86_64-linux-gnu/perl5/5.30/Glib/version.pod
Installing /<<PKGBUILDDIR>>/debian/libglib-perl/usr/lib/x86_64-linux-gnu/perl5/5.30/Glib/Variant.pod
Installing /<<PKGBUILDDIR>>/debian/libglib-perl/usr/lib/x86_64-linux-gnu/perl5/5.30/Glib/MainLoop.pod
Installing /<<PKGBUILDDIR>>/debian/libglib-perl/usr/lib/x86_64-linux-gnu/perl5/5.30/Glib/Object/Subclass.pm
Installing /<<PKGBUILDDIR>>/debian/libglib-perl/usr/lib/x86_64-linux-gnu/perl5/5.30/Glib/Param/Flags.pod
Installing /<<PKGBUILDDIR>>/debian/libglib-perl/usr/lib/x86_64-linux-gnu/perl5/5.30/Glib/Param/Int64.pod
Installing /<<PKGBUILDDIR>>/debian/libglib-perl/usr/lib/x86_64-linux-gnu/perl5/5.30/Glib/Param/Int.pod
Installing /<<PKGBUILDDIR>>/debian/libglib-perl/usr/lib/x86_64-linux-gnu/perl5/5.30/Glib/Param/UInt.pod
Installing /<<PKGBUILDDIR>>/debian/libglib-perl/usr/lib/x86_64-linux-gnu/perl5/5.30/Glib/Param/String.pod
Installing /<<PKGBUILDDIR>>/debian/libglib-perl/usr/lib/x86_64-linux-gnu/perl5/5.30/Glib/Param/Double.pod
Installing /<<PKGBUILDDIR>>/debian/libglib-perl/usr/lib/x86_64-linux-gnu/perl5/5.30/Glib/Param/UInt64.pod
Installing /<<PKGBUILDDIR>>/debian/libglib-perl/usr/lib/x86_64-linux-gnu/perl5/5.30/Glib/Param/GType.pod
Installing /<<PKGBUILDDIR>>/debian/libglib-perl/usr/lib/x86_64-linux-gnu/perl5/5.30/Glib/Param/Boolean.pod
Installing /<<PKGBUILDDIR>>/debian/libglib-perl/usr/lib/x86_64-linux-gnu/perl5/5.30/Glib/Param/Unichar.pod
Installing /<<PKGBUILDDIR>>/debian/libglib-perl/usr/lib/x86_64-linux-gnu/perl5/5.30/Glib/Param/Enum.pod
Installing /<<PKGBUILDDIR>>/debian/libglib-perl/usr/share/man/man3/Glib::OptionGroup.3pm
Installing /<<PKGBUILDDIR>>/debian/libglib-perl/usr/share/man/man3/Glib::Param::GType.3pm
Installing /<<PKGBUILDDIR>>/debian/libglib-perl/usr/share/man/man3/Glib::Variant.3pm
Installing /<<PKGBUILDDIR>>/debian/libglib-perl/usr/share/man/man3/Glib::MainLoop.3pm
Installing /<<PKGBUILDDIR>>/debian/libglib-perl/usr/share/man/man3/Glib::index.3pm
Installing /<<PKGBUILDDIR>>/debian/libglib-perl/usr/share/man/man3/Glib::OptionContext.3pm
Installing /<<PKGBUILDDIR>>/debian/libglib-perl/usr/share/man/man3/Glib::Param::String.3pm
Installing /<<PKGBUILDDIR>>/debian/libglib-perl/usr/share/man/man3/Glib::Markup.3pm
Installing /<<PKGBUILDDIR>>/debian/libglib-perl/usr/share/man/man3/Glib::ParamSpec.3pm
Installing /<<PKGBUILDDIR>>/debian/libglib-perl/usr/share/man/man3/Glib.3pm
Installing /<<PKGBUILDDIR>>/debian/libglib-perl/usr/share/man/man3/Glib::Object.3pm
Installing /<<PKGBUILDDIR>>/debian/libglib-perl/usr/share/man/man3/Glib::KeyFile.3pm
Installing /<<PKGBUILDDIR>>/debian/libglib-perl/usr/share/man/man3/Glib::BookmarkFile.3pm
Installing /<<PKGBUILDDIR>>/debian/libglib-perl/usr/share/man/man3/Glib::MakeHelper.3pm
Installing /<<PKGBUILDDIR>>/debian/libglib-perl/usr/share/man/man3/Glib::Param::UInt64.3pm
Installing /<<PKGBUILDDIR>>/debian/libglib-perl/usr/share/man/man3/Glib::GenPod.3pm
Installing /<<PKGBUILDDIR>>/debian/libglib-perl/usr/share/man/man3/Glib::Param::Int.3pm
Installing /<<PKGBUILDDIR>>/debian/libglib-perl/usr/share/man/man3/Glib::VariantType.3pm
Installing /<<PKGBUILDDIR>>/debian/libglib-perl/usr/share/man/man3/Glib::Param::Enum.3pm
Installing /<<PKGBUILDDIR>>/debian/libglib-perl/usr/share/man/man3/Glib::Param::Double.3pm
Installing /<<PKGBUILDDIR>>/debian/libglib-perl/usr/share/man/man3/Glib::Bytes.3pm
Installing /<<PKGBUILDDIR>>/debian/libglib-perl/usr/share/man/man3/Glib::Param::Boolean.3pm
Installing /<<PKGBUILDDIR>>/debian/libglib-perl/usr/share/man/man3/Glib::Object::Subclass.3pm
Installing /<<PKGBUILDDIR>>/debian/libglib-perl/usr/share/man/man3/Glib::devel.3pm
Installing /<<PKGBUILDDIR>>/debian/libglib-perl/usr/share/man/man3/Glib::Param::UInt.3pm
Installing /<<PKGBUILDDIR>>/debian/libglib-perl/usr/share/man/man3/Glib::Log.3pm
Installing /<<PKGBUILDDIR>>/debian/libglib-perl/usr/share/man/man3/Glib::CodeGen.3pm
Installing /<<PKGBUILDDIR>>/debian/libglib-perl/usr/share/man/man3/Glib::Error.3pm
Installing /<<PKGBUILDDIR>>/debian/libglib-perl/usr/share/man/man3/Glib::Param::Int64.3pm
Installing /<<PKGBUILDDIR>>/debian/libglib-perl/usr/share/man/man3/Glib::ParseXSDoc.3pm
Installing /<<PKGBUILDDIR>>/debian/libglib-perl/usr/share/man/man3/Glib::Flags.3pm
Installing /<<PKGBUILDDIR>>/debian/libglib-perl/usr/share/man/man3/Glib::Utils.3pm
Installing /<<PKGBUILDDIR>>/debian/libglib-perl/usr/share/man/man3/Glib::Signal.3pm
Installing /<<PKGBUILDDIR>>/debian/libglib-perl/usr/share/man/man3/Glib::Type.3pm
Installing /<<PKGBUILDDIR>>/debian/libglib-perl/usr/share/man/man3/Glib::Param::Unichar.3pm
Installing /<<PKGBUILDDIR>>/debian/libglib-perl/usr/share/man/man3/Glib::Param::Flags.3pm
Installing /<<PKGBUILDDIR>>/debian/libglib-perl/usr/share/man/man3/Glib::version.3pm
Installing /<<PKGBUILDDIR>>/debian/libglib-perl/usr/share/man/man3/Glib::VariantDict.3pm
Installing /<<PKGBUILDDIR>>/debian/libglib-perl/usr/share/man/man3/Glib::xsapi.3pm
Installing /<<PKGBUILDDIR>>/debian/libglib-perl/usr/share/man/man3/Glib::Boxed.3pm
true
true
make[1]: Leaving directory '/<<PKGBUILDDIR>>'
   dh_installdocs
   debian/rules override_dh_installchangelogs
make[1]: Entering directory '/<<PKGBUILDDIR>>'
dh_installchangelogs NEWS
make[1]: Leaving directory '/<<PKGBUILDDIR>>'
   dh_installman
   dh_lintian
   dh_perl
   dh_link
   dh_strip_nondeterminism
   dh_compress
   dh_fixperms
   dh_missing
   dh_dwz
   dh_strip
   dh_makeshlibs
   dh_shlibdeps
dpkg-shlibdeps: warning: package could avoid a useless dependency if debian/libglib-perl/usr/lib/x86_64-linux-gnu/perl5/5.30/auto/Glib/Glib.so was not linked against libgthread-2.0.so.0 (it uses none of the library's symbols)
   dh_installdeb
   dh_gencontrol
   dh_md5sums
   dh_builddeb
dpkg-deb: building package 'libglib-perl' in '../libglib-perl_1.329.2-1_amd64.deb'.
dpkg-deb: building package 'libglib-perl-dbgsym' in '../libglib-perl-dbgsym_1.329.2-1_amd64.deb'.
 dpkg-genbuildinfo --build=binary
 dpkg-genchanges --build=binary >../libglib-perl_1.329.2-1_amd64.changes
dpkg-genchanges: info: binary-only upload (no source code included)
 dpkg-source --after-build .
dpkg-buildpackage: info: binary-only upload (no source included)
--------------------------------------------------------------------------------
Build finished at 2020-02-25T05:43:48Z

Finished
--------

I: Built successfully

+------------------------------------------------------------------------------+
| Changes                                                                      |
+------------------------------------------------------------------------------+


libglib-perl_1.329.2-1_amd64.changes:
-------------------------------------

Format: 1.8
Date: Tue, 18 Feb 2020 07:09:25 +0000
Source: libglib-perl
Binary: libglib-perl libglib-perl-dbgsym
Architecture: amd64
Version: 3:1.329.2-1
Distribution: unstable
Urgency: medium
Maintainer: Debian Perl Group <pkg-perl-maintainers@lists.alioth.debian.org>
Changed-By: intrigeri <intrigeri@debian.org>
Description:
 libglib-perl - interface to the GLib and GObject libraries
Changes:
 libglib-perl (3:1.329.2-1) unstable; urgency=medium
 .
   [ intrigeri ]
   * Import new upstream release (1.3292 in NEWS, rel-1-32-92 Git tag,
     1.3292 tarball). Calling it 1.329.2 to avoid breaking our versioning
     scheme for now.
   * Update file path in lintian override
   * Declare that debian/rules does not need root privileges
   * Declare compliance with Policy 4.5.0
 .
   [ gregor herrmann ]
   * debian/control: update Build-Depends for cross builds.
Checksums-Sha1:
 646221a595e5757682d8110371bf00966e010594 177912 libglib-perl-dbgsym_1.329.2-1_amd64.deb
 110b5db7afa1b8c3e43a93e08f06d7235697dc7d 6445 libglib-perl_1.329.2-1_amd64.buildinfo
 b59893db5b37f51773fcc7263585b40b2ce3737e 348796 libglib-perl_1.329.2-1_amd64.deb
Checksums-Sha256:
 f07052a167c70d7b79655112ff64030d60d83eda9c84bd15f0a47c7aad0d68ec 177912 libglib-perl-dbgsym_1.329.2-1_amd64.deb
 f30bf34d7f03c9b4a0533db6538e8b0d31c249c485849e6adf01d2568ddea4e7 6445 libglib-perl_1.329.2-1_amd64.buildinfo
 795dfe4d69251e99d2ffd58465638cafd7f088ee1adb8209ee1212eb48f3ca68 348796 libglib-perl_1.329.2-1_amd64.deb
Files:
 abb02a244b7c1f3604309246ec187981 177912 debug optional libglib-perl-dbgsym_1.329.2-1_amd64.deb
 2bf3116aea49f50eacd67ecd124c24bc 6445 perl optional libglib-perl_1.329.2-1_amd64.buildinfo
 61d25f60d5b1da935818c78229545b02 348796 perl optional libglib-perl_1.329.2-1_amd64.deb

+------------------------------------------------------------------------------+
| Buildinfo                                                                    |
+------------------------------------------------------------------------------+

Format: 1.0
Source: libglib-perl
Binary: libglib-perl
Architecture: amd64
Version: 3:1.329.2-1
Checksums-Md5:
 abb02a244b7c1f3604309246ec187981 177912 libglib-perl-dbgsym_1.329.2-1_amd64.deb
 61d25f60d5b1da935818c78229545b02 348796 libglib-perl_1.329.2-1_amd64.deb
Checksums-Sha1:
 646221a595e5757682d8110371bf00966e010594 177912 libglib-perl-dbgsym_1.329.2-1_amd64.deb
 b59893db5b37f51773fcc7263585b40b2ce3737e 348796 libglib-perl_1.329.2-1_amd64.deb
Checksums-Sha256:
 f07052a167c70d7b79655112ff64030d60d83eda9c84bd15f0a47c7aad0d68ec 177912 libglib-perl-dbgsym_1.329.2-1_amd64.deb
 795dfe4d69251e99d2ffd58465638cafd7f088ee1adb8209ee1212eb48f3ca68 348796 libglib-perl_1.329.2-1_amd64.deb
Build-Origin: Debian
Build-Architecture: amd64
Build-Date: Tue, 25 Feb 2020 05:43:48 +0000
Build-Path: /<<PKGBUILDDIR>>
Installed-Build-Depends:
 autoconf (= 2.69-11.1),
 automake (= 1:1.16.1-4),
 autopoint (= 0.19.8.1-10),
 autotools-dev (= 20180224.1),
 base-files (= 11),
 base-passwd (= 3.5.47),
 bash (= 5.0-5),
 binutils (= 2.34-3),
 binutils-common (= 2.34-3),
 binutils-x86-64-linux-gnu (= 2.34-3),
 bsdmainutils (= 11.1.2+b1),
 bsdutils (= 1:2.34-0.1),
 build-essential (= 12.8),
 bzip2 (= 1.0.8-2),
 clang-8 (= 1:8.0.1-7),
 coreutils (= 8.30-3+b1),
 cpp (= 4:9.2.1-3.1),
 cpp-9 (= 9.2.1-29),
 dash (= 0.5.10.2-6),
 debconf (= 1.5.73),
 debhelper (= 12.9),
 debianutils (= 4.9.1),
 dh-autoreconf (= 19),
 dh-strip-nondeterminism (= 1.6.3-2),
 diffutils (= 1:3.7-3),
 dpkg (= 1.19.7),
 dpkg-dev (= 1.19.7),
 dwz (= 0.13-5),
 fdisk (= 2.34-0.1),
 file (= 1:5.38-4),
 findutils (= 4.7.0-1),
 g++ (= 4:9.2.1-3.1),
 g++-9 (= 9.2.1-29),
 gcc (= 4:9.2.1-3.1),
 gcc-10-base (= 10-20200222-1),
 gcc-8-base (= 8.3.0-29),
 gcc-9 (= 9.2.1-29),
 gcc-9-base (= 9.2.1-29),
 gettext (= 0.19.8.1-10),
 gettext-base (= 0.19.8.1-10),
 grep (= 3.4-1),
 groff-base (= 1.22.4-4),
 gzip (= 1.9-3+b1),
 hostname (= 3.23),
 init-system-helpers (= 1.57),
 intltool-debian (= 0.35.0+20060710.5),
 lib32gcc-s1 (= 10-20200222-1),
 lib32gcc1 (= 1:10-20200222-1),
 lib32stdc++6 (= 10-20200222-1),
 libacl1 (= 2.2.53-5),
 libarchive-zip-perl (= 1.67-1),
 libasan5 (= 9.2.1-29),
 libatomic1 (= 10-20200222-1),
 libattr1 (= 1:2.4.48-5),
 libaudit-common (= 1:2.8.5-2),
 libaudit1 (= 1:2.8.5-2+b1),
 libbinutils (= 2.34-3),
 libblkid-dev (= 2.34-0.1),
 libblkid1 (= 2.34-0.1),
 libbsd0 (= 0.10.0-1),
 libbz2-1.0 (= 1.0.8-2),
 libc-bin (= 2.29-10),
 libc-dev-bin (= 2.29-10),
 libc6 (= 2.29-10),
 libc6-dev (= 2.29-10),
 libc6-i386 (= 2.29-10),
 libcap-ng0 (= 0.7.9-2.1+b1),
 libcc1-0 (= 10-20200222-1),
 libclang-common-8-dev (= 1:8.0.1-7),
 libclang1-8 (= 1:8.0.1-7),
 libcroco3 (= 0.6.13-1),
 libcrypt-dev (= 1:4.4.10-10),
 libcrypt1 (= 1:4.4.10-10),
 libctf-nobfd0 (= 2.34-3),
 libctf0 (= 2.34-3),
 libdb5.3 (= 5.3.28+dfsg1-0.6),
 libdebconfclient0 (= 0.251),
 libdebhelper-perl (= 12.9),
 libdpkg-perl (= 1.19.7),
 libedit2 (= 3.1-20191231-1),
 libelf1 (= 0.176-1.1),
 libexpat1 (= 2.2.9-1),
 libextutils-depends-perl (= 0.8000-1),
 libextutils-pkgconfig-perl (= 1.16-1),
 libfdisk1 (= 2.34-0.1),
 libffi-dev (= 3.3-3),
 libffi7 (= 3.3-3),
 libfile-stripnondeterminism-perl (= 1.6.3-2),
 libgc1c2 (= 1:7.6.4-0.4),
 libgcc-8-dev (= 8.3.0-29),
 libgcc-9-dev (= 9.2.1-29),
 libgcc-s1 (= 10-20200222-1),
 libgcc1 (= 1:10-20200222-1),
 libgcrypt20 (= 1.8.5-5),
 libgdbm-compat4 (= 1.18.1-5),
 libgdbm6 (= 1.18.1-5),
 libglib2.0-0 (= 2.62.4-2),
 libglib2.0-bin (= 2.62.4-2),
 libglib2.0-data (= 2.62.4-2),
 libglib2.0-dev (= 2.62.4-2),
 libglib2.0-dev-bin (= 2.62.4-2),
 libgmp10 (= 2:6.2.0+dfsg-4),
 libgomp1 (= 10-20200222-1),
 libgpg-error0 (= 1.37-1),
 libicu63 (= 63.2-2),
 libisl22 (= 0.22.1-1),
 libitm1 (= 10-20200222-1),
 libllvm8 (= 1:8.0.1-7),
 liblsan0 (= 10-20200222-1),
 liblz4-1 (= 1.9.2-2),
 liblzma5 (= 5.2.4-1+b1),
 libmagic-mgc (= 1:5.38-4),
 libmagic1 (= 1:5.38-4),
 libmount-dev (= 2.34-0.1),
 libmount1 (= 2.34-0.1),
 libmpc3 (= 1.1.0-1),
 libmpdec2 (= 2.4.2-2),
 libmpfr6 (= 4.0.2-1),
 libmpx2 (= 8.3.0-29),
 libncursesw6 (= 6.1+20191019-1),
 libobjc-8-dev (= 8.3.0-29),
 libobjc4 (= 10-20200222-1),
 libpam-modules (= 1.3.1-5),
 libpam-modules-bin (= 1.3.1-5),
 libpam-runtime (= 1.3.1-5),
 libpam0g (= 1.3.1-5),
 libpcre16-3 (= 2:8.39-12+b1),
 libpcre2-16-0 (= 10.34-7),
 libpcre2-32-0 (= 10.34-7),
 libpcre2-8-0 (= 10.34-7),
 libpcre2-dev (= 10.34-7),
 libpcre2-posix2 (= 10.34-7),
 libpcre3 (= 2:8.39-12+b1),
 libpcre3-dev (= 2:8.39-12+b1),
 libpcre32-3 (= 2:8.39-12+b1),
 libpcrecpp0v5 (= 2:8.39-12+b1),
 libperl-dev (= 5.30.0-9),
 libperl5.30 (= 5.30.0-9),
 libpipeline1 (= 1.5.2-2),
 libpython3-stdlib (= 3.7.5-3),
 libpython3.7-minimal (= 3.7.6-1+b1),
 libpython3.7-stdlib (= 3.7.6-1+b1),
 libquadmath0 (= 10-20200222-1),
 libreadline8 (= 8.0-3),
 libseccomp2 (= 2.4.2-2),
 libselinux1 (= 3.0-1+b1),
 libselinux1-dev (= 3.0-1+b1),
 libsepol1 (= 3.0-1),
 libsepol1-dev (= 3.0-1),
 libsigsegv2 (= 2.12-2),
 libsmartcols1 (= 2.34-0.1),
 libsqlite3-0 (= 3.31.1-3),
 libssl1.1 (= 1.1.1d-2),
 libstdc++-8-dev (= 8.3.0-29),
 libstdc++-9-dev (= 9.2.1-29),
 libstdc++6 (= 10-20200222-1),
 libsub-override-perl (= 0.09-2),
 libsystemd0 (= 244.3-1),
 libtest-consistentversion-perl (= 0.3.0-1),
 libtest-pod-content-perl (= 0.0.6-2),
 libtinfo6 (= 6.1+20191019-1),
 libtool (= 2.4.6-13),
 libtsan0 (= 10-20200222-1),
 libubsan1 (= 10-20200222-1),
 libuchardet0 (= 0.0.6-3),
 libudev1 (= 244.3-1),
 libunistring2 (= 0.9.10-2),
 libuuid1 (= 2.34-0.1),
 libxml2 (= 2.9.10+dfsg-3),
 linux-libc-dev (= 5.4.19-1),
 login (= 1:4.8.1-1),
 lsb-base (= 11.1.0),
 m4 (= 1.4.18-4),
 make (= 4.2.1-1.2),
 man-db (= 2.9.0-2),
 mawk (= 1.3.4.20200120-2),
 mime-support (= 3.64),
 ncurses-base (= 6.1+20191019-1),
 ncurses-bin (= 6.1+20191019-1),
 patch (= 2.7.6-6),
 perl (= 5.30.0-9),
 perl-base (= 5.30.0-9),
 perl-modules-5.30 (= 5.30.0-9),
 pkg-config (= 0.29-6),
 po-debconf (= 1.0.21),
 python3 (= 3.7.5-3),
 python3-distutils (= 3.8.0-1),
 python3-lib2to3 (= 3.8.0-1),
 python3-minimal (= 3.7.5-3),
 python3.7 (= 3.7.6-1+b1),
 python3.7-minimal (= 3.7.6-1+b1),
 readline-common (= 8.0-3),
 sed (= 4.7-1),
 sensible-utils (= 0.0.12+nmu1),
 sysvinit-utils (= 2.96-2.1),
 tar (= 1.30+dfsg-6+b1),
 util-linux (= 2.34-0.1),
 uuid-dev (= 2.34-0.1),
 xz-utils (= 5.2.4-1+b1),
 zlib1g (= 1:1.2.11.dfsg-2),
 zlib1g-dev (= 1:1.2.11.dfsg-2)
Environment:
 DEB_BUILD_OPTIONS="parallel=4"
 LANG="C.UTF-8"
 LC_ALL="C.UTF-8"
 SOURCE_DATE_EPOCH="1582009765"


+------------------------------------------------------------------------------+
| Package contents                                                             |
+------------------------------------------------------------------------------+


libglib-perl-dbgsym_1.329.2-1_amd64.deb
---------------------------------------

 new Debian package, version 2.0.
 size 177912 bytes: control archive=552 bytes.
     407 bytes,    13 lines      control              
     106 bytes,     1 lines      md5sums              
 Package: libglib-perl-dbgsym
 Source: libglib-perl
 Version: 3:1.329.2-1
 Auto-Built-Package: debug-symbols
 Architecture: amd64
 Maintainer: Debian Perl Group <pkg-perl-maintainers@lists.alioth.debian.org>
 Installed-Size: 232
 Depends: libglib-perl (= 3:1.329.2-1)
 Section: debug
 Priority: optional
 Multi-Arch: same
 Description: debug symbols for libglib-perl
 Build-Ids: 321c4564b0c429ca38e1b634193a3b7d0fb63449

drwxr-xr-x root/root         0 2020-02-18 07:09 ./
drwxr-xr-x root/root         0 2020-02-18 07:09 ./usr/
drwxr-xr-x root/root         0 2020-02-18 07:09 ./usr/lib/
drwxr-xr-x root/root         0 2020-02-18 07:09 ./usr/lib/debug/
drwxr-xr-x root/root         0 2020-02-18 07:09 ./usr/lib/debug/.build-id/
drwxr-xr-x root/root         0 2020-02-18 07:09 ./usr/lib/debug/.build-id/32/
-rw-r--r-- root/root    226840 2020-02-18 07:09 ./usr/lib/debug/.build-id/32/1c4564b0c429ca38e1b634193a3b7d0fb63449.debug
drwxr-xr-x root/root         0 2020-02-18 07:09 ./usr/share/
drwxr-xr-x root/root         0 2020-02-18 07:09 ./usr/share/doc/
lrwxrwxrwx root/root         0 2020-02-18 07:09 ./usr/share/doc/libglib-perl-dbgsym -> libglib-perl


libglib-perl_1.329.2-1_amd64.deb
--------------------------------

 new Debian package, version 2.0.
 size 348796 bytes: control archive=3080 bytes.
     754 bytes,    15 lines      control              
    7469 bytes,    91 lines      md5sums              
 Package: libglib-perl
 Version: 3:1.329.2-1
 Architecture: amd64
 Maintainer: Debian Perl Group <pkg-perl-maintainers@lists.alioth.debian.org>
 Installed-Size: 944
 Depends: perl (>= 5.30.0-9), perlapi-5.30.0, libc6 (>= 2.14), libglib2.0-0 (>= 2.41.1), libextutils-depends-perl, libextutils-pkgconfig-perl
 Section: perl
 Priority: optional
 Multi-Arch: same
 Homepage: http://gtk2-perl.sourceforge.net/
 Description: interface to the GLib and GObject libraries
  Glib provides a Perl interface to the GLib and GObject libraries, as part
  of gtk2-perl. It attempts to provide a perlish interface while remaining as
  true as possible to the underlying C API, so perusing the reference manual is
  recommended (see <URL:http://developer.gnome.org/doc/API/2.0/glib/>).

drwxr-xr-x root/root         0 2020-02-18 07:09 ./
drwxr-xr-x root/root         0 2020-02-18 07:09 ./usr/
drwxr-xr-x root/root         0 2020-02-18 07:09 ./usr/lib/
drwxr-xr-x root/root         0 2020-02-18 07:09 ./usr/lib/x86_64-linux-gnu/
drwxr-xr-x root/root         0 2020-02-18 07:09 ./usr/lib/x86_64-linux-gnu/perl5/
drwxr-xr-x root/root         0 2020-02-18 07:09 ./usr/lib/x86_64-linux-gnu/perl5/5.30/
-rw-r--r-- root/root     27253 2020-02-18 04:40 ./usr/lib/x86_64-linux-gnu/perl5/5.30/Glib.pm
drwxr-xr-x root/root         0 2020-02-18 07:09 ./usr/lib/x86_64-linux-gnu/perl5/5.30/Glib/
-rw-r--r-- root/root     12711 2020-02-18 07:09 ./usr/lib/x86_64-linux-gnu/perl5/5.30/Glib/BookmarkFile.pod
-rw-r--r-- root/root       761 2020-02-18 07:09 ./usr/lib/x86_64-linux-gnu/perl5/5.30/Glib/Boxed.pod
-rw-r--r-- root/root      1132 2020-02-18 07:09 ./usr/lib/x86_64-linux-gnu/perl5/5.30/Glib/Bytes.pod
-rw-r--r-- root/root     21232 2020-02-18 05:05 ./usr/lib/x86_64-linux-gnu/perl5/5.30/Glib/CodeGen.pm
-rw-r--r-- root/root      5025 2020-02-18 07:09 ./usr/lib/x86_64-linux-gnu/perl5/5.30/Glib/Error.pod
-rw-r--r-- root/root      2791 2020-02-18 07:09 ./usr/lib/x86_64-linux-gnu/perl5/5.30/Glib/Flags.pod
-rw-r--r-- root/root     40233 2020-02-18 05:06 ./usr/lib/x86_64-linux-gnu/perl5/5.30/Glib/GenPod.pm
drwxr-xr-x root/root         0 2020-02-18 07:09 ./usr/lib/x86_64-linux-gnu/perl5/5.30/Glib/Install/
-rw-r--r-- root/root       907 2020-02-18 07:09 ./usr/lib/x86_64-linux-gnu/perl5/5.30/Glib/Install/Files.pm
-rw-r--r-- root/root       786 2011-11-27 07:56 ./usr/lib/x86_64-linux-gnu/perl5/5.30/Glib/Install/doctypes
-rw-r--r-- root/root     16859 2018-09-26 03:50 ./usr/lib/x86_64-linux-gnu/perl5/5.30/Glib/Install/gperl.h
-rw-r--r-- root/root      7351 2012-07-09 00:11 ./usr/lib/x86_64-linux-gnu/perl5/5.30/Glib/Install/gperl_marshal.h
-rw-r--r-- root/root      7044 2018-09-26 03:50 ./usr/lib/x86_64-linux-gnu/perl5/5.30/Glib/Install/typemap
-rw-r--r-- root/root     12082 2020-02-18 07:09 ./usr/lib/x86_64-linux-gnu/perl5/5.30/Glib/KeyFile.pod
-rw-r--r-- root/root      4014 2020-02-18 07:09 ./usr/lib/x86_64-linux-gnu/perl5/5.30/Glib/Log.pod
-rw-r--r-- root/root      6259 2020-02-18 07:09 ./usr/lib/x86_64-linux-gnu/perl5/5.30/Glib/MainLoop.pod
-rw-r--r-- root/root     18112 2020-02-18 05:06 ./usr/lib/x86_64-linux-gnu/perl5/5.30/Glib/MakeHelper.pm
-rw-r--r-- root/root       422 2020-02-18 07:09 ./usr/lib/x86_64-linux-gnu/perl5/5.30/Glib/Markup.pod
-rw-r--r-- root/root     11955 2020-02-18 07:09 ./usr/lib/x86_64-linux-gnu/perl5/5.30/Glib/Object.pod
drwxr-xr-x root/root         0 2020-02-18 07:09 ./usr/lib/x86_64-linux-gnu/perl5/5.30/Glib/Object/
-rw-r--r-- root/root     14904 2020-02-18 05:06 ./usr/lib/x86_64-linux-gnu/perl5/5.30/Glib/Object/Subclass.pm
-rw-r--r-- root/root       468 2020-02-18 07:09 ./usr/lib/x86_64-linux-gnu/perl5/5.30/Glib/OptionContext.pod
-rw-r--r-- root/root      4709 2020-02-18 07:09 ./usr/lib/x86_64-linux-gnu/perl5/5.30/Glib/OptionGroup.pod
drwxr-xr-x root/root         0 2020-02-18 07:09 ./usr/lib/x86_64-linux-gnu/perl5/5.30/Glib/Param/
-rw-r--r-- root/root       440 2020-02-18 07:09 ./usr/lib/x86_64-linux-gnu/perl5/5.30/Glib/Param/Boolean.pod
-rw-r--r-- root/root       864 2020-02-18 07:09 ./usr/lib/x86_64-linux-gnu/perl5/5.30/Glib/Param/Double.pod
-rw-r--r-- root/root       523 2020-02-18 07:09 ./usr/lib/x86_64-linux-gnu/perl5/5.30/Glib/Param/Enum.pod
-rw-r--r-- root/root       528 2020-02-18 07:09 ./usr/lib/x86_64-linux-gnu/perl5/5.30/Glib/Param/Flags.pod
-rw-r--r-- root/root      1033 2020-02-18 07:09 ./usr/lib/x86_64-linux-gnu/perl5/5.30/Glib/Param/GType.pod
-rw-r--r-- root/root      1001 2020-02-18 07:09 ./usr/lib/x86_64-linux-gnu/perl5/5.30/Glib/Param/Int.pod
-rw-r--r-- root/root       859 2020-02-18 07:09 ./usr/lib/x86_64-linux-gnu/perl5/5.30/Glib/Param/Int64.pod
-rw-r--r-- root/root       435 2020-02-18 07:09 ./usr/lib/x86_64-linux-gnu/perl5/5.30/Glib/Param/String.pod
-rw-r--r-- root/root      1033 2020-02-18 07:09 ./usr/lib/x86_64-linux-gnu/perl5/5.30/Glib/Param/UInt.pod
-rw-r--r-- root/root       868 2020-02-18 07:09 ./usr/lib/x86_64-linux-gnu/perl5/5.30/Glib/Param/UInt64.pod
-rw-r--r-- root/root       620 2020-02-18 07:09 ./usr/lib/x86_64-linux-gnu/perl5/5.30/Glib/Param/Unichar.pod
-rw-r--r-- root/root     11211 2020-02-18 07:09 ./usr/lib/x86_64-linux-gnu/perl5/5.30/Glib/ParamSpec.pod
-rw-r--r-- root/root     23070 2020-02-18 05:06 ./usr/lib/x86_64-linux-gnu/perl5/5.30/Glib/ParseXSDoc.pm
-rw-r--r-- root/root      2864 2020-02-18 07:09 ./usr/lib/x86_64-linux-gnu/perl5/5.30/Glib/Signal.pod
-rw-r--r-- root/root     12007 2020-02-18 07:09 ./usr/lib/x86_64-linux-gnu/perl5/5.30/Glib/Type.pod
-rw-r--r-- root/root      4598 2020-02-18 07:09 ./usr/lib/x86_64-linux-gnu/perl5/5.30/Glib/Utils.pod
-rw-r--r-- root/root      6955 2020-02-18 07:09 ./usr/lib/x86_64-linux-gnu/perl5/5.30/Glib/Variant.pod
-rw-r--r-- root/root      1263 2020-02-18 07:09 ./usr/lib/x86_64-linux-gnu/perl5/5.30/Glib/VariantDict.pod
-rw-r--r-- root/root      2339 2020-02-18 07:09 ./usr/lib/x86_64-linux-gnu/perl5/5.30/Glib/VariantType.pod
-rw-r--r-- root/root     15197 2012-01-06 06:26 ./usr/lib/x86_64-linux-gnu/perl5/5.30/Glib/devel.pod
-rw-r--r-- root/root       882 2020-02-18 07:09 ./usr/lib/x86_64-linux-gnu/perl5/5.30/Glib/index.pod
-rw-r--r-- root/root      6383 2020-02-18 07:09 ./usr/lib/x86_64-linux-gnu/perl5/5.30/Glib/version.pod
-rw-r--r-- root/root     40777 2020-02-18 07:09 ./usr/lib/x86_64-linux-gnu/perl5/5.30/Glib/xsapi.pod
drwxr-xr-x root/root         0 2020-02-18 07:09 ./usr/lib/x86_64-linux-gnu/perl5/5.30/auto/
drwxr-xr-x root/root         0 2020-02-18 07:09 ./usr/lib/x86_64-linux-gnu/perl5/5.30/auto/Glib/
-rw-r--r-- root/root    391328 2020-02-18 07:09 ./usr/lib/x86_64-linux-gnu/perl5/5.30/auto/Glib/Glib.so
drwxr-xr-x root/root         0 2020-02-18 07:09 ./usr/share/
drwxr-xr-x root/root         0 2020-02-18 07:09 ./usr/share/doc/
drwxr-xr-x root/root         0 2020-02-18 07:09 ./usr/share/doc/libglib-perl/
-rw-r--r-- root/root       643 2011-11-27 07:56 ./usr/share/doc/libglib-perl/TODO
-rw-r--r-- root/root      6971 2020-02-18 07:09 ./usr/share/doc/libglib-perl/changelog.Debian.gz
-rw-r--r-- root/root     12660 2020-02-18 04:41 ./usr/share/doc/libglib-perl/changelog.gz
-rw-r--r-- root/root       813 2020-02-18 07:09 ./usr/share/doc/libglib-perl/copyright
drwxr-xr-x root/root         0 2020-02-18 07:09 ./usr/share/lintian/
drwxr-xr-x root/root         0 2020-02-18 07:09 ./usr/share/lintian/overrides/
-rw-r--r-- root/root       175 2020-02-18 07:09 ./usr/share/lintian/overrides/libglib-perl
drwxr-xr-x root/root         0 2020-02-18 07:09 ./usr/share/man/
drwxr-xr-x root/root         0 2020-02-18 07:09 ./usr/share/man/man3/
-rw-r--r-- root/root      8756 2020-02-18 07:09 ./usr/share/man/man3/Glib.3pm.gz
-rw-r--r-- root/root      4805 2020-02-18 07:09 ./usr/share/man/man3/Glib::BookmarkFile.3pm.gz
-rw-r--r-- root/root      1496 2020-02-18 07:09 ./usr/share/man/man3/Glib::Boxed.3pm.gz
-rw-r--r-- root/root      1663 2020-02-18 07:09 ./usr/share/man/man3/Glib::Bytes.3pm.gz
-rw-r--r-- root/root      6192 2020-02-18 07:09 ./usr/share/man/man3/Glib::CodeGen.3pm.gz
-rw-r--r-- root/root      3265 2020-02-18 07:09 ./usr/share/man/man3/Glib::Error.3pm.gz
-rw-r--r-- root/root      2271 2020-02-18 07:09 ./usr/share/man/man3/Glib::Flags.3pm.gz
-rw-r--r-- root/root      6863 2020-02-18 07:09 ./usr/share/man/man3/Glib::GenPod.3pm.gz
-rw-r--r-- root/root      3840 2020-02-18 07:09 ./usr/share/man/man3/Glib::KeyFile.3pm.gz
-rw-r--r-- root/root      2501 2020-02-18 07:09 ./usr/share/man/man3/Glib::Log.3pm.gz
-rw-r--r-- root/root      3580 2020-02-18 07:09 ./usr/share/man/man3/Glib::MainLoop.3pm.gz
-rw-r--r-- root/root      4164 2020-02-18 07:09 ./usr/share/man/man3/Glib::MakeHelper.3pm.gz
-rw-r--r-- root/root      1296 2020-02-18 07:09 ./usr/share/man/man3/Glib::Markup.3pm.gz
-rw-r--r-- root/root      5786 2020-02-18 07:09 ./usr/share/man/man3/Glib::Object.3pm.gz
-rw-r--r-- root/root      6875 2020-02-18 07:09 ./usr/share/man/man3/Glib::Object::Subclass.3pm.gz
-rw-r--r-- root/root      1288 2020-02-18 07:09 ./usr/share/man/man3/Glib::OptionContext.3pm.gz
-rw-r--r-- root/root      2852 2020-02-18 07:09 ./usr/share/man/man3/Glib::OptionGroup.3pm.gz
-rw-r--r-- root/root      1283 2020-02-18 07:09 ./usr/share/man/man3/Glib::Param::Boolean.3pm.gz
-rw-r--r-- root/root      1484 2020-02-18 07:09 ./usr/share/man/man3/Glib::Param::Double.3pm.gz
-rw-r--r-- root/root      1359 2020-02-18 07:09 ./usr/share/man/man3/Glib::Param::Enum.3pm.gz
-rw-r--r-- root/root      1360 2020-02-18 07:09 ./usr/share/man/man3/Glib::Param::Flags.3pm.gz
-rw-r--r-- root/root      1630 2020-02-18 07:09 ./usr/share/man/man3/Glib::Param::GType.3pm.gz
-rw-r--r-- root/root      1552 2020-02-18 07:09 ./usr/share/man/man3/Glib::Param::Int.3pm.gz
-rw-r--r-- root/root      1526 2020-02-18 07:09 ./usr/share/man/man3/Glib::Param::Int64.3pm.gz
-rw-r--r-- root/root      1280 2020-02-18 07:09 ./usr/share/man/man3/Glib::Param::String.3pm.gz
-rw-r--r-- root/root      1575 2020-02-18 07:09 ./usr/share/man/man3/Glib::Param::UInt.3pm.gz
-rw-r--r-- root/root      1531 2020-02-18 07:09 ./usr/share/man/man3/Glib::Param::UInt64.3pm.gz
-rw-r--r-- root/root      1391 2020-02-18 07:09 ./usr/share/man/man3/Glib::Param::Unichar.3pm.gz
-rw-r--r-- root/root      3954 2020-02-18 07:09 ./usr/share/man/man3/Glib::ParamSpec.3pm.gz
-rw-r--r-- root/root      3808 2020-02-18 07:09 ./usr/share/man/man3/Glib::ParseXSDoc.3pm.gz
-rw-r--r-- root/root      2403 2020-02-18 07:09 ./usr/share/man/man3/Glib::Signal.3pm.gz
-rw-r--r-- root/root      5513 2020-02-18 07:09 ./usr/share/man/man3/Glib::Type.3pm.gz
-rw-r--r-- root/root      2867 2020-02-18 07:09 ./usr/share/man/man3/Glib::Utils.3pm.gz
-rw-r--r-- root/root      3508 2020-02-18 07:09 ./usr/share/man/man3/Glib::Variant.3pm.gz
-rw-r--r-- root/root      1610 2020-02-18 07:09 ./usr/share/man/man3/Glib::VariantDict.3pm.gz
-rw-r--r-- root/root      2000 2020-02-18 07:09 ./usr/share/man/man3/Glib::VariantType.3pm.gz
-rw-r--r-- root/root      7500 2020-02-18 07:09 ./usr/share/man/man3/Glib::devel.3pm.gz
-rw-r--r-- root/root      1426 2020-02-18 07:09 ./usr/share/man/man3/Glib::index.3pm.gz
-rw-r--r-- root/root      3545 2020-02-18 07:09 ./usr/share/man/man3/Glib::version.3pm.gz
-rw-r--r-- root/root     15590 2020-02-18 07:09 ./usr/share/man/man3/Glib::xsapi.3pm.gz


+------------------------------------------------------------------------------+
| Post Build                                                                   |
+------------------------------------------------------------------------------+


+------------------------------------------------------------------------------+
| Cleanup                                                                      |
+------------------------------------------------------------------------------+

Purging /<<BUILDDIR>>
Not cleaning session: cloned chroot in use

+------------------------------------------------------------------------------+
| Summary                                                                      |
+------------------------------------------------------------------------------+

Build Architecture: amd64
Build Type: binary
Build-Space: 9236
Build-Time: 17
Distribution: unstable
Host Architecture: amd64
Install-Time: 14
Job: libglib-perl_3:1.329.2-1
Machine Architecture: amd64
Package: libglib-perl
Package-Time: 52
Source-Version: 3:1.329.2-1
Space: 9236
Status: successful
Version: 3:1.329.2-1
--------------------------------------------------------------------------------
Finished at 2020-02-25T05:43:48Z
Build needed 00:00:52, 9236k disk space
DC-Status: OK 54.537680574s
