DC-Build-Header: libmarpa-r2-perl 2.086000~dfsg-6 / 2020-02-25 02:45:46 +0000
DC-Task: type:rebuild-binarch-only source:libmarpa-r2-perl version:2.086000~dfsg-6 chroot:unstable esttime:102 logfile:/tmp/libmarpa-r2-perl_2.086000~dfsg-6_unstable_clang8.log modes:clang8:binarch-only
DC-Sbuild-call: su user42 -c 'sbuild -n --arch-any --apt-update -d unstable -v --no-run-lintian --chroot-setup-commands=/tmp/clang8 libmarpa-r2-perl_2.086000~dfsg-6'
sbuild (Debian sbuild) 0.78.1 (09 February 2019) on ip-172-31-6-46.eu-central-1.compute.internal

+==============================================================================+
| libmarpa-r2-perl 2.086000~dfsg-6 (amd64)     Tue, 25 Feb 2020 02:45:47 +0000 |
+==============================================================================+

Package: libmarpa-r2-perl
Version: 2.086000~dfsg-6
Source Version: 2.086000~dfsg-6
Distribution: unstable
Machine Architecture: amd64
Host Architecture: amd64
Build Architecture: amd64
Build Type: binary

I: NOTICE: Log filtering will replace 'var/run/schroot/mount/sid-amd64-sbuild-73129140-cbb2-4190-a470-dd3f9dbe19af' with '<<CHROOT>>'

+------------------------------------------------------------------------------+
| Chroot Setup Commands                                                        |
+------------------------------------------------------------------------------+


/tmp/clang8
-----------

+ echo 'Entering customization script...'
Entering customization script...
+ CLANG_VERSION=8
+ echo 'Install of clang-8'
Install of clang-8
+ apt-get update
Get:1 http://127.0.0.1:12990/debian sid InRelease [142 kB]
Get:2 http://127.0.0.1:12990/debian sid/main Sources.diff/Index [27.9 kB]
Get:3 http://127.0.0.1:12990/debian sid/main amd64 Packages.diff/Index [27.9 kB]
Get:4 http://127.0.0.1:12990/debian sid/main Sources 2020-02-24-0823.32.pdiff [11.0 kB]
Get:5 http://127.0.0.1:12990/debian sid/main Sources 2020-02-24-1420.34.pdiff [30.2 kB]
Get:6 http://127.0.0.1:12990/debian sid/main Sources 2020-02-24-2014.03.pdiff [16.9 kB]
Get:6 http://127.0.0.1:12990/debian sid/main Sources 2020-02-24-2014.03.pdiff [16.9 kB]
Get:7 http://127.0.0.1:12990/debian sid/main amd64 Packages 2020-02-24-0823.32.pdiff [15.5 kB]
Get:8 http://127.0.0.1:12990/debian sid/main amd64 Packages 2020-02-24-1420.34.pdiff [27.5 kB]
Get:9 http://127.0.0.1:12990/debian sid/main amd64 Packages 2020-02-24-2014.03.pdiff [21.6 kB]
Get:9 http://127.0.0.1:12990/debian sid/main amd64 Packages 2020-02-24-2014.03.pdiff [21.6 kB]
Get:10 http://127.0.0.1:12990/debian sid/main Translation-en [6193 kB]
Fetched 6514 kB in 2s (2669 kB/s)
Reading package lists...
+ apt-get install --yes --no-install-recommends --force-yes clang-8 libomp-8-dev libobjc-9-dev
Reading package lists...
Building dependency tree...
The following additional packages will be installed:
  gcc-8-base lib32gcc-s1 lib32gcc1 lib32stdc++6 libbsd0 libc6-i386
  libclang-common-8-dev libclang1-8 libedit2 libgc1c2 libgcc-8-dev libllvm8
  libmpx2 libobjc-8-dev libobjc4 libomp5-8 libstdc++-8-dev
Suggested packages:
  clang-8-doc libomp-8-doc libstdc++-8-doc
Recommended packages:
  llvm-8-dev python3
The following NEW packages will be installed:
  clang-8 gcc-8-base lib32gcc-s1 lib32gcc1 lib32stdc++6 libbsd0 libc6-i386
  libclang-common-8-dev libclang1-8 libedit2 libgc1c2 libgcc-8-dev libllvm8
  libmpx2 libobjc-8-dev libobjc-9-dev libobjc4 libomp-8-dev libomp5-8
  libstdc++-8-dev
0 upgraded, 20 newly installed, 0 to remove and 1 not upgraded.
Need to get 39.9 MB of archives.
After this operation, 223 MB of additional disk space will be used.
Get:1 http://127.0.0.1:12990/debian sid/main amd64 libbsd0 amd64 0.10.0-1 [107 kB]
Get:2 http://127.0.0.1:12990/debian sid/main amd64 libedit2 amd64 3.1-20191231-1 [95.4 kB]
Get:3 http://127.0.0.1:12990/debian sid/main amd64 libllvm8 amd64 1:8.0.1-7 [13.8 MB]
Get:4 http://127.0.0.1:12990/debian sid/main amd64 gcc-8-base amd64 8.3.0-29 [194 kB]
Get:5 http://127.0.0.1:12990/debian sid/main amd64 libmpx2 amd64 8.3.0-29 [11.4 kB]
Get:6 http://127.0.0.1:12990/debian sid/main amd64 libgcc-8-dev amd64 8.3.0-29 [2297 kB]
Get:7 http://127.0.0.1:12990/debian sid/main amd64 libstdc++-8-dev amd64 8.3.0-29 [1543 kB]
Get:8 http://127.0.0.1:12990/debian sid/main amd64 libgc1c2 amd64 1:7.6.4-0.4 [224 kB]
Get:9 http://127.0.0.1:12990/debian sid/main amd64 libobjc4 amd64 10-20200222-1 [41.6 kB]
Get:10 http://127.0.0.1:12990/debian sid/main amd64 libobjc-8-dev amd64 8.3.0-29 [227 kB]
Get:11 http://127.0.0.1:12990/debian sid/main amd64 libc6-i386 amd64 2.29-10 [2918 kB]
Get:12 http://127.0.0.1:12990/debian sid/main amd64 lib32gcc-s1 amd64 10-20200222-1 [49.4 kB]
Get:13 http://127.0.0.1:12990/debian sid/main amd64 lib32gcc1 amd64 1:10-20200222-1 [1104 B]
Get:14 http://127.0.0.1:12990/debian sid/main amd64 lib32stdc++6 amd64 10-20200222-1 [510 kB]
Get:15 http://127.0.0.1:12990/debian sid/main amd64 libclang-common-8-dev amd64 1:8.0.1-7 [2989 kB]
Get:16 http://127.0.0.1:12990/debian sid/main amd64 libclang1-8 amd64 1:8.0.1-7 [6244 kB]
Get:17 http://127.0.0.1:12990/debian sid/main amd64 clang-8 amd64 1:8.0.1-7 [8010 kB]
Get:18 http://127.0.0.1:12990/debian sid/main amd64 libobjc-9-dev amd64 9.2.1-29 [219 kB]
Get:19 http://127.0.0.1:12990/debian sid/main amd64 libomp5-8 amd64 1:8.0.1-7 [331 kB]
Get:20 http://127.0.0.1:12990/debian sid/main amd64 libomp-8-dev amd64 1:8.0.1-7 [62.3 kB]
debconf: delaying package configuration, since apt-utils is not installed
Fetched 39.9 MB in 0s (91.1 MB/s)
Selecting previously unselected package libbsd0:amd64.
(Reading database ... (Reading database ... 5%(Reading database ... 10%(Reading database ... 15%(Reading database ... 20%(Reading database ... 25%(Reading database ... 30%(Reading database ... 35%(Reading database ... 40%(Reading database ... 45%(Reading database ... 50%(Reading database ... 55%(Reading database ... 60%(Reading database ... 65%(Reading database ... 70%(Reading database ... 75%(Reading database ... 80%(Reading database ... 85%(Reading database ... 90%(Reading database ... 95%(Reading database ... 100%(Reading database ... 12119 files and directories currently installed.)
Preparing to unpack .../00-libbsd0_0.10.0-1_amd64.deb ...
Unpacking libbsd0:amd64 (0.10.0-1) ...
Selecting previously unselected package libedit2:amd64.
Preparing to unpack .../01-libedit2_3.1-20191231-1_amd64.deb ...
Unpacking libedit2:amd64 (3.1-20191231-1) ...
Selecting previously unselected package libllvm8:amd64.
Preparing to unpack .../02-libllvm8_1%3a8.0.1-7_amd64.deb ...
Unpacking libllvm8:amd64 (1:8.0.1-7) ...
Selecting previously unselected package gcc-8-base:amd64.
Preparing to unpack .../03-gcc-8-base_8.3.0-29_amd64.deb ...
Unpacking gcc-8-base:amd64 (8.3.0-29) ...
Selecting previously unselected package libmpx2:amd64.
Preparing to unpack .../04-libmpx2_8.3.0-29_amd64.deb ...
Unpacking libmpx2:amd64 (8.3.0-29) ...
Selecting previously unselected package libgcc-8-dev:amd64.
Preparing to unpack .../05-libgcc-8-dev_8.3.0-29_amd64.deb ...
Unpacking libgcc-8-dev:amd64 (8.3.0-29) ...
Selecting previously unselected package libstdc++-8-dev:amd64.
Preparing to unpack .../06-libstdc++-8-dev_8.3.0-29_amd64.deb ...
Unpacking libstdc++-8-dev:amd64 (8.3.0-29) ...
Selecting previously unselected package libgc1c2:amd64.
Preparing to unpack .../07-libgc1c2_1%3a7.6.4-0.4_amd64.deb ...
Unpacking libgc1c2:amd64 (1:7.6.4-0.4) ...
Selecting previously unselected package libobjc4:amd64.
Preparing to unpack .../08-libobjc4_10-20200222-1_amd64.deb ...
Unpacking libobjc4:amd64 (10-20200222-1) ...
Selecting previously unselected package libobjc-8-dev:amd64.
Preparing to unpack .../09-libobjc-8-dev_8.3.0-29_amd64.deb ...
Unpacking libobjc-8-dev:amd64 (8.3.0-29) ...
Selecting previously unselected package libc6-i386.
Preparing to unpack .../10-libc6-i386_2.29-10_amd64.deb ...
Unpacking libc6-i386 (2.29-10) ...
Selecting previously unselected package lib32gcc-s1.
Preparing to unpack .../11-lib32gcc-s1_10-20200222-1_amd64.deb ...
Unpacking lib32gcc-s1 (10-20200222-1) ...
Selecting previously unselected package lib32gcc1.
Preparing to unpack .../12-lib32gcc1_1%3a10-20200222-1_amd64.deb ...
Unpacking lib32gcc1 (1:10-20200222-1) ...
Selecting previously unselected package lib32stdc++6.
Preparing to unpack .../13-lib32stdc++6_10-20200222-1_amd64.deb ...
Unpacking lib32stdc++6 (10-20200222-1) ...
Selecting previously unselected package libclang-common-8-dev.
Preparing to unpack .../14-libclang-common-8-dev_1%3a8.0.1-7_amd64.deb ...
Unpacking libclang-common-8-dev (1:8.0.1-7) ...
Selecting previously unselected package libclang1-8.
Preparing to unpack .../15-libclang1-8_1%3a8.0.1-7_amd64.deb ...
Unpacking libclang1-8 (1:8.0.1-7) ...
Selecting previously unselected package clang-8.
Preparing to unpack .../16-clang-8_1%3a8.0.1-7_amd64.deb ...
Unpacking clang-8 (1:8.0.1-7) ...
Selecting previously unselected package libobjc-9-dev:amd64.
Preparing to unpack .../17-libobjc-9-dev_9.2.1-29_amd64.deb ...
Unpacking libobjc-9-dev:amd64 (9.2.1-29) ...
Selecting previously unselected package libomp5-8:amd64.
Preparing to unpack .../18-libomp5-8_1%3a8.0.1-7_amd64.deb ...
Unpacking libomp5-8:amd64 (1:8.0.1-7) ...
Selecting previously unselected package libomp-8-dev.
Preparing to unpack .../19-libomp-8-dev_1%3a8.0.1-7_amd64.deb ...
Unpacking libomp-8-dev (1:8.0.1-7) ...
Setting up libgc1c2:amd64 (1:7.6.4-0.4) ...
Setting up libobjc4:amd64 (10-20200222-1) ...
Setting up gcc-8-base:amd64 (8.3.0-29) ...
Setting up libobjc-9-dev:amd64 (9.2.1-29) ...
Setting up libmpx2:amd64 (8.3.0-29) ...
Setting up libc6-i386 (2.29-10) ...
Setting up libbsd0:amd64 (0.10.0-1) ...
Setting up libomp5-8:amd64 (1:8.0.1-7) ...
Setting up libomp-8-dev (1:8.0.1-7) ...
Setting up libedit2:amd64 (3.1-20191231-1) ...
Setting up lib32gcc-s1 (10-20200222-1) ...
Setting up libgcc-8-dev:amd64 (8.3.0-29) ...
Setting up libstdc++-8-dev:amd64 (8.3.0-29) ...
Setting up libllvm8:amd64 (1:8.0.1-7) ...
Setting up libclang1-8 (1:8.0.1-7) ...
Setting up lib32gcc1 (1:10-20200222-1) ...
Setting up libobjc-8-dev:amd64 (8.3.0-29) ...
Setting up lib32stdc++6 (10-20200222-1) ...
Setting up libclang-common-8-dev (1:8.0.1-7) ...
Setting up clang-8 (1:8.0.1-7) ...
Processing triggers for libc-bin (2.29-10) ...
W: --force-yes is deprecated, use one of the options starting with --allow instead.
+ echo 'Replace gcc, g++ & cpp by clang'
Replace gcc, g++ & cpp by clang
+ VERSIONS='4.6 4.7 4.8 4.9 5 6 7 8 9 10'
+ cd /usr/bin
+ for VERSION in $VERSIONS
+ rm -f g++-4.6 gcc-4.6 cpp-4.6 gcc
+ ln -s clang++-8 g++-4.6
+ ln -s clang-8 gcc-4.6
+ ln -s clang-8 cpp-4.6
+ ln -s clang-8 gcc
+ echo 'gcc-4.6 hold'
+ dpkg --set-selections
dpkg: warning: package not in status nor available database at line 1: gcc-4.6
dpkg: warning: found unknown packages; this might mean the available database
is outdated, and needs to be updated through a frontend method;
please see the FAQ <https://wiki.debian.org/Teams/Dpkg/FAQ>
+ echo 'g++-4.6 hold'
+ dpkg --set-selections
dpkg: warning: package not in status nor available database at line 1: g++-4.6
dpkg: warning: found unknown packages; this might mean the available database
is outdated, and needs to be updated through a frontend method;
please see the FAQ <https://wiki.debian.org/Teams/Dpkg/FAQ>
+ for VERSION in $VERSIONS
+ rm -f g++-4.7 gcc-4.7 cpp-4.7 gcc
+ ln -s clang++-8 g++-4.7
+ ln -s clang-8 gcc-4.7
+ ln -s clang-8 cpp-4.7
+ ln -s clang-8 gcc
+ echo 'gcc-4.7 hold'
+ dpkg --set-selections
dpkg: warning: package not in status nor available database at line 1: gcc-4.7
dpkg: warning: found unknown packages; this might mean the available database
is outdated, and needs to be updated through a frontend method;
please see the FAQ <https://wiki.debian.org/Teams/Dpkg/FAQ>
+ echo 'g++-4.7 hold'
+ dpkg --set-selections
dpkg: warning: package not in status nor available database at line 1: g++-4.7
dpkg: warning: found unknown packages; this might mean the available database
is outdated, and needs to be updated through a frontend method;
please see the FAQ <https://wiki.debian.org/Teams/Dpkg/FAQ>
+ for VERSION in $VERSIONS
+ rm -f g++-4.8 gcc-4.8 cpp-4.8 gcc
+ ln -s clang++-8 g++-4.8
+ ln -s clang-8 gcc-4.8
+ ln -s clang-8 cpp-4.8
+ ln -s clang-8 gcc
+ echo 'gcc-4.8 hold'
+ dpkg --set-selections
dpkg: warning: package not in status nor available database at line 1: gcc-4.8
dpkg: warning: found unknown packages; this might mean the available database
is outdated, and needs to be updated through a frontend method;
please see the FAQ <https://wiki.debian.org/Teams/Dpkg/FAQ>
+ echo 'g++-4.8 hold'
+ dpkg --set-selections
dpkg: warning: package not in status nor available database at line 1: g++-4.8
dpkg: warning: found unknown packages; this might mean the available database
is outdated, and needs to be updated through a frontend method;
please see the FAQ <https://wiki.debian.org/Teams/Dpkg/FAQ>
+ for VERSION in $VERSIONS
+ rm -f g++-4.9 gcc-4.9 cpp-4.9 gcc
+ ln -s clang++-8 g++-4.9
+ ln -s clang-8 gcc-4.9
+ ln -s clang-8 cpp-4.9
+ ln -s clang-8 gcc
+ echo 'gcc-4.9 hold'
+ dpkg --set-selections
dpkg: warning: package not in status nor available database at line 1: gcc-4.9
dpkg: warning: found unknown packages; this might mean the available database
is outdated, and needs to be updated through a frontend method;
please see the FAQ <https://wiki.debian.org/Teams/Dpkg/FAQ>
+ echo 'g++-4.9 hold'
+ dpkg --set-selections
dpkg: warning: package not in status nor available database at line 1: g++-4.9
dpkg: warning: found unknown packages; this might mean the available database
is outdated, and needs to be updated through a frontend method;
please see the FAQ <https://wiki.debian.org/Teams/Dpkg/FAQ>
+ for VERSION in $VERSIONS
+ rm -f g++-5 gcc-5 cpp-5 gcc
+ ln -s clang++-8 g++-5
+ ln -s clang-8 gcc-5
+ ln -s clang-8 cpp-5
+ ln -s clang-8 gcc
+ echo 'gcc-5 hold'
+ dpkg --set-selections
dpkg: warning: package not in status nor available database at line 1: gcc-5
dpkg: warning: found unknown packages; this might mean the available database
is outdated, and needs to be updated through a frontend method;
please see the FAQ <https://wiki.debian.org/Teams/Dpkg/FAQ>
+ echo 'g++-5 hold'
+ dpkg --set-selections
dpkg: warning: package not in status nor available database at line 1: g++-5
dpkg: warning: found unknown packages; this might mean the available database
is outdated, and needs to be updated through a frontend method;
please see the FAQ <https://wiki.debian.org/Teams/Dpkg/FAQ>
+ for VERSION in $VERSIONS
+ rm -f g++-6 gcc-6 cpp-6 gcc
+ ln -s clang++-8 g++-6
+ ln -s clang-8 gcc-6
+ ln -s clang-8 cpp-6
+ ln -s clang-8 gcc
+ echo 'gcc-6 hold'
+ dpkg --set-selections
dpkg: warning: package not in status nor available database at line 1: gcc-6
dpkg: warning: found unknown packages; this might mean the available database
is outdated, and needs to be updated through a frontend method;
please see the FAQ <https://wiki.debian.org/Teams/Dpkg/FAQ>
+ echo 'g++-6 hold'
+ dpkg --set-selections
dpkg: warning: package not in status nor available database at line 1: g++-6
dpkg: warning: found unknown packages; this might mean the available database
is outdated, and needs to be updated through a frontend method;
please see the FAQ <https://wiki.debian.org/Teams/Dpkg/FAQ>
+ for VERSION in $VERSIONS
+ rm -f g++-7 gcc-7 cpp-7 gcc
+ ln -s clang++-8 g++-7
+ ln -s clang-8 gcc-7
+ ln -s clang-8 cpp-7
+ ln -s clang-8 gcc
+ echo 'gcc-7 hold'
+ dpkg --set-selections
dpkg: warning: package not in status nor available database at line 1: gcc-7
dpkg: warning: found unknown packages; this might mean the available database
is outdated, and needs to be updated through a frontend method;
please see the FAQ <https://wiki.debian.org/Teams/Dpkg/FAQ>
+ echo 'g++-7 hold'
+ dpkg --set-selections
dpkg: warning: package not in status nor available database at line 1: g++-7
dpkg: warning: found unknown packages; this might mean the available database
is outdated, and needs to be updated through a frontend method;
please see the FAQ <https://wiki.debian.org/Teams/Dpkg/FAQ>
+ for VERSION in $VERSIONS
+ rm -f g++-8 gcc-8 cpp-8 gcc
+ ln -s clang++-8 g++-8
+ ln -s clang-8 gcc-8
+ ln -s clang-8 cpp-8
+ ln -s clang-8 gcc
+ echo 'gcc-8 hold'
+ dpkg --set-selections
dpkg: warning: package not in status nor available database at line 1: gcc-8
dpkg: warning: found unknown packages; this might mean the available database
is outdated, and needs to be updated through a frontend method;
please see the FAQ <https://wiki.debian.org/Teams/Dpkg/FAQ>
+ echo 'g++-8 hold'
+ dpkg --set-selections
dpkg: warning: package not in status nor available database at line 1: g++-8
dpkg: warning: found unknown packages; this might mean the available database
is outdated, and needs to be updated through a frontend method;
please see the FAQ <https://wiki.debian.org/Teams/Dpkg/FAQ>
+ for VERSION in $VERSIONS
+ rm -f g++-9 gcc-9 cpp-9 gcc
+ ln -s clang++-8 g++-9
+ ln -s clang-8 gcc-9
+ ln -s clang-8 cpp-9
+ ln -s clang-8 gcc
+ echo 'gcc-9 hold'
+ dpkg --set-selections
+ echo 'g++-9 hold'
+ dpkg --set-selections
+ for VERSION in $VERSIONS
+ rm -f g++-10 gcc-10 cpp-10 gcc
+ ln -s clang++-8 g++-10
+ ln -s clang-8 gcc-10
+ ln -s clang-8 cpp-10
+ ln -s clang-8 gcc
+ echo 'gcc-10 hold'
+ dpkg --set-selections
dpkg: warning: package not in status nor available database at line 1: gcc-10
dpkg: warning: found unknown packages; this might mean the available database
is outdated, and needs to be updated through a frontend method;
please see the FAQ <https://wiki.debian.org/Teams/Dpkg/FAQ>
+ echo 'g++-10 hold'
+ dpkg --set-selections
dpkg: warning: package not in status nor available database at line 1: g++-10
dpkg: warning: found unknown packages; this might mean the available database
is outdated, and needs to be updated through a frontend method;
please see the FAQ <https://wiki.debian.org/Teams/Dpkg/FAQ>
+ cd -
/build/libmarpa-r2-perl-4H1bTk
+ echo 'Check if gcc, g++ & cpp are actually clang'
Check if gcc, g++ & cpp are actually clang
+ gcc --version
+ grep clang
+ cpp --version
+ grep clang
+ g++ --version
+ grep clang

I: Finished running '/tmp/clang8'.

Finished processing commands.
--------------------------------------------------------------------------------
I: NOTICE: Log filtering will replace 'build/libmarpa-r2-perl-4H1bTk/resolver-4jJub9' with '<<RESOLVERDIR>>'

+------------------------------------------------------------------------------+
| Update chroot                                                                |
+------------------------------------------------------------------------------+

Hit:1 http://127.0.0.1:12990/debian sid InRelease
Reading package lists...
Reading package lists...
Building dependency tree...
Reading state information...
Calculating upgrade...
The following packages will be upgraded:
  libgmp10
1 upgraded, 0 newly installed, 0 to remove and 0 not upgraded.
Need to get 253 kB of archives.
After this operation, 0 B of additional disk space will be used.
Get:1 http://127.0.0.1:12990/debian sid/main amd64 libgmp10 amd64 2:6.2.0+dfsg-4 [253 kB]
debconf: delaying package configuration, since apt-utils is not installed
Fetched 253 kB in 0s (20.9 MB/s)
(Reading database ... (Reading database ... 5%(Reading database ... 10%(Reading database ... 15%(Reading database ... 20%(Reading database ... 25%(Reading database ... 30%(Reading database ... 35%(Reading database ... 40%(Reading database ... 45%(Reading database ... 50%(Reading database ... 55%(Reading database ... 60%(Reading database ... 65%(Reading database ... 70%(Reading database ... 75%(Reading database ... 80%(Reading database ... 85%(Reading database ... 90%(Reading database ... 95%(Reading database ... 100%(Reading database ... 13887 files and directories currently installed.)
Preparing to unpack .../libgmp10_2%3a6.2.0+dfsg-4_amd64.deb ...
Unpacking libgmp10:amd64 (2:6.2.0+dfsg-4) over (2:6.2.0+dfsg-3) ...
Setting up libgmp10:amd64 (2:6.2.0+dfsg-4) ...
Processing triggers for libc-bin (2.29-10) ...

+------------------------------------------------------------------------------+
| Fetch source files                                                           |
+------------------------------------------------------------------------------+


Check APT
---------

Checking available source versions...

Download source files with APT
------------------------------

Reading package lists...
NOTICE: 'libmarpa-r2-perl' packaging is maintained in the 'Git' version control system at:
git://anonscm.debian.org/pkg-perl/packages/libmarpa-r2-perl
Please use:
git clone git://anonscm.debian.org/pkg-perl/packages/libmarpa-r2-perl
to retrieve the latest (possibly unreleased) updates to the package.
Need to get 1502 kB of source archives.
Get:1 http://127.0.0.1:12990/debian sid/main libmarpa-r2-perl 2.086000~dfsg-6 (dsc) [2431 B]
Get:2 http://127.0.0.1:12990/debian sid/main libmarpa-r2-perl 2.086000~dfsg-6 (tar) [1489 kB]
Get:3 http://127.0.0.1:12990/debian sid/main libmarpa-r2-perl 2.086000~dfsg-6 (diff) [10.8 kB]
Fetched 1502 kB in 0s (13.8 MB/s)
Download complete and in download only mode
I: NOTICE: Log filtering will replace 'build/libmarpa-r2-perl-4H1bTk/libmarpa-r2-perl-2.086000~dfsg' with '<<PKGBUILDDIR>>'
I: NOTICE: Log filtering will replace 'build/libmarpa-r2-perl-4H1bTk' with '<<BUILDDIR>>'

+------------------------------------------------------------------------------+
| Install package build dependencies                                           |
+------------------------------------------------------------------------------+


Setup apt archive
-----------------

Merged Build-Depends: cdbs (>= 0.4.123~), autotools-dev, devscripts, libtool, automake, autoconf, debhelper, dh-buildinfo, perl (>= 5.17.1) | libcpan-meta-perl (>= 2.120921), libconfig-autoconf-perl (>= 0.22), perl (>= 5.11.2) | libextutils-cbuilder-perl, libmodule-build-perl (>= 0.400300), perl (>= 5.11), libhtml-parser-perl (>= 3.69), perl (>= 5.11.1) | libtest-simple-perl (>= 0.94), libppi-perl, build-essential, fakeroot
Filtered Build-Depends: cdbs (>= 0.4.123~), autotools-dev, devscripts, libtool, automake, autoconf, debhelper, dh-buildinfo, perl (>= 5.17.1), libconfig-autoconf-perl (>= 0.22), perl (>= 5.11.2), libmodule-build-perl (>= 0.400300), perl (>= 5.11), libhtml-parser-perl (>= 3.69), perl (>= 5.11.1), libppi-perl, build-essential, fakeroot
dpkg-deb: building package 'sbuild-build-depends-main-dummy' in '/<<RESOLVERDIR>>/apt_archive/sbuild-build-depends-main-dummy.deb'.
Ign:1 copy:/<<RESOLVERDIR>>/apt_archive ./ InRelease
Get:2 copy:/<<RESOLVERDIR>>/apt_archive ./ Release [957 B]
Ign:3 copy:/<<RESOLVERDIR>>/apt_archive ./ Release.gpg
Get:4 copy:/<<RESOLVERDIR>>/apt_archive ./ Sources [525 B]
Get:5 copy:/<<RESOLVERDIR>>/apt_archive ./ Packages [561 B]
Fetched 2043 B in 0s (0 B/s)
Reading package lists...
Reading package lists...

Install main build dependencies (apt-based resolver)
----------------------------------------------------

Installing build dependencies
Reading package lists...
Building dependency tree...
Reading state information...
The following additional packages will be installed:
  autoconf automake autopoint autotools-dev bsdmainutils ca-certificates cdbs
  debhelper devscripts dh-autoreconf dh-buildinfo dh-strip-nondeterminism
  dirmngr dwz file gettext gettext-base gnupg gnupg-l10n gnupg-utils gpg
  gpg-agent gpg-wks-client gpg-wks-server gpgconf gpgsm groff-base
  intltool-debian libarchive-zip-perl libassuan0 libb-hooks-op-check-perl
  libcapture-tiny-perl libclass-method-modifiers-perl libclone-perl
  libconfig-autoconf-perl libcroco3 libdebhelper-perl
  libdevel-callchecker-perl libdynaloader-functions-perl libelf1
  libencode-locale-perl libexpat1 libexporter-tiny-perl libfile-homedir-perl
  libfile-listing-perl libfile-slurper-perl libfile-stripnondeterminism-perl
  libfile-which-perl libglib2.0-0 libhtml-parser-perl libhtml-tagset-perl
  libhtml-tree-perl libhttp-cookies-perl libhttp-date-perl
  libhttp-message-perl libhttp-negotiate-perl libicu63 libimport-into-perl
  libio-html-perl libio-pty-perl libio-socket-ssl-perl libio-string-perl
  libipc-run-perl libksba8 libldap-2.4-2 libldap-common liblist-moreutils-perl
  liblwp-mediatypes-perl liblwp-protocol-https-perl libmagic-mgc libmagic1
  libmodule-build-perl libmodule-runtime-perl libmoo-perl libmpdec2
  libnet-http-perl libnet-ssleay-perl libnpth0 libparams-classify-perl
  libparams-util-perl libpipeline1 libppi-perl libpython3-stdlib
  libpython3.7-minimal libpython3.7-stdlib libreadline8 librole-tiny-perl
  libsasl2-2 libsasl2-modules-db libsigsegv2 libsqlite3-0 libssl1.1
  libstrictures-perl libsub-override-perl libsub-quote-perl
  libtask-weaken-perl libtimedate-perl libtool libtry-tiny-perl libuchardet0
  liburi-perl libwww-perl libwww-robotrules-perl libxml2 m4 man-db
  mime-support netbase openssl patchutils perl-openssl-defaults
  pinentry-curses po-debconf python3 python3-minimal python3.7
  python3.7-minimal readline-common sensible-utils wdiff
Suggested packages:
  autoconf-archive gnu-standards autoconf-doc wamerican | wordlist whois
  vacation dh-make adequate autopkgtest bls-standalone bsd-mailx | mailx
  check-all-the-things cvs-buildpackage devscripts-el diffoscope disorderfs
  dose-extra duck faketime gnuplot how-can-i-help libauthen-sasl-perl
  libdbd-pg-perl libfile-desktopentry-perl libnet-smtps-perl libterm-size-perl
  libyaml-syck-perl mozilla-devscripts mutt piuparts postgresql-client quilt
  ratt reprotest ssh-client svn-buildpackage w3m dbus-user-session
  libpam-systemd pinentry-gnome3 tor gettext-doc libasprintf-dev
  libgettextpo-dev parcimonie xloadimage scdaemon groff libdata-dump-perl
  libcrypt-ssleay-perl libscalar-number-perl libbareword-filehandles-perl
  libindirect-perl libmultidimensional-perl libtool-doc gfortran
  | fortran95-compiler gcj-jdk libauthen-ntlm-perl m4-doc apparmor less
  www-browser pinentry-doc libmail-box-perl python3-doc python3-tk
  python3-venv python3.7-venv python3.7-doc binfmt-support readline-doc
  wdiff-doc
Recommended packages:
  at dctrl-tools dput | dupload libdistro-info-perl libgit-wrapper-perl
  libgitlab-api-v4-perl liblist-compare-perl libstring-shellquote-perl
  licensecheck lintian python3-apt python3-debian python3-magic
  python3-requests python3-unidiff python3-xdg strace unzip wget | curl
  debian-keyring equivs libsoap-lite-perl curl | wget | lynx
  libperlio-utf8-strict-perl libarchive-cpio-perl libglib2.0-data
  shared-mime-info xdg-user-dirs libhtml-format-perl libmodule-signature-perl
  libpod-readme-perl libsoftware-license-perl libclass-xsaccessor-perl
  libsub-name-perl libsasl2-modules libltdl-dev libdata-dump-perl
  libhtml-form-perl libhttp-daemon-perl libmailtools-perl
  libmail-sendmail-perl
The following NEW packages will be installed:
  autoconf automake autopoint autotools-dev bsdmainutils ca-certificates cdbs
  debhelper devscripts dh-autoreconf dh-buildinfo dh-strip-nondeterminism
  dirmngr dwz file gettext gettext-base gnupg gnupg-l10n gnupg-utils gpg
  gpg-agent gpg-wks-client gpg-wks-server gpgconf gpgsm groff-base
  intltool-debian libarchive-zip-perl libassuan0 libb-hooks-op-check-perl
  libcapture-tiny-perl libclass-method-modifiers-perl libclone-perl
  libconfig-autoconf-perl libcroco3 libdebhelper-perl
  libdevel-callchecker-perl libdynaloader-functions-perl libelf1
  libencode-locale-perl libexpat1 libexporter-tiny-perl libfile-homedir-perl
  libfile-listing-perl libfile-slurper-perl libfile-stripnondeterminism-perl
  libfile-which-perl libglib2.0-0 libhtml-parser-perl libhtml-tagset-perl
  libhtml-tree-perl libhttp-cookies-perl libhttp-date-perl
  libhttp-message-perl libhttp-negotiate-perl libicu63 libimport-into-perl
  libio-html-perl libio-pty-perl libio-socket-ssl-perl libio-string-perl
  libipc-run-perl libksba8 libldap-2.4-2 libldap-common liblist-moreutils-perl
  liblwp-mediatypes-perl liblwp-protocol-https-perl libmagic-mgc libmagic1
  libmodule-build-perl libmodule-runtime-perl libmoo-perl libmpdec2
  libnet-http-perl libnet-ssleay-perl libnpth0 libparams-classify-perl
  libparams-util-perl libpipeline1 libppi-perl libpython3-stdlib
  libpython3.7-minimal libpython3.7-stdlib libreadline8 librole-tiny-perl
  libsasl2-2 libsasl2-modules-db libsigsegv2 libsqlite3-0 libssl1.1
  libstrictures-perl libsub-override-perl libsub-quote-perl
  libtask-weaken-perl libtimedate-perl libtool libtry-tiny-perl libuchardet0
  liburi-perl libwww-perl libwww-robotrules-perl libxml2 m4 man-db
  mime-support netbase openssl patchutils perl-openssl-defaults
  pinentry-curses po-debconf python3 python3-minimal python3.7
  python3.7-minimal readline-common sbuild-build-depends-main-dummy
  sensible-utils wdiff
0 upgraded, 121 newly installed, 0 to remove and 0 not upgraded.
Need to get 39.3 MB of archives.
After this operation, 130 MB of additional disk space will be used.
Get:1 copy:/<<RESOLVERDIR>>/apt_archive ./ sbuild-build-depends-main-dummy 0.invalid.0 [988 B]
Get:2 http://127.0.0.1:12990/debian sid/main amd64 bsdmainutils amd64 11.1.2+b1 [191 kB]
Get:3 http://127.0.0.1:12990/debian sid/main amd64 libuchardet0 amd64 0.0.6-3 [64.9 kB]
Get:4 http://127.0.0.1:12990/debian sid/main amd64 groff-base amd64 1.22.4-4 [919 kB]
Get:5 http://127.0.0.1:12990/debian sid/main amd64 libpipeline1 amd64 1.5.2-2 [33.9 kB]
Get:6 http://127.0.0.1:12990/debian sid/main amd64 man-db amd64 2.9.0-2 [1307 kB]
Get:7 http://127.0.0.1:12990/debian sid/main amd64 libssl1.1 amd64 1.1.1d-2 [1540 kB]
Get:8 http://127.0.0.1:12990/debian sid/main amd64 libpython3.7-minimal amd64 3.7.6-1+b1 [591 kB]
Get:9 http://127.0.0.1:12990/debian sid/main amd64 libexpat1 amd64 2.2.9-1 [94.3 kB]
Get:10 http://127.0.0.1:12990/debian sid/main amd64 python3.7-minimal amd64 3.7.6-1+b1 [1813 kB]
Get:11 http://127.0.0.1:12990/debian sid/main amd64 python3-minimal amd64 3.7.5-3 [36.8 kB]
Get:12 http://127.0.0.1:12990/debian sid/main amd64 mime-support all 3.64 [37.8 kB]
Get:13 http://127.0.0.1:12990/debian sid/main amd64 libmpdec2 amd64 2.4.2-2 [87.2 kB]
Get:14 http://127.0.0.1:12990/debian sid/main amd64 readline-common all 8.0-3 [72.5 kB]
Get:15 http://127.0.0.1:12990/debian sid/main amd64 libreadline8 amd64 8.0-3 [160 kB]
Get:16 http://127.0.0.1:12990/debian sid/main amd64 libsqlite3-0 amd64 3.31.1-3 [661 kB]
Get:17 http://127.0.0.1:12990/debian sid/main amd64 libpython3.7-stdlib amd64 3.7.6-1+b1 [1735 kB]
Get:18 http://127.0.0.1:12990/debian sid/main amd64 python3.7 amd64 3.7.6-1+b1 [351 kB]
Get:19 http://127.0.0.1:12990/debian sid/main amd64 libpython3-stdlib amd64 3.7.5-3 [20.2 kB]
Get:20 http://127.0.0.1:12990/debian sid/main amd64 python3 amd64 3.7.5-3 [62.1 kB]
Get:21 http://127.0.0.1:12990/debian sid/main amd64 netbase all 6.1 [19.9 kB]
Get:22 http://127.0.0.1:12990/debian sid/main amd64 sensible-utils all 0.0.12+nmu1 [16.0 kB]
Get:23 http://127.0.0.1:12990/debian sid/main amd64 libmagic-mgc amd64 1:5.38-4 [262 kB]
Get:24 http://127.0.0.1:12990/debian sid/main amd64 libmagic1 amd64 1:5.38-4 [120 kB]
Get:25 http://127.0.0.1:12990/debian sid/main amd64 file amd64 1:5.38-4 [67.9 kB]
Get:26 http://127.0.0.1:12990/debian sid/main amd64 gettext-base amd64 0.19.8.1-10 [123 kB]
Get:27 http://127.0.0.1:12990/debian sid/main amd64 libsigsegv2 amd64 2.12-2 [32.8 kB]
Get:28 http://127.0.0.1:12990/debian sid/main amd64 m4 amd64 1.4.18-4 [203 kB]
Get:29 http://127.0.0.1:12990/debian sid/main amd64 autoconf all 2.69-11.1 [341 kB]
Get:30 http://127.0.0.1:12990/debian sid/main amd64 autotools-dev all 20180224.1 [77.0 kB]
Get:31 http://127.0.0.1:12990/debian sid/main amd64 automake all 1:1.16.1-4 [771 kB]
Get:32 http://127.0.0.1:12990/debian sid/main amd64 autopoint all 0.19.8.1-10 [435 kB]
Get:33 http://127.0.0.1:12990/debian sid/main amd64 openssl amd64 1.1.1d-2 [840 kB]
Get:34 http://127.0.0.1:12990/debian sid/main amd64 ca-certificates all 20190110 [157 kB]
Get:35 http://127.0.0.1:12990/debian sid/main amd64 cdbs all 0.4.159 [83.7 kB]
Get:36 http://127.0.0.1:12990/debian sid/main amd64 libtool all 2.4.6-13 [513 kB]
Get:37 http://127.0.0.1:12990/debian sid/main amd64 dh-autoreconf all 19 [16.9 kB]
Get:38 http://127.0.0.1:12990/debian sid/main amd64 libdebhelper-perl all 12.9 [183 kB]
Get:39 http://127.0.0.1:12990/debian sid/main amd64 libarchive-zip-perl all 1.67-1 [104 kB]
Get:40 http://127.0.0.1:12990/debian sid/main amd64 libsub-override-perl all 0.09-2 [10.2 kB]
Get:41 http://127.0.0.1:12990/debian sid/main amd64 libfile-stripnondeterminism-perl all 1.6.3-2 [23.7 kB]
Get:42 http://127.0.0.1:12990/debian sid/main amd64 dh-strip-nondeterminism all 1.6.3-2 [14.7 kB]
Get:43 http://127.0.0.1:12990/debian sid/main amd64 libelf1 amd64 0.176-1.1 [161 kB]
Get:44 http://127.0.0.1:12990/debian sid/main amd64 dwz amd64 0.13-5 [151 kB]
Get:45 http://127.0.0.1:12990/debian sid/main amd64 libglib2.0-0 amd64 2.62.4-2 [1319 kB]
Get:46 http://127.0.0.1:12990/debian sid/main amd64 libicu63 amd64 63.2-2 [8301 kB]
Get:47 http://127.0.0.1:12990/debian sid/main amd64 libxml2 amd64 2.9.10+dfsg-3 [709 kB]
Get:48 http://127.0.0.1:12990/debian sid/main amd64 libcroco3 amd64 0.6.13-1 [146 kB]
Get:49 http://127.0.0.1:12990/debian sid/main amd64 gettext amd64 0.19.8.1-10 [1303 kB]
Get:50 http://127.0.0.1:12990/debian sid/main amd64 intltool-debian all 0.35.0+20060710.5 [26.8 kB]
Get:51 http://127.0.0.1:12990/debian sid/main amd64 po-debconf all 1.0.21 [248 kB]
Get:52 http://127.0.0.1:12990/debian sid/main amd64 debhelper all 12.9 [994 kB]
Get:53 http://127.0.0.1:12990/debian sid/main amd64 libassuan0 amd64 2.5.3-7 [50.4 kB]
Get:54 http://127.0.0.1:12990/debian sid/main amd64 gpgconf amd64 2.2.19-1 [529 kB]
Get:55 http://127.0.0.1:12990/debian sid/main amd64 libksba8 amd64 1.3.5-2 [99.7 kB]
Get:56 http://127.0.0.1:12990/debian sid/main amd64 libsasl2-modules-db amd64 2.1.27+dfsg-2 [69.0 kB]
Get:57 http://127.0.0.1:12990/debian sid/main amd64 libsasl2-2 amd64 2.1.27+dfsg-2 [106 kB]
Get:58 http://127.0.0.1:12990/debian sid/main amd64 libldap-common all 2.4.49+dfsg-1 [91.9 kB]
Get:59 http://127.0.0.1:12990/debian sid/main amd64 libldap-2.4-2 amd64 2.4.49+dfsg-1 [226 kB]
Get:60 http://127.0.0.1:12990/debian sid/main amd64 libnpth0 amd64 1.6-1 [18.4 kB]
Get:61 http://127.0.0.1:12990/debian sid/main amd64 dirmngr amd64 2.2.19-1 [736 kB]
Get:62 http://127.0.0.1:12990/debian sid/main amd64 gnupg-l10n all 2.2.19-1 [1040 kB]
Get:63 http://127.0.0.1:12990/debian sid/main amd64 gnupg-utils amd64 2.2.19-1 [884 kB]
Get:64 http://127.0.0.1:12990/debian sid/main amd64 gpg amd64 2.2.19-1 [889 kB]
Get:65 http://127.0.0.1:12990/debian sid/main amd64 pinentry-curses amd64 1.1.0-3+b1 [65.0 kB]
Get:66 http://127.0.0.1:12990/debian sid/main amd64 gpg-agent amd64 2.2.19-1 [638 kB]
Get:67 http://127.0.0.1:12990/debian sid/main amd64 gpg-wks-client amd64 2.2.19-1 [504 kB]
Get:68 http://127.0.0.1:12990/debian sid/main amd64 gpg-wks-server amd64 2.2.19-1 [497 kB]
Get:69 http://127.0.0.1:12990/debian sid/main amd64 gpgsm amd64 2.2.19-1 [624 kB]
Get:70 http://127.0.0.1:12990/debian sid/main amd64 gnupg all 2.2.19-1 [745 kB]
Get:71 http://127.0.0.1:12990/debian sid/main amd64 libfile-which-perl all 1.23-1 [16.6 kB]
Get:72 http://127.0.0.1:12990/debian sid/main amd64 libfile-homedir-perl all 1.004-1 [42.7 kB]
Get:73 http://127.0.0.1:12990/debian sid/main amd64 libio-pty-perl amd64 1:1.12-1 [36.3 kB]
Get:74 http://127.0.0.1:12990/debian sid/main amd64 libipc-run-perl all 20180523.0-2 [101 kB]
Get:75 http://127.0.0.1:12990/debian sid/main amd64 libclass-method-modifiers-perl all 2.13-1 [19.2 kB]
Get:76 http://127.0.0.1:12990/debian sid/main amd64 libb-hooks-op-check-perl amd64 0.22-1+b2 [11.3 kB]
Get:77 http://127.0.0.1:12990/debian sid/main amd64 libdynaloader-functions-perl all 0.003-1 [12.6 kB]
Get:78 http://127.0.0.1:12990/debian sid/main amd64 libdevel-callchecker-perl amd64 0.008-1+b1 [15.9 kB]
Get:79 http://127.0.0.1:12990/debian sid/main amd64 libparams-classify-perl amd64 0.015-1+b2 [25.6 kB]
Get:80 http://127.0.0.1:12990/debian sid/main amd64 libmodule-runtime-perl all 0.016-1 [19.4 kB]
Get:81 http://127.0.0.1:12990/debian sid/main amd64 libimport-into-perl all 1.002005-1 [11.6 kB]
Get:82 http://127.0.0.1:12990/debian sid/main amd64 librole-tiny-perl all 2.001004-1 [20.8 kB]
Get:83 http://127.0.0.1:12990/debian sid/main amd64 libstrictures-perl all 2.000006-1 [18.6 kB]
Get:84 http://127.0.0.1:12990/debian sid/main amd64 libsub-quote-perl all 2.006006-1 [21.0 kB]
Get:85 http://127.0.0.1:12990/debian sid/main amd64 libmoo-perl all 2.003006-1 [58.7 kB]
Get:86 http://127.0.0.1:12990/debian sid/main amd64 libencode-locale-perl all 1.05-1 [13.7 kB]
Get:87 http://127.0.0.1:12990/debian sid/main amd64 libtimedate-perl all 2.3100-1 [39.0 kB]
Get:88 http://127.0.0.1:12990/debian sid/main amd64 libhttp-date-perl all 6.05-1 [10.4 kB]
Get:89 http://127.0.0.1:12990/debian sid/main amd64 libfile-listing-perl all 6.04-1 [10.3 kB]
Get:90 http://127.0.0.1:12990/debian sid/main amd64 libhtml-tagset-perl all 3.20-4 [13.0 kB]
Get:91 http://127.0.0.1:12990/debian sid/main amd64 liburi-perl all 1.76-2 [90.2 kB]
Get:92 http://127.0.0.1:12990/debian sid/main amd64 libhtml-parser-perl amd64 3.72-5 [105 kB]
Get:93 http://127.0.0.1:12990/debian sid/main amd64 libhtml-tree-perl all 5.07-2 [213 kB]
Get:94 http://127.0.0.1:12990/debian sid/main amd64 libio-html-perl all 1.001-1 [17.6 kB]
Get:95 http://127.0.0.1:12990/debian sid/main amd64 liblwp-mediatypes-perl all 6.04-1 [19.9 kB]
Get:96 http://127.0.0.1:12990/debian sid/main amd64 libhttp-message-perl all 6.18-1 [77.8 kB]
Get:97 http://127.0.0.1:12990/debian sid/main amd64 libhttp-cookies-perl all 6.08-1 [19.3 kB]
Get:98 http://127.0.0.1:12990/debian sid/main amd64 libhttp-negotiate-perl all 6.01-1 [12.8 kB]
Get:99 http://127.0.0.1:12990/debian sid/main amd64 perl-openssl-defaults amd64 4 [7148 B]
Get:100 http://127.0.0.1:12990/debian sid/main amd64 libnet-ssleay-perl amd64 1.88-2 [321 kB]
Get:101 http://127.0.0.1:12990/debian sid/main amd64 libio-socket-ssl-perl all 2.067-1 [212 kB]
Get:102 http://127.0.0.1:12990/debian sid/main amd64 libnet-http-perl all 6.19-1 [24.8 kB]
Get:103 http://127.0.0.1:12990/debian sid/main amd64 liblwp-protocol-https-perl all 6.07-2 [9242 B]
Get:104 http://127.0.0.1:12990/debian sid/main amd64 libtry-tiny-perl all 0.30-1 [23.3 kB]
Get:105 http://127.0.0.1:12990/debian sid/main amd64 libwww-robotrules-perl all 6.02-1 [12.9 kB]
Get:106 http://127.0.0.1:12990/debian sid/main amd64 libwww-perl all 6.43-1 [191 kB]
Get:107 http://127.0.0.1:12990/debian sid/main amd64 patchutils amd64 0.3.4-2+b1 [91.4 kB]
Get:108 http://127.0.0.1:12990/debian sid/main amd64 wdiff amd64 1.2.2-2+b1 [122 kB]
Get:109 http://127.0.0.1:12990/debian sid/main amd64 devscripts amd64 2.20.2 [1053 kB]
Get:110 http://127.0.0.1:12990/debian sid/main amd64 dh-buildinfo all 0.11+nmu2 [18.4 kB]
Get:111 http://127.0.0.1:12990/debian sid/main amd64 libcapture-tiny-perl all 0.48-1 [26.0 kB]
Get:112 http://127.0.0.1:12990/debian sid/main amd64 libclone-perl amd64 0.43-2 [15.0 kB]
Get:113 http://127.0.0.1:12990/debian sid/main amd64 libfile-slurper-perl all 0.012-1 [8344 B]
Get:114 http://127.0.0.1:12990/debian sid/main amd64 libconfig-autoconf-perl all 0.318-1 [42.1 kB]
Get:115 http://127.0.0.1:12990/debian sid/main amd64 libexporter-tiny-perl all 1.002001-1 [36.9 kB]
Get:116 http://127.0.0.1:12990/debian sid/main amd64 libio-string-perl all 1.08-3 [12.3 kB]
Get:117 http://127.0.0.1:12990/debian sid/main amd64 liblist-moreutils-perl amd64 0.416-1+b5 [63.6 kB]
Get:118 http://127.0.0.1:12990/debian sid/main amd64 libmodule-build-perl all 0.423100-1 [258 kB]
Get:119 http://127.0.0.1:12990/debian sid/main amd64 libparams-util-perl amd64 1.07-3+b5 [22.9 kB]
Get:120 http://127.0.0.1:12990/debian sid/main amd64 libtask-weaken-perl all 1.06-1 [9252 B]
Get:121 http://127.0.0.1:12990/debian sid/main amd64 libppi-perl all 1.270-1 [317 kB]
debconf: delaying package configuration, since apt-utils is not installed
Fetched 39.3 MB in 1s (57.3 MB/s)
Selecting previously unselected package bsdmainutils.
(Reading database ... 13887 files and directories currently installed.)
Preparing to unpack .../0-bsdmainutils_11.1.2+b1_amd64.deb ...
Unpacking bsdmainutils (11.1.2+b1) ...
Selecting previously unselected package libuchardet0:amd64.
Preparing to unpack .../1-libuchardet0_0.0.6-3_amd64.deb ...
Unpacking libuchardet0:amd64 (0.0.6-3) ...
Selecting previously unselected package groff-base.
Preparing to unpack .../2-groff-base_1.22.4-4_amd64.deb ...
Unpacking groff-base (1.22.4-4) ...
Selecting previously unselected package libpipeline1:amd64.
Preparing to unpack .../3-libpipeline1_1.5.2-2_amd64.deb ...
Unpacking libpipeline1:amd64 (1.5.2-2) ...
Selecting previously unselected package man-db.
Preparing to unpack .../4-man-db_2.9.0-2_amd64.deb ...
Unpacking man-db (2.9.0-2) ...
Selecting previously unselected package libssl1.1:amd64.
Preparing to unpack .../5-libssl1.1_1.1.1d-2_amd64.deb ...
Unpacking libssl1.1:amd64 (1.1.1d-2) ...
Selecting previously unselected package libpython3.7-minimal:amd64.
Preparing to unpack .../6-libpython3.7-minimal_3.7.6-1+b1_amd64.deb ...
Unpacking libpython3.7-minimal:amd64 (3.7.6-1+b1) ...
Selecting previously unselected package libexpat1:amd64.
Preparing to unpack .../7-libexpat1_2.2.9-1_amd64.deb ...
Unpacking libexpat1:amd64 (2.2.9-1) ...
Selecting previously unselected package python3.7-minimal.
Preparing to unpack .../8-python3.7-minimal_3.7.6-1+b1_amd64.deb ...
Unpacking python3.7-minimal (3.7.6-1+b1) ...
Setting up libssl1.1:amd64 (1.1.1d-2) ...
Setting up libpython3.7-minimal:amd64 (3.7.6-1+b1) ...
Setting up libexpat1:amd64 (2.2.9-1) ...
Setting up python3.7-minimal (3.7.6-1+b1) ...
Selecting previously unselected package python3-minimal.
(Reading database ... 14796 files and directories currently installed.)
Preparing to unpack .../0-python3-minimal_3.7.5-3_amd64.deb ...
Unpacking python3-minimal (3.7.5-3) ...
Selecting previously unselected package mime-support.
Preparing to unpack .../1-mime-support_3.64_all.deb ...
Unpacking mime-support (3.64) ...
Selecting previously unselected package libmpdec2:amd64.
Preparing to unpack .../2-libmpdec2_2.4.2-2_amd64.deb ...
Unpacking libmpdec2:amd64 (2.4.2-2) ...
Selecting previously unselected package readline-common.
Preparing to unpack .../3-readline-common_8.0-3_all.deb ...
Unpacking readline-common (8.0-3) ...
Selecting previously unselected package libreadline8:amd64.
Preparing to unpack .../4-libreadline8_8.0-3_amd64.deb ...
Unpacking libreadline8:amd64 (8.0-3) ...
Selecting previously unselected package libsqlite3-0:amd64.
Preparing to unpack .../5-libsqlite3-0_3.31.1-3_amd64.deb ...
Unpacking libsqlite3-0:amd64 (3.31.1-3) ...
Selecting previously unselected package libpython3.7-stdlib:amd64.
Preparing to unpack .../6-libpython3.7-stdlib_3.7.6-1+b1_amd64.deb ...
Unpacking libpython3.7-stdlib:amd64 (3.7.6-1+b1) ...
Selecting previously unselected package python3.7.
Preparing to unpack .../7-python3.7_3.7.6-1+b1_amd64.deb ...
Unpacking python3.7 (3.7.6-1+b1) ...
Selecting previously unselected package libpython3-stdlib:amd64.
Preparing to unpack .../8-libpython3-stdlib_3.7.5-3_amd64.deb ...
Unpacking libpython3-stdlib:amd64 (3.7.5-3) ...
Setting up python3-minimal (3.7.5-3) ...
Selecting previously unselected package python3.
(Reading database ... 15267 files and directories currently installed.)
Preparing to unpack .../000-python3_3.7.5-3_amd64.deb ...
Unpacking python3 (3.7.5-3) ...
Selecting previously unselected package netbase.
Preparing to unpack .../001-netbase_6.1_all.deb ...
Unpacking netbase (6.1) ...
Selecting previously unselected package sensible-utils.
Preparing to unpack .../002-sensible-utils_0.0.12+nmu1_all.deb ...
Unpacking sensible-utils (0.0.12+nmu1) ...
Selecting previously unselected package libmagic-mgc.
Preparing to unpack .../003-libmagic-mgc_1%3a5.38-4_amd64.deb ...
Unpacking libmagic-mgc (1:5.38-4) ...
Selecting previously unselected package libmagic1:amd64.
Preparing to unpack .../004-libmagic1_1%3a5.38-4_amd64.deb ...
Unpacking libmagic1:amd64 (1:5.38-4) ...
Selecting previously unselected package file.
Preparing to unpack .../005-file_1%3a5.38-4_amd64.deb ...
Unpacking file (1:5.38-4) ...
Selecting previously unselected package gettext-base.
Preparing to unpack .../006-gettext-base_0.19.8.1-10_amd64.deb ...
Unpacking gettext-base (0.19.8.1-10) ...
Selecting previously unselected package libsigsegv2:amd64.
Preparing to unpack .../007-libsigsegv2_2.12-2_amd64.deb ...
Unpacking libsigsegv2:amd64 (2.12-2) ...
Selecting previously unselected package m4.
Preparing to unpack .../008-m4_1.4.18-4_amd64.deb ...
Unpacking m4 (1.4.18-4) ...
Selecting previously unselected package autoconf.
Preparing to unpack .../009-autoconf_2.69-11.1_all.deb ...
Unpacking autoconf (2.69-11.1) ...
Selecting previously unselected package autotools-dev.
Preparing to unpack .../010-autotools-dev_20180224.1_all.deb ...
Unpacking autotools-dev (20180224.1) ...
Selecting previously unselected package automake.
Preparing to unpack .../011-automake_1%3a1.16.1-4_all.deb ...
Unpacking automake (1:1.16.1-4) ...
Selecting previously unselected package autopoint.
Preparing to unpack .../012-autopoint_0.19.8.1-10_all.deb ...
Unpacking autopoint (0.19.8.1-10) ...
Selecting previously unselected package openssl.
Preparing to unpack .../013-openssl_1.1.1d-2_amd64.deb ...
Unpacking openssl (1.1.1d-2) ...
Selecting previously unselected package ca-certificates.
Preparing to unpack .../014-ca-certificates_20190110_all.deb ...
Unpacking ca-certificates (20190110) ...
Selecting previously unselected package cdbs.
Preparing to unpack .../015-cdbs_0.4.159_all.deb ...
Unpacking cdbs (0.4.159) ...
Selecting previously unselected package libtool.
Preparing to unpack .../016-libtool_2.4.6-13_all.deb ...
Unpacking libtool (2.4.6-13) ...
Selecting previously unselected package dh-autoreconf.
Preparing to unpack .../017-dh-autoreconf_19_all.deb ...
Unpacking dh-autoreconf (19) ...
Selecting previously unselected package libdebhelper-perl.
Preparing to unpack .../018-libdebhelper-perl_12.9_all.deb ...
Unpacking libdebhelper-perl (12.9) ...
Selecting previously unselected package libarchive-zip-perl.
Preparing to unpack .../019-libarchive-zip-perl_1.67-1_all.deb ...
Unpacking libarchive-zip-perl (1.67-1) ...
Selecting previously unselected package libsub-override-perl.
Preparing to unpack .../020-libsub-override-perl_0.09-2_all.deb ...
Unpacking libsub-override-perl (0.09-2) ...
Selecting previously unselected package libfile-stripnondeterminism-perl.
Preparing to unpack .../021-libfile-stripnondeterminism-perl_1.6.3-2_all.deb ...
Unpacking libfile-stripnondeterminism-perl (1.6.3-2) ...
Selecting previously unselected package dh-strip-nondeterminism.
Preparing to unpack .../022-dh-strip-nondeterminism_1.6.3-2_all.deb ...
Unpacking dh-strip-nondeterminism (1.6.3-2) ...
Selecting previously unselected package libelf1:amd64.
Preparing to unpack .../023-libelf1_0.176-1.1_amd64.deb ...
Unpacking libelf1:amd64 (0.176-1.1) ...
Selecting previously unselected package dwz.
Preparing to unpack .../024-dwz_0.13-5_amd64.deb ...
Unpacking dwz (0.13-5) ...
Selecting previously unselected package libglib2.0-0:amd64.
Preparing to unpack .../025-libglib2.0-0_2.62.4-2_amd64.deb ...
Unpacking libglib2.0-0:amd64 (2.62.4-2) ...
Selecting previously unselected package libicu63:amd64.
Preparing to unpack .../026-libicu63_63.2-2_amd64.deb ...
Unpacking libicu63:amd64 (63.2-2) ...
Selecting previously unselected package libxml2:amd64.
Preparing to unpack .../027-libxml2_2.9.10+dfsg-3_amd64.deb ...
Unpacking libxml2:amd64 (2.9.10+dfsg-3) ...
Selecting previously unselected package libcroco3:amd64.
Preparing to unpack .../028-libcroco3_0.6.13-1_amd64.deb ...
Unpacking libcroco3:amd64 (0.6.13-1) ...
Selecting previously unselected package gettext.
Preparing to unpack .../029-gettext_0.19.8.1-10_amd64.deb ...
Unpacking gettext (0.19.8.1-10) ...
Selecting previously unselected package intltool-debian.
Preparing to unpack .../030-intltool-debian_0.35.0+20060710.5_all.deb ...
Unpacking intltool-debian (0.35.0+20060710.5) ...
Selecting previously unselected package po-debconf.
Preparing to unpack .../031-po-debconf_1.0.21_all.deb ...
Unpacking po-debconf (1.0.21) ...
Selecting previously unselected package debhelper.
Preparing to unpack .../032-debhelper_12.9_all.deb ...
Unpacking debhelper (12.9) ...
Selecting previously unselected package libassuan0:amd64.
Preparing to unpack .../033-libassuan0_2.5.3-7_amd64.deb ...
Unpacking libassuan0:amd64 (2.5.3-7) ...
Selecting previously unselected package gpgconf.
Preparing to unpack .../034-gpgconf_2.2.19-1_amd64.deb ...
Unpacking gpgconf (2.2.19-1) ...
Selecting previously unselected package libksba8:amd64.
Preparing to unpack .../035-libksba8_1.3.5-2_amd64.deb ...
Unpacking libksba8:amd64 (1.3.5-2) ...
Selecting previously unselected package libsasl2-modules-db:amd64.
Preparing to unpack .../036-libsasl2-modules-db_2.1.27+dfsg-2_amd64.deb ...
Unpacking libsasl2-modules-db:amd64 (2.1.27+dfsg-2) ...
Selecting previously unselected package libsasl2-2:amd64.
Preparing to unpack .../037-libsasl2-2_2.1.27+dfsg-2_amd64.deb ...
Unpacking libsasl2-2:amd64 (2.1.27+dfsg-2) ...
Selecting previously unselected package libldap-common.
Preparing to unpack .../038-libldap-common_2.4.49+dfsg-1_all.deb ...
Unpacking libldap-common (2.4.49+dfsg-1) ...
Selecting previously unselected package libldap-2.4-2:amd64.
Preparing to unpack .../039-libldap-2.4-2_2.4.49+dfsg-1_amd64.deb ...
Unpacking libldap-2.4-2:amd64 (2.4.49+dfsg-1) ...
Selecting previously unselected package libnpth0:amd64.
Preparing to unpack .../040-libnpth0_1.6-1_amd64.deb ...
Unpacking libnpth0:amd64 (1.6-1) ...
Selecting previously unselected package dirmngr.
Preparing to unpack .../041-dirmngr_2.2.19-1_amd64.deb ...
Unpacking dirmngr (2.2.19-1) ...
Selecting previously unselected package gnupg-l10n.
Preparing to unpack .../042-gnupg-l10n_2.2.19-1_all.deb ...
Unpacking gnupg-l10n (2.2.19-1) ...
Selecting previously unselected package gnupg-utils.
Preparing to unpack .../043-gnupg-utils_2.2.19-1_amd64.deb ...
Unpacking gnupg-utils (2.2.19-1) ...
Selecting previously unselected package gpg.
Preparing to unpack .../044-gpg_2.2.19-1_amd64.deb ...
Unpacking gpg (2.2.19-1) ...
Selecting previously unselected package pinentry-curses.
Preparing to unpack .../045-pinentry-curses_1.1.0-3+b1_amd64.deb ...
Unpacking pinentry-curses (1.1.0-3+b1) ...
Selecting previously unselected package gpg-agent.
Preparing to unpack .../046-gpg-agent_2.2.19-1_amd64.deb ...
Unpacking gpg-agent (2.2.19-1) ...
Selecting previously unselected package gpg-wks-client.
Preparing to unpack .../047-gpg-wks-client_2.2.19-1_amd64.deb ...
Unpacking gpg-wks-client (2.2.19-1) ...
Selecting previously unselected package gpg-wks-server.
Preparing to unpack .../048-gpg-wks-server_2.2.19-1_amd64.deb ...
Unpacking gpg-wks-server (2.2.19-1) ...
Selecting previously unselected package gpgsm.
Preparing to unpack .../049-gpgsm_2.2.19-1_amd64.deb ...
Unpacking gpgsm (2.2.19-1) ...
Selecting previously unselected package gnupg.
Preparing to unpack .../050-gnupg_2.2.19-1_all.deb ...
Unpacking gnupg (2.2.19-1) ...
Selecting previously unselected package libfile-which-perl.
Preparing to unpack .../051-libfile-which-perl_1.23-1_all.deb ...
Unpacking libfile-which-perl (1.23-1) ...
Selecting previously unselected package libfile-homedir-perl.
Preparing to unpack .../052-libfile-homedir-perl_1.004-1_all.deb ...
Unpacking libfile-homedir-perl (1.004-1) ...
Selecting previously unselected package libio-pty-perl.
Preparing to unpack .../053-libio-pty-perl_1%3a1.12-1_amd64.deb ...
Unpacking libio-pty-perl (1:1.12-1) ...
Selecting previously unselected package libipc-run-perl.
Preparing to unpack .../054-libipc-run-perl_20180523.0-2_all.deb ...
Unpacking libipc-run-perl (20180523.0-2) ...
Selecting previously unselected package libclass-method-modifiers-perl.
Preparing to unpack .../055-libclass-method-modifiers-perl_2.13-1_all.deb ...
Unpacking libclass-method-modifiers-perl (2.13-1) ...
Selecting previously unselected package libb-hooks-op-check-perl.
Preparing to unpack .../056-libb-hooks-op-check-perl_0.22-1+b2_amd64.deb ...
Unpacking libb-hooks-op-check-perl (0.22-1+b2) ...
Selecting previously unselected package libdynaloader-functions-perl.
Preparing to unpack .../057-libdynaloader-functions-perl_0.003-1_all.deb ...
Unpacking libdynaloader-functions-perl (0.003-1) ...
Selecting previously unselected package libdevel-callchecker-perl.
Preparing to unpack .../058-libdevel-callchecker-perl_0.008-1+b1_amd64.deb ...
Unpacking libdevel-callchecker-perl (0.008-1+b1) ...
Selecting previously unselected package libparams-classify-perl.
Preparing to unpack .../059-libparams-classify-perl_0.015-1+b2_amd64.deb ...
Unpacking libparams-classify-perl (0.015-1+b2) ...
Selecting previously unselected package libmodule-runtime-perl.
Preparing to unpack .../060-libmodule-runtime-perl_0.016-1_all.deb ...
Unpacking libmodule-runtime-perl (0.016-1) ...
Selecting previously unselected package libimport-into-perl.
Preparing to unpack .../061-libimport-into-perl_1.002005-1_all.deb ...
Unpacking libimport-into-perl (1.002005-1) ...
Selecting previously unselected package librole-tiny-perl.
Preparing to unpack .../062-librole-tiny-perl_2.001004-1_all.deb ...
Unpacking librole-tiny-perl (2.001004-1) ...
Selecting previously unselected package libstrictures-perl.
Preparing to unpack .../063-libstrictures-perl_2.000006-1_all.deb ...
Unpacking libstrictures-perl (2.000006-1) ...
Selecting previously unselected package libsub-quote-perl.
Preparing to unpack .../064-libsub-quote-perl_2.006006-1_all.deb ...
Unpacking libsub-quote-perl (2.006006-1) ...
Selecting previously unselected package libmoo-perl.
Preparing to unpack .../065-libmoo-perl_2.003006-1_all.deb ...
Unpacking libmoo-perl (2.003006-1) ...
Selecting previously unselected package libencode-locale-perl.
Preparing to unpack .../066-libencode-locale-perl_1.05-1_all.deb ...
Unpacking libencode-locale-perl (1.05-1) ...
Selecting previously unselected package libtimedate-perl.
Preparing to unpack .../067-libtimedate-perl_2.3100-1_all.deb ...
Unpacking libtimedate-perl (2.3100-1) ...
Selecting previously unselected package libhttp-date-perl.
Preparing to unpack .../068-libhttp-date-perl_6.05-1_all.deb ...
Unpacking libhttp-date-perl (6.05-1) ...
Selecting previously unselected package libfile-listing-perl.
Preparing to unpack .../069-libfile-listing-perl_6.04-1_all.deb ...
Unpacking libfile-listing-perl (6.04-1) ...
Selecting previously unselected package libhtml-tagset-perl.
Preparing to unpack .../070-libhtml-tagset-perl_3.20-4_all.deb ...
Unpacking libhtml-tagset-perl (3.20-4) ...
Selecting previously unselected package liburi-perl.
Preparing to unpack .../071-liburi-perl_1.76-2_all.deb ...
Unpacking liburi-perl (1.76-2) ...
Selecting previously unselected package libhtml-parser-perl.
Preparing to unpack .../072-libhtml-parser-perl_3.72-5_amd64.deb ...
Unpacking libhtml-parser-perl (3.72-5) ...
Selecting previously unselected package libhtml-tree-perl.
Preparing to unpack .../073-libhtml-tree-perl_5.07-2_all.deb ...
Unpacking libhtml-tree-perl (5.07-2) ...
Selecting previously unselected package libio-html-perl.
Preparing to unpack .../074-libio-html-perl_1.001-1_all.deb ...
Unpacking libio-html-perl (1.001-1) ...
Selecting previously unselected package liblwp-mediatypes-perl.
Preparing to unpack .../075-liblwp-mediatypes-perl_6.04-1_all.deb ...
Unpacking liblwp-mediatypes-perl (6.04-1) ...
Selecting previously unselected package libhttp-message-perl.
Preparing to unpack .../076-libhttp-message-perl_6.18-1_all.deb ...
Unpacking libhttp-message-perl (6.18-1) ...
Selecting previously unselected package libhttp-cookies-perl.
Preparing to unpack .../077-libhttp-cookies-perl_6.08-1_all.deb ...
Unpacking libhttp-cookies-perl (6.08-1) ...
Selecting previously unselected package libhttp-negotiate-perl.
Preparing to unpack .../078-libhttp-negotiate-perl_6.01-1_all.deb ...
Unpacking libhttp-negotiate-perl (6.01-1) ...
Selecting previously unselected package perl-openssl-defaults:amd64.
Preparing to unpack .../079-perl-openssl-defaults_4_amd64.deb ...
Unpacking perl-openssl-defaults:amd64 (4) ...
Selecting previously unselected package libnet-ssleay-perl.
Preparing to unpack .../080-libnet-ssleay-perl_1.88-2_amd64.deb ...
Unpacking libnet-ssleay-perl (1.88-2) ...
Selecting previously unselected package libio-socket-ssl-perl.
Preparing to unpack .../081-libio-socket-ssl-perl_2.067-1_all.deb ...
Unpacking libio-socket-ssl-perl (2.067-1) ...
Selecting previously unselected package libnet-http-perl.
Preparing to unpack .../082-libnet-http-perl_6.19-1_all.deb ...
Unpacking libnet-http-perl (6.19-1) ...
Selecting previously unselected package liblwp-protocol-https-perl.
Preparing to unpack .../083-liblwp-protocol-https-perl_6.07-2_all.deb ...
Unpacking liblwp-protocol-https-perl (6.07-2) ...
Selecting previously unselected package libtry-tiny-perl.
Preparing to unpack .../084-libtry-tiny-perl_0.30-1_all.deb ...
Unpacking libtry-tiny-perl (0.30-1) ...
Selecting previously unselected package libwww-robotrules-perl.
Preparing to unpack .../085-libwww-robotrules-perl_6.02-1_all.deb ...
Unpacking libwww-robotrules-perl (6.02-1) ...
Selecting previously unselected package libwww-perl.
Preparing to unpack .../086-libwww-perl_6.43-1_all.deb ...
Unpacking libwww-perl (6.43-1) ...
Selecting previously unselected package patchutils.
Preparing to unpack .../087-patchutils_0.3.4-2+b1_amd64.deb ...
Unpacking patchutils (0.3.4-2+b1) ...
Selecting previously unselected package wdiff.
Preparing to unpack .../088-wdiff_1.2.2-2+b1_amd64.deb ...
Unpacking wdiff (1.2.2-2+b1) ...
Selecting previously unselected package devscripts.
Preparing to unpack .../089-devscripts_2.20.2_amd64.deb ...
Unpacking devscripts (2.20.2) ...
Selecting previously unselected package dh-buildinfo.
Preparing to unpack .../090-dh-buildinfo_0.11+nmu2_all.deb ...
Unpacking dh-buildinfo (0.11+nmu2) ...
Selecting previously unselected package libcapture-tiny-perl.
Preparing to unpack .../091-libcapture-tiny-perl_0.48-1_all.deb ...
Unpacking libcapture-tiny-perl (0.48-1) ...
Selecting previously unselected package libclone-perl.
Preparing to unpack .../092-libclone-perl_0.43-2_amd64.deb ...
Unpacking libclone-perl (0.43-2) ...
Selecting previously unselected package libfile-slurper-perl.
Preparing to unpack .../093-libfile-slurper-perl_0.012-1_all.deb ...
Unpacking libfile-slurper-perl (0.012-1) ...
Selecting previously unselected package libconfig-autoconf-perl.
Preparing to unpack .../094-libconfig-autoconf-perl_0.318-1_all.deb ...
Unpacking libconfig-autoconf-perl (0.318-1) ...
Selecting previously unselected package libexporter-tiny-perl.
Preparing to unpack .../095-libexporter-tiny-perl_1.002001-1_all.deb ...
Unpacking libexporter-tiny-perl (1.002001-1) ...
Selecting previously unselected package libio-string-perl.
Preparing to unpack .../096-libio-string-perl_1.08-3_all.deb ...
Unpacking libio-string-perl (1.08-3) ...
Selecting previously unselected package liblist-moreutils-perl.
Preparing to unpack .../097-liblist-moreutils-perl_0.416-1+b5_amd64.deb ...
Unpacking liblist-moreutils-perl (0.416-1+b5) ...
Selecting previously unselected package libmodule-build-perl.
Preparing to unpack .../098-libmodule-build-perl_0.423100-1_all.deb ...
Adding 'diversion of /usr/bin/config_data to /usr/bin/config_data.diverted by libmodule-build-perl'
Adding 'diversion of /usr/share/man/man1/config_data.1.gz to /usr/share/man/man1/config_data.diverted.1.gz by libmodule-build-perl'
Unpacking libmodule-build-perl (0.423100-1) ...
Selecting previously unselected package libparams-util-perl.
Preparing to unpack .../099-libparams-util-perl_1.07-3+b5_amd64.deb ...
Unpacking libparams-util-perl (1.07-3+b5) ...
Selecting previously unselected package libtask-weaken-perl.
Preparing to unpack .../100-libtask-weaken-perl_1.06-1_all.deb ...
Unpacking libtask-weaken-perl (1.06-1) ...
Selecting previously unselected package libppi-perl.
Preparing to unpack .../101-libppi-perl_1.270-1_all.deb ...
Unpacking libppi-perl (1.270-1) ...
Selecting previously unselected package sbuild-build-depends-main-dummy.
Preparing to unpack .../102-sbuild-build-depends-main-dummy_0.invalid.0_amd64.deb ...
Unpacking sbuild-build-depends-main-dummy (0.invalid.0) ...
Setting up libksba8:amd64 (1.3.5-2) ...
Setting up libpipeline1:amd64 (1.5.2-2) ...
Setting up wdiff (1.2.2-2+b1) ...
Setting up libfile-slurper-perl (0.012-1) ...
Setting up libfile-which-perl (1.23-1) ...
Setting up libtask-weaken-perl (1.06-1) ...
Setting up mime-support (3.64) ...
Setting up libdynaloader-functions-perl (0.003-1) ...
Setting up libclass-method-modifiers-perl (2.13-1) ...
Setting up libio-pty-perl (1:1.12-1) ...
Setting up libmagic-mgc (1:5.38-4) ...
Setting up libclone-perl (0.43-2) ...
Setting up libarchive-zip-perl (1.67-1) ...
Setting up libglib2.0-0:amd64 (2.62.4-2) ...
No schema files found: doing nothing.
Setting up libhtml-tagset-perl (3.20-4) ...
Setting up libdebhelper-perl (12.9) ...
Setting up libsqlite3-0:amd64 (3.31.1-3) ...
Setting up liblwp-mediatypes-perl (6.04-1) ...
Setting up libtry-tiny-perl (0.30-1) ...
Setting up libmagic1:amd64 (1:5.38-4) ...
Setting up perl-openssl-defaults:amd64 (4) ...
Setting up gettext-base (0.19.8.1-10) ...
Setting up libencode-locale-perl (1.05-1) ...
Setting up libnpth0:amd64 (1.6-1) ...
Setting up file (1:5.38-4) ...
Setting up libassuan0:amd64 (2.5.3-7) ...
Setting up libldap-common (2.4.49+dfsg-1) ...
Setting up libicu63:amd64 (63.2-2) ...
Setting up libmodule-build-perl (0.423100-1) ...
Setting up libsasl2-modules-db:amd64 (2.1.27+dfsg-2) ...
Setting up patchutils (0.3.4-2+b1) ...
Setting up libio-string-perl (1.08-3) ...
Setting up autotools-dev (20180224.1) ...
Setting up gnupg-l10n (2.2.19-1) ...
Setting up libsigsegv2:amd64 (2.12-2) ...
Setting up bsdmainutils (11.1.2+b1) ...
update-alternatives: using /usr/bin/bsd-write to provide /usr/bin/write (write) in auto mode
update-alternatives: using /usr/bin/bsd-from to provide /usr/bin/from (from) in auto mode
Setting up libio-html-perl (1.001-1) ...
Setting up autopoint (0.19.8.1-10) ...
Setting up libb-hooks-op-check-perl (0.22-1+b2) ...
Setting up libipc-run-perl (20180523.0-2) ...
Setting up libparams-util-perl (1.07-3+b5) ...
Setting up libsasl2-2:amd64 (2.1.27+dfsg-2) ...
Setting up libcapture-tiny-perl (0.48-1) ...
Setting up libtimedate-perl (2.3100-1) ...
Setting up sensible-utils (0.0.12+nmu1) ...
Setting up libuchardet0:amd64 (0.0.6-3) ...
Setting up librole-tiny-perl (2.001004-1) ...
Setting up libsub-override-perl (0.09-2) ...
Setting up netbase (6.1) ...
Setting up libconfig-autoconf-perl (0.318-1) ...
Setting up libstrictures-perl (2.000006-1) ...
Setting up libsub-quote-perl (2.006006-1) ...
Setting up libmpdec2:amd64 (2.4.2-2) ...
Setting up libexporter-tiny-perl (1.002001-1) ...
Setting up libfile-homedir-perl (1.004-1) ...
Setting up openssl (1.1.1d-2) ...
Setting up cdbs (0.4.159) ...
Setting up libelf1:amd64 (0.176-1.1) ...
Setting up readline-common (8.0-3) ...
Setting up libxml2:amd64 (2.9.10+dfsg-3) ...
Setting up liburi-perl (1.76-2) ...
Setting up libnet-ssleay-perl (1.88-2) ...
Setting up pinentry-curses (1.1.0-3+b1) ...
Setting up libfile-stripnondeterminism-perl (1.6.3-2) ...
Setting up libhttp-date-perl (6.05-1) ...
Setting up libfile-listing-perl (6.04-1) ...
Setting up libtool (2.4.6-13) ...
Setting up liblist-moreutils-perl (0.416-1+b5) ...
Setting up libreadline8:amd64 (8.0-3) ...
Setting up libldap-2.4-2:amd64 (2.4.49+dfsg-1) ...
Setting up libnet-http-perl (6.19-1) ...
Setting up m4 (1.4.18-4) ...
Setting up libdevel-callchecker-perl (0.008-1+b1) ...
Setting up ca-certificates (20190110) ...
Updating certificates in /etc/ssl/certs...
128 added, 0 removed; done.
Setting up libppi-perl (1.270-1) ...
Setting up libcroco3:amd64 (0.6.13-1) ...
Setting up autoconf (2.69-11.1) ...
Setting up dh-strip-nondeterminism (1.6.3-2) ...
Setting up libwww-robotrules-perl (6.02-1) ...
Setting up dwz (0.13-5) ...
Setting up groff-base (1.22.4-4) ...
Setting up libhtml-parser-perl (3.72-5) ...
Setting up gpgconf (2.2.19-1) ...
Setting up libio-socket-ssl-perl (2.067-1) ...
Setting up gpg (2.2.19-1) ...
Setting up gnupg-utils (2.2.19-1) ...
Setting up libhttp-message-perl (6.18-1) ...
Setting up automake (1:1.16.1-4) ...
update-alternatives: using /usr/bin/automake-1.16 to provide /usr/bin/automake (automake) in auto mode
Setting up libhttp-negotiate-perl (6.01-1) ...
Setting up libpython3.7-stdlib:amd64 (3.7.6-1+b1) ...
Setting up gettext (0.19.8.1-10) ...
Setting up gpg-agent (2.2.19-1) ...
Setting up libhttp-cookies-perl (6.08-1) ...
Setting up libhtml-tree-perl (5.07-2) ...
Setting up libparams-classify-perl (0.015-1+b2) ...
Setting up gpgsm (2.2.19-1) ...
Setting up man-db (2.9.0-2) ...
Not building database; man-db/auto-update is not 'true'.
Setting up intltool-debian (0.35.0+20060710.5) ...
Setting up dirmngr (2.2.19-1) ...
Setting up libmodule-runtime-perl (0.016-1) ...
Setting up gpg-wks-server (2.2.19-1) ...
Setting up libpython3-stdlib:amd64 (3.7.5-3) ...
Setting up python3.7 (3.7.6-1+b1) ...
Setting up gpg-wks-client (2.2.19-1) ...
Setting up libimport-into-perl (1.002005-1) ...
Setting up libmoo-perl (2.003006-1) ...
Setting up po-debconf (1.0.21) ...
Setting up python3 (3.7.5-3) ...
Setting up gnupg (2.2.19-1) ...
Setting up dh-autoreconf (19) ...
Setting up liblwp-protocol-https-perl (6.07-2) ...
Setting up libwww-perl (6.43-1) ...
Setting up debhelper (12.9) ...
Setting up devscripts (2.20.2) ...
Setting up dh-buildinfo (0.11+nmu2) ...
Setting up sbuild-build-depends-main-dummy (0.invalid.0) ...
Processing triggers for libc-bin (2.29-10) ...
Processing triggers for ca-certificates (20190110) ...
Updating certificates in /etc/ssl/certs...
0 added, 0 removed; done.
Running hooks in /etc/ca-certificates/update.d...
done.

+------------------------------------------------------------------------------+
| Check architectures                                                          |
+------------------------------------------------------------------------------+

Arch check ok (amd64 included in any)

+------------------------------------------------------------------------------+
| Build environment                                                            |
+------------------------------------------------------------------------------+

Kernel: Linux 4.19.0-6-cloud-amd64 #1 SMP Debian 4.19.67-2+deb10u2 (2019-11-11) amd64 (x86_64)
Toolchain package versions: binutils_2.34-3 dpkg-dev_1.19.7 g++-9_9.2.1-29 gcc-9_9.2.1-29 libc6-dev_2.29-10 libstdc++-8-dev_8.3.0-29 libstdc++-9-dev_9.2.1-29 libstdc++6_10-20200222-1 linux-libc-dev_5.4.19-1
Package versions: adduser_3.118 apt_1.8.4 autoconf_2.69-11.1 automake_1:1.16.1-4 autopoint_0.19.8.1-10 autotools-dev_20180224.1 base-files_11 base-passwd_3.5.47 bash_5.0-5 binutils_2.34-3 binutils-common_2.34-3 binutils-x86-64-linux-gnu_2.34-3 bsdmainutils_11.1.2+b1 bsdutils_1:2.34-0.1 build-essential_12.8 bzip2_1.0.8-2 ca-certificates_20190110 cdbs_0.4.159 clang-8_1:8.0.1-7 coreutils_8.30-3+b1 cpp_4:9.2.1-3.1 cpp-9_9.2.1-29 dash_0.5.10.2-6 debconf_1.5.73 debhelper_12.9 debian-archive-keyring_2019.1 debianutils_4.9.1 devscripts_2.20.2 dh-autoreconf_19 dh-buildinfo_0.11+nmu2 dh-strip-nondeterminism_1.6.3-2 diffutils_1:3.7-3 dirmngr_2.2.19-1 dpkg_1.19.7 dpkg-dev_1.19.7 dwz_0.13-5 e2fsprogs_1.45.5-2 fakeroot_1.24-1 fdisk_2.34-0.1 file_1:5.38-4 findutils_4.7.0-1 g++_4:9.2.1-3.1 g++-9_9.2.1-29 gcc_4:9.2.1-3.1 gcc-10-base_10-20200222-1 gcc-8-base_8.3.0-29 gcc-9_9.2.1-29 gcc-9-base_9.2.1-29 gettext_0.19.8.1-10 gettext-base_0.19.8.1-10 gnupg_2.2.19-1 gnupg-l10n_2.2.19-1 gnupg-utils_2.2.19-1 gpg_2.2.19-1 gpg-agent_2.2.19-1 gpg-wks-client_2.2.19-1 gpg-wks-server_2.2.19-1 gpgconf_2.2.19-1 gpgsm_2.2.19-1 gpgv_2.2.19-1 grep_3.4-1 groff-base_1.22.4-4 gzip_1.9-3+b1 hostname_3.23 init-system-helpers_1.57 intltool-debian_0.35.0+20060710.5 lib32gcc-s1_10-20200222-1 lib32gcc1_1:10-20200222-1 lib32stdc++6_10-20200222-1 libacl1_2.2.53-5 libapt-pkg5.0_1.8.4 libarchive-zip-perl_1.67-1 libasan5_9.2.1-29 libassuan0_2.5.3-7 libatomic1_10-20200222-1 libattr1_1:2.4.48-5 libaudit-common_1:2.8.5-2 libaudit1_1:2.8.5-2+b1 libb-hooks-op-check-perl_0.22-1+b2 libbinutils_2.34-3 libblkid1_2.34-0.1 libbsd0_0.10.0-1 libbz2-1.0_1.0.8-2 libc-bin_2.29-10 libc-dev-bin_2.29-10 libc6_2.29-10 libc6-dev_2.29-10 libc6-i386_2.29-10 libcap-ng0_0.7.9-2.1+b1 libcapture-tiny-perl_0.48-1 libcc1-0_10-20200222-1 libclang-common-8-dev_1:8.0.1-7 libclang1-8_1:8.0.1-7 libclass-method-modifiers-perl_2.13-1 libclone-perl_0.43-2 libcom-err2_1.45.5-2 libconfig-autoconf-perl_0.318-1 libcroco3_0.6.13-1 libcrypt-dev_1:4.4.10-10 libcrypt1_1:4.4.10-10 libctf-nobfd0_2.34-3 libctf0_2.34-3 libdb5.3_5.3.28+dfsg1-0.6 libdebconfclient0_0.251 libdebhelper-perl_12.9 libdevel-callchecker-perl_0.008-1+b1 libdpkg-perl_1.19.7 libdynaloader-functions-perl_0.003-1 libedit2_3.1-20191231-1 libelf1_0.176-1.1 libencode-locale-perl_1.05-1 libexpat1_2.2.9-1 libexporter-tiny-perl_1.002001-1 libext2fs2_1.45.5-2 libfakeroot_1.24-1 libfdisk1_2.34-0.1 libffi7_3.3-3 libfile-homedir-perl_1.004-1 libfile-listing-perl_6.04-1 libfile-slurper-perl_0.012-1 libfile-stripnondeterminism-perl_1.6.3-2 libfile-which-perl_1.23-1 libgc1c2_1:7.6.4-0.4 libgcc-8-dev_8.3.0-29 libgcc-9-dev_9.2.1-29 libgcc-s1_10-20200222-1 libgcc1_1:10-20200222-1 libgcrypt20_1.8.5-5 libgdbm-compat4_1.18.1-5 libgdbm6_1.18.1-5 libglib2.0-0_2.62.4-2 libgmp10_2:6.2.0+dfsg-4 libgnutls30_3.6.12-2 libgomp1_10-20200222-1 libgpg-error0_1.37-1 libhogweed5_3.5.1+really3.5.1-2 libhtml-parser-perl_3.72-5 libhtml-tagset-perl_3.20-4 libhtml-tree-perl_5.07-2 libhttp-cookies-perl_6.08-1 libhttp-date-perl_6.05-1 libhttp-message-perl_6.18-1 libhttp-negotiate-perl_6.01-1 libicu63_63.2-2 libidn2-0_2.2.0-2 libimport-into-perl_1.002005-1 libio-html-perl_1.001-1 libio-pty-perl_1:1.12-1 libio-socket-ssl-perl_2.067-1 libio-string-perl_1.08-3 libipc-run-perl_20180523.0-2 libisl22_0.22.1-1 libitm1_10-20200222-1 libksba8_1.3.5-2 libldap-2.4-2_2.4.49+dfsg-1 libldap-common_2.4.49+dfsg-1 liblist-moreutils-perl_0.416-1+b5 libllvm8_1:8.0.1-7 liblsan0_10-20200222-1 liblwp-mediatypes-perl_6.04-1 liblwp-protocol-https-perl_6.07-2 liblz4-1_1.9.2-2 liblzma5_5.2.4-1+b1 libmagic-mgc_1:5.38-4 libmagic1_1:5.38-4 libmodule-build-perl_0.423100-1 libmodule-runtime-perl_0.016-1 libmoo-perl_2.003006-1 libmount1_2.34-0.1 libmpc3_1.1.0-1 libmpdec2_2.4.2-2 libmpfr6_4.0.2-1 libmpx2_8.3.0-29 libncursesw6_6.1+20191019-1 libnet-http-perl_6.19-1 libnet-ssleay-perl_1.88-2 libnettle7_3.5.1+really3.5.1-2 libnpth0_1.6-1 libobjc-8-dev_8.3.0-29 libobjc-9-dev_9.2.1-29 libobjc4_10-20200222-1 libomp-8-dev_1:8.0.1-7 libomp5-8_1:8.0.1-7 libp11-kit0_0.23.20-1 libpam-modules_1.3.1-5 libpam-modules-bin_1.3.1-5 libpam-runtime_1.3.1-5 libpam0g_1.3.1-5 libparams-classify-perl_0.015-1+b2 libparams-util-perl_1.07-3+b5 libpcre2-8-0_10.34-7 libpcre3_2:8.39-12+b1 libperl5.30_5.30.0-9 libpipeline1_1.5.2-2 libppi-perl_1.270-1 libpython3-stdlib_3.7.5-3 libpython3.7-minimal_3.7.6-1+b1 libpython3.7-stdlib_3.7.6-1+b1 libquadmath0_10-20200222-1 libreadline8_8.0-3 librole-tiny-perl_2.001004-1 libsasl2-2_2.1.27+dfsg-2 libsasl2-modules-db_2.1.27+dfsg-2 libseccomp2_2.4.2-2 libselinux1_3.0-1+b1 libsemanage-common_3.0-1 libsemanage1_3.0-1+b1 libsepol1_3.0-1 libsigsegv2_2.12-2 libsmartcols1_2.34-0.1 libsqlite3-0_3.31.1-3 libss2_1.45.5-2 libssl1.1_1.1.1d-2 libstdc++-8-dev_8.3.0-29 libstdc++-9-dev_9.2.1-29 libstdc++6_10-20200222-1 libstrictures-perl_2.000006-1 libsub-override-perl_0.09-2 libsub-quote-perl_2.006006-1 libsystemd0_244.3-1 libtask-weaken-perl_1.06-1 libtasn1-6_4.16.0-2 libtimedate-perl_2.3100-1 libtinfo6_6.1+20191019-1 libtool_2.4.6-13 libtry-tiny-perl_0.30-1 libtsan0_10-20200222-1 libubsan1_10-20200222-1 libuchardet0_0.0.6-3 libudev1_244.3-1 libunistring2_0.9.10-2 liburi-perl_1.76-2 libuuid1_2.34-0.1 libwww-perl_6.43-1 libwww-robotrules-perl_6.02-1 libxml2_2.9.10+dfsg-3 libzstd1_1.4.4+dfsg-3 linux-libc-dev_5.4.19-1 login_1:4.8.1-1 logsave_1.45.5-2 lsb-base_11.1.0 m4_1.4.18-4 make_4.2.1-1.2 man-db_2.9.0-2 mawk_1.3.4.20200120-2 mime-support_3.64 mount_2.34-0.1 ncurses-base_6.1+20191019-1 ncurses-bin_6.1+20191019-1 netbase_6.1 openssl_1.1.1d-2 passwd_1:4.8.1-1 patch_2.7.6-6 patchutils_0.3.4-2+b1 perl_5.30.0-9 perl-base_5.30.0-9 perl-modules-5.30_5.30.0-9 perl-openssl-defaults_4 pinentry-curses_1.1.0-3+b1 po-debconf_1.0.21 python3_3.7.5-3 python3-minimal_3.7.5-3 python3.7_3.7.6-1+b1 python3.7-minimal_3.7.6-1+b1 readline-common_8.0-3 sbuild-build-depends-main-dummy_0.invalid.0 sed_4.7-1 sensible-utils_0.0.12+nmu1 sysvinit-utils_2.96-2.1 tar_1.30+dfsg-6+b1 tzdata_2019c-3 util-linux_2.34-0.1 wdiff_1.2.2-2+b1 xz-utils_5.2.4-1+b1 zlib1g_1:1.2.11.dfsg-1.2

+------------------------------------------------------------------------------+
| Build                                                                        |
+------------------------------------------------------------------------------+


Unpack source
-------------

-----BEGIN PGP SIGNED MESSAGE-----
Hash: SHA512

Format: 3.0 (quilt)
Source: libmarpa-r2-perl
Binary: libmarpa-r2-perl
Architecture: any
Version: 2.086000~dfsg-6
Maintainer: Debian Perl Group <pkg-perl-maintainers@lists.alioth.debian.org>
Uploaders: Jonas Smedegaard <dr@jones.dk>
Homepage: https://metacpan.org/release/Marpa-R2
Standards-Version: 3.9.6
Vcs-Browser: https://anonscm.debian.org/cgit/pkg-perl/packages/libmarpa-r2-perl.git
Vcs-Git: git://anonscm.debian.org/pkg-perl/packages/libmarpa-r2-perl
Testsuite: autopkgtest-pkg-perl
Build-Depends: cdbs (>= 0.4.123~), autotools-dev, devscripts, libtool, automake, autoconf, debhelper, dh-buildinfo, perl (>= 5.17.1) | libcpan-meta-perl (>= 2.120921), libconfig-autoconf-perl (>= 0.22), perl (>= 5.11.2) | libextutils-cbuilder-perl, libmodule-build-perl (>= 0.400300), perl (>= 5.11), libhtml-parser-perl (>= 3.69), perl (>= 5.11.1) | libtest-simple-perl (>= 0.94), libppi-perl
Package-List:
 libmarpa-r2-perl deb perl optional arch=any
Checksums-Sha1:
 f473e81ae24937b3a6feac3b0f6d51bc18658ef4 1488754 libmarpa-r2-perl_2.086000~dfsg.orig.tar.gz
 1f3ce01232e7a3a4d11dcd54fb284bdbd1551510 10812 libmarpa-r2-perl_2.086000~dfsg-6.debian.tar.xz
Checksums-Sha256:
 7b6b174315847436b57c342cded3c3805ebe8f2cd7051280900b448edf6cd68c 1488754 libmarpa-r2-perl_2.086000~dfsg.orig.tar.gz
 fa226d005d33ab10da811aa7cc65b52253e3bcfbd8512db6894fe3e0e472c310 10812 libmarpa-r2-perl_2.086000~dfsg-6.debian.tar.xz
Files:
 763d7561b61da378cdbc566df1900961 1488754 libmarpa-r2-perl_2.086000~dfsg.orig.tar.gz
 49d0a58a42f2151e824b71f71d457466 10812 libmarpa-r2-perl_2.086000~dfsg-6.debian.tar.xz

-----BEGIN PGP SIGNATURE-----

iQIcBAEBCgAGBQJXcBepAAoJEOxtg78p/CqOmgMP/jCIzyY30AE3Lfs6renqANDN
WPhxaaqODqgilWMHuLxjJbtGqTSy4F2l2KLm8YJNX6tp5bkP6Np/EsvvMG1yrFaX
AhAOUk45mQPjyAL04fUVKBHhkr8RBYxyF3V9iKUpWmzJsf+0fjIcVzVu/xCZioHa
h2l5sMDoywiwXT7nen+E/MdX9r7h8AtMfQ6c4tfO2lv5fdcFZoeYp2xtWLxSptxO
hkC8IMAuP9OmOrux8WfFO2mFzi5DpzyHQ1u5qImU9DuGOrCoQqtFYurflBccuTr1
AXCxnJ0EtHLw/t1mOmAGh9AsfpwT29zwJaRvEFwBdTEwlXLtCl6U4Ksqu7ZLlwIM
cl6yltjWo3L0Cc72nj/UrLb7RVAPOco7JW7q/kua9D3O0D+zN7/yar1ngUyyYDTo
BPZBmEP3T7w23RvWmhM6F1h6b96TjRLS7vFSFIyP3bbK74umf6b61PfJyqmXG5yX
dlTBZHuCtHFMNwBJOpWNMc+oW6Xt1YiAVAwdvmZrQWdDMlz5e7NpMPCfSbxxoxuW
87vRozRoV2kX/QEHiCi5F2EqzVF2R/SBRAnq5s34jVTecjfi8rycngkMvhDRfkHd
mbbHUWws7VMlkCRqGCvfxmZ08wiZoD2q6knSnkOjQ52EHFagd6+HNCQd9IvxNBxv
xksYn98KmaBx2klEhZNn
=DnXA
-----END PGP SIGNATURE-----

gpgv: unknown type of key resource 'trustedkeys.kbx'
gpgv: keyblock resource '/sbuild-nonexistent/.gnupg/trustedkeys.kbx': General error
gpgv: Signature made Sun Jun 26 17:58:01 2016 UTC
gpgv:                using RSA key EC6D83BF29FC2A8E
gpgv: Can't check signature: No public key
dpkg-source: warning: failed to verify signature on ./libmarpa-r2-perl_2.086000~dfsg-6.dsc
dpkg-source: info: extracting libmarpa-r2-perl in /<<PKGBUILDDIR>>
dpkg-source: info: unpacking libmarpa-r2-perl_2.086000~dfsg.orig.tar.gz
dpkg-source: info: unpacking libmarpa-r2-perl_2.086000~dfsg-6.debian.tar.xz
dpkg-source: info: using patch list from debian/patches/series
dpkg-source: info: applying 1001_xs_boot_workaround.patch
dpkg-source: info: applying 2001_libmarpa_external_linkage.patch
dpkg-source: info: applying reproducible_build.patch

Check disk space
----------------

Sufficient free space for build

User Environment
----------------

APT_CONFIG=/var/lib/sbuild/apt.conf
HOME=/sbuild-nonexistent
LANG=C.UTF-8
LC_ALL=C.UTF-8
LOGNAME=user42
PATH=/usr/local/sbin:/usr/local/bin:/usr/sbin:/usr/bin:/sbin:/bin:/usr/games
SCHROOT_ALIAS_NAME=unstable
SCHROOT_CHROOT_NAME=sid-amd64-sbuild
SCHROOT_COMMAND=env
SCHROOT_GID=1001
SCHROOT_GROUP=user42
SCHROOT_SESSION_ID=sid-amd64-sbuild-73129140-cbb2-4190-a470-dd3f9dbe19af
SCHROOT_UID=1001
SCHROOT_USER=user42
SHELL=/bin/sh
USER=user42

dpkg-buildpackage
-----------------

Command: dpkg-buildpackage -us -uc -b -rfakeroot
dpkg-buildpackage: info: source package libmarpa-r2-perl
dpkg-buildpackage: info: source version 2.086000~dfsg-6
dpkg-buildpackage: info: source distribution unstable
dpkg-buildpackage: info: source changed by intrigeri <intrigeri@debian.org>
 dpkg-source --before-build .
dpkg-buildpackage: info: host architecture amd64
 fakeroot debian/rules clean
CDBS WARNING:  copyright-check disabled - licensecheck is missing.
test -x debian/rules
rmdir .
rmdir: failed to remove '.': Invalid argument
make: [/usr/share/cdbs/1/rules/buildcore.mk:49: cleanbuilddir] Error 1 (ignored)
rm -f debian/stamp-makefile-build debian/stamp-makefile-install
/usr/bin/make -C . -k distclean
make[1]: Entering directory '/<<PKGBUILDDIR>>'
make[1]: *** No rule to make target 'distclean'.
make[1]: Leaving directory '/<<PKGBUILDDIR>>'
make: [/usr/share/cdbs/1/class/makefile.mk:91: makefile-clean] Error 2 (ignored)
rm -f debian/stamp-autotools
rmdir --ignore-fail-on-non-empty .
rmdir: failed to remove '.': Invalid argument
make: [/usr/share/cdbs/1/class/autotools.mk:64: makefile-clean] Error 1 (ignored)
rm -f libmarpa_dist/compile
rm -rf 
rm -f libmarpa_dist/compile ./config.log ././Makefile
set -e;    
rm -f debian/copyright_newhints
rm -f debian/cdbs-install-list debian/cdbs-package-list debian/stamp-copyright-check
rm -rf "debian/upstream-cruft"
rm -f debian/stamp-upstream-cruft
rm -f debian/stamp-autotools-files
cd . && ./Build realclean
/bin/sh: 1: ./Build: not found
make: [/usr/share/cdbs/1/class/perl-build.mk:107: clean] Error 127 (ignored)
rm -f debian/stamp-perl-build debian/stamp-perl-check
dh_clean 
dh_clean: warning: Compatibility levels before 9 are deprecated (level 8 in use)
rm -f 
test ! -d libmarpa_dist || rmdir --ignore-fail-on-non-empty libmarpa_dist
rm -f lib/Marpa/general_pattern.xsh
 debian/rules build
CDBS WARNING:  copyright-check disabled - licensecheck is missing.
test -x debian/rules
mkdir -p "."

Scanning upstream source for new/changed copyright notices...

set -e; LC_ALL=C.UTF-8 /usr/bin/licensecheck --check '.*' --recursive --copyright --deb-fmt --ignore '^(debian/(changelog|copyright(|_hints|_newhints)))$' --lines 0 -- * | /usr/lib/cdbs/licensecheck2dep5 > debian/copyright_newhints
/bin/sh: 1: /usr/bin/licensecheck: not found
0 combinations of copyright and licensing found.
WARNING: 			New or changed notices discovered:

Format: https://www.debian.org/doc/packaging-manuals/copyright-format/1.0/

To fix the situation please do the following:
  1) Examine debian/copyright_* and referenced files
  2) Update debian/copyright as needed
  3) Replace debian/copyright_hints with debian/copyright_newhints
touch debian/stamp-copyright-check
mkdir -p "debian/upstream-cruft"
mv "libmarpa_dist/config.guess" "debian/upstream-cruft/libmarpa_dist/config.guess";      mv "libmarpa_dist/config.sub" "debian/upstream-cruft/libmarpa_dist/config.sub";      mv "libmarpa_dist/ltmain.sh" "debian/upstream-cruft/libmarpa_dist/ltmain.sh";      mv "libmarpa_dist/m4/libtool.m4" "debian/upstream-cruft/libmarpa_dist/m4/libtool.m4";      mv "libmarpa_dist/m4/ltoptions.m4" "debian/upstream-cruft/libmarpa_dist/m4/ltoptions.m4";      mv "libmarpa_dist/m4/ltsugar.m4" "debian/upstream-cruft/libmarpa_dist/m4/ltsugar.m4";      mv "libmarpa_dist/m4/ltversion.m4" "debian/upstream-cruft/libmarpa_dist/m4/ltversion.m4";      mv "libmarpa_dist/m4/lt~obsolete.m4" "debian/upstream-cruft/libmarpa_dist/m4/lt~obsolete.m4";      mv "libmarpa_dist/aclocal.m4" "debian/upstream-cruft/libmarpa_dist/aclocal.m4";      mv "libmarpa_dist/configure" "debian/upstream-cruft/libmarpa_dist/configure";         mv "libmarpa_dist/install-sh" "debian/upstream-cruft/libmarpa_dist/install-sh";      mv "libmarpa_dist/missing" "debian/upstream-cruft/libmarpa_dist/missing";      mv "libmarpa_dist/depcomp" "debian/upstream-cruft/libmarpa_dist/depcomp";      mv "libmarpa_dist/./Makefile.in" "debian/upstream-cruft/libmarpa_dist/./Makefile.in";
cp -a "libmarpa_dist/LIB_VERSION" "debian/upstream-cruft/libmarpa_dist/LIB_VERSION";
touch debian/stamp-upstream-cruft
set -e;  
set -e;  
cd libmarpa_dist && libtoolize -c -f
libtoolize: putting auxiliary files in '.'.
libtoolize: copying file './ltmain.sh'
libtoolize: putting macros in AC_CONFIG_MACRO_DIRS, 'm4'.
libtoolize: copying file 'm4/libtool.m4'
libtoolize: copying file 'm4/ltoptions.m4'
libtoolize: copying file 'm4/ltsugar.m4'
libtoolize: copying file 'm4/ltversion.m4'
libtoolize: copying file 'm4/lt~obsolete.m4'
cd libmarpa_dist &&  aclocal -Im4 --install --force
cd libmarpa_dist &&  autoconf 
cd libmarpa_dist &&  automake --add-missing --copy --foreign --force
configure.ac:44: installing './compile'
configure.ac:44: installing './config.guess'
configure.ac:44: installing './config.sub'
configure.ac:39: installing './install-sh'
configure.ac:39: installing './missing'
Makefile.am: installing './depcomp'
touch debian/stamp-autotools-files
chmod a+x /<<PKGBUILDDIR>>/libmarpa_dist/configure
mkdir -p .
cd . && CFLAGS="-g -O2 -fdebug-prefix-map=/<<PKGBUILDDIR>>=. -fstack-protector-strong -Wformat -Werror=format-security" CXXFLAGS="-g -O2 -fdebug-prefix-map=/<<PKGBUILDDIR>>=. -fstack-protector-strong -Wformat -Werror=format-security" CPPFLAGS="-Wdate-time -D_FORTIFY_SOURCE=2" LDFLAGS="-Wl,-z,relro" /<<PKGBUILDDIR>>/libmarpa_dist/configure --build=x86_64-linux-gnu --prefix=/usr --includedir="\${prefix}/include" --mandir="\${prefix}/share/man" --infodir="\${prefix}/share/info" --sysconfdir=/etc --localstatedir=/var --libexecdir="\${prefix}/lib/libmarpa-r2-perl" --disable-maintainer-mode --disable-dependency-tracking --disable-silent-rules --with-pic --disable-shared
configure: WARNING: unrecognized options: --disable-maintainer-mode
checking for a BSD-compatible install... /usr/bin/install -c
checking whether build environment is sane... yes
checking for a thread-safe mkdir -p... /bin/mkdir -p
checking for gawk... no
checking for mawk... mawk
checking whether make sets $(MAKE)... yes
checking whether make supports nested variables... yes
checking build system type... x86_64-pc-linux-gnu
checking host system type... x86_64-pc-linux-gnu
checking how to print strings... printf
checking whether make supports the include directive... yes (GNU style)
checking for gcc... gcc
checking whether the C compiler works... yes
checking for C compiler default output file name... a.out
checking for suffix of executables... 
checking whether we are cross compiling... no
checking for suffix of object files... o
checking whether we are using the GNU C compiler... yes
checking whether gcc accepts -g... yes
checking for gcc option to accept ISO C89... none needed
checking whether gcc understands -c and -o together... yes
checking dependency style of gcc... none
checking for a sed that does not truncate output... /bin/sed
checking for grep that handles long lines and -e... /bin/grep
checking for egrep... /bin/grep -E
checking for fgrep... /bin/grep -F
checking for ld used by gcc... /usr/bin/ld
checking if the linker (/usr/bin/ld) is GNU ld... yes
checking for BSD- or MS-compatible name lister (nm)... /usr/bin/nm -B
checking the name lister (/usr/bin/nm -B) interface... BSD nm
checking whether ln -s works... yes
checking the maximum length of command line arguments... 1572864
checking how to convert x86_64-pc-linux-gnu file names to x86_64-pc-linux-gnu format... func_convert_file_noop
checking how to convert x86_64-pc-linux-gnu file names to toolchain format... func_convert_file_noop
checking for /usr/bin/ld option to reload object files... -r
checking for objdump... objdump
checking how to recognize dependent libraries... pass_all
checking for dlltool... no
checking how to associate runtime and link libraries... printf %s\n
checking for ar... ar
checking for archiver @FILE support... @
checking for strip... strip
checking for ranlib... ranlib
checking command to parse /usr/bin/nm -B output from gcc object... ok
checking for sysroot... no
checking for a working dd... /bin/dd
checking how to truncate binary pipes... /bin/dd bs=4096 count=1
checking for mt... no
checking if : is a manifest tool... no
checking how to run the C preprocessor... gcc -E
checking for ANSI C header files... yes
checking for sys/types.h... yes
checking for sys/stat.h... yes
checking for stdlib.h... yes
checking for string.h... yes
checking for memory.h... yes
checking for strings.h... yes
checking for inttypes.h... yes
checking for stdint.h... yes
checking for unistd.h... yes
checking for dlfcn.h... yes
checking for objdir... .libs
checking if gcc supports -fno-rtti -fno-exceptions... yes
checking for gcc option to produce PIC... -fPIC -DPIC
checking if gcc PIC flag -fPIC -DPIC works... yes
checking if gcc static flag -static works... yes
checking if gcc supports -c -o file.o... yes
checking if gcc supports -c -o file.o... (cached) yes
checking whether the gcc linker (/usr/bin/ld -m elf_x86_64) supports shared libraries... yes
checking dynamic linker characteristics... GNU/Linux ld.so
checking how to hardcode library paths into programs... immediate
checking whether stripping libraries is possible... yes
checking if libtool supports shared libraries... yes
checking whether to build shared libraries... no
checking whether to build static libraries... yes
checking for gawk... (cached) mawk
checking for gcc... (cached) gcc
checking whether we are using the GNU C compiler... (cached) yes
checking whether gcc accepts -g... (cached) yes
checking for gcc option to accept ISO C89... (cached) none needed
checking whether gcc understands -c and -o together... (cached) yes
checking dependency style of gcc... (cached) none
checking how to run the C preprocessor... gcc -E
checking whether ln -s works... yes
checking whether make sets $(MAKE)... (cached) yes
checking stddef.h usability... yes
checking stddef.h presence... yes
checking for stddef.h... yes
checking for stdlib.h... (cached) yes
checking for inline... inline
checking for size_t... yes
checking whether GCC handles -Wextra... -Wextra
checking whether GCC handles -Wdeclaration-after-statement... -Wdeclaration-after-statement
checking size of int... 4
checking for memset... yes
checking that generated files are newer than configure... done
configure: creating ./config.status
config.status: creating Makefile
config.status: creating LIB_VERSION
config.status: creating config.h
config.status: executing depfiles commands
config.status: executing libtool commands
configure: WARNING: unrecognized options: --disable-maintainer-mode
touch debian/stamp-autotools
cd . && perl -I. Build.PL --installdirs vendor --config ccflags="-g -O2 -fdebug-prefix-map=/<<PKGBUILDDIR>>=. -fstack-protector-strong -Wformat -Werror=format-security -D_REENTRANT -D_GNU_SOURCE -DDEBIAN -fwrapv -fno-strict-aliasing -pipe -I/usr/local/include -D_LARGEFILE_SOURCE -D_FILE_OFFSET_BITS=64" --config cxxflags="-g -O2 -fdebug-prefix-map=/<<PKGBUILDDIR>>=. -fstack-protector-strong -Wformat -Werror=format-security" --config cppflags="-Wdate-time -D_FORTIFY_SOURCE=2 -D_REENTRANT -D_GNU_SOURCE -DDEBIAN -fwrapv -fno-strict-aliasing -pipe -I/usr/local/include" --config lddlflags="-Wl,-z,relro -shared -L/usr/local/lib -fstack-protector-strong" --destdir /<<PKGBUILDDIR>>/debian/libmarpa-r2-perl
WARNING: the following files are missing in your kit:
	t/etc/wall_proof.txt
Please inform the author.

Created MYMETA.yml and MYMETA.json
Creating new 'Build' script for 'Marpa-R2' version '2.086000'
/usr/bin/make -C . 
make[1]: Entering directory '/<<PKGBUILDDIR>>'
(CDPATH="${ZSH_VERSION+.}:" && cd /<<PKGBUILDDIR>>/libmarpa_dist && /bin/bash /<<PKGBUILDDIR>>/libmarpa_dist/missing autoheader)
rm -f stamp-h1
touch /<<PKGBUILDDIR>>/libmarpa_dist/config.h.in
cd . && /bin/bash ./config.status config.h
config.status: creating config.h
/usr/bin/make  all-am
make[2]: Entering directory '/<<PKGBUILDDIR>>'
/bin/bash ./libtool  --tag=CC   --mode=compile gcc -DHAVE_CONFIG_H -I. -I/<<PKGBUILDDIR>>/libmarpa_dist  -Wundef -Wendif-labels -Wdate-time -D_FORTIFY_SOURCE=2 -Wall -Wextra -Wdeclaration-after-statement -Wpointer-arith -Wstrict-prototypes -Wwrite-strings -Wshadow -Wmissing-declarations -Wconversion -ansi -pedantic  -g -O2 -fdebug-prefix-map=/<<PKGBUILDDIR>>=. -fstack-protector-strong -Wformat -Werror=format-security -c -o marpa.lo /<<PKGBUILDDIR>>/libmarpa_dist/marpa.c
libtool: compile:  gcc -DHAVE_CONFIG_H -I. "-I/<<PKGBUILDDIR>>/libmarpa_dist" -Wundef -Wendif-labels -Wdate-time -D_FORTIFY_SOURCE=2 -Wall -Wextra -Wdeclaration-after-statement -Wpointer-arith -Wstrict-prototypes -Wwrite-strings -Wshadow -Wmissing-declarations -Wconversion -ansi -pedantic -g -O2 "-fdebug-prefix-map=/<<PKGBUILDDIR>>=." -fstack-protector-strong -Wformat -Werror=format-security -c "/<<PKGBUILDDIR>>/libmarpa_dist/marpa.c"  -fPIC -DPIC -o marpa.o
./marpa.w:681:8: warning: expansion of date or time macro is not reproducible [-Wdate-time]
return __DATE__" "__TIME__;
       ^
./marpa.w:681:19: warning: expansion of date or time macro is not reproducible [-Wdate-time]
return __DATE__" "__TIME__;
                  ^
./marpa.w:5017:50: warning: implicit conversion loses integer precision: 'long' to 'int' [-Wshorten-64-to-32]
Quasi_Position_of_AHM(current_item)= current_item-first_ahm_of_irl;
                                   ~ ~~~~~~~~~~~~^~~~~~~~~~~~~~~~~
./marpa.w:5017:50: warning: implicit conversion loses integer precision: 'long' to 'int' [-Wshorten-64-to-32]
Quasi_Position_of_AHM(current_item)= current_item-first_ahm_of_irl;
                                   ~ ~~~~~~~~~~~~^~~~~~~~~~~~~~~~~
./marpa.w:4975:36: warning: implicit conversion loses integer precision: 'long' to 'int' [-Wshorten-64-to-32]
AHM_Count_of_IRL(irl)= current_item-first_ahm_of_irl;
                     ~ ~~~~~~~~~~~~^~~~~~~~~~~~~~~~~
./marpa.w:6827:15: warning: implicit conversion loses integer precision: 'long' to 'AHMID' (aka 'int') [-Wshorten-64-to-32]
AHMID ahm_id= ID_of_AHM(ahm);
      ~~~~~~  ^~~~~~~~~~~~~~
./marpa.w:16031:31: note: expanded from macro 'ID_of_AHM'
#define ID_of_AHM(ahm) ((ahm) -g->t_ahms) 
                        ~~~~~~^~~~~~~~~~
./marpa.w:7472:21: warning: implicit conversion loses integer precision: 'long' to 'int' [-Wshorten-64-to-32]
for(ix= end_of_stack-base_of_stack;ix> insertion_point;ix--){
      ~ ~~~~~~~~~~~~^~~~~~~~~~~~~~
./marpa.w:8232:33: warning: implicit conversion loses integer precision: 'long' to 'int' [-Wshorten-64-to-32]
bv_bit_set(bv_ahm_event_trigger,ID_of_AHM(root_ahm));
~~~~~~~~~~                      ^~~~~~~~~~~~~~~~~~~
./marpa.w:16031:31: note: expanded from macro 'ID_of_AHM'
#define ID_of_AHM(ahm) ((ahm) -g->t_ahms) 
                        ~~~~~~^~~~~~~~~~
./marpa.w:11432:36: warning: implicit conversion loses integer precision: 'long' to 'int' [-Wshorten-64-to-32]
int final_count= (order-order_base)-1;
    ~~~~~~~~~~~  ~~~~~~~~~~~~~~~~~~^~
./marpa.w:14654:8: warning: implicit conversion loses integer precision: 'long' to 'Marpa_AHM_ID' (aka 'int') [-Wshorten-64-to-32]
return AHMID_of_YIM(earley_item);
~~~~~~ ^~~~~~~~~~~~~~~~~~~~~~~~~
./marpa.w:16132:27: note: expanded from macro 'AHMID_of_YIM'
#define AHMID_of_YIM(yim) ID_of_AHM(AHM_of_YIM(yim) ) 
                          ^~~~~~~~~~~~~~~~~~~~~~~~~~~
./marpa.w:16031:31: note: expanded from macro 'ID_of_AHM'
#define ID_of_AHM(ahm) ((ahm) -g->t_ahms) 
                        ~~~~~~^~~~~~~~~~
./marpa.w:14749:8: warning: implicit conversion loses integer precision: 'long' to 'Marpa_AHM_ID' (aka 'int') [-Wshorten-64-to-32]
return AHMID_of_YIM(base_earley_item);
~~~~~~ ^~~~~~~~~~~~~~~~~~~~~~~~~~~~~~
./marpa.w:16132:27: note: expanded from macro 'AHMID_of_YIM'
#define AHMID_of_YIM(yim) ID_of_AHM(AHM_of_YIM(yim) ) 
                          ^~~~~~~~~~~~~~~~~~~~~~~~~~~
./marpa.w:16031:31: note: expanded from macro 'ID_of_AHM'
#define ID_of_AHM(ahm) ((ahm) -g->t_ahms) 
                        ~~~~~~^~~~~~~~~~
./marpa.w:15004:8: warning: implicit conversion loses integer precision: 'long' to 'Marpa_Symbol_ID' (aka 'int') [-Wshorten-64-to-32]
return Cause_AHMID_of_SRCL(source_link);
~~~~~~ ^~~~~~~~~~~~~~~~~~~~~~~~~~~~~~~~
./marpa.w:16214:36: note: expanded from macro 'Cause_AHMID_of_SRCL'
#define Cause_AHMID_of_SRCL(srcl)  \
                                   ^
./marpa.w:16132:27: note: expanded from macro '\
AHMID_of_YIM'
#define AHMID_of_YIM(yim) ID_of_AHM(AHM_of_YIM(yim) ) 
                          ^~~~~~~~~~~~~~~~~~~~~~~~~~~
./marpa.w:16031:31: note: expanded from macro 'ID_of_AHM'
#define ID_of_AHM(ahm) ((ahm) -g->t_ahms) 
                        ~~~~~~^~~~~~~~~~
./marpa.w:15012:8: warning: implicit conversion loses integer precision: 'long' to 'Marpa_Symbol_ID' (aka 'int') [-Wshorten-64-to-32]
return Cause_AHMID_of_SRCL(source_link);
~~~~~~ ^~~~~~~~~~~~~~~~~~~~~~~~~~~~~~~~
./marpa.w:16214:36: note: expanded from macro 'Cause_AHMID_of_SRCL'
#define Cause_AHMID_of_SRCL(srcl)  \
                                   ^
./marpa.w:16132:27: note: expanded from macro '\
AHMID_of_YIM'
#define AHMID_of_YIM(yim) ID_of_AHM(AHM_of_YIM(yim) ) 
                          ^~~~~~~~~~~~~~~~~~~~~~~~~~~
./marpa.w:16031:31: note: expanded from macro 'ID_of_AHM'
#define ID_of_AHM(ahm) ((ahm) -g->t_ahms) 
                        ~~~~~~^~~~~~~~~~
./marpa.w:15048:8: warning: implicit conversion loses integer precision: 'long' to 'Marpa_Symbol_ID' (aka 'int') [-Wshorten-64-to-32]
return Cause_AHMID_of_SRCL(source_link);
~~~~~~ ^~~~~~~~~~~~~~~~~~~~~~~~~~~~~~~~
./marpa.w:16214:36: note: expanded from macro 'Cause_AHMID_of_SRCL'
#define Cause_AHMID_of_SRCL(srcl)  \
                                   ^
./marpa.w:16132:27: note: expanded from macro '\
AHMID_of_YIM'
#define AHMID_of_YIM(yim) ID_of_AHM(AHM_of_YIM(yim) ) 
                          ^~~~~~~~~~~~~~~~~~~~~~~~~~~
./marpa.w:16031:31: note: expanded from macro 'ID_of_AHM'
#define ID_of_AHM(ahm) ((ahm) -g->t_ahms) 
                        ~~~~~~^~~~~~~~~~
./marpa.w:15073:8: warning: implicit conversion loses integer precision: 'long' to 'Marpa_Symbol_ID' (aka 'int') [-Wshorten-64-to-32]
return Cause_AHMID_of_SRCL(source_link);
~~~~~~ ^~~~~~~~~~~~~~~~~~~~~~~~~~~~~~~~
./marpa.w:16214:36: note: expanded from macro 'Cause_AHMID_of_SRCL'
#define Cause_AHMID_of_SRCL(srcl)  \
                                   ^
./marpa.w:16132:27: note: expanded from macro '\
AHMID_of_YIM'
#define AHMID_of_YIM(yim) ID_of_AHM(AHM_of_YIM(yim) ) 
                          ^~~~~~~~~~~~~~~~~~~~~~~~~~~
./marpa.w:16031:31: note: expanded from macro 'ID_of_AHM'
#define ID_of_AHM(ahm) ((ahm) -g->t_ahms) 
                        ~~~~~~^~~~~~~~~~
./marpa.w:15110:8: warning: implicit conversion loses integer precision: 'long' to 'Marpa_Symbol_ID' (aka 'int') [-Wshorten-64-to-32]
return Cause_AHMID_of_SRCL(source_link);
~~~~~~ ^~~~~~~~~~~~~~~~~~~~~~~~~~~~~~~~
./marpa.w:16214:36: note: expanded from macro 'Cause_AHMID_of_SRCL'
#define Cause_AHMID_of_SRCL(srcl)  \
                                   ^
./marpa.w:16132:27: note: expanded from macro '\
AHMID_of_YIM'
#define AHMID_of_YIM(yim) ID_of_AHM(AHM_of_YIM(yim) ) 
                          ^~~~~~~~~~~~~~~~~~~~~~~~~~~
./marpa.w:16031:31: note: expanded from macro 'ID_of_AHM'
#define ID_of_AHM(ahm) ((ahm) -g->t_ahms) 
                        ~~~~~~^~~~~~~~~~
./marpa.w:15153:8: warning: implicit conversion loses integer precision: 'long' to 'Marpa_AHM_ID' (aka 'int') [-Wshorten-64-to-32]
return AHMID_of_YIM(predecessor);
~~~~~~ ^~~~~~~~~~~~~~~~~~~~~~~~~
./marpa.w:16132:27: note: expanded from macro 'AHMID_of_YIM'
#define AHMID_of_YIM(yim) ID_of_AHM(AHM_of_YIM(yim) ) 
                          ^~~~~~~~~~~~~~~~~~~~~~~~~~~
./marpa.w:16031:31: note: expanded from macro 'ID_of_AHM'
#define ID_of_AHM(ahm) ((ahm) -g->t_ahms) 
                        ~~~~~~^~~~~~~~~~
./marpa.w:12924:27: warning: unused variable 'bv_msb' [-Wunused-const-variable]
static const unsigned int bv_msb= lbv_msb;
                          ^
./marpa.w:2409:25: warning: unused function 'rule_rhs_get' [-Wunused-function]
PRIVATE Marpa_Symbol_ID*rule_rhs_get(RULE rule)
                        ^
./marpa.w:13020:12: warning: unused function 'bv_clone' [-Wunused-function]
Bit_Vector bv_clone(Bit_Vector bv)
           ^
./marpa.w:13044:14: warning: unused function 'bv_fill' [-Wunused-function]
PRIVATE void bv_fill(Bit_Vector bv)
             ^
./marpa.w:13069:14: warning: unused function 'bv_over_clear' [-Wunused-function]
PRIVATE void bv_over_clear(Bit_Vector bv,int raw_bit)
             ^
./marpa.w:13510:14: warning: unused function 'matrix_bit_clear' [-Wunused-function]
PRIVATE void matrix_bit_clear(Bit_Matrix matrix,int row,int column)
             ^
./marpa.w:13829:13: warning: unused function 'cil_merge' [-Wunused-function]
PRIVATE CIL cil_merge(CILAR cilar,CIL cil1,CIL cil2)
            ^
24 warnings generated.
/bin/bash ./libtool  --tag=CC   --mode=compile gcc -DHAVE_CONFIG_H -I. -I/<<PKGBUILDDIR>>/libmarpa_dist  -Wundef -Wendif-labels -Wdate-time -D_FORTIFY_SOURCE=2 -Wall -Wextra -Wdeclaration-after-statement -Wpointer-arith -Wstrict-prototypes -Wwrite-strings -Wshadow -Wmissing-declarations -Wconversion -ansi -pedantic  -g -O2 -fdebug-prefix-map=/<<PKGBUILDDIR>>=. -fstack-protector-strong -Wformat -Werror=format-security -c -o marpa_obs.lo /<<PKGBUILDDIR>>/libmarpa_dist/marpa_obs.c
libtool: compile:  gcc -DHAVE_CONFIG_H -I. "-I/<<PKGBUILDDIR>>/libmarpa_dist" -Wundef -Wendif-labels -Wdate-time -D_FORTIFY_SOURCE=2 -Wall -Wextra -Wdeclaration-after-statement -Wpointer-arith -Wstrict-prototypes -Wwrite-strings -Wshadow -Wmissing-declarations -Wconversion -ansi -pedantic -g -O2 "-fdebug-prefix-map=/<<PKGBUILDDIR>>=." -fstack-protector-strong -Wformat -Werror=format-security -c "/<<PKGBUILDDIR>>/libmarpa_dist/marpa_obs.c"  -fPIC -DPIC -o marpa_obs.o
/bin/bash ./libtool  --tag=CC   --mode=compile gcc -DHAVE_CONFIG_H -I. -I/<<PKGBUILDDIR>>/libmarpa_dist  -Wundef -Wendif-labels -Wdate-time -D_FORTIFY_SOURCE=2 -Wall -Wextra -Wdeclaration-after-statement -Wpointer-arith -Wstrict-prototypes -Wwrite-strings -Wshadow -Wmissing-declarations -Wconversion -ansi -pedantic  -g -O2 -fdebug-prefix-map=/<<PKGBUILDDIR>>=. -fstack-protector-strong -Wformat -Werror=format-security -c -o marpa_avl.lo /<<PKGBUILDDIR>>/libmarpa_dist/marpa_avl.c
libtool: compile:  gcc -DHAVE_CONFIG_H -I. "-I/<<PKGBUILDDIR>>/libmarpa_dist" -Wundef -Wendif-labels -Wdate-time -D_FORTIFY_SOURCE=2 -Wall -Wextra -Wdeclaration-after-statement -Wpointer-arith -Wstrict-prototypes -Wwrite-strings -Wshadow -Wmissing-declarations -Wconversion -ansi -pedantic -g -O2 "-fdebug-prefix-map=/<<PKGBUILDDIR>>=." -fstack-protector-strong -Wformat -Werror=format-security -c "/<<PKGBUILDDIR>>/libmarpa_dist/marpa_avl.c"  -fPIC -DPIC -o marpa_avl.o
/bin/bash ./libtool  --tag=CC   --mode=compile gcc -DHAVE_CONFIG_H -I. -I/<<PKGBUILDDIR>>/libmarpa_dist  -Wundef -Wendif-labels -Wdate-time -D_FORTIFY_SOURCE=2 -Wall -Wextra -Wdeclaration-after-statement -Wpointer-arith -Wstrict-prototypes -Wwrite-strings -Wshadow -Wmissing-declarations -Wconversion -ansi -pedantic  -g -O2 -fdebug-prefix-map=/<<PKGBUILDDIR>>=. -fstack-protector-strong -Wformat -Werror=format-security -c -o marpa_tavl.lo /<<PKGBUILDDIR>>/libmarpa_dist/marpa_tavl.c
libtool: compile:  gcc -DHAVE_CONFIG_H -I. "-I/<<PKGBUILDDIR>>/libmarpa_dist" -Wundef -Wendif-labels -Wdate-time -D_FORTIFY_SOURCE=2 -Wall -Wextra -Wdeclaration-after-statement -Wpointer-arith -Wstrict-prototypes -Wwrite-strings -Wshadow -Wmissing-declarations -Wconversion -ansi -pedantic -g -O2 "-fdebug-prefix-map=/<<PKGBUILDDIR>>=." -fstack-protector-strong -Wformat -Werror=format-security -c "/<<PKGBUILDDIR>>/libmarpa_dist/marpa_tavl.c"  -fPIC -DPIC -o marpa_tavl.o
/bin/bash ./libtool  --tag=CC   --mode=compile gcc -DHAVE_CONFIG_H -I. -I/<<PKGBUILDDIR>>/libmarpa_dist  -Wundef -Wendif-labels -Wdate-time -D_FORTIFY_SOURCE=2 -Wall -Wextra -Wdeclaration-after-statement -Wpointer-arith -Wstrict-prototypes -Wwrite-strings -Wshadow -Wmissing-declarations -Wconversion -ansi -pedantic  -g -O2 -fdebug-prefix-map=/<<PKGBUILDDIR>>=. -fstack-protector-strong -Wformat -Werror=format-security -c -o marpa_ami.lo /<<PKGBUILDDIR>>/libmarpa_dist/marpa_ami.c
libtool: compile:  gcc -DHAVE_CONFIG_H -I. "-I/<<PKGBUILDDIR>>/libmarpa_dist" -Wundef -Wendif-labels -Wdate-time -D_FORTIFY_SOURCE=2 -Wall -Wextra -Wdeclaration-after-statement -Wpointer-arith -Wstrict-prototypes -Wwrite-strings -Wshadow -Wmissing-declarations -Wconversion -ansi -pedantic -g -O2 "-fdebug-prefix-map=/<<PKGBUILDDIR>>=." -fstack-protector-strong -Wformat -Werror=format-security -c "/<<PKGBUILDDIR>>/libmarpa_dist/marpa_ami.c"  -fPIC -DPIC -o marpa_ami.o
/bin/bash ./libtool  --tag=CC   --mode=compile gcc -DHAVE_CONFIG_H -I. -I/<<PKGBUILDDIR>>/libmarpa_dist  -Wundef -Wendif-labels -Wdate-time -D_FORTIFY_SOURCE=2 -Wall -Wextra -Wdeclaration-after-statement -Wpointer-arith -Wstrict-prototypes -Wwrite-strings -Wshadow -Wmissing-declarations -Wconversion -ansi -pedantic  -g -O2 -fdebug-prefix-map=/<<PKGBUILDDIR>>=. -fstack-protector-strong -Wformat -Werror=format-security -c -o marpa_codes.lo /<<PKGBUILDDIR>>/libmarpa_dist/marpa_codes.c
libtool: compile:  gcc -DHAVE_CONFIG_H -I. "-I/<<PKGBUILDDIR>>/libmarpa_dist" -Wundef -Wendif-labels -Wdate-time -D_FORTIFY_SOURCE=2 -Wall -Wextra -Wdeclaration-after-statement -Wpointer-arith -Wstrict-prototypes -Wwrite-strings -Wshadow -Wmissing-declarations -Wconversion -ansi -pedantic -g -O2 "-fdebug-prefix-map=/<<PKGBUILDDIR>>=." -fstack-protector-strong -Wformat -Werror=format-security -c "/<<PKGBUILDDIR>>/libmarpa_dist/marpa_codes.c"  -fPIC -DPIC -o marpa_codes.o
/bin/bash ./libtool  --tag=CC   --mode=compile gcc -DHAVE_CONFIG_H -I. -I/<<PKGBUILDDIR>>/libmarpa_dist  -Wundef -Wendif-labels -Wdate-time -D_FORTIFY_SOURCE=2 -Wall -Wextra -Wdeclaration-after-statement -Wpointer-arith -Wstrict-prototypes -Wwrite-strings -Wshadow -Wmissing-declarations -Wconversion -ansi -pedantic  -g -O2 -fdebug-prefix-map=/<<PKGBUILDDIR>>=. -fstack-protector-strong -Wformat -Werror=format-security -c -o marpa_slif.lo /<<PKGBUILDDIR>>/libmarpa_dist/marpa_slif.c
libtool: compile:  gcc -DHAVE_CONFIG_H -I. "-I/<<PKGBUILDDIR>>/libmarpa_dist" -Wundef -Wendif-labels -Wdate-time -D_FORTIFY_SOURCE=2 -Wall -Wextra -Wdeclaration-after-statement -Wpointer-arith -Wstrict-prototypes -Wwrite-strings -Wshadow -Wmissing-declarations -Wconversion -ansi -pedantic -g -O2 "-fdebug-prefix-map=/<<PKGBUILDDIR>>=." -fstack-protector-strong -Wformat -Werror=format-security -c "/<<PKGBUILDDIR>>/libmarpa_dist/marpa_slif.c"  -fPIC -DPIC -o marpa_slif.o
/bin/bash ./libtool  --tag=CC   --mode=link gcc -Wall -Wextra -Wdeclaration-after-statement -Wpointer-arith -Wstrict-prototypes -Wwrite-strings -Wshadow -Wmissing-declarations -Wconversion -ansi -pedantic  -g -O2 -fdebug-prefix-map=/<<PKGBUILDDIR>>=. -fstack-protector-strong -Wformat -Werror=format-security  -Wl,-z,relro -o libmarpa.la -rpath /usr/lib marpa.lo marpa_obs.lo marpa_avl.lo marpa_tavl.lo marpa_ami.lo marpa_codes.lo marpa_slif.lo  
libtool: link: ar cr .libs/libmarpa.a  marpa.o marpa_obs.o marpa_avl.o marpa_tavl.o marpa_ami.o marpa_codes.o marpa_slif.o
libtool: link: ranlib .libs/libmarpa.a
libtool: link: ( cd ".libs" && rm -f "libmarpa.la" && ln -s "../libmarpa.la" "libmarpa.la" )
make[2]: Leaving directory '/<<PKGBUILDDIR>>'
make[1]: Leaving directory '/<<PKGBUILDDIR>>'
touch debian/stamp-makefile-build
CDBS WARNING:  DEB_MAKE_CHECK_TARGET unset, not running checks
cd . && ./Build build
Writing version files
Building Marpa-R2
x86_64-linux-gnu-gcc -I/usr/lib/x86_64-linux-gnu/perl/5.30/CORE -DVERSION="2.086000" -DXS_VERSION="2.086000" -fPIC -c -g -O2 -fdebug-prefix-map=/<<PKGBUILDDIR>>=. -fstack-protector-strong -Wformat -Werror=format-security -D_REENTRANT -D_GNU_SOURCE -DDEBIAN -fwrapv -fno-strict-aliasing -pipe -I/usr/local/include -D_LARGEFILE_SOURCE -D_FILE_OFFSET_BITS=64 -I libmarpa_dist -I xs -Wall -W -ansi -Wpointer-arith -Wstrict-prototypes -Wwrite-strings -Wmissing-declarations -O2 -g -o lib/Marpa/R2.o lib/Marpa/R2.c
lib/Marpa/R2.xs:914:16: warning: explicitly assigning value of variable of type 'int' to itself [-Wself-assign]
  new_perl_pos = new_perl_pos;
  ~~~~~~~~~~~~ ^ ~~~~~~~~~~~~
lib/Marpa/R2.xs:916:15: warning: explicitly assigning value of variable of type 'int' to itself [-Wself-assign]
  new_end_pos = new_end_pos;
  ~~~~~~~~~~~ ^ ~~~~~~~~~~~
lib/Marpa/R2.xs:6091:10: warning: cast to 'void *' from smaller integer type 'int' [-Wint-to-void-pointer-cast]
                                            INT2PTR (void *, lexeme_length));
                                            ^
/usr/lib/x86_64-linux-gnu/perl/5.30/CORE/perl.h:1780:26: note: expanded from macro 'INT2PTR'
#  define INT2PTR(any,d)        (any)(d)
                                ^
3 warnings generated.
ExtUtils::Mkbootstrap::Mkbootstrap('blib/arch/auto/Marpa/R2/R2.bs')
x86_64-linux-gnu-gcc -Wl,-z,relro -shared -L/usr/local/lib -fstack-protector-strong -o blib/arch/auto/Marpa/R2/R2.so lib/Marpa/R2.o /<<PKGBUILDDIR>>/.libs/libmarpa.a
touch debian/stamp-perl-build
cd  . && ./Build test  --verbose 1
Can't find source file /<<PKGBUILDDIR>>/libmarpa_build/config.h for up-to-date check at /usr/share/perl5/Module/Build/Base.pm line 5627.
Can't find source file /<<PKGBUILDDIR>>/libmarpa_build/marpa.h for up-to-date check at /usr/share/perl5/Module/Build/Base.pm line 5627.
Can't find source file /<<PKGBUILDDIR>>/libmarpa_build/marpa_slif.h for up-to-date check at /usr/share/perl5/Module/Build/Base.pm line 5627.
Can't find source file /<<PKGBUILDDIR>>/libmarpa_build/marpa_codes.c for up-to-date check at /usr/share/perl5/Module/Build/Base.pm line 5627.
compiling lib/Marpa/R2.c
# Marpa::R2 version is 2.086000
# Libmarpa version is 6.1.0
# Libmarpa tag: Feb 25 2020 02:46:28
t/00-load.t ............ 
1..4
ok 1 - Marpa::R2 version is 2.086
ok 2 - Marpa::R2 version is 2.086000
ok 3 - Libmarpa version is 6.1.0
ok 4 - Thin grammar created
ok
t/ah2.t ................ 
1..25
ok 1 - Aycock/Horspool Rules
ok 2 - Aycock/Horspool Symbols
ok 3 - Aycock/Horspool ISYs
ok 4 - Aycock/Horspool IRLs
ok 5 - Aycock/Horspool Nulling Symbols
ok 6 - Aycock/Horspool Productive Symbols
ok 7 - Aycock/Horspool Accessible Symbols
ok 8 - Aycock/Horspool AHMs
ok 9 - Aycock/Horspool Earley sets
ok 10 - Expected result for length=0, ""
ok 11 - Expected result for length=1, "(a;;;)"
ok 12 - Expected result for length=1, "(;a;;)"
ok 13 - Expected result for length=1, "(;;a;)"
ok 14 - Expected result for length=1, "(;;;a)"
ok 15 - Expected result for length=2, "(;;a;a)"
ok 16 - Expected result for length=2, "(;a;a;)"
ok 17 - Expected result for length=2, "(;a;;a)"
ok 18 - Expected result for length=2, "(a;;a;)"
ok 19 - Expected result for length=2, "(a;;;a)"
ok 20 - Expected result for length=2, "(a;a;;)"
ok 21 - Expected result for length=3, "(;a;a;a)"
ok 22 - Expected result for length=3, "(a;;a;a)"
ok 23 - Expected result for length=3, "(a;a;a;)"
ok 24 - Expected result for length=3, "(a;a;;a)"
ok 25 - Expected result for length=4, "(a;a;a;a)"
ok
t/ah_numeric.t ......... 
1..10
ok 1 - minimal parse, length=0
ok 2 - minimal parse, length=1
ok 3 - minimal parse, length=2
ok 4 - minimal parse, length=3
ok 5 - minimal parse, length=4
ok 6 - maximal parse, length=0
ok 7 - maximal parse, length=1
ok 8 - maximal parse, length=2
ok 9 - maximal parse, length=3
ok 10 - maximal parse, length=4
ok
t/asf_syn.t ............ 
1..1
ok 1 - Output for basic ASF synopsis
ok
t/balanced.t ........... 
1..7
ok 1 - target at pos 0
ok 2 - target at pos 1
ok 3 - target at pos 2
ok 4 - target at pos -8
ok 5 - target at pos -7
ok 6 - target at pos -6
ok 7 - Middle target
ok
t/bocage.t ............. 
1..18
ok 1 - Aycock/Horspool Rules
ok 2 - Aycock/Horspool Symbols
ok 3 - Aycock/Horspool Nulling Symbols
ok 4 - Aycock/Horspool Productive Symbols
ok 5 - Aycock/Horspool Accessible Symbols
ok 6 - AHMs
ok 7 - Aycock/Horspool Earley Sets
ok 8 - Tree, "(;a;a;a)"
ok 9 - Expected result, "(;a;a;a)"
ok 10 - Tree, "(a;;a;a)"
ok 11 - Expected result, "(a;;a;a)"
ok 12 - Tree, "(a;a;a;)"
ok 13 - Expected result, "(a;a;a;)"
ok 14 - Tree, "(a;a;;a)"
ok 15 - Expected result, "(a;a;;a)"
ok 16 - XS Or nodes
ok 17 - XS And nodes
ok 18 - XS Bocage
ok
t/catalan.t ............ 
1..7
ok 1 - Catalan number 2 matches parse count (1)
ok 2 - Catalan number 3 matches parse count (2)
ok 3 - Catalan number 4 matches parse count (5)
ok 4 - Catalan number 5 matches parse count (14)
ok 5 - Catalan number 6 matches parse count (42)
ok 6 - Catalan number 7 matches parse count (132)
ok 7 - Catalan number 8 matches parse count (429)
ok
t/chaf.t ............... 
1..2
ok 1 - Aycock/Horspool Rules
ok 2 - subp test
ok
t/code_diag.t .......... 
1..7
ok 1 - Ambiguous Equation Value
ok 2 - run phase warning in e_op_action
ok 3 - run phase warning in default_action
ok 4 - run phase error in e_op_action
ok 5 - run phase error in default_action
ok 6 - run phase die in e_op_action
ok 7 - run phase die in default_action
ok
t/context.t ............ 
1..7
ok 1 - $g->rule_ids() ok?
ok 2 - Parse ok?
ok 3 - bail with string argument happened
ok 4 - bail with string argument
ok 5 - bail with object argument happened
ok 6 - bail with object argument ref type
ok 7 - bail with object argument value
ok
t/counter.t ............ 
1..32
ok 1 - counting up 0
ok 2 - counting up 1
ok 3 - counting up 2
ok 4 - counting up 3
ok 5 - counting up 4
ok 6 - counting up 5
ok 7 - counting up 6
ok 8 - counting up 7
ok 9 - counting up 8
ok 10 - counting up 9
ok 11 - counting up 10
ok 12 - counting up 11
ok 13 - counting up 12
ok 14 - counting up 13
ok 15 - counting up 14
ok 16 - counting up 15
ok 17 - counting down 0
ok 18 - counting down 1
ok 19 - counting down 2
ok 20 - counting down 3
ok 21 - counting down 4
ok 22 - counting down 5
ok 23 - counting down 6
ok 24 - counting down 7
ok 25 - counting down 8
ok 26 - counting down 9
ok 27 - counting down 10
ok 28 - counting down 11
ok 29 - counting down 12
ok 30 - counting down 13
ok 31 - counting down 14
ok 32 - counting down 15
ok
t/curly.t .............. 
1..8
ok 1 - Count of values
ok 2 - Test of "{42;{1,2,3;4}}"
ok 3 - Count of values
ok 4 - Test of "{42;{1,2,3,4}}"
ok 5 - Count of values
ok 6 - Test of "{42;{;1,2,3;4}}"
ok 7 - Count of values
ok 8 - Test of "{42;+{1,2,3,4}}"
ok
t/curly2.t ............. 
1..1
ok 1 - Output
ok
t/debug.t .............. 
1..12
ok 1 - value
ok 2 - progress report
ok 3 - progress report at location 0
ok 4 - progress report at location -4
ok 5 - progress report at location 1
ok 6 - progress report at location -3
ok 7 - progress report at location 2
ok 8 - progress report at location -2
ok 9 - progress report at location 3
ok 10 - progress report at location 3
ok 11 - progress report at location -1
ok 12 - trace output
ok
t/debug_leo.t .......... 
1..2
ok 1 - Parse ok?
ok 2 - sorted progress report
ok
t/debug_seq.t .......... 
1..3
ok 1 - LHS terminal?
ok 2 - Parse ok?
ok 3 - progress report
ok
t/deprecated1.t ........ 
1..2
ok 1 - count of terminals expected
ok 2 - expected terminal
ok
t/dsl.t ................ 
1..6
ok 1 - Parsing "4 * 3 + 42 / 1"
ok 2 - Parsing "4 * 3 / (a = b = 5) + 42 - 1"
ok 3 - Parsing "4 * 3 /  5 - - - 3 + 42 - 1"
ok 4 - Parsing "a=1;b = 5;  - a - b"
ok 5 - Parsing "1 * 2 + 3 * 4 ^ 2 ^ 2 ^ 2 * 42 + 1"
ok 6 - Parsing "+ reduce 1 + 2, 3,4*2 , 5"
ok
t/duplicate_parse.t .... 
1..5
ok 1 - duplicate parse Rules
ok 2 - duplicate parse AHMs
ok 3 - Expected value: (-;a;b;c)
ok 4 - Expected value: (a;-;b;c)
ok 5 - Expected value: (a;b;-;c)
ok
t/equation.t ........... 
1..11
ok 1 - Ambiguous Equation Symbols
ok 2 - Ambiguous Equation Rules
ok 3 - Ambiguous Equation AHMs
ok 4 - Ambiguous Equation Problems
ok 5 - Ambiguous Equation Earley Sets
ok 6 - Ambiguous Equation Progress Report
ok 7 - Expected Value 0: (((2-0)*3)+1)==7
ok 8 - Expected Value 1: ((2-(0*3))+1)==3
ok 9 - Expected Value 2: (2-((0*3)+1))==1
ok 10 - Expected Value 3: (2-(0*(3+1)))==2
ok 11 - Expected Value 4: ((2-0)*(3+1))==8
ok
t/final_nonnullable.t .. 
1..10
ok 1 - final nonnulling Rules
ok 2 - final nonnulling AHFA
ok 3 - Expected value: "(-;-;-;a)"
ok 4 - Expected value: "(-;-;a;a)"
ok 5 - Expected value: "(-;a;-;a)"
ok 6 - Expected value: "(a;-;-;a)"
ok 7 - Expected value: "(-;a;a;a)"
ok 8 - Expected value: "(a;-;a;a)"
ok 9 - Expected value: "(a;a;-;a)"
ok 10 - Expected value: "(a;a;a;a)"
ok
t/gabend.t ............. 
1..7
ok 1 - Successfully caught problem: counted nullable
ok 2 - Successfully caught problem: duplicate rule
ok 3 - Successfully caught problem: unique_lhs
ok 4 - Successfully caught problem: nulling terminal grammar
ok 5 - Successfully caught problem: no start symbol
ok 6 - Successfully caught problem: start symbol not on lhs
ok 7 - Successfully caught problem: unproductive start symbol
ok
t/implementation.t ..... 
1..8
ok 1 - Implementation Example Value 1
ok 2 - Implementation Example Symbols
ok 3 - Implementation Example Rules
ok 4 - Implementation Example AHMs
ok 5 - Implementation Example Earley Sets
ok 6 - Implementation Example Value 2
ok 7 - Implementation Example Trace Output
ok 8 - Implementation Example Value 3
ok
t/infinite.t ........... 
1..6
ok 1 - cycle1 result
ok 2 - cycle1 trace
ok 3 - cycle2 result
ok 4 - cycle2 trace
ok 5 - cycle8 result
ok 6 - cycle8 trace
ok
t/infinite2.t .......... 
1..3
ok 1 - cycle detection
ok 2 - Expected value: "a"
ok 3 - Expected value: "A(B(a))"
ok
t/infinite_plex.t ...... 
1..4
ok 1 - 1-plex test trace
ok 2 - 1-plex test
ok 3 - 2-plex test trace
ok 4 - 2-plex test
ok
t/initial_nulls.t ...... 
1..9
ok 1 - Good parse count 2; input length=1
ok 2 - Good parse count 11; input length=2
ok 3 - Good parse count 31; input length=3
ok 4 - Good parse count 57; input length=4
ok 5 - Good parse count 70; input length=5
ok 6 - Good parse count 56; input length=6
ok 7 - Good parse count 28; input length=7
ok 8 - Good parse count 8; input length=8
ok 9 - Good parse count 1; input length=9
ok
t/jirotka.t ............ 
1..7
ok 1 - Symbols
ok 2 - Rules
ok 3 - AHMs
ok 4 - Earley Sets
ok 5 - And Nodes
ok 6 - Or Nodes
ok 7 - Result
ok
t/leo.t ................ 
1..17
ok 1 - Leo168 Symbols
ok 2 - Leo168 Rules
ok 3 - Leo168 AHMs
ok 4 - Parse of a
ok 5 - Parse of ab
ok 6 - Parse of aa
ok 7 - Parse of aab
ok 8 - Parse of aabb
ok 9 - Parse of aaa
ok 10 - Parse of aaab
ok 11 - Parse of aaabb
ok 12 - Parse of aaabbb
ok 13 - Parse of aaaa
ok 14 - Parse of aaaab
ok 15 - Parse of aaaabb
ok 16 - Parse of aaaabbb
ok 17 - Parse of aaaabbbb
ok
t/leo2.t ............... 
1..9
ok 1 - Leo166 Symbols
ok 2 - Leo166 Rules
ok 3 - Leo166 AHMs
ok 4 - Leo flag 0, size
ok 5 - Leo p166 parse
ok 6 - Leo flag 1, size
ok 7 - Leo p166 parse
ok 8 - Warns at earley item threshold
ok 9 - Leo p166 parse
ok
t/leo3.t ............... 
1..7
ok 1 - Leo166 Symbols
ok 2 - Leo166 Rules
ok 3 - Leo166 AHMs
ok 4 - Leo flag 0, size 84
ok 5 - Leo p166 parse
ok 6 - Leo flag 1, size 9
ok 7 - Leo p166 parse
ok
t/leo_cycle.t .......... 
1..6
ok 1 - Leo166 Symbols
ok 2 - Leo166 Rules
ok 3 - Leo166 AHFA
ok 4 - size 14
ok 5 - Leo cycle Earley sets
ok 6 - Leo cycle parse
ok
t/leo_example.t ........ 
1..6
ok 1 - Leo Example Symbols
ok 2 - Leo Example Rules
ok 3 - Leo Example AHMs
ok 4 - Leo Example Earley Sets "Before"
ok 5 - Leo Example Value
ok 6 - Leo Example Trace Output
ok
t/leo_unit.t ........... 
1..7
ok 1 - Leo166 Symbols
ok 2 - Leo166 Rules
ok 3 - Leo166 AHMs
ok 4 - Leo flag 0, size was 12 but 12 was expected
ok 5 - Leo unit rule parse
ok 6 - Leo flag 1, size was 5 but 5 was expected
ok 7 - Leo unit rule parse
ok
t/limits.t ............. 
1..3
ok 1 - Placebo grammar
ok 2 - Earleme very long, but still OK
ok 3 - Caught over-long earleme
ok
t/minus.t .............. 
1..10
ok 1 - Minuses Equation Rules
ok 2 - Minuses Equation AHMs
ok 3 - Expected Value (((6--)--)-1)==5
ok 4 - Expected Value ((6--)-(--1))==6
ok 5 - Expected Value (6-(--(--1)))==7
ok 6 - Expected Value (6-(--(-(-1))))==6
ok 7 - Expected Value (6-(-(-(--1))))==6
ok 8 - Expected Value (6-(-(-(-(-1)))))==5
ok 9 - Expected Value (6-(-(--(-1))))==4
ok 10 - Expected Value ((6--)-(-(-1)))==5
ok
t/naif.t ............... 
1..1
ok 1 - Regression test of ref to undef as toke value
ok
t/null_example.t ....... 
1..1
ok 1 - Null example
ok
t/null_infinite1.t ..... 
1..3
ok 1 - value for input length 1
ok 2 - value for input length 2
ok 3 - value for input length 3
ok
t/null_infinite4.t ..... 
1..1
ok 1 - value for input length 1
ok
t/null_value.t ......... 
1..1
ok 1 - null value example
ok
t/pascal.t ............. 
1..7
ok 1 - Row 0 of Pascal's triangle matches parse counts
ok 2 - Row 1 of Pascal's triangle matches parse counts
ok 3 - Row 2 of Pascal's triangle matches parse counts
ok 4 - Row 3 of Pascal's triangle matches parse counts
ok 5 - Row 4 of Pascal's triangle matches parse counts
ok 6 - Row 5 of Pascal's triangle matches parse counts
ok 7 - Row 10 of Pascal's triangle matches parse counts
ok
t/perl.t ............... 
1..12
ok 1
ok 2
ok 3
ok 4
ok 5
ok 6
ok 7
ok 8
ok 9
ok 10
ok 11
ok 12
ok
t/rabend.t ............. 
1..6
ok 1 - Result: duplicate terminal 1
ok 2 - Successfully caught problem: duplicate terminal 1
ok 3 - Tracing OK: duplicate terminal 1
ok 4 - Result: duplicate terminal 2
ok 5 - Successfully caught problem: duplicate terminal 2
ok 6 - Tracing OK: duplicate terminal 2
ok
t/randal.t ............. 
1..6
ok 1 - sin: Parse count
ok 2 - sin: Parse match
ok 3 - Output of terminals_expected() matched events()
ok 4 - time: Parse count
ok 5 - time: Parse match
ok 6 - Output of terminals_expected() matched events()
ok
t/rewrite.t ............ 
1..2
ok 1 - Rewritten Rules
ok 2 - Null parse value
ok
t/sequence.t ........... 
1..70
ok 1 - min=0;;count=0
ok 2 - min=0;;count=1
ok 3 - min=0;;count=2
ok 4 - min=0;;count=3
ok 5 - min=0;;count=5
ok 6 - min=0;;count=10
ok 7 - min=0;proper;;count=0
ok 8 - min=0;proper;;count=1
ok 9 - min=0;proper;;count=2
ok 10 - min=0;proper;;count=3
ok 11 - min=0;proper;;count=5
ok 12 - min=0;proper;;count=10
ok 13 - min=0;keep;proper;;count=0
ok 14 - min=0;keep;proper;;count=1
ok 15 - min=0;keep;proper;;count=2
ok 16 - min=0;keep;proper;;count=3
ok 17 - min=0;keep;proper;;count=5
ok 18 - min=0;keep;proper;;count=10
ok 19 - min=0;perl5;;count=0
ok 20 - min=0;perl5;;count=1
ok 21 - min=0;perl5;;count=2
ok 22 - min=0;perl5;;count=3
ok 23 - min=0;perl5;;count=5
ok 24 - min=0;perl5;;count=10
ok 25 - min=0;keep;perl5;;count=0
ok 26 - min=0;keep;perl5;;count=1
ok 27 - min=0;keep;perl5;;count=2
ok 28 - min=0;keep;perl5;;count=3
ok 29 - min=0;keep;perl5;;count=5
ok 30 - min=0;keep;perl5;;count=10
ok 31 - min=1;;count=1
ok 32 - min=1;;count=2
ok 33 - min=1;;count=3
ok 34 - min=1;;count=5
ok 35 - min=1;;count=10
ok 36 - min=1;proper;;count=1
ok 37 - min=1;proper;;count=2
ok 38 - min=1;proper;;count=3
ok 39 - min=1;proper;;count=5
ok 40 - min=1;proper;;count=10
ok 41 - min=1;keep;proper;;count=1
ok 42 - min=1;keep;proper;;count=2
ok 43 - min=1;keep;proper;;count=3
ok 44 - min=1;keep;proper;;count=5
ok 45 - min=1;keep;proper;;count=10
ok 46 - min=1;perl5;;count=1
ok 47 - min=1;perl5;;count=2
ok 48 - min=1;perl5;;count=3
ok 49 - min=1;perl5;;count=5
ok 50 - min=1;perl5;;count=10
ok 51 - min=1;keep;perl5;;count=1
ok 52 - min=1;keep;perl5;;count=2
ok 53 - min=1;keep;perl5;;count=3
ok 54 - min=1;keep;perl5;;count=5
ok 55 - min=1;keep;perl5;;count=10
ok 56 - min=3;;count=3
ok 57 - min=3;;count=5
ok 58 - min=3;;count=10
ok 59 - min=3;proper;;count=3
ok 60 - min=3;proper;;count=5
ok 61 - min=3;proper;;count=10
ok 62 - min=3;keep;proper;;count=3
ok 63 - min=3;keep;proper;;count=5
ok 64 - min=3;keep;proper;;count=10
ok 65 - min=3;perl5;;count=3
ok 66 - min=3;perl5;;count=5
ok 67 - min=3;perl5;;count=10
ok 68 - min=3;keep;perl5;;count=3
ok 69 - min=3;keep;perl5;;count=5
ok 70 - min=3;keep;perl5;;count=10
ok
t/sequence2.t .......... 
1..3
ok 1 - min 0 value
ok 2 - min 1 value
ok 3 - multipart rhs value
ok
t/sl_action.t .......... 
1..6
ok 1 - Parse ok?
ok 2 - bail with string argument happened
ok 3 - bail with string argument
ok 4 - bail with object argument happened
ok 5 - bail with object argument ref type
ok 6 - bail with object argument value
ok
t/sl_action2.t ......... 
1..2
ok 1 - Constant actions
ok 2 - semantics_package constructor
ok
t/sl_advent.t .......... 
1..54
ok 1 - Result of 2♥ 5♥ 7♦ 8♣ 9♠ using hex
ok 2 - Value of 2♥ 5♥ 7♦ 8♣ 9♠ using hex
ok 3 - Result of 2♥ 5♥ 7♦ 8♣ 9♠ using char class
ok 4 - Value of 2♥ 5♥ 7♦ 8♣ 9♠ using char class
ok 5 - Result of 2♥ 5♥ 7♦ 8♣ 9♠ using strings
ok 6 - Value of 2♥ 5♥ 7♦ 8♣ 9♠ using strings
ok 7 - Result of 2♥ a♥ 7♦ 8♣ j♥ using hex
ok 8 - Value of 2♥ a♥ 7♦ 8♣ j♥ using hex
ok 9 - Result of 2♥ a♥ 7♦ 8♣ j♥ using char class
ok 10 - Value of 2♥ a♥ 7♦ 8♣ j♥ using char class
ok 11 - Result of 2♥ a♥ 7♦ 8♣ j♥ using strings
ok 12 - Value of 2♥ a♥ 7♦ 8♣ j♥ using strings
ok 13 - Result of a♥ a♥ 7♦ 8♣ j♥ using hex
ok 14 - Value of a♥ a♥ 7♦ 8♣ j♥ using hex
ok 15 - Result of a♥ a♥ 7♦ 8♣ j♥ using char class
ok 16 - Value of a♥ a♥ 7♦ 8♣ j♥ using char class
ok 17 - Result of a♥ a♥ 7♦ 8♣ j♥ using strings
ok 18 - Value of a♥ a♥ 7♦ 8♣ j♥ using strings
ok 19 - Result of a♥ 7♥ 7♦ 8♣ j♥; 10♥ j♥ q♥ k♥ a♥ using hex
ok 20 - Value of a♥ 7♥ 7♦ 8♣ j♥; 10♥ j♥ q♥ k♥ a♥ using hex
ok 21 - Result of a♥ 7♥ 7♦ 8♣ j♥; 10♥ j♥ q♥ k♥ a♥ using char class
ok 22 - Value of a♥ 7♥ 7♦ 8♣ j♥; 10♥ j♥ q♥ k♥ a♥ using char class
ok 23 - Result of a♥ 7♥ 7♦ 8♣ j♥; 10♥ j♥ q♥ k♥ a♥ using strings
ok 24 - Value of a♥ 7♥ 7♦ 8♣ j♥; 10♥ j♥ q♥ k♥ a♥ using strings
ok 25 - Result of 2♥ 7♥ 2♦ 3♣ 3♦ using hex
ok 26 - Value of 2♥ 7♥ 2♦ 3♣ 3♦ using hex
ok 27 - Result of 2♥ 7♥ 2♦ 3♣ 3♦ using char class
ok 28 - Value of 2♥ 7♥ 2♦ 3♣ 3♦ using char class
ok 29 - Result of 2♥ 7♥ 2♦ 3♣ 3♦ using strings
ok 30 - Value of 2♥ 7♥ 2♦ 3♣ 3♦ using strings
ok 31 - Result of 2♥ 7♥ 2♦ 3♣ using hex
ok 32 - Value of 2♥ 7♥ 2♦ 3♣ using hex
ok 33 - Result of 2♥ 7♥ 2♦ 3♣ using char class
ok 34 - Value of 2♥ 7♥ 2♦ 3♣ using char class
ok 35 - Result of 2♥ 7♥ 2♦ 3♣ using strings
ok 36 - Value of 2♥ 7♥ 2♦ 3♣ using strings
ok 37 - Result of 2♥ 7♥ 2♦ 3♣ 3♦ 1♦ using hex
ok 38 - Value of 2♥ 7♥ 2♦ 3♣ 3♦ 1♦ using hex
ok 39 - Result of 2♥ 7♥ 2♦ 3♣ 3♦ 1♦ using char class
ok 40 - Value of 2♥ 7♥ 2♦ 3♣ 3♦ 1♦ using char class
ok 41 - Result of 2♥ 7♥ 2♦ 3♣ 3♦ 1♦ using strings
ok 42 - Value of 2♥ 7♥ 2♦ 3♣ 3♦ 1♦ using strings
ok 43 - Result of 2♥ 7♥ 2♦ 3♣ using hex
ok 44 - Value of 2♥ 7♥ 2♦ 3♣ using hex
ok 45 - Result of 2♥ 7♥ 2♦ 3♣ using char class
ok 46 - Value of 2♥ 7♥ 2♦ 3♣ using char class
ok 47 - Result of 2♥ 7♥ 2♦ 3♣ using strings
ok 48 - Value of 2♥ 7♥ 2♦ 3♣ using strings
ok 49 - Result of a♥ 7♥ 7♦ 8♣ j♥; 10♥ j♣ q♥ k♥ using hex
ok 50 - Value of a♥ 7♥ 7♦ 8♣ j♥; 10♥ j♣ q♥ k♥ using hex
ok 51 - Result of a♥ 7♥ 7♦ 8♣ j♥; 10♥ j♣ q♥ k♥ using char class
ok 52 - Value of a♥ 7♥ 7♦ 8♣ j♥; 10♥ j♣ q♥ k♥ using char class
ok 53 - Result of a♥ 7♥ 7♦ 8♣ j♥; 10♥ j♣ q♥ k♥ using strings
ok 54 - Value of a♥ 7♥ 7♦ 8♣ j♥; 10♥ j♣ q♥ k♥ using strings
ok
t/sl_ah2.t ............. 
1..26
ok 1 - Ambiguity check for length 0
ok 2 - Expected result for length=0, ""
ok 3 - Ambiguity description for length 0
ok 4 - Ambiguity check for length 1
ok 5 - Expected result for length=1, "(a;;;)"
ok 6 - Expected result for length=1, "(;a;;)"
ok 7 - Expected result for length=1, "(;;a;)"
ok 8 - Expected result for length=1, "(;;;a)"
ok 9 - Ambiguity description for length 1
ok 10 - Ambiguity check for length 2
ok 11 - Expected result for length=2, "(;;a;a)"
ok 12 - Expected result for length=2, "(;a;a;)"
ok 13 - Expected result for length=2, "(;a;;a)"
ok 14 - Expected result for length=2, "(a;;a;)"
ok 15 - Expected result for length=2, "(a;;;a)"
ok 16 - Expected result for length=2, "(a;a;;)"
ok 17 - Ambiguity description for length 2
ok 18 - Ambiguity check for length 3
ok 19 - Expected result for length=3, "(;a;a;a)"
ok 20 - Expected result for length=3, "(a;;a;a)"
ok 21 - Expected result for length=3, "(a;a;a;)"
ok 22 - Expected result for length=3, "(a;a;;a)"
ok 23 - Ambiguity description for length 3
ok 24 - Ambiguity check for length 4
ok 25 - Expected result for length=4, "(a;a;a;a)"
ok 26 - Ambiguity description for length 4
ok
t/sl_ambig.t ........... 
1..4
ok 1 - Value of Symch ambiguity
ok 2 - Result of Symch ambiguity
ok 3 - glade_span() start
ok 4 - glade_span() length
ok
t/sl_ast.t ............. 
1..4
ok 1 - Scanless show_rules()
ok 2 - Value of scannerless parse
ok 3 - Value of scannerless parse
ok 4 - Value of scannerless parse
ok
t/sl_astsyn.t .......... 
1..3
ok 1 - Value of scannerless parse
ok 2 - Value of scannerless parse
ok 3 - Value of scannerless parse
ok
t/sl_calc.t ............ 
1..6
ok 1 - Scanless show_rules()
ok 2 - Calculator 1
ok 3 - Calculator 2
ok 4 - Calculator 3
ok 5 - Priority test 1
ok 6 - Priority test 2
ok
t/sl_completed.t ....... 
1..10
ok 1 - Value for "42 ( hi 42 hi ) 7 11"
ok 2 - Events for "42 ( hi 42 hi ) 7 11"
ok 3 - Value for "42 ( hi) 42 (hi ) 7 11"
ok 4 - Events for "42 ( hi) 42 (hi ) 7 11"
ok 5 - Value for "(hi 42 hi)"
ok 6 - Events for "(hi 42 hi)"
ok 7 - Value for "1(2(3(4)))"
ok 8 - Events for "1(2(3(4)))"
ok 9 - Value for "(((1)2)3)4"
ok 10 - Events for "(((1)2)3)4"
ok
t/sl_debug.t ........... 
1..26
ok 1 - Error message before fix
ok 2 - Value before fix
ok 3 - progress report
ok 4 - progress report at location 0
ok 5 - progress report at location -6
ok 6 - progress report at location 1
ok 7 - progress report at location -5
ok 8 - progress report at location 2
ok 9 - progress report at location -4
ok 10 - progress report at default location
ok 11 - progress report at location 3
ok 12 - progress report at location -3
ok 13 - trace output
ok 14 - Value after fix
ok 15 - SLIF show_rules()
ok 16 - SLIF show_symbols()
ok 17 - L0 symbol ids
ok 18 - G1 symbol ids
ok 19 - G1 rule ids
ok 20 - L0 rule ids
ok 21 - G1 symbol ids by rule id
ok 22 - L0 symbol ids by rule id
ok 23 - G1 symbol names and description
ok 24 - G1 rule_show() by rule id
ok 25 - L0 rule_show() by rule id
ok 26 - L0 symbol names and description
ok
t/sl_diag.t ............ 
1..12
ok 1 - g0_rule_ids() and g0_rule()
ok 2 - g1_rule_ids() and rule()
ok 3 - SLIF terminals_expected()
ok 4 - Scanless show_progess()
ok 5 - Value of "+++ 1 2 3 + + 1 2 4"
ok 6 - Trace output for "+++ 1 2 3 + + 1 2 4"
ok 7 - Scanless progress()
ok 8 - Scanless latest_g1_location()
ok 9 - Scanless current_g1_location()
ok 10 - Scanless pos()
ok 11 - Scanless input_length()
ok 12 - Scanless g1_location_to_span()
ok
t/sl_dsl.t ............. 
1..7
ok 1 - Value of "4 * 3 + 42 / 1"
ok 2 - Value of "4 * 3 / (a = b = 5) + 42 - 1"
ok 3 - Value of "4 * 3 /  5 - - - 3 + 42 - 1"
ok 4 - Value of "a=1;b = 5;  - a - b"
ok 5 - Value of "1 * 2 + 3 * 4 ^ 2 ^ 2 ^ 2 * 42 + 1"
ok 6 - Value of "+ reduce 1 + 2, 3,4*2 , 5"
ok 7 - Value of "4 * 3 / 「a = b = 5」 + 42 - 1"
ok
t/sl_durand.t .......... 
1..10
ok 1 - Return value of lexeme_read() is 1
ok 2 - Return value of lexeme_read() is 2
ok 3 - Return value of lexeme_read() is 3
ok 4 - Return value of lexeme_read() is 4
ok 5 - Return value of lexeme_read() is 5
ok 6 - Return value of lexeme_read() is 6
ok 7 - Return value of lexeme_read() is 7
ok 8 - Return value of lexeme_read() is 8
ok 9 - Return value of lexeme_read() is 9
ok 10 - Values for Durand test
ok
t/sl_dyck.t ............ 
1..1
ok 1 - Dyck-Hollerith value
ok
t/sl_event.t ........... 
1..44
ok 1 - Value for all events
ok 2 - Events for all events
ok 3 - Value for all events deactivated
ok 4 - Events for all events deactivated
ok 5 - Value for event "a" reactivated
ok 6 - Events for event "a" reactivated
ok 7 - Value for event "^b" reactivated
ok 8 - Events for event "^b" reactivated
ok 9 - Value for event "b" reactivated
ok 10 - Events for event "b" reactivated
ok 11 - Value for event "^c" reactivated
ok 12 - Events for event "^c" reactivated
ok 13 - Value for event "c" reactivated
ok 14 - Events for event "c" reactivated
ok 15 - Value for event "^d" reactivated
ok 16 - Events for event "^d" reactivated
ok 17 - Value for event "d" reactivated
ok 18 - Events for event "d" reactivated
ok 19 - Value for event "e[]" reactivated
ok 20 - Events for event "e[]" reactivated
ok 21 - Value for event "^f" reactivated
ok 22 - Events for event "^f" reactivated
ok 23 - Value for event "f" reactivated
ok 24 - Events for event "f" reactivated
ok 25 - Value for event "g[]" reactivated
ok 26 - Events for event "g[]" reactivated
ok 27 - Value for event "^h" reactivated
ok 28 - Events for event "^h" reactivated
ok 29 - Value for event "h" reactivated
ok 30 - Events for event "h" reactivated
ok 31 - Value for event "^i" reactivated
ok 32 - Events for event "^i" reactivated
ok 33 - Value for event "i" reactivated
ok 34 - Events for event "i" reactivated
ok 35 - Value for event "^j" reactivated
ok 36 - Events for event "^j" reactivated
ok 37 - Value for event "j" reactivated
ok 38 - Events for event "j" reactivated
ok 39 - Value for event "k[]" reactivated
ok 40 - Events for event "k[]" reactivated
ok 41 - Value for event "^l" reactivated
ok 42 - Events for event "^l" reactivated
ok 43 - Value for event "l" reactivated
ok 44 - Events for event "l" reactivated
ok
t/sl_exhaust.t ......... 
1..72
ok 1 - Bare: Value of ""
ok 2 - Bare: Result of ""
ok 3 - Bare: Last expression found in ""
ok 4 - Bare: not exhausted for ""
ok 5 - Bare: Value of "1"
ok 6 - Bare: Result of "1"
ok 7 - Bare: Last expression found in "1"
ok 8 - Bare: exhausted for "1"
ok 9 - Bare: Value of "1 2"
ok 10 - Bare: Result of "1 2"
ok 11 - Bare: Last expression found in "1 2"
ok 12 - Bare: exhausted for "1 2"
ok 13 - Plus: Value of ""
ok 14 - Plus: Result of ""
ok 15 - Plus: Last expression found in ""
ok 16 - Plus: not exhausted for ""
ok 17 - Plus: Value of "1"
ok 18 - Plus: Result of "1"
ok 19 - Plus: Last expression found in "1"
ok 20 - Plus: not exhausted for "1"
ok 21 - Plus: Value of "1 2"
ok 22 - Plus: Result of "1 2"
ok 23 - Plus: Last expression found in "1 2"
ok 24 - Plus: not exhausted for "1 2"
ok 25 - Star: Value of ""
ok 26 - Star: Result of ""
ok 27 - Star: Last expression found in ""
ok 28 - Star: not exhausted for ""
ok 29 - Star: Value of "1"
ok 30 - Star: Result of "1"
ok 31 - Star: Last expression found in "1"
ok 32 - Star: not exhausted for "1"
ok 33 - Star: Value of "1 2"
ok 34 - Star: Result of "1 2"
ok 35 - Star: Last expression found in "1 2"
ok 36 - Star: not exhausted for "1 2"
ok 37 - Bare: Value of "  "
ok 38 - Bare: Result of "  "
ok 39 - Bare: Last expression found in "  "
ok 40 - Bare: not exhausted for "  "
ok 41 - Bare: Value of "1  "
ok 42 - Bare: Result of "1  "
ok 43 - Bare: Last expression found in "1  "
ok 44 - Bare: exhausted for "1  "
ok 45 - Bare: Value of "1 2  "
ok 46 - Bare: Result of "1 2  "
ok 47 - Bare: Last expression found in "1 2  "
ok 48 - Bare: exhausted for "1 2  "
ok 49 - Plus: Value of "  "
ok 50 - Plus: Result of "  "
ok 51 - Plus: Last expression found in "  "
ok 52 - Plus: not exhausted for "  "
ok 53 - Plus: Value of "1  "
ok 54 - Plus: Result of "1  "
ok 55 - Plus: Last expression found in "1  "
ok 56 - Plus: not exhausted for "1  "
ok 57 - Plus: Value of "1 2  "
ok 58 - Plus: Result of "1 2  "
ok 59 - Plus: Last expression found in "1 2  "
ok 60 - Plus: not exhausted for "1 2  "
ok 61 - Star: Value of "  "
ok 62 - Star: Result of "  "
ok 63 - Star: Last expression found in "  "
ok 64 - Star: not exhausted for "  "
ok 65 - Star: Value of "1  "
ok 66 - Star: Result of "1  "
ok 67 - Star: Last expression found in "1  "
ok 68 - Star: not exhausted for "1  "
ok 69 - Star: Value of "1 2  "
ok 70 - Star: Result of "1 2  "
ok 71 - Star: Last expression found in "1 2  "
ok 72 - Star: not exhausted for "1 2  "
ok
t/sl_external1.t ....... 
1..1
ok 1 - Value of parse
ok
t/sl_fullsyn.t ......... 
1..1
ok 1 - Value of scannerless parse
ok
t/sl_gia.t ............. 
1..32
ok 1 - Test of $slg->start_symbol_id()
ok 2 - Test of $slg->rule_name()
ok 3 - Value of Nate Glenn bug regression
ok 4 - Result of Nate Glenn bug regression
ok 5 - Value of Case insensitivity test
ok 6 - Result of Case insensitivity test
ok 7 - Value of JDD test of discard versus accepted
ok 8 - Result of JDD test of discard versus accepted
ok 9 - Value of Regression test of bug found by JDD
ok 10 - Result of Regression test of bug found by JDD
ok 11 - Value of Regression test of perl_pos bug found by JDD
ok 12 - Result of Regression test of perl_pos bug found by JDD
ok 13 - Value of Test of forgiving token from Peter Stuifzand
ok 14 - Result of Test of forgiving token from Peter Stuifzand
ok 15 - Value of Test of LATM token from Ruslan Zakirov
ok 16 - Result of Test of LATM token from Ruslan Zakirov
ok 17 - Value of Test of LATM token using lexeme default statement
ok 18 - Result of Test of LATM token using lexeme default statement
ok 19 - Value of Test of rank adverb for display
ok 20 - Result of Test of rank adverb for display
ok 21 - Value of Test of rule array item descriptor for action adverb
ok 22 - Result of Test of rule array item descriptor for action adverb
ok 23 - Value of Test of rule array item descriptor for action adverb
ok 24 - Result of Test of rule array item descriptor for action adverb
ok 25 - Value of Test of "Inaccessible is ok"
ok 26 - Result of Test of "Inaccessible is ok"
ok 27 - Value of Test of changing start symbols: <start1>
ok 28 - Result of Test of changing start symbols: <start1>
ok 29 - Value of Test of changing start symbols: <start2>
ok 30 - Result of Test of changing start symbols: <start2>
ok 31 - Value of Test of alternative as start rule
ok 32 - Result of Test of alternative as start rule
ok
t/sl_gia_err.t ......... 
1..36
ok 1 - Value of No start statement
ok 2 - Result of No start statement
ok 3 - Value of Colon start statement first
ok 4 - Result of Colon start statement first
ok 5 - Value of Colon start statement second
ok 6 - Result of Colon start statement second
ok 7 - Value of English start statement first
ok 8 - Result of English start statement first
ok 9 - Value of English start statement second
ok 10 - Result of English start statement second
ok 11 - Value of Grammar with syntax error
ok 12 - Result of Grammar with syntax error
ok 13 - Value of Grammar with non-unique LHS sequence symbols
ok 14 - Result of Grammar with non-unique LHS sequence symbols
ok 15 - Value of Explicit English start statement second
ok 16 - Result of Explicit English start statement second
ok 17 - Value of Explicit inaccessible is warn statement second, using semi-colon
ok 18 - Result of Explicit inaccessible is warn statement second, using semi-colon
ok 19 - Value of Explicit inaccessible is warn statement second, using grouping
ok 20 - Result of Explicit inaccessible is warn statement second, using grouping
ok 21 - Value of Long quartet; no start statement
ok 22 - Result of Long quartet; no start statement
ok 23 - Value of Grammar with null statements
ok 24 - Result of Grammar with null statements
ok 25 - Value of Grammar with grouped statements
ok 26 - Result of Grammar with grouped statements
ok 27 - Value of Grammar with null adverbs
ok 28 - Result of Grammar with null adverbs
ok 29 - Value of Grammar with nested statement groups
ok 30 - Result of Grammar with nested statement groups
ok 31 - Value of Grammar with spaces in array descriptor actions
ok 32 - Result of Grammar with spaces in array descriptor actions
ok 33 - Value of Grammar with spaces in array descriptor actions
ok 34 - Result of Grammar with spaces in array descriptor actions
ok 35 - Value of Bug found by Jean-Damien Durand
ok 36 - Result of Bug found by Jean-Damien Durand
ok
t/sl_gie.t ............. 
1..2
ok 1 - Location 0 events
ok 2 - Events for rejected duplicates
ok
t/sl_gif1.t ............ 
1..22
ok 1 - Value of Basic "a a a a" grammar
ok 2 - Result of Basic "a a a a" grammar
ok 3 - Value of "Hesperus is Phosphorus"" grammar
ok 4 - Result of "Hesperus is Phosphorus"" grammar
ok 5 - Value of Basic "a b c d" grammar
ok 6 - Result of Basic "a b c d" grammar
ok 7 - Value of "b b" grammar
ok 8 - Result of "b b" grammar
ok 9 - Value of Sequence grammar for "aa"
ok 10 - Result of Sequence grammar for "aa"
ok 11 - Value of Sequence grammar for "aaa"
ok 12 - Result of Sequence grammar for "aaa"
ok 13 - Value of Sequence grammar for "aa"
ok 14 - Result of Sequence grammar for "aa"
ok 15 - Value of Nulls grammar for "aaaa"
ok 16 - Result of Nulls grammar for "aaaa"
ok 17 - Value of Nulls grammar for "aaa"
ok 18 - Result of Nulls grammar for "aaa"
ok 19 - Value of Nulls grammar for "aa"
ok 20 - Result of Nulls grammar for "aa"
ok 21 - Value of Nulls grammar for "a"
ok 22 - Result of Nulls grammar for "a"
ok
t/sl_gires.t ........... 
1..4
ok 1 - Value of Parse OK
ok 2 - Result of Parse OK
ok 3 - Value of test "inaccessible is fatal by default"
ok 4 - Result of test "inaccessible is fatal by default"
ok
t/sl_gsyn.t ............ 
1..4
ok 1 - Scanless show_rules()
ok 2 - Value of scannerless parse
ok 3 - Value of scannerless parse
ok 4 - Value of scannerless parse
ok
t/sl_json.t ............ 
1..14
ok 1
ok 2 - {"test":[1,2,3]}
ok 3
ok 4
ok 5
ok 6
ok 7
ok 8 - 1.25
ok 9 - 1.25e4
ok 10 - []
ok 11 - Geo data
ok 12 - is_deeply test
ok 13 - big test trace
ok 14 - Unicode char
ok
t/sl_json_ast.t ........ 
1..15
ok 1
ok 2 - {"test":[1,2,3]}
ok 3
ok 4
ok 5
ok 6
ok 7
ok 8 - 1.25
ok 9 - 1.25e4
ok 10 - []
ok 11 - {}
ok 12 - Geo data
ok 13 - is_deeply test
ok 14 - big test
ok 15 - Unicode char
ok
t/sl_leo.t ............. 
1..2
ok 1 - Leo SLIF parse
ok 2 - Event history
ok
t/sl_leo2.t ............ 
1..9
ok 1 - Leo SLIF parse of x=x+=x-=x*=x/=x
ok 2 - Event history of x=x+=x-=x*=x/=x
ok 3 - Leo SLIF parse of x=x+=x-=x*=x/=x=x+=x-=x*=x/=x
ok 4 - Event history of x=x+=x-=x*=x/=x=x+=x-=x*=x/=x
ok 5 - Leo SLIF parse of x=x+=x-=x*=x/=x=x+=x-=x*=x/=x=x=x=x=x=x=x=x=x=x=x
ok 6 - Event history of x=x+=x-=x*=x/=x=x+=x-=x*=x/=x=x=x=x=x=x=x=x=x=x=x
ok 7 - SLIF Leo show_progress() example
ok 8 - Leo SLIF parse of x=x+=x-=x=x+=x-=x
ok 9 - Event history of x=x+=x-=x=x+=x-=x
ok
t/sl_lexevent.t ........ 
1..8
ok 1 - Value for test "all"
ok 2 - Events for test "all"
ok 3 - Value for test "once"
ok 4 - Events for test "once"
ok 5 - Value for test "seq"
ok 6 - Events for test "seq"
ok 7 - Value for test "all"
ok 8 - Events for test "all"
ok
t/sl_null_example.t .... 
1..1
ok 1 - Null example
ok
t/sl_numeric.t ......... 
1..10
ok 1 - minimal parse, length=0
ok 2 - minimal parse, length=1
ok 3 - minimal parse, length=2
ok 4 - minimal parse, length=3
ok 5 - minimal parse, length=4
ok 6 - maximal parse, length=0
ok 7 - maximal parse, length=1
ok 8 - maximal parse, length=2
ok 9 - maximal parse, length=3
ok 10 - maximal parse, length=4
ok
t/sl_panda.t ........... 
1..4
ok 1 - Ambiguous English sentence using value()
ok 2 - Ambiguous English sentence using ASF
ok 3 - Ambiguous English sentence using ASF: pruned
ok 4 - Located Penn tag example
ok
t/sl_panda1.t .......... 
1..3
ok 1 - Ambiguous English sentence using value()
ok 2 - Ambiguous English sentence using ASF
ok 3 - Ambiguous English sentence using ASF: pruned
ok
t/sl_pascal.t .......... 
1..6
ok 1 - Row 1 of Pascal's triangle matches parse counts
ok 2 - Row 2 of Pascal's triangle matches parse counts
ok 3 - Row 3 of Pascal's triangle matches parse counts
ok 4 - Row 4 of Pascal's triangle matches parse counts
ok 5 - Row 5 of Pascal's triangle matches parse counts
ok 6 - Row 10 of Pascal's triangle matches parse counts
ok
t/sl_prefix.t .......... 
1..30
ok 1 - Value of "+++ 1 2 3 + + 1 2 4"
ok 2 - Result of "+++ 1 2 3 + + 1 2 4"
ok 3 - Last expression found in "+++ 1 2 3 + + 1 2 4"
ok 4 - Value of "say + 1 2"
ok 5 - Result of "say + 1 2"
ok 6 - Last expression found in "say + 1 2"
ok 7 - Value of "+ 1 say 2"
ok 8 - Result of "+ 1 say 2"
ok 9 - Last expression found in "+ 1 say 2"
ok 10 - Value of "+ 1 2 3 + + 1 2 4"
ok 11 - Result of "+ 1 2 3 + + 1 2 4"
ok 12 - Last expression found in "+ 1 2 3 + + 1 2 4"
ok 13 - Value of "+++"
ok 14 - Result of "+++"
ok 15 - Last expression found in "+++"
ok 16 - Value of "++1 2++"
ok 17 - Result of "++1 2++"
ok 18 - Last expression found in "++1 2++"
ok 19 - Value of "++1 2++3 4++"
ok 20 - Result of "++1 2++3 4++"
ok 21 - Last expression found in "++1 2++3 4++"
ok 22 - Value of "1 + 2 +3  4 + 5 + 6 + 7"
ok 23 - Result of "1 + 2 +3  4 + 5 + 6 + 7"
ok 24 - Last expression found in "1 + 2 +3  4 + 5 + 6 + 7"
ok 25 - Value of "+12"
ok 26 - Result of "+12"
ok 27 - Last expression found in "+12"
ok 28 - Value of "+1234"
ok 29 - Result of "+1234"
ok 30 - Last expression found in "+1234"
ok
t/sl_rank.t ............ 
1..16
ok 1 - counting up 0
ok 2 - counting up 1
ok 3 - counting up 2
ok 4 - counting up 3
ok 5 - counting up 4
ok 6 - counting up 5
ok 7 - counting up 6
ok 8 - counting up 7
ok 9 - counting up 8
ok 10 - counting up 9
ok 11 - counting up 10
ok 12 - counting up 11
ok 13 - counting up 12
ok 14 - counting up 13
ok 15 - counting up 14
ok 16 - counting up 15
ok
t/sl_syn.t ............. 
1..21
ok 1 - Value of " 1 2 3   1 2 4"
ok 2 - Result of " 1 2 3   1 2 4"
ok 3 - Sequence so far from " 1 2 3   1 2 4"
ok 4 - Value of " 8675311"
ok 5 - Result of " 8675311"
ok 6 - Sequence so far from " 8675311"
ok 7 - Value of "867 5311"
ok 8 - Result of "867 5311"
ok 9 - Sequence so far from "867 5311"
ok 10 - Value of " 8 6 7 5 3 1 1"
ok 11 - Result of " 8 6 7 5 3 1 1"
ok 12 - Sequence so far from " 8 6 7 5 3 1 1"
ok 13 - Value of "1234"
ok 14 - Result of "1234"
ok 15 - Sequence so far from "1234"
ok 16 - Value of "2 x 1234"
ok 17 - Result of "2 x 1234"
ok 18 - Sequence so far from "2 x 1234"
ok 19 - Value of ""
ok 20 - Result of ""
ok 21 - Sequence so far from ""
ok
t/sl_taint.t ........... 
1..1
ok 1 - Tainted grammar detected and rejected
ok
t/sl_timeflies.t ....... 
1..1
ok 1 - Ambiguous English sentences
ok
t/sl_topsyn.t .......... 
1..1
ok 1 - Landing page synopsis value
ok
t/sl_wall.t ............ 
1..12
ok 1 - Wall Series Number 1
ok 2 - Wall Series Number 2
ok 3 - Wall Series Number 3
ok 4 - Wall Series Number 4
ok 5 - Wall Series Number 5
ok 6 - Wall Series Number 6
ok 7 - Wall Series Number 7
ok 8 - Wall Series Number 8
ok 9 - Wall Series Number 9
ok 10 - Wall Series Number 10
ok 11 - Wall Series Number 11
ok 12 - Wall Series Number 12
ok
t/stuifzand.t .......... 
1..1
ok 1 - Rodland regression test
ok
t/syn_engine.t ......... 
1..3
ok 1 - Unambiguous Value
ok 2 - Ambiguous Values
ok 3 - Interactive Value
ok
t/syn_stuifzand.t ...... 
1..1
ok 1 - Value of Stuifzand parse
ok
t/thin_deprec.t ........ 
1..13
ok 1 - Expected Value 0: (((2-0)*3)+1) == 7
ok 2 - Expected Value 1: ((2-(0*3))+1) == 3
ok 3 - Expected Value 2: (2-((0*3)+1)) == 1
ok 4 - Expected Value 3: (2-(0*(3+1))) == 2
ok 5 - Expected Value 4: ((2-0)*(3+1)) == 8
ok 6 - Grammar error code
ok 7 - Grammar error name
ok 8 - Grammar error description
ok 9 - count of terminals expected
ok 10 - expected terminal
ok 11 - progress report
ok 12 - Step locations
ok 13 - Unvalued symbols: none of 3
ok
t/thin_eq.t ............ 
1..12
ok 1 - Expected Value 0: (((2-0)*3)+1) == 7
ok 2 - Expected Value 1: ((2-(0*3))+1) == 3
ok 3 - Expected Value 2: (2-((0*3)+1)) == 1
ok 4 - Expected Value 3: (2-(0*(3+1))) == 2
ok 5 - Expected Value 4: ((2-0)*(3+1)) == 8
ok 6 - Grammar error code
ok 7 - Grammar error name
ok 8 - Grammar error description
ok 9 - count of terminals expected
ok 10 - expected terminal
ok 11 - progress report
ok 12 - Step locations
ok
t/timeflies.t .......... 
1..1
ok 1 - Ambiguous English sentences
ok
t/use.t ................ 
1..1
ok 1 - Test of use statements
ok
# Using Marpa::R2::HTML 2.086
# Using Marpa::R2 2.086 2016-06-26T17:38:49
html/t/00-load.t ....... 
1..1
ok 1 - Marpa::XS Timestamp defined
ok
html/t/cfg_fmt.t ....... 
1..10
ok 1 - Inline element containing inline flow
ok 2 - Inline element containing block flow
ok 3 - Block element containing mixed flow
ok 4 - Block element containing block flow
ok 5 - Block element containing PCDATA
ok 6 - Empty block element
ok 7 - Body allows mixed flow
ok 8 - Body allows block flow
ok 9 - Body is inline flow
ok 10 - Body is empty
ok
html/t/config.t ........ 
1..2
ok 1 - Default config, short round trip
ok 2 - Default config, long round trip
ok
html/t/copy.t .......... 
1..1
ok 1 - Straight copy using defaults
ok
html/t/examples.t ...... 
1..2
ok 1 - handler precedence example
ok 2 - structure vs. tags example
ok
html/t/fmt.t ........... 
1..2
ok 1 - marpa_r2_html_fmt test
ok 2 - marpa_r2_html_fmt test
ok
html/t/missing.t ....... 
1..1
ok 1 - "missing" features test
ok
html/t/parse.t ......... 
1..40
ok 1
ok 2
ok 3
ok 4
ok 5
ok 6
ok 7
ok 8
ok 9
ok 10
ok 11
ok 12
ok 13
ok 14
ok 15
ok 16
ok 17
ok 18
ok 19
ok 20
ok 21
ok 22
ok 23
ok 24
ok 25
ok 26
ok 27
ok 28
ok 29
ok 30
ok 31
ok 32
ok 33
ok 34
ok 35
ok 36
ok 37
ok 38
ok 39
ok 40
ok
html/t/score.t ......... 
1..2
ok 1 - marpa_r2_html_score test
ok 2 - marpa_r2_html_score test
ok
html/t/synopsis.t ...... 
1..9
ok 1 - compute maximum depth
ok 2 - compare maximum depths
ok 3 - delete tables
ok 4 - keep only tables
ok 5 - keep only tables -- bad table
ok 6 - delete comments
ok 7 - replace title
ok 8 - delete by class name
ok 9 - supply tags
ok
html/t/tang.t .......... 
1..1
ok 1 - remove kTang class
ok
All tests successful.
Files=107, Tests=1048, 24 wallclock secs ( 0.35 usr  0.13 sys + 19.57 cusr  1.80 csys = 21.85 CPU)
Result: PASS
touch debian/stamp-perl-check
 fakeroot debian/rules binary
CDBS WARNING:  copyright-check disabled - licensecheck is missing.
test -x debian/rules
dh_testroot
dh_prep 
dh_installdirs -A 
dh_installdirs: warning: Compatibility levels before 9 are deprecated (level 8 in use)
mkdir -p "."
set -e;   mv ./debian/upstream-cruft/libmarpa_dist/config.guess ./debian/upstream-cruft/libmarpa_dist/config.guess.cdbs-orig; cp --remove-destination /usr/share/misc/config.guess ./debian/upstream-cruft/libmarpa_dist/config.guess;   mv ./libmarpa_dist/config.guess ./libmarpa_dist/config.guess.cdbs-orig; cp --remove-destination /usr/share/misc/config.guess ./libmarpa_dist/config.guess;
set -e;   mv ./debian/upstream-cruft/libmarpa_dist/config.sub ./debian/upstream-cruft/libmarpa_dist/config.sub.cdbs-orig; cp --remove-destination /usr/share/misc/config.sub ./debian/upstream-cruft/libmarpa_dist/config.sub;   mv ./libmarpa_dist/config.sub ./libmarpa_dist/config.sub.cdbs-orig; cp --remove-destination /usr/share/misc/config.sub ./libmarpa_dist/config.sub;
CDBS WARNING:  DEB_MAKE_CHECK_TARGET unset, not running checks
/usr/bin/make -C . install DESTDIR=/<<PKGBUILDDIR>>/debian/libmarpa-r2-perl/
make[1]: Entering directory '/<<PKGBUILDDIR>>'
make[2]: Entering directory '/<<PKGBUILDDIR>>'
 /bin/mkdir -p '/<<PKGBUILDDIR>>/debian/libmarpa-r2-perl//usr/lib'
 /bin/bash ./libtool   --mode=install /usr/bin/install -c   libmarpa.la '/<<PKGBUILDDIR>>/debian/libmarpa-r2-perl//usr/lib'
libtool: install: /usr/bin/install -c .libs/libmarpa.lai /<<PKGBUILDDIR>>/debian/libmarpa-r2-perl//usr/lib/libmarpa.la
libtool: install: /usr/bin/install -c .libs/libmarpa.a /<<PKGBUILDDIR>>/debian/libmarpa-r2-perl//usr/lib/libmarpa.a
libtool: install: chmod 644 /<<PKGBUILDDIR>>/debian/libmarpa-r2-perl//usr/lib/libmarpa.a
libtool: install: ranlib /<<PKGBUILDDIR>>/debian/libmarpa-r2-perl//usr/lib/libmarpa.a
libtool: warning: remember to run 'libtool --finish /usr/lib'
 /bin/mkdir -p '/<<PKGBUILDDIR>>/debian/libmarpa-r2-perl//usr/include'
 /usr/bin/install -c -m 644 /<<PKGBUILDDIR>>/libmarpa_dist/marpa.h /<<PKGBUILDDIR>>/libmarpa_dist/marpa_avl.h /<<PKGBUILDDIR>>/libmarpa_dist/marpa_tavl.h /<<PKGBUILDDIR>>/libmarpa_dist/marpa_ami.h /<<PKGBUILDDIR>>/libmarpa_dist/marpa_slif.h /<<PKGBUILDDIR>>/libmarpa_dist/marpa_obs.h '/<<PKGBUILDDIR>>/debian/libmarpa-r2-perl//usr/include'
make[2]: Leaving directory '/<<PKGBUILDDIR>>'
make[1]: Leaving directory '/<<PKGBUILDDIR>>'
touch debian/stamp-makefile-install
cd . && ./Build install
Can't find source file /<<PKGBUILDDIR>>/libmarpa_build/config.h for up-to-date check at /usr/share/perl5/Module/Build/Base.pm line 5627.
Can't find source file /<<PKGBUILDDIR>>/libmarpa_build/marpa.h for up-to-date check at /usr/share/perl5/Module/Build/Base.pm line 5627.
Can't find source file /<<PKGBUILDDIR>>/libmarpa_build/marpa_slif.h for up-to-date check at /usr/share/perl5/Module/Build/Base.pm line 5627.
Can't find source file /<<PKGBUILDDIR>>/libmarpa_build/marpa_codes.c for up-to-date check at /usr/share/perl5/Module/Build/Base.pm line 5627.
Building Marpa-R2
Files found in blib/arch: installing files in blib/lib into architecture dependent library tree
Installing /<<PKGBUILDDIR>>/debian/libmarpa-r2-perl/usr/lib/x86_64-linux-gnu/perl5/5.30/auto/Marpa/R2/R2.bs
Installing /<<PKGBUILDDIR>>/debian/libmarpa-r2-perl/usr/lib/x86_64-linux-gnu/perl5/5.30/auto/Marpa/R2/R2.so
Installing /<<PKGBUILDDIR>>/debian/libmarpa-r2-perl/usr/lib/x86_64-linux-gnu/perl5/5.30/Marpa/R2.pm
Installing /<<PKGBUILDDIR>>/debian/libmarpa-r2-perl/usr/lib/x86_64-linux-gnu/perl5/5.30/Marpa/R2.pod
Installing /<<PKGBUILDDIR>>/debian/libmarpa-r2-perl/usr/lib/x86_64-linux-gnu/perl5/5.30/Marpa/R2/Grammar.pm
Installing /<<PKGBUILDDIR>>/debian/libmarpa-r2-perl/usr/lib/x86_64-linux-gnu/perl5/5.30/Marpa/R2/HTML.pod
Installing /<<PKGBUILDDIR>>/debian/libmarpa-r2-perl/usr/lib/x86_64-linux-gnu/perl5/5.30/Marpa/R2/Semantics.pod
Installing /<<PKGBUILDDIR>>/debian/libmarpa-r2-perl/usr/lib/x86_64-linux-gnu/perl5/5.30/Marpa/R2/Scanless.pod
Installing /<<PKGBUILDDIR>>/debian/libmarpa-r2-perl/usr/lib/x86_64-linux-gnu/perl5/5.30/Marpa/R2/Recognizer.pm
Installing /<<PKGBUILDDIR>>/debian/libmarpa-r2-perl/usr/lib/x86_64-linux-gnu/perl5/5.30/Marpa/R2/MetaG.pm
Installing /<<PKGBUILDDIR>>/debian/libmarpa-r2-perl/usr/lib/x86_64-linux-gnu/perl5/5.30/Marpa/R2/Vocabulary.pod
Installing /<<PKGBUILDDIR>>/debian/libmarpa-r2-perl/usr/lib/x86_64-linux-gnu/perl5/5.30/Marpa/R2/Stuifzand.pm
Installing /<<PKGBUILDDIR>>/debian/libmarpa-r2-perl/usr/lib/x86_64-linux-gnu/perl5/5.30/Marpa/R2/Version.pm
Installing /<<PKGBUILDDIR>>/debian/libmarpa-r2-perl/usr/lib/x86_64-linux-gnu/perl5/5.30/Marpa/R2/Installed.pm
Installing /<<PKGBUILDDIR>>/debian/libmarpa-r2-perl/usr/lib/x86_64-linux-gnu/perl5/5.30/Marpa/R2/SLG.pm
Installing /<<PKGBUILDDIR>>/debian/libmarpa-r2-perl/usr/lib/x86_64-linux-gnu/perl5/5.30/Marpa/R2/Support.pod
Installing /<<PKGBUILDDIR>>/debian/libmarpa-r2-perl/usr/lib/x86_64-linux-gnu/perl5/5.30/Marpa/R2/ASF.pm
Installing /<<PKGBUILDDIR>>/debian/libmarpa-r2-perl/usr/lib/x86_64-linux-gnu/perl5/5.30/Marpa/R2/BNF.pod
Installing /<<PKGBUILDDIR>>/debian/libmarpa-r2-perl/usr/lib/x86_64-linux-gnu/perl5/5.30/Marpa/R2/Tracing.pod
Installing /<<PKGBUILDDIR>>/debian/libmarpa-r2-perl/usr/lib/x86_64-linux-gnu/perl5/5.30/Marpa/R2/html_score.pod
Installing /<<PKGBUILDDIR>>/debian/libmarpa-r2-perl/usr/lib/x86_64-linux-gnu/perl5/5.30/Marpa/R2/Changes.pod
Installing /<<PKGBUILDDIR>>/debian/libmarpa-r2-perl/usr/lib/x86_64-linux-gnu/perl5/5.30/Marpa/R2/Acknowledgements.pod
Installing /<<PKGBUILDDIR>>/debian/libmarpa-r2-perl/usr/lib/x86_64-linux-gnu/perl5/5.30/Marpa/R2/MetaAST.pm
Installing /<<PKGBUILDDIR>>/debian/libmarpa-r2-perl/usr/lib/x86_64-linux-gnu/perl5/5.30/Marpa/R2/ASF.pod
Installing /<<PKGBUILDDIR>>/debian/libmarpa-r2-perl/usr/lib/x86_64-linux-gnu/perl5/5.30/Marpa/R2/Glade.pod
Installing /<<PKGBUILDDIR>>/debian/libmarpa-r2-perl/usr/lib/x86_64-linux-gnu/perl5/5.30/Marpa/R2/NAIF.pod
Installing /<<PKGBUILDDIR>>/debian/libmarpa-r2-perl/usr/lib/x86_64-linux-gnu/perl5/5.30/Marpa/R2/Internal.pm
Installing /<<PKGBUILDDIR>>/debian/libmarpa-r2-perl/usr/lib/x86_64-linux-gnu/perl5/5.30/Marpa/R2/SLR.pm
Installing /<<PKGBUILDDIR>>/debian/libmarpa-r2-perl/usr/lib/x86_64-linux-gnu/perl5/5.30/Marpa/R2/html_fmt.pod
Installing /<<PKGBUILDDIR>>/debian/libmarpa-r2-perl/usr/lib/x86_64-linux-gnu/perl5/5.30/Marpa/R2/Value.pm
Installing /<<PKGBUILDDIR>>/debian/libmarpa-r2-perl/usr/lib/x86_64-linux-gnu/perl5/5.30/Marpa/R2/Progress.pod
Installing /<<PKGBUILDDIR>>/debian/libmarpa-r2-perl/usr/lib/x86_64-linux-gnu/perl5/5.30/Marpa/R2/HTML.pm
Installing /<<PKGBUILDDIR>>/debian/libmarpa-r2-perl/usr/lib/x86_64-linux-gnu/perl5/5.30/Marpa/R2/Scanless/G.pod
Installing /<<PKGBUILDDIR>>/debian/libmarpa-r2-perl/usr/lib/x86_64-linux-gnu/perl5/5.30/Marpa/R2/Scanless/R.pod
Installing /<<PKGBUILDDIR>>/debian/libmarpa-r2-perl/usr/lib/x86_64-linux-gnu/perl5/5.30/Marpa/R2/Scanless/DSL.pod
Installing /<<PKGBUILDDIR>>/debian/libmarpa-r2-perl/usr/lib/x86_64-linux-gnu/perl5/5.30/Marpa/R2/Semantics/Order.pod
Installing /<<PKGBUILDDIR>>/debian/libmarpa-r2-perl/usr/lib/x86_64-linux-gnu/perl5/5.30/Marpa/R2/Semantics/Null.pod
Installing /<<PKGBUILDDIR>>/debian/libmarpa-r2-perl/usr/lib/x86_64-linux-gnu/perl5/5.30/Marpa/R2/Semantics/Phases.pod
Installing /<<PKGBUILDDIR>>/debian/libmarpa-r2-perl/usr/lib/x86_64-linux-gnu/perl5/5.30/Marpa/R2/HTML/Callback.pm
Installing /<<PKGBUILDDIR>>/debian/libmarpa-r2-perl/usr/lib/x86_64-linux-gnu/perl5/5.30/Marpa/R2/HTML/Config.pm
Installing /<<PKGBUILDDIR>>/debian/libmarpa-r2-perl/usr/lib/x86_64-linux-gnu/perl5/5.30/Marpa/R2/HTML/Internal.pm
Installing /<<PKGBUILDDIR>>/debian/libmarpa-r2-perl/usr/lib/x86_64-linux-gnu/perl5/5.30/Marpa/R2/HTML/Config/Core.pm
Installing /<<PKGBUILDDIR>>/debian/libmarpa-r2-perl/usr/lib/x86_64-linux-gnu/perl5/5.30/Marpa/R2/HTML/Config/Default.pm
Installing /<<PKGBUILDDIR>>/debian/libmarpa-r2-perl/usr/lib/x86_64-linux-gnu/perl5/5.30/Marpa/R2/HTML/Config/Compile.pm
Installing /<<PKGBUILDDIR>>/debian/libmarpa-r2-perl/usr/lib/x86_64-linux-gnu/perl5/5.30/Marpa/R2/NAIF/Semantics.pod
Installing /<<PKGBUILDDIR>>/debian/libmarpa-r2-perl/usr/lib/x86_64-linux-gnu/perl5/5.30/Marpa/R2/NAIF/Recognizer.pod
Installing /<<PKGBUILDDIR>>/debian/libmarpa-r2-perl/usr/lib/x86_64-linux-gnu/perl5/5.30/Marpa/R2/NAIF/Tracing.pod
Installing /<<PKGBUILDDIR>>/debian/libmarpa-r2-perl/usr/lib/x86_64-linux-gnu/perl5/5.30/Marpa/R2/NAIF/Grammar.pod
Installing /<<PKGBUILDDIR>>/debian/libmarpa-r2-perl/usr/lib/x86_64-linux-gnu/perl5/5.30/Marpa/R2/NAIF/Progress.pod
Installing /<<PKGBUILDDIR>>/debian/libmarpa-r2-perl/usr/lib/x86_64-linux-gnu/perl5/5.30/Marpa/R2/NAIF/Semantics/Order.pod
Installing /<<PKGBUILDDIR>>/debian/libmarpa-r2-perl/usr/lib/x86_64-linux-gnu/perl5/5.30/Marpa/R2/NAIF/Semantics/Null.pod
Installing /<<PKGBUILDDIR>>/debian/libmarpa-r2-perl/usr/lib/x86_64-linux-gnu/perl5/5.30/Marpa/R2/NAIF/Semantics/Phases.pod
Installing /<<PKGBUILDDIR>>/debian/libmarpa-r2-perl/usr/lib/x86_64-linux-gnu/perl5/5.30/Marpa/R2/NAIF/Semantics/Infinite.pod
Installing /<<PKGBUILDDIR>>/debian/libmarpa-r2-perl/usr/lib/x86_64-linux-gnu/perl5/5.30/Marpa/R2/Advanced/Thin.pod
Installing /<<PKGBUILDDIR>>/debian/libmarpa-r2-perl/usr/lib/x86_64-linux-gnu/perl5/5.30/Marpa/R2/Advanced/Bibliography.pod
Installing /<<PKGBUILDDIR>>/debian/libmarpa-r2-perl/usr/lib/x86_64-linux-gnu/perl5/5.30/Marpa/R2/Advanced/Models.pod
Installing /<<PKGBUILDDIR>>/debian/libmarpa-r2-perl/usr/lib/x86_64-linux-gnu/perl5/5.30/Marpa/R2/Thin/Trace.pm
Installing /<<PKGBUILDDIR>>/debian/libmarpa-r2-perl/usr/share/man/man3/Marpa::R2::Changes.3pm
Installing /<<PKGBUILDDIR>>/debian/libmarpa-r2-perl/usr/share/man/man3/Marpa::R2.3pm
Installing /<<PKGBUILDDIR>>/debian/libmarpa-r2-perl/usr/share/man/man3/Marpa::R2::Vocabulary.3pm
Installing /<<PKGBUILDDIR>>/debian/libmarpa-r2-perl/usr/share/man/man3/Marpa::R2::NAIF::Semantics::Infinite.3pm
Installing /<<PKGBUILDDIR>>/debian/libmarpa-r2-perl/usr/share/man/man3/Marpa::R2::Advanced::Models.3pm
Installing /<<PKGBUILDDIR>>/debian/libmarpa-r2-perl/usr/share/man/man3/Marpa::R2::NAIF::Progress.3pm
Installing /<<PKGBUILDDIR>>/debian/libmarpa-r2-perl/usr/share/man/man3/Marpa::R2::Scanless.3pm
Installing /<<PKGBUILDDIR>>/debian/libmarpa-r2-perl/usr/share/man/man3/Marpa::R2::Tracing.3pm
Installing /<<PKGBUILDDIR>>/debian/libmarpa-r2-perl/usr/share/man/man3/Marpa::R2::NAIF::Semantics.3pm
Installing /<<PKGBUILDDIR>>/debian/libmarpa-r2-perl/usr/share/man/man3/Marpa::R2::html_fmt.3pm
Installing /<<PKGBUILDDIR>>/debian/libmarpa-r2-perl/usr/share/man/man3/Marpa::R2::NAIF::Semantics::Phases.3pm
Installing /<<PKGBUILDDIR>>/debian/libmarpa-r2-perl/usr/share/man/man3/Marpa::R2::Scanless::G.3pm
Installing /<<PKGBUILDDIR>>/debian/libmarpa-r2-perl/usr/share/man/man3/Marpa::R2::NAIF::Semantics::Order.3pm
Installing /<<PKGBUILDDIR>>/debian/libmarpa-r2-perl/usr/share/man/man3/Marpa::R2::Semantics::Order.3pm
Installing /<<PKGBUILDDIR>>/debian/libmarpa-r2-perl/usr/share/man/man3/Marpa::R2::BNF.3pm
Installing /<<PKGBUILDDIR>>/debian/libmarpa-r2-perl/usr/share/man/man3/Marpa::R2::NAIF::Recognizer.3pm
Installing /<<PKGBUILDDIR>>/debian/libmarpa-r2-perl/usr/share/man/man3/Marpa::R2::Scanless::R.3pm
Installing /<<PKGBUILDDIR>>/debian/libmarpa-r2-perl/usr/share/man/man3/Marpa::R2::Advanced::Bibliography.3pm
Installing /<<PKGBUILDDIR>>/debian/libmarpa-r2-perl/usr/share/man/man3/Marpa::R2::Scanless::DSL.3pm
Installing /<<PKGBUILDDIR>>/debian/libmarpa-r2-perl/usr/share/man/man3/Marpa::R2::html_score.3pm
Installing /<<PKGBUILDDIR>>/debian/libmarpa-r2-perl/usr/share/man/man3/Marpa::R2::NAIF::Grammar.3pm
Installing /<<PKGBUILDDIR>>/debian/libmarpa-r2-perl/usr/share/man/man3/Marpa::R2::ASF.3pm
Installing /<<PKGBUILDDIR>>/debian/libmarpa-r2-perl/usr/share/man/man3/Marpa::R2::Acknowledgements.3pm
Installing /<<PKGBUILDDIR>>/debian/libmarpa-r2-perl/usr/share/man/man3/Marpa::R2::NAIF::Tracing.3pm
Installing /<<PKGBUILDDIR>>/debian/libmarpa-r2-perl/usr/share/man/man3/Marpa::R2::Semantics::Null.3pm
Installing /<<PKGBUILDDIR>>/debian/libmarpa-r2-perl/usr/share/man/man3/Marpa::R2::Glade.3pm
Installing /<<PKGBUILDDIR>>/debian/libmarpa-r2-perl/usr/share/man/man3/Marpa::R2::NAIF.3pm
Installing /<<PKGBUILDDIR>>/debian/libmarpa-r2-perl/usr/share/man/man3/Marpa::R2::Semantics.3pm
Installing /<<PKGBUILDDIR>>/debian/libmarpa-r2-perl/usr/share/man/man3/Marpa::R2::Support.3pm
Installing /<<PKGBUILDDIR>>/debian/libmarpa-r2-perl/usr/share/man/man3/Marpa::R2::Progress.3pm
Installing /<<PKGBUILDDIR>>/debian/libmarpa-r2-perl/usr/share/man/man3/Marpa::R2::Semantics::Phases.3pm
Installing /<<PKGBUILDDIR>>/debian/libmarpa-r2-perl/usr/share/man/man3/Marpa::R2::HTML.3pm
Installing /<<PKGBUILDDIR>>/debian/libmarpa-r2-perl/usr/share/man/man3/Marpa::R2::NAIF::Semantics::Null.3pm
Installing /<<PKGBUILDDIR>>/debian/libmarpa-r2-perl/usr/share/man/man3/Marpa::R2::Advanced::Thin.3pm
Installing /<<PKGBUILDDIR>>/debian/libmarpa-r2-perl/usr/bin/marpa_r2_html_fmt
Installing /<<PKGBUILDDIR>>/debian/libmarpa-r2-perl/usr/bin/marpa_r2_html_score
find /<<PKGBUILDDIR>>/debian/libmarpa-r2-perl/usr/lib -type f -name .packlist -exec rm -f '{}' ';' -exec sh -c "dirname '{}' | xargs rmdir --ignore-fail-on-non-empty -p" ';'
Adding cdbs dependencies to debian/libmarpa-r2-perl.substvars
dh_installdirs -plibmarpa-r2-perl \
	
dh_installdirs: warning: Compatibility levels before 9 are deprecated (level 8 in use)
dh_installdocs -plibmarpa-r2-perl libmarpa_dist/README libmarpa_dist/NEWS libmarpa_dist/AUTHORS
dh_installdocs: warning: Compatibility levels before 9 are deprecated (level 8 in use)
dh_installexamples -plibmarpa-r2-perl 
dh_installexamples: warning: Compatibility levels before 9 are deprecated (level 8 in use)
dh_installman -plibmarpa-r2-perl 
dh_installman: warning: Compatibility levels before 9 are deprecated (level 8 in use)
dh_installinfo -plibmarpa-r2-perl 
dh_installinfo: warning: Compatibility levels before 9 are deprecated (level 8 in use)
dh_installmenu -plibmarpa-r2-perl 
dh_installcron -plibmarpa-r2-perl 
dh_systemd_enable -plibmarpa-r2-perl 
dh_systemd_enable: warning: Compatibility levels before 9 are deprecated (level 8 in use)
dh_installinit -plibmarpa-r2-perl 
dh_installinit: warning: Compatibility levels before 9 are deprecated (level 8 in use)
dh_installdebconf -plibmarpa-r2-perl 
dh_installemacsen -plibmarpa-r2-perl 
dh_installcatalogs -plibmarpa-r2-perl 
dh_installpam -plibmarpa-r2-perl 
dh_installlogrotate -plibmarpa-r2-perl 
dh_installlogcheck -plibmarpa-r2-perl 
dh_installchangelogs -plibmarpa-r2-perl libmarpa_dist/ChangeLog
dh_installudev -plibmarpa-r2-perl 
dh_lintian -plibmarpa-r2-perl 
dh_bugfiles -plibmarpa-r2-perl 
dh_install -plibmarpa-r2-perl 
dh_install: warning: Compatibility levels before 9 are deprecated (level 8 in use)
dh_systemd_start -plibmarpa-r2-perl 
dh_systemd_start: warning: Compatibility levels before 9 are deprecated (level 8 in use)
dh_link -plibmarpa-r2-perl 
dh_buildinfo -plibmarpa-r2-perl 
dh_installmime -plibmarpa-r2-perl 
dh_installgsettings -plibmarpa-r2-perl 
mkdir -p debian/libmarpa-r2-perl/usr/share/doc/libmarpa-r2-perl/examples
mv -t debian/libmarpa-r2-perl/usr/share/doc/libmarpa-r2-perl/examples \
	debian/libmarpa-r2-perl/usr/bin/marpa_r2_html_* \
	debian/libmarpa-r2-perl//usr/lib/x86_64-linux-gnu/perl5/5.30/Marpa/R2/html_* \
	debian/libmarpa-r2-perl/usr/share/man/man3/Marpa::R2::html_*
rm -rf debian/libmarpa-r2-perl/usr/lib/lib* debian/libmarpa-r2-perl/usr/include
dh_strip -plibmarpa-r2-perl  
dh_strip: warning: Compatibility levels before 9 are deprecated (level 8 in use)
dh_strip_nondeterminism -plibmarpa-r2-perl 
dh_compress -plibmarpa-r2-perl 
dh_compress: warning: Compatibility levels before 9 are deprecated (level 8 in use)
dh_fixperms -plibmarpa-r2-perl 
dh_makeshlibs -plibmarpa-r2-perl  
dh_makeshlibs: warning: Compatibility levels before 9 are deprecated (level 8 in use)
chmod -x debian/libmarpa-r2-perl/usr/share/doc/libmarpa-r2-perl/examples/*.pod*
dh_installdeb -plibmarpa-r2-perl 
dh_installdeb: warning: Compatibility levels before 9 are deprecated (level 8 in use)
dh_perl -plibmarpa-r2-perl 
dh_shlibdeps -plibmarpa-r2-perl 
dh_shlibdeps: warning: Compatibility levels before 9 are deprecated (level 8 in use)
dh_gencontrol -plibmarpa-r2-perl  
dpkg-gencontrol: warning: Recommends field of package libmarpa-r2-perl: substitution variable ${cdbs:Recommends} used, but is not defined
dpkg-gencontrol: warning: Suggests field of package libmarpa-r2-perl: substitution variable ${cdbs:Suggests} used, but is not defined
dpkg-gencontrol: warning: Recommends field of package libmarpa-r2-perl: substitution variable ${cdbs:Recommends} used, but is not defined
dpkg-gencontrol: warning: Suggests field of package libmarpa-r2-perl: substitution variable ${cdbs:Suggests} used, but is not defined
dh_md5sums -plibmarpa-r2-perl 
dh_builddeb -plibmarpa-r2-perl 
dpkg-deb: building package 'libmarpa-r2-perl-dbgsym' in '../libmarpa-r2-perl-dbgsym_2.086000~dfsg-6_amd64.deb'.
dpkg-deb: building package 'libmarpa-r2-perl' in '../libmarpa-r2-perl_2.086000~dfsg-6_amd64.deb'.
 dpkg-genbuildinfo --build=binary
 dpkg-genchanges --build=binary >../libmarpa-r2-perl_2.086000~dfsg-6_amd64.changes
dpkg-genchanges: info: binary-only upload (no source code included)
 dpkg-source --after-build .
dpkg-buildpackage: info: binary-only upload (no source included)
--------------------------------------------------------------------------------
Build finished at 2020-02-25T02:47:08Z

Finished
--------

I: Built successfully

+------------------------------------------------------------------------------+
| Changes                                                                      |
+------------------------------------------------------------------------------+


libmarpa-r2-perl_2.086000~dfsg-6_amd64.changes:
-----------------------------------------------

Format: 1.8
Date: Sun, 26 Jun 2016 17:38:49 +0000
Source: libmarpa-r2-perl
Binary: libmarpa-r2-perl libmarpa-r2-perl-dbgsym
Architecture: amd64
Version: 2.086000~dfsg-6
Distribution: unstable
Urgency: medium
Maintainer: Debian Perl Group <pkg-perl-maintainers@lists.alioth.debian.org>
Changed-By: intrigeri <intrigeri@debian.org>
Description:
 libmarpa-r2-perl - BNF grammar parser
Closes: 828639
Changes:
 libmarpa-r2-perl (2.086000~dfsg-6) unstable; urgency=medium
 .
   * Team upload.
 .
   [ gregor herrmann ]
   * Rename autopkgtest configuration file(s) as per new pkg-perl-
     autopkgtest schema.
 .
   [ Reiner Herrmann ]
   * Honour SOURCE_DATE_EPOCH for embedded timestamp, if it is set,
     for build reproducibility. (Closes: #828639)
Checksums-Sha1:
 8dbec827018e71e77f76e44892d264b42648bda9 289508 libmarpa-r2-perl-dbgsym_2.086000~dfsg-6_amd64.deb
 1e855a76c335fffd7c5f7e380dab44481492341a 8342 libmarpa-r2-perl_2.086000~dfsg-6_amd64.buildinfo
 8e02a56f4e3979a5ba8acdc0c97a64b131dab590 571304 libmarpa-r2-perl_2.086000~dfsg-6_amd64.deb
Checksums-Sha256:
 09becd00837475b6bc3a1ea53fb7d6c0caa7a0cb1517b75fa50409cedfa69e56 289508 libmarpa-r2-perl-dbgsym_2.086000~dfsg-6_amd64.deb
 aceb4620114cf86bf962b7681731387fb1f684da47a524e621cddc7e05571132 8342 libmarpa-r2-perl_2.086000~dfsg-6_amd64.buildinfo
 0c030cf8f433db86c4b4e29f2a2e7b949a8b4b60af18a800fd11447742d0f8f3 571304 libmarpa-r2-perl_2.086000~dfsg-6_amd64.deb
Files:
 3a44b9b7acc8bf4050d33c46dc9210b2 289508 debug optional libmarpa-r2-perl-dbgsym_2.086000~dfsg-6_amd64.deb
 f8b9273268884b5cb70f85da7f8100a3 8342 perl optional libmarpa-r2-perl_2.086000~dfsg-6_amd64.buildinfo
 8c8c492e4e8301fa43d18318894943be 571304 perl optional libmarpa-r2-perl_2.086000~dfsg-6_amd64.deb

+------------------------------------------------------------------------------+
| Buildinfo                                                                    |
+------------------------------------------------------------------------------+

Format: 1.0
Source: libmarpa-r2-perl
Binary: libmarpa-r2-perl
Architecture: amd64
Version: 2.086000~dfsg-6
Checksums-Md5:
 3a44b9b7acc8bf4050d33c46dc9210b2 289508 libmarpa-r2-perl-dbgsym_2.086000~dfsg-6_amd64.deb
 8c8c492e4e8301fa43d18318894943be 571304 libmarpa-r2-perl_2.086000~dfsg-6_amd64.deb
Checksums-Sha1:
 8dbec827018e71e77f76e44892d264b42648bda9 289508 libmarpa-r2-perl-dbgsym_2.086000~dfsg-6_amd64.deb
 8e02a56f4e3979a5ba8acdc0c97a64b131dab590 571304 libmarpa-r2-perl_2.086000~dfsg-6_amd64.deb
Checksums-Sha256:
 09becd00837475b6bc3a1ea53fb7d6c0caa7a0cb1517b75fa50409cedfa69e56 289508 libmarpa-r2-perl-dbgsym_2.086000~dfsg-6_amd64.deb
 0c030cf8f433db86c4b4e29f2a2e7b949a8b4b60af18a800fd11447742d0f8f3 571304 libmarpa-r2-perl_2.086000~dfsg-6_amd64.deb
Build-Origin: Debian
Build-Architecture: amd64
Build-Date: Tue, 25 Feb 2020 02:47:08 +0000
Build-Path: /<<PKGBUILDDIR>>
Installed-Build-Depends:
 adduser (= 3.118),
 autoconf (= 2.69-11.1),
 automake (= 1:1.16.1-4),
 autopoint (= 0.19.8.1-10),
 autotools-dev (= 20180224.1),
 base-files (= 11),
 base-passwd (= 3.5.47),
 bash (= 5.0-5),
 binutils (= 2.34-3),
 binutils-common (= 2.34-3),
 binutils-x86-64-linux-gnu (= 2.34-3),
 bsdmainutils (= 11.1.2+b1),
 bsdutils (= 1:2.34-0.1),
 build-essential (= 12.8),
 bzip2 (= 1.0.8-2),
 ca-certificates (= 20190110),
 cdbs (= 0.4.159),
 clang-8 (= 1:8.0.1-7),
 coreutils (= 8.30-3+b1),
 cpp (= 4:9.2.1-3.1),
 cpp-9 (= 9.2.1-29),
 dash (= 0.5.10.2-6),
 debconf (= 1.5.73),
 debhelper (= 12.9),
 debianutils (= 4.9.1),
 devscripts (= 2.20.2),
 dh-autoreconf (= 19),
 dh-buildinfo (= 0.11+nmu2),
 dh-strip-nondeterminism (= 1.6.3-2),
 diffutils (= 1:3.7-3),
 dirmngr (= 2.2.19-1),
 dpkg (= 1.19.7),
 dpkg-dev (= 1.19.7),
 dwz (= 0.13-5),
 fakeroot (= 1.24-1),
 fdisk (= 2.34-0.1),
 file (= 1:5.38-4),
 findutils (= 4.7.0-1),
 g++ (= 4:9.2.1-3.1),
 g++-9 (= 9.2.1-29),
 gcc (= 4:9.2.1-3.1),
 gcc-10-base (= 10-20200222-1),
 gcc-8-base (= 8.3.0-29),
 gcc-9 (= 9.2.1-29),
 gcc-9-base (= 9.2.1-29),
 gettext (= 0.19.8.1-10),
 gettext-base (= 0.19.8.1-10),
 gnupg (= 2.2.19-1),
 gnupg-l10n (= 2.2.19-1),
 gnupg-utils (= 2.2.19-1),
 gpg (= 2.2.19-1),
 gpg-agent (= 2.2.19-1),
 gpg-wks-client (= 2.2.19-1),
 gpg-wks-server (= 2.2.19-1),
 gpgconf (= 2.2.19-1),
 gpgsm (= 2.2.19-1),
 gpgv (= 2.2.19-1),
 grep (= 3.4-1),
 groff-base (= 1.22.4-4),
 gzip (= 1.9-3+b1),
 hostname (= 3.23),
 init-system-helpers (= 1.57),
 intltool-debian (= 0.35.0+20060710.5),
 lib32gcc-s1 (= 10-20200222-1),
 lib32gcc1 (= 1:10-20200222-1),
 lib32stdc++6 (= 10-20200222-1),
 libacl1 (= 2.2.53-5),
 libarchive-zip-perl (= 1.67-1),
 libasan5 (= 9.2.1-29),
 libassuan0 (= 2.5.3-7),
 libatomic1 (= 10-20200222-1),
 libattr1 (= 1:2.4.48-5),
 libaudit-common (= 1:2.8.5-2),
 libaudit1 (= 1:2.8.5-2+b1),
 libb-hooks-op-check-perl (= 0.22-1+b2),
 libbinutils (= 2.34-3),
 libblkid1 (= 2.34-0.1),
 libbsd0 (= 0.10.0-1),
 libbz2-1.0 (= 1.0.8-2),
 libc-bin (= 2.29-10),
 libc-dev-bin (= 2.29-10),
 libc6 (= 2.29-10),
 libc6-dev (= 2.29-10),
 libc6-i386 (= 2.29-10),
 libcap-ng0 (= 0.7.9-2.1+b1),
 libcapture-tiny-perl (= 0.48-1),
 libcc1-0 (= 10-20200222-1),
 libclang-common-8-dev (= 1:8.0.1-7),
 libclang1-8 (= 1:8.0.1-7),
 libclass-method-modifiers-perl (= 2.13-1),
 libclone-perl (= 0.43-2),
 libconfig-autoconf-perl (= 0.318-1),
 libcroco3 (= 0.6.13-1),
 libcrypt-dev (= 1:4.4.10-10),
 libcrypt1 (= 1:4.4.10-10),
 libctf-nobfd0 (= 2.34-3),
 libctf0 (= 2.34-3),
 libdb5.3 (= 5.3.28+dfsg1-0.6),
 libdebconfclient0 (= 0.251),
 libdebhelper-perl (= 12.9),
 libdevel-callchecker-perl (= 0.008-1+b1),
 libdpkg-perl (= 1.19.7),
 libdynaloader-functions-perl (= 0.003-1),
 libedit2 (= 3.1-20191231-1),
 libelf1 (= 0.176-1.1),
 libencode-locale-perl (= 1.05-1),
 libexpat1 (= 2.2.9-1),
 libexporter-tiny-perl (= 1.002001-1),
 libfakeroot (= 1.24-1),
 libfdisk1 (= 2.34-0.1),
 libffi7 (= 3.3-3),
 libfile-homedir-perl (= 1.004-1),
 libfile-listing-perl (= 6.04-1),
 libfile-slurper-perl (= 0.012-1),
 libfile-stripnondeterminism-perl (= 1.6.3-2),
 libfile-which-perl (= 1.23-1),
 libgc1c2 (= 1:7.6.4-0.4),
 libgcc-8-dev (= 8.3.0-29),
 libgcc-9-dev (= 9.2.1-29),
 libgcc-s1 (= 10-20200222-1),
 libgcc1 (= 1:10-20200222-1),
 libgcrypt20 (= 1.8.5-5),
 libgdbm-compat4 (= 1.18.1-5),
 libgdbm6 (= 1.18.1-5),
 libglib2.0-0 (= 2.62.4-2),
 libgmp10 (= 2:6.2.0+dfsg-4),
 libgnutls30 (= 3.6.12-2),
 libgomp1 (= 10-20200222-1),
 libgpg-error0 (= 1.37-1),
 libhogweed5 (= 3.5.1+really3.5.1-2),
 libhtml-parser-perl (= 3.72-5),
 libhtml-tagset-perl (= 3.20-4),
 libhtml-tree-perl (= 5.07-2),
 libhttp-cookies-perl (= 6.08-1),
 libhttp-date-perl (= 6.05-1),
 libhttp-message-perl (= 6.18-1),
 libhttp-negotiate-perl (= 6.01-1),
 libicu63 (= 63.2-2),
 libidn2-0 (= 2.2.0-2),
 libimport-into-perl (= 1.002005-1),
 libio-html-perl (= 1.001-1),
 libio-pty-perl (= 1:1.12-1),
 libio-socket-ssl-perl (= 2.067-1),
 libio-string-perl (= 1.08-3),
 libipc-run-perl (= 20180523.0-2),
 libisl22 (= 0.22.1-1),
 libitm1 (= 10-20200222-1),
 libksba8 (= 1.3.5-2),
 libldap-2.4-2 (= 2.4.49+dfsg-1),
 libldap-common (= 2.4.49+dfsg-1),
 liblist-moreutils-perl (= 0.416-1+b5),
 libllvm8 (= 1:8.0.1-7),
 liblsan0 (= 10-20200222-1),
 liblwp-mediatypes-perl (= 6.04-1),
 liblwp-protocol-https-perl (= 6.07-2),
 liblz4-1 (= 1.9.2-2),
 liblzma5 (= 5.2.4-1+b1),
 libmagic-mgc (= 1:5.38-4),
 libmagic1 (= 1:5.38-4),
 libmodule-build-perl (= 0.423100-1),
 libmodule-runtime-perl (= 0.016-1),
 libmoo-perl (= 2.003006-1),
 libmount1 (= 2.34-0.1),
 libmpc3 (= 1.1.0-1),
 libmpdec2 (= 2.4.2-2),
 libmpfr6 (= 4.0.2-1),
 libmpx2 (= 8.3.0-29),
 libncursesw6 (= 6.1+20191019-1),
 libnet-http-perl (= 6.19-1),
 libnet-ssleay-perl (= 1.88-2),
 libnettle7 (= 3.5.1+really3.5.1-2),
 libnpth0 (= 1.6-1),
 libobjc-8-dev (= 8.3.0-29),
 libobjc4 (= 10-20200222-1),
 libp11-kit0 (= 0.23.20-1),
 libpam-modules (= 1.3.1-5),
 libpam-modules-bin (= 1.3.1-5),
 libpam-runtime (= 1.3.1-5),
 libpam0g (= 1.3.1-5),
 libparams-classify-perl (= 0.015-1+b2),
 libparams-util-perl (= 1.07-3+b5),
 libpcre2-8-0 (= 10.34-7),
 libpcre3 (= 2:8.39-12+b1),
 libperl5.30 (= 5.30.0-9),
 libpipeline1 (= 1.5.2-2),
 libppi-perl (= 1.270-1),
 libpython3-stdlib (= 3.7.5-3),
 libpython3.7-minimal (= 3.7.6-1+b1),
 libpython3.7-stdlib (= 3.7.6-1+b1),
 libquadmath0 (= 10-20200222-1),
 libreadline8 (= 8.0-3),
 librole-tiny-perl (= 2.001004-1),
 libsasl2-2 (= 2.1.27+dfsg-2),
 libsasl2-modules-db (= 2.1.27+dfsg-2),
 libseccomp2 (= 2.4.2-2),
 libselinux1 (= 3.0-1+b1),
 libsemanage-common (= 3.0-1),
 libsemanage1 (= 3.0-1+b1),
 libsepol1 (= 3.0-1),
 libsigsegv2 (= 2.12-2),
 libsmartcols1 (= 2.34-0.1),
 libsqlite3-0 (= 3.31.1-3),
 libssl1.1 (= 1.1.1d-2),
 libstdc++-8-dev (= 8.3.0-29),
 libstdc++-9-dev (= 9.2.1-29),
 libstdc++6 (= 10-20200222-1),
 libstrictures-perl (= 2.000006-1),
 libsub-override-perl (= 0.09-2),
 libsub-quote-perl (= 2.006006-1),
 libsystemd0 (= 244.3-1),
 libtask-weaken-perl (= 1.06-1),
 libtasn1-6 (= 4.16.0-2),
 libtimedate-perl (= 2.3100-1),
 libtinfo6 (= 6.1+20191019-1),
 libtool (= 2.4.6-13),
 libtry-tiny-perl (= 0.30-1),
 libtsan0 (= 10-20200222-1),
 libubsan1 (= 10-20200222-1),
 libuchardet0 (= 0.0.6-3),
 libudev1 (= 244.3-1),
 libunistring2 (= 0.9.10-2),
 liburi-perl (= 1.76-2),
 libuuid1 (= 2.34-0.1),
 libwww-perl (= 6.43-1),
 libwww-robotrules-perl (= 6.02-1),
 libxml2 (= 2.9.10+dfsg-3),
 linux-libc-dev (= 5.4.19-1),
 login (= 1:4.8.1-1),
 lsb-base (= 11.1.0),
 m4 (= 1.4.18-4),
 make (= 4.2.1-1.2),
 man-db (= 2.9.0-2),
 mawk (= 1.3.4.20200120-2),
 mime-support (= 3.64),
 ncurses-base (= 6.1+20191019-1),
 ncurses-bin (= 6.1+20191019-1),
 netbase (= 6.1),
 openssl (= 1.1.1d-2),
 passwd (= 1:4.8.1-1),
 patch (= 2.7.6-6),
 patchutils (= 0.3.4-2+b1),
 perl (= 5.30.0-9),
 perl-base (= 5.30.0-9),
 perl-modules-5.30 (= 5.30.0-9),
 perl-openssl-defaults (= 4),
 pinentry-curses (= 1.1.0-3+b1),
 po-debconf (= 1.0.21),
 python3 (= 3.7.5-3),
 python3-minimal (= 3.7.5-3),
 python3.7 (= 3.7.6-1+b1),
 python3.7-minimal (= 3.7.6-1+b1),
 readline-common (= 8.0-3),
 sed (= 4.7-1),
 sensible-utils (= 0.0.12+nmu1),
 sysvinit-utils (= 2.96-2.1),
 tar (= 1.30+dfsg-6+b1),
 util-linux (= 2.34-0.1),
 wdiff (= 1.2.2-2+b1),
 xz-utils (= 5.2.4-1+b1),
 zlib1g (= 1:1.2.11.dfsg-1.2)
Environment:
 DEB_BUILD_OPTIONS="parallel=4"
 LANG="C.UTF-8"
 LC_ALL="C.UTF-8"
 SOURCE_DATE_EPOCH="1466962729"


+------------------------------------------------------------------------------+
| Package contents                                                             |
+------------------------------------------------------------------------------+


libmarpa-r2-perl-dbgsym_2.086000~dfsg-6_amd64.deb
-------------------------------------------------

 new Debian package, version 2.0.
 size 289508 bytes: control archive=540 bytes.
     414 bytes,    12 lines      control              
     106 bytes,     1 lines      md5sums              
 Package: libmarpa-r2-perl-dbgsym
 Source: libmarpa-r2-perl
 Version: 2.086000~dfsg-6
 Auto-Built-Package: debug-symbols
 Architecture: amd64
 Maintainer: Debian Perl Group <pkg-perl-maintainers@lists.alioth.debian.org>
 Installed-Size: 323
 Depends: libmarpa-r2-perl (= 2.086000~dfsg-6)
 Section: debug
 Priority: optional
 Description: debug symbols for libmarpa-r2-perl
 Build-Ids: d063cb5d8efd462b7fbd39dd727e8332e61262b6

drwxr-xr-x root/root         0 2016-06-26 17:38 ./
drwxr-xr-x root/root         0 2016-06-26 17:38 ./usr/
drwxr-xr-x root/root         0 2016-06-26 17:38 ./usr/lib/
drwxr-xr-x root/root         0 2016-06-26 17:38 ./usr/lib/debug/
drwxr-xr-x root/root         0 2016-06-26 17:38 ./usr/lib/debug/.build-id/
drwxr-xr-x root/root         0 2016-06-26 17:38 ./usr/lib/debug/.build-id/d0/
-rw-r--r-- root/root    320488 2016-06-26 17:38 ./usr/lib/debug/.build-id/d0/63cb5d8efd462b7fbd39dd727e8332e61262b6.debug
drwxr-xr-x root/root         0 2016-06-26 17:38 ./usr/share/
drwxr-xr-x root/root         0 2016-06-26 17:38 ./usr/share/doc/
lrwxrwxrwx root/root         0 2016-06-26 17:38 ./usr/share/doc/libmarpa-r2-perl-dbgsym -> libmarpa-r2-perl


libmarpa-r2-perl_2.086000~dfsg-6_amd64.deb
------------------------------------------

 new Debian package, version 2.0.
 size 571304 bytes: control archive=3316 bytes.
     740 bytes,    16 lines      control              
    8964 bytes,   100 lines      md5sums              
 Package: libmarpa-r2-perl
 Version: 2.086000~dfsg-6
 Architecture: amd64
 Maintainer: Debian Perl Group <pkg-perl-maintainers@lists.alioth.debian.org>
 Installed-Size: 2203
 Depends: perl (>= 5.30.0-9), libhtml-parser-perl (>= 3.69), perlapi-5.30.0, libc6 (>= 2.14)
 Section: perl
 Priority: optional
 Homepage: https://metacpan.org/release/Marpa-R2
 Description: BNF grammar parser
  Marpa::R2 parses any language whose grammar can be written in BNF.
  That includes recursive grammars, ambiguous grammars, infinitely
  ambiguous grammars and grammars with useless or empty productions.
  Marpa does both left- and right-recursion in linear time -- in fact if
  a grammar is in any class currently in practical use, Marpa will parse
  it in linear time.

drwxr-xr-x root/root         0 2016-06-26 17:38 ./
drwxr-xr-x root/root         0 2016-06-26 17:38 ./usr/
drwxr-xr-x root/root         0 2016-06-26 17:38 ./usr/bin/
drwxr-xr-x root/root         0 2016-06-26 17:38 ./usr/lib/
drwxr-xr-x root/root         0 2016-06-26 17:38 ./usr/lib/x86_64-linux-gnu/
drwxr-xr-x root/root         0 2016-06-26 17:38 ./usr/lib/x86_64-linux-gnu/perl5/
drwxr-xr-x root/root         0 2016-06-26 17:38 ./usr/lib/x86_64-linux-gnu/perl5/5.30/
drwxr-xr-x root/root         0 2016-06-26 17:38 ./usr/lib/x86_64-linux-gnu/perl5/5.30/Marpa/
-rw-r--r-- root/root      6650 2016-06-26 17:38 ./usr/lib/x86_64-linux-gnu/perl5/5.30/Marpa/R2.pm
-rw-r--r-- root/root     23361 2016-06-26 17:38 ./usr/lib/x86_64-linux-gnu/perl5/5.30/Marpa/R2.pod
drwxr-xr-x root/root         0 2016-06-26 17:38 ./usr/lib/x86_64-linux-gnu/perl5/5.30/Marpa/R2/
-rw-r--r-- root/root     70401 2016-06-26 17:38 ./usr/lib/x86_64-linux-gnu/perl5/5.30/Marpa/R2/ASF.pm
-rw-r--r-- root/root     19404 2016-06-26 17:38 ./usr/lib/x86_64-linux-gnu/perl5/5.30/Marpa/R2/ASF.pod
-rw-r--r-- root/root      4695 2016-06-26 17:38 ./usr/lib/x86_64-linux-gnu/perl5/5.30/Marpa/R2/Acknowledgements.pod
drwxr-xr-x root/root         0 2016-06-26 17:38 ./usr/lib/x86_64-linux-gnu/perl5/5.30/Marpa/R2/Advanced/
-rw-r--r-- root/root      8155 2016-06-26 17:38 ./usr/lib/x86_64-linux-gnu/perl5/5.30/Marpa/R2/Advanced/Bibliography.pod
-rw-r--r-- root/root     16797 2016-06-26 17:38 ./usr/lib/x86_64-linux-gnu/perl5/5.30/Marpa/R2/Advanced/Models.pod
-rw-r--r-- root/root     45527 2016-06-26 17:38 ./usr/lib/x86_64-linux-gnu/perl5/5.30/Marpa/R2/Advanced/Thin.pod
-rw-r--r-- root/root      5971 2016-06-26 17:38 ./usr/lib/x86_64-linux-gnu/perl5/5.30/Marpa/R2/BNF.pod
-rw-r--r-- root/root     12329 2016-06-26 17:38 ./usr/lib/x86_64-linux-gnu/perl5/5.30/Marpa/R2/Changes.pod
-rw-r--r-- root/root     35890 2016-06-26 17:38 ./usr/lib/x86_64-linux-gnu/perl5/5.30/Marpa/R2/Glade.pod
-rw-r--r-- root/root     64522 2016-06-26 17:38 ./usr/lib/x86_64-linux-gnu/perl5/5.30/Marpa/R2/Grammar.pm
-rw-r--r-- root/root     48544 2016-06-26 17:38 ./usr/lib/x86_64-linux-gnu/perl5/5.30/Marpa/R2/HTML.pm
-rw-r--r-- root/root     34775 2016-06-26 17:38 ./usr/lib/x86_64-linux-gnu/perl5/5.30/Marpa/R2/HTML.pod
drwxr-xr-x root/root         0 2016-06-26 17:38 ./usr/lib/x86_64-linux-gnu/perl5/5.30/Marpa/R2/HTML/
-rw-r--r-- root/root     17178 2016-06-26 17:38 ./usr/lib/x86_64-linux-gnu/perl5/5.30/Marpa/R2/HTML/Callback.pm
-rw-r--r-- root/root      4289 2016-06-26 17:38 ./usr/lib/x86_64-linux-gnu/perl5/5.30/Marpa/R2/HTML/Config.pm
drwxr-xr-x root/root         0 2016-06-26 17:38 ./usr/lib/x86_64-linux-gnu/perl5/5.30/Marpa/R2/HTML/Config/
-rw-r--r-- root/root     32842 2016-06-26 17:38 ./usr/lib/x86_64-linux-gnu/perl5/5.30/Marpa/R2/HTML/Config/Compile.pm
-rw-r--r-- root/root      2315 2016-06-26 17:38 ./usr/lib/x86_64-linux-gnu/perl5/5.30/Marpa/R2/HTML/Config/Core.pm
-rw-r--r-- root/root     50730 2016-06-26 17:38 ./usr/lib/x86_64-linux-gnu/perl5/5.30/Marpa/R2/HTML/Config/Default.pm
-rw-r--r-- root/root      1483 2016-06-26 17:38 ./usr/lib/x86_64-linux-gnu/perl5/5.30/Marpa/R2/HTML/Internal.pm
-rw-r--r-- root/root       230 2016-06-26 17:38 ./usr/lib/x86_64-linux-gnu/perl5/5.30/Marpa/R2/Installed.pm
-rw-r--r-- root/root      6390 2016-06-26 17:38 ./usr/lib/x86_64-linux-gnu/perl5/5.30/Marpa/R2/Internal.pm
-rw-r--r-- root/root     62968 2016-06-26 17:38 ./usr/lib/x86_64-linux-gnu/perl5/5.30/Marpa/R2/MetaAST.pm
-rw-r--r-- root/root    299669 2016-06-26 17:38 ./usr/lib/x86_64-linux-gnu/perl5/5.30/Marpa/R2/MetaG.pm
-rw-r--r-- root/root     19371 2016-06-26 17:38 ./usr/lib/x86_64-linux-gnu/perl5/5.30/Marpa/R2/NAIF.pod
drwxr-xr-x root/root         0 2016-06-26 17:38 ./usr/lib/x86_64-linux-gnu/perl5/5.30/Marpa/R2/NAIF/
-rw-r--r-- root/root     26092 2016-06-26 17:38 ./usr/lib/x86_64-linux-gnu/perl5/5.30/Marpa/R2/NAIF/Grammar.pod
-rw-r--r-- root/root     27915 2016-06-26 17:38 ./usr/lib/x86_64-linux-gnu/perl5/5.30/Marpa/R2/NAIF/Progress.pod
-rw-r--r-- root/root     22131 2016-06-26 17:38 ./usr/lib/x86_64-linux-gnu/perl5/5.30/Marpa/R2/NAIF/Recognizer.pod
-rw-r--r-- root/root     23016 2016-06-26 17:38 ./usr/lib/x86_64-linux-gnu/perl5/5.30/Marpa/R2/NAIF/Semantics.pod
drwxr-xr-x root/root         0 2016-06-26 17:38 ./usr/lib/x86_64-linux-gnu/perl5/5.30/Marpa/R2/NAIF/Semantics/
-rw-r--r-- root/root      5224 2016-06-26 17:38 ./usr/lib/x86_64-linux-gnu/perl5/5.30/Marpa/R2/NAIF/Semantics/Infinite.pod
-rw-r--r-- root/root      8103 2016-06-26 17:38 ./usr/lib/x86_64-linux-gnu/perl5/5.30/Marpa/R2/NAIF/Semantics/Null.pod
-rw-r--r-- root/root      9410 2016-06-26 17:38 ./usr/lib/x86_64-linux-gnu/perl5/5.30/Marpa/R2/NAIF/Semantics/Order.pod
-rw-r--r-- root/root      5210 2016-06-26 17:38 ./usr/lib/x86_64-linux-gnu/perl5/5.30/Marpa/R2/NAIF/Semantics/Phases.pod
-rw-r--r-- root/root      4814 2016-06-26 17:38 ./usr/lib/x86_64-linux-gnu/perl5/5.30/Marpa/R2/NAIF/Tracing.pod
-rw-r--r-- root/root     52790 2016-06-26 17:38 ./usr/lib/x86_64-linux-gnu/perl5/5.30/Marpa/R2/Progress.pod
-rw-r--r-- root/root     44960 2016-06-26 17:38 ./usr/lib/x86_64-linux-gnu/perl5/5.30/Marpa/R2/Recognizer.pm
-rw-r--r-- root/root     39422 2016-06-26 17:38 ./usr/lib/x86_64-linux-gnu/perl5/5.30/Marpa/R2/SLG.pm
-rw-r--r-- root/root     69831 2016-06-26 17:38 ./usr/lib/x86_64-linux-gnu/perl5/5.30/Marpa/R2/SLR.pm
-rw-r--r-- root/root     14950 2016-06-26 17:38 ./usr/lib/x86_64-linux-gnu/perl5/5.30/Marpa/R2/Scanless.pod
drwxr-xr-x root/root         0 2016-06-26 17:38 ./usr/lib/x86_64-linux-gnu/perl5/5.30/Marpa/R2/Scanless/
-rw-r--r-- root/root     43869 2016-06-26 17:38 ./usr/lib/x86_64-linux-gnu/perl5/5.30/Marpa/R2/Scanless/DSL.pod
-rw-r--r-- root/root     18111 2016-06-26 17:38 ./usr/lib/x86_64-linux-gnu/perl5/5.30/Marpa/R2/Scanless/G.pod
-rw-r--r-- root/root     45531 2016-06-26 17:38 ./usr/lib/x86_64-linux-gnu/perl5/5.30/Marpa/R2/Scanless/R.pod
-rw-r--r-- root/root     32142 2016-06-26 17:38 ./usr/lib/x86_64-linux-gnu/perl5/5.30/Marpa/R2/Semantics.pod
drwxr-xr-x root/root         0 2016-06-26 17:38 ./usr/lib/x86_64-linux-gnu/perl5/5.30/Marpa/R2/Semantics/
-rw-r--r-- root/root      8044 2016-06-26 17:38 ./usr/lib/x86_64-linux-gnu/perl5/5.30/Marpa/R2/Semantics/Null.pod
-rw-r--r-- root/root      9493 2016-06-26 17:38 ./usr/lib/x86_64-linux-gnu/perl5/5.30/Marpa/R2/Semantics/Order.pod
-rw-r--r-- root/root      4520 2016-06-26 17:38 ./usr/lib/x86_64-linux-gnu/perl5/5.30/Marpa/R2/Semantics/Phases.pod
-rw-r--r-- root/root      7009 2016-06-26 17:38 ./usr/lib/x86_64-linux-gnu/perl5/5.30/Marpa/R2/Stuifzand.pm
-rw-r--r-- root/root      2490 2016-06-26 17:38 ./usr/lib/x86_64-linux-gnu/perl5/5.30/Marpa/R2/Support.pod
drwxr-xr-x root/root         0 2016-06-26 17:38 ./usr/lib/x86_64-linux-gnu/perl5/5.30/Marpa/R2/Thin/
-rw-r--r-- root/root     10059 2016-06-26 17:38 ./usr/lib/x86_64-linux-gnu/perl5/5.30/Marpa/R2/Thin/Trace.pm
-rw-r--r-- root/root      5380 2016-06-26 17:38 ./usr/lib/x86_64-linux-gnu/perl5/5.30/Marpa/R2/Tracing.pod
-rw-r--r-- root/root     90653 2016-06-26 17:38 ./usr/lib/x86_64-linux-gnu/perl5/5.30/Marpa/R2/Value.pm
-rw-r--r-- root/root       257 2016-06-26 17:38 ./usr/lib/x86_64-linux-gnu/perl5/5.30/Marpa/R2/Version.pm
-rw-r--r-- root/root     15552 2016-06-26 17:38 ./usr/lib/x86_64-linux-gnu/perl5/5.30/Marpa/R2/Vocabulary.pod
drwxr-xr-x root/root         0 2016-06-26 17:38 ./usr/lib/x86_64-linux-gnu/perl5/5.30/auto/
drwxr-xr-x root/root         0 2016-06-26 17:38 ./usr/lib/x86_64-linux-gnu/perl5/5.30/auto/Marpa/
drwxr-xr-x root/root         0 2016-06-26 17:38 ./usr/lib/x86_64-linux-gnu/perl5/5.30/auto/Marpa/R2/
-rw-r--r-- root/root         0 2016-06-26 17:38 ./usr/lib/x86_64-linux-gnu/perl5/5.30/auto/Marpa/R2/R2.bs
-rw-r--r-- root/root    369008 2016-06-26 17:38 ./usr/lib/x86_64-linux-gnu/perl5/5.30/auto/Marpa/R2/R2.so
drwxr-xr-x root/root         0 2016-06-26 17:38 ./usr/share/
drwxr-xr-x root/root         0 2016-06-26 17:38 ./usr/share/doc/
drwxr-xr-x root/root         0 2016-06-26 17:38 ./usr/share/doc/libmarpa-r2-perl/
-rw-r--r-- root/root        40 2014-05-31 23:46 ./usr/share/doc/libmarpa-r2-perl/AUTHORS
-rw-r--r-- root/root       116 2014-05-31 23:46 ./usr/share/doc/libmarpa-r2-perl/NEWS.gz
-rw-r--r-- root/root       752 2014-05-31 23:46 ./usr/share/doc/libmarpa-r2-perl/README
-rw-r--r-- root/root      3751 2016-06-26 17:38 ./usr/share/doc/libmarpa-r2-perl/buildinfo_amd64.gz
-rw-r--r-- root/root      1259 2016-06-26 17:38 ./usr/share/doc/libmarpa-r2-perl/changelog.Debian.gz
-rw-r--r-- root/root        73 2014-05-31 23:46 ./usr/share/doc/libmarpa-r2-perl/changelog.gz
-rw-r--r-- root/root      6735 2016-06-26 17:38 ./usr/share/doc/libmarpa-r2-perl/copyright
drwxr-xr-x root/root         0 2016-06-26 17:38 ./usr/share/doc/libmarpa-r2-perl/examples/
-rw-r--r-- root/root      4556 2016-06-26 17:38 ./usr/share/doc/libmarpa-r2-perl/examples/Marpa::R2::html_fmt.3pm.gz
-rw-r--r-- root/root      3573 2016-06-26 17:38 ./usr/share/doc/libmarpa-r2-perl/examples/Marpa::R2::html_score.3pm.gz
-rw-r--r-- root/root      2792 2016-06-26 17:38 ./usr/share/doc/libmarpa-r2-perl/examples/html_fmt.pod.gz
-rw-r--r-- root/root      1909 2016-06-26 17:38 ./usr/share/doc/libmarpa-r2-perl/examples/html_score.pod.gz
-rw-r--r-- root/root      4452 2016-06-26 17:38 ./usr/share/doc/libmarpa-r2-perl/examples/marpa_r2_html_fmt.gz
-rw-r--r-- root/root      2505 2016-06-26 17:38 ./usr/share/doc/libmarpa-r2-perl/examples/marpa_r2_html_score.gz
drwxr-xr-x root/root         0 2016-06-26 17:38 ./usr/share/man/
drwxr-xr-x root/root         0 2016-06-26 17:38 ./usr/share/man/man3/
-rw-r--r-- root/root      9127 2016-06-26 17:38 ./usr/share/man/man3/Marpa::R2.3pm.gz
-rw-r--r-- root/root      7344 2016-06-26 17:38 ./usr/share/man/man3/Marpa::R2::ASF.3pm.gz
-rw-r--r-- root/root      3645 2016-06-26 17:38 ./usr/share/man/man3/Marpa::R2::Acknowledgements.3pm.gz
-rw-r--r-- root/root      5313 2016-06-26 17:38 ./usr/share/man/man3/Marpa::R2::Advanced::Bibliography.3pm.gz
-rw-r--r-- root/root      7251 2016-06-26 17:38 ./usr/share/man/man3/Marpa::R2::Advanced::Models.3pm.gz
-rw-r--r-- root/root     13155 2016-06-26 17:38 ./usr/share/man/man3/Marpa::R2::Advanced::Thin.3pm.gz
-rw-r--r-- root/root      3661 2016-06-26 17:38 ./usr/share/man/man3/Marpa::R2::BNF.3pm.gz
-rw-r--r-- root/root      6436 2016-06-26 17:38 ./usr/share/man/man3/Marpa::R2::Changes.3pm.gz
-rw-r--r-- root/root     12046 2016-06-26 17:38 ./usr/share/man/man3/Marpa::R2::Glade.3pm.gz
-rw-r--r-- root/root     12057 2016-06-26 17:38 ./usr/share/man/man3/Marpa::R2::HTML.3pm.gz
-rw-r--r-- root/root      6843 2016-06-26 17:38 ./usr/share/man/man3/Marpa::R2::NAIF.3pm.gz
-rw-r--r-- root/root      8955 2016-06-26 17:38 ./usr/share/man/man3/Marpa::R2::NAIF::Grammar.3pm.gz
-rw-r--r-- root/root     10057 2016-06-26 17:38 ./usr/share/man/man3/Marpa::R2::NAIF::Progress.3pm.gz
-rw-r--r-- root/root      8645 2016-06-26 17:38 ./usr/share/man/man3/Marpa::R2::NAIF::Recognizer.3pm.gz
-rw-r--r-- root/root      8863 2016-06-26 17:38 ./usr/share/man/man3/Marpa::R2::NAIF::Semantics.3pm.gz
-rw-r--r-- root/root      3576 2016-06-26 17:38 ./usr/share/man/man3/Marpa::R2::NAIF::Semantics::Infinite.3pm.gz
-rw-r--r-- root/root      4407 2016-06-26 17:38 ./usr/share/man/man3/Marpa::R2::NAIF::Semantics::Null.3pm.gz
-rw-r--r-- root/root      5055 2016-06-26 17:38 ./usr/share/man/man3/Marpa::R2::NAIF::Semantics::Order.3pm.gz
-rw-r--r-- root/root      3472 2016-06-26 17:38 ./usr/share/man/man3/Marpa::R2::NAIF::Semantics::Phases.3pm.gz
-rw-r--r-- root/root      3542 2016-06-26 17:38 ./usr/share/man/man3/Marpa::R2::NAIF::Tracing.3pm.gz
-rw-r--r-- root/root     14296 2016-06-26 17:38 ./usr/share/man/man3/Marpa::R2::Progress.3pm.gz
-rw-r--r-- root/root      7163 2016-06-26 17:38 ./usr/share/man/man3/Marpa::R2::Scanless.3pm.gz
-rw-r--r-- root/root     14056 2016-06-26 17:38 ./usr/share/man/man3/Marpa::R2::Scanless::DSL.3pm.gz
-rw-r--r-- root/root      5673 2016-06-26 17:38 ./usr/share/man/man3/Marpa::R2::Scanless::G.3pm.gz
-rw-r--r-- root/root     14109 2016-06-26 17:38 ./usr/share/man/man3/Marpa::R2::Scanless::R.3pm.gz
-rw-r--r-- root/root     11491 2016-06-26 17:38 ./usr/share/man/man3/Marpa::R2::Semantics.3pm.gz
-rw-r--r-- root/root      4368 2016-06-26 17:38 ./usr/share/man/man3/Marpa::R2::Semantics::Null.3pm.gz
-rw-r--r-- root/root      5086 2016-06-26 17:38 ./usr/share/man/man3/Marpa::R2::Semantics::Order.3pm.gz
-rw-r--r-- root/root      3192 2016-06-26 17:38 ./usr/share/man/man3/Marpa::R2::Semantics::Phases.3pm.gz
-rw-r--r-- root/root      2632 2016-06-26 17:38 ./usr/share/man/man3/Marpa::R2::Support.3pm.gz
-rw-r--r-- root/root      3647 2016-06-26 17:38 ./usr/share/man/man3/Marpa::R2::Tracing.3pm.gz
-rw-r--r-- root/root      6905 2016-06-26 17:38 ./usr/share/man/man3/Marpa::R2::Vocabulary.3pm.gz


+------------------------------------------------------------------------------+
| Post Build                                                                   |
+------------------------------------------------------------------------------+


+------------------------------------------------------------------------------+
| Cleanup                                                                      |
+------------------------------------------------------------------------------+

Purging /<<BUILDDIR>>
Not cleaning session: cloned chroot in use

+------------------------------------------------------------------------------+
| Summary                                                                      |
+------------------------------------------------------------------------------+

Build Architecture: amd64
Build Type: binary
Build-Space: 22884
Build-Time: 49
Distribution: unstable
Host Architecture: amd64
Install-Time: 15
Job: libmarpa-r2-perl_2.086000~dfsg-6
Machine Architecture: amd64
Package: libmarpa-r2-perl
Package-Time: 81
Source-Version: 2.086000~dfsg-6
Space: 22884
Status: successful
Version: 2.086000~dfsg-6
--------------------------------------------------------------------------------
Finished at 2020-02-25T02:47:08Z
Build needed 00:01:21, 22884k disk space
DC-Status: OK 84.59677798s
