DC-Build-Header: libtrycatch-perl 1.003002-2 / 2020-02-25 00:25:53 +0000
DC-Task: type:rebuild-binarch-only source:libtrycatch-perl version:1.003002-2 chroot:unstable esttime:157 logfile:/tmp/libtrycatch-perl_1.003002-2_unstable_clang8.log modes:clang8:binarch-only
DC-Sbuild-call: su user42 -c 'sbuild -n --arch-any --apt-update -d unstable -v --no-run-lintian --chroot-setup-commands=/tmp/clang8 libtrycatch-perl_1.003002-2'
sbuild (Debian sbuild) 0.78.1 (09 February 2019) on ip-172-31-8-228.eu-central-1.compute.internal

+==============================================================================+
| libtrycatch-perl 1.003002-2 (amd64)          Tue, 25 Feb 2020 00:25:53 +0000 |
+==============================================================================+

Package: libtrycatch-perl
Version: 1.003002-2
Source Version: 1.003002-2
Distribution: unstable
Machine Architecture: amd64
Host Architecture: amd64
Build Architecture: amd64
Build Type: binary

I: NOTICE: Log filtering will replace 'var/run/schroot/mount/sid-amd64-sbuild-8c036842-dba3-4047-b494-95896f0bb458' with '<<CHROOT>>'

+------------------------------------------------------------------------------+
| Chroot Setup Commands                                                        |
+------------------------------------------------------------------------------+


/tmp/clang8
-----------

+ echo 'Entering customization script...'
Entering customization script...
+ CLANG_VERSION=8
+ echo 'Install of clang-8'
Install of clang-8
+ apt-get update
Get:1 http://127.0.0.1:12990/debian sid InRelease [142 kB]
Get:2 http://127.0.0.1:12990/debian sid/main Sources.diff/Index [27.9 kB]
Get:3 http://127.0.0.1:12990/debian sid/main amd64 Packages.diff/Index [27.9 kB]
Get:4 http://127.0.0.1:12990/debian sid/main Sources 2020-02-24-0823.32.pdiff [11.0 kB]
Get:5 http://127.0.0.1:12990/debian sid/main Sources 2020-02-24-1420.34.pdiff [30.2 kB]
Get:6 http://127.0.0.1:12990/debian sid/main Sources 2020-02-24-2014.03.pdiff [16.9 kB]
Get:6 http://127.0.0.1:12990/debian sid/main Sources 2020-02-24-2014.03.pdiff [16.9 kB]
Get:7 http://127.0.0.1:12990/debian sid/main amd64 Packages 2020-02-24-0823.32.pdiff [15.5 kB]
Get:8 http://127.0.0.1:12990/debian sid/main amd64 Packages 2020-02-24-1420.34.pdiff [27.5 kB]
Get:9 http://127.0.0.1:12990/debian sid/main amd64 Packages 2020-02-24-2014.03.pdiff [21.6 kB]
Get:9 http://127.0.0.1:12990/debian sid/main amd64 Packages 2020-02-24-2014.03.pdiff [21.6 kB]
Get:10 http://127.0.0.1:12990/debian sid/main Translation-en [6193 kB]
Fetched 6514 kB in 2s (2732 kB/s)
Reading package lists...
+ apt-get install --yes --no-install-recommends --force-yes clang-8 libomp-8-dev libobjc-9-dev
Reading package lists...
Building dependency tree...
The following additional packages will be installed:
  gcc-8-base lib32gcc-s1 lib32gcc1 lib32stdc++6 libbsd0 libc6-i386
  libclang-common-8-dev libclang1-8 libedit2 libgc1c2 libgcc-8-dev libllvm8
  libmpx2 libobjc-8-dev libobjc4 libomp5-8 libstdc++-8-dev
Suggested packages:
  clang-8-doc libomp-8-doc libstdc++-8-doc
Recommended packages:
  llvm-8-dev python3
The following NEW packages will be installed:
  clang-8 gcc-8-base lib32gcc-s1 lib32gcc1 lib32stdc++6 libbsd0 libc6-i386
  libclang-common-8-dev libclang1-8 libedit2 libgc1c2 libgcc-8-dev libllvm8
  libmpx2 libobjc-8-dev libobjc-9-dev libobjc4 libomp-8-dev libomp5-8
  libstdc++-8-dev
0 upgraded, 20 newly installed, 0 to remove and 1 not upgraded.
Need to get 39.9 MB of archives.
After this operation, 223 MB of additional disk space will be used.
Get:1 http://127.0.0.1:12990/debian sid/main amd64 libbsd0 amd64 0.10.0-1 [107 kB]
Get:2 http://127.0.0.1:12990/debian sid/main amd64 libedit2 amd64 3.1-20191231-1 [95.4 kB]
Get:3 http://127.0.0.1:12990/debian sid/main amd64 libllvm8 amd64 1:8.0.1-7 [13.8 MB]
Get:4 http://127.0.0.1:12990/debian sid/main amd64 gcc-8-base amd64 8.3.0-29 [194 kB]
Get:5 http://127.0.0.1:12990/debian sid/main amd64 libmpx2 amd64 8.3.0-29 [11.4 kB]
Get:6 http://127.0.0.1:12990/debian sid/main amd64 libgcc-8-dev amd64 8.3.0-29 [2297 kB]
Get:7 http://127.0.0.1:12990/debian sid/main amd64 libstdc++-8-dev amd64 8.3.0-29 [1543 kB]
Get:8 http://127.0.0.1:12990/debian sid/main amd64 libgc1c2 amd64 1:7.6.4-0.4 [224 kB]
Get:9 http://127.0.0.1:12990/debian sid/main amd64 libobjc4 amd64 10-20200222-1 [41.6 kB]
Get:10 http://127.0.0.1:12990/debian sid/main amd64 libobjc-8-dev amd64 8.3.0-29 [227 kB]
Get:11 http://127.0.0.1:12990/debian sid/main amd64 libc6-i386 amd64 2.29-10 [2918 kB]
Get:12 http://127.0.0.1:12990/debian sid/main amd64 lib32gcc-s1 amd64 10-20200222-1 [49.4 kB]
Get:13 http://127.0.0.1:12990/debian sid/main amd64 lib32gcc1 amd64 1:10-20200222-1 [1104 B]
Get:14 http://127.0.0.1:12990/debian sid/main amd64 lib32stdc++6 amd64 10-20200222-1 [510 kB]
Get:15 http://127.0.0.1:12990/debian sid/main amd64 libclang-common-8-dev amd64 1:8.0.1-7 [2989 kB]
Get:16 http://127.0.0.1:12990/debian sid/main amd64 libclang1-8 amd64 1:8.0.1-7 [6244 kB]
Get:17 http://127.0.0.1:12990/debian sid/main amd64 clang-8 amd64 1:8.0.1-7 [8010 kB]
Get:18 http://127.0.0.1:12990/debian sid/main amd64 libobjc-9-dev amd64 9.2.1-29 [219 kB]
Get:19 http://127.0.0.1:12990/debian sid/main amd64 libomp5-8 amd64 1:8.0.1-7 [331 kB]
Get:20 http://127.0.0.1:12990/debian sid/main amd64 libomp-8-dev amd64 1:8.0.1-7 [62.3 kB]
debconf: delaying package configuration, since apt-utils is not installed
Fetched 39.9 MB in 1s (64.0 MB/s)
Selecting previously unselected package libbsd0:amd64.
(Reading database ... (Reading database ... 5%(Reading database ... 10%(Reading database ... 15%(Reading database ... 20%(Reading database ... 25%(Reading database ... 30%(Reading database ... 35%(Reading database ... 40%(Reading database ... 45%(Reading database ... 50%(Reading database ... 55%(Reading database ... 60%(Reading database ... 65%(Reading database ... 70%(Reading database ... 75%(Reading database ... 80%(Reading database ... 85%(Reading database ... 90%(Reading database ... 95%(Reading database ... 100%(Reading database ... 12119 files and directories currently installed.)
Preparing to unpack .../00-libbsd0_0.10.0-1_amd64.deb ...
Unpacking libbsd0:amd64 (0.10.0-1) ...
Selecting previously unselected package libedit2:amd64.
Preparing to unpack .../01-libedit2_3.1-20191231-1_amd64.deb ...
Unpacking libedit2:amd64 (3.1-20191231-1) ...
Selecting previously unselected package libllvm8:amd64.
Preparing to unpack .../02-libllvm8_1%3a8.0.1-7_amd64.deb ...
Unpacking libllvm8:amd64 (1:8.0.1-7) ...
Selecting previously unselected package gcc-8-base:amd64.
Preparing to unpack .../03-gcc-8-base_8.3.0-29_amd64.deb ...
Unpacking gcc-8-base:amd64 (8.3.0-29) ...
Selecting previously unselected package libmpx2:amd64.
Preparing to unpack .../04-libmpx2_8.3.0-29_amd64.deb ...
Unpacking libmpx2:amd64 (8.3.0-29) ...
Selecting previously unselected package libgcc-8-dev:amd64.
Preparing to unpack .../05-libgcc-8-dev_8.3.0-29_amd64.deb ...
Unpacking libgcc-8-dev:amd64 (8.3.0-29) ...
Selecting previously unselected package libstdc++-8-dev:amd64.
Preparing to unpack .../06-libstdc++-8-dev_8.3.0-29_amd64.deb ...
Unpacking libstdc++-8-dev:amd64 (8.3.0-29) ...
Selecting previously unselected package libgc1c2:amd64.
Preparing to unpack .../07-libgc1c2_1%3a7.6.4-0.4_amd64.deb ...
Unpacking libgc1c2:amd64 (1:7.6.4-0.4) ...
Selecting previously unselected package libobjc4:amd64.
Preparing to unpack .../08-libobjc4_10-20200222-1_amd64.deb ...
Unpacking libobjc4:amd64 (10-20200222-1) ...
Selecting previously unselected package libobjc-8-dev:amd64.
Preparing to unpack .../09-libobjc-8-dev_8.3.0-29_amd64.deb ...
Unpacking libobjc-8-dev:amd64 (8.3.0-29) ...
Selecting previously unselected package libc6-i386.
Preparing to unpack .../10-libc6-i386_2.29-10_amd64.deb ...
Unpacking libc6-i386 (2.29-10) ...
Selecting previously unselected package lib32gcc-s1.
Preparing to unpack .../11-lib32gcc-s1_10-20200222-1_amd64.deb ...
Unpacking lib32gcc-s1 (10-20200222-1) ...
Selecting previously unselected package lib32gcc1.
Preparing to unpack .../12-lib32gcc1_1%3a10-20200222-1_amd64.deb ...
Unpacking lib32gcc1 (1:10-20200222-1) ...
Selecting previously unselected package lib32stdc++6.
Preparing to unpack .../13-lib32stdc++6_10-20200222-1_amd64.deb ...
Unpacking lib32stdc++6 (10-20200222-1) ...
Selecting previously unselected package libclang-common-8-dev.
Preparing to unpack .../14-libclang-common-8-dev_1%3a8.0.1-7_amd64.deb ...
Unpacking libclang-common-8-dev (1:8.0.1-7) ...
Selecting previously unselected package libclang1-8.
Preparing to unpack .../15-libclang1-8_1%3a8.0.1-7_amd64.deb ...
Unpacking libclang1-8 (1:8.0.1-7) ...
Selecting previously unselected package clang-8.
Preparing to unpack .../16-clang-8_1%3a8.0.1-7_amd64.deb ...
Unpacking clang-8 (1:8.0.1-7) ...
Selecting previously unselected package libobjc-9-dev:amd64.
Preparing to unpack .../17-libobjc-9-dev_9.2.1-29_amd64.deb ...
Unpacking libobjc-9-dev:amd64 (9.2.1-29) ...
Selecting previously unselected package libomp5-8:amd64.
Preparing to unpack .../18-libomp5-8_1%3a8.0.1-7_amd64.deb ...
Unpacking libomp5-8:amd64 (1:8.0.1-7) ...
Selecting previously unselected package libomp-8-dev.
Preparing to unpack .../19-libomp-8-dev_1%3a8.0.1-7_amd64.deb ...
Unpacking libomp-8-dev (1:8.0.1-7) ...
Setting up libgc1c2:amd64 (1:7.6.4-0.4) ...
Setting up libobjc4:amd64 (10-20200222-1) ...
Setting up gcc-8-base:amd64 (8.3.0-29) ...
Setting up libobjc-9-dev:amd64 (9.2.1-29) ...
Setting up libmpx2:amd64 (8.3.0-29) ...
Setting up libc6-i386 (2.29-10) ...
Setting up libbsd0:amd64 (0.10.0-1) ...
Setting up libomp5-8:amd64 (1:8.0.1-7) ...
Setting up libomp-8-dev (1:8.0.1-7) ...
Setting up libedit2:amd64 (3.1-20191231-1) ...
Setting up lib32gcc-s1 (10-20200222-1) ...
Setting up libgcc-8-dev:amd64 (8.3.0-29) ...
Setting up libstdc++-8-dev:amd64 (8.3.0-29) ...
Setting up libllvm8:amd64 (1:8.0.1-7) ...
Setting up libclang1-8 (1:8.0.1-7) ...
Setting up lib32gcc1 (1:10-20200222-1) ...
Setting up libobjc-8-dev:amd64 (8.3.0-29) ...
Setting up lib32stdc++6 (10-20200222-1) ...
Setting up libclang-common-8-dev (1:8.0.1-7) ...
Setting up clang-8 (1:8.0.1-7) ...
Processing triggers for libc-bin (2.29-10) ...
W: --force-yes is deprecated, use one of the options starting with --allow instead.
+ echo 'Replace gcc, g++ & cpp by clang'
Replace gcc, g++ & cpp by clang
+ VERSIONS='4.6 4.7 4.8 4.9 5 6 7 8 9 10'
+ cd /usr/bin
+ for VERSION in $VERSIONS
+ rm -f g++-4.6 gcc-4.6 cpp-4.6 gcc
+ ln -s clang++-8 g++-4.6
+ ln -s clang-8 gcc-4.6
+ ln -s clang-8 cpp-4.6
+ ln -s clang-8 gcc
+ echo 'gcc-4.6 hold'
+ dpkg --set-selections
dpkg: warning: package not in status nor available database at line 1: gcc-4.6
dpkg: warning: found unknown packages; this might mean the available database
is outdated, and needs to be updated through a frontend method;
please see the FAQ <https://wiki.debian.org/Teams/Dpkg/FAQ>
+ echo 'g++-4.6 hold'
+ dpkg --set-selections
dpkg: warning: package not in status nor available database at line 1: g++-4.6
dpkg: warning: found unknown packages; this might mean the available database
is outdated, and needs to be updated through a frontend method;
please see the FAQ <https://wiki.debian.org/Teams/Dpkg/FAQ>
+ for VERSION in $VERSIONS
+ rm -f g++-4.7 gcc-4.7 cpp-4.7 gcc
+ ln -s clang++-8 g++-4.7
+ ln -s clang-8 gcc-4.7
+ ln -s clang-8 cpp-4.7
+ ln -s clang-8 gcc
+ echo 'gcc-4.7 hold'
+ dpkg --set-selections
dpkg: warning: package not in status nor available database at line 1: gcc-4.7
dpkg: warning: found unknown packages; this might mean the available database
is outdated, and needs to be updated through a frontend method;
please see the FAQ <https://wiki.debian.org/Teams/Dpkg/FAQ>
+ echo 'g++-4.7 hold'
+ dpkg --set-selections
dpkg: warning: package not in status nor available database at line 1: g++-4.7
dpkg: warning: found unknown packages; this might mean the available database
is outdated, and needs to be updated through a frontend method;
please see the FAQ <https://wiki.debian.org/Teams/Dpkg/FAQ>
+ for VERSION in $VERSIONS
+ rm -f g++-4.8 gcc-4.8 cpp-4.8 gcc
+ ln -s clang++-8 g++-4.8
+ ln -s clang-8 gcc-4.8
+ ln -s clang-8 cpp-4.8
+ ln -s clang-8 gcc
+ echo 'gcc-4.8 hold'
+ dpkg --set-selections
dpkg: warning: package not in status nor available database at line 1: gcc-4.8
dpkg: warning: found unknown packages; this might mean the available database
is outdated, and needs to be updated through a frontend method;
please see the FAQ <https://wiki.debian.org/Teams/Dpkg/FAQ>
+ echo 'g++-4.8 hold'
+ dpkg --set-selections
dpkg: warning: package not in status nor available database at line 1: g++-4.8
dpkg: warning: found unknown packages; this might mean the available database
is outdated, and needs to be updated through a frontend method;
please see the FAQ <https://wiki.debian.org/Teams/Dpkg/FAQ>
+ for VERSION in $VERSIONS
+ rm -f g++-4.9 gcc-4.9 cpp-4.9 gcc
+ ln -s clang++-8 g++-4.9
+ ln -s clang-8 gcc-4.9
+ ln -s clang-8 cpp-4.9
+ ln -s clang-8 gcc
+ dpkg --set-selections
+ echo 'gcc-4.9 hold'
dpkg: warning: package not in status nor available database at line 1: gcc-4.9
dpkg: warning: found unknown packages; this might mean the available database
is outdated, and needs to be updated through a frontend method;
please see the FAQ <https://wiki.debian.org/Teams/Dpkg/FAQ>
+ echo 'g++-4.9 hold'
+ dpkg --set-selections
dpkg: warning: package not in status nor available database at line 1: g++-4.9
dpkg: warning: found unknown packages; this might mean the available database
is outdated, and needs to be updated through a frontend method;
please see the FAQ <https://wiki.debian.org/Teams/Dpkg/FAQ>
+ for VERSION in $VERSIONS
+ rm -f g++-5 gcc-5 cpp-5 gcc
+ ln -s clang++-8 g++-5
+ ln -s clang-8 gcc-5
+ ln -s clang-8 cpp-5
+ ln -s clang-8 gcc
+ dpkg --set-selections
+ echo 'gcc-5 hold'
dpkg: warning: package not in status nor available database at line 1: gcc-5
dpkg: warning: found unknown packages; this might mean the available database
is outdated, and needs to be updated through a frontend method;
please see the FAQ <https://wiki.debian.org/Teams/Dpkg/FAQ>
+ dpkg --set-selections
+ echo 'g++-5 hold'
dpkg: warning: package not in status nor available database at line 1: g++-5
dpkg: warning: found unknown packages; this might mean the available database
is outdated, and needs to be updated through a frontend method;
please see the FAQ <https://wiki.debian.org/Teams/Dpkg/FAQ>
+ for VERSION in $VERSIONS
+ rm -f g++-6 gcc-6 cpp-6 gcc
+ ln -s clang++-8 g++-6
+ ln -s clang-8 gcc-6
+ ln -s clang-8 cpp-6
+ ln -s clang-8 gcc
+ echo 'gcc-6 hold'
+ dpkg --set-selections
dpkg: warning: package not in status nor available database at line 1: gcc-6
dpkg: warning: found unknown packages; this might mean the available database
is outdated, and needs to be updated through a frontend method;
please see the FAQ <https://wiki.debian.org/Teams/Dpkg/FAQ>
+ echo 'g++-6 hold'
+ dpkg --set-selections
dpkg: warning: package not in status nor available database at line 1: g++-6
dpkg: warning: found unknown packages; this might mean the available database
is outdated, and needs to be updated through a frontend method;
please see the FAQ <https://wiki.debian.org/Teams/Dpkg/FAQ>
+ for VERSION in $VERSIONS
+ rm -f g++-7 gcc-7 cpp-7 gcc
+ ln -s clang++-8 g++-7
+ ln -s clang-8 gcc-7
+ ln -s clang-8 cpp-7
+ ln -s clang-8 gcc
+ echo 'gcc-7 hold'
+ dpkg --set-selections
dpkg: warning: package not in status nor available database at line 1: gcc-7
dpkg: warning: found unknown packages; this might mean the available database
is outdated, and needs to be updated through a frontend method;
please see the FAQ <https://wiki.debian.org/Teams/Dpkg/FAQ>
+ echo 'g++-7 hold'
+ dpkg --set-selections
dpkg: warning: package not in status nor available database at line 1: g++-7
dpkg: warning: found unknown packages; this might mean the available database
is outdated, and needs to be updated through a frontend method;
please see the FAQ <https://wiki.debian.org/Teams/Dpkg/FAQ>
+ for VERSION in $VERSIONS
+ rm -f g++-8 gcc-8 cpp-8 gcc
+ ln -s clang++-8 g++-8
+ ln -s clang-8 gcc-8
+ ln -s clang-8 cpp-8
+ ln -s clang-8 gcc
+ echo 'gcc-8 hold'
+ dpkg --set-selections
dpkg: warning: package not in status nor available database at line 1: gcc-8
dpkg: warning: found unknown packages; this might mean the available database
is outdated, and needs to be updated through a frontend method;
please see the FAQ <https://wiki.debian.org/Teams/Dpkg/FAQ>
+ dpkg --set-selections
+ echo 'g++-8 hold'
dpkg: warning: package not in status nor available database at line 1: g++-8
dpkg: warning: found unknown packages; this might mean the available database
is outdated, and needs to be updated through a frontend method;
please see the FAQ <https://wiki.debian.org/Teams/Dpkg/FAQ>
+ for VERSION in $VERSIONS
+ rm -f g++-9 gcc-9 cpp-9 gcc
+ ln -s clang++-8 g++-9
+ ln -s clang-8 gcc-9
+ ln -s clang-8 cpp-9
+ ln -s clang-8 gcc
+ echo 'gcc-9 hold'
+ dpkg --set-selections
+ echo 'g++-9 hold'
+ dpkg --set-selections
+ for VERSION in $VERSIONS
+ rm -f g++-10 gcc-10 cpp-10 gcc
+ ln -s clang++-8 g++-10
+ ln -s clang-8 gcc-10
+ ln -s clang-8 cpp-10
+ ln -s clang-8 gcc
+ echo 'gcc-10 hold'
+ dpkg --set-selections
dpkg: warning: package not in status nor available database at line 1: gcc-10
dpkg: warning: found unknown packages; this might mean the available database
is outdated, and needs to be updated through a frontend method;
please see the FAQ <https://wiki.debian.org/Teams/Dpkg/FAQ>
+ echo 'g++-10 hold'
+ dpkg --set-selections
dpkg: warning: package not in status nor available database at line 1: g++-10
dpkg: warning: found unknown packages; this might mean the available database
is outdated, and needs to be updated through a frontend method;
please see the FAQ <https://wiki.debian.org/Teams/Dpkg/FAQ>
+ cd -
/build/libtrycatch-perl-oVyW6Y
+ echo 'Check if gcc, g++ & cpp are actually clang'
Check if gcc, g++ & cpp are actually clang
+ gcc --version
+ grep clang
+ grep clang
+ cpp --version
+ grep clang
+ g++ --version

I: Finished running '/tmp/clang8'.

Finished processing commands.
--------------------------------------------------------------------------------
I: NOTICE: Log filtering will replace 'build/libtrycatch-perl-oVyW6Y/resolver-X1Km4u' with '<<RESOLVERDIR>>'

+------------------------------------------------------------------------------+
| Update chroot                                                                |
+------------------------------------------------------------------------------+

Hit:1 http://127.0.0.1:12990/debian sid InRelease
Reading package lists...
Reading package lists...
Building dependency tree...
Reading state information...
Calculating upgrade...
The following packages will be upgraded:
  libgmp10
1 upgraded, 0 newly installed, 0 to remove and 0 not upgraded.
Need to get 253 kB of archives.
After this operation, 0 B of additional disk space will be used.
Get:1 http://127.0.0.1:12990/debian sid/main amd64 libgmp10 amd64 2:6.2.0+dfsg-4 [253 kB]
debconf: delaying package configuration, since apt-utils is not installed
Fetched 253 kB in 0s (4387 kB/s)
(Reading database ... (Reading database ... 5%(Reading database ... 10%(Reading database ... 15%(Reading database ... 20%(Reading database ... 25%(Reading database ... 30%(Reading database ... 35%(Reading database ... 40%(Reading database ... 45%(Reading database ... 50%(Reading database ... 55%(Reading database ... 60%(Reading database ... 65%(Reading database ... 70%(Reading database ... 75%(Reading database ... 80%(Reading database ... 85%(Reading database ... 90%(Reading database ... 95%(Reading database ... 100%(Reading database ... 13887 files and directories currently installed.)
Preparing to unpack .../libgmp10_2%3a6.2.0+dfsg-4_amd64.deb ...
Unpacking libgmp10:amd64 (2:6.2.0+dfsg-4) over (2:6.2.0+dfsg-3) ...
Setting up libgmp10:amd64 (2:6.2.0+dfsg-4) ...
Processing triggers for libc-bin (2.29-10) ...

+------------------------------------------------------------------------------+
| Fetch source files                                                           |
+------------------------------------------------------------------------------+


Check APT
---------

Checking available source versions...

Download source files with APT
------------------------------

Reading package lists...
NOTICE: 'libtrycatch-perl' packaging is maintained in the 'Git' version control system at:
git://anonscm.debian.org/git/pkg-perl/packages/libtrycatch-perl
Please use:
git clone git://anonscm.debian.org/git/pkg-perl/packages/libtrycatch-perl
to retrieve the latest (possibly unreleased) updates to the package.
Need to get 97.1 kB of source archives.
Get:1 http://127.0.0.1:12990/debian sid/main libtrycatch-perl 1.003002-2 (dsc) [2592 B]
Get:2 http://127.0.0.1:12990/debian sid/main libtrycatch-perl 1.003002-2 (tar) [89.8 kB]
Get:3 http://127.0.0.1:12990/debian sid/main libtrycatch-perl 1.003002-2 (diff) [4664 B]
Fetched 97.1 kB in 0s (797 kB/s)
Download complete and in download only mode
I: NOTICE: Log filtering will replace 'build/libtrycatch-perl-oVyW6Y/libtrycatch-perl-1.003002' with '<<PKGBUILDDIR>>'
I: NOTICE: Log filtering will replace 'build/libtrycatch-perl-oVyW6Y' with '<<BUILDDIR>>'

+------------------------------------------------------------------------------+
| Install package build dependencies                                           |
+------------------------------------------------------------------------------+


Setup apt archive
-----------------

Merged Build-Depends: cdbs, devscripts, perl, debhelper, dh-buildinfo, libdevel-declare-perl, libmoose-perl, libmoosex-types-perl, libparse-method-signatures-perl, libscope-upper-perl, libsub-exporter-perl, libvariable-magic-perl, libb-hooks-endofscope-perl (>= 0.12), libb-hooks-op-check-perl (>= 0.18), libb-hooks-op-ppaddr-perl (>= 0.03), libextutils-depends-perl (>= 0.302), libnamespace-clean-perl (>= 0.20), libtest-exception-perl, libxml-sax-expat-perl, libxml-sax-base-perl, build-essential, fakeroot
Filtered Build-Depends: cdbs, devscripts, perl, debhelper, dh-buildinfo, libdevel-declare-perl, libmoose-perl, libmoosex-types-perl, libparse-method-signatures-perl, libscope-upper-perl, libsub-exporter-perl, libvariable-magic-perl, libb-hooks-endofscope-perl (>= 0.12), libb-hooks-op-check-perl (>= 0.18), libb-hooks-op-ppaddr-perl (>= 0.03), libextutils-depends-perl (>= 0.302), libnamespace-clean-perl (>= 0.20), libtest-exception-perl, libxml-sax-expat-perl, libxml-sax-base-perl, build-essential, fakeroot
dpkg-deb: building package 'sbuild-build-depends-main-dummy' in '/<<RESOLVERDIR>>/apt_archive/sbuild-build-depends-main-dummy.deb'.
Ign:1 copy:/<<RESOLVERDIR>>/apt_archive ./ InRelease
Get:2 copy:/<<RESOLVERDIR>>/apt_archive ./ Release [963 B]
Ign:3 copy:/<<RESOLVERDIR>>/apt_archive ./ Release.gpg
Get:4 copy:/<<RESOLVERDIR>>/apt_archive ./ Sources [544 B]
Get:5 copy:/<<RESOLVERDIR>>/apt_archive ./ Packages [625 B]
Fetched 2132 B in 0s (190 kB/s)
Reading package lists...
Reading package lists...

Install main build dependencies (apt-based resolver)
----------------------------------------------------

Installing build dependencies
Reading package lists...
Building dependency tree...
Reading state information...
The following additional packages will be installed:
  autoconf automake autopoint autotools-dev bsdmainutils ca-certificates cdbs
  debhelper devscripts dh-autoreconf dh-buildinfo dh-strip-nondeterminism
  dirmngr dwz file gettext gettext-base gnupg gnupg-l10n gnupg-utils gpg
  gpg-agent gpg-wks-client gpg-wks-server gpgconf gpgsm groff-base
  intltool-debian libalgorithm-c3-perl libarchive-zip-perl libassuan0
  libb-hooks-endofscope-perl libb-hooks-op-check-perl
  libb-hooks-op-ppaddr-perl libcarp-clan-perl libclass-c3-perl
  libclass-load-perl libclass-load-xs-perl libclass-method-modifiers-perl
  libclass-tiny-perl libclone-perl libcroco3 libdata-optlist-perl
  libdebhelper-perl libdevel-callchecker-perl libdevel-declare-perl
  libdevel-globaldestruction-perl libdevel-overloadinfo-perl
  libdevel-partialdump-perl libdevel-stacktrace-perl
  libdist-checkconflicts-perl libdynaloader-functions-perl libelf1
  libencode-locale-perl libeval-closure-perl libexpat1 libexporter-tiny-perl
  libextutils-depends-perl libfile-homedir-perl libfile-listing-perl
  libfile-stripnondeterminism-perl libfile-which-perl libglib2.0-0
  libhtml-parser-perl libhtml-tagset-perl libhtml-tree-perl
  libhttp-cookies-perl libhttp-date-perl libhttp-message-perl
  libhttp-negotiate-perl libicu63 libimport-into-perl libio-html-perl
  libio-pty-perl libio-socket-ssl-perl libio-string-perl libipc-run-perl
  libksba8 libldap-2.4-2 libldap-common liblist-moreutils-perl
  liblwp-mediatypes-perl liblwp-protocol-https-perl libmagic-mgc libmagic1
  libmodule-implementation-perl libmodule-runtime-conflicts-perl
  libmodule-runtime-perl libmoo-perl libmoose-perl libmoosex-traits-perl
  libmoosex-types-perl libmoosex-types-structured-perl libmpdec2
  libmro-compat-perl libnamespace-autoclean-perl libnamespace-clean-perl
  libnet-http-perl libnet-ssleay-perl libnpth0
  libpackage-deprecationmanager-perl libpackage-stash-perl
  libpackage-stash-xs-perl libparams-classify-perl libparams-util-perl
  libparse-method-signatures-perl libpipeline1 libppi-perl libpython3-stdlib
  libpython3.7-minimal libpython3.7-stdlib libreadline8 librole-tiny-perl
  libsasl2-2 libsasl2-modules-db libscope-upper-perl libsigsegv2 libsqlite3-0
  libssl1.1 libstrictures-perl libsub-exporter-formethods-perl
  libsub-exporter-perl libsub-exporter-progressive-perl libsub-identify-perl
  libsub-install-perl libsub-name-perl libsub-override-perl libsub-quote-perl
  libsub-uplevel-perl libtask-weaken-perl libtest-exception-perl
  libtimedate-perl libtool libtry-tiny-perl libuchardet0 liburi-perl
  libvariable-magic-perl libwww-perl libwww-robotrules-perl
  libxml-namespacesupport-perl libxml-parser-perl libxml-sax-base-perl
  libxml-sax-expat-perl libxml-sax-perl libxml2 m4 man-db mime-support netbase
  openssl patchutils perl-openssl-defaults pinentry-curses po-debconf python3
  python3-minimal python3.7 python3.7-minimal readline-common sensible-utils
  ucf wdiff
Suggested packages:
  autoconf-archive gnu-standards autoconf-doc wamerican | wordlist whois
  vacation dh-make adequate autopkgtest bls-standalone bsd-mailx | mailx
  check-all-the-things cvs-buildpackage devscripts-el diffoscope disorderfs
  dose-extra duck faketime gnuplot how-can-i-help libauthen-sasl-perl
  libdbd-pg-perl libfile-desktopentry-perl libnet-smtps-perl libterm-size-perl
  libyaml-syck-perl mozilla-devscripts mutt piuparts postgresql-client quilt
  ratt reprotest ssh-client svn-buildpackage w3m dbus-user-session
  libpam-systemd pinentry-gnome3 tor gettext-doc libasprintf-dev
  libgettextpo-dev parcimonie xloadimage scdaemon groff libdata-dump-perl
  libcrypt-ssleay-perl libscalar-number-perl libbareword-filehandles-perl
  libindirect-perl libmultidimensional-perl libtool-doc gfortran
  | fortran95-compiler gcj-jdk libauthen-ntlm-perl libxml-sax-expatxs-perl
  m4-doc apparmor less www-browser pinentry-doc libmail-box-perl python3-doc
  python3-tk python3-venv python3.7-venv python3.7-doc binfmt-support
  readline-doc wdiff-doc
Recommended packages:
  at dctrl-tools dput | dupload libdistro-info-perl libgit-wrapper-perl
  libgitlab-api-v4-perl liblist-compare-perl libstring-shellquote-perl
  licensecheck lintian python3-apt python3-debian python3-magic
  python3-requests python3-unidiff python3-xdg strace unzip wget | curl
  debian-keyring equivs libsoap-lite-perl curl | wget | lynx
  libclass-c3-xs-perl libdevel-lexalias-perl libarchive-cpio-perl
  libglib2.0-data shared-mime-info xdg-user-dirs libhtml-format-perl
  libclass-xsaccessor-perl libmoosex-role-parameterized-perl libsasl2-modules
  libltdl-dev libdata-dump-perl libhtml-form-perl libhttp-daemon-perl
  libmailtools-perl libmail-sendmail-perl
The following NEW packages will be installed:
  autoconf automake autopoint autotools-dev bsdmainutils ca-certificates cdbs
  debhelper devscripts dh-autoreconf dh-buildinfo dh-strip-nondeterminism
  dirmngr dwz file gettext gettext-base gnupg gnupg-l10n gnupg-utils gpg
  gpg-agent gpg-wks-client gpg-wks-server gpgconf gpgsm groff-base
  intltool-debian libalgorithm-c3-perl libarchive-zip-perl libassuan0
  libb-hooks-endofscope-perl libb-hooks-op-check-perl
  libb-hooks-op-ppaddr-perl libcarp-clan-perl libclass-c3-perl
  libclass-load-perl libclass-load-xs-perl libclass-method-modifiers-perl
  libclass-tiny-perl libclone-perl libcroco3 libdata-optlist-perl
  libdebhelper-perl libdevel-callchecker-perl libdevel-declare-perl
  libdevel-globaldestruction-perl libdevel-overloadinfo-perl
  libdevel-partialdump-perl libdevel-stacktrace-perl
  libdist-checkconflicts-perl libdynaloader-functions-perl libelf1
  libencode-locale-perl libeval-closure-perl libexpat1 libexporter-tiny-perl
  libextutils-depends-perl libfile-homedir-perl libfile-listing-perl
  libfile-stripnondeterminism-perl libfile-which-perl libglib2.0-0
  libhtml-parser-perl libhtml-tagset-perl libhtml-tree-perl
  libhttp-cookies-perl libhttp-date-perl libhttp-message-perl
  libhttp-negotiate-perl libicu63 libimport-into-perl libio-html-perl
  libio-pty-perl libio-socket-ssl-perl libio-string-perl libipc-run-perl
  libksba8 libldap-2.4-2 libldap-common liblist-moreutils-perl
  liblwp-mediatypes-perl liblwp-protocol-https-perl libmagic-mgc libmagic1
  libmodule-implementation-perl libmodule-runtime-conflicts-perl
  libmodule-runtime-perl libmoo-perl libmoose-perl libmoosex-traits-perl
  libmoosex-types-perl libmoosex-types-structured-perl libmpdec2
  libmro-compat-perl libnamespace-autoclean-perl libnamespace-clean-perl
  libnet-http-perl libnet-ssleay-perl libnpth0
  libpackage-deprecationmanager-perl libpackage-stash-perl
  libpackage-stash-xs-perl libparams-classify-perl libparams-util-perl
  libparse-method-signatures-perl libpipeline1 libppi-perl libpython3-stdlib
  libpython3.7-minimal libpython3.7-stdlib libreadline8 librole-tiny-perl
  libsasl2-2 libsasl2-modules-db libscope-upper-perl libsigsegv2 libsqlite3-0
  libssl1.1 libstrictures-perl libsub-exporter-formethods-perl
  libsub-exporter-perl libsub-exporter-progressive-perl libsub-identify-perl
  libsub-install-perl libsub-name-perl libsub-override-perl libsub-quote-perl
  libsub-uplevel-perl libtask-weaken-perl libtest-exception-perl
  libtimedate-perl libtool libtry-tiny-perl libuchardet0 liburi-perl
  libvariable-magic-perl libwww-perl libwww-robotrules-perl
  libxml-namespacesupport-perl libxml-parser-perl libxml-sax-base-perl
  libxml-sax-expat-perl libxml-sax-perl libxml2 m4 man-db mime-support netbase
  openssl patchutils perl-openssl-defaults pinentry-curses po-debconf python3
  python3-minimal python3.7 python3.7-minimal readline-common
  sbuild-build-depends-main-dummy sensible-utils ucf wdiff
0 upgraded, 163 newly installed, 0 to remove and 0 not upgraded.
Need to get 40.9 MB of archives.
After this operation, 135 MB of additional disk space will be used.
Get:1 copy:/<<RESOLVERDIR>>/apt_archive ./ sbuild-build-depends-main-dummy 0.invalid.0 [1064 B]
Get:2 http://127.0.0.1:12990/debian sid/main amd64 bsdmainutils amd64 11.1.2+b1 [191 kB]
Get:3 http://127.0.0.1:12990/debian sid/main amd64 libuchardet0 amd64 0.0.6-3 [64.9 kB]
Get:4 http://127.0.0.1:12990/debian sid/main amd64 groff-base amd64 1.22.4-4 [919 kB]
Get:5 http://127.0.0.1:12990/debian sid/main amd64 libpipeline1 amd64 1.5.2-2 [33.9 kB]
Get:6 http://127.0.0.1:12990/debian sid/main amd64 man-db amd64 2.9.0-2 [1307 kB]
Get:7 http://127.0.0.1:12990/debian sid/main amd64 libssl1.1 amd64 1.1.1d-2 [1540 kB]
Get:8 http://127.0.0.1:12990/debian sid/main amd64 libpython3.7-minimal amd64 3.7.6-1+b1 [591 kB]
Get:9 http://127.0.0.1:12990/debian sid/main amd64 libexpat1 amd64 2.2.9-1 [94.3 kB]
Get:10 http://127.0.0.1:12990/debian sid/main amd64 python3.7-minimal amd64 3.7.6-1+b1 [1813 kB]
Get:11 http://127.0.0.1:12990/debian sid/main amd64 python3-minimal amd64 3.7.5-3 [36.8 kB]
Get:12 http://127.0.0.1:12990/debian sid/main amd64 mime-support all 3.64 [37.8 kB]
Get:13 http://127.0.0.1:12990/debian sid/main amd64 libmpdec2 amd64 2.4.2-2 [87.2 kB]
Get:14 http://127.0.0.1:12990/debian sid/main amd64 readline-common all 8.0-3 [72.5 kB]
Get:15 http://127.0.0.1:12990/debian sid/main amd64 libreadline8 amd64 8.0-3 [160 kB]
Get:16 http://127.0.0.1:12990/debian sid/main amd64 libsqlite3-0 amd64 3.31.1-3 [661 kB]
Get:17 http://127.0.0.1:12990/debian sid/main amd64 libpython3.7-stdlib amd64 3.7.6-1+b1 [1735 kB]
Get:18 http://127.0.0.1:12990/debian sid/main amd64 python3.7 amd64 3.7.6-1+b1 [351 kB]
Get:19 http://127.0.0.1:12990/debian sid/main amd64 libpython3-stdlib amd64 3.7.5-3 [20.2 kB]
Get:20 http://127.0.0.1:12990/debian sid/main amd64 python3 amd64 3.7.5-3 [62.1 kB]
Get:21 http://127.0.0.1:12990/debian sid/main amd64 netbase all 6.1 [19.9 kB]
Get:22 http://127.0.0.1:12990/debian sid/main amd64 sensible-utils all 0.0.12+nmu1 [16.0 kB]
Get:23 http://127.0.0.1:12990/debian sid/main amd64 libmagic-mgc amd64 1:5.38-4 [262 kB]
Get:24 http://127.0.0.1:12990/debian sid/main amd64 libmagic1 amd64 1:5.38-4 [120 kB]
Get:25 http://127.0.0.1:12990/debian sid/main amd64 file amd64 1:5.38-4 [67.9 kB]
Get:26 http://127.0.0.1:12990/debian sid/main amd64 gettext-base amd64 0.19.8.1-10 [123 kB]
Get:27 http://127.0.0.1:12990/debian sid/main amd64 ucf all 3.0038+nmu1 [69.0 kB]
Get:28 http://127.0.0.1:12990/debian sid/main amd64 libsigsegv2 amd64 2.12-2 [32.8 kB]
Get:29 http://127.0.0.1:12990/debian sid/main amd64 m4 amd64 1.4.18-4 [203 kB]
Get:30 http://127.0.0.1:12990/debian sid/main amd64 autoconf all 2.69-11.1 [341 kB]
Get:31 http://127.0.0.1:12990/debian sid/main amd64 autotools-dev all 20180224.1 [77.0 kB]
Get:32 http://127.0.0.1:12990/debian sid/main amd64 automake all 1:1.16.1-4 [771 kB]
Get:33 http://127.0.0.1:12990/debian sid/main amd64 autopoint all 0.19.8.1-10 [435 kB]
Get:34 http://127.0.0.1:12990/debian sid/main amd64 openssl amd64 1.1.1d-2 [840 kB]
Get:35 http://127.0.0.1:12990/debian sid/main amd64 ca-certificates all 20190110 [157 kB]
Get:36 http://127.0.0.1:12990/debian sid/main amd64 cdbs all 0.4.159 [83.7 kB]
Get:37 http://127.0.0.1:12990/debian sid/main amd64 libtool all 2.4.6-13 [513 kB]
Get:38 http://127.0.0.1:12990/debian sid/main amd64 dh-autoreconf all 19 [16.9 kB]
Get:39 http://127.0.0.1:12990/debian sid/main amd64 libdebhelper-perl all 12.9 [183 kB]
Get:40 http://127.0.0.1:12990/debian sid/main amd64 libarchive-zip-perl all 1.67-1 [104 kB]
Get:41 http://127.0.0.1:12990/debian sid/main amd64 libsub-override-perl all 0.09-2 [10.2 kB]
Get:42 http://127.0.0.1:12990/debian sid/main amd64 libfile-stripnondeterminism-perl all 1.6.3-2 [23.7 kB]
Get:43 http://127.0.0.1:12990/debian sid/main amd64 dh-strip-nondeterminism all 1.6.3-2 [14.7 kB]
Get:44 http://127.0.0.1:12990/debian sid/main amd64 libelf1 amd64 0.176-1.1 [161 kB]
Get:45 http://127.0.0.1:12990/debian sid/main amd64 dwz amd64 0.13-5 [151 kB]
Get:46 http://127.0.0.1:12990/debian sid/main amd64 libglib2.0-0 amd64 2.62.4-2 [1319 kB]
Get:47 http://127.0.0.1:12990/debian sid/main amd64 libicu63 amd64 63.2-2 [8301 kB]
Get:48 http://127.0.0.1:12990/debian sid/main amd64 libxml2 amd64 2.9.10+dfsg-3 [709 kB]
Get:49 http://127.0.0.1:12990/debian sid/main amd64 libcroco3 amd64 0.6.13-1 [146 kB]
Get:50 http://127.0.0.1:12990/debian sid/main amd64 gettext amd64 0.19.8.1-10 [1303 kB]
Get:51 http://127.0.0.1:12990/debian sid/main amd64 intltool-debian all 0.35.0+20060710.5 [26.8 kB]
Get:52 http://127.0.0.1:12990/debian sid/main amd64 po-debconf all 1.0.21 [248 kB]
Get:53 http://127.0.0.1:12990/debian sid/main amd64 debhelper all 12.9 [994 kB]
Get:54 http://127.0.0.1:12990/debian sid/main amd64 libassuan0 amd64 2.5.3-7 [50.4 kB]
Get:55 http://127.0.0.1:12990/debian sid/main amd64 gpgconf amd64 2.2.19-1 [529 kB]
Get:56 http://127.0.0.1:12990/debian sid/main amd64 libksba8 amd64 1.3.5-2 [99.7 kB]
Get:57 http://127.0.0.1:12990/debian sid/main amd64 libsasl2-modules-db amd64 2.1.27+dfsg-2 [69.0 kB]
Get:58 http://127.0.0.1:12990/debian sid/main amd64 libsasl2-2 amd64 2.1.27+dfsg-2 [106 kB]
Get:59 http://127.0.0.1:12990/debian sid/main amd64 libldap-common all 2.4.49+dfsg-1 [91.9 kB]
Get:60 http://127.0.0.1:12990/debian sid/main amd64 libldap-2.4-2 amd64 2.4.49+dfsg-1 [226 kB]
Get:61 http://127.0.0.1:12990/debian sid/main amd64 libnpth0 amd64 1.6-1 [18.4 kB]
Get:62 http://127.0.0.1:12990/debian sid/main amd64 dirmngr amd64 2.2.19-1 [736 kB]
Get:63 http://127.0.0.1:12990/debian sid/main amd64 gnupg-l10n all 2.2.19-1 [1040 kB]
Get:64 http://127.0.0.1:12990/debian sid/main amd64 gnupg-utils amd64 2.2.19-1 [884 kB]
Get:65 http://127.0.0.1:12990/debian sid/main amd64 gpg amd64 2.2.19-1 [889 kB]
Get:66 http://127.0.0.1:12990/debian sid/main amd64 pinentry-curses amd64 1.1.0-3+b1 [65.0 kB]
Get:67 http://127.0.0.1:12990/debian sid/main amd64 gpg-agent amd64 2.2.19-1 [638 kB]
Get:68 http://127.0.0.1:12990/debian sid/main amd64 gpg-wks-client amd64 2.2.19-1 [504 kB]
Get:69 http://127.0.0.1:12990/debian sid/main amd64 gpg-wks-server amd64 2.2.19-1 [497 kB]
Get:70 http://127.0.0.1:12990/debian sid/main amd64 gpgsm amd64 2.2.19-1 [624 kB]
Get:71 http://127.0.0.1:12990/debian sid/main amd64 gnupg all 2.2.19-1 [745 kB]
Get:72 http://127.0.0.1:12990/debian sid/main amd64 libfile-which-perl all 1.23-1 [16.6 kB]
Get:73 http://127.0.0.1:12990/debian sid/main amd64 libfile-homedir-perl all 1.004-1 [42.7 kB]
Get:74 http://127.0.0.1:12990/debian sid/main amd64 libio-pty-perl amd64 1:1.12-1 [36.3 kB]
Get:75 http://127.0.0.1:12990/debian sid/main amd64 libipc-run-perl all 20180523.0-2 [101 kB]
Get:76 http://127.0.0.1:12990/debian sid/main amd64 libclass-method-modifiers-perl all 2.13-1 [19.2 kB]
Get:77 http://127.0.0.1:12990/debian sid/main amd64 libb-hooks-op-check-perl amd64 0.22-1+b2 [11.3 kB]
Get:78 http://127.0.0.1:12990/debian sid/main amd64 libdynaloader-functions-perl all 0.003-1 [12.6 kB]
Get:79 http://127.0.0.1:12990/debian sid/main amd64 libdevel-callchecker-perl amd64 0.008-1+b1 [15.9 kB]
Get:80 http://127.0.0.1:12990/debian sid/main amd64 libparams-classify-perl amd64 0.015-1+b2 [25.6 kB]
Get:81 http://127.0.0.1:12990/debian sid/main amd64 libmodule-runtime-perl all 0.016-1 [19.4 kB]
Get:82 http://127.0.0.1:12990/debian sid/main amd64 libimport-into-perl all 1.002005-1 [11.6 kB]
Get:83 http://127.0.0.1:12990/debian sid/main amd64 librole-tiny-perl all 2.001004-1 [20.8 kB]
Get:84 http://127.0.0.1:12990/debian sid/main amd64 libstrictures-perl all 2.000006-1 [18.6 kB]
Get:85 http://127.0.0.1:12990/debian sid/main amd64 libsub-quote-perl all 2.006006-1 [21.0 kB]
Get:86 http://127.0.0.1:12990/debian sid/main amd64 libmoo-perl all 2.003006-1 [58.7 kB]
Get:87 http://127.0.0.1:12990/debian sid/main amd64 libencode-locale-perl all 1.05-1 [13.7 kB]
Get:88 http://127.0.0.1:12990/debian sid/main amd64 libtimedate-perl all 2.3100-1 [39.0 kB]
Get:89 http://127.0.0.1:12990/debian sid/main amd64 libhttp-date-perl all 6.05-1 [10.4 kB]
Get:90 http://127.0.0.1:12990/debian sid/main amd64 libfile-listing-perl all 6.04-1 [10.3 kB]
Get:91 http://127.0.0.1:12990/debian sid/main amd64 libhtml-tagset-perl all 3.20-4 [13.0 kB]
Get:92 http://127.0.0.1:12990/debian sid/main amd64 liburi-perl all 1.76-2 [90.2 kB]
Get:93 http://127.0.0.1:12990/debian sid/main amd64 libhtml-parser-perl amd64 3.72-5 [105 kB]
Get:94 http://127.0.0.1:12990/debian sid/main amd64 libhtml-tree-perl all 5.07-2 [213 kB]
Get:95 http://127.0.0.1:12990/debian sid/main amd64 libio-html-perl all 1.001-1 [17.6 kB]
Get:96 http://127.0.0.1:12990/debian sid/main amd64 liblwp-mediatypes-perl all 6.04-1 [19.9 kB]
Get:97 http://127.0.0.1:12990/debian sid/main amd64 libhttp-message-perl all 6.18-1 [77.8 kB]
Get:98 http://127.0.0.1:12990/debian sid/main amd64 libhttp-cookies-perl all 6.08-1 [19.3 kB]
Get:99 http://127.0.0.1:12990/debian sid/main amd64 libhttp-negotiate-perl all 6.01-1 [12.8 kB]
Get:100 http://127.0.0.1:12990/debian sid/main amd64 perl-openssl-defaults amd64 4 [7148 B]
Get:101 http://127.0.0.1:12990/debian sid/main amd64 libnet-ssleay-perl amd64 1.88-2 [321 kB]
Get:102 http://127.0.0.1:12990/debian sid/main amd64 libio-socket-ssl-perl all 2.067-1 [212 kB]
Get:103 http://127.0.0.1:12990/debian sid/main amd64 libnet-http-perl all 6.19-1 [24.8 kB]
Get:104 http://127.0.0.1:12990/debian sid/main amd64 liblwp-protocol-https-perl all 6.07-2 [9242 B]
Get:105 http://127.0.0.1:12990/debian sid/main amd64 libtry-tiny-perl all 0.30-1 [23.3 kB]
Get:106 http://127.0.0.1:12990/debian sid/main amd64 libwww-robotrules-perl all 6.02-1 [12.9 kB]
Get:107 http://127.0.0.1:12990/debian sid/main amd64 libwww-perl all 6.43-1 [191 kB]
Get:108 http://127.0.0.1:12990/debian sid/main amd64 patchutils amd64 0.3.4-2+b1 [91.4 kB]
Get:109 http://127.0.0.1:12990/debian sid/main amd64 wdiff amd64 1.2.2-2+b1 [122 kB]
Get:110 http://127.0.0.1:12990/debian sid/main amd64 devscripts amd64 2.20.2 [1053 kB]
Get:111 http://127.0.0.1:12990/debian sid/main amd64 dh-buildinfo all 0.11+nmu2 [18.4 kB]
Get:112 http://127.0.0.1:12990/debian sid/main amd64 libalgorithm-c3-perl all 0.10-1 [12.0 kB]
Get:113 http://127.0.0.1:12990/debian sid/main amd64 libmodule-implementation-perl all 0.09-1 [12.9 kB]
Get:114 http://127.0.0.1:12990/debian sid/main amd64 libsub-exporter-progressive-perl all 0.001013-1 [7588 B]
Get:115 http://127.0.0.1:12990/debian sid/main amd64 libvariable-magic-perl amd64 0.62-1+b2 [46.0 kB]
Get:116 http://127.0.0.1:12990/debian sid/main amd64 libb-hooks-endofscope-perl all 0.24-1 [18.6 kB]
Get:117 http://127.0.0.1:12990/debian sid/main amd64 libb-hooks-op-ppaddr-perl amd64 0.06-1+b2 [11.1 kB]
Get:118 http://127.0.0.1:12990/debian sid/main amd64 libcarp-clan-perl all 6.08-1 [15.6 kB]
Get:119 http://127.0.0.1:12990/debian sid/main amd64 libclass-c3-perl all 0.34-1 [22.4 kB]
Get:120 http://127.0.0.1:12990/debian sid/main amd64 libparams-util-perl amd64 1.07-3+b5 [22.9 kB]
Get:121 http://127.0.0.1:12990/debian sid/main amd64 libsub-install-perl all 0.928-1 [11.4 kB]
Get:122 http://127.0.0.1:12990/debian sid/main amd64 libdata-optlist-perl all 0.110-1 [10.6 kB]
Get:123 http://127.0.0.1:12990/debian sid/main amd64 libpackage-stash-perl all 0.38-1 [21.7 kB]
Get:124 http://127.0.0.1:12990/debian sid/main amd64 libclass-load-perl all 0.25-1 [16.1 kB]
Get:125 http://127.0.0.1:12990/debian sid/main amd64 libclass-load-xs-perl amd64 0.10-1+b4 [14.8 kB]
Get:126 http://127.0.0.1:12990/debian sid/main amd64 libclass-tiny-perl all 1.006-1 [18.8 kB]
Get:127 http://127.0.0.1:12990/debian sid/main amd64 libclone-perl amd64 0.43-2 [15.0 kB]
Get:128 http://127.0.0.1:12990/debian sid/main amd64 libsub-name-perl amd64 0.26-1 [13.5 kB]
Get:129 http://127.0.0.1:12990/debian sid/main amd64 libdevel-declare-perl amd64 0.006019-1+b2 [37.1 kB]
Get:130 http://127.0.0.1:12990/debian sid/main amd64 libdevel-globaldestruction-perl all 0.14-1 [8084 B]
Get:131 http://127.0.0.1:12990/debian sid/main amd64 libmro-compat-perl all 0.13-1 [12.2 kB]
Get:132 http://127.0.0.1:12990/debian sid/main amd64 libsub-identify-perl amd64 0.14-1+b2 [12.0 kB]
Get:133 http://127.0.0.1:12990/debian sid/main amd64 libdevel-overloadinfo-perl all 0.005-1 [7212 B]
Get:134 http://127.0.0.1:12990/debian sid/main amd64 libnamespace-clean-perl all 0.27-1 [17.3 kB]
Get:135 http://127.0.0.1:12990/debian sid/main amd64 libsub-exporter-perl all 0.987-1 [47.2 kB]
Get:136 http://127.0.0.1:12990/debian sid/main amd64 libdevel-partialdump-perl all 0.20-1 [15.3 kB]
Get:137 http://127.0.0.1:12990/debian sid/main amd64 libdevel-stacktrace-perl all 2.0400-1 [28.6 kB]
Get:138 http://127.0.0.1:12990/debian sid/main amd64 libdist-checkconflicts-perl all 0.11-1 [10.8 kB]
Get:139 http://127.0.0.1:12990/debian sid/main amd64 libeval-closure-perl all 0.14-1 [11.5 kB]
Get:140 http://127.0.0.1:12990/debian sid/main amd64 libexporter-tiny-perl all 1.002001-1 [36.9 kB]
Get:141 http://127.0.0.1:12990/debian sid/main amd64 libextutils-depends-perl all 0.8000-1 [18.9 kB]
Get:142 http://127.0.0.1:12990/debian sid/main amd64 libio-string-perl all 1.08-3 [12.3 kB]
Get:143 http://127.0.0.1:12990/debian sid/main amd64 liblist-moreutils-perl amd64 0.416-1+b5 [63.6 kB]
Get:144 http://127.0.0.1:12990/debian sid/main amd64 libmodule-runtime-conflicts-perl all 0.003-1 [6882 B]
Get:145 http://127.0.0.1:12990/debian sid/main amd64 libpackage-deprecationmanager-perl all 0.17-1 [16.4 kB]
Get:146 http://127.0.0.1:12990/debian sid/main amd64 libpackage-stash-xs-perl amd64 0.29-1+b1 [20.2 kB]
Get:147 http://127.0.0.1:12990/debian sid/main amd64 libmoose-perl amd64 2.2012-2 [805 kB]
Get:148 http://127.0.0.1:12990/debian sid/main amd64 libnamespace-autoclean-perl all 0.29-1 [15.0 kB]
Get:149 http://127.0.0.1:12990/debian sid/main amd64 libmoosex-traits-perl all 0.13-2 [12.6 kB]
Get:150 http://127.0.0.1:12990/debian sid/main amd64 libsub-exporter-formethods-perl all 0.100052-1 [7598 B]
Get:151 http://127.0.0.1:12990/debian sid/main amd64 libmoosex-types-perl all 0.50-1 [54.2 kB]
Get:152 http://127.0.0.1:12990/debian sid/main amd64 libmoosex-types-structured-perl all 0.36-1 [36.0 kB]
Get:153 http://127.0.0.1:12990/debian sid/main amd64 libtask-weaken-perl all 1.06-1 [9252 B]
Get:154 http://127.0.0.1:12990/debian sid/main amd64 libppi-perl all 1.270-1 [317 kB]
Get:155 http://127.0.0.1:12990/debian sid/main amd64 libparse-method-signatures-perl all 1.003019-1 [24.7 kB]
Get:156 http://127.0.0.1:12990/debian sid/main amd64 libscope-upper-perl amd64 0.32-1+b1 [44.9 kB]
Get:157 http://127.0.0.1:12990/debian sid/main amd64 libsub-uplevel-perl all 0.2800-1 [16.3 kB]
Get:158 http://127.0.0.1:12990/debian sid/main amd64 libtest-exception-perl all 0.43-1 [18.7 kB]
Get:159 http://127.0.0.1:12990/debian sid/main amd64 libxml-namespacesupport-perl all 1.12-1 [14.8 kB]
Get:160 http://127.0.0.1:12990/debian sid/main amd64 libxml-parser-perl amd64 2.46-1+b1 [207 kB]
Get:161 http://127.0.0.1:12990/debian sid/main amd64 libxml-sax-base-perl all 1.09-1 [20.4 kB]
Get:162 http://127.0.0.1:12990/debian sid/main amd64 libxml-sax-perl all 1.02+dfsg-1 [59.0 kB]
Get:163 http://127.0.0.1:12990/debian sid/main amd64 libxml-sax-expat-perl all 0.51-1 [12.0 kB]
debconf: delaying package configuration, since apt-utils is not installed
Fetched 40.9 MB in 1s (33.5 MB/s)
Selecting previously unselected package bsdmainutils.
(Reading database ... 13887 files and directories currently installed.)
Preparing to unpack .../0-bsdmainutils_11.1.2+b1_amd64.deb ...
Unpacking bsdmainutils (11.1.2+b1) ...
Selecting previously unselected package libuchardet0:amd64.
Preparing to unpack .../1-libuchardet0_0.0.6-3_amd64.deb ...
Unpacking libuchardet0:amd64 (0.0.6-3) ...
Selecting previously unselected package groff-base.
Preparing to unpack .../2-groff-base_1.22.4-4_amd64.deb ...
Unpacking groff-base (1.22.4-4) ...
Selecting previously unselected package libpipeline1:amd64.
Preparing to unpack .../3-libpipeline1_1.5.2-2_amd64.deb ...
Unpacking libpipeline1:amd64 (1.5.2-2) ...
Selecting previously unselected package man-db.
Preparing to unpack .../4-man-db_2.9.0-2_amd64.deb ...
Unpacking man-db (2.9.0-2) ...
Selecting previously unselected package libssl1.1:amd64.
Preparing to unpack .../5-libssl1.1_1.1.1d-2_amd64.deb ...
Unpacking libssl1.1:amd64 (1.1.1d-2) ...
Selecting previously unselected package libpython3.7-minimal:amd64.
Preparing to unpack .../6-libpython3.7-minimal_3.7.6-1+b1_amd64.deb ...
Unpacking libpython3.7-minimal:amd64 (3.7.6-1+b1) ...
Selecting previously unselected package libexpat1:amd64.
Preparing to unpack .../7-libexpat1_2.2.9-1_amd64.deb ...
Unpacking libexpat1:amd64 (2.2.9-1) ...
Selecting previously unselected package python3.7-minimal.
Preparing to unpack .../8-python3.7-minimal_3.7.6-1+b1_amd64.deb ...
Unpacking python3.7-minimal (3.7.6-1+b1) ...
Setting up libssl1.1:amd64 (1.1.1d-2) ...
Setting up libpython3.7-minimal:amd64 (3.7.6-1+b1) ...
Setting up libexpat1:amd64 (2.2.9-1) ...
Setting up python3.7-minimal (3.7.6-1+b1) ...
Selecting previously unselected package python3-minimal.
(Reading database ... 14796 files and directories currently installed.)
Preparing to unpack .../0-python3-minimal_3.7.5-3_amd64.deb ...
Unpacking python3-minimal (3.7.5-3) ...
Selecting previously unselected package mime-support.
Preparing to unpack .../1-mime-support_3.64_all.deb ...
Unpacking mime-support (3.64) ...
Selecting previously unselected package libmpdec2:amd64.
Preparing to unpack .../2-libmpdec2_2.4.2-2_amd64.deb ...
Unpacking libmpdec2:amd64 (2.4.2-2) ...
Selecting previously unselected package readline-common.
Preparing to unpack .../3-readline-common_8.0-3_all.deb ...
Unpacking readline-common (8.0-3) ...
Selecting previously unselected package libreadline8:amd64.
Preparing to unpack .../4-libreadline8_8.0-3_amd64.deb ...
Unpacking libreadline8:amd64 (8.0-3) ...
Selecting previously unselected package libsqlite3-0:amd64.
Preparing to unpack .../5-libsqlite3-0_3.31.1-3_amd64.deb ...
Unpacking libsqlite3-0:amd64 (3.31.1-3) ...
Selecting previously unselected package libpython3.7-stdlib:amd64.
Preparing to unpack .../6-libpython3.7-stdlib_3.7.6-1+b1_amd64.deb ...
Unpacking libpython3.7-stdlib:amd64 (3.7.6-1+b1) ...
Selecting previously unselected package python3.7.
Preparing to unpack .../7-python3.7_3.7.6-1+b1_amd64.deb ...
Unpacking python3.7 (3.7.6-1+b1) ...
Selecting previously unselected package libpython3-stdlib:amd64.
Preparing to unpack .../8-libpython3-stdlib_3.7.5-3_amd64.deb ...
Unpacking libpython3-stdlib:amd64 (3.7.5-3) ...
Setting up python3-minimal (3.7.5-3) ...
Selecting previously unselected package python3.
(Reading database ... 15267 files and directories currently installed.)
Preparing to unpack .../000-python3_3.7.5-3_amd64.deb ...
Unpacking python3 (3.7.5-3) ...
Selecting previously unselected package netbase.
Preparing to unpack .../001-netbase_6.1_all.deb ...
Unpacking netbase (6.1) ...
Selecting previously unselected package sensible-utils.
Preparing to unpack .../002-sensible-utils_0.0.12+nmu1_all.deb ...
Unpacking sensible-utils (0.0.12+nmu1) ...
Selecting previously unselected package libmagic-mgc.
Preparing to unpack .../003-libmagic-mgc_1%3a5.38-4_amd64.deb ...
Unpacking libmagic-mgc (1:5.38-4) ...
Selecting previously unselected package libmagic1:amd64.
Preparing to unpack .../004-libmagic1_1%3a5.38-4_amd64.deb ...
Unpacking libmagic1:amd64 (1:5.38-4) ...
Selecting previously unselected package file.
Preparing to unpack .../005-file_1%3a5.38-4_amd64.deb ...
Unpacking file (1:5.38-4) ...
Selecting previously unselected package gettext-base.
Preparing to unpack .../006-gettext-base_0.19.8.1-10_amd64.deb ...
Unpacking gettext-base (0.19.8.1-10) ...
Selecting previously unselected package ucf.
Preparing to unpack .../007-ucf_3.0038+nmu1_all.deb ...
Moving old data out of the way
Unpacking ucf (3.0038+nmu1) ...
Selecting previously unselected package libsigsegv2:amd64.
Preparing to unpack .../008-libsigsegv2_2.12-2_amd64.deb ...
Unpacking libsigsegv2:amd64 (2.12-2) ...
Selecting previously unselected package m4.
Preparing to unpack .../009-m4_1.4.18-4_amd64.deb ...
Unpacking m4 (1.4.18-4) ...
Selecting previously unselected package autoconf.
Preparing to unpack .../010-autoconf_2.69-11.1_all.deb ...
Unpacking autoconf (2.69-11.1) ...
Selecting previously unselected package autotools-dev.
Preparing to unpack .../011-autotools-dev_20180224.1_all.deb ...
Unpacking autotools-dev (20180224.1) ...
Selecting previously unselected package automake.
Preparing to unpack .../012-automake_1%3a1.16.1-4_all.deb ...
Unpacking automake (1:1.16.1-4) ...
Selecting previously unselected package autopoint.
Preparing to unpack .../013-autopoint_0.19.8.1-10_all.deb ...
Unpacking autopoint (0.19.8.1-10) ...
Selecting previously unselected package openssl.
Preparing to unpack .../014-openssl_1.1.1d-2_amd64.deb ...
Unpacking openssl (1.1.1d-2) ...
Selecting previously unselected package ca-certificates.
Preparing to unpack .../015-ca-certificates_20190110_all.deb ...
Unpacking ca-certificates (20190110) ...
Selecting previously unselected package cdbs.
Preparing to unpack .../016-cdbs_0.4.159_all.deb ...
Unpacking cdbs (0.4.159) ...
Selecting previously unselected package libtool.
Preparing to unpack .../017-libtool_2.4.6-13_all.deb ...
Unpacking libtool (2.4.6-13) ...
Selecting previously unselected package dh-autoreconf.
Preparing to unpack .../018-dh-autoreconf_19_all.deb ...
Unpacking dh-autoreconf (19) ...
Selecting previously unselected package libdebhelper-perl.
Preparing to unpack .../019-libdebhelper-perl_12.9_all.deb ...
Unpacking libdebhelper-perl (12.9) ...
Selecting previously unselected package libarchive-zip-perl.
Preparing to unpack .../020-libarchive-zip-perl_1.67-1_all.deb ...
Unpacking libarchive-zip-perl (1.67-1) ...
Selecting previously unselected package libsub-override-perl.
Preparing to unpack .../021-libsub-override-perl_0.09-2_all.deb ...
Unpacking libsub-override-perl (0.09-2) ...
Selecting previously unselected package libfile-stripnondeterminism-perl.
Preparing to unpack .../022-libfile-stripnondeterminism-perl_1.6.3-2_all.deb ...
Unpacking libfile-stripnondeterminism-perl (1.6.3-2) ...
Selecting previously unselected package dh-strip-nondeterminism.
Preparing to unpack .../023-dh-strip-nondeterminism_1.6.3-2_all.deb ...
Unpacking dh-strip-nondeterminism (1.6.3-2) ...
Selecting previously unselected package libelf1:amd64.
Preparing to unpack .../024-libelf1_0.176-1.1_amd64.deb ...
Unpacking libelf1:amd64 (0.176-1.1) ...
Selecting previously unselected package dwz.
Preparing to unpack .../025-dwz_0.13-5_amd64.deb ...
Unpacking dwz (0.13-5) ...
Selecting previously unselected package libglib2.0-0:amd64.
Preparing to unpack .../026-libglib2.0-0_2.62.4-2_amd64.deb ...
Unpacking libglib2.0-0:amd64 (2.62.4-2) ...
Selecting previously unselected package libicu63:amd64.
Preparing to unpack .../027-libicu63_63.2-2_amd64.deb ...
Unpacking libicu63:amd64 (63.2-2) ...
Selecting previously unselected package libxml2:amd64.
Preparing to unpack .../028-libxml2_2.9.10+dfsg-3_amd64.deb ...
Unpacking libxml2:amd64 (2.9.10+dfsg-3) ...
Selecting previously unselected package libcroco3:amd64.
Preparing to unpack .../029-libcroco3_0.6.13-1_amd64.deb ...
Unpacking libcroco3:amd64 (0.6.13-1) ...
Selecting previously unselected package gettext.
Preparing to unpack .../030-gettext_0.19.8.1-10_amd64.deb ...
Unpacking gettext (0.19.8.1-10) ...
Selecting previously unselected package intltool-debian.
Preparing to unpack .../031-intltool-debian_0.35.0+20060710.5_all.deb ...
Unpacking intltool-debian (0.35.0+20060710.5) ...
Selecting previously unselected package po-debconf.
Preparing to unpack .../032-po-debconf_1.0.21_all.deb ...
Unpacking po-debconf (1.0.21) ...
Selecting previously unselected package debhelper.
Preparing to unpack .../033-debhelper_12.9_all.deb ...
Unpacking debhelper (12.9) ...
Selecting previously unselected package libassuan0:amd64.
Preparing to unpack .../034-libassuan0_2.5.3-7_amd64.deb ...
Unpacking libassuan0:amd64 (2.5.3-7) ...
Selecting previously unselected package gpgconf.
Preparing to unpack .../035-gpgconf_2.2.19-1_amd64.deb ...
Unpacking gpgconf (2.2.19-1) ...
Selecting previously unselected package libksba8:amd64.
Preparing to unpack .../036-libksba8_1.3.5-2_amd64.deb ...
Unpacking libksba8:amd64 (1.3.5-2) ...
Selecting previously unselected package libsasl2-modules-db:amd64.
Preparing to unpack .../037-libsasl2-modules-db_2.1.27+dfsg-2_amd64.deb ...
Unpacking libsasl2-modules-db:amd64 (2.1.27+dfsg-2) ...
Selecting previously unselected package libsasl2-2:amd64.
Preparing to unpack .../038-libsasl2-2_2.1.27+dfsg-2_amd64.deb ...
Unpacking libsasl2-2:amd64 (2.1.27+dfsg-2) ...
Selecting previously unselected package libldap-common.
Preparing to unpack .../039-libldap-common_2.4.49+dfsg-1_all.deb ...
Unpacking libldap-common (2.4.49+dfsg-1) ...
Selecting previously unselected package libldap-2.4-2:amd64.
Preparing to unpack .../040-libldap-2.4-2_2.4.49+dfsg-1_amd64.deb ...
Unpacking libldap-2.4-2:amd64 (2.4.49+dfsg-1) ...
Selecting previously unselected package libnpth0:amd64.
Preparing to unpack .../041-libnpth0_1.6-1_amd64.deb ...
Unpacking libnpth0:amd64 (1.6-1) ...
Selecting previously unselected package dirmngr.
Preparing to unpack .../042-dirmngr_2.2.19-1_amd64.deb ...
Unpacking dirmngr (2.2.19-1) ...
Selecting previously unselected package gnupg-l10n.
Preparing to unpack .../043-gnupg-l10n_2.2.19-1_all.deb ...
Unpacking gnupg-l10n (2.2.19-1) ...
Selecting previously unselected package gnupg-utils.
Preparing to unpack .../044-gnupg-utils_2.2.19-1_amd64.deb ...
Unpacking gnupg-utils (2.2.19-1) ...
Selecting previously unselected package gpg.
Preparing to unpack .../045-gpg_2.2.19-1_amd64.deb ...
Unpacking gpg (2.2.19-1) ...
Selecting previously unselected package pinentry-curses.
Preparing to unpack .../046-pinentry-curses_1.1.0-3+b1_amd64.deb ...
Unpacking pinentry-curses (1.1.0-3+b1) ...
Selecting previously unselected package gpg-agent.
Preparing to unpack .../047-gpg-agent_2.2.19-1_amd64.deb ...
Unpacking gpg-agent (2.2.19-1) ...
Selecting previously unselected package gpg-wks-client.
Preparing to unpack .../048-gpg-wks-client_2.2.19-1_amd64.deb ...
Unpacking gpg-wks-client (2.2.19-1) ...
Selecting previously unselected package gpg-wks-server.
Preparing to unpack .../049-gpg-wks-server_2.2.19-1_amd64.deb ...
Unpacking gpg-wks-server (2.2.19-1) ...
Selecting previously unselected package gpgsm.
Preparing to unpack .../050-gpgsm_2.2.19-1_amd64.deb ...
Unpacking gpgsm (2.2.19-1) ...
Selecting previously unselected package gnupg.
Preparing to unpack .../051-gnupg_2.2.19-1_all.deb ...
Unpacking gnupg (2.2.19-1) ...
Selecting previously unselected package libfile-which-perl.
Preparing to unpack .../052-libfile-which-perl_1.23-1_all.deb ...
Unpacking libfile-which-perl (1.23-1) ...
Selecting previously unselected package libfile-homedir-perl.
Preparing to unpack .../053-libfile-homedir-perl_1.004-1_all.deb ...
Unpacking libfile-homedir-perl (1.004-1) ...
Selecting previously unselected package libio-pty-perl.
Preparing to unpack .../054-libio-pty-perl_1%3a1.12-1_amd64.deb ...
Unpacking libio-pty-perl (1:1.12-1) ...
Selecting previously unselected package libipc-run-perl.
Preparing to unpack .../055-libipc-run-perl_20180523.0-2_all.deb ...
Unpacking libipc-run-perl (20180523.0-2) ...
Selecting previously unselected package libclass-method-modifiers-perl.
Preparing to unpack .../056-libclass-method-modifiers-perl_2.13-1_all.deb ...
Unpacking libclass-method-modifiers-perl (2.13-1) ...
Selecting previously unselected package libb-hooks-op-check-perl.
Preparing to unpack .../057-libb-hooks-op-check-perl_0.22-1+b2_amd64.deb ...
Unpacking libb-hooks-op-check-perl (0.22-1+b2) ...
Selecting previously unselected package libdynaloader-functions-perl.
Preparing to unpack .../058-libdynaloader-functions-perl_0.003-1_all.deb ...
Unpacking libdynaloader-functions-perl (0.003-1) ...
Selecting previously unselected package libdevel-callchecker-perl.
Preparing to unpack .../059-libdevel-callchecker-perl_0.008-1+b1_amd64.deb ...
Unpacking libdevel-callchecker-perl (0.008-1+b1) ...
Selecting previously unselected package libparams-classify-perl.
Preparing to unpack .../060-libparams-classify-perl_0.015-1+b2_amd64.deb ...
Unpacking libparams-classify-perl (0.015-1+b2) ...
Selecting previously unselected package libmodule-runtime-perl.
Preparing to unpack .../061-libmodule-runtime-perl_0.016-1_all.deb ...
Unpacking libmodule-runtime-perl (0.016-1) ...
Selecting previously unselected package libimport-into-perl.
Preparing to unpack .../062-libimport-into-perl_1.002005-1_all.deb ...
Unpacking libimport-into-perl (1.002005-1) ...
Selecting previously unselected package librole-tiny-perl.
Preparing to unpack .../063-librole-tiny-perl_2.001004-1_all.deb ...
Unpacking librole-tiny-perl (2.001004-1) ...
Selecting previously unselected package libstrictures-perl.
Preparing to unpack .../064-libstrictures-perl_2.000006-1_all.deb ...
Unpacking libstrictures-perl (2.000006-1) ...
Selecting previously unselected package libsub-quote-perl.
Preparing to unpack .../065-libsub-quote-perl_2.006006-1_all.deb ...
Unpacking libsub-quote-perl (2.006006-1) ...
Selecting previously unselected package libmoo-perl.
Preparing to unpack .../066-libmoo-perl_2.003006-1_all.deb ...
Unpacking libmoo-perl (2.003006-1) ...
Selecting previously unselected package libencode-locale-perl.
Preparing to unpack .../067-libencode-locale-perl_1.05-1_all.deb ...
Unpacking libencode-locale-perl (1.05-1) ...
Selecting previously unselected package libtimedate-perl.
Preparing to unpack .../068-libtimedate-perl_2.3100-1_all.deb ...
Unpacking libtimedate-perl (2.3100-1) ...
Selecting previously unselected package libhttp-date-perl.
Preparing to unpack .../069-libhttp-date-perl_6.05-1_all.deb ...
Unpacking libhttp-date-perl (6.05-1) ...
Selecting previously unselected package libfile-listing-perl.
Preparing to unpack .../070-libfile-listing-perl_6.04-1_all.deb ...
Unpacking libfile-listing-perl (6.04-1) ...
Selecting previously unselected package libhtml-tagset-perl.
Preparing to unpack .../071-libhtml-tagset-perl_3.20-4_all.deb ...
Unpacking libhtml-tagset-perl (3.20-4) ...
Selecting previously unselected package liburi-perl.
Preparing to unpack .../072-liburi-perl_1.76-2_all.deb ...
Unpacking liburi-perl (1.76-2) ...
Selecting previously unselected package libhtml-parser-perl.
Preparing to unpack .../073-libhtml-parser-perl_3.72-5_amd64.deb ...
Unpacking libhtml-parser-perl (3.72-5) ...
Selecting previously unselected package libhtml-tree-perl.
Preparing to unpack .../074-libhtml-tree-perl_5.07-2_all.deb ...
Unpacking libhtml-tree-perl (5.07-2) ...
Selecting previously unselected package libio-html-perl.
Preparing to unpack .../075-libio-html-perl_1.001-1_all.deb ...
Unpacking libio-html-perl (1.001-1) ...
Selecting previously unselected package liblwp-mediatypes-perl.
Preparing to unpack .../076-liblwp-mediatypes-perl_6.04-1_all.deb ...
Unpacking liblwp-mediatypes-perl (6.04-1) ...
Selecting previously unselected package libhttp-message-perl.
Preparing to unpack .../077-libhttp-message-perl_6.18-1_all.deb ...
Unpacking libhttp-message-perl (6.18-1) ...
Selecting previously unselected package libhttp-cookies-perl.
Preparing to unpack .../078-libhttp-cookies-perl_6.08-1_all.deb ...
Unpacking libhttp-cookies-perl (6.08-1) ...
Selecting previously unselected package libhttp-negotiate-perl.
Preparing to unpack .../079-libhttp-negotiate-perl_6.01-1_all.deb ...
Unpacking libhttp-negotiate-perl (6.01-1) ...
Selecting previously unselected package perl-openssl-defaults:amd64.
Preparing to unpack .../080-perl-openssl-defaults_4_amd64.deb ...
Unpacking perl-openssl-defaults:amd64 (4) ...
Selecting previously unselected package libnet-ssleay-perl.
Preparing to unpack .../081-libnet-ssleay-perl_1.88-2_amd64.deb ...
Unpacking libnet-ssleay-perl (1.88-2) ...
Selecting previously unselected package libio-socket-ssl-perl.
Preparing to unpack .../082-libio-socket-ssl-perl_2.067-1_all.deb ...
Unpacking libio-socket-ssl-perl (2.067-1) ...
Selecting previously unselected package libnet-http-perl.
Preparing to unpack .../083-libnet-http-perl_6.19-1_all.deb ...
Unpacking libnet-http-perl (6.19-1) ...
Selecting previously unselected package liblwp-protocol-https-perl.
Preparing to unpack .../084-liblwp-protocol-https-perl_6.07-2_all.deb ...
Unpacking liblwp-protocol-https-perl (6.07-2) ...
Selecting previously unselected package libtry-tiny-perl.
Preparing to unpack .../085-libtry-tiny-perl_0.30-1_all.deb ...
Unpacking libtry-tiny-perl (0.30-1) ...
Selecting previously unselected package libwww-robotrules-perl.
Preparing to unpack .../086-libwww-robotrules-perl_6.02-1_all.deb ...
Unpacking libwww-robotrules-perl (6.02-1) ...
Selecting previously unselected package libwww-perl.
Preparing to unpack .../087-libwww-perl_6.43-1_all.deb ...
Unpacking libwww-perl (6.43-1) ...
Selecting previously unselected package patchutils.
Preparing to unpack .../088-patchutils_0.3.4-2+b1_amd64.deb ...
Unpacking patchutils (0.3.4-2+b1) ...
Selecting previously unselected package wdiff.
Preparing to unpack .../089-wdiff_1.2.2-2+b1_amd64.deb ...
Unpacking wdiff (1.2.2-2+b1) ...
Selecting previously unselected package devscripts.
Preparing to unpack .../090-devscripts_2.20.2_amd64.deb ...
Unpacking devscripts (2.20.2) ...
Selecting previously unselected package dh-buildinfo.
Preparing to unpack .../091-dh-buildinfo_0.11+nmu2_all.deb ...
Unpacking dh-buildinfo (0.11+nmu2) ...
Selecting previously unselected package libalgorithm-c3-perl.
Preparing to unpack .../092-libalgorithm-c3-perl_0.10-1_all.deb ...
Unpacking libalgorithm-c3-perl (0.10-1) ...
Selecting previously unselected package libmodule-implementation-perl.
Preparing to unpack .../093-libmodule-implementation-perl_0.09-1_all.deb ...
Unpacking libmodule-implementation-perl (0.09-1) ...
Selecting previously unselected package libsub-exporter-progressive-perl.
Preparing to unpack .../094-libsub-exporter-progressive-perl_0.001013-1_all.deb ...
Unpacking libsub-exporter-progressive-perl (0.001013-1) ...
Selecting previously unselected package libvariable-magic-perl.
Preparing to unpack .../095-libvariable-magic-perl_0.62-1+b2_amd64.deb ...
Unpacking libvariable-magic-perl (0.62-1+b2) ...
Selecting previously unselected package libb-hooks-endofscope-perl.
Preparing to unpack .../096-libb-hooks-endofscope-perl_0.24-1_all.deb ...
Unpacking libb-hooks-endofscope-perl (0.24-1) ...
Selecting previously unselected package libb-hooks-op-ppaddr-perl.
Preparing to unpack .../097-libb-hooks-op-ppaddr-perl_0.06-1+b2_amd64.deb ...
Unpacking libb-hooks-op-ppaddr-perl (0.06-1+b2) ...
Selecting previously unselected package libcarp-clan-perl.
Preparing to unpack .../098-libcarp-clan-perl_6.08-1_all.deb ...
Unpacking libcarp-clan-perl (6.08-1) ...
Selecting previously unselected package libclass-c3-perl.
Preparing to unpack .../099-libclass-c3-perl_0.34-1_all.deb ...
Unpacking libclass-c3-perl (0.34-1) ...
Selecting previously unselected package libparams-util-perl.
Preparing to unpack .../100-libparams-util-perl_1.07-3+b5_amd64.deb ...
Unpacking libparams-util-perl (1.07-3+b5) ...
Selecting previously unselected package libsub-install-perl.
Preparing to unpack .../101-libsub-install-perl_0.928-1_all.deb ...
Unpacking libsub-install-perl (0.928-1) ...
Selecting previously unselected package libdata-optlist-perl.
Preparing to unpack .../102-libdata-optlist-perl_0.110-1_all.deb ...
Unpacking libdata-optlist-perl (0.110-1) ...
Selecting previously unselected package libpackage-stash-perl.
Preparing to unpack .../103-libpackage-stash-perl_0.38-1_all.deb ...
Unpacking libpackage-stash-perl (0.38-1) ...
Selecting previously unselected package libclass-load-perl.
Preparing to unpack .../104-libclass-load-perl_0.25-1_all.deb ...
Unpacking libclass-load-perl (0.25-1) ...
Selecting previously unselected package libclass-load-xs-perl.
Preparing to unpack .../105-libclass-load-xs-perl_0.10-1+b4_amd64.deb ...
Unpacking libclass-load-xs-perl (0.10-1+b4) ...
Selecting previously unselected package libclass-tiny-perl.
Preparing to unpack .../106-libclass-tiny-perl_1.006-1_all.deb ...
Unpacking libclass-tiny-perl (1.006-1) ...
Selecting previously unselected package libclone-perl.
Preparing to unpack .../107-libclone-perl_0.43-2_amd64.deb ...
Unpacking libclone-perl (0.43-2) ...
Selecting previously unselected package libsub-name-perl.
Preparing to unpack .../108-libsub-name-perl_0.26-1_amd64.deb ...
Unpacking libsub-name-perl (0.26-1) ...
Selecting previously unselected package libdevel-declare-perl.
Preparing to unpack .../109-libdevel-declare-perl_0.006019-1+b2_amd64.deb ...
Unpacking libdevel-declare-perl (0.006019-1+b2) ...
Selecting previously unselected package libdevel-globaldestruction-perl.
Preparing to unpack .../110-libdevel-globaldestruction-perl_0.14-1_all.deb ...
Unpacking libdevel-globaldestruction-perl (0.14-1) ...
Selecting previously unselected package libmro-compat-perl.
Preparing to unpack .../111-libmro-compat-perl_0.13-1_all.deb ...
Unpacking libmro-compat-perl (0.13-1) ...
Selecting previously unselected package libsub-identify-perl.
Preparing to unpack .../112-libsub-identify-perl_0.14-1+b2_amd64.deb ...
Unpacking libsub-identify-perl (0.14-1+b2) ...
Selecting previously unselected package libdevel-overloadinfo-perl.
Preparing to unpack .../113-libdevel-overloadinfo-perl_0.005-1_all.deb ...
Unpacking libdevel-overloadinfo-perl (0.005-1) ...
Selecting previously unselected package libnamespace-clean-perl.
Preparing to unpack .../114-libnamespace-clean-perl_0.27-1_all.deb ...
Unpacking libnamespace-clean-perl (0.27-1) ...
Selecting previously unselected package libsub-exporter-perl.
Preparing to unpack .../115-libsub-exporter-perl_0.987-1_all.deb ...
Unpacking libsub-exporter-perl (0.987-1) ...
Selecting previously unselected package libdevel-partialdump-perl.
Preparing to unpack .../116-libdevel-partialdump-perl_0.20-1_all.deb ...
Unpacking libdevel-partialdump-perl (0.20-1) ...
Selecting previously unselected package libdevel-stacktrace-perl.
Preparing to unpack .../117-libdevel-stacktrace-perl_2.0400-1_all.deb ...
Unpacking libdevel-stacktrace-perl (2.0400-1) ...
Selecting previously unselected package libdist-checkconflicts-perl.
Preparing to unpack .../118-libdist-checkconflicts-perl_0.11-1_all.deb ...
Unpacking libdist-checkconflicts-perl (0.11-1) ...
Selecting previously unselected package libeval-closure-perl.
Preparing to unpack .../119-libeval-closure-perl_0.14-1_all.deb ...
Unpacking libeval-closure-perl (0.14-1) ...
Selecting previously unselected package libexporter-tiny-perl.
Preparing to unpack .../120-libexporter-tiny-perl_1.002001-1_all.deb ...
Unpacking libexporter-tiny-perl (1.002001-1) ...
Selecting previously unselected package libextutils-depends-perl.
Preparing to unpack .../121-libextutils-depends-perl_0.8000-1_all.deb ...
Unpacking libextutils-depends-perl (0.8000-1) ...
Selecting previously unselected package libio-string-perl.
Preparing to unpack .../122-libio-string-perl_1.08-3_all.deb ...
Unpacking libio-string-perl (1.08-3) ...
Selecting previously unselected package liblist-moreutils-perl.
Preparing to unpack .../123-liblist-moreutils-perl_0.416-1+b5_amd64.deb ...
Unpacking liblist-moreutils-perl (0.416-1+b5) ...
Selecting previously unselected package libmodule-runtime-conflicts-perl.
Preparing to unpack .../124-libmodule-runtime-conflicts-perl_0.003-1_all.deb ...
Unpacking libmodule-runtime-conflicts-perl (0.003-1) ...
Selecting previously unselected package libpackage-deprecationmanager-perl.
Preparing to unpack .../125-libpackage-deprecationmanager-perl_0.17-1_all.deb ...
Unpacking libpackage-deprecationmanager-perl (0.17-1) ...
Selecting previously unselected package libpackage-stash-xs-perl.
Preparing to unpack .../126-libpackage-stash-xs-perl_0.29-1+b1_amd64.deb ...
Unpacking libpackage-stash-xs-perl (0.29-1+b1) ...
Selecting previously unselected package libmoose-perl.
Preparing to unpack .../127-libmoose-perl_2.2012-2_amd64.deb ...
Unpacking libmoose-perl (2.2012-2) ...
Selecting previously unselected package libnamespace-autoclean-perl.
Preparing to unpack .../128-libnamespace-autoclean-perl_0.29-1_all.deb ...
Unpacking libnamespace-autoclean-perl (0.29-1) ...
Selecting previously unselected package libmoosex-traits-perl.
Preparing to unpack .../129-libmoosex-traits-perl_0.13-2_all.deb ...
Unpacking libmoosex-traits-perl (0.13-2) ...
Selecting previously unselected package libsub-exporter-formethods-perl.
Preparing to unpack .../130-libsub-exporter-formethods-perl_0.100052-1_all.deb ...
Unpacking libsub-exporter-formethods-perl (0.100052-1) ...
Selecting previously unselected package libmoosex-types-perl.
Preparing to unpack .../131-libmoosex-types-perl_0.50-1_all.deb ...
Unpacking libmoosex-types-perl (0.50-1) ...
Selecting previously unselected package libmoosex-types-structured-perl.
Preparing to unpack .../132-libmoosex-types-structured-perl_0.36-1_all.deb ...
Unpacking libmoosex-types-structured-perl (0.36-1) ...
Selecting previously unselected package libtask-weaken-perl.
Preparing to unpack .../133-libtask-weaken-perl_1.06-1_all.deb ...
Unpacking libtask-weaken-perl (1.06-1) ...
Selecting previously unselected package libppi-perl.
Preparing to unpack .../134-libppi-perl_1.270-1_all.deb ...
Unpacking libppi-perl (1.270-1) ...
Selecting previously unselected package libparse-method-signatures-perl.
Preparing to unpack .../135-libparse-method-signatures-perl_1.003019-1_all.deb ...
Unpacking libparse-method-signatures-perl (1.003019-1) ...
Selecting previously unselected package libscope-upper-perl.
Preparing to unpack .../136-libscope-upper-perl_0.32-1+b1_amd64.deb ...
Unpacking libscope-upper-perl (0.32-1+b1) ...
Selecting previously unselected package libsub-uplevel-perl.
Preparing to unpack .../137-libsub-uplevel-perl_0.2800-1_all.deb ...
Unpacking libsub-uplevel-perl (0.2800-1) ...
Selecting previously unselected package libtest-exception-perl.
Preparing to unpack .../138-libtest-exception-perl_0.43-1_all.deb ...
Unpacking libtest-exception-perl (0.43-1) ...
Selecting previously unselected package libxml-namespacesupport-perl.
Preparing to unpack .../139-libxml-namespacesupport-perl_1.12-1_all.deb ...
Unpacking libxml-namespacesupport-perl (1.12-1) ...
Selecting previously unselected package libxml-parser-perl.
Preparing to unpack .../140-libxml-parser-perl_2.46-1+b1_amd64.deb ...
Unpacking libxml-parser-perl (2.46-1+b1) ...
Selecting previously unselected package libxml-sax-base-perl.
Preparing to unpack .../141-libxml-sax-base-perl_1.09-1_all.deb ...
Unpacking libxml-sax-base-perl (1.09-1) ...
Selecting previously unselected package libxml-sax-perl.
Preparing to unpack .../142-libxml-sax-perl_1.02+dfsg-1_all.deb ...
Unpacking libxml-sax-perl (1.02+dfsg-1) ...
Selecting previously unselected package libxml-sax-expat-perl.
Preparing to unpack .../143-libxml-sax-expat-perl_0.51-1_all.deb ...
Unpacking libxml-sax-expat-perl (0.51-1) ...
Selecting previously unselected package sbuild-build-depends-main-dummy.
Preparing to unpack .../144-sbuild-build-depends-main-dummy_0.invalid.0_amd64.deb ...
Unpacking sbuild-build-depends-main-dummy (0.invalid.0) ...
Setting up libksba8:amd64 (1.3.5-2) ...
Setting up libpipeline1:amd64 (1.5.2-2) ...
Setting up wdiff (1.2.2-2+b1) ...
Setting up libfile-which-perl (1.23-1) ...
Setting up libb-hooks-op-ppaddr-perl (0.06-1+b2) ...
Setting up libtask-weaken-perl (1.06-1) ...
Setting up mime-support (3.64) ...
Setting up libdynaloader-functions-perl (0.003-1) ...
Setting up libclass-method-modifiers-perl (2.13-1) ...
Setting up libio-pty-perl (1:1.12-1) ...
Setting up libmagic-mgc (1:5.38-4) ...
Setting up libclone-perl (0.43-2) ...
Setting up libarchive-zip-perl (1.67-1) ...
Setting up libsub-identify-perl (0.14-1+b2) ...
Setting up libglib2.0-0:amd64 (2.62.4-2) ...
No schema files found: doing nothing.
Setting up libhtml-tagset-perl (3.20-4) ...
Setting up libdebhelper-perl (12.9) ...
Setting up libsqlite3-0:amd64 (3.31.1-3) ...
Setting up liblwp-mediatypes-perl (6.04-1) ...
Setting up libtry-tiny-perl (0.30-1) ...
Setting up libmagic1:amd64 (1:5.38-4) ...
Setting up perl-openssl-defaults:amd64 (4) ...
Setting up libxml-namespacesupport-perl (1.12-1) ...
Setting up gettext-base (0.19.8.1-10) ...
Setting up libencode-locale-perl (1.05-1) ...
Setting up libnpth0:amd64 (1.6-1) ...
Setting up file (1:5.38-4) ...
Setting up libassuan0:amd64 (2.5.3-7) ...
Setting up libldap-common (2.4.49+dfsg-1) ...
Setting up libicu63:amd64 (63.2-2) ...
Setting up libsub-install-perl (0.928-1) ...
Setting up libextutils-depends-perl (0.8000-1) ...
Setting up libsasl2-modules-db:amd64 (2.1.27+dfsg-2) ...
Setting up patchutils (0.3.4-2+b1) ...
Setting up libxml-sax-base-perl (1.09-1) ...
Setting up libio-string-perl (1.08-3) ...
Setting up libpackage-stash-xs-perl (0.29-1+b1) ...
Setting up autotools-dev (20180224.1) ...
Setting up libalgorithm-c3-perl (0.10-1) ...
Setting up libclass-tiny-perl (1.006-1) ...
Setting up gnupg-l10n (2.2.19-1) ...
Setting up libsigsegv2:amd64 (2.12-2) ...
Setting up bsdmainutils (11.1.2+b1) ...
update-alternatives: using /usr/bin/bsd-write to provide /usr/bin/write (write) in auto mode
update-alternatives: using /usr/bin/bsd-from to provide /usr/bin/from (from) in auto mode
Setting up libvariable-magic-perl (0.62-1+b2) ...
Setting up libio-html-perl (1.001-1) ...
Setting up autopoint (0.19.8.1-10) ...
Setting up libb-hooks-op-check-perl (0.22-1+b2) ...
Setting up libipc-run-perl (20180523.0-2) ...
Setting up libparams-util-perl (1.07-3+b5) ...
Setting up libsasl2-2:amd64 (2.1.27+dfsg-2) ...
Setting up libsub-exporter-progressive-perl (0.001013-1) ...
Setting up libtimedate-perl (2.3100-1) ...
Setting up libsub-name-perl (0.26-1) ...
Setting up sensible-utils (0.0.12+nmu1) ...
Setting up libuchardet0:amd64 (0.0.6-3) ...
Setting up librole-tiny-perl (2.001004-1) ...
Setting up libsub-uplevel-perl (0.2800-1) ...
Setting up libsub-override-perl (0.09-2) ...
Setting up libcarp-clan-perl (6.08-1) ...
Setting up libdevel-globaldestruction-perl (0.14-1) ...
Setting up netbase (6.1) ...
Setting up libstrictures-perl (2.000006-1) ...
Setting up libsub-quote-perl (2.006006-1) ...
Setting up libdevel-stacktrace-perl (2.0400-1) ...
Setting up libscope-upper-perl (0.32-1+b1) ...
Setting up libmpdec2:amd64 (2.4.2-2) ...
Setting up libexporter-tiny-perl (1.002001-1) ...
Setting up libfile-homedir-perl (1.004-1) ...
Setting up openssl (1.1.1d-2) ...
Setting up cdbs (0.4.159) ...
Setting up libelf1:amd64 (0.176-1.1) ...
Setting up readline-common (8.0-3) ...
Setting up libxml2:amd64 (2.9.10+dfsg-3) ...
Setting up liburi-perl (1.76-2) ...
Setting up libnet-ssleay-perl (1.88-2) ...
Setting up pinentry-curses (1.1.0-3+b1) ...
Setting up libfile-stripnondeterminism-perl (1.6.3-2) ...
Setting up libhttp-date-perl (6.05-1) ...
Setting up libfile-listing-perl (6.04-1) ...
Setting up libtool (2.4.6-13) ...
Setting up liblist-moreutils-perl (0.416-1+b5) ...
Setting up libreadline8:amd64 (8.0-3) ...
Setting up libldap-2.4-2:amd64 (2.4.49+dfsg-1) ...
Setting up libnet-http-perl (6.19-1) ...
Setting up m4 (1.4.18-4) ...
Setting up libclass-c3-perl (0.34-1) ...
Setting up libdevel-callchecker-perl (0.008-1+b1) ...
Setting up ca-certificates (20190110) ...
Updating certificates in /etc/ssl/certs...
128 added, 0 removed; done.
Setting up libtest-exception-perl (0.43-1) ...
Setting up libppi-perl (1.270-1) ...
Setting up libdata-optlist-perl (0.110-1) ...
Setting up libcroco3:amd64 (0.6.13-1) ...
Setting up ucf (3.0038+nmu1) ...
Setting up autoconf (2.69-11.1) ...
Setting up dh-strip-nondeterminism (1.6.3-2) ...
Setting up libwww-robotrules-perl (6.02-1) ...
Setting up dwz (0.13-5) ...
Setting up groff-base (1.22.4-4) ...
Setting up libhtml-parser-perl (3.72-5) ...
Setting up gpgconf (2.2.19-1) ...
Setting up libmro-compat-perl (0.13-1) ...
Setting up libio-socket-ssl-perl (2.067-1) ...
Setting up gpg (2.2.19-1) ...
Setting up libsub-exporter-perl (0.987-1) ...
Setting up gnupg-utils (2.2.19-1) ...
Setting up libhttp-message-perl (6.18-1) ...
Setting up libeval-closure-perl (0.14-1) ...
Setting up automake (1:1.16.1-4) ...
update-alternatives: using /usr/bin/automake-1.16 to provide /usr/bin/automake (automake) in auto mode
Setting up libhttp-negotiate-perl (6.01-1) ...
Setting up libpython3.7-stdlib:amd64 (3.7.6-1+b1) ...
Setting up gettext (0.19.8.1-10) ...
Setting up gpg-agent (2.2.19-1) ...
Setting up libhttp-cookies-perl (6.08-1) ...
Setting up libhtml-tree-perl (5.07-2) ...
Setting up libparams-classify-perl (0.015-1+b2) ...
Setting up gpgsm (2.2.19-1) ...
Setting up libsub-exporter-formethods-perl (0.100052-1) ...
Setting up man-db (2.9.0-2) ...
Not building database; man-db/auto-update is not 'true'.
Setting up libxml-sax-perl (1.02+dfsg-1) ...
update-perl-sax-parsers: Registering Perl SAX parser XML::SAX::PurePerl with priority 10...
update-perl-sax-parsers: Updating overall Perl SAX parser modules info file...

Creating config file /etc/perl/XML/SAX/ParserDetails.ini with new version
Setting up intltool-debian (0.35.0+20060710.5) ...
Setting up dirmngr (2.2.19-1) ...
Setting up libmodule-runtime-perl (0.016-1) ...
Setting up libdist-checkconflicts-perl (0.11-1) ...
Setting up gpg-wks-server (2.2.19-1) ...
Setting up libpython3-stdlib:amd64 (3.7.5-3) ...
Setting up python3.7 (3.7.6-1+b1) ...
Setting up gpg-wks-client (2.2.19-1) ...
Setting up libmodule-implementation-perl (0.09-1) ...
Setting up libpackage-stash-perl (0.38-1) ...
Setting up libimport-into-perl (1.002005-1) ...
Setting up libmoo-perl (2.003006-1) ...
Setting up po-debconf (1.0.21) ...
Setting up python3 (3.7.5-3) ...
Setting up libmodule-runtime-conflicts-perl (0.003-1) ...
Setting up libclass-load-perl (0.25-1) ...
Setting up libpackage-deprecationmanager-perl (0.17-1) ...
Setting up gnupg (2.2.19-1) ...
Setting up libdevel-overloadinfo-perl (0.005-1) ...
Setting up libclass-load-xs-perl (0.10-1+b4) ...
Setting up libb-hooks-endofscope-perl (0.24-1) ...
Setting up libdevel-declare-perl (0.006019-1+b2) ...
Setting up libmoose-perl (2.2012-2) ...
Setting up libnamespace-clean-perl (0.27-1) ...
Setting up libnamespace-autoclean-perl (0.29-1) ...
Setting up libmoosex-traits-perl (0.13-2) ...
Setting up libdevel-partialdump-perl (0.20-1) ...
Setting up libmoosex-types-perl (0.50-1) ...
Setting up libmoosex-types-structured-perl (0.36-1) ...
Setting up libparse-method-signatures-perl (1.003019-1) ...
Setting up liblwp-protocol-https-perl (6.07-2) ...
Setting up libwww-perl (6.43-1) ...
Setting up dh-autoreconf (19) ...
Setting up devscripts (2.20.2) ...
Setting up libxml-parser-perl (2.46-1+b1) ...
Setting up debhelper (12.9) ...
Setting up dh-buildinfo (0.11+nmu2) ...
Setting up libxml-sax-expat-perl (0.51-1) ...
update-perl-sax-parsers: Registering Perl SAX parser XML::SAX::Expat with priority 50...
update-perl-sax-parsers: Updating overall Perl SAX parser modules info file...
Replacing config file /etc/perl/XML/SAX/ParserDetails.ini with new version
Setting up sbuild-build-depends-main-dummy (0.invalid.0) ...
Processing triggers for libc-bin (2.29-10) ...
Processing triggers for ca-certificates (20190110) ...
Updating certificates in /etc/ssl/certs...
0 added, 0 removed; done.
Running hooks in /etc/ca-certificates/update.d...
done.

+------------------------------------------------------------------------------+
| Check architectures                                                          |
+------------------------------------------------------------------------------+

Arch check ok (amd64 included in any)

+------------------------------------------------------------------------------+
| Build environment                                                            |
+------------------------------------------------------------------------------+

Kernel: Linux 4.19.0-6-cloud-amd64 #1 SMP Debian 4.19.67-2+deb10u2 (2019-11-11) amd64 (x86_64)
Toolchain package versions: binutils_2.34-3 dpkg-dev_1.19.7 g++-9_9.2.1-29 gcc-9_9.2.1-29 libc6-dev_2.29-10 libstdc++-8-dev_8.3.0-29 libstdc++-9-dev_9.2.1-29 libstdc++6_10-20200222-1 linux-libc-dev_5.4.19-1
Package versions: adduser_3.118 apt_1.8.4 autoconf_2.69-11.1 automake_1:1.16.1-4 autopoint_0.19.8.1-10 autotools-dev_20180224.1 base-files_11 base-passwd_3.5.47 bash_5.0-5 binutils_2.34-3 binutils-common_2.34-3 binutils-x86-64-linux-gnu_2.34-3 bsdmainutils_11.1.2+b1 bsdutils_1:2.34-0.1 build-essential_12.8 bzip2_1.0.8-2 ca-certificates_20190110 cdbs_0.4.159 clang-8_1:8.0.1-7 coreutils_8.30-3+b1 cpp_4:9.2.1-3.1 cpp-9_9.2.1-29 dash_0.5.10.2-6 debconf_1.5.73 debhelper_12.9 debian-archive-keyring_2019.1 debianutils_4.9.1 devscripts_2.20.2 dh-autoreconf_19 dh-buildinfo_0.11+nmu2 dh-strip-nondeterminism_1.6.3-2 diffutils_1:3.7-3 dirmngr_2.2.19-1 dpkg_1.19.7 dpkg-dev_1.19.7 dwz_0.13-5 e2fsprogs_1.45.5-2 fakeroot_1.24-1 fdisk_2.34-0.1 file_1:5.38-4 findutils_4.7.0-1 g++_4:9.2.1-3.1 g++-9_9.2.1-29 gcc_4:9.2.1-3.1 gcc-10-base_10-20200222-1 gcc-8-base_8.3.0-29 gcc-9_9.2.1-29 gcc-9-base_9.2.1-29 gettext_0.19.8.1-10 gettext-base_0.19.8.1-10 gnupg_2.2.19-1 gnupg-l10n_2.2.19-1 gnupg-utils_2.2.19-1 gpg_2.2.19-1 gpg-agent_2.2.19-1 gpg-wks-client_2.2.19-1 gpg-wks-server_2.2.19-1 gpgconf_2.2.19-1 gpgsm_2.2.19-1 gpgv_2.2.19-1 grep_3.4-1 groff-base_1.22.4-4 gzip_1.9-3+b1 hostname_3.23 init-system-helpers_1.57 intltool-debian_0.35.0+20060710.5 lib32gcc-s1_10-20200222-1 lib32gcc1_1:10-20200222-1 lib32stdc++6_10-20200222-1 libacl1_2.2.53-5 libalgorithm-c3-perl_0.10-1 libapt-pkg5.0_1.8.4 libarchive-zip-perl_1.67-1 libasan5_9.2.1-29 libassuan0_2.5.3-7 libatomic1_10-20200222-1 libattr1_1:2.4.48-5 libaudit-common_1:2.8.5-2 libaudit1_1:2.8.5-2+b1 libb-hooks-endofscope-perl_0.24-1 libb-hooks-op-check-perl_0.22-1+b2 libb-hooks-op-ppaddr-perl_0.06-1+b2 libbinutils_2.34-3 libblkid1_2.34-0.1 libbsd0_0.10.0-1 libbz2-1.0_1.0.8-2 libc-bin_2.29-10 libc-dev-bin_2.29-10 libc6_2.29-10 libc6-dev_2.29-10 libc6-i386_2.29-10 libcap-ng0_0.7.9-2.1+b1 libcarp-clan-perl_6.08-1 libcc1-0_10-20200222-1 libclang-common-8-dev_1:8.0.1-7 libclang1-8_1:8.0.1-7 libclass-c3-perl_0.34-1 libclass-load-perl_0.25-1 libclass-load-xs-perl_0.10-1+b4 libclass-method-modifiers-perl_2.13-1 libclass-tiny-perl_1.006-1 libclone-perl_0.43-2 libcom-err2_1.45.5-2 libcroco3_0.6.13-1 libcrypt-dev_1:4.4.10-10 libcrypt1_1:4.4.10-10 libctf-nobfd0_2.34-3 libctf0_2.34-3 libdata-optlist-perl_0.110-1 libdb5.3_5.3.28+dfsg1-0.6 libdebconfclient0_0.251 libdebhelper-perl_12.9 libdevel-callchecker-perl_0.008-1+b1 libdevel-declare-perl_0.006019-1+b2 libdevel-globaldestruction-perl_0.14-1 libdevel-overloadinfo-perl_0.005-1 libdevel-partialdump-perl_0.20-1 libdevel-stacktrace-perl_2.0400-1 libdist-checkconflicts-perl_0.11-1 libdpkg-perl_1.19.7 libdynaloader-functions-perl_0.003-1 libedit2_3.1-20191231-1 libelf1_0.176-1.1 libencode-locale-perl_1.05-1 libeval-closure-perl_0.14-1 libexpat1_2.2.9-1 libexporter-tiny-perl_1.002001-1 libext2fs2_1.45.5-2 libextutils-depends-perl_0.8000-1 libfakeroot_1.24-1 libfdisk1_2.34-0.1 libffi7_3.3-3 libfile-homedir-perl_1.004-1 libfile-listing-perl_6.04-1 libfile-stripnondeterminism-perl_1.6.3-2 libfile-which-perl_1.23-1 libgc1c2_1:7.6.4-0.4 libgcc-8-dev_8.3.0-29 libgcc-9-dev_9.2.1-29 libgcc-s1_10-20200222-1 libgcc1_1:10-20200222-1 libgcrypt20_1.8.5-5 libgdbm-compat4_1.18.1-5 libgdbm6_1.18.1-5 libglib2.0-0_2.62.4-2 libgmp10_2:6.2.0+dfsg-4 libgnutls30_3.6.12-2 libgomp1_10-20200222-1 libgpg-error0_1.37-1 libhogweed5_3.5.1+really3.5.1-2 libhtml-parser-perl_3.72-5 libhtml-tagset-perl_3.20-4 libhtml-tree-perl_5.07-2 libhttp-cookies-perl_6.08-1 libhttp-date-perl_6.05-1 libhttp-message-perl_6.18-1 libhttp-negotiate-perl_6.01-1 libicu63_63.2-2 libidn2-0_2.2.0-2 libimport-into-perl_1.002005-1 libio-html-perl_1.001-1 libio-pty-perl_1:1.12-1 libio-socket-ssl-perl_2.067-1 libio-string-perl_1.08-3 libipc-run-perl_20180523.0-2 libisl22_0.22.1-1 libitm1_10-20200222-1 libksba8_1.3.5-2 libldap-2.4-2_2.4.49+dfsg-1 libldap-common_2.4.49+dfsg-1 liblist-moreutils-perl_0.416-1+b5 libllvm8_1:8.0.1-7 liblsan0_10-20200222-1 liblwp-mediatypes-perl_6.04-1 liblwp-protocol-https-perl_6.07-2 liblz4-1_1.9.2-2 liblzma5_5.2.4-1+b1 libmagic-mgc_1:5.38-4 libmagic1_1:5.38-4 libmodule-implementation-perl_0.09-1 libmodule-runtime-conflicts-perl_0.003-1 libmodule-runtime-perl_0.016-1 libmoo-perl_2.003006-1 libmoose-perl_2.2012-2 libmoosex-traits-perl_0.13-2 libmoosex-types-perl_0.50-1 libmoosex-types-structured-perl_0.36-1 libmount1_2.34-0.1 libmpc3_1.1.0-1 libmpdec2_2.4.2-2 libmpfr6_4.0.2-1 libmpx2_8.3.0-29 libmro-compat-perl_0.13-1 libnamespace-autoclean-perl_0.29-1 libnamespace-clean-perl_0.27-1 libncursesw6_6.1+20191019-1 libnet-http-perl_6.19-1 libnet-ssleay-perl_1.88-2 libnettle7_3.5.1+really3.5.1-2 libnpth0_1.6-1 libobjc-8-dev_8.3.0-29 libobjc-9-dev_9.2.1-29 libobjc4_10-20200222-1 libomp-8-dev_1:8.0.1-7 libomp5-8_1:8.0.1-7 libp11-kit0_0.23.20-1 libpackage-deprecationmanager-perl_0.17-1 libpackage-stash-perl_0.38-1 libpackage-stash-xs-perl_0.29-1+b1 libpam-modules_1.3.1-5 libpam-modules-bin_1.3.1-5 libpam-runtime_1.3.1-5 libpam0g_1.3.1-5 libparams-classify-perl_0.015-1+b2 libparams-util-perl_1.07-3+b5 libparse-method-signatures-perl_1.003019-1 libpcre2-8-0_10.34-7 libpcre3_2:8.39-12+b1 libperl5.30_5.30.0-9 libpipeline1_1.5.2-2 libppi-perl_1.270-1 libpython3-stdlib_3.7.5-3 libpython3.7-minimal_3.7.6-1+b1 libpython3.7-stdlib_3.7.6-1+b1 libquadmath0_10-20200222-1 libreadline8_8.0-3 librole-tiny-perl_2.001004-1 libsasl2-2_2.1.27+dfsg-2 libsasl2-modules-db_2.1.27+dfsg-2 libscope-upper-perl_0.32-1+b1 libseccomp2_2.4.2-2 libselinux1_3.0-1+b1 libsemanage-common_3.0-1 libsemanage1_3.0-1+b1 libsepol1_3.0-1 libsigsegv2_2.12-2 libsmartcols1_2.34-0.1 libsqlite3-0_3.31.1-3 libss2_1.45.5-2 libssl1.1_1.1.1d-2 libstdc++-8-dev_8.3.0-29 libstdc++-9-dev_9.2.1-29 libstdc++6_10-20200222-1 libstrictures-perl_2.000006-1 libsub-exporter-formethods-perl_0.100052-1 libsub-exporter-perl_0.987-1 libsub-exporter-progressive-perl_0.001013-1 libsub-identify-perl_0.14-1+b2 libsub-install-perl_0.928-1 libsub-name-perl_0.26-1 libsub-override-perl_0.09-2 libsub-quote-perl_2.006006-1 libsub-uplevel-perl_0.2800-1 libsystemd0_244.3-1 libtask-weaken-perl_1.06-1 libtasn1-6_4.16.0-2 libtest-exception-perl_0.43-1 libtimedate-perl_2.3100-1 libtinfo6_6.1+20191019-1 libtool_2.4.6-13 libtry-tiny-perl_0.30-1 libtsan0_10-20200222-1 libubsan1_10-20200222-1 libuchardet0_0.0.6-3 libudev1_244.3-1 libunistring2_0.9.10-2 liburi-perl_1.76-2 libuuid1_2.34-0.1 libvariable-magic-perl_0.62-1+b2 libwww-perl_6.43-1 libwww-robotrules-perl_6.02-1 libxml-namespacesupport-perl_1.12-1 libxml-parser-perl_2.46-1+b1 libxml-sax-base-perl_1.09-1 libxml-sax-expat-perl_0.51-1 libxml-sax-perl_1.02+dfsg-1 libxml2_2.9.10+dfsg-3 libzstd1_1.4.4+dfsg-3 linux-libc-dev_5.4.19-1 login_1:4.8.1-1 logsave_1.45.5-2 lsb-base_11.1.0 m4_1.4.18-4 make_4.2.1-1.2 man-db_2.9.0-2 mawk_1.3.4.20200120-2 mime-support_3.64 mount_2.34-0.1 ncurses-base_6.1+20191019-1 ncurses-bin_6.1+20191019-1 netbase_6.1 openssl_1.1.1d-2 passwd_1:4.8.1-1 patch_2.7.6-6 patchutils_0.3.4-2+b1 perl_5.30.0-9 perl-base_5.30.0-9 perl-modules-5.30_5.30.0-9 perl-openssl-defaults_4 pinentry-curses_1.1.0-3+b1 po-debconf_1.0.21 python3_3.7.5-3 python3-minimal_3.7.5-3 python3.7_3.7.6-1+b1 python3.7-minimal_3.7.6-1+b1 readline-common_8.0-3 sbuild-build-depends-main-dummy_0.invalid.0 sed_4.7-1 sensible-utils_0.0.12+nmu1 sysvinit-utils_2.96-2.1 tar_1.30+dfsg-6+b1 tzdata_2019c-3 ucf_3.0038+nmu1 util-linux_2.34-0.1 wdiff_1.2.2-2+b1 xz-utils_5.2.4-1+b1 zlib1g_1:1.2.11.dfsg-1.2

+------------------------------------------------------------------------------+
| Build                                                                        |
+------------------------------------------------------------------------------+


Unpack source
-------------

-----BEGIN PGP SIGNED MESSAGE-----
Hash: SHA512

Format: 3.0 (quilt)
Source: libtrycatch-perl
Binary: libtrycatch-perl
Architecture: any
Version: 1.003002-2
Maintainer: Debian Perl Group <pkg-perl-maintainers@lists.alioth.debian.org>
Uploaders: Jonas Smedegaard <dr@jones.dk>
Homepage: http://search.cpan.org/dist/TryCatch/
Standards-Version: 3.9.4
Vcs-Browser: http://anonscm.debian.org/gitweb/?p=pkg-perl/packages/libtrycatch-perl.git
Vcs-Git: git://anonscm.debian.org/git/pkg-perl/packages/libtrycatch-perl
Build-Depends: cdbs, devscripts, perl, debhelper, dh-buildinfo, libdevel-declare-perl, libmoose-perl, libmoosex-types-perl, libparse-method-signatures-perl, libscope-upper-perl, libsub-exporter-perl, libvariable-magic-perl, libb-hooks-endofscope-perl (>= 0.12), libb-hooks-op-check-perl (>= 0.18), libb-hooks-op-ppaddr-perl (>= 0.03), libextutils-depends-perl (>= 0.302), libnamespace-clean-perl (>= 0.20), libtest-exception-perl, libxml-sax-expat-perl, libxml-sax-base-perl
Package-List:
 libtrycatch-perl deb perl optional arch=any
Checksums-Sha1:
 a6b293b08157987cb26650ea17b15a8eeea93bcb 89808 libtrycatch-perl_1.003002.orig.tar.gz
 d3cfa8b680198896612055abe9adb7529bc1ecb1 4664 libtrycatch-perl_1.003002-2.debian.tar.xz
Checksums-Sha256:
 ba88e73ded35d83caf0589d776cf8f91fad908df7fe7a4bd1274c6611336da9b 89808 libtrycatch-perl_1.003002.orig.tar.gz
 19e4058b13afe350e170c42feafaf31b0df2793d5df9822c5e733715d35499b5 4664 libtrycatch-perl_1.003002-2.debian.tar.xz
Files:
 37dbff1d9ab3b09d2a41b706f7716957 89808 libtrycatch-perl_1.003002.orig.tar.gz
 fc3beab87b08b19b4c35b4b0b5686964 4664 libtrycatch-perl_1.003002-2.debian.tar.xz

-----BEGIN PGP SIGNATURE-----
Version: GnuPG v1

iQJ8BAEBCgBmBQJT6P6LXxSAAAAAAC4AKGlzc3Vlci1mcHJAbm90YXRpb25zLm9w
ZW5wZ3AuZmlmdGhob3JzZW1hbi5uZXREMUUxMzE2RTkzQTc2MEE4MTA0RDg1RkFC
QjNBNjgwMTg2NDlBQTA2AAoJELs6aAGGSaoGtlUQAKaPz/V9gnBnDj2dGFsLOJay
Oh7R8k0lYakoYWo+O1QjkmtCFqbiFZsx31tvbm1DyTIVVAbua5FlJUdQpgNLpVfW
hPp1GxnrkXscOggZdFpNMaNBiGPMbZsteFRl81+qMyy7CIi4ABTOc1QKP96odV1+
6/SKyrrHEmPLOyJtNW2DYRk21RgxWkur3832KKeSN65oYk8jmeMeCbO3gPc0Tg9K
ej9Ns3Mx+//WCv59JadfPnZm7ikYouQXiW4Ix9CBii9cTyoNLGXTrZNCEzcfOeC8
Ci2RxV6wf8qD4KbyewgW2KxFQKD0IRAbNL4DdIKyS0k6BDUgvMJjpFX6CobFU2eB
CE4ysnAqrMF3Lxi9i19OFv+8ky3bdjrS1mV0rNk2l+5U4X0VgPVHXawN+UOk8uIo
pvtPyn87lA6b9Oz9ngBue61o5Pk02sBS7HZ0BIRP4n9/pDx2EbsMuJBqg1QAat/O
9PC3/rr/8iJccFKAz0JtDLstOniGbraqTHPa5rYY4yZMkTwNdyEGfCBm4KvvYt4A
vV7SewpSxS9QPec7Rjh6gjR8Qn97pkYpOQrRW9Knx/xmpCgsFH4OvEQ4i0WRj1hP
V0ldnTBw9oGfIsE7KsD6OqBU+A8dt/iKZjAoJhr3uM9+tbnLNilZhEnH1OVq5zLl
d6rm7J3R6Xq9WRrRRybv
=QSS5
-----END PGP SIGNATURE-----

gpgv: unknown type of key resource 'trustedkeys.kbx'
gpgv: keyblock resource '/sbuild-nonexistent/.gnupg/trustedkeys.kbx': General error
gpgv: Signature made Mon Aug 11 17:34:03 2014 UTC
gpgv:                using RSA key BB3A68018649AA06
gpgv: Can't check signature: No public key
dpkg-source: warning: failed to verify signature on ./libtrycatch-perl_1.003002-2.dsc
dpkg-source: info: extracting libtrycatch-perl in /<<PKGBUILDDIR>>
dpkg-source: info: unpacking libtrycatch-perl_1.003002.orig.tar.gz
dpkg-source: info: unpacking libtrycatch-perl_1.003002-2.debian.tar.xz

Check disk space
----------------

Sufficient free space for build

User Environment
----------------

APT_CONFIG=/var/lib/sbuild/apt.conf
HOME=/sbuild-nonexistent
LANG=C.UTF-8
LC_ALL=C.UTF-8
LOGNAME=user42
PATH=/usr/local/sbin:/usr/local/bin:/usr/sbin:/usr/bin:/sbin:/bin:/usr/games
SCHROOT_ALIAS_NAME=unstable
SCHROOT_CHROOT_NAME=sid-amd64-sbuild
SCHROOT_COMMAND=env
SCHROOT_GID=1001
SCHROOT_GROUP=user42
SCHROOT_SESSION_ID=sid-amd64-sbuild-8c036842-dba3-4047-b494-95896f0bb458
SCHROOT_UID=1001
SCHROOT_USER=user42
SHELL=/bin/sh
USER=user42

dpkg-buildpackage
-----------------

Command: dpkg-buildpackage -us -uc -b -rfakeroot
dpkg-buildpackage: info: source package libtrycatch-perl
dpkg-buildpackage: info: source version 1.003002-2
dpkg-buildpackage: info: source distribution unstable
dpkg-buildpackage: info: source changed by gregor herrmann <gregoa@debian.org>
 dpkg-source --before-build .
dpkg-buildpackage: info: host architecture amd64
 fakeroot debian/rules clean
CDBS WARNING:  copyright-check disabled - licensecheck is missing.
test -x debian/rules
rm -f debian/stamp-makefile-build debian/stamp-makefile-install
/usr/bin/make -C . OPTIMIZE="-g -O2 -fdebug-prefix-map=/<<PKGBUILDDIR>>=. -fstack-protector-strong -Wformat -Werror=format-security -D_REENTRANT -D_GNU_SOURCE -DDEBIAN -fwrapv -fno-strict-aliasing -pipe -I/usr/local/include -D_LARGEFILE_SOURCE -D_FILE_OFFSET_BITS=64 -Wdate-time -D_FORTIFY_SOURCE=2 -D_REENTRANT -D_GNU_SOURCE -DDEBIAN -fwrapv -fno-strict-aliasing -pipe -I/usr/local/include" LDDLFLAGS="-Wl,-z,relro -shared -L/usr/local/lib -fstack-protector-strong" -k clean
make[1]: Entering directory '/<<PKGBUILDDIR>>'
make[1]: *** No rule to make target 'clean'.
make[1]: Leaving directory '/<<PKGBUILDDIR>>'
make: [/usr/share/cdbs/1/class/makefile.mk:91: makefile-clean] Error 2 (ignored)
rm -f debian/stamp-makefile-check
rm -f debian/copyright_newhints
rm -f debian/cdbs-install-list debian/cdbs-package-list debian/stamp-copyright-check
rm -rf "debian/upstream-cruft"
rm -f debian/stamp-upstream-cruft
dh_clean 
dh_clean: warning: Compatibility levels before 9 are deprecated (level 8 in use)
 debian/rules build
CDBS WARNING:  copyright-check disabled - licensecheck is missing.
test -x debian/rules
mkdir -p "."

Scanning upstream source for new/changed copyright notices...

set -e; LC_ALL=C.UTF-8 /usr/bin/licensecheck --check '.*' --recursive --copyright --deb-fmt --ignore '^(debian/(changelog|copyright(|_hints|_newhints)))$' --lines 0 -- * | /usr/lib/cdbs/licensecheck2dep5 > debian/copyright_newhints
/bin/sh: 1: /usr/bin/licensecheck: not found
0 combinations of copyright and licensing found.
WARNING: 			New or changed notices discovered:

Format: https://www.debian.org/doc/packaging-manuals/copyright-format/1.0/

To fix the situation please do the following:
  1) Examine debian/copyright_* and referenced files
  2) Update debian/copyright as needed
  3) Replace debian/copyright_hints with debian/copyright_newhints
touch debian/stamp-copyright-check
touch debian/stamp-upstream-cruft
cd . && /usr/bin/perl -I. Makefile.PL NOECHO= INSTALLDIRS=vendor
*** Module::AutoInstall version 1.06
*** Checking for Perl dependencies...
[Core Features]
- Test::More                ...loaded. (1.302162 >= 0.88)
- Test::Exception           ...loaded. (0.43)
- B::Hooks::OP::Check       ...loaded. (0.22 >= 0.18)
- B::Hooks::OP::PPAddr      ...loaded. (0.06 >= 0.03)
- Parse::Method::Signatures ...loaded. (1.003019 >= 1.003012)
- B::Hooks::EndOfScope      ...loaded. (0.24 >= 0.12)
- Devel::Declare            ...loaded. (0.006019 >= 0.005007)
- Moose                     ...loaded. (2.2012)
- MooseX::Types             ...loaded. (0.50)
- Scope::Upper              ...loaded. (0.32 >= 0.06)
- Variable::Magic           ...loaded. (0.62 >= 0.28)
- Sub::Exporter             ...loaded. (0.987 >= 0.979)
- XSLoader                  ...loaded. (0.30)
- namespace::clean          ...loaded. (0.27 >= 0.20)
*** Module::AutoInstall configuration finished.
Checking if your kit is complete...
Looks good
Generating a Unix-style Makefile
Writing Makefile for TryCatch
Writing MYMETA.yml and MYMETA.json
/usr/bin/make -C . OPTIMIZE="-g -O2 -fdebug-prefix-map=/<<PKGBUILDDIR>>=. -fstack-protector-strong -Wformat -Werror=format-security -D_REENTRANT -D_GNU_SOURCE -DDEBIAN -fwrapv -fno-strict-aliasing -pipe -I/usr/local/include -D_LARGEFILE_SOURCE -D_FILE_OFFSET_BITS=64 -Wdate-time -D_FORTIFY_SOURCE=2 -D_REENTRANT -D_GNU_SOURCE -DDEBIAN -fwrapv -fno-strict-aliasing -pipe -I/usr/local/include" LDDLFLAGS="-Wl,-z,relro -shared -L/usr/local/lib -fstack-protector-strong" all
make[1]: Entering directory '/<<PKGBUILDDIR>>'
"/usr/bin/perl" "-Iinc" -MExtUtils::Command -e 'mkpath' -- blib/lib
chmod 755 blib/lib
touch blib/lib/.exists
"/usr/bin/perl" "-Iinc" -MExtUtils::Command -e 'mkpath' -- blib/arch
chmod 755 blib/arch
touch blib/arch/.exists
"/usr/bin/perl" "-Iinc" -MExtUtils::Command -e 'mkpath' -- blib/lib/auto/TryCatch
chmod 755 blib/lib/auto/TryCatch
touch blib/lib/auto/TryCatch/.exists
"/usr/bin/perl" "-Iinc" -MExtUtils::Command -e 'mkpath' -- blib/arch/auto/TryCatch
chmod 755 blib/arch/auto/TryCatch
touch blib/arch/auto/TryCatch/.exists
"/usr/bin/perl" "-Iinc" -MExtUtils::Command -e 'mkpath' -- blib/bin
chmod 755 blib/bin
touch blib/bin/.exists
"/usr/bin/perl" "-Iinc" -MExtUtils::Command -e 'mkpath' -- blib/script
chmod 755 blib/script
touch blib/script/.exists
"/usr/bin/perl" "-Iinc" -MExtUtils::Command -e 'mkpath' -- blib/man1
chmod 755 blib/man1
touch blib/man1/.exists
"/usr/bin/perl" "-Iinc" -MExtUtils::Command -e 'mkpath' -- blib/man3
chmod 755 blib/man3
touch blib/man3/.exists
true
true
true
true
true
"/usr/bin/perl" "-Iinc" -MExtUtils::Install -e 'pm_to_blib({@ARGV}, '\''blib/lib/auto'\'', q[], '\''755'\'')' -- \
  'lib/TryCatch.pm' 'blib/lib/TryCatch.pm' 
cp lib/TryCatch.pm blib/lib/TryCatch.pm
touch pm_to_blib
true
echo "Running Mkbootstrap for TryCatch ()"
Running Mkbootstrap for TryCatch ()
"/usr/bin/perl" "-Iinc" \
	"-MExtUtils::Mkbootstrap" \
	-e "Mkbootstrap('TryCatch','');"
touch "TryCatch.bs"
chmod 644 "TryCatch.bs"
rm -rf blib/arch/auto/TryCatch/TryCatch.bs
"/usr/bin/perl" "-Iinc" -MExtUtils::Command::MM -e 'cp_nonempty' -- TryCatch.bs blib/arch/auto/TryCatch/TryCatch.bs 644
"/usr/bin/perl" "-Iinc" "/usr/share/perl/5.30/ExtUtils/xsubpp"  -typemap '/usr/share/perl/5.30/ExtUtils/typemap'  TryCatch.xs > TryCatch.xsc
mv TryCatch.xsc TryCatch.c
x86_64-linux-gnu-gcc -c  -I/<<PKGBUILDDIR>>/inc/EUDeps/B/Hooks/OP/Check/Install -I/<<PKGBUILDDIR>>/inc/EUDeps/B/Hooks/OP/PPAddr/Install -D_REENTRANT -D_GNU_SOURCE -DDEBIAN -fwrapv -fno-strict-aliasing -pipe -I/usr/local/include -D_LARGEFILE_SOURCE -D_FILE_OFFSET_BITS=64 -g -O2 -fdebug-prefix-map=/<<PKGBUILDDIR>>=. -fstack-protector-strong -Wformat -Werror=format-security -D_REENTRANT -D_GNU_SOURCE -DDEBIAN -fwrapv -fno-strict-aliasing -pipe -I/usr/local/include -D_LARGEFILE_SOURCE -D_FILE_OFFSET_BITS=64 -Wdate-time -D_FORTIFY_SOURCE=2 -D_REENTRANT -D_GNU_SOURCE -DDEBIAN -fwrapv -fno-strict-aliasing -pipe -I/usr/local/include   -DVERSION=\"1.003002\" -DXS_VERSION=\"1.003002\" -fPIC "-I/usr/lib/x86_64-linux-gnu/perl/5.30/CORE"   TryCatch.c
TryCatch.xs:263:5: warning: ignoring return value of function declared with 'warn_unused_result' attribute [-Wunused-result]
    av_shift(av);
    ^~~~~~~~~~~~
/usr/lib/x86_64-linux-gnu/perl/5.30/CORE/embed.h:65:22: note: expanded from macro 'av_shift'
#define av_shift(a)             Perl_av_shift(aTHX_ a)
                                ^~~~~~~~~~~~~ ~~~~~~~
1 warning generated.
rm -f blib/arch/auto/TryCatch/TryCatch.so
x86_64-linux-gnu-gcc  -Wl,-z,relro -shared -L/usr/local/lib -fstack-protector-strong  TryCatch.o  -o blib/arch/auto/TryCatch/TryCatch.so  \
      \
  
chmod 755 blib/arch/auto/TryCatch/TryCatch.so
true
true
true
true
true
"/usr/bin/perl" "-Iinc" "-MExtUtils::Command::MM" -e pod2man "--" --section=3pm --perm_rw=644 -u \
  lib/TryCatch.pm blib/man3/TryCatch.3pm 
Manifying 1 pod document
true
make[1]: Leaving directory '/<<PKGBUILDDIR>>'
touch debian/stamp-makefile-build
/usr/bin/make -C . OPTIMIZE="-g -O2 -fdebug-prefix-map=/<<PKGBUILDDIR>>=. -fstack-protector-strong -Wformat -Werror=format-security -D_REENTRANT -D_GNU_SOURCE -DDEBIAN -fwrapv -fno-strict-aliasing -pipe -I/usr/local/include -D_LARGEFILE_SOURCE -D_FILE_OFFSET_BITS=64 -Wdate-time -D_FORTIFY_SOURCE=2 -D_REENTRANT -D_GNU_SOURCE -DDEBIAN -fwrapv -fno-strict-aliasing -pipe -I/usr/local/include" LDDLFLAGS="-Wl,-z,relro -shared -L/usr/local/lib -fstack-protector-strong" test TEST_VERBOSE=1
make[1]: Entering directory '/<<PKGBUILDDIR>>'
true
true
true
true
true
rm -rf blib/arch/auto/TryCatch/TryCatch.bs
"/usr/bin/perl" "-Iinc" -MExtUtils::Command::MM -e 'cp_nonempty' -- TryCatch.bs blib/arch/auto/TryCatch/TryCatch.bs 644
true
true
true
true
true
true
PERL_DL_NONLAZY=1 "/usr/bin/perl" "-MExtUtils::Command::MM" "-MTest::Harness" "-e" "undef *Test::Harness::Switches; test_harness(1, 'inc', 'blib/lib', 'blib/arch')" t/catch_01.t t/context.t t/destroy.t t/handwritten.t t/invalid.t t/method.t t/mx_types_structured.t t/nested.t t/simple.t t/types.t t/xml_sax_expat.t
t/catch_01.t ............. 
ok 1 - use TryCatch;
ok 2 - simple_return
ok 3 - simple_die
ok 4 - simple_catch_type
ok 5 - simple_catch_type
ok 6 - simple_catch_type
ok 7 - simple_catch_type
ok 8 - No catch-all causes error to propogate
ok 9 - Caught error in catch all
ok 10 - Catch-all doesn't cause error to propogate
ok 11 - 'die' propogates errors as expected
1..11
ok
t/context.t .............. 
ok 1 - Scalar try context preserved
ok 2 - Array try context preserved
ok 3 - void try context preserved
ok 4 - Scalar catch context preserved
ok 5 - Array catch context preserved
ok 6 - void catch context preserved
1..6
ok
t/destroy.t .............. 
old die handler
caught error 'ERROR at t/destroy.t line 27.
'
old die handler
caught error 'ERROR at t/destroy.t line 27.
'
not ok 1 # TODO work out what this needs to test
#   Failed (TODO) test at t/destroy.t line 44.
1..1
ok
t/handwritten.t .......... 
1..4
ok 1
ok 2
ok 3
ok 4
ok
Bareword found where operator expected at (eval 366) line 1, near "} catch"
	(Missing operator before catch?)
t/invalid.t .............. 
ok 1 - no block after try
ok 2 - Error from line 4
ok 3 - no block after catch
ok 4 - Error from line 5
ok 5 - invalid catch signature
ok 6 - Error from line 4
ok 7 - invalid catch signature (missing parenthesis)
ok 8 - Error from line 4
ok 9 - bareword between try and catch
ok 10 - Error from line 3
ok 11 - catch is not special
ok 12 - Error from line 3
ok 13 - try is not too reserved
ok 14 - catch is not special
# syntax error at (eval 388) line 8, near ";="
not ok 15 - POD doesn't interfer with things. # TODO Sort out POD
#   Failed (TODO) test 'POD doesn't interfer with things.'
#   at t/invalid.t line 111.
1..15
ok
t/method.t ............... 
1..3
ok 1 - function
ok 2 - class method
ok 3 - instance method
ok
t/mx_types_structured.t .. 
1..3
ok 1 - use TryCatch;
ok 2 - where condition 1
ok 3 - where condition 2
ok
t/nested.t ............... 
ok 1 - nested try
ok 2 - nested try (as method)
ok 3 - call nested try
ok 4 - call nested try (as method)
ok 5 - nested catch
ok 6 - Nested try-catch in same function behaves
ok 7 - nested rethrow
1..7
ok
t/simple.t ............... 
ok 1 - use TryCatch;
ok 2 - try with explicit return
ok 3 - try without explicity return
ok 4 - use in try block
ok 5 - Catch block not run
ok 6 - No warnings from try in not in sub
1..6
ok
t/types.t ................ 
Error catched
ok 1 - Types dont need to be pre-declared
ok 2 - Types can be declared without a var name
1..2
ok
t/xml_sax_expat.t ........ 
1..5
ok 1
ok 2
ok 3
ok 4
ok 5
Completed successfully
ok
All tests successful.
Files=11, Tests=63,  5 wallclock secs ( 0.04 usr  0.01 sys +  4.72 cusr  0.41 csys =  5.18 CPU)
Result: PASS
true
make[1]: Leaving directory '/<<PKGBUILDDIR>>'
touch debian/stamp-makefile-check
 fakeroot debian/rules binary
CDBS WARNING:  copyright-check disabled - licensecheck is missing.
test -x debian/rules
dh_testroot
dh_prep 
dh_installdirs -A 
dh_installdirs: warning: Compatibility levels before 9 are deprecated (level 8 in use)
mkdir -p "."
/usr/bin/make -C . OPTIMIZE="-g -O2 -fdebug-prefix-map=/<<PKGBUILDDIR>>=. -fstack-protector-strong -Wformat -Werror=format-security -D_REENTRANT -D_GNU_SOURCE -DDEBIAN -fwrapv -fno-strict-aliasing -pipe -I/usr/local/include -D_LARGEFILE_SOURCE -D_FILE_OFFSET_BITS=64 -Wdate-time -D_FORTIFY_SOURCE=2 -D_REENTRANT -D_GNU_SOURCE -DDEBIAN -fwrapv -fno-strict-aliasing -pipe -I/usr/local/include" LDDLFLAGS="-Wl,-z,relro -shared -L/usr/local/lib -fstack-protector-strong" install DESTDIR=" /<<PKGBUILDDIR>>/debian/libtrycatch-perl"
make[1]: Entering directory '/<<PKGBUILDDIR>>'
true
true
true
true
true
true
rm -rf blib/arch/auto/TryCatch/TryCatch.bs
"/usr/bin/perl" "-Iinc" -MExtUtils::Command::MM -e 'cp_nonempty' -- TryCatch.bs blib/arch/auto/TryCatch/TryCatch.bs 644
true
true
true
true
true
"/usr/bin/perl" "-Iinc" "-MExtUtils::Command::MM" -e pod2man "--" --section=3pm --perm_rw=644 -u \
  lib/TryCatch.pm blib/man3/TryCatch.3pm 
Manifying 1 pod document
true
umask 022; "/usr/bin/perl" "-Iinc" -MExtUtils::Install -e 'install([ from_to => {@ARGV}, verbose => '\''0'\'', uninstall_shadows => '\''0'\'', dir_mode => '\''755'\'' ]);' -- \
	"blib/lib" "/<<PKGBUILDDIR>>/debian/libtrycatch-perl/usr/share/perl5" \
	"blib/arch" "/<<PKGBUILDDIR>>/debian/libtrycatch-perl/usr/lib/x86_64-linux-gnu/perl5/5.30" \
	"blib/bin" "/<<PKGBUILDDIR>>/debian/libtrycatch-perl/usr/bin" \
	"blib/script" "/<<PKGBUILDDIR>>/debian/libtrycatch-perl/usr/bin" \
	"blib/man1" "/<<PKGBUILDDIR>>/debian/libtrycatch-perl/usr/share/man/man1" \
	"blib/man3" "/<<PKGBUILDDIR>>/debian/libtrycatch-perl/usr/share/man/man3"
Files found in blib/arch: installing files in blib/lib into architecture dependent library tree
Installing /<<PKGBUILDDIR>>/debian/libtrycatch-perl/usr/lib/x86_64-linux-gnu/perl5/5.30/auto/TryCatch/TryCatch.so
Installing /<<PKGBUILDDIR>>/debian/libtrycatch-perl/usr/lib/x86_64-linux-gnu/perl5/5.30/TryCatch.pm
Installing /<<PKGBUILDDIR>>/debian/libtrycatch-perl/usr/share/man/man3/TryCatch.3pm
true
true
true
make[1]: Leaving directory '/<<PKGBUILDDIR>>'
touch debian/stamp-makefile-install
Adding cdbs dependencies to debian/libtrycatch-perl.substvars
dh_installdirs -plibtrycatch-perl \
	
dh_installdirs: warning: Compatibility levels before 9 are deprecated (level 8 in use)
dh_installdocs -plibtrycatch-perl ./README
dh_installdocs: warning: Compatibility levels before 9 are deprecated (level 8 in use)
dh_installexamples -plibtrycatch-perl 
dh_installexamples: warning: Compatibility levels before 9 are deprecated (level 8 in use)
dh_installman -plibtrycatch-perl 
dh_installman: warning: Compatibility levels before 9 are deprecated (level 8 in use)
dh_installinfo -plibtrycatch-perl 
dh_installinfo: warning: Compatibility levels before 9 are deprecated (level 8 in use)
dh_installmenu -plibtrycatch-perl 
dh_installcron -plibtrycatch-perl 
dh_systemd_enable -plibtrycatch-perl 
dh_systemd_enable: warning: Compatibility levels before 9 are deprecated (level 8 in use)
dh_installinit -plibtrycatch-perl 
dh_installinit: warning: Compatibility levels before 9 are deprecated (level 8 in use)
dh_installdebconf -plibtrycatch-perl 
dh_installemacsen -plibtrycatch-perl 
dh_installcatalogs -plibtrycatch-perl 
dh_installpam -plibtrycatch-perl 
dh_installlogrotate -plibtrycatch-perl 
dh_installlogcheck -plibtrycatch-perl 
dh_installchangelogs -plibtrycatch-perl ./Changes
dh_installudev -plibtrycatch-perl 
dh_lintian -plibtrycatch-perl 
dh_bugfiles -plibtrycatch-perl 
dh_install -plibtrycatch-perl 
dh_install: warning: Compatibility levels before 9 are deprecated (level 8 in use)
dh_systemd_start -plibtrycatch-perl 
dh_systemd_start: warning: Compatibility levels before 9 are deprecated (level 8 in use)
dh_link -plibtrycatch-perl 
dh_buildinfo -plibtrycatch-perl 
dh_installmime -plibtrycatch-perl 
dh_installgsettings -plibtrycatch-perl 
rm -f /<<PKGBUILDDIR>>/debian/libtrycatch-perl///usr/lib/x86_64-linux-gnu/perl5/5.30/bench*
dh_strip -plibtrycatch-perl  
dh_strip: warning: Compatibility levels before 9 are deprecated (level 8 in use)
dh_strip_nondeterminism -plibtrycatch-perl 
dh_compress -plibtrycatch-perl 
dh_compress: warning: Compatibility levels before 9 are deprecated (level 8 in use)
dh_fixperms -plibtrycatch-perl 
dh_makeshlibs -plibtrycatch-perl  
dh_makeshlibs: warning: Compatibility levels before 9 are deprecated (level 8 in use)
dh_installdeb -plibtrycatch-perl 
dh_installdeb: warning: Compatibility levels before 9 are deprecated (level 8 in use)
dh_perl -plibtrycatch-perl 
dh_shlibdeps -plibtrycatch-perl 
dh_shlibdeps: warning: Compatibility levels before 9 are deprecated (level 8 in use)
dh_gencontrol -plibtrycatch-perl  
dh_md5sums -plibtrycatch-perl 
dh_builddeb -plibtrycatch-perl 
dpkg-deb: building package 'libtrycatch-perl' in '../libtrycatch-perl_1.003002-2_amd64.deb'.
dpkg-deb: building package 'libtrycatch-perl-dbgsym' in '../libtrycatch-perl-dbgsym_1.003002-2_amd64.deb'.
 dpkg-genbuildinfo --build=binary
 dpkg-genchanges --build=binary >../libtrycatch-perl_1.003002-2_amd64.changes
dpkg-genchanges: info: binary-only upload (no source code included)
 dpkg-source --after-build .
dpkg-buildpackage: info: binary-only upload (no source included)
--------------------------------------------------------------------------------
Build finished at 2020-02-25T00:26:43Z

Finished
--------

I: Built successfully

+------------------------------------------------------------------------------+
| Changes                                                                      |
+------------------------------------------------------------------------------+


libtrycatch-perl_1.003002-2_amd64.changes:
------------------------------------------

Format: 1.8
Date: Mon, 11 Aug 2014 19:33:07 +0200
Source: libtrycatch-perl
Binary: libtrycatch-perl libtrycatch-perl-dbgsym
Architecture: amd64
Version: 1.003002-2
Distribution: unstable
Urgency: low
Maintainer: Debian Perl Group <pkg-perl-maintainers@lists.alioth.debian.org>
Changed-By: gregor herrmann <gregoa@debian.org>
Description:
 libtrycatch-perl - first class try catch semantics for Perl
Changes:
 libtrycatch-perl (1.003002-2) unstable; urgency=low
 .
   * Team upload.
 .
   [ Axel Beckert ]
   * debian/copyright: migrate pre-1.0 format to 1.0 using "cme fix dpkg-
     copyright"
 .
   [ gregor herrmann ]
   * Use $Config{vendorarch} to get library path in debian/rules.
Checksums-Sha1:
 dc58aec3ba5e8a73a437128addf2389d6d0e846c 25020 libtrycatch-perl-dbgsym_1.003002-2_amd64.deb
 39cfd9f614c5f16f3638c5322a52c9e22cfbb110 9887 libtrycatch-perl_1.003002-2_amd64.buildinfo
 50557ca6da98ece5b6b701089bdee28999a10edc 22276 libtrycatch-perl_1.003002-2_amd64.deb
Checksums-Sha256:
 6e9f65eb8fded6f9a06ddde736f07ec637061005f6bf1a416559343df65c258b 25020 libtrycatch-perl-dbgsym_1.003002-2_amd64.deb
 236e6d3cd8ab081ae198178b253832b4c068245c4408d294ae85443cc03ede1e 9887 libtrycatch-perl_1.003002-2_amd64.buildinfo
 6fbd882b865b64482e7dac62eecc191192c407f4d8197dc4648be096a8df2007 22276 libtrycatch-perl_1.003002-2_amd64.deb
Files:
 91c265b89f194b6323ac6bca263ef762 25020 debug optional libtrycatch-perl-dbgsym_1.003002-2_amd64.deb
 731a2cb23068d64cdc08f1ef19d95ce2 9887 perl optional libtrycatch-perl_1.003002-2_amd64.buildinfo
 979c50a934cbad7c30cabea7cf6293a5 22276 perl optional libtrycatch-perl_1.003002-2_amd64.deb

+------------------------------------------------------------------------------+
| Buildinfo                                                                    |
+------------------------------------------------------------------------------+

Format: 1.0
Source: libtrycatch-perl
Binary: libtrycatch-perl
Architecture: amd64
Version: 1.003002-2
Checksums-Md5:
 91c265b89f194b6323ac6bca263ef762 25020 libtrycatch-perl-dbgsym_1.003002-2_amd64.deb
 979c50a934cbad7c30cabea7cf6293a5 22276 libtrycatch-perl_1.003002-2_amd64.deb
Checksums-Sha1:
 dc58aec3ba5e8a73a437128addf2389d6d0e846c 25020 libtrycatch-perl-dbgsym_1.003002-2_amd64.deb
 50557ca6da98ece5b6b701089bdee28999a10edc 22276 libtrycatch-perl_1.003002-2_amd64.deb
Checksums-Sha256:
 6e9f65eb8fded6f9a06ddde736f07ec637061005f6bf1a416559343df65c258b 25020 libtrycatch-perl-dbgsym_1.003002-2_amd64.deb
 6fbd882b865b64482e7dac62eecc191192c407f4d8197dc4648be096a8df2007 22276 libtrycatch-perl_1.003002-2_amd64.deb
Build-Origin: Debian
Build-Architecture: amd64
Build-Date: Tue, 25 Feb 2020 00:26:43 +0000
Build-Path: /<<PKGBUILDDIR>>
Installed-Build-Depends:
 adduser (= 3.118),
 autoconf (= 2.69-11.1),
 automake (= 1:1.16.1-4),
 autopoint (= 0.19.8.1-10),
 autotools-dev (= 20180224.1),
 base-files (= 11),
 base-passwd (= 3.5.47),
 bash (= 5.0-5),
 binutils (= 2.34-3),
 binutils-common (= 2.34-3),
 binutils-x86-64-linux-gnu (= 2.34-3),
 bsdmainutils (= 11.1.2+b1),
 bsdutils (= 1:2.34-0.1),
 build-essential (= 12.8),
 bzip2 (= 1.0.8-2),
 ca-certificates (= 20190110),
 cdbs (= 0.4.159),
 clang-8 (= 1:8.0.1-7),
 coreutils (= 8.30-3+b1),
 cpp (= 4:9.2.1-3.1),
 cpp-9 (= 9.2.1-29),
 dash (= 0.5.10.2-6),
 debconf (= 1.5.73),
 debhelper (= 12.9),
 debianutils (= 4.9.1),
 devscripts (= 2.20.2),
 dh-autoreconf (= 19),
 dh-buildinfo (= 0.11+nmu2),
 dh-strip-nondeterminism (= 1.6.3-2),
 diffutils (= 1:3.7-3),
 dirmngr (= 2.2.19-1),
 dpkg (= 1.19.7),
 dpkg-dev (= 1.19.7),
 dwz (= 0.13-5),
 fakeroot (= 1.24-1),
 fdisk (= 2.34-0.1),
 file (= 1:5.38-4),
 findutils (= 4.7.0-1),
 g++ (= 4:9.2.1-3.1),
 g++-9 (= 9.2.1-29),
 gcc (= 4:9.2.1-3.1),
 gcc-10-base (= 10-20200222-1),
 gcc-8-base (= 8.3.0-29),
 gcc-9 (= 9.2.1-29),
 gcc-9-base (= 9.2.1-29),
 gettext (= 0.19.8.1-10),
 gettext-base (= 0.19.8.1-10),
 gnupg (= 2.2.19-1),
 gnupg-l10n (= 2.2.19-1),
 gnupg-utils (= 2.2.19-1),
 gpg (= 2.2.19-1),
 gpg-agent (= 2.2.19-1),
 gpg-wks-client (= 2.2.19-1),
 gpg-wks-server (= 2.2.19-1),
 gpgconf (= 2.2.19-1),
 gpgsm (= 2.2.19-1),
 gpgv (= 2.2.19-1),
 grep (= 3.4-1),
 groff-base (= 1.22.4-4),
 gzip (= 1.9-3+b1),
 hostname (= 3.23),
 init-system-helpers (= 1.57),
 intltool-debian (= 0.35.0+20060710.5),
 lib32gcc-s1 (= 10-20200222-1),
 lib32gcc1 (= 1:10-20200222-1),
 lib32stdc++6 (= 10-20200222-1),
 libacl1 (= 2.2.53-5),
 libalgorithm-c3-perl (= 0.10-1),
 libarchive-zip-perl (= 1.67-1),
 libasan5 (= 9.2.1-29),
 libassuan0 (= 2.5.3-7),
 libatomic1 (= 10-20200222-1),
 libattr1 (= 1:2.4.48-5),
 libaudit-common (= 1:2.8.5-2),
 libaudit1 (= 1:2.8.5-2+b1),
 libb-hooks-endofscope-perl (= 0.24-1),
 libb-hooks-op-check-perl (= 0.22-1+b2),
 libb-hooks-op-ppaddr-perl (= 0.06-1+b2),
 libbinutils (= 2.34-3),
 libblkid1 (= 2.34-0.1),
 libbsd0 (= 0.10.0-1),
 libbz2-1.0 (= 1.0.8-2),
 libc-bin (= 2.29-10),
 libc-dev-bin (= 2.29-10),
 libc6 (= 2.29-10),
 libc6-dev (= 2.29-10),
 libc6-i386 (= 2.29-10),
 libcap-ng0 (= 0.7.9-2.1+b1),
 libcarp-clan-perl (= 6.08-1),
 libcc1-0 (= 10-20200222-1),
 libclang-common-8-dev (= 1:8.0.1-7),
 libclang1-8 (= 1:8.0.1-7),
 libclass-c3-perl (= 0.34-1),
 libclass-load-perl (= 0.25-1),
 libclass-load-xs-perl (= 0.10-1+b4),
 libclass-method-modifiers-perl (= 2.13-1),
 libclass-tiny-perl (= 1.006-1),
 libclone-perl (= 0.43-2),
 libcroco3 (= 0.6.13-1),
 libcrypt-dev (= 1:4.4.10-10),
 libcrypt1 (= 1:4.4.10-10),
 libctf-nobfd0 (= 2.34-3),
 libctf0 (= 2.34-3),
 libdata-optlist-perl (= 0.110-1),
 libdb5.3 (= 5.3.28+dfsg1-0.6),
 libdebconfclient0 (= 0.251),
 libdebhelper-perl (= 12.9),
 libdevel-callchecker-perl (= 0.008-1+b1),
 libdevel-declare-perl (= 0.006019-1+b2),
 libdevel-globaldestruction-perl (= 0.14-1),
 libdevel-overloadinfo-perl (= 0.005-1),
 libdevel-partialdump-perl (= 0.20-1),
 libdevel-stacktrace-perl (= 2.0400-1),
 libdist-checkconflicts-perl (= 0.11-1),
 libdpkg-perl (= 1.19.7),
 libdynaloader-functions-perl (= 0.003-1),
 libedit2 (= 3.1-20191231-1),
 libelf1 (= 0.176-1.1),
 libencode-locale-perl (= 1.05-1),
 libeval-closure-perl (= 0.14-1),
 libexpat1 (= 2.2.9-1),
 libexporter-tiny-perl (= 1.002001-1),
 libextutils-depends-perl (= 0.8000-1),
 libfakeroot (= 1.24-1),
 libfdisk1 (= 2.34-0.1),
 libffi7 (= 3.3-3),
 libfile-homedir-perl (= 1.004-1),
 libfile-listing-perl (= 6.04-1),
 libfile-stripnondeterminism-perl (= 1.6.3-2),
 libfile-which-perl (= 1.23-1),
 libgc1c2 (= 1:7.6.4-0.4),
 libgcc-8-dev (= 8.3.0-29),
 libgcc-9-dev (= 9.2.1-29),
 libgcc-s1 (= 10-20200222-1),
 libgcc1 (= 1:10-20200222-1),
 libgcrypt20 (= 1.8.5-5),
 libgdbm-compat4 (= 1.18.1-5),
 libgdbm6 (= 1.18.1-5),
 libglib2.0-0 (= 2.62.4-2),
 libgmp10 (= 2:6.2.0+dfsg-4),
 libgnutls30 (= 3.6.12-2),
 libgomp1 (= 10-20200222-1),
 libgpg-error0 (= 1.37-1),
 libhogweed5 (= 3.5.1+really3.5.1-2),
 libhtml-parser-perl (= 3.72-5),
 libhtml-tagset-perl (= 3.20-4),
 libhtml-tree-perl (= 5.07-2),
 libhttp-cookies-perl (= 6.08-1),
 libhttp-date-perl (= 6.05-1),
 libhttp-message-perl (= 6.18-1),
 libhttp-negotiate-perl (= 6.01-1),
 libicu63 (= 63.2-2),
 libidn2-0 (= 2.2.0-2),
 libimport-into-perl (= 1.002005-1),
 libio-html-perl (= 1.001-1),
 libio-pty-perl (= 1:1.12-1),
 libio-socket-ssl-perl (= 2.067-1),
 libio-string-perl (= 1.08-3),
 libipc-run-perl (= 20180523.0-2),
 libisl22 (= 0.22.1-1),
 libitm1 (= 10-20200222-1),
 libksba8 (= 1.3.5-2),
 libldap-2.4-2 (= 2.4.49+dfsg-1),
 libldap-common (= 2.4.49+dfsg-1),
 liblist-moreutils-perl (= 0.416-1+b5),
 libllvm8 (= 1:8.0.1-7),
 liblsan0 (= 10-20200222-1),
 liblwp-mediatypes-perl (= 6.04-1),
 liblwp-protocol-https-perl (= 6.07-2),
 liblz4-1 (= 1.9.2-2),
 liblzma5 (= 5.2.4-1+b1),
 libmagic-mgc (= 1:5.38-4),
 libmagic1 (= 1:5.38-4),
 libmodule-implementation-perl (= 0.09-1),
 libmodule-runtime-conflicts-perl (= 0.003-1),
 libmodule-runtime-perl (= 0.016-1),
 libmoo-perl (= 2.003006-1),
 libmoose-perl (= 2.2012-2),
 libmoosex-traits-perl (= 0.13-2),
 libmoosex-types-perl (= 0.50-1),
 libmoosex-types-structured-perl (= 0.36-1),
 libmount1 (= 2.34-0.1),
 libmpc3 (= 1.1.0-1),
 libmpdec2 (= 2.4.2-2),
 libmpfr6 (= 4.0.2-1),
 libmpx2 (= 8.3.0-29),
 libmro-compat-perl (= 0.13-1),
 libnamespace-autoclean-perl (= 0.29-1),
 libnamespace-clean-perl (= 0.27-1),
 libncursesw6 (= 6.1+20191019-1),
 libnet-http-perl (= 6.19-1),
 libnet-ssleay-perl (= 1.88-2),
 libnettle7 (= 3.5.1+really3.5.1-2),
 libnpth0 (= 1.6-1),
 libobjc-8-dev (= 8.3.0-29),
 libobjc4 (= 10-20200222-1),
 libp11-kit0 (= 0.23.20-1),
 libpackage-deprecationmanager-perl (= 0.17-1),
 libpackage-stash-perl (= 0.38-1),
 libpackage-stash-xs-perl (= 0.29-1+b1),
 libpam-modules (= 1.3.1-5),
 libpam-modules-bin (= 1.3.1-5),
 libpam-runtime (= 1.3.1-5),
 libpam0g (= 1.3.1-5),
 libparams-classify-perl (= 0.015-1+b2),
 libparams-util-perl (= 1.07-3+b5),
 libparse-method-signatures-perl (= 1.003019-1),
 libpcre2-8-0 (= 10.34-7),
 libpcre3 (= 2:8.39-12+b1),
 libperl5.30 (= 5.30.0-9),
 libpipeline1 (= 1.5.2-2),
 libppi-perl (= 1.270-1),
 libpython3-stdlib (= 3.7.5-3),
 libpython3.7-minimal (= 3.7.6-1+b1),
 libpython3.7-stdlib (= 3.7.6-1+b1),
 libquadmath0 (= 10-20200222-1),
 libreadline8 (= 8.0-3),
 librole-tiny-perl (= 2.001004-1),
 libsasl2-2 (= 2.1.27+dfsg-2),
 libsasl2-modules-db (= 2.1.27+dfsg-2),
 libscope-upper-perl (= 0.32-1+b1),
 libseccomp2 (= 2.4.2-2),
 libselinux1 (= 3.0-1+b1),
 libsemanage-common (= 3.0-1),
 libsemanage1 (= 3.0-1+b1),
 libsepol1 (= 3.0-1),
 libsigsegv2 (= 2.12-2),
 libsmartcols1 (= 2.34-0.1),
 libsqlite3-0 (= 3.31.1-3),
 libssl1.1 (= 1.1.1d-2),
 libstdc++-8-dev (= 8.3.0-29),
 libstdc++-9-dev (= 9.2.1-29),
 libstdc++6 (= 10-20200222-1),
 libstrictures-perl (= 2.000006-1),
 libsub-exporter-formethods-perl (= 0.100052-1),
 libsub-exporter-perl (= 0.987-1),
 libsub-exporter-progressive-perl (= 0.001013-1),
 libsub-identify-perl (= 0.14-1+b2),
 libsub-install-perl (= 0.928-1),
 libsub-name-perl (= 0.26-1),
 libsub-override-perl (= 0.09-2),
 libsub-quote-perl (= 2.006006-1),
 libsub-uplevel-perl (= 0.2800-1),
 libsystemd0 (= 244.3-1),
 libtask-weaken-perl (= 1.06-1),
 libtasn1-6 (= 4.16.0-2),
 libtest-exception-perl (= 0.43-1),
 libtimedate-perl (= 2.3100-1),
 libtinfo6 (= 6.1+20191019-1),
 libtool (= 2.4.6-13),
 libtry-tiny-perl (= 0.30-1),
 libtsan0 (= 10-20200222-1),
 libubsan1 (= 10-20200222-1),
 libuchardet0 (= 0.0.6-3),
 libudev1 (= 244.3-1),
 libunistring2 (= 0.9.10-2),
 liburi-perl (= 1.76-2),
 libuuid1 (= 2.34-0.1),
 libvariable-magic-perl (= 0.62-1+b2),
 libwww-perl (= 6.43-1),
 libwww-robotrules-perl (= 6.02-1),
 libxml-namespacesupport-perl (= 1.12-1),
 libxml-parser-perl (= 2.46-1+b1),
 libxml-sax-base-perl (= 1.09-1),
 libxml-sax-expat-perl (= 0.51-1),
 libxml-sax-perl (= 1.02+dfsg-1),
 libxml2 (= 2.9.10+dfsg-3),
 linux-libc-dev (= 5.4.19-1),
 login (= 1:4.8.1-1),
 lsb-base (= 11.1.0),
 m4 (= 1.4.18-4),
 make (= 4.2.1-1.2),
 man-db (= 2.9.0-2),
 mawk (= 1.3.4.20200120-2),
 mime-support (= 3.64),
 ncurses-base (= 6.1+20191019-1),
 ncurses-bin (= 6.1+20191019-1),
 netbase (= 6.1),
 openssl (= 1.1.1d-2),
 passwd (= 1:4.8.1-1),
 patch (= 2.7.6-6),
 patchutils (= 0.3.4-2+b1),
 perl (= 5.30.0-9),
 perl-base (= 5.30.0-9),
 perl-modules-5.30 (= 5.30.0-9),
 perl-openssl-defaults (= 4),
 pinentry-curses (= 1.1.0-3+b1),
 po-debconf (= 1.0.21),
 python3 (= 3.7.5-3),
 python3-minimal (= 3.7.5-3),
 python3.7 (= 3.7.6-1+b1),
 python3.7-minimal (= 3.7.6-1+b1),
 readline-common (= 8.0-3),
 sed (= 4.7-1),
 sensible-utils (= 0.0.12+nmu1),
 sysvinit-utils (= 2.96-2.1),
 tar (= 1.30+dfsg-6+b1),
 ucf (= 3.0038+nmu1),
 util-linux (= 2.34-0.1),
 wdiff (= 1.2.2-2+b1),
 xz-utils (= 5.2.4-1+b1),
 zlib1g (= 1:1.2.11.dfsg-1.2)
Environment:
 DEB_BUILD_OPTIONS="parallel=4"
 LANG="C.UTF-8"
 LC_ALL="C.UTF-8"
 SOURCE_DATE_EPOCH="1407778387"


+------------------------------------------------------------------------------+
| Package contents                                                             |
+------------------------------------------------------------------------------+


libtrycatch-perl-dbgsym_1.003002-2_amd64.deb
--------------------------------------------

 new Debian package, version 2.0.
 size 25020 bytes: control archive=540 bytes.
     403 bytes,    12 lines      control              
     106 bytes,     1 lines      md5sums              
 Package: libtrycatch-perl-dbgsym
 Source: libtrycatch-perl
 Version: 1.003002-2
 Auto-Built-Package: debug-symbols
 Architecture: amd64
 Maintainer: Debian Perl Group <pkg-perl-maintainers@lists.alioth.debian.org>
 Installed-Size: 39
 Depends: libtrycatch-perl (= 1.003002-2)
 Section: debug
 Priority: optional
 Description: debug symbols for libtrycatch-perl
 Build-Ids: 7e09ae354c51a06ab999dd93b755b8b520d7ca0f

drwxr-xr-x root/root         0 2014-08-11 17:33 ./
drwxr-xr-x root/root         0 2014-08-11 17:33 ./usr/
drwxr-xr-x root/root         0 2014-08-11 17:33 ./usr/lib/
drwxr-xr-x root/root         0 2014-08-11 17:33 ./usr/lib/debug/
drwxr-xr-x root/root         0 2014-08-11 17:33 ./usr/lib/debug/.build-id/
drwxr-xr-x root/root         0 2014-08-11 17:33 ./usr/lib/debug/.build-id/7e/
-rw-r--r-- root/root     29536 2014-08-11 17:33 ./usr/lib/debug/.build-id/7e/09ae354c51a06ab999dd93b755b8b520d7ca0f.debug
drwxr-xr-x root/root         0 2014-08-11 17:33 ./usr/share/
drwxr-xr-x root/root         0 2014-08-11 17:33 ./usr/share/doc/
lrwxrwxrwx root/root         0 2014-08-11 17:33 ./usr/share/doc/libtrycatch-perl-dbgsym -> libtrycatch-perl


libtrycatch-perl_1.003002-2_amd64.deb
-------------------------------------

 new Debian package, version 2.0.
 size 22276 bytes: control archive=1160 bytes.
    1054 bytes,    15 lines      control              
     641 bytes,     8 lines      md5sums              
 Package: libtrycatch-perl
 Version: 1.003002-2
 Architecture: amd64
 Maintainer: Debian Perl Group <pkg-perl-maintainers@lists.alioth.debian.org>
 Installed-Size: 67
 Depends: libc6 (>= 2.3.4), perl (>= 5.30.0-9), perlapi-5.30.0, libdevel-declare-perl, libmoose-perl, libmoosex-types-perl, libparse-method-signatures-perl, libscope-upper-perl, libsub-exporter-perl, libvariable-magic-perl, libb-hooks-endofscope-perl (>= 0.12), libb-hooks-op-check-perl (>= 0.18), libb-hooks-op-ppaddr-perl (>= 0.03), libextutils-depends-perl (>= 0.302), libnamespace-clean-perl (>= 0.20)
 Section: perl
 Priority: optional
 Homepage: http://search.cpan.org/dist/TryCatch/
 Description: first class try catch semantics for Perl
  TryCatch aims to provide a nicer syntax and method to catch errors in
  Perl, similar to what is found in other languages (such as Java, Python
  or C++). The standard method of using "eval {}; if ($@) {}" is often
  prone to subtle bugs, primarily that its far too easy to stomp on the
  error in error handlers. And also eval/if isn't the nicest idiom.

drwxr-xr-x root/root         0 2014-08-11 17:33 ./
drwxr-xr-x root/root         0 2014-08-11 17:33 ./usr/
drwxr-xr-x root/root         0 2014-08-11 17:33 ./usr/lib/
drwxr-xr-x root/root         0 2014-08-11 17:33 ./usr/lib/x86_64-linux-gnu/
drwxr-xr-x root/root         0 2014-08-11 17:33 ./usr/lib/x86_64-linux-gnu/perl5/
drwxr-xr-x root/root         0 2014-08-11 17:33 ./usr/lib/x86_64-linux-gnu/perl5/5.30/
-rw-r--r-- root/root     11945 2013-03-22 03:16 ./usr/lib/x86_64-linux-gnu/perl5/5.30/TryCatch.pm
drwxr-xr-x root/root         0 2014-08-11 17:33 ./usr/lib/x86_64-linux-gnu/perl5/5.30/auto/
drwxr-xr-x root/root         0 2014-08-11 17:33 ./usr/lib/x86_64-linux-gnu/perl5/5.30/auto/TryCatch/
-rw-r--r-- root/root     22848 2014-08-11 17:33 ./usr/lib/x86_64-linux-gnu/perl5/5.30/auto/TryCatch/TryCatch.so
drwxr-xr-x root/root         0 2014-08-11 17:33 ./usr/share/
drwxr-xr-x root/root         0 2014-08-11 17:33 ./usr/share/doc/
drwxr-xr-x root/root         0 2014-08-11 17:33 ./usr/share/doc/libtrycatch-perl/
-rw-r--r-- root/root      3521 2013-03-22 03:18 ./usr/share/doc/libtrycatch-perl/README
-rw-r--r-- root/root      4564 2014-08-11 17:33 ./usr/share/doc/libtrycatch-perl/buildinfo_amd64.gz
-rw-r--r-- root/root      1069 2014-08-11 17:33 ./usr/share/doc/libtrycatch-perl/changelog.Debian.gz
-rw-r--r-- root/root       871 2013-03-22 03:16 ./usr/share/doc/libtrycatch-perl/changelog.gz
-rw-r--r-- root/root      2706 2014-08-11 17:33 ./usr/share/doc/libtrycatch-perl/copyright
drwxr-xr-x root/root         0 2014-08-11 17:33 ./usr/share/man/
drwxr-xr-x root/root         0 2014-08-11 17:33 ./usr/share/man/man3/
-rw-r--r-- root/root      2763 2014-08-11 17:33 ./usr/share/man/man3/TryCatch.3pm.gz


+------------------------------------------------------------------------------+
| Post Build                                                                   |
+------------------------------------------------------------------------------+


+------------------------------------------------------------------------------+
| Cleanup                                                                      |
+------------------------------------------------------------------------------+

Purging /<<BUILDDIR>>
Not cleaning session: cloned chroot in use

+------------------------------------------------------------------------------+
| Summary                                                                      |
+------------------------------------------------------------------------------+

Build Architecture: amd64
Build Type: binary
Build-Space: 1160
Build-Time: 12
Distribution: unstable
Host Architecture: amd64
Install-Time: 20
Job: libtrycatch-perl_1.003002-2
Machine Architecture: amd64
Package: libtrycatch-perl
Package-Time: 50
Source-Version: 1.003002-2
Space: 1160
Status: successful
Version: 1.003002-2
--------------------------------------------------------------------------------
Finished at 2020-02-25T00:26:43Z
Build needed 00:00:50, 1160k disk space
DC-Status: OK 51.716417627s
DC-Time-Estimation: 51.716417627 versus expected 157 (r/m: 2.0357864524249987 ; m: 51.716417627)
