DC-Build-Header: nqp 2019.11+dfsg-2 / 2020-02-25 00:37:11 +0000
DC-Task: type:rebuild-binarch-only source:nqp version:2019.11+dfsg-2 chroot:unstable esttime:152 logfile:/tmp/nqp_2019.11+dfsg-2_unstable_clang8.log modes:clang8:binarch-only
DC-Sbuild-call: su user42 -c 'sbuild -n --arch-any --apt-update -d unstable -v --no-run-lintian --chroot-setup-commands=/tmp/clang8 nqp_2019.11+dfsg-2'
sbuild (Debian sbuild) 0.78.1 (09 February 2019) on ip-172-31-9-232.eu-central-1.compute.internal

+==============================================================================+
| nqp 2019.11+dfsg-2 (amd64)                   Tue, 25 Feb 2020 00:37:12 +0000 |
+==============================================================================+

Package: nqp
Version: 2019.11+dfsg-2
Source Version: 2019.11+dfsg-2
Distribution: unstable
Machine Architecture: amd64
Host Architecture: amd64
Build Architecture: amd64
Build Type: binary

I: NOTICE: Log filtering will replace 'var/run/schroot/mount/sid-amd64-sbuild-15347677-ed55-4b1d-85e3-e0ef8870a249' with '<<CHROOT>>'

+------------------------------------------------------------------------------+
| Chroot Setup Commands                                                        |
+------------------------------------------------------------------------------+


/tmp/clang8
-----------

+ echo 'Entering customization script...'
Entering customization script...
+ CLANG_VERSION=8
+ echo 'Install of clang-8'
Install of clang-8
+ apt-get update
Get:1 http://127.0.0.1:12990/debian sid InRelease [142 kB]
Get:2 http://127.0.0.1:12990/debian sid/main Sources.diff/Index [27.9 kB]
Get:3 http://127.0.0.1:12990/debian sid/main amd64 Packages.diff/Index [27.9 kB]
Get:4 http://127.0.0.1:12990/debian sid/main Sources 2020-02-24-0823.32.pdiff [11.0 kB]
Get:5 http://127.0.0.1:12990/debian sid/main Sources 2020-02-24-1420.34.pdiff [30.2 kB]
Get:6 http://127.0.0.1:12990/debian sid/main Sources 2020-02-24-2014.03.pdiff [16.9 kB]
Get:6 http://127.0.0.1:12990/debian sid/main Sources 2020-02-24-2014.03.pdiff [16.9 kB]
Get:7 http://127.0.0.1:12990/debian sid/main amd64 Packages 2020-02-24-0823.32.pdiff [15.5 kB]
Get:8 http://127.0.0.1:12990/debian sid/main amd64 Packages 2020-02-24-1420.34.pdiff [27.5 kB]
Get:9 http://127.0.0.1:12990/debian sid/main amd64 Packages 2020-02-24-2014.03.pdiff [21.6 kB]
Get:9 http://127.0.0.1:12990/debian sid/main amd64 Packages 2020-02-24-2014.03.pdiff [21.6 kB]
Get:10 http://127.0.0.1:12990/debian sid/main Translation-en [6193 kB]
Fetched 6514 kB in 3s (2249 kB/s)
Reading package lists...
+ apt-get install --yes --no-install-recommends --force-yes clang-8 libomp-8-dev libobjc-9-dev
Reading package lists...
Building dependency tree...
The following additional packages will be installed:
  gcc-8-base lib32gcc-s1 lib32gcc1 lib32stdc++6 libbsd0 libc6-i386
  libclang-common-8-dev libclang1-8 libedit2 libgc1c2 libgcc-8-dev libllvm8
  libmpx2 libobjc-8-dev libobjc4 libomp5-8 libstdc++-8-dev
Suggested packages:
  clang-8-doc libomp-8-doc libstdc++-8-doc
Recommended packages:
  llvm-8-dev python3
The following NEW packages will be installed:
  clang-8 gcc-8-base lib32gcc-s1 lib32gcc1 lib32stdc++6 libbsd0 libc6-i386
  libclang-common-8-dev libclang1-8 libedit2 libgc1c2 libgcc-8-dev libllvm8
  libmpx2 libobjc-8-dev libobjc-9-dev libobjc4 libomp-8-dev libomp5-8
  libstdc++-8-dev
0 upgraded, 20 newly installed, 0 to remove and 1 not upgraded.
Need to get 39.9 MB of archives.
After this operation, 223 MB of additional disk space will be used.
Get:1 http://127.0.0.1:12990/debian sid/main amd64 libbsd0 amd64 0.10.0-1 [107 kB]
Get:2 http://127.0.0.1:12990/debian sid/main amd64 libedit2 amd64 3.1-20191231-1 [95.4 kB]
Get:3 http://127.0.0.1:12990/debian sid/main amd64 libllvm8 amd64 1:8.0.1-7 [13.8 MB]
Get:4 http://127.0.0.1:12990/debian sid/main amd64 gcc-8-base amd64 8.3.0-29 [194 kB]
Get:5 http://127.0.0.1:12990/debian sid/main amd64 libmpx2 amd64 8.3.0-29 [11.4 kB]
Get:6 http://127.0.0.1:12990/debian sid/main amd64 libgcc-8-dev amd64 8.3.0-29 [2297 kB]
Get:7 http://127.0.0.1:12990/debian sid/main amd64 libstdc++-8-dev amd64 8.3.0-29 [1543 kB]
Get:8 http://127.0.0.1:12990/debian sid/main amd64 libgc1c2 amd64 1:7.6.4-0.4 [224 kB]
Get:9 http://127.0.0.1:12990/debian sid/main amd64 libobjc4 amd64 10-20200222-1 [41.6 kB]
Get:10 http://127.0.0.1:12990/debian sid/main amd64 libobjc-8-dev amd64 8.3.0-29 [227 kB]
Get:11 http://127.0.0.1:12990/debian sid/main amd64 libc6-i386 amd64 2.29-10 [2918 kB]
Get:12 http://127.0.0.1:12990/debian sid/main amd64 lib32gcc-s1 amd64 10-20200222-1 [49.4 kB]
Get:13 http://127.0.0.1:12990/debian sid/main amd64 lib32gcc1 amd64 1:10-20200222-1 [1104 B]
Get:14 http://127.0.0.1:12990/debian sid/main amd64 lib32stdc++6 amd64 10-20200222-1 [510 kB]
Get:15 http://127.0.0.1:12990/debian sid/main amd64 libclang-common-8-dev amd64 1:8.0.1-7 [2989 kB]
Get:16 http://127.0.0.1:12990/debian sid/main amd64 libclang1-8 amd64 1:8.0.1-7 [6244 kB]
Get:17 http://127.0.0.1:12990/debian sid/main amd64 clang-8 amd64 1:8.0.1-7 [8010 kB]
Get:18 http://127.0.0.1:12990/debian sid/main amd64 libobjc-9-dev amd64 9.2.1-29 [219 kB]
Get:19 http://127.0.0.1:12990/debian sid/main amd64 libomp5-8 amd64 1:8.0.1-7 [331 kB]
Get:20 http://127.0.0.1:12990/debian sid/main amd64 libomp-8-dev amd64 1:8.0.1-7 [62.3 kB]
debconf: delaying package configuration, since apt-utils is not installed
Fetched 39.9 MB in 1s (55.0 MB/s)
Selecting previously unselected package libbsd0:amd64.
(Reading database ... (Reading database ... 5%(Reading database ... 10%(Reading database ... 15%(Reading database ... 20%(Reading database ... 25%(Reading database ... 30%(Reading database ... 35%(Reading database ... 40%(Reading database ... 45%(Reading database ... 50%(Reading database ... 55%(Reading database ... 60%(Reading database ... 65%(Reading database ... 70%(Reading database ... 75%(Reading database ... 80%(Reading database ... 85%(Reading database ... 90%(Reading database ... 95%(Reading database ... 100%(Reading database ... 12119 files and directories currently installed.)
Preparing to unpack .../00-libbsd0_0.10.0-1_amd64.deb ...
Unpacking libbsd0:amd64 (0.10.0-1) ...
Selecting previously unselected package libedit2:amd64.
Preparing to unpack .../01-libedit2_3.1-20191231-1_amd64.deb ...
Unpacking libedit2:amd64 (3.1-20191231-1) ...
Selecting previously unselected package libllvm8:amd64.
Preparing to unpack .../02-libllvm8_1%3a8.0.1-7_amd64.deb ...
Unpacking libllvm8:amd64 (1:8.0.1-7) ...
Selecting previously unselected package gcc-8-base:amd64.
Preparing to unpack .../03-gcc-8-base_8.3.0-29_amd64.deb ...
Unpacking gcc-8-base:amd64 (8.3.0-29) ...
Selecting previously unselected package libmpx2:amd64.
Preparing to unpack .../04-libmpx2_8.3.0-29_amd64.deb ...
Unpacking libmpx2:amd64 (8.3.0-29) ...
Selecting previously unselected package libgcc-8-dev:amd64.
Preparing to unpack .../05-libgcc-8-dev_8.3.0-29_amd64.deb ...
Unpacking libgcc-8-dev:amd64 (8.3.0-29) ...
Selecting previously unselected package libstdc++-8-dev:amd64.
Preparing to unpack .../06-libstdc++-8-dev_8.3.0-29_amd64.deb ...
Unpacking libstdc++-8-dev:amd64 (8.3.0-29) ...
Selecting previously unselected package libgc1c2:amd64.
Preparing to unpack .../07-libgc1c2_1%3a7.6.4-0.4_amd64.deb ...
Unpacking libgc1c2:amd64 (1:7.6.4-0.4) ...
Selecting previously unselected package libobjc4:amd64.
Preparing to unpack .../08-libobjc4_10-20200222-1_amd64.deb ...
Unpacking libobjc4:amd64 (10-20200222-1) ...
Selecting previously unselected package libobjc-8-dev:amd64.
Preparing to unpack .../09-libobjc-8-dev_8.3.0-29_amd64.deb ...
Unpacking libobjc-8-dev:amd64 (8.3.0-29) ...
Selecting previously unselected package libc6-i386.
Preparing to unpack .../10-libc6-i386_2.29-10_amd64.deb ...
Unpacking libc6-i386 (2.29-10) ...
Selecting previously unselected package lib32gcc-s1.
Preparing to unpack .../11-lib32gcc-s1_10-20200222-1_amd64.deb ...
Unpacking lib32gcc-s1 (10-20200222-1) ...
Selecting previously unselected package lib32gcc1.
Preparing to unpack .../12-lib32gcc1_1%3a10-20200222-1_amd64.deb ...
Unpacking lib32gcc1 (1:10-20200222-1) ...
Selecting previously unselected package lib32stdc++6.
Preparing to unpack .../13-lib32stdc++6_10-20200222-1_amd64.deb ...
Unpacking lib32stdc++6 (10-20200222-1) ...
Selecting previously unselected package libclang-common-8-dev.
Preparing to unpack .../14-libclang-common-8-dev_1%3a8.0.1-7_amd64.deb ...
Unpacking libclang-common-8-dev (1:8.0.1-7) ...
Selecting previously unselected package libclang1-8.
Preparing to unpack .../15-libclang1-8_1%3a8.0.1-7_amd64.deb ...
Unpacking libclang1-8 (1:8.0.1-7) ...
Selecting previously unselected package clang-8.
Preparing to unpack .../16-clang-8_1%3a8.0.1-7_amd64.deb ...
Unpacking clang-8 (1:8.0.1-7) ...
Selecting previously unselected package libobjc-9-dev:amd64.
Preparing to unpack .../17-libobjc-9-dev_9.2.1-29_amd64.deb ...
Unpacking libobjc-9-dev:amd64 (9.2.1-29) ...
Selecting previously unselected package libomp5-8:amd64.
Preparing to unpack .../18-libomp5-8_1%3a8.0.1-7_amd64.deb ...
Unpacking libomp5-8:amd64 (1:8.0.1-7) ...
Selecting previously unselected package libomp-8-dev.
Preparing to unpack .../19-libomp-8-dev_1%3a8.0.1-7_amd64.deb ...
Unpacking libomp-8-dev (1:8.0.1-7) ...
Setting up libgc1c2:amd64 (1:7.6.4-0.4) ...
Setting up libobjc4:amd64 (10-20200222-1) ...
Setting up gcc-8-base:amd64 (8.3.0-29) ...
Setting up libobjc-9-dev:amd64 (9.2.1-29) ...
Setting up libmpx2:amd64 (8.3.0-29) ...
Setting up libc6-i386 (2.29-10) ...
Setting up libbsd0:amd64 (0.10.0-1) ...
Setting up libomp5-8:amd64 (1:8.0.1-7) ...
Setting up libomp-8-dev (1:8.0.1-7) ...
Setting up libedit2:amd64 (3.1-20191231-1) ...
Setting up lib32gcc-s1 (10-20200222-1) ...
Setting up libgcc-8-dev:amd64 (8.3.0-29) ...
Setting up libstdc++-8-dev:amd64 (8.3.0-29) ...
Setting up libllvm8:amd64 (1:8.0.1-7) ...
Setting up libclang1-8 (1:8.0.1-7) ...
Setting up lib32gcc1 (1:10-20200222-1) ...
Setting up libobjc-8-dev:amd64 (8.3.0-29) ...
Setting up lib32stdc++6 (10-20200222-1) ...
Setting up libclang-common-8-dev (1:8.0.1-7) ...
Setting up clang-8 (1:8.0.1-7) ...
Processing triggers for libc-bin (2.29-10) ...
W: --force-yes is deprecated, use one of the options starting with --allow instead.
+ echo 'Replace gcc, g++ & cpp by clang'
Replace gcc, g++ & cpp by clang
+ VERSIONS='4.6 4.7 4.8 4.9 5 6 7 8 9 10'
+ cd /usr/bin
+ for VERSION in $VERSIONS
+ rm -f g++-4.6 gcc-4.6 cpp-4.6 gcc
+ ln -s clang++-8 g++-4.6
+ ln -s clang-8 gcc-4.6
+ ln -s clang-8 cpp-4.6
+ ln -s clang-8 gcc
+ echo 'gcc-4.6 hold'
+ dpkg --set-selections
dpkg: warning: package not in status nor available database at line 1: gcc-4.6
dpkg: warning: found unknown packages; this might mean the available database
is outdated, and needs to be updated through a frontend method;
please see the FAQ <https://wiki.debian.org/Teams/Dpkg/FAQ>
+ echo 'g++-4.6 hold'
+ dpkg --set-selections
dpkg: warning: package not in status nor available database at line 1: g++-4.6
dpkg: warning: found unknown packages; this might mean the available database
is outdated, and needs to be updated through a frontend method;
please see the FAQ <https://wiki.debian.org/Teams/Dpkg/FAQ>
+ for VERSION in $VERSIONS
+ rm -f g++-4.7 gcc-4.7 cpp-4.7 gcc
+ ln -s clang++-8 g++-4.7
+ ln -s clang-8 gcc-4.7
+ ln -s clang-8 cpp-4.7
+ ln -s clang-8 gcc
+ echo 'gcc-4.7 hold'
+ dpkg --set-selections
dpkg: warning: package not in status nor available database at line 1: gcc-4.7
dpkg: warning: found unknown packages; this might mean the available database
is outdated, and needs to be updated through a frontend method;
please see the FAQ <https://wiki.debian.org/Teams/Dpkg/FAQ>
+ echo 'g++-4.7 hold'
+ dpkg --set-selections
dpkg: warning: package not in status nor available database at line 1: g++-4.7
dpkg: warning: found unknown packages; this might mean the available database
is outdated, and needs to be updated through a frontend method;
please see the FAQ <https://wiki.debian.org/Teams/Dpkg/FAQ>
+ for VERSION in $VERSIONS
+ rm -f g++-4.8 gcc-4.8 cpp-4.8 gcc
+ ln -s clang++-8 g++-4.8
+ ln -s clang-8 gcc-4.8
+ ln -s clang-8 cpp-4.8
+ ln -s clang-8 gcc
+ echo 'gcc-4.8 hold'
+ dpkg --set-selections
dpkg: warning: package not in status nor available database at line 1: gcc-4.8
dpkg: warning: found unknown packages; this might mean the available database
is outdated, and needs to be updated through a frontend method;
please see the FAQ <https://wiki.debian.org/Teams/Dpkg/FAQ>
+ echo 'g++-4.8 hold'
+ dpkg --set-selections
dpkg: warning: package not in status nor available database at line 1: g++-4.8
dpkg: warning: found unknown packages; this might mean the available database
is outdated, and needs to be updated through a frontend method;
please see the FAQ <https://wiki.debian.org/Teams/Dpkg/FAQ>
+ for VERSION in $VERSIONS
+ rm -f g++-4.9 gcc-4.9 cpp-4.9 gcc
+ ln -s clang++-8 g++-4.9
+ ln -s clang-8 gcc-4.9
+ ln -s clang-8 cpp-4.9
+ ln -s clang-8 gcc
+ echo 'gcc-4.9 hold'
+ dpkg --set-selections
dpkg: warning: package not in status nor available database at line 1: gcc-4.9
dpkg: warning: found unknown packages; this might mean the available database
is outdated, and needs to be updated through a frontend method;
please see the FAQ <https://wiki.debian.org/Teams/Dpkg/FAQ>
+ echo 'g++-4.9 hold'
+ dpkg --set-selections
dpkg: warning: package not in status nor available database at line 1: g++-4.9
dpkg: warning: found unknown packages; this might mean the available database
is outdated, and needs to be updated through a frontend method;
please see the FAQ <https://wiki.debian.org/Teams/Dpkg/FAQ>
+ for VERSION in $VERSIONS
+ rm -f g++-5 gcc-5 cpp-5 gcc
+ ln -s clang++-8 g++-5
+ ln -s clang-8 gcc-5
+ ln -s clang-8 cpp-5
+ ln -s clang-8 gcc
+ echo 'gcc-5 hold'
+ dpkg --set-selections
dpkg: warning: package not in status nor available database at line 1: gcc-5
dpkg: warning: found unknown packages; this might mean the available database
is outdated, and needs to be updated through a frontend method;
please see the FAQ <https://wiki.debian.org/Teams/Dpkg/FAQ>
+ echo 'g++-5 hold'
+ dpkg --set-selections
dpkg: warning: package not in status nor available database at line 1: g++-5
dpkg: warning: found unknown packages; this might mean the available database
is outdated, and needs to be updated through a frontend method;
please see the FAQ <https://wiki.debian.org/Teams/Dpkg/FAQ>
+ for VERSION in $VERSIONS
+ rm -f g++-6 gcc-6 cpp-6 gcc
+ ln -s clang++-8 g++-6
+ ln -s clang-8 gcc-6
+ ln -s clang-8 cpp-6
+ ln -s clang-8 gcc
+ echo 'gcc-6 hold'
+ dpkg --set-selections
dpkg: warning: package not in status nor available database at line 1: gcc-6
dpkg: warning: found unknown packages; this might mean the available database
is outdated, and needs to be updated through a frontend method;
please see the FAQ <https://wiki.debian.org/Teams/Dpkg/FAQ>
+ echo 'g++-6 hold'
+ dpkg --set-selections
dpkg: warning: package not in status nor available database at line 1: g++-6
dpkg: warning: found unknown packages; this might mean the available database
is outdated, and needs to be updated through a frontend method;
please see the FAQ <https://wiki.debian.org/Teams/Dpkg/FAQ>
+ for VERSION in $VERSIONS
+ rm -f g++-7 gcc-7 cpp-7 gcc
+ ln -s clang++-8 g++-7
+ ln -s clang-8 gcc-7
+ ln -s clang-8 cpp-7
+ ln -s clang-8 gcc
+ echo 'gcc-7 hold'
+ dpkg --set-selections
dpkg: warning: package not in status nor available database at line 1: gcc-7
dpkg: warning: found unknown packages; this might mean the available database
is outdated, and needs to be updated through a frontend method;
please see the FAQ <https://wiki.debian.org/Teams/Dpkg/FAQ>
+ echo 'g++-7 hold'
+ dpkg --set-selections
dpkg: warning: package not in status nor available database at line 1: g++-7
dpkg: warning: found unknown packages; this might mean the available database
is outdated, and needs to be updated through a frontend method;
please see the FAQ <https://wiki.debian.org/Teams/Dpkg/FAQ>
+ for VERSION in $VERSIONS
+ rm -f g++-8 gcc-8 cpp-8 gcc
+ ln -s clang++-8 g++-8
+ ln -s clang-8 gcc-8
+ ln -s clang-8 cpp-8
+ ln -s clang-8 gcc
+ echo 'gcc-8 hold'
+ dpkg --set-selections
dpkg: warning: package not in status nor available database at line 1: gcc-8
dpkg: warning: found unknown packages; this might mean the available database
is outdated, and needs to be updated through a frontend method;
please see the FAQ <https://wiki.debian.org/Teams/Dpkg/FAQ>
+ echo 'g++-8 hold'
+ dpkg --set-selections
dpkg: warning: package not in status nor available database at line 1: g++-8
dpkg: warning: found unknown packages; this might mean the available database
is outdated, and needs to be updated through a frontend method;
please see the FAQ <https://wiki.debian.org/Teams/Dpkg/FAQ>
+ for VERSION in $VERSIONS
+ rm -f g++-9 gcc-9 cpp-9 gcc
+ ln -s clang++-8 g++-9
+ ln -s clang-8 gcc-9
+ ln -s clang-8 cpp-9
+ ln -s clang-8 gcc
+ echo 'gcc-9 hold'
+ dpkg --set-selections
+ echo 'g++-9 hold'
+ dpkg --set-selections
+ for VERSION in $VERSIONS
+ rm -f g++-10 gcc-10 cpp-10 gcc
+ ln -s clang++-8 g++-10
+ ln -s clang-8 gcc-10
+ ln -s clang-8 cpp-10
+ ln -s clang-8 gcc
+ echo 'gcc-10 hold'
+ dpkg --set-selections
dpkg: warning: package not in status nor available database at line 1: gcc-10
dpkg: warning: found unknown packages; this might mean the available database
is outdated, and needs to be updated through a frontend method;
please see the FAQ <https://wiki.debian.org/Teams/Dpkg/FAQ>
+ echo 'g++-10 hold'
+ dpkg --set-selections
dpkg: warning: package not in status nor available database at line 1: g++-10
dpkg: warning: found unknown packages; this might mean the available database
is outdated, and needs to be updated through a frontend method;
please see the FAQ <https://wiki.debian.org/Teams/Dpkg/FAQ>
+ cd -
/build/nqp-W8v9Mt
+ echo 'Check if gcc, g++ & cpp are actually clang'
Check if gcc, g++ & cpp are actually clang
+ gcc --version
+ grep clang
+ cpp --version
+ grep clang
+ g++ --version
+ grep clang

I: Finished running '/tmp/clang8'.

Finished processing commands.
--------------------------------------------------------------------------------
I: NOTICE: Log filtering will replace 'build/nqp-W8v9Mt/resolver-7ayrhI' with '<<RESOLVERDIR>>'

+------------------------------------------------------------------------------+
| Update chroot                                                                |
+------------------------------------------------------------------------------+

Hit:1 http://127.0.0.1:12990/debian sid InRelease
Reading package lists...
Reading package lists...
Building dependency tree...
Reading state information...
Calculating upgrade...
The following packages will be upgraded:
  libgmp10
1 upgraded, 0 newly installed, 0 to remove and 0 not upgraded.
Need to get 253 kB of archives.
After this operation, 0 B of additional disk space will be used.
Get:1 http://127.0.0.1:12990/debian sid/main amd64 libgmp10 amd64 2:6.2.0+dfsg-4 [253 kB]
debconf: delaying package configuration, since apt-utils is not installed
Fetched 253 kB in 0s (3384 kB/s)
(Reading database ... (Reading database ... 5%(Reading database ... 10%(Reading database ... 15%(Reading database ... 20%(Reading database ... 25%(Reading database ... 30%(Reading database ... 35%(Reading database ... 40%(Reading database ... 45%(Reading database ... 50%(Reading database ... 55%(Reading database ... 60%(Reading database ... 65%(Reading database ... 70%(Reading database ... 75%(Reading database ... 80%(Reading database ... 85%(Reading database ... 90%(Reading database ... 95%(Reading database ... 100%(Reading database ... 13887 files and directories currently installed.)
Preparing to unpack .../libgmp10_2%3a6.2.0+dfsg-4_amd64.deb ...
Unpacking libgmp10:amd64 (2:6.2.0+dfsg-4) over (2:6.2.0+dfsg-3) ...
Setting up libgmp10:amd64 (2:6.2.0+dfsg-4) ...
Processing triggers for libc-bin (2.29-10) ...

+------------------------------------------------------------------------------+
| Fetch source files                                                           |
+------------------------------------------------------------------------------+


Check APT
---------

Checking available source versions...

Download source files with APT
------------------------------

Reading package lists...
NOTICE: 'nqp' packaging is maintained in the 'Git' version control system at:
https://salsa.debian.org/perl6-team/nqp.git
Please use:
git clone https://salsa.debian.org/perl6-team/nqp.git
to retrieve the latest (possibly unreleased) updates to the package.
Need to get 1054 kB of source archives.
Get:1 http://127.0.0.1:12990/debian sid/main nqp 2019.11+dfsg-2 (dsc) [2390 B]
Get:2 http://127.0.0.1:12990/debian sid/main nqp 2019.11+dfsg-2 (tar) [1003 kB]
Get:3 http://127.0.0.1:12990/debian sid/main nqp 2019.11+dfsg-2 (diff) [48.2 kB]
Fetched 1054 kB in 0s (7328 kB/s)
Download complete and in download only mode
I: NOTICE: Log filtering will replace 'build/nqp-W8v9Mt/nqp-2019.11+dfsg' with '<<PKGBUILDDIR>>'
I: NOTICE: Log filtering will replace 'build/nqp-W8v9Mt' with '<<BUILDDIR>>'

+------------------------------------------------------------------------------+
| Install package build dependencies                                           |
+------------------------------------------------------------------------------+


Setup apt archive
-----------------

Merged Build-Depends: debhelper (>= 9), libgmp-dev, libjs-jquery, libreadline-dev, libtommath-dev (>= 0.42.0-1.2), moarvm-dev (>= 2019.11~), perl, build-essential, fakeroot
Filtered Build-Depends: debhelper (>= 9), libgmp-dev, libjs-jquery, libreadline-dev, libtommath-dev (>= 0.42.0-1.2), moarvm-dev (>= 2019.11~), perl, build-essential, fakeroot
dpkg-deb: building package 'sbuild-build-depends-main-dummy' in '/<<RESOLVERDIR>>/apt_archive/sbuild-build-depends-main-dummy.deb'.
Ign:1 copy:/<<RESOLVERDIR>>/apt_archive ./ InRelease
Get:2 copy:/<<RESOLVERDIR>>/apt_archive ./ Release [957 B]
Ign:3 copy:/<<RESOLVERDIR>>/apt_archive ./ Release.gpg
Get:4 copy:/<<RESOLVERDIR>>/apt_archive ./ Sources [427 B]
Get:5 copy:/<<RESOLVERDIR>>/apt_archive ./ Packages [508 B]
Fetched 1892 B in 0s (0 B/s)
Reading package lists...
Reading package lists...

Install main build dependencies (apt-based resolver)
----------------------------------------------------

Installing build dependencies
Reading package lists...
Building dependency tree...
Reading state information...
The following additional packages will be installed:
  autoconf automake autopoint autotools-dev bsdmainutils debhelper
  dh-autoreconf dh-strip-nondeterminism dwz file gettext gettext-base
  groff-base intltool-debian libarchive-zip-perl libatomic-ops-dev libcroco3
  libdebhelper-perl libelf1 libffi-dev libfile-stripnondeterminism-perl
  libglib2.0-0 libgmp-dev libgmpxx4ldbl libicu63 libjs-jquery libmagic-mgc
  libmagic1 libncurses-dev libncurses6 libpipeline1 libreadline-dev
  libreadline8 libsigsegv2 libsub-override-perl libtommath-dev libtommath1
  libtool libuchardet0 libuv1 libuv1-dev libxml2 m4 man-db moarvm moarvm-dev
  po-debconf readline-common sensible-utils
Suggested packages:
  autoconf-archive gnu-standards autoconf-doc wamerican | wordlist whois
  vacation dh-make gettext-doc libasprintf-dev libgettextpo-dev groff gmp-doc
  libgmp10-doc libmpfr-dev ncurses-doc readline-doc libtool-doc gfortran
  | fortran95-compiler gcj-jdk m4-doc apparmor less www-browser
  libmail-box-perl
Recommended packages:
  curl | wget | lynx libarchive-cpio-perl libglib2.0-data shared-mime-info
  xdg-user-dirs javascript-common libgpm2 libtommath-doc libltdl-dev
  libmail-sendmail-perl
The following NEW packages will be installed:
  autoconf automake autopoint autotools-dev bsdmainutils debhelper
  dh-autoreconf dh-strip-nondeterminism dwz file gettext gettext-base
  groff-base intltool-debian libarchive-zip-perl libatomic-ops-dev libcroco3
  libdebhelper-perl libelf1 libffi-dev libfile-stripnondeterminism-perl
  libglib2.0-0 libgmp-dev libgmpxx4ldbl libicu63 libjs-jquery libmagic-mgc
  libmagic1 libncurses-dev libncurses6 libpipeline1 libreadline-dev
  libreadline8 libsigsegv2 libsub-override-perl libtommath-dev libtommath1
  libtool libuchardet0 libuv1 libuv1-dev libxml2 m4 man-db moarvm moarvm-dev
  po-debconf readline-common sbuild-build-depends-main-dummy sensible-utils
0 upgraded, 50 newly installed, 0 to remove and 0 not upgraded.
Need to get 23.2 MB of archives.
After this operation, 91.2 MB of additional disk space will be used.
Get:1 copy:/<<RESOLVERDIR>>/apt_archive ./ sbuild-build-depends-main-dummy 0.invalid.0 [928 B]
Get:2 http://127.0.0.1:12990/debian sid/main amd64 bsdmainutils amd64 11.1.2+b1 [191 kB]
Get:3 http://127.0.0.1:12990/debian sid/main amd64 libuchardet0 amd64 0.0.6-3 [64.9 kB]
Get:4 http://127.0.0.1:12990/debian sid/main amd64 groff-base amd64 1.22.4-4 [919 kB]
Get:5 http://127.0.0.1:12990/debian sid/main amd64 libpipeline1 amd64 1.5.2-2 [33.9 kB]
Get:6 http://127.0.0.1:12990/debian sid/main amd64 man-db amd64 2.9.0-2 [1307 kB]
Get:7 http://127.0.0.1:12990/debian sid/main amd64 readline-common all 8.0-3 [72.5 kB]
Get:8 http://127.0.0.1:12990/debian sid/main amd64 libreadline8 amd64 8.0-3 [160 kB]
Get:9 http://127.0.0.1:12990/debian sid/main amd64 sensible-utils all 0.0.12+nmu1 [16.0 kB]
Get:10 http://127.0.0.1:12990/debian sid/main amd64 libmagic-mgc amd64 1:5.38-4 [262 kB]
Get:11 http://127.0.0.1:12990/debian sid/main amd64 libmagic1 amd64 1:5.38-4 [120 kB]
Get:12 http://127.0.0.1:12990/debian sid/main amd64 file amd64 1:5.38-4 [67.9 kB]
Get:13 http://127.0.0.1:12990/debian sid/main amd64 gettext-base amd64 0.19.8.1-10 [123 kB]
Get:14 http://127.0.0.1:12990/debian sid/main amd64 libsigsegv2 amd64 2.12-2 [32.8 kB]
Get:15 http://127.0.0.1:12990/debian sid/main amd64 m4 amd64 1.4.18-4 [203 kB]
Get:16 http://127.0.0.1:12990/debian sid/main amd64 autoconf all 2.69-11.1 [341 kB]
Get:17 http://127.0.0.1:12990/debian sid/main amd64 autotools-dev all 20180224.1 [77.0 kB]
Get:18 http://127.0.0.1:12990/debian sid/main amd64 automake all 1:1.16.1-4 [771 kB]
Get:19 http://127.0.0.1:12990/debian sid/main amd64 autopoint all 0.19.8.1-10 [435 kB]
Get:20 http://127.0.0.1:12990/debian sid/main amd64 libtool all 2.4.6-13 [513 kB]
Get:21 http://127.0.0.1:12990/debian sid/main amd64 dh-autoreconf all 19 [16.9 kB]
Get:22 http://127.0.0.1:12990/debian sid/main amd64 libdebhelper-perl all 12.9 [183 kB]
Get:23 http://127.0.0.1:12990/debian sid/main amd64 libarchive-zip-perl all 1.67-1 [104 kB]
Get:24 http://127.0.0.1:12990/debian sid/main amd64 libsub-override-perl all 0.09-2 [10.2 kB]
Get:25 http://127.0.0.1:12990/debian sid/main amd64 libfile-stripnondeterminism-perl all 1.6.3-2 [23.7 kB]
Get:26 http://127.0.0.1:12990/debian sid/main amd64 dh-strip-nondeterminism all 1.6.3-2 [14.7 kB]
Get:27 http://127.0.0.1:12990/debian sid/main amd64 libelf1 amd64 0.176-1.1 [161 kB]
Get:28 http://127.0.0.1:12990/debian sid/main amd64 dwz amd64 0.13-5 [151 kB]
Get:29 http://127.0.0.1:12990/debian sid/main amd64 libglib2.0-0 amd64 2.62.4-2 [1319 kB]
Get:30 http://127.0.0.1:12990/debian sid/main amd64 libicu63 amd64 63.2-2 [8301 kB]
Get:31 http://127.0.0.1:12990/debian sid/main amd64 libxml2 amd64 2.9.10+dfsg-3 [709 kB]
Get:32 http://127.0.0.1:12990/debian sid/main amd64 libcroco3 amd64 0.6.13-1 [146 kB]
Get:33 http://127.0.0.1:12990/debian sid/main amd64 gettext amd64 0.19.8.1-10 [1303 kB]
Get:34 http://127.0.0.1:12990/debian sid/main amd64 intltool-debian all 0.35.0+20060710.5 [26.8 kB]
Get:35 http://127.0.0.1:12990/debian sid/main amd64 po-debconf all 1.0.21 [248 kB]
Get:36 http://127.0.0.1:12990/debian sid/main amd64 debhelper all 12.9 [994 kB]
Get:37 http://127.0.0.1:12990/debian sid/main amd64 libatomic-ops-dev amd64 7.6.10-1+b1 [93.3 kB]
Get:38 http://127.0.0.1:12990/debian sid/main amd64 libffi-dev amd64 3.3-3 [56.4 kB]
Get:39 http://127.0.0.1:12990/debian sid/main amd64 libgmpxx4ldbl amd64 2:6.2.0+dfsg-4 [23.0 kB]
Get:40 http://127.0.0.1:12990/debian sid/main amd64 libgmp-dev amd64 2:6.2.0+dfsg-4 [643 kB]
Get:41 http://127.0.0.1:12990/debian sid/main amd64 libjs-jquery all 3.3.1~dfsg-3 [332 kB]
Get:42 http://127.0.0.1:12990/debian sid/main amd64 libncurses6 amd64 6.1+20191019-1 [102 kB]
Get:43 http://127.0.0.1:12990/debian sid/main amd64 libncurses-dev amd64 6.1+20191019-1 [337 kB]
Get:44 http://127.0.0.1:12990/debian sid/main amd64 libreadline-dev amd64 8.0-3 [140 kB]
Get:45 http://127.0.0.1:12990/debian sid/main amd64 libtommath1 amd64 1.2.0-3 [66.8 kB]
Get:46 http://127.0.0.1:12990/debian sid/main amd64 libtommath-dev amd64 1.2.0-3 [80.0 kB]
Get:47 http://127.0.0.1:12990/debian sid/main amd64 libuv1 amd64 1.34.2-1 [127 kB]
Get:48 http://127.0.0.1:12990/debian sid/main amd64 libuv1-dev amd64 1.34.2-1 [149 kB]
Get:49 http://127.0.0.1:12990/debian sid/main amd64 moarvm amd64 2019.11+dfsg-2+b1 [1296 kB]
Get:50 http://127.0.0.1:12990/debian sid/main amd64 moarvm-dev amd64 2019.11+dfsg-2+b1 [361 kB]
debconf: delaying package configuration, since apt-utils is not installed
Fetched 23.2 MB in 1s (43.1 MB/s)
Selecting previously unselected package bsdmainutils.
(Reading database ... 13887 files and directories currently installed.)
Preparing to unpack .../00-bsdmainutils_11.1.2+b1_amd64.deb ...
Unpacking bsdmainutils (11.1.2+b1) ...
Selecting previously unselected package libuchardet0:amd64.
Preparing to unpack .../01-libuchardet0_0.0.6-3_amd64.deb ...
Unpacking libuchardet0:amd64 (0.0.6-3) ...
Selecting previously unselected package groff-base.
Preparing to unpack .../02-groff-base_1.22.4-4_amd64.deb ...
Unpacking groff-base (1.22.4-4) ...
Selecting previously unselected package libpipeline1:amd64.
Preparing to unpack .../03-libpipeline1_1.5.2-2_amd64.deb ...
Unpacking libpipeline1:amd64 (1.5.2-2) ...
Selecting previously unselected package man-db.
Preparing to unpack .../04-man-db_2.9.0-2_amd64.deb ...
Unpacking man-db (2.9.0-2) ...
Selecting previously unselected package readline-common.
Preparing to unpack .../05-readline-common_8.0-3_all.deb ...
Unpacking readline-common (8.0-3) ...
Selecting previously unselected package libreadline8:amd64.
Preparing to unpack .../06-libreadline8_8.0-3_amd64.deb ...
Unpacking libreadline8:amd64 (8.0-3) ...
Selecting previously unselected package sensible-utils.
Preparing to unpack .../07-sensible-utils_0.0.12+nmu1_all.deb ...
Unpacking sensible-utils (0.0.12+nmu1) ...
Selecting previously unselected package libmagic-mgc.
Preparing to unpack .../08-libmagic-mgc_1%3a5.38-4_amd64.deb ...
Unpacking libmagic-mgc (1:5.38-4) ...
Selecting previously unselected package libmagic1:amd64.
Preparing to unpack .../09-libmagic1_1%3a5.38-4_amd64.deb ...
Unpacking libmagic1:amd64 (1:5.38-4) ...
Selecting previously unselected package file.
Preparing to unpack .../10-file_1%3a5.38-4_amd64.deb ...
Unpacking file (1:5.38-4) ...
Selecting previously unselected package gettext-base.
Preparing to unpack .../11-gettext-base_0.19.8.1-10_amd64.deb ...
Unpacking gettext-base (0.19.8.1-10) ...
Selecting previously unselected package libsigsegv2:amd64.
Preparing to unpack .../12-libsigsegv2_2.12-2_amd64.deb ...
Unpacking libsigsegv2:amd64 (2.12-2) ...
Selecting previously unselected package m4.
Preparing to unpack .../13-m4_1.4.18-4_amd64.deb ...
Unpacking m4 (1.4.18-4) ...
Selecting previously unselected package autoconf.
Preparing to unpack .../14-autoconf_2.69-11.1_all.deb ...
Unpacking autoconf (2.69-11.1) ...
Selecting previously unselected package autotools-dev.
Preparing to unpack .../15-autotools-dev_20180224.1_all.deb ...
Unpacking autotools-dev (20180224.1) ...
Selecting previously unselected package automake.
Preparing to unpack .../16-automake_1%3a1.16.1-4_all.deb ...
Unpacking automake (1:1.16.1-4) ...
Selecting previously unselected package autopoint.
Preparing to unpack .../17-autopoint_0.19.8.1-10_all.deb ...
Unpacking autopoint (0.19.8.1-10) ...
Selecting previously unselected package libtool.
Preparing to unpack .../18-libtool_2.4.6-13_all.deb ...
Unpacking libtool (2.4.6-13) ...
Selecting previously unselected package dh-autoreconf.
Preparing to unpack .../19-dh-autoreconf_19_all.deb ...
Unpacking dh-autoreconf (19) ...
Selecting previously unselected package libdebhelper-perl.
Preparing to unpack .../20-libdebhelper-perl_12.9_all.deb ...
Unpacking libdebhelper-perl (12.9) ...
Selecting previously unselected package libarchive-zip-perl.
Preparing to unpack .../21-libarchive-zip-perl_1.67-1_all.deb ...
Unpacking libarchive-zip-perl (1.67-1) ...
Selecting previously unselected package libsub-override-perl.
Preparing to unpack .../22-libsub-override-perl_0.09-2_all.deb ...
Unpacking libsub-override-perl (0.09-2) ...
Selecting previously unselected package libfile-stripnondeterminism-perl.
Preparing to unpack .../23-libfile-stripnondeterminism-perl_1.6.3-2_all.deb ...
Unpacking libfile-stripnondeterminism-perl (1.6.3-2) ...
Selecting previously unselected package dh-strip-nondeterminism.
Preparing to unpack .../24-dh-strip-nondeterminism_1.6.3-2_all.deb ...
Unpacking dh-strip-nondeterminism (1.6.3-2) ...
Selecting previously unselected package libelf1:amd64.
Preparing to unpack .../25-libelf1_0.176-1.1_amd64.deb ...
Unpacking libelf1:amd64 (0.176-1.1) ...
Selecting previously unselected package dwz.
Preparing to unpack .../26-dwz_0.13-5_amd64.deb ...
Unpacking dwz (0.13-5) ...
Selecting previously unselected package libglib2.0-0:amd64.
Preparing to unpack .../27-libglib2.0-0_2.62.4-2_amd64.deb ...
Unpacking libglib2.0-0:amd64 (2.62.4-2) ...
Selecting previously unselected package libicu63:amd64.
Preparing to unpack .../28-libicu63_63.2-2_amd64.deb ...
Unpacking libicu63:amd64 (63.2-2) ...
Selecting previously unselected package libxml2:amd64.
Preparing to unpack .../29-libxml2_2.9.10+dfsg-3_amd64.deb ...
Unpacking libxml2:amd64 (2.9.10+dfsg-3) ...
Selecting previously unselected package libcroco3:amd64.
Preparing to unpack .../30-libcroco3_0.6.13-1_amd64.deb ...
Unpacking libcroco3:amd64 (0.6.13-1) ...
Selecting previously unselected package gettext.
Preparing to unpack .../31-gettext_0.19.8.1-10_amd64.deb ...
Unpacking gettext (0.19.8.1-10) ...
Selecting previously unselected package intltool-debian.
Preparing to unpack .../32-intltool-debian_0.35.0+20060710.5_all.deb ...
Unpacking intltool-debian (0.35.0+20060710.5) ...
Selecting previously unselected package po-debconf.
Preparing to unpack .../33-po-debconf_1.0.21_all.deb ...
Unpacking po-debconf (1.0.21) ...
Selecting previously unselected package debhelper.
Preparing to unpack .../34-debhelper_12.9_all.deb ...
Unpacking debhelper (12.9) ...
Selecting previously unselected package libatomic-ops-dev.
Preparing to unpack .../35-libatomic-ops-dev_7.6.10-1+b1_amd64.deb ...
Unpacking libatomic-ops-dev (7.6.10-1+b1) ...
Selecting previously unselected package libffi-dev:amd64.
Preparing to unpack .../36-libffi-dev_3.3-3_amd64.deb ...
Unpacking libffi-dev:amd64 (3.3-3) ...
Selecting previously unselected package libgmpxx4ldbl:amd64.
Preparing to unpack .../37-libgmpxx4ldbl_2%3a6.2.0+dfsg-4_amd64.deb ...
Unpacking libgmpxx4ldbl:amd64 (2:6.2.0+dfsg-4) ...
Selecting previously unselected package libgmp-dev:amd64.
Preparing to unpack .../38-libgmp-dev_2%3a6.2.0+dfsg-4_amd64.deb ...
Unpacking libgmp-dev:amd64 (2:6.2.0+dfsg-4) ...
Selecting previously unselected package libjs-jquery.
Preparing to unpack .../39-libjs-jquery_3.3.1~dfsg-3_all.deb ...
Unpacking libjs-jquery (3.3.1~dfsg-3) ...
Selecting previously unselected package libncurses6:amd64.
Preparing to unpack .../40-libncurses6_6.1+20191019-1_amd64.deb ...
Unpacking libncurses6:amd64 (6.1+20191019-1) ...
Selecting previously unselected package libncurses-dev:amd64.
Preparing to unpack .../41-libncurses-dev_6.1+20191019-1_amd64.deb ...
Unpacking libncurses-dev:amd64 (6.1+20191019-1) ...
Selecting previously unselected package libreadline-dev:amd64.
Preparing to unpack .../42-libreadline-dev_8.0-3_amd64.deb ...
Unpacking libreadline-dev:amd64 (8.0-3) ...
Selecting previously unselected package libtommath1:amd64.
Preparing to unpack .../43-libtommath1_1.2.0-3_amd64.deb ...
Unpacking libtommath1:amd64 (1.2.0-3) ...
Selecting previously unselected package libtommath-dev:amd64.
Preparing to unpack .../44-libtommath-dev_1.2.0-3_amd64.deb ...
Unpacking libtommath-dev:amd64 (1.2.0-3) ...
Selecting previously unselected package libuv1:amd64.
Preparing to unpack .../45-libuv1_1.34.2-1_amd64.deb ...
Unpacking libuv1:amd64 (1.34.2-1) ...
Selecting previously unselected package libuv1-dev:amd64.
Preparing to unpack .../46-libuv1-dev_1.34.2-1_amd64.deb ...
Unpacking libuv1-dev:amd64 (1.34.2-1) ...
Selecting previously unselected package moarvm.
Preparing to unpack .../47-moarvm_2019.11+dfsg-2+b1_amd64.deb ...
Unpacking moarvm (2019.11+dfsg-2+b1) ...
Selecting previously unselected package moarvm-dev.
Preparing to unpack .../48-moarvm-dev_2019.11+dfsg-2+b1_amd64.deb ...
Unpacking moarvm-dev (2019.11+dfsg-2+b1) ...
Selecting previously unselected package sbuild-build-depends-main-dummy.
Preparing to unpack .../49-sbuild-build-depends-main-dummy_0.invalid.0_amd64.deb ...
Unpacking sbuild-build-depends-main-dummy (0.invalid.0) ...
Setting up libpipeline1:amd64 (1.5.2-2) ...
Setting up libmagic-mgc (1:5.38-4) ...
Setting up libarchive-zip-perl (1.67-1) ...
Setting up libtommath1:amd64 (1.2.0-3) ...
Setting up libglib2.0-0:amd64 (2.62.4-2) ...
No schema files found: doing nothing.
Setting up libdebhelper-perl (12.9) ...
Setting up libmagic1:amd64 (1:5.38-4) ...
Setting up gettext-base (0.19.8.1-10) ...
Setting up file (1:5.38-4) ...
Setting up libffi-dev:amd64 (3.3-3) ...
Setting up libicu63:amd64 (63.2-2) ...
Setting up libtommath-dev:amd64 (1.2.0-3) ...
Setting up autotools-dev (20180224.1) ...
Setting up libgmpxx4ldbl:amd64 (2:6.2.0+dfsg-4) ...
Setting up libuv1:amd64 (1.34.2-1) ...
Setting up libncurses6:amd64 (6.1+20191019-1) ...
Setting up libsigsegv2:amd64 (2.12-2) ...
Setting up bsdmainutils (11.1.2+b1) ...
update-alternatives: using /usr/bin/bsd-write to provide /usr/bin/write (write) in auto mode
update-alternatives: using /usr/bin/bsd-from to provide /usr/bin/from (from) in auto mode
Setting up autopoint (0.19.8.1-10) ...
Setting up sensible-utils (0.0.12+nmu1) ...
Setting up libuchardet0:amd64 (0.0.6-3) ...
Setting up libatomic-ops-dev (7.6.10-1+b1) ...
Setting up libsub-override-perl (0.09-2) ...
Setting up moarvm (2019.11+dfsg-2+b1) ...
Setting up libjs-jquery (3.3.1~dfsg-3) ...
Setting up libelf1:amd64 (0.176-1.1) ...
Setting up readline-common (8.0-3) ...
Setting up libxml2:amd64 (2.9.10+dfsg-3) ...
Setting up libfile-stripnondeterminism-perl (1.6.3-2) ...
Setting up libuv1-dev:amd64 (1.34.2-1) ...
Setting up libncurses-dev:amd64 (6.1+20191019-1) ...
Setting up libgmp-dev:amd64 (2:6.2.0+dfsg-4) ...
Setting up libtool (2.4.6-13) ...
Setting up libreadline8:amd64 (8.0-3) ...
Setting up m4 (1.4.18-4) ...
Setting up libreadline-dev:amd64 (8.0-3) ...
Setting up libcroco3:amd64 (0.6.13-1) ...
Setting up autoconf (2.69-11.1) ...
Setting up dh-strip-nondeterminism (1.6.3-2) ...
Setting up dwz (0.13-5) ...
Setting up groff-base (1.22.4-4) ...
Setting up moarvm-dev (2019.11+dfsg-2+b1) ...
Setting up automake (1:1.16.1-4) ...
update-alternatives: using /usr/bin/automake-1.16 to provide /usr/bin/automake (automake) in auto mode
Setting up gettext (0.19.8.1-10) ...
Setting up man-db (2.9.0-2) ...
Not building database; man-db/auto-update is not 'true'.
Setting up intltool-debian (0.35.0+20060710.5) ...
Setting up po-debconf (1.0.21) ...
Setting up dh-autoreconf (19) ...
Setting up debhelper (12.9) ...
Setting up sbuild-build-depends-main-dummy (0.invalid.0) ...
Processing triggers for libc-bin (2.29-10) ...

+------------------------------------------------------------------------------+
| Check architectures                                                          |
+------------------------------------------------------------------------------+

Arch check ok (amd64 included in amd64 arm64 armel armhf i386 kfreebsd-amd64 kfreebsd-i386 mips mips64el mipsel powerpc ppc64 ppc64el s390x x32)

+------------------------------------------------------------------------------+
| Build environment                                                            |
+------------------------------------------------------------------------------+

Kernel: Linux 4.19.0-6-cloud-amd64 #1 SMP Debian 4.19.67-2+deb10u2 (2019-11-11) amd64 (x86_64)
Toolchain package versions: binutils_2.34-3 dpkg-dev_1.19.7 g++-9_9.2.1-29 gcc-9_9.2.1-29 libc6-dev_2.29-10 libstdc++-8-dev_8.3.0-29 libstdc++-9-dev_9.2.1-29 libstdc++6_10-20200222-1 linux-libc-dev_5.4.19-1
Package versions: adduser_3.118 apt_1.8.4 autoconf_2.69-11.1 automake_1:1.16.1-4 autopoint_0.19.8.1-10 autotools-dev_20180224.1 base-files_11 base-passwd_3.5.47 bash_5.0-5 binutils_2.34-3 binutils-common_2.34-3 binutils-x86-64-linux-gnu_2.34-3 bsdmainutils_11.1.2+b1 bsdutils_1:2.34-0.1 build-essential_12.8 bzip2_1.0.8-2 clang-8_1:8.0.1-7 coreutils_8.30-3+b1 cpp_4:9.2.1-3.1 cpp-9_9.2.1-29 dash_0.5.10.2-6 debconf_1.5.73 debhelper_12.9 debian-archive-keyring_2019.1 debianutils_4.9.1 dh-autoreconf_19 dh-strip-nondeterminism_1.6.3-2 diffutils_1:3.7-3 dpkg_1.19.7 dpkg-dev_1.19.7 dwz_0.13-5 e2fsprogs_1.45.5-2 fakeroot_1.24-1 fdisk_2.34-0.1 file_1:5.38-4 findutils_4.7.0-1 g++_4:9.2.1-3.1 g++-9_9.2.1-29 gcc_4:9.2.1-3.1 gcc-10-base_10-20200222-1 gcc-8-base_8.3.0-29 gcc-9_9.2.1-29 gcc-9-base_9.2.1-29 gettext_0.19.8.1-10 gettext-base_0.19.8.1-10 gpgv_2.2.19-1 grep_3.4-1 groff-base_1.22.4-4 gzip_1.9-3+b1 hostname_3.23 init-system-helpers_1.57 intltool-debian_0.35.0+20060710.5 lib32gcc-s1_10-20200222-1 lib32gcc1_1:10-20200222-1 lib32stdc++6_10-20200222-1 libacl1_2.2.53-5 libapt-pkg5.0_1.8.4 libarchive-zip-perl_1.67-1 libasan5_9.2.1-29 libatomic-ops-dev_7.6.10-1+b1 libatomic1_10-20200222-1 libattr1_1:2.4.48-5 libaudit-common_1:2.8.5-2 libaudit1_1:2.8.5-2+b1 libbinutils_2.34-3 libblkid1_2.34-0.1 libbsd0_0.10.0-1 libbz2-1.0_1.0.8-2 libc-bin_2.29-10 libc-dev-bin_2.29-10 libc6_2.29-10 libc6-dev_2.29-10 libc6-i386_2.29-10 libcap-ng0_0.7.9-2.1+b1 libcc1-0_10-20200222-1 libclang-common-8-dev_1:8.0.1-7 libclang1-8_1:8.0.1-7 libcom-err2_1.45.5-2 libcroco3_0.6.13-1 libcrypt-dev_1:4.4.10-10 libcrypt1_1:4.4.10-10 libctf-nobfd0_2.34-3 libctf0_2.34-3 libdb5.3_5.3.28+dfsg1-0.6 libdebconfclient0_0.251 libdebhelper-perl_12.9 libdpkg-perl_1.19.7 libedit2_3.1-20191231-1 libelf1_0.176-1.1 libext2fs2_1.45.5-2 libfakeroot_1.24-1 libfdisk1_2.34-0.1 libffi-dev_3.3-3 libffi7_3.3-3 libfile-stripnondeterminism-perl_1.6.3-2 libgc1c2_1:7.6.4-0.4 libgcc-8-dev_8.3.0-29 libgcc-9-dev_9.2.1-29 libgcc-s1_10-20200222-1 libgcc1_1:10-20200222-1 libgcrypt20_1.8.5-5 libgdbm-compat4_1.18.1-5 libgdbm6_1.18.1-5 libglib2.0-0_2.62.4-2 libgmp-dev_2:6.2.0+dfsg-4 libgmp10_2:6.2.0+dfsg-4 libgmpxx4ldbl_2:6.2.0+dfsg-4 libgnutls30_3.6.12-2 libgomp1_10-20200222-1 libgpg-error0_1.37-1 libhogweed5_3.5.1+really3.5.1-2 libicu63_63.2-2 libidn2-0_2.2.0-2 libisl22_0.22.1-1 libitm1_10-20200222-1 libjs-jquery_3.3.1~dfsg-3 libllvm8_1:8.0.1-7 liblsan0_10-20200222-1 liblz4-1_1.9.2-2 liblzma5_5.2.4-1+b1 libmagic-mgc_1:5.38-4 libmagic1_1:5.38-4 libmount1_2.34-0.1 libmpc3_1.1.0-1 libmpfr6_4.0.2-1 libmpx2_8.3.0-29 libncurses-dev_6.1+20191019-1 libncurses6_6.1+20191019-1 libncursesw6_6.1+20191019-1 libnettle7_3.5.1+really3.5.1-2 libobjc-8-dev_8.3.0-29 libobjc-9-dev_9.2.1-29 libobjc4_10-20200222-1 libomp-8-dev_1:8.0.1-7 libomp5-8_1:8.0.1-7 libp11-kit0_0.23.20-1 libpam-modules_1.3.1-5 libpam-modules-bin_1.3.1-5 libpam-runtime_1.3.1-5 libpam0g_1.3.1-5 libpcre2-8-0_10.34-7 libpcre3_2:8.39-12+b1 libperl5.30_5.30.0-9 libpipeline1_1.5.2-2 libquadmath0_10-20200222-1 libreadline-dev_8.0-3 libreadline8_8.0-3 libseccomp2_2.4.2-2 libselinux1_3.0-1+b1 libsemanage-common_3.0-1 libsemanage1_3.0-1+b1 libsepol1_3.0-1 libsigsegv2_2.12-2 libsmartcols1_2.34-0.1 libss2_1.45.5-2 libstdc++-8-dev_8.3.0-29 libstdc++-9-dev_9.2.1-29 libstdc++6_10-20200222-1 libsub-override-perl_0.09-2 libsystemd0_244.3-1 libtasn1-6_4.16.0-2 libtinfo6_6.1+20191019-1 libtommath-dev_1.2.0-3 libtommath1_1.2.0-3 libtool_2.4.6-13 libtsan0_10-20200222-1 libubsan1_10-20200222-1 libuchardet0_0.0.6-3 libudev1_244.3-1 libunistring2_0.9.10-2 libuuid1_2.34-0.1 libuv1_1.34.2-1 libuv1-dev_1.34.2-1 libxml2_2.9.10+dfsg-3 libzstd1_1.4.4+dfsg-3 linux-libc-dev_5.4.19-1 login_1:4.8.1-1 logsave_1.45.5-2 lsb-base_11.1.0 m4_1.4.18-4 make_4.2.1-1.2 man-db_2.9.0-2 mawk_1.3.4.20200120-2 moarvm_2019.11+dfsg-2+b1 moarvm-dev_2019.11+dfsg-2+b1 mount_2.34-0.1 ncurses-base_6.1+20191019-1 ncurses-bin_6.1+20191019-1 passwd_1:4.8.1-1 patch_2.7.6-6 perl_5.30.0-9 perl-base_5.30.0-9 perl-modules-5.30_5.30.0-9 po-debconf_1.0.21 readline-common_8.0-3 sbuild-build-depends-main-dummy_0.invalid.0 sed_4.7-1 sensible-utils_0.0.12+nmu1 sysvinit-utils_2.96-2.1 tar_1.30+dfsg-6+b1 tzdata_2019c-3 util-linux_2.34-0.1 xz-utils_5.2.4-1+b1 zlib1g_1:1.2.11.dfsg-1.2

+------------------------------------------------------------------------------+
| Build                                                                        |
+------------------------------------------------------------------------------+


Unpack source
-------------

-----BEGIN PGP SIGNED MESSAGE-----
Hash: SHA512

Format: 3.0 (quilt)
Source: nqp
Binary: nqp
Architecture: amd64 arm64 armel armhf i386 kfreebsd-amd64 kfreebsd-i386 mips mips64el mipsel powerpc ppc64 ppc64el s390x x32
Version: 2019.11+dfsg-2
Maintainer: Debian Rakudo Maintainers <pkg-rakudo-devel@lists.alioth.debian.org>
Uploaders: Dominique Dumont <dod@debian.org>, Daniel Dehennin <daniel.dehennin@baby-gnu.org>, Robert Lemmen <robertle@semistable.com>, Mo Zhou <lumin@debian.org>
Homepage: https://github.com/perl6/nqp
Standards-Version: 4.4.0
Vcs-Browser: https://salsa.debian.org/perl6-team/nqp
Vcs-Git: https://salsa.debian.org/perl6-team/nqp.git
Testsuite: autopkgtest
Build-Depends: debhelper (>= 9), libgmp-dev, libjs-jquery, libreadline-dev, libtommath-dev (>= 0.42.0-1.2), moarvm-dev (>= 2019.11~), perl
Package-List:
 nqp deb interpreters optional arch=amd64,arm64,armel,armhf,i386,kfreebsd-amd64,kfreebsd-i386,mips,mips64el,mipsel,powerpc,ppc64,ppc64el,s390x,x32
Checksums-Sha1:
 6a0d0caf6f1c450ab02c1549e18a08c5efcc753e 1003328 nqp_2019.11+dfsg.orig.tar.xz
 2af8756d301d22e136b9e252950d5e32413a4c61 48188 nqp_2019.11+dfsg-2.debian.tar.xz
Checksums-Sha256:
 9b936ff6812ed6e6a747dd6fd2212259a9b2ba80e9a69b17c40db62f9583abbc 1003328 nqp_2019.11+dfsg.orig.tar.xz
 b7d3626c26185217d120033fefec8dc5c3a8b27bfd1f1c3fe51791f486a41bf0 48188 nqp_2019.11+dfsg-2.debian.tar.xz
Files:
 32d2f5958207b61c23d00938ab0c9a5d 1003328 nqp_2019.11+dfsg.orig.tar.xz
 f4d48c441451c6310fa821a41de6e021 48188 nqp_2019.11+dfsg-2.debian.tar.xz

-----BEGIN PGP SIGNATURE-----

iQJFBAEBCgAvFiEEY4vHXsHlxYkGfjXeYmRes19oaooFAl4HAiYRHGx1bWluQGRl
Ymlhbi5vcmcACgkQYmRes19oaopVQg//QVX0hOXSUY+L0gIpZ6ueKy4u/d0ODkH9
PIk+lnKQiK+BilwWLVgI46CR1F4sJKbZwiXBhWUcBcN/hiIXOosgOxbQk8myWgV/
iG7QAav1U5SHPG+c0dq/7edfQsKqTjcqvniYU3ldpUnKEAKvcGFJINrI+V9odKif
NZat3LEhgtT7aTTDME12JRqmIORBetqCLD+ZKuEXueoQuD6lVBaxsemcKaWF7kz9
L/NKgHGa/Z30jbw8zioLJKgquFN6mjiONYUJERMQdCPDgFAcAjp9W+enIopdVazM
9oTOl0wUYrSb4M5w13EOeCY/ZW52q83k3IUJjy8vUaT2CWgxmu79P7INNBMEZD6G
OoUupa67IWxG+GK0a8WeTs2MzO8xNQRZz1haMJPNRKWU1HSHLaC99ce3pPyc1ySk
PBLCwMT2toL2/3hCx6mU/A8gSqcpyogjaNW+L49tpLNFBqWVMjMWfL76xCIXtAp7
eT123H8EfpDA1N7DgueR2paUd56E9E9yik9p5Wqqm07VOwGOnJyL1ndtOjHF7GaV
b/QsvsWn7+aFMhTXlunN1/W6H0VOwxiTf/44WeIj4m2Z+FIs45+0miBVwRGMEGr3
M6/FkYbf2XMo5TGFESN7JWtDTDD2HTrAb6XrSwWNHTBAyhpxyjOKWE1R8uculP3N
KYjk2ZGKowI=
=3mHK
-----END PGP SIGNATURE-----

gpgv: unknown type of key resource 'trustedkeys.kbx'
gpgv: keyblock resource '/sbuild-nonexistent/.gnupg/trustedkeys.kbx': General error
gpgv: Signature made Sat Dec 28 07:20:06 2019 UTC
gpgv:                using RSA key 638BC75EC1E5C589067E35DE62645EB35F686A8A
gpgv:                issuer "lumin@debian.org"
gpgv: Can't check signature: No public key
dpkg-source: warning: failed to verify signature on ./nqp_2019.11+dfsg-2.dsc
dpkg-source: info: extracting nqp in /<<PKGBUILDDIR>>
dpkg-source: info: unpacking nqp_2019.11+dfsg.orig.tar.xz
dpkg-source: info: unpacking nqp_2019.11+dfsg-2.debian.tar.xz
dpkg-source: info: using patch list from debian/patches/series
dpkg-source: info: applying skip-dubious-tests
dpkg-source: info: applying Use-VERSION-file-to-determine-nqp-version.patch
dpkg-source: info: applying Ensure-MANIFEST-doesn-t-get-deleted-by-realclean.patch
dpkg-source: info: applying use-packaged-bootstrap
dpkg-source: info: applying use-packaged-angularjs
dpkg-source: info: applying fix-nqp-path-in-examples

Check disk space
----------------

Sufficient free space for build

User Environment
----------------

APT_CONFIG=/var/lib/sbuild/apt.conf
HOME=/sbuild-nonexistent
LANG=C.UTF-8
LC_ALL=C.UTF-8
LOGNAME=user42
PATH=/usr/local/sbin:/usr/local/bin:/usr/sbin:/usr/bin:/sbin:/bin:/usr/games
SCHROOT_ALIAS_NAME=unstable
SCHROOT_CHROOT_NAME=sid-amd64-sbuild
SCHROOT_COMMAND=env
SCHROOT_GID=1001
SCHROOT_GROUP=user42
SCHROOT_SESSION_ID=sid-amd64-sbuild-15347677-ed55-4b1d-85e3-e0ef8870a249
SCHROOT_UID=1001
SCHROOT_USER=user42
SHELL=/bin/sh
USER=user42

dpkg-buildpackage
-----------------

Command: dpkg-buildpackage -us -uc -b -rfakeroot
dpkg-buildpackage: info: source package nqp
dpkg-buildpackage: info: source version 2019.11+dfsg-2
dpkg-buildpackage: info: source distribution unstable
dpkg-buildpackage: info: source changed by Mo Zhou <lumin@debian.org>
 dpkg-source --before-build .
dpkg-buildpackage: info: host architecture amd64
 fakeroot debian/rules clean
dh clean
   dh_clean
 debian/rules build
dh build
   dh_update_autotools_config
   debian/rules override_dh_auto_configure
make[1]: Entering directory '/<<PKGBUILDDIR>>'
mkdir -p 3rdparty; ln -sr debian/nqp-configure 3rdparty/nqp-configure
perl Configure.pl --backends=moar --prefix=/usr
Found /usr/bin/moar version 2019.11, which is new enough.
Cleaning up ...
You can now use 'make' to build NQP.
After that, 'make test' will run some tests and
'make install' will install NQP.
make[1]: Leaving directory '/<<PKGBUILDDIR>>'
   debian/rules override_dh_auto_build
make[1]: Entering directory '/<<PKGBUILDDIR>>'
dh_auto_build
	make -j1
make[2]: Entering directory '/<<PKGBUILDDIR>>'
+++ Preparing MOAR build directories
++++++ BUILDING MOAR BACKEND
++++++ STAGE1 ++++++
+++ Generating	gen/moar/stage1/nqpmo.nqp
+++ Compiling	gen/moar/stage1/nqpmo.moarvm
+++ Compiling	gen/moar/stage1/ModuleLoader.moarvm
+++ Generating	gen/moar/stage1/NQPCORE.setting
+++ Compiling	gen/moar/stage1/NQPCORE.setting.moarvm
+++ Generating	gen/moar/stage1/QASTNode.nqp
+++ Compiling	gen/moar/stage1/QASTNode.moarvm
+++ Generating	gen/moar/stage1/QRegex.nqp
+++ Compiling	gen/moar/stage1/QRegex.moarvm
+++ Generating	gen/moar/stage1/NQPHLL.nqp
+++ Generating	gen/moar/stage1/MASTNodes.nqp
+++ Compiling	gen/moar/stage1/MASTOps.moarvm
+++ Compiling	gen/moar/stage1/MASTNodes.moarvm
+++ Compiling	gen/moar/stage1/NQPHLL.moarvm
+++ Generating	gen/moar/stage1/QAST.nqp
+++ Compiling	gen/moar/stage1/QAST.moarvm
+++ Generating	gen/moar/stage1/NQPP6QRegex.nqp
+++ Compiling	gen/moar/stage1/NQPP6QRegex.moarvm
+++ Creating	stage 1 NQP
++++++ STAGE2 ++++++
+++ Generating	gen/moar/stage2/nqpmo.nqp
+++ Compiling	gen/moar/stage2/nqpmo.moarvm
+++ Compiling	gen/moar/stage2/ModuleLoader.moarvm
+++ Generating	gen/moar/stage2/NQPCORE.setting
+++ Compiling	gen/moar/stage2/NQPCORE.setting.moarvm
+++ Generating	gen/moar/stage2/QASTNode.nqp
+++ Compiling	gen/moar/stage2/QASTNode.moarvm
+++ Generating	gen/moar/stage2/QRegex.nqp
+++ Compiling	gen/moar/stage2/QRegex.moarvm
+++ Generating	gen/moar/stage2/NQPHLL.nqp
+++ Generating	gen/moar/stage2/MASTNodes.nqp
+++ Compiling	gen/moar/stage2/MASTOps.moarvm
+++ Compiling	gen/moar/stage2/MASTNodes.moarvm
+++ Compiling	gen/moar/stage2/NQPHLL.moarvm
+++ Generating	gen/moar/stage2/QAST.nqp
+++ Compiling	gen/moar/stage2/QAST.moarvm
+++ Generating	gen/moar/stage2/NQPP6QRegex.nqp
+++ Compiling	gen/moar/stage2/NQPP6QRegex.moarvm
+++ Creating	stage 2 NQP
+++ Installing MOAR stage 2 files locally
+++ Setting up	nqp-m
+++ Compiling	NQPP5QRegex.moarvm
+++ Compiling	inst-nqp-m
+++ Compiling	inst-nqp
+++ Compiling MOAR default runner
make[2]: Leaving directory '/<<PKGBUILDDIR>>'
pod2man --name=nqp-m debian/running.pod debian/nqp-m.1
ln -s nqp-m.1 debian/nqp.1
make[1]: Leaving directory '/<<PKGBUILDDIR>>'
   dh_auto_test
	make -j1 test
make[1]: Entering directory '/<<PKGBUILDDIR>>'
+++ Preparing MOAR build directories
++++++ BUILDING MOAR BACKEND
++++++ STAGE1 ++++++
++++++ STAGE2 ++++++
+++ Installing MOAR stage 2 files locally
+++ Compiling	NQPP5QRegex.moarvm
prove -j0 -r --exec '/<<PKGBUILDDIR>>/nqp-m' t/nqp t/hll t/qregex t/p5regex t/qast t/moar t/serialization t/nativecall t/concurrency
t/nqp/001-literals.t ................... ok
t/nqp/002-if.t ......................... ok
t/nqp/003-if-else.t .................... ok
t/nqp/004-unless.t ..................... ok
t/nqp/005-comments.t ................... ok
t/nqp/006-args-pos.t ................... ok
t/nqp/007-boolean.t .................... ok
t/nqp/008-blocks.t ..................... ok
t/nqp/009-var.t ........................ ok
t/nqp/010-cmp.t ........................ ok
t/nqp/011-sub.t ........................ ok
t/nqp/012-logical.t .................... ok
t/nqp/013-op.t ......................... ok
t/nqp/014-while.t ...................... ok
t/nqp/015-list.t ....................... ok
t/nqp/016-ternary.t .................... ok
t/nqp/017-positional.t ................. ok
t/nqp/018-associative.t ................ ok
t/nqp/019-file-ops.t ................... ok
t/nqp/020-return.t ..................... ok
t/nqp/021-contextual.t ................. ok
t/nqp/022-optional-args.t .............. ok
t/nqp/023-named-args.t ................. ok
t/nqp/024-module.t ..................... ok
t/nqp/025-class.t ...................... ok
t/nqp/026-methodops.t .................. ok
t/nqp/027-self.t ....................... ok
t/nqp/028-subclass.t ................... ok
t/nqp/029-make.t ....................... ok
t/nqp/031-grammar.t .................... ok
t/nqp/032-protoregex.t ................. ok
t/nqp/033-init.t ....................... ok
t/nqp/034-rxcodeblock.t ................ ok
t/nqp/035-prefix-sigil.t ............... ok
t/nqp/036-callable.t ................... ok
t/nqp/037-slurpy.t ..................... ok
t/nqp/038-quotes.t ..................... ok
t/nqp/039-pointy.t ..................... ok
t/nqp/040-lists.t ...................... ok
t/nqp/041-flat.t ....................... ok
t/nqp/042-cond-loop.t .................. ok
t/nqp/043-package-var.t ................ ok
t/nqp/044-try-catch.t .................. ok
t/nqp/045-smartmatch.t ................. ok
t/nqp/046-charspec.t ................... ok
t/nqp/047-loop-control.t ............... ok
t/nqp/048-closure.t .................... ok
t/nqp/049-regex-interpolation.t ........ ok
t/nqp/050-regex.t ...................... ok
t/nqp/051-multi.t ...................... ok
t/nqp/053-knowhow.t .................... ok
t/nqp/055-multi-method.t ............... ok
t/nqp/056-role.t ....................... ok
t/nqp/057-construction.t ............... ok
t/nqp/058-attrs.t ...................... ok
t/nqp/059-nqpop.t ...................... ok
t/nqp/060-bigint.t ..................... ok
t/nqp/061-mixin.t ...................... ok
t/nqp/062-subst.t ...................... ok
t/nqp/063-slurp.t ...................... ok
t/nqp/064-native.t ..................... ok
t/nqp/065-how.t ........................ ok
t/nqp/066-pararole.t ................... ok
t/nqp/067-container.t .................. ok
t/nqp/068-associative-for.t ............ ok
t/nqp/069-js-keywords-as-identifier.t .. ok
t/nqp/070-invokespec.t ................. ok
t/nqp/071-setboolspec.t ................ ok
t/nqp/072-rolehow.t .................... ok
t/nqp/073-delegation.t ................. ok
t/nqp/074-nfa.t ........................ ok
t/nqp/075-curcode.t .................... ok
t/nqp/076-capture.t .................... ok
t/nqp/077-curlexpad.t .................. ok
t/nqp/079-callercode.t ................. ok
t/nqp/080-matches.t .................... ok
t/nqp/081-radix.t ...................... ok
t/nqp/082-decode.t ..................... ok
t/nqp/083-math.t ....................... ok
t/nqp/084-loop-labels.t ................ ok
t/nqp/085-type-tester.t ................ ok
t/nqp/087-parametric-6model.t .......... ok
t/nqp/088-more-if-tests.t .............. ok
t/nqp/089-istype.t ..................... ok
t/nqp/090-findmethod.t ................. ok
t/nqp/091-codename.t ................... ok
t/nqp/092-where.t ...................... ok
t/nqp/093-oo-ops.t ..................... ok
t/nqp/094-clone.t ...................... ok
t/nqp/095-cclass.t ..................... ok
t/nqp/096-array-methods.t .............. ok
t/nqp/097-hll.t ........................ ok
t/nqp/098-boxing.t ..................... ok
t/nqp/099-getstaticcode.t .............. ok
t/nqp/100-dispatcher.t ................. ok
t/nqp/101-lexpad-stuff.t ............... ok
t/nqp/102-multidim.t ................... ok
t/nqp/103-typecache.t .................. ok
t/nqp/104-method-cache.t ............... ok
t/nqp/104-refs.t ....................... ok
t/nqp/105-multicache.t ................. ok
t/nqp/106-unicodenames.t ............... ok
t/nqp/107-index.t ...................... ok
t/nqp/108-vmhash.t ..................... ok
t/nqp/109-coercions.t .................. ok
t/nqp/110-normalization.t .............. ok
t/nqp/111-spawnprocasync.t ............. ok
t/nqp/112-call.t ....................... ok
t/nqp/112-continuations.t .............. ok
t/nqp/113-run-command.t ................ ok
t/nqp/114-pod-panic.t .................. ok
t/nqp/115-nums.t ....................... ok
t/hll/01-language.t .................... ok
t/hll/02-modules.t ..................... skipped: design changes, need re-work
t/hll/03-exports.t ..................... skipped: design changes (EXPORT now lexical), need re-work
t/hll/04-import.t ...................... skipped: design changes (EXPORT now lexical), need re-work
t/hll/05-commandline.t ................. ok
t/hll/06-sprintf.t ..................... ok
t/qregex/01-qregex.t ................... ok
t/p5regex/01-p5regex.t ................. ok
t/qast/01-qast.t ....................... ok
t/qast/02-manipulation.t ............... ok
t/moar/01-continuations.t .............. ok
t/moar/02-qast-references.t ............ ok
t/moar/03-line-seps.t .................. ok
t/moar/04-argument-truncation.t ........ ok
t/moar/05-decoder.t .................... ok
t/moar/07-eqatic.t ..................... ok
t/moar/08-indexic.t .................... ok
t/moar/09-concat.t ..................... ok
t/moar/10-eqatim.t ..................... ok
t/moar/11-decode.t ..................... ok
t/moar/13-writeint.t ................... ok
t/moar/50-jit-register-alloc.t ......... ok
t/moar/51-jit-div_i.t .................. ok
t/moar/52-pluggable-spesh.t ............ ok
t/serialization/01-basic.t ............. ok
t/serialization/02-types.t ............. ok
t/serialization/03-closures.t .......... ok
t/serialization/04-repossession.t ...... ok
t/nativecall/01-basic.t ................ ok
t/concurrency/01-thread.t .............. ok
t/concurrency/02-lock.t ................ ok
t/concurrency/03-semaphore.t ........... ok
t/concurrency/04-osr-crash.t ........... ok
All tests successful.
Files=145, Tests=13301, 30 wallclock secs ( 0.90 usr  0.18 sys + 33.81 cusr  2.32 csys = 37.21 CPU)
Result: PASS
make[1]: Leaving directory '/<<PKGBUILDDIR>>'
 fakeroot debian/rules binary
dh binary
   dh_testroot
   dh_prep
   debian/rules override_dh_auto_install
make[1]: Entering directory '/<<PKGBUILDDIR>>'
dh_auto_install
	make -j1 install DESTDIR=/<<BUILDDIR>>/nqp-2019.11\+dfsg/debian/nqp AM_UPDATE_INFO_DIR=no
make[2]: Entering directory '/<<PKGBUILDDIR>>'
+++ Preparing MOAR build directories
++++++ BUILDING MOAR BACKEND
++++++ STAGE1 ++++++
++++++ STAGE2 ++++++
+++ Installing MOAR stage 2 files locally
+++ Compiling	NQPP5QRegex.moarvm
+++ Creating MOAR installation directories
+++ Installing into /<<PKGBUILDDIR>>/debian/nqp/usr
+++ Installing MOAR specifics
+++ Compiling MOAR default runner
+++ Installing default runner
make[2]: Leaving directory '/<<PKGBUILDDIR>>'
rm -r debian/nqp/usr/share/nqp/lib/profiler/
make[1]: Leaving directory '/<<PKGBUILDDIR>>'
   dh_installdocs
   dh_installchangelogs
   dh_installexamples
   dh_installman
   dh_perl
   dh_link
   dh_strip_nondeterminism
   dh_compress
   dh_fixperms
   debian/rules override_dh_missing
make[1]: Entering directory '/<<PKGBUILDDIR>>'
dh_missing --list-missing
make[1]: Leaving directory '/<<PKGBUILDDIR>>'
   dh_strip
   dh_makeshlibs
   dh_shlibdeps
   dh_installdeb
   debian/rules override_dh_gencontrol
make[1]: Entering directory '/<<PKGBUILDDIR>>'
dh_gencontrol -- -Vmoarvm:Depends="moarvm (>= 2019.11), moarvm(<< 2019.12)"
dpkg-gencontrol: warning: package nqp: substitution variable ${shlibs:Depends} unused, but is defined
dpkg-gencontrol: warning: package nqp: substitution variable ${shlibs:Depends} unused, but is defined
make[1]: Leaving directory '/<<PKGBUILDDIR>>'
   dh_md5sums
   dh_builddeb
dpkg-deb: building package 'nqp' in '../nqp_2019.11+dfsg-2_amd64.deb'.
dpkg-deb: building package 'nqp-dbgsym' in '../nqp-dbgsym_2019.11+dfsg-2_amd64.deb'.
 dpkg-genbuildinfo --build=binary
 dpkg-genchanges --build=binary >../nqp_2019.11+dfsg-2_amd64.changes
dpkg-genchanges: info: binary-only upload (no source code included)
 dpkg-source --after-build .
dpkg-buildpackage: info: binary-only upload (no source included)
--------------------------------------------------------------------------------
Build finished at 2020-02-25T00:39:14Z

Finished
--------

I: Built successfully

+------------------------------------------------------------------------------+
| Changes                                                                      |
+------------------------------------------------------------------------------+


nqp_2019.11+dfsg-2_amd64.changes:
---------------------------------

Format: 1.8
Date: Sat, 28 Dec 2019 15:18:59 +0800
Source: nqp
Binary: nqp nqp-dbgsym
Architecture: amd64
Version: 2019.11+dfsg-2
Distribution: unstable
Urgency: medium
Maintainer: Debian Rakudo Maintainers <pkg-rakudo-devel@lists.alioth.debian.org>
Changed-By: Mo Zhou <lumin@debian.org>
Description:
 nqp        - Not Quite Perl compiler
Changes:
 nqp (2019.11+dfsg-2) unstable; urgency=medium
 .
   * Update my mail address.
   * Upload to unstable.
Checksums-Sha1:
 084476c5218b826cd3cb9bfe4556e78b9f5202b9 46876 nqp-dbgsym_2019.11+dfsg-2_amd64.deb
 d8353807ea8c34aa4430a09647d80f7def4f7ad7 5613 nqp_2019.11+dfsg-2_amd64.buildinfo
 7511bedb244a1dfde7fed3458864a15724ced267 586784 nqp_2019.11+dfsg-2_amd64.deb
Checksums-Sha256:
 5ba812eedf743df93c99da61fc387d7ba9a48dbf4d4ce5f2c851b641f8af0d47 46876 nqp-dbgsym_2019.11+dfsg-2_amd64.deb
 45e927740c672b5e929dffe514497f7dbd4206f1e433174bb7b999a0dd37d955 5613 nqp_2019.11+dfsg-2_amd64.buildinfo
 f2451bb9c28bdca8e2db8b7805df6fc69bfd30b090bb33935034e32d02d62998 586784 nqp_2019.11+dfsg-2_amd64.deb
Files:
 313bcb654790b46979fead73d5c13a83 46876 debug optional nqp-dbgsym_2019.11+dfsg-2_amd64.deb
 06dd009b5ce0d46b9b08ed5c2d34abd3 5613 interpreters optional nqp_2019.11+dfsg-2_amd64.buildinfo
 0231206b7dc5877e0d8eb82c5ba800f7 586784 interpreters optional nqp_2019.11+dfsg-2_amd64.deb

+------------------------------------------------------------------------------+
| Buildinfo                                                                    |
+------------------------------------------------------------------------------+

Format: 1.0
Source: nqp
Binary: nqp
Architecture: amd64
Version: 2019.11+dfsg-2
Checksums-Md5:
 313bcb654790b46979fead73d5c13a83 46876 nqp-dbgsym_2019.11+dfsg-2_amd64.deb
 0231206b7dc5877e0d8eb82c5ba800f7 586784 nqp_2019.11+dfsg-2_amd64.deb
Checksums-Sha1:
 084476c5218b826cd3cb9bfe4556e78b9f5202b9 46876 nqp-dbgsym_2019.11+dfsg-2_amd64.deb
 7511bedb244a1dfde7fed3458864a15724ced267 586784 nqp_2019.11+dfsg-2_amd64.deb
Checksums-Sha256:
 5ba812eedf743df93c99da61fc387d7ba9a48dbf4d4ce5f2c851b641f8af0d47 46876 nqp-dbgsym_2019.11+dfsg-2_amd64.deb
 f2451bb9c28bdca8e2db8b7805df6fc69bfd30b090bb33935034e32d02d62998 586784 nqp_2019.11+dfsg-2_amd64.deb
Build-Origin: Debian
Build-Architecture: amd64
Build-Date: Tue, 25 Feb 2020 00:39:14 +0000
Build-Path: /<<PKGBUILDDIR>>
Installed-Build-Depends:
 autoconf (= 2.69-11.1),
 automake (= 1:1.16.1-4),
 autopoint (= 0.19.8.1-10),
 autotools-dev (= 20180224.1),
 base-files (= 11),
 base-passwd (= 3.5.47),
 bash (= 5.0-5),
 binutils (= 2.34-3),
 binutils-common (= 2.34-3),
 binutils-x86-64-linux-gnu (= 2.34-3),
 bsdmainutils (= 11.1.2+b1),
 bsdutils (= 1:2.34-0.1),
 build-essential (= 12.8),
 bzip2 (= 1.0.8-2),
 clang-8 (= 1:8.0.1-7),
 coreutils (= 8.30-3+b1),
 cpp (= 4:9.2.1-3.1),
 cpp-9 (= 9.2.1-29),
 dash (= 0.5.10.2-6),
 debconf (= 1.5.73),
 debhelper (= 12.9),
 debianutils (= 4.9.1),
 dh-autoreconf (= 19),
 dh-strip-nondeterminism (= 1.6.3-2),
 diffutils (= 1:3.7-3),
 dpkg (= 1.19.7),
 dpkg-dev (= 1.19.7),
 dwz (= 0.13-5),
 fdisk (= 2.34-0.1),
 file (= 1:5.38-4),
 findutils (= 4.7.0-1),
 g++ (= 4:9.2.1-3.1),
 g++-9 (= 9.2.1-29),
 gcc (= 4:9.2.1-3.1),
 gcc-10-base (= 10-20200222-1),
 gcc-8-base (= 8.3.0-29),
 gcc-9 (= 9.2.1-29),
 gcc-9-base (= 9.2.1-29),
 gettext (= 0.19.8.1-10),
 gettext-base (= 0.19.8.1-10),
 grep (= 3.4-1),
 groff-base (= 1.22.4-4),
 gzip (= 1.9-3+b1),
 hostname (= 3.23),
 init-system-helpers (= 1.57),
 intltool-debian (= 0.35.0+20060710.5),
 lib32gcc-s1 (= 10-20200222-1),
 lib32gcc1 (= 1:10-20200222-1),
 lib32stdc++6 (= 10-20200222-1),
 libacl1 (= 2.2.53-5),
 libarchive-zip-perl (= 1.67-1),
 libasan5 (= 9.2.1-29),
 libatomic-ops-dev (= 7.6.10-1+b1),
 libatomic1 (= 10-20200222-1),
 libattr1 (= 1:2.4.48-5),
 libaudit-common (= 1:2.8.5-2),
 libaudit1 (= 1:2.8.5-2+b1),
 libbinutils (= 2.34-3),
 libblkid1 (= 2.34-0.1),
 libbsd0 (= 0.10.0-1),
 libbz2-1.0 (= 1.0.8-2),
 libc-bin (= 2.29-10),
 libc-dev-bin (= 2.29-10),
 libc6 (= 2.29-10),
 libc6-dev (= 2.29-10),
 libc6-i386 (= 2.29-10),
 libcap-ng0 (= 0.7.9-2.1+b1),
 libcc1-0 (= 10-20200222-1),
 libclang-common-8-dev (= 1:8.0.1-7),
 libclang1-8 (= 1:8.0.1-7),
 libcroco3 (= 0.6.13-1),
 libcrypt-dev (= 1:4.4.10-10),
 libcrypt1 (= 1:4.4.10-10),
 libctf-nobfd0 (= 2.34-3),
 libctf0 (= 2.34-3),
 libdb5.3 (= 5.3.28+dfsg1-0.6),
 libdebconfclient0 (= 0.251),
 libdebhelper-perl (= 12.9),
 libdpkg-perl (= 1.19.7),
 libedit2 (= 3.1-20191231-1),
 libelf1 (= 0.176-1.1),
 libfdisk1 (= 2.34-0.1),
 libffi-dev (= 3.3-3),
 libffi7 (= 3.3-3),
 libfile-stripnondeterminism-perl (= 1.6.3-2),
 libgc1c2 (= 1:7.6.4-0.4),
 libgcc-8-dev (= 8.3.0-29),
 libgcc-9-dev (= 9.2.1-29),
 libgcc-s1 (= 10-20200222-1),
 libgcc1 (= 1:10-20200222-1),
 libgcrypt20 (= 1.8.5-5),
 libgdbm-compat4 (= 1.18.1-5),
 libgdbm6 (= 1.18.1-5),
 libglib2.0-0 (= 2.62.4-2),
 libgmp-dev (= 2:6.2.0+dfsg-4),
 libgmp10 (= 2:6.2.0+dfsg-4),
 libgmpxx4ldbl (= 2:6.2.0+dfsg-4),
 libgomp1 (= 10-20200222-1),
 libgpg-error0 (= 1.37-1),
 libicu63 (= 63.2-2),
 libisl22 (= 0.22.1-1),
 libitm1 (= 10-20200222-1),
 libjs-jquery (= 3.3.1~dfsg-3),
 libllvm8 (= 1:8.0.1-7),
 liblsan0 (= 10-20200222-1),
 liblz4-1 (= 1.9.2-2),
 liblzma5 (= 5.2.4-1+b1),
 libmagic-mgc (= 1:5.38-4),
 libmagic1 (= 1:5.38-4),
 libmount1 (= 2.34-0.1),
 libmpc3 (= 1.1.0-1),
 libmpfr6 (= 4.0.2-1),
 libmpx2 (= 8.3.0-29),
 libncurses-dev (= 6.1+20191019-1),
 libncurses6 (= 6.1+20191019-1),
 libncursesw6 (= 6.1+20191019-1),
 libobjc-8-dev (= 8.3.0-29),
 libobjc4 (= 10-20200222-1),
 libpam-modules (= 1.3.1-5),
 libpam-modules-bin (= 1.3.1-5),
 libpam-runtime (= 1.3.1-5),
 libpam0g (= 1.3.1-5),
 libpcre2-8-0 (= 10.34-7),
 libpcre3 (= 2:8.39-12+b1),
 libperl5.30 (= 5.30.0-9),
 libpipeline1 (= 1.5.2-2),
 libquadmath0 (= 10-20200222-1),
 libreadline-dev (= 8.0-3),
 libreadline8 (= 8.0-3),
 libseccomp2 (= 2.4.2-2),
 libselinux1 (= 3.0-1+b1),
 libsigsegv2 (= 2.12-2),
 libsmartcols1 (= 2.34-0.1),
 libstdc++-8-dev (= 8.3.0-29),
 libstdc++-9-dev (= 9.2.1-29),
 libstdc++6 (= 10-20200222-1),
 libsub-override-perl (= 0.09-2),
 libsystemd0 (= 244.3-1),
 libtinfo6 (= 6.1+20191019-1),
 libtommath-dev (= 1.2.0-3),
 libtommath1 (= 1.2.0-3),
 libtool (= 2.4.6-13),
 libtsan0 (= 10-20200222-1),
 libubsan1 (= 10-20200222-1),
 libuchardet0 (= 0.0.6-3),
 libudev1 (= 244.3-1),
 libunistring2 (= 0.9.10-2),
 libuuid1 (= 2.34-0.1),
 libuv1 (= 1.34.2-1),
 libuv1-dev (= 1.34.2-1),
 libxml2 (= 2.9.10+dfsg-3),
 linux-libc-dev (= 5.4.19-1),
 login (= 1:4.8.1-1),
 lsb-base (= 11.1.0),
 m4 (= 1.4.18-4),
 make (= 4.2.1-1.2),
 man-db (= 2.9.0-2),
 mawk (= 1.3.4.20200120-2),
 moarvm (= 2019.11+dfsg-2+b1),
 moarvm-dev (= 2019.11+dfsg-2+b1),
 ncurses-base (= 6.1+20191019-1),
 ncurses-bin (= 6.1+20191019-1),
 patch (= 2.7.6-6),
 perl (= 5.30.0-9),
 perl-base (= 5.30.0-9),
 perl-modules-5.30 (= 5.30.0-9),
 po-debconf (= 1.0.21),
 readline-common (= 8.0-3),
 sed (= 4.7-1),
 sensible-utils (= 0.0.12+nmu1),
 sysvinit-utils (= 2.96-2.1),
 tar (= 1.30+dfsg-6+b1),
 util-linux (= 2.34-0.1),
 xz-utils (= 5.2.4-1+b1),
 zlib1g (= 1:1.2.11.dfsg-1.2)
Environment:
 DEB_BUILD_OPTIONS="parallel=4"
 LANG="C.UTF-8"
 LC_ALL="C.UTF-8"
 SOURCE_DATE_EPOCH="1577517539"


+------------------------------------------------------------------------------+
| Package contents                                                             |
+------------------------------------------------------------------------------+


nqp-dbgsym_2019.11+dfsg-2_amd64.deb
-----------------------------------

 new Debian package, version 2.0.
 size 46876 bytes: control archive=596 bytes.
     404 bytes,    12 lines      control              
     212 bytes,     2 lines      md5sums              
 Package: nqp-dbgsym
 Source: nqp
 Version: 2019.11+dfsg-2
 Auto-Built-Package: debug-symbols
 Architecture: amd64
 Maintainer: Debian Rakudo Maintainers <pkg-rakudo-devel@lists.alioth.debian.org>
 Installed-Size: 79
 Depends: nqp (= 2019.11+dfsg-2)
 Section: debug
 Priority: optional
 Description: debug symbols for nqp
 Build-Ids: 2f90c116b78a786525fababe96459e3721a27a9c b829ecad775f35580a6530e5cfd088df4c816773

drwxr-xr-x root/root         0 2019-12-28 07:18 ./
drwxr-xr-x root/root         0 2019-12-28 07:18 ./usr/
drwxr-xr-x root/root         0 2019-12-28 07:18 ./usr/lib/
drwxr-xr-x root/root         0 2019-12-28 07:18 ./usr/lib/debug/
drwxr-xr-x root/root         0 2019-12-28 07:18 ./usr/lib/debug/.build-id/
drwxr-xr-x root/root         0 2019-12-28 07:18 ./usr/lib/debug/.build-id/2f/
-rw-r--r-- root/root     34600 2019-12-28 07:18 ./usr/lib/debug/.build-id/2f/90c116b78a786525fababe96459e3721a27a9c.debug
drwxr-xr-x root/root         0 2019-12-28 07:18 ./usr/lib/debug/.build-id/b8/
-rw-r--r-- root/root     34600 2019-12-28 07:18 ./usr/lib/debug/.build-id/b8/29ecad775f35580a6530e5cfd088df4c816773.debug
drwxr-xr-x root/root         0 2019-12-28 07:18 ./usr/share/
drwxr-xr-x root/root         0 2019-12-28 07:18 ./usr/share/doc/
lrwxrwxrwx root/root         0 2019-12-28 07:18 ./usr/share/doc/nqp-dbgsym -> nqp


nqp_2019.11+dfsg-2_amd64.deb
----------------------------

 new Debian package, version 2.0.
 size 586784 bytes: control archive=1956 bytes.
     908 bytes,    19 lines      control              
    2625 bytes,    38 lines      md5sums              
 Package: nqp
 Version: 2019.11+dfsg-2
 Architecture: amd64
 Maintainer: Debian Rakudo Maintainers <pkg-rakudo-devel@lists.alioth.debian.org>
 Installed-Size: 3533
 Depends: libjs-angularjs, libjs-bootstrap, moarvm (>= 2019.11), moarvm (<< 2019.12)
 Section: interpreters
 Priority: optional
 Homepage: https://github.com/perl6/nqp
 Description: Not Quite Perl compiler
  "Not Quite Perl" is a compiler for quickly generating PIR routines from
  Perl6-like code. The key feature of NQP is that it's designed to be a very
  small compiler (as compared with, say, perl6 or Rakudo) and is focused on being
  a high-level way to create compilers and libraries for virtual machines (such
  as the JVM, and MoarVM).
  .
  Unlike a full-fledged implementation of Perl 6, NQP strives to have as small a
  runtime footprint as it can, while still providing a Perl 6 object model and
  regular expression engine for the virtual machine.

drwxr-xr-x root/root         0 2019-12-28 07:18 ./
drwxr-xr-x root/root         0 2019-12-28 07:18 ./usr/
drwxr-xr-x root/root         0 2019-12-28 07:18 ./usr/bin/
-rwxr-xr-x root/root     14408 2019-12-28 07:18 ./usr/bin/nqp
-rwxr-xr-x root/root     14408 2019-12-28 07:18 ./usr/bin/nqp-m
drwxr-xr-x root/root         0 2019-12-28 07:18 ./usr/share/
drwxr-xr-x root/root         0 2019-12-28 07:18 ./usr/share/doc/
drwxr-xr-x root/root         0 2019-12-28 07:18 ./usr/share/doc/nqp/
drwxr-xr-x root/root         0 2019-12-28 07:18 ./usr/share/doc/nqp/6model/
-rw-r--r-- root/root      1968 2019-11-26 19:45 ./usr/share/doc/nqp/6model/faq.markdown
-rw-r--r-- root/root      4027 2019-11-26 19:45 ./usr/share/doc/nqp/6model/overview.markdown.gz
-rw-r--r-- root/root      1961 2019-11-26 19:45 ./usr/share/doc/nqp/6model/repr-compose-protocol.markdown.gz
-rw-r--r-- root/root      2418 2019-11-26 19:45 ./usr/share/doc/nqp/HACKING-js
-rw-r--r-- root/root      2258 2019-11-26 19:45 ./usr/share/doc/nqp/README.pod.gz
-rw-r--r-- root/root       987 2019-11-26 19:45 ./usr/share/doc/nqp/bootstrapping.pod
-rw-r--r-- root/root      3385 2019-11-26 19:45 ./usr/share/doc/nqp/built-ins.md
-rw-r--r-- root/root      4088 2019-12-28 07:18 ./usr/share/doc/nqp/changelog.Debian.gz
-rw-r--r-- root/root      2808 2019-11-26 19:45 ./usr/share/doc/nqp/continuations.pod.gz
-rw-r--r-- root/root     10650 2019-12-02 14:35 ./usr/share/doc/nqp/copyright
drwxr-xr-x root/root         0 2019-12-28 07:18 ./usr/share/doc/nqp/examples/
-rw-r--r-- root/root      1498 2019-11-26 19:45 ./usr/share/doc/nqp/examples/CallFromJava.java
-rw-r--r-- root/root       222 2019-12-28 07:18 ./usr/share/doc/nqp/examples/fib.nqp
-rw-r--r-- root/root        63 2019-12-28 07:18 ./usr/share/doc/nqp/examples/hello_world.nqp
-rw-r--r-- root/root        93 2019-12-28 07:18 ./usr/share/doc/nqp/examples/loops.nqp
-rw-r--r-- root/root      2897 2019-11-26 19:45 ./usr/share/doc/nqp/jvminterop-goals.pod.gz
-rw-r--r-- root/root      2841 2019-11-26 19:45 ./usr/share/doc/nqp/jvminterop.pod
-rw-r--r-- root/root       938 2019-11-26 19:45 ./usr/share/doc/nqp/nqp-overview.txt
-rw-r--r-- root/root     27132 2019-11-26 19:45 ./usr/share/doc/nqp/ops.markdown.gz
-rw-r--r-- root/root      6017 2019-11-26 19:45 ./usr/share/doc/nqp/qast.markdown.gz
-rw-r--r-- root/root      2869 2019-11-26 19:45 ./usr/share/doc/nqp/release_guide.pod
-rw-r--r-- root/root      3693 2019-11-26 19:45 ./usr/share/doc/nqp/serialization_format.markdown.gz
-rw-r--r-- root/root       532 2019-11-26 19:45 ./usr/share/doc/nqp/using-pod-in-nqp.md
drwxr-xr-x root/root         0 2019-12-28 07:18 ./usr/share/man/
drwxr-xr-x root/root         0 2019-12-28 07:18 ./usr/share/man/man1/
-rw-r--r-- root/root      2497 2019-12-28 07:18 ./usr/share/man/man1/nqp-m.1.gz
-rw-r--r-- root/root      2497 2019-12-28 07:18 ./usr/share/man/man1/nqp.1.gz
drwxr-xr-x root/root         0 2019-12-28 07:18 ./usr/share/nqp/
drwxr-xr-x root/root         0 2019-12-28 07:18 ./usr/share/nqp/lib/
-rw-r--r-- root/root     92184 2019-12-28 07:18 ./usr/share/nqp/lib/MASTNodes.moarvm
-rw-r--r-- root/root    660448 2019-12-28 07:18 ./usr/share/nqp/lib/MASTOps.moarvm
-rw-r--r-- root/root     10664 2019-12-28 07:18 ./usr/share/nqp/lib/ModuleLoader.moarvm
-rw-r--r-- root/root     72352 2019-12-28 07:18 ./usr/share/nqp/lib/NQPCORE.setting.moarvm
-rw-r--r-- root/root    372896 2019-12-28 07:18 ./usr/share/nqp/lib/NQPHLL.moarvm
-rw-r--r-- root/root    231872 2019-12-28 07:18 ./usr/share/nqp/lib/NQPP5QRegex.moarvm
-rw-r--r-- root/root    395440 2019-12-28 07:18 ./usr/share/nqp/lib/NQPP6QRegex.moarvm
-rw-r--r-- root/root    504024 2019-12-28 07:18 ./usr/share/nqp/lib/QAST.moarvm
-rw-r--r-- root/root     97448 2019-12-28 07:18 ./usr/share/nqp/lib/QASTNode.moarvm
-rw-r--r-- root/root    148576 2019-12-28 07:18 ./usr/share/nqp/lib/QRegex.moarvm
-rw-r--r-- root/root    805272 2019-12-28 07:18 ./usr/share/nqp/lib/nqp.moarvm
-rw-r--r-- root/root     76552 2019-12-28 07:18 ./usr/share/nqp/lib/nqpmo.moarvm


+------------------------------------------------------------------------------+
| Post Build                                                                   |
+------------------------------------------------------------------------------+


+------------------------------------------------------------------------------+
| Cleanup                                                                      |
+------------------------------------------------------------------------------+

Purging /<<BUILDDIR>>
Not cleaning session: cloned chroot in use

+------------------------------------------------------------------------------+
| Summary                                                                      |
+------------------------------------------------------------------------------+

Build Architecture: amd64
Build Type: binary
Build-Space: 25608
Build-Time: 91
Distribution: unstable
Host Architecture: amd64
Install-Time: 9
Job: nqp_2019.11+dfsg-2
Machine Architecture: amd64
Package: nqp
Package-Time: 122
Source-Version: 2019.11+dfsg-2
Space: 25608
Status: successful
Version: 2019.11+dfsg-2
--------------------------------------------------------------------------------
Finished at 2020-02-25T00:39:14Z
Build needed 00:02:02, 25608k disk space
DC-Status: OK 124.069161313s
