DC-Build-Header: pajeng 1.3.5-1 / 2020-02-25 04:18:22 +0000
DC-Task: type:rebuild-binarch-only source:pajeng version:1.3.5-1 chroot:unstable esttime:83 logfile:/tmp/pajeng_1.3.5-1_unstable_clang8.log modes:clang8:binarch-only
DC-Sbuild-call: su user42 -c 'sbuild -n --arch-any --apt-update -d unstable -v --no-run-lintian --chroot-setup-commands=/tmp/clang8 pajeng_1.3.5-1'
sbuild (Debian sbuild) 0.78.1 (09 February 2019) on ip-172-31-4-163.eu-central-1.compute.internal

+==============================================================================+
| pajeng 1.3.5-1 (amd64)                       Tue, 25 Feb 2020 04:18:22 +0000 |
+==============================================================================+

Package: pajeng
Version: 1.3.5-1
Source Version: 1.3.5-1
Distribution: unstable
Machine Architecture: amd64
Host Architecture: amd64
Build Architecture: amd64
Build Type: binary

I: NOTICE: Log filtering will replace 'var/run/schroot/mount/sid-amd64-sbuild-94db86a7-bbe7-4263-91c9-7b46e560c72b' with '<<CHROOT>>'

+------------------------------------------------------------------------------+
| Chroot Setup Commands                                                        |
+------------------------------------------------------------------------------+


/tmp/clang8
-----------

+ echo 'Entering customization script...'
Entering customization script...
+ CLANG_VERSION=8
+ echo 'Install of clang-8'
Install of clang-8
+ apt-get update
Get:1 http://127.0.0.1:12990/debian sid InRelease [142 kB]
Get:2 http://127.0.0.1:12990/debian sid/main Sources.diff/Index [27.9 kB]
Get:3 http://127.0.0.1:12990/debian sid/main amd64 Packages.diff/Index [27.9 kB]
Get:4 http://127.0.0.1:12990/debian sid/main Sources 2020-02-24-0823.32.pdiff [11.0 kB]
Get:5 http://127.0.0.1:12990/debian sid/main Sources 2020-02-24-1420.34.pdiff [30.2 kB]
Get:6 http://127.0.0.1:12990/debian sid/main Sources 2020-02-24-2014.03.pdiff [16.9 kB]
Get:7 http://127.0.0.1:12990/debian sid/main Sources 2020-02-25-0213.11.pdiff [23.2 kB]
Get:8 http://127.0.0.1:12990/debian sid/main amd64 Packages 2020-02-24-0823.32.pdiff [15.5 kB]
Get:7 http://127.0.0.1:12990/debian sid/main Sources 2020-02-25-0213.11.pdiff [23.2 kB]
Get:9 http://127.0.0.1:12990/debian sid/main amd64 Packages 2020-02-24-1420.34.pdiff [27.5 kB]
Get:10 http://127.0.0.1:12990/debian sid/main amd64 Packages 2020-02-24-2014.03.pdiff [21.6 kB]
Get:11 http://127.0.0.1:12990/debian sid/main amd64 Packages 2020-02-25-0213.11.pdiff [35.0 kB]
Get:11 http://127.0.0.1:12990/debian sid/main amd64 Packages 2020-02-25-0213.11.pdiff [35.0 kB]
Get:12 http://127.0.0.1:12990/debian sid/main Translation-en [6193 kB]
Fetched 6572 kB in 2s (2650 kB/s)
Reading package lists...
+ apt-get install --yes --no-install-recommends --force-yes clang-8 libomp-8-dev libobjc-9-dev
Reading package lists...
Building dependency tree...
The following additional packages will be installed:
  gcc-8-base lib32gcc-s1 lib32gcc1 lib32stdc++6 libbsd0 libc6-i386
  libclang-common-8-dev libclang1-8 libedit2 libgc1c2 libgcc-8-dev libllvm8
  libmpx2 libobjc-8-dev libobjc4 libomp5-8 libstdc++-8-dev
Suggested packages:
  clang-8-doc libomp-8-doc libstdc++-8-doc
Recommended packages:
  llvm-8-dev python3
The following NEW packages will be installed:
  clang-8 gcc-8-base lib32gcc-s1 lib32gcc1 lib32stdc++6 libbsd0 libc6-i386
  libclang-common-8-dev libclang1-8 libedit2 libgc1c2 libgcc-8-dev libllvm8
  libmpx2 libobjc-8-dev libobjc-9-dev libobjc4 libomp-8-dev libomp5-8
  libstdc++-8-dev
0 upgraded, 20 newly installed, 0 to remove and 2 not upgraded.
Need to get 39.9 MB of archives.
After this operation, 223 MB of additional disk space will be used.
Get:1 http://127.0.0.1:12990/debian sid/main amd64 libbsd0 amd64 0.10.0-1 [107 kB]
Get:2 http://127.0.0.1:12990/debian sid/main amd64 libedit2 amd64 3.1-20191231-1 [95.4 kB]
Get:3 http://127.0.0.1:12990/debian sid/main amd64 libllvm8 amd64 1:8.0.1-7 [13.8 MB]
Get:4 http://127.0.0.1:12990/debian sid/main amd64 gcc-8-base amd64 8.3.0-29 [194 kB]
Get:5 http://127.0.0.1:12990/debian sid/main amd64 libmpx2 amd64 8.3.0-29 [11.4 kB]
Get:6 http://127.0.0.1:12990/debian sid/main amd64 libgcc-8-dev amd64 8.3.0-29 [2297 kB]
Get:7 http://127.0.0.1:12990/debian sid/main amd64 libstdc++-8-dev amd64 8.3.0-29 [1543 kB]
Get:8 http://127.0.0.1:12990/debian sid/main amd64 libgc1c2 amd64 1:7.6.4-0.4 [224 kB]
Get:9 http://127.0.0.1:12990/debian sid/main amd64 libobjc4 amd64 10-20200222-1 [41.6 kB]
Get:10 http://127.0.0.1:12990/debian sid/main amd64 libobjc-8-dev amd64 8.3.0-29 [227 kB]
Get:11 http://127.0.0.1:12990/debian sid/main amd64 libc6-i386 amd64 2.29-10 [2918 kB]
Get:12 http://127.0.0.1:12990/debian sid/main amd64 lib32gcc-s1 amd64 10-20200222-1 [49.4 kB]
Get:13 http://127.0.0.1:12990/debian sid/main amd64 lib32gcc1 amd64 1:10-20200222-1 [1104 B]
Get:14 http://127.0.0.1:12990/debian sid/main amd64 lib32stdc++6 amd64 10-20200222-1 [510 kB]
Get:15 http://127.0.0.1:12990/debian sid/main amd64 libclang-common-8-dev amd64 1:8.0.1-7 [2989 kB]
Get:16 http://127.0.0.1:12990/debian sid/main amd64 libclang1-8 amd64 1:8.0.1-7 [6244 kB]
Get:17 http://127.0.0.1:12990/debian sid/main amd64 clang-8 amd64 1:8.0.1-7 [8010 kB]
Get:18 http://127.0.0.1:12990/debian sid/main amd64 libobjc-9-dev amd64 9.2.1-29 [219 kB]
Get:19 http://127.0.0.1:12990/debian sid/main amd64 libomp5-8 amd64 1:8.0.1-7 [331 kB]
Get:20 http://127.0.0.1:12990/debian sid/main amd64 libomp-8-dev amd64 1:8.0.1-7 [62.3 kB]
debconf: delaying package configuration, since apt-utils is not installed
Fetched 39.9 MB in 3s (15.6 MB/s)
Selecting previously unselected package libbsd0:amd64.
(Reading database ... (Reading database ... 5%(Reading database ... 10%(Reading database ... 15%(Reading database ... 20%(Reading database ... 25%(Reading database ... 30%(Reading database ... 35%(Reading database ... 40%(Reading database ... 45%(Reading database ... 50%(Reading database ... 55%(Reading database ... 60%(Reading database ... 65%(Reading database ... 70%(Reading database ... 75%(Reading database ... 80%(Reading database ... 85%(Reading database ... 90%(Reading database ... 95%(Reading database ... 100%(Reading database ... 12119 files and directories currently installed.)
Preparing to unpack .../00-libbsd0_0.10.0-1_amd64.deb ...
Unpacking libbsd0:amd64 (0.10.0-1) ...
Selecting previously unselected package libedit2:amd64.
Preparing to unpack .../01-libedit2_3.1-20191231-1_amd64.deb ...
Unpacking libedit2:amd64 (3.1-20191231-1) ...
Selecting previously unselected package libllvm8:amd64.
Preparing to unpack .../02-libllvm8_1%3a8.0.1-7_amd64.deb ...
Unpacking libllvm8:amd64 (1:8.0.1-7) ...
Selecting previously unselected package gcc-8-base:amd64.
Preparing to unpack .../03-gcc-8-base_8.3.0-29_amd64.deb ...
Unpacking gcc-8-base:amd64 (8.3.0-29) ...
Selecting previously unselected package libmpx2:amd64.
Preparing to unpack .../04-libmpx2_8.3.0-29_amd64.deb ...
Unpacking libmpx2:amd64 (8.3.0-29) ...
Selecting previously unselected package libgcc-8-dev:amd64.
Preparing to unpack .../05-libgcc-8-dev_8.3.0-29_amd64.deb ...
Unpacking libgcc-8-dev:amd64 (8.3.0-29) ...
Selecting previously unselected package libstdc++-8-dev:amd64.
Preparing to unpack .../06-libstdc++-8-dev_8.3.0-29_amd64.deb ...
Unpacking libstdc++-8-dev:amd64 (8.3.0-29) ...
Selecting previously unselected package libgc1c2:amd64.
Preparing to unpack .../07-libgc1c2_1%3a7.6.4-0.4_amd64.deb ...
Unpacking libgc1c2:amd64 (1:7.6.4-0.4) ...
Selecting previously unselected package libobjc4:amd64.
Preparing to unpack .../08-libobjc4_10-20200222-1_amd64.deb ...
Unpacking libobjc4:amd64 (10-20200222-1) ...
Selecting previously unselected package libobjc-8-dev:amd64.
Preparing to unpack .../09-libobjc-8-dev_8.3.0-29_amd64.deb ...
Unpacking libobjc-8-dev:amd64 (8.3.0-29) ...
Selecting previously unselected package libc6-i386.
Preparing to unpack .../10-libc6-i386_2.29-10_amd64.deb ...
Unpacking libc6-i386 (2.29-10) ...
Selecting previously unselected package lib32gcc-s1.
Preparing to unpack .../11-lib32gcc-s1_10-20200222-1_amd64.deb ...
Unpacking lib32gcc-s1 (10-20200222-1) ...
Selecting previously unselected package lib32gcc1.
Preparing to unpack .../12-lib32gcc1_1%3a10-20200222-1_amd64.deb ...
Unpacking lib32gcc1 (1:10-20200222-1) ...
Selecting previously unselected package lib32stdc++6.
Preparing to unpack .../13-lib32stdc++6_10-20200222-1_amd64.deb ...
Unpacking lib32stdc++6 (10-20200222-1) ...
Selecting previously unselected package libclang-common-8-dev.
Preparing to unpack .../14-libclang-common-8-dev_1%3a8.0.1-7_amd64.deb ...
Unpacking libclang-common-8-dev (1:8.0.1-7) ...
Selecting previously unselected package libclang1-8.
Preparing to unpack .../15-libclang1-8_1%3a8.0.1-7_amd64.deb ...
Unpacking libclang1-8 (1:8.0.1-7) ...
Selecting previously unselected package clang-8.
Preparing to unpack .../16-clang-8_1%3a8.0.1-7_amd64.deb ...
Unpacking clang-8 (1:8.0.1-7) ...
Selecting previously unselected package libobjc-9-dev:amd64.
Preparing to unpack .../17-libobjc-9-dev_9.2.1-29_amd64.deb ...
Unpacking libobjc-9-dev:amd64 (9.2.1-29) ...
Selecting previously unselected package libomp5-8:amd64.
Preparing to unpack .../18-libomp5-8_1%3a8.0.1-7_amd64.deb ...
Unpacking libomp5-8:amd64 (1:8.0.1-7) ...
Selecting previously unselected package libomp-8-dev.
Preparing to unpack .../19-libomp-8-dev_1%3a8.0.1-7_amd64.deb ...
Unpacking libomp-8-dev (1:8.0.1-7) ...
Setting up libgc1c2:amd64 (1:7.6.4-0.4) ...
Setting up libobjc4:amd64 (10-20200222-1) ...
Setting up gcc-8-base:amd64 (8.3.0-29) ...
Setting up libobjc-9-dev:amd64 (9.2.1-29) ...
Setting up libmpx2:amd64 (8.3.0-29) ...
Setting up libc6-i386 (2.29-10) ...
Setting up libbsd0:amd64 (0.10.0-1) ...
Setting up libomp5-8:amd64 (1:8.0.1-7) ...
Setting up libomp-8-dev (1:8.0.1-7) ...
Setting up libedit2:amd64 (3.1-20191231-1) ...
Setting up lib32gcc-s1 (10-20200222-1) ...
Setting up libgcc-8-dev:amd64 (8.3.0-29) ...
Setting up libstdc++-8-dev:amd64 (8.3.0-29) ...
Setting up libllvm8:amd64 (1:8.0.1-7) ...
Setting up libclang1-8 (1:8.0.1-7) ...
Setting up lib32gcc1 (1:10-20200222-1) ...
Setting up libobjc-8-dev:amd64 (8.3.0-29) ...
Setting up lib32stdc++6 (10-20200222-1) ...
Setting up libclang-common-8-dev (1:8.0.1-7) ...
Setting up clang-8 (1:8.0.1-7) ...
Processing triggers for libc-bin (2.29-10) ...
W: --force-yes is deprecated, use one of the options starting with --allow instead.
+ echo 'Replace gcc, g++ & cpp by clang'
Replace gcc, g++ & cpp by clang
+ VERSIONS='4.6 4.7 4.8 4.9 5 6 7 8 9 10'
+ cd /usr/bin
+ for VERSION in $VERSIONS
+ rm -f g++-4.6 gcc-4.6 cpp-4.6 gcc
+ ln -s clang++-8 g++-4.6
+ ln -s clang-8 gcc-4.6
+ ln -s clang-8 cpp-4.6
+ ln -s clang-8 gcc
+ echo 'gcc-4.6 hold'
+ dpkg --set-selections
dpkg: warning: package not in status nor available database at line 1: gcc-4.6
dpkg: warning: found unknown packages; this might mean the available database
is outdated, and needs to be updated through a frontend method;
please see the FAQ <https://wiki.debian.org/Teams/Dpkg/FAQ>
+ dpkg --set-selections
+ echo 'g++-4.6 hold'
dpkg: warning: package not in status nor available database at line 1: g++-4.6
dpkg: warning: found unknown packages; this might mean the available database
is outdated, and needs to be updated through a frontend method;
please see the FAQ <https://wiki.debian.org/Teams/Dpkg/FAQ>
+ for VERSION in $VERSIONS
+ rm -f g++-4.7 gcc-4.7 cpp-4.7 gcc
+ ln -s clang++-8 g++-4.7
+ ln -s clang-8 gcc-4.7
+ ln -s clang-8 cpp-4.7
+ ln -s clang-8 gcc
+ echo 'gcc-4.7 hold'
+ dpkg --set-selections
dpkg: warning: package not in status nor available database at line 1: gcc-4.7
dpkg: warning: found unknown packages; this might mean the available database
is outdated, and needs to be updated through a frontend method;
please see the FAQ <https://wiki.debian.org/Teams/Dpkg/FAQ>
+ echo 'g++-4.7 hold'
+ dpkg --set-selections
dpkg: warning: package not in status nor available database at line 1: g++-4.7
dpkg: warning: found unknown packages; this might mean the available database
is outdated, and needs to be updated through a frontend method;
please see the FAQ <https://wiki.debian.org/Teams/Dpkg/FAQ>
+ for VERSION in $VERSIONS
+ rm -f g++-4.8 gcc-4.8 cpp-4.8 gcc
+ ln -s clang++-8 g++-4.8
+ ln -s clang-8 gcc-4.8
+ ln -s clang-8 cpp-4.8
+ ln -s clang-8 gcc
+ echo 'gcc-4.8 hold'
+ dpkg --set-selections
dpkg: warning: package not in status nor available database at line 1: gcc-4.8
dpkg: warning: found unknown packages; this might mean the available database
is outdated, and needs to be updated through a frontend method;
please see the FAQ <https://wiki.debian.org/Teams/Dpkg/FAQ>
+ echo 'g++-4.8 hold'
+ dpkg --set-selections
dpkg: warning: package not in status nor available database at line 1: g++-4.8
dpkg: warning: found unknown packages; this might mean the available database
is outdated, and needs to be updated through a frontend method;
please see the FAQ <https://wiki.debian.org/Teams/Dpkg/FAQ>
+ for VERSION in $VERSIONS
+ rm -f g++-4.9 gcc-4.9 cpp-4.9 gcc
+ ln -s clang++-8 g++-4.9
+ ln -s clang-8 gcc-4.9
+ ln -s clang-8 cpp-4.9
+ ln -s clang-8 gcc
+ echo 'gcc-4.9 hold'
+ dpkg --set-selections
dpkg: warning: package not in status nor available database at line 1: gcc-4.9
dpkg: warning: found unknown packages; this might mean the available database
is outdated, and needs to be updated through a frontend method;
please see the FAQ <https://wiki.debian.org/Teams/Dpkg/FAQ>
+ echo 'g++-4.9 hold'
+ dpkg --set-selections
dpkg: warning: package not in status nor available database at line 1: g++-4.9
dpkg: warning: found unknown packages; this might mean the available database
is outdated, and needs to be updated through a frontend method;
please see the FAQ <https://wiki.debian.org/Teams/Dpkg/FAQ>
+ for VERSION in $VERSIONS
+ rm -f g++-5 gcc-5 cpp-5 gcc
+ ln -s clang++-8 g++-5
+ ln -s clang-8 gcc-5
+ ln -s clang-8 cpp-5
+ ln -s clang-8 gcc
+ echo 'gcc-5 hold'
+ dpkg --set-selections
dpkg: warning: package not in status nor available database at line 1: gcc-5
dpkg: warning: found unknown packages; this might mean the available database
is outdated, and needs to be updated through a frontend method;
please see the FAQ <https://wiki.debian.org/Teams/Dpkg/FAQ>
+ dpkg --set-selections
+ echo 'g++-5 hold'
dpkg: warning: package not in status nor available database at line 1: g++-5
dpkg: warning: found unknown packages; this might mean the available database
is outdated, and needs to be updated through a frontend method;
please see the FAQ <https://wiki.debian.org/Teams/Dpkg/FAQ>
+ for VERSION in $VERSIONS
+ rm -f g++-6 gcc-6 cpp-6 gcc
+ ln -s clang++-8 g++-6
+ ln -s clang-8 gcc-6
+ ln -s clang-8 cpp-6
+ ln -s clang-8 gcc
+ echo 'gcc-6 hold'
+ dpkg --set-selections
dpkg: warning: package not in status nor available database at line 1: gcc-6
dpkg: warning: found unknown packages; this might mean the available database
is outdated, and needs to be updated through a frontend method;
please see the FAQ <https://wiki.debian.org/Teams/Dpkg/FAQ>
+ echo 'g++-6 hold'
+ dpkg --set-selections
dpkg: warning: package not in status nor available database at line 1: g++-6
dpkg: warning: found unknown packages; this might mean the available database
is outdated, and needs to be updated through a frontend method;
please see the FAQ <https://wiki.debian.org/Teams/Dpkg/FAQ>
+ for VERSION in $VERSIONS
+ rm -f g++-7 gcc-7 cpp-7 gcc
+ ln -s clang++-8 g++-7
+ ln -s clang-8 gcc-7
+ ln -s clang-8 cpp-7
+ ln -s clang-8 gcc
+ echo 'gcc-7 hold'
+ dpkg --set-selections
dpkg: warning: package not in status nor available database at line 1: gcc-7
dpkg: warning: found unknown packages; this might mean the available database
is outdated, and needs to be updated through a frontend method;
please see the FAQ <https://wiki.debian.org/Teams/Dpkg/FAQ>
+ dpkg --set-selections
+ echo 'g++-7 hold'
dpkg: warning: package not in status nor available database at line 1: g++-7
dpkg: warning: found unknown packages; this might mean the available database
is outdated, and needs to be updated through a frontend method;
please see the FAQ <https://wiki.debian.org/Teams/Dpkg/FAQ>
+ for VERSION in $VERSIONS
+ rm -f g++-8 gcc-8 cpp-8 gcc
+ ln -s clang++-8 g++-8
+ ln -s clang-8 gcc-8
+ ln -s clang-8 cpp-8
+ ln -s clang-8 gcc
+ echo 'gcc-8 hold'
+ dpkg --set-selections
dpkg: warning: package not in status nor available database at line 1: gcc-8
dpkg: warning: found unknown packages; this might mean the available database
is outdated, and needs to be updated through a frontend method;
please see the FAQ <https://wiki.debian.org/Teams/Dpkg/FAQ>
+ echo 'g++-8 hold'
+ dpkg --set-selections
dpkg: warning: package not in status nor available database at line 1: g++-8
dpkg: warning: found unknown packages; this might mean the available database
is outdated, and needs to be updated through a frontend method;
please see the FAQ <https://wiki.debian.org/Teams/Dpkg/FAQ>
+ for VERSION in $VERSIONS
+ rm -f g++-9 gcc-9 cpp-9 gcc
+ ln -s clang++-8 g++-9
+ ln -s clang-8 gcc-9
+ ln -s clang-8 cpp-9
+ ln -s clang-8 gcc
+ echo 'gcc-9 hold'
+ dpkg --set-selections
+ echo 'g++-9 hold'
+ dpkg --set-selections
+ for VERSION in $VERSIONS
+ rm -f g++-10 gcc-10 cpp-10 gcc
+ ln -s clang++-8 g++-10
+ ln -s clang-8 gcc-10
+ ln -s clang-8 cpp-10
+ ln -s clang-8 gcc
+ echo 'gcc-10 hold'
+ dpkg --set-selections
dpkg: warning: package not in status nor available database at line 1: gcc-10
dpkg: warning: found unknown packages; this might mean the available database
is outdated, and needs to be updated through a frontend method;
please see the FAQ <https://wiki.debian.org/Teams/Dpkg/FAQ>
+ dpkg --set-selections
+ echo 'g++-10 hold'
dpkg: warning: package not in status nor available database at line 1: g++-10
dpkg: warning: found unknown packages; this might mean the available database
is outdated, and needs to be updated through a frontend method;
please see the FAQ <https://wiki.debian.org/Teams/Dpkg/FAQ>
+ cd -
/build/pajeng-FEn4PU
+ echo 'Check if gcc, g++ & cpp are actually clang'
Check if gcc, g++ & cpp are actually clang
+ gcc --version
+ grep clang
+ cpp --version
+ grep clang
+ g++ --version
+ grep clang

I: Finished running '/tmp/clang8'.

Finished processing commands.
--------------------------------------------------------------------------------
I: NOTICE: Log filtering will replace 'build/pajeng-FEn4PU/resolver-k78UMY' with '<<RESOLVERDIR>>'

+------------------------------------------------------------------------------+
| Update chroot                                                                |
+------------------------------------------------------------------------------+

Hit:1 http://127.0.0.1:12990/debian sid InRelease
Reading package lists...
Reading package lists...
Building dependency tree...
Reading state information...
Calculating upgrade...
The following packages will be upgraded:
  libgmp10 zlib1g
2 upgraded, 0 newly installed, 0 to remove and 0 not upgraded.
Need to get 343 kB of archives.
After this operation, 0 B of additional disk space will be used.
Get:1 http://127.0.0.1:12990/debian sid/main amd64 libgmp10 amd64 2:6.2.0+dfsg-4 [253 kB]
Get:2 http://127.0.0.1:12990/debian sid/main amd64 zlib1g amd64 1:1.2.11.dfsg-2 [90.4 kB]
debconf: delaying package configuration, since apt-utils is not installed
Fetched 343 kB in 0s (3010 kB/s)
(Reading database ... (Reading database ... 5%(Reading database ... 10%(Reading database ... 15%(Reading database ... 20%(Reading database ... 25%(Reading database ... 30%(Reading database ... 35%(Reading database ... 40%(Reading database ... 45%(Reading database ... 50%(Reading database ... 55%(Reading database ... 60%(Reading database ... 65%(Reading database ... 70%(Reading database ... 75%(Reading database ... 80%(Reading database ... 85%(Reading database ... 90%(Reading database ... 95%(Reading database ... 100%(Reading database ... 13887 files and directories currently installed.)
Preparing to unpack .../libgmp10_2%3a6.2.0+dfsg-4_amd64.deb ...
Unpacking libgmp10:amd64 (2:6.2.0+dfsg-4) over (2:6.2.0+dfsg-3) ...
Setting up libgmp10:amd64 (2:6.2.0+dfsg-4) ...
(Reading database ... (Reading database ... 5%(Reading database ... 10%(Reading database ... 15%(Reading database ... 20%(Reading database ... 25%(Reading database ... 30%(Reading database ... 35%(Reading database ... 40%(Reading database ... 45%(Reading database ... 50%(Reading database ... 55%(Reading database ... 60%(Reading database ... 65%(Reading database ... 70%(Reading database ... 75%(Reading database ... 80%(Reading database ... 85%(Reading database ... 90%(Reading database ... 95%(Reading database ... 100%(Reading database ... 13887 files and directories currently installed.)
Preparing to unpack .../zlib1g_1%3a1.2.11.dfsg-2_amd64.deb ...
Unpacking zlib1g:amd64 (1:1.2.11.dfsg-2) over (1:1.2.11.dfsg-1.2) ...
Setting up zlib1g:amd64 (1:1.2.11.dfsg-2) ...
Processing triggers for libc-bin (2.29-10) ...

+------------------------------------------------------------------------------+
| Fetch source files                                                           |
+------------------------------------------------------------------------------+


Check APT
---------

Checking available source versions...

Download source files with APT
------------------------------

Reading package lists...
NOTICE: 'pajeng' packaging is maintained in the 'Git' version control system at:
https://salsa.debian.org/debian/pajeng.git
Please use:
git clone https://salsa.debian.org/debian/pajeng.git
to retrieve the latest (possibly unreleased) updates to the package.
Need to get 705 kB of source archives.
Get:1 http://127.0.0.1:12990/debian sid/main pajeng 1.3.5-1 (dsc) [2099 B]
Get:2 http://127.0.0.1:12990/debian sid/main pajeng 1.3.5-1 (tar) [698 kB]
Get:3 http://127.0.0.1:12990/debian sid/main pajeng 1.3.5-1 (diff) [5132 B]
Fetched 705 kB in 1s (912 kB/s)
Download complete and in download only mode
I: NOTICE: Log filtering will replace 'build/pajeng-FEn4PU/pajeng-1.3.5' with '<<PKGBUILDDIR>>'
I: NOTICE: Log filtering will replace 'build/pajeng-FEn4PU' with '<<BUILDDIR>>'

+------------------------------------------------------------------------------+
| Install package build dependencies                                           |
+------------------------------------------------------------------------------+


Setup apt archive
-----------------

Merged Build-Depends: debhelper-compat (= 12), asciidoc-base, bison, chrpath, cmake, docbook-xsl, docbook-xml, flex, libboost-dev, libfl-dev, libxml2-utils, xsltproc, build-essential, fakeroot
Filtered Build-Depends: debhelper-compat (= 12), asciidoc-base, bison, chrpath, cmake, docbook-xsl, docbook-xml, flex, libboost-dev, libfl-dev, libxml2-utils, xsltproc, build-essential, fakeroot
dpkg-deb: building package 'sbuild-build-depends-main-dummy' in '/<<RESOLVERDIR>>/apt_archive/sbuild-build-depends-main-dummy.deb'.
Ign:1 copy:/<<RESOLVERDIR>>/apt_archive ./ InRelease
Get:2 copy:/<<RESOLVERDIR>>/apt_archive ./ Release [957 B]
Ign:3 copy:/<<RESOLVERDIR>>/apt_archive ./ Release.gpg
Get:4 copy:/<<RESOLVERDIR>>/apt_archive ./ Sources [437 B]
Get:5 copy:/<<RESOLVERDIR>>/apt_archive ./ Packages [515 B]
Fetched 1909 B in 0s (0 B/s)
Reading package lists...
Reading package lists...

Install main build dependencies (apt-based resolver)
----------------------------------------------------

Installing build dependencies
Reading package lists...
Building dependency tree...
Reading state information...
The following additional packages will be installed:
  asciidoc-base asciidoc-common autoconf automake autopoint autotools-dev
  bison bsdmainutils chrpath cmake cmake-data debhelper dh-autoreconf
  dh-strip-nondeterminism docbook-xml docbook-xsl dwz file flex gettext
  gettext-base groff-base intltool-debian libarchive-zip-perl libarchive13
  libboost-dev libboost1.67-dev libbrotli1 libcroco3 libcurl4
  libdebhelper-perl libelf1 libexpat1 libfile-stripnondeterminism-perl
  libfl-dev libfl2 libglib2.0-0 libgssapi-krb5-2 libicu63 libjsoncpp1
  libk5crypto3 libkeyutils1 libkrb5-3 libkrb5support0 libldap-2.4-2
  libldap-common libmagic-mgc libmagic1 libmpdec2 libncurses6 libnghttp2-14
  libpipeline1 libprocps8 libpsl5 libpython3-stdlib libpython3.7-minimal
  libpython3.7-stdlib libreadline8 librhash0 librtmp1 libsasl2-2
  libsasl2-modules-db libsigsegv2 libsqlite3-0 libssh2-1 libssl1.1
  libsub-override-perl libtool libuchardet0 libuv1 libxml2 libxml2-utils
  libxslt1.1 m4 man-db mime-support po-debconf procps python3 python3-minimal
  python3.7 python3.7-minimal readline-common sensible-utils sgml-base
  sgml-data xml-core xsltproc
Suggested packages:
  asciidoc-doc docbook-utils source-highlight autoconf-archive gnu-standards
  autoconf-doc bison-doc wamerican | wordlist whois vacation cmake-doc
  ninja-build dh-make docbook docbook-dsssl docbook-defguide dbtoepub
  docbook-xsl-doc-html | docbook-xsl-doc-pdf | docbook-xsl-doc-text
  | docbook-xsl-doc docbook-xsl-saxon fop libsaxon-java libxalan2-java
  libxslthl-java xalan flex-doc gettext-doc libasprintf-dev libgettextpo-dev
  groff lrzip libboost-doc libboost1.67-doc libboost-atomic1.67-dev
  libboost-chrono1.67-dev libboost-container1.67-dev libboost-context1.67-dev
  libboost-contract1.67-dev libboost-coroutine1.67-dev
  libboost-date-time1.67-dev libboost-exception1.67-dev libboost-fiber1.67-dev
  libboost-filesystem1.67-dev libboost-graph1.67-dev
  libboost-graph-parallel1.67-dev libboost-iostreams1.67-dev
  libboost-locale1.67-dev libboost-log1.67-dev libboost-math1.67-dev
  libboost-mpi1.67-dev libboost-mpi-python1.67-dev libboost-numpy1.67-dev
  libboost-program-options1.67-dev libboost-python1.67-dev
  libboost-random1.67-dev libboost-regex1.67-dev
  libboost-serialization1.67-dev libboost-signals1.67-dev
  libboost-stacktrace1.67-dev libboost-system1.67-dev libboost-test1.67-dev
  libboost-thread1.67-dev libboost-timer1.67-dev libboost-type-erasure1.67-dev
  libboost-wave1.67-dev libboost1.67-tools-dev libmpfrc++-dev libntl-dev
  krb5-doc krb5-user libtool-doc gfortran | fortran95-compiler gcj-jdk m4-doc
  apparmor less www-browser libmail-box-perl python3-doc python3-tk
  python3-venv python3.7-venv python3.7-doc binfmt-support readline-doc
  sgml-base-doc perlsgml w3-recs opensp
Recommended packages:
  xmlto curl | wget | lynx ca-certificates libarchive-cpio-perl
  libglib2.0-data shared-mime-info xdg-user-dirs krb5-locales libgpm2
  publicsuffix libsasl2-modules libltdl-dev libmail-sendmail-perl psmisc
The following NEW packages will be installed:
  asciidoc-base asciidoc-common autoconf automake autopoint autotools-dev
  bison bsdmainutils chrpath cmake cmake-data debhelper dh-autoreconf
  dh-strip-nondeterminism docbook-xml docbook-xsl dwz file flex gettext
  gettext-base groff-base intltool-debian libarchive-zip-perl libarchive13
  libboost-dev libboost1.67-dev libbrotli1 libcroco3 libcurl4
  libdebhelper-perl libelf1 libexpat1 libfile-stripnondeterminism-perl
  libfl-dev libfl2 libglib2.0-0 libgssapi-krb5-2 libicu63 libjsoncpp1
  libk5crypto3 libkeyutils1 libkrb5-3 libkrb5support0 libldap-2.4-2
  libldap-common libmagic-mgc libmagic1 libmpdec2 libncurses6 libnghttp2-14
  libpipeline1 libprocps8 libpsl5 libpython3-stdlib libpython3.7-minimal
  libpython3.7-stdlib libreadline8 librhash0 librtmp1 libsasl2-2
  libsasl2-modules-db libsigsegv2 libsqlite3-0 libssh2-1 libssl1.1
  libsub-override-perl libtool libuchardet0 libuv1 libxml2 libxml2-utils
  libxslt1.1 m4 man-db mime-support po-debconf procps python3 python3-minimal
  python3.7 python3.7-minimal readline-common sbuild-build-depends-main-dummy
  sensible-utils sgml-base sgml-data xml-core xsltproc
0 upgraded, 89 newly installed, 0 to remove and 0 not upgraded.
Need to get 47.5 MB of archives.
After this operation, 292 MB of additional disk space will be used.
Get:1 copy:/<<RESOLVERDIR>>/apt_archive ./ sbuild-build-depends-main-dummy 0.invalid.0 [948 B]
Get:2 http://127.0.0.1:12990/debian sid/main amd64 bsdmainutils amd64 11.1.2+b1 [191 kB]
Get:3 http://127.0.0.1:12990/debian sid/main amd64 libuchardet0 amd64 0.0.6-3 [64.9 kB]
Get:4 http://127.0.0.1:12990/debian sid/main amd64 groff-base amd64 1.22.4-4 [919 kB]
Get:5 http://127.0.0.1:12990/debian sid/main amd64 libpipeline1 amd64 1.5.2-2 [33.9 kB]
Get:6 http://127.0.0.1:12990/debian sid/main amd64 man-db amd64 2.9.0-2 [1307 kB]
Get:7 http://127.0.0.1:12990/debian sid/main amd64 libsigsegv2 amd64 2.12-2 [32.8 kB]
Get:8 http://127.0.0.1:12990/debian sid/main amd64 m4 amd64 1.4.18-4 [203 kB]
Get:9 http://127.0.0.1:12990/debian sid/main amd64 flex amd64 2.6.4-6.2 [456 kB]
Get:10 http://127.0.0.1:12990/debian sid/main amd64 libssl1.1 amd64 1.1.1d-2 [1540 kB]
Get:11 http://127.0.0.1:12990/debian sid/main amd64 libpython3.7-minimal amd64 3.7.6-1+b1 [591 kB]
Get:12 http://127.0.0.1:12990/debian sid/main amd64 libexpat1 amd64 2.2.9-1 [94.3 kB]
Get:13 http://127.0.0.1:12990/debian sid/main amd64 python3.7-minimal amd64 3.7.6-1+b1 [1813 kB]
Get:14 http://127.0.0.1:12990/debian sid/main amd64 python3-minimal amd64 3.7.5-3 [36.8 kB]
Get:15 http://127.0.0.1:12990/debian sid/main amd64 mime-support all 3.64 [37.8 kB]
Get:16 http://127.0.0.1:12990/debian sid/main amd64 libmpdec2 amd64 2.4.2-2 [87.2 kB]
Get:17 http://127.0.0.1:12990/debian sid/main amd64 readline-common all 8.0-3 [72.5 kB]
Get:18 http://127.0.0.1:12990/debian sid/main amd64 libreadline8 amd64 8.0-3 [160 kB]
Get:19 http://127.0.0.1:12990/debian sid/main amd64 libsqlite3-0 amd64 3.31.1-3 [661 kB]
Get:20 http://127.0.0.1:12990/debian sid/main amd64 libpython3.7-stdlib amd64 3.7.6-1+b1 [1735 kB]
Get:21 http://127.0.0.1:12990/debian sid/main amd64 python3.7 amd64 3.7.6-1+b1 [351 kB]
Get:22 http://127.0.0.1:12990/debian sid/main amd64 libpython3-stdlib amd64 3.7.5-3 [20.2 kB]
Get:23 http://127.0.0.1:12990/debian sid/main amd64 python3 amd64 3.7.5-3 [62.1 kB]
Get:24 http://127.0.0.1:12990/debian sid/main amd64 sgml-base all 1.29.1 [15.0 kB]
Get:25 http://127.0.0.1:12990/debian sid/main amd64 libncurses6 amd64 6.1+20191019-1 [102 kB]
Get:26 http://127.0.0.1:12990/debian sid/main amd64 libprocps8 amd64 2:3.3.16-1+b1 [62.8 kB]
Get:27 http://127.0.0.1:12990/debian sid/main amd64 procps amd64 2:3.3.16-1+b1 [263 kB]
Get:28 http://127.0.0.1:12990/debian sid/main amd64 sensible-utils all 0.0.12+nmu1 [16.0 kB]
Get:29 http://127.0.0.1:12990/debian sid/main amd64 libmagic-mgc amd64 1:5.38-4 [262 kB]
Get:30 http://127.0.0.1:12990/debian sid/main amd64 libmagic1 amd64 1:5.38-4 [120 kB]
Get:31 http://127.0.0.1:12990/debian sid/main amd64 file amd64 1:5.38-4 [67.9 kB]
Get:32 http://127.0.0.1:12990/debian sid/main amd64 gettext-base amd64 0.19.8.1-10 [123 kB]
Get:33 http://127.0.0.1:12990/debian sid/main amd64 asciidoc-common all 9.0.0~rc1-1 [285 kB]
Get:34 http://127.0.0.1:12990/debian sid/main amd64 libicu63 amd64 63.2-2 [8301 kB]
Get:35 http://127.0.0.1:12990/debian sid/main amd64 libxml2 amd64 2.9.10+dfsg-3 [709 kB]
Get:36 http://127.0.0.1:12990/debian sid/main amd64 libxml2-utils amd64 2.9.10+dfsg-3 [108 kB]
Get:37 http://127.0.0.1:12990/debian sid/main amd64 asciidoc-base all 9.0.0~rc1-1 [135 kB]
Get:38 http://127.0.0.1:12990/debian sid/main amd64 autoconf all 2.69-11.1 [341 kB]
Get:39 http://127.0.0.1:12990/debian sid/main amd64 autotools-dev all 20180224.1 [77.0 kB]
Get:40 http://127.0.0.1:12990/debian sid/main amd64 automake all 1:1.16.1-4 [771 kB]
Get:41 http://127.0.0.1:12990/debian sid/main amd64 autopoint all 0.19.8.1-10 [435 kB]
Get:42 http://127.0.0.1:12990/debian sid/main amd64 bison amd64 2:3.5.1+dfsg-1 [963 kB]
Get:43 http://127.0.0.1:12990/debian sid/main amd64 chrpath amd64 0.16-2+b1 [17.1 kB]
Get:44 http://127.0.0.1:12990/debian sid/main amd64 cmake-data all 3.16.3-1 [1628 kB]
Get:45 http://127.0.0.1:12990/debian sid/main amd64 libarchive13 amd64 3.4.0-1+b1 [335 kB]
Get:46 http://127.0.0.1:12990/debian sid/main amd64 libbrotli1 amd64 1.0.7-6 [266 kB]
Get:47 http://127.0.0.1:12990/debian sid/main amd64 libkeyutils1 amd64 1.6.1-2 [15.4 kB]
Get:48 http://127.0.0.1:12990/debian sid/main amd64 libkrb5support0 amd64 1.17-6 [64.6 kB]
Get:49 http://127.0.0.1:12990/debian sid/main amd64 libk5crypto3 amd64 1.17-6 [116 kB]
Get:50 http://127.0.0.1:12990/debian sid/main amd64 libkrb5-3 amd64 1.17-6 [366 kB]
Get:51 http://127.0.0.1:12990/debian sid/main amd64 libgssapi-krb5-2 amd64 1.17-6 [156 kB]
Get:52 http://127.0.0.1:12990/debian sid/main amd64 libsasl2-modules-db amd64 2.1.27+dfsg-2 [69.0 kB]
Get:53 http://127.0.0.1:12990/debian sid/main amd64 libsasl2-2 amd64 2.1.27+dfsg-2 [106 kB]
Get:54 http://127.0.0.1:12990/debian sid/main amd64 libldap-common all 2.4.49+dfsg-1 [91.9 kB]
Get:55 http://127.0.0.1:12990/debian sid/main amd64 libldap-2.4-2 amd64 2.4.49+dfsg-1 [226 kB]
Get:56 http://127.0.0.1:12990/debian sid/main amd64 libnghttp2-14 amd64 1.40.0-1 [85.0 kB]
Get:57 http://127.0.0.1:12990/debian sid/main amd64 libpsl5 amd64 0.20.2-2 [53.7 kB]
Get:58 http://127.0.0.1:12990/debian sid/main amd64 librtmp1 amd64 2.4+20151223.gitfa8646d.1-2+b1 [60.8 kB]
Get:59 http://127.0.0.1:12990/debian sid/main amd64 libssh2-1 amd64 1.8.0-2.1 [140 kB]
Get:60 http://127.0.0.1:12990/debian sid/main amd64 libcurl4 amd64 7.68.0-1 [321 kB]
Get:61 http://127.0.0.1:12990/debian sid/main amd64 libjsoncpp1 amd64 1.7.4-3.1 [77.6 kB]
Get:62 http://127.0.0.1:12990/debian sid/main amd64 librhash0 amd64 1.3.9-1 [123 kB]
Get:63 http://127.0.0.1:12990/debian sid/main amd64 libuv1 amd64 1.34.2-1 [127 kB]
Get:64 http://127.0.0.1:12990/debian sid/main amd64 cmake amd64 3.16.3-1 [3673 kB]
Get:65 http://127.0.0.1:12990/debian sid/main amd64 libtool all 2.4.6-13 [513 kB]
Get:66 http://127.0.0.1:12990/debian sid/main amd64 dh-autoreconf all 19 [16.9 kB]
Get:67 http://127.0.0.1:12990/debian sid/main amd64 libdebhelper-perl all 12.9 [183 kB]
Get:68 http://127.0.0.1:12990/debian sid/main amd64 libarchive-zip-perl all 1.67-1 [104 kB]
Get:69 http://127.0.0.1:12990/debian sid/main amd64 libsub-override-perl all 0.09-2 [10.2 kB]
Get:70 http://127.0.0.1:12990/debian sid/main amd64 libfile-stripnondeterminism-perl all 1.6.3-2 [23.7 kB]
Get:71 http://127.0.0.1:12990/debian sid/main amd64 dh-strip-nondeterminism all 1.6.3-2 [14.7 kB]
Get:72 http://127.0.0.1:12990/debian sid/main amd64 libelf1 amd64 0.176-1.1 [161 kB]
Get:73 http://127.0.0.1:12990/debian sid/main amd64 dwz amd64 0.13-5 [151 kB]
Get:74 http://127.0.0.1:12990/debian sid/main amd64 libglib2.0-0 amd64 2.62.4-2 [1319 kB]
Get:75 http://127.0.0.1:12990/debian sid/main amd64 libcroco3 amd64 0.6.13-1 [146 kB]
Get:76 http://127.0.0.1:12990/debian sid/main amd64 gettext amd64 0.19.8.1-10 [1303 kB]
Get:77 http://127.0.0.1:12990/debian sid/main amd64 intltool-debian all 0.35.0+20060710.5 [26.8 kB]
Get:78 http://127.0.0.1:12990/debian sid/main amd64 po-debconf all 1.0.21 [248 kB]
Get:79 http://127.0.0.1:12990/debian sid/main amd64 debhelper all 12.9 [994 kB]
Get:80 http://127.0.0.1:12990/debian sid/main amd64 xml-core all 0.18+nmu1 [23.8 kB]
Get:81 http://127.0.0.1:12990/debian sid/main amd64 sgml-data all 2.0.11 [179 kB]
Get:82 http://127.0.0.1:12990/debian sid/main amd64 docbook-xml all 4.5-9 [84.4 kB]
Get:83 http://127.0.0.1:12990/debian sid/main amd64 docbook-xsl all 1.79.1+dfsg-2 [1249 kB]
Get:84 http://127.0.0.1:12990/debian sid/main amd64 libboost1.67-dev amd64 1.67.0-17 [8389 kB]
Get:85 http://127.0.0.1:12990/debian sid/main amd64 libboost-dev amd64 1.67.0.2+b1 [4496 B]
Get:86 http://127.0.0.1:12990/debian sid/main amd64 libfl2 amd64 2.6.4-6.2 [103 kB]
Get:87 http://127.0.0.1:12990/debian sid/main amd64 libfl-dev amd64 2.6.4-6.2 [104 kB]
Get:88 http://127.0.0.1:12990/debian sid/main amd64 libxslt1.1 amd64 1.1.34-3 [239 kB]
Get:89 http://127.0.0.1:12990/debian sid/main amd64 xsltproc amd64 1.1.34-3 [124 kB]
debconf: delaying package configuration, since apt-utils is not installed
Fetched 47.5 MB in 3s (16.9 MB/s)
Selecting previously unselected package bsdmainutils.
(Reading database ... 13887 files and directories currently installed.)
Preparing to unpack .../00-bsdmainutils_11.1.2+b1_amd64.deb ...
Unpacking bsdmainutils (11.1.2+b1) ...
Selecting previously unselected package libuchardet0:amd64.
Preparing to unpack .../01-libuchardet0_0.0.6-3_amd64.deb ...
Unpacking libuchardet0:amd64 (0.0.6-3) ...
Selecting previously unselected package groff-base.
Preparing to unpack .../02-groff-base_1.22.4-4_amd64.deb ...
Unpacking groff-base (1.22.4-4) ...
Selecting previously unselected package libpipeline1:amd64.
Preparing to unpack .../03-libpipeline1_1.5.2-2_amd64.deb ...
Unpacking libpipeline1:amd64 (1.5.2-2) ...
Selecting previously unselected package man-db.
Preparing to unpack .../04-man-db_2.9.0-2_amd64.deb ...
Unpacking man-db (2.9.0-2) ...
Selecting previously unselected package libsigsegv2:amd64.
Preparing to unpack .../05-libsigsegv2_2.12-2_amd64.deb ...
Unpacking libsigsegv2:amd64 (2.12-2) ...
Selecting previously unselected package m4.
Preparing to unpack .../06-m4_1.4.18-4_amd64.deb ...
Unpacking m4 (1.4.18-4) ...
Selecting previously unselected package flex.
Preparing to unpack .../07-flex_2.6.4-6.2_amd64.deb ...
Unpacking flex (2.6.4-6.2) ...
Selecting previously unselected package libssl1.1:amd64.
Preparing to unpack .../08-libssl1.1_1.1.1d-2_amd64.deb ...
Unpacking libssl1.1:amd64 (1.1.1d-2) ...
Selecting previously unselected package libpython3.7-minimal:amd64.
Preparing to unpack .../09-libpython3.7-minimal_3.7.6-1+b1_amd64.deb ...
Unpacking libpython3.7-minimal:amd64 (3.7.6-1+b1) ...
Selecting previously unselected package libexpat1:amd64.
Preparing to unpack .../10-libexpat1_2.2.9-1_amd64.deb ...
Unpacking libexpat1:amd64 (2.2.9-1) ...
Selecting previously unselected package python3.7-minimal.
Preparing to unpack .../11-python3.7-minimal_3.7.6-1+b1_amd64.deb ...
Unpacking python3.7-minimal (3.7.6-1+b1) ...
Setting up libssl1.1:amd64 (1.1.1d-2) ...
Setting up libpython3.7-minimal:amd64 (3.7.6-1+b1) ...
Setting up libexpat1:amd64 (2.2.9-1) ...
Setting up python3.7-minimal (3.7.6-1+b1) ...
Selecting previously unselected package python3-minimal.
(Reading database ... 14963 files and directories currently installed.)
Preparing to unpack .../0-python3-minimal_3.7.5-3_amd64.deb ...
Unpacking python3-minimal (3.7.5-3) ...
Selecting previously unselected package mime-support.
Preparing to unpack .../1-mime-support_3.64_all.deb ...
Unpacking mime-support (3.64) ...
Selecting previously unselected package libmpdec2:amd64.
Preparing to unpack .../2-libmpdec2_2.4.2-2_amd64.deb ...
Unpacking libmpdec2:amd64 (2.4.2-2) ...
Selecting previously unselected package readline-common.
Preparing to unpack .../3-readline-common_8.0-3_all.deb ...
Unpacking readline-common (8.0-3) ...
Selecting previously unselected package libreadline8:amd64.
Preparing to unpack .../4-libreadline8_8.0-3_amd64.deb ...
Unpacking libreadline8:amd64 (8.0-3) ...
Selecting previously unselected package libsqlite3-0:amd64.
Preparing to unpack .../5-libsqlite3-0_3.31.1-3_amd64.deb ...
Unpacking libsqlite3-0:amd64 (3.31.1-3) ...
Selecting previously unselected package libpython3.7-stdlib:amd64.
Preparing to unpack .../6-libpython3.7-stdlib_3.7.6-1+b1_amd64.deb ...
Unpacking libpython3.7-stdlib:amd64 (3.7.6-1+b1) ...
Selecting previously unselected package python3.7.
Preparing to unpack .../7-python3.7_3.7.6-1+b1_amd64.deb ...
Unpacking python3.7 (3.7.6-1+b1) ...
Selecting previously unselected package libpython3-stdlib:amd64.
Preparing to unpack .../8-libpython3-stdlib_3.7.5-3_amd64.deb ...
Unpacking libpython3-stdlib:amd64 (3.7.5-3) ...
Setting up python3-minimal (3.7.5-3) ...
Selecting previously unselected package python3.
(Reading database ... 15434 files and directories currently installed.)
Preparing to unpack .../00-python3_3.7.5-3_amd64.deb ...
Unpacking python3 (3.7.5-3) ...
Selecting previously unselected package sgml-base.
Preparing to unpack .../01-sgml-base_1.29.1_all.deb ...
Unpacking sgml-base (1.29.1) ...
Selecting previously unselected package libncurses6:amd64.
Preparing to unpack .../02-libncurses6_6.1+20191019-1_amd64.deb ...
Unpacking libncurses6:amd64 (6.1+20191019-1) ...
Selecting previously unselected package libprocps8:amd64.
Preparing to unpack .../03-libprocps8_2%3a3.3.16-1+b1_amd64.deb ...
Unpacking libprocps8:amd64 (2:3.3.16-1+b1) ...
Selecting previously unselected package procps.
Preparing to unpack .../04-procps_2%3a3.3.16-1+b1_amd64.deb ...
Unpacking procps (2:3.3.16-1+b1) ...
Selecting previously unselected package sensible-utils.
Preparing to unpack .../05-sensible-utils_0.0.12+nmu1_all.deb ...
Unpacking sensible-utils (0.0.12+nmu1) ...
Selecting previously unselected package libmagic-mgc.
Preparing to unpack .../06-libmagic-mgc_1%3a5.38-4_amd64.deb ...
Unpacking libmagic-mgc (1:5.38-4) ...
Selecting previously unselected package libmagic1:amd64.
Preparing to unpack .../07-libmagic1_1%3a5.38-4_amd64.deb ...
Unpacking libmagic1:amd64 (1:5.38-4) ...
Selecting previously unselected package file.
Preparing to unpack .../08-file_1%3a5.38-4_amd64.deb ...
Unpacking file (1:5.38-4) ...
Selecting previously unselected package gettext-base.
Preparing to unpack .../09-gettext-base_0.19.8.1-10_amd64.deb ...
Unpacking gettext-base (0.19.8.1-10) ...
Selecting previously unselected package asciidoc-common.
Preparing to unpack .../10-asciidoc-common_9.0.0~rc1-1_all.deb ...
Unpacking asciidoc-common (9.0.0~rc1-1) ...
Selecting previously unselected package libicu63:amd64.
Preparing to unpack .../11-libicu63_63.2-2_amd64.deb ...
Unpacking libicu63:amd64 (63.2-2) ...
Selecting previously unselected package libxml2:amd64.
Preparing to unpack .../12-libxml2_2.9.10+dfsg-3_amd64.deb ...
Unpacking libxml2:amd64 (2.9.10+dfsg-3) ...
Selecting previously unselected package libxml2-utils.
Preparing to unpack .../13-libxml2-utils_2.9.10+dfsg-3_amd64.deb ...
Unpacking libxml2-utils (2.9.10+dfsg-3) ...
Selecting previously unselected package asciidoc-base.
Preparing to unpack .../14-asciidoc-base_9.0.0~rc1-1_all.deb ...
Unpacking asciidoc-base (9.0.0~rc1-1) ...
Selecting previously unselected package autoconf.
Preparing to unpack .../15-autoconf_2.69-11.1_all.deb ...
Unpacking autoconf (2.69-11.1) ...
Selecting previously unselected package autotools-dev.
Preparing to unpack .../16-autotools-dev_20180224.1_all.deb ...
Unpacking autotools-dev (20180224.1) ...
Selecting previously unselected package automake.
Preparing to unpack .../17-automake_1%3a1.16.1-4_all.deb ...
Unpacking automake (1:1.16.1-4) ...
Selecting previously unselected package autopoint.
Preparing to unpack .../18-autopoint_0.19.8.1-10_all.deb ...
Unpacking autopoint (0.19.8.1-10) ...
Selecting previously unselected package bison.
Preparing to unpack .../19-bison_2%3a3.5.1+dfsg-1_amd64.deb ...
Unpacking bison (2:3.5.1+dfsg-1) ...
Selecting previously unselected package chrpath.
Preparing to unpack .../20-chrpath_0.16-2+b1_amd64.deb ...
Unpacking chrpath (0.16-2+b1) ...
Selecting previously unselected package cmake-data.
Preparing to unpack .../21-cmake-data_3.16.3-1_all.deb ...
Unpacking cmake-data (3.16.3-1) ...
Selecting previously unselected package libarchive13:amd64.
Preparing to unpack .../22-libarchive13_3.4.0-1+b1_amd64.deb ...
Unpacking libarchive13:amd64 (3.4.0-1+b1) ...
Selecting previously unselected package libbrotli1:amd64.
Preparing to unpack .../23-libbrotli1_1.0.7-6_amd64.deb ...
Unpacking libbrotli1:amd64 (1.0.7-6) ...
Selecting previously unselected package libkeyutils1:amd64.
Preparing to unpack .../24-libkeyutils1_1.6.1-2_amd64.deb ...
Unpacking libkeyutils1:amd64 (1.6.1-2) ...
Selecting previously unselected package libkrb5support0:amd64.
Preparing to unpack .../25-libkrb5support0_1.17-6_amd64.deb ...
Unpacking libkrb5support0:amd64 (1.17-6) ...
Selecting previously unselected package libk5crypto3:amd64.
Preparing to unpack .../26-libk5crypto3_1.17-6_amd64.deb ...
Unpacking libk5crypto3:amd64 (1.17-6) ...
Selecting previously unselected package libkrb5-3:amd64.
Preparing to unpack .../27-libkrb5-3_1.17-6_amd64.deb ...
Unpacking libkrb5-3:amd64 (1.17-6) ...
Selecting previously unselected package libgssapi-krb5-2:amd64.
Preparing to unpack .../28-libgssapi-krb5-2_1.17-6_amd64.deb ...
Unpacking libgssapi-krb5-2:amd64 (1.17-6) ...
Selecting previously unselected package libsasl2-modules-db:amd64.
Preparing to unpack .../29-libsasl2-modules-db_2.1.27+dfsg-2_amd64.deb ...
Unpacking libsasl2-modules-db:amd64 (2.1.27+dfsg-2) ...
Selecting previously unselected package libsasl2-2:amd64.
Preparing to unpack .../30-libsasl2-2_2.1.27+dfsg-2_amd64.deb ...
Unpacking libsasl2-2:amd64 (2.1.27+dfsg-2) ...
Selecting previously unselected package libldap-common.
Preparing to unpack .../31-libldap-common_2.4.49+dfsg-1_all.deb ...
Unpacking libldap-common (2.4.49+dfsg-1) ...
Selecting previously unselected package libldap-2.4-2:amd64.
Preparing to unpack .../32-libldap-2.4-2_2.4.49+dfsg-1_amd64.deb ...
Unpacking libldap-2.4-2:amd64 (2.4.49+dfsg-1) ...
Selecting previously unselected package libnghttp2-14:amd64.
Preparing to unpack .../33-libnghttp2-14_1.40.0-1_amd64.deb ...
Unpacking libnghttp2-14:amd64 (1.40.0-1) ...
Selecting previously unselected package libpsl5:amd64.
Preparing to unpack .../34-libpsl5_0.20.2-2_amd64.deb ...
Unpacking libpsl5:amd64 (0.20.2-2) ...
Selecting previously unselected package librtmp1:amd64.
Preparing to unpack .../35-librtmp1_2.4+20151223.gitfa8646d.1-2+b1_amd64.deb ...
Unpacking librtmp1:amd64 (2.4+20151223.gitfa8646d.1-2+b1) ...
Selecting previously unselected package libssh2-1:amd64.
Preparing to unpack .../36-libssh2-1_1.8.0-2.1_amd64.deb ...
Unpacking libssh2-1:amd64 (1.8.0-2.1) ...
Selecting previously unselected package libcurl4:amd64.
Preparing to unpack .../37-libcurl4_7.68.0-1_amd64.deb ...
Unpacking libcurl4:amd64 (7.68.0-1) ...
Selecting previously unselected package libjsoncpp1:amd64.
Preparing to unpack .../38-libjsoncpp1_1.7.4-3.1_amd64.deb ...
Unpacking libjsoncpp1:amd64 (1.7.4-3.1) ...
Selecting previously unselected package librhash0:amd64.
Preparing to unpack .../39-librhash0_1.3.9-1_amd64.deb ...
Unpacking librhash0:amd64 (1.3.9-1) ...
Selecting previously unselected package libuv1:amd64.
Preparing to unpack .../40-libuv1_1.34.2-1_amd64.deb ...
Unpacking libuv1:amd64 (1.34.2-1) ...
Selecting previously unselected package cmake.
Preparing to unpack .../41-cmake_3.16.3-1_amd64.deb ...
Unpacking cmake (3.16.3-1) ...
Selecting previously unselected package libtool.
Preparing to unpack .../42-libtool_2.4.6-13_all.deb ...
Unpacking libtool (2.4.6-13) ...
Selecting previously unselected package dh-autoreconf.
Preparing to unpack .../43-dh-autoreconf_19_all.deb ...
Unpacking dh-autoreconf (19) ...
Selecting previously unselected package libdebhelper-perl.
Preparing to unpack .../44-libdebhelper-perl_12.9_all.deb ...
Unpacking libdebhelper-perl (12.9) ...
Selecting previously unselected package libarchive-zip-perl.
Preparing to unpack .../45-libarchive-zip-perl_1.67-1_all.deb ...
Unpacking libarchive-zip-perl (1.67-1) ...
Selecting previously unselected package libsub-override-perl.
Preparing to unpack .../46-libsub-override-perl_0.09-2_all.deb ...
Unpacking libsub-override-perl (0.09-2) ...
Selecting previously unselected package libfile-stripnondeterminism-perl.
Preparing to unpack .../47-libfile-stripnondeterminism-perl_1.6.3-2_all.deb ...
Unpacking libfile-stripnondeterminism-perl (1.6.3-2) ...
Selecting previously unselected package dh-strip-nondeterminism.
Preparing to unpack .../48-dh-strip-nondeterminism_1.6.3-2_all.deb ...
Unpacking dh-strip-nondeterminism (1.6.3-2) ...
Selecting previously unselected package libelf1:amd64.
Preparing to unpack .../49-libelf1_0.176-1.1_amd64.deb ...
Unpacking libelf1:amd64 (0.176-1.1) ...
Selecting previously unselected package dwz.
Preparing to unpack .../50-dwz_0.13-5_amd64.deb ...
Unpacking dwz (0.13-5) ...
Selecting previously unselected package libglib2.0-0:amd64.
Preparing to unpack .../51-libglib2.0-0_2.62.4-2_amd64.deb ...
Unpacking libglib2.0-0:amd64 (2.62.4-2) ...
Selecting previously unselected package libcroco3:amd64.
Preparing to unpack .../52-libcroco3_0.6.13-1_amd64.deb ...
Unpacking libcroco3:amd64 (0.6.13-1) ...
Selecting previously unselected package gettext.
Preparing to unpack .../53-gettext_0.19.8.1-10_amd64.deb ...
Unpacking gettext (0.19.8.1-10) ...
Selecting previously unselected package intltool-debian.
Preparing to unpack .../54-intltool-debian_0.35.0+20060710.5_all.deb ...
Unpacking intltool-debian (0.35.0+20060710.5) ...
Selecting previously unselected package po-debconf.
Preparing to unpack .../55-po-debconf_1.0.21_all.deb ...
Unpacking po-debconf (1.0.21) ...
Selecting previously unselected package debhelper.
Preparing to unpack .../56-debhelper_12.9_all.deb ...
Unpacking debhelper (12.9) ...
Selecting previously unselected package xml-core.
Preparing to unpack .../57-xml-core_0.18+nmu1_all.deb ...
Unpacking xml-core (0.18+nmu1) ...
Selecting previously unselected package sgml-data.
Preparing to unpack .../58-sgml-data_2.0.11_all.deb ...
Unpacking sgml-data (2.0.11) ...
Selecting previously unselected package docbook-xml.
Preparing to unpack .../59-docbook-xml_4.5-9_all.deb ...
Unpacking docbook-xml (4.5-9) ...
Selecting previously unselected package docbook-xsl.
Preparing to unpack .../60-docbook-xsl_1.79.1+dfsg-2_all.deb ...
Unpacking docbook-xsl (1.79.1+dfsg-2) ...
Selecting previously unselected package libboost1.67-dev:amd64.
Preparing to unpack .../61-libboost1.67-dev_1.67.0-17_amd64.deb ...
Unpacking libboost1.67-dev:amd64 (1.67.0-17) ...
Selecting previously unselected package libboost-dev:amd64.
Preparing to unpack .../62-libboost-dev_1.67.0.2+b1_amd64.deb ...
Unpacking libboost-dev:amd64 (1.67.0.2+b1) ...
Selecting previously unselected package libfl2:amd64.
Preparing to unpack .../63-libfl2_2.6.4-6.2_amd64.deb ...
Unpacking libfl2:amd64 (2.6.4-6.2) ...
Selecting previously unselected package libfl-dev:amd64.
Preparing to unpack .../64-libfl-dev_2.6.4-6.2_amd64.deb ...
Unpacking libfl-dev:amd64 (2.6.4-6.2) ...
Selecting previously unselected package libxslt1.1:amd64.
Preparing to unpack .../65-libxslt1.1_1.1.34-3_amd64.deb ...
Unpacking libxslt1.1:amd64 (1.1.34-3) ...
Selecting previously unselected package xsltproc.
Preparing to unpack .../66-xsltproc_1.1.34-3_amd64.deb ...
Unpacking xsltproc (1.1.34-3) ...
Selecting previously unselected package sbuild-build-depends-main-dummy.
Preparing to unpack .../67-sbuild-build-depends-main-dummy_0.invalid.0_amd64.deb ...
Unpacking sbuild-build-depends-main-dummy (0.invalid.0) ...
Setting up libboost1.67-dev:amd64 (1.67.0-17) ...
Setting up libpipeline1:amd64 (1.5.2-2) ...
Setting up libkeyutils1:amd64 (1.6.1-2) ...
Setting up libpsl5:amd64 (0.20.2-2) ...
Setting up mime-support (3.64) ...
Setting up libmagic-mgc (1:5.38-4) ...
Setting up libarchive-zip-perl (1.67-1) ...
Setting up libglib2.0-0:amd64 (2.62.4-2) ...
No schema files found: doing nothing.
Setting up libdebhelper-perl (12.9) ...
Setting up libbrotli1:amd64 (1.0.7-6) ...
Setting up libsqlite3-0:amd64 (3.31.1-3) ...
Setting up libnghttp2-14:amd64 (1.40.0-1) ...
Setting up libmagic1:amd64 (1:5.38-4) ...
Setting up gettext-base (0.19.8.1-10) ...
Setting up file (1:5.38-4) ...
Setting up libldap-common (2.4.49+dfsg-1) ...
Setting up libicu63:amd64 (63.2-2) ...
Setting up libkrb5support0:amd64 (1.17-6) ...
Setting up libsasl2-modules-db:amd64 (2.1.27+dfsg-2) ...
Setting up asciidoc-common (9.0.0~rc1-1) ...
Setting up autotools-dev (20180224.1) ...
Setting up libuv1:amd64 (1.34.2-1) ...
Setting up librtmp1:amd64 (2.4+20151223.gitfa8646d.1-2+b1) ...
Setting up libncurses6:amd64 (6.1+20191019-1) ...
Setting up libsigsegv2:amd64 (2.12-2) ...
Setting up bsdmainutils (11.1.2+b1) ...
update-alternatives: using /usr/bin/bsd-write to provide /usr/bin/write (write) in auto mode
update-alternatives: using /usr/bin/bsd-from to provide /usr/bin/from (from) in auto mode
Setting up autopoint (0.19.8.1-10) ...
Setting up libfl2:amd64 (2.6.4-6.2) ...
Setting up libk5crypto3:amd64 (1.17-6) ...
Setting up libsasl2-2:amd64 (2.1.27+dfsg-2) ...
Setting up sensible-utils (0.0.12+nmu1) ...
Setting up librhash0:amd64 (1.3.9-1) ...
Setting up libuchardet0:amd64 (0.0.6-3) ...
Setting up libsub-override-perl (0.09-2) ...
Setting up libssh2-1:amd64 (1.8.0-2.1) ...
Setting up sgml-base (1.29.1) ...
Setting up cmake-data (3.16.3-1) ...
Setting up libkrb5-3:amd64 (1.17-6) ...
Setting up libboost-dev:amd64 (1.67.0.2+b1) ...
Setting up libmpdec2:amd64 (2.4.2-2) ...
Setting up libelf1:amd64 (0.176-1.1) ...
Setting up readline-common (8.0-3) ...
Setting up libxml2:amd64 (2.9.10+dfsg-3) ...
Setting up chrpath (0.16-2+b1) ...
Setting up libprocps8:amd64 (2:3.3.16-1+b1) ...
Setting up libjsoncpp1:amd64 (1.7.4-3.1) ...
Setting up libfile-stripnondeterminism-perl (1.6.3-2) ...
Setting up libtool (2.4.6-13) ...
Setting up libarchive13:amd64 (3.4.0-1+b1) ...
Setting up libreadline8:amd64 (8.0-3) ...
Setting up libldap-2.4-2:amd64 (2.4.49+dfsg-1) ...
Setting up m4 (1.4.18-4) ...
Setting up libgssapi-krb5-2:amd64 (1.17-6) ...
Setting up libcroco3:amd64 (0.6.13-1) ...
Setting up autoconf (2.69-11.1) ...
Setting up dh-strip-nondeterminism (1.6.3-2) ...
Setting up dwz (0.13-5) ...
Setting up groff-base (1.22.4-4) ...
Setting up xml-core (0.18+nmu1) ...
Setting up procps (2:3.3.16-1+b1) ...
update-alternatives: using /usr/bin/w.procps to provide /usr/bin/w (w) in auto mode
Setting up libxslt1.1:amd64 (1.1.34-3) ...
Setting up bison (2:3.5.1+dfsg-1) ...
update-alternatives: using /usr/bin/bison.yacc to provide /usr/bin/yacc (yacc) in auto mode
Setting up libcurl4:amd64 (7.68.0-1) ...
Setting up libxml2-utils (2.9.10+dfsg-3) ...
Setting up automake (1:1.16.1-4) ...
update-alternatives: using /usr/bin/automake-1.16 to provide /usr/bin/automake (automake) in auto mode
Setting up libpython3.7-stdlib:amd64 (3.7.6-1+b1) ...
Setting up flex (2.6.4-6.2) ...
Setting up gettext (0.19.8.1-10) ...
Setting up xsltproc (1.1.34-3) ...
Setting up man-db (2.9.0-2) ...
Not building database; man-db/auto-update is not 'true'.
Setting up libfl-dev:amd64 (2.6.4-6.2) ...
Setting up intltool-debian (0.35.0+20060710.5) ...
Setting up cmake (3.16.3-1) ...
Setting up libpython3-stdlib:amd64 (3.7.5-3) ...
Setting up python3.7 (3.7.6-1+b1) ...
Setting up po-debconf (1.0.21) ...
Setting up python3 (3.7.5-3) ...
Setting up asciidoc-base (9.0.0~rc1-1) ...
Setting up dh-autoreconf (19) ...
Setting up debhelper (12.9) ...
Processing triggers for libc-bin (2.29-10) ...
Processing triggers for sgml-base (1.29.1) ...
Setting up sgml-data (2.0.11) ...
Setting up docbook-xsl (1.79.1+dfsg-2) ...
Processing triggers for sgml-base (1.29.1) ...
Setting up docbook-xml (4.5-9) ...
Processing triggers for sgml-base (1.29.1) ...
Setting up sbuild-build-depends-main-dummy (0.invalid.0) ...

+------------------------------------------------------------------------------+
| Check architectures                                                          |
+------------------------------------------------------------------------------+

Arch check ok (amd64 included in any)

+------------------------------------------------------------------------------+
| Build environment                                                            |
+------------------------------------------------------------------------------+

Kernel: Linux 4.19.0-6-cloud-amd64 #1 SMP Debian 4.19.67-2+deb10u2 (2019-11-11) amd64 (x86_64)
Toolchain package versions: binutils_2.34-3 dpkg-dev_1.19.7 g++-9_9.2.1-29 gcc-9_9.2.1-29 libc6-dev_2.29-10 libstdc++-8-dev_8.3.0-29 libstdc++-9-dev_9.2.1-29 libstdc++6_10-20200222-1 linux-libc-dev_5.4.19-1
Package versions: adduser_3.118 apt_1.8.4 asciidoc-base_9.0.0~rc1-1 asciidoc-common_9.0.0~rc1-1 autoconf_2.69-11.1 automake_1:1.16.1-4 autopoint_0.19.8.1-10 autotools-dev_20180224.1 base-files_11 base-passwd_3.5.47 bash_5.0-5 binutils_2.34-3 binutils-common_2.34-3 binutils-x86-64-linux-gnu_2.34-3 bison_2:3.5.1+dfsg-1 bsdmainutils_11.1.2+b1 bsdutils_1:2.34-0.1 build-essential_12.8 bzip2_1.0.8-2 chrpath_0.16-2+b1 clang-8_1:8.0.1-7 cmake_3.16.3-1 cmake-data_3.16.3-1 coreutils_8.30-3+b1 cpp_4:9.2.1-3.1 cpp-9_9.2.1-29 dash_0.5.10.2-6 debconf_1.5.73 debhelper_12.9 debian-archive-keyring_2019.1 debianutils_4.9.1 dh-autoreconf_19 dh-strip-nondeterminism_1.6.3-2 diffutils_1:3.7-3 docbook-xml_4.5-9 docbook-xsl_1.79.1+dfsg-2 dpkg_1.19.7 dpkg-dev_1.19.7 dwz_0.13-5 e2fsprogs_1.45.5-2 fakeroot_1.24-1 fdisk_2.34-0.1 file_1:5.38-4 findutils_4.7.0-1 flex_2.6.4-6.2 g++_4:9.2.1-3.1 g++-9_9.2.1-29 gcc_4:9.2.1-3.1 gcc-10-base_10-20200222-1 gcc-8-base_8.3.0-29 gcc-9_9.2.1-29 gcc-9-base_9.2.1-29 gettext_0.19.8.1-10 gettext-base_0.19.8.1-10 gpgv_2.2.19-1 grep_3.4-1 groff-base_1.22.4-4 gzip_1.9-3+b1 hostname_3.23 init-system-helpers_1.57 intltool-debian_0.35.0+20060710.5 lib32gcc-s1_10-20200222-1 lib32gcc1_1:10-20200222-1 lib32stdc++6_10-20200222-1 libacl1_2.2.53-5 libapt-pkg5.0_1.8.4 libarchive-zip-perl_1.67-1 libarchive13_3.4.0-1+b1 libasan5_9.2.1-29 libatomic1_10-20200222-1 libattr1_1:2.4.48-5 libaudit-common_1:2.8.5-2 libaudit1_1:2.8.5-2+b1 libbinutils_2.34-3 libblkid1_2.34-0.1 libboost-dev_1.67.0.2+b1 libboost1.67-dev_1.67.0-17 libbrotli1_1.0.7-6 libbsd0_0.10.0-1 libbz2-1.0_1.0.8-2 libc-bin_2.29-10 libc-dev-bin_2.29-10 libc6_2.29-10 libc6-dev_2.29-10 libc6-i386_2.29-10 libcap-ng0_0.7.9-2.1+b1 libcc1-0_10-20200222-1 libclang-common-8-dev_1:8.0.1-7 libclang1-8_1:8.0.1-7 libcom-err2_1.45.5-2 libcroco3_0.6.13-1 libcrypt-dev_1:4.4.10-10 libcrypt1_1:4.4.10-10 libctf-nobfd0_2.34-3 libctf0_2.34-3 libcurl4_7.68.0-1 libdb5.3_5.3.28+dfsg1-0.6 libdebconfclient0_0.251 libdebhelper-perl_12.9 libdpkg-perl_1.19.7 libedit2_3.1-20191231-1 libelf1_0.176-1.1 libexpat1_2.2.9-1 libext2fs2_1.45.5-2 libfakeroot_1.24-1 libfdisk1_2.34-0.1 libffi7_3.3-3 libfile-stripnondeterminism-perl_1.6.3-2 libfl-dev_2.6.4-6.2 libfl2_2.6.4-6.2 libgc1c2_1:7.6.4-0.4 libgcc-8-dev_8.3.0-29 libgcc-9-dev_9.2.1-29 libgcc-s1_10-20200222-1 libgcc1_1:10-20200222-1 libgcrypt20_1.8.5-5 libgdbm-compat4_1.18.1-5 libgdbm6_1.18.1-5 libglib2.0-0_2.62.4-2 libgmp10_2:6.2.0+dfsg-4 libgnutls30_3.6.12-2 libgomp1_10-20200222-1 libgpg-error0_1.37-1 libgssapi-krb5-2_1.17-6 libhogweed5_3.5.1+really3.5.1-2 libicu63_63.2-2 libidn2-0_2.2.0-2 libisl22_0.22.1-1 libitm1_10-20200222-1 libjsoncpp1_1.7.4-3.1 libk5crypto3_1.17-6 libkeyutils1_1.6.1-2 libkrb5-3_1.17-6 libkrb5support0_1.17-6 libldap-2.4-2_2.4.49+dfsg-1 libldap-common_2.4.49+dfsg-1 libllvm8_1:8.0.1-7 liblsan0_10-20200222-1 liblz4-1_1.9.2-2 liblzma5_5.2.4-1+b1 libmagic-mgc_1:5.38-4 libmagic1_1:5.38-4 libmount1_2.34-0.1 libmpc3_1.1.0-1 libmpdec2_2.4.2-2 libmpfr6_4.0.2-1 libmpx2_8.3.0-29 libncurses6_6.1+20191019-1 libncursesw6_6.1+20191019-1 libnettle7_3.5.1+really3.5.1-2 libnghttp2-14_1.40.0-1 libobjc-8-dev_8.3.0-29 libobjc-9-dev_9.2.1-29 libobjc4_10-20200222-1 libomp-8-dev_1:8.0.1-7 libomp5-8_1:8.0.1-7 libp11-kit0_0.23.20-1 libpam-modules_1.3.1-5 libpam-modules-bin_1.3.1-5 libpam-runtime_1.3.1-5 libpam0g_1.3.1-5 libpcre2-8-0_10.34-7 libpcre3_2:8.39-12+b1 libperl5.30_5.30.0-9 libpipeline1_1.5.2-2 libprocps8_2:3.3.16-1+b1 libpsl5_0.20.2-2 libpython3-stdlib_3.7.5-3 libpython3.7-minimal_3.7.6-1+b1 libpython3.7-stdlib_3.7.6-1+b1 libquadmath0_10-20200222-1 libreadline8_8.0-3 librhash0_1.3.9-1 librtmp1_2.4+20151223.gitfa8646d.1-2+b1 libsasl2-2_2.1.27+dfsg-2 libsasl2-modules-db_2.1.27+dfsg-2 libseccomp2_2.4.2-2 libselinux1_3.0-1+b1 libsemanage-common_3.0-1 libsemanage1_3.0-1+b1 libsepol1_3.0-1 libsigsegv2_2.12-2 libsmartcols1_2.34-0.1 libsqlite3-0_3.31.1-3 libss2_1.45.5-2 libssh2-1_1.8.0-2.1 libssl1.1_1.1.1d-2 libstdc++-8-dev_8.3.0-29 libstdc++-9-dev_9.2.1-29 libstdc++6_10-20200222-1 libsub-override-perl_0.09-2 libsystemd0_244.3-1 libtasn1-6_4.16.0-2 libtinfo6_6.1+20191019-1 libtool_2.4.6-13 libtsan0_10-20200222-1 libubsan1_10-20200222-1 libuchardet0_0.0.6-3 libudev1_244.3-1 libunistring2_0.9.10-2 libuuid1_2.34-0.1 libuv1_1.34.2-1 libxml2_2.9.10+dfsg-3 libxml2-utils_2.9.10+dfsg-3 libxslt1.1_1.1.34-3 libzstd1_1.4.4+dfsg-3 linux-libc-dev_5.4.19-1 login_1:4.8.1-1 logsave_1.45.5-2 lsb-base_11.1.0 m4_1.4.18-4 make_4.2.1-1.2 man-db_2.9.0-2 mawk_1.3.4.20200120-2 mime-support_3.64 mount_2.34-0.1 ncurses-base_6.1+20191019-1 ncurses-bin_6.1+20191019-1 passwd_1:4.8.1-1 patch_2.7.6-6 perl_5.30.0-9 perl-base_5.30.0-9 perl-modules-5.30_5.30.0-9 po-debconf_1.0.21 procps_2:3.3.16-1+b1 python3_3.7.5-3 python3-minimal_3.7.5-3 python3.7_3.7.6-1+b1 python3.7-minimal_3.7.6-1+b1 readline-common_8.0-3 sbuild-build-depends-main-dummy_0.invalid.0 sed_4.7-1 sensible-utils_0.0.12+nmu1 sgml-base_1.29.1 sgml-data_2.0.11 sysvinit-utils_2.96-2.1 tar_1.30+dfsg-6+b1 tzdata_2019c-3 util-linux_2.34-0.1 xml-core_0.18+nmu1 xsltproc_1.1.34-3 xz-utils_5.2.4-1+b1 zlib1g_1:1.2.11.dfsg-2

+------------------------------------------------------------------------------+
| Build                                                                        |
+------------------------------------------------------------------------------+


Unpack source
-------------

-----BEGIN PGP SIGNED MESSAGE-----
Hash: SHA256

Format: 3.0 (quilt)
Source: pajeng
Binary: pajeng, libpaje2, libpaje-dev
Architecture: any
Version: 1.3.5-1
Maintainer: Martin Quinson <mquinson@debian.org>
Uploaders: Lucas Nussbaum <lucas@debian.org>
Homepage: https://github.com/schnorr/pajeng
Standards-Version: 4.4.1
Vcs-Browser: https://salsa.debian.org/debian/pajeng
Vcs-Git: https://salsa.debian.org/debian/pajeng.git
Build-Depends: debhelper-compat (= 12), asciidoc-base, bison, chrpath, cmake, docbook-xsl, docbook-xml, flex, libboost-dev, libfl-dev, libxml2-utils, xsltproc
Package-List:
 libpaje-dev deb libdevel optional arch=any
 libpaje2 deb libs optional arch=any
 pajeng deb libs optional arch=any
Checksums-Sha1:
 a087d1f3243de61eb7fe5856f7fd69fcc116b8ca 697895 pajeng_1.3.5.orig.tar.gz
 2f856fd2097076dbeb49d218b75b7dc2d7f1098b 5132 pajeng_1.3.5-1.debian.tar.xz
Checksums-Sha256:
 ea8ca02484de4091dcf57289724876ec17dd98e3a032dc609b7ea020ca2629eb 697895 pajeng_1.3.5.orig.tar.gz
 5d3aa12b335c84608881cfb1bf69ed8cfe62dc5a59f214fca38de96026dacdfd 5132 pajeng_1.3.5-1.debian.tar.xz
Files:
 69e2bb17e9a85d46496d25e578e56766 697895 pajeng_1.3.5.orig.tar.gz
 d9c436d52a48a56aa6e9760663396553 5132 pajeng_1.3.5-1.debian.tar.xz

-----BEGIN PGP SIGNATURE-----

iQJIBAEBCAAyFiEET76cTupS7xPVQWYSmL2XJE9zvqcFAl4mFbkUHG1xdWluc29u
QGRlYmlhbi5vcmcACgkQmL2XJE9zvqfPVBAAh/Tqw05dsWiIndOTuxDNPPqvWQc5
tNrzaoEfQry3je7CEB6HJE3Ku+EH25cfR1qOD6dBlOfXphu2WwAyudzmdwxo/Yx9
HyIHSk3rN2B7QTJTdfYBGqQLF1qoiorYw47VBmGxe78fni4xr18i+C+fOeeBGc7d
jhfaxHO7EIzedzAYF1W21NnrXB8aKuTV7DO7hLb/qnGu6LYCWD9ExjamqG1w0k5j
2cZWo7oxrttCxoAAEb7+ICxjBP2X4czBhlISyw9wQq5I2mWJmom0Za9Rv3D71ku9
+BUH2hoRHApfvTnVn1yTdQywmytrt89qnDba0KG8nmPVXfj9nRJgmzjesBKcPxxM
aj9w04BHEiauIL3D0Wc7j0QdrkroCzDqI6WgSmFlEsZt8jbKrO68QL3BYcT4Kabw
l0oDrQ6kSi0vNC5vW8QL3QzrLuSVKyHu4sqjCfJ354ySvOQClVUvtOPj5J0Pmk2A
BHvuqF+5kQ/DTZAEQOb0ASdZu6XOh036UCEvV+Js3+1k9oPWRK4gtV8SIIr1+DDd
tO5UpL3AnpZiuNGfkR57zzvNNwnvtAHHuBKSQ8d5eF+XGiP23uLsEEFDu2bT09kx
ZzBVYZpZrca4fkfDhKPP4hgSSKrpu7B74n9Y8Ngx8ZXo0VlR661gIxzsKn8W8m7d
bYkGWjtJb9Yz5G0=
=HRdn
-----END PGP SIGNATURE-----

gpgv: unknown type of key resource 'trustedkeys.kbx'
gpgv: keyblock resource '/sbuild-nonexistent/.gnupg/trustedkeys.kbx': General error
gpgv: Signature made Mon Jan 20 21:03:53 2020 UTC
gpgv:                using RSA key 4FBE9C4EEA52EF13D541661298BD97244F73BEA7
gpgv:                issuer "mquinson@debian.org"
gpgv: Can't check signature: No public key
dpkg-source: warning: failed to verify signature on ./pajeng_1.3.5-1.dsc
dpkg-source: info: extracting pajeng in /<<PKGBUILDDIR>>
dpkg-source: info: unpacking pajeng_1.3.5.orig.tar.gz
dpkg-source: info: unpacking pajeng_1.3.5-1.debian.tar.xz
dpkg-source: info: using patch list from debian/patches/series
dpkg-source: info: applying no-latex
dpkg-source: info: applying soname

Check disk space
----------------

Sufficient free space for build

User Environment
----------------

APT_CONFIG=/var/lib/sbuild/apt.conf
HOME=/sbuild-nonexistent
LANG=C.UTF-8
LC_ALL=C.UTF-8
LOGNAME=user42
PATH=/usr/local/sbin:/usr/local/bin:/usr/sbin:/usr/bin:/sbin:/bin:/usr/games
SCHROOT_ALIAS_NAME=unstable
SCHROOT_CHROOT_NAME=sid-amd64-sbuild
SCHROOT_COMMAND=env
SCHROOT_GID=1001
SCHROOT_GROUP=user42
SCHROOT_SESSION_ID=sid-amd64-sbuild-94db86a7-bbe7-4263-91c9-7b46e560c72b
SCHROOT_UID=1001
SCHROOT_USER=user42
SHELL=/bin/sh
USER=user42

dpkg-buildpackage
-----------------

Command: dpkg-buildpackage -us -uc -b -rfakeroot
dpkg-buildpackage: info: source package pajeng
dpkg-buildpackage: info: source version 1.3.5-1
dpkg-buildpackage: info: source distribution unstable
dpkg-buildpackage: info: source changed by Martin Quinson <mquinson@debian.org>
 dpkg-source --before-build .
dpkg-buildpackage: info: host architecture amd64
 fakeroot debian/rules clean
dh clean 
   dh_clean
rm -f -r build
rm -f -r stamp-*
# if this is a git repository, restore removed files that would have
# been ignored by dpkg-source
test -d .git && git checkout -- $(git status | sed -e '/^#[[:space:]]*deleted:[[:space:]]*/s/^#[[:space:]]*deleted:[[:space:]]*//p;d' | grep -v '^debian/')
make: [debian/rules:52: clean] Error 1 (ignored)
 debian/rules build
dh build
   dh_update_autotools_config
   dh_autoreconf
   debian/rules override_dh_auto_configure
make[1]: Entering directory '/<<PKGBUILDDIR>>'
dh_auto_configure -Scmake -- \
                -DPAJE_DOC=ON \
	
	cd obj-x86_64-linux-gnu && cmake -DCMAKE_INSTALL_PREFIX=/usr -DCMAKE_BUILD_TYPE=None -DCMAKE_INSTALL_SYSCONFDIR=/etc -DCMAKE_INSTALL_LOCALSTATEDIR=/var -DCMAKE_EXPORT_NO_PACKAGE_REGISTRY=ON -DCMAKE_FIND_PACKAGE_NO_PACKAGE_REGISTRY=ON -DCMAKE_INSTALL_RUNSTATEDIR=/run "-GUnix Makefiles" -DCMAKE_VERBOSE_MAKEFILE=ON -DCMAKE_INSTALL_LIBDIR=lib/x86_64-linux-gnu -DPAJE_DOC=ON ..
-- The C compiler identification is Clang 8.0.1
-- The CXX compiler identification is Clang 8.0.1
-- Check for working C compiler: /usr/bin/cc
-- Check for working C compiler: /usr/bin/cc -- works
-- Detecting C compiler ABI info
-- Detecting C compiler ABI info - done
-- Detecting C compile features
-- Detecting C compile features - done
-- Check for working CXX compiler: /usr/bin/c++
-- Check for working CXX compiler: /usr/bin/c++ -- works
-- Detecting CXX compiler ABI info
-- Detecting CXX compiler ABI info - done
-- Detecting CXX compile features
-- Detecting CXX compile features - done
CMake Deprecation Warning at CMakeLists.txt:18 (cmake_policy):
  The OLD behavior for policy CMP0050 will be removed from a future version
  of CMake.

  The cmake-policies(7) manual explains that the OLD behaviors of all
  policies are deprecated and that a policy should be set to OLD only under
  specific short-term circumstances.  Projects should be ported to the NEW
  behavior and not rely on setting a policy to OLD.


-- Found FLEX: /usr/bin/flex (found version "2.6.4") 
-- Found BISON: /usr/bin/bison (found version "3.5.1") 
-- Found AsciiDoc: /usr/bin/asciidoc  
-- Configuring done
-- Generating done
CMake Warning:
  Manually-specified variables were not used by the project:

    CMAKE_EXPORT_NO_PACKAGE_REGISTRY
    CMAKE_INSTALL_LIBDIR
    CMAKE_INSTALL_LOCALSTATEDIR
    CMAKE_INSTALL_RUNSTATEDIR
    CMAKE_INSTALL_SYSCONFDIR


-- Build files have been written to: /<<PKGBUILDDIR>>/obj-x86_64-linux-gnu
make[1]: Leaving directory '/<<PKGBUILDDIR>>'
   dh_auto_build
	cd obj-x86_64-linux-gnu && make -j4 "INSTALL=install --strip-program=true"
make[1]: Entering directory '/<<PKGBUILDDIR>>/obj-x86_64-linux-gnu'
/usr/bin/cmake -S/<<PKGBUILDDIR>> -B/<<PKGBUILDDIR>>/obj-x86_64-linux-gnu --check-build-system CMakeFiles/Makefile.cmake 0
/usr/bin/cmake -E cmake_progress_start /<<PKGBUILDDIR>>/obj-x86_64-linux-gnu/CMakeFiles /<<PKGBUILDDIR>>/obj-x86_64-linux-gnu/CMakeFiles/progress.marks
make -f CMakeFiles/Makefile2 all
make[2]: Entering directory '/<<PKGBUILDDIR>>/obj-x86_64-linux-gnu'
make -f src/libpaje/CMakeFiles/paje_library.dir/build.make src/libpaje/CMakeFiles/paje_library.dir/depend
make -f doc/CMakeFiles/man.dir/build.make doc/CMakeFiles/man.dir/depend
make[3]: Entering directory '/<<PKGBUILDDIR>>/obj-x86_64-linux-gnu'
make[3]: Entering directory '/<<PKGBUILDDIR>>/obj-x86_64-linux-gnu'
cd /<<PKGBUILDDIR>>/obj-x86_64-linux-gnu && /usr/bin/cmake -E cmake_depends "Unix Makefiles" /<<PKGBUILDDIR>> /<<PKGBUILDDIR>>/doc /<<PKGBUILDDIR>>/obj-x86_64-linux-gnu /<<PKGBUILDDIR>>/obj-x86_64-linux-gnu/doc /<<PKGBUILDDIR>>/obj-x86_64-linux-gnu/doc/CMakeFiles/man.dir/DependInfo.cmake --color=
[  3%] [FLEX][scanner] Building scanner with flex 2.6.4
cd /<<PKGBUILDDIR>>/src/libpaje && /usr/bin/flex -F -o/<<PKGBUILDDIR>>/obj-x86_64-linux-gnu/src/libpaje/lexer.cc scanner.l
[  6%] [BISON][parser] Building parser with bison 3.5.1
cd /<<PKGBUILDDIR>>/src/libpaje && /usr/bin/bison -d -o /<<PKGBUILDDIR>>/obj-x86_64-linux-gnu/src/libpaje/parser.cc parser.y
Scanning dependencies of target man
parser.y:120.1-14: warning: deprecated directive: ‘%error-verbose’, use ‘%define parse.error verbose’ [-Wdeprecated]
  120 | %error-verbose
      | ^~~~~~~~~~~~~~
      | %define parse.error verbose
make[3]: Leaving directory '/<<PKGBUILDDIR>>/obj-x86_64-linux-gnu'
make -f doc/CMakeFiles/man.dir/build.make doc/CMakeFiles/man.dir/build
make[3]: Entering directory '/<<PKGBUILDDIR>>/obj-x86_64-linux-gnu'
[  9%] Generating pj_equals.1
cd /<<PKGBUILDDIR>>/obj-x86_64-linux-gnu/doc && /usr/bin/a2x --xsltproc-opts=--nonet --doctype manpage --format manpage /<<PKGBUILDDIR>>/doc/pj_equals.1.txt -D /<<PKGBUILDDIR>>/obj-x86_64-linux-gnu/doc
[ 12%] Generating pj_dump.1
cd /<<PKGBUILDDIR>>/obj-x86_64-linux-gnu/doc && /usr/bin/a2x --xsltproc-opts=--nonet --doctype manpage --format manpage /<<PKGBUILDDIR>>/doc/pj_dump.1.txt -D /<<PKGBUILDDIR>>/obj-x86_64-linux-gnu/doc
[ 15%] Generating pj_gantt.1
cd /<<PKGBUILDDIR>>/obj-x86_64-linux-gnu/doc && /usr/bin/a2x --xsltproc-opts=--nonet --doctype manpage --format manpage /<<PKGBUILDDIR>>/doc/pj_gantt.1.txt -D /<<PKGBUILDDIR>>/obj-x86_64-linux-gnu/doc
parser.y: warning: fix-its can be applied.  Rerun with option '--update'. [-Wother]
cd /<<PKGBUILDDIR>>/obj-x86_64-linux-gnu && /usr/bin/cmake -E cmake_depends "Unix Makefiles" /<<PKGBUILDDIR>> /<<PKGBUILDDIR>>/src/libpaje /<<PKGBUILDDIR>>/obj-x86_64-linux-gnu /<<PKGBUILDDIR>>/obj-x86_64-linux-gnu/src/libpaje /<<PKGBUILDDIR>>/obj-x86_64-linux-gnu/src/libpaje/CMakeFiles/paje_library.dir/DependInfo.cmake --color=
Scanning dependencies of target paje_library
make[3]: Leaving directory '/<<PKGBUILDDIR>>/obj-x86_64-linux-gnu'
make -f src/libpaje/CMakeFiles/paje_library.dir/build.make src/libpaje/CMakeFiles/paje_library.dir/build
make[3]: Entering directory '/<<PKGBUILDDIR>>/obj-x86_64-linux-gnu'
[ 18%] Building CXX object src/libpaje/CMakeFiles/paje_library.dir/PajeEventDefinition.cc.o
cd /<<PKGBUILDDIR>>/obj-x86_64-linux-gnu/src/libpaje && /usr/bin/c++  -Dpaje_library_EXPORTS -I/<<PKGBUILDDIR>>/obj-x86_64-linux-gnu/src/libpaje -I/<<PKGBUILDDIR>>/src/libpaje  -g -O2 -fdebug-prefix-map=/<<PKGBUILDDIR>>=. -fstack-protector-strong -Wformat -Werror=format-security -Wdate-time -D_FORTIFY_SOURCE=2 -Wdate-time -D_FORTIFY_SOURCE=2 -std=c++11 -O3 -DNDEBUG -fPIC   -o CMakeFiles/paje_library.dir/PajeEventDefinition.cc.o -c /<<PKGBUILDDIR>>/src/libpaje/PajeEventDefinition.cc
[ 21%] Building CXX object src/libpaje/CMakeFiles/paje_library.dir/PajeTraceEvent.cc.o
cd /<<PKGBUILDDIR>>/obj-x86_64-linux-gnu/src/libpaje && /usr/bin/c++  -Dpaje_library_EXPORTS -I/<<PKGBUILDDIR>>/obj-x86_64-linux-gnu/src/libpaje -I/<<PKGBUILDDIR>>/src/libpaje  -g -O2 -fdebug-prefix-map=/<<PKGBUILDDIR>>=. -fstack-protector-strong -Wformat -Werror=format-security -Wdate-time -D_FORTIFY_SOURCE=2 -Wdate-time -D_FORTIFY_SOURCE=2 -std=c++11 -O3 -DNDEBUG -fPIC   -o CMakeFiles/paje_library.dir/PajeTraceEvent.cc.o -c /<<PKGBUILDDIR>>/src/libpaje/PajeTraceEvent.cc
[ 24%] Building CXX object src/libpaje/CMakeFiles/paje_library.dir/PajeEvent.cc.o
cd /<<PKGBUILDDIR>>/obj-x86_64-linux-gnu/src/libpaje && /usr/bin/c++  -Dpaje_library_EXPORTS -I/<<PKGBUILDDIR>>/obj-x86_64-linux-gnu/src/libpaje -I/<<PKGBUILDDIR>>/src/libpaje  -g -O2 -fdebug-prefix-map=/<<PKGBUILDDIR>>=. -fstack-protector-strong -Wformat -Werror=format-security -Wdate-time -D_FORTIFY_SOURCE=2 -Wdate-time -D_FORTIFY_SOURCE=2 -std=c++11 -O3 -DNDEBUG -fPIC   -o CMakeFiles/paje_library.dir/PajeEvent.cc.o -c /<<PKGBUILDDIR>>/src/libpaje/PajeEvent.cc
make[3]: Leaving directory '/<<PKGBUILDDIR>>/obj-x86_64-linux-gnu'
[ 24%] Built target man
[ 27%] Building CXX object src/libpaje/CMakeFiles/paje_library.dir/PajeData.cc.o
cd /<<PKGBUILDDIR>>/obj-x86_64-linux-gnu/src/libpaje && /usr/bin/c++  -Dpaje_library_EXPORTS -I/<<PKGBUILDDIR>>/obj-x86_64-linux-gnu/src/libpaje -I/<<PKGBUILDDIR>>/src/libpaje  -g -O2 -fdebug-prefix-map=/<<PKGBUILDDIR>>=. -fstack-protector-strong -Wformat -Werror=format-security -Wdate-time -D_FORTIFY_SOURCE=2 -Wdate-time -D_FORTIFY_SOURCE=2 -std=c++11 -O3 -DNDEBUG -fPIC   -o CMakeFiles/paje_library.dir/PajeData.cc.o -c /<<PKGBUILDDIR>>/src/libpaje/PajeData.cc
[ 30%] Building CXX object src/libpaje/CMakeFiles/paje_library.dir/PajeFileReader.cc.o
cd /<<PKGBUILDDIR>>/obj-x86_64-linux-gnu/src/libpaje && /usr/bin/c++  -Dpaje_library_EXPORTS -I/<<PKGBUILDDIR>>/obj-x86_64-linux-gnu/src/libpaje -I/<<PKGBUILDDIR>>/src/libpaje  -g -O2 -fdebug-prefix-map=/<<PKGBUILDDIR>>=. -fstack-protector-strong -Wformat -Werror=format-security -Wdate-time -D_FORTIFY_SOURCE=2 -Wdate-time -D_FORTIFY_SOURCE=2 -std=c++11 -O3 -DNDEBUG -fPIC   -o CMakeFiles/paje_library.dir/PajeFileReader.cc.o -c /<<PKGBUILDDIR>>/src/libpaje/PajeFileReader.cc
[ 33%] Building CXX object src/libpaje/CMakeFiles/paje_library.dir/PajeObject.cc.o
cd /<<PKGBUILDDIR>>/obj-x86_64-linux-gnu/src/libpaje && /usr/bin/c++  -Dpaje_library_EXPORTS -I/<<PKGBUILDDIR>>/obj-x86_64-linux-gnu/src/libpaje -I/<<PKGBUILDDIR>>/src/libpaje  -g -O2 -fdebug-prefix-map=/<<PKGBUILDDIR>>=. -fstack-protector-strong -Wformat -Werror=format-security -Wdate-time -D_FORTIFY_SOURCE=2 -Wdate-time -D_FORTIFY_SOURCE=2 -std=c++11 -O3 -DNDEBUG -fPIC   -o CMakeFiles/paje_library.dir/PajeObject.cc.o -c /<<PKGBUILDDIR>>/src/libpaje/PajeObject.cc
[ 36%] Building CXX object src/libpaje/CMakeFiles/paje_library.dir/PajeEventDecoder.cc.o
cd /<<PKGBUILDDIR>>/obj-x86_64-linux-gnu/src/libpaje && /usr/bin/c++  -Dpaje_library_EXPORTS -I/<<PKGBUILDDIR>>/obj-x86_64-linux-gnu/src/libpaje -I/<<PKGBUILDDIR>>/src/libpaje  -g -O2 -fdebug-prefix-map=/<<PKGBUILDDIR>>=. -fstack-protector-strong -Wformat -Werror=format-security -Wdate-time -D_FORTIFY_SOURCE=2 -Wdate-time -D_FORTIFY_SOURCE=2 -std=c++11 -O3 -DNDEBUG -fPIC   -o CMakeFiles/paje_library.dir/PajeEventDecoder.cc.o -c /<<PKGBUILDDIR>>/src/libpaje/PajeEventDecoder.cc
[ 39%] Building CXX object src/libpaje/CMakeFiles/paje_library.dir/PajeSimulator.cc.o
cd /<<PKGBUILDDIR>>/obj-x86_64-linux-gnu/src/libpaje && /usr/bin/c++  -Dpaje_library_EXPORTS -I/<<PKGBUILDDIR>>/obj-x86_64-linux-gnu/src/libpaje -I/<<PKGBUILDDIR>>/src/libpaje  -g -O2 -fdebug-prefix-map=/<<PKGBUILDDIR>>=. -fstack-protector-strong -Wformat -Werror=format-security -Wdate-time -D_FORTIFY_SOURCE=2 -Wdate-time -D_FORTIFY_SOURCE=2 -std=c++11 -O3 -DNDEBUG -fPIC   -o CMakeFiles/paje_library.dir/PajeSimulator.cc.o -c /<<PKGBUILDDIR>>/src/libpaje/PajeSimulator.cc
[ 42%] Building CXX object src/libpaje/CMakeFiles/paje_library.dir/PajeProbabilisticSimulator.cc.o
cd /<<PKGBUILDDIR>>/obj-x86_64-linux-gnu/src/libpaje && /usr/bin/c++  -Dpaje_library_EXPORTS -I/<<PKGBUILDDIR>>/obj-x86_64-linux-gnu/src/libpaje -I/<<PKGBUILDDIR>>/src/libpaje  -g -O2 -fdebug-prefix-map=/<<PKGBUILDDIR>>=. -fstack-protector-strong -Wformat -Werror=format-security -Wdate-time -D_FORTIFY_SOURCE=2 -Wdate-time -D_FORTIFY_SOURCE=2 -std=c++11 -O3 -DNDEBUG -fPIC   -o CMakeFiles/paje_library.dir/PajeProbabilisticSimulator.cc.o -c /<<PKGBUILDDIR>>/src/libpaje/PajeProbabilisticSimulator.cc
[ 45%] Building CXX object src/libpaje/CMakeFiles/paje_library.dir/PajeSimulator+Queries.cc.o
cd /<<PKGBUILDDIR>>/obj-x86_64-linux-gnu/src/libpaje && /usr/bin/c++  -Dpaje_library_EXPORTS -I/<<PKGBUILDDIR>>/obj-x86_64-linux-gnu/src/libpaje -I/<<PKGBUILDDIR>>/src/libpaje  -g -O2 -fdebug-prefix-map=/<<PKGBUILDDIR>>=. -fstack-protector-strong -Wformat -Werror=format-security -Wdate-time -D_FORTIFY_SOURCE=2 -Wdate-time -D_FORTIFY_SOURCE=2 -std=c++11 -O3 -DNDEBUG -fPIC   -o CMakeFiles/paje_library.dir/PajeSimulator+Queries.cc.o -c /<<PKGBUILDDIR>>/src/libpaje/PajeSimulator+Queries.cc
[ 48%] Building CXX object src/libpaje/CMakeFiles/paje_library.dir/PajeSimulator+Commands.cc.o
cd /<<PKGBUILDDIR>>/obj-x86_64-linux-gnu/src/libpaje && /usr/bin/c++  -Dpaje_library_EXPORTS -I/<<PKGBUILDDIR>>/obj-x86_64-linux-gnu/src/libpaje -I/<<PKGBUILDDIR>>/src/libpaje  -g -O2 -fdebug-prefix-map=/<<PKGBUILDDIR>>=. -fstack-protector-strong -Wformat -Werror=format-security -Wdate-time -D_FORTIFY_SOURCE=2 -Wdate-time -D_FORTIFY_SOURCE=2 -std=c++11 -O3 -DNDEBUG -fPIC   -o CMakeFiles/paje_library.dir/PajeSimulator+Commands.cc.o -c /<<PKGBUILDDIR>>/src/libpaje/PajeSimulator+Commands.cc
[ 51%] Building CXX object src/libpaje/CMakeFiles/paje_library.dir/PajeComponent.cc.o
cd /<<PKGBUILDDIR>>/obj-x86_64-linux-gnu/src/libpaje && /usr/bin/c++  -Dpaje_library_EXPORTS -I/<<PKGBUILDDIR>>/obj-x86_64-linux-gnu/src/libpaje -I/<<PKGBUILDDIR>>/src/libpaje  -g -O2 -fdebug-prefix-map=/<<PKGBUILDDIR>>=. -fstack-protector-strong -Wformat -Werror=format-security -Wdate-time -D_FORTIFY_SOURCE=2 -Wdate-time -D_FORTIFY_SOURCE=2 -std=c++11 -O3 -DNDEBUG -fPIC   -o CMakeFiles/paje_library.dir/PajeComponent.cc.o -c /<<PKGBUILDDIR>>/src/libpaje/PajeComponent.cc
[ 54%] Building CXX object src/libpaje/CMakeFiles/paje_library.dir/PajeType.cc.o
cd /<<PKGBUILDDIR>>/obj-x86_64-linux-gnu/src/libpaje && /usr/bin/c++  -Dpaje_library_EXPORTS -I/<<PKGBUILDDIR>>/obj-x86_64-linux-gnu/src/libpaje -I/<<PKGBUILDDIR>>/src/libpaje  -g -O2 -fdebug-prefix-map=/<<PKGBUILDDIR>>=. -fstack-protector-strong -Wformat -Werror=format-security -Wdate-time -D_FORTIFY_SOURCE=2 -Wdate-time -D_FORTIFY_SOURCE=2 -std=c++11 -O3 -DNDEBUG -fPIC   -o CMakeFiles/paje_library.dir/PajeType.cc.o -c /<<PKGBUILDDIR>>/src/libpaje/PajeType.cc
/<<PKGBUILDDIR>>/src/libpaje/PajeType.cc:385:5: warning: delete called on 'PajeType' that is abstract but has non-virtual destructor [-Wdelete-abstract-non-virtual-dtor]
    delete child;
    ^
[ 57%] Building CXX object src/libpaje/CMakeFiles/paje_library.dir/PajeValue.cc.o
cd /<<PKGBUILDDIR>>/obj-x86_64-linux-gnu/src/libpaje && /usr/bin/c++  -Dpaje_library_EXPORTS -I/<<PKGBUILDDIR>>/obj-x86_64-linux-gnu/src/libpaje -I/<<PKGBUILDDIR>>/src/libpaje  -g -O2 -fdebug-prefix-map=/<<PKGBUILDDIR>>=. -fstack-protector-strong -Wformat -Werror=format-security -Wdate-time -D_FORTIFY_SOURCE=2 -Wdate-time -D_FORTIFY_SOURCE=2 -std=c++11 -O3 -DNDEBUG -fPIC   -o CMakeFiles/paje_library.dir/PajeValue.cc.o -c /<<PKGBUILDDIR>>/src/libpaje/PajeValue.cc
[ 60%] Building CXX object src/libpaje/CMakeFiles/paje_library.dir/PajeEntity.cc.o
cd /<<PKGBUILDDIR>>/obj-x86_64-linux-gnu/src/libpaje && /usr/bin/c++  -Dpaje_library_EXPORTS -I/<<PKGBUILDDIR>>/obj-x86_64-linux-gnu/src/libpaje -I/<<PKGBUILDDIR>>/src/libpaje  -g -O2 -fdebug-prefix-map=/<<PKGBUILDDIR>>=. -fstack-protector-strong -Wformat -Werror=format-security -Wdate-time -D_FORTIFY_SOURCE=2 -Wdate-time -D_FORTIFY_SOURCE=2 -std=c++11 -O3 -DNDEBUG -fPIC   -o CMakeFiles/paje_library.dir/PajeEntity.cc.o -c /<<PKGBUILDDIR>>/src/libpaje/PajeEntity.cc
1 warning generated.
[ 63%] Building CXX object src/libpaje/CMakeFiles/paje_library.dir/PajeContainer.cc.o
cd /<<PKGBUILDDIR>>/obj-x86_64-linux-gnu/src/libpaje && /usr/bin/c++  -Dpaje_library_EXPORTS -I/<<PKGBUILDDIR>>/obj-x86_64-linux-gnu/src/libpaje -I/<<PKGBUILDDIR>>/src/libpaje  -g -O2 -fdebug-prefix-map=/<<PKGBUILDDIR>>=. -fstack-protector-strong -Wformat -Werror=format-security -Wdate-time -D_FORTIFY_SOURCE=2 -Wdate-time -D_FORTIFY_SOURCE=2 -std=c++11 -O3 -DNDEBUG -fPIC   -o CMakeFiles/paje_library.dir/PajeContainer.cc.o -c /<<PKGBUILDDIR>>/src/libpaje/PajeContainer.cc
[ 66%] Building CXX object src/libpaje/CMakeFiles/paje_library.dir/PajeColor.cc.o
cd /<<PKGBUILDDIR>>/obj-x86_64-linux-gnu/src/libpaje && /usr/bin/c++  -Dpaje_library_EXPORTS -I/<<PKGBUILDDIR>>/obj-x86_64-linux-gnu/src/libpaje -I/<<PKGBUILDDIR>>/src/libpaje  -g -O2 -fdebug-prefix-map=/<<PKGBUILDDIR>>=. -fstack-protector-strong -Wformat -Werror=format-security -Wdate-time -D_FORTIFY_SOURCE=2 -Wdate-time -D_FORTIFY_SOURCE=2 -std=c++11 -O3 -DNDEBUG -fPIC   -o CMakeFiles/paje_library.dir/PajeColor.cc.o -c /<<PKGBUILDDIR>>/src/libpaje/PajeColor.cc
/<<PKGBUILDDIR>>/src/libpaje/PajeEntity.cc:118:1: warning: control reaches end of non-void function [-Wreturn-type]
}
^
[ 69%] Building CXX object src/libpaje/CMakeFiles/paje_library.dir/PajeException.cc.o
cd /<<PKGBUILDDIR>>/obj-x86_64-linux-gnu/src/libpaje && /usr/bin/c++  -Dpaje_library_EXPORTS -I/<<PKGBUILDDIR>>/obj-x86_64-linux-gnu/src/libpaje -I/<<PKGBUILDDIR>>/src/libpaje  -g -O2 -fdebug-prefix-map=/<<PKGBUILDDIR>>=. -fstack-protector-strong -Wformat -Werror=format-security -Wdate-time -D_FORTIFY_SOURCE=2 -Wdate-time -D_FORTIFY_SOURCE=2 -std=c++11 -O3 -DNDEBUG -fPIC   -o CMakeFiles/paje_library.dir/PajeException.cc.o -c /<<PKGBUILDDIR>>/src/libpaje/PajeException.cc
/<<PKGBUILDDIR>>/src/libpaje/PajeContainer.cc[ 72%] Building CXX object src/libpaje/CMakeFiles/paje_library.dir/PajeDefinitions.cc.o
:62:7: warning: delete called on 'PajeEntity' that is abstract but has non-virtual destructor [-Wdelete-abstract-non-virtual-dtor]
      delete *entity;
      ^
cd /<<PKGBUILDDIR>>/obj-x86_64-linux-gnu/src/libpaje && /usr/bin/c++  -Dpaje_library_EXPORTS -I/<<PKGBUILDDIR>>/obj-x86_64-linux-gnu/src/libpaje -I/<<PKGBUILDDIR>>/src/libpaje  -g -O2 -fdebug-prefix-map=/<<PKGBUILDDIR>>=. -fstack-protector-strong -Wformat -Werror=format-security -Wdate-time -D_FORTIFY_SOURCE=2 -Wdate-time -D_FORTIFY_SOURCE=2 -std=c++11 -O3 -DNDEBUG -fPIC   -o CMakeFiles/paje_library.dir/PajeDefinitions.cc.o -c /<<PKGBUILDDIR>>/src/libpaje/PajeDefinitions.cc
/<<PKGBUILDDIR>>/src/libpaje/PajeContainer.cc:851:2: warning: delete called on 'PajeEntity' that is abstract but has non-virtual destructor [-Wdelete-abstract-non-virtual-dtor]
        delete child;
        ^
1 warning generated.
[ 75%] Building CXX object src/libpaje/CMakeFiles/paje_library.dir/lexer.cc.o
cd /<<PKGBUILDDIR>>/obj-x86_64-linux-gnu/src/libpaje && /usr/bin/c++  -Dpaje_library_EXPORTS -I/<<PKGBUILDDIR>>/obj-x86_64-linux-gnu/src/libpaje -I/<<PKGBUILDDIR>>/src/libpaje  -g -O2 -fdebug-prefix-map=/<<PKGBUILDDIR>>=. -fstack-protector-strong -Wformat -Werror=format-security -Wdate-time -D_FORTIFY_SOURCE=2 -Wdate-time -D_FORTIFY_SOURCE=2 -std=c++11 -O3 -DNDEBUG -fPIC   -o CMakeFiles/paje_library.dir/lexer.cc.o -c /<<PKGBUILDDIR>>/obj-x86_64-linux-gnu/src/libpaje/lexer.cc
[ 78%] Building CXX object src/libpaje/CMakeFiles/paje_library.dir/parser.cc.o
cd /<<PKGBUILDDIR>>/obj-x86_64-linux-gnu/src/libpaje && /usr/bin/c++  -Dpaje_library_EXPORTS -I/<<PKGBUILDDIR>>/obj-x86_64-linux-gnu/src/libpaje -I/<<PKGBUILDDIR>>/src/libpaje  -g -O2 -fdebug-prefix-map=/<<PKGBUILDDIR>>=. -fstack-protector-strong -Wformat -Werror=format-security -Wdate-time -D_FORTIFY_SOURCE=2 -Wdate-time -D_FORTIFY_SOURCE=2 -std=c++11 -O3 -DNDEBUG -fPIC   -o CMakeFiles/paje_library.dir/parser.cc.o -c /<<PKGBUILDDIR>>/obj-x86_64-linux-gnu/src/libpaje/parser.cc
[ 81%] Building CXX object src/libpaje/CMakeFiles/paje_library.dir/PajeFlexReader.cc.o
cd /<<PKGBUILDDIR>>/obj-x86_64-linux-gnu/src/libpaje && /usr/bin/c++  -Dpaje_library_EXPORTS -I/<<PKGBUILDDIR>>/obj-x86_64-linux-gnu/src/libpaje -I/<<PKGBUILDDIR>>/src/libpaje  -g -O2 -fdebug-prefix-map=/<<PKGBUILDDIR>>=. -fstack-protector-strong -Wformat -Werror=format-security -Wdate-time -D_FORTIFY_SOURCE=2 -Wdate-time -D_FORTIFY_SOURCE=2 -std=c++11 -O3 -DNDEBUG -fPIC   -o CMakeFiles/paje_library.dir/PajeFlexReader.cc.o -c /<<PKGBUILDDIR>>/src/libpaje/PajeFlexReader.cc
[ 84%] Building CXX object src/libpaje/CMakeFiles/paje_library.dir/PajeUnity.cc.o
cd /<<PKGBUILDDIR>>/obj-x86_64-linux-gnu/src/libpaje && /usr/bin/c++  -Dpaje_library_EXPORTS -I/<<PKGBUILDDIR>>/obj-x86_64-linux-gnu/src/libpaje -I/<<PKGBUILDDIR>>/src/libpaje  -g -O2 -fdebug-prefix-map=/<<PKGBUILDDIR>>=. -fstack-protector-strong -Wformat -Werror=format-security -Wdate-time -D_FORTIFY_SOURCE=2 -Wdate-time -D_FORTIFY_SOURCE=2 -std=c++11 -O3 -DNDEBUG -fPIC   -o CMakeFiles/paje_library.dir/PajeUnity.cc.o -c /<<PKGBUILDDIR>>/src/libpaje/PajeUnity.cc
/<<PKGBUILDDIR>>/src/libpaje/PajeFlexReader.cc:63:52: warning: format specifies type 'long long' but the argument has type 'int' [-Wformat]
  printf ("%lld events and %lld lines\n", counter, yylineno);
                           ~~~~                    ^~~~~~~~
                           %d
1 warning generated.
2 warnings generated.
[ 87%] Linking CXX shared library libpaje.so
cd /<<PKGBUILDDIR>>/obj-x86_64-linux-gnu/src/libpaje && /usr/bin/cmake -E cmake_link_script CMakeFiles/paje_library.dir/link.txt --verbose=1
/usr/bin/c++ -fPIC -g -O2 -fdebug-prefix-map=/<<PKGBUILDDIR>>=. -fstack-protector-strong -Wformat -Werror=format-security -Wdate-time -D_FORTIFY_SOURCE=2 -Wdate-time -D_FORTIFY_SOURCE=2 -std=c++11 -O3 -DNDEBUG -Wl,-z,relro -shared -Wl,-soname,libpaje.so.2 -o libpaje.so.2.0 CMakeFiles/paje_library.dir/PajeEventDefinition.cc.o CMakeFiles/paje_library.dir/PajeTraceEvent.cc.o CMakeFiles/paje_library.dir/PajeEvent.cc.o CMakeFiles/paje_library.dir/PajeData.cc.o CMakeFiles/paje_library.dir/PajeFileReader.cc.o CMakeFiles/paje_library.dir/PajeObject.cc.o CMakeFiles/paje_library.dir/PajeEventDecoder.cc.o CMakeFiles/paje_library.dir/PajeSimulator.cc.o CMakeFiles/paje_library.dir/PajeProbabilisticSimulator.cc.o CMakeFiles/paje_library.dir/PajeSimulator+Queries.cc.o CMakeFiles/paje_library.dir/PajeSimulator+Commands.cc.o CMakeFiles/paje_library.dir/PajeComponent.cc.o CMakeFiles/paje_library.dir/PajeType.cc.o CMakeFiles/paje_library.dir/PajeValue.cc.o CMakeFiles/paje_library.dir/PajeEntity.cc.o CMakeFiles/paje_library.dir/PajeContainer.cc.o CMakeFiles/paje_library.dir/PajeColor.cc.o CMakeFiles/paje_library.dir/PajeException.cc.o CMakeFiles/paje_library.dir/PajeDefinitions.cc.o CMakeFiles/paje_library.dir/lexer.cc.o CMakeFiles/paje_library.dir/parser.cc.o CMakeFiles/paje_library.dir/PajeFlexReader.cc.o CMakeFiles/paje_library.dir/PajeUnity.cc.o  -lfl 
cd /<<PKGBUILDDIR>>/obj-x86_64-linux-gnu/src/libpaje && /usr/bin/cmake -E cmake_symlink_library libpaje.so.2.0 libpaje.so.2 libpaje.so
make[3]: Leaving directory '/<<PKGBUILDDIR>>/obj-x86_64-linux-gnu'
[ 87%] Built target paje_library
make -f src/tools/CMakeFiles/pj_equals.dir/build.make src/tools/CMakeFiles/pj_equals.dir/depend
make -f src/tools/CMakeFiles/pj_dump.dir/build.make src/tools/CMakeFiles/pj_dump.dir/depend
make[3]: Entering directory '/<<PKGBUILDDIR>>/obj-x86_64-linux-gnu'
make[3]: Entering directory '/<<PKGBUILDDIR>>/obj-x86_64-linux-gnu'
cd /<<PKGBUILDDIR>>/obj-x86_64-linux-gnu && /usr/bin/cmake -E cmake_depends "Unix Makefiles" /<<PKGBUILDDIR>> /<<PKGBUILDDIR>>/src/tools /<<PKGBUILDDIR>>/obj-x86_64-linux-gnu /<<PKGBUILDDIR>>/obj-x86_64-linux-gnu/src/tools /<<PKGBUILDDIR>>/obj-x86_64-linux-gnu/src/tools/CMakeFiles/pj_equals.dir/DependInfo.cmake --color=
cd /<<PKGBUILDDIR>>/obj-x86_64-linux-gnu && /usr/bin/cmake -E cmake_depends "Unix Makefiles" /<<PKGBUILDDIR>> /<<PKGBUILDDIR>>/src/tools /<<PKGBUILDDIR>>/obj-x86_64-linux-gnu /<<PKGBUILDDIR>>/obj-x86_64-linux-gnu/src/tools /<<PKGBUILDDIR>>/obj-x86_64-linux-gnu/src/tools/CMakeFiles/pj_dump.dir/DependInfo.cmake --color=
Scanning dependencies of target pj_dump
make[3]: Leaving directory '/<<PKGBUILDDIR>>/obj-x86_64-linux-gnu'
make -f src/tools/CMakeFiles/pj_dump.dir/build.make src/tools/CMakeFiles/pj_dump.dir/build
make[3]: Entering directory '/<<PKGBUILDDIR>>/obj-x86_64-linux-gnu'
Scanning dependencies of target pj_equals
make[3]: Leaving directory '/<<PKGBUILDDIR>>/obj-x86_64-linux-gnu'
make -f src/tools/CMakeFiles/pj_equals.dir/build.make src/tools/CMakeFiles/pj_equals.dir/build
make[3]: Entering directory '/<<PKGBUILDDIR>>/obj-x86_64-linux-gnu'
[ 90%] Building CXX object src/tools/CMakeFiles/pj_dump.dir/pj_dump.cc.o
cd /<<PKGBUILDDIR>>/obj-x86_64-linux-gnu/src/tools && /usr/bin/c++   -I/<<PKGBUILDDIR>>/src/tools/pj_dump -I/<<PKGBUILDDIR>>/src/libpaje -I/<<PKGBUILDDIR>>/src/fb -I/<<PKGBUILDDIR>>/obj-x86_64-linux-gnu -I/<<PKGBUILDDIR>>/src/tools/pj_equals  -g -O2 -fdebug-prefix-map=/<<PKGBUILDDIR>>=. -fstack-protector-strong -Wformat -Werror=format-security -Wdate-time -D_FORTIFY_SOURCE=2 -Wdate-time -D_FORTIFY_SOURCE=2 -std=c++11 -O3 -DNDEBUG   -o CMakeFiles/pj_dump.dir/pj_dump.cc.o -c /<<PKGBUILDDIR>>/src/tools/pj_dump.cc
[ 93%] Building CXX object src/tools/CMakeFiles/pj_equals.dir/pj_equals.cc.o
cd /<<PKGBUILDDIR>>/obj-x86_64-linux-gnu/src/tools && /usr/bin/c++   -I/<<PKGBUILDDIR>>/src/tools/pj_dump -I/<<PKGBUILDDIR>>/src/libpaje -I/<<PKGBUILDDIR>>/src/fb -I/<<PKGBUILDDIR>>/obj-x86_64-linux-gnu -I/<<PKGBUILDDIR>>/src/tools/pj_equals  -g -O2 -fdebug-prefix-map=/<<PKGBUILDDIR>>=. -fstack-protector-strong -Wformat -Werror=format-security -Wdate-time -D_FORTIFY_SOURCE=2 -Wdate-time -D_FORTIFY_SOURCE=2 -std=c++11 -O3 -DNDEBUG   -fopenmp -o CMakeFiles/pj_equals.dir/pj_equals.cc.o -c /<<PKGBUILDDIR>>/src/tools/pj_equals.cc
[ 96%] Linking CXX executable ../../pj_equals
cd /<<PKGBUILDDIR>>/obj-x86_64-linux-gnu/src/tools && /usr/bin/cmake -E cmake_link_script CMakeFiles/pj_equals.dir/link.txt --verbose=1
/usr/bin/c++  -g -O2 -fdebug-prefix-map=/<<PKGBUILDDIR>>=. -fstack-protector-strong -Wformat -Werror=format-security -Wdate-time -D_FORTIFY_SOURCE=2 -Wdate-time -D_FORTIFY_SOURCE=2 -std=c++11 -O3 -DNDEBUG  -Wl,-z,relro -rdynamic CMakeFiles/pj_equals.dir/pj_equals.cc.o  -o ../../pj_equals  -Wl,-rpath,/<<PKGBUILDDIR>>/obj-x86_64-linux-gnu/src/libpaje ../libpaje/libpaje.so.2.0 -lfl 
make[3]: Leaving directory '/<<PKGBUILDDIR>>/obj-x86_64-linux-gnu'
[ 96%] Built target pj_equals
[100%] Linking CXX executable ../../pj_dump
cd /<<PKGBUILDDIR>>/obj-x86_64-linux-gnu/src/tools && /usr/bin/cmake -E cmake_link_script CMakeFiles/pj_dump.dir/link.txt --verbose=1
/usr/bin/c++  -g -O2 -fdebug-prefix-map=/<<PKGBUILDDIR>>=. -fstack-protector-strong -Wformat -Werror=format-security -Wdate-time -D_FORTIFY_SOURCE=2 -Wdate-time -D_FORTIFY_SOURCE=2 -std=c++11 -O3 -DNDEBUG  -Wl,-z,relro -rdynamic CMakeFiles/pj_dump.dir/pj_dump.cc.o  -o ../../pj_dump  -Wl,-rpath,/<<PKGBUILDDIR>>/obj-x86_64-linux-gnu/src/libpaje ../libpaje/libpaje.so.2.0 -lfl 
make[3]: Leaving directory '/<<PKGBUILDDIR>>/obj-x86_64-linux-gnu'
[100%] Built target pj_dump
make[2]: Leaving directory '/<<PKGBUILDDIR>>/obj-x86_64-linux-gnu'
/usr/bin/cmake -E cmake_progress_start /<<PKGBUILDDIR>>/obj-x86_64-linux-gnu/CMakeFiles 0
make[1]: Leaving directory '/<<PKGBUILDDIR>>/obj-x86_64-linux-gnu'
   dh_auto_test
	cd obj-x86_64-linux-gnu && make -j4 test ARGS\+=-j4
make[1]: Entering directory '/<<PKGBUILDDIR>>/obj-x86_64-linux-gnu'
Running tests...
/usr/bin/ctest --force-new-ctest-process -j4
Test project /<<PKGBUILDDIR>>/obj-x86_64-linux-gnu
      Start  1: pj_dump_categories
      Start  2: pj_dump_g5k
      Start  3: pj_dump_ms
      Start  4: pj_dump_native_paje
 1/12 Test  #1: pj_dump_categories ...............   Passed    0.08 sec
      Start  5: pj_dump_shurakai
 2/12 Test  #3: pj_dump_ms .......................   Passed    0.12 sec
      Start  6: pj_dump_simu-mardi
 3/12 Test  #4: pj_dump_native_paje ..............   Passed    0.13 sec
      Start  7: pj_dump_small
 4/12 Test  #5: pj_dump_shurakai .................   Passed    0.11 sec
      Start  8: pj_equals
 5/12 Test  #2: pj_dump_g5k ......................   Passed    0.52 sec
      Start  9: pj_validate_categories
 6/12 Test  #7: pj_dump_small ....................   Passed    0.42 sec
      Start 10: pj_validate_g5k
 7/12 Test  #6: pj_dump_simu-mardi ...............   Passed    0.44 sec
      Start 11: pj_validate_ms
 8/12 Test  #9: pj_validate_categories ...........   Passed    0.08 sec
      Start 12: pj_validate_simu-mardi
 9/12 Test #11: pj_validate_ms ...................   Passed    0.09 sec
10/12 Test  #8: pj_equals ........................   Passed    0.49 sec
11/12 Test #12: pj_validate_simu-mardi ...........   Passed    0.13 sec
12/12 Test #10: pj_validate_g5k ..................   Passed    0.24 sec

100% tests passed, 0 tests failed out of 12

Total Test time (real) =   0.80 sec
make[1]: Leaving directory '/<<PKGBUILDDIR>>/obj-x86_64-linux-gnu'
   create-stamp debian/debhelper-build-stamp
 fakeroot debian/rules binary
dh binary
   dh_testroot
   dh_prep
   debian/rules override_dh_auto_install
make[1]: Entering directory '/<<PKGBUILDDIR>>'
dh_auto_install
	cd obj-x86_64-linux-gnu && make -j4 install DESTDIR=/<<PKGBUILDDIR>>/debian/tmp AM_UPDATE_INFO_DIR=no "INSTALL=install --strip-program=true"
make[2]: Entering directory '/<<PKGBUILDDIR>>/obj-x86_64-linux-gnu'
/usr/bin/cmake -S/<<PKGBUILDDIR>> -B/<<PKGBUILDDIR>>/obj-x86_64-linux-gnu --check-build-system CMakeFiles/Makefile.cmake 0
/usr/bin/cmake -E cmake_progress_start /<<PKGBUILDDIR>>/obj-x86_64-linux-gnu/CMakeFiles /<<PKGBUILDDIR>>/obj-x86_64-linux-gnu/CMakeFiles/progress.marks
make -f CMakeFiles/Makefile2 all
make[3]: Entering directory '/<<PKGBUILDDIR>>/obj-x86_64-linux-gnu'
make -f src/libpaje/CMakeFiles/paje_library.dir/build.make src/libpaje/CMakeFiles/paje_library.dir/depend
make -f doc/CMakeFiles/man.dir/build.make doc/CMakeFiles/man.dir/depend
make[4]: Entering directory '/<<PKGBUILDDIR>>/obj-x86_64-linux-gnu'
cd /<<PKGBUILDDIR>>/obj-x86_64-linux-gnu && /usr/bin/cmake -E cmake_depends "Unix Makefiles" /<<PKGBUILDDIR>> /<<PKGBUILDDIR>>/src/libpaje /<<PKGBUILDDIR>>/obj-x86_64-linux-gnu /<<PKGBUILDDIR>>/obj-x86_64-linux-gnu/src/libpaje /<<PKGBUILDDIR>>/obj-x86_64-linux-gnu/src/libpaje/CMakeFiles/paje_library.dir/DependInfo.cmake --color=
make[4]: Entering directory '/<<PKGBUILDDIR>>/obj-x86_64-linux-gnu'
cd /<<PKGBUILDDIR>>/obj-x86_64-linux-gnu && /usr/bin/cmake -E cmake_depends "Unix Makefiles" /<<PKGBUILDDIR>> /<<PKGBUILDDIR>>/doc /<<PKGBUILDDIR>>/obj-x86_64-linux-gnu /<<PKGBUILDDIR>>/obj-x86_64-linux-gnu/doc /<<PKGBUILDDIR>>/obj-x86_64-linux-gnu/doc/CMakeFiles/man.dir/DependInfo.cmake --color=
make[4]: Leaving directory '/<<PKGBUILDDIR>>/obj-x86_64-linux-gnu'
make -f src/libpaje/CMakeFiles/paje_library.dir/build.make src/libpaje/CMakeFiles/paje_library.dir/build
make[4]: Leaving directory '/<<PKGBUILDDIR>>/obj-x86_64-linux-gnu'
make -f doc/CMakeFiles/man.dir/build.make doc/CMakeFiles/man.dir/build
make[4]: Entering directory '/<<PKGBUILDDIR>>/obj-x86_64-linux-gnu'
make[4]: Nothing to be done for 'doc/CMakeFiles/man.dir/build'.
make[4]: Leaving directory '/<<PKGBUILDDIR>>/obj-x86_64-linux-gnu'
make[4]: Entering directory '/<<PKGBUILDDIR>>/obj-x86_64-linux-gnu'
make[4]: Nothing to be done for 'src/libpaje/CMakeFiles/paje_library.dir/build'.
make[4]: Leaving directory '/<<PKGBUILDDIR>>/obj-x86_64-linux-gnu'
[  9%] Built target man
[ 87%] Built target paje_library
make -f src/tools/CMakeFiles/pj_equals.dir/build.make src/tools/CMakeFiles/pj_equals.dir/depend
make -f src/tools/CMakeFiles/pj_dump.dir/build.make src/tools/CMakeFiles/pj_dump.dir/depend
make[4]: Entering directory '/<<PKGBUILDDIR>>/obj-x86_64-linux-gnu'
cd /<<PKGBUILDDIR>>/obj-x86_64-linux-gnu && /usr/bin/cmake -E cmake_depends "Unix Makefiles" /<<PKGBUILDDIR>> /<<PKGBUILDDIR>>/src/tools /<<PKGBUILDDIR>>/obj-x86_64-linux-gnu /<<PKGBUILDDIR>>/obj-x86_64-linux-gnu/src/tools /<<PKGBUILDDIR>>/obj-x86_64-linux-gnu/src/tools/CMakeFiles/pj_equals.dir/DependInfo.cmake --color=
make[4]: Entering directory '/<<PKGBUILDDIR>>/obj-x86_64-linux-gnu'
cd /<<PKGBUILDDIR>>/obj-x86_64-linux-gnu && /usr/bin/cmake -E cmake_depends "Unix Makefiles" /<<PKGBUILDDIR>> /<<PKGBUILDDIR>>/src/tools /<<PKGBUILDDIR>>/obj-x86_64-linux-gnu /<<PKGBUILDDIR>>/obj-x86_64-linux-gnu/src/tools /<<PKGBUILDDIR>>/obj-x86_64-linux-gnu/src/tools/CMakeFiles/pj_dump.dir/DependInfo.cmake --color=
make[4]: Leaving directory '/<<PKGBUILDDIR>>/obj-x86_64-linux-gnu'
make -f src/tools/CMakeFiles/pj_equals.dir/build.make src/tools/CMakeFiles/pj_equals.dir/build
make[4]: Entering directory '/<<PKGBUILDDIR>>/obj-x86_64-linux-gnu'
make[4]: Nothing to be done for 'src/tools/CMakeFiles/pj_equals.dir/build'.
make[4]: Leaving directory '/<<PKGBUILDDIR>>/obj-x86_64-linux-gnu'
make[4]: Leaving directory '/<<PKGBUILDDIR>>/obj-x86_64-linux-gnu'
make -f src/tools/CMakeFiles/pj_dump.dir/build.make src/tools/CMakeFiles/pj_dump.dir/build
make[4]: Entering directory '/<<PKGBUILDDIR>>/obj-x86_64-linux-gnu'
make[4]: Nothing to be done for 'src/tools/CMakeFiles/pj_dump.dir/build'.
make[4]: Leaving directory '/<<PKGBUILDDIR>>/obj-x86_64-linux-gnu'
[ 93%] Built target pj_equals
[100%] Built target pj_dump
make[3]: Leaving directory '/<<PKGBUILDDIR>>/obj-x86_64-linux-gnu'
/usr/bin/cmake -E cmake_progress_start /<<PKGBUILDDIR>>/obj-x86_64-linux-gnu/CMakeFiles 0
make -f CMakeFiles/Makefile2 preinstall
make[3]: Entering directory '/<<PKGBUILDDIR>>/obj-x86_64-linux-gnu'
make[3]: Nothing to be done for 'preinstall'.
make[3]: Leaving directory '/<<PKGBUILDDIR>>/obj-x86_64-linux-gnu'
Install the project...
/usr/bin/cmake -P cmake_install.cmake
-- Install configuration: "Release"
-- Installing: /<<PKGBUILDDIR>>/debian/tmp/usr/bin/pj_gantt
-- Installing: /<<PKGBUILDDIR>>/debian/tmp/usr/lib/libpaje.so.2.0
-- Installing: /<<PKGBUILDDIR>>/debian/tmp/usr/lib/libpaje.so.2
-- Installing: /<<PKGBUILDDIR>>/debian/tmp/usr/lib/libpaje.so
-- Installing: /<<PKGBUILDDIR>>/debian/tmp/usr/include/PajeColor.h
-- Installing: /<<PKGBUILDDIR>>/debian/tmp/usr/include/PajeException.h
-- Installing: /<<PKGBUILDDIR>>/debian/tmp/usr/include/PajeProtocols.h
-- Installing: /<<PKGBUILDDIR>>/debian/tmp/usr/include/PajeComponent.h
-- Installing: /<<PKGBUILDDIR>>/debian/tmp/usr/include/PajeContainer.h
-- Installing: /<<PKGBUILDDIR>>/debian/tmp/usr/include/PajeData.h
-- Installing: /<<PKGBUILDDIR>>/debian/tmp/usr/include/PajeEntity.h
-- Installing: /<<PKGBUILDDIR>>/debian/tmp/usr/include/PajeEventDecoder.h
-- Installing: /<<PKGBUILDDIR>>/debian/tmp/usr/include/PajeEventDefinition.h
-- Installing: /<<PKGBUILDDIR>>/debian/tmp/usr/include/PajeTraceEvent.h
-- Installing: /<<PKGBUILDDIR>>/debian/tmp/usr/include/PajeEvent.h
-- Installing: /<<PKGBUILDDIR>>/debian/tmp/usr/include/PajeFileReader.h
-- Installing: /<<PKGBUILDDIR>>/debian/tmp/usr/include/PajeObject.h
-- Installing: /<<PKGBUILDDIR>>/debian/tmp/usr/include/PajeSimulator.h
-- Installing: /<<PKGBUILDDIR>>/debian/tmp/usr/include/PajeProbabilisticSimulator.h
-- Installing: /<<PKGBUILDDIR>>/debian/tmp/usr/include/PajeType.h
-- Installing: /<<PKGBUILDDIR>>/debian/tmp/usr/include/PajeValue.h
-- Installing: /<<PKGBUILDDIR>>/debian/tmp/usr/include/PajeDefinitions.h
-- Installing: /<<PKGBUILDDIR>>/debian/tmp/usr/include/PajeFlexReader.h
-- Installing: /<<PKGBUILDDIR>>/debian/tmp/usr/include/PajeUnity.h
-- Installing: /<<PKGBUILDDIR>>/debian/tmp/usr/include/PajeEnum.h
-- Installing: /<<PKGBUILDDIR>>/debian/tmp/usr/lib/pkgconfig/libpaje.pc
-- Installing: /<<PKGBUILDDIR>>/debian/tmp/usr/bin/pj_dump
-- Installing: /<<PKGBUILDDIR>>/debian/tmp/usr/bin/pj_equals
-- Installing: /<<PKGBUILDDIR>>/debian/tmp/usr/man/man1/pj_equals.1
-- Installing: /<<PKGBUILDDIR>>/debian/tmp/usr/man/man1/pj_dump.1
-- Installing: /<<PKGBUILDDIR>>/debian/tmp/usr/man/man1/pj_gantt.1
make[2]: Leaving directory '/<<PKGBUILDDIR>>/obj-x86_64-linux-gnu'
chrpath -d debian/tmp/usr/bin/pj_dump
chrpath -d debian/tmp/usr/bin/pj_equals
mkdir -p debian/tmp/usr/lib/x86_64-linux-gnu
mv debian/tmp/usr/lib/libpaje* debian/tmp/usr/lib/x86_64-linux-gnu
mv debian/tmp/usr/lib/pkgconfig debian/tmp/usr/lib/x86_64-linux-gnu
sed -e 's,/lib$,/lib/x86_64-linux-gnu,' -i debian/tmp/usr/lib/x86_64-linux-gnu/pkgconfig/libpaje.pc
make[1]: Leaving directory '/<<PKGBUILDDIR>>'
   debian/rules override_dh_install
make[1]: Entering directory '/<<PKGBUILDDIR>>'
dh_install
dh_installman
dh_missing --fail-missing
make[1]: Leaving directory '/<<PKGBUILDDIR>>'
   dh_installdocs
   dh_installchangelogs
   dh_installexamples
   dh_installman
   dh_perl
   dh_link
   dh_strip_nondeterminism
   dh_compress
   dh_fixperms
   dh_missing
   dh_dwz
   dh_strip
   dh_makeshlibs
   debian/rules override_dh_shlibdeps
make[1]: Entering directory '/<<PKGBUILDDIR>>'
dh_shlibdeps -a -- --warnings=7
dpkg-shlibdeps: warning: debian/pajeng/usr/bin/pj_equals should not be linked against libfl.so.2 (it uses none of the library's symbols)
dpkg-shlibdeps: warning: debian/pajeng/usr/bin/pj_dump should not be linked against libfl.so.2 (it uses none of the library's symbols)
dpkg-shlibdeps: warning: package could avoid a useless dependency if debian/pajeng/usr/bin/pj_equals debian/pajeng/usr/bin/pj_dump were not linked against libfl.so.2 (they use none of the library's symbols)
make[1]: Leaving directory '/<<PKGBUILDDIR>>'
   dh_installdeb
   dh_gencontrol
   dh_md5sums
   dh_builddeb
dpkg-deb: building package 'libpaje-dev' in '../libpaje-dev_1.3.5-1_amd64.deb'.
dpkg-deb: building package 'libpaje2' in '../libpaje2_1.3.5-1_amd64.deb'.
dpkg-deb: building package 'pajeng' in '../pajeng_1.3.5-1_amd64.deb'.
dpkg-deb: building package 'libpaje2-dbgsym' in '../libpaje2-dbgsym_1.3.5-1_amd64.deb'.
dpkg-deb: building package 'pajeng-dbgsym' in '../pajeng-dbgsym_1.3.5-1_amd64.deb'.
 dpkg-genbuildinfo --build=binary
 dpkg-genchanges --build=binary >../pajeng_1.3.5-1_amd64.changes
dpkg-genchanges: info: binary-only upload (no source code included)
 dpkg-source --after-build .
dpkg-buildpackage: info: binary-only upload (no source included)
--------------------------------------------------------------------------------
Build finished at 2020-02-25T04:24:41Z

Finished
--------

I: Built successfully

+------------------------------------------------------------------------------+
| Changes                                                                      |
+------------------------------------------------------------------------------+


pajeng_1.3.5-1_amd64.changes:
-----------------------------

Format: 1.8
Date: Mon, 20 Jan 2020 21:55:20 +0100
Source: pajeng
Binary: libpaje-dev libpaje2 libpaje2-dbgsym pajeng pajeng-dbgsym
Architecture: amd64
Version: 1.3.5-1
Distribution: unstable
Urgency: medium
Maintainer: Martin Quinson <mquinson@debian.org>
Changed-By: Martin Quinson <mquinson@debian.org>
Description:
 libpaje-dev - Parsing, manipulation and simulation of paje trace files (dev)
 libpaje2   - Parsing, manipulation and simulation of paje trace files
 pajeng     - space-time view and associated tools for Paje trace files
Changes:
 pajeng (1.3.5-1) unstable; urgency=medium
 .
   * New upstream release.
     - Drop d/p/perl-5.26 and d/p/typo-lintian: integrated upstream.
   * Update VCS fields to point to Salsa.
   * Change priority from extra to optional to obey the policy.
   * Rely on pre-initialized dpkg-architecture variables.
   * Drop the -dbg package as they are now automatically generated.
   * d/rules: drop now obsolete the 'get-orig-source' target.
   * d/rules: Harden the build.
   * Bump Standards-Version: 4.4.1 (induced changes documented above)
   * Bump debhelper compat level to 12 (some cleanups were needed).
   * d/copyright: prefer secure URIs.
   * d/p/no-latex: new patch to not rebuild the Paje reference guide,
     as it require a tex->dvi installation for something we don't install.
     This was not built before, that patch is only needed because we
     now build the manpages.
Checksums-Sha1:
 16641bf620a605880f262999271a1261a1595c45 11768 libpaje-dev_1.3.5-1_amd64.deb
 4e1d00cbfc2cbfaa1d9377861d31058424608f77 1063600 libpaje2-dbgsym_1.3.5-1_amd64.deb
 717c4751d229baccb967d60fe991d53f8a9a12f4 144120 libpaje2_1.3.5-1_amd64.deb
 226fe40e93660f2e1ecfdae82fc16c64af232757 64824 pajeng-dbgsym_1.3.5-1_amd64.deb
 46d6cd80fe855061c3782a85d6a0fadd6789c121 7677 pajeng_1.3.5-1_amd64.buildinfo
 a220720d5798eade8a0129a6e657cb5bd1630ac0 122656 pajeng_1.3.5-1_amd64.deb
Checksums-Sha256:
 e084a69b809d25398e3b988329e6d8ec312cb98bb577f475d44706280906c2f1 11768 libpaje-dev_1.3.5-1_amd64.deb
 a2c07e23b67ce0aba4f9cea8aa5bf878738444732fe1834a713640cecaa2de3d 1063600 libpaje2-dbgsym_1.3.5-1_amd64.deb
 ef057d1df2609fc9c9bf85d49ad47e960b08319acb6db5dd90cb86be90a741bc 144120 libpaje2_1.3.5-1_amd64.deb
 ff354ea6d44c834710fd0bb448e5593ab1ad3b89902615f26a896ce69327950d 64824 pajeng-dbgsym_1.3.5-1_amd64.deb
 30f4c83583c62c28e04dc60708d1474119aa800b578fc672a7f65f15158ad895 7677 pajeng_1.3.5-1_amd64.buildinfo
 e5130e66a48f12d68893b7f039e1068813114e95ac6846e9defad3d47b278465 122656 pajeng_1.3.5-1_amd64.deb
Files:
 d1a4af3fefb8380ec04f0ee3ee453b66 11768 libdevel optional libpaje-dev_1.3.5-1_amd64.deb
 6e2d066dbb02271382b36d758f0a4079 1063600 debug optional libpaje2-dbgsym_1.3.5-1_amd64.deb
 d131ce9e7783a760a5c55543999ad770 144120 libs optional libpaje2_1.3.5-1_amd64.deb
 120dcda1cce9febd3a65df4a98c33386 64824 debug optional pajeng-dbgsym_1.3.5-1_amd64.deb
 197d04f990c165c2789d5b779bae7691 7677 libs optional pajeng_1.3.5-1_amd64.buildinfo
 4aad158437a630e7b6a9c4176df3c7e3 122656 libs optional pajeng_1.3.5-1_amd64.deb

+------------------------------------------------------------------------------+
| Buildinfo                                                                    |
+------------------------------------------------------------------------------+

Format: 1.0
Source: pajeng
Binary: pajeng libpaje2 libpaje-dev
Architecture: amd64
Version: 1.3.5-1
Checksums-Md5:
 d1a4af3fefb8380ec04f0ee3ee453b66 11768 libpaje-dev_1.3.5-1_amd64.deb
 6e2d066dbb02271382b36d758f0a4079 1063600 libpaje2-dbgsym_1.3.5-1_amd64.deb
 d131ce9e7783a760a5c55543999ad770 144120 libpaje2_1.3.5-1_amd64.deb
 120dcda1cce9febd3a65df4a98c33386 64824 pajeng-dbgsym_1.3.5-1_amd64.deb
 4aad158437a630e7b6a9c4176df3c7e3 122656 pajeng_1.3.5-1_amd64.deb
Checksums-Sha1:
 16641bf620a605880f262999271a1261a1595c45 11768 libpaje-dev_1.3.5-1_amd64.deb
 4e1d00cbfc2cbfaa1d9377861d31058424608f77 1063600 libpaje2-dbgsym_1.3.5-1_amd64.deb
 717c4751d229baccb967d60fe991d53f8a9a12f4 144120 libpaje2_1.3.5-1_amd64.deb
 226fe40e93660f2e1ecfdae82fc16c64af232757 64824 pajeng-dbgsym_1.3.5-1_amd64.deb
 a220720d5798eade8a0129a6e657cb5bd1630ac0 122656 pajeng_1.3.5-1_amd64.deb
Checksums-Sha256:
 e084a69b809d25398e3b988329e6d8ec312cb98bb577f475d44706280906c2f1 11768 libpaje-dev_1.3.5-1_amd64.deb
 a2c07e23b67ce0aba4f9cea8aa5bf878738444732fe1834a713640cecaa2de3d 1063600 libpaje2-dbgsym_1.3.5-1_amd64.deb
 ef057d1df2609fc9c9bf85d49ad47e960b08319acb6db5dd90cb86be90a741bc 144120 libpaje2_1.3.5-1_amd64.deb
 ff354ea6d44c834710fd0bb448e5593ab1ad3b89902615f26a896ce69327950d 64824 pajeng-dbgsym_1.3.5-1_amd64.deb
 e5130e66a48f12d68893b7f039e1068813114e95ac6846e9defad3d47b278465 122656 pajeng_1.3.5-1_amd64.deb
Build-Origin: Debian
Build-Architecture: amd64
Build-Date: Tue, 25 Feb 2020 04:24:41 +0000
Build-Path: /<<PKGBUILDDIR>>
Installed-Build-Depends:
 asciidoc-base (= 9.0.0~rc1-1),
 asciidoc-common (= 9.0.0~rc1-1),
 autoconf (= 2.69-11.1),
 automake (= 1:1.16.1-4),
 autopoint (= 0.19.8.1-10),
 autotools-dev (= 20180224.1),
 base-files (= 11),
 base-passwd (= 3.5.47),
 bash (= 5.0-5),
 binutils (= 2.34-3),
 binutils-common (= 2.34-3),
 binutils-x86-64-linux-gnu (= 2.34-3),
 bison (= 2:3.5.1+dfsg-1),
 bsdmainutils (= 11.1.2+b1),
 bsdutils (= 1:2.34-0.1),
 build-essential (= 12.8),
 bzip2 (= 1.0.8-2),
 chrpath (= 0.16-2+b1),
 clang-8 (= 1:8.0.1-7),
 cmake (= 3.16.3-1),
 cmake-data (= 3.16.3-1),
 coreutils (= 8.30-3+b1),
 cpp (= 4:9.2.1-3.1),
 cpp-9 (= 9.2.1-29),
 dash (= 0.5.10.2-6),
 debconf (= 1.5.73),
 debhelper (= 12.9),
 debianutils (= 4.9.1),
 dh-autoreconf (= 19),
 dh-strip-nondeterminism (= 1.6.3-2),
 diffutils (= 1:3.7-3),
 docbook-xml (= 4.5-9),
 docbook-xsl (= 1.79.1+dfsg-2),
 dpkg (= 1.19.7),
 dpkg-dev (= 1.19.7),
 dwz (= 0.13-5),
 fdisk (= 2.34-0.1),
 file (= 1:5.38-4),
 findutils (= 4.7.0-1),
 flex (= 2.6.4-6.2),
 g++ (= 4:9.2.1-3.1),
 g++-9 (= 9.2.1-29),
 gcc (= 4:9.2.1-3.1),
 gcc-10-base (= 10-20200222-1),
 gcc-8-base (= 8.3.0-29),
 gcc-9 (= 9.2.1-29),
 gcc-9-base (= 9.2.1-29),
 gettext (= 0.19.8.1-10),
 gettext-base (= 0.19.8.1-10),
 grep (= 3.4-1),
 groff-base (= 1.22.4-4),
 gzip (= 1.9-3+b1),
 hostname (= 3.23),
 init-system-helpers (= 1.57),
 intltool-debian (= 0.35.0+20060710.5),
 lib32gcc-s1 (= 10-20200222-1),
 lib32gcc1 (= 1:10-20200222-1),
 lib32stdc++6 (= 10-20200222-1),
 libacl1 (= 2.2.53-5),
 libarchive-zip-perl (= 1.67-1),
 libarchive13 (= 3.4.0-1+b1),
 libasan5 (= 9.2.1-29),
 libatomic1 (= 10-20200222-1),
 libattr1 (= 1:2.4.48-5),
 libaudit-common (= 1:2.8.5-2),
 libaudit1 (= 1:2.8.5-2+b1),
 libbinutils (= 2.34-3),
 libblkid1 (= 2.34-0.1),
 libboost-dev (= 1.67.0.2+b1),
 libboost1.67-dev (= 1.67.0-17),
 libbrotli1 (= 1.0.7-6),
 libbsd0 (= 0.10.0-1),
 libbz2-1.0 (= 1.0.8-2),
 libc-bin (= 2.29-10),
 libc-dev-bin (= 2.29-10),
 libc6 (= 2.29-10),
 libc6-dev (= 2.29-10),
 libc6-i386 (= 2.29-10),
 libcap-ng0 (= 0.7.9-2.1+b1),
 libcc1-0 (= 10-20200222-1),
 libclang-common-8-dev (= 1:8.0.1-7),
 libclang1-8 (= 1:8.0.1-7),
 libcom-err2 (= 1.45.5-2),
 libcroco3 (= 0.6.13-1),
 libcrypt-dev (= 1:4.4.10-10),
 libcrypt1 (= 1:4.4.10-10),
 libctf-nobfd0 (= 2.34-3),
 libctf0 (= 2.34-3),
 libcurl4 (= 7.68.0-1),
 libdb5.3 (= 5.3.28+dfsg1-0.6),
 libdebconfclient0 (= 0.251),
 libdebhelper-perl (= 12.9),
 libdpkg-perl (= 1.19.7),
 libedit2 (= 3.1-20191231-1),
 libelf1 (= 0.176-1.1),
 libexpat1 (= 2.2.9-1),
 libfdisk1 (= 2.34-0.1),
 libffi7 (= 3.3-3),
 libfile-stripnondeterminism-perl (= 1.6.3-2),
 libfl-dev (= 2.6.4-6.2),
 libfl2 (= 2.6.4-6.2),
 libgc1c2 (= 1:7.6.4-0.4),
 libgcc-8-dev (= 8.3.0-29),
 libgcc-9-dev (= 9.2.1-29),
 libgcc-s1 (= 10-20200222-1),
 libgcc1 (= 1:10-20200222-1),
 libgcrypt20 (= 1.8.5-5),
 libgdbm-compat4 (= 1.18.1-5),
 libgdbm6 (= 1.18.1-5),
 libglib2.0-0 (= 2.62.4-2),
 libgmp10 (= 2:6.2.0+dfsg-4),
 libgnutls30 (= 3.6.12-2),
 libgomp1 (= 10-20200222-1),
 libgpg-error0 (= 1.37-1),
 libgssapi-krb5-2 (= 1.17-6),
 libhogweed5 (= 3.5.1+really3.5.1-2),
 libicu63 (= 63.2-2),
 libidn2-0 (= 2.2.0-2),
 libisl22 (= 0.22.1-1),
 libitm1 (= 10-20200222-1),
 libjsoncpp1 (= 1.7.4-3.1),
 libk5crypto3 (= 1.17-6),
 libkeyutils1 (= 1.6.1-2),
 libkrb5-3 (= 1.17-6),
 libkrb5support0 (= 1.17-6),
 libldap-2.4-2 (= 2.4.49+dfsg-1),
 libldap-common (= 2.4.49+dfsg-1),
 libllvm8 (= 1:8.0.1-7),
 liblsan0 (= 10-20200222-1),
 liblz4-1 (= 1.9.2-2),
 liblzma5 (= 5.2.4-1+b1),
 libmagic-mgc (= 1:5.38-4),
 libmagic1 (= 1:5.38-4),
 libmount1 (= 2.34-0.1),
 libmpc3 (= 1.1.0-1),
 libmpdec2 (= 2.4.2-2),
 libmpfr6 (= 4.0.2-1),
 libmpx2 (= 8.3.0-29),
 libncurses6 (= 6.1+20191019-1),
 libncursesw6 (= 6.1+20191019-1),
 libnettle7 (= 3.5.1+really3.5.1-2),
 libnghttp2-14 (= 1.40.0-1),
 libobjc-8-dev (= 8.3.0-29),
 libobjc4 (= 10-20200222-1),
 libp11-kit0 (= 0.23.20-1),
 libpam-modules (= 1.3.1-5),
 libpam-modules-bin (= 1.3.1-5),
 libpam-runtime (= 1.3.1-5),
 libpam0g (= 1.3.1-5),
 libpcre2-8-0 (= 10.34-7),
 libpcre3 (= 2:8.39-12+b1),
 libperl5.30 (= 5.30.0-9),
 libpipeline1 (= 1.5.2-2),
 libprocps8 (= 2:3.3.16-1+b1),
 libpsl5 (= 0.20.2-2),
 libpython3-stdlib (= 3.7.5-3),
 libpython3.7-minimal (= 3.7.6-1+b1),
 libpython3.7-stdlib (= 3.7.6-1+b1),
 libquadmath0 (= 10-20200222-1),
 libreadline8 (= 8.0-3),
 librhash0 (= 1.3.9-1),
 librtmp1 (= 2.4+20151223.gitfa8646d.1-2+b1),
 libsasl2-2 (= 2.1.27+dfsg-2),
 libsasl2-modules-db (= 2.1.27+dfsg-2),
 libseccomp2 (= 2.4.2-2),
 libselinux1 (= 3.0-1+b1),
 libsigsegv2 (= 2.12-2),
 libsmartcols1 (= 2.34-0.1),
 libsqlite3-0 (= 3.31.1-3),
 libssh2-1 (= 1.8.0-2.1),
 libssl1.1 (= 1.1.1d-2),
 libstdc++-8-dev (= 8.3.0-29),
 libstdc++-9-dev (= 9.2.1-29),
 libstdc++6 (= 10-20200222-1),
 libsub-override-perl (= 0.09-2),
 libsystemd0 (= 244.3-1),
 libtasn1-6 (= 4.16.0-2),
 libtinfo6 (= 6.1+20191019-1),
 libtool (= 2.4.6-13),
 libtsan0 (= 10-20200222-1),
 libubsan1 (= 10-20200222-1),
 libuchardet0 (= 0.0.6-3),
 libudev1 (= 244.3-1),
 libunistring2 (= 0.9.10-2),
 libuuid1 (= 2.34-0.1),
 libuv1 (= 1.34.2-1),
 libxml2 (= 2.9.10+dfsg-3),
 libxml2-utils (= 2.9.10+dfsg-3),
 libxslt1.1 (= 1.1.34-3),
 libzstd1 (= 1.4.4+dfsg-3),
 linux-libc-dev (= 5.4.19-1),
 login (= 1:4.8.1-1),
 lsb-base (= 11.1.0),
 m4 (= 1.4.18-4),
 make (= 4.2.1-1.2),
 man-db (= 2.9.0-2),
 mawk (= 1.3.4.20200120-2),
 mime-support (= 3.64),
 ncurses-base (= 6.1+20191019-1),
 ncurses-bin (= 6.1+20191019-1),
 patch (= 2.7.6-6),
 perl (= 5.30.0-9),
 perl-base (= 5.30.0-9),
 perl-modules-5.30 (= 5.30.0-9),
 po-debconf (= 1.0.21),
 procps (= 2:3.3.16-1+b1),
 python3 (= 3.7.5-3),
 python3-minimal (= 3.7.5-3),
 python3.7 (= 3.7.6-1+b1),
 python3.7-minimal (= 3.7.6-1+b1),
 readline-common (= 8.0-3),
 sed (= 4.7-1),
 sensible-utils (= 0.0.12+nmu1),
 sgml-base (= 1.29.1),
 sgml-data (= 2.0.11),
 sysvinit-utils (= 2.96-2.1),
 tar (= 1.30+dfsg-6+b1),
 util-linux (= 2.34-0.1),
 xml-core (= 0.18+nmu1),
 xsltproc (= 1.1.34-3),
 xz-utils (= 5.2.4-1+b1),
 zlib1g (= 1:1.2.11.dfsg-2)
Environment:
 DEB_BUILD_OPTIONS="parallel=4"
 LANG="C.UTF-8"
 LC_ALL="C.UTF-8"
 SOURCE_DATE_EPOCH="1579553720"


+------------------------------------------------------------------------------+
| Package contents                                                             |
+------------------------------------------------------------------------------+


libpaje-dev_1.3.5-1_amd64.deb
-----------------------------

 new Debian package, version 2.0.
 size 11768 bytes: control archive=1516 bytes.
     907 bytes,    22 lines      control              
    1522 bytes,    24 lines      md5sums              
 Package: libpaje-dev
 Source: pajeng
 Version: 1.3.5-1
 Architecture: amd64
 Maintainer: Martin Quinson <mquinson@debian.org>
 Installed-Size: 79
 Depends: libpaje2 (= 1.3.5-1)
 Section: libdevel
 Priority: optional
 Multi-Arch: same
 Homepage: https://github.com/schnorr/pajeng
 Description: Parsing, manipulation and simulation of paje trace files (dev)
  The libpaje library features the implementation of the Paje File
  Reader, Event Decoder and Simulator. It is capable of reading trace
  files in the Paje file format and keeping them in memory. Data is
  accessed through a well-defined and efficient interface. You can use
  this library to built new visualization techniques for trace
  analysis, without handling all the parsing of files and how events
  are simulated to rebuilt the behavior of the traced application that
  is meant to be analyzed.
  .
  This package contains the development files (headers, etc.)

drwxr-xr-x root/root         0 2020-01-20 20:55 ./
drwxr-xr-x root/root         0 2020-01-20 20:55 ./usr/
drwxr-xr-x root/root         0 2020-01-20 20:55 ./usr/include/
-rw-r--r-- root/root       870 2017-08-03 18:05 ./usr/include/PajeColor.h
-rw-r--r-- root/root      4271 2017-08-03 18:05 ./usr/include/PajeComponent.h
-rw-r--r-- root/root      4747 2017-08-03 18:05 ./usr/include/PajeContainer.h
-rw-r--r-- root/root       959 2017-08-03 18:05 ./usr/include/PajeData.h
-rw-r--r-- root/root      2130 2017-08-03 18:05 ./usr/include/PajeDefinitions.h
-rw-r--r-- root/root      7353 2017-08-03 18:05 ./usr/include/PajeEntity.h
-rw-r--r-- root/root      1937 2017-08-03 18:05 ./usr/include/PajeEnum.h
-rw-r--r-- root/root      4758 2017-08-03 18:05 ./usr/include/PajeEvent.h
-rw-r--r-- root/root      1516 2017-08-03 18:05 ./usr/include/PajeEventDecoder.h
-rw-r--r-- root/root      1974 2017-08-03 18:05 ./usr/include/PajeEventDefinition.h
-rw-r--r-- root/root      2355 2017-08-03 18:05 ./usr/include/PajeException.h
-rw-r--r-- root/root      1506 2017-08-03 18:05 ./usr/include/PajeFileReader.h
-rw-r--r-- root/root      1457 2017-08-03 18:05 ./usr/include/PajeFlexReader.h
-rw-r--r-- root/root       909 2017-08-03 18:05 ./usr/include/PajeObject.h
-rw-r--r-- root/root      1107 2017-08-03 18:05 ./usr/include/PajeProbabilisticSimulator.h
-rw-r--r-- root/root       934 2017-08-03 18:05 ./usr/include/PajeProtocols.h
-rw-r--r-- root/root      5718 2017-08-03 18:05 ./usr/include/PajeSimulator.h
-rw-r--r-- root/root      1720 2017-08-03 18:05 ./usr/include/PajeTraceEvent.h
-rw-r--r-- root/root      6121 2017-08-03 18:05 ./usr/include/PajeType.h
-rw-r--r-- root/root      1418 2017-08-03 18:05 ./usr/include/PajeUnity.h
-rw-r--r-- root/root      1192 2017-08-03 18:05 ./usr/include/PajeValue.h
drwxr-xr-x root/root         0 2020-01-20 20:55 ./usr/lib/
drwxr-xr-x root/root         0 2020-01-20 20:55 ./usr/lib/x86_64-linux-gnu/
lrwxrwxrwx root/root         0 2020-01-20 20:55 ./usr/lib/x86_64-linux-gnu/libpaje.so -> libpaje.so.2
drwxr-xr-x root/root         0 2020-01-20 20:55 ./usr/lib/x86_64-linux-gnu/pkgconfig/
-rw-r--r-- root/root       265 2020-01-20 20:55 ./usr/lib/x86_64-linux-gnu/pkgconfig/libpaje.pc
drwxr-xr-x root/root         0 2020-01-20 20:55 ./usr/share/
drwxr-xr-x root/root         0 2020-01-20 20:55 ./usr/share/doc/
drwxr-xr-x root/root         0 2020-01-20 20:55 ./usr/share/doc/libpaje-dev/
-rw-r--r-- root/root      1497 2020-01-20 20:55 ./usr/share/doc/libpaje-dev/changelog.Debian.gz
-rw-r--r-- root/root      1094 2020-01-20 20:55 ./usr/share/doc/libpaje-dev/copyright


libpaje2-dbgsym_1.3.5-1_amd64.deb
---------------------------------

 new Debian package, version 2.0.
 size 1063600 bytes: control archive=536 bytes.
     354 bytes,    13 lines      control              
     106 bytes,     1 lines      md5sums              
 Package: libpaje2-dbgsym
 Source: pajeng
 Version: 1.3.5-1
 Auto-Built-Package: debug-symbols
 Architecture: amd64
 Maintainer: Martin Quinson <mquinson@debian.org>
 Installed-Size: 1147
 Depends: libpaje2 (= 1.3.5-1)
 Section: debug
 Priority: optional
 Multi-Arch: same
 Description: debug symbols for libpaje2
 Build-Ids: c9a9b85dc8e32a922ae63d4c1b0dbaf8b0344ef0

drwxr-xr-x root/root         0 2020-01-20 20:55 ./
drwxr-xr-x root/root         0 2020-01-20 20:55 ./usr/
drwxr-xr-x root/root         0 2020-01-20 20:55 ./usr/lib/
drwxr-xr-x root/root         0 2020-01-20 20:55 ./usr/lib/debug/
drwxr-xr-x root/root         0 2020-01-20 20:55 ./usr/lib/debug/.build-id/
drwxr-xr-x root/root         0 2020-01-20 20:55 ./usr/lib/debug/.build-id/c9/
-rw-r--r-- root/root   1163456 2020-01-20 20:55 ./usr/lib/debug/.build-id/c9/a9b85dc8e32a922ae63d4c1b0dbaf8b0344ef0.debug
drwxr-xr-x root/root         0 2020-01-20 20:55 ./usr/share/
drwxr-xr-x root/root         0 2020-01-20 20:55 ./usr/share/doc/
lrwxrwxrwx root/root         0 2020-01-20 20:55 ./usr/share/doc/libpaje2-dbgsym -> libpaje2


libpaje2_1.3.5-1_amd64.deb
--------------------------

 new Debian package, version 2.0.
 size 144120 bytes: control archive=1056 bytes.
     931 bytes,    22 lines      control              
     218 bytes,     3 lines      md5sums              
      30 bytes,     1 lines      shlibs               
      65 bytes,     2 lines      triggers             
 Package: libpaje2
 Source: pajeng
 Version: 1.3.5-1
 Architecture: amd64
 Maintainer: Martin Quinson <mquinson@debian.org>
 Installed-Size: 969
 Depends: libc6 (>= 2.14), libfl2 (>= 2.5.33), libgcc-s1 (>= 3.0), libstdc++6 (>= 9)
 Section: libs
 Priority: optional
 Multi-Arch: same
 Homepage: https://github.com/schnorr/pajeng
 Description: Parsing, manipulation and simulation of paje trace files
  The libpaje library features the implementation of the Paje File
  Reader, Event Decoder and Simulator. It is capable of reading trace
  files in the Paje file format and keeping them in memory. Data is
  accessed through a well-defined and efficient interface. You can use
  this library to built new visualization techniques for trace
  analysis, without handling all the parsing of files and how events
  are simulated to rebuilt the behavior of the traced application that
  is meant to be analyzed.
  .
  This package contains the run-time files.

drwxr-xr-x root/root         0 2020-01-20 20:55 ./
drwxr-xr-x root/root         0 2020-01-20 20:55 ./usr/
drwxr-xr-x root/root         0 2020-01-20 20:55 ./usr/lib/
drwxr-xr-x root/root         0 2020-01-20 20:55 ./usr/lib/x86_64-linux-gnu/
lrwxrwxrwx root/root         0 2020-01-20 20:55 ./usr/lib/x86_64-linux-gnu/libpaje.so.2 -> libpaje.so.2.0
-rw-r--r-- root/root    975912 2020-01-20 20:55 ./usr/lib/x86_64-linux-gnu/libpaje.so.2.0
drwxr-xr-x root/root         0 2020-01-20 20:55 ./usr/share/
drwxr-xr-x root/root         0 2020-01-20 20:55 ./usr/share/doc/
drwxr-xr-x root/root         0 2020-01-20 20:55 ./usr/share/doc/libpaje2/
-rw-r--r-- root/root      1497 2020-01-20 20:55 ./usr/share/doc/libpaje2/changelog.Debian.gz
-rw-r--r-- root/root      1094 2020-01-20 20:55 ./usr/share/doc/libpaje2/copyright


pajeng-dbgsym_1.3.5-1_amd64.deb
-------------------------------

 new Debian package, version 2.0.
 size 64824 bytes: control archive=616 bytes.
     370 bytes,    12 lines      control              
     295 bytes,     3 lines      md5sums              
 Package: pajeng-dbgsym
 Source: pajeng
 Version: 1.3.5-1
 Auto-Built-Package: debug-symbols
 Architecture: amd64
 Maintainer: Martin Quinson <mquinson@debian.org>
 Installed-Size: 91
 Depends: pajeng (= 1.3.5-1)
 Section: debug
 Priority: optional
 Description: debug symbols for pajeng
 Build-Ids: c228396fec439865ca24a92560e59693055fea0a c2f8cdcd1e859ac2d67e9356b61a6795b56f4053

drwxr-xr-x root/root         0 2020-01-20 20:55 ./
drwxr-xr-x root/root         0 2020-01-20 20:55 ./usr/
drwxr-xr-x root/root         0 2020-01-20 20:55 ./usr/lib/
drwxr-xr-x root/root         0 2020-01-20 20:55 ./usr/lib/debug/
drwxr-xr-x root/root         0 2020-01-20 20:55 ./usr/lib/debug/.build-id/
drwxr-xr-x root/root         0 2020-01-20 20:55 ./usr/lib/debug/.build-id/c2/
-rw-r--r-- root/root     22080 2020-01-20 20:55 ./usr/lib/debug/.build-id/c2/28396fec439865ca24a92560e59693055fea0a.debug
-rw-r--r-- root/root     40320 2020-01-20 20:55 ./usr/lib/debug/.build-id/c2/f8cdcd1e859ac2d67e9356b61a6795b56f4053.debug
drwxr-xr-x root/root         0 2020-01-20 20:55 ./usr/lib/debug/.dwz/
drwxr-xr-x root/root         0 2020-01-20 20:55 ./usr/lib/debug/.dwz/x86_64-linux-gnu/
-rw-r--r-- root/root     16720 2020-01-20 20:55 ./usr/lib/debug/.dwz/x86_64-linux-gnu/pajeng.debug
drwxr-xr-x root/root         0 2020-01-20 20:55 ./usr/share/
drwxr-xr-x root/root         0 2020-01-20 20:55 ./usr/share/doc/
lrwxrwxrwx root/root         0 2020-01-20 20:55 ./usr/share/doc/pajeng-dbgsym -> pajeng


pajeng_1.3.5-1_amd64.deb
------------------------

 new Debian package, version 2.0.
 size 122656 bytes: control archive=1472 bytes.
     747 bytes,    16 lines      control              
    1964 bytes,    25 lines      md5sums              
 Package: pajeng
 Version: 1.3.5-1
 Architecture: amd64
 Maintainer: Martin Quinson <mquinson@debian.org>
 Installed-Size: 1561
 Depends: libc6 (>= 2.14), libfl2 (>= 2.5.33), libgcc-s1 (>= 3.0), libpaje2 (= 1.3.5-1), libstdc++6 (>= 5.2), r-base-core
 Section: libs
 Priority: optional
 Multi-Arch: foreign
 Homepage: https://github.com/schnorr/pajeng
 Description: space-time view and associated tools for Paje trace files
  PajeNG (Paje Next Generation) is a re-implementation (in C++) and
  direct heir of the well-known Paje visualization tool for the
  analysis of execution traces (in the Paje File Format) through trace
  visualization (space/time view). Auxiliary tools are also available
  to dump to CSV and display gantt charts out of Paje trace files.

drwxr-xr-x root/root         0 2020-01-20 20:55 ./
drwxr-xr-x root/root         0 2020-01-20 20:55 ./usr/
drwxr-xr-x root/root         0 2020-01-20 20:55 ./usr/bin/
-rwxr-xr-x root/root     32632 2020-01-20 20:55 ./usr/bin/pj_dump
-rwxr-xr-x root/root     23888 2020-01-20 20:55 ./usr/bin/pj_equals
-rwxr-xr-x root/root      2117 2017-08-03 18:05 ./usr/bin/pj_gantt
drwxr-xr-x root/root         0 2020-01-20 20:55 ./usr/share/
drwxr-xr-x root/root         0 2020-01-20 20:55 ./usr/share/doc/
drwxr-xr-x root/root         0 2020-01-20 20:55 ./usr/share/doc/pajeng/
-rw-r--r-- root/root      1466 2017-08-03 18:05 ./usr/share/doc/pajeng/README.md
-rw-r--r-- root/root      1497 2020-01-20 20:55 ./usr/share/doc/pajeng/changelog.Debian.gz
-rw-r--r-- root/root      1094 2020-01-20 20:55 ./usr/share/doc/pajeng/copyright
drwxr-xr-x root/root         0 2020-01-20 20:55 ./usr/share/doc/pajeng/examples/
drwxr-xr-x root/root         0 2017-08-03 18:05 ./usr/share/doc/pajeng/examples/traces/
-rw-r--r-- root/root     15309 2017-08-03 18:05 ./usr/share/doc/pajeng/examples/traces/categories.trace
-rw-r--r-- root/root      3621 2017-08-03 18:05 ./usr/share/doc/pajeng/examples/traces/containers.trace
-rw-r--r-- root/root      3337 2017-08-03 18:05 ./usr/share/doc/pajeng/examples/traces/events.trace
-rw-r--r-- root/root    790348 2017-08-03 18:05 ./usr/share/doc/pajeng/examples/traces/g5k.trace
-rw-r--r-- root/root      4027 2017-08-03 18:05 ./usr/share/doc/pajeng/examples/traces/gattaca.trace
-rw-r--r-- root/root      4027 2017-08-03 18:05 ./usr/share/doc/pajeng/examples/traces/gattaca2.trace
-rw-r--r-- root/root      4027 2017-08-03 18:05 ./usr/share/doc/pajeng/examples/traces/gattaca3.trace
-rw-r--r-- root/root      3467 2017-08-03 18:05 ./usr/share/doc/pajeng/examples/traces/links.trace
-rw-r--r-- root/root     24672 2017-08-03 18:05 ./usr/share/doc/pajeng/examples/traces/ms.trace
drwxr-xr-x root/root         0 2017-08-03 18:05 ./usr/share/doc/pajeng/examples/traces/multiple_files/
-rw-r--r-- root/root      2443 2017-08-03 18:05 ./usr/share/doc/pajeng/examples/traces/multiple_files/root.trace
-rw-r--r-- root/root     87209 2017-08-03 18:05 ./usr/share/doc/pajeng/examples/traces/native_paje.trace
-rw-r--r-- root/root    186500 2017-08-03 18:05 ./usr/share/doc/pajeng/examples/traces/native_sample.trace
-rw-r--r-- root/root      3003 2017-08-03 18:05 ./usr/share/doc/pajeng/examples/traces/replay_output_shurakai_extract.trace
-rw-r--r-- root/root    364459 2017-08-03 18:05 ./usr/share/doc/pajeng/examples/traces/simu-mardi.trace
-rw-r--r-- root/root      3394 2017-08-03 18:05 ./usr/share/doc/pajeng/examples/traces/states.trace
-rw-r--r-- root/root      3368 2017-08-03 18:05 ./usr/share/doc/pajeng/examples/traces/variables.trace
drwxr-xr-x root/root         0 2020-01-20 20:55 ./usr/share/man/
drwxr-xr-x root/root         0 2020-01-20 20:55 ./usr/share/man/man1/
-rw-r--r-- root/root      4128 2020-01-20 20:55 ./usr/share/man/man1/pj_dump.1.gz
-rw-r--r-- root/root      1034 2020-01-20 20:55 ./usr/share/man/man1/pj_equals.1.gz
-rw-r--r-- root/root      1219 2020-01-20 20:55 ./usr/share/man/man1/pj_gantt.1.gz


+------------------------------------------------------------------------------+
| Post Build                                                                   |
+------------------------------------------------------------------------------+


+------------------------------------------------------------------------------+
| Cleanup                                                                      |
+------------------------------------------------------------------------------+

Purging /<<BUILDDIR>>
Not cleaning session: cloned chroot in use

+------------------------------------------------------------------------------+
| Summary                                                                      |
+------------------------------------------------------------------------------+

Build Architecture: amd64
Build Type: binary
Build-Space: 43172
Build-Time: 31
Distribution: unstable
Host Architecture: amd64
Install-Time: 285
Job: pajeng_1.3.5-1
Machine Architecture: amd64
Package: pajeng
Package-Time: 379
Source-Version: 1.3.5-1
Space: 43172
Status: successful
Version: 1.3.5-1
--------------------------------------------------------------------------------
Finished at 2020-02-25T04:24:41Z
Build needed 00:06:19, 43172k disk space
DC-Status: OK 382.686630585s
DC-Time-Estimation: 382.686630585 versus expected 83 (r/m: 3.610682296204819 ; m: 83.0)
