DC-Build-Header: cctz 2.3+dfsg1-3 / 2020-02-25 01:29:18 +0000
DC-Task: type:rebuild-binarch-only source:cctz version:2.3+dfsg1-3 chroot:unstable esttime:131 logfile:/tmp/cctz_2.3+dfsg1-3_unstable_clang10.log modes:clang10:binarch-only
DC-Sbuild-call: su user42 -c 'sbuild -n --arch-any --apt-update -d unstable -v --no-run-lintian --chroot-setup-commands=/tmp/clang10 cctz_2.3+dfsg1-3'
sbuild (Debian sbuild) 0.78.1 (09 February 2019) on ip-172-31-4-239.eu-central-1.compute.internal

+==============================================================================+
| cctz 2.3+dfsg1-3 (amd64)                     Tue, 25 Feb 2020 01:29:18 +0000 |
+==============================================================================+

Package: cctz
Version: 2.3+dfsg1-3
Source Version: 2.3+dfsg1-3
Distribution: unstable
Machine Architecture: amd64
Host Architecture: amd64
Build Architecture: amd64
Build Type: binary

I: NOTICE: Log filtering will replace 'var/run/schroot/mount/sid-amd64-sbuild-bb5431b6-2496-425a-abd4-7cd6cd50bae6' with '<<CHROOT>>'

+------------------------------------------------------------------------------+
| Chroot Setup Commands                                                        |
+------------------------------------------------------------------------------+


/tmp/clang10
------------

+ echo 'Entering customization script...'
Entering customization script...
+ CLANG_VERSION=10
+ echo 'Install of clang-10'
Install of clang-10
+ apt-get update
Get:1 http://127.0.0.1:12990/debian sid InRelease [142 kB]
Get:2 http://127.0.0.1:12990/debian sid/main Sources.diff/Index [27.9 kB]
Get:3 http://127.0.0.1:12990/debian sid/main amd64 Packages.diff/Index [27.9 kB]
Get:4 http://127.0.0.1:12990/debian sid/main Sources 2020-02-24-0823.32.pdiff [11.0 kB]
Get:5 http://127.0.0.1:12990/debian sid/main Sources 2020-02-24-1420.34.pdiff [30.2 kB]
Get:6 http://127.0.0.1:12990/debian sid/main Sources 2020-02-24-2014.03.pdiff [16.9 kB]
Get:6 http://127.0.0.1:12990/debian sid/main Sources 2020-02-24-2014.03.pdiff [16.9 kB]
Get:7 http://127.0.0.1:12990/debian sid/main amd64 Packages 2020-02-24-0823.32.pdiff [15.5 kB]
Get:8 http://127.0.0.1:12990/debian sid/main amd64 Packages 2020-02-24-1420.34.pdiff [27.5 kB]
Get:9 http://127.0.0.1:12990/debian sid/main amd64 Packages 2020-02-24-2014.03.pdiff [21.6 kB]
Get:9 http://127.0.0.1:12990/debian sid/main amd64 Packages 2020-02-24-2014.03.pdiff [21.6 kB]
Get:10 http://127.0.0.1:12990/debian sid/main Translation-en [6193 kB]
Fetched 6514 kB in 2s (2867 kB/s)
Reading package lists...
+ apt-get install --yes --no-install-recommends --force-yes clang-10 libomp-10-dev libobjc-9-dev
Reading package lists...
Building dependency tree...
The following additional packages will be installed:
  lib32gcc-s1 lib32gcc1 lib32stdc++6 libbsd0 libc6-i386 libclang-common-10-dev
  libclang-cpp10 libclang1-10 libedit2 libgc1c2 libllvm10 libobjc4 libomp5-10
  libz3-4
Suggested packages:
  clang-10-doc libomp-10-doc
Recommended packages:
  llvm-10-dev python3
The following NEW packages will be installed:
  clang-10 lib32gcc-s1 lib32gcc1 lib32stdc++6 libbsd0 libc6-i386
  libclang-common-10-dev libclang-cpp10 libclang1-10 libedit2 libgc1c2
  libllvm10 libobjc-9-dev libobjc4 libomp-10-dev libomp5-10 libz3-4
0 upgraded, 17 newly installed, 0 to remove and 1 not upgraded.
Need to get 46.4 MB of archives.
After this operation, 238 MB of additional disk space will be used.
Get:1 http://127.0.0.1:12990/debian sid/main amd64 libbsd0 amd64 0.10.0-1 [107 kB]
Get:2 http://127.0.0.1:12990/debian sid/main amd64 libedit2 amd64 3.1-20191231-1 [95.4 kB]
Get:3 http://127.0.0.1:12990/debian sid/main amd64 libz3-4 amd64 4.8.7-4 [6790 kB]
Get:4 http://127.0.0.1:12990/debian sid/main amd64 libllvm10 amd64 1:10.0.0~+rc2-1 [15.5 MB]
Get:5 http://127.0.0.1:12990/debian sid/main amd64 libclang-cpp10 amd64 1:10.0.0~+rc2-1 [9069 kB]
Get:6 http://127.0.0.1:12990/debian sid/main amd64 libgc1c2 amd64 1:7.6.4-0.4 [224 kB]
Get:7 http://127.0.0.1:12990/debian sid/main amd64 libobjc4 amd64 10-20200222-1 [41.6 kB]
Get:8 http://127.0.0.1:12990/debian sid/main amd64 libobjc-9-dev amd64 9.2.1-29 [219 kB]
Get:9 http://127.0.0.1:12990/debian sid/main amd64 libc6-i386 amd64 2.29-10 [2918 kB]
Get:10 http://127.0.0.1:12990/debian sid/main amd64 lib32gcc-s1 amd64 10-20200222-1 [49.4 kB]
Get:11 http://127.0.0.1:12990/debian sid/main amd64 lib32gcc1 amd64 1:10-20200222-1 [1104 B]
Get:12 http://127.0.0.1:12990/debian sid/main amd64 lib32stdc++6 amd64 10-20200222-1 [510 kB]
Get:13 http://127.0.0.1:12990/debian sid/main amd64 libclang-common-10-dev amd64 1:10.0.0~+rc2-1 [2782 kB]
Get:14 http://127.0.0.1:12990/debian sid/main amd64 libclang1-10 amd64 1:10.0.0~+rc2-1 [7607 kB]
Get:15 http://127.0.0.1:12990/debian sid/main amd64 clang-10 amd64 1:10.0.0~+rc2-1 [103 kB]
Get:16 http://127.0.0.1:12990/debian sid/main amd64 libomp5-10 amd64 1:10.0.0~+rc2-1 [337 kB]
Get:17 http://127.0.0.1:12990/debian sid/main amd64 libomp-10-dev amd64 1:10.0.0~+rc2-1 [84.3 kB]
debconf: delaying package configuration, since apt-utils is not installed
Fetched 46.4 MB in 1s (73.0 MB/s)
Selecting previously unselected package libbsd0:amd64.
(Reading database ... (Reading database ... 5%(Reading database ... 10%(Reading database ... 15%(Reading database ... 20%(Reading database ... 25%(Reading database ... 30%(Reading database ... 35%(Reading database ... 40%(Reading database ... 45%(Reading database ... 50%(Reading database ... 55%(Reading database ... 60%(Reading database ... 65%(Reading database ... 70%(Reading database ... 75%(Reading database ... 80%(Reading database ... 85%(Reading database ... 90%(Reading database ... 95%(Reading database ... 100%(Reading database ... 12119 files and directories currently installed.)
Preparing to unpack .../00-libbsd0_0.10.0-1_amd64.deb ...
Unpacking libbsd0:amd64 (0.10.0-1) ...
Selecting previously unselected package libedit2:amd64.
Preparing to unpack .../01-libedit2_3.1-20191231-1_amd64.deb ...
Unpacking libedit2:amd64 (3.1-20191231-1) ...
Selecting previously unselected package libz3-4:amd64.
Preparing to unpack .../02-libz3-4_4.8.7-4_amd64.deb ...
Unpacking libz3-4:amd64 (4.8.7-4) ...
Selecting previously unselected package libllvm10:amd64.
Preparing to unpack .../03-libllvm10_1%3a10.0.0~+rc2-1_amd64.deb ...
Unpacking libllvm10:amd64 (1:10.0.0~+rc2-1) ...
Selecting previously unselected package libclang-cpp10.
Preparing to unpack .../04-libclang-cpp10_1%3a10.0.0~+rc2-1_amd64.deb ...
Unpacking libclang-cpp10 (1:10.0.0~+rc2-1) ...
Selecting previously unselected package libgc1c2:amd64.
Preparing to unpack .../05-libgc1c2_1%3a7.6.4-0.4_amd64.deb ...
Unpacking libgc1c2:amd64 (1:7.6.4-0.4) ...
Selecting previously unselected package libobjc4:amd64.
Preparing to unpack .../06-libobjc4_10-20200222-1_amd64.deb ...
Unpacking libobjc4:amd64 (10-20200222-1) ...
Selecting previously unselected package libobjc-9-dev:amd64.
Preparing to unpack .../07-libobjc-9-dev_9.2.1-29_amd64.deb ...
Unpacking libobjc-9-dev:amd64 (9.2.1-29) ...
Selecting previously unselected package libc6-i386.
Preparing to unpack .../08-libc6-i386_2.29-10_amd64.deb ...
Unpacking libc6-i386 (2.29-10) ...
Selecting previously unselected package lib32gcc-s1.
Preparing to unpack .../09-lib32gcc-s1_10-20200222-1_amd64.deb ...
Unpacking lib32gcc-s1 (10-20200222-1) ...
Selecting previously unselected package lib32gcc1.
Preparing to unpack .../10-lib32gcc1_1%3a10-20200222-1_amd64.deb ...
Unpacking lib32gcc1 (1:10-20200222-1) ...
Selecting previously unselected package lib32stdc++6.
Preparing to unpack .../11-lib32stdc++6_10-20200222-1_amd64.deb ...
Unpacking lib32stdc++6 (10-20200222-1) ...
Selecting previously unselected package libclang-common-10-dev.
Preparing to unpack .../12-libclang-common-10-dev_1%3a10.0.0~+rc2-1_amd64.deb ...
Unpacking libclang-common-10-dev (1:10.0.0~+rc2-1) ...
Selecting previously unselected package libclang1-10.
Preparing to unpack .../13-libclang1-10_1%3a10.0.0~+rc2-1_amd64.deb ...
Unpacking libclang1-10 (1:10.0.0~+rc2-1) ...
Selecting previously unselected package clang-10.
Preparing to unpack .../14-clang-10_1%3a10.0.0~+rc2-1_amd64.deb ...
Unpacking clang-10 (1:10.0.0~+rc2-1) ...
Selecting previously unselected package libomp5-10:amd64.
Preparing to unpack .../15-libomp5-10_1%3a10.0.0~+rc2-1_amd64.deb ...
Unpacking libomp5-10:amd64 (1:10.0.0~+rc2-1) ...
Selecting previously unselected package libomp-10-dev.
Preparing to unpack .../16-libomp-10-dev_1%3a10.0.0~+rc2-1_amd64.deb ...
Unpacking libomp-10-dev (1:10.0.0~+rc2-1) ...
Setting up libgc1c2:amd64 (1:7.6.4-0.4) ...
Setting up libobjc4:amd64 (10-20200222-1) ...
Setting up libz3-4:amd64 (4.8.7-4) ...
Setting up libobjc-9-dev:amd64 (9.2.1-29) ...
Setting up libomp5-10:amd64 (1:10.0.0~+rc2-1) ...
Setting up libc6-i386 (2.29-10) ...
Setting up libbsd0:amd64 (0.10.0-1) ...
Setting up libomp-10-dev (1:10.0.0~+rc2-1) ...
Setting up libedit2:amd64 (3.1-20191231-1) ...
Setting up libllvm10:amd64 (1:10.0.0~+rc2-1) ...
Setting up lib32gcc-s1 (10-20200222-1) ...
Setting up libclang1-10 (1:10.0.0~+rc2-1) ...
Setting up lib32gcc1 (1:10-20200222-1) ...
Setting up libclang-cpp10 (1:10.0.0~+rc2-1) ...
Setting up lib32stdc++6 (10-20200222-1) ...
Setting up libclang-common-10-dev (1:10.0.0~+rc2-1) ...
Setting up clang-10 (1:10.0.0~+rc2-1) ...
Processing triggers for libc-bin (2.29-10) ...
W: --force-yes is deprecated, use one of the options starting with --allow instead.
+ echo 'Replace gcc, g++ & cpp by clang'
Replace gcc, g++ & cpp by clang
+ VERSIONS='4.6 4.7 4.8 4.9 5 6 7 8 9 10'
+ cd /usr/bin
+ for VERSION in $VERSIONS
+ rm -f g++-4.6 gcc-4.6 cpp-4.6 gcc
+ ln -s clang++-10 g++-4.6
+ ln -s clang-10 gcc-4.6
+ ln -s clang-10 cpp-4.6
+ ln -s clang-10 gcc
+ echo 'gcc-4.6 hold'
+ dpkg --set-selections
dpkg: warning: package not in status nor available database at line 1: gcc-4.6
dpkg: warning: found unknown packages; this might mean the available database
is outdated, and needs to be updated through a frontend method;
please see the FAQ <https://wiki.debian.org/Teams/Dpkg/FAQ>
+ echo 'g++-4.6 hold'
+ dpkg --set-selections
dpkg: warning: package not in status nor available database at line 1: g++-4.6
dpkg: warning: found unknown packages; this might mean the available database
is outdated, and needs to be updated through a frontend method;
please see the FAQ <https://wiki.debian.org/Teams/Dpkg/FAQ>
+ for VERSION in $VERSIONS
+ rm -f g++-4.7 gcc-4.7 cpp-4.7 gcc
+ ln -s clang++-10 g++-4.7
+ ln -s clang-10 gcc-4.7
+ ln -s clang-10 cpp-4.7
+ ln -s clang-10 gcc
+ echo 'gcc-4.7 hold'
+ dpkg --set-selections
dpkg: warning: package not in status nor available database at line 1: gcc-4.7
dpkg: warning: found unknown packages; this might mean the available database
is outdated, and needs to be updated through a frontend method;
please see the FAQ <https://wiki.debian.org/Teams/Dpkg/FAQ>
+ dpkg --set-selections
+ echo 'g++-4.7 hold'
dpkg: warning: package not in status nor available database at line 1: g++-4.7
dpkg: warning: found unknown packages; this might mean the available database
is outdated, and needs to be updated through a frontend method;
please see the FAQ <https://wiki.debian.org/Teams/Dpkg/FAQ>
+ for VERSION in $VERSIONS
+ rm -f g++-4.8 gcc-4.8 cpp-4.8 gcc
+ ln -s clang++-10 g++-4.8
+ ln -s clang-10 gcc-4.8
+ ln -s clang-10 cpp-4.8
+ ln -s clang-10 gcc
+ echo 'gcc-4.8 hold'
+ dpkg --set-selections
dpkg: warning: package not in status nor available database at line 1: gcc-4.8
dpkg: warning: found unknown packages; this might mean the available database
is outdated, and needs to be updated through a frontend method;
please see the FAQ <https://wiki.debian.org/Teams/Dpkg/FAQ>
+ dpkg --set-selections
+ echo 'g++-4.8 hold'
dpkg: warning: package not in status nor available database at line 1: g++-4.8
dpkg: warning: found unknown packages; this might mean the available database
is outdated, and needs to be updated through a frontend method;
please see the FAQ <https://wiki.debian.org/Teams/Dpkg/FAQ>
+ for VERSION in $VERSIONS
+ rm -f g++-4.9 gcc-4.9 cpp-4.9 gcc
+ ln -s clang++-10 g++-4.9
+ ln -s clang-10 gcc-4.9
+ ln -s clang-10 cpp-4.9
+ ln -s clang-10 gcc
+ echo 'gcc-4.9 hold'
+ dpkg --set-selections
dpkg: warning: package not in status nor available database at line 1: gcc-4.9
dpkg: warning: found unknown packages; this might mean the available database
is outdated, and needs to be updated through a frontend method;
please see the FAQ <https://wiki.debian.org/Teams/Dpkg/FAQ>
+ echo 'g++-4.9 hold'
+ dpkg --set-selections
dpkg: warning: package not in status nor available database at line 1: g++-4.9
dpkg: warning: found unknown packages; this might mean the available database
is outdated, and needs to be updated through a frontend method;
please see the FAQ <https://wiki.debian.org/Teams/Dpkg/FAQ>
+ for VERSION in $VERSIONS
+ rm -f g++-5 gcc-5 cpp-5 gcc
+ ln -s clang++-10 g++-5
+ ln -s clang-10 gcc-5
+ ln -s clang-10 cpp-5
+ ln -s clang-10 gcc
+ echo 'gcc-5 hold'
+ dpkg --set-selections
dpkg: warning: package not in status nor available database at line 1: gcc-5
dpkg: warning: found unknown packages; this might mean the available database
is outdated, and needs to be updated through a frontend method;
please see the FAQ <https://wiki.debian.org/Teams/Dpkg/FAQ>
+ echo 'g++-5 hold'
+ dpkg --set-selections
dpkg: warning: package not in status nor available database at line 1: g++-5
dpkg: warning: found unknown packages; this might mean the available database
is outdated, and needs to be updated through a frontend method;
please see the FAQ <https://wiki.debian.org/Teams/Dpkg/FAQ>
+ for VERSION in $VERSIONS
+ rm -f g++-6 gcc-6 cpp-6 gcc
+ ln -s clang++-10 g++-6
+ ln -s clang-10 gcc-6
+ ln -s clang-10 cpp-6
+ ln -s clang-10 gcc
+ echo 'gcc-6 hold'
+ dpkg --set-selections
dpkg: warning: package not in status nor available database at line 1: gcc-6
dpkg: warning: found unknown packages; this might mean the available database
is outdated, and needs to be updated through a frontend method;
please see the FAQ <https://wiki.debian.org/Teams/Dpkg/FAQ>
+ echo 'g++-6 hold'
+ dpkg --set-selections
dpkg: warning: package not in status nor available database at line 1: g++-6
dpkg: warning: found unknown packages; this might mean the available database
is outdated, and needs to be updated through a frontend method;
please see the FAQ <https://wiki.debian.org/Teams/Dpkg/FAQ>
+ for VERSION in $VERSIONS
+ rm -f g++-7 gcc-7 cpp-7 gcc
+ ln -s clang++-10 g++-7
+ ln -s clang-10 gcc-7
+ ln -s clang-10 cpp-7
+ ln -s clang-10 gcc
+ echo 'gcc-7 hold'
+ dpkg --set-selections
dpkg: warning: package not in status nor available database at line 1: gcc-7
dpkg: warning: found unknown packages; this might mean the available database
is outdated, and needs to be updated through a frontend method;
please see the FAQ <https://wiki.debian.org/Teams/Dpkg/FAQ>
+ echo 'g++-7 hold'
+ dpkg --set-selections
dpkg: warning: package not in status nor available database at line 1: g++-7
dpkg: warning: found unknown packages; this might mean the available database
is outdated, and needs to be updated through a frontend method;
please see the FAQ <https://wiki.debian.org/Teams/Dpkg/FAQ>
+ for VERSION in $VERSIONS
+ rm -f g++-8 gcc-8 cpp-8 gcc
+ ln -s clang++-10 g++-8
+ ln -s clang-10 gcc-8
+ ln -s clang-10 cpp-8
+ ln -s clang-10 gcc
+ echo 'gcc-8 hold'
+ dpkg --set-selections
dpkg: warning: package not in status nor available database at line 1: gcc-8
dpkg: warning: found unknown packages; this might mean the available database
is outdated, and needs to be updated through a frontend method;
please see the FAQ <https://wiki.debian.org/Teams/Dpkg/FAQ>
+ echo 'g++-8 hold'
+ dpkg --set-selections
dpkg: warning: package not in status nor available database at line 1: g++-8
dpkg: warning: found unknown packages; this might mean the available database
is outdated, and needs to be updated through a frontend method;
please see the FAQ <https://wiki.debian.org/Teams/Dpkg/FAQ>
+ for VERSION in $VERSIONS
+ rm -f g++-9 gcc-9 cpp-9 gcc
+ ln -s clang++-10 g++-9
+ ln -s clang-10 gcc-9
+ ln -s clang-10 cpp-9
+ ln -s clang-10 gcc
+ dpkg --set-selections
+ echo 'gcc-9 hold'
+ echo 'g++-9 hold'
+ dpkg --set-selections
+ for VERSION in $VERSIONS
+ rm -f g++-10 gcc-10 cpp-10 gcc
+ ln -s clang++-10 g++-10
+ ln -s clang-10 gcc-10
+ ln -s clang-10 cpp-10
+ ln -s clang-10 gcc
+ echo 'gcc-10 hold'
+ dpkg --set-selections
dpkg: warning: package not in status nor available database at line 1: gcc-10
dpkg: warning: found unknown packages; this might mean the available database
is outdated, and needs to be updated through a frontend method;
please see the FAQ <https://wiki.debian.org/Teams/Dpkg/FAQ>
+ echo 'g++-10 hold'
+ dpkg --set-selections
dpkg: warning: package not in status nor available database at line 1: g++-10
dpkg: warning: found unknown packages; this might mean the available database
is outdated, and needs to be updated through a frontend method;
please see the FAQ <https://wiki.debian.org/Teams/Dpkg/FAQ>
+ cd -
/build/cctz-bhyTZQ
+ echo 'Check if gcc, g++ & cpp are actually clang'
Check if gcc, g++ & cpp are actually clang
+ gcc --version
+ grep clang
+ grep clang
+ cpp --version
+ g++ --version
+ grep clang

I: Finished running '/tmp/clang10'.

Finished processing commands.
--------------------------------------------------------------------------------
I: NOTICE: Log filtering will replace 'build/cctz-bhyTZQ/resolver-KD53iY' with '<<RESOLVERDIR>>'

+------------------------------------------------------------------------------+
| Update chroot                                                                |
+------------------------------------------------------------------------------+

Hit:1 http://127.0.0.1:12990/debian sid InRelease
Reading package lists...
Reading package lists...
Building dependency tree...
Reading state information...
Calculating upgrade...
The following packages will be upgraded:
  libgmp10
1 upgraded, 0 newly installed, 0 to remove and 0 not upgraded.
Need to get 253 kB of archives.
After this operation, 0 B of additional disk space will be used.
Get:1 http://127.0.0.1:12990/debian sid/main amd64 libgmp10 amd64 2:6.2.0+dfsg-4 [253 kB]
debconf: delaying package configuration, since apt-utils is not installed
Fetched 253 kB in 0s (14.7 MB/s)
(Reading database ... (Reading database ... 5%(Reading database ... 10%(Reading database ... 15%(Reading database ... 20%(Reading database ... 25%(Reading database ... 30%(Reading database ... 35%(Reading database ... 40%(Reading database ... 45%(Reading database ... 50%(Reading database ... 55%(Reading database ... 60%(Reading database ... 65%(Reading database ... 70%(Reading database ... 75%(Reading database ... 80%(Reading database ... 85%(Reading database ... 90%(Reading database ... 95%(Reading database ... 100%(Reading database ... 12960 files and directories currently installed.)
Preparing to unpack .../libgmp10_2%3a6.2.0+dfsg-4_amd64.deb ...
Unpacking libgmp10:amd64 (2:6.2.0+dfsg-4) over (2:6.2.0+dfsg-3) ...
Setting up libgmp10:amd64 (2:6.2.0+dfsg-4) ...
Processing triggers for libc-bin (2.29-10) ...

+------------------------------------------------------------------------------+
| Fetch source files                                                           |
+------------------------------------------------------------------------------+


Check APT
---------

Checking available source versions...

Download source files with APT
------------------------------

Reading package lists...
NOTICE: 'cctz' packaging is maintained in the 'Git' version control system at:
https://salsa.debian.org/science-team/cctz.git
Please use:
git clone https://salsa.debian.org/science-team/cctz.git
to retrieve the latest (possibly unreleased) updates to the package.
Need to get 80.7 kB of source archives.
Get:1 http://127.0.0.1:12990/debian sid/main cctz 2.3+dfsg1-3 (dsc) [2117 B]
Get:2 http://127.0.0.1:12990/debian sid/main cctz 2.3+dfsg1-3 (tar) [74.4 kB]
Get:3 http://127.0.0.1:12990/debian sid/main cctz 2.3+dfsg1-3 (diff) [4188 B]
Fetched 80.7 kB in 0s (986 kB/s)
Download complete and in download only mode
I: NOTICE: Log filtering will replace 'build/cctz-bhyTZQ/cctz-2.3+dfsg1' with '<<PKGBUILDDIR>>'
I: NOTICE: Log filtering will replace 'build/cctz-bhyTZQ' with '<<BUILDDIR>>'

+------------------------------------------------------------------------------+
| Install package build dependencies                                           |
+------------------------------------------------------------------------------+


Setup apt archive
-----------------

Merged Build-Depends: cmake, debhelper-compat (= 12), googletest, libbenchmark-dev, tzdata, build-essential, fakeroot
Filtered Build-Depends: cmake, debhelper-compat (= 12), googletest, libbenchmark-dev, tzdata, build-essential, fakeroot
dpkg-deb: building package 'sbuild-build-depends-main-dummy' in '/<<RESOLVERDIR>>/apt_archive/sbuild-build-depends-main-dummy.deb'.
Ign:1 copy:/<<RESOLVERDIR>>/apt_archive ./ InRelease
Get:2 copy:/<<RESOLVERDIR>>/apt_archive ./ Release [957 B]
Ign:3 copy:/<<RESOLVERDIR>>/apt_archive ./ Release.gpg
Get:4 copy:/<<RESOLVERDIR>>/apt_archive ./ Sources [400 B]
Get:5 copy:/<<RESOLVERDIR>>/apt_archive ./ Packages [483 B]
Fetched 1840 B in 0s (156 kB/s)
Reading package lists...
Reading package lists...

Install main build dependencies (apt-based resolver)
----------------------------------------------------

Installing build dependencies
Reading package lists...
Building dependency tree...
Reading state information...
The following additional packages will be installed:
  autoconf automake autopoint autotools-dev bsdmainutils cmake cmake-data
  debhelper dh-autoreconf dh-strip-nondeterminism dwz file gettext
  gettext-base googletest groff-base intltool-debian libarchive-zip-perl
  libarchive13 libbenchmark-dev libbenchmark1 libbrotli1 libcroco3 libcurl4
  libdebhelper-perl libelf1 libexpat1 libfile-stripnondeterminism-perl
  libglib2.0-0 libgssapi-krb5-2 libicu63 libjsoncpp1 libk5crypto3 libkeyutils1
  libkrb5-3 libkrb5support0 libldap-2.4-2 libldap-common libmagic-mgc
  libmagic1 libncurses6 libnghttp2-14 libpipeline1 libprocps8 libpsl5
  librhash0 librtmp1 libsasl2-2 libsasl2-modules-db libsigsegv2 libssh2-1
  libssl1.1 libsub-override-perl libtool libuchardet0 libuv1 libxml2 m4 man-db
  po-debconf procps sensible-utils
Suggested packages:
  autoconf-archive gnu-standards autoconf-doc wamerican | wordlist whois
  vacation cmake-doc ninja-build dh-make gettext-doc libasprintf-dev
  libgettextpo-dev groff lrzip libbenchmark-tools krb5-doc krb5-user
  libtool-doc gfortran | fortran95-compiler gcj-jdk m4-doc apparmor less
  www-browser libmail-box-perl
Recommended packages:
  curl | wget | lynx ca-certificates libarchive-cpio-perl libglib2.0-data
  shared-mime-info xdg-user-dirs krb5-locales libgpm2 publicsuffix
  libsasl2-modules libltdl-dev libmail-sendmail-perl psmisc
The following NEW packages will be installed:
  autoconf automake autopoint autotools-dev bsdmainutils cmake cmake-data
  debhelper dh-autoreconf dh-strip-nondeterminism dwz file gettext
  gettext-base googletest groff-base intltool-debian libarchive-zip-perl
  libarchive13 libbenchmark-dev libbenchmark1 libbrotli1 libcroco3 libcurl4
  libdebhelper-perl libelf1 libexpat1 libfile-stripnondeterminism-perl
  libglib2.0-0 libgssapi-krb5-2 libicu63 libjsoncpp1 libk5crypto3 libkeyutils1
  libkrb5-3 libkrb5support0 libldap-2.4-2 libldap-common libmagic-mgc
  libmagic1 libncurses6 libnghttp2-14 libpipeline1 libprocps8 libpsl5
  librhash0 librtmp1 libsasl2-2 libsasl2-modules-db libsigsegv2 libssh2-1
  libssl1.1 libsub-override-perl libtool libuchardet0 libuv1 libxml2 m4 man-db
  po-debconf procps sbuild-build-depends-main-dummy sensible-utils
0 upgraded, 63 newly installed, 0 to remove and 0 not upgraded.
Need to get 30.2 MB of archives.
After this operation, 116 MB of additional disk space will be used.
Get:1 copy:/<<RESOLVERDIR>>/apt_archive ./ sbuild-build-depends-main-dummy 0.invalid.0 [908 B]
Get:2 http://127.0.0.1:12990/debian sid/main amd64 bsdmainutils amd64 11.1.2+b1 [191 kB]
Get:3 http://127.0.0.1:12990/debian sid/main amd64 libuchardet0 amd64 0.0.6-3 [64.9 kB]
Get:4 http://127.0.0.1:12990/debian sid/main amd64 groff-base amd64 1.22.4-4 [919 kB]
Get:5 http://127.0.0.1:12990/debian sid/main amd64 libpipeline1 amd64 1.5.2-2 [33.9 kB]
Get:6 http://127.0.0.1:12990/debian sid/main amd64 man-db amd64 2.9.0-2 [1307 kB]
Get:7 http://127.0.0.1:12990/debian sid/main amd64 libncurses6 amd64 6.1+20191019-1 [102 kB]
Get:8 http://127.0.0.1:12990/debian sid/main amd64 libprocps8 amd64 2:3.3.16-1+b1 [62.8 kB]
Get:9 http://127.0.0.1:12990/debian sid/main amd64 procps amd64 2:3.3.16-1+b1 [263 kB]
Get:10 http://127.0.0.1:12990/debian sid/main amd64 sensible-utils all 0.0.12+nmu1 [16.0 kB]
Get:11 http://127.0.0.1:12990/debian sid/main amd64 libmagic-mgc amd64 1:5.38-4 [262 kB]
Get:12 http://127.0.0.1:12990/debian sid/main amd64 libmagic1 amd64 1:5.38-4 [120 kB]
Get:13 http://127.0.0.1:12990/debian sid/main amd64 file amd64 1:5.38-4 [67.9 kB]
Get:14 http://127.0.0.1:12990/debian sid/main amd64 gettext-base amd64 0.19.8.1-10 [123 kB]
Get:15 http://127.0.0.1:12990/debian sid/main amd64 libsigsegv2 amd64 2.12-2 [32.8 kB]
Get:16 http://127.0.0.1:12990/debian sid/main amd64 m4 amd64 1.4.18-4 [203 kB]
Get:17 http://127.0.0.1:12990/debian sid/main amd64 autoconf all 2.69-11.1 [341 kB]
Get:18 http://127.0.0.1:12990/debian sid/main amd64 autotools-dev all 20180224.1 [77.0 kB]
Get:19 http://127.0.0.1:12990/debian sid/main amd64 automake all 1:1.16.1-4 [771 kB]
Get:20 http://127.0.0.1:12990/debian sid/main amd64 autopoint all 0.19.8.1-10 [435 kB]
Get:21 http://127.0.0.1:12990/debian sid/main amd64 cmake-data all 3.16.3-1 [1628 kB]
Get:22 http://127.0.0.1:12990/debian sid/main amd64 libicu63 amd64 63.2-2 [8301 kB]
Get:23 http://127.0.0.1:12990/debian sid/main amd64 libxml2 amd64 2.9.10+dfsg-3 [709 kB]
Get:24 http://127.0.0.1:12990/debian sid/main amd64 libarchive13 amd64 3.4.0-1+b1 [335 kB]
Get:25 http://127.0.0.1:12990/debian sid/main amd64 libbrotli1 amd64 1.0.7-6 [266 kB]
Get:26 http://127.0.0.1:12990/debian sid/main amd64 libkeyutils1 amd64 1.6.1-2 [15.4 kB]
Get:27 http://127.0.0.1:12990/debian sid/main amd64 libkrb5support0 amd64 1.17-6 [64.6 kB]
Get:28 http://127.0.0.1:12990/debian sid/main amd64 libk5crypto3 amd64 1.17-6 [116 kB]
Get:29 http://127.0.0.1:12990/debian sid/main amd64 libssl1.1 amd64 1.1.1d-2 [1540 kB]
Get:30 http://127.0.0.1:12990/debian sid/main amd64 libkrb5-3 amd64 1.17-6 [366 kB]
Get:31 http://127.0.0.1:12990/debian sid/main amd64 libgssapi-krb5-2 amd64 1.17-6 [156 kB]
Get:32 http://127.0.0.1:12990/debian sid/main amd64 libsasl2-modules-db amd64 2.1.27+dfsg-2 [69.0 kB]
Get:33 http://127.0.0.1:12990/debian sid/main amd64 libsasl2-2 amd64 2.1.27+dfsg-2 [106 kB]
Get:34 http://127.0.0.1:12990/debian sid/main amd64 libldap-common all 2.4.49+dfsg-1 [91.9 kB]
Get:35 http://127.0.0.1:12990/debian sid/main amd64 libldap-2.4-2 amd64 2.4.49+dfsg-1 [226 kB]
Get:36 http://127.0.0.1:12990/debian sid/main amd64 libnghttp2-14 amd64 1.40.0-1 [85.0 kB]
Get:37 http://127.0.0.1:12990/debian sid/main amd64 libpsl5 amd64 0.20.2-2 [53.7 kB]
Get:38 http://127.0.0.1:12990/debian sid/main amd64 librtmp1 amd64 2.4+20151223.gitfa8646d.1-2+b1 [60.8 kB]
Get:39 http://127.0.0.1:12990/debian sid/main amd64 libssh2-1 amd64 1.8.0-2.1 [140 kB]
Get:40 http://127.0.0.1:12990/debian sid/main amd64 libcurl4 amd64 7.68.0-1 [321 kB]
Get:41 http://127.0.0.1:12990/debian sid/main amd64 libexpat1 amd64 2.2.9-1 [94.3 kB]
Get:42 http://127.0.0.1:12990/debian sid/main amd64 libjsoncpp1 amd64 1.7.4-3.1 [77.6 kB]
Get:43 http://127.0.0.1:12990/debian sid/main amd64 librhash0 amd64 1.3.9-1 [123 kB]
Get:44 http://127.0.0.1:12990/debian sid/main amd64 libuv1 amd64 1.34.2-1 [127 kB]
Get:45 http://127.0.0.1:12990/debian sid/main amd64 cmake amd64 3.16.3-1 [3673 kB]
Get:46 http://127.0.0.1:12990/debian sid/main amd64 libtool all 2.4.6-13 [513 kB]
Get:47 http://127.0.0.1:12990/debian sid/main amd64 dh-autoreconf all 19 [16.9 kB]
Get:48 http://127.0.0.1:12990/debian sid/main amd64 libdebhelper-perl all 12.9 [183 kB]
Get:49 http://127.0.0.1:12990/debian sid/main amd64 libarchive-zip-perl all 1.67-1 [104 kB]
Get:50 http://127.0.0.1:12990/debian sid/main amd64 libsub-override-perl all 0.09-2 [10.2 kB]
Get:51 http://127.0.0.1:12990/debian sid/main amd64 libfile-stripnondeterminism-perl all 1.6.3-2 [23.7 kB]
Get:52 http://127.0.0.1:12990/debian sid/main amd64 dh-strip-nondeterminism all 1.6.3-2 [14.7 kB]
Get:53 http://127.0.0.1:12990/debian sid/main amd64 libelf1 amd64 0.176-1.1 [161 kB]
Get:54 http://127.0.0.1:12990/debian sid/main amd64 dwz amd64 0.13-5 [151 kB]
Get:55 http://127.0.0.1:12990/debian sid/main amd64 libglib2.0-0 amd64 2.62.4-2 [1319 kB]
Get:56 http://127.0.0.1:12990/debian sid/main amd64 libcroco3 amd64 0.6.13-1 [146 kB]
Get:57 http://127.0.0.1:12990/debian sid/main amd64 gettext amd64 0.19.8.1-10 [1303 kB]
Get:58 http://127.0.0.1:12990/debian sid/main amd64 intltool-debian all 0.35.0+20060710.5 [26.8 kB]
Get:59 http://127.0.0.1:12990/debian sid/main amd64 po-debconf all 1.0.21 [248 kB]
Get:60 http://127.0.0.1:12990/debian sid/main amd64 debhelper all 12.9 [994 kB]
Get:61 http://127.0.0.1:12990/debian sid/main amd64 googletest all 1.10.0-2 [626 kB]
Get:62 http://127.0.0.1:12990/debian sid/main amd64 libbenchmark1 amd64 1.5.0-4 [111 kB]
Get:63 http://127.0.0.1:12990/debian sid/main amd64 libbenchmark-dev amd64 1.5.0-4 [66.9 kB]
debconf: delaying package configuration, since apt-utils is not installed
Fetched 30.2 MB in 1s (59.9 MB/s)
Selecting previously unselected package bsdmainutils.
(Reading database ... 12960 files and directories currently installed.)
Preparing to unpack .../00-bsdmainutils_11.1.2+b1_amd64.deb ...
Unpacking bsdmainutils (11.1.2+b1) ...
Selecting previously unselected package libuchardet0:amd64.
Preparing to unpack .../01-libuchardet0_0.0.6-3_amd64.deb ...
Unpacking libuchardet0:amd64 (0.0.6-3) ...
Selecting previously unselected package groff-base.
Preparing to unpack .../02-groff-base_1.22.4-4_amd64.deb ...
Unpacking groff-base (1.22.4-4) ...
Selecting previously unselected package libpipeline1:amd64.
Preparing to unpack .../03-libpipeline1_1.5.2-2_amd64.deb ...
Unpacking libpipeline1:amd64 (1.5.2-2) ...
Selecting previously unselected package man-db.
Preparing to unpack .../04-man-db_2.9.0-2_amd64.deb ...
Unpacking man-db (2.9.0-2) ...
Selecting previously unselected package libncurses6:amd64.
Preparing to unpack .../05-libncurses6_6.1+20191019-1_amd64.deb ...
Unpacking libncurses6:amd64 (6.1+20191019-1) ...
Selecting previously unselected package libprocps8:amd64.
Preparing to unpack .../06-libprocps8_2%3a3.3.16-1+b1_amd64.deb ...
Unpacking libprocps8:amd64 (2:3.3.16-1+b1) ...
Selecting previously unselected package procps.
Preparing to unpack .../07-procps_2%3a3.3.16-1+b1_amd64.deb ...
Unpacking procps (2:3.3.16-1+b1) ...
Selecting previously unselected package sensible-utils.
Preparing to unpack .../08-sensible-utils_0.0.12+nmu1_all.deb ...
Unpacking sensible-utils (0.0.12+nmu1) ...
Selecting previously unselected package libmagic-mgc.
Preparing to unpack .../09-libmagic-mgc_1%3a5.38-4_amd64.deb ...
Unpacking libmagic-mgc (1:5.38-4) ...
Selecting previously unselected package libmagic1:amd64.
Preparing to unpack .../10-libmagic1_1%3a5.38-4_amd64.deb ...
Unpacking libmagic1:amd64 (1:5.38-4) ...
Selecting previously unselected package file.
Preparing to unpack .../11-file_1%3a5.38-4_amd64.deb ...
Unpacking file (1:5.38-4) ...
Selecting previously unselected package gettext-base.
Preparing to unpack .../12-gettext-base_0.19.8.1-10_amd64.deb ...
Unpacking gettext-base (0.19.8.1-10) ...
Selecting previously unselected package libsigsegv2:amd64.
Preparing to unpack .../13-libsigsegv2_2.12-2_amd64.deb ...
Unpacking libsigsegv2:amd64 (2.12-2) ...
Selecting previously unselected package m4.
Preparing to unpack .../14-m4_1.4.18-4_amd64.deb ...
Unpacking m4 (1.4.18-4) ...
Selecting previously unselected package autoconf.
Preparing to unpack .../15-autoconf_2.69-11.1_all.deb ...
Unpacking autoconf (2.69-11.1) ...
Selecting previously unselected package autotools-dev.
Preparing to unpack .../16-autotools-dev_20180224.1_all.deb ...
Unpacking autotools-dev (20180224.1) ...
Selecting previously unselected package automake.
Preparing to unpack .../17-automake_1%3a1.16.1-4_all.deb ...
Unpacking automake (1:1.16.1-4) ...
Selecting previously unselected package autopoint.
Preparing to unpack .../18-autopoint_0.19.8.1-10_all.deb ...
Unpacking autopoint (0.19.8.1-10) ...
Selecting previously unselected package cmake-data.
Preparing to unpack .../19-cmake-data_3.16.3-1_all.deb ...
Unpacking cmake-data (3.16.3-1) ...
Selecting previously unselected package libicu63:amd64.
Preparing to unpack .../20-libicu63_63.2-2_amd64.deb ...
Unpacking libicu63:amd64 (63.2-2) ...
Selecting previously unselected package libxml2:amd64.
Preparing to unpack .../21-libxml2_2.9.10+dfsg-3_amd64.deb ...
Unpacking libxml2:amd64 (2.9.10+dfsg-3) ...
Selecting previously unselected package libarchive13:amd64.
Preparing to unpack .../22-libarchive13_3.4.0-1+b1_amd64.deb ...
Unpacking libarchive13:amd64 (3.4.0-1+b1) ...
Selecting previously unselected package libbrotli1:amd64.
Preparing to unpack .../23-libbrotli1_1.0.7-6_amd64.deb ...
Unpacking libbrotli1:amd64 (1.0.7-6) ...
Selecting previously unselected package libkeyutils1:amd64.
Preparing to unpack .../24-libkeyutils1_1.6.1-2_amd64.deb ...
Unpacking libkeyutils1:amd64 (1.6.1-2) ...
Selecting previously unselected package libkrb5support0:amd64.
Preparing to unpack .../25-libkrb5support0_1.17-6_amd64.deb ...
Unpacking libkrb5support0:amd64 (1.17-6) ...
Selecting previously unselected package libk5crypto3:amd64.
Preparing to unpack .../26-libk5crypto3_1.17-6_amd64.deb ...
Unpacking libk5crypto3:amd64 (1.17-6) ...
Selecting previously unselected package libssl1.1:amd64.
Preparing to unpack .../27-libssl1.1_1.1.1d-2_amd64.deb ...
Unpacking libssl1.1:amd64 (1.1.1d-2) ...
Selecting previously unselected package libkrb5-3:amd64.
Preparing to unpack .../28-libkrb5-3_1.17-6_amd64.deb ...
Unpacking libkrb5-3:amd64 (1.17-6) ...
Selecting previously unselected package libgssapi-krb5-2:amd64.
Preparing to unpack .../29-libgssapi-krb5-2_1.17-6_amd64.deb ...
Unpacking libgssapi-krb5-2:amd64 (1.17-6) ...
Selecting previously unselected package libsasl2-modules-db:amd64.
Preparing to unpack .../30-libsasl2-modules-db_2.1.27+dfsg-2_amd64.deb ...
Unpacking libsasl2-modules-db:amd64 (2.1.27+dfsg-2) ...
Selecting previously unselected package libsasl2-2:amd64.
Preparing to unpack .../31-libsasl2-2_2.1.27+dfsg-2_amd64.deb ...
Unpacking libsasl2-2:amd64 (2.1.27+dfsg-2) ...
Selecting previously unselected package libldap-common.
Preparing to unpack .../32-libldap-common_2.4.49+dfsg-1_all.deb ...
Unpacking libldap-common (2.4.49+dfsg-1) ...
Selecting previously unselected package libldap-2.4-2:amd64.
Preparing to unpack .../33-libldap-2.4-2_2.4.49+dfsg-1_amd64.deb ...
Unpacking libldap-2.4-2:amd64 (2.4.49+dfsg-1) ...
Selecting previously unselected package libnghttp2-14:amd64.
Preparing to unpack .../34-libnghttp2-14_1.40.0-1_amd64.deb ...
Unpacking libnghttp2-14:amd64 (1.40.0-1) ...
Selecting previously unselected package libpsl5:amd64.
Preparing to unpack .../35-libpsl5_0.20.2-2_amd64.deb ...
Unpacking libpsl5:amd64 (0.20.2-2) ...
Selecting previously unselected package librtmp1:amd64.
Preparing to unpack .../36-librtmp1_2.4+20151223.gitfa8646d.1-2+b1_amd64.deb ...
Unpacking librtmp1:amd64 (2.4+20151223.gitfa8646d.1-2+b1) ...
Selecting previously unselected package libssh2-1:amd64.
Preparing to unpack .../37-libssh2-1_1.8.0-2.1_amd64.deb ...
Unpacking libssh2-1:amd64 (1.8.0-2.1) ...
Selecting previously unselected package libcurl4:amd64.
Preparing to unpack .../38-libcurl4_7.68.0-1_amd64.deb ...
Unpacking libcurl4:amd64 (7.68.0-1) ...
Selecting previously unselected package libexpat1:amd64.
Preparing to unpack .../39-libexpat1_2.2.9-1_amd64.deb ...
Unpacking libexpat1:amd64 (2.2.9-1) ...
Selecting previously unselected package libjsoncpp1:amd64.
Preparing to unpack .../40-libjsoncpp1_1.7.4-3.1_amd64.deb ...
Unpacking libjsoncpp1:amd64 (1.7.4-3.1) ...
Selecting previously unselected package librhash0:amd64.
Preparing to unpack .../41-librhash0_1.3.9-1_amd64.deb ...
Unpacking librhash0:amd64 (1.3.9-1) ...
Selecting previously unselected package libuv1:amd64.
Preparing to unpack .../42-libuv1_1.34.2-1_amd64.deb ...
Unpacking libuv1:amd64 (1.34.2-1) ...
Selecting previously unselected package cmake.
Preparing to unpack .../43-cmake_3.16.3-1_amd64.deb ...
Unpacking cmake (3.16.3-1) ...
Selecting previously unselected package libtool.
Preparing to unpack .../44-libtool_2.4.6-13_all.deb ...
Unpacking libtool (2.4.6-13) ...
Selecting previously unselected package dh-autoreconf.
Preparing to unpack .../45-dh-autoreconf_19_all.deb ...
Unpacking dh-autoreconf (19) ...
Selecting previously unselected package libdebhelper-perl.
Preparing to unpack .../46-libdebhelper-perl_12.9_all.deb ...
Unpacking libdebhelper-perl (12.9) ...
Selecting previously unselected package libarchive-zip-perl.
Preparing to unpack .../47-libarchive-zip-perl_1.67-1_all.deb ...
Unpacking libarchive-zip-perl (1.67-1) ...
Selecting previously unselected package libsub-override-perl.
Preparing to unpack .../48-libsub-override-perl_0.09-2_all.deb ...
Unpacking libsub-override-perl (0.09-2) ...
Selecting previously unselected package libfile-stripnondeterminism-perl.
Preparing to unpack .../49-libfile-stripnondeterminism-perl_1.6.3-2_all.deb ...
Unpacking libfile-stripnondeterminism-perl (1.6.3-2) ...
Selecting previously unselected package dh-strip-nondeterminism.
Preparing to unpack .../50-dh-strip-nondeterminism_1.6.3-2_all.deb ...
Unpacking dh-strip-nondeterminism (1.6.3-2) ...
Selecting previously unselected package libelf1:amd64.
Preparing to unpack .../51-libelf1_0.176-1.1_amd64.deb ...
Unpacking libelf1:amd64 (0.176-1.1) ...
Selecting previously unselected package dwz.
Preparing to unpack .../52-dwz_0.13-5_amd64.deb ...
Unpacking dwz (0.13-5) ...
Selecting previously unselected package libglib2.0-0:amd64.
Preparing to unpack .../53-libglib2.0-0_2.62.4-2_amd64.deb ...
Unpacking libglib2.0-0:amd64 (2.62.4-2) ...
Selecting previously unselected package libcroco3:amd64.
Preparing to unpack .../54-libcroco3_0.6.13-1_amd64.deb ...
Unpacking libcroco3:amd64 (0.6.13-1) ...
Selecting previously unselected package gettext.
Preparing to unpack .../55-gettext_0.19.8.1-10_amd64.deb ...
Unpacking gettext (0.19.8.1-10) ...
Selecting previously unselected package intltool-debian.
Preparing to unpack .../56-intltool-debian_0.35.0+20060710.5_all.deb ...
Unpacking intltool-debian (0.35.0+20060710.5) ...
Selecting previously unselected package po-debconf.
Preparing to unpack .../57-po-debconf_1.0.21_all.deb ...
Unpacking po-debconf (1.0.21) ...
Selecting previously unselected package debhelper.
Preparing to unpack .../58-debhelper_12.9_all.deb ...
Unpacking debhelper (12.9) ...
Selecting previously unselected package googletest.
Preparing to unpack .../59-googletest_1.10.0-2_all.deb ...
Unpacking googletest (1.10.0-2) ...
Selecting previously unselected package libbenchmark1:amd64.
Preparing to unpack .../60-libbenchmark1_1.5.0-4_amd64.deb ...
Unpacking libbenchmark1:amd64 (1.5.0-4) ...
Selecting previously unselected package libbenchmark-dev.
Preparing to unpack .../61-libbenchmark-dev_1.5.0-4_amd64.deb ...
Unpacking libbenchmark-dev (1.5.0-4) ...
Selecting previously unselected package sbuild-build-depends-main-dummy.
Preparing to unpack .../62-sbuild-build-depends-main-dummy_0.invalid.0_amd64.deb ...
Unpacking sbuild-build-depends-main-dummy (0.invalid.0) ...
Setting up libexpat1:amd64 (2.2.9-1) ...
Setting up libpipeline1:amd64 (1.5.2-2) ...
Setting up libkeyutils1:amd64 (1.6.1-2) ...
Setting up libpsl5:amd64 (0.20.2-2) ...
Setting up libmagic-mgc (1:5.38-4) ...
Setting up libarchive-zip-perl (1.67-1) ...
Setting up libglib2.0-0:amd64 (2.62.4-2) ...
No schema files found: doing nothing.
Setting up libssl1.1:amd64 (1.1.1d-2) ...
Setting up libdebhelper-perl (12.9) ...
Setting up libbrotli1:amd64 (1.0.7-6) ...
Setting up libbenchmark1:amd64 (1.5.0-4) ...
Setting up libnghttp2-14:amd64 (1.40.0-1) ...
Setting up libmagic1:amd64 (1:5.38-4) ...
Setting up gettext-base (0.19.8.1-10) ...
Setting up file (1:5.38-4) ...
Setting up libldap-common (2.4.49+dfsg-1) ...
Setting up googletest (1.10.0-2) ...
Setting up libicu63:amd64 (63.2-2) ...
Setting up libkrb5support0:amd64 (1.17-6) ...
Setting up libsasl2-modules-db:amd64 (2.1.27+dfsg-2) ...
Setting up autotools-dev (20180224.1) ...
Setting up libuv1:amd64 (1.34.2-1) ...
Setting up librtmp1:amd64 (2.4+20151223.gitfa8646d.1-2+b1) ...
Setting up libncurses6:amd64 (6.1+20191019-1) ...
Setting up libsigsegv2:amd64 (2.12-2) ...
Setting up bsdmainutils (11.1.2+b1) ...
update-alternatives: using /usr/bin/bsd-write to provide /usr/bin/write (write) in auto mode
update-alternatives: using /usr/bin/bsd-from to provide /usr/bin/from (from) in auto mode
Setting up autopoint (0.19.8.1-10) ...
Setting up libk5crypto3:amd64 (1.17-6) ...
Setting up libsasl2-2:amd64 (2.1.27+dfsg-2) ...
Setting up sensible-utils (0.0.12+nmu1) ...
Setting up librhash0:amd64 (1.3.9-1) ...
Setting up libuchardet0:amd64 (0.0.6-3) ...
Setting up libsub-override-perl (0.09-2) ...
Setting up libssh2-1:amd64 (1.8.0-2.1) ...
Setting up cmake-data (3.16.3-1) ...
Setting up libkrb5-3:amd64 (1.17-6) ...
Setting up libelf1:amd64 (0.176-1.1) ...
Setting up libxml2:amd64 (2.9.10+dfsg-3) ...
Setting up libprocps8:amd64 (2:3.3.16-1+b1) ...
Setting up libjsoncpp1:amd64 (1.7.4-3.1) ...
Setting up libfile-stripnondeterminism-perl (1.6.3-2) ...
Setting up libtool (2.4.6-13) ...
Setting up libarchive13:amd64 (3.4.0-1+b1) ...
Setting up libbenchmark-dev (1.5.0-4) ...
Setting up libldap-2.4-2:amd64 (2.4.49+dfsg-1) ...
Setting up m4 (1.4.18-4) ...
Setting up libgssapi-krb5-2:amd64 (1.17-6) ...
Setting up libcroco3:amd64 (0.6.13-1) ...
Setting up autoconf (2.69-11.1) ...
Setting up dh-strip-nondeterminism (1.6.3-2) ...
Setting up dwz (0.13-5) ...
Setting up groff-base (1.22.4-4) ...
Setting up procps (2:3.3.16-1+b1) ...
update-alternatives: using /usr/bin/w.procps to provide /usr/bin/w (w) in auto mode
Setting up libcurl4:amd64 (7.68.0-1) ...
Setting up automake (1:1.16.1-4) ...
update-alternatives: using /usr/bin/automake-1.16 to provide /usr/bin/automake (automake) in auto mode
Setting up gettext (0.19.8.1-10) ...
Setting up man-db (2.9.0-2) ...
Not building database; man-db/auto-update is not 'true'.
Setting up intltool-debian (0.35.0+20060710.5) ...
Setting up cmake (3.16.3-1) ...
Setting up po-debconf (1.0.21) ...
Setting up dh-autoreconf (19) ...
Setting up debhelper (12.9) ...
Setting up sbuild-build-depends-main-dummy (0.invalid.0) ...
Processing triggers for libc-bin (2.29-10) ...

+------------------------------------------------------------------------------+
| Check architectures                                                          |
+------------------------------------------------------------------------------+

Arch check ok (amd64 included in any all)

+------------------------------------------------------------------------------+
| Build environment                                                            |
+------------------------------------------------------------------------------+

Kernel: Linux 4.19.0-6-cloud-amd64 #1 SMP Debian 4.19.67-2+deb10u2 (2019-11-11) amd64 (x86_64)
Toolchain package versions: binutils_2.34-3 dpkg-dev_1.19.7 g++-9_9.2.1-29 gcc-9_9.2.1-29 libc6-dev_2.29-10 libstdc++-9-dev_9.2.1-29 libstdc++6_10-20200222-1 linux-libc-dev_5.4.19-1
Package versions: adduser_3.118 apt_1.8.4 autoconf_2.69-11.1 automake_1:1.16.1-4 autopoint_0.19.8.1-10 autotools-dev_20180224.1 base-files_11 base-passwd_3.5.47 bash_5.0-5 binutils_2.34-3 binutils-common_2.34-3 binutils-x86-64-linux-gnu_2.34-3 bsdmainutils_11.1.2+b1 bsdutils_1:2.34-0.1 build-essential_12.8 bzip2_1.0.8-2 clang-10_1:10.0.0~+rc2-1 cmake_3.16.3-1 cmake-data_3.16.3-1 coreutils_8.30-3+b1 cpp_4:9.2.1-3.1 cpp-9_9.2.1-29 dash_0.5.10.2-6 debconf_1.5.73 debhelper_12.9 debian-archive-keyring_2019.1 debianutils_4.9.1 dh-autoreconf_19 dh-strip-nondeterminism_1.6.3-2 diffutils_1:3.7-3 dpkg_1.19.7 dpkg-dev_1.19.7 dwz_0.13-5 e2fsprogs_1.45.5-2 fakeroot_1.24-1 fdisk_2.34-0.1 file_1:5.38-4 findutils_4.7.0-1 g++_4:9.2.1-3.1 g++-9_9.2.1-29 gcc_4:9.2.1-3.1 gcc-10-base_10-20200222-1 gcc-9_9.2.1-29 gcc-9-base_9.2.1-29 gettext_0.19.8.1-10 gettext-base_0.19.8.1-10 googletest_1.10.0-2 gpgv_2.2.19-1 grep_3.4-1 groff-base_1.22.4-4 gzip_1.9-3+b1 hostname_3.23 init-system-helpers_1.57 intltool-debian_0.35.0+20060710.5 lib32gcc-s1_10-20200222-1 lib32gcc1_1:10-20200222-1 lib32stdc++6_10-20200222-1 libacl1_2.2.53-5 libapt-pkg5.0_1.8.4 libarchive-zip-perl_1.67-1 libarchive13_3.4.0-1+b1 libasan5_9.2.1-29 libatomic1_10-20200222-1 libattr1_1:2.4.48-5 libaudit-common_1:2.8.5-2 libaudit1_1:2.8.5-2+b1 libbenchmark-dev_1.5.0-4 libbenchmark1_1.5.0-4 libbinutils_2.34-3 libblkid1_2.34-0.1 libbrotli1_1.0.7-6 libbsd0_0.10.0-1 libbz2-1.0_1.0.8-2 libc-bin_2.29-10 libc-dev-bin_2.29-10 libc6_2.29-10 libc6-dev_2.29-10 libc6-i386_2.29-10 libcap-ng0_0.7.9-2.1+b1 libcc1-0_10-20200222-1 libclang-common-10-dev_1:10.0.0~+rc2-1 libclang-cpp10_1:10.0.0~+rc2-1 libclang1-10_1:10.0.0~+rc2-1 libcom-err2_1.45.5-2 libcroco3_0.6.13-1 libcrypt-dev_1:4.4.10-10 libcrypt1_1:4.4.10-10 libctf-nobfd0_2.34-3 libctf0_2.34-3 libcurl4_7.68.0-1 libdb5.3_5.3.28+dfsg1-0.6 libdebconfclient0_0.251 libdebhelper-perl_12.9 libdpkg-perl_1.19.7 libedit2_3.1-20191231-1 libelf1_0.176-1.1 libexpat1_2.2.9-1 libext2fs2_1.45.5-2 libfakeroot_1.24-1 libfdisk1_2.34-0.1 libffi7_3.3-3 libfile-stripnondeterminism-perl_1.6.3-2 libgc1c2_1:7.6.4-0.4 libgcc-9-dev_9.2.1-29 libgcc-s1_10-20200222-1 libgcc1_1:10-20200222-1 libgcrypt20_1.8.5-5 libgdbm-compat4_1.18.1-5 libgdbm6_1.18.1-5 libglib2.0-0_2.62.4-2 libgmp10_2:6.2.0+dfsg-4 libgnutls30_3.6.12-2 libgomp1_10-20200222-1 libgpg-error0_1.37-1 libgssapi-krb5-2_1.17-6 libhogweed5_3.5.1+really3.5.1-2 libicu63_63.2-2 libidn2-0_2.2.0-2 libisl22_0.22.1-1 libitm1_10-20200222-1 libjsoncpp1_1.7.4-3.1 libk5crypto3_1.17-6 libkeyutils1_1.6.1-2 libkrb5-3_1.17-6 libkrb5support0_1.17-6 libldap-2.4-2_2.4.49+dfsg-1 libldap-common_2.4.49+dfsg-1 libllvm10_1:10.0.0~+rc2-1 liblsan0_10-20200222-1 liblz4-1_1.9.2-2 liblzma5_5.2.4-1+b1 libmagic-mgc_1:5.38-4 libmagic1_1:5.38-4 libmount1_2.34-0.1 libmpc3_1.1.0-1 libmpfr6_4.0.2-1 libncurses6_6.1+20191019-1 libncursesw6_6.1+20191019-1 libnettle7_3.5.1+really3.5.1-2 libnghttp2-14_1.40.0-1 libobjc-9-dev_9.2.1-29 libobjc4_10-20200222-1 libomp-10-dev_1:10.0.0~+rc2-1 libomp5-10_1:10.0.0~+rc2-1 libp11-kit0_0.23.20-1 libpam-modules_1.3.1-5 libpam-modules-bin_1.3.1-5 libpam-runtime_1.3.1-5 libpam0g_1.3.1-5 libpcre2-8-0_10.34-7 libpcre3_2:8.39-12+b1 libperl5.30_5.30.0-9 libpipeline1_1.5.2-2 libprocps8_2:3.3.16-1+b1 libpsl5_0.20.2-2 libquadmath0_10-20200222-1 librhash0_1.3.9-1 librtmp1_2.4+20151223.gitfa8646d.1-2+b1 libsasl2-2_2.1.27+dfsg-2 libsasl2-modules-db_2.1.27+dfsg-2 libseccomp2_2.4.2-2 libselinux1_3.0-1+b1 libsemanage-common_3.0-1 libsemanage1_3.0-1+b1 libsepol1_3.0-1 libsigsegv2_2.12-2 libsmartcols1_2.34-0.1 libss2_1.45.5-2 libssh2-1_1.8.0-2.1 libssl1.1_1.1.1d-2 libstdc++-9-dev_9.2.1-29 libstdc++6_10-20200222-1 libsub-override-perl_0.09-2 libsystemd0_244.3-1 libtasn1-6_4.16.0-2 libtinfo6_6.1+20191019-1 libtool_2.4.6-13 libtsan0_10-20200222-1 libubsan1_10-20200222-1 libuchardet0_0.0.6-3 libudev1_244.3-1 libunistring2_0.9.10-2 libuuid1_2.34-0.1 libuv1_1.34.2-1 libxml2_2.9.10+dfsg-3 libz3-4_4.8.7-4 libzstd1_1.4.4+dfsg-3 linux-libc-dev_5.4.19-1 login_1:4.8.1-1 logsave_1.45.5-2 lsb-base_11.1.0 m4_1.4.18-4 make_4.2.1-1.2 man-db_2.9.0-2 mawk_1.3.4.20200120-2 mount_2.34-0.1 ncurses-base_6.1+20191019-1 ncurses-bin_6.1+20191019-1 passwd_1:4.8.1-1 patch_2.7.6-6 perl_5.30.0-9 perl-base_5.30.0-9 perl-modules-5.30_5.30.0-9 po-debconf_1.0.21 procps_2:3.3.16-1+b1 sbuild-build-depends-main-dummy_0.invalid.0 sed_4.7-1 sensible-utils_0.0.12+nmu1 sysvinit-utils_2.96-2.1 tar_1.30+dfsg-6+b1 tzdata_2019c-3 util-linux_2.34-0.1 xz-utils_5.2.4-1+b1 zlib1g_1:1.2.11.dfsg-1.2

+------------------------------------------------------------------------------+
| Build                                                                        |
+------------------------------------------------------------------------------+


Unpack source
-------------

-----BEGIN PGP SIGNED MESSAGE-----
Hash: SHA512

Format: 3.0 (quilt)
Source: cctz
Binary: libcctz-dev, libcctz2, libcctz-doc
Architecture: any all
Version: 2.3+dfsg1-3
Maintainer: Debian Science Team <debian-science-maintainers@lists.alioth.debian.org>
Uploaders: Anton Gladky <gladk@debian.org>
Homepage: https://github.com/google/cctz
Standards-Version: 4.4.1
Vcs-Browser: https://salsa.debian.org/science-team/cctz
Vcs-Git: https://salsa.debian.org/science-team/cctz.git
Testsuite: autopkgtest
Testsuite-Triggers: build-essential
Build-Depends: cmake, debhelper-compat (= 12), googletest, libbenchmark-dev, tzdata
Package-List:
 libcctz-dev deb libdevel optional arch=any
 libcctz-doc deb doc optional arch=all
 libcctz2 deb libs optional arch=any
Checksums-Sha1:
 be2b3126d37f879035ebf2fe7a2ecdb142388958 74388 cctz_2.3+dfsg1.orig.tar.xz
 fe33cdd282608f98c0ff76a252625ef16ae2b70f 4188 cctz_2.3+dfsg1-3.debian.tar.xz
Checksums-Sha256:
 a18118decf34b3cd9a0ad4542d652fced9c1d55e908b52024e33ba50ddc3ed54 74388 cctz_2.3+dfsg1.orig.tar.xz
 d99e47ab9437a14a34999ccb90c5933af4c2740317d9531bedd90c814119995f 4188 cctz_2.3+dfsg1-3.debian.tar.xz
Files:
 1722d562c01f1caaf880d92ee5f9ef9e 74388 cctz_2.3+dfsg1.orig.tar.xz
 b736deb77b0b5c3f0fc6f920b2642909 4188 cctz_2.3+dfsg1-3.debian.tar.xz

-----BEGIN PGP SIGNATURE-----

iQIzBAEBCgAdFiEEu71F6oGKuG/2fnKF0+Fzg8+n/wYFAl4cwhsACgkQ0+Fzg8+n
/wbrlw//VXnQyy+LOARFiyVuKUPAUcH5GgApI6cnBOhB9JkXS5Ch7t1mNGJ/Acqz
fD4r0k55/geb6BA46s1j8/R3ekwecz+ZDKEUI9rLwfFVNO32LMcjhWuaGFDNMONn
okClvsrf8l7nrCleKsb9MXRx/0Y/j/l84GVwci/6dwJ7G0EQe/pmqPxNqD2JmZ9l
ueohHDZaIhqV+DlrVIDhk/o4tGddimwDV1M73Owd5iMT3R4O9L3rG+3yR5u/FZWA
euEkD6BdiLfWo1oM3IEmONCp72KSoFxnh17UUfDVohZP7VWDXJvnkQz3Xcz6tOl0
dl9QREG4RmqkKs+zIxApn/370CD6eDkWkD3+2X7ZcLqSwesew8sa8ZAtNirW2kZE
qkP7t3kJUkqfipJa+x21eUDh6fnc6XkqwNZnN6Jp71qM5AExeHpcXzBbg+qpVKAZ
DOWUhZ2UNpA4Ctb9uoDiSFH5xduuQpcJYrYx1xtc63QMbLy3qmaModPslKukZiNU
+NolSoIoWke1G1fA5Tu1tqSUIUP5BybfdReDq572D9qbWsj0OGROv8xdeZ7Ox9kY
QzU7Iz3hFzLCYcg11hbwmaqW/AvTzGhIc2szsCsY0RESZpck+1RJdLIxMb7PiHHS
TxNasgAllcW6UEjk/1dk4i/WvZHVdVN8bpizrsVJ3Mx7DQCRELA=
=JLIC
-----END PGP SIGNATURE-----

gpgv: unknown type of key resource 'trustedkeys.kbx'
gpgv: keyblock resource '/sbuild-nonexistent/.gnupg/trustedkeys.kbx': General error
gpgv: Signature made Mon Jan 13 19:16:43 2020 UTC
gpgv:                using RSA key BBBD45EA818AB86FF67E7285D3E17383CFA7FF06
gpgv: Can't check signature: No public key
dpkg-source: warning: failed to verify signature on ./cctz_2.3+dfsg1-3.dsc
dpkg-source: info: extracting cctz in /<<PKGBUILDDIR>>
dpkg-source: info: unpacking cctz_2.3+dfsg1.orig.tar.xz
dpkg-source: info: unpacking cctz_2.3+dfsg1-3.debian.tar.xz
dpkg-source: info: using patch list from debian/patches/series
dpkg-source: info: applying 0001-Compile-shared-lib-and-install-it.patch
dpkg-source: info: applying 0002-Enable-tests-for-Debian.patch
dpkg-source: info: applying use_system_zoneinfo.patch

Check disk space
----------------

Sufficient free space for build

User Environment
----------------

APT_CONFIG=/var/lib/sbuild/apt.conf
HOME=/sbuild-nonexistent
LANG=C.UTF-8
LC_ALL=C.UTF-8
LOGNAME=user42
PATH=/usr/local/sbin:/usr/local/bin:/usr/sbin:/usr/bin:/sbin:/bin:/usr/games
SCHROOT_ALIAS_NAME=unstable
SCHROOT_CHROOT_NAME=sid-amd64-sbuild
SCHROOT_COMMAND=env
SCHROOT_GID=1001
SCHROOT_GROUP=user42
SCHROOT_SESSION_ID=sid-amd64-sbuild-bb5431b6-2496-425a-abd4-7cd6cd50bae6
SCHROOT_UID=1001
SCHROOT_USER=user42
SHELL=/bin/sh
USER=user42

dpkg-buildpackage
-----------------

Command: dpkg-buildpackage -us -uc -b -rfakeroot
dpkg-buildpackage: info: source package cctz
dpkg-buildpackage: info: source version 2.3+dfsg1-3
dpkg-buildpackage: info: source distribution unstable
dpkg-buildpackage: info: source changed by Anton Gladky <gladk@debian.org>
 dpkg-source --before-build .
dpkg-buildpackage: info: host architecture amd64
 fakeroot debian/rules clean
dh clean --buildsystem=cmake
   dh_auto_clean -O--buildsystem=cmake
   dh_autoreconf_clean -O--buildsystem=cmake
   dh_clean -O--buildsystem=cmake
 debian/rules build
dh build --buildsystem=cmake
   dh_update_autotools_config -O--buildsystem=cmake
   dh_autoreconf -O--buildsystem=cmake
   debian/rules override_dh_auto_configure
make[1]: Entering directory '/<<PKGBUILDDIR>>'
dh_auto_configure -- -DVERSION="2.3+dfsg1" -DSOVERSION="2"
	cd obj-x86_64-linux-gnu && cmake -DCMAKE_INSTALL_PREFIX=/usr -DCMAKE_BUILD_TYPE=None -DCMAKE_INSTALL_SYSCONFDIR=/etc -DCMAKE_INSTALL_LOCALSTATEDIR=/var -DCMAKE_EXPORT_NO_PACKAGE_REGISTRY=ON -DCMAKE_FIND_PACKAGE_NO_PACKAGE_REGISTRY=ON -DCMAKE_INSTALL_RUNSTATEDIR=/run "-GUnix Makefiles" -DCMAKE_VERBOSE_MAKEFILE=ON -DCMAKE_INSTALL_LIBDIR=lib/x86_64-linux-gnu -DVERSION=2.3\+dfsg1 -DSOVERSION=2 ..
-- The C compiler identification is Clang 10.0.0
-- The CXX compiler identification is Clang 10.0.0
-- Check for working C compiler: /usr/bin/cc
-- Check for working C compiler: /usr/bin/cc -- works
-- Detecting C compiler ABI info
-- Detecting C compiler ABI info - done
-- Detecting C compile features
-- Detecting C compile features - done
-- Check for working CXX compiler: /usr/bin/c++
-- Check for working CXX compiler: /usr/bin/c++ -- works
-- Detecting CXX compiler ABI info
-- Detecting CXX compiler ABI info - done
-- Detecting CXX compile features
-- Detecting CXX compile features - done
-- Looking for pthread.h
-- Looking for pthread.h - found
-- Performing Test CMAKE_HAVE_LIBC_PTHREAD
-- Performing Test CMAKE_HAVE_LIBC_PTHREAD - Failed
-- Looking for pthread_create in pthreads
-- Looking for pthread_create in pthreads - not found
-- Looking for pthread_create in pthread
-- Looking for pthread_create in pthread - found
-- Found Threads: TRUE  
-- The following REQUIRED packages have been found:

 * benchmark, a microbenchmark support library, <https://github.com/google/benchmark>
 * Threads, the system thread library

-- Configuring done
-- Generating done
CMake Warning:
  Manually-specified variables were not used by the project:

    CMAKE_EXPORT_NO_PACKAGE_REGISTRY


-- Build files have been written to: /<<PKGBUILDDIR>>/obj-x86_64-linux-gnu
make[1]: Leaving directory '/<<PKGBUILDDIR>>'
   dh_auto_build -O--buildsystem=cmake
	cd obj-x86_64-linux-gnu && make -j4 "INSTALL=install --strip-program=true"
make[1]: Entering directory '/<<PKGBUILDDIR>>/obj-x86_64-linux-gnu'
/usr/bin/cmake -S/<<PKGBUILDDIR>> -B/<<PKGBUILDDIR>>/obj-x86_64-linux-gnu --check-build-system CMakeFiles/Makefile.cmake 0
/usr/bin/cmake -E cmake_progress_start /<<PKGBUILDDIR>>/obj-x86_64-linux-gnu/CMakeFiles /<<PKGBUILDDIR>>/obj-x86_64-linux-gnu/CMakeFiles/progress.marks
make -f CMakeFiles/Makefile2 all
make[2]: Entering directory '/<<PKGBUILDDIR>>/obj-x86_64-linux-gnu'
make -f CMakeFiles/cctz.dir/build.make CMakeFiles/cctz.dir/depend
make -f examples/CMakeFiles/classic.dir/build.make examples/CMakeFiles/classic.dir/depend
make[3]: Entering directory '/<<PKGBUILDDIR>>/obj-x86_64-linux-gnu'
cd /<<PKGBUILDDIR>>/obj-x86_64-linux-gnu && /usr/bin/cmake -E cmake_depends "Unix Makefiles" /<<PKGBUILDDIR>> /<<PKGBUILDDIR>> /<<PKGBUILDDIR>>/obj-x86_64-linux-gnu /<<PKGBUILDDIR>>/obj-x86_64-linux-gnu /<<PKGBUILDDIR>>/obj-x86_64-linux-gnu/CMakeFiles/cctz.dir/DependInfo.cmake --color=
Scanning dependencies of target cctz
make[3]: Entering directory '/<<PKGBUILDDIR>>/obj-x86_64-linux-gnu'
cd /<<PKGBUILDDIR>>/obj-x86_64-linux-gnu && /usr/bin/cmake -E cmake_depends "Unix Makefiles" /<<PKGBUILDDIR>> /<<PKGBUILDDIR>>/examples /<<PKGBUILDDIR>>/obj-x86_64-linux-gnu /<<PKGBUILDDIR>>/obj-x86_64-linux-gnu/examples /<<PKGBUILDDIR>>/obj-x86_64-linux-gnu/examples/CMakeFiles/classic.dir/DependInfo.cmake --color=
make[3]: Leaving directory '/<<PKGBUILDDIR>>/obj-x86_64-linux-gnu'
make -f CMakeFiles/cctz.dir/build.make CMakeFiles/cctz.dir/build
make[3]: Entering directory '/<<PKGBUILDDIR>>/obj-x86_64-linux-gnu'
Scanning dependencies of target classic
make[3]: Leaving directory '/<<PKGBUILDDIR>>/obj-x86_64-linux-gnu'
make -f examples/CMakeFiles/classic.dir/build.make examples/CMakeFiles/classic.dir/build
[  2%] Building CXX object CMakeFiles/cctz.dir/src/civil_time_detail.cc.o
/usr/bin/c++  -Dcctz_EXPORTS -I/usr/src/googletest/googlemock -I/usr/src/googletest/googlemock/include -I/usr/src/googletest/googletest -I/usr/src/googletest/googletest/include -I/<<PKGBUILDDIR>>/include  -g -O2 -fdebug-prefix-map=/<<PKGBUILDDIR>>=. -fstack-protector-strong -Wformat -Werror=format-security -Wdate-time -D_FORTIFY_SOURCE=2 -fPIC   -o CMakeFiles/cctz.dir/src/civil_time_detail.cc.o -c /<<PKGBUILDDIR>>/src/civil_time_detail.cc
make[3]: Entering directory '/<<PKGBUILDDIR>>/obj-x86_64-linux-gnu'
[  4%] Building CXX object CMakeFiles/cctz.dir/src/time_zone_fixed.cc.o
[  7%] Building CXX object CMakeFiles/cctz.dir/src/time_zone_format.cc.o
/usr/bin/c++  -Dcctz_EXPORTS -I/usr/src/googletest/googlemock -I/usr/src/googletest/googlemock/include -I/usr/src/googletest/googletest -I/usr/src/googletest/googletest/include -I/<<PKGBUILDDIR>>/include  -g -O2 -fdebug-prefix-map=/<<PKGBUILDDIR>>=. -fstack-protector-strong -Wformat -Werror=format-security -Wdate-time -D_FORTIFY_SOURCE=2 -fPIC   -o CMakeFiles/cctz.dir/src/time_zone_fixed.cc.o -c /<<PKGBUILDDIR>>/src/time_zone_fixed.cc
/usr/bin/c++  -Dcctz_EXPORTS -I/usr/src/googletest/googlemock -I/usr/src/googletest/googlemock/include -I/usr/src/googletest/googletest -I/usr/src/googletest/googletest/include -I/<<PKGBUILDDIR>>/include  -g -O2 -fdebug-prefix-map=/<<PKGBUILDDIR>>=. -fstack-protector-strong -Wformat -Werror=format-security -Wdate-time -D_FORTIFY_SOURCE=2 -fPIC   -o CMakeFiles/cctz.dir/src/time_zone_format.cc.o -c /<<PKGBUILDDIR>>/src/time_zone_format.cc
[  9%] Building CXX object examples/CMakeFiles/classic.dir/classic.cc.o
cd /<<PKGBUILDDIR>>/obj-x86_64-linux-gnu/examples && /usr/bin/c++   -I/usr/src/googletest/googlemock -I/usr/src/googletest/googlemock/include -I/usr/src/googletest/googletest -I/usr/src/googletest/googletest/include  -g -O2 -fdebug-prefix-map=/<<PKGBUILDDIR>>=. -fstack-protector-strong -Wformat -Werror=format-security -Wdate-time -D_FORTIFY_SOURCE=2   -o CMakeFiles/classic.dir/classic.cc.o -c /<<PKGBUILDDIR>>/examples/classic.cc
[ 12%] Linking CXX executable classic
cd /<<PKGBUILDDIR>>/obj-x86_64-linux-gnu/examples && /usr/bin/cmake -E cmake_link_script CMakeFiles/classic.dir/link.txt --verbose=1
/usr/bin/c++  -g -O2 -fdebug-prefix-map=/<<PKGBUILDDIR>>=. -fstack-protector-strong -Wformat -Werror=format-security -Wdate-time -D_FORTIFY_SOURCE=2  -Wl,-z,relro -Wl,-z,now -rdynamic CMakeFiles/classic.dir/classic.cc.o  -o classic 
[ 14%] Building CXX object CMakeFiles/cctz.dir/src/time_zone_if.cc.o
/usr/bin/c++  -Dcctz_EXPORTS -I/usr/src/googletest/googlemock -I/usr/src/googletest/googlemock/include -I/usr/src/googletest/googletest -I/usr/src/googletest/googletest/include -I/<<PKGBUILDDIR>>/include  -g -O2 -fdebug-prefix-map=/<<PKGBUILDDIR>>=. -fstack-protector-strong -Wformat -Werror=format-security -Wdate-time -D_FORTIFY_SOURCE=2 -fPIC   -o CMakeFiles/cctz.dir/src/time_zone_if.cc.o -c /<<PKGBUILDDIR>>/src/time_zone_if.cc
make[3]: Leaving directory '/<<PKGBUILDDIR>>/obj-x86_64-linux-gnu'
[ 14%] Built target classic
[ 17%] Building CXX object CMakeFiles/cctz.dir/src/time_zone_impl.cc.o
/usr/bin/c++  -Dcctz_EXPORTS -I/usr/src/googletest/googlemock -I/usr/src/googletest/googlemock/include -I/usr/src/googletest/googletest -I/usr/src/googletest/googletest/include -I/<<PKGBUILDDIR>>/include  -g -O2 -fdebug-prefix-map=/<<PKGBUILDDIR>>=. -fstack-protector-strong -Wformat -Werror=format-security -Wdate-time -D_FORTIFY_SOURCE=2 -fPIC   -o CMakeFiles/cctz.dir/src/time_zone_impl.cc.o -c /<<PKGBUILDDIR>>/src/time_zone_impl.cc
[ 19%] Building CXX object CMakeFiles/cctz.dir/src/time_zone_info.cc.o
/usr/bin/c++  -Dcctz_EXPORTS -I/usr/src/googletest/googlemock -I/usr/src/googletest/googlemock/include -I/usr/src/googletest/googletest -I/usr/src/googletest/googletest/include -I/<<PKGBUILDDIR>>/include  -g -O2 -fdebug-prefix-map=/<<PKGBUILDDIR>>=. -fstack-protector-strong -Wformat -Werror=format-security -Wdate-time -D_FORTIFY_SOURCE=2 -fPIC   -o CMakeFiles/cctz.dir/src/time_zone_info.cc.o -c /<<PKGBUILDDIR>>/src/time_zone_info.cc
[ 21%] Building CXX object CMakeFiles/cctz.dir/src/time_zone_libc.cc.o
/usr/bin/c++  -Dcctz_EXPORTS -I/usr/src/googletest/googlemock -I/usr/src/googletest/googlemock/include -I/usr/src/googletest/googletest -I/usr/src/googletest/googletest/include -I/<<PKGBUILDDIR>>/include  -g -O2 -fdebug-prefix-map=/<<PKGBUILDDIR>>=. -fstack-protector-strong -Wformat -Werror=format-security -Wdate-time -D_FORTIFY_SOURCE=2 -fPIC   -o CMakeFiles/cctz.dir/src/time_zone_libc.cc.o -c /<<PKGBUILDDIR>>/src/time_zone_libc.cc
[ 24%] Building CXX object CMakeFiles/cctz.dir/src/time_zone_lookup.cc.o
/usr/bin/c++  -Dcctz_EXPORTS -I/usr/src/googletest/googlemock -I/usr/src/googletest/googlemock/include -I/usr/src/googletest/googletest -I/usr/src/googletest/googletest/include -I/<<PKGBUILDDIR>>/include  -g -O2 -fdebug-prefix-map=/<<PKGBUILDDIR>>=. -fstack-protector-strong -Wformat -Werror=format-security -Wdate-time -D_FORTIFY_SOURCE=2 -fPIC   -o CMakeFiles/cctz.dir/src/time_zone_lookup.cc.o -c /<<PKGBUILDDIR>>/src/time_zone_lookup.cc
[ 26%] Building CXX object CMakeFiles/cctz.dir/src/time_zone_posix.cc.o
/usr/bin/c++  -Dcctz_EXPORTS -I/usr/src/googletest/googlemock -I/usr/src/googletest/googlemock/include -I/usr/src/googletest/googletest -I/usr/src/googletest/googletest/include -I/<<PKGBUILDDIR>>/include  -g -O2 -fdebug-prefix-map=/<<PKGBUILDDIR>>=. -fstack-protector-strong -Wformat -Werror=format-security -Wdate-time -D_FORTIFY_SOURCE=2 -fPIC   -o CMakeFiles/cctz.dir/src/time_zone_posix.cc.o -c /<<PKGBUILDDIR>>/src/time_zone_posix.cc
[ 29%] Building CXX object CMakeFiles/cctz.dir/src/zone_info_source.cc.o
/usr/bin/c++  -Dcctz_EXPORTS -I/usr/src/googletest/googlemock -I/usr/src/googletest/googlemock/include -I/usr/src/googletest/googletest -I/usr/src/googletest/googletest/include -I/<<PKGBUILDDIR>>/include  -g -O2 -fdebug-prefix-map=/<<PKGBUILDDIR>>=. -fstack-protector-strong -Wformat -Werror=format-security -Wdate-time -D_FORTIFY_SOURCE=2 -fPIC   -o CMakeFiles/cctz.dir/src/zone_info_source.cc.o -c /<<PKGBUILDDIR>>/src/zone_info_source.cc
[ 31%] Linking CXX shared library libcctz.so
/usr/bin/cmake -E cmake_link_script CMakeFiles/cctz.dir/link.txt --verbose=1
/usr/bin/c++ -fPIC -g -O2 -fdebug-prefix-map=/<<PKGBUILDDIR>>=. -fstack-protector-strong -Wformat -Werror=format-security -Wdate-time -D_FORTIFY_SOURCE=2 -Wl,-z,relro -Wl,-z,now -shared -Wl,-soname,libcctz.so.2 -o libcctz.so.2.3+dfsg1 CMakeFiles/cctz.dir/src/civil_time_detail.cc.o CMakeFiles/cctz.dir/src/time_zone_fixed.cc.o CMakeFiles/cctz.dir/src/time_zone_format.cc.o CMakeFiles/cctz.dir/src/time_zone_if.cc.o CMakeFiles/cctz.dir/src/time_zone_impl.cc.o CMakeFiles/cctz.dir/src/time_zone_info.cc.o CMakeFiles/cctz.dir/src/time_zone_libc.cc.o CMakeFiles/cctz.dir/src/time_zone_lookup.cc.o CMakeFiles/cctz.dir/src/time_zone_posix.cc.o CMakeFiles/cctz.dir/src/zone_info_source.cc.o 
/usr/bin/cmake -E cmake_symlink_library libcctz.so.2.3+dfsg1 libcctz.so.2 libcctz.so
make[3]: Leaving directory '/<<PKGBUILDDIR>>/obj-x86_64-linux-gnu'
[ 31%] Built target cctz
make -f CMakeFiles/time_tool.dir/build.make CMakeFiles/time_tool.dir/depend
make -f CMakeFiles/cctz_benchmark.dir/build.make CMakeFiles/cctz_benchmark.dir/depend
make[3]: Entering directory '/<<PKGBUILDDIR>>/obj-x86_64-linux-gnu'
cd /<<PKGBUILDDIR>>/obj-x86_64-linux-gnu && /usr/bin/cmake -E cmake_depends "Unix Makefiles" /<<PKGBUILDDIR>> /<<PKGBUILDDIR>> /<<PKGBUILDDIR>>/obj-x86_64-linux-gnu /<<PKGBUILDDIR>>/obj-x86_64-linux-gnu /<<PKGBUILDDIR>>/obj-x86_64-linux-gnu/CMakeFiles/time_tool.dir/DependInfo.cmake --color=
make -f CMakeFiles/civil_time_test.dir/build.make CMakeFiles/civil_time_test.dir/depend
make[3]: Entering directory '/<<PKGBUILDDIR>>/obj-x86_64-linux-gnu'
cd /<<PKGBUILDDIR>>/obj-x86_64-linux-gnu && /usr/bin/cmake -E cmake_depends "Unix Makefiles" /<<PKGBUILDDIR>> /<<PKGBUILDDIR>> /<<PKGBUILDDIR>>/obj-x86_64-linux-gnu /<<PKGBUILDDIR>>/obj-x86_64-linux-gnu /<<PKGBUILDDIR>>/obj-x86_64-linux-gnu/CMakeFiles/cctz_benchmark.dir/DependInfo.cmake --color=
make -f CMakeFiles/time_zone_format_test.dir/build.make CMakeFiles/time_zone_format_test.dir/depend
make[3]: Entering directory '/<<PKGBUILDDIR>>/obj-x86_64-linux-gnu'
cd /<<PKGBUILDDIR>>/obj-x86_64-linux-gnu && /usr/bin/cmake -E cmake_depends "Unix Makefiles" /<<PKGBUILDDIR>> /<<PKGBUILDDIR>> /<<PKGBUILDDIR>>/obj-x86_64-linux-gnu /<<PKGBUILDDIR>>/obj-x86_64-linux-gnu /<<PKGBUILDDIR>>/obj-x86_64-linux-gnu/CMakeFiles/civil_time_test.dir/DependInfo.cmake --color=
make[3]: Entering directory '/<<PKGBUILDDIR>>/obj-x86_64-linux-gnu'
cd /<<PKGBUILDDIR>>/obj-x86_64-linux-gnu && /usr/bin/cmake -E cmake_depends "Unix Makefiles" /<<PKGBUILDDIR>> /<<PKGBUILDDIR>> /<<PKGBUILDDIR>>/obj-x86_64-linux-gnu /<<PKGBUILDDIR>>/obj-x86_64-linux-gnu /<<PKGBUILDDIR>>/obj-x86_64-linux-gnu/CMakeFiles/time_zone_format_test.dir/DependInfo.cmake --color=
Scanning dependencies of target time_tool
make[3]: Leaving directory '/<<PKGBUILDDIR>>/obj-x86_64-linux-gnu'
make -f CMakeFiles/time_tool.dir/build.make CMakeFiles/time_tool.dir/build
Scanning dependencies of target cctz_benchmark
make[3]: Leaving directory '/<<PKGBUILDDIR>>/obj-x86_64-linux-gnu'
make -f CMakeFiles/cctz_benchmark.dir/build.make CMakeFiles/cctz_benchmark.dir/build
make[3]: Entering directory '/<<PKGBUILDDIR>>/obj-x86_64-linux-gnu'
make[3]: Entering directory '/<<PKGBUILDDIR>>/obj-x86_64-linux-gnu'
Scanning dependencies of target civil_time_test
make[3]: Leaving directory '/<<PKGBUILDDIR>>/obj-x86_64-linux-gnu'
make -f CMakeFiles/civil_time_test.dir/build.make CMakeFiles/civil_time_test.dir/build
[ 34%] Building CXX object CMakeFiles/time_tool.dir/src/time_tool.cc.o
Scanning dependencies of target time_zone_format_test
/usr/bin/c++   -I/usr/src/googletest/googlemock -I/usr/src/googletest/googlemock/include -I/usr/src/googletest/googletest -I/usr/src/googletest/googletest/include -I/<<PKGBUILDDIR>>/include  -g -O2 -fdebug-prefix-map=/<<PKGBUILDDIR>>=. -fstack-protector-strong -Wformat -Werror=format-security -Wdate-time -D_FORTIFY_SOURCE=2   -o CMakeFiles/time_tool.dir/src/time_tool.cc.o -c /<<PKGBUILDDIR>>/src/time_tool.cc
make[3]: Leaving directory '/<<PKGBUILDDIR>>/obj-x86_64-linux-gnu'
make -f CMakeFiles/time_zone_format_test.dir/build.make CMakeFiles/time_zone_format_test.dir/build
make[3]: Entering directory '/<<PKGBUILDDIR>>/obj-x86_64-linux-gnu'
make[3]: Entering directory '/<<PKGBUILDDIR>>/obj-x86_64-linux-gnu'
[ 36%] Building CXX object CMakeFiles/cctz_benchmark.dir/src/cctz_benchmark.cc.o
/usr/bin/c++   -I/usr/src/googletest/googlemock -I/usr/src/googletest/googlemock/include -I/usr/src/googletest/googletest -I/usr/src/googletest/googletest/include -I/<<PKGBUILDDIR>>/include  -g -O2 -fdebug-prefix-map=/<<PKGBUILDDIR>>=. -fstack-protector-strong -Wformat -Werror=format-security -Wdate-time -D_FORTIFY_SOURCE=2   -o CMakeFiles/cctz_benchmark.dir/src/cctz_benchmark.cc.o -c /<<PKGBUILDDIR>>/src/cctz_benchmark.cc
[ 39%] Building CXX object CMakeFiles/civil_time_test.dir/src/civil_time_test.cc.o
/usr/bin/c++   -I/usr/src/googletest/googlemock -I/usr/src/googletest/googlemock/include -I/usr/src/googletest/googletest -I/usr/src/googletest/googletest/include -I/<<PKGBUILDDIR>>/include  -g -O2 -fdebug-prefix-map=/<<PKGBUILDDIR>>=. -fstack-protector-strong -Wformat -Werror=format-security -Wdate-time -D_FORTIFY_SOURCE=2   -o CMakeFiles/civil_time_test.dir/src/civil_time_test.cc.o -c /<<PKGBUILDDIR>>/src/civil_time_test.cc
[ 41%] Building CXX object CMakeFiles/time_zone_format_test.dir/src/time_zone_format_test.cc.o
/usr/bin/c++   -I/usr/src/googletest/googlemock -I/usr/src/googletest/googlemock/include -I/usr/src/googletest/googletest -I/usr/src/googletest/googletest/include -I/<<PKGBUILDDIR>>/include  -g -O2 -fdebug-prefix-map=/<<PKGBUILDDIR>>=. -fstack-protector-strong -Wformat -Werror=format-security -Wdate-time -D_FORTIFY_SOURCE=2   -o CMakeFiles/time_zone_format_test.dir/src/time_zone_format_test.cc.o -c /<<PKGBUILDDIR>>/src/time_zone_format_test.cc
[ 43%] Linking CXX executable time_tool
/usr/bin/cmake -E cmake_link_script CMakeFiles/time_tool.dir/link.txt --verbose=1
/usr/bin/c++  -g -O2 -fdebug-prefix-map=/<<PKGBUILDDIR>>=. -fstack-protector-strong -Wformat -Werror=format-security -Wdate-time -D_FORTIFY_SOURCE=2  -Wl,-z,relro -Wl,-z,now -rdynamic CMakeFiles/time_tool.dir/src/time_tool.cc.o  -o time_tool  -Wl,-rpath,/<<PKGBUILDDIR>>/obj-x86_64-linux-gnu: libcctz.so.2.3+dfsg1 
make[3]: Leaving directory '/<<PKGBUILDDIR>>/obj-x86_64-linux-gnu'
[ 43%] Built target time_tool
make -f CMakeFiles/time_zone_lookup_test.dir/build.make CMakeFiles/time_zone_lookup_test.dir/depend
make[3]: Entering directory '/<<PKGBUILDDIR>>/obj-x86_64-linux-gnu'
cd /<<PKGBUILDDIR>>/obj-x86_64-linux-gnu && /usr/bin/cmake -E cmake_depends "Unix Makefiles" /<<PKGBUILDDIR>> /<<PKGBUILDDIR>> /<<PKGBUILDDIR>>/obj-x86_64-linux-gnu /<<PKGBUILDDIR>>/obj-x86_64-linux-gnu /<<PKGBUILDDIR>>/obj-x86_64-linux-gnu/CMakeFiles/time_zone_lookup_test.dir/DependInfo.cmake --color=
Scanning dependencies of target time_zone_lookup_test
make[3]: Leaving directory '/<<PKGBUILDDIR>>/obj-x86_64-linux-gnu'
make -f CMakeFiles/time_zone_lookup_test.dir/build.make CMakeFiles/time_zone_lookup_test.dir/build
make[3]: Entering directory '/<<PKGBUILDDIR>>/obj-x86_64-linux-gnu'
[ 46%] Building CXX object CMakeFiles/time_zone_lookup_test.dir/src/time_zone_lookup_test.cc.o
[ 48%] Linking CXX executable cctz_benchmark
/usr/bin/cmake -E cmake_link_script CMakeFiles/cctz_benchmark.dir/link.txt --verbose=1
/usr/bin/c++   -I/usr/src/googletest/googlemock -I/usr/src/googletest/googlemock/include -I/usr/src/googletest/googletest -I/usr/src/googletest/googletest/include -I/<<PKGBUILDDIR>>/include  -g -O2 -fdebug-prefix-map=/<<PKGBUILDDIR>>=. -fstack-protector-strong -Wformat -Werror=format-security -Wdate-time -D_FORTIFY_SOURCE=2   -o CMakeFiles/time_zone_lookup_test.dir/src/time_zone_lookup_test.cc.o -c /<<PKGBUILDDIR>>/src/time_zone_lookup_test.cc
/usr/bin/c++  -g -O2 -fdebug-prefix-map=/<<PKGBUILDDIR>>=. -fstack-protector-strong -Wformat -Werror=format-security -Wdate-time -D_FORTIFY_SOURCE=2  -Wl,-z,relro -Wl,-z,now -rdynamic CMakeFiles/cctz_benchmark.dir/src/cctz_benchmark.cc.o  -o cctz_benchmark  -Wl,-rpath,/<<PKGBUILDDIR>>/obj-x86_64-linux-gnu libcctz.so.2.3+dfsg1 /usr/lib/x86_64-linux-gnu/libbenchmark_main.a /usr/lib/x86_64-linux-gnu/libbenchmark.so.1.5.0 -pthread -lrt 
make[3]: Leaving directory '/<<PKGBUILDDIR>>/obj-x86_64-linux-gnu'
[ 48%] Built target cctz_benchmark
[ 51%] Building CXX object CMakeFiles/time_zone_lookup_test.dir/usr/src/googletest/googletest/src/gtest_main.cc.o
/usr/bin/c++   -I/usr/src/googletest/googlemock -I/usr/src/googletest/googlemock/include -I/usr/src/googletest/googletest -I/usr/src/googletest/googletest/include -I/<<PKGBUILDDIR>>/include  -g -O2 -fdebug-prefix-map=/<<PKGBUILDDIR>>=. -fstack-protector-strong -Wformat -Werror=format-security -Wdate-time -D_FORTIFY_SOURCE=2   -o CMakeFiles/time_zone_lookup_test.dir/usr/src/googletest/googletest/src/gtest_main.cc.o -c /usr/src/googletest/googletest/src/gtest_main.cc
[ 53%] Building CXX object CMakeFiles/time_zone_lookup_test.dir/usr/src/googletest/googletest/src/gtest-all.cc.o
/usr/bin/c++   -I/usr/src/googletest/googlemock -I/usr/src/googletest/googlemock/include -I/usr/src/googletest/googletest -I/usr/src/googletest/googletest/include -I/<<PKGBUILDDIR>>/include  -g -O2 -fdebug-prefix-map=/<<PKGBUILDDIR>>=. -fstack-protector-strong -Wformat -Werror=format-security -Wdate-time -D_FORTIFY_SOURCE=2   -o CMakeFiles/time_zone_lookup_test.dir/usr/src/googletest/googletest/src/gtest-all.cc.o -c /usr/src/googletest/googletest/src/gtest-all.cc
[ 56%] Building CXX object CMakeFiles/civil_time_test.dir/usr/src/googletest/googletest/src/gtest_main.cc.o
/usr/bin/c++   -I/usr/src/googletest/googlemock -I/usr/src/googletest/googlemock/include -I/usr/src/googletest/googletest -I/usr/src/googletest/googletest/include -I/<<PKGBUILDDIR>>/include  -g -O2 -fdebug-prefix-map=/<<PKGBUILDDIR>>=. -fstack-protector-strong -Wformat -Werror=format-security -Wdate-time -D_FORTIFY_SOURCE=2   -o CMakeFiles/civil_time_test.dir/usr/src/googletest/googletest/src/gtest_main.cc.o -c /usr/src/googletest/googletest/src/gtest_main.cc
[ 58%] Building CXX object CMakeFiles/civil_time_test.dir/usr/src/googletest/googletest/src/gtest-all.cc.o
/usr/bin/c++   -I/usr/src/googletest/googlemock -I/usr/src/googletest/googlemock/include -I/usr/src/googletest/googletest -I/usr/src/googletest/googletest/include -I/<<PKGBUILDDIR>>/include  -g -O2 -fdebug-prefix-map=/<<PKGBUILDDIR>>=. -fstack-protector-strong -Wformat -Werror=format-security -Wdate-time -D_FORTIFY_SOURCE=2   -o CMakeFiles/civil_time_test.dir/usr/src/googletest/googletest/src/gtest-all.cc.o -c /usr/src/googletest/googletest/src/gtest-all.cc
make -f examples/CMakeFiles/hello.dir/build.make examples/CMakeFiles/hello.dir/depend
make[3]: Entering directory '/<<PKGBUILDDIR>>/obj-x86_64-linux-gnu'
cd /<<PKGBUILDDIR>>/obj-x86_64-linux-gnu && /usr/bin/cmake -E cmake_depends "Unix Makefiles" /<<PKGBUILDDIR>> /<<PKGBUILDDIR>>/examples /<<PKGBUILDDIR>>/obj-x86_64-linux-gnu /<<PKGBUILDDIR>>/obj-x86_64-linux-gnu/examples /<<PKGBUILDDIR>>/obj-x86_64-linux-gnu/examples/CMakeFiles/hello.dir/DependInfo.cmake --color=
Scanning dependencies of target hello
make[3]: Leaving directory '/<<PKGBUILDDIR>>/obj-x86_64-linux-gnu'
make -f examples/CMakeFiles/hello.dir/build.make examples/CMakeFiles/hello.dir/build
make[3]: Entering directory '/<<PKGBUILDDIR>>/obj-x86_64-linux-gnu'
[ 60%] Building CXX object examples/CMakeFiles/hello.dir/hello.cc.o
cd /<<PKGBUILDDIR>>/obj-x86_64-linux-gnu/examples && /usr/bin/c++   -I/usr/src/googletest/googlemock -I/usr/src/googletest/googlemock/include -I/usr/src/googletest/googletest -I/usr/src/googletest/googletest/include -I/<<PKGBUILDDIR>>/include  -g -O2 -fdebug-prefix-map=/<<PKGBUILDDIR>>=. -fstack-protector-strong -Wformat -Werror=format-security -Wdate-time -D_FORTIFY_SOURCE=2   -o CMakeFiles/hello.dir/hello.cc.o -c /<<PKGBUILDDIR>>/examples/hello.cc
[ 63%] Linking CXX executable hello
cd /<<PKGBUILDDIR>>/obj-x86_64-linux-gnu/examples && /usr/bin/cmake -E cmake_link_script CMakeFiles/hello.dir/link.txt --verbose=1
/usr/bin/c++  -g -O2 -fdebug-prefix-map=/<<PKGBUILDDIR>>=. -fstack-protector-strong -Wformat -Werror=format-security -Wdate-time -D_FORTIFY_SOURCE=2  -Wl,-z,relro -Wl,-z,now -rdynamic CMakeFiles/hello.dir/hello.cc.o  -o hello  -Wl,-rpath,/<<PKGBUILDDIR>>/obj-x86_64-linux-gnu ../libcctz.so.2.3+dfsg1 
make[3]: Leaving directory '/<<PKGBUILDDIR>>/obj-x86_64-linux-gnu'
[ 63%] Built target hello
make -f examples/CMakeFiles/example3.dir/build.make examples/CMakeFiles/example3.dir/depend
make[3]: Entering directory '/<<PKGBUILDDIR>>/obj-x86_64-linux-gnu'
cd /<<PKGBUILDDIR>>/obj-x86_64-linux-gnu && /usr/bin/cmake -E cmake_depends "Unix Makefiles" /<<PKGBUILDDIR>> /<<PKGBUILDDIR>>/examples /<<PKGBUILDDIR>>/obj-x86_64-linux-gnu /<<PKGBUILDDIR>>/obj-x86_64-linux-gnu/examples /<<PKGBUILDDIR>>/obj-x86_64-linux-gnu/examples/CMakeFiles/example3.dir/DependInfo.cmake --color=
Scanning dependencies of target example3
make[3]: Leaving directory '/<<PKGBUILDDIR>>/obj-x86_64-linux-gnu'
make -f examples/CMakeFiles/example3.dir/build.make examples/CMakeFiles/example3.dir/build
make[3]: Entering directory '/<<PKGBUILDDIR>>/obj-x86_64-linux-gnu'
[ 65%] Building CXX object examples/CMakeFiles/example3.dir/example3.cc.o
cd /<<PKGBUILDDIR>>/obj-x86_64-linux-gnu/examples && /usr/bin/c++   -I/usr/src/googletest/googlemock -I/usr/src/googletest/googlemock/include -I/usr/src/googletest/googletest -I/usr/src/googletest/googletest/include -I/<<PKGBUILDDIR>>/include  -g -O2 -fdebug-prefix-map=/<<PKGBUILDDIR>>=. -fstack-protector-strong -Wformat -Werror=format-security -Wdate-time -D_FORTIFY_SOURCE=2   -o CMakeFiles/example3.dir/example3.cc.o -c /<<PKGBUILDDIR>>/examples/example3.cc
[ 68%] Linking CXX executable time_zone_lookup_test
/usr/bin/cmake -E cmake_link_script CMakeFiles/time_zone_lookup_test.dir/link.txt --verbose=1
/usr/bin/c++  -g -O2 -fdebug-prefix-map=/<<PKGBUILDDIR>>=. -fstack-protector-strong -Wformat -Werror=format-security -Wdate-time -D_FORTIFY_SOURCE=2  -Wl,-z,relro -Wl,-z,now -rdynamic CMakeFiles/time_zone_lookup_test.dir/src/time_zone_lookup_test.cc.o CMakeFiles/time_zone_lookup_test.dir/usr/src/googletest/googletest/src/gtest_main.cc.o CMakeFiles/time_zone_lookup_test.dir/usr/src/googletest/googletest/src/gtest-all.cc.o  -o time_zone_lookup_test  -Wl,-rpath,/<<PKGBUILDDIR>>/obj-x86_64-linux-gnu libcctz.so.2.3+dfsg1 -lpthread 
[ 70%] Linking CXX executable example3
cd /<<PKGBUILDDIR>>/obj-x86_64-linux-gnu/examples && /usr/bin/cmake -E cmake_link_script CMakeFiles/example3.dir/link.txt --verbose=1
/usr/bin/c++  -g -O2 -fdebug-prefix-map=/<<PKGBUILDDIR>>=. -fstack-protector-strong -Wformat -Werror=format-security -Wdate-time -D_FORTIFY_SOURCE=2  -Wl,-z,relro -Wl,-z,now -rdynamic CMakeFiles/example3.dir/example3.cc.o  -o example3  -Wl,-rpath,/<<PKGBUILDDIR>>/obj-x86_64-linux-gnu ../libcctz.so.2.3+dfsg1 
make[3]: Leaving directory '/<<PKGBUILDDIR>>/obj-x86_64-linux-gnu'
make[3]: Leaving directory '/<<PKGBUILDDIR>>/obj-x86_64-linux-gnu'
[ 70%] Built target example3
make -f examples/CMakeFiles/epoch_shift.dir/build.make examples/CMakeFiles/epoch_shift.dir/depend
make[3]: Entering directory '/<<PKGBUILDDIR>>/obj-x86_64-linux-gnu'
cd /<<PKGBUILDDIR>>/obj-x86_64-linux-gnu && /usr/bin/cmake -E cmake_depends "Unix Makefiles" /<<PKGBUILDDIR>> /<<PKGBUILDDIR>>/examples /<<PKGBUILDDIR>>/obj-x86_64-linux-gnu /<<PKGBUILDDIR>>/obj-x86_64-linux-gnu/examples /<<PKGBUILDDIR>>/obj-x86_64-linux-gnu/examples/CMakeFiles/epoch_shift.dir/DependInfo.cmake --color=
Scanning dependencies of target epoch_shift
make[3]: Leaving directory '/<<PKGBUILDDIR>>/obj-x86_64-linux-gnu'
make -f examples/CMakeFiles/epoch_shift.dir/build.make examples/CMakeFiles/epoch_shift.dir/build
make[3]: Entering directory '/<<PKGBUILDDIR>>/obj-x86_64-linux-gnu'
[ 73%] Building CXX object examples/CMakeFiles/epoch_shift.dir/epoch_shift.cc.o
cd /<<PKGBUILDDIR>>/obj-x86_64-linux-gnu/examples && /usr/bin/c++   -I/usr/src/googletest/googlemock -I/usr/src/googletest/googlemock/include -I/usr/src/googletest/googletest -I/usr/src/googletest/googletest/include -I/<<PKGBUILDDIR>>/include  -g -O2 -fdebug-prefix-map=/<<PKGBUILDDIR>>=. -fstack-protector-strong -Wformat -Werror=format-security -Wdate-time -D_FORTIFY_SOURCE=2   -o CMakeFiles/epoch_shift.dir/epoch_shift.cc.o -c /<<PKGBUILDDIR>>/examples/epoch_shift.cc
[ 70%] Built target time_zone_lookup_test
make -f examples/CMakeFiles/example4.dir/build.make examples/CMakeFiles/example4.dir/depend
make[3]: Entering directory '/<<PKGBUILDDIR>>/obj-x86_64-linux-gnu'
cd /<<PKGBUILDDIR>>/obj-x86_64-linux-gnu && /usr/bin/cmake -E cmake_depends "Unix Makefiles" /<<PKGBUILDDIR>> /<<PKGBUILDDIR>>/examples /<<PKGBUILDDIR>>/obj-x86_64-linux-gnu /<<PKGBUILDDIR>>/obj-x86_64-linux-gnu/examples /<<PKGBUILDDIR>>/obj-x86_64-linux-gnu/examples/CMakeFiles/example4.dir/DependInfo.cmake --color=
Scanning dependencies of target example4
make[3]: Leaving directory '/<<PKGBUILDDIR>>/obj-x86_64-linux-gnu'
make -f examples/CMakeFiles/example4.dir/build.make examples/CMakeFiles/example4.dir/build
make[3]: Entering directory '/<<PKGBUILDDIR>>/obj-x86_64-linux-gnu'
[ 75%] Building CXX object examples/CMakeFiles/example4.dir/example4.cc.o
cd /<<PKGBUILDDIR>>/obj-x86_64-linux-gnu/examples && /usr/bin/c++   -I/usr/src/googletest/googlemock -I/usr/src/googletest/googlemock/include -I/usr/src/googletest/googletest -I/usr/src/googletest/googletest/include -I/<<PKGBUILDDIR>>/include  -g -O2 -fdebug-prefix-map=/<<PKGBUILDDIR>>=. -fstack-protector-strong -Wformat -Werror=format-security -Wdate-time -D_FORTIFY_SOURCE=2   -o CMakeFiles/example4.dir/example4.cc.o -c /<<PKGBUILDDIR>>/examples/example4.cc
[ 78%] Linking CXX executable epoch_shift
cd /<<PKGBUILDDIR>>/obj-x86_64-linux-gnu/examples && /usr/bin/cmake -E cmake_link_script CMakeFiles/epoch_shift.dir/link.txt --verbose=1
/usr/bin/c++  -g -O2 -fdebug-prefix-map=/<<PKGBUILDDIR>>=. -fstack-protector-strong -Wformat -Werror=format-security -Wdate-time -D_FORTIFY_SOURCE=2  -Wl,-z,relro -Wl,-z,now -rdynamic CMakeFiles/epoch_shift.dir/epoch_shift.cc.o  -o epoch_shift  -Wl,-rpath,/<<PKGBUILDDIR>>/obj-x86_64-linux-gnu ../libcctz.so.2.3+dfsg1 
[ 80%] Linking CXX executable example4
cd /<<PKGBUILDDIR>>/obj-x86_64-linux-gnu/examples && /usr/bin/cmake -E cmake_link_script CMakeFiles/example4.dir/link.txt --verbose=1
/usr/bin/c++  -g -O2 -fdebug-prefix-map=/<<PKGBUILDDIR>>=. -fstack-protector-strong -Wformat -Werror=format-security -Wdate-time -D_FORTIFY_SOURCE=2  -Wl,-z,relro -Wl,-z,now -rdynamic CMakeFiles/example4.dir/example4.cc.o  -o example4  -Wl,-rpath,/<<PKGBUILDDIR>>/obj-x86_64-linux-gnu ../libcctz.so.2.3+dfsg1 
make[3]: Leaving directory '/<<PKGBUILDDIR>>/obj-x86_64-linux-gnu'
[ 80%] Built target epoch_shift
make -f examples/CMakeFiles/example1.dir/build.make examples/CMakeFiles/example1.dir/depend
make[3]: Entering directory '/<<PKGBUILDDIR>>/obj-x86_64-linux-gnu'
cd /<<PKGBUILDDIR>>/obj-x86_64-linux-gnu && /usr/bin/cmake -E cmake_depends "Unix Makefiles" /<<PKGBUILDDIR>> /<<PKGBUILDDIR>>/examples /<<PKGBUILDDIR>>/obj-x86_64-linux-gnu /<<PKGBUILDDIR>>/obj-x86_64-linux-gnu/examples /<<PKGBUILDDIR>>/obj-x86_64-linux-gnu/examples/CMakeFiles/example1.dir/DependInfo.cmake --color=
Scanning dependencies of target example1
make[3]: Leaving directory '/<<PKGBUILDDIR>>/obj-x86_64-linux-gnu'
make -f examples/CMakeFiles/example1.dir/build.make examples/CMakeFiles/example1.dir/build
make[3]: Entering directory '/<<PKGBUILDDIR>>/obj-x86_64-linux-gnu'
make[3]: Leaving directory '/<<PKGBUILDDIR>>/obj-x86_64-linux-gnu'
[ 82%] Building CXX object examples/CMakeFiles/example1.dir/example1.cc.o
cd /<<PKGBUILDDIR>>/obj-x86_64-linux-gnu/examples && /usr/bin/c++   -I/usr/src/googletest/googlemock -I/usr/src/googletest/googlemock/include -I/usr/src/googletest/googletest -I/usr/src/googletest/googletest/include -I/<<PKGBUILDDIR>>/include  -g -O2 -fdebug-prefix-map=/<<PKGBUILDDIR>>=. -fstack-protector-strong -Wformat -Werror=format-security -Wdate-time -D_FORTIFY_SOURCE=2   -o CMakeFiles/example1.dir/example1.cc.o -c /<<PKGBUILDDIR>>/examples/example1.cc
[ 82%] Built target example4
make -f examples/CMakeFiles/example2.dir/build.make examples/CMakeFiles/example2.dir/depend
make[3]: Entering directory '/<<PKGBUILDDIR>>/obj-x86_64-linux-gnu'
cd /<<PKGBUILDDIR>>/obj-x86_64-linux-gnu && /usr/bin/cmake -E cmake_depends "Unix Makefiles" /<<PKGBUILDDIR>> /<<PKGBUILDDIR>>/examples /<<PKGBUILDDIR>>/obj-x86_64-linux-gnu /<<PKGBUILDDIR>>/obj-x86_64-linux-gnu/examples /<<PKGBUILDDIR>>/obj-x86_64-linux-gnu/examples/CMakeFiles/example2.dir/DependInfo.cmake --color=
Scanning dependencies of target example2
make[3]: Leaving directory '/<<PKGBUILDDIR>>/obj-x86_64-linux-gnu'
make -f examples/CMakeFiles/example2.dir/build.make examples/CMakeFiles/example2.dir/build
make[3]: Entering directory '/<<PKGBUILDDIR>>/obj-x86_64-linux-gnu'
[ 85%] Building CXX object examples/CMakeFiles/example2.dir/example2.cc.o
cd /<<PKGBUILDDIR>>/obj-x86_64-linux-gnu/examples && /usr/bin/c++   -I/usr/src/googletest/googlemock -I/usr/src/googletest/googlemock/include -I/usr/src/googletest/googletest -I/usr/src/googletest/googletest/include -I/<<PKGBUILDDIR>>/include  -g -O2 -fdebug-prefix-map=/<<PKGBUILDDIR>>=. -fstack-protector-strong -Wformat -Werror=format-security -Wdate-time -D_FORTIFY_SOURCE=2   -o CMakeFiles/example2.dir/example2.cc.o -c /<<PKGBUILDDIR>>/examples/example2.cc
[ 87%] Building CXX object CMakeFiles/time_zone_format_test.dir/usr/src/googletest/googletest/src/gtest_main.cc.o
/usr/bin/c++   -I/usr/src/googletest/googlemock -I/usr/src/googletest/googlemock/include -I/usr/src/googletest/googletest -I/usr/src/googletest/googletest/include -I/<<PKGBUILDDIR>>/include  -g -O2 -fdebug-prefix-map=/<<PKGBUILDDIR>>=. -fstack-protector-strong -Wformat -Werror=format-security -Wdate-time -D_FORTIFY_SOURCE=2   -o CMakeFiles/time_zone_format_test.dir/usr/src/googletest/googletest/src/gtest_main.cc.o -c /usr/src/googletest/googletest/src/gtest_main.cc
[ 90%] Linking CXX executable example1
[ 92%] Linking CXX executable example2
cd /<<PKGBUILDDIR>>/obj-x86_64-linux-gnu/examples && /usr/bin/cmake -E cmake_link_script CMakeFiles/example2.dir/link.txt --verbose=1
cd /<<PKGBUILDDIR>>/obj-x86_64-linux-gnu/examples && /usr/bin/cmake -E cmake_link_script CMakeFiles/example1.dir/link.txt --verbose=1
/usr/bin/c++  -g -O2 -fdebug-prefix-map=/<<PKGBUILDDIR>>=. -fstack-protector-strong -Wformat -Werror=format-security -Wdate-time -D_FORTIFY_SOURCE=2  -Wl,-z,relro -Wl,-z,now -rdynamic CMakeFiles/example2.dir/example2.cc.o  -o example2  -Wl,-rpath,/<<PKGBUILDDIR>>/obj-x86_64-linux-gnu ../libcctz.so.2.3+dfsg1 
/usr/bin/c++  -g -O2 -fdebug-prefix-map=/<<PKGBUILDDIR>>=. -fstack-protector-strong -Wformat -Werror=format-security -Wdate-time -D_FORTIFY_SOURCE=2  -Wl,-z,relro -Wl,-z,now -rdynamic CMakeFiles/example1.dir/example1.cc.o  -o example1  -Wl,-rpath,/<<PKGBUILDDIR>>/obj-x86_64-linux-gnu ../libcctz.so.2.3+dfsg1 
make[3]: Leaving directory '/<<PKGBUILDDIR>>/obj-x86_64-linux-gnu'
make[3]: Leaving directory '/<<PKGBUILDDIR>>/obj-x86_64-linux-gnu'
[ 92%] Built target example2
[ 92%] Built target example1
[ 95%] Building CXX object CMakeFiles/time_zone_format_test.dir/usr/src/googletest/googletest/src/gtest-all.cc.o
/usr/bin/c++   -I/usr/src/googletest/googlemock -I/usr/src/googletest/googlemock/include -I/usr/src/googletest/googletest -I/usr/src/googletest/googletest/include -I/<<PKGBUILDDIR>>/include  -g -O2 -fdebug-prefix-map=/<<PKGBUILDDIR>>=. -fstack-protector-strong -Wformat -Werror=format-security -Wdate-time -D_FORTIFY_SOURCE=2   -o CMakeFiles/time_zone_format_test.dir/usr/src/googletest/googletest/src/gtest-all.cc.o -c /usr/src/googletest/googletest/src/gtest-all.cc
[ 97%] Linking CXX executable civil_time_test
/usr/bin/cmake -E cmake_link_script CMakeFiles/civil_time_test.dir/link.txt --verbose=1
/usr/bin/c++  -g -O2 -fdebug-prefix-map=/<<PKGBUILDDIR>>=. -fstack-protector-strong -Wformat -Werror=format-security -Wdate-time -D_FORTIFY_SOURCE=2  -Wl,-z,relro -Wl,-z,now -rdynamic CMakeFiles/civil_time_test.dir/src/civil_time_test.cc.o CMakeFiles/civil_time_test.dir/usr/src/googletest/googletest/src/gtest_main.cc.o CMakeFiles/civil_time_test.dir/usr/src/googletest/googletest/src/gtest-all.cc.o  -o civil_time_test  -Wl,-rpath,/<<PKGBUILDDIR>>/obj-x86_64-linux-gnu libcctz.so.2.3+dfsg1 -lpthread 
make[3]: Leaving directory '/<<PKGBUILDDIR>>/obj-x86_64-linux-gnu'
[ 97%] Built target civil_time_test
[100%] Linking CXX executable time_zone_format_test
/usr/bin/cmake -E cmake_link_script CMakeFiles/time_zone_format_test.dir/link.txt --verbose=1
/usr/bin/c++  -g -O2 -fdebug-prefix-map=/<<PKGBUILDDIR>>=. -fstack-protector-strong -Wformat -Werror=format-security -Wdate-time -D_FORTIFY_SOURCE=2  -Wl,-z,relro -Wl,-z,now -rdynamic CMakeFiles/time_zone_format_test.dir/src/time_zone_format_test.cc.o CMakeFiles/time_zone_format_test.dir/usr/src/googletest/googletest/src/gtest_main.cc.o CMakeFiles/time_zone_format_test.dir/usr/src/googletest/googletest/src/gtest-all.cc.o  -o time_zone_format_test  -Wl,-rpath,/<<PKGBUILDDIR>>/obj-x86_64-linux-gnu libcctz.so.2.3+dfsg1 -lpthread 
make[3]: Leaving directory '/<<PKGBUILDDIR>>/obj-x86_64-linux-gnu'
[100%] Built target time_zone_format_test
make[2]: Leaving directory '/<<PKGBUILDDIR>>/obj-x86_64-linux-gnu'
/usr/bin/cmake -E cmake_progress_start /<<PKGBUILDDIR>>/obj-x86_64-linux-gnu/CMakeFiles 0
make[1]: Leaving directory '/<<PKGBUILDDIR>>/obj-x86_64-linux-gnu'
   dh_auto_test -O--buildsystem=cmake
	cd obj-x86_64-linux-gnu && make -j4 test ARGS\+=-j4
make[1]: Entering directory '/<<PKGBUILDDIR>>/obj-x86_64-linux-gnu'
Running tests...
/usr/bin/ctest --force-new-ctest-process -j4
Test project /<<PKGBUILDDIR>>/obj-x86_64-linux-gnu
    Start 1: civil_time_test
    Start 2: time_zone_lookup_test
    Start 3: time_zone_format_test
    Start 4: cctz_benchmark
1/4 Test #1: civil_time_test ..................   Passed    0.01 sec
2/4 Test #3: time_zone_format_test ............   Passed    0.25 sec
3/4 Test #2: time_zone_lookup_test ............   Passed    0.78 sec
4/4 Test #4: cctz_benchmark ...................   Passed   32.03 sec

100% tests passed, 0 tests failed out of 4

Total Test time (real) =  32.04 sec
make[1]: Leaving directory '/<<PKGBUILDDIR>>/obj-x86_64-linux-gnu'
   create-stamp debian/debhelper-build-stamp
 fakeroot debian/rules binary
dh binary --buildsystem=cmake
   dh_testroot -O--buildsystem=cmake
   dh_prep -O--buildsystem=cmake
   dh_auto_install -O--buildsystem=cmake
	cd obj-x86_64-linux-gnu && make -j4 install DESTDIR=/<<BUILDDIR>>/cctz-2.3\+dfsg1/debian/tmp AM_UPDATE_INFO_DIR=no "INSTALL=install --strip-program=true"
make[1]: Entering directory '/<<PKGBUILDDIR>>/obj-x86_64-linux-gnu'
/usr/bin/cmake -S/<<PKGBUILDDIR>> -B/<<PKGBUILDDIR>>/obj-x86_64-linux-gnu --check-build-system CMakeFiles/Makefile.cmake 0
/usr/bin/cmake -E cmake_progress_start /<<PKGBUILDDIR>>/obj-x86_64-linux-gnu/CMakeFiles /<<PKGBUILDDIR>>/obj-x86_64-linux-gnu/CMakeFiles/progress.marks
make -f CMakeFiles/Makefile2 all
make[2]: Entering directory '/<<PKGBUILDDIR>>/obj-x86_64-linux-gnu'
make -f CMakeFiles/cctz.dir/build.make CMakeFiles/cctz.dir/depend
make -f examples/CMakeFiles/classic.dir/build.make examples/CMakeFiles/classic.dir/depend
make[3]: Entering directory '/<<PKGBUILDDIR>>/obj-x86_64-linux-gnu'
cd /<<PKGBUILDDIR>>/obj-x86_64-linux-gnu && /usr/bin/cmake -E cmake_depends "Unix Makefiles" /<<PKGBUILDDIR>> /<<PKGBUILDDIR>> /<<PKGBUILDDIR>>/obj-x86_64-linux-gnu /<<PKGBUILDDIR>>/obj-x86_64-linux-gnu /<<PKGBUILDDIR>>/obj-x86_64-linux-gnu/CMakeFiles/cctz.dir/DependInfo.cmake --color=
make[3]: Entering directory '/<<PKGBUILDDIR>>/obj-x86_64-linux-gnu'
cd /<<PKGBUILDDIR>>/obj-x86_64-linux-gnu && /usr/bin/cmake -E cmake_depends "Unix Makefiles" /<<PKGBUILDDIR>> /<<PKGBUILDDIR>>/examples /<<PKGBUILDDIR>>/obj-x86_64-linux-gnu /<<PKGBUILDDIR>>/obj-x86_64-linux-gnu/examples /<<PKGBUILDDIR>>/obj-x86_64-linux-gnu/examples/CMakeFiles/classic.dir/DependInfo.cmake --color=
make[3]: Leaving directory '/<<PKGBUILDDIR>>/obj-x86_64-linux-gnu'
make -f CMakeFiles/cctz.dir/build.make CMakeFiles/cctz.dir/build
make[3]: Leaving directory '/<<PKGBUILDDIR>>/obj-x86_64-linux-gnu'
make -f examples/CMakeFiles/classic.dir/build.make examples/CMakeFiles/classic.dir/build
make[3]: Entering directory '/<<PKGBUILDDIR>>/obj-x86_64-linux-gnu'
make[3]: Nothing to be done for 'CMakeFiles/cctz.dir/build'.
make[3]: Leaving directory '/<<PKGBUILDDIR>>/obj-x86_64-linux-gnu'
make[3]: Entering directory '/<<PKGBUILDDIR>>/obj-x86_64-linux-gnu'
make[3]: Nothing to be done for 'examples/CMakeFiles/classic.dir/build'.
make[3]: Leaving directory '/<<PKGBUILDDIR>>/obj-x86_64-linux-gnu'
[ 26%] Built target cctz
make -f CMakeFiles/time_tool.dir/build.make CMakeFiles/time_tool.dir/depend
make -f CMakeFiles/cctz_benchmark.dir/build.make CMakeFiles/cctz_benchmark.dir/depend
make[3]: Entering directory '/<<PKGBUILDDIR>>/obj-x86_64-linux-gnu'
cd /<<PKGBUILDDIR>>/obj-x86_64-linux-gnu && /usr/bin/cmake -E cmake_depends "Unix Makefiles" /<<PKGBUILDDIR>> /<<PKGBUILDDIR>> /<<PKGBUILDDIR>>/obj-x86_64-linux-gnu /<<PKGBUILDDIR>>/obj-x86_64-linux-gnu /<<PKGBUILDDIR>>/obj-x86_64-linux-gnu/CMakeFiles/time_tool.dir/DependInfo.cmake --color=
make -f CMakeFiles/civil_time_test.dir/build.make CMakeFiles/civil_time_test.dir/depend
make[3]: Entering directory '/<<PKGBUILDDIR>>/obj-x86_64-linux-gnu'
cd /<<PKGBUILDDIR>>/obj-x86_64-linux-gnu && /usr/bin/cmake -E cmake_depends "Unix Makefiles" /<<PKGBUILDDIR>> /<<PKGBUILDDIR>> /<<PKGBUILDDIR>>/obj-x86_64-linux-gnu /<<PKGBUILDDIR>>/obj-x86_64-linux-gnu /<<PKGBUILDDIR>>/obj-x86_64-linux-gnu/CMakeFiles/cctz_benchmark.dir/DependInfo.cmake --color=
[ 31%] Built target classic
make -f CMakeFiles/time_zone_format_test.dir/build.make CMakeFiles/time_zone_format_test.dir/depend
make[3]: Entering directory '/<<PKGBUILDDIR>>/obj-x86_64-linux-gnu'
cd /<<PKGBUILDDIR>>/obj-x86_64-linux-gnu && /usr/bin/cmake -E cmake_depends "Unix Makefiles" /<<PKGBUILDDIR>> /<<PKGBUILDDIR>> /<<PKGBUILDDIR>>/obj-x86_64-linux-gnu /<<PKGBUILDDIR>>/obj-x86_64-linux-gnu /<<PKGBUILDDIR>>/obj-x86_64-linux-gnu/CMakeFiles/civil_time_test.dir/DependInfo.cmake --color=
make[3]: Entering directory '/<<PKGBUILDDIR>>/obj-x86_64-linux-gnu'
cd /<<PKGBUILDDIR>>/obj-x86_64-linux-gnu && /usr/bin/cmake -E cmake_depends "Unix Makefiles" /<<PKGBUILDDIR>> /<<PKGBUILDDIR>> /<<PKGBUILDDIR>>/obj-x86_64-linux-gnu /<<PKGBUILDDIR>>/obj-x86_64-linux-gnu /<<PKGBUILDDIR>>/obj-x86_64-linux-gnu/CMakeFiles/time_zone_format_test.dir/DependInfo.cmake --color=
make[3]: Leaving directory '/<<PKGBUILDDIR>>/obj-x86_64-linux-gnu'
make -f CMakeFiles/time_tool.dir/build.make CMakeFiles/time_tool.dir/build
make[3]: Entering directory '/<<PKGBUILDDIR>>/obj-x86_64-linux-gnu'
make[3]: Nothing to be done for 'CMakeFiles/time_tool.dir/build'.
make[3]: Leaving directory '/<<PKGBUILDDIR>>/obj-x86_64-linux-gnu'
make[3]: Leaving directory '/<<PKGBUILDDIR>>/obj-x86_64-linux-gnu'
make[3]: Leaving directory '/<<PKGBUILDDIR>>/obj-x86_64-linux-gnu'
make[3]: Leaving directory '/<<PKGBUILDDIR>>/obj-x86_64-linux-gnu'
make -f CMakeFiles/cctz_benchmark.dir/build.make CMakeFiles/cctz_benchmark.dir/build
make -f CMakeFiles/civil_time_test.dir/build.make CMakeFiles/civil_time_test.dir/build
make[3]: Entering directory '/<<PKGBUILDDIR>>/obj-x86_64-linux-gnu'
make[3]: Nothing to be done for 'CMakeFiles/cctz_benchmark.dir/build'.
make[3]: Leaving directory '/<<PKGBUILDDIR>>/obj-x86_64-linux-gnu'
make -f CMakeFiles/time_zone_format_test.dir/build.make CMakeFiles/time_zone_format_test.dir/build
[ 36%] Built target time_tool
make[3]: Entering directory '/<<PKGBUILDDIR>>/obj-x86_64-linux-gnu'
make[3]: Nothing to be done for 'CMakeFiles/civil_time_test.dir/build'.
make[3]: Leaving directory '/<<PKGBUILDDIR>>/obj-x86_64-linux-gnu'
make[3]: Entering directory '/<<PKGBUILDDIR>>/obj-x86_64-linux-gnu'
make[3]: Nothing to be done for 'CMakeFiles/time_zone_format_test.dir/build'.
make[3]: Leaving directory '/<<PKGBUILDDIR>>/obj-x86_64-linux-gnu'
make -f CMakeFiles/time_zone_lookup_test.dir/build.make CMakeFiles/time_zone_lookup_test.dir/depend
[ 41%] Built target cctz_benchmark
make -f examples/CMakeFiles/hello.dir/build.make examples/CMakeFiles/hello.dir/depend
[ 51%] Built target civil_time_test
make[3]: Entering directory '/<<PKGBUILDDIR>>/obj-x86_64-linux-gnu'
cd /<<PKGBUILDDIR>>/obj-x86_64-linux-gnu && /usr/bin/cmake -E cmake_depends "Unix Makefiles" /<<PKGBUILDDIR>> /<<PKGBUILDDIR>> /<<PKGBUILDDIR>>/obj-x86_64-linux-gnu /<<PKGBUILDDIR>>/obj-x86_64-linux-gnu /<<PKGBUILDDIR>>/obj-x86_64-linux-gnu/CMakeFiles/time_zone_lookup_test.dir/DependInfo.cmake --color=
make -f examples/CMakeFiles/example3.dir/build.make examples/CMakeFiles/example3.dir/depend
[ 60%] Built target time_zone_format_test
make[3]: Entering directory '/<<PKGBUILDDIR>>/obj-x86_64-linux-gnu'
cd /<<PKGBUILDDIR>>/obj-x86_64-linux-gnu && /usr/bin/cmake -E cmake_depends "Unix Makefiles" /<<PKGBUILDDIR>> /<<PKGBUILDDIR>>/examples /<<PKGBUILDDIR>>/obj-x86_64-linux-gnu /<<PKGBUILDDIR>>/obj-x86_64-linux-gnu/examples /<<PKGBUILDDIR>>/obj-x86_64-linux-gnu/examples/CMakeFiles/hello.dir/DependInfo.cmake --color=
make -f examples/CMakeFiles/epoch_shift.dir/build.make examples/CMakeFiles/epoch_shift.dir/depend
make[3]: Entering directory '/<<PKGBUILDDIR>>/obj-x86_64-linux-gnu'
cd /<<PKGBUILDDIR>>/obj-x86_64-linux-gnu && /usr/bin/cmake -E cmake_depends "Unix Makefiles" /<<PKGBUILDDIR>> /<<PKGBUILDDIR>>/examples /<<PKGBUILDDIR>>/obj-x86_64-linux-gnu /<<PKGBUILDDIR>>/obj-x86_64-linux-gnu/examples /<<PKGBUILDDIR>>/obj-x86_64-linux-gnu/examples/CMakeFiles/example3.dir/DependInfo.cmake --color=
make[3]: Entering directory '/<<PKGBUILDDIR>>/obj-x86_64-linux-gnu'
cd /<<PKGBUILDDIR>>/obj-x86_64-linux-gnu && /usr/bin/cmake -E cmake_depends "Unix Makefiles" /<<PKGBUILDDIR>> /<<PKGBUILDDIR>>/examples /<<PKGBUILDDIR>>/obj-x86_64-linux-gnu /<<PKGBUILDDIR>>/obj-x86_64-linux-gnu/examples /<<PKGBUILDDIR>>/obj-x86_64-linux-gnu/examples/CMakeFiles/epoch_shift.dir/DependInfo.cmake --color=
make[3]: Leaving directory '/<<PKGBUILDDIR>>/obj-x86_64-linux-gnu'
make -f examples/CMakeFiles/hello.dir/build.make examples/CMakeFiles/hello.dir/build
make[3]: Entering directory '/<<PKGBUILDDIR>>/obj-x86_64-linux-gnu'
make[3]: Nothing to be done for 'examples/CMakeFiles/hello.dir/build'.
make[3]: Leaving directory '/<<PKGBUILDDIR>>/obj-x86_64-linux-gnu'
make[3]: Leaving directory '/<<PKGBUILDDIR>>/obj-x86_64-linux-gnu'
make -f examples/CMakeFiles/example3.dir/build.make examples/CMakeFiles/example3.dir/build
make[3]: Leaving directory '/<<PKGBUILDDIR>>/obj-x86_64-linux-gnu'
make[3]: Leaving directory '/<<PKGBUILDDIR>>/obj-x86_64-linux-gnu'
make -f CMakeFiles/time_zone_lookup_test.dir/build.make CMakeFiles/time_zone_lookup_test.dir/build
make[3]: Entering directory '/<<PKGBUILDDIR>>/obj-x86_64-linux-gnu'
make[3]: Nothing to be done for 'examples/CMakeFiles/example3.dir/build'.
make[3]: Leaving directory '/<<PKGBUILDDIR>>/obj-x86_64-linux-gnu'
make -f examples/CMakeFiles/epoch_shift.dir/build.make examples/CMakeFiles/epoch_shift.dir/build
make[3]: Entering directory '/<<PKGBUILDDIR>>/obj-x86_64-linux-gnu'
make[3]: Nothing to be done for 'CMakeFiles/time_zone_lookup_test.dir/build'.
make[3]: Leaving directory '/<<PKGBUILDDIR>>/obj-x86_64-linux-gnu'
[ 65%] Built target hello
make[3]: Entering directory '/<<PKGBUILDDIR>>/obj-x86_64-linux-gnu'
make[3]: Nothing to be done for 'examples/CMakeFiles/epoch_shift.dir/build'.
make[3]: Leaving directory '/<<PKGBUILDDIR>>/obj-x86_64-linux-gnu'
make -f examples/CMakeFiles/example4.dir/build.make examples/CMakeFiles/example4.dir/depend
[ 70%] Built target example3
make -f examples/CMakeFiles/example1.dir/build.make examples/CMakeFiles/example1.dir/depend
make[3]: Entering directory '/<<PKGBUILDDIR>>/obj-x86_64-linux-gnu'
cd /<<PKGBUILDDIR>>/obj-x86_64-linux-gnu && /usr/bin/cmake -E cmake_depends "Unix Makefiles" /<<PKGBUILDDIR>> /<<PKGBUILDDIR>>/examples /<<PKGBUILDDIR>>/obj-x86_64-linux-gnu /<<PKGBUILDDIR>>/obj-x86_64-linux-gnu/examples /<<PKGBUILDDIR>>/obj-x86_64-linux-gnu/examples/CMakeFiles/example4.dir/DependInfo.cmake --color=
[ 80%] Built target time_zone_lookup_test
make -f examples/CMakeFiles/example2.dir/build.make examples/CMakeFiles/example2.dir/depend
make[3]: Entering directory '/<<PKGBUILDDIR>>/obj-x86_64-linux-gnu'
cd /<<PKGBUILDDIR>>/obj-x86_64-linux-gnu && /usr/bin/cmake -E cmake_depends "Unix Makefiles" /<<PKGBUILDDIR>> /<<PKGBUILDDIR>>/examples /<<PKGBUILDDIR>>/obj-x86_64-linux-gnu /<<PKGBUILDDIR>>/obj-x86_64-linux-gnu/examples /<<PKGBUILDDIR>>/obj-x86_64-linux-gnu/examples/CMakeFiles/example1.dir/DependInfo.cmake --color=
[ 85%] Built target epoch_shift
make[3]: Entering directory '/<<PKGBUILDDIR>>/obj-x86_64-linux-gnu'
cd /<<PKGBUILDDIR>>/obj-x86_64-linux-gnu && /usr/bin/cmake -E cmake_depends "Unix Makefiles" /<<PKGBUILDDIR>> /<<PKGBUILDDIR>>/examples /<<PKGBUILDDIR>>/obj-x86_64-linux-gnu /<<PKGBUILDDIR>>/obj-x86_64-linux-gnu/examples /<<PKGBUILDDIR>>/obj-x86_64-linux-gnu/examples/CMakeFiles/example2.dir/DependInfo.cmake --color=
make[3]: Leaving directory '/<<PKGBUILDDIR>>/obj-x86_64-linux-gnu'
make -f examples/CMakeFiles/example4.dir/build.make examples/CMakeFiles/example4.dir/build
make[3]: Entering directory '/<<PKGBUILDDIR>>/obj-x86_64-linux-gnu'
make[3]: Nothing to be done for 'examples/CMakeFiles/example4.dir/build'.
make[3]: Leaving directory '/<<PKGBUILDDIR>>/obj-x86_64-linux-gnu'
make[3]: Leaving directory '/<<PKGBUILDDIR>>/obj-x86_64-linux-gnu'
make -f examples/CMakeFiles/example1.dir/build.make examples/CMakeFiles/example1.dir/build
make[3]: Entering directory '/<<PKGBUILDDIR>>/obj-x86_64-linux-gnu'
make[3]: Nothing to be done for 'examples/CMakeFiles/example1.dir/build'.
make[3]: Leaving directory '/<<PKGBUILDDIR>>/obj-x86_64-linux-gnu'
make[3]: Leaving directory '/<<PKGBUILDDIR>>/obj-x86_64-linux-gnu'
make -f examples/CMakeFiles/example2.dir/build.make examples/CMakeFiles/example2.dir/build
[ 90%] Built target example4
make[3]: Entering directory '/<<PKGBUILDDIR>>/obj-x86_64-linux-gnu'
make[3]: Nothing to be done for 'examples/CMakeFiles/example2.dir/build'.
make[3]: Leaving directory '/<<PKGBUILDDIR>>/obj-x86_64-linux-gnu'
[ 95%] Built target example1
[100%] Built target example2
make[2]: Leaving directory '/<<PKGBUILDDIR>>/obj-x86_64-linux-gnu'
/usr/bin/cmake -E cmake_progress_start /<<PKGBUILDDIR>>/obj-x86_64-linux-gnu/CMakeFiles 0
make -f CMakeFiles/Makefile2 preinstall
make[2]: Entering directory '/<<PKGBUILDDIR>>/obj-x86_64-linux-gnu'
make[2]: Nothing to be done for 'preinstall'.
make[2]: Leaving directory '/<<PKGBUILDDIR>>/obj-x86_64-linux-gnu'
Install the project...
/usr/bin/cmake -P cmake_install.cmake
-- Install configuration: "None"
-- Installing: /<<PKGBUILDDIR>>/debian/tmp/usr/lib/x86_64-linux-gnu/libcctz.so.2.3+dfsg1
-- Installing: /<<PKGBUILDDIR>>/debian/tmp/usr/lib/x86_64-linux-gnu/libcctz.so.2
-- Installing: /<<PKGBUILDDIR>>/debian/tmp/usr/lib/x86_64-linux-gnu/libcctz.so
-- Installing: /<<PKGBUILDDIR>>/debian/tmp/usr/lib/x86_64-linux-gnu/time_zone.h
-- Installing: /<<PKGBUILDDIR>>/debian/tmp/usr/lib/x86_64-linux-gnu/civil_time_detail.h
-- Installing: /<<PKGBUILDDIR>>/debian/tmp/usr/lib/x86_64-linux-gnu/zone_info_source.h
-- Installing: /<<PKGBUILDDIR>>/debian/tmp/usr/lib/x86_64-linux-gnu/civil_time.h
-- Installing: /<<PKGBUILDDIR>>/debian/tmp/usr/include/cctz
-- Installing: /<<PKGBUILDDIR>>/debian/tmp/usr/include/cctz/time_zone.h
-- Installing: /<<PKGBUILDDIR>>/debian/tmp/usr/include/cctz/civil_time.h
-- Installing: /<<PKGBUILDDIR>>/debian/tmp/usr/include/cctz/civil_time_detail.h
-- Installing: /<<PKGBUILDDIR>>/debian/tmp/usr/include/cctz/zone_info_source.h
-- Up-to-date: /<<PKGBUILDDIR>>/debian/tmp/usr/lib/x86_64-linux-gnu/libcctz.so.2.3+dfsg1
-- Up-to-date: /<<PKGBUILDDIR>>/debian/tmp/usr/lib/x86_64-linux-gnu/libcctz.so.2
-- Up-to-date: /<<PKGBUILDDIR>>/debian/tmp/usr/lib/x86_64-linux-gnu/libcctz.so
-- Up-to-date: /<<PKGBUILDDIR>>/debian/tmp/usr/include/cctz/time_zone.h
-- Up-to-date: /<<PKGBUILDDIR>>/debian/tmp/usr/include/cctz/civil_time_detail.h
-- Up-to-date: /<<PKGBUILDDIR>>/debian/tmp/usr/include/cctz/zone_info_source.h
-- Up-to-date: /<<PKGBUILDDIR>>/debian/tmp/usr/include/cctz/civil_time.h
-- Installing: /<<PKGBUILDDIR>>/debian/tmp/usr/bin/time_tool
-- Set runtime path of "/<<PKGBUILDDIR>>/debian/tmp/usr/bin/time_tool" to ""
-- Installing: /<<PKGBUILDDIR>>/debian/tmp/usr/lib/x86_64-linux-gnu/cmake/cctz/cctz-targets.cmake
-- Installing: /<<PKGBUILDDIR>>/debian/tmp/usr/lib/x86_64-linux-gnu/cmake/cctz/cctz-targets-none.cmake
-- Installing: /<<PKGBUILDDIR>>/debian/tmp/usr/lib/x86_64-linux-gnu/cmake/cctz/cctz-config.cmake
make[1]: Leaving directory '/<<PKGBUILDDIR>>/obj-x86_64-linux-gnu'
   dh_install -O--buildsystem=cmake
   dh_installdocs -O--buildsystem=cmake
   dh_installchangelogs -O--buildsystem=cmake
   dh_installexamples -O--buildsystem=cmake
   dh_installinit -O--buildsystem=cmake
   dh_installsystemduser -O--buildsystem=cmake
   dh_perl -O--buildsystem=cmake
   dh_link -O--buildsystem=cmake
   dh_strip_nondeterminism -O--buildsystem=cmake
   dh_compress -O--buildsystem=cmake
   dh_fixperms -O--buildsystem=cmake
   dh_missing -O--buildsystem=cmake
dh_missing: warning: usr/bin/time_tool exists in debian/tmp but is not installed to anywhere
dh_missing: warning: usr/lib/x86_64-linux-gnu/time_zone.h exists in debian/tmp but is not installed to anywhere
dh_missing: warning: usr/lib/x86_64-linux-gnu/civil_time.h exists in debian/tmp but is not installed to anywhere
dh_missing: warning: usr/lib/x86_64-linux-gnu/civil_time_detail.h exists in debian/tmp but is not installed to anywhere
dh_missing: warning: usr/lib/x86_64-linux-gnu/zone_info_source.h exists in debian/tmp but is not installed to anywhere
dh_missing: warning: usr/lib/x86_64-linux-gnu/cmake/cctz/cctz-targets-none.cmake exists in debian/tmp but is not installed to anywhere
dh_missing: warning: usr/lib/x86_64-linux-gnu/cmake/cctz/cctz-targets.cmake exists in debian/tmp but is not installed to anywhere
dh_missing: warning: usr/lib/x86_64-linux-gnu/cmake/cctz/cctz-config.cmake exists in debian/tmp but is not installed to anywhere
	The following debhelper tools have reported what they installed (with files per package)
	 * dh_install: libcctz-dev (2), libcctz-doc (0), libcctz2 (2)
	 * dh_installdocs: libcctz-dev (0), libcctz-doc (1), libcctz2 (0)
	 * dh_installexamples: libcctz-dev (0), libcctz-doc (7), libcctz2 (0)
	If the missing files are installed by another tool, please file a bug against it.
	When filing the report, if the tool is not part of debhelper itself, please reference the
	"Logging helpers and dh_missing" section from the "PROGRAMMING" guide for debhelper (10.6.3+).
	  (in the debhelper package: /usr/share/doc/debhelper/PROGRAMMING.gz)
	Be sure to test with dpkg-buildpackage -A/-B as the results may vary when only a subset is built
	For a short-term work-around: Add the files to debian/not-installed
   dh_dwz -O--buildsystem=cmake
   dh_strip -O--buildsystem=cmake
   dh_makeshlibs -O--buildsystem=cmake
   dh_shlibdeps -O--buildsystem=cmake
   dh_installdeb -O--buildsystem=cmake
   dh_gencontrol -O--buildsystem=cmake
dpkg-gencontrol: warning: Depends field of package libcctz-doc: substitution variable ${shlibs:Depends} used, but is not defined
   dh_md5sums -O--buildsystem=cmake
   dh_builddeb -O--buildsystem=cmake
dpkg-deb: building package 'libcctz-doc' in '../libcctz-doc_2.3+dfsg1-3_all.deb'.
dpkg-deb: building package 'libcctz2-dbgsym' in '../libcctz2-dbgsym_2.3+dfsg1-3_amd64.deb'.
dpkg-deb: building package 'libcctz2' in '../libcctz2_2.3+dfsg1-3_amd64.deb'.
dpkg-deb: building package 'libcctz-dev' in '../libcctz-dev_2.3+dfsg1-3_amd64.deb'.
 dpkg-genbuildinfo --build=binary
 dpkg-genchanges --build=binary >../cctz_2.3+dfsg1-3_amd64.changes
dpkg-genchanges: info: binary-only upload (no source code included)
 dpkg-source --after-build .
dpkg-buildpackage: info: binary-only upload (no source included)
--------------------------------------------------------------------------------
Build finished at 2020-02-25T01:31:36Z

Finished
--------

I: Built successfully

+------------------------------------------------------------------------------+
| Changes                                                                      |
+------------------------------------------------------------------------------+


cctz_2.3+dfsg1-3_amd64.changes:
-------------------------------

Format: 1.8
Date: Mon, 13 Jan 2020 20:16:33 +0100
Source: cctz
Binary: libcctz-dev libcctz-doc libcctz2 libcctz2-dbgsym
Architecture: amd64 all
Version: 2.3+dfsg1-3
Distribution: unstable
Urgency: medium
Maintainer: Debian Science Team <debian-science-maintainers@lists.alioth.debian.org>
Changed-By: Anton Gladky <gladk@debian.org>
Description:
 libcctz-dev - Library for computing dates, times and time zones, development fi
 libcctz-doc - Library for computing dates, times and time zones, documentation
 libcctz2   - Library for computing dates, times and time zones, shared library
Changes:
 cctz (2.3+dfsg1-3) unstable; urgency=medium
 .
   * [143a67c] Do not run benchmark tests on mips
Checksums-Sha1:
 5357a19c3839b5a3228dc6ed7ab6323c7dba639a 6752 cctz_2.3+dfsg1-3_amd64.buildinfo
 d13a0c1ab25e1a874da9475e4103e42dbfcc9eb3 16036 libcctz-dev_2.3+dfsg1-3_amd64.deb
 3a81c0663413c3be0817f69fd58712e1f7dfb8f6 8120 libcctz-doc_2.3+dfsg1-3_all.deb
 596bed967ba3dbdd9ae4a1469e8aa065b61fba8b 198724 libcctz2-dbgsym_2.3+dfsg1-3_amd64.deb
 09a197553880bff64543672564e4c850380b64e5 35644 libcctz2_2.3+dfsg1-3_amd64.deb
Checksums-Sha256:
 b1a379260e074fc538d93ef2da7fdc723f399f2118a9ae02064440bb02d5ef1b 6752 cctz_2.3+dfsg1-3_amd64.buildinfo
 16421c503a40b534740b0a9c97cfbe087ec37ac43a6c25c563845168b43d372e 16036 libcctz-dev_2.3+dfsg1-3_amd64.deb
 4b2c6710051ffe341dcc4868e88ba163bd8d85f893955143c299cae615d6cf95 8120 libcctz-doc_2.3+dfsg1-3_all.deb
 7857b7ff2360a5814fd5bcbae4b7bc8020b5fc29c6545df22e8555838d451424 198724 libcctz2-dbgsym_2.3+dfsg1-3_amd64.deb
 931592dfc69df6e43007e13c37fe2a2581501e3769c8f2f7e0d11f1afcf9ba43 35644 libcctz2_2.3+dfsg1-3_amd64.deb
Files:
 2b6bdbeff465b59eb8f94521007bcec9 6752 libs optional cctz_2.3+dfsg1-3_amd64.buildinfo
 bfbfc52f68bce16192dd4f6d32a8699d 16036 libdevel optional libcctz-dev_2.3+dfsg1-3_amd64.deb
 2bf318a026fa290812fbfa91bdf4f215 8120 doc optional libcctz-doc_2.3+dfsg1-3_all.deb
 e7eb40785c21d300f53ab170a3ee6e39 198724 debug optional libcctz2-dbgsym_2.3+dfsg1-3_amd64.deb
 a3082d3358d2a4d6bd063d8a5638a2ad 35644 libs optional libcctz2_2.3+dfsg1-3_amd64.deb

+------------------------------------------------------------------------------+
| Buildinfo                                                                    |
+------------------------------------------------------------------------------+

Format: 1.0
Source: cctz
Binary: libcctz-dev libcctz2 libcctz-doc
Architecture: all amd64
Version: 2.3+dfsg1-3
Checksums-Md5:
 bfbfc52f68bce16192dd4f6d32a8699d 16036 libcctz-dev_2.3+dfsg1-3_amd64.deb
 2bf318a026fa290812fbfa91bdf4f215 8120 libcctz-doc_2.3+dfsg1-3_all.deb
 e7eb40785c21d300f53ab170a3ee6e39 198724 libcctz2-dbgsym_2.3+dfsg1-3_amd64.deb
 a3082d3358d2a4d6bd063d8a5638a2ad 35644 libcctz2_2.3+dfsg1-3_amd64.deb
Checksums-Sha1:
 d13a0c1ab25e1a874da9475e4103e42dbfcc9eb3 16036 libcctz-dev_2.3+dfsg1-3_amd64.deb
 3a81c0663413c3be0817f69fd58712e1f7dfb8f6 8120 libcctz-doc_2.3+dfsg1-3_all.deb
 596bed967ba3dbdd9ae4a1469e8aa065b61fba8b 198724 libcctz2-dbgsym_2.3+dfsg1-3_amd64.deb
 09a197553880bff64543672564e4c850380b64e5 35644 libcctz2_2.3+dfsg1-3_amd64.deb
Checksums-Sha256:
 16421c503a40b534740b0a9c97cfbe087ec37ac43a6c25c563845168b43d372e 16036 libcctz-dev_2.3+dfsg1-3_amd64.deb
 4b2c6710051ffe341dcc4868e88ba163bd8d85f893955143c299cae615d6cf95 8120 libcctz-doc_2.3+dfsg1-3_all.deb
 7857b7ff2360a5814fd5bcbae4b7bc8020b5fc29c6545df22e8555838d451424 198724 libcctz2-dbgsym_2.3+dfsg1-3_amd64.deb
 931592dfc69df6e43007e13c37fe2a2581501e3769c8f2f7e0d11f1afcf9ba43 35644 libcctz2_2.3+dfsg1-3_amd64.deb
Build-Origin: Debian
Build-Architecture: amd64
Build-Date: Tue, 25 Feb 2020 01:31:36 +0000
Build-Path: /<<PKGBUILDDIR>>
Installed-Build-Depends:
 autoconf (= 2.69-11.1),
 automake (= 1:1.16.1-4),
 autopoint (= 0.19.8.1-10),
 autotools-dev (= 20180224.1),
 base-files (= 11),
 base-passwd (= 3.5.47),
 bash (= 5.0-5),
 binutils (= 2.34-3),
 binutils-common (= 2.34-3),
 binutils-x86-64-linux-gnu (= 2.34-3),
 bsdmainutils (= 11.1.2+b1),
 bsdutils (= 1:2.34-0.1),
 build-essential (= 12.8),
 bzip2 (= 1.0.8-2),
 clang-10 (= 1:10.0.0~+rc2-1),
 cmake (= 3.16.3-1),
 cmake-data (= 3.16.3-1),
 coreutils (= 8.30-3+b1),
 cpp (= 4:9.2.1-3.1),
 cpp-9 (= 9.2.1-29),
 dash (= 0.5.10.2-6),
 debconf (= 1.5.73),
 debhelper (= 12.9),
 debianutils (= 4.9.1),
 dh-autoreconf (= 19),
 dh-strip-nondeterminism (= 1.6.3-2),
 diffutils (= 1:3.7-3),
 dpkg (= 1.19.7),
 dpkg-dev (= 1.19.7),
 dwz (= 0.13-5),
 fdisk (= 2.34-0.1),
 file (= 1:5.38-4),
 findutils (= 4.7.0-1),
 g++ (= 4:9.2.1-3.1),
 g++-9 (= 9.2.1-29),
 gcc (= 4:9.2.1-3.1),
 gcc-10-base (= 10-20200222-1),
 gcc-9 (= 9.2.1-29),
 gcc-9-base (= 9.2.1-29),
 gettext (= 0.19.8.1-10),
 gettext-base (= 0.19.8.1-10),
 googletest (= 1.10.0-2),
 grep (= 3.4-1),
 groff-base (= 1.22.4-4),
 gzip (= 1.9-3+b1),
 hostname (= 3.23),
 init-system-helpers (= 1.57),
 intltool-debian (= 0.35.0+20060710.5),
 lib32gcc-s1 (= 10-20200222-1),
 lib32gcc1 (= 1:10-20200222-1),
 lib32stdc++6 (= 10-20200222-1),
 libacl1 (= 2.2.53-5),
 libarchive-zip-perl (= 1.67-1),
 libarchive13 (= 3.4.0-1+b1),
 libasan5 (= 9.2.1-29),
 libatomic1 (= 10-20200222-1),
 libattr1 (= 1:2.4.48-5),
 libaudit-common (= 1:2.8.5-2),
 libaudit1 (= 1:2.8.5-2+b1),
 libbenchmark-dev (= 1.5.0-4),
 libbenchmark1 (= 1.5.0-4),
 libbinutils (= 2.34-3),
 libblkid1 (= 2.34-0.1),
 libbrotli1 (= 1.0.7-6),
 libbsd0 (= 0.10.0-1),
 libbz2-1.0 (= 1.0.8-2),
 libc-bin (= 2.29-10),
 libc-dev-bin (= 2.29-10),
 libc6 (= 2.29-10),
 libc6-dev (= 2.29-10),
 libc6-i386 (= 2.29-10),
 libcap-ng0 (= 0.7.9-2.1+b1),
 libcc1-0 (= 10-20200222-1),
 libclang-common-10-dev (= 1:10.0.0~+rc2-1),
 libclang-cpp10 (= 1:10.0.0~+rc2-1),
 libclang1-10 (= 1:10.0.0~+rc2-1),
 libcom-err2 (= 1.45.5-2),
 libcroco3 (= 0.6.13-1),
 libcrypt-dev (= 1:4.4.10-10),
 libcrypt1 (= 1:4.4.10-10),
 libctf-nobfd0 (= 2.34-3),
 libctf0 (= 2.34-3),
 libcurl4 (= 7.68.0-1),
 libdb5.3 (= 5.3.28+dfsg1-0.6),
 libdebconfclient0 (= 0.251),
 libdebhelper-perl (= 12.9),
 libdpkg-perl (= 1.19.7),
 libedit2 (= 3.1-20191231-1),
 libelf1 (= 0.176-1.1),
 libexpat1 (= 2.2.9-1),
 libfdisk1 (= 2.34-0.1),
 libffi7 (= 3.3-3),
 libfile-stripnondeterminism-perl (= 1.6.3-2),
 libgc1c2 (= 1:7.6.4-0.4),
 libgcc-9-dev (= 9.2.1-29),
 libgcc-s1 (= 10-20200222-1),
 libgcc1 (= 1:10-20200222-1),
 libgcrypt20 (= 1.8.5-5),
 libgdbm-compat4 (= 1.18.1-5),
 libgdbm6 (= 1.18.1-5),
 libglib2.0-0 (= 2.62.4-2),
 libgmp10 (= 2:6.2.0+dfsg-4),
 libgnutls30 (= 3.6.12-2),
 libgomp1 (= 10-20200222-1),
 libgpg-error0 (= 1.37-1),
 libgssapi-krb5-2 (= 1.17-6),
 libhogweed5 (= 3.5.1+really3.5.1-2),
 libicu63 (= 63.2-2),
 libidn2-0 (= 2.2.0-2),
 libisl22 (= 0.22.1-1),
 libitm1 (= 10-20200222-1),
 libjsoncpp1 (= 1.7.4-3.1),
 libk5crypto3 (= 1.17-6),
 libkeyutils1 (= 1.6.1-2),
 libkrb5-3 (= 1.17-6),
 libkrb5support0 (= 1.17-6),
 libldap-2.4-2 (= 2.4.49+dfsg-1),
 libldap-common (= 2.4.49+dfsg-1),
 libllvm10 (= 1:10.0.0~+rc2-1),
 liblsan0 (= 10-20200222-1),
 liblz4-1 (= 1.9.2-2),
 liblzma5 (= 5.2.4-1+b1),
 libmagic-mgc (= 1:5.38-4),
 libmagic1 (= 1:5.38-4),
 libmount1 (= 2.34-0.1),
 libmpc3 (= 1.1.0-1),
 libmpfr6 (= 4.0.2-1),
 libncurses6 (= 6.1+20191019-1),
 libncursesw6 (= 6.1+20191019-1),
 libnettle7 (= 3.5.1+really3.5.1-2),
 libnghttp2-14 (= 1.40.0-1),
 libobjc-9-dev (= 9.2.1-29),
 libobjc4 (= 10-20200222-1),
 libp11-kit0 (= 0.23.20-1),
 libpam-modules (= 1.3.1-5),
 libpam-modules-bin (= 1.3.1-5),
 libpam-runtime (= 1.3.1-5),
 libpam0g (= 1.3.1-5),
 libpcre2-8-0 (= 10.34-7),
 libpcre3 (= 2:8.39-12+b1),
 libperl5.30 (= 5.30.0-9),
 libpipeline1 (= 1.5.2-2),
 libprocps8 (= 2:3.3.16-1+b1),
 libpsl5 (= 0.20.2-2),
 libquadmath0 (= 10-20200222-1),
 librhash0 (= 1.3.9-1),
 librtmp1 (= 2.4+20151223.gitfa8646d.1-2+b1),
 libsasl2-2 (= 2.1.27+dfsg-2),
 libsasl2-modules-db (= 2.1.27+dfsg-2),
 libseccomp2 (= 2.4.2-2),
 libselinux1 (= 3.0-1+b1),
 libsigsegv2 (= 2.12-2),
 libsmartcols1 (= 2.34-0.1),
 libssh2-1 (= 1.8.0-2.1),
 libssl1.1 (= 1.1.1d-2),
 libstdc++-9-dev (= 9.2.1-29),
 libstdc++6 (= 10-20200222-1),
 libsub-override-perl (= 0.09-2),
 libsystemd0 (= 244.3-1),
 libtasn1-6 (= 4.16.0-2),
 libtinfo6 (= 6.1+20191019-1),
 libtool (= 2.4.6-13),
 libtsan0 (= 10-20200222-1),
 libubsan1 (= 10-20200222-1),
 libuchardet0 (= 0.0.6-3),
 libudev1 (= 244.3-1),
 libunistring2 (= 0.9.10-2),
 libuuid1 (= 2.34-0.1),
 libuv1 (= 1.34.2-1),
 libxml2 (= 2.9.10+dfsg-3),
 libz3-4 (= 4.8.7-4),
 libzstd1 (= 1.4.4+dfsg-3),
 linux-libc-dev (= 5.4.19-1),
 login (= 1:4.8.1-1),
 lsb-base (= 11.1.0),
 m4 (= 1.4.18-4),
 make (= 4.2.1-1.2),
 man-db (= 2.9.0-2),
 mawk (= 1.3.4.20200120-2),
 ncurses-base (= 6.1+20191019-1),
 ncurses-bin (= 6.1+20191019-1),
 patch (= 2.7.6-6),
 perl (= 5.30.0-9),
 perl-base (= 5.30.0-9),
 perl-modules-5.30 (= 5.30.0-9),
 po-debconf (= 1.0.21),
 procps (= 2:3.3.16-1+b1),
 sed (= 4.7-1),
 sensible-utils (= 0.0.12+nmu1),
 sysvinit-utils (= 2.96-2.1),
 tar (= 1.30+dfsg-6+b1),
 tzdata (= 2019c-3),
 util-linux (= 2.34-0.1),
 xz-utils (= 5.2.4-1+b1),
 zlib1g (= 1:1.2.11.dfsg-1.2)
Environment:
 DEB_BUILD_OPTIONS="parallel=4"
 LANG="C.UTF-8"
 LC_ALL="C.UTF-8"
 SOURCE_DATE_EPOCH="1578942993"


+------------------------------------------------------------------------------+
| Package contents                                                             |
+------------------------------------------------------------------------------+


libcctz-dev_2.3+dfsg1-3_amd64.deb
---------------------------------

 new Debian package, version 2.0.
 size 16036 bytes: control archive=872 bytes.
     653 bytes,    18 lines      control              
     418 bytes,     6 lines      md5sums              
 Package: libcctz-dev
 Source: cctz
 Version: 2.3+dfsg1-3
 Architecture: amd64
 Maintainer: Debian Science Team <debian-science-maintainers@lists.alioth.debian.org>
 Installed-Size: 66
 Depends: libcctz2 (= 2.3+dfsg1-3)
 Recommends: tzdata
 Suggests: libcctz-doc
 Section: libdevel
 Priority: optional
 Homepage: https://github.com/google/cctz
 Description: Library for computing dates, times and time zones, development files
  CCTZ contains two libraries that cooperate with `<chrono>` to give C++
  programmers all the necessary tools for computing with dates, times, and time
  zones in a simple and correct manner.
  .
  This package contains the development files.

drwxr-xr-x root/root         0 2020-01-13 19:16 ./
drwxr-xr-x root/root         0 2020-01-13 19:16 ./usr/
drwxr-xr-x root/root         0 2020-01-13 19:16 ./usr/include/
drwxr-xr-x root/root         0 2020-01-13 19:16 ./usr/include/cctz/
-rw-r--r-- root/root     13348 2019-04-03 21:33 ./usr/include/cctz/civil_time.h
-rw-r--r-- root/root     19130 2019-04-03 21:33 ./usr/include/cctz/civil_time_detail.h
-rw-r--r-- root/root     16223 2019-04-03 21:33 ./usr/include/cctz/time_zone.h
-rw-r--r-- root/root      3341 2019-04-03 21:33 ./usr/include/cctz/zone_info_source.h
drwxr-xr-x root/root         0 2020-01-13 19:16 ./usr/lib/
drwxr-xr-x root/root         0 2020-01-13 19:16 ./usr/lib/x86_64-linux-gnu/
lrwxrwxrwx root/root         0 2020-01-13 19:16 ./usr/lib/x86_64-linux-gnu/libcctz.so -> libcctz.so.2
drwxr-xr-x root/root         0 2020-01-13 19:16 ./usr/share/
drwxr-xr-x root/root         0 2020-01-13 19:16 ./usr/share/doc/
drwxr-xr-x root/root         0 2020-01-13 19:16 ./usr/share/doc/libcctz-dev/
-rw-r--r-- root/root       751 2020-01-13 19:16 ./usr/share/doc/libcctz-dev/changelog.Debian.gz
-rw-r--r-- root/root       399 2020-01-13 19:15 ./usr/share/doc/libcctz-dev/copyright


libcctz-doc_2.3+dfsg1-3_all.deb
-------------------------------

 new Debian package, version 2.0.
 size 8120 bytes: control archive=928 bytes.
     582 bytes,    15 lines      control              
     789 bytes,    10 lines      md5sums              
 Package: libcctz-doc
 Source: cctz
 Version: 2.3+dfsg1-3
 Architecture: all
 Maintainer: Debian Science Team <debian-science-maintainers@lists.alioth.debian.org>
 Installed-Size: 28
 Section: doc
 Priority: optional
 Homepage: https://github.com/google/cctz
 Description: Library for computing dates, times and time zones, documentation
  CCTZ contains two libraries that cooperate with `<chrono>` to give C++
  programmers all the necessary tools for computing with dates, times, and time
  zones in a simple and correct manner.
  .
  This package contains tools and documentation and examples.

drwxr-xr-x root/root         0 2020-01-13 19:16 ./
drwxr-xr-x root/root         0 2020-01-13 19:16 ./usr/
drwxr-xr-x root/root         0 2020-01-13 19:16 ./usr/share/
drwxr-xr-x root/root         0 2020-01-13 19:16 ./usr/share/doc/
drwxr-xr-x root/root         0 2020-01-13 19:16 ./usr/share/doc/libcctz-dev/
-rw-r--r-- root/root      3965 2019-04-03 21:33 ./usr/share/doc/libcctz-dev/README.md.gz
drwxr-xr-x root/root         0 2020-01-13 19:16 ./usr/share/doc/libcctz-dev/examples/
-rw-r--r-- root/root      1271 2019-04-03 21:33 ./usr/share/doc/libcctz-dev/examples/classic.cc
-rw-r--r-- root/root      1498 2019-04-03 21:33 ./usr/share/doc/libcctz-dev/examples/epoch_shift.cc
-rw-r--r-- root/root      1144 2019-04-03 21:33 ./usr/share/doc/libcctz-dev/examples/example1.cc
-rw-r--r-- root/root      1147 2019-04-03 21:33 ./usr/share/doc/libcctz-dev/examples/example2.cc
-rw-r--r-- root/root      1184 2019-04-03 21:33 ./usr/share/doc/libcctz-dev/examples/example3.cc
-rw-r--r-- root/root      1272 2019-04-03 21:33 ./usr/share/doc/libcctz-dev/examples/example4.cc
-rw-r--r-- root/root      1264 2019-04-03 21:33 ./usr/share/doc/libcctz-dev/examples/hello.cc
drwxr-xr-x root/root         0 2020-01-13 19:16 ./usr/share/doc/libcctz-doc/
-rw-r--r-- root/root       751 2020-01-13 19:16 ./usr/share/doc/libcctz-doc/changelog.Debian.gz
-rw-r--r-- root/root       399 2020-01-13 19:15 ./usr/share/doc/libcctz-doc/copyright


libcctz2-dbgsym_2.3+dfsg1-3_amd64.deb
-------------------------------------

 new Debian package, version 2.0.
 size 198724 bytes: control archive=552 bytes.
     395 bytes,    13 lines      control              
     106 bytes,     1 lines      md5sums              
 Package: libcctz2-dbgsym
 Source: cctz
 Version: 2.3+dfsg1-3
 Auto-Built-Package: debug-symbols
 Architecture: amd64
 Maintainer: Debian Science Team <debian-science-maintainers@lists.alioth.debian.org>
 Installed-Size: 223
 Depends: libcctz2 (= 2.3+dfsg1-3)
 Section: debug
 Priority: optional
 Multi-Arch: same
 Description: debug symbols for libcctz2
 Build-Ids: cb47439e88df68f488949e136218262d15e64740

drwxr-xr-x root/root         0 2020-01-13 19:16 ./
drwxr-xr-x root/root         0 2020-01-13 19:16 ./usr/
drwxr-xr-x root/root         0 2020-01-13 19:16 ./usr/lib/
drwxr-xr-x root/root         0 2020-01-13 19:16 ./usr/lib/debug/
drwxr-xr-x root/root         0 2020-01-13 19:16 ./usr/lib/debug/.build-id/
drwxr-xr-x root/root         0 2020-01-13 19:16 ./usr/lib/debug/.build-id/cb/
-rw-r--r-- root/root    217176 2020-01-13 19:16 ./usr/lib/debug/.build-id/cb/47439e88df68f488949e136218262d15e64740.debug
drwxr-xr-x root/root         0 2020-01-13 19:16 ./usr/share/
drwxr-xr-x root/root         0 2020-01-13 19:16 ./usr/share/doc/
lrwxrwxrwx root/root         0 2020-01-13 19:16 ./usr/share/doc/libcctz2-dbgsym -> libcctz2


libcctz2_2.3+dfsg1-3_amd64.deb
------------------------------

 new Debian package, version 2.0.
 size 35644 bytes: control archive=896 bytes.
     647 bytes,    17 lines      control              
     224 bytes,     3 lines      md5sums              
      34 bytes,     1 lines      shlibs               
      65 bytes,     2 lines      triggers             
 Package: libcctz2
 Source: cctz
 Version: 2.3+dfsg1-3
 Architecture: amd64
 Maintainer: Debian Science Team <debian-science-maintainers@lists.alioth.debian.org>
 Installed-Size: 112
 Depends: libc6 (>= 2.14), libgcc-s1 (>= 3.0), libstdc++6 (>= 9)
 Section: libs
 Priority: optional
 Multi-Arch: same
 Homepage: https://github.com/google/cctz
 Description: Library for computing dates, times and time zones, shared library
  CCTZ contains two libraries that cooperate with `<chrono>` to give C++
  programmers all the necessary tools for computing with dates, times, and time
  zones in a simple and correct manner.
  .
  This package contains the shared library.

drwxr-xr-x root/root         0 2020-01-13 19:16 ./
drwxr-xr-x root/root         0 2020-01-13 19:16 ./usr/
drwxr-xr-x root/root         0 2020-01-13 19:16 ./usr/lib/
drwxr-xr-x root/root         0 2020-01-13 19:16 ./usr/lib/x86_64-linux-gnu/
lrwxrwxrwx root/root         0 2020-01-13 19:16 ./usr/lib/x86_64-linux-gnu/libcctz.so.2 -> libcctz.so.2.3+dfsg1
-rw-r--r-- root/root    100432 2020-01-13 19:16 ./usr/lib/x86_64-linux-gnu/libcctz.so.2.3+dfsg1
drwxr-xr-x root/root         0 2020-01-13 19:16 ./usr/share/
drwxr-xr-x root/root         0 2020-01-13 19:16 ./usr/share/doc/
drwxr-xr-x root/root         0 2020-01-13 19:16 ./usr/share/doc/libcctz2/
-rw-r--r-- root/root       751 2020-01-13 19:16 ./usr/share/doc/libcctz2/changelog.Debian.gz
-rw-r--r-- root/root       399 2020-01-13 19:15 ./usr/share/doc/libcctz2/copyright


+------------------------------------------------------------------------------+
| Post Build                                                                   |
+------------------------------------------------------------------------------+


+------------------------------------------------------------------------------+
| Cleanup                                                                      |
+------------------------------------------------------------------------------+

Purging /<<BUILDDIR>>
Not cleaning session: cloned chroot in use

+------------------------------------------------------------------------------+
| Summary                                                                      |
+------------------------------------------------------------------------------+

Build Architecture: amd64
Build Type: binary
Build-Space: 81984
Build-Time: 107
Distribution: unstable
Host Architecture: amd64
Install-Time: 13
Job: cctz_2.3+dfsg1-3
Machine Architecture: amd64
Package: cctz
Package-Time: 138
Source-Version: 2.3+dfsg1-3
Space: 81984
Status: successful
Version: 2.3+dfsg1-3
--------------------------------------------------------------------------------
Finished at 2020-02-25T01:31:36Z
Build needed 00:02:18, 81984k disk space
DC-Status: OK 142.426159901s
