DC-Build-Header: eperl 2.2.14-23 / 2020-02-25 06:38:54 +0000
DC-Task: type:rebuild-binarch-only source:eperl version:2.2.14-23 chroot:unstable esttime:50 logfile:/tmp/eperl_2.2.14-23_unstable_clang10.log modes:clang10:binarch-only
DC-Sbuild-call: su user42 -c 'sbuild -n --arch-any --apt-update -d unstable -v --no-run-lintian --chroot-setup-commands=/tmp/clang10 eperl_2.2.14-23'
sbuild (Debian sbuild) 0.78.1 (09 February 2019) on ip-172-31-14-158.eu-central-1.compute.internal

+==============================================================================+
| eperl 2.2.14-23 (amd64)                      Tue, 25 Feb 2020 06:38:54 +0000 |
+==============================================================================+

Package: eperl
Version: 2.2.14-23
Source Version: 2.2.14-23
Distribution: unstable
Machine Architecture: amd64
Host Architecture: amd64
Build Architecture: amd64
Build Type: binary

I: NOTICE: Log filtering will replace 'var/run/schroot/mount/sid-amd64-sbuild-1c9a0025-0833-4d02-a0dc-a8faf1a73a10' with '<<CHROOT>>'

+------------------------------------------------------------------------------+
| Chroot Setup Commands                                                        |
+------------------------------------------------------------------------------+


/tmp/clang10
------------

+ echo 'Entering customization script...'
Entering customization script...
+ CLANG_VERSION=10
+ echo 'Install of clang-10'
Install of clang-10
+ apt-get update
Get:1 http://127.0.0.1:12990/debian sid InRelease [142 kB]
Get:2 http://127.0.0.1:12990/debian sid/main Sources.diff/Index [27.9 kB]
Get:3 http://127.0.0.1:12990/debian sid/main amd64 Packages.diff/Index [27.9 kB]
Get:4 http://127.0.0.1:12990/debian sid/main Sources 2020-02-24-0823.32.pdiff [11.0 kB]
Get:5 http://127.0.0.1:12990/debian sid/main Sources 2020-02-24-1420.34.pdiff [30.2 kB]
Get:6 http://127.0.0.1:12990/debian sid/main Sources 2020-02-24-2014.03.pdiff [16.9 kB]
Get:7 http://127.0.0.1:12990/debian sid/main Sources 2020-02-25-0213.11.pdiff [23.2 kB]
Get:8 http://127.0.0.1:12990/debian sid/main amd64 Packages 2020-02-24-0823.32.pdiff [15.5 kB]
Get:7 http://127.0.0.1:12990/debian sid/main Sources 2020-02-25-0213.11.pdiff [23.2 kB]
Get:9 http://127.0.0.1:12990/debian sid/main amd64 Packages 2020-02-24-1420.34.pdiff [27.5 kB]
Get:10 http://127.0.0.1:12990/debian sid/main amd64 Packages 2020-02-24-2014.03.pdiff [21.6 kB]
Get:11 http://127.0.0.1:12990/debian sid/main amd64 Packages 2020-02-25-0213.11.pdiff [35.0 kB]
Get:11 http://127.0.0.1:12990/debian sid/main amd64 Packages 2020-02-25-0213.11.pdiff [35.0 kB]
Get:12 http://127.0.0.1:12990/debian sid/main Translation-en [6193 kB]
Fetched 6572 kB in 2s (3301 kB/s)
Reading package lists...
+ apt-get install --yes --no-install-recommends --force-yes clang-10 libomp-10-dev libobjc-9-dev
Reading package lists...
Building dependency tree...
The following additional packages will be installed:
  lib32gcc-s1 lib32gcc1 lib32stdc++6 libbsd0 libc6-i386 libclang-common-10-dev
  libclang-cpp10 libclang1-10 libedit2 libgc1c2 libllvm10 libobjc4 libomp5-10
  libz3-4
Suggested packages:
  clang-10-doc libomp-10-doc
Recommended packages:
  llvm-10-dev python3
The following NEW packages will be installed:
  clang-10 lib32gcc-s1 lib32gcc1 lib32stdc++6 libbsd0 libc6-i386
  libclang-common-10-dev libclang-cpp10 libclang1-10 libedit2 libgc1c2
  libllvm10 libobjc-9-dev libobjc4 libomp-10-dev libomp5-10 libz3-4
0 upgraded, 17 newly installed, 0 to remove and 2 not upgraded.
Need to get 46.4 MB of archives.
After this operation, 238 MB of additional disk space will be used.
Get:1 http://127.0.0.1:12990/debian sid/main amd64 libbsd0 amd64 0.10.0-1 [107 kB]
Get:2 http://127.0.0.1:12990/debian sid/main amd64 libedit2 amd64 3.1-20191231-1 [95.4 kB]
Get:3 http://127.0.0.1:12990/debian sid/main amd64 libz3-4 amd64 4.8.7-4 [6790 kB]
Get:4 http://127.0.0.1:12990/debian sid/main amd64 libllvm10 amd64 1:10.0.0~+rc2-1 [15.5 MB]
Get:5 http://127.0.0.1:12990/debian sid/main amd64 libclang-cpp10 amd64 1:10.0.0~+rc2-1 [9069 kB]
Get:6 http://127.0.0.1:12990/debian sid/main amd64 libgc1c2 amd64 1:7.6.4-0.4 [224 kB]
Get:7 http://127.0.0.1:12990/debian sid/main amd64 libobjc4 amd64 10-20200222-1 [41.6 kB]
Get:8 http://127.0.0.1:12990/debian sid/main amd64 libobjc-9-dev amd64 9.2.1-29 [219 kB]
Get:9 http://127.0.0.1:12990/debian sid/main amd64 libc6-i386 amd64 2.29-10 [2918 kB]
Get:10 http://127.0.0.1:12990/debian sid/main amd64 lib32gcc-s1 amd64 10-20200222-1 [49.4 kB]
Get:11 http://127.0.0.1:12990/debian sid/main amd64 lib32gcc1 amd64 1:10-20200222-1 [1104 B]
Get:12 http://127.0.0.1:12990/debian sid/main amd64 lib32stdc++6 amd64 10-20200222-1 [510 kB]
Get:13 http://127.0.0.1:12990/debian sid/main amd64 libclang-common-10-dev amd64 1:10.0.0~+rc2-1 [2782 kB]
Get:14 http://127.0.0.1:12990/debian sid/main amd64 libclang1-10 amd64 1:10.0.0~+rc2-1 [7607 kB]
Get:15 http://127.0.0.1:12990/debian sid/main amd64 clang-10 amd64 1:10.0.0~+rc2-1 [103 kB]
Get:16 http://127.0.0.1:12990/debian sid/main amd64 libomp5-10 amd64 1:10.0.0~+rc2-1 [337 kB]
Get:17 http://127.0.0.1:12990/debian sid/main amd64 libomp-10-dev amd64 1:10.0.0~+rc2-1 [84.3 kB]
debconf: delaying package configuration, since apt-utils is not installed
Fetched 46.4 MB in 2s (24.1 MB/s)
Selecting previously unselected package libbsd0:amd64.
(Reading database ... (Reading database ... 5%(Reading database ... 10%(Reading database ... 15%(Reading database ... 20%(Reading database ... 25%(Reading database ... 30%(Reading database ... 35%(Reading database ... 40%(Reading database ... 45%(Reading database ... 50%(Reading database ... 55%(Reading database ... 60%(Reading database ... 65%(Reading database ... 70%(Reading database ... 75%(Reading database ... 80%(Reading database ... 85%(Reading database ... 90%(Reading database ... 95%(Reading database ... 100%(Reading database ... 12119 files and directories currently installed.)
Preparing to unpack .../00-libbsd0_0.10.0-1_amd64.deb ...
Unpacking libbsd0:amd64 (0.10.0-1) ...
Selecting previously unselected package libedit2:amd64.
Preparing to unpack .../01-libedit2_3.1-20191231-1_amd64.deb ...
Unpacking libedit2:amd64 (3.1-20191231-1) ...
Selecting previously unselected package libz3-4:amd64.
Preparing to unpack .../02-libz3-4_4.8.7-4_amd64.deb ...
Unpacking libz3-4:amd64 (4.8.7-4) ...
Selecting previously unselected package libllvm10:amd64.
Preparing to unpack .../03-libllvm10_1%3a10.0.0~+rc2-1_amd64.deb ...
Unpacking libllvm10:amd64 (1:10.0.0~+rc2-1) ...
Selecting previously unselected package libclang-cpp10.
Preparing to unpack .../04-libclang-cpp10_1%3a10.0.0~+rc2-1_amd64.deb ...
Unpacking libclang-cpp10 (1:10.0.0~+rc2-1) ...
Selecting previously unselected package libgc1c2:amd64.
Preparing to unpack .../05-libgc1c2_1%3a7.6.4-0.4_amd64.deb ...
Unpacking libgc1c2:amd64 (1:7.6.4-0.4) ...
Selecting previously unselected package libobjc4:amd64.
Preparing to unpack .../06-libobjc4_10-20200222-1_amd64.deb ...
Unpacking libobjc4:amd64 (10-20200222-1) ...
Selecting previously unselected package libobjc-9-dev:amd64.
Preparing to unpack .../07-libobjc-9-dev_9.2.1-29_amd64.deb ...
Unpacking libobjc-9-dev:amd64 (9.2.1-29) ...
Selecting previously unselected package libc6-i386.
Preparing to unpack .../08-libc6-i386_2.29-10_amd64.deb ...
Unpacking libc6-i386 (2.29-10) ...
Selecting previously unselected package lib32gcc-s1.
Preparing to unpack .../09-lib32gcc-s1_10-20200222-1_amd64.deb ...
Unpacking lib32gcc-s1 (10-20200222-1) ...
Selecting previously unselected package lib32gcc1.
Preparing to unpack .../10-lib32gcc1_1%3a10-20200222-1_amd64.deb ...
Unpacking lib32gcc1 (1:10-20200222-1) ...
Selecting previously unselected package lib32stdc++6.
Preparing to unpack .../11-lib32stdc++6_10-20200222-1_amd64.deb ...
Unpacking lib32stdc++6 (10-20200222-1) ...
Selecting previously unselected package libclang-common-10-dev.
Preparing to unpack .../12-libclang-common-10-dev_1%3a10.0.0~+rc2-1_amd64.deb ...
Unpacking libclang-common-10-dev (1:10.0.0~+rc2-1) ...
Selecting previously unselected package libclang1-10.
Preparing to unpack .../13-libclang1-10_1%3a10.0.0~+rc2-1_amd64.deb ...
Unpacking libclang1-10 (1:10.0.0~+rc2-1) ...
Selecting previously unselected package clang-10.
Preparing to unpack .../14-clang-10_1%3a10.0.0~+rc2-1_amd64.deb ...
Unpacking clang-10 (1:10.0.0~+rc2-1) ...
Selecting previously unselected package libomp5-10:amd64.
Preparing to unpack .../15-libomp5-10_1%3a10.0.0~+rc2-1_amd64.deb ...
Unpacking libomp5-10:amd64 (1:10.0.0~+rc2-1) ...
Selecting previously unselected package libomp-10-dev.
Preparing to unpack .../16-libomp-10-dev_1%3a10.0.0~+rc2-1_amd64.deb ...
Unpacking libomp-10-dev (1:10.0.0~+rc2-1) ...
Setting up libgc1c2:amd64 (1:7.6.4-0.4) ...
Setting up libobjc4:amd64 (10-20200222-1) ...
Setting up libz3-4:amd64 (4.8.7-4) ...
Setting up libobjc-9-dev:amd64 (9.2.1-29) ...
Setting up libomp5-10:amd64 (1:10.0.0~+rc2-1) ...
Setting up libc6-i386 (2.29-10) ...
Setting up libbsd0:amd64 (0.10.0-1) ...
Setting up libomp-10-dev (1:10.0.0~+rc2-1) ...
Setting up libedit2:amd64 (3.1-20191231-1) ...
Setting up libllvm10:amd64 (1:10.0.0~+rc2-1) ...
Setting up lib32gcc-s1 (10-20200222-1) ...
Setting up libclang1-10 (1:10.0.0~+rc2-1) ...
Setting up lib32gcc1 (1:10-20200222-1) ...
Setting up libclang-cpp10 (1:10.0.0~+rc2-1) ...
Setting up lib32stdc++6 (10-20200222-1) ...
Setting up libclang-common-10-dev (1:10.0.0~+rc2-1) ...
Setting up clang-10 (1:10.0.0~+rc2-1) ...
Processing triggers for libc-bin (2.29-10) ...
W: --force-yes is deprecated, use one of the options starting with --allow instead.
+ echo 'Replace gcc, g++ & cpp by clang'
Replace gcc, g++ & cpp by clang
+ VERSIONS='4.6 4.7 4.8 4.9 5 6 7 8 9 10'
+ cd /usr/bin
+ for VERSION in $VERSIONS
+ rm -f g++-4.6 gcc-4.6 cpp-4.6 gcc
+ ln -s clang++-10 g++-4.6
+ ln -s clang-10 gcc-4.6
+ ln -s clang-10 cpp-4.6
+ ln -s clang-10 gcc
+ echo 'gcc-4.6 hold'
+ dpkg --set-selections
dpkg: warning: package not in status nor available database at line 1: gcc-4.6
dpkg: warning: found unknown packages; this might mean the available database
is outdated, and needs to be updated through a frontend method;
please see the FAQ <https://wiki.debian.org/Teams/Dpkg/FAQ>
+ echo 'g++-4.6 hold'
+ dpkg --set-selections
dpkg: warning: package not in status nor available database at line 1: g++-4.6
dpkg: warning: found unknown packages; this might mean the available database
is outdated, and needs to be updated through a frontend method;
please see the FAQ <https://wiki.debian.org/Teams/Dpkg/FAQ>
+ for VERSION in $VERSIONS
+ rm -f g++-4.7 gcc-4.7 cpp-4.7 gcc
+ ln -s clang++-10 g++-4.7
+ ln -s clang-10 gcc-4.7
+ ln -s clang-10 cpp-4.7
+ ln -s clang-10 gcc
+ echo 'gcc-4.7 hold'
+ dpkg --set-selections
dpkg: warning: package not in status nor available database at line 1: gcc-4.7
dpkg: warning: found unknown packages; this might mean the available database
is outdated, and needs to be updated through a frontend method;
please see the FAQ <https://wiki.debian.org/Teams/Dpkg/FAQ>
+ echo 'g++-4.7 hold'
+ dpkg --set-selections
dpkg: warning: package not in status nor available database at line 1: g++-4.7
dpkg: warning: found unknown packages; this might mean the available database
is outdated, and needs to be updated through a frontend method;
please see the FAQ <https://wiki.debian.org/Teams/Dpkg/FAQ>
+ for VERSION in $VERSIONS
+ rm -f g++-4.8 gcc-4.8 cpp-4.8 gcc
+ ln -s clang++-10 g++-4.8
+ ln -s clang-10 gcc-4.8
+ ln -s clang-10 cpp-4.8
+ ln -s clang-10 gcc
+ echo 'gcc-4.8 hold'
+ dpkg --set-selections
dpkg: warning: package not in status nor available database at line 1: gcc-4.8
dpkg: warning: found unknown packages; this might mean the available database
is outdated, and needs to be updated through a frontend method;
please see the FAQ <https://wiki.debian.org/Teams/Dpkg/FAQ>
+ echo 'g++-4.8 hold'
+ dpkg --set-selections
dpkg: warning: package not in status nor available database at line 1: g++-4.8
dpkg: warning: found unknown packages; this might mean the available database
is outdated, and needs to be updated through a frontend method;
please see the FAQ <https://wiki.debian.org/Teams/Dpkg/FAQ>
+ for VERSION in $VERSIONS
+ rm -f g++-4.9 gcc-4.9 cpp-4.9 gcc
+ ln -s clang++-10 g++-4.9
+ ln -s clang-10 gcc-4.9
+ ln -s clang-10 cpp-4.9
+ ln -s clang-10 gcc
+ echo 'gcc-4.9 hold'
+ dpkg --set-selections
dpkg: warning: package not in status nor available database at line 1: gcc-4.9
dpkg: warning: found unknown packages; this might mean the available database
is outdated, and needs to be updated through a frontend method;
please see the FAQ <https://wiki.debian.org/Teams/Dpkg/FAQ>
+ echo 'g++-4.9 hold'
+ dpkg --set-selections
dpkg: warning: package not in status nor available database at line 1: g++-4.9
dpkg: warning: found unknown packages; this might mean the available database
is outdated, and needs to be updated through a frontend method;
please see the FAQ <https://wiki.debian.org/Teams/Dpkg/FAQ>
+ for VERSION in $VERSIONS
+ rm -f g++-5 gcc-5 cpp-5 gcc
+ ln -s clang++-10 g++-5
+ ln -s clang-10 gcc-5
+ ln -s clang-10 cpp-5
+ ln -s clang-10 gcc
+ echo 'gcc-5 hold'
+ dpkg --set-selections
dpkg: warning: package not in status nor available database at line 1: gcc-5
dpkg: warning: found unknown packages; this might mean the available database
is outdated, and needs to be updated through a frontend method;
please see the FAQ <https://wiki.debian.org/Teams/Dpkg/FAQ>
+ echo 'g++-5 hold'
+ dpkg --set-selections
dpkg: warning: package not in status nor available database at line 1: g++-5
dpkg: warning: found unknown packages; this might mean the available database
is outdated, and needs to be updated through a frontend method;
please see the FAQ <https://wiki.debian.org/Teams/Dpkg/FAQ>
+ for VERSION in $VERSIONS
+ rm -f g++-6 gcc-6 cpp-6 gcc
+ ln -s clang++-10 g++-6
+ ln -s clang-10 gcc-6
+ ln -s clang-10 cpp-6
+ ln -s clang-10 gcc
+ echo 'gcc-6 hold'
+ dpkg --set-selections
dpkg: warning: package not in status nor available database at line 1: gcc-6
dpkg: warning: found unknown packages; this might mean the available database
is outdated, and needs to be updated through a frontend method;
please see the FAQ <https://wiki.debian.org/Teams/Dpkg/FAQ>
+ echo 'g++-6 hold'
+ dpkg --set-selections
dpkg: warning: package not in status nor available database at line 1: g++-6
dpkg: warning: found unknown packages; this might mean the available database
is outdated, and needs to be updated through a frontend method;
please see the FAQ <https://wiki.debian.org/Teams/Dpkg/FAQ>
+ for VERSION in $VERSIONS
+ rm -f g++-7 gcc-7 cpp-7 gcc
+ ln -s clang++-10 g++-7
+ ln -s clang-10 gcc-7
+ ln -s clang-10 cpp-7
+ ln -s clang-10 gcc
+ echo 'gcc-7 hold'
+ dpkg --set-selections
dpkg: warning: package not in status nor available database at line 1: gcc-7
dpkg: warning: found unknown packages; this might mean the available database
is outdated, and needs to be updated through a frontend method;
please see the FAQ <https://wiki.debian.org/Teams/Dpkg/FAQ>
+ echo 'g++-7 hold'
+ dpkg --set-selections
dpkg: warning: package not in status nor available database at line 1: g++-7
dpkg: warning: found unknown packages; this might mean the available database
is outdated, and needs to be updated through a frontend method;
please see the FAQ <https://wiki.debian.org/Teams/Dpkg/FAQ>
+ for VERSION in $VERSIONS
+ rm -f g++-8 gcc-8 cpp-8 gcc
+ ln -s clang++-10 g++-8
+ ln -s clang-10 gcc-8
+ ln -s clang-10 cpp-8
+ ln -s clang-10 gcc
+ echo 'gcc-8 hold'
+ dpkg --set-selections
dpkg: warning: package not in status nor available database at line 1: gcc-8
dpkg: warning: found unknown packages; this might mean the available database
is outdated, and needs to be updated through a frontend method;
please see the FAQ <https://wiki.debian.org/Teams/Dpkg/FAQ>
+ echo 'g++-8 hold'
+ dpkg --set-selections
dpkg: warning: package not in status nor available database at line 1: g++-8
dpkg: warning: found unknown packages; this might mean the available database
is outdated, and needs to be updated through a frontend method;
please see the FAQ <https://wiki.debian.org/Teams/Dpkg/FAQ>
+ for VERSION in $VERSIONS
+ rm -f g++-9 gcc-9 cpp-9 gcc
+ ln -s clang++-10 g++-9
+ ln -s clang-10 gcc-9
+ ln -s clang-10 cpp-9
+ ln -s clang-10 gcc
+ echo 'gcc-9 hold'
+ dpkg --set-selections
+ echo 'g++-9 hold'
+ dpkg --set-selections
+ for VERSION in $VERSIONS
+ rm -f g++-10 gcc-10 cpp-10 gcc
+ ln -s clang++-10 g++-10
+ ln -s clang-10 gcc-10
+ ln -s clang-10 cpp-10
+ ln -s clang-10 gcc
+ echo 'gcc-10 hold'
+ dpkg --set-selections
dpkg: warning: package not in status nor available database at line 1: gcc-10
dpkg: warning: found unknown packages; this might mean the available database
is outdated, and needs to be updated through a frontend method;
please see the FAQ <https://wiki.debian.org/Teams/Dpkg/FAQ>
+ echo 'g++-10 hold'
+ dpkg --set-selections
dpkg: warning: package not in status nor available database at line 1: g++-10
dpkg: warning: found unknown packages; this might mean the available database
is outdated, and needs to be updated through a frontend method;
please see the FAQ <https://wiki.debian.org/Teams/Dpkg/FAQ>
+ cd -
/build/eperl-U9bYhB
+ echo 'Check if gcc, g++ & cpp are actually clang'
Check if gcc, g++ & cpp are actually clang
+ gcc --version
+ grep clang
+ cpp --version
+ grep clang
+ g++ --version
+ grep clang

I: Finished running '/tmp/clang10'.

Finished processing commands.
--------------------------------------------------------------------------------
I: NOTICE: Log filtering will replace 'build/eperl-U9bYhB/resolver-ipUK9G' with '<<RESOLVERDIR>>'

+------------------------------------------------------------------------------+
| Update chroot                                                                |
+------------------------------------------------------------------------------+

Hit:1 http://127.0.0.1:12990/debian sid InRelease
Reading package lists...
Reading package lists...
Building dependency tree...
Reading state information...
Calculating upgrade...
The following packages will be upgraded:
  libgmp10 zlib1g
2 upgraded, 0 newly installed, 0 to remove and 0 not upgraded.
Need to get 343 kB of archives.
After this operation, 0 B of additional disk space will be used.
Get:1 http://127.0.0.1:12990/debian sid/main amd64 libgmp10 amd64 2:6.2.0+dfsg-4 [253 kB]
Get:2 http://127.0.0.1:12990/debian sid/main amd64 zlib1g amd64 1:1.2.11.dfsg-2 [90.4 kB]
debconf: delaying package configuration, since apt-utils is not installed
Fetched 343 kB in 0s (2426 kB/s)
(Reading database ... (Reading database ... 5%(Reading database ... 10%(Reading database ... 15%(Reading database ... 20%(Reading database ... 25%(Reading database ... 30%(Reading database ... 35%(Reading database ... 40%(Reading database ... 45%(Reading database ... 50%(Reading database ... 55%(Reading database ... 60%(Reading database ... 65%(Reading database ... 70%(Reading database ... 75%(Reading database ... 80%(Reading database ... 85%(Reading database ... 90%(Reading database ... 95%(Reading database ... 100%(Reading database ... 12960 files and directories currently installed.)
Preparing to unpack .../libgmp10_2%3a6.2.0+dfsg-4_amd64.deb ...
Unpacking libgmp10:amd64 (2:6.2.0+dfsg-4) over (2:6.2.0+dfsg-3) ...
Setting up libgmp10:amd64 (2:6.2.0+dfsg-4) ...
(Reading database ... (Reading database ... 5%(Reading database ... 10%(Reading database ... 15%(Reading database ... 20%(Reading database ... 25%(Reading database ... 30%(Reading database ... 35%(Reading database ... 40%(Reading database ... 45%(Reading database ... 50%(Reading database ... 55%(Reading database ... 60%(Reading database ... 65%(Reading database ... 70%(Reading database ... 75%(Reading database ... 80%(Reading database ... 85%(Reading database ... 90%(Reading database ... 95%(Reading database ... 100%(Reading database ... 12960 files and directories currently installed.)
Preparing to unpack .../zlib1g_1%3a1.2.11.dfsg-2_amd64.deb ...
Unpacking zlib1g:amd64 (1:1.2.11.dfsg-2) over (1:1.2.11.dfsg-1.2) ...
Setting up zlib1g:amd64 (1:1.2.11.dfsg-2) ...
Processing triggers for libc-bin (2.29-10) ...

+------------------------------------------------------------------------------+
| Fetch source files                                                           |
+------------------------------------------------------------------------------+


Check APT
---------

Checking available source versions...

Download source files with APT
------------------------------

Reading package lists...
NOTICE: 'eperl' packaging is maintained in the 'Git' version control system at:
https://salsa.debian.org/debian/eperl.git
Please use:
git clone https://salsa.debian.org/debian/eperl.git
to retrieve the latest (possibly unreleased) updates to the package.
Need to get 269 kB of source archives.
Get:1 http://127.0.0.1:12990/debian sid/main eperl 2.2.14-23 (dsc) [1833 B]
Get:2 http://127.0.0.1:12990/debian sid/main eperl 2.2.14-23 (tar) [200 kB]
Get:3 http://127.0.0.1:12990/debian sid/main eperl 2.2.14-23 (diff) [67.4 kB]
Fetched 269 kB in 0s (2502 kB/s)
Download complete and in download only mode
I: NOTICE: Log filtering will replace 'build/eperl-U9bYhB/eperl-2.2.14' with '<<PKGBUILDDIR>>'
I: NOTICE: Log filtering will replace 'build/eperl-U9bYhB' with '<<BUILDDIR>>'

+------------------------------------------------------------------------------+
| Install package build dependencies                                           |
+------------------------------------------------------------------------------+


Setup apt archive
-----------------

Merged Build-Depends: debhelper (>= 11~), libperl-dev, perl (>= 5.8.1), shtool, build-essential, fakeroot
Filtered Build-Depends: debhelper (>= 11~), libperl-dev, perl (>= 5.8.1), shtool, build-essential, fakeroot
dpkg-deb: building package 'sbuild-build-depends-main-dummy' in '/<<RESOLVERDIR>>/apt_archive/sbuild-build-depends-main-dummy.deb'.
Ign:1 copy:/<<RESOLVERDIR>>/apt_archive ./ InRelease
Get:2 copy:/<<RESOLVERDIR>>/apt_archive ./ Release [957 B]
Ign:3 copy:/<<RESOLVERDIR>>/apt_archive ./ Release.gpg
Get:4 copy:/<<RESOLVERDIR>>/apt_archive ./ Sources [388 B]
Get:5 copy:/<<RESOLVERDIR>>/apt_archive ./ Packages [472 B]
Fetched 1817 B in 0s (0 B/s)
Reading package lists...
Reading package lists...

Install main build dependencies (apt-based resolver)
----------------------------------------------------

Installing build dependencies
Reading package lists...
Building dependency tree...
Reading state information...
The following additional packages will be installed:
  autoconf automake autopoint autotools-dev bsdmainutils debhelper
  dh-autoreconf dh-strip-nondeterminism dwz file gettext gettext-base
  groff-base intltool-debian libarchive-zip-perl libcroco3 libdebhelper-perl
  libelf1 libfile-stripnondeterminism-perl libglib2.0-0 libicu63 libmagic-mgc
  libmagic1 libperl-dev libpipeline1 libsigsegv2 libsub-override-perl libtool
  libuchardet0 libxml2 m4 man-db po-debconf sensible-utils shtool
Suggested packages:
  autoconf-archive gnu-standards autoconf-doc wamerican | wordlist whois
  vacation dh-make gettext-doc libasprintf-dev libgettextpo-dev groff
  libtool-doc gfortran | fortran95-compiler gcj-jdk m4-doc apparmor less
  www-browser libmail-box-perl
Recommended packages:
  curl | wget | lynx libarchive-cpio-perl libglib2.0-data shared-mime-info
  xdg-user-dirs libltdl-dev libmail-sendmail-perl
The following NEW packages will be installed:
  autoconf automake autopoint autotools-dev bsdmainutils debhelper
  dh-autoreconf dh-strip-nondeterminism dwz file gettext gettext-base
  groff-base intltool-debian libarchive-zip-perl libcroco3 libdebhelper-perl
  libelf1 libfile-stripnondeterminism-perl libglib2.0-0 libicu63 libmagic-mgc
  libmagic1 libperl-dev libpipeline1 libsigsegv2 libsub-override-perl libtool
  libuchardet0 libxml2 m4 man-db po-debconf sbuild-build-depends-main-dummy
  sensible-utils shtool
0 upgraded, 36 newly installed, 0 to remove and 0 not upgraded.
Need to get 20.4 MB of archives.
After this operation, 75.8 MB of additional disk space will be used.
Get:1 copy:/<<RESOLVERDIR>>/apt_archive ./ sbuild-build-depends-main-dummy 0.invalid.0 [896 B]
Get:2 http://127.0.0.1:12990/debian sid/main amd64 bsdmainutils amd64 11.1.2+b1 [191 kB]
Get:3 http://127.0.0.1:12990/debian sid/main amd64 libuchardet0 amd64 0.0.6-3 [64.9 kB]
Get:4 http://127.0.0.1:12990/debian sid/main amd64 groff-base amd64 1.22.4-4 [919 kB]
Get:5 http://127.0.0.1:12990/debian sid/main amd64 libpipeline1 amd64 1.5.2-2 [33.9 kB]
Get:6 http://127.0.0.1:12990/debian sid/main amd64 man-db amd64 2.9.0-2 [1307 kB]
Get:7 http://127.0.0.1:12990/debian sid/main amd64 sensible-utils all 0.0.12+nmu1 [16.0 kB]
Get:8 http://127.0.0.1:12990/debian sid/main amd64 libmagic-mgc amd64 1:5.38-4 [262 kB]
Get:9 http://127.0.0.1:12990/debian sid/main amd64 libmagic1 amd64 1:5.38-4 [120 kB]
Get:10 http://127.0.0.1:12990/debian sid/main amd64 file amd64 1:5.38-4 [67.9 kB]
Get:11 http://127.0.0.1:12990/debian sid/main amd64 gettext-base amd64 0.19.8.1-10 [123 kB]
Get:12 http://127.0.0.1:12990/debian sid/main amd64 libsigsegv2 amd64 2.12-2 [32.8 kB]
Get:13 http://127.0.0.1:12990/debian sid/main amd64 m4 amd64 1.4.18-4 [203 kB]
Get:14 http://127.0.0.1:12990/debian sid/main amd64 autoconf all 2.69-11.1 [341 kB]
Get:15 http://127.0.0.1:12990/debian sid/main amd64 autotools-dev all 20180224.1 [77.0 kB]
Get:16 http://127.0.0.1:12990/debian sid/main amd64 automake all 1:1.16.1-4 [771 kB]
Get:17 http://127.0.0.1:12990/debian sid/main amd64 autopoint all 0.19.8.1-10 [435 kB]
Get:18 http://127.0.0.1:12990/debian sid/main amd64 libtool all 2.4.6-13 [513 kB]
Get:19 http://127.0.0.1:12990/debian sid/main amd64 dh-autoreconf all 19 [16.9 kB]
Get:20 http://127.0.0.1:12990/debian sid/main amd64 libdebhelper-perl all 12.9 [183 kB]
Get:21 http://127.0.0.1:12990/debian sid/main amd64 libarchive-zip-perl all 1.67-1 [104 kB]
Get:22 http://127.0.0.1:12990/debian sid/main amd64 libsub-override-perl all 0.09-2 [10.2 kB]
Get:23 http://127.0.0.1:12990/debian sid/main amd64 libfile-stripnondeterminism-perl all 1.6.3-2 [23.7 kB]
Get:24 http://127.0.0.1:12990/debian sid/main amd64 dh-strip-nondeterminism all 1.6.3-2 [14.7 kB]
Get:25 http://127.0.0.1:12990/debian sid/main amd64 libelf1 amd64 0.176-1.1 [161 kB]
Get:26 http://127.0.0.1:12990/debian sid/main amd64 dwz amd64 0.13-5 [151 kB]
Get:27 http://127.0.0.1:12990/debian sid/main amd64 libglib2.0-0 amd64 2.62.4-2 [1319 kB]
Get:28 http://127.0.0.1:12990/debian sid/main amd64 libicu63 amd64 63.2-2 [8301 kB]
Get:29 http://127.0.0.1:12990/debian sid/main amd64 libxml2 amd64 2.9.10+dfsg-3 [709 kB]
Get:30 http://127.0.0.1:12990/debian sid/main amd64 libcroco3 amd64 0.6.13-1 [146 kB]
Get:31 http://127.0.0.1:12990/debian sid/main amd64 gettext amd64 0.19.8.1-10 [1303 kB]
Get:32 http://127.0.0.1:12990/debian sid/main amd64 intltool-debian all 0.35.0+20060710.5 [26.8 kB]
Get:33 http://127.0.0.1:12990/debian sid/main amd64 po-debconf all 1.0.21 [248 kB]
Get:34 http://127.0.0.1:12990/debian sid/main amd64 debhelper all 12.9 [994 kB]
Get:35 http://127.0.0.1:12990/debian sid/main amd64 libperl-dev amd64 5.30.0-9 [1032 kB]
Get:36 http://127.0.0.1:12990/debian sid/main amd64 shtool all 2.0.8-10 [135 kB]
debconf: delaying package configuration, since apt-utils is not installed
Fetched 20.4 MB in 2s (12.2 MB/s)
Selecting previously unselected package bsdmainutils.
(Reading database ... 12960 files and directories currently installed.)
Preparing to unpack .../00-bsdmainutils_11.1.2+b1_amd64.deb ...
Unpacking bsdmainutils (11.1.2+b1) ...
Selecting previously unselected package libuchardet0:amd64.
Preparing to unpack .../01-libuchardet0_0.0.6-3_amd64.deb ...
Unpacking libuchardet0:amd64 (0.0.6-3) ...
Selecting previously unselected package groff-base.
Preparing to unpack .../02-groff-base_1.22.4-4_amd64.deb ...
Unpacking groff-base (1.22.4-4) ...
Selecting previously unselected package libpipeline1:amd64.
Preparing to unpack .../03-libpipeline1_1.5.2-2_amd64.deb ...
Unpacking libpipeline1:amd64 (1.5.2-2) ...
Selecting previously unselected package man-db.
Preparing to unpack .../04-man-db_2.9.0-2_amd64.deb ...
Unpacking man-db (2.9.0-2) ...
Selecting previously unselected package sensible-utils.
Preparing to unpack .../05-sensible-utils_0.0.12+nmu1_all.deb ...
Unpacking sensible-utils (0.0.12+nmu1) ...
Selecting previously unselected package libmagic-mgc.
Preparing to unpack .../06-libmagic-mgc_1%3a5.38-4_amd64.deb ...
Unpacking libmagic-mgc (1:5.38-4) ...
Selecting previously unselected package libmagic1:amd64.
Preparing to unpack .../07-libmagic1_1%3a5.38-4_amd64.deb ...
Unpacking libmagic1:amd64 (1:5.38-4) ...
Selecting previously unselected package file.
Preparing to unpack .../08-file_1%3a5.38-4_amd64.deb ...
Unpacking file (1:5.38-4) ...
Selecting previously unselected package gettext-base.
Preparing to unpack .../09-gettext-base_0.19.8.1-10_amd64.deb ...
Unpacking gettext-base (0.19.8.1-10) ...
Selecting previously unselected package libsigsegv2:amd64.
Preparing to unpack .../10-libsigsegv2_2.12-2_amd64.deb ...
Unpacking libsigsegv2:amd64 (2.12-2) ...
Selecting previously unselected package m4.
Preparing to unpack .../11-m4_1.4.18-4_amd64.deb ...
Unpacking m4 (1.4.18-4) ...
Selecting previously unselected package autoconf.
Preparing to unpack .../12-autoconf_2.69-11.1_all.deb ...
Unpacking autoconf (2.69-11.1) ...
Selecting previously unselected package autotools-dev.
Preparing to unpack .../13-autotools-dev_20180224.1_all.deb ...
Unpacking autotools-dev (20180224.1) ...
Selecting previously unselected package automake.
Preparing to unpack .../14-automake_1%3a1.16.1-4_all.deb ...
Unpacking automake (1:1.16.1-4) ...
Selecting previously unselected package autopoint.
Preparing to unpack .../15-autopoint_0.19.8.1-10_all.deb ...
Unpacking autopoint (0.19.8.1-10) ...
Selecting previously unselected package libtool.
Preparing to unpack .../16-libtool_2.4.6-13_all.deb ...
Unpacking libtool (2.4.6-13) ...
Selecting previously unselected package dh-autoreconf.
Preparing to unpack .../17-dh-autoreconf_19_all.deb ...
Unpacking dh-autoreconf (19) ...
Selecting previously unselected package libdebhelper-perl.
Preparing to unpack .../18-libdebhelper-perl_12.9_all.deb ...
Unpacking libdebhelper-perl (12.9) ...
Selecting previously unselected package libarchive-zip-perl.
Preparing to unpack .../19-libarchive-zip-perl_1.67-1_all.deb ...
Unpacking libarchive-zip-perl (1.67-1) ...
Selecting previously unselected package libsub-override-perl.
Preparing to unpack .../20-libsub-override-perl_0.09-2_all.deb ...
Unpacking libsub-override-perl (0.09-2) ...
Selecting previously unselected package libfile-stripnondeterminism-perl.
Preparing to unpack .../21-libfile-stripnondeterminism-perl_1.6.3-2_all.deb ...
Unpacking libfile-stripnondeterminism-perl (1.6.3-2) ...
Selecting previously unselected package dh-strip-nondeterminism.
Preparing to unpack .../22-dh-strip-nondeterminism_1.6.3-2_all.deb ...
Unpacking dh-strip-nondeterminism (1.6.3-2) ...
Selecting previously unselected package libelf1:amd64.
Preparing to unpack .../23-libelf1_0.176-1.1_amd64.deb ...
Unpacking libelf1:amd64 (0.176-1.1) ...
Selecting previously unselected package dwz.
Preparing to unpack .../24-dwz_0.13-5_amd64.deb ...
Unpacking dwz (0.13-5) ...
Selecting previously unselected package libglib2.0-0:amd64.
Preparing to unpack .../25-libglib2.0-0_2.62.4-2_amd64.deb ...
Unpacking libglib2.0-0:amd64 (2.62.4-2) ...
Selecting previously unselected package libicu63:amd64.
Preparing to unpack .../26-libicu63_63.2-2_amd64.deb ...
Unpacking libicu63:amd64 (63.2-2) ...
Selecting previously unselected package libxml2:amd64.
Preparing to unpack .../27-libxml2_2.9.10+dfsg-3_amd64.deb ...
Unpacking libxml2:amd64 (2.9.10+dfsg-3) ...
Selecting previously unselected package libcroco3:amd64.
Preparing to unpack .../28-libcroco3_0.6.13-1_amd64.deb ...
Unpacking libcroco3:amd64 (0.6.13-1) ...
Selecting previously unselected package gettext.
Preparing to unpack .../29-gettext_0.19.8.1-10_amd64.deb ...
Unpacking gettext (0.19.8.1-10) ...
Selecting previously unselected package intltool-debian.
Preparing to unpack .../30-intltool-debian_0.35.0+20060710.5_all.deb ...
Unpacking intltool-debian (0.35.0+20060710.5) ...
Selecting previously unselected package po-debconf.
Preparing to unpack .../31-po-debconf_1.0.21_all.deb ...
Unpacking po-debconf (1.0.21) ...
Selecting previously unselected package debhelper.
Preparing to unpack .../32-debhelper_12.9_all.deb ...
Unpacking debhelper (12.9) ...
Selecting previously unselected package libperl-dev:amd64.
Preparing to unpack .../33-libperl-dev_5.30.0-9_amd64.deb ...
Unpacking libperl-dev:amd64 (5.30.0-9) ...
Selecting previously unselected package shtool.
Preparing to unpack .../34-shtool_2.0.8-10_all.deb ...
Unpacking shtool (2.0.8-10) ...
Selecting previously unselected package sbuild-build-depends-main-dummy.
Preparing to unpack .../35-sbuild-build-depends-main-dummy_0.invalid.0_amd64.deb ...
Unpacking sbuild-build-depends-main-dummy (0.invalid.0) ...
Setting up libpipeline1:amd64 (1.5.2-2) ...
Setting up shtool (2.0.8-10) ...
Setting up libmagic-mgc (1:5.38-4) ...
Setting up libarchive-zip-perl (1.67-1) ...
Setting up libglib2.0-0:amd64 (2.62.4-2) ...
No schema files found: doing nothing.
Setting up libdebhelper-perl (12.9) ...
Setting up libmagic1:amd64 (1:5.38-4) ...
Setting up gettext-base (0.19.8.1-10) ...
Setting up libperl-dev:amd64 (5.30.0-9) ...
Setting up file (1:5.38-4) ...
Setting up libicu63:amd64 (63.2-2) ...
Setting up autotools-dev (20180224.1) ...
Setting up libsigsegv2:amd64 (2.12-2) ...
Setting up bsdmainutils (11.1.2+b1) ...
update-alternatives: using /usr/bin/bsd-write to provide /usr/bin/write (write) in auto mode
update-alternatives: using /usr/bin/bsd-from to provide /usr/bin/from (from) in auto mode
Setting up autopoint (0.19.8.1-10) ...
Setting up sensible-utils (0.0.12+nmu1) ...
Setting up libuchardet0:amd64 (0.0.6-3) ...
Setting up libsub-override-perl (0.09-2) ...
Setting up libelf1:amd64 (0.176-1.1) ...
Setting up libxml2:amd64 (2.9.10+dfsg-3) ...
Setting up libfile-stripnondeterminism-perl (1.6.3-2) ...
Setting up libtool (2.4.6-13) ...
Setting up m4 (1.4.18-4) ...
Setting up libcroco3:amd64 (0.6.13-1) ...
Setting up autoconf (2.69-11.1) ...
Setting up dh-strip-nondeterminism (1.6.3-2) ...
Setting up dwz (0.13-5) ...
Setting up groff-base (1.22.4-4) ...
Setting up automake (1:1.16.1-4) ...
update-alternatives: using /usr/bin/automake-1.16 to provide /usr/bin/automake (automake) in auto mode
Setting up gettext (0.19.8.1-10) ...
Setting up man-db (2.9.0-2) ...
Not building database; man-db/auto-update is not 'true'.
Setting up intltool-debian (0.35.0+20060710.5) ...
Setting up po-debconf (1.0.21) ...
Setting up dh-autoreconf (19) ...
Setting up debhelper (12.9) ...
Setting up sbuild-build-depends-main-dummy (0.invalid.0) ...
Processing triggers for libc-bin (2.29-10) ...

+------------------------------------------------------------------------------+
| Check architectures                                                          |
+------------------------------------------------------------------------------+

Arch check ok (amd64 included in any)

+------------------------------------------------------------------------------+
| Build environment                                                            |
+------------------------------------------------------------------------------+

Kernel: Linux 4.19.0-6-cloud-amd64 #1 SMP Debian 4.19.67-2+deb10u2 (2019-11-11) amd64 (x86_64)
Toolchain package versions: binutils_2.34-3 dpkg-dev_1.19.7 g++-9_9.2.1-29 gcc-9_9.2.1-29 libc6-dev_2.29-10 libstdc++-9-dev_9.2.1-29 libstdc++6_10-20200222-1 linux-libc-dev_5.4.19-1
Package versions: adduser_3.118 apt_1.8.4 autoconf_2.69-11.1 automake_1:1.16.1-4 autopoint_0.19.8.1-10 autotools-dev_20180224.1 base-files_11 base-passwd_3.5.47 bash_5.0-5 binutils_2.34-3 binutils-common_2.34-3 binutils-x86-64-linux-gnu_2.34-3 bsdmainutils_11.1.2+b1 bsdutils_1:2.34-0.1 build-essential_12.8 bzip2_1.0.8-2 clang-10_1:10.0.0~+rc2-1 coreutils_8.30-3+b1 cpp_4:9.2.1-3.1 cpp-9_9.2.1-29 dash_0.5.10.2-6 debconf_1.5.73 debhelper_12.9 debian-archive-keyring_2019.1 debianutils_4.9.1 dh-autoreconf_19 dh-strip-nondeterminism_1.6.3-2 diffutils_1:3.7-3 dpkg_1.19.7 dpkg-dev_1.19.7 dwz_0.13-5 e2fsprogs_1.45.5-2 fakeroot_1.24-1 fdisk_2.34-0.1 file_1:5.38-4 findutils_4.7.0-1 g++_4:9.2.1-3.1 g++-9_9.2.1-29 gcc_4:9.2.1-3.1 gcc-10-base_10-20200222-1 gcc-9_9.2.1-29 gcc-9-base_9.2.1-29 gettext_0.19.8.1-10 gettext-base_0.19.8.1-10 gpgv_2.2.19-1 grep_3.4-1 groff-base_1.22.4-4 gzip_1.9-3+b1 hostname_3.23 init-system-helpers_1.57 intltool-debian_0.35.0+20060710.5 lib32gcc-s1_10-20200222-1 lib32gcc1_1:10-20200222-1 lib32stdc++6_10-20200222-1 libacl1_2.2.53-5 libapt-pkg5.0_1.8.4 libarchive-zip-perl_1.67-1 libasan5_9.2.1-29 libatomic1_10-20200222-1 libattr1_1:2.4.48-5 libaudit-common_1:2.8.5-2 libaudit1_1:2.8.5-2+b1 libbinutils_2.34-3 libblkid1_2.34-0.1 libbsd0_0.10.0-1 libbz2-1.0_1.0.8-2 libc-bin_2.29-10 libc-dev-bin_2.29-10 libc6_2.29-10 libc6-dev_2.29-10 libc6-i386_2.29-10 libcap-ng0_0.7.9-2.1+b1 libcc1-0_10-20200222-1 libclang-common-10-dev_1:10.0.0~+rc2-1 libclang-cpp10_1:10.0.0~+rc2-1 libclang1-10_1:10.0.0~+rc2-1 libcom-err2_1.45.5-2 libcroco3_0.6.13-1 libcrypt-dev_1:4.4.10-10 libcrypt1_1:4.4.10-10 libctf-nobfd0_2.34-3 libctf0_2.34-3 libdb5.3_5.3.28+dfsg1-0.6 libdebconfclient0_0.251 libdebhelper-perl_12.9 libdpkg-perl_1.19.7 libedit2_3.1-20191231-1 libelf1_0.176-1.1 libext2fs2_1.45.5-2 libfakeroot_1.24-1 libfdisk1_2.34-0.1 libffi7_3.3-3 libfile-stripnondeterminism-perl_1.6.3-2 libgc1c2_1:7.6.4-0.4 libgcc-9-dev_9.2.1-29 libgcc-s1_10-20200222-1 libgcc1_1:10-20200222-1 libgcrypt20_1.8.5-5 libgdbm-compat4_1.18.1-5 libgdbm6_1.18.1-5 libglib2.0-0_2.62.4-2 libgmp10_2:6.2.0+dfsg-4 libgnutls30_3.6.12-2 libgomp1_10-20200222-1 libgpg-error0_1.37-1 libhogweed5_3.5.1+really3.5.1-2 libicu63_63.2-2 libidn2-0_2.2.0-2 libisl22_0.22.1-1 libitm1_10-20200222-1 libllvm10_1:10.0.0~+rc2-1 liblsan0_10-20200222-1 liblz4-1_1.9.2-2 liblzma5_5.2.4-1+b1 libmagic-mgc_1:5.38-4 libmagic1_1:5.38-4 libmount1_2.34-0.1 libmpc3_1.1.0-1 libmpfr6_4.0.2-1 libncursesw6_6.1+20191019-1 libnettle7_3.5.1+really3.5.1-2 libobjc-9-dev_9.2.1-29 libobjc4_10-20200222-1 libomp-10-dev_1:10.0.0~+rc2-1 libomp5-10_1:10.0.0~+rc2-1 libp11-kit0_0.23.20-1 libpam-modules_1.3.1-5 libpam-modules-bin_1.3.1-5 libpam-runtime_1.3.1-5 libpam0g_1.3.1-5 libpcre2-8-0_10.34-7 libpcre3_2:8.39-12+b1 libperl-dev_5.30.0-9 libperl5.30_5.30.0-9 libpipeline1_1.5.2-2 libquadmath0_10-20200222-1 libseccomp2_2.4.2-2 libselinux1_3.0-1+b1 libsemanage-common_3.0-1 libsemanage1_3.0-1+b1 libsepol1_3.0-1 libsigsegv2_2.12-2 libsmartcols1_2.34-0.1 libss2_1.45.5-2 libstdc++-9-dev_9.2.1-29 libstdc++6_10-20200222-1 libsub-override-perl_0.09-2 libsystemd0_244.3-1 libtasn1-6_4.16.0-2 libtinfo6_6.1+20191019-1 libtool_2.4.6-13 libtsan0_10-20200222-1 libubsan1_10-20200222-1 libuchardet0_0.0.6-3 libudev1_244.3-1 libunistring2_0.9.10-2 libuuid1_2.34-0.1 libxml2_2.9.10+dfsg-3 libz3-4_4.8.7-4 libzstd1_1.4.4+dfsg-3 linux-libc-dev_5.4.19-1 login_1:4.8.1-1 logsave_1.45.5-2 lsb-base_11.1.0 m4_1.4.18-4 make_4.2.1-1.2 man-db_2.9.0-2 mawk_1.3.4.20200120-2 mount_2.34-0.1 ncurses-base_6.1+20191019-1 ncurses-bin_6.1+20191019-1 passwd_1:4.8.1-1 patch_2.7.6-6 perl_5.30.0-9 perl-base_5.30.0-9 perl-modules-5.30_5.30.0-9 po-debconf_1.0.21 sbuild-build-depends-main-dummy_0.invalid.0 sed_4.7-1 sensible-utils_0.0.12+nmu1 shtool_2.0.8-10 sysvinit-utils_2.96-2.1 tar_1.30+dfsg-6+b1 tzdata_2019c-3 util-linux_2.34-0.1 xz-utils_5.2.4-1+b1 zlib1g_1:1.2.11.dfsg-2

+------------------------------------------------------------------------------+
| Build                                                                        |
+------------------------------------------------------------------------------+


Unpack source
-------------

-----BEGIN PGP SIGNED MESSAGE-----
Hash: SHA512

Format: 3.0 (quilt)
Source: eperl
Binary: eperl
Architecture: any
Version: 2.2.14-23
Maintainer: Axel Beckert <abe@debian.org>
Homepage: http://www.ossp.org/pkg/tool/eperl/
Standards-Version: 4.1.4
Vcs-Browser: https://salsa.debian.org/debian/eperl
Vcs-Git: https://salsa.debian.org/debian/eperl.git
Build-Depends: debhelper (>= 11~), libperl-dev, perl (>= 5.8.1), shtool
Package-List:
 eperl deb devel optional arch=any
Checksums-Sha1:
 cf05566602d93019a38638a6958739a1e192ead7 199664 eperl_2.2.14.orig.tar.gz
 a590915cf091353ed8d35001b7f3ff766bb8f3ca 67380 eperl_2.2.14-23.debian.tar.xz
Checksums-Sha256:
 a9add61ed59e3030027e0ff5c00195627d7309be48162c9b315f57d27730a295 199664 eperl_2.2.14.orig.tar.gz
 a925b14063fcd9e9c5a483c3868a1ea7615e96b2dd0e74e80c275a4f0493e13b 67380 eperl_2.2.14-23.debian.tar.xz
Files:
 0213580b6711b5312d1873f9732ae8d6 199664 eperl_2.2.14.orig.tar.gz
 3184883865a1d0f2cd204ffde6b4b0ab 67380 eperl_2.2.14-23.debian.tar.xz

-----BEGIN PGP SIGNATURE-----

iQIzBAEBCgAdFiEERoyJeTtCmBnp12Ema+Zjx1o1yXUFAlsyy1gACgkQa+Zjx1o1
yXWcDhAAjxpDpwWbmJPSxYpBiip5gaq9rD6oAMCCerHf0/o4DUXtKfWtPAxWySjK
vvLD70RoXZ/LXmLNkxYQdwwSvPA80si0aXNh5i26FGuIkTNnIhgKz1DlaEfb1yer
yF0thrRpc6goaodREktyOKolSMbORsp7a01shILyPNSsRI6d/GjQX8Y3qTklNbqT
YI2jWD3rM4HKuFsNgxyGkzJ+Ku3zpDdxpBnMETmtk1Y6GTdws2racyKKzlSZAUrS
ny+WQYPSxFMzBIIA9/EW9gdowOuqXQ4u7tj9Z2mFgwusTvQ5K3pF78BTuVtYBl2r
Yf/RLV4UoRQuA8vhmordhn9hpbVCOmZYiAbieDAV9sdZbC5LMuLaDDARK4n1m2r2
mrpLc0zX+BL/td0bBMEIsd6hANdgllifRPXHlX2zqJ6er1TQxyC0+OtCQnBs5EVp
KeY4ZkXWOEO8hfNcNBcMN881qHSC5aj67Q+jKB2b/WvWKtJDPifQ15r6zfFZB99v
oRER5U9YPfHGxln26O6SbF9DFj79IM6XjtknGcWuV5JUgw/C7tRB6lBWb4VaR4Fp
x2fj3wnWeZEbUsbTrQqQaJDCIOcl8O8zMWKHNsSeR2lQoxovs7thQHmTrU3WFLhE
zPZ5OJRKg74XN6d5QNsZEiHcVzSqU2qfMccuqY2m61TA+1/JMEc=
=YT+j
-----END PGP SIGNATURE-----

gpgv: unknown type of key resource 'trustedkeys.kbx'
gpgv: keyblock resource '/sbuild-nonexistent/.gnupg/trustedkeys.kbx': General error
gpgv: Signature made Tue Jun 26 23:25:12 2018 UTC
gpgv:                using RSA key 468C89793B429819E9D761266BE663C75A35C975
gpgv: Can't check signature: No public key
dpkg-source: warning: failed to verify signature on ./eperl_2.2.14-23.dsc
dpkg-source: info: extracting eperl in /<<PKGBUILDDIR>>
dpkg-source: info: unpacking eperl_2.2.14.orig.tar.gz
dpkg-source: info: unpacking eperl_2.2.14-23.debian.tar.xz
dpkg-source: info: using patch list from debian/patches/series
dpkg-source: info: applying copyright-updates.diff
dpkg-source: info: applying eperl_2.2.14-15.2.diff
dpkg-source: info: applying fix-spelling-errors.diff
dpkg-source: info: applying document-double-shebang.diff
dpkg-source: info: applying fix-preprocessor-comments-to-behave-as-documented.diff
dpkg-source: info: applying fix-format-string-error-in-perl-stderr.diff
dpkg-source: info: applying io-redirection.diff
dpkg-source: info: applying dpkg-buildflags.diff
dpkg-source: info: applying redhat-with-thr.diff
dpkg-source: info: applying pass-compiler-flags-properly.diff
dpkg-source: info: applying fix-getopt.diff
dpkg-source: info: applying reproducible-build.diff

Check disk space
----------------

Sufficient free space for build

User Environment
----------------

APT_CONFIG=/var/lib/sbuild/apt.conf
HOME=/sbuild-nonexistent
LANG=C.UTF-8
LC_ALL=C.UTF-8
LOGNAME=user42
PATH=/usr/local/sbin:/usr/local/bin:/usr/sbin:/usr/bin:/sbin:/bin:/usr/games
SCHROOT_ALIAS_NAME=unstable
SCHROOT_CHROOT_NAME=sid-amd64-sbuild
SCHROOT_COMMAND=env
SCHROOT_GID=1001
SCHROOT_GROUP=user42
SCHROOT_SESSION_ID=sid-amd64-sbuild-1c9a0025-0833-4d02-a0dc-a8faf1a73a10
SCHROOT_UID=1001
SCHROOT_USER=user42
SHELL=/bin/sh
USER=user42

dpkg-buildpackage
-----------------

Command: dpkg-buildpackage -us -uc -b -rfakeroot
dpkg-buildpackage: info: source package eperl
dpkg-buildpackage: info: source version 2.2.14-23
dpkg-buildpackage: info: source distribution unstable
dpkg-buildpackage: info: source changed by Axel Beckert <abe@debian.org>
 dpkg-source --before-build .
dpkg-buildpackage: info: host architecture amd64
dpkg-source: info: using options from eperl-2.2.14/debian/source/options: --extend-diff-ignore=\.build-backup$
 fakeroot debian/rules clean
dh clean
   debian/rules override_dh_auto_clean
make[1]: Entering directory '/<<PKGBUILDDIR>>'
dh_auto_clean
test ! -f Makefile.stand       || /usr/bin/make -f Makefile.stand       distclean
test ! -f Makefile.stand-alone || /usr/bin/make -f Makefile.stand-alone distclean
rm -f Makefile.stand*
test ! -e eperl.1 -a -e eperl.1.build-backup && mv eperl.1.build-backup eperl.1 || true
make[1]: Leaving directory '/<<PKGBUILDDIR>>'
   debian/rules override_dh_autoreconf_clean
make[1]: Entering directory '/<<PKGBUILDDIR>>'
tar cf backup.tar config_ac.h.in configure
dh_autoreconf_clean
tar xf backup.tar
rm -f backup.tar
make[1]: Leaving directory '/<<PKGBUILDDIR>>'
   dh_clean
 debian/rules build
dh build
   dh_update_autotools_config
   dh_autoreconf
autoheader: WARNING: Using auxiliary files such as `acconfig.h', `config.h.bot'
autoheader: WARNING: and `config.h.top', to define templates for `config.h.in'
autoheader: WARNING: is deprecated and discouraged.
autoheader: 
autoheader: WARNING: Using the third argument of `AC_DEFINE' and
autoheader: WARNING: `AC_DEFINE_UNQUOTED' allows one to define a template without
autoheader: WARNING: `acconfig.h':
autoheader: 
autoheader: WARNING:   AC_DEFINE([NEED_FUNC_MAIN], 1,
autoheader: 		[Define if a function `main' is needed.])
autoheader: 
autoheader: WARNING: More sophisticated templates can also be produced, see the
autoheader: WARNING: documentation.
   debian/rules override_dh_auto_configure
make[1]: Entering directory '/<<PKGBUILDDIR>>'
cp -p eperl.1 eperl.1.build-backup
dh_auto_configure
	./configure --build=x86_64-linux-gnu --prefix=/usr --includedir=\${prefix}/include --mandir=\${prefix}/share/man --infodir=\${prefix}/share/info --sysconfdir=/etc --localstatedir=/var --disable-silent-rules --libdir=\${prefix}/lib/x86_64-linux-gnu --libexecdir=\${prefix}/lib/x86_64-linux-gnu --runstatedir=/run --disable-maintainer-mode --disable-dependency-tracking
configure: WARNING: unrecognized options: --disable-silent-rules, --disable-maintainer-mode, --disable-dependency-tracking
Configuring for ePerl 2.2.14 (02-Aug-1998)

CHECK: Configuration of Perl Language
checking for Perl language... /usr/bin/perl v5.030
checking for Perl knowledge of system... linux-4.19.0
checking for Perl standard compiler... x86_64-linux-gnu-gcc
checking for Perl standard optimization flags... -O2 -g
checking for Perl standard compilation flags... -D_REENTRANT -D_GNU_SOURCE -DDEBIAN -fwrapv -fno-strict-aliasing -pipe -I/usr/local/include -D_LARGEFILE_SOURCE -D_FILE_OFFSET_BITS=64
checking for Perl standard link flags...  -fstack-protector-strong -L/usr/local/lib
checking for Perl library files... -lgdbm -lgdbm_compat -ldb -ldl -lm -lpthread -lc -lcrypt
checking for Perl architecture directory... /usr/lib/x86_64-linux-gnu/perl/5.30
checking for Perl dynamic loading support... yes
checking for Perl dynamic loading compilation flags... -fPIC
checking for Perl dynamic loading link flags... -Wl,-E

CHECK: System Build Environment
checking for build user... user42@ip-172-31-14-158.eu-central-1.compute.internal
checking for build time... 25-Feb-2020
checking for gcc... x86_64-linux-gnu-gcc
checking whether the C compiler works... yes
checking for C compiler default output file name... a.out
checking for suffix of executables... 
checking whether we are cross compiling... no
checking for suffix of object files... o
checking whether we are using the GNU C compiler... yes
checking whether x86_64-linux-gnu-gcc accepts -g... yes
checking for x86_64-linux-gnu-gcc option to accept ISO C89... none needed
checking for ranlib... ranlib
checking for ar... ar
checking for size... size
checking for compilation debug mode... disabled
checking whether make sets $(MAKE)... yes

CHECK: Characteristic of System Headers and Libraries
checking for an ANSI C-conforming const... yes
checking how to run the C preprocessor... x86_64-linux-gnu-gcc -E
checking for grep that handles long lines and -e... /bin/grep
checking for egrep... /bin/grep -E
checking for ANSI C header files... yes
checking for sys/types.h... yes
checking for sys/stat.h... yes
checking for stdlib.h... yes
checking for string.h... yes
checking for memory.h... yes
checking for strings.h... yes
checking for inttypes.h... yes
checking for stdint.h... yes
checking for unistd.h... yes
checking stdio.h usability... yes
checking stdio.h presence... yes
checking for stdio.h... yes
checking stdarg.h usability... yes
checking stdarg.h presence... yes
checking for stdarg.h... yes
checking for stdlib.h... (cached) yes
checking for string.h... (cached) yes
checking ctype.h usability... yes
checking ctype.h presence... yes
checking for ctype.h... yes
checking for unistd.h... (cached) yes
checking time.h usability... yes
checking time.h presence... yes
checking for time.h... yes
checking signal.h usability... yes
checking signal.h presence... yes
checking for signal.h... yes
checking pwd.h usability... yes
checking pwd.h presence... yes
checking for pwd.h... yes
checking grp.h usability... yes
checking grp.h presence... yes
checking for grp.h... yes
checking for sys/types.h... (cached) yes
checking for sys/stat.h... (cached) yes
checking sys/param.h usability... yes
checking sys/param.h presence... yes
checking for sys/param.h... yes
checking sys/socket.h usability... yes
checking sys/socket.h presence... yes
checking for sys/socket.h... yes
checking netinet/in.h usability... yes
checking netinet/in.h presence... yes
checking for netinet/in.h... yes
checking netdb.h usability... yes
checking netdb.h presence... yes
checking for netdb.h... yes
checking for bool... no
checking for memmove... yes
checking for seteuid... yes
checking for setegid... yes
checking for strdup... yes

RESULT: Sourcefile Substitution
configure: creating ./config.status
config.status: creating Makefile
config.status: creating t/Makefile
config.status: creating config_sc.h
config.status: creating config_ac.h
configure: WARNING: unrecognized options: --disable-silent-rules, --disable-maintainer-mode, --disable-dependency-tracking
make[1]: Leaving directory '/<<PKGBUILDDIR>>'
   debian/rules override_dh_auto_build
make[1]: Entering directory '/<<PKGBUILDDIR>>'
#  Remove unneeded library flags
perl -pi -e 's/ -l\S*db\S*//g' Makefile config.status config_sc.h
dh_auto_build
	make -j4
make[2]: Entering directory '/<<PKGBUILDDIR>>'
x86_64-linux-gnu-gcc -O2 -g -D_REENTRANT -D_GNU_SOURCE -DDEBIAN -fwrapv -fno-strict-aliasing -pipe -I/usr/local/include -D_LARGEFILE_SOURCE -D_FILE_OFFSET_BITS=64 -I/usr/lib/x86_64-linux-gnu/perl/5.30/CORE -I. -Wdate-time -D_FORTIFY_SOURCE=2 -c eperl_main.c
/usr/bin/perl eperl_perl5_sm.pl >eperl_perl5_sm.h
x86_64-linux-gnu-gcc -O2 -g -D_REENTRANT -D_GNU_SOURCE -DDEBIAN -fwrapv -fno-strict-aliasing -pipe -I/usr/local/include -D_LARGEFILE_SOURCE -D_FILE_OFFSET_BITS=64 -I/usr/lib/x86_64-linux-gnu/perl/5.30/CORE -I. -Wdate-time -D_FORTIFY_SOURCE=2 -c eperl_parse.c
x86_64-linux-gnu-gcc -O2 -g -D_REENTRANT -D_GNU_SOURCE -DDEBIAN -fwrapv -fno-strict-aliasing -pipe -I/usr/local/include -D_LARGEFILE_SOURCE -D_FILE_OFFSET_BITS=64 -I/usr/lib/x86_64-linux-gnu/perl/5.30/CORE -I. -Wdate-time -D_FORTIFY_SOURCE=2 -c eperl_pp.c
x86_64-linux-gnu-gcc -O2 -g -D_REENTRANT -D_GNU_SOURCE -DDEBIAN -fwrapv -fno-strict-aliasing -pipe -I/usr/local/include -D_LARGEFILE_SOURCE -D_FILE_OFFSET_BITS=64 -I/usr/lib/x86_64-linux-gnu/perl/5.30/CORE -I. -Wdate-time -D_FORTIFY_SOURCE=2 -c eperl_sys.c
eperl_parse.c:202:17: warning: illegal character encoding in character literal [-Winvalid-source-encoding]
    { "copy",   '<A9>' },    /* Copyright */
                ^
eperl_parse.c:203:17: warning: illegal character encoding in character literal [-Winvalid-source-encoding]
    { "die",    '<A8>' },    /* Di<E6>resis / Umlaut */
                ^
eperl_parse.c:204:17: warning: illegal character encoding in character literal [-Winvalid-source-encoding]
eperl_main.c:290:34: warning: incompatible pointer to integer conversion initializing 'int' with an expression of type 'void *' [-Wint-conversion]
    { NULL,             0, NULL, NULL}
                                 ^~~~
/usr/lib/llvm-10/lib/clang/10.0.0/include/stddef.h:89:16: note: expanded from macro 'NULL'
#  define NULL ((void*)0)
               ^~~~~~~~~~
eperl_main.c    { "laquo",  '<AB>' },    /* Left angle quote, guillemot left */
                ^
eperl_parse.c:205:17: warning: illegal character encoding in character literal [-Winvalid-source-encoding]
    { "not",    '<AC>' },    /* Not sign */
                ^
eperl_parse.c:206:17: warning: illegal character encoding in character literal [-Winvalid-source-encoding]
    { "ordf",   '<AA>' },    /* Feminine ordinal */
                ^
eperl_parse.c:207:17: warning: illegal character encoding in character literal [-Winvalid-source-encoding]
    { "sect",   '<A7>' },    /* Section sign */
                ^
eperl_parse.c:208:17: warning: illegal character encoding in character literal [-Winvalid-source-encoding]
    { "um",     '<A8>' },    /* Di<E6>resis / Umlaut */
                ^
eperl_parse.c:209:17: warning: illegal character encoding in character literal [-Winvalid-source-encoding]
    { "AElig",  '<C6>' },    /* Capital AE ligature */
                ^
eperl_parse.c:210:17: warning: illegal character encoding in character literal [-Winvalid-source-encoding]
    { "Aacute", '<C1>' },    /* Capital A, acute accent */
                ^
eperl_parse.c:211:17: warning: illegal character encoding in character literal [-Winvalid-source-encoding]
    { "Acirc",  '<C2>' },    /* Capital A, circumflex */
                ^
eperl_parse.c:212:17: warning: illegal character encoding in character literal [-Winvalid-source-encoding]
    { "Agrave", '<C0>' },    /* Capital A, grave accent */
                ^
eperl_parse.c:213:17: warning: illegal character encoding in character literal [-Winvalid-source-encoding]
    { "Aring",  '<C5>' },    /* Capital A, ring */
                ^
eperl_parse.c:214:17: warning: illegal character encoding in character literal [-Winvalid-source-encoding]
    { "Atilde", '<C3>' },    /* Capital A, tilde */
                ^
eperl_parse.c:215:17: warning: illegal character encoding in character literal [-Winvalid-source-encoding]
    { "Auml",   '<C4>' },    /* Capital A, di<E6>resis / umlaut */
                ^
eperl_parse.c:216:17: warning: illegal character encoding in character literal [-Winvalid-source-encoding]
    { "Ccedil", '<C7>' },    /* Capital C, cedilla */
                ^
eperl_parse.c:217:17: warning: illegal character encoding in character literal [-Winvalid-source-encoding]
    { "ETH",    '<D0>' },    /* Capital Eth, Icelandic */
                ^
eperl_parse.c:218:17: warning: illegal character encoding in character literal [-Winvalid-source-encoding]
    { "Eacute", '<C9>' },    /* Capital E, acute accent */
                ^
eperl_parse.c:219:17: warning: illegal character encoding in character literal [-Winvalid-source-encoding]
    { "Ecirc",  '<CA>' },    /* Capital E, circumflex */
                ^
eperl_parse.c:220:17: warning: illegal character encoding in character literal [-Winvalid-source-encoding]
    { "Egrave", '<C8>' },    /* Capital E, grave accent */
                ^
eperl_parse.c:221:17: warning: illegal character encoding in character literal [-Winvalid-source-encoding]
    { "Euml",   '<CB>' },    /* Capital E, di<E6>resis / umlaut */
                ^
eperl_parse.c:222:17: warning: illegal character encoding in character literal [-Winvalid-source-encoding]
    { "Iacute", '<CD>' },    /* Capital I, acute accent */
                ^
eperl_parse.c:223:17: warning: illegal character encoding in character literal [-Winvalid-source-encoding]
:871    { "Icirc",  '<CE>' },    /* Capital I, circumflex */
                ^
eperl_parse.c:224:17: warning: illegal character encoding in character literal [-Winvalid-source-encoding]
    { "Igrave", '<CC>' },    /* Capital I, grave accent */
                ^
eperl_parse.c:225:17: warning: illegal character encoding in character literal [-Winvalid-source-encoding]
    { "Iuml",   '<CF>' },    /* Capital I, di<E6>resis / umlaut */
                ^
eperl_parse.c:226:17: warning: illegal character encoding in character literal [-Winvalid-source-encoding]
    { "Ntilde", '<D1>' },    /* Capital N, tilde */
                ^
eperl_parse.c:227:17: warning: illegal character encoding in character literal [-Winvalid-source-encoding]
    { "Oacute", '<D3>' },    /* Capital O, acute accent */
                ^
eperl_parse.c:228:17: warning: illegal character encoding in character literal [-Winvalid-source-encoding]
    { "Ocirc",  '<D4>' },    /* Capital O, circumflex */
                ^
eperl_parse.c:229:17: warning: illegal character encoding in character literal [-Winvalid-source-encoding]
    { "Ograve", '<D2>' },    /* Capital O, grave accent */
                ^
eperl_parse.c:230:17: warning: illegal character encoding in character literal [-Winvalid-source-encoding]
    { "Oslash", '<D8>' },    /* Capital O, slash */
                ^
eperl_parse.c:231:17: warning: illegal character encoding in character literal [-Winvalid-source-encoding]
    { "Otilde", '<D5>' },    /* Capital O, tilde */
                ^
eperl_parse.c:232:17: warning: illegal character encoding in character literal [-Winvalid-source-encoding]
    { "Ouml",   '<D6>' },    /* Capital O, di<E6>resis / umlaut */
                ^
eperl_parse.c:233:17: warning: illegal character encoding in character literal [-Winvalid-source-encoding]
    { "THORN",  '<DE>' },    /* Capital Thorn, Icelandic */
                ^
eperl_parse.c:234:17: warning: illegal character encoding in character literal [-Winvalid-source-encoding]
    { "Uacute", '<DA>' },    /* Capital U, acute accent */
                ^
eperl_parse.c:235:17: warning: illegal character encoding in character literal [-Winvalid-source-encoding]
    { "Ucirc",  '<DB>' },    /* Capital U, circumflex */
                ^
eperl_parse.c:236:17: warning: illegal character encoding in character literal [-Winvalid-source-encoding]
    { "Ugrave", '<D9>' },    /* Capital U, grave accent */
                ^
eperl_parse.c:237:17: warning: illegal character encoding in character literal [-Winvalid-source-encoding]
    { "Uuml",   '<DC>' },    /* Capital U, di<E6>resis / umlaut */
                ^
eperl_parse.c:238:17: warning: illegal character encoding in character literal [-Winvalid-source-encoding]
    { "Yacute", '<DD>' },    /* Capital Y, acute accent */
                ^
eperl_parse.c:239:17: warning: illegal character encoding in character literal [-Winvalid-source-encoding]
    { "aacute", '<DF>' },    /* Small a, acute accent */
                ^
eperl_parse.c:240:17: warning: illegal character encoding in character literal [-Winvalid-source-encoding]
    { "acirc",  '<E2>' },    /* Small a, circumflex */
                ^
eperl_parse.c:241:17: warning: illegal character encoding in character literal [-Winvalid-source-encoding]
    { "acute",  '<B4>' },    /* Acute accent */
                ^
eperl_parse.c:242:17: warning: illegal character encoding in character literal [-Winvalid-source-encoding]
    { "aelig",  '<E6>' },    /* Small ae ligature */
                ^
eperl_parse.c:243:17: warning: illegal character encoding in character literal [-Winvalid-source-encoding]
    { "agrave", '<E0>' },    /* Small a, grave accent */
                ^
eperl_parse.c:245:17: warning: illegal character encoding in character literal [-Winvalid-source-encoding]
    { "aring",  '<E5>' },    /* Small a, ring */
                ^
eperl_parse.c:246:17: warning: illegal character encoding in character literal [-Winvalid-source-encoding]
    { "atilde", '<E3>' },    /* Small a, tilde */
                ^
eperl_parse.c:247:17: warning: illegal character encoding in character literal [-Winvalid-source-encoding]
    { "auml",   '<E4>' },    /* Small a, di<E6>resis / umlaut */
                ^
eperl_parse.c:248:17: warning: illegal character encoding in character literal [-Winvalid-source-encoding]
    { "brkbar", '<A6>' },    /* Broken vertical bar */
                ^
eperl_parse.c:249:17: warning: illegal character encoding in character literal [-Winvalid-source-encoding]
    { "brvbar", '<A6>' },    /* Broken vertical bar */
                ^
eperl_parse.c:250:17: warning: illegal character encoding in character literal [-Winvalid-source-encoding]
    { "ccedil", '<E7>' },    /* Small c, cedilla */
                ^
eperl_parse.c:251:17: warning: illegal character encoding in character literal [-Winvalid-source-encoding]
    { "cedil",  '<B8>' },    /* Cedilla */
                ^
eperl_parse.c:252:17: warning: illegal character encoding in character literal [-Winvalid-source-encoding]
    { "cent",   '<A2>' },    /* Cent sign */
                ^
eperl_parse.c:253:17: warning: illegal character encoding in character literal [-Winvalid-source-encoding]
    { "curren", '<A4>' },    /* General currency sign */
                ^
eperl_parse.c:254:17: warning: illegal character encoding in character literal [-Winvalid-source-encoding]
    { "deg",    '<B0>' },    /* Degree sign */
                ^
eperl_parse.c:255:17: warning: illegal character encoding in character literal [-Winvalid-source-encoding]
    { "divide", '<F7>' },    /* Division sign */
                ^
eperl_parse.c:256:17: warning: illegal character encoding in character literal [-Winvalid-source-encoding]
    { "eacute", '<E9>' },    /* Small e, acute accent */
                ^
eperl_parse.c:257:17: warning: illegal character encoding in character literal [-Winvalid-source-encoding]
    { "ecirc",  '<EA>' },    /* Small e, circumflex */
                ^
eperl_parse.c:258:17: warning: illegal character encoding in character literal [-Winvalid-source-encoding]
    { "egrave", '<E8>' },    /* Small e, grave accent */
                ^
eperl_parse.c:259:17: warning: illegal character encoding in character literal [-Winvalid-source-encoding]
    { "eth",    '<F0>' },    /* Small eth, Icelandic */
                ^
eperl_parse.c:260:17: warning: illegal character encoding in character literal [-Winvalid-source-encoding]
    { "euml",   '<EB>' },    /* Small e, di<E6>resis / umlaut */
                ^
eperl_parse.c:261:17: warning: illegal character encoding in character literal [-Winvalid-source-encoding]
    { "frac12", '<BD>' },    /* Fraction one-half */
                ^
eperl_parse.c:262:17: warning: illegal character encoding in character literal [-Winvalid-source-encoding]
    { "frac14", '<BC>' },    /* Fraction one-fourth */
                ^
eperl_parse.c:263:17: warning: illegal character encoding in character literal [-Winvalid-source-encoding]
    { "frac34", '<BE>' },    /* Fraction three-fourths */
                ^
eperl_parse.c:265:17: warning: illegal character encoding in character literal [-Winvalid-source-encoding]
    { "hibar",  '<AF>' },    /* Macron accent */
                ^
eperl_parse.c:266:17: warning: illegal character encoding in character literal [-Winvalid-source-encoding]
    { "iacute", '<ED>' },    /* Small i, acute accent */
                ^
eperl_parse.c:267:17: warning: illegal character encoding in character literal [-Winvalid-source-encoding]
    { "icirc",  '<EE>' },    /* Small i, circumflex */
                ^
eperl_parse.c:268:17: warning: illegal character encoding in character literal [-Winvalid-source-encoding]
    { "iexcl",  '<A1>' },    /* Inverted exclamation */
                ^
eperl_parse.c:269:17: warning: illegal character encoding in character literal [-Winvalid-source-encoding]
    { "igrave", '<EC>' },    /* Small i, grave accent */
                ^
eperl_parse.c:270:17: warning: illegal character encoding in character literal [-Winvalid-source-encoding]
    { "iquest", '<BF>' },    /* Inverted question mark */
                ^
eperl_parse.c:271:17: warning: illegal character encoding in character literal [-Winvalid-source-encoding]
    { "iuml",   '<EF>' },    /* Small i, di<E6>resis / umlaut */
                ^
eperl_parse.c:273:17: warning: illegal character encoding in character literal [-Winvalid-source-encoding]
    { "macr",   '<AF>' },    /* Macron accent */
                ^
eperl_parse.c:274:17: warning: illegal character encoding in character literal [-Winvalid-source-encoding]
    { "micro",  '<B5>' },    /* Micro sign */
                ^
eperl_parse.c:275:17: warning: illegal character encoding in character literal [-Winvalid-source-encoding]
    { "middot", '<B7>' },    /* Middle dot */
                ^
eperl_parse.c:277:17: warning: illegal character encoding in character literal [-Winvalid-source-encoding]
    { "ntilde", '<F1>' },    /* Small n, tilde */
                ^
eperl_parse.c:278:17: warning: illegal character encoding in character literal [-Winvalid-source-encoding]
    { "oacute", '<F3>' },    /* Small o, acute accent */
                ^
eperl_parse.c:279:17: warning: illegal character encoding in character literal [-Winvalid-source-encoding]
    { "ocirc",  '<F4>' },    /* Small o, circumflex */
                ^
eperl_parse.c:280:17: warning: illegal character encoding in character literal [-Winvalid-source-encoding]
    { "ograve", '<F2>' },    /* Small o, grave accent */
                ^
eperl_parse.c:281:17: warning: illegal character encoding in character literal [-Winvalid-source-encoding]
    { "ordm",   '<BA>' },    /* Masculine ordinal */
                ^
eperl_parse.c:282:17: warning: illegal character encoding in character literal [-Winvalid-source-encoding]
    { "oslash", '<F8>' },    /* Small o, slash */
                ^
eperl_parse.c:283:17: warning: illegal character encoding in character literal [-Winvalid-source-encoding]
    { "otilde", '<F5>' },    /* Small o, tilde */
                ^
eperl_parse.c:284:17: warning: illegal character encoding in character literal [-Winvalid-source-encoding]
    { "ouml",   '<F6>' },    /* Small o, di<E6>resis / umlaut */
                ^
eperl_parse.c:285:17: warning: illegal character encoding in character literal [-Winvalid-source-encoding]
    { "para",   '<B6>' },    /* Paragraph sign */
                ^
eperl_parse.c:286:17: warning: illegal character encoding in character literal [-Winvalid-source-encoding]
    { "plusmn", '<B1>' },    /* Plus or minus */
                ^
eperl_parse.c:287:17: warning: illegal character encoding in character literal [-Winvalid-source-encoding]
    { "pound",  '<A3>' },    /* Pound sterling */
                ^
eperl_parse.c:289:17: warning: illegal character encoding in character literal [-Winvalid-source-encoding]
    { "raquo",  '<BB>' },    /* Right angle quote, guillemot right */
                ^
eperl_parse.c:290:17: warning: illegal character encoding in character literal [-Winvalid-source-encoding]
    { "reg",    '<AE>' },    /* Registered trademark */
                ^
eperl_parse.c:291:17: warning: illegal character encoding in character literal [-Winvalid-source-encoding]
    { "shy",    '<AD>' },    /* Soft hyphen */
                ^
eperl_parse.c:292:17: warning: illegal character encoding in character literal [-Winvalid-source-encoding]
    { "sup1",   '<B9>' },    /* Superscript one */
                ^
eperl_parse.c:293:17: warning: illegal character encoding in character literal [-Winvalid-source-encoding]
    { "sup2",   '<B2>' },    /* Superscript two */
                ^
eperl_parse.c:294:17: warning: illegal character encoding in character literal [-Winvalid-source-encoding]
    { "sup3",   '<B3>' },    /* Superscript three */
                ^
eperl_parse.c:295:17: warning: illegal character encoding in character literal [-Winvalid-source-encoding]
    { "szlig",  '<DF>' },    /* Small sharp s, German sz */
                ^
eperl_parse.c:296:17: warning: illegal character encoding in character literal [-Winvalid-source-encoding]
    { "thorn",  '<FE>' },    /* Small thorn, Icelandic */
                ^
eperl_parse.c:297:17: warning: illegal character encoding in character literal [-Winvalid-source-encoding]
    { "times",  '<D7>' },    /* Multiply sign */
                ^
eperl_parse.c:298:17: warning: illegal character encoding in character literal [-Winvalid-source-encoding]
    { "uacute", '<FA>' },    /* Small u, acute accent */
                ^
eperl_parse.c:299:17: warning: illegal character encoding in character literal [-Winvalid-source-encoding]
    { "ucirc",  '<FB>' },    /* Small u, circumflex */
                ^
eperl_parse.c:300:17: warning: illegal character encoding in character literal [-Winvalid-source-encoding]
    { "ugrave", '<F9>' },    /* Small u, grave accent */
                ^
eperl_parse.c:301:17: warning: illegal character encoding in character literal [-Winvalid-source-encoding]
    { "uuml",   '<FC>' },    /* Small u, di<E6>resis / umlaut */
                ^
eperl_parse.c:302:17: warning: illegal character encoding in character literal [-Winvalid-source-encoding]
    { "yacute", '<FD>' },    /* Small y, acute accent */
                ^
eperl_parse.c:303:17: warning: illegal character encoding in character literal [-Winvalid-source-encoding]
    { "yen",    '<A5>' },    /* Yen sign */
                ^
:17: warning: ignoring return value of function declared with 'warn_unused_result' attribute [-Wunused-result]
                chdir(cwd2);
                ^~~~~ ~~~~
eperl_main.c:895:9: warning: ignoring return value of function declared with 'warn_unused_result' attribute [-Wunused-result]
        seteuid(uid);
        ^~~~~~~ ~~~
eperl_main.c:901:9: warning: ignoring return value of function declared with 'warn_unused_result' attribute [-Wunused-result]
        setegid(uid);
        ^~~~~~~ ~~~
eperl_main.c:969:9: warning: ignoring return value of function declared with 'warn_unused_result' attribute [-Wunused-result]
        getcwd(cwd, MAXPATHLEN);
        ^~~~~~ ~~~~~~~~~~~~~~~
eperl_main.c:975:9: warning: ignoring return value of function declared with 'warn_unused_result' attribute [-Wunused-result]
        chdir(sourcedir);
        ^~~~~ ~~~~~~~~~
eperl_main.c:983:9: warning: ignoring return value of function declared with 'warn_unused_result' attribute [-Wunused-result]
        chdir(cwd);
        ^~~~~ ~~~
eperl_main.c:1109:17: warning: ignoring return value of function declared with 'warn_unused_result' attribute [-Wunused-result]
                chdir(cwd);
                ^~~~~ ~~~
eperl_sys.c:432:9: warning: ignoring return value of function declared with 'warn_unused_result' attribute [-Wunused-result]
        getcwd(cwd, MAXPATHLEN);
        ^~~~~~ ~~~~~~~~~~~~~~~
eperl_sys.c:435:9: warning: ignoring return value of function declared with 'warn_unused_result' attribute [-Wunused-result]
        chdir(cp);
        ^~~~~ ~~
eperl_sys.c:436:9: warning: ignoring return value of function declared with 'warn_unused_result' attribute [-Wunused-result]
        getcwd(apath, MAXPATHLEN);
        ^~~~~~ ~~~~~~~~~~~~~~~~~
eperl_sys.c:438:9: warning: ignoring return value of function declared with 'warn_unused_result' attribute [-Wunused-result]
        chdir(cwd);
        ^~~~~ ~~~
4 warnings generated.
x86_64-linux-gnu-gcc -O2 -g -D_REENTRANT -D_GNU_SOURCE -DDEBIAN -fwrapv -fno-strict-aliasing -pipe -I/usr/local/include -D_LARGEFILE_SOURCE -D_FILE_OFFSET_BITS=64 -I/usr/lib/x86_64-linux-gnu/perl/5.30/CORE -I. -Wdate-time -D_FORTIFY_SOURCE=2 -c eperl_http.c
897 warnings generated.
x86_64-linux-gnu-gcc -O2 -g -D_REENTRANT -D_GNU_SOURCE -DDEBIAN -fwrapv -fno-strict-aliasing -pipe -I/usr/local/include -D_LARGEFILE_SOURCE -D_FILE_OFFSET_BITS=64 -I/usr/lib/x86_64-linux-gnu/perl/5.30/CORE -I. -Wdate-time -D_FORTIFY_SOURCE=2 -c eperl_getopt.c
 warnings generated.
x86_64-linux-gnu-gcc -O2 -g -D_REENTRANT -D_GNU_SOURCE -DDEBIAN -fwrapv -fno-strict-aliasing -pipe -I/usr/local/include -D_LARGEFILE_SOURCE -D_FILE_OFFSET_BITS=64 -I/usr/lib/x86_64-linux-gnu/perl/5.30/CORE -I. -Wdate-time -D_FORTIFY_SOURCE=2 -c eperl_debug.c
eperl_http.c:262:16: warning: comparing a pointer to a null character constant; did you mean to compare to NULL? [-Wpointer-compare]
    if (cps == NUL) 
               ^~~
               (void *)0
./eperl_config.h:244:13: note: expanded from macro 'NUL'
#define NUL ASC_NUL
            ^
./eperl_config.h:210:17: note: expanded from macro 'ASC_NUL'
#define ASC_NUL '\x00'
                ^
eperl_http.c:327:5: warning: ignoring return value of function declared with 'warn_unused_result' attribute [-Wunused-result]
    write(s, cmd, strlen(cmd));
    ^~~~~ ~~~~~~~~~~~~~~~~~~~
x86_64-linux-gnu-gcc -O2 -g -D_REENTRANT -D_GNU_SOURCE -DDEBIAN -fwrapv -fno-strict-aliasing -pipe -I/usr/local/include -D_LARGEFILE_SOURCE -D_FILE_OFFSET_BITS=64 -I/usr/lib/x86_64-linux-gnu/perl/5.30/CORE -I. -Wdate-time -D_FORTIFY_SOURCE=2 -c eperl_config.c
x86_64-linux-gnu-gcc -O2 -g -D_REENTRANT -D_GNU_SOURCE -DDEBIAN -fwrapv -fno-strict-aliasing -pipe -I/usr/local/include -D_LARGEFILE_SOURCE -D_FILE_OFFSET_BITS=64 -I/usr/lib/x86_64-linux-gnu/perl/5.30/CORE -I. -Wdate-time -D_FORTIFY_SOURCE=2 -c eperl_version.c
x86_64-linux-gnu-gcc -O2 -g -D_REENTRANT -D_GNU_SOURCE -DDEBIAN -fwrapv -fno-strict-aliasing -pipe -I/usr/local/include -D_LARGEFILE_SOURCE -D_FILE_OFFSET_BITS=64 -I/usr/lib/x86_64-linux-gnu/perl/5.30/CORE -I. -Wdate-time -D_FORTIFY_SOURCE=2 -c eperl_readme.c
x86_64-linux-gnu-gcc -O2 -g -D_REENTRANT -D_GNU_SOURCE -DDEBIAN -fwrapv -fno-strict-aliasing -pipe -I/usr/local/include -D_LARGEFILE_SOURCE -D_FILE_OFFSET_BITS=64 -I/usr/lib/x86_64-linux-gnu/perl/5.30/CORE -I. -Wdate-time -D_FORTIFY_SOURCE=2 -c eperl_license.c
2 warnings generated.
x86_64-linux-gnu-gcc -O2 -g -D_REENTRANT -D_GNU_SOURCE -DDEBIAN -fwrapv -fno-strict-aliasing -pipe -I/usr/local/include -D_LARGEFILE_SOURCE -D_FILE_OFFSET_BITS=64 -I/usr/lib/x86_64-linux-gnu/perl/5.30/CORE -I. -Wdate-time -D_FORTIFY_SOURCE=2 -c eperl_logo.c
x86_64-linux-gnu-gcc -O2 -g -D_REENTRANT -D_GNU_SOURCE -DDEBIAN -fwrapv -fno-strict-aliasing -pipe -I/usr/local/include -D_LARGEFILE_SOURCE -D_FILE_OFFSET_BITS=64 -I/usr/lib/x86_64-linux-gnu/perl/5.30/CORE -I. -Wdate-time -D_FORTIFY_SOURCE=2 -c eperl_powered.c
set -e; \
V=`/usr/bin/shtool version -lc -d long eperl_version.c`; \
pod2man --section=1 \
        --center="Ralf S. Engelschall" \
        --release="EN" \
    eperl.pod |\
sed -e "s|@V\\fR@|$V\\fR|g" -e "s|\@prefix\@|/usr|" >eperl.1
x86_64-linux-gnu-gcc -O2 -g -D_REENTRANT -D_GNU_SOURCE -DDEBIAN -fwrapv -fno-strict-aliasing -pipe -I/usr/local/include -D_LARGEFILE_SOURCE -D_FILE_OFFSET_BITS=64 -I/usr/lib/x86_64-linux-gnu/perl/5.30/CORE -I. -Wdate-time -D_FORTIFY_SOURCE=2 -c eperl_perl5.c
eperl_perl5.c:241:13: warning: ignoring return value of function declared with 'warn_unused_result' attribute [-Wunused-result]
            getcwd(cwd, MAXPATHLEN);
            ^~~~~~ ~~~~~~~~~~~~~~~
eperl_perl5.c:248:9: warning: ignoring return value of function declared with 'warn_unused_result' attribute [-Wunused-result]
        chdir(sourcedir);
        ^~~~~ ~~~~~~~~~
2 warnings generated.
x86_64-linux-gnu-gcc -Wl,-z,relro -Wl,-z,now -Wl,-E -fstack-protector-strong -L/usr/local/lib -L/usr/lib/x86_64-linux-gnu/perl/5.30/CORE  -o eperl eperl_main.o eperl_perl5.o eperl_parse.o eperl_pp.o eperl_sys.o eperl_http.o eperl_getopt.o eperl_debug.o eperl_config.o eperl_version.o eperl_readme.o eperl_license.o eperl_logo.o eperl_powered.o -Wl,-E  -fstack-protector-strong -L/usr/local/lib  -L/usr/lib/x86_64-linux-gnu/perl/5.30/CORE -lperl -ldl -lm -lpthread -lc -lcrypt -lperl -ldl -lm -lpthread -lc -lcrypt 
make[2]: Leaving directory '/<<PKGBUILDDIR>>'
dh_auto_test
	make -j4 test VERBOSE=1
make[2]: Entering directory '/<<PKGBUILDDIR>>'
make[3]: Entering directory '/<<PKGBUILDDIR>>/t'
make[3]: warning: jobserver unavailable: using -j1.  Add '+' to parent make rule.
01-plain.t ......... ok
02-empty.t ......... ok
03-mode_filter.t ... ok
04-mode_cgi.t ...... ok
05-mode_nphcgi.t ... ok
06-mode_shebang.t .. ok
07_defines.t ....... ok
08_preprocessor.t .. ok
09_dynaloader.t .... ok
All tests successful.
Files=9, Tests=30,  3 wallclock secs ( 0.02 usr  0.01 sys +  0.10 cusr  0.02 csys =  0.15 CPU)
Result: PASS
make[3]: Leaving directory '/<<PKGBUILDDIR>>/t'
make[2]: Leaving directory '/<<PKGBUILDDIR>>'
mv Makefile Makefile.stand-alone
dh_auto_configure --buildsystem=perl_makemaker
	perl Makefile.PL INSTALLDIRS=vendor "OPTIMIZE=-g -O2 -fdebug-prefix-map=/<<PKGBUILDDIR>>=. -fstack-protector-strong -Wformat -Werror=format-security -Wdate-time -D_FORTIFY_SOURCE=2" "LD=x86_64-linux-gnu-gcc -g -O2 -fdebug-prefix-map=/<<PKGBUILDDIR>>=. -fstack-protector-strong -Wformat -Werror=format-security -Wl,-z,relro -Wl,-z,now"
/tmp/getopt.c:2:1: warning: type specifier missing, defaults to 'int' [-Wimplicit-int]
main(argc, argv)
^
/tmp/getopt.c:11:17: warning: implicit declaration of function 'getopt' is invalid in C99 [-Wimplicit-function-declaration]
    while ((c = getopt(argc, argv, argv[1])) != EOF)
                ^
/tmp/getopt.c:27:5: warning: implicitly declaring library function 'exit' with type 'void (int) __attribute__((noreturn))' [-Wimplicit-function-declaration]
    exit(status);
    ^
/tmp/getopt.c:27:5: note: include the header <stdlib.h> or explicitly provide a declaration for 'exit'
3 warnings generated.
Configuring for ePerl . ()
Now please type 'make' to compile. Good luck.
dh_auto_build -- LD_RUN_PATH=
	make -j4 LD_RUN_PATH=
make[2]: Entering directory '/<<PKGBUILDDIR>>'
./configure CFLAGS=-g -O2 -fdebug-prefix-map=/<<PKGBUILDDIR>>=. -fstack-protector-strong -Wformat -Werror=format-security CPPFLAGS=-Wdate-time -D_FORTIFY_SOURCE=2 CXXFLAGS=-g -O2 -fdebug-prefix-map=/<<PKGBUILDDIR>>=. -fstack-protector-strong -Wformat -Werror=format-security FCFLAGS=-g -O2 -fdebug-prefix-map=/<<PKGBUILDDIR>>=. -fstack-protector-strong FFLAGS=-g -O2 -fdebug-prefix-map=/<<PKGBUILDDIR>>=. -fstack-protector-strong GCJFLAGS=-g -O2 -fdebug-prefix-map=/<<PKGBUILDDIR>>=. -fstack-protector-strong LDFLAGS=-Wl,-z,relro -Wl,-z,now OBJCFLAGS=-g -O2 -fdebug-prefix-map=/<<PKGBUILDDIR>>=. -fstack-protector-strong -Wformat -Werror=format-security OBJCXXFLAGS=-g -O2 -fdebug-prefix-map=/<<PKGBUILDDIR>>=. -fstack-protector-strong -Wformat -Werror=format-security  --with-perl=/usr/bin/perl
Configuring for ePerl 2.2.14 (02-Aug-1998)

CHECK: Configuration of Perl Language
checking for Perl language... /usr/bin/perl v5.030
checking for Perl knowledge of system... linux-4.19.0
checking for Perl standard compiler... x86_64-linux-gnu-gcc
checking for Perl standard optimization flags... -O2 -g
checking for Perl standard compilation flags... -D_REENTRANT -D_GNU_SOURCE -DDEBIAN -fwrapv -fno-strict-aliasing -pipe -I/usr/local/include -D_LARGEFILE_SOURCE -D_FILE_OFFSET_BITS=64
checking for Perl standard link flags...  -fstack-protector-strong -L/usr/local/lib
checking for Perl library files... -lgdbm -lgdbm_compat -ldb -ldl -lm -lpthread -lc -lcrypt
checking for Perl architecture directory... /usr/lib/x86_64-linux-gnu/perl/5.30
checking for Perl dynamic loading support... yes
checking for Perl dynamic loading compilation flags... -fPIC
checking for Perl dynamic loading link flags... -Wl,-E

CHECK: System Build Environment
checking for build user... user42@ip-172-31-14-158.eu-central-1.compute.internal
checking for build time... 25-Feb-2020
checking for gcc... x86_64-linux-gnu-gcc
checking whether the C compiler works... yes
checking for C compiler default output file name... a.out
checking for suffix of executables... 
checking whether we are cross compiling... no
checking for suffix of object files... o
checking whether we are using the GNU C compiler... yes
checking whether x86_64-linux-gnu-gcc accepts -g... yes
checking for x86_64-linux-gnu-gcc option to accept ISO C89... none needed
checking for ranlib... ranlib
checking for ar... ar
checking for size... size
checking for compilation debug mode... disabled
checking whether make sets $(MAKE)... yes

CHECK: Characteristic of System Headers and Libraries
checking for an ANSI C-conforming const... yes
checking how to run the C preprocessor... x86_64-linux-gnu-gcc -E
checking for grep that handles long lines and -e... /bin/grep
checking for egrep... /bin/grep -E
checking for ANSI C header files... yes
checking for sys/types.h... yes
checking for sys/stat.h... yes
checking for stdlib.h... yes
checking for string.h... yes
checking for memory.h... yes
checking for strings.h... yes
checking for inttypes.h... yes
checking for stdint.h... yes
checking for unistd.h... yes
checking stdio.h usability... yes
checking stdio.h presence... yes
checking for stdio.h... yes
checking stdarg.h usability... yes
checking stdarg.h presence... yes
checking for stdarg.h... yes
checking for stdlib.h... (cached) yes
checking for string.h... (cached) yes
checking ctype.h usability... yes
checking ctype.h presence... yes
checking for ctype.h... yes
checking for unistd.h... (cached) yes
checking time.h usability... yes
checking time.h presence... yes
checking for time.h... yes
checking signal.h usability... yes
checking signal.h presence... yes
checking for signal.h... yes
checking pwd.h usability... yes
checking pwd.h presence... yes
checking for pwd.h... yes
checking grp.h usability... yes
checking grp.h presence... yes
checking for grp.h... yes
checking for sys/types.h... (cached) yes
checking for sys/stat.h... (cached) yes
checking sys/param.h usability... yes
checking sys/param.h presence... yes
checking for sys/param.h... yes
checking sys/socket.h usability... yes
checking sys/socket.h presence... yes
checking for sys/socket.h... yes
checking netinet/in.h usability... yes
checking netinet/in.h presence... yes
checking for netinet/in.h... yes
checking netdb.h usability... yes
checking netdb.h presence... yes
checking for netdb.h... yes
checking for bool... no
checking for memmove... yes
checking for seteuid... yes
checking for setegid... yes
checking for strdup... yes

RESULT: Sourcefile Substitution
configure: creating ./config.status
config.status: creating Makefile
config.status: creating t/Makefile
config.status: creating config_sc.h
config.status: creating config_ac.h
config.status: config_ac.h is unchanged
make[3]: Entering directory '/<<PKGBUILDDIR>>'
x86_64-linux-gnu-gcc -O2 -g -fPIC -D_REENTRANT -D_GNU_SOURCE -DDEBIAN -fwrapv -fno-strict-aliasing -pipe -I/usr/local/include -D_LARGEFILE_SOURCE -D_FILE_OFFSET_BITS=64 -I/usr/lib/x86_64-linux-gnu/perl/5.30/CORE -I. -o eperl_parse.o -c eperl_parse.c && mv eperl_parse.o eperl_parse.so
x86_64-linux-gnu-gcc -O2 -g -fPIC -D_REENTRANT -D_GNU_SOURCE -DDEBIAN -fwrapv -fno-strict-aliasing -pipe -I/usr/local/include -D_LARGEFILE_SOURCE -D_FILE_OFFSET_BITS=64 -I/usr/lib/x86_64-linux-gnu/perl/5.30/CORE -I. -o eperl_pp.o -c eperl_pp.c && mv eperl_pp.o eperl_pp.so
x86_64-linux-gnu-gcc -O2 -g -fPIC -D_REENTRANT -D_GNU_SOURCE -DDEBIAN -fwrapv -fno-strict-aliasing -pipe -I/usr/local/include -D_LARGEFILE_SOURCE -D_FILE_OFFSET_BITS=64 -I/usr/lib/x86_64-linux-gnu/perl/5.30/CORE -I. -o eperl_http.o -c eperl_http.c && mv eperl_http.o eperl_http.so
x86_64-linux-gnu-gcc -O2 -g -fPIC -D_REENTRANT -D_GNU_SOURCE -DDEBIAN -fwrapv -fno-strict-aliasing -pipe -I/usr/local/include -D_LARGEFILE_SOURCE -D_FILE_OFFSET_BITS=64 -I/usr/lib/x86_64-linux-gnu/perl/5.30/CORE -I. -o eperl_version.o -c eperl_version.c && mv eperl_version.o eperl_version.so
eperl_parse.c:202:17: warning: illegal character encoding in character literal [-Winvalid-source-encoding]
    { "copy",   '<A9>' },    /* Copyright */
                ^
eperl_parse.c:203:17: warning: illegal character encoding in character literal [-Winvalid-source-encoding]
    { "die",    '<A8>' },    /* Di<E6>resis / Umlaut */
                ^
eperl_parse.c:204:17: warning: illegal character encoding in character literal [-Winvalid-source-encoding]
    { "laquo",  '<AB>' },    /* Left angle quote, guillemot left */
                ^
eperl_parse.c:205:17: warning: illegal character encoding in character literal [-Winvalid-source-encoding]
    { "not",    '<AC>' },    /* Not sign */
                ^
eperl_parse.c:206:17: warning: illegal character encoding in character literal [-Winvalid-source-encoding]
    { "ordf",   '<AA>' },    /* Feminine ordinal */
                ^
eperl_parse.c:207:17: warning: illegal character encoding in character literal [-Winvalid-source-encoding]
    { "sect",   '<A7>' },    /* Section sign */
                ^
eperl_parse.c:208:17: warning: illegal character encoding in character literal [-Winvalid-source-encoding]
    { "um",     '<A8>' },    /* Di<E6>resis / Umlaut */
                ^
eperl_parse.c:209:17: warning: illegal character encoding in character literal [-Winvalid-source-encoding]
    { "AElig",  '<C6>' },    /* Capital AE ligature */
                ^
eperl_parse.c:210:17: warning: illegal character encoding in character literal [-Winvalid-source-encoding]
    { "Aacute", '<C1>' },    /* Capital A, acute accent */
                ^
eperl_parse.c:211:17: warning: illegal character encoding in character literal [-Winvalid-source-encoding]
    { "Acirc",  '<C2>' },    /* Capital A, circumflex */
                ^
eperl_parse.c:212:17: warning: illegal character encoding in character literal [-Winvalid-source-encoding]
    { "Agrave", '<C0>' },    /* Capital A, grave accent */
                ^
eperl_parse.c:213:17: warning: illegal character encoding in character literal [-Winvalid-source-encoding]
    { "Aring",  '<C5>' },    /* Capital A, ring */
                ^
eperl_parse.c:214:17: warning: illegal character encoding in character literal [-Winvalid-source-encoding]
    { "Atilde", '<C3>' },    /* Capital A, tilde */
                ^
eperl_parse.c:215:17: warning: illegal character encoding in character literal [-Winvalid-source-encoding]
    { "Auml",   '<C4>' },    /* Capital A, di<E6>resis / umlaut */
                ^
eperl_parse.c:216:17: warning: illegal character encoding in character literal [-Winvalid-source-encoding]
    { "Ccedil", '<C7>' },    /* Capital C, cedilla */
                ^
eperl_parse.c:217:17: warning: illegal character encoding in character literal [-Winvalid-source-encoding]
    { "ETH",    '<D0>' },    /* Capital Eth, Icelandic */
                ^
eperl_parse.c:218:17: warning: illegal character encoding in character literal [-Winvalid-source-encoding]
    { "Eacute", '<C9>' },    /* Capital E, acute accent */
                ^
eperl_parse.c:219:17: warning: illegal character encoding in character literal [-Winvalid-source-encoding]
    { "Ecirc",  '<CA>' },    /* Capital E, circumflex */
                ^
eperl_parse.c:220:17: warning: illegal character encoding in character literal [-Winvalid-source-encoding]
    { "Egrave", '<C8>' },    /* Capital E, grave accent */
                ^
eperl_parse.c:221:17: warning: illegal character encoding in character literal [-Winvalid-source-encoding]
    { "Euml",   '<CB>' },    /* Capital E, di<E6>resis / umlaut */
                ^
eperl_parse.c:222:17: warning: illegal character encoding in character literal [-Winvalid-source-encoding]
    { "Iacute", '<CD>' },    /* Capital I, acute accent */
                ^
eperl_parse.c:223:17: warning: illegal character encoding in character literal [-Winvalid-source-encoding]
    { "Icirc",  '<CE>' },    /* Capital I, circumflex */
                ^
eperl_parse.c:224:17: warning: illegal character encoding in character literal [-Winvalid-source-encoding]
    { "Igrave", '<CC>' },    /* Capital I, grave accent */
                ^
eperl_parse.c:225:17: warning: illegal character encoding in character literal [-Winvalid-source-encoding]
    { "Iuml",   '<CF>' },    /* Capital I, di<E6>resis / umlaut */
                ^
eperl_parse.c:226:17: warning: illegal character encoding in character literal [-Winvalid-source-encoding]
    { "Ntilde", '<D1>' },    /* Capital N, tilde */
                ^
eperl_parse.c:227:17: warning: illegal character encoding in character literal [-Winvalid-source-encoding]
    { "Oacute", '<D3>' },    /* Capital O, acute accent */
                ^
eperl_parse.c:228:17: warning: illegal character encoding in character literal [-Winvalid-source-encoding]
    { "Ocirc",  '<D4>' },    /* Capital O, circumflex */
                ^
eperl_parse.c:229:17: warning: illegal character encoding in character literal [-Winvalid-source-encoding]
    { "Ograve", '<D2>' },    /* Capital O, grave accent */
                ^
eperl_parse.c:230:17: warning: illegal character encoding in character literal [-Winvalid-source-encoding]
    { "Oslash", '<D8>' },    /* Capital O, slash */
                ^
eperl_parse.c:231:17: warning: illegal character encoding in character literal [-Winvalid-source-encoding]
    { "Otilde", '<D5>' },    /* Capital O, tilde */
                ^
eperl_parse.c:232:17: warning: illegal character encoding in character literal [-Winvalid-source-encoding]
    { "Ouml",   '<D6>' },    /* Capital O, di<E6>resis / umlaut */
                ^
eperl_parse.c:233:17: warning: illegal character encoding in character literal [-Winvalid-source-encoding]
    { "THORN",  '<DE>' },    /* Capital Thorn, Icelandic */
                ^
eperl_parse.c:234:17: warning: illegal character encoding in character literal [-Winvalid-source-encoding]
    { "Uacute", '<DA>' },    /* Capital U, acute accent */
                ^
eperl_parse.c:235:17: warning: illegal character encoding in character literal [-Winvalid-source-encoding]
    { "Ucirc",  '<DB>' },    /* Capital U, circumflex */
                ^
eperl_parse.c:236:17: warning: illegal character encoding in character literal [-Winvalid-source-encoding]
    { "Ugrave", '<D9>' },    /* Capital U, grave accent */
                ^
eperl_parse.c:237:17: warning: illegal character encoding in character literal [-Winvalid-source-encoding]
    { "Uuml",   '<DC>' },    /* Capital U, di<E6>resis / umlaut */
                ^
eperl_parse.c:238:17: warning: illegal character encoding in character literal [-Winvalid-source-encoding]
    { "Yacute", '<DD>' },    /* Capital Y, acute accent */
                ^
eperl_parse.c:239:17: warning: illegal character encoding in character literal [-Winvalid-source-encoding]
    { "aacute", '<DF>' },    /* Small a, acute accent */
                ^
eperl_parse.c:240:17: warning: illegal character encoding in character literal [-Winvalid-source-encoding]
    { "acirc",  '<E2>' },    /* Small a, circumflex */
                ^
eperl_parse.c:241:17: warning: illegal character encoding in character literal [-Winvalid-source-encoding]
    { "acute",  '<B4>' },    /* Acute accent */
                ^
eperl_parse.c:242:17: warning: illegal character encoding in character literal [-Winvalid-source-encoding]
    { "aelig",  '<E6>' },    /* Small ae ligature */
                ^
eperl_parse.c:243:17: warning: illegal character encoding in character literal [-Winvalid-source-encoding]
    { "agrave", '<E0>' },    /* Small a, grave accent */
                ^
eperl_parse.c:245:17: warning: illegal character encoding in character literal [-Winvalid-source-encoding]
    { "aring",  '<E5>' },    /* Small a, ring */
                ^
eperl_parse.c:246:17: warning: illegal character encoding in character literal [-Winvalid-source-encoding]
    { "atilde", '<E3>' },    /* Small a, tilde */
                ^
eperl_parse.c:247:17: warning: illegal character encoding in character literal [-Winvalid-source-encoding]
    { "auml",   '<E4>' },    /* Small a, di<E6>resis / umlaut */
                ^
eperl_parse.c:248:17: warning: illegal character encoding in character literal [-Winvalid-source-encoding]
    { "brkbar", '<A6>' },    /* Broken vertical bar */
                ^
eperl_parse.c:249:17: warning: illegal character encoding in character literal [-Winvalid-source-encoding]
    { "brvbar", '<A6>' },    /* Broken vertical bar */
                ^
eperl_parse.c:250:17: warning: illegal character encoding in character literal [-Winvalid-source-encoding]
    { "ccedil", '<E7>' },    /* Small c, cedilla */
                ^
eperl_parse.c:251:17: warning: illegal character encoding in character literal [-Winvalid-source-encoding]
    { "cedil",  '<B8>' },    /* Cedilla */
                ^
eperl_parse.c:252:17: warning: illegal character encoding in character literal [-Winvalid-source-encoding]
    { "cent",   '<A2>' },    /* Cent sign */
                ^
eperl_parse.c:253:17: warning: illegal character encoding in character literal [-Winvalid-source-encoding]
    { "curren", '<A4>' },    /* General currency sign */
                ^
eperl_parse.c:254:17: warning: illegal character encoding in character literal [-Winvalid-source-encoding]
    { "deg",    '<B0>' },    /* Degree sign */
                ^
eperl_parse.c:255:17: warning: illegal character encoding in character literal [-Winvalid-source-encoding]
    { "divide", '<F7>' },    /* Division sign */
                ^
eperl_parse.c:256:17: warning: illegal character encoding in character literal [-Winvalid-source-encoding]
    { "eacute", '<E9>' },    /* Small e, acute accent */
                ^
eperl_parse.c:257:17: warning: illegal character encoding in character literal [-Winvalid-source-encoding]
    { "ecirc",  '<EA>' },    /* Small e, circumflex */
                ^
eperl_parse.c:258:17: warning: illegal character encoding in character literal [-Winvalid-source-encoding]
    { "egrave", '<E8>' },    /* Small e, grave accent */
                ^
eperl_parse.c:259:17: warning: illegal character encoding in character literal [-Winvalid-source-encoding]
    { "eth",    '<F0>' },    /* Small eth, Icelandic */
                ^
eperl_parse.c:260:17: warning: illegal character encoding in character literal [-Winvalid-source-encoding]
    { "euml",   '<EB>' },    /* Small e, di<E6>resis / umlaut */
                ^
eperl_parse.c:261:17: warning: illegal character encoding in character literal [-Winvalid-source-encoding]
    { "frac12", '<BD>' },    /* Fraction one-half */
                ^
eperl_parse.c:262:17: warning: illegal character encoding in character literal [-Winvalid-source-encoding]
    { "frac14", '<BC>' },    /* Fraction one-fourth */
                ^
eperl_parse.c:263:17: warning: illegal character encoding in character literal [-Winvalid-source-encoding]
    { "frac34", '<BE>' },    /* Fraction three-fourths */
                ^
eperl_parse.c:265:17: warning: illegal character encoding in character literal [-Winvalid-source-encoding]
    { "hibar",  '<AF>' },    /* Macron accent */
                ^
eperl_parse.c:266:17: warning: illegal character encoding in character literal [-Winvalid-source-encoding]
    { "iacute", '<ED>' },    /* Small i, acute accent */
                ^
eperl_parse.c:267:17: warning: illegal character encoding in character literal [-Winvalid-source-encoding]
    { "icirc",  '<EE>' },    /* Small i, circumflex */
                ^
eperl_parse.c:268:17: warning: illegal character encoding in character literal [-Winvalid-source-encoding]
    { "iexcl",  '<A1>' },    /* Inverted exclamation */
                ^
eperl_parse.c:269:17: warning: illegal character encoding in character literal [-Winvalid-source-encoding]
    { "igrave", '<EC>' },    /* Small i, grave accent */
                ^
eperl_parse.c:270:17: warning: illegal character encoding in character literal [-Winvalid-source-encoding]
    { "iquest", '<BF>' },    /* Inverted question mark */
                ^
eperl_parse.c:271:17: warning: illegal character encoding in character literal [-Winvalid-source-encoding]
    { "iuml",   '<EF>' },    /* Small i, di<E6>resis / umlaut */
                ^
eperl_parse.c:273:17: warning: illegal character encoding in character literal [-Winvalid-source-encoding]
    { "macr",   '<AF>' },    /* Macron accent */
                ^
eperl_parse.c:274:17: warning: illegal character encoding in character literal [-Winvalid-source-encoding]
    { "micro",  '<B5>' },    /* Micro sign */
                ^
eperl_parse.c:275:17: warning: illegal character encoding in character literal [-Winvalid-source-encoding]
    { "middot", '<B7>' },    /* Middle dot */
                ^
eperl_parse.c:277:17: warning: illegal character encoding in character literal [-Winvalid-source-encoding]
    { "ntilde", '<F1>' },    /* Small n, tilde */
                ^
eperl_parse.c:278:17: warning: illegal character encoding in character literal [-Winvalid-source-encoding]
    { "oacute", '<F3>' },    /* Small o, acute accent */
                ^
eperl_parse.c:279:17: warning: illegal character encoding in character literal [-Winvalid-source-encoding]
    { "ocirc",  '<F4>' },    /* Small o, circumflex */
                ^
eperl_parse.c:280:17: warning: illegal character encoding in character literal [-Winvalid-source-encoding]
    { "ograve", '<F2>' },    /* Small o, grave accent */
                ^
eperl_parse.c:281:17: warning: illegal character encoding in character literal [-Winvalid-source-encoding]
    { "ordm",   '<BA>' },    /* Masculine ordinal */
                ^
eperl_parse.c:282:17: warning: illegal character encoding in character literal [-Winvalid-source-encoding]
    { "oslash", '<F8>' },    /* Small o, slash */
                ^
eperl_parse.c:283:17: warning: illegal character encoding in character literal [-Winvalid-source-encoding]
    { "otilde", '<F5>' },    /* Small o, tilde */
                ^
eperl_parse.c:284:17: warning: illegal character encoding in character literal [-Winvalid-source-encoding]
    { "ouml",   '<F6>' },    /* Small o, di<E6>resis / umlaut */
                ^
eperl_parse.c:285:17: warning: illegal character encoding in character literal [-Winvalid-source-encoding]
    { "para",   '<B6>' },    /* Paragraph sign */
                ^
eperl_parse.c:286:17: warning: illegal character encoding in character literal [-Winvalid-source-encoding]
    { "plusmn", '<B1>' },    /* Plus or minus */
                ^
eperl_parse.c:287:17: warning: illegal character encoding in character literal [-Winvalid-source-encoding]
    { "pound",  '<A3>' },    /* Pound sterling */
                ^
eperl_parse.c:289:17: warning: illegal character encoding in character literal [-Winvalid-source-encoding]
    { "raquo",  '<BB>' },    /* Right angle quote, guillemot right */
                ^
eperl_parse.c:290:17: warning: illegal character encoding in character literal [-Winvalid-source-encoding]
    { "reg",    '<AE>' },    /* Registered trademark */
                ^
eperl_parse.c:291:17: warning: illegal character encoding in character literal [-Winvalid-source-encoding]
    { "shy",    '<AD>' },    /* Soft hyphen */
                ^
eperl_parse.c:292:17: warning: illegal character encoding in character literal [-Winvalid-source-encoding]
    { "sup1",   '<B9>' },    /* Superscript one */
                ^
eperl_parse.c:293:17: warning: illegal character encoding in character literal [-Winvalid-source-encoding]
    { "sup2",   '<B2>' },    /* Superscript two */
                ^
eperl_parse.c:294:17: warning: illegal character encoding in character literal [-Winvalid-source-encoding]
    { "sup3",   '<B3>' },    /* Superscript three */
                ^
eperl_parse.c:295:17: warning: illegal character encoding in character literal [-Winvalid-source-encoding]
    { "szlig",  '<DF>' },    /* Small sharp s, German sz */
                ^
eperl_parse.c:296:17: warning: illegal character encoding in character literal [-Winvalid-source-encoding]
    { "thorn",  '<FE>' },    /* Small thorn, Icelandic */
                ^
eperl_parse.c:297:17: warning: illegal character encoding in character literal [-Winvalid-source-encoding]
    { "times",  '<D7>' },    /* Multiply sign */
                ^
eperl_parse.c:298:17: warning: illegal character encoding in character literal [-Winvalid-source-encoding]
    { "uacute", '<FA>' },    /* Small u, acute accent */
                ^
eperl_parse.c:299:17: warning: illegal character encoding in character literal [-Winvalid-source-encoding]
    { "ucirc",  '<FB>' },    /* Small u, circumflex */
                ^
eperl_parse.c:300:17: warning: illegal character encoding in character literal [-Winvalid-source-encoding]
    { "ugrave", '<F9>' },    /* Small u, grave accent */
                ^
eperl_parse.c:301:17: warning: illegal character encoding in character literal [-Winvalid-source-encoding]
    { "uuml",   '<FC>' },    /* Small u, di<E6>resis / umlaut */
                ^
eperl_parse.c:302:17: warning: illegal character encoding in character literal [-Winvalid-source-encoding]
    { "yacute", '<FD>' },    /* Small y, acute accent */
                ^
eperl_parse.c:303:17: warning: illegal character encoding in character literal [-Winvalid-source-encoding]
    { "yen",    '<A5>' },    /* Yen sign */
                ^
eperl_http.c:262:16: warning: comparing a pointer to a null character constant; did you mean to compare to NULL? [-Wpointer-compare]
    if (cps == NUL) 
               ^~~
               (void *)0
./eperl_config.h:244:13: note: expanded from macro 'NUL'
#define NUL ASC_NUL
            ^
./eperl_config.h:210:17: note: expanded from macro 'ASC_NUL'
#define ASC_NUL '\x00'
                ^
1 warning generated.
97 warnings generated.
ar r libeperl.a eperl_parse.so eperl_pp.so eperl_http.so eperl_version.so 
ar: creating libeperl.a
ranlib libeperl.a
make[3]: Leaving directory '/<<PKGBUILDDIR>>'
cd mod && /usr/bin/perl Makefile.PL INSTALLDIRS=vendor OPTIMIZE=-g -O2 -fdebug-prefix-map=/<<PKGBUILDDIR>>=. -fstack-protector-strong -Wformat -Werror=format-security -Wdate-time -D_FORTIFY_SOURCE=2 LD=x86_64-linux-gnu-gcc -g -O2 -fdebug-prefix-map=/<<PKGBUILDDIR>>=. -fstack-protector-strong -Wformat -Werror=format-security -Wl,-z,relro -Wl,-z,now
Checking if your kit is complete...
Looks good
'-D_FORTIFY_SOURCE' is not a known MakeMaker parameter name.
'-FDEBUG-PREFIX-MAP' is not a known MakeMaker parameter name.
'-WERROR' is not a known MakeMaker parameter name.
Checking if your kit is complete...
Looks good
Writing MYMETA.yml and MYMETA.json
Checking if your kit is complete...
Looks good
Writing MYMETA.yml and MYMETA.json
Generating a Unix-style Makefile
Writing Makefile for Parse::ePerl
Writing MYMETA.yml and MYMETA.json
cd mod && make -w -j4 --jobserver-auth=3,4
make[3]: Entering directory '/<<PKGBUILDDIR>>/mod'
make[3]: warning: -j4 forced in submake: resetting jobserver mode.
make[4]: Entering directory '/<<PKGBUILDDIR>>/mod/Parse'
"/usr/bin/perl" "/usr/share/perl/5.30.0/ExtUtils/xsubpp"  -typemap '/usr/share/perl/5.30/ExtUtils/typemap'  ePerl.xs > ePerl.xsc
Running Mkbootstrap for ePerl ()
cp ePerl.pm ../blib/lib/Parse/ePerl.pm
AutoSplitting ../blib/lib/Parse/ePerl.pm (../blib/lib/auto/Parse/ePerl)
chmod 644 "ePerl.bs"
"/usr/bin/perl" -MExtUtils::Command::MM -e 'cp_nonempty' -- ePerl.bs ../blib/arch/auto/Parse/ePerl/ePerl.bs 644
mv ePerl.xsc ePerl.c
x86_64-linux-gnu-gcc -c  -I/<<PKGBUILDDIR>> -D_REENTRANT -D_GNU_SOURCE -DDEBIAN -fwrapv -fno-strict-aliasing -pipe -I/usr/local/include -D_LARGEFILE_SOURCE -D_FILE_OFFSET_BITS=64 -g   -DVERSION=\"2.0214\" -DXS_VERSION=\"2.0214\" -fPIC "-I/usr/lib/x86_64-linux-gnu/perl/5.30/CORE"   ePerl.c
rm -f ../blib/arch/auto/Parse/ePerl/ePerl.so
x86_64-linux-gnu-gcc  -shared -L/usr/local/lib -fstack-protector-strong  ePerl.o  -o ../blib/arch/auto/Parse/ePerl/ePerl.so  \
   -L/<<PKGBUILDDIR>> -leperl   \
  
chmod 755 ../blib/arch/auto/Parse/ePerl/ePerl.so
Manifying 1 pod document
make[4]: Leaving directory '/<<PKGBUILDDIR>>/mod/Parse'
make[4]: Entering directory '/<<PKGBUILDDIR>>/mod/Apache'
cp ePerl.pm ../blib/lib/Apache/ePerl.pm
Manifying 1 pod document
make[4]: Leaving directory '/<<PKGBUILDDIR>>/mod/Apache'
make[3]: Leaving directory '/<<PKGBUILDDIR>>/mod'
make[2]: Leaving directory '/<<PKGBUILDDIR>>'
sed -e "s/LDFLAGS = /LDFLAGS = `dpkg-buildflags --get LDFLAGS` /" -i mod/Parse/Makefile
sed -e "s/CCCDLFLAGS = /CCCDLFLAGS = `dpkg-buildflags --get CPPFLAGS` /" -i mod/Parse/Makefile
dh_auto_build -- LD_RUN_PATH=
	make -j4 LD_RUN_PATH=
make[2]: Entering directory '/<<PKGBUILDDIR>>'
make[3]: Entering directory '/<<PKGBUILDDIR>>'
make[3]: 'libeperl.a' is up to date.
make[3]: Leaving directory '/<<PKGBUILDDIR>>'
cd mod && make -w -j4 --jobserver-auth=3,4
make[3]: Entering directory '/<<PKGBUILDDIR>>/mod'
make[3]: warning: -j4 forced in submake: resetting jobserver mode.
make[4]: Entering directory '/<<PKGBUILDDIR>>/mod/Parse'
Running Mkbootstrap for ePerl ()
x86_64-linux-gnu-gcc -c  -I/<<PKGBUILDDIR>> -D_REENTRANT -D_GNU_SOURCE -DDEBIAN -fwrapv -fno-strict-aliasing -pipe -I/usr/local/include -D_LARGEFILE_SOURCE -D_FILE_OFFSET_BITS=64 -g   -DVERSION=\"2.0214\" -DXS_VERSION=\"2.0214\" -Wdate-time -D_FORTIFY_SOURCE=2 -fPIC "-I/usr/lib/x86_64-linux-gnu/perl/5.30/CORE"   ePerl.c
chmod 644 "ePerl.bs"
Skip ../blib/lib/Parse/ePerl.pm (unchanged)
"/usr/bin/perl" -MExtUtils::Command::MM -e 'cp_nonempty' -- ePerl.bs ../blib/arch/auto/Parse/ePerl/ePerl.bs 644
rm -f ../blib/arch/auto/Parse/ePerl/ePerl.so
x86_64-linux-gnu-gcc  -shared -L/usr/local/lib -fstack-protector-strong  ePerl.o -Wl,-z,relro -Wl,-z,now  -o ../blib/arch/auto/Parse/ePerl/ePerl.so  \
   -L/<<PKGBUILDDIR>> -leperl   \
  
chmod 755 ../blib/arch/auto/Parse/ePerl/ePerl.so
Manifying 1 pod document
make[4]: Leaving directory '/<<PKGBUILDDIR>>/mod/Parse'
make[4]: Entering directory '/<<PKGBUILDDIR>>/mod/Apache'
Manifying 1 pod document
make[4]: Leaving directory '/<<PKGBUILDDIR>>/mod/Apache'
make[3]: Leaving directory '/<<PKGBUILDDIR>>/mod'
make[2]: Leaving directory '/<<PKGBUILDDIR>>'
dh_auto_test
	make -j4 test VERBOSE=1
make[2]: Entering directory '/<<PKGBUILDDIR>>'
make[3]: Entering directory '/<<PKGBUILDDIR>>'
make[3]: 'libeperl.a' is up to date.
make[3]: Leaving directory '/<<PKGBUILDDIR>>'
cd mod && make -w -j4 --jobserver-auth=3,4
make[3]: Entering directory '/<<PKGBUILDDIR>>/mod'
make[3]: warning: -j4 forced in submake: resetting jobserver mode.
make[4]: Entering directory '/<<PKGBUILDDIR>>/mod/Parse'
"/usr/bin/perl" -MExtUtils::Command::MM -e 'cp_nonempty' -- ePerl.bs ../blib/arch/auto/Parse/ePerl/ePerl.bs 644
Manifying 1 pod document
make[4]: Leaving directory '/<<PKGBUILDDIR>>/mod/Parse'
make[4]: Entering directory '/<<PKGBUILDDIR>>/mod/Apache'
Manifying 1 pod document
make[4]: Leaving directory '/<<PKGBUILDDIR>>/mod/Apache'
make[3]: Leaving directory '/<<PKGBUILDDIR>>/mod'
cd mod && make -w -j4 --jobserver-auth=3,4 test
make[3]: Entering directory '/<<PKGBUILDDIR>>/mod'
make[3]: warning: -j4 forced in submake: resetting jobserver mode.
make[4]: Entering directory '/<<PKGBUILDDIR>>/mod/Parse'
"/usr/bin/perl" -MExtUtils::Command::MM -e 'cp_nonempty' -- ePerl.bs ../blib/arch/auto/Parse/ePerl/ePerl.bs 644
Manifying 1 pod document
make[4]: Leaving directory '/<<PKGBUILDDIR>>/mod/Parse'
make[4]: Entering directory '/<<PKGBUILDDIR>>/mod/Apache'
Manifying 1 pod document
make[4]: Leaving directory '/<<PKGBUILDDIR>>/mod/Apache'
make[4]: Entering directory '/<<PKGBUILDDIR>>/mod/Parse'
"/usr/bin/perl" -MExtUtils::Command::MM -e 'cp_nonempty' -- ePerl.bs ../blib/arch/auto/Parse/ePerl/ePerl.bs 644
PERL_DL_NONLAZY=1 "/usr/bin/perl" "-MExtUtils::Command::MM" "-MTest::Harness" "-e" "undef *Test::Harness::Switches; test_harness(0, '../blib/lib', '../blib/arch')" t/*.t
t/01_load.t ........ ok
t/02_preprocess.t .. ok
t/03_translate.t ... ok
t/04_precompile.t .. ok
t/05_evaluate.t .... ok
t/06_expand.t ...... ok
t/07_delimiter.t ... ok
All tests successful.
Files=7, Tests=9,  0 wallclock secs ( 0.03 usr  0.00 sys +  0.08 cusr  0.03 csys =  0.14 CPU)
Result: PASS
make[4]: Leaving directory '/<<PKGBUILDDIR>>/mod/Parse'
make[4]: Entering directory '/<<PKGBUILDDIR>>/mod/Apache'
No tests defined for Apache::ePerl extension.
make[4]: Leaving directory '/<<PKGBUILDDIR>>/mod/Apache'
No tests defined for Parse::ePerl extension.
make[3]: Leaving directory '/<<PKGBUILDDIR>>/mod'
make[2]: Leaving directory '/<<PKGBUILDDIR>>'
make[1]: Leaving directory '/<<PKGBUILDDIR>>'
   create-stamp debian/debhelper-build-stamp
 fakeroot debian/rules binary
dh binary
   dh_testroot
   dh_prep
   dh_installdirs
   debian/rules override_dh_auto_install
make[1]: Entering directory '/<<PKGBUILDDIR>>'
# Install eperl binary (no idea why DESTDIR= or PREFIX= don't work here)
dh_auto_install -- -f Makefile.stand-alone prefix=debian/eperl/usr
	make -j4 install DESTDIR=/<<PKGBUILDDIR>>/debian/eperl AM_UPDATE_INFO_DIR=no -f Makefile.stand-alone prefix=debian/eperl/usr
make[2]: Entering directory '/<<PKGBUILDDIR>>'
x86_64-linux-gnu-gcc -O2 -g -D_REENTRANT -D_GNU_SOURCE -DDEBIAN -fwrapv -fno-strict-aliasing -pipe -I/usr/local/include -D_LARGEFILE_SOURCE -D_FILE_OFFSET_BITS=64 -I/usr/lib/x86_64-linux-gnu/perl/5.30/CORE -I. -Wdate-time -D_FORTIFY_SOURCE=2 -c eperl_parse.c
x86_64-linux-gnu-gcc -O2 -g -D_REENTRANT -D_GNU_SOURCE -DDEBIAN -fwrapv -fno-strict-aliasing -pipe -I/usr/local/include -D_LARGEFILE_SOURCE -D_FILE_OFFSET_BITS=64 -I/usr/lib/x86_64-linux-gnu/perl/5.30/CORE -I. -Wdate-time -D_FORTIFY_SOURCE=2 -c eperl_pp.c
x86_64-linux-gnu-gcc -O2 -g -D_REENTRANT -D_GNU_SOURCE -DDEBIAN -fwrapv -fno-strict-aliasing -pipe -I/usr/local/include -D_LARGEFILE_SOURCE -D_FILE_OFFSET_BITS=64 -I/usr/lib/x86_64-linux-gnu/perl/5.30/CORE -I. -Wdate-time -D_FORTIFY_SOURCE=2 -c eperl_http.c
x86_64-linux-gnu-gcc -O2 -g -D_REENTRANT -D_GNU_SOURCE -DDEBIAN -fwrapv -fno-strict-aliasing -pipe -I/usr/local/include -D_LARGEFILE_SOURCE -D_FILE_OFFSET_BITS=64 -I/usr/lib/x86_64-linux-gnu/perl/5.30/CORE -I. -Wdate-time -D_FORTIFY_SOURCE=2 -c eperl_version.c
eperl_parse.c:202:17: warning: illegal character encoding in character literal [-Winvalid-source-encoding]
    { "copy",   '<A9>' },    /* Copyright */
                ^
eperl_parse.c:203:17: warning: illegal character encoding in character literal [-Winvalid-source-encoding]
    { "die",    '<A8>' },    /* Di<E6>resis / Umlaut */
                ^
eperl_parse.c:204:17: warning: illegal character encoding in character literal [-Winvalid-source-encoding]
    { "laquo",  '<AB>' },    /* Left angle quote, guillemot left */
                ^
eperl_parse.c:205:17: warning: illegal character encoding in character literal [-Winvalid-source-encoding]
    { "not",    '<AC>' },    /* Not sign */
                ^
eperl_parse.c:206:17: warning: illegal character encoding in character literal [-Winvalid-source-encoding]
    { "ordf",   '<AA>' },    /* Feminine ordinal */
                ^
eperl_parse.c:207:17: warning: illegal character encoding in character literal [-Winvalid-source-encoding]
    { "sect",   '<A7>' },    /* Section sign */
                ^
eperl_parse.c:208:17: warning: illegal character encoding in character literal [-Winvalid-source-encoding]
    { "um",     '<A8>' },    /* Di<E6>resis / Umlaut */
                ^
eperl_parse.c:209:17: warning: illegal character encoding in character literal [-Winvalid-source-encoding]
    { "AElig",  '<C6>' },    /* Capital AE ligature */
                ^
eperl_parse.c:210:17: warning: illegal character encoding in character literal [-Winvalid-source-encoding]
    { "Aacute", '<C1>' },    /* Capital A, acute accent */
                ^
eperl_parse.c:211:17: warning: illegal character encoding in character literal [-Winvalid-source-encoding]
    { "Acirc",  '<C2>' },    /* Capital A, circumflex */
                ^
eperl_parse.c:212:17: warning: illegal character encoding in character literal [-Winvalid-source-encoding]
    { "Agrave", '<C0>' },    /* Capital A, grave accent */
                ^
eperl_parse.c:213:17: warning: illegal character encoding in character literal [-Winvalid-source-encoding]
    { "Aring",  '<C5>' },    /* Capital A, ring */
                ^
eperl_parse.c:214:17: warning: illegal character encoding in character literal [-Winvalid-source-encoding]
    { "Atilde", '<C3>' },    /* Capital A, tilde */
                ^
eperl_parse.c:215:17: warning: illegal character encoding in character literal [-Winvalid-source-encoding]
    { "Auml",   '<C4>' },    /* Capital A, di<E6>resis / umlaut */
                ^
eperl_parse.c:216:17: warning: illegal character encoding in character literal [-Winvalid-source-encoding]
    { "Ccedil", '<C7>' },    /* Capital C, cedilla */
                ^
eperl_parse.c:217:17: warning: illegal character encoding in character literal [-Winvalid-source-encoding]
    { "ETH",    '<D0>' },    /* Capital Eth, Icelandic */
                ^
eperl_parse.c:218:17: warning: illegal character encoding in character literal [-Winvalid-source-encoding]
    { "Eacute", '<C9>' },    /* Capital E, acute accent */
                ^
eperl_parse.c:219:17: warning: illegal character encoding in character literal [-Winvalid-source-encoding]
    { "Ecirc",  '<CA>' },    /* Capital E, circumflex */
                ^
eperl_parse.c:220:17: warning: illegal character encoding in character literal [-Winvalid-source-encoding]
    { "Egrave", '<C8>' },    /* Capital E, grave accent */
                ^
eperl_parse.c:221:17: warning: illegal character encoding in character literal [-Winvalid-source-encoding]
    { "Euml",   '<CB>' },    /* Capital E, di<E6>resis / umlaut */
                ^
eperl_parse.c:222:17: warning: illegal character encoding in character literal [-Winvalid-source-encoding]
    { "Iacute", '<CD>' },    /* Capital I, acute accent */
                ^
eperl_parse.c:223:17: warning: illegal character encoding in character literal [-Winvalid-source-encoding]
    { "Icirc",  '<CE>' },    /* Capital I, circumflex */
                ^
eperl_parse.c:224:17: warning: illegal character encoding in character literal [-Winvalid-source-encoding]
    { "Igrave", '<CC>' },    /* Capital I, grave accent */
                ^
eperl_parse.c:225:17: warning: illegal character encoding in character literal [-Winvalid-source-encoding]
    { "Iuml",   '<CF>' },    /* Capital I, di<E6>resis / umlaut */
                ^
eperl_parse.c:226:17: warning: illegal character encoding in character literal [-Winvalid-source-encoding]
    { "Ntilde", '<D1>' },    /* Capital N, tilde */
                ^
eperl_parse.c:227:17: warning: illegal character encoding in character literal [-Winvalid-source-encoding]
    { "Oacute", '<D3>' },    /* Capital O, acute accent */
                ^
eperl_parse.c:228:17: warning: illegal character encoding in character literal [-Winvalid-source-encoding]
    { "Ocirc",  '<D4>' },    /* Capital O, circumflex */
                ^
eperl_parse.c:229:17: warning: illegal character encoding in character literal [-Winvalid-source-encoding]
    { "Ograve", '<D2>' },    /* Capital O, grave accent */
                ^
eperl_parse.c:230:17: warning: illegal character encoding in character literal [-Winvalid-source-encoding]
    { "Oslash", '<D8>' },    /* Capital O, slash */
                ^
eperl_parse.c:231:17: warning: illegal character encoding in character literal [-Winvalid-source-encoding]
    { "Otilde", '<D5>' },    /* Capital O, tilde */
                ^
eperl_parse.c:232:17: warning: illegal character encoding in character literal [-Winvalid-source-encoding]
    { "Ouml",   '<D6>' },    /* Capital O, di<E6>resis / umlaut */
                ^
eperl_parse.c:233:17: warning: illegal character encoding in character literal [-Winvalid-source-encoding]
    { "THORN",  '<DE>' },    /* Capital Thorn, Icelandic */
                ^
eperl_parse.c:234:17: warning: illegal character encoding in character literal [-Winvalid-source-encoding]
    { "Uacute", '<DA>' },    /* Capital U, acute accent */
                ^
eperl_parse.c:235:17: warning: illegal character encoding in character literal [-Winvalid-source-encoding]
    { "Ucirc",  '<DB>' },    /* Capital U, circumflex */
                ^
eperl_parse.c:236:17: warning: illegal character encoding in character literal [-Winvalid-source-encoding]
    { "Ugrave", '<D9>' },    /* Capital U, grave accent */
                ^
eperl_parse.c:237:17: warning: illegal character encoding in character literal [-Winvalid-source-encoding]
    { "Uuml",   '<DC>' },    /* Capital U, di<E6>resis / umlaut */
                ^
eperl_parse.c:238:17: warning: illegal character encoding in character literal [-Winvalid-source-encoding]
    { "Yacute", '<DD>' },    /* Capital Y, acute accent */
                ^
eperl_parse.c:239:17: warning: illegal character encoding in character literal [-Winvalid-source-encoding]
    { "aacute", '<DF>' },    /* Small a, acute accent */
                ^
eperl_parse.c:240:17: warning: illegal character encoding in character literal [-Winvalid-source-encoding]
    { "acirc",  '<E2>' },    /* Small a, circumflex */
                ^
eperl_parse.c:241:17: warning: illegal character encoding in character literal [-Winvalid-source-encoding]
    { "acute",  '<B4>' },    /* Acute accent */
                ^
eperl_parse.c:242:17: warning: illegal character encoding in character literal [-Winvalid-source-encoding]
    { "aelig",  '<E6>' },    /* Small ae ligature */
                ^
eperl_parse.c:243:17: warning: illegal character encoding in character literal [-Winvalid-source-encoding]
    { "agrave", '<E0>' },    /* Small a, grave accent */
                ^
eperl_parse.c:245:17: warning: illegal character encoding in character literal [-Winvalid-source-encoding]
    { "aring",  '<E5>' },    /* Small a, ring */
                ^
eperl_parse.c:246:17: warning: illegal character encoding in character literal [-Winvalid-source-encoding]
    { "atilde", '<E3>' },    /* Small a, tilde */
                ^
eperl_parse.c:247:17: warning: illegal character encoding in character literal [-Winvalid-source-encoding]
    { "auml",   '<E4>' },    /* Small a, di<E6>resis / umlaut */
                ^
eperl_parse.c:248:17: warning: illegal character encoding in character literal [-Winvalid-source-encoding]
    { "brkbar", '<A6>' },    /* Broken vertical bar */
                ^
eperl_parse.c:249:17: warning: illegal character encoding in character literal [-Winvalid-source-encoding]
    { "brvbar", '<A6>' },    /* Broken vertical bar */
                ^
eperl_parse.c:250:17: warning: illegal character encoding in character literal [-Winvalid-source-encoding]
    { "ccedil", '<E7>' },    /* Small c, cedilla */
                ^
eperl_parse.c:251:17: warning: illegal character encoding in character literal [-Winvalid-source-encoding]
    { "cedil",  '<B8>' },    /* Cedilla */
                ^
eperl_parse.c:252:17: warning: illegal character encoding in character literal [-Winvalid-source-encoding]
    { "cent",   '<A2>' },    /* Cent sign */
                ^
eperl_parse.c:253:17: warning: illegal character encoding in character literal [-Winvalid-source-encoding]
    { "curren", '<A4>' },    /* General currency sign */
                ^
eperl_parse.c:254:17: warning: illegal character encoding in character literal [-Winvalid-source-encoding]
    { "deg",    '<B0>' },    /* Degree sign */
                ^
eperl_parse.c:255:17: warning: illegal character encoding in character literal [-Winvalid-source-encoding]
    { "divide", '<F7>' },    /* Division sign */
                ^
eperl_parse.c:256:17: warning: illegal character encoding in character literal [-Winvalid-source-encoding]
    { "eacute", '<E9>' },    /* Small e, acute accent */
                ^
eperl_parse.c:257:17: warning: illegal character encoding in character literal [-Winvalid-source-encoding]
    { "ecirc",  '<EA>' },    /* Small e, circumflex */
                ^
eperl_parse.c:258:17: warning: illegal character encoding in character literal [-Winvalid-source-encoding]
    { "egrave", '<E8>' },    /* Small e, grave accent */
                ^
eperl_parse.c:259:17: warning: illegal character encoding in character literal [-Winvalid-source-encoding]
    { "eth",    '<F0>' },    /* Small eth, Icelandic */
                ^
eperl_parse.c:260:17: warning: illegal character encoding in character literal [-Winvalid-source-encoding]
    { "euml",   '<EB>' },    /* Small e, di<E6>resis / umlaut */
                ^
eperl_parse.c:261:17: warning: illegal character encoding in character literal [-Winvalid-source-encoding]
    { "frac12", '<BD>' },    /* Fraction one-half */
                ^
eperl_parse.c:262:17: warning: illegal character encoding in character literal [-Winvalid-source-encoding]
    { "frac14", '<BC>' },    /* Fraction one-fourth */
                ^
eperl_parse.c:263:17: warning: illegal character encoding in character literal [-Winvalid-source-encoding]
    { "frac34", '<BE>' },    /* Fraction three-fourths */
                ^
eperl_parse.c:265:17: warning: illegal character encoding in character literal [-Winvalid-source-encoding]
    { "hibar",  '<AF>' },    /* Macron accent */
                ^
eperl_parse.c:266:17: warning: illegal character encoding in character literal [-Winvalid-source-encoding]
    { "iacute", '<ED>' },    /* Small i, acute accent */
                ^
eperl_parse.c:267:17: warning: illegal character encoding in character literal [-Winvalid-source-encoding]
    { "icirc",  '<EE>' },    /* Small i, circumflex */
                ^
eperl_parse.c:268:17: warning: illegal character encoding in character literal [-Winvalid-source-encoding]
    { "iexcl",  '<A1>' },    /* Inverted exclamation */
                ^
eperl_parse.c:269:17: warning: illegal character encoding in character literal [-Winvalid-source-encoding]
    { "igrave", '<EC>' },    /* Small i, grave accent */
                ^
eperl_parse.c:270:17: warning: illegal character encoding in character literal [-Winvalid-source-encoding]
    { "iquest", '<BF>' },    /* Inverted question mark */
                ^
eperl_parse.c:271:17: warning: illegal character encoding in character literal [-Winvalid-source-encoding]
    { "iuml",   '<EF>' },    /* Small i, di<E6>resis / umlaut */
                ^
eperl_parse.c:273:17: warning: illegal character encoding in character literal [-Winvalid-source-encoding]
    { "macr",   '<AF>' },    /* Macron accent */
                ^
eperl_parse.c:274:17: warning: illegal character encoding in character literal [-Winvalid-source-encoding]
    { "micro",  '<B5>' },    /* Micro sign */
                ^
eperl_parse.c:275:17: warning: illegal character encoding in character literal [-Winvalid-source-encoding]
    { "middot", '<B7>' },    /* Middle dot */
                ^
eperl_parse.c:277:17: warning: illegal character encoding in character literal [-Winvalid-source-encoding]
    { "ntilde", '<F1>' },    /* Small n, tilde */
                ^
eperl_parse.c:278:17: warning: illegal character encoding in character literal [-Winvalid-source-encoding]
    { "oacute", '<F3>' },    /* Small o, acute accent */
                ^
eperl_parse.c:279:17: warning: illegal character encoding in character literal [-Winvalid-source-encoding]
    { "ocirc",  '<F4>' },    /* Small o, circumflex */
                ^
eperl_parse.c:280:17: warning: illegal character encoding in character literal [-Winvalid-source-encoding]
    { "ograve", '<F2>' },    /* Small o, grave accent */
                ^
eperl_parse.c:281:17: warning: illegal character encoding in character literal [-Winvalid-source-encoding]
    { "ordm",   '<BA>' },    /* Masculine ordinal */
                ^
eperl_parse.c:282:17: warning: illegal character encoding in character literal [-Winvalid-source-encoding]
    { "oslash", '<F8>' },    /* Small o, slash */
                ^
eperl_parse.c:283:17: warning: illegal character encoding in character literal [-Winvalid-source-encoding]
    { "otilde", '<F5>' },    /* Small o, tilde */
                ^
eperl_parse.c:284:17: warning: illegal character encoding in character literal [-Winvalid-source-encoding]
    { "ouml",   '<F6>' },    /* Small o, di<E6>resis / umlaut */
                ^
eperl_parse.c:285:17: warning: illegal character encoding in character literal [-Winvalid-source-encoding]
    { "para",   '<B6>' },    /* Paragraph sign */
                ^
eperl_parse.c:286:17: warning: illegal character encoding in character literal [-Winvalid-source-encoding]
    { "plusmn", '<B1>' },    /* Plus or minus */
                ^
eperl_parse.c:287:17: warning: illegal character encoding in character literal [-Winvalid-source-encoding]
    { "pound",  '<A3>' },    /* Pound sterling */
                ^
eperl_parse.c:289:17: warning: illegal character encoding in character literal [-Winvalid-source-encoding]
    { "raquo",  '<BB>' },    /* Right angle quote, guillemot right */
                ^
eperl_parse.c:290:17: warning: illegal character encoding in character literal [-Winvalid-source-encoding]
    { "reg",    '<AE>' },    /* Registered trademark */
                ^
eperl_parse.c:291:17: warning: illegal character encoding in character literal [-Winvalid-source-encoding]
    { "shy",    '<AD>' },    /* Soft hyphen */
                ^
eperl_parse.c:292:17: warning: illegal character encoding in character literal [-Winvalid-source-encoding]
    { "sup1",   '<B9>' },    /* Superscript one */
                ^
eperl_parse.c:293:17: warning: illegal character encoding in character literal [-Winvalid-source-encoding]
    { "sup2",   '<B2>' },    /* Superscript two */
                ^
eperl_parse.c:294:17: warning: illegal character encoding in character literal [-Winvalid-source-encoding]
    { "sup3",   '<B3>' },    /* Superscript three */
                ^
eperl_parse.c:295:17: warning: illegal character encoding in character literal [-Winvalid-source-encoding]
    { "szlig",  '<DF>' },    /* Small sharp s, German sz */
                ^
eperl_parse.c:296:17: warning: illegal character encoding in character literal [-Winvalid-source-encoding]
    { "thorn",  '<FE>' },    /* Small thorn, Icelandic */
                ^
eperl_parse.c:297:17: warning: illegal character encoding in character literal [-Winvalid-source-encoding]
    { "times",  '<D7>' },    /* Multiply sign */
                ^
eperl_parse.c:298:17: warning: illegal character encoding in character literal [-Winvalid-source-encoding]
    { "uacute", '<FA>' },    /* Small u, acute accent */
                ^
eperl_parse.c:299:17: warning: illegal character encoding in character literal [-Winvalid-source-encoding]
    { "ucirc",  '<FB>' },    /* Small u, circumflex */
                ^
eperl_parse.c:300:17: warning: illegal character encoding in character literal [-Winvalid-source-encoding]
    { "ugrave", '<F9>' },    /* Small u, grave accent */
                ^
eperl_parse.c:301:17: warning: illegal character encoding in character literal [-Winvalid-source-encoding]
    { "uuml",   '<FC>' },    /* Small u, di<E6>resis / umlaut */
                ^
eperl_parse.c:302:17: warning: illegal character encoding in character literal [-Winvalid-source-encoding]
    { "yacute", '<FD>' },    /* Small y, acute accent */
                ^
eperl_parse.c:303:17: warning: illegal character encoding in character literal [-Winvalid-source-encoding]
    { "yen",    '<A5>' },    /* Yen sign */
                ^
eperl_http.c:262:16: warning: comparing a pointer to a null character constant; did you mean to compare to NULL? [-Wpointer-compare]
    if (cps == NUL) 
               ^~~
               (void *)0
./eperl_config.h:244:13: note: expanded from macro 'NUL'
#define NUL ASC_NUL
            ^
./eperl_config.h:210:17: note: expanded from macro 'ASC_NUL'
#define ASC_NUL '\x00'
                ^
eperl_http.c:327:5: warning: ignoring return value of function declared with 'warn_unused_result' attribute [-Wunused-result]
    write(s, cmd, strlen(cmd));
    ^~~~~ ~~~~~~~~~~~~~~~~~~~
97 warnings generated.
2 warnings generated.
x86_64-linux-gnu-gcc -Wl,-z,relro -Wl,-z,now -Wl,-E -fstack-protector-strong -L/usr/local/lib -L/usr/lib/x86_64-linux-gnu/perl/5.30/CORE  -o eperl eperl_main.o eperl_perl5.o eperl_parse.o eperl_pp.o eperl_sys.o eperl_http.o eperl_getopt.o eperl_debug.o eperl_config.o eperl_version.o eperl_readme.o eperl_license.o eperl_logo.o eperl_powered.o -Wl,-E  -fstack-protector-strong -L/usr/local/lib  -L/usr/lib/x86_64-linux-gnu/perl/5.30/CORE -lperl -ldl -lm -lpthread -lc -lcrypt -lperl -ldl -lm -lpthread -lc -lcrypt 
mkdir -p -m 755 debian/eperl/usr/bin
mkdir -p -m 755 debian/eperl/usr/share/man/man1
mkdir -p -m 755 debian/eperl/usr/lib/eperl
install -c -m 755 -s eperl debian/eperl/usr/bin/eperl
install -c -m 644 eperl.1 debian/eperl/usr/share/man/man1/eperl.1
mkdir -p -m 755 debian/eperl/usr/lib/eperl
cp -r eg/* debian/eperl/usr/lib/eperl/
make[2]: Leaving directory '/<<PKGBUILDDIR>>'
# ... and perl modules
dh_auto_install
	make -j4 install DESTDIR=/<<PKGBUILDDIR>>/debian/eperl AM_UPDATE_INFO_DIR=no
make[2]: Entering directory '/<<PKGBUILDDIR>>'
make[3]: Entering directory '/<<PKGBUILDDIR>>'
make[3]: 'libeperl.a' is up to date.
make[3]: Leaving directory '/<<PKGBUILDDIR>>'
cd mod && make -w -j4 --jobserver-auth=3,4
make[3]: Entering directory '/<<PKGBUILDDIR>>/mod'
make[3]: warning: -j4 forced in submake: resetting jobserver mode.
make[4]: Entering directory '/<<PKGBUILDDIR>>/mod/Parse'
"/usr/bin/perl" -MExtUtils::Command::MM -e 'cp_nonempty' -- ePerl.bs ../blib/arch/auto/Parse/ePerl/ePerl.bs 644
Manifying 1 pod document
make[4]: Leaving directory '/<<PKGBUILDDIR>>/mod/Parse'
make[4]: Entering directory '/<<PKGBUILDDIR>>/mod/Apache'
Manifying 1 pod document
make[4]: Leaving directory '/<<PKGBUILDDIR>>/mod/Apache'
make[3]: Leaving directory '/<<PKGBUILDDIR>>/mod'
cd mod && make -w -j4 --jobserver-auth=3,4 install
make[3]: Entering directory '/<<PKGBUILDDIR>>/mod'
make[3]: warning: -j4 forced in submake: resetting jobserver mode.
make[4]: Entering directory '/<<PKGBUILDDIR>>/mod/Parse'
"/usr/bin/perl" -MExtUtils::Command::MM -e 'cp_nonempty' -- ePerl.bs ../blib/arch/auto/Parse/ePerl/ePerl.bs 644
Manifying 1 pod document
make[4]: Leaving directory '/<<PKGBUILDDIR>>/mod/Parse'
make[4]: Entering directory '/<<PKGBUILDDIR>>/mod/Apache'
Manifying 1 pod document
make[4]: Leaving directory '/<<PKGBUILDDIR>>/mod/Apache'
Files found in blib/arch: installing files in blib/lib into architecture dependent library tree
Installing /<<PKGBUILDDIR>>/debian/eperl/usr/lib/x86_64-linux-gnu/perl5/5.30/auto/Parse/ePerl/ePerl.so
Installing /<<PKGBUILDDIR>>/debian/eperl/usr/lib/x86_64-linux-gnu/perl5/5.30/Apache/ePerl.pm
Installing /<<PKGBUILDDIR>>/debian/eperl/usr/lib/x86_64-linux-gnu/perl5/5.30/auto/Parse/ePerl/autosplit.ix
Installing /<<PKGBUILDDIR>>/debian/eperl/usr/lib/x86_64-linux-gnu/perl5/5.30/Parse/ePerl.pm
Installing /<<PKGBUILDDIR>>/debian/eperl/usr/share/man/man3/Apache::ePerl.3pm
Installing /<<PKGBUILDDIR>>/debian/eperl/usr/share/man/man3/Parse::ePerl.3pm
make[3]: Leaving directory '/<<PKGBUILDDIR>>/mod'
make[2]: Leaving directory '/<<PKGBUILDDIR>>'
# ... and move Apache/ePerl.pm
mv debian/eperl'/usr/lib/x86_64-linux-gnu/perl5/5.30'/Apache debian/eperl'/usr/share/perl5'
find debian/eperl -type d -empty | xargs -r rmdir -p --ignore-fail-on-non-empty
rm -rf debian/eperl/usr/lib/eperl
make[1]: Leaving directory '/<<PKGBUILDDIR>>'
   dh_installdocs
   dh_installchangelogs
   dh_installexamples
   dh_installman
   dh_perl
   dh_link
   dh_strip_nondeterminism
   dh_compress
   dh_fixperms
   dh_missing
   dh_strip
   dh_makeshlibs
   dh_shlibdeps
dpkg-shlibdeps: warning: package could avoid a useless dependency if debian/eperl/usr/bin/eperl was not linked against libcrypt.so.1 (it uses none of the library's symbols)
dpkg-shlibdeps: warning: package could avoid a useless dependency if debian/eperl/usr/bin/eperl was not linked against libm.so.6 (it uses none of the library's symbols)
dpkg-shlibdeps: warning: package could avoid a useless dependency if debian/eperl/usr/bin/eperl was not linked against libdl.so.2 (it uses none of the library's symbols)
   dh_installdeb
   dh_gencontrol
   dh_md5sums
   dh_builddeb
dpkg-deb: building package 'eperl-dbgsym' in '../eperl-dbgsym_2.2.14-23_amd64.deb'.
dpkg-deb: building package 'eperl' in '../eperl_2.2.14-23_amd64.deb'.
 dpkg-genbuildinfo --build=binary
 dpkg-genchanges --build=binary >../eperl_2.2.14-23_amd64.changes
dpkg-genchanges: info: binary-only upload (no source code included)
 dpkg-source --after-build .
dpkg-source: info: using options from eperl-2.2.14/debian/source/options: --extend-diff-ignore=\.build-backup$
dpkg-buildpackage: info: binary-only upload (no source included)
--------------------------------------------------------------------------------
Build finished at 2020-02-25T06:40:27Z

Finished
--------

I: Built successfully

+------------------------------------------------------------------------------+
| Changes                                                                      |
+------------------------------------------------------------------------------+


eperl_2.2.14-23_amd64.changes:
------------------------------

Format: 1.8
Date: Wed, 27 Jun 2018 01:20:50 +0200
Source: eperl
Binary: eperl eperl-dbgsym
Architecture: amd64
Version: 2.2.14-23
Distribution: unstable
Urgency: medium
Maintainer: Axel Beckert <abe@debian.org>
Changed-By: Axel Beckert <abe@debian.org>
Description:
 eperl      - Embedded Perl 5 Language
Closes: 899962
Changes:
 eperl (2.2.14-23) unstable; urgency=medium
 .
   * Update Vcs-* headers for packaging repository moving to Salsa.
   * Drop one-man-team from Maintainer field, set myself personally there
     instead. (Closes: #899962)
   * Remove trailing whitespace from ancient debian/changelog entries.
   * Declare compliance with Debian Policy 4.1.4. (No changes needed.)
   * Bump debhelper compatibility level to 11.
     + Update versioned build-dependency on debhelper accordingly.
     + Update .gitignore to ignore additional build artefacts.
   * Guard a few patched files from being cleaned up by
     dh_autoreconf_clean.
   * Convert debian/copyright to machine-readable DEP5 format.
Checksums-Sha1:
 0a0f1ce6d4a55ef1eacd4fd01b7d0f482ecad43b 32524 eperl-dbgsym_2.2.14-23_amd64.deb
 ee520c7b52cadb80e758acb836292b74c596762e 5141 eperl_2.2.14-23_amd64.buildinfo
 414283db95e6eb177f0c3b74a81821a42c797282 116040 eperl_2.2.14-23_amd64.deb
Checksums-Sha256:
 0f202b7b415988da479cfececf5c5df0ddaf815f1b22e9940c715d4a33cb23f4 32524 eperl-dbgsym_2.2.14-23_amd64.deb
 b7aff012945b5c1d009cd51e40bc9b9f8a24911cb95431d0729cff2e0fc3a8ef 5141 eperl_2.2.14-23_amd64.buildinfo
 8308a9a97bd028362d73545f0ddd347ff5329f7520c16b3d8a02984e94a76f92 116040 eperl_2.2.14-23_amd64.deb
Files:
 3476835ef94e2d06ba8d31de7590783e 32524 debug optional eperl-dbgsym_2.2.14-23_amd64.deb
 d6f55cb52de324ad5068d33526cd392b 5141 devel optional eperl_2.2.14-23_amd64.buildinfo
 9f5e2f42eb8bee341862896d00975d25 116040 devel optional eperl_2.2.14-23_amd64.deb

+------------------------------------------------------------------------------+
| Buildinfo                                                                    |
+------------------------------------------------------------------------------+

Format: 1.0
Source: eperl
Binary: eperl
Architecture: amd64
Version: 2.2.14-23
Checksums-Md5:
 3476835ef94e2d06ba8d31de7590783e 32524 eperl-dbgsym_2.2.14-23_amd64.deb
 9f5e2f42eb8bee341862896d00975d25 116040 eperl_2.2.14-23_amd64.deb
Checksums-Sha1:
 0a0f1ce6d4a55ef1eacd4fd01b7d0f482ecad43b 32524 eperl-dbgsym_2.2.14-23_amd64.deb
 414283db95e6eb177f0c3b74a81821a42c797282 116040 eperl_2.2.14-23_amd64.deb
Checksums-Sha256:
 0f202b7b415988da479cfececf5c5df0ddaf815f1b22e9940c715d4a33cb23f4 32524 eperl-dbgsym_2.2.14-23_amd64.deb
 8308a9a97bd028362d73545f0ddd347ff5329f7520c16b3d8a02984e94a76f92 116040 eperl_2.2.14-23_amd64.deb
Build-Origin: Debian
Build-Architecture: amd64
Build-Date: Tue, 25 Feb 2020 06:40:27 +0000
Build-Path: /<<PKGBUILDDIR>>
Installed-Build-Depends:
 autoconf (= 2.69-11.1),
 automake (= 1:1.16.1-4),
 autopoint (= 0.19.8.1-10),
 autotools-dev (= 20180224.1),
 base-files (= 11),
 base-passwd (= 3.5.47),
 bash (= 5.0-5),
 binutils (= 2.34-3),
 binutils-common (= 2.34-3),
 binutils-x86-64-linux-gnu (= 2.34-3),
 bsdmainutils (= 11.1.2+b1),
 bsdutils (= 1:2.34-0.1),
 build-essential (= 12.8),
 bzip2 (= 1.0.8-2),
 clang-10 (= 1:10.0.0~+rc2-1),
 coreutils (= 8.30-3+b1),
 cpp (= 4:9.2.1-3.1),
 cpp-9 (= 9.2.1-29),
 dash (= 0.5.10.2-6),
 debconf (= 1.5.73),
 debhelper (= 12.9),
 debianutils (= 4.9.1),
 dh-autoreconf (= 19),
 dh-strip-nondeterminism (= 1.6.3-2),
 diffutils (= 1:3.7-3),
 dpkg (= 1.19.7),
 dpkg-dev (= 1.19.7),
 dwz (= 0.13-5),
 fdisk (= 2.34-0.1),
 file (= 1:5.38-4),
 findutils (= 4.7.0-1),
 g++ (= 4:9.2.1-3.1),
 g++-9 (= 9.2.1-29),
 gcc (= 4:9.2.1-3.1),
 gcc-10-base (= 10-20200222-1),
 gcc-9 (= 9.2.1-29),
 gcc-9-base (= 9.2.1-29),
 gettext (= 0.19.8.1-10),
 gettext-base (= 0.19.8.1-10),
 grep (= 3.4-1),
 groff-base (= 1.22.4-4),
 gzip (= 1.9-3+b1),
 hostname (= 3.23),
 init-system-helpers (= 1.57),
 intltool-debian (= 0.35.0+20060710.5),
 lib32gcc-s1 (= 10-20200222-1),
 lib32gcc1 (= 1:10-20200222-1),
 lib32stdc++6 (= 10-20200222-1),
 libacl1 (= 2.2.53-5),
 libarchive-zip-perl (= 1.67-1),
 libasan5 (= 9.2.1-29),
 libatomic1 (= 10-20200222-1),
 libattr1 (= 1:2.4.48-5),
 libaudit-common (= 1:2.8.5-2),
 libaudit1 (= 1:2.8.5-2+b1),
 libbinutils (= 2.34-3),
 libblkid1 (= 2.34-0.1),
 libbsd0 (= 0.10.0-1),
 libbz2-1.0 (= 1.0.8-2),
 libc-bin (= 2.29-10),
 libc-dev-bin (= 2.29-10),
 libc6 (= 2.29-10),
 libc6-dev (= 2.29-10),
 libc6-i386 (= 2.29-10),
 libcap-ng0 (= 0.7.9-2.1+b1),
 libcc1-0 (= 10-20200222-1),
 libclang-common-10-dev (= 1:10.0.0~+rc2-1),
 libclang-cpp10 (= 1:10.0.0~+rc2-1),
 libclang1-10 (= 1:10.0.0~+rc2-1),
 libcroco3 (= 0.6.13-1),
 libcrypt-dev (= 1:4.4.10-10),
 libcrypt1 (= 1:4.4.10-10),
 libctf-nobfd0 (= 2.34-3),
 libctf0 (= 2.34-3),
 libdb5.3 (= 5.3.28+dfsg1-0.6),
 libdebconfclient0 (= 0.251),
 libdebhelper-perl (= 12.9),
 libdpkg-perl (= 1.19.7),
 libedit2 (= 3.1-20191231-1),
 libelf1 (= 0.176-1.1),
 libfdisk1 (= 2.34-0.1),
 libffi7 (= 3.3-3),
 libfile-stripnondeterminism-perl (= 1.6.3-2),
 libgc1c2 (= 1:7.6.4-0.4),
 libgcc-9-dev (= 9.2.1-29),
 libgcc-s1 (= 10-20200222-1),
 libgcc1 (= 1:10-20200222-1),
 libgcrypt20 (= 1.8.5-5),
 libgdbm-compat4 (= 1.18.1-5),
 libgdbm6 (= 1.18.1-5),
 libglib2.0-0 (= 2.62.4-2),
 libgmp10 (= 2:6.2.0+dfsg-4),
 libgomp1 (= 10-20200222-1),
 libgpg-error0 (= 1.37-1),
 libicu63 (= 63.2-2),
 libisl22 (= 0.22.1-1),
 libitm1 (= 10-20200222-1),
 libllvm10 (= 1:10.0.0~+rc2-1),
 liblsan0 (= 10-20200222-1),
 liblz4-1 (= 1.9.2-2),
 liblzma5 (= 5.2.4-1+b1),
 libmagic-mgc (= 1:5.38-4),
 libmagic1 (= 1:5.38-4),
 libmount1 (= 2.34-0.1),
 libmpc3 (= 1.1.0-1),
 libmpfr6 (= 4.0.2-1),
 libncursesw6 (= 6.1+20191019-1),
 libobjc-9-dev (= 9.2.1-29),
 libobjc4 (= 10-20200222-1),
 libpam-modules (= 1.3.1-5),
 libpam-modules-bin (= 1.3.1-5),
 libpam-runtime (= 1.3.1-5),
 libpam0g (= 1.3.1-5),
 libpcre2-8-0 (= 10.34-7),
 libpcre3 (= 2:8.39-12+b1),
 libperl-dev (= 5.30.0-9),
 libperl5.30 (= 5.30.0-9),
 libpipeline1 (= 1.5.2-2),
 libquadmath0 (= 10-20200222-1),
 libseccomp2 (= 2.4.2-2),
 libselinux1 (= 3.0-1+b1),
 libsigsegv2 (= 2.12-2),
 libsmartcols1 (= 2.34-0.1),
 libstdc++-9-dev (= 9.2.1-29),
 libstdc++6 (= 10-20200222-1),
 libsub-override-perl (= 0.09-2),
 libsystemd0 (= 244.3-1),
 libtinfo6 (= 6.1+20191019-1),
 libtool (= 2.4.6-13),
 libtsan0 (= 10-20200222-1),
 libubsan1 (= 10-20200222-1),
 libuchardet0 (= 0.0.6-3),
 libudev1 (= 244.3-1),
 libunistring2 (= 0.9.10-2),
 libuuid1 (= 2.34-0.1),
 libxml2 (= 2.9.10+dfsg-3),
 libz3-4 (= 4.8.7-4),
 linux-libc-dev (= 5.4.19-1),
 login (= 1:4.8.1-1),
 lsb-base (= 11.1.0),
 m4 (= 1.4.18-4),
 make (= 4.2.1-1.2),
 man-db (= 2.9.0-2),
 mawk (= 1.3.4.20200120-2),
 ncurses-base (= 6.1+20191019-1),
 ncurses-bin (= 6.1+20191019-1),
 patch (= 2.7.6-6),
 perl (= 5.30.0-9),
 perl-base (= 5.30.0-9),
 perl-modules-5.30 (= 5.30.0-9),
 po-debconf (= 1.0.21),
 sed (= 4.7-1),
 sensible-utils (= 0.0.12+nmu1),
 shtool (= 2.0.8-10),
 sysvinit-utils (= 2.96-2.1),
 tar (= 1.30+dfsg-6+b1),
 util-linux (= 2.34-0.1),
 xz-utils (= 5.2.4-1+b1),
 zlib1g (= 1:1.2.11.dfsg-2)
Environment:
 DEB_BUILD_OPTIONS="parallel=4"
 LANG="C.UTF-8"
 LC_ALL="C.UTF-8"
 SOURCE_DATE_EPOCH="1530055250"


+------------------------------------------------------------------------------+
| Package contents                                                             |
+------------------------------------------------------------------------------+


eperl-dbgsym_2.2.14-23_amd64.deb
--------------------------------

 new Debian package, version 2.0.
 size 32524 bytes: control archive=512 bytes.
     322 bytes,    12 lines      control              
     106 bytes,     1 lines      md5sums              
 Package: eperl-dbgsym
 Source: eperl
 Version: 2.2.14-23
 Auto-Built-Package: debug-symbols
 Architecture: amd64
 Maintainer: Axel Beckert <abe@debian.org>
 Installed-Size: 48
 Depends: eperl (= 2.2.14-23)
 Section: debug
 Priority: optional
 Description: debug symbols for eperl
 Build-Ids: 74ed5f9db3892b021374a3a37aa8e80b92cf78e7

drwxr-xr-x root/root         0 2018-06-26 23:20 ./
drwxr-xr-x root/root         0 2018-06-26 23:20 ./usr/
drwxr-xr-x root/root         0 2018-06-26 23:20 ./usr/lib/
drwxr-xr-x root/root         0 2018-06-26 23:20 ./usr/lib/debug/
drwxr-xr-x root/root         0 2018-06-26 23:20 ./usr/lib/debug/.build-id/
drwxr-xr-x root/root         0 2018-06-26 23:20 ./usr/lib/debug/.build-id/74/
-rw-r--r-- root/root     37904 2018-06-26 23:20 ./usr/lib/debug/.build-id/74/ed5f9db3892b021374a3a37aa8e80b92cf78e7.debug
drwxr-xr-x root/root         0 2018-06-26 23:20 ./usr/share/
drwxr-xr-x root/root         0 2018-06-26 23:20 ./usr/share/doc/
lrwxrwxrwx root/root         0 2018-06-26 23:20 ./usr/share/doc/eperl-dbgsym -> eperl


eperl_2.2.14-23_amd64.deb
-------------------------

 new Debian package, version 2.0.
 size 116040 bytes: control archive=2412 bytes.
     730 bytes,    16 lines      control              
    3795 bytes,    51 lines      md5sums              
     136 bytes,    11 lines   *  postinst             #!/bin/sh
     514 bytes,    18 lines   *  postrm               #!/bin/sh
 Package: eperl
 Version: 2.2.14-23
 Architecture: amd64
 Maintainer: Axel Beckert <abe@debian.org>
 Installed-Size: 293
 Depends: perl (>= 5.30.0-9), perlapi-5.30.0, libc6 (>= 2.14), libcrypt1 (>= 1:4.1.0), libperl5.30 (>= 5.30.0)
 Suggests: libapache2-mod-perl2
 Section: devel
 Priority: optional
 Homepage: http://www.ossp.org/pkg/tool/eperl/
 Description: Embedded Perl 5 Language
  ePerl interprets an ASCII file bristled with Perl 5 program statements by
  evaluating the Perl 5 code while passing through the plain ASCII data. It
  can operate in various ways: As a stand-alone Unix filter or integrated
  Perl 5 module for general file generation tasks and as a powerful Webserver
  scripting language for dynamic HTML page programming.

drwxr-xr-x root/root         0 2018-06-26 23:20 ./
drwxr-xr-x root/root         0 2018-06-26 23:20 ./usr/
drwxr-xr-x root/root         0 2018-06-26 23:20 ./usr/bin/
-rwxr-xr-x root/root     95968 2018-06-26 23:20 ./usr/bin/eperl
drwxr-xr-x root/root         0 2018-06-26 23:20 ./usr/lib/
drwxr-xr-x root/root         0 2018-06-26 23:20 ./usr/lib/x86_64-linux-gnu/
drwxr-xr-x root/root         0 2018-06-26 23:20 ./usr/lib/x86_64-linux-gnu/perl5/
drwxr-xr-x root/root         0 2018-06-26 23:20 ./usr/lib/x86_64-linux-gnu/perl5/5.30/
drwxr-xr-x root/root         0 2018-06-26 23:20 ./usr/lib/x86_64-linux-gnu/perl5/5.30/Parse/
-rw-r--r-- root/root     14399 2018-06-26 23:20 ./usr/lib/x86_64-linux-gnu/perl5/5.30/Parse/ePerl.pm
drwxr-xr-x root/root         0 2018-06-26 23:20 ./usr/lib/x86_64-linux-gnu/perl5/5.30/auto/
drwxr-xr-x root/root         0 2018-06-26 23:20 ./usr/lib/x86_64-linux-gnu/perl5/5.30/auto/Parse/
drwxr-xr-x root/root         0 2018-06-26 23:20 ./usr/lib/x86_64-linux-gnu/perl5/5.30/auto/Parse/ePerl/
-rw-r--r-- root/root        93 2018-06-26 23:20 ./usr/lib/x86_64-linux-gnu/perl5/5.30/auto/Parse/ePerl/autosplit.ix
-rw-r--r-- root/root     38960 2018-06-26 23:20 ./usr/lib/x86_64-linux-gnu/perl5/5.30/auto/Parse/ePerl/ePerl.so
drwxr-xr-x root/root         0 2018-06-26 23:20 ./usr/share/
drwxr-xr-x root/root         0 2018-06-26 23:20 ./usr/share/doc/
drwxr-xr-x root/root         0 2018-06-26 23:20 ./usr/share/doc/eperl/
-rw-r--r-- root/root      2904 1998-07-27 09:21 ./usr/share/doc/eperl/ANNOUNCE
-rw-r--r-- root/root      1448 1998-07-27 09:17 ./usr/share/doc/eperl/CREDITS
-rw-r--r-- root/root      1373 1997-06-17 10:43 ./usr/share/doc/eperl/ChangeLog.1x
-rw-r--r-- root/root      2900 1997-06-17 10:43 ./usr/share/doc/eperl/ChangeLog.20
-rw-r--r-- root/root      3969 1997-06-17 10:43 ./usr/share/doc/eperl/ChangeLog.21.gz
-rw-r--r-- root/root       971 1998-07-27 09:18 ./usr/share/doc/eperl/KNOWN.BUGS
-rw-r--r-- root/root       337 2016-08-10 20:27 ./usr/share/doc/eperl/NEWS.Debian.gz
-rw-r--r-- root/root      4959 1997-08-01 16:28 ./usr/share/doc/eperl/NEWS.gz
-rw-r--r-- root/root      2862 1998-08-02 13:59 ./usr/share/doc/eperl/PORTING
-rw-r--r-- root/root      1516 2018-06-26 23:20 ./usr/share/doc/eperl/README
-rw-r--r-- root/root      1095 1998-08-02 13:20 ./usr/share/doc/eperl/VERSIONS
-rw-r--r-- root/root      6880 2018-06-26 23:20 ./usr/share/doc/eperl/changelog.Debian.gz
-rw-r--r-- root/root      9323 1998-08-02 14:36 ./usr/share/doc/eperl/changelog.gz
-rw-r--r-- root/root      1516 2018-06-26 23:17 ./usr/share/doc/eperl/copyright
drwxr-xr-x root/root         0 2018-06-26 23:20 ./usr/share/doc/eperl/examples/
-rw-r--r-- root/root       364 1997-11-17 15:00 ./usr/share/doc/eperl/examples/00README
-rw-r--r-- root/root        26 1997-11-17 15:00 ./usr/share/doc/eperl/examples/demo.cgipm.iphtml
-rw-r--r-- root/root      1382 1997-11-17 15:00 ./usr/share/doc/eperl/examples/demo.cgipm.phtml
-rw-r--r-- root/root        24 1997-11-17 15:00 ./usr/share/doc/eperl/examples/demo.env.iphtml
-rw-r--r-- root/root       542 1997-11-17 15:00 ./usr/share/doc/eperl/examples/demo.env.phtml
-rw-r--r-- root/root        27 1997-11-17 15:00 ./usr/share/doc/eperl/examples/demo.errout.iphtml
-rw-r--r-- root/root       435 1997-11-17 15:00 ./usr/share/doc/eperl/examples/demo.errout.phtml
-rw-r--r-- root/root        27 1997-11-17 15:00 ./usr/share/doc/eperl/examples/demo.errsyn.iphtml
-rw-r--r-- root/root       436 1997-11-17 15:00 ./usr/share/doc/eperl/examples/demo.errsyn.phtml
-rw-r--r-- root/root        25 1997-11-17 15:00 ./usr/share/doc/eperl/examples/demo.func.iphtml
-rw-r--r-- root/root      1010 2018-06-26 23:20 ./usr/share/doc/eperl/examples/demo.func.phtml
-rw-r--r-- root/root        25 1997-11-17 15:00 ./usr/share/doc/eperl/examples/demo.html.iphtml
-rw-r--r-- root/root       816 1997-11-17 15:00 ./usr/share/doc/eperl/examples/demo.html.phtml
-rw-r--r-- root/root        26 1997-11-17 15:00 ./usr/share/doc/eperl/examples/demo.image.iphtml
-rw-r--r-- root/root      1871 1997-11-20 07:56 ./usr/share/doc/eperl/examples/demo.image.phtml
-rw-r--r-- root/root        24 1997-11-17 15:00 ./usr/share/doc/eperl/examples/demo.lwp.iphtml
-rw-r--r-- root/root       760 1997-11-17 15:00 ./usr/share/doc/eperl/examples/demo.lwp.phtml
-rw-r--r-- root/root        24 1997-11-17 15:00 ./usr/share/doc/eperl/examples/demo.net.iphtml
-rw-r--r-- root/root      1106 1997-11-17 15:00 ./usr/share/doc/eperl/examples/demo.net.phtml
-rw-r--r-- root/root        23 1997-11-17 15:00 ./usr/share/doc/eperl/examples/demo.pp.iphtml
-rw-r--r-- root/root       681 1997-11-17 15:00 ./usr/share/doc/eperl/examples/demo.pp.phtml
-rw-r--r-- root/root        26 1997-11-17 15:00 ./usr/share/doc/eperl/examples/demo.table.iphtml
-rw-r--r-- root/root       923 1997-11-17 15:00 ./usr/share/doc/eperl/examples/demo.table.phtml
-rw-r--r-- root/root        25 1997-11-17 15:00 ./usr/share/doc/eperl/examples/demo.text.iphtml
-rw-r--r-- root/root       328 1997-11-17 15:00 ./usr/share/doc/eperl/examples/demo.text.phtml
drwxr-xr-x root/root         0 2018-06-26 23:20 ./usr/share/doc/eperl/utils/
-rw-r--r-- root/root       183 1997-09-11 10:55 ./usr/share/doc/eperl/utils/00README
-rw-r--r-- root/root       829 1997-06-22 14:17 ./usr/share/doc/eperl/utils/del2del
-rw-r--r-- root/root      1339 1997-06-22 17:04 ./usr/share/doc/eperl/utils/shtml2phtml.gz
-rw-r--r-- root/root       429 1997-06-22 16:52 ./usr/share/doc/eperl/utils/shtml2phtml.test
drwxr-xr-x root/root         0 2018-06-26 23:20 ./usr/share/man/
drwxr-xr-x root/root         0 2018-06-26 23:20 ./usr/share/man/man1/
-rw-r--r-- root/root     14202 2018-06-26 23:20 ./usr/share/man/man1/eperl.1.gz
drwxr-xr-x root/root         0 2018-06-26 23:20 ./usr/share/man/man3/
-rw-r--r-- root/root      3414 2018-06-26 23:20 ./usr/share/man/man3/Apache::ePerl.3pm.gz
-rw-r--r-- root/root      3237 2018-06-26 23:20 ./usr/share/man/man3/Parse::ePerl.3pm.gz
drwxr-xr-x root/root         0 2018-06-26 23:20 ./usr/share/perl5/
drwxr-xr-x root/root         0 2018-06-26 23:20 ./usr/share/perl5/Apache/
-rw-r--r-- root/root     18282 2018-06-26 23:20 ./usr/share/perl5/Apache/ePerl.pm


+------------------------------------------------------------------------------+
| Post Build                                                                   |
+------------------------------------------------------------------------------+


+------------------------------------------------------------------------------+
| Cleanup                                                                      |
+------------------------------------------------------------------------------+

Purging /<<BUILDDIR>>
Not cleaning session: cloned chroot in use

+------------------------------------------------------------------------------+
| Summary                                                                      |
+------------------------------------------------------------------------------+

Build Architecture: amd64
Build Type: binary
Build-Space: 4700
Build-Time: 20
Distribution: unstable
Host Architecture: amd64
Install-Time: 38
Job: eperl_2.2.14-23
Machine Architecture: amd64
Package: eperl
Package-Time: 93
Source-Version: 2.2.14-23
Space: 4700
Status: successful
Version: 2.2.14-23
--------------------------------------------------------------------------------
Finished at 2020-02-25T06:40:27Z
Build needed 00:01:33, 4700k disk space
DC-Status: OK 94.019743379s
