DC-Build-Header: ignition-cmake 0.6.1-1 / 2020-02-25 05:53:03 +0000
DC-Task: type:rebuild-binarch-only source:ignition-cmake version:0.6.1-1 chroot:unstable esttime:60 logfile:/tmp/ignition-cmake_0.6.1-1_unstable_clang10.log modes:clang10:binarch-only
DC-Sbuild-call: su user42 -c 'sbuild -n --arch-any --apt-update -d unstable -v --no-run-lintian --chroot-setup-commands=/tmp/clang10 ignition-cmake_0.6.1-1'
sbuild (Debian sbuild) 0.78.1 (09 February 2019) on ip-172-31-0-51.eu-central-1.compute.internal

+==============================================================================+
| ignition-cmake 0.6.1-1 (amd64)               Tue, 25 Feb 2020 05:53:03 +0000 |
+==============================================================================+

Package: ignition-cmake
Version: 0.6.1-1
Source Version: 0.6.1-1
Distribution: unstable
Machine Architecture: amd64
Host Architecture: amd64
Build Architecture: amd64
Build Type: binary

I: NOTICE: Log filtering will replace 'var/run/schroot/mount/sid-amd64-sbuild-e28cb55a-a043-4a37-923f-0fea41395654' with '<<CHROOT>>'

+------------------------------------------------------------------------------+
| Chroot Setup Commands                                                        |
+------------------------------------------------------------------------------+


/tmp/clang10
------------

+ echo 'Entering customization script...'
Entering customization script...
+ CLANG_VERSION=10
+ echo 'Install of clang-10'
Install of clang-10
+ apt-get update
Get:1 http://127.0.0.1:12990/debian sid InRelease [142 kB]
Get:2 http://127.0.0.1:12990/debian sid/main Sources.diff/Index [27.9 kB]
Get:3 http://127.0.0.1:12990/debian sid/main amd64 Packages.diff/Index [27.9 kB]
Get:4 http://127.0.0.1:12990/debian sid/main Sources 2020-02-24-0823.32.pdiff [11.0 kB]
Get:5 http://127.0.0.1:12990/debian sid/main Sources 2020-02-24-1420.34.pdiff [30.2 kB]
Get:6 http://127.0.0.1:12990/debian sid/main Sources 2020-02-24-2014.03.pdiff [16.9 kB]
Get:7 http://127.0.0.1:12990/debian sid/main Sources 2020-02-25-0213.11.pdiff [23.2 kB]
Get:8 http://127.0.0.1:12990/debian sid/main amd64 Packages 2020-02-24-0823.32.pdiff [15.5 kB]
Get:9 http://127.0.0.1:12990/debian sid/main amd64 Packages 2020-02-24-1420.34.pdiff [27.5 kB]
Get:10 http://127.0.0.1:12990/debian sid/main amd64 Packages 2020-02-24-2014.03.pdiff [21.6 kB]
Get:11 http://127.0.0.1:12990/debian sid/main amd64 Packages 2020-02-25-0213.11.pdiff [35.0 kB]
Get:7 http://127.0.0.1:12990/debian sid/main Sources 2020-02-25-0213.11.pdiff [23.2 kB]
Get:11 http://127.0.0.1:12990/debian sid/main amd64 Packages 2020-02-25-0213.11.pdiff [35.0 kB]
Get:12 http://127.0.0.1:12990/debian sid/main Translation-en [6193 kB]
Fetched 6572 kB in 3s (2529 kB/s)
Reading package lists...
+ apt-get install --yes --no-install-recommends --force-yes clang-10 libomp-10-dev libobjc-9-dev
Reading package lists...
Building dependency tree...
The following additional packages will be installed:
  lib32gcc-s1 lib32gcc1 lib32stdc++6 libbsd0 libc6-i386 libclang-common-10-dev
  libclang-cpp10 libclang1-10 libedit2 libgc1c2 libllvm10 libobjc4 libomp5-10
  libz3-4
Suggested packages:
  clang-10-doc libomp-10-doc
Recommended packages:
  llvm-10-dev python3
The following NEW packages will be installed:
  clang-10 lib32gcc-s1 lib32gcc1 lib32stdc++6 libbsd0 libc6-i386
  libclang-common-10-dev libclang-cpp10 libclang1-10 libedit2 libgc1c2
  libllvm10 libobjc-9-dev libobjc4 libomp-10-dev libomp5-10 libz3-4
0 upgraded, 17 newly installed, 0 to remove and 2 not upgraded.
Need to get 46.4 MB of archives.
After this operation, 238 MB of additional disk space will be used.
Get:1 http://127.0.0.1:12990/debian sid/main amd64 libbsd0 amd64 0.10.0-1 [107 kB]
Get:2 http://127.0.0.1:12990/debian sid/main amd64 libedit2 amd64 3.1-20191231-1 [95.4 kB]
Get:3 http://127.0.0.1:12990/debian sid/main amd64 libz3-4 amd64 4.8.7-4 [6790 kB]
Get:4 http://127.0.0.1:12990/debian sid/main amd64 libllvm10 amd64 1:10.0.0~+rc2-1 [15.5 MB]
Get:5 http://127.0.0.1:12990/debian sid/main amd64 libclang-cpp10 amd64 1:10.0.0~+rc2-1 [9069 kB]
Get:6 http://127.0.0.1:12990/debian sid/main amd64 libgc1c2 amd64 1:7.6.4-0.4 [224 kB]
Get:7 http://127.0.0.1:12990/debian sid/main amd64 libobjc4 amd64 10-20200222-1 [41.6 kB]
Get:8 http://127.0.0.1:12990/debian sid/main amd64 libobjc-9-dev amd64 9.2.1-29 [219 kB]
Get:9 http://127.0.0.1:12990/debian sid/main amd64 libc6-i386 amd64 2.29-10 [2918 kB]
Get:10 http://127.0.0.1:12990/debian sid/main amd64 lib32gcc-s1 amd64 10-20200222-1 [49.4 kB]
Get:11 http://127.0.0.1:12990/debian sid/main amd64 lib32gcc1 amd64 1:10-20200222-1 [1104 B]
Get:12 http://127.0.0.1:12990/debian sid/main amd64 lib32stdc++6 amd64 10-20200222-1 [510 kB]
Get:13 http://127.0.0.1:12990/debian sid/main amd64 libclang-common-10-dev amd64 1:10.0.0~+rc2-1 [2782 kB]
Get:14 http://127.0.0.1:12990/debian sid/main amd64 libclang1-10 amd64 1:10.0.0~+rc2-1 [7607 kB]
Get:15 http://127.0.0.1:12990/debian sid/main amd64 clang-10 amd64 1:10.0.0~+rc2-1 [103 kB]
Get:16 http://127.0.0.1:12990/debian sid/main amd64 libomp5-10 amd64 1:10.0.0~+rc2-1 [337 kB]
Get:17 http://127.0.0.1:12990/debian sid/main amd64 libomp-10-dev amd64 1:10.0.0~+rc2-1 [84.3 kB]
debconf: delaying package configuration, since apt-utils is not installed
Fetched 46.4 MB in 2s (21.9 MB/s)
Selecting previously unselected package libbsd0:amd64.
(Reading database ... (Reading database ... 5%(Reading database ... 10%(Reading database ... 15%(Reading database ... 20%(Reading database ... 25%(Reading database ... 30%(Reading database ... 35%(Reading database ... 40%(Reading database ... 45%(Reading database ... 50%(Reading database ... 55%(Reading database ... 60%(Reading database ... 65%(Reading database ... 70%(Reading database ... 75%(Reading database ... 80%(Reading database ... 85%(Reading database ... 90%(Reading database ... 95%(Reading database ... 100%(Reading database ... 12119 files and directories currently installed.)
Preparing to unpack .../00-libbsd0_0.10.0-1_amd64.deb ...
Unpacking libbsd0:amd64 (0.10.0-1) ...
Selecting previously unselected package libedit2:amd64.
Preparing to unpack .../01-libedit2_3.1-20191231-1_amd64.deb ...
Unpacking libedit2:amd64 (3.1-20191231-1) ...
Selecting previously unselected package libz3-4:amd64.
Preparing to unpack .../02-libz3-4_4.8.7-4_amd64.deb ...
Unpacking libz3-4:amd64 (4.8.7-4) ...
Selecting previously unselected package libllvm10:amd64.
Preparing to unpack .../03-libllvm10_1%3a10.0.0~+rc2-1_amd64.deb ...
Unpacking libllvm10:amd64 (1:10.0.0~+rc2-1) ...
Selecting previously unselected package libclang-cpp10.
Preparing to unpack .../04-libclang-cpp10_1%3a10.0.0~+rc2-1_amd64.deb ...
Unpacking libclang-cpp10 (1:10.0.0~+rc2-1) ...
Selecting previously unselected package libgc1c2:amd64.
Preparing to unpack .../05-libgc1c2_1%3a7.6.4-0.4_amd64.deb ...
Unpacking libgc1c2:amd64 (1:7.6.4-0.4) ...
Selecting previously unselected package libobjc4:amd64.
Preparing to unpack .../06-libobjc4_10-20200222-1_amd64.deb ...
Unpacking libobjc4:amd64 (10-20200222-1) ...
Selecting previously unselected package libobjc-9-dev:amd64.
Preparing to unpack .../07-libobjc-9-dev_9.2.1-29_amd64.deb ...
Unpacking libobjc-9-dev:amd64 (9.2.1-29) ...
Selecting previously unselected package libc6-i386.
Preparing to unpack .../08-libc6-i386_2.29-10_amd64.deb ...
Unpacking libc6-i386 (2.29-10) ...
Selecting previously unselected package lib32gcc-s1.
Preparing to unpack .../09-lib32gcc-s1_10-20200222-1_amd64.deb ...
Unpacking lib32gcc-s1 (10-20200222-1) ...
Selecting previously unselected package lib32gcc1.
Preparing to unpack .../10-lib32gcc1_1%3a10-20200222-1_amd64.deb ...
Unpacking lib32gcc1 (1:10-20200222-1) ...
Selecting previously unselected package lib32stdc++6.
Preparing to unpack .../11-lib32stdc++6_10-20200222-1_amd64.deb ...
Unpacking lib32stdc++6 (10-20200222-1) ...
Selecting previously unselected package libclang-common-10-dev.
Preparing to unpack .../12-libclang-common-10-dev_1%3a10.0.0~+rc2-1_amd64.deb ...
Unpacking libclang-common-10-dev (1:10.0.0~+rc2-1) ...
Selecting previously unselected package libclang1-10.
Preparing to unpack .../13-libclang1-10_1%3a10.0.0~+rc2-1_amd64.deb ...
Unpacking libclang1-10 (1:10.0.0~+rc2-1) ...
Selecting previously unselected package clang-10.
Preparing to unpack .../14-clang-10_1%3a10.0.0~+rc2-1_amd64.deb ...
Unpacking clang-10 (1:10.0.0~+rc2-1) ...
Selecting previously unselected package libomp5-10:amd64.
Preparing to unpack .../15-libomp5-10_1%3a10.0.0~+rc2-1_amd64.deb ...
Unpacking libomp5-10:amd64 (1:10.0.0~+rc2-1) ...
Selecting previously unselected package libomp-10-dev.
Preparing to unpack .../16-libomp-10-dev_1%3a10.0.0~+rc2-1_amd64.deb ...
Unpacking libomp-10-dev (1:10.0.0~+rc2-1) ...
Setting up libgc1c2:amd64 (1:7.6.4-0.4) ...
Setting up libobjc4:amd64 (10-20200222-1) ...
Setting up libz3-4:amd64 (4.8.7-4) ...
Setting up libobjc-9-dev:amd64 (9.2.1-29) ...
Setting up libomp5-10:amd64 (1:10.0.0~+rc2-1) ...
Setting up libc6-i386 (2.29-10) ...
Setting up libbsd0:amd64 (0.10.0-1) ...
Setting up libomp-10-dev (1:10.0.0~+rc2-1) ...
Setting up libedit2:amd64 (3.1-20191231-1) ...
Setting up libllvm10:amd64 (1:10.0.0~+rc2-1) ...
Setting up lib32gcc-s1 (10-20200222-1) ...
Setting up libclang1-10 (1:10.0.0~+rc2-1) ...
Setting up lib32gcc1 (1:10-20200222-1) ...
Setting up libclang-cpp10 (1:10.0.0~+rc2-1) ...
Setting up lib32stdc++6 (10-20200222-1) ...
Setting up libclang-common-10-dev (1:10.0.0~+rc2-1) ...
Setting up clang-10 (1:10.0.0~+rc2-1) ...
Processing triggers for libc-bin (2.29-10) ...
W: --force-yes is deprecated, use one of the options starting with --allow instead.
+ echo 'Replace gcc, g++ & cpp by clang'
Replace gcc, g++ & cpp by clang
+ VERSIONS='4.6 4.7 4.8 4.9 5 6 7 8 9 10'
+ cd /usr/bin
+ for VERSION in $VERSIONS
+ rm -f g++-4.6 gcc-4.6 cpp-4.6 gcc
+ ln -s clang++-10 g++-4.6
+ ln -s clang-10 gcc-4.6
+ ln -s clang-10 cpp-4.6
+ ln -s clang-10 gcc
+ echo 'gcc-4.6 hold'
+ dpkg --set-selections
dpkg: warning: package not in status nor available database at line 1: gcc-4.6
dpkg: warning: found unknown packages; this might mean the available database
is outdated, and needs to be updated through a frontend method;
please see the FAQ <https://wiki.debian.org/Teams/Dpkg/FAQ>
+ echo 'g++-4.6 hold'
+ dpkg --set-selections
dpkg: warning: package not in status nor available database at line 1: g++-4.6
dpkg: warning: found unknown packages; this might mean the available database
is outdated, and needs to be updated through a frontend method;
please see the FAQ <https://wiki.debian.org/Teams/Dpkg/FAQ>
+ for VERSION in $VERSIONS
+ rm -f g++-4.7 gcc-4.7 cpp-4.7 gcc
+ ln -s clang++-10 g++-4.7
+ ln -s clang-10 gcc-4.7
+ ln -s clang-10 cpp-4.7
+ ln -s clang-10 gcc
+ echo 'gcc-4.7 hold'
+ dpkg --set-selections
dpkg: warning: package not in status nor available database at line 1: gcc-4.7
dpkg: warning: found unknown packages; this might mean the available database
is outdated, and needs to be updated through a frontend method;
please see the FAQ <https://wiki.debian.org/Teams/Dpkg/FAQ>
+ echo 'g++-4.7 hold'
+ dpkg --set-selections
dpkg: warning: package not in status nor available database at line 1: g++-4.7
dpkg: warning: found unknown packages; this might mean the available database
is outdated, and needs to be updated through a frontend method;
please see the FAQ <https://wiki.debian.org/Teams/Dpkg/FAQ>
+ for VERSION in $VERSIONS
+ rm -f g++-4.8 gcc-4.8 cpp-4.8 gcc
+ ln -s clang++-10 g++-4.8
+ ln -s clang-10 gcc-4.8
+ ln -s clang-10 cpp-4.8
+ ln -s clang-10 gcc
+ echo 'gcc-4.8 hold'
+ dpkg --set-selections
dpkg: warning: package not in status nor available database at line 1: gcc-4.8
dpkg: warning: found unknown packages; this might mean the available database
is outdated, and needs to be updated through a frontend method;
please see the FAQ <https://wiki.debian.org/Teams/Dpkg/FAQ>
+ echo 'g++-4.8 hold'
+ dpkg --set-selections
dpkg: warning: package not in status nor available database at line 1: g++-4.8
dpkg: warning: found unknown packages; this might mean the available database
is outdated, and needs to be updated through a frontend method;
please see the FAQ <https://wiki.debian.org/Teams/Dpkg/FAQ>
+ for VERSION in $VERSIONS
+ rm -f g++-4.9 gcc-4.9 cpp-4.9 gcc
+ ln -s clang++-10 g++-4.9
+ ln -s clang-10 gcc-4.9
+ ln -s clang-10 cpp-4.9
+ ln -s clang-10 gcc
+ echo 'gcc-4.9 hold'
+ dpkg --set-selections
dpkg: warning: package not in status nor available database at line 1: gcc-4.9
dpkg: warning: found unknown packages; this might mean the available database
is outdated, and needs to be updated through a frontend method;
please see the FAQ <https://wiki.debian.org/Teams/Dpkg/FAQ>
+ echo 'g++-4.9 hold'
+ dpkg --set-selections
dpkg: warning: package not in status nor available database at line 1: g++-4.9
dpkg: warning: found unknown packages; this might mean the available database
is outdated, and needs to be updated through a frontend method;
please see the FAQ <https://wiki.debian.org/Teams/Dpkg/FAQ>
+ for VERSION in $VERSIONS
+ rm -f g++-5 gcc-5 cpp-5 gcc
+ ln -s clang++-10 g++-5
+ ln -s clang-10 gcc-5
+ ln -s clang-10 cpp-5
+ ln -s clang-10 gcc
+ echo 'gcc-5 hold'
+ dpkg --set-selections
dpkg: warning: package not in status nor available database at line 1: gcc-5
dpkg: warning: found unknown packages; this might mean the available database
is outdated, and needs to be updated through a frontend method;
please see the FAQ <https://wiki.debian.org/Teams/Dpkg/FAQ>
+ echo 'g++-5 hold'
+ dpkg --set-selections
dpkg: warning: package not in status nor available database at line 1: g++-5
dpkg: warning: found unknown packages; this might mean the available database
is outdated, and needs to be updated through a frontend method;
please see the FAQ <https://wiki.debian.org/Teams/Dpkg/FAQ>
+ for VERSION in $VERSIONS
+ rm -f g++-6 gcc-6 cpp-6 gcc
+ ln -s clang++-10 g++-6
+ ln -s clang-10 gcc-6
+ ln -s clang-10 cpp-6
+ ln -s clang-10 gcc
+ dpkg --set-selections
+ echo 'gcc-6 hold'
dpkg: warning: package not in status nor available database at line 1: gcc-6
dpkg: warning: found unknown packages; this might mean the available database
is outdated, and needs to be updated through a frontend method;
please see the FAQ <https://wiki.debian.org/Teams/Dpkg/FAQ>
+ dpkg --set-selections
+ echo 'g++-6 hold'
dpkg: warning: package not in status nor available database at line 1: g++-6
dpkg: warning: found unknown packages; this might mean the available database
is outdated, and needs to be updated through a frontend method;
please see the FAQ <https://wiki.debian.org/Teams/Dpkg/FAQ>
+ for VERSION in $VERSIONS
+ rm -f g++-7 gcc-7 cpp-7 gcc
+ ln -s clang++-10 g++-7
+ ln -s clang-10 gcc-7
+ ln -s clang-10 cpp-7
+ ln -s clang-10 gcc
+ dpkg --set-selections
+ echo 'gcc-7 hold'
dpkg: warning: package not in status nor available database at line 1: gcc-7
dpkg: warning: found unknown packages; this might mean the available database
is outdated, and needs to be updated through a frontend method;
please see the FAQ <https://wiki.debian.org/Teams/Dpkg/FAQ>
+ echo 'g++-7 hold'
+ dpkg --set-selections
dpkg: warning: package not in status nor available database at line 1: g++-7
dpkg: warning: found unknown packages; this might mean the available database
is outdated, and needs to be updated through a frontend method;
please see the FAQ <https://wiki.debian.org/Teams/Dpkg/FAQ>
+ for VERSION in $VERSIONS
+ rm -f g++-8 gcc-8 cpp-8 gcc
+ ln -s clang++-10 g++-8
+ ln -s clang-10 gcc-8
+ ln -s clang-10 cpp-8
+ ln -s clang-10 gcc
+ echo 'gcc-8 hold'
+ dpkg --set-selections
dpkg: warning: package not in status nor available database at line 1: gcc-8
dpkg: warning: found unknown packages; this might mean the available database
is outdated, and needs to be updated through a frontend method;
please see the FAQ <https://wiki.debian.org/Teams/Dpkg/FAQ>
+ echo 'g++-8 hold'
+ dpkg --set-selections
dpkg: warning: package not in status nor available database at line 1: g++-8
dpkg: warning: found unknown packages; this might mean the available database
is outdated, and needs to be updated through a frontend method;
please see the FAQ <https://wiki.debian.org/Teams/Dpkg/FAQ>
+ for VERSION in $VERSIONS
+ rm -f g++-9 gcc-9 cpp-9 gcc
+ ln -s clang++-10 g++-9
+ ln -s clang-10 gcc-9
+ ln -s clang-10 cpp-9
+ ln -s clang-10 gcc
+ echo 'gcc-9 hold'
+ dpkg --set-selections
+ echo 'g++-9 hold'
+ dpkg --set-selections
+ for VERSION in $VERSIONS
+ rm -f g++-10 gcc-10 cpp-10 gcc
+ ln -s clang++-10 g++-10
+ ln -s clang-10 gcc-10
+ ln -s clang-10 cpp-10
+ ln -s clang-10 gcc
+ echo 'gcc-10 hold'
+ dpkg --set-selections
dpkg: warning: package not in status nor available database at line 1: gcc-10
dpkg: warning: found unknown packages; this might mean the available database
is outdated, and needs to be updated through a frontend method;
please see the FAQ <https://wiki.debian.org/Teams/Dpkg/FAQ>
+ echo 'g++-10 hold'
+ dpkg --set-selections
dpkg: warning: package not in status nor available database at line 1: g++-10
dpkg: warning: found unknown packages; this might mean the available database
is outdated, and needs to be updated through a frontend method;
please see the FAQ <https://wiki.debian.org/Teams/Dpkg/FAQ>
+ cd -
/build/ignition-cmake-a8JvOR
+ echo 'Check if gcc, g++ & cpp are actually clang'
Check if gcc, g++ & cpp are actually clang
+ gcc --version
+ grep clang
+ grep clang
+ cpp --version
+ grep clang
+ g++ --version

I: Finished running '/tmp/clang10'.

Finished processing commands.
--------------------------------------------------------------------------------
I: NOTICE: Log filtering will replace 'build/ignition-cmake-a8JvOR/resolver-1XOITV' with '<<RESOLVERDIR>>'

+------------------------------------------------------------------------------+
| Update chroot                                                                |
+------------------------------------------------------------------------------+

Hit:1 http://127.0.0.1:12990/debian sid InRelease
Reading package lists...
Reading package lists...
Building dependency tree...
Reading state information...
Calculating upgrade...
The following packages will be upgraded:
  libgmp10 zlib1g
2 upgraded, 0 newly installed, 0 to remove and 0 not upgraded.
Need to get 343 kB of archives.
After this operation, 0 B of additional disk space will be used.
Get:1 http://127.0.0.1:12990/debian sid/main amd64 libgmp10 amd64 2:6.2.0+dfsg-4 [253 kB]
Get:2 http://127.0.0.1:12990/debian sid/main amd64 zlib1g amd64 1:1.2.11.dfsg-2 [90.4 kB]
debconf: delaying package configuration, since apt-utils is not installed
Fetched 343 kB in 0s (2715 kB/s)
(Reading database ... (Reading database ... 5%(Reading database ... 10%(Reading database ... 15%(Reading database ... 20%(Reading database ... 25%(Reading database ... 30%(Reading database ... 35%(Reading database ... 40%(Reading database ... 45%(Reading database ... 50%(Reading database ... 55%(Reading database ... 60%(Reading database ... 65%(Reading database ... 70%(Reading database ... 75%(Reading database ... 80%(Reading database ... 85%(Reading database ... 90%(Reading database ... 95%(Reading database ... 100%(Reading database ... 12960 files and directories currently installed.)
Preparing to unpack .../libgmp10_2%3a6.2.0+dfsg-4_amd64.deb ...
Unpacking libgmp10:amd64 (2:6.2.0+dfsg-4) over (2:6.2.0+dfsg-3) ...
Setting up libgmp10:amd64 (2:6.2.0+dfsg-4) ...
(Reading database ... (Reading database ... 5%(Reading database ... 10%(Reading database ... 15%(Reading database ... 20%(Reading database ... 25%(Reading database ... 30%(Reading database ... 35%(Reading database ... 40%(Reading database ... 45%(Reading database ... 50%(Reading database ... 55%(Reading database ... 60%(Reading database ... 65%(Reading database ... 70%(Reading database ... 75%(Reading database ... 80%(Reading database ... 85%(Reading database ... 90%(Reading database ... 95%(Reading database ... 100%(Reading database ... 12960 files and directories currently installed.)
Preparing to unpack .../zlib1g_1%3a1.2.11.dfsg-2_amd64.deb ...
Unpacking zlib1g:amd64 (1:1.2.11.dfsg-2) over (1:1.2.11.dfsg-1.2) ...
Setting up zlib1g:amd64 (1:1.2.11.dfsg-2) ...
Processing triggers for libc-bin (2.29-10) ...

+------------------------------------------------------------------------------+
| Fetch source files                                                           |
+------------------------------------------------------------------------------+


Check APT
---------

Checking available source versions...

Download source files with APT
------------------------------

Reading package lists...
NOTICE: 'ignition-cmake' packaging is maintained in the 'Git' version control system at:
https://salsa.debian.org/science-team/ignition-cmake.git
Please use:
git clone https://salsa.debian.org/science-team/ignition-cmake.git
to retrieve the latest (possibly unreleased) updates to the package.
Need to get 152 kB of source archives.
Get:1 http://127.0.0.1:12990/debian sid/main ignition-cmake 0.6.1-1 (dsc) [1829 B]
Get:2 http://127.0.0.1:12990/debian sid/main ignition-cmake 0.6.1-1 (tar) [105 kB]
Get:3 http://127.0.0.1:12990/debian sid/main ignition-cmake 0.6.1-1 (diff) [44.9 kB]
Fetched 152 kB in 0s (1094 kB/s)
Download complete and in download only mode
I: NOTICE: Log filtering will replace 'build/ignition-cmake-a8JvOR/ignition-cmake-0.6.1' with '<<PKGBUILDDIR>>'
I: NOTICE: Log filtering will replace 'build/ignition-cmake-a8JvOR' with '<<BUILDDIR>>'

+------------------------------------------------------------------------------+
| Install package build dependencies                                           |
+------------------------------------------------------------------------------+


Setup apt archive
-----------------

Merged Build-Depends: cmake, debhelper (>= 11), libjs-mathjax, libgtest-dev, python, ruby-ronn, build-essential, fakeroot
Filtered Build-Depends: cmake, debhelper (>= 11), libjs-mathjax, libgtest-dev, python, ruby-ronn, build-essential, fakeroot
dpkg-deb: building package 'sbuild-build-depends-main-dummy' in '/<<RESOLVERDIR>>/apt_archive/sbuild-build-depends-main-dummy.deb'.
Ign:1 copy:/<<RESOLVERDIR>>/apt_archive ./ InRelease
Get:2 copy:/<<RESOLVERDIR>>/apt_archive ./ Release [957 B]
Ign:3 copy:/<<RESOLVERDIR>>/apt_archive ./ Release.gpg
Get:4 copy:/<<RESOLVERDIR>>/apt_archive ./ Sources [400 B]
Get:5 copy:/<<RESOLVERDIR>>/apt_archive ./ Packages [483 B]
Fetched 1840 B in 0s (180 kB/s)
Reading package lists...
Reading package lists...

Install main build dependencies (apt-based resolver)
----------------------------------------------------

Installing build dependencies
Reading package lists...
Building dependency tree...
Reading state information...
The following additional packages will be installed:
  autoconf automake autopoint autotools-dev bsdmainutils ca-certificates cmake
  cmake-data debhelper dh-autoreconf dh-strip-nondeterminism dwz file
  fonts-mathjax gettext gettext-base googletest groff groff-base
  intltool-debian libarchive-zip-perl libarchive13 libbrotli1 libcroco3
  libcurl4 libdebhelper-perl libelf1 libexpat1
  libfile-stripnondeterminism-perl libglib2.0-0 libgssapi-krb5-2 libgtest-dev
  libice6 libicu63 libjs-mathjax libjsoncpp1 libk5crypto3 libkeyutils1
  libkrb5-3 libkrb5support0 libldap-2.4-2 libldap-common libmagic-mgc
  libmagic1 libncurses6 libnghttp2-14 libpipeline1 libprocps8 libpsl5
  libpython-stdlib libpython2-stdlib libpython2.7-minimal libpython2.7-stdlib
  libreadline8 librhash0 librtmp1 libruby2.5 libsasl2-2 libsasl2-modules-db
  libsigsegv2 libsm6 libsqlite3-0 libssh2-1 libssl1.1 libsub-override-perl
  libtool libuchardet0 libuv1 libx11-6 libx11-data libxau6 libxaw7 libxcb1
  libxdmcp6 libxext6 libxml2 libxmu6 libxpm4 libxslt1.1 libxt6 libyaml-0-2 m4
  man-db mime-support openssl po-debconf procps python python-minimal python2
  python2-minimal python2.7 python2.7-minimal rake readline-common ruby
  ruby-did-you-mean ruby-minitest ruby-mustache ruby-net-telnet ruby-nokogiri
  ruby-pkg-config ruby-power-assert ruby-rdiscount ruby-ronn ruby-test-unit
  ruby-xmlrpc ruby2.5 rubygems-integration sensible-utils x11-common
Suggested packages:
  autoconf-archive gnu-standards autoconf-doc wamerican | wordlist whois
  vacation cmake-doc ninja-build dh-make gettext-doc libasprintf-dev
  libgettextpo-dev lrzip krb5-doc krb5-user fonts-mathjax-extras fonts-stix
  libjs-mathjax-doc libtool-doc gfortran | fortran95-compiler gcj-jdk m4-doc
  apparmor less www-browser libmail-box-perl python-doc python-tk python2-doc
  python2.7-doc binfmt-support readline-doc ri ruby-dev bundler
Recommended packages:
  curl | wget | lynx ghostscript imagemagick libpaper1 netpbm psutils
  libarchive-cpio-perl libglib2.0-data shared-mime-info xdg-user-dirs
  krb5-locales libgpm2 publicsuffix libsasl2-modules libltdl-dev
  libmail-sendmail-perl psmisc zip fonts-lato libjs-jquery
The following NEW packages will be installed:
  autoconf automake autopoint autotools-dev bsdmainutils ca-certificates cmake
  cmake-data debhelper dh-autoreconf dh-strip-nondeterminism dwz file
  fonts-mathjax gettext gettext-base googletest groff groff-base
  intltool-debian libarchive-zip-perl libarchive13 libbrotli1 libcroco3
  libcurl4 libdebhelper-perl libelf1 libexpat1
  libfile-stripnondeterminism-perl libglib2.0-0 libgssapi-krb5-2 libgtest-dev
  libice6 libicu63 libjs-mathjax libjsoncpp1 libk5crypto3 libkeyutils1
  libkrb5-3 libkrb5support0 libldap-2.4-2 libldap-common libmagic-mgc
  libmagic1 libncurses6 libnghttp2-14 libpipeline1 libprocps8 libpsl5
  libpython-stdlib libpython2-stdlib libpython2.7-minimal libpython2.7-stdlib
  libreadline8 librhash0 librtmp1 libruby2.5 libsasl2-2 libsasl2-modules-db
  libsigsegv2 libsm6 libsqlite3-0 libssh2-1 libssl1.1 libsub-override-perl
  libtool libuchardet0 libuv1 libx11-6 libx11-data libxau6 libxaw7 libxcb1
  libxdmcp6 libxext6 libxml2 libxmu6 libxpm4 libxslt1.1 libxt6 libyaml-0-2 m4
  man-db mime-support openssl po-debconf procps python python-minimal python2
  python2-minimal python2.7 python2.7-minimal rake readline-common ruby
  ruby-did-you-mean ruby-minitest ruby-mustache ruby-net-telnet ruby-nokogiri
  ruby-pkg-config ruby-power-assert ruby-rdiscount ruby-ronn ruby-test-unit
  ruby-xmlrpc ruby2.5 rubygems-integration sbuild-build-depends-main-dummy
  sensible-utils x11-common
0 upgraded, 112 newly installed, 0 to remove and 0 not upgraded.
Need to get 56.2 MB of archives.
After this operation, 236 MB of additional disk space will be used.
Get:1 copy:/<<RESOLVERDIR>>/apt_archive ./ sbuild-build-depends-main-dummy 0.invalid.0 [908 B]
Get:2 http://127.0.0.1:12990/debian sid/main amd64 bsdmainutils amd64 11.1.2+b1 [191 kB]
Get:3 http://127.0.0.1:12990/debian sid/main amd64 libuchardet0 amd64 0.0.6-3 [64.9 kB]
Get:4 http://127.0.0.1:12990/debian sid/main amd64 groff-base amd64 1.22.4-4 [919 kB]
Get:5 http://127.0.0.1:12990/debian sid/main amd64 libpipeline1 amd64 1.5.2-2 [33.9 kB]
Get:6 http://127.0.0.1:12990/debian sid/main amd64 man-db amd64 2.9.0-2 [1307 kB]
Get:7 http://127.0.0.1:12990/debian sid/main amd64 libpython2.7-minimal amd64 2.7.17-1+b1 [395 kB]
Get:8 http://127.0.0.1:12990/debian sid/main amd64 python2.7-minimal amd64 2.7.17-1+b1 [1342 kB]
Get:9 http://127.0.0.1:12990/debian sid/main amd64 python2-minimal amd64 2.7.17-2 [41.4 kB]
Get:10 http://127.0.0.1:12990/debian sid/main amd64 python-minimal amd64 2.7.17-2 [21.1 kB]
Get:11 http://127.0.0.1:12990/debian sid/main amd64 libssl1.1 amd64 1.1.1d-2 [1540 kB]
Get:12 http://127.0.0.1:12990/debian sid/main amd64 mime-support all 3.64 [37.8 kB]
Get:13 http://127.0.0.1:12990/debian sid/main amd64 libexpat1 amd64 2.2.9-1 [94.3 kB]
Get:14 http://127.0.0.1:12990/debian sid/main amd64 readline-common all 8.0-3 [72.5 kB]
Get:15 http://127.0.0.1:12990/debian sid/main amd64 libreadline8 amd64 8.0-3 [160 kB]
Get:16 http://127.0.0.1:12990/debian sid/main amd64 libsqlite3-0 amd64 3.31.1-3 [661 kB]
Get:17 http://127.0.0.1:12990/debian sid/main amd64 libpython2.7-stdlib amd64 2.7.17-1+b1 [1886 kB]
Get:18 http://127.0.0.1:12990/debian sid/main amd64 python2.7 amd64 2.7.17-1+b1 [309 kB]
Get:19 http://127.0.0.1:12990/debian sid/main amd64 libpython2-stdlib amd64 2.7.17-2 [20.9 kB]
Get:20 http://127.0.0.1:12990/debian sid/main amd64 libpython-stdlib amd64 2.7.17-2 [20.9 kB]
Get:21 http://127.0.0.1:12990/debian sid/main amd64 python2 amd64 2.7.17-2 [41.7 kB]
Get:22 http://127.0.0.1:12990/debian sid/main amd64 python amd64 2.7.17-2 [22.9 kB]
Get:23 http://127.0.0.1:12990/debian sid/main amd64 libncurses6 amd64 6.1+20191019-1 [102 kB]
Get:24 http://127.0.0.1:12990/debian sid/main amd64 libprocps8 amd64 2:3.3.16-1+b1 [62.8 kB]
Get:25 http://127.0.0.1:12990/debian sid/main amd64 procps amd64 2:3.3.16-1+b1 [263 kB]
Get:26 http://127.0.0.1:12990/debian sid/main amd64 sensible-utils all 0.0.12+nmu1 [16.0 kB]
Get:27 http://127.0.0.1:12990/debian sid/main amd64 libmagic-mgc amd64 1:5.38-4 [262 kB]
Get:28 http://127.0.0.1:12990/debian sid/main amd64 libmagic1 amd64 1:5.38-4 [120 kB]
Get:29 http://127.0.0.1:12990/debian sid/main amd64 file amd64 1:5.38-4 [67.9 kB]
Get:30 http://127.0.0.1:12990/debian sid/main amd64 gettext-base amd64 0.19.8.1-10 [123 kB]
Get:31 http://127.0.0.1:12990/debian sid/main amd64 libsigsegv2 amd64 2.12-2 [32.8 kB]
Get:32 http://127.0.0.1:12990/debian sid/main amd64 m4 amd64 1.4.18-4 [203 kB]
Get:33 http://127.0.0.1:12990/debian sid/main amd64 autoconf all 2.69-11.1 [341 kB]
Get:34 http://127.0.0.1:12990/debian sid/main amd64 autotools-dev all 20180224.1 [77.0 kB]
Get:35 http://127.0.0.1:12990/debian sid/main amd64 automake all 1:1.16.1-4 [771 kB]
Get:36 http://127.0.0.1:12990/debian sid/main amd64 autopoint all 0.19.8.1-10 [435 kB]
Get:37 http://127.0.0.1:12990/debian sid/main amd64 openssl amd64 1.1.1d-2 [840 kB]
Get:38 http://127.0.0.1:12990/debian sid/main amd64 ca-certificates all 20190110 [157 kB]
Get:39 http://127.0.0.1:12990/debian sid/main amd64 cmake-data all 3.16.3-1 [1628 kB]
Get:40 http://127.0.0.1:12990/debian sid/main amd64 libicu63 amd64 63.2-2 [8301 kB]
Get:41 http://127.0.0.1:12990/debian sid/main amd64 libxml2 amd64 2.9.10+dfsg-3 [709 kB]
Get:42 http://127.0.0.1:12990/debian sid/main amd64 libarchive13 amd64 3.4.0-1+b1 [335 kB]
Get:43 http://127.0.0.1:12990/debian sid/main amd64 libbrotli1 amd64 1.0.7-6 [266 kB]
Get:44 http://127.0.0.1:12990/debian sid/main amd64 libkeyutils1 amd64 1.6.1-2 [15.4 kB]
Get:45 http://127.0.0.1:12990/debian sid/main amd64 libkrb5support0 amd64 1.17-6 [64.6 kB]
Get:46 http://127.0.0.1:12990/debian sid/main amd64 libk5crypto3 amd64 1.17-6 [116 kB]
Get:47 http://127.0.0.1:12990/debian sid/main amd64 libkrb5-3 amd64 1.17-6 [366 kB]
Get:48 http://127.0.0.1:12990/debian sid/main amd64 libgssapi-krb5-2 amd64 1.17-6 [156 kB]
Get:49 http://127.0.0.1:12990/debian sid/main amd64 libsasl2-modules-db amd64 2.1.27+dfsg-2 [69.0 kB]
Get:50 http://127.0.0.1:12990/debian sid/main amd64 libsasl2-2 amd64 2.1.27+dfsg-2 [106 kB]
Get:51 http://127.0.0.1:12990/debian sid/main amd64 libldap-common all 2.4.49+dfsg-1 [91.9 kB]
Get:52 http://127.0.0.1:12990/debian sid/main amd64 libldap-2.4-2 amd64 2.4.49+dfsg-1 [226 kB]
Get:53 http://127.0.0.1:12990/debian sid/main amd64 libnghttp2-14 amd64 1.40.0-1 [85.0 kB]
Get:54 http://127.0.0.1:12990/debian sid/main amd64 libpsl5 amd64 0.20.2-2 [53.7 kB]
Get:55 http://127.0.0.1:12990/debian sid/main amd64 librtmp1 amd64 2.4+20151223.gitfa8646d.1-2+b1 [60.8 kB]
Get:56 http://127.0.0.1:12990/debian sid/main amd64 libssh2-1 amd64 1.8.0-2.1 [140 kB]
Get:57 http://127.0.0.1:12990/debian sid/main amd64 libcurl4 amd64 7.68.0-1 [321 kB]
Get:58 http://127.0.0.1:12990/debian sid/main amd64 libjsoncpp1 amd64 1.7.4-3.1 [77.6 kB]
Get:59 http://127.0.0.1:12990/debian sid/main amd64 librhash0 amd64 1.3.9-1 [123 kB]
Get:60 http://127.0.0.1:12990/debian sid/main amd64 libuv1 amd64 1.34.2-1 [127 kB]
Get:61 http://127.0.0.1:12990/debian sid/main amd64 cmake amd64 3.16.3-1 [3673 kB]
Get:62 http://127.0.0.1:12990/debian sid/main amd64 libtool all 2.4.6-13 [513 kB]
Get:63 http://127.0.0.1:12990/debian sid/main amd64 dh-autoreconf all 19 [16.9 kB]
Get:64 http://127.0.0.1:12990/debian sid/main amd64 libdebhelper-perl all 12.9 [183 kB]
Get:65 http://127.0.0.1:12990/debian sid/main amd64 libarchive-zip-perl all 1.67-1 [104 kB]
Get:66 http://127.0.0.1:12990/debian sid/main amd64 libsub-override-perl all 0.09-2 [10.2 kB]
Get:67 http://127.0.0.1:12990/debian sid/main amd64 libfile-stripnondeterminism-perl all 1.6.3-2 [23.7 kB]
Get:68 http://127.0.0.1:12990/debian sid/main amd64 dh-strip-nondeterminism all 1.6.3-2 [14.7 kB]
Get:69 http://127.0.0.1:12990/debian sid/main amd64 libelf1 amd64 0.176-1.1 [161 kB]
Get:70 http://127.0.0.1:12990/debian sid/main amd64 dwz amd64 0.13-5 [151 kB]
Get:71 http://127.0.0.1:12990/debian sid/main amd64 libglib2.0-0 amd64 2.62.4-2 [1319 kB]
Get:72 http://127.0.0.1:12990/debian sid/main amd64 libcroco3 amd64 0.6.13-1 [146 kB]
Get:73 http://127.0.0.1:12990/debian sid/main amd64 gettext amd64 0.19.8.1-10 [1303 kB]
Get:74 http://127.0.0.1:12990/debian sid/main amd64 intltool-debian all 0.35.0+20060710.5 [26.8 kB]
Get:75 http://127.0.0.1:12990/debian sid/main amd64 po-debconf all 1.0.21 [248 kB]
Get:76 http://127.0.0.1:12990/debian sid/main amd64 debhelper all 12.9 [994 kB]
Get:77 http://127.0.0.1:12990/debian sid/main amd64 fonts-mathjax all 2.7.4+dfsg-1 [2209 kB]
Get:78 http://127.0.0.1:12990/debian sid/main amd64 googletest all 1.10.0-2 [626 kB]
Get:79 http://127.0.0.1:12990/debian sid/main amd64 libxau6 amd64 1:1.0.8-1+b2 [19.9 kB]
Get:80 http://127.0.0.1:12990/debian sid/main amd64 libxdmcp6 amd64 1:1.1.2-3 [26.3 kB]
Get:81 http://127.0.0.1:12990/debian sid/main amd64 libxcb1 amd64 1.13.1-5 [137 kB]
Get:82 http://127.0.0.1:12990/debian sid/main amd64 libx11-data all 2:1.6.8-1 [298 kB]
Get:83 http://127.0.0.1:12990/debian sid/main amd64 libx11-6 amd64 2:1.6.8-1 [756 kB]
Get:84 http://127.0.0.1:12990/debian sid/main amd64 libxext6 amd64 2:1.3.3-1+b2 [52.5 kB]
Get:85 http://127.0.0.1:12990/debian sid/main amd64 x11-common all 1:7.7+20 [252 kB]
Get:86 http://127.0.0.1:12990/debian sid/main amd64 libice6 amd64 2:1.0.9-2 [58.7 kB]
Get:87 http://127.0.0.1:12990/debian sid/main amd64 libsm6 amd64 2:1.2.3-1 [35.1 kB]
Get:88 http://127.0.0.1:12990/debian sid/main amd64 libxt6 amd64 1:1.1.5-1+b3 [190 kB]
Get:89 http://127.0.0.1:12990/debian sid/main amd64 libxmu6 amd64 2:1.1.2-2+b3 [60.8 kB]
Get:90 http://127.0.0.1:12990/debian sid/main amd64 libxpm4 amd64 1:3.5.12-1 [49.1 kB]
Get:91 http://127.0.0.1:12990/debian sid/main amd64 libxaw7 amd64 2:1.0.13-1+b2 [201 kB]
Get:92 http://127.0.0.1:12990/debian sid/main amd64 groff amd64 1.22.4-4 [3973 kB]
Get:93 http://127.0.0.1:12990/debian sid/main amd64 libgtest-dev amd64 1.10.0-2 [1589 kB]
Get:94 http://127.0.0.1:12990/debian sid/main amd64 libjs-mathjax all 2.7.4+dfsg-1 [5658 kB]
Get:95 http://127.0.0.1:12990/debian sid/main amd64 rubygems-integration all 1.16 [5632 B]
Get:96 http://127.0.0.1:12990/debian sid/main amd64 ruby2.5 amd64 2.5.7-1+b1 [375 kB]
Get:97 http://127.0.0.1:12990/debian sid/main amd64 ruby amd64 1:2.5.7.1 [11.7 kB]
Get:98 http://127.0.0.1:12990/debian sid/main amd64 rake all 13.0.1-2 [67.9 kB]
Get:99 http://127.0.0.1:12990/debian sid/main amd64 ruby-did-you-mean all 1.2.1-1 [14.4 kB]
Get:100 http://127.0.0.1:12990/debian sid/main amd64 ruby-minitest all 5.13.0-1 [57.3 kB]
Get:101 http://127.0.0.1:12990/debian sid/main amd64 ruby-net-telnet all 0.1.1-2 [12.5 kB]
Get:102 http://127.0.0.1:12990/debian sid/main amd64 ruby-power-assert all 1.1.5-1 [11.3 kB]
Get:103 http://127.0.0.1:12990/debian sid/main amd64 ruby-test-unit all 3.3.4-1 [85.1 kB]
Get:104 http://127.0.0.1:12990/debian sid/main amd64 ruby-xmlrpc all 0.3.0-2 [23.7 kB]
Get:105 http://127.0.0.1:12990/debian sid/main amd64 libyaml-0-2 amd64 0.2.2-1 [49.6 kB]
Get:106 http://127.0.0.1:12990/debian sid/main amd64 libruby2.5 amd64 2.5.7-1+b1 [3412 kB]
Get:107 http://127.0.0.1:12990/debian sid/main amd64 libxslt1.1 amd64 1.1.34-3 [239 kB]
Get:108 http://127.0.0.1:12990/debian sid/main amd64 ruby-mustache all 1.0.2-1 [25.1 kB]
Get:109 http://127.0.0.1:12990/debian sid/main amd64 ruby-pkg-config all 1.4.0-1 [8980 B]
Get:110 http://127.0.0.1:12990/debian sid/main amd64 ruby-nokogiri amd64 1.10.7+dfsg1-2+b1 [131 kB]
Get:111 http://127.0.0.1:12990/debian sid/main amd64 ruby-rdiscount amd64 2.1.8-1+b6 [40.0 kB]
Get:112 http://127.0.0.1:12990/debian sid/main amd64 ruby-ronn all 0.8.0-3 [27.0 kB]
debconf: delaying package configuration, since apt-utils is not installed
Fetched 56.2 MB in 6s (10.2 MB/s)
Selecting previously unselected package bsdmainutils.
(Reading database ... 12960 files and directories currently installed.)
Preparing to unpack .../00-bsdmainutils_11.1.2+b1_amd64.deb ...
Unpacking bsdmainutils (11.1.2+b1) ...
Selecting previously unselected package libuchardet0:amd64.
Preparing to unpack .../01-libuchardet0_0.0.6-3_amd64.deb ...
Unpacking libuchardet0:amd64 (0.0.6-3) ...
Selecting previously unselected package groff-base.
Preparing to unpack .../02-groff-base_1.22.4-4_amd64.deb ...
Unpacking groff-base (1.22.4-4) ...
Selecting previously unselected package libpipeline1:amd64.
Preparing to unpack .../03-libpipeline1_1.5.2-2_amd64.deb ...
Unpacking libpipeline1:amd64 (1.5.2-2) ...
Selecting previously unselected package man-db.
Preparing to unpack .../04-man-db_2.9.0-2_amd64.deb ...
Unpacking man-db (2.9.0-2) ...
Selecting previously unselected package libpython2.7-minimal:amd64.
Preparing to unpack .../05-libpython2.7-minimal_2.7.17-1+b1_amd64.deb ...
Unpacking libpython2.7-minimal:amd64 (2.7.17-1+b1) ...
Selecting previously unselected package python2.7-minimal.
Preparing to unpack .../06-python2.7-minimal_2.7.17-1+b1_amd64.deb ...
Unpacking python2.7-minimal (2.7.17-1+b1) ...
Selecting previously unselected package python2-minimal.
Preparing to unpack .../07-python2-minimal_2.7.17-2_amd64.deb ...
Unpacking python2-minimal (2.7.17-2) ...
Selecting previously unselected package python-minimal.
Preparing to unpack .../08-python-minimal_2.7.17-2_amd64.deb ...
Unpacking python-minimal (2.7.17-2) ...
Selecting previously unselected package libssl1.1:amd64.
Preparing to unpack .../09-libssl1.1_1.1.1d-2_amd64.deb ...
Unpacking libssl1.1:amd64 (1.1.1d-2) ...
Selecting previously unselected package mime-support.
Preparing to unpack .../10-mime-support_3.64_all.deb ...
Unpacking mime-support (3.64) ...
Selecting previously unselected package libexpat1:amd64.
Preparing to unpack .../11-libexpat1_2.2.9-1_amd64.deb ...
Unpacking libexpat1:amd64 (2.2.9-1) ...
Selecting previously unselected package readline-common.
Preparing to unpack .../12-readline-common_8.0-3_all.deb ...
Unpacking readline-common (8.0-3) ...
Selecting previously unselected package libreadline8:amd64.
Preparing to unpack .../13-libreadline8_8.0-3_amd64.deb ...
Unpacking libreadline8:amd64 (8.0-3) ...
Selecting previously unselected package libsqlite3-0:amd64.
Preparing to unpack .../14-libsqlite3-0_3.31.1-3_amd64.deb ...
Unpacking libsqlite3-0:amd64 (3.31.1-3) ...
Selecting previously unselected package libpython2.7-stdlib:amd64.
Preparing to unpack .../15-libpython2.7-stdlib_2.7.17-1+b1_amd64.deb ...
Unpacking libpython2.7-stdlib:amd64 (2.7.17-1+b1) ...
Selecting previously unselected package python2.7.
Preparing to unpack .../16-python2.7_2.7.17-1+b1_amd64.deb ...
Unpacking python2.7 (2.7.17-1+b1) ...
Selecting previously unselected package libpython2-stdlib:amd64.
Preparing to unpack .../17-libpython2-stdlib_2.7.17-2_amd64.deb ...
Unpacking libpython2-stdlib:amd64 (2.7.17-2) ...
Selecting previously unselected package libpython-stdlib:amd64.
Preparing to unpack .../18-libpython-stdlib_2.7.17-2_amd64.deb ...
Unpacking libpython-stdlib:amd64 (2.7.17-2) ...
Setting up libpython2.7-minimal:amd64 (2.7.17-1+b1) ...
Setting up python2.7-minimal (2.7.17-1+b1) ...
Setting up python2-minimal (2.7.17-2) ...
Selecting previously unselected package python2.
(Reading database ... 14446 files and directories currently installed.)
Preparing to unpack .../python2_2.7.17-2_amd64.deb ...
Unpacking python2 (2.7.17-2) ...
Setting up python-minimal (2.7.17-2) ...
Selecting previously unselected package python.
(Reading database ... 14479 files and directories currently installed.)
Preparing to unpack .../00-python_2.7.17-2_amd64.deb ...
Unpacking python (2.7.17-2) ...
Selecting previously unselected package libncurses6:amd64.
Preparing to unpack .../01-libncurses6_6.1+20191019-1_amd64.deb ...
Unpacking libncurses6:amd64 (6.1+20191019-1) ...
Selecting previously unselected package libprocps8:amd64.
Preparing to unpack .../02-libprocps8_2%3a3.3.16-1+b1_amd64.deb ...
Unpacking libprocps8:amd64 (2:3.3.16-1+b1) ...
Selecting previously unselected package procps.
Preparing to unpack .../03-procps_2%3a3.3.16-1+b1_amd64.deb ...
Unpacking procps (2:3.3.16-1+b1) ...
Selecting previously unselected package sensible-utils.
Preparing to unpack .../04-sensible-utils_0.0.12+nmu1_all.deb ...
Unpacking sensible-utils (0.0.12+nmu1) ...
Selecting previously unselected package libmagic-mgc.
Preparing to unpack .../05-libmagic-mgc_1%3a5.38-4_amd64.deb ...
Unpacking libmagic-mgc (1:5.38-4) ...
Selecting previously unselected package libmagic1:amd64.
Preparing to unpack .../06-libmagic1_1%3a5.38-4_amd64.deb ...
Unpacking libmagic1:amd64 (1:5.38-4) ...
Selecting previously unselected package file.
Preparing to unpack .../07-file_1%3a5.38-4_amd64.deb ...
Unpacking file (1:5.38-4) ...
Selecting previously unselected package gettext-base.
Preparing to unpack .../08-gettext-base_0.19.8.1-10_amd64.deb ...
Unpacking gettext-base (0.19.8.1-10) ...
Selecting previously unselected package libsigsegv2:amd64.
Preparing to unpack .../09-libsigsegv2_2.12-2_amd64.deb ...
Unpacking libsigsegv2:amd64 (2.12-2) ...
Selecting previously unselected package m4.
Preparing to unpack .../10-m4_1.4.18-4_amd64.deb ...
Unpacking m4 (1.4.18-4) ...
Selecting previously unselected package autoconf.
Preparing to unpack .../11-autoconf_2.69-11.1_all.deb ...
Unpacking autoconf (2.69-11.1) ...
Selecting previously unselected package autotools-dev.
Preparing to unpack .../12-autotools-dev_20180224.1_all.deb ...
Unpacking autotools-dev (20180224.1) ...
Selecting previously unselected package automake.
Preparing to unpack .../13-automake_1%3a1.16.1-4_all.deb ...
Unpacking automake (1:1.16.1-4) ...
Selecting previously unselected package autopoint.
Preparing to unpack .../14-autopoint_0.19.8.1-10_all.deb ...
Unpacking autopoint (0.19.8.1-10) ...
Selecting previously unselected package openssl.
Preparing to unpack .../15-openssl_1.1.1d-2_amd64.deb ...
Unpacking openssl (1.1.1d-2) ...
Selecting previously unselected package ca-certificates.
Preparing to unpack .../16-ca-certificates_20190110_all.deb ...
Unpacking ca-certificates (20190110) ...
Selecting previously unselected package cmake-data.
Preparing to unpack .../17-cmake-data_3.16.3-1_all.deb ...
Unpacking cmake-data (3.16.3-1) ...
Selecting previously unselected package libicu63:amd64.
Preparing to unpack .../18-libicu63_63.2-2_amd64.deb ...
Unpacking libicu63:amd64 (63.2-2) ...
Selecting previously unselected package libxml2:amd64.
Preparing to unpack .../19-libxml2_2.9.10+dfsg-3_amd64.deb ...
Unpacking libxml2:amd64 (2.9.10+dfsg-3) ...
Selecting previously unselected package libarchive13:amd64.
Preparing to unpack .../20-libarchive13_3.4.0-1+b1_amd64.deb ...
Unpacking libarchive13:amd64 (3.4.0-1+b1) ...
Selecting previously unselected package libbrotli1:amd64.
Preparing to unpack .../21-libbrotli1_1.0.7-6_amd64.deb ...
Unpacking libbrotli1:amd64 (1.0.7-6) ...
Selecting previously unselected package libkeyutils1:amd64.
Preparing to unpack .../22-libkeyutils1_1.6.1-2_amd64.deb ...
Unpacking libkeyutils1:amd64 (1.6.1-2) ...
Selecting previously unselected package libkrb5support0:amd64.
Preparing to unpack .../23-libkrb5support0_1.17-6_amd64.deb ...
Unpacking libkrb5support0:amd64 (1.17-6) ...
Selecting previously unselected package libk5crypto3:amd64.
Preparing to unpack .../24-libk5crypto3_1.17-6_amd64.deb ...
Unpacking libk5crypto3:amd64 (1.17-6) ...
Selecting previously unselected package libkrb5-3:amd64.
Preparing to unpack .../25-libkrb5-3_1.17-6_amd64.deb ...
Unpacking libkrb5-3:amd64 (1.17-6) ...
Selecting previously unselected package libgssapi-krb5-2:amd64.
Preparing to unpack .../26-libgssapi-krb5-2_1.17-6_amd64.deb ...
Unpacking libgssapi-krb5-2:amd64 (1.17-6) ...
Selecting previously unselected package libsasl2-modules-db:amd64.
Preparing to unpack .../27-libsasl2-modules-db_2.1.27+dfsg-2_amd64.deb ...
Unpacking libsasl2-modules-db:amd64 (2.1.27+dfsg-2) ...
Selecting previously unselected package libsasl2-2:amd64.
Preparing to unpack .../28-libsasl2-2_2.1.27+dfsg-2_amd64.deb ...
Unpacking libsasl2-2:amd64 (2.1.27+dfsg-2) ...
Selecting previously unselected package libldap-common.
Preparing to unpack .../29-libldap-common_2.4.49+dfsg-1_all.deb ...
Unpacking libldap-common (2.4.49+dfsg-1) ...
Selecting previously unselected package libldap-2.4-2:amd64.
Preparing to unpack .../30-libldap-2.4-2_2.4.49+dfsg-1_amd64.deb ...
Unpacking libldap-2.4-2:amd64 (2.4.49+dfsg-1) ...
Selecting previously unselected package libnghttp2-14:amd64.
Preparing to unpack .../31-libnghttp2-14_1.40.0-1_amd64.deb ...
Unpacking libnghttp2-14:amd64 (1.40.0-1) ...
Selecting previously unselected package libpsl5:amd64.
Preparing to unpack .../32-libpsl5_0.20.2-2_amd64.deb ...
Unpacking libpsl5:amd64 (0.20.2-2) ...
Selecting previously unselected package librtmp1:amd64.
Preparing to unpack .../33-librtmp1_2.4+20151223.gitfa8646d.1-2+b1_amd64.deb ...
Unpacking librtmp1:amd64 (2.4+20151223.gitfa8646d.1-2+b1) ...
Selecting previously unselected package libssh2-1:amd64.
Preparing to unpack .../34-libssh2-1_1.8.0-2.1_amd64.deb ...
Unpacking libssh2-1:amd64 (1.8.0-2.1) ...
Selecting previously unselected package libcurl4:amd64.
Preparing to unpack .../35-libcurl4_7.68.0-1_amd64.deb ...
Unpacking libcurl4:amd64 (7.68.0-1) ...
Selecting previously unselected package libjsoncpp1:amd64.
Preparing to unpack .../36-libjsoncpp1_1.7.4-3.1_amd64.deb ...
Unpacking libjsoncpp1:amd64 (1.7.4-3.1) ...
Selecting previously unselected package librhash0:amd64.
Preparing to unpack .../37-librhash0_1.3.9-1_amd64.deb ...
Unpacking librhash0:amd64 (1.3.9-1) ...
Selecting previously unselected package libuv1:amd64.
Preparing to unpack .../38-libuv1_1.34.2-1_amd64.deb ...
Unpacking libuv1:amd64 (1.34.2-1) ...
Selecting previously unselected package cmake.
Preparing to unpack .../39-cmake_3.16.3-1_amd64.deb ...
Unpacking cmake (3.16.3-1) ...
Selecting previously unselected package libtool.
Preparing to unpack .../40-libtool_2.4.6-13_all.deb ...
Unpacking libtool (2.4.6-13) ...
Selecting previously unselected package dh-autoreconf.
Preparing to unpack .../41-dh-autoreconf_19_all.deb ...
Unpacking dh-autoreconf (19) ...
Selecting previously unselected package libdebhelper-perl.
Preparing to unpack .../42-libdebhelper-perl_12.9_all.deb ...
Unpacking libdebhelper-perl (12.9) ...
Selecting previously unselected package libarchive-zip-perl.
Preparing to unpack .../43-libarchive-zip-perl_1.67-1_all.deb ...
Unpacking libarchive-zip-perl (1.67-1) ...
Selecting previously unselected package libsub-override-perl.
Preparing to unpack .../44-libsub-override-perl_0.09-2_all.deb ...
Unpacking libsub-override-perl (0.09-2) ...
Selecting previously unselected package libfile-stripnondeterminism-perl.
Preparing to unpack .../45-libfile-stripnondeterminism-perl_1.6.3-2_all.deb ...
Unpacking libfile-stripnondeterminism-perl (1.6.3-2) ...
Selecting previously unselected package dh-strip-nondeterminism.
Preparing to unpack .../46-dh-strip-nondeterminism_1.6.3-2_all.deb ...
Unpacking dh-strip-nondeterminism (1.6.3-2) ...
Selecting previously unselected package libelf1:amd64.
Preparing to unpack .../47-libelf1_0.176-1.1_amd64.deb ...
Unpacking libelf1:amd64 (0.176-1.1) ...
Selecting previously unselected package dwz.
Preparing to unpack .../48-dwz_0.13-5_amd64.deb ...
Unpacking dwz (0.13-5) ...
Selecting previously unselected package libglib2.0-0:amd64.
Preparing to unpack .../49-libglib2.0-0_2.62.4-2_amd64.deb ...
Unpacking libglib2.0-0:amd64 (2.62.4-2) ...
Selecting previously unselected package libcroco3:amd64.
Preparing to unpack .../50-libcroco3_0.6.13-1_amd64.deb ...
Unpacking libcroco3:amd64 (0.6.13-1) ...
Selecting previously unselected package gettext.
Preparing to unpack .../51-gettext_0.19.8.1-10_amd64.deb ...
Unpacking gettext (0.19.8.1-10) ...
Selecting previously unselected package intltool-debian.
Preparing to unpack .../52-intltool-debian_0.35.0+20060710.5_all.deb ...
Unpacking intltool-debian (0.35.0+20060710.5) ...
Selecting previously unselected package po-debconf.
Preparing to unpack .../53-po-debconf_1.0.21_all.deb ...
Unpacking po-debconf (1.0.21) ...
Selecting previously unselected package debhelper.
Preparing to unpack .../54-debhelper_12.9_all.deb ...
Unpacking debhelper (12.9) ...
Selecting previously unselected package fonts-mathjax.
Preparing to unpack .../55-fonts-mathjax_2.7.4+dfsg-1_all.deb ...
Unpacking fonts-mathjax (2.7.4+dfsg-1) ...
Selecting previously unselected package googletest.
Preparing to unpack .../56-googletest_1.10.0-2_all.deb ...
Unpacking googletest (1.10.0-2) ...
Selecting previously unselected package libxau6:amd64.
Preparing to unpack .../57-libxau6_1%3a1.0.8-1+b2_amd64.deb ...
Unpacking libxau6:amd64 (1:1.0.8-1+b2) ...
Selecting previously unselected package libxdmcp6:amd64.
Preparing to unpack .../58-libxdmcp6_1%3a1.1.2-3_amd64.deb ...
Unpacking libxdmcp6:amd64 (1:1.1.2-3) ...
Selecting previously unselected package libxcb1:amd64.
Preparing to unpack .../59-libxcb1_1.13.1-5_amd64.deb ...
Unpacking libxcb1:amd64 (1.13.1-5) ...
Selecting previously unselected package libx11-data.
Preparing to unpack .../60-libx11-data_2%3a1.6.8-1_all.deb ...
Unpacking libx11-data (2:1.6.8-1) ...
Selecting previously unselected package libx11-6:amd64.
Preparing to unpack .../61-libx11-6_2%3a1.6.8-1_amd64.deb ...
Unpacking libx11-6:amd64 (2:1.6.8-1) ...
Selecting previously unselected package libxext6:amd64.
Preparing to unpack .../62-libxext6_2%3a1.3.3-1+b2_amd64.deb ...
Unpacking libxext6:amd64 (2:1.3.3-1+b2) ...
Selecting previously unselected package x11-common.
Preparing to unpack .../63-x11-common_1%3a7.7+20_all.deb ...
Unpacking x11-common (1:7.7+20) ...
Selecting previously unselected package libice6:amd64.
Preparing to unpack .../64-libice6_2%3a1.0.9-2_amd64.deb ...
Unpacking libice6:amd64 (2:1.0.9-2) ...
Selecting previously unselected package libsm6:amd64.
Preparing to unpack .../65-libsm6_2%3a1.2.3-1_amd64.deb ...
Unpacking libsm6:amd64 (2:1.2.3-1) ...
Selecting previously unselected package libxt6:amd64.
Preparing to unpack .../66-libxt6_1%3a1.1.5-1+b3_amd64.deb ...
Unpacking libxt6:amd64 (1:1.1.5-1+b3) ...
Selecting previously unselected package libxmu6:amd64.
Preparing to unpack .../67-libxmu6_2%3a1.1.2-2+b3_amd64.deb ...
Unpacking libxmu6:amd64 (2:1.1.2-2+b3) ...
Selecting previously unselected package libxpm4:amd64.
Preparing to unpack .../68-libxpm4_1%3a3.5.12-1_amd64.deb ...
Unpacking libxpm4:amd64 (1:3.5.12-1) ...
Selecting previously unselected package libxaw7:amd64.
Preparing to unpack .../69-libxaw7_2%3a1.0.13-1+b2_amd64.deb ...
Unpacking libxaw7:amd64 (2:1.0.13-1+b2) ...
Selecting previously unselected package groff.
Preparing to unpack .../70-groff_1.22.4-4_amd64.deb ...
Unpacking groff (1.22.4-4) ...
Selecting previously unselected package libgtest-dev:amd64.
Preparing to unpack .../71-libgtest-dev_1.10.0-2_amd64.deb ...
Unpacking libgtest-dev:amd64 (1.10.0-2) ...
Selecting previously unselected package libjs-mathjax.
Preparing to unpack .../72-libjs-mathjax_2.7.4+dfsg-1_all.deb ...
Unpacking libjs-mathjax (2.7.4+dfsg-1) ...
Selecting previously unselected package rubygems-integration.
Preparing to unpack .../73-rubygems-integration_1.16_all.deb ...
Unpacking rubygems-integration (1.16) ...
Selecting previously unselected package ruby2.5.
Preparing to unpack .../74-ruby2.5_2.5.7-1+b1_amd64.deb ...
Unpacking ruby2.5 (2.5.7-1+b1) ...
Selecting previously unselected package ruby.
Preparing to unpack .../75-ruby_1%3a2.5.7.1_amd64.deb ...
Unpacking ruby (1:2.5.7.1) ...
Selecting previously unselected package rake.
Preparing to unpack .../76-rake_13.0.1-2_all.deb ...
Unpacking rake (13.0.1-2) ...
Selecting previously unselected package ruby-did-you-mean.
Preparing to unpack .../77-ruby-did-you-mean_1.2.1-1_all.deb ...
Unpacking ruby-did-you-mean (1.2.1-1) ...
Selecting previously unselected package ruby-minitest.
Preparing to unpack .../78-ruby-minitest_5.13.0-1_all.deb ...
Unpacking ruby-minitest (5.13.0-1) ...
Selecting previously unselected package ruby-net-telnet.
Preparing to unpack .../79-ruby-net-telnet_0.1.1-2_all.deb ...
Unpacking ruby-net-telnet (0.1.1-2) ...
Selecting previously unselected package ruby-power-assert.
Preparing to unpack .../80-ruby-power-assert_1.1.5-1_all.deb ...
Unpacking ruby-power-assert (1.1.5-1) ...
Selecting previously unselected package ruby-test-unit.
Preparing to unpack .../81-ruby-test-unit_3.3.4-1_all.deb ...
Unpacking ruby-test-unit (3.3.4-1) ...
Selecting previously unselected package ruby-xmlrpc.
Preparing to unpack .../82-ruby-xmlrpc_0.3.0-2_all.deb ...
Unpacking ruby-xmlrpc (0.3.0-2) ...
Selecting previously unselected package libyaml-0-2:amd64.
Preparing to unpack .../83-libyaml-0-2_0.2.2-1_amd64.deb ...
Unpacking libyaml-0-2:amd64 (0.2.2-1) ...
Selecting previously unselected package libruby2.5:amd64.
Preparing to unpack .../84-libruby2.5_2.5.7-1+b1_amd64.deb ...
Unpacking libruby2.5:amd64 (2.5.7-1+b1) ...
Selecting previously unselected package libxslt1.1:amd64.
Preparing to unpack .../85-libxslt1.1_1.1.34-3_amd64.deb ...
Unpacking libxslt1.1:amd64 (1.1.34-3) ...
Selecting previously unselected package ruby-mustache.
Preparing to unpack .../86-ruby-mustache_1.0.2-1_all.deb ...
Unpacking ruby-mustache (1.0.2-1) ...
Selecting previously unselected package ruby-pkg-config.
Preparing to unpack .../87-ruby-pkg-config_1.4.0-1_all.deb ...
Unpacking ruby-pkg-config (1.4.0-1) ...
Selecting previously unselected package ruby-nokogiri.
Preparing to unpack .../88-ruby-nokogiri_1.10.7+dfsg1-2+b1_amd64.deb ...
Unpacking ruby-nokogiri (1.10.7+dfsg1-2+b1) ...
Selecting previously unselected package ruby-rdiscount.
Preparing to unpack .../89-ruby-rdiscount_2.1.8-1+b6_amd64.deb ...
Unpacking ruby-rdiscount (2.1.8-1+b6) ...
Selecting previously unselected package ruby-ronn.
Preparing to unpack .../90-ruby-ronn_0.8.0-3_all.deb ...
Unpacking ruby-ronn (0.8.0-3) ...
Selecting previously unselected package sbuild-build-depends-main-dummy.
Preparing to unpack .../91-sbuild-build-depends-main-dummy_0.invalid.0_amd64.deb ...
Unpacking sbuild-build-depends-main-dummy (0.invalid.0) ...
Setting up libexpat1:amd64 (2.2.9-1) ...
Setting up libpipeline1:amd64 (1.5.2-2) ...
Setting up libxau6:amd64 (1:1.0.8-1+b2) ...
Setting up libxdmcp6:amd64 (1:1.1.2-3) ...
Setting up libkeyutils1:amd64 (1.6.1-2) ...
Setting up libpsl5:amd64 (0.20.2-2) ...
Setting up libxcb1:amd64 (1.13.1-5) ...
Setting up fonts-mathjax (2.7.4+dfsg-1) ...
Setting up mime-support (3.64) ...
Setting up libjs-mathjax (2.7.4+dfsg-1) ...
Setting up ruby-power-assert (1.1.5-1) ...
Setting up libmagic-mgc (1:5.38-4) ...
Setting up libarchive-zip-perl (1.67-1) ...
Setting up libyaml-0-2:amd64 (0.2.2-1) ...
Setting up libglib2.0-0:amd64 (2.62.4-2) ...
No schema files found: doing nothing.
Setting up libssl1.1:amd64 (1.1.1d-2) ...
Setting up libdebhelper-perl (12.9) ...
Setting up libbrotli1:amd64 (1.0.7-6) ...
Setting up libsqlite3-0:amd64 (3.31.1-3) ...
Setting up x11-common (1:7.7+20) ...
update-rc.d: warning: start and stop actions are no longer supported; falling back to defaults
invoke-rc.d: could not determine current runlevel
All runlevel operations denied by policy
invoke-rc.d: policy-rc.d denied execution of start.
Setting up libnghttp2-14:amd64 (1.40.0-1) ...
Setting up libmagic1:amd64 (1:5.38-4) ...
Setting up gettext-base (0.19.8.1-10) ...
Setting up file (1:5.38-4) ...
Setting up libldap-common (2.4.49+dfsg-1) ...
Setting up googletest (1.10.0-2) ...
Setting up libicu63:amd64 (63.2-2) ...
Setting up libkrb5support0:amd64 (1.17-6) ...
Setting up libsasl2-modules-db:amd64 (2.1.27+dfsg-2) ...
Setting up ruby-minitest (5.13.0-1) ...
Setting up autotools-dev (20180224.1) ...
Setting up libuv1:amd64 (1.34.2-1) ...
Setting up ruby-test-unit (3.3.4-1) ...
Setting up libx11-data (2:1.6.8-1) ...
Setting up librtmp1:amd64 (2.4+20151223.gitfa8646d.1-2+b1) ...
Setting up libncurses6:amd64 (6.1+20191019-1) ...
Setting up ruby-net-telnet (0.1.1-2) ...
Setting up libsigsegv2:amd64 (2.12-2) ...
Setting up bsdmainutils (11.1.2+b1) ...
update-alternatives: using /usr/bin/bsd-write to provide /usr/bin/write (write) in auto mode
update-alternatives: using /usr/bin/bsd-from to provide /usr/bin/from (from) in auto mode
Setting up autopoint (0.19.8.1-10) ...
Setting up libk5crypto3:amd64 (1.17-6) ...
Setting up libsasl2-2:amd64 (2.1.27+dfsg-2) ...
Setting up sensible-utils (0.0.12+nmu1) ...
Setting up librhash0:amd64 (1.3.9-1) ...
Setting up libuchardet0:amd64 (0.0.6-3) ...
Setting up libsub-override-perl (0.09-2) ...
Setting up libx11-6:amd64 (2:1.6.8-1) ...
Setting up libssh2-1:amd64 (1.8.0-2.1) ...
Setting up cmake-data (3.16.3-1) ...
Setting up libkrb5-3:amd64 (1.17-6) ...
Setting up ruby-did-you-mean (1.2.1-1) ...
Setting up openssl (1.1.1d-2) ...
Setting up libelf1:amd64 (0.176-1.1) ...
Setting up readline-common (8.0-3) ...
Setting up ruby-xmlrpc (0.3.0-2) ...
Setting up libxml2:amd64 (2.9.10+dfsg-3) ...
Setting up libprocps8:amd64 (2:3.3.16-1+b1) ...
Setting up libjsoncpp1:amd64 (1.7.4-3.1) ...
Setting up libfile-stripnondeterminism-perl (1.6.3-2) ...
Setting up libice6:amd64 (2:1.0.9-2) ...
Setting up libgtest-dev:amd64 (1.10.0-2) ...
Setting up libxpm4:amd64 (1:3.5.12-1) ...
Setting up libtool (2.4.6-13) ...
Setting up libarchive13:amd64 (3.4.0-1+b1) ...
Setting up libreadline8:amd64 (8.0-3) ...
Setting up libxext6:amd64 (2:1.3.3-1+b2) ...
Setting up libldap-2.4-2:amd64 (2.4.49+dfsg-1) ...
Setting up m4 (1.4.18-4) ...
Setting up libpython2.7-stdlib:amd64 (2.7.17-1+b1) ...
Setting up ca-certificates (20190110) ...
Updating certificates in /etc/ssl/certs...
128 added, 0 removed; done.
Setting up libgssapi-krb5-2:amd64 (1.17-6) ...
Setting up libcroco3:amd64 (0.6.13-1) ...
Setting up autoconf (2.69-11.1) ...
Setting up dh-strip-nondeterminism (1.6.3-2) ...
Setting up dwz (0.13-5) ...
Setting up groff-base (1.22.4-4) ...
Setting up procps (2:3.3.16-1+b1) ...
update-alternatives: using /usr/bin/w.procps to provide /usr/bin/w (w) in auto mode
Setting up libxslt1.1:amd64 (1.1.34-3) ...
Setting up libcurl4:amd64 (7.68.0-1) ...
Setting up libsm6:amd64 (2:1.2.3-1) ...
Setting up automake (1:1.16.1-4) ...
update-alternatives: using /usr/bin/automake-1.16 to provide /usr/bin/automake (automake) in auto mode
Setting up gettext (0.19.8.1-10) ...
Setting up python2.7 (2.7.17-1+b1) ...
Setting up libpython2-stdlib:amd64 (2.7.17-2) ...
Setting up rubygems-integration (1.16) ...
Setting up man-db (2.9.0-2) ...
Not building database; man-db/auto-update is not 'true'.
Setting up python2 (2.7.17-2) ...
Setting up intltool-debian (0.35.0+20060710.5) ...
Setting up libpython-stdlib:amd64 (2.7.17-2) ...
Setting up libxt6:amd64 (1:1.1.5-1+b3) ...
Setting up cmake (3.16.3-1) ...
Setting up python (2.7.17-2) ...
Setting up libxmu6:amd64 (2:1.1.2-2+b3) ...
Setting up po-debconf (1.0.21) ...
Setting up libxaw7:amd64 (2:1.0.13-1+b2) ...
Setting up groff (1.22.4-4) ...
Setting up rake (13.0.1-2) ...
Setting up libruby2.5:amd64 (2.5.7-1+b1) ...
Setting up dh-autoreconf (19) ...
Setting up ruby2.5 (2.5.7-1+b1) ...
Setting up debhelper (12.9) ...
Setting up ruby (1:2.5.7.1) ...
Setting up ruby-pkg-config (1.4.0-1) ...
Setting up ruby-mustache (1.0.2-1) ...
Setting up ruby-nokogiri (1.10.7+dfsg1-2+b1) ...
Setting up ruby-rdiscount (2.1.8-1+b6) ...
Setting up ruby-ronn (0.8.0-3) ...
Setting up sbuild-build-depends-main-dummy (0.invalid.0) ...
Processing triggers for libc-bin (2.29-10) ...
Processing triggers for ca-certificates (20190110) ...
Updating certificates in /etc/ssl/certs...
0 added, 0 removed; done.
Running hooks in /etc/ca-certificates/update.d...
done.

+------------------------------------------------------------------------------+
| Check architectures                                                          |
+------------------------------------------------------------------------------+

Arch check ok (amd64 included in any)

+------------------------------------------------------------------------------+
| Build environment                                                            |
+------------------------------------------------------------------------------+

Kernel: Linux 4.19.0-6-cloud-amd64 #1 SMP Debian 4.19.67-2+deb10u2 (2019-11-11) amd64 (x86_64)
Toolchain package versions: binutils_2.34-3 dpkg-dev_1.19.7 g++-9_9.2.1-29 gcc-9_9.2.1-29 libc6-dev_2.29-10 libstdc++-9-dev_9.2.1-29 libstdc++6_10-20200222-1 linux-libc-dev_5.4.19-1
Package versions: adduser_3.118 apt_1.8.4 autoconf_2.69-11.1 automake_1:1.16.1-4 autopoint_0.19.8.1-10 autotools-dev_20180224.1 base-files_11 base-passwd_3.5.47 bash_5.0-5 binutils_2.34-3 binutils-common_2.34-3 binutils-x86-64-linux-gnu_2.34-3 bsdmainutils_11.1.2+b1 bsdutils_1:2.34-0.1 build-essential_12.8 bzip2_1.0.8-2 ca-certificates_20190110 clang-10_1:10.0.0~+rc2-1 cmake_3.16.3-1 cmake-data_3.16.3-1 coreutils_8.30-3+b1 cpp_4:9.2.1-3.1 cpp-9_9.2.1-29 dash_0.5.10.2-6 debconf_1.5.73 debhelper_12.9 debian-archive-keyring_2019.1 debianutils_4.9.1 dh-autoreconf_19 dh-strip-nondeterminism_1.6.3-2 diffutils_1:3.7-3 dpkg_1.19.7 dpkg-dev_1.19.7 dwz_0.13-5 e2fsprogs_1.45.5-2 fakeroot_1.24-1 fdisk_2.34-0.1 file_1:5.38-4 findutils_4.7.0-1 fonts-mathjax_2.7.4+dfsg-1 g++_4:9.2.1-3.1 g++-9_9.2.1-29 gcc_4:9.2.1-3.1 gcc-10-base_10-20200222-1 gcc-9_9.2.1-29 gcc-9-base_9.2.1-29 gettext_0.19.8.1-10 gettext-base_0.19.8.1-10 googletest_1.10.0-2 gpgv_2.2.19-1 grep_3.4-1 groff_1.22.4-4 groff-base_1.22.4-4 gzip_1.9-3+b1 hostname_3.23 init-system-helpers_1.57 intltool-debian_0.35.0+20060710.5 lib32gcc-s1_10-20200222-1 lib32gcc1_1:10-20200222-1 lib32stdc++6_10-20200222-1 libacl1_2.2.53-5 libapt-pkg5.0_1.8.4 libarchive-zip-perl_1.67-1 libarchive13_3.4.0-1+b1 libasan5_9.2.1-29 libatomic1_10-20200222-1 libattr1_1:2.4.48-5 libaudit-common_1:2.8.5-2 libaudit1_1:2.8.5-2+b1 libbinutils_2.34-3 libblkid1_2.34-0.1 libbrotli1_1.0.7-6 libbsd0_0.10.0-1 libbz2-1.0_1.0.8-2 libc-bin_2.29-10 libc-dev-bin_2.29-10 libc6_2.29-10 libc6-dev_2.29-10 libc6-i386_2.29-10 libcap-ng0_0.7.9-2.1+b1 libcc1-0_10-20200222-1 libclang-common-10-dev_1:10.0.0~+rc2-1 libclang-cpp10_1:10.0.0~+rc2-1 libclang1-10_1:10.0.0~+rc2-1 libcom-err2_1.45.5-2 libcroco3_0.6.13-1 libcrypt-dev_1:4.4.10-10 libcrypt1_1:4.4.10-10 libctf-nobfd0_2.34-3 libctf0_2.34-3 libcurl4_7.68.0-1 libdb5.3_5.3.28+dfsg1-0.6 libdebconfclient0_0.251 libdebhelper-perl_12.9 libdpkg-perl_1.19.7 libedit2_3.1-20191231-1 libelf1_0.176-1.1 libexpat1_2.2.9-1 libext2fs2_1.45.5-2 libfakeroot_1.24-1 libfdisk1_2.34-0.1 libffi7_3.3-3 libfile-stripnondeterminism-perl_1.6.3-2 libgc1c2_1:7.6.4-0.4 libgcc-9-dev_9.2.1-29 libgcc-s1_10-20200222-1 libgcc1_1:10-20200222-1 libgcrypt20_1.8.5-5 libgdbm-compat4_1.18.1-5 libgdbm6_1.18.1-5 libglib2.0-0_2.62.4-2 libgmp10_2:6.2.0+dfsg-4 libgnutls30_3.6.12-2 libgomp1_10-20200222-1 libgpg-error0_1.37-1 libgssapi-krb5-2_1.17-6 libgtest-dev_1.10.0-2 libhogweed5_3.5.1+really3.5.1-2 libice6_2:1.0.9-2 libicu63_63.2-2 libidn2-0_2.2.0-2 libisl22_0.22.1-1 libitm1_10-20200222-1 libjs-mathjax_2.7.4+dfsg-1 libjsoncpp1_1.7.4-3.1 libk5crypto3_1.17-6 libkeyutils1_1.6.1-2 libkrb5-3_1.17-6 libkrb5support0_1.17-6 libldap-2.4-2_2.4.49+dfsg-1 libldap-common_2.4.49+dfsg-1 libllvm10_1:10.0.0~+rc2-1 liblsan0_10-20200222-1 liblz4-1_1.9.2-2 liblzma5_5.2.4-1+b1 libmagic-mgc_1:5.38-4 libmagic1_1:5.38-4 libmount1_2.34-0.1 libmpc3_1.1.0-1 libmpfr6_4.0.2-1 libncurses6_6.1+20191019-1 libncursesw6_6.1+20191019-1 libnettle7_3.5.1+really3.5.1-2 libnghttp2-14_1.40.0-1 libobjc-9-dev_9.2.1-29 libobjc4_10-20200222-1 libomp-10-dev_1:10.0.0~+rc2-1 libomp5-10_1:10.0.0~+rc2-1 libp11-kit0_0.23.20-1 libpam-modules_1.3.1-5 libpam-modules-bin_1.3.1-5 libpam-runtime_1.3.1-5 libpam0g_1.3.1-5 libpcre2-8-0_10.34-7 libpcre3_2:8.39-12+b1 libperl5.30_5.30.0-9 libpipeline1_1.5.2-2 libprocps8_2:3.3.16-1+b1 libpsl5_0.20.2-2 libpython-stdlib_2.7.17-2 libpython2-stdlib_2.7.17-2 libpython2.7-minimal_2.7.17-1+b1 libpython2.7-stdlib_2.7.17-1+b1 libquadmath0_10-20200222-1 libreadline8_8.0-3 librhash0_1.3.9-1 librtmp1_2.4+20151223.gitfa8646d.1-2+b1 libruby2.5_2.5.7-1+b1 libsasl2-2_2.1.27+dfsg-2 libsasl2-modules-db_2.1.27+dfsg-2 libseccomp2_2.4.2-2 libselinux1_3.0-1+b1 libsemanage-common_3.0-1 libsemanage1_3.0-1+b1 libsepol1_3.0-1 libsigsegv2_2.12-2 libsm6_2:1.2.3-1 libsmartcols1_2.34-0.1 libsqlite3-0_3.31.1-3 libss2_1.45.5-2 libssh2-1_1.8.0-2.1 libssl1.1_1.1.1d-2 libstdc++-9-dev_9.2.1-29 libstdc++6_10-20200222-1 libsub-override-perl_0.09-2 libsystemd0_244.3-1 libtasn1-6_4.16.0-2 libtinfo6_6.1+20191019-1 libtool_2.4.6-13 libtsan0_10-20200222-1 libubsan1_10-20200222-1 libuchardet0_0.0.6-3 libudev1_244.3-1 libunistring2_0.9.10-2 libuuid1_2.34-0.1 libuv1_1.34.2-1 libx11-6_2:1.6.8-1 libx11-data_2:1.6.8-1 libxau6_1:1.0.8-1+b2 libxaw7_2:1.0.13-1+b2 libxcb1_1.13.1-5 libxdmcp6_1:1.1.2-3 libxext6_2:1.3.3-1+b2 libxml2_2.9.10+dfsg-3 libxmu6_2:1.1.2-2+b3 libxpm4_1:3.5.12-1 libxslt1.1_1.1.34-3 libxt6_1:1.1.5-1+b3 libyaml-0-2_0.2.2-1 libz3-4_4.8.7-4 libzstd1_1.4.4+dfsg-3 linux-libc-dev_5.4.19-1 login_1:4.8.1-1 logsave_1.45.5-2 lsb-base_11.1.0 m4_1.4.18-4 make_4.2.1-1.2 man-db_2.9.0-2 mawk_1.3.4.20200120-2 mime-support_3.64 mount_2.34-0.1 ncurses-base_6.1+20191019-1 ncurses-bin_6.1+20191019-1 openssl_1.1.1d-2 passwd_1:4.8.1-1 patch_2.7.6-6 perl_5.30.0-9 perl-base_5.30.0-9 perl-modules-5.30_5.30.0-9 po-debconf_1.0.21 procps_2:3.3.16-1+b1 python_2.7.17-2 python-minimal_2.7.17-2 python2_2.7.17-2 python2-minimal_2.7.17-2 python2.7_2.7.17-1+b1 python2.7-minimal_2.7.17-1+b1 rake_13.0.1-2 readline-common_8.0-3 ruby_1:2.5.7.1 ruby-did-you-mean_1.2.1-1 ruby-minitest_5.13.0-1 ruby-mustache_1.0.2-1 ruby-net-telnet_0.1.1-2 ruby-nokogiri_1.10.7+dfsg1-2+b1 ruby-pkg-config_1.4.0-1 ruby-power-assert_1.1.5-1 ruby-rdiscount_2.1.8-1+b6 ruby-ronn_0.8.0-3 ruby-test-unit_3.3.4-1 ruby-xmlrpc_0.3.0-2 ruby2.5_2.5.7-1+b1 rubygems-integration_1.16 sbuild-build-depends-main-dummy_0.invalid.0 sed_4.7-1 sensible-utils_0.0.12+nmu1 sysvinit-utils_2.96-2.1 tar_1.30+dfsg-6+b1 tzdata_2019c-3 util-linux_2.34-0.1 x11-common_1:7.7+20 xz-utils_5.2.4-1+b1 zlib1g_1:1.2.11.dfsg-2

+------------------------------------------------------------------------------+
| Build                                                                        |
+------------------------------------------------------------------------------+


Unpack source
-------------

-----BEGIN PGP SIGNED MESSAGE-----
Hash: SHA512

Format: 3.0 (quilt)
Source: ignition-cmake
Binary: libignition-cmake-dev
Architecture: any
Version: 0.6.1-1
Maintainer: Debian Science Maintainers <debian-science-maintainers@lists.alioth.debian.org>
Uploaders: Jose Luis Rivero <jrivero@osrfoundation.org>
Homepage: http://ignitionrobotics.org/libraries/cmake
Standards-Version: 4.2.1
Vcs-Browser: https://salsa.debian.org/science-team/ignition-cmake
Vcs-Git: https://salsa.debian.org/science-team/ignition-cmake.git
Testsuite: autopkgtest
Testsuite-Triggers: cmake, g++
Build-Depends: cmake, debhelper (>= 11), libjs-mathjax, libgtest-dev, python, ruby-ronn
Package-List:
 libignition-cmake-dev deb libdevel optional arch=any
Checksums-Sha1:
 aaff9583f3da66af8940ec60999b310e3dc3521e 104848 ignition-cmake_0.6.1.orig.tar.bz2
 5e94f0350ae2baf1ef28b5bd01cd5300094a5f2f 44892 ignition-cmake_0.6.1-1.debian.tar.xz
Checksums-Sha256:
 191671f2f378d5bca7fbede6fa18ba338f1cfed4ec02961ce0f02433178570b4 104848 ignition-cmake_0.6.1.orig.tar.bz2
 2fa5e896fe131ce8631e3fe863bb78539fb907b6165f70b4acb48e695b3163da 44892 ignition-cmake_0.6.1-1.debian.tar.xz
Files:
 1e334dbe4722596dfbbb82aedc3b0c44 104848 ignition-cmake_0.6.1.orig.tar.bz2
 4c5183f95d836621e6b2e13a813160d7 44892 ignition-cmake_0.6.1-1.debian.tar.xz

-----BEGIN PGP SIGNATURE-----

iQFOBAEBCgA4FiEEoIFhu+wcwGOWFFkDXpRsCQr/BCcFAlvIr/waHGpyaXZlcm9A
b3NyZm91bmRhdGlvbi5vcmcACgkQXpRsCQr/BCeJVgf/aaslo6OUPKy9VUK+bjhd
XOy5+mf2pJtXm+/LBoVoq0gM8RiiHFSSBOaKIjqKGA7vdVApUCCdWM5s498xSH7w
87t0j+TZ7IUm2ar0XBLNiPgPdvS/4M3uZX8xck/sDEiE1NN/qMaTACC2pLfY+R2v
qJU/UOLG1FLQnXtIHG6s/zhPSK3SlWyiy2od9T8+clj/rA9W5VBFvSvqBlg005mJ
QkkDWLAq2BuEBXA3fPdUAmV9ghO23/r60NNbU7/FdVzsRpEtgm5hJXIYY3PWY1l2
Nt+kO9Ab8qgYqU5Ddgv4NGcAysBzLeJATiOKl0UYc0V0E4s2c/LHLkrzSWQ8lvfF
rw==
=HOTk
-----END PGP SIGNATURE-----

gpgv: unknown type of key resource 'trustedkeys.kbx'
gpgv: keyblock resource '/sbuild-nonexistent/.gnupg/trustedkeys.kbx': General error
gpgv: Signature made Thu Oct 18 16:08:28 2018 UTC
gpgv:                using RSA key A08161BBEC1CC063961459035E946C090AFF0427
gpgv:                issuer "jrivero@osrfoundation.org"
gpgv: Can't check signature: No public key
dpkg-source: warning: failed to verify signature on ./ignition-cmake_0.6.1-1.dsc
dpkg-source: info: extracting ignition-cmake in /<<PKGBUILDDIR>>
dpkg-source: info: unpacking ignition-cmake_0.6.1.orig.tar.bz2
dpkg-source: info: unpacking ignition-cmake_0.6.1-1.debian.tar.xz
dpkg-source: info: using patch list from debian/patches/series
dpkg-source: info: applying 0001_remove_all_remote_resources.patch

Check disk space
----------------

Sufficient free space for build

User Environment
----------------

APT_CONFIG=/var/lib/sbuild/apt.conf
HOME=/sbuild-nonexistent
LANG=C.UTF-8
LC_ALL=C.UTF-8
LOGNAME=user42
PATH=/usr/local/sbin:/usr/local/bin:/usr/sbin:/usr/bin:/sbin:/bin:/usr/games
SCHROOT_ALIAS_NAME=unstable
SCHROOT_CHROOT_NAME=sid-amd64-sbuild
SCHROOT_COMMAND=env
SCHROOT_GID=1001
SCHROOT_GROUP=user42
SCHROOT_SESSION_ID=sid-amd64-sbuild-e28cb55a-a043-4a37-923f-0fea41395654
SCHROOT_UID=1001
SCHROOT_USER=user42
SHELL=/bin/sh
USER=user42

dpkg-buildpackage
-----------------

Command: dpkg-buildpackage -us -uc -b -rfakeroot
dpkg-buildpackage: info: source package ignition-cmake
dpkg-buildpackage: info: source version 0.6.1-1
dpkg-buildpackage: info: source distribution unstable
dpkg-buildpackage: info: source changed by Jose Luis Rivero <jrivero@osrfoundation.org>
 dpkg-source --before-build .
dpkg-buildpackage: info: host architecture amd64
 fakeroot debian/rules clean
dh clean --buildsystem=cmake
   dh_auto_clean -O--buildsystem=cmake
   dh_autoreconf_clean -O--buildsystem=cmake
   dh_clean -O--buildsystem=cmake
 debian/rules build
dh build --buildsystem=cmake
   dh_update_autotools_config -O--buildsystem=cmake
   dh_autoreconf -O--buildsystem=cmake
   dh_auto_configure -O--buildsystem=cmake
	cd obj-x86_64-linux-gnu && cmake -DCMAKE_INSTALL_PREFIX=/usr -DCMAKE_BUILD_TYPE=None -DCMAKE_INSTALL_SYSCONFDIR=/etc -DCMAKE_INSTALL_LOCALSTATEDIR=/var -DCMAKE_EXPORT_NO_PACKAGE_REGISTRY=ON -DCMAKE_FIND_PACKAGE_NO_PACKAGE_REGISTRY=ON -DCMAKE_INSTALL_RUNSTATEDIR=/run "-GUnix Makefiles" -DCMAKE_VERBOSE_MAKEFILE=ON -DCMAKE_INSTALL_LIBDIR=lib/x86_64-linux-gnu ..
-- The C compiler identification is Clang 10.0.0
-- The CXX compiler identification is Clang 10.0.0
-- Check for working C compiler: /usr/bin/cc
-- Check for working C compiler: /usr/bin/cc -- works
-- Detecting C compiler ABI info
-- Detecting C compiler ABI info - done
-- Detecting C compile features
-- Detecting C compile features - done
-- Check for working CXX compiler: /usr/bin/c++
-- Check for working CXX compiler: /usr/bin/c++ -- works
-- Detecting CXX compiler ABI info
-- Detecting CXX compiler ABI info - done
-- Detecting CXX compile features
-- Detecting CXX compile features - done
-- ignition-cmake0 version 0.6.1
-- Operating system is Linux
-- Found CPack generators: DEB
-- Install prefix: /usr
-- Configuring done
-- Generating done
CMake Warning:
  Manually-specified variables were not used by the project:

    CMAKE_EXPORT_NO_PACKAGE_REGISTRY
    CMAKE_FIND_PACKAGE_NO_PACKAGE_REGISTRY


-- Build files have been written to: /<<PKGBUILDDIR>>/obj-x86_64-linux-gnu
   dh_auto_build -O--buildsystem=cmake
	cd obj-x86_64-linux-gnu && make -j4 "INSTALL=install --strip-program=true"
make[1]: Entering directory '/<<PKGBUILDDIR>>/obj-x86_64-linux-gnu'
/usr/bin/cmake -S/<<PKGBUILDDIR>> -B/<<PKGBUILDDIR>>/obj-x86_64-linux-gnu --check-build-system CMakeFiles/Makefile.cmake 0
/usr/bin/cmake -E cmake_progress_start /<<PKGBUILDDIR>>/obj-x86_64-linux-gnu/CMakeFiles /<<PKGBUILDDIR>>/obj-x86_64-linux-gnu/CMakeFiles/progress.marks
make -f CMakeFiles/Makefile2 all
make[2]: Entering directory '/<<PKGBUILDDIR>>/obj-x86_64-linux-gnu'
make -f examples/CMakeFiles/ign_configure_build_RelWithDebInfo.dir/build.make examples/CMakeFiles/ign_configure_build_RelWithDebInfo.dir/depend
make -f examples/CMakeFiles/ign_configure_build_Debug.dir/build.make examples/CMakeFiles/ign_configure_build_Debug.dir/depend
make -f examples/CMakeFiles/prerelease_Release.dir/build.make examples/CMakeFiles/prerelease_Release.dir/depend
make[3]: Entering directory '/<<PKGBUILDDIR>>/obj-x86_64-linux-gnu'
cd /<<PKGBUILDDIR>>/obj-x86_64-linux-gnu && /usr/bin/cmake -E cmake_depends "Unix Makefiles" /<<PKGBUILDDIR>> /<<PKGBUILDDIR>>/examples /<<PKGBUILDDIR>>/obj-x86_64-linux-gnu /<<PKGBUILDDIR>>/obj-x86_64-linux-gnu/examples /<<PKGBUILDDIR>>/obj-x86_64-linux-gnu/examples/CMakeFiles/ign_configure_build_RelWithDebInfo.dir/DependInfo.cmake --color=
make[3]: Entering directory '/<<PKGBUILDDIR>>/obj-x86_64-linux-gnu'
cd /<<PKGBUILDDIR>>/obj-x86_64-linux-gnu && /usr/bin/cmake -E cmake_depends "Unix Makefiles" /<<PKGBUILDDIR>> /<<PKGBUILDDIR>>/examples /<<PKGBUILDDIR>>/obj-x86_64-linux-gnu /<<PKGBUILDDIR>>/obj-x86_64-linux-gnu/examples /<<PKGBUILDDIR>>/obj-x86_64-linux-gnu/examples/CMakeFiles/ign_configure_build_Debug.dir/DependInfo.cmake --color=
Scanning dependencies of target ign_configure_build_Debug
make[3]: Leaving directory '/<<PKGBUILDDIR>>/obj-x86_64-linux-gnu'
make -f examples/CMakeFiles/ign_configure_build_Debug.dir/build.make examples/CMakeFiles/ign_configure_build_Debug.dir/build
Scanning dependencies of target ign_configure_build_RelWithDebInfo
make[3]: Entering directory '/<<PKGBUILDDIR>>/obj-x86_64-linux-gnu'
cd /<<PKGBUILDDIR>>/obj-x86_64-linux-gnu && /usr/bin/cmake -E cmake_depends "Unix Makefiles" /<<PKGBUILDDIR>> /<<PKGBUILDDIR>>/examples /<<PKGBUILDDIR>>/obj-x86_64-linux-gnu /<<PKGBUILDDIR>>/obj-x86_64-linux-gnu/examples /<<PKGBUILDDIR>>/obj-x86_64-linux-gnu/examples/CMakeFiles/prerelease_Release.dir/DependInfo.cmake --color=
make -f examples/CMakeFiles/ign_configure_build_Release.dir/build.make examples/CMakeFiles/ign_configure_build_Release.dir/depend
make[3]: Leaving directory '/<<PKGBUILDDIR>>/obj-x86_64-linux-gnu'
make[3]: Entering directory '/<<PKGBUILDDIR>>/obj-x86_64-linux-gnu'
make -f examples/CMakeFiles/ign_configure_build_RelWithDebInfo.dir/build.make examples/CMakeFiles/ign_configure_build_RelWithDebInfo.dir/build
make[3]: Entering directory '/<<PKGBUILDDIR>>/obj-x86_64-linux-gnu'
cd /<<PKGBUILDDIR>>/obj-x86_64-linux-gnu && /usr/bin/cmake -E cmake_depends "Unix Makefiles" /<<PKGBUILDDIR>> /<<PKGBUILDDIR>>/examples /<<PKGBUILDDIR>>/obj-x86_64-linux-gnu /<<PKGBUILDDIR>>/obj-x86_64-linux-gnu/examples /<<PKGBUILDDIR>>/obj-x86_64-linux-gnu/examples/CMakeFiles/ign_configure_build_Release.dir/DependInfo.cmake --color=
make[3]: Entering directory '/<<PKGBUILDDIR>>/obj-x86_64-linux-gnu'
[  1%] Creating directories for 'ign_configure_build_RelWithDebInfo'
cd /<<PKGBUILDDIR>>/obj-x86_64-linux-gnu/examples && /usr/bin/cmake -E make_directory /<<PKGBUILDDIR>>/examples/ign_configure_build
[  3%] Creating directories for 'ign_configure_build_Debug'
cd /<<PKGBUILDDIR>>/obj-x86_64-linux-gnu/examples && /usr/bin/cmake -E make_directory /<<PKGBUILDDIR>>/examples/ign_configure_build
Scanning dependencies of target ign_configure_build_Release
make[3]: Leaving directory '/<<PKGBUILDDIR>>/obj-x86_64-linux-gnu'
make -f examples/CMakeFiles/ign_configure_build_Release.dir/build.make examples/CMakeFiles/ign_configure_build_Release.dir/build
cd /<<PKGBUILDDIR>>/obj-x86_64-linux-gnu/examples && /usr/bin/cmake -E make_directory /<<PKGBUILDDIR>>/obj-x86_64-linux-gnu/examples/ign_configure_build_RelWithDebInfo-prefix/src/ign_configure_build_RelWithDebInfo-build
cd /<<PKGBUILDDIR>>/obj-x86_64-linux-gnu/examples && /usr/bin/cmake -E make_directory /<<PKGBUILDDIR>>/obj-x86_64-linux-gnu/examples/ign_configure_build_Debug-prefix/src/ign_configure_build_Debug-build
make[3]: Entering directory '/<<PKGBUILDDIR>>/obj-x86_64-linux-gnu'
Scanning dependencies of target prerelease_Release
cd /<<PKGBUILDDIR>>/obj-x86_64-linux-gnu/examples && /usr/bin/cmake -E make_directory /<<PKGBUILDDIR>>/obj-x86_64-linux-gnu/examples/ign_configure_build_RelWithDebInfo-prefix
make[3]: Leaving directory '/<<PKGBUILDDIR>>/obj-x86_64-linux-gnu'
make -f examples/CMakeFiles/prerelease_Release.dir/build.make examples/CMakeFiles/prerelease_Release.dir/build
[  4%] Creating directories for 'ign_configure_build_Release'
cd /<<PKGBUILDDIR>>/obj-x86_64-linux-gnu/examples && /usr/bin/cmake -E make_directory /<<PKGBUILDDIR>>/examples/ign_configure_build
make[3]: Entering directory '/<<PKGBUILDDIR>>/obj-x86_64-linux-gnu'
cd /<<PKGBUILDDIR>>/obj-x86_64-linux-gnu/examples && /usr/bin/cmake -E make_directory /<<PKGBUILDDIR>>/obj-x86_64-linux-gnu/examples/ign_configure_build_RelWithDebInfo-prefix/tmp
[  6%] Creating directories for 'prerelease_Release'
cd /<<PKGBUILDDIR>>/obj-x86_64-linux-gnu/examples && /usr/bin/cmake -E make_directory /<<PKGBUILDDIR>>/obj-x86_64-linux-gnu/examples/ign_configure_build_Debug-prefix
cd /<<PKGBUILDDIR>>/obj-x86_64-linux-gnu/examples && /usr/bin/cmake -E make_directory /<<PKGBUILDDIR>>/examples/prerelease
cd /<<PKGBUILDDIR>>/obj-x86_64-linux-gnu/examples && /usr/bin/cmake -E make_directory /<<PKGBUILDDIR>>/obj-x86_64-linux-gnu/examples/ign_configure_build_Release-prefix/src/ign_configure_build_Release-build
cd /<<PKGBUILDDIR>>/obj-x86_64-linux-gnu/examples && /usr/bin/cmake -E make_directory /<<PKGBUILDDIR>>/obj-x86_64-linux-gnu/examples/ign_configure_build_RelWithDebInfo-prefix/src/ign_configure_build_RelWithDebInfo-stamp
cd /<<PKGBUILDDIR>>/obj-x86_64-linux-gnu/examples && /usr/bin/cmake -E make_directory /<<PKGBUILDDIR>>/obj-x86_64-linux-gnu/examples/ign_configure_build_Release-prefix
cd /<<PKGBUILDDIR>>/obj-x86_64-linux-gnu/examples && /usr/bin/cmake -E make_directory /<<PKGBUILDDIR>>/obj-x86_64-linux-gnu/examples/ign_configure_build_RelWithDebInfo-prefix/src
cd /<<PKGBUILDDIR>>/obj-x86_64-linux-gnu/examples && /usr/bin/cmake -E make_directory /<<PKGBUILDDIR>>/obj-x86_64-linux-gnu/examples/ign_configure_build_Debug-prefix/tmp
cd /<<PKGBUILDDIR>>/obj-x86_64-linux-gnu/examples && /usr/bin/cmake -E make_directory /<<PKGBUILDDIR>>/obj-x86_64-linux-gnu/examples/prerelease_Release-prefix/src/prerelease_Release-build
cd /<<PKGBUILDDIR>>/obj-x86_64-linux-gnu/examples && /usr/bin/cmake -E make_directory /<<PKGBUILDDIR>>/obj-x86_64-linux-gnu/examples/ign_configure_build_Release-prefix/tmp
cd /<<PKGBUILDDIR>>/obj-x86_64-linux-gnu/examples && /usr/bin/cmake -E make_directory /<<PKGBUILDDIR>>/obj-x86_64-linux-gnu/examples/prerelease_Release-prefix
cd /<<PKGBUILDDIR>>/obj-x86_64-linux-gnu/examples && /usr/bin/cmake -E make_directory /<<PKGBUILDDIR>>/obj-x86_64-linux-gnu/examples/ign_configure_build_RelWithDebInfo-prefix/src/ign_configure_build_RelWithDebInfo-stamp
cd /<<PKGBUILDDIR>>/obj-x86_64-linux-gnu/examples && /usr/bin/cmake -E make_directory /<<PKGBUILDDIR>>/obj-x86_64-linux-gnu/examples/ign_configure_build_Release-prefix/src/ign_configure_build_Release-stamp
cd /<<PKGBUILDDIR>>/obj-x86_64-linux-gnu/examples && /usr/bin/cmake -E make_directory /<<PKGBUILDDIR>>/obj-x86_64-linux-gnu/examples/ign_configure_build_Debug-prefix/src/ign_configure_build_Debug-stamp
cd /<<PKGBUILDDIR>>/obj-x86_64-linux-gnu/examples && /usr/bin/cmake -E touch /<<PKGBUILDDIR>>/obj-x86_64-linux-gnu/examples/ign_configure_build_RelWithDebInfo-prefix/src/ign_configure_build_RelWithDebInfo-stamp/ign_configure_build_RelWithDebInfo-mkdir
cd /<<PKGBUILDDIR>>/obj-x86_64-linux-gnu/examples && /usr/bin/cmake -E make_directory /<<PKGBUILDDIR>>/obj-x86_64-linux-gnu/examples/ign_configure_build_Debug-prefix/src
cd /<<PKGBUILDDIR>>/obj-x86_64-linux-gnu/examples && /usr/bin/cmake -E make_directory /<<PKGBUILDDIR>>/obj-x86_64-linux-gnu/examples/prerelease_Release-prefix/tmp
cd /<<PKGBUILDDIR>>/obj-x86_64-linux-gnu/examples && /usr/bin/cmake -E make_directory /<<PKGBUILDDIR>>/obj-x86_64-linux-gnu/examples/ign_configure_build_Release-prefix/src
cd /<<PKGBUILDDIR>>/obj-x86_64-linux-gnu/examples && /usr/bin/cmake -E make_directory /<<PKGBUILDDIR>>/obj-x86_64-linux-gnu/examples/ign_configure_build_Debug-prefix/src/ign_configure_build_Debug-stamp
cd /<<PKGBUILDDIR>>/obj-x86_64-linux-gnu/examples && /usr/bin/cmake -E make_directory /<<PKGBUILDDIR>>/obj-x86_64-linux-gnu/examples/prerelease_Release-prefix/src/prerelease_Release-stamp
cd /<<PKGBUILDDIR>>/obj-x86_64-linux-gnu/examples && /usr/bin/cmake -E make_directory /<<PKGBUILDDIR>>/obj-x86_64-linux-gnu/examples/ign_configure_build_Release-prefix/src/ign_configure_build_Release-stamp
cd /<<PKGBUILDDIR>>/obj-x86_64-linux-gnu/examples && /usr/bin/cmake -E touch /<<PKGBUILDDIR>>/obj-x86_64-linux-gnu/examples/ign_configure_build_Debug-prefix/src/ign_configure_build_Debug-stamp/ign_configure_build_Debug-mkdir
cd /<<PKGBUILDDIR>>/obj-x86_64-linux-gnu/examples && /usr/bin/cmake -E make_directory /<<PKGBUILDDIR>>/obj-x86_64-linux-gnu/examples/prerelease_Release-prefix/src
[  7%] No download step for 'ign_configure_build_RelWithDebInfo'
cd /<<PKGBUILDDIR>>/obj-x86_64-linux-gnu/examples && /usr/bin/cmake -E echo_append
cd /<<PKGBUILDDIR>>/obj-x86_64-linux-gnu/examples && /usr/bin/cmake -E touch /<<PKGBUILDDIR>>/obj-x86_64-linux-gnu/examples/ign_configure_build_Release-prefix/src/ign_configure_build_Release-stamp/ign_configure_build_Release-mkdir
cd /<<PKGBUILDDIR>>/obj-x86_64-linux-gnu/examples && /usr/bin/cmake -E touch /<<PKGBUILDDIR>>/obj-x86_64-linux-gnu/examples/ign_configure_build_RelWithDebInfo-prefix/src/ign_configure_build_RelWithDebInfo-stamp/ign_configure_build_RelWithDebInfo-download
cd /<<PKGBUILDDIR>>/obj-x86_64-linux-gnu/examples && /usr/bin/cmake -E make_directory /<<PKGBUILDDIR>>/obj-x86_64-linux-gnu/examples/prerelease_Release-prefix/src/prerelease_Release-stamp
[  9%] No download step for 'ign_configure_build_Debug'
cd /<<PKGBUILDDIR>>/obj-x86_64-linux-gnu/examples && /usr/bin/cmake -E touch /<<PKGBUILDDIR>>/obj-x86_64-linux-gnu/examples/prerelease_Release-prefix/src/prerelease_Release-stamp/prerelease_Release-mkdir
cd /<<PKGBUILDDIR>>/obj-x86_64-linux-gnu/examples && /usr/bin/cmake -E echo_append
[ 10%] No download step for 'ign_configure_build_Release'
cd /<<PKGBUILDDIR>>/obj-x86_64-linux-gnu/examples && /usr/bin/cmake -E echo_append
cd /<<PKGBUILDDIR>>/obj-x86_64-linux-gnu/examples && /usr/bin/cmake -E touch /<<PKGBUILDDIR>>/obj-x86_64-linux-gnu/examples/ign_configure_build_Debug-prefix/src/ign_configure_build_Debug-stamp/ign_configure_build_Debug-download
[ 12%] No patch step for 'ign_configure_build_RelWithDebInfo'
cd /<<PKGBUILDDIR>>/obj-x86_64-linux-gnu/examples && /usr/bin/cmake -E echo_append
cd /<<PKGBUILDDIR>>/obj-x86_64-linux-gnu/examples && /usr/bin/cmake -E touch /<<PKGBUILDDIR>>/obj-x86_64-linux-gnu/examples/ign_configure_build_Release-prefix/src/ign_configure_build_Release-stamp/ign_configure_build_Release-download
cd /<<PKGBUILDDIR>>/obj-x86_64-linux-gnu/examples && /usr/bin/cmake -E touch /<<PKGBUILDDIR>>/obj-x86_64-linux-gnu/examples/ign_configure_build_RelWithDebInfo-prefix/src/ign_configure_build_RelWithDebInfo-stamp/ign_configure_build_RelWithDebInfo-patch
[ 13%] No patch step for 'ign_configure_build_Debug'
cd /<<PKGBUILDDIR>>/obj-x86_64-linux-gnu/examples && /usr/bin/cmake -E echo_append
[ 15%] No download step for 'prerelease_Release'
cd /<<PKGBUILDDIR>>/obj-x86_64-linux-gnu/examples && /usr/bin/cmake -E echo_append
[ 16%] No update step for 'ign_configure_build_RelWithDebInfo'
cd /<<PKGBUILDDIR>>/obj-x86_64-linux-gnu/examples && /usr/bin/cmake -E echo_append
cd /<<PKGBUILDDIR>>/obj-x86_64-linux-gnu/examples && /usr/bin/cmake -E touch /<<PKGBUILDDIR>>/obj-x86_64-linux-gnu/examples/ign_configure_build_RelWithDebInfo-prefix/src/ign_configure_build_RelWithDebInfo-stamp/ign_configure_build_RelWithDebInfo-update
cd /<<PKGBUILDDIR>>/obj-x86_64-linux-gnu/examples && /usr/bin/cmake -E touch /<<PKGBUILDDIR>>/obj-x86_64-linux-gnu/examples/prerelease_Release-prefix/src/prerelease_Release-stamp/prerelease_Release-download
[ 18%] No patch step for 'ign_configure_build_Release'
cd /<<PKGBUILDDIR>>/obj-x86_64-linux-gnu/examples && /usr/bin/cmake -E echo_append
cd /<<PKGBUILDDIR>>/obj-x86_64-linux-gnu/examples && /usr/bin/cmake -E touch /<<PKGBUILDDIR>>/obj-x86_64-linux-gnu/examples/ign_configure_build_Debug-prefix/src/ign_configure_build_Debug-stamp/ign_configure_build_Debug-patch
[ 19%] No update step for 'ign_configure_build_Debug'
cd /<<PKGBUILDDIR>>/obj-x86_64-linux-gnu/examples && /usr/bin/cmake -E echo_append
cd /<<PKGBUILDDIR>>/obj-x86_64-linux-gnu/examples && /usr/bin/cmake -E touch /<<PKGBUILDDIR>>/obj-x86_64-linux-gnu/examples/ign_configure_build_Release-prefix/src/ign_configure_build_Release-stamp/ign_configure_build_Release-patch
[ 21%] Performing configure step for 'ign_configure_build_RelWithDebInfo'
cd /<<PKGBUILDDIR>>/obj-x86_64-linux-gnu/examples/ign_configure_build_RelWithDebInfo-prefix/src/ign_configure_build_RelWithDebInfo-build && /usr/bin/cmake -DCMAKE_PREFIX_PATH=/<<PKGBUILDDIR>>/obj-x86_64-linux-gnu -DCMAKE_BUILD_TYPE=RelWithDebInfo "-GUnix Makefiles" /<<PKGBUILDDIR>>/examples/ign_configure_build
[ 22%] No patch step for 'prerelease_Release'
cd /<<PKGBUILDDIR>>/obj-x86_64-linux-gnu/examples && /usr/bin/cmake -E touch /<<PKGBUILDDIR>>/obj-x86_64-linux-gnu/examples/ign_configure_build_Debug-prefix/src/ign_configure_build_Debug-stamp/ign_configure_build_Debug-update
cd /<<PKGBUILDDIR>>/obj-x86_64-linux-gnu/examples && /usr/bin/cmake -E echo_append
cd /<<PKGBUILDDIR>>/obj-x86_64-linux-gnu/examples && /usr/bin/cmake -E touch /<<PKGBUILDDIR>>/obj-x86_64-linux-gnu/examples/prerelease_Release-prefix/src/prerelease_Release-stamp/prerelease_Release-patch
[ 24%] No update step for 'ign_configure_build_Release'
cd /<<PKGBUILDDIR>>/obj-x86_64-linux-gnu/examples && /usr/bin/cmake -E echo_append
[ 25%] No update step for 'prerelease_Release'
cd /<<PKGBUILDDIR>>/obj-x86_64-linux-gnu/examples && /usr/bin/cmake -E echo_append
[ 27%] Performing configure step for 'ign_configure_build_Debug'
cd /<<PKGBUILDDIR>>/obj-x86_64-linux-gnu/examples/ign_configure_build_Debug-prefix/src/ign_configure_build_Debug-build && /usr/bin/cmake -DCMAKE_PREFIX_PATH=/<<PKGBUILDDIR>>/obj-x86_64-linux-gnu -DCMAKE_BUILD_TYPE=Debug "-GUnix Makefiles" /<<PKGBUILDDIR>>/examples/ign_configure_build
cd /<<PKGBUILDDIR>>/obj-x86_64-linux-gnu/examples && /usr/bin/cmake -E touch /<<PKGBUILDDIR>>/obj-x86_64-linux-gnu/examples/ign_configure_build_Release-prefix/src/ign_configure_build_Release-stamp/ign_configure_build_Release-update
cd /<<PKGBUILDDIR>>/obj-x86_64-linux-gnu/examples && /usr/bin/cmake -E touch /<<PKGBUILDDIR>>/obj-x86_64-linux-gnu/examples/prerelease_Release-prefix/src/prerelease_Release-stamp/prerelease_Release-update
[ 28%] Performing configure step for 'ign_configure_build_Release'
cd /<<PKGBUILDDIR>>/obj-x86_64-linux-gnu/examples/ign_configure_build_Release-prefix/src/ign_configure_build_Release-build && /usr/bin/cmake -DCMAKE_PREFIX_PATH=/<<PKGBUILDDIR>>/obj-x86_64-linux-gnu -DCMAKE_BUILD_TYPE=Release "-GUnix Makefiles" /<<PKGBUILDDIR>>/examples/ign_configure_build
[ 30%] Performing configure step for 'prerelease_Release'
cd /<<PKGBUILDDIR>>/obj-x86_64-linux-gnu/examples/prerelease_Release-prefix/src/prerelease_Release-build && /usr/bin/cmake -DCMAKE_PREFIX_PATH=/<<PKGBUILDDIR>>/obj-x86_64-linux-gnu -DCMAKE_BUILD_TYPE=Release "-GUnix Makefiles" /<<PKGBUILDDIR>>/examples/prerelease
-- The C compiler identification is Clang 10.0.0
-- The C compiler identification is Clang 10.0.0
-- The CXX compiler identification is Clang 10.0.0
-- Check for working C compiler: /usr/bin/cc
-- The C compiler identification is Clang 10.0.0
-- The C compiler identification is Clang 10.0.0
-- The CXX compiler identification is Clang 10.0.0
-- Check for working C compiler: /usr/bin/cc
-- Check for working C compiler: /usr/bin/cc -- works
-- Detecting C compiler ABI info
-- The CXX compiler identification is Clang 10.0.0
-- Check for working C compiler: /usr/bin/cc
-- The CXX compiler identification is Clang 10.0.0
-- Check for working C compiler: /usr/bin/cc
-- Check for working C compiler: /usr/bin/cc -- works
-- Detecting C compiler ABI info
-- Detecting C compiler ABI info - done
-- Check for working C compiler: /usr/bin/cc -- works
-- Detecting C compiler ABI info
-- Detecting C compile features
-- Detecting C compile features - done
-- Check for working CXX compiler: /usr/bin/c++
-- Check for working C compiler: /usr/bin/cc -- works
-- Detecting C compiler ABI info
-- Detecting C compiler ABI info - done
-- Detecting C compile features
-- Detecting C compile features - done
-- Check for working CXX compiler: /usr/bin/c++
-- Detecting C compiler ABI info - done
-- Detecting C compiler ABI info - done
-- Detecting C compile features
-- Detecting C compile features - done
-- Check for working CXX compiler: /usr/bin/c++ -- works
-- Detecting CXX compiler ABI info
-- Detecting C compile features
-- Detecting C compile features - done
-- Check for working CXX compiler: /usr/bin/c++
-- Check for working CXX compiler: /usr/bin/c++
-- Check for working CXX compiler: /usr/bin/c++ -- works
-- Detecting CXX compiler ABI info
-- Check for working CXX compiler: /usr/bin/c++ -- works
-- Detecting CXX compiler ABI info
-- Check for working CXX compiler: /usr/bin/c++ -- works
-- Detecting CXX compiler ABI info
-- Detecting CXX compiler ABI info - done
-- Detecting CXX compile features
-- Detecting CXX compile features - done
-- ignition-minimal0 version 0.1.0
-- Operating system is Linux
-- Detecting CXX compiler ABI info - done
-- Found CPack generators: DEB
-- Detecting CXX compile features
-- Detecting CXX compile features - done
-- ignition-minimal0 version 0.1.0
-- Operating system is Linux
-- Found CPack generators: DEB
-- Detecting CXX compiler ABI info - done
-- Detecting CXX compile features
-- Detecting CXX compile features - done
-- ignition-minimal0 version 0.1.0~pre1
-- Operating system is Linux
-- Found CPack generators: DEB
-- Detecting CXX compiler ABI info - done
-- Detecting CXX compile features
-- Detecting CXX compile features - done
-- ignition-minimal0 version 0.1.0
-- Operating system is Linux
-- Found CPack generators: DEB
-- 
-- Searching for host SSE information
-- 
-- Searching for host SSE information
-- 
-- Searching for host SSE information
-- SSE2 found
-- SSE3 found
-- SSE4.1 found
-- SSE4.2 found
-- Build configuration successful
-- SSE2 found
-- SSE3 found
-- SSE4.1 found
-- SSE4.2 found
-- Configuring done
-- 
-- Searching for host SSE information
-- SSE2 found
-- SSE3 found
-- SSE4.1 found
-- SSE4.2 found
-- Generating done
-- Build configuration successful
-- Build files have been written to: /<<PKGBUILDDIR>>/obj-x86_64-linux-gnu/examples/ign_configure_build_Release-prefix/src/ign_configure_build_Release-build
-- Configuring done
cd /<<PKGBUILDDIR>>/obj-x86_64-linux-gnu/examples/ign_configure_build_Release-prefix/src/ign_configure_build_Release-build && /usr/bin/cmake -E touch /<<PKGBUILDDIR>>/obj-x86_64-linux-gnu/examples/ign_configure_build_Release-prefix/src/ign_configure_build_Release-stamp/ign_configure_build_Release-configure
-- Build configuration successful
-- Configuring done
-- Generating done
-- Generating done
[ 31%] Performing package_source step for 'ign_configure_build_Release'
cd /<<PKGBUILDDIR>>/obj-x86_64-linux-gnu/examples && /usr/bin/cmake --build /<<PKGBUILDDIR>>/obj-x86_64-linux-gnu/examples/ign_configure_build_Release-prefix/src/ign_configure_build_Release-build --target package_source
make[4]: Entering directory '/<<PKGBUILDDIR>>/obj-x86_64-linux-gnu/examples/ign_configure_build_Release-prefix/src/ign_configure_build_Release-build'
make[4]: warning: jobserver unavailable: using -j1.  Add '+' to parent make rule.
-- Build files have been written to: /<<PKGBUILDDIR>>/obj-x86_64-linux-gnu/examples/prerelease_Release-prefix/src/prerelease_Release-build
-- Build files have been written to: /<<PKGBUILDDIR>>/obj-x86_64-linux-gnu/examples/ign_configure_build_RelWithDebInfo-prefix/src/ign_configure_build_RelWithDebInfo-build
-- SSE2 found
-- SSE3 found
-- SSE4.1 found
-- SSE4.2 found
cd /<<PKGBUILDDIR>>/obj-x86_64-linux-gnu/examples/prerelease_Release-prefix/src/prerelease_Release-build && /usr/bin/cmake -E touch /<<PKGBUILDDIR>>/obj-x86_64-linux-gnu/examples/prerelease_Release-prefix/src/prerelease_Release-stamp/prerelease_Release-configure
cd /<<PKGBUILDDIR>>/obj-x86_64-linux-gnu/examples/ign_configure_build_RelWithDebInfo-prefix/src/ign_configure_build_RelWithDebInfo-build && /usr/bin/cmake -E touch /<<PKGBUILDDIR>>/obj-x86_64-linux-gnu/examples/ign_configure_build_RelWithDebInfo-prefix/src/ign_configure_build_RelWithDebInfo-stamp/ign_configure_build_RelWithDebInfo-configure
Run CPack packaging tool for source...
-- Build configuration successful
[ 33%] Performing package_source step for 'prerelease_Release'
cd /<<PKGBUILDDIR>>/obj-x86_64-linux-gnu/examples && /usr/bin/cmake --build /<<PKGBUILDDIR>>/obj-x86_64-linux-gnu/examples/prerelease_Release-prefix/src/prerelease_Release-build --target package_source
-- Configuring done
CPack: Create package using TBZ2
CPack: Install projects
CPack: - Install directory: /<<PKGBUILDDIR>>/examples/ign_configure_build
CPack: Create package
CPack: - package: /<<PKGBUILDDIR>>/obj-x86_64-linux-gnu/examples/ign_configure_build_Release-prefix/src/ign_configure_build_Release-build/ignition-minimal-0.1.0.tar.bz2 generated.
CPack: Create package using ZIP
CPack: Install projects
CPack: - Install directory: /<<PKGBUILDDIR>>/examples/ign_configure_build
CPack: Create package
CPack: - package: /<<PKGBUILDDIR>>/obj-x86_64-linux-gnu/examples/ign_configure_build_Release-prefix/src/ign_configure_build_Release-build/ignition-minimal-0.1.0.zip generated.
make[4]: Leaving directory '/<<PKGBUILDDIR>>/obj-x86_64-linux-gnu/examples/ign_configure_build_Release-prefix/src/ign_configure_build_Release-build'
cd /<<PKGBUILDDIR>>/obj-x86_64-linux-gnu/examples && /usr/bin/cmake -E touch /<<PKGBUILDDIR>>/obj-x86_64-linux-gnu/examples/ign_configure_build_Release-prefix/src/ign_configure_build_Release-stamp/ign_configure_build_Release-package_source
[ 34%] Performing package_source step for 'ign_configure_build_RelWithDebInfo'
cd /<<PKGBUILDDIR>>/obj-x86_64-linux-gnu/examples && /usr/bin/cmake --build /<<PKGBUILDDIR>>/obj-x86_64-linux-gnu/examples/ign_configure_build_RelWithDebInfo-prefix/src/ign_configure_build_RelWithDebInfo-build --target package_source
-- Generating done
make[4]: Entering directory '/<<PKGBUILDDIR>>/obj-x86_64-linux-gnu/examples/ign_configure_build_RelWithDebInfo-prefix/src/ign_configure_build_RelWithDebInfo-build'
make[4]: warning: jobserver unavailable: using -j1.  Add '+' to parent make rule.
make[4]: Entering directory '/<<PKGBUILDDIR>>/obj-x86_64-linux-gnu/examples/prerelease_Release-prefix/src/prerelease_Release-build'
make[4]: warning: jobserver unavailable: using -j1.  Add '+' to parent make rule.
-- Build files have been written to: /<<PKGBUILDDIR>>/obj-x86_64-linux-gnu/examples/ign_configure_build_Debug-prefix/src/ign_configure_build_Debug-build
cd /<<PKGBUILDDIR>>/obj-x86_64-linux-gnu/examples/ign_configure_build_Debug-prefix/src/ign_configure_build_Debug-build && /usr/bin/cmake -E touch /<<PKGBUILDDIR>>/obj-x86_64-linux-gnu/examples/ign_configure_build_Debug-prefix/src/ign_configure_build_Debug-stamp/ign_configure_build_Debug-configure
Run CPack packaging tool for source...
Run CPack packaging tool for source...
[ 36%] Performing build step for 'ign_configure_build_Release'
cd /<<PKGBUILDDIR>>/obj-x86_64-linux-gnu/examples/ign_configure_build_Release-prefix/src/ign_configure_build_Release-build && make
[ 37%] Performing package_source step for 'ign_configure_build_Debug'
cd /<<PKGBUILDDIR>>/obj-x86_64-linux-gnu/examples && /usr/bin/cmake --build /<<PKGBUILDDIR>>/obj-x86_64-linux-gnu/examples/ign_configure_build_Debug-prefix/src/ign_configure_build_Debug-build --target package_source
CPack: Create package using TBZ2
CPack: Install projects
CPack: - Install directory: /<<PKGBUILDDIR>>/examples/prerelease
CPack: Create package
CPack: - package: /<<PKGBUILDDIR>>/obj-x86_64-linux-gnu/examples/prerelease_Release-prefix/src/prerelease_Release-build/ignition-minimal-0.1.0~pre1.tar.bz2 generated.
CPack: Create package using ZIP
CPack: Install projects
CPack: Create package using TBZ2
CPack: Install projects
CPack: - Install directory: /<<PKGBUILDDIR>>/examples/prerelease
CPack: - Install directory: /<<PKGBUILDDIR>>/examples/ign_configure_build
CPack: Create package
CPack: Create package
CPack: - package: /<<PKGBUILDDIR>>/obj-x86_64-linux-gnu/examples/prerelease_Release-prefix/src/prerelease_Release-build/ignition-minimal-0.1.0~pre1.zip generated.
CPack: - package: /<<PKGBUILDDIR>>/obj-x86_64-linux-gnu/examples/ign_configure_build_RelWithDebInfo-prefix/src/ign_configure_build_RelWithDebInfo-build/ignition-minimal-0.1.0.tar.bz2 generated.
CPack: Create package using ZIP
CPack: Install projects
CPack: - Install directory: /<<PKGBUILDDIR>>/examples/ign_configure_build
CPack: Create package
make[4]: Leaving directory '/<<PKGBUILDDIR>>/obj-x86_64-linux-gnu/examples/prerelease_Release-prefix/src/prerelease_Release-build'
CPack: - package: /<<PKGBUILDDIR>>/obj-x86_64-linux-gnu/examples/ign_configure_build_RelWithDebInfo-prefix/src/ign_configure_build_RelWithDebInfo-build/ignition-minimal-0.1.0.zip generated.
make[4]: Leaving directory '/<<PKGBUILDDIR>>/obj-x86_64-linux-gnu/examples/ign_configure_build_RelWithDebInfo-prefix/src/ign_configure_build_RelWithDebInfo-build'
cd /<<PKGBUILDDIR>>/obj-x86_64-linux-gnu/examples && /usr/bin/cmake -E touch /<<PKGBUILDDIR>>/obj-x86_64-linux-gnu/examples/prerelease_Release-prefix/src/prerelease_Release-stamp/prerelease_Release-package_source
make[4]: Entering directory '/<<PKGBUILDDIR>>/obj-x86_64-linux-gnu/examples/ign_configure_build_Release-prefix/src/ign_configure_build_Release-build'
cd /<<PKGBUILDDIR>>/obj-x86_64-linux-gnu/examples && /usr/bin/cmake -E touch /<<PKGBUILDDIR>>/obj-x86_64-linux-gnu/examples/ign_configure_build_RelWithDebInfo-prefix/src/ign_configure_build_RelWithDebInfo-stamp/ign_configure_build_RelWithDebInfo-package_source
make[4]: Entering directory '/<<PKGBUILDDIR>>/obj-x86_64-linux-gnu/examples/ign_configure_build_Debug-prefix/src/ign_configure_build_Debug-build'
make[4]: warning: jobserver unavailable: using -j1.  Add '+' to parent make rule.
Run CPack packaging tool for source...
[ 39%] Performing build step for 'prerelease_Release'
[ 40%] Performing build step for 'ign_configure_build_RelWithDebInfo'
cd /<<PKGBUILDDIR>>/obj-x86_64-linux-gnu/examples/prerelease_Release-prefix/src/prerelease_Release-build && make
cd /<<PKGBUILDDIR>>/obj-x86_64-linux-gnu/examples/ign_configure_build_RelWithDebInfo-prefix/src/ign_configure_build_RelWithDebInfo-build && make
make[4]: Entering directory '/<<PKGBUILDDIR>>/obj-x86_64-linux-gnu/examples/prerelease_Release-prefix/src/prerelease_Release-build'
make[4]: Entering directory '/<<PKGBUILDDIR>>/obj-x86_64-linux-gnu/examples/ign_configure_build_RelWithDebInfo-prefix/src/ign_configure_build_RelWithDebInfo-build'
CPack: Create package using TBZ2
CPack: Install projects
CPack: - Install directory: /<<PKGBUILDDIR>>/examples/ign_configure_build
CPack: Create package
CPack: - package: /<<PKGBUILDDIR>>/obj-x86_64-linux-gnu/examples/ign_configure_build_Debug-prefix/src/ign_configure_build_Debug-build/ignition-minimal-0.1.0.tar.bz2 generated.
CPack: Create package using ZIP
CPack: Install projects
CPack: - Install directory: /<<PKGBUILDDIR>>/examples/ign_configure_build
CPack: Create package
CPack: - package: /<<PKGBUILDDIR>>/obj-x86_64-linux-gnu/examples/ign_configure_build_Debug-prefix/src/ign_configure_build_Debug-build/ignition-minimal-0.1.0.zip generated.
make[4]: Leaving directory '/<<PKGBUILDDIR>>/obj-x86_64-linux-gnu/examples/ign_configure_build_Debug-prefix/src/ign_configure_build_Debug-build'
make[4]: Leaving directory '/<<PKGBUILDDIR>>/obj-x86_64-linux-gnu/examples/ign_configure_build_Release-prefix/src/ign_configure_build_Release-build'
cd /<<PKGBUILDDIR>>/obj-x86_64-linux-gnu/examples && /usr/bin/cmake -E touch /<<PKGBUILDDIR>>/obj-x86_64-linux-gnu/examples/ign_configure_build_Debug-prefix/src/ign_configure_build_Debug-stamp/ign_configure_build_Debug-package_source
[ 42%] Performing test_tarball_name step for 'ign_configure_build_Release'
cd /<<PKGBUILDDIR>>/obj-x86_64-linux-gnu/examples && /usr/bin/cmake -E tar tf /<<PKGBUILDDIR>>/obj-x86_64-linux-gnu/examples/ign_configure_build_Release-prefix/src/ign_configure_build_Release-build/ignition-minimal-0.1.0.tar.bz2
make[4]: Leaving directory '/<<PKGBUILDDIR>>/obj-x86_64-linux-gnu/examples/prerelease_Release-prefix/src/prerelease_Release-build'
cd /<<PKGBUILDDIR>>/obj-x86_64-linux-gnu/examples && /usr/bin/cmake -E touch /<<PKGBUILDDIR>>/obj-x86_64-linux-gnu/examples/ign_configure_build_Release-prefix/src/ign_configure_build_Release-stamp/ign_configure_build_Release-test_tarball_name
[ 43%] Performing build step for 'ign_configure_build_Debug'
cd /<<PKGBUILDDIR>>/obj-x86_64-linux-gnu/examples/ign_configure_build_Debug-prefix/src/ign_configure_build_Debug-build && make
[ 45%] Performing test_tarball_name step for 'prerelease_Release'
cd /<<PKGBUILDDIR>>/obj-x86_64-linux-gnu/examples && /usr/bin/cmake -E tar tf "/<<PKGBUILDDIR>>/obj-x86_64-linux-gnu/examples/prerelease_Release-prefix/src/prerelease_Release-build/ignition-minimal-0.1.0~pre1.tar.bz2"
make[4]: Leaving directory '/<<PKGBUILDDIR>>/obj-x86_64-linux-gnu/examples/ign_configure_build_RelWithDebInfo-prefix/src/ign_configure_build_RelWithDebInfo-build'
make[4]: Entering directory '/<<PKGBUILDDIR>>/obj-x86_64-linux-gnu/examples/ign_configure_build_Debug-prefix/src/ign_configure_build_Debug-build'
cd /<<PKGBUILDDIR>>/obj-x86_64-linux-gnu/examples && /usr/bin/cmake -E touch /<<PKGBUILDDIR>>/obj-x86_64-linux-gnu/examples/prerelease_Release-prefix/src/prerelease_Release-stamp/prerelease_Release-test_tarball_name
[ 46%] No install step for 'ign_configure_build_Release'
[ 48%] Performing test_tarball_name step for 'ign_configure_build_RelWithDebInfo'
cd /<<PKGBUILDDIR>>/obj-x86_64-linux-gnu/examples/ign_configure_build_Release-prefix/src/ign_configure_build_Release-build && /usr/bin/cmake -E echo_append
cd /<<PKGBUILDDIR>>/obj-x86_64-linux-gnu/examples && /usr/bin/cmake -E tar tf /<<PKGBUILDDIR>>/obj-x86_64-linux-gnu/examples/ign_configure_build_RelWithDebInfo-prefix/src/ign_configure_build_RelWithDebInfo-build/ignition-minimal-0.1.0.tar.bz2
cd /<<PKGBUILDDIR>>/obj-x86_64-linux-gnu/examples/ign_configure_build_Release-prefix/src/ign_configure_build_Release-build && /usr/bin/cmake -E touch /<<PKGBUILDDIR>>/obj-x86_64-linux-gnu/examples/ign_configure_build_Release-prefix/src/ign_configure_build_Release-stamp/ign_configure_build_Release-install
cd /<<PKGBUILDDIR>>/obj-x86_64-linux-gnu/examples && /usr/bin/cmake -E touch /<<PKGBUILDDIR>>/obj-x86_64-linux-gnu/examples/ign_configure_build_RelWithDebInfo-prefix/src/ign_configure_build_RelWithDebInfo-stamp/ign_configure_build_RelWithDebInfo-test_tarball_name
make[4]: Leaving directory '/<<PKGBUILDDIR>>/obj-x86_64-linux-gnu/examples/ign_configure_build_Debug-prefix/src/ign_configure_build_Debug-build'
[ 50%] No install step for 'prerelease_Release'
cd /<<PKGBUILDDIR>>/obj-x86_64-linux-gnu/examples/prerelease_Release-prefix/src/prerelease_Release-build && /usr/bin/cmake -E echo_append
[ 51%] Performing test_tarball_name step for 'ign_configure_build_Debug'
cd /<<PKGBUILDDIR>>/obj-x86_64-linux-gnu/examples && /usr/bin/cmake -E tar tf /<<PKGBUILDDIR>>/obj-x86_64-linux-gnu/examples/ign_configure_build_Debug-prefix/src/ign_configure_build_Debug-build/ignition-minimal-0.1.0.tar.bz2
cd /<<PKGBUILDDIR>>/obj-x86_64-linux-gnu/examples/prerelease_Release-prefix/src/prerelease_Release-build && /usr/bin/cmake -E touch /<<PKGBUILDDIR>>/obj-x86_64-linux-gnu/examples/prerelease_Release-prefix/src/prerelease_Release-stamp/prerelease_Release-install
[ 53%] No install step for 'ign_configure_build_RelWithDebInfo'
cd /<<PKGBUILDDIR>>/obj-x86_64-linux-gnu/examples/ign_configure_build_RelWithDebInfo-prefix/src/ign_configure_build_RelWithDebInfo-build && /usr/bin/cmake -E echo_append
cd /<<PKGBUILDDIR>>/obj-x86_64-linux-gnu/examples && /usr/bin/cmake -E touch /<<PKGBUILDDIR>>/obj-x86_64-linux-gnu/examples/ign_configure_build_Debug-prefix/src/ign_configure_build_Debug-stamp/ign_configure_build_Debug-test_tarball_name
[ 54%] Performing test step for 'ign_configure_build_Release'
cd /<<PKGBUILDDIR>>/obj-x86_64-linux-gnu/examples/ign_configure_build_Release-prefix/src/ign_configure_build_Release-build && /usr/bin/cmake -E copy /<<PKGBUILDDIR>>/obj-x86_64-linux-gnu/examples/ign_configure_build_Release_pass.xml /<<PKGBUILDDIR>>/obj-x86_64-linux-gnu/examples/test_results/ign_configure_build_Release.xml
cd /<<PKGBUILDDIR>>/obj-x86_64-linux-gnu/examples/ign_configure_build_RelWithDebInfo-prefix/src/ign_configure_build_RelWithDebInfo-build && /usr/bin/cmake -E touch /<<PKGBUILDDIR>>/obj-x86_64-linux-gnu/examples/ign_configure_build_RelWithDebInfo-prefix/src/ign_configure_build_RelWithDebInfo-stamp/ign_configure_build_RelWithDebInfo-install
cd /<<PKGBUILDDIR>>/obj-x86_64-linux-gnu/examples/ign_configure_build_Release-prefix/src/ign_configure_build_Release-build && /usr/bin/cmake -E touch /<<PKGBUILDDIR>>/obj-x86_64-linux-gnu/examples/ign_configure_build_Release-prefix/src/ign_configure_build_Release-stamp/ign_configure_build_Release-test
[ 56%] No install step for 'ign_configure_build_Debug'
cd /<<PKGBUILDDIR>>/obj-x86_64-linux-gnu/examples/ign_configure_build_Debug-prefix/src/ign_configure_build_Debug-build && /usr/bin/cmake -E echo_append
[ 57%] Performing test step for 'prerelease_Release'
cd /<<PKGBUILDDIR>>/obj-x86_64-linux-gnu/examples/prerelease_Release-prefix/src/prerelease_Release-build && /usr/bin/cmake -E copy /<<PKGBUILDDIR>>/obj-x86_64-linux-gnu/examples/prerelease_Release_pass.xml /<<PKGBUILDDIR>>/obj-x86_64-linux-gnu/examples/test_results/prerelease_Release.xml
cd /<<PKGBUILDDIR>>/obj-x86_64-linux-gnu/examples/ign_configure_build_Debug-prefix/src/ign_configure_build_Debug-build && /usr/bin/cmake -E touch /<<PKGBUILDDIR>>/obj-x86_64-linux-gnu/examples/ign_configure_build_Debug-prefix/src/ign_configure_build_Debug-stamp/ign_configure_build_Debug-install
[ 59%] Performing test step for 'ign_configure_build_RelWithDebInfo'
cd /<<PKGBUILDDIR>>/obj-x86_64-linux-gnu/examples/prerelease_Release-prefix/src/prerelease_Release-build && /usr/bin/cmake -E touch /<<PKGBUILDDIR>>/obj-x86_64-linux-gnu/examples/prerelease_Release-prefix/src/prerelease_Release-stamp/prerelease_Release-test
cd /<<PKGBUILDDIR>>/obj-x86_64-linux-gnu/examples/ign_configure_build_RelWithDebInfo-prefix/src/ign_configure_build_RelWithDebInfo-build && /usr/bin/cmake -E copy /<<PKGBUILDDIR>>/obj-x86_64-linux-gnu/examples/ign_configure_build_RelWithDebInfo_pass.xml /<<PKGBUILDDIR>>/obj-x86_64-linux-gnu/examples/test_results/ign_configure_build_RelWithDebInfo.xml
[ 60%] Completed 'ign_configure_build_Release'
cd /<<PKGBUILDDIR>>/obj-x86_64-linux-gnu/examples && /usr/bin/cmake -E make_directory /<<PKGBUILDDIR>>/obj-x86_64-linux-gnu/examples/CMakeFiles
cd /<<PKGBUILDDIR>>/obj-x86_64-linux-gnu/examples/ign_configure_build_RelWithDebInfo-prefix/src/ign_configure_build_RelWithDebInfo-build && /usr/bin/cmake -E touch /<<PKGBUILDDIR>>/obj-x86_64-linux-gnu/examples/ign_configure_build_RelWithDebInfo-prefix/src/ign_configure_build_RelWithDebInfo-stamp/ign_configure_build_RelWithDebInfo-test
cd /<<PKGBUILDDIR>>/obj-x86_64-linux-gnu/examples && /usr/bin/cmake -E touch /<<PKGBUILDDIR>>/obj-x86_64-linux-gnu/examples/CMakeFiles/ign_configure_build_Release-complete
cd /<<PKGBUILDDIR>>/obj-x86_64-linux-gnu/examples && /usr/bin/cmake -E touch /<<PKGBUILDDIR>>/obj-x86_64-linux-gnu/examples/ign_configure_build_Release-prefix/src/ign_configure_build_Release-stamp/ign_configure_build_Release-done
[ 62%] Completed 'prerelease_Release'
cd /<<PKGBUILDDIR>>/obj-x86_64-linux-gnu/examples && /usr/bin/cmake -E make_directory /<<PKGBUILDDIR>>/obj-x86_64-linux-gnu/examples/CMakeFiles
[ 63%] Completed 'ign_configure_build_RelWithDebInfo'
cd /<<PKGBUILDDIR>>/obj-x86_64-linux-gnu/examples && /usr/bin/cmake -E make_directory /<<PKGBUILDDIR>>/obj-x86_64-linux-gnu/examples/CMakeFiles
[ 65%] Performing test step for 'ign_configure_build_Debug'
cd /<<PKGBUILDDIR>>/obj-x86_64-linux-gnu/examples/ign_configure_build_Debug-prefix/src/ign_configure_build_Debug-build && /usr/bin/cmake -E copy /<<PKGBUILDDIR>>/obj-x86_64-linux-gnu/examples/ign_configure_build_Debug_pass.xml /<<PKGBUILDDIR>>/obj-x86_64-linux-gnu/examples/test_results/ign_configure_build_Debug.xml
make[3]: Leaving directory '/<<PKGBUILDDIR>>/obj-x86_64-linux-gnu'
cd /<<PKGBUILDDIR>>/obj-x86_64-linux-gnu/examples && /usr/bin/cmake -E touch /<<PKGBUILDDIR>>/obj-x86_64-linux-gnu/examples/CMakeFiles/prerelease_Release-complete
cd /<<PKGBUILDDIR>>/obj-x86_64-linux-gnu/examples/ign_configure_build_Debug-prefix/src/ign_configure_build_Debug-build && /usr/bin/cmake -E touch /<<PKGBUILDDIR>>/obj-x86_64-linux-gnu/examples/ign_configure_build_Debug-prefix/src/ign_configure_build_Debug-stamp/ign_configure_build_Debug-test
cd /<<PKGBUILDDIR>>/obj-x86_64-linux-gnu/examples && /usr/bin/cmake -E touch /<<PKGBUILDDIR>>/obj-x86_64-linux-gnu/examples/CMakeFiles/ign_configure_build_RelWithDebInfo-complete
cd /<<PKGBUILDDIR>>/obj-x86_64-linux-gnu/examples && /usr/bin/cmake -E touch /<<PKGBUILDDIR>>/obj-x86_64-linux-gnu/examples/prerelease_Release-prefix/src/prerelease_Release-stamp/prerelease_Release-done
cd /<<PKGBUILDDIR>>/obj-x86_64-linux-gnu/examples && /usr/bin/cmake -E touch /<<PKGBUILDDIR>>/obj-x86_64-linux-gnu/examples/ign_configure_build_RelWithDebInfo-prefix/src/ign_configure_build_RelWithDebInfo-stamp/ign_configure_build_RelWithDebInfo-done
[ 66%] Completed 'ign_configure_build_Debug'
cd /<<PKGBUILDDIR>>/obj-x86_64-linux-gnu/examples && /usr/bin/cmake -E make_directory /<<PKGBUILDDIR>>/obj-x86_64-linux-gnu/examples/CMakeFiles
make[3]: Leaving directory '/<<PKGBUILDDIR>>/obj-x86_64-linux-gnu'
make[3]: Leaving directory '/<<PKGBUILDDIR>>/obj-x86_64-linux-gnu'
cd /<<PKGBUILDDIR>>/obj-x86_64-linux-gnu/examples && /usr/bin/cmake -E touch /<<PKGBUILDDIR>>/obj-x86_64-linux-gnu/examples/CMakeFiles/ign_configure_build_Debug-complete
cd /<<PKGBUILDDIR>>/obj-x86_64-linux-gnu/examples && /usr/bin/cmake -E touch /<<PKGBUILDDIR>>/obj-x86_64-linux-gnu/examples/ign_configure_build_Debug-prefix/src/ign_configure_build_Debug-stamp/ign_configure_build_Debug-done
make[3]: Leaving directory '/<<PKGBUILDDIR>>/obj-x86_64-linux-gnu'
[ 66%] Built target ign_configure_build_RelWithDebInfo
make -f examples/CMakeFiles/prerelease_Debug.dir/build.make examples/CMakeFiles/prerelease_Debug.dir/depend
make[3]: Entering directory '/<<PKGBUILDDIR>>/obj-x86_64-linux-gnu'
cd /<<PKGBUILDDIR>>/obj-x86_64-linux-gnu && /usr/bin/cmake -E cmake_depends "Unix Makefiles" /<<PKGBUILDDIR>> /<<PKGBUILDDIR>>/examples /<<PKGBUILDDIR>>/obj-x86_64-linux-gnu /<<PKGBUILDDIR>>/obj-x86_64-linux-gnu/examples /<<PKGBUILDDIR>>/obj-x86_64-linux-gnu/examples/CMakeFiles/prerelease_Debug.dir/DependInfo.cmake --color=
Scanning dependencies of target prerelease_Debug
make[3]: Leaving directory '/<<PKGBUILDDIR>>/obj-x86_64-linux-gnu'
make -f examples/CMakeFiles/prerelease_Debug.dir/build.make examples/CMakeFiles/prerelease_Debug.dir/build
make[3]: Entering directory '/<<PKGBUILDDIR>>/obj-x86_64-linux-gnu'
[ 68%] Creating directories for 'prerelease_Debug'
cd /<<PKGBUILDDIR>>/obj-x86_64-linux-gnu/examples && /usr/bin/cmake -E make_directory /<<PKGBUILDDIR>>/examples/prerelease
cd /<<PKGBUILDDIR>>/obj-x86_64-linux-gnu/examples && /usr/bin/cmake -E make_directory /<<PKGBUILDDIR>>/obj-x86_64-linux-gnu/examples/prerelease_Debug-prefix/src/prerelease_Debug-build
cd /<<PKGBUILDDIR>>/obj-x86_64-linux-gnu/examples && /usr/bin/cmake -E make_directory /<<PKGBUILDDIR>>/obj-x86_64-linux-gnu/examples/prerelease_Debug-prefix
cd /<<PKGBUILDDIR>>/obj-x86_64-linux-gnu/examples && /usr/bin/cmake -E make_directory /<<PKGBUILDDIR>>/obj-x86_64-linux-gnu/examples/prerelease_Debug-prefix/tmp
cd /<<PKGBUILDDIR>>/obj-x86_64-linux-gnu/examples && /usr/bin/cmake -E make_directory /<<PKGBUILDDIR>>/obj-x86_64-linux-gnu/examples/prerelease_Debug-prefix/src/prerelease_Debug-stamp
cd /<<PKGBUILDDIR>>/obj-x86_64-linux-gnu/examples && /usr/bin/cmake -E make_directory /<<PKGBUILDDIR>>/obj-x86_64-linux-gnu/examples/prerelease_Debug-prefix/src
cd /<<PKGBUILDDIR>>/obj-x86_64-linux-gnu/examples && /usr/bin/cmake -E make_directory /<<PKGBUILDDIR>>/obj-x86_64-linux-gnu/examples/prerelease_Debug-prefix/src/prerelease_Debug-stamp
[ 68%] Built target ign_configure_build_Release
[ 68%] Built target ign_configure_build_Debug
make -f examples/CMakeFiles/prerelease_RelWithDebInfo.dir/build.make examples/CMakeFiles/prerelease_RelWithDebInfo.dir/depend
make[3]: Entering directory '/<<PKGBUILDDIR>>/obj-x86_64-linux-gnu'
cd /<<PKGBUILDDIR>>/obj-x86_64-linux-gnu && /usr/bin/cmake -E cmake_depends "Unix Makefiles" /<<PKGBUILDDIR>> /<<PKGBUILDDIR>>/examples /<<PKGBUILDDIR>>/obj-x86_64-linux-gnu /<<PKGBUILDDIR>>/obj-x86_64-linux-gnu/examples /<<PKGBUILDDIR>>/obj-x86_64-linux-gnu/examples/CMakeFiles/prerelease_RelWithDebInfo.dir/DependInfo.cmake --color=
cd /<<PKGBUILDDIR>>/obj-x86_64-linux-gnu/examples && /usr/bin/cmake -E touch /<<PKGBUILDDIR>>/obj-x86_64-linux-gnu/examples/prerelease_Debug-prefix/src/prerelease_Debug-stamp/prerelease_Debug-mkdir
Scanning dependencies of target prerelease_RelWithDebInfo
make[3]: Leaving directory '/<<PKGBUILDDIR>>/obj-x86_64-linux-gnu'
make -f examples/CMakeFiles/prerelease_RelWithDebInfo.dir/build.make examples/CMakeFiles/prerelease_RelWithDebInfo.dir/build
make[3]: Entering directory '/<<PKGBUILDDIR>>/obj-x86_64-linux-gnu'
[ 69%] Creating directories for 'prerelease_RelWithDebInfo'
cd /<<PKGBUILDDIR>>/obj-x86_64-linux-gnu/examples && /usr/bin/cmake -E make_directory /<<PKGBUILDDIR>>/examples/prerelease
[ 71%] No download step for 'prerelease_Debug'
cd /<<PKGBUILDDIR>>/obj-x86_64-linux-gnu/examples && /usr/bin/cmake -E echo_append
cd /<<PKGBUILDDIR>>/obj-x86_64-linux-gnu/examples && /usr/bin/cmake -E make_directory /<<PKGBUILDDIR>>/obj-x86_64-linux-gnu/examples/prerelease_RelWithDebInfo-prefix/src/prerelease_RelWithDebInfo-build
cd /<<PKGBUILDDIR>>/obj-x86_64-linux-gnu/examples && /usr/bin/cmake -E touch /<<PKGBUILDDIR>>/obj-x86_64-linux-gnu/examples/prerelease_Debug-prefix/src/prerelease_Debug-stamp/prerelease_Debug-download
cd /<<PKGBUILDDIR>>/obj-x86_64-linux-gnu/examples && /usr/bin/cmake -E make_directory /<<PKGBUILDDIR>>/obj-x86_64-linux-gnu/examples/prerelease_RelWithDebInfo-prefix
cd /<<PKGBUILDDIR>>/obj-x86_64-linux-gnu/examples && /usr/bin/cmake -E make_directory /<<PKGBUILDDIR>>/obj-x86_64-linux-gnu/examples/prerelease_RelWithDebInfo-prefix/tmp
[ 72%] No update step for 'prerelease_Debug'
cd /<<PKGBUILDDIR>>/obj-x86_64-linux-gnu/examples && /usr/bin/cmake -E echo_append
[ 74%] No patch step for 'prerelease_Debug'
cd /<<PKGBUILDDIR>>/obj-x86_64-linux-gnu/examples && /usr/bin/cmake -E echo_append
cd /<<PKGBUILDDIR>>/obj-x86_64-linux-gnu/examples && /usr/bin/cmake -E make_directory /<<PKGBUILDDIR>>/obj-x86_64-linux-gnu/examples/prerelease_RelWithDebInfo-prefix/src/prerelease_RelWithDebInfo-stamp
cd /<<PKGBUILDDIR>>/obj-x86_64-linux-gnu/examples && /usr/bin/cmake -E touch /<<PKGBUILDDIR>>/obj-x86_64-linux-gnu/examples/prerelease_Debug-prefix/src/prerelease_Debug-stamp/prerelease_Debug-update
cd /<<PKGBUILDDIR>>/obj-x86_64-linux-gnu/examples && /usr/bin/cmake -E make_directory /<<PKGBUILDDIR>>/obj-x86_64-linux-gnu/examples/prerelease_RelWithDebInfo-prefix/src
cd /<<PKGBUILDDIR>>/obj-x86_64-linux-gnu/examples && /usr/bin/cmake -E touch /<<PKGBUILDDIR>>/obj-x86_64-linux-gnu/examples/prerelease_Debug-prefix/src/prerelease_Debug-stamp/prerelease_Debug-patch
cd /<<PKGBUILDDIR>>/obj-x86_64-linux-gnu/examples && /usr/bin/cmake -E make_directory /<<PKGBUILDDIR>>/obj-x86_64-linux-gnu/examples/prerelease_RelWithDebInfo-prefix/src/prerelease_RelWithDebInfo-stamp
cd /<<PKGBUILDDIR>>/obj-x86_64-linux-gnu/examples && /usr/bin/cmake -E touch /<<PKGBUILDDIR>>/obj-x86_64-linux-gnu/examples/prerelease_RelWithDebInfo-prefix/src/prerelease_RelWithDebInfo-stamp/prerelease_RelWithDebInfo-mkdir
[ 75%] Performing configure step for 'prerelease_Debug'
cd /<<PKGBUILDDIR>>/obj-x86_64-linux-gnu/examples/prerelease_Debug-prefix/src/prerelease_Debug-build && /usr/bin/cmake -DCMAKE_PREFIX_PATH=/<<PKGBUILDDIR>>/obj-x86_64-linux-gnu -DCMAKE_BUILD_TYPE=Debug "-GUnix Makefiles" /<<PKGBUILDDIR>>/examples/prerelease
[ 77%] No download step for 'prerelease_RelWithDebInfo'
cd /<<PKGBUILDDIR>>/obj-x86_64-linux-gnu/examples && /usr/bin/cmake -E echo_append
cd /<<PKGBUILDDIR>>/obj-x86_64-linux-gnu/examples && /usr/bin/cmake -E touch /<<PKGBUILDDIR>>/obj-x86_64-linux-gnu/examples/prerelease_RelWithDebInfo-prefix/src/prerelease_RelWithDebInfo-stamp/prerelease_RelWithDebInfo-download
[ 77%] Built target prerelease_Release
[ 78%] No patch step for 'prerelease_RelWithDebInfo'
cd /<<PKGBUILDDIR>>/obj-x86_64-linux-gnu/examples && /usr/bin/cmake -E echo_append
[ 80%] No update step for 'prerelease_RelWithDebInfo'
cd /<<PKGBUILDDIR>>/obj-x86_64-linux-gnu/examples && /usr/bin/cmake -E echo_append
cd /<<PKGBUILDDIR>>/obj-x86_64-linux-gnu/examples && /usr/bin/cmake -E touch /<<PKGBUILDDIR>>/obj-x86_64-linux-gnu/examples/prerelease_RelWithDebInfo-prefix/src/prerelease_RelWithDebInfo-stamp/prerelease_RelWithDebInfo-patch
cd /<<PKGBUILDDIR>>/obj-x86_64-linux-gnu/examples && /usr/bin/cmake -E touch /<<PKGBUILDDIR>>/obj-x86_64-linux-gnu/examples/prerelease_RelWithDebInfo-prefix/src/prerelease_RelWithDebInfo-stamp/prerelease_RelWithDebInfo-update
[ 81%] Performing configure step for 'prerelease_RelWithDebInfo'
cd /<<PKGBUILDDIR>>/obj-x86_64-linux-gnu/examples/prerelease_RelWithDebInfo-prefix/src/prerelease_RelWithDebInfo-build && /usr/bin/cmake -DCMAKE_PREFIX_PATH=/<<PKGBUILDDIR>>/obj-x86_64-linux-gnu -DCMAKE_BUILD_TYPE=RelWithDebInfo "-GUnix Makefiles" /<<PKGBUILDDIR>>/examples/prerelease
-- The C compiler identification is Clang 10.0.0
-- The C compiler identification is Clang 10.0.0
-- The CXX compiler identification is Clang 10.0.0
-- Check for working C compiler: /usr/bin/cc
-- The CXX compiler identification is Clang 10.0.0
-- Check for working C compiler: /usr/bin/cc
-- Check for working C compiler: /usr/bin/cc -- works
-- Check for working C compiler: /usr/bin/cc -- works
-- Detecting C compiler ABI info
-- Detecting C compiler ABI info
-- Detecting C compiler ABI info - done
-- Detecting C compiler ABI info - done
-- Detecting C compile features
-- Detecting C compile features - done
-- Check for working CXX compiler: /usr/bin/c++
-- Detecting C compile features
-- Detecting C compile features - done
-- Check for working CXX compiler: /usr/bin/c++
-- Check for working CXX compiler: /usr/bin/c++ -- works
-- Detecting CXX compiler ABI info
-- Check for working CXX compiler: /usr/bin/c++ -- works
-- Detecting CXX compiler ABI info
-- Detecting CXX compiler ABI info - done
-- Detecting CXX compiler ABI info - done
-- Detecting CXX compile features
-- Detecting CXX compile features - done
-- ignition-minimal0 version 0.1.0~pre1
-- Operating system is Linux
-- Found CPack generators: DEB
-- Detecting CXX compile features
-- Detecting CXX compile features - done
-- ignition-minimal0 version 0.1.0~pre1
-- Operating system is Linux
-- Found CPack generators: DEB
-- 
-- Searching for host SSE information
-- 
-- Searching for host SSE information
-- SSE2 found
-- SSE3 found
-- SSE4.1 found
-- SSE4.2 found
-- SSE2 found
-- SSE3 found
-- SSE4.1 found
-- SSE4.2 found
-- Build configuration successful
-- Configuring done
-- Build configuration successful
-- Configuring done
-- Generating done
-- Generating done
-- Build files have been written to: /<<PKGBUILDDIR>>/obj-x86_64-linux-gnu/examples/prerelease_Debug-prefix/src/prerelease_Debug-build
cd /<<PKGBUILDDIR>>/obj-x86_64-linux-gnu/examples/prerelease_Debug-prefix/src/prerelease_Debug-build && /usr/bin/cmake -E touch /<<PKGBUILDDIR>>/obj-x86_64-linux-gnu/examples/prerelease_Debug-prefix/src/prerelease_Debug-stamp/prerelease_Debug-configure
[ 84%] Performing package_source step for 'prerelease_Debug'
[ 84%] Performing build step for 'prerelease_Debug'
cd /<<PKGBUILDDIR>>/obj-x86_64-linux-gnu/examples/prerelease_Debug-prefix/src/prerelease_Debug-build && make
cd /<<PKGBUILDDIR>>/obj-x86_64-linux-gnu/examples && /usr/bin/cmake --build /<<PKGBUILDDIR>>/obj-x86_64-linux-gnu/examples/prerelease_Debug-prefix/src/prerelease_Debug-build --target package_source
make[4]: Entering directory '/<<PKGBUILDDIR>>/obj-x86_64-linux-gnu/examples/prerelease_Debug-prefix/src/prerelease_Debug-build'
-- Build files have been written to: /<<PKGBUILDDIR>>/obj-x86_64-linux-gnu/examples/prerelease_RelWithDebInfo-prefix/src/prerelease_RelWithDebInfo-build
cd /<<PKGBUILDDIR>>/obj-x86_64-linux-gnu/examples/prerelease_RelWithDebInfo-prefix/src/prerelease_RelWithDebInfo-build && /usr/bin/cmake -E touch /<<PKGBUILDDIR>>/obj-x86_64-linux-gnu/examples/prerelease_RelWithDebInfo-prefix/src/prerelease_RelWithDebInfo-stamp/prerelease_RelWithDebInfo-configure
make[4]: Entering directory '/<<PKGBUILDDIR>>/obj-x86_64-linux-gnu/examples/prerelease_Debug-prefix/src/prerelease_Debug-build'
make[4]: warning: jobserver unavailable: using -j1.  Add '+' to parent make rule.
Run CPack packaging tool for source...
[ 86%] Performing package_source step for 'prerelease_RelWithDebInfo'
cd /<<PKGBUILDDIR>>/obj-x86_64-linux-gnu/examples && /usr/bin/cmake --build /<<PKGBUILDDIR>>/obj-x86_64-linux-gnu/examples/prerelease_RelWithDebInfo-prefix/src/prerelease_RelWithDebInfo-build --target package_source
make[4]: Leaving directory '/<<PKGBUILDDIR>>/obj-x86_64-linux-gnu/examples/prerelease_Debug-prefix/src/prerelease_Debug-build'
[ 87%] Performing build step for 'prerelease_RelWithDebInfo'
cd /<<PKGBUILDDIR>>/obj-x86_64-linux-gnu/examples/prerelease_RelWithDebInfo-prefix/src/prerelease_RelWithDebInfo-build && make
make[4]: Entering directory '/<<PKGBUILDDIR>>/obj-x86_64-linux-gnu/examples/prerelease_RelWithDebInfo-prefix/src/prerelease_RelWithDebInfo-build'
make[4]: warning: jobserver unavailable: using -j1.  Add '+' to parent make rule.
make[4]: Entering directory '/<<PKGBUILDDIR>>/obj-x86_64-linux-gnu/examples/prerelease_RelWithDebInfo-prefix/src/prerelease_RelWithDebInfo-build'
CPack: Create package using TBZ2
CPack: Install projects
CPack: - Install directory: /<<PKGBUILDDIR>>/examples/prerelease
CPack: Create package
CPack: - package: /<<PKGBUILDDIR>>/obj-x86_64-linux-gnu/examples/prerelease_Debug-prefix/src/prerelease_Debug-build/ignition-minimal-0.1.0~pre1.tar.bz2 generated.
CPack: Create package using ZIP
CPack: Install projects
CPack: - Install directory: /<<PKGBUILDDIR>>/examples/prerelease
CPack: Create package
CPack: - package: /<<PKGBUILDDIR>>/obj-x86_64-linux-gnu/examples/prerelease_Debug-prefix/src/prerelease_Debug-build/ignition-minimal-0.1.0~pre1.zip generated.
make[4]: Leaving directory '/<<PKGBUILDDIR>>/obj-x86_64-linux-gnu/examples/prerelease_Debug-prefix/src/prerelease_Debug-build'
[ 89%] No install step for 'prerelease_Debug'
cd /<<PKGBUILDDIR>>/obj-x86_64-linux-gnu/examples/prerelease_Debug-prefix/src/prerelease_Debug-build && /usr/bin/cmake -E echo_append
cd /<<PKGBUILDDIR>>/obj-x86_64-linux-gnu/examples && /usr/bin/cmake -E touch /<<PKGBUILDDIR>>/obj-x86_64-linux-gnu/examples/prerelease_Debug-prefix/src/prerelease_Debug-stamp/prerelease_Debug-package_source
Run CPack packaging tool for source...
cd /<<PKGBUILDDIR>>/obj-x86_64-linux-gnu/examples/prerelease_Debug-prefix/src/prerelease_Debug-build && /usr/bin/cmake -E touch /<<PKGBUILDDIR>>/obj-x86_64-linux-gnu/examples/prerelease_Debug-prefix/src/prerelease_Debug-stamp/prerelease_Debug-install
[ 90%] Performing test_tarball_name step for 'prerelease_Debug'
cd /<<PKGBUILDDIR>>/obj-x86_64-linux-gnu/examples && /usr/bin/cmake -E tar tf "/<<PKGBUILDDIR>>/obj-x86_64-linux-gnu/examples/prerelease_Debug-prefix/src/prerelease_Debug-build/ignition-minimal-0.1.0~pre1.tar.bz2"
CPack: Create package using TBZ2
CPack: Install projects
CPack: - Install directory: /<<PKGBUILDDIR>>/examples/prerelease
CPack: Create package
CPack: - package: /<<PKGBUILDDIR>>/obj-x86_64-linux-gnu/examples/prerelease_RelWithDebInfo-prefix/src/prerelease_RelWithDebInfo-build/ignition-minimal-0.1.0~pre1.tar.bz2 generated.
CPack: Create package using ZIP
CPack: Install projects
CPack: - Install directory: /<<PKGBUILDDIR>>/examples/prerelease
CPack: Create package
CPack: - package: /<<PKGBUILDDIR>>/obj-x86_64-linux-gnu/examples/prerelease_RelWithDebInfo-prefix/src/prerelease_RelWithDebInfo-build/ignition-minimal-0.1.0~pre1.zip generated.
make[4]: Leaving directory '/<<PKGBUILDDIR>>/obj-x86_64-linux-gnu/examples/prerelease_RelWithDebInfo-prefix/src/prerelease_RelWithDebInfo-build'
cd /<<PKGBUILDDIR>>/obj-x86_64-linux-gnu/examples && /usr/bin/cmake -E touch /<<PKGBUILDDIR>>/obj-x86_64-linux-gnu/examples/prerelease_RelWithDebInfo-prefix/src/prerelease_RelWithDebInfo-stamp/prerelease_RelWithDebInfo-package_source
cd /<<PKGBUILDDIR>>/obj-x86_64-linux-gnu/examples && /usr/bin/cmake -E touch /<<PKGBUILDDIR>>/obj-x86_64-linux-gnu/examples/prerelease_Debug-prefix/src/prerelease_Debug-stamp/prerelease_Debug-test_tarball_name
make[4]: Leaving directory '/<<PKGBUILDDIR>>/obj-x86_64-linux-gnu/examples/prerelease_RelWithDebInfo-prefix/src/prerelease_RelWithDebInfo-build'
[ 92%] No install step for 'prerelease_RelWithDebInfo'
cd /<<PKGBUILDDIR>>/obj-x86_64-linux-gnu/examples/prerelease_RelWithDebInfo-prefix/src/prerelease_RelWithDebInfo-build && /usr/bin/cmake -E echo_append
[ 95%] Performing test_tarball_name step for 'prerelease_RelWithDebInfo'
[ 95%] Performing test step for 'prerelease_Debug'
cd /<<PKGBUILDDIR>>/obj-x86_64-linux-gnu/examples && /usr/bin/cmake -E tar tf "/<<PKGBUILDDIR>>/obj-x86_64-linux-gnu/examples/prerelease_RelWithDebInfo-prefix/src/prerelease_RelWithDebInfo-build/ignition-minimal-0.1.0~pre1.tar.bz2"
cd /<<PKGBUILDDIR>>/obj-x86_64-linux-gnu/examples/prerelease_Debug-prefix/src/prerelease_Debug-build && /usr/bin/cmake -E copy /<<PKGBUILDDIR>>/obj-x86_64-linux-gnu/examples/prerelease_Debug_pass.xml /<<PKGBUILDDIR>>/obj-x86_64-linux-gnu/examples/test_results/prerelease_Debug.xml
cd /<<PKGBUILDDIR>>/obj-x86_64-linux-gnu/examples/prerelease_RelWithDebInfo-prefix/src/prerelease_RelWithDebInfo-build && /usr/bin/cmake -E touch /<<PKGBUILDDIR>>/obj-x86_64-linux-gnu/examples/prerelease_RelWithDebInfo-prefix/src/prerelease_RelWithDebInfo-stamp/prerelease_RelWithDebInfo-install
cd /<<PKGBUILDDIR>>/obj-x86_64-linux-gnu/examples/prerelease_Debug-prefix/src/prerelease_Debug-build && /usr/bin/cmake -E touch /<<PKGBUILDDIR>>/obj-x86_64-linux-gnu/examples/prerelease_Debug-prefix/src/prerelease_Debug-stamp/prerelease_Debug-test
cd /<<PKGBUILDDIR>>/obj-x86_64-linux-gnu/examples && /usr/bin/cmake -E touch /<<PKGBUILDDIR>>/obj-x86_64-linux-gnu/examples/prerelease_RelWithDebInfo-prefix/src/prerelease_RelWithDebInfo-stamp/prerelease_RelWithDebInfo-test_tarball_name
[ 96%] Completed 'prerelease_Debug'
cd /<<PKGBUILDDIR>>/obj-x86_64-linux-gnu/examples && /usr/bin/cmake -E make_directory /<<PKGBUILDDIR>>/obj-x86_64-linux-gnu/examples/CMakeFiles
[ 98%] Performing test step for 'prerelease_RelWithDebInfo'
cd /<<PKGBUILDDIR>>/obj-x86_64-linux-gnu/examples/prerelease_RelWithDebInfo-prefix/src/prerelease_RelWithDebInfo-build && /usr/bin/cmake -E copy /<<PKGBUILDDIR>>/obj-x86_64-linux-gnu/examples/prerelease_RelWithDebInfo_pass.xml /<<PKGBUILDDIR>>/obj-x86_64-linux-gnu/examples/test_results/prerelease_RelWithDebInfo.xml
cd /<<PKGBUILDDIR>>/obj-x86_64-linux-gnu/examples && /usr/bin/cmake -E touch /<<PKGBUILDDIR>>/obj-x86_64-linux-gnu/examples/CMakeFiles/prerelease_Debug-complete
cd /<<PKGBUILDDIR>>/obj-x86_64-linux-gnu/examples/prerelease_RelWithDebInfo-prefix/src/prerelease_RelWithDebInfo-build && /usr/bin/cmake -E touch /<<PKGBUILDDIR>>/obj-x86_64-linux-gnu/examples/prerelease_RelWithDebInfo-prefix/src/prerelease_RelWithDebInfo-stamp/prerelease_RelWithDebInfo-test
cd /<<PKGBUILDDIR>>/obj-x86_64-linux-gnu/examples && /usr/bin/cmake -E touch /<<PKGBUILDDIR>>/obj-x86_64-linux-gnu/examples/prerelease_Debug-prefix/src/prerelease_Debug-stamp/prerelease_Debug-done
make[3]: Leaving directory '/<<PKGBUILDDIR>>/obj-x86_64-linux-gnu'
[100%] Completed 'prerelease_RelWithDebInfo'
cd /<<PKGBUILDDIR>>/obj-x86_64-linux-gnu/examples && /usr/bin/cmake -E make_directory /<<PKGBUILDDIR>>/obj-x86_64-linux-gnu/examples/CMakeFiles
cd /<<PKGBUILDDIR>>/obj-x86_64-linux-gnu/examples && /usr/bin/cmake -E touch /<<PKGBUILDDIR>>/obj-x86_64-linux-gnu/examples/CMakeFiles/prerelease_RelWithDebInfo-complete
cd /<<PKGBUILDDIR>>/obj-x86_64-linux-gnu/examples && /usr/bin/cmake -E touch /<<PKGBUILDDIR>>/obj-x86_64-linux-gnu/examples/prerelease_RelWithDebInfo-prefix/src/prerelease_RelWithDebInfo-stamp/prerelease_RelWithDebInfo-done
make[3]: Leaving directory '/<<PKGBUILDDIR>>/obj-x86_64-linux-gnu'
[100%] Built target prerelease_Debug
[100%] Built target prerelease_RelWithDebInfo
make[2]: Leaving directory '/<<PKGBUILDDIR>>/obj-x86_64-linux-gnu'
/usr/bin/cmake -E cmake_progress_start /<<PKGBUILDDIR>>/obj-x86_64-linux-gnu/CMakeFiles 0
make[1]: Leaving directory '/<<PKGBUILDDIR>>/obj-x86_64-linux-gnu'
   dh_auto_test -O--buildsystem=cmake
	cd obj-x86_64-linux-gnu && make -j4 test ARGS\+=-j4
make[1]: Entering directory '/<<PKGBUILDDIR>>/obj-x86_64-linux-gnu'
Running tests...
/usr/bin/ctest --force-new-ctest-process -j4
Test project /<<PKGBUILDDIR>>/obj-x86_64-linux-gnu
    Start 1: cmake_minimum_required_match
    Start 2: ign_configure_build_Release
    Start 3: ign_configure_build_RelWithDebInfo
    Start 4: ign_configure_build_Debug
1/7 Test #2: ign_configure_build_Release ..........   Passed    0.01 sec
    Start 5: prerelease_Release
2/7 Test #3: ign_configure_build_RelWithDebInfo ...   Passed    0.01 sec
    Start 6: prerelease_RelWithDebInfo
3/7 Test #1: cmake_minimum_required_match .........   Passed    0.02 sec
    Start 7: prerelease_Debug
4/7 Test #4: ign_configure_build_Debug ............   Passed    0.02 sec
5/7 Test #5: prerelease_Release ...................   Passed    0.01 sec
6/7 Test #7: prerelease_Debug .....................   Passed    0.01 sec
7/7 Test #6: prerelease_RelWithDebInfo ............   Passed    0.01 sec

100% tests passed, 0 tests failed out of 7

Total Test time (real) =   0.03 sec
make[1]: Leaving directory '/<<PKGBUILDDIR>>/obj-x86_64-linux-gnu'
   create-stamp debian/debhelper-build-stamp
 fakeroot debian/rules binary
dh binary --buildsystem=cmake
   dh_testroot -O--buildsystem=cmake
   dh_prep -O--buildsystem=cmake
   dh_auto_install -O--buildsystem=cmake
	cd obj-x86_64-linux-gnu && make -j4 install DESTDIR=/<<PKGBUILDDIR>>/debian/libignition-cmake-dev AM_UPDATE_INFO_DIR=no "INSTALL=install --strip-program=true"
make[1]: Entering directory '/<<PKGBUILDDIR>>/obj-x86_64-linux-gnu'
/usr/bin/cmake -S/<<PKGBUILDDIR>> -B/<<PKGBUILDDIR>>/obj-x86_64-linux-gnu --check-build-system CMakeFiles/Makefile.cmake 0
/usr/bin/cmake -E cmake_progress_start /<<PKGBUILDDIR>>/obj-x86_64-linux-gnu/CMakeFiles /<<PKGBUILDDIR>>/obj-x86_64-linux-gnu/CMakeFiles/progress.marks
make -f CMakeFiles/Makefile2 all
make[2]: Entering directory '/<<PKGBUILDDIR>>/obj-x86_64-linux-gnu'
make -f examples/CMakeFiles/ign_configure_build_RelWithDebInfo.dir/build.make examples/CMakeFiles/ign_configure_build_RelWithDebInfo.dir/depend
make -f examples/CMakeFiles/ign_configure_build_Debug.dir/build.make examples/CMakeFiles/ign_configure_build_Debug.dir/depend
make -f examples/CMakeFiles/prerelease_Release.dir/build.make examples/CMakeFiles/prerelease_Release.dir/depend
make -f examples/CMakeFiles/ign_configure_build_Release.dir/build.make examples/CMakeFiles/ign_configure_build_Release.dir/depend
make[3]: Entering directory '/<<PKGBUILDDIR>>/obj-x86_64-linux-gnu'
cd /<<PKGBUILDDIR>>/obj-x86_64-linux-gnu && /usr/bin/cmake -E cmake_depends "Unix Makefiles" /<<PKGBUILDDIR>> /<<PKGBUILDDIR>>/examples /<<PKGBUILDDIR>>/obj-x86_64-linux-gnu /<<PKGBUILDDIR>>/obj-x86_64-linux-gnu/examples /<<PKGBUILDDIR>>/obj-x86_64-linux-gnu/examples/CMakeFiles/ign_configure_build_RelWithDebInfo.dir/DependInfo.cmake --color=
make[3]: Entering directory '/<<PKGBUILDDIR>>/obj-x86_64-linux-gnu'
cd /<<PKGBUILDDIR>>/obj-x86_64-linux-gnu && /usr/bin/cmake -E cmake_depends "Unix Makefiles" /<<PKGBUILDDIR>> /<<PKGBUILDDIR>>/examples /<<PKGBUILDDIR>>/obj-x86_64-linux-gnu /<<PKGBUILDDIR>>/obj-x86_64-linux-gnu/examples /<<PKGBUILDDIR>>/obj-x86_64-linux-gnu/examples/CMakeFiles/ign_configure_build_Debug.dir/DependInfo.cmake --color=
make[3]: Entering directory '/<<PKGBUILDDIR>>/obj-x86_64-linux-gnu'
cd /<<PKGBUILDDIR>>/obj-x86_64-linux-gnu && /usr/bin/cmake -E cmake_depends "Unix Makefiles" /<<PKGBUILDDIR>> /<<PKGBUILDDIR>>/examples /<<PKGBUILDDIR>>/obj-x86_64-linux-gnu /<<PKGBUILDDIR>>/obj-x86_64-linux-gnu/examples /<<PKGBUILDDIR>>/obj-x86_64-linux-gnu/examples/CMakeFiles/prerelease_Release.dir/DependInfo.cmake --color=
make[3]: Entering directory '/<<PKGBUILDDIR>>/obj-x86_64-linux-gnu'
cd /<<PKGBUILDDIR>>/obj-x86_64-linux-gnu && /usr/bin/cmake -E cmake_depends "Unix Makefiles" /<<PKGBUILDDIR>> /<<PKGBUILDDIR>>/examples /<<PKGBUILDDIR>>/obj-x86_64-linux-gnu /<<PKGBUILDDIR>>/obj-x86_64-linux-gnu/examples /<<PKGBUILDDIR>>/obj-x86_64-linux-gnu/examples/CMakeFiles/ign_configure_build_Release.dir/DependInfo.cmake --color=
make[3]: Leaving directory '/<<PKGBUILDDIR>>/obj-x86_64-linux-gnu'
make -f examples/CMakeFiles/prerelease_Release.dir/build.make examples/CMakeFiles/prerelease_Release.dir/build
make[3]: Leaving directory '/<<PKGBUILDDIR>>/obj-x86_64-linux-gnu'
make -f examples/CMakeFiles/ign_configure_build_Release.dir/build.make examples/CMakeFiles/ign_configure_build_Release.dir/build
make[3]: Entering directory '/<<PKGBUILDDIR>>/obj-x86_64-linux-gnu'
make[3]: Entering directory '/<<PKGBUILDDIR>>/obj-x86_64-linux-gnu'
make[3]: Leaving directory '/<<PKGBUILDDIR>>/obj-x86_64-linux-gnu'
make -f examples/CMakeFiles/ign_configure_build_RelWithDebInfo.dir/build.make examples/CMakeFiles/ign_configure_build_RelWithDebInfo.dir/build
make[3]: Leaving directory '/<<PKGBUILDDIR>>/obj-x86_64-linux-gnu'
make -f examples/CMakeFiles/ign_configure_build_Debug.dir/build.make examples/CMakeFiles/ign_configure_build_Debug.dir/build
make[3]: Entering directory '/<<PKGBUILDDIR>>/obj-x86_64-linux-gnu'
[  1%] Performing build step for 'ign_configure_build_Release'
cd /<<PKGBUILDDIR>>/obj-x86_64-linux-gnu/examples/ign_configure_build_Release-prefix/src/ign_configure_build_Release-build && make
[  3%] Performing build step for 'prerelease_Release'
cd /<<PKGBUILDDIR>>/obj-x86_64-linux-gnu/examples/prerelease_Release-prefix/src/prerelease_Release-build && make
make[3]: Entering directory '/<<PKGBUILDDIR>>/obj-x86_64-linux-gnu'
make[4]: Entering directory '/<<PKGBUILDDIR>>/obj-x86_64-linux-gnu/examples/ign_configure_build_Release-prefix/src/ign_configure_build_Release-build'
[  4%] Performing build step for 'ign_configure_build_RelWithDebInfo'
make[4]: Entering directory '/<<PKGBUILDDIR>>/obj-x86_64-linux-gnu/examples/prerelease_Release-prefix/src/prerelease_Release-build'
cd /<<PKGBUILDDIR>>/obj-x86_64-linux-gnu/examples/ign_configure_build_RelWithDebInfo-prefix/src/ign_configure_build_RelWithDebInfo-build && make
[  6%] Performing build step for 'ign_configure_build_Debug'
cd /<<PKGBUILDDIR>>/obj-x86_64-linux-gnu/examples/ign_configure_build_Debug-prefix/src/ign_configure_build_Debug-build && make
make[4]: Entering directory '/<<PKGBUILDDIR>>/obj-x86_64-linux-gnu/examples/ign_configure_build_Debug-prefix/src/ign_configure_build_Debug-build'
make[4]: Entering directory '/<<PKGBUILDDIR>>/obj-x86_64-linux-gnu/examples/ign_configure_build_RelWithDebInfo-prefix/src/ign_configure_build_RelWithDebInfo-build'
make[4]: Leaving directory '/<<PKGBUILDDIR>>/obj-x86_64-linux-gnu/examples/ign_configure_build_Release-prefix/src/ign_configure_build_Release-build'
make[4]: Leaving directory '/<<PKGBUILDDIR>>/obj-x86_64-linux-gnu/examples/prerelease_Release-prefix/src/prerelease_Release-build'
[  7%] No install step for 'ign_configure_build_Release'
cd /<<PKGBUILDDIR>>/obj-x86_64-linux-gnu/examples/ign_configure_build_Release-prefix/src/ign_configure_build_Release-build && /usr/bin/cmake -E echo_append
[  9%] No install step for 'prerelease_Release'
cd /<<PKGBUILDDIR>>/obj-x86_64-linux-gnu/examples/prerelease_Release-prefix/src/prerelease_Release-build && /usr/bin/cmake -E echo_append
make[4]: Leaving directory '/<<PKGBUILDDIR>>/obj-x86_64-linux-gnu/examples/ign_configure_build_RelWithDebInfo-prefix/src/ign_configure_build_RelWithDebInfo-build'
make[4]: Leaving directory '/<<PKGBUILDDIR>>/obj-x86_64-linux-gnu/examples/ign_configure_build_Debug-prefix/src/ign_configure_build_Debug-build'
cd /<<PKGBUILDDIR>>/obj-x86_64-linux-gnu/examples/ign_configure_build_Release-prefix/src/ign_configure_build_Release-build && /usr/bin/cmake -E touch /<<PKGBUILDDIR>>/obj-x86_64-linux-gnu/examples/ign_configure_build_Release-prefix/src/ign_configure_build_Release-stamp/ign_configure_build_Release-install
[ 10%] No install step for 'ign_configure_build_RelWithDebInfo'
cd /<<PKGBUILDDIR>>/obj-x86_64-linux-gnu/examples/ign_configure_build_RelWithDebInfo-prefix/src/ign_configure_build_RelWithDebInfo-build && /usr/bin/cmake -E echo_append
cd /<<PKGBUILDDIR>>/obj-x86_64-linux-gnu/examples/prerelease_Release-prefix/src/prerelease_Release-build && /usr/bin/cmake -E touch /<<PKGBUILDDIR>>/obj-x86_64-linux-gnu/examples/prerelease_Release-prefix/src/prerelease_Release-stamp/prerelease_Release-install
[ 12%] No install step for 'ign_configure_build_Debug'
cd /<<PKGBUILDDIR>>/obj-x86_64-linux-gnu/examples/ign_configure_build_Debug-prefix/src/ign_configure_build_Debug-build && /usr/bin/cmake -E echo_append
cd /<<PKGBUILDDIR>>/obj-x86_64-linux-gnu/examples/ign_configure_build_RelWithDebInfo-prefix/src/ign_configure_build_RelWithDebInfo-build && /usr/bin/cmake -E touch /<<PKGBUILDDIR>>/obj-x86_64-linux-gnu/examples/ign_configure_build_RelWithDebInfo-prefix/src/ign_configure_build_RelWithDebInfo-stamp/ign_configure_build_RelWithDebInfo-install
cd /<<PKGBUILDDIR>>/obj-x86_64-linux-gnu/examples/ign_configure_build_Debug-prefix/src/ign_configure_build_Debug-build && /usr/bin/cmake -E touch /<<PKGBUILDDIR>>/obj-x86_64-linux-gnu/examples/ign_configure_build_Debug-prefix/src/ign_configure_build_Debug-stamp/ign_configure_build_Debug-install
[ 13%] Performing test step for 'ign_configure_build_Release'
cd /<<PKGBUILDDIR>>/obj-x86_64-linux-gnu/examples/ign_configure_build_Release-prefix/src/ign_configure_build_Release-build && /usr/bin/cmake -E copy /<<PKGBUILDDIR>>/obj-x86_64-linux-gnu/examples/ign_configure_build_Release_pass.xml /<<PKGBUILDDIR>>/obj-x86_64-linux-gnu/examples/test_results/ign_configure_build_Release.xml
[ 15%] Performing test step for 'prerelease_Release'
cd /<<PKGBUILDDIR>>/obj-x86_64-linux-gnu/examples/prerelease_Release-prefix/src/prerelease_Release-build && /usr/bin/cmake -E copy /<<PKGBUILDDIR>>/obj-x86_64-linux-gnu/examples/prerelease_Release_pass.xml /<<PKGBUILDDIR>>/obj-x86_64-linux-gnu/examples/test_results/prerelease_Release.xml
cd /<<PKGBUILDDIR>>/obj-x86_64-linux-gnu/examples/prerelease_Release-prefix/src/prerelease_Release-build && /usr/bin/cmake -E touch /<<PKGBUILDDIR>>/obj-x86_64-linux-gnu/examples/prerelease_Release-prefix/src/prerelease_Release-stamp/prerelease_Release-test
cd /<<PKGBUILDDIR>>/obj-x86_64-linux-gnu/examples/ign_configure_build_Release-prefix/src/ign_configure_build_Release-build && /usr/bin/cmake -E touch /<<PKGBUILDDIR>>/obj-x86_64-linux-gnu/examples/ign_configure_build_Release-prefix/src/ign_configure_build_Release-stamp/ign_configure_build_Release-test
[ 16%] Performing test step for 'ign_configure_build_RelWithDebInfo'
cd /<<PKGBUILDDIR>>/obj-x86_64-linux-gnu/examples/ign_configure_build_RelWithDebInfo-prefix/src/ign_configure_build_RelWithDebInfo-build && /usr/bin/cmake -E copy /<<PKGBUILDDIR>>/obj-x86_64-linux-gnu/examples/ign_configure_build_RelWithDebInfo_pass.xml /<<PKGBUILDDIR>>/obj-x86_64-linux-gnu/examples/test_results/ign_configure_build_RelWithDebInfo.xml
[ 18%] Performing test step for 'ign_configure_build_Debug'
cd /<<PKGBUILDDIR>>/obj-x86_64-linux-gnu/examples/ign_configure_build_Debug-prefix/src/ign_configure_build_Debug-build && /usr/bin/cmake -E copy /<<PKGBUILDDIR>>/obj-x86_64-linux-gnu/examples/ign_configure_build_Debug_pass.xml /<<PKGBUILDDIR>>/obj-x86_64-linux-gnu/examples/test_results/ign_configure_build_Debug.xml
cd /<<PKGBUILDDIR>>/obj-x86_64-linux-gnu/examples/ign_configure_build_RelWithDebInfo-prefix/src/ign_configure_build_RelWithDebInfo-build && /usr/bin/cmake -E touch /<<PKGBUILDDIR>>/obj-x86_64-linux-gnu/examples/ign_configure_build_RelWithDebInfo-prefix/src/ign_configure_build_RelWithDebInfo-stamp/ign_configure_build_RelWithDebInfo-test
cd /<<PKGBUILDDIR>>/obj-x86_64-linux-gnu/examples/ign_configure_build_Debug-prefix/src/ign_configure_build_Debug-build && /usr/bin/cmake -E touch /<<PKGBUILDDIR>>/obj-x86_64-linux-gnu/examples/ign_configure_build_Debug-prefix/src/ign_configure_build_Debug-stamp/ign_configure_build_Debug-test
[ 21%] Completed 'ign_configure_build_Release'
[ 21%] Completed 'prerelease_Release'
cd /<<PKGBUILDDIR>>/obj-x86_64-linux-gnu/examples && /usr/bin/cmake -E make_directory /<<PKGBUILDDIR>>/obj-x86_64-linux-gnu/examples/CMakeFiles
cd /<<PKGBUILDDIR>>/obj-x86_64-linux-gnu/examples && /usr/bin/cmake -E make_directory /<<PKGBUILDDIR>>/obj-x86_64-linux-gnu/examples/CMakeFiles
cd /<<PKGBUILDDIR>>/obj-x86_64-linux-gnu/examples && /usr/bin/cmake -E touch /<<PKGBUILDDIR>>/obj-x86_64-linux-gnu/examples/CMakeFiles/prerelease_Release-complete
cd /<<PKGBUILDDIR>>/obj-x86_64-linux-gnu/examples && /usr/bin/cmake -E touch /<<PKGBUILDDIR>>/obj-x86_64-linux-gnu/examples/CMakeFiles/ign_configure_build_Release-complete
[ 22%] Completed 'ign_configure_build_Debug'
cd /<<PKGBUILDDIR>>/obj-x86_64-linux-gnu/examples && /usr/bin/cmake -E make_directory /<<PKGBUILDDIR>>/obj-x86_64-linux-gnu/examples/CMakeFiles
[ 24%] Completed 'ign_configure_build_RelWithDebInfo'
cd /<<PKGBUILDDIR>>/obj-x86_64-linux-gnu/examples && /usr/bin/cmake -E make_directory /<<PKGBUILDDIR>>/obj-x86_64-linux-gnu/examples/CMakeFiles
cd /<<PKGBUILDDIR>>/obj-x86_64-linux-gnu/examples && /usr/bin/cmake -E touch /<<PKGBUILDDIR>>/obj-x86_64-linux-gnu/examples/prerelease_Release-prefix/src/prerelease_Release-stamp/prerelease_Release-done
cd /<<PKGBUILDDIR>>/obj-x86_64-linux-gnu/examples && /usr/bin/cmake -E touch /<<PKGBUILDDIR>>/obj-x86_64-linux-gnu/examples/ign_configure_build_Release-prefix/src/ign_configure_build_Release-stamp/ign_configure_build_Release-done
cd /<<PKGBUILDDIR>>/obj-x86_64-linux-gnu/examples && /usr/bin/cmake -E touch /<<PKGBUILDDIR>>/obj-x86_64-linux-gnu/examples/CMakeFiles/ign_configure_build_RelWithDebInfo-complete
cd /<<PKGBUILDDIR>>/obj-x86_64-linux-gnu/examples && /usr/bin/cmake -E touch /<<PKGBUILDDIR>>/obj-x86_64-linux-gnu/examples/CMakeFiles/ign_configure_build_Debug-complete
make[3]: Leaving directory '/<<PKGBUILDDIR>>/obj-x86_64-linux-gnu'
make[3]: Leaving directory '/<<PKGBUILDDIR>>/obj-x86_64-linux-gnu'
cd /<<PKGBUILDDIR>>/obj-x86_64-linux-gnu/examples && /usr/bin/cmake -E touch /<<PKGBUILDDIR>>/obj-x86_64-linux-gnu/examples/ign_configure_build_RelWithDebInfo-prefix/src/ign_configure_build_RelWithDebInfo-stamp/ign_configure_build_RelWithDebInfo-done
cd /<<PKGBUILDDIR>>/obj-x86_64-linux-gnu/examples && /usr/bin/cmake -E touch /<<PKGBUILDDIR>>/obj-x86_64-linux-gnu/examples/ign_configure_build_Debug-prefix/src/ign_configure_build_Debug-stamp/ign_configure_build_Debug-done
make[3]: Leaving directory '/<<PKGBUILDDIR>>/obj-x86_64-linux-gnu'
make[3]: Leaving directory '/<<PKGBUILDDIR>>/obj-x86_64-linux-gnu'
[ 45%] Built target ign_configure_build_RelWithDebInfo
make -f examples/CMakeFiles/prerelease_Debug.dir/build.make examples/CMakeFiles/prerelease_Debug.dir/depend
make[3]: Entering directory '/<<PKGBUILDDIR>>/obj-x86_64-linux-gnu'
cd /<<PKGBUILDDIR>>/obj-x86_64-linux-gnu && /usr/bin/cmake -E cmake_depends "Unix Makefiles" /<<PKGBUILDDIR>> /<<PKGBUILDDIR>>/examples /<<PKGBUILDDIR>>/obj-x86_64-linux-gnu /<<PKGBUILDDIR>>/obj-x86_64-linux-gnu/examples /<<PKGBUILDDIR>>/obj-x86_64-linux-gnu/examples/CMakeFiles/prerelease_Debug.dir/DependInfo.cmake --color=
[ 53%] Built target ign_configure_build_Release
make -f examples/CMakeFiles/prerelease_RelWithDebInfo.dir/build.make examples/CMakeFiles/prerelease_RelWithDebInfo.dir/depend
make[3]: Leaving directory '/<<PKGBUILDDIR>>/obj-x86_64-linux-gnu'
make -f examples/CMakeFiles/prerelease_Debug.dir/build.make examples/CMakeFiles/prerelease_Debug.dir/build
make[3]: Entering directory '/<<PKGBUILDDIR>>/obj-x86_64-linux-gnu'
cd /<<PKGBUILDDIR>>/obj-x86_64-linux-gnu && /usr/bin/cmake -E cmake_depends "Unix Makefiles" /<<PKGBUILDDIR>> /<<PKGBUILDDIR>>/examples /<<PKGBUILDDIR>>/obj-x86_64-linux-gnu /<<PKGBUILDDIR>>/obj-x86_64-linux-gnu/examples /<<PKGBUILDDIR>>/obj-x86_64-linux-gnu/examples/CMakeFiles/prerelease_RelWithDebInfo.dir/DependInfo.cmake --color=
make[3]: Entering directory '/<<PKGBUILDDIR>>/obj-x86_64-linux-gnu'
[ 54%] Performing build step for 'prerelease_Debug'
cd /<<PKGBUILDDIR>>/obj-x86_64-linux-gnu/examples/prerelease_Debug-prefix/src/prerelease_Debug-build && make
make[3]: Leaving directory '/<<PKGBUILDDIR>>/obj-x86_64-linux-gnu'
make -f examples/CMakeFiles/prerelease_RelWithDebInfo.dir/build.make examples/CMakeFiles/prerelease_RelWithDebInfo.dir/build
make[3]: Entering directory '/<<PKGBUILDDIR>>/obj-x86_64-linux-gnu'
make[4]: Entering directory '/<<PKGBUILDDIR>>/obj-x86_64-linux-gnu/examples/prerelease_Debug-prefix/src/prerelease_Debug-build'
[ 56%] Performing build step for 'prerelease_RelWithDebInfo'
cd /<<PKGBUILDDIR>>/obj-x86_64-linux-gnu/examples/prerelease_RelWithDebInfo-prefix/src/prerelease_RelWithDebInfo-build && make
make[4]: Entering directory '/<<PKGBUILDDIR>>/obj-x86_64-linux-gnu/examples/prerelease_RelWithDebInfo-prefix/src/prerelease_RelWithDebInfo-build'
[ 66%] Built target prerelease_Release
[ 69%] Built target ign_configure_build_Debug
make[4]: Leaving directory '/<<PKGBUILDDIR>>/obj-x86_64-linux-gnu/examples/prerelease_Debug-prefix/src/prerelease_Debug-build'
[ 71%] No install step for 'prerelease_Debug'
cd /<<PKGBUILDDIR>>/obj-x86_64-linux-gnu/examples/prerelease_Debug-prefix/src/prerelease_Debug-build && /usr/bin/cmake -E echo_append
make[4]: Leaving directory '/<<PKGBUILDDIR>>/obj-x86_64-linux-gnu/examples/prerelease_RelWithDebInfo-prefix/src/prerelease_RelWithDebInfo-build'
cd /<<PKGBUILDDIR>>/obj-x86_64-linux-gnu/examples/prerelease_Debug-prefix/src/prerelease_Debug-build && /usr/bin/cmake -E touch /<<PKGBUILDDIR>>/obj-x86_64-linux-gnu/examples/prerelease_Debug-prefix/src/prerelease_Debug-stamp/prerelease_Debug-install
[ 72%] No install step for 'prerelease_RelWithDebInfo'
cd /<<PKGBUILDDIR>>/obj-x86_64-linux-gnu/examples/prerelease_RelWithDebInfo-prefix/src/prerelease_RelWithDebInfo-build && /usr/bin/cmake -E echo_append
cd /<<PKGBUILDDIR>>/obj-x86_64-linux-gnu/examples/prerelease_RelWithDebInfo-prefix/src/prerelease_RelWithDebInfo-build && /usr/bin/cmake -E touch /<<PKGBUILDDIR>>/obj-x86_64-linux-gnu/examples/prerelease_RelWithDebInfo-prefix/src/prerelease_RelWithDebInfo-stamp/prerelease_RelWithDebInfo-install
[ 74%] Performing test step for 'prerelease_Debug'
cd /<<PKGBUILDDIR>>/obj-x86_64-linux-gnu/examples/prerelease_Debug-prefix/src/prerelease_Debug-build && /usr/bin/cmake -E copy /<<PKGBUILDDIR>>/obj-x86_64-linux-gnu/examples/prerelease_Debug_pass.xml /<<PKGBUILDDIR>>/obj-x86_64-linux-gnu/examples/test_results/prerelease_Debug.xml
cd /<<PKGBUILDDIR>>/obj-x86_64-linux-gnu/examples/prerelease_Debug-prefix/src/prerelease_Debug-build && /usr/bin/cmake -E touch /<<PKGBUILDDIR>>/obj-x86_64-linux-gnu/examples/prerelease_Debug-prefix/src/prerelease_Debug-stamp/prerelease_Debug-test
[ 75%] Performing test step for 'prerelease_RelWithDebInfo'
cd /<<PKGBUILDDIR>>/obj-x86_64-linux-gnu/examples/prerelease_RelWithDebInfo-prefix/src/prerelease_RelWithDebInfo-build && /usr/bin/cmake -E copy /<<PKGBUILDDIR>>/obj-x86_64-linux-gnu/examples/prerelease_RelWithDebInfo_pass.xml /<<PKGBUILDDIR>>/obj-x86_64-linux-gnu/examples/test_results/prerelease_RelWithDebInfo.xml
cd /<<PKGBUILDDIR>>/obj-x86_64-linux-gnu/examples/prerelease_RelWithDebInfo-prefix/src/prerelease_RelWithDebInfo-build && /usr/bin/cmake -E touch /<<PKGBUILDDIR>>/obj-x86_64-linux-gnu/examples/prerelease_RelWithDebInfo-prefix/src/prerelease_RelWithDebInfo-stamp/prerelease_RelWithDebInfo-test
[ 77%] Completed 'prerelease_Debug'
cd /<<PKGBUILDDIR>>/obj-x86_64-linux-gnu/examples && /usr/bin/cmake -E make_directory /<<PKGBUILDDIR>>/obj-x86_64-linux-gnu/examples/CMakeFiles
[ 78%] Completed 'prerelease_RelWithDebInfo'
cd /<<PKGBUILDDIR>>/obj-x86_64-linux-gnu/examples && /usr/bin/cmake -E make_directory /<<PKGBUILDDIR>>/obj-x86_64-linux-gnu/examples/CMakeFiles
cd /<<PKGBUILDDIR>>/obj-x86_64-linux-gnu/examples && /usr/bin/cmake -E touch /<<PKGBUILDDIR>>/obj-x86_64-linux-gnu/examples/CMakeFiles/prerelease_Debug-complete
cd /<<PKGBUILDDIR>>/obj-x86_64-linux-gnu/examples && /usr/bin/cmake -E touch /<<PKGBUILDDIR>>/obj-x86_64-linux-gnu/examples/prerelease_Debug-prefix/src/prerelease_Debug-stamp/prerelease_Debug-done
cd /<<PKGBUILDDIR>>/obj-x86_64-linux-gnu/examples && /usr/bin/cmake -E touch /<<PKGBUILDDIR>>/obj-x86_64-linux-gnu/examples/CMakeFiles/prerelease_RelWithDebInfo-complete
make[3]: Leaving directory '/<<PKGBUILDDIR>>/obj-x86_64-linux-gnu'
cd /<<PKGBUILDDIR>>/obj-x86_64-linux-gnu/examples && /usr/bin/cmake -E touch /<<PKGBUILDDIR>>/obj-x86_64-linux-gnu/examples/prerelease_RelWithDebInfo-prefix/src/prerelease_RelWithDebInfo-stamp/prerelease_RelWithDebInfo-done
make[3]: Leaving directory '/<<PKGBUILDDIR>>/obj-x86_64-linux-gnu'
[ 96%] Built target prerelease_Debug
[100%] Built target prerelease_RelWithDebInfo
make[2]: Leaving directory '/<<PKGBUILDDIR>>/obj-x86_64-linux-gnu'
/usr/bin/cmake -E cmake_progress_start /<<PKGBUILDDIR>>/obj-x86_64-linux-gnu/CMakeFiles 0
make -f CMakeFiles/Makefile2 preinstall
make[2]: Entering directory '/<<PKGBUILDDIR>>/obj-x86_64-linux-gnu'
make[2]: Nothing to be done for 'preinstall'.
make[2]: Leaving directory '/<<PKGBUILDDIR>>/obj-x86_64-linux-gnu'
Install the project...
/usr/bin/cmake -P cmake_install.cmake
-- Install configuration: "None"
-- Installing: /<<PKGBUILDDIR>>/debian/libignition-cmake-dev/usr/lib/x86_64-linux-gnu/cmake/ignition-cmake0/ignition-cmake0-config.cmake
-- Installing: /<<PKGBUILDDIR>>/debian/libignition-cmake-dev/usr/lib/x86_64-linux-gnu/cmake/ignition-cmake0/ignition-cmake0-config-version.cmake
-- Installing: /<<PKGBUILDDIR>>/debian/libignition-cmake-dev/usr/lib/x86_64-linux-gnu/cmake/ignition-cmake0/cmake0/FindAVCODEC.cmake
-- Installing: /<<PKGBUILDDIR>>/debian/libignition-cmake-dev/usr/lib/x86_64-linux-gnu/cmake/ignition-cmake0/cmake0/FindAVDEVICE.cmake
-- Installing: /<<PKGBUILDDIR>>/debian/libignition-cmake-dev/usr/lib/x86_64-linux-gnu/cmake/ignition-cmake0/cmake0/FindAVFORMAT.cmake
-- Installing: /<<PKGBUILDDIR>>/debian/libignition-cmake-dev/usr/lib/x86_64-linux-gnu/cmake/ignition-cmake0/cmake0/FindAVUTIL.cmake
-- Installing: /<<PKGBUILDDIR>>/debian/libignition-cmake-dev/usr/lib/x86_64-linux-gnu/cmake/ignition-cmake0/cmake0/FindCPPZMQ.cmake
-- Installing: /<<PKGBUILDDIR>>/debian/libignition-cmake-dev/usr/lib/x86_64-linux-gnu/cmake/ignition-cmake0/cmake0/FindDL.cmake
-- Installing: /<<PKGBUILDDIR>>/debian/libignition-cmake-dev/usr/lib/x86_64-linux-gnu/cmake/ignition-cmake0/cmake0/FindFreeImage.cmake
-- Installing: /<<PKGBUILDDIR>>/debian/libignition-cmake-dev/usr/lib/x86_64-linux-gnu/cmake/ignition-cmake0/cmake0/FindGTS.cmake
-- Installing: /<<PKGBUILDDIR>>/debian/libignition-cmake-dev/usr/lib/x86_64-linux-gnu/cmake/ignition-cmake0/cmake0/FindIFADDRS.cmake
-- Installing: /<<PKGBUILDDIR>>/debian/libignition-cmake-dev/usr/lib/x86_64-linux-gnu/cmake/ignition-cmake0/cmake0/FindIgnCURL.cmake
-- Installing: /<<PKGBUILDDIR>>/debian/libignition-cmake-dev/usr/lib/x86_64-linux-gnu/cmake/ignition-cmake0/cmake0/FindIgnProtobuf.cmake
-- Installing: /<<PKGBUILDDIR>>/debian/libignition-cmake-dev/usr/lib/x86_64-linux-gnu/cmake/ignition-cmake0/cmake0/FindJSONCPP.cmake
-- Installing: /<<PKGBUILDDIR>>/debian/libignition-cmake-dev/usr/lib/x86_64-linux-gnu/cmake/ignition-cmake0/cmake0/FindODE.cmake
-- Installing: /<<PKGBUILDDIR>>/debian/libignition-cmake-dev/usr/lib/x86_64-linux-gnu/cmake/ignition-cmake0/cmake0/FindOGRE.cmake
-- Installing: /<<PKGBUILDDIR>>/debian/libignition-cmake-dev/usr/lib/x86_64-linux-gnu/cmake/ignition-cmake0/cmake0/FindOptiX.cmake
-- Installing: /<<PKGBUILDDIR>>/debian/libignition-cmake-dev/usr/lib/x86_64-linux-gnu/cmake/ignition-cmake0/cmake0/FindSWSCALE.cmake
-- Installing: /<<PKGBUILDDIR>>/debian/libignition-cmake-dev/usr/lib/x86_64-linux-gnu/cmake/ignition-cmake0/cmake0/FindTINYXML2.cmake
-- Installing: /<<PKGBUILDDIR>>/debian/libignition-cmake-dev/usr/lib/x86_64-linux-gnu/cmake/ignition-cmake0/cmake0/FindUUID.cmake
-- Installing: /<<PKGBUILDDIR>>/debian/libignition-cmake-dev/usr/lib/x86_64-linux-gnu/cmake/ignition-cmake0/cmake0/FindYAML.cmake
-- Installing: /<<PKGBUILDDIR>>/debian/libignition-cmake-dev/usr/lib/x86_64-linux-gnu/cmake/ignition-cmake0/cmake0/FindZIP.cmake
-- Installing: /<<PKGBUILDDIR>>/debian/libignition-cmake-dev/usr/lib/x86_64-linux-gnu/cmake/ignition-cmake0/cmake0/FindZeroMQ.cmake
-- Installing: /<<PKGBUILDDIR>>/debian/libignition-cmake-dev/usr/lib/x86_64-linux-gnu/cmake/ignition-cmake0/cmake0/IgnCMake.cmake
-- Installing: /<<PKGBUILDDIR>>/debian/libignition-cmake-dev/usr/lib/x86_64-linux-gnu/cmake/ignition-cmake0/cmake0/IgnCheckSSE.cmake
-- Installing: /<<PKGBUILDDIR>>/debian/libignition-cmake-dev/usr/lib/x86_64-linux-gnu/cmake/ignition-cmake0/cmake0/IgnCodeCoverage.cmake
-- Installing: /<<PKGBUILDDIR>>/debian/libignition-cmake-dev/usr/lib/x86_64-linux-gnu/cmake/ignition-cmake0/cmake0/IgnConfigureBuild.cmake
-- Installing: /<<PKGBUILDDIR>>/debian/libignition-cmake-dev/usr/lib/x86_64-linux-gnu/cmake/ignition-cmake0/cmake0/IgnConfigureProject.cmake
-- Installing: /<<PKGBUILDDIR>>/debian/libignition-cmake-dev/usr/lib/x86_64-linux-gnu/cmake/ignition-cmake0/cmake0/IgnCreateDocs.cmake
-- Installing: /<<PKGBUILDDIR>>/debian/libignition-cmake-dev/usr/lib/x86_64-linux-gnu/cmake/ignition-cmake0/cmake0/IgnImportTarget.cmake
-- Installing: /<<PKGBUILDDIR>>/debian/libignition-cmake-dev/usr/lib/x86_64-linux-gnu/cmake/ignition-cmake0/cmake0/IgnPackaging.cmake
-- Installing: /<<PKGBUILDDIR>>/debian/libignition-cmake-dev/usr/lib/x86_64-linux-gnu/cmake/ignition-cmake0/cmake0/IgnPkgConfig.cmake
-- Installing: /<<PKGBUILDDIR>>/debian/libignition-cmake-dev/usr/lib/x86_64-linux-gnu/cmake/ignition-cmake0/cmake0/IgnRonn2Man.cmake
-- Installing: /<<PKGBUILDDIR>>/debian/libignition-cmake-dev/usr/lib/x86_64-linux-gnu/cmake/ignition-cmake0/cmake0/IgnSetCompilerFlags.cmake
-- Installing: /<<PKGBUILDDIR>>/debian/libignition-cmake-dev/usr/lib/x86_64-linux-gnu/cmake/ignition-cmake0/cmake0/IgnUtils.cmake
-- Installing: /<<PKGBUILDDIR>>/debian/libignition-cmake-dev/usr/lib/x86_64-linux-gnu/cmake/ignition-cmake0/cmake0/Export.hh.in
-- Installing: /<<PKGBUILDDIR>>/debian/libignition-cmake-dev/usr/lib/x86_64-linux-gnu/cmake/ignition-cmake0/cmake0/cmake_uninstall.cmake.in
-- Installing: /<<PKGBUILDDIR>>/debian/libignition-cmake-dev/usr/lib/x86_64-linux-gnu/cmake/ignition-cmake0/cmake0/cpack_options.cmake.in
-- Installing: /<<PKGBUILDDIR>>/debian/libignition-cmake-dev/usr/lib/x86_64-linux-gnu/cmake/ignition-cmake0/cmake0/ign_auto_headers.hh.in
-- Installing: /<<PKGBUILDDIR>>/debian/libignition-cmake-dev/usr/lib/x86_64-linux-gnu/cmake/ignition-cmake0/cmake0/ignition-config.cmake.in
-- Installing: /<<PKGBUILDDIR>>/debian/libignition-cmake-dev/usr/lib/x86_64-linux-gnu/cmake/ignition-cmake0/cmake0/upload_doc.sh.in
-- Installing: /<<PKGBUILDDIR>>/debian/libignition-cmake-dev/usr/lib/x86_64-linux-gnu/cmake/ignition-cmake0/cmake0/pkgconfig/ignition.pc.in
-- Installing: /<<PKGBUILDDIR>>/debian/libignition-cmake-dev/usr/share/ignition/ignition-cmake0/doxygen/api.in
-- Installing: /<<PKGBUILDDIR>>/debian/libignition-cmake-dev/usr/share/ignition/ignition-cmake0/doxygen/cppreference.tag.xml
-- Installing: /<<PKGBUILDDIR>>/debian/libignition-cmake-dev/usr/share/ignition/ignition-cmake0/doxygen/footer.html
-- Installing: /<<PKGBUILDDIR>>/debian/libignition-cmake-dev/usr/share/ignition/ignition-cmake0/doxygen/header.html
-- Installing: /<<PKGBUILDDIR>>/debian/libignition-cmake-dev/usr/share/ignition/ignition-cmake0/doxygen/layout.xml
-- Installing: /<<PKGBUILDDIR>>/debian/libignition-cmake-dev/usr/share/ignition/ignition-cmake0/doxygen/tutorials-footer.html
-- Installing: /<<PKGBUILDDIR>>/debian/libignition-cmake-dev/usr/share/ignition/ignition-cmake0/doxygen/tutorials-header.html
-- Installing: /<<PKGBUILDDIR>>/debian/libignition-cmake-dev/usr/share/ignition/ignition-cmake0/doxygen/tutorials.in
make[1]: Leaving directory '/<<PKGBUILDDIR>>/obj-x86_64-linux-gnu'
   dh_install -O--buildsystem=cmake
   dh_installdocs -O--buildsystem=cmake
   dh_installchangelogs -O--buildsystem=cmake
   dh_installexamples -O--buildsystem=cmake
   dh_installinit -O--buildsystem=cmake
   dh_perl -O--buildsystem=cmake
   dh_link -O--buildsystem=cmake
   dh_strip_nondeterminism -O--buildsystem=cmake
   dh_compress -O--buildsystem=cmake
   dh_fixperms -O--buildsystem=cmake
   dh_missing -O--buildsystem=cmake
   dh_strip -O--buildsystem=cmake
   dh_makeshlibs -O--buildsystem=cmake
   dh_shlibdeps -O--buildsystem=cmake
   dh_installdeb -O--buildsystem=cmake
   dh_gencontrol -O--buildsystem=cmake
   dh_md5sums -O--buildsystem=cmake
   dh_builddeb -O--buildsystem=cmake
dpkg-deb: building package 'libignition-cmake-dev' in '../libignition-cmake-dev_0.6.1-1_amd64.deb'.
 dpkg-genbuildinfo --build=binary
 dpkg-genchanges --build=binary >../ignition-cmake_0.6.1-1_amd64.changes
dpkg-genchanges: info: binary-only upload (no source code included)
 dpkg-source --after-build .
dpkg-buildpackage: info: binary-only upload (no source included)
--------------------------------------------------------------------------------
Build finished at 2020-02-25T05:56:49Z

Finished
--------

I: Built successfully

+------------------------------------------------------------------------------+
| Changes                                                                      |
+------------------------------------------------------------------------------+


ignition-cmake_0.6.1-1_amd64.changes:
-------------------------------------

Format: 1.8
Date: Thu, 18 Oct 2018 15:27:37 +0000
Source: ignition-cmake
Binary: libignition-cmake-dev
Architecture: amd64
Version: 0.6.1-1
Distribution: unstable
Urgency: medium
Maintainer: Debian Science Maintainers <debian-science-maintainers@lists.alioth.debian.org>
Changed-By: Jose Luis Rivero <jrivero@osrfoundation.org>
Description:
 libignition-cmake-dev - Ignition Robotics CMake Library - Development files
Changes:
 ignition-cmake (0.6.1-1) unstable; urgency=medium
 .
   * New upstream version 0.6.1
Checksums-Sha1:
 f08480a06939bcdbda69752c99fe7eded341969f 7345 ignition-cmake_0.6.1-1_amd64.buildinfo
 2f6cc664e6fc815fb9f698cc860eb8bfe54fe284 139352 libignition-cmake-dev_0.6.1-1_amd64.deb
Checksums-Sha256:
 e11b465e9e59893986fd2a955f75c8ac65342f889008ea4911a5f5cfae790bc1 7345 ignition-cmake_0.6.1-1_amd64.buildinfo
 1b318b0763736617ba761419c1e86c1280f5679f71497d804ea73ffe213b68b0 139352 libignition-cmake-dev_0.6.1-1_amd64.deb
Files:
 12f5a51d550ba91ce0551807a3624900 7345 science optional ignition-cmake_0.6.1-1_amd64.buildinfo
 69b4be760cebc57a276324f30820a505 139352 libdevel optional libignition-cmake-dev_0.6.1-1_amd64.deb

+------------------------------------------------------------------------------+
| Buildinfo                                                                    |
+------------------------------------------------------------------------------+

Format: 1.0
Source: ignition-cmake
Binary: libignition-cmake-dev
Architecture: amd64
Version: 0.6.1-1
Checksums-Md5:
 69b4be760cebc57a276324f30820a505 139352 libignition-cmake-dev_0.6.1-1_amd64.deb
Checksums-Sha1:
 2f6cc664e6fc815fb9f698cc860eb8bfe54fe284 139352 libignition-cmake-dev_0.6.1-1_amd64.deb
Checksums-Sha256:
 1b318b0763736617ba761419c1e86c1280f5679f71497d804ea73ffe213b68b0 139352 libignition-cmake-dev_0.6.1-1_amd64.deb
Build-Origin: Debian
Build-Architecture: amd64
Build-Date: Tue, 25 Feb 2020 05:56:48 +0000
Build-Path: /<<PKGBUILDDIR>>
Installed-Build-Depends:
 autoconf (= 2.69-11.1),
 automake (= 1:1.16.1-4),
 autopoint (= 0.19.8.1-10),
 autotools-dev (= 20180224.1),
 base-files (= 11),
 base-passwd (= 3.5.47),
 bash (= 5.0-5),
 binutils (= 2.34-3),
 binutils-common (= 2.34-3),
 binutils-x86-64-linux-gnu (= 2.34-3),
 bsdmainutils (= 11.1.2+b1),
 bsdutils (= 1:2.34-0.1),
 build-essential (= 12.8),
 bzip2 (= 1.0.8-2),
 ca-certificates (= 20190110),
 clang-10 (= 1:10.0.0~+rc2-1),
 cmake (= 3.16.3-1),
 cmake-data (= 3.16.3-1),
 coreutils (= 8.30-3+b1),
 cpp (= 4:9.2.1-3.1),
 cpp-9 (= 9.2.1-29),
 dash (= 0.5.10.2-6),
 debconf (= 1.5.73),
 debhelper (= 12.9),
 debianutils (= 4.9.1),
 dh-autoreconf (= 19),
 dh-strip-nondeterminism (= 1.6.3-2),
 diffutils (= 1:3.7-3),
 dpkg (= 1.19.7),
 dpkg-dev (= 1.19.7),
 dwz (= 0.13-5),
 fdisk (= 2.34-0.1),
 file (= 1:5.38-4),
 findutils (= 4.7.0-1),
 fonts-mathjax (= 2.7.4+dfsg-1),
 g++ (= 4:9.2.1-3.1),
 g++-9 (= 9.2.1-29),
 gcc (= 4:9.2.1-3.1),
 gcc-10-base (= 10-20200222-1),
 gcc-9 (= 9.2.1-29),
 gcc-9-base (= 9.2.1-29),
 gettext (= 0.19.8.1-10),
 gettext-base (= 0.19.8.1-10),
 googletest (= 1.10.0-2),
 grep (= 3.4-1),
 groff (= 1.22.4-4),
 groff-base (= 1.22.4-4),
 gzip (= 1.9-3+b1),
 hostname (= 3.23),
 init-system-helpers (= 1.57),
 intltool-debian (= 0.35.0+20060710.5),
 lib32gcc-s1 (= 10-20200222-1),
 lib32gcc1 (= 1:10-20200222-1),
 lib32stdc++6 (= 10-20200222-1),
 libacl1 (= 2.2.53-5),
 libarchive-zip-perl (= 1.67-1),
 libarchive13 (= 3.4.0-1+b1),
 libasan5 (= 9.2.1-29),
 libatomic1 (= 10-20200222-1),
 libattr1 (= 1:2.4.48-5),
 libaudit-common (= 1:2.8.5-2),
 libaudit1 (= 1:2.8.5-2+b1),
 libbinutils (= 2.34-3),
 libblkid1 (= 2.34-0.1),
 libbrotli1 (= 1.0.7-6),
 libbsd0 (= 0.10.0-1),
 libbz2-1.0 (= 1.0.8-2),
 libc-bin (= 2.29-10),
 libc-dev-bin (= 2.29-10),
 libc6 (= 2.29-10),
 libc6-dev (= 2.29-10),
 libc6-i386 (= 2.29-10),
 libcap-ng0 (= 0.7.9-2.1+b1),
 libcc1-0 (= 10-20200222-1),
 libclang-common-10-dev (= 1:10.0.0~+rc2-1),
 libclang-cpp10 (= 1:10.0.0~+rc2-1),
 libclang1-10 (= 1:10.0.0~+rc2-1),
 libcom-err2 (= 1.45.5-2),
 libcroco3 (= 0.6.13-1),
 libcrypt-dev (= 1:4.4.10-10),
 libcrypt1 (= 1:4.4.10-10),
 libctf-nobfd0 (= 2.34-3),
 libctf0 (= 2.34-3),
 libcurl4 (= 7.68.0-1),
 libdb5.3 (= 5.3.28+dfsg1-0.6),
 libdebconfclient0 (= 0.251),
 libdebhelper-perl (= 12.9),
 libdpkg-perl (= 1.19.7),
 libedit2 (= 3.1-20191231-1),
 libelf1 (= 0.176-1.1),
 libexpat1 (= 2.2.9-1),
 libfdisk1 (= 2.34-0.1),
 libffi7 (= 3.3-3),
 libfile-stripnondeterminism-perl (= 1.6.3-2),
 libgc1c2 (= 1:7.6.4-0.4),
 libgcc-9-dev (= 9.2.1-29),
 libgcc-s1 (= 10-20200222-1),
 libgcc1 (= 1:10-20200222-1),
 libgcrypt20 (= 1.8.5-5),
 libgdbm-compat4 (= 1.18.1-5),
 libgdbm6 (= 1.18.1-5),
 libglib2.0-0 (= 2.62.4-2),
 libgmp10 (= 2:6.2.0+dfsg-4),
 libgnutls30 (= 3.6.12-2),
 libgomp1 (= 10-20200222-1),
 libgpg-error0 (= 1.37-1),
 libgssapi-krb5-2 (= 1.17-6),
 libgtest-dev (= 1.10.0-2),
 libhogweed5 (= 3.5.1+really3.5.1-2),
 libice6 (= 2:1.0.9-2),
 libicu63 (= 63.2-2),
 libidn2-0 (= 2.2.0-2),
 libisl22 (= 0.22.1-1),
 libitm1 (= 10-20200222-1),
 libjs-mathjax (= 2.7.4+dfsg-1),
 libjsoncpp1 (= 1.7.4-3.1),
 libk5crypto3 (= 1.17-6),
 libkeyutils1 (= 1.6.1-2),
 libkrb5-3 (= 1.17-6),
 libkrb5support0 (= 1.17-6),
 libldap-2.4-2 (= 2.4.49+dfsg-1),
 libldap-common (= 2.4.49+dfsg-1),
 libllvm10 (= 1:10.0.0~+rc2-1),
 liblsan0 (= 10-20200222-1),
 liblz4-1 (= 1.9.2-2),
 liblzma5 (= 5.2.4-1+b1),
 libmagic-mgc (= 1:5.38-4),
 libmagic1 (= 1:5.38-4),
 libmount1 (= 2.34-0.1),
 libmpc3 (= 1.1.0-1),
 libmpfr6 (= 4.0.2-1),
 libncurses6 (= 6.1+20191019-1),
 libncursesw6 (= 6.1+20191019-1),
 libnettle7 (= 3.5.1+really3.5.1-2),
 libnghttp2-14 (= 1.40.0-1),
 libobjc-9-dev (= 9.2.1-29),
 libobjc4 (= 10-20200222-1),
 libp11-kit0 (= 0.23.20-1),
 libpam-modules (= 1.3.1-5),
 libpam-modules-bin (= 1.3.1-5),
 libpam-runtime (= 1.3.1-5),
 libpam0g (= 1.3.1-5),
 libpcre2-8-0 (= 10.34-7),
 libpcre3 (= 2:8.39-12+b1),
 libperl5.30 (= 5.30.0-9),
 libpipeline1 (= 1.5.2-2),
 libprocps8 (= 2:3.3.16-1+b1),
 libpsl5 (= 0.20.2-2),
 libpython-stdlib (= 2.7.17-2),
 libpython2-stdlib (= 2.7.17-2),
 libpython2.7-minimal (= 2.7.17-1+b1),
 libpython2.7-stdlib (= 2.7.17-1+b1),
 libquadmath0 (= 10-20200222-1),
 libreadline8 (= 8.0-3),
 librhash0 (= 1.3.9-1),
 librtmp1 (= 2.4+20151223.gitfa8646d.1-2+b1),
 libruby2.5 (= 2.5.7-1+b1),
 libsasl2-2 (= 2.1.27+dfsg-2),
 libsasl2-modules-db (= 2.1.27+dfsg-2),
 libseccomp2 (= 2.4.2-2),
 libselinux1 (= 3.0-1+b1),
 libsigsegv2 (= 2.12-2),
 libsm6 (= 2:1.2.3-1),
 libsmartcols1 (= 2.34-0.1),
 libsqlite3-0 (= 3.31.1-3),
 libssh2-1 (= 1.8.0-2.1),
 libssl1.1 (= 1.1.1d-2),
 libstdc++-9-dev (= 9.2.1-29),
 libstdc++6 (= 10-20200222-1),
 libsub-override-perl (= 0.09-2),
 libsystemd0 (= 244.3-1),
 libtasn1-6 (= 4.16.0-2),
 libtinfo6 (= 6.1+20191019-1),
 libtool (= 2.4.6-13),
 libtsan0 (= 10-20200222-1),
 libubsan1 (= 10-20200222-1),
 libuchardet0 (= 0.0.6-3),
 libudev1 (= 244.3-1),
 libunistring2 (= 0.9.10-2),
 libuuid1 (= 2.34-0.1),
 libuv1 (= 1.34.2-1),
 libx11-6 (= 2:1.6.8-1),
 libx11-data (= 2:1.6.8-1),
 libxau6 (= 1:1.0.8-1+b2),
 libxaw7 (= 2:1.0.13-1+b2),
 libxcb1 (= 1.13.1-5),
 libxdmcp6 (= 1:1.1.2-3),
 libxext6 (= 2:1.3.3-1+b2),
 libxml2 (= 2.9.10+dfsg-3),
 libxmu6 (= 2:1.1.2-2+b3),
 libxpm4 (= 1:3.5.12-1),
 libxslt1.1 (= 1.1.34-3),
 libxt6 (= 1:1.1.5-1+b3),
 libyaml-0-2 (= 0.2.2-1),
 libz3-4 (= 4.8.7-4),
 libzstd1 (= 1.4.4+dfsg-3),
 linux-libc-dev (= 5.4.19-1),
 login (= 1:4.8.1-1),
 lsb-base (= 11.1.0),
 m4 (= 1.4.18-4),
 make (= 4.2.1-1.2),
 man-db (= 2.9.0-2),
 mawk (= 1.3.4.20200120-2),
 mime-support (= 3.64),
 ncurses-base (= 6.1+20191019-1),
 ncurses-bin (= 6.1+20191019-1),
 openssl (= 1.1.1d-2),
 patch (= 2.7.6-6),
 perl (= 5.30.0-9),
 perl-base (= 5.30.0-9),
 perl-modules-5.30 (= 5.30.0-9),
 po-debconf (= 1.0.21),
 procps (= 2:3.3.16-1+b1),
 python (= 2.7.17-2),
 python-minimal (= 2.7.17-2),
 python2 (= 2.7.17-2),
 python2-minimal (= 2.7.17-2),
 python2.7 (= 2.7.17-1+b1),
 python2.7-minimal (= 2.7.17-1+b1),
 rake (= 13.0.1-2),
 readline-common (= 8.0-3),
 ruby (= 1:2.5.7.1),
 ruby-did-you-mean (= 1.2.1-1),
 ruby-minitest (= 5.13.0-1),
 ruby-mustache (= 1.0.2-1),
 ruby-net-telnet (= 0.1.1-2),
 ruby-nokogiri (= 1.10.7+dfsg1-2+b1),
 ruby-pkg-config (= 1.4.0-1),
 ruby-power-assert (= 1.1.5-1),
 ruby-rdiscount (= 2.1.8-1+b6),
 ruby-ronn (= 0.8.0-3),
 ruby-test-unit (= 3.3.4-1),
 ruby-xmlrpc (= 0.3.0-2),
 ruby2.5 (= 2.5.7-1+b1),
 rubygems-integration (= 1.16),
 sed (= 4.7-1),
 sensible-utils (= 0.0.12+nmu1),
 sysvinit-utils (= 2.96-2.1),
 tar (= 1.30+dfsg-6+b1),
 util-linux (= 2.34-0.1),
 x11-common (= 1:7.7+20),
 xz-utils (= 5.2.4-1+b1),
 zlib1g (= 1:1.2.11.dfsg-2)
Environment:
 DEB_BUILD_OPTIONS="parallel=4"
 LANG="C.UTF-8"
 LC_ALL="C.UTF-8"
 SOURCE_DATE_EPOCH="1539876457"


+------------------------------------------------------------------------------+
| Package contents                                                             |
+------------------------------------------------------------------------------+


libignition-cmake-dev_0.6.1-1_amd64.deb
---------------------------------------

 new Debian package, version 2.0.
 size 139352 bytes: control archive=2684 bytes.
     703 bytes,    17 lines      control              
    7799 bytes,    75 lines      md5sums              
 Package: libignition-cmake-dev
 Source: ignition-cmake
 Version: 0.6.1-1
 Architecture: amd64
 Maintainer: Debian Science Maintainers <debian-science-maintainers@lists.alioth.debian.org>
 Installed-Size: 1836
 Section: libdevel
 Priority: optional
 Multi-Arch: same
 Homepage: http://ignitionrobotics.org/libraries/cmake
 Description: Ignition Robotics CMake Library - Development files
  CMake modules to be used by the Ignition projects.
  .
  This package is required to build ignition projects, as well as to link your
  third party projects against them. It provides modules that are used to find
  dependencies of ignition projects and generate cmake targets for consumers of
  ignition projects to link against.

drwxr-xr-x root/root         0 2018-10-18 15:27 ./
drwxr-xr-x root/root         0 2018-10-18 15:27 ./usr/
drwxr-xr-x root/root         0 2018-10-18 15:27 ./usr/lib/
drwxr-xr-x root/root         0 2018-10-18 15:27 ./usr/lib/x86_64-linux-gnu/
drwxr-xr-x root/root         0 2018-10-18 15:27 ./usr/lib/x86_64-linux-gnu/cmake/
drwxr-xr-x root/root         0 2018-10-18 15:27 ./usr/lib/x86_64-linux-gnu/cmake/ignition-cmake0/
drwxr-xr-x root/root         0 2018-10-18 15:27 ./usr/lib/x86_64-linux-gnu/cmake/ignition-cmake0/cmake0/
-rw-r--r-- root/root      2702 2018-10-17 17:00 ./usr/lib/x86_64-linux-gnu/cmake/ignition-cmake0/cmake0/Export.hh.in
-rw-r--r-- root/root       802 2018-10-17 17:00 ./usr/lib/x86_64-linux-gnu/cmake/ignition-cmake0/cmake0/FindAVCODEC.cmake
-rw-r--r-- root/root       984 2018-10-17 17:00 ./usr/lib/x86_64-linux-gnu/cmake/ignition-cmake0/cmake0/FindAVDEVICE.cmake
-rw-r--r-- root/root       806 2018-10-17 17:00 ./usr/lib/x86_64-linux-gnu/cmake/ignition-cmake0/cmake0/FindAVFORMAT.cmake
-rw-r--r-- root/root       799 2018-10-17 17:00 ./usr/lib/x86_64-linux-gnu/cmake/ignition-cmake0/cmake0/FindAVUTIL.cmake
-rw-r--r-- root/root      2157 2018-10-17 17:00 ./usr/lib/x86_64-linux-gnu/cmake/ignition-cmake0/cmake0/FindCPPZMQ.cmake
-rw-r--r-- root/root      2712 2018-10-17 17:00 ./usr/lib/x86_64-linux-gnu/cmake/ignition-cmake0/cmake0/FindDL.cmake
-rw-r--r-- root/root      3136 2018-10-17 17:00 ./usr/lib/x86_64-linux-gnu/cmake/ignition-cmake0/cmake0/FindFreeImage.cmake
-rw-r--r-- root/root       817 2018-10-17 17:00 ./usr/lib/x86_64-linux-gnu/cmake/ignition-cmake0/cmake0/FindGTS.cmake
-rw-r--r-- root/root      1265 2018-10-17 17:00 ./usr/lib/x86_64-linux-gnu/cmake/ignition-cmake0/cmake0/FindIFADDRS.cmake
-rw-r--r-- root/root      1847 2018-10-17 17:00 ./usr/lib/x86_64-linux-gnu/cmake/ignition-cmake0/cmake0/FindIgnCURL.cmake
-rw-r--r-- root/root      2487 2018-10-17 17:00 ./usr/lib/x86_64-linux-gnu/cmake/ignition-cmake0/cmake0/FindIgnProtobuf.cmake
-rw-r--r-- root/root      2546 2018-10-17 17:00 ./usr/lib/x86_64-linux-gnu/cmake/ignition-cmake0/cmake0/FindJSONCPP.cmake
-rw-r--r-- root/root      1956 2018-10-17 17:00 ./usr/lib/x86_64-linux-gnu/cmake/ignition-cmake0/cmake0/FindODE.cmake
-rw-r--r-- root/root      3702 2018-10-17 17:00 ./usr/lib/x86_64-linux-gnu/cmake/ignition-cmake0/cmake0/FindOGRE.cmake
-rw-r--r-- root/root      9001 2018-10-17 17:00 ./usr/lib/x86_64-linux-gnu/cmake/ignition-cmake0/cmake0/FindOptiX.cmake
-rw-r--r-- root/root       812 2018-10-17 17:00 ./usr/lib/x86_64-linux-gnu/cmake/ignition-cmake0/cmake0/FindSWSCALE.cmake
-rw-r--r-- root/root      1720 2018-10-17 17:00 ./usr/lib/x86_64-linux-gnu/cmake/ignition-cmake0/cmake0/FindTINYXML2.cmake
-rw-r--r-- root/root       812 2018-10-17 17:00 ./usr/lib/x86_64-linux-gnu/cmake/ignition-cmake0/cmake0/FindUUID.cmake
-rw-r--r-- root/root      2927 2018-10-17 17:00 ./usr/lib/x86_64-linux-gnu/cmake/ignition-cmake0/cmake0/FindYAML.cmake
-rw-r--r-- root/root      1876 2018-10-17 17:00 ./usr/lib/x86_64-linux-gnu/cmake/ignition-cmake0/cmake0/FindZIP.cmake
-rw-r--r-- root/root      3362 2018-10-17 17:00 ./usr/lib/x86_64-linux-gnu/cmake/ignition-cmake0/cmake0/FindZeroMQ.cmake
-rw-r--r-- root/root      1367 2018-10-17 17:00 ./usr/lib/x86_64-linux-gnu/cmake/ignition-cmake0/cmake0/IgnCMake.cmake
-rw-r--r-- root/root     12078 2018-10-17 17:00 ./usr/lib/x86_64-linux-gnu/cmake/ignition-cmake0/cmake0/IgnCheckSSE.cmake
-rw-r--r-- root/root      5967 2018-10-17 17:00 ./usr/lib/x86_64-linux-gnu/cmake/ignition-cmake0/cmake0/IgnCodeCoverage.cmake
-rw-r--r-- root/root      7766 2018-10-17 17:00 ./usr/lib/x86_64-linux-gnu/cmake/ignition-cmake0/cmake0/IgnConfigureBuild.cmake
-rw-r--r-- root/root      7612 2018-10-17 17:00 ./usr/lib/x86_64-linux-gnu/cmake/ignition-cmake0/cmake0/IgnConfigureProject.cmake
-rw-r--r-- root/root      1587 2018-10-17 17:00 ./usr/lib/x86_64-linux-gnu/cmake/ignition-cmake0/cmake0/IgnCreateDocs.cmake
-rw-r--r-- root/root      7398 2018-10-17 17:00 ./usr/lib/x86_64-linux-gnu/cmake/ignition-cmake0/cmake0/IgnImportTarget.cmake
-rw-r--r-- root/root     10444 2018-10-17 17:00 ./usr/lib/x86_64-linux-gnu/cmake/ignition-cmake0/cmake0/IgnPackaging.cmake
-rw-r--r-- root/root      6296 2018-10-17 17:00 ./usr/lib/x86_64-linux-gnu/cmake/ignition-cmake0/cmake0/IgnPkgConfig.cmake
-rw-r--r-- root/root      2025 2018-10-17 17:00 ./usr/lib/x86_64-linux-gnu/cmake/ignition-cmake0/cmake0/IgnRonn2Man.cmake
-rw-r--r-- root/root     14460 2018-10-17 17:00 ./usr/lib/x86_64-linux-gnu/cmake/ignition-cmake0/cmake0/IgnSetCompilerFlags.cmake
-rw-r--r-- root/root     37728 2018-10-17 17:00 ./usr/lib/x86_64-linux-gnu/cmake/ignition-cmake0/cmake0/IgnUtils.cmake
-rw-r--r-- root/root      1043 2018-10-17 17:00 ./usr/lib/x86_64-linux-gnu/cmake/ignition-cmake0/cmake0/cmake_uninstall.cmake.in
-rw-r--r-- root/root      1365 2018-10-17 17:00 ./usr/lib/x86_64-linux-gnu/cmake/ignition-cmake0/cmake0/cpack_options.cmake.in
-rw-r--r-- root/root       877 2018-10-17 17:00 ./usr/lib/x86_64-linux-gnu/cmake/ignition-cmake0/cmake0/ign_auto_headers.hh.in
-rw-r--r-- root/root      3318 2018-10-17 17:00 ./usr/lib/x86_64-linux-gnu/cmake/ignition-cmake0/cmake0/ignition-config.cmake.in
drwxr-xr-x root/root         0 2018-10-18 15:27 ./usr/lib/x86_64-linux-gnu/cmake/ignition-cmake0/cmake0/pkgconfig/
-rw-r--r-- root/root       570 2018-10-17 17:00 ./usr/lib/x86_64-linux-gnu/cmake/ignition-cmake0/cmake0/pkgconfig/ignition.pc.in
-rw-r--r-- root/root      1336 2018-10-17 17:00 ./usr/lib/x86_64-linux-gnu/cmake/ignition-cmake0/cmake0/upload_doc.sh.in
-rw-r--r-- root/root      1722 2018-10-18 15:27 ./usr/lib/x86_64-linux-gnu/cmake/ignition-cmake0/ignition-cmake0-config-version.cmake
-rw-r--r-- root/root      2284 2018-10-18 15:27 ./usr/lib/x86_64-linux-gnu/cmake/ignition-cmake0/ignition-cmake0-config.cmake
drwxr-xr-x root/root         0 2018-10-18 15:27 ./usr/share/
drwxr-xr-x root/root         0 2018-10-18 15:27 ./usr/share/doc/
drwxr-xr-x root/root         0 2018-10-18 15:27 ./usr/share/doc/libignition-cmake-dev/
-rw-r--r-- root/root       699 2018-10-17 17:00 ./usr/share/doc/libignition-cmake-dev/README.md
-rw-r--r-- root/root       294 2018-10-18 15:27 ./usr/share/doc/libignition-cmake-dev/changelog.Debian.gz
-rw-r--r-- root/root      2082 2018-03-01 18:44 ./usr/share/doc/libignition-cmake-dev/copyright
drwxr-xr-x root/root         0 2018-10-18 15:27 ./usr/share/doc/libignition-cmake-dev/examples/
-rw-r--r-- root/root      2559 2018-10-17 17:00 ./usr/share/doc/libignition-cmake-dev/examples/CMakeLists.txt
drwxr-xr-x root/root         0 2018-10-17 17:00 ./usr/share/doc/libignition-cmake-dev/examples/ign_configure_build/
-rw-r--r-- root/root       214 2018-10-17 17:00 ./usr/share/doc/libignition-cmake-dev/examples/ign_configure_build/CMakeLists.txt
-rw-r--r-- root/root         0 2018-10-17 17:00 ./usr/share/doc/libignition-cmake-dev/examples/ign_configure_build/README.md
drwxr-xr-x root/root         0 2018-10-17 17:00 ./usr/share/doc/libignition-cmake-dev/examples/ign_configure_build/doc/
-rw-r--r-- root/root         0 2018-10-17 17:00 ./usr/share/doc/libignition-cmake-dev/examples/ign_configure_build/doc/CMakeLists.txt
drwxr-xr-x root/root         0 2018-10-17 17:00 ./usr/share/doc/libignition-cmake-dev/examples/ign_configure_build/include/
-rw-r--r-- root/root         0 2018-10-17 17:00 ./usr/share/doc/libignition-cmake-dev/examples/ign_configure_build/include/CMakeLists.txt
drwxr-xr-x root/root         0 2018-10-17 17:00 ./usr/share/doc/libignition-cmake-dev/examples/ign_configure_build/src/
-rw-r--r-- root/root         0 2018-10-17 17:00 ./usr/share/doc/libignition-cmake-dev/examples/ign_configure_build/src/CMakeLists.txt
drwxr-xr-x root/root         0 2018-10-17 17:00 ./usr/share/doc/libignition-cmake-dev/examples/ign_configure_build/test/
-rw-r--r-- root/root         0 2018-10-17 17:00 ./usr/share/doc/libignition-cmake-dev/examples/ign_configure_build/test/CMakeLists.txt
-rw-r--r-- root/root       436 2018-10-17 17:00 ./usr/share/doc/libignition-cmake-dev/examples/junit_fail.xml.in
-rw-r--r-- root/root       341 2018-10-17 17:00 ./usr/share/doc/libignition-cmake-dev/examples/junit_pass.xml.in
drwxr-xr-x root/root         0 2018-10-17 17:00 ./usr/share/doc/libignition-cmake-dev/examples/prerelease/
-rw-r--r-- root/root       215 2018-10-17 17:00 ./usr/share/doc/libignition-cmake-dev/examples/prerelease/CMakeLists.txt
-rw-r--r-- root/root         0 2018-10-17 17:00 ./usr/share/doc/libignition-cmake-dev/examples/prerelease/README.md
drwxr-xr-x root/root         0 2018-10-17 17:00 ./usr/share/doc/libignition-cmake-dev/examples/prerelease/doc/
-rw-r--r-- root/root         0 2018-10-17 17:00 ./usr/share/doc/libignition-cmake-dev/examples/prerelease/doc/CMakeLists.txt
drwxr-xr-x root/root         0 2018-10-17 17:00 ./usr/share/doc/libignition-cmake-dev/examples/prerelease/include/
-rw-r--r-- root/root         0 2018-10-17 17:00 ./usr/share/doc/libignition-cmake-dev/examples/prerelease/include/CMakeLists.txt
drwxr-xr-x root/root         0 2018-10-17 17:00 ./usr/share/doc/libignition-cmake-dev/examples/prerelease/src/
-rw-r--r-- root/root         0 2018-10-17 17:00 ./usr/share/doc/libignition-cmake-dev/examples/prerelease/src/CMakeLists.txt
drwxr-xr-x root/root         0 2018-10-17 17:00 ./usr/share/doc/libignition-cmake-dev/examples/prerelease/test/
-rw-r--r-- root/root         0 2018-10-17 17:00 ./usr/share/doc/libignition-cmake-dev/examples/prerelease/test/CMakeLists.txt
drwxr-xr-x root/root         0 2018-10-18 15:27 ./usr/share/ignition/
drwxr-xr-x root/root         0 2018-10-18 15:27 ./usr/share/ignition/ignition-cmake0/
drwxr-xr-x root/root         0 2018-10-18 15:27 ./usr/share/ignition/ignition-cmake0/doxygen/
-rw-r--r-- root/root    107097 2018-10-17 17:00 ./usr/share/ignition/ignition-cmake0/doxygen/api.in
-rw-r--r-- root/root   1100140 2018-10-17 17:00 ./usr/share/ignition/ignition-cmake0/doxygen/cppreference.tag.xml
-rw-r--r-- root/root      5683 2018-01-25 19:41 ./usr/share/ignition/ignition-cmake0/doxygen/doxygen.css
-rw-r--r-- root/root      3140 2018-01-25 19:41 ./usr/share/ignition/ignition-cmake0/doxygen/dynsections.js
-rw-r--r-- root/root        42 2018-10-17 17:00 ./usr/share/ignition/ignition-cmake0/doxygen/footer.html
-rw-r--r-- root/root       489 2018-01-29 20:44 ./usr/share/ignition/ignition-cmake0/doxygen/google_material_icons.css
-rw-r--r-- root/root      2674 2018-10-18 15:27 ./usr/share/ignition/ignition-cmake0/doxygen/header.html
-rw-r--r-- root/root      7115 2018-01-25 19:41 ./usr/share/ignition/ignition-cmake0/doxygen/ignition_logo.svg
-rw-r--r-- root/root     10130 2018-01-25 19:41 ./usr/share/ignition/ignition-cmake0/doxygen/ignition_logo_white.svg
-rw-r--r-- root/root      6090 2018-10-17 17:00 ./usr/share/ignition/ignition-cmake0/doxygen/layout.xml
-rw-r--r-- root/root    141295 2016-12-21 13:18 ./usr/share/ignition/ignition-cmake0/doxygen/material.deep_orange-blue.min.css
-rw-r--r-- root/root    145859 2016-12-21 13:18 ./usr/share/ignition/ignition-cmake0/doxygen/material.js
-rw-r--r-- root/root        44 2018-10-17 17:00 ./usr/share/ignition/ignition-cmake0/doxygen/tutorials-footer.html
-rw-r--r-- root/root      1517 2018-10-18 15:27 ./usr/share/ignition/ignition-cmake0/doxygen/tutorials-header.html
-rw-r--r-- root/root    106832 2018-10-17 17:00 ./usr/share/ignition/ignition-cmake0/doxygen/tutorials.in


+------------------------------------------------------------------------------+
| Post Build                                                                   |
+------------------------------------------------------------------------------+


+------------------------------------------------------------------------------+
| Cleanup                                                                      |
+------------------------------------------------------------------------------+

Purging /<<BUILDDIR>>
Not cleaning session: cloned chroot in use

+------------------------------------------------------------------------------+
| Summary                                                                      |
+------------------------------------------------------------------------------+

Build Architecture: amd64
Build Type: binary
Build-Space: 13128
Build-Time: 15
Distribution: unstable
Host Architecture: amd64
Install-Time: 170
Job: ignition-cmake_0.6.1-1
Machine Architecture: amd64
Package: ignition-cmake
Package-Time: 226
Source-Version: 0.6.1-1
Space: 13128
Status: successful
Version: 0.6.1-1
--------------------------------------------------------------------------------
Finished at 2020-02-25T05:56:49Z
Build needed 00:03:46, 13128k disk space
DC-Status: OK 230.394542912s
DC-Time-Estimation: 230.394542912 versus expected 60 (r/m: 2.8399090485333334 ; m: 60.0)
