DC-Build-Header: lasi 1.1.0-2 / 2020-02-25 04:24:37 +0000
DC-Task: type:rebuild-binarch-only source:lasi version:1.1.0-2 chroot:unstable esttime:82 logfile:/tmp/lasi_1.1.0-2_unstable_clang10.log modes:clang10:binarch-only
DC-Sbuild-call: su user42 -c 'sbuild -n --arch-any --apt-update -d unstable -v --no-run-lintian --chroot-setup-commands=/tmp/clang10 lasi_1.1.0-2'
sbuild (Debian sbuild) 0.78.1 (09 February 2019) on ip-172-31-12-161.eu-central-1.compute.internal

+==============================================================================+
| lasi 1.1.0-2 (amd64)                         Tue, 25 Feb 2020 04:24:39 +0000 |
+==============================================================================+

Package: lasi
Version: 1.1.0-2
Source Version: 1.1.0-2
Distribution: unstable
Machine Architecture: amd64
Host Architecture: amd64
Build Architecture: amd64
Build Type: binary

I: NOTICE: Log filtering will replace 'var/run/schroot/mount/sid-amd64-sbuild-3c4870ff-cf05-454c-9b91-d0317f5c5640' with '<<CHROOT>>'

+------------------------------------------------------------------------------+
| Chroot Setup Commands                                                        |
+------------------------------------------------------------------------------+


/tmp/clang10
------------

+ echo 'Entering customization script...'
Entering customization script...
+ CLANG_VERSION=10
+ echo 'Install of clang-10'
Install of clang-10
+ apt-get update
Get:1 http://127.0.0.1:12990/debian sid InRelease [142 kB]
Get:2 http://127.0.0.1:12990/debian sid/main Sources.diff/Index [27.9 kB]
Get:3 http://127.0.0.1:12990/debian sid/main amd64 Packages.diff/Index [27.9 kB]
Get:4 http://127.0.0.1:12990/debian sid/main Sources 2020-02-24-0823.32.pdiff [11.0 kB]
Get:5 http://127.0.0.1:12990/debian sid/main Sources 2020-02-24-1420.34.pdiff [30.2 kB]
Get:6 http://127.0.0.1:12990/debian sid/main Sources 2020-02-24-2014.03.pdiff [16.9 kB]
Get:7 http://127.0.0.1:12990/debian sid/main Sources 2020-02-25-0213.11.pdiff [23.2 kB]
Get:8 http://127.0.0.1:12990/debian sid/main amd64 Packages 2020-02-24-0823.32.pdiff [15.5 kB]
Get:9 http://127.0.0.1:12990/debian sid/main amd64 Packages 2020-02-24-1420.34.pdiff [27.5 kB]
Get:10 http://127.0.0.1:12990/debian sid/main amd64 Packages 2020-02-24-2014.03.pdiff [21.6 kB]
Get:11 http://127.0.0.1:12990/debian sid/main amd64 Packages 2020-02-25-0213.11.pdiff [35.0 kB]
Get:7 http://127.0.0.1:12990/debian sid/main Sources 2020-02-25-0213.11.pdiff [23.2 kB]
Get:11 http://127.0.0.1:12990/debian sid/main amd64 Packages 2020-02-25-0213.11.pdiff [35.0 kB]
Get:12 http://127.0.0.1:12990/debian sid/main Translation-en [6193 kB]
Fetched 6572 kB in 8s (831 kB/s)
Reading package lists...
+ apt-get install --yes --no-install-recommends --force-yes clang-10 libomp-10-dev libobjc-9-dev
Reading package lists...
Building dependency tree...
The following additional packages will be installed:
  lib32gcc-s1 lib32gcc1 lib32stdc++6 libbsd0 libc6-i386 libclang-common-10-dev
  libclang-cpp10 libclang1-10 libedit2 libgc1c2 libllvm10 libobjc4 libomp5-10
  libz3-4
Suggested packages:
  clang-10-doc libomp-10-doc
Recommended packages:
  llvm-10-dev python3
The following NEW packages will be installed:
  clang-10 lib32gcc-s1 lib32gcc1 lib32stdc++6 libbsd0 libc6-i386
  libclang-common-10-dev libclang-cpp10 libclang1-10 libedit2 libgc1c2
  libllvm10 libobjc-9-dev libobjc4 libomp-10-dev libomp5-10 libz3-4
0 upgraded, 17 newly installed, 0 to remove and 2 not upgraded.
Need to get 46.4 MB of archives.
After this operation, 238 MB of additional disk space will be used.
Get:1 http://127.0.0.1:12990/debian sid/main amd64 libbsd0 amd64 0.10.0-1 [107 kB]
Get:2 http://127.0.0.1:12990/debian sid/main amd64 libedit2 amd64 3.1-20191231-1 [95.4 kB]
Get:3 http://127.0.0.1:12990/debian sid/main amd64 libz3-4 amd64 4.8.7-4 [6790 kB]
Get:4 http://127.0.0.1:12990/debian sid/main amd64 libllvm10 amd64 1:10.0.0~+rc2-1 [15.5 MB]
Get:5 http://127.0.0.1:12990/debian sid/main amd64 libclang-cpp10 amd64 1:10.0.0~+rc2-1 [9069 kB]
Get:6 http://127.0.0.1:12990/debian sid/main amd64 libgc1c2 amd64 1:7.6.4-0.4 [224 kB]
Get:7 http://127.0.0.1:12990/debian sid/main amd64 libobjc4 amd64 10-20200222-1 [41.6 kB]
Get:8 http://127.0.0.1:12990/debian sid/main amd64 libobjc-9-dev amd64 9.2.1-29 [219 kB]
Get:9 http://127.0.0.1:12990/debian sid/main amd64 libc6-i386 amd64 2.29-10 [2918 kB]
Get:10 http://127.0.0.1:12990/debian sid/main amd64 lib32gcc-s1 amd64 10-20200222-1 [49.4 kB]
Get:11 http://127.0.0.1:12990/debian sid/main amd64 lib32gcc1 amd64 1:10-20200222-1 [1104 B]
Get:12 http://127.0.0.1:12990/debian sid/main amd64 lib32stdc++6 amd64 10-20200222-1 [510 kB]
Get:13 http://127.0.0.1:12990/debian sid/main amd64 libclang-common-10-dev amd64 1:10.0.0~+rc2-1 [2782 kB]
Get:14 http://127.0.0.1:12990/debian sid/main amd64 libclang1-10 amd64 1:10.0.0~+rc2-1 [7607 kB]
Get:15 http://127.0.0.1:12990/debian sid/main amd64 clang-10 amd64 1:10.0.0~+rc2-1 [103 kB]
Get:16 http://127.0.0.1:12990/debian sid/main amd64 libomp5-10 amd64 1:10.0.0~+rc2-1 [337 kB]
Get:17 http://127.0.0.1:12990/debian sid/main amd64 libomp-10-dev amd64 1:10.0.0~+rc2-1 [84.3 kB]
debconf: delaying package configuration, since apt-utils is not installed
Fetched 46.4 MB in 2s (25.7 MB/s)
Selecting previously unselected package libbsd0:amd64.
(Reading database ... (Reading database ... 5%(Reading database ... 10%(Reading database ... 15%(Reading database ... 20%(Reading database ... 25%(Reading database ... 30%(Reading database ... 35%(Reading database ... 40%(Reading database ... 45%(Reading database ... 50%(Reading database ... 55%(Reading database ... 60%(Reading database ... 65%(Reading database ... 70%(Reading database ... 75%(Reading database ... 80%(Reading database ... 85%(Reading database ... 90%(Reading database ... 95%(Reading database ... 100%(Reading database ... 12119 files and directories currently installed.)
Preparing to unpack .../00-libbsd0_0.10.0-1_amd64.deb ...
Unpacking libbsd0:amd64 (0.10.0-1) ...
Selecting previously unselected package libedit2:amd64.
Preparing to unpack .../01-libedit2_3.1-20191231-1_amd64.deb ...
Unpacking libedit2:amd64 (3.1-20191231-1) ...
Selecting previously unselected package libz3-4:amd64.
Preparing to unpack .../02-libz3-4_4.8.7-4_amd64.deb ...
Unpacking libz3-4:amd64 (4.8.7-4) ...
Selecting previously unselected package libllvm10:amd64.
Preparing to unpack .../03-libllvm10_1%3a10.0.0~+rc2-1_amd64.deb ...
Unpacking libllvm10:amd64 (1:10.0.0~+rc2-1) ...
Selecting previously unselected package libclang-cpp10.
Preparing to unpack .../04-libclang-cpp10_1%3a10.0.0~+rc2-1_amd64.deb ...
Unpacking libclang-cpp10 (1:10.0.0~+rc2-1) ...
Selecting previously unselected package libgc1c2:amd64.
Preparing to unpack .../05-libgc1c2_1%3a7.6.4-0.4_amd64.deb ...
Unpacking libgc1c2:amd64 (1:7.6.4-0.4) ...
Selecting previously unselected package libobjc4:amd64.
Preparing to unpack .../06-libobjc4_10-20200222-1_amd64.deb ...
Unpacking libobjc4:amd64 (10-20200222-1) ...
Selecting previously unselected package libobjc-9-dev:amd64.
Preparing to unpack .../07-libobjc-9-dev_9.2.1-29_amd64.deb ...
Unpacking libobjc-9-dev:amd64 (9.2.1-29) ...
Selecting previously unselected package libc6-i386.
Preparing to unpack .../08-libc6-i386_2.29-10_amd64.deb ...
Unpacking libc6-i386 (2.29-10) ...
Selecting previously unselected package lib32gcc-s1.
Preparing to unpack .../09-lib32gcc-s1_10-20200222-1_amd64.deb ...
Unpacking lib32gcc-s1 (10-20200222-1) ...
Selecting previously unselected package lib32gcc1.
Preparing to unpack .../10-lib32gcc1_1%3a10-20200222-1_amd64.deb ...
Unpacking lib32gcc1 (1:10-20200222-1) ...
Selecting previously unselected package lib32stdc++6.
Preparing to unpack .../11-lib32stdc++6_10-20200222-1_amd64.deb ...
Unpacking lib32stdc++6 (10-20200222-1) ...
Selecting previously unselected package libclang-common-10-dev.
Preparing to unpack .../12-libclang-common-10-dev_1%3a10.0.0~+rc2-1_amd64.deb ...
Unpacking libclang-common-10-dev (1:10.0.0~+rc2-1) ...
Selecting previously unselected package libclang1-10.
Preparing to unpack .../13-libclang1-10_1%3a10.0.0~+rc2-1_amd64.deb ...
Unpacking libclang1-10 (1:10.0.0~+rc2-1) ...
Selecting previously unselected package clang-10.
Preparing to unpack .../14-clang-10_1%3a10.0.0~+rc2-1_amd64.deb ...
Unpacking clang-10 (1:10.0.0~+rc2-1) ...
Selecting previously unselected package libomp5-10:amd64.
Preparing to unpack .../15-libomp5-10_1%3a10.0.0~+rc2-1_amd64.deb ...
Unpacking libomp5-10:amd64 (1:10.0.0~+rc2-1) ...
Selecting previously unselected package libomp-10-dev.
Preparing to unpack .../16-libomp-10-dev_1%3a10.0.0~+rc2-1_amd64.deb ...
Unpacking libomp-10-dev (1:10.0.0~+rc2-1) ...
Setting up libgc1c2:amd64 (1:7.6.4-0.4) ...
Setting up libobjc4:amd64 (10-20200222-1) ...
Setting up libz3-4:amd64 (4.8.7-4) ...
Setting up libobjc-9-dev:amd64 (9.2.1-29) ...
Setting up libomp5-10:amd64 (1:10.0.0~+rc2-1) ...
Setting up libc6-i386 (2.29-10) ...
Setting up libbsd0:amd64 (0.10.0-1) ...
Setting up libomp-10-dev (1:10.0.0~+rc2-1) ...
Setting up libedit2:amd64 (3.1-20191231-1) ...
Setting up libllvm10:amd64 (1:10.0.0~+rc2-1) ...
Setting up lib32gcc-s1 (10-20200222-1) ...
Setting up libclang1-10 (1:10.0.0~+rc2-1) ...
Setting up lib32gcc1 (1:10-20200222-1) ...
Setting up libclang-cpp10 (1:10.0.0~+rc2-1) ...
Setting up lib32stdc++6 (10-20200222-1) ...
Setting up libclang-common-10-dev (1:10.0.0~+rc2-1) ...
Setting up clang-10 (1:10.0.0~+rc2-1) ...
Processing triggers for libc-bin (2.29-10) ...
W: --force-yes is deprecated, use one of the options starting with --allow instead.
+ echo 'Replace gcc, g++ & cpp by clang'
Replace gcc, g++ & cpp by clang
+ VERSIONS='4.6 4.7 4.8 4.9 5 6 7 8 9 10'
+ cd /usr/bin
+ for VERSION in $VERSIONS
+ rm -f g++-4.6 gcc-4.6 cpp-4.6 gcc
+ ln -s clang++-10 g++-4.6
+ ln -s clang-10 gcc-4.6
+ ln -s clang-10 cpp-4.6
+ ln -s clang-10 gcc
+ dpkg --set-selections
+ echo 'gcc-4.6 hold'
dpkg: warning: package not in status nor available database at line 1: gcc-4.6
dpkg: warning: found unknown packages; this might mean the available database
is outdated, and needs to be updated through a frontend method;
please see the FAQ <https://wiki.debian.org/Teams/Dpkg/FAQ>
+ dpkg --set-selections
+ echo 'g++-4.6 hold'
dpkg: warning: package not in status nor available database at line 1: g++-4.6
dpkg: warning: found unknown packages; this might mean the available database
is outdated, and needs to be updated through a frontend method;
please see the FAQ <https://wiki.debian.org/Teams/Dpkg/FAQ>
+ for VERSION in $VERSIONS
+ rm -f g++-4.7 gcc-4.7 cpp-4.7 gcc
+ ln -s clang++-10 g++-4.7
+ ln -s clang-10 gcc-4.7
+ ln -s clang-10 cpp-4.7
+ ln -s clang-10 gcc
+ echo 'gcc-4.7 hold'
+ dpkg --set-selections
dpkg: warning: package not in status nor available database at line 1: gcc-4.7
dpkg: warning: found unknown packages; this might mean the available database
is outdated, and needs to be updated through a frontend method;
please see the FAQ <https://wiki.debian.org/Teams/Dpkg/FAQ>
+ dpkg --set-selections
+ echo 'g++-4.7 hold'
dpkg: warning: package not in status nor available database at line 1: g++-4.7
dpkg: warning: found unknown packages; this might mean the available database
is outdated, and needs to be updated through a frontend method;
please see the FAQ <https://wiki.debian.org/Teams/Dpkg/FAQ>
+ for VERSION in $VERSIONS
+ rm -f g++-4.8 gcc-4.8 cpp-4.8 gcc
+ ln -s clang++-10 g++-4.8
+ ln -s clang-10 gcc-4.8
+ ln -s clang-10 cpp-4.8
+ ln -s clang-10 gcc
+ dpkg --set-selections
+ echo 'gcc-4.8 hold'
dpkg: warning: package not in status nor available database at line 1: gcc-4.8
dpkg: warning: found unknown packages; this might mean the available database
is outdated, and needs to be updated through a frontend method;
please see the FAQ <https://wiki.debian.org/Teams/Dpkg/FAQ>
+ echo 'g++-4.8 hold'
+ dpkg --set-selections
dpkg: warning: package not in status nor available database at line 1: g++-4.8
dpkg: warning: found unknown packages; this might mean the available database
is outdated, and needs to be updated through a frontend method;
please see the FAQ <https://wiki.debian.org/Teams/Dpkg/FAQ>
+ for VERSION in $VERSIONS
+ rm -f g++-4.9 gcc-4.9 cpp-4.9 gcc
+ ln -s clang++-10 g++-4.9
+ ln -s clang-10 gcc-4.9
+ ln -s clang-10 cpp-4.9
+ ln -s clang-10 gcc
+ dpkg --set-selections
+ echo 'gcc-4.9 hold'
dpkg: warning: package not in status nor available database at line 1: gcc-4.9
dpkg: warning: found unknown packages; this might mean the available database
is outdated, and needs to be updated through a frontend method;
please see the FAQ <https://wiki.debian.org/Teams/Dpkg/FAQ>
+ echo 'g++-4.9 hold'
+ dpkg --set-selections
dpkg: warning: package not in status nor available database at line 1: g++-4.9
dpkg: warning: found unknown packages; this might mean the available database
is outdated, and needs to be updated through a frontend method;
please see the FAQ <https://wiki.debian.org/Teams/Dpkg/FAQ>
+ for VERSION in $VERSIONS
+ rm -f g++-5 gcc-5 cpp-5 gcc
+ ln -s clang++-10 g++-5
+ ln -s clang-10 gcc-5
+ ln -s clang-10 cpp-5
+ ln -s clang-10 gcc
+ echo 'gcc-5 hold'
+ dpkg --set-selections
dpkg: warning: package not in status nor available database at line 1: gcc-5
dpkg: warning: found unknown packages; this might mean the available database
is outdated, and needs to be updated through a frontend method;
please see the FAQ <https://wiki.debian.org/Teams/Dpkg/FAQ>
+ echo 'g++-5 hold'
+ dpkg --set-selections
dpkg: warning: package not in status nor available database at line 1: g++-5
dpkg: warning: found unknown packages; this might mean the available database
is outdated, and needs to be updated through a frontend method;
please see the FAQ <https://wiki.debian.org/Teams/Dpkg/FAQ>
+ for VERSION in $VERSIONS
+ rm -f g++-6 gcc-6 cpp-6 gcc
+ ln -s clang++-10 g++-6
+ ln -s clang-10 gcc-6
+ ln -s clang-10 cpp-6
+ ln -s clang-10 gcc
+ echo 'gcc-6 hold'
+ dpkg --set-selections
dpkg: warning: package not in status nor available database at line 1: gcc-6
dpkg: warning: found unknown packages; this might mean the available database
is outdated, and needs to be updated through a frontend method;
please see the FAQ <https://wiki.debian.org/Teams/Dpkg/FAQ>
+ dpkg --set-selections
+ echo 'g++-6 hold'
dpkg: warning: package not in status nor available database at line 1: g++-6
dpkg: warning: found unknown packages; this might mean the available database
is outdated, and needs to be updated through a frontend method;
please see the FAQ <https://wiki.debian.org/Teams/Dpkg/FAQ>
+ for VERSION in $VERSIONS
+ rm -f g++-7 gcc-7 cpp-7 gcc
+ ln -s clang++-10 g++-7
+ ln -s clang-10 gcc-7
+ ln -s clang-10 cpp-7
+ ln -s clang-10 gcc
+ dpkg --set-selections
+ echo 'gcc-7 hold'
dpkg: warning: package not in status nor available database at line 1: gcc-7
dpkg: warning: found unknown packages; this might mean the available database
is outdated, and needs to be updated through a frontend method;
please see the FAQ <https://wiki.debian.org/Teams/Dpkg/FAQ>
+ dpkg --set-selections
+ echo 'g++-7 hold'
dpkg: warning: package not in status nor available database at line 1: g++-7
dpkg: warning: found unknown packages; this might mean the available database
is outdated, and needs to be updated through a frontend method;
please see the FAQ <https://wiki.debian.org/Teams/Dpkg/FAQ>
+ for VERSION in $VERSIONS
+ rm -f g++-8 gcc-8 cpp-8 gcc
+ ln -s clang++-10 g++-8
+ ln -s clang-10 gcc-8
+ ln -s clang-10 cpp-8
+ ln -s clang-10 gcc
+ echo 'gcc-8 hold'
+ dpkg --set-selections
dpkg: warning: package not in status nor available database at line 1: gcc-8
dpkg: warning: found unknown packages; this might mean the available database
is outdated, and needs to be updated through a frontend method;
please see the FAQ <https://wiki.debian.org/Teams/Dpkg/FAQ>
+ dpkg --set-selections
+ echo 'g++-8 hold'
dpkg: warning: package not in status nor available database at line 1: g++-8
dpkg: warning: found unknown packages; this might mean the available database
is outdated, and needs to be updated through a frontend method;
please see the FAQ <https://wiki.debian.org/Teams/Dpkg/FAQ>
+ for VERSION in $VERSIONS
+ rm -f g++-9 gcc-9 cpp-9 gcc
+ ln -s clang++-10 g++-9
+ ln -s clang-10 gcc-9
+ ln -s clang-10 cpp-9
+ ln -s clang-10 gcc
+ dpkg --set-selections
+ echo 'gcc-9 hold'
+ dpkg --set-selections
+ echo 'g++-9 hold'
+ for VERSION in $VERSIONS
+ rm -f g++-10 gcc-10 cpp-10 gcc
+ ln -s clang++-10 g++-10
+ ln -s clang-10 gcc-10
+ ln -s clang-10 cpp-10
+ ln -s clang-10 gcc
+ dpkg --set-selections
+ echo 'gcc-10 hold'
dpkg: warning: package not in status nor available database at line 1: gcc-10
dpkg: warning: found unknown packages; this might mean the available database
is outdated, and needs to be updated through a frontend method;
please see the FAQ <https://wiki.debian.org/Teams/Dpkg/FAQ>
+ echo 'g++-10 hold'
+ dpkg --set-selections
dpkg: warning: package not in status nor available database at line 1: g++-10
dpkg: warning: found unknown packages; this might mean the available database
is outdated, and needs to be updated through a frontend method;
please see the FAQ <https://wiki.debian.org/Teams/Dpkg/FAQ>
+ cd -
/build/lasi-KKLk0m
+ echo 'Check if gcc, g++ & cpp are actually clang'
Check if gcc, g++ & cpp are actually clang
+ grep clang
+ gcc --version
+ cpp --version
+ grep clang
+ grep clang
+ g++ --version

I: Finished running '/tmp/clang10'.

Finished processing commands.
--------------------------------------------------------------------------------
I: NOTICE: Log filtering will replace 'build/lasi-KKLk0m/resolver-aPbrYf' with '<<RESOLVERDIR>>'

+------------------------------------------------------------------------------+
| Update chroot                                                                |
+------------------------------------------------------------------------------+

Hit:1 http://127.0.0.1:12990/debian sid InRelease
Reading package lists...
Reading package lists...
Building dependency tree...
Reading state information...
Calculating upgrade...
The following packages will be upgraded:
  libgmp10 zlib1g
2 upgraded, 0 newly installed, 0 to remove and 0 not upgraded.
Need to get 343 kB of archives.
After this operation, 0 B of additional disk space will be used.
Get:1 http://127.0.0.1:12990/debian sid/main amd64 libgmp10 amd64 2:6.2.0+dfsg-4 [253 kB]
Get:2 http://127.0.0.1:12990/debian sid/main amd64 zlib1g amd64 1:1.2.11.dfsg-2 [90.4 kB]
debconf: delaying package configuration, since apt-utils is not installed
Fetched 343 kB in 0s (3608 kB/s)
(Reading database ... (Reading database ... 5%(Reading database ... 10%(Reading database ... 15%(Reading database ... 20%(Reading database ... 25%(Reading database ... 30%(Reading database ... 35%(Reading database ... 40%(Reading database ... 45%(Reading database ... 50%(Reading database ... 55%(Reading database ... 60%(Reading database ... 65%(Reading database ... 70%(Reading database ... 75%(Reading database ... 80%(Reading database ... 85%(Reading database ... 90%(Reading database ... 95%(Reading database ... 100%(Reading database ... 12960 files and directories currently installed.)
Preparing to unpack .../libgmp10_2%3a6.2.0+dfsg-4_amd64.deb ...
Unpacking libgmp10:amd64 (2:6.2.0+dfsg-4) over (2:6.2.0+dfsg-3) ...
Setting up libgmp10:amd64 (2:6.2.0+dfsg-4) ...
(Reading database ... (Reading database ... 5%(Reading database ... 10%(Reading database ... 15%(Reading database ... 20%(Reading database ... 25%(Reading database ... 30%(Reading database ... 35%(Reading database ... 40%(Reading database ... 45%(Reading database ... 50%(Reading database ... 55%(Reading database ... 60%(Reading database ... 65%(Reading database ... 70%(Reading database ... 75%(Reading database ... 80%(Reading database ... 85%(Reading database ... 90%(Reading database ... 95%(Reading database ... 100%(Reading database ... 12960 files and directories currently installed.)
Preparing to unpack .../zlib1g_1%3a1.2.11.dfsg-2_amd64.deb ...
Unpacking zlib1g:amd64 (1:1.2.11.dfsg-2) over (1:1.2.11.dfsg-1.2) ...
Setting up zlib1g:amd64 (1:1.2.11.dfsg-2) ...
Processing triggers for libc-bin (2.29-10) ...

+------------------------------------------------------------------------------+
| Fetch source files                                                           |
+------------------------------------------------------------------------------+


Check APT
---------

Checking available source versions...

Download source files with APT
------------------------------

Reading package lists...
NOTICE: 'lasi' packaging is maintained in the 'Svn' version control system at:
https://lasi.svn.sourceforge.net/svnroot/lasi/trunk/debian/
Need to get 207 kB of source archives.
Get:1 http://127.0.0.1:12990/debian sid/main lasi 1.1.0-2 (dsc) [1966 B]
Get:2 http://127.0.0.1:12990/debian sid/main lasi 1.1.0-2 (tar) [200 kB]
Get:3 http://127.0.0.1:12990/debian sid/main lasi 1.1.0-2 (diff) [4784 B]
Fetched 207 kB in 0s (851 kB/s)
Download complete and in download only mode
I: NOTICE: Log filtering will replace 'build/lasi-KKLk0m/lasi-1.1.0' with '<<PKGBUILDDIR>>'
I: NOTICE: Log filtering will replace 'build/lasi-KKLk0m' with '<<BUILDDIR>>'

+------------------------------------------------------------------------------+
| Install package build dependencies                                           |
+------------------------------------------------------------------------------+


Setup apt archive
-----------------

Merged Build-Depends: debhelper (>= 5.0.0), cmake, libpango1.0-dev, cdbs (>= 0.4.51), libfreetype6-dev (>= 2.2), doxygen, build-essential, fakeroot
Filtered Build-Depends: debhelper (>= 5.0.0), cmake, libpango1.0-dev, cdbs (>= 0.4.51), libfreetype6-dev (>= 2.2), doxygen, build-essential, fakeroot
dpkg-deb: building package 'sbuild-build-depends-main-dummy' in '/<<RESOLVERDIR>>/apt_archive/sbuild-build-depends-main-dummy.deb'.
Ign:1 copy:/<<RESOLVERDIR>>/apt_archive ./ InRelease
Get:2 copy:/<<RESOLVERDIR>>/apt_archive ./ Release [957 B]
Ign:3 copy:/<<RESOLVERDIR>>/apt_archive ./ Release.gpg
Get:4 copy:/<<RESOLVERDIR>>/apt_archive ./ Sources [413 B]
Get:5 copy:/<<RESOLVERDIR>>/apt_archive ./ Packages [496 B]
Fetched 1866 B in 0s (25.6 kB/s)
Reading package lists...
Reading package lists...

Install main build dependencies (apt-based resolver)
----------------------------------------------------

Installing build dependencies
Reading package lists...
Building dependency tree...
Reading state information...
The following additional packages will be installed:
  autoconf automake autopoint autotools-dev bsdmainutils cdbs cmake cmake-data
  debhelper dh-autoreconf dh-strip-nondeterminism doxygen dwz file fontconfig
  fontconfig-config fonts-dejavu-core gettext gettext-base gir1.2-freedesktop
  gir1.2-glib-2.0 gir1.2-harfbuzz-0.0 gir1.2-pango-1.0 groff-base icu-devtools
  intltool-debian libarchive-zip-perl libarchive13 libblkid-dev libbrotli1
  libcairo-gobject2 libcairo-script-interpreter2 libcairo2 libcairo2-dev
  libclang1-9 libcroco3 libcurl4 libdatrie1 libdebhelper-perl libelf1
  libexpat1 libexpat1-dev libffi-dev libfile-stripnondeterminism-perl
  libfontconfig1 libfontconfig1-dev libfreetype-dev libfreetype6
  libfreetype6-dev libfribidi-dev libfribidi0 libgirepository-1.0-1
  libglib2.0-0 libglib2.0-bin libglib2.0-data libglib2.0-dev
  libglib2.0-dev-bin libgraphite2-3 libgraphite2-dev libgssapi-krb5-2
  libharfbuzz-dev libharfbuzz-gobject0 libharfbuzz-icu0 libharfbuzz0b
  libice-dev libice6 libicu-dev libicu63 libjsoncpp1 libk5crypto3 libkeyutils1
  libkrb5-3 libkrb5support0 libldap-2.4-2 libldap-common libllvm9 liblzo2-2
  libmagic-mgc libmagic1 libmount-dev libmpdec2 libncurses6 libnghttp2-14
  libpango-1.0-0 libpango1.0-dev libpangocairo-1.0-0 libpangoft2-1.0-0
  libpangoxft-1.0-0 libpcre16-3 libpcre2-16-0 libpcre2-32-0 libpcre2-dev
  libpcre2-posix2 libpcre3-dev libpcre32-3 libpcrecpp0v5 libpipeline1
  libpixman-1-0 libpixman-1-dev libpng-dev libpng16-16 libprocps8 libpsl5
  libpthread-stubs0-dev libpython3-stdlib libpython3.7-minimal
  libpython3.7-stdlib libreadline8 librhash0 librtmp1 libsasl2-2
  libsasl2-modules-db libselinux1-dev libsepol1-dev libsigsegv2 libsm-dev
  libsm6 libsqlite3-0 libssh2-1 libssl1.1 libsub-override-perl libthai-data
  libthai0 libtool libuchardet0 libuv1 libx11-6 libx11-data libx11-dev
  libxapian30 libxau-dev libxau6 libxcb-render0 libxcb-render0-dev libxcb-shm0
  libxcb-shm0-dev libxcb1 libxcb1-dev libxdmcp-dev libxdmcp6 libxext-dev
  libxext6 libxft-dev libxft2 libxml2 libxrender-dev libxrender1 m4 man-db
  mime-support pango1.0-tools pkg-config po-debconf procps python3
  python3-distutils python3-lib2to3 python3-minimal python3.7
  python3.7-minimal readline-common sensible-utils ucf uuid-dev x11-common
  x11proto-core-dev x11proto-dev x11proto-xext-dev xorg-sgml-doctools
  xtrans-dev zlib1g-dev
Suggested packages:
  autoconf-archive gnu-standards autoconf-doc wamerican | wordlist whois
  vacation devscripts cmake-doc ninja-build dh-make doxygen-latex doxygen-doc
  doxygen-gui graphviz gettext-doc libasprintf-dev libgettextpo-dev groff
  lrzip libcairo2-doc freetype2-doc libgirepository1.0-dev libglib2.0-doc
  libgdk-pixbuf2.0-bin | libgdk-pixbuf2.0-dev libxml2-utils libgraphite2-utils
  krb5-doc krb5-user libice-doc icu-doc imagemagick libpango1.0-doc libsm-doc
  libtool-doc gfortran | fortran95-compiler gcj-jdk libx11-doc xapian-tools
  libxcb-doc libxext-doc m4-doc apparmor less www-browser libmail-box-perl
  python3-doc python3-tk python3-venv python3.7-venv python3.7-doc
  binfmt-support readline-doc
Recommended packages:
  curl | wget | lynx ca-certificates libarchive-cpio-perl shared-mime-info
  xdg-user-dirs krb5-locales libgpm2 libpng-tools publicsuffix
  libsasl2-modules libltdl-dev libmail-sendmail-perl psmisc
The following NEW packages will be installed:
  autoconf automake autopoint autotools-dev bsdmainutils cdbs cmake cmake-data
  debhelper dh-autoreconf dh-strip-nondeterminism doxygen dwz file fontconfig
  fontconfig-config fonts-dejavu-core gettext gettext-base gir1.2-freedesktop
  gir1.2-glib-2.0 gir1.2-harfbuzz-0.0 gir1.2-pango-1.0 groff-base icu-devtools
  intltool-debian libarchive-zip-perl libarchive13 libblkid-dev libbrotli1
  libcairo-gobject2 libcairo-script-interpreter2 libcairo2 libcairo2-dev
  libclang1-9 libcroco3 libcurl4 libdatrie1 libdebhelper-perl libelf1
  libexpat1 libexpat1-dev libffi-dev libfile-stripnondeterminism-perl
  libfontconfig1 libfontconfig1-dev libfreetype-dev libfreetype6
  libfreetype6-dev libfribidi-dev libfribidi0 libgirepository-1.0-1
  libglib2.0-0 libglib2.0-bin libglib2.0-data libglib2.0-dev
  libglib2.0-dev-bin libgraphite2-3 libgraphite2-dev libgssapi-krb5-2
  libharfbuzz-dev libharfbuzz-gobject0 libharfbuzz-icu0 libharfbuzz0b
  libice-dev libice6 libicu-dev libicu63 libjsoncpp1 libk5crypto3 libkeyutils1
  libkrb5-3 libkrb5support0 libldap-2.4-2 libldap-common libllvm9 liblzo2-2
  libmagic-mgc libmagic1 libmount-dev libmpdec2 libncurses6 libnghttp2-14
  libpango-1.0-0 libpango1.0-dev libpangocairo-1.0-0 libpangoft2-1.0-0
  libpangoxft-1.0-0 libpcre16-3 libpcre2-16-0 libpcre2-32-0 libpcre2-dev
  libpcre2-posix2 libpcre3-dev libpcre32-3 libpcrecpp0v5 libpipeline1
  libpixman-1-0 libpixman-1-dev libpng-dev libpng16-16 libprocps8 libpsl5
  libpthread-stubs0-dev libpython3-stdlib libpython3.7-minimal
  libpython3.7-stdlib libreadline8 librhash0 librtmp1 libsasl2-2
  libsasl2-modules-db libselinux1-dev libsepol1-dev libsigsegv2 libsm-dev
  libsm6 libsqlite3-0 libssh2-1 libssl1.1 libsub-override-perl libthai-data
  libthai0 libtool libuchardet0 libuv1 libx11-6 libx11-data libx11-dev
  libxapian30 libxau-dev libxau6 libxcb-render0 libxcb-render0-dev libxcb-shm0
  libxcb-shm0-dev libxcb1 libxcb1-dev libxdmcp-dev libxdmcp6 libxext-dev
  libxext6 libxft-dev libxft2 libxml2 libxrender-dev libxrender1 m4 man-db
  mime-support pango1.0-tools pkg-config po-debconf procps python3
  python3-distutils python3-lib2to3 python3-minimal python3.7
  python3.7-minimal readline-common sbuild-build-depends-main-dummy
  sensible-utils ucf uuid-dev x11-common x11proto-core-dev x11proto-dev
  x11proto-xext-dev xorg-sgml-doctools xtrans-dev zlib1g-dev
0 upgraded, 172 newly installed, 0 to remove and 0 not upgraded.
Need to get 103 MB of archives.
After this operation, 405 MB of additional disk space will be used.
Get:1 copy:/<<RESOLVERDIR>>/apt_archive ./ sbuild-build-depends-main-dummy 0.invalid.0 [924 B]
Get:2 http://127.0.0.1:12990/debian sid/main amd64 bsdmainutils amd64 11.1.2+b1 [191 kB]
Get:3 http://127.0.0.1:12990/debian sid/main amd64 libuchardet0 amd64 0.0.6-3 [64.9 kB]
Get:4 http://127.0.0.1:12990/debian sid/main amd64 groff-base amd64 1.22.4-4 [919 kB]
Get:5 http://127.0.0.1:12990/debian sid/main amd64 libpipeline1 amd64 1.5.2-2 [33.9 kB]
Get:6 http://127.0.0.1:12990/debian sid/main amd64 man-db amd64 2.9.0-2 [1307 kB]
Get:7 http://127.0.0.1:12990/debian sid/main amd64 libssl1.1 amd64 1.1.1d-2 [1540 kB]
Get:8 http://127.0.0.1:12990/debian sid/main amd64 libpython3.7-minimal amd64 3.7.6-1+b1 [591 kB]
Get:9 http://127.0.0.1:12990/debian sid/main amd64 libexpat1 amd64 2.2.9-1 [94.3 kB]
Get:10 http://127.0.0.1:12990/debian sid/main amd64 python3.7-minimal amd64 3.7.6-1+b1 [1813 kB]
Get:11 http://127.0.0.1:12990/debian sid/main amd64 python3-minimal amd64 3.7.5-3 [36.8 kB]
Get:12 http://127.0.0.1:12990/debian sid/main amd64 mime-support all 3.64 [37.8 kB]
Get:13 http://127.0.0.1:12990/debian sid/main amd64 libmpdec2 amd64 2.4.2-2 [87.2 kB]
Get:14 http://127.0.0.1:12990/debian sid/main amd64 readline-common all 8.0-3 [72.5 kB]
Get:15 http://127.0.0.1:12990/debian sid/main amd64 libreadline8 amd64 8.0-3 [160 kB]
Get:16 http://127.0.0.1:12990/debian sid/main amd64 libsqlite3-0 amd64 3.31.1-3 [661 kB]
Get:17 http://127.0.0.1:12990/debian sid/main amd64 libpython3.7-stdlib amd64 3.7.6-1+b1 [1735 kB]
Get:18 http://127.0.0.1:12990/debian sid/main amd64 python3.7 amd64 3.7.6-1+b1 [351 kB]
Get:19 http://127.0.0.1:12990/debian sid/main amd64 libpython3-stdlib amd64 3.7.5-3 [20.2 kB]
Get:20 http://127.0.0.1:12990/debian sid/main amd64 python3 amd64 3.7.5-3 [62.1 kB]
Get:21 http://127.0.0.1:12990/debian sid/main amd64 libncurses6 amd64 6.1+20191019-1 [102 kB]
Get:22 http://127.0.0.1:12990/debian sid/main amd64 libprocps8 amd64 2:3.3.16-1+b1 [62.8 kB]
Get:23 http://127.0.0.1:12990/debian sid/main amd64 procps amd64 2:3.3.16-1+b1 [263 kB]
Get:24 http://127.0.0.1:12990/debian sid/main amd64 sensible-utils all 0.0.12+nmu1 [16.0 kB]
Get:25 http://127.0.0.1:12990/debian sid/main amd64 libmagic-mgc amd64 1:5.38-4 [262 kB]
Get:26 http://127.0.0.1:12990/debian sid/main amd64 libmagic1 amd64 1:5.38-4 [120 kB]
Get:27 http://127.0.0.1:12990/debian sid/main amd64 file amd64 1:5.38-4 [67.9 kB]
Get:28 http://127.0.0.1:12990/debian sid/main amd64 gettext-base amd64 0.19.8.1-10 [123 kB]
Get:29 http://127.0.0.1:12990/debian sid/main amd64 ucf all 3.0038+nmu1 [69.0 kB]
Get:30 http://127.0.0.1:12990/debian sid/main amd64 libsigsegv2 amd64 2.12-2 [32.8 kB]
Get:31 http://127.0.0.1:12990/debian sid/main amd64 m4 amd64 1.4.18-4 [203 kB]
Get:32 http://127.0.0.1:12990/debian sid/main amd64 autoconf all 2.69-11.1 [341 kB]
Get:33 http://127.0.0.1:12990/debian sid/main amd64 autotools-dev all 20180224.1 [77.0 kB]
Get:34 http://127.0.0.1:12990/debian sid/main amd64 automake all 1:1.16.1-4 [771 kB]
Get:35 http://127.0.0.1:12990/debian sid/main amd64 autopoint all 0.19.8.1-10 [435 kB]
Get:36 http://127.0.0.1:12990/debian sid/main amd64 cdbs all 0.4.159 [83.7 kB]
Get:37 http://127.0.0.1:12990/debian sid/main amd64 cmake-data all 3.16.3-1 [1628 kB]
Get:38 http://127.0.0.1:12990/debian sid/main amd64 libicu63 amd64 63.2-2 [8301 kB]
Get:39 http://127.0.0.1:12990/debian sid/main amd64 libxml2 amd64 2.9.10+dfsg-3 [709 kB]
Get:40 http://127.0.0.1:12990/debian sid/main amd64 libarchive13 amd64 3.4.0-1+b1 [335 kB]
Get:41 http://127.0.0.1:12990/debian sid/main amd64 libbrotli1 amd64 1.0.7-6 [266 kB]
Get:42 http://127.0.0.1:12990/debian sid/main amd64 libkeyutils1 amd64 1.6.1-2 [15.4 kB]
Get:43 http://127.0.0.1:12990/debian sid/main amd64 libkrb5support0 amd64 1.17-6 [64.6 kB]
Get:44 http://127.0.0.1:12990/debian sid/main amd64 libk5crypto3 amd64 1.17-6 [116 kB]
Get:45 http://127.0.0.1:12990/debian sid/main amd64 libkrb5-3 amd64 1.17-6 [366 kB]
Get:46 http://127.0.0.1:12990/debian sid/main amd64 libgssapi-krb5-2 amd64 1.17-6 [156 kB]
Get:47 http://127.0.0.1:12990/debian sid/main amd64 libsasl2-modules-db amd64 2.1.27+dfsg-2 [69.0 kB]
Get:48 http://127.0.0.1:12990/debian sid/main amd64 libsasl2-2 amd64 2.1.27+dfsg-2 [106 kB]
Get:49 http://127.0.0.1:12990/debian sid/main amd64 libldap-common all 2.4.49+dfsg-1 [91.9 kB]
Get:50 http://127.0.0.1:12990/debian sid/main amd64 libldap-2.4-2 amd64 2.4.49+dfsg-1 [226 kB]
Get:51 http://127.0.0.1:12990/debian sid/main amd64 libnghttp2-14 amd64 1.40.0-1 [85.0 kB]
Get:52 http://127.0.0.1:12990/debian sid/main amd64 libpsl5 amd64 0.20.2-2 [53.7 kB]
Get:53 http://127.0.0.1:12990/debian sid/main amd64 librtmp1 amd64 2.4+20151223.gitfa8646d.1-2+b1 [60.8 kB]
Get:54 http://127.0.0.1:12990/debian sid/main amd64 libssh2-1 amd64 1.8.0-2.1 [140 kB]
Get:55 http://127.0.0.1:12990/debian sid/main amd64 libcurl4 amd64 7.68.0-1 [321 kB]
Get:56 http://127.0.0.1:12990/debian sid/main amd64 libjsoncpp1 amd64 1.7.4-3.1 [77.6 kB]
Get:57 http://127.0.0.1:12990/debian sid/main amd64 librhash0 amd64 1.3.9-1 [123 kB]
Get:58 http://127.0.0.1:12990/debian sid/main amd64 libuv1 amd64 1.34.2-1 [127 kB]
Get:59 http://127.0.0.1:12990/debian sid/main amd64 cmake amd64 3.16.3-1 [3673 kB]
Get:60 http://127.0.0.1:12990/debian sid/main amd64 libtool all 2.4.6-13 [513 kB]
Get:61 http://127.0.0.1:12990/debian sid/main amd64 dh-autoreconf all 19 [16.9 kB]
Get:62 http://127.0.0.1:12990/debian sid/main amd64 libdebhelper-perl all 12.9 [183 kB]
Get:63 http://127.0.0.1:12990/debian sid/main amd64 libarchive-zip-perl all 1.67-1 [104 kB]
Get:64 http://127.0.0.1:12990/debian sid/main amd64 libsub-override-perl all 0.09-2 [10.2 kB]
Get:65 http://127.0.0.1:12990/debian sid/main amd64 libfile-stripnondeterminism-perl all 1.6.3-2 [23.7 kB]
Get:66 http://127.0.0.1:12990/debian sid/main amd64 dh-strip-nondeterminism all 1.6.3-2 [14.7 kB]
Get:67 http://127.0.0.1:12990/debian sid/main amd64 libelf1 amd64 0.176-1.1 [161 kB]
Get:68 http://127.0.0.1:12990/debian sid/main amd64 dwz amd64 0.13-5 [151 kB]
Get:69 http://127.0.0.1:12990/debian sid/main amd64 libglib2.0-0 amd64 2.62.4-2 [1319 kB]
Get:70 http://127.0.0.1:12990/debian sid/main amd64 libcroco3 amd64 0.6.13-1 [146 kB]
Get:71 http://127.0.0.1:12990/debian sid/main amd64 gettext amd64 0.19.8.1-10 [1303 kB]
Get:72 http://127.0.0.1:12990/debian sid/main amd64 intltool-debian all 0.35.0+20060710.5 [26.8 kB]
Get:73 http://127.0.0.1:12990/debian sid/main amd64 po-debconf all 1.0.21 [248 kB]
Get:74 http://127.0.0.1:12990/debian sid/main amd64 debhelper all 12.9 [994 kB]
Get:75 http://127.0.0.1:12990/debian sid/main amd64 libllvm9 amd64 1:9.0.1-8 [15.0 MB]
Get:76 http://127.0.0.1:12990/debian sid/main amd64 libclang1-9 amd64 1:9.0.1-8 [6719 kB]
Get:77 http://127.0.0.1:12990/debian sid/main amd64 libxapian30 amd64 1.4.14-2 [1085 kB]
Get:78 http://127.0.0.1:12990/debian sid/main amd64 doxygen amd64 1.8.16-2 [9455 kB]
Get:79 http://127.0.0.1:12990/debian sid/main amd64 libpng16-16 amd64 1.6.37-2 [292 kB]
Get:80 http://127.0.0.1:12990/debian sid/main amd64 libfreetype6 amd64 2.10.1-2 [392 kB]
Get:81 http://127.0.0.1:12990/debian sid/main amd64 fonts-dejavu-core all 2.37-1 [1068 kB]
Get:82 http://127.0.0.1:12990/debian sid/main amd64 fontconfig-config all 2.13.1-2 [280 kB]
Get:83 http://127.0.0.1:12990/debian sid/main amd64 libfontconfig1 amd64 2.13.1-2+b1 [347 kB]
Get:84 http://127.0.0.1:12990/debian sid/main amd64 fontconfig amd64 2.13.1-2+b1 [405 kB]
Get:85 http://127.0.0.1:12990/debian sid/main amd64 libgirepository-1.0-1 amd64 1.62.0-5 [95.3 kB]
Get:86 http://127.0.0.1:12990/debian sid/main amd64 gir1.2-glib-2.0 amd64 1.62.0-5 [146 kB]
Get:87 http://127.0.0.1:12990/debian sid/main amd64 gir1.2-freedesktop amd64 1.62.0-5 [32.0 kB]
Get:88 http://127.0.0.1:12990/debian sid/main amd64 libgraphite2-3 amd64 1.3.13-11 [80.9 kB]
Get:89 http://127.0.0.1:12990/debian sid/main amd64 libharfbuzz0b amd64 2.6.4-1 [1360 kB]
Get:90 http://127.0.0.1:12990/debian sid/main amd64 gir1.2-harfbuzz-0.0 amd64 2.6.4-1 [997 kB]
Get:91 http://127.0.0.1:12990/debian sid/main amd64 libfribidi0 amd64 1.0.8-2 [64.8 kB]
Get:92 http://127.0.0.1:12990/debian sid/main amd64 libthai-data all 0.1.28-3 [170 kB]
Get:93 http://127.0.0.1:12990/debian sid/main amd64 libdatrie1 amd64 0.2.12-3 [39.5 kB]
Get:94 http://127.0.0.1:12990/debian sid/main amd64 libthai0 amd64 0.1.28-3 [54.2 kB]
Get:95 http://127.0.0.1:12990/debian sid/main amd64 libpango-1.0-0 amd64 1.42.4-8 [186 kB]
Get:96 http://127.0.0.1:12990/debian sid/main amd64 libpixman-1-0 amd64 0.36.0-1 [537 kB]
Get:97 http://127.0.0.1:12990/debian sid/main amd64 libxau6 amd64 1:1.0.8-1+b2 [19.9 kB]
Get:98 http://127.0.0.1:12990/debian sid/main amd64 libxdmcp6 amd64 1:1.1.2-3 [26.3 kB]
Get:99 http://127.0.0.1:12990/debian sid/main amd64 libxcb1 amd64 1.13.1-5 [137 kB]
Get:100 http://127.0.0.1:12990/debian sid/main amd64 libx11-data all 2:1.6.8-1 [298 kB]
Get:101 http://127.0.0.1:12990/debian sid/main amd64 libx11-6 amd64 2:1.6.8-1 [756 kB]
Get:102 http://127.0.0.1:12990/debian sid/main amd64 libxcb-render0 amd64 1.13.1-5 [109 kB]
Get:103 http://127.0.0.1:12990/debian sid/main amd64 libxcb-shm0 amd64 1.13.1-5 [99.3 kB]
Get:104 http://127.0.0.1:12990/debian sid/main amd64 libxext6 amd64 2:1.3.3-1+b2 [52.5 kB]
Get:105 http://127.0.0.1:12990/debian sid/main amd64 libxrender1 amd64 1:0.9.10-1 [33.0 kB]
Get:106 http://127.0.0.1:12990/debian sid/main amd64 libcairo2 amd64 1.16.0-4 [689 kB]
Get:107 http://127.0.0.1:12990/debian sid/main amd64 libpangoft2-1.0-0 amd64 1.42.4-8 [68.2 kB]
Get:108 http://127.0.0.1:12990/debian sid/main amd64 libpangocairo-1.0-0 amd64 1.42.4-8 [55.7 kB]
Get:109 http://127.0.0.1:12990/debian sid/main amd64 libxft2 amd64 2.3.2-2 [57.2 kB]
Get:110 http://127.0.0.1:12990/debian sid/main amd64 libpangoxft-1.0-0 amd64 1.42.4-8 [50.0 kB]
Get:111 http://127.0.0.1:12990/debian sid/main amd64 gir1.2-pango-1.0 amd64 1.42.4-8 [55.6 kB]
Get:112 http://127.0.0.1:12990/debian sid/main amd64 icu-devtools amd64 63.2-2 [189 kB]
Get:113 http://127.0.0.1:12990/debian sid/main amd64 uuid-dev amd64 2.34-0.1 [93.5 kB]
Get:114 http://127.0.0.1:12990/debian sid/main amd64 libblkid-dev amd64 2.34-0.1 [226 kB]
Get:115 http://127.0.0.1:12990/debian sid/main amd64 libcairo-gobject2 amd64 1.16.0-4 [124 kB]
Get:116 http://127.0.0.1:12990/debian sid/main amd64 liblzo2-2 amd64 2.10-2 [56.9 kB]
Get:117 http://127.0.0.1:12990/debian sid/main amd64 libcairo-script-interpreter2 amd64 1.16.0-4 [160 kB]
Get:118 http://127.0.0.1:12990/debian sid/main amd64 libexpat1-dev amd64 2.2.9-1 [136 kB]
Get:119 http://127.0.0.1:12990/debian sid/main amd64 zlib1g-dev amd64 1:1.2.11.dfsg-2 [190 kB]
Get:120 http://127.0.0.1:12990/debian sid/main amd64 libpng-dev amd64 1.6.37-2 [295 kB]
Get:121 http://127.0.0.1:12990/debian sid/main amd64 libfreetype-dev amd64 2.10.1-2 [545 kB]
Get:122 http://127.0.0.1:12990/debian sid/main amd64 libfreetype6-dev amd64 2.10.1-2 [63.8 kB]
Get:123 http://127.0.0.1:12990/debian sid/main amd64 pkg-config amd64 0.29-6 [63.5 kB]
Get:124 http://127.0.0.1:12990/debian sid/main amd64 libfontconfig1-dev amd64 2.13.1-2+b1 [968 kB]
Get:125 http://127.0.0.1:12990/debian sid/main amd64 xorg-sgml-doctools all 1:1.11-1 [21.9 kB]
Get:126 http://127.0.0.1:12990/debian sid/main amd64 x11proto-dev all 2018.4-4 [251 kB]
Get:127 http://127.0.0.1:12990/debian sid/main amd64 x11proto-core-dev all 2018.4-4 [3128 B]
Get:128 http://127.0.0.1:12990/debian sid/main amd64 libxau-dev amd64 1:1.0.8-1+b2 [23.1 kB]
Get:129 http://127.0.0.1:12990/debian sid/main amd64 libxdmcp-dev amd64 1:1.1.2-3 [42.2 kB]
Get:130 http://127.0.0.1:12990/debian sid/main amd64 xtrans-dev all 1.3.5-1 [100 kB]
Get:131 http://127.0.0.1:12990/debian sid/main amd64 libpthread-stubs0-dev amd64 0.4-1 [5344 B]
Get:132 http://127.0.0.1:12990/debian sid/main amd64 libxcb1-dev amd64 1.13.1-5 [174 kB]
Get:133 http://127.0.0.1:12990/debian sid/main amd64 libx11-dev amd64 2:1.6.8-1 [822 kB]
Get:134 http://127.0.0.1:12990/debian sid/main amd64 libxrender-dev amd64 1:0.9.10-1 [40.8 kB]
Get:135 http://127.0.0.1:12990/debian sid/main amd64 x11proto-xext-dev all 2018.4-4 [3128 B]
Get:136 http://127.0.0.1:12990/debian sid/main amd64 libxext-dev amd64 2:1.3.3-1+b2 [107 kB]
Get:137 http://127.0.0.1:12990/debian sid/main amd64 x11-common all 1:7.7+20 [252 kB]
Get:138 http://127.0.0.1:12990/debian sid/main amd64 libice6 amd64 2:1.0.9-2 [58.7 kB]
Get:139 http://127.0.0.1:12990/debian sid/main amd64 libsm6 amd64 2:1.2.3-1 [35.1 kB]
Get:140 http://127.0.0.1:12990/debian sid/main amd64 libice-dev amd64 2:1.0.9-2 [66.8 kB]
Get:141 http://127.0.0.1:12990/debian sid/main amd64 libsm-dev amd64 2:1.2.3-1 [38.0 kB]
Get:142 http://127.0.0.1:12990/debian sid/main amd64 libpixman-1-dev amd64 0.36.0-1 [554 kB]
Get:143 http://127.0.0.1:12990/debian sid/main amd64 libxcb-render0-dev amd64 1.13.1-5 [112 kB]
Get:144 http://127.0.0.1:12990/debian sid/main amd64 libxcb-shm0-dev amd64 1.13.1-5 [100 kB]
Get:145 http://127.0.0.1:12990/debian sid/main amd64 libffi-dev amd64 3.3-3 [56.4 kB]
Get:146 http://127.0.0.1:12990/debian sid/main amd64 libglib2.0-data all 2.62.4-2 [1121 kB]
Get:147 http://127.0.0.1:12990/debian sid/main amd64 libglib2.0-bin amd64 2.62.4-2 [132 kB]
Get:148 http://127.0.0.1:12990/debian sid/main amd64 python3-lib2to3 all 3.8.0-1 [78.3 kB]
Get:149 http://127.0.0.1:12990/debian sid/main amd64 python3-distutils all 3.8.0-1 [145 kB]
Get:150 http://127.0.0.1:12990/debian sid/main amd64 libglib2.0-dev-bin amd64 2.62.4-2 [165 kB]
Get:151 http://127.0.0.1:12990/debian sid/main amd64 libmount-dev amd64 2.34-0.1 [236 kB]
Get:152 http://127.0.0.1:12990/debian sid/main amd64 libpcre16-3 amd64 2:8.39-12+b1 [259 kB]
Get:153 http://127.0.0.1:12990/debian sid/main amd64 libpcre32-3 amd64 2:8.39-12+b1 [250 kB]
Get:154 http://127.0.0.1:12990/debian sid/main amd64 libpcrecpp0v5 amd64 2:8.39-12+b1 [152 kB]
Get:155 http://127.0.0.1:12990/debian sid/main amd64 libpcre3-dev amd64 2:8.39-12+b1 [653 kB]
Get:156 http://127.0.0.1:12990/debian sid/main amd64 libsepol1-dev amd64 3.0-1 [336 kB]
Get:157 http://127.0.0.1:12990/debian sid/main amd64 libpcre2-16-0 amd64 10.34-7 [219 kB]
Get:158 http://127.0.0.1:12990/debian sid/main amd64 libpcre2-32-0 amd64 10.34-7 [208 kB]
Get:159 http://127.0.0.1:12990/debian sid/main amd64 libpcre2-posix2 amd64 10.34-7 [45.2 kB]
Get:160 http://127.0.0.1:12990/debian sid/main amd64 libpcre2-dev amd64 10.34-7 [709 kB]
Get:161 http://127.0.0.1:12990/debian sid/main amd64 libselinux1-dev amd64 3.0-1+b1 [171 kB]
Get:162 http://127.0.0.1:12990/debian sid/main amd64 libglib2.0-dev amd64 2.62.4-2 [1542 kB]
Get:163 http://127.0.0.1:12990/debian sid/main amd64 libcairo2-dev amd64 1.16.0-4 [734 kB]
Get:164 http://127.0.0.1:12990/debian sid/main amd64 libfribidi-dev amd64 1.0.8-2 [105 kB]
Get:165 http://127.0.0.1:12990/debian sid/main amd64 libgraphite2-dev amd64 1.3.13-11 [23.9 kB]
Get:166 http://127.0.0.1:12990/debian sid/main amd64 libharfbuzz-icu0 amd64 2.6.4-1 [976 kB]
Get:167 http://127.0.0.1:12990/debian sid/main amd64 libharfbuzz-gobject0 amd64 2.6.4-1 [991 kB]
Get:168 http://127.0.0.1:12990/debian sid/main amd64 libicu-dev amd64 63.2-2 [9190 kB]
Get:169 http://127.0.0.1:12990/debian sid/main amd64 libharfbuzz-dev amd64 2.6.4-1 [1496 kB]
Get:170 http://127.0.0.1:12990/debian sid/main amd64 libxft-dev amd64 2.3.2-2 [68.7 kB]
Get:171 http://127.0.0.1:12990/debian sid/main amd64 pango1.0-tools amd64 1.42.4-8 [55.8 kB]
Get:172 http://127.0.0.1:12990/debian sid/main amd64 libpango1.0-dev amd64 1.42.4-8 [153 kB]
debconf: delaying package configuration, since apt-utils is not installed
Fetched 103 MB in 3s (32.4 MB/s)
Selecting previously unselected package bsdmainutils.
(Reading database ... 12960 files and directories currently installed.)
Preparing to unpack .../0-bsdmainutils_11.1.2+b1_amd64.deb ...
Unpacking bsdmainutils (11.1.2+b1) ...
Selecting previously unselected package libuchardet0:amd64.
Preparing to unpack .../1-libuchardet0_0.0.6-3_amd64.deb ...
Unpacking libuchardet0:amd64 (0.0.6-3) ...
Selecting previously unselected package groff-base.
Preparing to unpack .../2-groff-base_1.22.4-4_amd64.deb ...
Unpacking groff-base (1.22.4-4) ...
Selecting previously unselected package libpipeline1:amd64.
Preparing to unpack .../3-libpipeline1_1.5.2-2_amd64.deb ...
Unpacking libpipeline1:amd64 (1.5.2-2) ...
Selecting previously unselected package man-db.
Preparing to unpack .../4-man-db_2.9.0-2_amd64.deb ...
Unpacking man-db (2.9.0-2) ...
Selecting previously unselected package libssl1.1:amd64.
Preparing to unpack .../5-libssl1.1_1.1.1d-2_amd64.deb ...
Unpacking libssl1.1:amd64 (1.1.1d-2) ...
Selecting previously unselected package libpython3.7-minimal:amd64.
Preparing to unpack .../6-libpython3.7-minimal_3.7.6-1+b1_amd64.deb ...
Unpacking libpython3.7-minimal:amd64 (3.7.6-1+b1) ...
Selecting previously unselected package libexpat1:amd64.
Preparing to unpack .../7-libexpat1_2.2.9-1_amd64.deb ...
Unpacking libexpat1:amd64 (2.2.9-1) ...
Selecting previously unselected package python3.7-minimal.
Preparing to unpack .../8-python3.7-minimal_3.7.6-1+b1_amd64.deb ...
Unpacking python3.7-minimal (3.7.6-1+b1) ...
Setting up libssl1.1:amd64 (1.1.1d-2) ...
Setting up libpython3.7-minimal:amd64 (3.7.6-1+b1) ...
Setting up libexpat1:amd64 (2.2.9-1) ...
Setting up python3.7-minimal (3.7.6-1+b1) ...
Selecting previously unselected package python3-minimal.
(Reading database ... 13869 files and directories currently installed.)
Preparing to unpack .../0-python3-minimal_3.7.5-3_amd64.deb ...
Unpacking python3-minimal (3.7.5-3) ...
Selecting previously unselected package mime-support.
Preparing to unpack .../1-mime-support_3.64_all.deb ...
Unpacking mime-support (3.64) ...
Selecting previously unselected package libmpdec2:amd64.
Preparing to unpack .../2-libmpdec2_2.4.2-2_amd64.deb ...
Unpacking libmpdec2:amd64 (2.4.2-2) ...
Selecting previously unselected package readline-common.
Preparing to unpack .../3-readline-common_8.0-3_all.deb ...
Unpacking readline-common (8.0-3) ...
Selecting previously unselected package libreadline8:amd64.
Preparing to unpack .../4-libreadline8_8.0-3_amd64.deb ...
Unpacking libreadline8:amd64 (8.0-3) ...
Selecting previously unselected package libsqlite3-0:amd64.
Preparing to unpack .../5-libsqlite3-0_3.31.1-3_amd64.deb ...
Unpacking libsqlite3-0:amd64 (3.31.1-3) ...
Selecting previously unselected package libpython3.7-stdlib:amd64.
Preparing to unpack .../6-libpython3.7-stdlib_3.7.6-1+b1_amd64.deb ...
Unpacking libpython3.7-stdlib:amd64 (3.7.6-1+b1) ...
Selecting previously unselected package python3.7.
Preparing to unpack .../7-python3.7_3.7.6-1+b1_amd64.deb ...
Unpacking python3.7 (3.7.6-1+b1) ...
Selecting previously unselected package libpython3-stdlib:amd64.
Preparing to unpack .../8-libpython3-stdlib_3.7.5-3_amd64.deb ...
Unpacking libpython3-stdlib:amd64 (3.7.5-3) ...
Setting up python3-minimal (3.7.5-3) ...
Selecting previously unselected package python3.
(Reading database ... 14340 files and directories currently installed.)
Preparing to unpack .../000-python3_3.7.5-3_amd64.deb ...
Unpacking python3 (3.7.5-3) ...
Selecting previously unselected package libncurses6:amd64.
Preparing to unpack .../001-libncurses6_6.1+20191019-1_amd64.deb ...
Unpacking libncurses6:amd64 (6.1+20191019-1) ...
Selecting previously unselected package libprocps8:amd64.
Preparing to unpack .../002-libprocps8_2%3a3.3.16-1+b1_amd64.deb ...
Unpacking libprocps8:amd64 (2:3.3.16-1+b1) ...
Selecting previously unselected package procps.
Preparing to unpack .../003-procps_2%3a3.3.16-1+b1_amd64.deb ...
Unpacking procps (2:3.3.16-1+b1) ...
Selecting previously unselected package sensible-utils.
Preparing to unpack .../004-sensible-utils_0.0.12+nmu1_all.deb ...
Unpacking sensible-utils (0.0.12+nmu1) ...
Selecting previously unselected package libmagic-mgc.
Preparing to unpack .../005-libmagic-mgc_1%3a5.38-4_amd64.deb ...
Unpacking libmagic-mgc (1:5.38-4) ...
Selecting previously unselected package libmagic1:amd64.
Preparing to unpack .../006-libmagic1_1%3a5.38-4_amd64.deb ...
Unpacking libmagic1:amd64 (1:5.38-4) ...
Selecting previously unselected package file.
Preparing to unpack .../007-file_1%3a5.38-4_amd64.deb ...
Unpacking file (1:5.38-4) ...
Selecting previously unselected package gettext-base.
Preparing to unpack .../008-gettext-base_0.19.8.1-10_amd64.deb ...
Unpacking gettext-base (0.19.8.1-10) ...
Selecting previously unselected package ucf.
Preparing to unpack .../009-ucf_3.0038+nmu1_all.deb ...
Moving old data out of the way
Unpacking ucf (3.0038+nmu1) ...
Selecting previously unselected package libsigsegv2:amd64.
Preparing to unpack .../010-libsigsegv2_2.12-2_amd64.deb ...
Unpacking libsigsegv2:amd64 (2.12-2) ...
Selecting previously unselected package m4.
Preparing to unpack .../011-m4_1.4.18-4_amd64.deb ...
Unpacking m4 (1.4.18-4) ...
Selecting previously unselected package autoconf.
Preparing to unpack .../012-autoconf_2.69-11.1_all.deb ...
Unpacking autoconf (2.69-11.1) ...
Selecting previously unselected package autotools-dev.
Preparing to unpack .../013-autotools-dev_20180224.1_all.deb ...
Unpacking autotools-dev (20180224.1) ...
Selecting previously unselected package automake.
Preparing to unpack .../014-automake_1%3a1.16.1-4_all.deb ...
Unpacking automake (1:1.16.1-4) ...
Selecting previously unselected package autopoint.
Preparing to unpack .../015-autopoint_0.19.8.1-10_all.deb ...
Unpacking autopoint (0.19.8.1-10) ...
Selecting previously unselected package cdbs.
Preparing to unpack .../016-cdbs_0.4.159_all.deb ...
Unpacking cdbs (0.4.159) ...
Selecting previously unselected package cmake-data.
Preparing to unpack .../017-cmake-data_3.16.3-1_all.deb ...
Unpacking cmake-data (3.16.3-1) ...
Selecting previously unselected package libicu63:amd64.
Preparing to unpack .../018-libicu63_63.2-2_amd64.deb ...
Unpacking libicu63:amd64 (63.2-2) ...
Selecting previously unselected package libxml2:amd64.
Preparing to unpack .../019-libxml2_2.9.10+dfsg-3_amd64.deb ...
Unpacking libxml2:amd64 (2.9.10+dfsg-3) ...
Selecting previously unselected package libarchive13:amd64.
Preparing to unpack .../020-libarchive13_3.4.0-1+b1_amd64.deb ...
Unpacking libarchive13:amd64 (3.4.0-1+b1) ...
Selecting previously unselected package libbrotli1:amd64.
Preparing to unpack .../021-libbrotli1_1.0.7-6_amd64.deb ...
Unpacking libbrotli1:amd64 (1.0.7-6) ...
Selecting previously unselected package libkeyutils1:amd64.
Preparing to unpack .../022-libkeyutils1_1.6.1-2_amd64.deb ...
Unpacking libkeyutils1:amd64 (1.6.1-2) ...
Selecting previously unselected package libkrb5support0:amd64.
Preparing to unpack .../023-libkrb5support0_1.17-6_amd64.deb ...
Unpacking libkrb5support0:amd64 (1.17-6) ...
Selecting previously unselected package libk5crypto3:amd64.
Preparing to unpack .../024-libk5crypto3_1.17-6_amd64.deb ...
Unpacking libk5crypto3:amd64 (1.17-6) ...
Selecting previously unselected package libkrb5-3:amd64.
Preparing to unpack .../025-libkrb5-3_1.17-6_amd64.deb ...
Unpacking libkrb5-3:amd64 (1.17-6) ...
Selecting previously unselected package libgssapi-krb5-2:amd64.
Preparing to unpack .../026-libgssapi-krb5-2_1.17-6_amd64.deb ...
Unpacking libgssapi-krb5-2:amd64 (1.17-6) ...
Selecting previously unselected package libsasl2-modules-db:amd64.
Preparing to unpack .../027-libsasl2-modules-db_2.1.27+dfsg-2_amd64.deb ...
Unpacking libsasl2-modules-db:amd64 (2.1.27+dfsg-2) ...
Selecting previously unselected package libsasl2-2:amd64.
Preparing to unpack .../028-libsasl2-2_2.1.27+dfsg-2_amd64.deb ...
Unpacking libsasl2-2:amd64 (2.1.27+dfsg-2) ...
Selecting previously unselected package libldap-common.
Preparing to unpack .../029-libldap-common_2.4.49+dfsg-1_all.deb ...
Unpacking libldap-common (2.4.49+dfsg-1) ...
Selecting previously unselected package libldap-2.4-2:amd64.
Preparing to unpack .../030-libldap-2.4-2_2.4.49+dfsg-1_amd64.deb ...
Unpacking libldap-2.4-2:amd64 (2.4.49+dfsg-1) ...
Selecting previously unselected package libnghttp2-14:amd64.
Preparing to unpack .../031-libnghttp2-14_1.40.0-1_amd64.deb ...
Unpacking libnghttp2-14:amd64 (1.40.0-1) ...
Selecting previously unselected package libpsl5:amd64.
Preparing to unpack .../032-libpsl5_0.20.2-2_amd64.deb ...
Unpacking libpsl5:amd64 (0.20.2-2) ...
Selecting previously unselected package librtmp1:amd64.
Preparing to unpack .../033-librtmp1_2.4+20151223.gitfa8646d.1-2+b1_amd64.deb ...
Unpacking librtmp1:amd64 (2.4+20151223.gitfa8646d.1-2+b1) ...
Selecting previously unselected package libssh2-1:amd64.
Preparing to unpack .../034-libssh2-1_1.8.0-2.1_amd64.deb ...
Unpacking libssh2-1:amd64 (1.8.0-2.1) ...
Selecting previously unselected package libcurl4:amd64.
Preparing to unpack .../035-libcurl4_7.68.0-1_amd64.deb ...
Unpacking libcurl4:amd64 (7.68.0-1) ...
Selecting previously unselected package libjsoncpp1:amd64.
Preparing to unpack .../036-libjsoncpp1_1.7.4-3.1_amd64.deb ...
Unpacking libjsoncpp1:amd64 (1.7.4-3.1) ...
Selecting previously unselected package librhash0:amd64.
Preparing to unpack .../037-librhash0_1.3.9-1_amd64.deb ...
Unpacking librhash0:amd64 (1.3.9-1) ...
Selecting previously unselected package libuv1:amd64.
Preparing to unpack .../038-libuv1_1.34.2-1_amd64.deb ...
Unpacking libuv1:amd64 (1.34.2-1) ...
Selecting previously unselected package cmake.
Preparing to unpack .../039-cmake_3.16.3-1_amd64.deb ...
Unpacking cmake (3.16.3-1) ...
Selecting previously unselected package libtool.
Preparing to unpack .../040-libtool_2.4.6-13_all.deb ...
Unpacking libtool (2.4.6-13) ...
Selecting previously unselected package dh-autoreconf.
Preparing to unpack .../041-dh-autoreconf_19_all.deb ...
Unpacking dh-autoreconf (19) ...
Selecting previously unselected package libdebhelper-perl.
Preparing to unpack .../042-libdebhelper-perl_12.9_all.deb ...
Unpacking libdebhelper-perl (12.9) ...
Selecting previously unselected package libarchive-zip-perl.
Preparing to unpack .../043-libarchive-zip-perl_1.67-1_all.deb ...
Unpacking libarchive-zip-perl (1.67-1) ...
Selecting previously unselected package libsub-override-perl.
Preparing to unpack .../044-libsub-override-perl_0.09-2_all.deb ...
Unpacking libsub-override-perl (0.09-2) ...
Selecting previously unselected package libfile-stripnondeterminism-perl.
Preparing to unpack .../045-libfile-stripnondeterminism-perl_1.6.3-2_all.deb ...
Unpacking libfile-stripnondeterminism-perl (1.6.3-2) ...
Selecting previously unselected package dh-strip-nondeterminism.
Preparing to unpack .../046-dh-strip-nondeterminism_1.6.3-2_all.deb ...
Unpacking dh-strip-nondeterminism (1.6.3-2) ...
Selecting previously unselected package libelf1:amd64.
Preparing to unpack .../047-libelf1_0.176-1.1_amd64.deb ...
Unpacking libelf1:amd64 (0.176-1.1) ...
Selecting previously unselected package dwz.
Preparing to unpack .../048-dwz_0.13-5_amd64.deb ...
Unpacking dwz (0.13-5) ...
Selecting previously unselected package libglib2.0-0:amd64.
Preparing to unpack .../049-libglib2.0-0_2.62.4-2_amd64.deb ...
Unpacking libglib2.0-0:amd64 (2.62.4-2) ...
Selecting previously unselected package libcroco3:amd64.
Preparing to unpack .../050-libcroco3_0.6.13-1_amd64.deb ...
Unpacking libcroco3:amd64 (0.6.13-1) ...
Selecting previously unselected package gettext.
Preparing to unpack .../051-gettext_0.19.8.1-10_amd64.deb ...
Unpacking gettext (0.19.8.1-10) ...
Selecting previously unselected package intltool-debian.
Preparing to unpack .../052-intltool-debian_0.35.0+20060710.5_all.deb ...
Unpacking intltool-debian (0.35.0+20060710.5) ...
Selecting previously unselected package po-debconf.
Preparing to unpack .../053-po-debconf_1.0.21_all.deb ...
Unpacking po-debconf (1.0.21) ...
Selecting previously unselected package debhelper.
Preparing to unpack .../054-debhelper_12.9_all.deb ...
Unpacking debhelper (12.9) ...
Selecting previously unselected package libllvm9:amd64.
Preparing to unpack .../055-libllvm9_1%3a9.0.1-8_amd64.deb ...
Unpacking libllvm9:amd64 (1:9.0.1-8) ...
Selecting previously unselected package libclang1-9.
Preparing to unpack .../056-libclang1-9_1%3a9.0.1-8_amd64.deb ...
Unpacking libclang1-9 (1:9.0.1-8) ...
Selecting previously unselected package libxapian30:amd64.
Preparing to unpack .../057-libxapian30_1.4.14-2_amd64.deb ...
Unpacking libxapian30:amd64 (1.4.14-2) ...
Selecting previously unselected package doxygen.
Preparing to unpack .../058-doxygen_1.8.16-2_amd64.deb ...
Unpacking doxygen (1.8.16-2) ...
Selecting previously unselected package libpng16-16:amd64.
Preparing to unpack .../059-libpng16-16_1.6.37-2_amd64.deb ...
Unpacking libpng16-16:amd64 (1.6.37-2) ...
Selecting previously unselected package libfreetype6:amd64.
Preparing to unpack .../060-libfreetype6_2.10.1-2_amd64.deb ...
Unpacking libfreetype6:amd64 (2.10.1-2) ...
Selecting previously unselected package fonts-dejavu-core.
Preparing to unpack .../061-fonts-dejavu-core_2.37-1_all.deb ...
Unpacking fonts-dejavu-core (2.37-1) ...
Selecting previously unselected package fontconfig-config.
Preparing to unpack .../062-fontconfig-config_2.13.1-2_all.deb ...
Unpacking fontconfig-config (2.13.1-2) ...
Selecting previously unselected package libfontconfig1:amd64.
Preparing to unpack .../063-libfontconfig1_2.13.1-2+b1_amd64.deb ...
Unpacking libfontconfig1:amd64 (2.13.1-2+b1) ...
Selecting previously unselected package fontconfig.
Preparing to unpack .../064-fontconfig_2.13.1-2+b1_amd64.deb ...
Unpacking fontconfig (2.13.1-2+b1) ...
Selecting previously unselected package libgirepository-1.0-1:amd64.
Preparing to unpack .../065-libgirepository-1.0-1_1.62.0-5_amd64.deb ...
Unpacking libgirepository-1.0-1:amd64 (1.62.0-5) ...
Selecting previously unselected package gir1.2-glib-2.0:amd64.
Preparing to unpack .../066-gir1.2-glib-2.0_1.62.0-5_amd64.deb ...
Unpacking gir1.2-glib-2.0:amd64 (1.62.0-5) ...
Selecting previously unselected package gir1.2-freedesktop:amd64.
Preparing to unpack .../067-gir1.2-freedesktop_1.62.0-5_amd64.deb ...
Unpacking gir1.2-freedesktop:amd64 (1.62.0-5) ...
Selecting previously unselected package libgraphite2-3:amd64.
Preparing to unpack .../068-libgraphite2-3_1.3.13-11_amd64.deb ...
Unpacking libgraphite2-3:amd64 (1.3.13-11) ...
Selecting previously unselected package libharfbuzz0b:amd64.
Preparing to unpack .../069-libharfbuzz0b_2.6.4-1_amd64.deb ...
Unpacking libharfbuzz0b:amd64 (2.6.4-1) ...
Selecting previously unselected package gir1.2-harfbuzz-0.0:amd64.
Preparing to unpack .../070-gir1.2-harfbuzz-0.0_2.6.4-1_amd64.deb ...
Unpacking gir1.2-harfbuzz-0.0:amd64 (2.6.4-1) ...
Selecting previously unselected package libfribidi0:amd64.
Preparing to unpack .../071-libfribidi0_1.0.8-2_amd64.deb ...
Unpacking libfribidi0:amd64 (1.0.8-2) ...
Selecting previously unselected package libthai-data.
Preparing to unpack .../072-libthai-data_0.1.28-3_all.deb ...
Unpacking libthai-data (0.1.28-3) ...
Selecting previously unselected package libdatrie1:amd64.
Preparing to unpack .../073-libdatrie1_0.2.12-3_amd64.deb ...
Unpacking libdatrie1:amd64 (0.2.12-3) ...
Selecting previously unselected package libthai0:amd64.
Preparing to unpack .../074-libthai0_0.1.28-3_amd64.deb ...
Unpacking libthai0:amd64 (0.1.28-3) ...
Selecting previously unselected package libpango-1.0-0:amd64.
Preparing to unpack .../075-libpango-1.0-0_1.42.4-8_amd64.deb ...
Unpacking libpango-1.0-0:amd64 (1.42.4-8) ...
Selecting previously unselected package libpixman-1-0:amd64.
Preparing to unpack .../076-libpixman-1-0_0.36.0-1_amd64.deb ...
Unpacking libpixman-1-0:amd64 (0.36.0-1) ...
Selecting previously unselected package libxau6:amd64.
Preparing to unpack .../077-libxau6_1%3a1.0.8-1+b2_amd64.deb ...
Unpacking libxau6:amd64 (1:1.0.8-1+b2) ...
Selecting previously unselected package libxdmcp6:amd64.
Preparing to unpack .../078-libxdmcp6_1%3a1.1.2-3_amd64.deb ...
Unpacking libxdmcp6:amd64 (1:1.1.2-3) ...
Selecting previously unselected package libxcb1:amd64.
Preparing to unpack .../079-libxcb1_1.13.1-5_amd64.deb ...
Unpacking libxcb1:amd64 (1.13.1-5) ...
Selecting previously unselected package libx11-data.
Preparing to unpack .../080-libx11-data_2%3a1.6.8-1_all.deb ...
Unpacking libx11-data (2:1.6.8-1) ...
Selecting previously unselected package libx11-6:amd64.
Preparing to unpack .../081-libx11-6_2%3a1.6.8-1_amd64.deb ...
Unpacking libx11-6:amd64 (2:1.6.8-1) ...
Selecting previously unselected package libxcb-render0:amd64.
Preparing to unpack .../082-libxcb-render0_1.13.1-5_amd64.deb ...
Unpacking libxcb-render0:amd64 (1.13.1-5) ...
Selecting previously unselected package libxcb-shm0:amd64.
Preparing to unpack .../083-libxcb-shm0_1.13.1-5_amd64.deb ...
Unpacking libxcb-shm0:amd64 (1.13.1-5) ...
Selecting previously unselected package libxext6:amd64.
Preparing to unpack .../084-libxext6_2%3a1.3.3-1+b2_amd64.deb ...
Unpacking libxext6:amd64 (2:1.3.3-1+b2) ...
Selecting previously unselected package libxrender1:amd64.
Preparing to unpack .../085-libxrender1_1%3a0.9.10-1_amd64.deb ...
Unpacking libxrender1:amd64 (1:0.9.10-1) ...
Selecting previously unselected package libcairo2:amd64.
Preparing to unpack .../086-libcairo2_1.16.0-4_amd64.deb ...
Unpacking libcairo2:amd64 (1.16.0-4) ...
Selecting previously unselected package libpangoft2-1.0-0:amd64.
Preparing to unpack .../087-libpangoft2-1.0-0_1.42.4-8_amd64.deb ...
Unpacking libpangoft2-1.0-0:amd64 (1.42.4-8) ...
Selecting previously unselected package libpangocairo-1.0-0:amd64.
Preparing to unpack .../088-libpangocairo-1.0-0_1.42.4-8_amd64.deb ...
Unpacking libpangocairo-1.0-0:amd64 (1.42.4-8) ...
Selecting previously unselected package libxft2:amd64.
Preparing to unpack .../089-libxft2_2.3.2-2_amd64.deb ...
Unpacking libxft2:amd64 (2.3.2-2) ...
Selecting previously unselected package libpangoxft-1.0-0:amd64.
Preparing to unpack .../090-libpangoxft-1.0-0_1.42.4-8_amd64.deb ...
Unpacking libpangoxft-1.0-0:amd64 (1.42.4-8) ...
Selecting previously unselected package gir1.2-pango-1.0:amd64.
Preparing to unpack .../091-gir1.2-pango-1.0_1.42.4-8_amd64.deb ...
Unpacking gir1.2-pango-1.0:amd64 (1.42.4-8) ...
Selecting previously unselected package icu-devtools.
Preparing to unpack .../092-icu-devtools_63.2-2_amd64.deb ...
Unpacking icu-devtools (63.2-2) ...
Selecting previously unselected package uuid-dev:amd64.
Preparing to unpack .../093-uuid-dev_2.34-0.1_amd64.deb ...
Unpacking uuid-dev:amd64 (2.34-0.1) ...
Selecting previously unselected package libblkid-dev:amd64.
Preparing to unpack .../094-libblkid-dev_2.34-0.1_amd64.deb ...
Unpacking libblkid-dev:amd64 (2.34-0.1) ...
Selecting previously unselected package libcairo-gobject2:amd64.
Preparing to unpack .../095-libcairo-gobject2_1.16.0-4_amd64.deb ...
Unpacking libcairo-gobject2:amd64 (1.16.0-4) ...
Selecting previously unselected package liblzo2-2:amd64.
Preparing to unpack .../096-liblzo2-2_2.10-2_amd64.deb ...
Unpacking liblzo2-2:amd64 (2.10-2) ...
Selecting previously unselected package libcairo-script-interpreter2:amd64.
Preparing to unpack .../097-libcairo-script-interpreter2_1.16.0-4_amd64.deb ...
Unpacking libcairo-script-interpreter2:amd64 (1.16.0-4) ...
Selecting previously unselected package libexpat1-dev:amd64.
Preparing to unpack .../098-libexpat1-dev_2.2.9-1_amd64.deb ...
Unpacking libexpat1-dev:amd64 (2.2.9-1) ...
Selecting previously unselected package zlib1g-dev:amd64.
Preparing to unpack .../099-zlib1g-dev_1%3a1.2.11.dfsg-2_amd64.deb ...
Unpacking zlib1g-dev:amd64 (1:1.2.11.dfsg-2) ...
Selecting previously unselected package libpng-dev:amd64.
Preparing to unpack .../100-libpng-dev_1.6.37-2_amd64.deb ...
Unpacking libpng-dev:amd64 (1.6.37-2) ...
Selecting previously unselected package libfreetype-dev:amd64.
Preparing to unpack .../101-libfreetype-dev_2.10.1-2_amd64.deb ...
Unpacking libfreetype-dev:amd64 (2.10.1-2) ...
Selecting previously unselected package libfreetype6-dev:amd64.
Preparing to unpack .../102-libfreetype6-dev_2.10.1-2_amd64.deb ...
Unpacking libfreetype6-dev:amd64 (2.10.1-2) ...
Selecting previously unselected package pkg-config.
Preparing to unpack .../103-pkg-config_0.29-6_amd64.deb ...
Unpacking pkg-config (0.29-6) ...
Selecting previously unselected package libfontconfig1-dev:amd64.
Preparing to unpack .../104-libfontconfig1-dev_2.13.1-2+b1_amd64.deb ...
Unpacking libfontconfig1-dev:amd64 (2.13.1-2+b1) ...
Selecting previously unselected package xorg-sgml-doctools.
Preparing to unpack .../105-xorg-sgml-doctools_1%3a1.11-1_all.deb ...
Unpacking xorg-sgml-doctools (1:1.11-1) ...
Selecting previously unselected package x11proto-dev.
Preparing to unpack .../106-x11proto-dev_2018.4-4_all.deb ...
Unpacking x11proto-dev (2018.4-4) ...
Selecting previously unselected package x11proto-core-dev.
Preparing to unpack .../107-x11proto-core-dev_2018.4-4_all.deb ...
Unpacking x11proto-core-dev (2018.4-4) ...
Selecting previously unselected package libxau-dev:amd64.
Preparing to unpack .../108-libxau-dev_1%3a1.0.8-1+b2_amd64.deb ...
Unpacking libxau-dev:amd64 (1:1.0.8-1+b2) ...
Selecting previously unselected package libxdmcp-dev:amd64.
Preparing to unpack .../109-libxdmcp-dev_1%3a1.1.2-3_amd64.deb ...
Unpacking libxdmcp-dev:amd64 (1:1.1.2-3) ...
Selecting previously unselected package xtrans-dev.
Preparing to unpack .../110-xtrans-dev_1.3.5-1_all.deb ...
Unpacking xtrans-dev (1.3.5-1) ...
Selecting previously unselected package libpthread-stubs0-dev:amd64.
Preparing to unpack .../111-libpthread-stubs0-dev_0.4-1_amd64.deb ...
Unpacking libpthread-stubs0-dev:amd64 (0.4-1) ...
Selecting previously unselected package libxcb1-dev:amd64.
Preparing to unpack .../112-libxcb1-dev_1.13.1-5_amd64.deb ...
Unpacking libxcb1-dev:amd64 (1.13.1-5) ...
Selecting previously unselected package libx11-dev:amd64.
Preparing to unpack .../113-libx11-dev_2%3a1.6.8-1_amd64.deb ...
Unpacking libx11-dev:amd64 (2:1.6.8-1) ...
Selecting previously unselected package libxrender-dev:amd64.
Preparing to unpack .../114-libxrender-dev_1%3a0.9.10-1_amd64.deb ...
Unpacking libxrender-dev:amd64 (1:0.9.10-1) ...
Selecting previously unselected package x11proto-xext-dev.
Preparing to unpack .../115-x11proto-xext-dev_2018.4-4_all.deb ...
Unpacking x11proto-xext-dev (2018.4-4) ...
Selecting previously unselected package libxext-dev:amd64.
Preparing to unpack .../116-libxext-dev_2%3a1.3.3-1+b2_amd64.deb ...
Unpacking libxext-dev:amd64 (2:1.3.3-1+b2) ...
Selecting previously unselected package x11-common.
Preparing to unpack .../117-x11-common_1%3a7.7+20_all.deb ...
Unpacking x11-common (1:7.7+20) ...
Selecting previously unselected package libice6:amd64.
Preparing to unpack .../118-libice6_2%3a1.0.9-2_amd64.deb ...
Unpacking libice6:amd64 (2:1.0.9-2) ...
Selecting previously unselected package libsm6:amd64.
Preparing to unpack .../119-libsm6_2%3a1.2.3-1_amd64.deb ...
Unpacking libsm6:amd64 (2:1.2.3-1) ...
Selecting previously unselected package libice-dev:amd64.
Preparing to unpack .../120-libice-dev_2%3a1.0.9-2_amd64.deb ...
Unpacking libice-dev:amd64 (2:1.0.9-2) ...
Selecting previously unselected package libsm-dev:amd64.
Preparing to unpack .../121-libsm-dev_2%3a1.2.3-1_amd64.deb ...
Unpacking libsm-dev:amd64 (2:1.2.3-1) ...
Selecting previously unselected package libpixman-1-dev:amd64.
Preparing to unpack .../122-libpixman-1-dev_0.36.0-1_amd64.deb ...
Unpacking libpixman-1-dev:amd64 (0.36.0-1) ...
Selecting previously unselected package libxcb-render0-dev:amd64.
Preparing to unpack .../123-libxcb-render0-dev_1.13.1-5_amd64.deb ...
Unpacking libxcb-render0-dev:amd64 (1.13.1-5) ...
Selecting previously unselected package libxcb-shm0-dev:amd64.
Preparing to unpack .../124-libxcb-shm0-dev_1.13.1-5_amd64.deb ...
Unpacking libxcb-shm0-dev:amd64 (1.13.1-5) ...
Selecting previously unselected package libffi-dev:amd64.
Preparing to unpack .../125-libffi-dev_3.3-3_amd64.deb ...
Unpacking libffi-dev:amd64 (3.3-3) ...
Selecting previously unselected package libglib2.0-data.
Preparing to unpack .../126-libglib2.0-data_2.62.4-2_all.deb ...
Unpacking libglib2.0-data (2.62.4-2) ...
Selecting previously unselected package libglib2.0-bin.
Preparing to unpack .../127-libglib2.0-bin_2.62.4-2_amd64.deb ...
Unpacking libglib2.0-bin (2.62.4-2) ...
Selecting previously unselected package python3-lib2to3.
Preparing to unpack .../128-python3-lib2to3_3.8.0-1_all.deb ...
Unpacking python3-lib2to3 (3.8.0-1) ...
Selecting previously unselected package python3-distutils.
Preparing to unpack .../129-python3-distutils_3.8.0-1_all.deb ...
Unpacking python3-distutils (3.8.0-1) ...
Selecting previously unselected package libglib2.0-dev-bin.
Preparing to unpack .../130-libglib2.0-dev-bin_2.62.4-2_amd64.deb ...
Unpacking libglib2.0-dev-bin (2.62.4-2) ...
Selecting previously unselected package libmount-dev:amd64.
Preparing to unpack .../131-libmount-dev_2.34-0.1_amd64.deb ...
Unpacking libmount-dev:amd64 (2.34-0.1) ...
Selecting previously unselected package libpcre16-3:amd64.
Preparing to unpack .../132-libpcre16-3_2%3a8.39-12+b1_amd64.deb ...
Unpacking libpcre16-3:amd64 (2:8.39-12+b1) ...
Selecting previously unselected package libpcre32-3:amd64.
Preparing to unpack .../133-libpcre32-3_2%3a8.39-12+b1_amd64.deb ...
Unpacking libpcre32-3:amd64 (2:8.39-12+b1) ...
Selecting previously unselected package libpcrecpp0v5:amd64.
Preparing to unpack .../134-libpcrecpp0v5_2%3a8.39-12+b1_amd64.deb ...
Unpacking libpcrecpp0v5:amd64 (2:8.39-12+b1) ...
Selecting previously unselected package libpcre3-dev:amd64.
Preparing to unpack .../135-libpcre3-dev_2%3a8.39-12+b1_amd64.deb ...
Unpacking libpcre3-dev:amd64 (2:8.39-12+b1) ...
Selecting previously unselected package libsepol1-dev:amd64.
Preparing to unpack .../136-libsepol1-dev_3.0-1_amd64.deb ...
Unpacking libsepol1-dev:amd64 (3.0-1) ...
Selecting previously unselected package libpcre2-16-0:amd64.
Preparing to unpack .../137-libpcre2-16-0_10.34-7_amd64.deb ...
Unpacking libpcre2-16-0:amd64 (10.34-7) ...
Selecting previously unselected package libpcre2-32-0:amd64.
Preparing to unpack .../138-libpcre2-32-0_10.34-7_amd64.deb ...
Unpacking libpcre2-32-0:amd64 (10.34-7) ...
Selecting previously unselected package libpcre2-posix2:amd64.
Preparing to unpack .../139-libpcre2-posix2_10.34-7_amd64.deb ...
Unpacking libpcre2-posix2:amd64 (10.34-7) ...
Selecting previously unselected package libpcre2-dev:amd64.
Preparing to unpack .../140-libpcre2-dev_10.34-7_amd64.deb ...
Unpacking libpcre2-dev:amd64 (10.34-7) ...
Selecting previously unselected package libselinux1-dev:amd64.
Preparing to unpack .../141-libselinux1-dev_3.0-1+b1_amd64.deb ...
Unpacking libselinux1-dev:amd64 (3.0-1+b1) ...
Selecting previously unselected package libglib2.0-dev:amd64.
Preparing to unpack .../142-libglib2.0-dev_2.62.4-2_amd64.deb ...
Unpacking libglib2.0-dev:amd64 (2.62.4-2) ...
Selecting previously unselected package libcairo2-dev:amd64.
Preparing to unpack .../143-libcairo2-dev_1.16.0-4_amd64.deb ...
Unpacking libcairo2-dev:amd64 (1.16.0-4) ...
Selecting previously unselected package libfribidi-dev:amd64.
Preparing to unpack .../144-libfribidi-dev_1.0.8-2_amd64.deb ...
Unpacking libfribidi-dev:amd64 (1.0.8-2) ...
Selecting previously unselected package libgraphite2-dev:amd64.
Preparing to unpack .../145-libgraphite2-dev_1.3.13-11_amd64.deb ...
Unpacking libgraphite2-dev:amd64 (1.3.13-11) ...
Selecting previously unselected package libharfbuzz-icu0:amd64.
Preparing to unpack .../146-libharfbuzz-icu0_2.6.4-1_amd64.deb ...
Unpacking libharfbuzz-icu0:amd64 (2.6.4-1) ...
Selecting previously unselected package libharfbuzz-gobject0:amd64.
Preparing to unpack .../147-libharfbuzz-gobject0_2.6.4-1_amd64.deb ...
Unpacking libharfbuzz-gobject0:amd64 (2.6.4-1) ...
Selecting previously unselected package libicu-dev:amd64.
Preparing to unpack .../148-libicu-dev_63.2-2_amd64.deb ...
Unpacking libicu-dev:amd64 (63.2-2) ...
Selecting previously unselected package libharfbuzz-dev:amd64.
Preparing to unpack .../149-libharfbuzz-dev_2.6.4-1_amd64.deb ...
Unpacking libharfbuzz-dev:amd64 (2.6.4-1) ...
Selecting previously unselected package libxft-dev:amd64.
Preparing to unpack .../150-libxft-dev_2.3.2-2_amd64.deb ...
Unpacking libxft-dev:amd64 (2.3.2-2) ...
Selecting previously unselected package pango1.0-tools.
Preparing to unpack .../151-pango1.0-tools_1.42.4-8_amd64.deb ...
Unpacking pango1.0-tools (1.42.4-8) ...
Selecting previously unselected package libpango1.0-dev:amd64.
Preparing to unpack .../152-libpango1.0-dev_1.42.4-8_amd64.deb ...
Unpacking libpango1.0-dev:amd64 (1.42.4-8) ...
Selecting previously unselected package sbuild-build-depends-main-dummy.
Preparing to unpack .../153-sbuild-build-depends-main-dummy_0.invalid.0_amd64.deb ...
Unpacking sbuild-build-depends-main-dummy (0.invalid.0) ...
Setting up libpcrecpp0v5:amd64 (2:8.39-12+b1) ...
Setting up libpipeline1:amd64 (1.5.2-2) ...
Setting up libgraphite2-3:amd64 (1.3.13-11) ...
Setting up libpixman-1-0:amd64 (0.36.0-1) ...
Setting up libxapian30:amd64 (1.4.14-2) ...
Setting up libxau6:amd64 (1:1.0.8-1+b2) ...
Setting up libxdmcp6:amd64 (1:1.1.2-3) ...
Setting up libkeyutils1:amd64 (1.6.1-2) ...
Setting up libpsl5:amd64 (0.20.2-2) ...
Setting up libxcb1:amd64 (1.13.1-5) ...
Setting up libpixman-1-dev:amd64 (0.36.0-1) ...
Setting up mime-support (3.64) ...
Setting up libpcre16-3:amd64 (2:8.39-12+b1) ...
Setting up libdatrie1:amd64 (0.2.12-3) ...
Setting up libmagic-mgc (1:5.38-4) ...
Setting up libxcb-render0:amd64 (1.13.1-5) ...
Setting up libarchive-zip-perl (1.67-1) ...
Setting up libglib2.0-0:amd64 (2.62.4-2) ...
No schema files found: doing nothing.
Setting up libdebhelper-perl (12.9) ...
Setting up libbrotli1:amd64 (1.0.7-6) ...
Setting up libsqlite3-0:amd64 (3.31.1-3) ...
Setting up x11-common (1:7.7+20) ...
update-rc.d: warning: start and stop actions are no longer supported; falling back to defaults
invoke-rc.d: could not determine current runlevel
All runlevel operations denied by policy
invoke-rc.d: policy-rc.d denied execution of start.
Setting up libnghttp2-14:amd64 (1.40.0-1) ...
Setting up libmagic1:amd64 (1:5.38-4) ...
Setting up libsepol1-dev:amd64 (3.0-1) ...
Setting up gettext-base (0.19.8.1-10) ...
Setting up liblzo2-2:amd64 (2.10-2) ...
Setting up libxcb-shm0:amd64 (1.13.1-5) ...
Setting up file (1:5.38-4) ...
Setting up libffi-dev:amd64 (3.3-3) ...
Setting up libldap-common (2.4.49+dfsg-1) ...
Setting up libpthread-stubs0-dev:amd64 (0.4-1) ...
Setting up libpcre2-16-0:amd64 (10.34-7) ...
Setting up libicu63:amd64 (63.2-2) ...
Setting up libkrb5support0:amd64 (1.17-6) ...
Setting up libsasl2-modules-db:amd64 (2.1.27+dfsg-2) ...
Setting up xtrans-dev (1.3.5-1) ...
Setting up libgraphite2-dev:amd64 (1.3.13-11) ...
Setting up autotools-dev (20180224.1) ...
Setting up libpcre2-32-0:amd64 (10.34-7) ...
Setting up libglib2.0-data (2.62.4-2) ...
Setting up libuv1:amd64 (1.34.2-1) ...
Setting up libexpat1-dev:amd64 (2.2.9-1) ...
Setting up libx11-data (2:1.6.8-1) ...
Setting up librtmp1:amd64 (2.4+20151223.gitfa8646d.1-2+b1) ...
Setting up uuid-dev:amd64 (2.34-0.1) ...
Setting up libncurses6:amd64 (6.1+20191019-1) ...
Setting up libsigsegv2:amd64 (2.12-2) ...
Setting up libfribidi0:amd64 (1.0.8-2) ...
Setting up bsdmainutils (11.1.2+b1) ...
update-alternatives: using /usr/bin/bsd-write to provide /usr/bin/write (write) in auto mode
update-alternatives: using /usr/bin/bsd-from to provide /usr/bin/from (from) in auto mode
Setting up libpng16-16:amd64 (1.6.37-2) ...
Setting up libpcre32-3:amd64 (2:8.39-12+b1) ...
Setting up autopoint (0.19.8.1-10) ...
Setting up icu-devtools (63.2-2) ...
Setting up pkg-config (0.29-6) ...
Setting up fonts-dejavu-core (2.37-1) ...
Setting up libpcre2-posix2:amd64 (10.34-7) ...
Setting up libk5crypto3:amd64 (1.17-6) ...
Setting up libsasl2-2:amd64 (2.1.27+dfsg-2) ...
Setting up zlib1g-dev:amd64 (1:1.2.11.dfsg-2) ...
Setting up sensible-utils (0.0.12+nmu1) ...
Setting up librhash0:amd64 (1.3.9-1) ...
Setting up libuchardet0:amd64 (0.0.6-3) ...
Setting up libsub-override-perl (0.09-2) ...
Setting up libx11-6:amd64 (2:1.6.8-1) ...
Setting up libthai-data (0.1.28-3) ...
Setting up libgirepository-1.0-1:amd64 (1.62.0-5) ...
Setting up libssh2-1:amd64 (1.8.0-2.1) ...
Setting up xorg-sgml-doctools (1:1.11-1) ...
Setting up cmake-data (3.16.3-1) ...
Setting up libkrb5-3:amd64 (1.17-6) ...
Setting up libmpdec2:amd64 (2.4.2-2) ...
Setting up cdbs (0.4.159) ...
Setting up libelf1:amd64 (0.176-1.1) ...
Setting up readline-common (8.0-3) ...
Setting up libicu-dev:amd64 (63.2-2) ...
Setting up libxml2:amd64 (2.9.10+dfsg-3) ...
Setting up libllvm9:amd64 (1:9.0.1-8) ...
Setting up libprocps8:amd64 (2:3.3.16-1+b1) ...
Setting up libjsoncpp1:amd64 (1.7.4-3.1) ...
Setting up x11proto-dev (2018.4-4) ...
Setting up libfile-stripnondeterminism-perl (1.6.3-2) ...
Setting up libblkid-dev:amd64 (2.34-0.1) ...
Setting up libice6:amd64 (2:1.0.9-2) ...
Setting up libxau-dev:amd64 (1:1.0.8-1+b2) ...
Setting up libpcre2-dev:amd64 (10.34-7) ...
Setting up libxrender1:amd64 (1:0.9.10-1) ...
Setting up libice-dev:amd64 (2:1.0.9-2) ...
Setting up libtool (2.4.6-13) ...
Setting up libarchive13:amd64 (3.4.0-1+b1) ...
Setting up libselinux1-dev:amd64 (3.0-1+b1) ...
Setting up libpcre3-dev:amd64 (2:8.39-12+b1) ...
Setting up libclang1-9 (1:9.0.1-8) ...
Setting up libfribidi-dev:amd64 (1.0.8-2) ...
Setting up libreadline8:amd64 (8.0-3) ...
Setting up libpng-dev:amd64 (1.6.37-2) ...
Setting up libxext6:amd64 (2:1.3.3-1+b2) ...
Setting up libglib2.0-bin (2.62.4-2) ...
Setting up libldap-2.4-2:amd64 (2.4.49+dfsg-1) ...
Setting up m4 (1.4.18-4) ...
Setting up libthai0:amd64 (0.1.28-3) ...
Setting up libxdmcp-dev:amd64 (1:1.1.2-3) ...
Setting up doxygen (1.8.16-2) ...
Setting up libfreetype6:amd64 (2.10.1-2) ...
Setting up x11proto-core-dev (2018.4-4) ...
Setting up libgssapi-krb5-2:amd64 (1.17-6) ...
Setting up libcroco3:amd64 (0.6.13-1) ...
Setting up ucf (3.0038+nmu1) ...
Setting up gir1.2-glib-2.0:amd64 (1.62.0-5) ...
Setting up autoconf (2.69-11.1) ...
Setting up dh-strip-nondeterminism (1.6.3-2) ...
Setting up x11proto-xext-dev (2018.4-4) ...
Setting up dwz (0.13-5) ...
Setting up groff-base (1.22.4-4) ...
Setting up procps (2:3.3.16-1+b1) ...
update-alternatives: using /usr/bin/w.procps to provide /usr/bin/w (w) in auto mode
Setting up libcurl4:amd64 (7.68.0-1) ...
Setting up libharfbuzz0b:amd64 (2.6.4-1) ...
Setting up libsm6:amd64 (2:1.2.3-1) ...
Setting up libmount-dev:amd64 (2.34-0.1) ...
Setting up automake (1:1.16.1-4) ...
update-alternatives: using /usr/bin/automake-1.16 to provide /usr/bin/automake (automake) in auto mode
Setting up libpython3.7-stdlib:amd64 (3.7.6-1+b1) ...
Setting up gettext (0.19.8.1-10) ...
Setting up gir1.2-freedesktop:amd64 (1.62.0-5) ...
Setting up libharfbuzz-icu0:amd64 (2.6.4-1) ...
Setting up libxcb1-dev:amd64 (1.13.1-5) ...
Setting up libsm-dev:amd64 (2:1.2.3-1) ...
Setting up fontconfig-config (2.13.1-2) ...
Setting up libx11-dev:amd64 (2:1.6.8-1) ...
Setting up libharfbuzz-gobject0:amd64 (2.6.4-1) ...
Setting up man-db (2.9.0-2) ...
Not building database; man-db/auto-update is not 'true'.
Setting up gir1.2-harfbuzz-0.0:amd64 (2.6.4-1) ...
Setting up libfreetype-dev:amd64 (2.10.1-2) ...
Setting up intltool-debian (0.35.0+20060710.5) ...
Setting up libxcb-shm0-dev:amd64 (1.13.1-5) ...
Setting up libxcb-render0-dev:amd64 (1.13.1-5) ...
Setting up libxext-dev:amd64 (2:1.3.3-1+b2) ...
Setting up cmake (3.16.3-1) ...
Setting up libfontconfig1:amd64 (2.13.1-2+b1) ...
Setting up libxrender-dev:amd64 (1:0.9.10-1) ...
Setting up libpython3-stdlib:amd64 (3.7.5-3) ...
Setting up python3.7 (3.7.6-1+b1) ...
Setting up fontconfig (2.13.1-2+b1) ...
Regenerating fonts cache... done.
Setting up libxft2:amd64 (2.3.2-2) ...
Setting up po-debconf (1.0.21) ...
Setting up libpango-1.0-0:amd64 (1.42.4-8) ...
Setting up python3 (3.7.5-3) ...
Setting up libcairo2:amd64 (1.16.0-4) ...
Setting up libfreetype6-dev:amd64 (2.10.1-2) ...
Setting up libcairo-gobject2:amd64 (1.16.0-4) ...
Setting up libpangoft2-1.0-0:amd64 (1.42.4-8) ...
Setting up python3-lib2to3 (3.8.0-1) ...
Setting up libpangocairo-1.0-0:amd64 (1.42.4-8) ...
Setting up python3-distutils (3.8.0-1) ...
Setting up libcairo-script-interpreter2:amd64 (1.16.0-4) ...
Setting up libglib2.0-dev-bin (2.62.4-2) ...
Setting up libfontconfig1-dev:amd64 (2.13.1-2+b1) ...
Setting up libpangoxft-1.0-0:amd64 (1.42.4-8) ...
Setting up pango1.0-tools (1.42.4-8) ...
Setting up gir1.2-pango-1.0:amd64 (1.42.4-8) ...
Setting up libglib2.0-dev:amd64 (2.62.4-2) ...
Setting up libcairo2-dev:amd64 (1.16.0-4) ...
Setting up libxft-dev:amd64 (2.3.2-2) ...
Setting up libharfbuzz-dev:amd64 (2.6.4-1) ...
Setting up libpango1.0-dev:amd64 (1.42.4-8) ...
Setting up dh-autoreconf (19) ...
Setting up debhelper (12.9) ...
Setting up sbuild-build-depends-main-dummy (0.invalid.0) ...
Processing triggers for libc-bin (2.29-10) ...

+------------------------------------------------------------------------------+
| Check architectures                                                          |
+------------------------------------------------------------------------------+

Arch check ok (amd64 included in any)

+------------------------------------------------------------------------------+
| Build environment                                                            |
+------------------------------------------------------------------------------+

Kernel: Linux 4.19.0-6-cloud-amd64 #1 SMP Debian 4.19.67-2+deb10u2 (2019-11-11) amd64 (x86_64)
Toolchain package versions: binutils_2.34-3 dpkg-dev_1.19.7 g++-9_9.2.1-29 gcc-9_9.2.1-29 libc6-dev_2.29-10 libstdc++-9-dev_9.2.1-29 libstdc++6_10-20200222-1 linux-libc-dev_5.4.19-1
Package versions: adduser_3.118 apt_1.8.4 autoconf_2.69-11.1 automake_1:1.16.1-4 autopoint_0.19.8.1-10 autotools-dev_20180224.1 base-files_11 base-passwd_3.5.47 bash_5.0-5 binutils_2.34-3 binutils-common_2.34-3 binutils-x86-64-linux-gnu_2.34-3 bsdmainutils_11.1.2+b1 bsdutils_1:2.34-0.1 build-essential_12.8 bzip2_1.0.8-2 cdbs_0.4.159 clang-10_1:10.0.0~+rc2-1 cmake_3.16.3-1 cmake-data_3.16.3-1 coreutils_8.30-3+b1 cpp_4:9.2.1-3.1 cpp-9_9.2.1-29 dash_0.5.10.2-6 debconf_1.5.73 debhelper_12.9 debian-archive-keyring_2019.1 debianutils_4.9.1 dh-autoreconf_19 dh-strip-nondeterminism_1.6.3-2 diffutils_1:3.7-3 doxygen_1.8.16-2 dpkg_1.19.7 dpkg-dev_1.19.7 dwz_0.13-5 e2fsprogs_1.45.5-2 fakeroot_1.24-1 fdisk_2.34-0.1 file_1:5.38-4 findutils_4.7.0-1 fontconfig_2.13.1-2+b1 fontconfig-config_2.13.1-2 fonts-dejavu-core_2.37-1 g++_4:9.2.1-3.1 g++-9_9.2.1-29 gcc_4:9.2.1-3.1 gcc-10-base_10-20200222-1 gcc-9_9.2.1-29 gcc-9-base_9.2.1-29 gettext_0.19.8.1-10 gettext-base_0.19.8.1-10 gir1.2-freedesktop_1.62.0-5 gir1.2-glib-2.0_1.62.0-5 gir1.2-harfbuzz-0.0_2.6.4-1 gir1.2-pango-1.0_1.42.4-8 gpgv_2.2.19-1 grep_3.4-1 groff-base_1.22.4-4 gzip_1.9-3+b1 hostname_3.23 icu-devtools_63.2-2 init-system-helpers_1.57 intltool-debian_0.35.0+20060710.5 lib32gcc-s1_10-20200222-1 lib32gcc1_1:10-20200222-1 lib32stdc++6_10-20200222-1 libacl1_2.2.53-5 libapt-pkg5.0_1.8.4 libarchive-zip-perl_1.67-1 libarchive13_3.4.0-1+b1 libasan5_9.2.1-29 libatomic1_10-20200222-1 libattr1_1:2.4.48-5 libaudit-common_1:2.8.5-2 libaudit1_1:2.8.5-2+b1 libbinutils_2.34-3 libblkid-dev_2.34-0.1 libblkid1_2.34-0.1 libbrotli1_1.0.7-6 libbsd0_0.10.0-1 libbz2-1.0_1.0.8-2 libc-bin_2.29-10 libc-dev-bin_2.29-10 libc6_2.29-10 libc6-dev_2.29-10 libc6-i386_2.29-10 libcairo-gobject2_1.16.0-4 libcairo-script-interpreter2_1.16.0-4 libcairo2_1.16.0-4 libcairo2-dev_1.16.0-4 libcap-ng0_0.7.9-2.1+b1 libcc1-0_10-20200222-1 libclang-common-10-dev_1:10.0.0~+rc2-1 libclang-cpp10_1:10.0.0~+rc2-1 libclang1-10_1:10.0.0~+rc2-1 libclang1-9_1:9.0.1-8 libcom-err2_1.45.5-2 libcroco3_0.6.13-1 libcrypt-dev_1:4.4.10-10 libcrypt1_1:4.4.10-10 libctf-nobfd0_2.34-3 libctf0_2.34-3 libcurl4_7.68.0-1 libdatrie1_0.2.12-3 libdb5.3_5.3.28+dfsg1-0.6 libdebconfclient0_0.251 libdebhelper-perl_12.9 libdpkg-perl_1.19.7 libedit2_3.1-20191231-1 libelf1_0.176-1.1 libexpat1_2.2.9-1 libexpat1-dev_2.2.9-1 libext2fs2_1.45.5-2 libfakeroot_1.24-1 libfdisk1_2.34-0.1 libffi-dev_3.3-3 libffi7_3.3-3 libfile-stripnondeterminism-perl_1.6.3-2 libfontconfig1_2.13.1-2+b1 libfontconfig1-dev_2.13.1-2+b1 libfreetype-dev_2.10.1-2 libfreetype6_2.10.1-2 libfreetype6-dev_2.10.1-2 libfribidi-dev_1.0.8-2 libfribidi0_1.0.8-2 libgc1c2_1:7.6.4-0.4 libgcc-9-dev_9.2.1-29 libgcc-s1_10-20200222-1 libgcc1_1:10-20200222-1 libgcrypt20_1.8.5-5 libgdbm-compat4_1.18.1-5 libgdbm6_1.18.1-5 libgirepository-1.0-1_1.62.0-5 libglib2.0-0_2.62.4-2 libglib2.0-bin_2.62.4-2 libglib2.0-data_2.62.4-2 libglib2.0-dev_2.62.4-2 libglib2.0-dev-bin_2.62.4-2 libgmp10_2:6.2.0+dfsg-4 libgnutls30_3.6.12-2 libgomp1_10-20200222-1 libgpg-error0_1.37-1 libgraphite2-3_1.3.13-11 libgraphite2-dev_1.3.13-11 libgssapi-krb5-2_1.17-6 libharfbuzz-dev_2.6.4-1 libharfbuzz-gobject0_2.6.4-1 libharfbuzz-icu0_2.6.4-1 libharfbuzz0b_2.6.4-1 libhogweed5_3.5.1+really3.5.1-2 libice-dev_2:1.0.9-2 libice6_2:1.0.9-2 libicu-dev_63.2-2 libicu63_63.2-2 libidn2-0_2.2.0-2 libisl22_0.22.1-1 libitm1_10-20200222-1 libjsoncpp1_1.7.4-3.1 libk5crypto3_1.17-6 libkeyutils1_1.6.1-2 libkrb5-3_1.17-6 libkrb5support0_1.17-6 libldap-2.4-2_2.4.49+dfsg-1 libldap-common_2.4.49+dfsg-1 libllvm10_1:10.0.0~+rc2-1 libllvm9_1:9.0.1-8 liblsan0_10-20200222-1 liblz4-1_1.9.2-2 liblzma5_5.2.4-1+b1 liblzo2-2_2.10-2 libmagic-mgc_1:5.38-4 libmagic1_1:5.38-4 libmount-dev_2.34-0.1 libmount1_2.34-0.1 libmpc3_1.1.0-1 libmpdec2_2.4.2-2 libmpfr6_4.0.2-1 libncurses6_6.1+20191019-1 libncursesw6_6.1+20191019-1 libnettle7_3.5.1+really3.5.1-2 libnghttp2-14_1.40.0-1 libobjc-9-dev_9.2.1-29 libobjc4_10-20200222-1 libomp-10-dev_1:10.0.0~+rc2-1 libomp5-10_1:10.0.0~+rc2-1 libp11-kit0_0.23.20-1 libpam-modules_1.3.1-5 libpam-modules-bin_1.3.1-5 libpam-runtime_1.3.1-5 libpam0g_1.3.1-5 libpango-1.0-0_1.42.4-8 libpango1.0-dev_1.42.4-8 libpangocairo-1.0-0_1.42.4-8 libpangoft2-1.0-0_1.42.4-8 libpangoxft-1.0-0_1.42.4-8 libpcre16-3_2:8.39-12+b1 libpcre2-16-0_10.34-7 libpcre2-32-0_10.34-7 libpcre2-8-0_10.34-7 libpcre2-dev_10.34-7 libpcre2-posix2_10.34-7 libpcre3_2:8.39-12+b1 libpcre3-dev_2:8.39-12+b1 libpcre32-3_2:8.39-12+b1 libpcrecpp0v5_2:8.39-12+b1 libperl5.30_5.30.0-9 libpipeline1_1.5.2-2 libpixman-1-0_0.36.0-1 libpixman-1-dev_0.36.0-1 libpng-dev_1.6.37-2 libpng16-16_1.6.37-2 libprocps8_2:3.3.16-1+b1 libpsl5_0.20.2-2 libpthread-stubs0-dev_0.4-1 libpython3-stdlib_3.7.5-3 libpython3.7-minimal_3.7.6-1+b1 libpython3.7-stdlib_3.7.6-1+b1 libquadmath0_10-20200222-1 libreadline8_8.0-3 librhash0_1.3.9-1 librtmp1_2.4+20151223.gitfa8646d.1-2+b1 libsasl2-2_2.1.27+dfsg-2 libsasl2-modules-db_2.1.27+dfsg-2 libseccomp2_2.4.2-2 libselinux1_3.0-1+b1 libselinux1-dev_3.0-1+b1 libsemanage-common_3.0-1 libsemanage1_3.0-1+b1 libsepol1_3.0-1 libsepol1-dev_3.0-1 libsigsegv2_2.12-2 libsm-dev_2:1.2.3-1 libsm6_2:1.2.3-1 libsmartcols1_2.34-0.1 libsqlite3-0_3.31.1-3 libss2_1.45.5-2 libssh2-1_1.8.0-2.1 libssl1.1_1.1.1d-2 libstdc++-9-dev_9.2.1-29 libstdc++6_10-20200222-1 libsub-override-perl_0.09-2 libsystemd0_244.3-1 libtasn1-6_4.16.0-2 libthai-data_0.1.28-3 libthai0_0.1.28-3 libtinfo6_6.1+20191019-1 libtool_2.4.6-13 libtsan0_10-20200222-1 libubsan1_10-20200222-1 libuchardet0_0.0.6-3 libudev1_244.3-1 libunistring2_0.9.10-2 libuuid1_2.34-0.1 libuv1_1.34.2-1 libx11-6_2:1.6.8-1 libx11-data_2:1.6.8-1 libx11-dev_2:1.6.8-1 libxapian30_1.4.14-2 libxau-dev_1:1.0.8-1+b2 libxau6_1:1.0.8-1+b2 libxcb-render0_1.13.1-5 libxcb-render0-dev_1.13.1-5 libxcb-shm0_1.13.1-5 libxcb-shm0-dev_1.13.1-5 libxcb1_1.13.1-5 libxcb1-dev_1.13.1-5 libxdmcp-dev_1:1.1.2-3 libxdmcp6_1:1.1.2-3 libxext-dev_2:1.3.3-1+b2 libxext6_2:1.3.3-1+b2 libxft-dev_2.3.2-2 libxft2_2.3.2-2 libxml2_2.9.10+dfsg-3 libxrender-dev_1:0.9.10-1 libxrender1_1:0.9.10-1 libz3-4_4.8.7-4 libzstd1_1.4.4+dfsg-3 linux-libc-dev_5.4.19-1 login_1:4.8.1-1 logsave_1.45.5-2 lsb-base_11.1.0 m4_1.4.18-4 make_4.2.1-1.2 man-db_2.9.0-2 mawk_1.3.4.20200120-2 mime-support_3.64 mount_2.34-0.1 ncurses-base_6.1+20191019-1 ncurses-bin_6.1+20191019-1 pango1.0-tools_1.42.4-8 passwd_1:4.8.1-1 patch_2.7.6-6 perl_5.30.0-9 perl-base_5.30.0-9 perl-modules-5.30_5.30.0-9 pkg-config_0.29-6 po-debconf_1.0.21 procps_2:3.3.16-1+b1 python3_3.7.5-3 python3-distutils_3.8.0-1 python3-lib2to3_3.8.0-1 python3-minimal_3.7.5-3 python3.7_3.7.6-1+b1 python3.7-minimal_3.7.6-1+b1 readline-common_8.0-3 sbuild-build-depends-main-dummy_0.invalid.0 sed_4.7-1 sensible-utils_0.0.12+nmu1 sysvinit-utils_2.96-2.1 tar_1.30+dfsg-6+b1 tzdata_2019c-3 ucf_3.0038+nmu1 util-linux_2.34-0.1 uuid-dev_2.34-0.1 x11-common_1:7.7+20 x11proto-core-dev_2018.4-4 x11proto-dev_2018.4-4 x11proto-xext-dev_2018.4-4 xorg-sgml-doctools_1:1.11-1 xtrans-dev_1.3.5-1 xz-utils_5.2.4-1+b1 zlib1g_1:1.2.11.dfsg-2 zlib1g-dev_1:1.2.11.dfsg-2

+------------------------------------------------------------------------------+
| Build                                                                        |
+------------------------------------------------------------------------------+


Unpack source
-------------

-----BEGIN PGP SIGNED MESSAGE-----
Hash: SHA512

Format: 3.0 (quilt)
Source: lasi
Binary: liblasi0, liblasi-dev
Architecture: any
Version: 1.1.0-2
Maintainer: Debian QA Group <packages@qa.debian.org>
Homepage: http://sourceforge.net/projects/lasi
Standards-Version: 3.7.3
Vcs-Browser: http://lasi.svn.sourceforge.net/viewvc/lasi/trunk/debian/
Vcs-Svn: https://lasi.svn.sourceforge.net/svnroot/lasi/trunk/debian/
Build-Depends: debhelper (>= 5.0.0), cmake, libpango1.0-dev, cdbs (>= 0.4.51), libfreetype6-dev (>= 2.2), doxygen
Package-List:
 liblasi-dev deb libdevel optional arch=any
 liblasi0 deb libs optional arch=any
Checksums-Sha1:
 6b2db9dc8719eb7f31c63b70e04b2337812379a1 200126 lasi_1.1.0.orig.tar.gz
 67213fe6b4469fd4e772101c651cbc4ffbf16f8d 4784 lasi_1.1.0-2.debian.tar.xz
Checksums-Sha256:
 52b186060e531f851d4b9d288dc6dba4f0ab15a6b8862377213032da39bcb8f4 200126 lasi_1.1.0.orig.tar.gz
 cdfbb96b6f759fa24bee665c5055b2c44ac4011660e13737787e6a4a36dca1f3 4784 lasi_1.1.0-2.debian.tar.xz
Files:
 f18091569ed4fface75453b097c67459 200126 lasi_1.1.0.orig.tar.gz
 3eeb95d2dc5cabdf6e7bc5299cd19e27 4784 lasi_1.1.0-2.debian.tar.xz

-----BEGIN PGP SIGNATURE-----

iQIzBAEBCgAdFiEEOvp1f6xuoR0v9F3wiNJCh6LYmLEFAllgwXgACgkQiNJCh6LY
mLFBqw//VSXo+/zBmBDekRDsl0YrpHZnbIPxa8sSKMA0fSU2Nb+Ofx2oOzS5pEv/
TKhzm5HXc4WCJA+sS5CVPzSzBp7e1Yox/Qi2GcXaZROIVtY/9iHHeUdbWbLOb8fX
2eN57VrHyKvX/I2dYUysQc5E4yxq3X3DF1p7PJ3s2RKZRZXFKi4aQTUzqjpYjcRt
6Uz6d4BU6ixDo7pIhKP6ISrZHAxmHsq+uJDNcy6PdVDxV2Q+5CIszQeWf6EUMpTu
enKy+hLeNF76n8pXKy7fdE9tk8DX0wSJn26b0INbgAHYfPyJGLEO/wmSXM4ljeOG
AWsCdyFo5NI0bp0nxIwPcA1SV6Suy+Om4vL3pd2hY9uqwkHCjs1pYHy1REyNn0ES
RHkEFua0Df2xeG3wU63AcP0ORc5vB6EryA+hB2yIwWlURfY9ClvPU4aQ3fsdW8cO
/pRCIJs2Gxo6p2VEe5lhSFCgQqtB0N2g+01fsXQ7VvH2wyQWj06xI/H/OlmvJ9q2
XA8ZB4J3mUlJQf0tTv7HIbj8khpLCy7JowTD9hAB45gJacS7/p8HcIfzKiwK/N0w
GidxSCJwU5/m+NAUgDXtm+ZKwUZ88F7F1CLDXwJ8tFjJHQ0mr8xfhGXN07AhFX/t
hTQIYk9npTH6XL90yUhqEPefjNbCtq9NIuN/OBujdDv4RTA2vZo=
=Y/wp
-----END PGP SIGNATURE-----

gpgv: unknown type of key resource 'trustedkeys.kbx'
gpgv: keyblock resource '/sbuild-nonexistent/.gnupg/trustedkeys.kbx': General error
gpgv: Signature made Sat Jul  8 11:26:48 2017 UTC
gpgv:                using RSA key 3AFA757FAC6EA11D2FF45DF088D24287A2D898B1
gpgv: Can't check signature: No public key
dpkg-source: warning: failed to verify signature on ./lasi_1.1.0-2.dsc
dpkg-source: info: extracting lasi in /<<PKGBUILDDIR>>
dpkg-source: info: unpacking lasi_1.1.0.orig.tar.gz
dpkg-source: info: unpacking lasi_1.1.0-2.debian.tar.xz
dpkg-source: info: using patch list from debian/patches/series
dpkg-source: info: applying fix-freetype-ftbfs

Check disk space
----------------

Sufficient free space for build

User Environment
----------------

APT_CONFIG=/var/lib/sbuild/apt.conf
HOME=/sbuild-nonexistent
LANG=C.UTF-8
LC_ALL=C.UTF-8
LOGNAME=user42
PATH=/usr/local/sbin:/usr/local/bin:/usr/sbin:/usr/bin:/sbin:/bin:/usr/games
SCHROOT_ALIAS_NAME=unstable
SCHROOT_CHROOT_NAME=sid-amd64-sbuild
SCHROOT_COMMAND=env
SCHROOT_GID=1001
SCHROOT_GROUP=user42
SCHROOT_SESSION_ID=sid-amd64-sbuild-3c4870ff-cf05-454c-9b91-d0317f5c5640
SCHROOT_UID=1001
SCHROOT_USER=user42
SHELL=/bin/sh
USER=user42

dpkg-buildpackage
-----------------

Command: dpkg-buildpackage -us -uc -b -rfakeroot
dpkg-buildpackage: info: source package lasi
dpkg-buildpackage: info: source version 1.1.0-2
dpkg-buildpackage: info: source distribution unstable
dpkg-buildpackage: info: source changed by Adrian Bunk <bunk@debian.org>
 dpkg-source --before-build .
dpkg-buildpackage: info: host architecture amd64
 fakeroot debian/rules clean
test -x debian/rules
rmdir obj-x86_64-linux-gnu
rmdir: failed to remove 'obj-x86_64-linux-gnu': No such file or directory
make: [/usr/share/cdbs/1/rules/buildcore.mk:49: cleanbuilddir] Error 1 (ignored)
rm -f debian/stamp-makefile-build debian/stamp-makefile-install
/usr/bin/make -C obj-x86_64-linux-gnu -k clean
make[1]: *** obj-x86_64-linux-gnu: No such file or directory.  Stop.
make: [/usr/share/cdbs/1/class/makefile.mk:91: makefile-clean] Error 2 (ignored)
rm -f debian/stamp-makefile-check
rm -rf obj-x86_64-linux-gnu
dh_clean 
 debian/rules build
test -x debian/rules
mkdir -p "obj-x86_64-linux-gnu"
CDBS WARNING:    DEB_COMPRESS_EXCLUDE is deprecated since 0.4.85
cd obj-x86_64-linux-gnu && cmake /<<PKGBUILDDIR>>/. -DCMAKE_INSTALL_PREFIX="/usr" -DCMAKE_C_COMPILER:FILEPATH="cc" -DCMAKE_CXX_COMPILER:FILEPATH="g++" -DCMAKE_C_FLAGS="-g -O2 -fdebug-prefix-map=/<<PKGBUILDDIR>>=. -fstack-protector-strong -Wformat -Werror=format-security -Wdate-time -D_FORTIFY_SOURCE=2" -DCMAKE_CXX_FLAGS="-g -O2 -fdebug-prefix-map=/<<PKGBUILDDIR>>=. -fstack-protector-strong -Wformat -Werror=format-security -Wdate-time -D_FORTIFY_SOURCE=2" -DCMAKE_SKIP_RPATH=ON -DCMAKE_VERBOSE_MAKEFILE=ON -DCMAKE_EXE_LINKER_FLAGS="-Wl,-z,relro" -DCMAKE_MODULE_LINKER_FLAGS="-Wl,-z,relro" -DCMAKE_SHARED_LINKER_FLAGS="-Wl,-z,relro" -DCMAKE_SKIP_RPATH=OFF -DUSE_RPATH=OFF
-- The CXX compiler identification is Clang 10.0.0
-- Check for working CXX compiler: /usr/bin/g++
-- Check for working CXX compiler: /usr/bin/g++ -- works
-- Detecting CXX compiler ABI info
-- Detecting CXX compiler ABI info - done
-- Detecting CXX compile features
-- Detecting CXX compile features - done
-- Looking for pkg-config - found
-- checking for module 'pango'
--   found pango, version 1.42.3
-- checking for module 'pangoft2'
--   found pangoft2, version 1.42.3
-- checking for module 'freetype2'
--   found freetype2, version 23.1.17
-- FOUND FreeType 2.2+ (NEW API): Library version is 23.1.17
-- Found Doxygen: /usr/bin/doxygen (found version "1.8.16") found components: doxygen missing components: dot

Summary of CMake build system results for libLASi

Install location variables which can be set by the user:
CMAKE_INSTALL_PREFIX:		/usr
CMAKE_INSTALL_EXEC_PREFIX:	/usr
CMAKE_INSTALL_BINDIR:		/usr/bin
CMAKE_INSTALL_DATADIR:		/usr/share
CMAKE_INSTALL_LIBDIR:		/usr/lib
CMAKE_INSTALL_INCLUDEDIR:	/usr/include
CMAKE_INSTALL_INFODIR:		/usr/share/info
CMAKE_INSTALL_MANDIR:		/usr/share/man

Other important CMake variables:

CMAKE_SYSTEM_NAME:		Linux
UNIX:				1
WIN32:				
APPLE:				
MSVC:					(MSVC_VERSION:	)
MINGW:				
MSYS:				
CYGWIN:				
BORLAND:			
WATCOM:				

CMAKE_BUILD_TYPE:		
CMAKE_CXX_COMPILER:		/usr/bin/g++
CMAKE_CXX_FLAGS:		-g -O2 -fdebug-prefix-map=/<<PKGBUILDDIR>>=. -fstack-protector-strong -Wformat -Werror=format-security -Wdate-time -D_FORTIFY_SOURCE=2
-- Configuring done
CMake Warning (dev) at examples/CMakeLists.txt:17 (add_executable):
  Policy CMP0003 should be set before this line.  Add code such as

    if(COMMAND cmake_policy)
      cmake_policy(SET CMP0003 NEW)
    endif(COMMAND cmake_policy)

  as early as possible but after the most recent call to
  cmake_minimum_required or cmake_policy(VERSION).  This warning appears
  because target "example2" links to some libraries for which the linker must
  search:

    pango-1.0, gobject-2.0, glib-2.0, pangoft2-1.0, pango-1.0, gobject-2.0
    glib-2.0, fontconfig, freetype, freetype, pango-1.0, gobject-2.0, glib-2.0
    pangoft2-1.0, pango-1.0, gobject-2.0, glib-2.0, pangoft2-1.0, fontconfig
    freetype, m

  and other libraries with known full path:

    /<<PKGBUILDDIR>>/obj-x86_64-linux-gnu/src/libLASi.so.0.0.1

  CMake is adding directories in the second list to the linker search path in
  case they are needed to find libraries from the first list (for backwards
  compatibility with CMake 2.4).  Set policy CMP0003 to OLD or NEW to enable
  or disable this behavior explicitly.  Run "cmake --help-policy CMP0003" for
  more information.
This warning is for project developers.  Use -Wno-dev to suppress it.

-- Generating done
CMake Warning:
  Manually-specified variables were not used by the project:

    CMAKE_C_COMPILER
    CMAKE_C_FLAGS


-- Build files have been written to: /<<PKGBUILDDIR>>/obj-x86_64-linux-gnu
/usr/bin/make -C obj-x86_64-linux-gnu 
make[1]: Entering directory '/<<PKGBUILDDIR>>/obj-x86_64-linux-gnu'
/usr/bin/cmake -S/<<PKGBUILDDIR>> -B/<<PKGBUILDDIR>>/obj-x86_64-linux-gnu --check-build-system CMakeFiles/Makefile.cmake 0
/usr/bin/cmake -E cmake_progress_start /<<PKGBUILDDIR>>/obj-x86_64-linux-gnu/CMakeFiles /<<PKGBUILDDIR>>/obj-x86_64-linux-gnu/CMakeFiles/progress.marks
/usr/bin/make -f CMakeFiles/Makefile2 all
make[2]: Entering directory '/<<PKGBUILDDIR>>/obj-x86_64-linux-gnu'
/usr/bin/make -f CMakeFiles/documentation.dir/build.make CMakeFiles/documentation.dir/depend
make[3]: Entering directory '/<<PKGBUILDDIR>>/obj-x86_64-linux-gnu'
cd /<<PKGBUILDDIR>>/obj-x86_64-linux-gnu && /usr/bin/cmake -E cmake_depends "Unix Makefiles" /<<PKGBUILDDIR>> /<<PKGBUILDDIR>> /<<PKGBUILDDIR>>/obj-x86_64-linux-gnu /<<PKGBUILDDIR>>/obj-x86_64-linux-gnu /<<PKGBUILDDIR>>/obj-x86_64-linux-gnu/CMakeFiles/documentation.dir/DependInfo.cmake --color=
Scanning dependencies of target documentation
make[3]: Leaving directory '/<<PKGBUILDDIR>>/obj-x86_64-linux-gnu'
/usr/bin/make -f CMakeFiles/documentation.dir/build.make CMakeFiles/documentation.dir/build
make[3]: Entering directory '/<<PKGBUILDDIR>>/obj-x86_64-linux-gnu'
make[3]: Nothing to be done for 'CMakeFiles/documentation.dir/build'.
make[3]: Leaving directory '/<<PKGBUILDDIR>>/obj-x86_64-linux-gnu'
[ 15%] Built target documentation
/usr/bin/make -f src/CMakeFiles/LASi.dir/build.make src/CMakeFiles/LASi.dir/depend
make[3]: Entering directory '/<<PKGBUILDDIR>>/obj-x86_64-linux-gnu'
cd /<<PKGBUILDDIR>>/obj-x86_64-linux-gnu && /usr/bin/cmake -E cmake_depends "Unix Makefiles" /<<PKGBUILDDIR>> /<<PKGBUILDDIR>>/src /<<PKGBUILDDIR>>/obj-x86_64-linux-gnu /<<PKGBUILDDIR>>/obj-x86_64-linux-gnu/src /<<PKGBUILDDIR>>/obj-x86_64-linux-gnu/src/CMakeFiles/LASi.dir/DependInfo.cmake --color=
Scanning dependencies of target LASi
make[3]: Leaving directory '/<<PKGBUILDDIR>>/obj-x86_64-linux-gnu'
/usr/bin/make -f src/CMakeFiles/LASi.dir/build.make src/CMakeFiles/LASi.dir/build
make[3]: Entering directory '/<<PKGBUILDDIR>>/obj-x86_64-linux-gnu'
[ 23%] Building CXX object src/CMakeFiles/LASi.dir/drawGlyph.o
cd /<<PKGBUILDDIR>>/obj-x86_64-linux-gnu/src && /usr/bin/g++  -DLASi_EXPORTS -I/usr/include/pango-1.0 -I/usr/include/fribidi -I/usr/include/glib-2.0 -I/usr/lib/x86_64-linux-gnu/glib-2.0/include -I/usr/include/harfbuzz -I/usr/include/uuid -I/usr/include/freetype2 -I/usr/include/libpng16 -I/<<PKGBUILDDIR>>/include -I/<<PKGBUILDDIR>>/obj-x86_64-linux-gnu  -g -O2 -fdebug-prefix-map=/<<PKGBUILDDIR>>=. -fstack-protector-strong -Wformat -Werror=format-security -Wdate-time -D_FORTIFY_SOURCE=2 -fPIC   -I/usr/include/pango-1.0 -I/usr/include/fribidi -I/usr/include/glib-2.0 -I/usr/lib/x86_64-linux-gnu/glib-2.0/include -I/usr/include/pango-1.0 -I/usr/include/harfbuzz -I/usr/include/pango-1.0 -I/usr/include/fribidi -I/usr/include/glib-2.0 -I/usr/lib/x86_64-linux-gnu/glib-2.0/include -I/usr/include/uuid -I/usr/include/freetype2 -I/usr/include/libpng16 -I/usr/include/freetype2 -I/usr/include/libpng16 -o CMakeFiles/LASi.dir/drawGlyph.o -c /<<PKGBUILDDIR>>/src/drawGlyph.cpp
[ 30%] Building CXX object src/CMakeFiles/LASi.dir/glyphMgr.o
cd /<<PKGBUILDDIR>>/obj-x86_64-linux-gnu/src && /usr/bin/g++  -DLASi_EXPORTS -I/usr/include/pango-1.0 -I/usr/include/fribidi -I/usr/include/glib-2.0 -I/usr/lib/x86_64-linux-gnu/glib-2.0/include -I/usr/include/harfbuzz -I/usr/include/uuid -I/usr/include/freetype2 -I/usr/include/libpng16 -I/<<PKGBUILDDIR>>/include -I/<<PKGBUILDDIR>>/obj-x86_64-linux-gnu  -g -O2 -fdebug-prefix-map=/<<PKGBUILDDIR>>=. -fstack-protector-strong -Wformat -Werror=format-security -Wdate-time -D_FORTIFY_SOURCE=2 -fPIC   -I/usr/include/pango-1.0 -I/usr/include/fribidi -I/usr/include/glib-2.0 -I/usr/lib/x86_64-linux-gnu/glib-2.0/include -I/usr/include/pango-1.0 -I/usr/include/harfbuzz -I/usr/include/pango-1.0 -I/usr/include/fribidi -I/usr/include/glib-2.0 -I/usr/lib/x86_64-linux-gnu/glib-2.0/include -I/usr/include/uuid -I/usr/include/freetype2 -I/usr/include/libpng16 -I/usr/include/freetype2 -I/usr/include/libpng16 -o CMakeFiles/LASi.dir/glyphMgr.o -c /<<PKGBUILDDIR>>/src/glyphMgr.cpp
/<<PKGBUILDDIR>>/src/glyphMgr.cpp:27:61: warning: field '_glyph' is uninitialized when used here [-Wuninitialized]
FreetypeGlyphMgr::FreetypeGlyphMgr(FT_Glyph glyph) : _glyph(_glyph) {}
                                                            ^
1 warning generated.
[ 38%] Building CXX object src/CMakeFiles/LASi.dir/psDoc.o
cd /<<PKGBUILDDIR>>/obj-x86_64-linux-gnu/src && /usr/bin/g++  -DLASi_EXPORTS -I/usr/include/pango-1.0 -I/usr/include/fribidi -I/usr/include/glib-2.0 -I/usr/lib/x86_64-linux-gnu/glib-2.0/include -I/usr/include/harfbuzz -I/usr/include/uuid -I/usr/include/freetype2 -I/usr/include/libpng16 -I/<<PKGBUILDDIR>>/include -I/<<PKGBUILDDIR>>/obj-x86_64-linux-gnu  -g -O2 -fdebug-prefix-map=/<<PKGBUILDDIR>>=. -fstack-protector-strong -Wformat -Werror=format-security -Wdate-time -D_FORTIFY_SOURCE=2 -fPIC   -I/usr/include/pango-1.0 -I/usr/include/fribidi -I/usr/include/glib-2.0 -I/usr/lib/x86_64-linux-gnu/glib-2.0/include -I/usr/include/pango-1.0 -I/usr/include/harfbuzz -I/usr/include/pango-1.0 -I/usr/include/fribidi -I/usr/include/glib-2.0 -I/usr/lib/x86_64-linux-gnu/glib-2.0/include -I/usr/include/uuid -I/usr/include/freetype2 -I/usr/include/libpng16 -I/usr/include/freetype2 -I/usr/include/libpng16 -o CMakeFiles/LASi.dir/psDoc.o -c /<<PKGBUILDDIR>>/src/psDoc.cpp
In file included from /<<PKGBUILDDIR>>/src/psDoc.cpp:17:
/<<PKGBUILDDIR>>/src/contextMgr.h:23:12: warning: 'pango_ft2_get_context' is deprecated: Use 'pango_font_map_create_context' instead [-Wdeprecated-declarations]
      _t = pango_ft2_get_context(dpiX, dpiY);
           ^
/usr/include/pango-1.0/pango/pangoft2.h:121:1: note: 'pango_ft2_get_context' has been explicitly marked deprecated here
PANGO_DEPRECATED_FOR(pango_font_map_create_context)
^
/usr/include/pango-1.0/pango/pango-version-macros.h:336:49: note: expanded from macro 'PANGO_DEPRECATED_FOR'
# define PANGO_DEPRECATED_FOR(f)                G_DEPRECATED_FOR(f) _PANGO_EXTERN
                                                ^
/usr/include/glib-2.0/glib/gmacros.h:950:44: note: expanded from macro 'G_DEPRECATED_FOR'
#define G_DEPRECATED_FOR(f) __attribute__((__deprecated__("Use '" #f "' instead")))
                                           ^
/<<PKGBUILDDIR>>/src/psDoc.cpp:222:26: warning: 'pango_ft2_font_get_face' is deprecated: Use 'pango_fc_font_lock_face' instead [-Wdeprecated-declarations]
    const FT_Face face = pango_ft2_font_get_face(pItem->analysis.font);
                         ^
/usr/include/pango-1.0/pango/pangoft2.h:135:1: note: 'pango_ft2_font_get_face' has been explicitly marked deprecated here
PANGO_DEPRECATED_FOR(pango_fc_font_lock_face)
^
/usr/include/pango-1.0/pango/pango-version-macros.h:336:49: note: expanded from macro 'PANGO_DEPRECATED_FOR'
# define PANGO_DEPRECATED_FOR(f)                G_DEPRECATED_FOR(f) _PANGO_EXTERN
                                                ^
/usr/include/glib-2.0/glib/gmacros.h:950:44: note: expanded from macro 'G_DEPRECATED_FOR'
#define G_DEPRECATED_FOR(f) __attribute__((__deprecated__("Use '" #f "' instead")))
                                           ^
2 warnings generated.
[ 46%] Building CXX object src/CMakeFiles/LASi.dir/util.o
cd /<<PKGBUILDDIR>>/obj-x86_64-linux-gnu/src && /usr/bin/g++  -DLASi_EXPORTS -I/usr/include/pango-1.0 -I/usr/include/fribidi -I/usr/include/glib-2.0 -I/usr/lib/x86_64-linux-gnu/glib-2.0/include -I/usr/include/harfbuzz -I/usr/include/uuid -I/usr/include/freetype2 -I/usr/include/libpng16 -I/<<PKGBUILDDIR>>/include -I/<<PKGBUILDDIR>>/obj-x86_64-linux-gnu  -g -O2 -fdebug-prefix-map=/<<PKGBUILDDIR>>=. -fstack-protector-strong -Wformat -Werror=format-security -Wdate-time -D_FORTIFY_SOURCE=2 -fPIC   -I/usr/include/pango-1.0 -I/usr/include/fribidi -I/usr/include/glib-2.0 -I/usr/lib/x86_64-linux-gnu/glib-2.0/include -I/usr/include/pango-1.0 -I/usr/include/harfbuzz -I/usr/include/pango-1.0 -I/usr/include/fribidi -I/usr/include/glib-2.0 -I/usr/lib/x86_64-linux-gnu/glib-2.0/include -I/usr/include/uuid -I/usr/include/freetype2 -I/usr/include/libpng16 -I/usr/include/freetype2 -I/usr/include/libpng16 -o CMakeFiles/LASi.dir/util.o -c /<<PKGBUILDDIR>>/src/util.cpp
[ 53%] Linking CXX shared library libLASi.so
cd /<<PKGBUILDDIR>>/obj-x86_64-linux-gnu/src && /usr/bin/cmake -E cmake_link_script CMakeFiles/LASi.dir/link.txt --verbose=1
/usr/bin/g++ -fPIC -g -O2 -fdebug-prefix-map=/<<PKGBUILDDIR>>=. -fstack-protector-strong -Wformat -Werror=format-security -Wdate-time -D_FORTIFY_SOURCE=2 -Wl,-z,relro -shared -Wl,-soname,libLASi.so.0 -o libLASi.so.0.0.1 CMakeFiles/LASi.dir/drawGlyph.o CMakeFiles/LASi.dir/glyphMgr.o CMakeFiles/LASi.dir/psDoc.o CMakeFiles/LASi.dir/util.o  -lpango-1.0 -lgobject-2.0 -lglib-2.0 -lpangoft2-1.0 -lpango-1.0 -lgobject-2.0 -lglib-2.0 -lfontconfig -lfreetype -lfreetype -lm -lpangoft2-1.0 -lfontconfig -lfreetype -lm 
cd /<<PKGBUILDDIR>>/obj-x86_64-linux-gnu/src && /usr/bin/cmake -E cmake_symlink_library libLASi.so.0.0.1 libLASi.so.0 libLASi.so
make[3]: Leaving directory '/<<PKGBUILDDIR>>/obj-x86_64-linux-gnu'
[ 53%] Built target LASi
/usr/bin/make -f examples/CMakeFiles/example2.dir/build.make examples/CMakeFiles/example2.dir/depend
make[3]: Entering directory '/<<PKGBUILDDIR>>/obj-x86_64-linux-gnu'
cd /<<PKGBUILDDIR>>/obj-x86_64-linux-gnu && /usr/bin/cmake -E cmake_depends "Unix Makefiles" /<<PKGBUILDDIR>> /<<PKGBUILDDIR>>/examples /<<PKGBUILDDIR>>/obj-x86_64-linux-gnu /<<PKGBUILDDIR>>/obj-x86_64-linux-gnu/examples /<<PKGBUILDDIR>>/obj-x86_64-linux-gnu/examples/CMakeFiles/example2.dir/DependInfo.cmake --color=
Scanning dependencies of target example2
make[3]: Leaving directory '/<<PKGBUILDDIR>>/obj-x86_64-linux-gnu'
/usr/bin/make -f examples/CMakeFiles/example2.dir/build.make examples/CMakeFiles/example2.dir/build
make[3]: Entering directory '/<<PKGBUILDDIR>>/obj-x86_64-linux-gnu'
[ 61%] Building CXX object examples/CMakeFiles/example2.dir/ComplexTextLayoutExample.o
cd /<<PKGBUILDDIR>>/obj-x86_64-linux-gnu/examples && /usr/bin/g++   -I/usr/include/pango-1.0 -I/usr/include/fribidi -I/usr/include/glib-2.0 -I/usr/lib/x86_64-linux-gnu/glib-2.0/include -I/usr/include/harfbuzz -I/usr/include/uuid -I/usr/include/freetype2 -I/usr/include/libpng16 -I/<<PKGBUILDDIR>>/include  -g -O2 -fdebug-prefix-map=/<<PKGBUILDDIR>>=. -fstack-protector-strong -Wformat -Werror=format-security -Wdate-time -D_FORTIFY_SOURCE=2   -I/usr/include/pango-1.0 -I/usr/include/fribidi -I/usr/include/glib-2.0 -I/usr/lib/x86_64-linux-gnu/glib-2.0/include -I/usr/include/pango-1.0 -I/usr/include/harfbuzz -I/usr/include/pango-1.0 -I/usr/include/fribidi -I/usr/include/glib-2.0 -I/usr/lib/x86_64-linux-gnu/glib-2.0/include -I/usr/include/uuid -I/usr/include/freetype2 -I/usr/include/libpng16 -I/usr/include/freetype2 -I/usr/include/libpng16 -o CMakeFiles/example2.dir/ComplexTextLayoutExample.o -c /<<PKGBUILDDIR>>/examples/ComplexTextLayoutExample.cpp
[ 69%] Linking CXX executable example2
cd /<<PKGBUILDDIR>>/obj-x86_64-linux-gnu/examples && /usr/bin/cmake -E cmake_link_script CMakeFiles/example2.dir/link.txt --verbose=1
/usr/bin/g++  -g -O2 -fdebug-prefix-map=/<<PKGBUILDDIR>>=. -fstack-protector-strong -Wformat -Werror=format-security -Wdate-time -D_FORTIFY_SOURCE=2  -Wl,-z,relro -rdynamic CMakeFiles/example2.dir/ComplexTextLayoutExample.o  -o example2   -L/<<PKGBUILDDIR>>/obj-x86_64-linux-gnu/src  -Wl,-rpath,/<<PKGBUILDDIR>>/obj-x86_64-linux-gnu/src -lpango-1.0 -lgobject-2.0 -lglib-2.0 -lpangoft2-1.0 -lpango-1.0 -lgobject-2.0 -lglib-2.0 -lfontconfig -lfreetype -lfreetype ../src/libLASi.so.0.0.1 -lpango-1.0 -lgobject-2.0 -lglib-2.0 -lpangoft2-1.0 -lpango-1.0 -lgobject-2.0 -lglib-2.0 -lpangoft2-1.0 -lfontconfig -lfreetype -lm 
make[3]: Leaving directory '/<<PKGBUILDDIR>>/obj-x86_64-linux-gnu'
[ 69%] Built target example2
/usr/bin/make -f examples/CMakeFiles/example1.dir/build.make examples/CMakeFiles/example1.dir/depend
make[3]: Entering directory '/<<PKGBUILDDIR>>/obj-x86_64-linux-gnu'
cd /<<PKGBUILDDIR>>/obj-x86_64-linux-gnu && /usr/bin/cmake -E cmake_depends "Unix Makefiles" /<<PKGBUILDDIR>> /<<PKGBUILDDIR>>/examples /<<PKGBUILDDIR>>/obj-x86_64-linux-gnu /<<PKGBUILDDIR>>/obj-x86_64-linux-gnu/examples /<<PKGBUILDDIR>>/obj-x86_64-linux-gnu/examples/CMakeFiles/example1.dir/DependInfo.cmake --color=
Scanning dependencies of target example1
make[3]: Leaving directory '/<<PKGBUILDDIR>>/obj-x86_64-linux-gnu'
/usr/bin/make -f examples/CMakeFiles/example1.dir/build.make examples/CMakeFiles/example1.dir/build
make[3]: Entering directory '/<<PKGBUILDDIR>>/obj-x86_64-linux-gnu'
[ 76%] Building CXX object examples/CMakeFiles/example1.dir/SimpleLASiExample.o
cd /<<PKGBUILDDIR>>/obj-x86_64-linux-gnu/examples && /usr/bin/g++   -I/usr/include/pango-1.0 -I/usr/include/fribidi -I/usr/include/glib-2.0 -I/usr/lib/x86_64-linux-gnu/glib-2.0/include -I/usr/include/harfbuzz -I/usr/include/uuid -I/usr/include/freetype2 -I/usr/include/libpng16 -I/<<PKGBUILDDIR>>/include  -g -O2 -fdebug-prefix-map=/<<PKGBUILDDIR>>=. -fstack-protector-strong -Wformat -Werror=format-security -Wdate-time -D_FORTIFY_SOURCE=2   -I/usr/include/pango-1.0 -I/usr/include/fribidi -I/usr/include/glib-2.0 -I/usr/lib/x86_64-linux-gnu/glib-2.0/include -I/usr/include/pango-1.0 -I/usr/include/harfbuzz -I/usr/include/pango-1.0 -I/usr/include/fribidi -I/usr/include/glib-2.0 -I/usr/lib/x86_64-linux-gnu/glib-2.0/include -I/usr/include/uuid -I/usr/include/freetype2 -I/usr/include/libpng16 -I/usr/include/freetype2 -I/usr/include/libpng16 -o CMakeFiles/example1.dir/SimpleLASiExample.o -c /<<PKGBUILDDIR>>/examples/SimpleLASiExample.cpp
[ 84%] Linking CXX executable example1
cd /<<PKGBUILDDIR>>/obj-x86_64-linux-gnu/examples && /usr/bin/cmake -E cmake_link_script CMakeFiles/example1.dir/link.txt --verbose=1
/usr/bin/g++  -g -O2 -fdebug-prefix-map=/<<PKGBUILDDIR>>=. -fstack-protector-strong -Wformat -Werror=format-security -Wdate-time -D_FORTIFY_SOURCE=2  -Wl,-z,relro -rdynamic CMakeFiles/example1.dir/SimpleLASiExample.o  -o example1   -L/<<PKGBUILDDIR>>/obj-x86_64-linux-gnu/src  -Wl,-rpath,/<<PKGBUILDDIR>>/obj-x86_64-linux-gnu/src -lpango-1.0 -lgobject-2.0 -lglib-2.0 -lpangoft2-1.0 -lpango-1.0 -lgobject-2.0 -lglib-2.0 -lfontconfig -lfreetype -lfreetype ../src/libLASi.so.0.0.1 -lpango-1.0 -lgobject-2.0 -lglib-2.0 -lpangoft2-1.0 -lpango-1.0 -lgobject-2.0 -lglib-2.0 -lpangoft2-1.0 -lfontconfig -lfreetype -lm 
make[3]: Leaving directory '/<<PKGBUILDDIR>>/obj-x86_64-linux-gnu'
[ 84%] Built target example1
/usr/bin/make -f examples/CMakeFiles/example0.dir/build.make examples/CMakeFiles/example0.dir/depend
make[3]: Entering directory '/<<PKGBUILDDIR>>/obj-x86_64-linux-gnu'
cd /<<PKGBUILDDIR>>/obj-x86_64-linux-gnu && /usr/bin/cmake -E cmake_depends "Unix Makefiles" /<<PKGBUILDDIR>> /<<PKGBUILDDIR>>/examples /<<PKGBUILDDIR>>/obj-x86_64-linux-gnu /<<PKGBUILDDIR>>/obj-x86_64-linux-gnu/examples /<<PKGBUILDDIR>>/obj-x86_64-linux-gnu/examples/CMakeFiles/example0.dir/DependInfo.cmake --color=
Scanning dependencies of target example0
make[3]: Leaving directory '/<<PKGBUILDDIR>>/obj-x86_64-linux-gnu'
/usr/bin/make -f examples/CMakeFiles/example0.dir/build.make examples/CMakeFiles/example0.dir/build
make[3]: Entering directory '/<<PKGBUILDDIR>>/obj-x86_64-linux-gnu'
[ 92%] Building CXX object examples/CMakeFiles/example0.dir/MissingGlyphExample.o
cd /<<PKGBUILDDIR>>/obj-x86_64-linux-gnu/examples && /usr/bin/g++   -I/usr/include/pango-1.0 -I/usr/include/fribidi -I/usr/include/glib-2.0 -I/usr/lib/x86_64-linux-gnu/glib-2.0/include -I/usr/include/harfbuzz -I/usr/include/uuid -I/usr/include/freetype2 -I/usr/include/libpng16 -I/<<PKGBUILDDIR>>/include  -g -O2 -fdebug-prefix-map=/<<PKGBUILDDIR>>=. -fstack-protector-strong -Wformat -Werror=format-security -Wdate-time -D_FORTIFY_SOURCE=2   -I/usr/include/pango-1.0 -I/usr/include/fribidi -I/usr/include/glib-2.0 -I/usr/lib/x86_64-linux-gnu/glib-2.0/include -I/usr/include/pango-1.0 -I/usr/include/harfbuzz -I/usr/include/pango-1.0 -I/usr/include/fribidi -I/usr/include/glib-2.0 -I/usr/lib/x86_64-linux-gnu/glib-2.0/include -I/usr/include/uuid -I/usr/include/freetype2 -I/usr/include/libpng16 -I/usr/include/freetype2 -I/usr/include/libpng16 -o CMakeFiles/example0.dir/MissingGlyphExample.o -c /<<PKGBUILDDIR>>/examples/MissingGlyphExample.cpp
[100%] Linking CXX executable example0
cd /<<PKGBUILDDIR>>/obj-x86_64-linux-gnu/examples && /usr/bin/cmake -E cmake_link_script CMakeFiles/example0.dir/link.txt --verbose=1
/usr/bin/g++  -g -O2 -fdebug-prefix-map=/<<PKGBUILDDIR>>=. -fstack-protector-strong -Wformat -Werror=format-security -Wdate-time -D_FORTIFY_SOURCE=2  -Wl,-z,relro -rdynamic CMakeFiles/example0.dir/MissingGlyphExample.o  -o example0   -L/<<PKGBUILDDIR>>/obj-x86_64-linux-gnu/src  -Wl,-rpath,/<<PKGBUILDDIR>>/obj-x86_64-linux-gnu/src -lpango-1.0 -lgobject-2.0 -lglib-2.0 -lpangoft2-1.0 -lpango-1.0 -lgobject-2.0 -lglib-2.0 -lfontconfig -lfreetype -lfreetype ../src/libLASi.so.0.0.1 -lpango-1.0 -lgobject-2.0 -lglib-2.0 -lpangoft2-1.0 -lpango-1.0 -lgobject-2.0 -lglib-2.0 -lpangoft2-1.0 -lfontconfig -lfreetype -lm 
make[3]: Leaving directory '/<<PKGBUILDDIR>>/obj-x86_64-linux-gnu'
[100%] Built target example0
make[2]: Leaving directory '/<<PKGBUILDDIR>>/obj-x86_64-linux-gnu'
/usr/bin/cmake -E cmake_progress_start /<<PKGBUILDDIR>>/obj-x86_64-linux-gnu/CMakeFiles 0
make[1]: Leaving directory '/<<PKGBUILDDIR>>/obj-x86_64-linux-gnu'
touch debian/stamp-makefile-build
/usr/bin/make -C obj-x86_64-linux-gnu test
make[1]: Entering directory '/<<PKGBUILDDIR>>/obj-x86_64-linux-gnu'
Running tests...
/usr/bin/ctest --force-new-ctest-process 
Test project /<<PKGBUILDDIR>>/obj-x86_64-linux-gnu
    Start 1: example0
1/3 Test #1: example0 .........................   Passed    0.02 sec
    Start 2: example1
2/3 Test #2: example1 .........................   Passed    0.02 sec
    Start 3: example2
3/3 Test #3: example2 .........................   Passed    0.06 sec

100% tests passed, 0 tests failed out of 3

Total Test time (real) =   0.11 sec
make[1]: Leaving directory '/<<PKGBUILDDIR>>/obj-x86_64-linux-gnu'
touch debian/stamp-makefile-check
 fakeroot debian/rules binary
test -x debian/rules
dh_testroot
dh_prep 
dh_installdirs -A 
mkdir -p "obj-x86_64-linux-gnu"
CDBS WARNING:    DEB_COMPRESS_EXCLUDE is deprecated since 0.4.85
/usr/bin/make -C obj-x86_64-linux-gnu install DESTDIR=/<<PKGBUILDDIR>>/debian/tmp/
make[1]: Entering directory '/<<PKGBUILDDIR>>/obj-x86_64-linux-gnu'
/usr/bin/cmake -S/<<PKGBUILDDIR>> -B/<<PKGBUILDDIR>>/obj-x86_64-linux-gnu --check-build-system CMakeFiles/Makefile.cmake 0
/usr/bin/cmake -E cmake_progress_start /<<PKGBUILDDIR>>/obj-x86_64-linux-gnu/CMakeFiles /<<PKGBUILDDIR>>/obj-x86_64-linux-gnu/CMakeFiles/progress.marks
/usr/bin/make -f CMakeFiles/Makefile2 all
make[2]: Entering directory '/<<PKGBUILDDIR>>/obj-x86_64-linux-gnu'
/usr/bin/make -f CMakeFiles/documentation.dir/build.make CMakeFiles/documentation.dir/depend
make[3]: Entering directory '/<<PKGBUILDDIR>>/obj-x86_64-linux-gnu'
cd /<<PKGBUILDDIR>>/obj-x86_64-linux-gnu && /usr/bin/cmake -E cmake_depends "Unix Makefiles" /<<PKGBUILDDIR>> /<<PKGBUILDDIR>> /<<PKGBUILDDIR>>/obj-x86_64-linux-gnu /<<PKGBUILDDIR>>/obj-x86_64-linux-gnu /<<PKGBUILDDIR>>/obj-x86_64-linux-gnu/CMakeFiles/documentation.dir/DependInfo.cmake --color=
make[3]: Leaving directory '/<<PKGBUILDDIR>>/obj-x86_64-linux-gnu'
/usr/bin/make -f CMakeFiles/documentation.dir/build.make CMakeFiles/documentation.dir/build
make[3]: Entering directory '/<<PKGBUILDDIR>>/obj-x86_64-linux-gnu'
make[3]: Nothing to be done for 'CMakeFiles/documentation.dir/build'.
make[3]: Leaving directory '/<<PKGBUILDDIR>>/obj-x86_64-linux-gnu'
[ 15%] Built target documentation
/usr/bin/make -f src/CMakeFiles/LASi.dir/build.make src/CMakeFiles/LASi.dir/depend
make[3]: Entering directory '/<<PKGBUILDDIR>>/obj-x86_64-linux-gnu'
cd /<<PKGBUILDDIR>>/obj-x86_64-linux-gnu && /usr/bin/cmake -E cmake_depends "Unix Makefiles" /<<PKGBUILDDIR>> /<<PKGBUILDDIR>>/src /<<PKGBUILDDIR>>/obj-x86_64-linux-gnu /<<PKGBUILDDIR>>/obj-x86_64-linux-gnu/src /<<PKGBUILDDIR>>/obj-x86_64-linux-gnu/src/CMakeFiles/LASi.dir/DependInfo.cmake --color=
make[3]: Leaving directory '/<<PKGBUILDDIR>>/obj-x86_64-linux-gnu'
/usr/bin/make -f src/CMakeFiles/LASi.dir/build.make src/CMakeFiles/LASi.dir/build
make[3]: Entering directory '/<<PKGBUILDDIR>>/obj-x86_64-linux-gnu'
make[3]: Nothing to be done for 'src/CMakeFiles/LASi.dir/build'.
make[3]: Leaving directory '/<<PKGBUILDDIR>>/obj-x86_64-linux-gnu'
[ 53%] Built target LASi
/usr/bin/make -f examples/CMakeFiles/example2.dir/build.make examples/CMakeFiles/example2.dir/depend
make[3]: Entering directory '/<<PKGBUILDDIR>>/obj-x86_64-linux-gnu'
cd /<<PKGBUILDDIR>>/obj-x86_64-linux-gnu && /usr/bin/cmake -E cmake_depends "Unix Makefiles" /<<PKGBUILDDIR>> /<<PKGBUILDDIR>>/examples /<<PKGBUILDDIR>>/obj-x86_64-linux-gnu /<<PKGBUILDDIR>>/obj-x86_64-linux-gnu/examples /<<PKGBUILDDIR>>/obj-x86_64-linux-gnu/examples/CMakeFiles/example2.dir/DependInfo.cmake --color=
make[3]: Leaving directory '/<<PKGBUILDDIR>>/obj-x86_64-linux-gnu'
/usr/bin/make -f examples/CMakeFiles/example2.dir/build.make examples/CMakeFiles/example2.dir/build
make[3]: Entering directory '/<<PKGBUILDDIR>>/obj-x86_64-linux-gnu'
make[3]: Nothing to be done for 'examples/CMakeFiles/example2.dir/build'.
make[3]: Leaving directory '/<<PKGBUILDDIR>>/obj-x86_64-linux-gnu'
[ 69%] Built target example2
/usr/bin/make -f examples/CMakeFiles/example1.dir/build.make examples/CMakeFiles/example1.dir/depend
make[3]: Entering directory '/<<PKGBUILDDIR>>/obj-x86_64-linux-gnu'
cd /<<PKGBUILDDIR>>/obj-x86_64-linux-gnu && /usr/bin/cmake -E cmake_depends "Unix Makefiles" /<<PKGBUILDDIR>> /<<PKGBUILDDIR>>/examples /<<PKGBUILDDIR>>/obj-x86_64-linux-gnu /<<PKGBUILDDIR>>/obj-x86_64-linux-gnu/examples /<<PKGBUILDDIR>>/obj-x86_64-linux-gnu/examples/CMakeFiles/example1.dir/DependInfo.cmake --color=
make[3]: Leaving directory '/<<PKGBUILDDIR>>/obj-x86_64-linux-gnu'
/usr/bin/make -f examples/CMakeFiles/example1.dir/build.make examples/CMakeFiles/example1.dir/build
make[3]: Entering directory '/<<PKGBUILDDIR>>/obj-x86_64-linux-gnu'
make[3]: Nothing to be done for 'examples/CMakeFiles/example1.dir/build'.
make[3]: Leaving directory '/<<PKGBUILDDIR>>/obj-x86_64-linux-gnu'
[ 84%] Built target example1
/usr/bin/make -f examples/CMakeFiles/example0.dir/build.make examples/CMakeFiles/example0.dir/depend
make[3]: Entering directory '/<<PKGBUILDDIR>>/obj-x86_64-linux-gnu'
cd /<<PKGBUILDDIR>>/obj-x86_64-linux-gnu && /usr/bin/cmake -E cmake_depends "Unix Makefiles" /<<PKGBUILDDIR>> /<<PKGBUILDDIR>>/examples /<<PKGBUILDDIR>>/obj-x86_64-linux-gnu /<<PKGBUILDDIR>>/obj-x86_64-linux-gnu/examples /<<PKGBUILDDIR>>/obj-x86_64-linux-gnu/examples/CMakeFiles/example0.dir/DependInfo.cmake --color=
make[3]: Leaving directory '/<<PKGBUILDDIR>>/obj-x86_64-linux-gnu'
/usr/bin/make -f examples/CMakeFiles/example0.dir/build.make examples/CMakeFiles/example0.dir/build
make[3]: Entering directory '/<<PKGBUILDDIR>>/obj-x86_64-linux-gnu'
make[3]: Nothing to be done for 'examples/CMakeFiles/example0.dir/build'.
make[3]: Leaving directory '/<<PKGBUILDDIR>>/obj-x86_64-linux-gnu'
[100%] Built target example0
make[2]: Leaving directory '/<<PKGBUILDDIR>>/obj-x86_64-linux-gnu'
/usr/bin/cmake -E cmake_progress_start /<<PKGBUILDDIR>>/obj-x86_64-linux-gnu/CMakeFiles 0
/usr/bin/make -f CMakeFiles/Makefile2 preinstall
make[2]: Entering directory '/<<PKGBUILDDIR>>/obj-x86_64-linux-gnu'
make[2]: Nothing to be done for 'preinstall'.
make[2]: Leaving directory '/<<PKGBUILDDIR>>/obj-x86_64-linux-gnu'
Install the project...
/usr/bin/cmake -P cmake_install.cmake
-- Install configuration: ""
-- Installing: /<<PKGBUILDDIR>>/debian/tmp/usr/lib/pkgconfig/lasi.pc
-- Installing: /<<PKGBUILDDIR>>/debian/tmp/usr/include/LASi.h
-- Installing: /<<PKGBUILDDIR>>/debian/tmp/usr/share/doc/libLASi-1.1.0/html
-- Installing: /<<PKGBUILDDIR>>/debian/tmp/usr/share/doc/libLASi-1.1.0/html/developer
-- Installing: /<<PKGBUILDDIR>>/debian/tmp/usr/share/doc/libLASi-1.1.0/html/developer/html
-- Installing: /<<PKGBUILDDIR>>/debian/tmp/usr/share/doc/libLASi-1.1.0/html/developer/html/LASi_8h-source.html
-- Installing: /<<PKGBUILDDIR>>/debian/tmp/usr/share/doc/libLASi-1.1.0/html/developer/html/util_8h-source.html
-- Installing: /<<PKGBUILDDIR>>/debian/tmp/usr/share/doc/libLASi-1.1.0/html/developer/html/globals_vars.html
-- Installing: /<<PKGBUILDDIR>>/debian/tmp/usr/share/doc/libLASi-1.1.0/html/developer/html/classLASi_1_1setFontSize-members.html
-- Installing: /<<PKGBUILDDIR>>/debian/tmp/usr/share/doc/libLASi-1.1.0/html/developer/html/tab_r.gif
-- Installing: /<<PKGBUILDDIR>>/debian/tmp/usr/share/doc/libLASi-1.1.0/html/developer/html/LASi_8h.html
-- Installing: /<<PKGBUILDDIR>>/debian/tmp/usr/share/doc/libLASi-1.1.0/html/developer/html/namespacemembers_func.html
-- Installing: /<<PKGBUILDDIR>>/debian/tmp/usr/share/doc/libLASi-1.1.0/html/developer/html/drawGlyph_8h-source.html
-- Installing: /<<PKGBUILDDIR>>/debian/tmp/usr/share/doc/libLASi-1.1.0/html/developer/html/globals_func.html
-- Installing: /<<PKGBUILDDIR>>/debian/tmp/usr/share/doc/libLASi-1.1.0/html/developer/html/functions_vars.html
-- Installing: /<<PKGBUILDDIR>>/debian/tmp/usr/share/doc/libLASi-1.1.0/html/developer/html/namespacemembers_enum.html
-- Installing: /<<PKGBUILDDIR>>/debian/tmp/usr/share/doc/libLASi-1.1.0/html/developer/html/stringDimensions_8h.html
-- Installing: /<<PKGBUILDDIR>>/debian/tmp/usr/share/doc/libLASi-1.1.0/html/developer/html/classLASi_1_1show.html
-- Installing: /<<PKGBUILDDIR>>/debian/tmp/usr/share/doc/libLASi-1.1.0/html/developer/html/globals_defs.html
-- Installing: /<<PKGBUILDDIR>>/debian/tmp/usr/share/doc/libLASi-1.1.0/html/developer/html/glyphMgr_8h.html
-- Installing: /<<PKGBUILDDIR>>/debian/tmp/usr/share/doc/libLASi-1.1.0/html/developer/html/classLASi_1_1PostscriptDocument.html
-- Installing: /<<PKGBUILDDIR>>/debian/tmp/usr/share/doc/libLASi-1.1.0/html/developer/html/classLASi_1_1PostscriptDocument-members.html
-- Installing: /<<PKGBUILDDIR>>/debian/tmp/usr/share/doc/libLASi-1.1.0/html/developer/html/classLASi_1_1PostscriptDocument_1_1write__glyph__routine__to__stream.html
-- Installing: /<<PKGBUILDDIR>>/debian/tmp/usr/share/doc/libLASi-1.1.0/html/developer/html/dir_844ccf4c9c5f524017223c512b74160f.html
-- Installing: /<<PKGBUILDDIR>>/debian/tmp/usr/share/doc/libLASi-1.1.0/html/developer/html/classLASi_1_1oPostscriptStream.html
-- Installing: /<<PKGBUILDDIR>>/debian/tmp/usr/share/doc/libLASi-1.1.0/html/developer/html/namespacemembers_eval.html
-- Installing: /<<PKGBUILDDIR>>/debian/tmp/usr/share/doc/libLASi-1.1.0/html/developer/html/tabs.css
-- Installing: /<<PKGBUILDDIR>>/debian/tmp/usr/share/doc/libLASi-1.1.0/html/developer/html/drawGlyph_8cpp.html
-- Installing: /<<PKGBUILDDIR>>/debian/tmp/usr/share/doc/libLASi-1.1.0/html/developer/html/tab_l.gif
-- Installing: /<<PKGBUILDDIR>>/debian/tmp/usr/share/doc/libLASi-1.1.0/html/developer/html/classStringDimensions-members.html
-- Installing: /<<PKGBUILDDIR>>/debian/tmp/usr/share/doc/libLASi-1.1.0/html/developer/html/globals.html
-- Installing: /<<PKGBUILDDIR>>/debian/tmp/usr/share/doc/libLASi-1.1.0/html/developer/html/functions_func.html
-- Installing: /<<PKGBUILDDIR>>/debian/tmp/usr/share/doc/libLASi-1.1.0/html/developer/html/namespaces.html
-- Installing: /<<PKGBUILDDIR>>/debian/tmp/usr/share/doc/libLASi-1.1.0/html/developer/html/annotated.html
-- Installing: /<<PKGBUILDDIR>>/debian/tmp/usr/share/doc/libLASi-1.1.0/html/developer/html/classFreetypeGlyphMgr-members.html
-- Installing: /<<PKGBUILDDIR>>/debian/tmp/usr/share/doc/libLASi-1.1.0/html/developer/html/util_8h.html
-- Installing: /<<PKGBUILDDIR>>/debian/tmp/usr/share/doc/libLASi-1.1.0/html/developer/html/manager_8h-source.html
-- Installing: /<<PKGBUILDDIR>>/debian/tmp/usr/share/doc/libLASi-1.1.0/html/developer/html/files.html
-- Installing: /<<PKGBUILDDIR>>/debian/tmp/usr/share/doc/libLASi-1.1.0/html/developer/html/doxygen.png
-- Installing: /<<PKGBUILDDIR>>/debian/tmp/usr/share/doc/libLASi-1.1.0/html/developer/html/glyphMgr_8cpp.html
-- Installing: /<<PKGBUILDDIR>>/debian/tmp/usr/share/doc/libLASi-1.1.0/html/developer/html/hierarchy.html
-- Installing: /<<PKGBUILDDIR>>/debian/tmp/usr/share/doc/libLASi-1.1.0/html/developer/html/functions.html
-- Installing: /<<PKGBUILDDIR>>/debian/tmp/usr/share/doc/libLASi-1.1.0/html/developer/html/classLASi_1_1show-members.html
-- Installing: /<<PKGBUILDDIR>>/debian/tmp/usr/share/doc/libLASi-1.1.0/html/developer/html/dir_ced8ec04faf1f39c38b8acccde1582aa.html
-- Installing: /<<PKGBUILDDIR>>/debian/tmp/usr/share/doc/libLASi-1.1.0/html/developer/html/classLASi_1_1setFont-members.html
-- Installing: /<<PKGBUILDDIR>>/debian/tmp/usr/share/doc/libLASi-1.1.0/html/developer/html/namespacemembers.html
-- Installing: /<<PKGBUILDDIR>>/debian/tmp/usr/share/doc/libLASi-1.1.0/html/developer/html/classContextMgr.html
-- Installing: /<<PKGBUILDDIR>>/debian/tmp/usr/share/doc/libLASi-1.1.0/html/developer/html/functions_type.html
-- Installing: /<<PKGBUILDDIR>>/debian/tmp/usr/share/doc/libLASi-1.1.0/html/developer/html/dirs.html
-- Installing: /<<PKGBUILDDIR>>/debian/tmp/usr/share/doc/libLASi-1.1.0/html/developer/html/drawGlyph_8h.html
-- Installing: /<<PKGBUILDDIR>>/debian/tmp/usr/share/doc/libLASi-1.1.0/html/developer/html/classStringDimensions.html
-- Installing: /<<PKGBUILDDIR>>/debian/tmp/usr/share/doc/libLASi-1.1.0/html/developer/html/classManager-members.html
-- Installing: /<<PKGBUILDDIR>>/debian/tmp/usr/share/doc/libLASi-1.1.0/html/developer/html/classFreetypeGlyphMgr.html
-- Installing: /<<PKGBUILDDIR>>/debian/tmp/usr/share/doc/libLASi-1.1.0/html/developer/html/manager_8h.html
-- Installing: /<<PKGBUILDDIR>>/debian/tmp/usr/share/doc/libLASi-1.1.0/html/developer/html/contextMgr_8h.html
-- Installing: /<<PKGBUILDDIR>>/debian/tmp/usr/share/doc/libLASi-1.1.0/html/developer/html/glyphMgr_8h-source.html
-- Installing: /<<PKGBUILDDIR>>/debian/tmp/usr/share/doc/libLASi-1.1.0/html/developer/html/classManager.html
-- Installing: /<<PKGBUILDDIR>>/debian/tmp/usr/share/doc/libLASi-1.1.0/html/developer/html/index.html
-- Installing: /<<PKGBUILDDIR>>/debian/tmp/usr/share/doc/libLASi-1.1.0/html/developer/html/classContextMgr.png
-- Installing: /<<PKGBUILDDIR>>/debian/tmp/usr/share/doc/libLASi-1.1.0/html/developer/html/util_8cpp.html
-- Installing: /<<PKGBUILDDIR>>/debian/tmp/usr/share/doc/libLASi-1.1.0/html/developer/html/structStateOfDrawGlyph.html
-- Installing: /<<PKGBUILDDIR>>/debian/tmp/usr/share/doc/libLASi-1.1.0/html/developer/html/classLASi_1_1PostscriptDocument_1_1GlyphId.html
-- Installing: /<<PKGBUILDDIR>>/debian/tmp/usr/share/doc/libLASi-1.1.0/html/developer/html/classContextMgr-members.html
-- Installing: /<<PKGBUILDDIR>>/debian/tmp/usr/share/doc/libLASi-1.1.0/html/developer/html/classLASi_1_1setFont.html
-- Installing: /<<PKGBUILDDIR>>/debian/tmp/usr/share/doc/libLASi-1.1.0/html/developer/html/namespacestd.html
-- Installing: /<<PKGBUILDDIR>>/debian/tmp/usr/share/doc/libLASi-1.1.0/html/developer/html/tab_b.gif
-- Installing: /<<PKGBUILDDIR>>/debian/tmp/usr/share/doc/libLASi-1.1.0/html/developer/html/classLASi_1_1setFontSize.html
-- Installing: /<<PKGBUILDDIR>>/debian/tmp/usr/share/doc/libLASi-1.1.0/html/developer/html/contextMgr_8h-source.html
-- Installing: /<<PKGBUILDDIR>>/debian/tmp/usr/share/doc/libLASi-1.1.0/html/developer/html/classLASi_1_1PostscriptDocument_1_1GlyphId-members.html
-- Installing: /<<PKGBUILDDIR>>/debian/tmp/usr/share/doc/libLASi-1.1.0/html/developer/html/psDoc_8cpp.html
-- Installing: /<<PKGBUILDDIR>>/debian/tmp/usr/share/doc/libLASi-1.1.0/html/developer/html/classLASi_1_1PostscriptDocument_1_1write__glyph__routine__to__stream-members.html
-- Installing: /<<PKGBUILDDIR>>/debian/tmp/usr/share/doc/libLASi-1.1.0/html/developer/html/stringDimensions_8h-source.html
-- Installing: /<<PKGBUILDDIR>>/debian/tmp/usr/share/doc/libLASi-1.1.0/html/developer/html/namespaceLASi.html
-- Installing: /<<PKGBUILDDIR>>/debian/tmp/usr/share/doc/libLASi-1.1.0/html/developer/html/doxygen.css
-- Installing: /<<PKGBUILDDIR>>/debian/tmp/usr/share/doc/libLASi-1.1.0/html/developer/html/classLASi_1_1oPostscriptStream-members.html
-- Installing: /<<PKGBUILDDIR>>/debian/tmp/usr/share/doc/libLASi-1.1.0/html/developer/html/structStateOfDrawGlyph-members.html
-- Installing: /<<PKGBUILDDIR>>/debian/tmp/usr/share/doc/libLASi-1.1.0/html/developer/html/functions_rela.html
-- Installing: /<<PKGBUILDDIR>>/debian/tmp/usr/share/doc/libLASi-1.1.0/html/user
-- Installing: /<<PKGBUILDDIR>>/debian/tmp/usr/share/doc/libLASi-1.1.0/html/user/html
-- Installing: /<<PKGBUILDDIR>>/debian/tmp/usr/share/doc/libLASi-1.1.0/html/user/html/LASi_8h-source.html
-- Installing: /<<PKGBUILDDIR>>/debian/tmp/usr/share/doc/libLASi-1.1.0/html/user/html/classLASi_1_1setFontSize-members.html
-- Installing: /<<PKGBUILDDIR>>/debian/tmp/usr/share/doc/libLASi-1.1.0/html/user/html/tab_r.gif
-- Installing: /<<PKGBUILDDIR>>/debian/tmp/usr/share/doc/libLASi-1.1.0/html/user/html/LASi_8h.html
-- Installing: /<<PKGBUILDDIR>>/debian/tmp/usr/share/doc/libLASi-1.1.0/html/user/html/namespacemembers_func.html
-- Installing: /<<PKGBUILDDIR>>/debian/tmp/usr/share/doc/libLASi-1.1.0/html/user/html/namespacemembers_enum.html
-- Installing: /<<PKGBUILDDIR>>/debian/tmp/usr/share/doc/libLASi-1.1.0/html/user/html/classLASi_1_1show.html
-- Installing: /<<PKGBUILDDIR>>/debian/tmp/usr/share/doc/libLASi-1.1.0/html/user/html/globals_defs.html
-- Installing: /<<PKGBUILDDIR>>/debian/tmp/usr/share/doc/libLASi-1.1.0/html/user/html/classLASi_1_1PostscriptDocument.html
-- Installing: /<<PKGBUILDDIR>>/debian/tmp/usr/share/doc/libLASi-1.1.0/html/user/html/classLASi_1_1PostscriptDocument-members.html
-- Installing: /<<PKGBUILDDIR>>/debian/tmp/usr/share/doc/libLASi-1.1.0/html/user/html/classLASi_1_1PostscriptDocument_1_1write__glyph__routine__to__stream.html
-- Installing: /<<PKGBUILDDIR>>/debian/tmp/usr/share/doc/libLASi-1.1.0/html/user/html/classLASi_1_1oPostscriptStream.html
-- Installing: /<<PKGBUILDDIR>>/debian/tmp/usr/share/doc/libLASi-1.1.0/html/user/html/namespacemembers_eval.html
-- Installing: /<<PKGBUILDDIR>>/debian/tmp/usr/share/doc/libLASi-1.1.0/html/user/html/tabs.css
-- Installing: /<<PKGBUILDDIR>>/debian/tmp/usr/share/doc/libLASi-1.1.0/html/user/html/tab_l.gif
-- Installing: /<<PKGBUILDDIR>>/debian/tmp/usr/share/doc/libLASi-1.1.0/html/user/html/globals.html
-- Installing: /<<PKGBUILDDIR>>/debian/tmp/usr/share/doc/libLASi-1.1.0/html/user/html/functions_func.html
-- Installing: /<<PKGBUILDDIR>>/debian/tmp/usr/share/doc/libLASi-1.1.0/html/user/html/namespaces.html
-- Installing: /<<PKGBUILDDIR>>/debian/tmp/usr/share/doc/libLASi-1.1.0/html/user/html/annotated.html
-- Installing: /<<PKGBUILDDIR>>/debian/tmp/usr/share/doc/libLASi-1.1.0/html/user/html/files.html
-- Installing: /<<PKGBUILDDIR>>/debian/tmp/usr/share/doc/libLASi-1.1.0/html/user/html/doxygen.png
-- Installing: /<<PKGBUILDDIR>>/debian/tmp/usr/share/doc/libLASi-1.1.0/html/user/html/functions.html
-- Installing: /<<PKGBUILDDIR>>/debian/tmp/usr/share/doc/libLASi-1.1.0/html/user/html/classLASi_1_1show-members.html
-- Installing: /<<PKGBUILDDIR>>/debian/tmp/usr/share/doc/libLASi-1.1.0/html/user/html/dir_ced8ec04faf1f39c38b8acccde1582aa.html
-- Installing: /<<PKGBUILDDIR>>/debian/tmp/usr/share/doc/libLASi-1.1.0/html/user/html/classLASi_1_1setFont-members.html
-- Installing: /<<PKGBUILDDIR>>/debian/tmp/usr/share/doc/libLASi-1.1.0/html/user/html/namespacemembers.html
-- Installing: /<<PKGBUILDDIR>>/debian/tmp/usr/share/doc/libLASi-1.1.0/html/user/html/functions_type.html
-- Installing: /<<PKGBUILDDIR>>/debian/tmp/usr/share/doc/libLASi-1.1.0/html/user/html/dirs.html
-- Installing: /<<PKGBUILDDIR>>/debian/tmp/usr/share/doc/libLASi-1.1.0/html/user/html/index.html
-- Installing: /<<PKGBUILDDIR>>/debian/tmp/usr/share/doc/libLASi-1.1.0/html/user/html/classLASi_1_1PostscriptDocument_1_1GlyphId.html
-- Installing: /<<PKGBUILDDIR>>/debian/tmp/usr/share/doc/libLASi-1.1.0/html/user/html/classLASi_1_1setFont.html
-- Installing: /<<PKGBUILDDIR>>/debian/tmp/usr/share/doc/libLASi-1.1.0/html/user/html/tab_b.gif
-- Installing: /<<PKGBUILDDIR>>/debian/tmp/usr/share/doc/libLASi-1.1.0/html/user/html/classLASi_1_1setFontSize.html
-- Installing: /<<PKGBUILDDIR>>/debian/tmp/usr/share/doc/libLASi-1.1.0/html/user/html/classLASi_1_1PostscriptDocument_1_1GlyphId-members.html
-- Installing: /<<PKGBUILDDIR>>/debian/tmp/usr/share/doc/libLASi-1.1.0/html/user/html/classLASi_1_1PostscriptDocument_1_1write__glyph__routine__to__stream-members.html
-- Installing: /<<PKGBUILDDIR>>/debian/tmp/usr/share/doc/libLASi-1.1.0/html/user/html/namespaceLASi.html
-- Installing: /<<PKGBUILDDIR>>/debian/tmp/usr/share/doc/libLASi-1.1.0/html/user/html/doxygen.css
-- Installing: /<<PKGBUILDDIR>>/debian/tmp/usr/share/doc/libLASi-1.1.0/html/user/html/classLASi_1_1oPostscriptStream-members.html
-- Installing: /<<PKGBUILDDIR>>/debian/tmp/usr/share/doc/libLASi-1.1.0/html/user/html/functions_rela.html
-- Installing: /<<PKGBUILDDIR>>/debian/tmp/usr/lib/libLASi.so.0.0.1
-- Installing: /<<PKGBUILDDIR>>/debian/tmp/usr/lib/libLASi.so.0
-- Installing: /<<PKGBUILDDIR>>/debian/tmp/usr/lib/libLASi.so
-- Installing: /<<PKGBUILDDIR>>/debian/tmp/usr/share/lasi1.1.0/examples/MissingGlyphExample.cpp
-- Installing: /<<PKGBUILDDIR>>/debian/tmp/usr/share/lasi1.1.0/examples/SimpleLASiExample.cpp
-- Installing: /<<PKGBUILDDIR>>/debian/tmp/usr/share/lasi1.1.0/examples/ComplexTextLayoutExample.cpp
-- Installing: /<<PKGBUILDDIR>>/debian/tmp/usr/share/lasi1.1.0/examples/README
-- Installing: /<<PKGBUILDDIR>>/debian/tmp/usr/share/lasi1.1.0/examples/Example_1_Result.png
-- Installing: /<<PKGBUILDDIR>>/debian/tmp/usr/share/lasi1.1.0/examples/Example_2_Result.png
-- Installing: /<<PKGBUILDDIR>>/debian/tmp/usr/share/lasi1.1.0/examples/Makefile
make[1]: Leaving directory '/<<PKGBUILDDIR>>/obj-x86_64-linux-gnu'
touch debian/stamp-makefile-install
Adding cdbs dependencies to debian/liblasi0.substvars
dh_installdirs -pliblasi0 \
	
Adding cdbs dependencies to debian/liblasi-dev.substvars
dh_installdirs -pliblasi-dev \
	
dh_installdocs -pliblasi0 ./README ./NEWS ./AUTHORS
dh_installexamples -pliblasi0 
dh_installman -pliblasi0 
dh_installinfo -pliblasi0 
dh_installmenu -pliblasi0 
dh_installcron -pliblasi0 
dh_systemd_enable -pliblasi0 
dh_installinit -pliblasi0 
dh_installdebconf -pliblasi0 
dh_installemacsen -pliblasi0 
dh_installcatalogs -pliblasi0 
dh_installpam -pliblasi0 
dh_installlogrotate -pliblasi0 
dh_installlogcheck -pliblasi0 
dh_installchangelogs -pliblasi0 ./ChangeLog
dh_installudev -pliblasi0 
dh_lintian -pliblasi0 
dh_bugfiles -pliblasi0 
dh_install -pliblasi0 --sourcedir=/<<PKGBUILDDIR>>/debian/tmp
dh_systemd_start -pliblasi0 
dh_link -pliblasi0 
dh_installmime -pliblasi0 
dh_installgsettings -pliblasi0 
dh_installdocs -pliblasi-dev ./README ./NEWS ./AUTHORS
dh_installexamples -pliblasi-dev 
dh_installman -pliblasi-dev 
dh_installinfo -pliblasi-dev 
dh_installmenu -pliblasi-dev 
dh_installcron -pliblasi-dev 
dh_systemd_enable -pliblasi-dev 
dh_installinit -pliblasi-dev 
dh_installdebconf -pliblasi-dev 
dh_installemacsen -pliblasi-dev 
dh_installcatalogs -pliblasi-dev 
dh_installpam -pliblasi-dev 
dh_installlogrotate -pliblasi-dev 
dh_installlogcheck -pliblasi-dev 
dh_installchangelogs -pliblasi-dev ./ChangeLog
dh_installudev -pliblasi-dev 
dh_lintian -pliblasi-dev 
dh_bugfiles -pliblasi-dev 
dh_install -pliblasi-dev --sourcedir=/<<PKGBUILDDIR>>/debian/tmp
dh_systemd_start -pliblasi-dev 
dh_link -pliblasi-dev 
dh_installmime -pliblasi-dev 
dh_installgsettings -pliblasi-dev 
mv /<<PKGBUILDDIR>>/debian/liblasi-dev/usr/share/doc/liblasi-dev/doc/developer/html /<<PKGBUILDDIR>>/debian/liblasi-dev/usr/share/doc/liblasi-dev/html
rm -rf /<<PKGBUILDDIR>>/debian/liblasi-dev/usr/share/doc/liblasi-dev/doc
dh_strip -pliblasi0  
dh_strip_nondeterminism -pliblasi0 
dh_compress -pliblasi0 -X .cpp
dh_fixperms -pliblasi0 
dh_makeshlibs -pliblasi0  
dh_strip -pliblasi-dev  
dh_strip_nondeterminism -pliblasi-dev 
dh_compress -pliblasi-dev -X .cpp
dh_fixperms -pliblasi-dev 
dh_makeshlibs -pliblasi-dev  
dh_installdeb -pliblasi0 
dh_perl -pliblasi0 
dh_shlibdeps -pliblasi0 
dpkg-shlibdeps: warning: package could avoid a useless dependency if debian/liblasi0/usr/lib/libLASi.so.0.0.1 was not linked against libfontconfig.so.1 (it uses none of the library's symbols)
dh_installdeb -pliblasi-dev 
dh_perl -pliblasi-dev 
dh_shlibdeps -pliblasi-dev 
dh_gencontrol -pliblasi0  
dh_md5sums -pliblasi0 
dh_builddeb -pliblasi0 
dpkg-deb: building package 'liblasi0-dbgsym' in '../liblasi0-dbgsym_1.1.0-2_amd64.deb'.
dpkg-deb: building package 'liblasi0' in '../liblasi0_1.1.0-2_amd64.deb'.
dh_gencontrol -pliblasi-dev  
dh_md5sums -pliblasi-dev 
dh_builddeb -pliblasi-dev 
dpkg-deb: building package 'liblasi-dev' in '../liblasi-dev_1.1.0-2_amd64.deb'.
 dpkg-genbuildinfo --build=binary
 dpkg-genchanges --build=binary >../lasi_1.1.0-2_amd64.changes
dpkg-genchanges: info: binary-only upload (no source code included)
 dpkg-source --after-build .
dpkg-buildpackage: info: binary-only upload (no source included)
--------------------------------------------------------------------------------
Build finished at 2020-02-25T04:27:57Z

Finished
--------

I: Built successfully

+------------------------------------------------------------------------------+
| Changes                                                                      |
+------------------------------------------------------------------------------+


lasi_1.1.0-2_amd64.changes:
---------------------------

Format: 1.8
Date: Sat, 08 Jul 2017 14:19:16 +0300
Source: lasi
Binary: liblasi-dev liblasi0 liblasi0-dbgsym
Architecture: amd64
Version: 1.1.0-2
Distribution: unstable
Urgency: medium
Maintainer: Debian QA Group <packages@qa.debian.org>
Changed-By: Adrian Bunk <bunk@debian.org>
Description:
 liblasi-dev - development files and documentation for the LASi library
 liblasi0   - creation of PostScript documents containing Unicode symbols
Closes: 845497
Changes:
 lasi (1.1.0-2) unstable; urgency=medium
 .
   * QA upload.
   * Set maintainer to Debian QA Group. (see #867050)
   * Add the missing libpango1.0-dev and libfreetype6-dev
     dependencies to liblasi-dev. (Closes: #845497)
   * Add ${misc:Depends} to the package dependencies.
Checksums-Sha1:
 9a29cac096198517ae55a1f3d5a03696e9be63be 9615 lasi_1.1.0-2_amd64.buildinfo
 c7a35ac413c83418d7e5953b78c8d2f7a2ccd2fe 83120 liblasi-dev_1.1.0-2_amd64.deb
 0fbf7d6dbccaf584d68f0b9ec95888067db05040 106116 liblasi0-dbgsym_1.1.0-2_amd64.deb
 d9913ff5a0d40bf8294cb262c6ca1ee383ec603b 29760 liblasi0_1.1.0-2_amd64.deb
Checksums-Sha256:
 76bd51dfeb4391a9c87782164aa46287b7f8349796b1504dc5cbf3314f61c5b4 9615 lasi_1.1.0-2_amd64.buildinfo
 47f7c7e654d97c556d12bf0e0e80c27742639afb7c7f424b58783b564664cad6 83120 liblasi-dev_1.1.0-2_amd64.deb
 164a25909c64dd1bc2c3c8d196aa2270122cf1f1fe37b83f263652db108be7f5 106116 liblasi0-dbgsym_1.1.0-2_amd64.deb
 7c5c0a960a02c48d0a8f4e316b74a581fa64278de3c2ab6cd8f6e8203c7a5eab 29760 liblasi0_1.1.0-2_amd64.deb
Files:
 2f4c3a9823a5fa764db619151428b122 9615 libs optional lasi_1.1.0-2_amd64.buildinfo
 559b4616e924d157f99d6c607fe393a1 83120 libdevel optional liblasi-dev_1.1.0-2_amd64.deb
 4b61957ae3e3bfd7219b699d7b42435e 106116 debug optional liblasi0-dbgsym_1.1.0-2_amd64.deb
 9d217353739e51eebdba66f90eb266a4 29760 libs optional liblasi0_1.1.0-2_amd64.deb

+------------------------------------------------------------------------------+
| Buildinfo                                                                    |
+------------------------------------------------------------------------------+

Format: 1.0
Source: lasi
Binary: liblasi0 liblasi-dev
Architecture: amd64
Version: 1.1.0-2
Checksums-Md5:
 559b4616e924d157f99d6c607fe393a1 83120 liblasi-dev_1.1.0-2_amd64.deb
 4b61957ae3e3bfd7219b699d7b42435e 106116 liblasi0-dbgsym_1.1.0-2_amd64.deb
 9d217353739e51eebdba66f90eb266a4 29760 liblasi0_1.1.0-2_amd64.deb
Checksums-Sha1:
 c7a35ac413c83418d7e5953b78c8d2f7a2ccd2fe 83120 liblasi-dev_1.1.0-2_amd64.deb
 0fbf7d6dbccaf584d68f0b9ec95888067db05040 106116 liblasi0-dbgsym_1.1.0-2_amd64.deb
 d9913ff5a0d40bf8294cb262c6ca1ee383ec603b 29760 liblasi0_1.1.0-2_amd64.deb
Checksums-Sha256:
 47f7c7e654d97c556d12bf0e0e80c27742639afb7c7f424b58783b564664cad6 83120 liblasi-dev_1.1.0-2_amd64.deb
 164a25909c64dd1bc2c3c8d196aa2270122cf1f1fe37b83f263652db108be7f5 106116 liblasi0-dbgsym_1.1.0-2_amd64.deb
 7c5c0a960a02c48d0a8f4e316b74a581fa64278de3c2ab6cd8f6e8203c7a5eab 29760 liblasi0_1.1.0-2_amd64.deb
Build-Origin: Debian
Build-Architecture: amd64
Build-Date: Tue, 25 Feb 2020 04:27:56 +0000
Build-Path: /<<PKGBUILDDIR>>
Installed-Build-Depends:
 autoconf (= 2.69-11.1),
 automake (= 1:1.16.1-4),
 autopoint (= 0.19.8.1-10),
 autotools-dev (= 20180224.1),
 base-files (= 11),
 base-passwd (= 3.5.47),
 bash (= 5.0-5),
 binutils (= 2.34-3),
 binutils-common (= 2.34-3),
 binutils-x86-64-linux-gnu (= 2.34-3),
 bsdmainutils (= 11.1.2+b1),
 bsdutils (= 1:2.34-0.1),
 build-essential (= 12.8),
 bzip2 (= 1.0.8-2),
 cdbs (= 0.4.159),
 clang-10 (= 1:10.0.0~+rc2-1),
 cmake (= 3.16.3-1),
 cmake-data (= 3.16.3-1),
 coreutils (= 8.30-3+b1),
 cpp (= 4:9.2.1-3.1),
 cpp-9 (= 9.2.1-29),
 dash (= 0.5.10.2-6),
 debconf (= 1.5.73),
 debhelper (= 12.9),
 debianutils (= 4.9.1),
 dh-autoreconf (= 19),
 dh-strip-nondeterminism (= 1.6.3-2),
 diffutils (= 1:3.7-3),
 doxygen (= 1.8.16-2),
 dpkg (= 1.19.7),
 dpkg-dev (= 1.19.7),
 dwz (= 0.13-5),
 fdisk (= 2.34-0.1),
 file (= 1:5.38-4),
 findutils (= 4.7.0-1),
 fontconfig (= 2.13.1-2+b1),
 fontconfig-config (= 2.13.1-2),
 fonts-dejavu-core (= 2.37-1),
 g++ (= 4:9.2.1-3.1),
 g++-9 (= 9.2.1-29),
 gcc (= 4:9.2.1-3.1),
 gcc-10-base (= 10-20200222-1),
 gcc-9 (= 9.2.1-29),
 gcc-9-base (= 9.2.1-29),
 gettext (= 0.19.8.1-10),
 gettext-base (= 0.19.8.1-10),
 gir1.2-freedesktop (= 1.62.0-5),
 gir1.2-glib-2.0 (= 1.62.0-5),
 gir1.2-harfbuzz-0.0 (= 2.6.4-1),
 gir1.2-pango-1.0 (= 1.42.4-8),
 grep (= 3.4-1),
 groff-base (= 1.22.4-4),
 gzip (= 1.9-3+b1),
 hostname (= 3.23),
 icu-devtools (= 63.2-2),
 init-system-helpers (= 1.57),
 intltool-debian (= 0.35.0+20060710.5),
 lib32gcc-s1 (= 10-20200222-1),
 lib32gcc1 (= 1:10-20200222-1),
 lib32stdc++6 (= 10-20200222-1),
 libacl1 (= 2.2.53-5),
 libarchive-zip-perl (= 1.67-1),
 libarchive13 (= 3.4.0-1+b1),
 libasan5 (= 9.2.1-29),
 libatomic1 (= 10-20200222-1),
 libattr1 (= 1:2.4.48-5),
 libaudit-common (= 1:2.8.5-2),
 libaudit1 (= 1:2.8.5-2+b1),
 libbinutils (= 2.34-3),
 libblkid-dev (= 2.34-0.1),
 libblkid1 (= 2.34-0.1),
 libbrotli1 (= 1.0.7-6),
 libbsd0 (= 0.10.0-1),
 libbz2-1.0 (= 1.0.8-2),
 libc-bin (= 2.29-10),
 libc-dev-bin (= 2.29-10),
 libc6 (= 2.29-10),
 libc6-dev (= 2.29-10),
 libc6-i386 (= 2.29-10),
 libcairo-gobject2 (= 1.16.0-4),
 libcairo-script-interpreter2 (= 1.16.0-4),
 libcairo2 (= 1.16.0-4),
 libcairo2-dev (= 1.16.0-4),
 libcap-ng0 (= 0.7.9-2.1+b1),
 libcc1-0 (= 10-20200222-1),
 libclang-common-10-dev (= 1:10.0.0~+rc2-1),
 libclang-cpp10 (= 1:10.0.0~+rc2-1),
 libclang1-10 (= 1:10.0.0~+rc2-1),
 libclang1-9 (= 1:9.0.1-8),
 libcom-err2 (= 1.45.5-2),
 libcroco3 (= 0.6.13-1),
 libcrypt-dev (= 1:4.4.10-10),
 libcrypt1 (= 1:4.4.10-10),
 libctf-nobfd0 (= 2.34-3),
 libctf0 (= 2.34-3),
 libcurl4 (= 7.68.0-1),
 libdatrie1 (= 0.2.12-3),
 libdb5.3 (= 5.3.28+dfsg1-0.6),
 libdebconfclient0 (= 0.251),
 libdebhelper-perl (= 12.9),
 libdpkg-perl (= 1.19.7),
 libedit2 (= 3.1-20191231-1),
 libelf1 (= 0.176-1.1),
 libexpat1 (= 2.2.9-1),
 libexpat1-dev (= 2.2.9-1),
 libfdisk1 (= 2.34-0.1),
 libffi-dev (= 3.3-3),
 libffi7 (= 3.3-3),
 libfile-stripnondeterminism-perl (= 1.6.3-2),
 libfontconfig1 (= 2.13.1-2+b1),
 libfontconfig1-dev (= 2.13.1-2+b1),
 libfreetype-dev (= 2.10.1-2),
 libfreetype6 (= 2.10.1-2),
 libfreetype6-dev (= 2.10.1-2),
 libfribidi-dev (= 1.0.8-2),
 libfribidi0 (= 1.0.8-2),
 libgc1c2 (= 1:7.6.4-0.4),
 libgcc-9-dev (= 9.2.1-29),
 libgcc-s1 (= 10-20200222-1),
 libgcc1 (= 1:10-20200222-1),
 libgcrypt20 (= 1.8.5-5),
 libgdbm-compat4 (= 1.18.1-5),
 libgdbm6 (= 1.18.1-5),
 libgirepository-1.0-1 (= 1.62.0-5),
 libglib2.0-0 (= 2.62.4-2),
 libglib2.0-bin (= 2.62.4-2),
 libglib2.0-data (= 2.62.4-2),
 libglib2.0-dev (= 2.62.4-2),
 libglib2.0-dev-bin (= 2.62.4-2),
 libgmp10 (= 2:6.2.0+dfsg-4),
 libgnutls30 (= 3.6.12-2),
 libgomp1 (= 10-20200222-1),
 libgpg-error0 (= 1.37-1),
 libgraphite2-3 (= 1.3.13-11),
 libgraphite2-dev (= 1.3.13-11),
 libgssapi-krb5-2 (= 1.17-6),
 libharfbuzz-dev (= 2.6.4-1),
 libharfbuzz-gobject0 (= 2.6.4-1),
 libharfbuzz-icu0 (= 2.6.4-1),
 libharfbuzz0b (= 2.6.4-1),
 libhogweed5 (= 3.5.1+really3.5.1-2),
 libice-dev (= 2:1.0.9-2),
 libice6 (= 2:1.0.9-2),
 libicu-dev (= 63.2-2),
 libicu63 (= 63.2-2),
 libidn2-0 (= 2.2.0-2),
 libisl22 (= 0.22.1-1),
 libitm1 (= 10-20200222-1),
 libjsoncpp1 (= 1.7.4-3.1),
 libk5crypto3 (= 1.17-6),
 libkeyutils1 (= 1.6.1-2),
 libkrb5-3 (= 1.17-6),
 libkrb5support0 (= 1.17-6),
 libldap-2.4-2 (= 2.4.49+dfsg-1),
 libldap-common (= 2.4.49+dfsg-1),
 libllvm10 (= 1:10.0.0~+rc2-1),
 libllvm9 (= 1:9.0.1-8),
 liblsan0 (= 10-20200222-1),
 liblz4-1 (= 1.9.2-2),
 liblzma5 (= 5.2.4-1+b1),
 liblzo2-2 (= 2.10-2),
 libmagic-mgc (= 1:5.38-4),
 libmagic1 (= 1:5.38-4),
 libmount-dev (= 2.34-0.1),
 libmount1 (= 2.34-0.1),
 libmpc3 (= 1.1.0-1),
 libmpdec2 (= 2.4.2-2),
 libmpfr6 (= 4.0.2-1),
 libncurses6 (= 6.1+20191019-1),
 libncursesw6 (= 6.1+20191019-1),
 libnettle7 (= 3.5.1+really3.5.1-2),
 libnghttp2-14 (= 1.40.0-1),
 libobjc-9-dev (= 9.2.1-29),
 libobjc4 (= 10-20200222-1),
 libp11-kit0 (= 0.23.20-1),
 libpam-modules (= 1.3.1-5),
 libpam-modules-bin (= 1.3.1-5),
 libpam-runtime (= 1.3.1-5),
 libpam0g (= 1.3.1-5),
 libpango-1.0-0 (= 1.42.4-8),
 libpango1.0-dev (= 1.42.4-8),
 libpangocairo-1.0-0 (= 1.42.4-8),
 libpangoft2-1.0-0 (= 1.42.4-8),
 libpangoxft-1.0-0 (= 1.42.4-8),
 libpcre16-3 (= 2:8.39-12+b1),
 libpcre2-16-0 (= 10.34-7),
 libpcre2-32-0 (= 10.34-7),
 libpcre2-8-0 (= 10.34-7),
 libpcre2-dev (= 10.34-7),
 libpcre2-posix2 (= 10.34-7),
 libpcre3 (= 2:8.39-12+b1),
 libpcre3-dev (= 2:8.39-12+b1),
 libpcre32-3 (= 2:8.39-12+b1),
 libpcrecpp0v5 (= 2:8.39-12+b1),
 libperl5.30 (= 5.30.0-9),
 libpipeline1 (= 1.5.2-2),
 libpixman-1-0 (= 0.36.0-1),
 libpixman-1-dev (= 0.36.0-1),
 libpng-dev (= 1.6.37-2),
 libpng16-16 (= 1.6.37-2),
 libprocps8 (= 2:3.3.16-1+b1),
 libpsl5 (= 0.20.2-2),
 libpthread-stubs0-dev (= 0.4-1),
 libpython3-stdlib (= 3.7.5-3),
 libpython3.7-minimal (= 3.7.6-1+b1),
 libpython3.7-stdlib (= 3.7.6-1+b1),
 libquadmath0 (= 10-20200222-1),
 libreadline8 (= 8.0-3),
 librhash0 (= 1.3.9-1),
 librtmp1 (= 2.4+20151223.gitfa8646d.1-2+b1),
 libsasl2-2 (= 2.1.27+dfsg-2),
 libsasl2-modules-db (= 2.1.27+dfsg-2),
 libseccomp2 (= 2.4.2-2),
 libselinux1 (= 3.0-1+b1),
 libselinux1-dev (= 3.0-1+b1),
 libsepol1 (= 3.0-1),
 libsepol1-dev (= 3.0-1),
 libsigsegv2 (= 2.12-2),
 libsm-dev (= 2:1.2.3-1),
 libsm6 (= 2:1.2.3-1),
 libsmartcols1 (= 2.34-0.1),
 libsqlite3-0 (= 3.31.1-3),
 libssh2-1 (= 1.8.0-2.1),
 libssl1.1 (= 1.1.1d-2),
 libstdc++-9-dev (= 9.2.1-29),
 libstdc++6 (= 10-20200222-1),
 libsub-override-perl (= 0.09-2),
 libsystemd0 (= 244.3-1),
 libtasn1-6 (= 4.16.0-2),
 libthai-data (= 0.1.28-3),
 libthai0 (= 0.1.28-3),
 libtinfo6 (= 6.1+20191019-1),
 libtool (= 2.4.6-13),
 libtsan0 (= 10-20200222-1),
 libubsan1 (= 10-20200222-1),
 libuchardet0 (= 0.0.6-3),
 libudev1 (= 244.3-1),
 libunistring2 (= 0.9.10-2),
 libuuid1 (= 2.34-0.1),
 libuv1 (= 1.34.2-1),
 libx11-6 (= 2:1.6.8-1),
 libx11-data (= 2:1.6.8-1),
 libx11-dev (= 2:1.6.8-1),
 libxapian30 (= 1.4.14-2),
 libxau-dev (= 1:1.0.8-1+b2),
 libxau6 (= 1:1.0.8-1+b2),
 libxcb-render0 (= 1.13.1-5),
 libxcb-render0-dev (= 1.13.1-5),
 libxcb-shm0 (= 1.13.1-5),
 libxcb-shm0-dev (= 1.13.1-5),
 libxcb1 (= 1.13.1-5),
 libxcb1-dev (= 1.13.1-5),
 libxdmcp-dev (= 1:1.1.2-3),
 libxdmcp6 (= 1:1.1.2-3),
 libxext-dev (= 2:1.3.3-1+b2),
 libxext6 (= 2:1.3.3-1+b2),
 libxft-dev (= 2.3.2-2),
 libxft2 (= 2.3.2-2),
 libxml2 (= 2.9.10+dfsg-3),
 libxrender-dev (= 1:0.9.10-1),
 libxrender1 (= 1:0.9.10-1),
 libz3-4 (= 4.8.7-4),
 libzstd1 (= 1.4.4+dfsg-3),
 linux-libc-dev (= 5.4.19-1),
 login (= 1:4.8.1-1),
 lsb-base (= 11.1.0),
 m4 (= 1.4.18-4),
 make (= 4.2.1-1.2),
 man-db (= 2.9.0-2),
 mawk (= 1.3.4.20200120-2),
 mime-support (= 3.64),
 ncurses-base (= 6.1+20191019-1),
 ncurses-bin (= 6.1+20191019-1),
 pango1.0-tools (= 1.42.4-8),
 patch (= 2.7.6-6),
 perl (= 5.30.0-9),
 perl-base (= 5.30.0-9),
 perl-modules-5.30 (= 5.30.0-9),
 pkg-config (= 0.29-6),
 po-debconf (= 1.0.21),
 procps (= 2:3.3.16-1+b1),
 python3 (= 3.7.5-3),
 python3-distutils (= 3.8.0-1),
 python3-lib2to3 (= 3.8.0-1),
 python3-minimal (= 3.7.5-3),
 python3.7 (= 3.7.6-1+b1),
 python3.7-minimal (= 3.7.6-1+b1),
 readline-common (= 8.0-3),
 sed (= 4.7-1),
 sensible-utils (= 0.0.12+nmu1),
 sysvinit-utils (= 2.96-2.1),
 tar (= 1.30+dfsg-6+b1),
 ucf (= 3.0038+nmu1),
 util-linux (= 2.34-0.1),
 uuid-dev (= 2.34-0.1),
 x11-common (= 1:7.7+20),
 x11proto-core-dev (= 2018.4-4),
 x11proto-dev (= 2018.4-4),
 x11proto-xext-dev (= 2018.4-4),
 xorg-sgml-doctools (= 1:1.11-1),
 xtrans-dev (= 1.3.5-1),
 xz-utils (= 5.2.4-1+b1),
 zlib1g (= 1:1.2.11.dfsg-2),
 zlib1g-dev (= 1:1.2.11.dfsg-2)
Environment:
 DEB_BUILD_OPTIONS="parallel=4"
 LANG="C.UTF-8"
 LC_ALL="C.UTF-8"
 SOURCE_DATE_EPOCH="1499512756"


+------------------------------------------------------------------------------+
| Package contents                                                             |
+------------------------------------------------------------------------------+


liblasi-dev_1.1.0-2_amd64.deb
-----------------------------

 new Debian package, version 2.0.
 size 83120 bytes: control archive=3340 bytes.
    1129 bytes,    25 lines      control              
    7789 bytes,    89 lines      md5sums              
 Package: liblasi-dev
 Source: lasi
 Version: 1.1.0-2
 Architecture: amd64
 Maintainer: Debian QA Group <packages@qa.debian.org>
 Installed-Size: 562
 Depends: liblasi0 (= 1.1.0-2), libpango1.0-dev, libfreetype6-dev
 Section: libdevel
 Priority: optional
 Homepage: http://sourceforge.net/projects/lasi
 Description: development files and documentation for the LASi library
  LASi is a library that provides a C++ stream output interface (with
  operator <<) for creating PostScript documents that can contain
  characters from any of the scripts and symbol blocks supported in
  Unicode and by the Pango layout engine. The library accommodates
  right-to-left scripts such as Arabic and Hebrew as easily as
  left-to-right scripts. Indic and Indic-derived Complex Text Layout
  (CTL) scripts, such as Devanagari, Thai, Lao, and Tibetan are
  supported to the extent provided by Pango and by the OpenType fonts
  installed on your system. All of this is provided without need for
  any special configuration or layout calculation on the programmer's
  part.
  .
  This package contains the development files as well as the HTML
  documentation for LASi.

drwxr-xr-x root/root         0 2017-07-08 11:19 ./
drwxr-xr-x root/root         0 2017-07-08 11:19 ./usr/
drwxr-xr-x root/root         0 2017-07-08 11:19 ./usr/include/
-rw-r--r-- root/root     12240 2017-07-08 11:19 ./usr/include/LASi.h
drwxr-xr-x root/root         0 2017-07-08 11:19 ./usr/lib/
lrwxrwxrwx root/root         0 2017-07-08 11:19 ./usr/lib/libLASi.so -> libLASi.so.0
drwxr-xr-x root/root         0 2017-07-08 11:19 ./usr/lib/pkgconfig/
-rw-r--r-- root/root       246 2017-07-08 11:19 ./usr/lib/pkgconfig/lasi.pc
drwxr-xr-x root/root         0 2017-07-08 11:19 ./usr/share/
drwxr-xr-x root/root         0 2017-07-08 11:19 ./usr/share/doc-base/
-rw-r--r-- root/root       482 2016-07-17 05:16 ./usr/share/doc-base/liblasi
drwxr-xr-x root/root         0 2017-07-08 11:19 ./usr/share/doc/
drwxr-xr-x root/root         0 2017-07-08 11:19 ./usr/share/doc/liblasi-dev/
-rw-r--r-- root/root       801 2008-02-09 01:27 ./usr/share/doc/liblasi-dev/AUTHORS
-rw-r--r-- root/root       414 2008-02-09 01:27 ./usr/share/doc/liblasi-dev/NEWS.gz
-rw-r--r-- root/root      3389 2008-02-09 01:27 ./usr/share/doc/liblasi-dev/README
-rw-r--r-- root/root      1723 2017-07-08 11:19 ./usr/share/doc/liblasi-dev/changelog.Debian.gz
-rw-r--r-- root/root      8200 2008-02-09 01:27 ./usr/share/doc/liblasi-dev/changelog.gz
-rw-r--r-- root/root      1518 2016-07-17 05:16 ./usr/share/doc/liblasi-dev/copyright
drwxr-xr-x root/root         0 2017-07-08 11:19 ./usr/share/doc/liblasi-dev/examples/
-rw-r--r-- root/root      1528 2008-02-09 01:27 ./usr/share/doc/liblasi-dev/examples/CMakeLists.txt
-rw-r--r-- root/root     12059 2008-02-09 01:27 ./usr/share/doc/liblasi-dev/examples/ComplexTextLayoutExample.cpp
-rw-r--r-- root/root      3820 2017-07-08 11:19 ./usr/share/doc/liblasi-dev/examples/Example_1_Result.png
-rw-r--r-- root/root     20399 2017-07-08 11:19 ./usr/share/doc/liblasi-dev/examples/Example_2_Result.png
-rw-r--r-- root/root       772 2008-02-09 01:27 ./usr/share/doc/liblasi-dev/examples/Makefile.examples.in
-rw-r--r-- root/root       962 2008-02-09 01:27 ./usr/share/doc/liblasi-dev/examples/MissingGlyphExample.cpp
-rw-r--r-- root/root      2057 2008-02-09 01:27 ./usr/share/doc/liblasi-dev/examples/README.gz
-rw-r--r-- root/root      2741 2008-02-09 01:27 ./usr/share/doc/liblasi-dev/examples/SimpleLASiExample.cpp
drwxr-xr-x root/root         0 2017-07-08 11:19 ./usr/share/doc/liblasi-dev/html/
-rw-r--r-- root/root     43964 2008-02-09 01:27 ./usr/share/doc/liblasi-dev/html/LASi_8h-source.html
-rw-r--r-- root/root     12505 2008-02-09 01:27 ./usr/share/doc/liblasi-dev/html/LASi_8h.html
-rw-r--r-- root/root      4576 2008-02-09 01:27 ./usr/share/doc/liblasi-dev/html/annotated.html
-rw-r--r-- root/root      3439 2008-02-09 01:27 ./usr/share/doc/liblasi-dev/html/classContextMgr-members.html
-rw-r--r-- root/root      4680 2008-02-09 01:27 ./usr/share/doc/liblasi-dev/html/classContextMgr.html
-rw-r--r-- root/root       542 2008-02-09 01:27 ./usr/share/doc/liblasi-dev/html/classContextMgr.png
-rw-r--r-- root/root      3348 2008-02-09 01:27 ./usr/share/doc/liblasi-dev/html/classFreetypeGlyphMgr-members.html
-rw-r--r-- root/root      9647 2008-02-09 01:27 ./usr/share/doc/liblasi-dev/html/classFreetypeGlyphMgr.html
-rw-r--r-- root/root      9388 2008-02-09 01:27 ./usr/share/doc/liblasi-dev/html/classLASi_1_1PostscriptDocument-members.html
-rw-r--r-- root/root     39740 2008-02-09 01:27 ./usr/share/doc/liblasi-dev/html/classLASi_1_1PostscriptDocument.html
-rw-r--r-- root/root      3361 2008-02-09 01:27 ./usr/share/doc/liblasi-dev/html/classLASi_1_1PostscriptDocument_1_1GlyphId-members.html
-rw-r--r-- root/root     10099 2008-02-09 01:27 ./usr/share/doc/liblasi-dev/html/classLASi_1_1PostscriptDocument_1_1GlyphId.html
-rw-r--r-- root/root      3135 2008-02-09 01:27 ./usr/share/doc/liblasi-dev/html/classLASi_1_1PostscriptDocument_1_1write__glyph__routine__to__stream-members.html
-rw-r--r-- root/root      7227 2008-02-09 01:27 ./usr/share/doc/liblasi-dev/html/classLASi_1_1PostscriptDocument_1_1write__glyph__routine__to__stream.html
-rw-r--r-- root/root      3382 2008-02-09 01:27 ./usr/share/doc/liblasi-dev/html/classLASi_1_1oPostscriptStream-members.html
-rw-r--r-- root/root      8822 2008-02-09 01:27 ./usr/share/doc/liblasi-dev/html/classLASi_1_1oPostscriptStream.html
-rw-r--r-- root/root      3645 2008-02-09 01:27 ./usr/share/doc/liblasi-dev/html/classLASi_1_1setFont-members.html
-rw-r--r-- root/root     14092 2008-02-09 01:27 ./usr/share/doc/liblasi-dev/html/classLASi_1_1setFont.html
-rw-r--r-- root/root      2541 2008-02-09 01:27 ./usr/share/doc/liblasi-dev/html/classLASi_1_1setFontSize-members.html
-rw-r--r-- root/root      7843 2008-02-09 01:27 ./usr/share/doc/liblasi-dev/html/classLASi_1_1setFontSize.html
-rw-r--r-- root/root      2660 2008-02-09 01:27 ./usr/share/doc/liblasi-dev/html/classLASi_1_1show-members.html
-rw-r--r-- root/root      8584 2008-02-09 01:27 ./usr/share/doc/liblasi-dev/html/classLASi_1_1show.html
-rw-r--r-- root/root      3039 2008-02-09 01:27 ./usr/share/doc/liblasi-dev/html/classManager-members.html
-rw-r--r-- root/root      8708 2008-02-09 01:27 ./usr/share/doc/liblasi-dev/html/classManager.html
-rw-r--r-- root/root      4457 2008-02-09 01:27 ./usr/share/doc/liblasi-dev/html/classStringDimensions-members.html
-rw-r--r-- root/root     14530 2008-02-09 01:27 ./usr/share/doc/liblasi-dev/html/classStringDimensions.html
-rw-r--r-- root/root      4262 2008-02-09 01:27 ./usr/share/doc/liblasi-dev/html/contextMgr_8h-source.html
-rw-r--r-- root/root      2326 2008-02-09 01:27 ./usr/share/doc/liblasi-dev/html/contextMgr_8h.html
-rw-r--r-- root/root      5088 2008-02-09 01:27 ./usr/share/doc/liblasi-dev/html/dir_844ccf4c9c5f524017223c512b74160f.html
-rw-r--r-- root/root      1620 2008-02-09 01:27 ./usr/share/doc/liblasi-dev/html/dir_ced8ec04faf1f39c38b8acccde1582aa.html
-rw-r--r-- root/root      1255 2008-02-09 01:27 ./usr/share/doc/liblasi-dev/html/dirs.html
-rw-r--r-- root/root      8097 2008-02-09 01:27 ./usr/share/doc/liblasi-dev/html/doxygen.css
-rw-r--r-- root/root      1281 2008-02-09 01:27 ./usr/share/doc/liblasi-dev/html/doxygen.png
-rw-r--r-- root/root     16451 2008-02-09 01:27 ./usr/share/doc/liblasi-dev/html/drawGlyph_8cpp.html
-rw-r--r-- root/root      2240 2008-02-09 01:27 ./usr/share/doc/liblasi-dev/html/drawGlyph_8h-source.html
-rw-r--r-- root/root      3694 2008-02-09 01:27 ./usr/share/doc/liblasi-dev/html/drawGlyph_8h.html
-rw-r--r-- root/root      3893 2008-02-09 01:27 ./usr/share/doc/liblasi-dev/html/files.html
-rw-r--r-- root/root     15641 2008-02-09 01:27 ./usr/share/doc/liblasi-dev/html/functions.html
-rw-r--r-- root/root      9955 2008-02-09 01:27 ./usr/share/doc/liblasi-dev/html/functions_func.html
-rw-r--r-- root/root      3165 2008-02-09 01:27 ./usr/share/doc/liblasi-dev/html/functions_rela.html
-rw-r--r-- root/root      1971 2008-02-09 01:27 ./usr/share/doc/liblasi-dev/html/functions_type.html
-rw-r--r-- root/root      5257 2008-02-09 01:27 ./usr/share/doc/liblasi-dev/html/functions_vars.html
-rw-r--r-- root/root      4093 2008-02-09 01:27 ./usr/share/doc/liblasi-dev/html/globals.html
-rw-r--r-- root/root      1909 2008-02-09 01:27 ./usr/share/doc/liblasi-dev/html/globals_defs.html
-rw-r--r-- root/root      3269 2008-02-09 01:27 ./usr/share/doc/liblasi-dev/html/globals_func.html
-rw-r--r-- root/root      1623 2008-02-09 01:27 ./usr/share/doc/liblasi-dev/html/globals_vars.html
-rw-r--r-- root/root      2041 2008-02-09 01:27 ./usr/share/doc/liblasi-dev/html/glyphMgr_8cpp.html
-rw-r--r-- root/root      4518 2008-02-09 01:27 ./usr/share/doc/liblasi-dev/html/glyphMgr_8h-source.html
-rw-r--r-- root/root      2404 2008-02-09 01:27 ./usr/share/doc/liblasi-dev/html/glyphMgr_8h.html
-rw-r--r-- root/root      2475 2008-02-09 01:27 ./usr/share/doc/liblasi-dev/html/hierarchy.html
-rw-r--r-- root/root      3516 2008-02-09 01:27 ./usr/share/doc/liblasi-dev/html/index.html
-rw-r--r-- root/root      4876 2008-02-09 01:27 ./usr/share/doc/liblasi-dev/html/manager_8h-source.html
-rw-r--r-- root/root      2438 2008-02-09 01:27 ./usr/share/doc/liblasi-dev/html/manager_8h.html
-rw-r--r-- root/root     17012 2008-02-09 01:27 ./usr/share/doc/liblasi-dev/html/namespaceLASi.html
-rw-r--r-- root/root      4793 2008-02-09 01:27 ./usr/share/doc/liblasi-dev/html/namespacemembers.html
-rw-r--r-- root/root      1970 2008-02-09 01:27 ./usr/share/doc/liblasi-dev/html/namespacemembers_enum.html
-rw-r--r-- root/root      4197 2008-02-09 01:27 ./usr/share/doc/liblasi-dev/html/namespacemembers_eval.html
-rw-r--r-- root/root      1680 2008-02-09 01:27 ./usr/share/doc/liblasi-dev/html/namespacemembers_func.html
-rw-r--r-- root/root      1523 2008-02-09 01:27 ./usr/share/doc/liblasi-dev/html/namespaces.html
-rw-r--r-- root/root      1303 2008-02-09 01:27 ./usr/share/doc/liblasi-dev/html/namespacestd.html
-rw-r--r-- root/root      3998 2008-02-09 01:27 ./usr/share/doc/liblasi-dev/html/psDoc_8cpp.html
-rw-r--r-- root/root      8652 2008-02-09 01:27 ./usr/share/doc/liblasi-dev/html/stringDimensions_8h-source.html
-rw-r--r-- root/root      2795 2008-02-09 01:27 ./usr/share/doc/liblasi-dev/html/stringDimensions_8h.html
-rw-r--r-- root/root      3661 2008-02-09 01:27 ./usr/share/doc/liblasi-dev/html/structStateOfDrawGlyph-members.html
-rw-r--r-- root/root      9219 2008-02-09 01:27 ./usr/share/doc/liblasi-dev/html/structStateOfDrawGlyph.html
-rw-r--r-- root/root        35 2008-02-09 01:27 ./usr/share/doc/liblasi-dev/html/tab_b.gif
-rw-r--r-- root/root       706 2008-02-09 01:27 ./usr/share/doc/liblasi-dev/html/tab_l.gif
-rw-r--r-- root/root      2585 2008-02-09 01:27 ./usr/share/doc/liblasi-dev/html/tab_r.gif
-rw-r--r-- root/root      1758 2008-02-09 01:27 ./usr/share/doc/liblasi-dev/html/tabs.css
-rw-r--r-- root/root      8579 2008-02-09 01:27 ./usr/share/doc/liblasi-dev/html/util_8cpp.html
-rw-r--r-- root/root      3863 2008-02-09 01:27 ./usr/share/doc/liblasi-dev/html/util_8h-source.html
-rw-r--r-- root/root      8278 2008-02-09 01:27 ./usr/share/doc/liblasi-dev/html/util_8h.html


liblasi0-dbgsym_1.1.0-2_amd64.deb
---------------------------------

 new Debian package, version 2.0.
 size 106116 bytes: control archive=520 bytes.
     338 bytes,    12 lines      control              
     106 bytes,     1 lines      md5sums              
 Package: liblasi0-dbgsym
 Source: lasi
 Version: 1.1.0-2
 Auto-Built-Package: debug-symbols
 Architecture: amd64
 Maintainer: Debian QA Group <packages@qa.debian.org>
 Installed-Size: 126
 Depends: liblasi0 (= 1.1.0-2)
 Section: debug
 Priority: optional
 Description: debug symbols for liblasi0
 Build-Ids: b2acc38040d635170e206a5890fc6197ffdb958e

drwxr-xr-x root/root         0 2017-07-08 11:19 ./
drwxr-xr-x root/root         0 2017-07-08 11:19 ./usr/
drwxr-xr-x root/root         0 2017-07-08 11:19 ./usr/lib/
drwxr-xr-x root/root         0 2017-07-08 11:19 ./usr/lib/debug/
drwxr-xr-x root/root         0 2017-07-08 11:19 ./usr/lib/debug/.build-id/
drwxr-xr-x root/root         0 2017-07-08 11:19 ./usr/lib/debug/.build-id/b2/
-rw-r--r-- root/root    118560 2017-07-08 11:19 ./usr/lib/debug/.build-id/b2/acc38040d635170e206a5890fc6197ffdb958e.debug
drwxr-xr-x root/root         0 2017-07-08 11:19 ./usr/share/
drwxr-xr-x root/root         0 2017-07-08 11:19 ./usr/share/doc/
lrwxrwxrwx root/root         0 2017-07-08 11:19 ./usr/share/doc/liblasi0-dbgsym -> liblasi0


liblasi0_1.1.0-2_amd64.deb
--------------------------

 new Debian package, version 2.0.
 size 29760 bytes: control archive=1240 bytes.
    1168 bytes,    22 lines      control              
     467 bytes,     7 lines      md5sums              
      19 bytes,     1 lines      shlibs               
      65 bytes,     2 lines      triggers             
 Package: liblasi0
 Source: lasi
 Version: 1.1.0-2
 Architecture: amd64
 Maintainer: Debian QA Group <packages@qa.debian.org>
 Installed-Size: 84
 Depends: libc6 (>= 2.14), libfontconfig1 (>= 2.12.6), libfreetype6 (>= 2.2.1), libgcc-s1 (>= 3.0), libglib2.0-0 (>= 2.12.0), libpango-1.0-0 (>= 1.14.0), libpangoft2-1.0-0 (>= 1.14.0), libstdc++6 (>= 9)
 Section: libs
 Priority: optional
 Homepage: http://sourceforge.net/projects/lasi
 Description: creation of PostScript documents containing Unicode symbols
  LASi is a library that provides a C++ stream output interface (with
  operator <<) for creating PostScript documents that can contain
  characters from any of the scripts and symbol blocks supported in
  Unicode and by the Pango layout engine. The library accommodates
  right-to-left scripts such as Arabic and Hebrew as easily as
  left-to-right scripts. Indic and Indic-derived Complex Text Layout
  (CTL) scripts, such as Devanagari, Thai, Lao, and Tibetan are
  supported to the extent provided by Pango and by the OpenType fonts
  installed on your system. All of this is provided without need for
  any special configuration or layout calculation on the programmer's
  part.

drwxr-xr-x root/root         0 2017-07-08 11:19 ./
drwxr-xr-x root/root         0 2017-07-08 11:19 ./usr/
drwxr-xr-x root/root         0 2017-07-08 11:19 ./usr/lib/
lrwxrwxrwx root/root         0 2017-07-08 11:19 ./usr/lib/libLASi.so.0 -> libLASi.so.0.0.1
-rw-r--r-- root/root     56232 2017-07-08 11:19 ./usr/lib/libLASi.so.0.0.1
drwxr-xr-x root/root         0 2017-07-08 11:19 ./usr/share/
drwxr-xr-x root/root         0 2017-07-08 11:19 ./usr/share/doc/
drwxr-xr-x root/root         0 2017-07-08 11:19 ./usr/share/doc/liblasi0/
-rw-r--r-- root/root       801 2008-02-09 01:27 ./usr/share/doc/liblasi0/AUTHORS
-rw-r--r-- root/root       414 2008-02-09 01:27 ./usr/share/doc/liblasi0/NEWS.gz
-rw-r--r-- root/root      3389 2008-02-09 01:27 ./usr/share/doc/liblasi0/README
-rw-r--r-- root/root      1723 2017-07-08 11:19 ./usr/share/doc/liblasi0/changelog.Debian.gz
-rw-r--r-- root/root      8200 2008-02-09 01:27 ./usr/share/doc/liblasi0/changelog.gz
-rw-r--r-- root/root      1518 2016-07-17 05:16 ./usr/share/doc/liblasi0/copyright


+------------------------------------------------------------------------------+
| Post Build                                                                   |
+------------------------------------------------------------------------------+


+------------------------------------------------------------------------------+
| Cleanup                                                                      |
+------------------------------------------------------------------------------+

Purging /<<BUILDDIR>>
Not cleaning session: cloned chroot in use

+------------------------------------------------------------------------------+
| Summary                                                                      |
+------------------------------------------------------------------------------+

Build Architecture: amd64
Build Type: binary
Build-Space: 7556
Build-Time: 59
Distribution: unstable
Host Architecture: amd64
Install-Time: 83
Job: lasi_1.1.0-2
Machine Architecture: amd64
Package: lasi
Package-Time: 198
Source-Version: 1.1.0-2
Space: 7556
Status: successful
Version: 1.1.0-2
--------------------------------------------------------------------------------
Finished at 2020-02-25T04:27:57Z
Build needed 00:03:18, 7556k disk space
DC-Status: OK 203.90073675s
DC-Time-Estimation: 203.90073675 versus expected 82 (r/m: 1.486594350609756 ; m: 82.0)
