DC-Build-Header: libanyevent-perl 7.170-1 / 2020-02-25 02:40:21 +0000
DC-Task: type:rebuild-binarch-only source:libanyevent-perl version:7.170-1 chroot:unstable esttime:104 logfile:/tmp/libanyevent-perl_7.170-1_unstable_clang10.log modes:clang10:binarch-only
DC-Sbuild-call: su user42 -c 'sbuild -n --arch-any --apt-update -d unstable -v --no-run-lintian --chroot-setup-commands=/tmp/clang10 libanyevent-perl_7.170-1'
sbuild (Debian sbuild) 0.78.1 (09 February 2019) on ip-172-31-13-196.eu-central-1.compute.internal

+==============================================================================+
| libanyevent-perl 7.170-1 (amd64)             Tue, 25 Feb 2020 02:40:21 +0000 |
+==============================================================================+

Package: libanyevent-perl
Version: 7.170-1
Source Version: 7.170-1
Distribution: unstable
Machine Architecture: amd64
Host Architecture: amd64
Build Architecture: amd64
Build Type: binary

I: NOTICE: Log filtering will replace 'var/run/schroot/mount/sid-amd64-sbuild-2dca0baf-80f5-4c9a-98b0-838ea5070d2f' with '<<CHROOT>>'

+------------------------------------------------------------------------------+
| Chroot Setup Commands                                                        |
+------------------------------------------------------------------------------+


/tmp/clang10
------------

+ echo 'Entering customization script...'
Entering customization script...
+ CLANG_VERSION=10
+ echo 'Install of clang-10'
Install of clang-10
+ apt-get update
Get:1 http://127.0.0.1:12990/debian sid InRelease [142 kB]
Get:2 http://127.0.0.1:12990/debian sid/main Sources.diff/Index [27.9 kB]
Get:3 http://127.0.0.1:12990/debian sid/main amd64 Packages.diff/Index [27.9 kB]
Get:4 http://127.0.0.1:12990/debian sid/main Sources 2020-02-24-0823.32.pdiff [11.0 kB]
Get:5 http://127.0.0.1:12990/debian sid/main Sources 2020-02-24-1420.34.pdiff [30.2 kB]
Get:6 http://127.0.0.1:12990/debian sid/main Sources 2020-02-24-2014.03.pdiff [16.9 kB]
Get:6 http://127.0.0.1:12990/debian sid/main Sources 2020-02-24-2014.03.pdiff [16.9 kB]
Get:7 http://127.0.0.1:12990/debian sid/main amd64 Packages 2020-02-24-0823.32.pdiff [15.5 kB]
Get:8 http://127.0.0.1:12990/debian sid/main amd64 Packages 2020-02-24-1420.34.pdiff [27.5 kB]
Get:9 http://127.0.0.1:12990/debian sid/main amd64 Packages 2020-02-24-2014.03.pdiff [21.6 kB]
Get:9 http://127.0.0.1:12990/debian sid/main amd64 Packages 2020-02-24-2014.03.pdiff [21.6 kB]
Get:10 http://127.0.0.1:12990/debian sid/main Translation-en [6193 kB]
Fetched 6514 kB in 2s (2696 kB/s)
Reading package lists...
+ apt-get install --yes --no-install-recommends --force-yes clang-10 libomp-10-dev libobjc-9-dev
Reading package lists...
Building dependency tree...
The following additional packages will be installed:
  lib32gcc-s1 lib32gcc1 lib32stdc++6 libbsd0 libc6-i386 libclang-common-10-dev
  libclang-cpp10 libclang1-10 libedit2 libgc1c2 libllvm10 libobjc4 libomp5-10
  libz3-4
Suggested packages:
  clang-10-doc libomp-10-doc
Recommended packages:
  llvm-10-dev python3
The following NEW packages will be installed:
  clang-10 lib32gcc-s1 lib32gcc1 lib32stdc++6 libbsd0 libc6-i386
  libclang-common-10-dev libclang-cpp10 libclang1-10 libedit2 libgc1c2
  libllvm10 libobjc-9-dev libobjc4 libomp-10-dev libomp5-10 libz3-4
0 upgraded, 17 newly installed, 0 to remove and 1 not upgraded.
Need to get 46.4 MB of archives.
After this operation, 238 MB of additional disk space will be used.
Get:1 http://127.0.0.1:12990/debian sid/main amd64 libbsd0 amd64 0.10.0-1 [107 kB]
Get:2 http://127.0.0.1:12990/debian sid/main amd64 libedit2 amd64 3.1-20191231-1 [95.4 kB]
Get:3 http://127.0.0.1:12990/debian sid/main amd64 libz3-4 amd64 4.8.7-4 [6790 kB]
Get:4 http://127.0.0.1:12990/debian sid/main amd64 libllvm10 amd64 1:10.0.0~+rc2-1 [15.5 MB]
Get:5 http://127.0.0.1:12990/debian sid/main amd64 libclang-cpp10 amd64 1:10.0.0~+rc2-1 [9069 kB]
Get:6 http://127.0.0.1:12990/debian sid/main amd64 libgc1c2 amd64 1:7.6.4-0.4 [224 kB]
Get:7 http://127.0.0.1:12990/debian sid/main amd64 libobjc4 amd64 10-20200222-1 [41.6 kB]
Get:8 http://127.0.0.1:12990/debian sid/main amd64 libobjc-9-dev amd64 9.2.1-29 [219 kB]
Get:9 http://127.0.0.1:12990/debian sid/main amd64 libc6-i386 amd64 2.29-10 [2918 kB]
Get:10 http://127.0.0.1:12990/debian sid/main amd64 lib32gcc-s1 amd64 10-20200222-1 [49.4 kB]
Get:11 http://127.0.0.1:12990/debian sid/main amd64 lib32gcc1 amd64 1:10-20200222-1 [1104 B]
Get:12 http://127.0.0.1:12990/debian sid/main amd64 lib32stdc++6 amd64 10-20200222-1 [510 kB]
Get:13 http://127.0.0.1:12990/debian sid/main amd64 libclang-common-10-dev amd64 1:10.0.0~+rc2-1 [2782 kB]
Get:14 http://127.0.0.1:12990/debian sid/main amd64 libclang1-10 amd64 1:10.0.0~+rc2-1 [7607 kB]
Get:15 http://127.0.0.1:12990/debian sid/main amd64 clang-10 amd64 1:10.0.0~+rc2-1 [103 kB]
Get:16 http://127.0.0.1:12990/debian sid/main amd64 libomp5-10 amd64 1:10.0.0~+rc2-1 [337 kB]
Get:17 http://127.0.0.1:12990/debian sid/main amd64 libomp-10-dev amd64 1:10.0.0~+rc2-1 [84.3 kB]
debconf: delaying package configuration, since apt-utils is not installed
Fetched 46.4 MB in 1s (33.7 MB/s)
Selecting previously unselected package libbsd0:amd64.
(Reading database ... (Reading database ... 5%(Reading database ... 10%(Reading database ... 15%(Reading database ... 20%(Reading database ... 25%(Reading database ... 30%(Reading database ... 35%(Reading database ... 40%(Reading database ... 45%(Reading database ... 50%(Reading database ... 55%(Reading database ... 60%(Reading database ... 65%(Reading database ... 70%(Reading database ... 75%(Reading database ... 80%(Reading database ... 85%(Reading database ... 90%(Reading database ... 95%(Reading database ... 100%(Reading database ... 12119 files and directories currently installed.)
Preparing to unpack .../00-libbsd0_0.10.0-1_amd64.deb ...
Unpacking libbsd0:amd64 (0.10.0-1) ...
Selecting previously unselected package libedit2:amd64.
Preparing to unpack .../01-libedit2_3.1-20191231-1_amd64.deb ...
Unpacking libedit2:amd64 (3.1-20191231-1) ...
Selecting previously unselected package libz3-4:amd64.
Preparing to unpack .../02-libz3-4_4.8.7-4_amd64.deb ...
Unpacking libz3-4:amd64 (4.8.7-4) ...
Selecting previously unselected package libllvm10:amd64.
Preparing to unpack .../03-libllvm10_1%3a10.0.0~+rc2-1_amd64.deb ...
Unpacking libllvm10:amd64 (1:10.0.0~+rc2-1) ...
Selecting previously unselected package libclang-cpp10.
Preparing to unpack .../04-libclang-cpp10_1%3a10.0.0~+rc2-1_amd64.deb ...
Unpacking libclang-cpp10 (1:10.0.0~+rc2-1) ...
Selecting previously unselected package libgc1c2:amd64.
Preparing to unpack .../05-libgc1c2_1%3a7.6.4-0.4_amd64.deb ...
Unpacking libgc1c2:amd64 (1:7.6.4-0.4) ...
Selecting previously unselected package libobjc4:amd64.
Preparing to unpack .../06-libobjc4_10-20200222-1_amd64.deb ...
Unpacking libobjc4:amd64 (10-20200222-1) ...
Selecting previously unselected package libobjc-9-dev:amd64.
Preparing to unpack .../07-libobjc-9-dev_9.2.1-29_amd64.deb ...
Unpacking libobjc-9-dev:amd64 (9.2.1-29) ...
Selecting previously unselected package libc6-i386.
Preparing to unpack .../08-libc6-i386_2.29-10_amd64.deb ...
Unpacking libc6-i386 (2.29-10) ...
Selecting previously unselected package lib32gcc-s1.
Preparing to unpack .../09-lib32gcc-s1_10-20200222-1_amd64.deb ...
Unpacking lib32gcc-s1 (10-20200222-1) ...
Selecting previously unselected package lib32gcc1.
Preparing to unpack .../10-lib32gcc1_1%3a10-20200222-1_amd64.deb ...
Unpacking lib32gcc1 (1:10-20200222-1) ...
Selecting previously unselected package lib32stdc++6.
Preparing to unpack .../11-lib32stdc++6_10-20200222-1_amd64.deb ...
Unpacking lib32stdc++6 (10-20200222-1) ...
Selecting previously unselected package libclang-common-10-dev.
Preparing to unpack .../12-libclang-common-10-dev_1%3a10.0.0~+rc2-1_amd64.deb ...
Unpacking libclang-common-10-dev (1:10.0.0~+rc2-1) ...
Selecting previously unselected package libclang1-10.
Preparing to unpack .../13-libclang1-10_1%3a10.0.0~+rc2-1_amd64.deb ...
Unpacking libclang1-10 (1:10.0.0~+rc2-1) ...
Selecting previously unselected package clang-10.
Preparing to unpack .../14-clang-10_1%3a10.0.0~+rc2-1_amd64.deb ...
Unpacking clang-10 (1:10.0.0~+rc2-1) ...
Selecting previously unselected package libomp5-10:amd64.
Preparing to unpack .../15-libomp5-10_1%3a10.0.0~+rc2-1_amd64.deb ...
Unpacking libomp5-10:amd64 (1:10.0.0~+rc2-1) ...
Selecting previously unselected package libomp-10-dev.
Preparing to unpack .../16-libomp-10-dev_1%3a10.0.0~+rc2-1_amd64.deb ...
Unpacking libomp-10-dev (1:10.0.0~+rc2-1) ...
Setting up libgc1c2:amd64 (1:7.6.4-0.4) ...
Setting up libobjc4:amd64 (10-20200222-1) ...
Setting up libz3-4:amd64 (4.8.7-4) ...
Setting up libobjc-9-dev:amd64 (9.2.1-29) ...
Setting up libomp5-10:amd64 (1:10.0.0~+rc2-1) ...
Setting up libc6-i386 (2.29-10) ...
Setting up libbsd0:amd64 (0.10.0-1) ...
Setting up libomp-10-dev (1:10.0.0~+rc2-1) ...
Setting up libedit2:amd64 (3.1-20191231-1) ...
Setting up libllvm10:amd64 (1:10.0.0~+rc2-1) ...
Setting up lib32gcc-s1 (10-20200222-1) ...
Setting up libclang1-10 (1:10.0.0~+rc2-1) ...
Setting up lib32gcc1 (1:10-20200222-1) ...
Setting up libclang-cpp10 (1:10.0.0~+rc2-1) ...
Setting up lib32stdc++6 (10-20200222-1) ...
Setting up libclang-common-10-dev (1:10.0.0~+rc2-1) ...
Setting up clang-10 (1:10.0.0~+rc2-1) ...
Processing triggers for libc-bin (2.29-10) ...
W: --force-yes is deprecated, use one of the options starting with --allow instead.
+ echo 'Replace gcc, g++ & cpp by clang'
Replace gcc, g++ & cpp by clang
+ VERSIONS='4.6 4.7 4.8 4.9 5 6 7 8 9 10'
+ cd /usr/bin
+ for VERSION in $VERSIONS
+ rm -f g++-4.6 gcc-4.6 cpp-4.6 gcc
+ ln -s clang++-10 g++-4.6
+ ln -s clang-10 gcc-4.6
+ ln -s clang-10 cpp-4.6
+ ln -s clang-10 gcc
+ echo 'gcc-4.6 hold'
+ dpkg --set-selections
dpkg: warning: package not in status nor available database at line 1: gcc-4.6
dpkg: warning: found unknown packages; this might mean the available database
is outdated, and needs to be updated through a frontend method;
please see the FAQ <https://wiki.debian.org/Teams/Dpkg/FAQ>
+ echo 'g++-4.6 hold'
+ dpkg --set-selections
dpkg: warning: package not in status nor available database at line 1: g++-4.6
dpkg: warning: found unknown packages; this might mean the available database
is outdated, and needs to be updated through a frontend method;
please see the FAQ <https://wiki.debian.org/Teams/Dpkg/FAQ>
+ for VERSION in $VERSIONS
+ rm -f g++-4.7 gcc-4.7 cpp-4.7 gcc
+ ln -s clang++-10 g++-4.7
+ ln -s clang-10 gcc-4.7
+ ln -s clang-10 cpp-4.7
+ ln -s clang-10 gcc
+ echo 'gcc-4.7 hold'
+ dpkg --set-selections
dpkg: warning: package not in status nor available database at line 1: gcc-4.7
dpkg: warning: found unknown packages; this might mean the available database
is outdated, and needs to be updated through a frontend method;
please see the FAQ <https://wiki.debian.org/Teams/Dpkg/FAQ>
+ echo 'g++-4.7 hold'
+ dpkg --set-selections
dpkg: warning: package not in status nor available database at line 1: g++-4.7
dpkg: warning: found unknown packages; this might mean the available database
is outdated, and needs to be updated through a frontend method;
please see the FAQ <https://wiki.debian.org/Teams/Dpkg/FAQ>
+ for VERSION in $VERSIONS
+ rm -f g++-4.8 gcc-4.8 cpp-4.8 gcc
+ ln -s clang++-10 g++-4.8
+ ln -s clang-10 gcc-4.8
+ ln -s clang-10 cpp-4.8
+ ln -s clang-10 gcc
+ echo 'gcc-4.8 hold'
+ dpkg --set-selections
dpkg: warning: package not in status nor available database at line 1: gcc-4.8
dpkg: warning: found unknown packages; this might mean the available database
is outdated, and needs to be updated through a frontend method;
please see the FAQ <https://wiki.debian.org/Teams/Dpkg/FAQ>
+ echo 'g++-4.8 hold'
+ dpkg --set-selections
dpkg: warning: package not in status nor available database at line 1: g++-4.8
dpkg: warning: found unknown packages; this might mean the available database
is outdated, and needs to be updated through a frontend method;
please see the FAQ <https://wiki.debian.org/Teams/Dpkg/FAQ>
+ for VERSION in $VERSIONS
+ rm -f g++-4.9 gcc-4.9 cpp-4.9 gcc
+ ln -s clang++-10 g++-4.9
+ ln -s clang-10 gcc-4.9
+ ln -s clang-10 cpp-4.9
+ ln -s clang-10 gcc
+ echo 'gcc-4.9 hold'
+ dpkg --set-selections
dpkg: warning: package not in status nor available database at line 1: gcc-4.9
dpkg: warning: found unknown packages; this might mean the available database
is outdated, and needs to be updated through a frontend method;
please see the FAQ <https://wiki.debian.org/Teams/Dpkg/FAQ>
+ echo 'g++-4.9 hold'
+ dpkg --set-selections
dpkg: warning: package not in status nor available database at line 1: g++-4.9
dpkg: warning: found unknown packages; this might mean the available database
is outdated, and needs to be updated through a frontend method;
please see the FAQ <https://wiki.debian.org/Teams/Dpkg/FAQ>
+ for VERSION in $VERSIONS
+ rm -f g++-5 gcc-5 cpp-5 gcc
+ ln -s clang++-10 g++-5
+ ln -s clang-10 gcc-5
+ ln -s clang-10 cpp-5
+ ln -s clang-10 gcc
+ echo 'gcc-5 hold'
+ dpkg --set-selections
dpkg: warning: package not in status nor available database at line 1: gcc-5
dpkg: warning: found unknown packages; this might mean the available database
is outdated, and needs to be updated through a frontend method;
please see the FAQ <https://wiki.debian.org/Teams/Dpkg/FAQ>
+ echo 'g++-5 hold'
+ dpkg --set-selections
dpkg: warning: package not in status nor available database at line 1: g++-5
dpkg: warning: found unknown packages; this might mean the available database
is outdated, and needs to be updated through a frontend method;
please see the FAQ <https://wiki.debian.org/Teams/Dpkg/FAQ>
+ for VERSION in $VERSIONS
+ rm -f g++-6 gcc-6 cpp-6 gcc
+ ln -s clang++-10 g++-6
+ ln -s clang-10 gcc-6
+ ln -s clang-10 cpp-6
+ ln -s clang-10 gcc
+ echo 'gcc-6 hold'
+ dpkg --set-selections
dpkg: warning: package not in status nor available database at line 1: gcc-6
dpkg: warning: found unknown packages; this might mean the available database
is outdated, and needs to be updated through a frontend method;
please see the FAQ <https://wiki.debian.org/Teams/Dpkg/FAQ>
+ echo 'g++-6 hold'
+ dpkg --set-selections
dpkg: warning: package not in status nor available database at line 1: g++-6
dpkg: warning: found unknown packages; this might mean the available database
is outdated, and needs to be updated through a frontend method;
please see the FAQ <https://wiki.debian.org/Teams/Dpkg/FAQ>
+ for VERSION in $VERSIONS
+ rm -f g++-7 gcc-7 cpp-7 gcc
+ ln -s clang++-10 g++-7
+ ln -s clang-10 gcc-7
+ ln -s clang-10 cpp-7
+ ln -s clang-10 gcc
+ echo 'gcc-7 hold'
+ dpkg --set-selections
dpkg: warning: package not in status nor available database at line 1: gcc-7
dpkg: warning: found unknown packages; this might mean the available database
is outdated, and needs to be updated through a frontend method;
please see the FAQ <https://wiki.debian.org/Teams/Dpkg/FAQ>
+ echo 'g++-7 hold'
+ dpkg --set-selections
dpkg: warning: package not in status nor available database at line 1: g++-7
dpkg: warning: found unknown packages; this might mean the available database
is outdated, and needs to be updated through a frontend method;
please see the FAQ <https://wiki.debian.org/Teams/Dpkg/FAQ>
+ for VERSION in $VERSIONS
+ rm -f g++-8 gcc-8 cpp-8 gcc
+ ln -s clang++-10 g++-8
+ ln -s clang-10 gcc-8
+ ln -s clang-10 cpp-8
+ ln -s clang-10 gcc
+ echo 'gcc-8 hold'
+ dpkg --set-selections
dpkg: warning: package not in status nor available database at line 1: gcc-8
dpkg: warning: found unknown packages; this might mean the available database
is outdated, and needs to be updated through a frontend method;
please see the FAQ <https://wiki.debian.org/Teams/Dpkg/FAQ>
+ dpkg --set-selections
+ echo 'g++-8 hold'
dpkg: warning: package not in status nor available database at line 1: g++-8
dpkg: warning: found unknown packages; this might mean the available database
is outdated, and needs to be updated through a frontend method;
please see the FAQ <https://wiki.debian.org/Teams/Dpkg/FAQ>
+ for VERSION in $VERSIONS
+ rm -f g++-9 gcc-9 cpp-9 gcc
+ ln -s clang++-10 g++-9
+ ln -s clang-10 gcc-9
+ ln -s clang-10 cpp-9
+ ln -s clang-10 gcc
+ echo 'gcc-9 hold'
+ dpkg --set-selections
+ echo 'g++-9 hold'
+ dpkg --set-selections
+ for VERSION in $VERSIONS
+ rm -f g++-10 gcc-10 cpp-10 gcc
+ ln -s clang++-10 g++-10
+ ln -s clang-10 gcc-10
+ ln -s clang-10 cpp-10
+ ln -s clang-10 gcc
+ echo 'gcc-10 hold'
+ dpkg --set-selections
dpkg: warning: package not in status nor available database at line 1: gcc-10
dpkg: warning: found unknown packages; this might mean the available database
is outdated, and needs to be updated through a frontend method;
please see the FAQ <https://wiki.debian.org/Teams/Dpkg/FAQ>
+ echo 'g++-10 hold'
+ dpkg --set-selections
dpkg: warning: package not in status nor available database at line 1: g++-10
dpkg: warning: found unknown packages; this might mean the available database
is outdated, and needs to be updated through a frontend method;
please see the FAQ <https://wiki.debian.org/Teams/Dpkg/FAQ>
+ cd -
/build/libanyevent-perl-TxfEqL
+ echo 'Check if gcc, g++ & cpp are actually clang'
Check if gcc, g++ & cpp are actually clang
+ gcc --version
+ grep clang
+ cpp --version
+ grep clang
+ g++ --version
+ grep clang

I: Finished running '/tmp/clang10'.

Finished processing commands.
--------------------------------------------------------------------------------
I: NOTICE: Log filtering will replace 'build/libanyevent-perl-TxfEqL/resolver-L9byUh' with '<<RESOLVERDIR>>'

+------------------------------------------------------------------------------+
| Update chroot                                                                |
+------------------------------------------------------------------------------+

Hit:1 http://127.0.0.1:12990/debian sid InRelease
Reading package lists...
Reading package lists...
Building dependency tree...
Reading state information...
Calculating upgrade...
The following packages will be upgraded:
  libgmp10
1 upgraded, 0 newly installed, 0 to remove and 0 not upgraded.
Need to get 253 kB of archives.
After this operation, 0 B of additional disk space will be used.
Get:1 http://127.0.0.1:12990/debian sid/main amd64 libgmp10 amd64 2:6.2.0+dfsg-4 [253 kB]
debconf: delaying package configuration, since apt-utils is not installed
Fetched 253 kB in 0s (4387 kB/s)
(Reading database ... (Reading database ... 5%(Reading database ... 10%(Reading database ... 15%(Reading database ... 20%(Reading database ... 25%(Reading database ... 30%(Reading database ... 35%(Reading database ... 40%(Reading database ... 45%(Reading database ... 50%(Reading database ... 55%(Reading database ... 60%(Reading database ... 65%(Reading database ... 70%(Reading database ... 75%(Reading database ... 80%(Reading database ... 85%(Reading database ... 90%(Reading database ... 95%(Reading database ... 100%(Reading database ... 12960 files and directories currently installed.)
Preparing to unpack .../libgmp10_2%3a6.2.0+dfsg-4_amd64.deb ...
Unpacking libgmp10:amd64 (2:6.2.0+dfsg-4) over (2:6.2.0+dfsg-3) ...
Setting up libgmp10:amd64 (2:6.2.0+dfsg-4) ...
Processing triggers for libc-bin (2.29-10) ...

+------------------------------------------------------------------------------+
| Fetch source files                                                           |
+------------------------------------------------------------------------------+


Check APT
---------

Checking available source versions...

Download source files with APT
------------------------------

Reading package lists...
NOTICE: 'libanyevent-perl' packaging is maintained in the 'Git' version control system at:
https://salsa.debian.org/perl-team/modules/packages/libanyevent-perl.git
Please use:
git clone https://salsa.debian.org/perl-team/modules/packages/libanyevent-perl.git
to retrieve the latest (possibly unreleased) updates to the package.
Need to get 320 kB of source archives.
Get:1 http://127.0.0.1:12990/debian sid/main libanyevent-perl 7.170-1 (dsc) [2467 B]
Get:2 http://127.0.0.1:12990/debian sid/main libanyevent-perl 7.170-1 (tar) [305 kB]
Get:3 http://127.0.0.1:12990/debian sid/main libanyevent-perl 7.170-1 (diff) [12.5 kB]
Fetched 320 kB in 0s (3498 kB/s)
Download complete and in download only mode
I: NOTICE: Log filtering will replace 'build/libanyevent-perl-TxfEqL/libanyevent-perl-7.170' with '<<PKGBUILDDIR>>'
I: NOTICE: Log filtering will replace 'build/libanyevent-perl-TxfEqL' with '<<BUILDDIR>>'

+------------------------------------------------------------------------------+
| Install package build dependencies                                           |
+------------------------------------------------------------------------------+


Setup apt archive
-----------------

Merged Build-Depends: debhelper-compat (= 12), libasync-interrupt-perl, libcanary-stability-perl, libev-perl, libevent-perl, libglib-perl, libio-async-perl, libnet-ssleay-perl, libpoe-perl, netbase, perl, perl-tk, shared-mime-info, xauth, xvfb, build-essential, fakeroot
Filtered Build-Depends: debhelper-compat (= 12), libasync-interrupt-perl, libcanary-stability-perl, libev-perl, libevent-perl, libglib-perl, libio-async-perl, libnet-ssleay-perl, libpoe-perl, netbase, perl, perl-tk, shared-mime-info, xauth, xvfb, build-essential, fakeroot
dpkg-deb: building package 'sbuild-build-depends-main-dummy' in '/<<RESOLVERDIR>>/apt_archive/sbuild-build-depends-main-dummy.deb'.
Ign:1 copy:/<<RESOLVERDIR>>/apt_archive ./ InRelease
Get:2 copy:/<<RESOLVERDIR>>/apt_archive ./ Release [957 B]
Ign:3 copy:/<<RESOLVERDIR>>/apt_archive ./ Release.gpg
Get:4 copy:/<<RESOLVERDIR>>/apt_archive ./ Sources [476 B]
Get:5 copy:/<<RESOLVERDIR>>/apt_archive ./ Packages [541 B]
Fetched 1974 B in 0s (167 kB/s)
Reading package lists...
Reading package lists...

Install main build dependencies (apt-based resolver)
----------------------------------------------------

Installing build dependencies
Reading package lists...
Building dependency tree...
Reading state information...
The following additional packages will be installed:
  autoconf automake autopoint autotools-dev bsdmainutils debhelper
  dh-autoreconf dh-strip-nondeterminism dwz file fontconfig-config
  fonts-dejavu-core gettext gettext-base groff-base intltool-debian
  libarchive-zip-perl libasync-interrupt-perl libcanary-stability-perl
  libcommon-sense-perl libcroco3 libdebhelper-perl libdrm-amdgpu1
  libdrm-common libdrm-intel1 libdrm-nouveau2 libdrm-radeon1 libdrm2 libelf1
  libev-perl libevent-perl libexpat1 libextutils-depends-perl
  libextutils-pkgconfig-perl libfile-stripnondeterminism-perl libfilter-perl
  libfontconfig1 libfontenc1 libfreetype6 libfuture-perl libgl1
  libgl1-mesa-dri libglapi-mesa libglib-perl libglib2.0-0 libglvnd0
  libglx-mesa0 libglx0 libice6 libicu63 libio-async-perl libio-pipely-perl
  libjpeg62-turbo libllvm9 libmagic-mgc libmagic1 libnet-ssleay-perl
  libpciaccess0 libpipeline1 libpixman-1-0 libpng16-16 libpoe-perl
  libsensors-config libsensors5 libsigsegv2 libsm6 libssl1.1
  libstruct-dumb-perl libsub-override-perl libtool libuchardet0 libunwind8
  libvulkan1 libx11-6 libx11-data libx11-xcb1 libxau6 libxaw7 libxcb-dri2-0
  libxcb-dri3-0 libxcb-glx0 libxcb-present0 libxcb-sync1 libxcb1 libxdamage1
  libxdmcp6 libxext6 libxfixes3 libxfont2 libxft2 libxkbfile1 libxml2 libxmu6
  libxmuu1 libxpm4 libxrender1 libxshmfence1 libxt6 libxxf86vm1 m4 man-db
  netbase perl-openssl-defaults perl-tk pkg-config po-debconf sensible-utils
  shared-mime-info ucf x11-common x11-xkb-utils xauth xkb-data xserver-common
  xvfb
Suggested packages:
  autoconf-archive gnu-standards autoconf-doc wamerican | wordlist whois
  vacation dh-make gettext-doc libasprintf-dev libgettextpo-dev groff pciutils
  libcurses-perl libio-pty-perl libpoe-loop-event-perl libpoe-loop-tk-perl
  libsocket-getaddrinfo-perl libsocket6-perl libterm-readkey-perl lm-sensors
  libtool-doc gfortran | fortran95-compiler gcj-jdk m4-doc apparmor less
  www-browser libmail-box-perl
Recommended packages:
  curl | wget | lynx libarchive-cpio-perl libglib2.0-data xdg-user-dirs
  libasync-mergepoint-perl libsereal-perl libtest-fatal-perl
  libtest-refcount-perl libhttp-daemon-perl libltdl-dev mesa-vulkan-drivers
  | vulkan-icd libmail-sendmail-perl xfonts-base
The following NEW packages will be installed:
  autoconf automake autopoint autotools-dev bsdmainutils debhelper
  dh-autoreconf dh-strip-nondeterminism dwz file fontconfig-config
  fonts-dejavu-core gettext gettext-base groff-base intltool-debian
  libarchive-zip-perl libasync-interrupt-perl libcanary-stability-perl
  libcommon-sense-perl libcroco3 libdebhelper-perl libdrm-amdgpu1
  libdrm-common libdrm-intel1 libdrm-nouveau2 libdrm-radeon1 libdrm2 libelf1
  libev-perl libevent-perl libexpat1 libextutils-depends-perl
  libextutils-pkgconfig-perl libfile-stripnondeterminism-perl libfilter-perl
  libfontconfig1 libfontenc1 libfreetype6 libfuture-perl libgl1
  libgl1-mesa-dri libglapi-mesa libglib-perl libglib2.0-0 libglvnd0
  libglx-mesa0 libglx0 libice6 libicu63 libio-async-perl libio-pipely-perl
  libjpeg62-turbo libllvm9 libmagic-mgc libmagic1 libnet-ssleay-perl
  libpciaccess0 libpipeline1 libpixman-1-0 libpng16-16 libpoe-perl
  libsensors-config libsensors5 libsigsegv2 libsm6 libssl1.1
  libstruct-dumb-perl libsub-override-perl libtool libuchardet0 libunwind8
  libvulkan1 libx11-6 libx11-data libx11-xcb1 libxau6 libxaw7 libxcb-dri2-0
  libxcb-dri3-0 libxcb-glx0 libxcb-present0 libxcb-sync1 libxcb1 libxdamage1
  libxdmcp6 libxext6 libxfixes3 libxfont2 libxft2 libxkbfile1 libxml2 libxmu6
  libxmuu1 libxpm4 libxrender1 libxshmfence1 libxt6 libxxf86vm1 m4 man-db
  netbase perl-openssl-defaults perl-tk pkg-config po-debconf
  sbuild-build-depends-main-dummy sensible-utils shared-mime-info ucf
  x11-common x11-xkb-utils xauth xkb-data xserver-common xvfb
0 upgraded, 116 newly installed, 0 to remove and 0 not upgraded.
Need to get 63.4 MB of archives.
After this operation, 462 MB of additional disk space will be used.
Get:1 copy:/<<RESOLVERDIR>>/apt_archive ./ sbuild-build-depends-main-dummy 0.invalid.0 [976 B]
Get:2 http://127.0.0.1:12990/debian sid/main amd64 bsdmainutils amd64 11.1.2+b1 [191 kB]
Get:3 http://127.0.0.1:12990/debian sid/main amd64 libuchardet0 amd64 0.0.6-3 [64.9 kB]
Get:4 http://127.0.0.1:12990/debian sid/main amd64 groff-base amd64 1.22.4-4 [919 kB]
Get:5 http://127.0.0.1:12990/debian sid/main amd64 libpipeline1 amd64 1.5.2-2 [33.9 kB]
Get:6 http://127.0.0.1:12990/debian sid/main amd64 man-db amd64 2.9.0-2 [1307 kB]
Get:7 http://127.0.0.1:12990/debian sid/main amd64 netbase all 6.1 [19.9 kB]
Get:8 http://127.0.0.1:12990/debian sid/main amd64 sensible-utils all 0.0.12+nmu1 [16.0 kB]
Get:9 http://127.0.0.1:12990/debian sid/main amd64 libmagic-mgc amd64 1:5.38-4 [262 kB]
Get:10 http://127.0.0.1:12990/debian sid/main amd64 libmagic1 amd64 1:5.38-4 [120 kB]
Get:11 http://127.0.0.1:12990/debian sid/main amd64 file amd64 1:5.38-4 [67.9 kB]
Get:12 http://127.0.0.1:12990/debian sid/main amd64 gettext-base amd64 0.19.8.1-10 [123 kB]
Get:13 http://127.0.0.1:12990/debian sid/main amd64 ucf all 3.0038+nmu1 [69.0 kB]
Get:14 http://127.0.0.1:12990/debian sid/main amd64 libsigsegv2 amd64 2.12-2 [32.8 kB]
Get:15 http://127.0.0.1:12990/debian sid/main amd64 m4 amd64 1.4.18-4 [203 kB]
Get:16 http://127.0.0.1:12990/debian sid/main amd64 autoconf all 2.69-11.1 [341 kB]
Get:17 http://127.0.0.1:12990/debian sid/main amd64 autotools-dev all 20180224.1 [77.0 kB]
Get:18 http://127.0.0.1:12990/debian sid/main amd64 automake all 1:1.16.1-4 [771 kB]
Get:19 http://127.0.0.1:12990/debian sid/main amd64 autopoint all 0.19.8.1-10 [435 kB]
Get:20 http://127.0.0.1:12990/debian sid/main amd64 libtool all 2.4.6-13 [513 kB]
Get:21 http://127.0.0.1:12990/debian sid/main amd64 dh-autoreconf all 19 [16.9 kB]
Get:22 http://127.0.0.1:12990/debian sid/main amd64 libdebhelper-perl all 12.9 [183 kB]
Get:23 http://127.0.0.1:12990/debian sid/main amd64 libarchive-zip-perl all 1.67-1 [104 kB]
Get:24 http://127.0.0.1:12990/debian sid/main amd64 libsub-override-perl all 0.09-2 [10.2 kB]
Get:25 http://127.0.0.1:12990/debian sid/main amd64 libfile-stripnondeterminism-perl all 1.6.3-2 [23.7 kB]
Get:26 http://127.0.0.1:12990/debian sid/main amd64 dh-strip-nondeterminism all 1.6.3-2 [14.7 kB]
Get:27 http://127.0.0.1:12990/debian sid/main amd64 libelf1 amd64 0.176-1.1 [161 kB]
Get:28 http://127.0.0.1:12990/debian sid/main amd64 dwz amd64 0.13-5 [151 kB]
Get:29 http://127.0.0.1:12990/debian sid/main amd64 libglib2.0-0 amd64 2.62.4-2 [1319 kB]
Get:30 http://127.0.0.1:12990/debian sid/main amd64 libicu63 amd64 63.2-2 [8301 kB]
Get:31 http://127.0.0.1:12990/debian sid/main amd64 libxml2 amd64 2.9.10+dfsg-3 [709 kB]
Get:32 http://127.0.0.1:12990/debian sid/main amd64 libcroco3 amd64 0.6.13-1 [146 kB]
Get:33 http://127.0.0.1:12990/debian sid/main amd64 gettext amd64 0.19.8.1-10 [1303 kB]
Get:34 http://127.0.0.1:12990/debian sid/main amd64 intltool-debian all 0.35.0+20060710.5 [26.8 kB]
Get:35 http://127.0.0.1:12990/debian sid/main amd64 po-debconf all 1.0.21 [248 kB]
Get:36 http://127.0.0.1:12990/debian sid/main amd64 debhelper all 12.9 [994 kB]
Get:37 http://127.0.0.1:12990/debian sid/main amd64 fonts-dejavu-core all 2.37-1 [1068 kB]
Get:38 http://127.0.0.1:12990/debian sid/main amd64 fontconfig-config all 2.13.1-2 [280 kB]
Get:39 http://127.0.0.1:12990/debian sid/main amd64 libcommon-sense-perl amd64 3.74-2+b8 [24.1 kB]
Get:40 http://127.0.0.1:12990/debian sid/main amd64 libasync-interrupt-perl amd64 1.25-1+b1 [34.5 kB]
Get:41 http://127.0.0.1:12990/debian sid/main amd64 libcanary-stability-perl amd64 2006-2 [8796 B]
Get:42 http://127.0.0.1:12990/debian sid/main amd64 libdrm-common all 2.4.100-4 [14.2 kB]
Get:43 http://127.0.0.1:12990/debian sid/main amd64 libdrm2 amd64 2.4.100-4 [40.7 kB]
Get:44 http://127.0.0.1:12990/debian sid/main amd64 libdrm-amdgpu1 amd64 2.4.100-4 [28.0 kB]
Get:45 http://127.0.0.1:12990/debian sid/main amd64 libpciaccess0 amd64 0.14-1 [53.5 kB]
Get:46 http://127.0.0.1:12990/debian sid/main amd64 libdrm-intel1 amd64 2.4.100-4 [70.1 kB]
Get:47 http://127.0.0.1:12990/debian sid/main amd64 libdrm-nouveau2 amd64 2.4.100-4 [26.3 kB]
Get:48 http://127.0.0.1:12990/debian sid/main amd64 libdrm-radeon1 amd64 2.4.100-4 [29.5 kB]
Get:49 http://127.0.0.1:12990/debian sid/main amd64 libev-perl amd64 4.32-1 [263 kB]
Get:50 http://127.0.0.1:12990/debian sid/main amd64 libevent-perl amd64 1.27-1+b1 [263 kB]
Get:51 http://127.0.0.1:12990/debian sid/main amd64 libexpat1 amd64 2.2.9-1 [94.3 kB]
Get:52 http://127.0.0.1:12990/debian sid/main amd64 libextutils-depends-perl all 0.8000-1 [18.9 kB]
Get:53 http://127.0.0.1:12990/debian sid/main amd64 pkg-config amd64 0.29-6 [63.5 kB]
Get:54 http://127.0.0.1:12990/debian sid/main amd64 libextutils-pkgconfig-perl all 1.16-1 [10.7 kB]
Get:55 http://127.0.0.1:12990/debian sid/main amd64 libfilter-perl amd64 1.59-2+b1 [68.3 kB]
Get:56 http://127.0.0.1:12990/debian sid/main amd64 libpng16-16 amd64 1.6.37-2 [292 kB]
Get:57 http://127.0.0.1:12990/debian sid/main amd64 libfreetype6 amd64 2.10.1-2 [392 kB]
Get:58 http://127.0.0.1:12990/debian sid/main amd64 libfontconfig1 amd64 2.13.1-2+b1 [347 kB]
Get:59 http://127.0.0.1:12990/debian sid/main amd64 libfontenc1 amd64 1:1.1.3-1+b2 [24.4 kB]
Get:60 http://127.0.0.1:12990/debian sid/main amd64 libfuture-perl all 0.43-1 [83.2 kB]
Get:61 http://127.0.0.1:12990/debian sid/main amd64 libglapi-mesa amd64 19.3.3-1 [69.7 kB]
Get:62 http://127.0.0.1:12990/debian sid/main amd64 libllvm9 amd64 1:9.0.1-8 [15.0 MB]
Get:63 http://127.0.0.1:12990/debian sid/main amd64 libsensors-config all 1:3.6.0-2 [32.0 kB]
Get:64 http://127.0.0.1:12990/debian sid/main amd64 libsensors5 amd64 1:3.6.0-2 [53.1 kB]
Get:65 http://127.0.0.1:12990/debian sid/main amd64 libvulkan1 amd64 1.2.131.2-1 [98.2 kB]
Get:66 http://127.0.0.1:12990/debian sid/main amd64 libgl1-mesa-dri amd64 19.3.3-1 [9219 kB]
Get:67 http://127.0.0.1:12990/debian sid/main amd64 libglib-perl amd64 3:1.329.2-1 [349 kB]
Get:68 http://127.0.0.1:12990/debian sid/main amd64 libglvnd0 amd64 1.3.1-1 [51.1 kB]
Get:69 http://127.0.0.1:12990/debian sid/main amd64 libxau6 amd64 1:1.0.8-1+b2 [19.9 kB]
Get:70 http://127.0.0.1:12990/debian sid/main amd64 libxdmcp6 amd64 1:1.1.2-3 [26.3 kB]
Get:71 http://127.0.0.1:12990/debian sid/main amd64 libxcb1 amd64 1.13.1-5 [137 kB]
Get:72 http://127.0.0.1:12990/debian sid/main amd64 libx11-data all 2:1.6.8-1 [298 kB]
Get:73 http://127.0.0.1:12990/debian sid/main amd64 libx11-6 amd64 2:1.6.8-1 [756 kB]
Get:74 http://127.0.0.1:12990/debian sid/main amd64 libx11-xcb1 amd64 2:1.6.8-1 [190 kB]
Get:75 http://127.0.0.1:12990/debian sid/main amd64 libxcb-dri2-0 amd64 1.13.1-5 [101 kB]
Get:76 http://127.0.0.1:12990/debian sid/main amd64 libxcb-dri3-0 amd64 1.13.1-5 [100 kB]
Get:77 http://127.0.0.1:12990/debian sid/main amd64 libxcb-glx0 amd64 1.13.1-5 [116 kB]
Get:78 http://127.0.0.1:12990/debian sid/main amd64 libxcb-present0 amd64 1.13.1-5 [99.3 kB]
Get:79 http://127.0.0.1:12990/debian sid/main amd64 libxcb-sync1 amd64 1.13.1-5 [103 kB]
Get:80 http://127.0.0.1:12990/debian sid/main amd64 libxfixes3 amd64 1:5.0.3-1 [21.9 kB]
Get:81 http://127.0.0.1:12990/debian sid/main amd64 libxdamage1 amd64 1:1.1.5-1 [15.7 kB]
Get:82 http://127.0.0.1:12990/debian sid/main amd64 libxext6 amd64 2:1.3.3-1+b2 [52.5 kB]
Get:83 http://127.0.0.1:12990/debian sid/main amd64 libxshmfence1 amd64 1.3-1 [8820 B]
Get:84 http://127.0.0.1:12990/debian sid/main amd64 libxxf86vm1 amd64 1:1.1.4-1+b2 [20.8 kB]
Get:85 http://127.0.0.1:12990/debian sid/main amd64 libglx-mesa0 amd64 19.3.3-1 [183 kB]
Get:86 http://127.0.0.1:12990/debian sid/main amd64 x11-common all 1:7.7+20 [252 kB]
Get:87 http://127.0.0.1:12990/debian sid/main amd64 libice6 amd64 2:1.0.9-2 [58.7 kB]
Get:88 http://127.0.0.1:12990/debian sid/main amd64 libstruct-dumb-perl all 0.09-1 [11.1 kB]
Get:89 http://127.0.0.1:12990/debian sid/main amd64 libio-async-perl all 0.75-1 [269 kB]
Get:90 http://127.0.0.1:12990/debian sid/main amd64 libio-pipely-perl all 0.005-1 [13.4 kB]
Get:91 http://127.0.0.1:12990/debian sid/main amd64 libjpeg62-turbo amd64 1:1.5.2-2+b1 [134 kB]
Get:92 http://127.0.0.1:12990/debian sid/main amd64 libssl1.1 amd64 1.1.1d-2 [1540 kB]
Get:93 http://127.0.0.1:12990/debian sid/main amd64 perl-openssl-defaults amd64 4 [7148 B]
Get:94 http://127.0.0.1:12990/debian sid/main amd64 libnet-ssleay-perl amd64 1.88-2 [321 kB]
Get:95 http://127.0.0.1:12990/debian sid/main amd64 libpixman-1-0 amd64 0.36.0-1 [537 kB]
Get:96 http://127.0.0.1:12990/debian sid/main amd64 libpoe-perl all 2:1.3680-1 [457 kB]
Get:97 http://127.0.0.1:12990/debian sid/main amd64 libsm6 amd64 2:1.2.3-1 [35.1 kB]
Get:98 http://127.0.0.1:12990/debian sid/main amd64 libunwind8 amd64 1.2.1-9 [50.9 kB]
Get:99 http://127.0.0.1:12990/debian sid/main amd64 libxt6 amd64 1:1.1.5-1+b3 [190 kB]
Get:100 http://127.0.0.1:12990/debian sid/main amd64 libxmu6 amd64 2:1.1.2-2+b3 [60.8 kB]
Get:101 http://127.0.0.1:12990/debian sid/main amd64 libxpm4 amd64 1:3.5.12-1 [49.1 kB]
Get:102 http://127.0.0.1:12990/debian sid/main amd64 libxaw7 amd64 2:1.0.13-1+b2 [201 kB]
Get:103 http://127.0.0.1:12990/debian sid/main amd64 libxfont2 amd64 1:2.0.3-1 [135 kB]
Get:104 http://127.0.0.1:12990/debian sid/main amd64 libxrender1 amd64 1:0.9.10-1 [33.0 kB]
Get:105 http://127.0.0.1:12990/debian sid/main amd64 libxft2 amd64 2.3.2-2 [57.2 kB]
Get:106 http://127.0.0.1:12990/debian sid/main amd64 libxkbfile1 amd64 1:1.0.9-2+b12 [76.0 kB]
Get:107 http://127.0.0.1:12990/debian sid/main amd64 libxmuu1 amd64 2:1.1.2-2+b3 [23.9 kB]
Get:108 http://127.0.0.1:12990/debian sid/main amd64 perl-tk amd64 1:804.033-2+b4 [1951 kB]
Get:109 http://127.0.0.1:12990/debian sid/main amd64 shared-mime-info amd64 1.10-1 [766 kB]
Get:110 http://127.0.0.1:12990/debian sid/main amd64 x11-xkb-utils amd64 7.7+4 [164 kB]
Get:111 http://127.0.0.1:12990/debian sid/main amd64 xauth amd64 1:1.0.10-1 [40.3 kB]
Get:112 http://127.0.0.1:12990/debian sid/main amd64 xkb-data all 2.26-2 [681 kB]
Get:113 http://127.0.0.1:12990/debian sid/main amd64 xserver-common all 2:1.20.7-3 [2255 kB]
Get:114 http://127.0.0.1:12990/debian sid/main amd64 libglx0 amd64 1.3.1-1 [34.6 kB]
Get:115 http://127.0.0.1:12990/debian sid/main amd64 libgl1 amd64 1.3.1-1 [89.3 kB]
Get:116 http://127.0.0.1:12990/debian sid/main amd64 xvfb amd64 2:1.20.7-3 [3004 kB]
debconf: delaying package configuration, since apt-utils is not installed
Fetched 63.4 MB in 1s (52.1 MB/s)
Selecting previously unselected package bsdmainutils.
(Reading database ... 12960 files and directories currently installed.)
Preparing to unpack .../000-bsdmainutils_11.1.2+b1_amd64.deb ...
Unpacking bsdmainutils (11.1.2+b1) ...
Selecting previously unselected package libuchardet0:amd64.
Preparing to unpack .../001-libuchardet0_0.0.6-3_amd64.deb ...
Unpacking libuchardet0:amd64 (0.0.6-3) ...
Selecting previously unselected package groff-base.
Preparing to unpack .../002-groff-base_1.22.4-4_amd64.deb ...
Unpacking groff-base (1.22.4-4) ...
Selecting previously unselected package libpipeline1:amd64.
Preparing to unpack .../003-libpipeline1_1.5.2-2_amd64.deb ...
Unpacking libpipeline1:amd64 (1.5.2-2) ...
Selecting previously unselected package man-db.
Preparing to unpack .../004-man-db_2.9.0-2_amd64.deb ...
Unpacking man-db (2.9.0-2) ...
Selecting previously unselected package netbase.
Preparing to unpack .../005-netbase_6.1_all.deb ...
Unpacking netbase (6.1) ...
Selecting previously unselected package sensible-utils.
Preparing to unpack .../006-sensible-utils_0.0.12+nmu1_all.deb ...
Unpacking sensible-utils (0.0.12+nmu1) ...
Selecting previously unselected package libmagic-mgc.
Preparing to unpack .../007-libmagic-mgc_1%3a5.38-4_amd64.deb ...
Unpacking libmagic-mgc (1:5.38-4) ...
Selecting previously unselected package libmagic1:amd64.
Preparing to unpack .../008-libmagic1_1%3a5.38-4_amd64.deb ...
Unpacking libmagic1:amd64 (1:5.38-4) ...
Selecting previously unselected package file.
Preparing to unpack .../009-file_1%3a5.38-4_amd64.deb ...
Unpacking file (1:5.38-4) ...
Selecting previously unselected package gettext-base.
Preparing to unpack .../010-gettext-base_0.19.8.1-10_amd64.deb ...
Unpacking gettext-base (0.19.8.1-10) ...
Selecting previously unselected package ucf.
Preparing to unpack .../011-ucf_3.0038+nmu1_all.deb ...
Moving old data out of the way
Unpacking ucf (3.0038+nmu1) ...
Selecting previously unselected package libsigsegv2:amd64.
Preparing to unpack .../012-libsigsegv2_2.12-2_amd64.deb ...
Unpacking libsigsegv2:amd64 (2.12-2) ...
Selecting previously unselected package m4.
Preparing to unpack .../013-m4_1.4.18-4_amd64.deb ...
Unpacking m4 (1.4.18-4) ...
Selecting previously unselected package autoconf.
Preparing to unpack .../014-autoconf_2.69-11.1_all.deb ...
Unpacking autoconf (2.69-11.1) ...
Selecting previously unselected package autotools-dev.
Preparing to unpack .../015-autotools-dev_20180224.1_all.deb ...
Unpacking autotools-dev (20180224.1) ...
Selecting previously unselected package automake.
Preparing to unpack .../016-automake_1%3a1.16.1-4_all.deb ...
Unpacking automake (1:1.16.1-4) ...
Selecting previously unselected package autopoint.
Preparing to unpack .../017-autopoint_0.19.8.1-10_all.deb ...
Unpacking autopoint (0.19.8.1-10) ...
Selecting previously unselected package libtool.
Preparing to unpack .../018-libtool_2.4.6-13_all.deb ...
Unpacking libtool (2.4.6-13) ...
Selecting previously unselected package dh-autoreconf.
Preparing to unpack .../019-dh-autoreconf_19_all.deb ...
Unpacking dh-autoreconf (19) ...
Selecting previously unselected package libdebhelper-perl.
Preparing to unpack .../020-libdebhelper-perl_12.9_all.deb ...
Unpacking libdebhelper-perl (12.9) ...
Selecting previously unselected package libarchive-zip-perl.
Preparing to unpack .../021-libarchive-zip-perl_1.67-1_all.deb ...
Unpacking libarchive-zip-perl (1.67-1) ...
Selecting previously unselected package libsub-override-perl.
Preparing to unpack .../022-libsub-override-perl_0.09-2_all.deb ...
Unpacking libsub-override-perl (0.09-2) ...
Selecting previously unselected package libfile-stripnondeterminism-perl.
Preparing to unpack .../023-libfile-stripnondeterminism-perl_1.6.3-2_all.deb ...
Unpacking libfile-stripnondeterminism-perl (1.6.3-2) ...
Selecting previously unselected package dh-strip-nondeterminism.
Preparing to unpack .../024-dh-strip-nondeterminism_1.6.3-2_all.deb ...
Unpacking dh-strip-nondeterminism (1.6.3-2) ...
Selecting previously unselected package libelf1:amd64.
Preparing to unpack .../025-libelf1_0.176-1.1_amd64.deb ...
Unpacking libelf1:amd64 (0.176-1.1) ...
Selecting previously unselected package dwz.
Preparing to unpack .../026-dwz_0.13-5_amd64.deb ...
Unpacking dwz (0.13-5) ...
Selecting previously unselected package libglib2.0-0:amd64.
Preparing to unpack .../027-libglib2.0-0_2.62.4-2_amd64.deb ...
Unpacking libglib2.0-0:amd64 (2.62.4-2) ...
Selecting previously unselected package libicu63:amd64.
Preparing to unpack .../028-libicu63_63.2-2_amd64.deb ...
Unpacking libicu63:amd64 (63.2-2) ...
Selecting previously unselected package libxml2:amd64.
Preparing to unpack .../029-libxml2_2.9.10+dfsg-3_amd64.deb ...
Unpacking libxml2:amd64 (2.9.10+dfsg-3) ...
Selecting previously unselected package libcroco3:amd64.
Preparing to unpack .../030-libcroco3_0.6.13-1_amd64.deb ...
Unpacking libcroco3:amd64 (0.6.13-1) ...
Selecting previously unselected package gettext.
Preparing to unpack .../031-gettext_0.19.8.1-10_amd64.deb ...
Unpacking gettext (0.19.8.1-10) ...
Selecting previously unselected package intltool-debian.
Preparing to unpack .../032-intltool-debian_0.35.0+20060710.5_all.deb ...
Unpacking intltool-debian (0.35.0+20060710.5) ...
Selecting previously unselected package po-debconf.
Preparing to unpack .../033-po-debconf_1.0.21_all.deb ...
Unpacking po-debconf (1.0.21) ...
Selecting previously unselected package debhelper.
Preparing to unpack .../034-debhelper_12.9_all.deb ...
Unpacking debhelper (12.9) ...
Selecting previously unselected package fonts-dejavu-core.
Preparing to unpack .../035-fonts-dejavu-core_2.37-1_all.deb ...
Unpacking fonts-dejavu-core (2.37-1) ...
Selecting previously unselected package fontconfig-config.
Preparing to unpack .../036-fontconfig-config_2.13.1-2_all.deb ...
Unpacking fontconfig-config (2.13.1-2) ...
Selecting previously unselected package libcommon-sense-perl.
Preparing to unpack .../037-libcommon-sense-perl_3.74-2+b8_amd64.deb ...
Unpacking libcommon-sense-perl (3.74-2+b8) ...
Selecting previously unselected package libasync-interrupt-perl.
Preparing to unpack .../038-libasync-interrupt-perl_1.25-1+b1_amd64.deb ...
Unpacking libasync-interrupt-perl (1.25-1+b1) ...
Selecting previously unselected package libcanary-stability-perl.
Preparing to unpack .../039-libcanary-stability-perl_2006-2_amd64.deb ...
Unpacking libcanary-stability-perl (2006-2) ...
Selecting previously unselected package libdrm-common.
Preparing to unpack .../040-libdrm-common_2.4.100-4_all.deb ...
Unpacking libdrm-common (2.4.100-4) ...
Selecting previously unselected package libdrm2:amd64.
Preparing to unpack .../041-libdrm2_2.4.100-4_amd64.deb ...
Unpacking libdrm2:amd64 (2.4.100-4) ...
Selecting previously unselected package libdrm-amdgpu1:amd64.
Preparing to unpack .../042-libdrm-amdgpu1_2.4.100-4_amd64.deb ...
Unpacking libdrm-amdgpu1:amd64 (2.4.100-4) ...
Selecting previously unselected package libpciaccess0:amd64.
Preparing to unpack .../043-libpciaccess0_0.14-1_amd64.deb ...
Unpacking libpciaccess0:amd64 (0.14-1) ...
Selecting previously unselected package libdrm-intel1:amd64.
Preparing to unpack .../044-libdrm-intel1_2.4.100-4_amd64.deb ...
Unpacking libdrm-intel1:amd64 (2.4.100-4) ...
Selecting previously unselected package libdrm-nouveau2:amd64.
Preparing to unpack .../045-libdrm-nouveau2_2.4.100-4_amd64.deb ...
Unpacking libdrm-nouveau2:amd64 (2.4.100-4) ...
Selecting previously unselected package libdrm-radeon1:amd64.
Preparing to unpack .../046-libdrm-radeon1_2.4.100-4_amd64.deb ...
Unpacking libdrm-radeon1:amd64 (2.4.100-4) ...
Selecting previously unselected package libev-perl.
Preparing to unpack .../047-libev-perl_4.32-1_amd64.deb ...
Unpacking libev-perl (4.32-1) ...
Selecting previously unselected package libevent-perl.
Preparing to unpack .../048-libevent-perl_1.27-1+b1_amd64.deb ...
Unpacking libevent-perl (1.27-1+b1) ...
Selecting previously unselected package libexpat1:amd64.
Preparing to unpack .../049-libexpat1_2.2.9-1_amd64.deb ...
Unpacking libexpat1:amd64 (2.2.9-1) ...
Selecting previously unselected package libextutils-depends-perl.
Preparing to unpack .../050-libextutils-depends-perl_0.8000-1_all.deb ...
Unpacking libextutils-depends-perl (0.8000-1) ...
Selecting previously unselected package pkg-config.
Preparing to unpack .../051-pkg-config_0.29-6_amd64.deb ...
Unpacking pkg-config (0.29-6) ...
Selecting previously unselected package libextutils-pkgconfig-perl.
Preparing to unpack .../052-libextutils-pkgconfig-perl_1.16-1_all.deb ...
Unpacking libextutils-pkgconfig-perl (1.16-1) ...
Selecting previously unselected package libfilter-perl.
Preparing to unpack .../053-libfilter-perl_1.59-2+b1_amd64.deb ...
Unpacking libfilter-perl (1.59-2+b1) ...
Selecting previously unselected package libpng16-16:amd64.
Preparing to unpack .../054-libpng16-16_1.6.37-2_amd64.deb ...
Unpacking libpng16-16:amd64 (1.6.37-2) ...
Selecting previously unselected package libfreetype6:amd64.
Preparing to unpack .../055-libfreetype6_2.10.1-2_amd64.deb ...
Unpacking libfreetype6:amd64 (2.10.1-2) ...
Selecting previously unselected package libfontconfig1:amd64.
Preparing to unpack .../056-libfontconfig1_2.13.1-2+b1_amd64.deb ...
Unpacking libfontconfig1:amd64 (2.13.1-2+b1) ...
Selecting previously unselected package libfontenc1:amd64.
Preparing to unpack .../057-libfontenc1_1%3a1.1.3-1+b2_amd64.deb ...
Unpacking libfontenc1:amd64 (1:1.1.3-1+b2) ...
Selecting previously unselected package libfuture-perl.
Preparing to unpack .../058-libfuture-perl_0.43-1_all.deb ...
Unpacking libfuture-perl (0.43-1) ...
Selecting previously unselected package libglapi-mesa:amd64.
Preparing to unpack .../059-libglapi-mesa_19.3.3-1_amd64.deb ...
Unpacking libglapi-mesa:amd64 (19.3.3-1) ...
Selecting previously unselected package libllvm9:amd64.
Preparing to unpack .../060-libllvm9_1%3a9.0.1-8_amd64.deb ...
Unpacking libllvm9:amd64 (1:9.0.1-8) ...
Selecting previously unselected package libsensors-config.
Preparing to unpack .../061-libsensors-config_1%3a3.6.0-2_all.deb ...
Unpacking libsensors-config (1:3.6.0-2) ...
Selecting previously unselected package libsensors5:amd64.
Preparing to unpack .../062-libsensors5_1%3a3.6.0-2_amd64.deb ...
Unpacking libsensors5:amd64 (1:3.6.0-2) ...
Selecting previously unselected package libvulkan1:amd64.
Preparing to unpack .../063-libvulkan1_1.2.131.2-1_amd64.deb ...
Unpacking libvulkan1:amd64 (1.2.131.2-1) ...
Selecting previously unselected package libgl1-mesa-dri:amd64.
Preparing to unpack .../064-libgl1-mesa-dri_19.3.3-1_amd64.deb ...
Unpacking libgl1-mesa-dri:amd64 (19.3.3-1) ...
Selecting previously unselected package libglib-perl:amd64.
Preparing to unpack .../065-libglib-perl_3%3a1.329.2-1_amd64.deb ...
Unpacking libglib-perl:amd64 (3:1.329.2-1) ...
Selecting previously unselected package libglvnd0:amd64.
Preparing to unpack .../066-libglvnd0_1.3.1-1_amd64.deb ...
Unpacking libglvnd0:amd64 (1.3.1-1) ...
Selecting previously unselected package libxau6:amd64.
Preparing to unpack .../067-libxau6_1%3a1.0.8-1+b2_amd64.deb ...
Unpacking libxau6:amd64 (1:1.0.8-1+b2) ...
Selecting previously unselected package libxdmcp6:amd64.
Preparing to unpack .../068-libxdmcp6_1%3a1.1.2-3_amd64.deb ...
Unpacking libxdmcp6:amd64 (1:1.1.2-3) ...
Selecting previously unselected package libxcb1:amd64.
Preparing to unpack .../069-libxcb1_1.13.1-5_amd64.deb ...
Unpacking libxcb1:amd64 (1.13.1-5) ...
Selecting previously unselected package libx11-data.
Preparing to unpack .../070-libx11-data_2%3a1.6.8-1_all.deb ...
Unpacking libx11-data (2:1.6.8-1) ...
Selecting previously unselected package libx11-6:amd64.
Preparing to unpack .../071-libx11-6_2%3a1.6.8-1_amd64.deb ...
Unpacking libx11-6:amd64 (2:1.6.8-1) ...
Selecting previously unselected package libx11-xcb1:amd64.
Preparing to unpack .../072-libx11-xcb1_2%3a1.6.8-1_amd64.deb ...
Unpacking libx11-xcb1:amd64 (2:1.6.8-1) ...
Selecting previously unselected package libxcb-dri2-0:amd64.
Preparing to unpack .../073-libxcb-dri2-0_1.13.1-5_amd64.deb ...
Unpacking libxcb-dri2-0:amd64 (1.13.1-5) ...
Selecting previously unselected package libxcb-dri3-0:amd64.
Preparing to unpack .../074-libxcb-dri3-0_1.13.1-5_amd64.deb ...
Unpacking libxcb-dri3-0:amd64 (1.13.1-5) ...
Selecting previously unselected package libxcb-glx0:amd64.
Preparing to unpack .../075-libxcb-glx0_1.13.1-5_amd64.deb ...
Unpacking libxcb-glx0:amd64 (1.13.1-5) ...
Selecting previously unselected package libxcb-present0:amd64.
Preparing to unpack .../076-libxcb-present0_1.13.1-5_amd64.deb ...
Unpacking libxcb-present0:amd64 (1.13.1-5) ...
Selecting previously unselected package libxcb-sync1:amd64.
Preparing to unpack .../077-libxcb-sync1_1.13.1-5_amd64.deb ...
Unpacking libxcb-sync1:amd64 (1.13.1-5) ...
Selecting previously unselected package libxfixes3:amd64.
Preparing to unpack .../078-libxfixes3_1%3a5.0.3-1_amd64.deb ...
Unpacking libxfixes3:amd64 (1:5.0.3-1) ...
Selecting previously unselected package libxdamage1:amd64.
Preparing to unpack .../079-libxdamage1_1%3a1.1.5-1_amd64.deb ...
Unpacking libxdamage1:amd64 (1:1.1.5-1) ...
Selecting previously unselected package libxext6:amd64.
Preparing to unpack .../080-libxext6_2%3a1.3.3-1+b2_amd64.deb ...
Unpacking libxext6:amd64 (2:1.3.3-1+b2) ...
Selecting previously unselected package libxshmfence1:amd64.
Preparing to unpack .../081-libxshmfence1_1.3-1_amd64.deb ...
Unpacking libxshmfence1:amd64 (1.3-1) ...
Selecting previously unselected package libxxf86vm1:amd64.
Preparing to unpack .../082-libxxf86vm1_1%3a1.1.4-1+b2_amd64.deb ...
Unpacking libxxf86vm1:amd64 (1:1.1.4-1+b2) ...
Selecting previously unselected package libglx-mesa0:amd64.
Preparing to unpack .../083-libglx-mesa0_19.3.3-1_amd64.deb ...
Unpacking libglx-mesa0:amd64 (19.3.3-1) ...
Selecting previously unselected package x11-common.
Preparing to unpack .../084-x11-common_1%3a7.7+20_all.deb ...
Unpacking x11-common (1:7.7+20) ...
Selecting previously unselected package libice6:amd64.
Preparing to unpack .../085-libice6_2%3a1.0.9-2_amd64.deb ...
Unpacking libice6:amd64 (2:1.0.9-2) ...
Selecting previously unselected package libstruct-dumb-perl.
Preparing to unpack .../086-libstruct-dumb-perl_0.09-1_all.deb ...
Unpacking libstruct-dumb-perl (0.09-1) ...
Selecting previously unselected package libio-async-perl.
Preparing to unpack .../087-libio-async-perl_0.75-1_all.deb ...
Unpacking libio-async-perl (0.75-1) ...
Selecting previously unselected package libio-pipely-perl.
Preparing to unpack .../088-libio-pipely-perl_0.005-1_all.deb ...
Unpacking libio-pipely-perl (0.005-1) ...
Selecting previously unselected package libjpeg62-turbo:amd64.
Preparing to unpack .../089-libjpeg62-turbo_1%3a1.5.2-2+b1_amd64.deb ...
Unpacking libjpeg62-turbo:amd64 (1:1.5.2-2+b1) ...
Selecting previously unselected package libssl1.1:amd64.
Preparing to unpack .../090-libssl1.1_1.1.1d-2_amd64.deb ...
Unpacking libssl1.1:amd64 (1.1.1d-2) ...
Selecting previously unselected package perl-openssl-defaults:amd64.
Preparing to unpack .../091-perl-openssl-defaults_4_amd64.deb ...
Unpacking perl-openssl-defaults:amd64 (4) ...
Selecting previously unselected package libnet-ssleay-perl.
Preparing to unpack .../092-libnet-ssleay-perl_1.88-2_amd64.deb ...
Unpacking libnet-ssleay-perl (1.88-2) ...
Selecting previously unselected package libpixman-1-0:amd64.
Preparing to unpack .../093-libpixman-1-0_0.36.0-1_amd64.deb ...
Unpacking libpixman-1-0:amd64 (0.36.0-1) ...
Selecting previously unselected package libpoe-perl.
Preparing to unpack .../094-libpoe-perl_2%3a1.3680-1_all.deb ...
Unpacking libpoe-perl (2:1.3680-1) ...
Selecting previously unselected package libsm6:amd64.
Preparing to unpack .../095-libsm6_2%3a1.2.3-1_amd64.deb ...
Unpacking libsm6:amd64 (2:1.2.3-1) ...
Selecting previously unselected package libunwind8:amd64.
Preparing to unpack .../096-libunwind8_1.2.1-9_amd64.deb ...
Unpacking libunwind8:amd64 (1.2.1-9) ...
Selecting previously unselected package libxt6:amd64.
Preparing to unpack .../097-libxt6_1%3a1.1.5-1+b3_amd64.deb ...
Unpacking libxt6:amd64 (1:1.1.5-1+b3) ...
Selecting previously unselected package libxmu6:amd64.
Preparing to unpack .../098-libxmu6_2%3a1.1.2-2+b3_amd64.deb ...
Unpacking libxmu6:amd64 (2:1.1.2-2+b3) ...
Selecting previously unselected package libxpm4:amd64.
Preparing to unpack .../099-libxpm4_1%3a3.5.12-1_amd64.deb ...
Unpacking libxpm4:amd64 (1:3.5.12-1) ...
Selecting previously unselected package libxaw7:amd64.
Preparing to unpack .../100-libxaw7_2%3a1.0.13-1+b2_amd64.deb ...
Unpacking libxaw7:amd64 (2:1.0.13-1+b2) ...
Selecting previously unselected package libxfont2:amd64.
Preparing to unpack .../101-libxfont2_1%3a2.0.3-1_amd64.deb ...
Unpacking libxfont2:amd64 (1:2.0.3-1) ...
Selecting previously unselected package libxrender1:amd64.
Preparing to unpack .../102-libxrender1_1%3a0.9.10-1_amd64.deb ...
Unpacking libxrender1:amd64 (1:0.9.10-1) ...
Selecting previously unselected package libxft2:amd64.
Preparing to unpack .../103-libxft2_2.3.2-2_amd64.deb ...
Unpacking libxft2:amd64 (2.3.2-2) ...
Selecting previously unselected package libxkbfile1:amd64.
Preparing to unpack .../104-libxkbfile1_1%3a1.0.9-2+b12_amd64.deb ...
Unpacking libxkbfile1:amd64 (1:1.0.9-2+b12) ...
Selecting previously unselected package libxmuu1:amd64.
Preparing to unpack .../105-libxmuu1_2%3a1.1.2-2+b3_amd64.deb ...
Unpacking libxmuu1:amd64 (2:1.1.2-2+b3) ...
Selecting previously unselected package perl-tk.
Preparing to unpack .../106-perl-tk_1%3a804.033-2+b4_amd64.deb ...
Unpacking perl-tk (1:804.033-2+b4) ...
Selecting previously unselected package shared-mime-info.
Preparing to unpack .../107-shared-mime-info_1.10-1_amd64.deb ...
Unpacking shared-mime-info (1.10-1) ...
Selecting previously unselected package x11-xkb-utils.
Preparing to unpack .../108-x11-xkb-utils_7.7+4_amd64.deb ...
Unpacking x11-xkb-utils (7.7+4) ...
Selecting previously unselected package xauth.
Preparing to unpack .../109-xauth_1%3a1.0.10-1_amd64.deb ...
Unpacking xauth (1:1.0.10-1) ...
Selecting previously unselected package xkb-data.
Preparing to unpack .../110-xkb-data_2.26-2_all.deb ...
Unpacking xkb-data (2.26-2) ...
Selecting previously unselected package xserver-common.
Preparing to unpack .../111-xserver-common_2%3a1.20.7-3_all.deb ...
Unpacking xserver-common (2:1.20.7-3) ...
Selecting previously unselected package libglx0:amd64.
Preparing to unpack .../112-libglx0_1.3.1-1_amd64.deb ...
Unpacking libglx0:amd64 (1.3.1-1) ...
Selecting previously unselected package libgl1:amd64.
Preparing to unpack .../113-libgl1_1.3.1-1_amd64.deb ...
Unpacking libgl1:amd64 (1.3.1-1) ...
Selecting previously unselected package xvfb.
Preparing to unpack .../114-xvfb_2%3a1.20.7-3_amd64.deb ...
Unpacking xvfb (2:1.20.7-3) ...
Selecting previously unselected package sbuild-build-depends-main-dummy.
Preparing to unpack .../115-sbuild-build-depends-main-dummy_0.invalid.0_amd64.deb ...
Unpacking sbuild-build-depends-main-dummy (0.invalid.0) ...
Setting up libexpat1:amd64 (2.2.9-1) ...
Setting up libpipeline1:amd64 (1.5.2-2) ...
Setting up libpixman-1-0:amd64 (0.36.0-1) ...
Setting up libx11-xcb1:amd64 (2:1.6.8-1) ...
Setting up libpciaccess0:amd64 (0.14-1) ...
Setting up libxau6:amd64 (1:1.0.8-1+b2) ...
Setting up libxdmcp6:amd64 (1:1.1.2-3) ...
Setting up libxcb1:amd64 (1.13.1-5) ...
Setting up libstruct-dumb-perl (0.09-1) ...
Setting up libevent-perl (1.27-1+b1) ...
Setting up libmagic-mgc (1:5.38-4) ...
Setting up libarchive-zip-perl (1.67-1) ...
Setting up libglib2.0-0:amd64 (2.62.4-2) ...
No schema files found: doing nothing.
Setting up libglvnd0:amd64 (1.3.1-1) ...
Setting up libssl1.1:amd64 (1.1.1d-2) ...
Setting up libxcb-glx0:amd64 (1.13.1-5) ...
Setting up libdebhelper-perl (12.9) ...
Setting up libfuture-perl (0.43-1) ...
Setting up x11-common (1:7.7+20) ...
update-rc.d: warning: start and stop actions are no longer supported; falling back to defaults
invoke-rc.d: could not determine current runlevel
All runlevel operations denied by policy
invoke-rc.d: policy-rc.d denied execution of start.
Setting up libsensors-config (1:3.6.0-2) ...
Setting up libmagic1:amd64 (1:5.38-4) ...
Setting up perl-openssl-defaults:amd64 (4) ...
Setting up libcommon-sense-perl (3.74-2+b8) ...
Setting up gettext-base (0.19.8.1-10) ...
Setting up xkb-data (2.26-2) ...
Setting up file (1:5.38-4) ...
Setting up libunwind8:amd64 (1.2.1-9) ...
Setting up libcanary-stability-perl (2006-2) ...
Setting up libicu63:amd64 (63.2-2) ...
Setting up libextutils-depends-perl (0.8000-1) ...
Setting up libio-async-perl (0.75-1) ...
Setting up libxcb-present0:amd64 (1.13.1-5) ...
Setting up libfontenc1:amd64 (1:1.1.3-1+b2) ...
Setting up autotools-dev (20180224.1) ...
Setting up libjpeg62-turbo:amd64 (1:1.5.2-2+b1) ...
Setting up libx11-data (2:1.6.8-1) ...
Setting up libxcb-sync1:amd64 (1.13.1-5) ...
Setting up libsigsegv2:amd64 (2.12-2) ...
Setting up bsdmainutils (11.1.2+b1) ...
update-alternatives: using /usr/bin/bsd-write to provide /usr/bin/write (write) in auto mode
update-alternatives: using /usr/bin/bsd-from to provide /usr/bin/from (from) in auto mode
Setting up libpng16-16:amd64 (1.6.37-2) ...
Setting up autopoint (0.19.8.1-10) ...
Setting up pkg-config (0.29-6) ...
Setting up fonts-dejavu-core (2.37-1) ...
Setting up libsensors5:amd64 (1:3.6.0-2) ...
Setting up libglapi-mesa:amd64 (19.3.3-1) ...
Setting up libvulkan1:amd64 (1.2.131.2-1) ...
Setting up libxcb-dri2-0:amd64 (1.13.1-5) ...
Setting up sensible-utils (0.0.12+nmu1) ...
Setting up libxshmfence1:amd64 (1.3-1) ...
Setting up libuchardet0:amd64 (0.0.6-3) ...
Setting up libsub-override-perl (0.09-2) ...
Setting up libx11-6:amd64 (2:1.6.8-1) ...
Setting up netbase (6.1) ...
Setting up libio-pipely-perl (0.005-1) ...
Setting up libxkbfile1:amd64 (1:1.0.9-2+b12) ...
Setting up libfilter-perl (1.59-2+b1) ...
Setting up libev-perl (4.32-1) ...
Setting up libdrm-common (2.4.100-4) ...
Setting up libelf1:amd64 (0.176-1.1) ...
Setting up libxml2:amd64 (2.9.10+dfsg-3) ...
Setting up libllvm9:amd64 (1:9.0.1-8) ...
Setting up libxmuu1:amd64 (2:1.1.2-2+b3) ...
Setting up libasync-interrupt-perl (1.25-1+b1) ...
Setting up libnet-ssleay-perl (1.88-2) ...
Setting up libfile-stripnondeterminism-perl (1.6.3-2) ...
Setting up libxcb-dri3-0:amd64 (1.13.1-5) ...
Setting up libice6:amd64 (2:1.0.9-2) ...
Setting up libpoe-perl (2:1.3680-1) ...
Setting up libxpm4:amd64 (1:3.5.12-1) ...
Setting up libxrender1:amd64 (1:0.9.10-1) ...
Setting up libtool (2.4.6-13) ...
Setting up libextutils-pkgconfig-perl (1.16-1) ...
Setting up libxext6:amd64 (2:1.3.3-1+b2) ...
Setting up m4 (1.4.18-4) ...
Setting up libxxf86vm1:amd64 (1:1.1.4-1+b2) ...
Setting up libfreetype6:amd64 (2.10.1-2) ...
Setting up libxfixes3:amd64 (1:5.0.3-1) ...
Setting up shared-mime-info (1.10-1) ...
Setting up libcroco3:amd64 (0.6.13-1) ...
Setting up ucf (3.0038+nmu1) ...
Setting up autoconf (2.69-11.1) ...
Setting up dh-strip-nondeterminism (1.6.3-2) ...
Setting up libdrm2:amd64 (2.4.100-4) ...
Setting up dwz (0.13-5) ...
Setting up xauth (1:1.0.10-1) ...
Setting up groff-base (1.22.4-4) ...
Setting up libsm6:amd64 (2:1.2.3-1) ...
Setting up libxfont2:amd64 (1:2.0.3-1) ...
Setting up libdrm-amdgpu1:amd64 (2.4.100-4) ...
Setting up automake (1:1.16.1-4) ...
update-alternatives: using /usr/bin/automake-1.16 to provide /usr/bin/automake (automake) in auto mode
Setting up libglib-perl:amd64 (3:1.329.2-1) ...
Setting up libdrm-nouveau2:amd64 (2.4.100-4) ...
Setting up gettext (0.19.8.1-10) ...
Setting up libxdamage1:amd64 (1:1.1.5-1) ...
Setting up libdrm-radeon1:amd64 (2.4.100-4) ...
Setting up fontconfig-config (2.13.1-2) ...
Setting up libdrm-intel1:amd64 (2.4.100-4) ...
Setting up libgl1-mesa-dri:amd64 (19.3.3-1) ...
Setting up man-db (2.9.0-2) ...
Not building database; man-db/auto-update is not 'true'.
Setting up intltool-debian (0.35.0+20060710.5) ...
Setting up libxt6:amd64 (1:1.1.5-1+b3) ...
Setting up libfontconfig1:amd64 (2.13.1-2+b1) ...
Setting up libxft2:amd64 (2.3.2-2) ...
Setting up libxmu6:amd64 (2:1.1.2-2+b3) ...
Setting up libglx-mesa0:amd64 (19.3.3-1) ...
Setting up libglx0:amd64 (1.3.1-1) ...
Setting up perl-tk (1:804.033-2+b4) ...
Setting up po-debconf (1.0.21) ...
Setting up libxaw7:amd64 (2:1.0.13-1+b2) ...
Setting up libgl1:amd64 (1.3.1-1) ...
Setting up x11-xkb-utils (7.7+4) ...
Setting up xserver-common (2:1.20.7-3) ...
Setting up xvfb (2:1.20.7-3) ...
Setting up dh-autoreconf (19) ...
Setting up debhelper (12.9) ...
Setting up sbuild-build-depends-main-dummy (0.invalid.0) ...
Processing triggers for libc-bin (2.29-10) ...

+------------------------------------------------------------------------------+
| Check architectures                                                          |
+------------------------------------------------------------------------------+

Arch check ok (amd64 included in any)

+------------------------------------------------------------------------------+
| Build environment                                                            |
+------------------------------------------------------------------------------+

Kernel: Linux 4.19.0-6-cloud-amd64 #1 SMP Debian 4.19.67-2+deb10u2 (2019-11-11) amd64 (x86_64)
Toolchain package versions: binutils_2.34-3 dpkg-dev_1.19.7 g++-9_9.2.1-29 gcc-9_9.2.1-29 libc6-dev_2.29-10 libstdc++-9-dev_9.2.1-29 libstdc++6_10-20200222-1 linux-libc-dev_5.4.19-1
Package versions: adduser_3.118 apt_1.8.4 autoconf_2.69-11.1 automake_1:1.16.1-4 autopoint_0.19.8.1-10 autotools-dev_20180224.1 base-files_11 base-passwd_3.5.47 bash_5.0-5 binutils_2.34-3 binutils-common_2.34-3 binutils-x86-64-linux-gnu_2.34-3 bsdmainutils_11.1.2+b1 bsdutils_1:2.34-0.1 build-essential_12.8 bzip2_1.0.8-2 clang-10_1:10.0.0~+rc2-1 coreutils_8.30-3+b1 cpp_4:9.2.1-3.1 cpp-9_9.2.1-29 dash_0.5.10.2-6 debconf_1.5.73 debhelper_12.9 debian-archive-keyring_2019.1 debianutils_4.9.1 dh-autoreconf_19 dh-strip-nondeterminism_1.6.3-2 diffutils_1:3.7-3 dpkg_1.19.7 dpkg-dev_1.19.7 dwz_0.13-5 e2fsprogs_1.45.5-2 fakeroot_1.24-1 fdisk_2.34-0.1 file_1:5.38-4 findutils_4.7.0-1 fontconfig-config_2.13.1-2 fonts-dejavu-core_2.37-1 g++_4:9.2.1-3.1 g++-9_9.2.1-29 gcc_4:9.2.1-3.1 gcc-10-base_10-20200222-1 gcc-9_9.2.1-29 gcc-9-base_9.2.1-29 gettext_0.19.8.1-10 gettext-base_0.19.8.1-10 gpgv_2.2.19-1 grep_3.4-1 groff-base_1.22.4-4 gzip_1.9-3+b1 hostname_3.23 init-system-helpers_1.57 intltool-debian_0.35.0+20060710.5 lib32gcc-s1_10-20200222-1 lib32gcc1_1:10-20200222-1 lib32stdc++6_10-20200222-1 libacl1_2.2.53-5 libapt-pkg5.0_1.8.4 libarchive-zip-perl_1.67-1 libasan5_9.2.1-29 libasync-interrupt-perl_1.25-1+b1 libatomic1_10-20200222-1 libattr1_1:2.4.48-5 libaudit-common_1:2.8.5-2 libaudit1_1:2.8.5-2+b1 libbinutils_2.34-3 libblkid1_2.34-0.1 libbsd0_0.10.0-1 libbz2-1.0_1.0.8-2 libc-bin_2.29-10 libc-dev-bin_2.29-10 libc6_2.29-10 libc6-dev_2.29-10 libc6-i386_2.29-10 libcanary-stability-perl_2006-2 libcap-ng0_0.7.9-2.1+b1 libcc1-0_10-20200222-1 libclang-common-10-dev_1:10.0.0~+rc2-1 libclang-cpp10_1:10.0.0~+rc2-1 libclang1-10_1:10.0.0~+rc2-1 libcom-err2_1.45.5-2 libcommon-sense-perl_3.74-2+b8 libcroco3_0.6.13-1 libcrypt-dev_1:4.4.10-10 libcrypt1_1:4.4.10-10 libctf-nobfd0_2.34-3 libctf0_2.34-3 libdb5.3_5.3.28+dfsg1-0.6 libdebconfclient0_0.251 libdebhelper-perl_12.9 libdpkg-perl_1.19.7 libdrm-amdgpu1_2.4.100-4 libdrm-common_2.4.100-4 libdrm-intel1_2.4.100-4 libdrm-nouveau2_2.4.100-4 libdrm-radeon1_2.4.100-4 libdrm2_2.4.100-4 libedit2_3.1-20191231-1 libelf1_0.176-1.1 libev-perl_4.32-1 libevent-perl_1.27-1+b1 libexpat1_2.2.9-1 libext2fs2_1.45.5-2 libextutils-depends-perl_0.8000-1 libextutils-pkgconfig-perl_1.16-1 libfakeroot_1.24-1 libfdisk1_2.34-0.1 libffi7_3.3-3 libfile-stripnondeterminism-perl_1.6.3-2 libfilter-perl_1.59-2+b1 libfontconfig1_2.13.1-2+b1 libfontenc1_1:1.1.3-1+b2 libfreetype6_2.10.1-2 libfuture-perl_0.43-1 libgc1c2_1:7.6.4-0.4 libgcc-9-dev_9.2.1-29 libgcc-s1_10-20200222-1 libgcc1_1:10-20200222-1 libgcrypt20_1.8.5-5 libgdbm-compat4_1.18.1-5 libgdbm6_1.18.1-5 libgl1_1.3.1-1 libgl1-mesa-dri_19.3.3-1 libglapi-mesa_19.3.3-1 libglib-perl_3:1.329.2-1 libglib2.0-0_2.62.4-2 libglvnd0_1.3.1-1 libglx-mesa0_19.3.3-1 libglx0_1.3.1-1 libgmp10_2:6.2.0+dfsg-4 libgnutls30_3.6.12-2 libgomp1_10-20200222-1 libgpg-error0_1.37-1 libhogweed5_3.5.1+really3.5.1-2 libice6_2:1.0.9-2 libicu63_63.2-2 libidn2-0_2.2.0-2 libio-async-perl_0.75-1 libio-pipely-perl_0.005-1 libisl22_0.22.1-1 libitm1_10-20200222-1 libjpeg62-turbo_1:1.5.2-2+b1 libllvm10_1:10.0.0~+rc2-1 libllvm9_1:9.0.1-8 liblsan0_10-20200222-1 liblz4-1_1.9.2-2 liblzma5_5.2.4-1+b1 libmagic-mgc_1:5.38-4 libmagic1_1:5.38-4 libmount1_2.34-0.1 libmpc3_1.1.0-1 libmpfr6_4.0.2-1 libncursesw6_6.1+20191019-1 libnet-ssleay-perl_1.88-2 libnettle7_3.5.1+really3.5.1-2 libobjc-9-dev_9.2.1-29 libobjc4_10-20200222-1 libomp-10-dev_1:10.0.0~+rc2-1 libomp5-10_1:10.0.0~+rc2-1 libp11-kit0_0.23.20-1 libpam-modules_1.3.1-5 libpam-modules-bin_1.3.1-5 libpam-runtime_1.3.1-5 libpam0g_1.3.1-5 libpciaccess0_0.14-1 libpcre2-8-0_10.34-7 libpcre3_2:8.39-12+b1 libperl5.30_5.30.0-9 libpipeline1_1.5.2-2 libpixman-1-0_0.36.0-1 libpng16-16_1.6.37-2 libpoe-perl_2:1.3680-1 libquadmath0_10-20200222-1 libseccomp2_2.4.2-2 libselinux1_3.0-1+b1 libsemanage-common_3.0-1 libsemanage1_3.0-1+b1 libsensors-config_1:3.6.0-2 libsensors5_1:3.6.0-2 libsepol1_3.0-1 libsigsegv2_2.12-2 libsm6_2:1.2.3-1 libsmartcols1_2.34-0.1 libss2_1.45.5-2 libssl1.1_1.1.1d-2 libstdc++-9-dev_9.2.1-29 libstdc++6_10-20200222-1 libstruct-dumb-perl_0.09-1 libsub-override-perl_0.09-2 libsystemd0_244.3-1 libtasn1-6_4.16.0-2 libtinfo6_6.1+20191019-1 libtool_2.4.6-13 libtsan0_10-20200222-1 libubsan1_10-20200222-1 libuchardet0_0.0.6-3 libudev1_244.3-1 libunistring2_0.9.10-2 libunwind8_1.2.1-9 libuuid1_2.34-0.1 libvulkan1_1.2.131.2-1 libx11-6_2:1.6.8-1 libx11-data_2:1.6.8-1 libx11-xcb1_2:1.6.8-1 libxau6_1:1.0.8-1+b2 libxaw7_2:1.0.13-1+b2 libxcb-dri2-0_1.13.1-5 libxcb-dri3-0_1.13.1-5 libxcb-glx0_1.13.1-5 libxcb-present0_1.13.1-5 libxcb-sync1_1.13.1-5 libxcb1_1.13.1-5 libxdamage1_1:1.1.5-1 libxdmcp6_1:1.1.2-3 libxext6_2:1.3.3-1+b2 libxfixes3_1:5.0.3-1 libxfont2_1:2.0.3-1 libxft2_2.3.2-2 libxkbfile1_1:1.0.9-2+b12 libxml2_2.9.10+dfsg-3 libxmu6_2:1.1.2-2+b3 libxmuu1_2:1.1.2-2+b3 libxpm4_1:3.5.12-1 libxrender1_1:0.9.10-1 libxshmfence1_1.3-1 libxt6_1:1.1.5-1+b3 libxxf86vm1_1:1.1.4-1+b2 libz3-4_4.8.7-4 libzstd1_1.4.4+dfsg-3 linux-libc-dev_5.4.19-1 login_1:4.8.1-1 logsave_1.45.5-2 lsb-base_11.1.0 m4_1.4.18-4 make_4.2.1-1.2 man-db_2.9.0-2 mawk_1.3.4.20200120-2 mount_2.34-0.1 ncurses-base_6.1+20191019-1 ncurses-bin_6.1+20191019-1 netbase_6.1 passwd_1:4.8.1-1 patch_2.7.6-6 perl_5.30.0-9 perl-base_5.30.0-9 perl-modules-5.30_5.30.0-9 perl-openssl-defaults_4 perl-tk_1:804.033-2+b4 pkg-config_0.29-6 po-debconf_1.0.21 sbuild-build-depends-main-dummy_0.invalid.0 sed_4.7-1 sensible-utils_0.0.12+nmu1 shared-mime-info_1.10-1 sysvinit-utils_2.96-2.1 tar_1.30+dfsg-6+b1 tzdata_2019c-3 ucf_3.0038+nmu1 util-linux_2.34-0.1 x11-common_1:7.7+20 x11-xkb-utils_7.7+4 xauth_1:1.0.10-1 xkb-data_2.26-2 xserver-common_2:1.20.7-3 xvfb_2:1.20.7-3 xz-utils_5.2.4-1+b1 zlib1g_1:1.2.11.dfsg-1.2

+------------------------------------------------------------------------------+
| Build                                                                        |
+------------------------------------------------------------------------------+


Unpack source
-------------

-----BEGIN PGP SIGNED MESSAGE-----
Hash: SHA512

Format: 3.0 (quilt)
Source: libanyevent-perl
Binary: libanyevent-perl
Architecture: any
Version: 7.170-1
Maintainer: Debian Perl Group <pkg-perl-maintainers@lists.alioth.debian.org>
Uploaders: Ansgar Burchardt <ansgar@debian.org>, gregor herrmann <gregoa@debian.org>, Xavier Guimard <yadd@debian.org>
Homepage: https://metacpan.org/release/AnyEvent
Standards-Version: 4.4.1
Vcs-Browser: https://salsa.debian.org/perl-team/modules/packages/libanyevent-perl
Vcs-Git: https://salsa.debian.org/perl-team/modules/packages/libanyevent-perl.git
Testsuite: autopkgtest-pkg-perl
Build-Depends: debhelper-compat (= 12), libasync-interrupt-perl <!nocheck>, libcanary-stability-perl, libev-perl <!nocheck>, libevent-perl <!nocheck>, libglib-perl <!nocheck>, libio-async-perl <!nocheck>, libnet-ssleay-perl <!nocheck>, libpoe-perl <!nocheck>, netbase <!nocheck>, perl, perl-tk <!nocheck>, shared-mime-info <!nocheck>, xauth <!nocheck>, xvfb <!nocheck>
Package-List:
 libanyevent-perl deb perl optional arch=any
Checksums-Sha1:
 6aa1247d79a5617ca52786ea15c59fb915d299b8 304845 libanyevent-perl_7.170.orig.tar.gz
 23de9f36f6a652d98edfe2ce9fc19218f0c13721 12544 libanyevent-perl_7.170-1.debian.tar.xz
Checksums-Sha256:
 50beea689c098fe4aaeb83806c40b9fe7f946d5769acf99f849f099091a4b985 304845 libanyevent-perl_7.170.orig.tar.gz
 a1880e3bb6a64cb4e9b3f66bbd2d69541c1b95fbcbeb4e70765ca34d69606fb0 12544 libanyevent-perl_7.170-1.debian.tar.xz
Files:
 7ac0d8f410061ec2a62c6ca9341f5fed 304845 libanyevent-perl_7.170.orig.tar.gz
 f167adc42543c2ceca19b7fa7d3129c6 12544 libanyevent-perl_7.170-1.debian.tar.xz

-----BEGIN PGP SIGNATURE-----

iQIzBAEBCgAdFiEEAN/li4tVV3nRAF7J9tdMp8mZ7ukFAl22l9gACgkQ9tdMp8mZ
7ulWHQ//WqBWvS0TThwFPBtPWBOjSObFl1OVEFLcQx9OlwnMK+DJOZ1p+/6MI+HE
jxgZn4s0IIKsDSyJ70WMmQrYOFrCleH6Py5u2aQqpoXZAYHSxBjpiyyd35Xi/hV6
lIxzLk28v+UdAhGGLzyvuKjfqpHtCX2G1PdbjPip+Chaid9D6XEtt2VeOJ4DczhD
SRzfMOC/UhrhAPIrsTQ/4ySu5onqTs1vaUlEDuVfwAL7Pyhj049A0pAcMULqE6ZE
9xxoMUinvzOAU9R7aWIK7FnIrbNd0vxN4341NK2w7G5T51BqmhpLV2kPW4L81712
b1KT8k9ryJ7feAATFebd73WuXd12squBDwuIPuoeJxBqPWz8SRR7oqcGEmukKn+N
NBwnCeekAH+2DoOJGioq7+GXkc21unSf5TTZheC3OTD3ZEfPcAqrppQ3fiY/Ltpq
qZYrCHjnbcEplSkB3/sEVEDpfVz4ys4MIY1/UZjtTGLogpHPIcJa/NwwLJX1k4hf
3jO8qlsmtWDMEibtDAIHhAl7HikUrGADTj2Mx5V993HaUMns/Votnwqdi8dgdZza
YHbGjif5I1VGYiXYKQL+WdR4hc/fPyMoAfbk73ggtTXkvzaY6XoFe/SvSGkL0J0t
DXh/zM7kHs3suLiQ/7Xe1C8De6RZdsZbtv5+yawmXI+Qk7d9eHU=
=KbwK
-----END PGP SIGNATURE-----

gpgv: unknown type of key resource 'trustedkeys.kbx'
gpgv: keyblock resource '/sbuild-nonexistent/.gnupg/trustedkeys.kbx': General error
gpgv: Signature made Mon Oct 28 07:25:12 2019 UTC
gpgv:                using RSA key 00DFE58B8B555779D1005EC9F6D74CA7C999EEE9
gpgv: Can't check signature: No public key
dpkg-source: warning: failed to verify signature on ./libanyevent-perl_7.170-1.dsc
dpkg-source: info: extracting libanyevent-perl in /<<PKGBUILDDIR>>
dpkg-source: info: unpacking libanyevent-perl_7.170.orig.tar.gz
dpkg-source: info: unpacking libanyevent-perl_7.170-1.debian.tar.xz
dpkg-source: info: using patch list from debian/patches/series
dpkg-source: info: applying fix-spelling.patch
dpkg-source: info: applying replace-abuse-die-with-warn.patch

Check disk space
----------------

Sufficient free space for build

User Environment
----------------

APT_CONFIG=/var/lib/sbuild/apt.conf
HOME=/sbuild-nonexistent
LANG=C.UTF-8
LC_ALL=C.UTF-8
LOGNAME=user42
PATH=/usr/local/sbin:/usr/local/bin:/usr/sbin:/usr/bin:/sbin:/bin:/usr/games
SCHROOT_ALIAS_NAME=unstable
SCHROOT_CHROOT_NAME=sid-amd64-sbuild
SCHROOT_COMMAND=env
SCHROOT_GID=1001
SCHROOT_GROUP=user42
SCHROOT_SESSION_ID=sid-amd64-sbuild-2dca0baf-80f5-4c9a-98b0-838ea5070d2f
SCHROOT_UID=1001
SCHROOT_USER=user42
SHELL=/bin/sh
USER=user42

dpkg-buildpackage
-----------------

Command: dpkg-buildpackage -us -uc -b -rfakeroot
dpkg-buildpackage: info: source package libanyevent-perl
dpkg-buildpackage: info: source version 7.170-1
dpkg-buildpackage: info: source distribution unstable
dpkg-buildpackage: info: source changed by Xavier Guimard <yadd@debian.org>
 dpkg-source --before-build .
dpkg-buildpackage: info: host architecture amd64
 debian/rules clean
dh clean -a
   dh_autoreconf_clean -O-a
   dh_clean -O-a
 debian/rules binary
dh binary -a
   dh_update_autotools_config -O-a
   dh_autoreconf -O-a
   dh_auto_configure -O-a
	perl Makefile.PL INSTALLDIRS=vendor "OPTIMIZE=-g -O2 -fdebug-prefix-map=/<<PKGBUILDDIR>>=. -fstack-protector-strong -Wformat -Werror=format-security -Wdate-time -D_FORTIFY_SOURCE=2" "LD=x86_64-linux-gnu-gcc -g -O2 -fdebug-prefix-map=/<<PKGBUILDDIR>>=. -fstack-protector-strong -Wformat -Werror=format-security -Wl,-z,relro"

***
*** The stability canary says: (nothing, it was driven away by harsh weather)
***
*** It seems you are running perl version 5.030000, likely the "official" or
*** "standard" version. While there is nothing wrong with doing that,
*** standard perl versions 5.022 and up are not supported by AnyEvent.
*** While this might be fatal, it might also be all right - if you run into
*** problems, you might want to downgrade your perl or switch to the
*** stability branch.
***
*** If everything works fine, you can ignore this message.
***
*** Stability canary mini-FAQ:
***
*** Do I need to do anything?
***    With luck, no. While some distributions are known to fail
***    already, most should probably work. This message is here
***    to alert you that your perl is not supported by AnyEvent,
***    and if things go wrong, you either need to downgrade, or
***    sidegrade to the stability variant of your perl version,
***    or simply live with the consequences.
***
*** What is this canary thing?
***    It's purpose is to check support status of AnyEvent with
***    respect to your perl version.
***
*** What is this "stability branch"?
***    It's a branch or fork of the official perl, by schmorp, to
***    improve stability and compatibility with existing modules.
***
*** How can I skip this prompt on automated installs?
***    Set PERL_CANARY_STABILITY_NOPROMPT=1 in your environment.
***    More info is in the Canary::Stability manpage.
***
*** Long version of this FAQ: http://stableperl.schmorp.de/faq.html
*** Stability Branch homepage: http://stableperl.schmorp.de/
***

Continue anyways?  [y] y

***
*** The EV module is recommended for even better performance, unless you
*** have to use one of the other adaptors (Event, Glib, Tk, etc.).
*** The Async::Interrupt module is highly recommended to efficiently avoid
*** race conditions in/with other event loops.
***
*** This module does not have ANY dependencies, even if it might look
*** otherwise. If you are building a distribution package or have
*** difficulties installing this package due to dependencies, report this
*** to the packager as a bug.
***
*** This module is guaranteed to stay 100% pure-perl, full-featured
*** and performant, even without any of the optional modules.
***

Checking if your kit is complete...
Looks good
Generating a Unix-style Makefile
Writing Makefile for AnyEvent
Writing MYMETA.yml and MYMETA.json
   dh_auto_build -O-a
	make -j4
make[1]: Entering directory '/<<PKGBUILDDIR>>'
cp lib/AnyEvent/Impl/Irssi.pm blib/lib/AnyEvent/Impl/Irssi.pm
cp lib/AnyEvent/Impl/UV.pm blib/lib/AnyEvent/Impl/UV.pm
cp lib/AnyEvent/Impl/Glib.pm blib/lib/AnyEvent/Impl/Glib.pm
cp lib/AnyEvent/Impl/FLTK.pm blib/lib/AnyEvent/Impl/FLTK.pm
cp lib/AnyEvent/Strict.pm blib/lib/AnyEvent/Strict.pm
cp lib/AnyEvent/Impl/EV.pm blib/lib/AnyEvent/Impl/EV.pm
cp lib/AnyEvent/Socket.pm blib/lib/AnyEvent/Socket.pm
cp lib/AnyEvent/Debug.pm blib/lib/AnyEvent/Debug.pm
cp lib/AnyEvent/Util/uts46data.pl blib/lib/AnyEvent/Util/uts46data.pl
cp lib/AnyEvent/Impl/Tk.pm blib/lib/AnyEvent/Impl/Tk.pm
cp lib/AnyEvent/Handle.pm blib/lib/AnyEvent/Handle.pm
cp lib/AnyEvent/Impl/POE.pm blib/lib/AnyEvent/Impl/POE.pm
cp lib/AnyEvent/Intro.pod blib/lib/AnyEvent/Intro.pod
cp lib/AnyEvent.pm blib/lib/AnyEvent.pm
cp lib/AnyEvent/TLS.pm blib/lib/AnyEvent/TLS.pm
cp lib/AnyEvent/Log.pm blib/lib/AnyEvent/Log.pm
cp lib/AnyEvent/IO/IOAIO.pm blib/lib/AnyEvent/IO/IOAIO.pm
cp lib/AnyEvent/IO/Perl.pm blib/lib/AnyEvent/IO/Perl.pm
cp lib/AnyEvent/Impl/Perl.pm blib/lib/AnyEvent/Impl/Perl.pm
cp lib/AnyEvent/DNS.pm blib/lib/AnyEvent/DNS.pm
cp lib/AnyEvent/IO.pm blib/lib/AnyEvent/IO.pm
cp lib/AnyEvent/Loop.pm blib/lib/AnyEvent/Loop.pm
cp lib/AE.pm blib/lib/AE.pm
cp lib/AnyEvent/Impl/Cocoa.pm blib/lib/AnyEvent/Impl/Cocoa.pm
cp lib/AnyEvent/Impl/EventLib.pm blib/lib/AnyEvent/Impl/EventLib.pm
cp lib/AnyEvent/Util/idna.pl blib/lib/AnyEvent/Util/idna.pl
cp lib/AnyEvent/Impl/IOAsync.pm blib/lib/AnyEvent/Impl/IOAsync.pm
cp lib/AnyEvent/FAQ.pod blib/lib/AnyEvent/FAQ.pod
cp lib/AnyEvent/Impl/Qt.pm blib/lib/AnyEvent/Impl/Qt.pm
cp lib/AnyEvent/constants.pl blib/arch/AnyEvent/constants.pl
cp lib/AnyEvent/Util.pm blib/lib/AnyEvent/Util.pm
cp lib/AnyEvent/Impl/Event.pm blib/lib/AnyEvent/Impl/Event.pm
"/usr/bin/perl" "-Iblib/arch" "-Iblib/lib" constants.pl.PL constants.pl
Manifying 29 pod documents
make[1]: Leaving directory '/<<PKGBUILDDIR>>'
   debian/rules override_dh_auto_test
make[1]: Entering directory '/<<PKGBUILDDIR>>'
PERL_ANYEVENT_RESOLV_CONF=/<<PKGBUILDDIR>>/debian/resolv.conf PERL_ANYEVENT_LOOP_TESTS=1 xvfb-run -a dh_auto_test -- TEST_FILES="t/67_tk_04_condvar.t t/70_uv_05_dns.t t/66_ioasync_05_dns.t t/61_fltk_04_condvar.t t/13_weaken.t t/70_uv_04_condvar.t t/61_fltk_01_basic.t t/68_poe_01_basic.t t/70_uv_09_multi.t t/67_tk_03_child.t t/65_event_03_child.t t/62_cocoa_07_io.t t/61_fltk_03_child.t t/07_io.t t/69_ev_07_io.t t/68_poe_05_dns.t t/66_ioasync_04_condvar.t t/62_cocoa_02_signals.t t/62_cocoa_01_basic.t t/02_signals.t t/69_ev_02_signals.t t/01_basic.t t/69_ev_01_basic.t t/70_uv_03_child.t t/08_idna.t t/61_fltk_05_dns.t t/64_glib_01_basic.t t/10_loadall.t t/68_poe_04_condvar.t t/62_cocoa_09_multi.t t/81_hosts.t t/64_glib_05_dns.t t/03_child.t t/09_multi.t t/69_ev_09_multi.t t/62_cocoa_05_dns.t t/64_glib_07_io.t t/11_io_perl.t t/65_event_01_basic.t t/64_glib_02_signals.t t/68_poe_03_child.t t/05_dns.t t/65_event_02_signals.t t/65_event_05_dns.t t/61_fltk_02_signals.t t/65_event_07_io.t t/67_tk_07_io.t t/62_cocoa_04_condvar.t t/61_fltk_07_io.t t/04_condvar.t t/69_ev_04_condvar.t t/68_poe_07_io.t t/64_glib_09_multi.t t/68_poe_09_multi.t t/65_event_09_multi.t t/69_ev_05_dns.t t/62_cocoa_03_child.t t/67_tk_05_dns.t t/68_poe_02_signals.t t/69_ev_03_child.t t/70_uv_07_io.t t/66_ioasync_07_io.t t/67_tk_09_multi.t t/64_glib_04_condvar.t t/80_ssltest.t t/66_ioasync_02_signals.t t/65_event_04_condvar.t t/70_uv_01_basic.t t/66_ioasync_01_basic.t t/12_io_ioaio.t t/06_socket.t t/70_uv_02_signals.t t/00_load.t t/67_tk_02_signals.t t/64_glib_03_child.t t/66_ioasync_09_multi.t t/61_fltk_09_multi.t t/67_tk_01_basic.t"
	make -j4 test TEST_VERBOSE=1 "TEST_FILES=t/67_tk_04_condvar.t t/70_uv_05_dns.t t/66_ioasync_05_dns.t t/61_fltk_04_condvar.t t/13_weaken.t t/70_uv_04_condvar.t t/61_fltk_01_basic.t t/68_poe_01_basic.t t/70_uv_09_multi.t t/67_tk_03_child.t t/65_event_03_child.t t/62_cocoa_07_io.t t/61_fltk_03_child.t t/07_io.t t/69_ev_07_io.t t/68_poe_05_dns.t t/66_ioasync_04_condvar.t t/62_cocoa_02_signals.t t/62_cocoa_01_basic.t t/02_signals.t t/69_ev_02_signals.t t/01_basic.t t/69_ev_01_basic.t t/70_uv_03_child.t t/08_idna.t t/61_fltk_05_dns.t t/64_glib_01_basic.t t/10_loadall.t t/68_poe_04_condvar.t t/62_cocoa_09_multi.t t/81_hosts.t t/64_glib_05_dns.t t/03_child.t t/09_multi.t t/69_ev_09_multi.t t/62_cocoa_05_dns.t t/64_glib_07_io.t t/11_io_perl.t t/65_event_01_basic.t t/64_glib_02_signals.t t/68_poe_03_child.t t/05_dns.t t/65_event_02_signals.t t/65_event_05_dns.t t/61_fltk_02_signals.t t/65_event_07_io.t t/67_tk_07_io.t t/62_cocoa_04_condvar.t t/61_fltk_07_io.t t/04_condvar.t t/69_ev_04_condvar.t t/68_poe_07_io.t t/64_glib_09_multi.t t/68_poe_09_multi.t t/65_event_09_multi.t t/69_ev_05_dns.t t/62_cocoa_03_child.t t/67_tk_05_dns.t t/68_poe_02_signals.t t/69_ev_03_child.t t/70_uv_07_io.t t/66_ioasync_07_io.t t/67_tk_09_multi.t t/64_glib_04_condvar.t t/80_ssltest.t t/66_ioasync_02_signals.t t/65_event_04_condvar.t t/70_uv_01_basic.t t/66_ioasync_01_basic.t t/12_io_ioaio.t t/06_socket.t t/70_uv_02_signals.t t/00_load.t t/67_tk_02_signals.t t/64_glib_03_child.t t/66_ioasync_09_multi.t t/61_fltk_09_multi.t t/67_tk_01_basic.t"
make[2]: Entering directory '/<<PKGBUILDDIR>>'
Skip blib/lib/AnyEvent/Impl/Irssi.pm (unchanged)
Skip blib/lib/AnyEvent/Util.pm (unchanged)
Skip blib/lib/AnyEvent/Handle.pm (unchanged)
Skip blib/lib/AnyEvent/IO.pm (unchanged)
Skip blib/lib/AnyEvent/DNS.pm (unchanged)
Skip blib/lib/AnyEvent/Impl/Event.pm (unchanged)
Skip blib/lib/AnyEvent/TLS.pm (unchanged)
Skip blib/lib/AnyEvent/Impl/Cocoa.pm (unchanged)
Skip blib/lib/AnyEvent/FAQ.pod (unchanged)
Skip blib/lib/AnyEvent.pm (unchanged)
Skip blib/arch/AnyEvent/constants.pl (unchanged)
Skip blib/lib/AnyEvent/Util/idna.pl (unchanged)
Skip blib/lib/AnyEvent/Impl/EV.pm (unchanged)
Skip blib/lib/AnyEvent/Impl/POE.pm (unchanged)
Skip blib/lib/AnyEvent/Impl/EventLib.pm (unchanged)
Skip blib/lib/AnyEvent/Debug.pm (unchanged)
Skip blib/lib/AnyEvent/Impl/IOAsync.pm (unchanged)
Skip blib/lib/AnyEvent/Impl/Perl.pm (unchanged)
Skip blib/lib/AnyEvent/Impl/Qt.pm (unchanged)
Skip blib/lib/AnyEvent/Strict.pm (unchanged)
Skip blib/lib/AnyEvent/Intro.pod (unchanged)
Skip blib/lib/AE.pm (unchanged)
Skip blib/lib/AnyEvent/Socket.pm (unchanged)
Skip blib/lib/AnyEvent/Impl/FLTK.pm (unchanged)
Skip blib/lib/AnyEvent/Loop.pm (unchanged)
Skip blib/lib/AnyEvent/Log.pm (unchanged)
Skip blib/lib/AnyEvent/IO/IOAIO.pm (unchanged)
Skip blib/lib/AnyEvent/IO/Perl.pm (unchanged)
Skip blib/lib/AnyEvent/Impl/Glib.pm (unchanged)
Skip blib/lib/AnyEvent/Impl/Tk.pm (unchanged)
Skip blib/lib/AnyEvent/Impl/UV.pm (unchanged)
Skip blib/lib/AnyEvent/Util/uts46data.pl (unchanged)
"/usr/bin/perl" "-Iblib/arch" "-Iblib/lib" constants.pl.PL constants.pl
PERL_DL_NONLAZY=1 "/usr/bin/perl" "-MExtUtils::Command::MM" "-MTest::Harness" "-e" "undef *Test::Harness::Switches; test_harness(1, 'blib/lib', 'blib/arch')" t/67_tk_04_condvar.t t/70_uv_05_dns.t t/66_ioasync_05_dns.t t/61_fltk_04_condvar.t t/13_weaken.t t/70_uv_04_condvar.t t/61_fltk_01_basic.t t/68_poe_01_basic.t t/70_uv_09_multi.t t/67_tk_03_child.t t/65_event_03_child.t t/62_cocoa_07_io.t t/61_fltk_03_child.t t/07_io.t t/69_ev_07_io.t t/68_poe_05_dns.t t/66_ioasync_04_condvar.t t/62_cocoa_02_signals.t t/62_cocoa_01_basic.t t/02_signals.t t/69_ev_02_signals.t t/01_basic.t t/69_ev_01_basic.t t/70_uv_03_child.t t/08_idna.t t/61_fltk_05_dns.t t/64_glib_01_basic.t t/10_loadall.t t/68_poe_04_condvar.t t/62_cocoa_09_multi.t t/81_hosts.t t/64_glib_05_dns.t t/03_child.t t/09_multi.t t/69_ev_09_multi.t t/62_cocoa_05_dns.t t/64_glib_07_io.t t/11_io_perl.t t/65_event_01_basic.t t/64_glib_02_signals.t t/68_poe_03_child.t t/05_dns.t t/65_event_02_signals.t t/65_event_05_dns.t t/61_fltk_02_signals.t t/65_event_07_io.t t/67_tk_07_io.t t/62_cocoa_04_condvar.t t/61_fltk_07_io.t t/04_condvar.t t/69_ev_04_condvar.t t/68_poe_07_io.t t/64_glib_09_multi.t t/68_poe_09_multi.t t/65_event_09_multi.t t/69_ev_05_dns.t t/62_cocoa_03_child.t t/67_tk_05_dns.t t/68_poe_02_signals.t t/69_ev_03_child.t t/70_uv_07_io.t t/66_ioasync_07_io.t t/67_tk_09_multi.t t/64_glib_04_condvar.t t/80_ssltest.t t/66_ioasync_02_signals.t t/65_event_04_condvar.t t/70_uv_01_basic.t t/66_ioasync_01_basic.t t/12_io_ioaio.t t/06_socket.t t/70_uv_02_signals.t t/00_load.t t/67_tk_02_signals.t t/64_glib_03_child.t t/66_ioasync_09_multi.t t/61_fltk_09_multi.t t/67_tk_01_basic.t
t/00_load.t ................ 
1..13
ok 1
ok 2
ok 3
ok 4
ok 5
ok 6
ok 7
ok 8
ok 9
ok 10
ok 11
ok 12
ok 13
ok
t/01_basic.t ............... 
1..6
ok 1
ok 2
ok 3
ok 4
ok 5
ok 6
ok
t/02_signals.t ............. 
1..5
ok 1
ok 2
ok 3
ok 4
ok 5
ok
t/03_child.t ............... 
1..50
ok 1
ok 2 # child 15181
ok 3 # 15181 == 15181
ok 4 # 3 == 768 >> 8 (768)
ok 5 # 15182 == 15182
ok 6 # 7 == 1792 >> 8 (1792)
ok 7
ok 8
ok 9
ok 10
ok 11
ok 12 # child 15183
ok 13 # 15183 == 15183
ok 14 # 3 == 768 >> 8 (768)
ok 15 # 15184 == 15184
ok 16 # 7 == 1792 >> 8 (1792)
ok 17
ok 18
ok 19
ok 20
ok 21
ok 22 # child 15185
ok 23 # 15185 == 15185
ok 24 # 3 == 768 >> 8 (768)
ok 25 # 15186 == 15186
ok 26 # 7 == 1792 >> 8 (1792)
ok 27
ok 28
ok 29
ok 30
ok 31
ok 32 # child 15187
ok 33 # 15187 == 15187
ok 34 # 3 == 768 >> 8 (768)
ok 35 # 15188 == 15188
ok 36 # 7 == 1792 >> 8 (1792)
ok 37
ok 38
ok 39
ok 40
ok 41
ok 42 # child 15189
ok 43 # 15189 == 15189
ok 44 # 3 == 768 >> 8 (768)
ok 45 # 15190 == 15190
ok 46 # 7 == 1792 >> 8 (1792)
ok 47
ok 48
ok 49
ok 50
ok
t/04_condvar.t ............. 
1..28
ok 1
ok 2
ok 3
ok 4
ok 5 # 7 == 7
ok 6 # 5 == 5
ok 7 # 7 == 7
ok 8
ok 9 # 5 == 5
ok 10
ok 11
ok 12
ok 13
ok 14 # kill at t/04_condvar.t line 43.
ok 15
ok 16
ok 17 # 
ok 18 # kill at t/04_condvar.t line 57.
ok 19
ok 20
ok 21
ok 22
ok 23
ok 24
ok 25
ok 26
ok 27
ok 28
ok
t/05_dns.t ................. 
1..5
ok 1
ok 2
ok 3
ok 4 # www.google.de => 
ok 5
ok
t/06_socket.t .............. 
1..19
ok 1
ok 2 # ',' => ',' eq ','
ok 3 # 'localhost,' => ',' eq ','
ok 4 # 'localhost,443' => 'localhost,443' eq 'localhost,443'
ok 5 # 'localhost:444,443' => 'localhost,444' eq 'localhost,444'
ok 6 # '10.0.0.1,443' => '10.0.0.1,443' eq '10.0.0.1,443'
ok 7 # '10.1:80,443' => '10.1,80' eq '10.1,80'
ok 8 # '::1,443' => '::1,443' eq '::1,443'
ok 9 # '::1:80,443' => '::1:80,443' eq '::1:80,443'
ok 10 # '[::1]:80,443' => '::1,80' eq '::1,80'
ok 11 # '[::1] 80,443' => '::1,80' eq '::1,80'
ok 12 # '[::1] :,443' => ',' eq ','
ok 13 # '[::1]:,443' => ',' eq ','
ok 14 # '::1 smtp,443' => '::1,smtp' eq '::1,smtp'
ok 15 # '[www.linux.org] 80,443' => 'www.linux.org,80' eq 'www.linux.org,80'
ok 16 # '[10.1]:80,443' => '10.1,80' eq '10.1,80'
ok 17 # '10.1 80,443' => '10.1,80' eq '10.1,80'
ok 18 # 'SCALAR(0x55f95d98f3f8),443' => '2002:58c6:438b::10.0.0.17,443' eq '2002:58c6:438b::10.0.0.17,443'
ok 19 # 'SCALAR(0x55f95d98f3f8),443' => '2002:58c6:438b::10.0.0.17,443' eq '2002:58c6:438b::10.0.0.17,443'
ok
t/07_io.t .................. 
1..18
ok 1
ok 2 # GLOB(0x561c83a24470),GLOB(0x561c83a24698)
ok 3
ok 4
ok 5
ok 6
ok 7
ok 8
ok 9
ok 10
ok 11
ok 12
ok 13
ok 14
ok 15
ok 16
ok 17
ok 18
ok
t/08_idna.t ................ 
1..11
ok 1
ok 2
ok 3
ok 4
ok 5
ok 6
ok 7
ok 8
ok 9
ok 10
ok 11
ok
t/09_multi.t ............... 
1..15
ok 1
ok 2 # 3
ok 3 # 0
ok 4 # 3
ok 5 # 0
ok 6 # 0
ok 7 # 3
ok 8 # 0
ok 9 # 0
ok 10 # 3
ok 11 # 15413 == 15413 == 15413
ok 12 # 9 == 9 == 9
ok 13 # 0
ok 14 # 7
ok 15
ok
t/10_loadall.t ............. 
1..24
ok 1 # AnyEvent require 
ok 2 # AnyEvent import  
ok 3 # AnyEvent::Util require 
ok 4 # AnyEvent::Util import  
ok 5 # AnyEvent::DNS require 
ok 6 # AnyEvent::DNS import  
ok 7 # AnyEvent::Socket require 
ok 8 # AnyEvent::Socket import  
ok 9 # AnyEvent::Loop require 
ok 10 # AnyEvent::Loop import  
ok 11 # AnyEvent::Strict require 
ok 12 # AnyEvent::Strict import  
ok 13 # AnyEvent::Debug require 
ok 14 # AnyEvent::Debug import  
ok 15 # AnyEvent::Handle require 
ok 16 # AnyEvent::Handle import  
ok 17 # AnyEvent::Log require 
ok 18 # AnyEvent::Log import  
ok 19 # AnyEvent::Impl::Perl require 
ok 20 # AnyEvent::Impl::Perl import  
ok 21 # AnyEvent::IO::Perl require 
ok 22 # AnyEvent::IO::Perl import  
ok 23 # AnyEvent::IO require 
ok 24 # AnyEvent::IO import  
ok
t/11_io_perl.t ............. 
1..37
ok 1 # MODEL=AnyEvent::IO::Perl
ok 2 # MODEL=AnyEvent::IO::Perl
ok 3 # aio_mkdir (/tmp/ae_io_testdir_15479~ 511) = (1)
ok 4 # aio_mkdir (/tmp/ae_io_testdir_15479~ 511) = ()
ok 5 # aio_open (/tmp/ae_io_testdir_15479~/test 193 438) = (GLOB(0x5561681dde20))
ok 6 # aio_open (/tmp/ae_io_testdir_15479~/test 193 438) = ()
ok 7 # aio_rmdir (/tmp/ae_io_testdir_15479~) = ()
ok 8 # aio_write (GLOB(0x5561681dde20) tes--) = (5)
ok 9 # aio_write (GLOB(0x5561681dde20) test2) = (5)
ok 10 # aio_write (GLOB(0x5561681dde20) ) = (0)
ok 11 # aio_seek (GLOB(0x5561681dde20) 3 0) = (3)
ok 12 # aio_write (GLOB(0x5561681dde20) t1) = (2)
ok 13 # aio_stat (GLOB(0x5561681dde20)) = (66308 531070 33188 1 1001 1001 0 10 1582598470 1582598470 1582598470 4096 8)
ok 14 # stat size
ok 15 # aio_close (GLOB(0x5561681dde20)) = (1)
ok 16 # aio_stat (/tmp/ae_io_testdir_15479~/test) = (66308 531070 33188 1 1001 1001 0 10 1582598470 1582598470 1582598470 4096 8)
ok 17 # stat size (10)
ok 18 # aio_lstat (/tmp/ae_io_testdir_15479~/test) = (66308 531070 33188 1 1001 1001 0 10 1582598470 1582598470 1582598470 4096 8)
ok 19 # lstat size
ok 20 # aio_rename (/tmp/ae_io_testdir_15479~/test /tmp/ae_io_testdir_15479~/test2) = (1)
ok 21 # aio_readdir (/tmp/ae_io_testdir_15479~/nonexistent) = ()
ok 22 # aio_readdir (/tmp/ae_io_testdir_15479~) = (ARRAY(0x5561680b5ec0))
ok 23 # res count
ok 24 # res data (test2)
ok 25 # aio_open (/tmp/ae_io_testdir_15479~/test2 0 0) = (GLOB(0x55616824d3f0))
ok 26 # aio_read (GLOB(0x55616824d3f0) 6) = (test1t)
ok 27 # read 6
ok 28 # aio_read (GLOB(0x55616824d3f0) 7) = (est2)
ok 29 # read 7
ok 30 # aio_read (GLOB(0x55616824d3f0) 8) = ()
ok 31 # read 8
ok 32 # aio_close (GLOB(0x55616824d3f0)) = (1)
ok 33 # aio_load (/tmp/ae_io_testdir_15479~/test2) = (test1test2)
ok 34 # load
ok 35 # aio_unlink (/tmp/ae_io_testdir_15479~/test) = ()
ok 36 # aio_unlink (/tmp/ae_io_testdir_15479~/test2) = (1)
ok 37 # aio_rmdir (/tmp/ae_io_testdir_15479~) = (1)
ok
t/12_io_ioaio.t ............ skipped: AnyEvent::IO::IOAIO not loadable
t/13_weaken.t .............. 
1..7
ok 1
ok 2
ok 3
ok 4
ok 5
ok 6
ok 7
ok
t/61_fltk_01_basic.t ....... skipped: AnyEvent::Impl::FLTK not loadable
t/61_fltk_02_signals.t ..... skipped: AnyEvent::Impl::FLTK not loadable
t/61_fltk_03_child.t ....... skipped: AnyEvent::Impl::FLTK not loadable
t/61_fltk_04_condvar.t ..... skipped: AnyEvent::Impl::FLTK not loadable
t/61_fltk_05_dns.t ......... skipped: AnyEvent::Impl::FLTK not loadable
t/61_fltk_07_io.t .......... skipped: AnyEvent::Impl::FLTK not loadable
t/61_fltk_09_multi.t ....... skipped: AnyEvent::Impl::FLTK not loadable
t/62_cocoa_01_basic.t ...... skipped: AnyEvent::Impl::Cocoa not loadable
t/62_cocoa_02_signals.t .... skipped: AnyEvent::Impl::Cocoa not loadable
t/62_cocoa_03_child.t ...... skipped: AnyEvent::Impl::Cocoa not loadable
t/62_cocoa_04_condvar.t .... skipped: AnyEvent::Impl::Cocoa not loadable
t/62_cocoa_05_dns.t ........ skipped: AnyEvent::Impl::Cocoa not loadable
t/62_cocoa_07_io.t ......... skipped: AnyEvent::Impl::Cocoa not loadable
t/62_cocoa_09_multi.t ...... skipped: AnyEvent::Impl::Cocoa not loadable
t/64_glib_01_basic.t ....... 
1..6
ok 1
ok 2
ok 3
ok 4
ok 5
ok 6
ok
t/64_glib_02_signals.t ..... 
1..5
ok 1
ok 2
ok 3
ok 4
ok 5
ok
t/64_glib_03_child.t ....... 
1..50
ok 1
ok 2 # child 16000
ok 3 # 16000 == 16000
ok 4 # 3 == 768 >> 8 (768)
ok 5 # 16002 == 16002
ok 6 # 7 == 1792 >> 8 (1792)
ok 7
ok 8
ok 9
ok 10
ok 11
ok 12 # child 16003
ok 13 # 16003 == 16003
ok 14 # 3 == 768 >> 8 (768)
ok 15 # 16004 == 16004
ok 16 # 7 == 1792 >> 8 (1792)
ok 17
ok 18
ok 19
ok 20
ok 21
ok 22 # child 16005
ok 23 # 16005 == 16005
ok 24 # 3 == 768 >> 8 (768)
ok 25 # 16006 == 16006
ok 26 # 7 == 1792 >> 8 (1792)
ok 27
ok 28
ok 29
ok 30
ok 31
ok 32 # child 16007
ok 33 # 16007 == 16007
ok 34 # 3 == 768 >> 8 (768)
ok 35 # 16008 == 16008
ok 36 # 7 == 1792 >> 8 (1792)
ok 37
ok 38
ok 39
ok 40
ok 41
ok 42 # child 16009
ok 43 # 16009 == 16009
ok 44 # 3 == 768 >> 8 (768)
ok 45 # 16010 == 16010
ok 46 # 7 == 1792 >> 8 (1792)
ok 47
ok 48
ok 49
ok 50
ok
t/64_glib_04_condvar.t ..... 
1..28
ok 1
ok 2
ok 3
ok 4
ok 5 # 7 == 7
ok 6 # 5 == 5
ok 7 # 7 == 7
ok 8
ok 9 # 5 == 5
ok 10
ok 11
ok 12
ok 13
ok 14 # kill at t/64_glib_04_condvar.t line 48.
ok 15
ok 16
ok 17 # 
ok 18 # kill at t/64_glib_04_condvar.t line 62.
ok 19
ok 20
ok 21
ok 22
ok 23
ok 24
ok 25
ok 26
ok 27
ok 28
ok
t/64_glib_05_dns.t ......... 
1..5
ok 1
ok 2
ok 3
ok 4 # www.google.de => 
ok 5
ok
t/64_glib_07_io.t .......... 
1..18
ok 1
ok 2 # GLOB(0x55c58b5af470),GLOB(0x55c58b5af698)
ok 3
ok 4
ok 5
ok 6
ok 7
ok 8
ok 9
ok 10
ok 11
ok 12
ok 13
ok 14
ok 15
ok 16
ok 17
ok 18
ok
t/64_glib_09_multi.t ....... 
1..15
ok 1
ok 2 # 3
ok 3 # 0
ok 4 # 3
ok 5 # 0
ok 6 # 0
ok 7 # 3
ok 8 # 0
ok 9 # 0
ok 10 # 3
ok 11 # 16361 == 16361 == 16361
ok 12 # 9 == 9 == 9
ok 13 # 0
ok 14 # 7
ok 15
ok
t/65_event_01_basic.t ...... 
1..6
ok 1
ok 2
ok 3
ok 4
ok 5
ok 6
ok
t/65_event_02_signals.t .... 
1..5
ok 1
ok 2
ok 3
ok 4
ok 5
ok
t/65_event_03_child.t ...... 
1..50
ok 1
ok 2 # child 16509
ok 3 # 16509 == 16509
ok 4 # 3 == 768 >> 8 (768)
ok 5 # 16510 == 16510
ok 6 # 7 == 1792 >> 8 (1792)
ok 7
ok 8
ok 9
ok 10
ok 11
ok 12 # child 16511
ok 13 # 16511 == 16511
ok 14 # 3 == 768 >> 8 (768)
ok 15 # 16512 == 16512
ok 16 # 7 == 1792 >> 8 (1792)
ok 17
ok 18
ok 19
ok 20
ok 21
ok 22 # child 16513
ok 23 # 16513 == 16513
ok 24 # 3 == 768 >> 8 (768)
ok 25 # 16514 == 16514
ok 26 # 7 == 1792 >> 8 (1792)
ok 27
ok 28
ok 29
ok 30
ok 31
ok 32 # child 16515
ok 33 # 16515 == 16515
ok 34 # 3 == 768 >> 8 (768)
ok 35 # 16517 == 16517
ok 36 # 7 == 1792 >> 8 (1792)
ok 37
ok 38
ok 39
ok 40
ok 41
ok 42 # child 16518
ok 43 # 16518 == 16518
ok 44 # 3 == 768 >> 8 (768)
ok 45 # 16519 == 16519
ok 46 # 7 == 1792 >> 8 (1792)
ok 47
ok 48
ok 49
ok 50
ok
t/65_event_04_condvar.t .... 
1..28
ok 1
ok 2
ok 3
ok 4
ok 5 # 7 == 7
ok 6 # 5 == 5
ok 7 # 7 == 7
ok 8
ok 9 # 5 == 5
ok 10
ok 11
ok 12
ok 13
ok 14 # kill at t/65_event_04_condvar.t line 48.
ok 15
ok 16
ok 17 # 
ok 18 # kill at t/65_event_04_condvar.t line 62.
ok 19
ok 20
ok 21
ok 22
ok 23
ok 24
ok 25
ok 26
ok 27
ok 28
ok
t/65_event_05_dns.t ........ 
1..5
ok 1
ok 2
ok 3
ok 4 # www.google.de => 
ok 5
ok
t/65_event_07_io.t ......... 
1..18
ok 1
ok 2 # GLOB(0x5612d5cee470),GLOB(0x5612d5cee698)
ok 3
ok 4
ok 5
ok 6
ok 7
ok 8
ok 9
ok 10
ok 11
ok 12
ok 13
ok 14
ok 15
ok 16
ok 17
ok 18
ok
t/65_event_09_multi.t ...... 
1..15
ok 1
ok 2 # 3
ok 3 # 0
ok 4 # 3
ok 5 # 0
ok 6 # 0
ok 7 # 3
ok 8 # 0
ok 9 # 0
ok 10 # 3
ok 11 # 16574 == 16574 == 16574
ok 12 # 9 == 9 == 9
ok 13 # 0
ok 14 # 7
ok 15
ok
t/66_ioasync_01_basic.t .... 
1..6
ok 1
ok 2
ok 3
ok 4
ok 5
ok 6
ok
t/66_ioasync_02_signals.t .. 
1..5
ok 1
ok 2
ok 3
ok 4
ok 5
ok
t/66_ioasync_04_condvar.t .. 
1..28
ok 1
ok 2
ok 3
ok 4
ok 5 # 7 == 7
ok 6 # 5 == 5
ok 7 # 7 == 7
ok 8
ok 9 # 5 == 5
ok 10
ok 11
ok 12
ok 13
ok 14 # kill at t/66_ioasync_04_condvar.t line 48.
ok 15
ok 16
ok 17 # 
ok 18 # kill at t/66_ioasync_04_condvar.t line 62.
ok 19
ok 20
ok 21
ok 22
ok 23
ok 24
ok 25
ok 26
ok 27
ok 28
ok
t/66_ioasync_05_dns.t ...... 
1..5
ok 1
ok 2
ok 3
ok 4 # www.google.de => 
ok 5
ok
t/66_ioasync_07_io.t ....... 
1..18
ok 1
ok 2 # GLOB(0x55c930141470),GLOB(0x55c930141698)
ok 3
ok 4
ok 5
ok 6
ok 7
ok 8
ok 9
ok 10
ok 11
ok 12
ok 13
ok 14
ok 15
ok 16
ok 17
ok 18
ok
t/66_ioasync_09_multi.t .... 
1..15
ok 1
ok 2 # 3
ok 3 # 0
ok 4 # 3
ok 5 # 0
ok 6 # 0
ok 7 # 3
ok 8 # 0
ok 9 # 0
ok 10 # 3
ok 11 # 17032 == 17032 == 17032
ok 12 # 9 == 9 == 9
ok 13 # 0
ok 14 # 7
ok 15
ok
t/67_tk_01_basic.t ......... 
1..6
ok 1
ok 2
ok 3
ok 4
ok 5
ok 6
ok
t/67_tk_02_signals.t ....... 
1..5
ok 1
ok 2
ok 3
ok 4
ok 5
ok
t/67_tk_03_child.t ......... 
1..50
ok 1
ok 2 # child 17185
ok 3 # 17185 == 17185
ok 4 # 3 == 768 >> 8 (768)
ok 5 # 17186 == 17186
ok 6 # 7 == 1792 >> 8 (1792)
ok 7
ok 8
ok 9
ok 10
ok 11
ok 12 # child 17187
ok 13 # 17187 == 17187
ok 14 # 3 == 768 >> 8 (768)
ok 15 # 17189 == 17189
ok 16 # 7 == 1792 >> 8 (1792)
ok 17
ok 18
ok 19
ok 20
ok 21
ok 22 # child 17190
ok 23 # 17190 == 17190
ok 24 # 3 == 768 >> 8 (768)
ok 25 # 17194 == 17194
ok 26 # 7 == 1792 >> 8 (1792)
ok 27
ok 28
ok 29
ok 30
ok 31
ok 32 # child 17195
ok 33 # 17195 == 17195
ok 34 # 3 == 768 >> 8 (768)
ok 35 # 17196 == 17196
ok 36 # 7 == 1792 >> 8 (1792)
ok 37
ok 38
ok 39
ok 40
ok 41
ok 42 # child 17197
ok 43 # 17197 == 17197
ok 44 # 3 == 768 >> 8 (768)
ok 45 # 17198 == 17198
ok 46 # 7 == 1792 >> 8 (1792)
ok 47
ok 48
ok 49
ok 50
ok
t/67_tk_04_condvar.t ....... 
1..28
ok 1
ok 2
ok 3
ok 4
ok 5 # 7 == 7
ok 6 # 5 == 5
ok 7 # 7 == 7
ok 8
ok 9 # 5 == 5
ok 10
ok 11
ok 12
ok 13
ok 14 # kill at t/67_tk_04_condvar.t line 48.

ok 15
ok 16
ok 17 # 
ok 18 # kill at t/67_tk_04_condvar.t line 62.

ok 19
ok 20
ok 21
ok 22
ok 23
ok 24
ok 25
ok 26
ok 27
ok 28
ok
t/67_tk_05_dns.t ........... 
1..5
ok 1
ok 2
ok 3
ok 4 # www.google.de => 
ok 5
ok
t/67_tk_07_io.t ............ 
1..18
ok 1
ok 2 # GLOB(0x5608068b5470),GLOB(0x5608068b5698)
ok 3
ok 4
ok 5
ok 6
ok 7
ok 8
ok 9
ok 10
ok 11
ok 12
ok 13
ok 14
ok 15
ok 16
ok 17
ok 18
ok
t/67_tk_09_multi.t ......... 
1..15
ok 1
ok 2 # 3
ok 3 # 0
ok 4 # 3
ok 5 # 0
ok 6 # 0
ok 7 # 3
ok 8 # 0
ok 9 # 0
ok 10 # 3
ok 11 # 17450 == 17450 == 17450
ok 12 # 9 == 9 == 9
ok 13 # 0
ok 14 # 7
ok 15
ok
t/68_poe_01_basic.t ........ 
1..6
ok 1
ok 2
ok 3
ok 4
ok 5
ok 6
ok
t/68_poe_02_signals.t ...... 
1..5
ok 1
ok 2
ok 3
ok 4
ok 5
ok
t/68_poe_03_child.t ........ 
1..50
ok 1
ok 2 # child 17583
ok 3 # 17583 == 17583
ok 4 # 3 == 768 >> 8 (768)
ok 5 # 17643 == 17643
ok 6 # 7 == 1792 >> 8 (1792)
ok 7
ok 8
ok 9
ok 10
ok 11
ok 12 # child 17710
ok 13 # 17710 == 17710
ok 14 # 3 == 768 >> 8 (768)
ok 15 # 17878 == 17878
ok 16 # 7 == 1792 >> 8 (1792)
ok 17
ok 18
ok 19
ok 20
ok 21
ok 22 # child 17974
ok 23 # 17974 == 17974
ok 24 # 3 == 768 >> 8 (768)
ok 25 # 18065 == 18065
ok 26 # 7 == 1792 >> 8 (1792)
ok 27
ok 28
ok 29
ok 30
ok 31
ok 32 # child 18118
ok 33 # 18118 == 18118
ok 34 # 3 == 768 >> 8 (768)
ok 35 # 18190 == 18190
ok 36 # 7 == 1792 >> 8 (1792)
ok 37
ok 38
ok 39
ok 40
ok 41
ok 42 # child 18455
ok 43 # 18455 == 18455
ok 44 # 3 == 768 >> 8 (768)
ok 45 # 18765 == 18765
ok 46 # 7 == 1792 >> 8 (1792)
ok 47
ok 48
ok 49
ok 50
ok
t/68_poe_04_condvar.t ...... 
1..28
ok 1
ok 2
ok 3
ok 4
ok 5 # 7 == 7
ok 6 # 5 == 5
ok 7 # 7 == 7
ok 8
ok 9 # 5 == 5
ok 10
ok 11
ok 12
ok 13
ok 14 # kill at t/68_poe_04_condvar.t line 48.
ok 15
ok 16
ok 17 # 
ok 18 # kill at t/68_poe_04_condvar.t line 62.
ok 19
ok 20
ok 21
ok 22
ok 23
ok 24
ok 25
ok 26
ok 27
ok 28
ok
t/68_poe_05_dns.t .......... 
1..5
ok 1
ok 2
ok 3
ok 4 # www.google.de => 
ok 5
ok
t/68_poe_07_io.t ........... 
1..18
ok 1
ok 2 # GLOB(0x558964aa5470),GLOB(0x558964aa5698)
ok 3
ok 4
ok 5
ok 6
ok 7
ok 8
ok 9
ok 10
ok 11
ok 12
ok 13
ok 14
ok 15
ok 16
ok 17
ok 18
ok
t/68_poe_09_multi.t ........ 
1..15
ok 1
ok 2 # 3
ok 3 # 0
ok 4 # 3
ok 5 # 0
ok 6 # 0
ok 7 # 3
ok 8 # 0
ok 9 # 0
ok 10 # 3
ok 11 # 18952 == 18952 == 18952
ok 12 # 9 == 9 == 9
ok 13 # 0
ok 14 # 7
ok 15
ok
t/69_ev_01_basic.t ......... 
1..6
ok 1
ok 2
ok 3
ok 4
ok 5
ok 6
ok
t/69_ev_02_signals.t ....... 
1..5
ok 1
ok 2
ok 3
ok 4
ok 5
ok
t/69_ev_03_child.t ......... 
1..50
ok 1
ok 2 # child 19046
ok 3 # 19046 == 19046
ok 4 # 3 == 768 >> 8 (768)
ok 5 # 19047 == 19047
ok 6 # 7 == 1792 >> 8 (1792)
ok 7
ok 8
ok 9
ok 10
ok 11
ok 12 # child 19048
ok 13 # 19048 == 19048
ok 14 # 3 == 768 >> 8 (768)
ok 15 # 19049 == 19049
ok 16 # 7 == 1792 >> 8 (1792)
ok 17
ok 18
ok 19
ok 20
ok 21
ok 22 # child 19050
ok 23 # 19050 == 19050
ok 24 # 3 == 768 >> 8 (768)
ok 25 # 19052 == 19052
ok 26 # 7 == 1792 >> 8 (1792)
ok 27
ok 28
ok 29
ok 30
ok 31
ok 32 # child 19053
ok 33 # 19053 == 19053
ok 34 # 3 == 768 >> 8 (768)
ok 35 # 19054 == 19054
ok 36 # 7 == 1792 >> 8 (1792)
ok 37
ok 38
ok 39
ok 40
ok 41
ok 42 # child 19055
ok 43 # 19055 == 19055
ok 44 # 3 == 768 >> 8 (768)
ok 45 # 19057 == 19057
ok 46 # 7 == 1792 >> 8 (1792)
ok 47
ok 48
ok 49
ok 50
ok
t/69_ev_04_condvar.t ....... 
1..28
ok 1
ok 2
ok 3
ok 4
ok 5 # 7 == 7
ok 6 # 5 == 5
ok 7 # 7 == 7
ok 8
ok 9 # 5 == 5
ok 10
ok 11
ok 12
ok 13
ok 14 # kill at t/69_ev_04_condvar.t line 48.

ok 15
ok 16
ok 17 # 
ok 18 # kill at t/69_ev_04_condvar.t line 62.

ok 19
ok 20
ok 21
ok 22
ok 23
ok 24
ok 25
ok 26
ok 27
ok 28
ok
t/69_ev_05_dns.t ........... 
1..5
ok 1
ok 2
ok 3
ok 4 # www.google.de => 
ok 5
ok
t/69_ev_07_io.t ............ 
1..18
ok 1
ok 2 # GLOB(0x557e91ca2470),GLOB(0x557e91ca2698)
ok 3
ok 4
ok 5
ok 6
ok 7
ok 8
ok 9
ok 10
ok 11
ok 12
ok 13
ok 14
ok 15
ok 16
ok 17
ok 18
ok
t/69_ev_09_multi.t ......... 
1..15
ok 1
ok 2 # 3
ok 3 # 0
ok 4 # 3
ok 5 # 0
ok 6 # 0
ok 7 # 3
ok 8 # 0
ok 9 # 0
ok 10 # 3
ok 11 # 19158 == 19158 == 19158
ok 12 # 9 == 9 == 9
ok 13 # 0
ok 14 # 7
ok 15
ok
t/70_uv_01_basic.t ......... skipped: AnyEvent::Impl::UV not loadable
t/70_uv_02_signals.t ....... skipped: AnyEvent::Impl::UV not loadable
t/70_uv_03_child.t ......... skipped: AnyEvent::Impl::UV not loadable
t/70_uv_04_condvar.t ....... skipped: AnyEvent::Impl::UV not loadable
t/70_uv_05_dns.t ........... skipped: AnyEvent::Impl::UV not loadable
t/70_uv_07_io.t ............ skipped: AnyEvent::Impl::UV not loadable
t/70_uv_09_multi.t ......... skipped: AnyEvent::Impl::UV not loadable
t/80_ssltest.t ............. 
1..415
ok 1 - mode 1
ok 2 - client_connect 1
ok 3 - server_connect 1
ok 4 - client_drain
ok 5 - line 1 <1>
ok 6 - server_eof
ok 7 - mode 2
ok 8 - server_connect 2
ok 9 - client_connect 2
ok 10 - server_drain
ok 11 - line 2 <2>
ok 12 - client_eof
ok 13 - mode 3
ok 14 - client_connect 3
ok 15 - server_connect 3
ok 16 - line 3 <3>
ok 17 - server_drain
ok 18 - line 4 <4>
ok 19 - client_eof
ok 20 - mode 4
ok 21 - client_connect 4
ok 22 - server_connect 4
ok 23 - line 5 <5>
ok 24 - client_drain
ok 25 - line 6 <6>
ok 26 - server_eof
ok 27 - mode 5
ok 28 - write 71
ok 29 - server_connect 5
ok 30 - client_connect 5
ok 31 - on_read
ok 32 - push_read 71
ok 33 - block server 71
ok 34 - client block 71/1
ok 35 - client block 71/2
ok 36 - write 43
ok 37 - on_read
ok 38 - push_read 43
ok 39 - block server 43
ok 40 - client block 43/1
ok 41 - client block 43/2
ok 42 - write 4105
ok 43 - on_read
ok 44 - push_read 4105
ok 45 - block server 4105
ok 46 - client block 4105/1
ok 47 - client block 4105/2
ok 48 - write 8187
ok 49 - on_read
ok 50 - push_read 8187
ok 51 - block server 8187
ok 52 - client block 8187/1
ok 53 - client block 8187/2
ok 54 - write 65543
ok 55 - on_read
ok 56 - push_read 65543
ok 57 - block server 65543
ok 58 - client block 65543/1
ok 59 - client block 65543/2
ok 60 - write 1019
ok 61 - on_read
ok 62 - push_read 1019
ok 63 - block server 1019
ok 64 - client block 1019/1
ok 65 - client block 1019/2
ok 66 - write 16376
ok 67 - on_read
ok 68 - push_read 16376
ok 69 - block server 16376
ok 70 - client block 16376/1
ok 71 - client block 16376/2
ok 72 - write 520
ok 73 - on_read
ok 74 - push_read 520
ok 75 - block server 520
ok 76 - client block 520/1
ok 77 - client block 520/2
ok 78 - write 32770
ok 79 - on_read
ok 80 - push_read 32770
ok 81 - block server 32770
ok 82 - client block 32770/1
ok 83 - client block 32770/2
ok 84 - write 16370
ok 85 - on_read
ok 86 - push_read 16370
ok 87 - block server 16370
ok 88 - client block 16370/1
ok 89 - client block 16370/2
ok 90 - write 1011
ok 91 - on_read
ok 92 - push_read 1011
ok 93 - block server 1011
ok 94 - client block 1011/1
ok 95 - client block 1011/2
ok 96 - write 2044
ok 97 - on_read
ok 98 - push_read 2044
ok 99 - block server 2044
ok 100 - client block 2044/1
ok 101 - client block 2044/2
ok 102 - write 2062
ok 103 - on_read
ok 104 - push_read 2062
ok 105 - block server 2062
ok 106 - client block 2062/1
ok 107 - client block 2062/2
ok 108 - write 65525
ok 109 - on_read
ok 110 - push_read 65525
ok 111 - block server 65525
ok 112 - client block 65525/1
ok 113 - client block 65525/2
ok 114 - write 120
ok 115 - on_read
ok 116 - push_read 120
ok 117 - block server 120
ok 118 - client block 120/1
ok 119 - client block 120/2
ok 120 - write 65533
ok 121 - on_read
ok 122 - push_read 65533
ok 123 - block server 65533
ok 124 - client block 65533/1
ok 125 - client block 65533/2
ok 126 - write 32756
ok 127 - on_read
ok 128 - push_read 32756
ok 129 - block server 32756
ok 130 - client block 32756/1
ok 131 - client block 32756/2
ok 132 - write 46
ok 133 - on_read
ok 134 - push_read 46
ok 135 - block server 46
ok 136 - client block 46/1
ok 137 - client block 46/2
ok 138 - write 4
ok 139 - on_read
ok 140 - push_read 4
ok 141 - block server 4
ok 142 - client block 4/1
ok 143 - client block 4/2
ok 144 - write 500
ok 145 - on_read
ok 146 - push_read 500
ok 147 - block server 500
ok 148 - client block 500/1
ok 149 - client block 500/2
ok 150 - write 2060
ok 151 - on_read
ok 152 - push_read 2060
ok 153 - block server 2060
ok 154 - client block 2060/1
ok 155 - client block 2060/2
ok 156 - write 1016
ok 157 - on_read
ok 158 - push_read 1016
ok 159 - block server 1016
ok 160 - client block 1016/1
ok 161 - client block 1016/2
ok 162 - write 264
ok 163 - on_read
ok 164 - push_read 264
ok 165 - block server 264
ok 166 - client block 264/1
ok 167 - client block 264/2
ok 168 - write 40
ok 169 - on_read
ok 170 - push_read 40
ok 171 - block server 40
ok 172 - client block 40/1
ok 173 - client block 40/2
ok 174 - write 8182
ok 175 - on_read
ok 176 - push_read 8182
ok 177 - block server 8182
ok 178 - client block 8182/1
ok 179 - client block 8182/2
ok 180 - write 16381
ok 181 - on_read
ok 182 - push_read 16381
ok 183 - block server 16381
ok 184 - client block 16381/1
ok 185 - client block 16381/2
ok 186 - write 8205
ok 187 - on_read
ok 188 - push_read 8205
ok 189 - block server 8205
ok 190 - client block 8205/1
ok 191 - client block 8205/2
ok 192 - write 2053
ok 193 - on_read
ok 194 - push_read 2053
ok 195 - block server 2053
ok 196 - client block 2053/1
ok 197 - client block 2053/2
ok 198 - write 1027
ok 199 - on_read
ok 200 - push_read 1027
ok 201 - block server 1027
ok 202 - client block 1027/1
ok 203 - client block 1027/2
ok 204 - write 4100
ok 205 - on_read
ok 206 - push_read 4100
ok 207 - block server 4100
ok 208 - client block 4100/1
ok 209 - client block 4100/2
ok 210 - write 1028
ok 211 - on_read
ok 212 - push_read 1028
ok 213 - block server 1028
ok 214 - client block 1028/1
ok 215 - client block 1028/2
ok 216 - write 46
ok 217 - on_read
ok 218 - push_read 46
ok 219 - block server 46
ok 220 - client block 46/1
ok 221 - client block 46/2
ok 222 - write 62
ok 223 - on_read
ok 224 - push_read 62
ok 225 - block server 62
ok 226 - client block 62/1
ok 227 - client block 62/2
ok 228 - write 270
ok 229 - on_read
ok 230 - push_read 270
ok 231 - block server 270
ok 232 - client block 270/1
ok 233 - client block 270/2
ok 234 - write 508
ok 235 - on_read
ok 236 - push_read 508
ok 237 - block server 508
ok 238 - client block 508/1
ok 239 - client block 508/2
ok 240 - write 46
ok 241 - on_read
ok 242 - push_read 46
ok 243 - block server 46
ok 244 - client block 46/1
ok 245 - client block 46/2
ok 246 - write 131074
ok 247 - on_read
ok 248 - push_read 131074
ok 249 - block server 131074
ok 250 - client block 131074/1
ok 251 - client block 131074/2
ok 252 - write 65524
ok 253 - on_read
ok 254 - push_read 65524
ok 255 - block server 65524
ok 256 - client block 65524/1
ok 257 - client block 65524/2
ok 258 - write 65540
ok 259 - on_read
ok 260 - push_read 65540
ok 261 - block server 65540
ok 262 - client block 65540/1
ok 263 - client block 65540/2
ok 264 - write 30
ok 265 - on_read
ok 266 - push_read 30
ok 267 - block server 30
ok 268 - client block 30/1
ok 269 - client block 30/2
ok 270 - write 131081
ok 271 - on_read
ok 272 - push_read 131081
ok 273 - block server 131081
ok 274 - client block 131081/1
ok 275 - client block 131081/2
ok 276 - write 32770
ok 277 - on_read
ok 278 - push_read 32770
ok 279 - block server 32770
ok 280 - client block 32770/1
ok 281 - client block 32770/2
ok 282 - write 142
ok 283 - on_read
ok 284 - push_read 142
ok 285 - block server 142
ok 286 - client block 142/1
ok 287 - client block 142/2
ok 288 - write 4093
ok 289 - on_read
ok 290 - push_read 4093
ok 291 - block server 4093
ok 292 - client block 4093/1
ok 293 - client block 4093/2
ok 294 - write 525
ok 295 - on_read
ok 296 - push_read 525
ok 297 - block server 525
ok 298 - client block 525/1
ok 299 - client block 525/2
ok 300 - write 24
ok 301 - on_read
ok 302 - push_read 24
ok 303 - block server 24
ok 304 - client block 24/1
ok 305 - client block 24/2
ok 306 - write 16386
ok 307 - on_read
ok 308 - push_read 16386
ok 309 - block server 16386
ok 310 - client block 16386/1
ok 311 - client block 16386/2
ok 312 - write 516
ok 313 - on_read
ok 314 - push_read 516
ok 315 - block server 516
ok 316 - client block 516/1
ok 317 - client block 516/2
ok 318 - write 16370
ok 319 - on_read
ok 320 - push_read 16370
ok 321 - block server 16370
ok 322 - client block 16370/1
ok 323 - client block 16370/2
ok 324 - write 24
ok 325 - on_read
ok 326 - push_read 24
ok 327 - block server 24
ok 328 - client block 24/1
ok 329 - client block 24/2
ok 330 - write 8179
ok 331 - on_read
ok 332 - push_read 8179
ok 333 - block server 8179
ok 334 - client block 8179/1
ok 335 - client block 8179/2
ok 336 - write 242
ok 337 - on_read
ok 338 - push_read 242
ok 339 - block server 242
ok 340 - client block 242/1
ok 341 - client block 242/2
ok 342 - write 8187
ok 343 - on_read
ok 344 - push_read 8187
ok 345 - block server 8187
ok 346 - client block 8187/1
ok 347 - client block 8187/2
ok 348 - write 16374
ok 349 - on_read
ok 350 - push_read 16374
ok 351 - block server 16374
ok 352 - client block 16374/1
ok 353 - client block 16374/2
ok 354 - write 53
ok 355 - on_read
ok 356 - push_read 53
ok 357 - block server 53
ok 358 - client block 53/1
ok 359 - client block 53/2
ok 360 - write 32769
ok 361 - on_read
ok 362 - push_read 32769
ok 363 - block server 32769
ok 364 - client block 32769/1
ok 365 - client block 32769/2
ok 366 - write 256
ok 367 - on_read
ok 368 - push_read 256
ok 369 - block server 256
ok 370 - client block 256/1
ok 371 - client block 256/2
ok 372 - write 1014
ok 373 - on_read
ok 374 - push_read 1014
ok 375 - block server 1014
ok 376 - client block 1014/1
ok 377 - client block 1014/2
ok 378 - write 16368
ok 379 - on_read
ok 380 - push_read 16368
ok 381 - block server 16368
ok 382 - client block 16368/1
ok 383 - client block 16368/2
ok 384 - write 4095
ok 385 - on_read
ok 386 - push_read 4095
ok 387 - block server 4095
ok 388 - client block 4095/1
ok 389 - client block 4095/2
ok 390 - write 131080
ok 391 - on_read
ok 392 - push_read 131080
ok 393 - block server 131080
ok 394 - client block 131080/1
ok 395 - client block 131080/2
ok 396 - write 16
ok 397 - on_read
ok 398 - push_read 16
ok 399 - block server 16
ok 400 - client block 16/1
ok 401 - client block 16/2
ok 402 - write 1035
ok 403 - on_read
ok 404 - push_read 1035
ok 405 - block server 1035
ok 406 - client block 1035/1
ok 407 - client block 1035/2
ok 408 - write 32754
ok 409 - on_read
ok 410 - push_read 32754
ok 411 - block server 32754
ok 412 - client block 32754/1
ok 413 - client block 32754/2
ok 414 - client_drain 5
ok 415 - server_eof
ok
t/81_hosts.t ............... 
1..2
ok 1 - resolved on first attempt
ok 2 - resolved on second attempt
ok
All tests successful.
Files=78, Tests=1367, 52 wallclock secs ( 0.32 usr  0.05 sys +  2.91 cusr  0.49 csys =  3.77 CPU)
Result: PASS
make[2]: Leaving directory '/<<PKGBUILDDIR>>'
make[1]: Leaving directory '/<<PKGBUILDDIR>>'
   create-stamp debian/debhelper-build-stamp
   dh_testroot -O-a
   dh_prep -O-a
   dh_auto_install -O-a
	make -j4 install DESTDIR=/<<PKGBUILDDIR>>/debian/libanyevent-perl AM_UPDATE_INFO_DIR=no PREFIX=/usr
make[1]: Entering directory '/<<PKGBUILDDIR>>'
Skip blib/lib/AnyEvent/Util/uts46data.pl (unchanged)
Skip blib/lib/AnyEvent/Impl/Tk.pm (unchanged)
Skip blib/lib/AnyEvent/Handle.pm (unchanged)
Skip blib/lib/AnyEvent/Impl/FLTK.pm (unchanged)
Skip blib/lib/AnyEvent/Impl/Qt.pm (unchanged)
Skip blib/lib/AnyEvent/TLS.pm (unchanged)
Skip blib/lib/AnyEvent/IO.pm (unchanged)
Skip blib/lib/AnyEvent/DNS.pm (unchanged)
Skip blib/lib/AnyEvent/Intro.pod (unchanged)
Skip blib/lib/AnyEvent/Debug.pm (unchanged)
Skip blib/lib/AnyEvent/Impl/Perl.pm (unchanged)
Skip blib/lib/AnyEvent/Impl/Event.pm (unchanged)
Skip blib/lib/AnyEvent/Impl/POE.pm (unchanged)
Skip blib/lib/AnyEvent/Util/idna.pl (unchanged)
Skip blib/lib/AnyEvent/Impl/Cocoa.pm (unchanged)
Skip blib/lib/AnyEvent.pm (unchanged)
Skip blib/lib/AnyEvent/Impl/EV.pm (unchanged)
Skip blib/lib/AnyEvent/Socket.pm (unchanged)
Skip blib/arch/AnyEvent/constants.pl (unchanged)
Skip blib/lib/AnyEvent/Impl/Irssi.pm (unchanged)
Skip blib/lib/AE.pm (unchanged)
Skip blib/lib/AnyEvent/Strict.pm (unchanged)
Skip blib/lib/AnyEvent/IO/Perl.pm (unchanged)
Skip blib/lib/AnyEvent/Impl/IOAsync.pm (unchanged)
Skip blib/lib/AnyEvent/Loop.pm (unchanged)
Skip blib/lib/AnyEvent/Impl/EventLib.pm (unchanged)
Skip blib/lib/AnyEvent/Impl/UV.pm (unchanged)
Skip blib/lib/AnyEvent/Log.pm (unchanged)
Skip blib/lib/AnyEvent/Impl/Glib.pm (unchanged)
Skip blib/lib/AnyEvent/Util.pm (unchanged)
Skip blib/lib/AnyEvent/FAQ.pod (unchanged)
Skip blib/lib/AnyEvent/IO/IOAIO.pm (unchanged)
"/usr/bin/perl" "-Iblib/arch" "-Iblib/lib" constants.pl.PL constants.pl
Manifying 29 pod documents
Files found in blib/arch: installing files in blib/lib into architecture dependent library tree
Installing /<<PKGBUILDDIR>>/debian/libanyevent-perl/usr/lib/x86_64-linux-gnu/perl5/5.30/AnyEvent/constants.pl
Installing /<<PKGBUILDDIR>>/debian/libanyevent-perl/usr/lib/x86_64-linux-gnu/perl5/5.30/AnyEvent.pm
Installing /<<PKGBUILDDIR>>/debian/libanyevent-perl/usr/lib/x86_64-linux-gnu/perl5/5.30/AE.pm
Installing /<<PKGBUILDDIR>>/debian/libanyevent-perl/usr/lib/x86_64-linux-gnu/perl5/5.30/AnyEvent/DNS.pm
Installing /<<PKGBUILDDIR>>/debian/libanyevent-perl/usr/lib/x86_64-linux-gnu/perl5/5.30/AnyEvent/Loop.pm
Installing /<<PKGBUILDDIR>>/debian/libanyevent-perl/usr/lib/x86_64-linux-gnu/perl5/5.30/AnyEvent/IO.pm
Installing /<<PKGBUILDDIR>>/debian/libanyevent-perl/usr/lib/x86_64-linux-gnu/perl5/5.30/AnyEvent/Log.pm
Installing /<<PKGBUILDDIR>>/debian/libanyevent-perl/usr/lib/x86_64-linux-gnu/perl5/5.30/AnyEvent/Handle.pm
Installing /<<PKGBUILDDIR>>/debian/libanyevent-perl/usr/lib/x86_64-linux-gnu/perl5/5.30/AnyEvent/Socket.pm
Installing /<<PKGBUILDDIR>>/debian/libanyevent-perl/usr/lib/x86_64-linux-gnu/perl5/5.30/AnyEvent/Util.pm
Installing /<<PKGBUILDDIR>>/debian/libanyevent-perl/usr/lib/x86_64-linux-gnu/perl5/5.30/AnyEvent/Strict.pm
Installing /<<PKGBUILDDIR>>/debian/libanyevent-perl/usr/lib/x86_64-linux-gnu/perl5/5.30/AnyEvent/FAQ.pod
Installing /<<PKGBUILDDIR>>/debian/libanyevent-perl/usr/lib/x86_64-linux-gnu/perl5/5.30/AnyEvent/Intro.pod
Installing /<<PKGBUILDDIR>>/debian/libanyevent-perl/usr/lib/x86_64-linux-gnu/perl5/5.30/AnyEvent/TLS.pm
Installing /<<PKGBUILDDIR>>/debian/libanyevent-perl/usr/lib/x86_64-linux-gnu/perl5/5.30/AnyEvent/Debug.pm
Installing /<<PKGBUILDDIR>>/debian/libanyevent-perl/usr/lib/x86_64-linux-gnu/perl5/5.30/AnyEvent/Impl/FLTK.pm
Installing /<<PKGBUILDDIR>>/debian/libanyevent-perl/usr/lib/x86_64-linux-gnu/perl5/5.30/AnyEvent/Impl/EventLib.pm
Installing /<<PKGBUILDDIR>>/debian/libanyevent-perl/usr/lib/x86_64-linux-gnu/perl5/5.30/AnyEvent/Impl/Tk.pm
Installing /<<PKGBUILDDIR>>/debian/libanyevent-perl/usr/lib/x86_64-linux-gnu/perl5/5.30/AnyEvent/Impl/Perl.pm
Installing /<<PKGBUILDDIR>>/debian/libanyevent-perl/usr/lib/x86_64-linux-gnu/perl5/5.30/AnyEvent/Impl/Glib.pm
Installing /<<PKGBUILDDIR>>/debian/libanyevent-perl/usr/lib/x86_64-linux-gnu/perl5/5.30/AnyEvent/Impl/Qt.pm
Installing /<<PKGBUILDDIR>>/debian/libanyevent-perl/usr/lib/x86_64-linux-gnu/perl5/5.30/AnyEvent/Impl/POE.pm
Installing /<<PKGBUILDDIR>>/debian/libanyevent-perl/usr/lib/x86_64-linux-gnu/perl5/5.30/AnyEvent/Impl/Irssi.pm
Installing /<<PKGBUILDDIR>>/debian/libanyevent-perl/usr/lib/x86_64-linux-gnu/perl5/5.30/AnyEvent/Impl/Cocoa.pm
Installing /<<PKGBUILDDIR>>/debian/libanyevent-perl/usr/lib/x86_64-linux-gnu/perl5/5.30/AnyEvent/Impl/IOAsync.pm
Installing /<<PKGBUILDDIR>>/debian/libanyevent-perl/usr/lib/x86_64-linux-gnu/perl5/5.30/AnyEvent/Impl/Event.pm
Installing /<<PKGBUILDDIR>>/debian/libanyevent-perl/usr/lib/x86_64-linux-gnu/perl5/5.30/AnyEvent/Impl/UV.pm
Installing /<<PKGBUILDDIR>>/debian/libanyevent-perl/usr/lib/x86_64-linux-gnu/perl5/5.30/AnyEvent/Impl/EV.pm
Installing /<<PKGBUILDDIR>>/debian/libanyevent-perl/usr/lib/x86_64-linux-gnu/perl5/5.30/AnyEvent/Util/uts46data.pl
Installing /<<PKGBUILDDIR>>/debian/libanyevent-perl/usr/lib/x86_64-linux-gnu/perl5/5.30/AnyEvent/Util/idna.pl
Installing /<<PKGBUILDDIR>>/debian/libanyevent-perl/usr/lib/x86_64-linux-gnu/perl5/5.30/AnyEvent/IO/Perl.pm
Installing /<<PKGBUILDDIR>>/debian/libanyevent-perl/usr/lib/x86_64-linux-gnu/perl5/5.30/AnyEvent/IO/IOAIO.pm
Installing /<<PKGBUILDDIR>>/debian/libanyevent-perl/usr/share/man/man3/AnyEvent::DNS.3pm
Installing /<<PKGBUILDDIR>>/debian/libanyevent-perl/usr/share/man/man3/AnyEvent::Impl::EV.3pm
Installing /<<PKGBUILDDIR>>/debian/libanyevent-perl/usr/share/man/man3/AnyEvent::Loop.3pm
Installing /<<PKGBUILDDIR>>/debian/libanyevent-perl/usr/share/man/man3/AnyEvent::Impl::Irssi.3pm
Installing /<<PKGBUILDDIR>>/debian/libanyevent-perl/usr/share/man/man3/AnyEvent::Impl::Tk.3pm
Installing /<<PKGBUILDDIR>>/debian/libanyevent-perl/usr/share/man/man3/AnyEvent::IO.3pm
Installing /<<PKGBUILDDIR>>/debian/libanyevent-perl/usr/share/man/man3/AnyEvent::Log.3pm
Installing /<<PKGBUILDDIR>>/debian/libanyevent-perl/usr/share/man/man3/AnyEvent::Impl::Event.3pm
Installing /<<PKGBUILDDIR>>/debian/libanyevent-perl/usr/share/man/man3/AnyEvent::Impl::Cocoa.3pm
Installing /<<PKGBUILDDIR>>/debian/libanyevent-perl/usr/share/man/man3/AnyEvent::Impl::POE.3pm
Installing /<<PKGBUILDDIR>>/debian/libanyevent-perl/usr/share/man/man3/AnyEvent::Impl::Glib.3pm
Installing /<<PKGBUILDDIR>>/debian/libanyevent-perl/usr/share/man/man3/AnyEvent::Intro.3pm
Installing /<<PKGBUILDDIR>>/debian/libanyevent-perl/usr/share/man/man3/AnyEvent::Impl::IOAsync.3pm
Installing /<<PKGBUILDDIR>>/debian/libanyevent-perl/usr/share/man/man3/AnyEvent::Util.3pm
Installing /<<PKGBUILDDIR>>/debian/libanyevent-perl/usr/share/man/man3/AnyEvent::IO::IOAIO.3pm
Installing /<<PKGBUILDDIR>>/debian/libanyevent-perl/usr/share/man/man3/AnyEvent::Impl::Qt.3pm
Installing /<<PKGBUILDDIR>>/debian/libanyevent-perl/usr/share/man/man3/AnyEvent::Impl::FLTK.3pm
Installing /<<PKGBUILDDIR>>/debian/libanyevent-perl/usr/share/man/man3/AnyEvent.3pm
Installing /<<PKGBUILDDIR>>/debian/libanyevent-perl/usr/share/man/man3/AnyEvent::FAQ.3pm
Installing /<<PKGBUILDDIR>>/debian/libanyevent-perl/usr/share/man/man3/AnyEvent::Impl::Perl.3pm
Installing /<<PKGBUILDDIR>>/debian/libanyevent-perl/usr/share/man/man3/AnyEvent::Handle.3pm
Installing /<<PKGBUILDDIR>>/debian/libanyevent-perl/usr/share/man/man3/AnyEvent::Impl::UV.3pm
Installing /<<PKGBUILDDIR>>/debian/libanyevent-perl/usr/share/man/man3/AnyEvent::Impl::EventLib.3pm
Installing /<<PKGBUILDDIR>>/debian/libanyevent-perl/usr/share/man/man3/AnyEvent::Socket.3pm
Installing /<<PKGBUILDDIR>>/debian/libanyevent-perl/usr/share/man/man3/AnyEvent::Strict.3pm
Installing /<<PKGBUILDDIR>>/debian/libanyevent-perl/usr/share/man/man3/AnyEvent::IO::Perl.3pm
Installing /<<PKGBUILDDIR>>/debian/libanyevent-perl/usr/share/man/man3/AnyEvent::TLS.3pm
Installing /<<PKGBUILDDIR>>/debian/libanyevent-perl/usr/share/man/man3/AE.3pm
Installing /<<PKGBUILDDIR>>/debian/libanyevent-perl/usr/share/man/man3/AnyEvent::Debug.3pm
make[1]: Leaving directory '/<<PKGBUILDDIR>>'
   dh_installdocs -O-a
   dh_installchangelogs -O-a
   debian/rules override_dh_installexamples
make[1]: Entering directory '/<<PKGBUILDDIR>>'
dh_installexamples
sed -i '1s|^#!/opt/perl/bin/perl|#!/usr/bin/perl|' /<<PKGBUILDDIR>>/debian/libanyevent-perl/usr/share/doc/libanyevent-perl/examples/*
sed -i '1s|^#!/opt/bin/perl|#!/usr/bin/perl|' /<<PKGBUILDDIR>>/debian/libanyevent-perl/usr/share/doc/libanyevent-perl/examples/*
make[1]: Leaving directory '/<<PKGBUILDDIR>>'
   dh_installman -O-a
   dh_installsystemduser -O-a
   dh_lintian -O-a
   dh_perl -O-a
   dh_link -O-a
   dh_strip_nondeterminism -O-a
   dh_compress -O-a
   dh_fixperms -O-a
   dh_missing -O-a
   dh_dwz -O-a
   dh_strip -O-a
   dh_makeshlibs -O-a
   dh_shlibdeps -O-a
   dh_installdeb -O-a
   dh_gencontrol -O-a
   dh_md5sums -O-a
   dh_builddeb -O-a
dpkg-deb: building package 'libanyevent-perl' in '../libanyevent-perl_7.170-1_amd64.deb'.
 dpkg-genbuildinfo --build=binary
 dpkg-genchanges --build=binary >../libanyevent-perl_7.170-1_amd64.changes
dpkg-genchanges: info: binary-only upload (no source code included)
 dpkg-source --after-build .
dpkg-buildpackage: info: binary-only upload (no source included)
--------------------------------------------------------------------------------
Build finished at 2020-02-25T02:42:05Z

Finished
--------

I: Built successfully

+------------------------------------------------------------------------------+
| Changes                                                                      |
+------------------------------------------------------------------------------+


libanyevent-perl_7.170-1_amd64.changes:
---------------------------------------

Format: 1.8
Date: Mon, 28 Oct 2019 08:21:31 +0100
Source: libanyevent-perl
Binary: libanyevent-perl
Architecture: amd64
Version: 7.170-1
Distribution: unstable
Urgency: medium
Maintainer: Debian Perl Group <pkg-perl-maintainers@lists.alioth.debian.org>
Changed-By: Xavier Guimard <yadd@debian.org>
Description:
 libanyevent-perl - event loop framework with multiple implementations
Changes:
 libanyevent-perl (7.170-1) unstable; urgency=medium
 .
   * Import upstream version 7.170
   * Declare compliance with policy 4.4.1
   * Add debian/gbp.conf
Checksums-Sha1:
 a70bc1507b298425608e1c1bc20dbd5ce59f6c74 7230 libanyevent-perl_7.170-1_amd64.buildinfo
 c90b1761b1e53705f3e1deb5656db23b7301fd2e 398784 libanyevent-perl_7.170-1_amd64.deb
Checksums-Sha256:
 0678ce4f97c048d25a094ed673d00e03db1ba58395d15b0e7a510066f3b057d6 7230 libanyevent-perl_7.170-1_amd64.buildinfo
 9b7413f2e97abcd4fedecc6e7d672961d1d634182f578c744616847938238f55 398784 libanyevent-perl_7.170-1_amd64.deb
Files:
 df9e4f846e3a6b041e61f79ce67776c2 7230 perl optional libanyevent-perl_7.170-1_amd64.buildinfo
 ca7817cc9b5cec39ccb36a0f71818dcd 398784 perl optional libanyevent-perl_7.170-1_amd64.deb

+------------------------------------------------------------------------------+
| Buildinfo                                                                    |
+------------------------------------------------------------------------------+

Format: 1.0
Source: libanyevent-perl
Binary: libanyevent-perl
Architecture: amd64
Version: 7.170-1
Checksums-Md5:
 ca7817cc9b5cec39ccb36a0f71818dcd 398784 libanyevent-perl_7.170-1_amd64.deb
Checksums-Sha1:
 c90b1761b1e53705f3e1deb5656db23b7301fd2e 398784 libanyevent-perl_7.170-1_amd64.deb
Checksums-Sha256:
 9b7413f2e97abcd4fedecc6e7d672961d1d634182f578c744616847938238f55 398784 libanyevent-perl_7.170-1_amd64.deb
Build-Origin: Debian
Build-Architecture: amd64
Build-Date: Tue, 25 Feb 2020 02:42:05 +0000
Build-Path: /<<PKGBUILDDIR>>
Installed-Build-Depends:
 autoconf (= 2.69-11.1),
 automake (= 1:1.16.1-4),
 autopoint (= 0.19.8.1-10),
 autotools-dev (= 20180224.1),
 base-files (= 11),
 base-passwd (= 3.5.47),
 bash (= 5.0-5),
 binutils (= 2.34-3),
 binutils-common (= 2.34-3),
 binutils-x86-64-linux-gnu (= 2.34-3),
 bsdmainutils (= 11.1.2+b1),
 bsdutils (= 1:2.34-0.1),
 build-essential (= 12.8),
 bzip2 (= 1.0.8-2),
 clang-10 (= 1:10.0.0~+rc2-1),
 coreutils (= 8.30-3+b1),
 cpp (= 4:9.2.1-3.1),
 cpp-9 (= 9.2.1-29),
 dash (= 0.5.10.2-6),
 debconf (= 1.5.73),
 debhelper (= 12.9),
 debianutils (= 4.9.1),
 dh-autoreconf (= 19),
 dh-strip-nondeterminism (= 1.6.3-2),
 diffutils (= 1:3.7-3),
 dpkg (= 1.19.7),
 dpkg-dev (= 1.19.7),
 dwz (= 0.13-5),
 fdisk (= 2.34-0.1),
 file (= 1:5.38-4),
 findutils (= 4.7.0-1),
 fontconfig-config (= 2.13.1-2),
 fonts-dejavu-core (= 2.37-1),
 g++ (= 4:9.2.1-3.1),
 g++-9 (= 9.2.1-29),
 gcc (= 4:9.2.1-3.1),
 gcc-10-base (= 10-20200222-1),
 gcc-9 (= 9.2.1-29),
 gcc-9-base (= 9.2.1-29),
 gettext (= 0.19.8.1-10),
 gettext-base (= 0.19.8.1-10),
 grep (= 3.4-1),
 groff-base (= 1.22.4-4),
 gzip (= 1.9-3+b1),
 hostname (= 3.23),
 init-system-helpers (= 1.57),
 intltool-debian (= 0.35.0+20060710.5),
 lib32gcc-s1 (= 10-20200222-1),
 lib32gcc1 (= 1:10-20200222-1),
 lib32stdc++6 (= 10-20200222-1),
 libacl1 (= 2.2.53-5),
 libarchive-zip-perl (= 1.67-1),
 libasan5 (= 9.2.1-29),
 libasync-interrupt-perl (= 1.25-1+b1),
 libatomic1 (= 10-20200222-1),
 libattr1 (= 1:2.4.48-5),
 libaudit-common (= 1:2.8.5-2),
 libaudit1 (= 1:2.8.5-2+b1),
 libbinutils (= 2.34-3),
 libblkid1 (= 2.34-0.1),
 libbsd0 (= 0.10.0-1),
 libbz2-1.0 (= 1.0.8-2),
 libc-bin (= 2.29-10),
 libc-dev-bin (= 2.29-10),
 libc6 (= 2.29-10),
 libc6-dev (= 2.29-10),
 libc6-i386 (= 2.29-10),
 libcanary-stability-perl (= 2006-2),
 libcap-ng0 (= 0.7.9-2.1+b1),
 libcc1-0 (= 10-20200222-1),
 libclang-common-10-dev (= 1:10.0.0~+rc2-1),
 libclang-cpp10 (= 1:10.0.0~+rc2-1),
 libclang1-10 (= 1:10.0.0~+rc2-1),
 libcommon-sense-perl (= 3.74-2+b8),
 libcroco3 (= 0.6.13-1),
 libcrypt-dev (= 1:4.4.10-10),
 libcrypt1 (= 1:4.4.10-10),
 libctf-nobfd0 (= 2.34-3),
 libctf0 (= 2.34-3),
 libdb5.3 (= 5.3.28+dfsg1-0.6),
 libdebconfclient0 (= 0.251),
 libdebhelper-perl (= 12.9),
 libdpkg-perl (= 1.19.7),
 libdrm-amdgpu1 (= 2.4.100-4),
 libdrm-common (= 2.4.100-4),
 libdrm-intel1 (= 2.4.100-4),
 libdrm-nouveau2 (= 2.4.100-4),
 libdrm-radeon1 (= 2.4.100-4),
 libdrm2 (= 2.4.100-4),
 libedit2 (= 3.1-20191231-1),
 libelf1 (= 0.176-1.1),
 libev-perl (= 4.32-1),
 libevent-perl (= 1.27-1+b1),
 libexpat1 (= 2.2.9-1),
 libextutils-depends-perl (= 0.8000-1),
 libextutils-pkgconfig-perl (= 1.16-1),
 libfdisk1 (= 2.34-0.1),
 libffi7 (= 3.3-3),
 libfile-stripnondeterminism-perl (= 1.6.3-2),
 libfilter-perl (= 1.59-2+b1),
 libfontconfig1 (= 2.13.1-2+b1),
 libfontenc1 (= 1:1.1.3-1+b2),
 libfreetype6 (= 2.10.1-2),
 libfuture-perl (= 0.43-1),
 libgc1c2 (= 1:7.6.4-0.4),
 libgcc-9-dev (= 9.2.1-29),
 libgcc-s1 (= 10-20200222-1),
 libgcc1 (= 1:10-20200222-1),
 libgcrypt20 (= 1.8.5-5),
 libgdbm-compat4 (= 1.18.1-5),
 libgdbm6 (= 1.18.1-5),
 libgl1 (= 1.3.1-1),
 libgl1-mesa-dri (= 19.3.3-1),
 libglapi-mesa (= 19.3.3-1),
 libglib-perl (= 3:1.329.2-1),
 libglib2.0-0 (= 2.62.4-2),
 libglvnd0 (= 1.3.1-1),
 libglx-mesa0 (= 19.3.3-1),
 libglx0 (= 1.3.1-1),
 libgmp10 (= 2:6.2.0+dfsg-4),
 libgomp1 (= 10-20200222-1),
 libgpg-error0 (= 1.37-1),
 libice6 (= 2:1.0.9-2),
 libicu63 (= 63.2-2),
 libio-async-perl (= 0.75-1),
 libio-pipely-perl (= 0.005-1),
 libisl22 (= 0.22.1-1),
 libitm1 (= 10-20200222-1),
 libjpeg62-turbo (= 1:1.5.2-2+b1),
 libllvm10 (= 1:10.0.0~+rc2-1),
 libllvm9 (= 1:9.0.1-8),
 liblsan0 (= 10-20200222-1),
 liblz4-1 (= 1.9.2-2),
 liblzma5 (= 5.2.4-1+b1),
 libmagic-mgc (= 1:5.38-4),
 libmagic1 (= 1:5.38-4),
 libmount1 (= 2.34-0.1),
 libmpc3 (= 1.1.0-1),
 libmpfr6 (= 4.0.2-1),
 libncursesw6 (= 6.1+20191019-1),
 libnet-ssleay-perl (= 1.88-2),
 libobjc-9-dev (= 9.2.1-29),
 libobjc4 (= 10-20200222-1),
 libpam-modules (= 1.3.1-5),
 libpam-modules-bin (= 1.3.1-5),
 libpam-runtime (= 1.3.1-5),
 libpam0g (= 1.3.1-5),
 libpciaccess0 (= 0.14-1),
 libpcre2-8-0 (= 10.34-7),
 libpcre3 (= 2:8.39-12+b1),
 libperl5.30 (= 5.30.0-9),
 libpipeline1 (= 1.5.2-2),
 libpixman-1-0 (= 0.36.0-1),
 libpng16-16 (= 1.6.37-2),
 libpoe-perl (= 2:1.3680-1),
 libquadmath0 (= 10-20200222-1),
 libseccomp2 (= 2.4.2-2),
 libselinux1 (= 3.0-1+b1),
 libsensors-config (= 1:3.6.0-2),
 libsensors5 (= 1:3.6.0-2),
 libsigsegv2 (= 2.12-2),
 libsm6 (= 2:1.2.3-1),
 libsmartcols1 (= 2.34-0.1),
 libssl1.1 (= 1.1.1d-2),
 libstdc++-9-dev (= 9.2.1-29),
 libstdc++6 (= 10-20200222-1),
 libstruct-dumb-perl (= 0.09-1),
 libsub-override-perl (= 0.09-2),
 libsystemd0 (= 244.3-1),
 libtinfo6 (= 6.1+20191019-1),
 libtool (= 2.4.6-13),
 libtsan0 (= 10-20200222-1),
 libubsan1 (= 10-20200222-1),
 libuchardet0 (= 0.0.6-3),
 libudev1 (= 244.3-1),
 libunistring2 (= 0.9.10-2),
 libunwind8 (= 1.2.1-9),
 libuuid1 (= 2.34-0.1),
 libvulkan1 (= 1.2.131.2-1),
 libx11-6 (= 2:1.6.8-1),
 libx11-data (= 2:1.6.8-1),
 libx11-xcb1 (= 2:1.6.8-1),
 libxau6 (= 1:1.0.8-1+b2),
 libxaw7 (= 2:1.0.13-1+b2),
 libxcb-dri2-0 (= 1.13.1-5),
 libxcb-dri3-0 (= 1.13.1-5),
 libxcb-glx0 (= 1.13.1-5),
 libxcb-present0 (= 1.13.1-5),
 libxcb-sync1 (= 1.13.1-5),
 libxcb1 (= 1.13.1-5),
 libxdamage1 (= 1:1.1.5-1),
 libxdmcp6 (= 1:1.1.2-3),
 libxext6 (= 2:1.3.3-1+b2),
 libxfixes3 (= 1:5.0.3-1),
 libxfont2 (= 1:2.0.3-1),
 libxft2 (= 2.3.2-2),
 libxkbfile1 (= 1:1.0.9-2+b12),
 libxml2 (= 2.9.10+dfsg-3),
 libxmu6 (= 2:1.1.2-2+b3),
 libxmuu1 (= 2:1.1.2-2+b3),
 libxpm4 (= 1:3.5.12-1),
 libxrender1 (= 1:0.9.10-1),
 libxshmfence1 (= 1.3-1),
 libxt6 (= 1:1.1.5-1+b3),
 libxxf86vm1 (= 1:1.1.4-1+b2),
 libz3-4 (= 4.8.7-4),
 linux-libc-dev (= 5.4.19-1),
 login (= 1:4.8.1-1),
 lsb-base (= 11.1.0),
 m4 (= 1.4.18-4),
 make (= 4.2.1-1.2),
 man-db (= 2.9.0-2),
 mawk (= 1.3.4.20200120-2),
 ncurses-base (= 6.1+20191019-1),
 ncurses-bin (= 6.1+20191019-1),
 netbase (= 6.1),
 patch (= 2.7.6-6),
 perl (= 5.30.0-9),
 perl-base (= 5.30.0-9),
 perl-modules-5.30 (= 5.30.0-9),
 perl-openssl-defaults (= 4),
 perl-tk (= 1:804.033-2+b4),
 pkg-config (= 0.29-6),
 po-debconf (= 1.0.21),
 sed (= 4.7-1),
 sensible-utils (= 0.0.12+nmu1),
 shared-mime-info (= 1.10-1),
 sysvinit-utils (= 2.96-2.1),
 tar (= 1.30+dfsg-6+b1),
 ucf (= 3.0038+nmu1),
 util-linux (= 2.34-0.1),
 x11-common (= 1:7.7+20),
 x11-xkb-utils (= 7.7+4),
 xauth (= 1:1.0.10-1),
 xkb-data (= 2.26-2),
 xserver-common (= 2:1.20.7-3),
 xvfb (= 2:1.20.7-3),
 xz-utils (= 5.2.4-1+b1),
 zlib1g (= 1:1.2.11.dfsg-1.2)
Environment:
 DEB_BUILD_OPTIONS="parallel=4"
 LANG="C.UTF-8"
 LC_ALL="C.UTF-8"
 SOURCE_DATE_EPOCH="1572247291"


+------------------------------------------------------------------------------+
| Package contents                                                             |
+------------------------------------------------------------------------------+


libanyevent-perl_7.170-1_amd64.deb
----------------------------------

 new Debian package, version 2.0.
 size 398784 bytes: control archive=3140 bytes.
    1727 bytes,    30 lines      control              
    6322 bytes,    76 lines      md5sums              
 Package: libanyevent-perl
 Version: 7.170-1
 Architecture: amd64
 Maintainer: Debian Perl Group <pkg-perl-maintainers@lists.alioth.debian.org>
 Installed-Size: 920
 Depends: perl, perlapi-5.30.0
 Recommends: libasync-interrupt-perl, libev-perl | libevent-perl, libguard-perl
 Suggests: libev-perl, libevent-perl, libio-async-perl, libjson-perl | libjson-xs-perl, libnet-ssleay-perl, libpoe-perl, libtask-weaken-perl
 Section: perl
 Priority: optional
 Homepage: https://metacpan.org/release/AnyEvent
 Description: event loop framework with multiple implementations
  AnyEvent is not an event model itself, it only interfaces to whatever event
  model the main program happens to use, in a pragmatic way. For event models,
  the statement "there can only be one" is a bitter reality: In general, only
  one event loop can be active at the same time in a process. This module
  cannot change this, but it can hide the differences between them.
  .
  The goal of AnyEvent is to offer module authors the ability to do event
  programming (waiting for I/O or timer events) without subscribing to a
  religion, a way of living, and most importantly: without forcing your module
  users into the same thing by forcing them to use the same event model you use.
  .
  During the first call of any watcher-creation method, the module tries to
  detect the currently loaded event loop by probing whether one of the
  following modules is already loaded: EV, AnyEvent::Loop, Event, Glib, Tk,
  Event::Lib, Qt, POE. The first one found is used. If none are detected, the
  module tries to load the first four modules in the order given; but note that
  if EV is not available, the pure-perl AnyEvent::Loop should always work, so
  the other two are not normally tried.

drwxr-xr-x root/root         0 2019-10-28 07:21 ./
drwxr-xr-x root/root         0 2019-10-28 07:21 ./usr/
drwxr-xr-x root/root         0 2019-10-28 07:21 ./usr/lib/
drwxr-xr-x root/root         0 2019-10-28 07:21 ./usr/lib/x86_64-linux-gnu/
drwxr-xr-x root/root         0 2019-10-28 07:21 ./usr/lib/x86_64-linux-gnu/perl5/
drwxr-xr-x root/root         0 2019-10-28 07:21 ./usr/lib/x86_64-linux-gnu/perl5/5.30/
-rw-r--r-- root/root      5396 2012-04-08 04:20 ./usr/lib/x86_64-linux-gnu/perl5/5.30/AE.pm
-rw-r--r-- root/root    113457 2019-10-28 07:21 ./usr/lib/x86_64-linux-gnu/perl5/5.30/AnyEvent.pm
drwxr-xr-x root/root         0 2019-10-28 07:21 ./usr/lib/x86_64-linux-gnu/perl5/5.30/AnyEvent/
-rw-r--r-- root/root     44403 2019-10-28 07:21 ./usr/lib/x86_64-linux-gnu/perl5/5.30/AnyEvent/DNS.pm
-rw-r--r-- root/root     20994 2019-10-28 07:21 ./usr/lib/x86_64-linux-gnu/perl5/5.30/AnyEvent/Debug.pm
-rw-r--r-- root/root      5243 2018-06-13 19:34 ./usr/lib/x86_64-linux-gnu/perl5/5.30/AnyEvent/FAQ.pod
-rw-r--r-- root/root     84384 2019-10-28 07:21 ./usr/lib/x86_64-linux-gnu/perl5/5.30/AnyEvent/Handle.pm
-rw-r--r-- root/root     22079 2018-12-19 18:00 ./usr/lib/x86_64-linux-gnu/perl5/5.30/AnyEvent/IO.pm
drwxr-xr-x root/root         0 2019-10-28 07:21 ./usr/lib/x86_64-linux-gnu/perl5/5.30/AnyEvent/IO/
-rw-r--r-- root/root      3411 2012-04-08 04:20 ./usr/lib/x86_64-linux-gnu/perl5/5.30/AnyEvent/IO/IOAIO.pm
-rw-r--r-- root/root      2586 2012-04-08 04:20 ./usr/lib/x86_64-linux-gnu/perl5/5.30/AnyEvent/IO/Perl.pm
drwxr-xr-x root/root         0 2019-10-28 07:21 ./usr/lib/x86_64-linux-gnu/perl5/5.30/AnyEvent/Impl/
-rw-r--r-- root/root      1456 2012-04-08 04:20 ./usr/lib/x86_64-linux-gnu/perl5/5.30/AnyEvent/Impl/Cocoa.pm
-rw-r--r-- root/root      1989 2012-04-08 04:20 ./usr/lib/x86_64-linux-gnu/perl5/5.30/AnyEvent/Impl/EV.pm
-rw-r--r-- root/root      2162 2012-04-08 04:20 ./usr/lib/x86_64-linux-gnu/perl5/5.30/AnyEvent/Impl/Event.pm
-rw-r--r-- root/root      4189 2012-04-08 04:20 ./usr/lib/x86_64-linux-gnu/perl5/5.30/AnyEvent/Impl/EventLib.pm
-rw-r--r-- root/root      3126 2012-04-08 04:20 ./usr/lib/x86_64-linux-gnu/perl5/5.30/AnyEvent/Impl/FLTK.pm
-rw-r--r-- root/root      4701 2014-08-28 11:46 ./usr/lib/x86_64-linux-gnu/perl5/5.30/AnyEvent/Impl/Glib.pm
-rw-r--r-- root/root      7462 2019-10-28 07:21 ./usr/lib/x86_64-linux-gnu/perl5/5.30/AnyEvent/Impl/IOAsync.pm
-rw-r--r-- root/root      3562 2012-04-08 04:20 ./usr/lib/x86_64-linux-gnu/perl5/5.30/AnyEvent/Impl/Irssi.pm
-rw-r--r-- root/root     15223 2012-04-08 04:20 ./usr/lib/x86_64-linux-gnu/perl5/5.30/AnyEvent/Impl/POE.pm
-rw-r--r-- root/root      1711 2013-08-28 20:16 ./usr/lib/x86_64-linux-gnu/perl5/5.30/AnyEvent/Impl/Perl.pm
-rw-r--r-- root/root      3116 2012-04-08 04:20 ./usr/lib/x86_64-linux-gnu/perl5/5.30/AnyEvent/Impl/Qt.pm
-rw-r--r-- root/root      4497 2013-07-30 22:57 ./usr/lib/x86_64-linux-gnu/perl5/5.30/AnyEvent/Impl/Tk.pm
-rw-r--r-- root/root      3775 2014-08-28 15:25 ./usr/lib/x86_64-linux-gnu/perl5/5.30/AnyEvent/Impl/UV.pm
-rw-r--r-- root/root     51531 2019-10-28 07:21 ./usr/lib/x86_64-linux-gnu/perl5/5.30/AnyEvent/Intro.pod
-rw-r--r-- root/root     46190 2019-10-28 07:21 ./usr/lib/x86_64-linux-gnu/perl5/5.30/AnyEvent/Log.pm
-rw-r--r-- root/root     10276 2019-09-17 23:38 ./usr/lib/x86_64-linux-gnu/perl5/5.30/AnyEvent/Loop.pm
-rw-r--r-- root/root     40938 2017-08-11 22:38 ./usr/lib/x86_64-linux-gnu/perl5/5.30/AnyEvent/Socket.pm
-rw-r--r-- root/root      5960 2018-07-07 14:01 ./usr/lib/x86_64-linux-gnu/perl5/5.30/AnyEvent/Strict.pm
-rw-r--r-- root/root     48688 2019-10-28 07:21 ./usr/lib/x86_64-linux-gnu/perl5/5.30/AnyEvent/TLS.pm
-rw-r--r-- root/root     27628 2017-10-25 03:16 ./usr/lib/x86_64-linux-gnu/perl5/5.30/AnyEvent/Util.pm
drwxr-xr-x root/root         0 2019-10-28 07:21 ./usr/lib/x86_64-linux-gnu/perl5/5.30/AnyEvent/Util/
-rw-r--r-- root/root      3034 2012-04-05 04:12 ./usr/lib/x86_64-linux-gnu/perl5/5.30/AnyEvent/Util/idna.pl
-rw-r--r-- root/root     64533 2017-02-13 12:27 ./usr/lib/x86_64-linux-gnu/perl5/5.30/AnyEvent/Util/uts46data.pl
-rw-r--r-- root/root      1374 2019-10-28 07:21 ./usr/lib/x86_64-linux-gnu/perl5/5.30/AnyEvent/constants.pl
drwxr-xr-x root/root         0 2019-10-28 07:21 ./usr/share/
drwxr-xr-x root/root         0 2019-10-28 07:21 ./usr/share/doc/
drwxr-xr-x root/root         0 2019-10-28 07:21 ./usr/share/doc/libanyevent-perl/
-rw-r--r-- root/root       819 2019-10-28 06:30 ./usr/share/doc/libanyevent-perl/NEWS.Debian.gz
-rw-r--r-- root/root       474 2019-10-28 06:30 ./usr/share/doc/libanyevent-perl/README.Debian
-rw-r--r-- root/root      6334 2019-10-28 07:21 ./usr/share/doc/libanyevent-perl/changelog.Debian.gz
-rw-r--r-- root/root     24518 2019-09-18 01:04 ./usr/share/doc/libanyevent-perl/changelog.gz
-rw-r--r-- root/root      1783 2019-10-28 06:30 ./usr/share/doc/libanyevent-perl/copyright
drwxr-xr-x root/root         0 2019-10-28 07:21 ./usr/share/doc/libanyevent-perl/examples/
-rw-r--r-- root/root      1124 2019-10-28 07:21 ./usr/share/doc/libanyevent-perl/examples/ae0.pl
-rw-r--r-- root/root       897 2019-10-28 07:21 ./usr/share/doc/libanyevent-perl/examples/ae2.pl
-rwxr-xr-x root/root      1406 2019-10-28 07:21 ./usr/share/doc/libanyevent-perl/examples/bench
-rwxr-xr-x root/root      1165 2019-10-28 07:21 ./usr/share/doc/libanyevent-perl/examples/bench2
-rwxr-xr-x root/root       659 2019-10-28 07:21 ./usr/share/doc/libanyevent-perl/examples/connect
-rwxr-xr-x root/root       660 2019-10-28 07:21 ./usr/share/doc/libanyevent-perl/examples/handle
-rwxr-xr-x root/root       815 2019-10-28 07:21 ./usr/share/doc/libanyevent-perl/examples/listen
-rwxr-xr-x root/root       870 2019-10-28 07:21 ./usr/share/doc/libanyevent-perl/examples/runbench
-rwxr-xr-x root/root       743 2019-10-28 07:21 ./usr/share/doc/libanyevent-perl/examples/runbench2
drwxr-xr-x root/root         0 2019-10-28 07:21 ./usr/share/lintian/
drwxr-xr-x root/root         0 2019-10-28 07:21 ./usr/share/lintian/overrides/
-rw-r--r-- root/root       182 2019-10-28 06:30 ./usr/share/lintian/overrides/libanyevent-perl
drwxr-xr-x root/root         0 2019-10-28 07:21 ./usr/share/man/
drwxr-xr-x root/root         0 2019-10-28 07:21 ./usr/share/man/man3/
-rw-r--r-- root/root      3575 2019-10-28 07:21 ./usr/share/man/man3/AE.3pm.gz
-rw-r--r-- root/root     35209 2019-10-28 07:21 ./usr/share/man/man3/AnyEvent.3pm.gz
-rw-r--r-- root/root      8384 2019-10-28 07:21 ./usr/share/man/man3/AnyEvent::DNS.3pm.gz
-rw-r--r-- root/root      4781 2019-10-28 07:21 ./usr/share/man/man3/AnyEvent::Debug.3pm.gz
-rw-r--r-- root/root      3588 2019-10-28 07:21 ./usr/share/man/man3/AnyEvent::FAQ.3pm.gz
-rw-r--r-- root/root     22247 2019-10-28 07:21 ./usr/share/man/man3/AnyEvent::Handle.3pm.gz
-rw-r--r-- root/root      9123 2019-10-28 07:21 ./usr/share/man/man3/AnyEvent::IO.3pm.gz
-rw-r--r-- root/root      1319 2019-10-28 07:21 ./usr/share/man/man3/AnyEvent::IO::IOAIO.3pm.gz
-rw-r--r-- root/root      1366 2019-10-28 07:21 ./usr/share/man/man3/AnyEvent::IO::Perl.3pm.gz
-rw-r--r-- root/root      1651 2019-10-28 07:21 ./usr/share/man/man3/AnyEvent::Impl::Cocoa.3pm.gz
-rw-r--r-- root/root      1473 2019-10-28 07:21 ./usr/share/man/man3/AnyEvent::Impl::EV.3pm.gz
-rw-r--r-- root/root      1456 2019-10-28 07:21 ./usr/share/man/man3/AnyEvent::Impl::Event.3pm.gz
-rw-r--r-- root/root      2151 2019-10-28 07:21 ./usr/share/man/man3/AnyEvent::Impl::EventLib.3pm.gz
-rw-r--r-- root/root      1715 2019-10-28 07:21 ./usr/share/man/man3/AnyEvent::Impl::FLTK.3pm.gz
-rw-r--r-- root/root      2026 2019-10-28 07:21 ./usr/share/man/man3/AnyEvent::Impl::Glib.3pm.gz
-rw-r--r-- root/root      3307 2019-10-28 07:21 ./usr/share/man/man3/AnyEvent::Impl::IOAsync.3pm.gz
-rw-r--r-- root/root      1915 2019-10-28 07:21 ./usr/share/man/man3/AnyEvent::Impl::Irssi.3pm.gz
-rw-r--r-- root/root      6477 2019-10-28 07:21 ./usr/share/man/man3/AnyEvent::Impl::POE.3pm.gz
-rw-r--r-- root/root      1453 2019-10-28 07:21 ./usr/share/man/man3/AnyEvent::Impl::Perl.3pm.gz
-rw-r--r-- root/root      1622 2019-10-28 07:21 ./usr/share/man/man3/AnyEvent::Impl::Qt.3pm.gz
-rw-r--r-- root/root      2182 2019-10-28 07:21 ./usr/share/man/man3/AnyEvent::Impl::Tk.3pm.gz
-rw-r--r-- root/root      1356 2019-10-28 07:21 ./usr/share/man/man3/AnyEvent::Impl::UV.3pm.gz
-rw-r--r-- root/root     20006 2019-10-28 07:21 ./usr/share/man/man3/AnyEvent::Intro.3pm.gz
-rw-r--r-- root/root     13152 2019-10-28 07:21 ./usr/share/man/man3/AnyEvent::Log.3pm.gz
-rw-r--r-- root/root      2996 2019-10-28 07:21 ./usr/share/man/man3/AnyEvent::Loop.3pm.gz
-rw-r--r-- root/root      9163 2019-10-28 07:21 ./usr/share/man/man3/AnyEvent::Socket.3pm.gz
-rw-r--r-- root/root      1538 2019-10-28 07:21 ./usr/share/man/man3/AnyEvent::Strict.3pm.gz
-rw-r--r-- root/root     10304 2019-10-28 07:21 ./usr/share/man/man3/AnyEvent::TLS.3pm.gz
-rw-r--r-- root/root      6257 2019-10-28 07:21 ./usr/share/man/man3/AnyEvent::Util.3pm.gz


+------------------------------------------------------------------------------+
| Post Build                                                                   |
+------------------------------------------------------------------------------+


+------------------------------------------------------------------------------+
| Cleanup                                                                      |
+------------------------------------------------------------------------------+

Purging /<<BUILDDIR>>
Not cleaning session: cloned chroot in use

+------------------------------------------------------------------------------+
| Summary                                                                      |
+------------------------------------------------------------------------------+

Build Architecture: amd64
Build Type: binary
Build-Space: 4944
Build-Time: 59
Distribution: unstable
Host Architecture: amd64
Install-Time: 22
Job: libanyevent-perl_7.170-1
Machine Architecture: amd64
Package: libanyevent-perl
Package-Time: 104
Source-Version: 7.170-1
Space: 4944
Status: successful
Version: 7.170-1
--------------------------------------------------------------------------------
Finished at 2020-02-25T02:42:05Z
Build needed 00:01:44, 4944k disk space
DC-Status: OK 106.41625662s
