DC-Build-Header: libcorkipset 1.1.1+20150311-8 / 2020-02-25 06:10:15 +0000
DC-Task: type:rebuild-binarch-only source:libcorkipset version:1.1.1+20150311-8 chroot:unstable esttime:56 logfile:/tmp/libcorkipset_1.1.1+20150311-8_unstable_clang10.log modes:clang10:binarch-only
DC-Sbuild-call: su user42 -c 'sbuild -n --arch-any --apt-update -d unstable -v --no-run-lintian --chroot-setup-commands=/tmp/clang10 libcorkipset_1.1.1+20150311-8'
sbuild (Debian sbuild) 0.78.1 (09 February 2019) on ip-172-31-4-188.eu-central-1.compute.internal

+==============================================================================+
| libcorkipset 1.1.1+20150311-8 (amd64)        Tue, 25 Feb 2020 06:10:15 +0000 |
+==============================================================================+

Package: libcorkipset
Version: 1.1.1+20150311-8
Source Version: 1.1.1+20150311-8
Distribution: unstable
Machine Architecture: amd64
Host Architecture: amd64
Build Architecture: amd64
Build Type: binary

I: NOTICE: Log filtering will replace 'var/run/schroot/mount/sid-amd64-sbuild-5721c986-9005-464e-919d-567cfee4b235' with '<<CHROOT>>'

+------------------------------------------------------------------------------+
| Chroot Setup Commands                                                        |
+------------------------------------------------------------------------------+


/tmp/clang10
------------

+ echo 'Entering customization script...'
Entering customization script...
+ CLANG_VERSION=10
+ echo 'Install of clang-10'
Install of clang-10
+ apt-get update
Get:1 http://127.0.0.1:12990/debian sid InRelease [142 kB]
Get:2 http://127.0.0.1:12990/debian sid/main Sources.diff/Index [27.9 kB]
Get:3 http://127.0.0.1:12990/debian sid/main amd64 Packages.diff/Index [27.9 kB]
Get:4 http://127.0.0.1:12990/debian sid/main Sources 2020-02-24-0823.32.pdiff [11.0 kB]
Get:5 http://127.0.0.1:12990/debian sid/main Sources 2020-02-24-1420.34.pdiff [30.2 kB]
Get:6 http://127.0.0.1:12990/debian sid/main Sources 2020-02-24-2014.03.pdiff [16.9 kB]
Get:7 http://127.0.0.1:12990/debian sid/main Sources 2020-02-25-0213.11.pdiff [23.2 kB]
Get:8 http://127.0.0.1:12990/debian sid/main amd64 Packages 2020-02-24-0823.32.pdiff [15.5 kB]
Get:7 http://127.0.0.1:12990/debian sid/main Sources 2020-02-25-0213.11.pdiff [23.2 kB]
Get:9 http://127.0.0.1:12990/debian sid/main amd64 Packages 2020-02-24-1420.34.pdiff [27.5 kB]
Get:10 http://127.0.0.1:12990/debian sid/main amd64 Packages 2020-02-24-2014.03.pdiff [21.6 kB]
Get:11 http://127.0.0.1:12990/debian sid/main amd64 Packages 2020-02-25-0213.11.pdiff [35.0 kB]
Get:11 http://127.0.0.1:12990/debian sid/main amd64 Packages 2020-02-25-0213.11.pdiff [35.0 kB]
Get:12 http://127.0.0.1:12990/debian sid/main Translation-en [6193 kB]
Fetched 6572 kB in 2s (2827 kB/s)
Reading package lists...
+ apt-get install --yes --no-install-recommends --force-yes clang-10 libomp-10-dev libobjc-9-dev
Reading package lists...
Building dependency tree...
The following additional packages will be installed:
  lib32gcc-s1 lib32gcc1 lib32stdc++6 libbsd0 libc6-i386 libclang-common-10-dev
  libclang-cpp10 libclang1-10 libedit2 libgc1c2 libllvm10 libobjc4 libomp5-10
  libz3-4
Suggested packages:
  clang-10-doc libomp-10-doc
Recommended packages:
  llvm-10-dev python3
The following NEW packages will be installed:
  clang-10 lib32gcc-s1 lib32gcc1 lib32stdc++6 libbsd0 libc6-i386
  libclang-common-10-dev libclang-cpp10 libclang1-10 libedit2 libgc1c2
  libllvm10 libobjc-9-dev libobjc4 libomp-10-dev libomp5-10 libz3-4
0 upgraded, 17 newly installed, 0 to remove and 2 not upgraded.
Need to get 46.4 MB of archives.
After this operation, 238 MB of additional disk space will be used.
Get:1 http://127.0.0.1:12990/debian sid/main amd64 libbsd0 amd64 0.10.0-1 [107 kB]
Get:2 http://127.0.0.1:12990/debian sid/main amd64 libedit2 amd64 3.1-20191231-1 [95.4 kB]
Get:3 http://127.0.0.1:12990/debian sid/main amd64 libz3-4 amd64 4.8.7-4 [6790 kB]
Get:4 http://127.0.0.1:12990/debian sid/main amd64 libllvm10 amd64 1:10.0.0~+rc2-1 [15.5 MB]
Get:5 http://127.0.0.1:12990/debian sid/main amd64 libclang-cpp10 amd64 1:10.0.0~+rc2-1 [9069 kB]
Get:6 http://127.0.0.1:12990/debian sid/main amd64 libgc1c2 amd64 1:7.6.4-0.4 [224 kB]
Get:7 http://127.0.0.1:12990/debian sid/main amd64 libobjc4 amd64 10-20200222-1 [41.6 kB]
Get:8 http://127.0.0.1:12990/debian sid/main amd64 libobjc-9-dev amd64 9.2.1-29 [219 kB]
Get:9 http://127.0.0.1:12990/debian sid/main amd64 libc6-i386 amd64 2.29-10 [2918 kB]
Get:10 http://127.0.0.1:12990/debian sid/main amd64 lib32gcc-s1 amd64 10-20200222-1 [49.4 kB]
Get:11 http://127.0.0.1:12990/debian sid/main amd64 lib32gcc1 amd64 1:10-20200222-1 [1104 B]
Get:12 http://127.0.0.1:12990/debian sid/main amd64 lib32stdc++6 amd64 10-20200222-1 [510 kB]
Get:13 http://127.0.0.1:12990/debian sid/main amd64 libclang-common-10-dev amd64 1:10.0.0~+rc2-1 [2782 kB]
Get:14 http://127.0.0.1:12990/debian sid/main amd64 libclang1-10 amd64 1:10.0.0~+rc2-1 [7607 kB]
Get:15 http://127.0.0.1:12990/debian sid/main amd64 clang-10 amd64 1:10.0.0~+rc2-1 [103 kB]
Get:16 http://127.0.0.1:12990/debian sid/main amd64 libomp5-10 amd64 1:10.0.0~+rc2-1 [337 kB]
Get:17 http://127.0.0.1:12990/debian sid/main amd64 libomp-10-dev amd64 1:10.0.0~+rc2-1 [84.3 kB]
debconf: delaying package configuration, since apt-utils is not installed
Fetched 46.4 MB in 2s (20.6 MB/s)
Selecting previously unselected package libbsd0:amd64.
(Reading database ... (Reading database ... 5%(Reading database ... 10%(Reading database ... 15%(Reading database ... 20%(Reading database ... 25%(Reading database ... 30%(Reading database ... 35%(Reading database ... 40%(Reading database ... 45%(Reading database ... 50%(Reading database ... 55%(Reading database ... 60%(Reading database ... 65%(Reading database ... 70%(Reading database ... 75%(Reading database ... 80%(Reading database ... 85%(Reading database ... 90%(Reading database ... 95%(Reading database ... 100%(Reading database ... 12119 files and directories currently installed.)
Preparing to unpack .../00-libbsd0_0.10.0-1_amd64.deb ...
Unpacking libbsd0:amd64 (0.10.0-1) ...
Selecting previously unselected package libedit2:amd64.
Preparing to unpack .../01-libedit2_3.1-20191231-1_amd64.deb ...
Unpacking libedit2:amd64 (3.1-20191231-1) ...
Selecting previously unselected package libz3-4:amd64.
Preparing to unpack .../02-libz3-4_4.8.7-4_amd64.deb ...
Unpacking libz3-4:amd64 (4.8.7-4) ...
Selecting previously unselected package libllvm10:amd64.
Preparing to unpack .../03-libllvm10_1%3a10.0.0~+rc2-1_amd64.deb ...
Unpacking libllvm10:amd64 (1:10.0.0~+rc2-1) ...
Selecting previously unselected package libclang-cpp10.
Preparing to unpack .../04-libclang-cpp10_1%3a10.0.0~+rc2-1_amd64.deb ...
Unpacking libclang-cpp10 (1:10.0.0~+rc2-1) ...
Selecting previously unselected package libgc1c2:amd64.
Preparing to unpack .../05-libgc1c2_1%3a7.6.4-0.4_amd64.deb ...
Unpacking libgc1c2:amd64 (1:7.6.4-0.4) ...
Selecting previously unselected package libobjc4:amd64.
Preparing to unpack .../06-libobjc4_10-20200222-1_amd64.deb ...
Unpacking libobjc4:amd64 (10-20200222-1) ...
Selecting previously unselected package libobjc-9-dev:amd64.
Preparing to unpack .../07-libobjc-9-dev_9.2.1-29_amd64.deb ...
Unpacking libobjc-9-dev:amd64 (9.2.1-29) ...
Selecting previously unselected package libc6-i386.
Preparing to unpack .../08-libc6-i386_2.29-10_amd64.deb ...
Unpacking libc6-i386 (2.29-10) ...
Selecting previously unselected package lib32gcc-s1.
Preparing to unpack .../09-lib32gcc-s1_10-20200222-1_amd64.deb ...
Unpacking lib32gcc-s1 (10-20200222-1) ...
Selecting previously unselected package lib32gcc1.
Preparing to unpack .../10-lib32gcc1_1%3a10-20200222-1_amd64.deb ...
Unpacking lib32gcc1 (1:10-20200222-1) ...
Selecting previously unselected package lib32stdc++6.
Preparing to unpack .../11-lib32stdc++6_10-20200222-1_amd64.deb ...
Unpacking lib32stdc++6 (10-20200222-1) ...
Selecting previously unselected package libclang-common-10-dev.
Preparing to unpack .../12-libclang-common-10-dev_1%3a10.0.0~+rc2-1_amd64.deb ...
Unpacking libclang-common-10-dev (1:10.0.0~+rc2-1) ...
Selecting previously unselected package libclang1-10.
Preparing to unpack .../13-libclang1-10_1%3a10.0.0~+rc2-1_amd64.deb ...
Unpacking libclang1-10 (1:10.0.0~+rc2-1) ...
Selecting previously unselected package clang-10.
Preparing to unpack .../14-clang-10_1%3a10.0.0~+rc2-1_amd64.deb ...
Unpacking clang-10 (1:10.0.0~+rc2-1) ...
Selecting previously unselected package libomp5-10:amd64.
Preparing to unpack .../15-libomp5-10_1%3a10.0.0~+rc2-1_amd64.deb ...
Unpacking libomp5-10:amd64 (1:10.0.0~+rc2-1) ...
Selecting previously unselected package libomp-10-dev.
Preparing to unpack .../16-libomp-10-dev_1%3a10.0.0~+rc2-1_amd64.deb ...
Unpacking libomp-10-dev (1:10.0.0~+rc2-1) ...
Setting up libgc1c2:amd64 (1:7.6.4-0.4) ...
Setting up libobjc4:amd64 (10-20200222-1) ...
Setting up libz3-4:amd64 (4.8.7-4) ...
Setting up libobjc-9-dev:amd64 (9.2.1-29) ...
Setting up libomp5-10:amd64 (1:10.0.0~+rc2-1) ...
Setting up libc6-i386 (2.29-10) ...
Setting up libbsd0:amd64 (0.10.0-1) ...
Setting up libomp-10-dev (1:10.0.0~+rc2-1) ...
Setting up libedit2:amd64 (3.1-20191231-1) ...
Setting up libllvm10:amd64 (1:10.0.0~+rc2-1) ...
Setting up lib32gcc-s1 (10-20200222-1) ...
Setting up libclang1-10 (1:10.0.0~+rc2-1) ...
Setting up lib32gcc1 (1:10-20200222-1) ...
Setting up libclang-cpp10 (1:10.0.0~+rc2-1) ...
Setting up lib32stdc++6 (10-20200222-1) ...
Setting up libclang-common-10-dev (1:10.0.0~+rc2-1) ...
Setting up clang-10 (1:10.0.0~+rc2-1) ...
Processing triggers for libc-bin (2.29-10) ...
W: --force-yes is deprecated, use one of the options starting with --allow instead.
+ echo 'Replace gcc, g++ & cpp by clang'
Replace gcc, g++ & cpp by clang
+ VERSIONS='4.6 4.7 4.8 4.9 5 6 7 8 9 10'
+ cd /usr/bin
+ for VERSION in $VERSIONS
+ rm -f g++-4.6 gcc-4.6 cpp-4.6 gcc
+ ln -s clang++-10 g++-4.6
+ ln -s clang-10 gcc-4.6
+ ln -s clang-10 cpp-4.6
+ ln -s clang-10 gcc
+ echo 'gcc-4.6 hold'
+ dpkg --set-selections
dpkg: warning: package not in status nor available database at line 1: gcc-4.6
dpkg: warning: found unknown packages; this might mean the available database
is outdated, and needs to be updated through a frontend method;
please see the FAQ <https://wiki.debian.org/Teams/Dpkg/FAQ>
+ echo 'g++-4.6 hold'
+ dpkg --set-selections
dpkg: warning: package not in status nor available database at line 1: g++-4.6
dpkg: warning: found unknown packages; this might mean the available database
is outdated, and needs to be updated through a frontend method;
please see the FAQ <https://wiki.debian.org/Teams/Dpkg/FAQ>
+ for VERSION in $VERSIONS
+ rm -f g++-4.7 gcc-4.7 cpp-4.7 gcc
+ ln -s clang++-10 g++-4.7
+ ln -s clang-10 gcc-4.7
+ ln -s clang-10 cpp-4.7
+ ln -s clang-10 gcc
+ dpkg --set-selections
+ echo 'gcc-4.7 hold'
dpkg: warning: package not in status nor available database at line 1: gcc-4.7
dpkg: warning: found unknown packages; this might mean the available database
is outdated, and needs to be updated through a frontend method;
please see the FAQ <https://wiki.debian.org/Teams/Dpkg/FAQ>
+ echo 'g++-4.7 hold'
+ dpkg --set-selections
dpkg: warning: package not in status nor available database at line 1: g++-4.7
dpkg: warning: found unknown packages; this might mean the available database
is outdated, and needs to be updated through a frontend method;
please see the FAQ <https://wiki.debian.org/Teams/Dpkg/FAQ>
+ for VERSION in $VERSIONS
+ rm -f g++-4.8 gcc-4.8 cpp-4.8 gcc
+ ln -s clang++-10 g++-4.8
+ ln -s clang-10 gcc-4.8
+ ln -s clang-10 cpp-4.8
+ ln -s clang-10 gcc
+ dpkg --set-selections
+ echo 'gcc-4.8 hold'
dpkg: warning: package not in status nor available database at line 1: gcc-4.8
dpkg: warning: found unknown packages; this might mean the available database
is outdated, and needs to be updated through a frontend method;
please see the FAQ <https://wiki.debian.org/Teams/Dpkg/FAQ>
+ dpkg --set-selections
+ echo 'g++-4.8 hold'
dpkg: warning: package not in status nor available database at line 1: g++-4.8
dpkg: warning: found unknown packages; this might mean the available database
is outdated, and needs to be updated through a frontend method;
please see the FAQ <https://wiki.debian.org/Teams/Dpkg/FAQ>
+ for VERSION in $VERSIONS
+ rm -f g++-4.9 gcc-4.9 cpp-4.9 gcc
+ ln -s clang++-10 g++-4.9
+ ln -s clang-10 gcc-4.9
+ ln -s clang-10 cpp-4.9
+ ln -s clang-10 gcc
+ dpkg --set-selections
+ echo 'gcc-4.9 hold'
dpkg: warning: package not in status nor available database at line 1: gcc-4.9
dpkg: warning: found unknown packages; this might mean the available database
is outdated, and needs to be updated through a frontend method;
please see the FAQ <https://wiki.debian.org/Teams/Dpkg/FAQ>
+ dpkg --set-selections
+ echo 'g++-4.9 hold'
dpkg: warning: package not in status nor available database at line 1: g++-4.9
dpkg: warning: found unknown packages; this might mean the available database
is outdated, and needs to be updated through a frontend method;
please see the FAQ <https://wiki.debian.org/Teams/Dpkg/FAQ>
+ for VERSION in $VERSIONS
+ rm -f g++-5 gcc-5 cpp-5 gcc
+ ln -s clang++-10 g++-5
+ ln -s clang-10 gcc-5
+ ln -s clang-10 cpp-5
+ ln -s clang-10 gcc
+ dpkg --set-selections
+ echo 'gcc-5 hold'
dpkg: warning: package not in status nor available database at line 1: gcc-5
dpkg: warning: found unknown packages; this might mean the available database
is outdated, and needs to be updated through a frontend method;
please see the FAQ <https://wiki.debian.org/Teams/Dpkg/FAQ>
+ echo 'g++-5 hold'
+ dpkg --set-selections
dpkg: warning: package not in status nor available database at line 1: g++-5
dpkg: warning: found unknown packages; this might mean the available database
is outdated, and needs to be updated through a frontend method;
please see the FAQ <https://wiki.debian.org/Teams/Dpkg/FAQ>
+ for VERSION in $VERSIONS
+ rm -f g++-6 gcc-6 cpp-6 gcc
+ ln -s clang++-10 g++-6
+ ln -s clang-10 gcc-6
+ ln -s clang-10 cpp-6
+ ln -s clang-10 gcc
+ echo 'gcc-6 hold'
+ dpkg --set-selections
dpkg: warning: package not in status nor available database at line 1: gcc-6
dpkg: warning: found unknown packages; this might mean the available database
is outdated, and needs to be updated through a frontend method;
please see the FAQ <https://wiki.debian.org/Teams/Dpkg/FAQ>
+ dpkg --set-selections
+ echo 'g++-6 hold'
dpkg: warning: package not in status nor available database at line 1: g++-6
dpkg: warning: found unknown packages; this might mean the available database
is outdated, and needs to be updated through a frontend method;
please see the FAQ <https://wiki.debian.org/Teams/Dpkg/FAQ>
+ for VERSION in $VERSIONS
+ rm -f g++-7 gcc-7 cpp-7 gcc
+ ln -s clang++-10 g++-7
+ ln -s clang-10 gcc-7
+ ln -s clang-10 cpp-7
+ ln -s clang-10 gcc
+ echo 'gcc-7 hold'
+ dpkg --set-selections
dpkg: warning: package not in status nor available database at line 1: gcc-7
dpkg: warning: found unknown packages; this might mean the available database
is outdated, and needs to be updated through a frontend method;
please see the FAQ <https://wiki.debian.org/Teams/Dpkg/FAQ>
+ echo 'g++-7 hold'
+ dpkg --set-selections
dpkg: warning: package not in status nor available database at line 1: g++-7
dpkg: warning: found unknown packages; this might mean the available database
is outdated, and needs to be updated through a frontend method;
please see the FAQ <https://wiki.debian.org/Teams/Dpkg/FAQ>
+ for VERSION in $VERSIONS
+ rm -f g++-8 gcc-8 cpp-8 gcc
+ ln -s clang++-10 g++-8
+ ln -s clang-10 gcc-8
+ ln -s clang-10 cpp-8
+ ln -s clang-10 gcc
+ echo 'gcc-8 hold'
+ dpkg --set-selections
dpkg: warning: package not in status nor available database at line 1: gcc-8
dpkg: warning: found unknown packages; this might mean the available database
is outdated, and needs to be updated through a frontend method;
please see the FAQ <https://wiki.debian.org/Teams/Dpkg/FAQ>
+ echo 'g++-8 hold'
+ dpkg --set-selections
dpkg: warning: package not in status nor available database at line 1: g++-8
dpkg: warning: found unknown packages; this might mean the available database
is outdated, and needs to be updated through a frontend method;
please see the FAQ <https://wiki.debian.org/Teams/Dpkg/FAQ>
+ for VERSION in $VERSIONS
+ rm -f g++-9 gcc-9 cpp-9 gcc
+ ln -s clang++-10 g++-9
+ ln -s clang-10 gcc-9
+ ln -s clang-10 cpp-9
+ ln -s clang-10 gcc
+ dpkg --set-selections
+ echo 'gcc-9 hold'
+ dpkg --set-selections
+ echo 'g++-9 hold'
+ for VERSION in $VERSIONS
+ rm -f g++-10 gcc-10 cpp-10 gcc
+ ln -s clang++-10 g++-10
+ ln -s clang-10 gcc-10
+ ln -s clang-10 cpp-10
+ ln -s clang-10 gcc
+ echo 'gcc-10 hold'
+ dpkg --set-selections
dpkg: warning: package not in status nor available database at line 1: gcc-10
dpkg: warning: found unknown packages; this might mean the available database
is outdated, and needs to be updated through a frontend method;
please see the FAQ <https://wiki.debian.org/Teams/Dpkg/FAQ>
+ echo 'g++-10 hold'
+ dpkg --set-selections
dpkg: warning: package not in status nor available database at line 1: g++-10
dpkg: warning: found unknown packages; this might mean the available database
is outdated, and needs to be updated through a frontend method;
please see the FAQ <https://wiki.debian.org/Teams/Dpkg/FAQ>
+ cd -
/build/libcorkipset-imVAVV
+ echo 'Check if gcc, g++ & cpp are actually clang'
Check if gcc, g++ & cpp are actually clang
+ gcc --version
+ grep clang
+ cpp --version
+ grep clang
+ g++ --version
+ grep clang

I: Finished running '/tmp/clang10'.

Finished processing commands.
--------------------------------------------------------------------------------
I: NOTICE: Log filtering will replace 'build/libcorkipset-imVAVV/resolver-C2Hv9S' with '<<RESOLVERDIR>>'

+------------------------------------------------------------------------------+
| Update chroot                                                                |
+------------------------------------------------------------------------------+

Hit:1 http://127.0.0.1:12990/debian sid InRelease
Reading package lists...
Reading package lists...
Building dependency tree...
Reading state information...
Calculating upgrade...
The following packages will be upgraded:
  libgmp10 zlib1g
2 upgraded, 0 newly installed, 0 to remove and 0 not upgraded.
Need to get 343 kB of archives.
After this operation, 0 B of additional disk space will be used.
Get:1 http://127.0.0.1:12990/debian sid/main amd64 libgmp10 amd64 2:6.2.0+dfsg-4 [253 kB]
Get:2 http://127.0.0.1:12990/debian sid/main amd64 zlib1g amd64 1:1.2.11.dfsg-2 [90.4 kB]
debconf: delaying package configuration, since apt-utils is not installed
Fetched 343 kB in 0s (5567 kB/s)
(Reading database ... (Reading database ... 5%(Reading database ... 10%(Reading database ... 15%(Reading database ... 20%(Reading database ... 25%(Reading database ... 30%(Reading database ... 35%(Reading database ... 40%(Reading database ... 45%(Reading database ... 50%(Reading database ... 55%(Reading database ... 60%(Reading database ... 65%(Reading database ... 70%(Reading database ... 75%(Reading database ... 80%(Reading database ... 85%(Reading database ... 90%(Reading database ... 95%(Reading database ... 100%(Reading database ... 12960 files and directories currently installed.)
Preparing to unpack .../libgmp10_2%3a6.2.0+dfsg-4_amd64.deb ...
Unpacking libgmp10:amd64 (2:6.2.0+dfsg-4) over (2:6.2.0+dfsg-3) ...
Setting up libgmp10:amd64 (2:6.2.0+dfsg-4) ...
(Reading database ... (Reading database ... 5%(Reading database ... 10%(Reading database ... 15%(Reading database ... 20%(Reading database ... 25%(Reading database ... 30%(Reading database ... 35%(Reading database ... 40%(Reading database ... 45%(Reading database ... 50%(Reading database ... 55%(Reading database ... 60%(Reading database ... 65%(Reading database ... 70%(Reading database ... 75%(Reading database ... 80%(Reading database ... 85%(Reading database ... 90%(Reading database ... 95%(Reading database ... 100%(Reading database ... 12960 files and directories currently installed.)
Preparing to unpack .../zlib1g_1%3a1.2.11.dfsg-2_amd64.deb ...
Unpacking zlib1g:amd64 (1:1.2.11.dfsg-2) over (1:1.2.11.dfsg-1.2) ...
Setting up zlib1g:amd64 (1:1.2.11.dfsg-2) ...
Processing triggers for libc-bin (2.29-10) ...

+------------------------------------------------------------------------------+
| Fetch source files                                                           |
+------------------------------------------------------------------------------+


Check APT
---------

Checking available source versions...

Download source files with APT
------------------------------

Reading package lists...
NOTICE: 'libcorkipset' packaging is maintained in the 'Git' version control system at:
https://github.com/rogers0/libcorkipset.git
Please use:
git clone https://github.com/rogers0/libcorkipset.git
to retrieve the latest (possibly unreleased) updates to the package.
Need to get 65.6 kB of source archives.
Get:1 http://127.0.0.1:12990/debian sid/main libcorkipset 1.1.1+20150311-8 (dsc) [2255 B]
Get:2 http://127.0.0.1:12990/debian sid/main libcorkipset 1.1.1+20150311-8 (tar) [49.7 kB]
Get:3 http://127.0.0.1:12990/debian sid/main libcorkipset 1.1.1+20150311-8 (diff) [13.6 kB]
Fetched 65.6 kB in 0s (607 kB/s)
Download complete and in download only mode
I: NOTICE: Log filtering will replace 'build/libcorkipset-imVAVV/libcorkipset-1.1.1+20150311' with '<<PKGBUILDDIR>>'
I: NOTICE: Log filtering will replace 'build/libcorkipset-imVAVV' with '<<BUILDDIR>>'

+------------------------------------------------------------------------------+
| Install package build dependencies                                           |
+------------------------------------------------------------------------------+


Setup apt archive
-----------------

Merged Build-Depends: check, cmake, debhelper (>= 10), help2man, libcork-dev (>= 0.15.0+ds-8), pkg-config, python3-sphinx, build-essential, fakeroot
Filtered Build-Depends: check, cmake, debhelper (>= 10), help2man, libcork-dev (>= 0.15.0+ds-8), pkg-config, python3-sphinx, build-essential, fakeroot
dpkg-deb: building package 'sbuild-build-depends-main-dummy' in '/<<RESOLVERDIR>>/apt_archive/sbuild-build-depends-main-dummy.deb'.
Ign:1 copy:/<<RESOLVERDIR>>/apt_archive ./ InRelease
Get:2 copy:/<<RESOLVERDIR>>/apt_archive ./ Release [957 B]
Ign:3 copy:/<<RESOLVERDIR>>/apt_archive ./ Release.gpg
Get:4 copy:/<<RESOLVERDIR>>/apt_archive ./ Sources [416 B]
Get:5 copy:/<<RESOLVERDIR>>/apt_archive ./ Packages [503 B]
Fetched 1876 B in 0s (50.8 kB/s)
Reading package lists...
Reading package lists...

Install main build dependencies (apt-based resolver)
----------------------------------------------------

Installing build dependencies
Reading package lists...
Building dependency tree...
Reading state information...
The following additional packages will be installed:
  autoconf automake autopoint autotools-dev bsdmainutils ca-certificates check
  cmake cmake-data debhelper dh-autoreconf dh-strip-nondeterminism
  docutils-common dwz file gettext gettext-base groff-base help2man
  intltool-debian libarchive-zip-perl libarchive13 libbrotli1 libcork-dev
  libcork16 libcroco3 libcurl4 libdebhelper-perl libelf1 libexpat1
  libfile-stripnondeterminism-perl libglib2.0-0 libgssapi-krb5-2 libicu63
  libjs-jquery libjs-sphinxdoc libjs-underscore libjsoncpp1 libk5crypto3
  libkeyutils1 libkrb5-3 libkrb5support0 libldap-2.4-2 libldap-common
  liblocale-gettext-perl libmagic-mgc libmagic1 libmpdec2 libncurses6
  libnghttp2-14 libpipeline1 libprocps8 libpsl5 libpython3-stdlib
  libpython3.7-minimal libpython3.7-stdlib libreadline8 librhash0 librtmp1
  libsasl2-2 libsasl2-modules-db libsigsegv2 libsqlite3-0 libssh2-1 libssl1.1
  libsub-override-perl libsubunit-dev libsubunit0 libtool libuchardet0 libuv1
  libxml2 m4 man-db mime-support openssl pkg-config po-debconf procps
  python-babel-localedata python3 python3-alabaster python3-attr python3-babel
  python3-certifi python3-chardet python3-distutils python3-docutils
  python3-idna python3-imagesize python3-jinja2 python3-lib2to3
  python3-markupsafe python3-minimal python3-packaging python3-pkg-resources
  python3-pygments python3-pyparsing python3-requests python3-roman
  python3-six python3-sphinx python3-tz python3-urllib3 python3.7
  python3.7-minimal readline-common sensible-utils sgml-base sphinx-common
  xml-core
Suggested packages:
  autoconf-archive gnu-standards autoconf-doc wamerican | wordlist whois
  vacation cmake-doc ninja-build dh-make gettext-doc libasprintf-dev
  libgettextpo-dev groff lrzip libcork-doc krb5-doc krb5-user libtool-doc
  gfortran | fortran95-compiler gcj-jdk m4-doc apparmor less www-browser
  libmail-box-perl python3-doc python3-tk python3-venv python-attr-doc
  docutils-doc fonts-linuxlibertine | ttf-linux-libertine texlive-lang-french
  texlive-latex-base texlive-latex-recommended python-jinja2-doc
  python3-setuptools python-pygments-doc ttf-bitstream-vera
  python-pyparsing-doc python3-cryptography python3-openssl python3-socks
  dvipng imagemagick-6.q16 latexmk libjs-mathjax python3-sphinx-rtd-theme
  python3-stemmer sphinx-doc texlive-fonts-recommended texlive-latex-extra
  texlive-plain-generic python3.7-venv python3.7-doc binfmt-support
  readline-doc sgml-base-doc
Recommended packages:
  curl | wget | lynx libarchive-cpio-perl libglib2.0-data shared-mime-info
  xdg-user-dirs javascript-common krb5-locales libgpm2 publicsuffix
  libsasl2-modules libltdl-dev libmail-sendmail-perl psmisc libpaper-utils
  python3-pil
The following NEW packages will be installed:
  autoconf automake autopoint autotools-dev bsdmainutils ca-certificates check
  cmake cmake-data debhelper dh-autoreconf dh-strip-nondeterminism
  docutils-common dwz file gettext gettext-base groff-base help2man
  intltool-debian libarchive-zip-perl libarchive13 libbrotli1 libcork-dev
  libcork16 libcroco3 libcurl4 libdebhelper-perl libelf1 libexpat1
  libfile-stripnondeterminism-perl libglib2.0-0 libgssapi-krb5-2 libicu63
  libjs-jquery libjs-sphinxdoc libjs-underscore libjsoncpp1 libk5crypto3
  libkeyutils1 libkrb5-3 libkrb5support0 libldap-2.4-2 libldap-common
  liblocale-gettext-perl libmagic-mgc libmagic1 libmpdec2 libncurses6
  libnghttp2-14 libpipeline1 libprocps8 libpsl5 libpython3-stdlib
  libpython3.7-minimal libpython3.7-stdlib libreadline8 librhash0 librtmp1
  libsasl2-2 libsasl2-modules-db libsigsegv2 libsqlite3-0 libssh2-1 libssl1.1
  libsub-override-perl libsubunit-dev libsubunit0 libtool libuchardet0 libuv1
  libxml2 m4 man-db mime-support openssl pkg-config po-debconf procps
  python-babel-localedata python3 python3-alabaster python3-attr python3-babel
  python3-certifi python3-chardet python3-distutils python3-docutils
  python3-idna python3-imagesize python3-jinja2 python3-lib2to3
  python3-markupsafe python3-minimal python3-packaging python3-pkg-resources
  python3-pygments python3-pyparsing python3-requests python3-roman
  python3-six python3-sphinx python3-tz python3-urllib3 python3.7
  python3.7-minimal readline-common sbuild-build-depends-main-dummy
  sensible-utils sgml-base sphinx-common xml-core
0 upgraded, 112 newly installed, 0 to remove and 0 not upgraded.
Need to get 44.8 MB of archives.
After this operation, 185 MB of additional disk space will be used.
Get:1 copy:/<<RESOLVERDIR>>/apt_archive ./ sbuild-build-depends-main-dummy 0.invalid.0 [932 B]
Get:2 http://127.0.0.1:12990/debian sid/main amd64 bsdmainutils amd64 11.1.2+b1 [191 kB]
Get:3 http://127.0.0.1:12990/debian sid/main amd64 libuchardet0 amd64 0.0.6-3 [64.9 kB]
Get:4 http://127.0.0.1:12990/debian sid/main amd64 groff-base amd64 1.22.4-4 [919 kB]
Get:5 http://127.0.0.1:12990/debian sid/main amd64 libpipeline1 amd64 1.5.2-2 [33.9 kB]
Get:6 http://127.0.0.1:12990/debian sid/main amd64 man-db amd64 2.9.0-2 [1307 kB]
Get:7 http://127.0.0.1:12990/debian sid/main amd64 liblocale-gettext-perl amd64 1.07-4 [18.8 kB]
Get:8 http://127.0.0.1:12990/debian sid/main amd64 libssl1.1 amd64 1.1.1d-2 [1540 kB]
Get:9 http://127.0.0.1:12990/debian sid/main amd64 libpython3.7-minimal amd64 3.7.6-1+b1 [591 kB]
Get:10 http://127.0.0.1:12990/debian sid/main amd64 libexpat1 amd64 2.2.9-1 [94.3 kB]
Get:11 http://127.0.0.1:12990/debian sid/main amd64 python3.7-minimal amd64 3.7.6-1+b1 [1813 kB]
Get:12 http://127.0.0.1:12990/debian sid/main amd64 python3-minimal amd64 3.7.5-3 [36.8 kB]
Get:13 http://127.0.0.1:12990/debian sid/main amd64 mime-support all 3.64 [37.8 kB]
Get:14 http://127.0.0.1:12990/debian sid/main amd64 libmpdec2 amd64 2.4.2-2 [87.2 kB]
Get:15 http://127.0.0.1:12990/debian sid/main amd64 readline-common all 8.0-3 [72.5 kB]
Get:16 http://127.0.0.1:12990/debian sid/main amd64 libreadline8 amd64 8.0-3 [160 kB]
Get:17 http://127.0.0.1:12990/debian sid/main amd64 libsqlite3-0 amd64 3.31.1-3 [661 kB]
Get:18 http://127.0.0.1:12990/debian sid/main amd64 libpython3.7-stdlib amd64 3.7.6-1+b1 [1735 kB]
Get:19 http://127.0.0.1:12990/debian sid/main amd64 python3.7 amd64 3.7.6-1+b1 [351 kB]
Get:20 http://127.0.0.1:12990/debian sid/main amd64 libpython3-stdlib amd64 3.7.5-3 [20.2 kB]
Get:21 http://127.0.0.1:12990/debian sid/main amd64 python3 amd64 3.7.5-3 [62.1 kB]
Get:22 http://127.0.0.1:12990/debian sid/main amd64 sgml-base all 1.29.1 [15.0 kB]
Get:23 http://127.0.0.1:12990/debian sid/main amd64 libncurses6 amd64 6.1+20191019-1 [102 kB]
Get:24 http://127.0.0.1:12990/debian sid/main amd64 libprocps8 amd64 2:3.3.16-1+b1 [62.8 kB]
Get:25 http://127.0.0.1:12990/debian sid/main amd64 procps amd64 2:3.3.16-1+b1 [263 kB]
Get:26 http://127.0.0.1:12990/debian sid/main amd64 sensible-utils all 0.0.12+nmu1 [16.0 kB]
Get:27 http://127.0.0.1:12990/debian sid/main amd64 libmagic-mgc amd64 1:5.38-4 [262 kB]
Get:28 http://127.0.0.1:12990/debian sid/main amd64 libmagic1 amd64 1:5.38-4 [120 kB]
Get:29 http://127.0.0.1:12990/debian sid/main amd64 file amd64 1:5.38-4 [67.9 kB]
Get:30 http://127.0.0.1:12990/debian sid/main amd64 gettext-base amd64 0.19.8.1-10 [123 kB]
Get:31 http://127.0.0.1:12990/debian sid/main amd64 libsigsegv2 amd64 2.12-2 [32.8 kB]
Get:32 http://127.0.0.1:12990/debian sid/main amd64 m4 amd64 1.4.18-4 [203 kB]
Get:33 http://127.0.0.1:12990/debian sid/main amd64 autoconf all 2.69-11.1 [341 kB]
Get:34 http://127.0.0.1:12990/debian sid/main amd64 autotools-dev all 20180224.1 [77.0 kB]
Get:35 http://127.0.0.1:12990/debian sid/main amd64 automake all 1:1.16.1-4 [771 kB]
Get:36 http://127.0.0.1:12990/debian sid/main amd64 autopoint all 0.19.8.1-10 [435 kB]
Get:37 http://127.0.0.1:12990/debian sid/main amd64 openssl amd64 1.1.1d-2 [840 kB]
Get:38 http://127.0.0.1:12990/debian sid/main amd64 ca-certificates all 20190110 [157 kB]
Get:39 http://127.0.0.1:12990/debian sid/main amd64 libsubunit0 amd64 1.3.0-6 [9500 B]
Get:40 http://127.0.0.1:12990/debian sid/main amd64 libsubunit-dev amd64 1.3.0-6 [10.4 kB]
Get:41 http://127.0.0.1:12990/debian sid/main amd64 check amd64 0.12.0-0.1 [113 kB]
Get:42 http://127.0.0.1:12990/debian sid/main amd64 cmake-data all 3.16.3-1 [1628 kB]
Get:43 http://127.0.0.1:12990/debian sid/main amd64 libicu63 amd64 63.2-2 [8301 kB]
Get:44 http://127.0.0.1:12990/debian sid/main amd64 libxml2 amd64 2.9.10+dfsg-3 [709 kB]
Get:45 http://127.0.0.1:12990/debian sid/main amd64 libarchive13 amd64 3.4.0-1+b1 [335 kB]
Get:46 http://127.0.0.1:12990/debian sid/main amd64 libbrotli1 amd64 1.0.7-6 [266 kB]
Get:47 http://127.0.0.1:12990/debian sid/main amd64 libkeyutils1 amd64 1.6.1-2 [15.4 kB]
Get:48 http://127.0.0.1:12990/debian sid/main amd64 libkrb5support0 amd64 1.17-6 [64.6 kB]
Get:49 http://127.0.0.1:12990/debian sid/main amd64 libk5crypto3 amd64 1.17-6 [116 kB]
Get:50 http://127.0.0.1:12990/debian sid/main amd64 libkrb5-3 amd64 1.17-6 [366 kB]
Get:51 http://127.0.0.1:12990/debian sid/main amd64 libgssapi-krb5-2 amd64 1.17-6 [156 kB]
Get:52 http://127.0.0.1:12990/debian sid/main amd64 libsasl2-modules-db amd64 2.1.27+dfsg-2 [69.0 kB]
Get:53 http://127.0.0.1:12990/debian sid/main amd64 libsasl2-2 amd64 2.1.27+dfsg-2 [106 kB]
Get:54 http://127.0.0.1:12990/debian sid/main amd64 libldap-common all 2.4.49+dfsg-1 [91.9 kB]
Get:55 http://127.0.0.1:12990/debian sid/main amd64 libldap-2.4-2 amd64 2.4.49+dfsg-1 [226 kB]
Get:56 http://127.0.0.1:12990/debian sid/main amd64 libnghttp2-14 amd64 1.40.0-1 [85.0 kB]
Get:57 http://127.0.0.1:12990/debian sid/main amd64 libpsl5 amd64 0.20.2-2 [53.7 kB]
Get:58 http://127.0.0.1:12990/debian sid/main amd64 librtmp1 amd64 2.4+20151223.gitfa8646d.1-2+b1 [60.8 kB]
Get:59 http://127.0.0.1:12990/debian sid/main amd64 libssh2-1 amd64 1.8.0-2.1 [140 kB]
Get:60 http://127.0.0.1:12990/debian sid/main amd64 libcurl4 amd64 7.68.0-1 [321 kB]
Get:61 http://127.0.0.1:12990/debian sid/main amd64 libjsoncpp1 amd64 1.7.4-3.1 [77.6 kB]
Get:62 http://127.0.0.1:12990/debian sid/main amd64 librhash0 amd64 1.3.9-1 [123 kB]
Get:63 http://127.0.0.1:12990/debian sid/main amd64 libuv1 amd64 1.34.2-1 [127 kB]
Get:64 http://127.0.0.1:12990/debian sid/main amd64 cmake amd64 3.16.3-1 [3673 kB]
Get:65 http://127.0.0.1:12990/debian sid/main amd64 libtool all 2.4.6-13 [513 kB]
Get:66 http://127.0.0.1:12990/debian sid/main amd64 dh-autoreconf all 19 [16.9 kB]
Get:67 http://127.0.0.1:12990/debian sid/main amd64 libdebhelper-perl all 12.9 [183 kB]
Get:68 http://127.0.0.1:12990/debian sid/main amd64 libarchive-zip-perl all 1.67-1 [104 kB]
Get:69 http://127.0.0.1:12990/debian sid/main amd64 libsub-override-perl all 0.09-2 [10.2 kB]
Get:70 http://127.0.0.1:12990/debian sid/main amd64 libfile-stripnondeterminism-perl all 1.6.3-2 [23.7 kB]
Get:71 http://127.0.0.1:12990/debian sid/main amd64 dh-strip-nondeterminism all 1.6.3-2 [14.7 kB]
Get:72 http://127.0.0.1:12990/debian sid/main amd64 libelf1 amd64 0.176-1.1 [161 kB]
Get:73 http://127.0.0.1:12990/debian sid/main amd64 dwz amd64 0.13-5 [151 kB]
Get:74 http://127.0.0.1:12990/debian sid/main amd64 libglib2.0-0 amd64 2.62.4-2 [1319 kB]
Get:75 http://127.0.0.1:12990/debian sid/main amd64 libcroco3 amd64 0.6.13-1 [146 kB]
Get:76 http://127.0.0.1:12990/debian sid/main amd64 gettext amd64 0.19.8.1-10 [1303 kB]
Get:77 http://127.0.0.1:12990/debian sid/main amd64 intltool-debian all 0.35.0+20060710.5 [26.8 kB]
Get:78 http://127.0.0.1:12990/debian sid/main amd64 po-debconf all 1.0.21 [248 kB]
Get:79 http://127.0.0.1:12990/debian sid/main amd64 debhelper all 12.9 [994 kB]
Get:80 http://127.0.0.1:12990/debian sid/main amd64 xml-core all 0.18+nmu1 [23.8 kB]
Get:81 http://127.0.0.1:12990/debian sid/main amd64 docutils-common all 0.16+dfsg-1 [129 kB]
Get:82 http://127.0.0.1:12990/debian sid/main amd64 help2man amd64 1.47.12 [180 kB]
Get:83 http://127.0.0.1:12990/debian sid/main amd64 libcork16 amd64 0.15.0+ds-12 [38.0 kB]
Get:84 http://127.0.0.1:12990/debian sid/main amd64 libcork-dev amd64 0.15.0+ds-12 [29.1 kB]
Get:85 http://127.0.0.1:12990/debian sid/main amd64 libjs-jquery all 3.3.1~dfsg-3 [332 kB]
Get:86 http://127.0.0.1:12990/debian sid/main amd64 libjs-underscore all 1.9.1~dfsg-1 [99.4 kB]
Get:87 http://127.0.0.1:12990/debian sid/main amd64 libjs-sphinxdoc all 1.8.5-5 [96.7 kB]
Get:88 http://127.0.0.1:12990/debian sid/main amd64 pkg-config amd64 0.29-6 [63.5 kB]
Get:89 http://127.0.0.1:12990/debian sid/main amd64 python-babel-localedata all 2.8.0+dfsg.1-2 [4399 kB]
Get:90 http://127.0.0.1:12990/debian sid/main amd64 python3-alabaster all 0.7.8-1 [18.4 kB]
Get:91 http://127.0.0.1:12990/debian sid/main amd64 python3-attr all 19.3.0-1 [43.1 kB]
Get:92 http://127.0.0.1:12990/debian sid/main amd64 python3-pkg-resources all 44.0.0-1 [155 kB]
Get:93 http://127.0.0.1:12990/debian sid/main amd64 python3-tz all 2019.3-1 [27.2 kB]
Get:94 http://127.0.0.1:12990/debian sid/main amd64 python3-babel all 2.8.0+dfsg.1-2 [99.8 kB]
Get:95 http://127.0.0.1:12990/debian sid/main amd64 python3-certifi all 2019.11.28-1 [149 kB]
Get:96 http://127.0.0.1:12990/debian sid/main amd64 python3-chardet all 3.0.4-4 [80.8 kB]
Get:97 http://127.0.0.1:12990/debian sid/main amd64 python3-lib2to3 all 3.8.0-1 [78.3 kB]
Get:98 http://127.0.0.1:12990/debian sid/main amd64 python3-distutils all 3.8.0-1 [145 kB]
Get:99 http://127.0.0.1:12990/debian sid/main amd64 python3-roman all 2.0.0-3 [8768 B]
Get:100 http://127.0.0.1:12990/debian sid/main amd64 python3-docutils all 0.16+dfsg-1 [383 kB]
Get:101 http://127.0.0.1:12990/debian sid/main amd64 python3-idna all 2.6-2 [34.4 kB]
Get:102 http://127.0.0.1:12990/debian sid/main amd64 python3-imagesize all 1.2.0-1 [5764 B]
Get:103 http://127.0.0.1:12990/debian sid/main amd64 python3-markupsafe amd64 1.1.0-1+b2 [15.5 kB]
Get:104 http://127.0.0.1:12990/debian sid/main amd64 python3-jinja2 all 2.10.1-1 [107 kB]
Get:105 http://127.0.0.1:12990/debian sid/main amd64 python3-pyparsing all 2.4.6-1 [109 kB]
Get:106 http://127.0.0.1:12990/debian sid/main amd64 python3-six all 1.14.0-2 [16.7 kB]
Get:107 http://127.0.0.1:12990/debian sid/main amd64 python3-packaging all 19.1-2 [23.9 kB]
Get:108 http://127.0.0.1:12990/debian sid/main amd64 python3-pygments all 2.3.1+dfsg-1 [594 kB]
Get:109 http://127.0.0.1:12990/debian sid/main amd64 python3-urllib3 all 1.25.8-1 [104 kB]
Get:110 http://127.0.0.1:12990/debian sid/main amd64 python3-requests all 2.22.0-2 [67.0 kB]
Get:111 http://127.0.0.1:12990/debian sid/main amd64 sphinx-common all 1.8.5-5 [491 kB]
Get:112 http://127.0.0.1:12990/debian sid/main amd64 python3-sphinx all 1.8.5-5 [482 kB]
debconf: delaying package configuration, since apt-utils is not installed
Fetched 44.8 MB in 1s (57.6 MB/s)
Selecting previously unselected package bsdmainutils.
(Reading database ... 12960 files and directories currently installed.)
Preparing to unpack .../0-bsdmainutils_11.1.2+b1_amd64.deb ...
Unpacking bsdmainutils (11.1.2+b1) ...
Selecting previously unselected package libuchardet0:amd64.
Preparing to unpack .../1-libuchardet0_0.0.6-3_amd64.deb ...
Unpacking libuchardet0:amd64 (0.0.6-3) ...
Selecting previously unselected package groff-base.
Preparing to unpack .../2-groff-base_1.22.4-4_amd64.deb ...
Unpacking groff-base (1.22.4-4) ...
Selecting previously unselected package libpipeline1:amd64.
Preparing to unpack .../3-libpipeline1_1.5.2-2_amd64.deb ...
Unpacking libpipeline1:amd64 (1.5.2-2) ...
Selecting previously unselected package man-db.
Preparing to unpack .../4-man-db_2.9.0-2_amd64.deb ...
Unpacking man-db (2.9.0-2) ...
Selecting previously unselected package liblocale-gettext-perl.
Preparing to unpack .../5-liblocale-gettext-perl_1.07-4_amd64.deb ...
Unpacking liblocale-gettext-perl (1.07-4) ...
Selecting previously unselected package libssl1.1:amd64.
Preparing to unpack .../6-libssl1.1_1.1.1d-2_amd64.deb ...
Unpacking libssl1.1:amd64 (1.1.1d-2) ...
Selecting previously unselected package libpython3.7-minimal:amd64.
Preparing to unpack .../7-libpython3.7-minimal_3.7.6-1+b1_amd64.deb ...
Unpacking libpython3.7-minimal:amd64 (3.7.6-1+b1) ...
Selecting previously unselected package libexpat1:amd64.
Preparing to unpack .../8-libexpat1_2.2.9-1_amd64.deb ...
Unpacking libexpat1:amd64 (2.2.9-1) ...
Selecting previously unselected package python3.7-minimal.
Preparing to unpack .../9-python3.7-minimal_3.7.6-1+b1_amd64.deb ...
Unpacking python3.7-minimal (3.7.6-1+b1) ...
Setting up libssl1.1:amd64 (1.1.1d-2) ...
Setting up libpython3.7-minimal:amd64 (3.7.6-1+b1) ...
Setting up libexpat1:amd64 (2.2.9-1) ...
Setting up python3.7-minimal (3.7.6-1+b1) ...
Selecting previously unselected package python3-minimal.
(Reading database ... 13883 files and directories currently installed.)
Preparing to unpack .../0-python3-minimal_3.7.5-3_amd64.deb ...
Unpacking python3-minimal (3.7.5-3) ...
Selecting previously unselected package mime-support.
Preparing to unpack .../1-mime-support_3.64_all.deb ...
Unpacking mime-support (3.64) ...
Selecting previously unselected package libmpdec2:amd64.
Preparing to unpack .../2-libmpdec2_2.4.2-2_amd64.deb ...
Unpacking libmpdec2:amd64 (2.4.2-2) ...
Selecting previously unselected package readline-common.
Preparing to unpack .../3-readline-common_8.0-3_all.deb ...
Unpacking readline-common (8.0-3) ...
Selecting previously unselected package libreadline8:amd64.
Preparing to unpack .../4-libreadline8_8.0-3_amd64.deb ...
Unpacking libreadline8:amd64 (8.0-3) ...
Selecting previously unselected package libsqlite3-0:amd64.
Preparing to unpack .../5-libsqlite3-0_3.31.1-3_amd64.deb ...
Unpacking libsqlite3-0:amd64 (3.31.1-3) ...
Selecting previously unselected package libpython3.7-stdlib:amd64.
Preparing to unpack .../6-libpython3.7-stdlib_3.7.6-1+b1_amd64.deb ...
Unpacking libpython3.7-stdlib:amd64 (3.7.6-1+b1) ...
Selecting previously unselected package python3.7.
Preparing to unpack .../7-python3.7_3.7.6-1+b1_amd64.deb ...
Unpacking python3.7 (3.7.6-1+b1) ...
Selecting previously unselected package libpython3-stdlib:amd64.
Preparing to unpack .../8-libpython3-stdlib_3.7.5-3_amd64.deb ...
Unpacking libpython3-stdlib:amd64 (3.7.5-3) ...
Setting up python3-minimal (3.7.5-3) ...
Selecting previously unselected package python3.
(Reading database ... 14354 files and directories currently installed.)
Preparing to unpack .../00-python3_3.7.5-3_amd64.deb ...
Unpacking python3 (3.7.5-3) ...
Selecting previously unselected package sgml-base.
Preparing to unpack .../01-sgml-base_1.29.1_all.deb ...
Unpacking sgml-base (1.29.1) ...
Selecting previously unselected package libncurses6:amd64.
Preparing to unpack .../02-libncurses6_6.1+20191019-1_amd64.deb ...
Unpacking libncurses6:amd64 (6.1+20191019-1) ...
Selecting previously unselected package libprocps8:amd64.
Preparing to unpack .../03-libprocps8_2%3a3.3.16-1+b1_amd64.deb ...
Unpacking libprocps8:amd64 (2:3.3.16-1+b1) ...
Selecting previously unselected package procps.
Preparing to unpack .../04-procps_2%3a3.3.16-1+b1_amd64.deb ...
Unpacking procps (2:3.3.16-1+b1) ...
Selecting previously unselected package sensible-utils.
Preparing to unpack .../05-sensible-utils_0.0.12+nmu1_all.deb ...
Unpacking sensible-utils (0.0.12+nmu1) ...
Selecting previously unselected package libmagic-mgc.
Preparing to unpack .../06-libmagic-mgc_1%3a5.38-4_amd64.deb ...
Unpacking libmagic-mgc (1:5.38-4) ...
Selecting previously unselected package libmagic1:amd64.
Preparing to unpack .../07-libmagic1_1%3a5.38-4_amd64.deb ...
Unpacking libmagic1:amd64 (1:5.38-4) ...
Selecting previously unselected package file.
Preparing to unpack .../08-file_1%3a5.38-4_amd64.deb ...
Unpacking file (1:5.38-4) ...
Selecting previously unselected package gettext-base.
Preparing to unpack .../09-gettext-base_0.19.8.1-10_amd64.deb ...
Unpacking gettext-base (0.19.8.1-10) ...
Selecting previously unselected package libsigsegv2:amd64.
Preparing to unpack .../10-libsigsegv2_2.12-2_amd64.deb ...
Unpacking libsigsegv2:amd64 (2.12-2) ...
Selecting previously unselected package m4.
Preparing to unpack .../11-m4_1.4.18-4_amd64.deb ...
Unpacking m4 (1.4.18-4) ...
Selecting previously unselected package autoconf.
Preparing to unpack .../12-autoconf_2.69-11.1_all.deb ...
Unpacking autoconf (2.69-11.1) ...
Selecting previously unselected package autotools-dev.
Preparing to unpack .../13-autotools-dev_20180224.1_all.deb ...
Unpacking autotools-dev (20180224.1) ...
Selecting previously unselected package automake.
Preparing to unpack .../14-automake_1%3a1.16.1-4_all.deb ...
Unpacking automake (1:1.16.1-4) ...
Selecting previously unselected package autopoint.
Preparing to unpack .../15-autopoint_0.19.8.1-10_all.deb ...
Unpacking autopoint (0.19.8.1-10) ...
Selecting previously unselected package openssl.
Preparing to unpack .../16-openssl_1.1.1d-2_amd64.deb ...
Unpacking openssl (1.1.1d-2) ...
Selecting previously unselected package ca-certificates.
Preparing to unpack .../17-ca-certificates_20190110_all.deb ...
Unpacking ca-certificates (20190110) ...
Selecting previously unselected package libsubunit0:amd64.
Preparing to unpack .../18-libsubunit0_1.3.0-6_amd64.deb ...
Unpacking libsubunit0:amd64 (1.3.0-6) ...
Selecting previously unselected package libsubunit-dev:amd64.
Preparing to unpack .../19-libsubunit-dev_1.3.0-6_amd64.deb ...
Unpacking libsubunit-dev:amd64 (1.3.0-6) ...
Selecting previously unselected package check:amd64.
Preparing to unpack .../20-check_0.12.0-0.1_amd64.deb ...
Unpacking check:amd64 (0.12.0-0.1) ...
Selecting previously unselected package cmake-data.
Preparing to unpack .../21-cmake-data_3.16.3-1_all.deb ...
Unpacking cmake-data (3.16.3-1) ...
Selecting previously unselected package libicu63:amd64.
Preparing to unpack .../22-libicu63_63.2-2_amd64.deb ...
Unpacking libicu63:amd64 (63.2-2) ...
Selecting previously unselected package libxml2:amd64.
Preparing to unpack .../23-libxml2_2.9.10+dfsg-3_amd64.deb ...
Unpacking libxml2:amd64 (2.9.10+dfsg-3) ...
Selecting previously unselected package libarchive13:amd64.
Preparing to unpack .../24-libarchive13_3.4.0-1+b1_amd64.deb ...
Unpacking libarchive13:amd64 (3.4.0-1+b1) ...
Selecting previously unselected package libbrotli1:amd64.
Preparing to unpack .../25-libbrotli1_1.0.7-6_amd64.deb ...
Unpacking libbrotli1:amd64 (1.0.7-6) ...
Selecting previously unselected package libkeyutils1:amd64.
Preparing to unpack .../26-libkeyutils1_1.6.1-2_amd64.deb ...
Unpacking libkeyutils1:amd64 (1.6.1-2) ...
Selecting previously unselected package libkrb5support0:amd64.
Preparing to unpack .../27-libkrb5support0_1.17-6_amd64.deb ...
Unpacking libkrb5support0:amd64 (1.17-6) ...
Selecting previously unselected package libk5crypto3:amd64.
Preparing to unpack .../28-libk5crypto3_1.17-6_amd64.deb ...
Unpacking libk5crypto3:amd64 (1.17-6) ...
Selecting previously unselected package libkrb5-3:amd64.
Preparing to unpack .../29-libkrb5-3_1.17-6_amd64.deb ...
Unpacking libkrb5-3:amd64 (1.17-6) ...
Selecting previously unselected package libgssapi-krb5-2:amd64.
Preparing to unpack .../30-libgssapi-krb5-2_1.17-6_amd64.deb ...
Unpacking libgssapi-krb5-2:amd64 (1.17-6) ...
Selecting previously unselected package libsasl2-modules-db:amd64.
Preparing to unpack .../31-libsasl2-modules-db_2.1.27+dfsg-2_amd64.deb ...
Unpacking libsasl2-modules-db:amd64 (2.1.27+dfsg-2) ...
Selecting previously unselected package libsasl2-2:amd64.
Preparing to unpack .../32-libsasl2-2_2.1.27+dfsg-2_amd64.deb ...
Unpacking libsasl2-2:amd64 (2.1.27+dfsg-2) ...
Selecting previously unselected package libldap-common.
Preparing to unpack .../33-libldap-common_2.4.49+dfsg-1_all.deb ...
Unpacking libldap-common (2.4.49+dfsg-1) ...
Selecting previously unselected package libldap-2.4-2:amd64.
Preparing to unpack .../34-libldap-2.4-2_2.4.49+dfsg-1_amd64.deb ...
Unpacking libldap-2.4-2:amd64 (2.4.49+dfsg-1) ...
Selecting previously unselected package libnghttp2-14:amd64.
Preparing to unpack .../35-libnghttp2-14_1.40.0-1_amd64.deb ...
Unpacking libnghttp2-14:amd64 (1.40.0-1) ...
Selecting previously unselected package libpsl5:amd64.
Preparing to unpack .../36-libpsl5_0.20.2-2_amd64.deb ...
Unpacking libpsl5:amd64 (0.20.2-2) ...
Selecting previously unselected package librtmp1:amd64.
Preparing to unpack .../37-librtmp1_2.4+20151223.gitfa8646d.1-2+b1_amd64.deb ...
Unpacking librtmp1:amd64 (2.4+20151223.gitfa8646d.1-2+b1) ...
Selecting previously unselected package libssh2-1:amd64.
Preparing to unpack .../38-libssh2-1_1.8.0-2.1_amd64.deb ...
Unpacking libssh2-1:amd64 (1.8.0-2.1) ...
Selecting previously unselected package libcurl4:amd64.
Preparing to unpack .../39-libcurl4_7.68.0-1_amd64.deb ...
Unpacking libcurl4:amd64 (7.68.0-1) ...
Selecting previously unselected package libjsoncpp1:amd64.
Preparing to unpack .../40-libjsoncpp1_1.7.4-3.1_amd64.deb ...
Unpacking libjsoncpp1:amd64 (1.7.4-3.1) ...
Selecting previously unselected package librhash0:amd64.
Preparing to unpack .../41-librhash0_1.3.9-1_amd64.deb ...
Unpacking librhash0:amd64 (1.3.9-1) ...
Selecting previously unselected package libuv1:amd64.
Preparing to unpack .../42-libuv1_1.34.2-1_amd64.deb ...
Unpacking libuv1:amd64 (1.34.2-1) ...
Selecting previously unselected package cmake.
Preparing to unpack .../43-cmake_3.16.3-1_amd64.deb ...
Unpacking cmake (3.16.3-1) ...
Selecting previously unselected package libtool.
Preparing to unpack .../44-libtool_2.4.6-13_all.deb ...
Unpacking libtool (2.4.6-13) ...
Selecting previously unselected package dh-autoreconf.
Preparing to unpack .../45-dh-autoreconf_19_all.deb ...
Unpacking dh-autoreconf (19) ...
Selecting previously unselected package libdebhelper-perl.
Preparing to unpack .../46-libdebhelper-perl_12.9_all.deb ...
Unpacking libdebhelper-perl (12.9) ...
Selecting previously unselected package libarchive-zip-perl.
Preparing to unpack .../47-libarchive-zip-perl_1.67-1_all.deb ...
Unpacking libarchive-zip-perl (1.67-1) ...
Selecting previously unselected package libsub-override-perl.
Preparing to unpack .../48-libsub-override-perl_0.09-2_all.deb ...
Unpacking libsub-override-perl (0.09-2) ...
Selecting previously unselected package libfile-stripnondeterminism-perl.
Preparing to unpack .../49-libfile-stripnondeterminism-perl_1.6.3-2_all.deb ...
Unpacking libfile-stripnondeterminism-perl (1.6.3-2) ...
Selecting previously unselected package dh-strip-nondeterminism.
Preparing to unpack .../50-dh-strip-nondeterminism_1.6.3-2_all.deb ...
Unpacking dh-strip-nondeterminism (1.6.3-2) ...
Selecting previously unselected package libelf1:amd64.
Preparing to unpack .../51-libelf1_0.176-1.1_amd64.deb ...
Unpacking libelf1:amd64 (0.176-1.1) ...
Selecting previously unselected package dwz.
Preparing to unpack .../52-dwz_0.13-5_amd64.deb ...
Unpacking dwz (0.13-5) ...
Selecting previously unselected package libglib2.0-0:amd64.
Preparing to unpack .../53-libglib2.0-0_2.62.4-2_amd64.deb ...
Unpacking libglib2.0-0:amd64 (2.62.4-2) ...
Selecting previously unselected package libcroco3:amd64.
Preparing to unpack .../54-libcroco3_0.6.13-1_amd64.deb ...
Unpacking libcroco3:amd64 (0.6.13-1) ...
Selecting previously unselected package gettext.
Preparing to unpack .../55-gettext_0.19.8.1-10_amd64.deb ...
Unpacking gettext (0.19.8.1-10) ...
Selecting previously unselected package intltool-debian.
Preparing to unpack .../56-intltool-debian_0.35.0+20060710.5_all.deb ...
Unpacking intltool-debian (0.35.0+20060710.5) ...
Selecting previously unselected package po-debconf.
Preparing to unpack .../57-po-debconf_1.0.21_all.deb ...
Unpacking po-debconf (1.0.21) ...
Selecting previously unselected package debhelper.
Preparing to unpack .../58-debhelper_12.9_all.deb ...
Unpacking debhelper (12.9) ...
Selecting previously unselected package xml-core.
Preparing to unpack .../59-xml-core_0.18+nmu1_all.deb ...
Unpacking xml-core (0.18+nmu1) ...
Selecting previously unselected package docutils-common.
Preparing to unpack .../60-docutils-common_0.16+dfsg-1_all.deb ...
Unpacking docutils-common (0.16+dfsg-1) ...
Selecting previously unselected package help2man.
Preparing to unpack .../61-help2man_1.47.12_amd64.deb ...
Unpacking help2man (1.47.12) ...
Selecting previously unselected package libcork16:amd64.
Preparing to unpack .../62-libcork16_0.15.0+ds-12_amd64.deb ...
Unpacking libcork16:amd64 (0.15.0+ds-12) ...
Selecting previously unselected package libcork-dev:amd64.
Preparing to unpack .../63-libcork-dev_0.15.0+ds-12_amd64.deb ...
Unpacking libcork-dev:amd64 (0.15.0+ds-12) ...
Selecting previously unselected package libjs-jquery.
Preparing to unpack .../64-libjs-jquery_3.3.1~dfsg-3_all.deb ...
Unpacking libjs-jquery (3.3.1~dfsg-3) ...
Selecting previously unselected package libjs-underscore.
Preparing to unpack .../65-libjs-underscore_1.9.1~dfsg-1_all.deb ...
Unpacking libjs-underscore (1.9.1~dfsg-1) ...
Selecting previously unselected package libjs-sphinxdoc.
Preparing to unpack .../66-libjs-sphinxdoc_1.8.5-5_all.deb ...
Unpacking libjs-sphinxdoc (1.8.5-5) ...
Selecting previously unselected package pkg-config.
Preparing to unpack .../67-pkg-config_0.29-6_amd64.deb ...
Unpacking pkg-config (0.29-6) ...
Selecting previously unselected package python-babel-localedata.
Preparing to unpack .../68-python-babel-localedata_2.8.0+dfsg.1-2_all.deb ...
Unpacking python-babel-localedata (2.8.0+dfsg.1-2) ...
Selecting previously unselected package python3-alabaster.
Preparing to unpack .../69-python3-alabaster_0.7.8-1_all.deb ...
Unpacking python3-alabaster (0.7.8-1) ...
Selecting previously unselected package python3-attr.
Preparing to unpack .../70-python3-attr_19.3.0-1_all.deb ...
Unpacking python3-attr (19.3.0-1) ...
Selecting previously unselected package python3-pkg-resources.
Preparing to unpack .../71-python3-pkg-resources_44.0.0-1_all.deb ...
Unpacking python3-pkg-resources (44.0.0-1) ...
Selecting previously unselected package python3-tz.
Preparing to unpack .../72-python3-tz_2019.3-1_all.deb ...
Unpacking python3-tz (2019.3-1) ...
Selecting previously unselected package python3-babel.
Preparing to unpack .../73-python3-babel_2.8.0+dfsg.1-2_all.deb ...
Unpacking python3-babel (2.8.0+dfsg.1-2) ...
Selecting previously unselected package python3-certifi.
Preparing to unpack .../74-python3-certifi_2019.11.28-1_all.deb ...
Unpacking python3-certifi (2019.11.28-1) ...
Selecting previously unselected package python3-chardet.
Preparing to unpack .../75-python3-chardet_3.0.4-4_all.deb ...
Unpacking python3-chardet (3.0.4-4) ...
Selecting previously unselected package python3-lib2to3.
Preparing to unpack .../76-python3-lib2to3_3.8.0-1_all.deb ...
Unpacking python3-lib2to3 (3.8.0-1) ...
Selecting previously unselected package python3-distutils.
Preparing to unpack .../77-python3-distutils_3.8.0-1_all.deb ...
Unpacking python3-distutils (3.8.0-1) ...
Selecting previously unselected package python3-roman.
Preparing to unpack .../78-python3-roman_2.0.0-3_all.deb ...
Unpacking python3-roman (2.0.0-3) ...
Selecting previously unselected package python3-docutils.
Preparing to unpack .../79-python3-docutils_0.16+dfsg-1_all.deb ...
Unpacking python3-docutils (0.16+dfsg-1) ...
Selecting previously unselected package python3-idna.
Preparing to unpack .../80-python3-idna_2.6-2_all.deb ...
Unpacking python3-idna (2.6-2) ...
Selecting previously unselected package python3-imagesize.
Preparing to unpack .../81-python3-imagesize_1.2.0-1_all.deb ...
Unpacking python3-imagesize (1.2.0-1) ...
Selecting previously unselected package python3-markupsafe.
Preparing to unpack .../82-python3-markupsafe_1.1.0-1+b2_amd64.deb ...
Unpacking python3-markupsafe (1.1.0-1+b2) ...
Selecting previously unselected package python3-jinja2.
Preparing to unpack .../83-python3-jinja2_2.10.1-1_all.deb ...
Unpacking python3-jinja2 (2.10.1-1) ...
Selecting previously unselected package python3-pyparsing.
Preparing to unpack .../84-python3-pyparsing_2.4.6-1_all.deb ...
Unpacking python3-pyparsing (2.4.6-1) ...
Selecting previously unselected package python3-six.
Preparing to unpack .../85-python3-six_1.14.0-2_all.deb ...
Unpacking python3-six (1.14.0-2) ...
Selecting previously unselected package python3-packaging.
Preparing to unpack .../86-python3-packaging_19.1-2_all.deb ...
Unpacking python3-packaging (19.1-2) ...
Selecting previously unselected package python3-pygments.
Preparing to unpack .../87-python3-pygments_2.3.1+dfsg-1_all.deb ...
Unpacking python3-pygments (2.3.1+dfsg-1) ...
Selecting previously unselected package python3-urllib3.
Preparing to unpack .../88-python3-urllib3_1.25.8-1_all.deb ...
Unpacking python3-urllib3 (1.25.8-1) ...
Selecting previously unselected package python3-requests.
Preparing to unpack .../89-python3-requests_2.22.0-2_all.deb ...
Unpacking python3-requests (2.22.0-2) ...
Selecting previously unselected package sphinx-common.
Preparing to unpack .../90-sphinx-common_1.8.5-5_all.deb ...
Unpacking sphinx-common (1.8.5-5) ...
Selecting previously unselected package python3-sphinx.
Preparing to unpack .../91-python3-sphinx_1.8.5-5_all.deb ...
Unpacking python3-sphinx (1.8.5-5) ...
Selecting previously unselected package sbuild-build-depends-main-dummy.
Preparing to unpack .../92-sbuild-build-depends-main-dummy_0.invalid.0_amd64.deb ...
Unpacking sbuild-build-depends-main-dummy (0.invalid.0) ...
Setting up libpipeline1:amd64 (1.5.2-2) ...
Setting up libkeyutils1:amd64 (1.6.1-2) ...
Setting up libpsl5:amd64 (0.20.2-2) ...
Setting up mime-support (3.64) ...
Setting up libmagic-mgc (1:5.38-4) ...
Setting up libarchive-zip-perl (1.67-1) ...
Setting up libglib2.0-0:amd64 (2.62.4-2) ...
No schema files found: doing nothing.
Setting up libdebhelper-perl (12.9) ...
Setting up libbrotli1:amd64 (1.0.7-6) ...
Setting up libsqlite3-0:amd64 (3.31.1-3) ...
Setting up libnghttp2-14:amd64 (1.40.0-1) ...
Setting up libmagic1:amd64 (1:5.38-4) ...
Setting up gettext-base (0.19.8.1-10) ...
Setting up file (1:5.38-4) ...
Setting up libsubunit0:amd64 (1.3.0-6) ...
Setting up libldap-common (2.4.49+dfsg-1) ...
Setting up libicu63:amd64 (63.2-2) ...
Setting up python-babel-localedata (2.8.0+dfsg.1-2) ...
Setting up libkrb5support0:amd64 (1.17-6) ...
Setting up libsasl2-modules-db:amd64 (2.1.27+dfsg-2) ...
Setting up autotools-dev (20180224.1) ...
Setting up libuv1:amd64 (1.34.2-1) ...
Setting up librtmp1:amd64 (2.4+20151223.gitfa8646d.1-2+b1) ...
Setting up libncurses6:amd64 (6.1+20191019-1) ...
Setting up libsigsegv2:amd64 (2.12-2) ...
Setting up bsdmainutils (11.1.2+b1) ...
update-alternatives: using /usr/bin/bsd-write to provide /usr/bin/write (write) in auto mode
update-alternatives: using /usr/bin/bsd-from to provide /usr/bin/from (from) in auto mode
Setting up autopoint (0.19.8.1-10) ...
Setting up pkg-config (0.29-6) ...
Setting up libk5crypto3:amd64 (1.17-6) ...
Setting up libsasl2-2:amd64 (2.1.27+dfsg-2) ...
Setting up libcork16:amd64 (0.15.0+ds-12) ...
Setting up sensible-utils (0.0.12+nmu1) ...
Setting up librhash0:amd64 (1.3.9-1) ...
Setting up libuchardet0:amd64 (0.0.6-3) ...
Setting up libsub-override-perl (0.09-2) ...
Setting up libssh2-1:amd64 (1.8.0-2.1) ...
Setting up sgml-base (1.29.1) ...
Setting up cmake-data (3.16.3-1) ...
Setting up libkrb5-3:amd64 (1.17-6) ...
Setting up libmpdec2:amd64 (2.4.2-2) ...
Setting up libjs-jquery (3.3.1~dfsg-3) ...
Setting up openssl (1.1.1d-2) ...
Setting up libelf1:amd64 (0.176-1.1) ...
Setting up readline-common (8.0-3) ...
Setting up libxml2:amd64 (2.9.10+dfsg-3) ...
Setting up liblocale-gettext-perl (1.07-4) ...
Setting up libprocps8:amd64 (2:3.3.16-1+b1) ...
Setting up libjsoncpp1:amd64 (1.7.4-3.1) ...
Setting up libjs-underscore (1.9.1~dfsg-1) ...
Setting up libfile-stripnondeterminism-perl (1.6.3-2) ...
Setting up libtool (2.4.6-13) ...
Setting up libarchive13:amd64 (3.4.0-1+b1) ...
Setting up libreadline8:amd64 (8.0-3) ...
Setting up libsubunit-dev:amd64 (1.3.0-6) ...
Setting up libldap-2.4-2:amd64 (2.4.49+dfsg-1) ...
Setting up m4 (1.4.18-4) ...
Setting up help2man (1.47.12) ...
Setting up ca-certificates (20190110) ...
Updating certificates in /etc/ssl/certs...
128 added, 0 removed; done.
Setting up libcork-dev:amd64 (0.15.0+ds-12) ...
Setting up check:amd64 (0.12.0-0.1) ...
Setting up libgssapi-krb5-2:amd64 (1.17-6) ...
Setting up libcroco3:amd64 (0.6.13-1) ...
Setting up libjs-sphinxdoc (1.8.5-5) ...
Setting up autoconf (2.69-11.1) ...
Setting up dh-strip-nondeterminism (1.6.3-2) ...
Setting up dwz (0.13-5) ...
Setting up groff-base (1.22.4-4) ...
Setting up xml-core (0.18+nmu1) ...
Setting up procps (2:3.3.16-1+b1) ...
update-alternatives: using /usr/bin/w.procps to provide /usr/bin/w (w) in auto mode
Setting up libcurl4:amd64 (7.68.0-1) ...
Setting up automake (1:1.16.1-4) ...
update-alternatives: using /usr/bin/automake-1.16 to provide /usr/bin/automake (automake) in auto mode
Setting up libpython3.7-stdlib:amd64 (3.7.6-1+b1) ...
Setting up gettext (0.19.8.1-10) ...
Setting up man-db (2.9.0-2) ...
Not building database; man-db/auto-update is not 'true'.
Setting up intltool-debian (0.35.0+20060710.5) ...
Setting up sphinx-common (1.8.5-5) ...
Setting up cmake (3.16.3-1) ...
Setting up libpython3-stdlib:amd64 (3.7.5-3) ...
Setting up python3.7 (3.7.6-1+b1) ...
Setting up po-debconf (1.0.21) ...
Setting up python3 (3.7.5-3) ...
Setting up python3-markupsafe (1.1.0-1+b2) ...
Setting up python3-tz (2019.3-1) ...
Setting up python3-six (1.14.0-2) ...
Setting up python3-roman (2.0.0-3) ...
Setting up python3-jinja2 (2.10.1-1) ...
Setting up python3-pygments (2.3.1+dfsg-1) ...
Setting up python3-pyparsing (2.4.6-1) ...
Setting up python3-certifi (2019.11.28-1) ...
Setting up python3-idna (2.6-2) ...
Setting up python3-urllib3 (1.25.8-1) ...
Setting up python3-lib2to3 (3.8.0-1) ...
Setting up python3-imagesize (1.2.0-1) ...
Setting up python3-pkg-resources (44.0.0-1) ...
Setting up python3-distutils (3.8.0-1) ...
Setting up python3-attr (19.3.0-1) ...
Setting up python3-babel (2.8.0+dfsg.1-2) ...
update-alternatives: using /usr/bin/pybabel-python3 to provide /usr/bin/pybabel (pybabel) in auto mode
Setting up python3-alabaster (0.7.8-1) ...
Setting up python3-packaging (19.1-2) ...
Setting up python3-chardet (3.0.4-4) ...
Setting up python3-requests (2.22.0-2) ...
Setting up dh-autoreconf (19) ...
Setting up debhelper (12.9) ...
Processing triggers for libc-bin (2.29-10) ...
Processing triggers for sgml-base (1.29.1) ...
Setting up docutils-common (0.16+dfsg-1) ...
Processing triggers for sgml-base (1.29.1) ...
Setting up python3-docutils (0.16+dfsg-1) ...
update-alternatives: using /usr/share/docutils/scripts/python3/rst-buildhtml to provide /usr/bin/rst-buildhtml (rst-buildhtml) in auto mode
update-alternatives: using /usr/share/docutils/scripts/python3/rst2html to provide /usr/bin/rst2html (rst2html) in auto mode
update-alternatives: using /usr/share/docutils/scripts/python3/rst2html4 to provide /usr/bin/rst2html4 (rst2html4) in auto mode
update-alternatives: using /usr/share/docutils/scripts/python3/rst2html5 to provide /usr/bin/rst2html5 (rst2html5) in auto mode
update-alternatives: using /usr/share/docutils/scripts/python3/rst2latex to provide /usr/bin/rst2latex (rst2latex) in auto mode
update-alternatives: using /usr/share/docutils/scripts/python3/rst2man to provide /usr/bin/rst2man (rst2man) in auto mode
update-alternatives: using /usr/share/docutils/scripts/python3/rst2odt to provide /usr/bin/rst2odt (rst2odt) in auto mode
update-alternatives: using /usr/share/docutils/scripts/python3/rst2odt_prepstyles to provide /usr/bin/rst2odt_prepstyles (rst2odt_prepstyles) in auto mode
update-alternatives: using /usr/share/docutils/scripts/python3/rst2pseudoxml to provide /usr/bin/rst2pseudoxml (rst2pseudoxml) in auto mode
update-alternatives: using /usr/share/docutils/scripts/python3/rst2s5 to provide /usr/bin/rst2s5 (rst2s5) in auto mode
update-alternatives: using /usr/share/docutils/scripts/python3/rst2xetex to provide /usr/bin/rst2xetex (rst2xetex) in auto mode
update-alternatives: using /usr/share/docutils/scripts/python3/rst2xml to provide /usr/bin/rst2xml (rst2xml) in auto mode
update-alternatives: using /usr/share/docutils/scripts/python3/rstpep2html to provide /usr/bin/rstpep2html (rstpep2html) in auto mode
Setting up python3-sphinx (1.8.5-5) ...
update-alternatives: using /usr/share/sphinx/scripts/python3/sphinx-apidoc to provide /usr/bin/sphinx-apidoc (sphinx-apidoc) in auto mode
update-alternatives: using /usr/share/sphinx/scripts/python3/sphinx-autogen to provide /usr/bin/sphinx-autogen (sphinx-autogen) in auto mode
update-alternatives: using /usr/share/sphinx/scripts/python3/sphinx-build to provide /usr/bin/sphinx-build (sphinx-build) in auto mode
update-alternatives: using /usr/share/sphinx/scripts/python3/sphinx-quickstart to provide /usr/bin/sphinx-quickstart (sphinx-quickstart) in auto mode
Setting up sbuild-build-depends-main-dummy (0.invalid.0) ...
Processing triggers for ca-certificates (20190110) ...
Updating certificates in /etc/ssl/certs...
0 added, 0 removed; done.
Running hooks in /etc/ca-certificates/update.d...
done.

+------------------------------------------------------------------------------+
| Check architectures                                                          |
+------------------------------------------------------------------------------+

Arch check ok (amd64 included in any all)

+------------------------------------------------------------------------------+
| Build environment                                                            |
+------------------------------------------------------------------------------+

Kernel: Linux 4.19.0-6-cloud-amd64 #1 SMP Debian 4.19.67-2+deb10u2 (2019-11-11) amd64 (x86_64)
Toolchain package versions: binutils_2.34-3 dpkg-dev_1.19.7 g++-9_9.2.1-29 gcc-9_9.2.1-29 libc6-dev_2.29-10 libstdc++-9-dev_9.2.1-29 libstdc++6_10-20200222-1 linux-libc-dev_5.4.19-1
Package versions: adduser_3.118 apt_1.8.4 autoconf_2.69-11.1 automake_1:1.16.1-4 autopoint_0.19.8.1-10 autotools-dev_20180224.1 base-files_11 base-passwd_3.5.47 bash_5.0-5 binutils_2.34-3 binutils-common_2.34-3 binutils-x86-64-linux-gnu_2.34-3 bsdmainutils_11.1.2+b1 bsdutils_1:2.34-0.1 build-essential_12.8 bzip2_1.0.8-2 ca-certificates_20190110 check_0.12.0-0.1 clang-10_1:10.0.0~+rc2-1 cmake_3.16.3-1 cmake-data_3.16.3-1 coreutils_8.30-3+b1 cpp_4:9.2.1-3.1 cpp-9_9.2.1-29 dash_0.5.10.2-6 debconf_1.5.73 debhelper_12.9 debian-archive-keyring_2019.1 debianutils_4.9.1 dh-autoreconf_19 dh-strip-nondeterminism_1.6.3-2 diffutils_1:3.7-3 docutils-common_0.16+dfsg-1 dpkg_1.19.7 dpkg-dev_1.19.7 dwz_0.13-5 e2fsprogs_1.45.5-2 fakeroot_1.24-1 fdisk_2.34-0.1 file_1:5.38-4 findutils_4.7.0-1 g++_4:9.2.1-3.1 g++-9_9.2.1-29 gcc_4:9.2.1-3.1 gcc-10-base_10-20200222-1 gcc-9_9.2.1-29 gcc-9-base_9.2.1-29 gettext_0.19.8.1-10 gettext-base_0.19.8.1-10 gpgv_2.2.19-1 grep_3.4-1 groff-base_1.22.4-4 gzip_1.9-3+b1 help2man_1.47.12 hostname_3.23 init-system-helpers_1.57 intltool-debian_0.35.0+20060710.5 lib32gcc-s1_10-20200222-1 lib32gcc1_1:10-20200222-1 lib32stdc++6_10-20200222-1 libacl1_2.2.53-5 libapt-pkg5.0_1.8.4 libarchive-zip-perl_1.67-1 libarchive13_3.4.0-1+b1 libasan5_9.2.1-29 libatomic1_10-20200222-1 libattr1_1:2.4.48-5 libaudit-common_1:2.8.5-2 libaudit1_1:2.8.5-2+b1 libbinutils_2.34-3 libblkid1_2.34-0.1 libbrotli1_1.0.7-6 libbsd0_0.10.0-1 libbz2-1.0_1.0.8-2 libc-bin_2.29-10 libc-dev-bin_2.29-10 libc6_2.29-10 libc6-dev_2.29-10 libc6-i386_2.29-10 libcap-ng0_0.7.9-2.1+b1 libcc1-0_10-20200222-1 libclang-common-10-dev_1:10.0.0~+rc2-1 libclang-cpp10_1:10.0.0~+rc2-1 libclang1-10_1:10.0.0~+rc2-1 libcom-err2_1.45.5-2 libcork-dev_0.15.0+ds-12 libcork16_0.15.0+ds-12 libcroco3_0.6.13-1 libcrypt-dev_1:4.4.10-10 libcrypt1_1:4.4.10-10 libctf-nobfd0_2.34-3 libctf0_2.34-3 libcurl4_7.68.0-1 libdb5.3_5.3.28+dfsg1-0.6 libdebconfclient0_0.251 libdebhelper-perl_12.9 libdpkg-perl_1.19.7 libedit2_3.1-20191231-1 libelf1_0.176-1.1 libexpat1_2.2.9-1 libext2fs2_1.45.5-2 libfakeroot_1.24-1 libfdisk1_2.34-0.1 libffi7_3.3-3 libfile-stripnondeterminism-perl_1.6.3-2 libgc1c2_1:7.6.4-0.4 libgcc-9-dev_9.2.1-29 libgcc-s1_10-20200222-1 libgcc1_1:10-20200222-1 libgcrypt20_1.8.5-5 libgdbm-compat4_1.18.1-5 libgdbm6_1.18.1-5 libglib2.0-0_2.62.4-2 libgmp10_2:6.2.0+dfsg-4 libgnutls30_3.6.12-2 libgomp1_10-20200222-1 libgpg-error0_1.37-1 libgssapi-krb5-2_1.17-6 libhogweed5_3.5.1+really3.5.1-2 libicu63_63.2-2 libidn2-0_2.2.0-2 libisl22_0.22.1-1 libitm1_10-20200222-1 libjs-jquery_3.3.1~dfsg-3 libjs-sphinxdoc_1.8.5-5 libjs-underscore_1.9.1~dfsg-1 libjsoncpp1_1.7.4-3.1 libk5crypto3_1.17-6 libkeyutils1_1.6.1-2 libkrb5-3_1.17-6 libkrb5support0_1.17-6 libldap-2.4-2_2.4.49+dfsg-1 libldap-common_2.4.49+dfsg-1 libllvm10_1:10.0.0~+rc2-1 liblocale-gettext-perl_1.07-4 liblsan0_10-20200222-1 liblz4-1_1.9.2-2 liblzma5_5.2.4-1+b1 libmagic-mgc_1:5.38-4 libmagic1_1:5.38-4 libmount1_2.34-0.1 libmpc3_1.1.0-1 libmpdec2_2.4.2-2 libmpfr6_4.0.2-1 libncurses6_6.1+20191019-1 libncursesw6_6.1+20191019-1 libnettle7_3.5.1+really3.5.1-2 libnghttp2-14_1.40.0-1 libobjc-9-dev_9.2.1-29 libobjc4_10-20200222-1 libomp-10-dev_1:10.0.0~+rc2-1 libomp5-10_1:10.0.0~+rc2-1 libp11-kit0_0.23.20-1 libpam-modules_1.3.1-5 libpam-modules-bin_1.3.1-5 libpam-runtime_1.3.1-5 libpam0g_1.3.1-5 libpcre2-8-0_10.34-7 libpcre3_2:8.39-12+b1 libperl5.30_5.30.0-9 libpipeline1_1.5.2-2 libprocps8_2:3.3.16-1+b1 libpsl5_0.20.2-2 libpython3-stdlib_3.7.5-3 libpython3.7-minimal_3.7.6-1+b1 libpython3.7-stdlib_3.7.6-1+b1 libquadmath0_10-20200222-1 libreadline8_8.0-3 librhash0_1.3.9-1 librtmp1_2.4+20151223.gitfa8646d.1-2+b1 libsasl2-2_2.1.27+dfsg-2 libsasl2-modules-db_2.1.27+dfsg-2 libseccomp2_2.4.2-2 libselinux1_3.0-1+b1 libsemanage-common_3.0-1 libsemanage1_3.0-1+b1 libsepol1_3.0-1 libsigsegv2_2.12-2 libsmartcols1_2.34-0.1 libsqlite3-0_3.31.1-3 libss2_1.45.5-2 libssh2-1_1.8.0-2.1 libssl1.1_1.1.1d-2 libstdc++-9-dev_9.2.1-29 libstdc++6_10-20200222-1 libsub-override-perl_0.09-2 libsubunit-dev_1.3.0-6 libsubunit0_1.3.0-6 libsystemd0_244.3-1 libtasn1-6_4.16.0-2 libtinfo6_6.1+20191019-1 libtool_2.4.6-13 libtsan0_10-20200222-1 libubsan1_10-20200222-1 libuchardet0_0.0.6-3 libudev1_244.3-1 libunistring2_0.9.10-2 libuuid1_2.34-0.1 libuv1_1.34.2-1 libxml2_2.9.10+dfsg-3 libz3-4_4.8.7-4 libzstd1_1.4.4+dfsg-3 linux-libc-dev_5.4.19-1 login_1:4.8.1-1 logsave_1.45.5-2 lsb-base_11.1.0 m4_1.4.18-4 make_4.2.1-1.2 man-db_2.9.0-2 mawk_1.3.4.20200120-2 mime-support_3.64 mount_2.34-0.1 ncurses-base_6.1+20191019-1 ncurses-bin_6.1+20191019-1 openssl_1.1.1d-2 passwd_1:4.8.1-1 patch_2.7.6-6 perl_5.30.0-9 perl-base_5.30.0-9 perl-modules-5.30_5.30.0-9 pkg-config_0.29-6 po-debconf_1.0.21 procps_2:3.3.16-1+b1 python-babel-localedata_2.8.0+dfsg.1-2 python3_3.7.5-3 python3-alabaster_0.7.8-1 python3-attr_19.3.0-1 python3-babel_2.8.0+dfsg.1-2 python3-certifi_2019.11.28-1 python3-chardet_3.0.4-4 python3-distutils_3.8.0-1 python3-docutils_0.16+dfsg-1 python3-idna_2.6-2 python3-imagesize_1.2.0-1 python3-jinja2_2.10.1-1 python3-lib2to3_3.8.0-1 python3-markupsafe_1.1.0-1+b2 python3-minimal_3.7.5-3 python3-packaging_19.1-2 python3-pkg-resources_44.0.0-1 python3-pygments_2.3.1+dfsg-1 python3-pyparsing_2.4.6-1 python3-requests_2.22.0-2 python3-roman_2.0.0-3 python3-six_1.14.0-2 python3-sphinx_1.8.5-5 python3-tz_2019.3-1 python3-urllib3_1.25.8-1 python3.7_3.7.6-1+b1 python3.7-minimal_3.7.6-1+b1 readline-common_8.0-3 sbuild-build-depends-main-dummy_0.invalid.0 sed_4.7-1 sensible-utils_0.0.12+nmu1 sgml-base_1.29.1 sphinx-common_1.8.5-5 sysvinit-utils_2.96-2.1 tar_1.30+dfsg-6+b1 tzdata_2019c-3 util-linux_2.34-0.1 xml-core_0.18+nmu1 xz-utils_5.2.4-1+b1 zlib1g_1:1.2.11.dfsg-2

+------------------------------------------------------------------------------+
| Build                                                                        |
+------------------------------------------------------------------------------+


Unpack source
-------------

-----BEGIN PGP SIGNED MESSAGE-----
Hash: SHA512

Format: 3.0 (quilt)
Source: libcorkipset
Binary: libcorkipset-utils, libcorkipset-dev, libcorkipset1, libcorkipset-doc
Architecture: any all
Version: 1.1.1+20150311-8
Maintainer: Roger Shimizu <rogershimizu@gmail.com>
Homepage: https://github.com/redjack/ipset
Standards-Version: 4.1.1
Vcs-Browser: https://github.com/rogers0/libcorkipset
Vcs-Git: https://github.com/rogers0/libcorkipset.git
Testsuite: autopkgtest
Build-Depends: check, cmake, debhelper (>= 10), help2man, libcork-dev (>= 0.15.0+ds-8), pkg-config, python3-sphinx
Package-List:
 libcorkipset-dev deb libdevel optional arch=any
 libcorkipset-doc deb doc optional arch=all
 libcorkipset-utils deb libs optional arch=any
 libcorkipset1 deb libs optional arch=any
Checksums-Sha1:
 8a76115db480e41cde8a2b822ef8f0fd03f4a8a1 49676 libcorkipset_1.1.1+20150311.orig.tar.xz
 6c792995fe2a2db6e5585b0b7ef4a1b4c4ac0c89 13632 libcorkipset_1.1.1+20150311-8.debian.tar.xz
Checksums-Sha256:
 6ff060e78d3265bb1bf4f53eee2a46b68b718901de3596dd36fac1e8a75ca341 49676 libcorkipset_1.1.1+20150311.orig.tar.xz
 58857078d48df12e461b5583039bb084cc1d788117acd72d482c7cab854cc498 13632 libcorkipset_1.1.1+20150311-8.debian.tar.xz
Files:
 9b26ae1904579d11e8479ad5fe022533 49676 libcorkipset_1.1.1+20150311.orig.tar.xz
 0ca90234939a782bed38732ef99351ed 13632 libcorkipset_1.1.1+20150311-8.debian.tar.xz

-----BEGIN PGP SIGNATURE-----

iQJLBAEBCgA1FiEECjKtvoA5m+cWOFnspHhrDacDNKgFAlnuDpQXHHJvZ2Vyc2hp
bWl6dUBnbWFpbC5jb20ACgkQpHhrDacDNKiOuQ//e1npvp74nVKGLgWv0rWOEWjr
cTzYs2hUOPS8l3zKvzx3fug5Y+NzTGZSZMOoZFPaFd91xdS+agIKrczu9quIEOew
Ob/gUYQkGzeAt9/mTm3j5C/qngKh2ZoClSt4CcRGJvyY3FMn+mPCzmwkGC+aTduv
WbnbcxPJZ2JwYJh3uRvZ/Qrv6bZef+BHCyaX3C1HzCAlCTqnsotiS3sD18Sg1eiy
NzAcwcucYsg5Fm2n37/D5wroZMpzNqycVLe+DRP/D1XmzYI3vnxPFSk+63Eh8f2O
b2lUsWTu8r6JVbj1GbJPBxnEBujtdgGCPIy2RWEImllQFa/sMLGvS8jtrIEe5BG5
acriK6cSc7n1+ZVA86NNsxe41pYsrzlMQwgL3gYCK5vWPkoGq5Nxa+Aaoj6X3yJI
FfOWBMyjwwhtNgxRdXXzCJh0qNd0YH+H0iPLDT+gRfP8yaqW1BLUjKYu7RfBgF+I
z1c+fO71WG0UtKo4JzIz3HCh+pYhvKyxHAqc+LcsXqH0o6sabwD6OpE6AKMNlyFE
2fUzP1jS4v6CkkEqR/R+CpSARtQN1LVIeVYi1vDHWx6QIewsKajQAsf4UTgkXkI/
PAzXX5fOzI7AZjTQr2xetZTlOiRN/OcmYlo2BAoKnH36jSgsQ4/shMDeE07+K3FH
67WYJSqncuyw+Ir9aEA=
=i0CI
-----END PGP SIGNATURE-----

gpgv: unknown type of key resource 'trustedkeys.kbx'
gpgv: keyblock resource '/sbuild-nonexistent/.gnupg/trustedkeys.kbx': General error
gpgv: Signature made Mon Oct 23 15:45:24 2017 UTC
gpgv:                using RSA key 0A32ADBE80399BE7163859ECA4786B0DA70334A8
gpgv:                issuer "rogershimizu@gmail.com"
gpgv: Can't check signature: No public key
dpkg-source: warning: failed to verify signature on ./libcorkipset_1.1.1+20150311-8.dsc
dpkg-source: info: extracting libcorkipset in /<<PKGBUILDDIR>>
dpkg-source: info: unpacking libcorkipset_1.1.1+20150311.orig.tar.xz
dpkg-source: info: unpacking libcorkipset_1.1.1+20150311-8.debian.tar.xz
dpkg-source: info: using patch list from debian/patches/series
dpkg-source: info: applying 0001-remove-dependency-on-git-command.patch
dpkg-source: info: applying 0002-fix-build-with-static-libcheck-library.patch
dpkg-source: info: applying 0003-rename-library-name-SONAME-to-libcorkipset.patch
dpkg-source: info: applying 0004-update-test-of-python-cram-according-to-libcork.patch
dpkg-source: info: applying 0005-add-library-multi-arch-support.patch
dpkg-source: info: applying 0006-Revert-Remove-old-Sphinx-documentation-template.patch
dpkg-source: info: applying 0007-checkout-sphinx-style-docs-CMakeLists.txt.patch
dpkg-source: info: applying 0008-setup-docs-folder-and-make-index-works.patch
dpkg-source: info: applying 0009-support-cmake-threads.patch
dpkg-source: info: applying 0010-fix-typo-in-src-CMakeLists.txt.patch

Check disk space
----------------

Sufficient free space for build

User Environment
----------------

APT_CONFIG=/var/lib/sbuild/apt.conf
HOME=/sbuild-nonexistent
LANG=C.UTF-8
LC_ALL=C.UTF-8
LOGNAME=user42
PATH=/usr/local/sbin:/usr/local/bin:/usr/sbin:/usr/bin:/sbin:/bin:/usr/games
SCHROOT_ALIAS_NAME=unstable
SCHROOT_CHROOT_NAME=sid-amd64-sbuild
SCHROOT_COMMAND=env
SCHROOT_GID=1001
SCHROOT_GROUP=user42
SCHROOT_SESSION_ID=sid-amd64-sbuild-5721c986-9005-464e-919d-567cfee4b235
SCHROOT_UID=1001
SCHROOT_USER=user42
SHELL=/bin/sh
USER=user42

dpkg-buildpackage
-----------------

Command: dpkg-buildpackage -us -uc -b -rfakeroot
dpkg-buildpackage: info: source package libcorkipset
dpkg-buildpackage: info: source version 1.1.1+20150311-8
dpkg-buildpackage: info: source distribution unstable
dpkg-buildpackage: info: source changed by Roger Shimizu <rogershimizu@gmail.com>
 dpkg-source --before-build .
dpkg-buildpackage: info: host architecture amd64
 fakeroot debian/rules clean
dh clean --with sphinxdoc
   dh_clean
 debian/rules build
dh build --with sphinxdoc
   dh_update_autotools_config
   dh_autoreconf
   dh_auto_configure
	cd obj-x86_64-linux-gnu && cmake -DCMAKE_INSTALL_PREFIX=/usr -DCMAKE_BUILD_TYPE=None -DCMAKE_INSTALL_SYSCONFDIR=/etc -DCMAKE_INSTALL_LOCALSTATEDIR=/var -DCMAKE_EXPORT_NO_PACKAGE_REGISTRY=ON -DCMAKE_FIND_PACKAGE_NO_PACKAGE_REGISTRY=ON "-GUnix Makefiles" -DCMAKE_VERBOSE_MAKEFILE=ON -DCMAKE_INSTALL_LIBDIR=lib/x86_64-linux-gnu ..
-- The C compiler identification is Clang 10.0.0
-- The CXX compiler identification is Clang 10.0.0
-- Check for working C compiler: /usr/bin/cc
-- Check for working C compiler: /usr/bin/cc -- works
-- Detecting C compiler ABI info
-- Detecting C compiler ABI info - done
-- Detecting C compile features
-- Detecting C compile features - done
-- Check for working CXX compiler: /usr/bin/c++
-- Check for working CXX compiler: /usr/bin/c++ -- works
-- Detecting CXX compiler ABI info
-- Detecting CXX compiler ABI info - done
-- Detecting CXX compile features
-- Detecting CXX compile features - done
-- Found PkgConfig: /usr/bin/pkg-config (found version "0.29") 
-- Checking for module 'libcork >= 0.12.0'
--   Found libcork , version 0.15.0+ds-12
-- Looking for pthread.h
-- Looking for pthread.h - found
-- Performing Test CMAKE_HAVE_LIBC_PTHREAD
-- Performing Test CMAKE_HAVE_LIBC_PTHREAD - Failed
-- Looking for pthread_create in pthreads
-- Looking for pthread_create in pthreads - not found
-- Looking for pthread_create in pthread
-- Looking for pthread_create in pthread - found
-- Found Threads: TRUE  
-- Checking for module 'check'
--   Found check, version 0.12.0
-- Found PythonInterp: /usr/bin/python3.7 (found version "3.7.6") 
-- Configuring done
-- Generating done
CMake Warning:
  Manually-specified variables were not used by the project:

    CMAKE_EXPORT_NO_PACKAGE_REGISTRY


-- Build files have been written to: /<<PKGBUILDDIR>>/obj-x86_64-linux-gnu
   dh_auto_build
	cd obj-x86_64-linux-gnu && make -j4
make[1]: Entering directory '/<<PKGBUILDDIR>>/obj-x86_64-linux-gnu'
/usr/bin/cmake -S/<<PKGBUILDDIR>> -B/<<PKGBUILDDIR>>/obj-x86_64-linux-gnu --check-build-system CMakeFiles/Makefile.cmake 0
/usr/bin/cmake -E cmake_progress_start /<<PKGBUILDDIR>>/obj-x86_64-linux-gnu/CMakeFiles /<<PKGBUILDDIR>>/obj-x86_64-linux-gnu/CMakeFiles/progress.marks
make -f CMakeFiles/Makefile2 all
make[2]: Entering directory '/<<PKGBUILDDIR>>/obj-x86_64-linux-gnu'
make -f docs/CMakeFiles/doc.dir/build.make docs/CMakeFiles/doc.dir/depend
make -f src/CMakeFiles/libcorkipset.dir/build.make src/CMakeFiles/libcorkipset.dir/depend
make[3]: Entering directory '/<<PKGBUILDDIR>>/obj-x86_64-linux-gnu'
cd /<<PKGBUILDDIR>>/obj-x86_64-linux-gnu && /usr/bin/cmake -E cmake_depends "Unix Makefiles" /<<PKGBUILDDIR>> /<<PKGBUILDDIR>>/docs /<<PKGBUILDDIR>>/obj-x86_64-linux-gnu /<<PKGBUILDDIR>>/obj-x86_64-linux-gnu/docs /<<PKGBUILDDIR>>/obj-x86_64-linux-gnu/docs/CMakeFiles/doc.dir/DependInfo.cmake --color=
make[3]: Entering directory '/<<PKGBUILDDIR>>/obj-x86_64-linux-gnu'
cd /<<PKGBUILDDIR>>/obj-x86_64-linux-gnu && /usr/bin/cmake -E cmake_depends "Unix Makefiles" /<<PKGBUILDDIR>> /<<PKGBUILDDIR>>/src /<<PKGBUILDDIR>>/obj-x86_64-linux-gnu /<<PKGBUILDDIR>>/obj-x86_64-linux-gnu/src /<<PKGBUILDDIR>>/obj-x86_64-linux-gnu/src/CMakeFiles/libcorkipset.dir/DependInfo.cmake --color=
Scanning dependencies of target doc
make[3]: Leaving directory '/<<PKGBUILDDIR>>/obj-x86_64-linux-gnu'
make -f docs/CMakeFiles/doc.dir/build.make docs/CMakeFiles/doc.dir/build
make[3]: Entering directory '/<<PKGBUILDDIR>>/obj-x86_64-linux-gnu'
Scanning dependencies of target libcorkipset
make[3]: Leaving directory '/<<PKGBUILDDIR>>/obj-x86_64-linux-gnu'
make -f src/CMakeFiles/libcorkipset.dir/build.make src/CMakeFiles/libcorkipset.dir/build
make[3]: Entering directory '/<<PKGBUILDDIR>>/obj-x86_64-linux-gnu'
[  2%] Building HTML documentation with Sphinx
cd /<<PKGBUILDDIR>>/obj-x86_64-linux-gnu/docs && /usr/bin/sphinx-build -b html -d /<<PKGBUILDDIR>>/obj-x86_64-linux-gnu/docs/_doctrees -c /<<PKGBUILDDIR>>/obj-x86_64-linux-gnu/docs /<<PKGBUILDDIR>>/docs /<<PKGBUILDDIR>>/obj-x86_64-linux-gnu/docs/html
[  5%] Building C object src/CMakeFiles/libcorkipset.dir/libipset/general.c.o
[ 10%] Building C object src/CMakeFiles/libcorkipset.dir/libipset/bdd/basics.c.o
[ 10%] Building C object src/CMakeFiles/libcorkipset.dir/libipset/bdd/assignments.c.o
cd /<<PKGBUILDDIR>>/obj-x86_64-linux-gnu/src && /usr/bin/cc -Dlibcorkipset_EXPORTS -I/<<PKGBUILDDIR>>/include -I/<<PKGBUILDDIR>>/src/include  -g -O2 -fdebug-prefix-map=/<<PKGBUILDDIR>>=. -fstack-protector-strong -Wformat -Werror=format-security -Wdate-time -D_FORTIFY_SOURCE=2 -fPIC   -Wall -Werror -o CMakeFiles/libcorkipset.dir/libipset/general.c.o   -c /<<PKGBUILDDIR>>/src/libipset/general.c
cd /<<PKGBUILDDIR>>/obj-x86_64-linux-gnu/src && /usr/bin/cc -Dlibcorkipset_EXPORTS -I/<<PKGBUILDDIR>>/include -I/<<PKGBUILDDIR>>/src/include  -g -O2 -fdebug-prefix-map=/<<PKGBUILDDIR>>=. -fstack-protector-strong -Wformat -Werror=format-security -Wdate-time -D_FORTIFY_SOURCE=2 -fPIC   -Wall -Werror -o CMakeFiles/libcorkipset.dir/libipset/bdd/assignments.c.o   -c /<<PKGBUILDDIR>>/src/libipset/bdd/assignments.c
cd /<<PKGBUILDDIR>>/obj-x86_64-linux-gnu/src && /usr/bin/cc -Dlibcorkipset_EXPORTS -I/<<PKGBUILDDIR>>/include -I/<<PKGBUILDDIR>>/src/include  -g -O2 -fdebug-prefix-map=/<<PKGBUILDDIR>>=. -fstack-protector-strong -Wformat -Werror=format-security -Wdate-time -D_FORTIFY_SOURCE=2 -fPIC   -Wall -Werror -o CMakeFiles/libcorkipset.dir/libipset/bdd/basics.c.o   -c /<<PKGBUILDDIR>>/src/libipset/bdd/basics.c
[ 12%] Building C object src/CMakeFiles/libcorkipset.dir/libipset/bdd/bdd-iterator.c.o
cd /<<PKGBUILDDIR>>/obj-x86_64-linux-gnu/src && /usr/bin/cc -Dlibcorkipset_EXPORTS -I/<<PKGBUILDDIR>>/include -I/<<PKGBUILDDIR>>/src/include  -g -O2 -fdebug-prefix-map=/<<PKGBUILDDIR>>=. -fstack-protector-strong -Wformat -Werror=format-security -Wdate-time -D_FORTIFY_SOURCE=2 -fPIC   -Wall -Werror -o CMakeFiles/libcorkipset.dir/libipset/bdd/bdd-iterator.c.o   -c /<<PKGBUILDDIR>>/src/libipset/bdd/bdd-iterator.c
[ 15%] Building C object src/CMakeFiles/libcorkipset.dir/libipset/bdd/expanded.c.o
cd /<<PKGBUILDDIR>>/obj-x86_64-linux-gnu/src && /usr/bin/cc -Dlibcorkipset_EXPORTS -I/<<PKGBUILDDIR>>/include -I/<<PKGBUILDDIR>>/src/include  -g -O2 -fdebug-prefix-map=/<<PKGBUILDDIR>>=. -fstack-protector-strong -Wformat -Werror=format-security -Wdate-time -D_FORTIFY_SOURCE=2 -fPIC   -Wall -Werror -o CMakeFiles/libcorkipset.dir/libipset/bdd/expanded.c.o   -c /<<PKGBUILDDIR>>/src/libipset/bdd/expanded.c
[ 17%] Building C object src/CMakeFiles/libcorkipset.dir/libipset/bdd/reachable.c.o
cd /<<PKGBUILDDIR>>/obj-x86_64-linux-gnu/src && /usr/bin/cc -Dlibcorkipset_EXPORTS -I/<<PKGBUILDDIR>>/include -I/<<PKGBUILDDIR>>/src/include  -g -O2 -fdebug-prefix-map=/<<PKGBUILDDIR>>=. -fstack-protector-strong -Wformat -Werror=format-security -Wdate-time -D_FORTIFY_SOURCE=2 -fPIC   -Wall -Werror -o CMakeFiles/libcorkipset.dir/libipset/bdd/reachable.c.o   -c /<<PKGBUILDDIR>>/src/libipset/bdd/reachable.c
[ 20%] Building C object src/CMakeFiles/libcorkipset.dir/libipset/bdd/read.c.o
cd /<<PKGBUILDDIR>>/obj-x86_64-linux-gnu/src && /usr/bin/cc -Dlibcorkipset_EXPORTS -I/<<PKGBUILDDIR>>/include -I/<<PKGBUILDDIR>>/src/include  -g -O2 -fdebug-prefix-map=/<<PKGBUILDDIR>>=. -fstack-protector-strong -Wformat -Werror=format-security -Wdate-time -D_FORTIFY_SOURCE=2 -fPIC   -Wall -Werror -o CMakeFiles/libcorkipset.dir/libipset/bdd/read.c.o   -c /<<PKGBUILDDIR>>/src/libipset/bdd/read.c
[ 23%] Building C object src/CMakeFiles/libcorkipset.dir/libipset/bdd/write.c.o
cd /<<PKGBUILDDIR>>/obj-x86_64-linux-gnu/src && /usr/bin/cc -Dlibcorkipset_EXPORTS -I/<<PKGBUILDDIR>>/include -I/<<PKGBUILDDIR>>/src/include  -g -O2 -fdebug-prefix-map=/<<PKGBUILDDIR>>=. -fstack-protector-strong -Wformat -Werror=format-security -Wdate-time -D_FORTIFY_SOURCE=2 -fPIC   -Wall -Werror -o CMakeFiles/libcorkipset.dir/libipset/bdd/write.c.o   -c /<<PKGBUILDDIR>>/src/libipset/bdd/write.c
Running Sphinx v1.8.5
[ 25%] Building C object src/CMakeFiles/libcorkipset.dir/libipset/map/allocation.c.o
cd /<<PKGBUILDDIR>>/obj-x86_64-linux-gnu/src && /usr/bin/cc -Dlibcorkipset_EXPORTS -I/<<PKGBUILDDIR>>/include -I/<<PKGBUILDDIR>>/src/include  -g -O2 -fdebug-prefix-map=/<<PKGBUILDDIR>>=. -fstack-protector-strong -Wformat -Werror=format-security -Wdate-time -D_FORTIFY_SOURCE=2 -fPIC   -Wall -Werror -o CMakeFiles/libcorkipset.dir/libipset/map/allocation.c.o   -c /<<PKGBUILDDIR>>/src/libipset/map/allocation.c
[ 28%] Building C object src/CMakeFiles/libcorkipset.dir/libipset/map/inspection.c.o
cd /<<PKGBUILDDIR>>/obj-x86_64-linux-gnu/src && /usr/bin/cc -Dlibcorkipset_EXPORTS -I/<<PKGBUILDDIR>>/include -I/<<PKGBUILDDIR>>/src/include  -g -O2 -fdebug-prefix-map=/<<PKGBUILDDIR>>=. -fstack-protector-strong -Wformat -Werror=format-security -Wdate-time -D_FORTIFY_SOURCE=2 -fPIC   -Wall -Werror -o CMakeFiles/libcorkipset.dir/libipset/map/inspection.c.o   -c /<<PKGBUILDDIR>>/src/libipset/map/inspection.c
[ 30%] Building C object src/CMakeFiles/libcorkipset.dir/libipset/map/ipv4_map.c.o
cd /<<PKGBUILDDIR>>/obj-x86_64-linux-gnu/src && /usr/bin/cc -Dlibcorkipset_EXPORTS -I/<<PKGBUILDDIR>>/include -I/<<PKGBUILDDIR>>/src/include  -g -O2 -fdebug-prefix-map=/<<PKGBUILDDIR>>=. -fstack-protector-strong -Wformat -Werror=format-security -Wdate-time -D_FORTIFY_SOURCE=2 -fPIC   -Wall -Werror -o CMakeFiles/libcorkipset.dir/libipset/map/ipv4_map.c.o   -c /<<PKGBUILDDIR>>/src/libipset/map/ipv4_map.c
[ 33%] Building C object src/CMakeFiles/libcorkipset.dir/libipset/map/ipv6_map.c.o
cd /<<PKGBUILDDIR>>/obj-x86_64-linux-gnu/src && /usr/bin/cc -Dlibcorkipset_EXPORTS -I/<<PKGBUILDDIR>>/include -I/<<PKGBUILDDIR>>/src/include  -g -O2 -fdebug-prefix-map=/<<PKGBUILDDIR>>=. -fstack-protector-strong -Wformat -Werror=format-security -Wdate-time -D_FORTIFY_SOURCE=2 -fPIC   -Wall -Werror -o CMakeFiles/libcorkipset.dir/libipset/map/ipv6_map.c.o   -c /<<PKGBUILDDIR>>/src/libipset/map/ipv6_map.c
[ 35%] Building C object src/CMakeFiles/libcorkipset.dir/libipset/map/storage.c.o
cd /<<PKGBUILDDIR>>/obj-x86_64-linux-gnu/src && /usr/bin/cc -Dlibcorkipset_EXPORTS -I/<<PKGBUILDDIR>>/include -I/<<PKGBUILDDIR>>/src/include  -g -O2 -fdebug-prefix-map=/<<PKGBUILDDIR>>=. -fstack-protector-strong -Wformat -Werror=format-security -Wdate-time -D_FORTIFY_SOURCE=2 -fPIC   -Wall -Werror -o CMakeFiles/libcorkipset.dir/libipset/map/storage.c.o   -c /<<PKGBUILDDIR>>/src/libipset/map/storage.c
[ 38%] Building C object src/CMakeFiles/libcorkipset.dir/libipset/set/allocation.c.o
cd /<<PKGBUILDDIR>>/obj-x86_64-linux-gnu/src && /usr/bin/cc -Dlibcorkipset_EXPORTS -I/<<PKGBUILDDIR>>/include -I/<<PKGBUILDDIR>>/src/include  -g -O2 -fdebug-prefix-map=/<<PKGBUILDDIR>>=. -fstack-protector-strong -Wformat -Werror=format-security -Wdate-time -D_FORTIFY_SOURCE=2 -fPIC   -Wall -Werror -o CMakeFiles/libcorkipset.dir/libipset/set/allocation.c.o   -c /<<PKGBUILDDIR>>/src/libipset/set/allocation.c
[ 41%] Building C object src/CMakeFiles/libcorkipset.dir/libipset/set/inspection.c.o
cd /<<PKGBUILDDIR>>/obj-x86_64-linux-gnu/src && /usr/bin/cc -Dlibcorkipset_EXPORTS -I/<<PKGBUILDDIR>>/include -I/<<PKGBUILDDIR>>/src/include  -g -O2 -fdebug-prefix-map=/<<PKGBUILDDIR>>=. -fstack-protector-strong -Wformat -Werror=format-security -Wdate-time -D_FORTIFY_SOURCE=2 -fPIC   -Wall -Werror -o CMakeFiles/libcorkipset.dir/libipset/set/inspection.c.o   -c /<<PKGBUILDDIR>>/src/libipset/set/inspection.c
making output directory...
building [mo]: targets for 0 po files that are out of date
building [html]: targets for 5 source files that are out of date
updating environment: 5 added, 0 changed, 0 removed
reading sources... [ 20%] commands
[ 43%] Building C object src/CMakeFiles/libcorkipset.dir/libipset/set/ipv4_set.c.o
cd /<<PKGBUILDDIR>>/obj-x86_64-linux-gnu/src && /usr/bin/cc -Dlibcorkipset_EXPORTS -I/<<PKGBUILDDIR>>/include -I/<<PKGBUILDDIR>>/src/include  -g -O2 -fdebug-prefix-map=/<<PKGBUILDDIR>>=. -fstack-protector-strong -Wformat -Werror=format-security -Wdate-time -D_FORTIFY_SOURCE=2 -fPIC   -Wall -Werror -o CMakeFiles/libcorkipset.dir/libipset/set/ipv4_set.c.o   -c /<<PKGBUILDDIR>>/src/libipset/set/ipv4_set.c
[ 46%] Building C object src/CMakeFiles/libcorkipset.dir/libipset/set/ipv6_set.c.o
cd /<<PKGBUILDDIR>>/obj-x86_64-linux-gnu/src && /usr/bin/cc -Dlibcorkipset_EXPORTS -I/<<PKGBUILDDIR>>/include -I/<<PKGBUILDDIR>>/src/include  -g -O2 -fdebug-prefix-map=/<<PKGBUILDDIR>>=. -fstack-protector-strong -Wformat -Werror=format-security -Wdate-time -D_FORTIFY_SOURCE=2 -fPIC   -Wall -Werror -o CMakeFiles/libcorkipset.dir/libipset/set/ipv6_set.c.o   -c /<<PKGBUILDDIR>>/src/libipset/set/ipv6_set.c
[ 48%] Building C object src/CMakeFiles/libcorkipset.dir/libipset/set/iterator.c.o
cd /<<PKGBUILDDIR>>/obj-x86_64-linux-gnu/src && /usr/bin/cc -Dlibcorkipset_EXPORTS -I/<<PKGBUILDDIR>>/include -I/<<PKGBUILDDIR>>/src/include  -g -O2 -fdebug-prefix-map=/<<PKGBUILDDIR>>=. -fstack-protector-strong -Wformat -Werror=format-security -Wdate-time -D_FORTIFY_SOURCE=2 -fPIC   -Wall -Werror -o CMakeFiles/libcorkipset.dir/libipset/set/iterator.c.o   -c /<<PKGBUILDDIR>>/src/libipset/set/iterator.c
reading sources... [ 40%] file-format
reading sources... [ 60%] index
reading sources... [ 80%] maps
[ 51%] Building C object src/CMakeFiles/libcorkipset.dir/libipset/set/storage.c.o
cd /<<PKGBUILDDIR>>/obj-x86_64-linux-gnu/src && /usr/bin/cc -Dlibcorkipset_EXPORTS -I/<<PKGBUILDDIR>>/include -I/<<PKGBUILDDIR>>/src/include  -g -O2 -fdebug-prefix-map=/<<PKGBUILDDIR>>=. -fstack-protector-strong -Wformat -Werror=format-security -Wdate-time -D_FORTIFY_SOURCE=2 -fPIC   -Wall -Werror -o CMakeFiles/libcorkipset.dir/libipset/set/storage.c.o   -c /<<PKGBUILDDIR>>/src/libipset/set/storage.c
reading sources... [100%] sets
[ 53%] Linking C shared library libcorkipset.so
cd /<<PKGBUILDDIR>>/obj-x86_64-linux-gnu/src && /usr/bin/cmake -E cmake_link_script CMakeFiles/libcorkipset.dir/link.txt --verbose=1
/usr/bin/cc -fPIC -g -O2 -fdebug-prefix-map=/<<PKGBUILDDIR>>=. -fstack-protector-strong -Wformat -Werror=format-security -Wdate-time -D_FORTIFY_SOURCE=2 -Wl,-z,relro -Wl,-z,now -shared -Wl,-soname,libcorkipset.so.1 -o libcorkipset.so.1.1.0 CMakeFiles/libcorkipset.dir/libipset/general.c.o CMakeFiles/libcorkipset.dir/libipset/bdd/assignments.c.o CMakeFiles/libcorkipset.dir/libipset/bdd/basics.c.o CMakeFiles/libcorkipset.dir/libipset/bdd/bdd-iterator.c.o CMakeFiles/libcorkipset.dir/libipset/bdd/expanded.c.o CMakeFiles/libcorkipset.dir/libipset/bdd/reachable.c.o CMakeFiles/libcorkipset.dir/libipset/bdd/read.c.o CMakeFiles/libcorkipset.dir/libipset/bdd/write.c.o CMakeFiles/libcorkipset.dir/libipset/map/allocation.c.o CMakeFiles/libcorkipset.dir/libipset/map/inspection.c.o CMakeFiles/libcorkipset.dir/libipset/map/ipv4_map.c.o CMakeFiles/libcorkipset.dir/libipset/map/ipv6_map.c.o CMakeFiles/libcorkipset.dir/libipset/map/storage.c.o CMakeFiles/libcorkipset.dir/libipset/set/allocation.c.o CMakeFiles/libcorkipset.dir/libipset/set/inspection.c.o CMakeFiles/libcorkipset.dir/libipset/set/ipv4_set.c.o CMakeFiles/libcorkipset.dir/libipset/set/ipv6_set.c.o CMakeFiles/libcorkipset.dir/libipset/set/iterator.c.o CMakeFiles/libcorkipset.dir/libipset/set/storage.c.o  -lcork 

looking for now-outdated files... none found
pickling environment... done
checking consistency... done
preparing documents... done
writing output... [ 20%] commands
cd /<<PKGBUILDDIR>>/obj-x86_64-linux-gnu/src && /usr/bin/cmake -E cmake_symlink_library libcorkipset.so.1.1.0 libcorkipset.so.1 libcorkipset.so
make[3]: Leaving directory '/<<PKGBUILDDIR>>/obj-x86_64-linux-gnu'
writing output... [ 40%] file-format
writing output... [ 60%] index
writing output... [ 80%] maps
writing output... [100%] sets

/<<PKGBUILDDIR>>/docs/maps.rst:136: WARNING: undefined label: libcork:errors (if the link has no caption the label must precede a section header)
/<<PKGBUILDDIR>>/docs/maps.rst:143: WARNING: undefined label: libcork:stream (if the link has no caption the label must precede a section header)
/<<PKGBUILDDIR>>/docs/maps.rst:143: WARNING: undefined label: libcork:errors (if the link has no caption the label must precede a section header)
/<<PKGBUILDDIR>>/docs/maps.rst:149: WARNING: undefined label: libcork:errors (if the link has no caption the label must precede a section header)
/<<PKGBUILDDIR>>/docs/sets.rst:207: WARNING: undefined label: libcork:errors (if the link has no caption the label must precede a section header)
/<<PKGBUILDDIR>>/docs/sets.rst:214: WARNING: undefined label: libcork:stream (if the link has no caption the label must precede a section header)
/<<PKGBUILDDIR>>/docs/sets.rst:214: WARNING: undefined label: libcork:errors (if the link has no caption the label must precede a section header)
/<<PKGBUILDDIR>>/docs/sets.rst:220: WARNING: undefined label: libcork:errors (if the link has no caption the label must precede a section header)
/<<PKGBUILDDIR>>/docs/sets.rst:228: WARNING: undefined label: libcork:errors (if the link has no caption the label must precede a section header)
generating indices... genindex
writing additional pages... search
copying static files... done
copying extra files... done
dumping search index in English (code: en) ... done
dumping object inventory... done
build succeeded, 9 warnings.

The HTML pages are in html.
make[3]: Leaving directory '/<<PKGBUILDDIR>>/obj-x86_64-linux-gnu'
[ 53%] Built target doc
[ 53%] Built target libcorkipset
make -f src/CMakeFiles/ipsetdot.dir/build.make src/CMakeFiles/ipsetdot.dir/depend
make -f src/CMakeFiles/ipsetcat.dir/build.make src/CMakeFiles/ipsetcat.dir/depend
make -f src/CMakeFiles/ipsetbuild.dir/build.make src/CMakeFiles/ipsetbuild.dir/depend
make -f examples/CMakeFiles/ipv4-set-size.dir/build.make examples/CMakeFiles/ipv4-set-size.dir/depend
make[3]: Entering directory '/<<PKGBUILDDIR>>/obj-x86_64-linux-gnu'
cd /<<PKGBUILDDIR>>/obj-x86_64-linux-gnu && /usr/bin/cmake -E cmake_depends "Unix Makefiles" /<<PKGBUILDDIR>> /<<PKGBUILDDIR>>/src /<<PKGBUILDDIR>>/obj-x86_64-linux-gnu /<<PKGBUILDDIR>>/obj-x86_64-linux-gnu/src /<<PKGBUILDDIR>>/obj-x86_64-linux-gnu/src/CMakeFiles/ipsetdot.dir/DependInfo.cmake --color=
make[3]: Entering directory '/<<PKGBUILDDIR>>/obj-x86_64-linux-gnu'
make[3]: Entering directory '/<<PKGBUILDDIR>>/obj-x86_64-linux-gnu'
cd /<<PKGBUILDDIR>>/obj-x86_64-linux-gnu && /usr/bin/cmake -E cmake_depends "Unix Makefiles" /<<PKGBUILDDIR>> /<<PKGBUILDDIR>>/src /<<PKGBUILDDIR>>/obj-x86_64-linux-gnu /<<PKGBUILDDIR>>/obj-x86_64-linux-gnu/src /<<PKGBUILDDIR>>/obj-x86_64-linux-gnu/src/CMakeFiles/ipsetcat.dir/DependInfo.cmake --color=
cd /<<PKGBUILDDIR>>/obj-x86_64-linux-gnu && /usr/bin/cmake -E cmake_depends "Unix Makefiles" /<<PKGBUILDDIR>> /<<PKGBUILDDIR>>/src /<<PKGBUILDDIR>>/obj-x86_64-linux-gnu /<<PKGBUILDDIR>>/obj-x86_64-linux-gnu/src /<<PKGBUILDDIR>>/obj-x86_64-linux-gnu/src/CMakeFiles/ipsetbuild.dir/DependInfo.cmake --color=
make[3]: Entering directory '/<<PKGBUILDDIR>>/obj-x86_64-linux-gnu'
cd /<<PKGBUILDDIR>>/obj-x86_64-linux-gnu && /usr/bin/cmake -E cmake_depends "Unix Makefiles" /<<PKGBUILDDIR>> /<<PKGBUILDDIR>>/examples /<<PKGBUILDDIR>>/obj-x86_64-linux-gnu /<<PKGBUILDDIR>>/obj-x86_64-linux-gnu/examples /<<PKGBUILDDIR>>/obj-x86_64-linux-gnu/examples/CMakeFiles/ipv4-set-size.dir/DependInfo.cmake --color=
Scanning dependencies of target ipsetcat
Scanning dependencies of target ipsetbuild
Scanning dependencies of target ipv4-set-size
Scanning dependencies of target ipsetdot
make[3]: Leaving directory '/<<PKGBUILDDIR>>/obj-x86_64-linux-gnu'
make[3]: Leaving directory '/<<PKGBUILDDIR>>/obj-x86_64-linux-gnu'
make -f src/CMakeFiles/ipsetcat.dir/build.make src/CMakeFiles/ipsetcat.dir/build
make -f src/CMakeFiles/ipsetbuild.dir/build.make src/CMakeFiles/ipsetbuild.dir/build
make[3]: Leaving directory '/<<PKGBUILDDIR>>/obj-x86_64-linux-gnu'
make -f examples/CMakeFiles/ipv4-set-size.dir/build.make examples/CMakeFiles/ipv4-set-size.dir/build
make[3]: Leaving directory '/<<PKGBUILDDIR>>/obj-x86_64-linux-gnu'
make -f src/CMakeFiles/ipsetdot.dir/build.make src/CMakeFiles/ipsetdot.dir/build
make[3]: Entering directory '/<<PKGBUILDDIR>>/obj-x86_64-linux-gnu'
make[3]: Entering directory '/<<PKGBUILDDIR>>/obj-x86_64-linux-gnu'
make[3]: Entering directory '/<<PKGBUILDDIR>>/obj-x86_64-linux-gnu'
make[3]: Entering directory '/<<PKGBUILDDIR>>/obj-x86_64-linux-gnu'
[ 58%] Building C object src/CMakeFiles/ipsetbuild.dir/ipsetbuild/ipsetbuild.c.o
[ 58%] Building C object src/CMakeFiles/ipsetcat.dir/ipsetcat/ipsetcat.c.o
[ 64%] Building C object examples/CMakeFiles/ipv4-set-size.dir/ipv4-set-size.c.o
[ 64%] Building C object src/CMakeFiles/ipsetdot.dir/ipsetdot/ipsetdot.c.o
cd /<<PKGBUILDDIR>>/obj-x86_64-linux-gnu/src && /usr/bin/cc  -I/<<PKGBUILDDIR>>/include -I/<<PKGBUILDDIR>>/src/include  -g -O2 -fdebug-prefix-map=/<<PKGBUILDDIR>>=. -fstack-protector-strong -Wformat -Werror=format-security -Wdate-time -D_FORTIFY_SOURCE=2   -Wall -Werror -o CMakeFiles/ipsetcat.dir/ipsetcat/ipsetcat.c.o   -c /<<PKGBUILDDIR>>/src/ipsetcat/ipsetcat.c
cd /<<PKGBUILDDIR>>/obj-x86_64-linux-gnu/src && /usr/bin/cc  -I/<<PKGBUILDDIR>>/include -I/<<PKGBUILDDIR>>/src/include  -g -O2 -fdebug-prefix-map=/<<PKGBUILDDIR>>=. -fstack-protector-strong -Wformat -Werror=format-security -Wdate-time -D_FORTIFY_SOURCE=2   -Wall -Werror -o CMakeFiles/ipsetbuild.dir/ipsetbuild/ipsetbuild.c.o   -c /<<PKGBUILDDIR>>/src/ipsetbuild/ipsetbuild.c
cd /<<PKGBUILDDIR>>/obj-x86_64-linux-gnu/examples && /usr/bin/cc  -I/<<PKGBUILDDIR>>/examples/../include  -g -O2 -fdebug-prefix-map=/<<PKGBUILDDIR>>=. -fstack-protector-strong -Wformat -Werror=format-security -Wdate-time -D_FORTIFY_SOURCE=2   -Wall -Werror -o CMakeFiles/ipv4-set-size.dir/ipv4-set-size.c.o   -c /<<PKGBUILDDIR>>/examples/ipv4-set-size.c
cd /<<PKGBUILDDIR>>/obj-x86_64-linux-gnu/src && /usr/bin/cc  -I/<<PKGBUILDDIR>>/include -I/<<PKGBUILDDIR>>/src/include  -g -O2 -fdebug-prefix-map=/<<PKGBUILDDIR>>=. -fstack-protector-strong -Wformat -Werror=format-security -Wdate-time -D_FORTIFY_SOURCE=2   -Wall -Werror -o CMakeFiles/ipsetdot.dir/ipsetdot/ipsetdot.c.o   -c /<<PKGBUILDDIR>>/src/ipsetdot/ipsetdot.c
[ 66%] Linking C executable ipv4-set-size
cd /<<PKGBUILDDIR>>/obj-x86_64-linux-gnu/examples && /usr/bin/cmake -E cmake_link_script CMakeFiles/ipv4-set-size.dir/link.txt --verbose=1
[ 69%] Linking C executable ipsetdot
cd /<<PKGBUILDDIR>>/obj-x86_64-linux-gnu/src && /usr/bin/cmake -E cmake_link_script CMakeFiles/ipsetdot.dir/link.txt --verbose=1
[ 71%] Linking C executable ipsetcat
/usr/bin/cc -g -O2 -fdebug-prefix-map=/<<PKGBUILDDIR>>=. -fstack-protector-strong -Wformat -Werror=format-security -Wdate-time -D_FORTIFY_SOURCE=2  -Wl,-z,relro -Wl,-z,now -rdynamic CMakeFiles/ipv4-set-size.dir/ipv4-set-size.c.o  -o ipv4-set-size  -Wl,-rpath,/<<PKGBUILDDIR>>/obj-x86_64-linux-gnu/src -lcork ../src/libcorkipset.so.1.1.0 -lcork 
cd /<<PKGBUILDDIR>>/obj-x86_64-linux-gnu/src && /usr/bin/cmake -E cmake_link_script CMakeFiles/ipsetcat.dir/link.txt --verbose=1
/usr/bin/cc -g -O2 -fdebug-prefix-map=/<<PKGBUILDDIR>>=. -fstack-protector-strong -Wformat -Werror=format-security -Wdate-time -D_FORTIFY_SOURCE=2  -Wl,-z,relro -Wl,-z,now -rdynamic CMakeFiles/ipsetdot.dir/ipsetdot/ipsetdot.c.o  -o ipsetdot  -Wl,-rpath,/<<PKGBUILDDIR>>/obj-x86_64-linux-gnu/src: libcorkipset.so.1.1.0 -lcork 
/usr/bin/cc -g -O2 -fdebug-prefix-map=/<<PKGBUILDDIR>>=. -fstack-protector-strong -Wformat -Werror=format-security -Wdate-time -D_FORTIFY_SOURCE=2  -Wl,-z,relro -Wl,-z,now -rdynamic CMakeFiles/ipsetcat.dir/ipsetcat/ipsetcat.c.o  -o ipsetcat  -Wl,-rpath,/<<PKGBUILDDIR>>/obj-x86_64-linux-gnu/src: libcorkipset.so.1.1.0 -lcork 
make[3]: Leaving directory '/<<PKGBUILDDIR>>/obj-x86_64-linux-gnu'
make[3]: Leaving directory '/<<PKGBUILDDIR>>/obj-x86_64-linux-gnu'
make[3]: Leaving directory '/<<PKGBUILDDIR>>/obj-x86_64-linux-gnu'
[ 74%] Linking C executable ipsetbuild
cd /<<PKGBUILDDIR>>/obj-x86_64-linux-gnu/src && /usr/bin/cmake -E cmake_link_script CMakeFiles/ipsetbuild.dir/link.txt --verbose=1
/usr/bin/cc -g -O2 -fdebug-prefix-map=/<<PKGBUILDDIR>>=. -fstack-protector-strong -Wformat -Werror=format-security -Wdate-time -D_FORTIFY_SOURCE=2  -Wl,-z,relro -Wl,-z,now -rdynamic CMakeFiles/ipsetbuild.dir/ipsetbuild/ipsetbuild.c.o  -o ipsetbuild  -Wl,-rpath,/<<PKGBUILDDIR>>/obj-x86_64-linux-gnu/src: libcorkipset.so.1.1.0 -lcork 
[ 74%] Built target ipv4-set-size
make -f tests/CMakeFiles/test-ipset.dir/build.make tests/CMakeFiles/test-ipset.dir/depend
[ 74%] Built target ipsetdot
[ 74%] Built target ipsetcat
make -f tests/CMakeFiles/test-iterator.dir/build.make tests/CMakeFiles/test-iterator.dir/depend
make -f tests/CMakeFiles/test-bdd.dir/build.make tests/CMakeFiles/test-bdd.dir/depend
make[3]: Entering directory '/<<PKGBUILDDIR>>/obj-x86_64-linux-gnu'
cd /<<PKGBUILDDIR>>/obj-x86_64-linux-gnu && /usr/bin/cmake -E cmake_depends "Unix Makefiles" /<<PKGBUILDDIR>> /<<PKGBUILDDIR>>/tests /<<PKGBUILDDIR>>/obj-x86_64-linux-gnu /<<PKGBUILDDIR>>/obj-x86_64-linux-gnu/tests /<<PKGBUILDDIR>>/obj-x86_64-linux-gnu/tests/CMakeFiles/test-ipset.dir/DependInfo.cmake --color=
make[3]: Leaving directory '/<<PKGBUILDDIR>>/obj-x86_64-linux-gnu'
make[3]: Entering directory '/<<PKGBUILDDIR>>/obj-x86_64-linux-gnu'
make[3]: Entering directory '/<<PKGBUILDDIR>>/obj-x86_64-linux-gnu'
cd /<<PKGBUILDDIR>>/obj-x86_64-linux-gnu && /usr/bin/cmake -E cmake_depends "Unix Makefiles" /<<PKGBUILDDIR>> /<<PKGBUILDDIR>>/tests /<<PKGBUILDDIR>>/obj-x86_64-linux-gnu /<<PKGBUILDDIR>>/obj-x86_64-linux-gnu/tests /<<PKGBUILDDIR>>/obj-x86_64-linux-gnu/tests/CMakeFiles/test-iterator.dir/DependInfo.cmake --color=
cd /<<PKGBUILDDIR>>/obj-x86_64-linux-gnu && /usr/bin/cmake -E cmake_depends "Unix Makefiles" /<<PKGBUILDDIR>> /<<PKGBUILDDIR>>/tests /<<PKGBUILDDIR>>/obj-x86_64-linux-gnu /<<PKGBUILDDIR>>/obj-x86_64-linux-gnu/tests /<<PKGBUILDDIR>>/obj-x86_64-linux-gnu/tests/CMakeFiles/test-bdd.dir/DependInfo.cmake --color=
Scanning dependencies of target test-bdd
Scanning dependencies of target test-iterator
Scanning dependencies of target test-ipset
make[3]: Leaving directory '/<<PKGBUILDDIR>>/obj-x86_64-linux-gnu'
make[3]: Leaving directory '/<<PKGBUILDDIR>>/obj-x86_64-linux-gnu'
make -f tests/CMakeFiles/test-bdd.dir/build.make tests/CMakeFiles/test-bdd.dir/build
make[3]: Leaving directory '/<<PKGBUILDDIR>>/obj-x86_64-linux-gnu'
make -f tests/CMakeFiles/test-iterator.dir/build.make tests/CMakeFiles/test-iterator.dir/build
make -f tests/CMakeFiles/test-ipset.dir/build.make tests/CMakeFiles/test-ipset.dir/build
make[3]: Entering directory '/<<PKGBUILDDIR>>/obj-x86_64-linux-gnu'
make[3]: Entering directory '/<<PKGBUILDDIR>>/obj-x86_64-linux-gnu'
make[3]: Entering directory '/<<PKGBUILDDIR>>/obj-x86_64-linux-gnu'
[ 76%] Building C object tests/CMakeFiles/test-iterator.dir/test-iterator.c.o
cd /<<PKGBUILDDIR>>/obj-x86_64-linux-gnu/tests && /usr/bin/cc  -I/<<PKGBUILDDIR>>/tests/../include  -g -O2 -fdebug-prefix-map=/<<PKGBUILDDIR>>=. -fstack-protector-strong -Wformat -Werror=format-security -Wdate-time -D_FORTIFY_SOURCE=2   -Wall -Werror -o CMakeFiles/test-iterator.dir/test-iterator.c.o   -c /<<PKGBUILDDIR>>/tests/test-iterator.c
[ 82%] Building C object tests/CMakeFiles/test-ipset.dir/test-ipset.c.o
[ 82%] Building C object tests/CMakeFiles/test-bdd.dir/test-bdd.c.o
cd /<<PKGBUILDDIR>>/obj-x86_64-linux-gnu/tests && /usr/bin/cc  -I/<<PKGBUILDDIR>>/tests/../include  -g -O2 -fdebug-prefix-map=/<<PKGBUILDDIR>>=. -fstack-protector-strong -Wformat -Werror=format-security -Wdate-time -D_FORTIFY_SOURCE=2   -Wall -Werror -o CMakeFiles/test-bdd.dir/test-bdd.c.o   -c /<<PKGBUILDDIR>>/tests/test-bdd.c
cd /<<PKGBUILDDIR>>/obj-x86_64-linux-gnu/tests && /usr/bin/cc  -I/<<PKGBUILDDIR>>/tests/../include  -g -O2 -fdebug-prefix-map=/<<PKGBUILDDIR>>=. -fstack-protector-strong -Wformat -Werror=format-security -Wdate-time -D_FORTIFY_SOURCE=2   -Wall -Werror -o CMakeFiles/test-ipset.dir/test-ipset.c.o   -c /<<PKGBUILDDIR>>/tests/test-ipset.c
[ 82%] Built target ipsetbuild
make -f tests/CMakeFiles/test-ipmap.dir/build.make tests/CMakeFiles/test-ipmap.dir/depend
make[3]: Entering directory '/<<PKGBUILDDIR>>/obj-x86_64-linux-gnu'
cd /<<PKGBUILDDIR>>/obj-x86_64-linux-gnu && /usr/bin/cmake -E cmake_depends "Unix Makefiles" /<<PKGBUILDDIR>> /<<PKGBUILDDIR>>/tests /<<PKGBUILDDIR>>/obj-x86_64-linux-gnu /<<PKGBUILDDIR>>/obj-x86_64-linux-gnu/tests /<<PKGBUILDDIR>>/obj-x86_64-linux-gnu/tests/CMakeFiles/test-ipmap.dir/DependInfo.cmake --color=
Scanning dependencies of target test-ipmap
make[3]: Leaving directory '/<<PKGBUILDDIR>>/obj-x86_64-linux-gnu'
make -f tests/CMakeFiles/test-ipmap.dir/build.make tests/CMakeFiles/test-ipmap.dir/build
make[3]: Entering directory '/<<PKGBUILDDIR>>/obj-x86_64-linux-gnu'
[ 84%] Building C object tests/CMakeFiles/test-ipmap.dir/test-ipmap.c.o
cd /<<PKGBUILDDIR>>/obj-x86_64-linux-gnu/tests && /usr/bin/cc  -I/<<PKGBUILDDIR>>/tests/../include  -g -O2 -fdebug-prefix-map=/<<PKGBUILDDIR>>=. -fstack-protector-strong -Wformat -Werror=format-security -Wdate-time -D_FORTIFY_SOURCE=2   -Wall -Werror -o CMakeFiles/test-ipmap.dir/test-ipmap.c.o   -c /<<PKGBUILDDIR>>/tests/test-ipmap.c
[ 87%] Linking C executable test-iterator
cd /<<PKGBUILDDIR>>/obj-x86_64-linux-gnu/tests && /usr/bin/cmake -E cmake_link_script CMakeFiles/test-iterator.dir/link.txt --verbose=1
/usr/bin/cc -g -O2 -fdebug-prefix-map=/<<PKGBUILDDIR>>=. -fstack-protector-strong -Wformat -Werror=format-security -Wdate-time -D_FORTIFY_SOURCE=2  -Wl,-z,relro -Wl,-z,now -rdynamic CMakeFiles/test-iterator.dir/test-iterator.c.o  -o test-iterator   -L/<<PKGBUILDDIR>>/obj-x86_64-linux-gnu/tests/../src  -Wl,-rpath,/<<PKGBUILDDIR>>/obj-x86_64-linux-gnu/tests/../src:/<<PKGBUILDDIR>>/obj-x86_64-linux-gnu/src -lcheck_pic -lrt -lm -lsubunit ../src/libcorkipset.so.1.1.0 -lpthread -lcork 
[ 89%] Linking C executable test-bdd
cd /<<PKGBUILDDIR>>/obj-x86_64-linux-gnu/tests && /usr/bin/cmake -E cmake_link_script CMakeFiles/test-bdd.dir/link.txt --verbose=1
/usr/bin/cc -g -O2 -fdebug-prefix-map=/<<PKGBUILDDIR>>=. -fstack-protector-strong -Wformat -Werror=format-security -Wdate-time -D_FORTIFY_SOURCE=2  -Wl,-z,relro -Wl,-z,now -rdynamic CMakeFiles/test-bdd.dir/test-bdd.c.o  -o test-bdd   -L/<<PKGBUILDDIR>>/obj-x86_64-linux-gnu/tests/../src  -Wl,-rpath,/<<PKGBUILDDIR>>/obj-x86_64-linux-gnu/tests/../src:/<<PKGBUILDDIR>>/obj-x86_64-linux-gnu/src -lcheck_pic -lrt -lm -lsubunit ../src/libcorkipset.so.1.1.0 -lpthread -lcork 
make[3]: Leaving directory '/<<PKGBUILDDIR>>/obj-x86_64-linux-gnu'
[ 92%] Linking C executable test-ipset
cd /<<PKGBUILDDIR>>/obj-x86_64-linux-gnu/tests && /usr/bin/cmake -E cmake_link_script CMakeFiles/test-ipset.dir/link.txt --verbose=1
[ 92%] Built target test-iterator
make -f tests/CMakeFiles/test-assignment.dir/build.make tests/CMakeFiles/test-assignment.dir/depend
make[3]: Entering directory '/<<PKGBUILDDIR>>/obj-x86_64-linux-gnu'
cd /<<PKGBUILDDIR>>/obj-x86_64-linux-gnu && /usr/bin/cmake -E cmake_depends "Unix Makefiles" /<<PKGBUILDDIR>> /<<PKGBUILDDIR>>/tests /<<PKGBUILDDIR>>/obj-x86_64-linux-gnu /<<PKGBUILDDIR>>/obj-x86_64-linux-gnu/tests /<<PKGBUILDDIR>>/obj-x86_64-linux-gnu/tests/CMakeFiles/test-assignment.dir/DependInfo.cmake --color=
/usr/bin/cc -g -O2 -fdebug-prefix-map=/<<PKGBUILDDIR>>=. -fstack-protector-strong -Wformat -Werror=format-security -Wdate-time -D_FORTIFY_SOURCE=2  -Wl,-z,relro -Wl,-z,now -rdynamic CMakeFiles/test-ipset.dir/test-ipset.c.o  -o test-ipset   -L/<<PKGBUILDDIR>>/obj-x86_64-linux-gnu/tests/../src  -Wl,-rpath,/<<PKGBUILDDIR>>/obj-x86_64-linux-gnu/tests/../src:/<<PKGBUILDDIR>>/obj-x86_64-linux-gnu/src -lcheck_pic -lrt -lm -lsubunit ../src/libcorkipset.so.1.1.0 -lpthread -lcork 
make[3]: Leaving directory '/<<PKGBUILDDIR>>/obj-x86_64-linux-gnu'
Scanning dependencies of target test-assignment
make[3]: Leaving directory '/<<PKGBUILDDIR>>/obj-x86_64-linux-gnu'
make -f tests/CMakeFiles/test-assignment.dir/build.make tests/CMakeFiles/test-assignment.dir/build
make[3]: Entering directory '/<<PKGBUILDDIR>>/obj-x86_64-linux-gnu'
make[3]: Leaving directory '/<<PKGBUILDDIR>>/obj-x86_64-linux-gnu'
[ 94%] Building C object tests/CMakeFiles/test-assignment.dir/test-assignment.c.o
cd /<<PKGBUILDDIR>>/obj-x86_64-linux-gnu/tests && /usr/bin/cc  -I/<<PKGBUILDDIR>>/tests/../include  -g -O2 -fdebug-prefix-map=/<<PKGBUILDDIR>>=. -fstack-protector-strong -Wformat -Werror=format-security -Wdate-time -D_FORTIFY_SOURCE=2   -Wall -Werror -o CMakeFiles/test-assignment.dir/test-assignment.c.o   -c /<<PKGBUILDDIR>>/tests/test-assignment.c
[ 97%] Linking C executable test-ipmap
cd /<<PKGBUILDDIR>>/obj-x86_64-linux-gnu/tests && /usr/bin/cmake -E cmake_link_script CMakeFiles/test-ipmap.dir/link.txt --verbose=1
/usr/bin/cc -g -O2 -fdebug-prefix-map=/<<PKGBUILDDIR>>=. -fstack-protector-strong -Wformat -Werror=format-security -Wdate-time -D_FORTIFY_SOURCE=2  -Wl,-z,relro -Wl,-z,now -rdynamic CMakeFiles/test-ipmap.dir/test-ipmap.c.o  -o test-ipmap   -L/<<PKGBUILDDIR>>/obj-x86_64-linux-gnu/tests/../src  -Wl,-rpath,/<<PKGBUILDDIR>>/obj-x86_64-linux-gnu/tests/../src:/<<PKGBUILDDIR>>/obj-x86_64-linux-gnu/src -lcheck_pic -lrt -lm -lsubunit ../src/libcorkipset.so.1.1.0 -lpthread -lcork 
[ 97%] Built target test-bdd
[ 97%] Built target test-ipset
make[3]: Leaving directory '/<<PKGBUILDDIR>>/obj-x86_64-linux-gnu'
[100%] Linking C executable test-assignment
cd /<<PKGBUILDDIR>>/obj-x86_64-linux-gnu/tests && /usr/bin/cmake -E cmake_link_script CMakeFiles/test-assignment.dir/link.txt --verbose=1
/usr/bin/cc -g -O2 -fdebug-prefix-map=/<<PKGBUILDDIR>>=. -fstack-protector-strong -Wformat -Werror=format-security -Wdate-time -D_FORTIFY_SOURCE=2  -Wl,-z,relro -Wl,-z,now -rdynamic CMakeFiles/test-assignment.dir/test-assignment.c.o  -o test-assignment   -L/<<PKGBUILDDIR>>/obj-x86_64-linux-gnu/tests/../src  -Wl,-rpath,/<<PKGBUILDDIR>>/obj-x86_64-linux-gnu/tests/../src:/<<PKGBUILDDIR>>/obj-x86_64-linux-gnu/src -lcheck_pic -lrt -lm -lsubunit ../src/libcorkipset.so.1.1.0 -lpthread -lcork 
[100%] Built target test-ipmap
make[3]: Leaving directory '/<<PKGBUILDDIR>>/obj-x86_64-linux-gnu'
[100%] Built target test-assignment
make[2]: Leaving directory '/<<PKGBUILDDIR>>/obj-x86_64-linux-gnu'
/usr/bin/cmake -E cmake_progress_start /<<PKGBUILDDIR>>/obj-x86_64-linux-gnu/CMakeFiles 0
make[1]: Leaving directory '/<<PKGBUILDDIR>>/obj-x86_64-linux-gnu'
   dh_auto_test
	cd obj-x86_64-linux-gnu && make -j4 test ARGS\+=-j4
make[1]: Entering directory '/<<PKGBUILDDIR>>/obj-x86_64-linux-gnu'
Running tests...
/usr/bin/ctest --force-new-ctest-process -j4
Test project /<<PKGBUILDDIR>>/obj-x86_64-linux-gnu
    Start 1: test-assignment
    Start 2: test-bdd
    Start 3: test-ipmap
    Start 4: test-ipset
1/5 Test #1: test-assignment ..................   Passed    0.00 sec
    Start 5: test-iterator
2/5 Test #2: test-bdd .........................   Passed    0.01 sec
3/5 Test #5: test-iterator ....................   Passed    0.01 sec
4/5 Test #3: test-ipmap .......................   Passed    0.02 sec
5/5 Test #4: test-ipset .......................   Passed    0.02 sec

100% tests passed, 0 tests failed out of 5

Total Test time (real) =   0.03 sec
make[1]: Leaving directory '/<<PKGBUILDDIR>>/obj-x86_64-linux-gnu'
   create-stamp debian/debhelper-build-stamp
 fakeroot debian/rules binary
dh binary --with sphinxdoc
   dh_testroot
   dh_prep
   dh_auto_install
	cd obj-x86_64-linux-gnu && make -j4 install DESTDIR=/<<BUILDDIR>>/libcorkipset-1.1.1\+20150311/debian/tmp AM_UPDATE_INFO_DIR=no
make[1]: Entering directory '/<<PKGBUILDDIR>>/obj-x86_64-linux-gnu'
/usr/bin/cmake -S/<<PKGBUILDDIR>> -B/<<PKGBUILDDIR>>/obj-x86_64-linux-gnu --check-build-system CMakeFiles/Makefile.cmake 0
/usr/bin/cmake -E cmake_progress_start /<<PKGBUILDDIR>>/obj-x86_64-linux-gnu/CMakeFiles /<<PKGBUILDDIR>>/obj-x86_64-linux-gnu/CMakeFiles/progress.marks
make -f CMakeFiles/Makefile2 all
make[2]: Entering directory '/<<PKGBUILDDIR>>/obj-x86_64-linux-gnu'
make -f docs/CMakeFiles/doc.dir/build.make docs/CMakeFiles/doc.dir/depend
make -f src/CMakeFiles/libcorkipset.dir/build.make src/CMakeFiles/libcorkipset.dir/depend
make[3]: Entering directory '/<<PKGBUILDDIR>>/obj-x86_64-linux-gnu'
cd /<<PKGBUILDDIR>>/obj-x86_64-linux-gnu && /usr/bin/cmake -E cmake_depends "Unix Makefiles" /<<PKGBUILDDIR>> /<<PKGBUILDDIR>>/docs /<<PKGBUILDDIR>>/obj-x86_64-linux-gnu /<<PKGBUILDDIR>>/obj-x86_64-linux-gnu/docs /<<PKGBUILDDIR>>/obj-x86_64-linux-gnu/docs/CMakeFiles/doc.dir/DependInfo.cmake --color=
make[3]: Entering directory '/<<PKGBUILDDIR>>/obj-x86_64-linux-gnu'
cd /<<PKGBUILDDIR>>/obj-x86_64-linux-gnu && /usr/bin/cmake -E cmake_depends "Unix Makefiles" /<<PKGBUILDDIR>> /<<PKGBUILDDIR>>/src /<<PKGBUILDDIR>>/obj-x86_64-linux-gnu /<<PKGBUILDDIR>>/obj-x86_64-linux-gnu/src /<<PKGBUILDDIR>>/obj-x86_64-linux-gnu/src/CMakeFiles/libcorkipset.dir/DependInfo.cmake --color=
make[3]: Leaving directory '/<<PKGBUILDDIR>>/obj-x86_64-linux-gnu'
make -f docs/CMakeFiles/doc.dir/build.make docs/CMakeFiles/doc.dir/build
make[3]: Entering directory '/<<PKGBUILDDIR>>/obj-x86_64-linux-gnu'
make[3]: Leaving directory '/<<PKGBUILDDIR>>/obj-x86_64-linux-gnu'
make -f src/CMakeFiles/libcorkipset.dir/build.make src/CMakeFiles/libcorkipset.dir/build
make[3]: Entering directory '/<<PKGBUILDDIR>>/obj-x86_64-linux-gnu'
make[3]: Nothing to be done for 'src/CMakeFiles/libcorkipset.dir/build'.
make[3]: Leaving directory '/<<PKGBUILDDIR>>/obj-x86_64-linux-gnu'
[  2%] Building HTML documentation with Sphinx
cd /<<PKGBUILDDIR>>/obj-x86_64-linux-gnu/docs && /usr/bin/sphinx-build -b html -d /<<PKGBUILDDIR>>/obj-x86_64-linux-gnu/docs/_doctrees -c /<<PKGBUILDDIR>>/obj-x86_64-linux-gnu/docs /<<PKGBUILDDIR>>/docs /<<PKGBUILDDIR>>/obj-x86_64-linux-gnu/docs/html
[ 53%] Built target libcorkipset
make -f src/CMakeFiles/ipsetdot.dir/build.make src/CMakeFiles/ipsetdot.dir/depend
make -f src/CMakeFiles/ipsetcat.dir/build.make src/CMakeFiles/ipsetcat.dir/depend
make -f src/CMakeFiles/ipsetbuild.dir/build.make src/CMakeFiles/ipsetbuild.dir/depend
make[3]: Entering directory '/<<PKGBUILDDIR>>/obj-x86_64-linux-gnu'
make[3]: Entering directory '/<<PKGBUILDDIR>>/obj-x86_64-linux-gnu'
cd /<<PKGBUILDDIR>>/obj-x86_64-linux-gnu && /usr/bin/cmake -E cmake_depends "Unix Makefiles" /<<PKGBUILDDIR>> /<<PKGBUILDDIR>>/src /<<PKGBUILDDIR>>/obj-x86_64-linux-gnu /<<PKGBUILDDIR>>/obj-x86_64-linux-gnu/src /<<PKGBUILDDIR>>/obj-x86_64-linux-gnu/src/CMakeFiles/ipsetdot.dir/DependInfo.cmake --color=
cd /<<PKGBUILDDIR>>/obj-x86_64-linux-gnu && /usr/bin/cmake -E cmake_depends "Unix Makefiles" /<<PKGBUILDDIR>> /<<PKGBUILDDIR>>/src /<<PKGBUILDDIR>>/obj-x86_64-linux-gnu /<<PKGBUILDDIR>>/obj-x86_64-linux-gnu/src /<<PKGBUILDDIR>>/obj-x86_64-linux-gnu/src/CMakeFiles/ipsetcat.dir/DependInfo.cmake --color=
make[3]: Entering directory '/<<PKGBUILDDIR>>/obj-x86_64-linux-gnu'
cd /<<PKGBUILDDIR>>/obj-x86_64-linux-gnu && /usr/bin/cmake -E cmake_depends "Unix Makefiles" /<<PKGBUILDDIR>> /<<PKGBUILDDIR>>/src /<<PKGBUILDDIR>>/obj-x86_64-linux-gnu /<<PKGBUILDDIR>>/obj-x86_64-linux-gnu/src /<<PKGBUILDDIR>>/obj-x86_64-linux-gnu/src/CMakeFiles/ipsetbuild.dir/DependInfo.cmake --color=
make[3]: Leaving directory '/<<PKGBUILDDIR>>/obj-x86_64-linux-gnu'
make -f src/CMakeFiles/ipsetcat.dir/build.make src/CMakeFiles/ipsetcat.dir/build
make[3]: Entering directory '/<<PKGBUILDDIR>>/obj-x86_64-linux-gnu'
make[3]: Nothing to be done for 'src/CMakeFiles/ipsetcat.dir/build'.
make[3]: Leaving directory '/<<PKGBUILDDIR>>/obj-x86_64-linux-gnu'
make[3]: Leaving directory '/<<PKGBUILDDIR>>/obj-x86_64-linux-gnu'
make -f src/CMakeFiles/ipsetbuild.dir/build.make src/CMakeFiles/ipsetbuild.dir/build
make[3]: Entering directory '/<<PKGBUILDDIR>>/obj-x86_64-linux-gnu'
make[3]: Nothing to be done for 'src/CMakeFiles/ipsetbuild.dir/build'.
make[3]: Leaving directory '/<<PKGBUILDDIR>>/obj-x86_64-linux-gnu'
make[3]: Leaving directory '/<<PKGBUILDDIR>>/obj-x86_64-linux-gnu'
make -f src/CMakeFiles/ipsetdot.dir/build.make src/CMakeFiles/ipsetdot.dir/build
make[3]: Entering directory '/<<PKGBUILDDIR>>/obj-x86_64-linux-gnu'
make[3]: Nothing to be done for 'src/CMakeFiles/ipsetdot.dir/build'.
make[3]: Leaving directory '/<<PKGBUILDDIR>>/obj-x86_64-linux-gnu'
[ 58%] Built target ipsetcat
make -f examples/CMakeFiles/ipv4-set-size.dir/build.make examples/CMakeFiles/ipv4-set-size.dir/depend
[ 64%] Built target ipsetbuild
make -f tests/CMakeFiles/test-ipset.dir/build.make tests/CMakeFiles/test-ipset.dir/depend
make[3]: Entering directory '/<<PKGBUILDDIR>>/obj-x86_64-linux-gnu'
make[3]: Entering directory '/<<PKGBUILDDIR>>/obj-x86_64-linux-gnu'
cd /<<PKGBUILDDIR>>/obj-x86_64-linux-gnu && /usr/bin/cmake -E cmake_depends "Unix Makefiles" /<<PKGBUILDDIR>> /<<PKGBUILDDIR>>/tests /<<PKGBUILDDIR>>/obj-x86_64-linux-gnu /<<PKGBUILDDIR>>/obj-x86_64-linux-gnu/tests /<<PKGBUILDDIR>>/obj-x86_64-linux-gnu/tests/CMakeFiles/test-ipset.dir/DependInfo.cmake --color=
cd /<<PKGBUILDDIR>>/obj-x86_64-linux-gnu && /usr/bin/cmake -E cmake_depends "Unix Makefiles" /<<PKGBUILDDIR>> /<<PKGBUILDDIR>>/examples /<<PKGBUILDDIR>>/obj-x86_64-linux-gnu /<<PKGBUILDDIR>>/obj-x86_64-linux-gnu/examples /<<PKGBUILDDIR>>/obj-x86_64-linux-gnu/examples/CMakeFiles/ipv4-set-size.dir/DependInfo.cmake --color=
make[3]: Leaving directory '/<<PKGBUILDDIR>>/obj-x86_64-linux-gnu'
make -f tests/CMakeFiles/test-ipset.dir/build.make tests/CMakeFiles/test-ipset.dir/build
make[3]: Entering directory '/<<PKGBUILDDIR>>/obj-x86_64-linux-gnu'
make[3]: Nothing to be done for 'tests/CMakeFiles/test-ipset.dir/build'.
make[3]: Leaving directory '/<<PKGBUILDDIR>>/obj-x86_64-linux-gnu'
[ 69%] Built target ipsetdot
make -f tests/CMakeFiles/test-iterator.dir/build.make tests/CMakeFiles/test-iterator.dir/depend
make[3]: Leaving directory '/<<PKGBUILDDIR>>/obj-x86_64-linux-gnu'
make -f examples/CMakeFiles/ipv4-set-size.dir/build.make examples/CMakeFiles/ipv4-set-size.dir/build
make[3]: Entering directory '/<<PKGBUILDDIR>>/obj-x86_64-linux-gnu'
cd /<<PKGBUILDDIR>>/obj-x86_64-linux-gnu && /usr/bin/cmake -E cmake_depends "Unix Makefiles" /<<PKGBUILDDIR>> /<<PKGBUILDDIR>>/tests /<<PKGBUILDDIR>>/obj-x86_64-linux-gnu /<<PKGBUILDDIR>>/obj-x86_64-linux-gnu/tests /<<PKGBUILDDIR>>/obj-x86_64-linux-gnu/tests/CMakeFiles/test-iterator.dir/DependInfo.cmake --color=
make[3]: Entering directory '/<<PKGBUILDDIR>>/obj-x86_64-linux-gnu'
make[3]: Nothing to be done for 'examples/CMakeFiles/ipv4-set-size.dir/build'.
make[3]: Leaving directory '/<<PKGBUILDDIR>>/obj-x86_64-linux-gnu'
[ 74%] Built target test-ipset
make -f tests/CMakeFiles/test-bdd.dir/build.make tests/CMakeFiles/test-bdd.dir/depend
make[3]: Entering directory '/<<PKGBUILDDIR>>/obj-x86_64-linux-gnu'
cd /<<PKGBUILDDIR>>/obj-x86_64-linux-gnu && /usr/bin/cmake -E cmake_depends "Unix Makefiles" /<<PKGBUILDDIR>> /<<PKGBUILDDIR>>/tests /<<PKGBUILDDIR>>/obj-x86_64-linux-gnu /<<PKGBUILDDIR>>/obj-x86_64-linux-gnu/tests /<<PKGBUILDDIR>>/obj-x86_64-linux-gnu/tests/CMakeFiles/test-bdd.dir/DependInfo.cmake --color=
[ 79%] Built target ipv4-set-size
make -f tests/CMakeFiles/test-ipmap.dir/build.make tests/CMakeFiles/test-ipmap.dir/depend
make[3]: Entering directory '/<<PKGBUILDDIR>>/obj-x86_64-linux-gnu'
cd /<<PKGBUILDDIR>>/obj-x86_64-linux-gnu && /usr/bin/cmake -E cmake_depends "Unix Makefiles" /<<PKGBUILDDIR>> /<<PKGBUILDDIR>>/tests /<<PKGBUILDDIR>>/obj-x86_64-linux-gnu /<<PKGBUILDDIR>>/obj-x86_64-linux-gnu/tests /<<PKGBUILDDIR>>/obj-x86_64-linux-gnu/tests/CMakeFiles/test-ipmap.dir/DependInfo.cmake --color=
make[3]: Leaving directory '/<<PKGBUILDDIR>>/obj-x86_64-linux-gnu'
make -f tests/CMakeFiles/test-iterator.dir/build.make tests/CMakeFiles/test-iterator.dir/build
make[3]: Entering directory '/<<PKGBUILDDIR>>/obj-x86_64-linux-gnu'
make[3]: Nothing to be done for 'tests/CMakeFiles/test-iterator.dir/build'.
make[3]: Leaving directory '/<<PKGBUILDDIR>>/obj-x86_64-linux-gnu'
make[3]: Leaving directory '/<<PKGBUILDDIR>>/obj-x86_64-linux-gnu'
make -f tests/CMakeFiles/test-bdd.dir/build.make tests/CMakeFiles/test-bdd.dir/build
make[3]: Entering directory '/<<PKGBUILDDIR>>/obj-x86_64-linux-gnu'
make[3]: Nothing to be done for 'tests/CMakeFiles/test-bdd.dir/build'.
make[3]: Leaving directory '/<<PKGBUILDDIR>>/obj-x86_64-linux-gnu'
[ 84%] Built target test-iterator
make -f tests/CMakeFiles/test-assignment.dir/build.make tests/CMakeFiles/test-assignment.dir/depend
make[3]: Entering directory '/<<PKGBUILDDIR>>/obj-x86_64-linux-gnu'
cd /<<PKGBUILDDIR>>/obj-x86_64-linux-gnu && /usr/bin/cmake -E cmake_depends "Unix Makefiles" /<<PKGBUILDDIR>> /<<PKGBUILDDIR>>/tests /<<PKGBUILDDIR>>/obj-x86_64-linux-gnu /<<PKGBUILDDIR>>/obj-x86_64-linux-gnu/tests /<<PKGBUILDDIR>>/obj-x86_64-linux-gnu/tests/CMakeFiles/test-assignment.dir/DependInfo.cmake --color=
make[3]: Leaving directory '/<<PKGBUILDDIR>>/obj-x86_64-linux-gnu'
make -f tests/CMakeFiles/test-ipmap.dir/build.make tests/CMakeFiles/test-ipmap.dir/build
make[3]: Entering directory '/<<PKGBUILDDIR>>/obj-x86_64-linux-gnu'
make[3]: Nothing to be done for 'tests/CMakeFiles/test-ipmap.dir/build'.
make[3]: Leaving directory '/<<PKGBUILDDIR>>/obj-x86_64-linux-gnu'
[ 89%] Built target test-bdd
make[3]: Leaving directory '/<<PKGBUILDDIR>>/obj-x86_64-linux-gnu'
make -f tests/CMakeFiles/test-assignment.dir/build.make tests/CMakeFiles/test-assignment.dir/build
make[3]: Entering directory '/<<PKGBUILDDIR>>/obj-x86_64-linux-gnu'
make[3]: Nothing to be done for 'tests/CMakeFiles/test-assignment.dir/build'.
make[3]: Leaving directory '/<<PKGBUILDDIR>>/obj-x86_64-linux-gnu'
[ 94%] Built target test-ipmap
[100%] Built target test-assignment
Running Sphinx v1.8.5
loading pickled environment... done
building [mo]: targets for 0 po files that are out of date
building [html]: targets for 0 source files that are out of date
updating environment: 0 added, 0 changed, 0 removed
looking for now-outdated files... none found
no targets are out of date.
build succeeded.

The HTML pages are in html.
make[3]: Leaving directory '/<<PKGBUILDDIR>>/obj-x86_64-linux-gnu'
[100%] Built target doc
make[2]: Leaving directory '/<<PKGBUILDDIR>>/obj-x86_64-linux-gnu'
/usr/bin/cmake -E cmake_progress_start /<<PKGBUILDDIR>>/obj-x86_64-linux-gnu/CMakeFiles 0
make -f CMakeFiles/Makefile2 preinstall
make[2]: Entering directory '/<<PKGBUILDDIR>>/obj-x86_64-linux-gnu'
make[2]: Nothing to be done for 'preinstall'.
make[2]: Leaving directory '/<<PKGBUILDDIR>>/obj-x86_64-linux-gnu'
Install the project...
/usr/bin/cmake -P cmake_install.cmake
-- Install configuration: "None"
-- Installing: /<<PKGBUILDDIR>>/debian/tmp/usr/share/doc/ipset/html
-- Installing: /<<PKGBUILDDIR>>/debian/tmp/usr/share/doc/ipset/html/_static
-- Installing: /<<PKGBUILDDIR>>/debian/tmp/usr/share/doc/ipset/html/_static/basic.css
-- Installing: /<<PKGBUILDDIR>>/debian/tmp/usr/share/doc/ipset/html/_static/sidebar.js
-- Installing: /<<PKGBUILDDIR>>/debian/tmp/usr/share/doc/ipset/html/_static/language_data.js
-- Installing: /<<PKGBUILDDIR>>/debian/tmp/usr/share/doc/ipset/html/_static/minus.png
-- Installing: /<<PKGBUILDDIR>>/debian/tmp/usr/share/doc/ipset/html/_static/docco-sphinx.css
-- Installing: /<<PKGBUILDDIR>>/debian/tmp/usr/share/doc/ipset/html/_static/documentation_options.js
-- Installing: /<<PKGBUILDDIR>>/debian/tmp/usr/share/doc/ipset/html/_static/default.css
-- Installing: /<<PKGBUILDDIR>>/debian/tmp/usr/share/doc/ipset/html/_static/doctools.js
-- Installing: /<<PKGBUILDDIR>>/debian/tmp/usr/share/doc/ipset/html/_static/file.png
-- Installing: /<<PKGBUILDDIR>>/debian/tmp/usr/share/doc/ipset/html/_static/plus.png
-- Installing: /<<PKGBUILDDIR>>/debian/tmp/usr/share/doc/ipset/html/_static/searchtools.js
-- Installing: /<<PKGBUILDDIR>>/debian/tmp/usr/share/doc/ipset/html/_static/pygments.css
-- Installing: /<<PKGBUILDDIR>>/debian/tmp/usr/share/doc/ipset/html/_static/jquery.js
-- Installing: /<<PKGBUILDDIR>>/debian/tmp/usr/share/doc/ipset/html/_static/classic.css
-- Installing: /<<PKGBUILDDIR>>/debian/tmp/usr/share/doc/ipset/html/_static/underscore.js
-- Installing: /<<PKGBUILDDIR>>/debian/tmp/usr/share/doc/ipset/html/genindex.html
-- Installing: /<<PKGBUILDDIR>>/debian/tmp/usr/share/doc/ipset/html/sets.html
-- Installing: /<<PKGBUILDDIR>>/debian/tmp/usr/share/doc/ipset/html/index.html
-- Installing: /<<PKGBUILDDIR>>/debian/tmp/usr/share/doc/ipset/html/file-format.html
-- Installing: /<<PKGBUILDDIR>>/debian/tmp/usr/share/doc/ipset/html/_sources
-- Installing: /<<PKGBUILDDIR>>/debian/tmp/usr/share/doc/ipset/html/_sources/commands.rst.txt
-- Installing: /<<PKGBUILDDIR>>/debian/tmp/usr/share/doc/ipset/html/_sources/index.rst.txt
-- Installing: /<<PKGBUILDDIR>>/debian/tmp/usr/share/doc/ipset/html/_sources/maps.rst.txt
-- Installing: /<<PKGBUILDDIR>>/debian/tmp/usr/share/doc/ipset/html/_sources/sets.rst.txt
-- Installing: /<<PKGBUILDDIR>>/debian/tmp/usr/share/doc/ipset/html/_sources/file-format.rst.txt
-- Installing: /<<PKGBUILDDIR>>/debian/tmp/usr/share/doc/ipset/html/maps.html
-- Installing: /<<PKGBUILDDIR>>/debian/tmp/usr/share/doc/ipset/html/objects.inv
-- Installing: /<<PKGBUILDDIR>>/debian/tmp/usr/share/doc/ipset/html/commands.html
-- Installing: /<<PKGBUILDDIR>>/debian/tmp/usr/share/doc/ipset/html/.buildinfo
-- Installing: /<<PKGBUILDDIR>>/debian/tmp/usr/share/doc/ipset/html/searchindex.js
-- Installing: /<<PKGBUILDDIR>>/debian/tmp/usr/share/doc/ipset/html/search.html
-- Installing: /<<PKGBUILDDIR>>/debian/tmp/usr/include
-- Installing: /<<PKGBUILDDIR>>/debian/tmp/usr/include/ipset
-- Installing: /<<PKGBUILDDIR>>/debian/tmp/usr/include/ipset/bdd
-- Installing: /<<PKGBUILDDIR>>/debian/tmp/usr/include/ipset/bdd/nodes.h
-- Installing: /<<PKGBUILDDIR>>/debian/tmp/usr/include/ipset/errors.h
-- Installing: /<<PKGBUILDDIR>>/debian/tmp/usr/include/ipset/bits.h
-- Installing: /<<PKGBUILDDIR>>/debian/tmp/usr/include/ipset/logging.h
-- Installing: /<<PKGBUILDDIR>>/debian/tmp/usr/include/ipset/ipset.h
-- Installing: /<<PKGBUILDDIR>>/debian/tmp/usr/lib/x86_64-linux-gnu/libcorkipset.so.1.1.0
-- Installing: /<<PKGBUILDDIR>>/debian/tmp/usr/lib/x86_64-linux-gnu/libcorkipset.so.1
-- Installing: /<<PKGBUILDDIR>>/debian/tmp/usr/lib/x86_64-linux-gnu/libcorkipset.so
-- Installing: /<<PKGBUILDDIR>>/debian/tmp/usr/bin/ipsetbuild
-- Set runtime path of "/<<PKGBUILDDIR>>/debian/tmp/usr/bin/ipsetbuild" to ""
-- Installing: /<<PKGBUILDDIR>>/debian/tmp/usr/bin/ipsetcat
-- Set runtime path of "/<<PKGBUILDDIR>>/debian/tmp/usr/bin/ipsetcat" to ""
-- Installing: /<<PKGBUILDDIR>>/debian/tmp/usr/bin/ipsetdot
-- Set runtime path of "/<<PKGBUILDDIR>>/debian/tmp/usr/bin/ipsetdot" to ""
-- Installing: /<<PKGBUILDDIR>>/debian/tmp/usr/lib/x86_64-linux-gnu/pkgconfig/libcorkipset.pc
make[1]: Leaving directory '/<<PKGBUILDDIR>>/obj-x86_64-linux-gnu'
   debian/rules override_dh_install
make[1]: Entering directory '/<<PKGBUILDDIR>>'
sed -i 's%#include <ipset%#include <libcorkipset%' debian/tmp/usr/include/ipset/*.h
rm -f obj-*/docs/html/.buildinfo
cd obj-x86_64-linux-gnu; \
for bin in ipsetbuild ipsetcat ipsetdot; do \
	help2man -N -n "utility of libcorkipset library" \
		--version-string="1.1.1+20150311-8" -o $bin.1 src/$bin; \
done
dh_install
make[1]: Leaving directory '/<<PKGBUILDDIR>>'
   debian/rules override_dh_installdocs
make[1]: Entering directory '/<<PKGBUILDDIR>>'
dh_installdocs -X.gitignore
make[1]: Leaving directory '/<<PKGBUILDDIR>>'
   dh_sphinxdoc
   dh_installchangelogs
   dh_installman
   dh_perl
   dh_link
   dh_strip_nondeterminism
   dh_compress
   dh_fixperms
   dh_missing
   dh_strip
   dh_makeshlibs
   dh_shlibdeps
   dh_installdeb
   dh_gencontrol
   dh_md5sums
   dh_builddeb
dpkg-deb: building package 'libcorkipset-dev' in '../libcorkipset-dev_1.1.1+20150311-8_amd64.deb'.
dpkg-deb: building package 'libcorkipset1-dbgsym' in '../libcorkipset1-dbgsym_1.1.1+20150311-8_amd64.deb'.
dpkg-deb: building package 'libcorkipset-utils' in '../libcorkipset-utils_1.1.1+20150311-8_amd64.deb'.
dpkg-deb: building package 'libcorkipset-doc' in '../libcorkipset-doc_1.1.1+20150311-8_all.deb'.
dpkg-deb: building package 'libcorkipset-utils-dbgsym' in '../libcorkipset-utils-dbgsym_1.1.1+20150311-8_amd64.deb'.
dpkg-deb: building package 'libcorkipset1' in '../libcorkipset1_1.1.1+20150311-8_amd64.deb'.
 dpkg-genbuildinfo --build=binary
 dpkg-genchanges --build=binary >../libcorkipset_1.1.1+20150311-8_amd64.changes
dpkg-genchanges: info: binary-only upload (no source code included)
 dpkg-source --after-build .
dpkg-buildpackage: info: binary-only upload (no source included)
--------------------------------------------------------------------------------
Build finished at 2020-02-25T06:13:35Z

Finished
--------

I: Built successfully

+------------------------------------------------------------------------------+
| Changes                                                                      |
+------------------------------------------------------------------------------+


libcorkipset_1.1.1+20150311-8_amd64.changes:
--------------------------------------------

Format: 1.8
Date: Tue, 24 Oct 2017 00:41:55 +0900
Source: libcorkipset
Binary: libcorkipset-dev libcorkipset-doc libcorkipset-utils libcorkipset-utils-dbgsym libcorkipset1 libcorkipset1-dbgsym
Architecture: amd64 all
Version: 1.1.1+20150311-8
Distribution: unstable
Urgency: medium
Maintainer: Roger Shimizu <rogershimizu@gmail.com>
Changed-By: Roger Shimizu <rogershimizu@gmail.com>
Description:
 libcorkipset-dev - C library to store sets/maps of IP address (development files)
 libcorkipset-doc - C library to store sets/maps of IP address (documentation files)
 libcorkipset-utils - C library to store sets/maps of IP address (utility files)
 libcorkipset1 - C library to store sets/maps of IP address
Changes:
 libcorkipset (1.1.1+20150311-8) unstable; urgency=medium
 .
   * Release to unstable.
   * debian/libcorkipset1.symbols:
     - Add symbols file for libcorkipset1.
Checksums-Sha1:
 80641252687516a562ad5735e1da234ebb6893be 10144 libcorkipset-dev_1.1.1+20150311-8_amd64.deb
 33d23cd50bd9c7b05d2aab5ba5f092d87540f1b5 32196 libcorkipset-doc_1.1.1+20150311-8_all.deb
 5582d9aa477e335972700855fa252548069bd672 14720 libcorkipset-utils-dbgsym_1.1.1+20150311-8_amd64.deb
 7d75e08fe3037c0e6098ef4aa10b54b5312e7350 16216 libcorkipset-utils_1.1.1+20150311-8_amd64.deb
 cc90d8e09229f7ee3cdc1a5fdeef211eadfbcf63 33232 libcorkipset1-dbgsym_1.1.1+20150311-8_amd64.deb
 979b6a13966583a3941b24bede6e10c7615f3c44 15532 libcorkipset1_1.1.1+20150311-8_amd64.deb
 bdda2d5f5c06e72873a5fa708ca76f6e3d3709ae 9037 libcorkipset_1.1.1+20150311-8_amd64.buildinfo
Checksums-Sha256:
 01ce4fad46b2b8f13b937aeaa08a6f990ea03e5f7068746bf62cc27d2fe96e57 10144 libcorkipset-dev_1.1.1+20150311-8_amd64.deb
 0b9913d74e4f360bafec2fa97067f3ecfbc87904ceed978050a7b54af4045412 32196 libcorkipset-doc_1.1.1+20150311-8_all.deb
 6ebca6bbcc9e69026afafbf2e173d70268c7c8a1b2ad406f0433d4e0a3306897 14720 libcorkipset-utils-dbgsym_1.1.1+20150311-8_amd64.deb
 fc3f4baa17823ebf6a1be0f0f5c623ff359517dae8912fc35207583f552f559d 16216 libcorkipset-utils_1.1.1+20150311-8_amd64.deb
 ba85929ff3679d0512d0db0ce9ba9b0527f4d2ef74f3d3603ba54801dedf80a5 33232 libcorkipset1-dbgsym_1.1.1+20150311-8_amd64.deb
 cbb0def401381a72ab893099788f4391c06f0899265ca2824a1132e14e47c09e 15532 libcorkipset1_1.1.1+20150311-8_amd64.deb
 68ee203da0dc083bc2b231b5a8f5e3c3776fdee2b7d0145e44bfc1454a51ef99 9037 libcorkipset_1.1.1+20150311-8_amd64.buildinfo
Files:
 d3fbfc48a6397f7d9b8f50e1a11fb7f9 10144 libdevel optional libcorkipset-dev_1.1.1+20150311-8_amd64.deb
 3db261d044e2b8def1698aa514cc8df9 32196 doc optional libcorkipset-doc_1.1.1+20150311-8_all.deb
 0c710f8bfbafce9a390ae3b164c90530 14720 debug optional libcorkipset-utils-dbgsym_1.1.1+20150311-8_amd64.deb
 dfd26aadadf676117e635c08a4548e4e 16216 libs optional libcorkipset-utils_1.1.1+20150311-8_amd64.deb
 14bfe2320eef09737813e13adaace0a5 33232 debug optional libcorkipset1-dbgsym_1.1.1+20150311-8_amd64.deb
 22f9d4abaa3f331ddd5e10663ff9e877 15532 libs optional libcorkipset1_1.1.1+20150311-8_amd64.deb
 615247c13d4ed0dcd57708f3124b46e0 9037 libs optional libcorkipset_1.1.1+20150311-8_amd64.buildinfo

+------------------------------------------------------------------------------+
| Buildinfo                                                                    |
+------------------------------------------------------------------------------+

Format: 1.0
Source: libcorkipset
Binary: libcorkipset-utils libcorkipset-dev libcorkipset1 libcorkipset-doc
Architecture: all amd64
Version: 1.1.1+20150311-8
Checksums-Md5:
 d3fbfc48a6397f7d9b8f50e1a11fb7f9 10144 libcorkipset-dev_1.1.1+20150311-8_amd64.deb
 3db261d044e2b8def1698aa514cc8df9 32196 libcorkipset-doc_1.1.1+20150311-8_all.deb
 0c710f8bfbafce9a390ae3b164c90530 14720 libcorkipset-utils-dbgsym_1.1.1+20150311-8_amd64.deb
 dfd26aadadf676117e635c08a4548e4e 16216 libcorkipset-utils_1.1.1+20150311-8_amd64.deb
 14bfe2320eef09737813e13adaace0a5 33232 libcorkipset1-dbgsym_1.1.1+20150311-8_amd64.deb
 22f9d4abaa3f331ddd5e10663ff9e877 15532 libcorkipset1_1.1.1+20150311-8_amd64.deb
Checksums-Sha1:
 80641252687516a562ad5735e1da234ebb6893be 10144 libcorkipset-dev_1.1.1+20150311-8_amd64.deb
 33d23cd50bd9c7b05d2aab5ba5f092d87540f1b5 32196 libcorkipset-doc_1.1.1+20150311-8_all.deb
 5582d9aa477e335972700855fa252548069bd672 14720 libcorkipset-utils-dbgsym_1.1.1+20150311-8_amd64.deb
 7d75e08fe3037c0e6098ef4aa10b54b5312e7350 16216 libcorkipset-utils_1.1.1+20150311-8_amd64.deb
 cc90d8e09229f7ee3cdc1a5fdeef211eadfbcf63 33232 libcorkipset1-dbgsym_1.1.1+20150311-8_amd64.deb
 979b6a13966583a3941b24bede6e10c7615f3c44 15532 libcorkipset1_1.1.1+20150311-8_amd64.deb
Checksums-Sha256:
 01ce4fad46b2b8f13b937aeaa08a6f990ea03e5f7068746bf62cc27d2fe96e57 10144 libcorkipset-dev_1.1.1+20150311-8_amd64.deb
 0b9913d74e4f360bafec2fa97067f3ecfbc87904ceed978050a7b54af4045412 32196 libcorkipset-doc_1.1.1+20150311-8_all.deb
 6ebca6bbcc9e69026afafbf2e173d70268c7c8a1b2ad406f0433d4e0a3306897 14720 libcorkipset-utils-dbgsym_1.1.1+20150311-8_amd64.deb
 fc3f4baa17823ebf6a1be0f0f5c623ff359517dae8912fc35207583f552f559d 16216 libcorkipset-utils_1.1.1+20150311-8_amd64.deb
 ba85929ff3679d0512d0db0ce9ba9b0527f4d2ef74f3d3603ba54801dedf80a5 33232 libcorkipset1-dbgsym_1.1.1+20150311-8_amd64.deb
 cbb0def401381a72ab893099788f4391c06f0899265ca2824a1132e14e47c09e 15532 libcorkipset1_1.1.1+20150311-8_amd64.deb
Build-Origin: Debian
Build-Architecture: amd64
Build-Date: Tue, 25 Feb 2020 06:13:34 +0000
Build-Path: /<<PKGBUILDDIR>>
Installed-Build-Depends:
 autoconf (= 2.69-11.1),
 automake (= 1:1.16.1-4),
 autopoint (= 0.19.8.1-10),
 autotools-dev (= 20180224.1),
 base-files (= 11),
 base-passwd (= 3.5.47),
 bash (= 5.0-5),
 binutils (= 2.34-3),
 binutils-common (= 2.34-3),
 binutils-x86-64-linux-gnu (= 2.34-3),
 bsdmainutils (= 11.1.2+b1),
 bsdutils (= 1:2.34-0.1),
 build-essential (= 12.8),
 bzip2 (= 1.0.8-2),
 ca-certificates (= 20190110),
 check (= 0.12.0-0.1),
 clang-10 (= 1:10.0.0~+rc2-1),
 cmake (= 3.16.3-1),
 cmake-data (= 3.16.3-1),
 coreutils (= 8.30-3+b1),
 cpp (= 4:9.2.1-3.1),
 cpp-9 (= 9.2.1-29),
 dash (= 0.5.10.2-6),
 debconf (= 1.5.73),
 debhelper (= 12.9),
 debianutils (= 4.9.1),
 dh-autoreconf (= 19),
 dh-strip-nondeterminism (= 1.6.3-2),
 diffutils (= 1:3.7-3),
 docutils-common (= 0.16+dfsg-1),
 dpkg (= 1.19.7),
 dpkg-dev (= 1.19.7),
 dwz (= 0.13-5),
 fdisk (= 2.34-0.1),
 file (= 1:5.38-4),
 findutils (= 4.7.0-1),
 g++ (= 4:9.2.1-3.1),
 g++-9 (= 9.2.1-29),
 gcc (= 4:9.2.1-3.1),
 gcc-10-base (= 10-20200222-1),
 gcc-9 (= 9.2.1-29),
 gcc-9-base (= 9.2.1-29),
 gettext (= 0.19.8.1-10),
 gettext-base (= 0.19.8.1-10),
 grep (= 3.4-1),
 groff-base (= 1.22.4-4),
 gzip (= 1.9-3+b1),
 help2man (= 1.47.12),
 hostname (= 3.23),
 init-system-helpers (= 1.57),
 intltool-debian (= 0.35.0+20060710.5),
 lib32gcc-s1 (= 10-20200222-1),
 lib32gcc1 (= 1:10-20200222-1),
 lib32stdc++6 (= 10-20200222-1),
 libacl1 (= 2.2.53-5),
 libarchive-zip-perl (= 1.67-1),
 libarchive13 (= 3.4.0-1+b1),
 libasan5 (= 9.2.1-29),
 libatomic1 (= 10-20200222-1),
 libattr1 (= 1:2.4.48-5),
 libaudit-common (= 1:2.8.5-2),
 libaudit1 (= 1:2.8.5-2+b1),
 libbinutils (= 2.34-3),
 libblkid1 (= 2.34-0.1),
 libbrotli1 (= 1.0.7-6),
 libbsd0 (= 0.10.0-1),
 libbz2-1.0 (= 1.0.8-2),
 libc-bin (= 2.29-10),
 libc-dev-bin (= 2.29-10),
 libc6 (= 2.29-10),
 libc6-dev (= 2.29-10),
 libc6-i386 (= 2.29-10),
 libcap-ng0 (= 0.7.9-2.1+b1),
 libcc1-0 (= 10-20200222-1),
 libclang-common-10-dev (= 1:10.0.0~+rc2-1),
 libclang-cpp10 (= 1:10.0.0~+rc2-1),
 libclang1-10 (= 1:10.0.0~+rc2-1),
 libcom-err2 (= 1.45.5-2),
 libcork-dev (= 0.15.0+ds-12),
 libcork16 (= 0.15.0+ds-12),
 libcroco3 (= 0.6.13-1),
 libcrypt-dev (= 1:4.4.10-10),
 libcrypt1 (= 1:4.4.10-10),
 libctf-nobfd0 (= 2.34-3),
 libctf0 (= 2.34-3),
 libcurl4 (= 7.68.0-1),
 libdb5.3 (= 5.3.28+dfsg1-0.6),
 libdebconfclient0 (= 0.251),
 libdebhelper-perl (= 12.9),
 libdpkg-perl (= 1.19.7),
 libedit2 (= 3.1-20191231-1),
 libelf1 (= 0.176-1.1),
 libexpat1 (= 2.2.9-1),
 libfdisk1 (= 2.34-0.1),
 libffi7 (= 3.3-3),
 libfile-stripnondeterminism-perl (= 1.6.3-2),
 libgc1c2 (= 1:7.6.4-0.4),
 libgcc-9-dev (= 9.2.1-29),
 libgcc-s1 (= 10-20200222-1),
 libgcc1 (= 1:10-20200222-1),
 libgcrypt20 (= 1.8.5-5),
 libgdbm-compat4 (= 1.18.1-5),
 libgdbm6 (= 1.18.1-5),
 libglib2.0-0 (= 2.62.4-2),
 libgmp10 (= 2:6.2.0+dfsg-4),
 libgnutls30 (= 3.6.12-2),
 libgomp1 (= 10-20200222-1),
 libgpg-error0 (= 1.37-1),
 libgssapi-krb5-2 (= 1.17-6),
 libhogweed5 (= 3.5.1+really3.5.1-2),
 libicu63 (= 63.2-2),
 libidn2-0 (= 2.2.0-2),
 libisl22 (= 0.22.1-1),
 libitm1 (= 10-20200222-1),
 libjs-jquery (= 3.3.1~dfsg-3),
 libjs-sphinxdoc (= 1.8.5-5),
 libjs-underscore (= 1.9.1~dfsg-1),
 libjsoncpp1 (= 1.7.4-3.1),
 libk5crypto3 (= 1.17-6),
 libkeyutils1 (= 1.6.1-2),
 libkrb5-3 (= 1.17-6),
 libkrb5support0 (= 1.17-6),
 libldap-2.4-2 (= 2.4.49+dfsg-1),
 libldap-common (= 2.4.49+dfsg-1),
 libllvm10 (= 1:10.0.0~+rc2-1),
 liblocale-gettext-perl (= 1.07-4),
 liblsan0 (= 10-20200222-1),
 liblz4-1 (= 1.9.2-2),
 liblzma5 (= 5.2.4-1+b1),
 libmagic-mgc (= 1:5.38-4),
 libmagic1 (= 1:5.38-4),
 libmount1 (= 2.34-0.1),
 libmpc3 (= 1.1.0-1),
 libmpdec2 (= 2.4.2-2),
 libmpfr6 (= 4.0.2-1),
 libncurses6 (= 6.1+20191019-1),
 libncursesw6 (= 6.1+20191019-1),
 libnettle7 (= 3.5.1+really3.5.1-2),
 libnghttp2-14 (= 1.40.0-1),
 libobjc-9-dev (= 9.2.1-29),
 libobjc4 (= 10-20200222-1),
 libp11-kit0 (= 0.23.20-1),
 libpam-modules (= 1.3.1-5),
 libpam-modules-bin (= 1.3.1-5),
 libpam-runtime (= 1.3.1-5),
 libpam0g (= 1.3.1-5),
 libpcre2-8-0 (= 10.34-7),
 libpcre3 (= 2:8.39-12+b1),
 libperl5.30 (= 5.30.0-9),
 libpipeline1 (= 1.5.2-2),
 libprocps8 (= 2:3.3.16-1+b1),
 libpsl5 (= 0.20.2-2),
 libpython3-stdlib (= 3.7.5-3),
 libpython3.7-minimal (= 3.7.6-1+b1),
 libpython3.7-stdlib (= 3.7.6-1+b1),
 libquadmath0 (= 10-20200222-1),
 libreadline8 (= 8.0-3),
 librhash0 (= 1.3.9-1),
 librtmp1 (= 2.4+20151223.gitfa8646d.1-2+b1),
 libsasl2-2 (= 2.1.27+dfsg-2),
 libsasl2-modules-db (= 2.1.27+dfsg-2),
 libseccomp2 (= 2.4.2-2),
 libselinux1 (= 3.0-1+b1),
 libsigsegv2 (= 2.12-2),
 libsmartcols1 (= 2.34-0.1),
 libsqlite3-0 (= 3.31.1-3),
 libssh2-1 (= 1.8.0-2.1),
 libssl1.1 (= 1.1.1d-2),
 libstdc++-9-dev (= 9.2.1-29),
 libstdc++6 (= 10-20200222-1),
 libsub-override-perl (= 0.09-2),
 libsubunit-dev (= 1.3.0-6),
 libsubunit0 (= 1.3.0-6),
 libsystemd0 (= 244.3-1),
 libtasn1-6 (= 4.16.0-2),
 libtinfo6 (= 6.1+20191019-1),
 libtool (= 2.4.6-13),
 libtsan0 (= 10-20200222-1),
 libubsan1 (= 10-20200222-1),
 libuchardet0 (= 0.0.6-3),
 libudev1 (= 244.3-1),
 libunistring2 (= 0.9.10-2),
 libuuid1 (= 2.34-0.1),
 libuv1 (= 1.34.2-1),
 libxml2 (= 2.9.10+dfsg-3),
 libz3-4 (= 4.8.7-4),
 libzstd1 (= 1.4.4+dfsg-3),
 linux-libc-dev (= 5.4.19-1),
 login (= 1:4.8.1-1),
 lsb-base (= 11.1.0),
 m4 (= 1.4.18-4),
 make (= 4.2.1-1.2),
 man-db (= 2.9.0-2),
 mawk (= 1.3.4.20200120-2),
 mime-support (= 3.64),
 ncurses-base (= 6.1+20191019-1),
 ncurses-bin (= 6.1+20191019-1),
 openssl (= 1.1.1d-2),
 patch (= 2.7.6-6),
 perl (= 5.30.0-9),
 perl-base (= 5.30.0-9),
 perl-modules-5.30 (= 5.30.0-9),
 pkg-config (= 0.29-6),
 po-debconf (= 1.0.21),
 procps (= 2:3.3.16-1+b1),
 python-babel-localedata (= 2.8.0+dfsg.1-2),
 python3 (= 3.7.5-3),
 python3-alabaster (= 0.7.8-1),
 python3-attr (= 19.3.0-1),
 python3-babel (= 2.8.0+dfsg.1-2),
 python3-certifi (= 2019.11.28-1),
 python3-chardet (= 3.0.4-4),
 python3-distutils (= 3.8.0-1),
 python3-docutils (= 0.16+dfsg-1),
 python3-idna (= 2.6-2),
 python3-imagesize (= 1.2.0-1),
 python3-jinja2 (= 2.10.1-1),
 python3-lib2to3 (= 3.8.0-1),
 python3-markupsafe (= 1.1.0-1+b2),
 python3-minimal (= 3.7.5-3),
 python3-packaging (= 19.1-2),
 python3-pkg-resources (= 44.0.0-1),
 python3-pygments (= 2.3.1+dfsg-1),
 python3-pyparsing (= 2.4.6-1),
 python3-requests (= 2.22.0-2),
 python3-roman (= 2.0.0-3),
 python3-six (= 1.14.0-2),
 python3-sphinx (= 1.8.5-5),
 python3-tz (= 2019.3-1),
 python3-urllib3 (= 1.25.8-1),
 python3.7 (= 3.7.6-1+b1),
 python3.7-minimal (= 3.7.6-1+b1),
 readline-common (= 8.0-3),
 sed (= 4.7-1),
 sensible-utils (= 0.0.12+nmu1),
 sgml-base (= 1.29.1),
 sphinx-common (= 1.8.5-5),
 sysvinit-utils (= 2.96-2.1),
 tar (= 1.30+dfsg-6+b1),
 tzdata (= 2019c-3),
 util-linux (= 2.34-0.1),
 xml-core (= 0.18+nmu1),
 xz-utils (= 5.2.4-1+b1),
 zlib1g (= 1:1.2.11.dfsg-2)
Environment:
 DEB_BUILD_OPTIONS="parallel=4"
 LANG="C.UTF-8"
 LC_ALL="C.UTF-8"
 SOURCE_DATE_EPOCH="1508773315"


+------------------------------------------------------------------------------+
| Package contents                                                             |
+------------------------------------------------------------------------------+


libcorkipset-dev_1.1.1+20150311-8_amd64.deb
-------------------------------------------

 new Debian package, version 2.0.
 size 10144 bytes: control archive=1056 bytes.
     803 bytes,    20 lines      control              
     667 bytes,     9 lines      md5sums              
 Package: libcorkipset-dev
 Source: libcorkipset
 Version: 1.1.1+20150311-8
 Architecture: amd64
 Maintainer: Roger Shimizu <rogershimizu@gmail.com>
 Installed-Size: 46
 Depends: libcorkipset1 (= 1.1.1+20150311-8)
 Suggests: libcorkipset-doc
 Section: libdevel
 Priority: optional
 Multi-Arch: same
 Homepage: https://github.com/redjack/ipset
 Description: C library to store sets/maps of IP address (development files)
  The ipset library provides C data types for storing sets of IP
  addresses, and maps of IP addresses to integers.  It supports both
  IPv4 and IPv6 addresses.  It's implemented using "Binary Decision
  Diagrams" (BDDs, https://en.wikipedia.org/wiki/Binary_decision_diagram),
  which (we hypothesize) makes it space efficient for large sets.
  .
  This package provides C header files for the library.

drwxr-xr-x root/root         0 2017-10-23 15:41 ./
drwxr-xr-x root/root         0 2017-10-23 15:41 ./usr/
drwxr-xr-x root/root         0 2017-10-23 15:41 ./usr/include/
drwxr-xr-x root/root         0 2017-10-23 15:41 ./usr/include/libcorkipset/
drwxr-xr-x root/root         0 2017-10-23 15:41 ./usr/include/libcorkipset/bdd/
-rw-r--r-- root/root     14892 2016-06-21 09:50 ./usr/include/libcorkipset/bdd/nodes.h
-rw-r--r-- root/root      1650 2017-10-23 15:41 ./usr/include/libcorkipset/bits.h
-rw-r--r-- root/root       647 2017-10-23 15:41 ./usr/include/libcorkipset/errors.h
-rw-r--r-- root/root      6611 2017-10-23 15:41 ./usr/include/libcorkipset/ipset.h
-rw-r--r-- root/root       676 2017-10-23 15:41 ./usr/include/libcorkipset/logging.h
drwxr-xr-x root/root         0 2017-10-23 15:41 ./usr/lib/
drwxr-xr-x root/root         0 2017-10-23 15:41 ./usr/lib/x86_64-linux-gnu/
lrwxrwxrwx root/root         0 2017-10-23 15:41 ./usr/lib/x86_64-linux-gnu/libcorkipset.so -> libcorkipset.so.1
drwxr-xr-x root/root         0 2017-10-23 15:41 ./usr/lib/x86_64-linux-gnu/pkgconfig/
-rw-r--r-- root/root       396 2017-10-23 15:41 ./usr/lib/x86_64-linux-gnu/pkgconfig/libcorkipset.pc
drwxr-xr-x root/root         0 2017-10-23 15:41 ./usr/share/
drwxr-xr-x root/root         0 2017-10-23 15:41 ./usr/share/doc/
drwxr-xr-x root/root         0 2017-10-23 15:41 ./usr/share/doc/libcorkipset-dev/
-rw-r--r-- root/root       514 2016-06-21 09:50 ./usr/share/doc/libcorkipset-dev/README.markdown
-rw-r--r-- root/root      1328 2017-10-23 15:41 ./usr/share/doc/libcorkipset-dev/changelog.Debian.gz
-rw-r--r-- root/root      2861 2017-06-29 23:04 ./usr/share/doc/libcorkipset-dev/copyright


libcorkipset-doc_1.1.1+20150311-8_all.deb
-----------------------------------------

 new Debian package, version 2.0.
 size 32196 bytes: control archive=1608 bytes.
     804 bytes,    20 lines      control              
    2540 bytes,    29 lines      md5sums              
 Package: libcorkipset-doc
 Source: libcorkipset
 Version: 1.1.1+20150311-8
 Architecture: all
 Maintainer: Roger Shimizu <rogershimizu@gmail.com>
 Installed-Size: 219
 Depends: libjs-sphinxdoc (>= 1.0)
 Built-Using: sphinx (= 1.8.5-5)
 Section: doc
 Priority: optional
 Multi-Arch: foreign
 Homepage: https://github.com/redjack/ipset
 Description: C library to store sets/maps of IP address (documentation files)
  The ipset library provides C data types for storing sets of IP
  addresses, and maps of IP addresses to integers.  It supports both
  IPv4 and IPv6 addresses.  It's implemented using "Binary Decision
  Diagrams" (BDDs, https://en.wikipedia.org/wiki/Binary_decision_diagram),
  which (we hypothesize) makes it space efficient for large sets.
  .
  This package provides documentation in HTML for the library.

drwxr-xr-x root/root         0 2017-10-23 15:41 ./
drwxr-xr-x root/root         0 2017-10-23 15:41 ./usr/
drwxr-xr-x root/root         0 2017-10-23 15:41 ./usr/share/
drwxr-xr-x root/root         0 2017-10-23 15:41 ./usr/share/doc-base/
-rw-r--r-- root/root       282 2016-07-24 03:49 ./usr/share/doc-base/libcorkipset-doc
drwxr-xr-x root/root         0 2017-10-23 15:41 ./usr/share/doc/
drwxr-xr-x root/root         0 2017-10-23 15:41 ./usr/share/doc/libcorkipset-doc/
-rw-r--r-- root/root      1328 2017-10-23 15:41 ./usr/share/doc/libcorkipset-doc/changelog.Debian.gz
-rw-r--r-- root/root      2861 2017-06-29 23:04 ./usr/share/doc/libcorkipset-doc/copyright
drwxr-xr-x root/root         0 2017-10-23 15:41 ./usr/share/doc/libcorkipset-doc/examples/
-rw-r--r-- root/root       541 2017-10-23 15:41 ./usr/share/doc/libcorkipset-doc/examples/CMakeLists.txt
-rw-r--r-- root/root      1982 2016-06-21 09:50 ./usr/share/doc/libcorkipset-doc/examples/ipv4-set-size.c
drwxr-xr-x root/root         0 2017-10-23 15:41 ./usr/share/doc/libcorkipset-doc/html/
drwxr-xr-x root/root         0 2017-10-23 15:41 ./usr/share/doc/libcorkipset-doc/html/_sources/
-rw-r--r-- root/root      5611 2016-06-21 09:50 ./usr/share/doc/libcorkipset-doc/html/_sources/commands.rst.txt
-rw-r--r-- root/root      6635 2016-06-21 09:50 ./usr/share/doc/libcorkipset-doc/html/_sources/file-format.rst.txt
-rw-r--r-- root/root       680 2017-10-23 15:41 ./usr/share/doc/libcorkipset-doc/html/_sources/index.rst.txt
-rw-r--r-- root/root      6671 2016-06-21 09:50 ./usr/share/doc/libcorkipset-doc/html/_sources/maps.rst.txt
-rw-r--r-- root/root     10580 2016-06-21 09:50 ./usr/share/doc/libcorkipset-doc/html/_sources/sets.rst.txt
drwxr-xr-x root/root         0 2017-10-23 15:41 ./usr/share/doc/libcorkipset-doc/html/_static/
-rw-r--r-- root/root     10912 2017-10-23 15:41 ./usr/share/doc/libcorkipset-doc/html/_static/basic.css
-rw-r--r-- root/root      4146 2017-10-23 15:41 ./usr/share/doc/libcorkipset-doc/html/_static/classic.css
-rw-r--r-- root/root        28 2017-10-23 15:41 ./usr/share/doc/libcorkipset-doc/html/_static/default.css
-rw-r--r-- root/root      4875 2017-10-23 15:41 ./usr/share/doc/libcorkipset-doc/html/_static/docco-sphinx.css
lrwxrwxrwx root/root         0 2017-10-23 15:41 ./usr/share/doc/libcorkipset-doc/html/_static/doctools.js -> ../../../../javascript/sphinxdoc/1.0/doctools.js
-rw-r--r-- root/root       320 2017-10-23 15:41 ./usr/share/doc/libcorkipset-doc/html/_static/documentation_options.js
-rw-r--r-- root/root       286 2017-10-23 15:41 ./usr/share/doc/libcorkipset-doc/html/_static/file.png
lrwxrwxrwx root/root         0 2017-10-23 15:41 ./usr/share/doc/libcorkipset-doc/html/_static/jquery.js -> ../../../../javascript/sphinxdoc/1.0/jquery.js
-rw-r--r-- root/root     10847 2017-10-23 15:41 ./usr/share/doc/libcorkipset-doc/html/_static/language_data.js
-rw-r--r-- root/root        90 2017-10-23 15:41 ./usr/share/doc/libcorkipset-doc/html/_static/minus.png
-rw-r--r-- root/root        90 2017-10-23 15:41 ./usr/share/doc/libcorkipset-doc/html/_static/plus.png
-rw-r--r-- root/root      4652 2017-10-23 15:41 ./usr/share/doc/libcorkipset-doc/html/_static/pygments.css
lrwxrwxrwx root/root         0 2017-10-23 15:41 ./usr/share/doc/libcorkipset-doc/html/_static/searchtools.js -> ../../../../javascript/sphinxdoc/1.0/searchtools.js
lrwxrwxrwx root/root         0 2017-10-23 15:41 ./usr/share/doc/libcorkipset-doc/html/_static/sidebar.js -> ../../../../javascript/sphinxdoc/1.0/sidebar.js
lrwxrwxrwx root/root         0 2017-10-23 15:41 ./usr/share/doc/libcorkipset-doc/html/_static/underscore.js -> ../../../../javascript/sphinxdoc/1.0/underscore.js
-rw-r--r-- root/root     18726 2017-10-23 15:41 ./usr/share/doc/libcorkipset-doc/html/commands.html
-rw-r--r-- root/root     15567 2017-10-23 15:41 ./usr/share/doc/libcorkipset-doc/html/file-format.html
-rw-r--r-- root/root     11340 2017-10-23 15:41 ./usr/share/doc/libcorkipset-doc/html/genindex.html
-rw-r--r-- root/root      7650 2017-10-23 15:41 ./usr/share/doc/libcorkipset-doc/html/index.html
-rw-r--r-- root/root     20358 2017-10-23 15:41 ./usr/share/doc/libcorkipset-doc/html/maps.html
-rw-r--r-- root/root       845 2017-10-23 15:41 ./usr/share/doc/libcorkipset-doc/html/objects.inv
-rw-r--r-- root/root      3516 2017-10-23 15:41 ./usr/share/doc/libcorkipset-doc/html/search.html
-rw-r--r-- root/root     10606 2017-10-23 15:41 ./usr/share/doc/libcorkipset-doc/html/searchindex.js
-rw-r--r-- root/root     29402 2017-10-23 15:41 ./usr/share/doc/libcorkipset-doc/html/sets.html


libcorkipset-utils-dbgsym_1.1.1+20150311-8_amd64.deb
----------------------------------------------------

 new Debian package, version 2.0.
 size 14720 bytes: control archive=640 bytes.
     473 bytes,    12 lines      control              
     318 bytes,     3 lines      md5sums              
 Package: libcorkipset-utils-dbgsym
 Source: libcorkipset
 Version: 1.1.1+20150311-8
 Auto-Built-Package: debug-symbols
 Architecture: amd64
 Maintainer: Roger Shimizu <rogershimizu@gmail.com>
 Installed-Size: 44
 Depends: libcorkipset-utils (= 1.1.1+20150311-8)
 Section: debug
 Priority: optional
 Description: debug symbols for libcorkipset-utils
 Build-Ids: 344cb6a4bea817ccc836c17fac27b70d1dd9dbbb c494c8ff8ed4e5a18a6361f3069f777c0821959b d1f4b91190e718bb3057b8a30003f829ba6510b6

drwxr-xr-x root/root         0 2017-10-23 15:41 ./
drwxr-xr-x root/root         0 2017-10-23 15:41 ./usr/
drwxr-xr-x root/root         0 2017-10-23 15:41 ./usr/lib/
drwxr-xr-x root/root         0 2017-10-23 15:41 ./usr/lib/debug/
drwxr-xr-x root/root         0 2017-10-23 15:41 ./usr/lib/debug/.build-id/
drwxr-xr-x root/root         0 2017-10-23 15:41 ./usr/lib/debug/.build-id/34/
-rw-r--r-- root/root     10064 2017-10-23 15:41 ./usr/lib/debug/.build-id/34/4cb6a4bea817ccc836c17fac27b70d1dd9dbbb.debug
drwxr-xr-x root/root         0 2017-10-23 15:41 ./usr/lib/debug/.build-id/c4/
-rw-r--r-- root/root     12328 2017-10-23 15:41 ./usr/lib/debug/.build-id/c4/94c8ff8ed4e5a18a6361f3069f777c0821959b.debug
drwxr-xr-x root/root         0 2017-10-23 15:41 ./usr/lib/debug/.build-id/d1/
-rw-r--r-- root/root      8584 2017-10-23 15:41 ./usr/lib/debug/.build-id/d1/f4b91190e718bb3057b8a30003f829ba6510b6.debug
drwxr-xr-x root/root         0 2017-10-23 15:41 ./usr/share/
drwxr-xr-x root/root         0 2017-10-23 15:41 ./usr/share/doc/
lrwxrwxrwx root/root         0 2017-10-23 15:41 ./usr/share/doc/libcorkipset-utils-dbgsym -> libcorkipset-utils


libcorkipset-utils_1.1.1+20150311-8_amd64.deb
---------------------------------------------

 new Debian package, version 2.0.
 size 16216 bytes: control archive=988 bytes.
     800 bytes,    18 lines      control              
     522 bytes,     8 lines      md5sums              
 Package: libcorkipset-utils
 Source: libcorkipset
 Version: 1.1.1+20150311-8
 Architecture: amd64
 Maintainer: Roger Shimizu <rogershimizu@gmail.com>
 Installed-Size: 71
 Depends: libcorkipset1 (= 1.1.1+20150311-8), libc6 (>= 2.4), libcork16 (>= 0.15.0)
 Section: libs
 Priority: optional
 Homepage: https://github.com/redjack/ipset
 Description: C library to store sets/maps of IP address (utility files)
  The ipset library provides C data types for storing sets of IP
  addresses, and maps of IP addresses to integers.  It supports both
  IPv4 and IPv6 addresses.  It's implemented using "Binary Decision
  Diagrams" (BDDs, https://en.wikipedia.org/wiki/Binary_decision_diagram),
  which (we hypothesize) makes it space efficient for large sets.
  .
  This package provides a few utility binaries for the library.

drwxr-xr-x root/root         0 2017-10-23 15:41 ./
drwxr-xr-x root/root         0 2017-10-23 15:41 ./usr/
drwxr-xr-x root/root         0 2017-10-23 15:41 ./usr/bin/
-rwxr-xr-x root/root     22712 2017-10-23 15:41 ./usr/bin/ipsetbuild
-rwxr-xr-x root/root     14496 2017-10-23 15:41 ./usr/bin/ipsetcat
-rwxr-xr-x root/root     14464 2017-10-23 15:41 ./usr/bin/ipsetdot
drwxr-xr-x root/root         0 2017-10-23 15:41 ./usr/share/
drwxr-xr-x root/root         0 2017-10-23 15:41 ./usr/share/doc/
drwxr-xr-x root/root         0 2017-10-23 15:41 ./usr/share/doc/libcorkipset-utils/
-rw-r--r-- root/root      1328 2017-10-23 15:41 ./usr/share/doc/libcorkipset-utils/changelog.Debian.gz
-rw-r--r-- root/root      2861 2017-06-29 23:04 ./usr/share/doc/libcorkipset-utils/copyright
drwxr-xr-x root/root         0 2017-10-23 15:41 ./usr/share/man/
drwxr-xr-x root/root         0 2017-10-23 15:41 ./usr/share/man/man1/
-rw-r--r-- root/root      1360 2017-10-23 15:41 ./usr/share/man/man1/ipsetbuild.1.gz
-rw-r--r-- root/root       904 2017-10-23 15:41 ./usr/share/man/man1/ipsetcat.1.gz
-rw-r--r-- root/root       705 2017-10-23 15:41 ./usr/share/man/man1/ipsetdot.1.gz


libcorkipset1-dbgsym_1.1.1+20150311-8_amd64.deb
-----------------------------------------------

 new Debian package, version 2.0.
 size 33232 bytes: control archive=540 bytes.
     393 bytes,    13 lines      control              
     106 bytes,     1 lines      md5sums              
 Package: libcorkipset1-dbgsym
 Source: libcorkipset
 Version: 1.1.1+20150311-8
 Auto-Built-Package: debug-symbols
 Architecture: amd64
 Maintainer: Roger Shimizu <rogershimizu@gmail.com>
 Installed-Size: 50
 Depends: libcorkipset1 (= 1.1.1+20150311-8)
 Section: debug
 Priority: optional
 Multi-Arch: same
 Description: debug symbols for libcorkipset1
 Build-Ids: c0d7ead78ac14b0c55143d742b5424e980cd9544

drwxr-xr-x root/root         0 2017-10-23 15:41 ./
drwxr-xr-x root/root         0 2017-10-23 15:41 ./usr/
drwxr-xr-x root/root         0 2017-10-23 15:41 ./usr/lib/
drwxr-xr-x root/root         0 2017-10-23 15:41 ./usr/lib/debug/
drwxr-xr-x root/root         0 2017-10-23 15:41 ./usr/lib/debug/.build-id/
drwxr-xr-x root/root         0 2017-10-23 15:41 ./usr/lib/debug/.build-id/c0/
-rw-r--r-- root/root     40808 2017-10-23 15:41 ./usr/lib/debug/.build-id/c0/d7ead78ac14b0c55143d742b5424e980cd9544.debug
drwxr-xr-x root/root         0 2017-10-23 15:41 ./usr/share/
drwxr-xr-x root/root         0 2017-10-23 15:41 ./usr/share/doc/
lrwxrwxrwx root/root         0 2017-10-23 15:41 ./usr/share/doc/libcorkipset1-dbgsym -> libcorkipset1


libcorkipset1_1.1.1+20150311-8_amd64.deb
----------------------------------------

 new Debian package, version 2.0.
 size 15532 bytes: control archive=1404 bytes.
     736 bytes,    19 lines      control              
     313 bytes,     4 lines      md5sums              
      29 bytes,     1 lines      shlibs               
    2499 bytes,    80 lines      symbols              
      65 bytes,     2 lines      triggers             
 Package: libcorkipset1
 Source: libcorkipset
 Version: 1.1.1+20150311-8
 Architecture: amd64
 Maintainer: Roger Shimizu <rogershimizu@gmail.com>
 Installed-Size: 58
 Depends: libc6 (>= 2.4), libcork16 (>= 0.15.0)
 Section: libs
 Priority: optional
 Multi-Arch: same
 Homepage: https://github.com/redjack/ipset
 Description: C library to store sets/maps of IP address
  The ipset library provides C data types for storing sets of IP
  addresses, and maps of IP addresses to integers.  It supports both
  IPv4 and IPv6 addresses.  It's implemented using "Binary Decision
  Diagrams" (BDDs, https://en.wikipedia.org/wiki/Binary_decision_diagram),
  which (we hypothesize) makes it space efficient for large sets.
  .
  This package provides shared library.

drwxr-xr-x root/root         0 2017-10-23 15:41 ./
drwxr-xr-x root/root         0 2017-10-23 15:41 ./usr/
drwxr-xr-x root/root         0 2017-10-23 15:41 ./usr/lib/
drwxr-xr-x root/root         0 2017-10-23 15:41 ./usr/lib/x86_64-linux-gnu/
lrwxrwxrwx root/root         0 2017-10-23 15:41 ./usr/lib/x86_64-linux-gnu/libcorkipset.so.1 -> libcorkipset.so.1.1.0
-rw-r--r-- root/root     38816 2017-10-23 15:41 ./usr/lib/x86_64-linux-gnu/libcorkipset.so.1.1.0
drwxr-xr-x root/root         0 2017-10-23 15:41 ./usr/share/
drwxr-xr-x root/root         0 2017-10-23 15:41 ./usr/share/doc/
drwxr-xr-x root/root         0 2017-10-23 15:41 ./usr/share/doc/libcorkipset1/
-rw-r--r-- root/root       514 2016-06-21 09:50 ./usr/share/doc/libcorkipset1/README.markdown
-rw-r--r-- root/root      1328 2017-10-23 15:41 ./usr/share/doc/libcorkipset1/changelog.Debian.gz
-rw-r--r-- root/root      2861 2017-06-29 23:04 ./usr/share/doc/libcorkipset1/copyright


+------------------------------------------------------------------------------+
| Post Build                                                                   |
+------------------------------------------------------------------------------+


+------------------------------------------------------------------------------+
| Cleanup                                                                      |
+------------------------------------------------------------------------------+

Purging /<<BUILDDIR>>
Not cleaning session: cloned chroot in use

+------------------------------------------------------------------------------+
| Summary                                                                      |
+------------------------------------------------------------------------------+

Build Architecture: amd64
Build Type: binary
Build-Space: 6708
Build-Time: 9
Distribution: unstable
Host Architecture: amd64
Install-Time: 162
Job: libcorkipset_1.1.1+20150311-8
Machine Architecture: amd64
Package: libcorkipset
Package-Time: 200
Source-Version: 1.1.1+20150311-8
Space: 6708
Status: successful
Version: 1.1.1+20150311-8
--------------------------------------------------------------------------------
Finished at 2020-02-25T06:13:35Z
Build needed 00:03:20, 6708k disk space
DC-Status: OK 200.944445302s
DC-Time-Estimation: 200.944445302 versus expected 56 (r/m: 2.5882936661071425 ; m: 56.0)
