DC-Build-Header: libcrypt-u2f-server-perl 0.45-1 / 2020-02-24 23:28:47 +0000
DC-Task: type:rebuild-binarch-only source:libcrypt-u2f-server-perl version:0.45-1 chroot:unstable esttime:185 logfile:/tmp/libcrypt-u2f-server-perl_0.45-1_unstable_clang10.log modes:clang10:binarch-only
DC-Sbuild-call: su user42 -c 'sbuild -n --arch-any --apt-update -d unstable -v --no-run-lintian --chroot-setup-commands=/tmp/clang10 libcrypt-u2f-server-perl_0.45-1'
sbuild (Debian sbuild) 0.78.1 (09 February 2019) on ip-172-31-0-200.eu-central-1.compute.internal

+==============================================================================+
| libcrypt-u2f-server-perl 0.45-1 (amd64)      Mon, 24 Feb 2020 23:28:48 +0000 |
+==============================================================================+

Package: libcrypt-u2f-server-perl
Version: 0.45-1
Source Version: 0.45-1
Distribution: unstable
Machine Architecture: amd64
Host Architecture: amd64
Build Architecture: amd64
Build Type: binary

I: NOTICE: Log filtering will replace 'var/run/schroot/mount/sid-amd64-sbuild-cd715eca-ca3b-44b3-a1e3-cb1bf203edd8' with '<<CHROOT>>'

+------------------------------------------------------------------------------+
| Chroot Setup Commands                                                        |
+------------------------------------------------------------------------------+


/tmp/clang10
------------

+ echo 'Entering customization script...'
Entering customization script...
+ CLANG_VERSION=10
+ echo 'Install of clang-10'
Install of clang-10
+ apt-get update
Get:1 http://127.0.0.1:12990/debian sid InRelease [142 kB]
Get:2 http://127.0.0.1:12990/debian sid/main Sources.diff/Index [27.9 kB]
Get:3 http://127.0.0.1:12990/debian sid/main amd64 Packages.diff/Index [27.9 kB]
Get:4 http://127.0.0.1:12990/debian sid/main Sources 2020-02-24-0823.32.pdiff [11.0 kB]
Get:5 http://127.0.0.1:12990/debian sid/main Sources 2020-02-24-1420.34.pdiff [30.2 kB]
Get:6 http://127.0.0.1:12990/debian sid/main Sources 2020-02-24-2014.03.pdiff [16.9 kB]
Get:6 http://127.0.0.1:12990/debian sid/main Sources 2020-02-24-2014.03.pdiff [16.9 kB]
Get:7 http://127.0.0.1:12990/debian sid/main amd64 Packages 2020-02-24-0823.32.pdiff [15.5 kB]
Get:8 http://127.0.0.1:12990/debian sid/main amd64 Packages 2020-02-24-1420.34.pdiff [27.5 kB]
Get:9 http://127.0.0.1:12990/debian sid/main amd64 Packages 2020-02-24-2014.03.pdiff [21.6 kB]
Get:9 http://127.0.0.1:12990/debian sid/main amd64 Packages 2020-02-24-2014.03.pdiff [21.6 kB]
Get:10 http://127.0.0.1:12990/debian sid/main Translation-en [6193 kB]
Fetched 6514 kB in 3s (2507 kB/s)
Reading package lists...
+ apt-get install --yes --no-install-recommends --force-yes clang-10 libomp-10-dev libobjc-9-dev
Reading package lists...
Building dependency tree...
The following additional packages will be installed:
  lib32gcc-s1 lib32gcc1 lib32stdc++6 libbsd0 libc6-i386 libclang-common-10-dev
  libclang-cpp10 libclang1-10 libedit2 libgc1c2 libllvm10 libobjc4 libomp5-10
  libz3-4
Suggested packages:
  clang-10-doc libomp-10-doc
Recommended packages:
  llvm-10-dev python3
The following NEW packages will be installed:
  clang-10 lib32gcc-s1 lib32gcc1 lib32stdc++6 libbsd0 libc6-i386
  libclang-common-10-dev libclang-cpp10 libclang1-10 libedit2 libgc1c2
  libllvm10 libobjc-9-dev libobjc4 libomp-10-dev libomp5-10 libz3-4
0 upgraded, 17 newly installed, 0 to remove and 1 not upgraded.
Need to get 46.4 MB of archives.
After this operation, 238 MB of additional disk space will be used.
Get:1 http://127.0.0.1:12990/debian sid/main amd64 libbsd0 amd64 0.10.0-1 [107 kB]
Get:2 http://127.0.0.1:12990/debian sid/main amd64 libedit2 amd64 3.1-20191231-1 [95.4 kB]
Get:3 http://127.0.0.1:12990/debian sid/main amd64 libz3-4 amd64 4.8.7-4 [6790 kB]
Get:4 http://127.0.0.1:12990/debian sid/main amd64 libllvm10 amd64 1:10.0.0~+rc2-1 [15.5 MB]
Get:5 http://127.0.0.1:12990/debian sid/main amd64 libclang-cpp10 amd64 1:10.0.0~+rc2-1 [9069 kB]
Get:6 http://127.0.0.1:12990/debian sid/main amd64 libgc1c2 amd64 1:7.6.4-0.4 [224 kB]
Get:7 http://127.0.0.1:12990/debian sid/main amd64 libobjc4 amd64 10-20200222-1 [41.6 kB]
Get:8 http://127.0.0.1:12990/debian sid/main amd64 libobjc-9-dev amd64 9.2.1-29 [219 kB]
Get:9 http://127.0.0.1:12990/debian sid/main amd64 libc6-i386 amd64 2.29-10 [2918 kB]
Get:10 http://127.0.0.1:12990/debian sid/main amd64 lib32gcc-s1 amd64 10-20200222-1 [49.4 kB]
Get:11 http://127.0.0.1:12990/debian sid/main amd64 lib32gcc1 amd64 1:10-20200222-1 [1104 B]
Get:12 http://127.0.0.1:12990/debian sid/main amd64 lib32stdc++6 amd64 10-20200222-1 [510 kB]
Get:13 http://127.0.0.1:12990/debian sid/main amd64 libclang-common-10-dev amd64 1:10.0.0~+rc2-1 [2782 kB]
Get:14 http://127.0.0.1:12990/debian sid/main amd64 libclang1-10 amd64 1:10.0.0~+rc2-1 [7607 kB]
Get:15 http://127.0.0.1:12990/debian sid/main amd64 clang-10 amd64 1:10.0.0~+rc2-1 [103 kB]
Get:16 http://127.0.0.1:12990/debian sid/main amd64 libomp5-10 amd64 1:10.0.0~+rc2-1 [337 kB]
Get:17 http://127.0.0.1:12990/debian sid/main amd64 libomp-10-dev amd64 1:10.0.0~+rc2-1 [84.3 kB]
debconf: delaying package configuration, since apt-utils is not installed
Fetched 46.4 MB in 1s (59.0 MB/s)
Selecting previously unselected package libbsd0:amd64.
(Reading database ... (Reading database ... 5%(Reading database ... 10%(Reading database ... 15%(Reading database ... 20%(Reading database ... 25%(Reading database ... 30%(Reading database ... 35%(Reading database ... 40%(Reading database ... 45%(Reading database ... 50%(Reading database ... 55%(Reading database ... 60%(Reading database ... 65%(Reading database ... 70%(Reading database ... 75%(Reading database ... 80%(Reading database ... 85%(Reading database ... 90%(Reading database ... 95%(Reading database ... 100%(Reading database ... 12119 files and directories currently installed.)
Preparing to unpack .../00-libbsd0_0.10.0-1_amd64.deb ...
Unpacking libbsd0:amd64 (0.10.0-1) ...
Selecting previously unselected package libedit2:amd64.
Preparing to unpack .../01-libedit2_3.1-20191231-1_amd64.deb ...
Unpacking libedit2:amd64 (3.1-20191231-1) ...
Selecting previously unselected package libz3-4:amd64.
Preparing to unpack .../02-libz3-4_4.8.7-4_amd64.deb ...
Unpacking libz3-4:amd64 (4.8.7-4) ...
Selecting previously unselected package libllvm10:amd64.
Preparing to unpack .../03-libllvm10_1%3a10.0.0~+rc2-1_amd64.deb ...
Unpacking libllvm10:amd64 (1:10.0.0~+rc2-1) ...
Selecting previously unselected package libclang-cpp10.
Preparing to unpack .../04-libclang-cpp10_1%3a10.0.0~+rc2-1_amd64.deb ...
Unpacking libclang-cpp10 (1:10.0.0~+rc2-1) ...
Selecting previously unselected package libgc1c2:amd64.
Preparing to unpack .../05-libgc1c2_1%3a7.6.4-0.4_amd64.deb ...
Unpacking libgc1c2:amd64 (1:7.6.4-0.4) ...
Selecting previously unselected package libobjc4:amd64.
Preparing to unpack .../06-libobjc4_10-20200222-1_amd64.deb ...
Unpacking libobjc4:amd64 (10-20200222-1) ...
Selecting previously unselected package libobjc-9-dev:amd64.
Preparing to unpack .../07-libobjc-9-dev_9.2.1-29_amd64.deb ...
Unpacking libobjc-9-dev:amd64 (9.2.1-29) ...
Selecting previously unselected package libc6-i386.
Preparing to unpack .../08-libc6-i386_2.29-10_amd64.deb ...
Unpacking libc6-i386 (2.29-10) ...
Selecting previously unselected package lib32gcc-s1.
Preparing to unpack .../09-lib32gcc-s1_10-20200222-1_amd64.deb ...
Unpacking lib32gcc-s1 (10-20200222-1) ...
Selecting previously unselected package lib32gcc1.
Preparing to unpack .../10-lib32gcc1_1%3a10-20200222-1_amd64.deb ...
Unpacking lib32gcc1 (1:10-20200222-1) ...
Selecting previously unselected package lib32stdc++6.
Preparing to unpack .../11-lib32stdc++6_10-20200222-1_amd64.deb ...
Unpacking lib32stdc++6 (10-20200222-1) ...
Selecting previously unselected package libclang-common-10-dev.
Preparing to unpack .../12-libclang-common-10-dev_1%3a10.0.0~+rc2-1_amd64.deb ...
Unpacking libclang-common-10-dev (1:10.0.0~+rc2-1) ...
Selecting previously unselected package libclang1-10.
Preparing to unpack .../13-libclang1-10_1%3a10.0.0~+rc2-1_amd64.deb ...
Unpacking libclang1-10 (1:10.0.0~+rc2-1) ...
Selecting previously unselected package clang-10.
Preparing to unpack .../14-clang-10_1%3a10.0.0~+rc2-1_amd64.deb ...
Unpacking clang-10 (1:10.0.0~+rc2-1) ...
Selecting previously unselected package libomp5-10:amd64.
Preparing to unpack .../15-libomp5-10_1%3a10.0.0~+rc2-1_amd64.deb ...
Unpacking libomp5-10:amd64 (1:10.0.0~+rc2-1) ...
Selecting previously unselected package libomp-10-dev.
Preparing to unpack .../16-libomp-10-dev_1%3a10.0.0~+rc2-1_amd64.deb ...
Unpacking libomp-10-dev (1:10.0.0~+rc2-1) ...
Setting up libgc1c2:amd64 (1:7.6.4-0.4) ...
Setting up libobjc4:amd64 (10-20200222-1) ...
Setting up libz3-4:amd64 (4.8.7-4) ...
Setting up libobjc-9-dev:amd64 (9.2.1-29) ...
Setting up libomp5-10:amd64 (1:10.0.0~+rc2-1) ...
Setting up libc6-i386 (2.29-10) ...
Setting up libbsd0:amd64 (0.10.0-1) ...
Setting up libomp-10-dev (1:10.0.0~+rc2-1) ...
Setting up libedit2:amd64 (3.1-20191231-1) ...
Setting up libllvm10:amd64 (1:10.0.0~+rc2-1) ...
Setting up lib32gcc-s1 (10-20200222-1) ...
Setting up libclang1-10 (1:10.0.0~+rc2-1) ...
Setting up lib32gcc1 (1:10-20200222-1) ...
Setting up libclang-cpp10 (1:10.0.0~+rc2-1) ...
Setting up lib32stdc++6 (10-20200222-1) ...
Setting up libclang-common-10-dev (1:10.0.0~+rc2-1) ...
Setting up clang-10 (1:10.0.0~+rc2-1) ...
Processing triggers for libc-bin (2.29-10) ...
W: --force-yes is deprecated, use one of the options starting with --allow instead.
+ echo 'Replace gcc, g++ & cpp by clang'
Replace gcc, g++ & cpp by clang
+ VERSIONS='4.6 4.7 4.8 4.9 5 6 7 8 9 10'
+ cd /usr/bin
+ for VERSION in $VERSIONS
+ rm -f g++-4.6 gcc-4.6 cpp-4.6 gcc
+ ln -s clang++-10 g++-4.6
+ ln -s clang-10 gcc-4.6
+ ln -s clang-10 cpp-4.6
+ ln -s clang-10 gcc
+ echo 'gcc-4.6 hold'
+ dpkg --set-selections
dpkg: warning: package not in status nor available database at line 1: gcc-4.6
dpkg: warning: found unknown packages; this might mean the available database
is outdated, and needs to be updated through a frontend method;
please see the FAQ <https://wiki.debian.org/Teams/Dpkg/FAQ>
+ echo 'g++-4.6 hold'
+ dpkg --set-selections
dpkg: warning: package not in status nor available database at line 1: g++-4.6
dpkg: warning: found unknown packages; this might mean the available database
is outdated, and needs to be updated through a frontend method;
please see the FAQ <https://wiki.debian.org/Teams/Dpkg/FAQ>
+ for VERSION in $VERSIONS
+ rm -f g++-4.7 gcc-4.7 cpp-4.7 gcc
+ ln -s clang++-10 g++-4.7
+ ln -s clang-10 gcc-4.7
+ ln -s clang-10 cpp-4.7
+ ln -s clang-10 gcc
+ echo 'gcc-4.7 hold'
+ dpkg --set-selections
dpkg: warning: package not in status nor available database at line 1: gcc-4.7
dpkg: warning: found unknown packages; this might mean the available database
is outdated, and needs to be updated through a frontend method;
please see the FAQ <https://wiki.debian.org/Teams/Dpkg/FAQ>
+ echo 'g++-4.7 hold'
+ dpkg --set-selections
dpkg: warning: package not in status nor available database at line 1: g++-4.7
dpkg: warning: found unknown packages; this might mean the available database
is outdated, and needs to be updated through a frontend method;
please see the FAQ <https://wiki.debian.org/Teams/Dpkg/FAQ>
+ for VERSION in $VERSIONS
+ rm -f g++-4.8 gcc-4.8 cpp-4.8 gcc
+ ln -s clang++-10 g++-4.8
+ ln -s clang-10 gcc-4.8
+ ln -s clang-10 cpp-4.8
+ ln -s clang-10 gcc
+ echo 'gcc-4.8 hold'
+ dpkg --set-selections
dpkg: warning: package not in status nor available database at line 1: gcc-4.8
dpkg: warning: found unknown packages; this might mean the available database
is outdated, and needs to be updated through a frontend method;
please see the FAQ <https://wiki.debian.org/Teams/Dpkg/FAQ>
+ echo 'g++-4.8 hold'
+ dpkg --set-selections
dpkg: warning: package not in status nor available database at line 1: g++-4.8
dpkg: warning: found unknown packages; this might mean the available database
is outdated, and needs to be updated through a frontend method;
please see the FAQ <https://wiki.debian.org/Teams/Dpkg/FAQ>
+ for VERSION in $VERSIONS
+ rm -f g++-4.9 gcc-4.9 cpp-4.9 gcc
+ ln -s clang++-10 g++-4.9
+ ln -s clang-10 gcc-4.9
+ ln -s clang-10 cpp-4.9
+ ln -s clang-10 gcc
+ echo 'gcc-4.9 hold'
+ dpkg --set-selections
dpkg: warning: package not in status nor available database at line 1: gcc-4.9
dpkg: warning: found unknown packages; this might mean the available database
is outdated, and needs to be updated through a frontend method;
please see the FAQ <https://wiki.debian.org/Teams/Dpkg/FAQ>
+ echo 'g++-4.9 hold'
+ dpkg --set-selections
dpkg: warning: package not in status nor available database at line 1: g++-4.9
dpkg: warning: found unknown packages; this might mean the available database
is outdated, and needs to be updated through a frontend method;
please see the FAQ <https://wiki.debian.org/Teams/Dpkg/FAQ>
+ for VERSION in $VERSIONS
+ rm -f g++-5 gcc-5 cpp-5 gcc
+ ln -s clang++-10 g++-5
+ ln -s clang-10 gcc-5
+ ln -s clang-10 cpp-5
+ ln -s clang-10 gcc
+ echo 'gcc-5 hold'
+ dpkg --set-selections
dpkg: warning: package not in status nor available database at line 1: gcc-5
dpkg: warning: found unknown packages; this might mean the available database
is outdated, and needs to be updated through a frontend method;
please see the FAQ <https://wiki.debian.org/Teams/Dpkg/FAQ>
+ echo 'g++-5 hold'
+ dpkg --set-selections
dpkg: warning: package not in status nor available database at line 1: g++-5
dpkg: warning: found unknown packages; this might mean the available database
is outdated, and needs to be updated through a frontend method;
please see the FAQ <https://wiki.debian.org/Teams/Dpkg/FAQ>
+ for VERSION in $VERSIONS
+ rm -f g++-6 gcc-6 cpp-6 gcc
+ ln -s clang++-10 g++-6
+ ln -s clang-10 gcc-6
+ ln -s clang-10 cpp-6
+ ln -s clang-10 gcc
+ echo 'gcc-6 hold'
+ dpkg --set-selections
dpkg: warning: package not in status nor available database at line 1: gcc-6
dpkg: warning: found unknown packages; this might mean the available database
is outdated, and needs to be updated through a frontend method;
please see the FAQ <https://wiki.debian.org/Teams/Dpkg/FAQ>
+ echo 'g++-6 hold'
+ dpkg --set-selections
dpkg: warning: package not in status nor available database at line 1: g++-6
dpkg: warning: found unknown packages; this might mean the available database
is outdated, and needs to be updated through a frontend method;
please see the FAQ <https://wiki.debian.org/Teams/Dpkg/FAQ>
+ for VERSION in $VERSIONS
+ rm -f g++-7 gcc-7 cpp-7 gcc
+ ln -s clang++-10 g++-7
+ ln -s clang-10 gcc-7
+ ln -s clang-10 cpp-7
+ ln -s clang-10 gcc
+ echo 'gcc-7 hold'
+ dpkg --set-selections
dpkg: warning: package not in status nor available database at line 1: gcc-7
dpkg: warning: found unknown packages; this might mean the available database
is outdated, and needs to be updated through a frontend method;
please see the FAQ <https://wiki.debian.org/Teams/Dpkg/FAQ>
+ echo 'g++-7 hold'
+ dpkg --set-selections
dpkg: warning: package not in status nor available database at line 1: g++-7
dpkg: warning: found unknown packages; this might mean the available database
is outdated, and needs to be updated through a frontend method;
please see the FAQ <https://wiki.debian.org/Teams/Dpkg/FAQ>
+ for VERSION in $VERSIONS
+ rm -f g++-8 gcc-8 cpp-8 gcc
+ ln -s clang++-10 g++-8
+ ln -s clang-10 gcc-8
+ ln -s clang-10 cpp-8
+ ln -s clang-10 gcc
+ echo 'gcc-8 hold'
+ dpkg --set-selections
dpkg: warning: package not in status nor available database at line 1: gcc-8
dpkg: warning: found unknown packages; this might mean the available database
is outdated, and needs to be updated through a frontend method;
please see the FAQ <https://wiki.debian.org/Teams/Dpkg/FAQ>
+ echo 'g++-8 hold'
+ dpkg --set-selections
dpkg: warning: package not in status nor available database at line 1: g++-8
dpkg: warning: found unknown packages; this might mean the available database
is outdated, and needs to be updated through a frontend method;
please see the FAQ <https://wiki.debian.org/Teams/Dpkg/FAQ>
+ for VERSION in $VERSIONS
+ rm -f g++-9 gcc-9 cpp-9 gcc
+ ln -s clang++-10 g++-9
+ ln -s clang-10 gcc-9
+ ln -s clang-10 cpp-9
+ ln -s clang-10 gcc
+ echo 'gcc-9 hold'
+ dpkg --set-selections
+ echo 'g++-9 hold'
+ dpkg --set-selections
+ for VERSION in $VERSIONS
+ rm -f g++-10 gcc-10 cpp-10 gcc
+ ln -s clang++-10 g++-10
+ ln -s clang-10 gcc-10
+ ln -s clang-10 cpp-10
+ ln -s clang-10 gcc
+ echo 'gcc-10 hold'
+ dpkg --set-selections
dpkg: warning: package not in status nor available database at line 1: gcc-10
dpkg: warning: found unknown packages; this might mean the available database
is outdated, and needs to be updated through a frontend method;
please see the FAQ <https://wiki.debian.org/Teams/Dpkg/FAQ>
+ echo 'g++-10 hold'
+ dpkg --set-selections
dpkg: warning: package not in status nor available database at line 1: g++-10
dpkg: warning: found unknown packages; this might mean the available database
is outdated, and needs to be updated through a frontend method;
please see the FAQ <https://wiki.debian.org/Teams/Dpkg/FAQ>
+ cd -
/build/libcrypt-u2f-server-perl-6NNlk0
+ echo 'Check if gcc, g++ & cpp are actually clang'
Check if gcc, g++ & cpp are actually clang
+ gcc --version
+ grep clang
+ cpp --version
+ grep clang
+ g++ --version
+ grep clang

I: Finished running '/tmp/clang10'.

Finished processing commands.
--------------------------------------------------------------------------------
I: NOTICE: Log filtering will replace 'build/libcrypt-u2f-server-perl-6NNlk0/resolver-PlTJ2v' with '<<RESOLVERDIR>>'

+------------------------------------------------------------------------------+
| Update chroot                                                                |
+------------------------------------------------------------------------------+

Hit:1 http://127.0.0.1:12990/debian sid InRelease
Reading package lists...
Reading package lists...
Building dependency tree...
Reading state information...
Calculating upgrade...
The following packages will be upgraded:
  libgmp10
1 upgraded, 0 newly installed, 0 to remove and 0 not upgraded.
Need to get 253 kB of archives.
After this operation, 0 B of additional disk space will be used.
Get:1 http://127.0.0.1:12990/debian sid/main amd64 libgmp10 amd64 2:6.2.0+dfsg-4 [253 kB]
debconf: delaying package configuration, since apt-utils is not installed
Fetched 253 kB in 0s (5059 kB/s)
(Reading database ... (Reading database ... 5%(Reading database ... 10%(Reading database ... 15%(Reading database ... 20%(Reading database ... 25%(Reading database ... 30%(Reading database ... 35%(Reading database ... 40%(Reading database ... 45%(Reading database ... 50%(Reading database ... 55%(Reading database ... 60%(Reading database ... 65%(Reading database ... 70%(Reading database ... 75%(Reading database ... 80%(Reading database ... 85%(Reading database ... 90%(Reading database ... 95%(Reading database ... 100%(Reading database ... 12960 files and directories currently installed.)
Preparing to unpack .../libgmp10_2%3a6.2.0+dfsg-4_amd64.deb ...
Unpacking libgmp10:amd64 (2:6.2.0+dfsg-4) over (2:6.2.0+dfsg-3) ...
Setting up libgmp10:amd64 (2:6.2.0+dfsg-4) ...
Processing triggers for libc-bin (2.29-10) ...

+------------------------------------------------------------------------------+
| Fetch source files                                                           |
+------------------------------------------------------------------------------+


Check APT
---------

Checking available source versions...

Download source files with APT
------------------------------

Reading package lists...
NOTICE: 'libcrypt-u2f-server-perl' packaging is maintained in the 'Git' version control system at:
https://salsa.debian.org/perl-team/modules/packages/libcrypt-u2f-server-perl.git
Please use:
git clone https://salsa.debian.org/perl-team/modules/packages/libcrypt-u2f-server-perl.git
to retrieve the latest (possibly unreleased) updates to the package.
Need to get 65.5 kB of source archives.
Get:1 http://127.0.0.1:12990/debian sid/main libcrypt-u2f-server-perl 0.45-1 (dsc) [2214 B]
Get:2 http://127.0.0.1:12990/debian sid/main libcrypt-u2f-server-perl 0.45-1 (tar) [60.2 kB]
Get:3 http://127.0.0.1:12990/debian sid/main libcrypt-u2f-server-perl 0.45-1 (diff) [3032 B]
Fetched 65.5 kB in 0s (251 kB/s)
Download complete and in download only mode
I: NOTICE: Log filtering will replace 'build/libcrypt-u2f-server-perl-6NNlk0/libcrypt-u2f-server-perl-0.45' with '<<PKGBUILDDIR>>'
I: NOTICE: Log filtering will replace 'build/libcrypt-u2f-server-perl-6NNlk0' with '<<BUILDDIR>>'

+------------------------------------------------------------------------------+
| Install package build dependencies                                           |
+------------------------------------------------------------------------------+


Setup apt archive
-----------------

Merged Build-Depends: debhelper-compat (= 12), libauthen-u2f-tester-perl, libjson-xs-perl, libu2f-server-dev, perl, build-essential, fakeroot
Filtered Build-Depends: debhelper-compat (= 12), libauthen-u2f-tester-perl, libjson-xs-perl, libu2f-server-dev, perl, build-essential, fakeroot
dpkg-deb: building package 'sbuild-build-depends-main-dummy' in '/<<RESOLVERDIR>>/apt_archive/sbuild-build-depends-main-dummy.deb'.
Ign:1 copy:/<<RESOLVERDIR>>/apt_archive ./ InRelease
Get:2 copy:/<<RESOLVERDIR>>/apt_archive ./ Release [957 B]
Ign:3 copy:/<<RESOLVERDIR>>/apt_archive ./ Release.gpg
Get:4 copy:/<<RESOLVERDIR>>/apt_archive ./ Sources [406 B]
Get:5 copy:/<<RESOLVERDIR>>/apt_archive ./ Packages [486 B]
Fetched 1849 B in 0s (157 kB/s)
Reading package lists...
Reading package lists...

Install main build dependencies (apt-based resolver)
----------------------------------------------------

Installing build dependencies
Reading package lists...
Building dependency tree...
Reading state information...
The following additional packages will be installed:
  autoconf automake autopoint autotools-dev bsdmainutils debhelper
  dh-autoreconf dh-strip-nondeterminism dwz file gettext gettext-base
  groff-base intltool-debian libalgorithm-c3-perl libaliased-perl
  libarchive-zip-perl libauthen-u2f-tester-perl libautobox-core-perl
  libautobox-perl libb-hooks-endofscope-perl libb-hooks-op-check-perl
  libcarp-clan-perl libclass-c3-perl libclass-load-perl libclass-load-xs-perl
  libcommon-sense-perl libcpanel-json-xs-perl libcroco3
  libcrypt-openssl-x509-perl libcryptx-perl libdata-optlist-perl
  libdebhelper-perl libdevel-callchecker-perl libdevel-globaldestruction-perl
  libdevel-overloadinfo-perl libdevel-stacktrace-perl
  libdist-checkconflicts-perl libdynaloader-functions-perl libelf1
  libeval-closure-perl libfile-stripnondeterminism-perl libglib2.0-0 libicu63
  libjson-c4 libjson-maybexs-perl libjson-xs-perl libmagic-mgc libmagic1
  libmodule-implementation-perl libmodule-runtime-conflicts-perl
  libmodule-runtime-perl libmoose-perl libmoosex-attributeshortcuts-perl
  libmoosex-meta-typeconstraint-mooish-perl libmoosex-role-parameterized-perl
  libmoosex-singlearg-perl
  libmoosex-traitfor-meta-class-betteranonclassnames-perl
  libmoosex-types-common-perl libmoosex-types-perl libmoosex-util-perl
  libmro-compat-perl libnamespace-autoclean-perl libnamespace-clean-perl
  libpackage-deprecationmanager-perl libpackage-stash-perl
  libpackage-stash-xs-perl libparams-classify-perl libparams-util-perl
  libpipeline1 libscope-guard-perl libsigsegv2 libssl1.1 libstrictures-perl
  libsub-exporter-formethods-perl libsub-exporter-perl
  libsub-exporter-progressive-perl libsub-identify-perl libsub-install-perl
  libsub-name-perl libsub-override-perl libtool libtry-tiny-perl
  libtypes-serialiser-perl libu2f-server-dev libu2f-server0 libuchardet0
  libvariable-magic-perl libwant-perl libxml2 m4 man-db perl-openssl-defaults
  po-debconf sensible-utils
Suggested packages:
  autoconf-archive gnu-standards autoconf-doc wamerican | wordlist whois
  vacation dh-make gettext-doc libasprintf-dev libgettextpo-dev groff
  libscalar-number-perl libbareword-filehandles-perl libindirect-perl
  libmultidimensional-perl libtool-doc gfortran | fortran95-compiler gcj-jdk
  m4-doc apparmor less www-browser libmail-box-perl
Recommended packages:
  curl | wget | lynx libclass-c3-xs-perl libdevel-lexalias-perl
  libarchive-cpio-perl libglib2.0-data shared-mime-info xdg-user-dirs
  libdevel-partialdump-perl libltdl-dev libmail-sendmail-perl
The following NEW packages will be installed:
  autoconf automake autopoint autotools-dev bsdmainutils debhelper
  dh-autoreconf dh-strip-nondeterminism dwz file gettext gettext-base
  groff-base intltool-debian libalgorithm-c3-perl libaliased-perl
  libarchive-zip-perl libauthen-u2f-tester-perl libautobox-core-perl
  libautobox-perl libb-hooks-endofscope-perl libb-hooks-op-check-perl
  libcarp-clan-perl libclass-c3-perl libclass-load-perl libclass-load-xs-perl
  libcommon-sense-perl libcpanel-json-xs-perl libcroco3
  libcrypt-openssl-x509-perl libcryptx-perl libdata-optlist-perl
  libdebhelper-perl libdevel-callchecker-perl libdevel-globaldestruction-perl
  libdevel-overloadinfo-perl libdevel-stacktrace-perl
  libdist-checkconflicts-perl libdynaloader-functions-perl libelf1
  libeval-closure-perl libfile-stripnondeterminism-perl libglib2.0-0 libicu63
  libjson-c4 libjson-maybexs-perl libjson-xs-perl libmagic-mgc libmagic1
  libmodule-implementation-perl libmodule-runtime-conflicts-perl
  libmodule-runtime-perl libmoose-perl libmoosex-attributeshortcuts-perl
  libmoosex-meta-typeconstraint-mooish-perl libmoosex-role-parameterized-perl
  libmoosex-singlearg-perl
  libmoosex-traitfor-meta-class-betteranonclassnames-perl
  libmoosex-types-common-perl libmoosex-types-perl libmoosex-util-perl
  libmro-compat-perl libnamespace-autoclean-perl libnamespace-clean-perl
  libpackage-deprecationmanager-perl libpackage-stash-perl
  libpackage-stash-xs-perl libparams-classify-perl libparams-util-perl
  libpipeline1 libscope-guard-perl libsigsegv2 libssl1.1 libstrictures-perl
  libsub-exporter-formethods-perl libsub-exporter-perl
  libsub-exporter-progressive-perl libsub-identify-perl libsub-install-perl
  libsub-name-perl libsub-override-perl libtool libtry-tiny-perl
  libtypes-serialiser-perl libu2f-server-dev libu2f-server0 libuchardet0
  libvariable-magic-perl libwant-perl libxml2 m4 man-db perl-openssl-defaults
  po-debconf sbuild-build-depends-main-dummy sensible-utils
0 upgraded, 96 newly installed, 0 to remove and 0 not upgraded.
Need to get 23.5 MB of archives.
After this operation, 82.6 MB of additional disk space will be used.
Get:1 copy:/<<RESOLVERDIR>>/apt_archive ./ sbuild-build-depends-main-dummy 0.invalid.0 [916 B]
Get:2 http://127.0.0.1:12990/debian sid/main amd64 bsdmainutils amd64 11.1.2+b1 [191 kB]
Get:3 http://127.0.0.1:12990/debian sid/main amd64 libuchardet0 amd64 0.0.6-3 [64.9 kB]
Get:4 http://127.0.0.1:12990/debian sid/main amd64 groff-base amd64 1.22.4-4 [919 kB]
Get:5 http://127.0.0.1:12990/debian sid/main amd64 libpipeline1 amd64 1.5.2-2 [33.9 kB]
Get:6 http://127.0.0.1:12990/debian sid/main amd64 man-db amd64 2.9.0-2 [1307 kB]
Get:7 http://127.0.0.1:12990/debian sid/main amd64 sensible-utils all 0.0.12+nmu1 [16.0 kB]
Get:8 http://127.0.0.1:12990/debian sid/main amd64 libmagic-mgc amd64 1:5.38-4 [262 kB]
Get:9 http://127.0.0.1:12990/debian sid/main amd64 libmagic1 amd64 1:5.38-4 [120 kB]
Get:10 http://127.0.0.1:12990/debian sid/main amd64 file amd64 1:5.38-4 [67.9 kB]
Get:11 http://127.0.0.1:12990/debian sid/main amd64 gettext-base amd64 0.19.8.1-10 [123 kB]
Get:12 http://127.0.0.1:12990/debian sid/main amd64 libsigsegv2 amd64 2.12-2 [32.8 kB]
Get:13 http://127.0.0.1:12990/debian sid/main amd64 m4 amd64 1.4.18-4 [203 kB]
Get:14 http://127.0.0.1:12990/debian sid/main amd64 autoconf all 2.69-11.1 [341 kB]
Get:15 http://127.0.0.1:12990/debian sid/main amd64 autotools-dev all 20180224.1 [77.0 kB]
Get:16 http://127.0.0.1:12990/debian sid/main amd64 automake all 1:1.16.1-4 [771 kB]
Get:17 http://127.0.0.1:12990/debian sid/main amd64 autopoint all 0.19.8.1-10 [435 kB]
Get:18 http://127.0.0.1:12990/debian sid/main amd64 libtool all 2.4.6-13 [513 kB]
Get:19 http://127.0.0.1:12990/debian sid/main amd64 dh-autoreconf all 19 [16.9 kB]
Get:20 http://127.0.0.1:12990/debian sid/main amd64 libdebhelper-perl all 12.9 [183 kB]
Get:21 http://127.0.0.1:12990/debian sid/main amd64 libarchive-zip-perl all 1.67-1 [104 kB]
Get:22 http://127.0.0.1:12990/debian sid/main amd64 libsub-override-perl all 0.09-2 [10.2 kB]
Get:23 http://127.0.0.1:12990/debian sid/main amd64 libfile-stripnondeterminism-perl all 1.6.3-2 [23.7 kB]
Get:24 http://127.0.0.1:12990/debian sid/main amd64 dh-strip-nondeterminism all 1.6.3-2 [14.7 kB]
Get:25 http://127.0.0.1:12990/debian sid/main amd64 libelf1 amd64 0.176-1.1 [161 kB]
Get:26 http://127.0.0.1:12990/debian sid/main amd64 dwz amd64 0.13-5 [151 kB]
Get:27 http://127.0.0.1:12990/debian sid/main amd64 libglib2.0-0 amd64 2.62.4-2 [1319 kB]
Get:28 http://127.0.0.1:12990/debian sid/main amd64 libicu63 amd64 63.2-2 [8301 kB]
Get:29 http://127.0.0.1:12990/debian sid/main amd64 libxml2 amd64 2.9.10+dfsg-3 [709 kB]
Get:30 http://127.0.0.1:12990/debian sid/main amd64 libcroco3 amd64 0.6.13-1 [146 kB]
Get:31 http://127.0.0.1:12990/debian sid/main amd64 gettext amd64 0.19.8.1-10 [1303 kB]
Get:32 http://127.0.0.1:12990/debian sid/main amd64 intltool-debian all 0.35.0+20060710.5 [26.8 kB]
Get:33 http://127.0.0.1:12990/debian sid/main amd64 po-debconf all 1.0.21 [248 kB]
Get:34 http://127.0.0.1:12990/debian sid/main amd64 debhelper all 12.9 [994 kB]
Get:35 http://127.0.0.1:12990/debian sid/main amd64 libalgorithm-c3-perl all 0.10-1 [12.0 kB]
Get:36 http://127.0.0.1:12990/debian sid/main amd64 libaliased-perl all 0.34-1 [13.8 kB]
Get:37 http://127.0.0.1:12990/debian sid/main amd64 libssl1.1 amd64 1.1.1d-2 [1540 kB]
Get:38 http://127.0.0.1:12990/debian sid/main amd64 perl-openssl-defaults amd64 4 [7148 B]
Get:39 http://127.0.0.1:12990/debian sid/main amd64 libcrypt-openssl-x509-perl amd64 1.8.13-1 [31.8 kB]
Get:40 http://127.0.0.1:12990/debian sid/main amd64 libcryptx-perl amd64 0.067-1 [626 kB]
Get:41 http://127.0.0.1:12990/debian sid/main amd64 libcpanel-json-xs-perl amd64 4.19-1 [126 kB]
Get:42 http://127.0.0.1:12990/debian sid/main amd64 libcommon-sense-perl amd64 3.74-2+b8 [24.1 kB]
Get:43 http://127.0.0.1:12990/debian sid/main amd64 libtypes-serialiser-perl all 1.0-1 [12.7 kB]
Get:44 http://127.0.0.1:12990/debian sid/main amd64 libjson-xs-perl amd64 4.020-1+b1 [94.0 kB]
Get:45 http://127.0.0.1:12990/debian sid/main amd64 libjson-maybexs-perl all 1.004000-1 [12.5 kB]
Get:46 http://127.0.0.1:12990/debian sid/main amd64 libparams-util-perl amd64 1.07-3+b5 [22.9 kB]
Get:47 http://127.0.0.1:12990/debian sid/main amd64 libsub-install-perl all 0.928-1 [11.4 kB]
Get:48 http://127.0.0.1:12990/debian sid/main amd64 libdata-optlist-perl all 0.110-1 [10.6 kB]
Get:49 http://127.0.0.1:12990/debian sid/main amd64 libb-hooks-op-check-perl amd64 0.22-1+b2 [11.3 kB]
Get:50 http://127.0.0.1:12990/debian sid/main amd64 libdynaloader-functions-perl all 0.003-1 [12.6 kB]
Get:51 http://127.0.0.1:12990/debian sid/main amd64 libdevel-callchecker-perl amd64 0.008-1+b1 [15.9 kB]
Get:52 http://127.0.0.1:12990/debian sid/main amd64 libparams-classify-perl amd64 0.015-1+b2 [25.6 kB]
Get:53 http://127.0.0.1:12990/debian sid/main amd64 libmodule-runtime-perl all 0.016-1 [19.4 kB]
Get:54 http://127.0.0.1:12990/debian sid/main amd64 libtry-tiny-perl all 0.30-1 [23.3 kB]
Get:55 http://127.0.0.1:12990/debian sid/main amd64 libmodule-implementation-perl all 0.09-1 [12.9 kB]
Get:56 http://127.0.0.1:12990/debian sid/main amd64 libpackage-stash-perl all 0.38-1 [21.7 kB]
Get:57 http://127.0.0.1:12990/debian sid/main amd64 libclass-load-perl all 0.25-1 [16.1 kB]
Get:58 http://127.0.0.1:12990/debian sid/main amd64 libclass-load-xs-perl amd64 0.10-1+b4 [14.8 kB]
Get:59 http://127.0.0.1:12990/debian sid/main amd64 libsub-exporter-progressive-perl all 0.001013-1 [7588 B]
Get:60 http://127.0.0.1:12990/debian sid/main amd64 libdevel-globaldestruction-perl all 0.14-1 [8084 B]
Get:61 http://127.0.0.1:12990/debian sid/main amd64 libclass-c3-perl all 0.34-1 [22.4 kB]
Get:62 http://127.0.0.1:12990/debian sid/main amd64 libmro-compat-perl all 0.13-1 [12.2 kB]
Get:63 http://127.0.0.1:12990/debian sid/main amd64 libsub-identify-perl amd64 0.14-1+b2 [12.0 kB]
Get:64 http://127.0.0.1:12990/debian sid/main amd64 libdevel-overloadinfo-perl all 0.005-1 [7212 B]
Get:65 http://127.0.0.1:12990/debian sid/main amd64 libdevel-stacktrace-perl all 2.0400-1 [28.6 kB]
Get:66 http://127.0.0.1:12990/debian sid/main amd64 libsub-exporter-perl all 0.987-1 [47.2 kB]
Get:67 http://127.0.0.1:12990/debian sid/main amd64 libeval-closure-perl all 0.14-1 [11.5 kB]
Get:68 http://127.0.0.1:12990/debian sid/main amd64 libdist-checkconflicts-perl all 0.11-1 [10.8 kB]
Get:69 http://127.0.0.1:12990/debian sid/main amd64 libmodule-runtime-conflicts-perl all 0.003-1 [6882 B]
Get:70 http://127.0.0.1:12990/debian sid/main amd64 libsub-name-perl amd64 0.26-1 [13.5 kB]
Get:71 http://127.0.0.1:12990/debian sid/main amd64 libpackage-deprecationmanager-perl all 0.17-1 [16.4 kB]
Get:72 http://127.0.0.1:12990/debian sid/main amd64 libpackage-stash-xs-perl amd64 0.29-1+b1 [20.2 kB]
Get:73 http://127.0.0.1:12990/debian sid/main amd64 libmoose-perl amd64 2.2012-2 [805 kB]
Get:74 http://127.0.0.1:12990/debian sid/main amd64 libvariable-magic-perl amd64 0.62-1+b2 [46.0 kB]
Get:75 http://127.0.0.1:12990/debian sid/main amd64 libb-hooks-endofscope-perl all 0.24-1 [18.6 kB]
Get:76 http://127.0.0.1:12990/debian sid/main amd64 libnamespace-clean-perl all 0.27-1 [17.3 kB]
Get:77 http://127.0.0.1:12990/debian sid/main amd64 libnamespace-autoclean-perl all 0.29-1 [15.0 kB]
Get:78 http://127.0.0.1:12990/debian sid/main amd64 libmoosex-meta-typeconstraint-mooish-perl all 0.001-1 [12.0 kB]
Get:79 http://127.0.0.1:12990/debian sid/main amd64 libmoosex-role-parameterized-perl all 1.11-1 [43.2 kB]
Get:80 http://127.0.0.1:12990/debian sid/main amd64 libcarp-clan-perl all 6.08-1 [15.6 kB]
Get:81 http://127.0.0.1:12990/debian sid/main amd64 libsub-exporter-formethods-perl all 0.100052-1 [7598 B]
Get:82 http://127.0.0.1:12990/debian sid/main amd64 libmoosex-types-perl all 0.50-1 [54.2 kB]
Get:83 http://127.0.0.1:12990/debian sid/main amd64 libmoosex-types-common-perl all 0.001014-1 [17.3 kB]
Get:84 http://127.0.0.1:12990/debian sid/main amd64 libscope-guard-perl all 0.21-1 [8356 B]
Get:85 http://127.0.0.1:12990/debian sid/main amd64 libautobox-perl amd64 3.0.1-1+b2 [34.4 kB]
Get:86 http://127.0.0.1:12990/debian sid/main amd64 libwant-perl amd64 0.29-1+b5 [28.8 kB]
Get:87 http://127.0.0.1:12990/debian sid/main amd64 libautobox-core-perl all 1.33-1 [35.9 kB]
Get:88 http://127.0.0.1:12990/debian sid/main amd64 libmoosex-traitfor-meta-class-betteranonclassnames-perl all 0.002003-1 [6844 B]
Get:89 http://127.0.0.1:12990/debian sid/main amd64 libmoosex-util-perl all 0.006-1 [10.4 kB]
Get:90 http://127.0.0.1:12990/debian sid/main amd64 libmoosex-attributeshortcuts-perl all 0.037-1 [37.0 kB]
Get:91 http://127.0.0.1:12990/debian sid/main amd64 libmoosex-singlearg-perl all 0.09-1 [8504 B]
Get:92 http://127.0.0.1:12990/debian sid/main amd64 libstrictures-perl all 2.000006-1 [18.6 kB]
Get:93 http://127.0.0.1:12990/debian sid/main amd64 libauthen-u2f-tester-perl all 0.03-1 [28.2 kB]
Get:94 http://127.0.0.1:12990/debian sid/main amd64 libjson-c4 amd64 0.13.1+dfsg-7 [36.7 kB]
Get:95 http://127.0.0.1:12990/debian sid/main amd64 libu2f-server0 amd64 1.1.0-2+b1 [19.0 kB]
Get:96 http://127.0.0.1:12990/debian sid/main amd64 libu2f-server-dev amd64 1.1.0-2+b1 [20.1 kB]
debconf: delaying package configuration, since apt-utils is not installed
Fetched 23.5 MB in 1s (20.8 MB/s)
Selecting previously unselected package bsdmainutils.
(Reading database ... 12960 files and directories currently installed.)
Preparing to unpack .../00-bsdmainutils_11.1.2+b1_amd64.deb ...
Unpacking bsdmainutils (11.1.2+b1) ...
Selecting previously unselected package libuchardet0:amd64.
Preparing to unpack .../01-libuchardet0_0.0.6-3_amd64.deb ...
Unpacking libuchardet0:amd64 (0.0.6-3) ...
Selecting previously unselected package groff-base.
Preparing to unpack .../02-groff-base_1.22.4-4_amd64.deb ...
Unpacking groff-base (1.22.4-4) ...
Selecting previously unselected package libpipeline1:amd64.
Preparing to unpack .../03-libpipeline1_1.5.2-2_amd64.deb ...
Unpacking libpipeline1:amd64 (1.5.2-2) ...
Selecting previously unselected package man-db.
Preparing to unpack .../04-man-db_2.9.0-2_amd64.deb ...
Unpacking man-db (2.9.0-2) ...
Selecting previously unselected package sensible-utils.
Preparing to unpack .../05-sensible-utils_0.0.12+nmu1_all.deb ...
Unpacking sensible-utils (0.0.12+nmu1) ...
Selecting previously unselected package libmagic-mgc.
Preparing to unpack .../06-libmagic-mgc_1%3a5.38-4_amd64.deb ...
Unpacking libmagic-mgc (1:5.38-4) ...
Selecting previously unselected package libmagic1:amd64.
Preparing to unpack .../07-libmagic1_1%3a5.38-4_amd64.deb ...
Unpacking libmagic1:amd64 (1:5.38-4) ...
Selecting previously unselected package file.
Preparing to unpack .../08-file_1%3a5.38-4_amd64.deb ...
Unpacking file (1:5.38-4) ...
Selecting previously unselected package gettext-base.
Preparing to unpack .../09-gettext-base_0.19.8.1-10_amd64.deb ...
Unpacking gettext-base (0.19.8.1-10) ...
Selecting previously unselected package libsigsegv2:amd64.
Preparing to unpack .../10-libsigsegv2_2.12-2_amd64.deb ...
Unpacking libsigsegv2:amd64 (2.12-2) ...
Selecting previously unselected package m4.
Preparing to unpack .../11-m4_1.4.18-4_amd64.deb ...
Unpacking m4 (1.4.18-4) ...
Selecting previously unselected package autoconf.
Preparing to unpack .../12-autoconf_2.69-11.1_all.deb ...
Unpacking autoconf (2.69-11.1) ...
Selecting previously unselected package autotools-dev.
Preparing to unpack .../13-autotools-dev_20180224.1_all.deb ...
Unpacking autotools-dev (20180224.1) ...
Selecting previously unselected package automake.
Preparing to unpack .../14-automake_1%3a1.16.1-4_all.deb ...
Unpacking automake (1:1.16.1-4) ...
Selecting previously unselected package autopoint.
Preparing to unpack .../15-autopoint_0.19.8.1-10_all.deb ...
Unpacking autopoint (0.19.8.1-10) ...
Selecting previously unselected package libtool.
Preparing to unpack .../16-libtool_2.4.6-13_all.deb ...
Unpacking libtool (2.4.6-13) ...
Selecting previously unselected package dh-autoreconf.
Preparing to unpack .../17-dh-autoreconf_19_all.deb ...
Unpacking dh-autoreconf (19) ...
Selecting previously unselected package libdebhelper-perl.
Preparing to unpack .../18-libdebhelper-perl_12.9_all.deb ...
Unpacking libdebhelper-perl (12.9) ...
Selecting previously unselected package libarchive-zip-perl.
Preparing to unpack .../19-libarchive-zip-perl_1.67-1_all.deb ...
Unpacking libarchive-zip-perl (1.67-1) ...
Selecting previously unselected package libsub-override-perl.
Preparing to unpack .../20-libsub-override-perl_0.09-2_all.deb ...
Unpacking libsub-override-perl (0.09-2) ...
Selecting previously unselected package libfile-stripnondeterminism-perl.
Preparing to unpack .../21-libfile-stripnondeterminism-perl_1.6.3-2_all.deb ...
Unpacking libfile-stripnondeterminism-perl (1.6.3-2) ...
Selecting previously unselected package dh-strip-nondeterminism.
Preparing to unpack .../22-dh-strip-nondeterminism_1.6.3-2_all.deb ...
Unpacking dh-strip-nondeterminism (1.6.3-2) ...
Selecting previously unselected package libelf1:amd64.
Preparing to unpack .../23-libelf1_0.176-1.1_amd64.deb ...
Unpacking libelf1:amd64 (0.176-1.1) ...
Selecting previously unselected package dwz.
Preparing to unpack .../24-dwz_0.13-5_amd64.deb ...
Unpacking dwz (0.13-5) ...
Selecting previously unselected package libglib2.0-0:amd64.
Preparing to unpack .../25-libglib2.0-0_2.62.4-2_amd64.deb ...
Unpacking libglib2.0-0:amd64 (2.62.4-2) ...
Selecting previously unselected package libicu63:amd64.
Preparing to unpack .../26-libicu63_63.2-2_amd64.deb ...
Unpacking libicu63:amd64 (63.2-2) ...
Selecting previously unselected package libxml2:amd64.
Preparing to unpack .../27-libxml2_2.9.10+dfsg-3_amd64.deb ...
Unpacking libxml2:amd64 (2.9.10+dfsg-3) ...
Selecting previously unselected package libcroco3:amd64.
Preparing to unpack .../28-libcroco3_0.6.13-1_amd64.deb ...
Unpacking libcroco3:amd64 (0.6.13-1) ...
Selecting previously unselected package gettext.
Preparing to unpack .../29-gettext_0.19.8.1-10_amd64.deb ...
Unpacking gettext (0.19.8.1-10) ...
Selecting previously unselected package intltool-debian.
Preparing to unpack .../30-intltool-debian_0.35.0+20060710.5_all.deb ...
Unpacking intltool-debian (0.35.0+20060710.5) ...
Selecting previously unselected package po-debconf.
Preparing to unpack .../31-po-debconf_1.0.21_all.deb ...
Unpacking po-debconf (1.0.21) ...
Selecting previously unselected package debhelper.
Preparing to unpack .../32-debhelper_12.9_all.deb ...
Unpacking debhelper (12.9) ...
Selecting previously unselected package libalgorithm-c3-perl.
Preparing to unpack .../33-libalgorithm-c3-perl_0.10-1_all.deb ...
Unpacking libalgorithm-c3-perl (0.10-1) ...
Selecting previously unselected package libaliased-perl.
Preparing to unpack .../34-libaliased-perl_0.34-1_all.deb ...
Unpacking libaliased-perl (0.34-1) ...
Selecting previously unselected package libssl1.1:amd64.
Preparing to unpack .../35-libssl1.1_1.1.1d-2_amd64.deb ...
Unpacking libssl1.1:amd64 (1.1.1d-2) ...
Selecting previously unselected package perl-openssl-defaults:amd64.
Preparing to unpack .../36-perl-openssl-defaults_4_amd64.deb ...
Unpacking perl-openssl-defaults:amd64 (4) ...
Selecting previously unselected package libcrypt-openssl-x509-perl.
Preparing to unpack .../37-libcrypt-openssl-x509-perl_1.8.13-1_amd64.deb ...
Unpacking libcrypt-openssl-x509-perl (1.8.13-1) ...
Selecting previously unselected package libcryptx-perl.
Preparing to unpack .../38-libcryptx-perl_0.067-1_amd64.deb ...
Unpacking libcryptx-perl (0.067-1) ...
Selecting previously unselected package libcpanel-json-xs-perl.
Preparing to unpack .../39-libcpanel-json-xs-perl_4.19-1_amd64.deb ...
Unpacking libcpanel-json-xs-perl (4.19-1) ...
Selecting previously unselected package libcommon-sense-perl.
Preparing to unpack .../40-libcommon-sense-perl_3.74-2+b8_amd64.deb ...
Unpacking libcommon-sense-perl (3.74-2+b8) ...
Selecting previously unselected package libtypes-serialiser-perl.
Preparing to unpack .../41-libtypes-serialiser-perl_1.0-1_all.deb ...
Unpacking libtypes-serialiser-perl (1.0-1) ...
Selecting previously unselected package libjson-xs-perl.
Preparing to unpack .../42-libjson-xs-perl_4.020-1+b1_amd64.deb ...
Unpacking libjson-xs-perl (4.020-1+b1) ...
Selecting previously unselected package libjson-maybexs-perl.
Preparing to unpack .../43-libjson-maybexs-perl_1.004000-1_all.deb ...
Unpacking libjson-maybexs-perl (1.004000-1) ...
Selecting previously unselected package libparams-util-perl.
Preparing to unpack .../44-libparams-util-perl_1.07-3+b5_amd64.deb ...
Unpacking libparams-util-perl (1.07-3+b5) ...
Selecting previously unselected package libsub-install-perl.
Preparing to unpack .../45-libsub-install-perl_0.928-1_all.deb ...
Unpacking libsub-install-perl (0.928-1) ...
Selecting previously unselected package libdata-optlist-perl.
Preparing to unpack .../46-libdata-optlist-perl_0.110-1_all.deb ...
Unpacking libdata-optlist-perl (0.110-1) ...
Selecting previously unselected package libb-hooks-op-check-perl.
Preparing to unpack .../47-libb-hooks-op-check-perl_0.22-1+b2_amd64.deb ...
Unpacking libb-hooks-op-check-perl (0.22-1+b2) ...
Selecting previously unselected package libdynaloader-functions-perl.
Preparing to unpack .../48-libdynaloader-functions-perl_0.003-1_all.deb ...
Unpacking libdynaloader-functions-perl (0.003-1) ...
Selecting previously unselected package libdevel-callchecker-perl.
Preparing to unpack .../49-libdevel-callchecker-perl_0.008-1+b1_amd64.deb ...
Unpacking libdevel-callchecker-perl (0.008-1+b1) ...
Selecting previously unselected package libparams-classify-perl.
Preparing to unpack .../50-libparams-classify-perl_0.015-1+b2_amd64.deb ...
Unpacking libparams-classify-perl (0.015-1+b2) ...
Selecting previously unselected package libmodule-runtime-perl.
Preparing to unpack .../51-libmodule-runtime-perl_0.016-1_all.deb ...
Unpacking libmodule-runtime-perl (0.016-1) ...
Selecting previously unselected package libtry-tiny-perl.
Preparing to unpack .../52-libtry-tiny-perl_0.30-1_all.deb ...
Unpacking libtry-tiny-perl (0.30-1) ...
Selecting previously unselected package libmodule-implementation-perl.
Preparing to unpack .../53-libmodule-implementation-perl_0.09-1_all.deb ...
Unpacking libmodule-implementation-perl (0.09-1) ...
Selecting previously unselected package libpackage-stash-perl.
Preparing to unpack .../54-libpackage-stash-perl_0.38-1_all.deb ...
Unpacking libpackage-stash-perl (0.38-1) ...
Selecting previously unselected package libclass-load-perl.
Preparing to unpack .../55-libclass-load-perl_0.25-1_all.deb ...
Unpacking libclass-load-perl (0.25-1) ...
Selecting previously unselected package libclass-load-xs-perl.
Preparing to unpack .../56-libclass-load-xs-perl_0.10-1+b4_amd64.deb ...
Unpacking libclass-load-xs-perl (0.10-1+b4) ...
Selecting previously unselected package libsub-exporter-progressive-perl.
Preparing to unpack .../57-libsub-exporter-progressive-perl_0.001013-1_all.deb ...
Unpacking libsub-exporter-progressive-perl (0.001013-1) ...
Selecting previously unselected package libdevel-globaldestruction-perl.
Preparing to unpack .../58-libdevel-globaldestruction-perl_0.14-1_all.deb ...
Unpacking libdevel-globaldestruction-perl (0.14-1) ...
Selecting previously unselected package libclass-c3-perl.
Preparing to unpack .../59-libclass-c3-perl_0.34-1_all.deb ...
Unpacking libclass-c3-perl (0.34-1) ...
Selecting previously unselected package libmro-compat-perl.
Preparing to unpack .../60-libmro-compat-perl_0.13-1_all.deb ...
Unpacking libmro-compat-perl (0.13-1) ...
Selecting previously unselected package libsub-identify-perl.
Preparing to unpack .../61-libsub-identify-perl_0.14-1+b2_amd64.deb ...
Unpacking libsub-identify-perl (0.14-1+b2) ...
Selecting previously unselected package libdevel-overloadinfo-perl.
Preparing to unpack .../62-libdevel-overloadinfo-perl_0.005-1_all.deb ...
Unpacking libdevel-overloadinfo-perl (0.005-1) ...
Selecting previously unselected package libdevel-stacktrace-perl.
Preparing to unpack .../63-libdevel-stacktrace-perl_2.0400-1_all.deb ...
Unpacking libdevel-stacktrace-perl (2.0400-1) ...
Selecting previously unselected package libsub-exporter-perl.
Preparing to unpack .../64-libsub-exporter-perl_0.987-1_all.deb ...
Unpacking libsub-exporter-perl (0.987-1) ...
Selecting previously unselected package libeval-closure-perl.
Preparing to unpack .../65-libeval-closure-perl_0.14-1_all.deb ...
Unpacking libeval-closure-perl (0.14-1) ...
Selecting previously unselected package libdist-checkconflicts-perl.
Preparing to unpack .../66-libdist-checkconflicts-perl_0.11-1_all.deb ...
Unpacking libdist-checkconflicts-perl (0.11-1) ...
Selecting previously unselected package libmodule-runtime-conflicts-perl.
Preparing to unpack .../67-libmodule-runtime-conflicts-perl_0.003-1_all.deb ...
Unpacking libmodule-runtime-conflicts-perl (0.003-1) ...
Selecting previously unselected package libsub-name-perl.
Preparing to unpack .../68-libsub-name-perl_0.26-1_amd64.deb ...
Unpacking libsub-name-perl (0.26-1) ...
Selecting previously unselected package libpackage-deprecationmanager-perl.
Preparing to unpack .../69-libpackage-deprecationmanager-perl_0.17-1_all.deb ...
Unpacking libpackage-deprecationmanager-perl (0.17-1) ...
Selecting previously unselected package libpackage-stash-xs-perl.
Preparing to unpack .../70-libpackage-stash-xs-perl_0.29-1+b1_amd64.deb ...
Unpacking libpackage-stash-xs-perl (0.29-1+b1) ...
Selecting previously unselected package libmoose-perl.
Preparing to unpack .../71-libmoose-perl_2.2012-2_amd64.deb ...
Unpacking libmoose-perl (2.2012-2) ...
Selecting previously unselected package libvariable-magic-perl.
Preparing to unpack .../72-libvariable-magic-perl_0.62-1+b2_amd64.deb ...
Unpacking libvariable-magic-perl (0.62-1+b2) ...
Selecting previously unselected package libb-hooks-endofscope-perl.
Preparing to unpack .../73-libb-hooks-endofscope-perl_0.24-1_all.deb ...
Unpacking libb-hooks-endofscope-perl (0.24-1) ...
Selecting previously unselected package libnamespace-clean-perl.
Preparing to unpack .../74-libnamespace-clean-perl_0.27-1_all.deb ...
Unpacking libnamespace-clean-perl (0.27-1) ...
Selecting previously unselected package libnamespace-autoclean-perl.
Preparing to unpack .../75-libnamespace-autoclean-perl_0.29-1_all.deb ...
Unpacking libnamespace-autoclean-perl (0.29-1) ...
Selecting previously unselected package libmoosex-meta-typeconstraint-mooish-perl.
Preparing to unpack .../76-libmoosex-meta-typeconstraint-mooish-perl_0.001-1_all.deb ...
Unpacking libmoosex-meta-typeconstraint-mooish-perl (0.001-1) ...
Selecting previously unselected package libmoosex-role-parameterized-perl.
Preparing to unpack .../77-libmoosex-role-parameterized-perl_1.11-1_all.deb ...
Unpacking libmoosex-role-parameterized-perl (1.11-1) ...
Selecting previously unselected package libcarp-clan-perl.
Preparing to unpack .../78-libcarp-clan-perl_6.08-1_all.deb ...
Unpacking libcarp-clan-perl (6.08-1) ...
Selecting previously unselected package libsub-exporter-formethods-perl.
Preparing to unpack .../79-libsub-exporter-formethods-perl_0.100052-1_all.deb ...
Unpacking libsub-exporter-formethods-perl (0.100052-1) ...
Selecting previously unselected package libmoosex-types-perl.
Preparing to unpack .../80-libmoosex-types-perl_0.50-1_all.deb ...
Unpacking libmoosex-types-perl (0.50-1) ...
Selecting previously unselected package libmoosex-types-common-perl.
Preparing to unpack .../81-libmoosex-types-common-perl_0.001014-1_all.deb ...
Unpacking libmoosex-types-common-perl (0.001014-1) ...
Selecting previously unselected package libscope-guard-perl.
Preparing to unpack .../82-libscope-guard-perl_0.21-1_all.deb ...
Unpacking libscope-guard-perl (0.21-1) ...
Selecting previously unselected package libautobox-perl.
Preparing to unpack .../83-libautobox-perl_3.0.1-1+b2_amd64.deb ...
Unpacking libautobox-perl (3.0.1-1+b2) ...
Selecting previously unselected package libwant-perl.
Preparing to unpack .../84-libwant-perl_0.29-1+b5_amd64.deb ...
Unpacking libwant-perl (0.29-1+b5) ...
Selecting previously unselected package libautobox-core-perl.
Preparing to unpack .../85-libautobox-core-perl_1.33-1_all.deb ...
Unpacking libautobox-core-perl (1.33-1) ...
Selecting previously unselected package libmoosex-traitfor-meta-class-betteranonclassnames-perl.
Preparing to unpack .../86-libmoosex-traitfor-meta-class-betteranonclassnames-perl_0.002003-1_all.deb ...
Unpacking libmoosex-traitfor-meta-class-betteranonclassnames-perl (0.002003-1) ...
Selecting previously unselected package libmoosex-util-perl.
Preparing to unpack .../87-libmoosex-util-perl_0.006-1_all.deb ...
Unpacking libmoosex-util-perl (0.006-1) ...
Selecting previously unselected package libmoosex-attributeshortcuts-perl.
Preparing to unpack .../88-libmoosex-attributeshortcuts-perl_0.037-1_all.deb ...
Unpacking libmoosex-attributeshortcuts-perl (0.037-1) ...
Selecting previously unselected package libmoosex-singlearg-perl.
Preparing to unpack .../89-libmoosex-singlearg-perl_0.09-1_all.deb ...
Unpacking libmoosex-singlearg-perl (0.09-1) ...
Selecting previously unselected package libstrictures-perl.
Preparing to unpack .../90-libstrictures-perl_2.000006-1_all.deb ...
Unpacking libstrictures-perl (2.000006-1) ...
Selecting previously unselected package libauthen-u2f-tester-perl.
Preparing to unpack .../91-libauthen-u2f-tester-perl_0.03-1_all.deb ...
Unpacking libauthen-u2f-tester-perl (0.03-1) ...
Selecting previously unselected package libjson-c4:amd64.
Preparing to unpack .../92-libjson-c4_0.13.1+dfsg-7_amd64.deb ...
Unpacking libjson-c4:amd64 (0.13.1+dfsg-7) ...
Selecting previously unselected package libu2f-server0.
Preparing to unpack .../93-libu2f-server0_1.1.0-2+b1_amd64.deb ...
Unpacking libu2f-server0 (1.1.0-2+b1) ...
Selecting previously unselected package libu2f-server-dev.
Preparing to unpack .../94-libu2f-server-dev_1.1.0-2+b1_amd64.deb ...
Unpacking libu2f-server-dev (1.1.0-2+b1) ...
Selecting previously unselected package sbuild-build-depends-main-dummy.
Preparing to unpack .../95-sbuild-build-depends-main-dummy_0.invalid.0_amd64.deb ...
Unpacking sbuild-build-depends-main-dummy (0.invalid.0) ...
Setting up libpipeline1:amd64 (1.5.2-2) ...
Setting up libwant-perl (0.29-1+b5) ...
Setting up libdynaloader-functions-perl (0.003-1) ...
Setting up libmagic-mgc (1:5.38-4) ...
Setting up libarchive-zip-perl (1.67-1) ...
Setting up libsub-identify-perl (0.14-1+b2) ...
Setting up libglib2.0-0:amd64 (2.62.4-2) ...
No schema files found: doing nothing.
Setting up libcpanel-json-xs-perl (4.19-1) ...
Setting up libssl1.1:amd64 (1.1.1d-2) ...
Setting up libdebhelper-perl (12.9) ...
Setting up libtry-tiny-perl (0.30-1) ...
Setting up libmagic1:amd64 (1:5.38-4) ...
Setting up perl-openssl-defaults:amd64 (4) ...
Setting up libcommon-sense-perl (3.74-2+b8) ...
Setting up gettext-base (0.19.8.1-10) ...
Setting up file (1:5.38-4) ...
Setting up libicu63:amd64 (63.2-2) ...
Setting up libsub-install-perl (0.928-1) ...
Setting up libscope-guard-perl (0.21-1) ...
Setting up libjson-maybexs-perl (1.004000-1) ...
Setting up libpackage-stash-xs-perl (0.29-1+b1) ...
Setting up autotools-dev (20180224.1) ...
Setting up libalgorithm-c3-perl (0.10-1) ...
Setting up libsigsegv2:amd64 (2.12-2) ...
Setting up bsdmainutils (11.1.2+b1) ...
update-alternatives: using /usr/bin/bsd-write to provide /usr/bin/write (write) in auto mode
update-alternatives: using /usr/bin/bsd-from to provide /usr/bin/from (from) in auto mode
Setting up libcrypt-openssl-x509-perl (1.8.13-1) ...
Setting up libcryptx-perl (0.067-1) ...
Setting up libvariable-magic-perl (0.62-1+b2) ...
Setting up autopoint (0.19.8.1-10) ...
Setting up libb-hooks-op-check-perl (0.22-1+b2) ...
Setting up libparams-util-perl (1.07-3+b5) ...
Setting up libsub-exporter-progressive-perl (0.001013-1) ...
Setting up libsub-name-perl (0.26-1) ...
Setting up libtypes-serialiser-perl (1.0-1) ...
Setting up sensible-utils (0.0.12+nmu1) ...
Setting up libuchardet0:amd64 (0.0.6-3) ...
Setting up libsub-override-perl (0.09-2) ...
Setting up libaliased-perl (0.34-1) ...
Setting up libcarp-clan-perl (6.08-1) ...
Setting up libdevel-globaldestruction-perl (0.14-1) ...
Setting up libstrictures-perl (2.000006-1) ...
Setting up libdevel-stacktrace-perl (2.0400-1) ...
Setting up libjson-c4:amd64 (0.13.1+dfsg-7) ...
Setting up libautobox-perl (3.0.1-1+b2) ...
Setting up libelf1:amd64 (0.176-1.1) ...
Setting up libxml2:amd64 (2.9.10+dfsg-3) ...
Setting up libfile-stripnondeterminism-perl (1.6.3-2) ...
Setting up libjson-xs-perl (4.020-1+b1) ...
Setting up libautobox-core-perl (1.33-1) ...
Setting up libtool (2.4.6-13) ...
Setting up libu2f-server0 (1.1.0-2+b1) ...
Setting up m4 (1.4.18-4) ...
Setting up libclass-c3-perl (0.34-1) ...
Setting up libdevel-callchecker-perl (0.008-1+b1) ...
Setting up libdata-optlist-perl (0.110-1) ...
Setting up libcroco3:amd64 (0.6.13-1) ...
Setting up autoconf (2.69-11.1) ...
Setting up dh-strip-nondeterminism (1.6.3-2) ...
Setting up dwz (0.13-5) ...
Setting up groff-base (1.22.4-4) ...
Setting up libmro-compat-perl (0.13-1) ...
Setting up libsub-exporter-perl (0.987-1) ...
Setting up libu2f-server-dev (1.1.0-2+b1) ...
Setting up libeval-closure-perl (0.14-1) ...
Setting up automake (1:1.16.1-4) ...
update-alternatives: using /usr/bin/automake-1.16 to provide /usr/bin/automake (automake) in auto mode
Setting up gettext (0.19.8.1-10) ...
Setting up libparams-classify-perl (0.015-1+b2) ...
Setting up libsub-exporter-formethods-perl (0.100052-1) ...
Setting up man-db (2.9.0-2) ...
Not building database; man-db/auto-update is not 'true'.
Setting up intltool-debian (0.35.0+20060710.5) ...
Setting up libmodule-runtime-perl (0.016-1) ...
Setting up libdist-checkconflicts-perl (0.11-1) ...
Setting up libmodule-implementation-perl (0.09-1) ...
Setting up libpackage-stash-perl (0.38-1) ...
Setting up po-debconf (1.0.21) ...
Setting up libmodule-runtime-conflicts-perl (0.003-1) ...
Setting up libclass-load-perl (0.25-1) ...
Setting up libpackage-deprecationmanager-perl (0.17-1) ...
Setting up libdevel-overloadinfo-perl (0.005-1) ...
Setting up libclass-load-xs-perl (0.10-1+b4) ...
Setting up libb-hooks-endofscope-perl (0.24-1) ...
Setting up libmoose-perl (2.2012-2) ...
Setting up libnamespace-clean-perl (0.27-1) ...
Setting up libmoosex-singlearg-perl (0.09-1) ...
Setting up libnamespace-autoclean-perl (0.29-1) ...
Setting up libmoosex-role-parameterized-perl (1.11-1) ...
Setting up libmoosex-types-perl (0.50-1) ...
Setting up libmoosex-traitfor-meta-class-betteranonclassnames-perl (0.002003-1) ...
Setting up libmoosex-types-common-perl (0.001014-1) ...
Setting up libmoosex-meta-typeconstraint-mooish-perl (0.001-1) ...
Setting up libmoosex-util-perl (0.006-1) ...
Setting up libmoosex-attributeshortcuts-perl (0.037-1) ...
Setting up libauthen-u2f-tester-perl (0.03-1) ...
Setting up dh-autoreconf (19) ...
Setting up debhelper (12.9) ...
Setting up sbuild-build-depends-main-dummy (0.invalid.0) ...
Processing triggers for libc-bin (2.29-10) ...

+------------------------------------------------------------------------------+
| Check architectures                                                          |
+------------------------------------------------------------------------------+

Arch check ok (amd64 included in any)

+------------------------------------------------------------------------------+
| Build environment                                                            |
+------------------------------------------------------------------------------+

Kernel: Linux 4.19.0-6-cloud-amd64 #1 SMP Debian 4.19.67-2+deb10u2 (2019-11-11) amd64 (x86_64)
Toolchain package versions: binutils_2.34-3 dpkg-dev_1.19.7 g++-9_9.2.1-29 gcc-9_9.2.1-29 libc6-dev_2.29-10 libstdc++-9-dev_9.2.1-29 libstdc++6_10-20200222-1 linux-libc-dev_5.4.19-1
Package versions: adduser_3.118 apt_1.8.4 autoconf_2.69-11.1 automake_1:1.16.1-4 autopoint_0.19.8.1-10 autotools-dev_20180224.1 base-files_11 base-passwd_3.5.47 bash_5.0-5 binutils_2.34-3 binutils-common_2.34-3 binutils-x86-64-linux-gnu_2.34-3 bsdmainutils_11.1.2+b1 bsdutils_1:2.34-0.1 build-essential_12.8 bzip2_1.0.8-2 clang-10_1:10.0.0~+rc2-1 coreutils_8.30-3+b1 cpp_4:9.2.1-3.1 cpp-9_9.2.1-29 dash_0.5.10.2-6 debconf_1.5.73 debhelper_12.9 debian-archive-keyring_2019.1 debianutils_4.9.1 dh-autoreconf_19 dh-strip-nondeterminism_1.6.3-2 diffutils_1:3.7-3 dpkg_1.19.7 dpkg-dev_1.19.7 dwz_0.13-5 e2fsprogs_1.45.5-2 fakeroot_1.24-1 fdisk_2.34-0.1 file_1:5.38-4 findutils_4.7.0-1 g++_4:9.2.1-3.1 g++-9_9.2.1-29 gcc_4:9.2.1-3.1 gcc-10-base_10-20200222-1 gcc-9_9.2.1-29 gcc-9-base_9.2.1-29 gettext_0.19.8.1-10 gettext-base_0.19.8.1-10 gpgv_2.2.19-1 grep_3.4-1 groff-base_1.22.4-4 gzip_1.9-3+b1 hostname_3.23 init-system-helpers_1.57 intltool-debian_0.35.0+20060710.5 lib32gcc-s1_10-20200222-1 lib32gcc1_1:10-20200222-1 lib32stdc++6_10-20200222-1 libacl1_2.2.53-5 libalgorithm-c3-perl_0.10-1 libaliased-perl_0.34-1 libapt-pkg5.0_1.8.4 libarchive-zip-perl_1.67-1 libasan5_9.2.1-29 libatomic1_10-20200222-1 libattr1_1:2.4.48-5 libaudit-common_1:2.8.5-2 libaudit1_1:2.8.5-2+b1 libauthen-u2f-tester-perl_0.03-1 libautobox-core-perl_1.33-1 libautobox-perl_3.0.1-1+b2 libb-hooks-endofscope-perl_0.24-1 libb-hooks-op-check-perl_0.22-1+b2 libbinutils_2.34-3 libblkid1_2.34-0.1 libbsd0_0.10.0-1 libbz2-1.0_1.0.8-2 libc-bin_2.29-10 libc-dev-bin_2.29-10 libc6_2.29-10 libc6-dev_2.29-10 libc6-i386_2.29-10 libcap-ng0_0.7.9-2.1+b1 libcarp-clan-perl_6.08-1 libcc1-0_10-20200222-1 libclang-common-10-dev_1:10.0.0~+rc2-1 libclang-cpp10_1:10.0.0~+rc2-1 libclang1-10_1:10.0.0~+rc2-1 libclass-c3-perl_0.34-1 libclass-load-perl_0.25-1 libclass-load-xs-perl_0.10-1+b4 libcom-err2_1.45.5-2 libcommon-sense-perl_3.74-2+b8 libcpanel-json-xs-perl_4.19-1 libcroco3_0.6.13-1 libcrypt-dev_1:4.4.10-10 libcrypt-openssl-x509-perl_1.8.13-1 libcrypt1_1:4.4.10-10 libcryptx-perl_0.067-1 libctf-nobfd0_2.34-3 libctf0_2.34-3 libdata-optlist-perl_0.110-1 libdb5.3_5.3.28+dfsg1-0.6 libdebconfclient0_0.251 libdebhelper-perl_12.9 libdevel-callchecker-perl_0.008-1+b1 libdevel-globaldestruction-perl_0.14-1 libdevel-overloadinfo-perl_0.005-1 libdevel-stacktrace-perl_2.0400-1 libdist-checkconflicts-perl_0.11-1 libdpkg-perl_1.19.7 libdynaloader-functions-perl_0.003-1 libedit2_3.1-20191231-1 libelf1_0.176-1.1 libeval-closure-perl_0.14-1 libext2fs2_1.45.5-2 libfakeroot_1.24-1 libfdisk1_2.34-0.1 libffi7_3.3-3 libfile-stripnondeterminism-perl_1.6.3-2 libgc1c2_1:7.6.4-0.4 libgcc-9-dev_9.2.1-29 libgcc-s1_10-20200222-1 libgcc1_1:10-20200222-1 libgcrypt20_1.8.5-5 libgdbm-compat4_1.18.1-5 libgdbm6_1.18.1-5 libglib2.0-0_2.62.4-2 libgmp10_2:6.2.0+dfsg-4 libgnutls30_3.6.12-2 libgomp1_10-20200222-1 libgpg-error0_1.37-1 libhogweed5_3.5.1+really3.5.1-2 libicu63_63.2-2 libidn2-0_2.2.0-2 libisl22_0.22.1-1 libitm1_10-20200222-1 libjson-c4_0.13.1+dfsg-7 libjson-maybexs-perl_1.004000-1 libjson-xs-perl_4.020-1+b1 libllvm10_1:10.0.0~+rc2-1 liblsan0_10-20200222-1 liblz4-1_1.9.2-2 liblzma5_5.2.4-1+b1 libmagic-mgc_1:5.38-4 libmagic1_1:5.38-4 libmodule-implementation-perl_0.09-1 libmodule-runtime-conflicts-perl_0.003-1 libmodule-runtime-perl_0.016-1 libmoose-perl_2.2012-2 libmoosex-attributeshortcuts-perl_0.037-1 libmoosex-meta-typeconstraint-mooish-perl_0.001-1 libmoosex-role-parameterized-perl_1.11-1 libmoosex-singlearg-perl_0.09-1 libmoosex-traitfor-meta-class-betteranonclassnames-perl_0.002003-1 libmoosex-types-common-perl_0.001014-1 libmoosex-types-perl_0.50-1 libmoosex-util-perl_0.006-1 libmount1_2.34-0.1 libmpc3_1.1.0-1 libmpfr6_4.0.2-1 libmro-compat-perl_0.13-1 libnamespace-autoclean-perl_0.29-1 libnamespace-clean-perl_0.27-1 libncursesw6_6.1+20191019-1 libnettle7_3.5.1+really3.5.1-2 libobjc-9-dev_9.2.1-29 libobjc4_10-20200222-1 libomp-10-dev_1:10.0.0~+rc2-1 libomp5-10_1:10.0.0~+rc2-1 libp11-kit0_0.23.20-1 libpackage-deprecationmanager-perl_0.17-1 libpackage-stash-perl_0.38-1 libpackage-stash-xs-perl_0.29-1+b1 libpam-modules_1.3.1-5 libpam-modules-bin_1.3.1-5 libpam-runtime_1.3.1-5 libpam0g_1.3.1-5 libparams-classify-perl_0.015-1+b2 libparams-util-perl_1.07-3+b5 libpcre2-8-0_10.34-7 libpcre3_2:8.39-12+b1 libperl5.30_5.30.0-9 libpipeline1_1.5.2-2 libquadmath0_10-20200222-1 libscope-guard-perl_0.21-1 libseccomp2_2.4.2-2 libselinux1_3.0-1+b1 libsemanage-common_3.0-1 libsemanage1_3.0-1+b1 libsepol1_3.0-1 libsigsegv2_2.12-2 libsmartcols1_2.34-0.1 libss2_1.45.5-2 libssl1.1_1.1.1d-2 libstdc++-9-dev_9.2.1-29 libstdc++6_10-20200222-1 libstrictures-perl_2.000006-1 libsub-exporter-formethods-perl_0.100052-1 libsub-exporter-perl_0.987-1 libsub-exporter-progressive-perl_0.001013-1 libsub-identify-perl_0.14-1+b2 libsub-install-perl_0.928-1 libsub-name-perl_0.26-1 libsub-override-perl_0.09-2 libsystemd0_244.3-1 libtasn1-6_4.16.0-2 libtinfo6_6.1+20191019-1 libtool_2.4.6-13 libtry-tiny-perl_0.30-1 libtsan0_10-20200222-1 libtypes-serialiser-perl_1.0-1 libu2f-server-dev_1.1.0-2+b1 libu2f-server0_1.1.0-2+b1 libubsan1_10-20200222-1 libuchardet0_0.0.6-3 libudev1_244.3-1 libunistring2_0.9.10-2 libuuid1_2.34-0.1 libvariable-magic-perl_0.62-1+b2 libwant-perl_0.29-1+b5 libxml2_2.9.10+dfsg-3 libz3-4_4.8.7-4 libzstd1_1.4.4+dfsg-3 linux-libc-dev_5.4.19-1 login_1:4.8.1-1 logsave_1.45.5-2 lsb-base_11.1.0 m4_1.4.18-4 make_4.2.1-1.2 man-db_2.9.0-2 mawk_1.3.4.20200120-2 mount_2.34-0.1 ncurses-base_6.1+20191019-1 ncurses-bin_6.1+20191019-1 passwd_1:4.8.1-1 patch_2.7.6-6 perl_5.30.0-9 perl-base_5.30.0-9 perl-modules-5.30_5.30.0-9 perl-openssl-defaults_4 po-debconf_1.0.21 sbuild-build-depends-main-dummy_0.invalid.0 sed_4.7-1 sensible-utils_0.0.12+nmu1 sysvinit-utils_2.96-2.1 tar_1.30+dfsg-6+b1 tzdata_2019c-3 util-linux_2.34-0.1 xz-utils_5.2.4-1+b1 zlib1g_1:1.2.11.dfsg-1.2

+------------------------------------------------------------------------------+
| Build                                                                        |
+------------------------------------------------------------------------------+


Unpack source
-------------

-----BEGIN PGP SIGNED MESSAGE-----
Hash: SHA512

Format: 3.0 (quilt)
Source: libcrypt-u2f-server-perl
Binary: libcrypt-u2f-server-perl
Architecture: any
Version: 0.45-1
Maintainer: Debian Perl Group <pkg-perl-maintainers@lists.alioth.debian.org>
Uploaders: Xavier Guimard <yadd@debian.org>
Homepage: https://metacpan.org/release/Crypt-U2F-Server
Standards-Version: 4.4.0
Vcs-Browser: https://salsa.debian.org/perl-team/modules/packages/libcrypt-u2f-server-perl
Vcs-Git: https://salsa.debian.org/perl-team/modules/packages/libcrypt-u2f-server-perl.git
Testsuite: autopkgtest-pkg-perl
Build-Depends: debhelper-compat (= 12), libauthen-u2f-tester-perl, libjson-xs-perl, libu2f-server-dev, perl
Package-List:
 libcrypt-u2f-server-perl deb perl optional arch=any
Checksums-Sha1:
 f55875266b40e54b201575d8a79d361ea8eb01fe 60243 libcrypt-u2f-server-perl_0.45.orig.tar.gz
 e394b95e77faae86c0f1ff6790db218ca0fbaec7 3032 libcrypt-u2f-server-perl_0.45-1.debian.tar.xz
Checksums-Sha256:
 782ee0dc9516d5c598e6d41c6a1b2317704f0b885f87af071d05c417258852b2 60243 libcrypt-u2f-server-perl_0.45.orig.tar.gz
 71d289945da4b1e1a955e02fc839e6441221232a0db25f8076a1bcdb1804ff59 3032 libcrypt-u2f-server-perl_0.45-1.debian.tar.xz
Files:
 7d9f23110c332846b2bee00192d413d9 60243 libcrypt-u2f-server-perl_0.45.orig.tar.gz
 c089578e0c3bde9f47203e34c367d6b1 3032 libcrypt-u2f-server-perl_0.45-1.debian.tar.xz

-----BEGIN PGP SIGNATURE-----

iQIzBAEBCgAdFiEEAN/li4tVV3nRAF7J9tdMp8mZ7ukFAl1G4KEACgkQ9tdMp8mZ
7ukzHg/+JSuy2sTPp2xeRsRs2QqUtZLNFneWG9ArF3WE66tht+zNj4jIKCRkxVLI
4TfNZQpT+kyp15hfObvfyO7qbHFkunOa4q5ZgUAauuGMnN8/T/KbgZkY96fhgWdi
z+lDxmBLnZMPSWZNwO82uXcMSTeXZcibIQn+h/fDOgV6wJ7ohzGjQO0wCKcPL8wp
U+JGuYtggFftP6ax/q6p4MstIZBwBuw3wot6UvMHEv/exSnTAinfNpY4d3oS6DPb
x8BKEBjJHbM7u+DrvU+A69FFtnIMjkBh20fC2dqNti/fGNvRV07gvCbe9cs6qqIK
27D4GjN/wdz+x3kJQavix6mhqWMonqFAyCLGm0uBdPbZ3eYkDhz8bHKTzVQPy/Pf
2Tsqby8gmK0vGHFVgEv8DERWyT0JUteYQC2p5WYZynxUKSjxkk44fZ0C9Yd0vKuR
v5Uya2xB/ZT7Fjcr6/Ulyc2SH3f5t8LQrgCnllFtT44Y4LZ1ERLd9IgCYLWZc/tS
D79Qbym4MogK96TAALEVRV1bnPJWcRvJMpa4I/o9sV5XxfnCEge1bciP7AVdXvgR
gTQZ8QILATJFS5VXTEmJO/06G66me7ViiqyPo/Q0NHRgXlYplFFFRYqbzgLXqJnt
1r7woWQVeguaG3srO6vs3J0HplI+uxZtSSPXty6yn7yKLlmSMyA=
=g25y
-----END PGP SIGNATURE-----

gpgv: unknown type of key resource 'trustedkeys.kbx'
gpgv: keyblock resource '/sbuild-nonexistent/.gnupg/trustedkeys.kbx': General error
gpgv: Signature made Sun Aug  4 13:41:53 2019 UTC
gpgv:                using RSA key 00DFE58B8B555779D1005EC9F6D74CA7C999EEE9
gpgv: Can't check signature: No public key
dpkg-source: warning: failed to verify signature on ./libcrypt-u2f-server-perl_0.45-1.dsc
dpkg-source: info: extracting libcrypt-u2f-server-perl in /<<PKGBUILDDIR>>
dpkg-source: info: unpacking libcrypt-u2f-server-perl_0.45.orig.tar.gz
dpkg-source: info: unpacking libcrypt-u2f-server-perl_0.45-1.debian.tar.xz

Check disk space
----------------

Sufficient free space for build

User Environment
----------------

APT_CONFIG=/var/lib/sbuild/apt.conf
HOME=/sbuild-nonexistent
LANG=C.UTF-8
LC_ALL=C.UTF-8
LOGNAME=user42
PATH=/usr/local/sbin:/usr/local/bin:/usr/sbin:/usr/bin:/sbin:/bin:/usr/games
SCHROOT_ALIAS_NAME=unstable
SCHROOT_CHROOT_NAME=sid-amd64-sbuild
SCHROOT_COMMAND=env
SCHROOT_GID=1001
SCHROOT_GROUP=user42
SCHROOT_SESSION_ID=sid-amd64-sbuild-cd715eca-ca3b-44b3-a1e3-cb1bf203edd8
SCHROOT_UID=1001
SCHROOT_USER=user42
SHELL=/bin/sh
USER=user42

dpkg-buildpackage
-----------------

Command: dpkg-buildpackage -us -uc -b -rfakeroot
dpkg-buildpackage: info: source package libcrypt-u2f-server-perl
dpkg-buildpackage: info: source version 0.45-1
dpkg-buildpackage: info: source distribution unstable
dpkg-buildpackage: info: source changed by Xavier Guimard <yadd@debian.org>
 dpkg-source --before-build .
dpkg-buildpackage: info: host architecture amd64
 fakeroot debian/rules clean
dh clean
   dh_clean
 debian/rules build
dh build
   dh_update_autotools_config
   dh_autoreconf
   dh_auto_configure
	perl Makefile.PL INSTALLDIRS=vendor "OPTIMIZE=-g -O2 -fdebug-prefix-map=/<<PKGBUILDDIR>>=. -fstack-protector-strong -Wformat -Werror=format-security -Wdate-time -D_FORTIFY_SOURCE=2" "LD=x86_64-linux-gnu-gcc -g -O2 -fdebug-prefix-map=/<<PKGBUILDDIR>>=. -fstack-protector-strong -Wformat -Werror=format-security -Wl,-z,relro -Wl,-z,now"
Checking if your kit is complete...
Looks good
Generating a Unix-style Makefile
Writing Makefile for Crypt::U2F::Server
Writing MYMETA.yml and MYMETA.json
   dh_auto_build
	make -j4
make[1]: Entering directory '/<<PKGBUILDDIR>>'
cp lib/Crypt/U2F/Server/Simple.pm blib/lib/Crypt/U2F/Server/Simple.pm
cp lib/Crypt/U2F/Server.pm blib/lib/Crypt/U2F/Server.pm
AutoSplitting blib/lib/Crypt/U2F/Server.pm (blib/lib/auto/Crypt/U2F/Server)
"/usr/bin/perl" "/usr/share/perl/5.30/ExtUtils/xsubpp"  -typemap '/usr/share/perl/5.30/ExtUtils/typemap' -typemap '/<<PKGBUILDDIR>>/typemap'  U2F.xs > U2F.xsc
Running Mkbootstrap for Server ()
x86_64-linux-gnu-gcc -c  -I. -D_REENTRANT -D_GNU_SOURCE -DDEBIAN -fwrapv -fno-strict-aliasing -pipe -I/usr/local/include -D_LARGEFILE_SOURCE -D_FILE_OFFSET_BITS=64 -g -O2 -fdebug-prefix-map=/<<PKGBUILDDIR>>=. -fstack-protector-strong -Wformat -Werror=format-security -Wdate-time -D_FORTIFY_SOURCE=2   -DVERSION=\"0.45\" -DXS_VERSION=\"0.45\" -fPIC "-I/usr/lib/x86_64-linux-gnu/perl/5.30/CORE"   u2f.c
chmod 644 "Server.bs"
Please specify prototyping behavior for U2F.xs (see perlxs manual)
mv U2F.xsc U2F.c
"/usr/bin/perl" -MExtUtils::Command::MM -e 'cp_nonempty' -- Server.bs blib/arch/auto/Crypt/U2F/Server/Server.bs 644
x86_64-linux-gnu-gcc -c  -I. -D_REENTRANT -D_GNU_SOURCE -DDEBIAN -fwrapv -fno-strict-aliasing -pipe -I/usr/local/include -D_LARGEFILE_SOURCE -D_FILE_OFFSET_BITS=64 -g -O2 -fdebug-prefix-map=/<<PKGBUILDDIR>>=. -fstack-protector-strong -Wformat -Werror=format-security -Wdate-time -D_FORTIFY_SOURCE=2   -DVERSION=\"0.45\" -DXS_VERSION=\"0.45\" -fPIC "-I/usr/lib/x86_64-linux-gnu/perl/5.30/CORE"   U2F.c
u2f.c:213:1: warning: non-void function does not return a value in all control paths [-Wreturn-type]
}
^
1 warning generated.
In file included from U2F.xs:6:
./ppport.h:4385:10: warning: 'WIDEST_UTYPE' macro redefined [-Wmacro-redefined]
# define WIDEST_UTYPE U64TYPE
         ^
/usr/lib/x86_64-linux-gnu/perl/5.30/CORE/handy.h:1072:12: note: previous definition is here
#   define WIDEST_UTYPE U64
           ^
U2F.xs:86:31: warning: incompatible pointer types passing 'char *[65]' to parameter of type 'const char *' [-Wincompatible-pointer-types]
                        XPUSHs(sv_2mortal(newSVpvn(pk,65)));
                                                   ^~
/usr/lib/x86_64-linux-gnu/perl/5.30/CORE/embed.h:546:44: note: expanded from macro 'newSVpvn'
#define newSVpvn(a,b)           Perl_newSVpvn(aTHX_ a,b)
                                                    ^
/usr/lib/x86_64-linux-gnu/perl/5.30/CORE/embed.h:724:46: note: expanded from macro 'sv_2mortal'
#define sv_2mortal(a)           Perl_sv_2mortal(aTHX_ a)
                                                      ^
/usr/lib/x86_64-linux-gnu/perl/5.30/CORE/pp.h:462:55: note: expanded from macro 'XPUSHs'
#define XPUSHs(s)       STMT_START { EXTEND(sp,1); *++sp = (s); } STMT_END
                                                            ^
/usr/lib/x86_64-linux-gnu/perl/5.30/CORE/proto.h:2518:57: note: passing argument to parameter 'buffer' here
PERL_CALLCONV SV*       Perl_newSVpvn(pTHX_ const char *const buffer, const STRLEN len)
                                                              ^
2 warnings generated.
rm -f blib/arch/auto/Crypt/U2F/Server/Server.so
x86_64-linux-gnu-gcc -g -O2 -fdebug-prefix-map=/<<PKGBUILDDIR>>=. -fstack-protector-strong -Wformat -Werror=format-security -Wl,-z,relro -Wl,-z,now  -shared -L/usr/local/lib -fstack-protector-strong  U2F.o u2f.o  -o blib/arch/auto/Crypt/U2F/Server/Server.so  \
   -lu2f-server   \
  
chmod 755 blib/arch/auto/Crypt/U2F/Server/Server.so
Manifying 2 pod documents
make[1]: Leaving directory '/<<PKGBUILDDIR>>'
   dh_auto_test
	make -j4 test TEST_VERBOSE=1
make[1]: Entering directory '/<<PKGBUILDDIR>>'
"/usr/bin/perl" -MExtUtils::Command::MM -e 'cp_nonempty' -- Server.bs blib/arch/auto/Crypt/U2F/Server/Server.bs 644
PERL_DL_NONLAZY=1 "/usr/bin/perl" "-MExtUtils::Command::MM" "-MTest::Harness" "-e" "undef *Test::Harness::Switches; test_harness(1, 'blib/lib', 'blib/arch')" t/*.t
t/01-lowlevel-basic.t ... 
1..15
ok 1 - use Crypt::U2F::Server;
ok 2 - use JSON::XS;
ok 3 - u2fclib_init
ok 4 - u2fclib_init ctx defined
ok 5 - u2fclib_init ctx != 0
ok 6 - u2fclib_setAppID
ok 7 - u2fclib_setOrigin
ok 8 - u2fclib_calcRegistrationChallenge
ok 9 - Parsing JSON string
ok 10 - Defined: challenge
ok 11 - Defined: version
ok 12 - Defined: appId
ok 13 - supported library version
ok 14 - appID roundtrip
ok 15 - u2fclib_deInit
ok
t/11-highlevel-basic.t .. 
1..9
ok 1 - use Crypt::U2F::Server::Simple;
ok 2 - use JSON::XS;
ok 3 - new()
ok 4 - Parsing JSON string
ok 5 - Defined: challenge
ok 6 - Defined: version
ok 7 - Defined: appId
ok 8 - supported library version
ok 9 - appID roundtrip
ok
t/12-full-test.t ........ 
1..18
ok 1 - use Crypt::U2F::Server::Simple;
ok 2 - use JSON::XS;
ok 3 - new()
ok 4 - Parsing JSON string
ok 5 - Good challenge value
ok 6 - Key registered
ok 7 - new()
ok 8 - Get auth challenge
ok 9 - Parsing JSON string
ok 10 - KeyHandle match
ok 11 - Good challenge value
ok 12 - Good signature
ok 13 - new()
ok 14 - Get auth challenge
ok 15 - Parsing JSON string
ok 16 - KeyHandle match
ok 17 - Good challenge value
ok 18 - Error detected
ok
All tests successful.
Files=3, Tests=42,  1 wallclock secs ( 0.02 usr  0.01 sys +  0.63 cusr  0.05 csys =  0.71 CPU)
Result: PASS
make[1]: Leaving directory '/<<PKGBUILDDIR>>'
   create-stamp debian/debhelper-build-stamp
 fakeroot debian/rules binary
dh binary
   dh_testroot
   dh_prep
   dh_auto_install
	make -j4 install DESTDIR=/<<PKGBUILDDIR>>/debian/libcrypt-u2f-server-perl AM_UPDATE_INFO_DIR=no PREFIX=/usr
make[1]: Entering directory '/<<PKGBUILDDIR>>'
"/usr/bin/perl" -MExtUtils::Command::MM -e 'cp_nonempty' -- Server.bs blib/arch/auto/Crypt/U2F/Server/Server.bs 644
Manifying 2 pod documents
Files found in blib/arch: installing files in blib/lib into architecture dependent library tree
Installing /<<PKGBUILDDIR>>/debian/libcrypt-u2f-server-perl/usr/lib/x86_64-linux-gnu/perl5/5.30/auto/Crypt/U2F/Server/Server.so
Installing /<<PKGBUILDDIR>>/debian/libcrypt-u2f-server-perl/usr/lib/x86_64-linux-gnu/perl5/5.30/auto/Crypt/U2F/Server/autosplit.ix
Installing /<<PKGBUILDDIR>>/debian/libcrypt-u2f-server-perl/usr/lib/x86_64-linux-gnu/perl5/5.30/Crypt/U2F/Server.pm
Installing /<<PKGBUILDDIR>>/debian/libcrypt-u2f-server-perl/usr/lib/x86_64-linux-gnu/perl5/5.30/Crypt/U2F/Server/Simple.pm
Installing /<<PKGBUILDDIR>>/debian/libcrypt-u2f-server-perl/usr/share/man/man3/Crypt::U2F::Server::Simple.3pm
Installing /<<PKGBUILDDIR>>/debian/libcrypt-u2f-server-perl/usr/share/man/man3/Crypt::U2F::Server.3pm
make[1]: Leaving directory '/<<PKGBUILDDIR>>'
   dh_installdocs
   dh_installchangelogs
   debian/rules override_dh_installexamples
make[1]: Entering directory '/<<PKGBUILDDIR>>'
dh_installexamples
sed -i '1s|^#!/usr/bin/env perl|#!/usr/bin/perl|' /<<PKGBUILDDIR>>/debian/libcrypt-u2f-server-perl/usr/share/doc/libcrypt-u2f-server-perl/examples/*.pl
make[1]: Leaving directory '/<<PKGBUILDDIR>>'
   dh_installman
   dh_perl
   dh_link
   dh_strip_nondeterminism
   dh_compress
   dh_fixperms
   dh_missing
   dh_dwz
   dh_strip
   dh_makeshlibs
   dh_shlibdeps
   dh_installdeb
   dh_gencontrol
   dh_md5sums
   dh_builddeb
dpkg-deb: building package 'libcrypt-u2f-server-perl' in '../libcrypt-u2f-server-perl_0.45-1_amd64.deb'.
dpkg-deb: building package 'libcrypt-u2f-server-perl-dbgsym' in '../libcrypt-u2f-server-perl-dbgsym_0.45-1_amd64.deb'.
 dpkg-genbuildinfo --build=binary
 dpkg-genchanges --build=binary >../libcrypt-u2f-server-perl_0.45-1_amd64.changes
dpkg-genchanges: info: binary-only upload (no source code included)
 dpkg-source --after-build .
dpkg-buildpackage: info: binary-only upload (no source included)
--------------------------------------------------------------------------------
Build finished at 2020-02-24T23:29:29Z

Finished
--------

I: Built successfully

+------------------------------------------------------------------------------+
| Changes                                                                      |
+------------------------------------------------------------------------------+


libcrypt-u2f-server-perl_0.45-1_amd64.changes:
----------------------------------------------

Format: 1.8
Date: Sun, 04 Aug 2019 15:38:53 +0200
Source: libcrypt-u2f-server-perl
Binary: libcrypt-u2f-server-perl libcrypt-u2f-server-perl-dbgsym
Architecture: amd64
Version: 0.45-1
Distribution: unstable
Urgency: medium
Maintainer: Debian Perl Group <pkg-perl-maintainers@lists.alioth.debian.org>
Changed-By: Xavier Guimard <yadd@debian.org>
Description:
 libcrypt-u2f-server-perl - Perl module to register and authenticate U2F compatible devices
Changes:
 libcrypt-u2f-server-perl (0.45-1) unstable; urgency=medium
 .
   [ Laurent Baillet ]
   * fix lintian wrong-path-for-interpreter error
 .
   [ Xavier Guimard ]
   * Add Multi-Arch: same
   * Email change: Xavier Guimard -> yadd@debian.org
   * New upstream version 0.45
   * Bump debhelper copatibility level to 12
   * Declare compliance with policy 4.4.0
   * Add debian/gbp.conf
Checksums-Sha1:
 924f7dc8a97b6ab5fb93125cb30767a7cd918f29 26968 libcrypt-u2f-server-perl-dbgsym_0.45-1_amd64.deb
 f96b1beae6f3f0b141fd1d94782f597f60b3f968 7610 libcrypt-u2f-server-perl_0.45-1_amd64.buildinfo
 b6ccc689250bfbb44b69ac99cf83fe8f10fee1d2 23352 libcrypt-u2f-server-perl_0.45-1_amd64.deb
Checksums-Sha256:
 ebbda2c7ab6ee7616350416e00491b689aeb3fac1d3053f289efd7ec388cf1df 26968 libcrypt-u2f-server-perl-dbgsym_0.45-1_amd64.deb
 15f507c33672730c49a24c588b50acbb34ff58ee25208cf54d877681310c5c7b 7610 libcrypt-u2f-server-perl_0.45-1_amd64.buildinfo
 b974598201e5863b8137a61b0af5e850ee97df04340251fc48354111c504106e 23352 libcrypt-u2f-server-perl_0.45-1_amd64.deb
Files:
 ca5c8817547e6f11e5ea8462f2f30525 26968 debug optional libcrypt-u2f-server-perl-dbgsym_0.45-1_amd64.deb
 bfe5eaa640ced5851054c60cf3b0db6c 7610 perl optional libcrypt-u2f-server-perl_0.45-1_amd64.buildinfo
 e7588fa914e95064028dcc44bdf1ea8a 23352 perl optional libcrypt-u2f-server-perl_0.45-1_amd64.deb

+------------------------------------------------------------------------------+
| Buildinfo                                                                    |
+------------------------------------------------------------------------------+

Format: 1.0
Source: libcrypt-u2f-server-perl
Binary: libcrypt-u2f-server-perl
Architecture: amd64
Version: 0.45-1
Checksums-Md5:
 ca5c8817547e6f11e5ea8462f2f30525 26968 libcrypt-u2f-server-perl-dbgsym_0.45-1_amd64.deb
 e7588fa914e95064028dcc44bdf1ea8a 23352 libcrypt-u2f-server-perl_0.45-1_amd64.deb
Checksums-Sha1:
 924f7dc8a97b6ab5fb93125cb30767a7cd918f29 26968 libcrypt-u2f-server-perl-dbgsym_0.45-1_amd64.deb
 b6ccc689250bfbb44b69ac99cf83fe8f10fee1d2 23352 libcrypt-u2f-server-perl_0.45-1_amd64.deb
Checksums-Sha256:
 ebbda2c7ab6ee7616350416e00491b689aeb3fac1d3053f289efd7ec388cf1df 26968 libcrypt-u2f-server-perl-dbgsym_0.45-1_amd64.deb
 b974598201e5863b8137a61b0af5e850ee97df04340251fc48354111c504106e 23352 libcrypt-u2f-server-perl_0.45-1_amd64.deb
Build-Origin: Debian
Build-Architecture: amd64
Build-Date: Mon, 24 Feb 2020 23:29:29 +0000
Build-Path: /<<PKGBUILDDIR>>
Installed-Build-Depends:
 autoconf (= 2.69-11.1),
 automake (= 1:1.16.1-4),
 autopoint (= 0.19.8.1-10),
 autotools-dev (= 20180224.1),
 base-files (= 11),
 base-passwd (= 3.5.47),
 bash (= 5.0-5),
 binutils (= 2.34-3),
 binutils-common (= 2.34-3),
 binutils-x86-64-linux-gnu (= 2.34-3),
 bsdmainutils (= 11.1.2+b1),
 bsdutils (= 1:2.34-0.1),
 build-essential (= 12.8),
 bzip2 (= 1.0.8-2),
 clang-10 (= 1:10.0.0~+rc2-1),
 coreutils (= 8.30-3+b1),
 cpp (= 4:9.2.1-3.1),
 cpp-9 (= 9.2.1-29),
 dash (= 0.5.10.2-6),
 debconf (= 1.5.73),
 debhelper (= 12.9),
 debianutils (= 4.9.1),
 dh-autoreconf (= 19),
 dh-strip-nondeterminism (= 1.6.3-2),
 diffutils (= 1:3.7-3),
 dpkg (= 1.19.7),
 dpkg-dev (= 1.19.7),
 dwz (= 0.13-5),
 fdisk (= 2.34-0.1),
 file (= 1:5.38-4),
 findutils (= 4.7.0-1),
 g++ (= 4:9.2.1-3.1),
 g++-9 (= 9.2.1-29),
 gcc (= 4:9.2.1-3.1),
 gcc-10-base (= 10-20200222-1),
 gcc-9 (= 9.2.1-29),
 gcc-9-base (= 9.2.1-29),
 gettext (= 0.19.8.1-10),
 gettext-base (= 0.19.8.1-10),
 grep (= 3.4-1),
 groff-base (= 1.22.4-4),
 gzip (= 1.9-3+b1),
 hostname (= 3.23),
 init-system-helpers (= 1.57),
 intltool-debian (= 0.35.0+20060710.5),
 lib32gcc-s1 (= 10-20200222-1),
 lib32gcc1 (= 1:10-20200222-1),
 lib32stdc++6 (= 10-20200222-1),
 libacl1 (= 2.2.53-5),
 libalgorithm-c3-perl (= 0.10-1),
 libaliased-perl (= 0.34-1),
 libarchive-zip-perl (= 1.67-1),
 libasan5 (= 9.2.1-29),
 libatomic1 (= 10-20200222-1),
 libattr1 (= 1:2.4.48-5),
 libaudit-common (= 1:2.8.5-2),
 libaudit1 (= 1:2.8.5-2+b1),
 libauthen-u2f-tester-perl (= 0.03-1),
 libautobox-core-perl (= 1.33-1),
 libautobox-perl (= 3.0.1-1+b2),
 libb-hooks-endofscope-perl (= 0.24-1),
 libb-hooks-op-check-perl (= 0.22-1+b2),
 libbinutils (= 2.34-3),
 libblkid1 (= 2.34-0.1),
 libbsd0 (= 0.10.0-1),
 libbz2-1.0 (= 1.0.8-2),
 libc-bin (= 2.29-10),
 libc-dev-bin (= 2.29-10),
 libc6 (= 2.29-10),
 libc6-dev (= 2.29-10),
 libc6-i386 (= 2.29-10),
 libcap-ng0 (= 0.7.9-2.1+b1),
 libcarp-clan-perl (= 6.08-1),
 libcc1-0 (= 10-20200222-1),
 libclang-common-10-dev (= 1:10.0.0~+rc2-1),
 libclang-cpp10 (= 1:10.0.0~+rc2-1),
 libclang1-10 (= 1:10.0.0~+rc2-1),
 libclass-c3-perl (= 0.34-1),
 libclass-load-perl (= 0.25-1),
 libclass-load-xs-perl (= 0.10-1+b4),
 libcommon-sense-perl (= 3.74-2+b8),
 libcpanel-json-xs-perl (= 4.19-1),
 libcroco3 (= 0.6.13-1),
 libcrypt-dev (= 1:4.4.10-10),
 libcrypt-openssl-x509-perl (= 1.8.13-1),
 libcrypt1 (= 1:4.4.10-10),
 libcryptx-perl (= 0.067-1),
 libctf-nobfd0 (= 2.34-3),
 libctf0 (= 2.34-3),
 libdata-optlist-perl (= 0.110-1),
 libdb5.3 (= 5.3.28+dfsg1-0.6),
 libdebconfclient0 (= 0.251),
 libdebhelper-perl (= 12.9),
 libdevel-callchecker-perl (= 0.008-1+b1),
 libdevel-globaldestruction-perl (= 0.14-1),
 libdevel-overloadinfo-perl (= 0.005-1),
 libdevel-stacktrace-perl (= 2.0400-1),
 libdist-checkconflicts-perl (= 0.11-1),
 libdpkg-perl (= 1.19.7),
 libdynaloader-functions-perl (= 0.003-1),
 libedit2 (= 3.1-20191231-1),
 libelf1 (= 0.176-1.1),
 libeval-closure-perl (= 0.14-1),
 libfdisk1 (= 2.34-0.1),
 libffi7 (= 3.3-3),
 libfile-stripnondeterminism-perl (= 1.6.3-2),
 libgc1c2 (= 1:7.6.4-0.4),
 libgcc-9-dev (= 9.2.1-29),
 libgcc-s1 (= 10-20200222-1),
 libgcc1 (= 1:10-20200222-1),
 libgcrypt20 (= 1.8.5-5),
 libgdbm-compat4 (= 1.18.1-5),
 libgdbm6 (= 1.18.1-5),
 libglib2.0-0 (= 2.62.4-2),
 libgmp10 (= 2:6.2.0+dfsg-4),
 libgomp1 (= 10-20200222-1),
 libgpg-error0 (= 1.37-1),
 libicu63 (= 63.2-2),
 libisl22 (= 0.22.1-1),
 libitm1 (= 10-20200222-1),
 libjson-c4 (= 0.13.1+dfsg-7),
 libjson-maybexs-perl (= 1.004000-1),
 libjson-xs-perl (= 4.020-1+b1),
 libllvm10 (= 1:10.0.0~+rc2-1),
 liblsan0 (= 10-20200222-1),
 liblz4-1 (= 1.9.2-2),
 liblzma5 (= 5.2.4-1+b1),
 libmagic-mgc (= 1:5.38-4),
 libmagic1 (= 1:5.38-4),
 libmodule-implementation-perl (= 0.09-1),
 libmodule-runtime-conflicts-perl (= 0.003-1),
 libmodule-runtime-perl (= 0.016-1),
 libmoose-perl (= 2.2012-2),
 libmoosex-attributeshortcuts-perl (= 0.037-1),
 libmoosex-meta-typeconstraint-mooish-perl (= 0.001-1),
 libmoosex-role-parameterized-perl (= 1.11-1),
 libmoosex-singlearg-perl (= 0.09-1),
 libmoosex-traitfor-meta-class-betteranonclassnames-perl (= 0.002003-1),
 libmoosex-types-common-perl (= 0.001014-1),
 libmoosex-types-perl (= 0.50-1),
 libmoosex-util-perl (= 0.006-1),
 libmount1 (= 2.34-0.1),
 libmpc3 (= 1.1.0-1),
 libmpfr6 (= 4.0.2-1),
 libmro-compat-perl (= 0.13-1),
 libnamespace-autoclean-perl (= 0.29-1),
 libnamespace-clean-perl (= 0.27-1),
 libncursesw6 (= 6.1+20191019-1),
 libobjc-9-dev (= 9.2.1-29),
 libobjc4 (= 10-20200222-1),
 libpackage-deprecationmanager-perl (= 0.17-1),
 libpackage-stash-perl (= 0.38-1),
 libpackage-stash-xs-perl (= 0.29-1+b1),
 libpam-modules (= 1.3.1-5),
 libpam-modules-bin (= 1.3.1-5),
 libpam-runtime (= 1.3.1-5),
 libpam0g (= 1.3.1-5),
 libparams-classify-perl (= 0.015-1+b2),
 libparams-util-perl (= 1.07-3+b5),
 libpcre2-8-0 (= 10.34-7),
 libpcre3 (= 2:8.39-12+b1),
 libperl5.30 (= 5.30.0-9),
 libpipeline1 (= 1.5.2-2),
 libquadmath0 (= 10-20200222-1),
 libscope-guard-perl (= 0.21-1),
 libseccomp2 (= 2.4.2-2),
 libselinux1 (= 3.0-1+b1),
 libsigsegv2 (= 2.12-2),
 libsmartcols1 (= 2.34-0.1),
 libssl1.1 (= 1.1.1d-2),
 libstdc++-9-dev (= 9.2.1-29),
 libstdc++6 (= 10-20200222-1),
 libstrictures-perl (= 2.000006-1),
 libsub-exporter-formethods-perl (= 0.100052-1),
 libsub-exporter-perl (= 0.987-1),
 libsub-exporter-progressive-perl (= 0.001013-1),
 libsub-identify-perl (= 0.14-1+b2),
 libsub-install-perl (= 0.928-1),
 libsub-name-perl (= 0.26-1),
 libsub-override-perl (= 0.09-2),
 libsystemd0 (= 244.3-1),
 libtinfo6 (= 6.1+20191019-1),
 libtool (= 2.4.6-13),
 libtry-tiny-perl (= 0.30-1),
 libtsan0 (= 10-20200222-1),
 libtypes-serialiser-perl (= 1.0-1),
 libu2f-server-dev (= 1.1.0-2+b1),
 libu2f-server0 (= 1.1.0-2+b1),
 libubsan1 (= 10-20200222-1),
 libuchardet0 (= 0.0.6-3),
 libudev1 (= 244.3-1),
 libunistring2 (= 0.9.10-2),
 libuuid1 (= 2.34-0.1),
 libvariable-magic-perl (= 0.62-1+b2),
 libwant-perl (= 0.29-1+b5),
 libxml2 (= 2.9.10+dfsg-3),
 libz3-4 (= 4.8.7-4),
 linux-libc-dev (= 5.4.19-1),
 login (= 1:4.8.1-1),
 lsb-base (= 11.1.0),
 m4 (= 1.4.18-4),
 make (= 4.2.1-1.2),
 man-db (= 2.9.0-2),
 mawk (= 1.3.4.20200120-2),
 ncurses-base (= 6.1+20191019-1),
 ncurses-bin (= 6.1+20191019-1),
 patch (= 2.7.6-6),
 perl (= 5.30.0-9),
 perl-base (= 5.30.0-9),
 perl-modules-5.30 (= 5.30.0-9),
 perl-openssl-defaults (= 4),
 po-debconf (= 1.0.21),
 sed (= 4.7-1),
 sensible-utils (= 0.0.12+nmu1),
 sysvinit-utils (= 2.96-2.1),
 tar (= 1.30+dfsg-6+b1),
 util-linux (= 2.34-0.1),
 xz-utils (= 5.2.4-1+b1),
 zlib1g (= 1:1.2.11.dfsg-1.2)
Environment:
 DEB_BUILD_OPTIONS="parallel=4"
 LANG="C.UTF-8"
 LC_ALL="C.UTF-8"
 SOURCE_DATE_EPOCH="1564925933"


+------------------------------------------------------------------------------+
| Package contents                                                             |
+------------------------------------------------------------------------------+


libcrypt-u2f-server-perl-dbgsym_0.45-1_amd64.deb
------------------------------------------------

 new Debian package, version 2.0.
 size 26968 bytes: control archive=556 bytes.
     444 bytes,    13 lines      control              
     106 bytes,     1 lines      md5sums              
 Package: libcrypt-u2f-server-perl-dbgsym
 Source: libcrypt-u2f-server-perl
 Version: 0.45-1
 Auto-Built-Package: debug-symbols
 Architecture: amd64
 Maintainer: Debian Perl Group <pkg-perl-maintainers@lists.alioth.debian.org>
 Installed-Size: 42
 Depends: libcrypt-u2f-server-perl (= 0.45-1)
 Section: debug
 Priority: optional
 Multi-Arch: same
 Description: debug symbols for libcrypt-u2f-server-perl
 Build-Ids: 600b99886bfa6d3c31bc46934a027a66743ee727

drwxr-xr-x root/root         0 2019-08-04 13:38 ./
drwxr-xr-x root/root         0 2019-08-04 13:38 ./usr/
drwxr-xr-x root/root         0 2019-08-04 13:38 ./usr/lib/
drwxr-xr-x root/root         0 2019-08-04 13:38 ./usr/lib/debug/
drwxr-xr-x root/root         0 2019-08-04 13:38 ./usr/lib/debug/.build-id/
drwxr-xr-x root/root         0 2019-08-04 13:38 ./usr/lib/debug/.build-id/60/
-rw-r--r-- root/root     32120 2019-08-04 13:38 ./usr/lib/debug/.build-id/60/0b99886bfa6d3c31bc46934a027a66743ee727.debug
drwxr-xr-x root/root         0 2019-08-04 13:38 ./usr/share/
drwxr-xr-x root/root         0 2019-08-04 13:38 ./usr/share/doc/
lrwxrwxrwx root/root         0 2019-08-04 13:38 ./usr/share/doc/libcrypt-u2f-server-perl-dbgsym -> libcrypt-u2f-server-perl


libcrypt-u2f-server-perl_0.45-1_amd64.deb
-----------------------------------------

 new Debian package, version 2.0.
 size 23352 bytes: control archive=1244 bytes.
     910 bytes,    20 lines      control              
    1272 bytes,    13 lines      md5sums              
 Package: libcrypt-u2f-server-perl
 Version: 0.45-1
 Architecture: amd64
 Maintainer: Debian Perl Group <pkg-perl-maintainers@lists.alioth.debian.org>
 Installed-Size: 87
 Depends: perl (>= 5.30.0-9), perlapi-5.30.0, libc6 (>= 2.4), libu2f-server0 (>= 0.0.0), libjson-xs-perl
 Section: perl
 Priority: optional
 Multi-Arch: same
 Homepage: https://metacpan.org/release/Crypt-U2F-Server
 Description: Perl module to register and authenticate U2F compatible devices
  Universal 2nd Factor (U2F) is an open authentication standard that strengthens
  and simplifies two-factor authentication using specialized USB or NFC devices
  based on similar security technology found in smart cards.
  .
  Crypt::U2F::Server module implements the server side of U2F authentication
  through Yubico's C library.
  .
  Prefer to use Crypt::U2F::Server::Simple since Crypt::U2F::Server is a very low
  level wrapper around the original C library.

drwxr-xr-x root/root         0 2019-08-04 13:38 ./
drwxr-xr-x root/root         0 2019-08-04 13:38 ./usr/
drwxr-xr-x root/root         0 2019-08-04 13:38 ./usr/lib/
drwxr-xr-x root/root         0 2019-08-04 13:38 ./usr/lib/x86_64-linux-gnu/
drwxr-xr-x root/root         0 2019-08-04 13:38 ./usr/lib/x86_64-linux-gnu/perl5/
drwxr-xr-x root/root         0 2019-08-04 13:38 ./usr/lib/x86_64-linux-gnu/perl5/5.30/
drwxr-xr-x root/root         0 2019-08-04 13:38 ./usr/lib/x86_64-linux-gnu/perl5/5.30/Crypt/
drwxr-xr-x root/root         0 2019-08-04 13:38 ./usr/lib/x86_64-linux-gnu/perl5/5.30/Crypt/U2F/
-rw-r--r-- root/root      6352 2019-05-04 13:02 ./usr/lib/x86_64-linux-gnu/perl5/5.30/Crypt/U2F/Server.pm
drwxr-xr-x root/root         0 2019-08-04 13:38 ./usr/lib/x86_64-linux-gnu/perl5/5.30/Crypt/U2F/Server/
-rw-r--r-- root/root     15347 2019-05-04 13:02 ./usr/lib/x86_64-linux-gnu/perl5/5.30/Crypt/U2F/Server/Simple.pm
drwxr-xr-x root/root         0 2019-08-04 13:38 ./usr/lib/x86_64-linux-gnu/perl5/5.30/auto/
drwxr-xr-x root/root         0 2019-08-04 13:38 ./usr/lib/x86_64-linux-gnu/perl5/5.30/auto/Crypt/
drwxr-xr-x root/root         0 2019-08-04 13:38 ./usr/lib/x86_64-linux-gnu/perl5/5.30/auto/Crypt/U2F/
drwxr-xr-x root/root         0 2019-08-04 13:38 ./usr/lib/x86_64-linux-gnu/perl5/5.30/auto/Crypt/U2F/Server/
-rw-r--r-- root/root     22432 2019-08-04 13:38 ./usr/lib/x86_64-linux-gnu/perl5/5.30/auto/Crypt/U2F/Server/Server.so
-rw-r--r-- root/root        95 2019-08-04 13:38 ./usr/lib/x86_64-linux-gnu/perl5/5.30/auto/Crypt/U2F/Server/autosplit.ix
drwxr-xr-x root/root         0 2019-08-04 13:38 ./usr/share/
drwxr-xr-x root/root         0 2019-08-04 13:38 ./usr/share/doc/
drwxr-xr-x root/root         0 2019-08-04 13:38 ./usr/share/doc/libcrypt-u2f-server-perl/
-rw-r--r-- root/root       621 2019-08-04 13:38 ./usr/share/doc/libcrypt-u2f-server-perl/changelog.Debian.gz
-rw-r--r-- root/root       601 2019-05-04 13:05 ./usr/share/doc/libcrypt-u2f-server-perl/changelog.gz
-rw-r--r-- root/root      2710 2019-05-04 13:17 ./usr/share/doc/libcrypt-u2f-server-perl/copyright
drwxr-xr-x root/root         0 2019-08-04 13:38 ./usr/share/doc/libcrypt-u2f-server-perl/examples/
-rw-r--r-- root/root      1405 2019-08-04 13:38 ./usr/share/doc/libcrypt-u2f-server-perl/examples/u2fsimple_authenticate.pl
-rw-r--r-- root/root      1135 2019-08-04 13:38 ./usr/share/doc/libcrypt-u2f-server-perl/examples/u2fsimple_authenticate_replyonly.pl
-rw-r--r-- root/root      1208 2019-08-04 13:38 ./usr/share/doc/libcrypt-u2f-server-perl/examples/u2fsimple_authenticate_requestonly.pl
-rw-r--r-- root/root      1360 2019-08-04 13:38 ./usr/share/doc/libcrypt-u2f-server-perl/examples/u2fsimple_register.pl
drwxr-xr-x root/root         0 2019-08-04 13:38 ./usr/share/man/
drwxr-xr-x root/root         0 2019-08-04 13:38 ./usr/share/man/man3/
-rw-r--r-- root/root      3199 2019-08-04 13:38 ./usr/share/man/man3/Crypt::U2F::Server.3pm.gz
-rw-r--r-- root/root      4920 2019-08-04 13:38 ./usr/share/man/man3/Crypt::U2F::Server::Simple.3pm.gz


+------------------------------------------------------------------------------+
| Post Build                                                                   |
+------------------------------------------------------------------------------+


+------------------------------------------------------------------------------+
| Cleanup                                                                      |
+------------------------------------------------------------------------------+

Purging /<<BUILDDIR>>
Not cleaning session: cloned chroot in use

+------------------------------------------------------------------------------+
| Summary                                                                      |
+------------------------------------------------------------------------------+

Build Architecture: amd64
Build Type: binary
Build-Space: 1160
Build-Time: 6
Distribution: unstable
Host Architecture: amd64
Install-Time: 14
Job: libcrypt-u2f-server-perl_0.45-1
Machine Architecture: amd64
Package: libcrypt-u2f-server-perl
Package-Time: 41
Source-Version: 0.45-1
Space: 1160
Status: successful
Version: 0.45-1
--------------------------------------------------------------------------------
Finished at 2020-02-24T23:29:29Z
Build needed 00:00:41, 1160k disk space
DC-Status: OK 43.230357641s
DC-Time-Estimation: 43.230357641 versus expected 185 (r/m: 3.2794001737460667 ; m: 43.230357641)
