DC-Build-Header: libdr-tarantool-perl 0.45-2 / 2020-02-25 19:04:59 +0000
DC-Task: type:rebuild-binarch-only source:libdr-tarantool-perl version:0.45-2 chroot:unstable esttime:52 logfile:/tmp/libdr-tarantool-perl_0.45-2_unstable_clang10.log modes:clang10:binarch-only
DC-Sbuild-call: su user42 -c 'sbuild -n --arch-any --apt-update -d unstable -v --no-run-lintian --chroot-setup-commands=/tmp/clang10 libdr-tarantool-perl_0.45-2'
sbuild (Debian sbuild) 0.78.1 (09 February 2019) on ip-172-31-4-163.eu-central-1.compute.internal

+==============================================================================+
| libdr-tarantool-perl 0.45-2 (amd64)          Tue, 25 Feb 2020 19:05:00 +0000 |
+==============================================================================+

Package: libdr-tarantool-perl
Version: 0.45-2
Source Version: 0.45-2
Distribution: unstable
Machine Architecture: amd64
Host Architecture: amd64
Build Architecture: amd64
Build Type: binary

I: NOTICE: Log filtering will replace 'var/run/schroot/mount/sid-amd64-sbuild-1002bcfc-eb13-48b1-81d6-e6ccb3d265f9' with '<<CHROOT>>'

+------------------------------------------------------------------------------+
| Chroot Setup Commands                                                        |
+------------------------------------------------------------------------------+


/tmp/clang10
------------

+ echo 'Entering customization script...'
Entering customization script...
+ CLANG_VERSION=10
+ echo 'Install of clang-10'
Install of clang-10
+ apt-get update
Get:1 http://127.0.0.1:12990/debian sid InRelease [142 kB]
Get:2 http://127.0.0.1:12990/debian sid/main Sources.diff/Index [27.9 kB]
Get:3 http://127.0.0.1:12990/debian sid/main amd64 Packages.diff/Index [27.9 kB]
Get:4 http://127.0.0.1:12990/debian sid/main Sources 2020-02-24-0823.32.pdiff [11.0 kB]
Get:5 http://127.0.0.1:12990/debian sid/main Sources 2020-02-24-1420.34.pdiff [30.2 kB]
Get:6 http://127.0.0.1:12990/debian sid/main Sources 2020-02-24-2014.03.pdiff [16.9 kB]
Get:7 http://127.0.0.1:12990/debian sid/main Sources 2020-02-25-0213.11.pdiff [23.2 kB]
Get:8 http://127.0.0.1:12990/debian sid/main Sources 2020-02-25-0815.22.pdiff [9222 B]
Get:9 http://127.0.0.1:12990/debian sid/main Sources 2020-02-25-1413.15.pdiff [16.3 kB]
Get:10 http://127.0.0.1:12990/debian sid/main amd64 Packages 2020-02-24-0823.32.pdiff [15.5 kB]
Get:11 http://127.0.0.1:12990/debian sid/main amd64 Packages 2020-02-24-1420.34.pdiff [27.5 kB]
Get:12 http://127.0.0.1:12990/debian sid/main amd64 Packages 2020-02-24-2014.03.pdiff [21.6 kB]
Get:13 http://127.0.0.1:12990/debian sid/main amd64 Packages 2020-02-25-0213.11.pdiff [35.0 kB]
Get:14 http://127.0.0.1:12990/debian sid/main amd64 Packages 2020-02-25-0815.22.pdiff [20.1 kB]
Get:15 http://127.0.0.1:12990/debian sid/main amd64 Packages 2020-02-25-1413.15.pdiff [18.4 kB]
Get:9 http://127.0.0.1:12990/debian sid/main Sources 2020-02-25-1413.15.pdiff [16.3 kB]
Get:15 http://127.0.0.1:12990/debian sid/main amd64 Packages 2020-02-25-1413.15.pdiff [18.4 kB]
Get:16 http://127.0.0.1:12990/debian sid/main Translation-en [6195 kB]
Fetched 6638 kB in 2s (3754 kB/s)
Reading package lists...
+ apt-get install --yes --no-install-recommends --force-yes clang-10 libomp-10-dev libobjc-9-dev
Reading package lists...
Building dependency tree...
The following additional packages will be installed:
  cpp-9 g++-9 gcc-9 gcc-9-base lib32gcc-s1 lib32gcc1 lib32stdc++6 libasan5
  libbsd0 libc6-i386 libclang-common-10-dev libclang-cpp10 libclang1-10
  libedit2 libgc1c2 libgcc-9-dev libllvm10 libobjc4 libomp5-10 libstdc++-9-dev
  libz3-4
Suggested packages:
  clang-10-doc gcc-9-locales g++-9-multilib gcc-9-doc gcc-9-multilib
  libomp-10-doc libstdc++-9-doc
Recommended packages:
  llvm-10-dev python3
The following NEW packages will be installed:
  clang-10 lib32gcc-s1 lib32gcc1 lib32stdc++6 libbsd0 libc6-i386
  libclang-common-10-dev libclang-cpp10 libclang1-10 libedit2 libgc1c2
  libllvm10 libobjc-9-dev libobjc4 libomp-10-dev libomp5-10 libz3-4
The following packages will be upgraded:
  cpp-9 g++-9 gcc-9 gcc-9-base libasan5 libgcc-9-dev libstdc++-9-dev
7 upgraded, 17 newly installed, 0 to remove and 3 not upgraded.
Need to get 81.5 MB of archives.
After this operation, 238 MB of additional disk space will be used.
Get:1 http://127.0.0.1:12990/debian sid/main amd64 libasan5 amd64 9.2.1-30 [389 kB]
Get:2 http://127.0.0.1:12990/debian sid/main amd64 g++-9 amd64 9.2.1-30 [10.7 MB]
Get:3 http://127.0.0.1:12990/debian sid/main amd64 gcc-9 amd64 9.2.1-30 [10.0 MB]
Get:4 http://127.0.0.1:12990/debian sid/main amd64 libstdc++-9-dev amd64 9.2.1-30 [1697 kB]
Get:5 http://127.0.0.1:12990/debian sid/main amd64 libgcc-9-dev amd64 9.2.1-30 [2349 kB]
Get:6 http://127.0.0.1:12990/debian sid/main amd64 cpp-9 amd64 9.2.1-30 [9711 kB]
Get:7 http://127.0.0.1:12990/debian sid/main amd64 gcc-9-base amd64 9.2.1-30 [196 kB]
Get:8 http://127.0.0.1:12990/debian sid/main amd64 libbsd0 amd64 0.10.0-1 [107 kB]
Get:9 http://127.0.0.1:12990/debian sid/main amd64 libedit2 amd64 3.1-20191231-1 [95.4 kB]
Get:10 http://127.0.0.1:12990/debian sid/main amd64 libz3-4 amd64 4.8.7-4 [6790 kB]
Get:11 http://127.0.0.1:12990/debian sid/main amd64 libllvm10 amd64 1:10.0.0~+rc2-1 [15.5 MB]
Get:12 http://127.0.0.1:12990/debian sid/main amd64 libclang-cpp10 amd64 1:10.0.0~+rc2-1 [9069 kB]
Get:13 http://127.0.0.1:12990/debian sid/main amd64 libgc1c2 amd64 1:7.6.4-0.4 [224 kB]
Get:14 http://127.0.0.1:12990/debian sid/main amd64 libobjc4 amd64 10-20200222-1 [41.6 kB]
Get:15 http://127.0.0.1:12990/debian sid/main amd64 libobjc-9-dev amd64 9.2.1-30 [219 kB]
Get:16 http://127.0.0.1:12990/debian sid/main amd64 libc6-i386 amd64 2.29-10 [2918 kB]
Get:17 http://127.0.0.1:12990/debian sid/main amd64 lib32gcc-s1 amd64 10-20200222-1 [49.4 kB]
Get:18 http://127.0.0.1:12990/debian sid/main amd64 lib32gcc1 amd64 1:10-20200222-1 [1104 B]
Get:19 http://127.0.0.1:12990/debian sid/main amd64 lib32stdc++6 amd64 10-20200222-1 [510 kB]
Get:20 http://127.0.0.1:12990/debian sid/main amd64 libclang-common-10-dev amd64 1:10.0.0~+rc2-1 [2782 kB]
Get:21 http://127.0.0.1:12990/debian sid/main amd64 libclang1-10 amd64 1:10.0.0~+rc2-1 [7607 kB]
Get:22 http://127.0.0.1:12990/debian sid/main amd64 clang-10 amd64 1:10.0.0~+rc2-1 [103 kB]
Get:23 http://127.0.0.1:12990/debian sid/main amd64 libomp5-10 amd64 1:10.0.0~+rc2-1 [337 kB]
Get:24 http://127.0.0.1:12990/debian sid/main amd64 libomp-10-dev amd64 1:10.0.0~+rc2-1 [84.3 kB]
debconf: delaying package configuration, since apt-utils is not installed
Fetched 81.5 MB in 1s (103 MB/s)
(Reading database ... (Reading database ... 5%(Reading database ... 10%(Reading database ... 15%(Reading database ... 20%(Reading database ... 25%(Reading database ... 30%(Reading database ... 35%(Reading database ... 40%(Reading database ... 45%(Reading database ... 50%(Reading database ... 55%(Reading database ... 60%(Reading database ... 65%(Reading database ... 70%(Reading database ... 75%(Reading database ... 80%(Reading database ... 85%(Reading database ... 90%(Reading database ... 95%(Reading database ... 100%(Reading database ... 12119 files and directories currently installed.)
Preparing to unpack .../00-libasan5_9.2.1-30_amd64.deb ...
Unpacking libasan5:amd64 (9.2.1-30) over (9.2.1-29) ...
Preparing to unpack .../01-g++-9_9.2.1-30_amd64.deb ...
Unpacking g++-9 (9.2.1-30) over (9.2.1-29) ...
Preparing to unpack .../02-gcc-9_9.2.1-30_amd64.deb ...
Unpacking gcc-9 (9.2.1-30) over (9.2.1-29) ...
Preparing to unpack .../03-libstdc++-9-dev_9.2.1-30_amd64.deb ...
Unpacking libstdc++-9-dev:amd64 (9.2.1-30) over (9.2.1-29) ...
Preparing to unpack .../04-libgcc-9-dev_9.2.1-30_amd64.deb ...
Unpacking libgcc-9-dev:amd64 (9.2.1-30) over (9.2.1-29) ...
Preparing to unpack .../05-cpp-9_9.2.1-30_amd64.deb ...
Unpacking cpp-9 (9.2.1-30) over (9.2.1-29) ...
Preparing to unpack .../06-gcc-9-base_9.2.1-30_amd64.deb ...
Unpacking gcc-9-base:amd64 (9.2.1-30) over (9.2.1-29) ...
Selecting previously unselected package libbsd0:amd64.
Preparing to unpack .../07-libbsd0_0.10.0-1_amd64.deb ...
Unpacking libbsd0:amd64 (0.10.0-1) ...
Selecting previously unselected package libedit2:amd64.
Preparing to unpack .../08-libedit2_3.1-20191231-1_amd64.deb ...
Unpacking libedit2:amd64 (3.1-20191231-1) ...
Selecting previously unselected package libz3-4:amd64.
Preparing to unpack .../09-libz3-4_4.8.7-4_amd64.deb ...
Unpacking libz3-4:amd64 (4.8.7-4) ...
Selecting previously unselected package libllvm10:amd64.
Preparing to unpack .../10-libllvm10_1%3a10.0.0~+rc2-1_amd64.deb ...
Unpacking libllvm10:amd64 (1:10.0.0~+rc2-1) ...
Selecting previously unselected package libclang-cpp10.
Preparing to unpack .../11-libclang-cpp10_1%3a10.0.0~+rc2-1_amd64.deb ...
Unpacking libclang-cpp10 (1:10.0.0~+rc2-1) ...
Selecting previously unselected package libgc1c2:amd64.
Preparing to unpack .../12-libgc1c2_1%3a7.6.4-0.4_amd64.deb ...
Unpacking libgc1c2:amd64 (1:7.6.4-0.4) ...
Selecting previously unselected package libobjc4:amd64.
Preparing to unpack .../13-libobjc4_10-20200222-1_amd64.deb ...
Unpacking libobjc4:amd64 (10-20200222-1) ...
Selecting previously unselected package libobjc-9-dev:amd64.
Preparing to unpack .../14-libobjc-9-dev_9.2.1-30_amd64.deb ...
Unpacking libobjc-9-dev:amd64 (9.2.1-30) ...
Selecting previously unselected package libc6-i386.
Preparing to unpack .../15-libc6-i386_2.29-10_amd64.deb ...
Unpacking libc6-i386 (2.29-10) ...
Selecting previously unselected package lib32gcc-s1.
Preparing to unpack .../16-lib32gcc-s1_10-20200222-1_amd64.deb ...
Unpacking lib32gcc-s1 (10-20200222-1) ...
Selecting previously unselected package lib32gcc1.
Preparing to unpack .../17-lib32gcc1_1%3a10-20200222-1_amd64.deb ...
Unpacking lib32gcc1 (1:10-20200222-1) ...
Selecting previously unselected package lib32stdc++6.
Preparing to unpack .../18-lib32stdc++6_10-20200222-1_amd64.deb ...
Unpacking lib32stdc++6 (10-20200222-1) ...
Selecting previously unselected package libclang-common-10-dev.
Preparing to unpack .../19-libclang-common-10-dev_1%3a10.0.0~+rc2-1_amd64.deb ...
Unpacking libclang-common-10-dev (1:10.0.0~+rc2-1) ...
Selecting previously unselected package libclang1-10.
Preparing to unpack .../20-libclang1-10_1%3a10.0.0~+rc2-1_amd64.deb ...
Unpacking libclang1-10 (1:10.0.0~+rc2-1) ...
Selecting previously unselected package clang-10.
Preparing to unpack .../21-clang-10_1%3a10.0.0~+rc2-1_amd64.deb ...
Unpacking clang-10 (1:10.0.0~+rc2-1) ...
Selecting previously unselected package libomp5-10:amd64.
Preparing to unpack .../22-libomp5-10_1%3a10.0.0~+rc2-1_amd64.deb ...
Unpacking libomp5-10:amd64 (1:10.0.0~+rc2-1) ...
Selecting previously unselected package libomp-10-dev.
Preparing to unpack .../23-libomp-10-dev_1%3a10.0.0~+rc2-1_amd64.deb ...
Unpacking libomp-10-dev (1:10.0.0~+rc2-1) ...
Setting up libgc1c2:amd64 (1:7.6.4-0.4) ...
Setting up libobjc4:amd64 (10-20200222-1) ...
Setting up libz3-4:amd64 (4.8.7-4) ...
Setting up libomp5-10:amd64 (1:10.0.0~+rc2-1) ...
Setting up libc6-i386 (2.29-10) ...
Setting up libbsd0:amd64 (0.10.0-1) ...
Setting up gcc-9-base:amd64 (9.2.1-30) ...
Setting up libomp-10-dev (1:10.0.0~+rc2-1) ...
Setting up libedit2:amd64 (3.1-20191231-1) ...
Setting up libllvm10:amd64 (1:10.0.0~+rc2-1) ...
Setting up libasan5:amd64 (9.2.1-30) ...
Setting up lib32gcc-s1 (10-20200222-1) ...
Setting up libclang1-10 (1:10.0.0~+rc2-1) ...
Setting up cpp-9 (9.2.1-30) ...
Setting up lib32gcc1 (1:10-20200222-1) ...
Setting up libclang-cpp10 (1:10.0.0~+rc2-1) ...
Setting up libgcc-9-dev:amd64 (9.2.1-30) ...
Setting up lib32stdc++6 (10-20200222-1) ...
Setting up libobjc-9-dev:amd64 (9.2.1-30) ...
Setting up gcc-9 (9.2.1-30) ...
Setting up libstdc++-9-dev:amd64 (9.2.1-30) ...
Setting up libclang-common-10-dev (1:10.0.0~+rc2-1) ...
Setting up g++-9 (9.2.1-30) ...
Setting up clang-10 (1:10.0.0~+rc2-1) ...
Processing triggers for libc-bin (2.29-10) ...
W: --force-yes is deprecated, use one of the options starting with --allow instead.
+ echo 'Replace gcc, g++ & cpp by clang'
Replace gcc, g++ & cpp by clang
+ VERSIONS='4.6 4.7 4.8 4.9 5 6 7 8 9 10'
+ cd /usr/bin
+ for VERSION in $VERSIONS
+ rm -f g++-4.6 gcc-4.6 cpp-4.6 gcc
+ ln -s clang++-10 g++-4.6
+ ln -s clang-10 gcc-4.6
+ ln -s clang-10 cpp-4.6
+ ln -s clang-10 gcc
+ echo 'gcc-4.6 hold'
+ dpkg --set-selections
dpkg: warning: package not in status nor available database at line 1: gcc-4.6
dpkg: warning: found unknown packages; this might mean the available database
is outdated, and needs to be updated through a frontend method;
please see the FAQ <https://wiki.debian.org/Teams/Dpkg/FAQ>
+ echo 'g++-4.6 hold'
+ dpkg --set-selections
dpkg: warning: package not in status nor available database at line 1: g++-4.6
dpkg: warning: found unknown packages; this might mean the available database
is outdated, and needs to be updated through a frontend method;
please see the FAQ <https://wiki.debian.org/Teams/Dpkg/FAQ>
+ for VERSION in $VERSIONS
+ rm -f g++-4.7 gcc-4.7 cpp-4.7 gcc
+ ln -s clang++-10 g++-4.7
+ ln -s clang-10 gcc-4.7
+ ln -s clang-10 cpp-4.7
+ ln -s clang-10 gcc
+ echo 'gcc-4.7 hold'
+ dpkg --set-selections
dpkg: warning: package not in status nor available database at line 1: gcc-4.7
dpkg: warning: found unknown packages; this might mean the available database
is outdated, and needs to be updated through a frontend method;
please see the FAQ <https://wiki.debian.org/Teams/Dpkg/FAQ>
+ echo 'g++-4.7 hold'
+ dpkg --set-selections
dpkg: warning: package not in status nor available database at line 1: g++-4.7
dpkg: warning: found unknown packages; this might mean the available database
is outdated, and needs to be updated through a frontend method;
please see the FAQ <https://wiki.debian.org/Teams/Dpkg/FAQ>
+ for VERSION in $VERSIONS
+ rm -f g++-4.8 gcc-4.8 cpp-4.8 gcc
+ ln -s clang++-10 g++-4.8
+ ln -s clang-10 gcc-4.8
+ ln -s clang-10 cpp-4.8
+ ln -s clang-10 gcc
+ echo 'gcc-4.8 hold'
+ dpkg --set-selections
dpkg: warning: package not in status nor available database at line 1: gcc-4.8
dpkg: warning: found unknown packages; this might mean the available database
is outdated, and needs to be updated through a frontend method;
please see the FAQ <https://wiki.debian.org/Teams/Dpkg/FAQ>
+ echo 'g++-4.8 hold'
+ dpkg --set-selections
dpkg: warning: package not in status nor available database at line 1: g++-4.8
dpkg: warning: found unknown packages; this might mean the available database
is outdated, and needs to be updated through a frontend method;
please see the FAQ <https://wiki.debian.org/Teams/Dpkg/FAQ>
+ for VERSION in $VERSIONS
+ rm -f g++-4.9 gcc-4.9 cpp-4.9 gcc
+ ln -s clang++-10 g++-4.9
+ ln -s clang-10 gcc-4.9
+ ln -s clang-10 cpp-4.9
+ ln -s clang-10 gcc
+ echo 'gcc-4.9 hold'
+ dpkg --set-selections
dpkg: warning: package not in status nor available database at line 1: gcc-4.9
dpkg: warning: found unknown packages; this might mean the available database
is outdated, and needs to be updated through a frontend method;
please see the FAQ <https://wiki.debian.org/Teams/Dpkg/FAQ>
+ echo 'g++-4.9 hold'
+ dpkg --set-selections
dpkg: warning: package not in status nor available database at line 1: g++-4.9
dpkg: warning: found unknown packages; this might mean the available database
is outdated, and needs to be updated through a frontend method;
please see the FAQ <https://wiki.debian.org/Teams/Dpkg/FAQ>
+ for VERSION in $VERSIONS
+ rm -f g++-5 gcc-5 cpp-5 gcc
+ ln -s clang++-10 g++-5
+ ln -s clang-10 gcc-5
+ ln -s clang-10 cpp-5
+ ln -s clang-10 gcc
+ echo 'gcc-5 hold'
+ dpkg --set-selections
dpkg: warning: package not in status nor available database at line 1: gcc-5
dpkg: warning: found unknown packages; this might mean the available database
is outdated, and needs to be updated through a frontend method;
please see the FAQ <https://wiki.debian.org/Teams/Dpkg/FAQ>
+ echo 'g++-5 hold'
+ dpkg --set-selections
dpkg: warning: package not in status nor available database at line 1: g++-5
dpkg: warning: found unknown packages; this might mean the available database
is outdated, and needs to be updated through a frontend method;
please see the FAQ <https://wiki.debian.org/Teams/Dpkg/FAQ>
+ for VERSION in $VERSIONS
+ rm -f g++-6 gcc-6 cpp-6 gcc
+ ln -s clang++-10 g++-6
+ ln -s clang-10 gcc-6
+ ln -s clang-10 cpp-6
+ ln -s clang-10 gcc
+ echo 'gcc-6 hold'
+ dpkg --set-selections
dpkg: warning: package not in status nor available database at line 1: gcc-6
dpkg: warning: found unknown packages; this might mean the available database
is outdated, and needs to be updated through a frontend method;
please see the FAQ <https://wiki.debian.org/Teams/Dpkg/FAQ>
+ echo 'g++-6 hold'
+ dpkg --set-selections
dpkg: warning: package not in status nor available database at line 1: g++-6
dpkg: warning: found unknown packages; this might mean the available database
is outdated, and needs to be updated through a frontend method;
please see the FAQ <https://wiki.debian.org/Teams/Dpkg/FAQ>
+ for VERSION in $VERSIONS
+ rm -f g++-7 gcc-7 cpp-7 gcc
+ ln -s clang++-10 g++-7
+ ln -s clang-10 gcc-7
+ ln -s clang-10 cpp-7
+ ln -s clang-10 gcc
+ echo 'gcc-7 hold'
+ dpkg --set-selections
dpkg: warning: package not in status nor available database at line 1: gcc-7
dpkg: warning: found unknown packages; this might mean the available database
is outdated, and needs to be updated through a frontend method;
please see the FAQ <https://wiki.debian.org/Teams/Dpkg/FAQ>
+ echo 'g++-7 hold'
+ dpkg --set-selections
dpkg: warning: package not in status nor available database at line 1: g++-7
dpkg: warning: found unknown packages; this might mean the available database
is outdated, and needs to be updated through a frontend method;
please see the FAQ <https://wiki.debian.org/Teams/Dpkg/FAQ>
+ for VERSION in $VERSIONS
+ rm -f g++-8 gcc-8 cpp-8 gcc
+ ln -s clang++-10 g++-8
+ ln -s clang-10 gcc-8
+ ln -s clang-10 cpp-8
+ ln -s clang-10 gcc
+ echo 'gcc-8 hold'
+ dpkg --set-selections
dpkg: warning: package not in status nor available database at line 1: gcc-8
dpkg: warning: found unknown packages; this might mean the available database
is outdated, and needs to be updated through a frontend method;
please see the FAQ <https://wiki.debian.org/Teams/Dpkg/FAQ>
+ echo 'g++-8 hold'
+ dpkg --set-selections
dpkg: warning: package not in status nor available database at line 1: g++-8
dpkg: warning: found unknown packages; this might mean the available database
is outdated, and needs to be updated through a frontend method;
please see the FAQ <https://wiki.debian.org/Teams/Dpkg/FAQ>
+ for VERSION in $VERSIONS
+ rm -f g++-9 gcc-9 cpp-9 gcc
+ ln -s clang++-10 g++-9
+ ln -s clang-10 gcc-9
+ ln -s clang-10 cpp-9
+ ln -s clang-10 gcc
+ echo 'gcc-9 hold'
+ dpkg --set-selections
+ echo 'g++-9 hold'
+ dpkg --set-selections
+ for VERSION in $VERSIONS
+ rm -f g++-10 gcc-10 cpp-10 gcc
+ ln -s clang++-10 g++-10
+ ln -s clang-10 gcc-10
+ ln -s clang-10 cpp-10
+ ln -s clang-10 gcc
+ echo 'gcc-10 hold'
+ dpkg --set-selections
dpkg: warning: package not in status nor available database at line 1: gcc-10
dpkg: warning: found unknown packages; this might mean the available database
is outdated, and needs to be updated through a frontend method;
please see the FAQ <https://wiki.debian.org/Teams/Dpkg/FAQ>
+ echo 'g++-10 hold'
+ dpkg --set-selections
dpkg: warning: package not in status nor available database at line 1: g++-10
dpkg: warning: found unknown packages; this might mean the available database
is outdated, and needs to be updated through a frontend method;
please see the FAQ <https://wiki.debian.org/Teams/Dpkg/FAQ>
+ cd -
/build/libdr-tarantool-perl-PqZTLW
+ echo 'Check if gcc, g++ & cpp are actually clang'
Check if gcc, g++ & cpp are actually clang
+ gcc --version
+ grep clang
+ cpp --version
+ grep clang
+ g++ --version
+ grep clang

I: Finished running '/tmp/clang10'.

Finished processing commands.
--------------------------------------------------------------------------------
I: NOTICE: Log filtering will replace 'build/libdr-tarantool-perl-PqZTLW/resolver-aby7fk' with '<<RESOLVERDIR>>'

+------------------------------------------------------------------------------+
| Update chroot                                                                |
+------------------------------------------------------------------------------+

Hit:1 http://127.0.0.1:12990/debian sid InRelease
Reading package lists...
Reading package lists...
Building dependency tree...
Reading state information...
Calculating upgrade...
The following packages will be upgraded:
  bash libgmp10 zlib1g
3 upgraded, 0 newly installed, 0 to remove and 0 not upgraded.
Need to get 1722 kB of archives.
After this operation, 4096 B of additional disk space will be used.
Get:1 http://127.0.0.1:12990/debian sid/main amd64 bash amd64 5.0-6 [1379 kB]
Get:2 http://127.0.0.1:12990/debian sid/main amd64 libgmp10 amd64 2:6.2.0+dfsg-4 [253 kB]
Get:3 http://127.0.0.1:12990/debian sid/main amd64 zlib1g amd64 1:1.2.11.dfsg-2 [90.4 kB]
debconf: delaying package configuration, since apt-utils is not installed
Fetched 1722 kB in 0s (29.7 MB/s)
(Reading database ... (Reading database ... 5%(Reading database ... 10%(Reading database ... 15%(Reading database ... 20%(Reading database ... 25%(Reading database ... 30%(Reading database ... 35%(Reading database ... 40%(Reading database ... 45%(Reading database ... 50%(Reading database ... 55%(Reading database ... 60%(Reading database ... 65%(Reading database ... 70%(Reading database ... 75%(Reading database ... 80%(Reading database ... 85%(Reading database ... 90%(Reading database ... 95%(Reading database ... 100%(Reading database ... 12960 files and directories currently installed.)
Preparing to unpack .../archives/bash_5.0-6_amd64.deb ...
Unpacking bash (5.0-6) over (5.0-5) ...
Setting up bash (5.0-6) ...
update-alternatives: using /usr/share/man/man7/bash-builtins.7.gz to provide /usr/share/man/man7/builtins.7.gz (builtins.7.gz) in auto mode
(Reading database ... (Reading database ... 5%(Reading database ... 10%(Reading database ... 15%(Reading database ... 20%(Reading database ... 25%(Reading database ... 30%(Reading database ... 35%(Reading database ... 40%(Reading database ... 45%(Reading database ... 50%(Reading database ... 55%(Reading database ... 60%(Reading database ... 65%(Reading database ... 70%(Reading database ... 75%(Reading database ... 80%(Reading database ... 85%(Reading database ... 90%(Reading database ... 95%(Reading database ... 100%(Reading database ... 12960 files and directories currently installed.)
Preparing to unpack .../libgmp10_2%3a6.2.0+dfsg-4_amd64.deb ...
Unpacking libgmp10:amd64 (2:6.2.0+dfsg-4) over (2:6.2.0+dfsg-3) ...
Setting up libgmp10:amd64 (2:6.2.0+dfsg-4) ...
(Reading database ... (Reading database ... 5%(Reading database ... 10%(Reading database ... 15%(Reading database ... 20%(Reading database ... 25%(Reading database ... 30%(Reading database ... 35%(Reading database ... 40%(Reading database ... 45%(Reading database ... 50%(Reading database ... 55%(Reading database ... 60%(Reading database ... 65%(Reading database ... 70%(Reading database ... 75%(Reading database ... 80%(Reading database ... 85%(Reading database ... 90%(Reading database ... 95%(Reading database ... 100%(Reading database ... 12960 files and directories currently installed.)
Preparing to unpack .../zlib1g_1%3a1.2.11.dfsg-2_amd64.deb ...
Unpacking zlib1g:amd64 (1:1.2.11.dfsg-2) over (1:1.2.11.dfsg-1.2) ...
Setting up zlib1g:amd64 (1:1.2.11.dfsg-2) ...
Processing triggers for libc-bin (2.29-10) ...

+------------------------------------------------------------------------------+
| Fetch source files                                                           |
+------------------------------------------------------------------------------+


Check APT
---------

Checking available source versions...

Download source files with APT
------------------------------

Reading package lists...
Need to get 95.4 kB of source archives.
Get:1 http://127.0.0.1:12990/debian sid/main libdr-tarantool-perl 0.45-2 (dsc) [2017 B]
Get:2 http://127.0.0.1:12990/debian sid/main libdr-tarantool-perl 0.45-2 (tar) [89.3 kB]
Get:3 http://127.0.0.1:12990/debian sid/main libdr-tarantool-perl 0.45-2 (diff) [4096 B]
Fetched 95.4 kB in 0s (1227 kB/s)
Download complete and in download only mode
I: NOTICE: Log filtering will replace 'build/libdr-tarantool-perl-PqZTLW/libdr-tarantool-perl-0.45' with '<<PKGBUILDDIR>>'
I: NOTICE: Log filtering will replace 'build/libdr-tarantool-perl-PqZTLW' with '<<BUILDDIR>>'

+------------------------------------------------------------------------------+
| Install package build dependencies                                           |
+------------------------------------------------------------------------------+


Setup apt archive
-----------------

Merged Build-Depends: debhelper (>= 7), cdbs, libanyevent-perl, libdevel-globaldestruction-perl, libjson-xs-perl, tarantool-lts | tarantool (<< 1.6), aspell-en, libtest-spelling-perl, liblist-moreutils-perl, build-essential, fakeroot
Filtered Build-Depends: debhelper (>= 7), cdbs, libanyevent-perl, libdevel-globaldestruction-perl, libjson-xs-perl, tarantool-lts, aspell-en, libtest-spelling-perl, liblist-moreutils-perl, build-essential, fakeroot
dpkg-deb: building package 'sbuild-build-depends-main-dummy' in '/<<RESOLVERDIR>>/apt_archive/sbuild-build-depends-main-dummy.deb'.
Ign:1 copy:/<<RESOLVERDIR>>/apt_archive ./ InRelease
Get:2 copy:/<<RESOLVERDIR>>/apt_archive ./ Release [957 B]
Ign:3 copy:/<<RESOLVERDIR>>/apt_archive ./ Release.gpg
Get:4 copy:/<<RESOLVERDIR>>/apt_archive ./ Sources [450 B]
Get:5 copy:/<<RESOLVERDIR>>/apt_archive ./ Packages [520 B]
Fetched 1927 B in 0s (0 B/s)
Reading package lists...
Reading package lists...

Install main build dependencies (apt-based resolver)
----------------------------------------------------

Installing build dependencies
Reading package lists...
Building dependency tree...
Reading state information...
The following additional packages will be installed:
  aspell aspell-en autoconf automake autopoint autotools-dev bsdmainutils cdbs
  debhelper dh-autoreconf dh-strip-nondeterminism dictionaries-common dwz
  emacsen-common file gettext gettext-base groff-base intltool-debian
  libanyevent-perl libarchive-zip-perl libaspell15 libclass-inspector-perl
  libclass-tiny-perl libcommon-sense-perl libcroco3 libdebhelper-perl
  libdevel-globaldestruction-perl libelf1 libexporter-tiny-perl
  libfile-sharedir-perl libfile-stripnondeterminism-perl libglib2.0-0 libicu63
  libipc-run3-perl libjson-xs-perl liblingua-en-inflect-perl
  liblist-moreutils-perl libmagic-mgc libmagic1 libpath-tiny-perl libpipeline1
  libpod-spell-perl libsigsegv2 libsub-exporter-progressive-perl
  libsub-override-perl libtest-spelling-perl libtext-iconv-perl libtool
  libtypes-serialiser-perl libuchardet0 libxml2 m4 man-db po-debconf
  sensible-utils tarantool-lts
Suggested packages:
  aspell-doc spellutils autoconf-archive gnu-standards autoconf-doc wamerican
  | wordlist whois vacation devscripts dh-make wordlist gettext-doc
  libasprintf-dev libgettextpo-dev groff libev-perl libevent-perl
  libio-async-perl libnet-ssleay-perl libpoe-perl libtask-weaken-perl
  libtool-doc gfortran | fortran95-compiler gcj-jdk m4-doc apparmor less
  www-browser libmail-box-perl tarantool-lts-client libdr-tarantool-perl
Recommended packages:
  curl | wget | lynx libasync-interrupt-perl libev-perl | libevent-perl
  libguard-perl libarchive-cpio-perl libglib2.0-data shared-mime-info
  xdg-user-dirs libunicode-utf8-perl libltdl-dev libmail-sendmail-perl
  tarantool-lts-common
The following NEW packages will be installed:
  aspell aspell-en autoconf automake autopoint autotools-dev bsdmainutils cdbs
  debhelper dh-autoreconf dh-strip-nondeterminism dictionaries-common dwz
  emacsen-common file gettext gettext-base groff-base intltool-debian
  libanyevent-perl libarchive-zip-perl libaspell15 libclass-inspector-perl
  libclass-tiny-perl libcommon-sense-perl libcroco3 libdebhelper-perl
  libdevel-globaldestruction-perl libelf1 libexporter-tiny-perl
  libfile-sharedir-perl libfile-stripnondeterminism-perl libglib2.0-0 libicu63
  libipc-run3-perl libjson-xs-perl liblingua-en-inflect-perl
  liblist-moreutils-perl libmagic-mgc libmagic1 libpath-tiny-perl libpipeline1
  libpod-spell-perl libsigsegv2 libsub-exporter-progressive-perl
  libsub-override-perl libtest-spelling-perl libtext-iconv-perl libtool
  libtypes-serialiser-perl libuchardet0 libxml2 m4 man-db po-debconf
  sbuild-build-depends-main-dummy sensible-utils tarantool-lts
0 upgraded, 58 newly installed, 0 to remove and 0 not upgraded.
Need to get 22.6 MB of archives.
After this operation, 82.5 MB of additional disk space will be used.
Get:1 copy:/<<RESOLVERDIR>>/apt_archive ./ sbuild-build-depends-main-dummy 0.invalid.0 [944 B]
Get:2 http://127.0.0.1:12990/debian sid/main amd64 bsdmainutils amd64 11.1.2+b1 [191 kB]
Get:3 http://127.0.0.1:12990/debian sid/main amd64 libuchardet0 amd64 0.0.6-3 [64.9 kB]
Get:4 http://127.0.0.1:12990/debian sid/main amd64 groff-base amd64 1.22.4-4 [919 kB]
Get:5 http://127.0.0.1:12990/debian sid/main amd64 libpipeline1 amd64 1.5.2-2 [33.9 kB]
Get:6 http://127.0.0.1:12990/debian sid/main amd64 man-db amd64 2.9.0-2 [1307 kB]
Get:7 http://127.0.0.1:12990/debian sid/main amd64 sensible-utils all 0.0.12+nmu1 [16.0 kB]
Get:8 http://127.0.0.1:12990/debian sid/main amd64 libmagic-mgc amd64 1:5.38-4 [262 kB]
Get:9 http://127.0.0.1:12990/debian sid/main amd64 libmagic1 amd64 1:5.38-4 [120 kB]
Get:10 http://127.0.0.1:12990/debian sid/main amd64 file amd64 1:5.38-4 [67.9 kB]
Get:11 http://127.0.0.1:12990/debian sid/main amd64 gettext-base amd64 0.19.8.1-10 [123 kB]
Get:12 http://127.0.0.1:12990/debian sid/main amd64 libaspell15 amd64 0.60.8-1 [352 kB]
Get:13 http://127.0.0.1:12990/debian sid/main amd64 libtext-iconv-perl amd64 1.7-7 [15.8 kB]
Get:14 http://127.0.0.1:12990/debian sid/main amd64 emacsen-common all 3.0.4 [19.3 kB]
Get:15 http://127.0.0.1:12990/debian sid/main amd64 dictionaries-common all 1.28.1 [239 kB]
Get:16 http://127.0.0.1:12990/debian sid/main amd64 aspell amd64 0.60.8-1 [266 kB]
Get:17 http://127.0.0.1:12990/debian sid/main amd64 aspell-en all 2018.04.16-0-1 [301 kB]
Get:18 http://127.0.0.1:12990/debian sid/main amd64 libsigsegv2 amd64 2.12-2 [32.8 kB]
Get:19 http://127.0.0.1:12990/debian sid/main amd64 m4 amd64 1.4.18-4 [203 kB]
Get:20 http://127.0.0.1:12990/debian sid/main amd64 autoconf all 2.69-11.1 [341 kB]
Get:21 http://127.0.0.1:12990/debian sid/main amd64 autotools-dev all 20180224.1 [77.0 kB]
Get:22 http://127.0.0.1:12990/debian sid/main amd64 automake all 1:1.16.1-4 [771 kB]
Get:23 http://127.0.0.1:12990/debian sid/main amd64 autopoint all 0.19.8.1-10 [435 kB]
Get:24 http://127.0.0.1:12990/debian sid/main amd64 cdbs all 0.4.159 [83.7 kB]
Get:25 http://127.0.0.1:12990/debian sid/main amd64 libtool all 2.4.6-13 [513 kB]
Get:26 http://127.0.0.1:12990/debian sid/main amd64 dh-autoreconf all 19 [16.9 kB]
Get:27 http://127.0.0.1:12990/debian sid/main amd64 libdebhelper-perl all 12.9 [183 kB]
Get:28 http://127.0.0.1:12990/debian sid/main amd64 libarchive-zip-perl all 1.67-1 [104 kB]
Get:29 http://127.0.0.1:12990/debian sid/main amd64 libsub-override-perl all 0.09-2 [10.2 kB]
Get:30 http://127.0.0.1:12990/debian sid/main amd64 libfile-stripnondeterminism-perl all 1.6.3-2 [23.7 kB]
Get:31 http://127.0.0.1:12990/debian sid/main amd64 dh-strip-nondeterminism all 1.6.3-2 [14.7 kB]
Get:32 http://127.0.0.1:12990/debian sid/main amd64 libelf1 amd64 0.176-1.1 [161 kB]
Get:33 http://127.0.0.1:12990/debian sid/main amd64 dwz amd64 0.13-5 [151 kB]
Get:34 http://127.0.0.1:12990/debian sid/main amd64 libglib2.0-0 amd64 2.62.4-2 [1319 kB]
Get:35 http://127.0.0.1:12990/debian sid/main amd64 libicu63 amd64 63.2-2 [8301 kB]
Get:36 http://127.0.0.1:12990/debian sid/main amd64 libxml2 amd64 2.9.10+dfsg-3 [709 kB]
Get:37 http://127.0.0.1:12990/debian sid/main amd64 libcroco3 amd64 0.6.13-1 [146 kB]
Get:38 http://127.0.0.1:12990/debian sid/main amd64 gettext amd64 0.19.8.1-10 [1303 kB]
Get:39 http://127.0.0.1:12990/debian sid/main amd64 intltool-debian all 0.35.0+20060710.5 [26.8 kB]
Get:40 http://127.0.0.1:12990/debian sid/main amd64 po-debconf all 1.0.21 [248 kB]
Get:41 http://127.0.0.1:12990/debian sid/main amd64 debhelper all 12.9 [994 kB]
Get:42 http://127.0.0.1:12990/debian sid/main amd64 libanyevent-perl amd64 7.170-1 [399 kB]
Get:43 http://127.0.0.1:12990/debian sid/main amd64 libclass-inspector-perl all 1.36-1 [19.6 kB]
Get:44 http://127.0.0.1:12990/debian sid/main amd64 libclass-tiny-perl all 1.006-1 [18.8 kB]
Get:45 http://127.0.0.1:12990/debian sid/main amd64 libcommon-sense-perl amd64 3.74-2+b8 [24.1 kB]
Get:46 http://127.0.0.1:12990/debian sid/main amd64 libsub-exporter-progressive-perl all 0.001013-1 [7588 B]
Get:47 http://127.0.0.1:12990/debian sid/main amd64 libdevel-globaldestruction-perl all 0.14-1 [8084 B]
Get:48 http://127.0.0.1:12990/debian sid/main amd64 libexporter-tiny-perl all 1.002001-1 [36.9 kB]
Get:49 http://127.0.0.1:12990/debian sid/main amd64 libfile-sharedir-perl all 1.116-2 [16.7 kB]
Get:50 http://127.0.0.1:12990/debian sid/main amd64 libipc-run3-perl all 0.048-2 [34.2 kB]
Get:51 http://127.0.0.1:12990/debian sid/main amd64 libtypes-serialiser-perl all 1.0-1 [12.7 kB]
Get:52 http://127.0.0.1:12990/debian sid/main amd64 libjson-xs-perl amd64 4.020-1+b1 [94.0 kB]
Get:53 http://127.0.0.1:12990/debian sid/main amd64 liblingua-en-inflect-perl all 1.904-1 [53.8 kB]
Get:54 http://127.0.0.1:12990/debian sid/main amd64 liblist-moreutils-perl amd64 0.416-1+b5 [63.6 kB]
Get:55 http://127.0.0.1:12990/debian sid/main amd64 libpath-tiny-perl all 0.108-1 [53.3 kB]
Get:56 http://127.0.0.1:12990/debian sid/main amd64 libpod-spell-perl all 1.20-1 [33.1 kB]
Get:57 http://127.0.0.1:12990/debian sid/main amd64 libtest-spelling-perl all 0.25-1 [15.6 kB]
Get:58 http://127.0.0.1:12990/debian sid/main amd64 tarantool-lts amd64 1.5.5.37.g1687c02-1+b3 [1277 kB]
debconf: delaying package configuration, since apt-utils is not installed
Fetched 22.6 MB in 0s (50.6 MB/s)
Selecting previously unselected package bsdmainutils.
(Reading database ... 12960 files and directories currently installed.)
Preparing to unpack .../00-bsdmainutils_11.1.2+b1_amd64.deb ...
Unpacking bsdmainutils (11.1.2+b1) ...
Selecting previously unselected package libuchardet0:amd64.
Preparing to unpack .../01-libuchardet0_0.0.6-3_amd64.deb ...
Unpacking libuchardet0:amd64 (0.0.6-3) ...
Selecting previously unselected package groff-base.
Preparing to unpack .../02-groff-base_1.22.4-4_amd64.deb ...
Unpacking groff-base (1.22.4-4) ...
Selecting previously unselected package libpipeline1:amd64.
Preparing to unpack .../03-libpipeline1_1.5.2-2_amd64.deb ...
Unpacking libpipeline1:amd64 (1.5.2-2) ...
Selecting previously unselected package man-db.
Preparing to unpack .../04-man-db_2.9.0-2_amd64.deb ...
Unpacking man-db (2.9.0-2) ...
Selecting previously unselected package sensible-utils.
Preparing to unpack .../05-sensible-utils_0.0.12+nmu1_all.deb ...
Unpacking sensible-utils (0.0.12+nmu1) ...
Selecting previously unselected package libmagic-mgc.
Preparing to unpack .../06-libmagic-mgc_1%3a5.38-4_amd64.deb ...
Unpacking libmagic-mgc (1:5.38-4) ...
Selecting previously unselected package libmagic1:amd64.
Preparing to unpack .../07-libmagic1_1%3a5.38-4_amd64.deb ...
Unpacking libmagic1:amd64 (1:5.38-4) ...
Selecting previously unselected package file.
Preparing to unpack .../08-file_1%3a5.38-4_amd64.deb ...
Unpacking file (1:5.38-4) ...
Selecting previously unselected package gettext-base.
Preparing to unpack .../09-gettext-base_0.19.8.1-10_amd64.deb ...
Unpacking gettext-base (0.19.8.1-10) ...
Selecting previously unselected package libaspell15:amd64.
Preparing to unpack .../10-libaspell15_0.60.8-1_amd64.deb ...
Unpacking libaspell15:amd64 (0.60.8-1) ...
Selecting previously unselected package libtext-iconv-perl.
Preparing to unpack .../11-libtext-iconv-perl_1.7-7_amd64.deb ...
Unpacking libtext-iconv-perl (1.7-7) ...
Selecting previously unselected package emacsen-common.
Preparing to unpack .../12-emacsen-common_3.0.4_all.deb ...
Unpacking emacsen-common (3.0.4) ...
Selecting previously unselected package dictionaries-common.
Preparing to unpack .../13-dictionaries-common_1.28.1_all.deb ...
Adding 'diversion of /usr/share/dict/words to /usr/share/dict/words.pre-dictionaries-common by dictionaries-common'
Unpacking dictionaries-common (1.28.1) ...
Selecting previously unselected package aspell.
Preparing to unpack .../14-aspell_0.60.8-1_amd64.deb ...
Unpacking aspell (0.60.8-1) ...
Selecting previously unselected package aspell-en.
Preparing to unpack .../15-aspell-en_2018.04.16-0-1_all.deb ...
Unpacking aspell-en (2018.04.16-0-1) ...
Selecting previously unselected package libsigsegv2:amd64.
Preparing to unpack .../16-libsigsegv2_2.12-2_amd64.deb ...
Unpacking libsigsegv2:amd64 (2.12-2) ...
Selecting previously unselected package m4.
Preparing to unpack .../17-m4_1.4.18-4_amd64.deb ...
Unpacking m4 (1.4.18-4) ...
Selecting previously unselected package autoconf.
Preparing to unpack .../18-autoconf_2.69-11.1_all.deb ...
Unpacking autoconf (2.69-11.1) ...
Selecting previously unselected package autotools-dev.
Preparing to unpack .../19-autotools-dev_20180224.1_all.deb ...
Unpacking autotools-dev (20180224.1) ...
Selecting previously unselected package automake.
Preparing to unpack .../20-automake_1%3a1.16.1-4_all.deb ...
Unpacking automake (1:1.16.1-4) ...
Selecting previously unselected package autopoint.
Preparing to unpack .../21-autopoint_0.19.8.1-10_all.deb ...
Unpacking autopoint (0.19.8.1-10) ...
Selecting previously unselected package cdbs.
Preparing to unpack .../22-cdbs_0.4.159_all.deb ...
Unpacking cdbs (0.4.159) ...
Selecting previously unselected package libtool.
Preparing to unpack .../23-libtool_2.4.6-13_all.deb ...
Unpacking libtool (2.4.6-13) ...
Selecting previously unselected package dh-autoreconf.
Preparing to unpack .../24-dh-autoreconf_19_all.deb ...
Unpacking dh-autoreconf (19) ...
Selecting previously unselected package libdebhelper-perl.
Preparing to unpack .../25-libdebhelper-perl_12.9_all.deb ...
Unpacking libdebhelper-perl (12.9) ...
Selecting previously unselected package libarchive-zip-perl.
Preparing to unpack .../26-libarchive-zip-perl_1.67-1_all.deb ...
Unpacking libarchive-zip-perl (1.67-1) ...
Selecting previously unselected package libsub-override-perl.
Preparing to unpack .../27-libsub-override-perl_0.09-2_all.deb ...
Unpacking libsub-override-perl (0.09-2) ...
Selecting previously unselected package libfile-stripnondeterminism-perl.
Preparing to unpack .../28-libfile-stripnondeterminism-perl_1.6.3-2_all.deb ...
Unpacking libfile-stripnondeterminism-perl (1.6.3-2) ...
Selecting previously unselected package dh-strip-nondeterminism.
Preparing to unpack .../29-dh-strip-nondeterminism_1.6.3-2_all.deb ...
Unpacking dh-strip-nondeterminism (1.6.3-2) ...
Selecting previously unselected package libelf1:amd64.
Preparing to unpack .../30-libelf1_0.176-1.1_amd64.deb ...
Unpacking libelf1:amd64 (0.176-1.1) ...
Selecting previously unselected package dwz.
Preparing to unpack .../31-dwz_0.13-5_amd64.deb ...
Unpacking dwz (0.13-5) ...
Selecting previously unselected package libglib2.0-0:amd64.
Preparing to unpack .../32-libglib2.0-0_2.62.4-2_amd64.deb ...
Unpacking libglib2.0-0:amd64 (2.62.4-2) ...
Selecting previously unselected package libicu63:amd64.
Preparing to unpack .../33-libicu63_63.2-2_amd64.deb ...
Unpacking libicu63:amd64 (63.2-2) ...
Selecting previously unselected package libxml2:amd64.
Preparing to unpack .../34-libxml2_2.9.10+dfsg-3_amd64.deb ...
Unpacking libxml2:amd64 (2.9.10+dfsg-3) ...
Selecting previously unselected package libcroco3:amd64.
Preparing to unpack .../35-libcroco3_0.6.13-1_amd64.deb ...
Unpacking libcroco3:amd64 (0.6.13-1) ...
Selecting previously unselected package gettext.
Preparing to unpack .../36-gettext_0.19.8.1-10_amd64.deb ...
Unpacking gettext (0.19.8.1-10) ...
Selecting previously unselected package intltool-debian.
Preparing to unpack .../37-intltool-debian_0.35.0+20060710.5_all.deb ...
Unpacking intltool-debian (0.35.0+20060710.5) ...
Selecting previously unselected package po-debconf.
Preparing to unpack .../38-po-debconf_1.0.21_all.deb ...
Unpacking po-debconf (1.0.21) ...
Selecting previously unselected package debhelper.
Preparing to unpack .../39-debhelper_12.9_all.deb ...
Unpacking debhelper (12.9) ...
Selecting previously unselected package libanyevent-perl.
Preparing to unpack .../40-libanyevent-perl_7.170-1_amd64.deb ...
Unpacking libanyevent-perl (7.170-1) ...
Selecting previously unselected package libclass-inspector-perl.
Preparing to unpack .../41-libclass-inspector-perl_1.36-1_all.deb ...
Unpacking libclass-inspector-perl (1.36-1) ...
Selecting previously unselected package libclass-tiny-perl.
Preparing to unpack .../42-libclass-tiny-perl_1.006-1_all.deb ...
Unpacking libclass-tiny-perl (1.006-1) ...
Selecting previously unselected package libcommon-sense-perl.
Preparing to unpack .../43-libcommon-sense-perl_3.74-2+b8_amd64.deb ...
Unpacking libcommon-sense-perl (3.74-2+b8) ...
Selecting previously unselected package libsub-exporter-progressive-perl.
Preparing to unpack .../44-libsub-exporter-progressive-perl_0.001013-1_all.deb ...
Unpacking libsub-exporter-progressive-perl (0.001013-1) ...
Selecting previously unselected package libdevel-globaldestruction-perl.
Preparing to unpack .../45-libdevel-globaldestruction-perl_0.14-1_all.deb ...
Unpacking libdevel-globaldestruction-perl (0.14-1) ...
Selecting previously unselected package libexporter-tiny-perl.
Preparing to unpack .../46-libexporter-tiny-perl_1.002001-1_all.deb ...
Unpacking libexporter-tiny-perl (1.002001-1) ...
Selecting previously unselected package libfile-sharedir-perl.
Preparing to unpack .../47-libfile-sharedir-perl_1.116-2_all.deb ...
Unpacking libfile-sharedir-perl (1.116-2) ...
Selecting previously unselected package libipc-run3-perl.
Preparing to unpack .../48-libipc-run3-perl_0.048-2_all.deb ...
Unpacking libipc-run3-perl (0.048-2) ...
Selecting previously unselected package libtypes-serialiser-perl.
Preparing to unpack .../49-libtypes-serialiser-perl_1.0-1_all.deb ...
Unpacking libtypes-serialiser-perl (1.0-1) ...
Selecting previously unselected package libjson-xs-perl.
Preparing to unpack .../50-libjson-xs-perl_4.020-1+b1_amd64.deb ...
Unpacking libjson-xs-perl (4.020-1+b1) ...
Selecting previously unselected package liblingua-en-inflect-perl.
Preparing to unpack .../51-liblingua-en-inflect-perl_1.904-1_all.deb ...
Unpacking liblingua-en-inflect-perl (1.904-1) ...
Selecting previously unselected package liblist-moreutils-perl.
Preparing to unpack .../52-liblist-moreutils-perl_0.416-1+b5_amd64.deb ...
Unpacking liblist-moreutils-perl (0.416-1+b5) ...
Selecting previously unselected package libpath-tiny-perl.
Preparing to unpack .../53-libpath-tiny-perl_0.108-1_all.deb ...
Unpacking libpath-tiny-perl (0.108-1) ...
Selecting previously unselected package libpod-spell-perl.
Preparing to unpack .../54-libpod-spell-perl_1.20-1_all.deb ...
Unpacking libpod-spell-perl (1.20-1) ...
Selecting previously unselected package libtest-spelling-perl.
Preparing to unpack .../55-libtest-spelling-perl_0.25-1_all.deb ...
Unpacking libtest-spelling-perl (0.25-1) ...
Selecting previously unselected package tarantool-lts.
Preparing to unpack .../56-tarantool-lts_1.5.5.37.g1687c02-1+b3_amd64.deb ...
Unpacking tarantool-lts (1.5.5.37.g1687c02-1+b3) ...
Selecting previously unselected package sbuild-build-depends-main-dummy.
Preparing to unpack .../57-sbuild-build-depends-main-dummy_0.invalid.0_amd64.deb ...
Unpacking sbuild-build-depends-main-dummy (0.invalid.0) ...
Setting up libanyevent-perl (7.170-1) ...
Setting up libpipeline1:amd64 (1.5.2-2) ...
Setting up libtext-iconv-perl (1.7-7) ...
Setting up liblingua-en-inflect-perl (1.904-1) ...
Setting up libclass-inspector-perl (1.36-1) ...
Setting up libmagic-mgc (1:5.38-4) ...
Setting up libarchive-zip-perl (1.67-1) ...
Setting up libglib2.0-0:amd64 (2.62.4-2) ...
No schema files found: doing nothing.
Setting up libaspell15:amd64 (0.60.8-1) ...
Setting up libdebhelper-perl (12.9) ...
Setting up libmagic1:amd64 (1:5.38-4) ...
Setting up libcommon-sense-perl (3.74-2+b8) ...
Setting up gettext-base (0.19.8.1-10) ...
Setting up file (1:5.38-4) ...
Setting up libicu63:amd64 (63.2-2) ...
Setting up autotools-dev (20180224.1) ...
Setting up libclass-tiny-perl (1.006-1) ...
Setting up emacsen-common (3.0.4) ...
Setting up libsigsegv2:amd64 (2.12-2) ...
Setting up bsdmainutils (11.1.2+b1) ...
update-alternatives: using /usr/bin/bsd-write to provide /usr/bin/write (write) in auto mode
update-alternatives: using /usr/bin/bsd-from to provide /usr/bin/from (from) in auto mode
Setting up autopoint (0.19.8.1-10) ...
Setting up libsub-exporter-progressive-perl (0.001013-1) ...
Setting up libtypes-serialiser-perl (1.0-1) ...
Setting up sensible-utils (0.0.12+nmu1) ...
Setting up tarantool-lts (1.5.5.37.g1687c02-1+b3) ...
Setting up libpath-tiny-perl (0.108-1) ...
Setting up libuchardet0:amd64 (0.0.6-3) ...
Setting up libipc-run3-perl (0.048-2) ...
Setting up libfile-sharedir-perl (1.116-2) ...
Setting up libsub-override-perl (0.09-2) ...
Setting up libdevel-globaldestruction-perl (0.14-1) ...
Setting up libpod-spell-perl (1.20-1) ...
Setting up libexporter-tiny-perl (1.002001-1) ...
Setting up cdbs (0.4.159) ...
Setting up libelf1:amd64 (0.176-1.1) ...
Setting up libxml2:amd64 (2.9.10+dfsg-3) ...
Setting up libfile-stripnondeterminism-perl (1.6.3-2) ...
Setting up libjson-xs-perl (4.020-1+b1) ...
Setting up dictionaries-common (1.28.1) ...
Setting up libtool (2.4.6-13) ...
Setting up liblist-moreutils-perl (0.416-1+b5) ...
Setting up m4 (1.4.18-4) ...
Setting up libtest-spelling-perl (0.25-1) ...
Setting up libcroco3:amd64 (0.6.13-1) ...
Setting up aspell (0.60.8-1) ...
Setting up autoconf (2.69-11.1) ...
Setting up dh-strip-nondeterminism (1.6.3-2) ...
Setting up dwz (0.13-5) ...
Setting up groff-base (1.22.4-4) ...
Setting up automake (1:1.16.1-4) ...
update-alternatives: using /usr/bin/automake-1.16 to provide /usr/bin/automake (automake) in auto mode
Setting up gettext (0.19.8.1-10) ...
Setting up aspell-en (2018.04.16-0-1) ...
Setting up man-db (2.9.0-2) ...
Not building database; man-db/auto-update is not 'true'.
Setting up intltool-debian (0.35.0+20060710.5) ...
Setting up po-debconf (1.0.21) ...
Setting up dh-autoreconf (19) ...
Setting up debhelper (12.9) ...
Setting up sbuild-build-depends-main-dummy (0.invalid.0) ...
Processing triggers for libc-bin (2.29-10) ...
Processing triggers for dictionaries-common (1.28.1) ...
aspell-autobuildhash: processing: en [en-common].
aspell-autobuildhash: processing: en [en-variant_0].
aspell-autobuildhash: processing: en [en-variant_1].
aspell-autobuildhash: processing: en [en-variant_2].
aspell-autobuildhash: processing: en [en-w_accents-only].
aspell-autobuildhash: processing: en [en-wo_accents-only].
aspell-autobuildhash: processing: en [en_AU-variant_0].
aspell-autobuildhash: processing: en [en_AU-variant_1].
aspell-autobuildhash: processing: en [en_AU-w_accents-only].
aspell-autobuildhash: processing: en [en_AU-wo_accents-only].
aspell-autobuildhash: processing: en [en_CA-variant_0].
aspell-autobuildhash: processing: en [en_CA-variant_1].
aspell-autobuildhash: processing: en [en_CA-w_accents-only].
aspell-autobuildhash: processing: en [en_CA-wo_accents-only].
aspell-autobuildhash: processing: en [en_GB-ise-w_accents-only].
aspell-autobuildhash: processing: en [en_GB-ise-wo_accents-only].
aspell-autobuildhash: processing: en [en_GB-ize-w_accents-only].
aspell-autobuildhash: processing: en [en_GB-ize-wo_accents-only].
aspell-autobuildhash: processing: en [en_GB-variant_0].
aspell-autobuildhash: processing: en [en_GB-variant_1].
aspell-autobuildhash: processing: en [en_US-w_accents-only].
aspell-autobuildhash: processing: en [en_US-wo_accents-only].

+------------------------------------------------------------------------------+
| Check architectures                                                          |
+------------------------------------------------------------------------------+

Arch check ok (amd64 included in any)

+------------------------------------------------------------------------------+
| Build environment                                                            |
+------------------------------------------------------------------------------+

Kernel: Linux 4.19.0-6-cloud-amd64 #1 SMP Debian 4.19.67-2+deb10u2 (2019-11-11) amd64 (x86_64)
Toolchain package versions: binutils_2.34-3 dpkg-dev_1.19.7 g++-9_9.2.1-30 gcc-9_9.2.1-30 libc6-dev_2.29-10 libstdc++-9-dev_9.2.1-30 libstdc++6_10-20200222-1 linux-libc-dev_5.4.19-1
Package versions: adduser_3.118 apt_1.8.4 aspell_0.60.8-1 aspell-en_2018.04.16-0-1 autoconf_2.69-11.1 automake_1:1.16.1-4 autopoint_0.19.8.1-10 autotools-dev_20180224.1 base-files_11 base-passwd_3.5.47 bash_5.0-6 binutils_2.34-3 binutils-common_2.34-3 binutils-x86-64-linux-gnu_2.34-3 bsdmainutils_11.1.2+b1 bsdutils_1:2.34-0.1 build-essential_12.8 bzip2_1.0.8-2 cdbs_0.4.159 clang-10_1:10.0.0~+rc2-1 coreutils_8.30-3+b1 cpp_4:9.2.1-3.1 cpp-9_9.2.1-30 dash_0.5.10.2-6 debconf_1.5.73 debhelper_12.9 debian-archive-keyring_2019.1 debianutils_4.9.1 dh-autoreconf_19 dh-strip-nondeterminism_1.6.3-2 dictionaries-common_1.28.1 diffutils_1:3.7-3 dpkg_1.19.7 dpkg-dev_1.19.7 dwz_0.13-5 e2fsprogs_1.45.5-2 emacsen-common_3.0.4 fakeroot_1.24-1 fdisk_2.34-0.1 file_1:5.38-4 findutils_4.7.0-1 g++_4:9.2.1-3.1 g++-9_9.2.1-30 gcc_4:9.2.1-3.1 gcc-10-base_10-20200222-1 gcc-9_9.2.1-30 gcc-9-base_9.2.1-30 gettext_0.19.8.1-10 gettext-base_0.19.8.1-10 gpgv_2.2.19-1 grep_3.4-1 groff-base_1.22.4-4 gzip_1.9-3+b1 hostname_3.23 init-system-helpers_1.57 intltool-debian_0.35.0+20060710.5 lib32gcc-s1_10-20200222-1 lib32gcc1_1:10-20200222-1 lib32stdc++6_10-20200222-1 libacl1_2.2.53-5 libanyevent-perl_7.170-1 libapt-pkg5.0_1.8.4 libarchive-zip-perl_1.67-1 libasan5_9.2.1-30 libaspell15_0.60.8-1 libatomic1_10-20200222-1 libattr1_1:2.4.48-5 libaudit-common_1:2.8.5-2 libaudit1_1:2.8.5-2+b1 libbinutils_2.34-3 libblkid1_2.34-0.1 libbsd0_0.10.0-1 libbz2-1.0_1.0.8-2 libc-bin_2.29-10 libc-dev-bin_2.29-10 libc6_2.29-10 libc6-dev_2.29-10 libc6-i386_2.29-10 libcap-ng0_0.7.9-2.1+b1 libcc1-0_10-20200222-1 libclang-common-10-dev_1:10.0.0~+rc2-1 libclang-cpp10_1:10.0.0~+rc2-1 libclang1-10_1:10.0.0~+rc2-1 libclass-inspector-perl_1.36-1 libclass-tiny-perl_1.006-1 libcom-err2_1.45.5-2 libcommon-sense-perl_3.74-2+b8 libcroco3_0.6.13-1 libcrypt-dev_1:4.4.10-10 libcrypt1_1:4.4.10-10 libctf-nobfd0_2.34-3 libctf0_2.34-3 libdb5.3_5.3.28+dfsg1-0.6 libdebconfclient0_0.251 libdebhelper-perl_12.9 libdevel-globaldestruction-perl_0.14-1 libdpkg-perl_1.19.7 libedit2_3.1-20191231-1 libelf1_0.176-1.1 libexporter-tiny-perl_1.002001-1 libext2fs2_1.45.5-2 libfakeroot_1.24-1 libfdisk1_2.34-0.1 libffi7_3.3-3 libfile-sharedir-perl_1.116-2 libfile-stripnondeterminism-perl_1.6.3-2 libgc1c2_1:7.6.4-0.4 libgcc-9-dev_9.2.1-30 libgcc-s1_10-20200222-1 libgcc1_1:10-20200222-1 libgcrypt20_1.8.5-5 libgdbm-compat4_1.18.1-5 libgdbm6_1.18.1-5 libglib2.0-0_2.62.4-2 libgmp10_2:6.2.0+dfsg-4 libgnutls30_3.6.12-2 libgomp1_10-20200222-1 libgpg-error0_1.37-1 libhogweed5_3.5.1+really3.5.1-2 libicu63_63.2-2 libidn2-0_2.2.0-2 libipc-run3-perl_0.048-2 libisl22_0.22.1-1 libitm1_10-20200222-1 libjson-xs-perl_4.020-1+b1 liblingua-en-inflect-perl_1.904-1 liblist-moreutils-perl_0.416-1+b5 libllvm10_1:10.0.0~+rc2-1 liblsan0_10-20200222-1 liblz4-1_1.9.2-2 liblzma5_5.2.4-1+b1 libmagic-mgc_1:5.38-4 libmagic1_1:5.38-4 libmount1_2.34-0.1 libmpc3_1.1.0-1 libmpfr6_4.0.2-1 libncursesw6_6.1+20191019-1 libnettle7_3.5.1+really3.5.1-2 libobjc-9-dev_9.2.1-30 libobjc4_10-20200222-1 libomp-10-dev_1:10.0.0~+rc2-1 libomp5-10_1:10.0.0~+rc2-1 libp11-kit0_0.23.20-1 libpam-modules_1.3.1-5 libpam-modules-bin_1.3.1-5 libpam-runtime_1.3.1-5 libpam0g_1.3.1-5 libpath-tiny-perl_0.108-1 libpcre2-8-0_10.34-7 libpcre3_2:8.39-12+b1 libperl5.30_5.30.0-9 libpipeline1_1.5.2-2 libpod-spell-perl_1.20-1 libquadmath0_10-20200222-1 libseccomp2_2.4.2-2 libselinux1_3.0-1+b1 libsemanage-common_3.0-1 libsemanage1_3.0-1+b1 libsepol1_3.0-1 libsigsegv2_2.12-2 libsmartcols1_2.34-0.1 libss2_1.45.5-2 libstdc++-9-dev_9.2.1-30 libstdc++6_10-20200222-1 libsub-exporter-progressive-perl_0.001013-1 libsub-override-perl_0.09-2 libsystemd0_244.3-1 libtasn1-6_4.16.0-2 libtest-spelling-perl_0.25-1 libtext-iconv-perl_1.7-7 libtinfo6_6.1+20191019-1 libtool_2.4.6-13 libtsan0_10-20200222-1 libtypes-serialiser-perl_1.0-1 libubsan1_10-20200222-1 libuchardet0_0.0.6-3 libudev1_244.3-1 libunistring2_0.9.10-2 libuuid1_2.34-0.1 libxml2_2.9.10+dfsg-3 libz3-4_4.8.7-4 libzstd1_1.4.4+dfsg-3 linux-libc-dev_5.4.19-1 login_1:4.8.1-1 logsave_1.45.5-2 lsb-base_11.1.0 m4_1.4.18-4 make_4.2.1-1.2 man-db_2.9.0-2 mawk_1.3.4.20200120-2 mount_2.34-0.1 ncurses-base_6.1+20191019-1 ncurses-bin_6.1+20191019-1 passwd_1:4.8.1-1 patch_2.7.6-6 perl_5.30.0-9 perl-base_5.30.0-9 perl-modules-5.30_5.30.0-9 po-debconf_1.0.21 sbuild-build-depends-main-dummy_0.invalid.0 sed_4.7-1 sensible-utils_0.0.12+nmu1 sysvinit-utils_2.96-2.1 tar_1.30+dfsg-6+b1 tarantool-lts_1.5.5.37.g1687c02-1+b3 tzdata_2019c-3 util-linux_2.34-0.1 xz-utils_5.2.4-1+b1 zlib1g_1:1.2.11.dfsg-2

+------------------------------------------------------------------------------+
| Build                                                                        |
+------------------------------------------------------------------------------+


Unpack source
-------------

-----BEGIN PGP SIGNED MESSAGE-----
Hash: SHA512

Format: 3.0 (quilt)
Source: libdr-tarantool-perl
Binary: libdr-tarantool-perl
Architecture: any
Version: 0.45-2
Maintainer: Dmitry E. Oboukhov <unera@debian.org>
Homepage: http://search.cpan.org/dist/DR-Tarantool/
Standards-Version: 3.9.6
Vcs-Browser: https://github.com/dr-co/dr-tarantool
Build-Depends: debhelper (>= 7), cdbs, libanyevent-perl, libdevel-globaldestruction-perl, libjson-xs-perl, tarantool-lts | tarantool (<< 1.6), aspell-en, libtest-spelling-perl, liblist-moreutils-perl
Package-List:
 libdr-tarantool-perl deb perl extra arch=any
Checksums-Sha1:
 9c63ea4e8dd881f69dad2524ca67d776fd05ffc7 89251 libdr-tarantool-perl_0.45.orig.tar.gz
 77856dbac0980c9198445d63d438a4f6f8026746 4096 libdr-tarantool-perl_0.45-2.debian.tar.xz
Checksums-Sha256:
 ac29626a7adb1fc1f384f10d12f0f489696fbc4a3415e38161fbb10141b5333b 89251 libdr-tarantool-perl_0.45.orig.tar.gz
 0b10216f4b445511946a73c4269a278b8f58e178d92be5fc1636ba4f60e00eb5 4096 libdr-tarantool-perl_0.45-2.debian.tar.xz
Files:
 7fe24944b450ce506c4eca8c2a258981 89251 libdr-tarantool-perl_0.45.orig.tar.gz
 e9e3dcbf2d21869eb28278a5aeefc8b2 4096 libdr-tarantool-perl_0.45-2.debian.tar.xz

-----BEGIN PGP SIGNATURE-----
Version: GnuPG v1

iQIcBAEBCgAGBQJYC8idAAoJEI0flpoI7qdWNUMP/0dITycy6dgrmaMzA362gQc3
Arn2/MhLyyWxfvqnSOYcKvJ1YBjXzSCwH1fftnMDR1pmVwAcD/3PvcaDXSccfSY0
34C4/aX74hQZKxgBCoPmh7+tS/MsBzxIU7O6DEwMlYHYnQ7yJD5aLaoD9RsGJPBA
NHfh9YIf3O4ohO5DBXYmm0kG/hXMsYLzJXCj2Tm4scISyI4OpghUUsTNLSMb3h6a
fMP9ZeA9aRvpekVtafHRENDx3fV4jqcPfpvYToELZDvGcQB+g75LpSN4ObSWTdPB
GVi8fZysRw6WA5syl13fMSH5udAJCT+JOP+dnQ3I9StIlGCntJoGgbYpV3BGo0Mj
TnzZLPD6Gp2i30KTbaLJ4i94SBrTzHFDi64jKOxx5JrA77kGjuTql1WrljgRzC7Q
/fsoNFe4FmfzGDXSIGK12NDJgsAli9YNIOWQcpp+zRmdICK4QRa86ubl1V00Xlqu
U+l/9TkELaGvedJ2AfX7aXpQNtR5SNlNaRjitBhzY6jBnydj5gX44rm+cjqi2lxm
A+xa99dTbBDdi3DxXodPP416gOr7ZvVxgrPwrCUIX2hmd44Zc2V0Pr5wvhg58naK
ICZ/F22n52USH3YQyAgw8RtMyErvgxLvRJgfzv6SPOhGQOtT88FscY/OFpa7iXBM
6hebqoW6FfnveTvf5jf1
=SIL8
-----END PGP SIGNATURE-----

gpgv: unknown type of key resource 'trustedkeys.kbx'
gpgv: keyblock resource '/sbuild-nonexistent/.gnupg/trustedkeys.kbx': General error
gpgv: Signature made Sat Oct 22 20:14:21 2016 UTC
gpgv:                using RSA key 8D1F969A08EEA756
gpgv: Can't check signature: No public key
dpkg-source: warning: failed to verify signature on ./libdr-tarantool-perl_0.45-2.dsc
dpkg-source: info: extracting libdr-tarantool-perl in /<<PKGBUILDDIR>>
dpkg-source: info: unpacking libdr-tarantool-perl_0.45.orig.tar.gz
dpkg-source: info: unpacking libdr-tarantool-perl_0.45-2.debian.tar.xz

Check disk space
----------------

Sufficient free space for build

User Environment
----------------

APT_CONFIG=/var/lib/sbuild/apt.conf
HOME=/sbuild-nonexistent
LANG=C.UTF-8
LC_ALL=C.UTF-8
LOGNAME=user42
PATH=/usr/local/sbin:/usr/local/bin:/usr/sbin:/usr/bin:/sbin:/bin:/usr/games
SCHROOT_ALIAS_NAME=unstable
SCHROOT_CHROOT_NAME=sid-amd64-sbuild
SCHROOT_COMMAND=env
SCHROOT_GID=1001
SCHROOT_GROUP=user42
SCHROOT_SESSION_ID=sid-amd64-sbuild-1002bcfc-eb13-48b1-81d6-e6ccb3d265f9
SCHROOT_UID=1001
SCHROOT_USER=user42
SHELL=/bin/sh
USER=user42

dpkg-buildpackage
-----------------

Command: dpkg-buildpackage -us -uc -b -rfakeroot
dpkg-buildpackage: info: source package libdr-tarantool-perl
dpkg-buildpackage: info: source version 0.45-2
dpkg-buildpackage: info: source distribution unstable
dpkg-buildpackage: info: source changed by Dmitry E. Oboukhov <unera@debian.org>
 dpkg-source --before-build .
dpkg-buildpackage: info: host architecture amd64
dpkg-source: info: using options from libdr-tarantool-perl-0.45/debian/source/options: --extend-diff-ignore=^\.(travis|gitlab-ci)\.yml$
 fakeroot debian/rules clean
test -x debian/rules
rm -f debian/stamp-makefile-build debian/stamp-makefile-install
/usr/bin/make -C . OPTIMIZE="-g -O2 -fdebug-prefix-map=/<<PKGBUILDDIR>>=. -fstack-protector-strong -Wformat -Werror=format-security -D_REENTRANT -D_GNU_SOURCE -DDEBIAN -fwrapv -fno-strict-aliasing -pipe -I/usr/local/include -D_LARGEFILE_SOURCE -D_FILE_OFFSET_BITS=64 -Wdate-time -D_FORTIFY_SOURCE=2 -D_REENTRANT -D_GNU_SOURCE -DDEBIAN -fwrapv -fno-strict-aliasing -pipe -I/usr/local/include" LDDLFLAGS="-Wl,-z,relro -shared -L/usr/local/lib -fstack-protector-strong" -k clean
make[1]: Entering directory '/<<PKGBUILDDIR>>'
make[1]: *** No rule to make target 'clean'.
make[1]: Leaving directory '/<<PKGBUILDDIR>>'
make: [/usr/share/cdbs/1/class/makefile.mk:91: makefile-clean] Error 2 (ignored)
rm -f debian/stamp-makefile-check
dh_clean 
dh_clean: warning: Compatibility levels before 9 are deprecated (level 7 in use)
rm -f Makefile.old	
rm -fr .pc
rm -f DR-Tarantool-*.tar.gz*
 debian/rules build
test -x debian/rules
mkdir -p "."
CDBS WARNING:    DEB_DH_INSTALLCHANGELOGS_ARGS is deprecated since 0.4.85
cd . && /usr/bin/perl -I. Makefile.PL NOECHO= INSTALLDIRS=vendor
Checking if your kit is complete...
Warning: the following files are missing in your kit:
	msgpack.o
	Tarantool.bs
	Tarantool.c
	Tarantool.o
Please inform the author.
Generating a Unix-style Makefile
Writing Makefile for DR::Tarantool
Writing MYMETA.yml and MYMETA.json
/usr/bin/make -C . OPTIMIZE="-g -O2 -fdebug-prefix-map=/<<PKGBUILDDIR>>=. -fstack-protector-strong -Wformat -Werror=format-security -D_REENTRANT -D_GNU_SOURCE -DDEBIAN -fwrapv -fno-strict-aliasing -pipe -I/usr/local/include -D_LARGEFILE_SOURCE -D_FILE_OFFSET_BITS=64 -Wdate-time -D_FORTIFY_SOURCE=2 -D_REENTRANT -D_GNU_SOURCE -DDEBIAN -fwrapv -fno-strict-aliasing -pipe -I/usr/local/include" LDDLFLAGS="-Wl,-z,relro -shared -L/usr/local/lib -fstack-protector-strong" all
make[1]: Entering directory '/<<PKGBUILDDIR>>'
"/usr/bin/perl" -MExtUtils::Command -e 'mkpath' -- blib/lib/DR
chmod 755 blib/lib/DR
touch blib/lib/DR/.exists
"/usr/bin/perl" -MExtUtils::Command -e 'mkpath' -- blib/arch
chmod 755 blib/arch
touch blib/arch/.exists
"/usr/bin/perl" -MExtUtils::Command -e 'mkpath' -- blib/lib/auto/DR/Tarantool
chmod 755 blib/lib/auto/DR/Tarantool
touch blib/lib/auto/DR/Tarantool/.exists
"/usr/bin/perl" -MExtUtils::Command -e 'mkpath' -- blib/arch/auto/DR/Tarantool
chmod 755 blib/arch/auto/DR/Tarantool
touch blib/arch/auto/DR/Tarantool/.exists
"/usr/bin/perl" -MExtUtils::Command -e 'mkpath' -- blib/bin
chmod 755 blib/bin
touch blib/bin/.exists
"/usr/bin/perl" -MExtUtils::Command -e 'mkpath' -- blib/script
chmod 755 blib/script
touch blib/script/.exists
"/usr/bin/perl" -MExtUtils::Command -e 'mkpath' -- blib/man1
chmod 755 blib/man1
touch blib/man1/.exists
"/usr/bin/perl" -MExtUtils::Command -e 'mkpath' -- blib/man3
chmod 755 blib/man3
touch blib/man3/.exists
true
true
true
"/usr/bin/perl" -MExtUtils::Install -e 'pm_to_blib({@ARGV}, '\''blib/lib/auto'\'', q[], '\''755'\'')' -- \
  'lib/DR/Tarantool.pm' 'blib/lib/DR/Tarantool.pm' \
  'lib/DR/Tarantool/AEConnection.pm' 'blib/lib/DR/Tarantool/AEConnection.pm' \
  'lib/DR/Tarantool/AsyncClient.pm' 'blib/lib/DR/Tarantool/AsyncClient.pm' \
  'lib/DR/Tarantool/CoroClient.pm' 'blib/lib/DR/Tarantool/CoroClient.pm' \
  'lib/DR/Tarantool/Iterator.pm' 'blib/lib/DR/Tarantool/Iterator.pm' \
  'lib/DR/Tarantool/LLClient.pm' 'blib/lib/DR/Tarantool/LLClient.pm' \
  'lib/DR/Tarantool/LLSyncClient.pm' 'blib/lib/DR/Tarantool/LLSyncClient.pm' \
  'lib/DR/Tarantool/MsgPack.pm' 'blib/lib/DR/Tarantool/MsgPack.pm' \
  'lib/DR/Tarantool/MsgPack/AsyncClient.pm' 'blib/lib/DR/Tarantool/MsgPack/AsyncClient.pm' \
  'lib/DR/Tarantool/MsgPack/CoroClient.pm' 'blib/lib/DR/Tarantool/MsgPack/CoroClient.pm' \
  'lib/DR/Tarantool/MsgPack/LLClient.pm' 'blib/lib/DR/Tarantool/MsgPack/LLClient.pm' \
  'lib/DR/Tarantool/MsgPack/Proto.pm' 'blib/lib/DR/Tarantool/MsgPack/Proto.pm' \
  'lib/DR/Tarantool/MsgPack/SyncClient.pm' 'blib/lib/DR/Tarantool/MsgPack/SyncClient.pm' \
  'lib/DR/Tarantool/RealSyncClient.pm' 'blib/lib/DR/Tarantool/RealSyncClient.pm' \
  'lib/DR/Tarantool/Spaces.pm' 'blib/lib/DR/Tarantool/Spaces.pm' \
  'lib/DR/Tarantool/StartTest.pm' 'blib/lib/DR/Tarantool/StartTest.pm' \
  'lib/DR/Tarantool/SyncClient.pm' 'blib/lib/DR/Tarantool/SyncClient.pm' \
  'lib/DR/Tarantool/Tuple.pm' 'blib/lib/DR/Tarantool/Tuple.pm' \
  'lib/DR/Tarantool/Tuple/MsgPack.pm' 'blib/lib/DR/Tarantool/Tuple/MsgPack.pm' 
cp lib/DR/Tarantool/CoroClient.pm blib/lib/DR/Tarantool/CoroClient.pm
cp lib/DR/Tarantool/LLClient.pm blib/lib/DR/Tarantool/LLClient.pm
cp lib/DR/Tarantool/MsgPack/Proto.pm blib/lib/DR/Tarantool/MsgPack/Proto.pm
cp lib/DR/Tarantool.pm blib/lib/DR/Tarantool.pm
cp lib/DR/Tarantool/RealSyncClient.pm blib/lib/DR/Tarantool/RealSyncClient.pm
cp lib/DR/Tarantool/MsgPack/SyncClient.pm blib/lib/DR/Tarantool/MsgPack/SyncClient.pm
cp lib/DR/Tarantool/Iterator.pm blib/lib/DR/Tarantool/Iterator.pm
cp lib/DR/Tarantool/MsgPack/AsyncClient.pm blib/lib/DR/Tarantool/MsgPack/AsyncClient.pm
cp lib/DR/Tarantool/Tuple.pm blib/lib/DR/Tarantool/Tuple.pm
cp lib/DR/Tarantool/MsgPack/CoroClient.pm blib/lib/DR/Tarantool/MsgPack/CoroClient.pm
cp lib/DR/Tarantool/SyncClient.pm blib/lib/DR/Tarantool/SyncClient.pm
cp lib/DR/Tarantool/AsyncClient.pm blib/lib/DR/Tarantool/AsyncClient.pm
cp lib/DR/Tarantool/AEConnection.pm blib/lib/DR/Tarantool/AEConnection.pm
cp lib/DR/Tarantool/LLSyncClient.pm blib/lib/DR/Tarantool/LLSyncClient.pm
cp lib/DR/Tarantool/StartTest.pm blib/lib/DR/Tarantool/StartTest.pm
cp lib/DR/Tarantool/MsgPack/LLClient.pm blib/lib/DR/Tarantool/MsgPack/LLClient.pm
cp lib/DR/Tarantool/Spaces.pm blib/lib/DR/Tarantool/Spaces.pm
cp lib/DR/Tarantool/Tuple/MsgPack.pm blib/lib/DR/Tarantool/Tuple/MsgPack.pm
cp lib/DR/Tarantool/MsgPack.pm blib/lib/DR/Tarantool/MsgPack.pm
touch pm_to_blib
true
echo "Running Mkbootstrap for Tarantool ()"
Running Mkbootstrap for Tarantool ()
"/usr/bin/perl" \
	"-MExtUtils::Mkbootstrap" \
	-e "Mkbootstrap('Tarantool','');"
touch "Tarantool.bs"
chmod 644 "Tarantool.bs"
rm -rf blib/arch/auto/DR/Tarantool/Tarantool.bs
"/usr/bin/perl" -MExtUtils::Command::MM -e 'cp_nonempty' -- Tarantool.bs blib/arch/auto/DR/Tarantool/Tarantool.bs 644
"/usr/bin/perl" "/usr/share/perl/5.30/ExtUtils/xsubpp"  -typemap '/usr/share/perl/5.30/ExtUtils/typemap'  Tarantool.xs > Tarantool.xsc
mv Tarantool.xsc Tarantool.c
x86_64-linux-gnu-gcc -c  -I. -D_REENTRANT -D_GNU_SOURCE -DDEBIAN -fwrapv -fno-strict-aliasing -pipe -I/usr/local/include -D_LARGEFILE_SOURCE -D_FILE_OFFSET_BITS=64 -g -O2 -fdebug-prefix-map=/<<PKGBUILDDIR>>=. -fstack-protector-strong -Wformat -Werror=format-security -D_REENTRANT -D_GNU_SOURCE -DDEBIAN -fwrapv -fno-strict-aliasing -pipe -I/usr/local/include -D_LARGEFILE_SOURCE -D_FILE_OFFSET_BITS=64 -Wdate-time -D_FORTIFY_SOURCE=2 -D_REENTRANT -D_GNU_SOURCE -DDEBIAN -fwrapv -fno-strict-aliasing -pipe -I/usr/local/include   -DVERSION=\"0.45\" -DXS_VERSION=\"0.45\" -fPIC "-I/usr/lib/x86_64-linux-gnu/perl/5.30/CORE"   Tarantool.c
x86_64-linux-gnu-gcc -c  -I. -D_REENTRANT -D_GNU_SOURCE -DDEBIAN -fwrapv -fno-strict-aliasing -pipe -I/usr/local/include -D_LARGEFILE_SOURCE -D_FILE_OFFSET_BITS=64 -g -O2 -fdebug-prefix-map=/<<PKGBUILDDIR>>=. -fstack-protector-strong -Wformat -Werror=format-security -D_REENTRANT -D_GNU_SOURCE -DDEBIAN -fwrapv -fno-strict-aliasing -pipe -I/usr/local/include -D_LARGEFILE_SOURCE -D_FILE_OFFSET_BITS=64 -Wdate-time -D_FORTIFY_SOURCE=2 -D_REENTRANT -D_GNU_SOURCE -DDEBIAN -fwrapv -fno-strict-aliasing -pipe -I/usr/local/include   -DVERSION=\"0.45\" -DXS_VERSION=\"0.45\" -fPIC "-I/usr/lib/x86_64-linux-gnu/perl/5.30/CORE"   msgpack.c
rm -f blib/arch/auto/DR/Tarantool/Tarantool.so
x86_64-linux-gnu-gcc  -Wl,-z,relro -shared -L/usr/local/lib -fstack-protector-strong  Tarantool.o msgpack.o  -o blib/arch/auto/DR/Tarantool/Tarantool.so  \
      \
  
chmod 755 blib/arch/auto/DR/Tarantool/Tarantool.so
true
true
true
true
true
"/usr/bin/perl" "-MExtUtils::Command::MM" -e pod2man "--" --section=3pm --perm_rw=644 -u \
  lib/DR/Tarantool.pm blib/man3/DR::Tarantool.3pm \
  lib/DR/Tarantool/AsyncClient.pm blib/man3/DR::Tarantool::AsyncClient.3pm \
  lib/DR/Tarantool/CoroClient.pm blib/man3/DR::Tarantool::CoroClient.3pm \
  lib/DR/Tarantool/Iterator.pm blib/man3/DR::Tarantool::Iterator.3pm \
  lib/DR/Tarantool/LLClient.pm blib/man3/DR::Tarantool::LLClient.3pm \
  lib/DR/Tarantool/MsgPack.pm blib/man3/DR::Tarantool::MsgPack.3pm \
  lib/DR/Tarantool/MsgPack/AsyncClient.pm blib/man3/DR::Tarantool::MsgPack::AsyncClient.3pm \
  lib/DR/Tarantool/RealSyncClient.pm blib/man3/DR::Tarantool::RealSyncClient.3pm \
  lib/DR/Tarantool/Spaces.pm blib/man3/DR::Tarantool::Spaces.3pm \
  lib/DR/Tarantool/StartTest.pm blib/man3/DR::Tarantool::StartTest.3pm \
  lib/DR/Tarantool/SyncClient.pm blib/man3/DR::Tarantool::SyncClient.3pm \
  lib/DR/Tarantool/Tuple.pm blib/man3/DR::Tarantool::Tuple.3pm \
  lib/DR/Tarantool/Tuple/MsgPack.pm blib/man3/DR::Tarantool::Tuple::MsgPack.3pm 
Manifying 13 pod documents
true
make[1]: Leaving directory '/<<PKGBUILDDIR>>'
touch debian/stamp-makefile-build
/usr/bin/make -C . OPTIMIZE="-g -O2 -fdebug-prefix-map=/<<PKGBUILDDIR>>=. -fstack-protector-strong -Wformat -Werror=format-security -D_REENTRANT -D_GNU_SOURCE -DDEBIAN -fwrapv -fno-strict-aliasing -pipe -I/usr/local/include -D_LARGEFILE_SOURCE -D_FILE_OFFSET_BITS=64 -Wdate-time -D_FORTIFY_SOURCE=2 -D_REENTRANT -D_GNU_SOURCE -DDEBIAN -fwrapv -fno-strict-aliasing -pipe -I/usr/local/include" LDDLFLAGS="-Wl,-z,relro -shared -L/usr/local/lib -fstack-protector-strong" test TEST_VERBOSE=1
make[1]: Entering directory '/<<PKGBUILDDIR>>'
true
true
true
rm -rf blib/arch/auto/DR/Tarantool/Tarantool.bs
"/usr/bin/perl" -MExtUtils::Command::MM -e 'cp_nonempty' -- Tarantool.bs blib/arch/auto/DR/Tarantool/Tarantool.bs 644
true
true
true
true
true
true
PERL_DL_NONLAZY=1 "/usr/bin/perl" "-MExtUtils::Command::MM" "-MTest::Harness" "-e" "undef *Test::Harness::Switches; test_harness(1, 'blib/lib', 'blib/arch')" t/*.t
t/000-use.t ................. 
1..10
ok 1 - use DR::Tarantool;
ok 2 - use DR::Tarantool;
ok 3 - use DR::Tarantool;
ok 4 - use DR::Tarantool;
ok 5 - use DR::Tarantool::AsyncClient;
ok 6 - use DR::Tarantool::LLClient;
ok 7 - use DR::Tarantool::Spaces;
ok 8 - use DR::Tarantool::StartTest;
ok 9 - use DR::Tarantool::SyncClient;
ok 10 - use DR::Tarantool::Tuple;
ok
t/005-connection.t .......... 
1..56
ok 1 - use DR::Tarantool::AEConnection;
ok 2 - use AnyEvent::Socket;
ok 3 - use AnyEvent;
ok 4 - use DR::Tarantool::StartTest;
ok 5 - Port is generated 12441
# connfail
ok 6 - An object of class 'DR::Tarantool::AEConnection' isa 'DR::Tarantool::AEConnection'
ok 7 - state
ok 8 - An object of class 'DR::Tarantool::AEConnection' isa 'DR::Tarantool::AEConnection'
ok 9 - error
ok 10 - errno
# connfail timeout
ok 11 - An object of class 'DR::Tarantool::AEConnection' isa 'DR::Tarantool::AEConnection'
ok 12 - state
ok 13 - An object of class 'DR::Tarantool::AEConnection' isa 'DR::Tarantool::AEConnection'
ok 14 - error
ok 15 - errno
# reconnect_always
ok 16 - An object of class 'DR::Tarantool::AEConnection' isa 'DR::Tarantool::AEConnection'
ok 17 - state
ok 18 - An object of class 'DR::Tarantool::AEConnection' isa 'DR::Tarantool::AEConnection'
ok 19 - error
ok 20 - An object of class 'DR::Tarantool::AEConnection' isa 'DR::Tarantool::AEConnection'
ok 21 - error
ok 22 - An object of class 'DR::Tarantool::AEConnection' isa 'DR::Tarantool::AEConnection'
ok 23 - error
ok 24 - An object of class 'DR::Tarantool::AEConnection' isa 'DR::Tarantool::AEConnection'
ok 25 - error
ok 26 - An object of class 'DR::Tarantool::AEConnection' isa 'DR::Tarantool::AEConnection'
ok 27 - error
ok 28 - An object of class 'DR::Tarantool::AEConnection' isa 'DR::Tarantool::AEConnection'
ok 29 - error
ok 30 - An object of class 'DR::Tarantool::AEConnection' isa 'DR::Tarantool::AEConnection'
ok 31 - error
ok 32 - An object of class 'DR::Tarantool::AEConnection' isa 'DR::Tarantool::AEConnection'
ok 33 - error
ok 34 - An object of class 'DR::Tarantool::AEConnection' isa 'DR::Tarantool::AEConnection'
ok 35 - error
ok 36 - An object of class 'DR::Tarantool::AEConnection' isa 'DR::Tarantool::AEConnection'
ok 37 - error
# reconnect_period
ok 38 - An object of class 'DR::Tarantool::AEConnection' isa 'DR::Tarantool::AEConnection'
ok 39 - state
ok 40 - An object of class 'DR::Tarantool::AEConnection' isa 'DR::Tarantool::AEConnection'
ok 41 - error
ok 42 - only one connfail
ok 43 - timeout exceeded
# test server
ok 44 - server is created
ok 45 - An object of class 'DR::Tarantool::AEConnection' isa 'DR::Tarantool::AEConnection'
ok 46 - state
ok 47 - connected
ok 48 - data received
# read, set_error, reconnecting
ok 49 - An object of class 'DR::Tarantool::AEConnection' isa 'DR::Tarantool::AEConnection'
ok 50 - state
ok 51 - connected
ok 52 - data received
ok 53 - reconnects
ok 54 - connected
ok 55 - data received
ok 56 - reconnects
ok
t/010-xs.t .................. 
1..335
ok 1 - use DR::Tarantool;
ok 2 - use File::Spec::Functions;
ok 3 - use File::Basename;
ok 4 - TNT_INSERT
ok 5 - TNT_SELECT
ok 6 - TNT_UPDATE
ok 7 - TNT_DELETE
ok 8 - TNT_CALL
ok 9 - TNT_PING
ok 10 - TNT_FLAG_RETURN
ok 11 - TNT_FLAG_ADD
ok 12 - TNT_FLAG_REPLACE
ok 13 - * select body
ok 14 - select type
ok 15 - body length
ok 16 - request id
ok 17 - space no
ok 18 - index no
ok 19 - offset
ok 20 - limit
ok 21 - tuple count
ok 22 - keys format
ok 23 - error string
ok 24 - * ping body
ok 25 - ping type
ok 26 - body length
ok 27 - request id
ok 28 - * insert body
ok 29 - insert type
ok 30 - body length
ok 31 - request id
ok 32 - space no
ok 33 - flags
ok 34 - tuple size
ok 35 - * delete body
ok 36 - delete type
ok 37 - body length
ok 38 - request id
ok 39 - space no
ok 40 - flags
ok 41 - tuple size
ok 42 - * call body
ok 43 - call type
ok 44 - body length
ok 45 - request id
ok 46 - flags
ok 47 - proc name
ok 48 - tuple size
ok 49 - wrong update operation
ok 50 - * update body
ok 51 - update type
ok 52 - body length
ok 53 - request id
ok 54 - space no
ok 55 - flags
ok 56 - tuple size
ok 57 - * parser: undef
ok 58 - 'empty input' isa 'HASH'
ok 59 - error message
ok 60 - status
ok 61 - 'well input 13' isa 'HASH'
ok 62 - request id
ok 63 - request type
ok 64 - status 13
ok 65 - code
ok 66 - errstr
ok 67 - 'well input 13' isa 'HASH'
ok 68 - request id
ok 69 - request type
ok 70 - status 13
ok 71 - code
ok 72 - errstr
ok 73 - 'well input 19' isa 'HASH'
ok 74 - request id
ok 75 - request type
ok 76 - status 19
ok 77 - code
ok 78 - errstr
ok 79 - 'well input 19' isa 'HASH'
ok 80 - request id
ok 81 - request type
ok 82 - status 19
ok 83 - code
ok 84 - errstr
ok 85 - 'well input 17' isa 'HASH'
ok 86 - request id
ok 87 - request type
ok 88 - status 17
ok 89 - code
ok 90 - errstr
ok 91 - 'well input 17' isa 'HASH'
ok 92 - request id
ok 93 - request type
ok 94 - status 17
ok 95 - code
ok 96 - errstr
ok 97 - 'well input 21' isa 'HASH'
ok 98 - request id
ok 99 - request type
ok 100 - status 21
ok 101 - code
ok 102 - errstr
ok 103 - 'well input 21' isa 'HASH'
ok 104 - request id
ok 105 - request type
ok 106 - status 21
ok 107 - code
ok 108 - errstr
ok 109 - 'well input 22' isa 'HASH'
ok 110 - request id
ok 111 - request type
ok 112 - status 22
ok 113 - code
ok 114 - errstr
ok 115 - 'well input 22' isa 'HASH'
ok 116 - request id
ok 117 - request type
ok 118 - status 22
ok 119 - code
ok 120 - errstr
ok 121 - 'well input 65280' isa 'HASH'
ok 122 - request id
ok 123 - request type
ok 124 - 'well input 65280' isa 'HASH'
ok 125 - request id
ok 126 - request type
ok 127 - directory with test data
ok 128 - t/test-data/00013-000-ok.bin is readable
ok 129 - open t/test-data/00013-000-ok.bin
ok 130 - response body was read (13): .0d.00.00.00.1e.00.00.00.02.00.00.00.00.00.00.00.01.00.00.00.0e.00.00.00.03.00.00.00.04.02.00.00.00.03.63.64.65.04.d7.11.00.00
ok 131 - status 13
ok 132 - status 13
ok 133 - error code 13
ok 134 - errstr 13
ok 135 - status(trash) 13
ok 136 - status(trash) 13
ok 137 - error code(trash) 13
ok 138 - errstr(trash) 13
ok 139 - t/test-data/00013-14082-error.bin is readable
ok 140 - open t/test-data/00013-14082-error.bin
ok 141 - response body was read (13): .0d.00.00.00.19.00.00.00.03.00.00.00.02.37.00.00.54.75.70.6c.65.20.61.6c.72.65.61.64.79.20.65.78.69.73.74.73.00
ok 142 - status 13
ok 143 - status 13
ok 144 - error code 13
ok 145 - errstr 13
ok 146 - status(trash) 13
ok 147 - status(trash) 13
ok 148 - error code(trash) 13
ok 149 - errstr(trash) 13
ok 150 - t/test-data/00017-000-ok.bin is readable
ok 151 - open t/test-data/00017-000-ok.bin
ok 152 - response body was read (17): .11.00.00.00.08.00.00.00.09.00.00.00.00.00.00.00.00.00.00.00
ok 153 - status 17
ok 154 - status 17
ok 155 - error code 17
ok 156 - errstr 17
ok 157 - status(trash) 17
ok 158 - status(trash) 17
ok 159 - error code(trash) 17
ok 160 - errstr(trash) 17
ok 161 - t/test-data/00019-000-ok.bin is readable
ok 162 - open t/test-data/00019-000-ok.bin
ok 163 - response body was read (19): .13.00.00.00.21.00.00.00.07.00.00.00.00.00.00.00.01.00.00.00.11.00.00.00.03.00.00.00.04.02.00.00.00.06.61.62.63.64.65.66.04.b9.03.00.00
ok 164 - status 19
ok 165 - status 19
ok 166 - error code 19
ok 167 - errstr 19
ok 168 - status(trash) 19
ok 169 - status(trash) 19
ok 170 - error code(trash) 19
ok 171 - errstr(trash) 19
ok 172 - t/test-data/00020-000-ok.bin is readable
ok 173 - open t/test-data/00020-000-ok.bin
ok 174 - response body was read (20): .14.00.00.00.08.00.00.00.08.00.00.00.00.00.00.00.01.00.00.00
ok 175 # skip legacy delete packet
ok 176 # skip legacy delete packet
ok 177 # skip legacy delete packet
ok 178 # skip legacy delete packet
ok 179 # skip legacy delete packet
ok 180 # skip legacy delete packet
ok 181 # skip legacy delete packet
ok 182 # skip legacy delete packet
ok 183 - t/test-data/00022-000-ok.bin is readable
ok 184 - open t/test-data/00022-000-ok.bin
ok 185 - response body was read (22): .16.00.00.00.21.00.00.00.56.0b.00.00.00.00.00.00.01.00.00.00.11.00.00.00.03.00.00.00.04.02.00.00.00.06.61.62.63.64.65.66.04.b9.03.00.00
ok 186 - status 22
ok 187 - status 22
ok 188 - error code 22
ok 189 - errstr 22
ok 190 - status(trash) 22
ok 191 - status(trash) 22
ok 192 - error code(trash) 22
ok 193 - errstr(trash) 22
ok 194 - t/test-data/65280-000-ok.bin is readable
ok 195 - open t/test-data/65280-000-ok.bin
ok 196 - response body was read (65280): .00.ff.00.00.00.00.00.00.00.00.00.00
ok 197 - status 65280
ok 198 - status 65280
ok 199 - error code 65280
ok 200 - errstr 65280
ok 201 - status(trash) 65280
ok 202 - status(trash) 65280
ok 203 - error code(trash) 65280
ok 204 - errstr(trash) 65280
ok 205 - t/test-data/empty_tuple.00022-000-ok.bin is readable
ok 206 - open t/test-data/empty_tuple.00022-000-ok.bin
ok 207 - response body was read (22): .16.00.00.00.10.00.00.00.01.00.00.00.00.00.00.00.01.00.00.00.00.00.00.00.00.00.00.00
ok 208 - status 22
ok 209 - status 22
ok 210 - error code 22
ok 211 - errstr 22
ok 212 - status(trash) 22
ok 213 - status(trash) 22
ok 214 - error code(trash) 22
ok 215 - errstr(trash) 22
ok 216 - Broken package 1
ok 217 - Broken package 1, too long body
ok 218 - Broken package 1, too short body
ok 219 - Broken package 1, zero length body
ok 220 - Broken package 2
ok 221 - Broken package 2, too long body
ok 222 - Broken package 2, too short body
ok 223 - Broken package 2, zero length body
ok 224 - Broken package 3
ok 225 - Broken package 3, too long body
ok 226 - Broken package 3, too short body
ok 227 - Broken package 3, zero length body
ok 228 - Broken package 4
ok 229 - Broken package 4, too long body
ok 230 - Broken package 4, too short body
ok 231 - Broken package 4, zero length body
ok 232 - Broken package 5
ok 233 - Broken package 5, too long body
ok 234 - Broken package 5, too short body
ok 235 - Broken package 5, zero length body
ok 236 - Broken package 6
ok 237 - Broken package 6, too long body
ok 238 - Broken package 6, too short body
ok 239 - Broken package 6, zero length body
ok 240 - Broken package 7
ok 241 - Broken package 7, too long body
ok 242 - Broken package 7, too short body
ok 243 - Broken package 7, zero length body
ok 244 - Broken package 8
ok 245 - Broken package 8, too long body
ok 246 - Broken package 8, too short body
ok 247 - Broken package 8, zero length body
ok 248 - Broken package 9
ok 249 - Broken package 9, too long body
ok 250 - Broken package 9, too short body
ok 251 - Broken package 9, zero length body
ok 252 - Broken package 10
ok 253 - Broken package 10, too long body
ok 254 - Broken package 10, too short body
ok 255 - Broken package 10, zero length body
ok 256 - Broken package 11
ok 257 - Broken package 11, too long body
ok 258 - Broken package 11, too short body
ok 259 - Broken package 11, zero length body
ok 260 - Broken package 12
ok 261 - Broken package 12, too long body
ok 262 - Broken package 12, too short body
ok 263 - Broken package 12, zero length body
ok 264 - Broken package 13
ok 265 - Broken package 13, too long body
ok 266 - Broken package 13, too short body
ok 267 - Broken package 13, zero length body
ok 268 - Broken package 14
ok 269 - Broken package 14, too long body
ok 270 - Broken package 14, too short body
ok 271 - Broken package 14, zero length body
ok 272 - Broken package 15
ok 273 - Broken package 15, too long body
ok 274 - Broken package 15, too short body
ok 275 - Broken package 15, zero length body
ok 276 - Broken package 16
ok 277 - Broken package 16, too long body
ok 278 - Broken package 16, too short body
ok 279 - Broken package 16, zero length body
ok 280 - Broken package 17
ok 281 - Broken package 17, too long body
ok 282 - Broken package 17, too short body
ok 283 - Broken package 17, zero length body
ok 284 - Broken package 18
ok 285 - Broken package 18, too long body
ok 286 - Broken package 18, too short body
ok 287 - Broken package 18, zero length body
ok 288 - Broken package 19
ok 289 - Broken package 19, too long body
ok 290 - Broken package 19, too short body
ok 291 - Broken package 19, zero length body
ok 292 - Broken package 20
ok 293 - Broken package 20, too long body
ok 294 - Broken package 20, too short body
ok 295 - Broken package 20, zero length body
ok 296 - Broken package 21
ok 297 - Broken package 21, too long body
ok 298 - Broken package 21, too short body
ok 299 - Broken package 21, zero length body
ok 300 - Broken package 22
ok 301 - Broken package 22, too long body
ok 302 - Broken package 22, too short body
ok 303 - Broken package 22, zero length body
ok 304 - Broken package 23
ok 305 - Broken package 23, too long body
ok 306 - Broken package 23, too short body
ok 307 - Broken package 23, zero length body
ok 308 - Broken package 24
ok 309 - Broken package 24, too long body
ok 310 - Broken package 24, too short body
ok 311 - Broken package 24, zero length body
ok 312 - Broken package 25
ok 313 - Broken package 25, too long body
ok 314 - Broken package 25, too short body
ok 315 - Broken package 25, zero length body
ok 316 - Broken package 26
ok 317 - Broken package 26, too long body
ok 318 - Broken package 26, too short body
ok 319 - Broken package 26, zero length body
ok 320 - Broken package 27
ok 321 - Broken package 27, too long body
ok 322 - Broken package 27, too short body
ok 323 - Broken package 27, zero length body
ok 324 - Broken package 28
ok 325 - Broken package 28, too long body
ok 326 - Broken package 28, too short body
ok 327 - Broken package 28, zero length body
ok 328 - Broken package 29
ok 329 - Broken package 29, too long body
ok 330 - Broken package 29, too short body
ok 331 - Broken package 29, zero length body
ok 332 - Broken package 30
ok 333 - Broken package 30, too long body
ok 334 - Broken package 30, too short body
ok 335 - Broken package 30, zero length body
ok
t/020-low_level_client.t .... 
1..100
ok 1 - use DR::Tarantool::LLClient;
ok 2 - use DR::Tarantool;
ok 3 - use File::Spec::Functions;
ok 4 - use File::Basename;
ok 5 - use AnyEvent;
ok 6 - directory with test data
ok 7 - t/test-data/llc-easy.cfg
ok 8 - An object of class 'DR::Tarantool::LLClient' isa 'DR::Tarantool::LLClient'
ok 9 - * ping reply code
ok 10 - status
ok 11 - type
ok 12 - operation code
ok 13 - operation errstr
ok 14 - insert reply code (already exists)
ok 15 - operation code
ok 16 - operation errstr
ok 17 - status
ok 18 - type
ok 19 - errstr
ok 20 - * insert reply code
ok 21 - status
ok 22 - operation code
ok 23 - operation errstr
ok 24 - type
ok 25 - key
ok 26 - f1
ok 27 - insert reply code
ok 28 - operation code
ok 29 - operation code
ok 30 - status
ok 31 - type
ok 32 - key
ok 33 - f1
ok 34 - * select reply code
ok 35 - status
ok 36 - type
ok 37 - operation code
ok 38 - operation errstr
ok 39 - first tuple
ok 40 - second tuple
ok 41 - select reply code
ok 42 - status
ok 43 - type
ok 44 - operation code
ok 45 - operation errstr
ok 46 - empty response
ok 47 - * update reply code
ok 48 - status
ok 49 - type
ok 50 - operation code
ok 51 - operation errstr
ok 52 - updated tuple 1
ok 53 - updated tuple 2
ok 54 - updated tuple 3
ok 55 - updated tuple 4
ok 56 - * update reply code
ok 57 - status
ok 58 - type
ok 59 - operation code
ok 60 - operation errstr
ok 61 - updated tuple 1
ok 62 - updated tuple 2
ok 63 - * select reply code
ok 64 - status
ok 65 - type
ok 66 - operation code
ok 67 - operation errstr
ok 68 - really removed
ok 69 - * delete reply code
ok 70 - status
ok 71 - type
ok 72 - operation code
ok 73 - operation errstr
ok 74 - deleted tuple 1
ok 75 - deleted tuple 2
ok 76 - deleted tuple 3
ok 77 - deleted tuple 4
ok 78 - * call reply code
ok 79 - status
ok 80 - type
ok 81 - updated tuple 1
ok 82 - operation code
ok 83 - operation errstr
ok 84 - updated tuple 2
ok 85 - disconnected
ok 86 - reconnected
ok 87 - * call after reconnect code
ok 88 - status
ok 89 - type
ok 90 - tuple 1
ok 91 - * fatal status
ok 92 - Error string
ok 93 - last_error_string
ok 94 - last_code
ok 95 - request after reconnect was ok
ok 96 - tuple 1
ok 97 - last_code
ok 98 - First unsuccessful connect
ok 99 - First unsuccessful connect without repeats
ok 100 - reconnect_always option
ok
t/025-ll_synclient.t ........ 
1..63
ok 1 - use DR::Tarantool::LLSyncClient;
ok 2 - use File::Spec::Functions;
ok 3 - use File::Basename;
ok 4 - use DR::Tarantool;
ok 5 - directory with test data
ok 6 - t/test-data/llc-easy.cfg
# ping
ok 7 - ping
ok 8 - ping disconnected
# call_lua
ok 9 - A reference of type 'HASH' isa 'HASH'
ok 10 - status
ok 11 - tuples
ok 12 - code
ok 13 - code
ok 14 - error
ok 15 - 2 tuples
ok 16 - type
ok 17 - Error
# insert
ok 18 - A reference of type 'HASH' isa 'HASH'
ok 19 - status
ok 20 - type
ok 21 - count
ok 22 - tuples
ok 23 - A reference of type 'HASH' isa 'HASH'
ok 24 - status
ok 25 - type
ok 26 - count
ok 27 - tuples
ok 28 - no results
ok 29 - Error message
ok 30 - last_code
ok 31 - Error message
# select
ok 32 - A reference of type 'HASH' isa 'HASH'
ok 33 - status
ok 34 - type
ok 35 - count
ok 36 - tuples
ok 37 - A reference of type 'HASH' isa 'HASH'
ok 38 - status
ok 39 - type
ok 40 - count
ok 41 - tuples
# update
ok 42 - * update reply code
ok 43 - status
ok 44 - type
ok 45 - operation code
ok 46 - operation errstr
ok 47 - updated tuple 1
ok 48 - updated tuple 2
ok 49 - updated tuple 3
ok 50 - updated tuple 4
ok 51 - update reply code
ok 52 - status
ok 53 - type
ok 54 - operation code
ok 55 - operation errstr
ok 56 - count
ok 57 - no tuples
# delete
ok 58 - * delete reply code
ok 59 - status
ok 60 - type
ok 61 - operation code
ok 62 - operation errstr
ok 63 - deleted tuple[1]
ok
t/030-spaces.t .............. 
1..149
ok 1 - use DR::Tarantool::Spaces;
ok 2 - wrong arguments
ok 3 - error message
ok 4 - wrong arguments
ok 5 - error message
ok 6 - empty spaces
ok 7 - default family
ok 8 - change family
ok 9 - space changed family
ok 10 - change again
ok 11 - space changed family again
ok 12 - index_number: undefined
ok 13 - error string
ok 14 - index_number: not found
ok 15 - error string
ok 16 - space_number(test)
ok 17 - space_number(json)
ok 18 - space_number()
ok 19 - error string
ok 20 - index_number: i0
ok 21 - index_number: i3
ok 22 - index_name: i0
ok 23 - index_name: i3
ok 24 - field_number(a)
ok 25 - field_number(b)
ok 26 - field_number(c)
ok 27 - field_number(unknown)
ok 28 - error message
ok 29 - space0->tail_index
ok 30 - space1->tail_index
ok 31 - DR::Tarantool::Tuple::Instance681ec0c71b4cc4d21c05dece8c3760bc->can(...)
ok 32 - DR::Tarantool::Tuple::Instance681ec0c71b4cc4d21c05dece8c3760bc->can(...)
ok 33 - DR::Tarantool::Tuple::Instance8fa14cdd754f91cc6554c9e71929cce7->can('f')
ok 34 - DR::Tarantool::Tuple::Instance8fa14cdd754f91cc6554c9e71929cce7->can('f')
ok 35 - pack_field NUM
ok 36 - pack_field NUM
ok 37 - pack_field NUM
ok 38 - pack_field NUM64
ok 39 - pack_field STR
ok 40 - pack_field STR
ok 41 - pack_field INT
ok 42 - pack_field STR
ok 43 - pack_field MONEY(123)
ok 44 - pack_field MONEY(-123)
ok 45 - pack_field MONEY(.12)
ok 46 - pack_field MONEY(0)
ok 47 - pack_field MONEY(12345.21)
ok 48 - pack_field MONEY(12345.20)
ok 49 - pack_field MONEY(-12345.21)
ok 50 - unpack_field NUM
ok 51 - unpack_field INT
ok 52 - unpack_field NUM
ok 53 - unpack_field NUM
ok 54 - unpack_field STR
ok 55 - unpack_field STR
ok 56 - unpack_field STR
ok 57 - unpack_field MONEY(123.45)
ok 58 - unpack_field MONEY(0)
ok 59 - unpack_field MONEY(-12.34)
ok 60 - unpack_field MONEY(0.04)
ok 61 - A reference of type 'ARRAY' isa 'ARRAY'
ok 62 - A reference of type 'ARRAY' isa 'ARRAY'
ok 63 - unpacked packed tuple
ok 64 - tuple[0]
ok 65 - tuple[1]
ok 66 - tuple[2]
ok 67 - tuple[3]
ok 68 - tuple[4]
ok 69 - tuple[5]
ok 70 - ambiguous keys warning
ok 71 - pack_keys
ok 72 - pack_keys
ok 73 - there was no ambiguous warning
ok 74 - error message
ok 75 - wrong elements count
ok 76 - ambiguous keys warning
ok 77 - pack_keys
ok 78 - pack_keys
ok 79 - there was no ambiguous warning
ok 80 - error message
ok 81 - wrong elements count
ok 82 - pack_keys
ok 83 - pack_keys
ok 84 - pack_keys
ok 85 - pack_keys
ok 86 - pack_keys
ok 87 - pack_keys
ok 88 - error message
ok 89 - * operation field
ok 90 - operation name
ok 91 - operation field: insert
ok 92 - operation name
ok 93 - operation argument
ok 94 - operation field: add
ok 95 - operation name
ok 96 - operation argument
ok 97 - operation field: and
ok 98 - operation name
ok 99 - operation argument
ok 100 - operation field: or
ok 101 - operation name
ok 102 - operation argument
ok 103 - operation field: xor
ok 104 - operation name
ok 105 - operation argument
ok 106 - operation field: set
ok 107 - operation name
ok 108 - operation argument
ok 109 - operation field: substr
ok 110 - operation name
ok 111 - operation argument 1
ok 112 - operation argument 2
ok 113 - operation argument 3
ok 114 - operation field: substr
ok 115 - operation name
ok 116 - operation argument 1
ok 117 - operation argument 2
ok 118 - operation argument 3
ok 119 - operation field: set
ok 120 - operation name
ok 121 - operation argument
ok 122 - operation field: set
ok 123 - operation name
ok 124 - operation argument
ok 125 - operation field: set
ok 126 - operation name
ok 127 - operation argument
ok 128 - pack json: undef
ok 129 - unpack json: undef
ok 130 - pack json: scalar
ok 131 - unpack json: scalar
ok 132 - pack json: empty array
ok 133 - 'unpack json: empty array' isa 'ARRAY'
ok 134 - pack json: empty hash
ok 135 - 'unpack json: empty hash' isa 'HASH'
ok 136 - pack json: array
ok 137 - 'unpack json: array' isa 'ARRAY'
ok 138 - first element
ok 139 - second element
ok 140 - pack json: array
ok 141 - 'unpack json: array' isa 'ARRAY'
ok 142 - first utf8 element
ok 143 - second utf8 element
ok 144 - pack json: hash
ok 145 - 'unpack json: hash' isa 'HASH'
ok 146 - key element
ok 147 - pack json: hash
ok 148 - 'unpack json: hash' isa 'HASH'
ok 149 - key utf8 element
ok
t/033-iterator.t ............ 
1..53
ok 1 - use DR::Tarantool::Iterator;
ok 2 - empty constructor
ok 3 - error message
ok 4 - constructor
ok 5 - An object of class 'DR::Tarantool::Iterator' isa 'DR::Tarantool::Iterator'
ok 6 - $iter->count
ok 7 - $iter->item(0)
ok 8 - $iter->item(1)
ok 9 - $iter->item(2)
ok 10 - $iter->item(-1)
ok 11 - $iter->item(-2)
ok 12 - $iter->item(-3)
ok 13 - $iter->item(3) (out of bound)
ok 14 - error message
ok 15 - $iter->item(-4) (out of bound)
ok 16 - error message
ok 17 - $iter->item("abc")
ok 18 - error message
ok 19 - $iter->item(undef)
ok 20 - error message
ok 21 - $iter->next
ok 22 - $iter->next (first)
ok 23 - $iter->reset returns old iterator position
ok 24 - $iter->next
ok 25 - $iter->all
ok 26 - $iter->all (after next)
ok 27 - $iter->next after $iter->all
ok 28 - $iter->all(sub { .. })
ok 29 - $iter->all(sub { ... }, sub { ... })
ok 30 - An object of class 'Test::Iterator::Class' isa 'Test::Iterator::Class'
ok 31 - $item->value
ok 32 - An object of class 'Test::Iterator::Class' isa 'Test::Iterator::Class'
ok 33 - blessed (not constructed)
ok 34 - An object of class 'Test::Iterator::Class' isa 'Test::Iterator::Class'
ok 35 - blessed (not constructed)
ok 36 - unblessed item
ok 37 - An object of class 'Test::Iterator::Class' isa 'Test::Iterator::Class'
ok 38 - $iter->item(1)->value
ok 39 - An object of class 'Test::Iterator::Class' isa 'Test::Iterator::Class'
ok 40 - $iter->item(1)->value
ok 41 - An object of class 'Test::Iterator::Class' isa 'Test::Iterator::Class'
ok 42 - $iter->item(1) usually blessed
ok 43 - $iter->data (get)
ok 44 - $iter->data (set)
ok 45 - $iter->data (get)
ok 46 - raw_sort
ok 47 - ->clone(0)->raw_sort
ok 48 - ->clone(1)->raw_sort
ok 49 - ->sort
ok 50 - ->grep
ok 51 - ->grep
ok 52 - ->grep
ok 53 - raw_grep
ok
t/040-tuple.t ............... 
1..67
ok 1 - use DR::Tarantool::Spaces;
ok 2 - use DR::Tarantool::Tuple;
ok 3 - An object of class 'DR::Tarantool::Tuple::Instance4f879f182b283baf32af7719e2f579c8' isa 'DR::Tarantool::Tuple'
ok 4 - raw(0)
ok 5 - raw(0)
ok 6 - raw(1)
ok 7 - raw(1)
ok 8 - raw(2)
ok 9 - raw(2)
ok 10 - raw
ok 11 - raw(3)
ok 12 - raw(3)
ok 13 - unknown
ok 14 - An object of class 'DR::Tarantool::Tuple::Instance4f879f182b283baf32af7719e2f579c8' isa 'DR::Tarantool::Tuple'
ok 15 - An object of class 'DR::Tarantool::Tuple::Instance4f879f182b283baf32af7719e2f579c8' isa 'DR::Tarantool::Tuple'
ok 16 - tp2->raw(0)
ok 17 - tp2->raw(1)
ok 18 - tp3->raw(0)
ok 19 - tp3->raw(1)
ok 20 - An object of class 'DR::Tarantool::Iterator' isa 'DR::Tarantool::Iterator'
ok 21 - count
ok 22 - raw(0)
ok 23 - raw(1)
ok 24 - raw(0)
ok 25 - raw(1)
ok 26 - raw(0)
ok 27 - raw(1)
ok 28 - iterator finished
ok 29 - 3 items by ->all
ok 30 - item[0].raw(0)
ok 31 - item[0].raw(1)
ok 32 - item[1].raw(0)
ok 33 - item[1].raw(1)
ok 34 - item[2].raw(0)
ok 35 - item[2].raw(1)
ok 36 - 3 items by ->all("a")
ok 37 - items were fetched properly
ok 38 - An object of class 'DR::Tarantool::Tuple::Instance4f879f182b283baf32af7719e2f579c8' isa 'DR::Tarantool::Tuple'
ok 39 - An object of class 'DR::Tarantool::Tuple::Instance4f879f182b283baf32af7719e2f579c8' isa 'DR::Tarantool::Tuple'
ok 40 - An object of class 'DR::Tarantool::Tuple::Instance4f879f182b283baf32af7719e2f579c8' isa 'DR::Tarantool::Tuple'
ok 41 - An object of class 'DR::Tarantool::Tuple::Instance4f879f182b283baf32af7719e2f579c8' isa 'DR::Tarantool::Tuple'
ok 42 - An object of class 'DR::Tarantool::Tuple::Instance4f879f182b283baf32af7719e2f579c8' isa 'DR::Tarantool::Tuple'
ok 43 - An object of class 'DR::Tarantool::Tuple::Instance4f879f182b283baf32af7719e2f579c8' isa 'DR::Tarantool::Tuple'
ok 44 - tuple[0]
ok 45 - tuple[0]
ok 46 - tuple[0]
ok 47 - An object of class 'DR::Tarantool::Tuple::Instance4f879f182b283baf32af7719e2f579c8' isa 'DR::Tarantool::Tuple'
ok 48 - raw(0)
ok 49 - raw(1)
ok 50 - An object of class 'DR::Tarantool::Tuple::Instance4f879f182b283baf32af7719e2f579c8' isa 'DR::Tarantool::Tuple'
ok 51 - create tuple list
ok 52 - 'iterator' isa 'DR::Tarantool::Iterator'
ok 53 - 'no iterator class' isa 'DR::Tarantool::Tuple'
ok 54 - 'iterator with TestItem' isa 'DR::Tarantool::Iterator'
ok 55 - An object of class 'TestItem' isa 'TestItem'
ok 56 - An object of class 'DR::Tarantool::Tuple::Instance4f879f182b283baf32af7719e2f579c8' isa 'DR::Tarantool::Tuple'
ok 57 - tuple(0).raw(0)
ok 58 - tuple(1).raw(0)
ok 59 - iterator saves tuple ref
ok 60 - iter without constructor name
ok 61 - iter without constructor name
ok 62 - iter without constructor name
ok 63 - iter without constructor name
ok 64 - 'item[0] isn't blessed' isa 'ARRAY'
ok 65 - 'item[1] isn't blessed' isa 'ARRAY'
ok 66 - tuple->raw
ok 67 - tuple->tail
ok
t/050-async-client.t ........ 
1..80
ok 1 - use DR::Tarantool::LLClient;
ok 2 - use DR::Tarantool::StartTest;
ok 3 - use DR::Tarantool;
ok 4 - use File::Spec::Functions;
ok 5 - use File::Basename;
ok 6 - use AnyEvent;
ok 7 - use DR::Tarantool::AsyncClient;
ok 8 - directory with test data
ok 9 - t/test-data/llc-easy2.cfg
ok 10 - An object of class 'DR::Tarantool::AsyncClient' isa 'DR::Tarantool::AsyncClient'
ok 11 - * ping
ok 12 - status
ok 13 - code
ok 14 - tuple already exists
ok 15 - * insert status
ok 16 - id
ok 17 - name
ok 18 - key
ok 19 - password
ok 20 - * insert status
ok 21 - id
ok 22 - name
ok 23 - key
ok 24 - password
ok 25 - * call status
ok 26 - 'tuple packed' isa 'DR::Tarantool::Tuple'
ok 27 - id
ok 28 - name
ok 29 - key
ok 30 - status
ok 31 - 'tuple packed' isa 'DR::Tarantool::Tuple'
ok 32 - id
ok 33 - name
ok 34 - key
ok 35 - password
ok 36 - status
ok 37 - 'tuple packed' isa 'DR::Tarantool::Tuple'
ok 38 - id
ok 39 - name
ok 40 - key
ok 41 - password
ok 42 - status
ok 43 - 'tuple packed' isa 'DR::Tarantool::Tuple'
ok 44 - id
ok 45 - name
ok 46 - key
ok 47 - password
ok 48 - status
ok 49 - there is no tuple
ok 50 - status
ok 51 - code
ok 52 - errstr
ok 53 - * select status
ok 54 - count of elements
ok 55 - tuple(0)->id
ok 56 - tuple(0)->id
ok 57 - tuple(1}->id
ok 58 - tuple(1)->id
ok 59 - select (limit) status
ok 60 - count of elements
ok 61 - tuple(0)->id
ok 62 - tuple(0)->id
ok 63 - select (limit) status
ok 64 - count of elements
ok 65 - tuple(0)->id
ok 66 - tuple(0)->id
ok 67 - select status (not primary index)
ok 68 - count of elements
ok 69 - tuple(0)->id
ok 70 - select deleted status
ok 71 - there is no tuple
ok 72 - * delete status
ok 73 - select deleted status
ok 74 - 'tuple was selected' isa 'DR::Tarantool::Tuple'
ok 75 - field was updated
ok 76 - * update status
ok 77 - tuple
ok 78 - * update status
ok 79 - 'tuple was selected' isa 'DR::Tarantool::Tuple'
ok 80 - field was updated
ok
t/060-sync-client.t ......... 
1..57
ok 1 - use DR::Tarantool::LLClient;
ok 2 - use DR::Tarantool::StartTest;
ok 3 - use DR::Tarantool;
ok 4 - use File::Spec::Functions;
ok 5 - use File::Basename;
ok 6 - use AnyEvent;
ok 7 - use DR::Tarantool::SyncClient;
ok 8 - directory with test data
ok 9 - t/test-data/llc-easy2.cfg
ok 10 - An object of class 'DR::Tarantool::SyncClient' isa 'DR::Tarantool::SyncClient'
ok 11 - last_code
ok 12 - last_error_string
ok 13 - * ping
ok 14 - '* insert tuple packed' isa 'DR::Tarantool::Tuple'
ok 15 - id
ok 16 - name
ok 17 - key
ok 18 - password
ok 19 - 'insert tuple packed' isa 'DR::Tarantool::Tuple'
ok 20 - id
ok 21 - name
ok 22 - key
ok 23 - password
ok 24 - '* call tuple packed' isa 'DR::Tarantool::Tuple'
ok 25 - id
ok 26 - name
ok 27 - key
ok 28 - password
ok 29 - '* select tuple packed' isa 'DR::Tarantool::Tuple'
ok 30 - id
ok 31 - name
ok 32 - key
ok 33 - password
ok 34 - 'select tuple packed (i1)' isa 'DR::Tarantool::Tuple'
ok 35 - id
ok 36 - name
ok 37 - key
ok 38 - password
ok 39 - 'select tuple packed (i2)' isa 'DR::Tarantool::Tuple'
ok 40 - id
ok 41 - name
ok 42 - key
ok 43 - password
ok 44 - * update without flags
ok 45 - 'update with flags' isa 'DR::Tarantool::Tuple'
ok 46 - $t->name
ok 47 - JSON insert: undef
ok 48 - JSON insert: scalar
ok 49 - JSON insert: utf8 scalar
ok 50 - 'JSON insert: hash' isa 'HASH'
ok 51 - JSON insert: hash value
ok 52 - raise error
ok 53 - error message
ok 54 - no raise error
ok 55 - error message
ok 56 - 'JSON insert: hash' isa 'HASH'
ok 57 - JSON insert: hash utf8 value
ok
t/065-realsync-client.t ..... 
1..62
ok 1 - use DR::Tarantool::LLClient;
ok 2 - use DR::Tarantool::StartTest;
ok 3 - use DR::Tarantool;
ok 4 - use File::Spec::Functions;
ok 5 - use File::Basename;
ok 6 - use AnyEvent;
ok 7 - use DR::Tarantool::RealSyncClient;
ok 8 - use Time::HiRes;
ok 9 - directory with test data
ok 10 - t/test-data/llc-easy2.cfg
ok 11 - An object of class 'DR::Tarantool::RealSyncClient' isa 'DR::Tarantool::RealSyncClient'
ok 12 - last_code
ok 13 - last_error_string
ok 14 - * ping
ok 15 - '* insert tuple packed' isa 'DR::Tarantool::Tuple'
ok 16 - id
ok 17 - name
ok 18 - key
ok 19 - password
ok 20 - 'insert tuple packed' isa 'DR::Tarantool::Tuple'
ok 21 - id
ok 22 - name
ok 23 - key
ok 24 - password
ok 25 - '* call tuple packed' isa 'DR::Tarantool::Tuple'
ok 26 - id
ok 27 - name
ok 28 - key
ok 29 - password
ok 30 - '* select tuple packed' isa 'DR::Tarantool::Tuple'
ok 31 - id
ok 32 - name
ok 33 - key
ok 34 - password
ok 35 - 'select tuple packed (i1)' isa 'DR::Tarantool::Tuple'
ok 36 - id
ok 37 - name
ok 38 - key
ok 39 - password
ok 40 - 'select tuple packed (i2)' isa 'DR::Tarantool::Tuple'
ok 41 - id
ok 42 - name
ok 43 - key
ok 44 - password
ok 45 - * update without flags
ok 46 - 'update with flags' isa 'DR::Tarantool::Tuple'
ok 47 - $t->name
ok 48 - JSON insert: undef
ok 49 - JSON insert: scalar
ok 50 - JSON insert: utf8 scalar
ok 51 - 'JSON insert: hash' isa 'HASH'
ok 52 - JSON insert: hash value
ok 53 - raise error
ok 54 - error message
ok 55 - no raise error
ok 56 - error message
ok 57 - 'JSON insert: hash' isa 'HASH'
ok 58 - JSON insert: hash utf8 value
ok 59 - delete
ok 60 - JSON delete: hash utf8 value
# EINTR
ok 61 - SIG{ALRM} received
ok 62 - response received
ok
t/070-coro-client.t ......... skipped: Coro isn't installed
t/080-tarantool.t ........... 
1..33
ok 1 - use DR::Tarantool::LLClient;
ok 2 - use DR::Tarantool::StartTest;
ok 3 - use DR::Tarantool;
ok 4 - use File::Spec::Functions;
ok 5 - use File::Basename;
ok 6 - use AnyEvent;
ok 7 - use DR::Tarantool::SyncClient;
ok 8 - directory with test data
ok 9 - t/test-data/llc-easy2.cfg
ok 10 - An object of class 'DR::Tarantool::SyncClient' isa 'DR::Tarantool::SyncClient'
ok 11 - * tarantool ping
ok 12 - An object of class 'DR::Tarantool::Tuple::Instance3f15bedbb616bc3416a008130343b0a2' isa 'DR::Tarantool::Tuple'
ok 13 - money(1.23)
ok 14 - key(11)
ok 15 - An object of class 'DR::Tarantool::Tuple::Instance3f15bedbb616bc3416a008130343b0a2' isa 'DR::Tarantool::Tuple'
ok 16 - money(2.35)
ok 17 - key(112)
ok 18 - An object of class 'DR::Tarantool::Tuple::Instance3f15bedbb616bc3416a008130343b0a2' isa 'DR::Tarantool::Tuple'
ok 19 - money(-0.82)
ok 20 - key(-110)
ok 21 - An object of class 'DR::Tarantool::Tuple::Instance3f15bedbb616bc3416a008130343b0a2' isa 'DR::Tarantool::Tuple'
ok 22 - key(-121)
ok 23 - money(-2.34)
ok 24 - An object of class 'DR::Tarantool::Tuple::Instance3f15bedbb616bc3416a008130343b0a2' isa 'DR::Tarantool::Tuple'
ok 25 - key(-222)
ok 26 - money(-3.46)
ok 27 - An object of class 'DR::Tarantool::Tuple::Instance3f15bedbb616bc3416a008130343b0a2' isa 'DR::Tarantool::Tuple'
ok 28 - key(555)
ok 29 - money(1.71)
ok 30 - An object of class 'DR::Tarantool::AsyncClient' isa 'DR::Tarantool::AsyncClient'
ok 31 - * async_tarantool ping
ok 32 # skip Coro isn't installed
ok 33 # skip Coro isn't installed
ok
t/090-parallel-requests.t ... 
1..48
ok 1 - use DR::Tarantool::LLClient;
ok 2 - use DR::Tarantool;
ok 3 - use File::Spec::Functions;
ok 4 - use File::Basename;
ok 5 - use AnyEvent;
ok 6 - use DR::Tarantool::AsyncClient;
ok 7 - directory with test data
ok 8 - t/test-data/llc-easy2.cfg
ok 9 - -d t/test-data
ok 10 - -r t/test-data/init.lua
ok 11 - An object of class 'DR::Tarantool::AsyncClient' isa 'DR::Tarantool::AsyncClient'
ok 12 - first call test_parallel: status
ok 13 - return value
ok 14 - id: 1
ok 15 - delay minimum
ok 16 - delay maximum
ok 17 - id: 8
ok 18 - delay minimum
ok 19 - delay maximum
ok 20 - id: 4
ok 21 - delay minimum
ok 22 - delay maximum
ok 23 - id: 10
ok 24 - delay minimum
ok 25 - delay maximum
ok 26 - id: 2
ok 27 - delay minimum
ok 28 - delay maximum
ok 29 - id: 0
ok 30 - delay minimum
ok 31 - delay maximum
ok 32 - id: 7
ok 33 - delay minimum
ok 34 - delay maximum
ok 35 - id: 5
ok 36 - delay minimum
ok 37 - delay maximum
ok 38 - id: 6
ok 39 - delay minimum
ok 40 - delay maximum
ok 41 - id: 3
ok 42 - delay minimum
ok 43 - delay maximum
ok 44 - id: 9
ok 45 - delay minimum
ok 46 - delay maximum
ok 47 - total time
ok 48 - total time less than 1 second
ok
t/100-transform.t ........... 
1..17
ok 1 - use DR::Tarantool;
ok 2 - use DR::Tarantool;
ok 3 - use File::Spec::Functions;
ok 4 - use File::Basename;
ok 5 - use AnyEvent;
ok 6 - use DR::Tarantool::AsyncClient;
ok 7 - directory with test data
ok 8 - t/test-data/llc-easy.cfg
ok 9 - -d t/test-data
ok 10 - -r t/test-data/init.lua
ok 11 - Connected
ok 12 - tuple was written
ok 13 - tuple was read by dostring
ok 14 - tuple was read by dostring
ok 15 - tuple was read by dostring
ok 16 - tuple was read
ok 17 - Tarantool is still working
ok
t/110-netsplit-readahead.t .. 
1..31
ok 1 - use DR::Tarantool::LLClient;
ok 2 - use DR::Tarantool;
ok 3 - use File::Spec::Functions;
ok 4 - use File::Basename;
ok 5 - use AnyEvent;
ok 6 - use DR::Tarantool::AsyncClient;
ok 7 - directory with test data
ok 8 - t/test-data/llc-easy2.cfg
ok 9 - -d t/test-data
ok 10 - -r t/test-data/init.lua
ok 11 - An object of class 'DR::Tarantool::AsyncClient' isa 'DR::Tarantool::AsyncClient'
ok 12 - first call test_parallel: status
ok 13 - return value
ok 14 - id: 3
ok 15 - delay minimum
ok 16 - delay maximum
ok 17 - Length of tuple
ok 18 - id: 0
ok 19 - delay minimum
ok 20 - delay maximum
ok 21 - Length of tuple
ok 22 - id: 2
ok 23 - delay minimum
ok 24 - delay maximum
ok 25 - Length of tuple
ok 26 - id: 1
ok 27 - delay minimum
ok 28 - delay maximum
ok 29 - Length of tuple
ok 30 - total time
ok 31 - total time less than 1 second
ok
t/120-sessionid.t ........... skipped: Coro isn't installed
t/130-reconnect.t ........... 
1..17
ok 1 - use DR::Tarantool::StartTest;
ok 2 - use DR::Tarantool::SyncClient;
ok 3 - use File::Spec::Functions;
ok 4 - use File::Basename;
ok 5 - use AnyEvent;
ok 6 - directory with test data
ok 7 - t/test-data/llc-easy2.cfg
ok 8 - tarantool is started
ok 9 - ping
ok 10 - client2->ping
ok 11 - tarantool is not started
ok 12 - does not ping
ok 13 - does not ping
ok 14 - does not client2->ping
ok 15 - does not client2->ping
ok 16 - tarantool  is started
ok 17 - does not client2->ping
ok
t/900-podspell.t ............ 
1..19
ok 1 - POD spelling for lib/DR/Tarantool.pm
ok 2 - POD spelling for lib/DR/Tarantool/SyncClient.pm
ok 3 - POD spelling for lib/DR/Tarantool/StartTest.pm
ok 4 - POD spelling for lib/DR/Tarantool/Iterator.pm
ok 5 - POD spelling for lib/DR/Tarantool/Tuple.pm
ok 6 - POD spelling for lib/DR/Tarantool/MsgPack.pm
ok 7 - POD spelling for lib/DR/Tarantool/LLSyncClient.pm
ok 8 - POD spelling for lib/DR/Tarantool/AsyncClient.pm
ok 9 - POD spelling for lib/DR/Tarantool/RealSyncClient.pm
ok 10 - POD spelling for lib/DR/Tarantool/LLClient.pm
ok 11 - POD spelling for lib/DR/Tarantool/Spaces.pm
ok 12 - POD spelling for lib/DR/Tarantool/CoroClient.pm
ok 13 - POD spelling for lib/DR/Tarantool/AEConnection.pm
ok 14 - POD spelling for lib/DR/Tarantool/Tuple/MsgPack.pm
ok 15 - POD spelling for lib/DR/Tarantool/MsgPack/SyncClient.pm
ok 16 - POD spelling for lib/DR/Tarantool/MsgPack/AsyncClient.pm
ok 17 - POD spelling for lib/DR/Tarantool/MsgPack/LLClient.pm
ok 18 - POD spelling for lib/DR/Tarantool/MsgPack/CoroClient.pm
ok 19 - POD spelling for lib/DR/Tarantool/MsgPack/Proto.pm
ok
t/910-pod.t ................. skipped: Test::Pod 1.00 required for testing POD
All tests successful.
Files=20, Tests=1197,  9 wallclock secs ( 0.12 usr  0.02 sys +  2.24 cusr  0.41 csys =  2.79 CPU)
Result: PASS
true
make[1]: Leaving directory '/<<PKGBUILDDIR>>'
touch debian/stamp-makefile-check
 fakeroot debian/rules binary
test -x debian/rules
dh_testroot
dh_prep 
dh_installdirs -A 
dh_installdirs: warning: Compatibility levels before 9 are deprecated (level 7 in use)
mkdir -p "."
CDBS WARNING:    DEB_DH_INSTALLCHANGELOGS_ARGS is deprecated since 0.4.85
/usr/bin/make -C . OPTIMIZE="-g -O2 -fdebug-prefix-map=/<<PKGBUILDDIR>>=. -fstack-protector-strong -Wformat -Werror=format-security -D_REENTRANT -D_GNU_SOURCE -DDEBIAN -fwrapv -fno-strict-aliasing -pipe -I/usr/local/include -D_LARGEFILE_SOURCE -D_FILE_OFFSET_BITS=64 -Wdate-time -D_FORTIFY_SOURCE=2 -D_REENTRANT -D_GNU_SOURCE -DDEBIAN -fwrapv -fno-strict-aliasing -pipe -I/usr/local/include" LDDLFLAGS="-Wl,-z,relro -shared -L/usr/local/lib -fstack-protector-strong" install DESTDIR=" /<<PKGBUILDDIR>>/debian/libdr-tarantool-perl"
make[1]: Entering directory '/<<PKGBUILDDIR>>'
true
true
true
true
rm -rf blib/arch/auto/DR/Tarantool/Tarantool.bs
"/usr/bin/perl" -MExtUtils::Command::MM -e 'cp_nonempty' -- Tarantool.bs blib/arch/auto/DR/Tarantool/Tarantool.bs 644
true
true
true
true
true
"/usr/bin/perl" "-MExtUtils::Command::MM" -e pod2man "--" --section=3pm --perm_rw=644 -u \
  lib/DR/Tarantool.pm blib/man3/DR::Tarantool.3pm \
  lib/DR/Tarantool/AsyncClient.pm blib/man3/DR::Tarantool::AsyncClient.3pm \
  lib/DR/Tarantool/CoroClient.pm blib/man3/DR::Tarantool::CoroClient.3pm \
  lib/DR/Tarantool/Iterator.pm blib/man3/DR::Tarantool::Iterator.3pm \
  lib/DR/Tarantool/LLClient.pm blib/man3/DR::Tarantool::LLClient.3pm \
  lib/DR/Tarantool/MsgPack.pm blib/man3/DR::Tarantool::MsgPack.3pm \
  lib/DR/Tarantool/MsgPack/AsyncClient.pm blib/man3/DR::Tarantool::MsgPack::AsyncClient.3pm \
  lib/DR/Tarantool/RealSyncClient.pm blib/man3/DR::Tarantool::RealSyncClient.3pm \
  lib/DR/Tarantool/Spaces.pm blib/man3/DR::Tarantool::Spaces.3pm \
  lib/DR/Tarantool/StartTest.pm blib/man3/DR::Tarantool::StartTest.3pm \
  lib/DR/Tarantool/SyncClient.pm blib/man3/DR::Tarantool::SyncClient.3pm \
  lib/DR/Tarantool/Tuple.pm blib/man3/DR::Tarantool::Tuple.3pm \
  lib/DR/Tarantool/Tuple/MsgPack.pm blib/man3/DR::Tarantool::Tuple::MsgPack.3pm 
Manifying 13 pod documents
true
umask 022; "/usr/bin/perl" -MExtUtils::Install -e 'install([ from_to => {@ARGV}, verbose => '\''0'\'', uninstall_shadows => '\''0'\'', dir_mode => '\''755'\'' ]);' -- \
	"blib/lib" "/<<PKGBUILDDIR>>/debian/libdr-tarantool-perl/usr/share/perl5" \
	"blib/arch" "/<<PKGBUILDDIR>>/debian/libdr-tarantool-perl/usr/lib/x86_64-linux-gnu/perl5/5.30" \
	"blib/bin" "/<<PKGBUILDDIR>>/debian/libdr-tarantool-perl/usr/bin" \
	"blib/script" "/<<PKGBUILDDIR>>/debian/libdr-tarantool-perl/usr/bin" \
	"blib/man1" "/<<PKGBUILDDIR>>/debian/libdr-tarantool-perl/usr/share/man/man1" \
	"blib/man3" "/<<PKGBUILDDIR>>/debian/libdr-tarantool-perl/usr/share/man/man3"
Files found in blib/arch: installing files in blib/lib into architecture dependent library tree
Installing /<<PKGBUILDDIR>>/debian/libdr-tarantool-perl/usr/lib/x86_64-linux-gnu/perl5/5.30/auto/DR/Tarantool/Tarantool.so
Installing /<<PKGBUILDDIR>>/debian/libdr-tarantool-perl/usr/lib/x86_64-linux-gnu/perl5/5.30/DR/Tarantool.pm
Installing /<<PKGBUILDDIR>>/debian/libdr-tarantool-perl/usr/lib/x86_64-linux-gnu/perl5/5.30/DR/Tarantool/SyncClient.pm
Installing /<<PKGBUILDDIR>>/debian/libdr-tarantool-perl/usr/lib/x86_64-linux-gnu/perl5/5.30/DR/Tarantool/StartTest.pm
Installing /<<PKGBUILDDIR>>/debian/libdr-tarantool-perl/usr/lib/x86_64-linux-gnu/perl5/5.30/DR/Tarantool/Iterator.pm
Installing /<<PKGBUILDDIR>>/debian/libdr-tarantool-perl/usr/lib/x86_64-linux-gnu/perl5/5.30/DR/Tarantool/Tuple.pm
Installing /<<PKGBUILDDIR>>/debian/libdr-tarantool-perl/usr/lib/x86_64-linux-gnu/perl5/5.30/DR/Tarantool/MsgPack.pm
Installing /<<PKGBUILDDIR>>/debian/libdr-tarantool-perl/usr/lib/x86_64-linux-gnu/perl5/5.30/DR/Tarantool/LLSyncClient.pm
Installing /<<PKGBUILDDIR>>/debian/libdr-tarantool-perl/usr/lib/x86_64-linux-gnu/perl5/5.30/DR/Tarantool/AsyncClient.pm
Installing /<<PKGBUILDDIR>>/debian/libdr-tarantool-perl/usr/lib/x86_64-linux-gnu/perl5/5.30/DR/Tarantool/RealSyncClient.pm
Installing /<<PKGBUILDDIR>>/debian/libdr-tarantool-perl/usr/lib/x86_64-linux-gnu/perl5/5.30/DR/Tarantool/LLClient.pm
Installing /<<PKGBUILDDIR>>/debian/libdr-tarantool-perl/usr/lib/x86_64-linux-gnu/perl5/5.30/DR/Tarantool/Spaces.pm
Installing /<<PKGBUILDDIR>>/debian/libdr-tarantool-perl/usr/lib/x86_64-linux-gnu/perl5/5.30/DR/Tarantool/CoroClient.pm
Installing /<<PKGBUILDDIR>>/debian/libdr-tarantool-perl/usr/lib/x86_64-linux-gnu/perl5/5.30/DR/Tarantool/AEConnection.pm
Installing /<<PKGBUILDDIR>>/debian/libdr-tarantool-perl/usr/lib/x86_64-linux-gnu/perl5/5.30/DR/Tarantool/Tuple/MsgPack.pm
Installing /<<PKGBUILDDIR>>/debian/libdr-tarantool-perl/usr/lib/x86_64-linux-gnu/perl5/5.30/DR/Tarantool/MsgPack/SyncClient.pm
Installing /<<PKGBUILDDIR>>/debian/libdr-tarantool-perl/usr/lib/x86_64-linux-gnu/perl5/5.30/DR/Tarantool/MsgPack/AsyncClient.pm
Installing /<<PKGBUILDDIR>>/debian/libdr-tarantool-perl/usr/lib/x86_64-linux-gnu/perl5/5.30/DR/Tarantool/MsgPack/LLClient.pm
Installing /<<PKGBUILDDIR>>/debian/libdr-tarantool-perl/usr/lib/x86_64-linux-gnu/perl5/5.30/DR/Tarantool/MsgPack/CoroClient.pm
Installing /<<PKGBUILDDIR>>/debian/libdr-tarantool-perl/usr/lib/x86_64-linux-gnu/perl5/5.30/DR/Tarantool/MsgPack/Proto.pm
Installing /<<PKGBUILDDIR>>/debian/libdr-tarantool-perl/usr/share/man/man3/DR::Tarantool::AsyncClient.3pm
Installing /<<PKGBUILDDIR>>/debian/libdr-tarantool-perl/usr/share/man/man3/DR::Tarantool::CoroClient.3pm
Installing /<<PKGBUILDDIR>>/debian/libdr-tarantool-perl/usr/share/man/man3/DR::Tarantool::Spaces.3pm
Installing /<<PKGBUILDDIR>>/debian/libdr-tarantool-perl/usr/share/man/man3/DR::Tarantool::Tuple.3pm
Installing /<<PKGBUILDDIR>>/debian/libdr-tarantool-perl/usr/share/man/man3/DR::Tarantool::MsgPack::AsyncClient.3pm
Installing /<<PKGBUILDDIR>>/debian/libdr-tarantool-perl/usr/share/man/man3/DR::Tarantool::StartTest.3pm
Installing /<<PKGBUILDDIR>>/debian/libdr-tarantool-perl/usr/share/man/man3/DR::Tarantool::MsgPack.3pm
Installing /<<PKGBUILDDIR>>/debian/libdr-tarantool-perl/usr/share/man/man3/DR::Tarantool::Iterator.3pm
Installing /<<PKGBUILDDIR>>/debian/libdr-tarantool-perl/usr/share/man/man3/DR::Tarantool::Tuple::MsgPack.3pm
Installing /<<PKGBUILDDIR>>/debian/libdr-tarantool-perl/usr/share/man/man3/DR::Tarantool.3pm
Installing /<<PKGBUILDDIR>>/debian/libdr-tarantool-perl/usr/share/man/man3/DR::Tarantool::RealSyncClient.3pm
Installing /<<PKGBUILDDIR>>/debian/libdr-tarantool-perl/usr/share/man/man3/DR::Tarantool::SyncClient.3pm
Installing /<<PKGBUILDDIR>>/debian/libdr-tarantool-perl/usr/share/man/man3/DR::Tarantool::LLClient.3pm
true
true
true
make[1]: Leaving directory '/<<PKGBUILDDIR>>'
touch debian/stamp-makefile-install
Adding cdbs dependencies to debian/libdr-tarantool-perl.substvars
dh_installdirs -plibdr-tarantool-perl \
	
dh_installdirs: warning: Compatibility levels before 9 are deprecated (level 7 in use)
test 0.45 = 0.45
make tardist
make[1]: Entering directory '/<<PKGBUILDDIR>>'
rm -rf DR-Tarantool-0.45
"/usr/bin/perl" "-MExtUtils::Manifest=manicopy,maniread" \
	-e "manicopy(maniread(),'DR-Tarantool-0.45', 'best');"
mkdir DR-Tarantool-0.45
mkdir DR-Tarantool-0.45/lib
mkdir DR-Tarantool-0.45/lib/DR
mkdir DR-Tarantool-0.45/lib/DR/Tarantool
mkdir DR-Tarantool-0.45/lib/DR/Tarantool/MsgPack
mkdir DR-Tarantool-0.45/t
mkdir DR-Tarantool-0.45/t/1.6
mkdir DR-Tarantool-0.45/t/1.6/data
mkdir DR-Tarantool-0.45/debian
mkdir DR-Tarantool-0.45/t/test-data
mkdir DR-Tarantool-0.45/st
mkdir DR-Tarantool-0.45/st/Check
mkdir DR-Tarantool-0.45/rpm
mkdir DR-Tarantool-0.45/rpm/SOURCES
mkdir DR-Tarantool-0.45/lib/DR/Tarantool/Tuple
mkdir DR-Tarantool-0.45/debian/source
echo Generating META.yml
Generating META.yml
echo '---' > META_new.yml
echo 'abstract: '\''a Perl driver for L<Tarantool|http://tarantool.org>'\''' >> META_new.yml
echo 'author:' >> META_new.yml
echo '  - '\''Dmitry E. Oboukhov <unera@debian.org>'\''' >> META_new.yml
echo 'build_requires:' >> META_new.yml
echo '  ExtUtils::MakeMaker: '\''0'\''' >> META_new.yml
echo 'configure_requires:' >> META_new.yml
echo '  ExtUtils::MakeMaker: '\''0'\''' >> META_new.yml
echo 'dynamic_config: 1' >> META_new.yml
echo 'generated_by: '\''ExtUtils::MakeMaker version 7.34, CPAN::Meta::Converter version 2.150010'\''' >> META_new.yml
echo 'license: artistic' >> META_new.yml
echo 'meta-spec:' >> META_new.yml
echo '  url: http://module-build.sourceforge.net/META-spec-v1.4.html' >> META_new.yml
echo '  version: '\''1.4'\''' >> META_new.yml
echo 'name: DR-Tarantool' >> META_new.yml
echo 'no_index:' >> META_new.yml
echo '  directory:' >> META_new.yml
echo '    - t' >> META_new.yml
echo '    - inc' >> META_new.yml
echo 'requires:' >> META_new.yml
echo '  AnyEvent: '\''0'\''' >> META_new.yml
echo '  Carp: '\''0'\''' >> META_new.yml
echo '  Cwd: '\''0'\''' >> META_new.yml
echo '  Devel::GlobalDestruction: '\''0'\''' >> META_new.yml
echo '  File::Path: '\''0'\''' >> META_new.yml
echo '  File::Spec::Functions: '\''0'\''' >> META_new.yml
echo '  File::Temp: '\''0'\''' >> META_new.yml
echo '  IO::Socket::INET: '\''0'\''' >> META_new.yml
echo '  JSON::XS: '\''0'\''' >> META_new.yml
echo '  List::MoreUtils: '\''0'\''' >> META_new.yml
echo 'resources:' >> META_new.yml
echo '  bugtracker: https://github.com/dr-co/dr-tarantool/issues' >> META_new.yml
echo '  homepage: https://github.com/dr-co/dr-tarantool' >> META_new.yml
echo '  repository: https://github.com/dr-co/dr-tarantool' >> META_new.yml
echo 'version: '\''0.45'\''' >> META_new.yml
echo 'x_serialization_backend: '\''CPAN::Meta::YAML version 0.018'\''' >> META_new.yml
mv META_new.yml DR-Tarantool-0.45/META.yml
echo Generating META.json
Generating META.json
echo '{' > META_new.json
echo '   "abstract" : "a Perl driver for L<Tarantool|http://tarantool.org>",' >> META_new.json
echo '   "author" : [' >> META_new.json
echo '      "Dmitry E. Oboukhov <unera@debian.org>"' >> META_new.json
echo '   ],' >> META_new.json
echo '   "dynamic_config" : 1,' >> META_new.json
echo '   "generated_by" : "ExtUtils::MakeMaker version 7.34, CPAN::Meta::Converter version 2.150010",' >> META_new.json
echo '   "license" : [' >> META_new.json
echo '      "artistic_1"' >> META_new.json
echo '   ],' >> META_new.json
echo '   "meta-spec" : {' >> META_new.json
echo '      "url" : "http://search.cpan.org/perldoc?CPAN::Meta::Spec",' >> META_new.json
echo '      "version" : 2' >> META_new.json
echo '   },' >> META_new.json
echo '   "name" : "DR-Tarantool",' >> META_new.json
echo '   "no_index" : {' >> META_new.json
echo '      "directory" : [' >> META_new.json
echo '         "t",' >> META_new.json
echo '         "inc"' >> META_new.json
echo '      ]' >> META_new.json
echo '   },' >> META_new.json
echo '   "prereqs" : {' >> META_new.json
echo '      "build" : {' >> META_new.json
echo '         "requires" : {' >> META_new.json
echo '            "ExtUtils::MakeMaker" : "0"' >> META_new.json
echo '         }' >> META_new.json
echo '      },' >> META_new.json
echo '      "configure" : {' >> META_new.json
echo '         "requires" : {' >> META_new.json
echo '            "ExtUtils::MakeMaker" : "0"' >> META_new.json
echo '         }' >> META_new.json
echo '      },' >> META_new.json
echo '      "runtime" : {' >> META_new.json
echo '         "requires" : {' >> META_new.json
echo '            "AnyEvent" : "0",' >> META_new.json
echo '            "Carp" : "0",' >> META_new.json
echo '            "Cwd" : "0",' >> META_new.json
echo '            "Devel::GlobalDestruction" : "0",' >> META_new.json
echo '            "File::Path" : "0",' >> META_new.json
echo '            "File::Spec::Functions" : "0",' >> META_new.json
echo '            "File::Temp" : "0",' >> META_new.json
echo '            "IO::Socket::INET" : "0",' >> META_new.json
echo '            "JSON::XS" : "0",' >> META_new.json
echo '            "List::MoreUtils" : "0"' >> META_new.json
echo '         }' >> META_new.json
echo '      }' >> META_new.json
echo '   },' >> META_new.json
echo '   "release_status" : "stable",' >> META_new.json
echo '   "resources" : {' >> META_new.json
echo '      "bugtracker" : {' >> META_new.json
echo '         "web" : "https://github.com/dr-co/dr-tarantool/issues"' >> META_new.json
echo '      },' >> META_new.json
echo '      "homepage" : "https://github.com/dr-co/dr-tarantool",' >> META_new.json
echo '      "repository" : {' >> META_new.json
echo '         "url" : "https://github.com/dr-co/dr-tarantool"' >> META_new.json
echo '      }' >> META_new.json
echo '   },' >> META_new.json
echo '   "version" : "0.45",' >> META_new.json
echo '   "x_serialization_backend" : "JSON::PP version 4.02"' >> META_new.json
echo '}' >> META_new.json
mv META_new.json DR-Tarantool-0.45/META.json
cd DR-Tarantool-0.45 && "/usr/bin/perl" -MExtUtils::Manifest=maniadd -e 'exit unless -e q{META.yml};' \
  -e 'eval { maniadd({q{META.yml} => q{Module YAML meta-data (added by MakeMaker)}}) }' \
  -e '    or die "Could not add META.yml to MANIFEST: ${'\''@'\''}"' --
cd DR-Tarantool-0.45 && "/usr/bin/perl" -MExtUtils::Manifest=maniadd -e 'exit unless -f q{META.json};' \
  -e 'eval { maniadd({q{META.json} => q{Module JSON meta-data (added by MakeMaker)}}) }' \
  -e '    or die "Could not add META.json to MANIFEST: ${'\''@'\''}"' --
true
true
true
tar cvf DR-Tarantool-0.45.tar DR-Tarantool-0.45
DR-Tarantool-0.45/
DR-Tarantool-0.45/MANIFEST
DR-Tarantool-0.45/META.json
DR-Tarantool-0.45/Tarantool.o
DR-Tarantool-0.45/t/
DR-Tarantool-0.45/t/910-pod.t
DR-Tarantool-0.45/t/100-transform.t
DR-Tarantool-0.45/t/120-sessionid.t
DR-Tarantool-0.45/t/080-tarantool.t
DR-Tarantool-0.45/t/test-data/
DR-Tarantool-0.45/t/test-data/00013-14082-error.bin
DR-Tarantool-0.45/t/test-data/00019-000-ok.bin
DR-Tarantool-0.45/t/test-data/llc-easy2.cfg
DR-Tarantool-0.45/t/test-data/llc-easy.cfg
DR-Tarantool-0.45/t/test-data/00013-000-ok.bin
DR-Tarantool-0.45/t/test-data/init.lua
DR-Tarantool-0.45/t/test-data/00020-000-ok.bin
DR-Tarantool-0.45/t/test-data/00017-000-ok.bin
DR-Tarantool-0.45/t/test-data/00022-000-ok.bin
DR-Tarantool-0.45/t/test-data/65280-000-ok.bin
DR-Tarantool-0.45/t/test-data/empty_tuple.00022-000-ok.bin
DR-Tarantool-0.45/t/920-critic.xt
DR-Tarantool-0.45/t/020-low_level_client.t
DR-Tarantool-0.45/t/070-coro-client.t
DR-Tarantool-0.45/t/130-reconnect.t
DR-Tarantool-0.45/t/900-podspell.t
DR-Tarantool-0.45/t/1.6/
DR-Tarantool-0.45/t/1.6/040-msgpack-sync.t
DR-Tarantool-0.45/t/1.6/data/
DR-Tarantool-0.45/t/1.6/data/ll-grant.lua
DR-Tarantool-0.45/t/1.6/data/ll.lua
DR-Tarantool-0.45/t/1.6/017-msgpack-proto.t
DR-Tarantool-0.45/t/1.6/022-msgpack-llclient.t
DR-Tarantool-0.45/t/1.6/050-msgpack-coro.t
DR-Tarantool-0.45/t/1.6/030-msgpack-async.t
DR-Tarantool-0.45/t/1.6/015-msgpack-xs.t
DR-Tarantool-0.45/t/060-sync-client.t
DR-Tarantool-0.45/t/030-spaces.t
DR-Tarantool-0.45/t/110-netsplit-readahead.t
DR-Tarantool-0.45/t/025-ll_synclient.t
DR-Tarantool-0.45/t/090-parallel-requests.t
DR-Tarantool-0.45/t/005-connection.t
DR-Tarantool-0.45/t/050-async-client.t
DR-Tarantool-0.45/t/010-xs.t
DR-Tarantool-0.45/t/000-use.t
DR-Tarantool-0.45/t/033-iterator.t
DR-Tarantool-0.45/t/040-tuple.t
DR-Tarantool-0.45/t/065-realsync-client.t
DR-Tarantool-0.45/Makefile.PL
DR-Tarantool-0.45/Tarantool.bs
DR-Tarantool-0.45/tp.h
DR-Tarantool-0.45/debian/
DR-Tarantool-0.45/debian/rules
DR-Tarantool-0.45/debian/changelog
DR-Tarantool-0.45/debian/source/
DR-Tarantool-0.45/debian/source/format
DR-Tarantool-0.45/debian/copyright
DR-Tarantool-0.45/debian/watch
DR-Tarantool-0.45/debian/control
DR-Tarantool-0.45/debian/compat
DR-Tarantool-0.45/msgpuck.h
DR-Tarantool-0.45/Tarantool.xs
DR-Tarantool-0.45/lib/
DR-Tarantool-0.45/lib/DR/
DR-Tarantool-0.45/lib/DR/Tarantool/
DR-Tarantool-0.45/lib/DR/Tarantool/SyncClient.pm
DR-Tarantool-0.45/lib/DR/Tarantool/StartTest.pm
DR-Tarantool-0.45/lib/DR/Tarantool/Iterator.pm
DR-Tarantool-0.45/lib/DR/Tarantool/Tuple.pm
DR-Tarantool-0.45/lib/DR/Tarantool/Tuple/
DR-Tarantool-0.45/lib/DR/Tarantool/Tuple/MsgPack.pm
DR-Tarantool-0.45/lib/DR/Tarantool/MsgPack/
DR-Tarantool-0.45/lib/DR/Tarantool/MsgPack/SyncClient.pm
DR-Tarantool-0.45/lib/DR/Tarantool/MsgPack/AsyncClient.pm
DR-Tarantool-0.45/lib/DR/Tarantool/MsgPack/LLClient.pm
DR-Tarantool-0.45/lib/DR/Tarantool/MsgPack/CoroClient.pm
DR-Tarantool-0.45/lib/DR/Tarantool/MsgPack/Proto.pm
DR-Tarantool-0.45/lib/DR/Tarantool/MsgPack.pm
DR-Tarantool-0.45/lib/DR/Tarantool/LLSyncClient.pm
DR-Tarantool-0.45/lib/DR/Tarantool/AsyncClient.pm
DR-Tarantool-0.45/lib/DR/Tarantool/RealSyncClient.pm
DR-Tarantool-0.45/lib/DR/Tarantool/LLClient.pm
DR-Tarantool-0.45/lib/DR/Tarantool/Spaces.pm
DR-Tarantool-0.45/lib/DR/Tarantool/CoroClient.pm
DR-Tarantool-0.45/lib/DR/Tarantool/AEConnection.pm
DR-Tarantool-0.45/lib/DR/Tarantool.pm
DR-Tarantool-0.45/msgpack.c
DR-Tarantool-0.45/msgpack.o
DR-Tarantool-0.45/rpm/
DR-Tarantool-0.45/rpm/perl-DR-Tarantool.spec
DR-Tarantool-0.45/rpm/SOURCES/
DR-Tarantool-0.45/rpm/SOURCES/filter-requires-dr-tarantool.sh
DR-Tarantool-0.45/META.yml
DR-Tarantool-0.45/Tarantool.c
DR-Tarantool-0.45/Changes
DR-Tarantool-0.45/st/
DR-Tarantool-0.45/st/stress.tarantool.cfg
DR-Tarantool-0.45/st/Check/
DR-Tarantool-0.45/st/Check/Ping.pm
DR-Tarantool-0.45/st/Check/OneTree.pm
DR-Tarantool-0.45/st/Check/XlogCleanup.pm
DR-Tarantool-0.45/st/Check/Order.pm
DR-Tarantool-0.45/st/Check/OneHash.pm
DR-Tarantool-0.45/st/init.lua
DR-Tarantool-0.45/st/stress.pl
DR-Tarantool-0.45/st/stress.cfg
rm -rf DR-Tarantool-0.45
gzip --best DR-Tarantool-0.45.tar
echo 'Created DR-Tarantool-0.45.tar.gz'
Created DR-Tarantool-0.45.tar.gz
true
true
make[1]: Leaving directory '/<<PKGBUILDDIR>>'
dh_installdocs -plibdr-tarantool-perl 
dh_installdocs: warning: Compatibility levels before 9 are deprecated (level 7 in use)
dh_installexamples -plibdr-tarantool-perl 
dh_installexamples: warning: Compatibility levels before 9 are deprecated (level 7 in use)
dh_installman -plibdr-tarantool-perl 
dh_installman: warning: Compatibility levels before 9 are deprecated (level 7 in use)
dh_installinfo -plibdr-tarantool-perl 
dh_installinfo: warning: Compatibility levels before 9 are deprecated (level 7 in use)
dh_installmenu -plibdr-tarantool-perl 
dh_installcron -plibdr-tarantool-perl 
dh_systemd_enable -plibdr-tarantool-perl 
dh_systemd_enable: warning: Compatibility levels before 9 are deprecated (level 7 in use)
dh_installinit -plibdr-tarantool-perl 
dh_installinit: warning: Compatibility levels before 9 are deprecated (level 7 in use)
dh_installdebconf -plibdr-tarantool-perl 
dh_installemacsen -plibdr-tarantool-perl 
dh_installcatalogs -plibdr-tarantool-perl 
dh_installpam -plibdr-tarantool-perl 
dh_installlogrotate -plibdr-tarantool-perl 
dh_installlogcheck -plibdr-tarantool-perl 
dh_installchangelogs -plibdr-tarantool-perl -XChanges
dh_installchangelogs: warning: Compatibility levels before 9 are deprecated (level 7 in use)
dh_installudev -plibdr-tarantool-perl 
dh_lintian -plibdr-tarantool-perl 
dh_bugfiles -plibdr-tarantool-perl 
dh_install -plibdr-tarantool-perl 
dh_install: warning: Compatibility levels before 9 are deprecated (level 7 in use)
dh_systemd_start -plibdr-tarantool-perl 
dh_systemd_start: warning: Compatibility levels before 9 are deprecated (level 7 in use)
dh_link -plibdr-tarantool-perl 
dh_installmime -plibdr-tarantool-perl 
dh_installgsettings -plibdr-tarantool-perl 
dh_strip -plibdr-tarantool-perl  
dh_strip: warning: Compatibility levels before 9 are deprecated (level 7 in use)
dh_strip_nondeterminism -plibdr-tarantool-perl 
dh_compress -plibdr-tarantool-perl 
dh_compress: warning: Compatibility levels before 9 are deprecated (level 7 in use)
dh_fixperms -plibdr-tarantool-perl 
dh_makeshlibs -plibdr-tarantool-perl  
dh_makeshlibs: warning: Compatibility levels before 9 are deprecated (level 7 in use)
dh_installdeb -plibdr-tarantool-perl 
dh_installdeb: warning: Compatibility levels before 9 are deprecated (level 7 in use)
dh_perl -plibdr-tarantool-perl 
dh_shlibdeps -plibdr-tarantool-perl 
dh_shlibdeps: warning: Compatibility levels before 9 are deprecated (level 7 in use)
dh_gencontrol -plibdr-tarantool-perl  
dh_md5sums -plibdr-tarantool-perl 
dh_builddeb -plibdr-tarantool-perl 
dpkg-deb: building package 'libdr-tarantool-perl-dbgsym' in '../libdr-tarantool-perl-dbgsym_0.45-2_amd64.deb'.
dpkg-deb: building package 'libdr-tarantool-perl' in '../libdr-tarantool-perl_0.45-2_amd64.deb'.
 dpkg-genbuildinfo --build=binary
 dpkg-genchanges --build=binary >../libdr-tarantool-perl_0.45-2_amd64.changes
dpkg-genchanges: info: binary-only upload (no source code included)
 dpkg-source --after-build .
dpkg-source: info: using options from libdr-tarantool-perl-0.45/debian/source/options: --extend-diff-ignore=^\.(travis|gitlab-ci)\.yml$
dpkg-buildpackage: info: binary-only upload (no source included)
--------------------------------------------------------------------------------
Build finished at 2020-02-25T19:05:38Z

Finished
--------

I: Built successfully

+------------------------------------------------------------------------------+
| Changes                                                                      |
+------------------------------------------------------------------------------+


libdr-tarantool-perl_0.45-2_amd64.changes:
------------------------------------------

Format: 1.8
Date: Sat, 22 Oct 2016 21:08:12 +0300
Source: libdr-tarantool-perl
Binary: libdr-tarantool-perl libdr-tarantool-perl-dbgsym
Architecture: amd64
Version: 0.45-2
Distribution: unstable
Urgency: medium
Maintainer: Dmitry E. Oboukhov <unera@debian.org>
Changed-By: Dmitry E. Oboukhov <unera@debian.org>
Description:
 libdr-tarantool-perl - perl driver for Tarantool
Changes:
 libdr-tarantool-perl (0.45-2) unstable; urgency=medium
 .
   * Reordered B-D (tarantool-lts -> begin of list).
Checksums-Sha1:
 e6d1e393ade392d2e84e7fa104a8f178558dc316 60528 libdr-tarantool-perl-dbgsym_0.45-2_amd64.deb
 1657a33293b6a6ab3f3baa6f351a7af8c97c73d3 6036 libdr-tarantool-perl_0.45-2_amd64.buildinfo
 85c16fe0b3e4ecbedd35444794545a773e8685f2 79652 libdr-tarantool-perl_0.45-2_amd64.deb
Checksums-Sha256:
 e45f6704ba96109dc41091c4b062f35f26a75418528f16def6254b36e5f1051f 60528 libdr-tarantool-perl-dbgsym_0.45-2_amd64.deb
 6f8bea67aa25c6de4bd048a4a66e24458709f231b93486ce1347cbff539f66da 6036 libdr-tarantool-perl_0.45-2_amd64.buildinfo
 0c55d2e21d139f96a21ba3ff6f458a7ba6227026f90d40f2441c31f3b0416e7c 79652 libdr-tarantool-perl_0.45-2_amd64.deb
Files:
 efb23468c2d1c5660fa1029591076980 60528 debug optional libdr-tarantool-perl-dbgsym_0.45-2_amd64.deb
 42f43957f4f22b82be1a04ab559381e4 6036 perl extra libdr-tarantool-perl_0.45-2_amd64.buildinfo
 b97ebb5c22e0e8a5bd9f6aefd702eae9 79652 perl extra libdr-tarantool-perl_0.45-2_amd64.deb

+------------------------------------------------------------------------------+
| Buildinfo                                                                    |
+------------------------------------------------------------------------------+

Format: 1.0
Source: libdr-tarantool-perl
Binary: libdr-tarantool-perl
Architecture: amd64
Version: 0.45-2
Checksums-Md5:
 efb23468c2d1c5660fa1029591076980 60528 libdr-tarantool-perl-dbgsym_0.45-2_amd64.deb
 b97ebb5c22e0e8a5bd9f6aefd702eae9 79652 libdr-tarantool-perl_0.45-2_amd64.deb
Checksums-Sha1:
 e6d1e393ade392d2e84e7fa104a8f178558dc316 60528 libdr-tarantool-perl-dbgsym_0.45-2_amd64.deb
 85c16fe0b3e4ecbedd35444794545a773e8685f2 79652 libdr-tarantool-perl_0.45-2_amd64.deb
Checksums-Sha256:
 e45f6704ba96109dc41091c4b062f35f26a75418528f16def6254b36e5f1051f 60528 libdr-tarantool-perl-dbgsym_0.45-2_amd64.deb
 0c55d2e21d139f96a21ba3ff6f458a7ba6227026f90d40f2441c31f3b0416e7c 79652 libdr-tarantool-perl_0.45-2_amd64.deb
Build-Origin: Debian
Build-Architecture: amd64
Build-Date: Tue, 25 Feb 2020 19:05:37 +0000
Build-Path: /<<PKGBUILDDIR>>
Installed-Build-Depends:
 aspell (= 0.60.8-1),
 aspell-en (= 2018.04.16-0-1),
 autoconf (= 2.69-11.1),
 automake (= 1:1.16.1-4),
 autopoint (= 0.19.8.1-10),
 autotools-dev (= 20180224.1),
 base-files (= 11),
 base-passwd (= 3.5.47),
 bash (= 5.0-6),
 binutils (= 2.34-3),
 binutils-common (= 2.34-3),
 binutils-x86-64-linux-gnu (= 2.34-3),
 bsdmainutils (= 11.1.2+b1),
 bsdutils (= 1:2.34-0.1),
 build-essential (= 12.8),
 bzip2 (= 1.0.8-2),
 cdbs (= 0.4.159),
 clang-10 (= 1:10.0.0~+rc2-1),
 coreutils (= 8.30-3+b1),
 cpp (= 4:9.2.1-3.1),
 cpp-9 (= 9.2.1-30),
 dash (= 0.5.10.2-6),
 debconf (= 1.5.73),
 debhelper (= 12.9),
 debianutils (= 4.9.1),
 dh-autoreconf (= 19),
 dh-strip-nondeterminism (= 1.6.3-2),
 dictionaries-common (= 1.28.1),
 diffutils (= 1:3.7-3),
 dpkg (= 1.19.7),
 dpkg-dev (= 1.19.7),
 dwz (= 0.13-5),
 emacsen-common (= 3.0.4),
 fdisk (= 2.34-0.1),
 file (= 1:5.38-4),
 findutils (= 4.7.0-1),
 g++ (= 4:9.2.1-3.1),
 g++-9 (= 9.2.1-30),
 gcc (= 4:9.2.1-3.1),
 gcc-10-base (= 10-20200222-1),
 gcc-9 (= 9.2.1-30),
 gcc-9-base (= 9.2.1-30),
 gettext (= 0.19.8.1-10),
 gettext-base (= 0.19.8.1-10),
 grep (= 3.4-1),
 groff-base (= 1.22.4-4),
 gzip (= 1.9-3+b1),
 hostname (= 3.23),
 init-system-helpers (= 1.57),
 intltool-debian (= 0.35.0+20060710.5),
 lib32gcc-s1 (= 10-20200222-1),
 lib32gcc1 (= 1:10-20200222-1),
 lib32stdc++6 (= 10-20200222-1),
 libacl1 (= 2.2.53-5),
 libanyevent-perl (= 7.170-1),
 libarchive-zip-perl (= 1.67-1),
 libasan5 (= 9.2.1-30),
 libaspell15 (= 0.60.8-1),
 libatomic1 (= 10-20200222-1),
 libattr1 (= 1:2.4.48-5),
 libaudit-common (= 1:2.8.5-2),
 libaudit1 (= 1:2.8.5-2+b1),
 libbinutils (= 2.34-3),
 libblkid1 (= 2.34-0.1),
 libbsd0 (= 0.10.0-1),
 libbz2-1.0 (= 1.0.8-2),
 libc-bin (= 2.29-10),
 libc-dev-bin (= 2.29-10),
 libc6 (= 2.29-10),
 libc6-dev (= 2.29-10),
 libc6-i386 (= 2.29-10),
 libcap-ng0 (= 0.7.9-2.1+b1),
 libcc1-0 (= 10-20200222-1),
 libclang-common-10-dev (= 1:10.0.0~+rc2-1),
 libclang-cpp10 (= 1:10.0.0~+rc2-1),
 libclang1-10 (= 1:10.0.0~+rc2-1),
 libclass-inspector-perl (= 1.36-1),
 libclass-tiny-perl (= 1.006-1),
 libcommon-sense-perl (= 3.74-2+b8),
 libcroco3 (= 0.6.13-1),
 libcrypt-dev (= 1:4.4.10-10),
 libcrypt1 (= 1:4.4.10-10),
 libctf-nobfd0 (= 2.34-3),
 libctf0 (= 2.34-3),
 libdb5.3 (= 5.3.28+dfsg1-0.6),
 libdebconfclient0 (= 0.251),
 libdebhelper-perl (= 12.9),
 libdevel-globaldestruction-perl (= 0.14-1),
 libdpkg-perl (= 1.19.7),
 libedit2 (= 3.1-20191231-1),
 libelf1 (= 0.176-1.1),
 libexporter-tiny-perl (= 1.002001-1),
 libfdisk1 (= 2.34-0.1),
 libffi7 (= 3.3-3),
 libfile-sharedir-perl (= 1.116-2),
 libfile-stripnondeterminism-perl (= 1.6.3-2),
 libgc1c2 (= 1:7.6.4-0.4),
 libgcc-9-dev (= 9.2.1-30),
 libgcc-s1 (= 10-20200222-1),
 libgcc1 (= 1:10-20200222-1),
 libgcrypt20 (= 1.8.5-5),
 libgdbm-compat4 (= 1.18.1-5),
 libgdbm6 (= 1.18.1-5),
 libglib2.0-0 (= 2.62.4-2),
 libgmp10 (= 2:6.2.0+dfsg-4),
 libgomp1 (= 10-20200222-1),
 libgpg-error0 (= 1.37-1),
 libicu63 (= 63.2-2),
 libipc-run3-perl (= 0.048-2),
 libisl22 (= 0.22.1-1),
 libitm1 (= 10-20200222-1),
 libjson-xs-perl (= 4.020-1+b1),
 liblingua-en-inflect-perl (= 1.904-1),
 liblist-moreutils-perl (= 0.416-1+b5),
 libllvm10 (= 1:10.0.0~+rc2-1),
 liblsan0 (= 10-20200222-1),
 liblz4-1 (= 1.9.2-2),
 liblzma5 (= 5.2.4-1+b1),
 libmagic-mgc (= 1:5.38-4),
 libmagic1 (= 1:5.38-4),
 libmount1 (= 2.34-0.1),
 libmpc3 (= 1.1.0-1),
 libmpfr6 (= 4.0.2-1),
 libncursesw6 (= 6.1+20191019-1),
 libobjc-9-dev (= 9.2.1-30),
 libobjc4 (= 10-20200222-1),
 libpam-modules (= 1.3.1-5),
 libpam-modules-bin (= 1.3.1-5),
 libpam-runtime (= 1.3.1-5),
 libpam0g (= 1.3.1-5),
 libpath-tiny-perl (= 0.108-1),
 libpcre2-8-0 (= 10.34-7),
 libpcre3 (= 2:8.39-12+b1),
 libperl5.30 (= 5.30.0-9),
 libpipeline1 (= 1.5.2-2),
 libpod-spell-perl (= 1.20-1),
 libquadmath0 (= 10-20200222-1),
 libseccomp2 (= 2.4.2-2),
 libselinux1 (= 3.0-1+b1),
 libsigsegv2 (= 2.12-2),
 libsmartcols1 (= 2.34-0.1),
 libstdc++-9-dev (= 9.2.1-30),
 libstdc++6 (= 10-20200222-1),
 libsub-exporter-progressive-perl (= 0.001013-1),
 libsub-override-perl (= 0.09-2),
 libsystemd0 (= 244.3-1),
 libtest-spelling-perl (= 0.25-1),
 libtext-iconv-perl (= 1.7-7),
 libtinfo6 (= 6.1+20191019-1),
 libtool (= 2.4.6-13),
 libtsan0 (= 10-20200222-1),
 libtypes-serialiser-perl (= 1.0-1),
 libubsan1 (= 10-20200222-1),
 libuchardet0 (= 0.0.6-3),
 libudev1 (= 244.3-1),
 libunistring2 (= 0.9.10-2),
 libuuid1 (= 2.34-0.1),
 libxml2 (= 2.9.10+dfsg-3),
 libz3-4 (= 4.8.7-4),
 linux-libc-dev (= 5.4.19-1),
 login (= 1:4.8.1-1),
 lsb-base (= 11.1.0),
 m4 (= 1.4.18-4),
 make (= 4.2.1-1.2),
 man-db (= 2.9.0-2),
 mawk (= 1.3.4.20200120-2),
 ncurses-base (= 6.1+20191019-1),
 ncurses-bin (= 6.1+20191019-1),
 patch (= 2.7.6-6),
 perl (= 5.30.0-9),
 perl-base (= 5.30.0-9),
 perl-modules-5.30 (= 5.30.0-9),
 po-debconf (= 1.0.21),
 sed (= 4.7-1),
 sensible-utils (= 0.0.12+nmu1),
 sysvinit-utils (= 2.96-2.1),
 tar (= 1.30+dfsg-6+b1),
 tarantool-lts (= 1.5.5.37.g1687c02-1+b3),
 util-linux (= 2.34-0.1),
 xz-utils (= 5.2.4-1+b1),
 zlib1g (= 1:1.2.11.dfsg-2)
Environment:
 DEB_BUILD_OPTIONS="parallel=4"
 LANG="C.UTF-8"
 LC_ALL="C.UTF-8"
 SOURCE_DATE_EPOCH="1477159692"


+------------------------------------------------------------------------------+
| Package contents                                                             |
+------------------------------------------------------------------------------+


libdr-tarantool-perl-dbgsym_0.45-2_amd64.deb
--------------------------------------------

 new Debian package, version 2.0.
 size 60528 bytes: control archive=524 bytes.
     384 bytes,    12 lines      control              
     106 bytes,     1 lines      md5sums              
 Package: libdr-tarantool-perl-dbgsym
 Source: libdr-tarantool-perl
 Version: 0.45-2
 Auto-Built-Package: debug-symbols
 Architecture: amd64
 Maintainer: Dmitry E. Oboukhov <unera@debian.org>
 Installed-Size: 76
 Depends: libdr-tarantool-perl (= 0.45-2)
 Section: debug
 Priority: optional
 Description: debug symbols for libdr-tarantool-perl
 Build-Ids: 6801662040a4f253a34ec10e4bede73129443008

drwxr-xr-x root/root         0 2016-10-22 18:08 ./
drwxr-xr-x root/root         0 2016-10-22 18:08 ./usr/
drwxr-xr-x root/root         0 2016-10-22 18:08 ./usr/lib/
drwxr-xr-x root/root         0 2016-10-22 18:08 ./usr/lib/debug/
drwxr-xr-x root/root         0 2016-10-22 18:08 ./usr/lib/debug/.build-id/
drwxr-xr-x root/root         0 2016-10-22 18:08 ./usr/lib/debug/.build-id/68/
-rw-r--r-- root/root     67080 2016-10-22 18:08 ./usr/lib/debug/.build-id/68/01662040a4f253a34ec10e4bede73129443008.debug
drwxr-xr-x root/root         0 2016-10-22 18:08 ./usr/share/
drwxr-xr-x root/root         0 2016-10-22 18:08 ./usr/share/doc/
lrwxrwxrwx root/root         0 2016-10-22 18:08 ./usr/share/doc/libdr-tarantool-perl-dbgsym -> libdr-tarantool-perl


libdr-tarantool-perl_0.45-2_amd64.deb
-------------------------------------

 new Debian package, version 2.0.
 size 79652 bytes: control archive=1552 bytes.
     524 bytes,    13 lines      control              
    3238 bytes,    35 lines      md5sums              
 Package: libdr-tarantool-perl
 Version: 0.45-2
 Architecture: amd64
 Maintainer: Dmitry E. Oboukhov <unera@debian.org>
 Installed-Size: 257
 Depends: perl (>= 5.30.0-9), perlapi-5.30.0, libc6 (>= 2.14), libanyevent-perl, libjson-xs-perl, libdevel-globaldestruction-perl, liblist-moreutils-perl
 Recommends: libcoro-perl
 Suggests: tarantool
 Section: perl
 Priority: extra
 Homepage: http://search.cpan.org/dist/DR-Tarantool/
 Description: perl driver for Tarantool
  The package contains sync and async drivers for tarantool database.

drwxr-xr-x root/root         0 2016-10-22 18:08 ./
drwxr-xr-x root/root         0 2016-10-22 18:08 ./usr/
drwxr-xr-x root/root         0 2016-10-22 18:08 ./usr/lib/
drwxr-xr-x root/root         0 2016-10-22 18:08 ./usr/lib/x86_64-linux-gnu/
drwxr-xr-x root/root         0 2016-10-22 18:08 ./usr/lib/x86_64-linux-gnu/perl5/
drwxr-xr-x root/root         0 2016-10-22 18:08 ./usr/lib/x86_64-linux-gnu/perl5/5.30/
drwxr-xr-x root/root         0 2016-10-22 18:08 ./usr/lib/x86_64-linux-gnu/perl5/5.30/DR/
-rw-r--r-- root/root     10587 2016-10-16 09:17 ./usr/lib/x86_64-linux-gnu/perl5/5.30/DR/Tarantool.pm
drwxr-xr-x root/root         0 2016-10-22 18:08 ./usr/lib/x86_64-linux-gnu/perl5/5.30/DR/Tarantool/
-rw-r--r-- root/root      4592 2016-10-16 09:17 ./usr/lib/x86_64-linux-gnu/perl5/5.30/DR/Tarantool/AEConnection.pm
-rw-r--r-- root/root     12608 2016-10-16 09:17 ./usr/lib/x86_64-linux-gnu/perl5/5.30/DR/Tarantool/AsyncClient.pm
-rw-r--r-- root/root      3201 2016-10-16 09:17 ./usr/lib/x86_64-linux-gnu/perl5/5.30/DR/Tarantool/CoroClient.pm
-rw-r--r-- root/root     10024 2016-10-16 09:17 ./usr/lib/x86_64-linux-gnu/perl5/5.30/DR/Tarantool/Iterator.pm
-rw-r--r-- root/root     17952 2016-10-16 09:17 ./usr/lib/x86_64-linux-gnu/perl5/5.30/DR/Tarantool/LLClient.pm
-rw-r--r-- root/root      7497 2016-10-16 09:17 ./usr/lib/x86_64-linux-gnu/perl5/5.30/DR/Tarantool/LLSyncClient.pm
-rw-r--r-- root/root      1952 2016-10-16 09:17 ./usr/lib/x86_64-linux-gnu/perl5/5.30/DR/Tarantool/MsgPack.pm
drwxr-xr-x root/root         0 2016-10-22 18:08 ./usr/lib/x86_64-linux-gnu/perl5/5.30/DR/Tarantool/MsgPack/
-rw-r--r-- root/root      8943 2016-10-16 09:17 ./usr/lib/x86_64-linux-gnu/perl5/5.30/DR/Tarantool/MsgPack/AsyncClient.pm
-rw-r--r-- root/root      1197 2016-10-16 09:17 ./usr/lib/x86_64-linux-gnu/perl5/5.30/DR/Tarantool/MsgPack/CoroClient.pm
-rw-r--r-- root/root      6280 2016-10-16 09:17 ./usr/lib/x86_64-linux-gnu/perl5/5.30/DR/Tarantool/MsgPack/LLClient.pm
-rw-r--r-- root/root      9218 2016-10-16 09:17 ./usr/lib/x86_64-linux-gnu/perl5/5.30/DR/Tarantool/MsgPack/Proto.pm
-rw-r--r-- root/root      1233 2016-10-16 09:17 ./usr/lib/x86_64-linux-gnu/perl5/5.30/DR/Tarantool/MsgPack/SyncClient.pm
-rw-r--r-- root/root      5679 2016-10-16 09:17 ./usr/lib/x86_64-linux-gnu/perl5/5.30/DR/Tarantool/RealSyncClient.pm
-rw-r--r-- root/root     17561 2016-10-16 09:17 ./usr/lib/x86_64-linux-gnu/perl5/5.30/DR/Tarantool/Spaces.pm
-rw-r--r-- root/root     10000 2016-10-16 09:17 ./usr/lib/x86_64-linux-gnu/perl5/5.30/DR/Tarantool/StartTest.pm
-rw-r--r-- root/root      3988 2016-10-16 09:17 ./usr/lib/x86_64-linux-gnu/perl5/5.30/DR/Tarantool/SyncClient.pm
-rw-r--r-- root/root      5611 2016-10-16 09:17 ./usr/lib/x86_64-linux-gnu/perl5/5.30/DR/Tarantool/Tuple.pm
drwxr-xr-x root/root         0 2016-10-22 18:08 ./usr/lib/x86_64-linux-gnu/perl5/5.30/DR/Tarantool/Tuple/
-rw-r--r-- root/root      2698 2016-10-16 09:17 ./usr/lib/x86_64-linux-gnu/perl5/5.30/DR/Tarantool/Tuple/MsgPack.pm
drwxr-xr-x root/root         0 2016-10-22 18:08 ./usr/lib/x86_64-linux-gnu/perl5/5.30/auto/
drwxr-xr-x root/root         0 2016-10-22 18:08 ./usr/lib/x86_64-linux-gnu/perl5/5.30/auto/DR/
drwxr-xr-x root/root         0 2016-10-22 18:08 ./usr/lib/x86_64-linux-gnu/perl5/5.30/auto/DR/Tarantool/
-rw-r--r-- root/root     47512 2016-10-22 18:08 ./usr/lib/x86_64-linux-gnu/perl5/5.30/auto/DR/Tarantool/Tarantool.so
drwxr-xr-x root/root         0 2016-10-22 18:08 ./usr/share/
drwxr-xr-x root/root         0 2016-10-22 18:08 ./usr/share/doc/
drwxr-xr-x root/root         0 2016-10-22 18:08 ./usr/share/doc/libdr-tarantool-perl/
-rw-r--r-- root/root      2145 2016-10-22 18:08 ./usr/share/doc/libdr-tarantool-perl/changelog.Debian.gz
-rw-r--r-- root/root      1987 2014-02-24 19:22 ./usr/share/doc/libdr-tarantool-perl/copyright
drwxr-xr-x root/root         0 2016-10-22 18:08 ./usr/share/man/
drwxr-xr-x root/root         0 2016-10-22 18:08 ./usr/share/man/man3/
-rw-r--r-- root/root      4766 2016-10-22 18:08 ./usr/share/man/man3/DR::Tarantool.3pm.gz
-rw-r--r-- root/root      3407 2016-10-22 18:08 ./usr/share/man/man3/DR::Tarantool::AsyncClient.3pm.gz
-rw-r--r-- root/root      1763 2016-10-22 18:08 ./usr/share/man/man3/DR::Tarantool::CoroClient.3pm.gz
-rw-r--r-- root/root      2830 2016-10-22 18:08 ./usr/share/man/man3/DR::Tarantool::Iterator.3pm.gz
-rw-r--r-- root/root      3374 2016-10-22 18:08 ./usr/share/man/man3/DR::Tarantool::LLClient.3pm.gz
-rw-r--r-- root/root      1567 2016-10-22 18:08 ./usr/share/man/man3/DR::Tarantool::MsgPack.3pm.gz
-rw-r--r-- root/root      2420 2016-10-22 18:08 ./usr/share/man/man3/DR::Tarantool::MsgPack::AsyncClient.3pm.gz
-rw-r--r-- root/root      1698 2016-10-22 18:08 ./usr/share/man/man3/DR::Tarantool::RealSyncClient.3pm.gz
-rw-r--r-- root/root      2653 2016-10-22 18:08 ./usr/share/man/man3/DR::Tarantool::Spaces.3pm.gz
-rw-r--r-- root/root      1855 2016-10-22 18:08 ./usr/share/man/man3/DR::Tarantool::StartTest.3pm.gz
-rw-r--r-- root/root      2014 2016-10-22 18:08 ./usr/share/man/man3/DR::Tarantool::SyncClient.3pm.gz
-rw-r--r-- root/root      2160 2016-10-22 18:08 ./usr/share/man/man3/DR::Tarantool::Tuple.3pm.gz
-rw-r--r-- root/root      2182 2016-10-22 18:08 ./usr/share/man/man3/DR::Tarantool::Tuple::MsgPack.3pm.gz


+------------------------------------------------------------------------------+
| Post Build                                                                   |
+------------------------------------------------------------------------------+


+------------------------------------------------------------------------------+
| Cleanup                                                                      |
+------------------------------------------------------------------------------+

Purging /<<BUILDDIR>>
Not cleaning session: cloned chroot in use

+------------------------------------------------------------------------------+
| Summary                                                                      |
+------------------------------------------------------------------------------+

Build Architecture: amd64
Build Type: binary
Build-Space: 2584
Build-Time: 15
Distribution: unstable
Host Architecture: amd64
Install-Time: 6
Job: libdr-tarantool-perl_0.45-2
Machine Architecture: amd64
Package: libdr-tarantool-perl
Package-Time: 38
Source-Version: 0.45-2
Space: 2584
Status: successful
Version: 0.45-2
--------------------------------------------------------------------------------
Finished at 2020-02-25T19:05:38Z
Build needed 00:00:38, 2584k disk space
DC-Status: OK 39.026758758s
