DC-Build-Header: libdbd-mysql-perl 4.050-3 / 2020-02-25 03:33:27 +0000
DC-Task: type:rebuild-binarch-only source:libdbd-mysql-perl version:4.050-3 chroot:unstable esttime:91 logfile:/tmp/libdbd-mysql-perl_4.050-3_unstable_clang10.log modes:clang10:binarch-only
DC-Sbuild-call: su user42 -c 'sbuild -n --arch-any --apt-update -d unstable -v --no-run-lintian --chroot-setup-commands=/tmp/clang10 libdbd-mysql-perl_4.050-3'
sbuild (Debian sbuild) 0.78.1 (09 February 2019) on ip-172-31-11-22.eu-central-1.compute.internal

+==============================================================================+
| libdbd-mysql-perl 4.050-3 (amd64)            Tue, 25 Feb 2020 03:33:28 +0000 |
+==============================================================================+

Package: libdbd-mysql-perl
Version: 4.050-3
Source Version: 4.050-3
Distribution: unstable
Machine Architecture: amd64
Host Architecture: amd64
Build Architecture: amd64
Build Type: binary

I: NOTICE: Log filtering will replace 'var/run/schroot/mount/sid-amd64-sbuild-c7ad2239-a991-4dcd-a3da-2ecebd15d634' with '<<CHROOT>>'

+------------------------------------------------------------------------------+
| Chroot Setup Commands                                                        |
+------------------------------------------------------------------------------+


/tmp/clang10
------------

+ echo 'Entering customization script...'
Entering customization script...
+ CLANG_VERSION=10
+ echo 'Install of clang-10'
Install of clang-10
+ apt-get update
Get:1 http://127.0.0.1:12990/debian sid InRelease [142 kB]
Get:2 http://127.0.0.1:12990/debian sid/main Sources.diff/Index [27.9 kB]
Get:3 http://127.0.0.1:12990/debian sid/main amd64 Packages.diff/Index [27.9 kB]
Get:4 http://127.0.0.1:12990/debian sid/main Sources 2020-02-24-0823.32.pdiff [11.0 kB]
Get:5 http://127.0.0.1:12990/debian sid/main Sources 2020-02-24-1420.34.pdiff [30.2 kB]
Get:6 http://127.0.0.1:12990/debian sid/main Sources 2020-02-24-2014.03.pdiff [16.9 kB]
Get:7 http://127.0.0.1:12990/debian sid/main Sources 2020-02-25-0213.11.pdiff [23.2 kB]
Get:8 http://127.0.0.1:12990/debian sid/main amd64 Packages 2020-02-24-0823.32.pdiff [15.5 kB]
Get:9 http://127.0.0.1:12990/debian sid/main amd64 Packages 2020-02-24-1420.34.pdiff [27.5 kB]
Get:10 http://127.0.0.1:12990/debian sid/main amd64 Packages 2020-02-24-2014.03.pdiff [21.6 kB]
Get:11 http://127.0.0.1:12990/debian sid/main amd64 Packages 2020-02-25-0213.11.pdiff [35.0 kB]
Get:7 http://127.0.0.1:12990/debian sid/main Sources 2020-02-25-0213.11.pdiff [23.2 kB]
Get:11 http://127.0.0.1:12990/debian sid/main amd64 Packages 2020-02-25-0213.11.pdiff [35.0 kB]
Get:12 http://127.0.0.1:12990/debian sid/main Translation-en [6193 kB]
Fetched 6572 kB in 2s (3584 kB/s)
Reading package lists...
+ apt-get install --yes --no-install-recommends --force-yes clang-10 libomp-10-dev libobjc-9-dev
Reading package lists...
Building dependency tree...
The following additional packages will be installed:
  lib32gcc-s1 lib32gcc1 lib32stdc++6 libbsd0 libc6-i386 libclang-common-10-dev
  libclang-cpp10 libclang1-10 libedit2 libgc1c2 libllvm10 libobjc4 libomp5-10
  libz3-4
Suggested packages:
  clang-10-doc libomp-10-doc
Recommended packages:
  llvm-10-dev python3
The following NEW packages will be installed:
  clang-10 lib32gcc-s1 lib32gcc1 lib32stdc++6 libbsd0 libc6-i386
  libclang-common-10-dev libclang-cpp10 libclang1-10 libedit2 libgc1c2
  libllvm10 libobjc-9-dev libobjc4 libomp-10-dev libomp5-10 libz3-4
0 upgraded, 17 newly installed, 0 to remove and 2 not upgraded.
Need to get 46.4 MB of archives.
After this operation, 238 MB of additional disk space will be used.
Get:1 http://127.0.0.1:12990/debian sid/main amd64 libbsd0 amd64 0.10.0-1 [107 kB]
Get:2 http://127.0.0.1:12990/debian sid/main amd64 libedit2 amd64 3.1-20191231-1 [95.4 kB]
Get:3 http://127.0.0.1:12990/debian sid/main amd64 libz3-4 amd64 4.8.7-4 [6790 kB]
Get:4 http://127.0.0.1:12990/debian sid/main amd64 libllvm10 amd64 1:10.0.0~+rc2-1 [15.5 MB]
Get:5 http://127.0.0.1:12990/debian sid/main amd64 libclang-cpp10 amd64 1:10.0.0~+rc2-1 [9069 kB]
Get:6 http://127.0.0.1:12990/debian sid/main amd64 libgc1c2 amd64 1:7.6.4-0.4 [224 kB]
Get:7 http://127.0.0.1:12990/debian sid/main amd64 libobjc4 amd64 10-20200222-1 [41.6 kB]
Get:8 http://127.0.0.1:12990/debian sid/main amd64 libobjc-9-dev amd64 9.2.1-29 [219 kB]
Get:9 http://127.0.0.1:12990/debian sid/main amd64 libc6-i386 amd64 2.29-10 [2918 kB]
Get:10 http://127.0.0.1:12990/debian sid/main amd64 lib32gcc-s1 amd64 10-20200222-1 [49.4 kB]
Get:11 http://127.0.0.1:12990/debian sid/main amd64 lib32gcc1 amd64 1:10-20200222-1 [1104 B]
Get:12 http://127.0.0.1:12990/debian sid/main amd64 lib32stdc++6 amd64 10-20200222-1 [510 kB]
Get:13 http://127.0.0.1:12990/debian sid/main amd64 libclang-common-10-dev amd64 1:10.0.0~+rc2-1 [2782 kB]
Get:14 http://127.0.0.1:12990/debian sid/main amd64 libclang1-10 amd64 1:10.0.0~+rc2-1 [7607 kB]
Get:15 http://127.0.0.1:12990/debian sid/main amd64 clang-10 amd64 1:10.0.0~+rc2-1 [103 kB]
Get:16 http://127.0.0.1:12990/debian sid/main amd64 libomp5-10 amd64 1:10.0.0~+rc2-1 [337 kB]
Get:17 http://127.0.0.1:12990/debian sid/main amd64 libomp-10-dev amd64 1:10.0.0~+rc2-1 [84.3 kB]
debconf: delaying package configuration, since apt-utils is not installed
Fetched 46.4 MB in 0s (100 MB/s)
Selecting previously unselected package libbsd0:amd64.
(Reading database ... (Reading database ... 5%(Reading database ... 10%(Reading database ... 15%(Reading database ... 20%(Reading database ... 25%(Reading database ... 30%(Reading database ... 35%(Reading database ... 40%(Reading database ... 45%(Reading database ... 50%(Reading database ... 55%(Reading database ... 60%(Reading database ... 65%(Reading database ... 70%(Reading database ... 75%(Reading database ... 80%(Reading database ... 85%(Reading database ... 90%(Reading database ... 95%(Reading database ... 100%(Reading database ... 12119 files and directories currently installed.)
Preparing to unpack .../00-libbsd0_0.10.0-1_amd64.deb ...
Unpacking libbsd0:amd64 (0.10.0-1) ...
Selecting previously unselected package libedit2:amd64.
Preparing to unpack .../01-libedit2_3.1-20191231-1_amd64.deb ...
Unpacking libedit2:amd64 (3.1-20191231-1) ...
Selecting previously unselected package libz3-4:amd64.
Preparing to unpack .../02-libz3-4_4.8.7-4_amd64.deb ...
Unpacking libz3-4:amd64 (4.8.7-4) ...
Selecting previously unselected package libllvm10:amd64.
Preparing to unpack .../03-libllvm10_1%3a10.0.0~+rc2-1_amd64.deb ...
Unpacking libllvm10:amd64 (1:10.0.0~+rc2-1) ...
Selecting previously unselected package libclang-cpp10.
Preparing to unpack .../04-libclang-cpp10_1%3a10.0.0~+rc2-1_amd64.deb ...
Unpacking libclang-cpp10 (1:10.0.0~+rc2-1) ...
Selecting previously unselected package libgc1c2:amd64.
Preparing to unpack .../05-libgc1c2_1%3a7.6.4-0.4_amd64.deb ...
Unpacking libgc1c2:amd64 (1:7.6.4-0.4) ...
Selecting previously unselected package libobjc4:amd64.
Preparing to unpack .../06-libobjc4_10-20200222-1_amd64.deb ...
Unpacking libobjc4:amd64 (10-20200222-1) ...
Selecting previously unselected package libobjc-9-dev:amd64.
Preparing to unpack .../07-libobjc-9-dev_9.2.1-29_amd64.deb ...
Unpacking libobjc-9-dev:amd64 (9.2.1-29) ...
Selecting previously unselected package libc6-i386.
Preparing to unpack .../08-libc6-i386_2.29-10_amd64.deb ...
Unpacking libc6-i386 (2.29-10) ...
Selecting previously unselected package lib32gcc-s1.
Preparing to unpack .../09-lib32gcc-s1_10-20200222-1_amd64.deb ...
Unpacking lib32gcc-s1 (10-20200222-1) ...
Selecting previously unselected package lib32gcc1.
Preparing to unpack .../10-lib32gcc1_1%3a10-20200222-1_amd64.deb ...
Unpacking lib32gcc1 (1:10-20200222-1) ...
Selecting previously unselected package lib32stdc++6.
Preparing to unpack .../11-lib32stdc++6_10-20200222-1_amd64.deb ...
Unpacking lib32stdc++6 (10-20200222-1) ...
Selecting previously unselected package libclang-common-10-dev.
Preparing to unpack .../12-libclang-common-10-dev_1%3a10.0.0~+rc2-1_amd64.deb ...
Unpacking libclang-common-10-dev (1:10.0.0~+rc2-1) ...
Selecting previously unselected package libclang1-10.
Preparing to unpack .../13-libclang1-10_1%3a10.0.0~+rc2-1_amd64.deb ...
Unpacking libclang1-10 (1:10.0.0~+rc2-1) ...
Selecting previously unselected package clang-10.
Preparing to unpack .../14-clang-10_1%3a10.0.0~+rc2-1_amd64.deb ...
Unpacking clang-10 (1:10.0.0~+rc2-1) ...
Selecting previously unselected package libomp5-10:amd64.
Preparing to unpack .../15-libomp5-10_1%3a10.0.0~+rc2-1_amd64.deb ...
Unpacking libomp5-10:amd64 (1:10.0.0~+rc2-1) ...
Selecting previously unselected package libomp-10-dev.
Preparing to unpack .../16-libomp-10-dev_1%3a10.0.0~+rc2-1_amd64.deb ...
Unpacking libomp-10-dev (1:10.0.0~+rc2-1) ...
Setting up libgc1c2:amd64 (1:7.6.4-0.4) ...
Setting up libobjc4:amd64 (10-20200222-1) ...
Setting up libz3-4:amd64 (4.8.7-4) ...
Setting up libobjc-9-dev:amd64 (9.2.1-29) ...
Setting up libomp5-10:amd64 (1:10.0.0~+rc2-1) ...
Setting up libc6-i386 (2.29-10) ...
Setting up libbsd0:amd64 (0.10.0-1) ...
Setting up libomp-10-dev (1:10.0.0~+rc2-1) ...
Setting up libedit2:amd64 (3.1-20191231-1) ...
Setting up libllvm10:amd64 (1:10.0.0~+rc2-1) ...
Setting up lib32gcc-s1 (10-20200222-1) ...
Setting up libclang1-10 (1:10.0.0~+rc2-1) ...
Setting up lib32gcc1 (1:10-20200222-1) ...
Setting up libclang-cpp10 (1:10.0.0~+rc2-1) ...
Setting up lib32stdc++6 (10-20200222-1) ...
Setting up libclang-common-10-dev (1:10.0.0~+rc2-1) ...
Setting up clang-10 (1:10.0.0~+rc2-1) ...
Processing triggers for libc-bin (2.29-10) ...
W: --force-yes is deprecated, use one of the options starting with --allow instead.
+ echo 'Replace gcc, g++ & cpp by clang'
Replace gcc, g++ & cpp by clang
+ VERSIONS='4.6 4.7 4.8 4.9 5 6 7 8 9 10'
+ cd /usr/bin
+ for VERSION in $VERSIONS
+ rm -f g++-4.6 gcc-4.6 cpp-4.6 gcc
+ ln -s clang++-10 g++-4.6
+ ln -s clang-10 gcc-4.6
+ ln -s clang-10 cpp-4.6
+ ln -s clang-10 gcc
+ echo 'gcc-4.6 hold'
+ dpkg --set-selections
dpkg: warning: package not in status nor available database at line 1: gcc-4.6
dpkg: warning: found unknown packages; this might mean the available database
is outdated, and needs to be updated through a frontend method;
please see the FAQ <https://wiki.debian.org/Teams/Dpkg/FAQ>
+ echo 'g++-4.6 hold'
+ dpkg --set-selections
dpkg: warning: package not in status nor available database at line 1: g++-4.6
dpkg: warning: found unknown packages; this might mean the available database
is outdated, and needs to be updated through a frontend method;
please see the FAQ <https://wiki.debian.org/Teams/Dpkg/FAQ>
+ for VERSION in $VERSIONS
+ rm -f g++-4.7 gcc-4.7 cpp-4.7 gcc
+ ln -s clang++-10 g++-4.7
+ ln -s clang-10 gcc-4.7
+ ln -s clang-10 cpp-4.7
+ ln -s clang-10 gcc
+ echo 'gcc-4.7 hold'
+ dpkg --set-selections
dpkg: warning: package not in status nor available database at line 1: gcc-4.7
dpkg: warning: found unknown packages; this might mean the available database
is outdated, and needs to be updated through a frontend method;
please see the FAQ <https://wiki.debian.org/Teams/Dpkg/FAQ>
+ echo 'g++-4.7 hold'
+ dpkg --set-selections
dpkg: warning: package not in status nor available database at line 1: g++-4.7
dpkg: warning: found unknown packages; this might mean the available database
is outdated, and needs to be updated through a frontend method;
please see the FAQ <https://wiki.debian.org/Teams/Dpkg/FAQ>
+ for VERSION in $VERSIONS
+ rm -f g++-4.8 gcc-4.8 cpp-4.8 gcc
+ ln -s clang++-10 g++-4.8
+ ln -s clang-10 gcc-4.8
+ ln -s clang-10 cpp-4.8
+ ln -s clang-10 gcc
+ echo 'gcc-4.8 hold'
+ dpkg --set-selections
dpkg: warning: package not in status nor available database at line 1: gcc-4.8
dpkg: warning: found unknown packages; this might mean the available database
is outdated, and needs to be updated through a frontend method;
please see the FAQ <https://wiki.debian.org/Teams/Dpkg/FAQ>
+ echo 'g++-4.8 hold'
+ dpkg --set-selections
dpkg: warning: package not in status nor available database at line 1: g++-4.8
dpkg: warning: found unknown packages; this might mean the available database
is outdated, and needs to be updated through a frontend method;
please see the FAQ <https://wiki.debian.org/Teams/Dpkg/FAQ>
+ for VERSION in $VERSIONS
+ rm -f g++-4.9 gcc-4.9 cpp-4.9 gcc
+ ln -s clang++-10 g++-4.9
+ ln -s clang-10 gcc-4.9
+ ln -s clang-10 cpp-4.9
+ ln -s clang-10 gcc
+ echo 'gcc-4.9 hold'
+ dpkg --set-selections
dpkg: warning: package not in status nor available database at line 1: gcc-4.9
dpkg: warning: found unknown packages; this might mean the available database
is outdated, and needs to be updated through a frontend method;
please see the FAQ <https://wiki.debian.org/Teams/Dpkg/FAQ>
+ echo 'g++-4.9 hold'
+ dpkg --set-selections
dpkg: warning: package not in status nor available database at line 1: g++-4.9
dpkg: warning: found unknown packages; this might mean the available database
is outdated, and needs to be updated through a frontend method;
please see the FAQ <https://wiki.debian.org/Teams/Dpkg/FAQ>
+ for VERSION in $VERSIONS
+ rm -f g++-5 gcc-5 cpp-5 gcc
+ ln -s clang++-10 g++-5
+ ln -s clang-10 gcc-5
+ ln -s clang-10 cpp-5
+ ln -s clang-10 gcc
+ echo 'gcc-5 hold'
+ dpkg --set-selections
dpkg: warning: package not in status nor available database at line 1: gcc-5
dpkg: warning: found unknown packages; this might mean the available database
is outdated, and needs to be updated through a frontend method;
please see the FAQ <https://wiki.debian.org/Teams/Dpkg/FAQ>
+ echo 'g++-5 hold'
+ dpkg --set-selections
dpkg: warning: package not in status nor available database at line 1: g++-5
dpkg: warning: found unknown packages; this might mean the available database
is outdated, and needs to be updated through a frontend method;
please see the FAQ <https://wiki.debian.org/Teams/Dpkg/FAQ>
+ for VERSION in $VERSIONS
+ rm -f g++-6 gcc-6 cpp-6 gcc
+ ln -s clang++-10 g++-6
+ ln -s clang-10 gcc-6
+ ln -s clang-10 cpp-6
+ ln -s clang-10 gcc
+ echo 'gcc-6 hold'
+ dpkg --set-selections
dpkg: warning: package not in status nor available database at line 1: gcc-6
dpkg: warning: found unknown packages; this might mean the available database
is outdated, and needs to be updated through a frontend method;
please see the FAQ <https://wiki.debian.org/Teams/Dpkg/FAQ>
+ echo 'g++-6 hold'
+ dpkg --set-selections
dpkg: warning: package not in status nor available database at line 1: g++-6
dpkg: warning: found unknown packages; this might mean the available database
is outdated, and needs to be updated through a frontend method;
please see the FAQ <https://wiki.debian.org/Teams/Dpkg/FAQ>
+ for VERSION in $VERSIONS
+ rm -f g++-7 gcc-7 cpp-7 gcc
+ ln -s clang++-10 g++-7
+ ln -s clang-10 gcc-7
+ ln -s clang-10 cpp-7
+ ln -s clang-10 gcc
+ echo 'gcc-7 hold'
+ dpkg --set-selections
dpkg: warning: package not in status nor available database at line 1: gcc-7
dpkg: warning: found unknown packages; this might mean the available database
is outdated, and needs to be updated through a frontend method;
please see the FAQ <https://wiki.debian.org/Teams/Dpkg/FAQ>
+ echo 'g++-7 hold'
+ dpkg --set-selections
dpkg: warning: package not in status nor available database at line 1: g++-7
dpkg: warning: found unknown packages; this might mean the available database
is outdated, and needs to be updated through a frontend method;
please see the FAQ <https://wiki.debian.org/Teams/Dpkg/FAQ>
+ for VERSION in $VERSIONS
+ rm -f g++-8 gcc-8 cpp-8 gcc
+ ln -s clang++-10 g++-8
+ ln -s clang-10 gcc-8
+ ln -s clang-10 cpp-8
+ ln -s clang-10 gcc
+ echo 'gcc-8 hold'
+ dpkg --set-selections
dpkg: warning: package not in status nor available database at line 1: gcc-8
dpkg: warning: found unknown packages; this might mean the available database
is outdated, and needs to be updated through a frontend method;
please see the FAQ <https://wiki.debian.org/Teams/Dpkg/FAQ>
+ echo 'g++-8 hold'
+ dpkg --set-selections
dpkg: warning: package not in status nor available database at line 1: g++-8
dpkg: warning: found unknown packages; this might mean the available database
is outdated, and needs to be updated through a frontend method;
please see the FAQ <https://wiki.debian.org/Teams/Dpkg/FAQ>
+ for VERSION in $VERSIONS
+ rm -f g++-9 gcc-9 cpp-9 gcc
+ ln -s clang++-10 g++-9
+ ln -s clang-10 gcc-9
+ ln -s clang-10 cpp-9
+ ln -s clang-10 gcc
+ echo 'gcc-9 hold'
+ dpkg --set-selections
+ echo 'g++-9 hold'
+ dpkg --set-selections
+ for VERSION in $VERSIONS
+ rm -f g++-10 gcc-10 cpp-10 gcc
+ ln -s clang++-10 g++-10
+ ln -s clang-10 gcc-10
+ ln -s clang-10 cpp-10
+ ln -s clang-10 gcc
+ echo 'gcc-10 hold'
+ dpkg --set-selections
dpkg: warning: package not in status nor available database at line 1: gcc-10
dpkg: warning: found unknown packages; this might mean the available database
is outdated, and needs to be updated through a frontend method;
please see the FAQ <https://wiki.debian.org/Teams/Dpkg/FAQ>
+ echo 'g++-10 hold'
+ dpkg --set-selections
dpkg: warning: package not in status nor available database at line 1: g++-10
dpkg: warning: found unknown packages; this might mean the available database
is outdated, and needs to be updated through a frontend method;
please see the FAQ <https://wiki.debian.org/Teams/Dpkg/FAQ>
+ cd -
/build/libdbd-mysql-perl-qNlN4v
+ echo 'Check if gcc, g++ & cpp are actually clang'
Check if gcc, g++ & cpp are actually clang
+ gcc --version
+ grep clang
+ cpp --version
+ grep clang
+ g++ --version
+ grep clang

I: Finished running '/tmp/clang10'.

Finished processing commands.
--------------------------------------------------------------------------------
I: NOTICE: Log filtering will replace 'build/libdbd-mysql-perl-qNlN4v/resolver-cQ4YTn' with '<<RESOLVERDIR>>'

+------------------------------------------------------------------------------+
| Update chroot                                                                |
+------------------------------------------------------------------------------+

Hit:1 http://127.0.0.1:12990/debian sid InRelease
Reading package lists...
Reading package lists...
Building dependency tree...
Reading state information...
Calculating upgrade...
The following packages will be upgraded:
  libgmp10 zlib1g
2 upgraded, 0 newly installed, 0 to remove and 0 not upgraded.
Need to get 343 kB of archives.
After this operation, 0 B of additional disk space will be used.
Get:1 http://127.0.0.1:12990/debian sid/main amd64 libgmp10 amd64 2:6.2.0+dfsg-4 [253 kB]
Get:2 http://127.0.0.1:12990/debian sid/main amd64 zlib1g amd64 1:1.2.11.dfsg-2 [90.4 kB]
debconf: delaying package configuration, since apt-utils is not installed
Fetched 343 kB in 0s (6378 kB/s)
(Reading database ... (Reading database ... 5%(Reading database ... 10%(Reading database ... 15%(Reading database ... 20%(Reading database ... 25%(Reading database ... 30%(Reading database ... 35%(Reading database ... 40%(Reading database ... 45%(Reading database ... 50%(Reading database ... 55%(Reading database ... 60%(Reading database ... 65%(Reading database ... 70%(Reading database ... 75%(Reading database ... 80%(Reading database ... 85%(Reading database ... 90%(Reading database ... 95%(Reading database ... 100%(Reading database ... 12960 files and directories currently installed.)
Preparing to unpack .../libgmp10_2%3a6.2.0+dfsg-4_amd64.deb ...
Unpacking libgmp10:amd64 (2:6.2.0+dfsg-4) over (2:6.2.0+dfsg-3) ...
Setting up libgmp10:amd64 (2:6.2.0+dfsg-4) ...
(Reading database ... (Reading database ... 5%(Reading database ... 10%(Reading database ... 15%(Reading database ... 20%(Reading database ... 25%(Reading database ... 30%(Reading database ... 35%(Reading database ... 40%(Reading database ... 45%(Reading database ... 50%(Reading database ... 55%(Reading database ... 60%(Reading database ... 65%(Reading database ... 70%(Reading database ... 75%(Reading database ... 80%(Reading database ... 85%(Reading database ... 90%(Reading database ... 95%(Reading database ... 100%(Reading database ... 12960 files and directories currently installed.)
Preparing to unpack .../zlib1g_1%3a1.2.11.dfsg-2_amd64.deb ...
Unpacking zlib1g:amd64 (1:1.2.11.dfsg-2) over (1:1.2.11.dfsg-1.2) ...
Setting up zlib1g:amd64 (1:1.2.11.dfsg-2) ...
Processing triggers for libc-bin (2.29-10) ...

+------------------------------------------------------------------------------+
| Fetch source files                                                           |
+------------------------------------------------------------------------------+


Check APT
---------

Checking available source versions...

Download source files with APT
------------------------------

Reading package lists...
NOTICE: 'libdbd-mysql-perl' packaging is maintained in the 'Git' version control system at:
https://salsa.debian.org/perl-team/modules/packages/libdbd-mysql-perl.git
Please use:
git clone https://salsa.debian.org/perl-team/modules/packages/libdbd-mysql-perl.git
to retrieve the latest (possibly unreleased) updates to the package.
Need to get 177 kB of source archives.
Get:1 http://127.0.0.1:12990/debian sid/main libdbd-mysql-perl 4.050-3 (dsc) [2697 B]
Get:2 http://127.0.0.1:12990/debian sid/main libdbd-mysql-perl 4.050-3 (tar) [162 kB]
Get:3 http://127.0.0.1:12990/debian sid/main libdbd-mysql-perl 4.050-3 (diff) [12.9 kB]
Fetched 177 kB in 0s (2197 kB/s)
Download complete and in download only mode
I: NOTICE: Log filtering will replace 'build/libdbd-mysql-perl-qNlN4v/libdbd-mysql-perl-4.050' with '<<PKGBUILDDIR>>'
I: NOTICE: Log filtering will replace 'build/libdbd-mysql-perl-qNlN4v' with '<<BUILDDIR>>'

+------------------------------------------------------------------------------+
| Install package build dependencies                                           |
+------------------------------------------------------------------------------+


Setup apt archive
-----------------

Merged Build-Depends: debhelper-compat (= 12), default-libmysqlclient-dev (>= 1.0.5), default-mysql-server, libdbi-perl, libdevel-checklib-perl (>= 1.09), libssl-dev, libtest-deep-perl, perl, procps, zlib1g-dev, build-essential, fakeroot
Filtered Build-Depends: debhelper-compat (= 12), default-libmysqlclient-dev (>= 1.0.5), default-mysql-server, libdbi-perl, libdevel-checklib-perl (>= 1.09), libssl-dev, libtest-deep-perl, perl, procps, zlib1g-dev, build-essential, fakeroot
dpkg-deb: building package 'sbuild-build-depends-main-dummy' in '/<<RESOLVERDIR>>/apt_archive/sbuild-build-depends-main-dummy.deb'.
Ign:1 copy:/<<RESOLVERDIR>>/apt_archive ./ InRelease
Get:2 copy:/<<RESOLVERDIR>>/apt_archive ./ Release [957 B]
Ign:3 copy:/<<RESOLVERDIR>>/apt_archive ./ Release.gpg
Get:4 copy:/<<RESOLVERDIR>>/apt_archive ./ Sources [462 B]
Get:5 copy:/<<RESOLVERDIR>>/apt_archive ./ Packages [537 B]
Fetched 1956 B in 0s (0 B/s)
Reading package lists...
Reading package lists...

Install main build dependencies (apt-based resolver)
----------------------------------------------------

Installing build dependencies
Reading package lists...
Building dependency tree...
Reading state information...
The following additional packages will be installed:
  autoconf automake autopoint autotools-dev bsdmainutils debhelper
  default-libmysqlclient-dev default-mysql-server dh-autoreconf
  dh-strip-nondeterminism dwz file galera-3 gawk gettext gettext-base
  groff-base intltool-debian iproute2 libaio1 libarchive-zip-perl libcap2
  libcap2-bin libconfig-inifiles-perl libcroco3 libdbi-perl libdebhelper-perl
  libdevel-checklib-perl libelf1 libevent-2.1-7
  libfile-stripnondeterminism-perl libglib2.0-0 libgmp-dev libgmpxx4ldbl
  libgnutls-dane0 libgnutls-openssl27 libgnutls28-dev libgnutlsxx28 libicu63
  libidn2-dev libmagic-mgc libmagic1 libmariadb-dev libmariadb-dev-compat
  libmariadb3 libmnl0 libncurses6 libp11-kit-dev libpipeline1 libpopt0
  libprocps8 libreadline5 libreadline8 libsigsegv2 libsnappy1v5 libssl-dev
  libssl1.1 libsub-override-perl libtasn1-6-dev libtest-deep-perl libtool
  libuchardet0 libunbound8 libwrap0 libxml2 libxtables12 lsof m4 man-db
  mariadb-client-10.3 mariadb-client-core-10.3 mariadb-common
  mariadb-server-10.3 mariadb-server-core-10.3 mysql-common nettle-dev
  po-debconf procps psmisc readline-common rsync sensible-utils socat
  zlib1g-dev
Suggested packages:
  autoconf-archive gnu-standards autoconf-doc wamerican | wordlist whois
  vacation dh-make gawk-doc gettext-doc libasprintf-dev libgettextpo-dev groff
  iproute2-doc libclone-perl libmldbm-perl libnet-daemon-perl
  libsql-statement-perl gmp-doc libgmp10-doc libmpfr-dev dns-root-data
  gnutls-bin gnutls-doc libssl-doc libtool-doc gfortran | fortran95-compiler
  gcj-jdk m4-doc apparmor less www-browser mailx mariadb-test netcat-openbsd
  tinyca libmail-box-perl readline-doc openssh-client openssh-server
Recommended packages:
  curl | wget | lynx libatm1 libpam-cap libarchive-cpio-perl libglib2.0-data
  shared-mime-info xdg-user-dirs libgpm2 libtasn1-doc libltdl-dev
  libdbd-mysql-perl libterm-readkey-perl libhtml-template-perl
  libmail-sendmail-perl
The following NEW packages will be installed:
  autoconf automake autopoint autotools-dev bsdmainutils debhelper
  default-libmysqlclient-dev default-mysql-server dh-autoreconf
  dh-strip-nondeterminism dwz file galera-3 gawk gettext gettext-base
  groff-base intltool-debian iproute2 libaio1 libarchive-zip-perl libcap2
  libcap2-bin libconfig-inifiles-perl libcroco3 libdbi-perl libdebhelper-perl
  libdevel-checklib-perl libelf1 libevent-2.1-7
  libfile-stripnondeterminism-perl libglib2.0-0 libgmp-dev libgmpxx4ldbl
  libgnutls-dane0 libgnutls-openssl27 libgnutls28-dev libgnutlsxx28 libicu63
  libidn2-dev libmagic-mgc libmagic1 libmariadb-dev libmariadb-dev-compat
  libmariadb3 libmnl0 libncurses6 libp11-kit-dev libpipeline1 libpopt0
  libprocps8 libreadline5 libreadline8 libsigsegv2 libsnappy1v5 libssl-dev
  libssl1.1 libsub-override-perl libtasn1-6-dev libtest-deep-perl libtool
  libuchardet0 libunbound8 libwrap0 libxml2 libxtables12 lsof m4 man-db
  mariadb-client-10.3 mariadb-client-core-10.3 mariadb-common
  mariadb-server-10.3 mariadb-server-core-10.3 mysql-common nettle-dev
  po-debconf procps psmisc readline-common rsync
  sbuild-build-depends-main-dummy sensible-utils socat zlib1g-dev
0 upgraded, 85 newly installed, 0 to remove and 0 not upgraded.
Need to get 51.4 MB of archives.
After this operation, 276 MB of additional disk space will be used.
Get:1 copy:/<<RESOLVERDIR>>/apt_archive ./ sbuild-build-depends-main-dummy 0.invalid.0 [968 B]
Get:2 http://127.0.0.1:12990/debian sid/main amd64 bsdmainutils amd64 11.1.2+b1 [191 kB]
Get:3 http://127.0.0.1:12990/debian sid/main amd64 libuchardet0 amd64 0.0.6-3 [64.9 kB]
Get:4 http://127.0.0.1:12990/debian sid/main amd64 groff-base amd64 1.22.4-4 [919 kB]
Get:5 http://127.0.0.1:12990/debian sid/main amd64 libpipeline1 amd64 1.5.2-2 [33.9 kB]
Get:6 http://127.0.0.1:12990/debian sid/main amd64 man-db amd64 2.9.0-2 [1307 kB]
Get:7 http://127.0.0.1:12990/debian sid/main amd64 readline-common all 8.0-3 [72.5 kB]
Get:8 http://127.0.0.1:12990/debian sid/main amd64 libreadline8 amd64 8.0-3 [160 kB]
Get:9 http://127.0.0.1:12990/debian sid/main amd64 libsigsegv2 amd64 2.12-2 [32.8 kB]
Get:10 http://127.0.0.1:12990/debian sid/main amd64 gawk amd64 1:5.0.1+dfsg-1 [610 kB]
Get:11 http://127.0.0.1:12990/debian sid/main amd64 mysql-common all 5.8+1.0.5 [7324 B]
Get:12 http://127.0.0.1:12990/debian sid/main amd64 mariadb-common all 1:10.3.22-1 [32.3 kB]
Get:13 http://127.0.0.1:12990/debian sid/main amd64 libssl1.1 amd64 1.1.1d-2 [1540 kB]
Get:14 http://127.0.0.1:12990/debian sid/main amd64 galera-3 amd64 25.3.29-1 [892 kB]
Get:15 http://127.0.0.1:12990/debian sid/main amd64 libcap2 amd64 1:2.32-1 [20.4 kB]
Get:16 http://127.0.0.1:12990/debian sid/main amd64 libelf1 amd64 0.176-1.1 [161 kB]
Get:17 http://127.0.0.1:12990/debian sid/main amd64 libmnl0 amd64 1.0.4-2+b1 [12.8 kB]
Get:18 http://127.0.0.1:12990/debian sid/main amd64 libxtables12 amd64 1.8.4-3 [78.8 kB]
Get:19 http://127.0.0.1:12990/debian sid/main amd64 libcap2-bin amd64 1:2.32-1 [33.6 kB]
Get:20 http://127.0.0.1:12990/debian sid/main amd64 iproute2 amd64 5.5.0-1 [869 kB]
Get:21 http://127.0.0.1:12990/debian sid/main amd64 libdbi-perl amd64 1.643-1 [780 kB]
Get:22 http://127.0.0.1:12990/debian sid/main amd64 lsof amd64 4.93.2+dfsg-1 [319 kB]
Get:23 http://127.0.0.1:12990/debian sid/main amd64 libconfig-inifiles-perl all 3.000002-1 [52.0 kB]
Get:24 http://127.0.0.1:12990/debian sid/main amd64 libaio1 amd64 0.3.112-5 [11.7 kB]
Get:25 http://127.0.0.1:12990/debian sid/main amd64 libncurses6 amd64 6.1+20191019-1 [102 kB]
Get:26 http://127.0.0.1:12990/debian sid/main amd64 libreadline5 amd64 5.2+dfsg-3+b13 [120 kB]
Get:27 http://127.0.0.1:12990/debian sid/main amd64 libsnappy1v5 amd64 1.1.8-1 [17.9 kB]
Get:28 http://127.0.0.1:12990/debian sid/main amd64 mariadb-client-core-10.3 amd64 1:10.3.22-1 [5802 kB]
Get:29 http://127.0.0.1:12990/debian sid/main amd64 mariadb-client-10.3 amd64 1:10.3.22-1 [1140 kB]
Get:30 http://127.0.0.1:12990/debian sid/main amd64 mariadb-server-core-10.3 amd64 1:10.3.22-1 [6031 kB]
Get:31 http://127.0.0.1:12990/debian sid/main amd64 psmisc amd64 23.3-1 [131 kB]
Get:32 http://127.0.0.1:12990/debian sid/main amd64 libpopt0 amd64 1.16-14 [49.5 kB]
Get:33 http://127.0.0.1:12990/debian sid/main amd64 rsync amd64 3.1.3-8 [329 kB]
Get:34 http://127.0.0.1:12990/debian sid/main amd64 libwrap0 amd64 7.6.q-30 [58.9 kB]
Get:35 http://127.0.0.1:12990/debian sid/main amd64 socat amd64 1.7.3.3-2 [348 kB]
Get:36 http://127.0.0.1:12990/debian sid/main amd64 mariadb-server-10.3 amd64 1:10.3.22-1 [4203 kB]
Get:37 http://127.0.0.1:12990/debian sid/main amd64 libprocps8 amd64 2:3.3.16-1+b1 [62.8 kB]
Get:38 http://127.0.0.1:12990/debian sid/main amd64 procps amd64 2:3.3.16-1+b1 [263 kB]
Get:39 http://127.0.0.1:12990/debian sid/main amd64 sensible-utils all 0.0.12+nmu1 [16.0 kB]
Get:40 http://127.0.0.1:12990/debian sid/main amd64 libmagic-mgc amd64 1:5.38-4 [262 kB]
Get:41 http://127.0.0.1:12990/debian sid/main amd64 libmagic1 amd64 1:5.38-4 [120 kB]
Get:42 http://127.0.0.1:12990/debian sid/main amd64 file amd64 1:5.38-4 [67.9 kB]
Get:43 http://127.0.0.1:12990/debian sid/main amd64 gettext-base amd64 0.19.8.1-10 [123 kB]
Get:44 http://127.0.0.1:12990/debian sid/main amd64 m4 amd64 1.4.18-4 [203 kB]
Get:45 http://127.0.0.1:12990/debian sid/main amd64 autoconf all 2.69-11.1 [341 kB]
Get:46 http://127.0.0.1:12990/debian sid/main amd64 autotools-dev all 20180224.1 [77.0 kB]
Get:47 http://127.0.0.1:12990/debian sid/main amd64 automake all 1:1.16.1-4 [771 kB]
Get:48 http://127.0.0.1:12990/debian sid/main amd64 autopoint all 0.19.8.1-10 [435 kB]
Get:49 http://127.0.0.1:12990/debian sid/main amd64 libtool all 2.4.6-13 [513 kB]
Get:50 http://127.0.0.1:12990/debian sid/main amd64 dh-autoreconf all 19 [16.9 kB]
Get:51 http://127.0.0.1:12990/debian sid/main amd64 libdebhelper-perl all 12.9 [183 kB]
Get:52 http://127.0.0.1:12990/debian sid/main amd64 libarchive-zip-perl all 1.67-1 [104 kB]
Get:53 http://127.0.0.1:12990/debian sid/main amd64 libsub-override-perl all 0.09-2 [10.2 kB]
Get:54 http://127.0.0.1:12990/debian sid/main amd64 libfile-stripnondeterminism-perl all 1.6.3-2 [23.7 kB]
Get:55 http://127.0.0.1:12990/debian sid/main amd64 dh-strip-nondeterminism all 1.6.3-2 [14.7 kB]
Get:56 http://127.0.0.1:12990/debian sid/main amd64 dwz amd64 0.13-5 [151 kB]
Get:57 http://127.0.0.1:12990/debian sid/main amd64 libglib2.0-0 amd64 2.62.4-2 [1319 kB]
Get:58 http://127.0.0.1:12990/debian sid/main amd64 libicu63 amd64 63.2-2 [8301 kB]
Get:59 http://127.0.0.1:12990/debian sid/main amd64 libxml2 amd64 2.9.10+dfsg-3 [709 kB]
Get:60 http://127.0.0.1:12990/debian sid/main amd64 libcroco3 amd64 0.6.13-1 [146 kB]
Get:61 http://127.0.0.1:12990/debian sid/main amd64 gettext amd64 0.19.8.1-10 [1303 kB]
Get:62 http://127.0.0.1:12990/debian sid/main amd64 intltool-debian all 0.35.0+20060710.5 [26.8 kB]
Get:63 http://127.0.0.1:12990/debian sid/main amd64 po-debconf all 1.0.21 [248 kB]
Get:64 http://127.0.0.1:12990/debian sid/main amd64 debhelper all 12.9 [994 kB]
Get:65 http://127.0.0.1:12990/debian sid/main amd64 libmariadb3 amd64 1:10.3.22-1 [171 kB]
Get:66 http://127.0.0.1:12990/debian sid/main amd64 libevent-2.1-7 amd64 2.1.11-stable-1 [186 kB]
Get:67 http://127.0.0.1:12990/debian sid/main amd64 libunbound8 amd64 1.9.6-2 [467 kB]
Get:68 http://127.0.0.1:12990/debian sid/main amd64 libgnutls-dane0 amd64 3.6.12-2 [354 kB]
Get:69 http://127.0.0.1:12990/debian sid/main amd64 libgnutls-openssl27 amd64 3.6.12-2 [355 kB]
Get:70 http://127.0.0.1:12990/debian sid/main amd64 libgnutlsxx28 amd64 3.6.12-2 [14.6 kB]
Get:71 http://127.0.0.1:12990/debian sid/main amd64 libidn2-dev amd64 2.2.0-2 [84.5 kB]
Get:72 http://127.0.0.1:12990/debian sid/main amd64 libp11-kit-dev amd64 0.23.20-1 [205 kB]
Get:73 http://127.0.0.1:12990/debian sid/main amd64 libtasn1-6-dev amd64 4.16.0-2 [104 kB]
Get:74 http://127.0.0.1:12990/debian sid/main amd64 libgmpxx4ldbl amd64 2:6.2.0+dfsg-4 [23.0 kB]
Get:75 http://127.0.0.1:12990/debian sid/main amd64 libgmp-dev amd64 2:6.2.0+dfsg-4 [643 kB]
Get:76 http://127.0.0.1:12990/debian sid/main amd64 nettle-dev amd64 3.5.1+really3.5.1-2 [1115 kB]
Get:77 http://127.0.0.1:12990/debian sid/main amd64 libgnutls28-dev amd64 3.6.12-2 [1193 kB]
Get:78 http://127.0.0.1:12990/debian sid/main amd64 zlib1g-dev amd64 1:1.2.11.dfsg-2 [190 kB]
Get:79 http://127.0.0.1:12990/debian sid/main amd64 libmariadb-dev amd64 1:10.3.22-1 [1012 kB]
Get:80 http://127.0.0.1:12990/debian sid/main amd64 libmariadb-dev-compat amd64 1:10.3.22-1 [31.5 kB]
Get:81 http://127.0.0.1:12990/debian sid/main amd64 default-libmysqlclient-dev amd64 1.0.5 [3764 B]
Get:82 http://127.0.0.1:12990/debian sid/main amd64 default-mysql-server all 1.0.5 [3540 B]
Get:83 http://127.0.0.1:12990/debian sid/main amd64 libdevel-checklib-perl all 1.14-1 [18.1 kB]
Get:84 http://127.0.0.1:12990/debian sid/main amd64 libssl-dev amd64 1.1.1d-2 [1797 kB]
Get:85 http://127.0.0.1:12990/debian sid/main amd64 libtest-deep-perl all 1.128-1 [48.8 kB]
debconf: delaying package configuration, since apt-utils is not installed
Fetched 51.4 MB in 1s (87.6 MB/s)
Selecting previously unselected package bsdmainutils.
(Reading database ... 12960 files and directories currently installed.)
Preparing to unpack .../0-bsdmainutils_11.1.2+b1_amd64.deb ...
Unpacking bsdmainutils (11.1.2+b1) ...
Selecting previously unselected package libuchardet0:amd64.
Preparing to unpack .../1-libuchardet0_0.0.6-3_amd64.deb ...
Unpacking libuchardet0:amd64 (0.0.6-3) ...
Selecting previously unselected package groff-base.
Preparing to unpack .../2-groff-base_1.22.4-4_amd64.deb ...
Unpacking groff-base (1.22.4-4) ...
Selecting previously unselected package libpipeline1:amd64.
Preparing to unpack .../3-libpipeline1_1.5.2-2_amd64.deb ...
Unpacking libpipeline1:amd64 (1.5.2-2) ...
Selecting previously unselected package man-db.
Preparing to unpack .../4-man-db_2.9.0-2_amd64.deb ...
Unpacking man-db (2.9.0-2) ...
Selecting previously unselected package readline-common.
Preparing to unpack .../5-readline-common_8.0-3_all.deb ...
Unpacking readline-common (8.0-3) ...
Selecting previously unselected package libreadline8:amd64.
Preparing to unpack .../6-libreadline8_8.0-3_amd64.deb ...
Unpacking libreadline8:amd64 (8.0-3) ...
Selecting previously unselected package libsigsegv2:amd64.
Preparing to unpack .../7-libsigsegv2_2.12-2_amd64.deb ...
Unpacking libsigsegv2:amd64 (2.12-2) ...
Setting up readline-common (8.0-3) ...
Setting up libreadline8:amd64 (8.0-3) ...
Setting up libsigsegv2:amd64 (2.12-2) ...
Selecting previously unselected package gawk.
(Reading database ... 13639 files and directories currently installed.)
Preparing to unpack .../00-gawk_1%3a5.0.1+dfsg-1_amd64.deb ...
Unpacking gawk (1:5.0.1+dfsg-1) ...
Selecting previously unselected package mysql-common.
Preparing to unpack .../01-mysql-common_5.8+1.0.5_all.deb ...
Unpacking mysql-common (5.8+1.0.5) ...
Selecting previously unselected package mariadb-common.
Preparing to unpack .../02-mariadb-common_1%3a10.3.22-1_all.deb ...
Unpacking mariadb-common (1:10.3.22-1) ...
Selecting previously unselected package libssl1.1:amd64.
Preparing to unpack .../03-libssl1.1_1.1.1d-2_amd64.deb ...
Unpacking libssl1.1:amd64 (1.1.1d-2) ...
Selecting previously unselected package galera-3.
Preparing to unpack .../04-galera-3_25.3.29-1_amd64.deb ...
Unpacking galera-3 (25.3.29-1) ...
Selecting previously unselected package libcap2:amd64.
Preparing to unpack .../05-libcap2_1%3a2.32-1_amd64.deb ...
Unpacking libcap2:amd64 (1:2.32-1) ...
Selecting previously unselected package libelf1:amd64.
Preparing to unpack .../06-libelf1_0.176-1.1_amd64.deb ...
Unpacking libelf1:amd64 (0.176-1.1) ...
Selecting previously unselected package libmnl0:amd64.
Preparing to unpack .../07-libmnl0_1.0.4-2+b1_amd64.deb ...
Unpacking libmnl0:amd64 (1.0.4-2+b1) ...
Selecting previously unselected package libxtables12:amd64.
Preparing to unpack .../08-libxtables12_1.8.4-3_amd64.deb ...
Unpacking libxtables12:amd64 (1.8.4-3) ...
Selecting previously unselected package libcap2-bin.
Preparing to unpack .../09-libcap2-bin_1%3a2.32-1_amd64.deb ...
Unpacking libcap2-bin (1:2.32-1) ...
Selecting previously unselected package iproute2.
Preparing to unpack .../10-iproute2_5.5.0-1_amd64.deb ...
Unpacking iproute2 (5.5.0-1) ...
Selecting previously unselected package libdbi-perl:amd64.
Preparing to unpack .../11-libdbi-perl_1.643-1_amd64.deb ...
Unpacking libdbi-perl:amd64 (1.643-1) ...
Selecting previously unselected package lsof.
Preparing to unpack .../12-lsof_4.93.2+dfsg-1_amd64.deb ...
Unpacking lsof (4.93.2+dfsg-1) ...
Selecting previously unselected package libconfig-inifiles-perl.
Preparing to unpack .../13-libconfig-inifiles-perl_3.000002-1_all.deb ...
Unpacking libconfig-inifiles-perl (3.000002-1) ...
Selecting previously unselected package libaio1:amd64.
Preparing to unpack .../14-libaio1_0.3.112-5_amd64.deb ...
Unpacking libaio1:amd64 (0.3.112-5) ...
Selecting previously unselected package libncurses6:amd64.
Preparing to unpack .../15-libncurses6_6.1+20191019-1_amd64.deb ...
Unpacking libncurses6:amd64 (6.1+20191019-1) ...
Selecting previously unselected package libreadline5:amd64.
Preparing to unpack .../16-libreadline5_5.2+dfsg-3+b13_amd64.deb ...
Unpacking libreadline5:amd64 (5.2+dfsg-3+b13) ...
Selecting previously unselected package libsnappy1v5:amd64.
Preparing to unpack .../17-libsnappy1v5_1.1.8-1_amd64.deb ...
Unpacking libsnappy1v5:amd64 (1.1.8-1) ...
Selecting previously unselected package mariadb-client-core-10.3.
Preparing to unpack .../18-mariadb-client-core-10.3_1%3a10.3.22-1_amd64.deb ...
Unpacking mariadb-client-core-10.3 (1:10.3.22-1) ...
Selecting previously unselected package mariadb-client-10.3.
Preparing to unpack .../19-mariadb-client-10.3_1%3a10.3.22-1_amd64.deb ...
Unpacking mariadb-client-10.3 (1:10.3.22-1) ...
Selecting previously unselected package mariadb-server-core-10.3.
Preparing to unpack .../20-mariadb-server-core-10.3_1%3a10.3.22-1_amd64.deb ...
Unpacking mariadb-server-core-10.3 (1:10.3.22-1) ...
Selecting previously unselected package psmisc.
Preparing to unpack .../21-psmisc_23.3-1_amd64.deb ...
Unpacking psmisc (23.3-1) ...
Selecting previously unselected package libpopt0:amd64.
Preparing to unpack .../22-libpopt0_1.16-14_amd64.deb ...
Unpacking libpopt0:amd64 (1.16-14) ...
Selecting previously unselected package rsync.
Preparing to unpack .../23-rsync_3.1.3-8_amd64.deb ...
Unpacking rsync (3.1.3-8) ...
Selecting previously unselected package libwrap0:amd64.
Preparing to unpack .../24-libwrap0_7.6.q-30_amd64.deb ...
Unpacking libwrap0:amd64 (7.6.q-30) ...
Selecting previously unselected package socat.
Preparing to unpack .../25-socat_1.7.3.3-2_amd64.deb ...
Unpacking socat (1.7.3.3-2) ...
Setting up mysql-common (5.8+1.0.5) ...
update-alternatives: using /etc/mysql/my.cnf.fallback to provide /etc/mysql/my.cnf (my.cnf) in auto mode
Setting up mariadb-common (1:10.3.22-1) ...
update-alternatives: using /etc/mysql/mariadb.cnf to provide /etc/mysql/my.cnf (my.cnf) in auto mode
Selecting previously unselected package mariadb-server-10.3.
(Reading database ... 14619 files and directories currently installed.)
Preparing to unpack .../00-mariadb-server-10.3_1%3a10.3.22-1_amd64.deb ...
Unpacking mariadb-server-10.3 (1:10.3.22-1) ...
Selecting previously unselected package libprocps8:amd64.
Preparing to unpack .../01-libprocps8_2%3a3.3.16-1+b1_amd64.deb ...
Unpacking libprocps8:amd64 (2:3.3.16-1+b1) ...
Selecting previously unselected package procps.
Preparing to unpack .../02-procps_2%3a3.3.16-1+b1_amd64.deb ...
Unpacking procps (2:3.3.16-1+b1) ...
Selecting previously unselected package sensible-utils.
Preparing to unpack .../03-sensible-utils_0.0.12+nmu1_all.deb ...
Unpacking sensible-utils (0.0.12+nmu1) ...
Selecting previously unselected package libmagic-mgc.
Preparing to unpack .../04-libmagic-mgc_1%3a5.38-4_amd64.deb ...
Unpacking libmagic-mgc (1:5.38-4) ...
Selecting previously unselected package libmagic1:amd64.
Preparing to unpack .../05-libmagic1_1%3a5.38-4_amd64.deb ...
Unpacking libmagic1:amd64 (1:5.38-4) ...
Selecting previously unselected package file.
Preparing to unpack .../06-file_1%3a5.38-4_amd64.deb ...
Unpacking file (1:5.38-4) ...
Selecting previously unselected package gettext-base.
Preparing to unpack .../07-gettext-base_0.19.8.1-10_amd64.deb ...
Unpacking gettext-base (0.19.8.1-10) ...
Selecting previously unselected package m4.
Preparing to unpack .../08-m4_1.4.18-4_amd64.deb ...
Unpacking m4 (1.4.18-4) ...
Selecting previously unselected package autoconf.
Preparing to unpack .../09-autoconf_2.69-11.1_all.deb ...
Unpacking autoconf (2.69-11.1) ...
Selecting previously unselected package autotools-dev.
Preparing to unpack .../10-autotools-dev_20180224.1_all.deb ...
Unpacking autotools-dev (20180224.1) ...
Selecting previously unselected package automake.
Preparing to unpack .../11-automake_1%3a1.16.1-4_all.deb ...
Unpacking automake (1:1.16.1-4) ...
Selecting previously unselected package autopoint.
Preparing to unpack .../12-autopoint_0.19.8.1-10_all.deb ...
Unpacking autopoint (0.19.8.1-10) ...
Selecting previously unselected package libtool.
Preparing to unpack .../13-libtool_2.4.6-13_all.deb ...
Unpacking libtool (2.4.6-13) ...
Selecting previously unselected package dh-autoreconf.
Preparing to unpack .../14-dh-autoreconf_19_all.deb ...
Unpacking dh-autoreconf (19) ...
Selecting previously unselected package libdebhelper-perl.
Preparing to unpack .../15-libdebhelper-perl_12.9_all.deb ...
Unpacking libdebhelper-perl (12.9) ...
Selecting previously unselected package libarchive-zip-perl.
Preparing to unpack .../16-libarchive-zip-perl_1.67-1_all.deb ...
Unpacking libarchive-zip-perl (1.67-1) ...
Selecting previously unselected package libsub-override-perl.
Preparing to unpack .../17-libsub-override-perl_0.09-2_all.deb ...
Unpacking libsub-override-perl (0.09-2) ...
Selecting previously unselected package libfile-stripnondeterminism-perl.
Preparing to unpack .../18-libfile-stripnondeterminism-perl_1.6.3-2_all.deb ...
Unpacking libfile-stripnondeterminism-perl (1.6.3-2) ...
Selecting previously unselected package dh-strip-nondeterminism.
Preparing to unpack .../19-dh-strip-nondeterminism_1.6.3-2_all.deb ...
Unpacking dh-strip-nondeterminism (1.6.3-2) ...
Selecting previously unselected package dwz.
Preparing to unpack .../20-dwz_0.13-5_amd64.deb ...
Unpacking dwz (0.13-5) ...
Selecting previously unselected package libglib2.0-0:amd64.
Preparing to unpack .../21-libglib2.0-0_2.62.4-2_amd64.deb ...
Unpacking libglib2.0-0:amd64 (2.62.4-2) ...
Selecting previously unselected package libicu63:amd64.
Preparing to unpack .../22-libicu63_63.2-2_amd64.deb ...
Unpacking libicu63:amd64 (63.2-2) ...
Selecting previously unselected package libxml2:amd64.
Preparing to unpack .../23-libxml2_2.9.10+dfsg-3_amd64.deb ...
Unpacking libxml2:amd64 (2.9.10+dfsg-3) ...
Selecting previously unselected package libcroco3:amd64.
Preparing to unpack .../24-libcroco3_0.6.13-1_amd64.deb ...
Unpacking libcroco3:amd64 (0.6.13-1) ...
Selecting previously unselected package gettext.
Preparing to unpack .../25-gettext_0.19.8.1-10_amd64.deb ...
Unpacking gettext (0.19.8.1-10) ...
Selecting previously unselected package intltool-debian.
Preparing to unpack .../26-intltool-debian_0.35.0+20060710.5_all.deb ...
Unpacking intltool-debian (0.35.0+20060710.5) ...
Selecting previously unselected package po-debconf.
Preparing to unpack .../27-po-debconf_1.0.21_all.deb ...
Unpacking po-debconf (1.0.21) ...
Selecting previously unselected package debhelper.
Preparing to unpack .../28-debhelper_12.9_all.deb ...
Unpacking debhelper (12.9) ...
Selecting previously unselected package libmariadb3:amd64.
Preparing to unpack .../29-libmariadb3_1%3a10.3.22-1_amd64.deb ...
Unpacking libmariadb3:amd64 (1:10.3.22-1) ...
Selecting previously unselected package libevent-2.1-7:amd64.
Preparing to unpack .../30-libevent-2.1-7_2.1.11-stable-1_amd64.deb ...
Unpacking libevent-2.1-7:amd64 (2.1.11-stable-1) ...
Selecting previously unselected package libunbound8:amd64.
Preparing to unpack .../31-libunbound8_1.9.6-2_amd64.deb ...
Unpacking libunbound8:amd64 (1.9.6-2) ...
Selecting previously unselected package libgnutls-dane0:amd64.
Preparing to unpack .../32-libgnutls-dane0_3.6.12-2_amd64.deb ...
Unpacking libgnutls-dane0:amd64 (3.6.12-2) ...
Selecting previously unselected package libgnutls-openssl27:amd64.
Preparing to unpack .../33-libgnutls-openssl27_3.6.12-2_amd64.deb ...
Unpacking libgnutls-openssl27:amd64 (3.6.12-2) ...
Selecting previously unselected package libgnutlsxx28:amd64.
Preparing to unpack .../34-libgnutlsxx28_3.6.12-2_amd64.deb ...
Unpacking libgnutlsxx28:amd64 (3.6.12-2) ...
Selecting previously unselected package libidn2-dev:amd64.
Preparing to unpack .../35-libidn2-dev_2.2.0-2_amd64.deb ...
Unpacking libidn2-dev:amd64 (2.2.0-2) ...
Selecting previously unselected package libp11-kit-dev:amd64.
Preparing to unpack .../36-libp11-kit-dev_0.23.20-1_amd64.deb ...
Unpacking libp11-kit-dev:amd64 (0.23.20-1) ...
Selecting previously unselected package libtasn1-6-dev:amd64.
Preparing to unpack .../37-libtasn1-6-dev_4.16.0-2_amd64.deb ...
Unpacking libtasn1-6-dev:amd64 (4.16.0-2) ...
Selecting previously unselected package libgmpxx4ldbl:amd64.
Preparing to unpack .../38-libgmpxx4ldbl_2%3a6.2.0+dfsg-4_amd64.deb ...
Unpacking libgmpxx4ldbl:amd64 (2:6.2.0+dfsg-4) ...
Selecting previously unselected package libgmp-dev:amd64.
Preparing to unpack .../39-libgmp-dev_2%3a6.2.0+dfsg-4_amd64.deb ...
Unpacking libgmp-dev:amd64 (2:6.2.0+dfsg-4) ...
Selecting previously unselected package nettle-dev:amd64.
Preparing to unpack .../40-nettle-dev_3.5.1+really3.5.1-2_amd64.deb ...
Unpacking nettle-dev:amd64 (3.5.1+really3.5.1-2) ...
Selecting previously unselected package libgnutls28-dev:amd64.
Preparing to unpack .../41-libgnutls28-dev_3.6.12-2_amd64.deb ...
Unpacking libgnutls28-dev:amd64 (3.6.12-2) ...
Selecting previously unselected package zlib1g-dev:amd64.
Preparing to unpack .../42-zlib1g-dev_1%3a1.2.11.dfsg-2_amd64.deb ...
Unpacking zlib1g-dev:amd64 (1:1.2.11.dfsg-2) ...
Selecting previously unselected package libmariadb-dev.
Preparing to unpack .../43-libmariadb-dev_1%3a10.3.22-1_amd64.deb ...
Unpacking libmariadb-dev (1:10.3.22-1) ...
Selecting previously unselected package libmariadb-dev-compat:amd64.
Preparing to unpack .../44-libmariadb-dev-compat_1%3a10.3.22-1_amd64.deb ...
Unpacking libmariadb-dev-compat:amd64 (1:10.3.22-1) ...
Selecting previously unselected package default-libmysqlclient-dev:amd64.
Preparing to unpack .../45-default-libmysqlclient-dev_1.0.5_amd64.deb ...
Unpacking default-libmysqlclient-dev:amd64 (1.0.5) ...
Selecting previously unselected package default-mysql-server.
Preparing to unpack .../46-default-mysql-server_1.0.5_all.deb ...
Unpacking default-mysql-server (1.0.5) ...
Selecting previously unselected package libdevel-checklib-perl.
Preparing to unpack .../47-libdevel-checklib-perl_1.14-1_all.deb ...
Unpacking libdevel-checklib-perl (1.14-1) ...
Selecting previously unselected package libssl-dev:amd64.
Preparing to unpack .../48-libssl-dev_1.1.1d-2_amd64.deb ...
Unpacking libssl-dev:amd64 (1.1.1d-2) ...
Selecting previously unselected package libtest-deep-perl.
Preparing to unpack .../49-libtest-deep-perl_1.128-1_all.deb ...
Unpacking libtest-deep-perl (1.128-1) ...
Selecting previously unselected package sbuild-build-depends-main-dummy.
Preparing to unpack .../50-sbuild-build-depends-main-dummy_0.invalid.0_amd64.deb ...
Unpacking sbuild-build-depends-main-dummy (0.invalid.0) ...
Setting up libconfig-inifiles-perl (3.000002-1) ...
Setting up libpipeline1:amd64 (1.5.2-2) ...
Setting up libgnutls-openssl27:amd64 (3.6.12-2) ...
Setting up libreadline5:amd64 (5.2+dfsg-3+b13) ...
Setting up libtest-deep-perl (1.128-1) ...
Setting up libmagic-mgc (1:5.38-4) ...
Setting up libdevel-checklib-perl (1.14-1) ...
Setting up gawk (1:5.0.1+dfsg-1) ...
Setting up psmisc (23.3-1) ...
Setting up libarchive-zip-perl (1.67-1) ...
Setting up libglib2.0-0:amd64 (2.62.4-2) ...
No schema files found: doing nothing.
Setting up libssl1.1:amd64 (1.1.1d-2) ...
Setting up libdebhelper-perl (12.9) ...
Setting up libmagic1:amd64 (1:5.38-4) ...
Setting up gettext-base (0.19.8.1-10) ...
Setting up m4 (1.4.18-4) ...
Setting up file (1:5.38-4) ...
Setting up libicu63:amd64 (63.2-2) ...
Setting up libcap2:amd64 (1:2.32-1) ...
Setting up libsnappy1v5:amd64 (1.1.8-1) ...
Setting up libcap2-bin (1:2.32-1) ...
Setting up autotools-dev (20180224.1) ...
Setting up libgmpxx4ldbl:amd64 (2:6.2.0+dfsg-4) ...
Setting up libwrap0:amd64 (7.6.q-30) ...
Setting up socat (1.7.3.3-2) ...
Setting up libncurses6:amd64 (6.1+20191019-1) ...
Setting up bsdmainutils (11.1.2+b1) ...
update-alternatives: using /usr/bin/bsd-write to provide /usr/bin/write (write) in auto mode
update-alternatives: using /usr/bin/bsd-from to provide /usr/bin/from (from) in auto mode
Setting up libssl-dev:amd64 (1.1.1d-2) ...
Setting up libmnl0:amd64 (1.0.4-2+b1) ...
Setting up libevent-2.1-7:amd64 (2.1.11-stable-1) ...
Setting up autopoint (0.19.8.1-10) ...
Setting up libmariadb3:amd64 (1:10.3.22-1) ...
Setting up libgnutlsxx28:amd64 (3.6.12-2) ...
Setting up libxtables12:amd64 (1.8.4-3) ...
Setting up libidn2-dev:amd64 (2.2.0-2) ...
Setting up lsof (4.93.2+dfsg-1) ...
Setting up autoconf (2.69-11.1) ...
Setting up galera-3 (25.3.29-1) ...
Setting up zlib1g-dev:amd64 (1:1.2.11.dfsg-2) ...
Setting up sensible-utils (0.0.12+nmu1) ...
Setting up libuchardet0:amd64 (0.0.6-3) ...
Setting up libsub-override-perl (0.09-2) ...
Setting up libaio1:amd64 (0.3.112-5) ...
Setting up libtasn1-6-dev:amd64 (4.16.0-2) ...
Setting up libelf1:amd64 (0.176-1.1) ...
Setting up libxml2:amd64 (2.9.10+dfsg-3) ...
Setting up libdbi-perl:amd64 (1.643-1) ...
Setting up libprocps8:amd64 (2:3.3.16-1+b1) ...
Setting up libp11-kit-dev:amd64 (0.23.20-1) ...
Setting up libpopt0:amd64 (1.16-14) ...
Setting up automake (1:1.16.1-4) ...
update-alternatives: using /usr/bin/automake-1.16 to provide /usr/bin/automake (automake) in auto mode
Setting up libfile-stripnondeterminism-perl (1.6.3-2) ...
Setting up libgmp-dev:amd64 (2:6.2.0+dfsg-4) ...
Setting up nettle-dev:amd64 (3.5.1+really3.5.1-2) ...
Setting up libtool (2.4.6-13) ...
Setting up iproute2 (5.5.0-1) ...
Setting up libunbound8:amd64 (1.9.6-2) ...
Setting up mariadb-server-core-10.3 (1:10.3.22-1) ...
Setting up libcroco3:amd64 (0.6.13-1) ...
Setting up dh-strip-nondeterminism (1.6.3-2) ...
Setting up dwz (0.13-5) ...
Setting up groff-base (1.22.4-4) ...
Setting up mariadb-client-core-10.3 (1:10.3.22-1) ...
Setting up procps (2:3.3.16-1+b1) ...
update-alternatives: using /usr/bin/w.procps to provide /usr/bin/w (w) in auto mode
Setting up rsync (3.1.3-8) ...
invoke-rc.d: could not determine current runlevel
All runlevel operations denied by policy
invoke-rc.d: policy-rc.d denied execution of start.
Setting up libgnutls-dane0:amd64 (3.6.12-2) ...
Setting up gettext (0.19.8.1-10) ...
Setting up man-db (2.9.0-2) ...
Not building database; man-db/auto-update is not 'true'.
Setting up intltool-debian (0.35.0+20060710.5) ...
Setting up mariadb-client-10.3 (1:10.3.22-1) ...
Setting up mariadb-server-10.3 (1:10.3.22-1) ...
invoke-rc.d: could not determine current runlevel
All runlevel operations denied by policy
invoke-rc.d: policy-rc.d denied execution of start.
Setting up libgnutls28-dev:amd64 (3.6.12-2) ...
Setting up po-debconf (1.0.21) ...
Setting up default-mysql-server (1.0.5) ...
Setting up libmariadb-dev (1:10.3.22-1) ...
Setting up libmariadb-dev-compat:amd64 (1:10.3.22-1) ...
Setting up default-libmysqlclient-dev:amd64 (1.0.5) ...
Setting up dh-autoreconf (19) ...
Setting up debhelper (12.9) ...
Setting up sbuild-build-depends-main-dummy (0.invalid.0) ...
Processing triggers for libc-bin (2.29-10) ...

+------------------------------------------------------------------------------+
| Check architectures                                                          |
+------------------------------------------------------------------------------+

Arch check ok (amd64 included in any)

+------------------------------------------------------------------------------+
| Build environment                                                            |
+------------------------------------------------------------------------------+

Kernel: Linux 4.19.0-6-cloud-amd64 #1 SMP Debian 4.19.67-2+deb10u2 (2019-11-11) amd64 (x86_64)
Toolchain package versions: binutils_2.34-3 dpkg-dev_1.19.7 g++-9_9.2.1-29 gcc-9_9.2.1-29 libc6-dev_2.29-10 libstdc++-9-dev_9.2.1-29 libstdc++6_10-20200222-1 linux-libc-dev_5.4.19-1
Package versions: adduser_3.118 apt_1.8.4 autoconf_2.69-11.1 automake_1:1.16.1-4 autopoint_0.19.8.1-10 autotools-dev_20180224.1 base-files_11 base-passwd_3.5.47 bash_5.0-5 binutils_2.34-3 binutils-common_2.34-3 binutils-x86-64-linux-gnu_2.34-3 bsdmainutils_11.1.2+b1 bsdutils_1:2.34-0.1 build-essential_12.8 bzip2_1.0.8-2 clang-10_1:10.0.0~+rc2-1 coreutils_8.30-3+b1 cpp_4:9.2.1-3.1 cpp-9_9.2.1-29 dash_0.5.10.2-6 debconf_1.5.73 debhelper_12.9 debian-archive-keyring_2019.1 debianutils_4.9.1 default-libmysqlclient-dev_1.0.5 default-mysql-server_1.0.5 dh-autoreconf_19 dh-strip-nondeterminism_1.6.3-2 diffutils_1:3.7-3 dpkg_1.19.7 dpkg-dev_1.19.7 dwz_0.13-5 e2fsprogs_1.45.5-2 fakeroot_1.24-1 fdisk_2.34-0.1 file_1:5.38-4 findutils_4.7.0-1 g++_4:9.2.1-3.1 g++-9_9.2.1-29 galera-3_25.3.29-1 gawk_1:5.0.1+dfsg-1 gcc_4:9.2.1-3.1 gcc-10-base_10-20200222-1 gcc-9_9.2.1-29 gcc-9-base_9.2.1-29 gettext_0.19.8.1-10 gettext-base_0.19.8.1-10 gpgv_2.2.19-1 grep_3.4-1 groff-base_1.22.4-4 gzip_1.9-3+b1 hostname_3.23 init-system-helpers_1.57 intltool-debian_0.35.0+20060710.5 iproute2_5.5.0-1 lib32gcc-s1_10-20200222-1 lib32gcc1_1:10-20200222-1 lib32stdc++6_10-20200222-1 libacl1_2.2.53-5 libaio1_0.3.112-5 libapt-pkg5.0_1.8.4 libarchive-zip-perl_1.67-1 libasan5_9.2.1-29 libatomic1_10-20200222-1 libattr1_1:2.4.48-5 libaudit-common_1:2.8.5-2 libaudit1_1:2.8.5-2+b1 libbinutils_2.34-3 libblkid1_2.34-0.1 libbsd0_0.10.0-1 libbz2-1.0_1.0.8-2 libc-bin_2.29-10 libc-dev-bin_2.29-10 libc6_2.29-10 libc6-dev_2.29-10 libc6-i386_2.29-10 libcap-ng0_0.7.9-2.1+b1 libcap2_1:2.32-1 libcap2-bin_1:2.32-1 libcc1-0_10-20200222-1 libclang-common-10-dev_1:10.0.0~+rc2-1 libclang-cpp10_1:10.0.0~+rc2-1 libclang1-10_1:10.0.0~+rc2-1 libcom-err2_1.45.5-2 libconfig-inifiles-perl_3.000002-1 libcroco3_0.6.13-1 libcrypt-dev_1:4.4.10-10 libcrypt1_1:4.4.10-10 libctf-nobfd0_2.34-3 libctf0_2.34-3 libdb5.3_5.3.28+dfsg1-0.6 libdbi-perl_1.643-1 libdebconfclient0_0.251 libdebhelper-perl_12.9 libdevel-checklib-perl_1.14-1 libdpkg-perl_1.19.7 libedit2_3.1-20191231-1 libelf1_0.176-1.1 libevent-2.1-7_2.1.11-stable-1 libext2fs2_1.45.5-2 libfakeroot_1.24-1 libfdisk1_2.34-0.1 libffi7_3.3-3 libfile-stripnondeterminism-perl_1.6.3-2 libgc1c2_1:7.6.4-0.4 libgcc-9-dev_9.2.1-29 libgcc-s1_10-20200222-1 libgcc1_1:10-20200222-1 libgcrypt20_1.8.5-5 libgdbm-compat4_1.18.1-5 libgdbm6_1.18.1-5 libglib2.0-0_2.62.4-2 libgmp-dev_2:6.2.0+dfsg-4 libgmp10_2:6.2.0+dfsg-4 libgmpxx4ldbl_2:6.2.0+dfsg-4 libgnutls-dane0_3.6.12-2 libgnutls-openssl27_3.6.12-2 libgnutls28-dev_3.6.12-2 libgnutls30_3.6.12-2 libgnutlsxx28_3.6.12-2 libgomp1_10-20200222-1 libgpg-error0_1.37-1 libhogweed5_3.5.1+really3.5.1-2 libicu63_63.2-2 libidn2-0_2.2.0-2 libidn2-dev_2.2.0-2 libisl22_0.22.1-1 libitm1_10-20200222-1 libllvm10_1:10.0.0~+rc2-1 liblsan0_10-20200222-1 liblz4-1_1.9.2-2 liblzma5_5.2.4-1+b1 libmagic-mgc_1:5.38-4 libmagic1_1:5.38-4 libmariadb-dev_1:10.3.22-1 libmariadb-dev-compat_1:10.3.22-1 libmariadb3_1:10.3.22-1 libmnl0_1.0.4-2+b1 libmount1_2.34-0.1 libmpc3_1.1.0-1 libmpfr6_4.0.2-1 libncurses6_6.1+20191019-1 libncursesw6_6.1+20191019-1 libnettle7_3.5.1+really3.5.1-2 libobjc-9-dev_9.2.1-29 libobjc4_10-20200222-1 libomp-10-dev_1:10.0.0~+rc2-1 libomp5-10_1:10.0.0~+rc2-1 libp11-kit-dev_0.23.20-1 libp11-kit0_0.23.20-1 libpam-modules_1.3.1-5 libpam-modules-bin_1.3.1-5 libpam-runtime_1.3.1-5 libpam0g_1.3.1-5 libpcre2-8-0_10.34-7 libpcre3_2:8.39-12+b1 libperl5.30_5.30.0-9 libpipeline1_1.5.2-2 libpopt0_1.16-14 libprocps8_2:3.3.16-1+b1 libquadmath0_10-20200222-1 libreadline5_5.2+dfsg-3+b13 libreadline8_8.0-3 libseccomp2_2.4.2-2 libselinux1_3.0-1+b1 libsemanage-common_3.0-1 libsemanage1_3.0-1+b1 libsepol1_3.0-1 libsigsegv2_2.12-2 libsmartcols1_2.34-0.1 libsnappy1v5_1.1.8-1 libss2_1.45.5-2 libssl-dev_1.1.1d-2 libssl1.1_1.1.1d-2 libstdc++-9-dev_9.2.1-29 libstdc++6_10-20200222-1 libsub-override-perl_0.09-2 libsystemd0_244.3-1 libtasn1-6_4.16.0-2 libtasn1-6-dev_4.16.0-2 libtest-deep-perl_1.128-1 libtinfo6_6.1+20191019-1 libtool_2.4.6-13 libtsan0_10-20200222-1 libubsan1_10-20200222-1 libuchardet0_0.0.6-3 libudev1_244.3-1 libunbound8_1.9.6-2 libunistring2_0.9.10-2 libuuid1_2.34-0.1 libwrap0_7.6.q-30 libxml2_2.9.10+dfsg-3 libxtables12_1.8.4-3 libz3-4_4.8.7-4 libzstd1_1.4.4+dfsg-3 linux-libc-dev_5.4.19-1 login_1:4.8.1-1 logsave_1.45.5-2 lsb-base_11.1.0 lsof_4.93.2+dfsg-1 m4_1.4.18-4 make_4.2.1-1.2 man-db_2.9.0-2 mariadb-client-10.3_1:10.3.22-1 mariadb-client-core-10.3_1:10.3.22-1 mariadb-common_1:10.3.22-1 mariadb-server-10.3_1:10.3.22-1 mariadb-server-core-10.3_1:10.3.22-1 mawk_1.3.4.20200120-2 mount_2.34-0.1 mysql-common_5.8+1.0.5 ncurses-base_6.1+20191019-1 ncurses-bin_6.1+20191019-1 nettle-dev_3.5.1+really3.5.1-2 passwd_1:4.8.1-1 patch_2.7.6-6 perl_5.30.0-9 perl-base_5.30.0-9 perl-modules-5.30_5.30.0-9 po-debconf_1.0.21 procps_2:3.3.16-1+b1 psmisc_23.3-1 readline-common_8.0-3 rsync_3.1.3-8 sbuild-build-depends-main-dummy_0.invalid.0 sed_4.7-1 sensible-utils_0.0.12+nmu1 socat_1.7.3.3-2 sysvinit-utils_2.96-2.1 tar_1.30+dfsg-6+b1 tzdata_2019c-3 util-linux_2.34-0.1 xz-utils_5.2.4-1+b1 zlib1g_1:1.2.11.dfsg-2 zlib1g-dev_1:1.2.11.dfsg-2

+------------------------------------------------------------------------------+
| Build                                                                        |
+------------------------------------------------------------------------------+


Unpack source
-------------

-----BEGIN PGP SIGNED MESSAGE-----
Hash: SHA512

Format: 3.0 (quilt)
Source: libdbd-mysql-perl
Binary: libdbd-mysql-perl
Architecture: any
Version: 4.050-3
Maintainer: Debian Perl Group <pkg-perl-maintainers@lists.alioth.debian.org>
Uploaders: gregor herrmann <gregoa@debian.org>, Ansgar Burchardt <ansgar@debian.org>, Xavier Guimard <yadd@debian.org>
Homepage: https://dbi.perl.org/
Standards-Version: 4.4.1
Vcs-Browser: https://salsa.debian.org/perl-team/modules/packages/libdbd-mysql-perl
Vcs-Git: https://salsa.debian.org/perl-team/modules/packages/libdbd-mysql-perl.git
Testsuite: autopkgtest, autopkgtest-pkg-perl
Testsuite-Triggers: libdbi-perl, libtest-deep-perl, mysql-server, perl, pkg-perl-autopkgtest, procps
Build-Depends: debhelper-compat (= 12), default-libmysqlclient-dev (>= 1.0.5), default-mysql-server <!nocheck>, libdbi-perl, libdevel-checklib-perl (>= 1.09), libssl-dev, libtest-deep-perl <!nocheck>, perl, procps <!nocheck>, zlib1g-dev
Package-List:
 libdbd-mysql-perl deb perl optional arch=any
Checksums-Sha1:
 ff19efb5c5a9add075eafa1ad082cc74c2214f2a 161579 libdbd-mysql-perl_4.050.orig.tar.gz
 e737652115ada8bfb838def2ce4b0b83d4f34efd 12884 libdbd-mysql-perl_4.050-3.debian.tar.xz
Checksums-Sha256:
 4f48541ff15a0a7405f76adc10f81627c33996fbf56c95c26c094444c0928d78 161579 libdbd-mysql-perl_4.050.orig.tar.gz
 5ddd459e46b1f38e82c43266df537767593e9eea81e53a6433f9a9bfd07ec6ce 12884 libdbd-mysql-perl_4.050-3.debian.tar.xz
Files:
 29b1f61321d0892885ccfd0e7bc07f7f 161579 libdbd-mysql-perl_4.050.orig.tar.gz
 9d335558602cc2faae4726139d97aa7d 12884 libdbd-mysql-perl_4.050-3.debian.tar.xz
Dgit: 95b696039a1e978851db68e6fdf6b4e5b77ad749 debian archive/debian/4.050-3 https://git.dgit.debian.org/libdbd-mysql-perl

-----BEGIN PGP SIGNATURE-----

iQKTBAEBCgB9FiEE0eExbpOnYKgQTYX6uzpoAYZJqgYFAl2iTYFfFIAAAAAALgAo
aXNzdWVyLWZwckBub3RhdGlvbnMub3BlbnBncC5maWZ0aGhvcnNlbWFuLm5ldEQx
RTEzMTZFOTNBNzYwQTgxMDREODVGQUJCM0E2ODAxODY0OUFBMDYACgkQuzpoAYZJ
qgZ0AhAAw9cjBbCfioJow55l5Ba16DXDxiJhdBWiMCWcyQ/8f8AGQpzYGpevrT33
Klnqz5VETQyOFwLp6h+H74qJ9a5edZTOqX7r0liv/CT9XfPC84aLoexqjt4Eo7qc
smXej5jhHgToWqhgF7EWMSJqu1byl51eowik9/cw2UJczaYIqyfMcGhMIr83U8dx
jbsywXIhQcBDqFaGk8L5ddsRgEEHsU91zK73+A7DzeyXCDWskJeM4wuLNLMoVjkL
mmXfU6i/dbXp6lKQL/4/bVbtdFJ7bL+IZ/sjoSepqtGF/azSvGXUa10HkLAhbgAf
yTHt+1NnAPVElSi7TxZp9dAS7PxiyDfQErjcR2GmymvslOdxyn+O83uJ3e6NQVF1
soNIopxVWuaTVVrPpLBubBnDThigQ+6gFGQ9spgLHArPuEqXT0h9PNV59Wye/ETe
wqYeA1EgCz5R6kZrS9flP5B8FQ10YAgIIedtuimMUzlsz5G09YeML4NMmU5FTkU4
0dGcOfGxE6u6ImHJO/iN4hw1z0YuC2jtSDT9EotejxHvuTLLm/GcAXV1fwKmwOHK
3CDPUPfyp0Tj2XauQgtRvCNkhwyPugHY0FA6WZyf7wcPahONOsFjeo4Dh4unrGDe
ui8G4lDkfhJ4KuXW/Obqi44pIC3pLxJI8pJJgD2y0bQzxGBT2Vo=
=NFCb
-----END PGP SIGNATURE-----

gpgv: unknown type of key resource 'trustedkeys.kbx'
gpgv: keyblock resource '/sbuild-nonexistent/.gnupg/trustedkeys.kbx': General error
gpgv: Signature made Sat Oct 12 22:02:41 2019 UTC
gpgv:                using RSA key D1E1316E93A760A8104D85FABB3A68018649AA06
gpgv: Can't check signature: No public key
dpkg-source: warning: failed to verify signature on ./libdbd-mysql-perl_4.050-3.dsc
dpkg-source: info: extracting libdbd-mysql-perl in /<<PKGBUILDDIR>>
dpkg-source: info: unpacking libdbd-mysql-perl_4.050.orig.tar.gz
dpkg-source: info: unpacking libdbd-mysql-perl_4.050-3.debian.tar.xz
dpkg-source: info: using patch list from debian/patches/series
dpkg-source: info: applying test-user.patch
dpkg-source: info: applying regression-fix-float_type_conversion.patch
dpkg-source: info: applying 0001-Fix-for-MariaDB-10.3.13-with-zerofil.patch

Check disk space
----------------

Sufficient free space for build

User Environment
----------------

APT_CONFIG=/var/lib/sbuild/apt.conf
HOME=/sbuild-nonexistent
LANG=C.UTF-8
LC_ALL=C.UTF-8
LOGNAME=user42
PATH=/usr/local/sbin:/usr/local/bin:/usr/sbin:/usr/bin:/sbin:/bin:/usr/games
SCHROOT_ALIAS_NAME=unstable
SCHROOT_CHROOT_NAME=sid-amd64-sbuild
SCHROOT_COMMAND=env
SCHROOT_GID=1001
SCHROOT_GROUP=user42
SCHROOT_SESSION_ID=sid-amd64-sbuild-c7ad2239-a991-4dcd-a3da-2ecebd15d634
SCHROOT_UID=1001
SCHROOT_USER=user42
SHELL=/bin/sh
USER=user42

dpkg-buildpackage
-----------------

Command: dpkg-buildpackage -us -uc -b -rfakeroot
dpkg-buildpackage: info: source package libdbd-mysql-perl
dpkg-buildpackage: info: source version 4.050-3
dpkg-buildpackage: info: source distribution unstable
dpkg-buildpackage: info: source changed by gregor herrmann <gregoa@debian.org>
 dpkg-source --before-build .
dpkg-buildpackage: info: host architecture amd64
 fakeroot debian/rules clean
dh clean --with perl_dbi
   dh_clean
 debian/rules build
dh build --with perl_dbi
   dh_update_autotools_config
   dh_autoreconf
   debian/rules override_dh_auto_configure
make[1]: Entering directory '/<<PKGBUILDDIR>>'
LC_ALL=C.UTF-8 dh_auto_configure
	perl Makefile.PL INSTALLDIRS=vendor "OPTIMIZE=-g -O2 -fdebug-prefix-map=/<<PKGBUILDDIR>>=. -fstack-protector-strong -Wformat -Werror=format-security -Wdate-time -D_FORTIFY_SOURCE=2" "LD=x86_64-linux-gnu-gcc -g -O2 -fdebug-prefix-map=/<<PKGBUILDDIR>>=. -fstack-protector-strong -Wformat -Werror=format-security -Wl,-z,relro -Wl,-z,now"


PLEASE NOTE:

For 'make test' to run properly, you must ensure that the
database user 'user42' can connect to your MySQL server
and has the proper privileges that these tests require such
as 'drop table', 'create table', 'drop procedure', 'create procedure'
as well as others.

mysql> grant all privileges on test.* to 'user42'@'localhost' identified by 's3kr1t';

You can also optionally set the user to run 'make test' with:

perl Makefile.PL --testuser=username

I will use the following settings for compiling and testing:

  cflags        (mysql_config) = -I/usr/include/mariadb -I/usr/include/mariadb/mysql
  embedded      (mysql_config) = 
  ldflags       (guessed     ) = 
  libs          (mysql_config) = -L/usr/lib/x86_64-linux-gnu/ -lmariadb
  mysql_config  (guessed     ) = mysql_config
  nocatchstderr (default     ) = 0
  nofoundrows   (default     ) = 0
  nossl         (default     ) = 0
  testdb        (default     ) = test
  testhost      (default     ) = 
  testpassword  (default     ) = 
  testport      (default     ) = 
  testsocket    (default     ) = 
  testuser      (guessed     ) = user42

To change these settings, see 'perl Makefile.PL --help' and
'perldoc DBD::mysql::INSTALL'.

Checking if libs are available for compiling...
Looks good.

Checking if your kit is complete...
Looks good
Using DBI 1.643 (for perl 5.030000 on x86_64-linux-gnu-thread-multi) installed in /usr/lib/x86_64-linux-gnu/perl5/5.30/auto/DBI/
Generating a Unix-style Makefile
Writing Makefile for DBD::mysql
Writing MYMETA.yml and MYMETA.json
make[1]: Leaving directory '/<<PKGBUILDDIR>>'
   dh_auto_build
	make -j4
make[1]: Entering directory '/<<PKGBUILDDIR>>'
Running Mkbootstrap for mysql ()
x86_64-linux-gnu-gcc -c  -I/usr/lib/x86_64-linux-gnu/perl5/5.30/auto/DBI -I/usr/include/mariadb -I/usr/include/mariadb/mysql -DDBD_MYSQL_WITH_SSL -g  -D_REENTRANT -D_GNU_SOURCE -DDEBIAN -fwrapv -fno-strict-aliasing -pipe -I/usr/local/include -D_LARGEFILE_SOURCE -D_FILE_OFFSET_BITS=64 -g -O2 -fdebug-prefix-map=/<<PKGBUILDDIR>>=. -fstack-protector-strong -Wformat -Werror=format-security -Wdate-time -D_FORTIFY_SOURCE=2   -DVERSION=\"4.050\" -DXS_VERSION=\"4.050\" -fPIC "-I/usr/lib/x86_64-linux-gnu/perl/5.30/CORE"   dbdimp.c
"/usr/bin/perl" -p -e "s/~DRIVER~/mysql/g" /usr/lib/x86_64-linux-gnu/perl5/5.30/auto/DBI/Driver.xst > mysql.xsi
chmod 644 "mysql.bs"
x86_64-linux-gnu-gcc -c  -I/usr/lib/x86_64-linux-gnu/perl5/5.30/auto/DBI -I/usr/include/mariadb -I/usr/include/mariadb/mysql -DDBD_MYSQL_WITH_SSL -g  -D_REENTRANT -D_GNU_SOURCE -DDEBIAN -fwrapv -fno-strict-aliasing -pipe -I/usr/local/include -D_LARGEFILE_SOURCE -D_FILE_OFFSET_BITS=64 -g -O2 -fdebug-prefix-map=/<<PKGBUILDDIR>>=. -fstack-protector-strong -Wformat -Werror=format-security -Wdate-time -D_FORTIFY_SOURCE=2   -DVERSION=\"4.050\" -DXS_VERSION=\"4.050\" -fPIC "-I/usr/lib/x86_64-linux-gnu/perl/5.30/CORE"   socket.c
"/usr/bin/perl" -MExtUtils::Command::MM -e 'cp_nonempty' -- mysql.bs blib/arch/auto/DBD/mysql/mysql.bs 644
cp lib/DBD/mysql/GetInfo.pm blib/lib/DBD/mysql/GetInfo.pm
cp lib/DBD/mysql.pm blib/lib/DBD/mysql.pm
cp lib/DBD/mysql/INSTALL.pod blib/lib/DBD/mysql/INSTALL.pod
cp lib/Bundle/DBD/mysql.pm blib/lib/Bundle/DBD/mysql.pm
"/usr/bin/perl" "/usr/share/perl/5.30/ExtUtils/xsubpp"  -typemap '/usr/share/perl/5.30/ExtUtils/typemap'  mysql.xs > mysql.xsc
Warning: duplicate function definition 'do' detected in mysql.xs, line 247
Warning: duplicate function definition 'rows' detected in mysql.xs, line 683
mv mysql.xsc mysql.c
x86_64-linux-gnu-gcc -c  -I/usr/lib/x86_64-linux-gnu/perl5/5.30/auto/DBI -I/usr/include/mariadb -I/usr/include/mariadb/mysql -DDBD_MYSQL_WITH_SSL -g  -D_REENTRANT -D_GNU_SOURCE -DDEBIAN -fwrapv -fno-strict-aliasing -pipe -I/usr/local/include -D_LARGEFILE_SOURCE -D_FILE_OFFSET_BITS=64 -g -O2 -fdebug-prefix-map=/<<PKGBUILDDIR>>=. -fstack-protector-strong -Wformat -Werror=format-security -Wdate-time -D_FORTIFY_SOURCE=2   -DVERSION=\"4.050\" -DXS_VERSION=\"4.050\" -fPIC "-I/usr/lib/x86_64-linux-gnu/perl/5.30/CORE"   mysql.c
dbdimp.c:3207:24: warning: incompatible pointer types assigning to 'my_bool *' (aka 'char *') from 'bool *' [-Wincompatible-pointer-types]
          bind->is_null=      (_Bool*) &(fbind->is_null);
                       ^      ~~~~~~~~~~~~~~~~~~~~~~~~~~
1 warning generated.
rm -f blib/arch/auto/DBD/mysql/mysql.so
x86_64-linux-gnu-gcc -g -O2 -fdebug-prefix-map=/<<PKGBUILDDIR>>=. -fstack-protector-strong -Wformat -Werror=format-security -Wl,-z,relro -Wl,-z,now  -shared -L/usr/local/lib -fstack-protector-strong  dbdimp.o mysql.o socket.o  -o blib/arch/auto/DBD/mysql/mysql.so  \
   -L/usr/lib/x86_64-linux-gnu/ -lmariadb   \
  
chmod 755 blib/arch/auto/DBD/mysql/mysql.so
Manifying 3 pod documents
make[1]: Leaving directory '/<<PKGBUILDDIR>>'
   debian/rules override_dh_auto_test
make[1]: Entering directory '/<<PKGBUILDDIR>>'
# prepare mariadb/mysql server
sh /<<PKGBUILDDIR>>/debian/tests/pkg-perl/smoke-setup
Installing MariaDB/MySQL system tables in '/<<PKGBUILDDIR>>/t/testdb' ...
OK

To start mysqld at boot time you have to copy
support-files/mysql.server to the right place for your system


PLEASE REMEMBER TO SET A PASSWORD FOR THE MariaDB root USER !
To do so, start the server, then issue the following commands:

'/usr/bin/mysqladmin' -u root password 'new-password'
'/usr/bin/mysqladmin' -u root -h  password 'new-password'

Alternatively you can run:
'/usr/bin/mysql_secure_installation'

which will also give you the option of removing the test
databases and anonymous user created by default.  This is
strongly recommended for production servers.

See the MariaDB Knowledgebase at http://mariadb.com/kb or the
MySQL manual for more instructions.

You can start the MariaDB daemon with:
cd '/usr' ; /usr/bin/mysqld_safe --datadir='/<<PKGBUILDDIR>>/t/testdb'

You can test the MariaDB daemon with mysql-test-run.pl
cd '/usr/mysql-test' ; perl mysql-test-run.pl

Please report any problems at http://mariadb.org/jira

The latest information about MariaDB is available at http://mariadb.org/.
You can find additional information about the MySQL part at:
http://dev.mysql.com
Consider joining MariaDB's strong and vibrant community:
https://mariadb.org/get-involved/

/usr/bin/mysqladmin: connect to server at 'localhost' failed
error: 'Can't connect to local MySQL server through socket '/<<PKGBUILDDIR>>/t/testdb' (2)'
Check that mysqld is running and that the socket: '/<<PKGBUILDDIR>>/t/testdb/mysql.sock' exists!
2020-02-25  3:34:01 0 [Note] /usr/sbin/mysqld (mysqld 10.3.22-MariaDB-1) starting as process 27230 ...
2020-02-25  3:34:01 0 [Note] InnoDB: Using Linux native AIO
2020-02-25  3:34:01 0 [Note] InnoDB: Mutexes and rw_locks use GCC atomic builtins
2020-02-25  3:34:01 0 [Note] InnoDB: Uses event mutexes
2020-02-25  3:34:01 0 [Note] InnoDB: Compressed tables use zlib 1.2.11
2020-02-25  3:34:01 0 [Note] InnoDB: Number of pools: 1
2020-02-25  3:34:01 0 [Note] InnoDB: Using SSE2 crc32 instructions
2020-02-25  3:34:01 0 [Note] InnoDB: Initializing buffer pool, total size = 128M, instances = 1, chunk size = 128M
2020-02-25  3:34:01 0 [Note] InnoDB: Completed initialization of buffer pool
2020-02-25  3:34:01 0 [Note] InnoDB: If the mysqld execution user is authorized, page cleaner thread priority can be changed. See the man page of setpriority().
2020-02-25  3:34:01 0 [Note] InnoDB: 128 out of 128 rollback segments are active.
2020-02-25  3:34:01 0 [Note] InnoDB: Creating shared tablespace for temporary tables
2020-02-25  3:34:01 0 [Note] InnoDB: Setting file './ibtmp1' size to 12 MB. Physically writing the file full; Please wait ...
2020-02-25  3:34:01 0 [Note] InnoDB: File './ibtmp1' size is now 12 MB.
2020-02-25  3:34:01 0 [Note] InnoDB: 10.3.22 started; log sequence number 1625448; transaction id 21
2020-02-25  3:34:01 0 [Note] InnoDB: Loading buffer pool(s) from /<<PKGBUILDDIR>>/t/testdb/ib_buffer_pool
2020-02-25  3:34:01 0 [Note] InnoDB: Buffer pool(s) load completed at 200225  3:34:01
2020-02-25  3:34:01 0 [Note] Plugin 'FEEDBACK' is disabled.
2020-02-25  3:34:01 0 [Note] Reading of all Master_info entries succeeded
2020-02-25  3:34:01 0 [Note] Added new Master_info '' to hash table
2020-02-25  3:34:01 0 [Note] /usr/sbin/mysqld: ready for connections.
Version: '10.3.22-MariaDB-1'  socket: '/<<PKGBUILDDIR>>/t/testdb/mysql.sock'  port: 0  Debian buildd-unstable
mysqld is alive
dh_auto_test
	make -j4 test TEST_VERBOSE=1
make[2]: Entering directory '/<<PKGBUILDDIR>>'
"/usr/bin/perl" -MExtUtils::Command::MM -e 'cp_nonempty' -- mysql.bs blib/arch/auto/DBD/mysql/mysql.bs 644
PERL_DL_NONLAZY=1 "/usr/bin/perl" "-MExtUtils::Command::MM" "-MTest::Harness" "-e" "undef *Test::Harness::Switches; test_harness(1, 'blib/lib', 'blib/arch')" t/*.t
# Driver version is 4.050
t/00base.t .............................. 
1..6
ok 1 - use DBI;
ok 2 - use DBD::mysql;
ok 3 - Internal set
ok 4 - Install driver
ok 5 - DBI::dr set
ok 6 - Version 4.050
ok
# Database 'test' accessible
t/05dbcreate.t .......................... 
1..2
ok 1 - Connected to database
ok 2
ok
# mysql_clientinfo is: 10.3.22
# mysql_clientversion is: 100322
# mysql_serverversion is: 100322
# mysql_hostinfo is: Localhost via UNIX socket
# mysql_serverinfo is: 10.3.22-MariaDB-1
# mysql_stat is: Uptime: 3  Threads: 7  Questions: 8  Slow queries: 0  Opens: 6  Flush tables: 1  Open tables: 2  Queries per second avg: 2.666
# mysql_protoinfo is: 10
# SQL_DBMS_VER is 10.3.22-MariaDB-1
# Default storage engine is: InnoDB
t/10connect.t ........................... 
ok 1 - Connected to database
ok 2 - Value of 'mysql_clientinfo'
ok 3 - Value of 'mysql_clientversion'
ok 4 - Value of 'mysql_serverversion'
ok 5 - Value of 'mysql_hostinfo'
ok 6 - Value of 'mysql_serverinfo'
ok 7 - Value of 'mysql_stat'
ok 8 - Value of 'mysql_protoinfo'
ok 9 - get_info SQL_DBMS_VER
ok 10 - get_info SQL_DRIVER_VER like dd.dd.dddd
ok 11 - SQL_DRIVER_VER starts with "04." (update for 5.x)
ok 12 - Disconnected
not ok 13 - Username and Password attributes override # TODO We don't have a user in our test database.
#   Failed (TODO) test 'Username and Password attributes override'
#   at t/10connect.t line 76.
ok 14 - Username and Password attributes override
1..14
ok
t/15reconnect.t ......................... 
1..26
ok 1 - Connected to database
ok 2 - checking for active handle
ok 3 - enabling reconnect
ok 4 - enabling autocommit
ok 5 - disconnecting active handle
ok 6 - checking for inactive handle
ok 7 - implicitly reconnecting handle with 'do'
ok 8 - checking for reactivated handle
ok 9 - disabling autocommit
ok 10 - disconnecting active handle
ok 11 - checking for inactive handle
ok 12 - implicitly reconnecting handle with 'do'
ok 13 - checking for reactivated handle
ok 14 - Connected to database
ok 15 - checking for active handle
ok 16 - enabling reconnect
ok 17 - enabling autocommit
ok 18 - disconnecting active handle
ok 19 - checking for inactive handle
ok 20 - implicitly reconnecting handle with 'do'
ok 21 - checking for reactivated handle
ok 22 - disabling autocommit
ok 23 - disconnecting active handle
ok 24 - checking for inactive handle
ok 25 - implicitly reconnecting handle with 'do'
ok 26 - checking for reactivated handle
ok
t/16dbi-get_info.t ...................... 
ok 1 - SQL_DBMS_NAME
ok 2 - SQL_DBMS_VER
ok 3 - SQL_CATALOG_NAME_SEPARATOR
ok 4 - SQL_IDENTIFIER_QUOTE_CHAR
ok 5 - SQL_CATALOG_LOCATION
1..5
ok
t/20createdrop.t ........................ 
1..4
ok 1 - Connected to database
ok 2 - making slate clean
ok 3 - creating dbd_mysql_t20createdrop
ok 4 - dropping created dbd_mysql_t20createdrop
ok
t/25lockunlock.t ........................ 
1..13
ok 1 - drop table if exists dbd_mysql_t25lockunlock
ok 2 - create table dbd_mysql_t25lockunlock
ok 3 - lock table dbd_mysql_t25lockunlock
ok 4 - Insert 
ok 5 - Delete
ok 6 - Prepare of select
ok 7 - Prepare of select
ok 8 - Execute
ok 9 - Fetch should have failed
ok 10 - Fetch should have failed
ok 11 - Unlock tables
ok 12 - Drop table dbd_mysql_t25lockunlock
ok 13 - Disconnecting
ok
t/29warnings.t .......................... 
1..14
ok 1 - Connected to database
ok 2
ok 3
ok 4 - warnings from sth
ok 5
ok 6
ok 7
ok 8 - warnings from dbh
ok 9
ok 10
ok 11
ok 12
ok 13
ok 14
ok
t/30insertfetch.t ....................... 
ok 1 - Connected to database
ok 2 - creating table
ok 3 - loading data
ok 4 - mysql_info 'Records: 2  Duplicates: 0  Warnings: 0'
ok 5 - mysql_info: Records
ok 6 - mysql_info: Duplicates
ok 7 - mysql_info: Warnings
ok 8 - deleting from table dbd_mysql_t30
ok 9
ok 10
ok 11
ok 12
ok 13
1..13
ok
t/31insertid.t .......................... 
1..21
ok 1
ok 2
ok 3 - create dbd_mysql_t31
ok 4
ok 5
ok 6
ok 7 - insert id == 1
ok 8 - insert id == 1
ok 9 - insert id == last_insert_id()
ok 10
ok 11 - insert id == last_insert_id()
ok 12
ok 13
ok 14
ok 15
ok 16
ok 17 - dbh insert id 2 == max(id) 2 in dbd_mysql_t31
ok 18 - sth insert id 2 == max(id) 2  in dbd_mysql_t31
ok 19
ok 20
ok 21
ok
t/32insert_error.t ...................... 
1..9
ok 1
ok 2
ok 3
ok 4
ok 5 - fails with duplicate entry
ok 6
ok 7
ok 8
ok 9
ok
t/35limit.t ............................. 
1..115
ok 1 - Connected to database
ok 2 - making slate clean
ok 3 - creating table
ok 4
ok 5
ok 6
ok 7
ok 8
ok 9
ok 10
ok 11
ok 12
ok 13
ok 14
ok 15
ok 16
ok 17
ok 18
ok 19
ok 20
ok 21
ok 22
ok 23
ok 24
ok 25
ok 26
ok 27
ok 28
ok 29
ok 30
ok 31
ok 32
ok 33
ok 34
ok 35
ok 36
ok 37
ok 38
ok 39
ok 40
ok 41
ok 42
ok 43
ok 44
ok 45
ok 46
ok 47
ok 48
ok 49
ok 50
ok 51
ok 52
ok 53
ok 54
ok 55
ok 56
ok 57
ok 58
ok 59
ok 60
ok 61
ok 62
ok 63
ok 64
ok 65
ok 66
ok 67
ok 68
ok 69
ok 70
ok 71
ok 72
ok 73
ok 74
ok 75
ok 76
ok 77
ok 78
ok 79
ok 80
ok 81
ok 82
ok 83
ok 84
ok 85
ok 86
ok 87
ok 88
ok 89
ok 90
ok 91
ok 92
ok 93
ok 94
ok 95
ok 96
ok 97
ok 98
ok 99
ok 100
ok 101
ok 102
ok 103
ok 104
ok 105 - testing prepare of select statement with LIMIT placeholders
ok 106 - testing exec of bind vars for limit
ok 107
ok 108
ok 109
ok 110
ok 111
ok 112
ok 113
ok 114
ok 115
ok
t/35prepare.t ........................... 
1..49
ok 1 - Connected to database
ok 2 - Making slate clean
ok 3 - Creating table
ok 4 - Testing prepare show tables
ok 5 - Executing 'show tables'
ok 6 - Testing if result set and no errors
ok 7 - Checking if results equal to 'dbd_mysql_t35prepare' 
# 
ok 8 - Finishing up with statement handle
ok 9 - Inserting first row
ok 10 - Preparing insert of second row
ok 11 - Inserting second row
ok 12 - One row should have been inserted
ok 13 - Finishing up with statement handle
ok 14 - Testing prepare of query
ok 15 - Testing execute of query
ok 16 - Testing fetchall_arrayref of executed query
ok 17 - Preparing insert, this time using placeholders
ok 18 - Testing insert row
ok 19 - Should have inserted one row
ok 20 - Testing insert row
ok 21 - Should have inserted one row
ok 22 - Testing insert row
ok 23 - Should have inserted one row
ok 24 - Testing insert row
ok 25 - Should have inserted one row
ok 26 - Testing insert row
ok 27 - Should have inserted one row
ok 28 - Testing insert row
ok 29 - Should have inserted one row
ok 30 - Testing insert row
ok 31 - Should have inserted one row
ok 32 - Testing insert row
ok 33 - Should have inserted one row
ok 34 - Testing insert row
ok 35 - Should have inserted one row
ok 36 - Testing insert row
ok 37 - Should have inserted one row
ok 38 - Testing closing of statement handle
ok 39 - Testing prepare of query with placeholders
ok 40 - Testing execution with values id = 1 or id = 2
ok 41 - Testing fetchall_arrayref (should be four rows)
# RETREF 4
ok 42 - $ret_ref should contain four rows in result set
ok 43 - Testing prepare of dropping table
ok 44 - Executing drop table
ok 45 - Prepare - Testing bug \#20153
ok 46 - Execute - Testing bug \#20153
ok 47 - Fetch - Testing bug \#20153
ok 48 - Not Fetch - Testing bug \#20153
ok 49 - Testing disconnect
ok
t/40bindparam.t ......................... 
1..41
ok 1
ok 2
ok 3
ok 4
ok 5
ok 6
ok 7
ok 8
ok 9
ok 10
ok 11
ok 12
ok 13
ok 14
ok 15
ok 16
ok 17
ok 18
ok 19
ok 20
ok 21
ok 22
ok 23 - id set to -1
ok 24 - name eq abc
ok 25 - id set to 1
ok 26 - $name set to Alligator Descartes
ok 27 - id set to 2
ok 28 - $name set to Tim Bunce
ok 29 - id set to 3
ok 30 - $name set to Jochen Wiedmann
ok 31 - id set to 4
ok 32 - $name set to Andreas Koenig
ok 33 - id set to 5
ok 34 - name not defined
ok 35 - id set to 6
ok 36 - $name set to '?'
ok 37 - $id set to 7
ok 38 - $name set to '?'
ok 39
ok 40
ok 41
ok
t/40bindparam2.t ........................ 
1..13
ok 1
ok 2
ok 3 - create table dbd_mysql_t40bindparam2
ok 4 - insert into dbd_mysql_t40bindparam2 (null, 1)
ok 5
ok 6 - $rows->[0][1] == 1
ok 7
ok 8
ok 9
ok 10
ok 11
ok 12
ok 13
ok
t/40bit.t ............................... 
1..15
ok 1 - Drop table if exists dbd_mysql_b1
ok 2
ok 3
ok 4
ok 5
ok 6
ok 7
ok 8
ok 9 - result returned defined
ok 10 - should be 11111111
ok 11 - should be 1010
ok 12 - should be 101
ok 13
ok 14 - Drop table dbd_mysql_b1
ok 15
ok
t/40blobs.t ............................. 
1..14
ok 1 - Drop table if exists dbd_mysql_t40blobs
ok 2
ok 3
ok 4
ok 5
ok 6
ok 7
ok 8 - row returned defined
ok 9 - records from dbd_mysql_t40blobs returned 2
ok 10 - id set to 1
ok 11 - blob set equal to blob returned
# 00000000 000102030405060708090a0b0c0d0e0f101112131415161718191a1b1c1d1e1f
# 00000020 202122232425262728292a2b2c2d2e2f303132333435363738393a3b3c3d3e3f
# 00000040 404142434445464748494a4b4c4d4e4f505152535455565758595a5b5c5d5e5f
# 00000060 606162636465666768696a6b6c6d6e6f707172737475767778797a7b7c7d7e7f
# 00000080 808182838485868788898a8b8c8d8e8f909192939495969798999a9b9c9d9e9f
# 000000a0 a0a1a2a3a4a5a6a7a8a9aaabacadaeafb0b1b2b3b4b5b6b7b8b9babbbcbdbebf
# 000000c0 c0c1c2c3c4c5c6c7c8c9cacbcccdcecfd0d1d2d3d4d5d6d7d8d9dadbdcdddedf
# 000000e0 e0e1e2e3e4e5e6e7e8e9eaebecedeeeff0f1f2f3f4f5f6f7f8f9fafbfcfdfeff
# 00000000 000102030405060708090a0b0c0d0e0f101112131415161718191a1b1c1d1e1f
# 00000020 202122232425262728292a2b2c2d2e2f303132333435363738393a3b3c3d3e3f
# 00000040 404142434445464748494a4b4c4d4e4f505152535455565758595a5b5c5d5e5f
# 00000060 606162636465666768696a6b6c6d6e6f707172737475767778797a7b7c7d7e7f
# 00000080 808182838485868788898a8b8c8d8e8f909192939495969798999a9b9c9d9e9f
# 000000a0 a0a1a2a3a4a5a6a7a8a9aaabacadaeafb0b1b2b3b4b5b6b7b8b9babbbcbdbebf
# 000000c0 c0c1c2c3c4c5c6c7c8c9cacbcccdcecfd0d1d2d3d4d5d6d7d8d9dadbdcdddedf
# 000000e0 e0e1e2e3e4e5e6e7e8e9eaebecedeeeff0f1f2f3f4f5f6f7f8f9fafbfcfdfeff
ok 12
ok 13 - Drop table dbd_mysql_t40blobs
ok 14
ok
t/40catalog.t ........................... 
1..78
ok 1 - connecting
ok 2 - cleaning up
ok 3
ok 4
ok 5
ok 6
ok 7
ok 8
ok 9
ok 10
ok 11
ok 12
ok 13
ok 14
ok 15
ok 16
ok 17 - cleaning up
ok 18 - No catalogs expected
ok 19 - Some schemas expected
ok 20 - Some table types expected
ok 21 - cleaning up
ok 22
ok 23
ok 24
ok 25
ok 26 - one row expected
ok 27
ok 28
ok 29
ok 30
ok 31
ok 32
ok 33 - two rows expected
ok 34
ok 35
ok 36
ok 37 - only one table expected
ok 38
ok 39
ok 40
ok 41 - only one table expected
ok 42
ok 43
ok 44
ok 45 - only one table expected
ok 46 - five tables expected
ok 47 - table with single quote
ok 48 - table with back quote
ok 49 - two tables expected
ok 50 - cleaning up
ok 51
ok 52
ok 53
ok 54
ok 55
ok 56
ok 57 - two rows expected
ok 58
ok 59
ok 60 - one row expected
ok 61
ok 62
ok 63 - one row expected
ok 64
ok 65
ok 66
ok 67
ok 68 - two rows expected
ok 69
ok 70 - cleaning up
ok 71 - creating table
ok 72
ok 73
ok 74
ok 75
ok 76
ok 77
ok 78 - cleaning up
ok
t/40keyinfo.t ........................... 
1..7
ok 1 - Connected to database for key info tests
ok 2 - Dropped table
ok 3 - Created table dbd_mysql_keyinfo
ok 4 - Got primary key info
ok 5 - Check primary_key_info results
ok 6 - Check primary_key results
ok 7 - Dropped table
ok
t/40listfields.t ........................ 
1..25
ok 1 - create table dbd_mysql_40listfields
ok 2 - table info for dbd_mysql_40listfields
ok 3 - column_info for dbd_mysql_40listfields
ok 4 - $sth defined
ok 5 - not error
ok 6 - prepare succeeded
ok 7 - execute select
ok 8 - 2 defined
ok 9 - $res 2 == 2
ok 10 - $sth->{NAME} defined
ok 11 - id eq 'id'
ok 12 - name eq 'name'
ok 13 - nullable
ok 14
ok 15
ok 16 - SQL_INTEGER
ok 17 - SQL_VARCHAR
ok 18
ok 19
ok 20
ok 21
ok 22 - equals '0'
ok 23
ok 24 - equals 'abc'
ok 25
ok
t/40nulls.t ............................. 
1..10
ok 1 - DROP TABLE IF EXISTS dbd_mysql_t40nulls
ok 2 - create table CREATE TABLE dbd_mysql_t40nulls (
#   id INT(4),
#   name VARCHAR(64)
#   )
# 
ok 3 - inserting nulls
ok 4
ok 5
ok 6
ok 7
ok 8
ok 9
ok 10
ok
t/40nulls_prepare.t ..................... 
ok 1 - Connected to database
ok 2 - Making slate clean
ok 3 - creating test table for bug 49719
ok 4 - Prepare of insert
ok 5 - Prepare of query
ok 6 - bind_param(1,42, SQL_WARCHAR)
ok 7 - bind_param(2,102,SQL_WARCHAR
ok 8 - bind_param(3, undef,SQL_WVARCHAR)
ok 9 - bind_param(4, 10004,SQL_WVARCHAR)
ok 10 - Executing the first insert
ok 11 - bind_param(1,43,SQL_WVARCHAR)
ok 12 - bind_param(2,2002,SQL_WVARCHAR)
ok 13 - bind_param(3,20003,SQL_WVARCHAR)
ok 14 - bind_param(4,200004,SQL_WVARCHAR)
ok 15 - Executing the 2nd insert
ok 16 - Query for record of id = 42
ok 17
ok 18 - Query for record of id = 43
ok 19
ok 20
ok 21
ok 22
ok 23 - Testing disconnect
1..23
ok
t/40numrows.t ........................... 
1..30
ok 1
ok 2 - CREATE TABLE dbd_mysql_t40numrows
ok 3 - inserting first row
ok 4
ok 5
ok 6 - \$sth->rows should be 1
ok 7
ok 8 - Verified rows should be 1
ok 9
ok 10 - inserting second row
ok 11
ok 12
ok 13 - \$sth->rows should be 2
ok 14
ok 15 - Verified rows should be 2
ok 16
ok 17 - inserting third row
ok 18
ok 19
ok 20 - rows should be 2
ok 21
ok 22 - Verified rows should be 2
ok 23
ok 24
ok 25
ok 26 - rows should be 3
ok 27
ok 28 - Verified rows should be 3
ok 29 - drop table dbd_mysql_t40numrows
ok 30
ok
t/40server_prepare.t .................... 
1..31
ok 1 - connecting
ok 2 - making slate clean
ok 3 - creating table
ok 4 - loading data
ok 5
ok 6
ok 7 - binding parameter
ok 8 - fetching data
ok 9
ok 10
ok 11 - cleaning up
ok 12 - making slate clean
ok 13 - creating test table
ok 14
ok 15 - binding int
ok 16 - binding smallint
ok 17 - binding tinyint
ok 18 - binding bigint
ok 19 - inserting data
ok 20
ok 21 - cleaning up
ok 22 - making slate clean
ok 23 - creating test table
ok 24
ok 25 - insert t3
ok 26
ok 27 - USE is not supported with mysql_server_prepare_disable_fallback=1
ok 28 - USE is supported with mysql_server_prepare_disable_fallback=0
ok 29
ok 30
ok 31 - cleaning up
ok
t/40server_prepare_crash.t .............. 
1..39
ok 1
ok 2
ok 3
ok 4
ok 5
ok 6
ok 7
ok 8
ok 9
ok 10
ok 11
ok 12
ok 13
ok 14
ok 15
ok 16
ok 17
ok 18
ok 19
ok 20
ok 21
ok 22
ok 23
ok 24
ok 25
ok 26
ok 27
ok 28
ok 29
ok 30
ok 31
ok 32
ok 33
ok 34
ok 35
ok 36
ok 37
ok 38
ok 39
ok
t/40server_prepare_error.t .............. 
1..3
ok 1
ok 2
# errstr You have an error in your SQL syntax; check the manual that corresponds to your MariaDB server version for the right syntax to use near 'select select' at line 1
ok 3
ok
t/40types.t ............................. 
1..40
ok 1 - Connected to database
ok 2 - making slate clean
ok 3 - creating table
ok 4 - loading data
ok 5
ok 6 - scalar is integer
ok 7 - scalar is not unsigned intger or double or string
ok 8 - cleaning up
ok 9 - creating table
ok 10 - loading data
ok 11
ok 12 - scalar is string
ok 13 - scalar is not intger or double
ok 14 - cleaning up
ok 15 - creating table
ok 16 - getting table information
ok 17 - checking column type
ok 18
ok 19 - cleaning up
ok 20 - creating table
ok 21 - binding parameter
ok 22 - inserting data
ok 23
ok 24 - binding parameter
ok 25 - inserting data
ok 26
ok 27
ok 28 - scalar is double
ok 29 - scalar is not integer or string
ok 30 - scalar is double
ok 31 - scalar is not integer or string
ok 32 - cleaning up
ok 33 - creating table
ok 34 - loading data
ok 35
ok 36 - scalar is unsigned integer
ok 37 - scalar is not double or string
ok 38 - scalar is unsigned integer
ok 39 - scalar is not double or string
ok 40 - cleaning up
ok
t/41bindparam.t ......................... 
1..11
ok 1 - drop table dbd_mysql_41bindparam
ok 2 - create table dbd_mysql_41bindparam
ok 3
ok 4 - bind param 10000 col1
ok 5 - execute
ok 6 - bind param 10001 col1
ok 7 - execute
ok 8
ok 9
ok 10
ok 11
ok
t/41blobs_prepare.t ..................... 
1..25
ok 1 - drop table if exists dbd_mysql_41blobs_prepare
ok 2 - create table dbd_mysql_41blobs_prepare
ok 3
ok 4
ok 5 - inserting $blob1
ok 6
ok 7
ok 8 - select from dbd_mysql_41blobs_prepare
ok 9
ok 10 - two rows fetched
ok 11 - first row id == 1
# 00000000 6a42636d794e56727344393258534c7075644b557354434d626e454e514e6b74
# 00000020 4d4d374b63707452736b6f59374c57563268726d39333758454a643770576772
# 00000040 4a774b534c44517454373648486e7a7265776a587370774245784e5850786455
# 00000060 4e795772525455716f74614a6432436845574372616b655348795a574e39667a
# 00000080 76554e416672506368536d5a46716a6666586e55744e755a356f76545038584d
# 000000a0 70625773525167393634486256677368345276637445527a39484c5947765336
# 000000c0 376876676d3453517441664d5a544c563568657574455a625336465a6d454d54
# 000000e0 796a63634b555064763633354134594c324475656f6a7a58356e447770743846
ok 12 - 
ok 13
ok 14
ok 15 - inserting $blob2
ok 16
ok 17
ok 18
ok 19
ok 20 - two rows
ok 21 - row id == 1
# 00000000 2222222222222222222222222222222222222222222222222222222222222222
# 00000020 2222222222222222222222222222222222222222222222222222222222222222
# 00000040 2222222222222222222222222222222222222222222222222222222222222222
# 00000060 2222222222222222222222222222222222222222222222222222222222222222
# 00000080 2222222222222222222222222222222222222222222222222222222222222222
# 000000a0 2222222222222222222222222222222222222222222222222222222222222222
# 000000c0 2222222222222222222222222222222222222222222222222222222222222222
# 000000e0 2222222222222222222222222222222222222222222222222222222222222222
ok 22 - 
ok 23
ok 24 - drop dbd_mysql_41blobs_prepare
ok 25
ok
t/41int_min_max.t ....................... 
1..584
ok 1 - Enter strict SQL mode.
ok 2 - removing dbd_mysql_t41minmax
ok 3 - creating minmax table for type tinyint signed
ok 4
ok 5
ok 6 - binding minimal tinyint signed, mode=strict
ok 7 - inserting min data for type tinyint signed, mode=strict
ok 8
ok 9 - retrieved minimal value for tinyint signed, mode=strict
ok 10 - binding maximal tinyint signed, mode=strict
ok 11 - inserting max data for type tinyint signed, mode=strict
ok 12
ok 13 - retrieved maximal value for tinyint signed, mode=strict
ok 14 - binding less than minimal tinyint signed, mode=strict
ok 15 - Error, you stored -129 into tinyint signed, mode=strict
# $VAR1 = [
#           [
#             1,
#             -128
#           ],
#           [
#             2,
#             127
#           ]
#         ];
# $VAR1 = [
#           [
#             'id',
#             'int(11)',
#             'NO',
#             'PRI',
#             undef,
#             'auto_increment'
#           ],
#           [
#             'val',
#             'tinyint(4)',
#             'YES',
#             '',
#             undef,
#             ''
#           ]
#         ];
# 
ok 16 - binding more than maximal tinyint signed, mode=strict
ok 17 - Error, you stored 128 into tinyint signed, mode=strict
# $VAR1 = [
#           [
#             1,
#             -128
#           ],
#           [
#             2,
#             127
#           ]
#         ];
# $VAR1 = [
#           [
#             'id',
#             'int(11)',
#             'NO',
#             'PRI',
#             undef,
#             'auto_increment'
#           ],
#           [
#             'val',
#             'tinyint(4)',
#             'YES',
#             '',
#             undef,
#             ''
#           ]
#         ];
# 
ok 18 - removing dbd_mysql_t41minmax
ok 19 - creating minmax table for type tinyint unsigned
ok 20
ok 21
ok 22 - binding minimal tinyint unsigned, mode=strict
ok 23 - inserting min data for type tinyint unsigned, mode=strict
ok 24
ok 25 - retrieved minimal value for tinyint unsigned, mode=strict
ok 26 - binding maximal tinyint unsigned, mode=strict
ok 27 - inserting max data for type tinyint unsigned, mode=strict
ok 28
ok 29 - retrieved maximal value for tinyint unsigned, mode=strict
ok 30 - binding less than minimal tinyint unsigned, mode=strict
ok 31 - Error, you stored -1 into tinyint unsigned, mode=strict
# $VAR1 = [
#           [
#             1,
#             0
#           ],
#           [
#             2,
#             255
#           ]
#         ];
# $VAR1 = [
#           [
#             'id',
#             'int(11)',
#             'NO',
#             'PRI',
#             undef,
#             'auto_increment'
#           ],
#           [
#             'val',
#             'tinyint(3) unsigned',
#             'YES',
#             '',
#             undef,
#             ''
#           ]
#         ];
# 
ok 32 - binding more than maximal tinyint unsigned, mode=strict
ok 33 - Error, you stored 256 into tinyint unsigned, mode=strict
# $VAR1 = [
#           [
#             1,
#             0
#           ],
#           [
#             2,
#             255
#           ]
#         ];
# $VAR1 = [
#           [
#             'id',
#             'int(11)',
#             'NO',
#             'PRI',
#             undef,
#             'auto_increment'
#           ],
#           [
#             'val',
#             'tinyint(3) unsigned',
#             'YES',
#             '',
#             undef,
#             ''
#           ]
#         ];
# 
ok 34 - removing dbd_mysql_t41minmax
ok 35 - creating minmax table for type smallint signed
ok 36
ok 37
ok 38 - binding minimal smallint signed, mode=strict
ok 39 - inserting min data for type smallint signed, mode=strict
ok 40
ok 41 - retrieved minimal value for smallint signed, mode=strict
ok 42 - binding maximal smallint signed, mode=strict
ok 43 - inserting max data for type smallint signed, mode=strict
ok 44
ok 45 - retrieved maximal value for smallint signed, mode=strict
ok 46 - binding less than minimal smallint signed, mode=strict
ok 47 - Error, you stored -32769 into smallint signed, mode=strict
# $VAR1 = [
#           [
#             1,
#             -32768
#           ],
#           [
#             2,
#             32767
#           ]
#         ];
# $VAR1 = [
#           [
#             'id',
#             'int(11)',
#             'NO',
#             'PRI',
#             undef,
#             'auto_increment'
#           ],
#           [
#             'val',
#             'smallint(6)',
#             'YES',
#             '',
#             undef,
#             ''
#           ]
#         ];
# 
ok 48 - binding more than maximal smallint signed, mode=strict
ok 49 - Error, you stored 32768 into smallint signed, mode=strict
# $VAR1 = [
#           [
#             1,
#             -32768
#           ],
#           [
#             2,
#             32767
#           ]
#         ];
# $VAR1 = [
#           [
#             'id',
#             'int(11)',
#             'NO',
#             'PRI',
#             undef,
#             'auto_increment'
#           ],
#           [
#             'val',
#             'smallint(6)',
#             'YES',
#             '',
#             undef,
#             ''
#           ]
#         ];
# 
ok 50 - removing dbd_mysql_t41minmax
ok 51 - creating minmax table for type smallint unsigned
ok 52
ok 53
ok 54 - binding minimal smallint unsigned, mode=strict
ok 55 - inserting min data for type smallint unsigned, mode=strict
ok 56
ok 57 - retrieved minimal value for smallint unsigned, mode=strict
ok 58 - binding maximal smallint unsigned, mode=strict
ok 59 - inserting max data for type smallint unsigned, mode=strict
ok 60
ok 61 - retrieved maximal value for smallint unsigned, mode=strict
ok 62 - binding less than minimal smallint unsigned, mode=strict
ok 63 - Error, you stored -1 into smallint unsigned, mode=strict
# $VAR1 = [
#           [
#             1,
#             0
#           ],
#           [
#             2,
#             65535
#           ]
#         ];
# $VAR1 = [
#           [
#             'id',
#             'int(11)',
#             'NO',
#             'PRI',
#             undef,
#             'auto_increment'
#           ],
#           [
#             'val',
#             'smallint(5) unsigned',
#             'YES',
#             '',
#             undef,
#             ''
#           ]
#         ];
# 
ok 64 - binding more than maximal smallint unsigned, mode=strict
ok 65 - Error, you stored 65536 into smallint unsigned, mode=strict
# $VAR1 = [
#           [
#             1,
#             0
#           ],
#           [
#             2,
#             65535
#           ]
#         ];
# $VAR1 = [
#           [
#             'id',
#             'int(11)',
#             'NO',
#             'PRI',
#             undef,
#             'auto_increment'
#           ],
#           [
#             'val',
#             'smallint(5) unsigned',
#             'YES',
#             '',
#             undef,
#             ''
#           ]
#         ];
# 
ok 66 - removing dbd_mysql_t41minmax
ok 67 - creating minmax table for type int signed
ok 68
ok 69
ok 70 - binding minimal int signed, mode=strict
ok 71 - inserting min data for type int signed, mode=strict
ok 72
ok 73 - retrieved minimal value for int signed, mode=strict
ok 74 - binding maximal int signed, mode=strict
ok 75 - inserting max data for type int signed, mode=strict
ok 76
ok 77 - retrieved maximal value for int signed, mode=strict
ok 78 - binding less than minimal int signed, mode=strict
ok 79 - Error, you stored -2147483649 into int signed, mode=strict
# $VAR1 = [
#           [
#             1,
#             '-2147483648'
#           ],
#           [
#             2,
#             2147483647
#           ]
#         ];
# $VAR1 = [
#           [
#             'id',
#             'int(11)',
#             'NO',
#             'PRI',
#             undef,
#             'auto_increment'
#           ],
#           [
#             'val',
#             'int(11)',
#             'YES',
#             '',
#             undef,
#             ''
#           ]
#         ];
# 
ok 80 - binding more than maximal int signed, mode=strict
ok 81 - Error, you stored 2147483648 into int signed, mode=strict
# $VAR1 = [
#           [
#             1,
#             '-2147483648'
#           ],
#           [
#             2,
#             2147483647
#           ]
#         ];
# $VAR1 = [
#           [
#             'id',
#             'int(11)',
#             'NO',
#             'PRI',
#             undef,
#             'auto_increment'
#           ],
#           [
#             'val',
#             'int(11)',
#             'YES',
#             '',
#             undef,
#             ''
#           ]
#         ];
# 
ok 82 - removing dbd_mysql_t41minmax
ok 83 - creating minmax table for type int unsigned
ok 84
ok 85
ok 86 - binding minimal int unsigned, mode=strict
ok 87 - inserting min data for type int unsigned, mode=strict
ok 88
ok 89 - retrieved minimal value for int unsigned, mode=strict
ok 90 - binding maximal int unsigned, mode=strict
ok 91 - inserting max data for type int unsigned, mode=strict
ok 92
ok 93 - retrieved maximal value for int unsigned, mode=strict
ok 94 - binding less than minimal int unsigned, mode=strict
ok 95 - Error, you stored -1 into int unsigned, mode=strict
# $VAR1 = [
#           [
#             1,
#             0
#           ],
#           [
#             2,
#             4294967295
#           ]
#         ];
# $VAR1 = [
#           [
#             'id',
#             'int(11)',
#             'NO',
#             'PRI',
#             undef,
#             'auto_increment'
#           ],
#           [
#             'val',
#             'int(10) unsigned',
#             'YES',
#             '',
#             undef,
#             ''
#           ]
#         ];
# 
ok 96 - binding more than maximal int unsigned, mode=strict
ok 97 - Error, you stored 4294967296 into int unsigned, mode=strict
# $VAR1 = [
#           [
#             1,
#             0
#           ],
#           [
#             2,
#             4294967295
#           ]
#         ];
# $VAR1 = [
#           [
#             'id',
#             'int(11)',
#             'NO',
#             'PRI',
#             undef,
#             'auto_increment'
#           ],
#           [
#             'val',
#             'int(10) unsigned',
#             'YES',
#             '',
#             undef,
#             ''
#           ]
#         ];
# 
ok 98 - removing dbd_mysql_t41minmax
ok 99 - creating minmax table for type bigint signed
ok 100
ok 101
ok 102 - binding minimal bigint signed, mode=strict
ok 103 - inserting min data for type bigint signed, mode=strict
ok 104
ok 105 - retrieved minimal value for bigint signed, mode=strict
ok 106 - binding maximal bigint signed, mode=strict
ok 107 - inserting max data for type bigint signed, mode=strict
ok 108
ok 109 - retrieved maximal value for bigint signed, mode=strict
ok 110 - binding less than minimal bigint signed, mode=strict
ok 111 - Error, you stored -9223372036854775809 into bigint signed, mode=strict
# $VAR1 = [
#           [
#             1,
#             '-9223372036854775808'
#           ],
#           [
#             2,
#             '9223372036854775807'
#           ]
#         ];
# $VAR1 = [
#           [
#             'id',
#             'int(11)',
#             'NO',
#             'PRI',
#             undef,
#             'auto_increment'
#           ],
#           [
#             'val',
#             'bigint(20)',
#             'YES',
#             '',
#             undef,
#             ''
#           ]
#         ];
# 
ok 112 - binding more than maximal bigint signed, mode=strict
ok 113 - Error, you stored 9223372036854775808 into bigint signed, mode=strict
# $VAR1 = [
#           [
#             1,
#             '-9223372036854775808'
#           ],
#           [
#             2,
#             '9223372036854775807'
#           ]
#         ];
# $VAR1 = [
#           [
#             'id',
#             'int(11)',
#             'NO',
#             'PRI',
#             undef,
#             'auto_increment'
#           ],
#           [
#             'val',
#             'bigint(20)',
#             'YES',
#             '',
#             undef,
#             ''
#           ]
#         ];
# 
ok 114 - removing dbd_mysql_t41minmax
ok 115 - creating minmax table for type bigint unsigned
ok 116
ok 117
ok 118 - binding minimal bigint unsigned, mode=strict
ok 119 - inserting min data for type bigint unsigned, mode=strict
ok 120
ok 121 - retrieved minimal value for bigint unsigned, mode=strict
ok 122 - binding maximal bigint unsigned, mode=strict
ok 123 - inserting max data for type bigint unsigned, mode=strict
ok 124
ok 125 - retrieved maximal value for bigint unsigned, mode=strict
ok 126 - binding less than minimal bigint unsigned, mode=strict
ok 127 - Error, you stored -1 into bigint unsigned, mode=strict
# $VAR1 = [
#           [
#             1,
#             0
#           ],
#           [
#             2,
#             '18446744073709551615'
#           ]
#         ];
# $VAR1 = [
#           [
#             'id',
#             'int(11)',
#             'NO',
#             'PRI',
#             undef,
#             'auto_increment'
#           ],
#           [
#             'val',
#             'bigint(20) unsigned',
#             'YES',
#             '',
#             undef,
#             ''
#           ]
#         ];
# 
ok 128 - binding more than maximal bigint unsigned, mode=strict
ok 129 - Error, you stored 18446744073709551616 into bigint unsigned, mode=strict
# $VAR1 = [
#           [
#             1,
#             0
#           ],
#           [
#             2,
#             '18446744073709551615'
#           ]
#         ];
# $VAR1 = [
#           [
#             'id',
#             'int(11)',
#             'NO',
#             'PRI',
#             undef,
#             'auto_increment'
#           ],
#           [
#             'val',
#             'bigint(20) unsigned',
#             'YES',
#             '',
#             undef,
#             ''
#           ]
#         ];
# 
ok 130 - Leave strict SQL mode.
ok 131 - removing dbd_mysql_t41minmax
ok 132 - creating minmax table for type tinyint signed
ok 133
ok 134
ok 135 - binding minimal tinyint signed, mode=nostrict
ok 136 - inserting min data for type tinyint signed, mode=nostrict
ok 137
ok 138 - retrieved minimal value for tinyint signed, mode=nostrict
ok 139 - binding maximal tinyint signed, mode=nostrict
ok 140 - inserting max data for type tinyint signed, mode=nostrict
ok 141
ok 142 - retrieved maximal value for tinyint signed, mode=nostrict
ok 143 - binding less than minimal tinyint signed, mode=nostrict
ok 144
ok 145
ok 146 - retrieved minimal value for type tinyint signed, mode=nostrict
ok 147 - binding more than maximal tinyint signed, mode=nostrict
ok 148
ok 149
ok 150 - retrieved maximal value for type tinyint signed, mode=nostrict
ok 151 - removing dbd_mysql_t41minmax
ok 152 - creating minmax table for type tinyint unsigned
ok 153
ok 154
ok 155 - binding minimal tinyint unsigned, mode=nostrict
ok 156 - inserting min data for type tinyint unsigned, mode=nostrict
ok 157
ok 158 - retrieved minimal value for tinyint unsigned, mode=nostrict
ok 159 - binding maximal tinyint unsigned, mode=nostrict
ok 160 - inserting max data for type tinyint unsigned, mode=nostrict
ok 161
ok 162 - retrieved maximal value for tinyint unsigned, mode=nostrict
ok 163 - binding less than minimal tinyint unsigned, mode=nostrict
ok 164
ok 165
ok 166 - retrieved minimal value for type tinyint unsigned, mode=nostrict
ok 167 - binding more than maximal tinyint unsigned, mode=nostrict
ok 168
ok 169
ok 170 - retrieved maximal value for type tinyint unsigned, mode=nostrict
ok 171 - removing dbd_mysql_t41minmax
ok 172 - creating minmax table for type smallint signed
ok 173
ok 174
ok 175 - binding minimal smallint signed, mode=nostrict
ok 176 - inserting min data for type smallint signed, mode=nostrict
ok 177
ok 178 - retrieved minimal value for smallint signed, mode=nostrict
ok 179 - binding maximal smallint signed, mode=nostrict
ok 180 - inserting max data for type smallint signed, mode=nostrict
ok 181
ok 182 - retrieved maximal value for smallint signed, mode=nostrict
ok 183 - binding less than minimal smallint signed, mode=nostrict
ok 184
ok 185
ok 186 - retrieved minimal value for type smallint signed, mode=nostrict
ok 187 - binding more than maximal smallint signed, mode=nostrict
ok 188
ok 189
ok 190 - retrieved maximal value for type smallint signed, mode=nostrict
ok 191 - removing dbd_mysql_t41minmax
ok 192 - creating minmax table for type smallint unsigned
ok 193
ok 194
ok 195 - binding minimal smallint unsigned, mode=nostrict
ok 196 - inserting min data for type smallint unsigned, mode=nostrict
ok 197
ok 198 - retrieved minimal value for smallint unsigned, mode=nostrict
ok 199 - binding maximal smallint unsigned, mode=nostrict
ok 200 - inserting max data for type smallint unsigned, mode=nostrict
ok 201
ok 202 - retrieved maximal value for smallint unsigned, mode=nostrict
ok 203 - binding less than minimal smallint unsigned, mode=nostrict
ok 204
ok 205
ok 206 - retrieved minimal value for type smallint unsigned, mode=nostrict
ok 207 - binding more than maximal smallint unsigned, mode=nostrict
ok 208
ok 209
ok 210 - retrieved maximal value for type smallint unsigned, mode=nostrict
ok 211 - removing dbd_mysql_t41minmax
ok 212 - creating minmax table for type int signed
ok 213
ok 214
ok 215 - binding minimal int signed, mode=nostrict
ok 216 - inserting min data for type int signed, mode=nostrict
ok 217
ok 218 - retrieved minimal value for int signed, mode=nostrict
ok 219 - binding maximal int signed, mode=nostrict
ok 220 - inserting max data for type int signed, mode=nostrict
ok 221
ok 222 - retrieved maximal value for int signed, mode=nostrict
ok 223 - binding less than minimal int signed, mode=nostrict
ok 224
ok 225
ok 226 - retrieved minimal value for type int signed, mode=nostrict
ok 227 - binding more than maximal int signed, mode=nostrict
ok 228
ok 229
ok 230 - retrieved maximal value for type int signed, mode=nostrict
ok 231 - removing dbd_mysql_t41minmax
ok 232 - creating minmax table for type int unsigned
ok 233
ok 234
ok 235 - binding minimal int unsigned, mode=nostrict
ok 236 - inserting min data for type int unsigned, mode=nostrict
ok 237
ok 238 - retrieved minimal value for int unsigned, mode=nostrict
ok 239 - binding maximal int unsigned, mode=nostrict
ok 240 - inserting max data for type int unsigned, mode=nostrict
ok 241
ok 242 - retrieved maximal value for int unsigned, mode=nostrict
ok 243 - binding less than minimal int unsigned, mode=nostrict
ok 244
ok 245
ok 246 - retrieved minimal value for type int unsigned, mode=nostrict
ok 247 - binding more than maximal int unsigned, mode=nostrict
ok 248
ok 249
ok 250 - retrieved maximal value for type int unsigned, mode=nostrict
ok 251 - removing dbd_mysql_t41minmax
ok 252 - creating minmax table for type bigint signed
ok 253
ok 254
ok 255 - binding minimal bigint signed, mode=nostrict
ok 256 - inserting min data for type bigint signed, mode=nostrict
ok 257
ok 258 - retrieved minimal value for bigint signed, mode=nostrict
ok 259 - binding maximal bigint signed, mode=nostrict
ok 260 - inserting max data for type bigint signed, mode=nostrict
ok 261
ok 262 - retrieved maximal value for bigint signed, mode=nostrict
ok 263 - binding less than minimal bigint signed, mode=nostrict
ok 264
ok 265
ok 266 - retrieved minimal value for type bigint signed, mode=nostrict
ok 267 - binding more than maximal bigint signed, mode=nostrict
ok 268
ok 269
ok 270 - retrieved maximal value for type bigint signed, mode=nostrict
ok 271 - removing dbd_mysql_t41minmax
ok 272 - creating minmax table for type bigint unsigned
ok 273
ok 274
ok 275 - binding minimal bigint unsigned, mode=nostrict
ok 276 - inserting min data for type bigint unsigned, mode=nostrict
ok 277
ok 278 - retrieved minimal value for bigint unsigned, mode=nostrict
ok 279 - binding maximal bigint unsigned, mode=nostrict
ok 280 - inserting max data for type bigint unsigned, mode=nostrict
ok 281
ok 282 - retrieved maximal value for bigint unsigned, mode=nostrict
ok 283 - binding less than minimal bigint unsigned, mode=nostrict
ok 284
ok 285
ok 286 - retrieved minimal value for type bigint unsigned, mode=nostrict
ok 287 - binding more than maximal bigint unsigned, mode=nostrict
ok 288
ok 289
ok 290 - retrieved maximal value for type bigint unsigned, mode=nostrict
ok 291
ok 292
ok 293 - Enter strict SQL mode.
ok 294 - removing dbd_mysql_t41minmax
ok 295 - creating minmax table for type tinyint signed
ok 296
ok 297
ok 298 - binding minimal tinyint signed, mode=strict
ok 299 - inserting min data for type tinyint signed, mode=strict
ok 300
ok 301 - retrieved minimal value for tinyint signed, mode=strict
ok 302 - binding maximal tinyint signed, mode=strict
ok 303 - inserting max data for type tinyint signed, mode=strict
ok 304
ok 305 - retrieved maximal value for tinyint signed, mode=strict
ok 306 - binding less than minimal tinyint signed, mode=strict
ok 307 - Error, you stored -129 into tinyint signed, mode=strict
# $VAR1 = [
#           [
#             1,
#             -128
#           ],
#           [
#             2,
#             127
#           ]
#         ];
# $VAR1 = [
#           [
#             'id',
#             'int(11)',
#             'NO',
#             'PRI',
#             undef,
#             'auto_increment'
#           ],
#           [
#             'val',
#             'tinyint(4)',
#             'YES',
#             '',
#             undef,
#             ''
#           ]
#         ];
# 
ok 308 - binding more than maximal tinyint signed, mode=strict
ok 309 - Error, you stored 128 into tinyint signed, mode=strict
# $VAR1 = [
#           [
#             1,
#             -128
#           ],
#           [
#             2,
#             127
#           ]
#         ];
# $VAR1 = [
#           [
#             'id',
#             'int(11)',
#             'NO',
#             'PRI',
#             undef,
#             'auto_increment'
#           ],
#           [
#             'val',
#             'tinyint(4)',
#             'YES',
#             '',
#             undef,
#             ''
#           ]
#         ];
# 
ok 310 - removing dbd_mysql_t41minmax
ok 311 - creating minmax table for type tinyint unsigned
ok 312
ok 313
ok 314 - binding minimal tinyint unsigned, mode=strict
ok 315 - inserting min data for type tinyint unsigned, mode=strict
ok 316
ok 317 - retrieved minimal value for tinyint unsigned, mode=strict
ok 318 - binding maximal tinyint unsigned, mode=strict
ok 319 - inserting max data for type tinyint unsigned, mode=strict
ok 320
ok 321 - retrieved maximal value for tinyint unsigned, mode=strict
ok 322 - binding less than minimal tinyint unsigned, mode=strict
ok 323 - Error, you stored -1 into tinyint unsigned, mode=strict
# $VAR1 = [
#           [
#             1,
#             0
#           ],
#           [
#             2,
#             255
#           ]
#         ];
# $VAR1 = [
#           [
#             'id',
#             'int(11)',
#             'NO',
#             'PRI',
#             undef,
#             'auto_increment'
#           ],
#           [
#             'val',
#             'tinyint(3) unsigned',
#             'YES',
#             '',
#             undef,
#             ''
#           ]
#         ];
# 
ok 324 - binding more than maximal tinyint unsigned, mode=strict
ok 325 - Error, you stored 256 into tinyint unsigned, mode=strict
# $VAR1 = [
#           [
#             1,
#             0
#           ],
#           [
#             2,
#             255
#           ]
#         ];
# $VAR1 = [
#           [
#             'id',
#             'int(11)',
#             'NO',
#             'PRI',
#             undef,
#             'auto_increment'
#           ],
#           [
#             'val',
#             'tinyint(3) unsigned',
#             'YES',
#             '',
#             undef,
#             ''
#           ]
#         ];
# 
ok 326 - removing dbd_mysql_t41minmax
ok 327 - creating minmax table for type smallint signed
ok 328
ok 329
ok 330 - binding minimal smallint signed, mode=strict
ok 331 - inserting min data for type smallint signed, mode=strict
ok 332
ok 333 - retrieved minimal value for smallint signed, mode=strict
ok 334 - binding maximal smallint signed, mode=strict
ok 335 - inserting max data for type smallint signed, mode=strict
ok 336
ok 337 - retrieved maximal value for smallint signed, mode=strict
ok 338 - binding less than minimal smallint signed, mode=strict
ok 339 - Error, you stored -32769 into smallint signed, mode=strict
# $VAR1 = [
#           [
#             1,
#             -32768
#           ],
#           [
#             2,
#             32767
#           ]
#         ];
# $VAR1 = [
#           [
#             'id',
#             'int(11)',
#             'NO',
#             'PRI',
#             undef,
#             'auto_increment'
#           ],
#           [
#             'val',
#             'smallint(6)',
#             'YES',
#             '',
#             undef,
#             ''
#           ]
#         ];
# 
ok 340 - binding more than maximal smallint signed, mode=strict
ok 341 - Error, you stored 32768 into smallint signed, mode=strict
# $VAR1 = [
#           [
#             1,
#             -32768
#           ],
#           [
#             2,
#             32767
#           ]
#         ];
# $VAR1 = [
#           [
#             'id',
#             'int(11)',
#             'NO',
#             'PRI',
#             undef,
#             'auto_increment'
#           ],
#           [
#             'val',
#             'smallint(6)',
#             'YES',
#             '',
#             undef,
#             ''
#           ]
#         ];
# 
ok 342 - removing dbd_mysql_t41minmax
ok 343 - creating minmax table for type smallint unsigned
ok 344
ok 345
ok 346 - binding minimal smallint unsigned, mode=strict
ok 347 - inserting min data for type smallint unsigned, mode=strict
ok 348
ok 349 - retrieved minimal value for smallint unsigned, mode=strict
ok 350 - binding maximal smallint unsigned, mode=strict
ok 351 - inserting max data for type smallint unsigned, mode=strict
ok 352
ok 353 - retrieved maximal value for smallint unsigned, mode=strict
ok 354 - binding less than minimal smallint unsigned, mode=strict
ok 355 - Error, you stored -1 into smallint unsigned, mode=strict
# $VAR1 = [
#           [
#             1,
#             0
#           ],
#           [
#             2,
#             65535
#           ]
#         ];
# $VAR1 = [
#           [
#             'id',
#             'int(11)',
#             'NO',
#             'PRI',
#             undef,
#             'auto_increment'
#           ],
#           [
#             'val',
#             'smallint(5) unsigned',
#             'YES',
#             '',
#             undef,
#             ''
#           ]
#         ];
# 
ok 356 - binding more than maximal smallint unsigned, mode=strict
ok 357 - Error, you stored 65536 into smallint unsigned, mode=strict
# $VAR1 = [
#           [
#             1,
#             0
#           ],
#           [
#             2,
#             65535
#           ]
#         ];
# $VAR1 = [
#           [
#             'id',
#             'int(11)',
#             'NO',
#             'PRI',
#             undef,
#             'auto_increment'
#           ],
#           [
#             'val',
#             'smallint(5) unsigned',
#             'YES',
#             '',
#             undef,
#             ''
#           ]
#         ];
# 
ok 358 - removing dbd_mysql_t41minmax
ok 359 - creating minmax table for type int signed
ok 360
ok 361
ok 362 - binding minimal int signed, mode=strict
ok 363 - inserting min data for type int signed, mode=strict
ok 364
ok 365 - retrieved minimal value for int signed, mode=strict
ok 366 - binding maximal int signed, mode=strict
ok 367 - inserting max data for type int signed, mode=strict
ok 368
ok 369 - retrieved maximal value for int signed, mode=strict
ok 370 - binding less than minimal int signed, mode=strict
ok 371 - Error, you stored -2147483649 into int signed, mode=strict
# $VAR1 = [
#           [
#             1,
#             '-2147483648'
#           ],
#           [
#             2,
#             2147483647
#           ]
#         ];
# $VAR1 = [
#           [
#             'id',
#             'int(11)',
#             'NO',
#             'PRI',
#             undef,
#             'auto_increment'
#           ],
#           [
#             'val',
#             'int(11)',
#             'YES',
#             '',
#             undef,
#             ''
#           ]
#         ];
# 
ok 372 - binding more than maximal int signed, mode=strict
ok 373 - Error, you stored 2147483648 into int signed, mode=strict
# $VAR1 = [
#           [
#             1,
#             '-2147483648'
#           ],
#           [
#             2,
#             2147483647
#           ]
#         ];
# $VAR1 = [
#           [
#             'id',
#             'int(11)',
#             'NO',
#             'PRI',
#             undef,
#             'auto_increment'
#           ],
#           [
#             'val',
#             'int(11)',
#             'YES',
#             '',
#             undef,
#             ''
#           ]
#         ];
# 
ok 374 - removing dbd_mysql_t41minmax
ok 375 - creating minmax table for type int unsigned
ok 376
ok 377
ok 378 - binding minimal int unsigned, mode=strict
ok 379 - inserting min data for type int unsigned, mode=strict
ok 380
ok 381 - retrieved minimal value for int unsigned, mode=strict
ok 382 - binding maximal int unsigned, mode=strict
ok 383 - inserting max data for type int unsigned, mode=strict
ok 384
ok 385 - retrieved maximal value for int unsigned, mode=strict
ok 386 - binding less than minimal int unsigned, mode=strict
ok 387 - Error, you stored -1 into int unsigned, mode=strict
# $VAR1 = [
#           [
#             1,
#             0
#           ],
#           [
#             2,
#             4294967295
#           ]
#         ];
# $VAR1 = [
#           [
#             'id',
#             'int(11)',
#             'NO',
#             'PRI',
#             undef,
#             'auto_increment'
#           ],
#           [
#             'val',
#             'int(10) unsigned',
#             'YES',
#             '',
#             undef,
#             ''
#           ]
#         ];
# 
ok 388 - binding more than maximal int unsigned, mode=strict
ok 389 - Error, you stored 4294967296 into int unsigned, mode=strict
# $VAR1 = [
#           [
#             1,
#             0
#           ],
#           [
#             2,
#             4294967295
#           ]
#         ];
# $VAR1 = [
#           [
#             'id',
#             'int(11)',
#             'NO',
#             'PRI',
#             undef,
#             'auto_increment'
#           ],
#           [
#             'val',
#             'int(10) unsigned',
#             'YES',
#             '',
#             undef,
#             ''
#           ]
#         ];
# 
ok 390 - removing dbd_mysql_t41minmax
ok 391 - creating minmax table for type bigint signed
ok 392
ok 393
ok 394 - binding minimal bigint signed, mode=strict
ok 395 - inserting min data for type bigint signed, mode=strict
ok 396
ok 397 - retrieved minimal value for bigint signed, mode=strict
ok 398 - binding maximal bigint signed, mode=strict
ok 399 - inserting max data for type bigint signed, mode=strict
ok 400
ok 401 - retrieved maximal value for bigint signed, mode=strict
ok 402 - binding less than minimal bigint signed, mode=strict
ok 403 - Error, you stored -9223372036854775809 into bigint signed, mode=strict
# $VAR1 = [
#           [
#             1,
#             '-9223372036854775808'
#           ],
#           [
#             2,
#             '9223372036854775807'
#           ]
#         ];
# $VAR1 = [
#           [
#             'id',
#             'int(11)',
#             'NO',
#             'PRI',
#             undef,
#             'auto_increment'
#           ],
#           [
#             'val',
#             'bigint(20)',
#             'YES',
#             '',
#             undef,
#             ''
#           ]
#         ];
# 
ok 404 - binding more than maximal bigint signed, mode=strict
ok 405 - Error, you stored 9223372036854775808 into bigint signed, mode=strict
# $VAR1 = [
#           [
#             1,
#             '-9223372036854775808'
#           ],
#           [
#             2,
#             '9223372036854775807'
#           ]
#         ];
# $VAR1 = [
#           [
#             'id',
#             'int(11)',
#             'NO',
#             'PRI',
#             undef,
#             'auto_increment'
#           ],
#           [
#             'val',
#             'bigint(20)',
#             'YES',
#             '',
#             undef,
#             ''
#           ]
#         ];
# 
ok 406 - removing dbd_mysql_t41minmax
ok 407 - creating minmax table for type bigint unsigned
ok 408
ok 409
ok 410 - binding minimal bigint unsigned, mode=strict
ok 411 - inserting min data for type bigint unsigned, mode=strict
ok 412
ok 413 - retrieved minimal value for bigint unsigned, mode=strict
ok 414 - binding maximal bigint unsigned, mode=strict
ok 415 - inserting max data for type bigint unsigned, mode=strict
ok 416
ok 417 - retrieved maximal value for bigint unsigned, mode=strict
ok 418 - binding less than minimal bigint unsigned, mode=strict
ok 419 - Error, you stored -1 into bigint unsigned, mode=strict
# $VAR1 = [
#           [
#             1,
#             0
#           ],
#           [
#             2,
#             '18446744073709551615'
#           ]
#         ];
# $VAR1 = [
#           [
#             'id',
#             'int(11)',
#             'NO',
#             'PRI',
#             undef,
#             'auto_increment'
#           ],
#           [
#             'val',
#             'bigint(20) unsigned',
#             'YES',
#             '',
#             undef,
#             ''
#           ]
#         ];
# 
ok 420 - binding more than maximal bigint unsigned, mode=strict
ok 421 - Error, you stored 18446744073709551616 into bigint unsigned, mode=strict
# $VAR1 = [
#           [
#             1,
#             0
#           ],
#           [
#             2,
#             '18446744073709551615'
#           ]
#         ];
# $VAR1 = [
#           [
#             'id',
#             'int(11)',
#             'NO',
#             'PRI',
#             undef,
#             'auto_increment'
#           ],
#           [
#             'val',
#             'bigint(20) unsigned',
#             'YES',
#             '',
#             undef,
#             ''
#           ]
#         ];
# 
ok 422 - Leave strict SQL mode.
ok 423 - removing dbd_mysql_t41minmax
ok 424 - creating minmax table for type tinyint signed
ok 425
ok 426
ok 427 - binding minimal tinyint signed, mode=nostrict
ok 428 - inserting min data for type tinyint signed, mode=nostrict
ok 429
ok 430 - retrieved minimal value for tinyint signed, mode=nostrict
ok 431 - binding maximal tinyint signed, mode=nostrict
ok 432 - inserting max data for type tinyint signed, mode=nostrict
ok 433
ok 434 - retrieved maximal value for tinyint signed, mode=nostrict
ok 435 - binding less than minimal tinyint signed, mode=nostrict
ok 436
ok 437
ok 438 - retrieved minimal value for type tinyint signed, mode=nostrict
ok 439 - binding more than maximal tinyint signed, mode=nostrict
ok 440
ok 441
ok 442 - retrieved maximal value for type tinyint signed, mode=nostrict
ok 443 - removing dbd_mysql_t41minmax
ok 444 - creating minmax table for type tinyint unsigned
ok 445
ok 446
ok 447 - binding minimal tinyint unsigned, mode=nostrict
ok 448 - inserting min data for type tinyint unsigned, mode=nostrict
ok 449
ok 450 - retrieved minimal value for tinyint unsigned, mode=nostrict
ok 451 - binding maximal tinyint unsigned, mode=nostrict
ok 452 - inserting max data for type tinyint unsigned, mode=nostrict
ok 453
ok 454 - retrieved maximal value for tinyint unsigned, mode=nostrict
ok 455 - binding less than minimal tinyint unsigned, mode=nostrict
ok 456
ok 457
ok 458 - retrieved minimal value for type tinyint unsigned, mode=nostrict
ok 459 - binding more than maximal tinyint unsigned, mode=nostrict
ok 460
ok 461
ok 462 - retrieved maximal value for type tinyint unsigned, mode=nostrict
ok 463 - removing dbd_mysql_t41minmax
ok 464 - creating minmax table for type smallint signed
ok 465
ok 466
ok 467 - binding minimal smallint signed, mode=nostrict
ok 468 - inserting min data for type smallint signed, mode=nostrict
ok 469
ok 470 - retrieved minimal value for smallint signed, mode=nostrict
ok 471 - binding maximal smallint signed, mode=nostrict
ok 472 - inserting max data for type smallint signed, mode=nostrict
ok 473
ok 474 - retrieved maximal value for smallint signed, mode=nostrict
ok 475 - binding less than minimal smallint signed, mode=nostrict
ok 476
ok 477
ok 478 - retrieved minimal value for type smallint signed, mode=nostrict
ok 479 - binding more than maximal smallint signed, mode=nostrict
ok 480
ok 481
ok 482 - retrieved maximal value for type smallint signed, mode=nostrict
ok 483 - removing dbd_mysql_t41minmax
ok 484 - creating minmax table for type smallint unsigned
ok 485
ok 486
ok 487 - binding minimal smallint unsigned, mode=nostrict
ok 488 - inserting min data for type smallint unsigned, mode=nostrict
ok 489
ok 490 - retrieved minimal value for smallint unsigned, mode=nostrict
ok 491 - binding maximal smallint unsigned, mode=nostrict
ok 492 - inserting max data for type smallint unsigned, mode=nostrict
ok 493
ok 494 - retrieved maximal value for smallint unsigned, mode=nostrict
ok 495 - binding less than minimal smallint unsigned, mode=nostrict
ok 496
ok 497
ok 498 - retrieved minimal value for type smallint unsigned, mode=nostrict
ok 499 - binding more than maximal smallint unsigned, mode=nostrict
ok 500
ok 501
ok 502 - retrieved maximal value for type smallint unsigned, mode=nostrict
ok 503 - removing dbd_mysql_t41minmax
ok 504 - creating minmax table for type int signed
ok 505
ok 506
ok 507 - binding minimal int signed, mode=nostrict
ok 508 - inserting min data for type int signed, mode=nostrict
ok 509
ok 510 - retrieved minimal value for int signed, mode=nostrict
ok 511 - binding maximal int signed, mode=nostrict
ok 512 - inserting max data for type int signed, mode=nostrict
ok 513
ok 514 - retrieved maximal value for int signed, mode=nostrict
ok 515 - binding less than minimal int signed, mode=nostrict
ok 516
ok 517
ok 518 - retrieved minimal value for type int signed, mode=nostrict
ok 519 - binding more than maximal int signed, mode=nostrict
ok 520
ok 521
ok 522 - retrieved maximal value for type int signed, mode=nostrict
ok 523 - removing dbd_mysql_t41minmax
ok 524 - creating minmax table for type int unsigned
ok 525
ok 526
ok 527 - binding minimal int unsigned, mode=nostrict
ok 528 - inserting min data for type int unsigned, mode=nostrict
ok 529
ok 530 - retrieved minimal value for int unsigned, mode=nostrict
ok 531 - binding maximal int unsigned, mode=nostrict
ok 532 - inserting max data for type int unsigned, mode=nostrict
ok 533
ok 534 - retrieved maximal value for int unsigned, mode=nostrict
ok 535 - binding less than minimal int unsigned, mode=nostrict
ok 536
ok 537
ok 538 - retrieved minimal value for type int unsigned, mode=nostrict
ok 539 - binding more than maximal int unsigned, mode=nostrict
ok 540
ok 541
ok 542 - retrieved maximal value for type int unsigned, mode=nostrict
ok 543 - removing dbd_mysql_t41minmax
ok 544 - creating minmax table for type bigint signed
ok 545
ok 546
ok 547 - binding minimal bigint signed, mode=nostrict
ok 548 - inserting min data for type bigint signed, mode=nostrict
ok 549
ok 550 - retrieved minimal value for bigint signed, mode=nostrict
ok 551 - binding maximal bigint signed, mode=nostrict
ok 552 - inserting max data for type bigint signed, mode=nostrict
ok 553
ok 554 - retrieved maximal value for bigint signed, mode=nostrict
ok 555 - binding less than minimal bigint signed, mode=nostrict
ok 556
ok 557
ok 558 - retrieved minimal value for type bigint signed, mode=nostrict
ok 559 - binding more than maximal bigint signed, mode=nostrict
ok 560
ok 561
ok 562 - retrieved maximal value for type bigint signed, mode=nostrict
ok 563 - removing dbd_mysql_t41minmax
ok 564 - creating minmax table for type bigint unsigned
ok 565
ok 566
ok 567 - binding minimal bigint unsigned, mode=nostrict
ok 568 - inserting min data for type bigint unsigned, mode=nostrict
ok 569
ok 570 - retrieved minimal value for bigint unsigned, mode=nostrict
ok 571 - binding maximal bigint unsigned, mode=nostrict
ok 572 - inserting max data for type bigint unsigned, mode=nostrict
ok 573
ok 574 - retrieved maximal value for bigint unsigned, mode=nostrict
ok 575 - binding less than minimal bigint unsigned, mode=nostrict
ok 576
ok 577
ok 578 - retrieved minimal value for type bigint unsigned, mode=nostrict
ok 579 - binding more than maximal bigint unsigned, mode=nostrict
ok 580
ok 581
ok 582 - retrieved maximal value for type bigint unsigned, mode=nostrict
ok 583
ok 584
ok
t/42bindparam.t ......................... 
1..12
ok 1
ok 2
ok 3
ok 4
ok 5
ok 6
ok 7
ok 8
ok 9
ok 10
ok 11
ok 12
ok
t/43count_params.t ...................... 
1..17
ok 1
ok 2
ok 3
ok 4
ok 5
ok 6
ok 7
ok 8
ok 9
ok 10
ok 11
ok 12
ok 13
ok 14
ok 15
ok 16
ok 17
ok
t/50chopblanks.t ........................ 
ok 1 - drop table if exists dbd_mysql_t50chopblanks
ok 2 - create table dbd_mysql_t50chopblanks
ok 3
ok 4
ok 5 - insert into dbd_mysql_t50chopblanks values (1 , '', '', '', '', '', '', '', '', '')
ok 6 - select c_varchar, c_text, c_tinytext, c_mediumtext, c_longtext, b_blob, b_tinyblob, b_mediumblob, b_longblob from dbd_mysql_t50chopblanks where id = 1
ok 7
ok 8 - NoChopBlanks: c_varchar should not have blanks chopped
ok 9 - NoChopBlanks: c_text should not have blanks chopped
ok 10 - NoChopBlanks: c_tinytext should not have blanks chopped
ok 11 - NoChopBlanks: c_mediumtext should not have blanks chopped
ok 12 - NoChopBlanks: c_longtext should not have blanks chopped
ok 13 - NoChopBlanks: b_blob should not have blanks chopped
ok 14 - NoChopBlanks: b_tinyblob should not have blanks chopped
ok 15 - NoChopBlanks: b_mediumblob should not have blanks chopped
ok 16 - NoChopBlanks: b_longblob should not have blanks chopped
ok 17
ok 18
ok 19 - ChopBlanks: c_varchar should have blanks chopped
ok 20 - ChopBlanks: c_text should have blanks chopped
ok 21 - ChopBlanks: c_tinytext should have blanks chopped
ok 22 - ChopBlanks: c_mediumtext should have blanks chopped
ok 23 - ChopBlanks: c_longtext should have blanks chopped
ok 24 - ChopBlanks: b_blob should not have blanks chopped
ok 25 - ChopBlanks: b_tinyblob should not have blanks chopped
ok 26 - ChopBlanks: b_mediumblob should not have blanks chopped
ok 27 - ChopBlanks: b_longblob should not have blanks chopped
ok 28 - insert into dbd_mysql_t50chopblanks values (2 , ' ', ' ', ' ', ' ', ' ', ' ', ' ', ' ', ' ')
ok 29 - select c_varchar, c_text, c_tinytext, c_mediumtext, c_longtext, b_blob, b_tinyblob, b_mediumblob, b_longblob from dbd_mysql_t50chopblanks where id = 2
ok 30
ok 31 - NoChopBlanks: c_varchar should not have blanks chopped
ok 32 - NoChopBlanks: c_text should not have blanks chopped
ok 33 - NoChopBlanks: c_tinytext should not have blanks chopped
ok 34 - NoChopBlanks: c_mediumtext should not have blanks chopped
ok 35 - NoChopBlanks: c_longtext should not have blanks chopped
ok 36 - NoChopBlanks: b_blob should not have blanks chopped
ok 37 - NoChopBlanks: b_tinyblob should not have blanks chopped
ok 38 - NoChopBlanks: b_mediumblob should not have blanks chopped
ok 39 - NoChopBlanks: b_longblob should not have blanks chopped
ok 40
ok 41
ok 42 - ChopBlanks: c_varchar should have blanks chopped
ok 43 - ChopBlanks: c_text should have blanks chopped
ok 44 - ChopBlanks: c_tinytext should have blanks chopped
ok 45 - ChopBlanks: c_mediumtext should have blanks chopped
ok 46 - ChopBlanks: c_longtext should have blanks chopped
ok 47 - ChopBlanks: b_blob should not have blanks chopped
ok 48 - ChopBlanks: b_tinyblob should not have blanks chopped
ok 49 - ChopBlanks: b_mediumblob should not have blanks chopped
ok 50 - ChopBlanks: b_longblob should not have blanks chopped
ok 51 - insert into dbd_mysql_t50chopblanks values (3 , ' a b c ', ' a b c ', ' a b c ', ' a b c ', ' a b c ', ' a b c ', ' a b c ', ' a b c ', ' a b c ')
ok 52 - select c_varchar, c_text, c_tinytext, c_mediumtext, c_longtext, b_blob, b_tinyblob, b_mediumblob, b_longblob from dbd_mysql_t50chopblanks where id = 3
ok 53
ok 54 - NoChopBlanks: c_varchar should not have blanks chopped
ok 55 - NoChopBlanks: c_text should not have blanks chopped
ok 56 - NoChopBlanks: c_tinytext should not have blanks chopped
ok 57 - NoChopBlanks: c_mediumtext should not have blanks chopped
ok 58 - NoChopBlanks: c_longtext should not have blanks chopped
ok 59 - NoChopBlanks: b_blob should not have blanks chopped
ok 60 - NoChopBlanks: b_tinyblob should not have blanks chopped
ok 61 - NoChopBlanks: b_mediumblob should not have blanks chopped
ok 62 - NoChopBlanks: b_longblob should not have blanks chopped
ok 63
ok 64
ok 65 - ChopBlanks: c_varchar should have blanks chopped
ok 66 - ChopBlanks: c_text should have blanks chopped
ok 67 - ChopBlanks: c_tinytext should have blanks chopped
ok 68 - ChopBlanks: c_mediumtext should have blanks chopped
ok 69 - ChopBlanks: c_longtext should have blanks chopped
ok 70 - ChopBlanks: b_blob should not have blanks chopped
ok 71 - ChopBlanks: b_tinyblob should not have blanks chopped
ok 72 - ChopBlanks: b_mediumblob should not have blanks chopped
ok 73 - ChopBlanks: b_longblob should not have blanks chopped
ok 74 - insert into dbd_mysql_t50chopblanks values (4 , 'blah', 'blah', 'blah', 'blah', 'blah', 'blah', 'blah', 'blah', 'blah')
ok 75 - select c_varchar, c_text, c_tinytext, c_mediumtext, c_longtext, b_blob, b_tinyblob, b_mediumblob, b_longblob from dbd_mysql_t50chopblanks where id = 4
ok 76
ok 77 - NoChopBlanks: c_varchar should not have blanks chopped
ok 78 - NoChopBlanks: c_text should not have blanks chopped
ok 79 - NoChopBlanks: c_tinytext should not have blanks chopped
ok 80 - NoChopBlanks: c_mediumtext should not have blanks chopped
ok 81 - NoChopBlanks: c_longtext should not have blanks chopped
ok 82 - NoChopBlanks: b_blob should not have blanks chopped
ok 83 - NoChopBlanks: b_tinyblob should not have blanks chopped
ok 84 - NoChopBlanks: b_mediumblob should not have blanks chopped
ok 85 - NoChopBlanks: b_longblob should not have blanks chopped
ok 86
ok 87
ok 88 - ChopBlanks: c_varchar should have blanks chopped
ok 89 - ChopBlanks: c_text should have blanks chopped
ok 90 - ChopBlanks: c_tinytext should have blanks chopped
ok 91 - ChopBlanks: c_mediumtext should have blanks chopped
ok 92 - ChopBlanks: c_longtext should have blanks chopped
ok 93 - ChopBlanks: b_blob should not have blanks chopped
ok 94 - ChopBlanks: b_tinyblob should not have blanks chopped
ok 95 - ChopBlanks: b_mediumblob should not have blanks chopped
ok 96 - ChopBlanks: b_longblob should not have blanks chopped
ok 97
ok 98
ok 99 - drop dbd_mysql_t50chopblanks
ok 100
ok 101 - drop table if exists dbd_mysql_t50chopblanks
ok 102 - create table dbd_mysql_t50chopblanks
ok 103
ok 104
ok 105 - insert into dbd_mysql_t50chopblanks values (1 , '', '', '', '', '', '', '', '', '')
ok 106 - select c_varchar, c_text, c_tinytext, c_mediumtext, c_longtext, b_blob, b_tinyblob, b_mediumblob, b_longblob from dbd_mysql_t50chopblanks where id = 1
ok 107
ok 108 - NoChopBlanks: c_varchar should not have blanks chopped
ok 109 - NoChopBlanks: c_text should not have blanks chopped
ok 110 - NoChopBlanks: c_tinytext should not have blanks chopped
ok 111 - NoChopBlanks: c_mediumtext should not have blanks chopped
ok 112 - NoChopBlanks: c_longtext should not have blanks chopped
ok 113 - NoChopBlanks: b_blob should not have blanks chopped
ok 114 - NoChopBlanks: b_tinyblob should not have blanks chopped
ok 115 - NoChopBlanks: b_mediumblob should not have blanks chopped
ok 116 - NoChopBlanks: b_longblob should not have blanks chopped
ok 117
ok 118
ok 119 - ChopBlanks: c_varchar should have blanks chopped
ok 120 - ChopBlanks: c_text should have blanks chopped
ok 121 - ChopBlanks: c_tinytext should have blanks chopped
ok 122 - ChopBlanks: c_mediumtext should have blanks chopped
ok 123 - ChopBlanks: c_longtext should have blanks chopped
ok 124 - ChopBlanks: b_blob should not have blanks chopped
ok 125 - ChopBlanks: b_tinyblob should not have blanks chopped
ok 126 - ChopBlanks: b_mediumblob should not have blanks chopped
ok 127 - ChopBlanks: b_longblob should not have blanks chopped
ok 128 - insert into dbd_mysql_t50chopblanks values (2 , ' ', ' ', ' ', ' ', ' ', ' ', ' ', ' ', ' ')
ok 129 - select c_varchar, c_text, c_tinytext, c_mediumtext, c_longtext, b_blob, b_tinyblob, b_mediumblob, b_longblob from dbd_mysql_t50chopblanks where id = 2
ok 130
ok 131 - NoChopBlanks: c_varchar should not have blanks chopped
ok 132 - NoChopBlanks: c_text should not have blanks chopped
ok 133 - NoChopBlanks: c_tinytext should not have blanks chopped
ok 134 - NoChopBlanks: c_mediumtext should not have blanks chopped
ok 135 - NoChopBlanks: c_longtext should not have blanks chopped
ok 136 - NoChopBlanks: b_blob should not have blanks chopped
ok 137 - NoChopBlanks: b_tinyblob should not have blanks chopped
ok 138 - NoChopBlanks: b_mediumblob should not have blanks chopped
ok 139 - NoChopBlanks: b_longblob should not have blanks chopped
ok 140
ok 141
ok 142 - ChopBlanks: c_varchar should have blanks chopped
ok 143 - ChopBlanks: c_text should have blanks chopped
ok 144 - ChopBlanks: c_tinytext should have blanks chopped
ok 145 - ChopBlanks: c_mediumtext should have blanks chopped
ok 146 - ChopBlanks: c_longtext should have blanks chopped
ok 147 - ChopBlanks: b_blob should not have blanks chopped
ok 148 - ChopBlanks: b_tinyblob should not have blanks chopped
ok 149 - ChopBlanks: b_mediumblob should not have blanks chopped
ok 150 - ChopBlanks: b_longblob should not have blanks chopped
ok 151 - insert into dbd_mysql_t50chopblanks values (3 , ' a b c ', ' a b c ', ' a b c ', ' a b c ', ' a b c ', ' a b c ', ' a b c ', ' a b c ', ' a b c ')
ok 152 - select c_varchar, c_text, c_tinytext, c_mediumtext, c_longtext, b_blob, b_tinyblob, b_mediumblob, b_longblob from dbd_mysql_t50chopblanks where id = 3
ok 153
ok 154 - NoChopBlanks: c_varchar should not have blanks chopped
ok 155 - NoChopBlanks: c_text should not have blanks chopped
ok 156 - NoChopBlanks: c_tinytext should not have blanks chopped
ok 157 - NoChopBlanks: c_mediumtext should not have blanks chopped
ok 158 - NoChopBlanks: c_longtext should not have blanks chopped
ok 159 - NoChopBlanks: b_blob should not have blanks chopped
ok 160 - NoChopBlanks: b_tinyblob should not have blanks chopped
ok 161 - NoChopBlanks: b_mediumblob should not have blanks chopped
ok 162 - NoChopBlanks: b_longblob should not have blanks chopped
ok 163
ok 164
ok 165 - ChopBlanks: c_varchar should have blanks chopped
ok 166 - ChopBlanks: c_text should have blanks chopped
ok 167 - ChopBlanks: c_tinytext should have blanks chopped
ok 168 - ChopBlanks: c_mediumtext should have blanks chopped
ok 169 - ChopBlanks: c_longtext should have blanks chopped
ok 170 - ChopBlanks: b_blob should not have blanks chopped
ok 171 - ChopBlanks: b_tinyblob should not have blanks chopped
ok 172 - ChopBlanks: b_mediumblob should not have blanks chopped
ok 173 - ChopBlanks: b_longblob should not have blanks chopped
ok 174 - insert into dbd_mysql_t50chopblanks values (4 , 'blah', 'blah', 'blah', 'blah', 'blah', 'blah', 'blah', 'blah', 'blah')
ok 175 - select c_varchar, c_text, c_tinytext, c_mediumtext, c_longtext, b_blob, b_tinyblob, b_mediumblob, b_longblob from dbd_mysql_t50chopblanks where id = 4
ok 176
ok 177 - NoChopBlanks: c_varchar should not have blanks chopped
ok 178 - NoChopBlanks: c_text should not have blanks chopped
ok 179 - NoChopBlanks: c_tinytext should not have blanks chopped
ok 180 - NoChopBlanks: c_mediumtext should not have blanks chopped
ok 181 - NoChopBlanks: c_longtext should not have blanks chopped
ok 182 - NoChopBlanks: b_blob should not have blanks chopped
ok 183 - NoChopBlanks: b_tinyblob should not have blanks chopped
ok 184 - NoChopBlanks: b_mediumblob should not have blanks chopped
ok 185 - NoChopBlanks: b_longblob should not have blanks chopped
ok 186
ok 187
ok 188 - ChopBlanks: c_varchar should have blanks chopped
ok 189 - ChopBlanks: c_text should have blanks chopped
ok 190 - ChopBlanks: c_tinytext should have blanks chopped
ok 191 - ChopBlanks: c_mediumtext should have blanks chopped
ok 192 - ChopBlanks: c_longtext should have blanks chopped
ok 193 - ChopBlanks: b_blob should not have blanks chopped
ok 194 - ChopBlanks: b_tinyblob should not have blanks chopped
ok 195 - ChopBlanks: b_mediumblob should not have blanks chopped
ok 196 - ChopBlanks: b_longblob should not have blanks chopped
ok 197
ok 198
ok 199 - drop dbd_mysql_t50chopblanks
ok 200
1..200
ok
t/50commit.t ............................ 
1..13
ok 1 - drop table if exists dbd_mysql_t50commit
ok 2 - create dbd_mysql_t50commit
ok 3
ok 4
ok 5
ok 6
ok 7
ok 8
ok 9
ok 10
ok 11 - Should be warning defined upon rollback of non-trx table
ok 12
ok 13
ok
t/51bind_type_guessing.t ................ 
1..26
ok 1 - drop table if exists dbd_mysql_t51bind_type_guessing
ok 2 - creating table
ok 3
ok 4
ok 5
ok 6
ok 7
ok 8
ok 9
ok 10
ok 11
ok 12
ok 13
ok 14
ok 15
ok 16 - drop table if exists dbd_mysql_t51bind_type_guessing
ok 17 - creating table w/ varchar
ok 18
ok 19
ok 20
ok 21
ok 22
ok 23
ok 24
ok 25
ok 26
ok
t/52comment.t ........................... 
1..30
ok 1 - drop table if exists dbd_mysql_t52comment
ok 2 - creating table
ok 3
ok 4
ok 5
ok 6
ok 7
ok 8
ok 9
ok 10
ok 11
ok 12
ok 13
ok 14
ok 15
ok 16
ok 17
ok 18
ok 19
ok 20
ok 21
ok 22
ok 23
ok 24
ok 25
ok 26
ok 27
ok 28
ok 29 - drop table if exists dbd_mysql_t52comment
ok 30
ok
t/53comment.t ........................... 
ok 1 - creating table
ok 2
ok 3
ok 4
ok 5
ok 6
ok 7
ok 8
ok 9
ok 10
ok 11
ok 12
ok 13
ok 14
ok 15
ok 16
ok 17
ok 18
ok 19
ok 20
ok 21
ok 22
ok 23
ok 24
ok 25
ok 26
ok 27
1..27
ok
t/55utf8.t .............................. 
1..32
ok 1
ok 2
ok 3 - testing quoting of utf 8 string
ok 4 - testing quoting of blob
ok 5 - INSERT query INSERT INTO dbd_mysql_t55utf8 (name, bincol, shape, binutf, profile)
#     VALUES (?, ?, ST_GeomFromText('Point(132865 501937)'), ?, ?)
# 
# 
ok 6
ok 7
ok 8
ok 9
ok 10
ok 11 - blob was made utf8!.
ok 12 - shape was made utf8!.
ok 13 - compare Ādam eq Ādam
ok 14
ok 15
ok 16
ok 17
ok 18
ok 19 - testing quoting of utf 8 string
ok 20 - testing quoting of blob
ok 21 - INSERT query INSERT INTO dbd_mysql_t55utf8 (name, bincol, shape, binutf, profile)
#     VALUES (?, ?, ST_GeomFromText('Point(132865 501937)'), ?, ?)
# 
# 
ok 22
ok 23
ok 24
ok 25
ok 26
ok 27 - blob was made utf8!.
ok 28 - shape was made utf8!.
ok 29 - compare Ādam eq Ādam
ok 30
ok 31
ok 32
ok
t/55utf8mb4.t ........................... 
ok 1
ok 2
ok 3 - fetch row
ok 4 - close sth
ok 5
ok 6
1..6
ok
t/56connattr.t .......................... skipped: performance schema not enabled
t/60leaks.t ............................. skipped: Skip $ENV{EXTENDED_TESTING} is not set
t/65segfault.t .......................... 
1..5
ok 1 - Handle 1 Connected to database
ok 2 - Handle 2 Connected to database
ok 3
ok 4
ok 5
ok
t/65types.t ............................. 
1..19
ok 1
ok 2
ok 3 - prepare: 
ok 4
ok 5
ok 6
ok 7
ok 8
ok 9
ok 10 - prepare: 
ok 11
ok 12
ok 13
ok 14
ok 15
ok 16
ok 17
ok 18
ok 19
ok
2020-02-25  3:34:09 66 [Warning] Aborted connection 66 to db: 'test' user: 'user42' host: '' (Got an error reading communication packets)
t/70takeimp.t ........................... 
1..21
ok 1 - obtained driver handle
ok 2 - connected to database
ok 3 - Initial connection: 66
# 
ok 4 - Driver handle defined
# 
ok 5 - Didn't get imp_data
ok 6 - test that our imp_data is greater than or equal to 80, actual 192
ok 7 - our Driver should have 0 Kid(s) after calling take_imp_data
ok 8 - ... our Driver should be undefined
ok 9 - our TraceLevel should be undefined
ok 10 - disconnect should return undef
ok 11 - quote should return undefined
ok 12 - we should have received 4 warnings
# Overridden connection: 66
ok 13 - the same connection: 66 => 66
# 
ok 14 - can't get the driver
# 
ok 15 - isa test
ok 16 - our Driver should have 1 Kid(s) again: having 1
# 
ok 17 - our Driver should have 1 ActiveKid again: having 1
# 
ok 18
ok 19
ok 20
ok 21 - didn't get imp_data
ok
t/71impdata.t ........................... 
1..10
ok 1 - Connected to database
ok 2 - Obtained driver handle
ok 3 - 1 kid
ok 4 - 1 active kid
ok 5 - no kids
ok 6 - no active kids
ok 7 - got same session
ok 8 - 1 kid
ok 9 - 1 active kid
ok 10 - Disconnect OK
ok
t/75supported_sql.t ..................... 
1..12
ok 1
ok 2 - create dbd_mysql_t75supported
ok 3
ok 4
ok 5
ok 6 - $row->[0] eq dbd_mysql_t75supported
ok 7
ok 8 - drop dbd_mysql_t75supported
ok 9 - creating dbd_mysql_t75supported again with 1 col
ok 10 - alter dbd_mysql_t75supported ADD COLUMN
ok 11 - drop dbd_mysql_t75supported
ok 12
ok
t/76multi_statement.t ................... 
1..26
ok 1 - Connected to database with multi statement support
ok 2 - init connection SQL_MODE non strict
ok 3 - clean up
ok 4 - create table
ok 5 - 2 inserts
ok 6 - 2 more inserts
ok 7
ok 8 - Execute updates
ok 9 - First update affected 1 row
ok 10 - First update had no warnings
ok 11 - Statement handle is Active
ok 12
ok 13 - Second update affected 2 rows
ok 14 - Second update had 2 warnings
ok 15
ok 16
ok 17 - Execute updates again
ok 18
ok 19 - Delete all rows
ok 20 - do() reports errors
ok 21
ok 22 - Execute updates
ok 23 - Err was not set after execute
ok 24
ok 25 - Err was set after more_results
ok 26
ok
t/80procs.t ............................. 
1..31
ok 1
ok 2
ok 3 - DROP PROCEDURE
ok 4
ok 5
ok 6
ok 7
ok 8
ok 9
ok 10
ok 11
ok 12
ok 13
ok 14 - num_of_fields == 1
ok 15
ok 16
ok 17 - 1 row in resultset
ok 18
ok 19 - NUM_OF_FIELDS == 2
ok 20
ok 21
ok 22 - 2 rows in resultset
ok 23
ok 24 - NUM_OF_FIELDS == 3
ok 25
ok 26
ok 27 - 3 Rows in resultset
ok 28
ok 29 - NUM_OF_FIELDS == 0
ok 30
ok 31
ok
t/81procs.t ............................. 
1..32
ok 1
ok 2
ok 3
ok 4
ok 5
ok 6
ok 7
ok 8
ok 9
ok 10
ok 11
ok 12
ok 13
ok 14 - num_of_fields == 1
ok 15
ok 16
ok 17 - 1 row in resultset
ok 18
ok 19 - NUM_OF_FIELDS == 2
ok 20
ok 21
ok 22 - 2 rows in resultset
ok 23
ok 24 - NUM_OF_FIELDS == 3
ok 25
ok 26
ok 27 - 3 Rows in resultset
ok 28 - each CALL returns a result to indicate the call status
ok 29 - NUM_OF_FIELDS == 0
ok 30
ok 31
ok 32
ok
t/85init_command.t ...................... 
1..5
ok 1 - Connected to database
ok 2
ok 3
ok 4
ok 5 - session variable is 7
ok
t/86_bug_36972.t ........................ 
1..11
ok 1 - connecting
ok 2 - making slate clean
ok 3 - creating test table
ok 4
ok 5 - binding int
ok 6 - binding smallint
ok 7 - binding tinyint
ok 8 - binding bigint
ok 9 - inserting data
ok 10
ok 11 - cleaning up
ok
t/87async.t ............................. 
1..92
ok 1
ok 2
ok 3
ok 4
ok 5
ok 6
ok 7
ok 8
ok 9
ok 10
ok 11
ok 12
ok 13
ok 14
ok 15
ok 16
ok 17
ok 18
ok 19
ok 20
ok 21
ok 22
ok 23
ok 24
ok 25
ok 26
ok 27
ok 28
ok 29
ok 30
ok 31
ok 32
ok 33
ok 34
ok 35
ok 36
ok 37
ok 38
ok 39
ok 40
ok 41
ok 42
ok 43
ok 44
ok 45
ok 46
ok 47
ok 48
ok 49
ok 50
ok 51
ok 52
ok 53
ok 54
ok 55
ok 56
ok 57
ok 58
ok 59
ok 60
ok 61
ok 62
ok 63
ok 64
ok 65
ok 66
ok 67
ok 68
ok 69
ok 70
ok 71
ok 72
ok 73
ok 74
ok 75
ok 76
ok 77
ok 78
ok 79
ok 80
ok 81
ok 82
ok 83
ok 84
ok 85
ok 86
ok 87
ok 88
ok 89
ok 90
ok 91
ok 92
ok
t/88async-multi-stmts.t ................. 
1..8
ok 1
ok 2
ok 3
ok 4
ok 5
ok 6
ok 7
ok 8
ok
t/89async-method-check.t ................ 
1..232
ok 1 - Testing method 'can' on DBD::mysql::db during asynchronous operation
ok 2
ok 3 - Testing method 'err' on DBD::mysql::db during asynchronous operation
ok 4
ok 5 - Testing method 'errstr' on DBD::mysql::db during asynchronous operation
ok 6
ok 7 - Testing method 'parse_trace_flag' on DBD::mysql::db during asynchronous operation
ok 8
ok 9 - Testing method 'parse_trace_flags' on DBD::mysql::db during asynchronous operation
ok 10
ok 11 - Testing method 'private_attribute_info' on DBD::mysql::db during asynchronous operation
ok 12
ok 13 - Testing method 'trace' on DBD::mysql::db during asynchronous operation
ok 14
ok 15 - Testing method 'trace_msg' on DBD::mysql::db during asynchronous operation
ok 16
ok 17 - Testing method 'visit_child_handles' on DBD::mysql::db during asynchronous operation
ok 18
ok 19 - Testing method 'clone' on DBD::mysql::db during asynchronous operation
ok 20
ok 21 - Testing method 'mysql_async_ready' on DBD::mysql::db during asynchronous operation
ok 22
ok 23
ok 24 - Testing method 'data_sources' on DBD::mysql::db during asynchronous operation
ok 25
ok 26 - Testing method 'do' on DBD::mysql::db during asynchronous operation
ok 27
ok 28 - Testing method 'last_insert_id' on DBD::mysql::db during asynchronous operation
ok 29
ok 30 - Testing method 'selectrow_array' on DBD::mysql::db during asynchronous operation
ok 31
ok 32 - Testing method 'selectrow_arrayref' on DBD::mysql::db during asynchronous operation
ok 33
ok 34 - Testing method 'selectrow_hashref' on DBD::mysql::db during asynchronous operation
ok 35
ok 36 - Testing method 'selectall_arrayref' on DBD::mysql::db during asynchronous operation
ok 37
ok 38 - Testing method 'selectall_hashref' on DBD::mysql::db during asynchronous operation
ok 39
ok 40 - Testing method 'selectcol_arrayref' on DBD::mysql::db during asynchronous operation
ok 41
ok 42 - Testing method 'prepare' on DBD::mysql::db during asynchronous operation
ok 43
ok 44 - Testing method 'prepare_cached' on DBD::mysql::db during asynchronous operation
ok 45
ok 46 - Testing method 'commit' on DBD::mysql::db during asynchronous operation
ok 47
ok 48 - Testing method 'rollback' on DBD::mysql::db during asynchronous operation
ok 49
ok 50 - Testing method 'begin_work' on DBD::mysql::db during asynchronous operation
ok 51
ok 52 - Testing method 'ping' on DBD::mysql::db during asynchronous operation
ok 53
ok 54 - Testing method 'get_info' on DBD::mysql::db during asynchronous operation
ok 55
ok 56 - Testing method 'table_info' on DBD::mysql::db during asynchronous operation
ok 57
ok 58 - Testing method 'column_info' on DBD::mysql::db during asynchronous operation
ok 59
ok 60 - Testing method 'primary_key_info' on DBD::mysql::db during asynchronous operation
ok 61
ok 62 - Testing method 'primary_key' on DBD::mysql::db during asynchronous operation
ok 63
ok 64 - Testing method 'foreign_key_info' on DBD::mysql::db during asynchronous operation
ok 65
ok 66 - Testing method 'statistics_info' on DBD::mysql::db during asynchronous operation
ok 67
ok 68 - Testing method 'tables' on DBD::mysql::db during asynchronous operation
ok 69
ok 70 - Testing method 'type_info_all' on DBD::mysql::db during asynchronous operation
ok 71
ok 72 - Testing method 'type_info' on DBD::mysql::db during asynchronous operation
ok 73
ok 74 - Testing method 'quote' on DBD::mysql::db during asynchronous operation
ok 75
ok 76 - Testing method 'quote_identifier' on DBD::mysql::db during asynchronous operation
ok 77
ok 78 - Testing method 'can' on DBD::mysql::db during asynchronous operation
ok 79
ok 80
ok 81 - Testing method 'err' on DBD::mysql::db during asynchronous operation
ok 82
ok 83
ok 84 - Testing method 'errstr' on DBD::mysql::db during asynchronous operation
ok 85
ok 86
ok 87 - Testing method 'parse_trace_flag' on DBD::mysql::db during asynchronous operation
ok 88
ok 89
ok 90 - Testing method 'parse_trace_flags' on DBD::mysql::db during asynchronous operation
ok 91
ok 92
ok 93 - Testing method 'private_attribute_info' on DBD::mysql::db during asynchronous operation
ok 94
ok 95
ok 96 - Testing method 'trace' on DBD::mysql::db during asynchronous operation
ok 97
ok 98
ok 99 - Testing method 'trace_msg' on DBD::mysql::db during asynchronous operation
ok 100
ok 101
ok 102 - Testing method 'visit_child_handles' on DBD::mysql::db during asynchronous operation
ok 103
ok 104
ok 105 - Testing method 'fetchrow_arrayref' on DBD::mysql::st during asynchronous operation
ok 106 - Testing DBD::mysql::st method 'fetchrow_arrayref' for async result
ok 107 - Testing DBD::mysql::st method 'fetchrow_arrayref' for async result
ok 108 - Testing method 'fetch' on DBD::mysql::st during asynchronous operation
ok 109 - Testing DBD::mysql::st method 'fetch' for async result
ok 110 - Testing DBD::mysql::st method 'fetch' for async result
ok 111 - Testing method 'fetchrow_array' on DBD::mysql::st during asynchronous operation
ok 112 - Testing DBD::mysql::st method 'fetchrow_array' for async result
ok 113 - Testing DBD::mysql::st method 'fetchrow_array' for async result
ok 114 - Testing method 'fetchrow_hashref' on DBD::mysql::st during asynchronous operation
ok 115 - Testing DBD::mysql::st method 'fetchrow_hashref' for async result
ok 116 - Testing DBD::mysql::st method 'fetchrow_hashref' for async result
ok 117 - Testing method 'fetchall_arrayref' on DBD::mysql::st during asynchronous operation
ok 118 - Testing DBD::mysql::st method 'fetchall_arrayref' for async result
ok 119 - Testing DBD::mysql::st method 'fetchall_arrayref' for async result
ok 120 - Testing method 'fetchall_hashref' on DBD::mysql::st during asynchronous operation
ok 121 - Testing DBD::mysql::st method 'fetchall_hashref' for async result
ok 122 - Testing DBD::mysql::st method 'fetchall_hashref' for async result
ok 123 - Testing method 'finish' on DBD::mysql::st during asynchronous operation
ok 124 - Testing DBD::mysql::st method 'finish' for async result
ok 125 - Testing DBD::mysql::st method 'finish' for async result
ok 126 - Testing method 'rows' on DBD::mysql::st during asynchronous operation
ok 127 - Testing DBD::mysql::st method 'rows' for async result
ok 128 - Testing DBD::mysql::st method 'rows' for async result
ok 129
ok 130
ok 131
ok 132
ok 133
ok 134
ok 135
ok 136
ok 137
ok 138
ok 139
ok 140
ok 141
ok 142
ok 143
ok 144
ok 145
ok 146
ok 147
ok 148
ok 149
ok 150
ok 151
ok 152
ok 153
ok 154
ok 155
ok 156
ok 157
ok 158
ok 159
ok 160
ok 161
ok 162
ok 163
ok 164
ok 165
ok 166
ok 167
ok 168
ok 169
ok 170
ok 171
ok 172
ok 173
ok 174
ok 175
ok 176
ok 177
ok 178
ok 179
ok 180
ok 181
ok 182
ok 183
ok 184
ok 185
ok 186
ok 187
ok 188
ok 189
ok 190
ok 191
ok 192
ok 193
ok 194
ok 195
ok 196
ok 197
ok 198
ok 199
ok 200
ok 201
ok 202
ok 203
ok 204
ok 205
ok 206
ok 207
ok 208
ok 209
ok 210
ok 211
ok 212
ok 213
ok 214
ok 215 - Testing method 'bind_param' on DBD::mysql::st during asynchronous operation
ok 216
ok 217 - Testing method 'bind_param_inout' on DBD::mysql::st during asynchronous operation
ok 218
ok 219 - Testing method 'bind_param_array' on DBD::mysql::st during asynchronous operation
ok 220
ok 221 - Testing method 'execute' on DBD::mysql::st during asynchronous operation
ok 222
ok 223 - Testing method 'execute_array' on DBD::mysql::st during asynchronous operation
ok 224
ok 225 - Testing method 'execute_for_fetch' on DBD::mysql::st during asynchronous operation
ok 226
ok 227 - Testing method 'bind_col' on DBD::mysql::st during asynchronous operation
ok 228
ok 229 - Testing method 'bind_columns' on DBD::mysql::st during asynchronous operation
ok 230
ok 231
ok 232
ok
t/91errcheck.t .......................... 
1..1
ok 1 - error string should be set on a bad call
ok
t/92ssl_backronym_vulnerability.t ....... 
1..4
ok 1 - DBD::mysql refused connection to non-SSL server with mysql_ssl=1 and correct user and password
ok 2 - DBD::mysql error message is SSL related
ok 3 - DBD::mysql refused connection to non-SSL server with mysql_ssl=1, mysql_ssl_verify_server_cert=1 and correct user and password
ok 4 - DBD::mysql error message is SSL related
ok
t/92ssl_optional.t ...................... 
1..2
ok 1 - DBD::mysql supports mysql_ssl_optional=1 and connect via plain text protocol when SSL is not supported by server
ok 2 - DBD::mysql supports mysql_ssl_optional=1 and connect via plain text protocol when SSL is not supported by server even with mysql_ssl_ca_file
ok
t/92ssl_riddle_vulnerability.t .......... 
1..4
ok 1 - DBD::mysql refused connection to non-SSL server with mysql_ssl=1 and incorrect user and password
ok 2 - DBD::mysql error message is SSL related
ok 3 - DBD::mysql refused connection to non-SSL server with mysql_ssl=1, mysql_ssl_verify_server_cert=1 and incorrect user and password
ok 4 - DBD::mysql error message is SSL related
ok
t/99_bug_server_prepare_blob_null.t ..... 
1..11
ok 1
ok 2
ok 3
ok 4
ok 5
ok 6
ok 7
ok 8
ok 9
ok 10
ok 11
ok
t/manifest.t ............................ skipped: these tests are for release testing
t/pod.t ................................. skipped: Test::Pod 1.00 required for testing POD
t/rt110983-valid-mysqlfd.t .............. 
1..4
ok 1 - $dbh->mysql_fd returns valid file descriptor when $dbh connection is open
ok 2 - $dbh->{sockfd} returns valid file descriptor when $dbh connection is open
ok 3 - $dbh->mysql_fd returns undef when $dbh connection was closed
ok 4 - $dbh->{sockfd} returns undef when $dbh connection was closed
ok
t/rt118977-zerofill.t ................... 
1..8
ok 1
ok 2
ok 3
ok 4
ok 5
ok 6
ok 7
ok 8
ok
t/rt25389-bin-case.t .................... 
1..8
ok 1 - select name from `dbd-mysql-latin1-`
ok 2 - select name from `dbd-mysql-latin1-` where name = 'AA' OR name = 'Aa' OR name = 'aa' OR name = 'aA'
ok 3 - select name from `dbd-mysql-latin1-unique`
ok 4 - select name from `dbd-mysql-latin1-unique` where name = 'AA' OR name = 'Aa' OR name = 'aa' OR name = 'aA'
ok 5 - select name from `dbd-mysql-utf8-`
ok 6 - select name from `dbd-mysql-utf8-` where name = 'AA' OR name = 'Aa' OR name = 'aa' OR name = 'aA'
ok 7 - select name from `dbd-mysql-utf8-unique`
ok 8 - select name from `dbd-mysql-utf8-unique` where name = 'AA' OR name = 'Aa' OR name = 'aa' OR name = 'aA'
ok
t/rt50304-column_info_parentheses.t ..... 
ok 1
ok 2 - create table dbd_mysql_rt50304_column_info
ok 3 - problem_column values
ok 4 - problem_column first value
ok 5 - problem_column second value
ok 6 - regular_column values
ok 7 - regular_column first value
ok 8 - regular_column second value
ok 9
ok 10
1..10
ok
t/rt61849-bind-param-buffer-overflow.t .. 
1..2
ok 1 - bind_param failed on incorrect numeric value
ok 2 - perl interpreter did not crash
ok
t/rt75353-innodb-lock-timeout.t ......... 
ok 1 - drop table if exists dbd_mysql_rt75353_innodb_lock_timeout
ok 2 - create table dbd_mysql_rt75353_innodb_lock_timeout
ok 3 - dbh1: acquire a row lock on table dbd_mysql_rt75353_innodb_lock_timeout
ok 4 - dbh2: acquiring same lock as dbh1 on table dbd_mysql_rt75353_innodb_lock_timeout failed
ok 5 - dbh2: error message for acquiring lock is 'Lock wait timeout exceeded'
ok 6 - dbh2: error handler code ref was called
ok 7 - drop table dbd_mysql_rt75353_innodb_lock_timeout
1..7
ok
t/rt83494-quotes-comments.t ............. 
ok 1 - created statement hande
ok 2 - executing
ok 3 - values
ok 4 - finish
ok 5 - created statement hande
ok 6 - executing
ok 7 - values
ok 8 - finish
ok 9 - disconnecting from dbh
1..9
ok
2020-02-25  3:34:33 99 [Warning] Aborted connection 99 to db: 'test' user: 'user42' host: '' (Got timeout reading communication packets)
t/rt85919-fetch-lost-connection.t ....... 
# Connecting...
ok 1 - set wait_timeout
# Sleeping...
ok 2 - prepare SQL
ok 3 - received error 2006 (CR_SERVER_GONE_ERROR)
1..3
ok
t/rt86153-reconnect-fail-memory.t ....... skipped: $ENV{EXTENDED_TESTING} is not set
t/rt88006-bit-prepare.t ................. 
ok 1 - create table for prepare
ok 2
ok 3
ok 4
ok 5
ok 6
ok 7
ok 8
ok 9
ok 10 - fetchrow_hashref for prepare
ok 11 - id test contents
ok 12 - flags has contents
ok 13
ok 14
ok 15
ok 16 - fetchrow_hashref for prepare with more then 32 bits
ok 17 - id test contents
ok 18 - flags has contents
ok 19
ok 20
ok 21
ok 22 - fetchrow_hashref for prepare with binary insert
ok 23 - id test contents
ok 24 - flags has contents
ok 25
ok 26
ok 27
ok 28 - fetchrow_hashref for prepare with BIN()
ok 29 - id test contents
ok 30 - flags has contents
ok 31
ok 32
ok 33 - fetchrow_hashref for prepare with BIN() and more then 32 bits
ok 34 - id test contents
ok 35 - flags has contents
ok 36
ok 37
ok 38 - fetchrow_hashref for prepare with BIN() and with binary insert
ok 39 - id test contents
ok 40 - flags has contents
ok 41
ok 42
ok 43 - create table for noprepare
ok 44
ok 45
ok 46
ok 47
ok 48
ok 49
ok 50
ok 51
ok 52 - fetchrow_hashref for noprepare
ok 53 - id test contents
ok 54 - flags has contents
ok 55
ok 56
ok 57
ok 58 - fetchrow_hashref for noprepare with more then 32 bits
ok 59 - id test contents
ok 60 - flags has contents
ok 61
ok 62
ok 63
ok 64 - fetchrow_hashref for noprepare with binary insert
ok 65 - id test contents
ok 66 - flags has contents
ok 67
ok 68
ok 69
ok 70 - fetchrow_hashref for noprepare with BIN()
ok 71 - id test contents
ok 72 - flags has contents
ok 73
ok 74
ok 75 - fetchrow_hashref for noprepare with BIN() and more then 32 bits
ok 76 - id test contents
ok 77 - flags has contents
ok 78
ok 79
ok 80 - fetchrow_hashref for noprepare with BIN() and with binary insert
ok 81 - id test contents
ok 82 - flags has contents
ok 83
ok 84
1..84
ok
t/rt91715.t ............................. 
1..6
ok 1
ok 2
ok 3 - mysql_use_result set to 0
ok 4
ok 5
ok 6 - mysql_use_result set to 1
ok
t/version.t ............................. 
ok 1 - version format
ok 2 - version starts with "4." (update for 5.x)
ok 3 - VERSION strings should be the same in all .pm files in dist
1..3
ok
All tests successful.
Files=73, Tests=2313, 32 wallclock secs ( 0.32 usr  0.08 sys +  4.57 cusr  0.80 csys =  5.77 CPU)
Result: PASS
make[2]: Leaving directory '/<<PKGBUILDDIR>>'
# tear down mariadb/mysql server
sh /<<PKGBUILDDIR>>/debian/tests/pkg-perl/smoke-cleanup
2020-02-25  3:34:36 0 [Note] /usr/sbin/mysqld (initiated by: [root] @ localhost []): Normal shutdown
2020-02-25  3:34:36 0 [Note] InnoDB: FTS optimize thread exiting.
2020-02-25  3:34:36 0 [Note] InnoDB: Starting shutdown...
2020-02-25  3:34:36 0 [Note] InnoDB: Dumping buffer pool(s) to /<<PKGBUILDDIR>>/t/testdb/ib_buffer_pool
2020-02-25  3:34:36 0 [Note] InnoDB: Buffer pool(s) dump completed at 200225  3:34:36
2020-02-25  3:34:37 0 [Note] InnoDB: Shutdown completed; log sequence number 2416144; transaction id 1558
2020-02-25  3:34:37 0 [Note] InnoDB: Removed temporary tablespace data file: "ibtmp1"
2020-02-25  3:34:37 0 [Note] /usr/sbin/mysqld: Shutdown complete

make[1]: Leaving directory '/<<PKGBUILDDIR>>'
   create-stamp debian/debhelper-build-stamp
 fakeroot debian/rules binary
dh binary --with perl_dbi
   dh_testroot
   dh_prep
   debian/rules override_dh_auto_install
make[1]: Entering directory '/<<PKGBUILDDIR>>'
dh_auto_install
	make -j4 install DESTDIR=/<<PKGBUILDDIR>>/debian/libdbd-mysql-perl AM_UPDATE_INFO_DIR=no PREFIX=/usr
make[2]: Entering directory '/<<PKGBUILDDIR>>'
"/usr/bin/perl" -MExtUtils::Command::MM -e 'cp_nonempty' -- mysql.bs blib/arch/auto/DBD/mysql/mysql.bs 644
Manifying 3 pod documents
Files found in blib/arch: installing files in blib/lib into architecture dependent library tree
Installing /<<PKGBUILDDIR>>/debian/libdbd-mysql-perl/usr/lib/x86_64-linux-gnu/perl5/5.30/auto/DBD/mysql/mysql.so
Installing /<<PKGBUILDDIR>>/debian/libdbd-mysql-perl/usr/lib/x86_64-linux-gnu/perl5/5.30/DBD/mysql.pm
Installing /<<PKGBUILDDIR>>/debian/libdbd-mysql-perl/usr/lib/x86_64-linux-gnu/perl5/5.30/DBD/mysql/GetInfo.pm
Installing /<<PKGBUILDDIR>>/debian/libdbd-mysql-perl/usr/lib/x86_64-linux-gnu/perl5/5.30/DBD/mysql/INSTALL.pod
Installing /<<PKGBUILDDIR>>/debian/libdbd-mysql-perl/usr/lib/x86_64-linux-gnu/perl5/5.30/Bundle/DBD/mysql.pm
Installing /<<PKGBUILDDIR>>/debian/libdbd-mysql-perl/usr/share/man/man3/DBD::mysql.3pm
Installing /<<PKGBUILDDIR>>/debian/libdbd-mysql-perl/usr/share/man/man3/DBD::mysql::INSTALL.3pm
Installing /<<PKGBUILDDIR>>/debian/libdbd-mysql-perl/usr/share/man/man3/Bundle::DBD::mysql.3pm
make[2]: Leaving directory '/<<PKGBUILDDIR>>'
find /<<PKGBUILDDIR>>/debian/libdbd-mysql-perl/usr -name '*.pod' | xargs -r chmod 0644
[ ! -f /<<PKGBUILDDIR>>/debian/libdbd-mysql-perl//usr/lib/x86_64-linux-gnu/perl5/5.30/DBD/mysql/INSTALL.pod ]           || rm -f -v /<<PKGBUILDDIR>>/debian/libdbd-mysql-perl//usr/lib/x86_64-linux-gnu/perl5/5.30/DBD/mysql/INSTALL.pod
removed '/<<PKGBUILDDIR>>/debian/libdbd-mysql-perl//usr/lib/x86_64-linux-gnu/perl5/5.30/DBD/mysql/INSTALL.pod'
[ ! -d /<<PKGBUILDDIR>>/debian/libdbd-mysql-perl//usr/lib/x86_64-linux-gnu/perl5/5.30/Bundle/ ]                         || rm -f -vr /<<PKGBUILDDIR>>/debian/libdbd-mysql-perl//usr/lib/x86_64-linux-gnu/perl5/5.30/Bundle/
removed '/<<PKGBUILDDIR>>/debian/libdbd-mysql-perl//usr/lib/x86_64-linux-gnu/perl5/5.30/Bundle/DBD/mysql.pm'
removed directory '/<<PKGBUILDDIR>>/debian/libdbd-mysql-perl//usr/lib/x86_64-linux-gnu/perl5/5.30/Bundle/DBD'
removed directory '/<<PKGBUILDDIR>>/debian/libdbd-mysql-perl//usr/lib/x86_64-linux-gnu/perl5/5.30/Bundle/'
[ ! -f /<<PKGBUILDDIR>>/debian/libdbd-mysql-perl/usr/share/man/man3/Bundle::DBD::mysql.3pm ]  || rm -f -v /<<PKGBUILDDIR>>/debian/libdbd-mysql-perl/usr/share/man/man3/Bundle::DBD::mysql.3pm
removed '/<<PKGBUILDDIR>>/debian/libdbd-mysql-perl/usr/share/man/man3/Bundle::DBD::mysql.3pm'
[ ! -f /<<PKGBUILDDIR>>/debian/libdbd-mysql-perl/usr/share/man/man3/DBD::mysql::INSTALL.3pm ] || rm -f -v /<<PKGBUILDDIR>>/debian/libdbd-mysql-perl/usr/share/man/man3/DBD::mysql::INSTALL.3pm
removed '/<<PKGBUILDDIR>>/debian/libdbd-mysql-perl/usr/share/man/man3/DBD::mysql::INSTALL.3pm'
make[1]: Leaving directory '/<<PKGBUILDDIR>>'
   dh_installdocs
   dh_installchangelogs
   dh_installman
   dh_perl
   dh_perl_dbi
   dh_link
   dh_strip_nondeterminism
   dh_compress
   dh_fixperms
   dh_missing
   dh_dwz
   dh_strip
   dh_makeshlibs
   dh_shlibdeps
   dh_installdeb
   dh_gencontrol
   dh_md5sums
   dh_builddeb
dpkg-deb: building package 'libdbd-mysql-perl' in '../libdbd-mysql-perl_4.050-3_amd64.deb'.
dpkg-deb: building package 'libdbd-mysql-perl-dbgsym' in '../libdbd-mysql-perl-dbgsym_4.050-3_amd64.deb'.
 dpkg-genbuildinfo --build=binary
 dpkg-genchanges --build=binary >../libdbd-mysql-perl_4.050-3_amd64.changes
dpkg-genchanges: info: binary-only upload (no source code included)
 dpkg-source --after-build .
dpkg-buildpackage: info: binary-only upload (no source included)
--------------------------------------------------------------------------------
Build finished at 2020-02-25T03:34:40Z

Finished
--------

I: Built successfully

+------------------------------------------------------------------------------+
| Changes                                                                      |
+------------------------------------------------------------------------------+


libdbd-mysql-perl_4.050-3_amd64.changes:
----------------------------------------

Format: 1.8
Date: Sat, 12 Oct 2019 23:55:51 +0200
Source: libdbd-mysql-perl
Binary: libdbd-mysql-perl libdbd-mysql-perl-dbgsym
Architecture: amd64
Version: 4.050-3
Distribution: unstable
Urgency: medium
Maintainer: Debian Perl Group <pkg-perl-maintainers@lists.alioth.debian.org>
Changed-By: gregor herrmann <gregoa@debian.org>
Description:
 libdbd-mysql-perl - Perl5 database interface to the MariaDB/MySQL database
Closes: 942093
Changes:
 libdbd-mysql-perl (4.050-3) unstable; urgency=medium
 .
   * Update autopkgtest setup.
     Only override smoke test instead of duplicating whole test stack.
     Replace ADTTMP with AUTOPKGTEST_TMP.
     Update debian/tests/control to match the one generated by autodp8.
   * Mark autopkgtest pkg-perl-autopkgtest-build-deps-{mysql,mariadb} as flaky.
     Sometimes mysql/mariadb have issues on ci.debian.net, like running out of
     memory, which shouldn't make this package's tests fail.
     Closes: #942093
   * Annotate test-only build dependencies with <!nocheck>.
   * Declare compliance with Debian Policy 4.4.1.
   * Bump debhelper-compat to 12.
   * debian/watch: use uscan version 4.
   * Remove obsolete fields Name, Contact from debian/upstream/metadata.
   * Update lintian override (changed output).
Checksums-Sha1:
 c73da979aedc78ce933dd7ae7a29c7f98c5eaa1c 93124 libdbd-mysql-perl-dbgsym_4.050-3_amd64.deb
 dce08e9408fa0d997040bad97c3c12fdb8d9ea00 7038 libdbd-mysql-perl_4.050-3_amd64.buildinfo
 11ea759c9a96cf034ef18bb0abfb46a537215555 118424 libdbd-mysql-perl_4.050-3_amd64.deb
Checksums-Sha256:
 926b1e662a39548502303e4f95a21757460875082a77675ffec684349634d459 93124 libdbd-mysql-perl-dbgsym_4.050-3_amd64.deb
 8e63f02fdf9d417853df7a3848c1b3e8075c3ae992fc88a2bafe3039e88d1577 7038 libdbd-mysql-perl_4.050-3_amd64.buildinfo
 0a1a5a426bc42b8e6b5b8f082b2054d6bba08303c78ff3d813f2ba5413e483b7 118424 libdbd-mysql-perl_4.050-3_amd64.deb
Files:
 ef0ad7f085409a2edbdeb4853ad56695 93124 debug optional libdbd-mysql-perl-dbgsym_4.050-3_amd64.deb
 52469d214c026983ac1d52e1c996d650 7038 perl optional libdbd-mysql-perl_4.050-3_amd64.buildinfo
 9d5af46135dab5d6a39771e204d5296f 118424 perl optional libdbd-mysql-perl_4.050-3_amd64.deb

+------------------------------------------------------------------------------+
| Buildinfo                                                                    |
+------------------------------------------------------------------------------+

Format: 1.0
Source: libdbd-mysql-perl
Binary: libdbd-mysql-perl
Architecture: amd64
Version: 4.050-3
Checksums-Md5:
 ef0ad7f085409a2edbdeb4853ad56695 93124 libdbd-mysql-perl-dbgsym_4.050-3_amd64.deb
 9d5af46135dab5d6a39771e204d5296f 118424 libdbd-mysql-perl_4.050-3_amd64.deb
Checksums-Sha1:
 c73da979aedc78ce933dd7ae7a29c7f98c5eaa1c 93124 libdbd-mysql-perl-dbgsym_4.050-3_amd64.deb
 11ea759c9a96cf034ef18bb0abfb46a537215555 118424 libdbd-mysql-perl_4.050-3_amd64.deb
Checksums-Sha256:
 926b1e662a39548502303e4f95a21757460875082a77675ffec684349634d459 93124 libdbd-mysql-perl-dbgsym_4.050-3_amd64.deb
 0a1a5a426bc42b8e6b5b8f082b2054d6bba08303c78ff3d813f2ba5413e483b7 118424 libdbd-mysql-perl_4.050-3_amd64.deb
Build-Origin: Debian
Build-Architecture: amd64
Build-Date: Tue, 25 Feb 2020 03:34:40 +0000
Build-Path: /<<PKGBUILDDIR>>
Installed-Build-Depends:
 adduser (= 3.118),
 autoconf (= 2.69-11.1),
 automake (= 1:1.16.1-4),
 autopoint (= 0.19.8.1-10),
 autotools-dev (= 20180224.1),
 base-files (= 11),
 base-passwd (= 3.5.47),
 bash (= 5.0-5),
 binutils (= 2.34-3),
 binutils-common (= 2.34-3),
 binutils-x86-64-linux-gnu (= 2.34-3),
 bsdmainutils (= 11.1.2+b1),
 bsdutils (= 1:2.34-0.1),
 build-essential (= 12.8),
 bzip2 (= 1.0.8-2),
 clang-10 (= 1:10.0.0~+rc2-1),
 coreutils (= 8.30-3+b1),
 cpp (= 4:9.2.1-3.1),
 cpp-9 (= 9.2.1-29),
 dash (= 0.5.10.2-6),
 debconf (= 1.5.73),
 debhelper (= 12.9),
 debianutils (= 4.9.1),
 default-libmysqlclient-dev (= 1.0.5),
 default-mysql-server (= 1.0.5),
 dh-autoreconf (= 19),
 dh-strip-nondeterminism (= 1.6.3-2),
 diffutils (= 1:3.7-3),
 dpkg (= 1.19.7),
 dpkg-dev (= 1.19.7),
 dwz (= 0.13-5),
 fdisk (= 2.34-0.1),
 file (= 1:5.38-4),
 findutils (= 4.7.0-1),
 g++ (= 4:9.2.1-3.1),
 g++-9 (= 9.2.1-29),
 galera-3 (= 25.3.29-1),
 gawk (= 1:5.0.1+dfsg-1),
 gcc (= 4:9.2.1-3.1),
 gcc-10-base (= 10-20200222-1),
 gcc-9 (= 9.2.1-29),
 gcc-9-base (= 9.2.1-29),
 gettext (= 0.19.8.1-10),
 gettext-base (= 0.19.8.1-10),
 grep (= 3.4-1),
 groff-base (= 1.22.4-4),
 gzip (= 1.9-3+b1),
 hostname (= 3.23),
 init-system-helpers (= 1.57),
 intltool-debian (= 0.35.0+20060710.5),
 iproute2 (= 5.5.0-1),
 lib32gcc-s1 (= 10-20200222-1),
 lib32gcc1 (= 1:10-20200222-1),
 lib32stdc++6 (= 10-20200222-1),
 libacl1 (= 2.2.53-5),
 libaio1 (= 0.3.112-5),
 libarchive-zip-perl (= 1.67-1),
 libasan5 (= 9.2.1-29),
 libatomic1 (= 10-20200222-1),
 libattr1 (= 1:2.4.48-5),
 libaudit-common (= 1:2.8.5-2),
 libaudit1 (= 1:2.8.5-2+b1),
 libbinutils (= 2.34-3),
 libblkid1 (= 2.34-0.1),
 libbsd0 (= 0.10.0-1),
 libbz2-1.0 (= 1.0.8-2),
 libc-bin (= 2.29-10),
 libc-dev-bin (= 2.29-10),
 libc6 (= 2.29-10),
 libc6-dev (= 2.29-10),
 libc6-i386 (= 2.29-10),
 libcap-ng0 (= 0.7.9-2.1+b1),
 libcap2 (= 1:2.32-1),
 libcap2-bin (= 1:2.32-1),
 libcc1-0 (= 10-20200222-1),
 libclang-common-10-dev (= 1:10.0.0~+rc2-1),
 libclang-cpp10 (= 1:10.0.0~+rc2-1),
 libclang1-10 (= 1:10.0.0~+rc2-1),
 libconfig-inifiles-perl (= 3.000002-1),
 libcroco3 (= 0.6.13-1),
 libcrypt-dev (= 1:4.4.10-10),
 libcrypt1 (= 1:4.4.10-10),
 libctf-nobfd0 (= 2.34-3),
 libctf0 (= 2.34-3),
 libdb5.3 (= 5.3.28+dfsg1-0.6),
 libdbi-perl (= 1.643-1),
 libdebconfclient0 (= 0.251),
 libdebhelper-perl (= 12.9),
 libdevel-checklib-perl (= 1.14-1),
 libdpkg-perl (= 1.19.7),
 libedit2 (= 3.1-20191231-1),
 libelf1 (= 0.176-1.1),
 libevent-2.1-7 (= 2.1.11-stable-1),
 libfdisk1 (= 2.34-0.1),
 libffi7 (= 3.3-3),
 libfile-stripnondeterminism-perl (= 1.6.3-2),
 libgc1c2 (= 1:7.6.4-0.4),
 libgcc-9-dev (= 9.2.1-29),
 libgcc-s1 (= 10-20200222-1),
 libgcc1 (= 1:10-20200222-1),
 libgcrypt20 (= 1.8.5-5),
 libgdbm-compat4 (= 1.18.1-5),
 libgdbm6 (= 1.18.1-5),
 libglib2.0-0 (= 2.62.4-2),
 libgmp-dev (= 2:6.2.0+dfsg-4),
 libgmp10 (= 2:6.2.0+dfsg-4),
 libgmpxx4ldbl (= 2:6.2.0+dfsg-4),
 libgnutls-dane0 (= 3.6.12-2),
 libgnutls-openssl27 (= 3.6.12-2),
 libgnutls28-dev (= 3.6.12-2),
 libgnutls30 (= 3.6.12-2),
 libgnutlsxx28 (= 3.6.12-2),
 libgomp1 (= 10-20200222-1),
 libgpg-error0 (= 1.37-1),
 libhogweed5 (= 3.5.1+really3.5.1-2),
 libicu63 (= 63.2-2),
 libidn2-0 (= 2.2.0-2),
 libidn2-dev (= 2.2.0-2),
 libisl22 (= 0.22.1-1),
 libitm1 (= 10-20200222-1),
 libllvm10 (= 1:10.0.0~+rc2-1),
 liblsan0 (= 10-20200222-1),
 liblz4-1 (= 1.9.2-2),
 liblzma5 (= 5.2.4-1+b1),
 libmagic-mgc (= 1:5.38-4),
 libmagic1 (= 1:5.38-4),
 libmariadb-dev (= 1:10.3.22-1),
 libmariadb-dev-compat (= 1:10.3.22-1),
 libmariadb3 (= 1:10.3.22-1),
 libmnl0 (= 1.0.4-2+b1),
 libmount1 (= 2.34-0.1),
 libmpc3 (= 1.1.0-1),
 libmpfr6 (= 4.0.2-1),
 libncurses6 (= 6.1+20191019-1),
 libncursesw6 (= 6.1+20191019-1),
 libnettle7 (= 3.5.1+really3.5.1-2),
 libobjc-9-dev (= 9.2.1-29),
 libobjc4 (= 10-20200222-1),
 libp11-kit-dev (= 0.23.20-1),
 libp11-kit0 (= 0.23.20-1),
 libpam-modules (= 1.3.1-5),
 libpam-modules-bin (= 1.3.1-5),
 libpam-runtime (= 1.3.1-5),
 libpam0g (= 1.3.1-5),
 libpcre2-8-0 (= 10.34-7),
 libpcre3 (= 2:8.39-12+b1),
 libperl5.30 (= 5.30.0-9),
 libpipeline1 (= 1.5.2-2),
 libpopt0 (= 1.16-14),
 libprocps8 (= 2:3.3.16-1+b1),
 libquadmath0 (= 10-20200222-1),
 libreadline5 (= 5.2+dfsg-3+b13),
 libreadline8 (= 8.0-3),
 libseccomp2 (= 2.4.2-2),
 libselinux1 (= 3.0-1+b1),
 libsemanage-common (= 3.0-1),
 libsemanage1 (= 3.0-1+b1),
 libsepol1 (= 3.0-1),
 libsigsegv2 (= 2.12-2),
 libsmartcols1 (= 2.34-0.1),
 libsnappy1v5 (= 1.1.8-1),
 libssl-dev (= 1.1.1d-2),
 libssl1.1 (= 1.1.1d-2),
 libstdc++-9-dev (= 9.2.1-29),
 libstdc++6 (= 10-20200222-1),
 libsub-override-perl (= 0.09-2),
 libsystemd0 (= 244.3-1),
 libtasn1-6 (= 4.16.0-2),
 libtasn1-6-dev (= 4.16.0-2),
 libtest-deep-perl (= 1.128-1),
 libtinfo6 (= 6.1+20191019-1),
 libtool (= 2.4.6-13),
 libtsan0 (= 10-20200222-1),
 libubsan1 (= 10-20200222-1),
 libuchardet0 (= 0.0.6-3),
 libudev1 (= 244.3-1),
 libunbound8 (= 1.9.6-2),
 libunistring2 (= 0.9.10-2),
 libuuid1 (= 2.34-0.1),
 libwrap0 (= 7.6.q-30),
 libxml2 (= 2.9.10+dfsg-3),
 libxtables12 (= 1.8.4-3),
 libz3-4 (= 4.8.7-4),
 linux-libc-dev (= 5.4.19-1),
 login (= 1:4.8.1-1),
 lsb-base (= 11.1.0),
 lsof (= 4.93.2+dfsg-1),
 m4 (= 1.4.18-4),
 make (= 4.2.1-1.2),
 man-db (= 2.9.0-2),
 mariadb-client-10.3 (= 1:10.3.22-1),
 mariadb-client-core-10.3 (= 1:10.3.22-1),
 mariadb-common (= 1:10.3.22-1),
 mariadb-server-10.3 (= 1:10.3.22-1),
 mariadb-server-core-10.3 (= 1:10.3.22-1),
 mawk (= 1.3.4.20200120-2),
 mysql-common (= 5.8+1.0.5),
 ncurses-base (= 6.1+20191019-1),
 ncurses-bin (= 6.1+20191019-1),
 nettle-dev (= 3.5.1+really3.5.1-2),
 passwd (= 1:4.8.1-1),
 patch (= 2.7.6-6),
 perl (= 5.30.0-9),
 perl-base (= 5.30.0-9),
 perl-modules-5.30 (= 5.30.0-9),
 po-debconf (= 1.0.21),
 procps (= 2:3.3.16-1+b1),
 psmisc (= 23.3-1),
 readline-common (= 8.0-3),
 rsync (= 3.1.3-8),
 sed (= 4.7-1),
 sensible-utils (= 0.0.12+nmu1),
 socat (= 1.7.3.3-2),
 sysvinit-utils (= 2.96-2.1),
 tar (= 1.30+dfsg-6+b1),
 util-linux (= 2.34-0.1),
 xz-utils (= 5.2.4-1+b1),
 zlib1g (= 1:1.2.11.dfsg-2),
 zlib1g-dev (= 1:1.2.11.dfsg-2)
Environment:
 DEB_BUILD_OPTIONS="parallel=4"
 LANG="C.UTF-8"
 LC_ALL="C.UTF-8"
 SOURCE_DATE_EPOCH="1570917351"


+------------------------------------------------------------------------------+
| Package contents                                                             |
+------------------------------------------------------------------------------+


libdbd-mysql-perl-dbgsym_4.050-3_amd64.deb
------------------------------------------

 new Debian package, version 2.0.
 size 93124 bytes: control archive=556 bytes.
     419 bytes,    13 lines      control              
     106 bytes,     1 lines      md5sums              
 Package: libdbd-mysql-perl-dbgsym
 Source: libdbd-mysql-perl
 Version: 4.050-3
 Auto-Built-Package: debug-symbols
 Architecture: amd64
 Maintainer: Debian Perl Group <pkg-perl-maintainers@lists.alioth.debian.org>
 Installed-Size: 113
 Depends: libdbd-mysql-perl (= 4.050-3)
 Section: debug
 Priority: optional
 Multi-Arch: same
 Description: debug symbols for libdbd-mysql-perl
 Build-Ids: 5ced6786e1c2e2ca7e4f0e0278674c7a571c6145

drwxr-xr-x root/root         0 2019-10-12 21:55 ./
drwxr-xr-x root/root         0 2019-10-12 21:55 ./usr/
drwxr-xr-x root/root         0 2019-10-12 21:55 ./usr/lib/
drwxr-xr-x root/root         0 2019-10-12 21:55 ./usr/lib/debug/
drwxr-xr-x root/root         0 2019-10-12 21:55 ./usr/lib/debug/.build-id/
drwxr-xr-x root/root         0 2019-10-12 21:55 ./usr/lib/debug/.build-id/5c/
-rw-r--r-- root/root    104776 2019-10-12 21:55 ./usr/lib/debug/.build-id/5c/ed6786e1c2e2ca7e4f0e0278674c7a571c6145.debug
drwxr-xr-x root/root         0 2019-10-12 21:55 ./usr/share/
drwxr-xr-x root/root         0 2019-10-12 21:55 ./usr/share/doc/
lrwxrwxrwx root/root         0 2019-10-12 21:55 ./usr/share/doc/libdbd-mysql-perl-dbgsym -> libdbd-mysql-perl


libdbd-mysql-perl_4.050-3_amd64.deb
-----------------------------------

 new Debian package, version 2.0.
 size 118424 bytes: control archive=1204 bytes.
    1212 bytes,    22 lines      control              
     580 bytes,     7 lines      md5sums              
 Package: libdbd-mysql-perl
 Version: 4.050-3
 Architecture: amd64
 Maintainer: Debian Perl Group <pkg-perl-maintainers@lists.alioth.debian.org>
 Installed-Size: 275
 Depends: perl (>= 5.30.0-9), perl-dbdabi-94, perlapi-5.30.0, libc6 (>= 2.14), libmariadb3 (>= 3.0.0), libdbi-perl
 Section: perl
 Priority: optional
 Multi-Arch: same
 Homepage: https://dbi.perl.org/
 Description: Perl5 database interface to the MariaDB/MySQL database
  DBD::mysql is the Perl5 Database Interface driver for the MariaDB/MySQL
  database. In other words: DBD::mysql is an interface between the Perl
  programming language and the MySQL programming API that comes with the
  MariaDB/MySQL relational database management system. Most functions provided by
  this programming API are supported. Some rarely used functions are
  missing, mainly because no one ever requested them. However supported
  features include: compression of data between server and client; timeouts;
  SSL; prepared statement support; server administration such as creating
  and dropping databases and restarting the server; auto-reconnection;
  utf8; bind type guessing; bind comment placeholders; automated insert ids;
  transactions; multiple result sets and multithreading.

drwxr-xr-x root/root         0 2019-10-12 21:55 ./
drwxr-xr-x root/root         0 2019-10-12 21:55 ./usr/
drwxr-xr-x root/root         0 2019-10-12 21:55 ./usr/lib/
drwxr-xr-x root/root         0 2019-10-12 21:55 ./usr/lib/x86_64-linux-gnu/
drwxr-xr-x root/root         0 2019-10-12 21:55 ./usr/lib/x86_64-linux-gnu/perl5/
drwxr-xr-x root/root         0 2019-10-12 21:55 ./usr/lib/x86_64-linux-gnu/perl5/5.30/
drwxr-xr-x root/root         0 2019-10-12 21:55 ./usr/lib/x86_64-linux-gnu/perl5/5.30/DBD/
-rw-r--r-- root/root     64215 2019-01-09 06:45 ./usr/lib/x86_64-linux-gnu/perl5/5.30/DBD/mysql.pm
drwxr-xr-x root/root         0 2019-10-12 21:55 ./usr/lib/x86_64-linux-gnu/perl5/5.30/DBD/mysql/
-rw-r--r-- root/root     16114 2018-01-21 14:04 ./usr/lib/x86_64-linux-gnu/perl5/5.30/DBD/mysql/GetInfo.pm
drwxr-xr-x root/root         0 2019-10-12 21:55 ./usr/lib/x86_64-linux-gnu/perl5/5.30/auto/
drwxr-xr-x root/root         0 2019-10-12 21:55 ./usr/lib/x86_64-linux-gnu/perl5/5.30/auto/DBD/
drwxr-xr-x root/root         0 2019-10-12 21:55 ./usr/lib/x86_64-linux-gnu/perl5/5.30/auto/DBD/mysql/
-rw-r--r-- root/root    124904 2019-10-12 21:55 ./usr/lib/x86_64-linux-gnu/perl5/5.30/auto/DBD/mysql/mysql.so
drwxr-xr-x root/root         0 2019-10-12 21:55 ./usr/share/
drwxr-xr-x root/root         0 2019-10-12 21:55 ./usr/share/doc/
drwxr-xr-x root/root         0 2019-10-12 21:55 ./usr/share/doc/libdbd-mysql-perl/
-rw-r--r-- root/root      9116 2019-10-12 21:55 ./usr/share/doc/libdbd-mysql-perl/changelog.Debian.gz
-rw-r--r-- root/root     30679 2019-01-09 06:46 ./usr/share/doc/libdbd-mysql-perl/changelog.gz
-rw-r--r-- root/root      2163 2019-10-12 21:55 ./usr/share/doc/libdbd-mysql-perl/copyright
drwxr-xr-x root/root         0 2019-10-12 21:55 ./usr/share/man/
drwxr-xr-x root/root         0 2019-10-12 21:55 ./usr/share/man/man3/
-rw-r--r-- root/root     15224 2019-10-12 21:55 ./usr/share/man/man3/DBD::mysql.3pm.gz


+------------------------------------------------------------------------------+
| Post Build                                                                   |
+------------------------------------------------------------------------------+


+------------------------------------------------------------------------------+
| Cleanup                                                                      |
+------------------------------------------------------------------------------+

Purging /<<BUILDDIR>>
Not cleaning session: cloned chroot in use

+------------------------------------------------------------------------------+
| Summary                                                                      |
+------------------------------------------------------------------------------+

Build Architecture: amd64
Build Type: binary
Build-Space: 3616
Build-Time: 46
Distribution: unstable
Host Architecture: amd64
Install-Time: 12
Job: libdbd-mysql-perl_4.050-3
Machine Architecture: amd64
Package: libdbd-mysql-perl
Package-Time: 72
Source-Version: 4.050-3
Space: 3616
Status: successful
Version: 4.050-3
--------------------------------------------------------------------------------
Finished at 2020-02-25T03:34:40Z
Build needed 00:01:12, 3616k disk space
DC-Status: OK 73.582535044s
