DC-Build-Header: libfilesys-smbclient-perl 3.2-3 / 2020-02-25 06:41:05 +0000
DC-Task: type:rebuild-binarch-only source:libfilesys-smbclient-perl version:3.2-3 chroot:unstable esttime:49 logfile:/tmp/libfilesys-smbclient-perl_3.2-3_unstable_clang10.log modes:clang10:binarch-only
DC-Sbuild-call: su user42 -c 'sbuild -n --arch-any --apt-update -d unstable -v --no-run-lintian --chroot-setup-commands=/tmp/clang10 libfilesys-smbclient-perl_3.2-3'
sbuild (Debian sbuild) 0.78.1 (09 February 2019) on ip-172-31-9-197.eu-central-1.compute.internal

+==============================================================================+
| libfilesys-smbclient-perl 3.2-3 (amd64)      Tue, 25 Feb 2020 06:41:05 +0000 |
+==============================================================================+

Package: libfilesys-smbclient-perl
Version: 3.2-3
Source Version: 3.2-3
Distribution: unstable
Machine Architecture: amd64
Host Architecture: amd64
Build Architecture: amd64
Build Type: binary

I: NOTICE: Log filtering will replace 'var/run/schroot/mount/sid-amd64-sbuild-a3bbede7-57e8-4758-ba05-4d1bcf211437' with '<<CHROOT>>'

+------------------------------------------------------------------------------+
| Chroot Setup Commands                                                        |
+------------------------------------------------------------------------------+


/tmp/clang10
------------

+ echo 'Entering customization script...'
Entering customization script...
+ CLANG_VERSION=10
+ echo 'Install of clang-10'
Install of clang-10
+ apt-get update
Get:1 http://127.0.0.1:12990/debian sid InRelease [142 kB]
Get:2 http://127.0.0.1:12990/debian sid/main Sources.diff/Index [27.9 kB]
Get:3 http://127.0.0.1:12990/debian sid/main amd64 Packages.diff/Index [27.9 kB]
Get:4 http://127.0.0.1:12990/debian sid/main Sources 2020-02-24-0823.32.pdiff [11.0 kB]
Get:5 http://127.0.0.1:12990/debian sid/main Sources 2020-02-24-1420.34.pdiff [30.2 kB]
Get:6 http://127.0.0.1:12990/debian sid/main Sources 2020-02-24-2014.03.pdiff [16.9 kB]
Get:7 http://127.0.0.1:12990/debian sid/main Sources 2020-02-25-0213.11.pdiff [23.2 kB]
Get:8 http://127.0.0.1:12990/debian sid/main amd64 Packages 2020-02-24-0823.32.pdiff [15.5 kB]
Get:9 http://127.0.0.1:12990/debian sid/main amd64 Packages 2020-02-24-1420.34.pdiff [27.5 kB]
Get:10 http://127.0.0.1:12990/debian sid/main amd64 Packages 2020-02-24-2014.03.pdiff [21.6 kB]
Get:11 http://127.0.0.1:12990/debian sid/main amd64 Packages 2020-02-25-0213.11.pdiff [35.0 kB]
Get:7 http://127.0.0.1:12990/debian sid/main Sources 2020-02-25-0213.11.pdiff [23.2 kB]
Get:11 http://127.0.0.1:12990/debian sid/main amd64 Packages 2020-02-25-0213.11.pdiff [35.0 kB]
Get:12 http://127.0.0.1:12990/debian sid/main Translation-en [6193 kB]
Fetched 6572 kB in 3s (2496 kB/s)
Reading package lists...
+ apt-get install --yes --no-install-recommends --force-yes clang-10 libomp-10-dev libobjc-9-dev
Reading package lists...
Building dependency tree...
The following additional packages will be installed:
  lib32gcc-s1 lib32gcc1 lib32stdc++6 libbsd0 libc6-i386 libclang-common-10-dev
  libclang-cpp10 libclang1-10 libedit2 libgc1c2 libllvm10 libobjc4 libomp5-10
  libz3-4
Suggested packages:
  clang-10-doc libomp-10-doc
Recommended packages:
  llvm-10-dev python3
The following NEW packages will be installed:
  clang-10 lib32gcc-s1 lib32gcc1 lib32stdc++6 libbsd0 libc6-i386
  libclang-common-10-dev libclang-cpp10 libclang1-10 libedit2 libgc1c2
  libllvm10 libobjc-9-dev libobjc4 libomp-10-dev libomp5-10 libz3-4
0 upgraded, 17 newly installed, 0 to remove and 2 not upgraded.
Need to get 46.4 MB of archives.
After this operation, 238 MB of additional disk space will be used.
Get:1 http://127.0.0.1:12990/debian sid/main amd64 libbsd0 amd64 0.10.0-1 [107 kB]
Get:2 http://127.0.0.1:12990/debian sid/main amd64 libedit2 amd64 3.1-20191231-1 [95.4 kB]
Get:3 http://127.0.0.1:12990/debian sid/main amd64 libz3-4 amd64 4.8.7-4 [6790 kB]
Get:4 http://127.0.0.1:12990/debian sid/main amd64 libllvm10 amd64 1:10.0.0~+rc2-1 [15.5 MB]
Get:5 http://127.0.0.1:12990/debian sid/main amd64 libclang-cpp10 amd64 1:10.0.0~+rc2-1 [9069 kB]
Get:6 http://127.0.0.1:12990/debian sid/main amd64 libgc1c2 amd64 1:7.6.4-0.4 [224 kB]
Get:7 http://127.0.0.1:12990/debian sid/main amd64 libobjc4 amd64 10-20200222-1 [41.6 kB]
Get:8 http://127.0.0.1:12990/debian sid/main amd64 libobjc-9-dev amd64 9.2.1-29 [219 kB]
Get:9 http://127.0.0.1:12990/debian sid/main amd64 libc6-i386 amd64 2.29-10 [2918 kB]
Get:10 http://127.0.0.1:12990/debian sid/main amd64 lib32gcc-s1 amd64 10-20200222-1 [49.4 kB]
Get:11 http://127.0.0.1:12990/debian sid/main amd64 lib32gcc1 amd64 1:10-20200222-1 [1104 B]
Get:12 http://127.0.0.1:12990/debian sid/main amd64 lib32stdc++6 amd64 10-20200222-1 [510 kB]
Get:13 http://127.0.0.1:12990/debian sid/main amd64 libclang-common-10-dev amd64 1:10.0.0~+rc2-1 [2782 kB]
Get:14 http://127.0.0.1:12990/debian sid/main amd64 libclang1-10 amd64 1:10.0.0~+rc2-1 [7607 kB]
Get:15 http://127.0.0.1:12990/debian sid/main amd64 clang-10 amd64 1:10.0.0~+rc2-1 [103 kB]
Get:16 http://127.0.0.1:12990/debian sid/main amd64 libomp5-10 amd64 1:10.0.0~+rc2-1 [337 kB]
Get:17 http://127.0.0.1:12990/debian sid/main amd64 libomp-10-dev amd64 1:10.0.0~+rc2-1 [84.3 kB]
debconf: delaying package configuration, since apt-utils is not installed
Fetched 46.4 MB in 2s (30.3 MB/s)
Selecting previously unselected package libbsd0:amd64.
(Reading database ... (Reading database ... 5%(Reading database ... 10%(Reading database ... 15%(Reading database ... 20%(Reading database ... 25%(Reading database ... 30%(Reading database ... 35%(Reading database ... 40%(Reading database ... 45%(Reading database ... 50%(Reading database ... 55%(Reading database ... 60%(Reading database ... 65%(Reading database ... 70%(Reading database ... 75%(Reading database ... 80%(Reading database ... 85%(Reading database ... 90%(Reading database ... 95%(Reading database ... 100%(Reading database ... 12119 files and directories currently installed.)
Preparing to unpack .../00-libbsd0_0.10.0-1_amd64.deb ...
Unpacking libbsd0:amd64 (0.10.0-1) ...
Selecting previously unselected package libedit2:amd64.
Preparing to unpack .../01-libedit2_3.1-20191231-1_amd64.deb ...
Unpacking libedit2:amd64 (3.1-20191231-1) ...
Selecting previously unselected package libz3-4:amd64.
Preparing to unpack .../02-libz3-4_4.8.7-4_amd64.deb ...
Unpacking libz3-4:amd64 (4.8.7-4) ...
Selecting previously unselected package libllvm10:amd64.
Preparing to unpack .../03-libllvm10_1%3a10.0.0~+rc2-1_amd64.deb ...
Unpacking libllvm10:amd64 (1:10.0.0~+rc2-1) ...
Selecting previously unselected package libclang-cpp10.
Preparing to unpack .../04-libclang-cpp10_1%3a10.0.0~+rc2-1_amd64.deb ...
Unpacking libclang-cpp10 (1:10.0.0~+rc2-1) ...
Selecting previously unselected package libgc1c2:amd64.
Preparing to unpack .../05-libgc1c2_1%3a7.6.4-0.4_amd64.deb ...
Unpacking libgc1c2:amd64 (1:7.6.4-0.4) ...
Selecting previously unselected package libobjc4:amd64.
Preparing to unpack .../06-libobjc4_10-20200222-1_amd64.deb ...
Unpacking libobjc4:amd64 (10-20200222-1) ...
Selecting previously unselected package libobjc-9-dev:amd64.
Preparing to unpack .../07-libobjc-9-dev_9.2.1-29_amd64.deb ...
Unpacking libobjc-9-dev:amd64 (9.2.1-29) ...
Selecting previously unselected package libc6-i386.
Preparing to unpack .../08-libc6-i386_2.29-10_amd64.deb ...
Unpacking libc6-i386 (2.29-10) ...
Selecting previously unselected package lib32gcc-s1.
Preparing to unpack .../09-lib32gcc-s1_10-20200222-1_amd64.deb ...
Unpacking lib32gcc-s1 (10-20200222-1) ...
Selecting previously unselected package lib32gcc1.
Preparing to unpack .../10-lib32gcc1_1%3a10-20200222-1_amd64.deb ...
Unpacking lib32gcc1 (1:10-20200222-1) ...
Selecting previously unselected package lib32stdc++6.
Preparing to unpack .../11-lib32stdc++6_10-20200222-1_amd64.deb ...
Unpacking lib32stdc++6 (10-20200222-1) ...
Selecting previously unselected package libclang-common-10-dev.
Preparing to unpack .../12-libclang-common-10-dev_1%3a10.0.0~+rc2-1_amd64.deb ...
Unpacking libclang-common-10-dev (1:10.0.0~+rc2-1) ...
Selecting previously unselected package libclang1-10.
Preparing to unpack .../13-libclang1-10_1%3a10.0.0~+rc2-1_amd64.deb ...
Unpacking libclang1-10 (1:10.0.0~+rc2-1) ...
Selecting previously unselected package clang-10.
Preparing to unpack .../14-clang-10_1%3a10.0.0~+rc2-1_amd64.deb ...
Unpacking clang-10 (1:10.0.0~+rc2-1) ...
Selecting previously unselected package libomp5-10:amd64.
Preparing to unpack .../15-libomp5-10_1%3a10.0.0~+rc2-1_amd64.deb ...
Unpacking libomp5-10:amd64 (1:10.0.0~+rc2-1) ...
Selecting previously unselected package libomp-10-dev.
Preparing to unpack .../16-libomp-10-dev_1%3a10.0.0~+rc2-1_amd64.deb ...
Unpacking libomp-10-dev (1:10.0.0~+rc2-1) ...
Setting up libgc1c2:amd64 (1:7.6.4-0.4) ...
Setting up libobjc4:amd64 (10-20200222-1) ...
Setting up libz3-4:amd64 (4.8.7-4) ...
Setting up libobjc-9-dev:amd64 (9.2.1-29) ...
Setting up libomp5-10:amd64 (1:10.0.0~+rc2-1) ...
Setting up libc6-i386 (2.29-10) ...
Setting up libbsd0:amd64 (0.10.0-1) ...
Setting up libomp-10-dev (1:10.0.0~+rc2-1) ...
Setting up libedit2:amd64 (3.1-20191231-1) ...
Setting up libllvm10:amd64 (1:10.0.0~+rc2-1) ...
Setting up lib32gcc-s1 (10-20200222-1) ...
Setting up libclang1-10 (1:10.0.0~+rc2-1) ...
Setting up lib32gcc1 (1:10-20200222-1) ...
Setting up libclang-cpp10 (1:10.0.0~+rc2-1) ...
Setting up lib32stdc++6 (10-20200222-1) ...
Setting up libclang-common-10-dev (1:10.0.0~+rc2-1) ...
Setting up clang-10 (1:10.0.0~+rc2-1) ...
Processing triggers for libc-bin (2.29-10) ...
W: --force-yes is deprecated, use one of the options starting with --allow instead.
+ echo 'Replace gcc, g++ & cpp by clang'
Replace gcc, g++ & cpp by clang
+ VERSIONS='4.6 4.7 4.8 4.9 5 6 7 8 9 10'
+ cd /usr/bin
+ for VERSION in $VERSIONS
+ rm -f g++-4.6 gcc-4.6 cpp-4.6 gcc
+ ln -s clang++-10 g++-4.6
+ ln -s clang-10 gcc-4.6
+ ln -s clang-10 cpp-4.6
+ ln -s clang-10 gcc
+ echo 'gcc-4.6 hold'
+ dpkg --set-selections
dpkg: warning: package not in status nor available database at line 1: gcc-4.6
dpkg: warning: found unknown packages; this might mean the available database
is outdated, and needs to be updated through a frontend method;
please see the FAQ <https://wiki.debian.org/Teams/Dpkg/FAQ>
+ echo 'g++-4.6 hold'
+ dpkg --set-selections
dpkg: warning: package not in status nor available database at line 1: g++-4.6
dpkg: warning: found unknown packages; this might mean the available database
is outdated, and needs to be updated through a frontend method;
please see the FAQ <https://wiki.debian.org/Teams/Dpkg/FAQ>
+ for VERSION in $VERSIONS
+ rm -f g++-4.7 gcc-4.7 cpp-4.7 gcc
+ ln -s clang++-10 g++-4.7
+ ln -s clang-10 gcc-4.7
+ ln -s clang-10 cpp-4.7
+ ln -s clang-10 gcc
+ echo 'gcc-4.7 hold'
+ dpkg --set-selections
dpkg: warning: package not in status nor available database at line 1: gcc-4.7
dpkg: warning: found unknown packages; this might mean the available database
is outdated, and needs to be updated through a frontend method;
please see the FAQ <https://wiki.debian.org/Teams/Dpkg/FAQ>
+ dpkg --set-selections
+ echo 'g++-4.7 hold'
dpkg: warning: package not in status nor available database at line 1: g++-4.7
dpkg: warning: found unknown packages; this might mean the available database
is outdated, and needs to be updated through a frontend method;
please see the FAQ <https://wiki.debian.org/Teams/Dpkg/FAQ>
+ for VERSION in $VERSIONS
+ rm -f g++-4.8 gcc-4.8 cpp-4.8 gcc
+ ln -s clang++-10 g++-4.8
+ ln -s clang-10 gcc-4.8
+ ln -s clang-10 cpp-4.8
+ ln -s clang-10 gcc
+ echo 'gcc-4.8 hold'
+ dpkg --set-selections
dpkg: warning: package not in status nor available database at line 1: gcc-4.8
dpkg: warning: found unknown packages; this might mean the available database
is outdated, and needs to be updated through a frontend method;
please see the FAQ <https://wiki.debian.org/Teams/Dpkg/FAQ>
+ echo 'g++-4.8 hold'
+ dpkg --set-selections
dpkg: warning: package not in status nor available database at line 1: g++-4.8
dpkg: warning: found unknown packages; this might mean the available database
is outdated, and needs to be updated through a frontend method;
please see the FAQ <https://wiki.debian.org/Teams/Dpkg/FAQ>
+ for VERSION in $VERSIONS
+ rm -f g++-4.9 gcc-4.9 cpp-4.9 gcc
+ ln -s clang++-10 g++-4.9
+ ln -s clang-10 gcc-4.9
+ ln -s clang-10 cpp-4.9
+ ln -s clang-10 gcc
+ echo 'gcc-4.9 hold'
+ dpkg --set-selections
dpkg: warning: package not in status nor available database at line 1: gcc-4.9
dpkg: warning: found unknown packages; this might mean the available database
is outdated, and needs to be updated through a frontend method;
please see the FAQ <https://wiki.debian.org/Teams/Dpkg/FAQ>
+ echo 'g++-4.9 hold'
+ dpkg --set-selections
dpkg: warning: package not in status nor available database at line 1: g++-4.9
dpkg: warning: found unknown packages; this might mean the available database
is outdated, and needs to be updated through a frontend method;
please see the FAQ <https://wiki.debian.org/Teams/Dpkg/FAQ>
+ for VERSION in $VERSIONS
+ rm -f g++-5 gcc-5 cpp-5 gcc
+ ln -s clang++-10 g++-5
+ ln -s clang-10 gcc-5
+ ln -s clang-10 cpp-5
+ ln -s clang-10 gcc
+ echo 'gcc-5 hold'
+ dpkg --set-selections
dpkg: warning: package not in status nor available database at line 1: gcc-5
dpkg: warning: found unknown packages; this might mean the available database
is outdated, and needs to be updated through a frontend method;
please see the FAQ <https://wiki.debian.org/Teams/Dpkg/FAQ>
+ echo 'g++-5 hold'
+ dpkg --set-selections
dpkg: warning: package not in status nor available database at line 1: g++-5
dpkg: warning: found unknown packages; this might mean the available database
is outdated, and needs to be updated through a frontend method;
please see the FAQ <https://wiki.debian.org/Teams/Dpkg/FAQ>
+ for VERSION in $VERSIONS
+ rm -f g++-6 gcc-6 cpp-6 gcc
+ ln -s clang++-10 g++-6
+ ln -s clang-10 gcc-6
+ ln -s clang-10 cpp-6
+ ln -s clang-10 gcc
+ echo 'gcc-6 hold'
+ dpkg --set-selections
dpkg: warning: package not in status nor available database at line 1: gcc-6
dpkg: warning: found unknown packages; this might mean the available database
is outdated, and needs to be updated through a frontend method;
please see the FAQ <https://wiki.debian.org/Teams/Dpkg/FAQ>
+ echo 'g++-6 hold'
+ dpkg --set-selections
dpkg: warning: package not in status nor available database at line 1: g++-6
dpkg: warning: found unknown packages; this might mean the available database
is outdated, and needs to be updated through a frontend method;
please see the FAQ <https://wiki.debian.org/Teams/Dpkg/FAQ>
+ for VERSION in $VERSIONS
+ rm -f g++-7 gcc-7 cpp-7 gcc
+ ln -s clang++-10 g++-7
+ ln -s clang-10 gcc-7
+ ln -s clang-10 cpp-7
+ ln -s clang-10 gcc
+ echo 'gcc-7 hold'
+ dpkg --set-selections
dpkg: warning: package not in status nor available database at line 1: gcc-7
dpkg: warning: found unknown packages; this might mean the available database
is outdated, and needs to be updated through a frontend method;
please see the FAQ <https://wiki.debian.org/Teams/Dpkg/FAQ>
+ echo 'g++-7 hold'
+ dpkg --set-selections
dpkg: warning: package not in status nor available database at line 1: g++-7
dpkg: warning: found unknown packages; this might mean the available database
is outdated, and needs to be updated through a frontend method;
please see the FAQ <https://wiki.debian.org/Teams/Dpkg/FAQ>
+ for VERSION in $VERSIONS
+ rm -f g++-8 gcc-8 cpp-8 gcc
+ ln -s clang++-10 g++-8
+ ln -s clang-10 gcc-8
+ ln -s clang-10 cpp-8
+ ln -s clang-10 gcc
+ echo 'gcc-8 hold'
+ dpkg --set-selections
dpkg: warning: package not in status nor available database at line 1: gcc-8
dpkg: warning: found unknown packages; this might mean the available database
is outdated, and needs to be updated through a frontend method;
please see the FAQ <https://wiki.debian.org/Teams/Dpkg/FAQ>
+ echo 'g++-8 hold'
+ dpkg --set-selections
dpkg: warning: package not in status nor available database at line 1: g++-8
dpkg: warning: found unknown packages; this might mean the available database
is outdated, and needs to be updated through a frontend method;
please see the FAQ <https://wiki.debian.org/Teams/Dpkg/FAQ>
+ for VERSION in $VERSIONS
+ rm -f g++-9 gcc-9 cpp-9 gcc
+ ln -s clang++-10 g++-9
+ ln -s clang-10 gcc-9
+ ln -s clang-10 cpp-9
+ ln -s clang-10 gcc
+ echo 'gcc-9 hold'
+ dpkg --set-selections
+ echo 'g++-9 hold'
+ dpkg --set-selections
+ for VERSION in $VERSIONS
+ rm -f g++-10 gcc-10 cpp-10 gcc
+ ln -s clang++-10 g++-10
+ ln -s clang-10 gcc-10
+ ln -s clang-10 cpp-10
+ ln -s clang-10 gcc
+ echo 'gcc-10 hold'
+ dpkg --set-selections
dpkg: warning: package not in status nor available database at line 1: gcc-10
dpkg: warning: found unknown packages; this might mean the available database
is outdated, and needs to be updated through a frontend method;
please see the FAQ <https://wiki.debian.org/Teams/Dpkg/FAQ>
+ echo 'g++-10 hold'
+ dpkg --set-selections
dpkg: warning: package not in status nor available database at line 1: g++-10
dpkg: warning: found unknown packages; this might mean the available database
is outdated, and needs to be updated through a frontend method;
please see the FAQ <https://wiki.debian.org/Teams/Dpkg/FAQ>
+ cd -
/build/libfilesys-smbclient-perl-Z3KAtG
+ echo 'Check if gcc, g++ & cpp are actually clang'
Check if gcc, g++ & cpp are actually clang
+ gcc --version
+ grep clang
+ cpp --version
+ grep clang
+ g++ --version
+ grep clang

I: Finished running '/tmp/clang10'.

Finished processing commands.
--------------------------------------------------------------------------------
I: NOTICE: Log filtering will replace 'build/libfilesys-smbclient-perl-Z3KAtG/resolver-rS8AGD' with '<<RESOLVERDIR>>'

+------------------------------------------------------------------------------+
| Update chroot                                                                |
+------------------------------------------------------------------------------+

Hit:1 http://127.0.0.1:12990/debian sid InRelease
Reading package lists...
Reading package lists...
Building dependency tree...
Reading state information...
Calculating upgrade...
The following packages will be upgraded:
  libgmp10 zlib1g
2 upgraded, 0 newly installed, 0 to remove and 0 not upgraded.
Need to get 343 kB of archives.
After this operation, 0 B of additional disk space will be used.
Get:1 http://127.0.0.1:12990/debian sid/main amd64 libgmp10 amd64 2:6.2.0+dfsg-4 [253 kB]
Get:2 http://127.0.0.1:12990/debian sid/main amd64 zlib1g amd64 1:1.2.11.dfsg-2 [90.4 kB]
debconf: delaying package configuration, since apt-utils is not installed
Fetched 343 kB in 0s (3282 kB/s)
(Reading database ... (Reading database ... 5%(Reading database ... 10%(Reading database ... 15%(Reading database ... 20%(Reading database ... 25%(Reading database ... 30%(Reading database ... 35%(Reading database ... 40%(Reading database ... 45%(Reading database ... 50%(Reading database ... 55%(Reading database ... 60%(Reading database ... 65%(Reading database ... 70%(Reading database ... 75%(Reading database ... 80%(Reading database ... 85%(Reading database ... 90%(Reading database ... 95%(Reading database ... 100%(Reading database ... 12960 files and directories currently installed.)
Preparing to unpack .../libgmp10_2%3a6.2.0+dfsg-4_amd64.deb ...
Unpacking libgmp10:amd64 (2:6.2.0+dfsg-4) over (2:6.2.0+dfsg-3) ...
Setting up libgmp10:amd64 (2:6.2.0+dfsg-4) ...
(Reading database ... (Reading database ... 5%(Reading database ... 10%(Reading database ... 15%(Reading database ... 20%(Reading database ... 25%(Reading database ... 30%(Reading database ... 35%(Reading database ... 40%(Reading database ... 45%(Reading database ... 50%(Reading database ... 55%(Reading database ... 60%(Reading database ... 65%(Reading database ... 70%(Reading database ... 75%(Reading database ... 80%(Reading database ... 85%(Reading database ... 90%(Reading database ... 95%(Reading database ... 100%(Reading database ... 12960 files and directories currently installed.)
Preparing to unpack .../zlib1g_1%3a1.2.11.dfsg-2_amd64.deb ...
Unpacking zlib1g:amd64 (1:1.2.11.dfsg-2) over (1:1.2.11.dfsg-1.2) ...
Setting up zlib1g:amd64 (1:1.2.11.dfsg-2) ...
Processing triggers for libc-bin (2.29-10) ...

+------------------------------------------------------------------------------+
| Fetch source files                                                           |
+------------------------------------------------------------------------------+


Check APT
---------

Checking available source versions...

Download source files with APT
------------------------------

Reading package lists...
NOTICE: 'libfilesys-smbclient-perl' packaging is maintained in the 'Git' version control system at:
https://salsa.debian.org/perl-team/modules/packages/libfilesys-smbclient-perl.git
Please use:
git clone https://salsa.debian.org/perl-team/modules/packages/libfilesys-smbclient-perl.git
to retrieve the latest (possibly unreleased) updates to the package.
Need to get 59.9 kB of source archives.
Get:1 http://127.0.0.1:12990/debian sid/main libfilesys-smbclient-perl 3.2-3 (dsc) [2381 B]
Get:2 http://127.0.0.1:12990/debian sid/main libfilesys-smbclient-perl 3.2-3 (tar) [52.0 kB]
Get:3 http://127.0.0.1:12990/debian sid/main libfilesys-smbclient-perl 3.2-3 (diff) [5476 B]
Fetched 59.9 kB in 0s (724 kB/s)
Download complete and in download only mode
I: NOTICE: Log filtering will replace 'build/libfilesys-smbclient-perl-Z3KAtG/libfilesys-smbclient-perl-3.2' with '<<PKGBUILDDIR>>'
I: NOTICE: Log filtering will replace 'build/libfilesys-smbclient-perl-Z3KAtG' with '<<BUILDDIR>>'

+------------------------------------------------------------------------------+
| Install package build dependencies                                           |
+------------------------------------------------------------------------------+


Setup apt archive
-----------------

Merged Build-Depends: debhelper (>= 10), libsmbclient-dev, pkg-config, perl, build-essential, fakeroot
Filtered Build-Depends: debhelper (>= 10), libsmbclient-dev, pkg-config, perl, build-essential, fakeroot
dpkg-deb: building package 'sbuild-build-depends-main-dummy' in '/<<RESOLVERDIR>>/apt_archive/sbuild-build-depends-main-dummy.deb'.
Ign:1 copy:/<<RESOLVERDIR>>/apt_archive ./ InRelease
Get:2 copy:/<<RESOLVERDIR>>/apt_archive ./ Release [957 B]
Ign:3 copy:/<<RESOLVERDIR>>/apt_archive ./ Release.gpg
Get:4 copy:/<<RESOLVERDIR>>/apt_archive ./ Sources [386 B]
Get:5 copy:/<<RESOLVERDIR>>/apt_archive ./ Packages [470 B]
Fetched 1813 B in 0s (63.2 kB/s)
Reading package lists...
Reading package lists...

Install main build dependencies (apt-based resolver)
----------------------------------------------------

Installing build dependencies
Reading package lists...
Building dependency tree...
Reading state information...
The following additional packages will be installed:
  autoconf automake autopoint autotools-dev bsdmainutils debhelper
  dh-autoreconf dh-strip-nondeterminism dwz file gettext gettext-base
  groff-base intltool-debian libarchive-zip-perl libavahi-client3
  libavahi-common-data libavahi-common3 libcap2 libcroco3 libcups2 libdbus-1-3
  libdebhelper-perl libelf1 libexpat1 libfile-stripnondeterminism-perl
  libglib2.0-0 libgssapi-krb5-2 libicu63 libjansson4 libk5crypto3 libkeyutils1
  libkrb5-3 libkrb5support0 libldap-2.4-2 libldap-common libldb2 liblmdb0
  libmagic-mgc libmagic1 libmpdec2 libpipeline1 libpopt0 libpython3-stdlib
  libpython3.7 libpython3.7-minimal libpython3.7-stdlib libreadline8
  libsasl2-2 libsasl2-modules-db libsigsegv2 libsmbclient libsmbclient-dev
  libsqlite3-0 libssl1.1 libsub-override-perl libtalloc2 libtdb1 libtevent0
  libtool libuchardet0 libwbclient0 libxml2 m4 man-db mime-support pkg-config
  po-debconf python3 python3-minimal python3-talloc python3.7
  python3.7-minimal readline-common samba-libs sensible-utils
Suggested packages:
  autoconf-archive gnu-standards autoconf-doc wamerican | wordlist whois
  vacation dh-make gettext-doc libasprintf-dev libgettextpo-dev groff
  cups-common krb5-doc krb5-user libtool-doc gfortran | fortran95-compiler
  gcj-jdk m4-doc apparmor less www-browser libmail-box-perl python3-doc
  python3-tk python3-venv python3.7-venv python3.7-doc binfmt-support
  readline-doc
Recommended packages:
  curl | wget | lynx dbus libarchive-cpio-perl libglib2.0-data
  shared-mime-info xdg-user-dirs krb5-locales libsasl2-modules libltdl-dev
  libmail-sendmail-perl
The following NEW packages will be installed:
  autoconf automake autopoint autotools-dev bsdmainutils debhelper
  dh-autoreconf dh-strip-nondeterminism dwz file gettext gettext-base
  groff-base intltool-debian libarchive-zip-perl libavahi-client3
  libavahi-common-data libavahi-common3 libcap2 libcroco3 libcups2 libdbus-1-3
  libdebhelper-perl libelf1 libexpat1 libfile-stripnondeterminism-perl
  libglib2.0-0 libgssapi-krb5-2 libicu63 libjansson4 libk5crypto3 libkeyutils1
  libkrb5-3 libkrb5support0 libldap-2.4-2 libldap-common libldb2 liblmdb0
  libmagic-mgc libmagic1 libmpdec2 libpipeline1 libpopt0 libpython3-stdlib
  libpython3.7 libpython3.7-minimal libpython3.7-stdlib libreadline8
  libsasl2-2 libsasl2-modules-db libsigsegv2 libsmbclient libsmbclient-dev
  libsqlite3-0 libssl1.1 libsub-override-perl libtalloc2 libtdb1 libtevent0
  libtool libuchardet0 libwbclient0 libxml2 m4 man-db mime-support pkg-config
  po-debconf python3 python3-minimal python3-talloc python3.7
  python3.7-minimal readline-common samba-libs sbuild-build-depends-main-dummy
  sensible-utils
0 upgraded, 77 newly installed, 0 to remove and 0 not upgraded.
Need to get 36.5 MB of archives.
After this operation, 139 MB of additional disk space will be used.
Get:1 copy:/<<RESOLVERDIR>>/apt_archive ./ sbuild-build-depends-main-dummy 0.invalid.0 [900 B]
Get:2 http://127.0.0.1:12990/debian sid/main amd64 bsdmainutils amd64 11.1.2+b1 [191 kB]
Get:3 http://127.0.0.1:12990/debian sid/main amd64 libuchardet0 amd64 0.0.6-3 [64.9 kB]
Get:4 http://127.0.0.1:12990/debian sid/main amd64 groff-base amd64 1.22.4-4 [919 kB]
Get:5 http://127.0.0.1:12990/debian sid/main amd64 libpipeline1 amd64 1.5.2-2 [33.9 kB]
Get:6 http://127.0.0.1:12990/debian sid/main amd64 man-db amd64 2.9.0-2 [1307 kB]
Get:7 http://127.0.0.1:12990/debian sid/main amd64 libavahi-common-data amd64 0.7-5 [122 kB]
Get:8 http://127.0.0.1:12990/debian sid/main amd64 libavahi-common3 amd64 0.7-5 [54.6 kB]
Get:9 http://127.0.0.1:12990/debian sid/main amd64 libdbus-1-3 amd64 1.12.16-2 [214 kB]
Get:10 http://127.0.0.1:12990/debian sid/main amd64 libavahi-client3 amd64 0.7-5 [58.2 kB]
Get:11 http://127.0.0.1:12990/debian sid/main amd64 libcap2 amd64 1:2.32-1 [20.4 kB]
Get:12 http://127.0.0.1:12990/debian sid/main amd64 libkeyutils1 amd64 1.6.1-2 [15.4 kB]
Get:13 http://127.0.0.1:12990/debian sid/main amd64 libkrb5support0 amd64 1.17-6 [64.6 kB]
Get:14 http://127.0.0.1:12990/debian sid/main amd64 libk5crypto3 amd64 1.17-6 [116 kB]
Get:15 http://127.0.0.1:12990/debian sid/main amd64 libssl1.1 amd64 1.1.1d-2 [1540 kB]
Get:16 http://127.0.0.1:12990/debian sid/main amd64 libkrb5-3 amd64 1.17-6 [366 kB]
Get:17 http://127.0.0.1:12990/debian sid/main amd64 libgssapi-krb5-2 amd64 1.17-6 [156 kB]
Get:18 http://127.0.0.1:12990/debian sid/main amd64 libcups2 amd64 2.3.1-11 [349 kB]
Get:19 http://127.0.0.1:12990/debian sid/main amd64 libjansson4 amd64 2.12-1 [38.0 kB]
Get:20 http://127.0.0.1:12990/debian sid/main amd64 libsasl2-modules-db amd64 2.1.27+dfsg-2 [69.0 kB]
Get:21 http://127.0.0.1:12990/debian sid/main amd64 libsasl2-2 amd64 2.1.27+dfsg-2 [106 kB]
Get:22 http://127.0.0.1:12990/debian sid/main amd64 libldap-common all 2.4.49+dfsg-1 [91.9 kB]
Get:23 http://127.0.0.1:12990/debian sid/main amd64 libldap-2.4-2 amd64 2.4.49+dfsg-1 [226 kB]
Get:24 http://127.0.0.1:12990/debian sid/main amd64 liblmdb0 amd64 0.9.22-1 [45.0 kB]
Get:25 http://127.0.0.1:12990/debian sid/main amd64 libtalloc2 amd64 2.3.0-3 [32.7 kB]
Get:26 http://127.0.0.1:12990/debian sid/main amd64 libtdb1 amd64 1.4.2-3 [49.1 kB]
Get:27 http://127.0.0.1:12990/debian sid/main amd64 libtevent0 amd64 0.10.1-4 [37.1 kB]
Get:28 http://127.0.0.1:12990/debian sid/main amd64 libldb2 amd64 2:2.0.8-1 [146 kB]
Get:29 http://127.0.0.1:12990/debian sid/main amd64 libpopt0 amd64 1.16-14 [49.5 kB]
Get:30 http://127.0.0.1:12990/debian sid/main amd64 libpython3.7-minimal amd64 3.7.6-1+b1 [591 kB]
Get:31 http://127.0.0.1:12990/debian sid/main amd64 mime-support all 3.64 [37.8 kB]
Get:32 http://127.0.0.1:12990/debian sid/main amd64 libmpdec2 amd64 2.4.2-2 [87.2 kB]
Get:33 http://127.0.0.1:12990/debian sid/main amd64 readline-common all 8.0-3 [72.5 kB]
Get:34 http://127.0.0.1:12990/debian sid/main amd64 libreadline8 amd64 8.0-3 [160 kB]
Get:35 http://127.0.0.1:12990/debian sid/main amd64 libsqlite3-0 amd64 3.31.1-3 [661 kB]
Get:36 http://127.0.0.1:12990/debian sid/main amd64 libpython3.7-stdlib amd64 3.7.6-1+b1 [1735 kB]
Get:37 http://127.0.0.1:12990/debian sid/main amd64 libexpat1 amd64 2.2.9-1 [94.3 kB]
Get:38 http://127.0.0.1:12990/debian sid/main amd64 libpython3.7 amd64 3.7.6-1+b1 [1484 kB]
Get:39 http://127.0.0.1:12990/debian sid/main amd64 libwbclient0 amd64 2:4.11.5+dfsg-1 [321 kB]
Get:40 http://127.0.0.1:12990/debian sid/main amd64 python3.7-minimal amd64 3.7.6-1+b1 [1813 kB]
Get:41 http://127.0.0.1:12990/debian sid/main amd64 python3-minimal amd64 3.7.5-3 [36.8 kB]
Get:42 http://127.0.0.1:12990/debian sid/main amd64 python3.7 amd64 3.7.6-1+b1 [351 kB]
Get:43 http://127.0.0.1:12990/debian sid/main amd64 libpython3-stdlib amd64 3.7.5-3 [20.2 kB]
Get:44 http://127.0.0.1:12990/debian sid/main amd64 python3 amd64 3.7.5-3 [62.1 kB]
Get:45 http://127.0.0.1:12990/debian sid/main amd64 python3-talloc amd64 2.3.0-3 [16.9 kB]
Get:46 http://127.0.0.1:12990/debian sid/main amd64 samba-libs amd64 2:4.11.5+dfsg-1 [5418 kB]
Get:47 http://127.0.0.1:12990/debian sid/main amd64 libsmbclient amd64 2:4.11.5+dfsg-1 [165 kB]
Get:48 http://127.0.0.1:12990/debian sid/main amd64 libsmbclient-dev amd64 2:4.11.5+dfsg-1 [146 kB]
Get:49 http://127.0.0.1:12990/debian sid/main amd64 sensible-utils all 0.0.12+nmu1 [16.0 kB]
Get:50 http://127.0.0.1:12990/debian sid/main amd64 libmagic-mgc amd64 1:5.38-4 [262 kB]
Get:51 http://127.0.0.1:12990/debian sid/main amd64 libmagic1 amd64 1:5.38-4 [120 kB]
Get:52 http://127.0.0.1:12990/debian sid/main amd64 file amd64 1:5.38-4 [67.9 kB]
Get:53 http://127.0.0.1:12990/debian sid/main amd64 gettext-base amd64 0.19.8.1-10 [123 kB]
Get:54 http://127.0.0.1:12990/debian sid/main amd64 libsigsegv2 amd64 2.12-2 [32.8 kB]
Get:55 http://127.0.0.1:12990/debian sid/main amd64 m4 amd64 1.4.18-4 [203 kB]
Get:56 http://127.0.0.1:12990/debian sid/main amd64 autoconf all 2.69-11.1 [341 kB]
Get:57 http://127.0.0.1:12990/debian sid/main amd64 autotools-dev all 20180224.1 [77.0 kB]
Get:58 http://127.0.0.1:12990/debian sid/main amd64 automake all 1:1.16.1-4 [771 kB]
Get:59 http://127.0.0.1:12990/debian sid/main amd64 autopoint all 0.19.8.1-10 [435 kB]
Get:60 http://127.0.0.1:12990/debian sid/main amd64 libtool all 2.4.6-13 [513 kB]
Get:61 http://127.0.0.1:12990/debian sid/main amd64 dh-autoreconf all 19 [16.9 kB]
Get:62 http://127.0.0.1:12990/debian sid/main amd64 libdebhelper-perl all 12.9 [183 kB]
Get:63 http://127.0.0.1:12990/debian sid/main amd64 libarchive-zip-perl all 1.67-1 [104 kB]
Get:64 http://127.0.0.1:12990/debian sid/main amd64 libsub-override-perl all 0.09-2 [10.2 kB]
Get:65 http://127.0.0.1:12990/debian sid/main amd64 libfile-stripnondeterminism-perl all 1.6.3-2 [23.7 kB]
Get:66 http://127.0.0.1:12990/debian sid/main amd64 dh-strip-nondeterminism all 1.6.3-2 [14.7 kB]
Get:67 http://127.0.0.1:12990/debian sid/main amd64 libelf1 amd64 0.176-1.1 [161 kB]
Get:68 http://127.0.0.1:12990/debian sid/main amd64 dwz amd64 0.13-5 [151 kB]
Get:69 http://127.0.0.1:12990/debian sid/main amd64 libglib2.0-0 amd64 2.62.4-2 [1319 kB]
Get:70 http://127.0.0.1:12990/debian sid/main amd64 libicu63 amd64 63.2-2 [8301 kB]
Get:71 http://127.0.0.1:12990/debian sid/main amd64 libxml2 amd64 2.9.10+dfsg-3 [709 kB]
Get:72 http://127.0.0.1:12990/debian sid/main amd64 libcroco3 amd64 0.6.13-1 [146 kB]
Get:73 http://127.0.0.1:12990/debian sid/main amd64 gettext amd64 0.19.8.1-10 [1303 kB]
Get:74 http://127.0.0.1:12990/debian sid/main amd64 intltool-debian all 0.35.0+20060710.5 [26.8 kB]
Get:75 http://127.0.0.1:12990/debian sid/main amd64 po-debconf all 1.0.21 [248 kB]
Get:76 http://127.0.0.1:12990/debian sid/main amd64 debhelper all 12.9 [994 kB]
Get:77 http://127.0.0.1:12990/debian sid/main amd64 pkg-config amd64 0.29-6 [63.5 kB]
debconf: delaying package configuration, since apt-utils is not installed
Fetched 36.5 MB in 1s (47.6 MB/s)
Selecting previously unselected package bsdmainutils.
(Reading database ... 12960 files and directories currently installed.)
Preparing to unpack .../00-bsdmainutils_11.1.2+b1_amd64.deb ...
Unpacking bsdmainutils (11.1.2+b1) ...
Selecting previously unselected package libuchardet0:amd64.
Preparing to unpack .../01-libuchardet0_0.0.6-3_amd64.deb ...
Unpacking libuchardet0:amd64 (0.0.6-3) ...
Selecting previously unselected package groff-base.
Preparing to unpack .../02-groff-base_1.22.4-4_amd64.deb ...
Unpacking groff-base (1.22.4-4) ...
Selecting previously unselected package libpipeline1:amd64.
Preparing to unpack .../03-libpipeline1_1.5.2-2_amd64.deb ...
Unpacking libpipeline1:amd64 (1.5.2-2) ...
Selecting previously unselected package man-db.
Preparing to unpack .../04-man-db_2.9.0-2_amd64.deb ...
Unpacking man-db (2.9.0-2) ...
Selecting previously unselected package libavahi-common-data:amd64.
Preparing to unpack .../05-libavahi-common-data_0.7-5_amd64.deb ...
Unpacking libavahi-common-data:amd64 (0.7-5) ...
Selecting previously unselected package libavahi-common3:amd64.
Preparing to unpack .../06-libavahi-common3_0.7-5_amd64.deb ...
Unpacking libavahi-common3:amd64 (0.7-5) ...
Selecting previously unselected package libdbus-1-3:amd64.
Preparing to unpack .../07-libdbus-1-3_1.12.16-2_amd64.deb ...
Unpacking libdbus-1-3:amd64 (1.12.16-2) ...
Selecting previously unselected package libavahi-client3:amd64.
Preparing to unpack .../08-libavahi-client3_0.7-5_amd64.deb ...
Unpacking libavahi-client3:amd64 (0.7-5) ...
Selecting previously unselected package libcap2:amd64.
Preparing to unpack .../09-libcap2_1%3a2.32-1_amd64.deb ...
Unpacking libcap2:amd64 (1:2.32-1) ...
Selecting previously unselected package libkeyutils1:amd64.
Preparing to unpack .../10-libkeyutils1_1.6.1-2_amd64.deb ...
Unpacking libkeyutils1:amd64 (1.6.1-2) ...
Selecting previously unselected package libkrb5support0:amd64.
Preparing to unpack .../11-libkrb5support0_1.17-6_amd64.deb ...
Unpacking libkrb5support0:amd64 (1.17-6) ...
Selecting previously unselected package libk5crypto3:amd64.
Preparing to unpack .../12-libk5crypto3_1.17-6_amd64.deb ...
Unpacking libk5crypto3:amd64 (1.17-6) ...
Selecting previously unselected package libssl1.1:amd64.
Preparing to unpack .../13-libssl1.1_1.1.1d-2_amd64.deb ...
Unpacking libssl1.1:amd64 (1.1.1d-2) ...
Selecting previously unselected package libkrb5-3:amd64.
Preparing to unpack .../14-libkrb5-3_1.17-6_amd64.deb ...
Unpacking libkrb5-3:amd64 (1.17-6) ...
Selecting previously unselected package libgssapi-krb5-2:amd64.
Preparing to unpack .../15-libgssapi-krb5-2_1.17-6_amd64.deb ...
Unpacking libgssapi-krb5-2:amd64 (1.17-6) ...
Selecting previously unselected package libcups2:amd64.
Preparing to unpack .../16-libcups2_2.3.1-11_amd64.deb ...
Unpacking libcups2:amd64 (2.3.1-11) ...
Selecting previously unselected package libjansson4:amd64.
Preparing to unpack .../17-libjansson4_2.12-1_amd64.deb ...
Unpacking libjansson4:amd64 (2.12-1) ...
Selecting previously unselected package libsasl2-modules-db:amd64.
Preparing to unpack .../18-libsasl2-modules-db_2.1.27+dfsg-2_amd64.deb ...
Unpacking libsasl2-modules-db:amd64 (2.1.27+dfsg-2) ...
Selecting previously unselected package libsasl2-2:amd64.
Preparing to unpack .../19-libsasl2-2_2.1.27+dfsg-2_amd64.deb ...
Unpacking libsasl2-2:amd64 (2.1.27+dfsg-2) ...
Selecting previously unselected package libldap-common.
Preparing to unpack .../20-libldap-common_2.4.49+dfsg-1_all.deb ...
Unpacking libldap-common (2.4.49+dfsg-1) ...
Selecting previously unselected package libldap-2.4-2:amd64.
Preparing to unpack .../21-libldap-2.4-2_2.4.49+dfsg-1_amd64.deb ...
Unpacking libldap-2.4-2:amd64 (2.4.49+dfsg-1) ...
Selecting previously unselected package liblmdb0:amd64.
Preparing to unpack .../22-liblmdb0_0.9.22-1_amd64.deb ...
Unpacking liblmdb0:amd64 (0.9.22-1) ...
Selecting previously unselected package libtalloc2:amd64.
Preparing to unpack .../23-libtalloc2_2.3.0-3_amd64.deb ...
Unpacking libtalloc2:amd64 (2.3.0-3) ...
Selecting previously unselected package libtdb1:amd64.
Preparing to unpack .../24-libtdb1_1.4.2-3_amd64.deb ...
Unpacking libtdb1:amd64 (1.4.2-3) ...
Selecting previously unselected package libtevent0:amd64.
Preparing to unpack .../25-libtevent0_0.10.1-4_amd64.deb ...
Unpacking libtevent0:amd64 (0.10.1-4) ...
Selecting previously unselected package libldb2:amd64.
Preparing to unpack .../26-libldb2_2%3a2.0.8-1_amd64.deb ...
Unpacking libldb2:amd64 (2:2.0.8-1) ...
Selecting previously unselected package libpopt0:amd64.
Preparing to unpack .../27-libpopt0_1.16-14_amd64.deb ...
Unpacking libpopt0:amd64 (1.16-14) ...
Selecting previously unselected package libpython3.7-minimal:amd64.
Preparing to unpack .../28-libpython3.7-minimal_3.7.6-1+b1_amd64.deb ...
Unpacking libpython3.7-minimal:amd64 (3.7.6-1+b1) ...
Selecting previously unselected package mime-support.
Preparing to unpack .../29-mime-support_3.64_all.deb ...
Unpacking mime-support (3.64) ...
Selecting previously unselected package libmpdec2:amd64.
Preparing to unpack .../30-libmpdec2_2.4.2-2_amd64.deb ...
Unpacking libmpdec2:amd64 (2.4.2-2) ...
Selecting previously unselected package readline-common.
Preparing to unpack .../31-readline-common_8.0-3_all.deb ...
Unpacking readline-common (8.0-3) ...
Selecting previously unselected package libreadline8:amd64.
Preparing to unpack .../32-libreadline8_8.0-3_amd64.deb ...
Unpacking libreadline8:amd64 (8.0-3) ...
Selecting previously unselected package libsqlite3-0:amd64.
Preparing to unpack .../33-libsqlite3-0_3.31.1-3_amd64.deb ...
Unpacking libsqlite3-0:amd64 (3.31.1-3) ...
Selecting previously unselected package libpython3.7-stdlib:amd64.
Preparing to unpack .../34-libpython3.7-stdlib_3.7.6-1+b1_amd64.deb ...
Unpacking libpython3.7-stdlib:amd64 (3.7.6-1+b1) ...
Selecting previously unselected package libexpat1:amd64.
Preparing to unpack .../35-libexpat1_2.2.9-1_amd64.deb ...
Unpacking libexpat1:amd64 (2.2.9-1) ...
Selecting previously unselected package libpython3.7:amd64.
Preparing to unpack .../36-libpython3.7_3.7.6-1+b1_amd64.deb ...
Unpacking libpython3.7:amd64 (3.7.6-1+b1) ...
Selecting previously unselected package libwbclient0:amd64.
Preparing to unpack .../37-libwbclient0_2%3a4.11.5+dfsg-1_amd64.deb ...
Unpacking libwbclient0:amd64 (2:4.11.5+dfsg-1) ...
Selecting previously unselected package python3.7-minimal.
Preparing to unpack .../38-python3.7-minimal_3.7.6-1+b1_amd64.deb ...
Unpacking python3.7-minimal (3.7.6-1+b1) ...
Setting up libssl1.1:amd64 (1.1.1d-2) ...
Setting up libpython3.7-minimal:amd64 (3.7.6-1+b1) ...
Setting up libexpat1:amd64 (2.2.9-1) ...
Setting up python3.7-minimal (3.7.6-1+b1) ...
Selecting previously unselected package python3-minimal.
(Reading database ... 14582 files and directories currently installed.)
Preparing to unpack .../python3-minimal_3.7.5-3_amd64.deb ...
Unpacking python3-minimal (3.7.5-3) ...
Selecting previously unselected package python3.7.
Preparing to unpack .../python3.7_3.7.6-1+b1_amd64.deb ...
Unpacking python3.7 (3.7.6-1+b1) ...
Selecting previously unselected package libpython3-stdlib:amd64.
Preparing to unpack .../libpython3-stdlib_3.7.5-3_amd64.deb ...
Unpacking libpython3-stdlib:amd64 (3.7.5-3) ...
Setting up python3-minimal (3.7.5-3) ...
Selecting previously unselected package python3.
(Reading database ... 14630 files and directories currently installed.)
Preparing to unpack .../00-python3_3.7.5-3_amd64.deb ...
Unpacking python3 (3.7.5-3) ...
Selecting previously unselected package python3-talloc:amd64.
Preparing to unpack .../01-python3-talloc_2.3.0-3_amd64.deb ...
Unpacking python3-talloc:amd64 (2.3.0-3) ...
Selecting previously unselected package samba-libs:amd64.
Preparing to unpack .../02-samba-libs_2%3a4.11.5+dfsg-1_amd64.deb ...
Unpacking samba-libs:amd64 (2:4.11.5+dfsg-1) ...
Selecting previously unselected package libsmbclient:amd64.
Preparing to unpack .../03-libsmbclient_2%3a4.11.5+dfsg-1_amd64.deb ...
Unpacking libsmbclient:amd64 (2:4.11.5+dfsg-1) ...
Selecting previously unselected package libsmbclient-dev:amd64.
Preparing to unpack .../04-libsmbclient-dev_2%3a4.11.5+dfsg-1_amd64.deb ...
Unpacking libsmbclient-dev:amd64 (2:4.11.5+dfsg-1) ...
Selecting previously unselected package sensible-utils.
Preparing to unpack .../05-sensible-utils_0.0.12+nmu1_all.deb ...
Unpacking sensible-utils (0.0.12+nmu1) ...
Selecting previously unselected package libmagic-mgc.
Preparing to unpack .../06-libmagic-mgc_1%3a5.38-4_amd64.deb ...
Unpacking libmagic-mgc (1:5.38-4) ...
Selecting previously unselected package libmagic1:amd64.
Preparing to unpack .../07-libmagic1_1%3a5.38-4_amd64.deb ...
Unpacking libmagic1:amd64 (1:5.38-4) ...
Selecting previously unselected package file.
Preparing to unpack .../08-file_1%3a5.38-4_amd64.deb ...
Unpacking file (1:5.38-4) ...
Selecting previously unselected package gettext-base.
Preparing to unpack .../09-gettext-base_0.19.8.1-10_amd64.deb ...
Unpacking gettext-base (0.19.8.1-10) ...
Selecting previously unselected package libsigsegv2:amd64.
Preparing to unpack .../10-libsigsegv2_2.12-2_amd64.deb ...
Unpacking libsigsegv2:amd64 (2.12-2) ...
Selecting previously unselected package m4.
Preparing to unpack .../11-m4_1.4.18-4_amd64.deb ...
Unpacking m4 (1.4.18-4) ...
Selecting previously unselected package autoconf.
Preparing to unpack .../12-autoconf_2.69-11.1_all.deb ...
Unpacking autoconf (2.69-11.1) ...
Selecting previously unselected package autotools-dev.
Preparing to unpack .../13-autotools-dev_20180224.1_all.deb ...
Unpacking autotools-dev (20180224.1) ...
Selecting previously unselected package automake.
Preparing to unpack .../14-automake_1%3a1.16.1-4_all.deb ...
Unpacking automake (1:1.16.1-4) ...
Selecting previously unselected package autopoint.
Preparing to unpack .../15-autopoint_0.19.8.1-10_all.deb ...
Unpacking autopoint (0.19.8.1-10) ...
Selecting previously unselected package libtool.
Preparing to unpack .../16-libtool_2.4.6-13_all.deb ...
Unpacking libtool (2.4.6-13) ...
Selecting previously unselected package dh-autoreconf.
Preparing to unpack .../17-dh-autoreconf_19_all.deb ...
Unpacking dh-autoreconf (19) ...
Selecting previously unselected package libdebhelper-perl.
Preparing to unpack .../18-libdebhelper-perl_12.9_all.deb ...
Unpacking libdebhelper-perl (12.9) ...
Selecting previously unselected package libarchive-zip-perl.
Preparing to unpack .../19-libarchive-zip-perl_1.67-1_all.deb ...
Unpacking libarchive-zip-perl (1.67-1) ...
Selecting previously unselected package libsub-override-perl.
Preparing to unpack .../20-libsub-override-perl_0.09-2_all.deb ...
Unpacking libsub-override-perl (0.09-2) ...
Selecting previously unselected package libfile-stripnondeterminism-perl.
Preparing to unpack .../21-libfile-stripnondeterminism-perl_1.6.3-2_all.deb ...
Unpacking libfile-stripnondeterminism-perl (1.6.3-2) ...
Selecting previously unselected package dh-strip-nondeterminism.
Preparing to unpack .../22-dh-strip-nondeterminism_1.6.3-2_all.deb ...
Unpacking dh-strip-nondeterminism (1.6.3-2) ...
Selecting previously unselected package libelf1:amd64.
Preparing to unpack .../23-libelf1_0.176-1.1_amd64.deb ...
Unpacking libelf1:amd64 (0.176-1.1) ...
Selecting previously unselected package dwz.
Preparing to unpack .../24-dwz_0.13-5_amd64.deb ...
Unpacking dwz (0.13-5) ...
Selecting previously unselected package libglib2.0-0:amd64.
Preparing to unpack .../25-libglib2.0-0_2.62.4-2_amd64.deb ...
Unpacking libglib2.0-0:amd64 (2.62.4-2) ...
Selecting previously unselected package libicu63:amd64.
Preparing to unpack .../26-libicu63_63.2-2_amd64.deb ...
Unpacking libicu63:amd64 (63.2-2) ...
Selecting previously unselected package libxml2:amd64.
Preparing to unpack .../27-libxml2_2.9.10+dfsg-3_amd64.deb ...
Unpacking libxml2:amd64 (2.9.10+dfsg-3) ...
Selecting previously unselected package libcroco3:amd64.
Preparing to unpack .../28-libcroco3_0.6.13-1_amd64.deb ...
Unpacking libcroco3:amd64 (0.6.13-1) ...
Selecting previously unselected package gettext.
Preparing to unpack .../29-gettext_0.19.8.1-10_amd64.deb ...
Unpacking gettext (0.19.8.1-10) ...
Selecting previously unselected package intltool-debian.
Preparing to unpack .../30-intltool-debian_0.35.0+20060710.5_all.deb ...
Unpacking intltool-debian (0.35.0+20060710.5) ...
Selecting previously unselected package po-debconf.
Preparing to unpack .../31-po-debconf_1.0.21_all.deb ...
Unpacking po-debconf (1.0.21) ...
Selecting previously unselected package debhelper.
Preparing to unpack .../32-debhelper_12.9_all.deb ...
Unpacking debhelper (12.9) ...
Selecting previously unselected package pkg-config.
Preparing to unpack .../33-pkg-config_0.29-6_amd64.deb ...
Unpacking pkg-config (0.29-6) ...
Selecting previously unselected package sbuild-build-depends-main-dummy.
Preparing to unpack .../34-sbuild-build-depends-main-dummy_0.invalid.0_amd64.deb ...
Unpacking sbuild-build-depends-main-dummy (0.invalid.0) ...
Setting up libpipeline1:amd64 (1.5.2-2) ...
Setting up liblmdb0:amd64 (0.9.22-1) ...
Setting up libkeyutils1:amd64 (1.6.1-2) ...
Setting up mime-support (3.64) ...
Setting up libmagic-mgc (1:5.38-4) ...
Setting up libarchive-zip-perl (1.67-1) ...
Setting up libglib2.0-0:amd64 (2.62.4-2) ...
No schema files found: doing nothing.
Setting up libtdb1:amd64 (1.4.2-3) ...
Setting up libdebhelper-perl (12.9) ...
Setting up libsqlite3-0:amd64 (3.31.1-3) ...
Setting up libmagic1:amd64 (1:5.38-4) ...
Setting up gettext-base (0.19.8.1-10) ...
Setting up file (1:5.38-4) ...
Setting up libldap-common (2.4.49+dfsg-1) ...
Setting up libicu63:amd64 (63.2-2) ...
Setting up libcap2:amd64 (1:2.32-1) ...
Setting up libjansson4:amd64 (2.12-1) ...
Setting up libkrb5support0:amd64 (1.17-6) ...
Setting up libsasl2-modules-db:amd64 (2.1.27+dfsg-2) ...
Setting up libtalloc2:amd64 (2.3.0-3) ...
Setting up autotools-dev (20180224.1) ...
Setting up libtevent0:amd64 (0.10.1-4) ...
Setting up libavahi-common-data:amd64 (0.7-5) ...
Setting up libdbus-1-3:amd64 (1.12.16-2) ...
Setting up libsigsegv2:amd64 (2.12-2) ...
Setting up bsdmainutils (11.1.2+b1) ...
update-alternatives: using /usr/bin/bsd-write to provide /usr/bin/write (write) in auto mode
update-alternatives: using /usr/bin/bsd-from to provide /usr/bin/from (from) in auto mode
Setting up autopoint (0.19.8.1-10) ...
Setting up pkg-config (0.29-6) ...
Setting up libk5crypto3:amd64 (1.17-6) ...
Setting up libsasl2-2:amd64 (2.1.27+dfsg-2) ...
Setting up sensible-utils (0.0.12+nmu1) ...
Setting up libuchardet0:amd64 (0.0.6-3) ...
Setting up libsub-override-perl (0.09-2) ...
Setting up libkrb5-3:amd64 (1.17-6) ...
Setting up libmpdec2:amd64 (2.4.2-2) ...
Setting up libelf1:amd64 (0.176-1.1) ...
Setting up readline-common (8.0-3) ...
Setting up libxml2:amd64 (2.9.10+dfsg-3) ...
Setting up libpopt0:amd64 (1.16-14) ...
Setting up libfile-stripnondeterminism-perl (1.6.3-2) ...
Setting up libtool (2.4.6-13) ...
Setting up libreadline8:amd64 (8.0-3) ...
Setting up libavahi-common3:amd64 (0.7-5) ...
Setting up libldap-2.4-2:amd64 (2.4.49+dfsg-1) ...
Setting up m4 (1.4.18-4) ...
Setting up libwbclient0:amd64 (2:4.11.5+dfsg-1) ...
Setting up libgssapi-krb5-2:amd64 (1.17-6) ...
Setting up libcroco3:amd64 (0.6.13-1) ...
Setting up autoconf (2.69-11.1) ...
Setting up dh-strip-nondeterminism (1.6.3-2) ...
Setting up dwz (0.13-5) ...
Setting up groff-base (1.22.4-4) ...
Setting up libldb2:amd64 (2:2.0.8-1) ...
Setting up libavahi-client3:amd64 (0.7-5) ...
Setting up automake (1:1.16.1-4) ...
update-alternatives: using /usr/bin/automake-1.16 to provide /usr/bin/automake (automake) in auto mode
Setting up libpython3.7-stdlib:amd64 (3.7.6-1+b1) ...
Setting up gettext (0.19.8.1-10) ...
Setting up libpython3.7:amd64 (3.7.6-1+b1) ...
Setting up man-db (2.9.0-2) ...
Not building database; man-db/auto-update is not 'true'.
Setting up intltool-debian (0.35.0+20060710.5) ...
Setting up libcups2:amd64 (2.3.1-11) ...
Setting up libpython3-stdlib:amd64 (3.7.5-3) ...
Setting up python3.7 (3.7.6-1+b1) ...
Setting up po-debconf (1.0.21) ...
Setting up python3 (3.7.5-3) ...
Setting up python3-talloc:amd64 (2.3.0-3) ...
Setting up samba-libs:amd64 (2:4.11.5+dfsg-1) ...
Setting up libsmbclient:amd64 (2:4.11.5+dfsg-1) ...
Setting up libsmbclient-dev:amd64 (2:4.11.5+dfsg-1) ...
Setting up dh-autoreconf (19) ...
Setting up debhelper (12.9) ...
Setting up sbuild-build-depends-main-dummy (0.invalid.0) ...
Processing triggers for libc-bin (2.29-10) ...

+------------------------------------------------------------------------------+
| Check architectures                                                          |
+------------------------------------------------------------------------------+

Arch check ok (amd64 included in any)

+------------------------------------------------------------------------------+
| Build environment                                                            |
+------------------------------------------------------------------------------+

Kernel: Linux 4.19.0-6-cloud-amd64 #1 SMP Debian 4.19.67-2+deb10u2 (2019-11-11) amd64 (x86_64)
Toolchain package versions: binutils_2.34-3 dpkg-dev_1.19.7 g++-9_9.2.1-29 gcc-9_9.2.1-29 libc6-dev_2.29-10 libstdc++-9-dev_9.2.1-29 libstdc++6_10-20200222-1 linux-libc-dev_5.4.19-1
Package versions: adduser_3.118 apt_1.8.4 autoconf_2.69-11.1 automake_1:1.16.1-4 autopoint_0.19.8.1-10 autotools-dev_20180224.1 base-files_11 base-passwd_3.5.47 bash_5.0-5 binutils_2.34-3 binutils-common_2.34-3 binutils-x86-64-linux-gnu_2.34-3 bsdmainutils_11.1.2+b1 bsdutils_1:2.34-0.1 build-essential_12.8 bzip2_1.0.8-2 clang-10_1:10.0.0~+rc2-1 coreutils_8.30-3+b1 cpp_4:9.2.1-3.1 cpp-9_9.2.1-29 dash_0.5.10.2-6 debconf_1.5.73 debhelper_12.9 debian-archive-keyring_2019.1 debianutils_4.9.1 dh-autoreconf_19 dh-strip-nondeterminism_1.6.3-2 diffutils_1:3.7-3 dpkg_1.19.7 dpkg-dev_1.19.7 dwz_0.13-5 e2fsprogs_1.45.5-2 fakeroot_1.24-1 fdisk_2.34-0.1 file_1:5.38-4 findutils_4.7.0-1 g++_4:9.2.1-3.1 g++-9_9.2.1-29 gcc_4:9.2.1-3.1 gcc-10-base_10-20200222-1 gcc-9_9.2.1-29 gcc-9-base_9.2.1-29 gettext_0.19.8.1-10 gettext-base_0.19.8.1-10 gpgv_2.2.19-1 grep_3.4-1 groff-base_1.22.4-4 gzip_1.9-3+b1 hostname_3.23 init-system-helpers_1.57 intltool-debian_0.35.0+20060710.5 lib32gcc-s1_10-20200222-1 lib32gcc1_1:10-20200222-1 lib32stdc++6_10-20200222-1 libacl1_2.2.53-5 libapt-pkg5.0_1.8.4 libarchive-zip-perl_1.67-1 libasan5_9.2.1-29 libatomic1_10-20200222-1 libattr1_1:2.4.48-5 libaudit-common_1:2.8.5-2 libaudit1_1:2.8.5-2+b1 libavahi-client3_0.7-5 libavahi-common-data_0.7-5 libavahi-common3_0.7-5 libbinutils_2.34-3 libblkid1_2.34-0.1 libbsd0_0.10.0-1 libbz2-1.0_1.0.8-2 libc-bin_2.29-10 libc-dev-bin_2.29-10 libc6_2.29-10 libc6-dev_2.29-10 libc6-i386_2.29-10 libcap-ng0_0.7.9-2.1+b1 libcap2_1:2.32-1 libcc1-0_10-20200222-1 libclang-common-10-dev_1:10.0.0~+rc2-1 libclang-cpp10_1:10.0.0~+rc2-1 libclang1-10_1:10.0.0~+rc2-1 libcom-err2_1.45.5-2 libcroco3_0.6.13-1 libcrypt-dev_1:4.4.10-10 libcrypt1_1:4.4.10-10 libctf-nobfd0_2.34-3 libctf0_2.34-3 libcups2_2.3.1-11 libdb5.3_5.3.28+dfsg1-0.6 libdbus-1-3_1.12.16-2 libdebconfclient0_0.251 libdebhelper-perl_12.9 libdpkg-perl_1.19.7 libedit2_3.1-20191231-1 libelf1_0.176-1.1 libexpat1_2.2.9-1 libext2fs2_1.45.5-2 libfakeroot_1.24-1 libfdisk1_2.34-0.1 libffi7_3.3-3 libfile-stripnondeterminism-perl_1.6.3-2 libgc1c2_1:7.6.4-0.4 libgcc-9-dev_9.2.1-29 libgcc-s1_10-20200222-1 libgcc1_1:10-20200222-1 libgcrypt20_1.8.5-5 libgdbm-compat4_1.18.1-5 libgdbm6_1.18.1-5 libglib2.0-0_2.62.4-2 libgmp10_2:6.2.0+dfsg-4 libgnutls30_3.6.12-2 libgomp1_10-20200222-1 libgpg-error0_1.37-1 libgssapi-krb5-2_1.17-6 libhogweed5_3.5.1+really3.5.1-2 libicu63_63.2-2 libidn2-0_2.2.0-2 libisl22_0.22.1-1 libitm1_10-20200222-1 libjansson4_2.12-1 libk5crypto3_1.17-6 libkeyutils1_1.6.1-2 libkrb5-3_1.17-6 libkrb5support0_1.17-6 libldap-2.4-2_2.4.49+dfsg-1 libldap-common_2.4.49+dfsg-1 libldb2_2:2.0.8-1 libllvm10_1:10.0.0~+rc2-1 liblmdb0_0.9.22-1 liblsan0_10-20200222-1 liblz4-1_1.9.2-2 liblzma5_5.2.4-1+b1 libmagic-mgc_1:5.38-4 libmagic1_1:5.38-4 libmount1_2.34-0.1 libmpc3_1.1.0-1 libmpdec2_2.4.2-2 libmpfr6_4.0.2-1 libncursesw6_6.1+20191019-1 libnettle7_3.5.1+really3.5.1-2 libobjc-9-dev_9.2.1-29 libobjc4_10-20200222-1 libomp-10-dev_1:10.0.0~+rc2-1 libomp5-10_1:10.0.0~+rc2-1 libp11-kit0_0.23.20-1 libpam-modules_1.3.1-5 libpam-modules-bin_1.3.1-5 libpam-runtime_1.3.1-5 libpam0g_1.3.1-5 libpcre2-8-0_10.34-7 libpcre3_2:8.39-12+b1 libperl5.30_5.30.0-9 libpipeline1_1.5.2-2 libpopt0_1.16-14 libpython3-stdlib_3.7.5-3 libpython3.7_3.7.6-1+b1 libpython3.7-minimal_3.7.6-1+b1 libpython3.7-stdlib_3.7.6-1+b1 libquadmath0_10-20200222-1 libreadline8_8.0-3 libsasl2-2_2.1.27+dfsg-2 libsasl2-modules-db_2.1.27+dfsg-2 libseccomp2_2.4.2-2 libselinux1_3.0-1+b1 libsemanage-common_3.0-1 libsemanage1_3.0-1+b1 libsepol1_3.0-1 libsigsegv2_2.12-2 libsmartcols1_2.34-0.1 libsmbclient_2:4.11.5+dfsg-1 libsmbclient-dev_2:4.11.5+dfsg-1 libsqlite3-0_3.31.1-3 libss2_1.45.5-2 libssl1.1_1.1.1d-2 libstdc++-9-dev_9.2.1-29 libstdc++6_10-20200222-1 libsub-override-perl_0.09-2 libsystemd0_244.3-1 libtalloc2_2.3.0-3 libtasn1-6_4.16.0-2 libtdb1_1.4.2-3 libtevent0_0.10.1-4 libtinfo6_6.1+20191019-1 libtool_2.4.6-13 libtsan0_10-20200222-1 libubsan1_10-20200222-1 libuchardet0_0.0.6-3 libudev1_244.3-1 libunistring2_0.9.10-2 libuuid1_2.34-0.1 libwbclient0_2:4.11.5+dfsg-1 libxml2_2.9.10+dfsg-3 libz3-4_4.8.7-4 libzstd1_1.4.4+dfsg-3 linux-libc-dev_5.4.19-1 login_1:4.8.1-1 logsave_1.45.5-2 lsb-base_11.1.0 m4_1.4.18-4 make_4.2.1-1.2 man-db_2.9.0-2 mawk_1.3.4.20200120-2 mime-support_3.64 mount_2.34-0.1 ncurses-base_6.1+20191019-1 ncurses-bin_6.1+20191019-1 passwd_1:4.8.1-1 patch_2.7.6-6 perl_5.30.0-9 perl-base_5.30.0-9 perl-modules-5.30_5.30.0-9 pkg-config_0.29-6 po-debconf_1.0.21 python3_3.7.5-3 python3-minimal_3.7.5-3 python3-talloc_2.3.0-3 python3.7_3.7.6-1+b1 python3.7-minimal_3.7.6-1+b1 readline-common_8.0-3 samba-libs_2:4.11.5+dfsg-1 sbuild-build-depends-main-dummy_0.invalid.0 sed_4.7-1 sensible-utils_0.0.12+nmu1 sysvinit-utils_2.96-2.1 tar_1.30+dfsg-6+b1 tzdata_2019c-3 util-linux_2.34-0.1 xz-utils_5.2.4-1+b1 zlib1g_1:1.2.11.dfsg-2

+------------------------------------------------------------------------------+
| Build                                                                        |
+------------------------------------------------------------------------------+


Unpack source
-------------

-----BEGIN PGP SIGNED MESSAGE-----
Hash: SHA512

Format: 3.0 (quilt)
Source: libfilesys-smbclient-perl
Binary: libfilesys-smbclient-perl
Architecture: any
Version: 3.2-3
Maintainer: Debian Perl Group <pkg-perl-maintainers@lists.alioth.debian.org>
Uploaders: Damyan Ivanov <dmn@debian.org>, gregor herrmann <gregoa@debian.org>, Xavier Guimard <x.guimard@free.fr>
Homepage: https://metacpan.org/release/Filesys-SmbClient
Standards-Version: 4.2.1
Vcs-Browser: https://salsa.debian.org/perl-team/modules/packages/libfilesys-smbclient-perl
Vcs-Git: https://salsa.debian.org/perl-team/modules/packages/libfilesys-smbclient-perl.git
Testsuite: autopkgtest-pkg-perl
Build-Depends: debhelper (>= 10), libsmbclient-dev, pkg-config, perl
Package-List:
 libfilesys-smbclient-perl deb perl optional arch=any
Checksums-Sha1:
 20a0b91d5efc092b13aa1ed93d2ad278d2f074a4 52010 libfilesys-smbclient-perl_3.2.orig.tar.gz
 2ac24d7d27875db90266b871aa40ace9b1e51728 5476 libfilesys-smbclient-perl_3.2-3.debian.tar.xz
Checksums-Sha256:
 a9f2f3d4675de76f9dcae2be40bda93495cd5fafb1bb6326d71833cea451bc6e 52010 libfilesys-smbclient-perl_3.2.orig.tar.gz
 df6b58775afc342dc1b5bd2916c9b5e9d4251e3b65178f5c9fa31a2684040e5b 5476 libfilesys-smbclient-perl_3.2-3.debian.tar.xz
Files:
 8a4205fe748aac7f43fb2a0e8ef502b2 52010 libfilesys-smbclient-perl_3.2.orig.tar.gz
 49ecf6b8867340f36afe6a21d55da049 5476 libfilesys-smbclient-perl_3.2-3.debian.tar.xz

-----BEGIN PGP SIGNATURE-----

iQKTBAEBCgB9FiEE0eExbpOnYKgQTYX6uzpoAYZJqgYFAluC3oBfFIAAAAAALgAo
aXNzdWVyLWZwckBub3RhdGlvbnMub3BlbnBncC5maWZ0aGhvcnNlbWFuLm5ldEQx
RTEzMTZFOTNBNzYwQTgxMDREODVGQUJCM0E2ODAxODY0OUFBMDYACgkQuzpoAYZJ
qgaC8RAAm1h4CmNRbKKHVNXPyHbaT3mBBOw60LNNHytcVGEkLhJ7G508U0a59aKs
CgCN52sd559B1smwt6ktf9HY2MijVIfvVoVsMUOVqxVECp/Po0nsFJBAnH5Im+zg
dJ8Hge45tfmZMej0NjSe2P4p/MK4+IrLRwaa2ORcK5vU+gGPyEn0yvwl7/lgmh2v
gDXDUBc1hTmXIKxCG8Hke43Bn6455Nn0JJY6Qg0yikn4dcnKBF80Ca1x3WVOIqs2
w8ITvHzHiSm9ber5ON4Hzpg/xihIHCGWgtDbT7f3gjJvhlQkEWg73GZgmsg1G8PQ
0zQekOLutuALj3/o78oq0XQPGt5f+k3rx8ybCTlfGpZqI4HgfIJxqqjcjzvyVhQ1
UIC1fdOjtU72K33ZrpJEAz4L/DflGbEO1C+uKpml7ssp049c3RZbVmsUEN2FIPbp
bQ7im6mSMiCcX7OucE9ZMtF4Ve+zrMzSQ5qjEfJzykj2/4qFJq2Q6Og2LF7/PpiQ
ttSGGfbbQSOaAo9p2fDwG0xDPnbjg/rof2G5sKKKpUCNtRbQMkJPCZ1M2HV0CTZA
339GjrYUXQW9Df5xFUMMEc9ucAMk4U7z+kiLtBFmkFW+fN8ZhuibV7pC2iLhXaiN
Tdr7oqrZ69dBpkFTkyZgV8QdS/C2mtlkt9Qwp65iVVjzYI74nME=
=/x2j
-----END PGP SIGNATURE-----

gpgv: unknown type of key resource 'trustedkeys.kbx'
gpgv: keyblock resource '/sbuild-nonexistent/.gnupg/trustedkeys.kbx': General error
gpgv: Signature made Sun Aug 26 17:08:16 2018 UTC
gpgv:                using RSA key D1E1316E93A760A8104D85FABB3A68018649AA06
gpgv: Can't check signature: No public key
dpkg-source: warning: failed to verify signature on ./libfilesys-smbclient-perl_3.2-3.dsc
dpkg-source: info: extracting libfilesys-smbclient-perl in /<<PKGBUILDDIR>>
dpkg-source: info: unpacking libfilesys-smbclient-perl_3.2.orig.tar.gz
dpkg-source: info: unpacking libfilesys-smbclient-perl_3.2-3.debian.tar.xz
dpkg-source: info: using patch list from debian/patches/series
dpkg-source: info: applying 10_Makefile.PL.patch
dpkg-source: info: applying pod-error.patch
dpkg-source: info: applying samba4.patch
dpkg-source: info: applying spelling-error-in-pod.patch

Check disk space
----------------

Sufficient free space for build

User Environment
----------------

APT_CONFIG=/var/lib/sbuild/apt.conf
HOME=/sbuild-nonexistent
LANG=C.UTF-8
LC_ALL=C.UTF-8
LOGNAME=user42
PATH=/usr/local/sbin:/usr/local/bin:/usr/sbin:/usr/bin:/sbin:/bin:/usr/games
SCHROOT_ALIAS_NAME=unstable
SCHROOT_CHROOT_NAME=sid-amd64-sbuild
SCHROOT_COMMAND=env
SCHROOT_GID=1001
SCHROOT_GROUP=user42
SCHROOT_SESSION_ID=sid-amd64-sbuild-a3bbede7-57e8-4758-ba05-4d1bcf211437
SCHROOT_UID=1001
SCHROOT_USER=user42
SHELL=/bin/sh
USER=user42

dpkg-buildpackage
-----------------

Command: dpkg-buildpackage -us -uc -b -rfakeroot
dpkg-buildpackage: info: source package libfilesys-smbclient-perl
dpkg-buildpackage: info: source version 3.2-3
dpkg-buildpackage: info: source distribution unstable
dpkg-buildpackage: info: source changed by Xavier Guimard <x.guimard@free.fr>
 dpkg-source --before-build .
dpkg-buildpackage: info: host architecture amd64
 fakeroot debian/rules clean
dh clean --buildsystem=perl_makemaker
   dh_auto_clean -O--buildsystem=perl_makemaker
   dh_autoreconf_clean -O--buildsystem=perl_makemaker
   dh_clean -O--buildsystem=perl_makemaker
 debian/rules build
dh build --buildsystem=perl_makemaker
   dh_update_autotools_config -O--buildsystem=perl_makemaker
   dh_autoreconf -O--buildsystem=perl_makemaker
aclocal: warning: autoconf input should be named 'configure.ac', not 'configure.in'
   dh_auto_configure -O--buildsystem=perl_makemaker
	perl -I. Makefile.PL INSTALLDIRS=vendor "OPTIMIZE=-g -O2 -fdebug-prefix-map=/<<PKGBUILDDIR>>=. -fstack-protector-strong -Wformat -Werror=format-security -Wdate-time -D_FORTIFY_SOURCE=2" "LD=x86_64-linux-gnu-gcc -g -O2 -fdebug-prefix-map=/<<PKGBUILDDIR>>=. -fstack-protector-strong -Wformat -Werror=format-security -Wl,-z,relro -Wl,-z,now"
checking for gcc... gcc
checking whether the C compiler works... yes
checking for C compiler default output file name... a.out
checking for suffix of executables... 
checking whether we are cross compiling... no
checking for suffix of object files... o
checking whether we are using the GNU C compiler... yes
checking whether gcc accepts -g... yes
checking for gcc option to accept ISO C89... none needed
checking how to run the C preprocessor... gcc -E
checking for grep that handles long lines and -e... /bin/grep
checking for egrep... /bin/grep -E
checking for ANSI C header files... yes
checking for sys/types.h... yes
checking for sys/stat.h... yes
checking for stdlib.h... yes
checking for string.h... yes
checking for memory.h... yes
checking for strings.h... yes
checking for inttypes.h... yes
checking for stdint.h... yes
checking for unistd.h... yes
checking for size_t... yes
checking for working alloca.h... yes
checking for alloca... yes
checking for smbc_mkdir in -lsmbclient... yes
checking for smbc_open in -lsmbclient... yes
checking for smbc_fstat in -lsmbclient... yes
checking for smbc_init_context in -lsmbclient... yes
You don't define SMBCTXX->flags. Samba older than 3.0.11. Filesys::SmbClient::set_flag will not work
You use SMBCTXX->close (release < 3.0.20). 
configure: creating ./config.status
config.status: creating config.h
Checking if your kit is complete...
Looks good
Generating a Unix-style Makefile
Writing Makefile for Filesys::SmbClient
Writing MYMETA.yml and MYMETA.json
   dh_auto_build -O--buildsystem=perl_makemaker
	make -j4
make[1]: Entering directory '/<<PKGBUILDDIR>>'
Running Mkbootstrap for SmbClient ()
chmod 644 "SmbClient.bs"
x86_64-linux-gnu-gcc -c  -I/usr/include/samba-4.0 -D_REENTRANT -D_GNU_SOURCE -DDEBIAN -fwrapv -fno-strict-aliasing -pipe -I/usr/local/include -D_LARGEFILE_SOURCE -D_FILE_OFFSET_BITS=64 -g -O2 -fdebug-prefix-map=/<<PKGBUILDDIR>>=. -fstack-protector-strong -Wformat -Werror=format-security -Wdate-time -D_FORTIFY_SOURCE=2   -DVERSION=\"3.2\" -DXS_VERSION=\"3.2\" -fPIC "-I/usr/lib/x86_64-linux-gnu/perl/5.30/CORE"   libauthSamba.c
cp SmbClient.pm blib/lib/Filesys/SmbClient.pm
AutoSplitting blib/lib/Filesys/SmbClient.pm (blib/lib/auto/Filesys/SmbClient)
"/usr/bin/perl" "/usr/share/perl/5.30/ExtUtils/xsubpp"  -typemap '/usr/share/perl/5.30/ExtUtils/typemap' -typemap '/<<PKGBUILDDIR>>/typemap'  SmbClient.xs > SmbClient.xsc
"/usr/bin/perl" -MExtUtils::Command::MM -e 'cp_nonempty' -- SmbClient.bs blib/arch/auto/Filesys/SmbClient/SmbClient.bs 644
libauthSamba.c:80:3: warning: ignoring return value of function declared with 'warn_unused_result' attribute [-Wunused-result]
  fgets(temp, sizeof(temp), stdin);
  ^~~~~ ~~~~~~~~~~~~~~~~~~~~~~~~~
libauthSamba.c:88:3: warning: ignoring return value of function declared with 'warn_unused_result' attribute [-Wunused-result]
  fgets(temp, sizeof(temp), stdin);
  ^~~~~ ~~~~~~~~~~~~~~~~~~~~~~~~~
libauthSamba.c:96:3: warning: ignoring return value of function declared with 'warn_unused_result' attribute [-Wunused-result]
  fgets(temp, sizeof(temp), stdin);
  ^~~~~ ~~~~~~~~~~~~~~~~~~~~~~~~~
3 warnings generated.
mv SmbClient.xsc SmbClient.c
x86_64-linux-gnu-gcc -c  -I/usr/include/samba-4.0 -D_REENTRANT -D_GNU_SOURCE -DDEBIAN -fwrapv -fno-strict-aliasing -pipe -I/usr/local/include -D_LARGEFILE_SOURCE -D_FILE_OFFSET_BITS=64 -g -O2 -fdebug-prefix-map=/<<PKGBUILDDIR>>=. -fstack-protector-strong -Wformat -Werror=format-security -Wdate-time -D_FORTIFY_SOURCE=2   -DVERSION=\"3.2\" -DXS_VERSION=\"3.2\" -fPIC "-I/usr/lib/x86_64-linux-gnu/perl/5.30/CORE"   SmbClient.c
SmbClient.xs:104:19: warning: 'mkdir' is deprecated [-Wdeprecated-declarations]
RETVAL = context->mkdir(context, fname, mode);
                  ^
/usr/include/samba-4.0/libsmbclient.h:3118:47: note: 'mkdir' has been explicitly marked deprecated here
        smbc_mkdir_fn                   mkdir DEPRECATED_SMBC_INTERFACE;
                                              ^
/usr/include/samba-4.0/libsmbclient.h:30:57: note: expanded from macro 'DEPRECATED_SMBC_INTERFACE'
# define DEPRECATED_SMBC_INTERFACE      __attribute__ ((deprecated))
                                                        ^
SmbClient.xs:128:19: warning: 'rmdir' is deprecated [-Wdeprecated-declarations]
RETVAL = context->rmdir(context, fname);
                  ^
/usr/include/samba-4.0/libsmbclient.h:3119:47: note: 'rmdir' has been explicitly marked deprecated here
        smbc_rmdir_fn                   rmdir DEPRECATED_SMBC_INTERFACE;
                                              ^
/usr/include/samba-4.0/libsmbclient.h:30:57: note: expanded from macro 'DEPRECATED_SMBC_INTERFACE'
# define DEPRECATED_SMBC_INTERFACE      __attribute__ ((deprecated))
                                                        ^
SmbClient.xs:150:21: warning: 'opendir' is deprecated [-Wdeprecated-declarations]
  RETVAL = context->opendir(context, fname);
                    ^
/usr/include/samba-4.0/libsmbclient.h:3113:49: note: 'opendir' has been explicitly marked deprecated here
        smbc_opendir_fn                 opendir DEPRECATED_SMBC_INTERFACE;
                                                ^
/usr/include/samba-4.0/libsmbclient.h:30:57: note: expanded from macro 'DEPRECATED_SMBC_INTERFACE'
# define DEPRECATED_SMBC_INTERFACE      __attribute__ ((deprecated))
                                                        ^
SmbClient.xs:177:19: warning: 'closedir' is deprecated [-Wdeprecated-declarations]
RETVAL = context->closedir(context, fd);
                  ^
/usr/include/samba-4.0/libsmbclient.h:3114:50: note: 'closedir' has been explicitly marked deprecated here
        smbc_closedir_fn                closedir DEPRECATED_SMBC_INTERFACE;
                                                 ^
/usr/include/samba-4.0/libsmbclient.h:30:57: note: expanded from macro 'DEPRECATED_SMBC_INTERFACE'
# define DEPRECATED_SMBC_INTERFACE      __attribute__ ((deprecated))
                                                        ^
SmbClient.xs:209:41: warning: 'readdir' is deprecated [-Wdeprecated-declarations]
  dirp = (struct smbc_dirent *)context->readdir(context, fd);
                                        ^
/usr/include/samba-4.0/libsmbclient.h:3115:49: note: 'readdir' has been explicitly marked deprecated here
        smbc_readdir_fn                 readdir DEPRECATED_SMBC_INTERFACE;
                                                ^
/usr/include/samba-4.0/libsmbclient.h:30:57: note: expanded from macro 'DEPRECATED_SMBC_INTERFACE'
# define DEPRECATED_SMBC_INTERFACE      __attribute__ ((deprecated))
                                                        ^
SmbClient.xs:237:16: warning: 'stat' is deprecated [-Wdeprecated-declarations]
  i = context->stat(context, fname, &buf);
               ^
/usr/include/samba-4.0/libsmbclient.h:3107:46: note: 'stat' has been explicitly marked deprecated here
        smbc_stat_fn                    stat DEPRECATED_SMBC_INTERFACE;
                                             ^
/usr/include/samba-4.0/libsmbclient.h:30:57: note: expanded from macro 'DEPRECATED_SMBC_INTERFACE'
# define DEPRECATED_SMBC_INTERFACE      __attribute__ ((deprecated))
                                                        ^
SmbClient.xs:273:14: warning: 'fstat' is deprecated [-Wdeprecated-declarations]
i = context->fstat(context, fd, &buf);
             ^
/usr/include/samba-4.0/libsmbclient.h:3108:47: note: 'fstat' has been explicitly marked deprecated here
        smbc_fstat_fn                   fstat DEPRECATED_SMBC_INTERFACE;
                                              ^
/usr/include/samba-4.0/libsmbclient.h:30:57: note: expanded from macro 'DEPRECATED_SMBC_INTERFACE'
# define DEPRECATED_SMBC_INTERFACE      __attribute__ ((deprecated))
                                                        ^
SmbClient.xs:305:19: warning: 'rename' is deprecated [-Wdeprecated-declarations]
RETVAL = context->rename(context, oname, context, nname);
                  ^
/usr/include/samba-4.0/libsmbclient.h:3105:48: note: 'rename' has been explicitly marked deprecated here
        smbc_rename_fn                  rename DEPRECATED_SMBC_INTERFACE;
                                               ^
/usr/include/samba-4.0/libsmbclient.h:30:57: note: expanded from macro 'DEPRECATED_SMBC_INTERFACE'
# define DEPRECATED_SMBC_INTERFACE      __attribute__ ((deprecated))
                                                        ^
SmbClient.xs:350:19: warning: 'open' is deprecated [-Wdeprecated-declarations]
RETVAL = context->open(context, fname, flags, mode);    
                  ^
/usr/include/samba-4.0/libsmbclient.h:3100:46: note: 'open' has been explicitly marked deprecated here
        smbc_open_fn                    open DEPRECATED_SMBC_INTERFACE;
                                             ^
/usr/include/samba-4.0/libsmbclient.h:30:57: note: expanded from macro 'DEPRECATED_SMBC_INTERFACE'
# define DEPRECATED_SMBC_INTERFACE      __attribute__ ((deprecated))
                                                        ^
SmbClient.xs:361:33: warning: 'lseek' is deprecated [-Wdeprecated-declarations]
} else if (seek_end) { context->lseek(context, RETVAL, 0, SEEK_END); }
                                ^
/usr/include/samba-4.0/libsmbclient.h:3106:47: note: 'lseek' has been explicitly marked deprecated here
        smbc_lseek_fn                   lseek DEPRECATED_SMBC_INTERFACE;
                                              ^
/usr/include/samba-4.0/libsmbclient.h:30:57: note: expanded from macro 'DEPRECATED_SMBC_INTERFACE'
# define DEPRECATED_SMBC_INTERFACE      __attribute__ ((deprecated))
                                                        ^
SmbClient.xs:380:26: warning: 'read' is deprecated [-Wdeprecated-declarations]
  returnValue = context->read(context, fd, buf, count);
                         ^
/usr/include/samba-4.0/libsmbclient.h:3102:46: note: 'read' has been explicitly marked deprecated here
        smbc_read_fn                    read DEPRECATED_SMBC_INTERFACE;
                                             ^
/usr/include/samba-4.0/libsmbclient.h:30:57: note: expanded from macro 'DEPRECATED_SMBC_INTERFACE'
# define DEPRECATED_SMBC_INTERFACE      __attribute__ ((deprecated))
                                                        ^
SmbClient.xs:404:19: warning: 'write' is deprecated [-Wdeprecated-declarations]
  RETVAL=context->write(context, fd, buf, count);
                  ^
/usr/include/samba-4.0/libsmbclient.h:3103:47: note: 'write' has been explicitly marked deprecated here
        smbc_write_fn                   write DEPRECATED_SMBC_INTERFACE;
                                              ^
/usr/include/samba-4.0/libsmbclient.h:30:57: note: expanded from macro 'DEPRECATED_SMBC_INTERFACE'
# define DEPRECATED_SMBC_INTERFACE      __attribute__ ((deprecated))
                                                        ^
SmbClient.xs:430:19: warning: 'lseek' is deprecated [-Wdeprecated-declarations]
  RETVAL=context->lseek(context, fd, offset, whence);
                  ^
/usr/include/samba-4.0/libsmbclient.h:3106:47: note: 'lseek' has been explicitly marked deprecated here
        smbc_lseek_fn                   lseek DEPRECATED_SMBC_INTERFACE;
                                              ^
/usr/include/samba-4.0/libsmbclient.h:30:57: note: expanded from macro 'DEPRECATED_SMBC_INTERFACE'
# define DEPRECATED_SMBC_INTERFACE      __attribute__ ((deprecated))
                                                        ^
SmbClient.xs:457:19: warning: 'close_fn' is deprecated [-Wdeprecated-declarations]
  RETVAL=context->close_fn(context, fd);
                  ^
/usr/include/samba-4.0/libsmbclient.h:3112:50: note: 'close_fn' has been explicitly marked deprecated here
        smbc_close_fn                   close_fn DEPRECATED_SMBC_INTERFACE;
                                                 ^
/usr/include/samba-4.0/libsmbclient.h:30:57: note: expanded from macro 'DEPRECATED_SMBC_INTERFACE'
# define DEPRECATED_SMBC_INTERFACE      __attribute__ ((deprecated))
                                                        ^
SmbClient.xs:472:21: warning: 'unlink' is deprecated [-Wdeprecated-declarations]
  RETVAL = context->unlink(context, fname);
                    ^
/usr/include/samba-4.0/libsmbclient.h:3104:48: note: 'unlink' has been explicitly marked deprecated here
        smbc_unlink_fn                  unlink DEPRECATED_SMBC_INTERFACE;
                                               ^
/usr/include/samba-4.0/libsmbclient.h:30:57: note: expanded from macro 'DEPRECATED_SMBC_INTERFACE'
# define DEPRECATED_SMBC_INTERFACE      __attribute__ ((deprecated))
                                                        ^
15 warnings generated.
rm -f blib/arch/auto/Filesys/SmbClient/SmbClient.so
x86_64-linux-gnu-gcc -g -O2 -fdebug-prefix-map=/<<PKGBUILDDIR>>=. -fstack-protector-strong -Wformat -Werror=format-security -Wl,-z,relro -Wl,-z,now  -shared -L/usr/local/lib -fstack-protector-strong  libauthSamba.o SmbClient.o  -o blib/arch/auto/Filesys/SmbClient/SmbClient.so  \
   -L/usr/lib/x86_64-linux-gnu -lsmbclient   \
  
chmod 755 blib/arch/auto/Filesys/SmbClient/SmbClient.so
Manifying 1 pod document
make[1]: Leaving directory '/<<PKGBUILDDIR>>'
   dh_auto_test -O--buildsystem=perl_makemaker
	make -j4 test TEST_VERBOSE=1
make[1]: Entering directory '/<<PKGBUILDDIR>>'
"/usr/bin/perl" -MExtUtils::Command::MM -e 'cp_nonempty' -- SmbClient.bs blib/arch/auto/Filesys/SmbClient/SmbClient.bs 644
PERL_DL_NONLAZY=1 "/usr/bin/perl" "-MExtUtils::Command::MM" "-MTest::Harness" "-e" "undef *Test::Harness::Switches; test_harness(1, 'blib/lib', 'blib/arch')" t/*.t
t/01base.t ........ 
1..19
ok 1 - Load module
ok 2 # skip No server defined for test at perl Makefile.PL
ok 3 # skip No server defined for test at perl Makefile.PL
ok 4 # skip No server defined for test at perl Makefile.PL
ok 5 # skip No server defined for test at perl Makefile.PL
ok 6 # skip No server defined for test at perl Makefile.PL
ok 7 # skip No server defined for test at perl Makefile.PL
ok 8 # skip No server defined for test at perl Makefile.PL
ok 9 # skip No server defined for test at perl Makefile.PL
ok 10 # skip No server defined for test at perl Makefile.PL
ok 11 # skip No server defined for test at perl Makefile.PL
ok 12 # skip No server defined for test at perl Makefile.PL
ok 13 # skip No server defined for test at perl Makefile.PL
ok 14 # skip No server defined for test at perl Makefile.PL
ok 15 # skip No server defined for test at perl Makefile.PL
ok 16 # skip No server defined for test at perl Makefile.PL
ok 17 # skip No server defined for test at perl Makefile.PL
ok 18 # skip No server defined for test at perl Makefile.PL
ok 19 # skip No server defined for test at perl Makefile.PL
ok
t/02tie.t ......... 
1..25
ok 1 # skip No server defined for test at perl Makefile.PL
ok 2 # skip No server defined for test at perl Makefile.PL
ok 3 # skip No server defined for test at perl Makefile.PL
ok 4 # skip No server defined for test at perl Makefile.PL
ok 5 # skip No server defined for test at perl Makefile.PL
ok 6 # skip No server defined for test at perl Makefile.PL
ok 7 # skip No server defined for test at perl Makefile.PL
ok 8 # skip No server defined for test at perl Makefile.PL
ok 9 # skip No server defined for test at perl Makefile.PL
ok 10 # skip No server defined for test at perl Makefile.PL
ok 11 # skip No server defined for test at perl Makefile.PL
ok 12 # skip No server defined for test at perl Makefile.PL
ok 13 # skip No server defined for test at perl Makefile.PL
ok 14 # skip No server defined for test at perl Makefile.PL
ok 15 # skip No server defined for test at perl Makefile.PL
ok 16 # skip No server defined for test at perl Makefile.PL
ok 17 # skip No server defined for test at perl Makefile.PL
ok 18 # skip No server defined for test at perl Makefile.PL
ok 19 # skip No server defined for test at perl Makefile.PL
ok 20 # skip No server defined for test at perl Makefile.PL
ok 21 # skip No server defined for test at perl Makefile.PL
ok 22 # skip No server defined for test at perl Makefile.PL
ok 23 # skip No server defined for test at perl Makefile.PL
ok 24 # skip No server defined for test at perl Makefile.PL
ok 25 # skip No server defined for test at perl Makefile.PL
ok
t/03tie_perl56.t .. 
1..20
ok 1 # skip No server defined for test at perl Makefile.PL
ok 2 # skip No server defined for test at perl Makefile.PL
ok 3 # skip No server defined for test at perl Makefile.PL
ok 4 # skip No server defined for test at perl Makefile.PL
ok 5 # skip No server defined for test at perl Makefile.PL
ok 6 # skip No server defined for test at perl Makefile.PL
ok 7 # skip No server defined for test at perl Makefile.PL
ok 8 # skip No server defined for test at perl Makefile.PL
ok 9 # skip No server defined for test at perl Makefile.PL
ok 10 # skip No server defined for test at perl Makefile.PL
ok 11 # skip No server defined for test at perl Makefile.PL
ok 12 # skip No server defined for test at perl Makefile.PL
ok 13 # skip No server defined for test at perl Makefile.PL
ok 14 # skip No server defined for test at perl Makefile.PL
ok 15 # skip No server defined for test at perl Makefile.PL
ok 16 # skip No server defined for test at perl Makefile.PL
ok 17 # skip No server defined for test at perl Makefile.PL
ok 18 # skip No server defined for test at perl Makefile.PL
ok 19 # skip No server defined for test at perl Makefile.PL
ok 20 # skip No server defined for test at perl Makefile.PL
ok
All tests successful.
Files=3, Tests=64,  0 wallclock secs ( 0.02 usr  0.01 sys +  0.50 cusr  0.06 csys =  0.59 CPU)
Result: PASS
make[1]: Leaving directory '/<<PKGBUILDDIR>>'
   create-stamp debian/debhelper-build-stamp
 fakeroot debian/rules binary
dh binary --buildsystem=perl_makemaker
   dh_testroot -O--buildsystem=perl_makemaker
   dh_prep -O--buildsystem=perl_makemaker
   dh_auto_install -O--buildsystem=perl_makemaker
	make -j4 install DESTDIR=/<<PKGBUILDDIR>>/debian/libfilesys-smbclient-perl AM_UPDATE_INFO_DIR=no PREFIX=/usr
make[1]: Entering directory '/<<PKGBUILDDIR>>'
"/usr/bin/perl" -MExtUtils::Command::MM -e 'cp_nonempty' -- SmbClient.bs blib/arch/auto/Filesys/SmbClient/SmbClient.bs 644
Manifying 1 pod document
Files found in blib/arch: installing files in blib/lib into architecture dependent library tree
Installing /<<PKGBUILDDIR>>/debian/libfilesys-smbclient-perl/usr/lib/x86_64-linux-gnu/perl5/5.30/auto/Filesys/SmbClient/SmbClient.so
Installing /<<PKGBUILDDIR>>/debian/libfilesys-smbclient-perl/usr/lib/x86_64-linux-gnu/perl5/5.30/auto/Filesys/SmbClient/autosplit.ix
Installing /<<PKGBUILDDIR>>/debian/libfilesys-smbclient-perl/usr/lib/x86_64-linux-gnu/perl5/5.30/Filesys/SmbClient.pm
Installing /<<PKGBUILDDIR>>/debian/libfilesys-smbclient-perl/usr/share/man/man3/Filesys::SmbClient.3pm
make[1]: Leaving directory '/<<PKGBUILDDIR>>'
   dh_installdocs -O--buildsystem=perl_makemaker
   dh_installchangelogs -O--buildsystem=perl_makemaker
   dh_installexamples -O--buildsystem=perl_makemaker
   dh_installman -O--buildsystem=perl_makemaker
   dh_systemd_enable -O--buildsystem=perl_makemaker
   dh_installinit -O--buildsystem=perl_makemaker
   dh_systemd_start -O--buildsystem=perl_makemaker
   dh_perl -O--buildsystem=perl_makemaker
   dh_link -O--buildsystem=perl_makemaker
   dh_strip_nondeterminism -O--buildsystem=perl_makemaker
   dh_compress -O--buildsystem=perl_makemaker
   debian/rules override_dh_fixperms
make[1]: Entering directory '/<<PKGBUILDDIR>>'
dh_fixperms
chmod 644 /<<PKGBUILDDIR>>/debian/libfilesys-smbclient-perl/usr/share/doc/libfilesys-smbclient-perl/examples/smb2www.css
make[1]: Leaving directory '/<<PKGBUILDDIR>>'
   dh_missing -O--buildsystem=perl_makemaker
   dh_strip -O--buildsystem=perl_makemaker
   dh_makeshlibs -O--buildsystem=perl_makemaker
   dh_shlibdeps -O--buildsystem=perl_makemaker
   dh_installdeb -O--buildsystem=perl_makemaker
   dh_gencontrol -O--buildsystem=perl_makemaker
   dh_md5sums -O--buildsystem=perl_makemaker
   dh_builddeb -O--buildsystem=perl_makemaker
dpkg-deb: building package 'libfilesys-smbclient-perl' in '../libfilesys-smbclient-perl_3.2-3_amd64.deb'.
dpkg-deb: building package 'libfilesys-smbclient-perl-dbgsym' in '../libfilesys-smbclient-perl-dbgsym_3.2-3_amd64.deb'.
 dpkg-genbuildinfo --build=binary
 dpkg-genchanges --build=binary >../libfilesys-smbclient-perl_3.2-3_amd64.changes
dpkg-genchanges: info: binary-only upload (no source code included)
 dpkg-source --after-build .
dpkg-buildpackage: info: binary-only upload (no source included)
--------------------------------------------------------------------------------
Build finished at 2020-02-25T06:42:02Z

Finished
--------

I: Built successfully

+------------------------------------------------------------------------------+
| Changes                                                                      |
+------------------------------------------------------------------------------+


libfilesys-smbclient-perl_3.2-3_amd64.changes:
----------------------------------------------

Format: 1.8
Date: Sun, 26 Aug 2018 09:56:31 +0200
Source: libfilesys-smbclient-perl
Binary: libfilesys-smbclient-perl libfilesys-smbclient-perl-dbgsym
Architecture: amd64
Version: 3.2-3
Distribution: unstable
Urgency: medium
Maintainer: Debian Perl Group <pkg-perl-maintainers@lists.alioth.debian.org>
Changed-By: Xavier Guimard <x.guimard@free.fr>
Description:
 libfilesys-smbclient-perl - perl interface to access Samba filesystem
Changes:
 libfilesys-smbclient-perl (3.2-3) unstable; urgency=medium
 .
   [ Salvatore Bonaccorso ]
   * Update Vcs-Browser URL to cgit web frontend
   * debian/control: Use HTTPS transport protocol for Vcs-Git URI
 .
   [ gregor herrmann ]
   * debian/copyright: change Copyright-Format 1.0 URL to HTTPS.
 .
   [ Damyan Ivanov ]
   * change Priority from 'extra' to 'optional'
 .
   [ Salvatore Bonaccorso ]
   * Update Vcs-* headers for switch to salsa.debian.org
 .
   [ Xavier Guimard ]
   * Declare compliance with policy 4.2.0
   * Enable autopkgtest
   * Bump debhelper compat to 10
   * Add upstream/metadata
   * Set hardening flags
   * Update spelling-errors patch
 .
   [ gregor herrmann ]
   * Declare compliance with Debian Policy 4.2.1.
Checksums-Sha1:
 9be0567c7e5f0a33fa9ab25eb5bf8dbc22c98b36 33048 libfilesys-smbclient-perl-dbgsym_3.2-3_amd64.deb
 82700a664910887cb28d51b6835ea976d53a6d24 6699 libfilesys-smbclient-perl_3.2-3_amd64.buildinfo
 2cb642d373ca8ff60c782031c7c2bce5b86fbaeb 31188 libfilesys-smbclient-perl_3.2-3_amd64.deb
Checksums-Sha256:
 39481f7e684a22d4f58c90258a37e29c116f06efea7d5cf414d9703777713156 33048 libfilesys-smbclient-perl-dbgsym_3.2-3_amd64.deb
 234587b2aa3021d28d69d44ea014a2850cbc334f153fc8a54be643aa82daa65e 6699 libfilesys-smbclient-perl_3.2-3_amd64.buildinfo
 674826359370f7b1b0cc23f6aaabe82ac140cf185b5fe769ef498339e8627b5d 31188 libfilesys-smbclient-perl_3.2-3_amd64.deb
Files:
 c83ce48b950a9f7627101df45516e9a2 33048 debug optional libfilesys-smbclient-perl-dbgsym_3.2-3_amd64.deb
 8a7217fe8fc2c73dd97cb3f415e4b80b 6699 perl optional libfilesys-smbclient-perl_3.2-3_amd64.buildinfo
 9e05b3fab84f60b8afd31d9cf16c826b 31188 perl optional libfilesys-smbclient-perl_3.2-3_amd64.deb

+------------------------------------------------------------------------------+
| Buildinfo                                                                    |
+------------------------------------------------------------------------------+

Format: 1.0
Source: libfilesys-smbclient-perl
Binary: libfilesys-smbclient-perl
Architecture: amd64
Version: 3.2-3
Checksums-Md5:
 c83ce48b950a9f7627101df45516e9a2 33048 libfilesys-smbclient-perl-dbgsym_3.2-3_amd64.deb
 9e05b3fab84f60b8afd31d9cf16c826b 31188 libfilesys-smbclient-perl_3.2-3_amd64.deb
Checksums-Sha1:
 9be0567c7e5f0a33fa9ab25eb5bf8dbc22c98b36 33048 libfilesys-smbclient-perl-dbgsym_3.2-3_amd64.deb
 2cb642d373ca8ff60c782031c7c2bce5b86fbaeb 31188 libfilesys-smbclient-perl_3.2-3_amd64.deb
Checksums-Sha256:
 39481f7e684a22d4f58c90258a37e29c116f06efea7d5cf414d9703777713156 33048 libfilesys-smbclient-perl-dbgsym_3.2-3_amd64.deb
 674826359370f7b1b0cc23f6aaabe82ac140cf185b5fe769ef498339e8627b5d 31188 libfilesys-smbclient-perl_3.2-3_amd64.deb
Build-Origin: Debian
Build-Architecture: amd64
Build-Date: Tue, 25 Feb 2020 06:42:02 +0000
Build-Path: /<<PKGBUILDDIR>>
Installed-Build-Depends:
 autoconf (= 2.69-11.1),
 automake (= 1:1.16.1-4),
 autopoint (= 0.19.8.1-10),
 autotools-dev (= 20180224.1),
 base-files (= 11),
 base-passwd (= 3.5.47),
 bash (= 5.0-5),
 binutils (= 2.34-3),
 binutils-common (= 2.34-3),
 binutils-x86-64-linux-gnu (= 2.34-3),
 bsdmainutils (= 11.1.2+b1),
 bsdutils (= 1:2.34-0.1),
 build-essential (= 12.8),
 bzip2 (= 1.0.8-2),
 clang-10 (= 1:10.0.0~+rc2-1),
 coreutils (= 8.30-3+b1),
 cpp (= 4:9.2.1-3.1),
 cpp-9 (= 9.2.1-29),
 dash (= 0.5.10.2-6),
 debconf (= 1.5.73),
 debhelper (= 12.9),
 debianutils (= 4.9.1),
 dh-autoreconf (= 19),
 dh-strip-nondeterminism (= 1.6.3-2),
 diffutils (= 1:3.7-3),
 dpkg (= 1.19.7),
 dpkg-dev (= 1.19.7),
 dwz (= 0.13-5),
 fdisk (= 2.34-0.1),
 file (= 1:5.38-4),
 findutils (= 4.7.0-1),
 g++ (= 4:9.2.1-3.1),
 g++-9 (= 9.2.1-29),
 gcc (= 4:9.2.1-3.1),
 gcc-10-base (= 10-20200222-1),
 gcc-9 (= 9.2.1-29),
 gcc-9-base (= 9.2.1-29),
 gettext (= 0.19.8.1-10),
 gettext-base (= 0.19.8.1-10),
 grep (= 3.4-1),
 groff-base (= 1.22.4-4),
 gzip (= 1.9-3+b1),
 hostname (= 3.23),
 init-system-helpers (= 1.57),
 intltool-debian (= 0.35.0+20060710.5),
 lib32gcc-s1 (= 10-20200222-1),
 lib32gcc1 (= 1:10-20200222-1),
 lib32stdc++6 (= 10-20200222-1),
 libacl1 (= 2.2.53-5),
 libarchive-zip-perl (= 1.67-1),
 libasan5 (= 9.2.1-29),
 libatomic1 (= 10-20200222-1),
 libattr1 (= 1:2.4.48-5),
 libaudit-common (= 1:2.8.5-2),
 libaudit1 (= 1:2.8.5-2+b1),
 libavahi-client3 (= 0.7-5),
 libavahi-common-data (= 0.7-5),
 libavahi-common3 (= 0.7-5),
 libbinutils (= 2.34-3),
 libblkid1 (= 2.34-0.1),
 libbsd0 (= 0.10.0-1),
 libbz2-1.0 (= 1.0.8-2),
 libc-bin (= 2.29-10),
 libc-dev-bin (= 2.29-10),
 libc6 (= 2.29-10),
 libc6-dev (= 2.29-10),
 libc6-i386 (= 2.29-10),
 libcap-ng0 (= 0.7.9-2.1+b1),
 libcap2 (= 1:2.32-1),
 libcc1-0 (= 10-20200222-1),
 libclang-common-10-dev (= 1:10.0.0~+rc2-1),
 libclang-cpp10 (= 1:10.0.0~+rc2-1),
 libclang1-10 (= 1:10.0.0~+rc2-1),
 libcom-err2 (= 1.45.5-2),
 libcroco3 (= 0.6.13-1),
 libcrypt-dev (= 1:4.4.10-10),
 libcrypt1 (= 1:4.4.10-10),
 libctf-nobfd0 (= 2.34-3),
 libctf0 (= 2.34-3),
 libcups2 (= 2.3.1-11),
 libdb5.3 (= 5.3.28+dfsg1-0.6),
 libdbus-1-3 (= 1.12.16-2),
 libdebconfclient0 (= 0.251),
 libdebhelper-perl (= 12.9),
 libdpkg-perl (= 1.19.7),
 libedit2 (= 3.1-20191231-1),
 libelf1 (= 0.176-1.1),
 libexpat1 (= 2.2.9-1),
 libfdisk1 (= 2.34-0.1),
 libffi7 (= 3.3-3),
 libfile-stripnondeterminism-perl (= 1.6.3-2),
 libgc1c2 (= 1:7.6.4-0.4),
 libgcc-9-dev (= 9.2.1-29),
 libgcc-s1 (= 10-20200222-1),
 libgcc1 (= 1:10-20200222-1),
 libgcrypt20 (= 1.8.5-5),
 libgdbm-compat4 (= 1.18.1-5),
 libgdbm6 (= 1.18.1-5),
 libglib2.0-0 (= 2.62.4-2),
 libgmp10 (= 2:6.2.0+dfsg-4),
 libgnutls30 (= 3.6.12-2),
 libgomp1 (= 10-20200222-1),
 libgpg-error0 (= 1.37-1),
 libgssapi-krb5-2 (= 1.17-6),
 libhogweed5 (= 3.5.1+really3.5.1-2),
 libicu63 (= 63.2-2),
 libidn2-0 (= 2.2.0-2),
 libisl22 (= 0.22.1-1),
 libitm1 (= 10-20200222-1),
 libjansson4 (= 2.12-1),
 libk5crypto3 (= 1.17-6),
 libkeyutils1 (= 1.6.1-2),
 libkrb5-3 (= 1.17-6),
 libkrb5support0 (= 1.17-6),
 libldap-2.4-2 (= 2.4.49+dfsg-1),
 libldap-common (= 2.4.49+dfsg-1),
 libldb2 (= 2:2.0.8-1),
 libllvm10 (= 1:10.0.0~+rc2-1),
 liblmdb0 (= 0.9.22-1),
 liblsan0 (= 10-20200222-1),
 liblz4-1 (= 1.9.2-2),
 liblzma5 (= 5.2.4-1+b1),
 libmagic-mgc (= 1:5.38-4),
 libmagic1 (= 1:5.38-4),
 libmount1 (= 2.34-0.1),
 libmpc3 (= 1.1.0-1),
 libmpdec2 (= 2.4.2-2),
 libmpfr6 (= 4.0.2-1),
 libncursesw6 (= 6.1+20191019-1),
 libnettle7 (= 3.5.1+really3.5.1-2),
 libobjc-9-dev (= 9.2.1-29),
 libobjc4 (= 10-20200222-1),
 libp11-kit0 (= 0.23.20-1),
 libpam-modules (= 1.3.1-5),
 libpam-modules-bin (= 1.3.1-5),
 libpam-runtime (= 1.3.1-5),
 libpam0g (= 1.3.1-5),
 libpcre2-8-0 (= 10.34-7),
 libpcre3 (= 2:8.39-12+b1),
 libperl5.30 (= 5.30.0-9),
 libpipeline1 (= 1.5.2-2),
 libpopt0 (= 1.16-14),
 libpython3-stdlib (= 3.7.5-3),
 libpython3.7 (= 3.7.6-1+b1),
 libpython3.7-minimal (= 3.7.6-1+b1),
 libpython3.7-stdlib (= 3.7.6-1+b1),
 libquadmath0 (= 10-20200222-1),
 libreadline8 (= 8.0-3),
 libsasl2-2 (= 2.1.27+dfsg-2),
 libsasl2-modules-db (= 2.1.27+dfsg-2),
 libseccomp2 (= 2.4.2-2),
 libselinux1 (= 3.0-1+b1),
 libsigsegv2 (= 2.12-2),
 libsmartcols1 (= 2.34-0.1),
 libsmbclient (= 2:4.11.5+dfsg-1),
 libsmbclient-dev (= 2:4.11.5+dfsg-1),
 libsqlite3-0 (= 3.31.1-3),
 libssl1.1 (= 1.1.1d-2),
 libstdc++-9-dev (= 9.2.1-29),
 libstdc++6 (= 10-20200222-1),
 libsub-override-perl (= 0.09-2),
 libsystemd0 (= 244.3-1),
 libtalloc2 (= 2.3.0-3),
 libtasn1-6 (= 4.16.0-2),
 libtdb1 (= 1.4.2-3),
 libtevent0 (= 0.10.1-4),
 libtinfo6 (= 6.1+20191019-1),
 libtool (= 2.4.6-13),
 libtsan0 (= 10-20200222-1),
 libubsan1 (= 10-20200222-1),
 libuchardet0 (= 0.0.6-3),
 libudev1 (= 244.3-1),
 libunistring2 (= 0.9.10-2),
 libuuid1 (= 2.34-0.1),
 libwbclient0 (= 2:4.11.5+dfsg-1),
 libxml2 (= 2.9.10+dfsg-3),
 libz3-4 (= 4.8.7-4),
 linux-libc-dev (= 5.4.19-1),
 login (= 1:4.8.1-1),
 lsb-base (= 11.1.0),
 m4 (= 1.4.18-4),
 make (= 4.2.1-1.2),
 man-db (= 2.9.0-2),
 mawk (= 1.3.4.20200120-2),
 mime-support (= 3.64),
 ncurses-base (= 6.1+20191019-1),
 ncurses-bin (= 6.1+20191019-1),
 patch (= 2.7.6-6),
 perl (= 5.30.0-9),
 perl-base (= 5.30.0-9),
 perl-modules-5.30 (= 5.30.0-9),
 pkg-config (= 0.29-6),
 po-debconf (= 1.0.21),
 python3 (= 3.7.5-3),
 python3-minimal (= 3.7.5-3),
 python3-talloc (= 2.3.0-3),
 python3.7 (= 3.7.6-1+b1),
 python3.7-minimal (= 3.7.6-1+b1),
 readline-common (= 8.0-3),
 samba-libs (= 2:4.11.5+dfsg-1),
 sed (= 4.7-1),
 sensible-utils (= 0.0.12+nmu1),
 sysvinit-utils (= 2.96-2.1),
 tar (= 1.30+dfsg-6+b1),
 util-linux (= 2.34-0.1),
 xz-utils (= 5.2.4-1+b1),
 zlib1g (= 1:1.2.11.dfsg-2)
Environment:
 DEB_BUILD_OPTIONS="parallel=4"
 LANG="C.UTF-8"
 LC_ALL="C.UTF-8"
 SOURCE_DATE_EPOCH="1535270191"


+------------------------------------------------------------------------------+
| Package contents                                                             |
+------------------------------------------------------------------------------+


libfilesys-smbclient-perl-dbgsym_3.2-3_amd64.deb
------------------------------------------------

 new Debian package, version 2.0.
 size 33048 bytes: control archive=548 bytes.
     429 bytes,    12 lines      control              
     106 bytes,     1 lines      md5sums              
 Package: libfilesys-smbclient-perl-dbgsym
 Source: libfilesys-smbclient-perl
 Version: 3.2-3
 Auto-Built-Package: debug-symbols
 Architecture: amd64
 Maintainer: Debian Perl Group <pkg-perl-maintainers@lists.alioth.debian.org>
 Installed-Size: 47
 Depends: libfilesys-smbclient-perl (= 3.2-3)
 Section: debug
 Priority: optional
 Description: debug symbols for libfilesys-smbclient-perl
 Build-Ids: 651b5db02f028a8b4a47a4aba595b12b820e5c4d

drwxr-xr-x root/root         0 2018-08-26 07:56 ./
drwxr-xr-x root/root         0 2018-08-26 07:56 ./usr/
drwxr-xr-x root/root         0 2018-08-26 07:56 ./usr/lib/
drwxr-xr-x root/root         0 2018-08-26 07:56 ./usr/lib/debug/
drwxr-xr-x root/root         0 2018-08-26 07:56 ./usr/lib/debug/.build-id/
drwxr-xr-x root/root         0 2018-08-26 07:56 ./usr/lib/debug/.build-id/65/
-rw-r--r-- root/root     37704 2018-08-26 07:56 ./usr/lib/debug/.build-id/65/1b5db02f028a8b4a47a4aba595b12b820e5c4d.debug
drwxr-xr-x root/root         0 2018-08-26 07:56 ./usr/share/
drwxr-xr-x root/root         0 2018-08-26 07:56 ./usr/share/doc/
lrwxrwxrwx root/root         0 2018-08-26 07:56 ./usr/share/doc/libfilesys-smbclient-perl-dbgsym -> libfilesys-smbclient-perl


libfilesys-smbclient-perl_3.2-3_amd64.deb
-----------------------------------------

 new Debian package, version 2.0.
 size 31188 bytes: control archive=1068 bytes.
     597 bytes,    13 lines      control              
    1217 bytes,    13 lines      md5sums              
 Package: libfilesys-smbclient-perl
 Version: 3.2-3
 Architecture: amd64
 Maintainer: Debian Perl Group <pkg-perl-maintainers@lists.alioth.debian.org>
 Installed-Size: 104
 Depends: perl (>= 5.30.0-9), perlapi-5.30.0, libc6 (>= 2.4), libsmbclient (>= 2:4.0.3+dfsg1)
 Section: perl
 Priority: optional
 Homepage: https://metacpan.org/release/Filesys-SmbClient
 Description: perl interface to access Samba filesystem
  This package provides the Filesys::SmbClient module. It provides
  interface to the functions in libsmbclient.so. It has functions to
  read/write/add/modify files/directories on Samba shares.

drwxr-xr-x root/root         0 2018-08-26 07:56 ./
drwxr-xr-x root/root         0 2018-08-26 07:56 ./usr/
drwxr-xr-x root/root         0 2018-08-26 07:56 ./usr/lib/
drwxr-xr-x root/root         0 2018-08-26 07:56 ./usr/lib/x86_64-linux-gnu/
drwxr-xr-x root/root         0 2018-08-26 07:56 ./usr/lib/x86_64-linux-gnu/perl5/
drwxr-xr-x root/root         0 2018-08-26 07:56 ./usr/lib/x86_64-linux-gnu/perl5/5.30/
drwxr-xr-x root/root         0 2018-08-26 07:56 ./usr/lib/x86_64-linux-gnu/perl5/5.30/Filesys/
-rw-r--r-- root/root     22212 2018-08-26 07:56 ./usr/lib/x86_64-linux-gnu/perl5/5.30/Filesys/SmbClient.pm
drwxr-xr-x root/root         0 2018-08-26 07:56 ./usr/lib/x86_64-linux-gnu/perl5/5.30/auto/
drwxr-xr-x root/root         0 2018-08-26 07:56 ./usr/lib/x86_64-linux-gnu/perl5/5.30/auto/Filesys/
drwxr-xr-x root/root         0 2018-08-26 07:56 ./usr/lib/x86_64-linux-gnu/perl5/5.30/auto/Filesys/SmbClient/
-rw-r--r-- root/root     34720 2018-08-26 07:56 ./usr/lib/x86_64-linux-gnu/perl5/5.30/auto/Filesys/SmbClient/SmbClient.so
-rw-r--r-- root/root        96 2018-08-26 07:56 ./usr/lib/x86_64-linux-gnu/perl5/5.30/auto/Filesys/SmbClient/autosplit.ix
drwxr-xr-x root/root         0 2018-08-26 07:56 ./usr/share/
drwxr-xr-x root/root         0 2018-08-26 07:56 ./usr/share/doc/
drwxr-xr-x root/root         0 2018-08-26 07:56 ./usr/share/doc/libfilesys-smbclient-perl/
-rw-r--r-- root/root       851 2018-08-26 07:56 ./usr/share/doc/libfilesys-smbclient-perl/README.Debian
-rw-r--r-- root/root      2254 2018-08-26 07:56 ./usr/share/doc/libfilesys-smbclient-perl/changelog.Debian.gz
-rw-r--r-- root/root      1679 2012-12-04 14:06 ./usr/share/doc/libfilesys-smbclient-perl/changelog.gz
-rw-r--r-- root/root      1841 2018-08-26 07:56 ./usr/share/doc/libfilesys-smbclient-perl/copyright
drwxr-xr-x root/root         0 2018-08-26 07:56 ./usr/share/doc/libfilesys-smbclient-perl/examples/
-rw-r--r-- root/root      3327 2005-03-04 12:06 ./usr/share/doc/libfilesys-smbclient-perl/examples/smb2www-2.cgi.gz
-rw-r--r-- root/root       667 2002-01-05 00:29 ./usr/share/doc/libfilesys-smbclient-perl/examples/smb2www.css
drwxr-xr-x root/root         0 2012-12-04 14:44 ./usr/share/doc/libfilesys-smbclient-perl/examples/t/
-rwxr-xr-x root/root      3300 2012-12-04 14:40 ./usr/share/doc/libfilesys-smbclient-perl/examples/t/01base.t
-rwxr-xr-x root/root      3521 2012-12-04 14:16 ./usr/share/doc/libfilesys-smbclient-perl/examples/t/02tie.t
-rwxr-xr-x root/root      2959 2005-03-03 09:51 ./usr/share/doc/libfilesys-smbclient-perl/examples/t/03tie_perl56.t
drwxr-xr-x root/root         0 2018-08-26 07:56 ./usr/share/man/
drwxr-xr-x root/root         0 2018-08-26 07:56 ./usr/share/man/man3/
-rw-r--r-- root/root      4655 2018-08-26 07:56 ./usr/share/man/man3/Filesys::SmbClient.3pm.gz


+------------------------------------------------------------------------------+
| Post Build                                                                   |
+------------------------------------------------------------------------------+


+------------------------------------------------------------------------------+
| Cleanup                                                                      |
+------------------------------------------------------------------------------+

Purging /<<BUILDDIR>>
Not cleaning session: cloned chroot in use

+------------------------------------------------------------------------------+
| Summary                                                                      |
+------------------------------------------------------------------------------+

Build Architecture: amd64
Build Type: binary
Build-Space: 1712
Build-Time: 15
Distribution: unstable
Host Architecture: amd64
Install-Time: 14
Job: libfilesys-smbclient-perl_3.2-3
Machine Architecture: amd64
Package: libfilesys-smbclient-perl
Package-Time: 57
Source-Version: 3.2-3
Space: 1712
Status: successful
Version: 3.2-3
--------------------------------------------------------------------------------
Finished at 2020-02-25T06:42:02Z
Build needed 00:00:57, 1712k disk space
DC-Status: OK 59.194782059s
