DC-Build-Header: libimage-sane-perl 5-1 / 2020-02-25 06:23:49 +0000
DC-Task: type:rebuild-binarch-only source:libimage-sane-perl version:5-1 chroot:unstable esttime:53 logfile:/tmp/libimage-sane-perl_5-1_unstable_clang10.log modes:clang10:binarch-only
DC-Sbuild-call: su user42 -c 'sbuild -n --arch-any --apt-update -d unstable -v --no-run-lintian --chroot-setup-commands=/tmp/clang10 libimage-sane-perl_5-1'
sbuild (Debian sbuild) 0.78.1 (09 February 2019) on ip-172-31-13-89.eu-central-1.compute.internal

+==============================================================================+
| libimage-sane-perl 5-1 (amd64)               Tue, 25 Feb 2020 06:23:49 +0000 |
+==============================================================================+

Package: libimage-sane-perl
Version: 5-1
Source Version: 5-1
Distribution: unstable
Machine Architecture: amd64
Host Architecture: amd64
Build Architecture: amd64
Build Type: binary

I: NOTICE: Log filtering will replace 'var/run/schroot/mount/sid-amd64-sbuild-ad574fe5-34f0-40eb-b5f2-065bf4646a27' with '<<CHROOT>>'

+------------------------------------------------------------------------------+
| Chroot Setup Commands                                                        |
+------------------------------------------------------------------------------+


/tmp/clang10
------------

+ echo 'Entering customization script...'
Entering customization script...
+ CLANG_VERSION=10
+ echo 'Install of clang-10'
Install of clang-10
+ apt-get update
Get:1 http://127.0.0.1:12990/debian sid InRelease [142 kB]
Get:2 http://127.0.0.1:12990/debian sid/main Sources.diff/Index [27.9 kB]
Get:3 http://127.0.0.1:12990/debian sid/main amd64 Packages.diff/Index [27.9 kB]
Get:4 http://127.0.0.1:12990/debian sid/main Sources 2020-02-24-0823.32.pdiff [11.0 kB]
Get:5 http://127.0.0.1:12990/debian sid/main Sources 2020-02-24-1420.34.pdiff [30.2 kB]
Get:6 http://127.0.0.1:12990/debian sid/main Sources 2020-02-24-2014.03.pdiff [16.9 kB]
Get:7 http://127.0.0.1:12990/debian sid/main Sources 2020-02-25-0213.11.pdiff [23.2 kB]
Get:8 http://127.0.0.1:12990/debian sid/main amd64 Packages 2020-02-24-0823.32.pdiff [15.5 kB]
Get:9 http://127.0.0.1:12990/debian sid/main amd64 Packages 2020-02-24-1420.34.pdiff [27.5 kB]
Get:10 http://127.0.0.1:12990/debian sid/main amd64 Packages 2020-02-24-2014.03.pdiff [21.6 kB]
Get:11 http://127.0.0.1:12990/debian sid/main amd64 Packages 2020-02-25-0213.11.pdiff [35.0 kB]
Get:7 http://127.0.0.1:12990/debian sid/main Sources 2020-02-25-0213.11.pdiff [23.2 kB]
Get:11 http://127.0.0.1:12990/debian sid/main amd64 Packages 2020-02-25-0213.11.pdiff [35.0 kB]
Get:12 http://127.0.0.1:12990/debian sid/main Translation-en [6193 kB]
Fetched 6572 kB in 2s (2977 kB/s)
Reading package lists...
+ apt-get install --yes --no-install-recommends --force-yes clang-10 libomp-10-dev libobjc-9-dev
Reading package lists...
Building dependency tree...
The following additional packages will be installed:
  lib32gcc-s1 lib32gcc1 lib32stdc++6 libbsd0 libc6-i386 libclang-common-10-dev
  libclang-cpp10 libclang1-10 libedit2 libgc1c2 libllvm10 libobjc4 libomp5-10
  libz3-4
Suggested packages:
  clang-10-doc libomp-10-doc
Recommended packages:
  llvm-10-dev python3
The following NEW packages will be installed:
  clang-10 lib32gcc-s1 lib32gcc1 lib32stdc++6 libbsd0 libc6-i386
  libclang-common-10-dev libclang-cpp10 libclang1-10 libedit2 libgc1c2
  libllvm10 libobjc-9-dev libobjc4 libomp-10-dev libomp5-10 libz3-4
0 upgraded, 17 newly installed, 0 to remove and 2 not upgraded.
Need to get 46.4 MB of archives.
After this operation, 238 MB of additional disk space will be used.
Get:1 http://127.0.0.1:12990/debian sid/main amd64 libbsd0 amd64 0.10.0-1 [107 kB]
Get:2 http://127.0.0.1:12990/debian sid/main amd64 libedit2 amd64 3.1-20191231-1 [95.4 kB]
Get:3 http://127.0.0.1:12990/debian sid/main amd64 libz3-4 amd64 4.8.7-4 [6790 kB]
Get:4 http://127.0.0.1:12990/debian sid/main amd64 libllvm10 amd64 1:10.0.0~+rc2-1 [15.5 MB]
Get:5 http://127.0.0.1:12990/debian sid/main amd64 libclang-cpp10 amd64 1:10.0.0~+rc2-1 [9069 kB]
Get:6 http://127.0.0.1:12990/debian sid/main amd64 libgc1c2 amd64 1:7.6.4-0.4 [224 kB]
Get:7 http://127.0.0.1:12990/debian sid/main amd64 libobjc4 amd64 10-20200222-1 [41.6 kB]
Get:8 http://127.0.0.1:12990/debian sid/main amd64 libobjc-9-dev amd64 9.2.1-29 [219 kB]
Get:9 http://127.0.0.1:12990/debian sid/main amd64 libc6-i386 amd64 2.29-10 [2918 kB]
Get:10 http://127.0.0.1:12990/debian sid/main amd64 lib32gcc-s1 amd64 10-20200222-1 [49.4 kB]
Get:11 http://127.0.0.1:12990/debian sid/main amd64 lib32gcc1 amd64 1:10-20200222-1 [1104 B]
Get:12 http://127.0.0.1:12990/debian sid/main amd64 lib32stdc++6 amd64 10-20200222-1 [510 kB]
Get:13 http://127.0.0.1:12990/debian sid/main amd64 libclang-common-10-dev amd64 1:10.0.0~+rc2-1 [2782 kB]
Get:14 http://127.0.0.1:12990/debian sid/main amd64 libclang1-10 amd64 1:10.0.0~+rc2-1 [7607 kB]
Get:15 http://127.0.0.1:12990/debian sid/main amd64 clang-10 amd64 1:10.0.0~+rc2-1 [103 kB]
Get:16 http://127.0.0.1:12990/debian sid/main amd64 libomp5-10 amd64 1:10.0.0~+rc2-1 [337 kB]
Get:17 http://127.0.0.1:12990/debian sid/main amd64 libomp-10-dev amd64 1:10.0.0~+rc2-1 [84.3 kB]
debconf: delaying package configuration, since apt-utils is not installed
Fetched 46.4 MB in 1s (49.6 MB/s)
Selecting previously unselected package libbsd0:amd64.
(Reading database ... (Reading database ... 5%(Reading database ... 10%(Reading database ... 15%(Reading database ... 20%(Reading database ... 25%(Reading database ... 30%(Reading database ... 35%(Reading database ... 40%(Reading database ... 45%(Reading database ... 50%(Reading database ... 55%(Reading database ... 60%(Reading database ... 65%(Reading database ... 70%(Reading database ... 75%(Reading database ... 80%(Reading database ... 85%(Reading database ... 90%(Reading database ... 95%(Reading database ... 100%(Reading database ... 12119 files and directories currently installed.)
Preparing to unpack .../00-libbsd0_0.10.0-1_amd64.deb ...
Unpacking libbsd0:amd64 (0.10.0-1) ...
Selecting previously unselected package libedit2:amd64.
Preparing to unpack .../01-libedit2_3.1-20191231-1_amd64.deb ...
Unpacking libedit2:amd64 (3.1-20191231-1) ...
Selecting previously unselected package libz3-4:amd64.
Preparing to unpack .../02-libz3-4_4.8.7-4_amd64.deb ...
Unpacking libz3-4:amd64 (4.8.7-4) ...
Selecting previously unselected package libllvm10:amd64.
Preparing to unpack .../03-libllvm10_1%3a10.0.0~+rc2-1_amd64.deb ...
Unpacking libllvm10:amd64 (1:10.0.0~+rc2-1) ...
Selecting previously unselected package libclang-cpp10.
Preparing to unpack .../04-libclang-cpp10_1%3a10.0.0~+rc2-1_amd64.deb ...
Unpacking libclang-cpp10 (1:10.0.0~+rc2-1) ...
Selecting previously unselected package libgc1c2:amd64.
Preparing to unpack .../05-libgc1c2_1%3a7.6.4-0.4_amd64.deb ...
Unpacking libgc1c2:amd64 (1:7.6.4-0.4) ...
Selecting previously unselected package libobjc4:amd64.
Preparing to unpack .../06-libobjc4_10-20200222-1_amd64.deb ...
Unpacking libobjc4:amd64 (10-20200222-1) ...
Selecting previously unselected package libobjc-9-dev:amd64.
Preparing to unpack .../07-libobjc-9-dev_9.2.1-29_amd64.deb ...
Unpacking libobjc-9-dev:amd64 (9.2.1-29) ...
Selecting previously unselected package libc6-i386.
Preparing to unpack .../08-libc6-i386_2.29-10_amd64.deb ...
Unpacking libc6-i386 (2.29-10) ...
Selecting previously unselected package lib32gcc-s1.
Preparing to unpack .../09-lib32gcc-s1_10-20200222-1_amd64.deb ...
Unpacking lib32gcc-s1 (10-20200222-1) ...
Selecting previously unselected package lib32gcc1.
Preparing to unpack .../10-lib32gcc1_1%3a10-20200222-1_amd64.deb ...
Unpacking lib32gcc1 (1:10-20200222-1) ...
Selecting previously unselected package lib32stdc++6.
Preparing to unpack .../11-lib32stdc++6_10-20200222-1_amd64.deb ...
Unpacking lib32stdc++6 (10-20200222-1) ...
Selecting previously unselected package libclang-common-10-dev.
Preparing to unpack .../12-libclang-common-10-dev_1%3a10.0.0~+rc2-1_amd64.deb ...
Unpacking libclang-common-10-dev (1:10.0.0~+rc2-1) ...
Selecting previously unselected package libclang1-10.
Preparing to unpack .../13-libclang1-10_1%3a10.0.0~+rc2-1_amd64.deb ...
Unpacking libclang1-10 (1:10.0.0~+rc2-1) ...
Selecting previously unselected package clang-10.
Preparing to unpack .../14-clang-10_1%3a10.0.0~+rc2-1_amd64.deb ...
Unpacking clang-10 (1:10.0.0~+rc2-1) ...
Selecting previously unselected package libomp5-10:amd64.
Preparing to unpack .../15-libomp5-10_1%3a10.0.0~+rc2-1_amd64.deb ...
Unpacking libomp5-10:amd64 (1:10.0.0~+rc2-1) ...
Selecting previously unselected package libomp-10-dev.
Preparing to unpack .../16-libomp-10-dev_1%3a10.0.0~+rc2-1_amd64.deb ...
Unpacking libomp-10-dev (1:10.0.0~+rc2-1) ...
Setting up libgc1c2:amd64 (1:7.6.4-0.4) ...
Setting up libobjc4:amd64 (10-20200222-1) ...
Setting up libz3-4:amd64 (4.8.7-4) ...
Setting up libobjc-9-dev:amd64 (9.2.1-29) ...
Setting up libomp5-10:amd64 (1:10.0.0~+rc2-1) ...
Setting up libc6-i386 (2.29-10) ...
Setting up libbsd0:amd64 (0.10.0-1) ...
Setting up libomp-10-dev (1:10.0.0~+rc2-1) ...
Setting up libedit2:amd64 (3.1-20191231-1) ...
Setting up libllvm10:amd64 (1:10.0.0~+rc2-1) ...
Setting up lib32gcc-s1 (10-20200222-1) ...
Setting up libclang1-10 (1:10.0.0~+rc2-1) ...
Setting up lib32gcc1 (1:10-20200222-1) ...
Setting up libclang-cpp10 (1:10.0.0~+rc2-1) ...
Setting up lib32stdc++6 (10-20200222-1) ...
Setting up libclang-common-10-dev (1:10.0.0~+rc2-1) ...
Setting up clang-10 (1:10.0.0~+rc2-1) ...
Processing triggers for libc-bin (2.29-10) ...
W: --force-yes is deprecated, use one of the options starting with --allow instead.
+ echo 'Replace gcc, g++ & cpp by clang'
Replace gcc, g++ & cpp by clang
+ VERSIONS='4.6 4.7 4.8 4.9 5 6 7 8 9 10'
+ cd /usr/bin
+ for VERSION in $VERSIONS
+ rm -f g++-4.6 gcc-4.6 cpp-4.6 gcc
+ ln -s clang++-10 g++-4.6
+ ln -s clang-10 gcc-4.6
+ ln -s clang-10 cpp-4.6
+ ln -s clang-10 gcc
+ echo 'gcc-4.6 hold'
+ dpkg --set-selections
dpkg: warning: package not in status nor available database at line 1: gcc-4.6
dpkg: warning: found unknown packages; this might mean the available database
is outdated, and needs to be updated through a frontend method;
please see the FAQ <https://wiki.debian.org/Teams/Dpkg/FAQ>
+ echo 'g++-4.6 hold'
+ dpkg --set-selections
dpkg: warning: package not in status nor available database at line 1: g++-4.6
dpkg: warning: found unknown packages; this might mean the available database
is outdated, and needs to be updated through a frontend method;
please see the FAQ <https://wiki.debian.org/Teams/Dpkg/FAQ>
+ for VERSION in $VERSIONS
+ rm -f g++-4.7 gcc-4.7 cpp-4.7 gcc
+ ln -s clang++-10 g++-4.7
+ ln -s clang-10 gcc-4.7
+ ln -s clang-10 cpp-4.7
+ ln -s clang-10 gcc
+ echo 'gcc-4.7 hold'
+ dpkg --set-selections
dpkg: warning: package not in status nor available database at line 1: gcc-4.7
dpkg: warning: found unknown packages; this might mean the available database
is outdated, and needs to be updated through a frontend method;
please see the FAQ <https://wiki.debian.org/Teams/Dpkg/FAQ>
+ dpkg --set-selections
+ echo 'g++-4.7 hold'
dpkg: warning: package not in status nor available database at line 1: g++-4.7
dpkg: warning: found unknown packages; this might mean the available database
is outdated, and needs to be updated through a frontend method;
please see the FAQ <https://wiki.debian.org/Teams/Dpkg/FAQ>
+ for VERSION in $VERSIONS
+ rm -f g++-4.8 gcc-4.8 cpp-4.8 gcc
+ ln -s clang++-10 g++-4.8
+ ln -s clang-10 gcc-4.8
+ ln -s clang-10 cpp-4.8
+ ln -s clang-10 gcc
+ echo 'gcc-4.8 hold'
+ dpkg --set-selections
dpkg: warning: package not in status nor available database at line 1: gcc-4.8
dpkg: warning: found unknown packages; this might mean the available database
is outdated, and needs to be updated through a frontend method;
please see the FAQ <https://wiki.debian.org/Teams/Dpkg/FAQ>
+ echo 'g++-4.8 hold'
+ dpkg --set-selections
dpkg: warning: package not in status nor available database at line 1: g++-4.8
dpkg: warning: found unknown packages; this might mean the available database
is outdated, and needs to be updated through a frontend method;
please see the FAQ <https://wiki.debian.org/Teams/Dpkg/FAQ>
+ for VERSION in $VERSIONS
+ rm -f g++-4.9 gcc-4.9 cpp-4.9 gcc
+ ln -s clang++-10 g++-4.9
+ ln -s clang-10 gcc-4.9
+ ln -s clang-10 cpp-4.9
+ ln -s clang-10 gcc
+ echo 'gcc-4.9 hold'
+ dpkg --set-selections
dpkg: warning: package not in status nor available database at line 1: gcc-4.9
dpkg: warning: found unknown packages; this might mean the available database
is outdated, and needs to be updated through a frontend method;
please see the FAQ <https://wiki.debian.org/Teams/Dpkg/FAQ>
+ dpkg --set-selections
+ echo 'g++-4.9 hold'
dpkg: warning: package not in status nor available database at line 1: g++-4.9
dpkg: warning: found unknown packages; this might mean the available database
is outdated, and needs to be updated through a frontend method;
please see the FAQ <https://wiki.debian.org/Teams/Dpkg/FAQ>
+ for VERSION in $VERSIONS
+ rm -f g++-5 gcc-5 cpp-5 gcc
+ ln -s clang++-10 g++-5
+ ln -s clang-10 gcc-5
+ ln -s clang-10 cpp-5
+ ln -s clang-10 gcc
+ echo 'gcc-5 hold'
+ dpkg --set-selections
dpkg: warning: package not in status nor available database at line 1: gcc-5
dpkg: warning: found unknown packages; this might mean the available database
is outdated, and needs to be updated through a frontend method;
please see the FAQ <https://wiki.debian.org/Teams/Dpkg/FAQ>
+ echo 'g++-5 hold'
+ dpkg --set-selections
dpkg: warning: package not in status nor available database at line 1: g++-5
dpkg: warning: found unknown packages; this might mean the available database
is outdated, and needs to be updated through a frontend method;
please see the FAQ <https://wiki.debian.org/Teams/Dpkg/FAQ>
+ for VERSION in $VERSIONS
+ rm -f g++-6 gcc-6 cpp-6 gcc
+ ln -s clang++-10 g++-6
+ ln -s clang-10 gcc-6
+ ln -s clang-10 cpp-6
+ ln -s clang-10 gcc
+ echo 'gcc-6 hold'
+ dpkg --set-selections
dpkg: warning: package not in status nor available database at line 1: gcc-6
dpkg: warning: found unknown packages; this might mean the available database
is outdated, and needs to be updated through a frontend method;
please see the FAQ <https://wiki.debian.org/Teams/Dpkg/FAQ>
+ echo 'g++-6 hold'
+ dpkg --set-selections
dpkg: warning: package not in status nor available database at line 1: g++-6
dpkg: warning: found unknown packages; this might mean the available database
is outdated, and needs to be updated through a frontend method;
please see the FAQ <https://wiki.debian.org/Teams/Dpkg/FAQ>
+ for VERSION in $VERSIONS
+ rm -f g++-7 gcc-7 cpp-7 gcc
+ ln -s clang++-10 g++-7
+ ln -s clang-10 gcc-7
+ ln -s clang-10 cpp-7
+ ln -s clang-10 gcc
+ echo 'gcc-7 hold'
+ dpkg --set-selections
dpkg: warning: package not in status nor available database at line 1: gcc-7
dpkg: warning: found unknown packages; this might mean the available database
is outdated, and needs to be updated through a frontend method;
please see the FAQ <https://wiki.debian.org/Teams/Dpkg/FAQ>
+ echo 'g++-7 hold'
+ dpkg --set-selections
dpkg: warning: package not in status nor available database at line 1: g++-7
dpkg: warning: found unknown packages; this might mean the available database
is outdated, and needs to be updated through a frontend method;
please see the FAQ <https://wiki.debian.org/Teams/Dpkg/FAQ>
+ for VERSION in $VERSIONS
+ rm -f g++-8 gcc-8 cpp-8 gcc
+ ln -s clang++-10 g++-8
+ ln -s clang-10 gcc-8
+ ln -s clang-10 cpp-8
+ ln -s clang-10 gcc
+ echo 'gcc-8 hold'
+ dpkg --set-selections
dpkg: warning: package not in status nor available database at line 1: gcc-8
dpkg: warning: found unknown packages; this might mean the available database
is outdated, and needs to be updated through a frontend method;
please see the FAQ <https://wiki.debian.org/Teams/Dpkg/FAQ>
+ echo 'g++-8 hold'
+ dpkg --set-selections
dpkg: warning: package not in status nor available database at line 1: g++-8
dpkg: warning: found unknown packages; this might mean the available database
is outdated, and needs to be updated through a frontend method;
please see the FAQ <https://wiki.debian.org/Teams/Dpkg/FAQ>
+ for VERSION in $VERSIONS
+ rm -f g++-9 gcc-9 cpp-9 gcc
+ ln -s clang++-10 g++-9
+ ln -s clang-10 gcc-9
+ ln -s clang-10 cpp-9
+ ln -s clang-10 gcc
+ echo 'gcc-9 hold'
+ dpkg --set-selections
+ dpkg --set-selections
+ echo 'g++-9 hold'
+ for VERSION in $VERSIONS
+ rm -f g++-10 gcc-10 cpp-10 gcc
+ ln -s clang++-10 g++-10
+ ln -s clang-10 gcc-10
+ ln -s clang-10 cpp-10
+ ln -s clang-10 gcc
+ echo 'gcc-10 hold'
+ dpkg --set-selections
dpkg: warning: package not in status nor available database at line 1: gcc-10
dpkg: warning: found unknown packages; this might mean the available database
is outdated, and needs to be updated through a frontend method;
please see the FAQ <https://wiki.debian.org/Teams/Dpkg/FAQ>
+ echo 'g++-10 hold'
+ dpkg --set-selections
dpkg: warning: package not in status nor available database at line 1: g++-10
dpkg: warning: found unknown packages; this might mean the available database
is outdated, and needs to be updated through a frontend method;
please see the FAQ <https://wiki.debian.org/Teams/Dpkg/FAQ>
+ cd -
/build/libimage-sane-perl-e2Lkqd
+ echo 'Check if gcc, g++ & cpp are actually clang'
Check if gcc, g++ & cpp are actually clang
+ gcc --version
+ grep clang
+ cpp --version
+ grep clang
+ grep clang
+ g++ --version

I: Finished running '/tmp/clang10'.

Finished processing commands.
--------------------------------------------------------------------------------
I: NOTICE: Log filtering will replace 'build/libimage-sane-perl-e2Lkqd/resolver-0yC7aQ' with '<<RESOLVERDIR>>'

+------------------------------------------------------------------------------+
| Update chroot                                                                |
+------------------------------------------------------------------------------+

Hit:1 http://127.0.0.1:12990/debian sid InRelease
Reading package lists...
Reading package lists...
Building dependency tree...
Reading state information...
Calculating upgrade...
The following packages will be upgraded:
  libgmp10 zlib1g
2 upgraded, 0 newly installed, 0 to remove and 0 not upgraded.
Need to get 343 kB of archives.
After this operation, 0 B of additional disk space will be used.
Get:1 http://127.0.0.1:12990/debian sid/main amd64 libgmp10 amd64 2:6.2.0+dfsg-4 [253 kB]
Get:2 http://127.0.0.1:12990/debian sid/main amd64 zlib1g amd64 1:1.2.11.dfsg-2 [90.4 kB]
debconf: delaying package configuration, since apt-utils is not installed
Fetched 343 kB in 0s (5429 kB/s)
(Reading database ... (Reading database ... 5%(Reading database ... 10%(Reading database ... 15%(Reading database ... 20%(Reading database ... 25%(Reading database ... 30%(Reading database ... 35%(Reading database ... 40%(Reading database ... 45%(Reading database ... 50%(Reading database ... 55%(Reading database ... 60%(Reading database ... 65%(Reading database ... 70%(Reading database ... 75%(Reading database ... 80%(Reading database ... 85%(Reading database ... 90%(Reading database ... 95%(Reading database ... 100%(Reading database ... 12960 files and directories currently installed.)
Preparing to unpack .../libgmp10_2%3a6.2.0+dfsg-4_amd64.deb ...
Unpacking libgmp10:amd64 (2:6.2.0+dfsg-4) over (2:6.2.0+dfsg-3) ...
Setting up libgmp10:amd64 (2:6.2.0+dfsg-4) ...
(Reading database ... (Reading database ... 5%(Reading database ... 10%(Reading database ... 15%(Reading database ... 20%(Reading database ... 25%(Reading database ... 30%(Reading database ... 35%(Reading database ... 40%(Reading database ... 45%(Reading database ... 50%(Reading database ... 55%(Reading database ... 60%(Reading database ... 65%(Reading database ... 70%(Reading database ... 75%(Reading database ... 80%(Reading database ... 85%(Reading database ... 90%(Reading database ... 95%(Reading database ... 100%(Reading database ... 12960 files and directories currently installed.)
Preparing to unpack .../zlib1g_1%3a1.2.11.dfsg-2_amd64.deb ...
Unpacking zlib1g:amd64 (1:1.2.11.dfsg-2) over (1:1.2.11.dfsg-1.2) ...
Setting up zlib1g:amd64 (1:1.2.11.dfsg-2) ...
Processing triggers for libc-bin (2.29-10) ...

+------------------------------------------------------------------------------+
| Fetch source files                                                           |
+------------------------------------------------------------------------------+


Check APT
---------

Checking available source versions...

Download source files with APT
------------------------------

Reading package lists...
NOTICE: 'libimage-sane-perl' packaging is maintained in the 'Git' version control system at:
https://salsa.debian.org/perl-team/modules/packages/libimage-sane-perl.git
Please use:
git clone https://salsa.debian.org/perl-team/modules/packages/libimage-sane-perl.git
to retrieve the latest (possibly unreleased) updates to the package.
Need to get 53.0 kB of source archives.
Get:1 http://127.0.0.1:12990/debian sid/main libimage-sane-perl 5-1 (dsc) [2572 B]
Get:2 http://127.0.0.1:12990/debian sid/main libimage-sane-perl 5-1 (tar) [47.8 kB]
Get:3 http://127.0.0.1:12990/debian sid/main libimage-sane-perl 5-1 (diff) [2628 B]
Fetched 53.0 kB in 0s (244 kB/s)
Download complete and in download only mode
I: NOTICE: Log filtering will replace 'build/libimage-sane-perl-e2Lkqd/libimage-sane-perl-5' with '<<PKGBUILDDIR>>'
I: NOTICE: Log filtering will replace 'build/libimage-sane-perl-e2Lkqd' with '<<BUILDDIR>>'

+------------------------------------------------------------------------------+
| Install package build dependencies                                           |
+------------------------------------------------------------------------------+


Setup apt archive
-----------------

Merged Build-Depends: debhelper-compat (= 12), imagemagick, libexception-class-perl, libextutils-depends-perl, libextutils-pkgconfig-perl, libreadonly-perl, libsane-dev, libtest-requires-perl, libtry-tiny-perl, perl-xs-dev, perl, sane-utils, build-essential, fakeroot
Filtered Build-Depends: debhelper-compat (= 12), imagemagick, libexception-class-perl, libextutils-depends-perl, libextutils-pkgconfig-perl, libreadonly-perl, libsane-dev, libtest-requires-perl, libtry-tiny-perl, perl-xs-dev, perl, sane-utils, build-essential, fakeroot
dpkg-deb: building package 'sbuild-build-depends-main-dummy' in '/<<RESOLVERDIR>>/apt_archive/sbuild-build-depends-main-dummy.deb'.
Ign:1 copy:/<<RESOLVERDIR>>/apt_archive ./ InRelease
Get:2 copy:/<<RESOLVERDIR>>/apt_archive ./ Release [957 B]
Ign:3 copy:/<<RESOLVERDIR>>/apt_archive ./ Release.gpg
Get:4 copy:/<<RESOLVERDIR>>/apt_archive ./ Sources [469 B]
Get:5 copy:/<<RESOLVERDIR>>/apt_archive ./ Packages [541 B]
Fetched 1967 B in 0s (171 kB/s)
Reading package lists...
Reading package lists...

Install main build dependencies (apt-based resolver)
----------------------------------------------------

Installing build dependencies
Reading package lists...
Building dependency tree...
Reading state information...
The following additional packages will be installed:
  acl autoconf automake autopoint autotools-dev bsdmainutils debhelper
  dh-autoreconf dh-strip-nondeterminism dwz file fontconfig-config
  fonts-dejavu-core gettext gettext-base groff-base hicolor-icon-theme
  imagemagick imagemagick-6-common imagemagick-6.q16 intltool-debian
  libarchive-zip-perl libavahi-client3 libavahi-common-data libavahi-common3
  libclass-data-inheritable-perl libcroco3 libdbus-1-3 libde265-0
  libdebhelper-perl libdevel-stacktrace-perl libelf1 libexception-class-perl
  libexif12 libexpat1 libextutils-depends-perl libextutils-pkgconfig-perl
  libfftw3-double3 libfile-stripnondeterminism-perl libfontconfig1
  libfreetype6 libgd3 libglib2.0-0 libgphoto2-6 libgphoto2-port12 libheif1
  libicu63 libieee1284-3 libjbig0 libjpeg62-turbo libkmod2 liblcms2-2
  liblqr-1-0 libltdl7 libmagic-mgc libmagic1 libmagickcore-6.q16-6
  libmagickwand-6.q16-6 libnuma1 libopenjp2-7 libpci3 libperl-dev libpipeline1
  libpng16-16 libreadonly-perl libsane libsane-common libsane-dev
  libsensors-config libsensors5 libsigsegv2 libsnmp-base libsnmp35 libssl1.1
  libsub-override-perl libtest-requires-perl libtiff5 libtool libtry-tiny-perl
  libuchardet0 libusb-1.0-0 libwebp6 libwebpmux3 libwrap0 libx11-6 libx11-data
  libx265-179 libxau6 libxcb1 libxdmcp6 libxext6 libxml2 libxpm4 m4 man-db
  pci.ids pkg-config po-debconf sane-utils sensible-utils ucf udev
  update-inetd
Suggested packages:
  autoconf-archive gnu-standards autoconf-doc wamerican | wordlist whois
  vacation dh-make gettext-doc libasprintf-dev libgettextpo-dev groff
  imagemagick-doc autotrace cups-bsd | lpr | lprng curl enscript ffmpeg gimp
  gnuplot grads graphviz hp2xx html2ps libwmf-bin mplayer povray radiance
  texlive-base-bin transfig ufraw-batch xdg-utils libfftw3-bin libfftw3-dev
  libgd-tools gphoto2 liblcms2-utils libmagickcore-6.q16-6-extra avahi-daemon
  hplip lm-sensors snmp-mibs-downloader libtool-doc gfortran
  | fortran95-compiler gcj-jdk m4-doc apparmor less www-browser
  libmail-box-perl unpaper
Recommended packages:
  curl | wget | lynx libmagickcore-6.q16-6-extra ghostscript netpbm dbus
  libarchive-cpio-perl libglib2.0-data shared-mime-info xdg-user-dirs
  libgphoto2-l10n gsfonts libltdl-dev libmail-sendmail-perl
The following NEW packages will be installed:
  acl autoconf automake autopoint autotools-dev bsdmainutils debhelper
  dh-autoreconf dh-strip-nondeterminism dwz file fontconfig-config
  fonts-dejavu-core gettext gettext-base groff-base hicolor-icon-theme
  imagemagick imagemagick-6-common imagemagick-6.q16 intltool-debian
  libarchive-zip-perl libavahi-client3 libavahi-common-data libavahi-common3
  libclass-data-inheritable-perl libcroco3 libdbus-1-3 libde265-0
  libdebhelper-perl libdevel-stacktrace-perl libelf1 libexception-class-perl
  libexif12 libexpat1 libextutils-depends-perl libextutils-pkgconfig-perl
  libfftw3-double3 libfile-stripnondeterminism-perl libfontconfig1
  libfreetype6 libgd3 libglib2.0-0 libgphoto2-6 libgphoto2-port12 libheif1
  libicu63 libieee1284-3 libjbig0 libjpeg62-turbo libkmod2 liblcms2-2
  liblqr-1-0 libltdl7 libmagic-mgc libmagic1 libmagickcore-6.q16-6
  libmagickwand-6.q16-6 libnuma1 libopenjp2-7 libpci3 libperl-dev libpipeline1
  libpng16-16 libreadonly-perl libsane libsane-common libsane-dev
  libsensors-config libsensors5 libsigsegv2 libsnmp-base libsnmp35 libssl1.1
  libsub-override-perl libtest-requires-perl libtiff5 libtool libtry-tiny-perl
  libuchardet0 libusb-1.0-0 libwebp6 libwebpmux3 libwrap0 libx11-6 libx11-data
  libx265-179 libxau6 libxcb1 libxdmcp6 libxext6 libxml2 libxpm4 m4 man-db
  pci.ids pkg-config po-debconf sane-utils sbuild-build-depends-main-dummy
  sensible-utils ucf udev update-inetd
0 upgraded, 104 newly installed, 0 to remove and 0 not upgraded.
Need to get 45.9 MB of archives.
After this operation, 181 MB of additional disk space will be used.
Get:1 copy:/<<RESOLVERDIR>>/apt_archive ./ sbuild-build-depends-main-dummy 0.invalid.0 [968 B]
Get:2 http://127.0.0.1:12990/debian sid/main amd64 bsdmainutils amd64 11.1.2+b1 [191 kB]
Get:3 http://127.0.0.1:12990/debian sid/main amd64 libuchardet0 amd64 0.0.6-3 [64.9 kB]
Get:4 http://127.0.0.1:12990/debian sid/main amd64 groff-base amd64 1.22.4-4 [919 kB]
Get:5 http://127.0.0.1:12990/debian sid/main amd64 libpipeline1 amd64 1.5.2-2 [33.9 kB]
Get:6 http://127.0.0.1:12990/debian sid/main amd64 man-db amd64 2.9.0-2 [1307 kB]
Get:7 http://127.0.0.1:12990/debian sid/main amd64 libfftw3-double3 amd64 3.3.8-2 [733 kB]
Get:8 http://127.0.0.1:12990/debian sid/main amd64 libexpat1 amd64 2.2.9-1 [94.3 kB]
Get:9 http://127.0.0.1:12990/debian sid/main amd64 libpng16-16 amd64 1.6.37-2 [292 kB]
Get:10 http://127.0.0.1:12990/debian sid/main amd64 libfreetype6 amd64 2.10.1-2 [392 kB]
Get:11 http://127.0.0.1:12990/debian sid/main amd64 sensible-utils all 0.0.12+nmu1 [16.0 kB]
Get:12 http://127.0.0.1:12990/debian sid/main amd64 ucf all 3.0038+nmu1 [69.0 kB]
Get:13 http://127.0.0.1:12990/debian sid/main amd64 fonts-dejavu-core all 2.37-1 [1068 kB]
Get:14 http://127.0.0.1:12990/debian sid/main amd64 fontconfig-config all 2.13.1-2 [280 kB]
Get:15 http://127.0.0.1:12990/debian sid/main amd64 libfontconfig1 amd64 2.13.1-2+b1 [347 kB]
Get:16 http://127.0.0.1:12990/debian sid/main amd64 libde265-0 amd64 1.0.4-1 [239 kB]
Get:17 http://127.0.0.1:12990/debian sid/main amd64 libnuma1 amd64 2.0.12-1+b1 [26.3 kB]
Get:18 http://127.0.0.1:12990/debian sid/main amd64 libx265-179 amd64 3.2.1-1 [1071 kB]
Get:19 http://127.0.0.1:12990/debian sid/main amd64 libheif1 amd64 1.6.1-1 [164 kB]
Get:20 http://127.0.0.1:12990/debian sid/main amd64 libjbig0 amd64 2.1-3.1+b2 [31.0 kB]
Get:21 http://127.0.0.1:12990/debian sid/main amd64 libjpeg62-turbo amd64 1:1.5.2-2+b1 [134 kB]
Get:22 http://127.0.0.1:12990/debian sid/main amd64 liblcms2-2 amd64 2.9-4 [146 kB]
Get:23 http://127.0.0.1:12990/debian sid/main amd64 libglib2.0-0 amd64 2.62.4-2 [1319 kB]
Get:24 http://127.0.0.1:12990/debian sid/main amd64 liblqr-1-0 amd64 0.4.2-2.1 [29.1 kB]
Get:25 http://127.0.0.1:12990/debian sid/main amd64 libltdl7 amd64 2.4.6-13 [390 kB]
Get:26 http://127.0.0.1:12990/debian sid/main amd64 libopenjp2-7 amd64 2.3.1-1 [159 kB]
Get:27 http://127.0.0.1:12990/debian sid/main amd64 libwebp6 amd64 0.6.1-2+b1 [261 kB]
Get:28 http://127.0.0.1:12990/debian sid/main amd64 libtiff5 amd64 4.1.0+git191117-2 [271 kB]
Get:29 http://127.0.0.1:12990/debian sid/main amd64 libwebpmux3 amd64 0.6.1-2+b1 [97.9 kB]
Get:30 http://127.0.0.1:12990/debian sid/main amd64 libxau6 amd64 1:1.0.8-1+b2 [19.9 kB]
Get:31 http://127.0.0.1:12990/debian sid/main amd64 libxdmcp6 amd64 1:1.1.2-3 [26.3 kB]
Get:32 http://127.0.0.1:12990/debian sid/main amd64 libxcb1 amd64 1.13.1-5 [137 kB]
Get:33 http://127.0.0.1:12990/debian sid/main amd64 libx11-data all 2:1.6.8-1 [298 kB]
Get:34 http://127.0.0.1:12990/debian sid/main amd64 libx11-6 amd64 2:1.6.8-1 [756 kB]
Get:35 http://127.0.0.1:12990/debian sid/main amd64 libxext6 amd64 2:1.3.3-1+b2 [52.5 kB]
Get:36 http://127.0.0.1:12990/debian sid/main amd64 libicu63 amd64 63.2-2 [8301 kB]
Get:37 http://127.0.0.1:12990/debian sid/main amd64 libxml2 amd64 2.9.10+dfsg-3 [709 kB]
Get:38 http://127.0.0.1:12990/debian sid/main amd64 imagemagick-6-common all 8:6.9.10.23+dfsg-2.1 [200 kB]
Get:39 http://127.0.0.1:12990/debian sid/main amd64 libmagickcore-6.q16-6 amd64 8:6.9.10.23+dfsg-2.1+b2 [1787 kB]
Get:40 http://127.0.0.1:12990/debian sid/main amd64 libmagickwand-6.q16-6 amd64 8:6.9.10.23+dfsg-2.1+b2 [446 kB]
Get:41 http://127.0.0.1:12990/debian sid/main amd64 libsane-common all 1.0.27-3.2 [583 kB]
Get:42 http://127.0.0.1:12990/debian sid/main amd64 libssl1.1 amd64 1.1.1d-2 [1540 kB]
Get:43 http://127.0.0.1:12990/debian sid/main amd64 libkmod2 amd64 27-1 [54.7 kB]
Get:44 http://127.0.0.1:12990/debian sid/main amd64 udev amd64 244.3-1 [1436 kB]
Get:45 http://127.0.0.1:12990/debian sid/main amd64 libmagic-mgc amd64 1:5.38-4 [262 kB]
Get:46 http://127.0.0.1:12990/debian sid/main amd64 libmagic1 amd64 1:5.38-4 [120 kB]
Get:47 http://127.0.0.1:12990/debian sid/main amd64 file amd64 1:5.38-4 [67.9 kB]
Get:48 http://127.0.0.1:12990/debian sid/main amd64 gettext-base amd64 0.19.8.1-10 [123 kB]
Get:49 http://127.0.0.1:12990/debian sid/main amd64 acl amd64 2.2.53-5 [60.3 kB]
Get:50 http://127.0.0.1:12990/debian sid/main amd64 libsigsegv2 amd64 2.12-2 [32.8 kB]
Get:51 http://127.0.0.1:12990/debian sid/main amd64 m4 amd64 1.4.18-4 [203 kB]
Get:52 http://127.0.0.1:12990/debian sid/main amd64 autoconf all 2.69-11.1 [341 kB]
Get:53 http://127.0.0.1:12990/debian sid/main amd64 autotools-dev all 20180224.1 [77.0 kB]
Get:54 http://127.0.0.1:12990/debian sid/main amd64 automake all 1:1.16.1-4 [771 kB]
Get:55 http://127.0.0.1:12990/debian sid/main amd64 autopoint all 0.19.8.1-10 [435 kB]
Get:56 http://127.0.0.1:12990/debian sid/main amd64 libtool all 2.4.6-13 [513 kB]
Get:57 http://127.0.0.1:12990/debian sid/main amd64 dh-autoreconf all 19 [16.9 kB]
Get:58 http://127.0.0.1:12990/debian sid/main amd64 libdebhelper-perl all 12.9 [183 kB]
Get:59 http://127.0.0.1:12990/debian sid/main amd64 libarchive-zip-perl all 1.67-1 [104 kB]
Get:60 http://127.0.0.1:12990/debian sid/main amd64 libsub-override-perl all 0.09-2 [10.2 kB]
Get:61 http://127.0.0.1:12990/debian sid/main amd64 libfile-stripnondeterminism-perl all 1.6.3-2 [23.7 kB]
Get:62 http://127.0.0.1:12990/debian sid/main amd64 dh-strip-nondeterminism all 1.6.3-2 [14.7 kB]
Get:63 http://127.0.0.1:12990/debian sid/main amd64 libelf1 amd64 0.176-1.1 [161 kB]
Get:64 http://127.0.0.1:12990/debian sid/main amd64 dwz amd64 0.13-5 [151 kB]
Get:65 http://127.0.0.1:12990/debian sid/main amd64 libcroco3 amd64 0.6.13-1 [146 kB]
Get:66 http://127.0.0.1:12990/debian sid/main amd64 gettext amd64 0.19.8.1-10 [1303 kB]
Get:67 http://127.0.0.1:12990/debian sid/main amd64 intltool-debian all 0.35.0+20060710.5 [26.8 kB]
Get:68 http://127.0.0.1:12990/debian sid/main amd64 po-debconf all 1.0.21 [248 kB]
Get:69 http://127.0.0.1:12990/debian sid/main amd64 debhelper all 12.9 [994 kB]
Get:70 http://127.0.0.1:12990/debian sid/main amd64 hicolor-icon-theme all 0.17-2 [11.4 kB]
Get:71 http://127.0.0.1:12990/debian sid/main amd64 imagemagick-6.q16 amd64 8:6.9.10.23+dfsg-2.1+b2 [580 kB]
Get:72 http://127.0.0.1:12990/debian sid/main amd64 imagemagick amd64 8:6.9.10.23+dfsg-2.1+b2 [156 kB]
Get:73 http://127.0.0.1:12990/debian sid/main amd64 libavahi-common-data amd64 0.7-5 [122 kB]
Get:74 http://127.0.0.1:12990/debian sid/main amd64 libavahi-common3 amd64 0.7-5 [54.6 kB]
Get:75 http://127.0.0.1:12990/debian sid/main amd64 libdbus-1-3 amd64 1.12.16-2 [214 kB]
Get:76 http://127.0.0.1:12990/debian sid/main amd64 libavahi-client3 amd64 0.7-5 [58.2 kB]
Get:77 http://127.0.0.1:12990/debian sid/main amd64 libclass-data-inheritable-perl all 0.08-3 [8588 B]
Get:78 http://127.0.0.1:12990/debian sid/main amd64 libdevel-stacktrace-perl all 2.0400-1 [28.6 kB]
Get:79 http://127.0.0.1:12990/debian sid/main amd64 libexception-class-perl all 1.44-1 [32.3 kB]
Get:80 http://127.0.0.1:12990/debian sid/main amd64 libexif12 amd64 0.6.21-6 [325 kB]
Get:81 http://127.0.0.1:12990/debian sid/main amd64 libextutils-depends-perl all 0.8000-1 [18.9 kB]
Get:82 http://127.0.0.1:12990/debian sid/main amd64 pkg-config amd64 0.29-6 [63.5 kB]
Get:83 http://127.0.0.1:12990/debian sid/main amd64 libextutils-pkgconfig-perl all 1.16-1 [10.7 kB]
Get:84 http://127.0.0.1:12990/debian sid/main amd64 libxpm4 amd64 1:3.5.12-1 [49.1 kB]
Get:85 http://127.0.0.1:12990/debian sid/main amd64 libgd3 amd64 2.2.5-5.2 [136 kB]
Get:86 http://127.0.0.1:12990/debian sid/main amd64 libusb-1.0-0 amd64 2:1.0.23-2 [58.0 kB]
Get:87 http://127.0.0.1:12990/debian sid/main amd64 libgphoto2-port12 amd64 2.5.23-2 [119 kB]
Get:88 http://127.0.0.1:12990/debian sid/main amd64 libgphoto2-6 amd64 2.5.23-2 [678 kB]
Get:89 http://127.0.0.1:12990/debian sid/main amd64 libieee1284-3 amd64 0.2.11-13+b1 [29.4 kB]
Get:90 http://127.0.0.1:12990/debian sid/main amd64 pci.ids all 0.0~2020.01.25-1 [216 kB]
Get:91 http://127.0.0.1:12990/debian sid/main amd64 libpci3 amd64 1:3.6.4-1 [61.1 kB]
Get:92 http://127.0.0.1:12990/debian sid/main amd64 libperl-dev amd64 5.30.0-9 [1032 kB]
Get:93 http://127.0.0.1:12990/debian sid/main amd64 libreadonly-perl all 2.050-2 [23.0 kB]
Get:94 http://127.0.0.1:12990/debian sid/main amd64 libsensors-config all 1:3.6.0-2 [32.0 kB]
Get:95 http://127.0.0.1:12990/debian sid/main amd64 libsensors5 amd64 1:3.6.0-2 [53.1 kB]
Get:96 http://127.0.0.1:12990/debian sid/main amd64 libwrap0 amd64 7.6.q-30 [58.9 kB]
Get:97 http://127.0.0.1:12990/debian sid/main amd64 libsnmp-base all 5.8+dfsg-2 [1671 kB]
Get:98 http://127.0.0.1:12990/debian sid/main amd64 libsnmp35 amd64 5.8+dfsg-2 [2460 kB]
Get:99 http://127.0.0.1:12990/debian sid/main amd64 libsane amd64 1.0.27-3.2+b1 [2178 kB]
Get:100 http://127.0.0.1:12990/debian sid/main amd64 libsane-dev amd64 1.0.27-3.2+b1 [2137 kB]
Get:101 http://127.0.0.1:12990/debian sid/main amd64 libtest-requires-perl all 0.10-1 [7332 B]
Get:102 http://127.0.0.1:12990/debian sid/main amd64 libtry-tiny-perl all 0.30-1 [23.3 kB]
Get:103 http://127.0.0.1:12990/debian sid/main amd64 update-inetd all 4.50 [27.9 kB]
Get:104 http://127.0.0.1:12990/debian sid/main amd64 sane-utils amd64 1.0.27-3.2+b1 [261 kB]
debconf: delaying package configuration, since apt-utils is not installed
Fetched 45.9 MB in 2s (19.7 MB/s)
Selecting previously unselected package bsdmainutils.
(Reading database ... 12960 files and directories currently installed.)
Preparing to unpack .../000-bsdmainutils_11.1.2+b1_amd64.deb ...
Unpacking bsdmainutils (11.1.2+b1) ...
Selecting previously unselected package libuchardet0:amd64.
Preparing to unpack .../001-libuchardet0_0.0.6-3_amd64.deb ...
Unpacking libuchardet0:amd64 (0.0.6-3) ...
Selecting previously unselected package groff-base.
Preparing to unpack .../002-groff-base_1.22.4-4_amd64.deb ...
Unpacking groff-base (1.22.4-4) ...
Selecting previously unselected package libpipeline1:amd64.
Preparing to unpack .../003-libpipeline1_1.5.2-2_amd64.deb ...
Unpacking libpipeline1:amd64 (1.5.2-2) ...
Selecting previously unselected package man-db.
Preparing to unpack .../004-man-db_2.9.0-2_amd64.deb ...
Unpacking man-db (2.9.0-2) ...
Selecting previously unselected package libfftw3-double3:amd64.
Preparing to unpack .../005-libfftw3-double3_3.3.8-2_amd64.deb ...
Unpacking libfftw3-double3:amd64 (3.3.8-2) ...
Selecting previously unselected package libexpat1:amd64.
Preparing to unpack .../006-libexpat1_2.2.9-1_amd64.deb ...
Unpacking libexpat1:amd64 (2.2.9-1) ...
Selecting previously unselected package libpng16-16:amd64.
Preparing to unpack .../007-libpng16-16_1.6.37-2_amd64.deb ...
Unpacking libpng16-16:amd64 (1.6.37-2) ...
Selecting previously unselected package libfreetype6:amd64.
Preparing to unpack .../008-libfreetype6_2.10.1-2_amd64.deb ...
Unpacking libfreetype6:amd64 (2.10.1-2) ...
Selecting previously unselected package sensible-utils.
Preparing to unpack .../009-sensible-utils_0.0.12+nmu1_all.deb ...
Unpacking sensible-utils (0.0.12+nmu1) ...
Selecting previously unselected package ucf.
Preparing to unpack .../010-ucf_3.0038+nmu1_all.deb ...
Moving old data out of the way
Unpacking ucf (3.0038+nmu1) ...
Selecting previously unselected package fonts-dejavu-core.
Preparing to unpack .../011-fonts-dejavu-core_2.37-1_all.deb ...
Unpacking fonts-dejavu-core (2.37-1) ...
Selecting previously unselected package fontconfig-config.
Preparing to unpack .../012-fontconfig-config_2.13.1-2_all.deb ...
Unpacking fontconfig-config (2.13.1-2) ...
Selecting previously unselected package libfontconfig1:amd64.
Preparing to unpack .../013-libfontconfig1_2.13.1-2+b1_amd64.deb ...
Unpacking libfontconfig1:amd64 (2.13.1-2+b1) ...
Selecting previously unselected package libde265-0:amd64.
Preparing to unpack .../014-libde265-0_1.0.4-1_amd64.deb ...
Unpacking libde265-0:amd64 (1.0.4-1) ...
Selecting previously unselected package libnuma1:amd64.
Preparing to unpack .../015-libnuma1_2.0.12-1+b1_amd64.deb ...
Unpacking libnuma1:amd64 (2.0.12-1+b1) ...
Selecting previously unselected package libx265-179:amd64.
Preparing to unpack .../016-libx265-179_3.2.1-1_amd64.deb ...
Unpacking libx265-179:amd64 (3.2.1-1) ...
Selecting previously unselected package libheif1:amd64.
Preparing to unpack .../017-libheif1_1.6.1-1_amd64.deb ...
Unpacking libheif1:amd64 (1.6.1-1) ...
Selecting previously unselected package libjbig0:amd64.
Preparing to unpack .../018-libjbig0_2.1-3.1+b2_amd64.deb ...
Unpacking libjbig0:amd64 (2.1-3.1+b2) ...
Selecting previously unselected package libjpeg62-turbo:amd64.
Preparing to unpack .../019-libjpeg62-turbo_1%3a1.5.2-2+b1_amd64.deb ...
Unpacking libjpeg62-turbo:amd64 (1:1.5.2-2+b1) ...
Selecting previously unselected package liblcms2-2:amd64.
Preparing to unpack .../020-liblcms2-2_2.9-4_amd64.deb ...
Unpacking liblcms2-2:amd64 (2.9-4) ...
Selecting previously unselected package libglib2.0-0:amd64.
Preparing to unpack .../021-libglib2.0-0_2.62.4-2_amd64.deb ...
Unpacking libglib2.0-0:amd64 (2.62.4-2) ...
Selecting previously unselected package liblqr-1-0:amd64.
Preparing to unpack .../022-liblqr-1-0_0.4.2-2.1_amd64.deb ...
Unpacking liblqr-1-0:amd64 (0.4.2-2.1) ...
Selecting previously unselected package libltdl7:amd64.
Preparing to unpack .../023-libltdl7_2.4.6-13_amd64.deb ...
Unpacking libltdl7:amd64 (2.4.6-13) ...
Selecting previously unselected package libopenjp2-7:amd64.
Preparing to unpack .../024-libopenjp2-7_2.3.1-1_amd64.deb ...
Unpacking libopenjp2-7:amd64 (2.3.1-1) ...
Selecting previously unselected package libwebp6:amd64.
Preparing to unpack .../025-libwebp6_0.6.1-2+b1_amd64.deb ...
Unpacking libwebp6:amd64 (0.6.1-2+b1) ...
Selecting previously unselected package libtiff5:amd64.
Preparing to unpack .../026-libtiff5_4.1.0+git191117-2_amd64.deb ...
Unpacking libtiff5:amd64 (4.1.0+git191117-2) ...
Selecting previously unselected package libwebpmux3:amd64.
Preparing to unpack .../027-libwebpmux3_0.6.1-2+b1_amd64.deb ...
Unpacking libwebpmux3:amd64 (0.6.1-2+b1) ...
Selecting previously unselected package libxau6:amd64.
Preparing to unpack .../028-libxau6_1%3a1.0.8-1+b2_amd64.deb ...
Unpacking libxau6:amd64 (1:1.0.8-1+b2) ...
Selecting previously unselected package libxdmcp6:amd64.
Preparing to unpack .../029-libxdmcp6_1%3a1.1.2-3_amd64.deb ...
Unpacking libxdmcp6:amd64 (1:1.1.2-3) ...
Selecting previously unselected package libxcb1:amd64.
Preparing to unpack .../030-libxcb1_1.13.1-5_amd64.deb ...
Unpacking libxcb1:amd64 (1.13.1-5) ...
Selecting previously unselected package libx11-data.
Preparing to unpack .../031-libx11-data_2%3a1.6.8-1_all.deb ...
Unpacking libx11-data (2:1.6.8-1) ...
Selecting previously unselected package libx11-6:amd64.
Preparing to unpack .../032-libx11-6_2%3a1.6.8-1_amd64.deb ...
Unpacking libx11-6:amd64 (2:1.6.8-1) ...
Selecting previously unselected package libxext6:amd64.
Preparing to unpack .../033-libxext6_2%3a1.3.3-1+b2_amd64.deb ...
Unpacking libxext6:amd64 (2:1.3.3-1+b2) ...
Selecting previously unselected package libicu63:amd64.
Preparing to unpack .../034-libicu63_63.2-2_amd64.deb ...
Unpacking libicu63:amd64 (63.2-2) ...
Selecting previously unselected package libxml2:amd64.
Preparing to unpack .../035-libxml2_2.9.10+dfsg-3_amd64.deb ...
Unpacking libxml2:amd64 (2.9.10+dfsg-3) ...
Selecting previously unselected package imagemagick-6-common.
Preparing to unpack .../036-imagemagick-6-common_8%3a6.9.10.23+dfsg-2.1_all.deb ...
Unpacking imagemagick-6-common (8:6.9.10.23+dfsg-2.1) ...
Selecting previously unselected package libmagickcore-6.q16-6:amd64.
Preparing to unpack .../037-libmagickcore-6.q16-6_8%3a6.9.10.23+dfsg-2.1+b2_amd64.deb ...
Unpacking libmagickcore-6.q16-6:amd64 (8:6.9.10.23+dfsg-2.1+b2) ...
Selecting previously unselected package libmagickwand-6.q16-6:amd64.
Preparing to unpack .../038-libmagickwand-6.q16-6_8%3a6.9.10.23+dfsg-2.1+b2_amd64.deb ...
Unpacking libmagickwand-6.q16-6:amd64 (8:6.9.10.23+dfsg-2.1+b2) ...
Selecting previously unselected package libsane-common.
Preparing to unpack .../039-libsane-common_1.0.27-3.2_all.deb ...
Unpacking libsane-common (1.0.27-3.2) ...
Selecting previously unselected package libssl1.1:amd64.
Preparing to unpack .../040-libssl1.1_1.1.1d-2_amd64.deb ...
Unpacking libssl1.1:amd64 (1.1.1d-2) ...
Selecting previously unselected package libkmod2:amd64.
Preparing to unpack .../041-libkmod2_27-1_amd64.deb ...
Unpacking libkmod2:amd64 (27-1) ...
Selecting previously unselected package udev.
Preparing to unpack .../042-udev_244.3-1_amd64.deb ...
Unpacking udev (244.3-1) ...
Selecting previously unselected package libmagic-mgc.
Preparing to unpack .../043-libmagic-mgc_1%3a5.38-4_amd64.deb ...
Unpacking libmagic-mgc (1:5.38-4) ...
Selecting previously unselected package libmagic1:amd64.
Preparing to unpack .../044-libmagic1_1%3a5.38-4_amd64.deb ...
Unpacking libmagic1:amd64 (1:5.38-4) ...
Selecting previously unselected package file.
Preparing to unpack .../045-file_1%3a5.38-4_amd64.deb ...
Unpacking file (1:5.38-4) ...
Selecting previously unselected package gettext-base.
Preparing to unpack .../046-gettext-base_0.19.8.1-10_amd64.deb ...
Unpacking gettext-base (0.19.8.1-10) ...
Selecting previously unselected package acl.
Preparing to unpack .../047-acl_2.2.53-5_amd64.deb ...
Unpacking acl (2.2.53-5) ...
Selecting previously unselected package libsigsegv2:amd64.
Preparing to unpack .../048-libsigsegv2_2.12-2_amd64.deb ...
Unpacking libsigsegv2:amd64 (2.12-2) ...
Selecting previously unselected package m4.
Preparing to unpack .../049-m4_1.4.18-4_amd64.deb ...
Unpacking m4 (1.4.18-4) ...
Selecting previously unselected package autoconf.
Preparing to unpack .../050-autoconf_2.69-11.1_all.deb ...
Unpacking autoconf (2.69-11.1) ...
Selecting previously unselected package autotools-dev.
Preparing to unpack .../051-autotools-dev_20180224.1_all.deb ...
Unpacking autotools-dev (20180224.1) ...
Selecting previously unselected package automake.
Preparing to unpack .../052-automake_1%3a1.16.1-4_all.deb ...
Unpacking automake (1:1.16.1-4) ...
Selecting previously unselected package autopoint.
Preparing to unpack .../053-autopoint_0.19.8.1-10_all.deb ...
Unpacking autopoint (0.19.8.1-10) ...
Selecting previously unselected package libtool.
Preparing to unpack .../054-libtool_2.4.6-13_all.deb ...
Unpacking libtool (2.4.6-13) ...
Selecting previously unselected package dh-autoreconf.
Preparing to unpack .../055-dh-autoreconf_19_all.deb ...
Unpacking dh-autoreconf (19) ...
Selecting previously unselected package libdebhelper-perl.
Preparing to unpack .../056-libdebhelper-perl_12.9_all.deb ...
Unpacking libdebhelper-perl (12.9) ...
Selecting previously unselected package libarchive-zip-perl.
Preparing to unpack .../057-libarchive-zip-perl_1.67-1_all.deb ...
Unpacking libarchive-zip-perl (1.67-1) ...
Selecting previously unselected package libsub-override-perl.
Preparing to unpack .../058-libsub-override-perl_0.09-2_all.deb ...
Unpacking libsub-override-perl (0.09-2) ...
Selecting previously unselected package libfile-stripnondeterminism-perl.
Preparing to unpack .../059-libfile-stripnondeterminism-perl_1.6.3-2_all.deb ...
Unpacking libfile-stripnondeterminism-perl (1.6.3-2) ...
Selecting previously unselected package dh-strip-nondeterminism.
Preparing to unpack .../060-dh-strip-nondeterminism_1.6.3-2_all.deb ...
Unpacking dh-strip-nondeterminism (1.6.3-2) ...
Selecting previously unselected package libelf1:amd64.
Preparing to unpack .../061-libelf1_0.176-1.1_amd64.deb ...
Unpacking libelf1:amd64 (0.176-1.1) ...
Selecting previously unselected package dwz.
Preparing to unpack .../062-dwz_0.13-5_amd64.deb ...
Unpacking dwz (0.13-5) ...
Selecting previously unselected package libcroco3:amd64.
Preparing to unpack .../063-libcroco3_0.6.13-1_amd64.deb ...
Unpacking libcroco3:amd64 (0.6.13-1) ...
Selecting previously unselected package gettext.
Preparing to unpack .../064-gettext_0.19.8.1-10_amd64.deb ...
Unpacking gettext (0.19.8.1-10) ...
Selecting previously unselected package intltool-debian.
Preparing to unpack .../065-intltool-debian_0.35.0+20060710.5_all.deb ...
Unpacking intltool-debian (0.35.0+20060710.5) ...
Selecting previously unselected package po-debconf.
Preparing to unpack .../066-po-debconf_1.0.21_all.deb ...
Unpacking po-debconf (1.0.21) ...
Selecting previously unselected package debhelper.
Preparing to unpack .../067-debhelper_12.9_all.deb ...
Unpacking debhelper (12.9) ...
Selecting previously unselected package hicolor-icon-theme.
Preparing to unpack .../068-hicolor-icon-theme_0.17-2_all.deb ...
Unpacking hicolor-icon-theme (0.17-2) ...
Selecting previously unselected package imagemagick-6.q16.
Preparing to unpack .../069-imagemagick-6.q16_8%3a6.9.10.23+dfsg-2.1+b2_amd64.deb ...
Unpacking imagemagick-6.q16 (8:6.9.10.23+dfsg-2.1+b2) ...
Selecting previously unselected package imagemagick.
Preparing to unpack .../070-imagemagick_8%3a6.9.10.23+dfsg-2.1+b2_amd64.deb ...
Unpacking imagemagick (8:6.9.10.23+dfsg-2.1+b2) ...
Selecting previously unselected package libavahi-common-data:amd64.
Preparing to unpack .../071-libavahi-common-data_0.7-5_amd64.deb ...
Unpacking libavahi-common-data:amd64 (0.7-5) ...
Selecting previously unselected package libavahi-common3:amd64.
Preparing to unpack .../072-libavahi-common3_0.7-5_amd64.deb ...
Unpacking libavahi-common3:amd64 (0.7-5) ...
Selecting previously unselected package libdbus-1-3:amd64.
Preparing to unpack .../073-libdbus-1-3_1.12.16-2_amd64.deb ...
Unpacking libdbus-1-3:amd64 (1.12.16-2) ...
Selecting previously unselected package libavahi-client3:amd64.
Preparing to unpack .../074-libavahi-client3_0.7-5_amd64.deb ...
Unpacking libavahi-client3:amd64 (0.7-5) ...
Selecting previously unselected package libclass-data-inheritable-perl.
Preparing to unpack .../075-libclass-data-inheritable-perl_0.08-3_all.deb ...
Unpacking libclass-data-inheritable-perl (0.08-3) ...
Selecting previously unselected package libdevel-stacktrace-perl.
Preparing to unpack .../076-libdevel-stacktrace-perl_2.0400-1_all.deb ...
Unpacking libdevel-stacktrace-perl (2.0400-1) ...
Selecting previously unselected package libexception-class-perl.
Preparing to unpack .../077-libexception-class-perl_1.44-1_all.deb ...
Unpacking libexception-class-perl (1.44-1) ...
Selecting previously unselected package libexif12:amd64.
Preparing to unpack .../078-libexif12_0.6.21-6_amd64.deb ...
Unpacking libexif12:amd64 (0.6.21-6) ...
Selecting previously unselected package libextutils-depends-perl.
Preparing to unpack .../079-libextutils-depends-perl_0.8000-1_all.deb ...
Unpacking libextutils-depends-perl (0.8000-1) ...
Selecting previously unselected package pkg-config.
Preparing to unpack .../080-pkg-config_0.29-6_amd64.deb ...
Unpacking pkg-config (0.29-6) ...
Selecting previously unselected package libextutils-pkgconfig-perl.
Preparing to unpack .../081-libextutils-pkgconfig-perl_1.16-1_all.deb ...
Unpacking libextutils-pkgconfig-perl (1.16-1) ...
Selecting previously unselected package libxpm4:amd64.
Preparing to unpack .../082-libxpm4_1%3a3.5.12-1_amd64.deb ...
Unpacking libxpm4:amd64 (1:3.5.12-1) ...
Selecting previously unselected package libgd3:amd64.
Preparing to unpack .../083-libgd3_2.2.5-5.2_amd64.deb ...
Unpacking libgd3:amd64 (2.2.5-5.2) ...
Selecting previously unselected package libusb-1.0-0:amd64.
Preparing to unpack .../084-libusb-1.0-0_2%3a1.0.23-2_amd64.deb ...
Unpacking libusb-1.0-0:amd64 (2:1.0.23-2) ...
Selecting previously unselected package libgphoto2-port12:amd64.
Preparing to unpack .../085-libgphoto2-port12_2.5.23-2_amd64.deb ...
Unpacking libgphoto2-port12:amd64 (2.5.23-2) ...
Selecting previously unselected package libgphoto2-6:amd64.
Preparing to unpack .../086-libgphoto2-6_2.5.23-2_amd64.deb ...
Unpacking libgphoto2-6:amd64 (2.5.23-2) ...
Selecting previously unselected package libieee1284-3:amd64.
Preparing to unpack .../087-libieee1284-3_0.2.11-13+b1_amd64.deb ...
Unpacking libieee1284-3:amd64 (0.2.11-13+b1) ...
Selecting previously unselected package pci.ids.
Preparing to unpack .../088-pci.ids_0.0~2020.01.25-1_all.deb ...
Unpacking pci.ids (0.0~2020.01.25-1) ...
Selecting previously unselected package libpci3:amd64.
Preparing to unpack .../089-libpci3_1%3a3.6.4-1_amd64.deb ...
Unpacking libpci3:amd64 (1:3.6.4-1) ...
Selecting previously unselected package libperl-dev:amd64.
Preparing to unpack .../090-libperl-dev_5.30.0-9_amd64.deb ...
Unpacking libperl-dev:amd64 (5.30.0-9) ...
Selecting previously unselected package libreadonly-perl.
Preparing to unpack .../091-libreadonly-perl_2.050-2_all.deb ...
Unpacking libreadonly-perl (2.050-2) ...
Selecting previously unselected package libsensors-config.
Preparing to unpack .../092-libsensors-config_1%3a3.6.0-2_all.deb ...
Unpacking libsensors-config (1:3.6.0-2) ...
Selecting previously unselected package libsensors5:amd64.
Preparing to unpack .../093-libsensors5_1%3a3.6.0-2_amd64.deb ...
Unpacking libsensors5:amd64 (1:3.6.0-2) ...
Selecting previously unselected package libwrap0:amd64.
Preparing to unpack .../094-libwrap0_7.6.q-30_amd64.deb ...
Unpacking libwrap0:amd64 (7.6.q-30) ...
Selecting previously unselected package libsnmp-base.
Preparing to unpack .../095-libsnmp-base_5.8+dfsg-2_all.deb ...
Unpacking libsnmp-base (5.8+dfsg-2) ...
Selecting previously unselected package libsnmp35:amd64.
Preparing to unpack .../096-libsnmp35_5.8+dfsg-2_amd64.deb ...
Unpacking libsnmp35:amd64 (5.8+dfsg-2) ...
Selecting previously unselected package libsane:amd64.
Preparing to unpack .../097-libsane_1.0.27-3.2+b1_amd64.deb ...
Unpacking libsane:amd64 (1.0.27-3.2+b1) ...
Selecting previously unselected package libsane-dev:amd64.
Preparing to unpack .../098-libsane-dev_1.0.27-3.2+b1_amd64.deb ...
Unpacking libsane-dev:amd64 (1.0.27-3.2+b1) ...
Selecting previously unselected package libtest-requires-perl.
Preparing to unpack .../099-libtest-requires-perl_0.10-1_all.deb ...
Unpacking libtest-requires-perl (0.10-1) ...
Selecting previously unselected package libtry-tiny-perl.
Preparing to unpack .../100-libtry-tiny-perl_0.30-1_all.deb ...
Unpacking libtry-tiny-perl (0.30-1) ...
Selecting previously unselected package update-inetd.
Preparing to unpack .../101-update-inetd_4.50_all.deb ...
Unpacking update-inetd (4.50) ...
Selecting previously unselected package sane-utils.
Preparing to unpack .../102-sane-utils_1.0.27-3.2+b1_amd64.deb ...
Unpacking sane-utils (1.0.27-3.2+b1) ...
Selecting previously unselected package sbuild-build-depends-main-dummy.
Preparing to unpack .../103-sbuild-build-depends-main-dummy_0.invalid.0_amd64.deb ...
Unpacking sbuild-build-depends-main-dummy (0.invalid.0) ...
Setting up libexpat1:amd64 (2.2.9-1) ...
Setting up libpipeline1:amd64 (1.5.2-2) ...
Setting up liblcms2-2:amd64 (2.9-4) ...
Setting up libxau6:amd64 (1:1.0.8-1+b2) ...
Setting up imagemagick-6-common (8:6.9.10.23+dfsg-2.1) ...
Setting up libxdmcp6:amd64 (1:1.1.2-3) ...
Setting up pci.ids (0.0~2020.01.25-1) ...
Setting up libxcb1:amd64 (1.13.1-5) ...
Setting up hicolor-icon-theme (0.17-2) ...
Setting up libmagic-mgc (1:5.38-4) ...
Setting up libarchive-zip-perl (1.67-1) ...
Setting up libglib2.0-0:amd64 (2.62.4-2) ...
No schema files found: doing nothing.
Setting up libsnmp-base (5.8+dfsg-2) ...
Setting up libssl1.1:amd64 (1.1.1d-2) ...
Setting up libdebhelper-perl (12.9) ...
Setting up libtry-tiny-perl (0.30-1) ...
Setting up libsensors-config (1:3.6.0-2) ...
Setting up libmagic1:amd64 (1:5.38-4) ...
Setting up update-inetd (4.50) ...
Setting up gettext-base (0.19.8.1-10) ...
Setting up libperl-dev:amd64 (5.30.0-9) ...
Setting up file (1:5.38-4) ...
Setting up libjbig0:amd64 (2.1-3.1+b2) ...
Setting up libicu63:amd64 (63.2-2) ...
Setting up libextutils-depends-perl (0.8000-1) ...
Setting up acl (2.2.53-5) ...
Setting up libreadonly-perl (2.050-2) ...
Setting up autotools-dev (20180224.1) ...
Setting up libclass-data-inheritable-perl (0.08-3) ...
Setting up libjpeg62-turbo:amd64 (1:1.5.2-2+b1) ...
Setting up libwrap0:amd64 (7.6.q-30) ...
Setting up libx11-data (2:1.6.8-1) ...
Setting up libavahi-common-data:amd64 (0.7-5) ...
Setting up libdbus-1-3:amd64 (1.12.16-2) ...
Setting up libsigsegv2:amd64 (2.12-2) ...
Setting up libexif12:amd64 (0.6.21-6) ...
Setting up bsdmainutils (11.1.2+b1) ...
update-alternatives: using /usr/bin/bsd-write to provide /usr/bin/write (write) in auto mode
update-alternatives: using /usr/bin/bsd-from to provide /usr/bin/from (from) in auto mode
Setting up libpng16-16:amd64 (1.6.37-2) ...
Setting up libtest-requires-perl (0.10-1) ...
Setting up autopoint (0.19.8.1-10) ...
Setting up libwebp6:amd64 (0.6.1-2+b1) ...
Setting up pkg-config (0.29-6) ...
Setting up fonts-dejavu-core (2.37-1) ...
Setting up libsensors5:amd64 (1:3.6.0-2) ...
Setting up libltdl7:amd64 (2.4.6-13) ...
Setting up libfftw3-double3:amd64 (3.3.8-2) ...
Setting up libpci3:amd64 (1:3.6.4-1) ...
Setting up libnuma1:amd64 (2.0.12-1+b1) ...
Setting up liblqr-1-0:amd64 (0.4.2-2.1) ...
Setting up sensible-utils (0.0.12+nmu1) ...
Setting up libuchardet0:amd64 (0.0.6-3) ...
Setting up libopenjp2-7:amd64 (2.3.1-1) ...
Setting up libsub-override-perl (0.09-2) ...
Setting up libx11-6:amd64 (2:1.6.8-1) ...
Setting up libdevel-stacktrace-perl (2.0400-1) ...
Setting up libtiff5:amd64 (4.1.0+git191117-2) ...
Setting up libusb-1.0-0:amd64 (2:1.0.23-2) ...
Setting up libgphoto2-port12:amd64 (2.5.23-2) ...
Setting up libsane-common (1.0.27-3.2) ...
Setting up libieee1284-3:amd64 (0.2.11-13+b1) ...
Setting up libde265-0:amd64 (1.0.4-1) ...
Setting up libwebpmux3:amd64 (0.6.1-2+b1) ...
Setting up libelf1:amd64 (0.176-1.1) ...
Setting up libxml2:amd64 (2.9.10+dfsg-3) ...
Setting up libkmod2:amd64 (27-1) ...
Setting up libfile-stripnondeterminism-perl (1.6.3-2) ...
Setting up libsnmp35:amd64 (5.8+dfsg-2) ...
Setting up libxpm4:amd64 (1:3.5.12-1) ...
Setting up libtool (2.4.6-13) ...
Setting up libx265-179:amd64 (3.2.1-1) ...
Setting up libextutils-pkgconfig-perl (1.16-1) ...
Setting up libheif1:amd64 (1.6.1-1) ...
Setting up libavahi-common3:amd64 (0.7-5) ...
Setting up libxext6:amd64 (2:1.3.3-1+b2) ...
Setting up m4 (1.4.18-4) ...
Setting up libexception-class-perl (1.44-1) ...
Setting up libfreetype6:amd64 (2.10.1-2) ...
Setting up udev (244.3-1) ...
A chroot environment has been detected, udev not started.
Setting up libcroco3:amd64 (0.6.13-1) ...
Setting up ucf (3.0038+nmu1) ...
Setting up autoconf (2.69-11.1) ...
Setting up dh-strip-nondeterminism (1.6.3-2) ...
Setting up dwz (0.13-5) ...
Setting up groff-base (1.22.4-4) ...
Setting up libavahi-client3:amd64 (0.7-5) ...
Setting up automake (1:1.16.1-4) ...
update-alternatives: using /usr/bin/automake-1.16 to provide /usr/bin/automake (automake) in auto mode
Setting up gettext (0.19.8.1-10) ...
Setting up fontconfig-config (2.13.1-2) ...
Setting up man-db (2.9.0-2) ...
Not building database; man-db/auto-update is not 'true'.
Setting up intltool-debian (0.35.0+20060710.5) ...
Setting up libfontconfig1:amd64 (2.13.1-2+b1) ...
Setting up po-debconf (1.0.21) ...
Setting up libmagickcore-6.q16-6:amd64 (8:6.9.10.23+dfsg-2.1+b2) ...
Setting up libgd3:amd64 (2.2.5-5.2) ...
Setting up libmagickwand-6.q16-6:amd64 (8:6.9.10.23+dfsg-2.1+b2) ...
Setting up libgphoto2-6:amd64 (2.5.23-2) ...
Setting up imagemagick-6.q16 (8:6.9.10.23+dfsg-2.1+b2) ...
update-alternatives: using /usr/bin/compare-im6.q16 to provide /usr/bin/compare (compare) in auto mode
update-alternatives: using /usr/bin/compare-im6.q16 to provide /usr/bin/compare-im6 (compare-im6) in auto mode
update-alternatives: using /usr/bin/animate-im6.q16 to provide /usr/bin/animate (animate) in auto mode
update-alternatives: using /usr/bin/animate-im6.q16 to provide /usr/bin/animate-im6 (animate-im6) in auto mode
update-alternatives: using /usr/bin/convert-im6.q16 to provide /usr/bin/convert (convert) in auto mode
update-alternatives: using /usr/bin/convert-im6.q16 to provide /usr/bin/convert-im6 (convert-im6) in auto mode
update-alternatives: using /usr/bin/composite-im6.q16 to provide /usr/bin/composite (composite) in auto mode
update-alternatives: using /usr/bin/composite-im6.q16 to provide /usr/bin/composite-im6 (composite-im6) in auto mode
update-alternatives: using /usr/bin/conjure-im6.q16 to provide /usr/bin/conjure (conjure) in auto mode
update-alternatives: using /usr/bin/conjure-im6.q16 to provide /usr/bin/conjure-im6 (conjure-im6) in auto mode
update-alternatives: using /usr/bin/import-im6.q16 to provide /usr/bin/import (import) in auto mode
update-alternatives: using /usr/bin/import-im6.q16 to provide /usr/bin/import-im6 (import-im6) in auto mode
update-alternatives: using /usr/bin/identify-im6.q16 to provide /usr/bin/identify (identify) in auto mode
update-alternatives: using /usr/bin/identify-im6.q16 to provide /usr/bin/identify-im6 (identify-im6) in auto mode
update-alternatives: using /usr/bin/stream-im6.q16 to provide /usr/bin/stream (stream) in auto mode
update-alternatives: using /usr/bin/stream-im6.q16 to provide /usr/bin/stream-im6 (stream-im6) in auto mode
update-alternatives: using /usr/bin/display-im6.q16 to provide /usr/bin/display (display) in auto mode
update-alternatives: using /usr/bin/display-im6.q16 to provide /usr/bin/display-im6 (display-im6) in auto mode
update-alternatives: using /usr/bin/montage-im6.q16 to provide /usr/bin/montage (montage) in auto mode
update-alternatives: using /usr/bin/montage-im6.q16 to provide /usr/bin/montage-im6 (montage-im6) in auto mode
update-alternatives: using /usr/bin/mogrify-im6.q16 to provide /usr/bin/mogrify (mogrify) in auto mode
update-alternatives: using /usr/bin/mogrify-im6.q16 to provide /usr/bin/mogrify-im6 (mogrify-im6) in auto mode
Setting up libsane:amd64 (1.0.27-3.2+b1) ...
Adding scanner group...
Setting up imagemagick (8:6.9.10.23+dfsg-2.1+b2) ...
Setting up sane-utils (1.0.27-3.2+b1) ...
update-inetd: warning: cannot add service, /etc/inetd.conf does not exist
Adding saned group and user...
Adding user saned to group scanner
invoke-rc.d: could not determine current runlevel
All runlevel operations denied by policy
invoke-rc.d: policy-rc.d denied execution of start.
Setting up libsane-dev:amd64 (1.0.27-3.2+b1) ...
Setting up dh-autoreconf (19) ...
Setting up debhelper (12.9) ...
Setting up sbuild-build-depends-main-dummy (0.invalid.0) ...
Processing triggers for libc-bin (2.29-10) ...

+------------------------------------------------------------------------------+
| Check architectures                                                          |
+------------------------------------------------------------------------------+

Arch check ok (amd64 included in any)

+------------------------------------------------------------------------------+
| Build environment                                                            |
+------------------------------------------------------------------------------+

Kernel: Linux 4.19.0-6-cloud-amd64 #1 SMP Debian 4.19.67-2+deb10u2 (2019-11-11) amd64 (x86_64)
Toolchain package versions: binutils_2.34-3 dpkg-dev_1.19.7 g++-9_9.2.1-29 gcc-9_9.2.1-29 libc6-dev_2.29-10 libstdc++-9-dev_9.2.1-29 libstdc++6_10-20200222-1 linux-libc-dev_5.4.19-1
Package versions: acl_2.2.53-5 adduser_3.118 apt_1.8.4 autoconf_2.69-11.1 automake_1:1.16.1-4 autopoint_0.19.8.1-10 autotools-dev_20180224.1 base-files_11 base-passwd_3.5.47 bash_5.0-5 binutils_2.34-3 binutils-common_2.34-3 binutils-x86-64-linux-gnu_2.34-3 bsdmainutils_11.1.2+b1 bsdutils_1:2.34-0.1 build-essential_12.8 bzip2_1.0.8-2 clang-10_1:10.0.0~+rc2-1 coreutils_8.30-3+b1 cpp_4:9.2.1-3.1 cpp-9_9.2.1-29 dash_0.5.10.2-6 debconf_1.5.73 debhelper_12.9 debian-archive-keyring_2019.1 debianutils_4.9.1 dh-autoreconf_19 dh-strip-nondeterminism_1.6.3-2 diffutils_1:3.7-3 dpkg_1.19.7 dpkg-dev_1.19.7 dwz_0.13-5 e2fsprogs_1.45.5-2 fakeroot_1.24-1 fdisk_2.34-0.1 file_1:5.38-4 findutils_4.7.0-1 fontconfig-config_2.13.1-2 fonts-dejavu-core_2.37-1 g++_4:9.2.1-3.1 g++-9_9.2.1-29 gcc_4:9.2.1-3.1 gcc-10-base_10-20200222-1 gcc-9_9.2.1-29 gcc-9-base_9.2.1-29 gettext_0.19.8.1-10 gettext-base_0.19.8.1-10 gpgv_2.2.19-1 grep_3.4-1 groff-base_1.22.4-4 gzip_1.9-3+b1 hicolor-icon-theme_0.17-2 hostname_3.23 imagemagick_8:6.9.10.23+dfsg-2.1+b2 imagemagick-6-common_8:6.9.10.23+dfsg-2.1 imagemagick-6.q16_8:6.9.10.23+dfsg-2.1+b2 init-system-helpers_1.57 intltool-debian_0.35.0+20060710.5 lib32gcc-s1_10-20200222-1 lib32gcc1_1:10-20200222-1 lib32stdc++6_10-20200222-1 libacl1_2.2.53-5 libapt-pkg5.0_1.8.4 libarchive-zip-perl_1.67-1 libasan5_9.2.1-29 libatomic1_10-20200222-1 libattr1_1:2.4.48-5 libaudit-common_1:2.8.5-2 libaudit1_1:2.8.5-2+b1 libavahi-client3_0.7-5 libavahi-common-data_0.7-5 libavahi-common3_0.7-5 libbinutils_2.34-3 libblkid1_2.34-0.1 libbsd0_0.10.0-1 libbz2-1.0_1.0.8-2 libc-bin_2.29-10 libc-dev-bin_2.29-10 libc6_2.29-10 libc6-dev_2.29-10 libc6-i386_2.29-10 libcap-ng0_0.7.9-2.1+b1 libcc1-0_10-20200222-1 libclang-common-10-dev_1:10.0.0~+rc2-1 libclang-cpp10_1:10.0.0~+rc2-1 libclang1-10_1:10.0.0~+rc2-1 libclass-data-inheritable-perl_0.08-3 libcom-err2_1.45.5-2 libcroco3_0.6.13-1 libcrypt-dev_1:4.4.10-10 libcrypt1_1:4.4.10-10 libctf-nobfd0_2.34-3 libctf0_2.34-3 libdb5.3_5.3.28+dfsg1-0.6 libdbus-1-3_1.12.16-2 libde265-0_1.0.4-1 libdebconfclient0_0.251 libdebhelper-perl_12.9 libdevel-stacktrace-perl_2.0400-1 libdpkg-perl_1.19.7 libedit2_3.1-20191231-1 libelf1_0.176-1.1 libexception-class-perl_1.44-1 libexif12_0.6.21-6 libexpat1_2.2.9-1 libext2fs2_1.45.5-2 libextutils-depends-perl_0.8000-1 libextutils-pkgconfig-perl_1.16-1 libfakeroot_1.24-1 libfdisk1_2.34-0.1 libffi7_3.3-3 libfftw3-double3_3.3.8-2 libfile-stripnondeterminism-perl_1.6.3-2 libfontconfig1_2.13.1-2+b1 libfreetype6_2.10.1-2 libgc1c2_1:7.6.4-0.4 libgcc-9-dev_9.2.1-29 libgcc-s1_10-20200222-1 libgcc1_1:10-20200222-1 libgcrypt20_1.8.5-5 libgd3_2.2.5-5.2 libgdbm-compat4_1.18.1-5 libgdbm6_1.18.1-5 libglib2.0-0_2.62.4-2 libgmp10_2:6.2.0+dfsg-4 libgnutls30_3.6.12-2 libgomp1_10-20200222-1 libgpg-error0_1.37-1 libgphoto2-6_2.5.23-2 libgphoto2-port12_2.5.23-2 libheif1_1.6.1-1 libhogweed5_3.5.1+really3.5.1-2 libicu63_63.2-2 libidn2-0_2.2.0-2 libieee1284-3_0.2.11-13+b1 libisl22_0.22.1-1 libitm1_10-20200222-1 libjbig0_2.1-3.1+b2 libjpeg62-turbo_1:1.5.2-2+b1 libkmod2_27-1 liblcms2-2_2.9-4 libllvm10_1:10.0.0~+rc2-1 liblqr-1-0_0.4.2-2.1 liblsan0_10-20200222-1 libltdl7_2.4.6-13 liblz4-1_1.9.2-2 liblzma5_5.2.4-1+b1 libmagic-mgc_1:5.38-4 libmagic1_1:5.38-4 libmagickcore-6.q16-6_8:6.9.10.23+dfsg-2.1+b2 libmagickwand-6.q16-6_8:6.9.10.23+dfsg-2.1+b2 libmount1_2.34-0.1 libmpc3_1.1.0-1 libmpfr6_4.0.2-1 libncursesw6_6.1+20191019-1 libnettle7_3.5.1+really3.5.1-2 libnuma1_2.0.12-1+b1 libobjc-9-dev_9.2.1-29 libobjc4_10-20200222-1 libomp-10-dev_1:10.0.0~+rc2-1 libomp5-10_1:10.0.0~+rc2-1 libopenjp2-7_2.3.1-1 libp11-kit0_0.23.20-1 libpam-modules_1.3.1-5 libpam-modules-bin_1.3.1-5 libpam-runtime_1.3.1-5 libpam0g_1.3.1-5 libpci3_1:3.6.4-1 libpcre2-8-0_10.34-7 libpcre3_2:8.39-12+b1 libperl-dev_5.30.0-9 libperl5.30_5.30.0-9 libpipeline1_1.5.2-2 libpng16-16_1.6.37-2 libquadmath0_10-20200222-1 libreadonly-perl_2.050-2 libsane_1.0.27-3.2+b1 libsane-common_1.0.27-3.2 libsane-dev_1.0.27-3.2+b1 libseccomp2_2.4.2-2 libselinux1_3.0-1+b1 libsemanage-common_3.0-1 libsemanage1_3.0-1+b1 libsensors-config_1:3.6.0-2 libsensors5_1:3.6.0-2 libsepol1_3.0-1 libsigsegv2_2.12-2 libsmartcols1_2.34-0.1 libsnmp-base_5.8+dfsg-2 libsnmp35_5.8+dfsg-2 libss2_1.45.5-2 libssl1.1_1.1.1d-2 libstdc++-9-dev_9.2.1-29 libstdc++6_10-20200222-1 libsub-override-perl_0.09-2 libsystemd0_244.3-1 libtasn1-6_4.16.0-2 libtest-requires-perl_0.10-1 libtiff5_4.1.0+git191117-2 libtinfo6_6.1+20191019-1 libtool_2.4.6-13 libtry-tiny-perl_0.30-1 libtsan0_10-20200222-1 libubsan1_10-20200222-1 libuchardet0_0.0.6-3 libudev1_244.3-1 libunistring2_0.9.10-2 libusb-1.0-0_2:1.0.23-2 libuuid1_2.34-0.1 libwebp6_0.6.1-2+b1 libwebpmux3_0.6.1-2+b1 libwrap0_7.6.q-30 libx11-6_2:1.6.8-1 libx11-data_2:1.6.8-1 libx265-179_3.2.1-1 libxau6_1:1.0.8-1+b2 libxcb1_1.13.1-5 libxdmcp6_1:1.1.2-3 libxext6_2:1.3.3-1+b2 libxml2_2.9.10+dfsg-3 libxpm4_1:3.5.12-1 libz3-4_4.8.7-4 libzstd1_1.4.4+dfsg-3 linux-libc-dev_5.4.19-1 login_1:4.8.1-1 logsave_1.45.5-2 lsb-base_11.1.0 m4_1.4.18-4 make_4.2.1-1.2 man-db_2.9.0-2 mawk_1.3.4.20200120-2 mount_2.34-0.1 ncurses-base_6.1+20191019-1 ncurses-bin_6.1+20191019-1 passwd_1:4.8.1-1 patch_2.7.6-6 pci.ids_0.0~2020.01.25-1 perl_5.30.0-9 perl-base_5.30.0-9 perl-modules-5.30_5.30.0-9 pkg-config_0.29-6 po-debconf_1.0.21 sane-utils_1.0.27-3.2+b1 sbuild-build-depends-main-dummy_0.invalid.0 sed_4.7-1 sensible-utils_0.0.12+nmu1 sysvinit-utils_2.96-2.1 tar_1.30+dfsg-6+b1 tzdata_2019c-3 ucf_3.0038+nmu1 udev_244.3-1 update-inetd_4.50 util-linux_2.34-0.1 xz-utils_5.2.4-1+b1 zlib1g_1:1.2.11.dfsg-2

+------------------------------------------------------------------------------+
| Build                                                                        |
+------------------------------------------------------------------------------+


Unpack source
-------------

-----BEGIN PGP SIGNED MESSAGE-----
Hash: SHA512

Format: 3.0 (quilt)
Source: libimage-sane-perl
Binary: libimage-sane-perl
Architecture: any
Version: 5-1
Maintainer: Debian Perl Group <pkg-perl-maintainers@lists.alioth.debian.org>
Uploaders: Jeffrey Ratcliffe <jjr@debian.org>
Homepage: https://metacpan.org/release/Image-Sane
Standards-Version: 4.4.1
Vcs-Browser: https://salsa.debian.org/perl-team/modules/packages/libimage-sane-perl
Vcs-Git: https://salsa.debian.org/perl-team/modules/packages/libimage-sane-perl.git
Testsuite: autopkgtest-pkg-perl
Build-Depends: debhelper-compat (= 12), imagemagick <!nocheck>, libexception-class-perl <!nocheck>, libextutils-depends-perl, libextutils-pkgconfig-perl, libreadonly-perl <!nocheck>, libsane-dev, libtest-requires-perl <!nocheck>, libtry-tiny-perl <!nocheck>, perl-xs-dev, perl:native, sane-utils <!nocheck>
Package-List:
 libimage-sane-perl deb perl optional arch=any
Checksums-Sha1:
 6ecb4fe27a41c4fbc723f7858dd1ee1768671f8d 47781 libimage-sane-perl_5.orig.tar.gz
 844409f69c8ac637d3653dc3d2ed49264db4bf9d 2628 libimage-sane-perl_5-1.debian.tar.xz
Checksums-Sha256:
 229aa0e9f049efa760f3c2f6e61d9d539af43d8f764b50a6e03064b4729a35ff 47781 libimage-sane-perl_5.orig.tar.gz
 0495473dc02aeb84440b02123305e85e96ca399b648e883c744df79f0e4672a4 2628 libimage-sane-perl_5-1.debian.tar.xz
Files:
 ea37bae44f50a8e916f5d584383b2cab 47781 libimage-sane-perl_5.orig.tar.gz
 cffa73c8702735fd4bbc729c2317af70 2628 libimage-sane-perl_5-1.debian.tar.xz
Dgit: 3b24c8bb0b11dfc2ae6f7a43f81d6417a7e58fae debian archive/debian/5-1 https://git.dgit.debian.org/libimage-sane-perl

-----BEGIN PGP SIGNATURE-----

iQKTBAEBCgB9FiEE0eExbpOnYKgQTYX6uzpoAYZJqgYFAl3avOpfFIAAAAAALgAo
aXNzdWVyLWZwckBub3RhdGlvbnMub3BlbnBncC5maWZ0aGhvcnNlbWFuLm5ldEQx
RTEzMTZFOTNBNzYwQTgxMDREODVGQUJCM0E2ODAxODY0OUFBMDYACgkQuzpoAYZJ
qgZCmg//fgNA4i/AbGQpeUpNFafh6ZjZifuJVNrZbRzIHV7RK2AuQCeFX1FBQssI
y222OP9CaDgNmxgyeLmFTF6nn2l8396RLk176j4Rsc7kY8XroIMaYzFOd/XrZN7B
TUnrIU/xOF7ulwFNjrSaffnUej3/WFh/8rCtN3GsTDdwm5I6ljDjDLUrGBoOUzCE
FmE4jNxMbAd/qC4XWztLizkbGLVbSzWevzXKdbCTEAf2sp+UFLd2JtJV6WmE3VjW
ab4UYrC5fJoLm95+1eHl3YnGBNhmOE02LUaHQfKUnrYN+5WhIH6xfLRZ170GeUsG
M6VBgaxW8wqoLlZVt08WbDyfhjmzHsgYTsrNnDni1Mw3JvMZ/mwmTBIYFMpVlhEq
Qgqob7gouNYdBGc/jKTwYWj7Ld3vg4gMs5C11GsEYTM3rNY7wUEdN+i/iFYevQPl
EE2LUncO1iMcBD3ZrADTGUfEUrHHogHcA8HHzuCRUpQLyI3ycGwJuQKcgbCqA1gH
UM/En8MmlNB/7nQXOhmo1G2Ucsl43ceoQfz5zo8IEzH4rlylkZoIoRjBnamCcRH/
LF67nRQAGyIvO9xCVJnWfENrYHlts58NtGXxEWDUVmuqVZSCUl4du3aT9PUd+qZN
PDHvZ52E+2tBmM0I+CEya0oGNQ+824xJieIwCIb47ZDSSSPCEK0=
=PkK0
-----END PGP SIGNATURE-----

gpgv: unknown type of key resource 'trustedkeys.kbx'
gpgv: keyblock resource '/sbuild-nonexistent/.gnupg/trustedkeys.kbx': General error
gpgv: Signature made Sun Nov 24 17:24:58 2019 UTC
gpgv:                using RSA key D1E1316E93A760A8104D85FABB3A68018649AA06
gpgv: Can't check signature: No public key
dpkg-source: warning: failed to verify signature on ./libimage-sane-perl_5-1.dsc
dpkg-source: info: extracting libimage-sane-perl in /<<PKGBUILDDIR>>
dpkg-source: info: unpacking libimage-sane-perl_5.orig.tar.gz
dpkg-source: info: unpacking libimage-sane-perl_5-1.debian.tar.xz
dpkg-source: info: using patch list from debian/patches/series
dpkg-source: info: applying manifest

Check disk space
----------------

Sufficient free space for build

User Environment
----------------

APT_CONFIG=/var/lib/sbuild/apt.conf
HOME=/sbuild-nonexistent
LANG=C.UTF-8
LC_ALL=C.UTF-8
LOGNAME=user42
PATH=/usr/local/sbin:/usr/local/bin:/usr/sbin:/usr/bin:/sbin:/bin:/usr/games
SCHROOT_ALIAS_NAME=unstable
SCHROOT_CHROOT_NAME=sid-amd64-sbuild
SCHROOT_COMMAND=env
SCHROOT_GID=1001
SCHROOT_GROUP=user42
SCHROOT_SESSION_ID=sid-amd64-sbuild-ad574fe5-34f0-40eb-b5f2-065bf4646a27
SCHROOT_UID=1001
SCHROOT_USER=user42
SHELL=/bin/sh
USER=user42

dpkg-buildpackage
-----------------

Command: dpkg-buildpackage -us -uc -b -rfakeroot
dpkg-buildpackage: info: source package libimage-sane-perl
dpkg-buildpackage: info: source version 5-1
dpkg-buildpackage: info: source distribution unstable
dpkg-buildpackage: info: source changed by gregor herrmann <gregoa@debian.org>
 dpkg-source --before-build .
dpkg-buildpackage: info: host architecture amd64
 fakeroot debian/rules clean
dh clean
   dh_clean
 debian/rules build
dh build
   dh_update_autotools_config
   dh_autoreconf
   dh_auto_configure
	perl Makefile.PL INSTALLDIRS=vendor "OPTIMIZE=-g -O2 -fdebug-prefix-map=/<<PKGBUILDDIR>>=. -fstack-protector-strong -Wformat -Werror=format-security -Wdate-time -D_FORTIFY_SOURCE=2" "LD=x86_64-linux-gnu-gcc -g -O2 -fdebug-prefix-map=/<<PKGBUILDDIR>>=. -fstack-protector-strong -Wformat -Werror=format-security -Wl,-z,relro -Wl,-z,now"
Checking if your kit is complete...
Looks good
Generating a Unix-style Makefile
Writing Makefile for Image::Sane
Writing MYMETA.yml and MYMETA.json
   dh_auto_build
	make -j4
make[1]: Entering directory '/<<PKGBUILDDIR>>'
"/usr/bin/perl" "/usr/share/perl/5.30/ExtUtils/xsubpp"  -typemap '/usr/share/perl/5.30/ExtUtils/typemap' -typemap '/<<PKGBUILDDIR>>/typemap'  Sane.xs > Sane.xsc
Running Mkbootstrap for Sane ()
chmod 644 "Sane.bs"
"/usr/bin/perl" -MExtUtils::Command::MM -e 'cp_nonempty' -- Sane.bs blib/arch/auto/Image/Sane/Sane.bs 644
cp lib/Image/Sane/Device.pm blib/lib/Image/Sane/Device.pm
cp lib/Image/Sane.pm blib/lib/Image/Sane.pm
mv Sane.xsc Sane.c
x86_64-linux-gnu-gcc -c  -I.  -D_REENTRANT -D_GNU_SOURCE -DDEBIAN -fwrapv -fno-strict-aliasing -pipe -I/usr/local/include -D_LARGEFILE_SOURCE -D_FILE_OFFSET_BITS=64 -Wall -g -O2 -fdebug-prefix-map=/<<PKGBUILDDIR>>=. -fstack-protector-strong -Wformat -Werror=format-security -Wdate-time -D_FORTIFY_SOURCE=2   -DVERSION=\"5\" -DXS_VERSION=\"5\" -fPIC "-I/usr/lib/x86_64-linux-gnu/perl/5.30/CORE"   Sane.c
rm -f blib/arch/auto/Image/Sane/Sane.so
x86_64-linux-gnu-gcc -g -O2 -fdebug-prefix-map=/<<PKGBUILDDIR>>=. -fstack-protector-strong -Wformat -Werror=format-security -Wl,-z,relro -Wl,-z,now  -shared -L/usr/local/lib -fstack-protector-strong  Sane.o  -o blib/arch/auto/Image/Sane/Sane.so  \
   -lsane   \
  
chmod 755 blib/arch/auto/Image/Sane/Sane.so
Manifying 1 pod document
make[1]: Leaving directory '/<<PKGBUILDDIR>>'
   dh_auto_test
	make -j4 test TEST_VERBOSE=1
make[1]: Entering directory '/<<PKGBUILDDIR>>'
"/usr/bin/perl" -MExtUtils::Command::MM -e 'cp_nonempty' -- Sane.bs blib/arch/auto/Image/Sane/Sane.bs 644
PERL_DL_NONLAZY=1 "/usr/bin/perl" "-MExtUtils::Command::MM" "-MTest::Harness" "-e" "undef *Test::Harness::Switches; test_harness(1, 'blib/lib', 'blib/arch')" t/*.t
t/1_init.t ............. 
1..1
ok 1 - get_version as init
ok
t/2_exit.t ............. 
1..1
ok 1 - sane_exit() reached
ok
t/81_scanimage-perl.t .. 
1..6
ok 1 - --device=test > out.pnm; identify -format '%m %G %g %z-bit %r' out*.pnm; rm out*.pnm
ok 2 - --device=test --test 2>&1
ok 3 - --device=test --depth 1 --test 2>&1
ok 4 - --device=test --batch-count=2 2>&1; identify -format '%m %G %g %z-bit %r' out*.pnm; rm out*.pnm
ok 5 - --verbose --device=test --batch-count=2 2>&1; identify -format '%m %G %g %z-bit %r' out*.pnm; rm out*.pnm
ok 6 - --verbose --device=test --source="Automatic Document Feeder" --batch 2>&1; identify -format '%m %G %g %z-bit %r' out*.pnm; rm out*.pnm
ok
t/90_MANIFEST.t ........ skipped: Author test.  Set $ENV{TEST_AUTHOR} to a true value to run.
t/91_critic.t .......... skipped: Author test.  Set $ENV{TEST_AUTHOR} to a true value to run.
t/data.t ............... 
ok 1 - use Image::Sane;
ok 2 - test-picture
ok 3 - EOF Gray
ok 4 - EOF data Gray
ok 5 - EOF len Gray
ok 6 - EOF Color
ok 7 - EOF data Color
ok 8 - EOF len Color
1..8
ok
t/enums.t .............. 
1..117
ok 1 - use Image::Sane;
ok 2 - SANE_FALSE
ok 3 - SANE_TRUE
ok 4 - SANE_STATUS_GOOD
ok 5 - SANE_STATUS_UNSUPPORTED
ok 6 - SANE_STATUS_CANCELLED
ok 7 - SANE_STATUS_DEVICE_BUSY
ok 8 - SANE_STATUS_INVAL
ok 9 - SANE_STATUS_EOF
ok 10 - SANE_STATUS_JAMMED
ok 11 - SANE_STATUS_NO_DOCS
ok 12 - SANE_STATUS_COVER_OPEN
ok 13 - SANE_STATUS_IO_ERROR
ok 14 - SANE_STATUS_NO_MEM
ok 15 - SANE_STATUS_ACCESS_DENIED
ok 16 - SANE_TYPE_BOOL
ok 17 - SANE_TYPE_INT
ok 18 - SANE_TYPE_FIXED
ok 19 - SANE_TYPE_STRING
ok 20 - SANE_TYPE_BUTTON
ok 21 - SANE_TYPE_GROUP
ok 22 - SANE_UNIT_NONE
ok 23 - SANE_UNIT_PIXEL
ok 24 - SANE_UNIT_BIT
ok 25 - SANE_UNIT_MM
ok 26 - SANE_UNIT_DPI
ok 27 - SANE_UNIT_PERCENT
ok 28 - SANE_UNIT_MICROSECOND
ok 29 - SANE_CAP_SOFT_SELECT
ok 30 - SANE_CAP_HARD_SELECT
ok 31 - SANE_CAP_SOFT_DETECT
ok 32 - SANE_CAP_EMULATED
ok 33 - SANE_CAP_AUTOMATIC
ok 34 - SANE_CAP_INACTIVE
ok 35 - SANE_CAP_ADVANCED
ok 36 # skip SANE_CAP_ALWAYS_SETTABLE only available in libsane 1.0.19
ok 37 - SANE_INFO_INEXACT
ok 38 - SANE_INFO_RELOAD_OPTIONS
ok 39 - SANE_INFO_RELOAD_PARAMS
ok 40 - SANE_CONSTRAINT_NONE
ok 41 - SANE_CONSTRAINT_RANGE
ok 42 - SANE_CONSTRAINT_WORD_LIST
ok 43 - SANE_CONSTRAINT_STRING_LIST
ok 44 - SANE_FRAME_GRAY
ok 45 - SANE_FRAME_RGB
ok 46 - SANE_FRAME_RED
ok 47 - SANE_FRAME_GREEN
ok 48 - SANE_FRAME_BLUE
ok 49 - SANE_NAME_NUM_OPTIONS
ok 50 - SANE_NAME_PREVIEW
ok 51 - SANE_NAME_GRAY_PREVIEW
ok 52 - SANE_NAME_BIT_DEPTH
ok 53 - SANE_NAME_SCAN_MODE
ok 54 - SANE_NAME_SCAN_SPEED
ok 55 - SANE_NAME_SCAN_SOURCE
ok 56 - SANE_NAME_BACKTRACK
ok 57 - SANE_NAME_SCAN_TL_X
ok 58 - SANE_NAME_SCAN_TL_Y
ok 59 - SANE_NAME_SCAN_BR_X
ok 60 - SANE_NAME_SCAN_BR_Y
ok 61 - SANE_NAME_SCAN_RESOLUTION
ok 62 - SANE_NAME_SCAN_X_RESOLUTION
ok 63 - SANE_NAME_SCAN_Y_RESOLUTION
ok 64 - SANE_NAME_PAGE_WIDTH
ok 65 - SANE_NAME_PAGE_HEIGHT
ok 66 - SANE_NAME_CUSTOM_GAMMA
ok 67 - SANE_NAME_GAMMA_VECTOR
ok 68 - SANE_NAME_GAMMA_VECTOR_R
ok 69 - SANE_NAME_GAMMA_VECTOR_G
ok 70 - SANE_NAME_GAMMA_VECTOR_B
ok 71 - SANE_NAME_BRIGHTNESS
ok 72 - SANE_NAME_CONTRAST
ok 73 - SANE_NAME_GRAIN_SIZE
ok 74 - SANE_NAME_HALFTONE
ok 75 - SANE_NAME_BLACK_LEVEL
ok 76 - SANE_NAME_WHITE_LEVEL
ok 77 - SANE_NAME_WHITE_LEVEL_R
ok 78 - SANE_NAME_WHITE_LEVEL_G
ok 79 - SANE_NAME_WHITE_LEVEL_B
ok 80 - SANE_NAME_SHADOW
ok 81 - SANE_NAME_SHADOW_R
ok 82 - SANE_NAME_SHADOW_G
ok 83 - SANE_NAME_SHADOW_B
ok 84 - SANE_NAME_HIGHLIGHT
ok 85 - SANE_NAME_HIGHLIGHT_R
ok 86 - SANE_NAME_HIGHLIGHT_G
ok 87 - SANE_NAME_HIGHLIGHT_B
ok 88 - SANE_NAME_HUE
ok 89 - SANE_NAME_SATURATION
ok 90 - SANE_NAME_FILE
ok 91 - SANE_NAME_HALFTONE_DIMENSION
ok 92 - SANE_NAME_HALFTONE_PATTERN
ok 93 - SANE_NAME_RESOLUTION_BIND
ok 94 - SANE_NAME_NEGATIVE
ok 95 - SANE_NAME_QUALITY_CAL
ok 96 - SANE_NAME_DOR
ok 97 - SANE_NAME_RGB_BIND
ok 98 - SANE_NAME_THRESHOLD
ok 99 - SANE_NAME_ANALOG_GAMMA
ok 100 - SANE_NAME_ANALOG_GAMMA_R
ok 101 - SANE_NAME_ANALOG_GAMMA_G
ok 102 - SANE_NAME_ANALOG_GAMMA_B
ok 103 - SANE_NAME_ANALOG_GAMMA_BIND
ok 104 - SANE_NAME_WARMUP
ok 105 - SANE_NAME_CAL_EXPOS_TIME
ok 106 - SANE_NAME_CAL_EXPOS_TIME_R
ok 107 - SANE_NAME_CAL_EXPOS_TIME_G
ok 108 - SANE_NAME_CAL_EXPOS_TIME_B
ok 109 - SANE_NAME_SCAN_EXPOS_TIME
ok 110 - SANE_NAME_SCAN_EXPOS_TIME_R
ok 111 - SANE_NAME_SCAN_EXPOS_TIME_G
ok 112 - SANE_NAME_SCAN_EXPOS_TIME_B
ok 113 - SANE_NAME_SELECT_EXPOSURE_TIME
ok 114 - SANE_NAME_CAL_LAMP_DEN
ok 115 - SANE_NAME_SCAN_LAMP_DEN
ok 116 - SANE_NAME_SELECT_LAMP_DENSITY
ok 117 - SANE_NAME_LAMP_OFF_AT_EXIT
ok
t/err.t ................ 
1..40
ok 1 - use Image::Sane;
ok 2 - open throws error on no device
ok 3 - opening test backend
ok 4 - enable-test-options
ok 5 - set enable-test-options
ok 6 - read-return-value
ok 7 - set SANE_STATUS_UNSUPPORTED
ok 8 - start SANE_STATUS_UNSUPPORTED
ok 9 - SANE_STATUS_UNSUPPORTED
ok 10 - set SANE_STATUS_DEVICE_BUSY
ok 11 - start SANE_STATUS_DEVICE_BUSY
ok 12 - SANE_STATUS_DEVICE_BUSY
ok 13 - set SANE_STATUS_NO_DOCS
ok 14 - start SANE_STATUS_NO_DOCS
ok 15 - SANE_STATUS_NO_DOCS
ok 16 - set SANE_STATUS_IO_ERROR
ok 17 - start SANE_STATUS_IO_ERROR
ok 18 - SANE_STATUS_IO_ERROR
ok 19 - set SANE_STATUS_JAMMED
ok 20 - start SANE_STATUS_JAMMED
ok 21 - SANE_STATUS_JAMMED
ok 22 - set SANE_STATUS_ACCESS_DENIED
ok 23 - start SANE_STATUS_ACCESS_DENIED
ok 24 - SANE_STATUS_ACCESS_DENIED
ok 25 - set SANE_STATUS_COVER_OPEN
ok 26 - start SANE_STATUS_COVER_OPEN
ok 27 - SANE_STATUS_COVER_OPEN
ok 28 - set SANE_STATUS_NO_MEM
ok 29 - start SANE_STATUS_NO_MEM
ok 30 - SANE_STATUS_NO_MEM
ok 31 - set SANE_STATUS_CANCELLED
ok 32 - start SANE_STATUS_CANCELLED
ok 33 - SANE_STATUS_CANCELLED
ok 34 - set SANE_STATUS_INVAL
ok 35 - start SANE_STATUS_INVAL
ok 36 - SANE_STATUS_INVAL
ok 37 - set SANE_STATUS_EOF
ok 38 - start SANE_STATUS_EOF
ok 39 - SANE_STATUS_EOF
ok 40 - strstatus
ok
t/non-blocking.t ....... 
1..14
ok 1 - use Image::Sane;
ok 2 - opening test backend
ok 3 - test-picture
ok 4 - Color pattern
ok 5 - non-blocking
ok 6 - fd option
ok 7 - start
ok 8 - non-blocking
ok 9 - fd option
ok 10 - get_parameters
ok 11 - EOF
ok 12 - EOF data
ok 13 - EOF len
ok 14 - image size
ok
t/options.t ............ 
ok 1 - use Image::Sane;
ok 2 - get_version
ok 3 - get_devices
ok 4 - open
ok 5 - get number of options
ok 6 - enable-test-options
ok 7 - get_option_descriptor
ok 8 - get_option_descriptor
ok 9 - get_option_descriptor
ok 10 - set_option mode
ok 11 - get_option
ok 12 - get_option_descriptor
ok 13 - set_option depth
ok 14 - get_option
ok 15 - get_option_descriptor
ok 16 - set_option hand-scanner
ok 17 - get_option
ok 18 - get_option_descriptor
ok 19 - set_option three-pass
ok 20 - get_option three-pass
ok 21 - get_option_descriptor
ok 22 - set_option three-pass-order
ok 23 - get_option three-pass-order
ok 24 - get_option_descriptor
ok 25 - set_option resolution
ok 26 - get_option
ok 27 - get_option_descriptor
ok 28 - set_option source
ok 29 - get_option
ok 30 - get_option_descriptor
ok 31 - get_option_descriptor
ok 32 - set_option test-picture
ok 33 - get_option
ok 34 - get_option_descriptor
ok 35 - set_option invert-endianess
ok 36 - get_option invert-endianess
ok 37 - get_option_descriptor
ok 38 - set_option read-limit
ok 39 - get_option
ok 40 - get_option_descriptor
ok 41 - set_option read-limit-size
ok 42 - get_option
ok 43 - get_option_descriptor
ok 44 - set_option read-delay
ok 45 - get_option
ok 46 - get_option_descriptor
ok 47 - set_option read-delay-duration
ok 48 - get_option
ok 49 - get_option_descriptor
ok 50 - set_option read-return-value
ok 51 - get_option
ok 52 - get_option_descriptor
ok 53 - set_option ppl-loss
ok 54 - get_option
ok 55 - get_option_descriptor
ok 56 - set_option fuzzy-parameters
ok 57 - get_option
ok 58 - get_option_descriptor
ok 59 - set_option non-blocking
ok 60 - get_option
ok 61 - get_option_descriptor
ok 62 - set_option select-fd
ok 63 - get_option
ok 64 - get_option_descriptor
ok 65 - set_option enable-test-options
ok 66 - get_option
ok 67 - get_option_descriptor
ok 68 # skip Pressing buttons produces too much output
ok 69 - set_option print-options
ok 70 - get_option_descriptor
ok 71 - get_option_descriptor
ok 72 - set_option tl-x
ok 73 - get_option tl-x
ok 74 - get_option_descriptor
ok 75 - set_option tl-y
ok 76 - get_option tl-y
ok 77 - get_option_descriptor
ok 78 - set_option br-x
ok 79 - get_option br-x
ok 80 - get_option_descriptor
ok 81 - set_option br-y
ok 82 - get_option br-y
ok 83 - get_option_descriptor
ok 84 - get_option_descriptor
ok 85 - set_option bool-soft-select-soft-detect
ok 86 - get_option
ok 87 - get_option_descriptor
ok 88 - get_option_descriptor
ok 89 - get_option_descriptor
ok 90 - get_option_descriptor
ok 91 - set_option bool-soft-select-soft-detect-emulated
ok 92 - get_option
ok 93 - get_option_descriptor
ok 94 - set_option bool-soft-select-soft-detect-auto
ok 95 - get_option
ok 96 - set_auto
ok 97 - get_option_descriptor
ok 98 - get_option_descriptor
ok 99 - set_option int
ok 100 - get_option
ok 101 - get_option_descriptor
ok 102 - set_option int-constraint-range
ok 103 - get_option
ok 104 - get_option_descriptor
ok 105 - set_option int-constraint-word-list
ok 106 - get_option
ok 107 - get_option_descriptor
ok 108 - set_option int-constraint-array
ok 109 - get_option
ok 110 - get_option_descriptor
ok 111 - set_option int-constraint-array-constraint-range
ok 112 - get_option
ok 113 - get_option_descriptor
ok 114 - set_option int-constraint-array-constraint-word-list
ok 115 - get_option
ok 116 - get_option_descriptor
ok 117 - get_option_descriptor
ok 118 - set_option fixed
ok 119 - get_option
ok 120 - get_option_descriptor
ok 121 - set_option fixed-constraint-range
ok 122 - get_option
ok 123 - get_option_descriptor
ok 124 - set_option fixed-constraint-word-list
ok 125 - get_option
ok 126 - get_option_descriptor
ok 127 - get_option_descriptor
ok 128 - set_option string
ok 129 - get_option
ok 130 - get_option_descriptor
ok 131 - set_option string-constraint-string-list
ok 132 - get_option
ok 133 - get_option_descriptor
ok 134 - set_option string-constraint-long-string-list
ok 135 - get_option
ok 136 - get_option_descriptor
ok 137 - get_option_descriptor
ok 138 # skip Pressing buttons produces too much output
ok 139 - set_option button
1..139
ok
t/pod.t ................ skipped: Test::Pod 1.00 required for testing POD
All tests successful.
Files=11, Tests=326,  5 wallclock secs ( 0.05 usr  0.01 sys +  0.96 cusr  0.17 csys =  1.19 CPU)
Result: PASS
make[1]: Leaving directory '/<<PKGBUILDDIR>>'
   create-stamp debian/debhelper-build-stamp
 fakeroot debian/rules binary
dh binary
   dh_testroot
   dh_prep
   dh_auto_install
	make -j4 install DESTDIR=/<<PKGBUILDDIR>>/debian/libimage-sane-perl AM_UPDATE_INFO_DIR=no PREFIX=/usr
make[1]: Entering directory '/<<PKGBUILDDIR>>'
"/usr/bin/perl" -MExtUtils::Command::MM -e 'cp_nonempty' -- Sane.bs blib/arch/auto/Image/Sane/Sane.bs 644
Manifying 1 pod document
Files found in blib/arch: installing files in blib/lib into architecture dependent library tree
Installing /<<PKGBUILDDIR>>/debian/libimage-sane-perl/usr/lib/x86_64-linux-gnu/perl5/5.30/auto/Image/Sane/Sane.so
Installing /<<PKGBUILDDIR>>/debian/libimage-sane-perl/usr/lib/x86_64-linux-gnu/perl5/5.30/Image/Sane.pm
Installing /<<PKGBUILDDIR>>/debian/libimage-sane-perl/usr/lib/x86_64-linux-gnu/perl5/5.30/Image/Sane/Device.pm
Installing /<<PKGBUILDDIR>>/debian/libimage-sane-perl/usr/share/man/man3/Image::Sane.3pm
make[1]: Leaving directory '/<<PKGBUILDDIR>>'
   dh_installdocs
   dh_installchangelogs
   dh_installexamples
   dh_installman
   dh_perl
   dh_link
   dh_strip_nondeterminism
   dh_compress
   dh_fixperms
   dh_missing
   dh_dwz
   dh_strip
   dh_makeshlibs
   dh_shlibdeps
   dh_installdeb
   dh_gencontrol
   dh_md5sums
   dh_builddeb
dpkg-deb: building package 'libimage-sane-perl' in '../libimage-sane-perl_5-1_amd64.deb'.
dpkg-deb: building package 'libimage-sane-perl-dbgsym' in '../libimage-sane-perl-dbgsym_5-1_amd64.deb'.
 dpkg-genbuildinfo --build=binary
 dpkg-genchanges --build=binary >../libimage-sane-perl_5-1_amd64.changes
dpkg-genchanges: info: binary-only upload (no source code included)
 dpkg-source --after-build .
dpkg-buildpackage: info: binary-only upload (no source included)
--------------------------------------------------------------------------------
Build finished at 2020-02-25T06:25:47Z

Finished
--------

I: Built successfully

+------------------------------------------------------------------------------+
| Changes                                                                      |
+------------------------------------------------------------------------------+


libimage-sane-perl_5-1_amd64.changes:
-------------------------------------

Format: 1.8
Date: Sun, 24 Nov 2019 18:19:28 +0100
Source: libimage-sane-perl
Binary: libimage-sane-perl libimage-sane-perl-dbgsym
Architecture: amd64
Version: 5-1
Distribution: unstable
Urgency: medium
Maintainer: Debian Perl Group <pkg-perl-maintainers@lists.alioth.debian.org>
Changed-By: gregor herrmann <gregoa@debian.org>
Description:
 libimage-sane-perl - Perl extension for the SANE (Scanner Access Now Easy) Project
Changes:
 libimage-sane-perl (5-1) unstable; urgency=medium
 .
   * Team upload.
   * Import upstream version 5.
   * Drop debian/tests/pkg-perl/smoke-skip, run all tests.
   * Update Build-Depends for cross builds.
   * Drop basically empty debian/upstream/metadata.
Checksums-Sha1:
 2fc3deecf9e24d470f4632d23bb39aaac37bf3c5 32832 libimage-sane-perl-dbgsym_5-1_amd64.deb
 5f72887e53c16a9a17346f95b02f6b3bda5b4102 7427 libimage-sane-perl_5-1_amd64.buildinfo
 c10cc96fa7aecffae1a4b8e58a9ec1564643de4a 47580 libimage-sane-perl_5-1_amd64.deb
Checksums-Sha256:
 e0503762752d7dd1d7307ccfd80cb4db3dee42d08a9c44ef5e8c0d6730afc428 32832 libimage-sane-perl-dbgsym_5-1_amd64.deb
 100a9c20b86c8a5b011d0811e21cefe88d32b6defe6d001e0663029f65e72313 7427 libimage-sane-perl_5-1_amd64.buildinfo
 b08ea182382b5b0fda44bee2ede9dbf438cf16c0df6a3c02ad4c157c1cc26cd5 47580 libimage-sane-perl_5-1_amd64.deb
Files:
 31c50e8a9b2d30f9da814c6cbadf6808 32832 debug optional libimage-sane-perl-dbgsym_5-1_amd64.deb
 bc7b960251bb2794b0b88d006fb8287b 7427 perl optional libimage-sane-perl_5-1_amd64.buildinfo
 bb36df7b65538b1fe8af43a1c9cdc29d 47580 perl optional libimage-sane-perl_5-1_amd64.deb

+------------------------------------------------------------------------------+
| Buildinfo                                                                    |
+------------------------------------------------------------------------------+

Format: 1.0
Source: libimage-sane-perl
Binary: libimage-sane-perl
Architecture: amd64
Version: 5-1
Checksums-Md5:
 31c50e8a9b2d30f9da814c6cbadf6808 32832 libimage-sane-perl-dbgsym_5-1_amd64.deb
 bb36df7b65538b1fe8af43a1c9cdc29d 47580 libimage-sane-perl_5-1_amd64.deb
Checksums-Sha1:
 2fc3deecf9e24d470f4632d23bb39aaac37bf3c5 32832 libimage-sane-perl-dbgsym_5-1_amd64.deb
 c10cc96fa7aecffae1a4b8e58a9ec1564643de4a 47580 libimage-sane-perl_5-1_amd64.deb
Checksums-Sha256:
 e0503762752d7dd1d7307ccfd80cb4db3dee42d08a9c44ef5e8c0d6730afc428 32832 libimage-sane-perl-dbgsym_5-1_amd64.deb
 b08ea182382b5b0fda44bee2ede9dbf438cf16c0df6a3c02ad4c157c1cc26cd5 47580 libimage-sane-perl_5-1_amd64.deb
Build-Origin: Debian
Build-Architecture: amd64
Build-Date: Tue, 25 Feb 2020 06:25:46 +0000
Build-Path: /<<PKGBUILDDIR>>
Installed-Build-Depends:
 acl (= 2.2.53-5),
 adduser (= 3.118),
 autoconf (= 2.69-11.1),
 automake (= 1:1.16.1-4),
 autopoint (= 0.19.8.1-10),
 autotools-dev (= 20180224.1),
 base-files (= 11),
 base-passwd (= 3.5.47),
 bash (= 5.0-5),
 binutils (= 2.34-3),
 binutils-common (= 2.34-3),
 binutils-x86-64-linux-gnu (= 2.34-3),
 bsdmainutils (= 11.1.2+b1),
 bsdutils (= 1:2.34-0.1),
 build-essential (= 12.8),
 bzip2 (= 1.0.8-2),
 clang-10 (= 1:10.0.0~+rc2-1),
 coreutils (= 8.30-3+b1),
 cpp (= 4:9.2.1-3.1),
 cpp-9 (= 9.2.1-29),
 dash (= 0.5.10.2-6),
 debconf (= 1.5.73),
 debhelper (= 12.9),
 debianutils (= 4.9.1),
 dh-autoreconf (= 19),
 dh-strip-nondeterminism (= 1.6.3-2),
 diffutils (= 1:3.7-3),
 dpkg (= 1.19.7),
 dpkg-dev (= 1.19.7),
 dwz (= 0.13-5),
 fdisk (= 2.34-0.1),
 file (= 1:5.38-4),
 findutils (= 4.7.0-1),
 fontconfig-config (= 2.13.1-2),
 fonts-dejavu-core (= 2.37-1),
 g++ (= 4:9.2.1-3.1),
 g++-9 (= 9.2.1-29),
 gcc (= 4:9.2.1-3.1),
 gcc-10-base (= 10-20200222-1),
 gcc-9 (= 9.2.1-29),
 gcc-9-base (= 9.2.1-29),
 gettext (= 0.19.8.1-10),
 gettext-base (= 0.19.8.1-10),
 grep (= 3.4-1),
 groff-base (= 1.22.4-4),
 gzip (= 1.9-3+b1),
 hicolor-icon-theme (= 0.17-2),
 hostname (= 3.23),
 imagemagick (= 8:6.9.10.23+dfsg-2.1+b2),
 imagemagick-6-common (= 8:6.9.10.23+dfsg-2.1),
 imagemagick-6.q16 (= 8:6.9.10.23+dfsg-2.1+b2),
 init-system-helpers (= 1.57),
 intltool-debian (= 0.35.0+20060710.5),
 lib32gcc-s1 (= 10-20200222-1),
 lib32gcc1 (= 1:10-20200222-1),
 lib32stdc++6 (= 10-20200222-1),
 libacl1 (= 2.2.53-5),
 libarchive-zip-perl (= 1.67-1),
 libasan5 (= 9.2.1-29),
 libatomic1 (= 10-20200222-1),
 libattr1 (= 1:2.4.48-5),
 libaudit-common (= 1:2.8.5-2),
 libaudit1 (= 1:2.8.5-2+b1),
 libavahi-client3 (= 0.7-5),
 libavahi-common-data (= 0.7-5),
 libavahi-common3 (= 0.7-5),
 libbinutils (= 2.34-3),
 libblkid1 (= 2.34-0.1),
 libbsd0 (= 0.10.0-1),
 libbz2-1.0 (= 1.0.8-2),
 libc-bin (= 2.29-10),
 libc-dev-bin (= 2.29-10),
 libc6 (= 2.29-10),
 libc6-dev (= 2.29-10),
 libc6-i386 (= 2.29-10),
 libcap-ng0 (= 0.7.9-2.1+b1),
 libcc1-0 (= 10-20200222-1),
 libclang-common-10-dev (= 1:10.0.0~+rc2-1),
 libclang-cpp10 (= 1:10.0.0~+rc2-1),
 libclang1-10 (= 1:10.0.0~+rc2-1),
 libclass-data-inheritable-perl (= 0.08-3),
 libcroco3 (= 0.6.13-1),
 libcrypt-dev (= 1:4.4.10-10),
 libcrypt1 (= 1:4.4.10-10),
 libctf-nobfd0 (= 2.34-3),
 libctf0 (= 2.34-3),
 libdb5.3 (= 5.3.28+dfsg1-0.6),
 libdbus-1-3 (= 1.12.16-2),
 libde265-0 (= 1.0.4-1),
 libdebconfclient0 (= 0.251),
 libdebhelper-perl (= 12.9),
 libdevel-stacktrace-perl (= 2.0400-1),
 libdpkg-perl (= 1.19.7),
 libedit2 (= 3.1-20191231-1),
 libelf1 (= 0.176-1.1),
 libexception-class-perl (= 1.44-1),
 libexif12 (= 0.6.21-6),
 libexpat1 (= 2.2.9-1),
 libextutils-depends-perl (= 0.8000-1),
 libextutils-pkgconfig-perl (= 1.16-1),
 libfdisk1 (= 2.34-0.1),
 libffi7 (= 3.3-3),
 libfftw3-double3 (= 3.3.8-2),
 libfile-stripnondeterminism-perl (= 1.6.3-2),
 libfontconfig1 (= 2.13.1-2+b1),
 libfreetype6 (= 2.10.1-2),
 libgc1c2 (= 1:7.6.4-0.4),
 libgcc-9-dev (= 9.2.1-29),
 libgcc-s1 (= 10-20200222-1),
 libgcc1 (= 1:10-20200222-1),
 libgcrypt20 (= 1.8.5-5),
 libgd3 (= 2.2.5-5.2),
 libgdbm-compat4 (= 1.18.1-5),
 libgdbm6 (= 1.18.1-5),
 libglib2.0-0 (= 2.62.4-2),
 libgmp10 (= 2:6.2.0+dfsg-4),
 libgomp1 (= 10-20200222-1),
 libgpg-error0 (= 1.37-1),
 libgphoto2-6 (= 2.5.23-2),
 libgphoto2-port12 (= 2.5.23-2),
 libheif1 (= 1.6.1-1),
 libicu63 (= 63.2-2),
 libieee1284-3 (= 0.2.11-13+b1),
 libisl22 (= 0.22.1-1),
 libitm1 (= 10-20200222-1),
 libjbig0 (= 2.1-3.1+b2),
 libjpeg62-turbo (= 1:1.5.2-2+b1),
 libkmod2 (= 27-1),
 liblcms2-2 (= 2.9-4),
 libllvm10 (= 1:10.0.0~+rc2-1),
 liblqr-1-0 (= 0.4.2-2.1),
 liblsan0 (= 10-20200222-1),
 libltdl7 (= 2.4.6-13),
 liblz4-1 (= 1.9.2-2),
 liblzma5 (= 5.2.4-1+b1),
 libmagic-mgc (= 1:5.38-4),
 libmagic1 (= 1:5.38-4),
 libmagickcore-6.q16-6 (= 8:6.9.10.23+dfsg-2.1+b2),
 libmagickwand-6.q16-6 (= 8:6.9.10.23+dfsg-2.1+b2),
 libmount1 (= 2.34-0.1),
 libmpc3 (= 1.1.0-1),
 libmpfr6 (= 4.0.2-1),
 libncursesw6 (= 6.1+20191019-1),
 libnuma1 (= 2.0.12-1+b1),
 libobjc-9-dev (= 9.2.1-29),
 libobjc4 (= 10-20200222-1),
 libopenjp2-7 (= 2.3.1-1),
 libpam-modules (= 1.3.1-5),
 libpam-modules-bin (= 1.3.1-5),
 libpam-runtime (= 1.3.1-5),
 libpam0g (= 1.3.1-5),
 libpci3 (= 1:3.6.4-1),
 libpcre2-8-0 (= 10.34-7),
 libpcre3 (= 2:8.39-12+b1),
 libperl-dev (= 5.30.0-9),
 libperl5.30 (= 5.30.0-9),
 libpipeline1 (= 1.5.2-2),
 libpng16-16 (= 1.6.37-2),
 libquadmath0 (= 10-20200222-1),
 libreadonly-perl (= 2.050-2),
 libsane (= 1.0.27-3.2+b1),
 libsane-common (= 1.0.27-3.2),
 libsane-dev (= 1.0.27-3.2+b1),
 libseccomp2 (= 2.4.2-2),
 libselinux1 (= 3.0-1+b1),
 libsemanage-common (= 3.0-1),
 libsemanage1 (= 3.0-1+b1),
 libsensors-config (= 1:3.6.0-2),
 libsensors5 (= 1:3.6.0-2),
 libsepol1 (= 3.0-1),
 libsigsegv2 (= 2.12-2),
 libsmartcols1 (= 2.34-0.1),
 libsnmp-base (= 5.8+dfsg-2),
 libsnmp35 (= 5.8+dfsg-2),
 libssl1.1 (= 1.1.1d-2),
 libstdc++-9-dev (= 9.2.1-29),
 libstdc++6 (= 10-20200222-1),
 libsub-override-perl (= 0.09-2),
 libsystemd0 (= 244.3-1),
 libtest-requires-perl (= 0.10-1),
 libtiff5 (= 4.1.0+git191117-2),
 libtinfo6 (= 6.1+20191019-1),
 libtool (= 2.4.6-13),
 libtry-tiny-perl (= 0.30-1),
 libtsan0 (= 10-20200222-1),
 libubsan1 (= 10-20200222-1),
 libuchardet0 (= 0.0.6-3),
 libudev1 (= 244.3-1),
 libunistring2 (= 0.9.10-2),
 libusb-1.0-0 (= 2:1.0.23-2),
 libuuid1 (= 2.34-0.1),
 libwebp6 (= 0.6.1-2+b1),
 libwebpmux3 (= 0.6.1-2+b1),
 libwrap0 (= 7.6.q-30),
 libx11-6 (= 2:1.6.8-1),
 libx11-data (= 2:1.6.8-1),
 libx265-179 (= 3.2.1-1),
 libxau6 (= 1:1.0.8-1+b2),
 libxcb1 (= 1.13.1-5),
 libxdmcp6 (= 1:1.1.2-3),
 libxext6 (= 2:1.3.3-1+b2),
 libxml2 (= 2.9.10+dfsg-3),
 libxpm4 (= 1:3.5.12-1),
 libz3-4 (= 4.8.7-4),
 libzstd1 (= 1.4.4+dfsg-3),
 linux-libc-dev (= 5.4.19-1),
 login (= 1:4.8.1-1),
 lsb-base (= 11.1.0),
 m4 (= 1.4.18-4),
 make (= 4.2.1-1.2),
 man-db (= 2.9.0-2),
 mawk (= 1.3.4.20200120-2),
 ncurses-base (= 6.1+20191019-1),
 ncurses-bin (= 6.1+20191019-1),
 passwd (= 1:4.8.1-1),
 patch (= 2.7.6-6),
 pci.ids (= 0.0~2020.01.25-1),
 perl (= 5.30.0-9),
 perl-base (= 5.30.0-9),
 perl-modules-5.30 (= 5.30.0-9),
 pkg-config (= 0.29-6),
 po-debconf (= 1.0.21),
 sane-utils (= 1.0.27-3.2+b1),
 sed (= 4.7-1),
 sensible-utils (= 0.0.12+nmu1),
 sysvinit-utils (= 2.96-2.1),
 tar (= 1.30+dfsg-6+b1),
 ucf (= 3.0038+nmu1),
 udev (= 244.3-1),
 update-inetd (= 4.50),
 util-linux (= 2.34-0.1),
 xz-utils (= 5.2.4-1+b1),
 zlib1g (= 1:1.2.11.dfsg-2)
Environment:
 DEB_BUILD_OPTIONS="parallel=4"
 LANG="C.UTF-8"
 LC_ALL="C.UTF-8"
 SOURCE_DATE_EPOCH="1574615968"


+------------------------------------------------------------------------------+
| Package contents                                                             |
+------------------------------------------------------------------------------+


libimage-sane-perl-dbgsym_5-1_amd64.deb
---------------------------------------

 new Debian package, version 2.0.
 size 32832 bytes: control archive=536 bytes.
     397 bytes,    12 lines      control              
     106 bytes,     1 lines      md5sums              
 Package: libimage-sane-perl-dbgsym
 Source: libimage-sane-perl
 Version: 5-1
 Auto-Built-Package: debug-symbols
 Architecture: amd64
 Maintainer: Debian Perl Group <pkg-perl-maintainers@lists.alioth.debian.org>
 Installed-Size: 47
 Depends: libimage-sane-perl (= 5-1)
 Section: debug
 Priority: optional
 Description: debug symbols for libimage-sane-perl
 Build-Ids: 81b63a839acd8690e6adef05458d5281db2e4aaa

drwxr-xr-x root/root         0 2019-11-24 17:19 ./
drwxr-xr-x root/root         0 2019-11-24 17:19 ./usr/
drwxr-xr-x root/root         0 2019-11-24 17:19 ./usr/lib/
drwxr-xr-x root/root         0 2019-11-24 17:19 ./usr/lib/debug/
drwxr-xr-x root/root         0 2019-11-24 17:19 ./usr/lib/debug/.build-id/
drwxr-xr-x root/root         0 2019-11-24 17:19 ./usr/lib/debug/.build-id/81/
-rw-r--r-- root/root     37776 2019-11-24 17:19 ./usr/lib/debug/.build-id/81/b63a839acd8690e6adef05458d5281db2e4aaa.debug
drwxr-xr-x root/root         0 2019-11-24 17:19 ./usr/share/
drwxr-xr-x root/root         0 2019-11-24 17:19 ./usr/share/doc/
lrwxrwxrwx root/root         0 2019-11-24 17:19 ./usr/share/doc/libimage-sane-perl-dbgsym -> libimage-sane-perl


libimage-sane-perl_5-1_amd64.deb
--------------------------------

 new Debian package, version 2.0.
 size 47580 bytes: control archive=1016 bytes.
     713 bytes,    14 lines      control              
     765 bytes,     9 lines      md5sums              
 Package: libimage-sane-perl
 Version: 5-1
 Architecture: amd64
 Maintainer: Debian Perl Group <pkg-perl-maintainers@lists.alioth.debian.org>
 Installed-Size: 207
 Depends: perl (>= 5.30.0-9), perlapi-5.30.0, libc6 (>= 2.4), libsane (>= 1.0.24), libexception-class-perl, libreadonly-perl
 Section: perl
 Priority: optional
 Homepage: https://metacpan.org/release/Image-Sane
 Description: Perl extension for the SANE (Scanner Access Now Easy) Project
  The Image::Sane Perl bindings for the SANE (Scanner Access Now Easy) Project
  allow you to access SANE-compatible scanners in a Perlish and object-oriented
  way, freeing you from the casting and memory management in C, yet remaining
  very close in spirit to original API.

drwxr-xr-x root/root         0 2019-11-24 17:19 ./
drwxr-xr-x root/root         0 2019-11-24 17:19 ./usr/
drwxr-xr-x root/root         0 2019-11-24 17:19 ./usr/lib/
drwxr-xr-x root/root         0 2019-11-24 17:19 ./usr/lib/x86_64-linux-gnu/
drwxr-xr-x root/root         0 2019-11-24 17:19 ./usr/lib/x86_64-linux-gnu/perl5/
drwxr-xr-x root/root         0 2019-11-24 17:19 ./usr/lib/x86_64-linux-gnu/perl5/5.30/
drwxr-xr-x root/root         0 2019-11-24 17:19 ./usr/lib/x86_64-linux-gnu/perl5/5.30/Image/
-rw-r--r-- root/root     17514 2019-11-15 09:03 ./usr/lib/x86_64-linux-gnu/perl5/5.30/Image/Sane.pm
drwxr-xr-x root/root         0 2019-11-24 17:19 ./usr/lib/x86_64-linux-gnu/perl5/5.30/Image/Sane/
-rw-r--r-- root/root      3717 2017-05-09 19:46 ./usr/lib/x86_64-linux-gnu/perl5/5.30/Image/Sane/Device.pm
drwxr-xr-x root/root         0 2019-11-24 17:19 ./usr/lib/x86_64-linux-gnu/perl5/5.30/auto/
drwxr-xr-x root/root         0 2019-11-24 17:19 ./usr/lib/x86_64-linux-gnu/perl5/5.30/auto/Image/
drwxr-xr-x root/root         0 2019-11-24 17:19 ./usr/lib/x86_64-linux-gnu/perl5/5.30/auto/Image/Sane/
-rw-r--r-- root/root     47008 2019-11-24 17:19 ./usr/lib/x86_64-linux-gnu/perl5/5.30/auto/Image/Sane/Sane.so
drwxr-xr-x root/root         0 2019-11-24 17:19 ./usr/share/
drwxr-xr-x root/root         0 2019-11-24 17:19 ./usr/share/doc/
drwxr-xr-x root/root         0 2019-11-24 17:19 ./usr/share/doc/libimage-sane-perl/
-rw-r--r-- root/root       909 2019-11-24 17:19 ./usr/share/doc/libimage-sane-perl/changelog.Debian.gz
-rw-r--r-- root/root      1323 2019-11-15 09:00 ./usr/share/doc/libimage-sane-perl/changelog.gz
-rw-r--r-- root/root      1030 2019-11-24 17:19 ./usr/share/doc/libimage-sane-perl/copyright
drwxr-xr-x root/root         0 2019-11-24 17:19 ./usr/share/doc/libimage-sane-perl/examples/
-rwxr-xr-x root/root     47249 2017-04-11 18:00 ./usr/share/doc/libimage-sane-perl/examples/scanadf-perl
-rwxr-xr-x root/root     64328 2017-07-06 15:54 ./usr/share/doc/libimage-sane-perl/examples/scanimage-perl
drwxr-xr-x root/root         0 2019-11-24 17:19 ./usr/share/man/
drwxr-xr-x root/root         0 2019-11-24 17:19 ./usr/share/man/man3/
-rw-r--r-- root/root      5707 2019-11-24 17:19 ./usr/share/man/man3/Image::Sane.3pm.gz


+------------------------------------------------------------------------------+
| Post Build                                                                   |
+------------------------------------------------------------------------------+


+------------------------------------------------------------------------------+
| Cleanup                                                                      |
+------------------------------------------------------------------------------+

Purging /<<BUILDDIR>>
Not cleaning session: cloned chroot in use

+------------------------------------------------------------------------------+
| Summary                                                                      |
+------------------------------------------------------------------------------+

Build Architecture: amd64
Build Type: binary
Build-Space: 1424
Build-Time: 10
Distribution: unstable
Host Architecture: amd64
Install-Time: 85
Job: libimage-sane-perl_5-1
Machine Architecture: amd64
Package: libimage-sane-perl
Package-Time: 118
Source-Version: 5-1
Space: 1424
Status: successful
Version: 5-1
--------------------------------------------------------------------------------
Finished at 2020-02-25T06:25:47Z
Build needed 00:01:58, 1424k disk space
DC-Status: OK 121.055007062s
DC-Time-Estimation: 121.055007062 versus expected 53 (r/m: 1.284056737018868 ; m: 53.0)
