DC-Build-Header: libnet-dbus-perl 1.2.0-1 / 2020-02-25 06:54:52 +0000
DC-Task: type:rebuild-binarch-only source:libnet-dbus-perl version:1.2.0-1 chroot:unstable esttime:45 logfile:/tmp/libnet-dbus-perl_1.2.0-1_unstable_clang10.log modes:clang10:binarch-only
DC-Sbuild-call: su user42 -c 'sbuild -n --arch-any --apt-update -d unstable -v --no-run-lintian --chroot-setup-commands=/tmp/clang10 libnet-dbus-perl_1.2.0-1'
sbuild (Debian sbuild) 0.78.1 (09 February 2019) on ip-172-31-2-35.eu-central-1.compute.internal

+==============================================================================+
| libnet-dbus-perl 1.2.0-1 (amd64)             Tue, 25 Feb 2020 06:54:52 +0000 |
+==============================================================================+

Package: libnet-dbus-perl
Version: 1.2.0-1
Source Version: 1.2.0-1
Distribution: unstable
Machine Architecture: amd64
Host Architecture: amd64
Build Architecture: amd64
Build Type: binary

I: NOTICE: Log filtering will replace 'var/run/schroot/mount/sid-amd64-sbuild-204b27a4-bc28-4797-a4b0-c3d9f6a94eb6' with '<<CHROOT>>'

+------------------------------------------------------------------------------+
| Chroot Setup Commands                                                        |
+------------------------------------------------------------------------------+


/tmp/clang10
------------

+ echo 'Entering customization script...'
Entering customization script...
+ CLANG_VERSION=10
+ echo 'Install of clang-10'
Install of clang-10
+ apt-get update
Get:1 http://127.0.0.1:12990/debian sid InRelease [142 kB]
Get:2 http://127.0.0.1:12990/debian sid/main Sources.diff/Index [27.9 kB]
Get:3 http://127.0.0.1:12990/debian sid/main amd64 Packages.diff/Index [27.9 kB]
Get:4 http://127.0.0.1:12990/debian sid/main Sources 2020-02-24-0823.32.pdiff [11.0 kB]
Get:5 http://127.0.0.1:12990/debian sid/main Sources 2020-02-24-1420.34.pdiff [30.2 kB]
Get:6 http://127.0.0.1:12990/debian sid/main Sources 2020-02-24-2014.03.pdiff [16.9 kB]
Get:7 http://127.0.0.1:12990/debian sid/main Sources 2020-02-25-0213.11.pdiff [23.2 kB]
Get:8 http://127.0.0.1:12990/debian sid/main amd64 Packages 2020-02-24-0823.32.pdiff [15.5 kB]
Get:7 http://127.0.0.1:12990/debian sid/main Sources 2020-02-25-0213.11.pdiff [23.2 kB]
Get:9 http://127.0.0.1:12990/debian sid/main amd64 Packages 2020-02-24-1420.34.pdiff [27.5 kB]
Get:10 http://127.0.0.1:12990/debian sid/main amd64 Packages 2020-02-24-2014.03.pdiff [21.6 kB]
Get:11 http://127.0.0.1:12990/debian sid/main amd64 Packages 2020-02-25-0213.11.pdiff [35.0 kB]
Get:11 http://127.0.0.1:12990/debian sid/main amd64 Packages 2020-02-25-0213.11.pdiff [35.0 kB]
Get:12 http://127.0.0.1:12990/debian sid/main Translation-en [6193 kB]
Fetched 6572 kB in 2s (2754 kB/s)
Reading package lists...
+ apt-get install --yes --no-install-recommends --force-yes clang-10 libomp-10-dev libobjc-9-dev
Reading package lists...
Building dependency tree...
The following additional packages will be installed:
  lib32gcc-s1 lib32gcc1 lib32stdc++6 libbsd0 libc6-i386 libclang-common-10-dev
  libclang-cpp10 libclang1-10 libedit2 libgc1c2 libllvm10 libobjc4 libomp5-10
  libz3-4
Suggested packages:
  clang-10-doc libomp-10-doc
Recommended packages:
  llvm-10-dev python3
The following NEW packages will be installed:
  clang-10 lib32gcc-s1 lib32gcc1 lib32stdc++6 libbsd0 libc6-i386
  libclang-common-10-dev libclang-cpp10 libclang1-10 libedit2 libgc1c2
  libllvm10 libobjc-9-dev libobjc4 libomp-10-dev libomp5-10 libz3-4
0 upgraded, 17 newly installed, 0 to remove and 2 not upgraded.
Need to get 46.4 MB of archives.
After this operation, 238 MB of additional disk space will be used.
Get:1 http://127.0.0.1:12990/debian sid/main amd64 libbsd0 amd64 0.10.0-1 [107 kB]
Get:2 http://127.0.0.1:12990/debian sid/main amd64 libedit2 amd64 3.1-20191231-1 [95.4 kB]
Get:3 http://127.0.0.1:12990/debian sid/main amd64 libz3-4 amd64 4.8.7-4 [6790 kB]
Get:4 http://127.0.0.1:12990/debian sid/main amd64 libllvm10 amd64 1:10.0.0~+rc2-1 [15.5 MB]
Get:5 http://127.0.0.1:12990/debian sid/main amd64 libclang-cpp10 amd64 1:10.0.0~+rc2-1 [9069 kB]
Get:6 http://127.0.0.1:12990/debian sid/main amd64 libgc1c2 amd64 1:7.6.4-0.4 [224 kB]
Get:7 http://127.0.0.1:12990/debian sid/main amd64 libobjc4 amd64 10-20200222-1 [41.6 kB]
Get:8 http://127.0.0.1:12990/debian sid/main amd64 libobjc-9-dev amd64 9.2.1-29 [219 kB]
Get:9 http://127.0.0.1:12990/debian sid/main amd64 libc6-i386 amd64 2.29-10 [2918 kB]
Get:10 http://127.0.0.1:12990/debian sid/main amd64 lib32gcc-s1 amd64 10-20200222-1 [49.4 kB]
Get:11 http://127.0.0.1:12990/debian sid/main amd64 lib32gcc1 amd64 1:10-20200222-1 [1104 B]
Get:12 http://127.0.0.1:12990/debian sid/main amd64 lib32stdc++6 amd64 10-20200222-1 [510 kB]
Get:13 http://127.0.0.1:12990/debian sid/main amd64 libclang-common-10-dev amd64 1:10.0.0~+rc2-1 [2782 kB]
Get:14 http://127.0.0.1:12990/debian sid/main amd64 libclang1-10 amd64 1:10.0.0~+rc2-1 [7607 kB]
Get:15 http://127.0.0.1:12990/debian sid/main amd64 clang-10 amd64 1:10.0.0~+rc2-1 [103 kB]
Get:16 http://127.0.0.1:12990/debian sid/main amd64 libomp5-10 amd64 1:10.0.0~+rc2-1 [337 kB]
Get:17 http://127.0.0.1:12990/debian sid/main amd64 libomp-10-dev amd64 1:10.0.0~+rc2-1 [84.3 kB]
debconf: delaying package configuration, since apt-utils is not installed
Fetched 46.4 MB in 5s (9644 kB/s)
Selecting previously unselected package libbsd0:amd64.
(Reading database ... (Reading database ... 5%(Reading database ... 10%(Reading database ... 15%(Reading database ... 20%(Reading database ... 25%(Reading database ... 30%(Reading database ... 35%(Reading database ... 40%(Reading database ... 45%(Reading database ... 50%(Reading database ... 55%(Reading database ... 60%(Reading database ... 65%(Reading database ... 70%(Reading database ... 75%(Reading database ... 80%(Reading database ... 85%(Reading database ... 90%(Reading database ... 95%(Reading database ... 100%(Reading database ... 12119 files and directories currently installed.)
Preparing to unpack .../00-libbsd0_0.10.0-1_amd64.deb ...
Unpacking libbsd0:amd64 (0.10.0-1) ...
Selecting previously unselected package libedit2:amd64.
Preparing to unpack .../01-libedit2_3.1-20191231-1_amd64.deb ...
Unpacking libedit2:amd64 (3.1-20191231-1) ...
Selecting previously unselected package libz3-4:amd64.
Preparing to unpack .../02-libz3-4_4.8.7-4_amd64.deb ...
Unpacking libz3-4:amd64 (4.8.7-4) ...
Selecting previously unselected package libllvm10:amd64.
Preparing to unpack .../03-libllvm10_1%3a10.0.0~+rc2-1_amd64.deb ...
Unpacking libllvm10:amd64 (1:10.0.0~+rc2-1) ...
Selecting previously unselected package libclang-cpp10.
Preparing to unpack .../04-libclang-cpp10_1%3a10.0.0~+rc2-1_amd64.deb ...
Unpacking libclang-cpp10 (1:10.0.0~+rc2-1) ...
Selecting previously unselected package libgc1c2:amd64.
Preparing to unpack .../05-libgc1c2_1%3a7.6.4-0.4_amd64.deb ...
Unpacking libgc1c2:amd64 (1:7.6.4-0.4) ...
Selecting previously unselected package libobjc4:amd64.
Preparing to unpack .../06-libobjc4_10-20200222-1_amd64.deb ...
Unpacking libobjc4:amd64 (10-20200222-1) ...
Selecting previously unselected package libobjc-9-dev:amd64.
Preparing to unpack .../07-libobjc-9-dev_9.2.1-29_amd64.deb ...
Unpacking libobjc-9-dev:amd64 (9.2.1-29) ...
Selecting previously unselected package libc6-i386.
Preparing to unpack .../08-libc6-i386_2.29-10_amd64.deb ...
Unpacking libc6-i386 (2.29-10) ...
Selecting previously unselected package lib32gcc-s1.
Preparing to unpack .../09-lib32gcc-s1_10-20200222-1_amd64.deb ...
Unpacking lib32gcc-s1 (10-20200222-1) ...
Selecting previously unselected package lib32gcc1.
Preparing to unpack .../10-lib32gcc1_1%3a10-20200222-1_amd64.deb ...
Unpacking lib32gcc1 (1:10-20200222-1) ...
Selecting previously unselected package lib32stdc++6.
Preparing to unpack .../11-lib32stdc++6_10-20200222-1_amd64.deb ...
Unpacking lib32stdc++6 (10-20200222-1) ...
Selecting previously unselected package libclang-common-10-dev.
Preparing to unpack .../12-libclang-common-10-dev_1%3a10.0.0~+rc2-1_amd64.deb ...
Unpacking libclang-common-10-dev (1:10.0.0~+rc2-1) ...
Selecting previously unselected package libclang1-10.
Preparing to unpack .../13-libclang1-10_1%3a10.0.0~+rc2-1_amd64.deb ...
Unpacking libclang1-10 (1:10.0.0~+rc2-1) ...
Selecting previously unselected package clang-10.
Preparing to unpack .../14-clang-10_1%3a10.0.0~+rc2-1_amd64.deb ...
Unpacking clang-10 (1:10.0.0~+rc2-1) ...
Selecting previously unselected package libomp5-10:amd64.
Preparing to unpack .../15-libomp5-10_1%3a10.0.0~+rc2-1_amd64.deb ...
Unpacking libomp5-10:amd64 (1:10.0.0~+rc2-1) ...
Selecting previously unselected package libomp-10-dev.
Preparing to unpack .../16-libomp-10-dev_1%3a10.0.0~+rc2-1_amd64.deb ...
Unpacking libomp-10-dev (1:10.0.0~+rc2-1) ...
Setting up libgc1c2:amd64 (1:7.6.4-0.4) ...
Setting up libobjc4:amd64 (10-20200222-1) ...
Setting up libz3-4:amd64 (4.8.7-4) ...
Setting up libobjc-9-dev:amd64 (9.2.1-29) ...
Setting up libomp5-10:amd64 (1:10.0.0~+rc2-1) ...
Setting up libc6-i386 (2.29-10) ...
Setting up libbsd0:amd64 (0.10.0-1) ...
Setting up libomp-10-dev (1:10.0.0~+rc2-1) ...
Setting up libedit2:amd64 (3.1-20191231-1) ...
Setting up libllvm10:amd64 (1:10.0.0~+rc2-1) ...
Setting up lib32gcc-s1 (10-20200222-1) ...
Setting up libclang1-10 (1:10.0.0~+rc2-1) ...
Setting up lib32gcc1 (1:10-20200222-1) ...
Setting up libclang-cpp10 (1:10.0.0~+rc2-1) ...
Setting up lib32stdc++6 (10-20200222-1) ...
Setting up libclang-common-10-dev (1:10.0.0~+rc2-1) ...
Setting up clang-10 (1:10.0.0~+rc2-1) ...
Processing triggers for libc-bin (2.29-10) ...
W: --force-yes is deprecated, use one of the options starting with --allow instead.
+ echo 'Replace gcc, g++ & cpp by clang'
Replace gcc, g++ & cpp by clang
+ VERSIONS='4.6 4.7 4.8 4.9 5 6 7 8 9 10'
+ cd /usr/bin
+ for VERSION in $VERSIONS
+ rm -f g++-4.6 gcc-4.6 cpp-4.6 gcc
+ ln -s clang++-10 g++-4.6
+ ln -s clang-10 gcc-4.6
+ ln -s clang-10 cpp-4.6
+ ln -s clang-10 gcc
+ dpkg --set-selections
+ echo 'gcc-4.6 hold'
dpkg: warning: package not in status nor available database at line 1: gcc-4.6
dpkg: warning: found unknown packages; this might mean the available database
is outdated, and needs to be updated through a frontend method;
please see the FAQ <https://wiki.debian.org/Teams/Dpkg/FAQ>
+ echo 'g++-4.6 hold'
+ dpkg --set-selections
dpkg: warning: package not in status nor available database at line 1: g++-4.6
dpkg: warning: found unknown packages; this might mean the available database
is outdated, and needs to be updated through a frontend method;
please see the FAQ <https://wiki.debian.org/Teams/Dpkg/FAQ>
+ for VERSION in $VERSIONS
+ rm -f g++-4.7 gcc-4.7 cpp-4.7 gcc
+ ln -s clang++-10 g++-4.7
+ ln -s clang-10 gcc-4.7
+ ln -s clang-10 cpp-4.7
+ ln -s clang-10 gcc
+ echo 'gcc-4.7 hold'
+ dpkg --set-selections
dpkg: warning: package not in status nor available database at line 1: gcc-4.7
dpkg: warning: found unknown packages; this might mean the available database
is outdated, and needs to be updated through a frontend method;
please see the FAQ <https://wiki.debian.org/Teams/Dpkg/FAQ>
+ echo 'g++-4.7 hold'
+ dpkg --set-selections
dpkg: warning: package not in status nor available database at line 1: g++-4.7
dpkg: warning: found unknown packages; this might mean the available database
is outdated, and needs to be updated through a frontend method;
please see the FAQ <https://wiki.debian.org/Teams/Dpkg/FAQ>
+ for VERSION in $VERSIONS
+ rm -f g++-4.8 gcc-4.8 cpp-4.8 gcc
+ ln -s clang++-10 g++-4.8
+ ln -s clang-10 gcc-4.8
+ ln -s clang-10 cpp-4.8
+ ln -s clang-10 gcc
+ echo 'gcc-4.8 hold'
+ dpkg --set-selections
dpkg: warning: package not in status nor available database at line 1: gcc-4.8
dpkg: warning: found unknown packages; this might mean the available database
is outdated, and needs to be updated through a frontend method;
please see the FAQ <https://wiki.debian.org/Teams/Dpkg/FAQ>
+ dpkg --set-selections
+ echo 'g++-4.8 hold'
dpkg: warning: package not in status nor available database at line 1: g++-4.8
dpkg: warning: found unknown packages; this might mean the available database
is outdated, and needs to be updated through a frontend method;
please see the FAQ <https://wiki.debian.org/Teams/Dpkg/FAQ>
+ for VERSION in $VERSIONS
+ rm -f g++-4.9 gcc-4.9 cpp-4.9 gcc
+ ln -s clang++-10 g++-4.9
+ ln -s clang-10 gcc-4.9
+ ln -s clang-10 cpp-4.9
+ ln -s clang-10 gcc
+ echo 'gcc-4.9 hold'
+ dpkg --set-selections
dpkg: warning: package not in status nor available database at line 1: gcc-4.9
dpkg: warning: found unknown packages; this might mean the available database
is outdated, and needs to be updated through a frontend method;
please see the FAQ <https://wiki.debian.org/Teams/Dpkg/FAQ>
+ dpkg --set-selections
+ echo 'g++-4.9 hold'
dpkg: warning: package not in status nor available database at line 1: g++-4.9
dpkg: warning: found unknown packages; this might mean the available database
is outdated, and needs to be updated through a frontend method;
please see the FAQ <https://wiki.debian.org/Teams/Dpkg/FAQ>
+ for VERSION in $VERSIONS
+ rm -f g++-5 gcc-5 cpp-5 gcc
+ ln -s clang++-10 g++-5
+ ln -s clang-10 gcc-5
+ ln -s clang-10 cpp-5
+ ln -s clang-10 gcc
+ echo 'gcc-5 hold'
+ dpkg --set-selections
dpkg: warning: package not in status nor available database at line 1: gcc-5
dpkg: warning: found unknown packages; this might mean the available database
is outdated, and needs to be updated through a frontend method;
please see the FAQ <https://wiki.debian.org/Teams/Dpkg/FAQ>
+ echo 'g++-5 hold'
+ dpkg --set-selections
dpkg: warning: package not in status nor available database at line 1: g++-5
dpkg: warning: found unknown packages; this might mean the available database
is outdated, and needs to be updated through a frontend method;
please see the FAQ <https://wiki.debian.org/Teams/Dpkg/FAQ>
+ for VERSION in $VERSIONS
+ rm -f g++-6 gcc-6 cpp-6 gcc
+ ln -s clang++-10 g++-6
+ ln -s clang-10 gcc-6
+ ln -s clang-10 cpp-6
+ ln -s clang-10 gcc
+ echo 'gcc-6 hold'
+ dpkg --set-selections
dpkg: warning: package not in status nor available database at line 1: gcc-6
dpkg: warning: found unknown packages; this might mean the available database
is outdated, and needs to be updated through a frontend method;
please see the FAQ <https://wiki.debian.org/Teams/Dpkg/FAQ>
+ dpkg --set-selections
+ echo 'g++-6 hold'
dpkg: warning: package not in status nor available database at line 1: g++-6
dpkg: warning: found unknown packages; this might mean the available database
is outdated, and needs to be updated through a frontend method;
please see the FAQ <https://wiki.debian.org/Teams/Dpkg/FAQ>
+ for VERSION in $VERSIONS
+ rm -f g++-7 gcc-7 cpp-7 gcc
+ ln -s clang++-10 g++-7
+ ln -s clang-10 gcc-7
+ ln -s clang-10 cpp-7
+ ln -s clang-10 gcc
+ dpkg --set-selections
+ echo 'gcc-7 hold'
dpkg: warning: package not in status nor available database at line 1: gcc-7
dpkg: warning: found unknown packages; this might mean the available database
is outdated, and needs to be updated through a frontend method;
please see the FAQ <https://wiki.debian.org/Teams/Dpkg/FAQ>
+ echo 'g++-7 hold'
+ dpkg --set-selections
dpkg: warning: package not in status nor available database at line 1: g++-7
dpkg: warning: found unknown packages; this might mean the available database
is outdated, and needs to be updated through a frontend method;
please see the FAQ <https://wiki.debian.org/Teams/Dpkg/FAQ>
+ for VERSION in $VERSIONS
+ rm -f g++-8 gcc-8 cpp-8 gcc
+ ln -s clang++-10 g++-8
+ ln -s clang-10 gcc-8
+ ln -s clang-10 cpp-8
+ ln -s clang-10 gcc
+ echo 'gcc-8 hold'
+ dpkg --set-selections
dpkg: warning: package not in status nor available database at line 1: gcc-8
dpkg: warning: found unknown packages; this might mean the available database
is outdated, and needs to be updated through a frontend method;
please see the FAQ <https://wiki.debian.org/Teams/Dpkg/FAQ>
+ echo 'g++-8 hold'
+ dpkg --set-selections
dpkg: warning: package not in status nor available database at line 1: g++-8
dpkg: warning: found unknown packages; this might mean the available database
is outdated, and needs to be updated through a frontend method;
please see the FAQ <https://wiki.debian.org/Teams/Dpkg/FAQ>
+ for VERSION in $VERSIONS
+ rm -f g++-9 gcc-9 cpp-9 gcc
+ ln -s clang++-10 g++-9
+ ln -s clang-10 gcc-9
+ ln -s clang-10 cpp-9
+ ln -s clang-10 gcc
+ echo 'gcc-9 hold'
+ dpkg --set-selections
+ dpkg --set-selections
+ echo 'g++-9 hold'
+ for VERSION in $VERSIONS
+ rm -f g++-10 gcc-10 cpp-10 gcc
+ ln -s clang++-10 g++-10
+ ln -s clang-10 gcc-10
+ ln -s clang-10 cpp-10
+ ln -s clang-10 gcc
+ dpkg --set-selections
+ echo 'gcc-10 hold'
dpkg: warning: package not in status nor available database at line 1: gcc-10
dpkg: warning: found unknown packages; this might mean the available database
is outdated, and needs to be updated through a frontend method;
please see the FAQ <https://wiki.debian.org/Teams/Dpkg/FAQ>
+ echo 'g++-10 hold'
+ dpkg --set-selections
dpkg: warning: package not in status nor available database at line 1: g++-10
dpkg: warning: found unknown packages; this might mean the available database
is outdated, and needs to be updated through a frontend method;
please see the FAQ <https://wiki.debian.org/Teams/Dpkg/FAQ>
+ cd -
/build/libnet-dbus-perl-jWAp2z
+ echo 'Check if gcc, g++ & cpp are actually clang'
Check if gcc, g++ & cpp are actually clang
+ grep clang
+ gcc --version
+ cpp --version
+ grep clang
+ grep clang
+ g++ --version

I: Finished running '/tmp/clang10'.

Finished processing commands.
--------------------------------------------------------------------------------
I: NOTICE: Log filtering will replace 'build/libnet-dbus-perl-jWAp2z/resolver-TUxYOm' with '<<RESOLVERDIR>>'

+------------------------------------------------------------------------------+
| Update chroot                                                                |
+------------------------------------------------------------------------------+

Hit:1 http://127.0.0.1:12990/debian sid InRelease
Reading package lists...
Reading package lists...
Building dependency tree...
Reading state information...
Calculating upgrade...
The following packages will be upgraded:
  libgmp10 zlib1g
2 upgraded, 0 newly installed, 0 to remove and 0 not upgraded.
Need to get 343 kB of archives.
After this operation, 0 B of additional disk space will be used.
Get:1 http://127.0.0.1:12990/debian sid/main amd64 libgmp10 amd64 2:6.2.0+dfsg-4 [253 kB]
Get:2 http://127.0.0.1:12990/debian sid/main amd64 zlib1g amd64 1:1.2.11.dfsg-2 [90.4 kB]
debconf: delaying package configuration, since apt-utils is not installed
Fetched 343 kB in 0s (3968 kB/s)
(Reading database ... (Reading database ... 5%(Reading database ... 10%(Reading database ... 15%(Reading database ... 20%(Reading database ... 25%(Reading database ... 30%(Reading database ... 35%(Reading database ... 40%(Reading database ... 45%(Reading database ... 50%(Reading database ... 55%(Reading database ... 60%(Reading database ... 65%(Reading database ... 70%(Reading database ... 75%(Reading database ... 80%(Reading database ... 85%(Reading database ... 90%(Reading database ... 95%(Reading database ... 100%(Reading database ... 12960 files and directories currently installed.)
Preparing to unpack .../libgmp10_2%3a6.2.0+dfsg-4_amd64.deb ...
Unpacking libgmp10:amd64 (2:6.2.0+dfsg-4) over (2:6.2.0+dfsg-3) ...
Setting up libgmp10:amd64 (2:6.2.0+dfsg-4) ...
(Reading database ... (Reading database ... 5%(Reading database ... 10%(Reading database ... 15%(Reading database ... 20%(Reading database ... 25%(Reading database ... 30%(Reading database ... 35%(Reading database ... 40%(Reading database ... 45%(Reading database ... 50%(Reading database ... 55%(Reading database ... 60%(Reading database ... 65%(Reading database ... 70%(Reading database ... 75%(Reading database ... 80%(Reading database ... 85%(Reading database ... 90%(Reading database ... 95%(Reading database ... 100%(Reading database ... 12960 files and directories currently installed.)
Preparing to unpack .../zlib1g_1%3a1.2.11.dfsg-2_amd64.deb ...
Unpacking zlib1g:amd64 (1:1.2.11.dfsg-2) over (1:1.2.11.dfsg-1.2) ...
Setting up zlib1g:amd64 (1:1.2.11.dfsg-2) ...
Processing triggers for libc-bin (2.29-10) ...

+------------------------------------------------------------------------------+
| Fetch source files                                                           |
+------------------------------------------------------------------------------+


Check APT
---------

Checking available source versions...

Download source files with APT
------------------------------

Reading package lists...
NOTICE: 'libnet-dbus-perl' packaging is maintained in the 'Git' version control system at:
https://salsa.debian.org/perl-team/modules/packages/libnet-dbus-perl.git
Please use:
git clone https://salsa.debian.org/perl-team/modules/packages/libnet-dbus-perl.git
to retrieve the latest (possibly unreleased) updates to the package.
Need to get 115 kB of source archives.
Get:1 http://127.0.0.1:12990/debian sid/main libnet-dbus-perl 1.2.0-1 (dsc) [2482 B]
Get:2 http://127.0.0.1:12990/debian sid/main libnet-dbus-perl 1.2.0-1 (tar) [108 kB]
Get:3 http://127.0.0.1:12990/debian sid/main libnet-dbus-perl 1.2.0-1 (diff) [3792 B]
Fetched 115 kB in 0s (373 kB/s)
Download complete and in download only mode
I: NOTICE: Log filtering will replace 'build/libnet-dbus-perl-jWAp2z/libnet-dbus-perl-1.2.0' with '<<PKGBUILDDIR>>'
I: NOTICE: Log filtering will replace 'build/libnet-dbus-perl-jWAp2z' with '<<BUILDDIR>>'

+------------------------------------------------------------------------------+
| Install package build dependencies                                           |
+------------------------------------------------------------------------------+


Setup apt archive
-----------------

Merged Build-Depends: debhelper-compat (= 12), libdbus-1-dev, libtest-pod-coverage-perl, libtest-pod-perl, libxml-twig-perl, perl-xs-dev, perl, build-essential, fakeroot
Filtered Build-Depends: debhelper-compat (= 12), libdbus-1-dev, libtest-pod-coverage-perl, libtest-pod-perl, libxml-twig-perl, perl-xs-dev, perl, build-essential, fakeroot
dpkg-deb: building package 'sbuild-build-depends-main-dummy' in '/<<RESOLVERDIR>>/apt_archive/sbuild-build-depends-main-dummy.deb'.
Ign:1 copy:/<<RESOLVERDIR>>/apt_archive ./ InRelease
Get:2 copy:/<<RESOLVERDIR>>/apt_archive ./ Release [957 B]
Ign:3 copy:/<<RESOLVERDIR>>/apt_archive ./ Release.gpg
Get:4 copy:/<<RESOLVERDIR>>/apt_archive ./ Sources [425 B]
Get:5 copy:/<<RESOLVERDIR>>/apt_archive ./ Packages [495 B]
Fetched 1877 B in 0s (0 B/s)
Reading package lists...
Reading package lists...

Install main build dependencies (apt-based resolver)
----------------------------------------------------

Installing build dependencies
Reading package lists...
Building dependency tree...
Reading state information...
The following additional packages will be installed:
  autoconf automake autopoint autotools-dev bsdmainutils ca-certificates
  debhelper dh-autoreconf dh-strip-nondeterminism dwz file gettext
  gettext-base groff-base intltool-debian libarchive-zip-perl libcroco3
  libdbus-1-3 libdbus-1-dev libdebhelper-perl libdevel-symdump-perl libelf1
  libencode-locale-perl libexpat1 libfile-listing-perl
  libfile-stripnondeterminism-perl libglib2.0-0 libhtml-parser-perl
  libhtml-tagset-perl libhtml-tree-perl libhttp-cookies-perl libhttp-date-perl
  libhttp-message-perl libhttp-negotiate-perl libicu63 libio-html-perl
  libio-socket-ssl-perl liblwp-mediatypes-perl liblwp-protocol-https-perl
  libmagic-mgc libmagic1 libnet-http-perl libnet-ssleay-perl libperl-dev
  libpipeline1 libpod-coverage-perl libsigsegv2 libssl1.1 libsub-override-perl
  libtest-pod-coverage-perl libtest-pod-perl libtimedate-perl libtool
  libtry-tiny-perl libuchardet0 liburi-perl libwww-perl libwww-robotrules-perl
  libxml-parser-perl libxml-twig-perl libxml2 m4 man-db netbase openssl
  perl-openssl-defaults pkg-config po-debconf sensible-utils
Suggested packages:
  autoconf-archive gnu-standards autoconf-doc wamerican | wordlist whois
  vacation dh-make gettext-doc libasprintf-dev libgettextpo-dev groff
  libdata-dump-perl libcrypt-ssleay-perl libtool-doc gfortran
  | fortran95-compiler gcj-jdk libauthen-ntlm-perl libunicode-map8-perl
  libunicode-string-perl xml-twig-tools m4-doc apparmor less www-browser
  libmail-box-perl
Recommended packages:
  curl | wget | lynx dbus libarchive-cpio-perl libglib2.0-data
  shared-mime-info xdg-user-dirs libhtml-format-perl libltdl-dev
  libdata-dump-perl libhtml-form-perl libhttp-daemon-perl libmailtools-perl
  libtext-iconv-perl libtie-ixhash-perl libxml-xpathengine-perl
  | libxml-xpath-perl libmail-sendmail-perl
The following NEW packages will be installed:
  autoconf automake autopoint autotools-dev bsdmainutils ca-certificates
  debhelper dh-autoreconf dh-strip-nondeterminism dwz file gettext
  gettext-base groff-base intltool-debian libarchive-zip-perl libcroco3
  libdbus-1-3 libdbus-1-dev libdebhelper-perl libdevel-symdump-perl libelf1
  libencode-locale-perl libexpat1 libfile-listing-perl
  libfile-stripnondeterminism-perl libglib2.0-0 libhtml-parser-perl
  libhtml-tagset-perl libhtml-tree-perl libhttp-cookies-perl libhttp-date-perl
  libhttp-message-perl libhttp-negotiate-perl libicu63 libio-html-perl
  libio-socket-ssl-perl liblwp-mediatypes-perl liblwp-protocol-https-perl
  libmagic-mgc libmagic1 libnet-http-perl libnet-ssleay-perl libperl-dev
  libpipeline1 libpod-coverage-perl libsigsegv2 libssl1.1 libsub-override-perl
  libtest-pod-coverage-perl libtest-pod-perl libtimedate-perl libtool
  libtry-tiny-perl libuchardet0 liburi-perl libwww-perl libwww-robotrules-perl
  libxml-parser-perl libxml-twig-perl libxml2 m4 man-db netbase openssl
  perl-openssl-defaults pkg-config po-debconf sbuild-build-depends-main-dummy
  sensible-utils
0 upgraded, 70 newly installed, 0 to remove and 0 not upgraded.
Need to get 25.3 MB of archives.
After this operation, 89.2 MB of additional disk space will be used.
Get:1 copy:/<<RESOLVERDIR>>/apt_archive ./ sbuild-build-depends-main-dummy 0.invalid.0 [924 B]
Get:2 http://127.0.0.1:12990/debian sid/main amd64 bsdmainutils amd64 11.1.2+b1 [191 kB]
Get:3 http://127.0.0.1:12990/debian sid/main amd64 libuchardet0 amd64 0.0.6-3 [64.9 kB]
Get:4 http://127.0.0.1:12990/debian sid/main amd64 groff-base amd64 1.22.4-4 [919 kB]
Get:5 http://127.0.0.1:12990/debian sid/main amd64 libpipeline1 amd64 1.5.2-2 [33.9 kB]
Get:6 http://127.0.0.1:12990/debian sid/main amd64 man-db amd64 2.9.0-2 [1307 kB]
Get:7 http://127.0.0.1:12990/debian sid/main amd64 netbase all 6.1 [19.9 kB]
Get:8 http://127.0.0.1:12990/debian sid/main amd64 sensible-utils all 0.0.12+nmu1 [16.0 kB]
Get:9 http://127.0.0.1:12990/debian sid/main amd64 libmagic-mgc amd64 1:5.38-4 [262 kB]
Get:10 http://127.0.0.1:12990/debian sid/main amd64 libmagic1 amd64 1:5.38-4 [120 kB]
Get:11 http://127.0.0.1:12990/debian sid/main amd64 file amd64 1:5.38-4 [67.9 kB]
Get:12 http://127.0.0.1:12990/debian sid/main amd64 gettext-base amd64 0.19.8.1-10 [123 kB]
Get:13 http://127.0.0.1:12990/debian sid/main amd64 libsigsegv2 amd64 2.12-2 [32.8 kB]
Get:14 http://127.0.0.1:12990/debian sid/main amd64 m4 amd64 1.4.18-4 [203 kB]
Get:15 http://127.0.0.1:12990/debian sid/main amd64 autoconf all 2.69-11.1 [341 kB]
Get:16 http://127.0.0.1:12990/debian sid/main amd64 autotools-dev all 20180224.1 [77.0 kB]
Get:17 http://127.0.0.1:12990/debian sid/main amd64 automake all 1:1.16.1-4 [771 kB]
Get:18 http://127.0.0.1:12990/debian sid/main amd64 autopoint all 0.19.8.1-10 [435 kB]
Get:19 http://127.0.0.1:12990/debian sid/main amd64 libssl1.1 amd64 1.1.1d-2 [1540 kB]
Get:20 http://127.0.0.1:12990/debian sid/main amd64 openssl amd64 1.1.1d-2 [840 kB]
Get:21 http://127.0.0.1:12990/debian sid/main amd64 ca-certificates all 20190110 [157 kB]
Get:22 http://127.0.0.1:12990/debian sid/main amd64 libtool all 2.4.6-13 [513 kB]
Get:23 http://127.0.0.1:12990/debian sid/main amd64 dh-autoreconf all 19 [16.9 kB]
Get:24 http://127.0.0.1:12990/debian sid/main amd64 libdebhelper-perl all 12.9 [183 kB]
Get:25 http://127.0.0.1:12990/debian sid/main amd64 libarchive-zip-perl all 1.67-1 [104 kB]
Get:26 http://127.0.0.1:12990/debian sid/main amd64 libsub-override-perl all 0.09-2 [10.2 kB]
Get:27 http://127.0.0.1:12990/debian sid/main amd64 libfile-stripnondeterminism-perl all 1.6.3-2 [23.7 kB]
Get:28 http://127.0.0.1:12990/debian sid/main amd64 dh-strip-nondeterminism all 1.6.3-2 [14.7 kB]
Get:29 http://127.0.0.1:12990/debian sid/main amd64 libelf1 amd64 0.176-1.1 [161 kB]
Get:30 http://127.0.0.1:12990/debian sid/main amd64 dwz amd64 0.13-5 [151 kB]
Get:31 http://127.0.0.1:12990/debian sid/main amd64 libglib2.0-0 amd64 2.62.4-2 [1319 kB]
Get:32 http://127.0.0.1:12990/debian sid/main amd64 libicu63 amd64 63.2-2 [8301 kB]
Get:33 http://127.0.0.1:12990/debian sid/main amd64 libxml2 amd64 2.9.10+dfsg-3 [709 kB]
Get:34 http://127.0.0.1:12990/debian sid/main amd64 libcroco3 amd64 0.6.13-1 [146 kB]
Get:35 http://127.0.0.1:12990/debian sid/main amd64 gettext amd64 0.19.8.1-10 [1303 kB]
Get:36 http://127.0.0.1:12990/debian sid/main amd64 intltool-debian all 0.35.0+20060710.5 [26.8 kB]
Get:37 http://127.0.0.1:12990/debian sid/main amd64 po-debconf all 1.0.21 [248 kB]
Get:38 http://127.0.0.1:12990/debian sid/main amd64 debhelper all 12.9 [994 kB]
Get:39 http://127.0.0.1:12990/debian sid/main amd64 libdbus-1-3 amd64 1.12.16-2 [214 kB]
Get:40 http://127.0.0.1:12990/debian sid/main amd64 pkg-config amd64 0.29-6 [63.5 kB]
Get:41 http://127.0.0.1:12990/debian sid/main amd64 libdbus-1-dev amd64 1.12.16-2 [251 kB]
Get:42 http://127.0.0.1:12990/debian sid/main amd64 libdevel-symdump-perl all 2.18-3 [17.3 kB]
Get:43 http://127.0.0.1:12990/debian sid/main amd64 libencode-locale-perl all 1.05-1 [13.7 kB]
Get:44 http://127.0.0.1:12990/debian sid/main amd64 libexpat1 amd64 2.2.9-1 [94.3 kB]
Get:45 http://127.0.0.1:12990/debian sid/main amd64 libtimedate-perl all 2.3100-1 [39.0 kB]
Get:46 http://127.0.0.1:12990/debian sid/main amd64 libhttp-date-perl all 6.05-1 [10.4 kB]
Get:47 http://127.0.0.1:12990/debian sid/main amd64 libfile-listing-perl all 6.04-1 [10.3 kB]
Get:48 http://127.0.0.1:12990/debian sid/main amd64 libhtml-tagset-perl all 3.20-4 [13.0 kB]
Get:49 http://127.0.0.1:12990/debian sid/main amd64 liburi-perl all 1.76-2 [90.2 kB]
Get:50 http://127.0.0.1:12990/debian sid/main amd64 libhtml-parser-perl amd64 3.72-5 [105 kB]
Get:51 http://127.0.0.1:12990/debian sid/main amd64 libhtml-tree-perl all 5.07-2 [213 kB]
Get:52 http://127.0.0.1:12990/debian sid/main amd64 libio-html-perl all 1.001-1 [17.6 kB]
Get:53 http://127.0.0.1:12990/debian sid/main amd64 liblwp-mediatypes-perl all 6.04-1 [19.9 kB]
Get:54 http://127.0.0.1:12990/debian sid/main amd64 libhttp-message-perl all 6.18-1 [77.8 kB]
Get:55 http://127.0.0.1:12990/debian sid/main amd64 libhttp-cookies-perl all 6.08-1 [19.3 kB]
Get:56 http://127.0.0.1:12990/debian sid/main amd64 libhttp-negotiate-perl all 6.01-1 [12.8 kB]
Get:57 http://127.0.0.1:12990/debian sid/main amd64 perl-openssl-defaults amd64 4 [7148 B]
Get:58 http://127.0.0.1:12990/debian sid/main amd64 libnet-ssleay-perl amd64 1.88-2 [321 kB]
Get:59 http://127.0.0.1:12990/debian sid/main amd64 libio-socket-ssl-perl all 2.067-1 [212 kB]
Get:60 http://127.0.0.1:12990/debian sid/main amd64 libnet-http-perl all 6.19-1 [24.8 kB]
Get:61 http://127.0.0.1:12990/debian sid/main amd64 libtry-tiny-perl all 0.30-1 [23.3 kB]
Get:62 http://127.0.0.1:12990/debian sid/main amd64 libwww-robotrules-perl all 6.02-1 [12.9 kB]
Get:63 http://127.0.0.1:12990/debian sid/main amd64 libwww-perl all 6.43-1 [191 kB]
Get:64 http://127.0.0.1:12990/debian sid/main amd64 liblwp-protocol-https-perl all 6.07-2 [9242 B]
Get:65 http://127.0.0.1:12990/debian sid/main amd64 libperl-dev amd64 5.30.0-9 [1032 kB]
Get:66 http://127.0.0.1:12990/debian sid/main amd64 libpod-coverage-perl all 0.23-1 [23.9 kB]
Get:67 http://127.0.0.1:12990/debian sid/main amd64 libtest-pod-coverage-perl all 1.10-2 [14.5 kB]
Get:68 http://127.0.0.1:12990/debian sid/main amd64 libtest-pod-perl all 1.52-1 [14.2 kB]
Get:69 http://127.0.0.1:12990/debian sid/main amd64 libxml-parser-perl amd64 2.46-1+b1 [207 kB]
Get:70 http://127.0.0.1:12990/debian sid/main amd64 libxml-twig-perl all 1:3.50-2 [178 kB]
debconf: delaying package configuration, since apt-utils is not installed
Fetched 25.3 MB in 4s (7050 kB/s)
Selecting previously unselected package bsdmainutils.
(Reading database ... 12960 files and directories currently installed.)
Preparing to unpack .../00-bsdmainutils_11.1.2+b1_amd64.deb ...
Unpacking bsdmainutils (11.1.2+b1) ...
Selecting previously unselected package libuchardet0:amd64.
Preparing to unpack .../01-libuchardet0_0.0.6-3_amd64.deb ...
Unpacking libuchardet0:amd64 (0.0.6-3) ...
Selecting previously unselected package groff-base.
Preparing to unpack .../02-groff-base_1.22.4-4_amd64.deb ...
Unpacking groff-base (1.22.4-4) ...
Selecting previously unselected package libpipeline1:amd64.
Preparing to unpack .../03-libpipeline1_1.5.2-2_amd64.deb ...
Unpacking libpipeline1:amd64 (1.5.2-2) ...
Selecting previously unselected package man-db.
Preparing to unpack .../04-man-db_2.9.0-2_amd64.deb ...
Unpacking man-db (2.9.0-2) ...
Selecting previously unselected package netbase.
Preparing to unpack .../05-netbase_6.1_all.deb ...
Unpacking netbase (6.1) ...
Selecting previously unselected package sensible-utils.
Preparing to unpack .../06-sensible-utils_0.0.12+nmu1_all.deb ...
Unpacking sensible-utils (0.0.12+nmu1) ...
Selecting previously unselected package libmagic-mgc.
Preparing to unpack .../07-libmagic-mgc_1%3a5.38-4_amd64.deb ...
Unpacking libmagic-mgc (1:5.38-4) ...
Selecting previously unselected package libmagic1:amd64.
Preparing to unpack .../08-libmagic1_1%3a5.38-4_amd64.deb ...
Unpacking libmagic1:amd64 (1:5.38-4) ...
Selecting previously unselected package file.
Preparing to unpack .../09-file_1%3a5.38-4_amd64.deb ...
Unpacking file (1:5.38-4) ...
Selecting previously unselected package gettext-base.
Preparing to unpack .../10-gettext-base_0.19.8.1-10_amd64.deb ...
Unpacking gettext-base (0.19.8.1-10) ...
Selecting previously unselected package libsigsegv2:amd64.
Preparing to unpack .../11-libsigsegv2_2.12-2_amd64.deb ...
Unpacking libsigsegv2:amd64 (2.12-2) ...
Selecting previously unselected package m4.
Preparing to unpack .../12-m4_1.4.18-4_amd64.deb ...
Unpacking m4 (1.4.18-4) ...
Selecting previously unselected package autoconf.
Preparing to unpack .../13-autoconf_2.69-11.1_all.deb ...
Unpacking autoconf (2.69-11.1) ...
Selecting previously unselected package autotools-dev.
Preparing to unpack .../14-autotools-dev_20180224.1_all.deb ...
Unpacking autotools-dev (20180224.1) ...
Selecting previously unselected package automake.
Preparing to unpack .../15-automake_1%3a1.16.1-4_all.deb ...
Unpacking automake (1:1.16.1-4) ...
Selecting previously unselected package autopoint.
Preparing to unpack .../16-autopoint_0.19.8.1-10_all.deb ...
Unpacking autopoint (0.19.8.1-10) ...
Selecting previously unselected package libssl1.1:amd64.
Preparing to unpack .../17-libssl1.1_1.1.1d-2_amd64.deb ...
Unpacking libssl1.1:amd64 (1.1.1d-2) ...
Selecting previously unselected package openssl.
Preparing to unpack .../18-openssl_1.1.1d-2_amd64.deb ...
Unpacking openssl (1.1.1d-2) ...
Selecting previously unselected package ca-certificates.
Preparing to unpack .../19-ca-certificates_20190110_all.deb ...
Unpacking ca-certificates (20190110) ...
Selecting previously unselected package libtool.
Preparing to unpack .../20-libtool_2.4.6-13_all.deb ...
Unpacking libtool (2.4.6-13) ...
Selecting previously unselected package dh-autoreconf.
Preparing to unpack .../21-dh-autoreconf_19_all.deb ...
Unpacking dh-autoreconf (19) ...
Selecting previously unselected package libdebhelper-perl.
Preparing to unpack .../22-libdebhelper-perl_12.9_all.deb ...
Unpacking libdebhelper-perl (12.9) ...
Selecting previously unselected package libarchive-zip-perl.
Preparing to unpack .../23-libarchive-zip-perl_1.67-1_all.deb ...
Unpacking libarchive-zip-perl (1.67-1) ...
Selecting previously unselected package libsub-override-perl.
Preparing to unpack .../24-libsub-override-perl_0.09-2_all.deb ...
Unpacking libsub-override-perl (0.09-2) ...
Selecting previously unselected package libfile-stripnondeterminism-perl.
Preparing to unpack .../25-libfile-stripnondeterminism-perl_1.6.3-2_all.deb ...
Unpacking libfile-stripnondeterminism-perl (1.6.3-2) ...
Selecting previously unselected package dh-strip-nondeterminism.
Preparing to unpack .../26-dh-strip-nondeterminism_1.6.3-2_all.deb ...
Unpacking dh-strip-nondeterminism (1.6.3-2) ...
Selecting previously unselected package libelf1:amd64.
Preparing to unpack .../27-libelf1_0.176-1.1_amd64.deb ...
Unpacking libelf1:amd64 (0.176-1.1) ...
Selecting previously unselected package dwz.
Preparing to unpack .../28-dwz_0.13-5_amd64.deb ...
Unpacking dwz (0.13-5) ...
Selecting previously unselected package libglib2.0-0:amd64.
Preparing to unpack .../29-libglib2.0-0_2.62.4-2_amd64.deb ...
Unpacking libglib2.0-0:amd64 (2.62.4-2) ...
Selecting previously unselected package libicu63:amd64.
Preparing to unpack .../30-libicu63_63.2-2_amd64.deb ...
Unpacking libicu63:amd64 (63.2-2) ...
Selecting previously unselected package libxml2:amd64.
Preparing to unpack .../31-libxml2_2.9.10+dfsg-3_amd64.deb ...
Unpacking libxml2:amd64 (2.9.10+dfsg-3) ...
Selecting previously unselected package libcroco3:amd64.
Preparing to unpack .../32-libcroco3_0.6.13-1_amd64.deb ...
Unpacking libcroco3:amd64 (0.6.13-1) ...
Selecting previously unselected package gettext.
Preparing to unpack .../33-gettext_0.19.8.1-10_amd64.deb ...
Unpacking gettext (0.19.8.1-10) ...
Selecting previously unselected package intltool-debian.
Preparing to unpack .../34-intltool-debian_0.35.0+20060710.5_all.deb ...
Unpacking intltool-debian (0.35.0+20060710.5) ...
Selecting previously unselected package po-debconf.
Preparing to unpack .../35-po-debconf_1.0.21_all.deb ...
Unpacking po-debconf (1.0.21) ...
Selecting previously unselected package debhelper.
Preparing to unpack .../36-debhelper_12.9_all.deb ...
Unpacking debhelper (12.9) ...
Selecting previously unselected package libdbus-1-3:amd64.
Preparing to unpack .../37-libdbus-1-3_1.12.16-2_amd64.deb ...
Unpacking libdbus-1-3:amd64 (1.12.16-2) ...
Selecting previously unselected package pkg-config.
Preparing to unpack .../38-pkg-config_0.29-6_amd64.deb ...
Unpacking pkg-config (0.29-6) ...
Selecting previously unselected package libdbus-1-dev:amd64.
Preparing to unpack .../39-libdbus-1-dev_1.12.16-2_amd64.deb ...
Unpacking libdbus-1-dev:amd64 (1.12.16-2) ...
Selecting previously unselected package libdevel-symdump-perl.
Preparing to unpack .../40-libdevel-symdump-perl_2.18-3_all.deb ...
Unpacking libdevel-symdump-perl (2.18-3) ...
Selecting previously unselected package libencode-locale-perl.
Preparing to unpack .../41-libencode-locale-perl_1.05-1_all.deb ...
Unpacking libencode-locale-perl (1.05-1) ...
Selecting previously unselected package libexpat1:amd64.
Preparing to unpack .../42-libexpat1_2.2.9-1_amd64.deb ...
Unpacking libexpat1:amd64 (2.2.9-1) ...
Selecting previously unselected package libtimedate-perl.
Preparing to unpack .../43-libtimedate-perl_2.3100-1_all.deb ...
Unpacking libtimedate-perl (2.3100-1) ...
Selecting previously unselected package libhttp-date-perl.
Preparing to unpack .../44-libhttp-date-perl_6.05-1_all.deb ...
Unpacking libhttp-date-perl (6.05-1) ...
Selecting previously unselected package libfile-listing-perl.
Preparing to unpack .../45-libfile-listing-perl_6.04-1_all.deb ...
Unpacking libfile-listing-perl (6.04-1) ...
Selecting previously unselected package libhtml-tagset-perl.
Preparing to unpack .../46-libhtml-tagset-perl_3.20-4_all.deb ...
Unpacking libhtml-tagset-perl (3.20-4) ...
Selecting previously unselected package liburi-perl.
Preparing to unpack .../47-liburi-perl_1.76-2_all.deb ...
Unpacking liburi-perl (1.76-2) ...
Selecting previously unselected package libhtml-parser-perl.
Preparing to unpack .../48-libhtml-parser-perl_3.72-5_amd64.deb ...
Unpacking libhtml-parser-perl (3.72-5) ...
Selecting previously unselected package libhtml-tree-perl.
Preparing to unpack .../49-libhtml-tree-perl_5.07-2_all.deb ...
Unpacking libhtml-tree-perl (5.07-2) ...
Selecting previously unselected package libio-html-perl.
Preparing to unpack .../50-libio-html-perl_1.001-1_all.deb ...
Unpacking libio-html-perl (1.001-1) ...
Selecting previously unselected package liblwp-mediatypes-perl.
Preparing to unpack .../51-liblwp-mediatypes-perl_6.04-1_all.deb ...
Unpacking liblwp-mediatypes-perl (6.04-1) ...
Selecting previously unselected package libhttp-message-perl.
Preparing to unpack .../52-libhttp-message-perl_6.18-1_all.deb ...
Unpacking libhttp-message-perl (6.18-1) ...
Selecting previously unselected package libhttp-cookies-perl.
Preparing to unpack .../53-libhttp-cookies-perl_6.08-1_all.deb ...
Unpacking libhttp-cookies-perl (6.08-1) ...
Selecting previously unselected package libhttp-negotiate-perl.
Preparing to unpack .../54-libhttp-negotiate-perl_6.01-1_all.deb ...
Unpacking libhttp-negotiate-perl (6.01-1) ...
Selecting previously unselected package perl-openssl-defaults:amd64.
Preparing to unpack .../55-perl-openssl-defaults_4_amd64.deb ...
Unpacking perl-openssl-defaults:amd64 (4) ...
Selecting previously unselected package libnet-ssleay-perl.
Preparing to unpack .../56-libnet-ssleay-perl_1.88-2_amd64.deb ...
Unpacking libnet-ssleay-perl (1.88-2) ...
Selecting previously unselected package libio-socket-ssl-perl.
Preparing to unpack .../57-libio-socket-ssl-perl_2.067-1_all.deb ...
Unpacking libio-socket-ssl-perl (2.067-1) ...
Selecting previously unselected package libnet-http-perl.
Preparing to unpack .../58-libnet-http-perl_6.19-1_all.deb ...
Unpacking libnet-http-perl (6.19-1) ...
Selecting previously unselected package libtry-tiny-perl.
Preparing to unpack .../59-libtry-tiny-perl_0.30-1_all.deb ...
Unpacking libtry-tiny-perl (0.30-1) ...
Selecting previously unselected package libwww-robotrules-perl.
Preparing to unpack .../60-libwww-robotrules-perl_6.02-1_all.deb ...
Unpacking libwww-robotrules-perl (6.02-1) ...
Selecting previously unselected package libwww-perl.
Preparing to unpack .../61-libwww-perl_6.43-1_all.deb ...
Unpacking libwww-perl (6.43-1) ...
Selecting previously unselected package liblwp-protocol-https-perl.
Preparing to unpack .../62-liblwp-protocol-https-perl_6.07-2_all.deb ...
Unpacking liblwp-protocol-https-perl (6.07-2) ...
Selecting previously unselected package libperl-dev:amd64.
Preparing to unpack .../63-libperl-dev_5.30.0-9_amd64.deb ...
Unpacking libperl-dev:amd64 (5.30.0-9) ...
Selecting previously unselected package libpod-coverage-perl.
Preparing to unpack .../64-libpod-coverage-perl_0.23-1_all.deb ...
Unpacking libpod-coverage-perl (0.23-1) ...
Selecting previously unselected package libtest-pod-coverage-perl.
Preparing to unpack .../65-libtest-pod-coverage-perl_1.10-2_all.deb ...
Unpacking libtest-pod-coverage-perl (1.10-2) ...
Selecting previously unselected package libtest-pod-perl.
Preparing to unpack .../66-libtest-pod-perl_1.52-1_all.deb ...
Unpacking libtest-pod-perl (1.52-1) ...
Selecting previously unselected package libxml-parser-perl.
Preparing to unpack .../67-libxml-parser-perl_2.46-1+b1_amd64.deb ...
Unpacking libxml-parser-perl (2.46-1+b1) ...
Selecting previously unselected package libxml-twig-perl.
Preparing to unpack .../68-libxml-twig-perl_1%3a3.50-2_all.deb ...
Unpacking libxml-twig-perl (1:3.50-2) ...
Selecting previously unselected package sbuild-build-depends-main-dummy.
Preparing to unpack .../69-sbuild-build-depends-main-dummy_0.invalid.0_amd64.deb ...
Unpacking sbuild-build-depends-main-dummy (0.invalid.0) ...
Setting up libexpat1:amd64 (2.2.9-1) ...
Setting up libpipeline1:amd64 (1.5.2-2) ...
Setting up libmagic-mgc (1:5.38-4) ...
Setting up libarchive-zip-perl (1.67-1) ...
Setting up libglib2.0-0:amd64 (2.62.4-2) ...
No schema files found: doing nothing.
Setting up libssl1.1:amd64 (1.1.1d-2) ...
Setting up libhtml-tagset-perl (3.20-4) ...
Setting up libdebhelper-perl (12.9) ...
Setting up liblwp-mediatypes-perl (6.04-1) ...
Setting up libtest-pod-perl (1.52-1) ...
Setting up libtry-tiny-perl (0.30-1) ...
Setting up libmagic1:amd64 (1:5.38-4) ...
Setting up perl-openssl-defaults:amd64 (4) ...
Setting up gettext-base (0.19.8.1-10) ...
Setting up libencode-locale-perl (1.05-1) ...
Setting up libperl-dev:amd64 (5.30.0-9) ...
Setting up file (1:5.38-4) ...
Setting up libicu63:amd64 (63.2-2) ...
Setting up autotools-dev (20180224.1) ...
Setting up libdbus-1-3:amd64 (1.12.16-2) ...
Setting up libsigsegv2:amd64 (2.12-2) ...
Setting up bsdmainutils (11.1.2+b1) ...
update-alternatives: using /usr/bin/bsd-write to provide /usr/bin/write (write) in auto mode
update-alternatives: using /usr/bin/bsd-from to provide /usr/bin/from (from) in auto mode
Setting up libio-html-perl (1.001-1) ...
Setting up autopoint (0.19.8.1-10) ...
Setting up pkg-config (0.29-6) ...
Setting up libtimedate-perl (2.3100-1) ...
Setting up sensible-utils (0.0.12+nmu1) ...
Setting up libuchardet0:amd64 (0.0.6-3) ...
Setting up libsub-override-perl (0.09-2) ...
Setting up netbase (6.1) ...
Setting up libdevel-symdump-perl (2.18-3) ...
Setting up openssl (1.1.1d-2) ...
Setting up libelf1:amd64 (0.176-1.1) ...
Setting up libxml2:amd64 (2.9.10+dfsg-3) ...
Setting up liburi-perl (1.76-2) ...
Setting up libnet-ssleay-perl (1.88-2) ...
Setting up libfile-stripnondeterminism-perl (1.6.3-2) ...
Setting up libhttp-date-perl (6.05-1) ...
Setting up libfile-listing-perl (6.04-1) ...
Setting up libtool (2.4.6-13) ...
Setting up libpod-coverage-perl (0.23-1) ...
Setting up libnet-http-perl (6.19-1) ...
Setting up m4 (1.4.18-4) ...
Setting up ca-certificates (20190110) ...
Updating certificates in /etc/ssl/certs...
128 added, 0 removed; done.
Setting up libdbus-1-dev:amd64 (1.12.16-2) ...
Setting up libcroco3:amd64 (0.6.13-1) ...
Setting up autoconf (2.69-11.1) ...
Setting up dh-strip-nondeterminism (1.6.3-2) ...
Setting up libwww-robotrules-perl (6.02-1) ...
Setting up dwz (0.13-5) ...
Setting up groff-base (1.22.4-4) ...
Setting up libhtml-parser-perl (3.72-5) ...
Setting up libtest-pod-coverage-perl (1.10-2) ...
Setting up libio-socket-ssl-perl (2.067-1) ...
Setting up libhttp-message-perl (6.18-1) ...
Setting up automake (1:1.16.1-4) ...
update-alternatives: using /usr/bin/automake-1.16 to provide /usr/bin/automake (automake) in auto mode
Setting up libhttp-negotiate-perl (6.01-1) ...
Setting up gettext (0.19.8.1-10) ...
Setting up libhttp-cookies-perl (6.08-1) ...
Setting up libhtml-tree-perl (5.07-2) ...
Setting up man-db (2.9.0-2) ...
Not building database; man-db/auto-update is not 'true'.
Setting up intltool-debian (0.35.0+20060710.5) ...
Setting up po-debconf (1.0.21) ...
Setting up libwww-perl (6.43-1) ...
Setting up dh-autoreconf (19) ...
Setting up liblwp-protocol-https-perl (6.07-2) ...
Setting up libxml-parser-perl (2.46-1+b1) ...
Setting up libxml-twig-perl (1:3.50-2) ...
Setting up debhelper (12.9) ...
Setting up sbuild-build-depends-main-dummy (0.invalid.0) ...
Processing triggers for libc-bin (2.29-10) ...
Processing triggers for ca-certificates (20190110) ...
Updating certificates in /etc/ssl/certs...
0 added, 0 removed; done.
Running hooks in /etc/ca-certificates/update.d...
done.

+------------------------------------------------------------------------------+
| Check architectures                                                          |
+------------------------------------------------------------------------------+

Arch check ok (amd64 included in any)

+------------------------------------------------------------------------------+
| Build environment                                                            |
+------------------------------------------------------------------------------+

Kernel: Linux 4.19.0-6-cloud-amd64 #1 SMP Debian 4.19.67-2+deb10u2 (2019-11-11) amd64 (x86_64)
Toolchain package versions: binutils_2.34-3 dpkg-dev_1.19.7 g++-9_9.2.1-29 gcc-9_9.2.1-29 libc6-dev_2.29-10 libstdc++-9-dev_9.2.1-29 libstdc++6_10-20200222-1 linux-libc-dev_5.4.19-1
Package versions: adduser_3.118 apt_1.8.4 autoconf_2.69-11.1 automake_1:1.16.1-4 autopoint_0.19.8.1-10 autotools-dev_20180224.1 base-files_11 base-passwd_3.5.47 bash_5.0-5 binutils_2.34-3 binutils-common_2.34-3 binutils-x86-64-linux-gnu_2.34-3 bsdmainutils_11.1.2+b1 bsdutils_1:2.34-0.1 build-essential_12.8 bzip2_1.0.8-2 ca-certificates_20190110 clang-10_1:10.0.0~+rc2-1 coreutils_8.30-3+b1 cpp_4:9.2.1-3.1 cpp-9_9.2.1-29 dash_0.5.10.2-6 debconf_1.5.73 debhelper_12.9 debian-archive-keyring_2019.1 debianutils_4.9.1 dh-autoreconf_19 dh-strip-nondeterminism_1.6.3-2 diffutils_1:3.7-3 dpkg_1.19.7 dpkg-dev_1.19.7 dwz_0.13-5 e2fsprogs_1.45.5-2 fakeroot_1.24-1 fdisk_2.34-0.1 file_1:5.38-4 findutils_4.7.0-1 g++_4:9.2.1-3.1 g++-9_9.2.1-29 gcc_4:9.2.1-3.1 gcc-10-base_10-20200222-1 gcc-9_9.2.1-29 gcc-9-base_9.2.1-29 gettext_0.19.8.1-10 gettext-base_0.19.8.1-10 gpgv_2.2.19-1 grep_3.4-1 groff-base_1.22.4-4 gzip_1.9-3+b1 hostname_3.23 init-system-helpers_1.57 intltool-debian_0.35.0+20060710.5 lib32gcc-s1_10-20200222-1 lib32gcc1_1:10-20200222-1 lib32stdc++6_10-20200222-1 libacl1_2.2.53-5 libapt-pkg5.0_1.8.4 libarchive-zip-perl_1.67-1 libasan5_9.2.1-29 libatomic1_10-20200222-1 libattr1_1:2.4.48-5 libaudit-common_1:2.8.5-2 libaudit1_1:2.8.5-2+b1 libbinutils_2.34-3 libblkid1_2.34-0.1 libbsd0_0.10.0-1 libbz2-1.0_1.0.8-2 libc-bin_2.29-10 libc-dev-bin_2.29-10 libc6_2.29-10 libc6-dev_2.29-10 libc6-i386_2.29-10 libcap-ng0_0.7.9-2.1+b1 libcc1-0_10-20200222-1 libclang-common-10-dev_1:10.0.0~+rc2-1 libclang-cpp10_1:10.0.0~+rc2-1 libclang1-10_1:10.0.0~+rc2-1 libcom-err2_1.45.5-2 libcroco3_0.6.13-1 libcrypt-dev_1:4.4.10-10 libcrypt1_1:4.4.10-10 libctf-nobfd0_2.34-3 libctf0_2.34-3 libdb5.3_5.3.28+dfsg1-0.6 libdbus-1-3_1.12.16-2 libdbus-1-dev_1.12.16-2 libdebconfclient0_0.251 libdebhelper-perl_12.9 libdevel-symdump-perl_2.18-3 libdpkg-perl_1.19.7 libedit2_3.1-20191231-1 libelf1_0.176-1.1 libencode-locale-perl_1.05-1 libexpat1_2.2.9-1 libext2fs2_1.45.5-2 libfakeroot_1.24-1 libfdisk1_2.34-0.1 libffi7_3.3-3 libfile-listing-perl_6.04-1 libfile-stripnondeterminism-perl_1.6.3-2 libgc1c2_1:7.6.4-0.4 libgcc-9-dev_9.2.1-29 libgcc-s1_10-20200222-1 libgcc1_1:10-20200222-1 libgcrypt20_1.8.5-5 libgdbm-compat4_1.18.1-5 libgdbm6_1.18.1-5 libglib2.0-0_2.62.4-2 libgmp10_2:6.2.0+dfsg-4 libgnutls30_3.6.12-2 libgomp1_10-20200222-1 libgpg-error0_1.37-1 libhogweed5_3.5.1+really3.5.1-2 libhtml-parser-perl_3.72-5 libhtml-tagset-perl_3.20-4 libhtml-tree-perl_5.07-2 libhttp-cookies-perl_6.08-1 libhttp-date-perl_6.05-1 libhttp-message-perl_6.18-1 libhttp-negotiate-perl_6.01-1 libicu63_63.2-2 libidn2-0_2.2.0-2 libio-html-perl_1.001-1 libio-socket-ssl-perl_2.067-1 libisl22_0.22.1-1 libitm1_10-20200222-1 libllvm10_1:10.0.0~+rc2-1 liblsan0_10-20200222-1 liblwp-mediatypes-perl_6.04-1 liblwp-protocol-https-perl_6.07-2 liblz4-1_1.9.2-2 liblzma5_5.2.4-1+b1 libmagic-mgc_1:5.38-4 libmagic1_1:5.38-4 libmount1_2.34-0.1 libmpc3_1.1.0-1 libmpfr6_4.0.2-1 libncursesw6_6.1+20191019-1 libnet-http-perl_6.19-1 libnet-ssleay-perl_1.88-2 libnettle7_3.5.1+really3.5.1-2 libobjc-9-dev_9.2.1-29 libobjc4_10-20200222-1 libomp-10-dev_1:10.0.0~+rc2-1 libomp5-10_1:10.0.0~+rc2-1 libp11-kit0_0.23.20-1 libpam-modules_1.3.1-5 libpam-modules-bin_1.3.1-5 libpam-runtime_1.3.1-5 libpam0g_1.3.1-5 libpcre2-8-0_10.34-7 libpcre3_2:8.39-12+b1 libperl-dev_5.30.0-9 libperl5.30_5.30.0-9 libpipeline1_1.5.2-2 libpod-coverage-perl_0.23-1 libquadmath0_10-20200222-1 libseccomp2_2.4.2-2 libselinux1_3.0-1+b1 libsemanage-common_3.0-1 libsemanage1_3.0-1+b1 libsepol1_3.0-1 libsigsegv2_2.12-2 libsmartcols1_2.34-0.1 libss2_1.45.5-2 libssl1.1_1.1.1d-2 libstdc++-9-dev_9.2.1-29 libstdc++6_10-20200222-1 libsub-override-perl_0.09-2 libsystemd0_244.3-1 libtasn1-6_4.16.0-2 libtest-pod-coverage-perl_1.10-2 libtest-pod-perl_1.52-1 libtimedate-perl_2.3100-1 libtinfo6_6.1+20191019-1 libtool_2.4.6-13 libtry-tiny-perl_0.30-1 libtsan0_10-20200222-1 libubsan1_10-20200222-1 libuchardet0_0.0.6-3 libudev1_244.3-1 libunistring2_0.9.10-2 liburi-perl_1.76-2 libuuid1_2.34-0.1 libwww-perl_6.43-1 libwww-robotrules-perl_6.02-1 libxml-parser-perl_2.46-1+b1 libxml-twig-perl_1:3.50-2 libxml2_2.9.10+dfsg-3 libz3-4_4.8.7-4 libzstd1_1.4.4+dfsg-3 linux-libc-dev_5.4.19-1 login_1:4.8.1-1 logsave_1.45.5-2 lsb-base_11.1.0 m4_1.4.18-4 make_4.2.1-1.2 man-db_2.9.0-2 mawk_1.3.4.20200120-2 mount_2.34-0.1 ncurses-base_6.1+20191019-1 ncurses-bin_6.1+20191019-1 netbase_6.1 openssl_1.1.1d-2 passwd_1:4.8.1-1 patch_2.7.6-6 perl_5.30.0-9 perl-base_5.30.0-9 perl-modules-5.30_5.30.0-9 perl-openssl-defaults_4 pkg-config_0.29-6 po-debconf_1.0.21 sbuild-build-depends-main-dummy_0.invalid.0 sed_4.7-1 sensible-utils_0.0.12+nmu1 sysvinit-utils_2.96-2.1 tar_1.30+dfsg-6+b1 tzdata_2019c-3 util-linux_2.34-0.1 xz-utils_5.2.4-1+b1 zlib1g_1:1.2.11.dfsg-2

+------------------------------------------------------------------------------+
| Build                                                                        |
+------------------------------------------------------------------------------+


Unpack source
-------------

-----BEGIN PGP SIGNED MESSAGE-----
Hash: SHA512

Format: 3.0 (quilt)
Source: libnet-dbus-perl
Binary: libnet-dbus-perl
Architecture: any
Version: 1.2.0-1
Maintainer: Debian Perl Group <pkg-perl-maintainers@lists.alioth.debian.org>
Uploaders: intrigeri <intrigeri@debian.org>, Xavier Guimard <yadd@debian.org>
Homepage: https://metacpan.org/release/Net-DBus
Standards-Version: 4.4.1
Vcs-Browser: https://salsa.debian.org/perl-team/modules/packages/libnet-dbus-perl
Vcs-Git: https://salsa.debian.org/perl-team/modules/packages/libnet-dbus-perl.git
Testsuite: autopkgtest-pkg-perl
Build-Depends: debhelper-compat (= 12), libdbus-1-dev, libtest-pod-coverage-perl <!nocheck>, libtest-pod-perl <!nocheck>, libxml-twig-perl <!nocheck>, perl-xs-dev, perl:native
Package-List:
 libnet-dbus-perl deb perl optional arch=any
Checksums-Sha1:
 6446a8ffde84c940efe130672fbce63cc36be9eb 108296 libnet-dbus-perl_1.2.0.orig.tar.gz
 9113fa5ac81783571a5bdb3cf0fda5c7ad278376 3792 libnet-dbus-perl_1.2.0-1.debian.tar.xz
Checksums-Sha256:
 e7a1ac9ef4a1235b3fdbd5888f86c347182306467bd79abc9b0756a64b441cbc 108296 libnet-dbus-perl_1.2.0.orig.tar.gz
 2ee97c31b9b9ea8013fb44ccd88edf70940555d7aac696e1011201841a39071a 3792 libnet-dbus-perl_1.2.0-1.debian.tar.xz
Files:
 a260e9ae037981a3519ffd5f2e9f2906 108296 libnet-dbus-perl_1.2.0.orig.tar.gz
 b95931e0eacb4d11cec20cd82a69d513 3792 libnet-dbus-perl_1.2.0-1.debian.tar.xz
Dgit: debeaba6c850debe38b8f516995a6c5a8a5e35fc debian archive/debian/1.2.0-1 https://git.dgit.debian.org/libnet-dbus-perl

-----BEGIN PGP SIGNATURE-----

iQKTBAEBCgB9FiEE0eExbpOnYKgQTYX6uzpoAYZJqgYFAl4E1KBfFIAAAAAALgAo
aXNzdWVyLWZwckBub3RhdGlvbnMub3BlbnBncC5maWZ0aGhvcnNlbWFuLm5ldEQx
RTEzMTZFOTNBNzYwQTgxMDREODVGQUJCM0E2ODAxODY0OUFBMDYACgkQuzpoAYZJ
qgYg8w/+PxqwJcxKYb7aWGfU/a5QYqXWVLRthki63RHAyRZXqT5k2FLmP/JrxAkh
NW+ycUAacils/a8d1LdofrJ3ade3jKW/Wqdfod7KtFgwAXZ+ZpRhmGGsLcNn2a4I
+SmYBUeKDMyC+C/eW0wHbd4DF2/YvhLJwdYVk4+rI3WcaQcKuHYt0qMBK/SNB7of
fehAWPkhd76q5qXE5UvQf4IjbYwJ/S+g3abHoxODpnkkoARYkjvqHBjAeBcoLK3+
MpZne7mqbJEhCQxZEB4mte/EwhsXS+AmkRJIJPYgvYoZR1pO0pB32oAxNvT2Yp2z
Q09cKzaQIKlerE28a8U7v+Kv5El0HoyLdD5BRvZqz8ZOEnbGvmkp0IujOUROH8ko
5OrUr1LXoK5aDe79d736jZdL8GdHJa2CGZdPHRdDY/6Gg3sQs8nvdPlx09n2vtqJ
vZr5o7BIKQAmC75pyuspjryuvi+kmu95zwcT/MYVwOIZ+O5GXk7uCy7Qq0V5g0Xq
Eh913HiCirMmEA1GQohNR7tnZaDz2ngi0kbrnElFy6MaesTQoYVyeOOgSw6I1awr
vUKOa49xn40Vbp12TIApMMur0yZGlVxvK3sKzS5eXNtEytEg3NZwmQBBRhpOLB0U
Q0tTJl6UoJu/KDaASWFu3pf5unwAqwVJr8KpsiST4e5biT3PVuw=
=nhcj
-----END PGP SIGNATURE-----

gpgv: unknown type of key resource 'trustedkeys.kbx'
gpgv: keyblock resource '/sbuild-nonexistent/.gnupg/trustedkeys.kbx': General error
gpgv: Signature made Thu Dec 26 15:41:20 2019 UTC
gpgv:                using RSA key D1E1316E93A760A8104D85FABB3A68018649AA06
gpgv: Can't check signature: No public key
dpkg-source: warning: failed to verify signature on ./libnet-dbus-perl_1.2.0-1.dsc
dpkg-source: info: extracting libnet-dbus-perl in /<<PKGBUILDDIR>>
dpkg-source: info: unpacking libnet-dbus-perl_1.2.0.orig.tar.gz
dpkg-source: info: unpacking libnet-dbus-perl_1.2.0-1.debian.tar.xz

Check disk space
----------------

Sufficient free space for build

User Environment
----------------

APT_CONFIG=/var/lib/sbuild/apt.conf
HOME=/sbuild-nonexistent
LANG=C.UTF-8
LC_ALL=C.UTF-8
LOGNAME=user42
PATH=/usr/local/sbin:/usr/local/bin:/usr/sbin:/usr/bin:/sbin:/bin:/usr/games
SCHROOT_ALIAS_NAME=unstable
SCHROOT_CHROOT_NAME=sid-amd64-sbuild
SCHROOT_COMMAND=env
SCHROOT_GID=1001
SCHROOT_GROUP=user42
SCHROOT_SESSION_ID=sid-amd64-sbuild-204b27a4-bc28-4797-a4b0-c3d9f6a94eb6
SCHROOT_UID=1001
SCHROOT_USER=user42
SHELL=/bin/sh
USER=user42

dpkg-buildpackage
-----------------

Command: dpkg-buildpackage -us -uc -b -rfakeroot
dpkg-buildpackage: info: source package libnet-dbus-perl
dpkg-buildpackage: info: source version 1.2.0-1
dpkg-buildpackage: info: source distribution unstable
dpkg-buildpackage: info: source changed by gregor herrmann <gregoa@debian.org>
 dpkg-source --before-build .
dpkg-buildpackage: info: host architecture amd64
 fakeroot debian/rules clean
dh clean
   dh_clean
 debian/rules build
dh build
   dh_update_autotools_config
   dh_autoreconf
   dh_auto_configure
	perl Makefile.PL INSTALLDIRS=vendor "OPTIMIZE=-g -O2 -fdebug-prefix-map=/<<PKGBUILDDIR>>=. -fstack-protector-strong -Wformat -Werror=format-security -Wdate-time -D_FORTIFY_SOURCE=2" "LD=x86_64-linux-gnu-gcc -g -O2 -fdebug-prefix-map=/<<PKGBUILDDIR>>=. -fstack-protector-strong -Wformat -Werror=format-security -Wl,-z,relro -Wl,-z,now"
Warning: prerequisite Test::CPAN::Changes 0 not found.
Checking if your kit is complete...
Looks good
Generating a Unix-style Makefile
Writing Makefile for Net::DBus
Writing MYMETA.yml and MYMETA.json
   dh_auto_build
	make -j4
make[1]: Entering directory '/<<PKGBUILDDIR>>'
Running Mkbootstrap for DBus ()
"/usr/bin/perl" "/usr/share/perl/5.30/ExtUtils/xsubpp"  -typemap '/usr/share/perl/5.30/ExtUtils/typemap' -typemap '/<<PKGBUILDDIR>>/typemap'  DBus.xs > DBus.xsc
chmod 644 "DBus.bs"
"/usr/bin/perl" -MExtUtils::Command::MM -e 'cp_nonempty' -- DBus.bs blib/arch/auto/Net/DBus/DBus.bs 644
cp lib/Net/DBus/Binding/Server.pm blib/lib/Net/DBus/Binding/Server.pm
cp lib/Net/DBus/Object.pm blib/lib/Net/DBus/Object.pm
cp lib/Net/DBus/Binding/Iterator.pm blib/lib/Net/DBus/Binding/Iterator.pm
cp lib/Net/DBus/Binding/Introspector.pm blib/lib/Net/DBus/Binding/Introspector.pm
cp lib/Net/DBus/Binding/Message/MethodReturn.pm blib/lib/Net/DBus/Binding/Message/MethodReturn.pm
cp lib/Net/DBus/RemoteObject.pm blib/lib/Net/DBus/RemoteObject.pm
cp lib/Net/DBus/Binding/PendingCall.pm blib/lib/Net/DBus/Binding/PendingCall.pm
cp lib/Net/DBus/ProxyObject.pm blib/lib/Net/DBus/ProxyObject.pm
cp lib/Net/DBus/RemoteService.pm blib/lib/Net/DBus/RemoteService.pm
cp lib/Net/DBus/Binding/Message/Signal.pm blib/lib/Net/DBus/Binding/Message/Signal.pm
cp lib/Net/DBus/Annotation.pm blib/lib/Net/DBus/Annotation.pm
cp lib/Net/DBus/Service.pm blib/lib/Net/DBus/Service.pm
cp lib/Net/DBus/Binding/Message.pm blib/lib/Net/DBus/Binding/Message.pm
cp lib/Net/DBus/Binding/Message/MethodCall.pm blib/lib/Net/DBus/Binding/Message/MethodCall.pm
cp lib/Net/DBus/BaseObject.pm blib/lib/Net/DBus/BaseObject.pm
cp lib/Net/DBus/ASyncReply.pm blib/lib/Net/DBus/ASyncReply.pm
cp lib/Net/DBus/Binding/Connection.pm blib/lib/Net/DBus/Binding/Connection.pm
cp lib/Net/DBus/Test/MockIterator.pm blib/lib/Net/DBus/Test/MockIterator.pm
cp lib/Net/DBus/Binding/Bus.pm blib/lib/Net/DBus/Binding/Bus.pm
cp lib/Net/DBus/Test/MockObject.pm blib/lib/Net/DBus/Test/MockObject.pm
cp lib/Net/DBus/Callback.pm blib/lib/Net/DBus/Callback.pm
cp lib/Net/DBus/Test/MockConnection.pm blib/lib/Net/DBus/Test/MockConnection.pm
cp lib/Net/DBus/Error.pm blib/lib/Net/DBus/Error.pm
cp lib/Net/DBus/Binding/Watch.pm blib/lib/Net/DBus/Binding/Watch.pm
cp lib/Net/DBus/Reactor.pm blib/lib/Net/DBus/Reactor.pm
cp lib/Net/DBus/Tutorial/ExportingObjects.pod blib/lib/Net/DBus/Tutorial/ExportingObjects.pod
cp lib/Net/DBus.pm blib/lib/Net/DBus.pm
cp lib/Net/DBus/Binding/Message/Error.pm blib/lib/Net/DBus/Binding/Message/Error.pm
cp lib/Net/DBus/Binding/Value.pm blib/lib/Net/DBus/Binding/Value.pm
cp lib/Net/DBus/Exporter.pm blib/lib/Net/DBus/Exporter.pm
cp lib/Net/DBus/Tutorial.pod blib/lib/Net/DBus/Tutorial.pod
cp lib/Net/DBus/Tutorial/UsingObjects.pod blib/lib/Net/DBus/Tutorial/UsingObjects.pod
cp lib/Net/DBus/Test/MockMessage.pm blib/lib/Net/DBus/Test/MockMessage.pm
cp lib/Net/DBus/Dumper.pm blib/lib/Net/DBus/Dumper.pm
mv DBus.xsc DBus.c
x86_64-linux-gnu-gcc -c  -Wall -I/usr/include/dbus-1.0 -I/usr/lib/x86_64-linux-gnu/dbus-1.0/include -D_REENTRANT -D_GNU_SOURCE -DDEBIAN -fwrapv -fno-strict-aliasing -pipe -I/usr/local/include -D_LARGEFILE_SOURCE -D_FILE_OFFSET_BITS=64 -g -O2 -fdebug-prefix-map=/<<PKGBUILDDIR>>=. -fstack-protector-strong -Wformat -Werror=format-security -Wdate-time -D_FORTIFY_SOURCE=2   -DVERSION=\"1.2.0\" -DXS_VERSION=\"1.2.0\" -fPIC "-I/usr/lib/x86_64-linux-gnu/perl/5.30/CORE"  -DNET_DBUS_DEBUG=1 DBus.c
rm -f blib/arch/auto/Net/DBus/DBus.so
x86_64-linux-gnu-gcc -g -O2 -fdebug-prefix-map=/<<PKGBUILDDIR>>=. -fstack-protector-strong -Wformat -Werror=format-security -Wl,-z,relro -Wl,-z,now  -shared -L/usr/local/lib -fstack-protector-strong  DBus.o  -o blib/arch/auto/Net/DBus/DBus.so  \
   -ldbus-1   \
  
chmod 755 blib/arch/auto/Net/DBus/DBus.so
"/usr/bin/perl" "-Iblib/arch" "-Iblib/lib" META.yml.PL META.yml
"/usr/bin/perl" "-Iblib/arch" "-Iblib/lib" perl-Net-DBus.spec.PL perl-Net-DBus.spec
Manifying 32 pod documents
Manifying 2 pod documents
make[1]: Leaving directory '/<<PKGBUILDDIR>>'
   dh_auto_test
	make -j4 test TEST_VERBOSE=1
make[1]: Entering directory '/<<PKGBUILDDIR>>'
"/usr/bin/perl" -MExtUtils::Command::MM -e 'cp_nonempty' -- DBus.bs blib/arch/auto/Net/DBus/DBus.bs 644
PERL_DL_NONLAZY=1 "/usr/bin/perl" "-MExtUtils::Command::MM" "-MTest::Harness" "-e" "undef *Test::Harness::Switches; test_harness(1, 'blib/lib', 'blib/arch')" t/*.t
t/00-constants.t ................ 
1..6
ok 1 - use Net::DBus::Binding::Watch;
ok 2 - use Net::DBus::Binding::Message;
ok 3 - use Net::DBus::Binding::Bus;
ok 4 - Net::DBus::Binding::Bus Constants
ok 5 - Net::DBus::Binding::Message Constants
ok 6 - Net::DBus::Binding::Watch Constants
ok
t/05-pod.t ...................... 
1..34
ok 1 - POD test for blib/lib/Net/DBus.pm
ok 2 - POD test for blib/lib/Net/DBus/BaseObject.pm
ok 3 - POD test for blib/lib/Net/DBus/Tutorial.pod
ok 4 - POD test for blib/lib/Net/DBus/Dumper.pm
ok 5 - POD test for blib/lib/Net/DBus/Annotation.pm
ok 6 - POD test for blib/lib/Net/DBus/Callback.pm
ok 7 - POD test for blib/lib/Net/DBus/Service.pm
ok 8 - POD test for blib/lib/Net/DBus/Object.pm
ok 9 - POD test for blib/lib/Net/DBus/RemoteObject.pm
ok 10 - POD test for blib/lib/Net/DBus/Reactor.pm
ok 11 - POD test for blib/lib/Net/DBus/ProxyObject.pm
ok 12 - POD test for blib/lib/Net/DBus/Error.pm
ok 13 - POD test for blib/lib/Net/DBus/Exporter.pm
ok 14 - POD test for blib/lib/Net/DBus/ASyncReply.pm
ok 15 - POD test for blib/lib/Net/DBus/RemoteService.pm
ok 16 - POD test for blib/lib/Net/DBus/Test/MockConnection.pm
ok 17 - POD test for blib/lib/Net/DBus/Test/MockObject.pm
ok 18 - POD test for blib/lib/Net/DBus/Test/MockMessage.pm
ok 19 - POD test for blib/lib/Net/DBus/Test/MockIterator.pm
ok 20 - POD test for blib/lib/Net/DBus/Tutorial/UsingObjects.pod
ok 21 - POD test for blib/lib/Net/DBus/Tutorial/ExportingObjects.pod
ok 22 - POD test for blib/lib/Net/DBus/Binding/PendingCall.pm
ok 23 - POD test for blib/lib/Net/DBus/Binding/Iterator.pm
ok 24 - POD test for blib/lib/Net/DBus/Binding/Introspector.pm
ok 25 - POD test for blib/lib/Net/DBus/Binding/Message.pm
ok 26 - POD test for blib/lib/Net/DBus/Binding/Connection.pm
ok 27 - POD test for blib/lib/Net/DBus/Binding/Watch.pm
ok 28 - POD test for blib/lib/Net/DBus/Binding/Bus.pm
ok 29 - POD test for blib/lib/Net/DBus/Binding/Server.pm
ok 30 - POD test for blib/lib/Net/DBus/Binding/Value.pm
ok 31 - POD test for blib/lib/Net/DBus/Binding/Message/MethodCall.pm
ok 32 - POD test for blib/lib/Net/DBus/Binding/Message/Error.pm
ok 33 - POD test for blib/lib/Net/DBus/Binding/Message/MethodReturn.pm
ok 34 - POD test for blib/lib/Net/DBus/Binding/Message/Signal.pm
ok
t/10-pod-coverage.t ............. 
1..31
ok 1 - Pod coverage on Net::DBus
ok 2 - Pod coverage on Net::DBus::BaseObject
ok 3 - Pod coverage on Net::DBus::Dumper
ok 4 - Pod coverage on Net::DBus::Annotation
ok 5 - Pod coverage on Net::DBus::Callback
ok 6 - Pod coverage on Net::DBus::Service
ok 7 - Pod coverage on Net::DBus::Object
ok 8 - Pod coverage on Net::DBus::RemoteObject
ok 9 - Pod coverage on Net::DBus::Reactor
ok 10 - Pod coverage on Net::DBus::ProxyObject
ok 11 - Pod coverage on Net::DBus::Error
ok 12 - Pod coverage on Net::DBus::Exporter
ok 13 - Pod coverage on Net::DBus::ASyncReply
ok 14 - Pod coverage on Net::DBus::RemoteService
ok 15 - Pod coverage on Net::DBus::Test::MockConnection
ok 16 - Pod coverage on Net::DBus::Test::MockObject
ok 17 - Pod coverage on Net::DBus::Test::MockMessage
ok 18 - Pod coverage on Net::DBus::Test::MockIterator
ok 19 - Pod coverage on Net::DBus::Binding::PendingCall
ok 20 - Pod coverage on Net::DBus::Binding::Iterator
ok 21 - Pod coverage on Net::DBus::Binding::Introspector
ok 22 - Pod coverage on Net::DBus::Binding::Message
ok 23 - Pod coverage on Net::DBus::Binding::Connection
ok 24 - Pod coverage on Net::DBus::Binding::Watch
ok 25 - Pod coverage on Net::DBus::Binding::Bus
ok 26 - Pod coverage on Net::DBus::Binding::Server
ok 27 - Pod coverage on Net::DBus::Binding::Value
ok 28 - Pod coverage on Net::DBus::Binding::Message::MethodCall
ok 29 - Pod coverage on Net::DBus::Binding::Message::Error
ok 30 - Pod coverage on Net::DBus::Binding::Message::MethodReturn
ok 31 - Pod coverage on Net::DBus::Binding::Message::Signal
ok
t/12-changes.t .................. skipped: Test::CPAN::Changes required for this test
t/15-message.t .................. 
1..35
ok 1 - use Net::DBus::Binding::Iterator;
ok 2 - use Net::DBus::Binding::Message::Signal;
ok 3 - use Net::DBus::Binding::Message::MethodCall;
ok 4 - use Net::DBus::Binding::Message::MethodReturn;
ok 5 - use Net::DBus::Binding::Message::Error;
ok 6 - boolean
ok 7 - next
ok 8 - byte
ok 9 - next
ok 10 - int16
ok 11 - next
ok 12 - uint16
ok 13 - next
ok 14 - int32
ok 15 - next
ok 16 - uint32
ok 17 - next
ok 18 - int64
ok 19 - next
ok 20 - uint64
ok 21 - next
ok 22 - int64
ok 23 - next
ok 24 - uint64
ok 25 - next
ok 26 - string
ok 27 - next
ok 28 - double
ok 29 - next
ok 30
ok 31 - next
ok 32 - array
ok 33 - next
ok 34 - dict
ok 35 - next
ok
t/20-callback.t ................. 
1..5
ok 1 - use Net::DBus::Callback;
ok 2 - object callback
ok 3 - object callback
ok 4 - subroutine callback
ok 5 - subroutine callback
ok
t/25-reactor.t .................. 
1..16
ok 1 - use Net::DBus::Reactor;
ok 2 - use Net::DBus::Callback;
ok 3 - not alarmed
ok 4 - timeout fired
ok 5 - timeout in range 1900->3000
ok 6 - read one byte a
ok 7 - not read one byte b
ok 8 - hook 1
# 
ok 9 - read 2 byte a
ok 10 - read one byte b
ok 11 - hook 2
# 
ok 12 - read 2 byte a
ok 13 - hook 3
# 
ok 14 - write 1 byte a
ok 15 - write 1 byte b
ok 16 - hook 4
# 
ok
t/26-reactor-time-adjusted.t .... 
1..5
ok 1 - use Net::DBus::Reactor;
ok 2 - use Net::DBus::Callback;
ok 3 # skip Time change fix requires root
ok 4 # skip Time change fix requires root
ok 5 # skip Time change fix requires root
ok
t/30-server.t ................... 
1..11
ok 1 - use Net::DBus::Binding::Server;
ok 2 - use Net::DBus::Binding::Connection;
ok 3 - use Net::DBus::Reactor;
ok 4 - use Net::DBus::Binding::Message::Signal;
ok 5 - server connected
ok 6 - client connected
ok 7 - incoming
ok 8 - incoming connected
ok 9 - client disconnected
ok 10 - incoming disconnected
ok 11 - server disconnected
ok
t/40-introspector.t ............. 
1..6
ok 1 - use Net::DBus::Binding::Introspector;
ok 2 - An object of class 'Net::DBus::Binding::Introspector' isa 'Net::DBus::Binding::Introspector'
ok 3 - xml data matches
ok 4 - An object of class 'Net::DBus::Binding::Introspector' isa 'Net::DBus::Binding::Introspector'
ok 5 - xml data matches
ok 6 - reconstructed xml matches
ok
t/42-object-introspect-avahi.t .. 
1..10
ok 1 - use Net::DBus::Binding::Introspector;
ok 2 - An object of class 'Net::DBus::Binding::Introspector' isa 'Net::DBus::Binding::Introspector'
ok 3 - org.freedesktop.DBus.Introspectable interface present
ok 4 - org.freedesktop.Avahi.ServiceBrowser interface present
ok 5 - Free method present
ok 6 - ItemNew signal present
ok 7 - ItemRemove signal present
ok 8 - Failure signal present
ok 9 - AllForNow signal present
ok 10 - CacheExhausted signal present
ok
t/45-exporter.t ................. 
1..94
ok 1 - raised error for leading digit in interface
ok 2 - interface registration
ok 3 - -ve interface registration
ok 4 - xml matches
ok 5 - method interface mapping
ok 6 - method parameters
ok 7 - method returneters
ok 8 - method deprecated
ok 9 - method no reply
ok 10 - method interface mapping
ok 11 - method parameters
ok 12 - method returneters
ok 13 - method deprecated
ok 14 - method no reply
ok 15 - method interface mapping
ok 16 - method parameters
ok 17 - method returneters
ok 18 - method deprecated
ok 19 - method no reply
ok 20 - method interface mapping
ok 21 - method parameters
ok 22 - method returneters
ok 23 - method deprecated
ok 24 - method no reply
ok 25 - method interface mapping
ok 26 - method parameters
ok 27 - method returneters
ok 28 - method deprecated
ok 29 - method no reply
ok 30 - method interface mapping
ok 31 - method parameters
ok 32 - method returneters
ok 33 - method deprecated
ok 34 - method no reply
ok 35 - method interface mapping
ok 36 - method parameters
ok 37 - method returneters
ok 38 - method deprecated
ok 39 - method no reply
ok 40 - method interface mapping
ok 41 - method parameters
ok 42 - method returneters
ok 43 - method deprecated
ok 44 - method no reply
ok 45 - method interface mapping
ok 46 - method parameters
ok 47 - method returneters
ok 48 - method deprecated
ok 49 - method no reply
ok 50 - method interface mapping
ok 51 - method parameters
ok 52 - method returneters
ok 53 - method deprecated
ok 54 - method no reply
ok 55 - method interface mapping
ok 56 - method parameters
ok 57 - method returneters
ok 58 - method deprecated
ok 59 - method no reply
ok 60 - method interface mapping
ok 61 - method parameters
ok 62 - method returneters
ok 63 - method deprecated
ok 64 - method no reply
ok 65 - method interface mapping
ok 66 - method parameters
ok 67 - method returneters
ok 68 - method deprecated
ok 69 - method no reply
ok 70 - method interface mapping
ok 71 - method parameters
ok 72 - method returneters
ok 73 - method deprecated
ok 74 - method no reply
ok 75 - method interface mapping
ok 76 - method parameters
ok 77 - method returneters
ok 78 - method deprecated
ok 79 - method no reply
ok 80 - method interface mapping
ok 81 - method parameters
ok 82 - method returneters
ok 83 - method deprecated
ok 84 - method no reply
ok 85 - method interface mapping
ok 86 - method parameters
ok 87 - method returneters
ok 88 - method deprecated
ok 89 - method no reply
ok 90 - method interface mapping
ok 91 - method parameters
ok 92 - method returneters
ok 93 - method deprecated
ok 94 - method no reply
ok
t/50-object-introspect.t ........ 
1..3
ok 1 - use Net::DBus::Binding::Introspector;
ok 2 - use Net::DBus::Object;
ok 3 - xml data matches
ok
t/55-method-calls.t ............. 
1..56
ok 1 - use Net::DBus::Binding::Introspector;
ok 2 - use Net::DBus::Object;
ok 3 - use Net::DBus::Test::MockObject;
ok 4 - error is thrown by 'Test' (raw, no introspect)
ok 5 - error is not thrown by 'Test' (myobject, no introspect)
ok 6 - return from 'Test' is 'TestedMyObject' (myobject, no introspect)
ok 7 - error is thrown by 'Test' (otherobject, no introspect)
ok 8 - error is thrown by 'Bogus' (raw, no introspect)
ok 9 - error is thrown by 'Bogus' (myobject, no introspect)
ok 10 - error is thrown by 'Bogus' (otherobject, no introspect)
ok 11 - error is thrown by 'PolyTest' (raw, no introspect)
ok 12 - error is not thrown by 'PolyTest' (myobject, no introspect)
ok 13 - return from 'PolyTest' is 'PolyTestedMyObject' (myobject, no introspect)
ok 14 - error is not thrown by 'PolyTest' (otherobject, no introspect)
ok 15 - return from 'PolyTest' is 'PolyTestedOtherObject' (otherobject, no introspect)
ok 16 - error is thrown by 'Deprecated' (raw, no introspect)
ok 17 - error is not thrown by 'Deprecated' (myobject, no introspect)
ok 18 - return from 'Deprecated' is 'TestedDeprecation' (myobject, no introspect)
ok 19 - error is thrown by 'Deprecated' (otherobject, no introspect)
ok 20 - error is thrown by 'Test' (raw, missing introspect)
ok 21 - error is not thrown by 'Test' (myobject, missing introspect)
ok 22 - return from 'Test' is 'TestedMyObject' (myobject, missing introspect)
ok 23 - error is thrown by 'Test' (otherobject, missing introspect)
ok 24 - error is thrown by 'Bogus' (raw, missing introspect)
ok 25 - error is thrown by 'Bogus' (myobject, missing introspect)
ok 26 - error is thrown by 'Bogus' (otherobject, missing introspect)
ok 27 - error is thrown by 'PolyTest' (raw, missing introspect)
ok 28 - error is not thrown by 'PolyTest' (myobject, missing introspect)
ok 29 - return from 'PolyTest' is 'PolyTestedMyObject' (myobject, missing introspect)
ok 30 - error is not thrown by 'PolyTest' (otherobject, missing introspect)
ok 31 - return from 'PolyTest' is 'PolyTestedOtherObject' (otherobject, missing introspect)
ok 32 - error is thrown by 'Deprecated' (raw, no introspect)
ok 33 - error is not thrown by 'Deprecated' (myobject, no introspect)
ok 34 - return from 'Deprecated' is 'TestedDeprecation' (myobject, no introspect)
ok 35 - error is thrown by 'Deprecated' (otherobject, no introspect)
ok 36 - error is not thrown by 'Test' (raw, full introspect)
ok 37 - return from 'Test' is 'TestedMyObject' (raw, full introspect)
ok 38 - error is not thrown by 'Test' (myobject, full introspect)
ok 39 - return from 'Test' is 'TestedMyObject' (myobject, full introspect)
ok 40 - error is thrown by 'Test' (otherobject, full introspect)
ok 41 - error is thrown by 'Bogus' (raw, full introspect)
ok 42 - error is thrown by 'Bogus' (myobject, full introspect)
ok 43 - error is thrown by 'Bogus' (otherobject, full introspect)
ok 44 - error is thrown by 'PolyTest' (raw, full introspect)
ok 45 - error is not thrown by 'PolyTest' (myobject, full introspect)
ok 46 - return from 'PolyTest' is 'PolyTestedMyObject' (myobject, full introspect)
ok 47 - error is not thrown by 'PolyTest' (otherobject, full introspect)
ok 48 - return from 'PolyTest' is 'PolyTestedOtherObject' (otherobject, full introspect)
ok 49 - error is not thrown by 'Deprecated' (raw, no introspect)
ok 50 - return from 'Deprecated' is 'TestedDeprecation' (raw, no introspect)
ok 51 - deprecation warning generated
ok 52 - error is not thrown by 'Deprecated' (myobject, no introspect)
ok 53 - return from 'Deprecated' is 'TestedDeprecation' (myobject, no introspect)
ok 54 - deprecation warning generated
ok 55 - error is thrown by 'Deprecated' (otherobject, no introspect)
ok 56 - deprecation warning generated
ok
t/56-scalar-param-typing.t ...... 
1..382
ok 1 - use Net::DBus::Binding::Introspector;
ok 2 - use Net::DBus::Object;
ok 3 - use Net::DBus::Test::MockObject;
ok 4 - use Net::DBus;
ok 5 - string as string
ok 6 - string as string
ok 7 - int as string
ok 8 - int as string
ok 9 - double as string
ok 10 - double as string
ok 11 - string as int16
ok 12 - string as int16
ok 13 - int as int16
ok 14 - int as int16
ok 15 - double as int16
ok 16 - double as int16
ok 17 - -ve string as int16
ok 18 - -ve string as int16
ok 19 - -ve int as int16
ok 20 - -ve int as int16
ok 21 - -ve double as int16
ok 22 - -ve double as int16
ok 23 - round down double as int16
ok 24 - round down double as int16
ok 25 - round up double as int16
ok 26 - round up double as int16
ok 27 - round up double threshold as int16
ok 28 - round up double threshold as int16
ok 29 - -ve round up double as int16
ok 30 - -ve round up double as int16
ok 31 - -ve round down double as int16
ok 32 - -ve round down double as int16
ok 33 - -ve round down double threshold as int16
ok 34 - -ve round down double threshold as int16
ok 35 - string as uint16
ok 36 - string as uint16
ok 37 - int as uint16
ok 38 - int as uint16
ok 39 - double as uint16
ok 40 - double as uint16
ok 41 - -ve string as uint16
ok 42 - -ve string as uint16
ok 43 - -ve int as uint16
ok 44 - -ve int as uint16
ok 45 - -ve double as uint16
ok 46 - -ve double as uint16
ok 47 - round down double as uint16
ok 48 - round down double as uint16
ok 49 - round up double as uint16
ok 50 - round up double as uint16
ok 51 - round up double threshold as uint16
ok 52 - round up double threshold as uint16
ok 53 - string as int32
ok 54 - string as int32
ok 55 - int as int32
ok 56 - int as int32
ok 57 - double as int32
ok 58 - double as int32
ok 59 - -ve string as int32
ok 60 - -ve string as int32
ok 61 - -ve int as int32
ok 62 - -ve int as int32
ok 63 - -ve double as int32
ok 64 - -ve double as int32
ok 65 - round down double as int32
ok 66 - round down double as int32
ok 67 - round up double as int32
ok 68 - round up double as int32
ok 69 - round up double threshold as int32
ok 70 - round up double threshold as int32
ok 71 - -ve round up double as int32
ok 72 - -ve round up double as int32
ok 73 - -ve round down double as int32
ok 74 - -ve round down double as int32
ok 75 - -ve round down double threshold as int32
ok 76 - -ve round down double threshold as int32
ok 77 - string as uint32
ok 78 - string as uint32
ok 79 - int as uint32
ok 80 - int as uint32
ok 81 - double as uint32
ok 82 - double as uint32
ok 83 - -ve string as uint32
ok 84 - -ve string as uint32
ok 85 - -ve int as uint32
ok 86 - -ve int as uint32
ok 87 - -ve double as uint32
ok 88 - -ve double as uint32
ok 89 - round down double as uint32
ok 90 - round down double as uint32
ok 91 - round up double as uint32
ok 92 - round up double as uint32
ok 93 - round up double threshold as uint32
ok 94 - round up double threshold as uint32
ok 95 - double as double
ok 96 - double as double
ok 97 - string as double
ok 98 - string as double
ok 99 - int as double
ok 100 - int as double
ok 101 - -ve double as double
ok 102 - -ve double as double
ok 103 - -ve string as double
ok 104 - -ve string as double
ok 105 - -ve int as double
ok 106 - -ve int as double
ok 107 - int as byte
ok 108 - int as byte
ok 109 - double as byte
ok 110 - double as byte
ok 111 - int as byte overflow
ok 112 - int as byte overflow
ok 113 - -ve int as byte
ok 114 - -ve int as byte
ok 115 - double as byte
ok 116 - double as byte
ok 117 - -ve int as byte overflow
ok 118 - -ve int as byte overflow
ok 119 - string as boolean, 0 and false
ok 120 - string as boolean, 0 and false
ok 121 - string as boolean, 0 but true
ok 122 - string as boolean, 0 but true
ok 123 - string as boolean, 1 and true
ok 124 - string as boolean, 1 and true
ok 125 - int as boolean, true
ok 126 - int as boolean, true
ok 127 - int as boolean, false
ok 128 - int as boolean, false
ok 129 - undefined as boolean, false
ok 130 - undefined as boolean, false
ok 131 - string as string
ok 132 - string as string
ok 133 - int as string
ok 134 - int as string
ok 135 - double as string
ok 136 - double as string
ok 137 - string as int16
ok 138 - string as int16
ok 139 - int as int16
ok 140 - int as int16
ok 141 - double as int16
ok 142 - double as int16
ok 143 - -ve string as int16
ok 144 - -ve string as int16
ok 145 - -ve int as int16
ok 146 - -ve int as int16
ok 147 - -ve double as int16
ok 148 - -ve double as int16
ok 149 - round down double as int16
ok 150 - round down double as int16
ok 151 - round up double as int16
ok 152 # skip rounding actually truncates
ok 153 - round up double threshold as int16
ok 154 # skip rounding actually truncates
ok 155 - -ve round up double as int16
ok 156 - -ve round up double as int16
ok 157 - -ve round down double as int16
ok 158 # skip rounding actually truncates
ok 159 - -ve round down double threshold as int16
ok 160 - -ve round down double threshold as int16
ok 161 - string as uint16
ok 162 - string as uint16
ok 163 - int as uint16
ok 164 - int as uint16
ok 165 - double as uint16
ok 166 - double as uint16
ok 167 - -ve string as uint16
ok 168 # skip sign truncation is wrong
ok 169 - -ve int as uint16
ok 170 # skip sign truncation is wrong
ok 171 - -ve double as uint16
ok 172 # skip sign truncation is wrong
ok 173 - round down double as uint16
ok 174 - round down double as uint16
ok 175 - round up double as uint16
ok 176 # skip rounding actually truncates
ok 177 - round up double threshold as uint16
ok 178 # skip rounding actually truncates
ok 179 - string as int32
ok 180 - string as int32
ok 181 - int as int32
ok 182 - int as int32
ok 183 - double as int32
ok 184 - double as int32
ok 185 - -ve string as int32
ok 186 - -ve string as int32
ok 187 - -ve int as int32
ok 188 - -ve int as int32
ok 189 - -ve double as int32
ok 190 - -ve double as int32
ok 191 - round down double as int32
ok 192 - round down double as int32
ok 193 - round up double as int32
ok 194 # skip rounding actually truncates
ok 195 - round up double threshold as int32
ok 196 # skip rounding actually truncates
ok 197 - -ve round up double as int32
ok 198 - -ve round up double as int32
ok 199 - -ve round down double as int32
ok 200 # skip rounding actually truncates
ok 201 - -ve round down double threshold as int32
ok 202 - -ve round down double threshold as int32
ok 203 - string as uint32
ok 204 - string as uint32
ok 205 - int as uint32
ok 206 - int as uint32
ok 207 - double as uint32
ok 208 - double as uint32
ok 209 - -ve string as uint32
ok 210 # skip sign truncation is wrong
ok 211 - -ve int as uint32
ok 212 # skip sign truncation is wrong
ok 213 - -ve double as uint32
ok 214 # skip sign truncation is wrong
ok 215 - round down double as uint32
ok 216 - round down double as uint32
ok 217 - round up double as uint32
ok 218 # skip rounding actually truncates
ok 219 - round up double threshold as uint32
ok 220 # skip rounding actually truncates
ok 221 - double as double
ok 222 - double as double
ok 223 - string as double
ok 224 - string as double
ok 225 - int as double
ok 226 - int as double
ok 227 - -ve double as double
ok 228 - -ve double as double
ok 229 - -ve string as double
ok 230 - -ve string as double
ok 231 - -ve int as double
ok 232 - -ve int as double
ok 233 - int as byte
ok 234 - int as byte
ok 235 - double as byte
ok 236 # skip rounding actually truncates
ok 237 - int as byte overflow
ok 238 # skip rounding actually truncates
ok 239 - -ve int as byte
ok 240 # skip sign truncation broken
ok 241 - double as byte
ok 242 # skip sign truncation broken
ok 243 - -ve int as byte overflow
ok 244 # skip sign truncation broken
ok 245 - string as boolean, 0 and false
ok 246 - string as boolean, 0 and false
ok 247 - string as boolean, 0 but true
ok 248 - string as boolean, 0 but true
ok 249 - string as boolean, 1 and true
ok 250 - string as boolean, 1 and true
ok 251 - int as boolean, true
ok 252 - int as boolean, true
ok 253 - int as boolean, false
ok 254 - int as boolean, false
ok 255 - undefined as boolean, false
ok 256 - undefined as boolean, false
ok 257 - string as string
ok 258 - string as string
ok 259 - int as string
ok 260 - int as string
ok 261 - double as string
ok 262 - double as string
ok 263 - string as int16
ok 264 - string as int16
ok 265 - int as int16
ok 266 - int as int16
ok 267 - double as int16
ok 268 - double as int16
ok 269 - -ve string as int16
ok 270 # skip sign truncation not checked
ok 271 - -ve int as int16
ok 272 # skip sign truncation not checked
ok 273 - -ve double as int16
ok 274 # skip sign truncation not checked
ok 275 - round down double as int16
ok 276 - round down double as int16
ok 277 - round up double as int16
ok 278 # skip double -> int rounding actually truncates
ok 279 - round up double threshold as int16
ok 280 # skip double -> int rounding actually truncates
ok 281 - -ve round up double as int16
ok 282 - -ve round up double as int16
ok 283 - -ve round down double as int16
ok 284 # skip double -> int rounding actually truncates
ok 285 - -ve round down double threshold as int16
ok 286 - -ve round down double threshold as int16
ok 287 - string as uint16
ok 288 - string as uint16
ok 289 - int as uint16
ok 290 - int as uint16
ok 291 - double as uint16
ok 292 - double as uint16
ok 293 - -ve string as uint16
ok 294 # skip sign truncation not checked
ok 295 - -ve int as uint16
ok 296 # skip sign truncation not checked
ok 297 - -ve double as uint16
ok 298 # skip sign truncation not checked
ok 299 - round down double as uint16
ok 300 - round down double as uint16
ok 301 - round up double as uint16
ok 302 # skip double -> int rounding actually truncates
ok 303 - round up double threshold as uint16
ok 304 # skip double -> int rounding actually truncates
ok 305 - string as int32
ok 306 - string as int32
ok 307 - int as int32
ok 308 - int as int32
ok 309 - double as int32
ok 310 - double as int32
ok 311 - -ve string as int32
ok 312 # skip sign truncation not checked
ok 313 - -ve int as int32
ok 314 # skip sign truncation not checked
ok 315 - -ve double as int32
ok 316 # skip sign truncation not checked
ok 317 - round down double as int32
ok 318 - round down double as int32
ok 319 - round up double as int32
ok 320 # skip double -> int rounding actually truncates
ok 321 - round up double threshold as int32
ok 322 # skip double -> int rounding actually truncates
ok 323 - -ve round up double as int32
ok 324 - -ve round up double as int32
ok 325 - -ve round down double as int32
ok 326 # skip double -> int rounding actually truncates
ok 327 - -ve round down double threshold as int32
ok 328 - -ve round down double threshold as int32
ok 329 - string as uint32
ok 330 - string as uint32
ok 331 - int as uint32
ok 332 - int as uint32
ok 333 - double as uint32
ok 334 - double as uint32
ok 335 - -ve string as uint32
ok 336 # skip sign truncation not checked
ok 337 - -ve int as uint32
ok 338 # skip sign truncation not checked
ok 339 - -ve double as uint32
ok 340 # skip sign truncation not checked
ok 341 - round down double as uint32
ok 342 - round down double as uint32
ok 343 - round up double as uint32
ok 344 # skip double -> int rounding actually truncates
ok 345 - round up double threshold as uint32
ok 346 # skip double -> int rounding actually truncates
ok 347 - double as double
ok 348 - double as double
ok 349 - string as double
ok 350 - string as double
ok 351 - int as double
ok 352 - int as double
ok 353 - -ve double as double
ok 354 - -ve double as double
ok 355 - -ve string as double
ok 356 - -ve string as double
ok 357 - -ve int as double
ok 358 - -ve int as double
ok 359 - int as byte
ok 360 - int as byte
ok 361 - double as byte
ok 362 # skip double rounding not sorted
ok 363 - int as byte overflow
ok 364 # skip byte overflow not checked
ok 365 - -ve int as byte
ok 366 # skip byte sign truncation not double checked
ok 367 - double as byte
ok 368 # skip byte sign truncation not double checked
ok 369 - -ve int as byte overflow
ok 370 # skip byte sign truncation not double checked
ok 371 - string as boolean, 0 and false
ok 372 - string as boolean, 0 and false
ok 373 - string as boolean, 0 but true
ok 374 - string as boolean, 0 but true
ok 375 - string as boolean, 1 and true
ok 376 - string as boolean, 1 and true
ok 377 - int as boolean, true
ok 378 - int as boolean, true
ok 379 - int as boolean, false
ok 380 - int as boolean, false
ok 381 - undefined as boolean, false
ok 382 - undefined as boolean, false
ok
t/60-object-props.t ............. 
1..18
ok 1 - use Net::DBus::Binding::Introspector;
ok 2 - use Net::DBus::Object;
ok 3 - xml data matches
ok 4
ok 5 - name is John Doe
ok 6 - error is set
ok 7
ok 8 - error is set
ok 9 - age is 21
ok 10 - error is set
ok 11
ok 12 - age is 21
ok 13 - email is john@example.com
ok 14 - signature is ssvd
ok 15
ok 16 - height is 1.414
ok 17
ok 18 - all readable properties have been received
ok
t/65-object-magic.t ............. 
1..13
ok 1 - use Net::DBus::Binding::Introspector;
ok 2 - use Net::DBus::Object;
ok 3 - xml data matches
ok 4
ok 5 - caller is :1.1
ok 6
ok 7 - serial matches
ok 8
ok 9 - caller matches
ok 10
ok 11 - caller matches
ok 12
ok 13 - caller matches
ok
t/66-child-objects.t ............ 
1..5
ok 1 - use Net::DBus::Binding::Introspector;
ok 2 - use Net::DBus::Object;
ok 3 - xml data matches
ok 4 - children match
ok 5 - xml data matches
ok
t/67-child-objects.t ............ 
1..5
ok 1 - use Net::DBus::Binding::Introspector;
ok 2 - use Net::DBus::Object;
ok 3 - xml data matches
ok 4 - children match
ok 5 - xml data matches
ok
t/70-errors.t ................... 
1..6
ok 1 - use Net::DBus;
ok 2 - use Net::DBus::Error;
ok 3 - use Net::DBus::Object;
ok 4 - An object of class 'Net::DBus::Error' isa 'Net::DBus::Error'
ok 5 - error name is set
ok 6 - error description is set
ok
t/75-notifications.t ............ 
1..10
ok 1 - use Net::DBus;
ok 2 - use Net::DBus::Object;
ok 3 - name is correct
ok 4 - replacesid is correct
ok 5 - icon is correct
ok 6 - summary is correct
ok 7 - name is correct
ok 8 - actions is correct
ok 9 - hints is correct
ok 10 - timeout is correct
ok
All tests successful.
Files=21, Tests=751,  5 wallclock secs ( 0.09 usr  0.02 sys +  2.49 cusr  0.35 csys =  2.95 CPU)
Result: PASS
make[1]: Leaving directory '/<<PKGBUILDDIR>>'
   create-stamp debian/debhelper-build-stamp
 fakeroot debian/rules binary
dh binary
   dh_testroot
   dh_prep
   dh_auto_install
	make -j4 install DESTDIR=/<<PKGBUILDDIR>>/debian/libnet-dbus-perl AM_UPDATE_INFO_DIR=no PREFIX=/usr
make[1]: Entering directory '/<<PKGBUILDDIR>>'
"/usr/bin/perl" -MExtUtils::Command::MM -e 'cp_nonempty' -- DBus.bs blib/arch/auto/Net/DBus/DBus.bs 644
Manifying 32 pod documents
Manifying 2 pod documents
Files found in blib/arch: installing files in blib/lib into architecture dependent library tree
Installing /<<PKGBUILDDIR>>/debian/libnet-dbus-perl/usr/lib/x86_64-linux-gnu/perl5/5.30/auto/Net/DBus/DBus.so
Installing /<<PKGBUILDDIR>>/debian/libnet-dbus-perl/usr/lib/x86_64-linux-gnu/perl5/5.30/Net/DBus.pm
Installing /<<PKGBUILDDIR>>/debian/libnet-dbus-perl/usr/lib/x86_64-linux-gnu/perl5/5.30/Net/DBus/BaseObject.pm
Installing /<<PKGBUILDDIR>>/debian/libnet-dbus-perl/usr/lib/x86_64-linux-gnu/perl5/5.30/Net/DBus/Tutorial.pod
Installing /<<PKGBUILDDIR>>/debian/libnet-dbus-perl/usr/lib/x86_64-linux-gnu/perl5/5.30/Net/DBus/Dumper.pm
Installing /<<PKGBUILDDIR>>/debian/libnet-dbus-perl/usr/lib/x86_64-linux-gnu/perl5/5.30/Net/DBus/Annotation.pm
Installing /<<PKGBUILDDIR>>/debian/libnet-dbus-perl/usr/lib/x86_64-linux-gnu/perl5/5.30/Net/DBus/Callback.pm
Installing /<<PKGBUILDDIR>>/debian/libnet-dbus-perl/usr/lib/x86_64-linux-gnu/perl5/5.30/Net/DBus/Service.pm
Installing /<<PKGBUILDDIR>>/debian/libnet-dbus-perl/usr/lib/x86_64-linux-gnu/perl5/5.30/Net/DBus/Object.pm
Installing /<<PKGBUILDDIR>>/debian/libnet-dbus-perl/usr/lib/x86_64-linux-gnu/perl5/5.30/Net/DBus/RemoteObject.pm
Installing /<<PKGBUILDDIR>>/debian/libnet-dbus-perl/usr/lib/x86_64-linux-gnu/perl5/5.30/Net/DBus/Reactor.pm
Installing /<<PKGBUILDDIR>>/debian/libnet-dbus-perl/usr/lib/x86_64-linux-gnu/perl5/5.30/Net/DBus/ProxyObject.pm
Installing /<<PKGBUILDDIR>>/debian/libnet-dbus-perl/usr/lib/x86_64-linux-gnu/perl5/5.30/Net/DBus/Error.pm
Installing /<<PKGBUILDDIR>>/debian/libnet-dbus-perl/usr/lib/x86_64-linux-gnu/perl5/5.30/Net/DBus/Exporter.pm
Installing /<<PKGBUILDDIR>>/debian/libnet-dbus-perl/usr/lib/x86_64-linux-gnu/perl5/5.30/Net/DBus/ASyncReply.pm
Installing /<<PKGBUILDDIR>>/debian/libnet-dbus-perl/usr/lib/x86_64-linux-gnu/perl5/5.30/Net/DBus/RemoteService.pm
Installing /<<PKGBUILDDIR>>/debian/libnet-dbus-perl/usr/lib/x86_64-linux-gnu/perl5/5.30/Net/DBus/Test/MockConnection.pm
Installing /<<PKGBUILDDIR>>/debian/libnet-dbus-perl/usr/lib/x86_64-linux-gnu/perl5/5.30/Net/DBus/Test/MockObject.pm
Installing /<<PKGBUILDDIR>>/debian/libnet-dbus-perl/usr/lib/x86_64-linux-gnu/perl5/5.30/Net/DBus/Test/MockMessage.pm
Installing /<<PKGBUILDDIR>>/debian/libnet-dbus-perl/usr/lib/x86_64-linux-gnu/perl5/5.30/Net/DBus/Test/MockIterator.pm
Installing /<<PKGBUILDDIR>>/debian/libnet-dbus-perl/usr/lib/x86_64-linux-gnu/perl5/5.30/Net/DBus/Tutorial/UsingObjects.pod
Installing /<<PKGBUILDDIR>>/debian/libnet-dbus-perl/usr/lib/x86_64-linux-gnu/perl5/5.30/Net/DBus/Tutorial/ExportingObjects.pod
Installing /<<PKGBUILDDIR>>/debian/libnet-dbus-perl/usr/lib/x86_64-linux-gnu/perl5/5.30/Net/DBus/Binding/PendingCall.pm
Installing /<<PKGBUILDDIR>>/debian/libnet-dbus-perl/usr/lib/x86_64-linux-gnu/perl5/5.30/Net/DBus/Binding/Iterator.pm
Installing /<<PKGBUILDDIR>>/debian/libnet-dbus-perl/usr/lib/x86_64-linux-gnu/perl5/5.30/Net/DBus/Binding/Introspector.pm
Installing /<<PKGBUILDDIR>>/debian/libnet-dbus-perl/usr/lib/x86_64-linux-gnu/perl5/5.30/Net/DBus/Binding/Message.pm
Installing /<<PKGBUILDDIR>>/debian/libnet-dbus-perl/usr/lib/x86_64-linux-gnu/perl5/5.30/Net/DBus/Binding/Connection.pm
Installing /<<PKGBUILDDIR>>/debian/libnet-dbus-perl/usr/lib/x86_64-linux-gnu/perl5/5.30/Net/DBus/Binding/Watch.pm
Installing /<<PKGBUILDDIR>>/debian/libnet-dbus-perl/usr/lib/x86_64-linux-gnu/perl5/5.30/Net/DBus/Binding/Bus.pm
Installing /<<PKGBUILDDIR>>/debian/libnet-dbus-perl/usr/lib/x86_64-linux-gnu/perl5/5.30/Net/DBus/Binding/Server.pm
Installing /<<PKGBUILDDIR>>/debian/libnet-dbus-perl/usr/lib/x86_64-linux-gnu/perl5/5.30/Net/DBus/Binding/Value.pm
Installing /<<PKGBUILDDIR>>/debian/libnet-dbus-perl/usr/lib/x86_64-linux-gnu/perl5/5.30/Net/DBus/Binding/Message/MethodCall.pm
Installing /<<PKGBUILDDIR>>/debian/libnet-dbus-perl/usr/lib/x86_64-linux-gnu/perl5/5.30/Net/DBus/Binding/Message/Error.pm
Installing /<<PKGBUILDDIR>>/debian/libnet-dbus-perl/usr/lib/x86_64-linux-gnu/perl5/5.30/Net/DBus/Binding/Message/MethodReturn.pm
Installing /<<PKGBUILDDIR>>/debian/libnet-dbus-perl/usr/lib/x86_64-linux-gnu/perl5/5.30/Net/DBus/Binding/Message/Signal.pm
Installing /<<PKGBUILDDIR>>/debian/libnet-dbus-perl/usr/share/man/man3/Net::DBus::Binding::Connection.3pm
Installing /<<PKGBUILDDIR>>/debian/libnet-dbus-perl/usr/share/man/man3/Net::DBus::Object.3pm
Installing /<<PKGBUILDDIR>>/debian/libnet-dbus-perl/usr/share/man/man3/Net::DBus::Binding::Message::Signal.3pm
Installing /<<PKGBUILDDIR>>/debian/libnet-dbus-perl/usr/share/man/man3/Net::DBus::Test::MockMessage.3pm
Installing /<<PKGBUILDDIR>>/debian/libnet-dbus-perl/usr/share/man/man3/Net::DBus::ProxyObject.3pm
Installing /<<PKGBUILDDIR>>/debian/libnet-dbus-perl/usr/share/man/man3/Net::DBus::Binding::Message::MethodCall.3pm
Installing /<<PKGBUILDDIR>>/debian/libnet-dbus-perl/usr/share/man/man3/Net::DBus::Annotation.3pm
Installing /<<PKGBUILDDIR>>/debian/libnet-dbus-perl/usr/share/man/man3/Net::DBus::Binding::Server.3pm
Installing /<<PKGBUILDDIR>>/debian/libnet-dbus-perl/usr/share/man/man3/Net::DBus::Binding::Message::Error.3pm
Installing /<<PKGBUILDDIR>>/debian/libnet-dbus-perl/usr/share/man/man3/Net::DBus::Binding::Message.3pm
Installing /<<PKGBUILDDIR>>/debian/libnet-dbus-perl/usr/share/man/man3/Net::DBus::Binding::Message::MethodReturn.3pm
Installing /<<PKGBUILDDIR>>/debian/libnet-dbus-perl/usr/share/man/man3/Net::DBus::Tutorial::UsingObjects.3pm
Installing /<<PKGBUILDDIR>>/debian/libnet-dbus-perl/usr/share/man/man3/Net::DBus::Tutorial::ExportingObjects.3pm
Installing /<<PKGBUILDDIR>>/debian/libnet-dbus-perl/usr/share/man/man3/Net::DBus::Tutorial.3pm
Installing /<<PKGBUILDDIR>>/debian/libnet-dbus-perl/usr/share/man/man3/Net::DBus::Error.3pm
Installing /<<PKGBUILDDIR>>/debian/libnet-dbus-perl/usr/share/man/man3/Net::DBus::Binding::Iterator.3pm
Installing /<<PKGBUILDDIR>>/debian/libnet-dbus-perl/usr/share/man/man3/Net::DBus::Test::MockIterator.3pm
Installing /<<PKGBUILDDIR>>/debian/libnet-dbus-perl/usr/share/man/man3/Net::DBus.3pm
Installing /<<PKGBUILDDIR>>/debian/libnet-dbus-perl/usr/share/man/man3/Net::DBus::ASyncReply.3pm
Installing /<<PKGBUILDDIR>>/debian/libnet-dbus-perl/usr/share/man/man3/Net::DBus::Test::MockObject.3pm
Installing /<<PKGBUILDDIR>>/debian/libnet-dbus-perl/usr/share/man/man3/Net::DBus::BaseObject.3pm
Installing /<<PKGBUILDDIR>>/debian/libnet-dbus-perl/usr/share/man/man3/Net::DBus::Binding::Bus.3pm
Installing /<<PKGBUILDDIR>>/debian/libnet-dbus-perl/usr/share/man/man3/Net::DBus::RemoteService.3pm
Installing /<<PKGBUILDDIR>>/debian/libnet-dbus-perl/usr/share/man/man3/Net::DBus::Reactor.3pm
Installing /<<PKGBUILDDIR>>/debian/libnet-dbus-perl/usr/share/man/man3/Net::DBus::Binding::Value.3pm
Installing /<<PKGBUILDDIR>>/debian/libnet-dbus-perl/usr/share/man/man3/Net::DBus::Callback.3pm
Installing /<<PKGBUILDDIR>>/debian/libnet-dbus-perl/usr/share/man/man3/Net::DBus::RemoteObject.3pm
Installing /<<PKGBUILDDIR>>/debian/libnet-dbus-perl/usr/share/man/man3/Net::DBus::Dumper.3pm
Installing /<<PKGBUILDDIR>>/debian/libnet-dbus-perl/usr/share/man/man3/Net::DBus::Exporter.3pm
Installing /<<PKGBUILDDIR>>/debian/libnet-dbus-perl/usr/share/man/man3/Net::DBus::Binding::PendingCall.3pm
Installing /<<PKGBUILDDIR>>/debian/libnet-dbus-perl/usr/share/man/man3/Net::DBus::Service.3pm
Installing /<<PKGBUILDDIR>>/debian/libnet-dbus-perl/usr/share/man/man3/Net::DBus::Binding::Watch.3pm
Installing /<<PKGBUILDDIR>>/debian/libnet-dbus-perl/usr/share/man/man3/Net::DBus::Test::MockConnection.3pm
Installing /<<PKGBUILDDIR>>/debian/libnet-dbus-perl/usr/share/man/man3/Net::DBus::Binding::Introspector.3pm
make[1]: Leaving directory '/<<PKGBUILDDIR>>'
   dh_installdocs
   dh_installchangelogs
   dh_installexamples
   dh_installman
   dh_lintian
   dh_perl
   dh_link
   dh_strip_nondeterminism
   dh_compress
   dh_fixperms
   dh_missing
   dh_dwz
   dh_strip
   dh_makeshlibs
   dh_shlibdeps
   dh_installdeb
   dh_gencontrol
   dh_md5sums
   dh_builddeb
dpkg-deb: building package 'libnet-dbus-perl' in '../libnet-dbus-perl_1.2.0-1_amd64.deb'.
dpkg-deb: building package 'libnet-dbus-perl-dbgsym' in '../libnet-dbus-perl-dbgsym_1.2.0-1_amd64.deb'.
 dpkg-genbuildinfo --build=binary
 dpkg-genchanges --build=binary >../libnet-dbus-perl_1.2.0-1_amd64.changes
dpkg-genchanges: info: binary-only upload (no source code included)
 dpkg-source --after-build .
dpkg-buildpackage: info: binary-only upload (no source included)
--------------------------------------------------------------------------------
Build finished at 2020-02-25T06:57:12Z

Finished
--------

I: Built successfully

+------------------------------------------------------------------------------+
| Changes                                                                      |
+------------------------------------------------------------------------------+


libnet-dbus-perl_1.2.0-1_amd64.changes:
---------------------------------------

Format: 1.8
Date: Thu, 26 Dec 2019 16:37:11 +0100
Source: libnet-dbus-perl
Binary: libnet-dbus-perl libnet-dbus-perl-dbgsym
Architecture: amd64
Version: 1.2.0-1
Distribution: unstable
Urgency: medium
Maintainer: Debian Perl Group <pkg-perl-maintainers@lists.alioth.debian.org>
Changed-By: gregor herrmann <gregoa@debian.org>
Description:
 libnet-dbus-perl - Perl extension for the DBus bindings
Changes:
 libnet-dbus-perl (1.2.0-1) unstable; urgency=medium
 .
   * Team upload.
   * Import upstream version 1.2.0.
   * Update Build-Depends for cross builds.
   * Declare compliance with Debian Policy 4.4.1.
   * Remove obsolete fields Name, Contact from debian/upstream/metadata.
   * Set upstream metadata fields: Repository-Browse, Bug-Database, Bug-Submit.
   * Drop both spelling patches, applied upstream.
Checksums-Sha1:
 14b98ec932672f66f09f220d7038ec0ceb97bb0a 69696 libnet-dbus-perl-dbgsym_1.2.0-1_amd64.deb
 8690db3acc3938817020f3d30712c8a8348a7123 6305 libnet-dbus-perl_1.2.0-1_amd64.buildinfo
 3f727c4d69e34f4eccefa49ea1c067915706d472 181196 libnet-dbus-perl_1.2.0-1_amd64.deb
Checksums-Sha256:
 a568fa9e216720dd779acb914c21e2ae3535bc35683d34fe225d2ff8de681810 69696 libnet-dbus-perl-dbgsym_1.2.0-1_amd64.deb
 56b0c9915cefb5900cc61478d163dd5ee701faf7349837e1562d81e7d1a27a05 6305 libnet-dbus-perl_1.2.0-1_amd64.buildinfo
 62fd3080adaf3f9b8645e723978823a5f63ddc485ce9eb4836732523844a89d9 181196 libnet-dbus-perl_1.2.0-1_amd64.deb
Files:
 77ee9ca3ee47d34c888f3ccd18aaaac4 69696 debug optional libnet-dbus-perl-dbgsym_1.2.0-1_amd64.deb
 fd958a81aacd00ba02b4e3eeb5abb8a3 6305 perl optional libnet-dbus-perl_1.2.0-1_amd64.buildinfo
 ef6bb3a9058d04c5d2fdc8297bd1562b 181196 perl optional libnet-dbus-perl_1.2.0-1_amd64.deb

+------------------------------------------------------------------------------+
| Buildinfo                                                                    |
+------------------------------------------------------------------------------+

Format: 1.0
Source: libnet-dbus-perl
Binary: libnet-dbus-perl
Architecture: amd64
Version: 1.2.0-1
Checksums-Md5:
 77ee9ca3ee47d34c888f3ccd18aaaac4 69696 libnet-dbus-perl-dbgsym_1.2.0-1_amd64.deb
 ef6bb3a9058d04c5d2fdc8297bd1562b 181196 libnet-dbus-perl_1.2.0-1_amd64.deb
Checksums-Sha1:
 14b98ec932672f66f09f220d7038ec0ceb97bb0a 69696 libnet-dbus-perl-dbgsym_1.2.0-1_amd64.deb
 3f727c4d69e34f4eccefa49ea1c067915706d472 181196 libnet-dbus-perl_1.2.0-1_amd64.deb
Checksums-Sha256:
 a568fa9e216720dd779acb914c21e2ae3535bc35683d34fe225d2ff8de681810 69696 libnet-dbus-perl-dbgsym_1.2.0-1_amd64.deb
 62fd3080adaf3f9b8645e723978823a5f63ddc485ce9eb4836732523844a89d9 181196 libnet-dbus-perl_1.2.0-1_amd64.deb
Build-Origin: Debian
Build-Architecture: amd64
Build-Date: Tue, 25 Feb 2020 06:57:12 +0000
Build-Path: /<<PKGBUILDDIR>>
Installed-Build-Depends:
 autoconf (= 2.69-11.1),
 automake (= 1:1.16.1-4),
 autopoint (= 0.19.8.1-10),
 autotools-dev (= 20180224.1),
 base-files (= 11),
 base-passwd (= 3.5.47),
 bash (= 5.0-5),
 binutils (= 2.34-3),
 binutils-common (= 2.34-3),
 binutils-x86-64-linux-gnu (= 2.34-3),
 bsdmainutils (= 11.1.2+b1),
 bsdutils (= 1:2.34-0.1),
 build-essential (= 12.8),
 bzip2 (= 1.0.8-2),
 ca-certificates (= 20190110),
 clang-10 (= 1:10.0.0~+rc2-1),
 coreutils (= 8.30-3+b1),
 cpp (= 4:9.2.1-3.1),
 cpp-9 (= 9.2.1-29),
 dash (= 0.5.10.2-6),
 debconf (= 1.5.73),
 debhelper (= 12.9),
 debianutils (= 4.9.1),
 dh-autoreconf (= 19),
 dh-strip-nondeterminism (= 1.6.3-2),
 diffutils (= 1:3.7-3),
 dpkg (= 1.19.7),
 dpkg-dev (= 1.19.7),
 dwz (= 0.13-5),
 fdisk (= 2.34-0.1),
 file (= 1:5.38-4),
 findutils (= 4.7.0-1),
 g++ (= 4:9.2.1-3.1),
 g++-9 (= 9.2.1-29),
 gcc (= 4:9.2.1-3.1),
 gcc-10-base (= 10-20200222-1),
 gcc-9 (= 9.2.1-29),
 gcc-9-base (= 9.2.1-29),
 gettext (= 0.19.8.1-10),
 gettext-base (= 0.19.8.1-10),
 grep (= 3.4-1),
 groff-base (= 1.22.4-4),
 gzip (= 1.9-3+b1),
 hostname (= 3.23),
 init-system-helpers (= 1.57),
 intltool-debian (= 0.35.0+20060710.5),
 lib32gcc-s1 (= 10-20200222-1),
 lib32gcc1 (= 1:10-20200222-1),
 lib32stdc++6 (= 10-20200222-1),
 libacl1 (= 2.2.53-5),
 libarchive-zip-perl (= 1.67-1),
 libasan5 (= 9.2.1-29),
 libatomic1 (= 10-20200222-1),
 libattr1 (= 1:2.4.48-5),
 libaudit-common (= 1:2.8.5-2),
 libaudit1 (= 1:2.8.5-2+b1),
 libbinutils (= 2.34-3),
 libblkid1 (= 2.34-0.1),
 libbsd0 (= 0.10.0-1),
 libbz2-1.0 (= 1.0.8-2),
 libc-bin (= 2.29-10),
 libc-dev-bin (= 2.29-10),
 libc6 (= 2.29-10),
 libc6-dev (= 2.29-10),
 libc6-i386 (= 2.29-10),
 libcap-ng0 (= 0.7.9-2.1+b1),
 libcc1-0 (= 10-20200222-1),
 libclang-common-10-dev (= 1:10.0.0~+rc2-1),
 libclang-cpp10 (= 1:10.0.0~+rc2-1),
 libclang1-10 (= 1:10.0.0~+rc2-1),
 libcroco3 (= 0.6.13-1),
 libcrypt-dev (= 1:4.4.10-10),
 libcrypt1 (= 1:4.4.10-10),
 libctf-nobfd0 (= 2.34-3),
 libctf0 (= 2.34-3),
 libdb5.3 (= 5.3.28+dfsg1-0.6),
 libdbus-1-3 (= 1.12.16-2),
 libdbus-1-dev (= 1.12.16-2),
 libdebconfclient0 (= 0.251),
 libdebhelper-perl (= 12.9),
 libdevel-symdump-perl (= 2.18-3),
 libdpkg-perl (= 1.19.7),
 libedit2 (= 3.1-20191231-1),
 libelf1 (= 0.176-1.1),
 libencode-locale-perl (= 1.05-1),
 libexpat1 (= 2.2.9-1),
 libfdisk1 (= 2.34-0.1),
 libffi7 (= 3.3-3),
 libfile-listing-perl (= 6.04-1),
 libfile-stripnondeterminism-perl (= 1.6.3-2),
 libgc1c2 (= 1:7.6.4-0.4),
 libgcc-9-dev (= 9.2.1-29),
 libgcc-s1 (= 10-20200222-1),
 libgcc1 (= 1:10-20200222-1),
 libgcrypt20 (= 1.8.5-5),
 libgdbm-compat4 (= 1.18.1-5),
 libgdbm6 (= 1.18.1-5),
 libglib2.0-0 (= 2.62.4-2),
 libgmp10 (= 2:6.2.0+dfsg-4),
 libgomp1 (= 10-20200222-1),
 libgpg-error0 (= 1.37-1),
 libhtml-parser-perl (= 3.72-5),
 libhtml-tagset-perl (= 3.20-4),
 libhtml-tree-perl (= 5.07-2),
 libhttp-cookies-perl (= 6.08-1),
 libhttp-date-perl (= 6.05-1),
 libhttp-message-perl (= 6.18-1),
 libhttp-negotiate-perl (= 6.01-1),
 libicu63 (= 63.2-2),
 libio-html-perl (= 1.001-1),
 libio-socket-ssl-perl (= 2.067-1),
 libisl22 (= 0.22.1-1),
 libitm1 (= 10-20200222-1),
 libllvm10 (= 1:10.0.0~+rc2-1),
 liblsan0 (= 10-20200222-1),
 liblwp-mediatypes-perl (= 6.04-1),
 liblwp-protocol-https-perl (= 6.07-2),
 liblz4-1 (= 1.9.2-2),
 liblzma5 (= 5.2.4-1+b1),
 libmagic-mgc (= 1:5.38-4),
 libmagic1 (= 1:5.38-4),
 libmount1 (= 2.34-0.1),
 libmpc3 (= 1.1.0-1),
 libmpfr6 (= 4.0.2-1),
 libncursesw6 (= 6.1+20191019-1),
 libnet-http-perl (= 6.19-1),
 libnet-ssleay-perl (= 1.88-2),
 libobjc-9-dev (= 9.2.1-29),
 libobjc4 (= 10-20200222-1),
 libpam-modules (= 1.3.1-5),
 libpam-modules-bin (= 1.3.1-5),
 libpam-runtime (= 1.3.1-5),
 libpam0g (= 1.3.1-5),
 libpcre2-8-0 (= 10.34-7),
 libpcre3 (= 2:8.39-12+b1),
 libperl-dev (= 5.30.0-9),
 libperl5.30 (= 5.30.0-9),
 libpipeline1 (= 1.5.2-2),
 libpod-coverage-perl (= 0.23-1),
 libquadmath0 (= 10-20200222-1),
 libseccomp2 (= 2.4.2-2),
 libselinux1 (= 3.0-1+b1),
 libsigsegv2 (= 2.12-2),
 libsmartcols1 (= 2.34-0.1),
 libssl1.1 (= 1.1.1d-2),
 libstdc++-9-dev (= 9.2.1-29),
 libstdc++6 (= 10-20200222-1),
 libsub-override-perl (= 0.09-2),
 libsystemd0 (= 244.3-1),
 libtest-pod-coverage-perl (= 1.10-2),
 libtest-pod-perl (= 1.52-1),
 libtimedate-perl (= 2.3100-1),
 libtinfo6 (= 6.1+20191019-1),
 libtool (= 2.4.6-13),
 libtry-tiny-perl (= 0.30-1),
 libtsan0 (= 10-20200222-1),
 libubsan1 (= 10-20200222-1),
 libuchardet0 (= 0.0.6-3),
 libudev1 (= 244.3-1),
 libunistring2 (= 0.9.10-2),
 liburi-perl (= 1.76-2),
 libuuid1 (= 2.34-0.1),
 libwww-perl (= 6.43-1),
 libwww-robotrules-perl (= 6.02-1),
 libxml-parser-perl (= 2.46-1+b1),
 libxml-twig-perl (= 1:3.50-2),
 libxml2 (= 2.9.10+dfsg-3),
 libz3-4 (= 4.8.7-4),
 linux-libc-dev (= 5.4.19-1),
 login (= 1:4.8.1-1),
 lsb-base (= 11.1.0),
 m4 (= 1.4.18-4),
 make (= 4.2.1-1.2),
 man-db (= 2.9.0-2),
 mawk (= 1.3.4.20200120-2),
 ncurses-base (= 6.1+20191019-1),
 ncurses-bin (= 6.1+20191019-1),
 netbase (= 6.1),
 openssl (= 1.1.1d-2),
 patch (= 2.7.6-6),
 perl (= 5.30.0-9),
 perl-base (= 5.30.0-9),
 perl-modules-5.30 (= 5.30.0-9),
 perl-openssl-defaults (= 4),
 pkg-config (= 0.29-6),
 po-debconf (= 1.0.21),
 sed (= 4.7-1),
 sensible-utils (= 0.0.12+nmu1),
 sysvinit-utils (= 2.96-2.1),
 tar (= 1.30+dfsg-6+b1),
 util-linux (= 2.34-0.1),
 xz-utils (= 5.2.4-1+b1),
 zlib1g (= 1:1.2.11.dfsg-2)
Environment:
 DEB_BUILD_OPTIONS="parallel=4"
 LANG="C.UTF-8"
 LC_ALL="C.UTF-8"
 SOURCE_DATE_EPOCH="1577374631"


+------------------------------------------------------------------------------+
| Package contents                                                             |
+------------------------------------------------------------------------------+


libnet-dbus-perl-dbgsym_1.2.0-1_amd64.deb
-----------------------------------------

 new Debian package, version 2.0.
 size 69696 bytes: control archive=540 bytes.
     397 bytes,    12 lines      control              
     106 bytes,     1 lines      md5sums              
 Package: libnet-dbus-perl-dbgsym
 Source: libnet-dbus-perl
 Version: 1.2.0-1
 Auto-Built-Package: debug-symbols
 Architecture: amd64
 Maintainer: Debian Perl Group <pkg-perl-maintainers@lists.alioth.debian.org>
 Installed-Size: 96
 Depends: libnet-dbus-perl (= 1.2.0-1)
 Section: debug
 Priority: optional
 Description: debug symbols for libnet-dbus-perl
 Build-Ids: e4af48e6bae93e9015358f126320926a290b0663

drwxr-xr-x root/root         0 2019-12-26 15:37 ./
drwxr-xr-x root/root         0 2019-12-26 15:37 ./usr/
drwxr-xr-x root/root         0 2019-12-26 15:37 ./usr/lib/
drwxr-xr-x root/root         0 2019-12-26 15:37 ./usr/lib/debug/
drwxr-xr-x root/root         0 2019-12-26 15:37 ./usr/lib/debug/.build-id/
drwxr-xr-x root/root         0 2019-12-26 15:37 ./usr/lib/debug/.build-id/e4/
-rw-r--r-- root/root     87624 2019-12-26 15:37 ./usr/lib/debug/.build-id/e4/af48e6bae93e9015358f126320926a290b0663.debug
drwxr-xr-x root/root         0 2019-12-26 15:37 ./usr/share/
drwxr-xr-x root/root         0 2019-12-26 15:37 ./usr/share/doc/
lrwxrwxrwx root/root         0 2019-12-26 15:37 ./usr/share/doc/libnet-dbus-perl-dbgsym -> libnet-dbus-perl


libnet-dbus-perl_1.2.0-1_amd64.deb
----------------------------------

 new Debian package, version 2.0.
 size 181196 bytes: control archive=3120 bytes.
     918 bytes,    19 lines      control              
    8083 bytes,    88 lines      md5sums              
 Package: libnet-dbus-perl
 Version: 1.2.0-1
 Architecture: amd64
 Maintainer: Debian Perl Group <pkg-perl-maintainers@lists.alioth.debian.org>
 Installed-Size: 622
 Depends: perl (>= 5.30.0-9), perlapi-5.30.0, libc6 (>= 2.4), libdbus-1-3 (>= 1.9.14), libxml-twig-perl
 Section: perl
 Priority: optional
 Homepage: https://metacpan.org/release/Net-DBus
 Description: Perl extension for the DBus bindings
  Net::DBus provides a Perl API for the DBus message system. The DBus Perl
  interface is currently operating against the 0.32 development version of
  DBus, but should work with later versions too, providing the API changes have
  not been too drastic.
  .
  Users of this package are either typically, service providers in which case
  the Net::DBus::Service and Net::DBus::Object modules are of most relevance,
  or are client consumers, in which case Net::DBus::RemoteService and
  Net::DBus::RemoteObject are of most relevance.

drwxr-xr-x root/root         0 2019-12-26 15:37 ./
drwxr-xr-x root/root         0 2019-12-26 15:37 ./usr/
drwxr-xr-x root/root         0 2019-12-26 15:37 ./usr/lib/
drwxr-xr-x root/root         0 2019-12-26 15:37 ./usr/lib/x86_64-linux-gnu/
drwxr-xr-x root/root         0 2019-12-26 15:37 ./usr/lib/x86_64-linux-gnu/perl5/
drwxr-xr-x root/root         0 2019-12-26 15:37 ./usr/lib/x86_64-linux-gnu/perl5/5.30/
drwxr-xr-x root/root         0 2019-12-26 15:37 ./usr/lib/x86_64-linux-gnu/perl5/5.30/Net/
-rw-r--r-- root/root     18988 2019-12-16 21:36 ./usr/lib/x86_64-linux-gnu/perl5/5.30/Net/DBus.pm
drwxr-xr-x root/root         0 2019-12-26 15:37 ./usr/lib/x86_64-linux-gnu/perl5/5.30/Net/DBus/
-rw-r--r-- root/root      4306 2019-02-12 20:30 ./usr/lib/x86_64-linux-gnu/perl5/5.30/Net/DBus/ASyncReply.pm
-rw-r--r-- root/root      3300 2013-08-30 16:21 ./usr/lib/x86_64-linux-gnu/perl5/5.30/Net/DBus/Annotation.pm
-rw-r--r-- root/root     21357 2019-12-16 20:48 ./usr/lib/x86_64-linux-gnu/perl5/5.30/Net/DBus/BaseObject.pm
drwxr-xr-x root/root         0 2019-12-26 15:37 ./usr/lib/x86_64-linux-gnu/perl5/5.30/Net/DBus/Binding/
-rw-r--r-- root/root      4601 2013-08-30 16:21 ./usr/lib/x86_64-linux-gnu/perl5/5.30/Net/DBus/Binding/Bus.pm
-rw-r--r-- root/root     16542 2019-02-12 20:30 ./usr/lib/x86_64-linux-gnu/perl5/5.30/Net/DBus/Binding/Connection.pm
-rw-r--r-- root/root     35679 2019-12-16 20:57 ./usr/lib/x86_64-linux-gnu/perl5/5.30/Net/DBus/Binding/Introspector.pm
-rw-r--r-- root/root     19593 2019-12-01 12:12 ./usr/lib/x86_64-linux-gnu/perl5/5.30/Net/DBus/Binding/Iterator.pm
-rw-r--r-- root/root     10696 2019-02-12 20:30 ./usr/lib/x86_64-linux-gnu/perl5/5.30/Net/DBus/Binding/Message.pm
drwxr-xr-x root/root         0 2019-12-26 15:37 ./usr/lib/x86_64-linux-gnu/perl5/5.30/Net/DBus/Binding/Message/
-rw-r--r-- root/root      2861 2019-02-12 20:30 ./usr/lib/x86_64-linux-gnu/perl5/5.30/Net/DBus/Binding/Message/Error.pm
-rw-r--r-- root/root      2397 2019-02-12 20:30 ./usr/lib/x86_64-linux-gnu/perl5/5.30/Net/DBus/Binding/Message/MethodCall.pm
-rw-r--r-- root/root      1897 2019-02-12 20:30 ./usr/lib/x86_64-linux-gnu/perl5/5.30/Net/DBus/Binding/Message/MethodReturn.pm
-rw-r--r-- root/root      2519 2019-02-12 20:30 ./usr/lib/x86_64-linux-gnu/perl5/5.30/Net/DBus/Binding/Message/Signal.pm
-rw-r--r-- root/root      3971 2013-08-30 16:21 ./usr/lib/x86_64-linux-gnu/perl5/5.30/Net/DBus/Binding/PendingCall.pm
-rw-r--r-- root/root      5428 2019-02-12 20:30 ./usr/lib/x86_64-linux-gnu/perl5/5.30/Net/DBus/Binding/Server.pm
-rw-r--r-- root/root      2191 2013-08-30 16:21 ./usr/lib/x86_64-linux-gnu/perl5/5.30/Net/DBus/Binding/Value.pm
-rw-r--r-- root/root      1397 2013-08-30 16:21 ./usr/lib/x86_64-linux-gnu/perl5/5.30/Net/DBus/Binding/Watch.pm
-rw-r--r-- root/root      3637 2019-02-12 20:33 ./usr/lib/x86_64-linux-gnu/perl5/5.30/Net/DBus/Callback.pm
-rw-r--r-- root/root      6202 2013-08-30 16:21 ./usr/lib/x86_64-linux-gnu/perl5/5.30/Net/DBus/Dumper.pm
-rw-r--r-- root/root      3753 2013-08-30 16:21 ./usr/lib/x86_64-linux-gnu/perl5/5.30/Net/DBus/Error.pm
-rw-r--r-- root/root     17651 2019-02-12 20:30 ./usr/lib/x86_64-linux-gnu/perl5/5.30/Net/DBus/Exporter.pm
-rw-r--r-- root/root      6623 2019-12-16 20:48 ./usr/lib/x86_64-linux-gnu/perl5/5.30/Net/DBus/Object.pm
-rw-r--r-- root/root      7235 2019-12-16 20:48 ./usr/lib/x86_64-linux-gnu/perl5/5.30/Net/DBus/ProxyObject.pm
-rw-r--r-- root/root     18988 2019-12-16 21:22 ./usr/lib/x86_64-linux-gnu/perl5/5.30/Net/DBus/Reactor.pm
-rw-r--r-- root/root     15333 2019-02-12 20:30 ./usr/lib/x86_64-linux-gnu/perl5/5.30/Net/DBus/RemoteObject.pm
-rw-r--r-- root/root      4932 2019-02-12 20:30 ./usr/lib/x86_64-linux-gnu/perl5/5.30/Net/DBus/RemoteService.pm
-rw-r--r-- root/root      3328 2019-12-01 12:12 ./usr/lib/x86_64-linux-gnu/perl5/5.30/Net/DBus/Service.pm
drwxr-xr-x root/root         0 2019-12-26 15:37 ./usr/lib/x86_64-linux-gnu/perl5/5.30/Net/DBus/Test/
-rw-r--r-- root/root     12161 2019-02-12 20:30 ./usr/lib/x86_64-linux-gnu/perl5/5.30/Net/DBus/Test/MockConnection.pm
-rw-r--r-- root/root     24710 2019-12-16 21:15 ./usr/lib/x86_64-linux-gnu/perl5/5.30/Net/DBus/Test/MockIterator.pm
-rw-r--r-- root/root     10272 2019-02-12 20:30 ./usr/lib/x86_64-linux-gnu/perl5/5.30/Net/DBus/Test/MockMessage.pm
-rw-r--r-- root/root      8108 2019-02-12 20:30 ./usr/lib/x86_64-linux-gnu/perl5/5.30/Net/DBus/Test/MockObject.pm
-rw-r--r-- root/root      1956 2013-08-30 16:21 ./usr/lib/x86_64-linux-gnu/perl5/5.30/Net/DBus/Tutorial.pod
drwxr-xr-x root/root         0 2019-12-26 15:37 ./usr/lib/x86_64-linux-gnu/perl5/5.30/Net/DBus/Tutorial/
-rw-r--r-- root/root     12753 2019-02-12 20:33 ./usr/lib/x86_64-linux-gnu/perl5/5.30/Net/DBus/Tutorial/ExportingObjects.pod
-rw-r--r-- root/root      1305 2013-08-30 16:21 ./usr/lib/x86_64-linux-gnu/perl5/5.30/Net/DBus/Tutorial/UsingObjects.pod
drwxr-xr-x root/root         0 2019-12-26 15:37 ./usr/lib/x86_64-linux-gnu/perl5/5.30/auto/
drwxr-xr-x root/root         0 2019-12-26 15:37 ./usr/lib/x86_64-linux-gnu/perl5/5.30/auto/Net/
drwxr-xr-x root/root         0 2019-12-26 15:37 ./usr/lib/x86_64-linux-gnu/perl5/5.30/auto/Net/DBus/
-rw-r--r-- root/root    133088 2019-12-26 15:37 ./usr/lib/x86_64-linux-gnu/perl5/5.30/auto/Net/DBus/DBus.so
drwxr-xr-x root/root         0 2019-12-26 15:37 ./usr/share/
drwxr-xr-x root/root         0 2019-12-26 15:37 ./usr/share/doc/
drwxr-xr-x root/root         0 2019-12-26 15:37 ./usr/share/doc/libnet-dbus-perl/
-rw-r--r-- root/root      2196 2019-12-26 15:37 ./usr/share/doc/libnet-dbus-perl/changelog.Debian.gz
-rw-r--r-- root/root      4109 2019-12-16 21:36 ./usr/share/doc/libnet-dbus-perl/changelog.gz
-rw-r--r-- root/root      1193 2019-12-26 15:37 ./usr/share/doc/libnet-dbus-perl/copyright
drwxr-xr-x root/root         0 2019-12-26 15:37 ./usr/share/doc/libnet-dbus-perl/examples/
-rw-r--r-- root/root       393 2013-08-30 16:21 ./usr/share/doc/libnet-dbus-perl/examples/dump-object-xml.pl
-rw-r--r-- root/root       419 2013-08-30 16:21 ./usr/share/doc/libnet-dbus-perl/examples/dump-object.pl
-rw-r--r-- root/root      1038 2013-08-30 16:21 ./usr/share/doc/libnet-dbus-perl/examples/example-client-async.pl
-rw-r--r-- root/root       666 2013-08-30 16:21 ./usr/share/doc/libnet-dbus-perl/examples/example-client-no-introspect.pl
-rw-r--r-- root/root       894 2013-08-30 16:21 ./usr/share/doc/libnet-dbus-perl/examples/example-client.pl
-rw-r--r-- root/root      1748 2013-08-30 16:21 ./usr/share/doc/libnet-dbus-perl/examples/example-proxy-service.pl
-rw-r--r-- root/root      1301 2013-08-30 16:21 ./usr/share/doc/libnet-dbus-perl/examples/example-service-async.pl
-rw-r--r-- root/root      1575 2013-08-30 16:21 ./usr/share/doc/libnet-dbus-perl/examples/example-service-magic.pl
-rw-r--r-- root/root      1014 2013-08-30 16:21 ./usr/share/doc/libnet-dbus-perl/examples/example-service-no-introspect.pl
-rw-r--r-- root/root      1535 2013-08-30 16:21 ./usr/share/doc/libnet-dbus-perl/examples/example-service.pl
-rw-r--r-- root/root       949 2013-08-30 16:21 ./usr/share/doc/libnet-dbus-perl/examples/example-signal-emitter.pl
-rw-r--r-- root/root      1184 2013-08-30 16:21 ./usr/share/doc/libnet-dbus-perl/examples/example-signal-receiver.pl
-rw-r--r-- root/root       643 2013-08-30 16:21 ./usr/share/doc/libnet-dbus-perl/examples/lshal.pl
-rw-r--r-- root/root       516 2013-08-30 16:21 ./usr/share/doc/libnet-dbus-perl/examples/notification.pl
-rw-r--r-- root/root      1322 2013-08-30 16:21 ./usr/share/doc/libnet-dbus-perl/examples/strict-exports.pl
drwxr-xr-x root/root         0 2019-12-26 15:37 ./usr/share/lintian/
drwxr-xr-x root/root         0 2019-12-26 15:37 ./usr/share/lintian/overrides/
-rw-r--r-- root/root       262 2019-12-26 15:37 ./usr/share/lintian/overrides/libnet-dbus-perl
drwxr-xr-x root/root         0 2019-12-26 15:37 ./usr/share/man/
drwxr-xr-x root/root         0 2019-12-26 15:37 ./usr/share/man/man3/
-rw-r--r-- root/root      4190 2019-12-26 15:37 ./usr/share/man/man3/Net::DBus.3pm.gz
-rw-r--r-- root/root      2099 2019-12-26 15:37 ./usr/share/man/man3/Net::DBus::ASyncReply.3pm.gz
-rw-r--r-- root/root      1979 2019-12-26 15:37 ./usr/share/man/man3/Net::DBus::Annotation.3pm.gz
-rw-r--r-- root/root      3571 2019-12-26 15:37 ./usr/share/man/man3/Net::DBus::BaseObject.3pm.gz
-rw-r--r-- root/root      2081 2019-12-26 15:37 ./usr/share/man/man3/Net::DBus::Binding::Bus.3pm.gz
-rw-r--r-- root/root      4702 2019-12-26 15:37 ./usr/share/man/man3/Net::DBus::Binding::Connection.3pm.gz
-rw-r--r-- root/root      3843 2019-12-26 15:37 ./usr/share/man/man3/Net::DBus::Binding::Introspector.3pm.gz
-rw-r--r-- root/root      3529 2019-12-26 15:37 ./usr/share/man/man3/Net::DBus::Binding::Iterator.3pm.gz
-rw-r--r-- root/root      3320 2019-12-26 15:37 ./usr/share/man/man3/Net::DBus::Binding::Message.3pm.gz
-rw-r--r-- root/root      1844 2019-12-26 15:37 ./usr/share/man/man3/Net::DBus::Binding::Message::Error.3pm.gz
-rw-r--r-- root/root      1656 2019-12-26 15:37 ./usr/share/man/man3/Net::DBus::Binding::Message::MethodCall.3pm.gz
-rw-r--r-- root/root      1516 2019-12-26 15:37 ./usr/share/man/man3/Net::DBus::Binding::Message::MethodReturn.3pm.gz
-rw-r--r-- root/root      1718 2019-12-26 15:37 ./usr/share/man/man3/Net::DBus::Binding::Message::Signal.3pm.gz
-rw-r--r-- root/root      1938 2019-12-26 15:37 ./usr/share/man/man3/Net::DBus::Binding::PendingCall.3pm.gz
-rw-r--r-- root/root      2348 2019-12-26 15:37 ./usr/share/man/man3/Net::DBus::Binding::Server.3pm.gz
-rw-r--r-- root/root      1782 2019-12-26 15:37 ./usr/share/man/man3/Net::DBus::Binding::Value.3pm.gz
-rw-r--r-- root/root      1209 2019-12-26 15:37 ./usr/share/man/man3/Net::DBus::Binding::Watch.3pm.gz
-rw-r--r-- root/root      2149 2019-12-26 15:37 ./usr/share/man/man3/Net::DBus::Callback.3pm.gz
-rw-r--r-- root/root      1896 2019-12-26 15:37 ./usr/share/man/man3/Net::DBus::Dumper.3pm.gz
-rw-r--r-- root/root      2319 2019-12-26 15:37 ./usr/share/man/man3/Net::DBus::Error.3pm.gz
-rw-r--r-- root/root      5175 2019-12-26 15:37 ./usr/share/man/man3/Net::DBus::Exporter.3pm.gz
-rw-r--r-- root/root      2342 2019-12-26 15:37 ./usr/share/man/man3/Net::DBus::Object.3pm.gz
-rw-r--r-- root/root      2514 2019-12-26 15:37 ./usr/share/man/man3/Net::DBus::ProxyObject.3pm.gz
-rw-r--r-- root/root      3667 2019-12-26 15:37 ./usr/share/man/man3/Net::DBus::Reactor.3pm.gz
-rw-r--r-- root/root      2771 2019-12-26 15:37 ./usr/share/man/man3/Net::DBus::RemoteObject.3pm.gz
-rw-r--r-- root/root      2530 2019-12-26 15:37 ./usr/share/man/man3/Net::DBus::RemoteService.3pm.gz
-rw-r--r-- root/root      1878 2019-12-26 15:37 ./usr/share/man/man3/Net::DBus::Service.3pm.gz
-rw-r--r-- root/root      3521 2019-12-26 15:37 ./usr/share/man/man3/Net::DBus::Test::MockConnection.3pm.gz
-rw-r--r-- root/root      3657 2019-12-26 15:37 ./usr/share/man/man3/Net::DBus::Test::MockIterator.3pm.gz
-rw-r--r-- root/root      3300 2019-12-26 15:37 ./usr/share/man/man3/Net::DBus::Test::MockMessage.3pm.gz
-rw-r--r-- root/root      2924 2019-12-26 15:37 ./usr/share/man/man3/Net::DBus::Test::MockObject.3pm.gz
-rw-r--r-- root/root      1583 2019-12-26 15:37 ./usr/share/man/man3/Net::DBus::Tutorial.3pm.gz
-rw-r--r-- root/root      5618 2019-12-26 15:37 ./usr/share/man/man3/Net::DBus::Tutorial::ExportingObjects.3pm.gz
-rw-r--r-- root/root      1328 2019-12-26 15:37 ./usr/share/man/man3/Net::DBus::Tutorial::UsingObjects.3pm.gz


+------------------------------------------------------------------------------+
| Post Build                                                                   |
+------------------------------------------------------------------------------+


+------------------------------------------------------------------------------+
| Cleanup                                                                      |
+------------------------------------------------------------------------------+

Purging /<<BUILDDIR>>
Not cleaning session: cloned chroot in use

+------------------------------------------------------------------------------+
| Summary                                                                      |
+------------------------------------------------------------------------------+

Build Architecture: amd64
Build Type: binary
Build-Space: 4048
Build-Time: 12
Distribution: unstable
Host Architecture: amd64
Install-Time: 77
Job: libnet-dbus-perl_1.2.0-1
Machine Architecture: amd64
Package: libnet-dbus-perl
Package-Time: 140
Source-Version: 1.2.0-1
Space: 4048
Status: successful
Version: 1.2.0-1
--------------------------------------------------------------------------------
Finished at 2020-02-25T06:57:12Z
Build needed 00:02:20, 4048k disk space
DC-Status: OK 149.384070702s
DC-Time-Estimation: 149.384070702 versus expected 45 (r/m: 2.3196460156 ; m: 45.0)
