DC-Build-Header: libperl5i-perl 2.13.2-1 / 2020-02-25 05:21:18 +0000
DC-Task: type:rebuild-binarch-only source:libperl5i-perl version:2.13.2-1 chroot:unstable esttime:68 logfile:/tmp/libperl5i-perl_2.13.2-1_unstable_clang10.log modes:clang10:binarch-only
DC-Sbuild-call: su user42 -c 'sbuild -n --arch-any --apt-update -d unstable -v --no-run-lintian --chroot-setup-commands=/tmp/clang10 libperl5i-perl_2.13.2-1'
sbuild (Debian sbuild) 0.78.1 (09 February 2019) on ip-172-31-0-200.eu-central-1.compute.internal

+==============================================================================+
| libperl5i-perl 2.13.2-1 (amd64)              Tue, 25 Feb 2020 05:21:18 +0000 |
+==============================================================================+

Package: libperl5i-perl
Version: 2.13.2-1
Source Version: 2.13.2-1
Distribution: unstable
Machine Architecture: amd64
Host Architecture: amd64
Build Architecture: amd64
Build Type: binary

I: NOTICE: Log filtering will replace 'var/run/schroot/mount/sid-amd64-sbuild-ce95feca-ec3d-49b0-acbb-19fe96e63802' with '<<CHROOT>>'

+------------------------------------------------------------------------------+
| Chroot Setup Commands                                                        |
+------------------------------------------------------------------------------+


/tmp/clang10
------------

+ echo 'Entering customization script...'
Entering customization script...
+ CLANG_VERSION=10
+ echo 'Install of clang-10'
Install of clang-10
+ apt-get update
Get:1 http://127.0.0.1:12990/debian sid InRelease [142 kB]
Get:2 http://127.0.0.1:12990/debian sid/main Sources.diff/Index [27.9 kB]
Get:3 http://127.0.0.1:12990/debian sid/main amd64 Packages.diff/Index [27.9 kB]
Get:4 http://127.0.0.1:12990/debian sid/main Sources 2020-02-24-0823.32.pdiff [11.0 kB]
Get:5 http://127.0.0.1:12990/debian sid/main Sources 2020-02-24-1420.34.pdiff [30.2 kB]
Get:6 http://127.0.0.1:12990/debian sid/main Sources 2020-02-24-2014.03.pdiff [16.9 kB]
Get:7 http://127.0.0.1:12990/debian sid/main Sources 2020-02-25-0213.11.pdiff [23.2 kB]
Get:8 http://127.0.0.1:12990/debian sid/main amd64 Packages 2020-02-24-0823.32.pdiff [15.5 kB]
Get:9 http://127.0.0.1:12990/debian sid/main amd64 Packages 2020-02-24-1420.34.pdiff [27.5 kB]
Get:10 http://127.0.0.1:12990/debian sid/main amd64 Packages 2020-02-24-2014.03.pdiff [21.6 kB]
Get:11 http://127.0.0.1:12990/debian sid/main amd64 Packages 2020-02-25-0213.11.pdiff [35.0 kB]
Get:7 http://127.0.0.1:12990/debian sid/main Sources 2020-02-25-0213.11.pdiff [23.2 kB]
Get:11 http://127.0.0.1:12990/debian sid/main amd64 Packages 2020-02-25-0213.11.pdiff [35.0 kB]
Get:12 http://127.0.0.1:12990/debian sid/main Translation-en [6193 kB]
Fetched 6572 kB in 3s (2432 kB/s)
Reading package lists...
+ apt-get install --yes --no-install-recommends --force-yes clang-10 libomp-10-dev libobjc-9-dev
Reading package lists...
Building dependency tree...
The following additional packages will be installed:
  lib32gcc-s1 lib32gcc1 lib32stdc++6 libbsd0 libc6-i386 libclang-common-10-dev
  libclang-cpp10 libclang1-10 libedit2 libgc1c2 libllvm10 libobjc4 libomp5-10
  libz3-4
Suggested packages:
  clang-10-doc libomp-10-doc
Recommended packages:
  llvm-10-dev python3
The following NEW packages will be installed:
  clang-10 lib32gcc-s1 lib32gcc1 lib32stdc++6 libbsd0 libc6-i386
  libclang-common-10-dev libclang-cpp10 libclang1-10 libedit2 libgc1c2
  libllvm10 libobjc-9-dev libobjc4 libomp-10-dev libomp5-10 libz3-4
0 upgraded, 17 newly installed, 0 to remove and 2 not upgraded.
Need to get 46.4 MB of archives.
After this operation, 238 MB of additional disk space will be used.
Get:1 http://127.0.0.1:12990/debian sid/main amd64 libbsd0 amd64 0.10.0-1 [107 kB]
Get:2 http://127.0.0.1:12990/debian sid/main amd64 libedit2 amd64 3.1-20191231-1 [95.4 kB]
Get:3 http://127.0.0.1:12990/debian sid/main amd64 libz3-4 amd64 4.8.7-4 [6790 kB]
Get:4 http://127.0.0.1:12990/debian sid/main amd64 libllvm10 amd64 1:10.0.0~+rc2-1 [15.5 MB]
Get:5 http://127.0.0.1:12990/debian sid/main amd64 libclang-cpp10 amd64 1:10.0.0~+rc2-1 [9069 kB]
Get:6 http://127.0.0.1:12990/debian sid/main amd64 libgc1c2 amd64 1:7.6.4-0.4 [224 kB]
Get:7 http://127.0.0.1:12990/debian sid/main amd64 libobjc4 amd64 10-20200222-1 [41.6 kB]
Get:8 http://127.0.0.1:12990/debian sid/main amd64 libobjc-9-dev amd64 9.2.1-29 [219 kB]
Get:9 http://127.0.0.1:12990/debian sid/main amd64 libc6-i386 amd64 2.29-10 [2918 kB]
Get:10 http://127.0.0.1:12990/debian sid/main amd64 lib32gcc-s1 amd64 10-20200222-1 [49.4 kB]
Get:11 http://127.0.0.1:12990/debian sid/main amd64 lib32gcc1 amd64 1:10-20200222-1 [1104 B]
Get:12 http://127.0.0.1:12990/debian sid/main amd64 lib32stdc++6 amd64 10-20200222-1 [510 kB]
Get:13 http://127.0.0.1:12990/debian sid/main amd64 libclang-common-10-dev amd64 1:10.0.0~+rc2-1 [2782 kB]
Get:14 http://127.0.0.1:12990/debian sid/main amd64 libclang1-10 amd64 1:10.0.0~+rc2-1 [7607 kB]
Get:15 http://127.0.0.1:12990/debian sid/main amd64 clang-10 amd64 1:10.0.0~+rc2-1 [103 kB]
Get:16 http://127.0.0.1:12990/debian sid/main amd64 libomp5-10 amd64 1:10.0.0~+rc2-1 [337 kB]
Get:17 http://127.0.0.1:12990/debian sid/main amd64 libomp-10-dev amd64 1:10.0.0~+rc2-1 [84.3 kB]
debconf: delaying package configuration, since apt-utils is not installed
Fetched 46.4 MB in 1s (58.2 MB/s)
Selecting previously unselected package libbsd0:amd64.
(Reading database ... (Reading database ... 5%(Reading database ... 10%(Reading database ... 15%(Reading database ... 20%(Reading database ... 25%(Reading database ... 30%(Reading database ... 35%(Reading database ... 40%(Reading database ... 45%(Reading database ... 50%(Reading database ... 55%(Reading database ... 60%(Reading database ... 65%(Reading database ... 70%(Reading database ... 75%(Reading database ... 80%(Reading database ... 85%(Reading database ... 90%(Reading database ... 95%(Reading database ... 100%(Reading database ... 12119 files and directories currently installed.)
Preparing to unpack .../00-libbsd0_0.10.0-1_amd64.deb ...
Unpacking libbsd0:amd64 (0.10.0-1) ...
Selecting previously unselected package libedit2:amd64.
Preparing to unpack .../01-libedit2_3.1-20191231-1_amd64.deb ...
Unpacking libedit2:amd64 (3.1-20191231-1) ...
Selecting previously unselected package libz3-4:amd64.
Preparing to unpack .../02-libz3-4_4.8.7-4_amd64.deb ...
Unpacking libz3-4:amd64 (4.8.7-4) ...
Selecting previously unselected package libllvm10:amd64.
Preparing to unpack .../03-libllvm10_1%3a10.0.0~+rc2-1_amd64.deb ...
Unpacking libllvm10:amd64 (1:10.0.0~+rc2-1) ...
Selecting previously unselected package libclang-cpp10.
Preparing to unpack .../04-libclang-cpp10_1%3a10.0.0~+rc2-1_amd64.deb ...
Unpacking libclang-cpp10 (1:10.0.0~+rc2-1) ...
Selecting previously unselected package libgc1c2:amd64.
Preparing to unpack .../05-libgc1c2_1%3a7.6.4-0.4_amd64.deb ...
Unpacking libgc1c2:amd64 (1:7.6.4-0.4) ...
Selecting previously unselected package libobjc4:amd64.
Preparing to unpack .../06-libobjc4_10-20200222-1_amd64.deb ...
Unpacking libobjc4:amd64 (10-20200222-1) ...
Selecting previously unselected package libobjc-9-dev:amd64.
Preparing to unpack .../07-libobjc-9-dev_9.2.1-29_amd64.deb ...
Unpacking libobjc-9-dev:amd64 (9.2.1-29) ...
Selecting previously unselected package libc6-i386.
Preparing to unpack .../08-libc6-i386_2.29-10_amd64.deb ...
Unpacking libc6-i386 (2.29-10) ...
Selecting previously unselected package lib32gcc-s1.
Preparing to unpack .../09-lib32gcc-s1_10-20200222-1_amd64.deb ...
Unpacking lib32gcc-s1 (10-20200222-1) ...
Selecting previously unselected package lib32gcc1.
Preparing to unpack .../10-lib32gcc1_1%3a10-20200222-1_amd64.deb ...
Unpacking lib32gcc1 (1:10-20200222-1) ...
Selecting previously unselected package lib32stdc++6.
Preparing to unpack .../11-lib32stdc++6_10-20200222-1_amd64.deb ...
Unpacking lib32stdc++6 (10-20200222-1) ...
Selecting previously unselected package libclang-common-10-dev.
Preparing to unpack .../12-libclang-common-10-dev_1%3a10.0.0~+rc2-1_amd64.deb ...
Unpacking libclang-common-10-dev (1:10.0.0~+rc2-1) ...
Selecting previously unselected package libclang1-10.
Preparing to unpack .../13-libclang1-10_1%3a10.0.0~+rc2-1_amd64.deb ...
Unpacking libclang1-10 (1:10.0.0~+rc2-1) ...
Selecting previously unselected package clang-10.
Preparing to unpack .../14-clang-10_1%3a10.0.0~+rc2-1_amd64.deb ...
Unpacking clang-10 (1:10.0.0~+rc2-1) ...
Selecting previously unselected package libomp5-10:amd64.
Preparing to unpack .../15-libomp5-10_1%3a10.0.0~+rc2-1_amd64.deb ...
Unpacking libomp5-10:amd64 (1:10.0.0~+rc2-1) ...
Selecting previously unselected package libomp-10-dev.
Preparing to unpack .../16-libomp-10-dev_1%3a10.0.0~+rc2-1_amd64.deb ...
Unpacking libomp-10-dev (1:10.0.0~+rc2-1) ...
Setting up libgc1c2:amd64 (1:7.6.4-0.4) ...
Setting up libobjc4:amd64 (10-20200222-1) ...
Setting up libz3-4:amd64 (4.8.7-4) ...
Setting up libobjc-9-dev:amd64 (9.2.1-29) ...
Setting up libomp5-10:amd64 (1:10.0.0~+rc2-1) ...
Setting up libc6-i386 (2.29-10) ...
Setting up libbsd0:amd64 (0.10.0-1) ...
Setting up libomp-10-dev (1:10.0.0~+rc2-1) ...
Setting up libedit2:amd64 (3.1-20191231-1) ...
Setting up libllvm10:amd64 (1:10.0.0~+rc2-1) ...
Setting up lib32gcc-s1 (10-20200222-1) ...
Setting up libclang1-10 (1:10.0.0~+rc2-1) ...
Setting up lib32gcc1 (1:10-20200222-1) ...
Setting up libclang-cpp10 (1:10.0.0~+rc2-1) ...
Setting up lib32stdc++6 (10-20200222-1) ...
Setting up libclang-common-10-dev (1:10.0.0~+rc2-1) ...
Setting up clang-10 (1:10.0.0~+rc2-1) ...
Processing triggers for libc-bin (2.29-10) ...
W: --force-yes is deprecated, use one of the options starting with --allow instead.
+ echo 'Replace gcc, g++ & cpp by clang'
Replace gcc, g++ & cpp by clang
+ VERSIONS='4.6 4.7 4.8 4.9 5 6 7 8 9 10'
+ cd /usr/bin
+ for VERSION in $VERSIONS
+ rm -f g++-4.6 gcc-4.6 cpp-4.6 gcc
+ ln -s clang++-10 g++-4.6
+ ln -s clang-10 gcc-4.6
+ ln -s clang-10 cpp-4.6
+ ln -s clang-10 gcc
+ echo 'gcc-4.6 hold'
+ dpkg --set-selections
dpkg: warning: package not in status nor available database at line 1: gcc-4.6
dpkg: warning: found unknown packages; this might mean the available database
is outdated, and needs to be updated through a frontend method;
please see the FAQ <https://wiki.debian.org/Teams/Dpkg/FAQ>
+ echo 'g++-4.6 hold'
+ dpkg --set-selections
dpkg: warning: package not in status nor available database at line 1: g++-4.6
dpkg: warning: found unknown packages; this might mean the available database
is outdated, and needs to be updated through a frontend method;
please see the FAQ <https://wiki.debian.org/Teams/Dpkg/FAQ>
+ for VERSION in $VERSIONS
+ rm -f g++-4.7 gcc-4.7 cpp-4.7 gcc
+ ln -s clang++-10 g++-4.7
+ ln -s clang-10 gcc-4.7
+ ln -s clang-10 cpp-4.7
+ ln -s clang-10 gcc
+ echo 'gcc-4.7 hold'
+ dpkg --set-selections
dpkg: warning: package not in status nor available database at line 1: gcc-4.7
dpkg: warning: found unknown packages; this might mean the available database
is outdated, and needs to be updated through a frontend method;
please see the FAQ <https://wiki.debian.org/Teams/Dpkg/FAQ>
+ dpkg --set-selections
+ echo 'g++-4.7 hold'
dpkg: warning: package not in status nor available database at line 1: g++-4.7
dpkg: warning: found unknown packages; this might mean the available database
is outdated, and needs to be updated through a frontend method;
please see the FAQ <https://wiki.debian.org/Teams/Dpkg/FAQ>
+ for VERSION in $VERSIONS
+ rm -f g++-4.8 gcc-4.8 cpp-4.8 gcc
+ ln -s clang++-10 g++-4.8
+ ln -s clang-10 gcc-4.8
+ ln -s clang-10 cpp-4.8
+ ln -s clang-10 gcc
+ echo 'gcc-4.8 hold'
+ dpkg --set-selections
dpkg: warning: package not in status nor available database at line 1: gcc-4.8
dpkg: warning: found unknown packages; this might mean the available database
is outdated, and needs to be updated through a frontend method;
please see the FAQ <https://wiki.debian.org/Teams/Dpkg/FAQ>
+ echo 'g++-4.8 hold'
+ dpkg --set-selections
dpkg: warning: package not in status nor available database at line 1: g++-4.8
dpkg: warning: found unknown packages; this might mean the available database
is outdated, and needs to be updated through a frontend method;
please see the FAQ <https://wiki.debian.org/Teams/Dpkg/FAQ>
+ for VERSION in $VERSIONS
+ rm -f g++-4.9 gcc-4.9 cpp-4.9 gcc
+ ln -s clang++-10 g++-4.9
+ ln -s clang-10 gcc-4.9
+ ln -s clang-10 cpp-4.9
+ ln -s clang-10 gcc
+ echo 'gcc-4.9 hold'
+ dpkg --set-selections
dpkg: warning: package not in status nor available database at line 1: gcc-4.9
dpkg: warning: found unknown packages; this might mean the available database
is outdated, and needs to be updated through a frontend method;
please see the FAQ <https://wiki.debian.org/Teams/Dpkg/FAQ>
+ echo 'g++-4.9 hold'
+ dpkg --set-selections
dpkg: warning: package not in status nor available database at line 1: g++-4.9
dpkg: warning: found unknown packages; this might mean the available database
is outdated, and needs to be updated through a frontend method;
please see the FAQ <https://wiki.debian.org/Teams/Dpkg/FAQ>
+ for VERSION in $VERSIONS
+ rm -f g++-5 gcc-5 cpp-5 gcc
+ ln -s clang++-10 g++-5
+ ln -s clang-10 gcc-5
+ ln -s clang-10 cpp-5
+ ln -s clang-10 gcc
+ echo 'gcc-5 hold'
+ dpkg --set-selections
dpkg: warning: package not in status nor available database at line 1: gcc-5
dpkg: warning: found unknown packages; this might mean the available database
is outdated, and needs to be updated through a frontend method;
please see the FAQ <https://wiki.debian.org/Teams/Dpkg/FAQ>
+ echo 'g++-5 hold'
+ dpkg --set-selections
dpkg: warning: package not in status nor available database at line 1: g++-5
dpkg: warning: found unknown packages; this might mean the available database
is outdated, and needs to be updated through a frontend method;
please see the FAQ <https://wiki.debian.org/Teams/Dpkg/FAQ>
+ for VERSION in $VERSIONS
+ rm -f g++-6 gcc-6 cpp-6 gcc
+ ln -s clang++-10 g++-6
+ ln -s clang-10 gcc-6
+ ln -s clang-10 cpp-6
+ ln -s clang-10 gcc
+ echo 'gcc-6 hold'
+ dpkg --set-selections
dpkg: warning: package not in status nor available database at line 1: gcc-6
dpkg: warning: found unknown packages; this might mean the available database
is outdated, and needs to be updated through a frontend method;
please see the FAQ <https://wiki.debian.org/Teams/Dpkg/FAQ>
+ echo 'g++-6 hold'
+ dpkg --set-selections
dpkg: warning: package not in status nor available database at line 1: g++-6
dpkg: warning: found unknown packages; this might mean the available database
is outdated, and needs to be updated through a frontend method;
please see the FAQ <https://wiki.debian.org/Teams/Dpkg/FAQ>
+ for VERSION in $VERSIONS
+ rm -f g++-7 gcc-7 cpp-7 gcc
+ ln -s clang++-10 g++-7
+ ln -s clang-10 gcc-7
+ ln -s clang-10 cpp-7
+ ln -s clang-10 gcc
+ echo 'gcc-7 hold'
+ dpkg --set-selections
dpkg: warning: package not in status nor available database at line 1: gcc-7
dpkg: warning: found unknown packages; this might mean the available database
is outdated, and needs to be updated through a frontend method;
please see the FAQ <https://wiki.debian.org/Teams/Dpkg/FAQ>
+ echo 'g++-7 hold'
+ dpkg --set-selections
dpkg: warning: package not in status nor available database at line 1: g++-7
dpkg: warning: found unknown packages; this might mean the available database
is outdated, and needs to be updated through a frontend method;
please see the FAQ <https://wiki.debian.org/Teams/Dpkg/FAQ>
+ for VERSION in $VERSIONS
+ rm -f g++-8 gcc-8 cpp-8 gcc
+ ln -s clang++-10 g++-8
+ ln -s clang-10 gcc-8
+ ln -s clang-10 cpp-8
+ ln -s clang-10 gcc
+ echo 'gcc-8 hold'
+ dpkg --set-selections
dpkg: warning: package not in status nor available database at line 1: gcc-8
dpkg: warning: found unknown packages; this might mean the available database
is outdated, and needs to be updated through a frontend method;
please see the FAQ <https://wiki.debian.org/Teams/Dpkg/FAQ>
+ echo 'g++-8 hold'
+ dpkg --set-selections
dpkg: warning: package not in status nor available database at line 1: g++-8
dpkg: warning: found unknown packages; this might mean the available database
is outdated, and needs to be updated through a frontend method;
please see the FAQ <https://wiki.debian.org/Teams/Dpkg/FAQ>
+ for VERSION in $VERSIONS
+ rm -f g++-9 gcc-9 cpp-9 gcc
+ ln -s clang++-10 g++-9
+ ln -s clang-10 gcc-9
+ ln -s clang-10 cpp-9
+ ln -s clang-10 gcc
+ echo 'gcc-9 hold'
+ dpkg --set-selections
+ echo 'g++-9 hold'
+ dpkg --set-selections
+ for VERSION in $VERSIONS
+ rm -f g++-10 gcc-10 cpp-10 gcc
+ ln -s clang++-10 g++-10
+ ln -s clang-10 gcc-10
+ ln -s clang-10 cpp-10
+ ln -s clang-10 gcc
+ echo 'gcc-10 hold'
+ dpkg --set-selections
dpkg: warning: package not in status nor available database at line 1: gcc-10
dpkg: warning: found unknown packages; this might mean the available database
is outdated, and needs to be updated through a frontend method;
please see the FAQ <https://wiki.debian.org/Teams/Dpkg/FAQ>
+ echo 'g++-10 hold'
+ dpkg --set-selections
dpkg: warning: package not in status nor available database at line 1: g++-10
dpkg: warning: found unknown packages; this might mean the available database
is outdated, and needs to be updated through a frontend method;
please see the FAQ <https://wiki.debian.org/Teams/Dpkg/FAQ>
+ cd -
/build/libperl5i-perl-63nRlx
+ echo 'Check if gcc, g++ & cpp are actually clang'
Check if gcc, g++ & cpp are actually clang
+ gcc --version
+ grep clang
+ cpp --version
+ grep clang
+ g++ --version
+ grep clang

I: Finished running '/tmp/clang10'.

Finished processing commands.
--------------------------------------------------------------------------------
I: NOTICE: Log filtering will replace 'build/libperl5i-perl-63nRlx/resolver-fkZHDU' with '<<RESOLVERDIR>>'

+------------------------------------------------------------------------------+
| Update chroot                                                                |
+------------------------------------------------------------------------------+

Hit:1 http://127.0.0.1:12990/debian sid InRelease
Reading package lists...
Reading package lists...
Building dependency tree...
Reading state information...
Calculating upgrade...
The following packages will be upgraded:
  libgmp10 zlib1g
2 upgraded, 0 newly installed, 0 to remove and 0 not upgraded.
Need to get 343 kB of archives.
After this operation, 0 B of additional disk space will be used.
Get:1 http://127.0.0.1:12990/debian sid/main amd64 libgmp10 amd64 2:6.2.0+dfsg-4 [253 kB]
Get:2 http://127.0.0.1:12990/debian sid/main amd64 zlib1g amd64 1:1.2.11.dfsg-2 [90.4 kB]
debconf: delaying package configuration, since apt-utils is not installed
Fetched 343 kB in 0s (3301 kB/s)
(Reading database ... (Reading database ... 5%(Reading database ... 10%(Reading database ... 15%(Reading database ... 20%(Reading database ... 25%(Reading database ... 30%(Reading database ... 35%(Reading database ... 40%(Reading database ... 45%(Reading database ... 50%(Reading database ... 55%(Reading database ... 60%(Reading database ... 65%(Reading database ... 70%(Reading database ... 75%(Reading database ... 80%(Reading database ... 85%(Reading database ... 90%(Reading database ... 95%(Reading database ... 100%(Reading database ... 12960 files and directories currently installed.)
Preparing to unpack .../libgmp10_2%3a6.2.0+dfsg-4_amd64.deb ...
Unpacking libgmp10:amd64 (2:6.2.0+dfsg-4) over (2:6.2.0+dfsg-3) ...
Setting up libgmp10:amd64 (2:6.2.0+dfsg-4) ...
(Reading database ... (Reading database ... 5%(Reading database ... 10%(Reading database ... 15%(Reading database ... 20%(Reading database ... 25%(Reading database ... 30%(Reading database ... 35%(Reading database ... 40%(Reading database ... 45%(Reading database ... 50%(Reading database ... 55%(Reading database ... 60%(Reading database ... 65%(Reading database ... 70%(Reading database ... 75%(Reading database ... 80%(Reading database ... 85%(Reading database ... 90%(Reading database ... 95%(Reading database ... 100%(Reading database ... 12960 files and directories currently installed.)
Preparing to unpack .../zlib1g_1%3a1.2.11.dfsg-2_amd64.deb ...
Unpacking zlib1g:amd64 (1:1.2.11.dfsg-2) over (1:1.2.11.dfsg-1.2) ...
Setting up zlib1g:amd64 (1:1.2.11.dfsg-2) ...
Processing triggers for libc-bin (2.29-10) ...

+------------------------------------------------------------------------------+
| Fetch source files                                                           |
+------------------------------------------------------------------------------+


Check APT
---------

Checking available source versions...

Download source files with APT
------------------------------

Reading package lists...
NOTICE: 'libperl5i-perl' packaging is maintained in the 'Git' version control system at:
https://anonscm.debian.org/git/pkg-perl/packages/libperl5i-perl.git
Please use:
git clone https://anonscm.debian.org/git/pkg-perl/packages/libperl5i-perl.git
to retrieve the latest (possibly unreleased) updates to the package.
Need to get 142 kB of source archives.
Get:1 http://127.0.0.1:12990/debian sid/main libperl5i-perl 2.13.2-1 (dsc) [3156 B]
Get:2 http://127.0.0.1:12990/debian sid/main libperl5i-perl 2.13.2-1 (tar) [133 kB]
Get:3 http://127.0.0.1:12990/debian sid/main libperl5i-perl 2.13.2-1 (diff) [6024 B]
Fetched 142 kB in 0s (1482 kB/s)
Download complete and in download only mode
I: NOTICE: Log filtering will replace 'build/libperl5i-perl-63nRlx/libperl5i-perl-2.13.2' with '<<PKGBUILDDIR>>'
I: NOTICE: Log filtering will replace 'build/libperl5i-perl-63nRlx' with '<<BUILDDIR>>'

+------------------------------------------------------------------------------+
| Install package build dependencies                                           |
+------------------------------------------------------------------------------+


Setup apt archive
-----------------

Merged Build-Depends: debhelper (>= 9.20120312), libautobox-core-perl, libautobox-dump-perl, libautobox-list-util-perl, libautobox-perl, libautovivification-perl, libcapture-tiny-perl, libcarp-fix-1-25-perl, libchild-perl, libclass-perl, libdatetime-format-epoch-perl, libdatetime-perl, libdatetime-timezone-tzfile-perl, libdevel-declare-perl, libfile-chdir-perl, libhash-fieldhash-perl, libhash-merge-simple-perl, libhash-storediterator-perl, libindirect-perl, libipc-system-simple-perl, libjson-maybexs-perl (>= 1.003005), liblist-moreutils-perl, libmodern-perl-perl, libmodule-build-perl, libobject-id-perl, libpath-tiny-perl, libperl6-caller-perl, libsub-name-perl, libtaint-util-perl, libtest-exception-perl, libtest-most-perl, libtest-output-perl, libtest-warn-perl (>= 0.24), libtime-y2038-perl, libtrue-perl, libtry-tiny-perl, libutf8-all-perl (>= 0.015), libwant-perl, libyaml-perl, perl (>= 5.15.3), perl (>= 5.17.2) | libautodie-perl (>= 2.12), build-essential, fakeroot
Filtered Build-Depends: debhelper (>= 9.20120312), libautobox-core-perl, libautobox-dump-perl, libautobox-list-util-perl, libautobox-perl, libautovivification-perl, libcapture-tiny-perl, libcarp-fix-1-25-perl, libchild-perl, libclass-perl, libdatetime-format-epoch-perl, libdatetime-perl, libdatetime-timezone-tzfile-perl, libdevel-declare-perl, libfile-chdir-perl, libhash-fieldhash-perl, libhash-merge-simple-perl, libhash-storediterator-perl, libindirect-perl, libipc-system-simple-perl, libjson-maybexs-perl (>= 1.003005), liblist-moreutils-perl, libmodern-perl-perl, libmodule-build-perl, libobject-id-perl, libpath-tiny-perl, libperl6-caller-perl, libsub-name-perl, libtaint-util-perl, libtest-exception-perl, libtest-most-perl, libtest-output-perl, libtest-warn-perl (>= 0.24), libtime-y2038-perl, libtrue-perl, libtry-tiny-perl, libutf8-all-perl (>= 0.015), libwant-perl, libyaml-perl, perl (>= 5.15.3), perl (>= 5.17.2), build-essential, fakeroot
dpkg-deb: building package 'sbuild-build-depends-main-dummy' in '/<<RESOLVERDIR>>/apt_archive/sbuild-build-depends-main-dummy.deb'.
Ign:1 copy:/<<RESOLVERDIR>>/apt_archive ./ InRelease
Get:2 copy:/<<RESOLVERDIR>>/apt_archive ./ Release [963 B]
Ign:3 copy:/<<RESOLVERDIR>>/apt_archive ./ Release.gpg
Get:4 copy:/<<RESOLVERDIR>>/apt_archive ./ Sources [696 B]
Get:5 copy:/<<RESOLVERDIR>>/apt_archive ./ Packages [772 B]
Fetched 2431 B in 0s (178 kB/s)
Reading package lists...
Reading package lists...

Install main build dependencies (apt-based resolver)
----------------------------------------------------

Installing build dependencies
Reading package lists...
Building dependency tree...
Reading state information...
The following additional packages will be installed:
  autoconf automake autopoint autotools-dev bsdmainutils debhelper
  dh-autoreconf dh-strip-nondeterminism dwz file gettext gettext-base
  groff-base intltool-debian libalgorithm-c3-perl libalgorithm-diff-perl
  libarchive-zip-perl libautobox-core-perl libautobox-dump-perl
  libautobox-list-util-perl libautobox-perl libautovivification-perl
  libb-hooks-endofscope-perl libb-hooks-op-annotation-perl
  libb-hooks-op-check-perl libcapture-tiny-perl libcarp-fix-1-25-perl
  libchild-perl libclass-c3-perl libclass-data-inheritable-perl
  libclass-inspector-perl libclass-method-modifiers-perl libclass-perl
  libclass-singleton-perl libcpanel-json-xs-perl libcroco3
  libdata-optlist-perl libdate-iso8601-perl libdatetime-format-epoch-perl
  libdatetime-locale-perl libdatetime-perl libdatetime-timezone-perl
  libdatetime-timezone-systemv-perl libdatetime-timezone-tzfile-perl
  libdebhelper-perl libdevel-callchecker-perl libdevel-declare-perl
  libdevel-stacktrace-perl libdynaloader-functions-perl libelf1
  libeval-closure-perl libexception-class-perl libexporter-tiny-perl
  libextutils-depends-perl libfile-chdir-perl libfile-sharedir-perl
  libfile-stripnondeterminism-perl libglib2.0-0 libhash-fieldhash-perl
  libhash-merge-simple-perl libhash-storediterator-perl libicu63
  libimport-into-perl libindirect-perl libipc-system-simple-perl
  libjson-maybexs-perl liblist-moreutils-perl libmagic-mgc libmagic1
  libmodern-perl-perl libmodule-build-perl libmodule-implementation-perl
  libmodule-runtime-perl libmro-compat-perl libnamespace-autoclean-perl
  libnamespace-clean-perl libobject-id-perl libpackage-stash-perl
  libparams-classify-perl libparams-util-perl libparams-validate-perl
  libparams-validationcompiler-perl libpath-tiny-perl libperl6-caller-perl
  libperlio-utf8-strict-perl libpipeline1 librole-tiny-perl
  libscope-guard-perl libsigsegv2 libspecio-perl libsub-exporter-perl
  libsub-exporter-progressive-perl libsub-identify-perl libsub-install-perl
  libsub-name-perl libsub-override-perl libsub-quote-perl libsub-uplevel-perl
  libtaint-util-perl libtest-deep-perl libtest-differences-perl
  libtest-exception-perl libtest-most-perl libtest-output-perl
  libtest-warn-perl libtext-diff-perl libtime-y2038-perl libtool libtrue-perl
  libtry-tiny-perl libuchardet0 libutf8-all-perl libvariable-magic-perl
  libwant-perl libxml2 libxstring-perl libyaml-perl m4 man-db po-debconf
  sensible-utils
Suggested packages:
  autoconf-archive gnu-standards autoconf-doc wamerican | wordlist whois
  vacation dh-make gettext-doc libasprintf-dev libgettextpo-dev groff
  libscalar-number-perl libtest-fatal-perl libtool-doc gfortran
  | fortran95-compiler gcj-jdk libyaml-shell-perl m4-doc apparmor less
  www-browser libmail-box-perl
Recommended packages:
  curl | wget | lynx libalgorithm-diff-xs-perl libclass-c3-xs-perl
  libdevel-lexalias-perl libarchive-cpio-perl libglib2.0-data shared-mime-info
  xdg-user-dirs libmodule-signature-perl libpod-readme-perl
  libsoftware-license-perl libossp-uuid-perl libpackage-stash-xs-perl
  libclass-xsaccessor-perl libunicode-utf8-perl libref-util-perl libltdl-dev
  libyaml-libyaml-perl | libyaml-syck-perl libmail-sendmail-perl
The following NEW packages will be installed:
  autoconf automake autopoint autotools-dev bsdmainutils debhelper
  dh-autoreconf dh-strip-nondeterminism dwz file gettext gettext-base
  groff-base intltool-debian libalgorithm-c3-perl libalgorithm-diff-perl
  libarchive-zip-perl libautobox-core-perl libautobox-dump-perl
  libautobox-list-util-perl libautobox-perl libautovivification-perl
  libb-hooks-endofscope-perl libb-hooks-op-annotation-perl
  libb-hooks-op-check-perl libcapture-tiny-perl libcarp-fix-1-25-perl
  libchild-perl libclass-c3-perl libclass-data-inheritable-perl
  libclass-inspector-perl libclass-method-modifiers-perl libclass-perl
  libclass-singleton-perl libcpanel-json-xs-perl libcroco3
  libdata-optlist-perl libdate-iso8601-perl libdatetime-format-epoch-perl
  libdatetime-locale-perl libdatetime-perl libdatetime-timezone-perl
  libdatetime-timezone-systemv-perl libdatetime-timezone-tzfile-perl
  libdebhelper-perl libdevel-callchecker-perl libdevel-declare-perl
  libdevel-stacktrace-perl libdynaloader-functions-perl libelf1
  libeval-closure-perl libexception-class-perl libexporter-tiny-perl
  libextutils-depends-perl libfile-chdir-perl libfile-sharedir-perl
  libfile-stripnondeterminism-perl libglib2.0-0 libhash-fieldhash-perl
  libhash-merge-simple-perl libhash-storediterator-perl libicu63
  libimport-into-perl libindirect-perl libipc-system-simple-perl
  libjson-maybexs-perl liblist-moreutils-perl libmagic-mgc libmagic1
  libmodern-perl-perl libmodule-build-perl libmodule-implementation-perl
  libmodule-runtime-perl libmro-compat-perl libnamespace-autoclean-perl
  libnamespace-clean-perl libobject-id-perl libpackage-stash-perl
  libparams-classify-perl libparams-util-perl libparams-validate-perl
  libparams-validationcompiler-perl libpath-tiny-perl libperl6-caller-perl
  libperlio-utf8-strict-perl libpipeline1 librole-tiny-perl
  libscope-guard-perl libsigsegv2 libspecio-perl libsub-exporter-perl
  libsub-exporter-progressive-perl libsub-identify-perl libsub-install-perl
  libsub-name-perl libsub-override-perl libsub-quote-perl libsub-uplevel-perl
  libtaint-util-perl libtest-deep-perl libtest-differences-perl
  libtest-exception-perl libtest-most-perl libtest-output-perl
  libtest-warn-perl libtext-diff-perl libtime-y2038-perl libtool libtrue-perl
  libtry-tiny-perl libuchardet0 libutf8-all-perl libvariable-magic-perl
  libwant-perl libxml2 libxstring-perl libyaml-perl m4 man-db po-debconf
  sbuild-build-depends-main-dummy sensible-utils
0 upgraded, 122 newly installed, 0 to remove and 0 not upgraded.
Need to get 24.3 MB of archives.
After this operation, 102 MB of additional disk space will be used.
Get:1 copy:/<<RESOLVERDIR>>/apt_archive ./ sbuild-build-depends-main-dummy 0.invalid.0 [1196 B]
Get:2 http://127.0.0.1:12990/debian sid/main amd64 bsdmainutils amd64 11.1.2+b1 [191 kB]
Get:3 http://127.0.0.1:12990/debian sid/main amd64 libuchardet0 amd64 0.0.6-3 [64.9 kB]
Get:4 http://127.0.0.1:12990/debian sid/main amd64 groff-base amd64 1.22.4-4 [919 kB]
Get:5 http://127.0.0.1:12990/debian sid/main amd64 libpipeline1 amd64 1.5.2-2 [33.9 kB]
Get:6 http://127.0.0.1:12990/debian sid/main amd64 man-db amd64 2.9.0-2 [1307 kB]
Get:7 http://127.0.0.1:12990/debian sid/main amd64 sensible-utils all 0.0.12+nmu1 [16.0 kB]
Get:8 http://127.0.0.1:12990/debian sid/main amd64 libmagic-mgc amd64 1:5.38-4 [262 kB]
Get:9 http://127.0.0.1:12990/debian sid/main amd64 libmagic1 amd64 1:5.38-4 [120 kB]
Get:10 http://127.0.0.1:12990/debian sid/main amd64 file amd64 1:5.38-4 [67.9 kB]
Get:11 http://127.0.0.1:12990/debian sid/main amd64 gettext-base amd64 0.19.8.1-10 [123 kB]
Get:12 http://127.0.0.1:12990/debian sid/main amd64 libsigsegv2 amd64 2.12-2 [32.8 kB]
Get:13 http://127.0.0.1:12990/debian sid/main amd64 m4 amd64 1.4.18-4 [203 kB]
Get:14 http://127.0.0.1:12990/debian sid/main amd64 autoconf all 2.69-11.1 [341 kB]
Get:15 http://127.0.0.1:12990/debian sid/main amd64 autotools-dev all 20180224.1 [77.0 kB]
Get:16 http://127.0.0.1:12990/debian sid/main amd64 automake all 1:1.16.1-4 [771 kB]
Get:17 http://127.0.0.1:12990/debian sid/main amd64 autopoint all 0.19.8.1-10 [435 kB]
Get:18 http://127.0.0.1:12990/debian sid/main amd64 libtool all 2.4.6-13 [513 kB]
Get:19 http://127.0.0.1:12990/debian sid/main amd64 dh-autoreconf all 19 [16.9 kB]
Get:20 http://127.0.0.1:12990/debian sid/main amd64 libdebhelper-perl all 12.9 [183 kB]
Get:21 http://127.0.0.1:12990/debian sid/main amd64 libarchive-zip-perl all 1.67-1 [104 kB]
Get:22 http://127.0.0.1:12990/debian sid/main amd64 libsub-override-perl all 0.09-2 [10.2 kB]
Get:23 http://127.0.0.1:12990/debian sid/main amd64 libfile-stripnondeterminism-perl all 1.6.3-2 [23.7 kB]
Get:24 http://127.0.0.1:12990/debian sid/main amd64 dh-strip-nondeterminism all 1.6.3-2 [14.7 kB]
Get:25 http://127.0.0.1:12990/debian sid/main amd64 libelf1 amd64 0.176-1.1 [161 kB]
Get:26 http://127.0.0.1:12990/debian sid/main amd64 dwz amd64 0.13-5 [151 kB]
Get:27 http://127.0.0.1:12990/debian sid/main amd64 libglib2.0-0 amd64 2.62.4-2 [1319 kB]
Get:28 http://127.0.0.1:12990/debian sid/main amd64 libicu63 amd64 63.2-2 [8301 kB]
Get:29 http://127.0.0.1:12990/debian sid/main amd64 libxml2 amd64 2.9.10+dfsg-3 [709 kB]
Get:30 http://127.0.0.1:12990/debian sid/main amd64 libcroco3 amd64 0.6.13-1 [146 kB]
Get:31 http://127.0.0.1:12990/debian sid/main amd64 gettext amd64 0.19.8.1-10 [1303 kB]
Get:32 http://127.0.0.1:12990/debian sid/main amd64 intltool-debian all 0.35.0+20060710.5 [26.8 kB]
Get:33 http://127.0.0.1:12990/debian sid/main amd64 po-debconf all 1.0.21 [248 kB]
Get:34 http://127.0.0.1:12990/debian sid/main amd64 debhelper all 12.9 [994 kB]
Get:35 http://127.0.0.1:12990/debian sid/main amd64 libalgorithm-c3-perl all 0.10-1 [12.0 kB]
Get:36 http://127.0.0.1:12990/debian sid/main amd64 libalgorithm-diff-perl all 1.19.03-2 [47.9 kB]
Get:37 http://127.0.0.1:12990/debian sid/main amd64 libscope-guard-perl all 0.21-1 [8356 B]
Get:38 http://127.0.0.1:12990/debian sid/main amd64 libautobox-perl amd64 3.0.1-1+b2 [34.4 kB]
Get:39 http://127.0.0.1:12990/debian sid/main amd64 libwant-perl amd64 0.29-1+b5 [28.8 kB]
Get:40 http://127.0.0.1:12990/debian sid/main amd64 libautobox-core-perl all 1.33-1 [35.9 kB]
Get:41 http://127.0.0.1:12990/debian sid/main amd64 libautobox-dump-perl all 20090426.1746-3 [7518 B]
Get:42 http://127.0.0.1:12990/debian sid/main amd64 libautobox-list-util-perl all 20090629-3 [7352 B]
Get:43 http://127.0.0.1:12990/debian sid/main amd64 libautovivification-perl amd64 0.18-1+b2 [25.4 kB]
Get:44 http://127.0.0.1:12990/debian sid/main amd64 libb-hooks-op-check-perl amd64 0.22-1+b2 [11.3 kB]
Get:45 http://127.0.0.1:12990/debian sid/main amd64 libdynaloader-functions-perl all 0.003-1 [12.6 kB]
Get:46 http://127.0.0.1:12990/debian sid/main amd64 libdevel-callchecker-perl amd64 0.008-1+b1 [15.9 kB]
Get:47 http://127.0.0.1:12990/debian sid/main amd64 libparams-classify-perl amd64 0.015-1+b2 [25.6 kB]
Get:48 http://127.0.0.1:12990/debian sid/main amd64 libmodule-runtime-perl all 0.016-1 [19.4 kB]
Get:49 http://127.0.0.1:12990/debian sid/main amd64 libtry-tiny-perl all 0.30-1 [23.3 kB]
Get:50 http://127.0.0.1:12990/debian sid/main amd64 libmodule-implementation-perl all 0.09-1 [12.9 kB]
Get:51 http://127.0.0.1:12990/debian sid/main amd64 libsub-exporter-progressive-perl all 0.001013-1 [7588 B]
Get:52 http://127.0.0.1:12990/debian sid/main amd64 libvariable-magic-perl amd64 0.62-1+b2 [46.0 kB]
Get:53 http://127.0.0.1:12990/debian sid/main amd64 libb-hooks-endofscope-perl all 0.24-1 [18.6 kB]
Get:54 http://127.0.0.1:12990/debian sid/main amd64 libextutils-depends-perl all 0.8000-1 [18.9 kB]
Get:55 http://127.0.0.1:12990/debian sid/main amd64 libb-hooks-op-annotation-perl amd64 0.44-2+b7 [13.6 kB]
Get:56 http://127.0.0.1:12990/debian sid/main amd64 libcapture-tiny-perl all 0.48-1 [26.0 kB]
Get:57 http://127.0.0.1:12990/debian sid/main amd64 libcarp-fix-1-25-perl all 1.000001-2 [6992 B]
Get:58 http://127.0.0.1:12990/debian sid/main amd64 libchild-perl all 0.013-1 [28.9 kB]
Get:59 http://127.0.0.1:12990/debian sid/main amd64 libclass-c3-perl all 0.34-1 [22.4 kB]
Get:60 http://127.0.0.1:12990/debian sid/main amd64 libclass-data-inheritable-perl all 0.08-3 [8588 B]
Get:61 http://127.0.0.1:12990/debian sid/main amd64 libclass-inspector-perl all 1.36-1 [19.6 kB]
Get:62 http://127.0.0.1:12990/debian sid/main amd64 libclass-method-modifiers-perl all 2.13-1 [19.2 kB]
Get:63 http://127.0.0.1:12990/debian sid/main amd64 libclass-perl all 1.00-3 [5860 B]
Get:64 http://127.0.0.1:12990/debian sid/main amd64 libclass-singleton-perl all 1.5-1 [13.5 kB]
Get:65 http://127.0.0.1:12990/debian sid/main amd64 libcpanel-json-xs-perl amd64 4.19-1 [126 kB]
Get:66 http://127.0.0.1:12990/debian sid/main amd64 libparams-util-perl amd64 1.07-3+b5 [22.9 kB]
Get:67 http://127.0.0.1:12990/debian sid/main amd64 libsub-install-perl all 0.928-1 [11.4 kB]
Get:68 http://127.0.0.1:12990/debian sid/main amd64 libdata-optlist-perl all 0.110-1 [10.6 kB]
Get:69 http://127.0.0.1:12990/debian sid/main amd64 libdate-iso8601-perl all 0.005-1 [13.9 kB]
Get:70 http://127.0.0.1:12990/debian sid/main amd64 libfile-sharedir-perl all 1.116-2 [16.7 kB]
Get:71 http://127.0.0.1:12990/debian sid/main amd64 libpackage-stash-perl all 0.38-1 [21.7 kB]
Get:72 http://127.0.0.1:12990/debian sid/main amd64 libsub-identify-perl amd64 0.14-1+b2 [12.0 kB]
Get:73 http://127.0.0.1:12990/debian sid/main amd64 libsub-name-perl amd64 0.26-1 [13.5 kB]
Get:74 http://127.0.0.1:12990/debian sid/main amd64 libnamespace-clean-perl all 0.27-1 [17.3 kB]
Get:75 http://127.0.0.1:12990/debian sid/main amd64 libnamespace-autoclean-perl all 0.29-1 [15.0 kB]
Get:76 http://127.0.0.1:12990/debian sid/main amd64 libsub-exporter-perl all 0.987-1 [47.2 kB]
Get:77 http://127.0.0.1:12990/debian sid/main amd64 libeval-closure-perl all 0.14-1 [11.5 kB]
Get:78 http://127.0.0.1:12990/debian sid/main amd64 libdevel-stacktrace-perl all 2.0400-1 [28.6 kB]
Get:79 http://127.0.0.1:12990/debian sid/main amd64 libexception-class-perl all 1.44-1 [32.3 kB]
Get:80 http://127.0.0.1:12990/debian sid/main amd64 libparams-validationcompiler-perl all 0.30-1 [31.6 kB]
Get:81 http://127.0.0.1:12990/debian sid/main amd64 libmro-compat-perl all 0.13-1 [12.2 kB]
Get:82 http://127.0.0.1:12990/debian sid/main amd64 librole-tiny-perl all 2.001004-1 [20.8 kB]
Get:83 http://127.0.0.1:12990/debian sid/main amd64 libsub-quote-perl all 2.006006-1 [21.0 kB]
Get:84 http://127.0.0.1:12990/debian sid/main amd64 libxstring-perl amd64 0.002-2 [7392 B]
Get:85 http://127.0.0.1:12990/debian sid/main amd64 libspecio-perl all 0.45-1 [143 kB]
Get:86 http://127.0.0.1:12990/debian sid/main amd64 libdatetime-locale-perl all 1:1.25-1 [2367 kB]
Get:87 http://127.0.0.1:12990/debian sid/main amd64 libdatetime-timezone-perl all 1:2.38-1+2019c [278 kB]
Get:88 http://127.0.0.1:12990/debian sid/main amd64 libdatetime-perl amd64 2:1.51-1+b1 [118 kB]
Get:89 http://127.0.0.1:12990/debian sid/main amd64 libparams-validate-perl amd64 1.29-3 [67.3 kB]
Get:90 http://127.0.0.1:12990/debian sid/main amd64 libdatetime-format-epoch-perl all 0.16-1 [42.8 kB]
Get:91 http://127.0.0.1:12990/debian sid/main amd64 libdatetime-timezone-systemv-perl all 0.010-1 [17.4 kB]
Get:92 http://127.0.0.1:12990/debian sid/main amd64 libdatetime-timezone-tzfile-perl all 0.011-1 [14.3 kB]
Get:93 http://127.0.0.1:12990/debian sid/main amd64 libdevel-declare-perl amd64 0.006019-1+b2 [37.1 kB]
Get:94 http://127.0.0.1:12990/debian sid/main amd64 libexporter-tiny-perl all 1.002001-1 [36.9 kB]
Get:95 http://127.0.0.1:12990/debian sid/main amd64 libfile-chdir-perl all 0.1008-1 [13.3 kB]
Get:96 http://127.0.0.1:12990/debian sid/main amd64 libhash-fieldhash-perl amd64 0.15-1+b2 [18.0 kB]
Get:97 http://127.0.0.1:12990/debian sid/main amd64 libhash-merge-simple-perl all 0.051-2 [7860 B]
Get:98 http://127.0.0.1:12990/debian sid/main amd64 libhash-storediterator-perl amd64 0.008-2+b2 [13.3 kB]
Get:99 http://127.0.0.1:12990/debian sid/main amd64 libimport-into-perl all 1.002005-1 [11.6 kB]
Get:100 http://127.0.0.1:12990/debian sid/main amd64 libindirect-perl amd64 0.39-1+b1 [28.8 kB]
Get:101 http://127.0.0.1:12990/debian sid/main amd64 libipc-system-simple-perl all 1.26-1 [27.1 kB]
Get:102 http://127.0.0.1:12990/debian sid/main amd64 libjson-maybexs-perl all 1.004000-1 [12.5 kB]
Get:103 http://127.0.0.1:12990/debian sid/main amd64 liblist-moreutils-perl amd64 0.416-1+b5 [63.6 kB]
Get:104 http://127.0.0.1:12990/debian sid/main amd64 libmodern-perl-perl all 1.20200211-1 [13.0 kB]
Get:105 http://127.0.0.1:12990/debian sid/main amd64 libmodule-build-perl all 0.423100-1 [258 kB]
Get:106 http://127.0.0.1:12990/debian sid/main amd64 libobject-id-perl all 0.1.2-2 [16.5 kB]
Get:107 http://127.0.0.1:12990/debian sid/main amd64 libpath-tiny-perl all 0.108-1 [53.3 kB]
Get:108 http://127.0.0.1:12990/debian sid/main amd64 libperl6-caller-perl all 0.100-3 [8982 B]
Get:109 http://127.0.0.1:12990/debian sid/main amd64 libperlio-utf8-strict-perl amd64 0.007-2+b2 [11.7 kB]
Get:110 http://127.0.0.1:12990/debian sid/main amd64 libsub-uplevel-perl all 0.2800-1 [16.3 kB]
Get:111 http://127.0.0.1:12990/debian sid/main amd64 libtaint-util-perl amd64 0.08-3+b2 [12.2 kB]
Get:112 http://127.0.0.1:12990/debian sid/main amd64 libtest-deep-perl all 1.128-1 [48.8 kB]
Get:113 http://127.0.0.1:12990/debian sid/main amd64 libtext-diff-perl all 1.45-1 [27.7 kB]
Get:114 http://127.0.0.1:12990/debian sid/main amd64 libtest-differences-perl all 0.67-1 [18.7 kB]
Get:115 http://127.0.0.1:12990/debian sid/main amd64 libtest-exception-perl all 0.43-1 [18.7 kB]
Get:116 http://127.0.0.1:12990/debian sid/main amd64 libtest-warn-perl all 0.36-1 [16.2 kB]
Get:117 http://127.0.0.1:12990/debian sid/main amd64 libtest-most-perl all 0.35-1 [24.5 kB]
Get:118 http://127.0.0.1:12990/debian sid/main amd64 libtest-output-perl all 1.031-1 [13.0 kB]
Get:119 http://127.0.0.1:12990/debian sid/main amd64 libtime-y2038-perl amd64 20100403-5+b6 [21.7 kB]
Get:120 http://127.0.0.1:12990/debian sid/main amd64 libtrue-perl amd64 1.0.1-1+b1 [16.7 kB]
Get:121 http://127.0.0.1:12990/debian sid/main amd64 libutf8-all-perl all 0.024-1 [13.7 kB]
Get:122 http://127.0.0.1:12990/debian sid/main amd64 libyaml-perl all 1.30-1 [67.7 kB]
debconf: delaying package configuration, since apt-utils is not installed
Fetched 24.3 MB in 1s (20.2 MB/s)
Selecting previously unselected package bsdmainutils.
(Reading database ... 12960 files and directories currently installed.)
Preparing to unpack .../000-bsdmainutils_11.1.2+b1_amd64.deb ...
Unpacking bsdmainutils (11.1.2+b1) ...
Selecting previously unselected package libuchardet0:amd64.
Preparing to unpack .../001-libuchardet0_0.0.6-3_amd64.deb ...
Unpacking libuchardet0:amd64 (0.0.6-3) ...
Selecting previously unselected package groff-base.
Preparing to unpack .../002-groff-base_1.22.4-4_amd64.deb ...
Unpacking groff-base (1.22.4-4) ...
Selecting previously unselected package libpipeline1:amd64.
Preparing to unpack .../003-libpipeline1_1.5.2-2_amd64.deb ...
Unpacking libpipeline1:amd64 (1.5.2-2) ...
Selecting previously unselected package man-db.
Preparing to unpack .../004-man-db_2.9.0-2_amd64.deb ...
Unpacking man-db (2.9.0-2) ...
Selecting previously unselected package sensible-utils.
Preparing to unpack .../005-sensible-utils_0.0.12+nmu1_all.deb ...
Unpacking sensible-utils (0.0.12+nmu1) ...
Selecting previously unselected package libmagic-mgc.
Preparing to unpack .../006-libmagic-mgc_1%3a5.38-4_amd64.deb ...
Unpacking libmagic-mgc (1:5.38-4) ...
Selecting previously unselected package libmagic1:amd64.
Preparing to unpack .../007-libmagic1_1%3a5.38-4_amd64.deb ...
Unpacking libmagic1:amd64 (1:5.38-4) ...
Selecting previously unselected package file.
Preparing to unpack .../008-file_1%3a5.38-4_amd64.deb ...
Unpacking file (1:5.38-4) ...
Selecting previously unselected package gettext-base.
Preparing to unpack .../009-gettext-base_0.19.8.1-10_amd64.deb ...
Unpacking gettext-base (0.19.8.1-10) ...
Selecting previously unselected package libsigsegv2:amd64.
Preparing to unpack .../010-libsigsegv2_2.12-2_amd64.deb ...
Unpacking libsigsegv2:amd64 (2.12-2) ...
Selecting previously unselected package m4.
Preparing to unpack .../011-m4_1.4.18-4_amd64.deb ...
Unpacking m4 (1.4.18-4) ...
Selecting previously unselected package autoconf.
Preparing to unpack .../012-autoconf_2.69-11.1_all.deb ...
Unpacking autoconf (2.69-11.1) ...
Selecting previously unselected package autotools-dev.
Preparing to unpack .../013-autotools-dev_20180224.1_all.deb ...
Unpacking autotools-dev (20180224.1) ...
Selecting previously unselected package automake.
Preparing to unpack .../014-automake_1%3a1.16.1-4_all.deb ...
Unpacking automake (1:1.16.1-4) ...
Selecting previously unselected package autopoint.
Preparing to unpack .../015-autopoint_0.19.8.1-10_all.deb ...
Unpacking autopoint (0.19.8.1-10) ...
Selecting previously unselected package libtool.
Preparing to unpack .../016-libtool_2.4.6-13_all.deb ...
Unpacking libtool (2.4.6-13) ...
Selecting previously unselected package dh-autoreconf.
Preparing to unpack .../017-dh-autoreconf_19_all.deb ...
Unpacking dh-autoreconf (19) ...
Selecting previously unselected package libdebhelper-perl.
Preparing to unpack .../018-libdebhelper-perl_12.9_all.deb ...
Unpacking libdebhelper-perl (12.9) ...
Selecting previously unselected package libarchive-zip-perl.
Preparing to unpack .../019-libarchive-zip-perl_1.67-1_all.deb ...
Unpacking libarchive-zip-perl (1.67-1) ...
Selecting previously unselected package libsub-override-perl.
Preparing to unpack .../020-libsub-override-perl_0.09-2_all.deb ...
Unpacking libsub-override-perl (0.09-2) ...
Selecting previously unselected package libfile-stripnondeterminism-perl.
Preparing to unpack .../021-libfile-stripnondeterminism-perl_1.6.3-2_all.deb ...
Unpacking libfile-stripnondeterminism-perl (1.6.3-2) ...
Selecting previously unselected package dh-strip-nondeterminism.
Preparing to unpack .../022-dh-strip-nondeterminism_1.6.3-2_all.deb ...
Unpacking dh-strip-nondeterminism (1.6.3-2) ...
Selecting previously unselected package libelf1:amd64.
Preparing to unpack .../023-libelf1_0.176-1.1_amd64.deb ...
Unpacking libelf1:amd64 (0.176-1.1) ...
Selecting previously unselected package dwz.
Preparing to unpack .../024-dwz_0.13-5_amd64.deb ...
Unpacking dwz (0.13-5) ...
Selecting previously unselected package libglib2.0-0:amd64.
Preparing to unpack .../025-libglib2.0-0_2.62.4-2_amd64.deb ...
Unpacking libglib2.0-0:amd64 (2.62.4-2) ...
Selecting previously unselected package libicu63:amd64.
Preparing to unpack .../026-libicu63_63.2-2_amd64.deb ...
Unpacking libicu63:amd64 (63.2-2) ...
Selecting previously unselected package libxml2:amd64.
Preparing to unpack .../027-libxml2_2.9.10+dfsg-3_amd64.deb ...
Unpacking libxml2:amd64 (2.9.10+dfsg-3) ...
Selecting previously unselected package libcroco3:amd64.
Preparing to unpack .../028-libcroco3_0.6.13-1_amd64.deb ...
Unpacking libcroco3:amd64 (0.6.13-1) ...
Selecting previously unselected package gettext.
Preparing to unpack .../029-gettext_0.19.8.1-10_amd64.deb ...
Unpacking gettext (0.19.8.1-10) ...
Selecting previously unselected package intltool-debian.
Preparing to unpack .../030-intltool-debian_0.35.0+20060710.5_all.deb ...
Unpacking intltool-debian (0.35.0+20060710.5) ...
Selecting previously unselected package po-debconf.
Preparing to unpack .../031-po-debconf_1.0.21_all.deb ...
Unpacking po-debconf (1.0.21) ...
Selecting previously unselected package debhelper.
Preparing to unpack .../032-debhelper_12.9_all.deb ...
Unpacking debhelper (12.9) ...
Selecting previously unselected package libalgorithm-c3-perl.
Preparing to unpack .../033-libalgorithm-c3-perl_0.10-1_all.deb ...
Unpacking libalgorithm-c3-perl (0.10-1) ...
Selecting previously unselected package libalgorithm-diff-perl.
Preparing to unpack .../034-libalgorithm-diff-perl_1.19.03-2_all.deb ...
Unpacking libalgorithm-diff-perl (1.19.03-2) ...
Selecting previously unselected package libscope-guard-perl.
Preparing to unpack .../035-libscope-guard-perl_0.21-1_all.deb ...
Unpacking libscope-guard-perl (0.21-1) ...
Selecting previously unselected package libautobox-perl.
Preparing to unpack .../036-libautobox-perl_3.0.1-1+b2_amd64.deb ...
Unpacking libautobox-perl (3.0.1-1+b2) ...
Selecting previously unselected package libwant-perl.
Preparing to unpack .../037-libwant-perl_0.29-1+b5_amd64.deb ...
Unpacking libwant-perl (0.29-1+b5) ...
Selecting previously unselected package libautobox-core-perl.
Preparing to unpack .../038-libautobox-core-perl_1.33-1_all.deb ...
Unpacking libautobox-core-perl (1.33-1) ...
Selecting previously unselected package libautobox-dump-perl.
Preparing to unpack .../039-libautobox-dump-perl_20090426.1746-3_all.deb ...
Unpacking libautobox-dump-perl (20090426.1746-3) ...
Selecting previously unselected package libautobox-list-util-perl.
Preparing to unpack .../040-libautobox-list-util-perl_20090629-3_all.deb ...
Unpacking libautobox-list-util-perl (20090629-3) ...
Selecting previously unselected package libautovivification-perl.
Preparing to unpack .../041-libautovivification-perl_0.18-1+b2_amd64.deb ...
Unpacking libautovivification-perl (0.18-1+b2) ...
Selecting previously unselected package libb-hooks-op-check-perl.
Preparing to unpack .../042-libb-hooks-op-check-perl_0.22-1+b2_amd64.deb ...
Unpacking libb-hooks-op-check-perl (0.22-1+b2) ...
Selecting previously unselected package libdynaloader-functions-perl.
Preparing to unpack .../043-libdynaloader-functions-perl_0.003-1_all.deb ...
Unpacking libdynaloader-functions-perl (0.003-1) ...
Selecting previously unselected package libdevel-callchecker-perl.
Preparing to unpack .../044-libdevel-callchecker-perl_0.008-1+b1_amd64.deb ...
Unpacking libdevel-callchecker-perl (0.008-1+b1) ...
Selecting previously unselected package libparams-classify-perl.
Preparing to unpack .../045-libparams-classify-perl_0.015-1+b2_amd64.deb ...
Unpacking libparams-classify-perl (0.015-1+b2) ...
Selecting previously unselected package libmodule-runtime-perl.
Preparing to unpack .../046-libmodule-runtime-perl_0.016-1_all.deb ...
Unpacking libmodule-runtime-perl (0.016-1) ...
Selecting previously unselected package libtry-tiny-perl.
Preparing to unpack .../047-libtry-tiny-perl_0.30-1_all.deb ...
Unpacking libtry-tiny-perl (0.30-1) ...
Selecting previously unselected package libmodule-implementation-perl.
Preparing to unpack .../048-libmodule-implementation-perl_0.09-1_all.deb ...
Unpacking libmodule-implementation-perl (0.09-1) ...
Selecting previously unselected package libsub-exporter-progressive-perl.
Preparing to unpack .../049-libsub-exporter-progressive-perl_0.001013-1_all.deb ...
Unpacking libsub-exporter-progressive-perl (0.001013-1) ...
Selecting previously unselected package libvariable-magic-perl.
Preparing to unpack .../050-libvariable-magic-perl_0.62-1+b2_amd64.deb ...
Unpacking libvariable-magic-perl (0.62-1+b2) ...
Selecting previously unselected package libb-hooks-endofscope-perl.
Preparing to unpack .../051-libb-hooks-endofscope-perl_0.24-1_all.deb ...
Unpacking libb-hooks-endofscope-perl (0.24-1) ...
Selecting previously unselected package libextutils-depends-perl.
Preparing to unpack .../052-libextutils-depends-perl_0.8000-1_all.deb ...
Unpacking libextutils-depends-perl (0.8000-1) ...
Selecting previously unselected package libb-hooks-op-annotation-perl.
Preparing to unpack .../053-libb-hooks-op-annotation-perl_0.44-2+b7_amd64.deb ...
Unpacking libb-hooks-op-annotation-perl (0.44-2+b7) ...
Selecting previously unselected package libcapture-tiny-perl.
Preparing to unpack .../054-libcapture-tiny-perl_0.48-1_all.deb ...
Unpacking libcapture-tiny-perl (0.48-1) ...
Selecting previously unselected package libcarp-fix-1-25-perl.
Preparing to unpack .../055-libcarp-fix-1-25-perl_1.000001-2_all.deb ...
Unpacking libcarp-fix-1-25-perl (1.000001-2) ...
Selecting previously unselected package libchild-perl.
Preparing to unpack .../056-libchild-perl_0.013-1_all.deb ...
Unpacking libchild-perl (0.013-1) ...
Selecting previously unselected package libclass-c3-perl.
Preparing to unpack .../057-libclass-c3-perl_0.34-1_all.deb ...
Unpacking libclass-c3-perl (0.34-1) ...
Selecting previously unselected package libclass-data-inheritable-perl.
Preparing to unpack .../058-libclass-data-inheritable-perl_0.08-3_all.deb ...
Unpacking libclass-data-inheritable-perl (0.08-3) ...
Selecting previously unselected package libclass-inspector-perl.
Preparing to unpack .../059-libclass-inspector-perl_1.36-1_all.deb ...
Unpacking libclass-inspector-perl (1.36-1) ...
Selecting previously unselected package libclass-method-modifiers-perl.
Preparing to unpack .../060-libclass-method-modifiers-perl_2.13-1_all.deb ...
Unpacking libclass-method-modifiers-perl (2.13-1) ...
Selecting previously unselected package libclass-perl.
Preparing to unpack .../061-libclass-perl_1.00-3_all.deb ...
Unpacking libclass-perl (1.00-3) ...
Selecting previously unselected package libclass-singleton-perl.
Preparing to unpack .../062-libclass-singleton-perl_1.5-1_all.deb ...
Unpacking libclass-singleton-perl (1.5-1) ...
Selecting previously unselected package libcpanel-json-xs-perl.
Preparing to unpack .../063-libcpanel-json-xs-perl_4.19-1_amd64.deb ...
Unpacking libcpanel-json-xs-perl (4.19-1) ...
Selecting previously unselected package libparams-util-perl.
Preparing to unpack .../064-libparams-util-perl_1.07-3+b5_amd64.deb ...
Unpacking libparams-util-perl (1.07-3+b5) ...
Selecting previously unselected package libsub-install-perl.
Preparing to unpack .../065-libsub-install-perl_0.928-1_all.deb ...
Unpacking libsub-install-perl (0.928-1) ...
Selecting previously unselected package libdata-optlist-perl.
Preparing to unpack .../066-libdata-optlist-perl_0.110-1_all.deb ...
Unpacking libdata-optlist-perl (0.110-1) ...
Selecting previously unselected package libdate-iso8601-perl.
Preparing to unpack .../067-libdate-iso8601-perl_0.005-1_all.deb ...
Unpacking libdate-iso8601-perl (0.005-1) ...
Selecting previously unselected package libfile-sharedir-perl.
Preparing to unpack .../068-libfile-sharedir-perl_1.116-2_all.deb ...
Unpacking libfile-sharedir-perl (1.116-2) ...
Selecting previously unselected package libpackage-stash-perl.
Preparing to unpack .../069-libpackage-stash-perl_0.38-1_all.deb ...
Unpacking libpackage-stash-perl (0.38-1) ...
Selecting previously unselected package libsub-identify-perl.
Preparing to unpack .../070-libsub-identify-perl_0.14-1+b2_amd64.deb ...
Unpacking libsub-identify-perl (0.14-1+b2) ...
Selecting previously unselected package libsub-name-perl.
Preparing to unpack .../071-libsub-name-perl_0.26-1_amd64.deb ...
Unpacking libsub-name-perl (0.26-1) ...
Selecting previously unselected package libnamespace-clean-perl.
Preparing to unpack .../072-libnamespace-clean-perl_0.27-1_all.deb ...
Unpacking libnamespace-clean-perl (0.27-1) ...
Selecting previously unselected package libnamespace-autoclean-perl.
Preparing to unpack .../073-libnamespace-autoclean-perl_0.29-1_all.deb ...
Unpacking libnamespace-autoclean-perl (0.29-1) ...
Selecting previously unselected package libsub-exporter-perl.
Preparing to unpack .../074-libsub-exporter-perl_0.987-1_all.deb ...
Unpacking libsub-exporter-perl (0.987-1) ...
Selecting previously unselected package libeval-closure-perl.
Preparing to unpack .../075-libeval-closure-perl_0.14-1_all.deb ...
Unpacking libeval-closure-perl (0.14-1) ...
Selecting previously unselected package libdevel-stacktrace-perl.
Preparing to unpack .../076-libdevel-stacktrace-perl_2.0400-1_all.deb ...
Unpacking libdevel-stacktrace-perl (2.0400-1) ...
Selecting previously unselected package libexception-class-perl.
Preparing to unpack .../077-libexception-class-perl_1.44-1_all.deb ...
Unpacking libexception-class-perl (1.44-1) ...
Selecting previously unselected package libparams-validationcompiler-perl.
Preparing to unpack .../078-libparams-validationcompiler-perl_0.30-1_all.deb ...
Unpacking libparams-validationcompiler-perl (0.30-1) ...
Selecting previously unselected package libmro-compat-perl.
Preparing to unpack .../079-libmro-compat-perl_0.13-1_all.deb ...
Unpacking libmro-compat-perl (0.13-1) ...
Selecting previously unselected package librole-tiny-perl.
Preparing to unpack .../080-librole-tiny-perl_2.001004-1_all.deb ...
Unpacking librole-tiny-perl (2.001004-1) ...
Selecting previously unselected package libsub-quote-perl.
Preparing to unpack .../081-libsub-quote-perl_2.006006-1_all.deb ...
Unpacking libsub-quote-perl (2.006006-1) ...
Selecting previously unselected package libxstring-perl.
Preparing to unpack .../082-libxstring-perl_0.002-2_amd64.deb ...
Unpacking libxstring-perl (0.002-2) ...
Selecting previously unselected package libspecio-perl.
Preparing to unpack .../083-libspecio-perl_0.45-1_all.deb ...
Unpacking libspecio-perl (0.45-1) ...
Selecting previously unselected package libdatetime-locale-perl.
Preparing to unpack .../084-libdatetime-locale-perl_1%3a1.25-1_all.deb ...
Unpacking libdatetime-locale-perl (1:1.25-1) ...
Selecting previously unselected package libdatetime-timezone-perl.
Preparing to unpack .../085-libdatetime-timezone-perl_1%3a2.38-1+2019c_all.deb ...
Unpacking libdatetime-timezone-perl (1:2.38-1+2019c) ...
Selecting previously unselected package libdatetime-perl:amd64.
Preparing to unpack .../086-libdatetime-perl_2%3a1.51-1+b1_amd64.deb ...
Unpacking libdatetime-perl:amd64 (2:1.51-1+b1) ...
Selecting previously unselected package libparams-validate-perl.
Preparing to unpack .../087-libparams-validate-perl_1.29-3_amd64.deb ...
Unpacking libparams-validate-perl (1.29-3) ...
Selecting previously unselected package libdatetime-format-epoch-perl.
Preparing to unpack .../088-libdatetime-format-epoch-perl_0.16-1_all.deb ...
Unpacking libdatetime-format-epoch-perl (0.16-1) ...
Selecting previously unselected package libdatetime-timezone-systemv-perl.
Preparing to unpack .../089-libdatetime-timezone-systemv-perl_0.010-1_all.deb ...
Unpacking libdatetime-timezone-systemv-perl (0.010-1) ...
Selecting previously unselected package libdatetime-timezone-tzfile-perl.
Preparing to unpack .../090-libdatetime-timezone-tzfile-perl_0.011-1_all.deb ...
Unpacking libdatetime-timezone-tzfile-perl (0.011-1) ...
Selecting previously unselected package libdevel-declare-perl.
Preparing to unpack .../091-libdevel-declare-perl_0.006019-1+b2_amd64.deb ...
Unpacking libdevel-declare-perl (0.006019-1+b2) ...
Selecting previously unselected package libexporter-tiny-perl.
Preparing to unpack .../092-libexporter-tiny-perl_1.002001-1_all.deb ...
Unpacking libexporter-tiny-perl (1.002001-1) ...
Selecting previously unselected package libfile-chdir-perl.
Preparing to unpack .../093-libfile-chdir-perl_0.1008-1_all.deb ...
Unpacking libfile-chdir-perl (0.1008-1) ...
Selecting previously unselected package libhash-fieldhash-perl.
Preparing to unpack .../094-libhash-fieldhash-perl_0.15-1+b2_amd64.deb ...
Unpacking libhash-fieldhash-perl (0.15-1+b2) ...
Selecting previously unselected package libhash-merge-simple-perl.
Preparing to unpack .../095-libhash-merge-simple-perl_0.051-2_all.deb ...
Unpacking libhash-merge-simple-perl (0.051-2) ...
Selecting previously unselected package libhash-storediterator-perl.
Preparing to unpack .../096-libhash-storediterator-perl_0.008-2+b2_amd64.deb ...
Unpacking libhash-storediterator-perl (0.008-2+b2) ...
Selecting previously unselected package libimport-into-perl.
Preparing to unpack .../097-libimport-into-perl_1.002005-1_all.deb ...
Unpacking libimport-into-perl (1.002005-1) ...
Selecting previously unselected package libindirect-perl.
Preparing to unpack .../098-libindirect-perl_0.39-1+b1_amd64.deb ...
Unpacking libindirect-perl (0.39-1+b1) ...
Selecting previously unselected package libipc-system-simple-perl.
Preparing to unpack .../099-libipc-system-simple-perl_1.26-1_all.deb ...
Unpacking libipc-system-simple-perl (1.26-1) ...
Selecting previously unselected package libjson-maybexs-perl.
Preparing to unpack .../100-libjson-maybexs-perl_1.004000-1_all.deb ...
Unpacking libjson-maybexs-perl (1.004000-1) ...
Selecting previously unselected package liblist-moreutils-perl.
Preparing to unpack .../101-liblist-moreutils-perl_0.416-1+b5_amd64.deb ...
Unpacking liblist-moreutils-perl (0.416-1+b5) ...
Selecting previously unselected package libmodern-perl-perl.
Preparing to unpack .../102-libmodern-perl-perl_1.20200211-1_all.deb ...
Unpacking libmodern-perl-perl (1.20200211-1) ...
Selecting previously unselected package libmodule-build-perl.
Preparing to unpack .../103-libmodule-build-perl_0.423100-1_all.deb ...
Adding 'diversion of /usr/bin/config_data to /usr/bin/config_data.diverted by libmodule-build-perl'
Adding 'diversion of /usr/share/man/man1/config_data.1.gz to /usr/share/man/man1/config_data.diverted.1.gz by libmodule-build-perl'
Unpacking libmodule-build-perl (0.423100-1) ...
Selecting previously unselected package libobject-id-perl.
Preparing to unpack .../104-libobject-id-perl_0.1.2-2_all.deb ...
Unpacking libobject-id-perl (0.1.2-2) ...
Selecting previously unselected package libpath-tiny-perl.
Preparing to unpack .../105-libpath-tiny-perl_0.108-1_all.deb ...
Unpacking libpath-tiny-perl (0.108-1) ...
Selecting previously unselected package libperl6-caller-perl.
Preparing to unpack .../106-libperl6-caller-perl_0.100-3_all.deb ...
Unpacking libperl6-caller-perl (0.100-3) ...
Selecting previously unselected package libperlio-utf8-strict-perl.
Preparing to unpack .../107-libperlio-utf8-strict-perl_0.007-2+b2_amd64.deb ...
Unpacking libperlio-utf8-strict-perl (0.007-2+b2) ...
Selecting previously unselected package libsub-uplevel-perl.
Preparing to unpack .../108-libsub-uplevel-perl_0.2800-1_all.deb ...
Unpacking libsub-uplevel-perl (0.2800-1) ...
Selecting previously unselected package libtaint-util-perl.
Preparing to unpack .../109-libtaint-util-perl_0.08-3+b2_amd64.deb ...
Unpacking libtaint-util-perl (0.08-3+b2) ...
Selecting previously unselected package libtest-deep-perl.
Preparing to unpack .../110-libtest-deep-perl_1.128-1_all.deb ...
Unpacking libtest-deep-perl (1.128-1) ...
Selecting previously unselected package libtext-diff-perl.
Preparing to unpack .../111-libtext-diff-perl_1.45-1_all.deb ...
Unpacking libtext-diff-perl (1.45-1) ...
Selecting previously unselected package libtest-differences-perl.
Preparing to unpack .../112-libtest-differences-perl_0.67-1_all.deb ...
Unpacking libtest-differences-perl (0.67-1) ...
Selecting previously unselected package libtest-exception-perl.
Preparing to unpack .../113-libtest-exception-perl_0.43-1_all.deb ...
Unpacking libtest-exception-perl (0.43-1) ...
Selecting previously unselected package libtest-warn-perl.
Preparing to unpack .../114-libtest-warn-perl_0.36-1_all.deb ...
Unpacking libtest-warn-perl (0.36-1) ...
Selecting previously unselected package libtest-most-perl.
Preparing to unpack .../115-libtest-most-perl_0.35-1_all.deb ...
Unpacking libtest-most-perl (0.35-1) ...
Selecting previously unselected package libtest-output-perl.
Preparing to unpack .../116-libtest-output-perl_1.031-1_all.deb ...
Unpacking libtest-output-perl (1.031-1) ...
Selecting previously unselected package libtime-y2038-perl.
Preparing to unpack .../117-libtime-y2038-perl_20100403-5+b6_amd64.deb ...
Unpacking libtime-y2038-perl (20100403-5+b6) ...
Selecting previously unselected package libtrue-perl.
Preparing to unpack .../118-libtrue-perl_1.0.1-1+b1_amd64.deb ...
Unpacking libtrue-perl (1.0.1-1+b1) ...
Selecting previously unselected package libutf8-all-perl.
Preparing to unpack .../119-libutf8-all-perl_0.024-1_all.deb ...
Unpacking libutf8-all-perl (0.024-1) ...
Selecting previously unselected package libyaml-perl.
Preparing to unpack .../120-libyaml-perl_1.30-1_all.deb ...
Unpacking libyaml-perl (1.30-1) ...
Selecting previously unselected package sbuild-build-depends-main-dummy.
Preparing to unpack .../121-sbuild-build-depends-main-dummy_0.invalid.0_amd64.deb ...
Unpacking sbuild-build-depends-main-dummy (0.invalid.0) ...
Setting up libdate-iso8601-perl (0.005-1) ...
Setting up libpipeline1:amd64 (1.5.2-2) ...
Setting up libcarp-fix-1-25-perl (1.000001-2) ...
Setting up libchild-perl (0.013-1) ...
Setting up libhash-merge-simple-perl (0.051-2) ...
Setting up libautobox-dump-perl (20090426.1746-3) ...
Setting up libclass-inspector-perl (1.36-1) ...
Setting up libwant-perl (0.29-1+b5) ...
Setting up libdynaloader-functions-perl (0.003-1) ...
Setting up libtest-deep-perl (1.128-1) ...
Setting up libclass-method-modifiers-perl (2.13-1) ...
Setting up libmagic-mgc (1:5.38-4) ...
Setting up libalgorithm-diff-perl (1.19.03-2) ...
Setting up libhash-storediterator-perl (0.008-2+b2) ...
Setting up libarchive-zip-perl (1.67-1) ...
Setting up libsub-identify-perl (0.14-1+b2) ...
Setting up libglib2.0-0:amd64 (2.62.4-2) ...
No schema files found: doing nothing.
Setting up libcpanel-json-xs-perl (4.19-1) ...
Setting up libdebhelper-perl (12.9) ...
Setting up libtry-tiny-perl (0.30-1) ...
Setting up libmagic1:amd64 (1:5.38-4) ...
Setting up gettext-base (0.19.8.1-10) ...
Setting up libclass-singleton-perl (1.5-1) ...
Setting up file (1:5.38-4) ...
Setting up libxstring-perl (0.002-2) ...
Setting up libperl6-caller-perl (0.100-3) ...
Setting up libyaml-perl (1.30-1) ...
Setting up libicu63:amd64 (63.2-2) ...
Setting up libsub-install-perl (0.928-1) ...
Setting up libextutils-depends-perl (0.8000-1) ...
Setting up libtaint-util-perl (0.08-3+b2) ...
Setting up libindirect-perl (0.39-1+b1) ...
Setting up libmodule-build-perl (0.423100-1) ...
Setting up libscope-guard-perl (0.21-1) ...
Setting up libautovivification-perl (0.18-1+b2) ...
Setting up libjson-maybexs-perl (1.004000-1) ...
Setting up autotools-dev (20180224.1) ...
Setting up libclass-data-inheritable-perl (0.08-3) ...
Setting up libalgorithm-c3-perl (0.10-1) ...
Setting up libtext-diff-perl (1.45-1) ...
Setting up libipc-system-simple-perl (1.26-1) ...
Setting up libperlio-utf8-strict-perl (0.007-2+b2) ...
Setting up libhash-fieldhash-perl (0.15-1+b2) ...
Setting up libsigsegv2:amd64 (2.12-2) ...
Setting up bsdmainutils (11.1.2+b1) ...
update-alternatives: using /usr/bin/bsd-write to provide /usr/bin/write (write) in auto mode
update-alternatives: using /usr/bin/bsd-from to provide /usr/bin/from (from) in auto mode
Setting up libvariable-magic-perl (0.62-1+b2) ...
Setting up libmodern-perl-perl (1.20200211-1) ...
Setting up autopoint (0.19.8.1-10) ...
Setting up libb-hooks-op-check-perl (0.22-1+b2) ...
Setting up libb-hooks-op-annotation-perl (0.44-2+b7) ...
Setting up libparams-util-perl (1.07-3+b5) ...
Setting up libsub-exporter-progressive-perl (0.001013-1) ...
Setting up libcapture-tiny-perl (0.48-1) ...
Setting up libsub-name-perl (0.26-1) ...
Setting up libfile-chdir-perl (0.1008-1) ...
Setting up sensible-utils (0.0.12+nmu1) ...
Setting up libpath-tiny-perl (0.108-1) ...
Setting up libuchardet0:amd64 (0.0.6-3) ...
Setting up librole-tiny-perl (2.001004-1) ...
Setting up libfile-sharedir-perl (1.116-2) ...
Setting up libsub-uplevel-perl (0.2800-1) ...
Setting up libsub-override-perl (0.09-2) ...
Setting up libclass-perl (1.00-3) ...
Setting up libsub-quote-perl (2.006006-1) ...
Setting up libdevel-stacktrace-perl (2.0400-1) ...
Setting up libexporter-tiny-perl (1.002001-1) ...
Setting up libtrue-perl (1.0.1-1+b1) ...
Setting up libautobox-perl (3.0.1-1+b2) ...
Setting up libtime-y2038-perl (20100403-5+b6) ...
Setting up libelf1:amd64 (0.176-1.1) ...
Setting up libxml2:amd64 (2.9.10+dfsg-3) ...
Setting up libfile-stripnondeterminism-perl (1.6.3-2) ...
Setting up libautobox-core-perl (1.33-1) ...
Setting up libtool (2.4.6-13) ...
Setting up libobject-id-perl (0.1.2-2) ...
Setting up liblist-moreutils-perl (0.416-1+b5) ...
Setting up libtest-warn-perl (0.36-1) ...
Setting up libtest-differences-perl (0.67-1) ...
Setting up m4 (1.4.18-4) ...
Setting up libexception-class-perl (1.44-1) ...
Setting up libclass-c3-perl (0.34-1) ...
Setting up libdevel-callchecker-perl (0.008-1+b1) ...
Setting up libtest-exception-perl (0.43-1) ...
Setting up libautobox-list-util-perl (20090629-3) ...
Setting up libdata-optlist-perl (0.110-1) ...
Setting up libcroco3:amd64 (0.6.13-1) ...
Setting up libtest-output-perl (1.031-1) ...
Setting up autoconf (2.69-11.1) ...
Setting up dh-strip-nondeterminism (1.6.3-2) ...
Setting up dwz (0.13-5) ...
Setting up groff-base (1.22.4-4) ...
Setting up libmro-compat-perl (0.13-1) ...
Setting up libsub-exporter-perl (0.987-1) ...
Setting up libeval-closure-perl (0.14-1) ...
Setting up automake (1:1.16.1-4) ...
update-alternatives: using /usr/bin/automake-1.16 to provide /usr/bin/automake (automake) in auto mode
Setting up libparams-validationcompiler-perl (0.30-1) ...
Setting up gettext (0.19.8.1-10) ...
Setting up libtest-most-perl (0.35-1) ...
Setting up libparams-classify-perl (0.015-1+b2) ...
Setting up man-db (2.9.0-2) ...
Not building database; man-db/auto-update is not 'true'.
Setting up intltool-debian (0.35.0+20060710.5) ...
Setting up libmodule-runtime-perl (0.016-1) ...
Setting up libdatetime-timezone-systemv-perl (0.010-1) ...
Setting up libdatetime-timezone-tzfile-perl (0.011-1) ...
Setting up libmodule-implementation-perl (0.09-1) ...
Setting up libpackage-stash-perl (0.38-1) ...
Setting up libimport-into-perl (1.002005-1) ...
Setting up po-debconf (1.0.21) ...
Setting up libspecio-perl (0.45-1) ...
Setting up libutf8-all-perl (0.024-1) ...
Setting up libparams-validate-perl (1.29-3) ...
Setting up libb-hooks-endofscope-perl (0.24-1) ...
Setting up libdevel-declare-perl (0.006019-1+b2) ...
Setting up libnamespace-clean-perl (0.27-1) ...
Setting up libnamespace-autoclean-perl (0.29-1) ...
Setting up libdatetime-locale-perl (1:1.25-1) ...
Setting up libdatetime-timezone-perl (1:2.38-1+2019c) ...
Setting up libdatetime-perl:amd64 (2:1.51-1+b1) ...
Setting up libdatetime-format-epoch-perl (0.16-1) ...
Setting up dh-autoreconf (19) ...
Setting up debhelper (12.9) ...
Setting up sbuild-build-depends-main-dummy (0.invalid.0) ...
Processing triggers for libc-bin (2.29-10) ...

+------------------------------------------------------------------------------+
| Check architectures                                                          |
+------------------------------------------------------------------------------+

Arch check ok (amd64 included in any)

+------------------------------------------------------------------------------+
| Build environment                                                            |
+------------------------------------------------------------------------------+

Kernel: Linux 4.19.0-6-cloud-amd64 #1 SMP Debian 4.19.67-2+deb10u2 (2019-11-11) amd64 (x86_64)
Toolchain package versions: binutils_2.34-3 dpkg-dev_1.19.7 g++-9_9.2.1-29 gcc-9_9.2.1-29 libc6-dev_2.29-10 libstdc++-9-dev_9.2.1-29 libstdc++6_10-20200222-1 linux-libc-dev_5.4.19-1
Package versions: adduser_3.118 apt_1.8.4 autoconf_2.69-11.1 automake_1:1.16.1-4 autopoint_0.19.8.1-10 autotools-dev_20180224.1 base-files_11 base-passwd_3.5.47 bash_5.0-5 binutils_2.34-3 binutils-common_2.34-3 binutils-x86-64-linux-gnu_2.34-3 bsdmainutils_11.1.2+b1 bsdutils_1:2.34-0.1 build-essential_12.8 bzip2_1.0.8-2 clang-10_1:10.0.0~+rc2-1 coreutils_8.30-3+b1 cpp_4:9.2.1-3.1 cpp-9_9.2.1-29 dash_0.5.10.2-6 debconf_1.5.73 debhelper_12.9 debian-archive-keyring_2019.1 debianutils_4.9.1 dh-autoreconf_19 dh-strip-nondeterminism_1.6.3-2 diffutils_1:3.7-3 dpkg_1.19.7 dpkg-dev_1.19.7 dwz_0.13-5 e2fsprogs_1.45.5-2 fakeroot_1.24-1 fdisk_2.34-0.1 file_1:5.38-4 findutils_4.7.0-1 g++_4:9.2.1-3.1 g++-9_9.2.1-29 gcc_4:9.2.1-3.1 gcc-10-base_10-20200222-1 gcc-9_9.2.1-29 gcc-9-base_9.2.1-29 gettext_0.19.8.1-10 gettext-base_0.19.8.1-10 gpgv_2.2.19-1 grep_3.4-1 groff-base_1.22.4-4 gzip_1.9-3+b1 hostname_3.23 init-system-helpers_1.57 intltool-debian_0.35.0+20060710.5 lib32gcc-s1_10-20200222-1 lib32gcc1_1:10-20200222-1 lib32stdc++6_10-20200222-1 libacl1_2.2.53-5 libalgorithm-c3-perl_0.10-1 libalgorithm-diff-perl_1.19.03-2 libapt-pkg5.0_1.8.4 libarchive-zip-perl_1.67-1 libasan5_9.2.1-29 libatomic1_10-20200222-1 libattr1_1:2.4.48-5 libaudit-common_1:2.8.5-2 libaudit1_1:2.8.5-2+b1 libautobox-core-perl_1.33-1 libautobox-dump-perl_20090426.1746-3 libautobox-list-util-perl_20090629-3 libautobox-perl_3.0.1-1+b2 libautovivification-perl_0.18-1+b2 libb-hooks-endofscope-perl_0.24-1 libb-hooks-op-annotation-perl_0.44-2+b7 libb-hooks-op-check-perl_0.22-1+b2 libbinutils_2.34-3 libblkid1_2.34-0.1 libbsd0_0.10.0-1 libbz2-1.0_1.0.8-2 libc-bin_2.29-10 libc-dev-bin_2.29-10 libc6_2.29-10 libc6-dev_2.29-10 libc6-i386_2.29-10 libcap-ng0_0.7.9-2.1+b1 libcapture-tiny-perl_0.48-1 libcarp-fix-1-25-perl_1.000001-2 libcc1-0_10-20200222-1 libchild-perl_0.013-1 libclang-common-10-dev_1:10.0.0~+rc2-1 libclang-cpp10_1:10.0.0~+rc2-1 libclang1-10_1:10.0.0~+rc2-1 libclass-c3-perl_0.34-1 libclass-data-inheritable-perl_0.08-3 libclass-inspector-perl_1.36-1 libclass-method-modifiers-perl_2.13-1 libclass-perl_1.00-3 libclass-singleton-perl_1.5-1 libcom-err2_1.45.5-2 libcpanel-json-xs-perl_4.19-1 libcroco3_0.6.13-1 libcrypt-dev_1:4.4.10-10 libcrypt1_1:4.4.10-10 libctf-nobfd0_2.34-3 libctf0_2.34-3 libdata-optlist-perl_0.110-1 libdate-iso8601-perl_0.005-1 libdatetime-format-epoch-perl_0.16-1 libdatetime-locale-perl_1:1.25-1 libdatetime-perl_2:1.51-1+b1 libdatetime-timezone-perl_1:2.38-1+2019c libdatetime-timezone-systemv-perl_0.010-1 libdatetime-timezone-tzfile-perl_0.011-1 libdb5.3_5.3.28+dfsg1-0.6 libdebconfclient0_0.251 libdebhelper-perl_12.9 libdevel-callchecker-perl_0.008-1+b1 libdevel-declare-perl_0.006019-1+b2 libdevel-stacktrace-perl_2.0400-1 libdpkg-perl_1.19.7 libdynaloader-functions-perl_0.003-1 libedit2_3.1-20191231-1 libelf1_0.176-1.1 libeval-closure-perl_0.14-1 libexception-class-perl_1.44-1 libexporter-tiny-perl_1.002001-1 libext2fs2_1.45.5-2 libextutils-depends-perl_0.8000-1 libfakeroot_1.24-1 libfdisk1_2.34-0.1 libffi7_3.3-3 libfile-chdir-perl_0.1008-1 libfile-sharedir-perl_1.116-2 libfile-stripnondeterminism-perl_1.6.3-2 libgc1c2_1:7.6.4-0.4 libgcc-9-dev_9.2.1-29 libgcc-s1_10-20200222-1 libgcc1_1:10-20200222-1 libgcrypt20_1.8.5-5 libgdbm-compat4_1.18.1-5 libgdbm6_1.18.1-5 libglib2.0-0_2.62.4-2 libgmp10_2:6.2.0+dfsg-4 libgnutls30_3.6.12-2 libgomp1_10-20200222-1 libgpg-error0_1.37-1 libhash-fieldhash-perl_0.15-1+b2 libhash-merge-simple-perl_0.051-2 libhash-storediterator-perl_0.008-2+b2 libhogweed5_3.5.1+really3.5.1-2 libicu63_63.2-2 libidn2-0_2.2.0-2 libimport-into-perl_1.002005-1 libindirect-perl_0.39-1+b1 libipc-system-simple-perl_1.26-1 libisl22_0.22.1-1 libitm1_10-20200222-1 libjson-maybexs-perl_1.004000-1 liblist-moreutils-perl_0.416-1+b5 libllvm10_1:10.0.0~+rc2-1 liblsan0_10-20200222-1 liblz4-1_1.9.2-2 liblzma5_5.2.4-1+b1 libmagic-mgc_1:5.38-4 libmagic1_1:5.38-4 libmodern-perl-perl_1.20200211-1 libmodule-build-perl_0.423100-1 libmodule-implementation-perl_0.09-1 libmodule-runtime-perl_0.016-1 libmount1_2.34-0.1 libmpc3_1.1.0-1 libmpfr6_4.0.2-1 libmro-compat-perl_0.13-1 libnamespace-autoclean-perl_0.29-1 libnamespace-clean-perl_0.27-1 libncursesw6_6.1+20191019-1 libnettle7_3.5.1+really3.5.1-2 libobjc-9-dev_9.2.1-29 libobjc4_10-20200222-1 libobject-id-perl_0.1.2-2 libomp-10-dev_1:10.0.0~+rc2-1 libomp5-10_1:10.0.0~+rc2-1 libp11-kit0_0.23.20-1 libpackage-stash-perl_0.38-1 libpam-modules_1.3.1-5 libpam-modules-bin_1.3.1-5 libpam-runtime_1.3.1-5 libpam0g_1.3.1-5 libparams-classify-perl_0.015-1+b2 libparams-util-perl_1.07-3+b5 libparams-validate-perl_1.29-3 libparams-validationcompiler-perl_0.30-1 libpath-tiny-perl_0.108-1 libpcre2-8-0_10.34-7 libpcre3_2:8.39-12+b1 libperl5.30_5.30.0-9 libperl6-caller-perl_0.100-3 libperlio-utf8-strict-perl_0.007-2+b2 libpipeline1_1.5.2-2 libquadmath0_10-20200222-1 librole-tiny-perl_2.001004-1 libscope-guard-perl_0.21-1 libseccomp2_2.4.2-2 libselinux1_3.0-1+b1 libsemanage-common_3.0-1 libsemanage1_3.0-1+b1 libsepol1_3.0-1 libsigsegv2_2.12-2 libsmartcols1_2.34-0.1 libspecio-perl_0.45-1 libss2_1.45.5-2 libstdc++-9-dev_9.2.1-29 libstdc++6_10-20200222-1 libsub-exporter-perl_0.987-1 libsub-exporter-progressive-perl_0.001013-1 libsub-identify-perl_0.14-1+b2 libsub-install-perl_0.928-1 libsub-name-perl_0.26-1 libsub-override-perl_0.09-2 libsub-quote-perl_2.006006-1 libsub-uplevel-perl_0.2800-1 libsystemd0_244.3-1 libtaint-util-perl_0.08-3+b2 libtasn1-6_4.16.0-2 libtest-deep-perl_1.128-1 libtest-differences-perl_0.67-1 libtest-exception-perl_0.43-1 libtest-most-perl_0.35-1 libtest-output-perl_1.031-1 libtest-warn-perl_0.36-1 libtext-diff-perl_1.45-1 libtime-y2038-perl_20100403-5+b6 libtinfo6_6.1+20191019-1 libtool_2.4.6-13 libtrue-perl_1.0.1-1+b1 libtry-tiny-perl_0.30-1 libtsan0_10-20200222-1 libubsan1_10-20200222-1 libuchardet0_0.0.6-3 libudev1_244.3-1 libunistring2_0.9.10-2 libutf8-all-perl_0.024-1 libuuid1_2.34-0.1 libvariable-magic-perl_0.62-1+b2 libwant-perl_0.29-1+b5 libxml2_2.9.10+dfsg-3 libxstring-perl_0.002-2 libyaml-perl_1.30-1 libz3-4_4.8.7-4 libzstd1_1.4.4+dfsg-3 linux-libc-dev_5.4.19-1 login_1:4.8.1-1 logsave_1.45.5-2 lsb-base_11.1.0 m4_1.4.18-4 make_4.2.1-1.2 man-db_2.9.0-2 mawk_1.3.4.20200120-2 mount_2.34-0.1 ncurses-base_6.1+20191019-1 ncurses-bin_6.1+20191019-1 passwd_1:4.8.1-1 patch_2.7.6-6 perl_5.30.0-9 perl-base_5.30.0-9 perl-modules-5.30_5.30.0-9 po-debconf_1.0.21 sbuild-build-depends-main-dummy_0.invalid.0 sed_4.7-1 sensible-utils_0.0.12+nmu1 sysvinit-utils_2.96-2.1 tar_1.30+dfsg-6+b1 tzdata_2019c-3 util-linux_2.34-0.1 xz-utils_5.2.4-1+b1 zlib1g_1:1.2.11.dfsg-2

+------------------------------------------------------------------------------+
| Build                                                                        |
+------------------------------------------------------------------------------+


Unpack source
-------------

-----BEGIN PGP SIGNED MESSAGE-----
Hash: SHA512

Format: 3.0 (quilt)
Source: libperl5i-perl
Binary: libperl5i-perl
Architecture: any
Version: 2.13.2-1
Maintainer: Debian Perl Group <pkg-perl-maintainers@lists.alioth.debian.org>
Uploaders: Ivan Kohler <ivan-debian@420.am>, gregor herrmann <gregoa@debian.org>, Dominique Dumont <dod@debian.org>, Xavier Guimard <x.guimard@free.fr>
Homepage: https://metacpan.org/release/perl5i
Standards-Version: 3.9.8
Vcs-Browser: https://anonscm.debian.org/cgit/pkg-perl/packages/libperl5i-perl.git
Vcs-Git: https://anonscm.debian.org/git/pkg-perl/packages/libperl5i-perl.git
Testsuite: autopkgtest-pkg-perl
Build-Depends: debhelper (>= 9.20120312), libautobox-core-perl, libautobox-dump-perl, libautobox-list-util-perl, libautobox-perl, libautovivification-perl, libcapture-tiny-perl, libcarp-fix-1-25-perl, libchild-perl, libclass-perl, libdatetime-format-epoch-perl, libdatetime-perl, libdatetime-timezone-tzfile-perl, libdevel-declare-perl, libfile-chdir-perl, libhash-fieldhash-perl, libhash-merge-simple-perl, libhash-storediterator-perl, libindirect-perl, libipc-system-simple-perl, libjson-maybexs-perl (>= 1.003005), liblist-moreutils-perl, libmodern-perl-perl, libmodule-build-perl, libobject-id-perl, libpath-tiny-perl, libperl6-caller-perl, libsub-name-perl, libtaint-util-perl, libtest-exception-perl, libtest-most-perl, libtest-output-perl, libtest-warn-perl (>= 0.24), libtime-y2038-perl, libtrue-perl, libtry-tiny-perl, libutf8-all-perl (>= 0.015), libwant-perl, libyaml-perl, perl (>= 5.15.3), perl (>= 5.17.2) | libautodie-perl (>= 2.12)
Package-List:
 libperl5i-perl deb perl optional arch=any
Checksums-Sha1:
 0c68664ad895d007b5b678d89355cde74441a99d 132576 libperl5i-perl_2.13.2.orig.tar.gz
 9ee1446a4542e21581fd078e87b75ef898bd8420 6024 libperl5i-perl_2.13.2-1.debian.tar.xz
Checksums-Sha256:
 c1c8b8a58a82216f095bffdec768a2194413303b8ee72f37c2a7be2c458a98e4 132576 libperl5i-perl_2.13.2.orig.tar.gz
 abc38636b889480d70563076891978ee2212d8da697d5c52e64ff30a4043f744 6024 libperl5i-perl_2.13.2-1.debian.tar.xz
Files:
 bc4f646fd66da34df3a5344f99670925 132576 libperl5i-perl_2.13.2.orig.tar.gz
 821e1232454686c3212061fe49e8d14e 6024 libperl5i-perl_2.13.2-1.debian.tar.xz

-----BEGIN PGP SIGNATURE-----

iQJ8BAEBCgBmBQJYFo1PXxSAAAAAAC4AKGlzc3Vlci1mcHJAbm90YXRpb25zLm9w
ZW5wZ3AuZmlmdGhob3JzZW1hbi5uZXREMUUxMzE2RTkzQTc2MEE4MTA0RDg1RkFC
QjNBNjgwMTg2NDlBQTA2AAoJELs6aAGGSaoG418QALI5hKRiCRvPxaxRn7g47P0b
5aeNJVWsYBKK2R5xbHZjEeHCrDJff8gdvwTWm1ii+kjd4UQktaV74cqLY1y1MV4e
ljl1CRy29Y8JRWc6GZdPE1bjSUZRm7xO3qlcdwtwkGSfa3cWnLTA+tZXKrZ7TiLw
93BTypmkMsEK6ui785MfQOpputzfc/pDjiEbNhl2btGUOQBEo3MSexaFbelsrQlj
ogUTr62RKhBuYV6ArMaf3zwAsowvRDEJZPvQaDErovdRMnw8X3t78ggSGXNqtIB/
g56cN7Zfp1dNh/4APmuIyIZiHJdYNNEfpD2ff4SMzWkNF/4rawL/DPSN6uTzMSPy
0DHJWiMELUJZ0oaqHKBw81P396EiIWE5iOO7xz0faOi1NyqKY1/sa6Te5HFhf/Ku
TPpqMXPrOp5XcAZU0Yq5hvBBtJCuXHhQadBN/xJLj08jGZrcO+Q047unu2ca/C1d
1jGkzuS663YHTa6tOvo8NZf4xk+yfmn1JWM31U/YQnm1sCvUkIDL6Nl8au5DMdTw
TjFy/kX+4ICUiBZ1QtWf+o0toB2P0L/RiSUENJzQ3GbbBlheY//VnN50mnCUTTyx
nEXtunrmvF1ENciXwkb9rpwIotAIxWrJmFA/Pez0md70XKNe09CGxwnO678aAwbv
fjUEAxrsI2GaE67mUzEP
=sCU4
-----END PGP SIGNATURE-----

gpgv: unknown type of key resource 'trustedkeys.kbx'
gpgv: keyblock resource '/sbuild-nonexistent/.gnupg/trustedkeys.kbx': General error
gpgv: Signature made Mon Oct 31 00:16:15 2016 UTC
gpgv:                using RSA key BB3A68018649AA06
gpgv: Can't check signature: No public key
dpkg-source: warning: failed to verify signature on ./libperl5i-perl_2.13.2-1.dsc
dpkg-source: info: extracting libperl5i-perl in /<<PKGBUILDDIR>>
dpkg-source: info: unpacking libperl5i-perl_2.13.2.orig.tar.gz
dpkg-source: info: unpacking libperl5i-perl_2.13.2-1.debian.tar.xz
dpkg-source: info: using patch list from debian/patches/series
dpkg-source: info: applying fix-test-for-mips
dpkg-source: info: applying dont-use-dash-Ilib
dpkg-source: info: applying spelling.patch

Check disk space
----------------

Sufficient free space for build

User Environment
----------------

APT_CONFIG=/var/lib/sbuild/apt.conf
HOME=/sbuild-nonexistent
LANG=C.UTF-8
LC_ALL=C.UTF-8
LOGNAME=user42
PATH=/usr/local/sbin:/usr/local/bin:/usr/sbin:/usr/bin:/sbin:/bin:/usr/games
SCHROOT_ALIAS_NAME=unstable
SCHROOT_CHROOT_NAME=sid-amd64-sbuild
SCHROOT_COMMAND=env
SCHROOT_GID=1001
SCHROOT_GROUP=user42
SCHROOT_SESSION_ID=sid-amd64-sbuild-ce95feca-ec3d-49b0-acbb-19fe96e63802
SCHROOT_UID=1001
SCHROOT_USER=user42
SHELL=/bin/sh
USER=user42

dpkg-buildpackage
-----------------

Command: dpkg-buildpackage -us -uc -b -rfakeroot
dpkg-buildpackage: info: source package libperl5i-perl
dpkg-buildpackage: info: source version 2.13.2-1
dpkg-buildpackage: info: source distribution unstable
dpkg-buildpackage: info: source changed by gregor herrmann <gregoa@debian.org>
 dpkg-source --before-build .
dpkg-buildpackage: info: host architecture amd64
 fakeroot debian/rules clean
dh clean
   dh_clean
 debian/rules build
dh build
   dh_update_autotools_config
   dh_auto_configure
	perl -I. Build.PL --installdirs vendor --config "optimize=-g -O2 -fdebug-prefix-map=/<<PKGBUILDDIR>>=. -fstack-protector-strong -Wformat -Werror=format-security -Wdate-time -D_FORTIFY_SOURCE=2" --config "ld=x86_64-linux-gnu-gcc -g -O2 -fdebug-prefix-map=/<<PKGBUILDDIR>>=. -fstack-protector-strong -Wformat -Werror=format-security -Wl,-z,relro -Wl,-z,now"
Created MYMETA.yml and MYMETA.json
Creating new 'Build' script for 'perl5i' version 'v2.13.2'
   dh_auto_build
	perl Build
Building perl5i
x86_64-linux-gnu-gcc -I/usr/lib/x86_64-linux-gnu/perl/5.30/CORE -fPIC -c -D_REENTRANT -D_GNU_SOURCE -DDEBIAN -fwrapv -fno-strict-aliasing -pipe -I/usr/local/include -D_LARGEFILE_SOURCE -D_FILE_OFFSET_BITS=64 -g -O2 -fdebug-prefix-map=/<<PKGBUILDDIR>>=. -fstack-protector-strong -Wformat -Werror=format-security -g -O2 -fdebug-prefix-map=/<<PKGBUILDDIR>>=. -fstack-protector-strong -Wformat -Werror=format-security -Wdate-time -D_FORTIFY_SOURCE=2 -o bin/perl5i.o bin/perl5i.c
x86_64-linux-gnu-gcc -fstack-protector-strong -L/usr/local/lib -Wl,-z,relro -Wl,-z,now -o bin/perl5i bin/perl5i.o
   debian/rules override_dh_auto_test
make[1]: Entering directory '/<<PKGBUILDDIR>>'
TZ=UTC dh_auto_test
	perl Build test --verbose 1
Checking if compiler tools configured... ok.
x86_64-linux-gnu-gcc -I/usr/lib/x86_64-linux-gnu/perl/5.30/CORE -fPIC -c -D_REENTRANT -D_GNU_SOURCE -DDEBIAN -fwrapv -fno-strict-aliasing -pipe -I/usr/local/include -D_LARGEFILE_SOURCE -D_FILE_OFFSET_BITS=64 -g -O2 -fdebug-prefix-map=/<<PKGBUILDDIR>>=. -fstack-protector-strong -Wformat -Werror=format-security -g -O2 -fdebug-prefix-map=/<<PKGBUILDDIR>>=. -fstack-protector-strong -Wformat -Werror=format-security -Wdate-time -D_FORTIFY_SOURCE=2 -o bin/perl5i.o bin/perl5i.c
x86_64-linux-gnu-gcc -fstack-protector-strong -L/usr/local/lib -Wl,-z,relro -Wl,-z,now -o bin/perl5i bin/perl5i.o
Deleting blib/script/perl5i
Copying bin/perl5i -> blib/script/perl5i
t/ARGV.t ..................... 
ok 1
1..1
ok
t/ARGV_twice.t ............... 
ok 1
1..1
ok
t/CLASS.t .................... 
ok 1 - CLASS keyword
ok 2 - $CLASS
1..2
ok
t/Child.t .................... 
ok 1 - main->can('child')
ok 2 - child has self
ok 3 - child has parent PID
ok 4 - Not Complete
ok 5 - Full IPC
ok 6 - wait
ok 7 - Complete
ok 8 - Exit clean
ok 9 - Died, no IPC
ok 10 - No IPC
ok 11 - Send signal
ok 12 - wait
ok 13 - Complete
ok 14 - Exit 2
ok 15 - Real exit
ok 16 - A
ok 17 - B
ok 18 - No autoflush (read delta time 5, fork delta 0)
ok 19 - Child detached
1..19
ok
t/English.t .................. 
ok 1
ok 2
ok 3
ok 4
ok 5
1..5
ok
t/File-stat.t ................ 
ok 1 - An object of class 'File::stat' isa 'File::stat'
ok 2
ok 3 - stat() in array context
ok 4 - lstat() in array context
1..4
ok
t/List-MoreUtils/all.t ....... 
ok 1
ok 2
1..2
ok
t/List-MoreUtils/any.t ....... 
ok 1
ok 2
1..2
ok
t/List-MoreUtils/false.t ..... 
ok 1
ok 2
1..2
ok
t/List-MoreUtils/mesh.t ...... 
ok 1
ok 2
ok 3 - Returns an array in list context
1..3
ok
t/List-MoreUtils/minmax.t .... 
ok 1
ok 2
ok 3 - Returns an array in list context
1..3
ok
t/List-MoreUtils/none.t ...... 
ok 1
ok 2
1..2
ok
t/List-MoreUtils/true.t ...... 
ok 1
ok 2
1..2
ok
t/List-MoreUtils/uniq.t ...... 
ok 1
ok 2
ok 3 - Returns an array in list context
1..3
ok
t/List-Util/first.t .......... 
1..14
ok 1 - one more than 8
ok 2 - none match
ok 3 - no args
ok 4 - reference args
ok 5 - use of eval
ok 6 - use of die
ok 7 - wantarray
ok 8 - return
ok 9 - return from loop
ok 10 - other package
ok 11 - undef active sub
ok 12 - redefine self
ok 13 - from active sub
ok 14 - Works with Regexp
ok
t/List-Util/max.t ............ 
1..4
ok 1 - single arg
ok 2 - 2-arg ordered
ok 3 - 2-arg reverse ordered
ok 4 - 20-arg random order
ok
t/List-Util/maxstr.t ......... 
1..4
ok 1 - single arg
ok 2 - 2-arg ordered
ok 3 - 2-arg reverse ordered
ok 4 - random ordered
ok
t/List-Util/min.t ............ 
1..4
ok 1 - single arg
ok 2 - 2-arg ordered
ok 3 - 2-arg reverse ordered
ok 4 - 20-arg random order
ok
t/List-Util/minstr.t ......... 
1..4
ok 1 - single arg
ok 2 - 2-arg ordered
ok 3 - 2-arg reverse ordered
ok 4 - random ordered
ok
t/List-Util/reduce.t ......... 
1..20
ok 1 - no args
ok 2 - 4-arg divide
ok 3 - one arg
ok 4 - min
ok 5 - concat
ok 6 - call sub
ok 7 - use eval{}
ok 8 - die
ok 9 - scalar context
ok 10 - sub reference
ok 11 - call sub
ok 12 - eval string
ok 13 - restore $a
ok 14 - restore $b
ok 15 - return
ok 16 - return from loop
ok 17 - undef active sub
ok 18 - redefine self
ok 19
ok 20 - from active sub
ok
t/List-Util/shuffle.t ........ 
1..6
ok 1 - no args
ok 2 - 1 in 1 out
ok 3 - one arg
ok 4 - arg count
ok 5 - result different to args
ok 6 - values
ok
t/List-Util/sum.t ............ 
1..6
ok 1 - no args
ok 2 - one arg
ok 3 - 4 args
ok 4 - one -1
ok 5 - variable arg
ok 6 - real numbers
ok
t/Meta/ISA.t ................. 
ok 1
ok 2
ok 3
ok 4
ok 5
ok 6 - scalar context
1..6
ok
t/Meta/checksum.t ............ 
ok 1
ok 2
ok 3
ok 4
ok 5
ok 6
ok 7
ok 8
ok 9
ok 10
ok 11
ok 12
ok 13
ok 14
ok 15
ok 16
ok 17
ok 18
ok 19
ok 20
ok 21
ok 22
ok 23
ok 24
ok 25
ok 26
ok 27
ok 28
ok 29
1..29
ok
t/Meta/class.t ............... 
ok 1
ok 2
ok 3
ok 4
ok 5
ok 6
ok 7
1..7
ok
t/Meta/id.t .................. 
ok 1 - Foo has an id
ok 2 -   its unique
ok 3 -   second call the same
ok 4 - Foo has an id
ok 5 -   its unique
ok 6 -   second call the same
ok 7 - Regexp has an id
ok 8 -   its unique
ok 9 -   second call the same
ok 10 - Regexp has an id
ok 11 -   its unique
ok 12 -   second call the same
ok 13 - CODE has an id
ok 14 -   its unique
ok 15 -   second call the same
ok 16 - CODE has an id
ok 17 -   its unique
ok 18 -   second call the same
ok 19 - SCALAR has an id
ok 20 -   its unique
ok 21 -   second call the same
ok 22 - SCALAR has an id
ok 23 -   its unique
ok 24 -   second call the same
ok 25 - ARRAY has an id
ok 26 -   its unique
ok 27 -   second call the same
ok 28 - ARRAY has an id
ok 29 -   its unique
ok 30 -   second call the same
ok 31 - 42 has an id
ok 32 -   its unique
ok 33 -   second call the same
ok 34 - 42 has an id
ok 35 -   its unique
ok 36 -   second call the same
ok 37 - string has an id
ok 38 -   its unique
ok 39 -   second call the same
ok 40 - string has an id
ok 41 -   its unique
ok 42 -   second call the same
ok 43 - ID remains the same for a scalar with changed content
ok 44 - ID remains the same even if an object's contents change
1..44
ok
t/Meta/is-equal.t ............ 
ok 1
ok 2
ok 3
ok 4
ok 5
ok 6
ok 7
ok 8
ok 9
ok 10
ok 11
ok 12
ok 13
ok 14
ok 15
ok 16
ok 17
ok 18
ok 19
ok 20
ok 21
ok 22
ok 23
ok 24
ok 25
ok 26
ok 27
ok 28
ok 29
ok 30
ok 31
ok 32
ok 33
ok 34
ok 35
ok 36
ok 37 - Number is equal to itself
ok 38
ok 39
ok 40
ok 41
ok 42
ok 43
1..43
ok
t/Meta/linear_isa.t .......... 
ok 1
ok 2
ok 3
ok 4
ok 5 - scalar context
1..5
ok
t/Meta/methods.t ............. 
# methods of a class with no parent
ok 1 - methods on a simple class
ok 2 - methods on a simple object
# methods of a class on a child
ok 3 - inherited methods on a class
ok 4 - inherited method on a class
# just_mine => 1
ok 5 - just_mine does not show inherited methods
# with_UNIVERSAL => 1
ok 6 - My::Child->child1
ok 7 - My::Child->child2
ok 8 - My::Child->parent1
ok 9 - My::Child->isa
ok 10 - My::Child->can
ok 11 - My::Child->VERSION
ok 12 - My::Child->mc
ok 13 - My::Child->mo
# UNIVERSAL still works
ok 14 - UNIVERSAL->can
ok 15 - UNIVERSAL->isa
ok 16 - UNIVERSAL->VERSION
ok 17 - UNIVERSAL->mc
ok 18 - UNIVERSAL->mo
# Weird things in the symbol table
ok 19 - Fcntl->can(...)
# func gets filtered out of methods list
ok 20 - on a class
ok 21 - on an object
ok 22 - on a child class
ok 23 - on a child object
ok 24 - My::MixedDefs::Child->can('as_func')
1..24
ok
t/Meta/reftype.t ............. 
ok 1
ok 2
ok 3
ok 4
not ok 5 - bare array # TODO bare hashes and arrays give the wrong reftype
#   Failed (TODO) test 'bare array'
#   at t/Meta/reftype.t line 21.
#          got: 'ARRAY'
#     expected: undef
not ok 6 - bare hash # TODO bare hashes and arrays give the wrong reftype
#   Failed (TODO) test 'bare hash'
#   at t/Meta/reftype.t line 24.
#          got: 'HASH'
#     expected: undef
1..6
ok
t/Meta/super.t ............... 
ok 1
ok 2
ok 3
ok 4
ok 5
ok 6
ok 7
ok 8
1..8
ok
t/Meta/symbol_table.t ........ 
# symbol_table
ok 1 - symbol_table
ok 2 - glob contains a hash
ok 3 - glob contains a code ref
ok 4 - glob does not contain an array
1..4
ok
t/Want.t ..................... 
ok 1
ok 2
ok 3
ok 4
not ok 5 # TODO want() with prototypes is busted, thinks its CODE
#   Failed (TODO) test at t/Want.t line 36.
#          got: undef
#     expected: '23'
ok 6
ok 7
ok 8
ok 9
1..9
ok
t/alias.t .................... 
ok 1
ok 2
ok 3
ok 4 - caller only prepended if there's no ::
ok 5 - caller not prepended if there's more than one
ok 6
ok 7
ok 8
ok 9
ok 10
ok 11
ok 12
ok 13
ok 14
ok 15
ok 16 - no warning
1..16
ok
t/as_hash.t .................. 
# array to hash
ok 1
ok 2
1..2
ok
t/autobox.t .................. 
ok 1
ok 2
1..2
ok
t/autodie.t .................. 
ok 1
ok 2
1..2
ok
t/autovivification.t ......... 
ok 1 - hash ref does not autoviv
ok 2 - hash ref does not autoviv
ok 3 - hash key does not autoviv
ok 4 - hash key does not autoviv
1..4
ok
t/caller.t ................... 
ok 1 - CORE::caller() sane
ok 2 - caller() in list context
ok 3 - caller->package
ok 4 - caller->filename
ok 5 - caller->line
ok 6 - caller->subroutine
ok 7 - caller->hasargs
ok 8 - caller->wantarray
ok 9 - caller->evaltext
ok 10 - caller->is_require
ok 11 - stringified caller
1..11
ok
t/can.t ...................... 
ok 1 - autoboxing vs can()
ok 2 -   no really, it should work
1..2
ok
t/capture.t .................. 
# scalar context
ok 1
ok 2 - stderr is silenced
# tee
ok 3
ok 4
# merge
ok 5
1..5
ok
t/carp.t ..................... 
ok 1
ok 2
ok 3
1..3
ok
t/center.t ................... 
ok 1 - ->center() with even length has equal whitespace on both sides
ok 2 - ->center() with even length has equal whitespace on both sides
ok 3 - ->center() with odd length pads left
ok 4 - ->center() with too-short length returns the string unmodified
ok 5 - ->center(0)
ok 6 - ->center(-1)
ok 7 - ->center(undef)
ok 8
ok 9 - ->center(6, "-")
ok 10 - ->center(7, "-")
ok 11 - ->center(0, "-")
ok 12 - ->center(undef)
ok 13
ok 14 - center(5) returns that size
ok 15 - center(6) returns that size
ok 16 - center(7) returns that size
ok 17 - center(8) returns that size
ok 18 - center(9) returns that size
ok 19 - center(10) returns that size
ok 20 - center(11) returns that size
ok 21 - center(12) returns that size
ok 22 - center(13) returns that size
ok 23 - center(14) returns that size
ok 24 - center(15) returns that size
ok 25 - center(16) returns that size
ok 26 - center(17) returns that size
ok 27 - center(18) returns that size
ok 28 - center(19) returns that size
ok 29 - center(20) returns that size
1..29
ok
t/chdir.t .................... 
ok 1
ok 2
ok 3
ok 4
ok 5
1..5
ok
t/command_line_wrapper.t ..... 
ok 1 - perl5i command line wrapper was built
ok 2 -   and it runs
ok 3 - Hello perl5i!
ok 4 - perl5i -h works as expected
ok 5 - $^X is perl5i
ok 6 - compound -e
ok 7 - not fooled by -Module
ok 8 - $0 preserved
ok 9 - __LINE__ preserved
ok 10 - __FILE__ preserved
ok 11 - reads code from stdin
ok 12 - program in a file
ok 13 - no strict vars for perl5i
ok 14 - no strict vars for perl -Mperl5i::latest -e '...'
ok 15 - -e with no code
ok 16 - null byte
1..16
ok
t/commify.t .................. 
ok 1 - 1->commify()
ok 2 - 1234->commify()
ok 3 - 123456789->commify()
ok 4 - 123456789.1234->commify()
ok 5 - -12345->commify()
ok 6 - 123456789->commify(   'grouping' => 3,   'separator' => '.' )
ok 7 - 123456789->commify(   'grouping' => 2,   'separator' => ',' )
ok 8 - 123456789->commify(   'grouping' => 0,   'separator' => ',' )
ok 9 - 123456789.987->commify(   'decimal_point' => ',',   'separator' => '.' )
ok 10 - 123456789->commify(   'decimal_point' => ',',   'separator' => '.' )
ok 11 - 123456789.->commify(   'decimal_point' => ',',   'separator' => '.' )
ok 12 - 123456789.0->commify(   'decimal_point' => ',',   'separator' => '.' )
ok 13 - 12345.678->commify()
ok 14 - 0->commify()
ok 15 - 0.12->commify()
1..15
ok
t/datetime.t ................. 
# time is 351694272
ok 1 - 'localtime returns a DateTime' isa 'DateTime'
ok 2 -   scalar context
ok 3 -   method call
ok 4 -   epoch
ok 5 -   array context
ok 6 -   no args
ok 7 -   array argument
ok 8 - DateTime doesn't bitch on concatenation
ok 9 - 'gmtime returns a DateTime' isa 'DateTime'
ok 10 -   scalar context
ok 11 -   method call
ok 12 -   epoch
ok 13 -   array context
ok 14 -   no args
ok 15 -   array argument
ok 16 - DateTime doesn't bitch on concatenation
ok 17 - time
ok 18 - '  is DateTime' isa 'DateTime'
ok 19
ok 20
ok 21
ok 22
ok 23
ok 24
ok 25
ok 26
ok 27 - DateTime methods: sec min hour day month year day_of_week day_of_year is_dst
ok 28 - DateTime methods: second minute hour mday mon year dow doy is_dst
ok 29 - DateTime methods: sec min hour day_of_month mon year wday doy is_dst
1..29
ok
t/die.t ...................... 
ok 1 - normal die exit code
ok 2 - normal die stdout
ok 3 - normal die stderr
ok 4 - die without line exit code
ok 5 - die without line stdout
ok 6 - die without line stderr
ok 7 - die with $! = 5 exit code
ok 8 - die with $! = 5 stdout
ok 9 - die with $! = 5 stderr
ok 10 - die with $! = 0 and $? = 5 exit code
ok 11 - die with $! = 0 and $? = 5 stdout
ok 12 - die with $! = 0 and $? = 5 stderr
ok 13 - die with $! = 6 and $? = 5 exit code
ok 14 - die with $! = 6 and $? = 5 stdout
ok 15 - die with $! = 6 and $? = 5 stderr
ok 16 - die in block eval
ok 17 - die in block eval with multiple arguments
ok 18 - die with a reference is unaltered
ok 19 - __DIE__ signal handler
ok 20 - die() did not set errno
ok 21 - die in a different package exit code
ok 22 - die in a different package stdout
ok 23 - die in a different package stderr
1..23
ok
t/diff.t ..................... 
ok 1 - Simple number diff
ok 2 - Simple number diff
ok 3 - No arguments
ok 4 - Diff with an empty array
ok 5 - Diff an empty array
ok 6 - Returns array in list context
ok 7
ok 8
ok 9
ok 10
ok 11 - Works ok with strings
ok 12 - Mix strings and numbers
ok 13 - Mix numbers and strings
ok 14
ok 15
ok 16 - Diff more than two arrays
ok 17 - Diff more than two arrays
ok 18 - Works for nested data structures
ok 19
ok 20
ok 21
ok 22
ok 23 - stress test 1
ok 24 - stress test 2
ok 25
ok 26
ok 27
ok 28
ok 29
ok 30
ok 31
ok 32
ok 33
ok 34
ok 35
ok 36
ok 37
ok 38
ok 39
ok 40
1..40
ok
t/dump/array.t ............... 
1..3
ok 1
ok 2
ok 3
ok
t/dump/code.t ................ 
not ok 1 - dump eval'd # TODO closures aren't dumped properly
#   Failed (TODO) test 'dump eval'd'
#   at t/dump/code.t line 12.
# Global symbol "$foo" requires explicit package name (did you forget to declare "my $foo"?) at (eval 58) line 28.
ok 2 - dump eval'd
ok 3 - anon sub dump
1..3
ok
t/dump/formats.t ............. 
ok 1 - perl
ok 2 - json
ok 3 - yaml
1..3
ok
t/dump/hash.t ................ 
1..5
ok 1
ok 2
ok 3
ok 4
ok 5 - dump as yaml
ok
t/dump/obj.t ................. 
ok 1
ok 2 - An object of class 'Foo' isa 'Foo'
ok 3
ok 4
ok 5
ok 6 - dump as yaml
1..6
ok
t/dump/scalar.t .............. 
1..4
ok 1
ok 2
ok 3
ok 4
ok
t/each.t ..................... 
# each with no signature
ok 1
# each with one arg
ok 2
# each with two args
ok 3
# each call is safe
ok 4
# Tests adapted from Hash::StoredIterator
ok 5 - Got key
ok 6 - Got val
ok 7 - $_ is set to key
ok 8 - $a is set to key
ok 9 - $b is set to val
ok 10 - $_ is set to key
ok 11 - $a is set to key
ok 12 - $b is set to val
ok 13 - $_ is set to key
ok 14 - $a is set to key
ok 15 - $b is set to val
ok 16 - $_ is set to key
ok 17 - $a is set to key
ok 18 - $b is set to val
ok 19 - $_ is not squashed by inner loop
ok 20 - $a is not squashed by inner loop
ok 21 - $a is not squashed by inner loop
ok 22 - Got key
ok 23 - Got val
ok 24 - $_ is set to key
ok 25 - $a is set to key
ok 26 - $b is set to val
ok 27 - $_ is set to key
ok 28 - $a is set to key
ok 29 - $b is set to val
ok 30 - $_ is set to key
ok 31 - $a is set to key
ok 32 - $b is set to val
ok 33 - $_ is set to key
ok 34 - $a is set to key
ok 35 - $b is set to val
ok 36 - $_ is not squashed by inner loop
ok 37 - $a is not squashed by inner loop
ok 38 - $a is not squashed by inner loop
ok 39 - Got key
ok 40 - Got val
ok 41 - $_ is set to key
ok 42 - $a is set to key
ok 43 - $b is set to val
ok 44 - $_ is set to key
ok 45 - $a is set to key
ok 46 - $b is set to val
ok 47 - $_ is set to key
ok 48 - $a is set to key
ok 49 - $b is set to val
ok 50 - $_ is set to key
ok 51 - $a is set to key
ok 52 - $b is set to val
ok 53 - $_ is not squashed by inner loop
ok 54 - $a is not squashed by inner loop
ok 55 - $a is not squashed by inner loop
ok 56 - Outer loop got all keys
ok 57 - Inner loop got all keys multiple times
1..57
ok
t/equal.t .................... 
ok 1 - Number class
ok 2 - String class
ok 3 - number equals itself
ok 4 - code equals itself
ok 5 - glob equals itself
ok 6 - scalar equals itself
ok 7 - object equals itself
ok 8 - array equals itself
ok 9 - hash equals itself
ok 10 - ref equals itself
ok 11 - string equals itself
ok 12 - undef equals itself
ok 13 - number not equal code
ok 14 - number not equal glob
ok 15 - number not equal scalar
ok 16 - number not equal object
ok 17 - number not equal array
ok 18 - number not equal hash
ok 19 - number not equal ref
ok 20 - number not equal string
ok 21 - number not equal undef
ok 22 - code not equal number
ok 23 - code not equal glob
ok 24 - code not equal scalar
ok 25 - code not equal object
ok 26 - code not equal array
ok 27 - code not equal hash
ok 28 - code not equal ref
ok 29 - code not equal string
ok 30 - code not equal undef
ok 31 - glob not equal number
ok 32 - glob not equal code
ok 33 - glob not equal scalar
ok 34 - glob not equal object
ok 35 - glob not equal array
ok 36 - glob not equal hash
ok 37 - glob not equal ref
ok 38 - glob not equal string
ok 39 - glob not equal undef
ok 40 - scalar not equal number
ok 41 - scalar not equal code
ok 42 - scalar not equal glob
ok 43 - scalar not equal object
ok 44 - scalar not equal array
ok 45 - scalar not equal hash
ok 46 - scalar not equal ref
ok 47 - scalar not equal string
ok 48 - scalar not equal undef
ok 49 - object not equal number
ok 50 - object not equal code
ok 51 - object not equal glob
ok 52 - object not equal scalar
ok 53 - object not equal array
ok 54 - object not equal hash
ok 55 - object not equal ref
ok 56 - object not equal string
ok 57 - object not equal undef
ok 58 - array not equal number
ok 59 - array not equal code
ok 60 - array not equal glob
ok 61 - array not equal scalar
ok 62 - array not equal object
ok 63 - array not equal hash
ok 64 - array not equal ref
ok 65 - array not equal string
ok 66 - array not equal undef
ok 67 - hash not equal number
ok 68 - hash not equal code
ok 69 - hash not equal glob
ok 70 - hash not equal scalar
ok 71 - hash not equal object
ok 72 - hash not equal array
ok 73 - hash not equal ref
ok 74 - hash not equal string
ok 75 - hash not equal undef
ok 76 - ref not equal number
ok 77 - ref not equal code
ok 78 - ref not equal glob
ok 79 - ref not equal scalar
ok 80 - ref not equal object
ok 81 - ref not equal array
ok 82 - ref not equal hash
ok 83 - ref not equal string
ok 84 - ref not equal undef
ok 85 - string not equal number
ok 86 - string not equal code
ok 87 - string not equal glob
ok 88 - string not equal scalar
ok 89 - string not equal object
ok 90 - string not equal array
ok 91 - string not equal hash
ok 92 - string not equal ref
ok 93 - string not equal undef
ok 94 - undef not equal number
ok 95 - undef not equal code
ok 96 - undef not equal glob
ok 97 - undef not equal scalar
ok 98 - undef not equal object
ok 99 - undef not equal array
ok 100 - undef not equal hash
ok 101 - undef not equal ref
ok 102 - undef not equal string
ok 103 - Two equivalent nested data structures
ok 104 - Two non-equal nested data structures
ok 105 - OBJ== equal OBJ==
ok 106 - OBJ== equals number
ok 107 - OBJ== not equal to code
ok 108 - OBJ== not equal to glob
ok 109 - OBJ== not equal to scalar
ok 110 - OBJ== not equal to object
ok 111 - OBJ== not equal to array
ok 112 - OBJ== not equal to hash
ok 113 - OBJ== not equal to ref
ok 114 - OBJ== not equal to string
ok 115 - OBJ== not equal to undef
ok 116 - OBJ"" equal OBJ""
ok 117 - OBJ"" equal string
ok 118 - OBJ"" not equal to number
ok 119 - OBJ"" not equal to code
ok 120 - OBJ"" not equal to glob
ok 121 - OBJ"" not equal to scalar
ok 122 - OBJ"" not equal to object
ok 123 - OBJ"" not equal to array
ok 124 - OBJ"" not equal to hash
ok 125 - OBJ"" not equal to ref
ok 126 - OBJ"" not equal to undef
1..126
ok
t/everything_is_an_object.t .. 
ok 1 - The class (or class-like) 'Foo' isa 'UNIVERSAL'
ok 2 - autoboxed things are objects # TODO 42->isa("UNIVERSAL") and autobox conflict, see [github #114]
1..2
ok
t/flip.t ..................... 
ok 1
ok 2 - Returns hash in list context
ok 3 - Dies if values are not valid hash keys
1..3
ok
t/foreach.t .................. 
ok 1
ok 2
ok 3
ok 4
ok 5
ok 6
1..6
ok
t/github164.t ................ 
ok 1 - Did not segfault
1..1
ok
t/grep.t ..................... 
ok 1 - Should accept code refs
ok 2 - Should accept Regexps
ok 3 - Works with SCALAR
ok 4 - Works with SCALAR
ok 5 - Works with Regexp
ok 6 - Works with HASH
ok 7 - Works with ARRAY
ok 8 - Works with ARRAY
ok 9 - ... as with Code refs
ok 10 - Returns an array in list context
1..10
ok
t/hash-diff.t ................ 
ok 1
ok 2
ok 3
ok 4
ok 5
ok 6
1..6
ok
t/hash-intersect.t ........... 
ok 1
ok 2
ok 3
ok 4
ok 5
ok 6
1..6
ok
t/hash-merge.t ............... 
ok 1
ok 2 - Rightmost precedence
ok 3 - Three arguments
ok 4 - Works for nested hashes also
ok 5 - Returns hash in list context
1..5
ok
t/intersect.t ................ 
ok 1 - Simple number intersect
ok 2 - Simple number intersect
ok 3 - Returns an array in list context
ok 4 - No arguments
ok 5 - Intersect with an empty array
ok 6 - Diff an empty array
ok 7
ok 8
ok 9
ok 10
ok 11 - Works ok with strings
ok 12 - Mix strings and numbers
ok 13 - Mix numbers and strings
ok 14
ok 15
ok 16 - Intersect more than two arrays
ok 17 - Intersect more than two arrays
ok 18 - Works for nested data structures
ok 19
ok 20
ok 21
ok 22
ok 23 - stress test 1
ok 24 - stress test 2
ok 25
ok 26
ok 27
ok 28
ok 29
ok 30
ok 31
ok 32
ok 33
ok 34
ok 35
ok 36
ok 37
ok 38
ok 39
1..39
ok
t/io-handle.t ................ 
ok 1
1..1
ok
t/is_module_name.t ........... 
ok 1 - valid: foo
ok 2 - valid: bar123
ok 3 - valid: Foo213::456
ok 4 - valid: f
ok 5 - valid: a::b
ok 6 - valid: öø::bår
ok 7 - invalid: ::a::c
ok 8 - invalid: 123
ok 9 - invalid: 1abc
ok 10 - invalid: foo$bar
ok 11 - invalid: $foo::bar
ok 12 - invalid: foo/bar
1..12
ok
t/lexical.t .................. 
ok 1
not ok 2 # TODO lexical File::stat
#   Failed (TODO) test at t/lexical.t line 23.
ok 3
ok 4 - no autovivification is lexical
ok 5
ok 6
1..6
ok
t/list-trim.t ................ 
ok 1 - Left array trim
ok 2 - Right array trim
ok 3 - Array trim
ok 4 - Left array trim with argument
ok 5 - Right array trim with argument
ok 6 - Array trim with argument
ok 7 - Array ref trim
ok 8 - Chained trim
ok 9 - Empty array trim
ok 10 - Array trim, list context
ok 11 - Left array trim, list context
ok 12 - Right array trim, list context
1..12
ok
t/list.t ..................... 
# list context
ok 1 - The universe didn't implode
ok 2 - 'list returns array' isa 'ARRAY'
ok 3 - list turned the thing into a list!
# scalar context
ok 4 - in scalar context, returns array size
ok 5 - returns the right array size
# all together now
ok 6 - scalar list $thing is the size
# list list
ok 7 - using list on a list gives you a list
ok 8 - force scalar context, even with list
# wantarray
ok 9 - list triggers wantarray
1..9
ok
t/load_together.t ............ 
not ok 1 - no warnings # TODO loading perl5i::1 and perl5i::2 together not entirely safe
#   Failed (TODO) test 'no warnings'
#   at t/load_together.t line 23.
#          got: '3'
#     expected: '0'
# [
#   'Array passed to stat will be coerced to a scalar (did you want stat $_[0]?) at /<<PKGBUILDDIR>>/blib/lib/perl5i/1.pm line 137.
# ',
#   'Array passed to stat will be coerced to a scalar (did you want stat $_[0]?) at /<<PKGBUILDDIR>>/blib/lib/perl5i/1.pm line 142.
# ',
#   'Subroutine UNIVERSAL::mo redefined at /<<PKGBUILDDIR>>/blib/lib/perl5i/2/Meta.pm line 15.
# '
# ]
1..1
ok
t/map.t ...................... 
ok 1 - map in list context
ok 2 - map in scalar context
ok 3 - map with named arguments
1..3
ok
t/method_leaking.t ........... 
ok 1
ok 2
1..2
ok
t/modern_perl.t .............. 
ok 1 - strict is on
ok 2
ok 3
ok 4 - given/when enabled
ok 5 - C3 on
1..5
ok
t/module2path.t .............. 
# Test some simple symetrical conversions
ok 1
ok 2
ok 3
ok 4
ok 5
ok 6
ok 7
ok 8
# Invalid module paths
ok 9
ok 10
ok 11
# Invalid module names
ok 12
ok 13
ok 14
1..14
ok
t/no_indirect.t .............. 
ok 1
ok 2
1..2
ok
t/number.t ................... 
ok 1
ok 2
ok 3
ok 4
ok 5
ok 6
ok 7
ok 8
ok 9
ok 10
ok 11
ok 12
ok 13
ok 14
ok 15
ok 16
ok 17
ok 18
ok 19
ok 20
ok 21
ok 22
ok 23
ok 24
ok 25
ok 26
ok 27
ok 28
ok 29
ok 30 - zero is not negative
ok 31 - zero is not positive
ok 32
ok 33
ok 34
ok 35
ok 36
ok 37
ok 38
ok 39
ok 40
ok 41
ok 42
ok 43
ok 44
ok 45
ok 46
ok 47
ok 48
ok 49
ok 50
ok 51
ok 52
ok 53
ok 54
ok 55
ok 56
ok 57
ok 58
ok 59
not ok 60 # TODO  hex is weird 
#   Failed (TODO) test at t/number.t line 80.
#          got: '597'
#     expected: 'FF'
not ok 61 # TODO  hex is weird 
#   Failed (TODO) test at t/number.t line 81.
#          got: '-1'
#     expected: '255'
not ok 62 # TODO  hex is weird 
#   Failed (TODO) test at t/number.t line 82.
#          got: '254'
#     expected: '255'
ok 63
ok 64
ok 65
ok 66
ok 67
ok 68
ok 69
ok 70
ok 71
ok 72
ok 73
ok 74
ok 75
ok 76
ok 77
ok 78
ok 79
ok 80
ok 81
ok 82
1..82
ok
t/path/base.t ................ 
# is Path::Tiny working?
ok 1 - An object of class 'Path::Tiny' isa 'Path::Tiny'
ok 2
ok 3
1..3
ok
t/perl5i.t ................... 
ok 1 - require perl5i;
ok 2
ok 3
ok 4 - perl -Mperl5i -e '...' means -Mperl5i::latest
1..4
ok
t/pick.t ..................... 
# is_subset
ok 1
ok 2
ok 3
# pick()
ok 4
ok 5
ok 6
ok 7
ok 8
ok 9
ok 10
ok 11
# pick with undefined elements
ok 12
ok 13
# pick method with duplicate elements
ok 14
ok 15
# pick with no args
ok 16
# pick with negative arg
ok 17
# pick with non-numerical argument
ok 18
# pick_one method
ok 19
ok 20
ok 21
# pick shuffles the result
ok 22
1..22
ok
t/popn.t ..................... 
# popn with no args
ok 1
# popn with negative arg
ok 2
# popn with non-numerical argument
ok 3
# popn with arg == 0
ok 4
ok 5
# popn with arg > 0
ok 6
ok 7
# popn with arg > length of array
ok 8
ok 9
# popn in scalar context
ok 10
ok 11
1..11
ok
t/require.t .................. 
# Successful require
ok 1
ok 2 - errno didn't leak out
ok 3 - $@ not overwritten
ok 4 - require
ok 5 - nothing imported
ok 6 -   default import
# Module doesn't exist
ok 7
ok 8
ok 9 - errno didn't leak out
# Invalid module name
ok 10
ok 11
1..11
ok
t/require_message.t .......... 
ok 1 - Sub is at end
ok 2 - Something is after our sub.
ok 3 - Require things that are installed works
ok 4 - Useful message
ok 5 - sub at end
ok 6 - same file base
ok 7 - Special message turned off out of scope
1..7
ok
t/say.t ...................... 
ok 1 - %hash->say
ok 2 - %hash->print
1..2
ok
t/scalar.t ................... 
ok 1
ok 2
ok 3
ok 4
ok 5
ok 6
ok 7
ok 8
ok 9
ok 10
ok 11
ok 12
ok 13
ok 14
ok 15
ok 16
ok 17
# reverse
ok 18 - string->reverse always reverses the string
1..18
ok
t/shiftn.t ................... 
# shiftn with no args
ok 1
# shiftn with negative arg
ok 2
# shiftn with non-numerical argument
ok 3
# shiftn with arg == 0
ok 4
ok 5
# shiftn with arg > 0
ok 6
ok 7
# shiftn with arg > length of array
ok 8
ok 9
# shiftn in scalar context
ok 10
ok 11
1..11
ok
t/signature.t ................ 
ok 1 - An object of class 'perl5i::2::Signature::Function::None' isa 'perl5i::2::Signature::None'
ok 2
ok 3
ok 4
ok 5
ok 6
ok 7
ok 8
ok 9 - An object of class 'perl5i::2::Signature::Function::None' isa 'perl5i::2::Signature::None'
ok 10
ok 11
ok 12
ok 13
ok 14
ok 15
ok 16 - An object of class 'perl5i::2::Signature::Method::None' isa 'perl5i::2::Signature::None'
ok 17
ok 18
ok 19
ok 20
ok 21
ok 22
ok 23 - An object of class 'perl5i::2::Signature' isa 'perl5i::2::Signature'
ok 24
ok 25
ok 26
ok 27 - An object of class 'perl5i::2::Signature::Real' isa 'perl5i::2::Signature::Real'
ok 28
ok 29
ok 30
ok 31
ok 32
ok 33
ok 34
ok 35
ok 36
ok 37
ok 38
ok 39
ok 40
ok 41
ok 42
ok 43
ok 44
ok 45
ok 46
ok 47
ok 48
ok 49
ok 50
ok 51 - An object of class 'perl5i::2::Signature' isa 'perl5i::2::Signature'
ok 52 - $arg
ok 53
ok 54 - An object of class 'perl5i::2::Signature' isa 'perl5i::2::Signature'
ok 55 - $arg
ok 56
ok 57 - An object of class 'perl5i::2::Signature' isa 'perl5i::2::Signature'
ok 58 - $arg
ok 59
ok 60
ok 61
ok 62
ok 63
ok 64
ok 65
1..65
ok
t/signatures.t ............... 
ok 1
ok 2 - An object of class 'Foo' isa 'Foo'
ok 3
ok 4
ok 5
ok 6
ok 7
ok 8 - same signature
ok 9 - same code ref
ok 10 - same signature
ok 11 - same code ref
1..11
ok
t/skip.t ..................... 
# skipping a feature
ok 1
ok 2
# skipping autodie
ok 3 - autodie is disabled
# unknown feature error
ok 4
ok 5
# unknown import parameter
ok 6
ok 7
1..7
ok
t/taint.t .................... 
# Already tainted global
ok 1
ok 2
ok 3
ok 4
ok 5
# 2.0 compat
ok 6
ok 7
ok 8
# simple scalar
ok 9
ok 10
ok 11
ok 12
ok 13
# scalar ref
ok 14
ok 15
ok 16
ok 17
ok 18
ok 19
# hash
ok 20
ok 21
ok 22
ok 23
ok 24
ok 25
# blessed hash ref
ok 26
ok 27
ok 28
ok 29
ok 30
# blessed scalar ref
ok 31
ok 32
ok 33
ok 34
ok 35
# string overloaded object
ok 36
ok 37
ok 38
ok 39
ok 40
ok 41
ok 42
ok 43
ok 44
ok 45
# DateTime
ok 46
1..46
ok
t/time_compat.t .............. 
ok 1
ok 2 - localtime() honors TZ
ok 3
ok 4
ok 5
ok 6 - gmtime() and localtime() agree what day of year
ok 7 - gmtime(), scalar context
ok 8 - gmtime eq
ok 9
ok 10
ok 11
ok 12
ok 13
1..13
ok
t/true.t ..................... 
ok 1 - use ThisIsTrue;
ok 2
1..2
ok
t/try-tiny.t ................. 
ok 1 - Dying inside a try {} block is captured via Try::Tiny
1..1
ok
t/uniq.t ..................... 
# perl5ifaq entry
ok 1
1..1
ok
t/utf8.t ..................... 
ok 1
ok 2
ok 3
ok 4
ok 5
ok 6
ok 7
ok 8
1..8
ok
Array passed to stat will be coerced to a scalar (did you want stat $_[0]?) at /<<PKGBUILDDIR>>/blib/lib/perl5i/0.pm line 148.
Array passed to stat will be coerced to a scalar (did you want stat $_[0]?) at /<<PKGBUILDDIR>>/blib/lib/perl5i/0.pm line 153.
t/version_0/00_compile.t ..... 
ok 1 - use perl5i::0;
1..1
ok
Array passed to stat will be coerced to a scalar (did you want stat $_[0]?) at /<<PKGBUILDDIR>>/blib/lib/perl5i/1.pm line 137.
Array passed to stat will be coerced to a scalar (did you want stat $_[0]?) at /<<PKGBUILDDIR>>/blib/lib/perl5i/1.pm line 142.
t/version_1/00_compile.t ..... 
ok 1 - use perl5i::1;
1..1
ok
t/vs_listmoreutils.t ......... 
1..1
ok 1 - perl5i can load after List::MoreUtils
ok
t/wrap.t ..................... 
ok 1 - Unmodified string is one line long
ok 2 - Default wrapping gives two lines
ok 3 - One word per line
ok 4 - Excessive wrap length
ok 5 - Zero wrap length
ok 6 - Negative wrap length
ok 7 - Unmodified string is one line long
ok 8 - Default wrapping gives two lines
ok 9 - One word per line
ok 10 - Excessive wrap length
ok 11 - Zero wrap length
ok 12 - Negative wrap length
ok 13 - Unmodified string is one line long
ok 14 - Default wrapping gives two lines
ok 15 - One word per line
ok 16 - Excessive wrap length
ok 17 - Zero wrap length
ok 18 - Negative wrap length
ok 19 - Unmodified string is one line long
ok 20 - Default wrapping gives two lines
ok 21 - One word per line
ok 22 - Excessive wrap length
ok 23 - Zero wrap length
ok 24 - Negative wrap length
ok 25 - Unmodified string is one line long
ok 26 - Default wrapping gives two lines
ok 27 - One word per line
ok 28 - Excessive wrap length
ok 29 - Zero wrap length
ok 30 - Negative wrap length
ok 31 - Unmodified string is one line long
ok 32 - Default wrapping gives two lines
ok 33 - One word per line
ok 34 - Excessive wrap length
ok 35 - Zero wrap length
ok 36 - Negative wrap length
1..36
ok
t/y2038.t .................... 
ok 1
ok 2
1..2
ok
All tests successful.

Test Summary Report
-------------------
t/everything_is_an_object.t (Wstat: 0 Tests: 2 Failed: 0)
  TODO passed:   2
Files=101, Tests=1220, 32 wallclock secs ( 0.35 usr  0.12 sys + 21.82 cusr  2.38 csys = 24.67 CPU)
Result: PASS
make[1]: Leaving directory '/<<PKGBUILDDIR>>'
 fakeroot debian/rules binary
dh binary
   dh_testroot
   dh_prep
   dh_auto_install
	perl Build install --destdir /<<PKGBUILDDIR>>/debian/libperl5i-perl --create_packlist 0
Building perl5i
x86_64-linux-gnu-gcc -I/usr/lib/x86_64-linux-gnu/perl/5.30/CORE -fPIC -c -D_REENTRANT -D_GNU_SOURCE -DDEBIAN -fwrapv -fno-strict-aliasing -pipe -I/usr/local/include -D_LARGEFILE_SOURCE -D_FILE_OFFSET_BITS=64 -g -O2 -fdebug-prefix-map=/<<PKGBUILDDIR>>=. -fstack-protector-strong -Wformat -Werror=format-security -g -O2 -fdebug-prefix-map=/<<PKGBUILDDIR>>=. -fstack-protector-strong -Wformat -Werror=format-security -Wdate-time -D_FORTIFY_SOURCE=2 -o bin/perl5i.o bin/perl5i.c
x86_64-linux-gnu-gcc -fstack-protector-strong -L/usr/local/lib -Wl,-z,relro -Wl,-z,now -o bin/perl5i bin/perl5i.o
Installing /<<PKGBUILDDIR>>/debian/libperl5i-perl/usr/share/perl5/perl5i.pm
Installing /<<PKGBUILDDIR>>/debian/libperl5i-perl/usr/share/perl5/perl5ifaq.pod
Installing /<<PKGBUILDDIR>>/debian/libperl5i-perl/usr/share/perl5/perl5i/1.pm
Installing /<<PKGBUILDDIR>>/debian/libperl5i-perl/usr/share/perl5/perl5i/cmd.pm
Installing /<<PKGBUILDDIR>>/debian/libperl5i-perl/usr/share/perl5/perl5i/latest.pm
Installing /<<PKGBUILDDIR>>/debian/libperl5i-perl/usr/share/perl5/perl5i/Meta.pod
Installing /<<PKGBUILDDIR>>/debian/libperl5i-perl/usr/share/perl5/perl5i/VERSION.pm
Installing /<<PKGBUILDDIR>>/debian/libperl5i-perl/usr/share/perl5/perl5i/Signature.pod
Installing /<<PKGBUILDDIR>>/debian/libperl5i-perl/usr/share/perl5/perl5i/0.pm
Installing /<<PKGBUILDDIR>>/debian/libperl5i-perl/usr/share/perl5/perl5i/2.pm
Installing /<<PKGBUILDDIR>>/debian/libperl5i-perl/usr/share/perl5/perl5i/0/HASH.pm
Installing /<<PKGBUILDDIR>>/debian/libperl5i-perl/usr/share/perl5/perl5i/0/SCALAR.pm
Installing /<<PKGBUILDDIR>>/debian/libperl5i-perl/usr/share/perl5/perl5i/0/ARRAY.pm
Installing /<<PKGBUILDDIR>>/debian/libperl5i-perl/usr/share/perl5/perl5i/0/Meta.pm
Installing /<<PKGBUILDDIR>>/debian/libperl5i-perl/usr/share/perl5/perl5i/0/DateTime.pm
Installing /<<PKGBUILDDIR>>/debian/libperl5i-perl/usr/share/perl5/perl5i/0/DEFAULT.pm
Installing /<<PKGBUILDDIR>>/debian/libperl5i-perl/usr/share/perl5/perl5i/0/Meta/Instance.pm
Installing /<<PKGBUILDDIR>>/debian/libperl5i-perl/usr/share/perl5/perl5i/0/Meta/Class.pm
Installing /<<PKGBUILDDIR>>/debian/libperl5i-perl/usr/share/perl5/perl5i/1/HASH.pm
Installing /<<PKGBUILDDIR>>/debian/libperl5i-perl/usr/share/perl5/perl5i/1/SCALAR.pm
Installing /<<PKGBUILDDIR>>/debian/libperl5i-perl/usr/share/perl5/perl5i/1/ARRAY.pm
Installing /<<PKGBUILDDIR>>/debian/libperl5i-perl/usr/share/perl5/perl5i/1/Meta.pm
Installing /<<PKGBUILDDIR>>/debian/libperl5i-perl/usr/share/perl5/perl5i/1/CODE.pm
Installing /<<PKGBUILDDIR>>/debian/libperl5i-perl/usr/share/perl5/perl5i/1/DateTime.pm
Installing /<<PKGBUILDDIR>>/debian/libperl5i-perl/usr/share/perl5/perl5i/1/autobox.pm
Installing /<<PKGBUILDDIR>>/debian/libperl5i-perl/usr/share/perl5/perl5i/1/UNIVERSAL.pm
Installing /<<PKGBUILDDIR>>/debian/libperl5i-perl/usr/share/perl5/perl5i/1/Meta/Instance.pm
Installing /<<PKGBUILDDIR>>/debian/libperl5i-perl/usr/share/perl5/perl5i/1/Meta/Class.pm
Installing /<<PKGBUILDDIR>>/debian/libperl5i-perl/usr/share/perl5/perl5i/2/HASH.pm
Installing /<<PKGBUILDDIR>>/debian/libperl5i-perl/usr/share/perl5/perl5i/2/Signatures.pm
Installing /<<PKGBUILDDIR>>/debian/libperl5i-perl/usr/share/perl5/perl5i/2/SCALAR.pm
Installing /<<PKGBUILDDIR>>/debian/libperl5i-perl/usr/share/perl5/perl5i/2/ARRAY.pm
Installing /<<PKGBUILDDIR>>/debian/libperl5i-perl/usr/share/perl5/perl5i/2/Meta.pm
Installing /<<PKGBUILDDIR>>/debian/libperl5i-perl/usr/share/perl5/perl5i/2/Signature.pm
Installing /<<PKGBUILDDIR>>/debian/libperl5i-perl/usr/share/perl5/perl5i/2/RequireMessage.pm
Installing /<<PKGBUILDDIR>>/debian/libperl5i-perl/usr/share/perl5/perl5i/2/CODE.pm
Installing /<<PKGBUILDDIR>>/debian/libperl5i-perl/usr/share/perl5/perl5i/2/DateTime.pm
Installing /<<PKGBUILDDIR>>/debian/libperl5i-perl/usr/share/perl5/perl5i/2/autobox.pm
Installing /<<PKGBUILDDIR>>/debian/libperl5i-perl/usr/share/perl5/perl5i/2/equal.pm
Installing /<<PKGBUILDDIR>>/debian/libperl5i-perl/usr/share/perl5/perl5i/2/UNIVERSAL.pm
Installing /<<PKGBUILDDIR>>/debian/libperl5i-perl/usr/share/perl5/perl5i/2/Signature/None.pm
Installing /<<PKGBUILDDIR>>/debian/libperl5i-perl/usr/share/perl5/perl5i/2/Signature/Real.pm
Installing /<<PKGBUILDDIR>>/debian/libperl5i-perl/usr/share/perl5/perl5i/2/Signature/Method/None.pm
Installing /<<PKGBUILDDIR>>/debian/libperl5i-perl/usr/share/perl5/perl5i/2/Signature/Function/None.pm
Installing /<<PKGBUILDDIR>>/debian/libperl5i-perl/usr/share/perl5/perl5i/2/Meta/Instance.pm
Installing /<<PKGBUILDDIR>>/debian/libperl5i-perl/usr/share/perl5/perl5i/2/Meta/Class.pm
Installing /<<PKGBUILDDIR>>/debian/libperl5i-perl/usr/share/man/man3/perl5i.3pm
Installing /<<PKGBUILDDIR>>/debian/libperl5i-perl/usr/share/man/man3/perl5ifaq.3pm
Installing /<<PKGBUILDDIR>>/debian/libperl5i-perl/usr/share/man/man3/perl5i::Signature.3pm
Installing /<<PKGBUILDDIR>>/debian/libperl5i-perl/usr/share/man/man3/perl5i::latest.3pm
Installing /<<PKGBUILDDIR>>/debian/libperl5i-perl/usr/share/man/man3/perl5i::Meta.3pm
Installing /<<PKGBUILDDIR>>/debian/libperl5i-perl/usr/bin/perl5i
   dh_installdocs
   dh_installchangelogs
   dh_installman
   dh_lintian
   dh_perl
   dh_link
   dh_strip_nondeterminism
   dh_compress
   dh_fixperms
   dh_missing
   dh_strip
   dh_makeshlibs
   dh_shlibdeps
   dh_installdeb
   dh_gencontrol
   dh_md5sums
   dh_builddeb
dpkg-deb: building package 'libperl5i-perl' in '../libperl5i-perl_2.13.2-1_amd64.deb'.
dpkg-deb: building package 'libperl5i-perl-dbgsym' in '../libperl5i-perl-dbgsym_2.13.2-1_amd64.deb'.
 dpkg-genbuildinfo --build=binary
 dpkg-genchanges --build=binary >../libperl5i-perl_2.13.2-1_amd64.changes
dpkg-genchanges: info: binary-only upload (no source code included)
 dpkg-source --after-build .
dpkg-buildpackage: info: binary-only upload (no source included)
--------------------------------------------------------------------------------
Build finished at 2020-02-25T05:22:30Z

Finished
--------

I: Built successfully

+------------------------------------------------------------------------------+
| Changes                                                                      |
+------------------------------------------------------------------------------+


libperl5i-perl_2.13.2-1_amd64.changes:
--------------------------------------

Format: 1.8
Date: Mon, 31 Oct 2016 01:15:35 +0100
Source: libperl5i-perl
Binary: libperl5i-perl libperl5i-perl-dbgsym
Architecture: amd64
Version: 2.13.2-1
Distribution: unstable
Urgency: medium
Maintainer: Debian Perl Group <pkg-perl-maintainers@lists.alioth.debian.org>
Changed-By: gregor herrmann <gregoa@debian.org>
Description:
 libperl5i-perl - pragma to fix as much of Perl 5 as possible
Changes:
 libperl5i-perl (2.13.2-1) unstable; urgency=medium
 .
   * Remove Fabrizio Regalli from Uploaders. Thanks for your work!
   * Remove Jonathan Yu from Uploaders. Thanks for your work!
   * Import upstream version 2.13.2.
   * Drop patches which were cherry-picked from upstream or
     have been merged.
   * Update years of upstream copyright.
   * Update (build) dependencies.
   * Add a new patch to fix a spelling mistake in the POD.
Checksums-Sha1:
 5b5c1ed02920d2db6b17c519fc55a9fb1b9c6a40 4672 libperl5i-perl-dbgsym_2.13.2-1_amd64.deb
 604f3a1bdadf4fbeeb37a9dc30763d0e3c3b7e1d 8426 libperl5i-perl_2.13.2-1_amd64.buildinfo
 9ab1dd73b7c45f28d5ae0f5f8637132451043810 84092 libperl5i-perl_2.13.2-1_amd64.deb
Checksums-Sha256:
 d485dccaf99e8855fae581ee738363eb8fac0dcd5a9ab4d9628d6f1e1e1e61e9 4672 libperl5i-perl-dbgsym_2.13.2-1_amd64.deb
 509a03d81e094b8f34c9c70b076ab0ff5244fb529faba34c7d4844adebb1da51 8426 libperl5i-perl_2.13.2-1_amd64.buildinfo
 0ad7f01a637ee8e530c14b9d0d0cecc9b17a37c94544f435aada5f8b4fad179c 84092 libperl5i-perl_2.13.2-1_amd64.deb
Files:
 a691adb8a863afc8515a2f6d55c2499d 4672 debug optional libperl5i-perl-dbgsym_2.13.2-1_amd64.deb
 e3f6427612460f335eda65921f446510 8426 perl optional libperl5i-perl_2.13.2-1_amd64.buildinfo
 c725f80a46c78b3b70b66292a38c43a8 84092 perl optional libperl5i-perl_2.13.2-1_amd64.deb

+------------------------------------------------------------------------------+
| Buildinfo                                                                    |
+------------------------------------------------------------------------------+

Format: 1.0
Source: libperl5i-perl
Binary: libperl5i-perl
Architecture: amd64
Version: 2.13.2-1
Checksums-Md5:
 a691adb8a863afc8515a2f6d55c2499d 4672 libperl5i-perl-dbgsym_2.13.2-1_amd64.deb
 c725f80a46c78b3b70b66292a38c43a8 84092 libperl5i-perl_2.13.2-1_amd64.deb
Checksums-Sha1:
 5b5c1ed02920d2db6b17c519fc55a9fb1b9c6a40 4672 libperl5i-perl-dbgsym_2.13.2-1_amd64.deb
 9ab1dd73b7c45f28d5ae0f5f8637132451043810 84092 libperl5i-perl_2.13.2-1_amd64.deb
Checksums-Sha256:
 d485dccaf99e8855fae581ee738363eb8fac0dcd5a9ab4d9628d6f1e1e1e61e9 4672 libperl5i-perl-dbgsym_2.13.2-1_amd64.deb
 0ad7f01a637ee8e530c14b9d0d0cecc9b17a37c94544f435aada5f8b4fad179c 84092 libperl5i-perl_2.13.2-1_amd64.deb
Build-Origin: Debian
Build-Architecture: amd64
Build-Date: Tue, 25 Feb 2020 05:22:30 +0000
Build-Path: /<<PKGBUILDDIR>>
Installed-Build-Depends:
 autoconf (= 2.69-11.1),
 automake (= 1:1.16.1-4),
 autopoint (= 0.19.8.1-10),
 autotools-dev (= 20180224.1),
 base-files (= 11),
 base-passwd (= 3.5.47),
 bash (= 5.0-5),
 binutils (= 2.34-3),
 binutils-common (= 2.34-3),
 binutils-x86-64-linux-gnu (= 2.34-3),
 bsdmainutils (= 11.1.2+b1),
 bsdutils (= 1:2.34-0.1),
 build-essential (= 12.8),
 bzip2 (= 1.0.8-2),
 clang-10 (= 1:10.0.0~+rc2-1),
 coreutils (= 8.30-3+b1),
 cpp (= 4:9.2.1-3.1),
 cpp-9 (= 9.2.1-29),
 dash (= 0.5.10.2-6),
 debconf (= 1.5.73),
 debhelper (= 12.9),
 debianutils (= 4.9.1),
 dh-autoreconf (= 19),
 dh-strip-nondeterminism (= 1.6.3-2),
 diffutils (= 1:3.7-3),
 dpkg (= 1.19.7),
 dpkg-dev (= 1.19.7),
 dwz (= 0.13-5),
 fdisk (= 2.34-0.1),
 file (= 1:5.38-4),
 findutils (= 4.7.0-1),
 g++ (= 4:9.2.1-3.1),
 g++-9 (= 9.2.1-29),
 gcc (= 4:9.2.1-3.1),
 gcc-10-base (= 10-20200222-1),
 gcc-9 (= 9.2.1-29),
 gcc-9-base (= 9.2.1-29),
 gettext (= 0.19.8.1-10),
 gettext-base (= 0.19.8.1-10),
 grep (= 3.4-1),
 groff-base (= 1.22.4-4),
 gzip (= 1.9-3+b1),
 hostname (= 3.23),
 init-system-helpers (= 1.57),
 intltool-debian (= 0.35.0+20060710.5),
 lib32gcc-s1 (= 10-20200222-1),
 lib32gcc1 (= 1:10-20200222-1),
 lib32stdc++6 (= 10-20200222-1),
 libacl1 (= 2.2.53-5),
 libalgorithm-c3-perl (= 0.10-1),
 libalgorithm-diff-perl (= 1.19.03-2),
 libarchive-zip-perl (= 1.67-1),
 libasan5 (= 9.2.1-29),
 libatomic1 (= 10-20200222-1),
 libattr1 (= 1:2.4.48-5),
 libaudit-common (= 1:2.8.5-2),
 libaudit1 (= 1:2.8.5-2+b1),
 libautobox-core-perl (= 1.33-1),
 libautobox-dump-perl (= 20090426.1746-3),
 libautobox-list-util-perl (= 20090629-3),
 libautobox-perl (= 3.0.1-1+b2),
 libautovivification-perl (= 0.18-1+b2),
 libb-hooks-endofscope-perl (= 0.24-1),
 libb-hooks-op-annotation-perl (= 0.44-2+b7),
 libb-hooks-op-check-perl (= 0.22-1+b2),
 libbinutils (= 2.34-3),
 libblkid1 (= 2.34-0.1),
 libbsd0 (= 0.10.0-1),
 libbz2-1.0 (= 1.0.8-2),
 libc-bin (= 2.29-10),
 libc-dev-bin (= 2.29-10),
 libc6 (= 2.29-10),
 libc6-dev (= 2.29-10),
 libc6-i386 (= 2.29-10),
 libcap-ng0 (= 0.7.9-2.1+b1),
 libcapture-tiny-perl (= 0.48-1),
 libcarp-fix-1-25-perl (= 1.000001-2),
 libcc1-0 (= 10-20200222-1),
 libchild-perl (= 0.013-1),
 libclang-common-10-dev (= 1:10.0.0~+rc2-1),
 libclang-cpp10 (= 1:10.0.0~+rc2-1),
 libclang1-10 (= 1:10.0.0~+rc2-1),
 libclass-c3-perl (= 0.34-1),
 libclass-data-inheritable-perl (= 0.08-3),
 libclass-inspector-perl (= 1.36-1),
 libclass-method-modifiers-perl (= 2.13-1),
 libclass-perl (= 1.00-3),
 libclass-singleton-perl (= 1.5-1),
 libcpanel-json-xs-perl (= 4.19-1),
 libcroco3 (= 0.6.13-1),
 libcrypt-dev (= 1:4.4.10-10),
 libcrypt1 (= 1:4.4.10-10),
 libctf-nobfd0 (= 2.34-3),
 libctf0 (= 2.34-3),
 libdata-optlist-perl (= 0.110-1),
 libdate-iso8601-perl (= 0.005-1),
 libdatetime-format-epoch-perl (= 0.16-1),
 libdatetime-locale-perl (= 1:1.25-1),
 libdatetime-perl (= 2:1.51-1+b1),
 libdatetime-timezone-perl (= 1:2.38-1+2019c),
 libdatetime-timezone-systemv-perl (= 0.010-1),
 libdatetime-timezone-tzfile-perl (= 0.011-1),
 libdb5.3 (= 5.3.28+dfsg1-0.6),
 libdebconfclient0 (= 0.251),
 libdebhelper-perl (= 12.9),
 libdevel-callchecker-perl (= 0.008-1+b1),
 libdevel-declare-perl (= 0.006019-1+b2),
 libdevel-stacktrace-perl (= 2.0400-1),
 libdpkg-perl (= 1.19.7),
 libdynaloader-functions-perl (= 0.003-1),
 libedit2 (= 3.1-20191231-1),
 libelf1 (= 0.176-1.1),
 libeval-closure-perl (= 0.14-1),
 libexception-class-perl (= 1.44-1),
 libexporter-tiny-perl (= 1.002001-1),
 libextutils-depends-perl (= 0.8000-1),
 libfdisk1 (= 2.34-0.1),
 libffi7 (= 3.3-3),
 libfile-chdir-perl (= 0.1008-1),
 libfile-sharedir-perl (= 1.116-2),
 libfile-stripnondeterminism-perl (= 1.6.3-2),
 libgc1c2 (= 1:7.6.4-0.4),
 libgcc-9-dev (= 9.2.1-29),
 libgcc-s1 (= 10-20200222-1),
 libgcc1 (= 1:10-20200222-1),
 libgcrypt20 (= 1.8.5-5),
 libgdbm-compat4 (= 1.18.1-5),
 libgdbm6 (= 1.18.1-5),
 libglib2.0-0 (= 2.62.4-2),
 libgmp10 (= 2:6.2.0+dfsg-4),
 libgomp1 (= 10-20200222-1),
 libgpg-error0 (= 1.37-1),
 libhash-fieldhash-perl (= 0.15-1+b2),
 libhash-merge-simple-perl (= 0.051-2),
 libhash-storediterator-perl (= 0.008-2+b2),
 libicu63 (= 63.2-2),
 libimport-into-perl (= 1.002005-1),
 libindirect-perl (= 0.39-1+b1),
 libipc-system-simple-perl (= 1.26-1),
 libisl22 (= 0.22.1-1),
 libitm1 (= 10-20200222-1),
 libjson-maybexs-perl (= 1.004000-1),
 liblist-moreutils-perl (= 0.416-1+b5),
 libllvm10 (= 1:10.0.0~+rc2-1),
 liblsan0 (= 10-20200222-1),
 liblz4-1 (= 1.9.2-2),
 liblzma5 (= 5.2.4-1+b1),
 libmagic-mgc (= 1:5.38-4),
 libmagic1 (= 1:5.38-4),
 libmodern-perl-perl (= 1.20200211-1),
 libmodule-build-perl (= 0.423100-1),
 libmodule-implementation-perl (= 0.09-1),
 libmodule-runtime-perl (= 0.016-1),
 libmount1 (= 2.34-0.1),
 libmpc3 (= 1.1.0-1),
 libmpfr6 (= 4.0.2-1),
 libmro-compat-perl (= 0.13-1),
 libnamespace-autoclean-perl (= 0.29-1),
 libnamespace-clean-perl (= 0.27-1),
 libncursesw6 (= 6.1+20191019-1),
 libobjc-9-dev (= 9.2.1-29),
 libobjc4 (= 10-20200222-1),
 libobject-id-perl (= 0.1.2-2),
 libpackage-stash-perl (= 0.38-1),
 libpam-modules (= 1.3.1-5),
 libpam-modules-bin (= 1.3.1-5),
 libpam-runtime (= 1.3.1-5),
 libpam0g (= 1.3.1-5),
 libparams-classify-perl (= 0.015-1+b2),
 libparams-util-perl (= 1.07-3+b5),
 libparams-validate-perl (= 1.29-3),
 libparams-validationcompiler-perl (= 0.30-1),
 libpath-tiny-perl (= 0.108-1),
 libpcre2-8-0 (= 10.34-7),
 libpcre3 (= 2:8.39-12+b1),
 libperl5.30 (= 5.30.0-9),
 libperl6-caller-perl (= 0.100-3),
 libperlio-utf8-strict-perl (= 0.007-2+b2),
 libpipeline1 (= 1.5.2-2),
 libquadmath0 (= 10-20200222-1),
 librole-tiny-perl (= 2.001004-1),
 libscope-guard-perl (= 0.21-1),
 libseccomp2 (= 2.4.2-2),
 libselinux1 (= 3.0-1+b1),
 libsigsegv2 (= 2.12-2),
 libsmartcols1 (= 2.34-0.1),
 libspecio-perl (= 0.45-1),
 libstdc++-9-dev (= 9.2.1-29),
 libstdc++6 (= 10-20200222-1),
 libsub-exporter-perl (= 0.987-1),
 libsub-exporter-progressive-perl (= 0.001013-1),
 libsub-identify-perl (= 0.14-1+b2),
 libsub-install-perl (= 0.928-1),
 libsub-name-perl (= 0.26-1),
 libsub-override-perl (= 0.09-2),
 libsub-quote-perl (= 2.006006-1),
 libsub-uplevel-perl (= 0.2800-1),
 libsystemd0 (= 244.3-1),
 libtaint-util-perl (= 0.08-3+b2),
 libtest-deep-perl (= 1.128-1),
 libtest-differences-perl (= 0.67-1),
 libtest-exception-perl (= 0.43-1),
 libtest-most-perl (= 0.35-1),
 libtest-output-perl (= 1.031-1),
 libtest-warn-perl (= 0.36-1),
 libtext-diff-perl (= 1.45-1),
 libtime-y2038-perl (= 20100403-5+b6),
 libtinfo6 (= 6.1+20191019-1),
 libtool (= 2.4.6-13),
 libtrue-perl (= 1.0.1-1+b1),
 libtry-tiny-perl (= 0.30-1),
 libtsan0 (= 10-20200222-1),
 libubsan1 (= 10-20200222-1),
 libuchardet0 (= 0.0.6-3),
 libudev1 (= 244.3-1),
 libunistring2 (= 0.9.10-2),
 libutf8-all-perl (= 0.024-1),
 libuuid1 (= 2.34-0.1),
 libvariable-magic-perl (= 0.62-1+b2),
 libwant-perl (= 0.29-1+b5),
 libxml2 (= 2.9.10+dfsg-3),
 libxstring-perl (= 0.002-2),
 libyaml-perl (= 1.30-1),
 libz3-4 (= 4.8.7-4),
 linux-libc-dev (= 5.4.19-1),
 login (= 1:4.8.1-1),
 lsb-base (= 11.1.0),
 m4 (= 1.4.18-4),
 make (= 4.2.1-1.2),
 man-db (= 2.9.0-2),
 mawk (= 1.3.4.20200120-2),
 ncurses-base (= 6.1+20191019-1),
 ncurses-bin (= 6.1+20191019-1),
 patch (= 2.7.6-6),
 perl (= 5.30.0-9),
 perl-base (= 5.30.0-9),
 perl-modules-5.30 (= 5.30.0-9),
 po-debconf (= 1.0.21),
 sed (= 4.7-1),
 sensible-utils (= 0.0.12+nmu1),
 sysvinit-utils (= 2.96-2.1),
 tar (= 1.30+dfsg-6+b1),
 util-linux (= 2.34-0.1),
 xz-utils (= 5.2.4-1+b1),
 zlib1g (= 1:1.2.11.dfsg-2)
Environment:
 DEB_BUILD_OPTIONS="parallel=4"
 LANG="C.UTF-8"
 LC_ALL="C.UTF-8"
 SOURCE_DATE_EPOCH="1477872935"


+------------------------------------------------------------------------------+
| Package contents                                                             |
+------------------------------------------------------------------------------+


libperl5i-perl-dbgsym_2.13.2-1_amd64.deb
----------------------------------------

 new Debian package, version 2.0.
 size 4672 bytes: control archive=536 bytes.
     391 bytes,    12 lines      control              
     106 bytes,     1 lines      md5sums              
 Package: libperl5i-perl-dbgsym
 Source: libperl5i-perl
 Version: 2.13.2-1
 Auto-Built-Package: debug-symbols
 Architecture: amd64
 Maintainer: Debian Perl Group <pkg-perl-maintainers@lists.alioth.debian.org>
 Installed-Size: 19
 Depends: libperl5i-perl (= 2.13.2-1)
 Section: debug
 Priority: optional
 Description: debug symbols for libperl5i-perl
 Build-Ids: 1b7ce1bb0bf65658a9da8a9ef922fbe2c6e03d99

drwxr-xr-x root/root         0 2016-10-31 00:15 ./
drwxr-xr-x root/root         0 2016-10-31 00:15 ./usr/
drwxr-xr-x root/root         0 2016-10-31 00:15 ./usr/lib/
drwxr-xr-x root/root         0 2016-10-31 00:15 ./usr/lib/debug/
drwxr-xr-x root/root         0 2016-10-31 00:15 ./usr/lib/debug/.build-id/
drwxr-xr-x root/root         0 2016-10-31 00:15 ./usr/lib/debug/.build-id/1b/
-rw-r--r-- root/root      8312 2016-10-31 00:15 ./usr/lib/debug/.build-id/1b/7ce1bb0bf65658a9da8a9ef922fbe2c6e03d99.debug
drwxr-xr-x root/root         0 2016-10-31 00:15 ./usr/share/
drwxr-xr-x root/root         0 2016-10-31 00:15 ./usr/share/doc/
lrwxrwxrwx root/root         0 2016-10-31 00:15 ./usr/share/doc/libperl5i-perl-dbgsym -> libperl5i-perl


libperl5i-perl_2.13.2-1_amd64.deb
---------------------------------

 new Debian package, version 2.0.
 size 84092 bytes: control archive=2420 bytes.
    1530 bytes,    16 lines      control              
    3942 bytes,    56 lines      md5sums              
 Package: libperl5i-perl
 Version: 2.13.2-1
 Architecture: amd64
 Maintainer: Debian Perl Group <pkg-perl-maintainers@lists.alioth.debian.org>
 Installed-Size: 268
 Depends: libc6 (>= 2.4), perl:any, libautobox-core-perl, libautobox-dump-perl, libautobox-list-util-perl, libautobox-perl, libautovivification-perl, libcapture-tiny-perl, libcarp-fix-1-25-perl, libchild-perl, libclass-perl, libdatetime-format-epoch-perl, libdatetime-perl, libdatetime-timezone-tzfile-perl, libdevel-declare-perl, libfile-chdir-perl, libhash-fieldhash-perl, libhash-merge-simple-perl, libhash-storediterator-perl, libindirect-perl, libipc-system-simple-perl, libjson-maybexs-perl (>= 1.003005), liblist-moreutils-perl, libmodern-perl-perl, libobject-id-perl, libpath-tiny-perl, libperl6-caller-perl, libsub-name-perl, libtaint-util-perl, libtime-y2038-perl, libtrue-perl, libtry-tiny-perl, libutf8-all-perl (>= 0.015), libwant-perl, libyaml-perl, perl (>= 5.17.2) | libautodie-perl (>= 2.12)
 Provides: libperl5i-0-perl, libperl5i-1-perl, libperl5i-2-perl
 Section: perl
 Priority: optional
 Homepage: https://metacpan.org/release/perl5i
 Description: pragma to fix as much of Perl 5 as possible
  perl5i is a Perl pragma that swiftly enables the features of a collection of
  modules and techniques used to fix Perl 5's warts. It includes changing core
  functions, adding features and changing defaults, so it will likely not be
  100% backwards compatible with standard Perl 5 syntax. However, this pragma
  tries to limit the damage by having a lexical effect.

drwxr-xr-x root/root         0 2016-10-31 00:15 ./
drwxr-xr-x root/root         0 2016-10-31 00:15 ./usr/
drwxr-xr-x root/root         0 2016-10-31 00:15 ./usr/bin/
-rwxr-xr-x root/root     14328 2016-10-31 00:15 ./usr/bin/perl5i
drwxr-xr-x root/root         0 2016-10-31 00:15 ./usr/share/
drwxr-xr-x root/root         0 2016-10-31 00:15 ./usr/share/doc/
drwxr-xr-x root/root         0 2016-10-31 00:15 ./usr/share/doc/libperl5i-perl/
-rw-r--r-- root/root      2718 2016-10-31 00:15 ./usr/share/doc/libperl5i-perl/changelog.Debian.gz
-rw-r--r-- root/root      7913 2016-06-07 00:23 ./usr/share/doc/libperl5i-perl/changelog.gz
-rw-r--r-- root/root      1319 2016-10-31 00:15 ./usr/share/doc/libperl5i-perl/copyright
drwxr-xr-x root/root         0 2016-10-31 00:15 ./usr/share/lintian/
drwxr-xr-x root/root         0 2016-10-31 00:15 ./usr/share/lintian/overrides/
-rw-r--r-- root/root       102 2016-10-31 00:15 ./usr/share/lintian/overrides/libperl5i-perl
drwxr-xr-x root/root         0 2016-10-31 00:15 ./usr/share/man/
drwxr-xr-x root/root         0 2016-10-31 00:15 ./usr/share/man/man3/
-rw-r--r-- root/root     14952 2016-10-31 00:15 ./usr/share/man/man3/perl5i.3pm.gz
-rw-r--r-- root/root      4644 2016-10-31 00:15 ./usr/share/man/man3/perl5i::Meta.3pm.gz
-rw-r--r-- root/root      2731 2016-10-31 00:15 ./usr/share/man/man3/perl5i::Signature.3pm.gz
-rw-r--r-- root/root      2090 2016-10-31 00:15 ./usr/share/man/man3/perl5i::latest.3pm.gz
-rw-r--r-- root/root      7874 2016-10-31 00:15 ./usr/share/man/man3/perl5ifaq.3pm.gz
drwxr-xr-x root/root         0 2016-10-31 00:15 ./usr/share/perl5/
-rw-r--r-- root/root     33760 2016-10-31 00:15 ./usr/share/perl5/perl5i.pm
drwxr-xr-x root/root         0 2016-10-31 00:15 ./usr/share/perl5/perl5i/
-rw-r--r-- root/root      3639 2016-10-31 00:15 ./usr/share/perl5/perl5i/0.pm
drwxr-xr-x root/root         0 2016-10-31 00:15 ./usr/share/perl5/perl5i/0/
-rw-r--r-- root/root      9139 2016-10-31 00:15 ./usr/share/perl5/perl5i/0/ARRAY.pm
-rw-r--r-- root/root       764 2016-10-31 00:15 ./usr/share/perl5/perl5i/0/DEFAULT.pm
-rw-r--r-- root/root      4210 2016-10-31 00:15 ./usr/share/perl5/perl5i/0/DateTime.pm
-rw-r--r-- root/root       452 2016-10-31 00:15 ./usr/share/perl5/perl5i/0/HASH.pm
-rw-r--r-- root/root      1892 2016-10-31 00:15 ./usr/share/perl5/perl5i/0/Meta.pm
drwxr-xr-x root/root         0 2016-10-31 00:15 ./usr/share/perl5/perl5i/0/Meta/
-rw-r--r-- root/root       161 2016-10-31 00:15 ./usr/share/perl5/perl5i/0/Meta/Class.pm
-rw-r--r-- root/root      1291 2016-10-31 00:15 ./usr/share/perl5/perl5i/0/Meta/Instance.pm
-rw-r--r-- root/root      3401 2016-10-31 00:15 ./usr/share/perl5/perl5i/0/SCALAR.pm
-rw-r--r-- root/root      3305 2016-10-31 00:15 ./usr/share/perl5/perl5i/1.pm
drwxr-xr-x root/root         0 2016-10-31 00:15 ./usr/share/perl5/perl5i/1/
-rw-r--r-- root/root      9141 2016-10-31 00:15 ./usr/share/perl5/perl5i/1/ARRAY.pm
-rw-r--r-- root/root        55 2016-10-31 00:15 ./usr/share/perl5/perl5i/1/CODE.pm
-rw-r--r-- root/root      5823 2016-10-31 00:15 ./usr/share/perl5/perl5i/1/DateTime.pm
-rw-r--r-- root/root       653 2016-10-31 00:15 ./usr/share/perl5/perl5i/1/HASH.pm
-rw-r--r-- root/root      1892 2016-10-31 00:15 ./usr/share/perl5/perl5i/1/Meta.pm
drwxr-xr-x root/root         0 2016-10-31 00:15 ./usr/share/perl5/perl5i/1/Meta/
-rw-r--r-- root/root       161 2016-10-31 00:15 ./usr/share/perl5/perl5i/1/Meta/Class.pm
-rw-r--r-- root/root      2347 2016-10-31 00:15 ./usr/share/perl5/perl5i/1/Meta/Instance.pm
-rw-r--r-- root/root      3732 2016-10-31 00:15 ./usr/share/perl5/perl5i/1/SCALAR.pm
-rw-r--r-- root/root       575 2016-10-31 00:15 ./usr/share/perl5/perl5i/1/UNIVERSAL.pm
-rw-r--r-- root/root       720 2016-10-31 00:15 ./usr/share/perl5/perl5i/1/autobox.pm
-rw-r--r-- root/root      6004 2016-10-31 00:15 ./usr/share/perl5/perl5i/2.pm
drwxr-xr-x root/root         0 2016-10-31 00:15 ./usr/share/perl5/perl5i/2/
-rw-r--r-- root/root      7569 2016-10-31 00:15 ./usr/share/perl5/perl5i/2/ARRAY.pm
-rw-r--r-- root/root       295 2016-10-31 00:15 ./usr/share/perl5/perl5i/2/CODE.pm
-rw-r--r-- root/root      5822 2016-10-31 00:15 ./usr/share/perl5/perl5i/2/DateTime.pm
-rw-r--r-- root/root      2989 2016-10-31 00:15 ./usr/share/perl5/perl5i/2/HASH.pm
-rw-r--r-- root/root      3265 2016-10-31 00:15 ./usr/share/perl5/perl5i/2/Meta.pm
drwxr-xr-x root/root         0 2016-10-31 00:15 ./usr/share/perl5/perl5i/2/Meta/
-rw-r--r-- root/root       244 2016-10-31 00:15 ./usr/share/perl5/perl5i/2/Meta/Class.pm
-rw-r--r-- root/root      4900 2016-10-31 00:15 ./usr/share/perl5/perl5i/2/Meta/Instance.pm
-rw-r--r-- root/root       666 2016-10-31 00:15 ./usr/share/perl5/perl5i/2/RequireMessage.pm
-rw-r--r-- root/root      7090 2016-10-31 00:15 ./usr/share/perl5/perl5i/2/SCALAR.pm
-rw-r--r-- root/root      1401 2016-10-31 00:15 ./usr/share/perl5/perl5i/2/Signature.pm
drwxr-xr-x root/root         0 2016-10-31 00:15 ./usr/share/perl5/perl5i/2/Signature/
drwxr-xr-x root/root         0 2016-10-31 00:15 ./usr/share/perl5/perl5i/2/Signature/Function/
-rw-r--r-- root/root       175 2016-10-31 00:15 ./usr/share/perl5/perl5i/2/Signature/Function/None.pm
drwxr-xr-x root/root         0 2016-10-31 00:15 ./usr/share/perl5/perl5i/2/Signature/Method/
-rw-r--r-- root/root       177 2016-10-31 00:15 ./usr/share/perl5/perl5i/2/Signature/Method/None.pm
-rw-r--r-- root/root       525 2016-10-31 00:15 ./usr/share/perl5/perl5i/2/Signature/None.pm
-rw-r--r-- root/root      1037 2016-10-31 00:15 ./usr/share/perl5/perl5i/2/Signature/Real.pm
-rw-r--r-- root/root      2483 2016-10-31 00:15 ./usr/share/perl5/perl5i/2/Signatures.pm
-rw-r--r-- root/root       831 2016-10-31 00:15 ./usr/share/perl5/perl5i/2/UNIVERSAL.pm
-rw-r--r-- root/root       657 2016-10-31 00:15 ./usr/share/perl5/perl5i/2/autobox.pm
-rw-r--r-- root/root      5790 2016-10-31 00:15 ./usr/share/perl5/perl5i/2/equal.pm
-rw-r--r-- root/root      7381 2016-10-31 00:15 ./usr/share/perl5/perl5i/Meta.pod
-rw-r--r-- root/root      2185 2016-10-31 00:15 ./usr/share/perl5/perl5i/Signature.pod
-rw-r--r-- root/root       246 2016-10-31 00:15 ./usr/share/perl5/perl5i/VERSION.pm
-rw-r--r-- root/root       375 2016-10-31 00:15 ./usr/share/perl5/perl5i/cmd.pm
-rw-r--r-- root/root       814 2016-10-31 00:15 ./usr/share/perl5/perl5i/latest.pm
-rw-r--r-- root/root     14343 2016-10-31 00:15 ./usr/share/perl5/perl5ifaq.pod


+------------------------------------------------------------------------------+
| Post Build                                                                   |
+------------------------------------------------------------------------------+


+------------------------------------------------------------------------------+
| Cleanup                                                                      |
+------------------------------------------------------------------------------+

Purging /<<BUILDDIR>>
Not cleaning session: cloned chroot in use

+------------------------------------------------------------------------------+
| Summary                                                                      |
+------------------------------------------------------------------------------+

Build Architecture: amd64
Build Type: binary
Build-Space: 2332
Build-Time: 37
Distribution: unstable
Host Architecture: amd64
Install-Time: 13
Job: libperl5i-perl_2.13.2-1
Machine Architecture: amd64
Package: libperl5i-perl
Package-Time: 72
Source-Version: 2.13.2-1
Space: 2332
Status: successful
Version: 2.13.2-1
--------------------------------------------------------------------------------
Finished at 2020-02-25T05:22:30Z
Build needed 00:01:12, 2332k disk space
DC-Status: OK 73.453839883s
