DC-Build-Header: libpdl-vectorvalued-perl 1.0.9-1 / 2020-02-25 06:21:54 +0000
DC-Task: type:rebuild-binarch-only source:libpdl-vectorvalued-perl version:1.0.9-1 chroot:unstable esttime:54 logfile:/tmp/libpdl-vectorvalued-perl_1.0.9-1_unstable_clang10.log modes:clang10:binarch-only
DC-Sbuild-call: su user42 -c 'sbuild -n --arch-any --apt-update -d unstable -v --no-run-lintian --chroot-setup-commands=/tmp/clang10 libpdl-vectorvalued-perl_1.0.9-1'
sbuild (Debian sbuild) 0.78.1 (09 February 2019) on ip-172-31-8-228.eu-central-1.compute.internal

+==============================================================================+
| libpdl-vectorvalued-perl 1.0.9-1 (amd64)     Tue, 25 Feb 2020 06:21:55 +0000 |
+==============================================================================+

Package: libpdl-vectorvalued-perl
Version: 1.0.9-1
Source Version: 1.0.9-1
Distribution: unstable
Machine Architecture: amd64
Host Architecture: amd64
Build Architecture: amd64
Build Type: binary

I: NOTICE: Log filtering will replace 'var/run/schroot/mount/sid-amd64-sbuild-a1f51aac-5757-4b7e-8121-9c2d44e39d28' with '<<CHROOT>>'

+------------------------------------------------------------------------------+
| Chroot Setup Commands                                                        |
+------------------------------------------------------------------------------+


/tmp/clang10
------------

+ echo 'Entering customization script...'
Entering customization script...
+ CLANG_VERSION=10
+ echo 'Install of clang-10'
Install of clang-10
+ apt-get update
Get:1 http://127.0.0.1:12990/debian sid InRelease [142 kB]
Get:2 http://127.0.0.1:12990/debian sid/main Sources.diff/Index [27.9 kB]
Get:3 http://127.0.0.1:12990/debian sid/main amd64 Packages.diff/Index [27.9 kB]
Get:4 http://127.0.0.1:12990/debian sid/main Sources 2020-02-24-0823.32.pdiff [11.0 kB]
Get:5 http://127.0.0.1:12990/debian sid/main Sources 2020-02-24-1420.34.pdiff [30.2 kB]
Get:6 http://127.0.0.1:12990/debian sid/main Sources 2020-02-24-2014.03.pdiff [16.9 kB]
Get:7 http://127.0.0.1:12990/debian sid/main Sources 2020-02-25-0213.11.pdiff [23.2 kB]
Get:8 http://127.0.0.1:12990/debian sid/main amd64 Packages 2020-02-24-0823.32.pdiff [15.5 kB]
Get:9 http://127.0.0.1:12990/debian sid/main amd64 Packages 2020-02-24-1420.34.pdiff [27.5 kB]
Get:10 http://127.0.0.1:12990/debian sid/main amd64 Packages 2020-02-24-2014.03.pdiff [21.6 kB]
Get:7 http://127.0.0.1:12990/debian sid/main Sources 2020-02-25-0213.11.pdiff [23.2 kB]
Get:11 http://127.0.0.1:12990/debian sid/main amd64 Packages 2020-02-25-0213.11.pdiff [35.0 kB]
Get:11 http://127.0.0.1:12990/debian sid/main amd64 Packages 2020-02-25-0213.11.pdiff [35.0 kB]
Get:12 http://127.0.0.1:12990/debian sid/main Translation-en [6193 kB]
Fetched 6572 kB in 2s (2702 kB/s)
Reading package lists...
+ apt-get install --yes --no-install-recommends --force-yes clang-10 libomp-10-dev libobjc-9-dev
Reading package lists...
Building dependency tree...
The following additional packages will be installed:
  lib32gcc-s1 lib32gcc1 lib32stdc++6 libbsd0 libc6-i386 libclang-common-10-dev
  libclang-cpp10 libclang1-10 libedit2 libgc1c2 libllvm10 libobjc4 libomp5-10
  libz3-4
Suggested packages:
  clang-10-doc libomp-10-doc
Recommended packages:
  llvm-10-dev python3
The following NEW packages will be installed:
  clang-10 lib32gcc-s1 lib32gcc1 lib32stdc++6 libbsd0 libc6-i386
  libclang-common-10-dev libclang-cpp10 libclang1-10 libedit2 libgc1c2
  libllvm10 libobjc-9-dev libobjc4 libomp-10-dev libomp5-10 libz3-4
0 upgraded, 17 newly installed, 0 to remove and 2 not upgraded.
Need to get 46.4 MB of archives.
After this operation, 238 MB of additional disk space will be used.
Get:1 http://127.0.0.1:12990/debian sid/main amd64 libbsd0 amd64 0.10.0-1 [107 kB]
Get:2 http://127.0.0.1:12990/debian sid/main amd64 libedit2 amd64 3.1-20191231-1 [95.4 kB]
Get:3 http://127.0.0.1:12990/debian sid/main amd64 libz3-4 amd64 4.8.7-4 [6790 kB]
Get:4 http://127.0.0.1:12990/debian sid/main amd64 libllvm10 amd64 1:10.0.0~+rc2-1 [15.5 MB]
Get:5 http://127.0.0.1:12990/debian sid/main amd64 libclang-cpp10 amd64 1:10.0.0~+rc2-1 [9069 kB]
Get:6 http://127.0.0.1:12990/debian sid/main amd64 libgc1c2 amd64 1:7.6.4-0.4 [224 kB]
Get:7 http://127.0.0.1:12990/debian sid/main amd64 libobjc4 amd64 10-20200222-1 [41.6 kB]
Get:8 http://127.0.0.1:12990/debian sid/main amd64 libobjc-9-dev amd64 9.2.1-29 [219 kB]
Get:9 http://127.0.0.1:12990/debian sid/main amd64 libc6-i386 amd64 2.29-10 [2918 kB]
Get:10 http://127.0.0.1:12990/debian sid/main amd64 lib32gcc-s1 amd64 10-20200222-1 [49.4 kB]
Get:11 http://127.0.0.1:12990/debian sid/main amd64 lib32gcc1 amd64 1:10-20200222-1 [1104 B]
Get:12 http://127.0.0.1:12990/debian sid/main amd64 lib32stdc++6 amd64 10-20200222-1 [510 kB]
Get:13 http://127.0.0.1:12990/debian sid/main amd64 libclang-common-10-dev amd64 1:10.0.0~+rc2-1 [2782 kB]
Get:14 http://127.0.0.1:12990/debian sid/main amd64 libclang1-10 amd64 1:10.0.0~+rc2-1 [7607 kB]
Get:15 http://127.0.0.1:12990/debian sid/main amd64 clang-10 amd64 1:10.0.0~+rc2-1 [103 kB]
Get:16 http://127.0.0.1:12990/debian sid/main amd64 libomp5-10 amd64 1:10.0.0~+rc2-1 [337 kB]
Get:17 http://127.0.0.1:12990/debian sid/main amd64 libomp-10-dev amd64 1:10.0.0~+rc2-1 [84.3 kB]
debconf: delaying package configuration, since apt-utils is not installed
Fetched 46.4 MB in 3s (16.2 MB/s)
Selecting previously unselected package libbsd0:amd64.
(Reading database ... (Reading database ... 5%(Reading database ... 10%(Reading database ... 15%(Reading database ... 20%(Reading database ... 25%(Reading database ... 30%(Reading database ... 35%(Reading database ... 40%(Reading database ... 45%(Reading database ... 50%(Reading database ... 55%(Reading database ... 60%(Reading database ... 65%(Reading database ... 70%(Reading database ... 75%(Reading database ... 80%(Reading database ... 85%(Reading database ... 90%(Reading database ... 95%(Reading database ... 100%(Reading database ... 12119 files and directories currently installed.)
Preparing to unpack .../00-libbsd0_0.10.0-1_amd64.deb ...
Unpacking libbsd0:amd64 (0.10.0-1) ...
Selecting previously unselected package libedit2:amd64.
Preparing to unpack .../01-libedit2_3.1-20191231-1_amd64.deb ...
Unpacking libedit2:amd64 (3.1-20191231-1) ...
Selecting previously unselected package libz3-4:amd64.
Preparing to unpack .../02-libz3-4_4.8.7-4_amd64.deb ...
Unpacking libz3-4:amd64 (4.8.7-4) ...
Selecting previously unselected package libllvm10:amd64.
Preparing to unpack .../03-libllvm10_1%3a10.0.0~+rc2-1_amd64.deb ...
Unpacking libllvm10:amd64 (1:10.0.0~+rc2-1) ...
Selecting previously unselected package libclang-cpp10.
Preparing to unpack .../04-libclang-cpp10_1%3a10.0.0~+rc2-1_amd64.deb ...
Unpacking libclang-cpp10 (1:10.0.0~+rc2-1) ...
Selecting previously unselected package libgc1c2:amd64.
Preparing to unpack .../05-libgc1c2_1%3a7.6.4-0.4_amd64.deb ...
Unpacking libgc1c2:amd64 (1:7.6.4-0.4) ...
Selecting previously unselected package libobjc4:amd64.
Preparing to unpack .../06-libobjc4_10-20200222-1_amd64.deb ...
Unpacking libobjc4:amd64 (10-20200222-1) ...
Selecting previously unselected package libobjc-9-dev:amd64.
Preparing to unpack .../07-libobjc-9-dev_9.2.1-29_amd64.deb ...
Unpacking libobjc-9-dev:amd64 (9.2.1-29) ...
Selecting previously unselected package libc6-i386.
Preparing to unpack .../08-libc6-i386_2.29-10_amd64.deb ...
Unpacking libc6-i386 (2.29-10) ...
Selecting previously unselected package lib32gcc-s1.
Preparing to unpack .../09-lib32gcc-s1_10-20200222-1_amd64.deb ...
Unpacking lib32gcc-s1 (10-20200222-1) ...
Selecting previously unselected package lib32gcc1.
Preparing to unpack .../10-lib32gcc1_1%3a10-20200222-1_amd64.deb ...
Unpacking lib32gcc1 (1:10-20200222-1) ...
Selecting previously unselected package lib32stdc++6.
Preparing to unpack .../11-lib32stdc++6_10-20200222-1_amd64.deb ...
Unpacking lib32stdc++6 (10-20200222-1) ...
Selecting previously unselected package libclang-common-10-dev.
Preparing to unpack .../12-libclang-common-10-dev_1%3a10.0.0~+rc2-1_amd64.deb ...
Unpacking libclang-common-10-dev (1:10.0.0~+rc2-1) ...
Selecting previously unselected package libclang1-10.
Preparing to unpack .../13-libclang1-10_1%3a10.0.0~+rc2-1_amd64.deb ...
Unpacking libclang1-10 (1:10.0.0~+rc2-1) ...
Selecting previously unselected package clang-10.
Preparing to unpack .../14-clang-10_1%3a10.0.0~+rc2-1_amd64.deb ...
Unpacking clang-10 (1:10.0.0~+rc2-1) ...
Selecting previously unselected package libomp5-10:amd64.
Preparing to unpack .../15-libomp5-10_1%3a10.0.0~+rc2-1_amd64.deb ...
Unpacking libomp5-10:amd64 (1:10.0.0~+rc2-1) ...
Selecting previously unselected package libomp-10-dev.
Preparing to unpack .../16-libomp-10-dev_1%3a10.0.0~+rc2-1_amd64.deb ...
Unpacking libomp-10-dev (1:10.0.0~+rc2-1) ...
Setting up libgc1c2:amd64 (1:7.6.4-0.4) ...
Setting up libobjc4:amd64 (10-20200222-1) ...
Setting up libz3-4:amd64 (4.8.7-4) ...
Setting up libobjc-9-dev:amd64 (9.2.1-29) ...
Setting up libomp5-10:amd64 (1:10.0.0~+rc2-1) ...
Setting up libc6-i386 (2.29-10) ...
Setting up libbsd0:amd64 (0.10.0-1) ...
Setting up libomp-10-dev (1:10.0.0~+rc2-1) ...
Setting up libedit2:amd64 (3.1-20191231-1) ...
Setting up libllvm10:amd64 (1:10.0.0~+rc2-1) ...
Setting up lib32gcc-s1 (10-20200222-1) ...
Setting up libclang1-10 (1:10.0.0~+rc2-1) ...
Setting up lib32gcc1 (1:10-20200222-1) ...
Setting up libclang-cpp10 (1:10.0.0~+rc2-1) ...
Setting up lib32stdc++6 (10-20200222-1) ...
Setting up libclang-common-10-dev (1:10.0.0~+rc2-1) ...
Setting up clang-10 (1:10.0.0~+rc2-1) ...
Processing triggers for libc-bin (2.29-10) ...
W: --force-yes is deprecated, use one of the options starting with --allow instead.
+ echo 'Replace gcc, g++ & cpp by clang'
Replace gcc, g++ & cpp by clang
+ VERSIONS='4.6 4.7 4.8 4.9 5 6 7 8 9 10'
+ cd /usr/bin
+ for VERSION in $VERSIONS
+ rm -f g++-4.6 gcc-4.6 cpp-4.6 gcc
+ ln -s clang++-10 g++-4.6
+ ln -s clang-10 gcc-4.6
+ ln -s clang-10 cpp-4.6
+ ln -s clang-10 gcc
+ echo 'gcc-4.6 hold'
+ dpkg --set-selections
dpkg: warning: package not in status nor available database at line 1: gcc-4.6
dpkg: warning: found unknown packages; this might mean the available database
is outdated, and needs to be updated through a frontend method;
please see the FAQ <https://wiki.debian.org/Teams/Dpkg/FAQ>
+ dpkg --set-selections
+ echo 'g++-4.6 hold'
dpkg: warning: package not in status nor available database at line 1: g++-4.6
dpkg: warning: found unknown packages; this might mean the available database
is outdated, and needs to be updated through a frontend method;
please see the FAQ <https://wiki.debian.org/Teams/Dpkg/FAQ>
+ for VERSION in $VERSIONS
+ rm -f g++-4.7 gcc-4.7 cpp-4.7 gcc
+ ln -s clang++-10 g++-4.7
+ ln -s clang-10 gcc-4.7
+ ln -s clang-10 cpp-4.7
+ ln -s clang-10 gcc
+ echo 'gcc-4.7 hold'
+ dpkg --set-selections
dpkg: warning: package not in status nor available database at line 1: gcc-4.7
dpkg: warning: found unknown packages; this might mean the available database
is outdated, and needs to be updated through a frontend method;
please see the FAQ <https://wiki.debian.org/Teams/Dpkg/FAQ>
+ echo 'g++-4.7 hold'
+ dpkg --set-selections
dpkg: warning: package not in status nor available database at line 1: g++-4.7
dpkg: warning: found unknown packages; this might mean the available database
is outdated, and needs to be updated through a frontend method;
please see the FAQ <https://wiki.debian.org/Teams/Dpkg/FAQ>
+ for VERSION in $VERSIONS
+ rm -f g++-4.8 gcc-4.8 cpp-4.8 gcc
+ ln -s clang++-10 g++-4.8
+ ln -s clang-10 gcc-4.8
+ ln -s clang-10 cpp-4.8
+ ln -s clang-10 gcc
+ echo 'gcc-4.8 hold'
+ dpkg --set-selections
dpkg: warning: package not in status nor available database at line 1: gcc-4.8
dpkg: warning: found unknown packages; this might mean the available database
is outdated, and needs to be updated through a frontend method;
please see the FAQ <https://wiki.debian.org/Teams/Dpkg/FAQ>
+ echo 'g++-4.8 hold'
+ dpkg --set-selections
dpkg: warning: package not in status nor available database at line 1: g++-4.8
dpkg: warning: found unknown packages; this might mean the available database
is outdated, and needs to be updated through a frontend method;
please see the FAQ <https://wiki.debian.org/Teams/Dpkg/FAQ>
+ for VERSION in $VERSIONS
+ rm -f g++-4.9 gcc-4.9 cpp-4.9 gcc
+ ln -s clang++-10 g++-4.9
+ ln -s clang-10 gcc-4.9
+ ln -s clang-10 cpp-4.9
+ ln -s clang-10 gcc
+ echo 'gcc-4.9 hold'
+ dpkg --set-selections
dpkg: warning: package not in status nor available database at line 1: gcc-4.9
dpkg: warning: found unknown packages; this might mean the available database
is outdated, and needs to be updated through a frontend method;
please see the FAQ <https://wiki.debian.org/Teams/Dpkg/FAQ>
+ echo 'g++-4.9 hold'
+ dpkg --set-selections
dpkg: warning: package not in status nor available database at line 1: g++-4.9
dpkg: warning: found unknown packages; this might mean the available database
is outdated, and needs to be updated through a frontend method;
please see the FAQ <https://wiki.debian.org/Teams/Dpkg/FAQ>
+ for VERSION in $VERSIONS
+ rm -f g++-5 gcc-5 cpp-5 gcc
+ ln -s clang++-10 g++-5
+ ln -s clang-10 gcc-5
+ ln -s clang-10 cpp-5
+ ln -s clang-10 gcc
+ echo 'gcc-5 hold'
+ dpkg --set-selections
dpkg: warning: package not in status nor available database at line 1: gcc-5
dpkg: warning: found unknown packages; this might mean the available database
is outdated, and needs to be updated through a frontend method;
please see the FAQ <https://wiki.debian.org/Teams/Dpkg/FAQ>
+ echo 'g++-5 hold'
+ dpkg --set-selections
dpkg: warning: package not in status nor available database at line 1: g++-5
dpkg: warning: found unknown packages; this might mean the available database
is outdated, and needs to be updated through a frontend method;
please see the FAQ <https://wiki.debian.org/Teams/Dpkg/FAQ>
+ for VERSION in $VERSIONS
+ rm -f g++-6 gcc-6 cpp-6 gcc
+ ln -s clang++-10 g++-6
+ ln -s clang-10 gcc-6
+ ln -s clang-10 cpp-6
+ ln -s clang-10 gcc
+ echo 'gcc-6 hold'
+ dpkg --set-selections
dpkg: warning: package not in status nor available database at line 1: gcc-6
dpkg: warning: found unknown packages; this might mean the available database
is outdated, and needs to be updated through a frontend method;
please see the FAQ <https://wiki.debian.org/Teams/Dpkg/FAQ>
+ echo 'g++-6 hold'
+ dpkg --set-selections
dpkg: warning: package not in status nor available database at line 1: g++-6
dpkg: warning: found unknown packages; this might mean the available database
is outdated, and needs to be updated through a frontend method;
please see the FAQ <https://wiki.debian.org/Teams/Dpkg/FAQ>
+ for VERSION in $VERSIONS
+ rm -f g++-7 gcc-7 cpp-7 gcc
+ ln -s clang++-10 g++-7
+ ln -s clang-10 gcc-7
+ ln -s clang-10 cpp-7
+ ln -s clang-10 gcc
+ echo 'gcc-7 hold'
+ dpkg --set-selections
dpkg: warning: package not in status nor available database at line 1: gcc-7
dpkg: warning: found unknown packages; this might mean the available database
is outdated, and needs to be updated through a frontend method;
please see the FAQ <https://wiki.debian.org/Teams/Dpkg/FAQ>
+ echo 'g++-7 hold'
+ dpkg --set-selections
dpkg: warning: package not in status nor available database at line 1: g++-7
dpkg: warning: found unknown packages; this might mean the available database
is outdated, and needs to be updated through a frontend method;
please see the FAQ <https://wiki.debian.org/Teams/Dpkg/FAQ>
+ for VERSION in $VERSIONS
+ rm -f g++-8 gcc-8 cpp-8 gcc
+ ln -s clang++-10 g++-8
+ ln -s clang-10 gcc-8
+ ln -s clang-10 cpp-8
+ ln -s clang-10 gcc
+ echo 'gcc-8 hold'
+ dpkg --set-selections
dpkg: warning: package not in status nor available database at line 1: gcc-8
dpkg: warning: found unknown packages; this might mean the available database
is outdated, and needs to be updated through a frontend method;
please see the FAQ <https://wiki.debian.org/Teams/Dpkg/FAQ>
+ echo 'g++-8 hold'
+ dpkg --set-selections
dpkg: warning: package not in status nor available database at line 1: g++-8
dpkg: warning: found unknown packages; this might mean the available database
is outdated, and needs to be updated through a frontend method;
please see the FAQ <https://wiki.debian.org/Teams/Dpkg/FAQ>
+ for VERSION in $VERSIONS
+ rm -f g++-9 gcc-9 cpp-9 gcc
+ ln -s clang++-10 g++-9
+ ln -s clang-10 gcc-9
+ ln -s clang-10 cpp-9
+ ln -s clang-10 gcc
+ echo 'gcc-9 hold'
+ dpkg --set-selections
+ dpkg --set-selections
+ echo 'g++-9 hold'
+ for VERSION in $VERSIONS
+ rm -f g++-10 gcc-10 cpp-10 gcc
+ ln -s clang++-10 g++-10
+ ln -s clang-10 gcc-10
+ ln -s clang-10 cpp-10
+ ln -s clang-10 gcc
+ echo 'gcc-10 hold'
+ dpkg --set-selections
dpkg: warning: package not in status nor available database at line 1: gcc-10
dpkg: warning: found unknown packages; this might mean the available database
is outdated, and needs to be updated through a frontend method;
please see the FAQ <https://wiki.debian.org/Teams/Dpkg/FAQ>
+ echo 'g++-10 hold'
+ dpkg --set-selections
dpkg: warning: package not in status nor available database at line 1: g++-10
dpkg: warning: found unknown packages; this might mean the available database
is outdated, and needs to be updated through a frontend method;
please see the FAQ <https://wiki.debian.org/Teams/Dpkg/FAQ>
+ cd -
/build/libpdl-vectorvalued-perl-Bht27K
+ echo 'Check if gcc, g++ & cpp are actually clang'
Check if gcc, g++ & cpp are actually clang
+ gcc --version
+ grep clang
+ cpp --version
+ grep clang
+ g++ --version
+ grep clang

I: Finished running '/tmp/clang10'.

Finished processing commands.
--------------------------------------------------------------------------------
I: NOTICE: Log filtering will replace 'build/libpdl-vectorvalued-perl-Bht27K/resolver-5B7DG1' with '<<RESOLVERDIR>>'

+------------------------------------------------------------------------------+
| Update chroot                                                                |
+------------------------------------------------------------------------------+

Hit:1 http://127.0.0.1:12990/debian sid InRelease
Reading package lists...
Reading package lists...
Building dependency tree...
Reading state information...
Calculating upgrade...
The following packages will be upgraded:
  libgmp10 zlib1g
2 upgraded, 0 newly installed, 0 to remove and 0 not upgraded.
Need to get 343 kB of archives.
After this operation, 0 B of additional disk space will be used.
Get:1 http://127.0.0.1:12990/debian sid/main amd64 libgmp10 amd64 2:6.2.0+dfsg-4 [253 kB]
Get:2 http://127.0.0.1:12990/debian sid/main amd64 zlib1g amd64 1:1.2.11.dfsg-2 [90.4 kB]
debconf: delaying package configuration, since apt-utils is not installed
Fetched 343 kB in 0s (3315 kB/s)
(Reading database ... (Reading database ... 5%(Reading database ... 10%(Reading database ... 15%(Reading database ... 20%(Reading database ... 25%(Reading database ... 30%(Reading database ... 35%(Reading database ... 40%(Reading database ... 45%(Reading database ... 50%(Reading database ... 55%(Reading database ... 60%(Reading database ... 65%(Reading database ... 70%(Reading database ... 75%(Reading database ... 80%(Reading database ... 85%(Reading database ... 90%(Reading database ... 95%(Reading database ... 100%(Reading database ... 12960 files and directories currently installed.)
Preparing to unpack .../libgmp10_2%3a6.2.0+dfsg-4_amd64.deb ...
Unpacking libgmp10:amd64 (2:6.2.0+dfsg-4) over (2:6.2.0+dfsg-3) ...
Setting up libgmp10:amd64 (2:6.2.0+dfsg-4) ...
(Reading database ... (Reading database ... 5%(Reading database ... 10%(Reading database ... 15%(Reading database ... 20%(Reading database ... 25%(Reading database ... 30%(Reading database ... 35%(Reading database ... 40%(Reading database ... 45%(Reading database ... 50%(Reading database ... 55%(Reading database ... 60%(Reading database ... 65%(Reading database ... 70%(Reading database ... 75%(Reading database ... 80%(Reading database ... 85%(Reading database ... 90%(Reading database ... 95%(Reading database ... 100%(Reading database ... 12960 files and directories currently installed.)
Preparing to unpack .../zlib1g_1%3a1.2.11.dfsg-2_amd64.deb ...
Unpacking zlib1g:amd64 (1:1.2.11.dfsg-2) over (1:1.2.11.dfsg-1.2) ...
Setting up zlib1g:amd64 (1:1.2.11.dfsg-2) ...
Processing triggers for libc-bin (2.29-10) ...

+------------------------------------------------------------------------------+
| Fetch source files                                                           |
+------------------------------------------------------------------------------+


Check APT
---------

Checking available source versions...

Download source files with APT
------------------------------

Reading package lists...
NOTICE: 'libpdl-vectorvalued-perl' packaging is maintained in the 'Git' version control system at:
https://salsa.debian.org/perl-team/modules/packages/libpdl-vectorvalued-perl.git
Please use:
git clone https://salsa.debian.org/perl-team/modules/packages/libpdl-vectorvalued-perl.git
to retrieve the latest (possibly unreleased) updates to the package.
Need to get 27.8 kB of source archives.
Get:1 http://127.0.0.1:12990/debian sid/main libpdl-vectorvalued-perl 1.0.9-1 (dsc) [2298 B]
Get:2 http://127.0.0.1:12990/debian sid/main libpdl-vectorvalued-perl 1.0.9-1 (tar) [23.9 kB]
Get:3 http://127.0.0.1:12990/debian sid/main libpdl-vectorvalued-perl 1.0.9-1 (diff) [1520 B]
Fetched 27.8 kB in 0s (179 kB/s)
Download complete and in download only mode
I: NOTICE: Log filtering will replace 'build/libpdl-vectorvalued-perl-Bht27K/libpdl-vectorvalued-perl-1.0.9' with '<<PKGBUILDDIR>>'
I: NOTICE: Log filtering will replace 'build/libpdl-vectorvalued-perl-Bht27K' with '<<BUILDDIR>>'

+------------------------------------------------------------------------------+
| Install package build dependencies                                           |
+------------------------------------------------------------------------------+


Setup apt archive
-----------------

Merged Build-Depends: debhelper (>= 10), pdl, perl, build-essential, fakeroot
Filtered Build-Depends: debhelper (>= 10), pdl, perl, build-essential, fakeroot
dpkg-deb: building package 'sbuild-build-depends-main-dummy' in '/<<RESOLVERDIR>>/apt_archive/sbuild-build-depends-main-dummy.deb'.
Ign:1 copy:/<<RESOLVERDIR>>/apt_archive ./ InRelease
Get:2 copy:/<<RESOLVERDIR>>/apt_archive ./ Release [957 B]
Ign:3 copy:/<<RESOLVERDIR>>/apt_archive ./ Release.gpg
Get:4 copy:/<<RESOLVERDIR>>/apt_archive ./ Sources [371 B]
Get:5 copy:/<<RESOLVERDIR>>/apt_archive ./ Packages [453 B]
Fetched 1781 B in 0s (0 B/s)
Reading package lists...
Reading package lists...

Install main build dependencies (apt-based resolver)
----------------------------------------------------

Installing build dependencies
Reading package lists...
Building dependency tree...
Reading state information...
The following additional packages will be installed:
  autoconf automake autopoint autotools-dev bsdmainutils debhelper
  dh-autoreconf dh-strip-nondeterminism dwz file fontconfig-config
  fonts-dejavu-core gettext gettext-base groff-base intltool-debian
  libarchive-zip-perl libcroco3 libdebhelper-perl libelf1 libexpat1
  libfile-stripnondeterminism-perl libfontconfig1 libfreetype6 libgd3
  libgfortran5 libglib2.0-0 libgsl23 libgslcblas0 libhdf4-0-alt libicu63
  libjbig0 libjpeg62-turbo libmagic-mgc libmagic1 libncurses6 libpipeline1
  libpng16-16 libsigsegv2 libsub-override-perl libterm-readkey-perl libtiff5
  libtool libuchardet0 libwebp6 libx11-6 libx11-data libxau6 libxcb1 libxdmcp6
  libxml2 libxpm4 m4 man-db pdl po-debconf sensible-utils ucf
Suggested packages:
  autoconf-archive gnu-standards autoconf-doc wamerican | wordlist whois
  vacation dh-make gettext-doc libasprintf-dev libgettextpo-dev groff
  libgd-tools gsl-ref-psdoc | gsl-doc-pdf | gsl-doc-info | gsl-ref-html
  libhdf4-doc libhdf4-alt-dev hdf4-tools libtool-doc gfortran
  | fortran95-compiler gcj-jdk m4-doc apparmor less www-browser doc-base
  libastro-fits-header-perl libdevel-repl-perl libextutils-f77-perl
  libfile-map-perl libgl1-mesa-glx | libgl1 libinline-perl libinline-c-perl
  libmodule-compile-perl libopengl-perl libpdl-fftw-perl
  libpdl-graphics-plplot-perl libpgplot-perl netpbm | imagemagick proj-bin
  libmail-box-perl
Recommended packages:
  curl | wget | lynx libarchive-cpio-perl libglib2.0-data shared-mime-info
  xdg-user-dirs libgpm2 libltdl-dev libterm-readline-gnu-perl
  | libterm-readline-perl-perl libmail-sendmail-perl
The following NEW packages will be installed:
  autoconf automake autopoint autotools-dev bsdmainutils debhelper
  dh-autoreconf dh-strip-nondeterminism dwz file fontconfig-config
  fonts-dejavu-core gettext gettext-base groff-base intltool-debian
  libarchive-zip-perl libcroco3 libdebhelper-perl libelf1 libexpat1
  libfile-stripnondeterminism-perl libfontconfig1 libfreetype6 libgd3
  libgfortran5 libglib2.0-0 libgsl23 libgslcblas0 libhdf4-0-alt libicu63
  libjbig0 libjpeg62-turbo libmagic-mgc libmagic1 libncurses6 libpipeline1
  libpng16-16 libsigsegv2 libsub-override-perl libterm-readkey-perl libtiff5
  libtool libuchardet0 libwebp6 libx11-6 libx11-data libxau6 libxcb1 libxdmcp6
  libxml2 libxpm4 m4 man-db pdl po-debconf sbuild-build-depends-main-dummy
  sensible-utils ucf
0 upgraded, 59 newly installed, 0 to remove and 0 not upgraded.
Need to get 29.6 MB of archives.
After this operation, 105 MB of additional disk space will be used.
Get:1 copy:/<<RESOLVERDIR>>/apt_archive ./ sbuild-build-depends-main-dummy 0.invalid.0 [880 B]
Get:2 http://127.0.0.1:12990/debian sid/main amd64 bsdmainutils amd64 11.1.2+b1 [191 kB]
Get:3 http://127.0.0.1:12990/debian sid/main amd64 libuchardet0 amd64 0.0.6-3 [64.9 kB]
Get:4 http://127.0.0.1:12990/debian sid/main amd64 groff-base amd64 1.22.4-4 [919 kB]
Get:5 http://127.0.0.1:12990/debian sid/main amd64 libpipeline1 amd64 1.5.2-2 [33.9 kB]
Get:6 http://127.0.0.1:12990/debian sid/main amd64 man-db amd64 2.9.0-2 [1307 kB]
Get:7 http://127.0.0.1:12990/debian sid/main amd64 libterm-readkey-perl amd64 2.38-1+b1 [27.7 kB]
Get:8 http://127.0.0.1:12990/debian sid/main amd64 sensible-utils all 0.0.12+nmu1 [16.0 kB]
Get:9 http://127.0.0.1:12990/debian sid/main amd64 libexpat1 amd64 2.2.9-1 [94.3 kB]
Get:10 http://127.0.0.1:12990/debian sid/main amd64 libpng16-16 amd64 1.6.37-2 [292 kB]
Get:11 http://127.0.0.1:12990/debian sid/main amd64 libfreetype6 amd64 2.10.1-2 [392 kB]
Get:12 http://127.0.0.1:12990/debian sid/main amd64 ucf all 3.0038+nmu1 [69.0 kB]
Get:13 http://127.0.0.1:12990/debian sid/main amd64 fonts-dejavu-core all 2.37-1 [1068 kB]
Get:14 http://127.0.0.1:12990/debian sid/main amd64 fontconfig-config all 2.13.1-2 [280 kB]
Get:15 http://127.0.0.1:12990/debian sid/main amd64 libfontconfig1 amd64 2.13.1-2+b1 [347 kB]
Get:16 http://127.0.0.1:12990/debian sid/main amd64 libjpeg62-turbo amd64 1:1.5.2-2+b1 [134 kB]
Get:17 http://127.0.0.1:12990/debian sid/main amd64 libjbig0 amd64 2.1-3.1+b2 [31.0 kB]
Get:18 http://127.0.0.1:12990/debian sid/main amd64 libwebp6 amd64 0.6.1-2+b1 [261 kB]
Get:19 http://127.0.0.1:12990/debian sid/main amd64 libtiff5 amd64 4.1.0+git191117-2 [271 kB]
Get:20 http://127.0.0.1:12990/debian sid/main amd64 libxau6 amd64 1:1.0.8-1+b2 [19.9 kB]
Get:21 http://127.0.0.1:12990/debian sid/main amd64 libxdmcp6 amd64 1:1.1.2-3 [26.3 kB]
Get:22 http://127.0.0.1:12990/debian sid/main amd64 libxcb1 amd64 1.13.1-5 [137 kB]
Get:23 http://127.0.0.1:12990/debian sid/main amd64 libx11-data all 2:1.6.8-1 [298 kB]
Get:24 http://127.0.0.1:12990/debian sid/main amd64 libx11-6 amd64 2:1.6.8-1 [756 kB]
Get:25 http://127.0.0.1:12990/debian sid/main amd64 libxpm4 amd64 1:3.5.12-1 [49.1 kB]
Get:26 http://127.0.0.1:12990/debian sid/main amd64 libgd3 amd64 2.2.5-5.2 [136 kB]
Get:27 http://127.0.0.1:12990/debian sid/main amd64 libgfortran5 amd64 10-20200222-1 [721 kB]
Get:28 http://127.0.0.1:12990/debian sid/main amd64 libgslcblas0 amd64 2.5+dfsg-6+b1 [102 kB]
Get:29 http://127.0.0.1:12990/debian sid/main amd64 libgsl23 amd64 2.5+dfsg-6+b1 [879 kB]
Get:30 http://127.0.0.1:12990/debian sid/main amd64 libhdf4-0-alt amd64 4.2.14-1 [278 kB]
Get:31 http://127.0.0.1:12990/debian sid/main amd64 libncurses6 amd64 6.1+20191019-1 [102 kB]
Get:32 http://127.0.0.1:12990/debian sid/main amd64 pdl amd64 1:2.020-3 [3593 kB]
Get:33 http://127.0.0.1:12990/debian sid/main amd64 libmagic-mgc amd64 1:5.38-4 [262 kB]
Get:34 http://127.0.0.1:12990/debian sid/main amd64 libmagic1 amd64 1:5.38-4 [120 kB]
Get:35 http://127.0.0.1:12990/debian sid/main amd64 file amd64 1:5.38-4 [67.9 kB]
Get:36 http://127.0.0.1:12990/debian sid/main amd64 gettext-base amd64 0.19.8.1-10 [123 kB]
Get:37 http://127.0.0.1:12990/debian sid/main amd64 libsigsegv2 amd64 2.12-2 [32.8 kB]
Get:38 http://127.0.0.1:12990/debian sid/main amd64 m4 amd64 1.4.18-4 [203 kB]
Get:39 http://127.0.0.1:12990/debian sid/main amd64 autoconf all 2.69-11.1 [341 kB]
Get:40 http://127.0.0.1:12990/debian sid/main amd64 autotools-dev all 20180224.1 [77.0 kB]
Get:41 http://127.0.0.1:12990/debian sid/main amd64 automake all 1:1.16.1-4 [771 kB]
Get:42 http://127.0.0.1:12990/debian sid/main amd64 autopoint all 0.19.8.1-10 [435 kB]
Get:43 http://127.0.0.1:12990/debian sid/main amd64 libtool all 2.4.6-13 [513 kB]
Get:44 http://127.0.0.1:12990/debian sid/main amd64 dh-autoreconf all 19 [16.9 kB]
Get:45 http://127.0.0.1:12990/debian sid/main amd64 libdebhelper-perl all 12.9 [183 kB]
Get:46 http://127.0.0.1:12990/debian sid/main amd64 libarchive-zip-perl all 1.67-1 [104 kB]
Get:47 http://127.0.0.1:12990/debian sid/main amd64 libsub-override-perl all 0.09-2 [10.2 kB]
Get:48 http://127.0.0.1:12990/debian sid/main amd64 libfile-stripnondeterminism-perl all 1.6.3-2 [23.7 kB]
Get:49 http://127.0.0.1:12990/debian sid/main amd64 dh-strip-nondeterminism all 1.6.3-2 [14.7 kB]
Get:50 http://127.0.0.1:12990/debian sid/main amd64 libelf1 amd64 0.176-1.1 [161 kB]
Get:51 http://127.0.0.1:12990/debian sid/main amd64 dwz amd64 0.13-5 [151 kB]
Get:52 http://127.0.0.1:12990/debian sid/main amd64 libglib2.0-0 amd64 2.62.4-2 [1319 kB]
Get:53 http://127.0.0.1:12990/debian sid/main amd64 libicu63 amd64 63.2-2 [8301 kB]
Get:54 http://127.0.0.1:12990/debian sid/main amd64 libxml2 amd64 2.9.10+dfsg-3 [709 kB]
Get:55 http://127.0.0.1:12990/debian sid/main amd64 libcroco3 amd64 0.6.13-1 [146 kB]
Get:56 http://127.0.0.1:12990/debian sid/main amd64 gettext amd64 0.19.8.1-10 [1303 kB]
Get:57 http://127.0.0.1:12990/debian sid/main amd64 intltool-debian all 0.35.0+20060710.5 [26.8 kB]
Get:58 http://127.0.0.1:12990/debian sid/main amd64 po-debconf all 1.0.21 [248 kB]
Get:59 http://127.0.0.1:12990/debian sid/main amd64 debhelper all 12.9 [994 kB]
debconf: delaying package configuration, since apt-utils is not installed
Fetched 29.6 MB in 3s (9042 kB/s)
Selecting previously unselected package bsdmainutils.
(Reading database ... 12960 files and directories currently installed.)
Preparing to unpack .../00-bsdmainutils_11.1.2+b1_amd64.deb ...
Unpacking bsdmainutils (11.1.2+b1) ...
Selecting previously unselected package libuchardet0:amd64.
Preparing to unpack .../01-libuchardet0_0.0.6-3_amd64.deb ...
Unpacking libuchardet0:amd64 (0.0.6-3) ...
Selecting previously unselected package groff-base.
Preparing to unpack .../02-groff-base_1.22.4-4_amd64.deb ...
Unpacking groff-base (1.22.4-4) ...
Selecting previously unselected package libpipeline1:amd64.
Preparing to unpack .../03-libpipeline1_1.5.2-2_amd64.deb ...
Unpacking libpipeline1:amd64 (1.5.2-2) ...
Selecting previously unselected package man-db.
Preparing to unpack .../04-man-db_2.9.0-2_amd64.deb ...
Unpacking man-db (2.9.0-2) ...
Selecting previously unselected package libterm-readkey-perl.
Preparing to unpack .../05-libterm-readkey-perl_2.38-1+b1_amd64.deb ...
Unpacking libterm-readkey-perl (2.38-1+b1) ...
Selecting previously unselected package sensible-utils.
Preparing to unpack .../06-sensible-utils_0.0.12+nmu1_all.deb ...
Unpacking sensible-utils (0.0.12+nmu1) ...
Selecting previously unselected package libexpat1:amd64.
Preparing to unpack .../07-libexpat1_2.2.9-1_amd64.deb ...
Unpacking libexpat1:amd64 (2.2.9-1) ...
Selecting previously unselected package libpng16-16:amd64.
Preparing to unpack .../08-libpng16-16_1.6.37-2_amd64.deb ...
Unpacking libpng16-16:amd64 (1.6.37-2) ...
Selecting previously unselected package libfreetype6:amd64.
Preparing to unpack .../09-libfreetype6_2.10.1-2_amd64.deb ...
Unpacking libfreetype6:amd64 (2.10.1-2) ...
Selecting previously unselected package ucf.
Preparing to unpack .../10-ucf_3.0038+nmu1_all.deb ...
Moving old data out of the way
Unpacking ucf (3.0038+nmu1) ...
Selecting previously unselected package fonts-dejavu-core.
Preparing to unpack .../11-fonts-dejavu-core_2.37-1_all.deb ...
Unpacking fonts-dejavu-core (2.37-1) ...
Selecting previously unselected package fontconfig-config.
Preparing to unpack .../12-fontconfig-config_2.13.1-2_all.deb ...
Unpacking fontconfig-config (2.13.1-2) ...
Selecting previously unselected package libfontconfig1:amd64.
Preparing to unpack .../13-libfontconfig1_2.13.1-2+b1_amd64.deb ...
Unpacking libfontconfig1:amd64 (2.13.1-2+b1) ...
Selecting previously unselected package libjpeg62-turbo:amd64.
Preparing to unpack .../14-libjpeg62-turbo_1%3a1.5.2-2+b1_amd64.deb ...
Unpacking libjpeg62-turbo:amd64 (1:1.5.2-2+b1) ...
Selecting previously unselected package libjbig0:amd64.
Preparing to unpack .../15-libjbig0_2.1-3.1+b2_amd64.deb ...
Unpacking libjbig0:amd64 (2.1-3.1+b2) ...
Selecting previously unselected package libwebp6:amd64.
Preparing to unpack .../16-libwebp6_0.6.1-2+b1_amd64.deb ...
Unpacking libwebp6:amd64 (0.6.1-2+b1) ...
Selecting previously unselected package libtiff5:amd64.
Preparing to unpack .../17-libtiff5_4.1.0+git191117-2_amd64.deb ...
Unpacking libtiff5:amd64 (4.1.0+git191117-2) ...
Selecting previously unselected package libxau6:amd64.
Preparing to unpack .../18-libxau6_1%3a1.0.8-1+b2_amd64.deb ...
Unpacking libxau6:amd64 (1:1.0.8-1+b2) ...
Selecting previously unselected package libxdmcp6:amd64.
Preparing to unpack .../19-libxdmcp6_1%3a1.1.2-3_amd64.deb ...
Unpacking libxdmcp6:amd64 (1:1.1.2-3) ...
Selecting previously unselected package libxcb1:amd64.
Preparing to unpack .../20-libxcb1_1.13.1-5_amd64.deb ...
Unpacking libxcb1:amd64 (1.13.1-5) ...
Selecting previously unselected package libx11-data.
Preparing to unpack .../21-libx11-data_2%3a1.6.8-1_all.deb ...
Unpacking libx11-data (2:1.6.8-1) ...
Selecting previously unselected package libx11-6:amd64.
Preparing to unpack .../22-libx11-6_2%3a1.6.8-1_amd64.deb ...
Unpacking libx11-6:amd64 (2:1.6.8-1) ...
Selecting previously unselected package libxpm4:amd64.
Preparing to unpack .../23-libxpm4_1%3a3.5.12-1_amd64.deb ...
Unpacking libxpm4:amd64 (1:3.5.12-1) ...
Selecting previously unselected package libgd3:amd64.
Preparing to unpack .../24-libgd3_2.2.5-5.2_amd64.deb ...
Unpacking libgd3:amd64 (2.2.5-5.2) ...
Selecting previously unselected package libgfortran5:amd64.
Preparing to unpack .../25-libgfortran5_10-20200222-1_amd64.deb ...
Unpacking libgfortran5:amd64 (10-20200222-1) ...
Selecting previously unselected package libgslcblas0:amd64.
Preparing to unpack .../26-libgslcblas0_2.5+dfsg-6+b1_amd64.deb ...
Unpacking libgslcblas0:amd64 (2.5+dfsg-6+b1) ...
Selecting previously unselected package libgsl23:amd64.
Preparing to unpack .../27-libgsl23_2.5+dfsg-6+b1_amd64.deb ...
Unpacking libgsl23:amd64 (2.5+dfsg-6+b1) ...
Selecting previously unselected package libhdf4-0-alt.
Preparing to unpack .../28-libhdf4-0-alt_4.2.14-1_amd64.deb ...
Unpacking libhdf4-0-alt (4.2.14-1) ...
Selecting previously unselected package libncurses6:amd64.
Preparing to unpack .../29-libncurses6_6.1+20191019-1_amd64.deb ...
Unpacking libncurses6:amd64 (6.1+20191019-1) ...
Selecting previously unselected package pdl.
Preparing to unpack .../30-pdl_1%3a2.020-3_amd64.deb ...
Unpacking pdl (1:2.020-3) ...
Selecting previously unselected package libmagic-mgc.
Preparing to unpack .../31-libmagic-mgc_1%3a5.38-4_amd64.deb ...
Unpacking libmagic-mgc (1:5.38-4) ...
Selecting previously unselected package libmagic1:amd64.
Preparing to unpack .../32-libmagic1_1%3a5.38-4_amd64.deb ...
Unpacking libmagic1:amd64 (1:5.38-4) ...
Selecting previously unselected package file.
Preparing to unpack .../33-file_1%3a5.38-4_amd64.deb ...
Unpacking file (1:5.38-4) ...
Selecting previously unselected package gettext-base.
Preparing to unpack .../34-gettext-base_0.19.8.1-10_amd64.deb ...
Unpacking gettext-base (0.19.8.1-10) ...
Selecting previously unselected package libsigsegv2:amd64.
Preparing to unpack .../35-libsigsegv2_2.12-2_amd64.deb ...
Unpacking libsigsegv2:amd64 (2.12-2) ...
Selecting previously unselected package m4.
Preparing to unpack .../36-m4_1.4.18-4_amd64.deb ...
Unpacking m4 (1.4.18-4) ...
Selecting previously unselected package autoconf.
Preparing to unpack .../37-autoconf_2.69-11.1_all.deb ...
Unpacking autoconf (2.69-11.1) ...
Selecting previously unselected package autotools-dev.
Preparing to unpack .../38-autotools-dev_20180224.1_all.deb ...
Unpacking autotools-dev (20180224.1) ...
Selecting previously unselected package automake.
Preparing to unpack .../39-automake_1%3a1.16.1-4_all.deb ...
Unpacking automake (1:1.16.1-4) ...
Selecting previously unselected package autopoint.
Preparing to unpack .../40-autopoint_0.19.8.1-10_all.deb ...
Unpacking autopoint (0.19.8.1-10) ...
Selecting previously unselected package libtool.
Preparing to unpack .../41-libtool_2.4.6-13_all.deb ...
Unpacking libtool (2.4.6-13) ...
Selecting previously unselected package dh-autoreconf.
Preparing to unpack .../42-dh-autoreconf_19_all.deb ...
Unpacking dh-autoreconf (19) ...
Selecting previously unselected package libdebhelper-perl.
Preparing to unpack .../43-libdebhelper-perl_12.9_all.deb ...
Unpacking libdebhelper-perl (12.9) ...
Selecting previously unselected package libarchive-zip-perl.
Preparing to unpack .../44-libarchive-zip-perl_1.67-1_all.deb ...
Unpacking libarchive-zip-perl (1.67-1) ...
Selecting previously unselected package libsub-override-perl.
Preparing to unpack .../45-libsub-override-perl_0.09-2_all.deb ...
Unpacking libsub-override-perl (0.09-2) ...
Selecting previously unselected package libfile-stripnondeterminism-perl.
Preparing to unpack .../46-libfile-stripnondeterminism-perl_1.6.3-2_all.deb ...
Unpacking libfile-stripnondeterminism-perl (1.6.3-2) ...
Selecting previously unselected package dh-strip-nondeterminism.
Preparing to unpack .../47-dh-strip-nondeterminism_1.6.3-2_all.deb ...
Unpacking dh-strip-nondeterminism (1.6.3-2) ...
Selecting previously unselected package libelf1:amd64.
Preparing to unpack .../48-libelf1_0.176-1.1_amd64.deb ...
Unpacking libelf1:amd64 (0.176-1.1) ...
Selecting previously unselected package dwz.
Preparing to unpack .../49-dwz_0.13-5_amd64.deb ...
Unpacking dwz (0.13-5) ...
Selecting previously unselected package libglib2.0-0:amd64.
Preparing to unpack .../50-libglib2.0-0_2.62.4-2_amd64.deb ...
Unpacking libglib2.0-0:amd64 (2.62.4-2) ...
Selecting previously unselected package libicu63:amd64.
Preparing to unpack .../51-libicu63_63.2-2_amd64.deb ...
Unpacking libicu63:amd64 (63.2-2) ...
Selecting previously unselected package libxml2:amd64.
Preparing to unpack .../52-libxml2_2.9.10+dfsg-3_amd64.deb ...
Unpacking libxml2:amd64 (2.9.10+dfsg-3) ...
Selecting previously unselected package libcroco3:amd64.
Preparing to unpack .../53-libcroco3_0.6.13-1_amd64.deb ...
Unpacking libcroco3:amd64 (0.6.13-1) ...
Selecting previously unselected package gettext.
Preparing to unpack .../54-gettext_0.19.8.1-10_amd64.deb ...
Unpacking gettext (0.19.8.1-10) ...
Selecting previously unselected package intltool-debian.
Preparing to unpack .../55-intltool-debian_0.35.0+20060710.5_all.deb ...
Unpacking intltool-debian (0.35.0+20060710.5) ...
Selecting previously unselected package po-debconf.
Preparing to unpack .../56-po-debconf_1.0.21_all.deb ...
Unpacking po-debconf (1.0.21) ...
Selecting previously unselected package debhelper.
Preparing to unpack .../57-debhelper_12.9_all.deb ...
Unpacking debhelper (12.9) ...
Selecting previously unselected package sbuild-build-depends-main-dummy.
Preparing to unpack .../58-sbuild-build-depends-main-dummy_0.invalid.0_amd64.deb ...
Unpacking sbuild-build-depends-main-dummy (0.invalid.0) ...
Setting up libexpat1:amd64 (2.2.9-1) ...
Setting up libpipeline1:amd64 (1.5.2-2) ...
Setting up libxau6:amd64 (1:1.0.8-1+b2) ...
Setting up libxdmcp6:amd64 (1:1.1.2-3) ...
Setting up libxcb1:amd64 (1.13.1-5) ...
Setting up libgslcblas0:amd64 (2.5+dfsg-6+b1) ...
Setting up libmagic-mgc (1:5.38-4) ...
Setting up libarchive-zip-perl (1.67-1) ...
Setting up libglib2.0-0:amd64 (2.62.4-2) ...
No schema files found: doing nothing.
Setting up libdebhelper-perl (12.9) ...
Setting up libmagic1:amd64 (1:5.38-4) ...
Setting up gettext-base (0.19.8.1-10) ...
Setting up file (1:5.38-4) ...
Setting up libjbig0:amd64 (2.1-3.1+b2) ...
Setting up libicu63:amd64 (63.2-2) ...
Setting up autotools-dev (20180224.1) ...
Setting up libjpeg62-turbo:amd64 (1:1.5.2-2+b1) ...
Setting up libx11-data (2:1.6.8-1) ...
Setting up libgsl23:amd64 (2.5+dfsg-6+b1) ...
Setting up libncurses6:amd64 (6.1+20191019-1) ...
Setting up libsigsegv2:amd64 (2.12-2) ...
Setting up bsdmainutils (11.1.2+b1) ...
update-alternatives: using /usr/bin/bsd-write to provide /usr/bin/write (write) in auto mode
update-alternatives: using /usr/bin/bsd-from to provide /usr/bin/from (from) in auto mode
Setting up libpng16-16:amd64 (1.6.37-2) ...
Setting up autopoint (0.19.8.1-10) ...
Setting up libwebp6:amd64 (0.6.1-2+b1) ...
Setting up fonts-dejavu-core (2.37-1) ...
Setting up libgfortran5:amd64 (10-20200222-1) ...
Setting up libhdf4-0-alt (4.2.14-1) ...
Setting up sensible-utils (0.0.12+nmu1) ...
Setting up libuchardet0:amd64 (0.0.6-3) ...
Setting up libsub-override-perl (0.09-2) ...
Setting up libx11-6:amd64 (2:1.6.8-1) ...
Setting up libtiff5:amd64 (4.1.0+git191117-2) ...
Setting up libterm-readkey-perl (2.38-1+b1) ...
Setting up libelf1:amd64 (0.176-1.1) ...
Setting up libxml2:amd64 (2.9.10+dfsg-3) ...
Setting up libfile-stripnondeterminism-perl (1.6.3-2) ...
Setting up libxpm4:amd64 (1:3.5.12-1) ...
Setting up libtool (2.4.6-13) ...
Setting up m4 (1.4.18-4) ...
Setting up libfreetype6:amd64 (2.10.1-2) ...
Setting up libcroco3:amd64 (0.6.13-1) ...
Setting up ucf (3.0038+nmu1) ...
Setting up autoconf (2.69-11.1) ...
Setting up dh-strip-nondeterminism (1.6.3-2) ...
Setting up dwz (0.13-5) ...
Setting up groff-base (1.22.4-4) ...
Setting up automake (1:1.16.1-4) ...
update-alternatives: using /usr/bin/automake-1.16 to provide /usr/bin/automake (automake) in auto mode
Setting up gettext (0.19.8.1-10) ...
Setting up fontconfig-config (2.13.1-2) ...
Setting up man-db (2.9.0-2) ...
Not building database; man-db/auto-update is not 'true'.
Setting up intltool-debian (0.35.0+20060710.5) ...
Setting up libfontconfig1:amd64 (2.13.1-2+b1) ...
Setting up po-debconf (1.0.21) ...
Setting up libgd3:amd64 (2.2.5-5.2) ...
Setting up pdl (1:2.020-3) ...
Setting up debhelper (12.9) ...
Setting up dh-autoreconf (19) ...
Setting up sbuild-build-depends-main-dummy (0.invalid.0) ...
Processing triggers for libc-bin (2.29-10) ...

+------------------------------------------------------------------------------+
| Check architectures                                                          |
+------------------------------------------------------------------------------+

Arch check ok (amd64 included in any)

+------------------------------------------------------------------------------+
| Build environment                                                            |
+------------------------------------------------------------------------------+

Kernel: Linux 4.19.0-6-cloud-amd64 #1 SMP Debian 4.19.67-2+deb10u2 (2019-11-11) amd64 (x86_64)
Toolchain package versions: binutils_2.34-3 dpkg-dev_1.19.7 g++-9_9.2.1-29 gcc-9_9.2.1-29 libc6-dev_2.29-10 libstdc++-9-dev_9.2.1-29 libstdc++6_10-20200222-1 linux-libc-dev_5.4.19-1
Package versions: adduser_3.118 apt_1.8.4 autoconf_2.69-11.1 automake_1:1.16.1-4 autopoint_0.19.8.1-10 autotools-dev_20180224.1 base-files_11 base-passwd_3.5.47 bash_5.0-5 binutils_2.34-3 binutils-common_2.34-3 binutils-x86-64-linux-gnu_2.34-3 bsdmainutils_11.1.2+b1 bsdutils_1:2.34-0.1 build-essential_12.8 bzip2_1.0.8-2 clang-10_1:10.0.0~+rc2-1 coreutils_8.30-3+b1 cpp_4:9.2.1-3.1 cpp-9_9.2.1-29 dash_0.5.10.2-6 debconf_1.5.73 debhelper_12.9 debian-archive-keyring_2019.1 debianutils_4.9.1 dh-autoreconf_19 dh-strip-nondeterminism_1.6.3-2 diffutils_1:3.7-3 dpkg_1.19.7 dpkg-dev_1.19.7 dwz_0.13-5 e2fsprogs_1.45.5-2 fakeroot_1.24-1 fdisk_2.34-0.1 file_1:5.38-4 findutils_4.7.0-1 fontconfig-config_2.13.1-2 fonts-dejavu-core_2.37-1 g++_4:9.2.1-3.1 g++-9_9.2.1-29 gcc_4:9.2.1-3.1 gcc-10-base_10-20200222-1 gcc-9_9.2.1-29 gcc-9-base_9.2.1-29 gettext_0.19.8.1-10 gettext-base_0.19.8.1-10 gpgv_2.2.19-1 grep_3.4-1 groff-base_1.22.4-4 gzip_1.9-3+b1 hostname_3.23 init-system-helpers_1.57 intltool-debian_0.35.0+20060710.5 lib32gcc-s1_10-20200222-1 lib32gcc1_1:10-20200222-1 lib32stdc++6_10-20200222-1 libacl1_2.2.53-5 libapt-pkg5.0_1.8.4 libarchive-zip-perl_1.67-1 libasan5_9.2.1-29 libatomic1_10-20200222-1 libattr1_1:2.4.48-5 libaudit-common_1:2.8.5-2 libaudit1_1:2.8.5-2+b1 libbinutils_2.34-3 libblkid1_2.34-0.1 libbsd0_0.10.0-1 libbz2-1.0_1.0.8-2 libc-bin_2.29-10 libc-dev-bin_2.29-10 libc6_2.29-10 libc6-dev_2.29-10 libc6-i386_2.29-10 libcap-ng0_0.7.9-2.1+b1 libcc1-0_10-20200222-1 libclang-common-10-dev_1:10.0.0~+rc2-1 libclang-cpp10_1:10.0.0~+rc2-1 libclang1-10_1:10.0.0~+rc2-1 libcom-err2_1.45.5-2 libcroco3_0.6.13-1 libcrypt-dev_1:4.4.10-10 libcrypt1_1:4.4.10-10 libctf-nobfd0_2.34-3 libctf0_2.34-3 libdb5.3_5.3.28+dfsg1-0.6 libdebconfclient0_0.251 libdebhelper-perl_12.9 libdpkg-perl_1.19.7 libedit2_3.1-20191231-1 libelf1_0.176-1.1 libexpat1_2.2.9-1 libext2fs2_1.45.5-2 libfakeroot_1.24-1 libfdisk1_2.34-0.1 libffi7_3.3-3 libfile-stripnondeterminism-perl_1.6.3-2 libfontconfig1_2.13.1-2+b1 libfreetype6_2.10.1-2 libgc1c2_1:7.6.4-0.4 libgcc-9-dev_9.2.1-29 libgcc-s1_10-20200222-1 libgcc1_1:10-20200222-1 libgcrypt20_1.8.5-5 libgd3_2.2.5-5.2 libgdbm-compat4_1.18.1-5 libgdbm6_1.18.1-5 libgfortran5_10-20200222-1 libglib2.0-0_2.62.4-2 libgmp10_2:6.2.0+dfsg-4 libgnutls30_3.6.12-2 libgomp1_10-20200222-1 libgpg-error0_1.37-1 libgsl23_2.5+dfsg-6+b1 libgslcblas0_2.5+dfsg-6+b1 libhdf4-0-alt_4.2.14-1 libhogweed5_3.5.1+really3.5.1-2 libicu63_63.2-2 libidn2-0_2.2.0-2 libisl22_0.22.1-1 libitm1_10-20200222-1 libjbig0_2.1-3.1+b2 libjpeg62-turbo_1:1.5.2-2+b1 libllvm10_1:10.0.0~+rc2-1 liblsan0_10-20200222-1 liblz4-1_1.9.2-2 liblzma5_5.2.4-1+b1 libmagic-mgc_1:5.38-4 libmagic1_1:5.38-4 libmount1_2.34-0.1 libmpc3_1.1.0-1 libmpfr6_4.0.2-1 libncurses6_6.1+20191019-1 libncursesw6_6.1+20191019-1 libnettle7_3.5.1+really3.5.1-2 libobjc-9-dev_9.2.1-29 libobjc4_10-20200222-1 libomp-10-dev_1:10.0.0~+rc2-1 libomp5-10_1:10.0.0~+rc2-1 libp11-kit0_0.23.20-1 libpam-modules_1.3.1-5 libpam-modules-bin_1.3.1-5 libpam-runtime_1.3.1-5 libpam0g_1.3.1-5 libpcre2-8-0_10.34-7 libpcre3_2:8.39-12+b1 libperl5.30_5.30.0-9 libpipeline1_1.5.2-2 libpng16-16_1.6.37-2 libquadmath0_10-20200222-1 libseccomp2_2.4.2-2 libselinux1_3.0-1+b1 libsemanage-common_3.0-1 libsemanage1_3.0-1+b1 libsepol1_3.0-1 libsigsegv2_2.12-2 libsmartcols1_2.34-0.1 libss2_1.45.5-2 libstdc++-9-dev_9.2.1-29 libstdc++6_10-20200222-1 libsub-override-perl_0.09-2 libsystemd0_244.3-1 libtasn1-6_4.16.0-2 libterm-readkey-perl_2.38-1+b1 libtiff5_4.1.0+git191117-2 libtinfo6_6.1+20191019-1 libtool_2.4.6-13 libtsan0_10-20200222-1 libubsan1_10-20200222-1 libuchardet0_0.0.6-3 libudev1_244.3-1 libunistring2_0.9.10-2 libuuid1_2.34-0.1 libwebp6_0.6.1-2+b1 libx11-6_2:1.6.8-1 libx11-data_2:1.6.8-1 libxau6_1:1.0.8-1+b2 libxcb1_1.13.1-5 libxdmcp6_1:1.1.2-3 libxml2_2.9.10+dfsg-3 libxpm4_1:3.5.12-1 libz3-4_4.8.7-4 libzstd1_1.4.4+dfsg-3 linux-libc-dev_5.4.19-1 login_1:4.8.1-1 logsave_1.45.5-2 lsb-base_11.1.0 m4_1.4.18-4 make_4.2.1-1.2 man-db_2.9.0-2 mawk_1.3.4.20200120-2 mount_2.34-0.1 ncurses-base_6.1+20191019-1 ncurses-bin_6.1+20191019-1 passwd_1:4.8.1-1 patch_2.7.6-6 pdl_1:2.020-3 perl_5.30.0-9 perl-base_5.30.0-9 perl-modules-5.30_5.30.0-9 po-debconf_1.0.21 sbuild-build-depends-main-dummy_0.invalid.0 sed_4.7-1 sensible-utils_0.0.12+nmu1 sysvinit-utils_2.96-2.1 tar_1.30+dfsg-6+b1 tzdata_2019c-3 ucf_3.0038+nmu1 util-linux_2.34-0.1 xz-utils_5.2.4-1+b1 zlib1g_1:1.2.11.dfsg-2

+------------------------------------------------------------------------------+
| Build                                                                        |
+------------------------------------------------------------------------------+


Unpack source
-------------

-----BEGIN PGP SIGNED MESSAGE-----
Hash: SHA512

Format: 3.0 (quilt)
Source: libpdl-vectorvalued-perl
Binary: libpdl-vectorvalued-perl
Architecture: any
Version: 1.0.9-1
Maintainer: Debian Perl Group <pkg-perl-maintainers@lists.alioth.debian.org>
Uploaders: Laurent Baillet <laurent.baillet@gmail.com>
Homepage: https://metacpan.org/release/PDL-VectorValued
Standards-Version: 4.1.4
Vcs-Browser: https://salsa.debian.org/perl-team/modules/packages/libpdl-vectorvalued-perl
Vcs-Git: https://salsa.debian.org/perl-team/modules/packages/libpdl-vectorvalued-perl.git
Testsuite: autopkgtest-pkg-perl
Build-Depends: debhelper (>= 10), pdl, perl
Package-List:
 libpdl-vectorvalued-perl deb perl optional arch=any
Checksums-Sha1:
 d5d8613a303cce2b1c86b0c7f9dbf19d30ffbbdb 23941 libpdl-vectorvalued-perl_1.0.9.orig.tar.gz
 960999c6da7f2ab5d1e40249857dcdc10e1ccc6d 1520 libpdl-vectorvalued-perl_1.0.9-1.debian.tar.xz
Checksums-Sha256:
 5967fd5f1fb94992fc23593014912c440d4335f94d822e709871f61c81ed330e 23941 libpdl-vectorvalued-perl_1.0.9.orig.tar.gz
 f21058afd60c71fa6efaeace6c2c4a156d970a034aabea16a8ebff0b50c2c893 1520 libpdl-vectorvalued-perl_1.0.9-1.debian.tar.xz
Files:
 bb871d7f3b2048d429987a2a46e08e86 23941 libpdl-vectorvalued-perl_1.0.9.orig.tar.gz
 3f8a01d38290f2dd66ba6180c8cab0fd 1520 libpdl-vectorvalued-perl_1.0.9-1.debian.tar.xz

-----BEGIN PGP SIGNATURE-----

iQKTBAEBCgB9FiEE0eExbpOnYKgQTYX6uzpoAYZJqgYFAlr+2mJfFIAAAAAALgAo
aXNzdWVyLWZwckBub3RhdGlvbnMub3BlbnBncC5maWZ0aGhvcnNlbWFuLm5ldEQx
RTEzMTZFOTNBNzYwQTgxMDREODVGQUJCM0E2ODAxODY0OUFBMDYACgkQuzpoAYZJ
qga8+w//UUuAAbqjhhrbrF49JD1j1VSLpQl7TgnBV/nzzqKQobcdMcC6WyJlGvQz
9bQOEHyXWHwDJqeuQMMs/hp3ewubz6pnFQBQAQnQk3Wa6Mn1Hq4B/Af7ZNLve5wQ
RciGIYuGZHyRgHhSJkDA2j6kfuc5qSwnABijAl6T6lHFBaPvflWU2mmN10GtmXer
2VPDMvqPoyIfpVJpFa78op1OOa6jvh5fbyaLNoe6UcFEb0hPdT498I74iMxOfShm
1mFP9M0cVNSIdJGgTYY1KL0INwRxZ5xgogg4uxjuTX3+Ftj7kod67eGw2CNubAGN
5y181O55JJ1EsN9WvltATAkADRPKkADkk/vuxDloY4HXiI/BEsWyLmGjIPXxHtvq
k7AAgtxUcscE2Ly6j5Mnj/nINXa1hlFL23uHbCmNT3GPqasIMZGNpsRpW8PfHJBI
PvBlfvYw4NuORBvF9KWDJOye3nwIVghZlOnPa0UfuZLOwpvG4xG8Lfc7Pvi/N2RB
TyEu/krD7F2hyljeqzJj6Oxq42nCZO7jRD6j/yoL91NN264ceQ65gtfcd3LJ++3o
NwtGe/zI15o2PJid+X31fsqgs3qo8mEvg0zdVli/nzzQY7I4bOisJJAG3y3XaKzc
wKmp5Y4drziy0SUzjo4XPTKHDYPq3ws8jo+yMBuQB4Mh0OHHzE0=
=GO2y
-----END PGP SIGNATURE-----

gpgv: unknown type of key resource 'trustedkeys.kbx'
gpgv: keyblock resource '/sbuild-nonexistent/.gnupg/trustedkeys.kbx': General error
gpgv: Signature made Fri May 18 13:51:30 2018 UTC
gpgv:                using RSA key D1E1316E93A760A8104D85FABB3A68018649AA06
gpgv: Can't check signature: No public key
dpkg-source: warning: failed to verify signature on ./libpdl-vectorvalued-perl_1.0.9-1.dsc
dpkg-source: info: extracting libpdl-vectorvalued-perl in /<<PKGBUILDDIR>>
dpkg-source: info: unpacking libpdl-vectorvalued-perl_1.0.9.orig.tar.gz
dpkg-source: info: unpacking libpdl-vectorvalued-perl_1.0.9-1.debian.tar.xz

Check disk space
----------------

Sufficient free space for build

User Environment
----------------

APT_CONFIG=/var/lib/sbuild/apt.conf
HOME=/sbuild-nonexistent
LANG=C.UTF-8
LC_ALL=C.UTF-8
LOGNAME=user42
PATH=/usr/local/sbin:/usr/local/bin:/usr/sbin:/usr/bin:/sbin:/bin:/usr/games
SCHROOT_ALIAS_NAME=unstable
SCHROOT_CHROOT_NAME=sid-amd64-sbuild
SCHROOT_COMMAND=env
SCHROOT_GID=1001
SCHROOT_GROUP=user42
SCHROOT_SESSION_ID=sid-amd64-sbuild-a1f51aac-5757-4b7e-8121-9c2d44e39d28
SCHROOT_UID=1001
SCHROOT_USER=user42
SHELL=/bin/sh
USER=user42

dpkg-buildpackage
-----------------

Command: dpkg-buildpackage -us -uc -b -rfakeroot
dpkg-buildpackage: info: source package libpdl-vectorvalued-perl
dpkg-buildpackage: info: source version 1.0.9-1
dpkg-buildpackage: info: source distribution unstable
dpkg-buildpackage: info: source changed by Laurent Baillet <laurent.baillet@gmail.com>
 dpkg-source --before-build .
dpkg-buildpackage: info: host architecture amd64
 fakeroot debian/rules clean
dh clean
   dh_clean
 debian/rules build
dh build
   dh_update_autotools_config
   dh_autoreconf
   dh_auto_configure
	perl -I. Makefile.PL INSTALLDIRS=vendor "OPTIMIZE=-g -O2 -fdebug-prefix-map=/<<PKGBUILDDIR>>=. -fstack-protector-strong -Wformat -Werror=format-security -Wdate-time -D_FORTIFY_SOURCE=2" "LD=x86_64-linux-gnu-gcc -g -O2 -fdebug-prefix-map=/<<PKGBUILDDIR>>=. -fstack-protector-strong -Wformat -Werror=format-security -Wl,-z,relro -Wl,-z,now"
Info: ignore any warnings about missing Utils/Utils.pm
Checking if your kit is complete...
Looks good
Writing MYMETA.yml and MYMETA.json
Generating a Unix-style Makefile
Writing Makefile for PDL::VectorValued
Writing MYMETA.yml and MYMETA.json
   dh_auto_build
	make -j4
make[1]: Entering directory '/<<PKGBUILDDIR>>'
make[2]: Entering directory '/<<PKGBUILDDIR>>/Utils'
"/usr/bin/perl" "-I/usr/lib/x86_64-linux-gnu/perl5/5.30" "-MPDL::PP qw[PDL::VectorValued::Utils PDL::VectorValued::Utils Utils]" utils.pd
Running Mkbootstrap for Utils ()
cp VectorValued.pm blib/lib/PDL/VectorValued.pm
chmod 644 "Utils.bs"
"/usr/bin/perl" -MExtUtils::Command::MM -e 'cp_nonempty' -- Utils.bs ../blib/arch/auto/PDL/VectorValued/Utils/Utils.bs 644
touch Utils.xs
"/usr/bin/perl" "/usr/share/perl/5.30.0/ExtUtils/xsubpp"  -typemap '/usr/share/perl/5.30/ExtUtils/typemap' -typemap '/usr/lib/x86_64-linux-gnu/perl5/5.30/PDL/Core/typemap.pdl'  Utils.xs > Utils.xsc
cp Utils.pm ../blib/lib/PDL/VectorValued/Utils.pm
mv Utils.xsc Utils.c
x86_64-linux-gnu-gcc -c  "-I/usr/lib/x86_64-linux-gnu/perl5/5.30/PDL/Core"  -D_REENTRANT -D_GNU_SOURCE -DDEBIAN -fwrapv -fno-strict-aliasing -pipe -I/usr/local/include -D_LARGEFILE_SOURCE -D_FILE_OFFSET_BITS=64 -g -O2 -fdebug-prefix-map=/<<PKGBUILDDIR>>=. -fstack-protector-strong -Wformat -Werror=format-security -Wdate-time -D_FORTIFY_SOURCE=2   -DVERSION=\"1.0.9\" -DXS_VERSION=\"1.0.9\" -fPIC "-I/usr/lib/x86_64-linux-gnu/perl/5.30/CORE"   Utils.c
rm -f ../blib/arch/auto/PDL/VectorValued/Utils/Utils.so
x86_64-linux-gnu-gcc -g -O2 -fdebug-prefix-map=/<<PKGBUILDDIR>>=. -fstack-protector-strong -Wformat -Werror=format-security -Wl,-z,relro -Wl,-z,now  -shared -L/usr/local/lib -fstack-protector-strong  Utils.o  -o ../blib/arch/auto/PDL/VectorValued/Utils/Utils.so  \
      \
  
chmod 755 ../blib/arch/auto/PDL/VectorValued/Utils/Utils.so
Manifying 1 pod document
make[2]: Leaving directory '/<<PKGBUILDDIR>>/Utils'
make[2]: Entering directory '/<<PKGBUILDDIR>>/VectorValued'
cp Version.pm ../blib/lib/PDL/VectorValued/Version.pm
cp Dev.pm ../blib/lib/PDL/VectorValued/Dev.pm
Manifying 1 pod document
make[2]: Leaving directory '/<<PKGBUILDDIR>>/VectorValued'
Manifying 1 pod document
make[1]: Leaving directory '/<<PKGBUILDDIR>>'
   dh_auto_test
	make -j4 test TEST_VERBOSE=1
make[1]: Entering directory '/<<PKGBUILDDIR>>'
make[2]: Entering directory '/<<PKGBUILDDIR>>/Utils'
"/usr/bin/perl" -MExtUtils::Command::MM -e 'cp_nonempty' -- Utils.bs ../blib/arch/auto/PDL/VectorValued/Utils/Utils.bs 644
Manifying 1 pod document
make[2]: Leaving directory '/<<PKGBUILDDIR>>/Utils'
make[2]: Entering directory '/<<PKGBUILDDIR>>/VectorValued'
Manifying 1 pod document
make[2]: Leaving directory '/<<PKGBUILDDIR>>/VectorValued'
make[2]: Entering directory '/<<PKGBUILDDIR>>/Utils'
"/usr/bin/perl" -MExtUtils::Command::MM -e 'cp_nonempty' -- Utils.bs ../blib/arch/auto/PDL/VectorValued/Utils/Utils.bs 644
No tests defined for PDL::VectorValued::Utils extension.
make[2]: Leaving directory '/<<PKGBUILDDIR>>/Utils'
make[2]: Entering directory '/<<PKGBUILDDIR>>/VectorValued'
No tests defined for PDL::VectorValued::Dev extension.
make[2]: Leaving directory '/<<PKGBUILDDIR>>/VectorValued'
PERL_DL_NONLAZY=1 "/usr/bin/perl" "-MExtUtils::Command::MM" "-MTest::Harness" "-e" "undef *Test::Harness::Switches; test_harness(1, 'blib/lib', 'blib/arch')" t/*.t
t/00_basic.t ... 
1..2
ok 1 - use PDL;
ok 2 - use PDL::VectorValued;
ok
t/01_rlevec.t .. 
1..17
loaded /<<PKGBUILDDIR>>/t/common.plt
ok 1 - rlevec():counts
ok 2 - rlevec():elts
ok 3 - rldvec()
ok 4 - enumvec()
ok 5 - enumvecg()
ok 6 - rleND():2d:counts
ok 7 - rleND():2d:elts
ok 8 - rldND():2d
ok 9 - rleND():Nd:counts
ok 10 - rleND():Nd:elts
ok 11 - rldND():Nd
ok 12 - enumvec():Nd
ok 13 - rldseq():type
ok 14 - rldseq():data
ok 15 - rleseq():type
ok 16 - rleseq():lens
ok 17 - rleseq():offs
ok
t/02_cmpvec.t .. 
1..8
loaded /<<PKGBUILDDIR>>/t/common.plt
ok 1 - cmpvec:1d:<
ok 2 - cmpvec:1d:>
ok 3 - cmpvec:1d:==
ok 4 - vv_qsortvec
ok 5 - vv_qsortveci
ok 6 - vsearchvec():match
ok 7 - vsearchvev():<<
ok 8 - vsearchvev():>>
ok
t/03_setops.t .. 
1..12
loaded /<<PKGBUILDDIR>>/t/common.plt
ok 1 - vv_union:list:c
ok 2 - vv_union:list:nc
ok 3 - vv_union:scalar
ok 4 - vv_intersect:list:c
ok 5 - vv_intersect:list:nc
ok 6 - vv_intersect:scalar
ok 7 - vv_setdiff:list:c
ok 8 - vv_setdiff:list:nc
ok 9 - vv_setdiff:scalar
ok 10 - v_union
ok 11 - v_intersect
ok 12 - v_setdiff
ok
t/04_types.t ... 
1..2
loaded /<<PKGBUILDDIR>>/t/common.plt
ok 1 - isa(vv_indx,PDL::Type)
ok 2 - vv_indx == PDL::indx (PDL >= v2.007)
ok
t/05_vcos.t .... 
1..6
loaded /<<PKGBUILDDIR>>/t/common.plt
ok 1 - vv_vcos:flat
ok 2 - vv_vcos:threaded
ok 3 - vv_vcos:nullvec:a:nan
ok 4 - vv_vcos:nullvec:b:all-nan
ok 5 - vv_vcos:bad:a
ok 6 - vv_vcos:bad:b
ok
All tests successful.
Files=6, Tests=47,  1 wallclock secs ( 0.02 usr  0.01 sys +  0.67 cusr  0.10 csys =  0.80 CPU)
Result: PASS
make[1]: Leaving directory '/<<PKGBUILDDIR>>'
   create-stamp debian/debhelper-build-stamp
 fakeroot debian/rules binary
dh binary
   dh_testroot
   dh_prep
   dh_auto_install
	make -j4 install DESTDIR=/<<PKGBUILDDIR>>/debian/libpdl-vectorvalued-perl AM_UPDATE_INFO_DIR=no PREFIX=/usr
make[1]: Entering directory '/<<PKGBUILDDIR>>'
make[2]: Entering directory '/<<PKGBUILDDIR>>/Utils'
"/usr/bin/perl" -MExtUtils::Command::MM -e 'cp_nonempty' -- Utils.bs ../blib/arch/auto/PDL/VectorValued/Utils/Utils.bs 644
Manifying 1 pod document
make[2]: Leaving directory '/<<PKGBUILDDIR>>/Utils'
make[2]: Entering directory '/<<PKGBUILDDIR>>/VectorValued'
Manifying 1 pod document
make[2]: Leaving directory '/<<PKGBUILDDIR>>/VectorValued'
Manifying 1 pod document
Files found in blib/arch: installing files in blib/lib into architecture dependent library tree
Installing /<<PKGBUILDDIR>>/debian/libpdl-vectorvalued-perl/usr/lib/x86_64-linux-gnu/perl5/5.30/auto/PDL/VectorValued/Utils/Utils.so
Installing /<<PKGBUILDDIR>>/debian/libpdl-vectorvalued-perl/usr/lib/x86_64-linux-gnu/perl5/5.30/PDL/VectorValued.pm
Installing /<<PKGBUILDDIR>>/debian/libpdl-vectorvalued-perl/usr/lib/x86_64-linux-gnu/perl5/5.30/PDL/VectorValued/Version.pm
Installing /<<PKGBUILDDIR>>/debian/libpdl-vectorvalued-perl/usr/lib/x86_64-linux-gnu/perl5/5.30/PDL/VectorValued/Dev.pm
Installing /<<PKGBUILDDIR>>/debian/libpdl-vectorvalued-perl/usr/lib/x86_64-linux-gnu/perl5/5.30/PDL/VectorValued/Utils.pm
Installing /<<PKGBUILDDIR>>/debian/libpdl-vectorvalued-perl/usr/share/man/man3/PDL::VectorValued::Utils.3pm
Installing /<<PKGBUILDDIR>>/debian/libpdl-vectorvalued-perl/usr/share/man/man3/PDL::VectorValued::Dev.3pm
Installing /<<PKGBUILDDIR>>/debian/libpdl-vectorvalued-perl/usr/share/man/man3/PDL::VectorValued.3pm
make[1]: Leaving directory '/<<PKGBUILDDIR>>'
   dh_installdocs
   dh_installchangelogs
   dh_installman
   debian/rules override_dh_perl
make[1]: Entering directory '/<<PKGBUILDDIR>>'
dh_perl
dh_pdl
make[1]: Leaving directory '/<<PKGBUILDDIR>>'
   dh_link
   dh_strip_nondeterminism
   dh_compress
   dh_fixperms
   dh_missing
   dh_strip
   dh_makeshlibs
   dh_shlibdeps
   dh_installdeb
   dh_gencontrol
   dh_md5sums
   dh_builddeb
dpkg-deb: building package 'libpdl-vectorvalued-perl' in '../libpdl-vectorvalued-perl_1.0.9-1_amd64.deb'.
dpkg-deb: building package 'libpdl-vectorvalued-perl-dbgsym' in '../libpdl-vectorvalued-perl-dbgsym_1.0.9-1_amd64.deb'.
 dpkg-genbuildinfo --build=binary
 dpkg-genchanges --build=binary >../libpdl-vectorvalued-perl_1.0.9-1_amd64.changes
dpkg-genchanges: info: binary-only upload (no source code included)
 dpkg-source --after-build .
dpkg-buildpackage: info: binary-only upload (no source included)
--------------------------------------------------------------------------------
Build finished at 2020-02-25T06:24:33Z

Finished
--------

I: Built successfully

+------------------------------------------------------------------------------+
| Changes                                                                      |
+------------------------------------------------------------------------------+


libpdl-vectorvalued-perl_1.0.9-1_amd64.changes:
-----------------------------------------------

Format: 1.8
Date: Fri, 18 May 2018 13:07:03 +0000
Source: libpdl-vectorvalued-perl
Binary: libpdl-vectorvalued-perl libpdl-vectorvalued-perl-dbgsym
Architecture: amd64
Version: 1.0.9-1
Distribution: unstable
Urgency: low
Maintainer: Debian Perl Group <pkg-perl-maintainers@lists.alioth.debian.org>
Changed-By: Laurent Baillet <laurent.baillet@gmail.com>
Description:
 libpdl-vectorvalued-perl - module to provide some utilities for vector-valued PDLs
Closes: 898642
Changes:
 libpdl-vectorvalued-perl (1.0.9-1) unstable; urgency=low
 .
   * Initial release (Closes: #898642).
Checksums-Sha1:
 b20a77bfa583b3eca87e3bfe28744fcec26d6145 164208 libpdl-vectorvalued-perl-dbgsym_1.0.9-1_amd64.deb
 00e62f608199e494add25a511c925773b7e0654f 6007 libpdl-vectorvalued-perl_1.0.9-1_amd64.buildinfo
 b0a55e704ed29ff58b2679f743ea909540292314 100152 libpdl-vectorvalued-perl_1.0.9-1_amd64.deb
Checksums-Sha256:
 d6e5ee933e757d68056c061b01e5ac85289102d4f96d3c64134f4223ae7d2124 164208 libpdl-vectorvalued-perl-dbgsym_1.0.9-1_amd64.deb
 99c7c6240752aaf205f6f510b4f60c1c78481bf5019fa3622b351a5d934e8e51 6007 libpdl-vectorvalued-perl_1.0.9-1_amd64.buildinfo
 f2588b2306cc4a3805098c163ec280dcf1981e1ffa8b25475e62e1507264e1a2 100152 libpdl-vectorvalued-perl_1.0.9-1_amd64.deb
Files:
 82532311b0f1e6eafb53bdaa8c0d046f 164208 debug optional libpdl-vectorvalued-perl-dbgsym_1.0.9-1_amd64.deb
 a58d78707c250a03ebb20df80424e66d 6007 perl optional libpdl-vectorvalued-perl_1.0.9-1_amd64.buildinfo
 b1cc8f96cc26f84c7aa6478bc1724294 100152 perl optional libpdl-vectorvalued-perl_1.0.9-1_amd64.deb

+------------------------------------------------------------------------------+
| Buildinfo                                                                    |
+------------------------------------------------------------------------------+

Format: 1.0
Source: libpdl-vectorvalued-perl
Binary: libpdl-vectorvalued-perl
Architecture: amd64
Version: 1.0.9-1
Checksums-Md5:
 82532311b0f1e6eafb53bdaa8c0d046f 164208 libpdl-vectorvalued-perl-dbgsym_1.0.9-1_amd64.deb
 b1cc8f96cc26f84c7aa6478bc1724294 100152 libpdl-vectorvalued-perl_1.0.9-1_amd64.deb
Checksums-Sha1:
 b20a77bfa583b3eca87e3bfe28744fcec26d6145 164208 libpdl-vectorvalued-perl-dbgsym_1.0.9-1_amd64.deb
 b0a55e704ed29ff58b2679f743ea909540292314 100152 libpdl-vectorvalued-perl_1.0.9-1_amd64.deb
Checksums-Sha256:
 d6e5ee933e757d68056c061b01e5ac85289102d4f96d3c64134f4223ae7d2124 164208 libpdl-vectorvalued-perl-dbgsym_1.0.9-1_amd64.deb
 f2588b2306cc4a3805098c163ec280dcf1981e1ffa8b25475e62e1507264e1a2 100152 libpdl-vectorvalued-perl_1.0.9-1_amd64.deb
Build-Origin: Debian
Build-Architecture: amd64
Build-Date: Tue, 25 Feb 2020 06:24:32 +0000
Build-Path: /<<PKGBUILDDIR>>
Installed-Build-Depends:
 autoconf (= 2.69-11.1),
 automake (= 1:1.16.1-4),
 autopoint (= 0.19.8.1-10),
 autotools-dev (= 20180224.1),
 base-files (= 11),
 base-passwd (= 3.5.47),
 bash (= 5.0-5),
 binutils (= 2.34-3),
 binutils-common (= 2.34-3),
 binutils-x86-64-linux-gnu (= 2.34-3),
 bsdmainutils (= 11.1.2+b1),
 bsdutils (= 1:2.34-0.1),
 build-essential (= 12.8),
 bzip2 (= 1.0.8-2),
 clang-10 (= 1:10.0.0~+rc2-1),
 coreutils (= 8.30-3+b1),
 cpp (= 4:9.2.1-3.1),
 cpp-9 (= 9.2.1-29),
 dash (= 0.5.10.2-6),
 debconf (= 1.5.73),
 debhelper (= 12.9),
 debianutils (= 4.9.1),
 dh-autoreconf (= 19),
 dh-strip-nondeterminism (= 1.6.3-2),
 diffutils (= 1:3.7-3),
 dpkg (= 1.19.7),
 dpkg-dev (= 1.19.7),
 dwz (= 0.13-5),
 fdisk (= 2.34-0.1),
 file (= 1:5.38-4),
 findutils (= 4.7.0-1),
 fontconfig-config (= 2.13.1-2),
 fonts-dejavu-core (= 2.37-1),
 g++ (= 4:9.2.1-3.1),
 g++-9 (= 9.2.1-29),
 gcc (= 4:9.2.1-3.1),
 gcc-10-base (= 10-20200222-1),
 gcc-9 (= 9.2.1-29),
 gcc-9-base (= 9.2.1-29),
 gettext (= 0.19.8.1-10),
 gettext-base (= 0.19.8.1-10),
 grep (= 3.4-1),
 groff-base (= 1.22.4-4),
 gzip (= 1.9-3+b1),
 hostname (= 3.23),
 init-system-helpers (= 1.57),
 intltool-debian (= 0.35.0+20060710.5),
 lib32gcc-s1 (= 10-20200222-1),
 lib32gcc1 (= 1:10-20200222-1),
 lib32stdc++6 (= 10-20200222-1),
 libacl1 (= 2.2.53-5),
 libarchive-zip-perl (= 1.67-1),
 libasan5 (= 9.2.1-29),
 libatomic1 (= 10-20200222-1),
 libattr1 (= 1:2.4.48-5),
 libaudit-common (= 1:2.8.5-2),
 libaudit1 (= 1:2.8.5-2+b1),
 libbinutils (= 2.34-3),
 libblkid1 (= 2.34-0.1),
 libbsd0 (= 0.10.0-1),
 libbz2-1.0 (= 1.0.8-2),
 libc-bin (= 2.29-10),
 libc-dev-bin (= 2.29-10),
 libc6 (= 2.29-10),
 libc6-dev (= 2.29-10),
 libc6-i386 (= 2.29-10),
 libcap-ng0 (= 0.7.9-2.1+b1),
 libcc1-0 (= 10-20200222-1),
 libclang-common-10-dev (= 1:10.0.0~+rc2-1),
 libclang-cpp10 (= 1:10.0.0~+rc2-1),
 libclang1-10 (= 1:10.0.0~+rc2-1),
 libcroco3 (= 0.6.13-1),
 libcrypt-dev (= 1:4.4.10-10),
 libcrypt1 (= 1:4.4.10-10),
 libctf-nobfd0 (= 2.34-3),
 libctf0 (= 2.34-3),
 libdb5.3 (= 5.3.28+dfsg1-0.6),
 libdebconfclient0 (= 0.251),
 libdebhelper-perl (= 12.9),
 libdpkg-perl (= 1.19.7),
 libedit2 (= 3.1-20191231-1),
 libelf1 (= 0.176-1.1),
 libexpat1 (= 2.2.9-1),
 libfdisk1 (= 2.34-0.1),
 libffi7 (= 3.3-3),
 libfile-stripnondeterminism-perl (= 1.6.3-2),
 libfontconfig1 (= 2.13.1-2+b1),
 libfreetype6 (= 2.10.1-2),
 libgc1c2 (= 1:7.6.4-0.4),
 libgcc-9-dev (= 9.2.1-29),
 libgcc-s1 (= 10-20200222-1),
 libgcc1 (= 1:10-20200222-1),
 libgcrypt20 (= 1.8.5-5),
 libgd3 (= 2.2.5-5.2),
 libgdbm-compat4 (= 1.18.1-5),
 libgdbm6 (= 1.18.1-5),
 libgfortran5 (= 10-20200222-1),
 libglib2.0-0 (= 2.62.4-2),
 libgmp10 (= 2:6.2.0+dfsg-4),
 libgomp1 (= 10-20200222-1),
 libgpg-error0 (= 1.37-1),
 libgsl23 (= 2.5+dfsg-6+b1),
 libgslcblas0 (= 2.5+dfsg-6+b1),
 libhdf4-0-alt (= 4.2.14-1),
 libicu63 (= 63.2-2),
 libisl22 (= 0.22.1-1),
 libitm1 (= 10-20200222-1),
 libjbig0 (= 2.1-3.1+b2),
 libjpeg62-turbo (= 1:1.5.2-2+b1),
 libllvm10 (= 1:10.0.0~+rc2-1),
 liblsan0 (= 10-20200222-1),
 liblz4-1 (= 1.9.2-2),
 liblzma5 (= 5.2.4-1+b1),
 libmagic-mgc (= 1:5.38-4),
 libmagic1 (= 1:5.38-4),
 libmount1 (= 2.34-0.1),
 libmpc3 (= 1.1.0-1),
 libmpfr6 (= 4.0.2-1),
 libncurses6 (= 6.1+20191019-1),
 libncursesw6 (= 6.1+20191019-1),
 libobjc-9-dev (= 9.2.1-29),
 libobjc4 (= 10-20200222-1),
 libpam-modules (= 1.3.1-5),
 libpam-modules-bin (= 1.3.1-5),
 libpam-runtime (= 1.3.1-5),
 libpam0g (= 1.3.1-5),
 libpcre2-8-0 (= 10.34-7),
 libpcre3 (= 2:8.39-12+b1),
 libperl5.30 (= 5.30.0-9),
 libpipeline1 (= 1.5.2-2),
 libpng16-16 (= 1.6.37-2),
 libquadmath0 (= 10-20200222-1),
 libseccomp2 (= 2.4.2-2),
 libselinux1 (= 3.0-1+b1),
 libsigsegv2 (= 2.12-2),
 libsmartcols1 (= 2.34-0.1),
 libstdc++-9-dev (= 9.2.1-29),
 libstdc++6 (= 10-20200222-1),
 libsub-override-perl (= 0.09-2),
 libsystemd0 (= 244.3-1),
 libterm-readkey-perl (= 2.38-1+b1),
 libtiff5 (= 4.1.0+git191117-2),
 libtinfo6 (= 6.1+20191019-1),
 libtool (= 2.4.6-13),
 libtsan0 (= 10-20200222-1),
 libubsan1 (= 10-20200222-1),
 libuchardet0 (= 0.0.6-3),
 libudev1 (= 244.3-1),
 libunistring2 (= 0.9.10-2),
 libuuid1 (= 2.34-0.1),
 libwebp6 (= 0.6.1-2+b1),
 libx11-6 (= 2:1.6.8-1),
 libx11-data (= 2:1.6.8-1),
 libxau6 (= 1:1.0.8-1+b2),
 libxcb1 (= 1.13.1-5),
 libxdmcp6 (= 1:1.1.2-3),
 libxml2 (= 2.9.10+dfsg-3),
 libxpm4 (= 1:3.5.12-1),
 libz3-4 (= 4.8.7-4),
 libzstd1 (= 1.4.4+dfsg-3),
 linux-libc-dev (= 5.4.19-1),
 login (= 1:4.8.1-1),
 lsb-base (= 11.1.0),
 m4 (= 1.4.18-4),
 make (= 4.2.1-1.2),
 man-db (= 2.9.0-2),
 mawk (= 1.3.4.20200120-2),
 ncurses-base (= 6.1+20191019-1),
 ncurses-bin (= 6.1+20191019-1),
 patch (= 2.7.6-6),
 pdl (= 1:2.020-3),
 perl (= 5.30.0-9),
 perl-base (= 5.30.0-9),
 perl-modules-5.30 (= 5.30.0-9),
 po-debconf (= 1.0.21),
 sed (= 4.7-1),
 sensible-utils (= 0.0.12+nmu1),
 sysvinit-utils (= 2.96-2.1),
 tar (= 1.30+dfsg-6+b1),
 ucf (= 3.0038+nmu1),
 util-linux (= 2.34-0.1),
 xz-utils (= 5.2.4-1+b1),
 zlib1g (= 1:1.2.11.dfsg-2)
Environment:
 DEB_BUILD_OPTIONS="parallel=4"
 LANG="C.UTF-8"
 LC_ALL="C.UTF-8"
 SOURCE_DATE_EPOCH="1526648823"


+------------------------------------------------------------------------------+
| Package contents                                                             |
+------------------------------------------------------------------------------+


libpdl-vectorvalued-perl-dbgsym_1.0.9-1_amd64.deb
-------------------------------------------------

 new Debian package, version 2.0.
 size 164208 bytes: control archive=548 bytes.
     430 bytes,    12 lines      control              
     106 bytes,     1 lines      md5sums              
 Package: libpdl-vectorvalued-perl-dbgsym
 Source: libpdl-vectorvalued-perl
 Version: 1.0.9-1
 Auto-Built-Package: debug-symbols
 Architecture: amd64
 Maintainer: Debian Perl Group <pkg-perl-maintainers@lists.alioth.debian.org>
 Installed-Size: 186
 Depends: libpdl-vectorvalued-perl (= 1.0.9-1)
 Section: debug
 Priority: optional
 Description: debug symbols for libpdl-vectorvalued-perl
 Build-Ids: 7e276c73ba7fd5ff6920daa1b23e3f4891a5a35b

drwxr-xr-x root/root         0 2018-05-18 13:07 ./
drwxr-xr-x root/root         0 2018-05-18 13:07 ./usr/
drwxr-xr-x root/root         0 2018-05-18 13:07 ./usr/lib/
drwxr-xr-x root/root         0 2018-05-18 13:07 ./usr/lib/debug/
drwxr-xr-x root/root         0 2018-05-18 13:07 ./usr/lib/debug/.build-id/
drwxr-xr-x root/root         0 2018-05-18 13:07 ./usr/lib/debug/.build-id/7e/
-rw-r--r-- root/root    179232 2018-05-18 13:07 ./usr/lib/debug/.build-id/7e/276c73ba7fd5ff6920daa1b23e3f4891a5a35b.debug
drwxr-xr-x root/root         0 2018-05-18 13:07 ./usr/share/
drwxr-xr-x root/root         0 2018-05-18 13:07 ./usr/share/doc/
lrwxrwxrwx root/root         0 2018-05-18 13:07 ./usr/share/doc/libpdl-vectorvalued-perl-dbgsym -> libpdl-vectorvalued-perl


libpdl-vectorvalued-perl_1.0.9-1_amd64.deb
------------------------------------------

 new Debian package, version 2.0.
 size 100152 bytes: control archive=980 bytes.
     554 bytes,    12 lines      control              
     993 bytes,    11 lines      md5sums              
 Package: libpdl-vectorvalued-perl
 Version: 1.0.9-1
 Architecture: amd64
 Maintainer: Debian Perl Group <pkg-perl-maintainers@lists.alioth.debian.org>
 Installed-Size: 453
 Depends: perl (>= 5.30.0-9), perlapi-5.30.0, libc6 (>= 2.4), pdl (>= 1:2.020-3), pdlapi-12
 Section: perl
 Priority: optional
 Homepage: https://metacpan.org/release/PDL-VectorValued
 Description: module to provide some utilities for vector-valued PDLs
  PDL::VectorValued provides generalizations of some elementary PDL functions
  to higher-order PDLs which treat vectors as "data values".

drwxr-xr-x root/root         0 2018-05-18 13:07 ./
drwxr-xr-x root/root         0 2018-05-18 13:07 ./usr/
drwxr-xr-x root/root         0 2018-05-18 13:07 ./usr/lib/
drwxr-xr-x root/root         0 2018-05-18 13:07 ./usr/lib/x86_64-linux-gnu/
drwxr-xr-x root/root         0 2018-05-18 13:07 ./usr/lib/x86_64-linux-gnu/perl5/
drwxr-xr-x root/root         0 2018-05-18 13:07 ./usr/lib/x86_64-linux-gnu/perl5/5.30/
drwxr-xr-x root/root         0 2018-05-18 13:07 ./usr/lib/x86_64-linux-gnu/perl5/5.30/PDL/
-rw-r--r-- root/root      6721 2018-05-18 07:46 ./usr/lib/x86_64-linux-gnu/perl5/5.30/PDL/VectorValued.pm
drwxr-xr-x root/root         0 2018-05-18 13:07 ./usr/lib/x86_64-linux-gnu/perl5/5.30/PDL/VectorValued/
-rw-r--r-- root/root     14165 2018-05-18 07:46 ./usr/lib/x86_64-linux-gnu/perl5/5.30/PDL/VectorValued/Dev.pm
-rw-r--r-- root/root     18004 2018-05-18 13:07 ./usr/lib/x86_64-linux-gnu/perl5/5.30/PDL/VectorValued/Utils.pm
-rw-r--r-- root/root       670 2018-05-18 07:45 ./usr/lib/x86_64-linux-gnu/perl5/5.30/PDL/VectorValued/Version.pm
drwxr-xr-x root/root         0 2018-05-18 13:07 ./usr/lib/x86_64-linux-gnu/perl5/5.30/auto/
drwxr-xr-x root/root         0 2018-05-18 13:07 ./usr/lib/x86_64-linux-gnu/perl5/5.30/auto/PDL/
drwxr-xr-x root/root         0 2018-05-18 13:07 ./usr/lib/x86_64-linux-gnu/perl5/5.30/auto/PDL/VectorValued/
drwxr-xr-x root/root         0 2018-05-18 13:07 ./usr/lib/x86_64-linux-gnu/perl5/5.30/auto/PDL/VectorValued/Utils/
-rw-r--r-- root/root    386816 2018-05-18 13:07 ./usr/lib/x86_64-linux-gnu/perl5/5.30/auto/PDL/VectorValued/Utils/Utils.so
drwxr-xr-x root/root         0 2018-05-18 13:07 ./usr/share/
drwxr-xr-x root/root         0 2018-05-18 13:07 ./usr/share/doc/
drwxr-xr-x root/root         0 2018-05-18 13:07 ./usr/share/doc/libpdl-vectorvalued-perl/
-rw-r--r-- root/root       168 2018-05-18 13:07 ./usr/share/doc/libpdl-vectorvalued-perl/changelog.Debian.gz
-rw-r--r-- root/root      1829 2018-05-18 07:45 ./usr/share/doc/libpdl-vectorvalued-perl/changelog.gz
-rw-r--r-- root/root      1095 2018-05-18 13:07 ./usr/share/doc/libpdl-vectorvalued-perl/copyright
drwxr-xr-x root/root         0 2018-05-18 13:07 ./usr/share/man/
drwxr-xr-x root/root         0 2018-05-18 13:07 ./usr/share/man/man3/
-rw-r--r-- root/root      2365 2018-05-18 13:07 ./usr/share/man/man3/PDL::VectorValued.3pm.gz
-rw-r--r-- root/root      3861 2018-05-18 13:07 ./usr/share/man/man3/PDL::VectorValued::Dev.3pm.gz
-rw-r--r-- root/root      4647 2018-05-18 13:07 ./usr/share/man/man3/PDL::VectorValued::Utils.3pm.gz


+------------------------------------------------------------------------------+
| Post Build                                                                   |
+------------------------------------------------------------------------------+


+------------------------------------------------------------------------------+
| Cleanup                                                                      |
+------------------------------------------------------------------------------+

Purging /<<BUILDDIR>>
Not cleaning session: cloned chroot in use

+------------------------------------------------------------------------------+
| Summary                                                                      |
+------------------------------------------------------------------------------+

Build Architecture: amd64
Build Type: binary
Build-Space: 6380
Build-Time: 14
Distribution: unstable
Host Architecture: amd64
Install-Time: 92
Job: libpdl-vectorvalued-perl_1.0.9-1
Machine Architecture: amd64
Package: libpdl-vectorvalued-perl
Package-Time: 158
Source-Version: 1.0.9-1
Space: 6380
Status: successful
Version: 1.0.9-1
--------------------------------------------------------------------------------
Finished at 2020-02-25T06:24:33Z
Build needed 00:02:38, 6380k disk space
DC-Status: OK 159.020453832s
DC-Time-Estimation: 159.020453832 versus expected 54 (r/m: 1.9448232191111108 ; m: 54.0)
