DC-Build-Header: libposix-atfork-perl 0.02-1 / 2020-02-24 22:11:54 +0000
DC-Task: type:rebuild-binarch-only source:libposix-atfork-perl version:0.02-1 chroot:unstable esttime:234 logfile:/tmp/libposix-atfork-perl_0.02-1_unstable_clang10.log modes:clang10:binarch-only
DC-Sbuild-call: su user42 -c 'sbuild -n --arch-any --apt-update -d unstable -v --no-run-lintian --chroot-setup-commands=/tmp/clang10 libposix-atfork-perl_0.02-1'
sbuild (Debian sbuild) 0.78.1 (09 February 2019) on ip-172-31-13-180.eu-central-1.compute.internal

+==============================================================================+
| libposix-atfork-perl 0.02-1 (amd64)          Mon, 24 Feb 2020 22:11:55 +0000 |
+==============================================================================+

Package: libposix-atfork-perl
Version: 0.02-1
Source Version: 0.02-1
Distribution: unstable
Machine Architecture: amd64
Host Architecture: amd64
Build Architecture: amd64
Build Type: binary

I: NOTICE: Log filtering will replace 'var/run/schroot/mount/sid-amd64-sbuild-fb433de8-415c-42a2-b3a3-96add411263b' with '<<CHROOT>>'

+------------------------------------------------------------------------------+
| Chroot Setup Commands                                                        |
+------------------------------------------------------------------------------+


/tmp/clang10
------------

+ echo 'Entering customization script...'
Entering customization script...
+ CLANG_VERSION=10
+ echo 'Install of clang-10'
Install of clang-10
+ apt-get update
Get:1 http://127.0.0.1:12990/debian sid InRelease [142 kB]
Get:2 http://127.0.0.1:12990/debian sid/main Sources.diff/Index [27.9 kB]
Get:3 http://127.0.0.1:12990/debian sid/main amd64 Packages.diff/Index [27.9 kB]
Get:4 http://127.0.0.1:12990/debian sid/main Sources 2020-02-24-0823.32.pdiff [11.0 kB]
Get:5 http://127.0.0.1:12990/debian sid/main Sources 2020-02-24-1420.34.pdiff [30.2 kB]
Get:6 http://127.0.0.1:12990/debian sid/main Sources 2020-02-24-2014.03.pdiff [16.9 kB]
Get:6 http://127.0.0.1:12990/debian sid/main Sources 2020-02-24-2014.03.pdiff [16.9 kB]
Get:7 http://127.0.0.1:12990/debian sid/main amd64 Packages 2020-02-24-0823.32.pdiff [15.5 kB]
Get:8 http://127.0.0.1:12990/debian sid/main amd64 Packages 2020-02-24-1420.34.pdiff [27.5 kB]
Get:9 http://127.0.0.1:12990/debian sid/main amd64 Packages 2020-02-24-2014.03.pdiff [21.6 kB]
Get:9 http://127.0.0.1:12990/debian sid/main amd64 Packages 2020-02-24-2014.03.pdiff [21.6 kB]
Get:10 http://127.0.0.1:12990/debian sid/main Translation-en [6193 kB]
Fetched 6514 kB in 3s (2348 kB/s)
Reading package lists...
+ apt-get install --yes --no-install-recommends --force-yes clang-10 libomp-10-dev libobjc-9-dev
Reading package lists...
Building dependency tree...
The following additional packages will be installed:
  lib32gcc-s1 lib32gcc1 lib32stdc++6 libbsd0 libc6-i386 libclang-common-10-dev
  libclang-cpp10 libclang1-10 libedit2 libgc1c2 libllvm10 libobjc4 libomp5-10
  libz3-4
Suggested packages:
  clang-10-doc libomp-10-doc
Recommended packages:
  llvm-10-dev python3
The following NEW packages will be installed:
  clang-10 lib32gcc-s1 lib32gcc1 lib32stdc++6 libbsd0 libc6-i386
  libclang-common-10-dev libclang-cpp10 libclang1-10 libedit2 libgc1c2
  libllvm10 libobjc-9-dev libobjc4 libomp-10-dev libomp5-10 libz3-4
0 upgraded, 17 newly installed, 0 to remove and 1 not upgraded.
Need to get 46.4 MB of archives.
After this operation, 238 MB of additional disk space will be used.
Get:1 http://127.0.0.1:12990/debian sid/main amd64 libbsd0 amd64 0.10.0-1 [107 kB]
Get:2 http://127.0.0.1:12990/debian sid/main amd64 libedit2 amd64 3.1-20191231-1 [95.4 kB]
Get:3 http://127.0.0.1:12990/debian sid/main amd64 libz3-4 amd64 4.8.7-4 [6790 kB]
Get:4 http://127.0.0.1:12990/debian sid/main amd64 libllvm10 amd64 1:10.0.0~+rc2-1 [15.5 MB]
Get:5 http://127.0.0.1:12990/debian sid/main amd64 libclang-cpp10 amd64 1:10.0.0~+rc2-1 [9069 kB]
Get:6 http://127.0.0.1:12990/debian sid/main amd64 libgc1c2 amd64 1:7.6.4-0.4 [224 kB]
Get:7 http://127.0.0.1:12990/debian sid/main amd64 libobjc4 amd64 10-20200222-1 [41.6 kB]
Get:8 http://127.0.0.1:12990/debian sid/main amd64 libobjc-9-dev amd64 9.2.1-29 [219 kB]
Get:9 http://127.0.0.1:12990/debian sid/main amd64 libc6-i386 amd64 2.29-10 [2918 kB]
Get:10 http://127.0.0.1:12990/debian sid/main amd64 lib32gcc-s1 amd64 10-20200222-1 [49.4 kB]
Get:11 http://127.0.0.1:12990/debian sid/main amd64 lib32gcc1 amd64 1:10-20200222-1 [1104 B]
Get:12 http://127.0.0.1:12990/debian sid/main amd64 lib32stdc++6 amd64 10-20200222-1 [510 kB]
Get:13 http://127.0.0.1:12990/debian sid/main amd64 libclang-common-10-dev amd64 1:10.0.0~+rc2-1 [2782 kB]
Get:14 http://127.0.0.1:12990/debian sid/main amd64 libclang1-10 amd64 1:10.0.0~+rc2-1 [7607 kB]
Get:15 http://127.0.0.1:12990/debian sid/main amd64 clang-10 amd64 1:10.0.0~+rc2-1 [103 kB]
Get:16 http://127.0.0.1:12990/debian sid/main amd64 libomp5-10 amd64 1:10.0.0~+rc2-1 [337 kB]
Get:17 http://127.0.0.1:12990/debian sid/main amd64 libomp-10-dev amd64 1:10.0.0~+rc2-1 [84.3 kB]
debconf: delaying package configuration, since apt-utils is not installed
Fetched 46.4 MB in 1s (63.0 MB/s)
Selecting previously unselected package libbsd0:amd64.
(Reading database ... (Reading database ... 5%(Reading database ... 10%(Reading database ... 15%(Reading database ... 20%(Reading database ... 25%(Reading database ... 30%(Reading database ... 35%(Reading database ... 40%(Reading database ... 45%(Reading database ... 50%(Reading database ... 55%(Reading database ... 60%(Reading database ... 65%(Reading database ... 70%(Reading database ... 75%(Reading database ... 80%(Reading database ... 85%(Reading database ... 90%(Reading database ... 95%(Reading database ... 100%(Reading database ... 12119 files and directories currently installed.)
Preparing to unpack .../00-libbsd0_0.10.0-1_amd64.deb ...
Unpacking libbsd0:amd64 (0.10.0-1) ...
Selecting previously unselected package libedit2:amd64.
Preparing to unpack .../01-libedit2_3.1-20191231-1_amd64.deb ...
Unpacking libedit2:amd64 (3.1-20191231-1) ...
Selecting previously unselected package libz3-4:amd64.
Preparing to unpack .../02-libz3-4_4.8.7-4_amd64.deb ...
Unpacking libz3-4:amd64 (4.8.7-4) ...
Selecting previously unselected package libllvm10:amd64.
Preparing to unpack .../03-libllvm10_1%3a10.0.0~+rc2-1_amd64.deb ...
Unpacking libllvm10:amd64 (1:10.0.0~+rc2-1) ...
Selecting previously unselected package libclang-cpp10.
Preparing to unpack .../04-libclang-cpp10_1%3a10.0.0~+rc2-1_amd64.deb ...
Unpacking libclang-cpp10 (1:10.0.0~+rc2-1) ...
Selecting previously unselected package libgc1c2:amd64.
Preparing to unpack .../05-libgc1c2_1%3a7.6.4-0.4_amd64.deb ...
Unpacking libgc1c2:amd64 (1:7.6.4-0.4) ...
Selecting previously unselected package libobjc4:amd64.
Preparing to unpack .../06-libobjc4_10-20200222-1_amd64.deb ...
Unpacking libobjc4:amd64 (10-20200222-1) ...
Selecting previously unselected package libobjc-9-dev:amd64.
Preparing to unpack .../07-libobjc-9-dev_9.2.1-29_amd64.deb ...
Unpacking libobjc-9-dev:amd64 (9.2.1-29) ...
Selecting previously unselected package libc6-i386.
Preparing to unpack .../08-libc6-i386_2.29-10_amd64.deb ...
Unpacking libc6-i386 (2.29-10) ...
Selecting previously unselected package lib32gcc-s1.
Preparing to unpack .../09-lib32gcc-s1_10-20200222-1_amd64.deb ...
Unpacking lib32gcc-s1 (10-20200222-1) ...
Selecting previously unselected package lib32gcc1.
Preparing to unpack .../10-lib32gcc1_1%3a10-20200222-1_amd64.deb ...
Unpacking lib32gcc1 (1:10-20200222-1) ...
Selecting previously unselected package lib32stdc++6.
Preparing to unpack .../11-lib32stdc++6_10-20200222-1_amd64.deb ...
Unpacking lib32stdc++6 (10-20200222-1) ...
Selecting previously unselected package libclang-common-10-dev.
Preparing to unpack .../12-libclang-common-10-dev_1%3a10.0.0~+rc2-1_amd64.deb ...
Unpacking libclang-common-10-dev (1:10.0.0~+rc2-1) ...
Selecting previously unselected package libclang1-10.
Preparing to unpack .../13-libclang1-10_1%3a10.0.0~+rc2-1_amd64.deb ...
Unpacking libclang1-10 (1:10.0.0~+rc2-1) ...
Selecting previously unselected package clang-10.
Preparing to unpack .../14-clang-10_1%3a10.0.0~+rc2-1_amd64.deb ...
Unpacking clang-10 (1:10.0.0~+rc2-1) ...
Selecting previously unselected package libomp5-10:amd64.
Preparing to unpack .../15-libomp5-10_1%3a10.0.0~+rc2-1_amd64.deb ...
Unpacking libomp5-10:amd64 (1:10.0.0~+rc2-1) ...
Selecting previously unselected package libomp-10-dev.
Preparing to unpack .../16-libomp-10-dev_1%3a10.0.0~+rc2-1_amd64.deb ...
Unpacking libomp-10-dev (1:10.0.0~+rc2-1) ...
Setting up libgc1c2:amd64 (1:7.6.4-0.4) ...
Setting up libobjc4:amd64 (10-20200222-1) ...
Setting up libz3-4:amd64 (4.8.7-4) ...
Setting up libobjc-9-dev:amd64 (9.2.1-29) ...
Setting up libomp5-10:amd64 (1:10.0.0~+rc2-1) ...
Setting up libc6-i386 (2.29-10) ...
Setting up libbsd0:amd64 (0.10.0-1) ...
Setting up libomp-10-dev (1:10.0.0~+rc2-1) ...
Setting up libedit2:amd64 (3.1-20191231-1) ...
Setting up libllvm10:amd64 (1:10.0.0~+rc2-1) ...
Setting up lib32gcc-s1 (10-20200222-1) ...
Setting up libclang1-10 (1:10.0.0~+rc2-1) ...
Setting up lib32gcc1 (1:10-20200222-1) ...
Setting up libclang-cpp10 (1:10.0.0~+rc2-1) ...
Setting up lib32stdc++6 (10-20200222-1) ...
Setting up libclang-common-10-dev (1:10.0.0~+rc2-1) ...
Setting up clang-10 (1:10.0.0~+rc2-1) ...
Processing triggers for libc-bin (2.29-10) ...
W: --force-yes is deprecated, use one of the options starting with --allow instead.
+ echo 'Replace gcc, g++ & cpp by clang'
Replace gcc, g++ & cpp by clang
+ VERSIONS='4.6 4.7 4.8 4.9 5 6 7 8 9 10'
+ cd /usr/bin
+ for VERSION in $VERSIONS
+ rm -f g++-4.6 gcc-4.6 cpp-4.6 gcc
+ ln -s clang++-10 g++-4.6
+ ln -s clang-10 gcc-4.6
+ ln -s clang-10 cpp-4.6
+ ln -s clang-10 gcc
+ echo 'gcc-4.6 hold'
+ dpkg --set-selections
dpkg: warning: package not in status nor available database at line 1: gcc-4.6
dpkg: warning: found unknown packages; this might mean the available database
is outdated, and needs to be updated through a frontend method;
please see the FAQ <https://wiki.debian.org/Teams/Dpkg/FAQ>
+ dpkg --set-selections
+ echo 'g++-4.6 hold'
dpkg: warning: package not in status nor available database at line 1: g++-4.6
dpkg: warning: found unknown packages; this might mean the available database
is outdated, and needs to be updated through a frontend method;
please see the FAQ <https://wiki.debian.org/Teams/Dpkg/FAQ>
+ for VERSION in $VERSIONS
+ rm -f g++-4.7 gcc-4.7 cpp-4.7 gcc
+ ln -s clang++-10 g++-4.7
+ ln -s clang-10 gcc-4.7
+ ln -s clang-10 cpp-4.7
+ ln -s clang-10 gcc
+ echo 'gcc-4.7 hold'
+ dpkg --set-selections
dpkg: warning: package not in status nor available database at line 1: gcc-4.7
dpkg: warning: found unknown packages; this might mean the available database
is outdated, and needs to be updated through a frontend method;
please see the FAQ <https://wiki.debian.org/Teams/Dpkg/FAQ>
+ echo 'g++-4.7 hold'
+ dpkg --set-selections
dpkg: warning: package not in status nor available database at line 1: g++-4.7
dpkg: warning: found unknown packages; this might mean the available database
is outdated, and needs to be updated through a frontend method;
please see the FAQ <https://wiki.debian.org/Teams/Dpkg/FAQ>
+ for VERSION in $VERSIONS
+ rm -f g++-4.8 gcc-4.8 cpp-4.8 gcc
+ ln -s clang++-10 g++-4.8
+ ln -s clang-10 gcc-4.8
+ ln -s clang-10 cpp-4.8
+ ln -s clang-10 gcc
+ echo 'gcc-4.8 hold'
+ dpkg --set-selections
dpkg: warning: package not in status nor available database at line 1: gcc-4.8
dpkg: warning: found unknown packages; this might mean the available database
is outdated, and needs to be updated through a frontend method;
please see the FAQ <https://wiki.debian.org/Teams/Dpkg/FAQ>
+ echo 'g++-4.8 hold'
+ dpkg --set-selections
dpkg: warning: package not in status nor available database at line 1: g++-4.8
dpkg: warning: found unknown packages; this might mean the available database
is outdated, and needs to be updated through a frontend method;
please see the FAQ <https://wiki.debian.org/Teams/Dpkg/FAQ>
+ for VERSION in $VERSIONS
+ rm -f g++-4.9 gcc-4.9 cpp-4.9 gcc
+ ln -s clang++-10 g++-4.9
+ ln -s clang-10 gcc-4.9
+ ln -s clang-10 cpp-4.9
+ ln -s clang-10 gcc
+ dpkg --set-selections
+ echo 'gcc-4.9 hold'
dpkg: warning: package not in status nor available database at line 1: gcc-4.9
dpkg: warning: found unknown packages; this might mean the available database
is outdated, and needs to be updated through a frontend method;
please see the FAQ <https://wiki.debian.org/Teams/Dpkg/FAQ>
+ echo 'g++-4.9 hold'
+ dpkg --set-selections
dpkg: warning: package not in status nor available database at line 1: g++-4.9
dpkg: warning: found unknown packages; this might mean the available database
is outdated, and needs to be updated through a frontend method;
please see the FAQ <https://wiki.debian.org/Teams/Dpkg/FAQ>
+ for VERSION in $VERSIONS
+ rm -f g++-5 gcc-5 cpp-5 gcc
+ ln -s clang++-10 g++-5
+ ln -s clang-10 gcc-5
+ ln -s clang-10 cpp-5
+ ln -s clang-10 gcc
+ echo 'gcc-5 hold'
+ dpkg --set-selections
dpkg: warning: package not in status nor available database at line 1: gcc-5
dpkg: warning: found unknown packages; this might mean the available database
is outdated, and needs to be updated through a frontend method;
please see the FAQ <https://wiki.debian.org/Teams/Dpkg/FAQ>
+ echo 'g++-5 hold'
+ dpkg --set-selections
dpkg: warning: package not in status nor available database at line 1: g++-5
dpkg: warning: found unknown packages; this might mean the available database
is outdated, and needs to be updated through a frontend method;
please see the FAQ <https://wiki.debian.org/Teams/Dpkg/FAQ>
+ for VERSION in $VERSIONS
+ rm -f g++-6 gcc-6 cpp-6 gcc
+ ln -s clang++-10 g++-6
+ ln -s clang-10 gcc-6
+ ln -s clang-10 cpp-6
+ ln -s clang-10 gcc
+ echo 'gcc-6 hold'
+ dpkg --set-selections
dpkg: warning: package not in status nor available database at line 1: gcc-6
dpkg: warning: found unknown packages; this might mean the available database
is outdated, and needs to be updated through a frontend method;
please see the FAQ <https://wiki.debian.org/Teams/Dpkg/FAQ>
+ echo 'g++-6 hold'
+ dpkg --set-selections
dpkg: warning: package not in status nor available database at line 1: g++-6
dpkg: warning: found unknown packages; this might mean the available database
is outdated, and needs to be updated through a frontend method;
please see the FAQ <https://wiki.debian.org/Teams/Dpkg/FAQ>
+ for VERSION in $VERSIONS
+ rm -f g++-7 gcc-7 cpp-7 gcc
+ ln -s clang++-10 g++-7
+ ln -s clang-10 gcc-7
+ ln -s clang-10 cpp-7
+ ln -s clang-10 gcc
+ echo 'gcc-7 hold'
+ dpkg --set-selections
dpkg: warning: package not in status nor available database at line 1: gcc-7
dpkg: warning: found unknown packages; this might mean the available database
is outdated, and needs to be updated through a frontend method;
please see the FAQ <https://wiki.debian.org/Teams/Dpkg/FAQ>
+ echo 'g++-7 hold'
+ dpkg --set-selections
dpkg: warning: package not in status nor available database at line 1: g++-7
dpkg: warning: found unknown packages; this might mean the available database
is outdated, and needs to be updated through a frontend method;
please see the FAQ <https://wiki.debian.org/Teams/Dpkg/FAQ>
+ for VERSION in $VERSIONS
+ rm -f g++-8 gcc-8 cpp-8 gcc
+ ln -s clang++-10 g++-8
+ ln -s clang-10 gcc-8
+ ln -s clang-10 cpp-8
+ ln -s clang-10 gcc
+ echo 'gcc-8 hold'
+ dpkg --set-selections
dpkg: warning: package not in status nor available database at line 1: gcc-8
dpkg: warning: found unknown packages; this might mean the available database
is outdated, and needs to be updated through a frontend method;
please see the FAQ <https://wiki.debian.org/Teams/Dpkg/FAQ>
+ echo 'g++-8 hold'
+ dpkg --set-selections
dpkg: warning: package not in status nor available database at line 1: g++-8
dpkg: warning: found unknown packages; this might mean the available database
is outdated, and needs to be updated through a frontend method;
please see the FAQ <https://wiki.debian.org/Teams/Dpkg/FAQ>
+ for VERSION in $VERSIONS
+ rm -f g++-9 gcc-9 cpp-9 gcc
+ ln -s clang++-10 g++-9
+ ln -s clang-10 gcc-9
+ ln -s clang-10 cpp-9
+ ln -s clang-10 gcc
+ dpkg --set-selections
+ echo 'gcc-9 hold'
+ echo 'g++-9 hold'
+ dpkg --set-selections
+ for VERSION in $VERSIONS
+ rm -f g++-10 gcc-10 cpp-10 gcc
+ ln -s clang++-10 g++-10
+ ln -s clang-10 gcc-10
+ ln -s clang-10 cpp-10
+ ln -s clang-10 gcc
+ echo 'gcc-10 hold'
+ dpkg --set-selections
dpkg: warning: package not in status nor available database at line 1: gcc-10
dpkg: warning: found unknown packages; this might mean the available database
is outdated, and needs to be updated through a frontend method;
please see the FAQ <https://wiki.debian.org/Teams/Dpkg/FAQ>
+ echo 'g++-10 hold'
+ dpkg --set-selections
dpkg: warning: package not in status nor available database at line 1: g++-10
dpkg: warning: found unknown packages; this might mean the available database
is outdated, and needs to be updated through a frontend method;
please see the FAQ <https://wiki.debian.org/Teams/Dpkg/FAQ>
+ cd -
/build/libposix-atfork-perl-jTK71F
+ echo 'Check if gcc, g++ & cpp are actually clang'
Check if gcc, g++ & cpp are actually clang
+ gcc --version
+ grep clang
+ grep clang
+ cpp --version
+ g++ --version
+ grep clang

I: Finished running '/tmp/clang10'.

Finished processing commands.
--------------------------------------------------------------------------------
I: NOTICE: Log filtering will replace 'build/libposix-atfork-perl-jTK71F/resolver-ieZ2nt' with '<<RESOLVERDIR>>'

+------------------------------------------------------------------------------+
| Update chroot                                                                |
+------------------------------------------------------------------------------+

Hit:1 http://127.0.0.1:12990/debian sid InRelease
Reading package lists...
Reading package lists...
Building dependency tree...
Reading state information...
Calculating upgrade...
The following packages will be upgraded:
  libgmp10
1 upgraded, 0 newly installed, 0 to remove and 0 not upgraded.
Need to get 253 kB of archives.
After this operation, 0 B of additional disk space will be used.
Get:1 http://127.0.0.1:12990/debian sid/main amd64 libgmp10 amd64 2:6.2.0+dfsg-4 [253 kB]
debconf: delaying package configuration, since apt-utils is not installed
Fetched 253 kB in 0s (16.0 MB/s)
(Reading database ... (Reading database ... 5%(Reading database ... 10%(Reading database ... 15%(Reading database ... 20%(Reading database ... 25%(Reading database ... 30%(Reading database ... 35%(Reading database ... 40%(Reading database ... 45%(Reading database ... 50%(Reading database ... 55%(Reading database ... 60%(Reading database ... 65%(Reading database ... 70%(Reading database ... 75%(Reading database ... 80%(Reading database ... 85%(Reading database ... 90%(Reading database ... 95%(Reading database ... 100%(Reading database ... 12960 files and directories currently installed.)
Preparing to unpack .../libgmp10_2%3a6.2.0+dfsg-4_amd64.deb ...
Unpacking libgmp10:amd64 (2:6.2.0+dfsg-4) over (2:6.2.0+dfsg-3) ...
Setting up libgmp10:amd64 (2:6.2.0+dfsg-4) ...
Processing triggers for libc-bin (2.29-10) ...

+------------------------------------------------------------------------------+
| Fetch source files                                                           |
+------------------------------------------------------------------------------+


Check APT
---------

Checking available source versions...

Download source files with APT
------------------------------

Reading package lists...
NOTICE: 'libposix-atfork-perl' packaging is maintained in the 'Git' version control system at:
git://anonscm.debian.org/git/pkg-perl/packages/libposix-atfork-perl
Please use:
git clone git://anonscm.debian.org/git/pkg-perl/packages/libposix-atfork-perl
to retrieve the latest (possibly unreleased) updates to the package.
Need to get 41.6 kB of source archives.
Get:1 http://127.0.0.1:12990/debian sid/main libposix-atfork-perl 0.02-1 (dsc) [2141 B]
Get:2 http://127.0.0.1:12990/debian sid/main libposix-atfork-perl 0.02-1 (tar) [24.8 kB]
Get:3 http://127.0.0.1:12990/debian sid/main libposix-atfork-perl 0.02-1 (diff) [14.7 kB]
Fetched 41.6 kB in 0s (351 kB/s)
Download complete and in download only mode
I: NOTICE: Log filtering will replace 'build/libposix-atfork-perl-jTK71F/libposix-atfork-perl-0.02' with '<<PKGBUILDDIR>>'
I: NOTICE: Log filtering will replace 'build/libposix-atfork-perl-jTK71F' with '<<BUILDDIR>>'

+------------------------------------------------------------------------------+
| Install package build dependencies                                           |
+------------------------------------------------------------------------------+


Setup apt archive
-----------------

Merged Build-Depends: cdbs, devscripts, debhelper, dh-buildinfo, perl (>= 5.12), libtest-simple-perl, libtest-sharedfork-perl, build-essential, fakeroot
Filtered Build-Depends: cdbs, devscripts, debhelper, dh-buildinfo, perl (>= 5.12), libtest-simple-perl, libtest-sharedfork-perl, build-essential, fakeroot
dpkg-deb: building package 'sbuild-build-depends-main-dummy' in '/<<RESOLVERDIR>>/apt_archive/sbuild-build-depends-main-dummy.deb'.
Ign:1 copy:/<<RESOLVERDIR>>/apt_archive ./ InRelease
Get:2 copy:/<<RESOLVERDIR>>/apt_archive ./ Release [957 B]
Ign:3 copy:/<<RESOLVERDIR>>/apt_archive ./ Release.gpg
Get:4 copy:/<<RESOLVERDIR>>/apt_archive ./ Sources [410 B]
Get:5 copy:/<<RESOLVERDIR>>/apt_archive ./ Packages [490 B]
Fetched 1857 B in 0s (0 B/s)
Reading package lists...
Reading package lists...

Install main build dependencies (apt-based resolver)
----------------------------------------------------

Installing build dependencies
Reading package lists...
Building dependency tree...
Reading state information...
The following additional packages will be installed:
  autoconf automake autopoint autotools-dev bsdmainutils ca-certificates cdbs
  debhelper devscripts dh-autoreconf dh-buildinfo dh-strip-nondeterminism
  dirmngr dwz file gettext gettext-base gnupg gnupg-l10n gnupg-utils gpg
  gpg-agent gpg-wks-client gpg-wks-server gpgconf gpgsm groff-base
  intltool-debian libarchive-zip-perl libassuan0 libb-hooks-op-check-perl
  libclass-method-modifiers-perl libcroco3 libdebhelper-perl
  libdevel-callchecker-perl libdynaloader-functions-perl libelf1
  libencode-locale-perl libexpat1 libfile-homedir-perl libfile-listing-perl
  libfile-stripnondeterminism-perl libfile-which-perl libglib2.0-0
  libhtml-parser-perl libhtml-tagset-perl libhtml-tree-perl
  libhttp-cookies-perl libhttp-date-perl libhttp-message-perl
  libhttp-negotiate-perl libicu63 libimport-into-perl libio-html-perl
  libio-pty-perl libio-socket-ssl-perl libipc-run-perl libksba8 libldap-2.4-2
  libldap-common liblwp-mediatypes-perl liblwp-protocol-https-perl
  libmagic-mgc libmagic1 libmodule-runtime-perl libmoo-perl libmpdec2
  libnet-http-perl libnet-ssleay-perl libnpth0 libparams-classify-perl
  libpipeline1 libpython3-stdlib libpython3.7-minimal libpython3.7-stdlib
  libreadline8 librole-tiny-perl libsasl2-2 libsasl2-modules-db libsigsegv2
  libsqlite3-0 libssl1.1 libstrictures-perl libsub-override-perl
  libsub-quote-perl libtest-sharedfork-perl libtimedate-perl libtool
  libtry-tiny-perl libuchardet0 liburi-perl libwww-perl libwww-robotrules-perl
  libxml2 m4 man-db mime-support netbase openssl patchutils
  perl-openssl-defaults pinentry-curses po-debconf python3 python3-minimal
  python3.7 python3.7-minimal readline-common sensible-utils wdiff
Suggested packages:
  autoconf-archive gnu-standards autoconf-doc wamerican | wordlist whois
  vacation dh-make adequate autopkgtest bls-standalone bsd-mailx | mailx
  check-all-the-things cvs-buildpackage devscripts-el diffoscope disorderfs
  dose-extra duck faketime gnuplot how-can-i-help libauthen-sasl-perl
  libdbd-pg-perl libfile-desktopentry-perl libnet-smtps-perl libterm-size-perl
  libyaml-syck-perl mozilla-devscripts mutt piuparts postgresql-client quilt
  ratt reprotest ssh-client svn-buildpackage w3m dbus-user-session
  libpam-systemd pinentry-gnome3 tor gettext-doc libasprintf-dev
  libgettextpo-dev parcimonie xloadimage scdaemon groff libdata-dump-perl
  libcrypt-ssleay-perl libscalar-number-perl libbareword-filehandles-perl
  libindirect-perl libmultidimensional-perl libtool-doc gfortran
  | fortran95-compiler gcj-jdk libauthen-ntlm-perl m4-doc apparmor less
  www-browser pinentry-doc libmail-box-perl python3-doc python3-tk
  python3-venv python3.7-venv python3.7-doc binfmt-support readline-doc
  wdiff-doc
Recommended packages:
  at dctrl-tools dput | dupload libdistro-info-perl libgit-wrapper-perl
  libgitlab-api-v4-perl liblist-compare-perl libstring-shellquote-perl
  licensecheck lintian python3-apt python3-debian python3-magic
  python3-requests python3-unidiff python3-xdg strace unzip wget | curl
  debian-keyring equivs libsoap-lite-perl curl | wget | lynx
  libarchive-cpio-perl libglib2.0-data shared-mime-info xdg-user-dirs
  libhtml-format-perl libclass-xsaccessor-perl libsub-name-perl
  libsasl2-modules libltdl-dev libdata-dump-perl libhtml-form-perl
  libhttp-daemon-perl libmailtools-perl libmail-sendmail-perl
The following NEW packages will be installed:
  autoconf automake autopoint autotools-dev bsdmainutils ca-certificates cdbs
  debhelper devscripts dh-autoreconf dh-buildinfo dh-strip-nondeterminism
  dirmngr dwz file gettext gettext-base gnupg gnupg-l10n gnupg-utils gpg
  gpg-agent gpg-wks-client gpg-wks-server gpgconf gpgsm groff-base
  intltool-debian libarchive-zip-perl libassuan0 libb-hooks-op-check-perl
  libclass-method-modifiers-perl libcroco3 libdebhelper-perl
  libdevel-callchecker-perl libdynaloader-functions-perl libelf1
  libencode-locale-perl libexpat1 libfile-homedir-perl libfile-listing-perl
  libfile-stripnondeterminism-perl libfile-which-perl libglib2.0-0
  libhtml-parser-perl libhtml-tagset-perl libhtml-tree-perl
  libhttp-cookies-perl libhttp-date-perl libhttp-message-perl
  libhttp-negotiate-perl libicu63 libimport-into-perl libio-html-perl
  libio-pty-perl libio-socket-ssl-perl libipc-run-perl libksba8 libldap-2.4-2
  libldap-common liblwp-mediatypes-perl liblwp-protocol-https-perl
  libmagic-mgc libmagic1 libmodule-runtime-perl libmoo-perl libmpdec2
  libnet-http-perl libnet-ssleay-perl libnpth0 libparams-classify-perl
  libpipeline1 libpython3-stdlib libpython3.7-minimal libpython3.7-stdlib
  libreadline8 librole-tiny-perl libsasl2-2 libsasl2-modules-db libsigsegv2
  libsqlite3-0 libssl1.1 libstrictures-perl libsub-override-perl
  libsub-quote-perl libtest-sharedfork-perl libtimedate-perl libtool
  libtry-tiny-perl libuchardet0 liburi-perl libwww-perl libwww-robotrules-perl
  libxml2 m4 man-db mime-support netbase openssl patchutils
  perl-openssl-defaults pinentry-curses po-debconf python3 python3-minimal
  python3.7 python3.7-minimal readline-common sbuild-build-depends-main-dummy
  sensible-utils wdiff
0 upgraded, 111 newly installed, 0 to remove and 0 not upgraded.
Need to get 38.5 MB of archives.
After this operation, 128 MB of additional disk space will be used.
Get:1 copy:/<<RESOLVERDIR>>/apt_archive ./ sbuild-build-depends-main-dummy 0.invalid.0 [916 B]
Get:2 http://127.0.0.1:12990/debian sid/main amd64 bsdmainutils amd64 11.1.2+b1 [191 kB]
Get:3 http://127.0.0.1:12990/debian sid/main amd64 libuchardet0 amd64 0.0.6-3 [64.9 kB]
Get:4 http://127.0.0.1:12990/debian sid/main amd64 groff-base amd64 1.22.4-4 [919 kB]
Get:5 http://127.0.0.1:12990/debian sid/main amd64 libpipeline1 amd64 1.5.2-2 [33.9 kB]
Get:6 http://127.0.0.1:12990/debian sid/main amd64 man-db amd64 2.9.0-2 [1307 kB]
Get:7 http://127.0.0.1:12990/debian sid/main amd64 libssl1.1 amd64 1.1.1d-2 [1540 kB]
Get:8 http://127.0.0.1:12990/debian sid/main amd64 libpython3.7-minimal amd64 3.7.6-1+b1 [591 kB]
Get:9 http://127.0.0.1:12990/debian sid/main amd64 libexpat1 amd64 2.2.9-1 [94.3 kB]
Get:10 http://127.0.0.1:12990/debian sid/main amd64 python3.7-minimal amd64 3.7.6-1+b1 [1813 kB]
Get:11 http://127.0.0.1:12990/debian sid/main amd64 python3-minimal amd64 3.7.5-3 [36.8 kB]
Get:12 http://127.0.0.1:12990/debian sid/main amd64 mime-support all 3.64 [37.8 kB]
Get:13 http://127.0.0.1:12990/debian sid/main amd64 libmpdec2 amd64 2.4.2-2 [87.2 kB]
Get:14 http://127.0.0.1:12990/debian sid/main amd64 readline-common all 8.0-3 [72.5 kB]
Get:15 http://127.0.0.1:12990/debian sid/main amd64 libreadline8 amd64 8.0-3 [160 kB]
Get:16 http://127.0.0.1:12990/debian sid/main amd64 libsqlite3-0 amd64 3.31.1-3 [661 kB]
Get:17 http://127.0.0.1:12990/debian sid/main amd64 libpython3.7-stdlib amd64 3.7.6-1+b1 [1735 kB]
Get:18 http://127.0.0.1:12990/debian sid/main amd64 python3.7 amd64 3.7.6-1+b1 [351 kB]
Get:19 http://127.0.0.1:12990/debian sid/main amd64 libpython3-stdlib amd64 3.7.5-3 [20.2 kB]
Get:20 http://127.0.0.1:12990/debian sid/main amd64 python3 amd64 3.7.5-3 [62.1 kB]
Get:21 http://127.0.0.1:12990/debian sid/main amd64 netbase all 6.1 [19.9 kB]
Get:22 http://127.0.0.1:12990/debian sid/main amd64 sensible-utils all 0.0.12+nmu1 [16.0 kB]
Get:23 http://127.0.0.1:12990/debian sid/main amd64 libmagic-mgc amd64 1:5.38-4 [262 kB]
Get:24 http://127.0.0.1:12990/debian sid/main amd64 libmagic1 amd64 1:5.38-4 [120 kB]
Get:25 http://127.0.0.1:12990/debian sid/main amd64 file amd64 1:5.38-4 [67.9 kB]
Get:26 http://127.0.0.1:12990/debian sid/main amd64 gettext-base amd64 0.19.8.1-10 [123 kB]
Get:27 http://127.0.0.1:12990/debian sid/main amd64 libsigsegv2 amd64 2.12-2 [32.8 kB]
Get:28 http://127.0.0.1:12990/debian sid/main amd64 m4 amd64 1.4.18-4 [203 kB]
Get:29 http://127.0.0.1:12990/debian sid/main amd64 autoconf all 2.69-11.1 [341 kB]
Get:30 http://127.0.0.1:12990/debian sid/main amd64 autotools-dev all 20180224.1 [77.0 kB]
Get:31 http://127.0.0.1:12990/debian sid/main amd64 automake all 1:1.16.1-4 [771 kB]
Get:32 http://127.0.0.1:12990/debian sid/main amd64 autopoint all 0.19.8.1-10 [435 kB]
Get:33 http://127.0.0.1:12990/debian sid/main amd64 openssl amd64 1.1.1d-2 [840 kB]
Get:34 http://127.0.0.1:12990/debian sid/main amd64 ca-certificates all 20190110 [157 kB]
Get:35 http://127.0.0.1:12990/debian sid/main amd64 cdbs all 0.4.159 [83.7 kB]
Get:36 http://127.0.0.1:12990/debian sid/main amd64 libtool all 2.4.6-13 [513 kB]
Get:37 http://127.0.0.1:12990/debian sid/main amd64 dh-autoreconf all 19 [16.9 kB]
Get:38 http://127.0.0.1:12990/debian sid/main amd64 libdebhelper-perl all 12.9 [183 kB]
Get:39 http://127.0.0.1:12990/debian sid/main amd64 libarchive-zip-perl all 1.67-1 [104 kB]
Get:40 http://127.0.0.1:12990/debian sid/main amd64 libsub-override-perl all 0.09-2 [10.2 kB]
Get:41 http://127.0.0.1:12990/debian sid/main amd64 libfile-stripnondeterminism-perl all 1.6.3-2 [23.7 kB]
Get:42 http://127.0.0.1:12990/debian sid/main amd64 dh-strip-nondeterminism all 1.6.3-2 [14.7 kB]
Get:43 http://127.0.0.1:12990/debian sid/main amd64 libelf1 amd64 0.176-1.1 [161 kB]
Get:44 http://127.0.0.1:12990/debian sid/main amd64 dwz amd64 0.13-5 [151 kB]
Get:45 http://127.0.0.1:12990/debian sid/main amd64 libglib2.0-0 amd64 2.62.4-2 [1319 kB]
Get:46 http://127.0.0.1:12990/debian sid/main amd64 libicu63 amd64 63.2-2 [8301 kB]
Get:47 http://127.0.0.1:12990/debian sid/main amd64 libxml2 amd64 2.9.10+dfsg-3 [709 kB]
Get:48 http://127.0.0.1:12990/debian sid/main amd64 libcroco3 amd64 0.6.13-1 [146 kB]
Get:49 http://127.0.0.1:12990/debian sid/main amd64 gettext amd64 0.19.8.1-10 [1303 kB]
Get:50 http://127.0.0.1:12990/debian sid/main amd64 intltool-debian all 0.35.0+20060710.5 [26.8 kB]
Get:51 http://127.0.0.1:12990/debian sid/main amd64 po-debconf all 1.0.21 [248 kB]
Get:52 http://127.0.0.1:12990/debian sid/main amd64 debhelper all 12.9 [994 kB]
Get:53 http://127.0.0.1:12990/debian sid/main amd64 libassuan0 amd64 2.5.3-7 [50.4 kB]
Get:54 http://127.0.0.1:12990/debian sid/main amd64 gpgconf amd64 2.2.19-1 [529 kB]
Get:55 http://127.0.0.1:12990/debian sid/main amd64 libksba8 amd64 1.3.5-2 [99.7 kB]
Get:56 http://127.0.0.1:12990/debian sid/main amd64 libsasl2-modules-db amd64 2.1.27+dfsg-2 [69.0 kB]
Get:57 http://127.0.0.1:12990/debian sid/main amd64 libsasl2-2 amd64 2.1.27+dfsg-2 [106 kB]
Get:58 http://127.0.0.1:12990/debian sid/main amd64 libldap-common all 2.4.49+dfsg-1 [91.9 kB]
Get:59 http://127.0.0.1:12990/debian sid/main amd64 libldap-2.4-2 amd64 2.4.49+dfsg-1 [226 kB]
Get:60 http://127.0.0.1:12990/debian sid/main amd64 libnpth0 amd64 1.6-1 [18.4 kB]
Get:61 http://127.0.0.1:12990/debian sid/main amd64 dirmngr amd64 2.2.19-1 [736 kB]
Get:62 http://127.0.0.1:12990/debian sid/main amd64 gnupg-l10n all 2.2.19-1 [1040 kB]
Get:63 http://127.0.0.1:12990/debian sid/main amd64 gnupg-utils amd64 2.2.19-1 [884 kB]
Get:64 http://127.0.0.1:12990/debian sid/main amd64 gpg amd64 2.2.19-1 [889 kB]
Get:65 http://127.0.0.1:12990/debian sid/main amd64 pinentry-curses amd64 1.1.0-3+b1 [65.0 kB]
Get:66 http://127.0.0.1:12990/debian sid/main amd64 gpg-agent amd64 2.2.19-1 [638 kB]
Get:67 http://127.0.0.1:12990/debian sid/main amd64 gpg-wks-client amd64 2.2.19-1 [504 kB]
Get:68 http://127.0.0.1:12990/debian sid/main amd64 gpg-wks-server amd64 2.2.19-1 [497 kB]
Get:69 http://127.0.0.1:12990/debian sid/main amd64 gpgsm amd64 2.2.19-1 [624 kB]
Get:70 http://127.0.0.1:12990/debian sid/main amd64 gnupg all 2.2.19-1 [745 kB]
Get:71 http://127.0.0.1:12990/debian sid/main amd64 libfile-which-perl all 1.23-1 [16.6 kB]
Get:72 http://127.0.0.1:12990/debian sid/main amd64 libfile-homedir-perl all 1.004-1 [42.7 kB]
Get:73 http://127.0.0.1:12990/debian sid/main amd64 libio-pty-perl amd64 1:1.12-1 [36.3 kB]
Get:74 http://127.0.0.1:12990/debian sid/main amd64 libipc-run-perl all 20180523.0-2 [101 kB]
Get:75 http://127.0.0.1:12990/debian sid/main amd64 libclass-method-modifiers-perl all 2.13-1 [19.2 kB]
Get:76 http://127.0.0.1:12990/debian sid/main amd64 libb-hooks-op-check-perl amd64 0.22-1+b2 [11.3 kB]
Get:77 http://127.0.0.1:12990/debian sid/main amd64 libdynaloader-functions-perl all 0.003-1 [12.6 kB]
Get:78 http://127.0.0.1:12990/debian sid/main amd64 libdevel-callchecker-perl amd64 0.008-1+b1 [15.9 kB]
Get:79 http://127.0.0.1:12990/debian sid/main amd64 libparams-classify-perl amd64 0.015-1+b2 [25.6 kB]
Get:80 http://127.0.0.1:12990/debian sid/main amd64 libmodule-runtime-perl all 0.016-1 [19.4 kB]
Get:81 http://127.0.0.1:12990/debian sid/main amd64 libimport-into-perl all 1.002005-1 [11.6 kB]
Get:82 http://127.0.0.1:12990/debian sid/main amd64 librole-tiny-perl all 2.001004-1 [20.8 kB]
Get:83 http://127.0.0.1:12990/debian sid/main amd64 libstrictures-perl all 2.000006-1 [18.6 kB]
Get:84 http://127.0.0.1:12990/debian sid/main amd64 libsub-quote-perl all 2.006006-1 [21.0 kB]
Get:85 http://127.0.0.1:12990/debian sid/main amd64 libmoo-perl all 2.003006-1 [58.7 kB]
Get:86 http://127.0.0.1:12990/debian sid/main amd64 libencode-locale-perl all 1.05-1 [13.7 kB]
Get:87 http://127.0.0.1:12990/debian sid/main amd64 libtimedate-perl all 2.3100-1 [39.0 kB]
Get:88 http://127.0.0.1:12990/debian sid/main amd64 libhttp-date-perl all 6.05-1 [10.4 kB]
Get:89 http://127.0.0.1:12990/debian sid/main amd64 libfile-listing-perl all 6.04-1 [10.3 kB]
Get:90 http://127.0.0.1:12990/debian sid/main amd64 libhtml-tagset-perl all 3.20-4 [13.0 kB]
Get:91 http://127.0.0.1:12990/debian sid/main amd64 liburi-perl all 1.76-2 [90.2 kB]
Get:92 http://127.0.0.1:12990/debian sid/main amd64 libhtml-parser-perl amd64 3.72-5 [105 kB]
Get:93 http://127.0.0.1:12990/debian sid/main amd64 libhtml-tree-perl all 5.07-2 [213 kB]
Get:94 http://127.0.0.1:12990/debian sid/main amd64 libio-html-perl all 1.001-1 [17.6 kB]
Get:95 http://127.0.0.1:12990/debian sid/main amd64 liblwp-mediatypes-perl all 6.04-1 [19.9 kB]
Get:96 http://127.0.0.1:12990/debian sid/main amd64 libhttp-message-perl all 6.18-1 [77.8 kB]
Get:97 http://127.0.0.1:12990/debian sid/main amd64 libhttp-cookies-perl all 6.08-1 [19.3 kB]
Get:98 http://127.0.0.1:12990/debian sid/main amd64 libhttp-negotiate-perl all 6.01-1 [12.8 kB]
Get:99 http://127.0.0.1:12990/debian sid/main amd64 perl-openssl-defaults amd64 4 [7148 B]
Get:100 http://127.0.0.1:12990/debian sid/main amd64 libnet-ssleay-perl amd64 1.88-2 [321 kB]
Get:101 http://127.0.0.1:12990/debian sid/main amd64 libio-socket-ssl-perl all 2.067-1 [212 kB]
Get:102 http://127.0.0.1:12990/debian sid/main amd64 libnet-http-perl all 6.19-1 [24.8 kB]
Get:103 http://127.0.0.1:12990/debian sid/main amd64 liblwp-protocol-https-perl all 6.07-2 [9242 B]
Get:104 http://127.0.0.1:12990/debian sid/main amd64 libtry-tiny-perl all 0.30-1 [23.3 kB]
Get:105 http://127.0.0.1:12990/debian sid/main amd64 libwww-robotrules-perl all 6.02-1 [12.9 kB]
Get:106 http://127.0.0.1:12990/debian sid/main amd64 libwww-perl all 6.43-1 [191 kB]
Get:107 http://127.0.0.1:12990/debian sid/main amd64 patchutils amd64 0.3.4-2+b1 [91.4 kB]
Get:108 http://127.0.0.1:12990/debian sid/main amd64 wdiff amd64 1.2.2-2+b1 [122 kB]
Get:109 http://127.0.0.1:12990/debian sid/main amd64 devscripts amd64 2.20.2 [1053 kB]
Get:110 http://127.0.0.1:12990/debian sid/main amd64 dh-buildinfo all 0.11+nmu2 [18.4 kB]
Get:111 http://127.0.0.1:12990/debian sid/main amd64 libtest-sharedfork-perl all 0.35-1 [9374 B]
debconf: delaying package configuration, since apt-utils is not installed
Fetched 38.5 MB in 1s (27.0 MB/s)
Selecting previously unselected package bsdmainutils.
(Reading database ... 12960 files and directories currently installed.)
Preparing to unpack .../0-bsdmainutils_11.1.2+b1_amd64.deb ...
Unpacking bsdmainutils (11.1.2+b1) ...
Selecting previously unselected package libuchardet0:amd64.
Preparing to unpack .../1-libuchardet0_0.0.6-3_amd64.deb ...
Unpacking libuchardet0:amd64 (0.0.6-3) ...
Selecting previously unselected package groff-base.
Preparing to unpack .../2-groff-base_1.22.4-4_amd64.deb ...
Unpacking groff-base (1.22.4-4) ...
Selecting previously unselected package libpipeline1:amd64.
Preparing to unpack .../3-libpipeline1_1.5.2-2_amd64.deb ...
Unpacking libpipeline1:amd64 (1.5.2-2) ...
Selecting previously unselected package man-db.
Preparing to unpack .../4-man-db_2.9.0-2_amd64.deb ...
Unpacking man-db (2.9.0-2) ...
Selecting previously unselected package libssl1.1:amd64.
Preparing to unpack .../5-libssl1.1_1.1.1d-2_amd64.deb ...
Unpacking libssl1.1:amd64 (1.1.1d-2) ...
Selecting previously unselected package libpython3.7-minimal:amd64.
Preparing to unpack .../6-libpython3.7-minimal_3.7.6-1+b1_amd64.deb ...
Unpacking libpython3.7-minimal:amd64 (3.7.6-1+b1) ...
Selecting previously unselected package libexpat1:amd64.
Preparing to unpack .../7-libexpat1_2.2.9-1_amd64.deb ...
Unpacking libexpat1:amd64 (2.2.9-1) ...
Selecting previously unselected package python3.7-minimal.
Preparing to unpack .../8-python3.7-minimal_3.7.6-1+b1_amd64.deb ...
Unpacking python3.7-minimal (3.7.6-1+b1) ...
Setting up libssl1.1:amd64 (1.1.1d-2) ...
Setting up libpython3.7-minimal:amd64 (3.7.6-1+b1) ...
Setting up libexpat1:amd64 (2.2.9-1) ...
Setting up python3.7-minimal (3.7.6-1+b1) ...
Selecting previously unselected package python3-minimal.
(Reading database ... 13869 files and directories currently installed.)
Preparing to unpack .../0-python3-minimal_3.7.5-3_amd64.deb ...
Unpacking python3-minimal (3.7.5-3) ...
Selecting previously unselected package mime-support.
Preparing to unpack .../1-mime-support_3.64_all.deb ...
Unpacking mime-support (3.64) ...
Selecting previously unselected package libmpdec2:amd64.
Preparing to unpack .../2-libmpdec2_2.4.2-2_amd64.deb ...
Unpacking libmpdec2:amd64 (2.4.2-2) ...
Selecting previously unselected package readline-common.
Preparing to unpack .../3-readline-common_8.0-3_all.deb ...
Unpacking readline-common (8.0-3) ...
Selecting previously unselected package libreadline8:amd64.
Preparing to unpack .../4-libreadline8_8.0-3_amd64.deb ...
Unpacking libreadline8:amd64 (8.0-3) ...
Selecting previously unselected package libsqlite3-0:amd64.
Preparing to unpack .../5-libsqlite3-0_3.31.1-3_amd64.deb ...
Unpacking libsqlite3-0:amd64 (3.31.1-3) ...
Selecting previously unselected package libpython3.7-stdlib:amd64.
Preparing to unpack .../6-libpython3.7-stdlib_3.7.6-1+b1_amd64.deb ...
Unpacking libpython3.7-stdlib:amd64 (3.7.6-1+b1) ...
Selecting previously unselected package python3.7.
Preparing to unpack .../7-python3.7_3.7.6-1+b1_amd64.deb ...
Unpacking python3.7 (3.7.6-1+b1) ...
Selecting previously unselected package libpython3-stdlib:amd64.
Preparing to unpack .../8-libpython3-stdlib_3.7.5-3_amd64.deb ...
Unpacking libpython3-stdlib:amd64 (3.7.5-3) ...
Setting up python3-minimal (3.7.5-3) ...
Selecting previously unselected package python3.
(Reading database ... 14340 files and directories currently installed.)
Preparing to unpack .../00-python3_3.7.5-3_amd64.deb ...
Unpacking python3 (3.7.5-3) ...
Selecting previously unselected package netbase.
Preparing to unpack .../01-netbase_6.1_all.deb ...
Unpacking netbase (6.1) ...
Selecting previously unselected package sensible-utils.
Preparing to unpack .../02-sensible-utils_0.0.12+nmu1_all.deb ...
Unpacking sensible-utils (0.0.12+nmu1) ...
Selecting previously unselected package libmagic-mgc.
Preparing to unpack .../03-libmagic-mgc_1%3a5.38-4_amd64.deb ...
Unpacking libmagic-mgc (1:5.38-4) ...
Selecting previously unselected package libmagic1:amd64.
Preparing to unpack .../04-libmagic1_1%3a5.38-4_amd64.deb ...
Unpacking libmagic1:amd64 (1:5.38-4) ...
Selecting previously unselected package file.
Preparing to unpack .../05-file_1%3a5.38-4_amd64.deb ...
Unpacking file (1:5.38-4) ...
Selecting previously unselected package gettext-base.
Preparing to unpack .../06-gettext-base_0.19.8.1-10_amd64.deb ...
Unpacking gettext-base (0.19.8.1-10) ...
Selecting previously unselected package libsigsegv2:amd64.
Preparing to unpack .../07-libsigsegv2_2.12-2_amd64.deb ...
Unpacking libsigsegv2:amd64 (2.12-2) ...
Selecting previously unselected package m4.
Preparing to unpack .../08-m4_1.4.18-4_amd64.deb ...
Unpacking m4 (1.4.18-4) ...
Selecting previously unselected package autoconf.
Preparing to unpack .../09-autoconf_2.69-11.1_all.deb ...
Unpacking autoconf (2.69-11.1) ...
Selecting previously unselected package autotools-dev.
Preparing to unpack .../10-autotools-dev_20180224.1_all.deb ...
Unpacking autotools-dev (20180224.1) ...
Selecting previously unselected package automake.
Preparing to unpack .../11-automake_1%3a1.16.1-4_all.deb ...
Unpacking automake (1:1.16.1-4) ...
Selecting previously unselected package autopoint.
Preparing to unpack .../12-autopoint_0.19.8.1-10_all.deb ...
Unpacking autopoint (0.19.8.1-10) ...
Selecting previously unselected package openssl.
Preparing to unpack .../13-openssl_1.1.1d-2_amd64.deb ...
Unpacking openssl (1.1.1d-2) ...
Selecting previously unselected package ca-certificates.
Preparing to unpack .../14-ca-certificates_20190110_all.deb ...
Unpacking ca-certificates (20190110) ...
Selecting previously unselected package cdbs.
Preparing to unpack .../15-cdbs_0.4.159_all.deb ...
Unpacking cdbs (0.4.159) ...
Selecting previously unselected package libtool.
Preparing to unpack .../16-libtool_2.4.6-13_all.deb ...
Unpacking libtool (2.4.6-13) ...
Selecting previously unselected package dh-autoreconf.
Preparing to unpack .../17-dh-autoreconf_19_all.deb ...
Unpacking dh-autoreconf (19) ...
Selecting previously unselected package libdebhelper-perl.
Preparing to unpack .../18-libdebhelper-perl_12.9_all.deb ...
Unpacking libdebhelper-perl (12.9) ...
Selecting previously unselected package libarchive-zip-perl.
Preparing to unpack .../19-libarchive-zip-perl_1.67-1_all.deb ...
Unpacking libarchive-zip-perl (1.67-1) ...
Selecting previously unselected package libsub-override-perl.
Preparing to unpack .../20-libsub-override-perl_0.09-2_all.deb ...
Unpacking libsub-override-perl (0.09-2) ...
Selecting previously unselected package libfile-stripnondeterminism-perl.
Preparing to unpack .../21-libfile-stripnondeterminism-perl_1.6.3-2_all.deb ...
Unpacking libfile-stripnondeterminism-perl (1.6.3-2) ...
Selecting previously unselected package dh-strip-nondeterminism.
Preparing to unpack .../22-dh-strip-nondeterminism_1.6.3-2_all.deb ...
Unpacking dh-strip-nondeterminism (1.6.3-2) ...
Selecting previously unselected package libelf1:amd64.
Preparing to unpack .../23-libelf1_0.176-1.1_amd64.deb ...
Unpacking libelf1:amd64 (0.176-1.1) ...
Selecting previously unselected package dwz.
Preparing to unpack .../24-dwz_0.13-5_amd64.deb ...
Unpacking dwz (0.13-5) ...
Selecting previously unselected package libglib2.0-0:amd64.
Preparing to unpack .../25-libglib2.0-0_2.62.4-2_amd64.deb ...
Unpacking libglib2.0-0:amd64 (2.62.4-2) ...
Selecting previously unselected package libicu63:amd64.
Preparing to unpack .../26-libicu63_63.2-2_amd64.deb ...
Unpacking libicu63:amd64 (63.2-2) ...
Selecting previously unselected package libxml2:amd64.
Preparing to unpack .../27-libxml2_2.9.10+dfsg-3_amd64.deb ...
Unpacking libxml2:amd64 (2.9.10+dfsg-3) ...
Selecting previously unselected package libcroco3:amd64.
Preparing to unpack .../28-libcroco3_0.6.13-1_amd64.deb ...
Unpacking libcroco3:amd64 (0.6.13-1) ...
Selecting previously unselected package gettext.
Preparing to unpack .../29-gettext_0.19.8.1-10_amd64.deb ...
Unpacking gettext (0.19.8.1-10) ...
Selecting previously unselected package intltool-debian.
Preparing to unpack .../30-intltool-debian_0.35.0+20060710.5_all.deb ...
Unpacking intltool-debian (0.35.0+20060710.5) ...
Selecting previously unselected package po-debconf.
Preparing to unpack .../31-po-debconf_1.0.21_all.deb ...
Unpacking po-debconf (1.0.21) ...
Selecting previously unselected package debhelper.
Preparing to unpack .../32-debhelper_12.9_all.deb ...
Unpacking debhelper (12.9) ...
Selecting previously unselected package libassuan0:amd64.
Preparing to unpack .../33-libassuan0_2.5.3-7_amd64.deb ...
Unpacking libassuan0:amd64 (2.5.3-7) ...
Selecting previously unselected package gpgconf.
Preparing to unpack .../34-gpgconf_2.2.19-1_amd64.deb ...
Unpacking gpgconf (2.2.19-1) ...
Selecting previously unselected package libksba8:amd64.
Preparing to unpack .../35-libksba8_1.3.5-2_amd64.deb ...
Unpacking libksba8:amd64 (1.3.5-2) ...
Selecting previously unselected package libsasl2-modules-db:amd64.
Preparing to unpack .../36-libsasl2-modules-db_2.1.27+dfsg-2_amd64.deb ...
Unpacking libsasl2-modules-db:amd64 (2.1.27+dfsg-2) ...
Selecting previously unselected package libsasl2-2:amd64.
Preparing to unpack .../37-libsasl2-2_2.1.27+dfsg-2_amd64.deb ...
Unpacking libsasl2-2:amd64 (2.1.27+dfsg-2) ...
Selecting previously unselected package libldap-common.
Preparing to unpack .../38-libldap-common_2.4.49+dfsg-1_all.deb ...
Unpacking libldap-common (2.4.49+dfsg-1) ...
Selecting previously unselected package libldap-2.4-2:amd64.
Preparing to unpack .../39-libldap-2.4-2_2.4.49+dfsg-1_amd64.deb ...
Unpacking libldap-2.4-2:amd64 (2.4.49+dfsg-1) ...
Selecting previously unselected package libnpth0:amd64.
Preparing to unpack .../40-libnpth0_1.6-1_amd64.deb ...
Unpacking libnpth0:amd64 (1.6-1) ...
Selecting previously unselected package dirmngr.
Preparing to unpack .../41-dirmngr_2.2.19-1_amd64.deb ...
Unpacking dirmngr (2.2.19-1) ...
Selecting previously unselected package gnupg-l10n.
Preparing to unpack .../42-gnupg-l10n_2.2.19-1_all.deb ...
Unpacking gnupg-l10n (2.2.19-1) ...
Selecting previously unselected package gnupg-utils.
Preparing to unpack .../43-gnupg-utils_2.2.19-1_amd64.deb ...
Unpacking gnupg-utils (2.2.19-1) ...
Selecting previously unselected package gpg.
Preparing to unpack .../44-gpg_2.2.19-1_amd64.deb ...
Unpacking gpg (2.2.19-1) ...
Selecting previously unselected package pinentry-curses.
Preparing to unpack .../45-pinentry-curses_1.1.0-3+b1_amd64.deb ...
Unpacking pinentry-curses (1.1.0-3+b1) ...
Selecting previously unselected package gpg-agent.
Preparing to unpack .../46-gpg-agent_2.2.19-1_amd64.deb ...
Unpacking gpg-agent (2.2.19-1) ...
Selecting previously unselected package gpg-wks-client.
Preparing to unpack .../47-gpg-wks-client_2.2.19-1_amd64.deb ...
Unpacking gpg-wks-client (2.2.19-1) ...
Selecting previously unselected package gpg-wks-server.
Preparing to unpack .../48-gpg-wks-server_2.2.19-1_amd64.deb ...
Unpacking gpg-wks-server (2.2.19-1) ...
Selecting previously unselected package gpgsm.
Preparing to unpack .../49-gpgsm_2.2.19-1_amd64.deb ...
Unpacking gpgsm (2.2.19-1) ...
Selecting previously unselected package gnupg.
Preparing to unpack .../50-gnupg_2.2.19-1_all.deb ...
Unpacking gnupg (2.2.19-1) ...
Selecting previously unselected package libfile-which-perl.
Preparing to unpack .../51-libfile-which-perl_1.23-1_all.deb ...
Unpacking libfile-which-perl (1.23-1) ...
Selecting previously unselected package libfile-homedir-perl.
Preparing to unpack .../52-libfile-homedir-perl_1.004-1_all.deb ...
Unpacking libfile-homedir-perl (1.004-1) ...
Selecting previously unselected package libio-pty-perl.
Preparing to unpack .../53-libio-pty-perl_1%3a1.12-1_amd64.deb ...
Unpacking libio-pty-perl (1:1.12-1) ...
Selecting previously unselected package libipc-run-perl.
Preparing to unpack .../54-libipc-run-perl_20180523.0-2_all.deb ...
Unpacking libipc-run-perl (20180523.0-2) ...
Selecting previously unselected package libclass-method-modifiers-perl.
Preparing to unpack .../55-libclass-method-modifiers-perl_2.13-1_all.deb ...
Unpacking libclass-method-modifiers-perl (2.13-1) ...
Selecting previously unselected package libb-hooks-op-check-perl.
Preparing to unpack .../56-libb-hooks-op-check-perl_0.22-1+b2_amd64.deb ...
Unpacking libb-hooks-op-check-perl (0.22-1+b2) ...
Selecting previously unselected package libdynaloader-functions-perl.
Preparing to unpack .../57-libdynaloader-functions-perl_0.003-1_all.deb ...
Unpacking libdynaloader-functions-perl (0.003-1) ...
Selecting previously unselected package libdevel-callchecker-perl.
Preparing to unpack .../58-libdevel-callchecker-perl_0.008-1+b1_amd64.deb ...
Unpacking libdevel-callchecker-perl (0.008-1+b1) ...
Selecting previously unselected package libparams-classify-perl.
Preparing to unpack .../59-libparams-classify-perl_0.015-1+b2_amd64.deb ...
Unpacking libparams-classify-perl (0.015-1+b2) ...
Selecting previously unselected package libmodule-runtime-perl.
Preparing to unpack .../60-libmodule-runtime-perl_0.016-1_all.deb ...
Unpacking libmodule-runtime-perl (0.016-1) ...
Selecting previously unselected package libimport-into-perl.
Preparing to unpack .../61-libimport-into-perl_1.002005-1_all.deb ...
Unpacking libimport-into-perl (1.002005-1) ...
Selecting previously unselected package librole-tiny-perl.
Preparing to unpack .../62-librole-tiny-perl_2.001004-1_all.deb ...
Unpacking librole-tiny-perl (2.001004-1) ...
Selecting previously unselected package libstrictures-perl.
Preparing to unpack .../63-libstrictures-perl_2.000006-1_all.deb ...
Unpacking libstrictures-perl (2.000006-1) ...
Selecting previously unselected package libsub-quote-perl.
Preparing to unpack .../64-libsub-quote-perl_2.006006-1_all.deb ...
Unpacking libsub-quote-perl (2.006006-1) ...
Selecting previously unselected package libmoo-perl.
Preparing to unpack .../65-libmoo-perl_2.003006-1_all.deb ...
Unpacking libmoo-perl (2.003006-1) ...
Selecting previously unselected package libencode-locale-perl.
Preparing to unpack .../66-libencode-locale-perl_1.05-1_all.deb ...
Unpacking libencode-locale-perl (1.05-1) ...
Selecting previously unselected package libtimedate-perl.
Preparing to unpack .../67-libtimedate-perl_2.3100-1_all.deb ...
Unpacking libtimedate-perl (2.3100-1) ...
Selecting previously unselected package libhttp-date-perl.
Preparing to unpack .../68-libhttp-date-perl_6.05-1_all.deb ...
Unpacking libhttp-date-perl (6.05-1) ...
Selecting previously unselected package libfile-listing-perl.
Preparing to unpack .../69-libfile-listing-perl_6.04-1_all.deb ...
Unpacking libfile-listing-perl (6.04-1) ...
Selecting previously unselected package libhtml-tagset-perl.
Preparing to unpack .../70-libhtml-tagset-perl_3.20-4_all.deb ...
Unpacking libhtml-tagset-perl (3.20-4) ...
Selecting previously unselected package liburi-perl.
Preparing to unpack .../71-liburi-perl_1.76-2_all.deb ...
Unpacking liburi-perl (1.76-2) ...
Selecting previously unselected package libhtml-parser-perl.
Preparing to unpack .../72-libhtml-parser-perl_3.72-5_amd64.deb ...
Unpacking libhtml-parser-perl (3.72-5) ...
Selecting previously unselected package libhtml-tree-perl.
Preparing to unpack .../73-libhtml-tree-perl_5.07-2_all.deb ...
Unpacking libhtml-tree-perl (5.07-2) ...
Selecting previously unselected package libio-html-perl.
Preparing to unpack .../74-libio-html-perl_1.001-1_all.deb ...
Unpacking libio-html-perl (1.001-1) ...
Selecting previously unselected package liblwp-mediatypes-perl.
Preparing to unpack .../75-liblwp-mediatypes-perl_6.04-1_all.deb ...
Unpacking liblwp-mediatypes-perl (6.04-1) ...
Selecting previously unselected package libhttp-message-perl.
Preparing to unpack .../76-libhttp-message-perl_6.18-1_all.deb ...
Unpacking libhttp-message-perl (6.18-1) ...
Selecting previously unselected package libhttp-cookies-perl.
Preparing to unpack .../77-libhttp-cookies-perl_6.08-1_all.deb ...
Unpacking libhttp-cookies-perl (6.08-1) ...
Selecting previously unselected package libhttp-negotiate-perl.
Preparing to unpack .../78-libhttp-negotiate-perl_6.01-1_all.deb ...
Unpacking libhttp-negotiate-perl (6.01-1) ...
Selecting previously unselected package perl-openssl-defaults:amd64.
Preparing to unpack .../79-perl-openssl-defaults_4_amd64.deb ...
Unpacking perl-openssl-defaults:amd64 (4) ...
Selecting previously unselected package libnet-ssleay-perl.
Preparing to unpack .../80-libnet-ssleay-perl_1.88-2_amd64.deb ...
Unpacking libnet-ssleay-perl (1.88-2) ...
Selecting previously unselected package libio-socket-ssl-perl.
Preparing to unpack .../81-libio-socket-ssl-perl_2.067-1_all.deb ...
Unpacking libio-socket-ssl-perl (2.067-1) ...
Selecting previously unselected package libnet-http-perl.
Preparing to unpack .../82-libnet-http-perl_6.19-1_all.deb ...
Unpacking libnet-http-perl (6.19-1) ...
Selecting previously unselected package liblwp-protocol-https-perl.
Preparing to unpack .../83-liblwp-protocol-https-perl_6.07-2_all.deb ...
Unpacking liblwp-protocol-https-perl (6.07-2) ...
Selecting previously unselected package libtry-tiny-perl.
Preparing to unpack .../84-libtry-tiny-perl_0.30-1_all.deb ...
Unpacking libtry-tiny-perl (0.30-1) ...
Selecting previously unselected package libwww-robotrules-perl.
Preparing to unpack .../85-libwww-robotrules-perl_6.02-1_all.deb ...
Unpacking libwww-robotrules-perl (6.02-1) ...
Selecting previously unselected package libwww-perl.
Preparing to unpack .../86-libwww-perl_6.43-1_all.deb ...
Unpacking libwww-perl (6.43-1) ...
Selecting previously unselected package patchutils.
Preparing to unpack .../87-patchutils_0.3.4-2+b1_amd64.deb ...
Unpacking patchutils (0.3.4-2+b1) ...
Selecting previously unselected package wdiff.
Preparing to unpack .../88-wdiff_1.2.2-2+b1_amd64.deb ...
Unpacking wdiff (1.2.2-2+b1) ...
Selecting previously unselected package devscripts.
Preparing to unpack .../89-devscripts_2.20.2_amd64.deb ...
Unpacking devscripts (2.20.2) ...
Selecting previously unselected package dh-buildinfo.
Preparing to unpack .../90-dh-buildinfo_0.11+nmu2_all.deb ...
Unpacking dh-buildinfo (0.11+nmu2) ...
Selecting previously unselected package libtest-sharedfork-perl.
Preparing to unpack .../91-libtest-sharedfork-perl_0.35-1_all.deb ...
Unpacking libtest-sharedfork-perl (0.35-1) ...
Selecting previously unselected package sbuild-build-depends-main-dummy.
Preparing to unpack .../92-sbuild-build-depends-main-dummy_0.invalid.0_amd64.deb ...
Unpacking sbuild-build-depends-main-dummy (0.invalid.0) ...
Setting up libksba8:amd64 (1.3.5-2) ...
Setting up libpipeline1:amd64 (1.5.2-2) ...
Setting up wdiff (1.2.2-2+b1) ...
Setting up libfile-which-perl (1.23-1) ...
Setting up mime-support (3.64) ...
Setting up libdynaloader-functions-perl (0.003-1) ...
Setting up libclass-method-modifiers-perl (2.13-1) ...
Setting up libio-pty-perl (1:1.12-1) ...
Setting up libmagic-mgc (1:5.38-4) ...
Setting up libarchive-zip-perl (1.67-1) ...
Setting up libglib2.0-0:amd64 (2.62.4-2) ...
No schema files found: doing nothing.
Setting up libhtml-tagset-perl (3.20-4) ...
Setting up libdebhelper-perl (12.9) ...
Setting up libsqlite3-0:amd64 (3.31.1-3) ...
Setting up liblwp-mediatypes-perl (6.04-1) ...
Setting up libtry-tiny-perl (0.30-1) ...
Setting up libmagic1:amd64 (1:5.38-4) ...
Setting up perl-openssl-defaults:amd64 (4) ...
Setting up gettext-base (0.19.8.1-10) ...
Setting up libencode-locale-perl (1.05-1) ...
Setting up libnpth0:amd64 (1.6-1) ...
Setting up file (1:5.38-4) ...
Setting up libassuan0:amd64 (2.5.3-7) ...
Setting up libldap-common (2.4.49+dfsg-1) ...
Setting up libtest-sharedfork-perl (0.35-1) ...
Setting up libicu63:amd64 (63.2-2) ...
Setting up libsasl2-modules-db:amd64 (2.1.27+dfsg-2) ...
Setting up patchutils (0.3.4-2+b1) ...
Setting up autotools-dev (20180224.1) ...
Setting up gnupg-l10n (2.2.19-1) ...
Setting up libsigsegv2:amd64 (2.12-2) ...
Setting up bsdmainutils (11.1.2+b1) ...
update-alternatives: using /usr/bin/bsd-write to provide /usr/bin/write (write) in auto mode
update-alternatives: using /usr/bin/bsd-from to provide /usr/bin/from (from) in auto mode
Setting up libio-html-perl (1.001-1) ...
Setting up autopoint (0.19.8.1-10) ...
Setting up libb-hooks-op-check-perl (0.22-1+b2) ...
Setting up libipc-run-perl (20180523.0-2) ...
Setting up libsasl2-2:amd64 (2.1.27+dfsg-2) ...
Setting up libtimedate-perl (2.3100-1) ...
Setting up sensible-utils (0.0.12+nmu1) ...
Setting up libuchardet0:amd64 (0.0.6-3) ...
Setting up librole-tiny-perl (2.001004-1) ...
Setting up libsub-override-perl (0.09-2) ...
Setting up netbase (6.1) ...
Setting up libstrictures-perl (2.000006-1) ...
Setting up libsub-quote-perl (2.006006-1) ...
Setting up libmpdec2:amd64 (2.4.2-2) ...
Setting up libfile-homedir-perl (1.004-1) ...
Setting up openssl (1.1.1d-2) ...
Setting up cdbs (0.4.159) ...
Setting up libelf1:amd64 (0.176-1.1) ...
Setting up readline-common (8.0-3) ...
Setting up libxml2:amd64 (2.9.10+dfsg-3) ...
Setting up liburi-perl (1.76-2) ...
Setting up libnet-ssleay-perl (1.88-2) ...
Setting up pinentry-curses (1.1.0-3+b1) ...
Setting up libfile-stripnondeterminism-perl (1.6.3-2) ...
Setting up libhttp-date-perl (6.05-1) ...
Setting up libfile-listing-perl (6.04-1) ...
Setting up libtool (2.4.6-13) ...
Setting up libreadline8:amd64 (8.0-3) ...
Setting up libldap-2.4-2:amd64 (2.4.49+dfsg-1) ...
Setting up libnet-http-perl (6.19-1) ...
Setting up m4 (1.4.18-4) ...
Setting up libdevel-callchecker-perl (0.008-1+b1) ...
Setting up ca-certificates (20190110) ...
Updating certificates in /etc/ssl/certs...
128 added, 0 removed; done.
Setting up libcroco3:amd64 (0.6.13-1) ...
Setting up autoconf (2.69-11.1) ...
Setting up dh-strip-nondeterminism (1.6.3-2) ...
Setting up libwww-robotrules-perl (6.02-1) ...
Setting up dwz (0.13-5) ...
Setting up groff-base (1.22.4-4) ...
Setting up libhtml-parser-perl (3.72-5) ...
Setting up gpgconf (2.2.19-1) ...
Setting up libio-socket-ssl-perl (2.067-1) ...
Setting up gpg (2.2.19-1) ...
Setting up gnupg-utils (2.2.19-1) ...
Setting up libhttp-message-perl (6.18-1) ...
Setting up automake (1:1.16.1-4) ...
update-alternatives: using /usr/bin/automake-1.16 to provide /usr/bin/automake (automake) in auto mode
Setting up libhttp-negotiate-perl (6.01-1) ...
Setting up libpython3.7-stdlib:amd64 (3.7.6-1+b1) ...
Setting up gettext (0.19.8.1-10) ...
Setting up gpg-agent (2.2.19-1) ...
Setting up libhttp-cookies-perl (6.08-1) ...
Setting up libhtml-tree-perl (5.07-2) ...
Setting up libparams-classify-perl (0.015-1+b2) ...
Setting up gpgsm (2.2.19-1) ...
Setting up man-db (2.9.0-2) ...
Not building database; man-db/auto-update is not 'true'.
Setting up intltool-debian (0.35.0+20060710.5) ...
Setting up dirmngr (2.2.19-1) ...
Setting up libmodule-runtime-perl (0.016-1) ...
Setting up gpg-wks-server (2.2.19-1) ...
Setting up libpython3-stdlib:amd64 (3.7.5-3) ...
Setting up python3.7 (3.7.6-1+b1) ...
Setting up gpg-wks-client (2.2.19-1) ...
Setting up libimport-into-perl (1.002005-1) ...
Setting up libmoo-perl (2.003006-1) ...
Setting up po-debconf (1.0.21) ...
Setting up python3 (3.7.5-3) ...
Setting up gnupg (2.2.19-1) ...
Setting up dh-autoreconf (19) ...
Setting up liblwp-protocol-https-perl (6.07-2) ...
Setting up libwww-perl (6.43-1) ...
Setting up debhelper (12.9) ...
Setting up devscripts (2.20.2) ...
Setting up dh-buildinfo (0.11+nmu2) ...
Setting up sbuild-build-depends-main-dummy (0.invalid.0) ...
Processing triggers for libc-bin (2.29-10) ...
Processing triggers for ca-certificates (20190110) ...
Updating certificates in /etc/ssl/certs...
0 added, 0 removed; done.
Running hooks in /etc/ca-certificates/update.d...
done.

+------------------------------------------------------------------------------+
| Check architectures                                                          |
+------------------------------------------------------------------------------+

Arch check ok (amd64 included in any)

+------------------------------------------------------------------------------+
| Build environment                                                            |
+------------------------------------------------------------------------------+

Kernel: Linux 4.19.0-6-cloud-amd64 #1 SMP Debian 4.19.67-2+deb10u2 (2019-11-11) amd64 (x86_64)
Toolchain package versions: binutils_2.34-3 dpkg-dev_1.19.7 g++-9_9.2.1-29 gcc-9_9.2.1-29 libc6-dev_2.29-10 libstdc++-9-dev_9.2.1-29 libstdc++6_10-20200222-1 linux-libc-dev_5.4.19-1
Package versions: adduser_3.118 apt_1.8.4 autoconf_2.69-11.1 automake_1:1.16.1-4 autopoint_0.19.8.1-10 autotools-dev_20180224.1 base-files_11 base-passwd_3.5.47 bash_5.0-5 binutils_2.34-3 binutils-common_2.34-3 binutils-x86-64-linux-gnu_2.34-3 bsdmainutils_11.1.2+b1 bsdutils_1:2.34-0.1 build-essential_12.8 bzip2_1.0.8-2 ca-certificates_20190110 cdbs_0.4.159 clang-10_1:10.0.0~+rc2-1 coreutils_8.30-3+b1 cpp_4:9.2.1-3.1 cpp-9_9.2.1-29 dash_0.5.10.2-6 debconf_1.5.73 debhelper_12.9 debian-archive-keyring_2019.1 debianutils_4.9.1 devscripts_2.20.2 dh-autoreconf_19 dh-buildinfo_0.11+nmu2 dh-strip-nondeterminism_1.6.3-2 diffutils_1:3.7-3 dirmngr_2.2.19-1 dpkg_1.19.7 dpkg-dev_1.19.7 dwz_0.13-5 e2fsprogs_1.45.5-2 fakeroot_1.24-1 fdisk_2.34-0.1 file_1:5.38-4 findutils_4.7.0-1 g++_4:9.2.1-3.1 g++-9_9.2.1-29 gcc_4:9.2.1-3.1 gcc-10-base_10-20200222-1 gcc-9_9.2.1-29 gcc-9-base_9.2.1-29 gettext_0.19.8.1-10 gettext-base_0.19.8.1-10 gnupg_2.2.19-1 gnupg-l10n_2.2.19-1 gnupg-utils_2.2.19-1 gpg_2.2.19-1 gpg-agent_2.2.19-1 gpg-wks-client_2.2.19-1 gpg-wks-server_2.2.19-1 gpgconf_2.2.19-1 gpgsm_2.2.19-1 gpgv_2.2.19-1 grep_3.4-1 groff-base_1.22.4-4 gzip_1.9-3+b1 hostname_3.23 init-system-helpers_1.57 intltool-debian_0.35.0+20060710.5 lib32gcc-s1_10-20200222-1 lib32gcc1_1:10-20200222-1 lib32stdc++6_10-20200222-1 libacl1_2.2.53-5 libapt-pkg5.0_1.8.4 libarchive-zip-perl_1.67-1 libasan5_9.2.1-29 libassuan0_2.5.3-7 libatomic1_10-20200222-1 libattr1_1:2.4.48-5 libaudit-common_1:2.8.5-2 libaudit1_1:2.8.5-2+b1 libb-hooks-op-check-perl_0.22-1+b2 libbinutils_2.34-3 libblkid1_2.34-0.1 libbsd0_0.10.0-1 libbz2-1.0_1.0.8-2 libc-bin_2.29-10 libc-dev-bin_2.29-10 libc6_2.29-10 libc6-dev_2.29-10 libc6-i386_2.29-10 libcap-ng0_0.7.9-2.1+b1 libcc1-0_10-20200222-1 libclang-common-10-dev_1:10.0.0~+rc2-1 libclang-cpp10_1:10.0.0~+rc2-1 libclang1-10_1:10.0.0~+rc2-1 libclass-method-modifiers-perl_2.13-1 libcom-err2_1.45.5-2 libcroco3_0.6.13-1 libcrypt-dev_1:4.4.10-10 libcrypt1_1:4.4.10-10 libctf-nobfd0_2.34-3 libctf0_2.34-3 libdb5.3_5.3.28+dfsg1-0.6 libdebconfclient0_0.251 libdebhelper-perl_12.9 libdevel-callchecker-perl_0.008-1+b1 libdpkg-perl_1.19.7 libdynaloader-functions-perl_0.003-1 libedit2_3.1-20191231-1 libelf1_0.176-1.1 libencode-locale-perl_1.05-1 libexpat1_2.2.9-1 libext2fs2_1.45.5-2 libfakeroot_1.24-1 libfdisk1_2.34-0.1 libffi7_3.3-3 libfile-homedir-perl_1.004-1 libfile-listing-perl_6.04-1 libfile-stripnondeterminism-perl_1.6.3-2 libfile-which-perl_1.23-1 libgc1c2_1:7.6.4-0.4 libgcc-9-dev_9.2.1-29 libgcc-s1_10-20200222-1 libgcc1_1:10-20200222-1 libgcrypt20_1.8.5-5 libgdbm-compat4_1.18.1-5 libgdbm6_1.18.1-5 libglib2.0-0_2.62.4-2 libgmp10_2:6.2.0+dfsg-4 libgnutls30_3.6.12-2 libgomp1_10-20200222-1 libgpg-error0_1.37-1 libhogweed5_3.5.1+really3.5.1-2 libhtml-parser-perl_3.72-5 libhtml-tagset-perl_3.20-4 libhtml-tree-perl_5.07-2 libhttp-cookies-perl_6.08-1 libhttp-date-perl_6.05-1 libhttp-message-perl_6.18-1 libhttp-negotiate-perl_6.01-1 libicu63_63.2-2 libidn2-0_2.2.0-2 libimport-into-perl_1.002005-1 libio-html-perl_1.001-1 libio-pty-perl_1:1.12-1 libio-socket-ssl-perl_2.067-1 libipc-run-perl_20180523.0-2 libisl22_0.22.1-1 libitm1_10-20200222-1 libksba8_1.3.5-2 libldap-2.4-2_2.4.49+dfsg-1 libldap-common_2.4.49+dfsg-1 libllvm10_1:10.0.0~+rc2-1 liblsan0_10-20200222-1 liblwp-mediatypes-perl_6.04-1 liblwp-protocol-https-perl_6.07-2 liblz4-1_1.9.2-2 liblzma5_5.2.4-1+b1 libmagic-mgc_1:5.38-4 libmagic1_1:5.38-4 libmodule-runtime-perl_0.016-1 libmoo-perl_2.003006-1 libmount1_2.34-0.1 libmpc3_1.1.0-1 libmpdec2_2.4.2-2 libmpfr6_4.0.2-1 libncursesw6_6.1+20191019-1 libnet-http-perl_6.19-1 libnet-ssleay-perl_1.88-2 libnettle7_3.5.1+really3.5.1-2 libnpth0_1.6-1 libobjc-9-dev_9.2.1-29 libobjc4_10-20200222-1 libomp-10-dev_1:10.0.0~+rc2-1 libomp5-10_1:10.0.0~+rc2-1 libp11-kit0_0.23.20-1 libpam-modules_1.3.1-5 libpam-modules-bin_1.3.1-5 libpam-runtime_1.3.1-5 libpam0g_1.3.1-5 libparams-classify-perl_0.015-1+b2 libpcre2-8-0_10.34-7 libpcre3_2:8.39-12+b1 libperl5.30_5.30.0-9 libpipeline1_1.5.2-2 libpython3-stdlib_3.7.5-3 libpython3.7-minimal_3.7.6-1+b1 libpython3.7-stdlib_3.7.6-1+b1 libquadmath0_10-20200222-1 libreadline8_8.0-3 librole-tiny-perl_2.001004-1 libsasl2-2_2.1.27+dfsg-2 libsasl2-modules-db_2.1.27+dfsg-2 libseccomp2_2.4.2-2 libselinux1_3.0-1+b1 libsemanage-common_3.0-1 libsemanage1_3.0-1+b1 libsepol1_3.0-1 libsigsegv2_2.12-2 libsmartcols1_2.34-0.1 libsqlite3-0_3.31.1-3 libss2_1.45.5-2 libssl1.1_1.1.1d-2 libstdc++-9-dev_9.2.1-29 libstdc++6_10-20200222-1 libstrictures-perl_2.000006-1 libsub-override-perl_0.09-2 libsub-quote-perl_2.006006-1 libsystemd0_244.3-1 libtasn1-6_4.16.0-2 libtest-sharedfork-perl_0.35-1 libtimedate-perl_2.3100-1 libtinfo6_6.1+20191019-1 libtool_2.4.6-13 libtry-tiny-perl_0.30-1 libtsan0_10-20200222-1 libubsan1_10-20200222-1 libuchardet0_0.0.6-3 libudev1_244.3-1 libunistring2_0.9.10-2 liburi-perl_1.76-2 libuuid1_2.34-0.1 libwww-perl_6.43-1 libwww-robotrules-perl_6.02-1 libxml2_2.9.10+dfsg-3 libz3-4_4.8.7-4 libzstd1_1.4.4+dfsg-3 linux-libc-dev_5.4.19-1 login_1:4.8.1-1 logsave_1.45.5-2 lsb-base_11.1.0 m4_1.4.18-4 make_4.2.1-1.2 man-db_2.9.0-2 mawk_1.3.4.20200120-2 mime-support_3.64 mount_2.34-0.1 ncurses-base_6.1+20191019-1 ncurses-bin_6.1+20191019-1 netbase_6.1 openssl_1.1.1d-2 passwd_1:4.8.1-1 patch_2.7.6-6 patchutils_0.3.4-2+b1 perl_5.30.0-9 perl-base_5.30.0-9 perl-modules-5.30_5.30.0-9 perl-openssl-defaults_4 pinentry-curses_1.1.0-3+b1 po-debconf_1.0.21 python3_3.7.5-3 python3-minimal_3.7.5-3 python3.7_3.7.6-1+b1 python3.7-minimal_3.7.6-1+b1 readline-common_8.0-3 sbuild-build-depends-main-dummy_0.invalid.0 sed_4.7-1 sensible-utils_0.0.12+nmu1 sysvinit-utils_2.96-2.1 tar_1.30+dfsg-6+b1 tzdata_2019c-3 util-linux_2.34-0.1 wdiff_1.2.2-2+b1 xz-utils_5.2.4-1+b1 zlib1g_1:1.2.11.dfsg-1.2

+------------------------------------------------------------------------------+
| Build                                                                        |
+------------------------------------------------------------------------------+


Unpack source
-------------

-----BEGIN PGP SIGNED MESSAGE-----
Hash: SHA512

Format: 3.0 (quilt)
Source: libposix-atfork-perl
Binary: libposix-atfork-perl
Architecture: any
Version: 0.02-1
Maintainer: Debian Perl Group <pkg-perl-maintainers@lists.alioth.debian.org>
Uploaders: Jonas Smedegaard <dr@jones.dk>
Homepage: http://search.cpan.org/dist/POSIX-AtFork/
Standards-Version: 3.9.4
Vcs-Browser: http://anonscm.debian.org/gitweb/?p=pkg-perl/packages/libposix-atfork-perl.git
Vcs-Git: git://anonscm.debian.org/git/pkg-perl/packages/libposix-atfork-perl
Build-Depends: cdbs, devscripts, debhelper, dh-buildinfo, perl (>= 5.12), libtest-simple-perl, libtest-sharedfork-perl
Package-List: 
 libposix-atfork-perl deb perl optional
Checksums-Sha1: 
 8034235a76dc2a85e4b055ace8e6f697efabafcf 24805 libposix-atfork-perl_0.02.orig.tar.gz
 af6e56ce90417baf98cbc553fc8622d92a6defdc 14676 libposix-atfork-perl_0.02-1.debian.tar.gz
Checksums-Sha256: 
 99d846bd0e40b59e18d314852b04bb1e69241db2f129737f285e710c4480b17d 24805 libposix-atfork-perl_0.02.orig.tar.gz
 5c092707c43914f50db55cc4681054557dc6ef0210a0109c31c353267a2714f7 14676 libposix-atfork-perl_0.02-1.debian.tar.gz
Files: 
 185c2a692a4094578bc61a300e6a0d63 24805 libposix-atfork-perl_0.02.orig.tar.gz
 68d9ec16c9a4348e46c17850440f45e6 14676 libposix-atfork-perl_0.02-1.debian.tar.gz

-----BEGIN PGP SIGNATURE-----
Version: GnuPG v1.4.12 (GNU/Linux)

iQIcBAEBCgAGBQJRTGklAAoJECx8MUbBoAEhIIIP/i9UQXJK1JUFQSSu4vndm25d
RyXg/azrjJYbwR9COuNmW7QbJy1txG5iT5BS0hxb/GkTe3LiOlXnFxrYer8pLEJq
Q0zaL0YC7NibkVEVGvZiVmfPCNpQtL7yB6HVsjFuRZ9ruk0iLHZsucybESlnRYNO
is/wcMj55AyQzyzOhIBYiuyBVsEhWFJQ+3TxUkRs6D6UWf2ZFxZdSzH0cTvLz6pn
AnrPCYI6l0E5OfXBeFvTANdy7Sh9p9rr4XI7X5vkt2vavWbxiwDW/Nh4IwdpXvz1
Io2+Iy7HKsg0wHTpa2nB6IKN2Qh+KsHCtpwUMYoGREylYh60vf6MdvEWMqLLj/qD
5wcLQoys4XYceemh8ZGweeouTW1aICsWc9ycKUIWZ0UUSAs0Wk8ynItwW7n+gLmg
6G8oRXAiLYOOsbkfOTjxq2jIi4/QnlDP160WbS+jrOJzyJ5ti9PSyaoLDXBzgoKE
aGy8VMUyGlvF7badb3wJpa9W2XOwo8FwtLNVScBa6PlHBdFtPg7UHaUocnEb5uum
GQBjvZSvEKcdignnshGBTRMcUG4Us61QWni74OgebCUf25Bx/aq2sdZeUQN2CkEL
tMlTzqY5RJH7OB+SnbmeAw0OqizixD+kP/mEIZo09gdC7GAuDwNcyWhQhXnQ2jF6
0VDInkAGpFFW138O1ZrN
=7dk9
-----END PGP SIGNATURE-----

gpgv: unknown type of key resource 'trustedkeys.kbx'
gpgv: keyblock resource '/sbuild-nonexistent/.gnupg/trustedkeys.kbx': General error
gpgv: Signature made Fri Mar 22 14:22:29 2013 UTC
gpgv:                using RSA key 2C7C3146C1A00121
gpgv: Can't check signature: No public key
dpkg-source: warning: failed to verify signature on ./libposix-atfork-perl_0.02-1.dsc
dpkg-source: info: extracting libposix-atfork-perl in /<<PKGBUILDDIR>>
dpkg-source: info: unpacking libposix-atfork-perl_0.02.orig.tar.gz
dpkg-source: info: unpacking libposix-atfork-perl_0.02-1.debian.tar.gz

Check disk space
----------------

Sufficient free space for build

User Environment
----------------

APT_CONFIG=/var/lib/sbuild/apt.conf
HOME=/sbuild-nonexistent
LANG=C.UTF-8
LC_ALL=C.UTF-8
LOGNAME=user42
PATH=/usr/local/sbin:/usr/local/bin:/usr/sbin:/usr/bin:/sbin:/bin:/usr/games
SCHROOT_ALIAS_NAME=unstable
SCHROOT_CHROOT_NAME=sid-amd64-sbuild
SCHROOT_COMMAND=env
SCHROOT_GID=1001
SCHROOT_GROUP=user42
SCHROOT_SESSION_ID=sid-amd64-sbuild-fb433de8-415c-42a2-b3a3-96add411263b
SCHROOT_UID=1001
SCHROOT_USER=user42
SHELL=/bin/sh
USER=user42

dpkg-buildpackage
-----------------

Command: dpkg-buildpackage -us -uc -b -rfakeroot
dpkg-buildpackage: info: source package libposix-atfork-perl
dpkg-buildpackage: info: source version 0.02-1
dpkg-buildpackage: info: source distribution unstable
dpkg-buildpackage: info: source changed by Jonas Smedegaard <dr@jones.dk>
 dpkg-source --before-build .
dpkg-buildpackage: info: host architecture amd64
 fakeroot debian/rules clean
CDBS WARNING:  copyright-check disabled - licensecheck is missing.
test -x debian/rules
rm -f debian/stamp-makefile-build debian/stamp-makefile-install
/usr/bin/make -C . OPTIMIZE="-g -O2 -fdebug-prefix-map=/<<PKGBUILDDIR>>=. -fstack-protector-strong -Wformat -Werror=format-security -D_REENTRANT -D_GNU_SOURCE -DDEBIAN -fwrapv -fno-strict-aliasing -pipe -I/usr/local/include -D_LARGEFILE_SOURCE -D_FILE_OFFSET_BITS=64 -Wdate-time -D_FORTIFY_SOURCE=2 -D_REENTRANT -D_GNU_SOURCE -DDEBIAN -fwrapv -fno-strict-aliasing -pipe -I/usr/local/include" LDDLFLAGS="-Wl,-z,relro -shared -L/usr/local/lib -fstack-protector-strong" -k clean
make[1]: Entering directory '/<<PKGBUILDDIR>>'
make[1]: *** No rule to make target 'clean'.
make[1]: Leaving directory '/<<PKGBUILDDIR>>'
make: [/usr/share/cdbs/1/class/makefile.mk:91: makefile-clean] Error 2 (ignored)
rm -f debian/stamp-makefile-check
rm -f debian/copyright_newhints
rm -f debian/cdbs-install-list debian/cdbs-package-list debian/stamp-copyright-check
rm -rf "debian/upstream-cruft"
rm -f debian/stamp-upstream-cruft
dh_clean 
dh_clean: warning: Compatibility levels before 9 are deprecated (level 8 in use)
 debian/rules build
CDBS WARNING:  copyright-check disabled - licensecheck is missing.
test -x debian/rules
mkdir -p "."

Scanning upstream source for new/changed copyright notices...

set -e; LC_ALL=C.UTF-8 /usr/bin/licensecheck --check '.*' --recursive --copyright --deb-fmt --ignore '^(debian/(changelog|copyright(|_hints|_newhints)))$' --lines 0 -- * | /usr/lib/cdbs/licensecheck2dep5 > debian/copyright_newhints
/bin/sh: 1: /usr/bin/licensecheck: not found
0 combinations of copyright and licensing found.
WARNING: 			New or changed notices discovered:

Format: https://www.debian.org/doc/packaging-manuals/copyright-format/1.0/

To fix the situation please do the following:
  1) Examine debian/copyright_* and referenced files
  2) Update debian/copyright as needed
  3) Replace debian/copyright_hints with debian/copyright_newhints
touch debian/stamp-copyright-check
touch debian/stamp-upstream-cruft
cd . && /usr/bin/perl -I. Makefile.PL NOECHO= INSTALLDIRS=vendor
Writing ppport.h
Checking if your kit is complete...
Looks good
Generating a Unix-style Makefile
Writing Makefile for POSIX::AtFork
Writing MYMETA.yml and MYMETA.json
/usr/bin/make -C . OPTIMIZE="-g -O2 -fdebug-prefix-map=/<<PKGBUILDDIR>>=. -fstack-protector-strong -Wformat -Werror=format-security -D_REENTRANT -D_GNU_SOURCE -DDEBIAN -fwrapv -fno-strict-aliasing -pipe -I/usr/local/include -D_LARGEFILE_SOURCE -D_FILE_OFFSET_BITS=64 -Wdate-time -D_FORTIFY_SOURCE=2 -D_REENTRANT -D_GNU_SOURCE -DDEBIAN -fwrapv -fno-strict-aliasing -pipe -I/usr/local/include" LDDLFLAGS="-Wl,-z,relro -shared -L/usr/local/lib -fstack-protector-strong" all
make[1]: Entering directory '/<<PKGBUILDDIR>>'
"/usr/bin/perl" "-Iinc" -MExtUtils::Command -e 'mkpath' -- blib/lib/POSIX
chmod 755 blib/lib/POSIX
touch blib/lib/POSIX/.exists
"/usr/bin/perl" "-Iinc" -MExtUtils::Command -e 'mkpath' -- blib/arch
chmod 755 blib/arch
touch blib/arch/.exists
"/usr/bin/perl" "-Iinc" -MExtUtils::Command -e 'mkpath' -- blib/lib/auto/POSIX/AtFork
chmod 755 blib/lib/auto/POSIX/AtFork
touch blib/lib/auto/POSIX/AtFork/.exists
"/usr/bin/perl" "-Iinc" -MExtUtils::Command -e 'mkpath' -- blib/arch/auto/POSIX/AtFork
chmod 755 blib/arch/auto/POSIX/AtFork
touch blib/arch/auto/POSIX/AtFork/.exists
"/usr/bin/perl" "-Iinc" -MExtUtils::Command -e 'mkpath' -- blib/bin
chmod 755 blib/bin
touch blib/bin/.exists
"/usr/bin/perl" "-Iinc" -MExtUtils::Command -e 'mkpath' -- blib/script
chmod 755 blib/script
touch blib/script/.exists
"/usr/bin/perl" "-Iinc" -MExtUtils::Command -e 'mkpath' -- blib/man1
chmod 755 blib/man1
touch blib/man1/.exists
"/usr/bin/perl" "-Iinc" -MExtUtils::Command -e 'mkpath' -- blib/man3
chmod 755 blib/man3
touch blib/man3/.exists
true
true
true
"/usr/bin/perl" "-Iinc" -MExtUtils::Install -e 'pm_to_blib({@ARGV}, '\''blib/lib/auto'\'', q[], '\''755'\'')' -- \
  'lib/POSIX/AtFork.pm' 'blib/lib/POSIX/AtFork.pm' 
cp lib/POSIX/AtFork.pm blib/lib/POSIX/AtFork.pm
touch pm_to_blib
true
echo "Running Mkbootstrap for AtFork ()"
Running Mkbootstrap for AtFork ()
"/usr/bin/perl" "-Iinc" \
	"-MExtUtils::Mkbootstrap" \
	-e "Mkbootstrap('AtFork','');"
touch "AtFork.bs"
chmod 644 "AtFork.bs"
rm -rf blib/arch/auto/POSIX/AtFork/AtFork.bs
"/usr/bin/perl" "-Iinc" -MExtUtils::Command::MM -e 'cp_nonempty' -- AtFork.bs blib/arch/auto/POSIX/AtFork/AtFork.bs 644
"/usr/bin/perl" "-Iinc" "/usr/share/perl/5.30/ExtUtils/xsubpp"  -typemap '/usr/share/perl/5.30/ExtUtils/typemap'  AtFork.xs > AtFork.xsc
mv AtFork.xsc AtFork.c
x86_64-linux-gnu-gcc -c  "-I." -D_REENTRANT -D_GNU_SOURCE -DDEBIAN -fwrapv -fno-strict-aliasing -pipe -I/usr/local/include -D_LARGEFILE_SOURCE -D_FILE_OFFSET_BITS=64 -Wall -W -Wno-comment -g -O2 -fdebug-prefix-map=/<<PKGBUILDDIR>>=. -fstack-protector-strong -Wformat -Werror=format-security -D_REENTRANT -D_GNU_SOURCE -DDEBIAN -fwrapv -fno-strict-aliasing -pipe -I/usr/local/include -D_LARGEFILE_SOURCE -D_FILE_OFFSET_BITS=64 -Wdate-time -D_FORTIFY_SOURCE=2 -D_REENTRANT -D_GNU_SOURCE -DDEBIAN -fwrapv -fno-strict-aliasing -pipe -I/usr/local/include   -DVERSION=\"0.02\" -DXS_VERSION=\"0.02\" -o AtFork.o -fPIC "-I/usr/lib/x86_64-linux-gnu/perl/5.30/CORE"  -DUSE_PPPORT AtFork.c
rm -f blib/arch/auto/POSIX/AtFork/AtFork.so
x86_64-linux-gnu-gcc  -Wl,-z,relro -shared -L/usr/local/lib -fstack-protector-strong  AtFork.o  -o blib/arch/auto/POSIX/AtFork/AtFork.so  \
   -lpthread   \
  
chmod 755 blib/arch/auto/POSIX/AtFork/AtFork.so
true
true
true
true
true
"/usr/bin/perl" "-Iinc" "-MExtUtils::Command::MM" -e pod2man "--" --section=3pm --perm_rw=644 -u \
  lib/POSIX/AtFork.pm blib/man3/POSIX::AtFork.3pm 
Manifying 1 pod document
true
make[1]: Leaving directory '/<<PKGBUILDDIR>>'
touch debian/stamp-makefile-build
/usr/bin/make -C . OPTIMIZE="-g -O2 -fdebug-prefix-map=/<<PKGBUILDDIR>>=. -fstack-protector-strong -Wformat -Werror=format-security -D_REENTRANT -D_GNU_SOURCE -DDEBIAN -fwrapv -fno-strict-aliasing -pipe -I/usr/local/include -D_LARGEFILE_SOURCE -D_FILE_OFFSET_BITS=64 -Wdate-time -D_FORTIFY_SOURCE=2 -D_REENTRANT -D_GNU_SOURCE -DDEBIAN -fwrapv -fno-strict-aliasing -pipe -I/usr/local/include" LDDLFLAGS="-Wl,-z,relro -shared -L/usr/local/lib -fstack-protector-strong" test TEST_VERBOSE=1
make[1]: Entering directory '/<<PKGBUILDDIR>>'
true
true
true
rm -rf blib/arch/auto/POSIX/AtFork/AtFork.bs
"/usr/bin/perl" "-Iinc" -MExtUtils::Command::MM -e 'cp_nonempty' -- AtFork.bs blib/arch/auto/POSIX/AtFork/AtFork.bs 644
true
true
true
true
true
true
PERL_DL_NONLAZY=1 "/usr/bin/perl" "-MExtUtils::Command::MM" "-MTest::Harness" "-e" "undef *Test::Harness::Switches; test_harness(1, 'inc', 'blib/lib', 'blib/arch')" t/*.t
t/001_basic.t ... 
1..6
ok 1 - &prepare in parent
ok 2 - &parent in parent
ok 3 - &prepare in child
ok 4 - &child in parent
ok 5 - &parent in child
ok 6 - &child in child
ok
t/002_add.t ..... 
1..6
ok 1 - &prepare in parent
ok 2 - &parent in parent
ok 3 - &prepare in child
ok 4 - &child in parent
ok 5 - &parent in child
ok 6 - &child in child
ok
t/003_delete.t .. 
1..6
ok 1 - &prepare in parent
ok 2 - &parent in parent
ok 3 - &prepare in child
ok 4 - &parent in child
ok 5 - &child in parent
ok 6 - &child in child
ok
t/004_pid.t ..... 
1..10
ok 1
ok 2
ok 3
ok 4 - &prepare in parent
ok 5
ok 6 - &prepare in child
ok 7 - &parent in parent
ok 8 - &parent in child
ok 9 - &child in child
ok 10 - &child in parent
ok
t/005_system.t .. 
1..7
ok 1
ok 2
ok 3
ok 4
ok 5
ok 6
ok 7
ok
All tests successful.
Files=5, Tests=35,  1 wallclock secs ( 0.03 usr  0.00 sys +  0.47 cusr  0.08 csys =  0.58 CPU)
Result: PASS
true
make[1]: Leaving directory '/<<PKGBUILDDIR>>'
touch debian/stamp-makefile-check
 fakeroot debian/rules binary
CDBS WARNING:  copyright-check disabled - licensecheck is missing.
test -x debian/rules
dh_testroot
dh_prep 
dh_installdirs -A 
dh_installdirs: warning: Compatibility levels before 9 are deprecated (level 8 in use)
mkdir -p "."
/usr/bin/make -C . OPTIMIZE="-g -O2 -fdebug-prefix-map=/<<PKGBUILDDIR>>=. -fstack-protector-strong -Wformat -Werror=format-security -D_REENTRANT -D_GNU_SOURCE -DDEBIAN -fwrapv -fno-strict-aliasing -pipe -I/usr/local/include -D_LARGEFILE_SOURCE -D_FILE_OFFSET_BITS=64 -Wdate-time -D_FORTIFY_SOURCE=2 -D_REENTRANT -D_GNU_SOURCE -DDEBIAN -fwrapv -fno-strict-aliasing -pipe -I/usr/local/include" LDDLFLAGS="-Wl,-z,relro -shared -L/usr/local/lib -fstack-protector-strong" install DESTDIR=" /<<PKGBUILDDIR>>/debian/libposix-atfork-perl"
make[1]: Entering directory '/<<PKGBUILDDIR>>'
true
true
true
true
rm -rf blib/arch/auto/POSIX/AtFork/AtFork.bs
"/usr/bin/perl" "-Iinc" -MExtUtils::Command::MM -e 'cp_nonempty' -- AtFork.bs blib/arch/auto/POSIX/AtFork/AtFork.bs 644
true
true
true
true
true
"/usr/bin/perl" "-Iinc" "-MExtUtils::Command::MM" -e pod2man "--" --section=3pm --perm_rw=644 -u \
  lib/POSIX/AtFork.pm blib/man3/POSIX::AtFork.3pm 
Manifying 1 pod document
true
umask 022; "/usr/bin/perl" "-Iinc" -MExtUtils::Install -e 'install([ from_to => {@ARGV}, verbose => '\''0'\'', uninstall_shadows => '\''0'\'', dir_mode => '\''755'\'' ]);' -- \
	"blib/lib" "/<<PKGBUILDDIR>>/debian/libposix-atfork-perl/usr/share/perl5" \
	"blib/arch" "/<<PKGBUILDDIR>>/debian/libposix-atfork-perl/usr/lib/x86_64-linux-gnu/perl5/5.30" \
	"blib/bin" "/<<PKGBUILDDIR>>/debian/libposix-atfork-perl/usr/bin" \
	"blib/script" "/<<PKGBUILDDIR>>/debian/libposix-atfork-perl/usr/bin" \
	"blib/man1" "/<<PKGBUILDDIR>>/debian/libposix-atfork-perl/usr/share/man/man1" \
	"blib/man3" "/<<PKGBUILDDIR>>/debian/libposix-atfork-perl/usr/share/man/man3"
Files found in blib/arch: installing files in blib/lib into architecture dependent library tree
Installing /<<PKGBUILDDIR>>/debian/libposix-atfork-perl/usr/lib/x86_64-linux-gnu/perl5/5.30/auto/POSIX/AtFork/AtFork.so
Installing /<<PKGBUILDDIR>>/debian/libposix-atfork-perl/usr/lib/x86_64-linux-gnu/perl5/5.30/POSIX/AtFork.pm
Installing /<<PKGBUILDDIR>>/debian/libposix-atfork-perl/usr/share/man/man3/POSIX::AtFork.3pm
true
true
true
make[1]: Leaving directory '/<<PKGBUILDDIR>>'
touch debian/stamp-makefile-install
Adding cdbs dependencies to debian/libposix-atfork-perl.substvars
dh_installdirs -plibposix-atfork-perl \
	
dh_installdirs: warning: Compatibility levels before 9 are deprecated (level 8 in use)
dh_installdocs -plibposix-atfork-perl ./README
dh_installdocs: warning: Compatibility levels before 9 are deprecated (level 8 in use)
dh_installexamples -plibposix-atfork-perl 
dh_installexamples: warning: Compatibility levels before 9 are deprecated (level 8 in use)
dh_installman -plibposix-atfork-perl 
dh_installman: warning: Compatibility levels before 9 are deprecated (level 8 in use)
dh_installinfo -plibposix-atfork-perl 
dh_installinfo: warning: Compatibility levels before 9 are deprecated (level 8 in use)
dh_installmenu -plibposix-atfork-perl 
dh_installcron -plibposix-atfork-perl 
dh_systemd_enable -plibposix-atfork-perl 
dh_systemd_enable: warning: Compatibility levels before 9 are deprecated (level 8 in use)
dh_installinit -plibposix-atfork-perl 
dh_installinit: warning: Compatibility levels before 9 are deprecated (level 8 in use)
dh_installdebconf -plibposix-atfork-perl 
dh_installemacsen -plibposix-atfork-perl 
dh_installcatalogs -plibposix-atfork-perl 
dh_installpam -plibposix-atfork-perl 
dh_installlogrotate -plibposix-atfork-perl 
dh_installlogcheck -plibposix-atfork-perl 
dh_installchangelogs -plibposix-atfork-perl ./Changes
dh_installudev -plibposix-atfork-perl 
dh_lintian -plibposix-atfork-perl 
dh_bugfiles -plibposix-atfork-perl 
dh_install -plibposix-atfork-perl 
dh_install: warning: Compatibility levels before 9 are deprecated (level 8 in use)
dh_systemd_start -plibposix-atfork-perl 
dh_systemd_start: warning: Compatibility levels before 9 are deprecated (level 8 in use)
dh_link -plibposix-atfork-perl 
dh_buildinfo -plibposix-atfork-perl 
dh_installmime -plibposix-atfork-perl 
dh_installgsettings -plibposix-atfork-perl 
dh_strip -plibposix-atfork-perl  
dh_strip: warning: Compatibility levels before 9 are deprecated (level 8 in use)
dh_strip_nondeterminism -plibposix-atfork-perl 
dh_compress -plibposix-atfork-perl 
dh_compress: warning: Compatibility levels before 9 are deprecated (level 8 in use)
dh_fixperms -plibposix-atfork-perl 
dh_makeshlibs -plibposix-atfork-perl  
dh_makeshlibs: warning: Compatibility levels before 9 are deprecated (level 8 in use)
dh_installdeb -plibposix-atfork-perl 
dh_installdeb: warning: Compatibility levels before 9 are deprecated (level 8 in use)
dh_perl -plibposix-atfork-perl 
dh_shlibdeps -plibposix-atfork-perl 
dh_shlibdeps: warning: Compatibility levels before 9 are deprecated (level 8 in use)
dh_gencontrol -plibposix-atfork-perl  
dpkg-gencontrol: warning: Depends field of package libposix-atfork-perl: substitution variable ${cdbs:Depends} used, but is not defined
dpkg-gencontrol: warning: Recommends field of package libposix-atfork-perl: substitution variable ${cdbs:Recommends} used, but is not defined
dpkg-gencontrol: warning: Suggests field of package libposix-atfork-perl: substitution variable ${cdbs:Suggests} used, but is not defined
dpkg-gencontrol: warning: Depends field of package libposix-atfork-perl: substitution variable ${cdbs:Depends} used, but is not defined
dpkg-gencontrol: warning: Recommends field of package libposix-atfork-perl: substitution variable ${cdbs:Recommends} used, but is not defined
dpkg-gencontrol: warning: Suggests field of package libposix-atfork-perl: substitution variable ${cdbs:Suggests} used, but is not defined
dh_md5sums -plibposix-atfork-perl 
dh_builddeb -plibposix-atfork-perl 
dpkg-deb: building package 'libposix-atfork-perl-dbgsym' in '../libposix-atfork-perl-dbgsym_0.02-1_amd64.deb'.
dpkg-deb: building package 'libposix-atfork-perl' in '../libposix-atfork-perl_0.02-1_amd64.deb'.
 dpkg-genbuildinfo --build=binary
 dpkg-genchanges --build=binary >../libposix-atfork-perl_0.02-1_amd64.changes
dpkg-genchanges: info: binary-only upload (no source code included)
 dpkg-source --after-build .
dpkg-buildpackage: info: binary-only upload (no source included)
--------------------------------------------------------------------------------
Build finished at 2020-02-24T22:12:44Z

Finished
--------

I: Built successfully

+------------------------------------------------------------------------------+
| Changes                                                                      |
+------------------------------------------------------------------------------+


libposix-atfork-perl_0.02-1_amd64.changes:
------------------------------------------

Format: 1.8
Date: Fri, 22 Mar 2013 15:16:17 +0100
Source: libposix-atfork-perl
Binary: libposix-atfork-perl libposix-atfork-perl-dbgsym
Architecture: amd64
Version: 0.02-1
Distribution: unstable
Urgency: low
Maintainer: Debian Perl Group <pkg-perl-maintainers@lists.alioth.debian.org>
Changed-By: Jonas Smedegaard <dr@jones.dk>
Description:
 libposix-atfork-perl - hook registrations at fork(2)
Closes: 703702
Changes:
 libposix-atfork-perl (0.02-1) unstable; urgency=low
 .
   * Initial packaging release.
     Closes: bug#703702.
Checksums-Sha1:
 ac5178a3a73e27233a5f615553cc3fd0e2a3babd 27612 libposix-atfork-perl-dbgsym_0.02-1_amd64.deb
 cc3fc4ff486aaa9a94f140d4c747e5e1c02d14d9 7943 libposix-atfork-perl_0.02-1_amd64.buildinfo
 95ebc4077ead5794c522893648a0c8a3c14d0831 24424 libposix-atfork-perl_0.02-1_amd64.deb
Checksums-Sha256:
 e72c810b9c95f1fa7229ad666bfafed83c5e5c3fc4781a290ff3b5e3ab6f7787 27612 libposix-atfork-perl-dbgsym_0.02-1_amd64.deb
 24bcf58bf011e0284cf63e0d7a47810f10bf7dd2af54b546ca588fc8bde25beb 7943 libposix-atfork-perl_0.02-1_amd64.buildinfo
 a71ce866f4222edac22e4a14c6f6b262297449e7fdc7da30b7bb729e30399a49 24424 libposix-atfork-perl_0.02-1_amd64.deb
Files:
 79e9e1947005d0b0797fcf9d098ca56a 27612 debug optional libposix-atfork-perl-dbgsym_0.02-1_amd64.deb
 f88080361000e24af7c0b39e4b5aea29 7943 perl optional libposix-atfork-perl_0.02-1_amd64.buildinfo
 c39a7970bcd620cb8adf8a931782498d 24424 perl optional libposix-atfork-perl_0.02-1_amd64.deb

+------------------------------------------------------------------------------+
| Buildinfo                                                                    |
+------------------------------------------------------------------------------+

Format: 1.0
Source: libposix-atfork-perl
Binary: libposix-atfork-perl
Architecture: amd64
Version: 0.02-1
Checksums-Md5:
 79e9e1947005d0b0797fcf9d098ca56a 27612 libposix-atfork-perl-dbgsym_0.02-1_amd64.deb
 c39a7970bcd620cb8adf8a931782498d 24424 libposix-atfork-perl_0.02-1_amd64.deb
Checksums-Sha1:
 ac5178a3a73e27233a5f615553cc3fd0e2a3babd 27612 libposix-atfork-perl-dbgsym_0.02-1_amd64.deb
 95ebc4077ead5794c522893648a0c8a3c14d0831 24424 libposix-atfork-perl_0.02-1_amd64.deb
Checksums-Sha256:
 e72c810b9c95f1fa7229ad666bfafed83c5e5c3fc4781a290ff3b5e3ab6f7787 27612 libposix-atfork-perl-dbgsym_0.02-1_amd64.deb
 a71ce866f4222edac22e4a14c6f6b262297449e7fdc7da30b7bb729e30399a49 24424 libposix-atfork-perl_0.02-1_amd64.deb
Build-Origin: Debian
Build-Architecture: amd64
Build-Date: Mon, 24 Feb 2020 22:12:43 +0000
Build-Path: /<<PKGBUILDDIR>>
Installed-Build-Depends:
 adduser (= 3.118),
 autoconf (= 2.69-11.1),
 automake (= 1:1.16.1-4),
 autopoint (= 0.19.8.1-10),
 autotools-dev (= 20180224.1),
 base-files (= 11),
 base-passwd (= 3.5.47),
 bash (= 5.0-5),
 binutils (= 2.34-3),
 binutils-common (= 2.34-3),
 binutils-x86-64-linux-gnu (= 2.34-3),
 bsdmainutils (= 11.1.2+b1),
 bsdutils (= 1:2.34-0.1),
 build-essential (= 12.8),
 bzip2 (= 1.0.8-2),
 ca-certificates (= 20190110),
 cdbs (= 0.4.159),
 clang-10 (= 1:10.0.0~+rc2-1),
 coreutils (= 8.30-3+b1),
 cpp (= 4:9.2.1-3.1),
 cpp-9 (= 9.2.1-29),
 dash (= 0.5.10.2-6),
 debconf (= 1.5.73),
 debhelper (= 12.9),
 debianutils (= 4.9.1),
 devscripts (= 2.20.2),
 dh-autoreconf (= 19),
 dh-buildinfo (= 0.11+nmu2),
 dh-strip-nondeterminism (= 1.6.3-2),
 diffutils (= 1:3.7-3),
 dirmngr (= 2.2.19-1),
 dpkg (= 1.19.7),
 dpkg-dev (= 1.19.7),
 dwz (= 0.13-5),
 fakeroot (= 1.24-1),
 fdisk (= 2.34-0.1),
 file (= 1:5.38-4),
 findutils (= 4.7.0-1),
 g++ (= 4:9.2.1-3.1),
 g++-9 (= 9.2.1-29),
 gcc (= 4:9.2.1-3.1),
 gcc-10-base (= 10-20200222-1),
 gcc-9 (= 9.2.1-29),
 gcc-9-base (= 9.2.1-29),
 gettext (= 0.19.8.1-10),
 gettext-base (= 0.19.8.1-10),
 gnupg (= 2.2.19-1),
 gnupg-l10n (= 2.2.19-1),
 gnupg-utils (= 2.2.19-1),
 gpg (= 2.2.19-1),
 gpg-agent (= 2.2.19-1),
 gpg-wks-client (= 2.2.19-1),
 gpg-wks-server (= 2.2.19-1),
 gpgconf (= 2.2.19-1),
 gpgsm (= 2.2.19-1),
 gpgv (= 2.2.19-1),
 grep (= 3.4-1),
 groff-base (= 1.22.4-4),
 gzip (= 1.9-3+b1),
 hostname (= 3.23),
 init-system-helpers (= 1.57),
 intltool-debian (= 0.35.0+20060710.5),
 lib32gcc-s1 (= 10-20200222-1),
 lib32gcc1 (= 1:10-20200222-1),
 lib32stdc++6 (= 10-20200222-1),
 libacl1 (= 2.2.53-5),
 libarchive-zip-perl (= 1.67-1),
 libasan5 (= 9.2.1-29),
 libassuan0 (= 2.5.3-7),
 libatomic1 (= 10-20200222-1),
 libattr1 (= 1:2.4.48-5),
 libaudit-common (= 1:2.8.5-2),
 libaudit1 (= 1:2.8.5-2+b1),
 libb-hooks-op-check-perl (= 0.22-1+b2),
 libbinutils (= 2.34-3),
 libblkid1 (= 2.34-0.1),
 libbsd0 (= 0.10.0-1),
 libbz2-1.0 (= 1.0.8-2),
 libc-bin (= 2.29-10),
 libc-dev-bin (= 2.29-10),
 libc6 (= 2.29-10),
 libc6-dev (= 2.29-10),
 libc6-i386 (= 2.29-10),
 libcap-ng0 (= 0.7.9-2.1+b1),
 libcc1-0 (= 10-20200222-1),
 libclang-common-10-dev (= 1:10.0.0~+rc2-1),
 libclang-cpp10 (= 1:10.0.0~+rc2-1),
 libclang1-10 (= 1:10.0.0~+rc2-1),
 libclass-method-modifiers-perl (= 2.13-1),
 libcroco3 (= 0.6.13-1),
 libcrypt-dev (= 1:4.4.10-10),
 libcrypt1 (= 1:4.4.10-10),
 libctf-nobfd0 (= 2.34-3),
 libctf0 (= 2.34-3),
 libdb5.3 (= 5.3.28+dfsg1-0.6),
 libdebconfclient0 (= 0.251),
 libdebhelper-perl (= 12.9),
 libdevel-callchecker-perl (= 0.008-1+b1),
 libdpkg-perl (= 1.19.7),
 libdynaloader-functions-perl (= 0.003-1),
 libedit2 (= 3.1-20191231-1),
 libelf1 (= 0.176-1.1),
 libencode-locale-perl (= 1.05-1),
 libexpat1 (= 2.2.9-1),
 libfakeroot (= 1.24-1),
 libfdisk1 (= 2.34-0.1),
 libffi7 (= 3.3-3),
 libfile-homedir-perl (= 1.004-1),
 libfile-listing-perl (= 6.04-1),
 libfile-stripnondeterminism-perl (= 1.6.3-2),
 libfile-which-perl (= 1.23-1),
 libgc1c2 (= 1:7.6.4-0.4),
 libgcc-9-dev (= 9.2.1-29),
 libgcc-s1 (= 10-20200222-1),
 libgcc1 (= 1:10-20200222-1),
 libgcrypt20 (= 1.8.5-5),
 libgdbm-compat4 (= 1.18.1-5),
 libgdbm6 (= 1.18.1-5),
 libglib2.0-0 (= 2.62.4-2),
 libgmp10 (= 2:6.2.0+dfsg-4),
 libgnutls30 (= 3.6.12-2),
 libgomp1 (= 10-20200222-1),
 libgpg-error0 (= 1.37-1),
 libhogweed5 (= 3.5.1+really3.5.1-2),
 libhtml-parser-perl (= 3.72-5),
 libhtml-tagset-perl (= 3.20-4),
 libhtml-tree-perl (= 5.07-2),
 libhttp-cookies-perl (= 6.08-1),
 libhttp-date-perl (= 6.05-1),
 libhttp-message-perl (= 6.18-1),
 libhttp-negotiate-perl (= 6.01-1),
 libicu63 (= 63.2-2),
 libidn2-0 (= 2.2.0-2),
 libimport-into-perl (= 1.002005-1),
 libio-html-perl (= 1.001-1),
 libio-pty-perl (= 1:1.12-1),
 libio-socket-ssl-perl (= 2.067-1),
 libipc-run-perl (= 20180523.0-2),
 libisl22 (= 0.22.1-1),
 libitm1 (= 10-20200222-1),
 libksba8 (= 1.3.5-2),
 libldap-2.4-2 (= 2.4.49+dfsg-1),
 libldap-common (= 2.4.49+dfsg-1),
 libllvm10 (= 1:10.0.0~+rc2-1),
 liblsan0 (= 10-20200222-1),
 liblwp-mediatypes-perl (= 6.04-1),
 liblwp-protocol-https-perl (= 6.07-2),
 liblz4-1 (= 1.9.2-2),
 liblzma5 (= 5.2.4-1+b1),
 libmagic-mgc (= 1:5.38-4),
 libmagic1 (= 1:5.38-4),
 libmodule-runtime-perl (= 0.016-1),
 libmoo-perl (= 2.003006-1),
 libmount1 (= 2.34-0.1),
 libmpc3 (= 1.1.0-1),
 libmpdec2 (= 2.4.2-2),
 libmpfr6 (= 4.0.2-1),
 libncursesw6 (= 6.1+20191019-1),
 libnet-http-perl (= 6.19-1),
 libnet-ssleay-perl (= 1.88-2),
 libnettle7 (= 3.5.1+really3.5.1-2),
 libnpth0 (= 1.6-1),
 libobjc-9-dev (= 9.2.1-29),
 libobjc4 (= 10-20200222-1),
 libp11-kit0 (= 0.23.20-1),
 libpam-modules (= 1.3.1-5),
 libpam-modules-bin (= 1.3.1-5),
 libpam-runtime (= 1.3.1-5),
 libpam0g (= 1.3.1-5),
 libparams-classify-perl (= 0.015-1+b2),
 libpcre2-8-0 (= 10.34-7),
 libpcre3 (= 2:8.39-12+b1),
 libperl5.30 (= 5.30.0-9),
 libpipeline1 (= 1.5.2-2),
 libpython3-stdlib (= 3.7.5-3),
 libpython3.7-minimal (= 3.7.6-1+b1),
 libpython3.7-stdlib (= 3.7.6-1+b1),
 libquadmath0 (= 10-20200222-1),
 libreadline8 (= 8.0-3),
 librole-tiny-perl (= 2.001004-1),
 libsasl2-2 (= 2.1.27+dfsg-2),
 libsasl2-modules-db (= 2.1.27+dfsg-2),
 libseccomp2 (= 2.4.2-2),
 libselinux1 (= 3.0-1+b1),
 libsemanage-common (= 3.0-1),
 libsemanage1 (= 3.0-1+b1),
 libsepol1 (= 3.0-1),
 libsigsegv2 (= 2.12-2),
 libsmartcols1 (= 2.34-0.1),
 libsqlite3-0 (= 3.31.1-3),
 libssl1.1 (= 1.1.1d-2),
 libstdc++-9-dev (= 9.2.1-29),
 libstdc++6 (= 10-20200222-1),
 libstrictures-perl (= 2.000006-1),
 libsub-override-perl (= 0.09-2),
 libsub-quote-perl (= 2.006006-1),
 libsystemd0 (= 244.3-1),
 libtasn1-6 (= 4.16.0-2),
 libtest-sharedfork-perl (= 0.35-1),
 libtimedate-perl (= 2.3100-1),
 libtinfo6 (= 6.1+20191019-1),
 libtool (= 2.4.6-13),
 libtry-tiny-perl (= 0.30-1),
 libtsan0 (= 10-20200222-1),
 libubsan1 (= 10-20200222-1),
 libuchardet0 (= 0.0.6-3),
 libudev1 (= 244.3-1),
 libunistring2 (= 0.9.10-2),
 liburi-perl (= 1.76-2),
 libuuid1 (= 2.34-0.1),
 libwww-perl (= 6.43-1),
 libwww-robotrules-perl (= 6.02-1),
 libxml2 (= 2.9.10+dfsg-3),
 libz3-4 (= 4.8.7-4),
 linux-libc-dev (= 5.4.19-1),
 login (= 1:4.8.1-1),
 lsb-base (= 11.1.0),
 m4 (= 1.4.18-4),
 make (= 4.2.1-1.2),
 man-db (= 2.9.0-2),
 mawk (= 1.3.4.20200120-2),
 mime-support (= 3.64),
 ncurses-base (= 6.1+20191019-1),
 ncurses-bin (= 6.1+20191019-1),
 netbase (= 6.1),
 openssl (= 1.1.1d-2),
 passwd (= 1:4.8.1-1),
 patch (= 2.7.6-6),
 patchutils (= 0.3.4-2+b1),
 perl (= 5.30.0-9),
 perl-base (= 5.30.0-9),
 perl-modules-5.30 (= 5.30.0-9),
 perl-openssl-defaults (= 4),
 pinentry-curses (= 1.1.0-3+b1),
 po-debconf (= 1.0.21),
 python3 (= 3.7.5-3),
 python3-minimal (= 3.7.5-3),
 python3.7 (= 3.7.6-1+b1),
 python3.7-minimal (= 3.7.6-1+b1),
 readline-common (= 8.0-3),
 sed (= 4.7-1),
 sensible-utils (= 0.0.12+nmu1),
 sysvinit-utils (= 2.96-2.1),
 tar (= 1.30+dfsg-6+b1),
 util-linux (= 2.34-0.1),
 wdiff (= 1.2.2-2+b1),
 xz-utils (= 5.2.4-1+b1),
 zlib1g (= 1:1.2.11.dfsg-1.2)
Environment:
 DEB_BUILD_OPTIONS="parallel=4"
 LANG="C.UTF-8"
 LC_ALL="C.UTF-8"
 SOURCE_DATE_EPOCH="1363961777"


+------------------------------------------------------------------------------+
| Package contents                                                             |
+------------------------------------------------------------------------------+


libposix-atfork-perl-dbgsym_0.02-1_amd64.deb
--------------------------------------------

 new Debian package, version 2.0.
 size 27612 bytes: control archive=544 bytes.
     411 bytes,    12 lines      control              
     106 bytes,     1 lines      md5sums              
 Package: libposix-atfork-perl-dbgsym
 Source: libposix-atfork-perl
 Version: 0.02-1
 Auto-Built-Package: debug-symbols
 Architecture: amd64
 Maintainer: Debian Perl Group <pkg-perl-maintainers@lists.alioth.debian.org>
 Installed-Size: 42
 Depends: libposix-atfork-perl (= 0.02-1)
 Section: debug
 Priority: optional
 Description: debug symbols for libposix-atfork-perl
 Build-Ids: f6aac4ab32b21aad480a333660b8556e672b6f32

drwxr-xr-x root/root         0 2013-03-22 14:16 ./
drwxr-xr-x root/root         0 2013-03-22 14:16 ./usr/
drwxr-xr-x root/root         0 2013-03-22 14:16 ./usr/lib/
drwxr-xr-x root/root         0 2013-03-22 14:16 ./usr/lib/debug/
drwxr-xr-x root/root         0 2013-03-22 14:16 ./usr/lib/debug/.build-id/
drwxr-xr-x root/root         0 2013-03-22 14:16 ./usr/lib/debug/.build-id/f6/
-rw-r--r-- root/root     32024 2013-03-22 14:16 ./usr/lib/debug/.build-id/f6/aac4ab32b21aad480a333660b8556e672b6f32.debug
drwxr-xr-x root/root         0 2013-03-22 14:16 ./usr/share/
drwxr-xr-x root/root         0 2013-03-22 14:16 ./usr/share/doc/
lrwxrwxrwx root/root         0 2013-03-22 14:16 ./usr/share/doc/libposix-atfork-perl-dbgsym -> libposix-atfork-perl


libposix-atfork-perl_0.02-1_amd64.deb
-------------------------------------

 new Debian package, version 2.0.
 size 24424 bytes: control archive=868 bytes.
     464 bytes,    12 lines      control              
     672 bytes,     8 lines      md5sums              
 Package: libposix-atfork-perl
 Version: 0.02-1
 Architecture: amd64
 Maintainer: Debian Perl Group <pkg-perl-maintainers@lists.alioth.debian.org>
 Installed-Size: 83
 Depends: perl (>= 5.30.0-9), perlapi-5.30.0, libc6 (>= 2.3.2)
 Section: perl
 Priority: optional
 Homepage: http://search.cpan.org/dist/POSIX-AtFork/
 Description: hook registrations at fork(2)
  POSIX::AtFork is an interface to pthread_atfork(3), which registers
  handlers called before and after fork(2).

drwxr-xr-x root/root         0 2013-03-22 14:16 ./
drwxr-xr-x root/root         0 2013-03-22 14:16 ./usr/
drwxr-xr-x root/root         0 2013-03-22 14:16 ./usr/lib/
drwxr-xr-x root/root         0 2013-03-22 14:16 ./usr/lib/x86_64-linux-gnu/
drwxr-xr-x root/root         0 2013-03-22 14:16 ./usr/lib/x86_64-linux-gnu/perl5/
drwxr-xr-x root/root         0 2013-03-22 14:16 ./usr/lib/x86_64-linux-gnu/perl5/5.30/
drwxr-xr-x root/root         0 2013-03-22 14:16 ./usr/lib/x86_64-linux-gnu/perl5/5.30/POSIX/
-rw-r--r-- root/root      2187 2010-11-04 01:29 ./usr/lib/x86_64-linux-gnu/perl5/5.30/POSIX/AtFork.pm
drwxr-xr-x root/root         0 2013-03-22 14:16 ./usr/lib/x86_64-linux-gnu/perl5/5.30/auto/
drwxr-xr-x root/root         0 2013-03-22 14:16 ./usr/lib/x86_64-linux-gnu/perl5/5.30/auto/POSIX/
drwxr-xr-x root/root         0 2013-03-22 14:16 ./usr/lib/x86_64-linux-gnu/perl5/5.30/auto/POSIX/AtFork/
-rw-r--r-- root/root     18704 2013-03-22 14:16 ./usr/lib/x86_64-linux-gnu/perl5/5.30/auto/POSIX/AtFork/AtFork.so
drwxr-xr-x root/root         0 2013-03-22 14:16 ./usr/share/
drwxr-xr-x root/root         0 2013-03-22 14:16 ./usr/share/doc/
drwxr-xr-x root/root         0 2013-03-22 14:16 ./usr/share/doc/libposix-atfork-perl/
-rw-r--r-- root/root       989 2010-11-04 01:13 ./usr/share/doc/libposix-atfork-perl/README
-rw-r--r-- root/root      3615 2013-03-22 14:16 ./usr/share/doc/libposix-atfork-perl/buildinfo_amd64.gz
-rw-r--r-- root/root       172 2013-03-22 14:16 ./usr/share/doc/libposix-atfork-perl/changelog.Debian.gz
-rw-r--r-- root/root       384 2010-11-04 01:28 ./usr/share/doc/libposix-atfork-perl/changelog.gz
-rw-r--r-- root/root     36805 2013-03-22 13:40 ./usr/share/doc/libposix-atfork-perl/copyright
drwxr-xr-x root/root         0 2013-03-22 14:16 ./usr/share/man/
drwxr-xr-x root/root         0 2013-03-22 14:16 ./usr/share/man/man3/
-rw-r--r-- root/root      1852 2013-03-22 14:16 ./usr/share/man/man3/POSIX::AtFork.3pm.gz


+------------------------------------------------------------------------------+
| Post Build                                                                   |
+------------------------------------------------------------------------------+


+------------------------------------------------------------------------------+
| Cleanup                                                                      |
+------------------------------------------------------------------------------+

Purging /<<BUILDDIR>>
Not cleaning session: cloned chroot in use

+------------------------------------------------------------------------------+
| Summary                                                                      |
+------------------------------------------------------------------------------+

Build Architecture: amd64
Build Type: binary
Build-Space: 1124
Build-Time: 7
Distribution: unstable
Host Architecture: amd64
Install-Time: 20
Job: libposix-atfork-perl_0.02-1
Machine Architecture: amd64
Package: libposix-atfork-perl
Package-Time: 49
Source-Version: 0.02-1
Space: 1124
Status: successful
Version: 0.02-1
--------------------------------------------------------------------------------
Finished at 2020-02-24T22:12:44Z
Build needed 00:00:49, 1124k disk space
DC-Status: OK 51.079396507s
DC-Time-Estimation: 51.079396507 versus expected 234 (r/m: 3.58110345857223 ; m: 51.079396507)
