DC-Build-Header: libtext-bidi-perl 2.15-2 / 2020-02-25 13:29:54 +0000
DC-Task: type:rebuild-binarch-only source:libtext-bidi-perl version:2.15-2 chroot:unstable esttime:608 logfile:/tmp/libtext-bidi-perl_2.15-2_unstable_clang10.log modes:clang10:binarch-only
DC-Sbuild-call: su user42 -c 'sbuild -n --arch-any --apt-update -d unstable -v --no-run-lintian --chroot-setup-commands=/tmp/clang10 libtext-bidi-perl_2.15-2'
sbuild (Debian sbuild) 0.78.1 (09 February 2019) on ip-172-31-13-255.eu-central-1.compute.internal

+==============================================================================+
| libtext-bidi-perl 2.15-2 (amd64)             Tue, 25 Feb 2020 13:29:54 +0000 |
+==============================================================================+

Package: libtext-bidi-perl
Version: 2.15-2
Source Version: 2.15-2
Distribution: unstable
Machine Architecture: amd64
Host Architecture: amd64
Build Architecture: amd64
Build Type: binary

I: NOTICE: Log filtering will replace 'var/run/schroot/mount/sid-amd64-sbuild-d1d663e0-484c-46c5-b8b3-590c9e066b83' with '<<CHROOT>>'

+------------------------------------------------------------------------------+
| Chroot Setup Commands                                                        |
+------------------------------------------------------------------------------+


/tmp/clang10
------------

+ echo 'Entering customization script...'
Entering customization script...
+ CLANG_VERSION=10
+ echo 'Install of clang-10'
Install of clang-10
+ apt-get update
Get:1 http://127.0.0.1:12990/debian sid InRelease [142 kB]
Get:2 http://127.0.0.1:12990/debian sid/main Sources.diff/Index [27.9 kB]
Get:3 http://127.0.0.1:12990/debian sid/main amd64 Packages.diff/Index [27.9 kB]
Get:4 http://127.0.0.1:12990/debian sid/main Sources 2020-02-24-0823.32.pdiff [11.0 kB]
Get:5 http://127.0.0.1:12990/debian sid/main Sources 2020-02-24-1420.34.pdiff [30.2 kB]
Get:6 http://127.0.0.1:12990/debian sid/main Sources 2020-02-24-2014.03.pdiff [16.9 kB]
Get:7 http://127.0.0.1:12990/debian sid/main Sources 2020-02-25-0213.11.pdiff [23.2 kB]
Get:8 http://127.0.0.1:12990/debian sid/main Sources 2020-02-25-0815.22.pdiff [9222 B]
Get:9 http://127.0.0.1:12990/debian sid/main amd64 Packages 2020-02-24-0823.32.pdiff [15.5 kB]
Get:10 http://127.0.0.1:12990/debian sid/main amd64 Packages 2020-02-24-1420.34.pdiff [27.5 kB]
Get:11 http://127.0.0.1:12990/debian sid/main amd64 Packages 2020-02-24-2014.03.pdiff [21.6 kB]
Get:12 http://127.0.0.1:12990/debian sid/main amd64 Packages 2020-02-25-0213.11.pdiff [35.0 kB]
Get:8 http://127.0.0.1:12990/debian sid/main Sources 2020-02-25-0815.22.pdiff [9222 B]
Get:13 http://127.0.0.1:12990/debian sid/main amd64 Packages 2020-02-25-0815.22.pdiff [20.1 kB]
Get:13 http://127.0.0.1:12990/debian sid/main amd64 Packages 2020-02-25-0815.22.pdiff [20.1 kB]
Get:14 http://127.0.0.1:12990/debian sid/main Translation-en [6195 kB]
Fetched 6604 kB in 2s (3812 kB/s)
Reading package lists...
+ apt-get install --yes --no-install-recommends --force-yes clang-10 libomp-10-dev libobjc-9-dev
Reading package lists...
Building dependency tree...
The following additional packages will be installed:
  cpp-9 g++-9 gcc-9 gcc-9-base lib32gcc-s1 lib32gcc1 lib32stdc++6 libasan5
  libbsd0 libc6-i386 libclang-common-10-dev libclang-cpp10 libclang1-10
  libedit2 libgc1c2 libgcc-9-dev libllvm10 libobjc4 libomp5-10 libstdc++-9-dev
  libz3-4
Suggested packages:
  clang-10-doc gcc-9-locales g++-9-multilib gcc-9-doc gcc-9-multilib
  libomp-10-doc libstdc++-9-doc
Recommended packages:
  llvm-10-dev python3
The following NEW packages will be installed:
  clang-10 lib32gcc-s1 lib32gcc1 lib32stdc++6 libbsd0 libc6-i386
  libclang-common-10-dev libclang-cpp10 libclang1-10 libedit2 libgc1c2
  libllvm10 libobjc-9-dev libobjc4 libomp-10-dev libomp5-10 libz3-4
The following packages will be upgraded:
  cpp-9 g++-9 gcc-9 gcc-9-base libasan5 libgcc-9-dev libstdc++-9-dev
7 upgraded, 17 newly installed, 0 to remove and 2 not upgraded.
Need to get 81.5 MB of archives.
After this operation, 238 MB of additional disk space will be used.
Get:1 http://127.0.0.1:12990/debian sid/main amd64 libasan5 amd64 9.2.1-30 [389 kB]
Get:2 http://127.0.0.1:12990/debian sid/main amd64 g++-9 amd64 9.2.1-30 [10.7 MB]
Get:3 http://127.0.0.1:12990/debian sid/main amd64 gcc-9 amd64 9.2.1-30 [10.0 MB]
Get:4 http://127.0.0.1:12990/debian sid/main amd64 libstdc++-9-dev amd64 9.2.1-30 [1697 kB]
Get:5 http://127.0.0.1:12990/debian sid/main amd64 libgcc-9-dev amd64 9.2.1-30 [2349 kB]
Get:6 http://127.0.0.1:12990/debian sid/main amd64 cpp-9 amd64 9.2.1-30 [9711 kB]
Get:7 http://127.0.0.1:12990/debian sid/main amd64 gcc-9-base amd64 9.2.1-30 [196 kB]
Get:8 http://127.0.0.1:12990/debian sid/main amd64 libbsd0 amd64 0.10.0-1 [107 kB]
Get:9 http://127.0.0.1:12990/debian sid/main amd64 libedit2 amd64 3.1-20191231-1 [95.4 kB]
Get:10 http://127.0.0.1:12990/debian sid/main amd64 libz3-4 amd64 4.8.7-4 [6790 kB]
Get:11 http://127.0.0.1:12990/debian sid/main amd64 libllvm10 amd64 1:10.0.0~+rc2-1 [15.5 MB]
Get:12 http://127.0.0.1:12990/debian sid/main amd64 libclang-cpp10 amd64 1:10.0.0~+rc2-1 [9069 kB]
Get:13 http://127.0.0.1:12990/debian sid/main amd64 libgc1c2 amd64 1:7.6.4-0.4 [224 kB]
Get:14 http://127.0.0.1:12990/debian sid/main amd64 libobjc4 amd64 10-20200222-1 [41.6 kB]
Get:15 http://127.0.0.1:12990/debian sid/main amd64 libobjc-9-dev amd64 9.2.1-30 [219 kB]
Get:16 http://127.0.0.1:12990/debian sid/main amd64 libc6-i386 amd64 2.29-10 [2918 kB]
Get:17 http://127.0.0.1:12990/debian sid/main amd64 lib32gcc-s1 amd64 10-20200222-1 [49.4 kB]
Get:18 http://127.0.0.1:12990/debian sid/main amd64 lib32gcc1 amd64 1:10-20200222-1 [1104 B]
Get:19 http://127.0.0.1:12990/debian sid/main amd64 lib32stdc++6 amd64 10-20200222-1 [510 kB]
Get:20 http://127.0.0.1:12990/debian sid/main amd64 libclang-common-10-dev amd64 1:10.0.0~+rc2-1 [2782 kB]
Get:21 http://127.0.0.1:12990/debian sid/main amd64 libclang1-10 amd64 1:10.0.0~+rc2-1 [7607 kB]
Get:22 http://127.0.0.1:12990/debian sid/main amd64 clang-10 amd64 1:10.0.0~+rc2-1 [103 kB]
Get:23 http://127.0.0.1:12990/debian sid/main amd64 libomp5-10 amd64 1:10.0.0~+rc2-1 [337 kB]
Get:24 http://127.0.0.1:12990/debian sid/main amd64 libomp-10-dev amd64 1:10.0.0~+rc2-1 [84.3 kB]
debconf: delaying package configuration, since apt-utils is not installed
Fetched 81.5 MB in 1s (101 MB/s)
(Reading database ... (Reading database ... 5%(Reading database ... 10%(Reading database ... 15%(Reading database ... 20%(Reading database ... 25%(Reading database ... 30%(Reading database ... 35%(Reading database ... 40%(Reading database ... 45%(Reading database ... 50%(Reading database ... 55%(Reading database ... 60%(Reading database ... 65%(Reading database ... 70%(Reading database ... 75%(Reading database ... 80%(Reading database ... 85%(Reading database ... 90%(Reading database ... 95%(Reading database ... 100%(Reading database ... 12119 files and directories currently installed.)
Preparing to unpack .../00-libasan5_9.2.1-30_amd64.deb ...
Unpacking libasan5:amd64 (9.2.1-30) over (9.2.1-29) ...
Preparing to unpack .../01-g++-9_9.2.1-30_amd64.deb ...
Unpacking g++-9 (9.2.1-30) over (9.2.1-29) ...
Preparing to unpack .../02-gcc-9_9.2.1-30_amd64.deb ...
Unpacking gcc-9 (9.2.1-30) over (9.2.1-29) ...
Preparing to unpack .../03-libstdc++-9-dev_9.2.1-30_amd64.deb ...
Unpacking libstdc++-9-dev:amd64 (9.2.1-30) over (9.2.1-29) ...
Preparing to unpack .../04-libgcc-9-dev_9.2.1-30_amd64.deb ...
Unpacking libgcc-9-dev:amd64 (9.2.1-30) over (9.2.1-29) ...
Preparing to unpack .../05-cpp-9_9.2.1-30_amd64.deb ...
Unpacking cpp-9 (9.2.1-30) over (9.2.1-29) ...
Preparing to unpack .../06-gcc-9-base_9.2.1-30_amd64.deb ...
Unpacking gcc-9-base:amd64 (9.2.1-30) over (9.2.1-29) ...
Selecting previously unselected package libbsd0:amd64.
Preparing to unpack .../07-libbsd0_0.10.0-1_amd64.deb ...
Unpacking libbsd0:amd64 (0.10.0-1) ...
Selecting previously unselected package libedit2:amd64.
Preparing to unpack .../08-libedit2_3.1-20191231-1_amd64.deb ...
Unpacking libedit2:amd64 (3.1-20191231-1) ...
Selecting previously unselected package libz3-4:amd64.
Preparing to unpack .../09-libz3-4_4.8.7-4_amd64.deb ...
Unpacking libz3-4:amd64 (4.8.7-4) ...
Selecting previously unselected package libllvm10:amd64.
Preparing to unpack .../10-libllvm10_1%3a10.0.0~+rc2-1_amd64.deb ...
Unpacking libllvm10:amd64 (1:10.0.0~+rc2-1) ...
Selecting previously unselected package libclang-cpp10.
Preparing to unpack .../11-libclang-cpp10_1%3a10.0.0~+rc2-1_amd64.deb ...
Unpacking libclang-cpp10 (1:10.0.0~+rc2-1) ...
Selecting previously unselected package libgc1c2:amd64.
Preparing to unpack .../12-libgc1c2_1%3a7.6.4-0.4_amd64.deb ...
Unpacking libgc1c2:amd64 (1:7.6.4-0.4) ...
Selecting previously unselected package libobjc4:amd64.
Preparing to unpack .../13-libobjc4_10-20200222-1_amd64.deb ...
Unpacking libobjc4:amd64 (10-20200222-1) ...
Selecting previously unselected package libobjc-9-dev:amd64.
Preparing to unpack .../14-libobjc-9-dev_9.2.1-30_amd64.deb ...
Unpacking libobjc-9-dev:amd64 (9.2.1-30) ...
Selecting previously unselected package libc6-i386.
Preparing to unpack .../15-libc6-i386_2.29-10_amd64.deb ...
Unpacking libc6-i386 (2.29-10) ...
Selecting previously unselected package lib32gcc-s1.
Preparing to unpack .../16-lib32gcc-s1_10-20200222-1_amd64.deb ...
Unpacking lib32gcc-s1 (10-20200222-1) ...
Selecting previously unselected package lib32gcc1.
Preparing to unpack .../17-lib32gcc1_1%3a10-20200222-1_amd64.deb ...
Unpacking lib32gcc1 (1:10-20200222-1) ...
Selecting previously unselected package lib32stdc++6.
Preparing to unpack .../18-lib32stdc++6_10-20200222-1_amd64.deb ...
Unpacking lib32stdc++6 (10-20200222-1) ...
Selecting previously unselected package libclang-common-10-dev.
Preparing to unpack .../19-libclang-common-10-dev_1%3a10.0.0~+rc2-1_amd64.deb ...
Unpacking libclang-common-10-dev (1:10.0.0~+rc2-1) ...
Selecting previously unselected package libclang1-10.
Preparing to unpack .../20-libclang1-10_1%3a10.0.0~+rc2-1_amd64.deb ...
Unpacking libclang1-10 (1:10.0.0~+rc2-1) ...
Selecting previously unselected package clang-10.
Preparing to unpack .../21-clang-10_1%3a10.0.0~+rc2-1_amd64.deb ...
Unpacking clang-10 (1:10.0.0~+rc2-1) ...
Selecting previously unselected package libomp5-10:amd64.
Preparing to unpack .../22-libomp5-10_1%3a10.0.0~+rc2-1_amd64.deb ...
Unpacking libomp5-10:amd64 (1:10.0.0~+rc2-1) ...
Selecting previously unselected package libomp-10-dev.
Preparing to unpack .../23-libomp-10-dev_1%3a10.0.0~+rc2-1_amd64.deb ...
Unpacking libomp-10-dev (1:10.0.0~+rc2-1) ...
Setting up libgc1c2:amd64 (1:7.6.4-0.4) ...
Setting up libobjc4:amd64 (10-20200222-1) ...
Setting up libz3-4:amd64 (4.8.7-4) ...
Setting up libomp5-10:amd64 (1:10.0.0~+rc2-1) ...
Setting up libc6-i386 (2.29-10) ...
Setting up libbsd0:amd64 (0.10.0-1) ...
Setting up gcc-9-base:amd64 (9.2.1-30) ...
Setting up libomp-10-dev (1:10.0.0~+rc2-1) ...
Setting up libedit2:amd64 (3.1-20191231-1) ...
Setting up libllvm10:amd64 (1:10.0.0~+rc2-1) ...
Setting up libasan5:amd64 (9.2.1-30) ...
Setting up lib32gcc-s1 (10-20200222-1) ...
Setting up libclang1-10 (1:10.0.0~+rc2-1) ...
Setting up cpp-9 (9.2.1-30) ...
Setting up lib32gcc1 (1:10-20200222-1) ...
Setting up libclang-cpp10 (1:10.0.0~+rc2-1) ...
Setting up libgcc-9-dev:amd64 (9.2.1-30) ...
Setting up lib32stdc++6 (10-20200222-1) ...
Setting up libobjc-9-dev:amd64 (9.2.1-30) ...
Setting up gcc-9 (9.2.1-30) ...
Setting up libstdc++-9-dev:amd64 (9.2.1-30) ...
Setting up libclang-common-10-dev (1:10.0.0~+rc2-1) ...
Setting up g++-9 (9.2.1-30) ...
Setting up clang-10 (1:10.0.0~+rc2-1) ...
Processing triggers for libc-bin (2.29-10) ...
W: --force-yes is deprecated, use one of the options starting with --allow instead.
+ echo 'Replace gcc, g++ & cpp by clang'
Replace gcc, g++ & cpp by clang
+ VERSIONS='4.6 4.7 4.8 4.9 5 6 7 8 9 10'
+ cd /usr/bin
+ for VERSION in $VERSIONS
+ rm -f g++-4.6 gcc-4.6 cpp-4.6 gcc
+ ln -s clang++-10 g++-4.6
+ ln -s clang-10 gcc-4.6
+ ln -s clang-10 cpp-4.6
+ ln -s clang-10 gcc
+ dpkg --set-selections
+ echo 'gcc-4.6 hold'
dpkg: warning: package not in status nor available database at line 1: gcc-4.6
dpkg: warning: found unknown packages; this might mean the available database
is outdated, and needs to be updated through a frontend method;
please see the FAQ <https://wiki.debian.org/Teams/Dpkg/FAQ>
+ echo 'g++-4.6 hold'
+ dpkg --set-selections
dpkg: warning: package not in status nor available database at line 1: g++-4.6
dpkg: warning: found unknown packages; this might mean the available database
is outdated, and needs to be updated through a frontend method;
please see the FAQ <https://wiki.debian.org/Teams/Dpkg/FAQ>
+ for VERSION in $VERSIONS
+ rm -f g++-4.7 gcc-4.7 cpp-4.7 gcc
+ ln -s clang++-10 g++-4.7
+ ln -s clang-10 gcc-4.7
+ ln -s clang-10 cpp-4.7
+ ln -s clang-10 gcc
+ echo 'gcc-4.7 hold'
+ dpkg --set-selections
dpkg: warning: package not in status nor available database at line 1: gcc-4.7
dpkg: warning: found unknown packages; this might mean the available database
is outdated, and needs to be updated through a frontend method;
please see the FAQ <https://wiki.debian.org/Teams/Dpkg/FAQ>
+ echo 'g++-4.7 hold'
+ dpkg --set-selections
dpkg: warning: package not in status nor available database at line 1: g++-4.7
dpkg: warning: found unknown packages; this might mean the available database
is outdated, and needs to be updated through a frontend method;
please see the FAQ <https://wiki.debian.org/Teams/Dpkg/FAQ>
+ for VERSION in $VERSIONS
+ rm -f g++-4.8 gcc-4.8 cpp-4.8 gcc
+ ln -s clang++-10 g++-4.8
+ ln -s clang-10 gcc-4.8
+ ln -s clang-10 cpp-4.8
+ ln -s clang-10 gcc
+ echo 'gcc-4.8 hold'
+ dpkg --set-selections
dpkg: warning: package not in status nor available database at line 1: gcc-4.8
dpkg: warning: found unknown packages; this might mean the available database
is outdated, and needs to be updated through a frontend method;
please see the FAQ <https://wiki.debian.org/Teams/Dpkg/FAQ>
+ echo 'g++-4.8 hold'
+ dpkg --set-selections
dpkg: warning: package not in status nor available database at line 1: g++-4.8
dpkg: warning: found unknown packages; this might mean the available database
is outdated, and needs to be updated through a frontend method;
please see the FAQ <https://wiki.debian.org/Teams/Dpkg/FAQ>
+ for VERSION in $VERSIONS
+ rm -f g++-4.9 gcc-4.9 cpp-4.9 gcc
+ ln -s clang++-10 g++-4.9
+ ln -s clang-10 gcc-4.9
+ ln -s clang-10 cpp-4.9
+ ln -s clang-10 gcc
+ echo 'gcc-4.9 hold'
+ dpkg --set-selections
dpkg: warning: package not in status nor available database at line 1: gcc-4.9
dpkg: warning: found unknown packages; this might mean the available database
is outdated, and needs to be updated through a frontend method;
please see the FAQ <https://wiki.debian.org/Teams/Dpkg/FAQ>
+ echo 'g++-4.9 hold'
+ dpkg --set-selections
dpkg: warning: package not in status nor available database at line 1: g++-4.9
dpkg: warning: found unknown packages; this might mean the available database
is outdated, and needs to be updated through a frontend method;
please see the FAQ <https://wiki.debian.org/Teams/Dpkg/FAQ>
+ for VERSION in $VERSIONS
+ rm -f g++-5 gcc-5 cpp-5 gcc
+ ln -s clang++-10 g++-5
+ ln -s clang-10 gcc-5
+ ln -s clang-10 cpp-5
+ ln -s clang-10 gcc
+ echo 'gcc-5 hold'
+ dpkg --set-selections
dpkg: warning: package not in status nor available database at line 1: gcc-5
dpkg: warning: found unknown packages; this might mean the available database
is outdated, and needs to be updated through a frontend method;
please see the FAQ <https://wiki.debian.org/Teams/Dpkg/FAQ>
+ echo 'g++-5 hold'
+ dpkg --set-selections
dpkg: warning: package not in status nor available database at line 1: g++-5
dpkg: warning: found unknown packages; this might mean the available database
is outdated, and needs to be updated through a frontend method;
please see the FAQ <https://wiki.debian.org/Teams/Dpkg/FAQ>
+ for VERSION in $VERSIONS
+ rm -f g++-6 gcc-6 cpp-6 gcc
+ ln -s clang++-10 g++-6
+ ln -s clang-10 gcc-6
+ ln -s clang-10 cpp-6
+ ln -s clang-10 gcc
+ echo 'gcc-6 hold'
+ dpkg --set-selections
dpkg: warning: package not in status nor available database at line 1: gcc-6
dpkg: warning: found unknown packages; this might mean the available database
is outdated, and needs to be updated through a frontend method;
please see the FAQ <https://wiki.debian.org/Teams/Dpkg/FAQ>
+ echo 'g++-6 hold'
+ dpkg --set-selections
dpkg: warning: package not in status nor available database at line 1: g++-6
dpkg: warning: found unknown packages; this might mean the available database
is outdated, and needs to be updated through a frontend method;
please see the FAQ <https://wiki.debian.org/Teams/Dpkg/FAQ>
+ for VERSION in $VERSIONS
+ rm -f g++-7 gcc-7 cpp-7 gcc
+ ln -s clang++-10 g++-7
+ ln -s clang-10 gcc-7
+ ln -s clang-10 cpp-7
+ ln -s clang-10 gcc
+ echo 'gcc-7 hold'
+ dpkg --set-selections
dpkg: warning: package not in status nor available database at line 1: gcc-7
dpkg: warning: found unknown packages; this might mean the available database
is outdated, and needs to be updated through a frontend method;
please see the FAQ <https://wiki.debian.org/Teams/Dpkg/FAQ>
+ echo 'g++-7 hold'
+ dpkg --set-selections
dpkg: warning: package not in status nor available database at line 1: g++-7
dpkg: warning: found unknown packages; this might mean the available database
is outdated, and needs to be updated through a frontend method;
please see the FAQ <https://wiki.debian.org/Teams/Dpkg/FAQ>
+ for VERSION in $VERSIONS
+ rm -f g++-8 gcc-8 cpp-8 gcc
+ ln -s clang++-10 g++-8
+ ln -s clang-10 gcc-8
+ ln -s clang-10 cpp-8
+ ln -s clang-10 gcc
+ echo 'gcc-8 hold'
+ dpkg --set-selections
dpkg: warning: package not in status nor available database at line 1: gcc-8
dpkg: warning: found unknown packages; this might mean the available database
is outdated, and needs to be updated through a frontend method;
please see the FAQ <https://wiki.debian.org/Teams/Dpkg/FAQ>
+ echo 'g++-8 hold'
+ dpkg --set-selections
dpkg: warning: package not in status nor available database at line 1: g++-8
dpkg: warning: found unknown packages; this might mean the available database
is outdated, and needs to be updated through a frontend method;
please see the FAQ <https://wiki.debian.org/Teams/Dpkg/FAQ>
+ for VERSION in $VERSIONS
+ rm -f g++-9 gcc-9 cpp-9 gcc
+ ln -s clang++-10 g++-9
+ ln -s clang-10 gcc-9
+ ln -s clang-10 cpp-9
+ ln -s clang-10 gcc
+ echo 'gcc-9 hold'
+ dpkg --set-selections
+ echo 'g++-9 hold'
+ dpkg --set-selections
+ for VERSION in $VERSIONS
+ rm -f g++-10 gcc-10 cpp-10 gcc
+ ln -s clang++-10 g++-10
+ ln -s clang-10 gcc-10
+ ln -s clang-10 cpp-10
+ ln -s clang-10 gcc
+ echo 'gcc-10 hold'
+ dpkg --set-selections
dpkg: warning: package not in status nor available database at line 1: gcc-10
dpkg: warning: found unknown packages; this might mean the available database
is outdated, and needs to be updated through a frontend method;
please see the FAQ <https://wiki.debian.org/Teams/Dpkg/FAQ>
+ echo 'g++-10 hold'
+ dpkg --set-selections
dpkg: warning: package not in status nor available database at line 1: g++-10
dpkg: warning: found unknown packages; this might mean the available database
is outdated, and needs to be updated through a frontend method;
please see the FAQ <https://wiki.debian.org/Teams/Dpkg/FAQ>
+ cd -
/build/libtext-bidi-perl-KOEfY7
+ echo 'Check if gcc, g++ & cpp are actually clang'
Check if gcc, g++ & cpp are actually clang
+ gcc --version
+ grep clang
+ cpp --version
+ grep clang
+ g++ --version
+ grep clang

I: Finished running '/tmp/clang10'.

Finished processing commands.
--------------------------------------------------------------------------------
I: NOTICE: Log filtering will replace 'build/libtext-bidi-perl-KOEfY7/resolver-5U8Lfh' with '<<RESOLVERDIR>>'

+------------------------------------------------------------------------------+
| Update chroot                                                                |
+------------------------------------------------------------------------------+

Hit:1 http://127.0.0.1:12990/debian sid InRelease
Reading package lists...
Reading package lists...
Building dependency tree...
Reading state information...
Calculating upgrade...
The following packages will be upgraded:
  libgmp10 zlib1g
2 upgraded, 0 newly installed, 0 to remove and 0 not upgraded.
Need to get 343 kB of archives.
After this operation, 0 B of additional disk space will be used.
Get:1 http://127.0.0.1:12990/debian sid/main amd64 libgmp10 amd64 2:6.2.0+dfsg-4 [253 kB]
Get:2 http://127.0.0.1:12990/debian sid/main amd64 zlib1g amd64 1:1.2.11.dfsg-2 [90.4 kB]
debconf: delaying package configuration, since apt-utils is not installed
Fetched 343 kB in 0s (6298 kB/s)
(Reading database ... (Reading database ... 5%(Reading database ... 10%(Reading database ... 15%(Reading database ... 20%(Reading database ... 25%(Reading database ... 30%(Reading database ... 35%(Reading database ... 40%(Reading database ... 45%(Reading database ... 50%(Reading database ... 55%(Reading database ... 60%(Reading database ... 65%(Reading database ... 70%(Reading database ... 75%(Reading database ... 80%(Reading database ... 85%(Reading database ... 90%(Reading database ... 95%(Reading database ... 100%(Reading database ... 12960 files and directories currently installed.)
Preparing to unpack .../libgmp10_2%3a6.2.0+dfsg-4_amd64.deb ...
Unpacking libgmp10:amd64 (2:6.2.0+dfsg-4) over (2:6.2.0+dfsg-3) ...
Setting up libgmp10:amd64 (2:6.2.0+dfsg-4) ...
(Reading database ... (Reading database ... 5%(Reading database ... 10%(Reading database ... 15%(Reading database ... 20%(Reading database ... 25%(Reading database ... 30%(Reading database ... 35%(Reading database ... 40%(Reading database ... 45%(Reading database ... 50%(Reading database ... 55%(Reading database ... 60%(Reading database ... 65%(Reading database ... 70%(Reading database ... 75%(Reading database ... 80%(Reading database ... 85%(Reading database ... 90%(Reading database ... 95%(Reading database ... 100%(Reading database ... 12960 files and directories currently installed.)
Preparing to unpack .../zlib1g_1%3a1.2.11.dfsg-2_amd64.deb ...
Unpacking zlib1g:amd64 (1:1.2.11.dfsg-2) over (1:1.2.11.dfsg-1.2) ...
Setting up zlib1g:amd64 (1:1.2.11.dfsg-2) ...
Processing triggers for libc-bin (2.29-10) ...

+------------------------------------------------------------------------------+
| Fetch source files                                                           |
+------------------------------------------------------------------------------+


Check APT
---------

Checking available source versions...

Download source files with APT
------------------------------

Reading package lists...
NOTICE: 'libtext-bidi-perl' packaging is maintained in the 'Git' version control system at:
https://salsa.debian.org/perl-team/modules/packages/libtext-bidi-perl.git
Please use:
git clone https://salsa.debian.org/perl-team/modules/packages/libtext-bidi-perl.git
to retrieve the latest (possibly unreleased) updates to the package.
Need to get 1038 kB of source archives.
Get:1 http://127.0.0.1:12990/debian sid/main libtext-bidi-perl 2.15-2 (dsc) [2513 B]
Get:2 http://127.0.0.1:12990/debian sid/main libtext-bidi-perl 2.15-2 (tar) [1029 kB]
Get:3 http://127.0.0.1:12990/debian sid/main libtext-bidi-perl 2.15-2 (diff) [6168 B]
Fetched 1038 kB in 0s (9985 kB/s)
Download complete and in download only mode
I: NOTICE: Log filtering will replace 'build/libtext-bidi-perl-KOEfY7/libtext-bidi-perl-2.15' with '<<PKGBUILDDIR>>'
I: NOTICE: Log filtering will replace 'build/libtext-bidi-perl-KOEfY7' with '<<BUILDDIR>>'

+------------------------------------------------------------------------------+
| Install package build dependencies                                           |
+------------------------------------------------------------------------------+


Setup apt archive
-----------------

Merged Build-Depends: debhelper-compat (= 12), dh-exec, libextutils-pkgconfig-perl, libfribidi-dev (>= 1.0), libtest-pod-perl, perl-xs-dev, perl, swig, build-essential, fakeroot
Filtered Build-Depends: debhelper-compat (= 12), dh-exec, libextutils-pkgconfig-perl, libfribidi-dev (>= 1.0), libtest-pod-perl, perl-xs-dev, perl, swig, build-essential, fakeroot
dpkg-deb: building package 'sbuild-build-depends-main-dummy' in '/<<RESOLVERDIR>>/apt_archive/sbuild-build-depends-main-dummy.deb'.
Ign:1 copy:/<<RESOLVERDIR>>/apt_archive ./ InRelease
Get:2 copy:/<<RESOLVERDIR>>/apt_archive ./ Release [957 B]
Ign:3 copy:/<<RESOLVERDIR>>/apt_archive ./ Release.gpg
Get:4 copy:/<<RESOLVERDIR>>/apt_archive ./ Sources [440 B]
Get:5 copy:/<<RESOLVERDIR>>/apt_archive ./ Packages [515 B]
Fetched 1912 B in 0s (0 B/s)
Reading package lists...
Reading package lists...

Install main build dependencies (apt-based resolver)
----------------------------------------------------

Installing build dependencies
Reading package lists...
Building dependency tree...
Reading state information...
The following additional packages will be installed:
  autoconf automake autopoint autotools-dev bsdmainutils debhelper
  dh-autoreconf dh-exec dh-strip-nondeterminism dwz file gettext gettext-base
  groff-base intltool-debian libarchive-zip-perl libcroco3 libdebhelper-perl
  libelf1 libextutils-pkgconfig-perl libfile-stripnondeterminism-perl
  libfribidi-dev libfribidi0 libglib2.0-0 libicu63 libmagic-mgc libmagic1
  libperl-dev libpipeline1 libsigsegv2 libsub-override-perl libtest-pod-perl
  libtool libuchardet0 libxml2 m4 man-db pkg-config po-debconf sensible-utils
  swig swig4.0
Suggested packages:
  autoconf-archive gnu-standards autoconf-doc wamerican | wordlist whois
  vacation dh-make gettext-doc libasprintf-dev libgettextpo-dev groff
  libtool-doc gfortran | fortran95-compiler gcj-jdk m4-doc apparmor less
  www-browser libmail-box-perl swig-doc swig-examples swig4.0-examples
  swig4.0-doc
Recommended packages:
  curl | wget | lynx libarchive-cpio-perl libglib2.0-data shared-mime-info
  xdg-user-dirs libltdl-dev libmail-sendmail-perl
The following NEW packages will be installed:
  autoconf automake autopoint autotools-dev bsdmainutils debhelper
  dh-autoreconf dh-exec dh-strip-nondeterminism dwz file gettext gettext-base
  groff-base intltool-debian libarchive-zip-perl libcroco3 libdebhelper-perl
  libelf1 libextutils-pkgconfig-perl libfile-stripnondeterminism-perl
  libfribidi-dev libfribidi0 libglib2.0-0 libicu63 libmagic-mgc libmagic1
  libperl-dev libpipeline1 libsigsegv2 libsub-override-perl libtest-pod-perl
  libtool libuchardet0 libxml2 m4 man-db pkg-config po-debconf
  sbuild-build-depends-main-dummy sensible-utils swig swig4.0
0 upgraded, 43 newly installed, 0 to remove and 0 not upgraded.
Need to get 22.2 MB of archives.
After this operation, 82.3 MB of additional disk space will be used.
Get:1 copy:/<<RESOLVERDIR>>/apt_archive ./ sbuild-build-depends-main-dummy 0.invalid.0 [940 B]
Get:2 http://127.0.0.1:12990/debian sid/main amd64 bsdmainutils amd64 11.1.2+b1 [191 kB]
Get:3 http://127.0.0.1:12990/debian sid/main amd64 libuchardet0 amd64 0.0.6-3 [64.9 kB]
Get:4 http://127.0.0.1:12990/debian sid/main amd64 groff-base amd64 1.22.4-4 [919 kB]
Get:5 http://127.0.0.1:12990/debian sid/main amd64 libpipeline1 amd64 1.5.2-2 [33.9 kB]
Get:6 http://127.0.0.1:12990/debian sid/main amd64 man-db amd64 2.9.0-2 [1307 kB]
Get:7 http://127.0.0.1:12990/debian sid/main amd64 sensible-utils all 0.0.12+nmu1 [16.0 kB]
Get:8 http://127.0.0.1:12990/debian sid/main amd64 libmagic-mgc amd64 1:5.38-4 [262 kB]
Get:9 http://127.0.0.1:12990/debian sid/main amd64 libmagic1 amd64 1:5.38-4 [120 kB]
Get:10 http://127.0.0.1:12990/debian sid/main amd64 file amd64 1:5.38-4 [67.9 kB]
Get:11 http://127.0.0.1:12990/debian sid/main amd64 gettext-base amd64 0.19.8.1-10 [123 kB]
Get:12 http://127.0.0.1:12990/debian sid/main amd64 libsigsegv2 amd64 2.12-2 [32.8 kB]
Get:13 http://127.0.0.1:12990/debian sid/main amd64 m4 amd64 1.4.18-4 [203 kB]
Get:14 http://127.0.0.1:12990/debian sid/main amd64 autoconf all 2.69-11.1 [341 kB]
Get:15 http://127.0.0.1:12990/debian sid/main amd64 autotools-dev all 20180224.1 [77.0 kB]
Get:16 http://127.0.0.1:12990/debian sid/main amd64 automake all 1:1.16.1-4 [771 kB]
Get:17 http://127.0.0.1:12990/debian sid/main amd64 autopoint all 0.19.8.1-10 [435 kB]
Get:18 http://127.0.0.1:12990/debian sid/main amd64 libtool all 2.4.6-13 [513 kB]
Get:19 http://127.0.0.1:12990/debian sid/main amd64 dh-autoreconf all 19 [16.9 kB]
Get:20 http://127.0.0.1:12990/debian sid/main amd64 libdebhelper-perl all 12.9 [183 kB]
Get:21 http://127.0.0.1:12990/debian sid/main amd64 libarchive-zip-perl all 1.67-1 [104 kB]
Get:22 http://127.0.0.1:12990/debian sid/main amd64 libsub-override-perl all 0.09-2 [10.2 kB]
Get:23 http://127.0.0.1:12990/debian sid/main amd64 libfile-stripnondeterminism-perl all 1.6.3-2 [23.7 kB]
Get:24 http://127.0.0.1:12990/debian sid/main amd64 dh-strip-nondeterminism all 1.6.3-2 [14.7 kB]
Get:25 http://127.0.0.1:12990/debian sid/main amd64 libelf1 amd64 0.176-1.1 [161 kB]
Get:26 http://127.0.0.1:12990/debian sid/main amd64 dwz amd64 0.13-5 [151 kB]
Get:27 http://127.0.0.1:12990/debian sid/main amd64 libglib2.0-0 amd64 2.62.4-2 [1319 kB]
Get:28 http://127.0.0.1:12990/debian sid/main amd64 libicu63 amd64 63.2-2 [8301 kB]
Get:29 http://127.0.0.1:12990/debian sid/main amd64 libxml2 amd64 2.9.10+dfsg-3 [709 kB]
Get:30 http://127.0.0.1:12990/debian sid/main amd64 libcroco3 amd64 0.6.13-1 [146 kB]
Get:31 http://127.0.0.1:12990/debian sid/main amd64 gettext amd64 0.19.8.1-10 [1303 kB]
Get:32 http://127.0.0.1:12990/debian sid/main amd64 intltool-debian all 0.35.0+20060710.5 [26.8 kB]
Get:33 http://127.0.0.1:12990/debian sid/main amd64 po-debconf all 1.0.21 [248 kB]
Get:34 http://127.0.0.1:12990/debian sid/main amd64 debhelper all 12.9 [994 kB]
Get:35 http://127.0.0.1:12990/debian sid/main amd64 dh-exec amd64 0.23.2 [26.6 kB]
Get:36 http://127.0.0.1:12990/debian sid/main amd64 pkg-config amd64 0.29-6 [63.5 kB]
Get:37 http://127.0.0.1:12990/debian sid/main amd64 libextutils-pkgconfig-perl all 1.16-1 [10.7 kB]
Get:38 http://127.0.0.1:12990/debian sid/main amd64 libfribidi0 amd64 1.0.8-2 [64.8 kB]
Get:39 http://127.0.0.1:12990/debian sid/main amd64 libfribidi-dev amd64 1.0.8-2 [105 kB]
Get:40 http://127.0.0.1:12990/debian sid/main amd64 libperl-dev amd64 5.30.0-9 [1032 kB]
Get:41 http://127.0.0.1:12990/debian sid/main amd64 libtest-pod-perl all 1.52-1 [14.2 kB]
Get:42 http://127.0.0.1:12990/debian sid/main amd64 swig4.0 amd64 4.0.1-5 [1402 kB]
Get:43 http://127.0.0.1:12990/debian sid/main amd64 swig all 4.0.1-5 [329 kB]
debconf: delaying package configuration, since apt-utils is not installed
Fetched 22.2 MB in 0s (85.2 MB/s)
Selecting previously unselected package bsdmainutils.
(Reading database ... 12960 files and directories currently installed.)
Preparing to unpack .../00-bsdmainutils_11.1.2+b1_amd64.deb ...
Unpacking bsdmainutils (11.1.2+b1) ...
Selecting previously unselected package libuchardet0:amd64.
Preparing to unpack .../01-libuchardet0_0.0.6-3_amd64.deb ...
Unpacking libuchardet0:amd64 (0.0.6-3) ...
Selecting previously unselected package groff-base.
Preparing to unpack .../02-groff-base_1.22.4-4_amd64.deb ...
Unpacking groff-base (1.22.4-4) ...
Selecting previously unselected package libpipeline1:amd64.
Preparing to unpack .../03-libpipeline1_1.5.2-2_amd64.deb ...
Unpacking libpipeline1:amd64 (1.5.2-2) ...
Selecting previously unselected package man-db.
Preparing to unpack .../04-man-db_2.9.0-2_amd64.deb ...
Unpacking man-db (2.9.0-2) ...
Selecting previously unselected package sensible-utils.
Preparing to unpack .../05-sensible-utils_0.0.12+nmu1_all.deb ...
Unpacking sensible-utils (0.0.12+nmu1) ...
Selecting previously unselected package libmagic-mgc.
Preparing to unpack .../06-libmagic-mgc_1%3a5.38-4_amd64.deb ...
Unpacking libmagic-mgc (1:5.38-4) ...
Selecting previously unselected package libmagic1:amd64.
Preparing to unpack .../07-libmagic1_1%3a5.38-4_amd64.deb ...
Unpacking libmagic1:amd64 (1:5.38-4) ...
Selecting previously unselected package file.
Preparing to unpack .../08-file_1%3a5.38-4_amd64.deb ...
Unpacking file (1:5.38-4) ...
Selecting previously unselected package gettext-base.
Preparing to unpack .../09-gettext-base_0.19.8.1-10_amd64.deb ...
Unpacking gettext-base (0.19.8.1-10) ...
Selecting previously unselected package libsigsegv2:amd64.
Preparing to unpack .../10-libsigsegv2_2.12-2_amd64.deb ...
Unpacking libsigsegv2:amd64 (2.12-2) ...
Selecting previously unselected package m4.
Preparing to unpack .../11-m4_1.4.18-4_amd64.deb ...
Unpacking m4 (1.4.18-4) ...
Selecting previously unselected package autoconf.
Preparing to unpack .../12-autoconf_2.69-11.1_all.deb ...
Unpacking autoconf (2.69-11.1) ...
Selecting previously unselected package autotools-dev.
Preparing to unpack .../13-autotools-dev_20180224.1_all.deb ...
Unpacking autotools-dev (20180224.1) ...
Selecting previously unselected package automake.
Preparing to unpack .../14-automake_1%3a1.16.1-4_all.deb ...
Unpacking automake (1:1.16.1-4) ...
Selecting previously unselected package autopoint.
Preparing to unpack .../15-autopoint_0.19.8.1-10_all.deb ...
Unpacking autopoint (0.19.8.1-10) ...
Selecting previously unselected package libtool.
Preparing to unpack .../16-libtool_2.4.6-13_all.deb ...
Unpacking libtool (2.4.6-13) ...
Selecting previously unselected package dh-autoreconf.
Preparing to unpack .../17-dh-autoreconf_19_all.deb ...
Unpacking dh-autoreconf (19) ...
Selecting previously unselected package libdebhelper-perl.
Preparing to unpack .../18-libdebhelper-perl_12.9_all.deb ...
Unpacking libdebhelper-perl (12.9) ...
Selecting previously unselected package libarchive-zip-perl.
Preparing to unpack .../19-libarchive-zip-perl_1.67-1_all.deb ...
Unpacking libarchive-zip-perl (1.67-1) ...
Selecting previously unselected package libsub-override-perl.
Preparing to unpack .../20-libsub-override-perl_0.09-2_all.deb ...
Unpacking libsub-override-perl (0.09-2) ...
Selecting previously unselected package libfile-stripnondeterminism-perl.
Preparing to unpack .../21-libfile-stripnondeterminism-perl_1.6.3-2_all.deb ...
Unpacking libfile-stripnondeterminism-perl (1.6.3-2) ...
Selecting previously unselected package dh-strip-nondeterminism.
Preparing to unpack .../22-dh-strip-nondeterminism_1.6.3-2_all.deb ...
Unpacking dh-strip-nondeterminism (1.6.3-2) ...
Selecting previously unselected package libelf1:amd64.
Preparing to unpack .../23-libelf1_0.176-1.1_amd64.deb ...
Unpacking libelf1:amd64 (0.176-1.1) ...
Selecting previously unselected package dwz.
Preparing to unpack .../24-dwz_0.13-5_amd64.deb ...
Unpacking dwz (0.13-5) ...
Selecting previously unselected package libglib2.0-0:amd64.
Preparing to unpack .../25-libglib2.0-0_2.62.4-2_amd64.deb ...
Unpacking libglib2.0-0:amd64 (2.62.4-2) ...
Selecting previously unselected package libicu63:amd64.
Preparing to unpack .../26-libicu63_63.2-2_amd64.deb ...
Unpacking libicu63:amd64 (63.2-2) ...
Selecting previously unselected package libxml2:amd64.
Preparing to unpack .../27-libxml2_2.9.10+dfsg-3_amd64.deb ...
Unpacking libxml2:amd64 (2.9.10+dfsg-3) ...
Selecting previously unselected package libcroco3:amd64.
Preparing to unpack .../28-libcroco3_0.6.13-1_amd64.deb ...
Unpacking libcroco3:amd64 (0.6.13-1) ...
Selecting previously unselected package gettext.
Preparing to unpack .../29-gettext_0.19.8.1-10_amd64.deb ...
Unpacking gettext (0.19.8.1-10) ...
Selecting previously unselected package intltool-debian.
Preparing to unpack .../30-intltool-debian_0.35.0+20060710.5_all.deb ...
Unpacking intltool-debian (0.35.0+20060710.5) ...
Selecting previously unselected package po-debconf.
Preparing to unpack .../31-po-debconf_1.0.21_all.deb ...
Unpacking po-debconf (1.0.21) ...
Selecting previously unselected package debhelper.
Preparing to unpack .../32-debhelper_12.9_all.deb ...
Unpacking debhelper (12.9) ...
Selecting previously unselected package dh-exec.
Preparing to unpack .../33-dh-exec_0.23.2_amd64.deb ...
Unpacking dh-exec (0.23.2) ...
Selecting previously unselected package pkg-config.
Preparing to unpack .../34-pkg-config_0.29-6_amd64.deb ...
Unpacking pkg-config (0.29-6) ...
Selecting previously unselected package libextutils-pkgconfig-perl.
Preparing to unpack .../35-libextutils-pkgconfig-perl_1.16-1_all.deb ...
Unpacking libextutils-pkgconfig-perl (1.16-1) ...
Selecting previously unselected package libfribidi0:amd64.
Preparing to unpack .../36-libfribidi0_1.0.8-2_amd64.deb ...
Unpacking libfribidi0:amd64 (1.0.8-2) ...
Selecting previously unselected package libfribidi-dev:amd64.
Preparing to unpack .../37-libfribidi-dev_1.0.8-2_amd64.deb ...
Unpacking libfribidi-dev:amd64 (1.0.8-2) ...
Selecting previously unselected package libperl-dev:amd64.
Preparing to unpack .../38-libperl-dev_5.30.0-9_amd64.deb ...
Unpacking libperl-dev:amd64 (5.30.0-9) ...
Selecting previously unselected package libtest-pod-perl.
Preparing to unpack .../39-libtest-pod-perl_1.52-1_all.deb ...
Unpacking libtest-pod-perl (1.52-1) ...
Selecting previously unselected package swig4.0.
Preparing to unpack .../40-swig4.0_4.0.1-5_amd64.deb ...
Unpacking swig4.0 (4.0.1-5) ...
Selecting previously unselected package swig.
Preparing to unpack .../41-swig_4.0.1-5_all.deb ...
Unpacking swig (4.0.1-5) ...
Selecting previously unselected package sbuild-build-depends-main-dummy.
Preparing to unpack .../42-sbuild-build-depends-main-dummy_0.invalid.0_amd64.deb ...
Unpacking sbuild-build-depends-main-dummy (0.invalid.0) ...
Setting up libpipeline1:amd64 (1.5.2-2) ...
Setting up libmagic-mgc (1:5.38-4) ...
Setting up libarchive-zip-perl (1.67-1) ...
Setting up libglib2.0-0:amd64 (2.62.4-2) ...
No schema files found: doing nothing.
Setting up libdebhelper-perl (12.9) ...
Setting up libtest-pod-perl (1.52-1) ...
Setting up libmagic1:amd64 (1:5.38-4) ...
Setting up gettext-base (0.19.8.1-10) ...
Setting up libperl-dev:amd64 (5.30.0-9) ...
Setting up file (1:5.38-4) ...
Setting up libicu63:amd64 (63.2-2) ...
Setting up autotools-dev (20180224.1) ...
Setting up libsigsegv2:amd64 (2.12-2) ...
Setting up libfribidi0:amd64 (1.0.8-2) ...
Setting up bsdmainutils (11.1.2+b1) ...
update-alternatives: using /usr/bin/bsd-write to provide /usr/bin/write (write) in auto mode
update-alternatives: using /usr/bin/bsd-from to provide /usr/bin/from (from) in auto mode
Setting up autopoint (0.19.8.1-10) ...
Setting up pkg-config (0.29-6) ...
Setting up sensible-utils (0.0.12+nmu1) ...
Setting up libuchardet0:amd64 (0.0.6-3) ...
Setting up libsub-override-perl (0.09-2) ...
Setting up swig4.0 (4.0.1-5) ...
Setting up libelf1:amd64 (0.176-1.1) ...
Setting up libxml2:amd64 (2.9.10+dfsg-3) ...
Setting up libfile-stripnondeterminism-perl (1.6.3-2) ...
Setting up swig (4.0.1-5) ...
Setting up libtool (2.4.6-13) ...
Setting up libextutils-pkgconfig-perl (1.16-1) ...
Setting up libfribidi-dev:amd64 (1.0.8-2) ...
Setting up m4 (1.4.18-4) ...
Setting up libcroco3:amd64 (0.6.13-1) ...
Setting up autoconf (2.69-11.1) ...
Setting up dh-strip-nondeterminism (1.6.3-2) ...
Setting up dwz (0.13-5) ...
Setting up groff-base (1.22.4-4) ...
Setting up automake (1:1.16.1-4) ...
update-alternatives: using /usr/bin/automake-1.16 to provide /usr/bin/automake (automake) in auto mode
Setting up gettext (0.19.8.1-10) ...
Setting up man-db (2.9.0-2) ...
Not building database; man-db/auto-update is not 'true'.
Setting up intltool-debian (0.35.0+20060710.5) ...
Setting up po-debconf (1.0.21) ...
Setting up dh-autoreconf (19) ...
Setting up debhelper (12.9) ...
Setting up dh-exec (0.23.2) ...
Setting up sbuild-build-depends-main-dummy (0.invalid.0) ...
Processing triggers for libc-bin (2.29-10) ...

+------------------------------------------------------------------------------+
| Check architectures                                                          |
+------------------------------------------------------------------------------+

Arch check ok (amd64 included in any)

+------------------------------------------------------------------------------+
| Build environment                                                            |
+------------------------------------------------------------------------------+

Kernel: Linux 4.19.0-6-cloud-amd64 #1 SMP Debian 4.19.67-2+deb10u2 (2019-11-11) amd64 (x86_64)
Toolchain package versions: binutils_2.34-3 dpkg-dev_1.19.7 g++-9_9.2.1-30 gcc-9_9.2.1-30 libc6-dev_2.29-10 libstdc++-9-dev_9.2.1-30 libstdc++6_10-20200222-1 linux-libc-dev_5.4.19-1
Package versions: adduser_3.118 apt_1.8.4 autoconf_2.69-11.1 automake_1:1.16.1-4 autopoint_0.19.8.1-10 autotools-dev_20180224.1 base-files_11 base-passwd_3.5.47 bash_5.0-5 binutils_2.34-3 binutils-common_2.34-3 binutils-x86-64-linux-gnu_2.34-3 bsdmainutils_11.1.2+b1 bsdutils_1:2.34-0.1 build-essential_12.8 bzip2_1.0.8-2 clang-10_1:10.0.0~+rc2-1 coreutils_8.30-3+b1 cpp_4:9.2.1-3.1 cpp-9_9.2.1-30 dash_0.5.10.2-6 debconf_1.5.73 debhelper_12.9 debian-archive-keyring_2019.1 debianutils_4.9.1 dh-autoreconf_19 dh-exec_0.23.2 dh-strip-nondeterminism_1.6.3-2 diffutils_1:3.7-3 dpkg_1.19.7 dpkg-dev_1.19.7 dwz_0.13-5 e2fsprogs_1.45.5-2 fakeroot_1.24-1 fdisk_2.34-0.1 file_1:5.38-4 findutils_4.7.0-1 g++_4:9.2.1-3.1 g++-9_9.2.1-30 gcc_4:9.2.1-3.1 gcc-10-base_10-20200222-1 gcc-9_9.2.1-30 gcc-9-base_9.2.1-30 gettext_0.19.8.1-10 gettext-base_0.19.8.1-10 gpgv_2.2.19-1 grep_3.4-1 groff-base_1.22.4-4 gzip_1.9-3+b1 hostname_3.23 init-system-helpers_1.57 intltool-debian_0.35.0+20060710.5 lib32gcc-s1_10-20200222-1 lib32gcc1_1:10-20200222-1 lib32stdc++6_10-20200222-1 libacl1_2.2.53-5 libapt-pkg5.0_1.8.4 libarchive-zip-perl_1.67-1 libasan5_9.2.1-30 libatomic1_10-20200222-1 libattr1_1:2.4.48-5 libaudit-common_1:2.8.5-2 libaudit1_1:2.8.5-2+b1 libbinutils_2.34-3 libblkid1_2.34-0.1 libbsd0_0.10.0-1 libbz2-1.0_1.0.8-2 libc-bin_2.29-10 libc-dev-bin_2.29-10 libc6_2.29-10 libc6-dev_2.29-10 libc6-i386_2.29-10 libcap-ng0_0.7.9-2.1+b1 libcc1-0_10-20200222-1 libclang-common-10-dev_1:10.0.0~+rc2-1 libclang-cpp10_1:10.0.0~+rc2-1 libclang1-10_1:10.0.0~+rc2-1 libcom-err2_1.45.5-2 libcroco3_0.6.13-1 libcrypt-dev_1:4.4.10-10 libcrypt1_1:4.4.10-10 libctf-nobfd0_2.34-3 libctf0_2.34-3 libdb5.3_5.3.28+dfsg1-0.6 libdebconfclient0_0.251 libdebhelper-perl_12.9 libdpkg-perl_1.19.7 libedit2_3.1-20191231-1 libelf1_0.176-1.1 libext2fs2_1.45.5-2 libextutils-pkgconfig-perl_1.16-1 libfakeroot_1.24-1 libfdisk1_2.34-0.1 libffi7_3.3-3 libfile-stripnondeterminism-perl_1.6.3-2 libfribidi-dev_1.0.8-2 libfribidi0_1.0.8-2 libgc1c2_1:7.6.4-0.4 libgcc-9-dev_9.2.1-30 libgcc-s1_10-20200222-1 libgcc1_1:10-20200222-1 libgcrypt20_1.8.5-5 libgdbm-compat4_1.18.1-5 libgdbm6_1.18.1-5 libglib2.0-0_2.62.4-2 libgmp10_2:6.2.0+dfsg-4 libgnutls30_3.6.12-2 libgomp1_10-20200222-1 libgpg-error0_1.37-1 libhogweed5_3.5.1+really3.5.1-2 libicu63_63.2-2 libidn2-0_2.2.0-2 libisl22_0.22.1-1 libitm1_10-20200222-1 libllvm10_1:10.0.0~+rc2-1 liblsan0_10-20200222-1 liblz4-1_1.9.2-2 liblzma5_5.2.4-1+b1 libmagic-mgc_1:5.38-4 libmagic1_1:5.38-4 libmount1_2.34-0.1 libmpc3_1.1.0-1 libmpfr6_4.0.2-1 libncursesw6_6.1+20191019-1 libnettle7_3.5.1+really3.5.1-2 libobjc-9-dev_9.2.1-30 libobjc4_10-20200222-1 libomp-10-dev_1:10.0.0~+rc2-1 libomp5-10_1:10.0.0~+rc2-1 libp11-kit0_0.23.20-1 libpam-modules_1.3.1-5 libpam-modules-bin_1.3.1-5 libpam-runtime_1.3.1-5 libpam0g_1.3.1-5 libpcre2-8-0_10.34-7 libpcre3_2:8.39-12+b1 libperl-dev_5.30.0-9 libperl5.30_5.30.0-9 libpipeline1_1.5.2-2 libquadmath0_10-20200222-1 libseccomp2_2.4.2-2 libselinux1_3.0-1+b1 libsemanage-common_3.0-1 libsemanage1_3.0-1+b1 libsepol1_3.0-1 libsigsegv2_2.12-2 libsmartcols1_2.34-0.1 libss2_1.45.5-2 libstdc++-9-dev_9.2.1-30 libstdc++6_10-20200222-1 libsub-override-perl_0.09-2 libsystemd0_244.3-1 libtasn1-6_4.16.0-2 libtest-pod-perl_1.52-1 libtinfo6_6.1+20191019-1 libtool_2.4.6-13 libtsan0_10-20200222-1 libubsan1_10-20200222-1 libuchardet0_0.0.6-3 libudev1_244.3-1 libunistring2_0.9.10-2 libuuid1_2.34-0.1 libxml2_2.9.10+dfsg-3 libz3-4_4.8.7-4 libzstd1_1.4.4+dfsg-3 linux-libc-dev_5.4.19-1 login_1:4.8.1-1 logsave_1.45.5-2 lsb-base_11.1.0 m4_1.4.18-4 make_4.2.1-1.2 man-db_2.9.0-2 mawk_1.3.4.20200120-2 mount_2.34-0.1 ncurses-base_6.1+20191019-1 ncurses-bin_6.1+20191019-1 passwd_1:4.8.1-1 patch_2.7.6-6 perl_5.30.0-9 perl-base_5.30.0-9 perl-modules-5.30_5.30.0-9 pkg-config_0.29-6 po-debconf_1.0.21 sbuild-build-depends-main-dummy_0.invalid.0 sed_4.7-1 sensible-utils_0.0.12+nmu1 swig_4.0.1-5 swig4.0_4.0.1-5 sysvinit-utils_2.96-2.1 tar_1.30+dfsg-6+b1 tzdata_2019c-3 util-linux_2.34-0.1 xz-utils_5.2.4-1+b1 zlib1g_1:1.2.11.dfsg-2

+------------------------------------------------------------------------------+
| Build                                                                        |
+------------------------------------------------------------------------------+


Unpack source
-------------

-----BEGIN PGP SIGNED MESSAGE-----
Hash: SHA512

Format: 3.0 (quilt)
Source: libtext-bidi-perl
Binary: libtext-bidi-perl
Architecture: any
Version: 2.15-2
Maintainer: Debian Perl Group <pkg-perl-maintainers@lists.alioth.debian.org>
Uploaders: Lior Kaplan <kaplan@debian.org>, أحمد المحمودي (Ahmed El-Mahmoudy) <aelmahmoudy@sabily.org>
Homepage: https://metacpan.org/release/Text-Bidi
Standards-Version: 4.4.1
Vcs-Browser: https://salsa.debian.org/perl-team/modules/packages/libtext-bidi-perl
Vcs-Git: https://salsa.debian.org/perl-team/modules/packages/libtext-bidi-perl.git
Testsuite: autopkgtest-pkg-perl
Build-Depends: debhelper-compat (= 12), dh-exec, libextutils-pkgconfig-perl, libfribidi-dev (>= 1.0), libtest-pod-perl <!nocheck>, perl-xs-dev, perl:native, swig
Package-List:
 libtext-bidi-perl deb perl optional arch=any
Checksums-Sha1:
 20cc7eb87922b903e21af24a47ea7d208d048880 1029164 libtext-bidi-perl_2.15.orig.tar.gz
 c992dc8a8fd4995ce3747c60d8cf219ccc48b569 6168 libtext-bidi-perl_2.15-2.debian.tar.xz
Checksums-Sha256:
 3518676877d446f6c20a6bac7567120b3e81f6f7f08e7db366aaf04ae2eac5f0 1029164 libtext-bidi-perl_2.15.orig.tar.gz
 5245b45cb5a2da656693c3622b5bea84adfc3dc6934a06dedbab684d67d056a9 6168 libtext-bidi-perl_2.15-2.debian.tar.xz
Files:
 eb4cec10e14affc99af66fccdd8af254 1029164 libtext-bidi-perl_2.15.orig.tar.gz
 12cc0a4d625a6ba8d9c76a0bc318bf6f 6168 libtext-bidi-perl_2.15-2.debian.tar.xz
Dgit: 8b5bbc7c66c58a9bc05fa1b8b53ba5a78f92b26d debian archive/debian/2.15-2 https://git.dgit.debian.org/libtext-bidi-perl

-----BEGIN PGP SIGNATURE-----

iQKTBAEBCgB9FiEE0eExbpOnYKgQTYX6uzpoAYZJqgYFAl3phd1fFIAAAAAALgAo
aXNzdWVyLWZwckBub3RhdGlvbnMub3BlbnBncC5maWZ0aGhvcnNlbWFuLm5ldEQx
RTEzMTZFOTNBNzYwQTgxMDREODVGQUJCM0E2ODAxODY0OUFBMDYACgkQuzpoAYZJ
qgbGvQ/+IChTh0zIyhqKpBAF6kbw57Hu1ZhGz4upVPaHxR5OA3HUQ711i3WtmcZX
knUCUBWzSY/OjcsKGxv9FtCJjXAQN3JGI+IZcMVgMZLkZhVcFGMdGB62Du+H4AB1
SkJKVIvWg0hx2Xw4aGVKDp7ee4SEizw9jqicOkUwsORjcCsPa8wDSvNozUbMtuV0
5/BHFQ5nvz2kCaALU0/Cf1GwlozXQczViQLxN9ckGUAWGQsD9rDFqbvXjh34cfM4
Phw2enjRngXuBpL08rJrxWpee8EHhhwe6W2WivdQAMXD7/NvdRo+htJgC6WVPEuj
/OlPy/8asq9021u6BKmqM+3pVsk9P5fDWKdfLqAFxJHkAzF38be/TMUj3QqLRN6p
hHa79sKlQiVCrUjZ1L6NvfNf+AJQO8ED/EJ7emlW+4+J0Pfs/WDkyI+3gSvAb6He
tt2QLb55ZQqd5btq4OSG150nxmw4MNS25m8J8hyBlQ+Z1BM4kacHbUTgxAPPHnLd
T6EVGT5NIVbi+QpSqthguvLMSq11GYUCLYjlYc8CiPtFKyZhERZrwOupqTqGevSr
7yRa04J1zZL/bX72FlmK4O+RfBDFn2MpCIe2i0Mw2Gn+pVFLW8h4wqNSQh19cbI3
JJ1mbyO/YcABg7jI6YEwn0ihPwtN8yJZ9l5XCTRZWOgxpvgwBTs=
=OvlZ
-----END PGP SIGNATURE-----

gpgv: unknown type of key resource 'trustedkeys.kbx'
gpgv: keyblock resource '/sbuild-nonexistent/.gnupg/trustedkeys.kbx': General error
gpgv: Signature made Thu Dec  5 22:34:05 2019 UTC
gpgv:                using RSA key D1E1316E93A760A8104D85FABB3A68018649AA06
gpgv: Can't check signature: No public key
dpkg-source: warning: failed to verify signature on ./libtext-bidi-perl_2.15-2.dsc
dpkg-source: info: extracting libtext-bidi-perl in /<<PKGBUILDDIR>>
dpkg-source: info: unpacking libtext-bidi-perl_2.15.orig.tar.gz
dpkg-source: info: unpacking libtext-bidi-perl_2.15-2.debian.tar.xz

Check disk space
----------------

Sufficient free space for build

User Environment
----------------

APT_CONFIG=/var/lib/sbuild/apt.conf
HOME=/sbuild-nonexistent
LANG=C.UTF-8
LC_ALL=C.UTF-8
LOGNAME=user42
PATH=/usr/local/sbin:/usr/local/bin:/usr/sbin:/usr/bin:/sbin:/bin:/usr/games
SCHROOT_ALIAS_NAME=unstable
SCHROOT_CHROOT_NAME=sid-amd64-sbuild
SCHROOT_COMMAND=env
SCHROOT_GID=1001
SCHROOT_GROUP=user42
SCHROOT_SESSION_ID=sid-amd64-sbuild-d1d663e0-484c-46c5-b8b3-590c9e066b83
SCHROOT_UID=1001
SCHROOT_USER=user42
SHELL=/bin/sh
USER=user42

dpkg-buildpackage
-----------------

Command: dpkg-buildpackage -us -uc -b -rfakeroot
dpkg-buildpackage: info: source package libtext-bidi-perl
dpkg-buildpackage: info: source version 2.15-2
dpkg-buildpackage: info: source distribution unstable
dpkg-buildpackage: info: source changed by gregor herrmann <gregoa@debian.org>
 dpkg-source --before-build .
dpkg-buildpackage: info: host architecture amd64
 fakeroot debian/rules clean
dh clean
   dh_clean
 debian/rules build
dh build
   dh_update_autotools_config
   dh_autoreconf
   dh_auto_configure
	perl Makefile.PL INSTALLDIRS=vendor "OPTIMIZE=-g -O2 -fdebug-prefix-map=/<<PKGBUILDDIR>>=. -fstack-protector-strong -Wformat -Werror=format-security -Wdate-time -D_FORTIFY_SOURCE=2" "LD=x86_64-linux-gnu-gcc -g -O2 -fdebug-prefix-map=/<<PKGBUILDDIR>>=. -fstack-protector-strong -Wformat -Werror=format-security -Wl,-z,relro -Wl,-z,now"
Checking if your kit is complete...
Warning: the following files are missing in your kit:
	lib/Text/Bidi/private.pm
	private.c
Please inform the author.
Generating a Unix-style Makefile
Writing Makefile for Text::Bidi::private
Writing MYMETA.yml and MYMETA.json
   dh_auto_build
	make -j4
make[1]: Entering directory '/<<PKGBUILDDIR>>'
/usr/bin/swig -perl -Wall -I/usr/include -I/usr/include/fribidi -outdir lib/Text/Bidi/ -o private.c swig/fribidi.i
/usr/bin/swig -perl -Wall -I/usr/include -I/usr/include/fribidi -outdir lib/Text/Bidi/ -o private.c swig/fribidi.i
Running Mkbootstrap for private ()
chmod 644 "private.bs"
"/usr/bin/perl" -MExtUtils::Command::MM -e 'cp_nonempty' -- private.bs blib/arch/auto/Text/Bidi/private/private.bs 644
/usr/include/fribidi/fribidi-unicode.h:48: Warning 451: Setting a const char * variable may leak memory.
/usr/include/fribidi/fribidi-unicode.h:48: Warning 451: Setting a const char * variable may leak memory.
swig/fribidi.i:240: Warning 451: Setting a const char * variable may leak memory.
swig/fribidi.i:240: Warning 451: Setting a const char * variable may leak memory.
x86_64-linux-gnu-gcc -c  -I/usr/include/fribidi -D_REENTRANT -D_GNU_SOURCE -DDEBIAN -fwrapv -fno-strict-aliasing -pipe -I/usr/local/include -D_LARGEFILE_SOURCE -D_FILE_OFFSET_BITS=64 -g -O2 -fdebug-prefix-map=/<<PKGBUILDDIR>>=. -fstack-protector-strong -Wformat -Werror=format-security -Wdate-time -D_FORTIFY_SOURCE=2   -DVERSION=\"2.15\" -DXS_VERSION=\"2.15\" -fPIC "-I/usr/lib/x86_64-linux-gnu/perl/5.30/CORE"   private.c
cp lib/Text/Bidi/Array/Long.pm blib/lib/Text/Bidi/Array/Long.pm
cp lib/Text/Bidi/Paragraph.pm blib/lib/Text/Bidi/Paragraph.pm
cp lib/Text/Bidi/Array/Byte.pm blib/lib/Text/Bidi/Array/Byte.pm
cp lib/Text/Bidi/private.pm blib/lib/Text/Bidi/private.pm
cp lib/Text/Bidi/Array.pm blib/lib/Text/Bidi/Array.pm
cp lib/Text/Bidi/Constants.pm blib/lib/Text/Bidi/Constants.pm
cp lib/Text/Bidi.pm blib/lib/Text/Bidi.pm
private.c:1791:65: warning: implicit conversion from 'long' to 'double' changes value from 9223372036854775807 to 9223372036854775808 [-Wimplicit-int-float-conversion]
      if (SWIG_IsOK(res) && SWIG_CanCastAsInteger(&d, LONG_MIN, LONG_MAX)) {
                            ~~~~~~~~~~~~~~~~~~~~~               ^~~~~~~~
/usr/lib/llvm-10/lib/clang/10.0.0/include/limits.h:47:19: note: expanded from macro 'LONG_MAX'
#define LONG_MAX  __LONG_MAX__
                  ^~~~~~~~~~~~
<built-in>:38:22: note: expanded from here
#define __LONG_MAX__ 9223372036854775807L
                     ^~~~~~~~~~~~~~~~~~~~
private.c:1855:58: warning: implicit conversion from 'unsigned long' to 'double' changes value from 18446744073709551615 to 18446744073709551616 [-Wimplicit-int-float-conversion]
      if (SWIG_IsOK(res) && SWIG_CanCastAsInteger(&d, 0, ULONG_MAX)) {
                            ~~~~~~~~~~~~~~~~~~~~~        ^~~~~~~~~
/usr/lib/llvm-10/lib/clang/10.0.0/include/limits.h:57:37: note: expanded from macro 'ULONG_MAX'
#define ULONG_MAX (__LONG_MAX__ *2UL+1UL)
                   ~~~~~~~~~~~~~~~~~^~~~
2 warnings generated.
rm -f blib/arch/auto/Text/Bidi/private/private.so
x86_64-linux-gnu-gcc -g -O2 -fdebug-prefix-map=/<<PKGBUILDDIR>>=. -fstack-protector-strong -Wformat -Werror=format-security -Wl,-z,relro -Wl,-z,now  -shared -L/usr/local/lib -fstack-protector-strong  private.o  -o blib/arch/auto/Text/Bidi/private/private.so  \
   -lfribidi   \
  
chmod 755 blib/arch/auto/Text/Bidi/private/private.so
cp bin/fribidi.pl blib/script/fribidi.pl
"/usr/bin/perl" -MExtUtils::MY -e 'MY->fixin(shift)' -- blib/script/fribidi.pl
Manifying 1 pod document
Manifying 7 pod documents
make[1]: Leaving directory '/<<PKGBUILDDIR>>'
   dh_auto_test
	make -j4 test TEST_VERBOSE=1
make[1]: Entering directory '/<<PKGBUILDDIR>>'
"/usr/bin/perl" -MExtUtils::Command::MM -e 'cp_nonempty' -- private.bs blib/arch/auto/Text/Bidi/private/private.bs 644
PERL_DL_NONLAZY=1 "/usr/bin/perl" "-MExtUtils::Command::MM" "-MTest::Harness" "-e" "undef *Test::Harness::Switches; test_harness(1, 'blib/lib', 'blib/arch')" t/*.t
t/00-compile.t ......... 
1..8
ok 1 - Text/Bidi.pm loaded ok
ok 2 - Text/Bidi/Array.pm loaded ok
ok 3 - Text/Bidi/Array/Byte.pm loaded ok
ok 4 - Text/Bidi/Array/Long.pm loaded ok
ok 5 - Text/Bidi/Constants.pm loaded ok
ok 6 - Text/Bidi/Paragraph.pm loaded ok
ok 7 - Text/Bidi/private.pm loaded ok
ok 8 - bin/fribidi.pl compiled ok
ok
# 
# Versions for all modules listed in MYMETA.json (including optional ones):
# 
# === Configure Requires ===
# 
#     Module              Want Have
#     ------------------- ---- ----
#     ExtUtils::MakeMaker  any 7.34
# 
# === Build Requires ===
# 
#     Module              Want Have
#     ------------------- ---- ----
#     ExtUtils::MakeMaker  any 7.34
# 
# === Test Requires ===
# 
#     Module              Want     Have
#     ------------------- ---- --------
#     Data::Dumper         any    2.174
#     ExtUtils::MakeMaker  any     7.34
#     File::Spec           any     3.78
#     File::Temp           any   0.2309
#     IO::Handle           any     1.40
#     IPC::Open3           any     1.20
#     Test::More           any 1.302162
#     charnames            any     1.45
#     version             0.77   0.9924
# 
# === Test Recommends ===
# 
#     Module         Want     Have
#     ---------- -------- --------
#     CPAN::Meta 2.120900 2.150010
# 
# === Runtime Requires ===
# 
#     Module       Want Have
#     ------------ ---- ----
#     Carp          any 1.50
#     DynaLoader    any 1.45
#     Encode        any 3.01
#     Exporter      any 5.73
#     Getopt::Long  any  2.5
#     Tie::Array    any 1.07
#     base          any 2.27
#     integer       any 1.01
#     open          any 1.11
#     overload      any 1.30
#     strict        any 1.11
#     warnings      any 1.44
# 
t/00-report-prereqs.t .. 
1..1
ok 1
ok
# libfribidi version: (GNU FriBidi) 1.0.8
# interface version 4,
# Unicode Character Database version 10.0.0,
# Configure options.
# 
# Copyright (C) 2004  Sharif FarsiWeb, Inc.
# Copyright (C) 2001, 2002, 2004, 2005  Behdad Esfahbod
# Copyright (C) 1999, 2000, 2017, 2018, 2019  Dov Grobgeld
# GNU FriBidi comes with NO WARRANTY, to the extent permitted by law.
# You may redistribute copies of GNU FriBidi under
# the terms of the GNU Lesser General Public License.
# For more information about these matters, see the file named COPYING.
# 
# Written by Behdad Esfahbod and Dov Grobgeld.
# Unicode version: 10.0.0
t/00-version.t ......... 
1..1
ok 1
ok
t/is_bidi.t ............ 
1..3
ok 1 - hebrew is bidi
ok 2 - arabic is bidi
ok 3 - latin is not bidi
ok
t/shape.t .............. 
1..3
ok 1 - default join
ok 2 - force non-join
ok 3 - force join
ok
t/ucd.t ................ 
ok 1 - 
# Levels of '"\x{202a}"' (line 219546)
#   ord of chars:8234
#   types in: LRE
#   Internal rep.: 8234
#   Determined types: LRE
#   with par dir: ON
#   computed par dir: ON
# 
ok 2 - 
# Reorder of '"\x{202a}"' (line 219546)
#   ord of chars:8234
#   types in: LRE
#   Internal rep.: 8234
#   Determined types: LRE
[...]
ok 703828 - 
# Reorder of '"\x{601}\x{603}9C"' (line 219546)
#   ord of chars:1537,1539,57,67
#   types in: AN AN EN L
#   Internal rep.: 1537,1539,57,67
#   Determined types: AN,AN,EN,LTR
#   with par dir: RTL
#   computed par dir: RTL
#   levels: 2,2,2,2
# 
ok 703829 - 
# Levels of '"\x{601}\x{602}14"' (line 219546)
#   ord of chars:1537,1538,49,52
#   types in: AN AN EN EN
#   Internal rep.: 1537,1538,49,52
#   Determined types: AN,AN,EN,EN
#   with par dir: RTL
#   computed par dir: RTL
# 
ok 703830 - 
# Reorder of '"\x{601}\x{602}14"' (line 219546)
#   ord of chars:1537,1538,49,52
#   types in: AN AN EN EN
#   Internal rep.: 1537,1538,49,52
#   Determined types: AN,AN,EN,EN
#   with par dir: RTL
#   computed par dir: RTL
#   levels: 2,2,2,2
# 
ok 703831 - 
# Levels of '"\x{602}\x{603}0\x{a3}"' (line 219546)
#   ord of chars:1538,1539,48,163
#   types in: AN AN EN ET
#   Internal rep.: 1538,1539,48,163
#   Determined types: AN,AN,EN,ET
#   with par dir: RTL
#   computed par dir: RTL
# 
ok 703832 - 
# Reorder of '"\x{602}\x{603}0\x{a3}"' (line 219546)
#   ord of chars:1538,1539,48,163
#   types in: AN AN EN ET
#   Internal rep.: 1538,1539,48,163
#   Determined types: AN,AN,EN,ET
#   with par dir: RTL
#   computed par dir: RTL
#   levels: 2,2,2,2
# 
ok 703833 - 
# Levels of '"\x{601}\x{603}6\x{604}"' (line 219546)
#   ord of chars:1537,1539,54,1540
#   types in: AN AN EN AN
#   Internal rep.: 1537,1539,54,1540
#   Determined types: AN,AN,EN,AN
#   with par dir: RTL
#   computed par dir: RTL
# 
ok 703834 - 
# Reorder of '"\x{601}\x{603}6\x{604}"' (line 219546)
#   ord of chars:1537,1539,54,1540
#   types in: AN AN EN AN
#   Internal rep.: 1537,1539,54,1540
#   Determined types: AN,AN,EN,AN
#   with par dir: RTL
#   computed par dir: RTL
#   levels: 2,2,2,2
# 
ok 703835 - 
# Levels of '"\x{600}\x{603}4\x{33c}"' (line 219546)
#   ord of chars:1536,1539,52,828
#   types in: AN AN EN NSM
#   Internal rep.: 1536,1539,52,828
#   Determined types: AN,AN,EN,NSM
#   with par dir: RTL
#   computed par dir: RTL
# 
ok 703836 - 
# Reorder of '"\x{600}\x{603}4\x{33c}"' (line 219546)
#   ord of chars:1536,1539,52,828
#   types in: AN AN EN NSM
#   Internal rep.: 1536,1539,52,828
#   Determined types: AN,AN,EN,NSM
#   with par dir: RTL
#   computed par dir: RTL
#   levels: 2,2,2,2
# 
ok 703837 - 
# Levels of '"\x{604}\x{603}\x{a2}7"' (line 219546)
#   ord of chars:1540,1539,162,55
#   types in: AN AN ET EN
#   Internal rep.: 1540,1539,162,55
#   Determined types: AN,AN,ET,EN
#   with par dir: RTL
#   computed par dir: RTL
# 
ok 703838 - 
# Reorder of '"\x{604}\x{603}\x{a2}7"' (line 219546)
#   ord of chars:1540,1539,162,55
#   types in: AN AN ET EN
#   Internal rep.: 1540,1539,162,55
#   Determined types: AN,AN,ET,EN
#   with par dir: RTL
#   computed par dir: RTL
#   levels: 2,2,2,2
# 
ok 703839 - 
# Levels of '"\x{602}\x{603}\x{604}n"' (line 219546)
#   ord of chars:1538,1539,1540,110
#   types in: AN AN AN L
#   Internal rep.: 1538,1539,1540,110
#   Determined types: AN,AN,AN,LTR
#   with par dir: RTL
#   computed par dir: RTL
# 
ok 703840 - 
# Reorder of '"\x{602}\x{603}\x{604}n"' (line 219546)
#   ord of chars:1538,1539,1540,110
#   types in: AN AN AN L
#   Internal rep.: 1538,1539,1540,110
#   Determined types: AN,AN,AN,LTR
#   with par dir: RTL
#   computed par dir: RTL
#   levels: 2,2,2,2
# 
ok 703841 - 
# Levels of '"\x{604}\x{601}\x{602}6"' (line 219546)
#   ord of chars:1540,1537,1538,54
#   types in: AN AN AN EN
#   Internal rep.: 1540,1537,1538,54
#   Determined types: AN,AN,AN,EN
#   with par dir: RTL
#   computed par dir: RTL
# 
ok 703842 - 
# Reorder of '"\x{604}\x{601}\x{602}6"' (line 219546)
#   ord of chars:1540,1537,1538,54
#   types in: AN AN AN EN
#   Internal rep.: 1540,1537,1538,54
#   Determined types: AN,AN,AN,EN
#   with par dir: RTL
#   computed par dir: RTL
#   levels: 2,2,2,2
# 
ok 703843 - 
# Levels of '"\x{604}\x{601}\x{600}\x{602}"' (line 219546)
#   ord of chars:1540,1537,1536,1538
#   types in: AN AN AN AN
#   Internal rep.: 1540,1537,1536,1538
#   Determined types: AN,AN,AN,AN
#   with par dir: ON
#   computed par dir: ON
# 
ok 703844 - 
# Reorder of '"\x{604}\x{601}\x{600}\x{602}"' (line 219546)
#   ord of chars:1540,1537,1536,1538
#   types in: AN AN AN AN
#   Internal rep.: 1540,1537,1536,1538
#   Determined types: AN,AN,AN,AN
#   with par dir: ON
#   computed par dir: ON
#   levels: 2,2,2,2
# 
ok 703845 - 
# Levels of '"\x{604}\x{601}\x{600}\x{602}"' (line 219546)
#   ord of chars:1540,1537,1536,1538
#   types in: AN AN AN AN
#   Internal rep.: 1540,1537,1536,1538
#   Determined types: AN,AN,AN,AN
#   with par dir: LTR
#   computed par dir: LTR
# 
ok 703846 - 
# Reorder of '"\x{604}\x{601}\x{600}\x{602}"' (line 219546)
#   ord of chars:1540,1537,1536,1538
#   types in: AN AN AN AN
#   Internal rep.: 1540,1537,1536,1538
#   Determined types: AN,AN,AN,AN
#   with par dir: LTR
#   computed par dir: LTR
#   levels: 2,2,2,2
# 
ok 703847 - 
# Levels of '"\x{604}\x{601}\x{600}\x{602}"' (line 219546)
#   ord of chars:1540,1537,1536,1538
#   types in: AN AN AN AN
#   Internal rep.: 1540,1537,1536,1538
#   Determined types: AN,AN,AN,AN
#   with par dir: RTL
#   computed par dir: RTL
# 
ok 703848 - 
# Reorder of '"\x{604}\x{601}\x{600}\x{602}"' (line 219546)
#   ord of chars:1540,1537,1536,1538
#   types in: AN AN AN AN
#   Internal rep.: 1540,1537,1536,1538
#   Determined types: AN,AN,AN,AN
#   with par dir: RTL
#   computed par dir: RTL
#   levels: 2,2,2,2
# 
ok 703849 - 
# Levels of '"\x{600}\x{601}\x{604}\x{361}"' (line 219546)
#   ord of chars:1536,1537,1540,865
#   types in: AN AN AN NSM
#   Internal rep.: 1536,1537,1540,865
#   Determined types: AN,AN,AN,NSM
#   with par dir: ON
#   computed par dir: ON
# 
ok 703850 - 
# Reorder of '"\x{600}\x{601}\x{604}\x{361}"' (line 219546)
#   ord of chars:1536,1537,1540,865
#   types in: AN AN AN NSM
#   Internal rep.: 1536,1537,1540,865
#   Determined types: AN,AN,AN,NSM
#   with par dir: ON
#   computed par dir: ON
#   levels: 2,2,2,2
# 
ok 703851 - 
# Levels of '"\x{600}\x{601}\x{604}\x{361}"' (line 219546)
#   ord of chars:1536,1537,1540,865
#   types in: AN AN AN NSM
#   Internal rep.: 1536,1537,1540,865
#   Determined types: AN,AN,AN,NSM
#   with par dir: LTR
#   computed par dir: LTR
# 
ok 703852 - 
# Reorder of '"\x{600}\x{601}\x{604}\x{361}"' (line 219546)
#   ord of chars:1536,1537,1540,865
#   types in: AN AN AN NSM
#   Internal rep.: 1536,1537,1540,865
#   Determined types: AN,AN,AN,NSM
#   with par dir: LTR
#   computed par dir: LTR
#   levels: 2,2,2,2
# 
ok 703853 - 
# Levels of '"\x{600}\x{601}\x{604}\x{361}"' (line 219546)
#   ord of chars:1536,1537,1540,865
#   types in: AN AN AN NSM
#   Internal rep.: 1536,1537,1540,865
#   Determined types: AN,AN,AN,NSM
#   with par dir: RTL
#   computed par dir: RTL
# 
ok 703854 - 
# Reorder of '"\x{600}\x{601}\x{604}\x{361}"' (line 219546)
#   ord of chars:1536,1537,1540,865
#   types in: AN AN AN NSM
#   Internal rep.: 1536,1537,1540,865
#   Determined types: AN,AN,AN,NSM
#   with par dir: RTL
#   computed par dir: RTL
#   levels: 2,2,2,2
# 
ok 703855 - 
# Levels of '"\x{601}\x{601},\x{602}"' (line 219546)
#   ord of chars:1537,1537,44,1538
#   types in: AN AN CS AN
#   Internal rep.: 1537,1537,44,1538
#   Determined types: AN,AN,CS,AN
#   with par dir: ON
#   computed par dir: ON
# 
ok 703856 - 
# Reorder of '"\x{601}\x{601},\x{602}"' (line 219546)
#   ord of chars:1537,1537,44,1538
#   types in: AN AN CS AN
#   Internal rep.: 1537,1537,44,1538
#   Determined types: AN,AN,CS,AN
#   with par dir: ON
#   computed par dir: ON
#   levels: 2,2,2,2
# 
ok 703857 - 
# Levels of '"\x{601}\x{601},\x{602}"' (line 219546)
#   ord of chars:1537,1537,44,1538
#   types in: AN AN CS AN
#   Internal rep.: 1537,1537,44,1538
#   Determined types: AN,AN,CS,AN
#   with par dir: LTR
#   computed par dir: LTR
# 
ok 703858 - 
# Reorder of '"\x{601}\x{601},\x{602}"' (line 219546)
#   ord of chars:1537,1537,44,1538
#   types in: AN AN CS AN
#   Internal rep.: 1537,1537,44,1538
#   Determined types: AN,AN,CS,AN
#   with par dir: LTR
#   computed par dir: LTR
#   levels: 2,2,2,2
# 
ok 703859 - 
# Levels of '"\x{601}\x{601},\x{602}"' (line 219546)
#   ord of chars:1537,1537,44,1538
#   types in: AN AN CS AN
#   Internal rep.: 1537,1537,44,1538
#   Determined types: AN,AN,CS,AN
#   with par dir: RTL
#   computed par dir: RTL
# 
ok 703860 - 
# Reorder of '"\x{601}\x{601},\x{602}"' (line 219546)
#   ord of chars:1537,1537,44,1538
#   types in: AN AN CS AN
#   Internal rep.: 1537,1537,44,1538
#   Determined types: AN,AN,CS,AN
#   with par dir: RTL
#   computed par dir: RTL
#   levels: 2,2,2,2
# 
ok 703861 - 
# Levels of '"\x{602}\x{600}\x{611}H"' (line 219546)
#   ord of chars:1538,1536,1553,72
#   types in: AN AN NSM L
#   Internal rep.: 1538,1536,1553,72
#   Determined types: AN,AN,NSM,LTR
#   with par dir: RTL
#   computed par dir: RTL
# 
ok 703862 - 
# Reorder of '"\x{602}\x{600}\x{611}H"' (line 219546)
#   ord of chars:1538,1536,1553,72
#   types in: AN AN NSM L
#   Internal rep.: 1538,1536,1553,72
#   Determined types: AN,AN,NSM,LTR
#   with par dir: RTL
#   computed par dir: RTL
#   levels: 2,2,2,2
# 
ok 703863 - 
# Levels of '"\x{604}\x{602}\x{307}8"' (line 219546)
#   ord of chars:1540,1538,775,56
#   types in: AN AN NSM EN
#   Internal rep.: 1540,1538,775,56
#   Determined types: AN,AN,NSM,EN
#   with par dir: RTL
#   computed par dir: RTL
# 
ok 703864 - 
# Reorder of '"\x{604}\x{602}\x{307}8"' (line 219546)
#   ord of chars:1540,1538,775,56
#   types in: AN AN NSM EN
#   Internal rep.: 1540,1538,775,56
#   Determined types: AN,AN,NSM,EN
#   with par dir: RTL
#   computed par dir: RTL
#   levels: 2,2,2,2
# 
ok 703865 - 
# Levels of '"\x{601}\x{600}\x{317}\x{603}"' (line 219546)
#   ord of chars:1537,1536,791,1539
#   types in: AN AN NSM AN
#   Internal rep.: 1537,1536,791,1539
#   Determined types: AN,AN,NSM,AN
#   with par dir: ON
#   computed par dir: ON
# 
ok 703866 - 
# Reorder of '"\x{601}\x{600}\x{317}\x{603}"' (line 219546)
#   ord of chars:1537,1536,791,1539
#   types in: AN AN NSM AN
#   Internal rep.: 1537,1536,791,1539
#   Determined types: AN,AN,NSM,AN
#   with par dir: ON
#   computed par dir: ON
#   levels: 2,2,2,2
# 
ok 703867 - 
# Levels of '"\x{601}\x{600}\x{317}\x{603}"' (line 219546)
#   ord of chars:1537,1536,791,1539
#   types in: AN AN NSM AN
#   Internal rep.: 1537,1536,791,1539
#   Determined types: AN,AN,NSM,AN
#   with par dir: LTR
#   computed par dir: LTR
# 
ok 703868 - 
# Reorder of '"\x{601}\x{600}\x{317}\x{603}"' (line 219546)
#   ord of chars:1537,1536,791,1539
#   types in: AN AN NSM AN
#   Internal rep.: 1537,1536,791,1539
#   Determined types: AN,AN,NSM,AN
#   with par dir: LTR
#   computed par dir: LTR
#   levels: 2,2,2,2
# 
ok 703869 - 
# Levels of '"\x{601}\x{600}\x{317}\x{603}"' (line 219546)
#   ord of chars:1537,1536,791,1539
#   types in: AN AN NSM AN
#   Internal rep.: 1537,1536,791,1539
#   Determined types: AN,AN,NSM,AN
#   with par dir: RTL
#   computed par dir: RTL
# 
ok 703870 - 
# Reorder of '"\x{601}\x{600}\x{317}\x{603}"' (line 219546)
#   ord of chars:1537,1536,791,1539
#   types in: AN AN NSM AN
#   Internal rep.: 1537,1536,791,1539
#   Determined types: AN,AN,NSM,AN
#   with par dir: RTL
#   computed par dir: RTL
#   levels: 2,2,2,2
# 
ok 703871 - 
# Levels of '"\x{601}\x{602}\x{33a}\x{329}"' (line 219546)
#   ord of chars:1537,1538,826,809
#   types in: AN AN NSM NSM
#   Internal rep.: 1537,1538,826,809
#   Determined types: AN,AN,NSM,NSM
#   with par dir: ON
#   computed par dir: ON
# 
ok 703872 - 
# Reorder of '"\x{601}\x{602}\x{33a}\x{329}"' (line 219546)
#   ord of chars:1537,1538,826,809
#   types in: AN AN NSM NSM
#   Internal rep.: 1537,1538,826,809
#   Determined types: AN,AN,NSM,NSM
#   with par dir: ON
#   computed par dir: ON
#   levels: 2,2,2,2
# 
ok 703873 - 
# Levels of '"\x{601}\x{602}\x{33a}\x{329}"' (line 219546)
#   ord of chars:1537,1538,826,809
#   types in: AN AN NSM NSM
#   Internal rep.: 1537,1538,826,809
#   Determined types: AN,AN,NSM,NSM
#   with par dir: LTR
#   computed par dir: LTR
# 
ok 703874 - 
# Reorder of '"\x{601}\x{602}\x{33a}\x{329}"' (line 219546)
#   ord of chars:1537,1538,826,809
#   types in: AN AN NSM NSM
#   Internal rep.: 1537,1538,826,809
#   Determined types: AN,AN,NSM,NSM
#   with par dir: LTR
#   computed par dir: LTR
#   levels: 2,2,2,2
# 
ok 703875 - 
# Levels of '"\x{601}\x{602}\x{33a}\x{329}"' (line 219546)
#   ord of chars:1537,1538,826,809
#   types in: AN AN NSM NSM
#   Internal rep.: 1537,1538,826,809
#   Determined types: AN,AN,NSM,NSM
#   with par dir: RTL
#   computed par dir: RTL
# 
ok 703876 - 
# Reorder of '"\x{601}\x{602}\x{33a}\x{329}"' (line 219546)
#   ord of chars:1537,1538,826,809
#   types in: AN AN NSM NSM
#   Internal rep.: 1537,1538,826,809
#   Determined types: AN,AN,NSM,NSM
#   with par dir: RTL
#   computed par dir: RTL
#   levels: 2,2,2,2
# 
ok 703877 - 
# Levels of '"\x{602},\x{603}b"' (line 219546)
#   ord of chars:1538,44,1539,98
#   types in: AN CS AN L
#   Internal rep.: 1538,44,1539,98
#   Determined types: AN,CS,AN,LTR
#   with par dir: RTL
#   computed par dir: RTL
# 
ok 703878 - 
# Reorder of '"\x{602},\x{603}b"' (line 219546)
#   ord of chars:1538,44,1539,98
#   types in: AN CS AN L
#   Internal rep.: 1538,44,1539,98
#   Determined types: AN,CS,AN,LTR
#   with par dir: RTL
#   computed par dir: RTL
#   levels: 2,2,2,2
# 
ok 703879 - 
# Levels of '"\x{602},\x{602}0"' (line 219546)
#   ord of chars:1538,44,1538,48
#   types in: AN CS AN EN
#   Internal rep.: 1538,44,1538,48
#   Determined types: AN,CS,AN,EN
#   with par dir: RTL
#   computed par dir: RTL
# 
ok 703880 - 
# Reorder of '"\x{602},\x{602}0"' (line 219546)
#   ord of chars:1538,44,1538,48
#   types in: AN CS AN EN
#   Internal rep.: 1538,44,1538,48
#   Determined types: AN,CS,AN,EN
#   with par dir: RTL
#   computed par dir: RTL
#   levels: 2,2,2,2
# 
ok 703881 - 
# Levels of '"\x{604}:\x{600}\x{602}"' (line 219546)
#   ord of chars:1540,58,1536,1538
#   types in: AN CS AN AN
#   Internal rep.: 1540,58,1536,1538
#   Determined types: AN,CS,AN,AN
#   with par dir: ON
#   computed par dir: ON
# 
ok 703882 - 
# Reorder of '"\x{604}:\x{600}\x{602}"' (line 219546)
#   ord of chars:1540,58,1536,1538
#   types in: AN CS AN AN
#   Internal rep.: 1540,58,1536,1538
#   Determined types: AN,CS,AN,AN
#   with par dir: ON
#   computed par dir: ON
#   levels: 2,2,2,2
# 
ok 703883 - 
# Levels of '"\x{604}:\x{600}\x{602}"' (line 219546)
#   ord of chars:1540,58,1536,1538
#   types in: AN CS AN AN
#   Internal rep.: 1540,58,1536,1538
#   Determined types: AN,CS,AN,AN
#   with par dir: LTR
#   computed par dir: LTR
# 
ok 703884 - 
# Reorder of '"\x{604}:\x{600}\x{602}"' (line 219546)
#   ord of chars:1540,58,1536,1538
#   types in: AN CS AN AN
#   Internal rep.: 1540,58,1536,1538
#   Determined types: AN,CS,AN,AN
#   with par dir: LTR
#   computed par dir: LTR
#   levels: 2,2,2,2
# 
ok 703885 - 
# Levels of '"\x{604}:\x{600}\x{602}"' (line 219546)
#   ord of chars:1540,58,1536,1538
#   types in: AN CS AN AN
#   Internal rep.: 1540,58,1536,1538
#   Determined types: AN,CS,AN,AN
#   with par dir: RTL
#   computed par dir: RTL
# 
ok 703886 - 
# Reorder of '"\x{604}:\x{600}\x{602}"' (line 219546)
#   ord of chars:1540,58,1536,1538
#   types in: AN CS AN AN
#   Internal rep.: 1540,58,1536,1538
#   Determined types: AN,CS,AN,AN
#   with par dir: RTL
#   computed par dir: RTL
#   levels: 2,2,2,2
# 
ok 703887 - 
# Levels of '"\x{603}:\x{604}\x{36f}"' (line 219546)
#   ord of chars:1539,58,1540,879
#   types in: AN CS AN NSM
#   Internal rep.: 1539,58,1540,879
#   Determined types: AN,CS,AN,NSM
#   with par dir: ON
#   computed par dir: ON
# 
ok 703888 - 
# Reorder of '"\x{603}:\x{604}\x{36f}"' (line 219546)
#   ord of chars:1539,58,1540,879
#   types in: AN CS AN NSM
#   Internal rep.: 1539,58,1540,879
#   Determined types: AN,CS,AN,NSM
#   with par dir: ON
#   computed par dir: ON
#   levels: 2,2,2,2
# 
ok 703889 - 
# Levels of '"\x{603}:\x{604}\x{36f}"' (line 219546)
#   ord of chars:1539,58,1540,879
#   types in: AN CS AN NSM
#   Internal rep.: 1539,58,1540,879
#   Determined types: AN,CS,AN,NSM
#   with par dir: LTR
#   computed par dir: LTR
# 
ok 703890 - 
# Reorder of '"\x{603}:\x{604}\x{36f}"' (line 219546)
#   ord of chars:1539,58,1540,879
#   types in: AN CS AN NSM
#   Internal rep.: 1539,58,1540,879
#   Determined types: AN,CS,AN,NSM
#   with par dir: LTR
#   computed par dir: LTR
#   levels: 2,2,2,2
# 
ok 703891 - 
# Levels of '"\x{603}:\x{604}\x{36f}"' (line 219546)
#   ord of chars:1539,58,1540,879
#   types in: AN CS AN NSM
#   Internal rep.: 1539,58,1540,879
#   Determined types: AN,CS,AN,NSM
#   with par dir: RTL
#   computed par dir: RTL
# 
ok 703892 - 
# Reorder of '"\x{603}:\x{604}\x{36f}"' (line 219546)
#   ord of chars:1539,58,1540,879
#   types in: AN CS AN NSM
#   Internal rep.: 1539,58,1540,879
#   Determined types: AN,CS,AN,NSM
#   with par dir: RTL
#   computed par dir: RTL
#   levels: 2,2,2,2
# 
ok 703893 - 
# Levels of '"\x{601}\x{337}OO"' (line 219546)
#   ord of chars:1537,823,79,79
#   types in: AN NSM L L
#   Internal rep.: 1537,823,79,79
#   Determined types: AN,NSM,LTR,LTR
#   with par dir: RTL
#   computed par dir: RTL
# 
ok 703894 - 
# Reorder of '"\x{601}\x{337}OO"' (line 219546)
#   ord of chars:1537,823,79,79
#   types in: AN NSM L L
#   Internal rep.: 1537,823,79,79
#   Determined types: AN,NSM,LTR,LTR
#   with par dir: RTL
#   computed par dir: RTL
#   levels: 2,2,2,2
# 
ok 703895 - 
# Levels of '"\x{604}\x{610}t0"' (line 219546)
#   ord of chars:1540,1552,116,48
#   types in: AN NSM L EN
#   Internal rep.: 1540,1552,116,48
#   Determined types: AN,NSM,LTR,EN
#   with par dir: RTL
#   computed par dir: RTL
# 
ok 703896 - 
# Reorder of '"\x{604}\x{610}t0"' (line 219546)
#   ord of chars:1540,1552,116,48
#   types in: AN NSM L EN
#   Internal rep.: 1540,1552,116,48
#   Determined types: AN,NSM,LTR,EN
#   with par dir: RTL
#   computed par dir: RTL
#   levels: 2,2,2,2
# 
ok 703897 - 
# Levels of '"\x{603}\x{33c}o\x{600}"' (line 219546)
#   ord of chars:1539,828,111,1536
#   types in: AN NSM L AN
#   Internal rep.: 1539,828,111,1536
#   Determined types: AN,NSM,LTR,AN
#   with par dir: RTL
#   computed par dir: RTL
# 
ok 703898 - 
# Reorder of '"\x{603}\x{33c}o\x{600}"' (line 219546)
#   ord of chars:1539,828,111,1536
#   types in: AN NSM L AN
#   Internal rep.: 1539,828,111,1536
#   Determined types: AN,NSM,LTR,AN
#   with par dir: RTL
#   computed par dir: RTL
#   levels: 2,2,2,2
# 
ok 703899 - 
# Levels of '"\x{603}\x{364}C\x{349}"' (line 219546)
#   ord of chars:1539,868,67,841
#   types in: AN NSM L NSM
#   Internal rep.: 1539,868,67,841
#   Determined types: AN,NSM,LTR,NSM
#   with par dir: RTL
#   computed par dir: RTL
# 
ok 703900 - 
# Reorder of '"\x{603}\x{364}C\x{349}"' (line 219546)
#   ord of chars:1539,868,67,841
#   types in: AN NSM L NSM
#   Internal rep.: 1539,868,67,841
#   Determined types: AN,NSM,LTR,NSM
#   with par dir: RTL
#   computed par dir: RTL
#   levels: 2,2,2,2
# 
ok 703901 - 
# Levels of '"\x{604}\x{329}3U"' (line 219546)
#   ord of chars:1540,809,51,85
#   types in: AN NSM EN L
#   Internal rep.: 1540,809,51,85
#   Determined types: AN,NSM,EN,LTR
#   with par dir: RTL
#   computed par dir: RTL
# 
ok 703902 - 
# Reorder of '"\x{604}\x{329}3U"' (line 219546)
#   ord of chars:1540,809,51,85
#   types in: AN NSM EN L
#   Internal rep.: 1540,809,51,85
#   Determined types: AN,NSM,EN,LTR
#   with par dir: RTL
#   computed par dir: RTL
#   levels: 2,2,2,2
# 
ok 703903 - 
# Levels of '"\x{602}\x{331}45"' (line 219546)
#   ord of chars:1538,817,52,53
#   types in: AN NSM EN EN
#   Internal rep.: 1538,817,52,53
#   Determined types: AN,NSM,EN,EN
#   with par dir: RTL
#   computed par dir: RTL
# 
ok 703904 - 
# Reorder of '"\x{602}\x{331}45"' (line 219546)
#   ord of chars:1538,817,52,53
#   types in: AN NSM EN EN
#   Internal rep.: 1538,817,52,53
#   Determined types: AN,NSM,EN,EN
#   with par dir: RTL
#   computed par dir: RTL
#   levels: 2,2,2,2
# 
ok 703905 - 
# Levels of '"\x{604}\x{612}2\x{a2}"' (line 219546)
#   ord of chars:1540,1554,50,162
#   types in: AN NSM EN ET
#   Internal rep.: 1540,1554,50,162
#   Determined types: AN,NSM,EN,ET
#   with par dir: RTL
#   computed par dir: RTL
# 
ok 703906 - 
# Reorder of '"\x{604}\x{612}2\x{a2}"' (line 219546)
#   ord of chars:1540,1554,50,162
#   types in: AN NSM EN ET
#   Internal rep.: 1540,1554,50,162
#   Determined types: AN,NSM,EN,ET
#   with par dir: RTL
#   computed par dir: RTL
#   levels: 2,2,2,2
# 
ok 703907 - 
# Levels of '"\x{601}\x{321}1\x{604}"' (line 219546)
#   ord of chars:1537,801,49,1540
#   types in: AN NSM EN AN
#   Internal rep.: 1537,801,49,1540
#   Determined types: AN,NSM,EN,AN
#   with par dir: RTL
#   computed par dir: RTL
# 
ok 703908 - 
# Reorder of '"\x{601}\x{321}1\x{604}"' (line 219546)
#   ord of chars:1537,801,49,1540
#   types in: AN NSM EN AN
#   Internal rep.: 1537,801,49,1540
#   Determined types: AN,NSM,EN,AN
#   with par dir: RTL
#   computed par dir: RTL
#   levels: 2,2,2,2
# 
ok 703909 - 
# Levels of '"\x{603}\x{357}9\x{618}"' (line 219546)
#   ord of chars:1539,855,57,1560
#   types in: AN NSM EN NSM
#   Internal rep.: 1539,855,57,1560
#   Determined types: AN,NSM,EN,NSM
#   with par dir: RTL
#   computed par dir: RTL
# 
ok 703910 - 
# Reorder of '"\x{603}\x{357}9\x{618}"' (line 219546)
#   ord of chars:1539,855,57,1560
#   types in: AN NSM EN NSM
#   Internal rep.: 1539,855,57,1560
#   Determined types: AN,NSM,EN,NSM
#   with par dir: RTL
#   computed par dir: RTL
#   levels: 2,2,2,2
# 
ok 703911 - 
# Levels of '"\x{601}\x{34a}\x{a3}8"' (line 219546)
#   ord of chars:1537,842,163,56
#   types in: AN NSM ET EN
#   Internal rep.: 1537,842,163,56
#   Determined types: AN,NSM,ET,EN
#   with par dir: RTL
#   computed par dir: RTL
# 
ok 703912 - 
# Reorder of '"\x{601}\x{34a}\x{a3}8"' (line 219546)
#   ord of chars:1537,842,163,56
#   types in: AN NSM ET EN
#   Internal rep.: 1537,842,163,56
#   Determined types: AN,NSM,ET,EN
#   with par dir: RTL
#   computed par dir: RTL
#   levels: 2,2,2,2
# 
ok 703913 - 
# Levels of '"\x{600}\x{33c}\x{600}u"' (line 219546)
#   ord of chars:1536,828,1536,117
#   types in: AN NSM AN L
#   Internal rep.: 1536,828,1536,117
#   Determined types: AN,NSM,AN,LTR
#   with par dir: RTL
#   computed par dir: RTL
# 
ok 703914 - 
# Reorder of '"\x{600}\x{33c}\x{600}u"' (line 219546)
#   ord of chars:1536,828,1536,117
#   types in: AN NSM AN L
#   Internal rep.: 1536,828,1536,117
#   Determined types: AN,NSM,AN,LTR
#   with par dir: RTL
#   computed par dir: RTL
#   levels: 2,2,2,2
# 
ok 703915 - 
# Levels of '"\x{602}\x{614}\x{602}5"' (line 219546)
#   ord of chars:1538,1556,1538,53
#   types in: AN NSM AN EN
#   Internal rep.: 1538,1556,1538,53
#   Determined types: AN,NSM,AN,EN
#   with par dir: RTL
#   computed par dir: RTL
# 
ok 703916 - 
# Reorder of '"\x{602}\x{614}\x{602}5"' (line 219546)
#   ord of chars:1538,1556,1538,53
#   types in: AN NSM AN EN
#   Internal rep.: 1538,1556,1538,53
#   Determined types: AN,NSM,AN,EN
#   with par dir: RTL
#   computed par dir: RTL
#   levels: 2,2,2,2
# 
ok 703917 - 
# Levels of '"\x{603}\x{307}\x{604}\x{602}"' (line 219546)
#   ord of chars:1539,775,1540,1538
#   types in: AN NSM AN AN
#   Internal rep.: 1539,775,1540,1538
#   Determined types: AN,NSM,AN,AN
#   with par dir: ON
#   computed par dir: ON
# 
ok 703918 - 
# Reorder of '"\x{603}\x{307}\x{604}\x{602}"' (line 219546)
#   ord of chars:1539,775,1540,1538
#   types in: AN NSM AN AN
#   Internal rep.: 1539,775,1540,1538
#   Determined types: AN,NSM,AN,AN
#   with par dir: ON
#   computed par dir: ON
#   levels: 2,2,2,2
# 
ok 703919 - 
# Levels of '"\x{603}\x{307}\x{604}\x{602}"' (line 219546)
#   ord of chars:1539,775,1540,1538
#   types in: AN NSM AN AN
#   Internal rep.: 1539,775,1540,1538
#   Determined types: AN,NSM,AN,AN
#   with par dir: LTR
#   computed par dir: LTR
# 
ok 703920 - 
# Reorder of '"\x{603}\x{307}\x{604}\x{602}"' (line 219546)
#   ord of chars:1539,775,1540,1538
#   types in: AN NSM AN AN
#   Internal rep.: 1539,775,1540,1538
#   Determined types: AN,NSM,AN,AN
#   with par dir: LTR
#   computed par dir: LTR
#   levels: 2,2,2,2
# 
ok 703921 - 
# Levels of '"\x{603}\x{307}\x{604}\x{602}"' (line 219546)
#   ord of chars:1539,775,1540,1538
#   types in: AN NSM AN AN
#   Internal rep.: 1539,775,1540,1538
#   Determined types: AN,NSM,AN,AN
#   with par dir: RTL
#   computed par dir: RTL
# 
ok 703922 - 
# Reorder of '"\x{603}\x{307}\x{604}\x{602}"' (line 219546)
#   ord of chars:1539,775,1540,1538
#   types in: AN NSM AN AN
#   Internal rep.: 1539,775,1540,1538
#   Determined types: AN,NSM,AN,AN
#   with par dir: RTL
#   computed par dir: RTL
#   levels: 2,2,2,2
# 
ok 703923 - 
# Levels of '"\x{604}\x{356}\x{604}\x{333}"' (line 219546)
#   ord of chars:1540,854,1540,819
#   types in: AN NSM AN NSM
#   Internal rep.: 1540,854,1540,819
#   Determined types: AN,NSM,AN,NSM
#   with par dir: ON
#   computed par dir: ON
# 
ok 703924 - 
# Reorder of '"\x{604}\x{356}\x{604}\x{333}"' (line 219546)
#   ord of chars:1540,854,1540,819
#   types in: AN NSM AN NSM
#   Internal rep.: 1540,854,1540,819
#   Determined types: AN,NSM,AN,NSM
#   with par dir: ON
#   computed par dir: ON
#   levels: 2,2,2,2
# 
ok 703925 - 
# Levels of '"\x{604}\x{356}\x{604}\x{333}"' (line 219546)
#   ord of chars:1540,854,1540,819
#   types in: AN NSM AN NSM
#   Internal rep.: 1540,854,1540,819
#   Determined types: AN,NSM,AN,NSM
#   with par dir: LTR
#   computed par dir: LTR
# 
ok 703926 - 
# Reorder of '"\x{604}\x{356}\x{604}\x{333}"' (line 219546)
#   ord of chars:1540,854,1540,819
#   types in: AN NSM AN NSM
#   Internal rep.: 1540,854,1540,819
#   Determined types: AN,NSM,AN,NSM
#   with par dir: LTR
#   computed par dir: LTR
#   levels: 2,2,2,2
# 
ok 703927 - 
# Levels of '"\x{604}\x{356}\x{604}\x{333}"' (line 219546)
#   ord of chars:1540,854,1540,819
#   types in: AN NSM AN NSM
#   Internal rep.: 1540,854,1540,819
#   Determined types: AN,NSM,AN,NSM
#   with par dir: RTL
#   computed par dir: RTL
# 
ok 703928 - 
# Reorder of '"\x{604}\x{356}\x{604}\x{333}"' (line 219546)
#   ord of chars:1540,854,1540,819
#   types in: AN NSM AN NSM
#   Internal rep.: 1540,854,1540,819
#   Determined types: AN,NSM,AN,NSM
#   with par dir: RTL
#   computed par dir: RTL
#   levels: 2,2,2,2
# 
ok 703929 - 
# Levels of '"\x{600}\x{362}\x{a0}\x{600}"' (line 219546)
#   ord of chars:1536,866,160,1536
#   types in: AN NSM CS AN
#   Internal rep.: 1536,866,160,1536
#   Determined types: AN,NSM,CS,AN
#   with par dir: ON
#   computed par dir: ON
# 
ok 703930 - 
# Reorder of '"\x{600}\x{362}\x{a0}\x{600}"' (line 219546)
#   ord of chars:1536,866,160,1536
#   types in: AN NSM CS AN
#   Internal rep.: 1536,866,160,1536
#   Determined types: AN,NSM,CS,AN
#   with par dir: ON
#   computed par dir: ON
#   levels: 2,2,2,2
# 
ok 703931 - 
# Levels of '"\x{600}\x{362}\x{a0}\x{600}"' (line 219546)
#   ord of chars:1536,866,160,1536
#   types in: AN NSM CS AN
#   Internal rep.: 1536,866,160,1536
#   Determined types: AN,NSM,CS,AN
#   with par dir: LTR
#   computed par dir: LTR
# 
ok 703932 - 
# Reorder of '"\x{600}\x{362}\x{a0}\x{600}"' (line 219546)
#   ord of chars:1536,866,160,1536
#   types in: AN NSM CS AN
#   Internal rep.: 1536,866,160,1536
#   Determined types: AN,NSM,CS,AN
#   with par dir: LTR
#   computed par dir: LTR
#   levels: 2,2,2,2
# 
ok 703933 - 
# Levels of '"\x{600}\x{362}\x{a0}\x{600}"' (line 219546)
#   ord of chars:1536,866,160,1536
#   types in: AN NSM CS AN
#   Internal rep.: 1536,866,160,1536
#   Determined types: AN,NSM,CS,AN
#   with par dir: RTL
#   computed par dir: RTL
# 
ok 703934 - 
# Reorder of '"\x{600}\x{362}\x{a0}\x{600}"' (line 219546)
#   ord of chars:1536,866,160,1536
#   types in: AN NSM CS AN
#   Internal rep.: 1536,866,160,1536
#   Determined types: AN,NSM,CS,AN
#   with par dir: RTL
#   computed par dir: RTL
#   levels: 2,2,2,2
# 
ok 703935 - 
# Levels of '"\x{602}\x{341}\x{30c}\x{200e}"' (line 219546)
#   ord of chars:1538,833,780,8206
#   types in: AN NSM NSM L
#   Internal rep.: 1538,833,780,8206
#   Determined types: AN,NSM,NSM,LTR
#   with par dir: RTL
#   computed par dir: RTL
# 
ok 703936 - 
# Reorder of '"\x{602}\x{341}\x{30c}\x{200e}"' (line 219546)
#   ord of chars:1538,833,780,8206
#   types in: AN NSM NSM L
#   Internal rep.: 1538,833,780,8206
#   Determined types: AN,NSM,NSM,LTR
#   with par dir: RTL
#   computed par dir: RTL
#   levels: 2,2,2,2
# 
ok 703937 - 
# Levels of '"\x{603}\x{364}\x{33e}5"' (line 219546)
#   ord of chars:1539,868,830,53
#   types in: AN NSM NSM EN
#   Internal rep.: 1539,868,830,53
#   Determined types: AN,NSM,NSM,EN
#   with par dir: RTL
#   computed par dir: RTL
# 
ok 703938 - 
# Reorder of '"\x{603}\x{364}\x{33e}5"' (line 219546)
#   ord of chars:1539,868,830,53
#   types in: AN NSM NSM EN
#   Internal rep.: 1539,868,830,53
#   Determined types: AN,NSM,NSM,EN
#   with par dir: RTL
#   computed par dir: RTL
#   levels: 2,2,2,2
# 
ok 703939 - 
# Levels of '"\x{602}\x{31f}\x{33a}\x{601}"' (line 219546)
#   ord of chars:1538,799,826,1537
#   types in: AN NSM NSM AN
#   Internal rep.: 1538,799,826,1537
#   Determined types: AN,NSM,NSM,AN
#   with par dir: ON
#   computed par dir: ON
# 
ok 703940 - 
# Reorder of '"\x{602}\x{31f}\x{33a}\x{601}"' (line 219546)
#   ord of chars:1538,799,826,1537
#   types in: AN NSM NSM AN
#   Internal rep.: 1538,799,826,1537
#   Determined types: AN,NSM,NSM,AN
#   with par dir: ON
#   computed par dir: ON
#   levels: 2,2,2,2
# 
ok 703941 - 
# Levels of '"\x{602}\x{31f}\x{33a}\x{601}"' (line 219546)
#   ord of chars:1538,799,826,1537
#   types in: AN NSM NSM AN
#   Internal rep.: 1538,799,826,1537
#   Determined types: AN,NSM,NSM,AN
#   with par dir: LTR
#   computed par dir: LTR
# 
ok 703942 - 
# Reorder of '"\x{602}\x{31f}\x{33a}\x{601}"' (line 219546)
#   ord of chars:1538,799,826,1537
#   types in: AN NSM NSM AN
#   Internal rep.: 1538,799,826,1537
#   Determined types: AN,NSM,NSM,AN
#   with par dir: LTR
#   computed par dir: LTR
#   levels: 2,2,2,2
# 
ok 703943 - 
# Levels of '"\x{602}\x{31f}\x{33a}\x{601}"' (line 219546)
#   ord of chars:1538,799,826,1537
#   types in: AN NSM NSM AN
#   Internal rep.: 1538,799,826,1537
#   Determined types: AN,NSM,NSM,AN
#   with par dir: RTL
#   computed par dir: RTL
# 
ok 703944 - 
# Reorder of '"\x{602}\x{31f}\x{33a}\x{601}"' (line 219546)
#   ord of chars:1538,799,826,1537
#   types in: AN NSM NSM AN
#   Internal rep.: 1538,799,826,1537
#   Determined types: AN,NSM,NSM,AN
#   with par dir: RTL
#   computed par dir: RTL
#   levels: 2,2,2,2
# 
ok 703945 - 
# Levels of '"\x{602}\x{33e}\x{303}\x{314}"' (line 219546)
#   ord of chars:1538,830,771,788
#   types in: AN NSM NSM NSM
#   Internal rep.: 1538,830,771,788
#   Determined types: AN,NSM,NSM,NSM
#   with par dir: ON
#   computed par dir: ON
# 
ok 703946 - 
# Reorder of '"\x{602}\x{33e}\x{303}\x{314}"' (line 219546)
#   ord of chars:1538,830,771,788
#   types in: AN NSM NSM NSM
#   Internal rep.: 1538,830,771,788
#   Determined types: AN,NSM,NSM,NSM
#   with par dir: ON
#   computed par dir: ON
#   levels: 2,2,2,2
# 
ok 703947 - 
# Levels of '"\x{602}\x{33e}\x{303}\x{314}"' (line 219546)
#   ord of chars:1538,830,771,788
#   types in: AN NSM NSM NSM
#   Internal rep.: 1538,830,771,788
#   Determined types: AN,NSM,NSM,NSM
#   with par dir: LTR
#   computed par dir: LTR
# 
ok 703948 - 
# Reorder of '"\x{602}\x{33e}\x{303}\x{314}"' (line 219546)
#   ord of chars:1538,830,771,788
#   types in: AN NSM NSM NSM
#   Internal rep.: 1538,830,771,788
#   Determined types: AN,NSM,NSM,NSM
#   with par dir: LTR
#   computed par dir: LTR
#   levels: 2,2,2,2
# 
ok 703949 - 
# Levels of '"\x{602}\x{33e}\x{303}\x{314}"' (line 219546)
#   ord of chars:1538,830,771,788
#   types in: AN NSM NSM NSM
#   Internal rep.: 1538,830,771,788
#   Determined types: AN,NSM,NSM,NSM
#   with par dir: RTL
#   computed par dir: RTL
# 
ok 703950 - 
# Reorder of '"\x{602}\x{33e}\x{303}\x{314}"' (line 219546)
#   ord of chars:1538,830,771,788
#   types in: AN NSM NSM NSM
#   Internal rep.: 1538,830,771,788
#   Determined types: AN,NSM,NSM,NSM
#   with par dir: RTL
#   computed par dir: RTL
#   levels: 2,2,2,2
# 
1..703950
ok
All tests successful.
Files=6, Tests=703966, 284 wallclock secs (106.58 usr  3.43 sys + 181.37 cusr  8.90 csys = 300.28 CPU)
Result: PASS
make[1]: Leaving directory '/<<PKGBUILDDIR>>'
   create-stamp debian/debhelper-build-stamp
 fakeroot debian/rules binary
dh binary
   dh_testroot
   dh_prep
   debian/rules override_dh_auto_install
make[1]: Entering directory '/<<PKGBUILDDIR>>'
dh_auto_install
	make -j4 install DESTDIR=/<<PKGBUILDDIR>>/debian/libtext-bidi-perl AM_UPDATE_INFO_DIR=no PREFIX=/usr
make[2]: Entering directory '/<<PKGBUILDDIR>>'
"/usr/bin/perl" -MExtUtils::Command::MM -e 'cp_nonempty' -- private.bs blib/arch/auto/Text/Bidi/private/private.bs 644
Manifying 1 pod document
Manifying 7 pod documents
Files found in blib/arch: installing files in blib/lib into architecture dependent library tree
Installing /<<PKGBUILDDIR>>/debian/libtext-bidi-perl/usr/lib/x86_64-linux-gnu/perl5/5.30/auto/Text/Bidi/private/private.so
Installing /<<PKGBUILDDIR>>/debian/libtext-bidi-perl/usr/lib/x86_64-linux-gnu/perl5/5.30/Text/Bidi.pm
Installing /<<PKGBUILDDIR>>/debian/libtext-bidi-perl/usr/lib/x86_64-linux-gnu/perl5/5.30/Text/Bidi/Array.pm
Installing /<<PKGBUILDDIR>>/debian/libtext-bidi-perl/usr/lib/x86_64-linux-gnu/perl5/5.30/Text/Bidi/Paragraph.pm
Installing /<<PKGBUILDDIR>>/debian/libtext-bidi-perl/usr/lib/x86_64-linux-gnu/perl5/5.30/Text/Bidi/private.pm
Installing /<<PKGBUILDDIR>>/debian/libtext-bidi-perl/usr/lib/x86_64-linux-gnu/perl5/5.30/Text/Bidi/Constants.pm
Installing /<<PKGBUILDDIR>>/debian/libtext-bidi-perl/usr/lib/x86_64-linux-gnu/perl5/5.30/Text/Bidi/Array/Byte.pm
Installing /<<PKGBUILDDIR>>/debian/libtext-bidi-perl/usr/lib/x86_64-linux-gnu/perl5/5.30/Text/Bidi/Array/Long.pm
Installing /<<PKGBUILDDIR>>/debian/libtext-bidi-perl/usr/share/man/man1/fribidi.pl.1p
Installing /<<PKGBUILDDIR>>/debian/libtext-bidi-perl/usr/share/man/man3/Text::Bidi::Constants.3pm
Installing /<<PKGBUILDDIR>>/debian/libtext-bidi-perl/usr/share/man/man3/Text::Bidi::Array::Long.3pm
Installing /<<PKGBUILDDIR>>/debian/libtext-bidi-perl/usr/share/man/man3/Text::Bidi.3pm
Installing /<<PKGBUILDDIR>>/debian/libtext-bidi-perl/usr/share/man/man3/Text::Bidi::Paragraph.3pm
Installing /<<PKGBUILDDIR>>/debian/libtext-bidi-perl/usr/share/man/man3/Text::Bidi::private.3pm
Installing /<<PKGBUILDDIR>>/debian/libtext-bidi-perl/usr/share/man/man3/Text::Bidi::Array.3pm
Installing /<<PKGBUILDDIR>>/debian/libtext-bidi-perl/usr/share/man/man3/Text::Bidi::Array::Byte.3pm
Installing /<<PKGBUILDDIR>>/debian/libtext-bidi-perl/usr/bin/fribidi.pl
make[2]: Leaving directory '/<<PKGBUILDDIR>>'
# remove if it exists but doesn't not have a size > 0
if [ -e /<<PKGBUILDDIR>>/debian/libtext-bidi-perl/usr/lib/x86_64-linux-gnu/perl5/5.30/auto/Text/Bidi/private/private.bs -a \
  ! -s /<<PKGBUILDDIR>>/debian/libtext-bidi-perl/usr/lib/x86_64-linux-gnu/perl5/5.30/auto/Text/Bidi/private/private.bs ]; then \
    rm -f -v /<<PKGBUILDDIR>>/debian/libtext-bidi-perl/usr/lib/x86_64-linux-gnu/perl5/5.30/auto/Text/Bidi/private/private.bs; \
fi
# Remove fribidi.pl script, installed as an example instead:
rm -f -rv /<<PKGBUILDDIR>>/debian/libtext-bidi-perl/usr/bin
removed '/<<PKGBUILDDIR>>/debian/libtext-bidi-perl/usr/bin/fribidi.pl'
removed directory '/<<PKGBUILDDIR>>/debian/libtext-bidi-perl/usr/bin'
rm -f -rv /<<PKGBUILDDIR>>/debian/libtext-bidi-perl/usr/share/man/man1
removed '/<<PKGBUILDDIR>>/debian/libtext-bidi-perl/usr/share/man/man1/fribidi.pl.1p'
removed directory '/<<PKGBUILDDIR>>/debian/libtext-bidi-perl/usr/share/man/man1'
# remove empty manpage
rm -f -v /<<PKGBUILDDIR>>/debian/libtext-bidi-perl/usr/share/man/man3/Text::Bidi::private.3pm
removed '/<<PKGBUILDDIR>>/debian/libtext-bidi-perl/usr/share/man/man3/Text::Bidi::private.3pm'
make[1]: Leaving directory '/<<PKGBUILDDIR>>'
   debian/rules override_dh_install
make[1]: Entering directory '/<<PKGBUILDDIR>>'
dh_install
chmod +x /<<PKGBUILDDIR>>/debian/libtext-bidi-perl/usr/lib/x86_64-linux-gnu/urxvt/perl/*
sed -i '1s|^#! perl|#!/usr/bin/perl|' /<<PKGBUILDDIR>>/debian/libtext-bidi-perl/usr/lib/x86_64-linux-gnu/urxvt/perl/*
make[1]: Leaving directory '/<<PKGBUILDDIR>>'
   dh_installdocs
   dh_installchangelogs
   debian/rules override_dh_installexamples
make[1]: Entering directory '/<<PKGBUILDDIR>>'
dh_installexamples
sed -i '1s|^#!perl|#!/usr/bin/perl|' /<<PKGBUILDDIR>>/debian/libtext-bidi-perl/usr/share/doc/libtext-bidi-perl/examples/*
make[1]: Leaving directory '/<<PKGBUILDDIR>>'
   dh_installman
   dh_perl
   dh_link
   dh_strip_nondeterminism
   dh_compress
   dh_fixperms
   dh_missing
   dh_dwz
   dh_strip
   dh_makeshlibs
   dh_shlibdeps
   dh_installdeb
   dh_gencontrol
   dh_md5sums
   dh_builddeb
dpkg-deb: building package 'libtext-bidi-perl-dbgsym' in '../libtext-bidi-perl-dbgsym_2.15-2_amd64.deb'.
dpkg-deb: building package 'libtext-bidi-perl' in '../libtext-bidi-perl_2.15-2_amd64.deb'.
 dpkg-genbuildinfo --build=binary
 dpkg-genchanges --build=binary >../libtext-bidi-perl_2.15-2_amd64.changes
dpkg-genchanges: info: binary-only upload (no source code included)
 dpkg-source --after-build .
dpkg-buildpackage: info: binary-only upload (no source included)
--------------------------------------------------------------------------------
Build finished at 2020-02-25T13:35:07Z

Finished
--------

I: Built successfully

+------------------------------------------------------------------------------+
| Changes                                                                      |
+------------------------------------------------------------------------------+


libtext-bidi-perl_2.15-2_amd64.changes:
---------------------------------------

Format: 1.8
Date: Thu, 05 Dec 2019 23:25:13 +0100
Source: libtext-bidi-perl
Binary: libtext-bidi-perl libtext-bidi-perl-dbgsym
Architecture: amd64
Version: 2.15-2
Distribution: unstable
Urgency: medium
Maintainer: Debian Perl Group <pkg-perl-maintainers@lists.alioth.debian.org>
Changed-By: gregor herrmann <gregoa@debian.org>
Description:
 libtext-bidi-perl - Unicode bidi algorithm for Perl using libfribidi
Closes: 946227
Changes:
 libtext-bidi-perl (2.15-2) unstable; urgency=medium
 .
   * Team upload.
   * Rename debian/NEWS.Debian to debian/NEWS to get it actually installed.
   * Fix version in debian/NEWS.
   * Install urxvt extension.
     Thanks to Benjamin Barenblat for the bug report. (Closes: #946227)
   * Update years of packaging copyright.
   * Update Build-Depends for cross builds.
   * Annotate test-only build dependencies with <!nocheck>.
   * Explicitly build-depend on perl.
   * Bump debhelper-compat to 12.
   * debian/watch: use uscan version 4.
   * Remove obsolete fields Contact, Name from debian/upstream/metadata.
   * Declare compliance with Debian Policy 4.4.1.
Checksums-Sha1:
 b1ace46426817f95be57071ada54a54d3aba56ef 61628 libtext-bidi-perl-dbgsym_2.15-2_amd64.deb
 bb4603be5f77f59de287da2d8e640df5d6184305 5424 libtext-bidi-perl_2.15-2_amd64.buildinfo
 2fcc5ec738c438b6de558d51645b29b6c36f4a63 58896 libtext-bidi-perl_2.15-2_amd64.deb
Checksums-Sha256:
 021e8b5b7bfc02bf8bba44e7b83c67ddf3b3a05b045499f6024166c604f35dbc 61628 libtext-bidi-perl-dbgsym_2.15-2_amd64.deb
 e4bfd7d747fa97bd58e8057d6effc32212b30ff7f2d19d0a1298ccdca8f46740 5424 libtext-bidi-perl_2.15-2_amd64.buildinfo
 26b3ab2856233168a45032dde510696f9ca87bcdb23e7f929bf4f8059fc02bde 58896 libtext-bidi-perl_2.15-2_amd64.deb
Files:
 a0ddf45a6f1659cce822fa68669f49e8 61628 debug optional libtext-bidi-perl-dbgsym_2.15-2_amd64.deb
 f14ac693ed82fde538c7fb464368ce2e 5424 perl optional libtext-bidi-perl_2.15-2_amd64.buildinfo
 783d15c85506bb84af513924976bf17e 58896 perl optional libtext-bidi-perl_2.15-2_amd64.deb

+------------------------------------------------------------------------------+
| Buildinfo                                                                    |
+------------------------------------------------------------------------------+

Format: 1.0
Source: libtext-bidi-perl
Binary: libtext-bidi-perl
Architecture: amd64
Version: 2.15-2
Checksums-Md5:
 a0ddf45a6f1659cce822fa68669f49e8 61628 libtext-bidi-perl-dbgsym_2.15-2_amd64.deb
 783d15c85506bb84af513924976bf17e 58896 libtext-bidi-perl_2.15-2_amd64.deb
Checksums-Sha1:
 b1ace46426817f95be57071ada54a54d3aba56ef 61628 libtext-bidi-perl-dbgsym_2.15-2_amd64.deb
 2fcc5ec738c438b6de558d51645b29b6c36f4a63 58896 libtext-bidi-perl_2.15-2_amd64.deb
Checksums-Sha256:
 021e8b5b7bfc02bf8bba44e7b83c67ddf3b3a05b045499f6024166c604f35dbc 61628 libtext-bidi-perl-dbgsym_2.15-2_amd64.deb
 26b3ab2856233168a45032dde510696f9ca87bcdb23e7f929bf4f8059fc02bde 58896 libtext-bidi-perl_2.15-2_amd64.deb
Build-Origin: Debian
Build-Architecture: amd64
Build-Date: Tue, 25 Feb 2020 13:35:07 +0000
Build-Path: /<<PKGBUILDDIR>>
Installed-Build-Depends:
 autoconf (= 2.69-11.1),
 automake (= 1:1.16.1-4),
 autopoint (= 0.19.8.1-10),
 autotools-dev (= 20180224.1),
 base-files (= 11),
 base-passwd (= 3.5.47),
 bash (= 5.0-5),
 binutils (= 2.34-3),
 binutils-common (= 2.34-3),
 binutils-x86-64-linux-gnu (= 2.34-3),
 bsdmainutils (= 11.1.2+b1),
 bsdutils (= 1:2.34-0.1),
 build-essential (= 12.8),
 bzip2 (= 1.0.8-2),
 clang-10 (= 1:10.0.0~+rc2-1),
 coreutils (= 8.30-3+b1),
 cpp (= 4:9.2.1-3.1),
 cpp-9 (= 9.2.1-30),
 dash (= 0.5.10.2-6),
 debconf (= 1.5.73),
 debhelper (= 12.9),
 debianutils (= 4.9.1),
 dh-autoreconf (= 19),
 dh-exec (= 0.23.2),
 dh-strip-nondeterminism (= 1.6.3-2),
 diffutils (= 1:3.7-3),
 dpkg (= 1.19.7),
 dpkg-dev (= 1.19.7),
 dwz (= 0.13-5),
 fdisk (= 2.34-0.1),
 file (= 1:5.38-4),
 findutils (= 4.7.0-1),
 g++ (= 4:9.2.1-3.1),
 g++-9 (= 9.2.1-30),
 gcc (= 4:9.2.1-3.1),
 gcc-10-base (= 10-20200222-1),
 gcc-9 (= 9.2.1-30),
 gcc-9-base (= 9.2.1-30),
 gettext (= 0.19.8.1-10),
 gettext-base (= 0.19.8.1-10),
 grep (= 3.4-1),
 groff-base (= 1.22.4-4),
 gzip (= 1.9-3+b1),
 hostname (= 3.23),
 init-system-helpers (= 1.57),
 intltool-debian (= 0.35.0+20060710.5),
 lib32gcc-s1 (= 10-20200222-1),
 lib32gcc1 (= 1:10-20200222-1),
 lib32stdc++6 (= 10-20200222-1),
 libacl1 (= 2.2.53-5),
 libarchive-zip-perl (= 1.67-1),
 libasan5 (= 9.2.1-30),
 libatomic1 (= 10-20200222-1),
 libattr1 (= 1:2.4.48-5),
 libaudit-common (= 1:2.8.5-2),
 libaudit1 (= 1:2.8.5-2+b1),
 libbinutils (= 2.34-3),
 libblkid1 (= 2.34-0.1),
 libbsd0 (= 0.10.0-1),
 libbz2-1.0 (= 1.0.8-2),
 libc-bin (= 2.29-10),
 libc-dev-bin (= 2.29-10),
 libc6 (= 2.29-10),
 libc6-dev (= 2.29-10),
 libc6-i386 (= 2.29-10),
 libcap-ng0 (= 0.7.9-2.1+b1),
 libcc1-0 (= 10-20200222-1),
 libclang-common-10-dev (= 1:10.0.0~+rc2-1),
 libclang-cpp10 (= 1:10.0.0~+rc2-1),
 libclang1-10 (= 1:10.0.0~+rc2-1),
 libcroco3 (= 0.6.13-1),
 libcrypt-dev (= 1:4.4.10-10),
 libcrypt1 (= 1:4.4.10-10),
 libctf-nobfd0 (= 2.34-3),
 libctf0 (= 2.34-3),
 libdb5.3 (= 5.3.28+dfsg1-0.6),
 libdebconfclient0 (= 0.251),
 libdebhelper-perl (= 12.9),
 libdpkg-perl (= 1.19.7),
 libedit2 (= 3.1-20191231-1),
 libelf1 (= 0.176-1.1),
 libextutils-pkgconfig-perl (= 1.16-1),
 libfdisk1 (= 2.34-0.1),
 libffi7 (= 3.3-3),
 libfile-stripnondeterminism-perl (= 1.6.3-2),
 libfribidi-dev (= 1.0.8-2),
 libfribidi0 (= 1.0.8-2),
 libgc1c2 (= 1:7.6.4-0.4),
 libgcc-9-dev (= 9.2.1-30),
 libgcc-s1 (= 10-20200222-1),
 libgcc1 (= 1:10-20200222-1),
 libgcrypt20 (= 1.8.5-5),
 libgdbm-compat4 (= 1.18.1-5),
 libgdbm6 (= 1.18.1-5),
 libglib2.0-0 (= 2.62.4-2),
 libgmp10 (= 2:6.2.0+dfsg-4),
 libgomp1 (= 10-20200222-1),
 libgpg-error0 (= 1.37-1),
 libicu63 (= 63.2-2),
 libisl22 (= 0.22.1-1),
 libitm1 (= 10-20200222-1),
 libllvm10 (= 1:10.0.0~+rc2-1),
 liblsan0 (= 10-20200222-1),
 liblz4-1 (= 1.9.2-2),
 liblzma5 (= 5.2.4-1+b1),
 libmagic-mgc (= 1:5.38-4),
 libmagic1 (= 1:5.38-4),
 libmount1 (= 2.34-0.1),
 libmpc3 (= 1.1.0-1),
 libmpfr6 (= 4.0.2-1),
 libncursesw6 (= 6.1+20191019-1),
 libobjc-9-dev (= 9.2.1-30),
 libobjc4 (= 10-20200222-1),
 libpam-modules (= 1.3.1-5),
 libpam-modules-bin (= 1.3.1-5),
 libpam-runtime (= 1.3.1-5),
 libpam0g (= 1.3.1-5),
 libpcre2-8-0 (= 10.34-7),
 libpcre3 (= 2:8.39-12+b1),
 libperl-dev (= 5.30.0-9),
 libperl5.30 (= 5.30.0-9),
 libpipeline1 (= 1.5.2-2),
 libquadmath0 (= 10-20200222-1),
 libseccomp2 (= 2.4.2-2),
 libselinux1 (= 3.0-1+b1),
 libsigsegv2 (= 2.12-2),
 libsmartcols1 (= 2.34-0.1),
 libstdc++-9-dev (= 9.2.1-30),
 libstdc++6 (= 10-20200222-1),
 libsub-override-perl (= 0.09-2),
 libsystemd0 (= 244.3-1),
 libtest-pod-perl (= 1.52-1),
 libtinfo6 (= 6.1+20191019-1),
 libtool (= 2.4.6-13),
 libtsan0 (= 10-20200222-1),
 libubsan1 (= 10-20200222-1),
 libuchardet0 (= 0.0.6-3),
 libudev1 (= 244.3-1),
 libunistring2 (= 0.9.10-2),
 libuuid1 (= 2.34-0.1),
 libxml2 (= 2.9.10+dfsg-3),
 libz3-4 (= 4.8.7-4),
 linux-libc-dev (= 5.4.19-1),
 login (= 1:4.8.1-1),
 lsb-base (= 11.1.0),
 m4 (= 1.4.18-4),
 make (= 4.2.1-1.2),
 man-db (= 2.9.0-2),
 mawk (= 1.3.4.20200120-2),
 ncurses-base (= 6.1+20191019-1),
 ncurses-bin (= 6.1+20191019-1),
 patch (= 2.7.6-6),
 perl (= 5.30.0-9),
 perl-base (= 5.30.0-9),
 perl-modules-5.30 (= 5.30.0-9),
 pkg-config (= 0.29-6),
 po-debconf (= 1.0.21),
 sed (= 4.7-1),
 sensible-utils (= 0.0.12+nmu1),
 swig (= 4.0.1-5),
 swig4.0 (= 4.0.1-5),
 sysvinit-utils (= 2.96-2.1),
 tar (= 1.30+dfsg-6+b1),
 util-linux (= 2.34-0.1),
 xz-utils (= 5.2.4-1+b1),
 zlib1g (= 1:1.2.11.dfsg-2)
Environment:
 DEB_BUILD_OPTIONS="parallel=4"
 LANG="C.UTF-8"
 LC_ALL="C.UTF-8"
 SOURCE_DATE_EPOCH="1575584713"


+------------------------------------------------------------------------------+
| Package contents                                                             |
+------------------------------------------------------------------------------+


libtext-bidi-perl-dbgsym_2.15-2_amd64.deb
-----------------------------------------

 new Debian package, version 2.0.
 size 61628 bytes: control archive=536 bytes.
     399 bytes,    12 lines      control              
     106 bytes,     1 lines      md5sums              
 Package: libtext-bidi-perl-dbgsym
 Source: libtext-bidi-perl
 Version: 2.15-2
 Auto-Built-Package: debug-symbols
 Architecture: amd64
 Maintainer: Debian Perl Group <pkg-perl-maintainers@lists.alioth.debian.org>
 Installed-Size: 78
 Depends: libtext-bidi-perl (= 2.15-2)
 Section: debug
 Priority: optional
 Description: debug symbols for libtext-bidi-perl
 Build-Ids: 87b8e322d1434cc38718347e6497ee95e74597e9

drwxr-xr-x root/root         0 2019-12-05 22:25 ./
drwxr-xr-x root/root         0 2019-12-05 22:25 ./usr/
drwxr-xr-x root/root         0 2019-12-05 22:25 ./usr/lib/
drwxr-xr-x root/root         0 2019-12-05 22:25 ./usr/lib/debug/
drwxr-xr-x root/root         0 2019-12-05 22:25 ./usr/lib/debug/.build-id/
drwxr-xr-x root/root         0 2019-12-05 22:25 ./usr/lib/debug/.build-id/87/
-rw-r--r-- root/root     68992 2019-12-05 22:25 ./usr/lib/debug/.build-id/87/b8e322d1434cc38718347e6497ee95e74597e9.debug
drwxr-xr-x root/root         0 2019-12-05 22:25 ./usr/share/
drwxr-xr-x root/root         0 2019-12-05 22:25 ./usr/share/doc/
lrwxrwxrwx root/root         0 2019-12-05 22:25 ./usr/share/doc/libtext-bidi-perl-dbgsym -> libtext-bidi-perl


libtext-bidi-perl_2.15-2_amd64.deb
----------------------------------

 new Debian package, version 2.0.
 size 58896 bytes: control archive=1292 bytes.
     661 bytes,    14 lines      control              
    1705 bytes,    20 lines      md5sums              
 Package: libtext-bidi-perl
 Version: 2.15-2
 Architecture: amd64
 Maintainer: Debian Perl Group <pkg-perl-maintainers@lists.alioth.debian.org>
 Installed-Size: 194
 Depends: perl (>= 5.30.0-9), perlapi-5.30.0, libc6 (>= 2.14), libfribidi0 (>= 1.0.0)
 Section: perl
 Priority: optional
 Homepage: https://metacpan.org/release/Text-Bidi
 Description: Unicode bidi algorithm for Perl using libfribidi
  Text::Bidi provides basic support for the Unicode bidirectional text
  (Bidi) algorithm, for displaying text consisting of both left-to-right and
  right-to-left written languages (like Hebrew and Arabic.) It does so using a
  swig interface file to the libfribidi library.

drwxr-xr-x root/root         0 2019-12-05 22:25 ./
drwxr-xr-x root/root         0 2019-12-05 22:25 ./usr/
drwxr-xr-x root/root         0 2019-12-05 22:25 ./usr/lib/
drwxr-xr-x root/root         0 2019-12-05 22:25 ./usr/lib/x86_64-linux-gnu/
drwxr-xr-x root/root         0 2019-12-05 22:25 ./usr/lib/x86_64-linux-gnu/perl5/
drwxr-xr-x root/root         0 2019-12-05 22:25 ./usr/lib/x86_64-linux-gnu/perl5/5.30/
drwxr-xr-x root/root         0 2019-12-05 22:25 ./usr/lib/x86_64-linux-gnu/perl5/5.30/Text/
-rw-r--r-- root/root     18431 2018-09-24 16:08 ./usr/lib/x86_64-linux-gnu/perl5/5.30/Text/Bidi.pm
drwxr-xr-x root/root         0 2019-12-05 22:25 ./usr/lib/x86_64-linux-gnu/perl5/5.30/Text/Bidi/
-rw-r--r-- root/root      4116 2018-09-24 16:08 ./usr/lib/x86_64-linux-gnu/perl5/5.30/Text/Bidi/Array.pm
drwxr-xr-x root/root         0 2019-12-05 22:25 ./usr/lib/x86_64-linux-gnu/perl5/5.30/Text/Bidi/Array/
-rw-r--r-- root/root      1596 2018-09-24 16:08 ./usr/lib/x86_64-linux-gnu/perl5/5.30/Text/Bidi/Array/Byte.pm
-rw-r--r-- root/root      2144 2018-09-24 16:08 ./usr/lib/x86_64-linux-gnu/perl5/5.30/Text/Bidi/Array/Long.pm
-rw-r--r-- root/root      2829 2018-09-24 16:08 ./usr/lib/x86_64-linux-gnu/perl5/5.30/Text/Bidi/Constants.pm
-rw-r--r-- root/root      8389 2018-09-24 16:08 ./usr/lib/x86_64-linux-gnu/perl5/5.30/Text/Bidi/Paragraph.pm
-rw-r--r-- root/root     12577 2019-12-05 22:25 ./usr/lib/x86_64-linux-gnu/perl5/5.30/Text/Bidi/private.pm
drwxr-xr-x root/root         0 2019-12-05 22:25 ./usr/lib/x86_64-linux-gnu/perl5/5.30/auto/
drwxr-xr-x root/root         0 2019-12-05 22:25 ./usr/lib/x86_64-linux-gnu/perl5/5.30/auto/Text/
drwxr-xr-x root/root         0 2019-12-05 22:25 ./usr/lib/x86_64-linux-gnu/perl5/5.30/auto/Text/Bidi/
drwxr-xr-x root/root         0 2019-12-05 22:25 ./usr/lib/x86_64-linux-gnu/perl5/5.30/auto/Text/Bidi/private/
-rw-r--r-- root/root     76832 2019-12-05 22:25 ./usr/lib/x86_64-linux-gnu/perl5/5.30/auto/Text/Bidi/private/private.so
drwxr-xr-x root/root         0 2019-12-05 22:25 ./usr/lib/x86_64-linux-gnu/urxvt/
drwxr-xr-x root/root         0 2019-12-05 22:25 ./usr/lib/x86_64-linux-gnu/urxvt/perl/
-rwxr-xr-x root/root      7186 2019-12-05 22:25 ./usr/lib/x86_64-linux-gnu/urxvt/perl/bidi
drwxr-xr-x root/root         0 2019-12-05 22:25 ./usr/share/
drwxr-xr-x root/root         0 2019-12-05 22:25 ./usr/share/doc/
drwxr-xr-x root/root         0 2019-12-05 22:25 ./usr/share/doc/libtext-bidi-perl/
-rw-r--r-- root/root       285 2019-12-05 22:25 ./usr/share/doc/libtext-bidi-perl/NEWS.Debian.gz
-rw-r--r-- root/root      3080 2019-12-05 22:25 ./usr/share/doc/libtext-bidi-perl/changelog.Debian.gz
-rw-r--r-- root/root      1650 2018-09-24 16:08 ./usr/share/doc/libtext-bidi-perl/changelog.gz
-rw-r--r-- root/root      4193 2019-12-05 22:25 ./usr/share/doc/libtext-bidi-perl/copyright
drwxr-xr-x root/root         0 2019-12-05 22:25 ./usr/share/doc/libtext-bidi-perl/examples/
-rwxr-xr-x root/root      3612 2019-12-05 22:25 ./usr/share/doc/libtext-bidi-perl/examples/fribidi.pl
drwxr-xr-x root/root         0 2019-12-05 22:25 ./usr/share/man/
drwxr-xr-x root/root         0 2019-12-05 22:25 ./usr/share/man/man3/
-rw-r--r-- root/root      5721 2019-12-05 22:25 ./usr/share/man/man3/Text::Bidi.3pm.gz
-rw-r--r-- root/root      2522 2019-12-05 22:25 ./usr/share/man/man3/Text::Bidi::Array.3pm.gz
-rw-r--r-- root/root      1532 2019-12-05 22:25 ./usr/share/man/man3/Text::Bidi::Array::Byte.3pm.gz
-rw-r--r-- root/root      1578 2019-12-05 22:25 ./usr/share/man/man3/Text::Bidi::Array::Long.3pm.gz
-rw-r--r-- root/root      1853 2019-12-05 22:25 ./usr/share/man/man3/Text::Bidi::Constants.3pm.gz
-rw-r--r-- root/root      3321 2019-12-05 22:25 ./usr/share/man/man3/Text::Bidi::Paragraph.3pm.gz


+------------------------------------------------------------------------------+
| Post Build                                                                   |
+------------------------------------------------------------------------------+


+------------------------------------------------------------------------------+
| Cleanup                                                                      |
+------------------------------------------------------------------------------+

Purging /<<BUILDDIR>>
Not cleaning session: cloned chroot in use

+------------------------------------------------------------------------------+
| Summary                                                                      |
+------------------------------------------------------------------------------+

Build Architecture: amd64
Build Type: binary
Build-Space: 5920
Build-Time: 288
Distribution: unstable
Host Architecture: amd64
Install-Time: 7
Job: libtext-bidi-perl_2.15-2
Machine Architecture: amd64
Package: libtext-bidi-perl
Package-Time: 313
Source-Version: 2.15-2
Space: 5920
Status: successful
Version: 2.15-2
--------------------------------------------------------------------------------
Finished at 2020-02-25T13:35:07Z
Build needed 00:05:13, 5920k disk space
DC-Status: OK 313.785033197s
DC-Time-Estimation: 313.785033197 versus expected 608 (r/m: 0.9376322503511071 ; m: 313.785033197)
