DC-Build-Header: libtfbs-perl 0.7.1-3 / 2020-02-25 05:55:43 +0000
DC-Task: type:rebuild-binarch-only source:libtfbs-perl version:0.7.1-3 chroot:unstable esttime:59 logfile:/tmp/libtfbs-perl_0.7.1-3_unstable_clang10.log modes:clang10:binarch-only
DC-Sbuild-call: su user42 -c 'sbuild -n --arch-any --apt-update -d unstable -v --no-run-lintian --chroot-setup-commands=/tmp/clang10 libtfbs-perl_0.7.1-3'
sbuild (Debian sbuild) 0.78.1 (09 February 2019) on ip-172-31-3-240.eu-central-1.compute.internal

+==============================================================================+
| libtfbs-perl 0.7.1-3 (amd64)                 Tue, 25 Feb 2020 05:55:44 +0000 |
+==============================================================================+

Package: libtfbs-perl
Version: 0.7.1-3
Source Version: 0.7.1-3
Distribution: unstable
Machine Architecture: amd64
Host Architecture: amd64
Build Architecture: amd64
Build Type: binary

I: NOTICE: Log filtering will replace 'var/run/schroot/mount/sid-amd64-sbuild-58828b7d-0d76-4e64-94d3-cc093697079a' with '<<CHROOT>>'

+------------------------------------------------------------------------------+
| Chroot Setup Commands                                                        |
+------------------------------------------------------------------------------+


/tmp/clang10
------------

+ echo 'Entering customization script...'
Entering customization script...
+ CLANG_VERSION=10
+ echo 'Install of clang-10'
Install of clang-10
+ apt-get update
Get:1 http://127.0.0.1:12990/debian sid InRelease [142 kB]
Get:2 http://127.0.0.1:12990/debian sid/main Sources.diff/Index [27.9 kB]
Get:3 http://127.0.0.1:12990/debian sid/main amd64 Packages.diff/Index [27.9 kB]
Get:4 http://127.0.0.1:12990/debian sid/main Sources 2020-02-24-0823.32.pdiff [11.0 kB]
Get:5 http://127.0.0.1:12990/debian sid/main Sources 2020-02-24-1420.34.pdiff [30.2 kB]
Get:6 http://127.0.0.1:12990/debian sid/main Sources 2020-02-24-2014.03.pdiff [16.9 kB]
Get:7 http://127.0.0.1:12990/debian sid/main Sources 2020-02-25-0213.11.pdiff [23.2 kB]
Get:8 http://127.0.0.1:12990/debian sid/main amd64 Packages 2020-02-24-0823.32.pdiff [15.5 kB]
Get:9 http://127.0.0.1:12990/debian sid/main amd64 Packages 2020-02-24-1420.34.pdiff [27.5 kB]
Get:10 http://127.0.0.1:12990/debian sid/main amd64 Packages 2020-02-24-2014.03.pdiff [21.6 kB]
Get:11 http://127.0.0.1:12990/debian sid/main amd64 Packages 2020-02-25-0213.11.pdiff [35.0 kB]
Get:7 http://127.0.0.1:12990/debian sid/main Sources 2020-02-25-0213.11.pdiff [23.2 kB]
Get:11 http://127.0.0.1:12990/debian sid/main amd64 Packages 2020-02-25-0213.11.pdiff [35.0 kB]
Get:12 http://127.0.0.1:12990/debian sid/main Translation-en [6193 kB]
Fetched 6572 kB in 2s (3431 kB/s)
Reading package lists...
+ apt-get install --yes --no-install-recommends --force-yes clang-10 libomp-10-dev libobjc-9-dev
Reading package lists...
Building dependency tree...
The following additional packages will be installed:
  lib32gcc-s1 lib32gcc1 lib32stdc++6 libbsd0 libc6-i386 libclang-common-10-dev
  libclang-cpp10 libclang1-10 libedit2 libgc1c2 libllvm10 libobjc4 libomp5-10
  libz3-4
Suggested packages:
  clang-10-doc libomp-10-doc
Recommended packages:
  llvm-10-dev python3
The following NEW packages will be installed:
  clang-10 lib32gcc-s1 lib32gcc1 lib32stdc++6 libbsd0 libc6-i386
  libclang-common-10-dev libclang-cpp10 libclang1-10 libedit2 libgc1c2
  libllvm10 libobjc-9-dev libobjc4 libomp-10-dev libomp5-10 libz3-4
0 upgraded, 17 newly installed, 0 to remove and 2 not upgraded.
Need to get 46.4 MB of archives.
After this operation, 238 MB of additional disk space will be used.
Get:1 http://127.0.0.1:12990/debian sid/main amd64 libbsd0 amd64 0.10.0-1 [107 kB]
Get:2 http://127.0.0.1:12990/debian sid/main amd64 libedit2 amd64 3.1-20191231-1 [95.4 kB]
Get:3 http://127.0.0.1:12990/debian sid/main amd64 libz3-4 amd64 4.8.7-4 [6790 kB]
Get:4 http://127.0.0.1:12990/debian sid/main amd64 libllvm10 amd64 1:10.0.0~+rc2-1 [15.5 MB]
Get:5 http://127.0.0.1:12990/debian sid/main amd64 libclang-cpp10 amd64 1:10.0.0~+rc2-1 [9069 kB]
Get:6 http://127.0.0.1:12990/debian sid/main amd64 libgc1c2 amd64 1:7.6.4-0.4 [224 kB]
Get:7 http://127.0.0.1:12990/debian sid/main amd64 libobjc4 amd64 10-20200222-1 [41.6 kB]
Get:8 http://127.0.0.1:12990/debian sid/main amd64 libobjc-9-dev amd64 9.2.1-29 [219 kB]
Get:9 http://127.0.0.1:12990/debian sid/main amd64 libc6-i386 amd64 2.29-10 [2918 kB]
Get:10 http://127.0.0.1:12990/debian sid/main amd64 lib32gcc-s1 amd64 10-20200222-1 [49.4 kB]
Get:11 http://127.0.0.1:12990/debian sid/main amd64 lib32gcc1 amd64 1:10-20200222-1 [1104 B]
Get:12 http://127.0.0.1:12990/debian sid/main amd64 lib32stdc++6 amd64 10-20200222-1 [510 kB]
Get:13 http://127.0.0.1:12990/debian sid/main amd64 libclang-common-10-dev amd64 1:10.0.0~+rc2-1 [2782 kB]
Get:14 http://127.0.0.1:12990/debian sid/main amd64 libclang1-10 amd64 1:10.0.0~+rc2-1 [7607 kB]
Get:15 http://127.0.0.1:12990/debian sid/main amd64 clang-10 amd64 1:10.0.0~+rc2-1 [103 kB]
Get:16 http://127.0.0.1:12990/debian sid/main amd64 libomp5-10 amd64 1:10.0.0~+rc2-1 [337 kB]
Get:17 http://127.0.0.1:12990/debian sid/main amd64 libomp-10-dev amd64 1:10.0.0~+rc2-1 [84.3 kB]
debconf: delaying package configuration, since apt-utils is not installed
Fetched 46.4 MB in 0s (97.7 MB/s)
Selecting previously unselected package libbsd0:amd64.
(Reading database ... (Reading database ... 5%(Reading database ... 10%(Reading database ... 15%(Reading database ... 20%(Reading database ... 25%(Reading database ... 30%(Reading database ... 35%(Reading database ... 40%(Reading database ... 45%(Reading database ... 50%(Reading database ... 55%(Reading database ... 60%(Reading database ... 65%(Reading database ... 70%(Reading database ... 75%(Reading database ... 80%(Reading database ... 85%(Reading database ... 90%(Reading database ... 95%(Reading database ... 100%(Reading database ... 12119 files and directories currently installed.)
Preparing to unpack .../00-libbsd0_0.10.0-1_amd64.deb ...
Unpacking libbsd0:amd64 (0.10.0-1) ...
Selecting previously unselected package libedit2:amd64.
Preparing to unpack .../01-libedit2_3.1-20191231-1_amd64.deb ...
Unpacking libedit2:amd64 (3.1-20191231-1) ...
Selecting previously unselected package libz3-4:amd64.
Preparing to unpack .../02-libz3-4_4.8.7-4_amd64.deb ...
Unpacking libz3-4:amd64 (4.8.7-4) ...
Selecting previously unselected package libllvm10:amd64.
Preparing to unpack .../03-libllvm10_1%3a10.0.0~+rc2-1_amd64.deb ...
Unpacking libllvm10:amd64 (1:10.0.0~+rc2-1) ...
Selecting previously unselected package libclang-cpp10.
Preparing to unpack .../04-libclang-cpp10_1%3a10.0.0~+rc2-1_amd64.deb ...
Unpacking libclang-cpp10 (1:10.0.0~+rc2-1) ...
Selecting previously unselected package libgc1c2:amd64.
Preparing to unpack .../05-libgc1c2_1%3a7.6.4-0.4_amd64.deb ...
Unpacking libgc1c2:amd64 (1:7.6.4-0.4) ...
Selecting previously unselected package libobjc4:amd64.
Preparing to unpack .../06-libobjc4_10-20200222-1_amd64.deb ...
Unpacking libobjc4:amd64 (10-20200222-1) ...
Selecting previously unselected package libobjc-9-dev:amd64.
Preparing to unpack .../07-libobjc-9-dev_9.2.1-29_amd64.deb ...
Unpacking libobjc-9-dev:amd64 (9.2.1-29) ...
Selecting previously unselected package libc6-i386.
Preparing to unpack .../08-libc6-i386_2.29-10_amd64.deb ...
Unpacking libc6-i386 (2.29-10) ...
Selecting previously unselected package lib32gcc-s1.
Preparing to unpack .../09-lib32gcc-s1_10-20200222-1_amd64.deb ...
Unpacking lib32gcc-s1 (10-20200222-1) ...
Selecting previously unselected package lib32gcc1.
Preparing to unpack .../10-lib32gcc1_1%3a10-20200222-1_amd64.deb ...
Unpacking lib32gcc1 (1:10-20200222-1) ...
Selecting previously unselected package lib32stdc++6.
Preparing to unpack .../11-lib32stdc++6_10-20200222-1_amd64.deb ...
Unpacking lib32stdc++6 (10-20200222-1) ...
Selecting previously unselected package libclang-common-10-dev.
Preparing to unpack .../12-libclang-common-10-dev_1%3a10.0.0~+rc2-1_amd64.deb ...
Unpacking libclang-common-10-dev (1:10.0.0~+rc2-1) ...
Selecting previously unselected package libclang1-10.
Preparing to unpack .../13-libclang1-10_1%3a10.0.0~+rc2-1_amd64.deb ...
Unpacking libclang1-10 (1:10.0.0~+rc2-1) ...
Selecting previously unselected package clang-10.
Preparing to unpack .../14-clang-10_1%3a10.0.0~+rc2-1_amd64.deb ...
Unpacking clang-10 (1:10.0.0~+rc2-1) ...
Selecting previously unselected package libomp5-10:amd64.
Preparing to unpack .../15-libomp5-10_1%3a10.0.0~+rc2-1_amd64.deb ...
Unpacking libomp5-10:amd64 (1:10.0.0~+rc2-1) ...
Selecting previously unselected package libomp-10-dev.
Preparing to unpack .../16-libomp-10-dev_1%3a10.0.0~+rc2-1_amd64.deb ...
Unpacking libomp-10-dev (1:10.0.0~+rc2-1) ...
Setting up libgc1c2:amd64 (1:7.6.4-0.4) ...
Setting up libobjc4:amd64 (10-20200222-1) ...
Setting up libz3-4:amd64 (4.8.7-4) ...
Setting up libobjc-9-dev:amd64 (9.2.1-29) ...
Setting up libomp5-10:amd64 (1:10.0.0~+rc2-1) ...
Setting up libc6-i386 (2.29-10) ...
Setting up libbsd0:amd64 (0.10.0-1) ...
Setting up libomp-10-dev (1:10.0.0~+rc2-1) ...
Setting up libedit2:amd64 (3.1-20191231-1) ...
Setting up libllvm10:amd64 (1:10.0.0~+rc2-1) ...
Setting up lib32gcc-s1 (10-20200222-1) ...
Setting up libclang1-10 (1:10.0.0~+rc2-1) ...
Setting up lib32gcc1 (1:10-20200222-1) ...
Setting up libclang-cpp10 (1:10.0.0~+rc2-1) ...
Setting up lib32stdc++6 (10-20200222-1) ...
Setting up libclang-common-10-dev (1:10.0.0~+rc2-1) ...
Setting up clang-10 (1:10.0.0~+rc2-1) ...
Processing triggers for libc-bin (2.29-10) ...
W: --force-yes is deprecated, use one of the options starting with --allow instead.
+ echo 'Replace gcc, g++ & cpp by clang'
Replace gcc, g++ & cpp by clang
+ VERSIONS='4.6 4.7 4.8 4.9 5 6 7 8 9 10'
+ cd /usr/bin
+ for VERSION in $VERSIONS
+ rm -f g++-4.6 gcc-4.6 cpp-4.6 gcc
+ ln -s clang++-10 g++-4.6
+ ln -s clang-10 gcc-4.6
+ ln -s clang-10 cpp-4.6
+ ln -s clang-10 gcc
+ echo 'gcc-4.6 hold'
+ dpkg --set-selections
dpkg: warning: package not in status nor available database at line 1: gcc-4.6
dpkg: warning: found unknown packages; this might mean the available database
is outdated, and needs to be updated through a frontend method;
please see the FAQ <https://wiki.debian.org/Teams/Dpkg/FAQ>
+ echo 'g++-4.6 hold'
+ dpkg --set-selections
dpkg: warning: package not in status nor available database at line 1: g++-4.6
dpkg: warning: found unknown packages; this might mean the available database
is outdated, and needs to be updated through a frontend method;
please see the FAQ <https://wiki.debian.org/Teams/Dpkg/FAQ>
+ for VERSION in $VERSIONS
+ rm -f g++-4.7 gcc-4.7 cpp-4.7 gcc
+ ln -s clang++-10 g++-4.7
+ ln -s clang-10 gcc-4.7
+ ln -s clang-10 cpp-4.7
+ ln -s clang-10 gcc
+ echo 'gcc-4.7 hold'
+ dpkg --set-selections
dpkg: warning: package not in status nor available database at line 1: gcc-4.7
dpkg: warning: found unknown packages; this might mean the available database
is outdated, and needs to be updated through a frontend method;
please see the FAQ <https://wiki.debian.org/Teams/Dpkg/FAQ>
+ echo 'g++-4.7 hold'
+ dpkg --set-selections
dpkg: warning: package not in status nor available database at line 1: g++-4.7
dpkg: warning: found unknown packages; this might mean the available database
is outdated, and needs to be updated through a frontend method;
please see the FAQ <https://wiki.debian.org/Teams/Dpkg/FAQ>
+ for VERSION in $VERSIONS
+ rm -f g++-4.8 gcc-4.8 cpp-4.8 gcc
+ ln -s clang++-10 g++-4.8
+ ln -s clang-10 gcc-4.8
+ ln -s clang-10 cpp-4.8
+ ln -s clang-10 gcc
+ echo 'gcc-4.8 hold'
+ dpkg --set-selections
dpkg: warning: package not in status nor available database at line 1: gcc-4.8
dpkg: warning: found unknown packages; this might mean the available database
is outdated, and needs to be updated through a frontend method;
please see the FAQ <https://wiki.debian.org/Teams/Dpkg/FAQ>
+ echo 'g++-4.8 hold'
+ dpkg --set-selections
dpkg: warning: package not in status nor available database at line 1: g++-4.8
dpkg: warning: found unknown packages; this might mean the available database
is outdated, and needs to be updated through a frontend method;
please see the FAQ <https://wiki.debian.org/Teams/Dpkg/FAQ>
+ for VERSION in $VERSIONS
+ rm -f g++-4.9 gcc-4.9 cpp-4.9 gcc
+ ln -s clang++-10 g++-4.9
+ ln -s clang-10 gcc-4.9
+ ln -s clang-10 cpp-4.9
+ ln -s clang-10 gcc
+ echo 'gcc-4.9 hold'
+ dpkg --set-selections
dpkg: warning: package not in status nor available database at line 1: gcc-4.9
dpkg: warning: found unknown packages; this might mean the available database
is outdated, and needs to be updated through a frontend method;
please see the FAQ <https://wiki.debian.org/Teams/Dpkg/FAQ>
+ echo 'g++-4.9 hold'
+ dpkg --set-selections
dpkg: warning: package not in status nor available database at line 1: g++-4.9
dpkg: warning: found unknown packages; this might mean the available database
is outdated, and needs to be updated through a frontend method;
please see the FAQ <https://wiki.debian.org/Teams/Dpkg/FAQ>
+ for VERSION in $VERSIONS
+ rm -f g++-5 gcc-5 cpp-5 gcc
+ ln -s clang++-10 g++-5
+ ln -s clang-10 gcc-5
+ ln -s clang-10 cpp-5
+ ln -s clang-10 gcc
+ echo 'gcc-5 hold'
+ dpkg --set-selections
dpkg: warning: package not in status nor available database at line 1: gcc-5
dpkg: warning: found unknown packages; this might mean the available database
is outdated, and needs to be updated through a frontend method;
please see the FAQ <https://wiki.debian.org/Teams/Dpkg/FAQ>
+ echo 'g++-5 hold'
+ dpkg --set-selections
dpkg: warning: package not in status nor available database at line 1: g++-5
dpkg: warning: found unknown packages; this might mean the available database
is outdated, and needs to be updated through a frontend method;
please see the FAQ <https://wiki.debian.org/Teams/Dpkg/FAQ>
+ for VERSION in $VERSIONS
+ rm -f g++-6 gcc-6 cpp-6 gcc
+ ln -s clang++-10 g++-6
+ ln -s clang-10 gcc-6
+ ln -s clang-10 cpp-6
+ ln -s clang-10 gcc
+ echo 'gcc-6 hold'
+ dpkg --set-selections
dpkg: warning: package not in status nor available database at line 1: gcc-6
dpkg: warning: found unknown packages; this might mean the available database
is outdated, and needs to be updated through a frontend method;
please see the FAQ <https://wiki.debian.org/Teams/Dpkg/FAQ>
+ echo 'g++-6 hold'
+ dpkg --set-selections
dpkg: warning: package not in status nor available database at line 1: g++-6
dpkg: warning: found unknown packages; this might mean the available database
is outdated, and needs to be updated through a frontend method;
please see the FAQ <https://wiki.debian.org/Teams/Dpkg/FAQ>
+ for VERSION in $VERSIONS
+ rm -f g++-7 gcc-7 cpp-7 gcc
+ ln -s clang++-10 g++-7
+ ln -s clang-10 gcc-7
+ ln -s clang-10 cpp-7
+ ln -s clang-10 gcc
+ echo 'gcc-7 hold'
+ dpkg --set-selections
dpkg: warning: package not in status nor available database at line 1: gcc-7
dpkg: warning: found unknown packages; this might mean the available database
is outdated, and needs to be updated through a frontend method;
please see the FAQ <https://wiki.debian.org/Teams/Dpkg/FAQ>
+ echo 'g++-7 hold'
+ dpkg --set-selections
dpkg: warning: package not in status nor available database at line 1: g++-7
dpkg: warning: found unknown packages; this might mean the available database
is outdated, and needs to be updated through a frontend method;
please see the FAQ <https://wiki.debian.org/Teams/Dpkg/FAQ>
+ for VERSION in $VERSIONS
+ rm -f g++-8 gcc-8 cpp-8 gcc
+ ln -s clang++-10 g++-8
+ ln -s clang-10 gcc-8
+ ln -s clang-10 cpp-8
+ ln -s clang-10 gcc
+ echo 'gcc-8 hold'
+ dpkg --set-selections
dpkg: warning: package not in status nor available database at line 1: gcc-8
dpkg: warning: found unknown packages; this might mean the available database
is outdated, and needs to be updated through a frontend method;
please see the FAQ <https://wiki.debian.org/Teams/Dpkg/FAQ>
+ echo 'g++-8 hold'
+ dpkg --set-selections
dpkg: warning: package not in status nor available database at line 1: g++-8
dpkg: warning: found unknown packages; this might mean the available database
is outdated, and needs to be updated through a frontend method;
please see the FAQ <https://wiki.debian.org/Teams/Dpkg/FAQ>
+ for VERSION in $VERSIONS
+ rm -f g++-9 gcc-9 cpp-9 gcc
+ ln -s clang++-10 g++-9
+ ln -s clang-10 gcc-9
+ ln -s clang-10 cpp-9
+ ln -s clang-10 gcc
+ echo 'gcc-9 hold'
+ dpkg --set-selections
+ echo 'g++-9 hold'
+ dpkg --set-selections
+ for VERSION in $VERSIONS
+ rm -f g++-10 gcc-10 cpp-10 gcc
+ ln -s clang++-10 g++-10
+ ln -s clang-10 gcc-10
+ ln -s clang-10 cpp-10
+ ln -s clang-10 gcc
+ echo 'gcc-10 hold'
+ dpkg --set-selections
dpkg: warning: package not in status nor available database at line 1: gcc-10
dpkg: warning: found unknown packages; this might mean the available database
is outdated, and needs to be updated through a frontend method;
please see the FAQ <https://wiki.debian.org/Teams/Dpkg/FAQ>
+ echo 'g++-10 hold'
+ dpkg --set-selections
dpkg: warning: package not in status nor available database at line 1: g++-10
dpkg: warning: found unknown packages; this might mean the available database
is outdated, and needs to be updated through a frontend method;
please see the FAQ <https://wiki.debian.org/Teams/Dpkg/FAQ>
+ cd -
/build/libtfbs-perl-3ohQKn
+ echo 'Check if gcc, g++ & cpp are actually clang'
Check if gcc, g++ & cpp are actually clang
+ gcc --version
+ grep clang
+ cpp --version
+ grep clang
+ g++ --version
+ grep clang

I: Finished running '/tmp/clang10'.

Finished processing commands.
--------------------------------------------------------------------------------
I: NOTICE: Log filtering will replace 'build/libtfbs-perl-3ohQKn/resolver-1V8lag' with '<<RESOLVERDIR>>'

+------------------------------------------------------------------------------+
| Update chroot                                                                |
+------------------------------------------------------------------------------+

Hit:1 http://127.0.0.1:12990/debian sid InRelease
Reading package lists...
Reading package lists...
Building dependency tree...
Reading state information...
Calculating upgrade...
The following packages will be upgraded:
  libgmp10 zlib1g
2 upgraded, 0 newly installed, 0 to remove and 0 not upgraded.
Need to get 343 kB of archives.
After this operation, 0 B of additional disk space will be used.
Get:1 http://127.0.0.1:12990/debian sid/main amd64 libgmp10 amd64 2:6.2.0+dfsg-4 [253 kB]
Get:2 http://127.0.0.1:12990/debian sid/main amd64 zlib1g amd64 1:1.2.11.dfsg-2 [90.4 kB]
debconf: delaying package configuration, since apt-utils is not installed
Fetched 343 kB in 0s (3545 kB/s)
(Reading database ... (Reading database ... 5%(Reading database ... 10%(Reading database ... 15%(Reading database ... 20%(Reading database ... 25%(Reading database ... 30%(Reading database ... 35%(Reading database ... 40%(Reading database ... 45%(Reading database ... 50%(Reading database ... 55%(Reading database ... 60%(Reading database ... 65%(Reading database ... 70%(Reading database ... 75%(Reading database ... 80%(Reading database ... 85%(Reading database ... 90%(Reading database ... 95%(Reading database ... 100%(Reading database ... 12960 files and directories currently installed.)
Preparing to unpack .../libgmp10_2%3a6.2.0+dfsg-4_amd64.deb ...
Unpacking libgmp10:amd64 (2:6.2.0+dfsg-4) over (2:6.2.0+dfsg-3) ...
Setting up libgmp10:amd64 (2:6.2.0+dfsg-4) ...
(Reading database ... (Reading database ... 5%(Reading database ... 10%(Reading database ... 15%(Reading database ... 20%(Reading database ... 25%(Reading database ... 30%(Reading database ... 35%(Reading database ... 40%(Reading database ... 45%(Reading database ... 50%(Reading database ... 55%(Reading database ... 60%(Reading database ... 65%(Reading database ... 70%(Reading database ... 75%(Reading database ... 80%(Reading database ... 85%(Reading database ... 90%(Reading database ... 95%(Reading database ... 100%(Reading database ... 12960 files and directories currently installed.)
Preparing to unpack .../zlib1g_1%3a1.2.11.dfsg-2_amd64.deb ...
Unpacking zlib1g:amd64 (1:1.2.11.dfsg-2) over (1:1.2.11.dfsg-1.2) ...
Setting up zlib1g:amd64 (1:1.2.11.dfsg-2) ...
Processing triggers for libc-bin (2.29-10) ...

+------------------------------------------------------------------------------+
| Fetch source files                                                           |
+------------------------------------------------------------------------------+


Check APT
---------

Checking available source versions...

Download source files with APT
------------------------------

Reading package lists...
NOTICE: 'libtfbs-perl' packaging is maintained in the 'Git' version control system at:
https://salsa.debian.org/med-team/libtfbs-perl.git
Please use:
git clone https://salsa.debian.org/med-team/libtfbs-perl.git
to retrieve the latest (possibly unreleased) updates to the package.
Need to get 397 kB of source archives.
Get:1 http://127.0.0.1:12990/debian sid/main libtfbs-perl 0.7.1-3 (dsc) [2207 B]
Get:2 http://127.0.0.1:12990/debian sid/main libtfbs-perl 0.7.1-3 (tar) [388 kB]
Get:3 http://127.0.0.1:12990/debian sid/main libtfbs-perl 0.7.1-3 (diff) [6268 B]
Fetched 397 kB in 0s (3597 kB/s)
Download complete and in download only mode
I: NOTICE: Log filtering will replace 'build/libtfbs-perl-3ohQKn/libtfbs-perl-0.7.1' with '<<PKGBUILDDIR>>'
I: NOTICE: Log filtering will replace 'build/libtfbs-perl-3ohQKn' with '<<BUILDDIR>>'

+------------------------------------------------------------------------------+
| Install package build dependencies                                           |
+------------------------------------------------------------------------------+


Setup apt archive
-----------------

Merged Build-Depends: debhelper-compat (= 12), perl, pdl (>= 1:2.016), bioperl, libwww-perl, libdbi-perl, build-essential, fakeroot
Filtered Build-Depends: debhelper-compat (= 12), perl, pdl (>= 1:2.016), bioperl, libwww-perl, libdbi-perl, build-essential, fakeroot
dpkg-deb: building package 'sbuild-build-depends-main-dummy' in '/<<RESOLVERDIR>>/apt_archive/sbuild-build-depends-main-dummy.deb'.
Ign:1 copy:/<<RESOLVERDIR>>/apt_archive ./ InRelease
Get:2 copy:/<<RESOLVERDIR>>/apt_archive ./ Release [957 B]
Ign:3 copy:/<<RESOLVERDIR>>/apt_archive ./ Release.gpg
Get:4 copy:/<<RESOLVERDIR>>/apt_archive ./ Sources [400 B]
Get:5 copy:/<<RESOLVERDIR>>/apt_archive ./ Packages [482 B]
Fetched 1839 B in 0s (0 B/s)
Reading package lists...
Reading package lists...

Install main build dependencies (apt-based resolver)
----------------------------------------------------

Installing build dependencies
Reading package lists...
Building dependency tree...
Reading state information...
The following additional packages will be installed:
  autoconf automake autopoint autotools-dev bioperl bsdmainutils
  ca-certificates debhelper dh-autoreconf dh-strip-nondeterminism dwz file
  fontconfig-config fonts-dejavu-core gettext gettext-base groff-base
  intltool-debian libalgorithm-diff-perl libarchive-zip-perl libbio-perl-perl
  libcapture-tiny-perl libclass-data-inheritable-perl libcroco3
  libdata-stag-perl libdbi-perl libdebhelper-perl libdevel-stacktrace-perl
  libelf1 libencode-locale-perl libexception-class-perl libexpat1
  libfile-listing-perl libfile-stripnondeterminism-perl libfontconfig1
  libfreetype6 libgd3 libgfortran5 libglib2.0-0 libgsl23 libgslcblas0
  libhdf4-0-alt libhtml-parser-perl libhtml-tagset-perl libhtml-tree-perl
  libhttp-cookies-perl libhttp-date-perl libhttp-message-perl
  libhttp-negotiate-perl libicu63 libio-html-perl libio-socket-ssl-perl
  libio-string-perl libjbig0 libjpeg62-turbo liblwp-mediatypes-perl
  liblwp-protocol-https-perl libmagic-mgc libmagic1 libncurses6
  libnet-http-perl libnet-ssleay-perl libpipeline1 libpng16-16 libsigsegv2
  libssl1.1 libsub-override-perl libsub-uplevel-perl libterm-readkey-perl
  libtest-deep-perl libtest-differences-perl libtest-exception-perl
  libtest-most-perl libtest-warn-perl libtext-diff-perl libtiff5
  libtimedate-perl libtool libtry-tiny-perl libuchardet0 liburi-perl libwebp6
  libwww-perl libwww-robotrules-perl libx11-6 libx11-data libxau6 libxcb1
  libxdmcp6 libxml2 libxpm4 m4 man-db netbase openssl pdl
  perl-openssl-defaults po-debconf sensible-utils ucf
Suggested packages:
  autoconf-archive gnu-standards autoconf-doc wamerican | wordlist whois
  vacation dh-make gettext-doc libasprintf-dev libgettextpo-dev groff
  libxml-sax-expatxs-perl libclone-perl libmldbm-perl libnet-daemon-perl
  libsql-statement-perl libgd-tools gsl-ref-psdoc | gsl-doc-pdf | gsl-doc-info
  | gsl-ref-html libhdf4-doc libhdf4-alt-dev hdf4-tools libdata-dump-perl
  libcrypt-ssleay-perl libtool-doc gfortran | fortran95-compiler gcj-jdk
  libauthen-ntlm-perl m4-doc apparmor less www-browser doc-base
  libastro-fits-header-perl libdevel-repl-perl libextutils-f77-perl
  libfile-map-perl libgl1-mesa-glx | libgl1 libinline-perl libinline-c-perl
  libmodule-compile-perl libopengl-perl libpdl-fftw-perl
  libpdl-graphics-plplot-perl libpgplot-perl netpbm | imagemagick proj-bin
  libmail-box-perl
Recommended packages:
  bioperl-run perl-doc libcache-cache-perl libbio-perl-run-perl libgd-gd2-perl
  libapache-dbi-perl libxml-simple-perl libyaml-perl libace-perl
  liblist-moreutils-perl libxml-twig-perl libset-scalar-perl curl | wget
  | lynx libalgorithm-diff-xs-perl bioperl-run | libbio-perl-run-perl
  libalgorithm-munkres-perl libarray-compare-perl libbio-asn1-entrezgene-perl
  libclone-perl libconvert-binary-c-perl libdbd-sqlite3-perl libdbd-mysql-perl
  libdbd-pg-perl libgd-perl libgraph-perl libgraphviz-perl
  libhtml-tableextract-perl libpostscript-perl libsoap-lite-perl
  libsort-naturally-perl libspreadsheet-parseexcel-perl
  libspreadsheet-writeexcel-perl libsvg-perl libsvg-graph-perl
  libxml-dom-xpath-perl libxml-parser-perl libxml-sax-perl
  libxml-sax-writer-perl libxml-writer-perl libxml-libxml-perl perl-tk
  libgd-gd2-perl | libgd-gd2-noxpm-perl libxml-libxslt-perl libmldbm-perl
  libxml-perl libarchive-cpio-perl libglib2.0-data shared-mime-info
  xdg-user-dirs libhtml-format-perl libgpm2 libltdl-dev libdata-dump-perl
  libhtml-form-perl libhttp-daemon-perl libmailtools-perl
  libterm-readline-gnu-perl | libterm-readline-perl-perl libmail-sendmail-perl
The following NEW packages will be installed:
  autoconf automake autopoint autotools-dev bioperl bsdmainutils
  ca-certificates debhelper dh-autoreconf dh-strip-nondeterminism dwz file
  fontconfig-config fonts-dejavu-core gettext gettext-base groff-base
  intltool-debian libalgorithm-diff-perl libarchive-zip-perl libbio-perl-perl
  libcapture-tiny-perl libclass-data-inheritable-perl libcroco3
  libdata-stag-perl libdbi-perl libdebhelper-perl libdevel-stacktrace-perl
  libelf1 libencode-locale-perl libexception-class-perl libexpat1
  libfile-listing-perl libfile-stripnondeterminism-perl libfontconfig1
  libfreetype6 libgd3 libgfortran5 libglib2.0-0 libgsl23 libgslcblas0
  libhdf4-0-alt libhtml-parser-perl libhtml-tagset-perl libhtml-tree-perl
  libhttp-cookies-perl libhttp-date-perl libhttp-message-perl
  libhttp-negotiate-perl libicu63 libio-html-perl libio-socket-ssl-perl
  libio-string-perl libjbig0 libjpeg62-turbo liblwp-mediatypes-perl
  liblwp-protocol-https-perl libmagic-mgc libmagic1 libncurses6
  libnet-http-perl libnet-ssleay-perl libpipeline1 libpng16-16 libsigsegv2
  libssl1.1 libsub-override-perl libsub-uplevel-perl libterm-readkey-perl
  libtest-deep-perl libtest-differences-perl libtest-exception-perl
  libtest-most-perl libtest-warn-perl libtext-diff-perl libtiff5
  libtimedate-perl libtool libtry-tiny-perl libuchardet0 liburi-perl libwebp6
  libwww-perl libwww-robotrules-perl libx11-6 libx11-data libxau6 libxcb1
  libxdmcp6 libxml2 libxpm4 m4 man-db netbase openssl pdl
  perl-openssl-defaults po-debconf sbuild-build-depends-main-dummy
  sensible-utils ucf
0 upgraded, 101 newly installed, 0 to remove and 0 not upgraded.
Need to get 38.0 MB of archives.
After this operation, 128 MB of additional disk space will be used.
Get:1 copy:/<<RESOLVERDIR>>/apt_archive ./ sbuild-build-depends-main-dummy 0.invalid.0 [908 B]
Get:2 http://127.0.0.1:12990/debian sid/main amd64 bsdmainutils amd64 11.1.2+b1 [191 kB]
Get:3 http://127.0.0.1:12990/debian sid/main amd64 libuchardet0 amd64 0.0.6-3 [64.9 kB]
Get:4 http://127.0.0.1:12990/debian sid/main amd64 groff-base amd64 1.22.4-4 [919 kB]
Get:5 http://127.0.0.1:12990/debian sid/main amd64 libpipeline1 amd64 1.5.2-2 [33.9 kB]
Get:6 http://127.0.0.1:12990/debian sid/main amd64 man-db amd64 2.9.0-2 [1307 kB]
Get:7 http://127.0.0.1:12990/debian sid/main amd64 libterm-readkey-perl amd64 2.38-1+b1 [27.7 kB]
Get:8 http://127.0.0.1:12990/debian sid/main amd64 sensible-utils all 0.0.12+nmu1 [16.0 kB]
Get:9 http://127.0.0.1:12990/debian sid/main amd64 libexpat1 amd64 2.2.9-1 [94.3 kB]
Get:10 http://127.0.0.1:12990/debian sid/main amd64 libpng16-16 amd64 1.6.37-2 [292 kB]
Get:11 http://127.0.0.1:12990/debian sid/main amd64 libfreetype6 amd64 2.10.1-2 [392 kB]
Get:12 http://127.0.0.1:12990/debian sid/main amd64 ucf all 3.0038+nmu1 [69.0 kB]
Get:13 http://127.0.0.1:12990/debian sid/main amd64 fonts-dejavu-core all 2.37-1 [1068 kB]
Get:14 http://127.0.0.1:12990/debian sid/main amd64 fontconfig-config all 2.13.1-2 [280 kB]
Get:15 http://127.0.0.1:12990/debian sid/main amd64 libfontconfig1 amd64 2.13.1-2+b1 [347 kB]
Get:16 http://127.0.0.1:12990/debian sid/main amd64 libjpeg62-turbo amd64 1:1.5.2-2+b1 [134 kB]
Get:17 http://127.0.0.1:12990/debian sid/main amd64 libjbig0 amd64 2.1-3.1+b2 [31.0 kB]
Get:18 http://127.0.0.1:12990/debian sid/main amd64 libwebp6 amd64 0.6.1-2+b1 [261 kB]
Get:19 http://127.0.0.1:12990/debian sid/main amd64 libtiff5 amd64 4.1.0+git191117-2 [271 kB]
Get:20 http://127.0.0.1:12990/debian sid/main amd64 libxau6 amd64 1:1.0.8-1+b2 [19.9 kB]
Get:21 http://127.0.0.1:12990/debian sid/main amd64 libxdmcp6 amd64 1:1.1.2-3 [26.3 kB]
Get:22 http://127.0.0.1:12990/debian sid/main amd64 libxcb1 amd64 1.13.1-5 [137 kB]
Get:23 http://127.0.0.1:12990/debian sid/main amd64 libx11-data all 2:1.6.8-1 [298 kB]
Get:24 http://127.0.0.1:12990/debian sid/main amd64 libx11-6 amd64 2:1.6.8-1 [756 kB]
Get:25 http://127.0.0.1:12990/debian sid/main amd64 libxpm4 amd64 1:3.5.12-1 [49.1 kB]
Get:26 http://127.0.0.1:12990/debian sid/main amd64 libgd3 amd64 2.2.5-5.2 [136 kB]
Get:27 http://127.0.0.1:12990/debian sid/main amd64 libgfortran5 amd64 10-20200222-1 [721 kB]
Get:28 http://127.0.0.1:12990/debian sid/main amd64 libgslcblas0 amd64 2.5+dfsg-6+b1 [102 kB]
Get:29 http://127.0.0.1:12990/debian sid/main amd64 libgsl23 amd64 2.5+dfsg-6+b1 [879 kB]
Get:30 http://127.0.0.1:12990/debian sid/main amd64 libhdf4-0-alt amd64 4.2.14-1 [278 kB]
Get:31 http://127.0.0.1:12990/debian sid/main amd64 libncurses6 amd64 6.1+20191019-1 [102 kB]
Get:32 http://127.0.0.1:12990/debian sid/main amd64 pdl amd64 1:2.020-3 [3593 kB]
Get:33 http://127.0.0.1:12990/debian sid/main amd64 netbase all 6.1 [19.9 kB]
Get:34 http://127.0.0.1:12990/debian sid/main amd64 libmagic-mgc amd64 1:5.38-4 [262 kB]
Get:35 http://127.0.0.1:12990/debian sid/main amd64 libmagic1 amd64 1:5.38-4 [120 kB]
Get:36 http://127.0.0.1:12990/debian sid/main amd64 file amd64 1:5.38-4 [67.9 kB]
Get:37 http://127.0.0.1:12990/debian sid/main amd64 gettext-base amd64 0.19.8.1-10 [123 kB]
Get:38 http://127.0.0.1:12990/debian sid/main amd64 libsigsegv2 amd64 2.12-2 [32.8 kB]
Get:39 http://127.0.0.1:12990/debian sid/main amd64 m4 amd64 1.4.18-4 [203 kB]
Get:40 http://127.0.0.1:12990/debian sid/main amd64 autoconf all 2.69-11.1 [341 kB]
Get:41 http://127.0.0.1:12990/debian sid/main amd64 autotools-dev all 20180224.1 [77.0 kB]
Get:42 http://127.0.0.1:12990/debian sid/main amd64 automake all 1:1.16.1-4 [771 kB]
Get:43 http://127.0.0.1:12990/debian sid/main amd64 autopoint all 0.19.8.1-10 [435 kB]
Get:44 http://127.0.0.1:12990/debian sid/main amd64 libio-string-perl all 1.08-3 [12.3 kB]
Get:45 http://127.0.0.1:12990/debian sid/main amd64 libdata-stag-perl all 0.14-2 [448 kB]
Get:46 http://127.0.0.1:12990/debian sid/main amd64 libbio-perl-perl all 1.7.7-1 [2603 kB]
Get:47 http://127.0.0.1:12990/debian sid/main amd64 libclass-data-inheritable-perl all 0.08-3 [8588 B]
Get:48 http://127.0.0.1:12990/debian sid/main amd64 libdevel-stacktrace-perl all 2.0400-1 [28.6 kB]
Get:49 http://127.0.0.1:12990/debian sid/main amd64 libexception-class-perl all 1.44-1 [32.3 kB]
Get:50 http://127.0.0.1:12990/debian sid/main amd64 libtest-deep-perl all 1.128-1 [48.8 kB]
Get:51 http://127.0.0.1:12990/debian sid/main amd64 libcapture-tiny-perl all 0.48-1 [26.0 kB]
Get:52 http://127.0.0.1:12990/debian sid/main amd64 libalgorithm-diff-perl all 1.19.03-2 [47.9 kB]
Get:53 http://127.0.0.1:12990/debian sid/main amd64 libtext-diff-perl all 1.45-1 [27.7 kB]
Get:54 http://127.0.0.1:12990/debian sid/main amd64 libtest-differences-perl all 0.67-1 [18.7 kB]
Get:55 http://127.0.0.1:12990/debian sid/main amd64 libsub-uplevel-perl all 0.2800-1 [16.3 kB]
Get:56 http://127.0.0.1:12990/debian sid/main amd64 libtest-exception-perl all 0.43-1 [18.7 kB]
Get:57 http://127.0.0.1:12990/debian sid/main amd64 libtest-warn-perl all 0.36-1 [16.2 kB]
Get:58 http://127.0.0.1:12990/debian sid/main amd64 libtest-most-perl all 0.35-1 [24.5 kB]
Get:59 http://127.0.0.1:12990/debian sid/main amd64 bioperl all 1.7.7-1 [246 kB]
Get:60 http://127.0.0.1:12990/debian sid/main amd64 libssl1.1 amd64 1.1.1d-2 [1540 kB]
Get:61 http://127.0.0.1:12990/debian sid/main amd64 openssl amd64 1.1.1d-2 [840 kB]
Get:62 http://127.0.0.1:12990/debian sid/main amd64 ca-certificates all 20190110 [157 kB]
Get:63 http://127.0.0.1:12990/debian sid/main amd64 libtool all 2.4.6-13 [513 kB]
Get:64 http://127.0.0.1:12990/debian sid/main amd64 dh-autoreconf all 19 [16.9 kB]
Get:65 http://127.0.0.1:12990/debian sid/main amd64 libdebhelper-perl all 12.9 [183 kB]
Get:66 http://127.0.0.1:12990/debian sid/main amd64 libarchive-zip-perl all 1.67-1 [104 kB]
Get:67 http://127.0.0.1:12990/debian sid/main amd64 libsub-override-perl all 0.09-2 [10.2 kB]
Get:68 http://127.0.0.1:12990/debian sid/main amd64 libfile-stripnondeterminism-perl all 1.6.3-2 [23.7 kB]
Get:69 http://127.0.0.1:12990/debian sid/main amd64 dh-strip-nondeterminism all 1.6.3-2 [14.7 kB]
Get:70 http://127.0.0.1:12990/debian sid/main amd64 libelf1 amd64 0.176-1.1 [161 kB]
Get:71 http://127.0.0.1:12990/debian sid/main amd64 dwz amd64 0.13-5 [151 kB]
Get:72 http://127.0.0.1:12990/debian sid/main amd64 libglib2.0-0 amd64 2.62.4-2 [1319 kB]
Get:73 http://127.0.0.1:12990/debian sid/main amd64 libicu63 amd64 63.2-2 [8301 kB]
Get:74 http://127.0.0.1:12990/debian sid/main amd64 libxml2 amd64 2.9.10+dfsg-3 [709 kB]
Get:75 http://127.0.0.1:12990/debian sid/main amd64 libcroco3 amd64 0.6.13-1 [146 kB]
Get:76 http://127.0.0.1:12990/debian sid/main amd64 gettext amd64 0.19.8.1-10 [1303 kB]
Get:77 http://127.0.0.1:12990/debian sid/main amd64 intltool-debian all 0.35.0+20060710.5 [26.8 kB]
Get:78 http://127.0.0.1:12990/debian sid/main amd64 po-debconf all 1.0.21 [248 kB]
Get:79 http://127.0.0.1:12990/debian sid/main amd64 debhelper all 12.9 [994 kB]
Get:80 http://127.0.0.1:12990/debian sid/main amd64 libdbi-perl amd64 1.643-1 [780 kB]
Get:81 http://127.0.0.1:12990/debian sid/main amd64 libencode-locale-perl all 1.05-1 [13.7 kB]
Get:82 http://127.0.0.1:12990/debian sid/main amd64 libtimedate-perl all 2.3100-1 [39.0 kB]
Get:83 http://127.0.0.1:12990/debian sid/main amd64 libhttp-date-perl all 6.05-1 [10.4 kB]
Get:84 http://127.0.0.1:12990/debian sid/main amd64 libfile-listing-perl all 6.04-1 [10.3 kB]
Get:85 http://127.0.0.1:12990/debian sid/main amd64 libhtml-tagset-perl all 3.20-4 [13.0 kB]
Get:86 http://127.0.0.1:12990/debian sid/main amd64 liburi-perl all 1.76-2 [90.2 kB]
Get:87 http://127.0.0.1:12990/debian sid/main amd64 libhtml-parser-perl amd64 3.72-5 [105 kB]
Get:88 http://127.0.0.1:12990/debian sid/main amd64 libhtml-tree-perl all 5.07-2 [213 kB]
Get:89 http://127.0.0.1:12990/debian sid/main amd64 libio-html-perl all 1.001-1 [17.6 kB]
Get:90 http://127.0.0.1:12990/debian sid/main amd64 liblwp-mediatypes-perl all 6.04-1 [19.9 kB]
Get:91 http://127.0.0.1:12990/debian sid/main amd64 libhttp-message-perl all 6.18-1 [77.8 kB]
Get:92 http://127.0.0.1:12990/debian sid/main amd64 libhttp-cookies-perl all 6.08-1 [19.3 kB]
Get:93 http://127.0.0.1:12990/debian sid/main amd64 libhttp-negotiate-perl all 6.01-1 [12.8 kB]
Get:94 http://127.0.0.1:12990/debian sid/main amd64 perl-openssl-defaults amd64 4 [7148 B]
Get:95 http://127.0.0.1:12990/debian sid/main amd64 libnet-ssleay-perl amd64 1.88-2 [321 kB]
Get:96 http://127.0.0.1:12990/debian sid/main amd64 libio-socket-ssl-perl all 2.067-1 [212 kB]
Get:97 http://127.0.0.1:12990/debian sid/main amd64 libnet-http-perl all 6.19-1 [24.8 kB]
Get:98 http://127.0.0.1:12990/debian sid/main amd64 libtry-tiny-perl all 0.30-1 [23.3 kB]
Get:99 http://127.0.0.1:12990/debian sid/main amd64 libwww-robotrules-perl all 6.02-1 [12.9 kB]
Get:100 http://127.0.0.1:12990/debian sid/main amd64 libwww-perl all 6.43-1 [191 kB]
Get:101 http://127.0.0.1:12990/debian sid/main amd64 liblwp-protocol-https-perl all 6.07-2 [9242 B]
debconf: delaying package configuration, since apt-utils is not installed
Fetched 38.0 MB in 0s (79.6 MB/s)
Selecting previously unselected package bsdmainutils.
(Reading database ... 12960 files and directories currently installed.)
Preparing to unpack .../000-bsdmainutils_11.1.2+b1_amd64.deb ...
Unpacking bsdmainutils (11.1.2+b1) ...
Selecting previously unselected package libuchardet0:amd64.
Preparing to unpack .../001-libuchardet0_0.0.6-3_amd64.deb ...
Unpacking libuchardet0:amd64 (0.0.6-3) ...
Selecting previously unselected package groff-base.
Preparing to unpack .../002-groff-base_1.22.4-4_amd64.deb ...
Unpacking groff-base (1.22.4-4) ...
Selecting previously unselected package libpipeline1:amd64.
Preparing to unpack .../003-libpipeline1_1.5.2-2_amd64.deb ...
Unpacking libpipeline1:amd64 (1.5.2-2) ...
Selecting previously unselected package man-db.
Preparing to unpack .../004-man-db_2.9.0-2_amd64.deb ...
Unpacking man-db (2.9.0-2) ...
Selecting previously unselected package libterm-readkey-perl.
Preparing to unpack .../005-libterm-readkey-perl_2.38-1+b1_amd64.deb ...
Unpacking libterm-readkey-perl (2.38-1+b1) ...
Selecting previously unselected package sensible-utils.
Preparing to unpack .../006-sensible-utils_0.0.12+nmu1_all.deb ...
Unpacking sensible-utils (0.0.12+nmu1) ...
Selecting previously unselected package libexpat1:amd64.
Preparing to unpack .../007-libexpat1_2.2.9-1_amd64.deb ...
Unpacking libexpat1:amd64 (2.2.9-1) ...
Selecting previously unselected package libpng16-16:amd64.
Preparing to unpack .../008-libpng16-16_1.6.37-2_amd64.deb ...
Unpacking libpng16-16:amd64 (1.6.37-2) ...
Selecting previously unselected package libfreetype6:amd64.
Preparing to unpack .../009-libfreetype6_2.10.1-2_amd64.deb ...
Unpacking libfreetype6:amd64 (2.10.1-2) ...
Selecting previously unselected package ucf.
Preparing to unpack .../010-ucf_3.0038+nmu1_all.deb ...
Moving old data out of the way
Unpacking ucf (3.0038+nmu1) ...
Selecting previously unselected package fonts-dejavu-core.
Preparing to unpack .../011-fonts-dejavu-core_2.37-1_all.deb ...
Unpacking fonts-dejavu-core (2.37-1) ...
Selecting previously unselected package fontconfig-config.
Preparing to unpack .../012-fontconfig-config_2.13.1-2_all.deb ...
Unpacking fontconfig-config (2.13.1-2) ...
Selecting previously unselected package libfontconfig1:amd64.
Preparing to unpack .../013-libfontconfig1_2.13.1-2+b1_amd64.deb ...
Unpacking libfontconfig1:amd64 (2.13.1-2+b1) ...
Selecting previously unselected package libjpeg62-turbo:amd64.
Preparing to unpack .../014-libjpeg62-turbo_1%3a1.5.2-2+b1_amd64.deb ...
Unpacking libjpeg62-turbo:amd64 (1:1.5.2-2+b1) ...
Selecting previously unselected package libjbig0:amd64.
Preparing to unpack .../015-libjbig0_2.1-3.1+b2_amd64.deb ...
Unpacking libjbig0:amd64 (2.1-3.1+b2) ...
Selecting previously unselected package libwebp6:amd64.
Preparing to unpack .../016-libwebp6_0.6.1-2+b1_amd64.deb ...
Unpacking libwebp6:amd64 (0.6.1-2+b1) ...
Selecting previously unselected package libtiff5:amd64.
Preparing to unpack .../017-libtiff5_4.1.0+git191117-2_amd64.deb ...
Unpacking libtiff5:amd64 (4.1.0+git191117-2) ...
Selecting previously unselected package libxau6:amd64.
Preparing to unpack .../018-libxau6_1%3a1.0.8-1+b2_amd64.deb ...
Unpacking libxau6:amd64 (1:1.0.8-1+b2) ...
Selecting previously unselected package libxdmcp6:amd64.
Preparing to unpack .../019-libxdmcp6_1%3a1.1.2-3_amd64.deb ...
Unpacking libxdmcp6:amd64 (1:1.1.2-3) ...
Selecting previously unselected package libxcb1:amd64.
Preparing to unpack .../020-libxcb1_1.13.1-5_amd64.deb ...
Unpacking libxcb1:amd64 (1.13.1-5) ...
Selecting previously unselected package libx11-data.
Preparing to unpack .../021-libx11-data_2%3a1.6.8-1_all.deb ...
Unpacking libx11-data (2:1.6.8-1) ...
Selecting previously unselected package libx11-6:amd64.
Preparing to unpack .../022-libx11-6_2%3a1.6.8-1_amd64.deb ...
Unpacking libx11-6:amd64 (2:1.6.8-1) ...
Selecting previously unselected package libxpm4:amd64.
Preparing to unpack .../023-libxpm4_1%3a3.5.12-1_amd64.deb ...
Unpacking libxpm4:amd64 (1:3.5.12-1) ...
Selecting previously unselected package libgd3:amd64.
Preparing to unpack .../024-libgd3_2.2.5-5.2_amd64.deb ...
Unpacking libgd3:amd64 (2.2.5-5.2) ...
Selecting previously unselected package libgfortran5:amd64.
Preparing to unpack .../025-libgfortran5_10-20200222-1_amd64.deb ...
Unpacking libgfortran5:amd64 (10-20200222-1) ...
Selecting previously unselected package libgslcblas0:amd64.
Preparing to unpack .../026-libgslcblas0_2.5+dfsg-6+b1_amd64.deb ...
Unpacking libgslcblas0:amd64 (2.5+dfsg-6+b1) ...
Selecting previously unselected package libgsl23:amd64.
Preparing to unpack .../027-libgsl23_2.5+dfsg-6+b1_amd64.deb ...
Unpacking libgsl23:amd64 (2.5+dfsg-6+b1) ...
Selecting previously unselected package libhdf4-0-alt.
Preparing to unpack .../028-libhdf4-0-alt_4.2.14-1_amd64.deb ...
Unpacking libhdf4-0-alt (4.2.14-1) ...
Selecting previously unselected package libncurses6:amd64.
Preparing to unpack .../029-libncurses6_6.1+20191019-1_amd64.deb ...
Unpacking libncurses6:amd64 (6.1+20191019-1) ...
Selecting previously unselected package pdl.
Preparing to unpack .../030-pdl_1%3a2.020-3_amd64.deb ...
Unpacking pdl (1:2.020-3) ...
Selecting previously unselected package netbase.
Preparing to unpack .../031-netbase_6.1_all.deb ...
Unpacking netbase (6.1) ...
Selecting previously unselected package libmagic-mgc.
Preparing to unpack .../032-libmagic-mgc_1%3a5.38-4_amd64.deb ...
Unpacking libmagic-mgc (1:5.38-4) ...
Selecting previously unselected package libmagic1:amd64.
Preparing to unpack .../033-libmagic1_1%3a5.38-4_amd64.deb ...
Unpacking libmagic1:amd64 (1:5.38-4) ...
Selecting previously unselected package file.
Preparing to unpack .../034-file_1%3a5.38-4_amd64.deb ...
Unpacking file (1:5.38-4) ...
Selecting previously unselected package gettext-base.
Preparing to unpack .../035-gettext-base_0.19.8.1-10_amd64.deb ...
Unpacking gettext-base (0.19.8.1-10) ...
Selecting previously unselected package libsigsegv2:amd64.
Preparing to unpack .../036-libsigsegv2_2.12-2_amd64.deb ...
Unpacking libsigsegv2:amd64 (2.12-2) ...
Selecting previously unselected package m4.
Preparing to unpack .../037-m4_1.4.18-4_amd64.deb ...
Unpacking m4 (1.4.18-4) ...
Selecting previously unselected package autoconf.
Preparing to unpack .../038-autoconf_2.69-11.1_all.deb ...
Unpacking autoconf (2.69-11.1) ...
Selecting previously unselected package autotools-dev.
Preparing to unpack .../039-autotools-dev_20180224.1_all.deb ...
Unpacking autotools-dev (20180224.1) ...
Selecting previously unselected package automake.
Preparing to unpack .../040-automake_1%3a1.16.1-4_all.deb ...
Unpacking automake (1:1.16.1-4) ...
Selecting previously unselected package autopoint.
Preparing to unpack .../041-autopoint_0.19.8.1-10_all.deb ...
Unpacking autopoint (0.19.8.1-10) ...
Selecting previously unselected package libio-string-perl.
Preparing to unpack .../042-libio-string-perl_1.08-3_all.deb ...
Unpacking libio-string-perl (1.08-3) ...
Selecting previously unselected package libdata-stag-perl.
Preparing to unpack .../043-libdata-stag-perl_0.14-2_all.deb ...
Unpacking libdata-stag-perl (0.14-2) ...
Selecting previously unselected package libbio-perl-perl.
Preparing to unpack .../044-libbio-perl-perl_1.7.7-1_all.deb ...
Unpacking libbio-perl-perl (1.7.7-1) ...
Selecting previously unselected package libclass-data-inheritable-perl.
Preparing to unpack .../045-libclass-data-inheritable-perl_0.08-3_all.deb ...
Unpacking libclass-data-inheritable-perl (0.08-3) ...
Selecting previously unselected package libdevel-stacktrace-perl.
Preparing to unpack .../046-libdevel-stacktrace-perl_2.0400-1_all.deb ...
Unpacking libdevel-stacktrace-perl (2.0400-1) ...
Selecting previously unselected package libexception-class-perl.
Preparing to unpack .../047-libexception-class-perl_1.44-1_all.deb ...
Unpacking libexception-class-perl (1.44-1) ...
Selecting previously unselected package libtest-deep-perl.
Preparing to unpack .../048-libtest-deep-perl_1.128-1_all.deb ...
Unpacking libtest-deep-perl (1.128-1) ...
Selecting previously unselected package libcapture-tiny-perl.
Preparing to unpack .../049-libcapture-tiny-perl_0.48-1_all.deb ...
Unpacking libcapture-tiny-perl (0.48-1) ...
Selecting previously unselected package libalgorithm-diff-perl.
Preparing to unpack .../050-libalgorithm-diff-perl_1.19.03-2_all.deb ...
Unpacking libalgorithm-diff-perl (1.19.03-2) ...
Selecting previously unselected package libtext-diff-perl.
Preparing to unpack .../051-libtext-diff-perl_1.45-1_all.deb ...
Unpacking libtext-diff-perl (1.45-1) ...
Selecting previously unselected package libtest-differences-perl.
Preparing to unpack .../052-libtest-differences-perl_0.67-1_all.deb ...
Unpacking libtest-differences-perl (0.67-1) ...
Selecting previously unselected package libsub-uplevel-perl.
Preparing to unpack .../053-libsub-uplevel-perl_0.2800-1_all.deb ...
Unpacking libsub-uplevel-perl (0.2800-1) ...
Selecting previously unselected package libtest-exception-perl.
Preparing to unpack .../054-libtest-exception-perl_0.43-1_all.deb ...
Unpacking libtest-exception-perl (0.43-1) ...
Selecting previously unselected package libtest-warn-perl.
Preparing to unpack .../055-libtest-warn-perl_0.36-1_all.deb ...
Unpacking libtest-warn-perl (0.36-1) ...
Selecting previously unselected package libtest-most-perl.
Preparing to unpack .../056-libtest-most-perl_0.35-1_all.deb ...
Unpacking libtest-most-perl (0.35-1) ...
Selecting previously unselected package bioperl.
Preparing to unpack .../057-bioperl_1.7.7-1_all.deb ...
Unpacking bioperl (1.7.7-1) ...
Selecting previously unselected package libssl1.1:amd64.
Preparing to unpack .../058-libssl1.1_1.1.1d-2_amd64.deb ...
Unpacking libssl1.1:amd64 (1.1.1d-2) ...
Selecting previously unselected package openssl.
Preparing to unpack .../059-openssl_1.1.1d-2_amd64.deb ...
Unpacking openssl (1.1.1d-2) ...
Selecting previously unselected package ca-certificates.
Preparing to unpack .../060-ca-certificates_20190110_all.deb ...
Unpacking ca-certificates (20190110) ...
Selecting previously unselected package libtool.
Preparing to unpack .../061-libtool_2.4.6-13_all.deb ...
Unpacking libtool (2.4.6-13) ...
Selecting previously unselected package dh-autoreconf.
Preparing to unpack .../062-dh-autoreconf_19_all.deb ...
Unpacking dh-autoreconf (19) ...
Selecting previously unselected package libdebhelper-perl.
Preparing to unpack .../063-libdebhelper-perl_12.9_all.deb ...
Unpacking libdebhelper-perl (12.9) ...
Selecting previously unselected package libarchive-zip-perl.
Preparing to unpack .../064-libarchive-zip-perl_1.67-1_all.deb ...
Unpacking libarchive-zip-perl (1.67-1) ...
Selecting previously unselected package libsub-override-perl.
Preparing to unpack .../065-libsub-override-perl_0.09-2_all.deb ...
Unpacking libsub-override-perl (0.09-2) ...
Selecting previously unselected package libfile-stripnondeterminism-perl.
Preparing to unpack .../066-libfile-stripnondeterminism-perl_1.6.3-2_all.deb ...
Unpacking libfile-stripnondeterminism-perl (1.6.3-2) ...
Selecting previously unselected package dh-strip-nondeterminism.
Preparing to unpack .../067-dh-strip-nondeterminism_1.6.3-2_all.deb ...
Unpacking dh-strip-nondeterminism (1.6.3-2) ...
Selecting previously unselected package libelf1:amd64.
Preparing to unpack .../068-libelf1_0.176-1.1_amd64.deb ...
Unpacking libelf1:amd64 (0.176-1.1) ...
Selecting previously unselected package dwz.
Preparing to unpack .../069-dwz_0.13-5_amd64.deb ...
Unpacking dwz (0.13-5) ...
Selecting previously unselected package libglib2.0-0:amd64.
Preparing to unpack .../070-libglib2.0-0_2.62.4-2_amd64.deb ...
Unpacking libglib2.0-0:amd64 (2.62.4-2) ...
Selecting previously unselected package libicu63:amd64.
Preparing to unpack .../071-libicu63_63.2-2_amd64.deb ...
Unpacking libicu63:amd64 (63.2-2) ...
Selecting previously unselected package libxml2:amd64.
Preparing to unpack .../072-libxml2_2.9.10+dfsg-3_amd64.deb ...
Unpacking libxml2:amd64 (2.9.10+dfsg-3) ...
Selecting previously unselected package libcroco3:amd64.
Preparing to unpack .../073-libcroco3_0.6.13-1_amd64.deb ...
Unpacking libcroco3:amd64 (0.6.13-1) ...
Selecting previously unselected package gettext.
Preparing to unpack .../074-gettext_0.19.8.1-10_amd64.deb ...
Unpacking gettext (0.19.8.1-10) ...
Selecting previously unselected package intltool-debian.
Preparing to unpack .../075-intltool-debian_0.35.0+20060710.5_all.deb ...
Unpacking intltool-debian (0.35.0+20060710.5) ...
Selecting previously unselected package po-debconf.
Preparing to unpack .../076-po-debconf_1.0.21_all.deb ...
Unpacking po-debconf (1.0.21) ...
Selecting previously unselected package debhelper.
Preparing to unpack .../077-debhelper_12.9_all.deb ...
Unpacking debhelper (12.9) ...
Selecting previously unselected package libdbi-perl:amd64.
Preparing to unpack .../078-libdbi-perl_1.643-1_amd64.deb ...
Unpacking libdbi-perl:amd64 (1.643-1) ...
Selecting previously unselected package libencode-locale-perl.
Preparing to unpack .../079-libencode-locale-perl_1.05-1_all.deb ...
Unpacking libencode-locale-perl (1.05-1) ...
Selecting previously unselected package libtimedate-perl.
Preparing to unpack .../080-libtimedate-perl_2.3100-1_all.deb ...
Unpacking libtimedate-perl (2.3100-1) ...
Selecting previously unselected package libhttp-date-perl.
Preparing to unpack .../081-libhttp-date-perl_6.05-1_all.deb ...
Unpacking libhttp-date-perl (6.05-1) ...
Selecting previously unselected package libfile-listing-perl.
Preparing to unpack .../082-libfile-listing-perl_6.04-1_all.deb ...
Unpacking libfile-listing-perl (6.04-1) ...
Selecting previously unselected package libhtml-tagset-perl.
Preparing to unpack .../083-libhtml-tagset-perl_3.20-4_all.deb ...
Unpacking libhtml-tagset-perl (3.20-4) ...
Selecting previously unselected package liburi-perl.
Preparing to unpack .../084-liburi-perl_1.76-2_all.deb ...
Unpacking liburi-perl (1.76-2) ...
Selecting previously unselected package libhtml-parser-perl.
Preparing to unpack .../085-libhtml-parser-perl_3.72-5_amd64.deb ...
Unpacking libhtml-parser-perl (3.72-5) ...
Selecting previously unselected package libhtml-tree-perl.
Preparing to unpack .../086-libhtml-tree-perl_5.07-2_all.deb ...
Unpacking libhtml-tree-perl (5.07-2) ...
Selecting previously unselected package libio-html-perl.
Preparing to unpack .../087-libio-html-perl_1.001-1_all.deb ...
Unpacking libio-html-perl (1.001-1) ...
Selecting previously unselected package liblwp-mediatypes-perl.
Preparing to unpack .../088-liblwp-mediatypes-perl_6.04-1_all.deb ...
Unpacking liblwp-mediatypes-perl (6.04-1) ...
Selecting previously unselected package libhttp-message-perl.
Preparing to unpack .../089-libhttp-message-perl_6.18-1_all.deb ...
Unpacking libhttp-message-perl (6.18-1) ...
Selecting previously unselected package libhttp-cookies-perl.
Preparing to unpack .../090-libhttp-cookies-perl_6.08-1_all.deb ...
Unpacking libhttp-cookies-perl (6.08-1) ...
Selecting previously unselected package libhttp-negotiate-perl.
Preparing to unpack .../091-libhttp-negotiate-perl_6.01-1_all.deb ...
Unpacking libhttp-negotiate-perl (6.01-1) ...
Selecting previously unselected package perl-openssl-defaults:amd64.
Preparing to unpack .../092-perl-openssl-defaults_4_amd64.deb ...
Unpacking perl-openssl-defaults:amd64 (4) ...
Selecting previously unselected package libnet-ssleay-perl.
Preparing to unpack .../093-libnet-ssleay-perl_1.88-2_amd64.deb ...
Unpacking libnet-ssleay-perl (1.88-2) ...
Selecting previously unselected package libio-socket-ssl-perl.
Preparing to unpack .../094-libio-socket-ssl-perl_2.067-1_all.deb ...
Unpacking libio-socket-ssl-perl (2.067-1) ...
Selecting previously unselected package libnet-http-perl.
Preparing to unpack .../095-libnet-http-perl_6.19-1_all.deb ...
Unpacking libnet-http-perl (6.19-1) ...
Selecting previously unselected package libtry-tiny-perl.
Preparing to unpack .../096-libtry-tiny-perl_0.30-1_all.deb ...
Unpacking libtry-tiny-perl (0.30-1) ...
Selecting previously unselected package libwww-robotrules-perl.
Preparing to unpack .../097-libwww-robotrules-perl_6.02-1_all.deb ...
Unpacking libwww-robotrules-perl (6.02-1) ...
Selecting previously unselected package libwww-perl.
Preparing to unpack .../098-libwww-perl_6.43-1_all.deb ...
Unpacking libwww-perl (6.43-1) ...
Selecting previously unselected package liblwp-protocol-https-perl.
Preparing to unpack .../099-liblwp-protocol-https-perl_6.07-2_all.deb ...
Unpacking liblwp-protocol-https-perl (6.07-2) ...
Selecting previously unselected package sbuild-build-depends-main-dummy.
Preparing to unpack .../100-sbuild-build-depends-main-dummy_0.invalid.0_amd64.deb ...
Unpacking sbuild-build-depends-main-dummy (0.invalid.0) ...
Setting up libexpat1:amd64 (2.2.9-1) ...
Setting up libpipeline1:amd64 (1.5.2-2) ...
Setting up libxau6:amd64 (1:1.0.8-1+b2) ...
Setting up libxdmcp6:amd64 (1:1.1.2-3) ...
Setting up libxcb1:amd64 (1.13.1-5) ...
Setting up libgslcblas0:amd64 (2.5+dfsg-6+b1) ...
Setting up libtest-deep-perl (1.128-1) ...
Setting up libmagic-mgc (1:5.38-4) ...
Setting up libalgorithm-diff-perl (1.19.03-2) ...
Setting up libarchive-zip-perl (1.67-1) ...
Setting up libglib2.0-0:amd64 (2.62.4-2) ...
No schema files found: doing nothing.
Setting up libssl1.1:amd64 (1.1.1d-2) ...
Setting up libhtml-tagset-perl (3.20-4) ...
Setting up libdebhelper-perl (12.9) ...
Setting up liblwp-mediatypes-perl (6.04-1) ...
Setting up libtry-tiny-perl (0.30-1) ...
Setting up libmagic1:amd64 (1:5.38-4) ...
Setting up perl-openssl-defaults:amd64 (4) ...
Setting up gettext-base (0.19.8.1-10) ...
Setting up libencode-locale-perl (1.05-1) ...
Setting up file (1:5.38-4) ...
Setting up libjbig0:amd64 (2.1-3.1+b2) ...
Setting up libicu63:amd64 (63.2-2) ...
Setting up libio-string-perl (1.08-3) ...
Setting up autotools-dev (20180224.1) ...
Setting up libclass-data-inheritable-perl (0.08-3) ...
Setting up libjpeg62-turbo:amd64 (1:1.5.2-2+b1) ...
Setting up libx11-data (2:1.6.8-1) ...
Setting up libtext-diff-perl (1.45-1) ...
Setting up libgsl23:amd64 (2.5+dfsg-6+b1) ...
Setting up libncurses6:amd64 (6.1+20191019-1) ...
Setting up libsigsegv2:amd64 (2.12-2) ...
Setting up bsdmainutils (11.1.2+b1) ...
update-alternatives: using /usr/bin/bsd-write to provide /usr/bin/write (write) in auto mode
update-alternatives: using /usr/bin/bsd-from to provide /usr/bin/from (from) in auto mode
Setting up libpng16-16:amd64 (1.6.37-2) ...
Setting up libio-html-perl (1.001-1) ...
Setting up autopoint (0.19.8.1-10) ...
Setting up libwebp6:amd64 (0.6.1-2+b1) ...
Setting up fonts-dejavu-core (2.37-1) ...
Setting up libgfortran5:amd64 (10-20200222-1) ...
Setting up libhdf4-0-alt (4.2.14-1) ...
Setting up libcapture-tiny-perl (0.48-1) ...
Setting up libtimedate-perl (2.3100-1) ...
Setting up libdata-stag-perl (0.14-2) ...
Setting up sensible-utils (0.0.12+nmu1) ...
Setting up libuchardet0:amd64 (0.0.6-3) ...
Setting up libsub-uplevel-perl (0.2800-1) ...
Setting up libsub-override-perl (0.09-2) ...
Setting up libx11-6:amd64 (2:1.6.8-1) ...
Setting up netbase (6.1) ...
Setting up libdevel-stacktrace-perl (2.0400-1) ...
Setting up libtiff5:amd64 (4.1.0+git191117-2) ...
Setting up libbio-perl-perl (1.7.7-1) ...
Setting up libterm-readkey-perl (2.38-1+b1) ...
Setting up openssl (1.1.1d-2) ...
Setting up libelf1:amd64 (0.176-1.1) ...
Setting up libxml2:amd64 (2.9.10+dfsg-3) ...
Setting up liburi-perl (1.76-2) ...
Setting up libdbi-perl:amd64 (1.643-1) ...
Setting up libnet-ssleay-perl (1.88-2) ...
Setting up libfile-stripnondeterminism-perl (1.6.3-2) ...
Setting up libhttp-date-perl (6.05-1) ...
Setting up libfile-listing-perl (6.04-1) ...
Setting up libxpm4:amd64 (1:3.5.12-1) ...
Setting up libtool (2.4.6-13) ...
Setting up libtest-warn-perl (0.36-1) ...
Setting up libtest-differences-perl (0.67-1) ...
Setting up libnet-http-perl (6.19-1) ...
Setting up m4 (1.4.18-4) ...
Setting up libexception-class-perl (1.44-1) ...
Setting up ca-certificates (20190110) ...
Updating certificates in /etc/ssl/certs...
128 added, 0 removed; done.
Setting up libtest-exception-perl (0.43-1) ...
Setting up libfreetype6:amd64 (2.10.1-2) ...
Setting up libcroco3:amd64 (0.6.13-1) ...
Setting up ucf (3.0038+nmu1) ...
Setting up autoconf (2.69-11.1) ...
Setting up dh-strip-nondeterminism (1.6.3-2) ...
Setting up libwww-robotrules-perl (6.02-1) ...
Setting up dwz (0.13-5) ...
Setting up groff-base (1.22.4-4) ...
Setting up libhtml-parser-perl (3.72-5) ...
Setting up libio-socket-ssl-perl (2.067-1) ...
Setting up libhttp-message-perl (6.18-1) ...
Setting up automake (1:1.16.1-4) ...
update-alternatives: using /usr/bin/automake-1.16 to provide /usr/bin/automake (automake) in auto mode
Setting up libhttp-negotiate-perl (6.01-1) ...
Setting up gettext (0.19.8.1-10) ...
Setting up libhttp-cookies-perl (6.08-1) ...
Setting up libtest-most-perl (0.35-1) ...
Setting up fontconfig-config (2.13.1-2) ...
Setting up libhtml-tree-perl (5.07-2) ...
Setting up man-db (2.9.0-2) ...
Not building database; man-db/auto-update is not 'true'.
Setting up intltool-debian (0.35.0+20060710.5) ...
Setting up libfontconfig1:amd64 (2.13.1-2+b1) ...
Setting up bioperl (1.7.7-1) ...
Setting up po-debconf (1.0.21) ...
Setting up libgd3:amd64 (2.2.5-5.2) ...
Setting up pdl (1:2.020-3) ...
Setting up dh-autoreconf (19) ...
Setting up liblwp-protocol-https-perl (6.07-2) ...
Setting up libwww-perl (6.43-1) ...
Setting up debhelper (12.9) ...
Setting up sbuild-build-depends-main-dummy (0.invalid.0) ...
Processing triggers for libc-bin (2.29-10) ...
Processing triggers for ca-certificates (20190110) ...
Updating certificates in /etc/ssl/certs...
0 added, 0 removed; done.
Running hooks in /etc/ca-certificates/update.d...
done.

+------------------------------------------------------------------------------+
| Check architectures                                                          |
+------------------------------------------------------------------------------+

Arch check ok (amd64 included in any)

+------------------------------------------------------------------------------+
| Build environment                                                            |
+------------------------------------------------------------------------------+

Kernel: Linux 4.19.0-6-cloud-amd64 #1 SMP Debian 4.19.67-2+deb10u2 (2019-11-11) amd64 (x86_64)
Toolchain package versions: binutils_2.34-3 dpkg-dev_1.19.7 g++-9_9.2.1-29 gcc-9_9.2.1-29 libc6-dev_2.29-10 libstdc++-9-dev_9.2.1-29 libstdc++6_10-20200222-1 linux-libc-dev_5.4.19-1
Package versions: adduser_3.118 apt_1.8.4 autoconf_2.69-11.1 automake_1:1.16.1-4 autopoint_0.19.8.1-10 autotools-dev_20180224.1 base-files_11 base-passwd_3.5.47 bash_5.0-5 binutils_2.34-3 binutils-common_2.34-3 binutils-x86-64-linux-gnu_2.34-3 bioperl_1.7.7-1 bsdmainutils_11.1.2+b1 bsdutils_1:2.34-0.1 build-essential_12.8 bzip2_1.0.8-2 ca-certificates_20190110 clang-10_1:10.0.0~+rc2-1 coreutils_8.30-3+b1 cpp_4:9.2.1-3.1 cpp-9_9.2.1-29 dash_0.5.10.2-6 debconf_1.5.73 debhelper_12.9 debian-archive-keyring_2019.1 debianutils_4.9.1 dh-autoreconf_19 dh-strip-nondeterminism_1.6.3-2 diffutils_1:3.7-3 dpkg_1.19.7 dpkg-dev_1.19.7 dwz_0.13-5 e2fsprogs_1.45.5-2 fakeroot_1.24-1 fdisk_2.34-0.1 file_1:5.38-4 findutils_4.7.0-1 fontconfig-config_2.13.1-2 fonts-dejavu-core_2.37-1 g++_4:9.2.1-3.1 g++-9_9.2.1-29 gcc_4:9.2.1-3.1 gcc-10-base_10-20200222-1 gcc-9_9.2.1-29 gcc-9-base_9.2.1-29 gettext_0.19.8.1-10 gettext-base_0.19.8.1-10 gpgv_2.2.19-1 grep_3.4-1 groff-base_1.22.4-4 gzip_1.9-3+b1 hostname_3.23 init-system-helpers_1.57 intltool-debian_0.35.0+20060710.5 lib32gcc-s1_10-20200222-1 lib32gcc1_1:10-20200222-1 lib32stdc++6_10-20200222-1 libacl1_2.2.53-5 libalgorithm-diff-perl_1.19.03-2 libapt-pkg5.0_1.8.4 libarchive-zip-perl_1.67-1 libasan5_9.2.1-29 libatomic1_10-20200222-1 libattr1_1:2.4.48-5 libaudit-common_1:2.8.5-2 libaudit1_1:2.8.5-2+b1 libbinutils_2.34-3 libbio-perl-perl_1.7.7-1 libblkid1_2.34-0.1 libbsd0_0.10.0-1 libbz2-1.0_1.0.8-2 libc-bin_2.29-10 libc-dev-bin_2.29-10 libc6_2.29-10 libc6-dev_2.29-10 libc6-i386_2.29-10 libcap-ng0_0.7.9-2.1+b1 libcapture-tiny-perl_0.48-1 libcc1-0_10-20200222-1 libclang-common-10-dev_1:10.0.0~+rc2-1 libclang-cpp10_1:10.0.0~+rc2-1 libclang1-10_1:10.0.0~+rc2-1 libclass-data-inheritable-perl_0.08-3 libcom-err2_1.45.5-2 libcroco3_0.6.13-1 libcrypt-dev_1:4.4.10-10 libcrypt1_1:4.4.10-10 libctf-nobfd0_2.34-3 libctf0_2.34-3 libdata-stag-perl_0.14-2 libdb5.3_5.3.28+dfsg1-0.6 libdbi-perl_1.643-1 libdebconfclient0_0.251 libdebhelper-perl_12.9 libdevel-stacktrace-perl_2.0400-1 libdpkg-perl_1.19.7 libedit2_3.1-20191231-1 libelf1_0.176-1.1 libencode-locale-perl_1.05-1 libexception-class-perl_1.44-1 libexpat1_2.2.9-1 libext2fs2_1.45.5-2 libfakeroot_1.24-1 libfdisk1_2.34-0.1 libffi7_3.3-3 libfile-listing-perl_6.04-1 libfile-stripnondeterminism-perl_1.6.3-2 libfontconfig1_2.13.1-2+b1 libfreetype6_2.10.1-2 libgc1c2_1:7.6.4-0.4 libgcc-9-dev_9.2.1-29 libgcc-s1_10-20200222-1 libgcc1_1:10-20200222-1 libgcrypt20_1.8.5-5 libgd3_2.2.5-5.2 libgdbm-compat4_1.18.1-5 libgdbm6_1.18.1-5 libgfortran5_10-20200222-1 libglib2.0-0_2.62.4-2 libgmp10_2:6.2.0+dfsg-4 libgnutls30_3.6.12-2 libgomp1_10-20200222-1 libgpg-error0_1.37-1 libgsl23_2.5+dfsg-6+b1 libgslcblas0_2.5+dfsg-6+b1 libhdf4-0-alt_4.2.14-1 libhogweed5_3.5.1+really3.5.1-2 libhtml-parser-perl_3.72-5 libhtml-tagset-perl_3.20-4 libhtml-tree-perl_5.07-2 libhttp-cookies-perl_6.08-1 libhttp-date-perl_6.05-1 libhttp-message-perl_6.18-1 libhttp-negotiate-perl_6.01-1 libicu63_63.2-2 libidn2-0_2.2.0-2 libio-html-perl_1.001-1 libio-socket-ssl-perl_2.067-1 libio-string-perl_1.08-3 libisl22_0.22.1-1 libitm1_10-20200222-1 libjbig0_2.1-3.1+b2 libjpeg62-turbo_1:1.5.2-2+b1 libllvm10_1:10.0.0~+rc2-1 liblsan0_10-20200222-1 liblwp-mediatypes-perl_6.04-1 liblwp-protocol-https-perl_6.07-2 liblz4-1_1.9.2-2 liblzma5_5.2.4-1+b1 libmagic-mgc_1:5.38-4 libmagic1_1:5.38-4 libmount1_2.34-0.1 libmpc3_1.1.0-1 libmpfr6_4.0.2-1 libncurses6_6.1+20191019-1 libncursesw6_6.1+20191019-1 libnet-http-perl_6.19-1 libnet-ssleay-perl_1.88-2 libnettle7_3.5.1+really3.5.1-2 libobjc-9-dev_9.2.1-29 libobjc4_10-20200222-1 libomp-10-dev_1:10.0.0~+rc2-1 libomp5-10_1:10.0.0~+rc2-1 libp11-kit0_0.23.20-1 libpam-modules_1.3.1-5 libpam-modules-bin_1.3.1-5 libpam-runtime_1.3.1-5 libpam0g_1.3.1-5 libpcre2-8-0_10.34-7 libpcre3_2:8.39-12+b1 libperl5.30_5.30.0-9 libpipeline1_1.5.2-2 libpng16-16_1.6.37-2 libquadmath0_10-20200222-1 libseccomp2_2.4.2-2 libselinux1_3.0-1+b1 libsemanage-common_3.0-1 libsemanage1_3.0-1+b1 libsepol1_3.0-1 libsigsegv2_2.12-2 libsmartcols1_2.34-0.1 libss2_1.45.5-2 libssl1.1_1.1.1d-2 libstdc++-9-dev_9.2.1-29 libstdc++6_10-20200222-1 libsub-override-perl_0.09-2 libsub-uplevel-perl_0.2800-1 libsystemd0_244.3-1 libtasn1-6_4.16.0-2 libterm-readkey-perl_2.38-1+b1 libtest-deep-perl_1.128-1 libtest-differences-perl_0.67-1 libtest-exception-perl_0.43-1 libtest-most-perl_0.35-1 libtest-warn-perl_0.36-1 libtext-diff-perl_1.45-1 libtiff5_4.1.0+git191117-2 libtimedate-perl_2.3100-1 libtinfo6_6.1+20191019-1 libtool_2.4.6-13 libtry-tiny-perl_0.30-1 libtsan0_10-20200222-1 libubsan1_10-20200222-1 libuchardet0_0.0.6-3 libudev1_244.3-1 libunistring2_0.9.10-2 liburi-perl_1.76-2 libuuid1_2.34-0.1 libwebp6_0.6.1-2+b1 libwww-perl_6.43-1 libwww-robotrules-perl_6.02-1 libx11-6_2:1.6.8-1 libx11-data_2:1.6.8-1 libxau6_1:1.0.8-1+b2 libxcb1_1.13.1-5 libxdmcp6_1:1.1.2-3 libxml2_2.9.10+dfsg-3 libxpm4_1:3.5.12-1 libz3-4_4.8.7-4 libzstd1_1.4.4+dfsg-3 linux-libc-dev_5.4.19-1 login_1:4.8.1-1 logsave_1.45.5-2 lsb-base_11.1.0 m4_1.4.18-4 make_4.2.1-1.2 man-db_2.9.0-2 mawk_1.3.4.20200120-2 mount_2.34-0.1 ncurses-base_6.1+20191019-1 ncurses-bin_6.1+20191019-1 netbase_6.1 openssl_1.1.1d-2 passwd_1:4.8.1-1 patch_2.7.6-6 pdl_1:2.020-3 perl_5.30.0-9 perl-base_5.30.0-9 perl-modules-5.30_5.30.0-9 perl-openssl-defaults_4 po-debconf_1.0.21 sbuild-build-depends-main-dummy_0.invalid.0 sed_4.7-1 sensible-utils_0.0.12+nmu1 sysvinit-utils_2.96-2.1 tar_1.30+dfsg-6+b1 tzdata_2019c-3 ucf_3.0038+nmu1 util-linux_2.34-0.1 xz-utils_5.2.4-1+b1 zlib1g_1:1.2.11.dfsg-2

+------------------------------------------------------------------------------+
| Build                                                                        |
+------------------------------------------------------------------------------+


Unpack source
-------------

-----BEGIN PGP SIGNED MESSAGE-----
Hash: SHA256

Format: 3.0 (quilt)
Source: libtfbs-perl
Binary: libtfbs-perl
Architecture: any
Version: 0.7.1-3
Maintainer: Debian Med Packaging Team <debian-med-packaging@lists.alioth.debian.org>
Uploaders: Steffen Moeller <moeller@debian.org>, Charles Plessy <plessy@debian.org>, Andreas Tille <tille@debian.org>
Homepage: http://tfbs.genereg.net
Standards-Version: 4.4.0
Vcs-Browser: https://salsa.debian.org/med-team/libtfbs-perl
Vcs-Git: https://salsa.debian.org/med-team/libtfbs-perl.git
Testsuite: autopkgtest
Testsuite-Triggers: libgd-gd2-perl, pkg-perl-autopkgtest, pkg-perl-autopkgtest-heavy
Build-Depends: debhelper-compat (= 12), perl, pdl (>= 1:2.016), bioperl, libwww-perl, libdbi-perl
Package-List:
 libtfbs-perl deb perl optional arch=any
Checksums-Sha1:
 4c613ee2cac2bdbc49d457a41ef7ef1b92f80546 388360 libtfbs-perl_0.7.1.orig.tar.gz
 e4d48b6f315e5fa424a36deafa72f2843e19fdc1 6268 libtfbs-perl_0.7.1-3.debian.tar.xz
Checksums-Sha256:
 26a09a3dfff5abeee6b2bdfd8a07023d99ace3d3e28352a3e856c271186f23aa 388360 libtfbs-perl_0.7.1.orig.tar.gz
 905c4803ae4b94cea80f44aa1aa6962f2b572dd7706ea1452fdcc319d1158e59 6268 libtfbs-perl_0.7.1-3.debian.tar.xz
Files:
 90f94b3fa345b435262e803ceba05b40 388360 libtfbs-perl_0.7.1.orig.tar.gz
 402fcdffe8e7e5af5246f95b58de9d56 6268 libtfbs-perl_0.7.1-3.debian.tar.xz

-----BEGIN PGP SIGNATURE-----

iQJFBAEBCAAvFiEE8fAHMgoDVUHwpmPKV4oElNHGRtEFAl2DoVMRHHRpbGxlQGRl
Ymlhbi5vcmcACgkQV4oElNHGRtH51w//TIlCVeh8HmskKA2axALAQ1N42V6Xe+3U
xbremFSQbRyegDMB7TE+vCPfDl/1pla4Yv/eMX3Jqloe/WyCBeT7tXXLj714QYJW
mj0HZl5HWUGazjzKt3SmlUhnVceFHarr5oHx7i/k5M1Nd55VbKgU3Rg24fMFI22z
oWpGyWljLnwIAxlsKYpnKQB42D2r2pe2WhHNAd/ecHcAiwnPr/u6nuYhRKIesku0
9tBP+9oBouFT3orJ2fHFMappaoVGDSAL2RC8VyKVQCZPTkRyTpQy6EY7gpVHP2fn
ZIaVW0CR0LzgTDmHm4M2a9+vFdczL15LRMDijJTc404IUQvZr1AZ3F2h3g2zSZTe
rf0F9iDjbuTc6zCkWUfbsyDDBtETTH6tDt4fUvgkQ9NiW1vpFrOMK1aiOsVejHCG
Vdl71sxsyTZg2Sinm9zRCUk48I2h8f5I8h4TDCfr8tDmp/wPawUi/xH6Zv33BTtk
vEQMg27OSq6C6XGwLx6qk7/9H47mEzoe36tyb1mdMBlC4ZsudlFRWlRUy9BeSzPh
eeG0GbEOS1ifNqLpGIGRSVjs7GIFoaFukC7rcbATLFkDZUTJh8t95HHfA1Xpneds
lxhMxNXoDVDThIFK8JZjj/zDt+H7Nc/81ftAMB9nwL94UocbCgWBqOBWwNvmjuhg
Nwi4x+RhNYA=
=qq1V
-----END PGP SIGNATURE-----

gpgv: unknown type of key resource 'trustedkeys.kbx'
gpgv: keyblock resource '/sbuild-nonexistent/.gnupg/trustedkeys.kbx': General error
gpgv: Signature made Thu Sep 19 15:40:03 2019 UTC
gpgv:                using RSA key F1F007320A035541F0A663CA578A0494D1C646D1
gpgv:                issuer "tille@debian.org"
gpgv: Can't check signature: No public key
dpkg-source: warning: failed to verify signature on ./libtfbs-perl_0.7.1-3.dsc
dpkg-source: info: extracting libtfbs-perl in /<<PKGBUILDDIR>>
dpkg-source: info: unpacking libtfbs-perl_0.7.1.orig.tar.gz
dpkg-source: info: unpacking libtfbs-perl_0.7.1-3.debian.tar.xz
dpkg-source: info: using patch list from debian/patches/series
dpkg-source: info: applying hardening.patch
dpkg-source: info: applying spelling-errors.patch

Check disk space
----------------

Sufficient free space for build

User Environment
----------------

APT_CONFIG=/var/lib/sbuild/apt.conf
HOME=/sbuild-nonexistent
LANG=C.UTF-8
LC_ALL=C.UTF-8
LOGNAME=user42
PATH=/usr/local/sbin:/usr/local/bin:/usr/sbin:/usr/bin:/sbin:/bin:/usr/games
SCHROOT_ALIAS_NAME=unstable
SCHROOT_CHROOT_NAME=sid-amd64-sbuild
SCHROOT_COMMAND=env
SCHROOT_GID=1001
SCHROOT_GROUP=user42
SCHROOT_SESSION_ID=sid-amd64-sbuild-58828b7d-0d76-4e64-94d3-cc093697079a
SCHROOT_UID=1001
SCHROOT_USER=user42
SHELL=/bin/sh
USER=user42

dpkg-buildpackage
-----------------

Command: dpkg-buildpackage -us -uc -b -rfakeroot
dpkg-buildpackage: info: source package libtfbs-perl
dpkg-buildpackage: info: source version 0.7.1-3
dpkg-buildpackage: info: source distribution unstable
dpkg-buildpackage: info: source changed by Andreas Tille <tille@debian.org>
 dpkg-source --before-build .
dpkg-buildpackage: info: host architecture amd64
 fakeroot debian/rules clean
dh clean
   debian/rules override_dh_auto_clean
make[1]: Entering directory '/<<PKGBUILDDIR>>'
rm --force Makefile Makefile.old
make[1]: Leaving directory '/<<PKGBUILDDIR>>'
   dh_clean
 debian/rules build
dh build
   dh_update_autotools_config
   dh_autoreconf
   debian/rules override_dh_auto_configure
make[1]: Entering directory '/<<PKGBUILDDIR>>'
echo "n" | perl Makefile.PL INSTALLDIRS=vendor


	-------------------------------------------------
		            WARNING
	-------------------------------------------------
         GD.pm does not seem to be installed.

         GD is reqired to produce "sequence logos" from 
	 information content matrices. If you need this 
	 functionality, please visit 
	 http://stein.cshl.org/WWW/software/GD/ 
         for information on obtaining and installing GD.
        -------------------------------------------------

Do you have write access to a MySQL database server? [n] Checking if your kit is complete...
Warning: the following files are missing in your kit:
	README
Please inform the author.
Writing MYMETA.yml and MYMETA.json
Generating a Unix-style Makefile
Writing Makefile for TFBS
Writing MYMETA.yml and MYMETA.json
/usr/bin/make OPTIMIZE="-g -O2 -fdebug-prefix-map=/<<PKGBUILDDIR>>=. -specs=/usr/share/dpkg/no-pie-compile.specs -fstack-protector-strong -Wformat -Werror=format-security" LD_RUN_PATH="" OTHERLDFLAGS="-specs=/usr/share/dpkg/no-pie-link.specs -Wl,-z,relro -Wl,-z,now"
make[2]: Entering directory '/<<PKGBUILDDIR>>'
cp TFBS/PatternGen.pm blib/lib/TFBS/PatternGen.pm
cp TFBS/DB/JASPAR5.pm blib/lib/TFBS/DB/JASPAR5.pm
Skip blib/lib/TFBS/SitePairSet.pm (unchanged)
Skip blib/lib/TFBS/PatternGen/Motif/Matrix.pm (unchanged)
cp TFBS/MatrixSet.pm blib/lib/TFBS/MatrixSet.pm
cp TFBS/DB/JASPAR7.pm blib/lib/TFBS/DB/JASPAR7.pm
cp TFBS/Matrix/PFM.pm blib/lib/TFBS/Matrix/PFM.pm
cp TFBS/Run/ConservationProfileGenerator.pm blib/lib/TFBS/Run/ConservationProfileGenerator.pm
Skip blib/lib/TFBS/PatternGen/SimplePFM.pm (unchanged)
cp TFBS/DB/JASPAR6.pm blib/lib/TFBS/DB/JASPAR6.pm
cp TFBS/PatternGen/AnnSpec.pm blib/lib/TFBS/PatternGen/AnnSpec.pm
Skip blib/lib/TFBS/Site.pm (unchanged)
cp TFBS/Matrix.pm blib/lib/TFBS/Matrix.pm
cp TFBS/SitePair.pm blib/lib/TFBS/SitePair.pm
Skip blib/lib/TFBS/PatternGen/YMF/Motif.pm (unchanged)
Skip blib/lib/TFBS/Tools/SetOperations.pm (unchanged)
cp TFBS/DB/TRANSFAC.pm blib/lib/TFBS/DB/TRANSFAC.pm
cp TFBS/DB/FlatFileDir.pm blib/lib/TFBS/DB/FlatFileDir.pm
Skip blib/lib/TFBS/PatternGen/Elph.pm (unchanged)
cp TFBS/DB/JASPAR4.pm blib/lib/TFBS/DB/JASPAR4.pm
Skip blib/lib/TFBS/PatternGen/AnnSpec/Motif.pm (unchanged)
Skip blib/lib/TFBS/PatternGen/Elph/Motif.pm (unchanged)
cp TFBS/DB/JASPAR.pm blib/lib/TFBS/DB/JASPAR.pm
cp TFBS/TFFM.pm blib/lib/TFBS/TFFM.pm
Skip blib/lib/TFBS/DB/LocalTRANSFAC.pm (unchanged)
Skip blib/lib/TFBS/DB.pm (unchanged)
cp TFBS/PatternGen/YMF.pm blib/lib/TFBS/PatternGen/YMF.pm
Skip blib/lib/TFBS/PatternI.pm (unchanged)
Skip blib/lib/TFBS/PatternGen/MEME/Motif.pm (unchanged)
cp TFBS/Matrix/ICM.pm blib/lib/TFBS/Matrix/ICM.pm
Skip blib/lib/TFBS/DB/JASPAR2.pm (unchanged)
Skip blib/lib/TFBS/PatternGen/MEME.pm (unchanged)
Skip blib/lib/TFBS/PatternGen/Motif/Word.pm (unchanged)
cp TFBS/README.md blib/lib/TFBS/README.md
cp TFBS/Matrix/Alignment.pm blib/lib/TFBS/Matrix/Alignment.pm
Skip blib/lib/TFBS/PatternGen/Gibbs/Motif.pm (unchanged)
Skip blib/lib/TFBS/Matrix/PWM.pm (unchanged)
cp TFBS/ConservationProfile.pm blib/lib/TFBS/ConservationProfile.pm
Skip blib/lib/TFBS/Matrix/_Alignment.pm (unchanged)
Skip blib/lib/TFBS/SiteSet.pm (unchanged)
Skip blib/lib/TFBS/PatternGenI.pm (unchanged)
Skip blib/lib/TFBS/PatternGen/Gibbs.pm (unchanged)
cp TFBS/_Iterator/_MatrixSetIterator.pm blib/lib/TFBS/_Iterator/_MatrixSetIterator.pm
Skip blib/lib/TFBS/Word.pm (unchanged)
Skip blib/lib/TFBS/Word/Consensus.pm (unchanged)
cp TFBS/_Iterator/_SiteSetIterator.pm blib/lib/TFBS/_Iterator/_SiteSetIterator.pm
Skip blib/lib/TFBS/_Iterator.pm (unchanged)
make[3]: Entering directory '/<<PKGBUILDDIR>>/Ext'
cp lib/pwm_searchPFF.c ../blib/lib/pwm_searchPFF.c
Skip ../blib/lib/pwm_search.h (unchanged)
Skip ../blib/lib/TFBS/Ext/pwmsearch.pm (unchanged)
Running Mkbootstrap for pwmsearch ()
chmod 644 "pwmsearch.bs"
"/usr/bin/perl" -MExtUtils::Command::MM -e 'cp_nonempty' -- pwmsearch.bs ../blib/arch/auto/TFBS/Ext/pwmsearch/pwmsearch.bs 644
"/usr/bin/perl" "/usr/share/perl/5.30.0/ExtUtils/xsubpp"  -typemap '/usr/share/perl/5.30/ExtUtils/typemap'  pwmsearch.xs > pwmsearch.xsc
Please specify prototyping behavior for pwmsearch.xs (see perlxs manual)
mv pwmsearch.xsc pwmsearch.c
x86_64-linux-gnu-gcc -c  -I. -I./lib -D_REENTRANT -D_GNU_SOURCE -DDEBIAN -fwrapv -fno-strict-aliasing -pipe -I/usr/local/include -D_LARGEFILE_SOURCE -D_FILE_OFFSET_BITS=64 -g -O2 -fdebug-prefix-map=/<<PKGBUILDDIR>>=. -specs=/usr/share/dpkg/no-pie-compile.specs -fstack-protector-strong -Wformat -Werror=format-security   -DVERSION=\"0.2\" -DXS_VERSION=\"0.2\" -fPIC "-I/usr/lib/x86_64-linux-gnu/perl/5.30/CORE"   pwmsearch.c
clang: warning: argument unused during compilation: '-specs=/usr/share/dpkg/no-pie-compile.specs' [-Wunused-command-line-argument]
In file included from pwmsearch.xs:4:
./lib/pwm_searchPFF.c:55:7: warning: implicit declaration of function 'announce' is invalid in C99 [-Wimplicit-function-declaration]
      announce("+++\nEntering main.\n+++\n");
      ^
./lib/pwm_searchPFF.c:74:9: warning: implicit declaration of function 'get_matrix' is invalid in C99 [-Wimplicit-function-declaration]
   if ( get_matrix(&args,pwm) )
        ^
./lib/pwm_searchPFF.c:90:14: warning: implicit declaration of function 'loop_on_seqs' is invalid in C99 [-Wimplicit-function-declaration]
   else if ( loop_on_seqs(&args,pwm,fp,outfp) )
             ^
./lib/pwm_searchPFF.c:159:1: warning: type specifier missing, defaults to 'int' [-Wimplicit-int]
best_pull(pargs,pbase,pstrand,pscore)
^
./lib/pwm_searchPFF.c:229:18: warning: implicit declaration of function 'save_hit' is invalid in C99 [-Wimplicit-function-declaration]
            if ( save_hit(base,0,forward_score,hits,&nhit) )
                 ^
./lib/pwm_searchPFF.c:239:20: warning: implicit declaration of function 'output' is invalid in C99 [-Wimplicit-function-declaration]
         else if ( output(pargs,seqid,base,seq,0,forward_score,outfp) )
                   ^
./lib/pwm_searchPFF.c:249:18: warning: implicit declaration of function 'save_hit' is invalid in C99 [-Wimplicit-function-declaration]
            if ( save_hit(base,1,backward_score,hits,&nhit) )
                 ^
./lib/pwm_searchPFF.c:259:20: warning: implicit declaration of function 'output' is invalid in C99 [-Wimplicit-function-declaration]
         else if ( output(pargs,seqid,base,seq,1,backward_score, outfp) )
                   ^
./lib/pwm_searchPFF.c:293:15: warning: implicit declaration of function 'output' is invalid in C99 [-Wimplicit-function-declaration]
         if ( output(pargs,seqid,base,seq,strand,score,outfp) )
              ^
./lib/pwm_searchPFF.c:526:1: warning: type specifier missing, defaults to 'int' [-Wimplicit-int]
get_sequence(fp,seq_id,sequence)
^
./lib/pwm_searchPFF.c:693:1: warning: non-void function does not return a value [-Wreturn-type]
}
^
11 warnings generated.
rm -f ../blib/arch/auto/TFBS/Ext/pwmsearch/pwmsearch.so
x86_64-linux-gnu-gcc  -shared -L/usr/local/lib -fstack-protector-strong  pwmsearch.o -specs=/usr/share/dpkg/no-pie-link.specs -Wl,-z,relro -Wl,-z,now -o ../blib/arch/auto/TFBS/Ext/pwmsearch/pwmsearch.so  \
   -lm   \
  
clang: warning: argument unused during compilation: '-specs=/usr/share/dpkg/no-pie-link.specs' [-Wunused-command-line-argument]
chmod 755 ../blib/arch/auto/TFBS/Ext/pwmsearch/pwmsearch.so
Manifying 1 pod document
make[3]: Leaving directory '/<<PKGBUILDDIR>>/Ext'
Manifying 35 pod documents
make[2]: Leaving directory '/<<PKGBUILDDIR>>'
make[1]: Leaving directory '/<<PKGBUILDDIR>>'
   dh_auto_build
	make -j4
make[1]: Entering directory '/<<PKGBUILDDIR>>'
make[2]: Entering directory '/<<PKGBUILDDIR>>/Ext'
"/usr/bin/perl" -MExtUtils::Command::MM -e 'cp_nonempty' -- pwmsearch.bs ../blib/arch/auto/TFBS/Ext/pwmsearch/pwmsearch.bs 644
Manifying 1 pod document
make[2]: Leaving directory '/<<PKGBUILDDIR>>/Ext'
Manifying 35 pod documents
make[1]: Leaving directory '/<<PKGBUILDDIR>>'
   debian/rules override_dh_auto_test
make[1]: Entering directory '/<<PKGBUILDDIR>>'
prove --blib t/01_Matrix.t t/02_Search.t t/03_DB_FlatFileDir.t t/05_DB_JASPAR.t t/06_SimplePFM.t t/07_AnnSpec.t t/07_Elph.t t/07_Gibbs.t t/07_MEME.t t/08_DB_LocalTRANSFAC.t t/09_Word_Consensus.t t/10_Tools_SetOperations.t Ext/t/*.t
Possible precedence issue with control flow operator at /<<PKGBUILDDIR>>/blib/lib/TFBS/Matrix/_Alignment.pm line 152, <DATA> line 207.
t/01_Matrix.t ............... ok
Possible precedence issue with control flow operator at /<<PKGBUILDDIR>>/blib/lib/TFBS/Matrix/_Alignment.pm line 152, <DATA> line 207.
t/02_Search.t ............... ok
Possible precedence issue with control flow operator at /<<PKGBUILDDIR>>/blib/lib/TFBS/Matrix/_Alignment.pm line 152, <DATA> line 207.
t/03_DB_FlatFileDir.t ....... ok
Possible precedence issue with control flow operator at /<<PKGBUILDDIR>>/blib/lib/TFBS/Matrix/_Alignment.pm line 152, <DATA> line 207.
t/05_DB_JASPAR.t ............ ok
Possible precedence issue with control flow operator at /<<PKGBUILDDIR>>/blib/lib/TFBS/Matrix/_Alignment.pm line 152, <DATA> line 207.
t/06_SimplePFM.t ............ ok
Possible precedence issue with control flow operator at /<<PKGBUILDDIR>>/blib/lib/TFBS/Matrix/_Alignment.pm line 152, <DATA> line 207.
t/07_AnnSpec.t .............. ok
Possible precedence issue with control flow operator at /<<PKGBUILDDIR>>/blib/lib/TFBS/Matrix/_Alignment.pm line 152, <DATA> line 207.
t/07_Elph.t ................. ok
Possible precedence issue with control flow operator at /<<PKGBUILDDIR>>/blib/lib/TFBS/Matrix/_Alignment.pm line 152, <DATA> line 207.
t/07_Gibbs.t ................ ok
Possible precedence issue with control flow operator at /<<PKGBUILDDIR>>/blib/lib/TFBS/Matrix/_Alignment.pm line 152, <DATA> line 207.
t/07_MEME.t ................. ok
Possible precedence issue with control flow operator at /<<PKGBUILDDIR>>/blib/lib/TFBS/Matrix/_Alignment.pm line 152, <DATA> line 207.
t/08_DB_LocalTRANSFAC.t ..... ok
Possible precedence issue with control flow operator at /<<PKGBUILDDIR>>/blib/lib/TFBS/Matrix/_Alignment.pm line 152, <DATA> line 207.
t/09_Word_Consensus.t ....... ok
Possible precedence issue with control flow operator at /<<PKGBUILDDIR>>/blib/lib/TFBS/Matrix/_Alignment.pm line 152, <DATA> line 207.
t/10_Tools_SetOperations.t .. ok
Ext/t/pwmsearch.t ........... ok
All tests successful.
Files=13, Tests=45,  2 wallclock secs ( 0.05 usr  0.01 sys +  2.06 cusr  0.25 csys =  2.37 CPU)
Result: PASS
make[1]: Leaving directory '/<<PKGBUILDDIR>>'
   create-stamp debian/debhelper-build-stamp
 fakeroot debian/rules binary
dh binary
   dh_testroot
   dh_prep
   dh_auto_install
	make -j4 install DESTDIR=/<<PKGBUILDDIR>>/debian/libtfbs-perl AM_UPDATE_INFO_DIR=no PREFIX=/usr
make[1]: Entering directory '/<<PKGBUILDDIR>>'
make[2]: Entering directory '/<<PKGBUILDDIR>>/Ext'
"/usr/bin/perl" -MExtUtils::Command::MM -e 'cp_nonempty' -- pwmsearch.bs ../blib/arch/auto/TFBS/Ext/pwmsearch/pwmsearch.bs 644
Manifying 1 pod document
make[2]: Leaving directory '/<<PKGBUILDDIR>>/Ext'
Manifying 35 pod documents
Files found in blib/arch: installing files in blib/lib into architecture dependent library tree
Installing /<<PKGBUILDDIR>>/debian/libtfbs-perl/usr/lib/x86_64-linux-gnu/perl5/5.30/auto/TFBS/Ext/pwmsearch/pwmsearch.bundle
Installing /<<PKGBUILDDIR>>/debian/libtfbs-perl/usr/lib/x86_64-linux-gnu/perl5/5.30/auto/TFBS/Ext/pwmsearch/pwmsearch.so
Installing /<<PKGBUILDDIR>>/debian/libtfbs-perl/usr/lib/x86_64-linux-gnu/perl5/5.30/pwm_searchPFF.c
Installing /<<PKGBUILDDIR>>/debian/libtfbs-perl/usr/lib/x86_64-linux-gnu/perl5/5.30/pwm_search.h
Installing /<<PKGBUILDDIR>>/debian/libtfbs-perl/usr/lib/x86_64-linux-gnu/perl5/5.30/TFBS/PatternGen.pm
Installing /<<PKGBUILDDIR>>/debian/libtfbs-perl/usr/lib/x86_64-linux-gnu/perl5/5.30/TFBS/MatrixSet.pm
Installing /<<PKGBUILDDIR>>/debian/libtfbs-perl/usr/lib/x86_64-linux-gnu/perl5/5.30/TFBS/SitePair.pm
Installing /<<PKGBUILDDIR>>/debian/libtfbs-perl/usr/lib/x86_64-linux-gnu/perl5/5.30/TFBS/Site.pm
Installing /<<PKGBUILDDIR>>/debian/libtfbs-perl/usr/lib/x86_64-linux-gnu/perl5/5.30/TFBS/DB.pm
Installing /<<PKGBUILDDIR>>/debian/libtfbs-perl/usr/lib/x86_64-linux-gnu/perl5/5.30/TFBS/TFFM.pm
Installing /<<PKGBUILDDIR>>/debian/libtfbs-perl/usr/lib/x86_64-linux-gnu/perl5/5.30/TFBS/PatternI.pm
Installing /<<PKGBUILDDIR>>/debian/libtfbs-perl/usr/lib/x86_64-linux-gnu/perl5/5.30/TFBS/Matrix.pm
Installing /<<PKGBUILDDIR>>/debian/libtfbs-perl/usr/lib/x86_64-linux-gnu/perl5/5.30/TFBS/README.md
Installing /<<PKGBUILDDIR>>/debian/libtfbs-perl/usr/lib/x86_64-linux-gnu/perl5/5.30/TFBS/SiteSet.pm
Installing /<<PKGBUILDDIR>>/debian/libtfbs-perl/usr/lib/x86_64-linux-gnu/perl5/5.30/TFBS/Word.pm
Installing /<<PKGBUILDDIR>>/debian/libtfbs-perl/usr/lib/x86_64-linux-gnu/perl5/5.30/TFBS/PatternGenI.pm
Installing /<<PKGBUILDDIR>>/debian/libtfbs-perl/usr/lib/x86_64-linux-gnu/perl5/5.30/TFBS/_Iterator.pm
Installing /<<PKGBUILDDIR>>/debian/libtfbs-perl/usr/lib/x86_64-linux-gnu/perl5/5.30/TFBS/SitePairSet.pm
Installing /<<PKGBUILDDIR>>/debian/libtfbs-perl/usr/lib/x86_64-linux-gnu/perl5/5.30/TFBS/ConservationProfile.pm
Installing /<<PKGBUILDDIR>>/debian/libtfbs-perl/usr/lib/x86_64-linux-gnu/perl5/5.30/TFBS/_Iterator/_MatrixSetIterator.pm
Installing /<<PKGBUILDDIR>>/debian/libtfbs-perl/usr/lib/x86_64-linux-gnu/perl5/5.30/TFBS/_Iterator/_SiteSetIterator.pm
Installing /<<PKGBUILDDIR>>/debian/libtfbs-perl/usr/lib/x86_64-linux-gnu/perl5/5.30/TFBS/Run/ConservationProfileGenerator.pm
Installing /<<PKGBUILDDIR>>/debian/libtfbs-perl/usr/lib/x86_64-linux-gnu/perl5/5.30/TFBS/DB/LocalTRANSFAC.pm
Installing /<<PKGBUILDDIR>>/debian/libtfbs-perl/usr/lib/x86_64-linux-gnu/perl5/5.30/TFBS/DB/JASPAR6.pm
Installing /<<PKGBUILDDIR>>/debian/libtfbs-perl/usr/lib/x86_64-linux-gnu/perl5/5.30/TFBS/DB/JASPAR7.pm
Installing /<<PKGBUILDDIR>>/debian/libtfbs-perl/usr/lib/x86_64-linux-gnu/perl5/5.30/TFBS/DB/TRANSFAC.pm
Installing /<<PKGBUILDDIR>>/debian/libtfbs-perl/usr/lib/x86_64-linux-gnu/perl5/5.30/TFBS/DB/FlatFileDir.pm
Installing /<<PKGBUILDDIR>>/debian/libtfbs-perl/usr/lib/x86_64-linux-gnu/perl5/5.30/TFBS/DB/JASPAR4.pm
Installing /<<PKGBUILDDIR>>/debian/libtfbs-perl/usr/lib/x86_64-linux-gnu/perl5/5.30/TFBS/DB/JASPAR2.pm
Installing /<<PKGBUILDDIR>>/debian/libtfbs-perl/usr/lib/x86_64-linux-gnu/perl5/5.30/TFBS/DB/JASPAR.pm
Installing /<<PKGBUILDDIR>>/debian/libtfbs-perl/usr/lib/x86_64-linux-gnu/perl5/5.30/TFBS/DB/JASPAR5.pm
Installing /<<PKGBUILDDIR>>/debian/libtfbs-perl/usr/lib/x86_64-linux-gnu/perl5/5.30/TFBS/Tools/SetOperations.pm
Installing /<<PKGBUILDDIR>>/debian/libtfbs-perl/usr/lib/x86_64-linux-gnu/perl5/5.30/TFBS/PatternGen/SimplePFM.pm
Installing /<<PKGBUILDDIR>>/debian/libtfbs-perl/usr/lib/x86_64-linux-gnu/perl5/5.30/TFBS/PatternGen/MEME.pm
Installing /<<PKGBUILDDIR>>/debian/libtfbs-perl/usr/lib/x86_64-linux-gnu/perl5/5.30/TFBS/PatternGen/Gibbs.pm
Installing /<<PKGBUILDDIR>>/debian/libtfbs-perl/usr/lib/x86_64-linux-gnu/perl5/5.30/TFBS/PatternGen/Elph.pm
Installing /<<PKGBUILDDIR>>/debian/libtfbs-perl/usr/lib/x86_64-linux-gnu/perl5/5.30/TFBS/PatternGen/YMF.pm
Installing /<<PKGBUILDDIR>>/debian/libtfbs-perl/usr/lib/x86_64-linux-gnu/perl5/5.30/TFBS/PatternGen/AnnSpec.pm
Installing /<<PKGBUILDDIR>>/debian/libtfbs-perl/usr/lib/x86_64-linux-gnu/perl5/5.30/TFBS/PatternGen/MEME/Motif.pm
Installing /<<PKGBUILDDIR>>/debian/libtfbs-perl/usr/lib/x86_64-linux-gnu/perl5/5.30/TFBS/PatternGen/Motif/Matrix.pm
Installing /<<PKGBUILDDIR>>/debian/libtfbs-perl/usr/lib/x86_64-linux-gnu/perl5/5.30/TFBS/PatternGen/Motif/Word.pm
Installing /<<PKGBUILDDIR>>/debian/libtfbs-perl/usr/lib/x86_64-linux-gnu/perl5/5.30/TFBS/PatternGen/YMF/Motif.pm
Installing /<<PKGBUILDDIR>>/debian/libtfbs-perl/usr/lib/x86_64-linux-gnu/perl5/5.30/TFBS/PatternGen/Gibbs/Motif.pm
Installing /<<PKGBUILDDIR>>/debian/libtfbs-perl/usr/lib/x86_64-linux-gnu/perl5/5.30/TFBS/PatternGen/AnnSpec/Motif.pm
Installing /<<PKGBUILDDIR>>/debian/libtfbs-perl/usr/lib/x86_64-linux-gnu/perl5/5.30/TFBS/PatternGen/Elph/Motif.pm
Installing /<<PKGBUILDDIR>>/debian/libtfbs-perl/usr/lib/x86_64-linux-gnu/perl5/5.30/TFBS/Word/Consensus.pm
Installing /<<PKGBUILDDIR>>/debian/libtfbs-perl/usr/lib/x86_64-linux-gnu/perl5/5.30/TFBS/Matrix/ICM.pm
Installing /<<PKGBUILDDIR>>/debian/libtfbs-perl/usr/lib/x86_64-linux-gnu/perl5/5.30/TFBS/Matrix/Alignment.pm
Installing /<<PKGBUILDDIR>>/debian/libtfbs-perl/usr/lib/x86_64-linux-gnu/perl5/5.30/TFBS/Matrix/PFM.pm
Installing /<<PKGBUILDDIR>>/debian/libtfbs-perl/usr/lib/x86_64-linux-gnu/perl5/5.30/TFBS/Matrix/PWM.pm
Installing /<<PKGBUILDDIR>>/debian/libtfbs-perl/usr/lib/x86_64-linux-gnu/perl5/5.30/TFBS/Matrix/_Alignment.pm
Installing /<<PKGBUILDDIR>>/debian/libtfbs-perl/usr/lib/x86_64-linux-gnu/perl5/5.30/TFBS/Ext/pwmsearch.pm
Installing /<<PKGBUILDDIR>>/debian/libtfbs-perl/usr/share/man/man3/TFBS::PatternGen::YMF.3pm
Installing /<<PKGBUILDDIR>>/debian/libtfbs-perl/usr/share/man/man3/TFBS::DB::JASPAR.3pm
Installing /<<PKGBUILDDIR>>/debian/libtfbs-perl/usr/share/man/man3/TFBS::MatrixSet.3pm
Installing /<<PKGBUILDDIR>>/debian/libtfbs-perl/usr/share/man/man3/TFBS::DB::TRANSFAC.3pm
Installing /<<PKGBUILDDIR>>/debian/libtfbs-perl/usr/share/man/man3/TFBS::Matrix::PFM.3pm
Installing /<<PKGBUILDDIR>>/debian/libtfbs-perl/usr/share/man/man3/TFBS::PatternGen::YMF::Motif.3pm
Installing /<<PKGBUILDDIR>>/debian/libtfbs-perl/usr/share/man/man3/TFBS::PatternI.3pm
Installing /<<PKGBUILDDIR>>/debian/libtfbs-perl/usr/share/man/man3/TFBS::Matrix::ICM.3pm
Installing /<<PKGBUILDDIR>>/debian/libtfbs-perl/usr/share/man/man3/TFBS::SitePair.3pm
Installing /<<PKGBUILDDIR>>/debian/libtfbs-perl/usr/share/man/man3/TFBS::DB::JASPAR2.3pm
Installing /<<PKGBUILDDIR>>/debian/libtfbs-perl/usr/share/man/man3/TFBS::PatternGen::AnnSpec::Motif.3pm
Installing /<<PKGBUILDDIR>>/debian/libtfbs-perl/usr/share/man/man3/TFBS::Word.3pm
Installing /<<PKGBUILDDIR>>/debian/libtfbs-perl/usr/share/man/man3/TFBS::DB::LocalTRANSFAC.3pm
Installing /<<PKGBUILDDIR>>/debian/libtfbs-perl/usr/share/man/man3/TFBS::Matrix::Alignment.3pm
Installing /<<PKGBUILDDIR>>/debian/libtfbs-perl/usr/share/man/man3/TFBS::PatternGen::Gibbs::Motif.3pm
Installing /<<PKGBUILDDIR>>/debian/libtfbs-perl/usr/share/man/man3/TFBS::SiteSet.3pm
Installing /<<PKGBUILDDIR>>/debian/libtfbs-perl/usr/share/man/man3/TFBS::PatternGen::AnnSpec.3pm
Installing /<<PKGBUILDDIR>>/debian/libtfbs-perl/usr/share/man/man3/TFBS::PatternGen::SimplePFM.3pm
Installing /<<PKGBUILDDIR>>/debian/libtfbs-perl/usr/share/man/man3/TFBS::Site.3pm
Installing /<<PKGBUILDDIR>>/debian/libtfbs-perl/usr/share/man/man3/TFBS::DB::JASPAR4.3pm
Installing /<<PKGBUILDDIR>>/debian/libtfbs-perl/usr/share/man/man3/TFBS::PatternGen::MEME.3pm
Installing /<<PKGBUILDDIR>>/debian/libtfbs-perl/usr/share/man/man3/TFBS::DB::JASPAR7.3pm
Installing /<<PKGBUILDDIR>>/debian/libtfbs-perl/usr/share/man/man3/TFBS::DB::FlatFileDir.3pm
Installing /<<PKGBUILDDIR>>/debian/libtfbs-perl/usr/share/man/man3/TFBS::SitePairSet.3pm
Installing /<<PKGBUILDDIR>>/debian/libtfbs-perl/usr/share/man/man3/TFBS::Matrix.3pm
Installing /<<PKGBUILDDIR>>/debian/libtfbs-perl/usr/share/man/man3/TFBS::TFFM.3pm
Installing /<<PKGBUILDDIR>>/debian/libtfbs-perl/usr/share/man/man3/TFBS::PatternGen::MEME::Motif.3pm
Installing /<<PKGBUILDDIR>>/debian/libtfbs-perl/usr/share/man/man3/TFBS::DB::JASPAR5.3pm
Installing /<<PKGBUILDDIR>>/debian/libtfbs-perl/usr/share/man/man3/TFBS::PatternGen::Gibbs.3pm
Installing /<<PKGBUILDDIR>>/debian/libtfbs-perl/usr/share/man/man3/TFBS::Matrix::PWM.3pm
Installing /<<PKGBUILDDIR>>/debian/libtfbs-perl/usr/share/man/man3/TFBS::PatternGen.3pm
Installing /<<PKGBUILDDIR>>/debian/libtfbs-perl/usr/share/man/man3/TFBS::DB::JASPAR6.3pm
Installing /<<PKGBUILDDIR>>/debian/libtfbs-perl/usr/share/man/man3/TFBS::PatternGen::Elph.3pm
Installing /<<PKGBUILDDIR>>/debian/libtfbs-perl/usr/share/man/man3/TFBS::Ext::pwmsearch.3pm
Installing /<<PKGBUILDDIR>>/debian/libtfbs-perl/usr/share/man/man3/TFBS::Word::Consensus.3pm
Installing /<<PKGBUILDDIR>>/debian/libtfbs-perl/usr/share/man/man3/TFBS::PatternGen::Elph::Motif.3pm
make[1]: Leaving directory '/<<PKGBUILDDIR>>'
   dh_installdocs
   dh_installchangelogs
   debian/rules override_dh_installexamples
make[1]: Entering directory '/<<PKGBUILDDIR>>'
dh_installexamples
mkdir -p debian/libtfbs-perl/usr/share/doc/libtfbs-perl/examples/Ext
cp -a Ext/t debian/libtfbs-perl/usr/share/doc/libtfbs-perl/examples/Ext
for pl in `grep -Rl '#!/usr/bin/env[[:space:]]\+perl' debian/*/usr/*` ; do \
    sed -i '1s?^#!/usr/bin/env[[:space:]]\+perl?#!/usr/bin/perl?' ${pl} ; \
done
make[1]: Leaving directory '/<<PKGBUILDDIR>>'
   dh_installman
   debian/rules override_dh_perl
make[1]: Entering directory '/<<PKGBUILDDIR>>'
dh_perl
dh_pdl
make[1]: Leaving directory '/<<PKGBUILDDIR>>'
   dh_link
   dh_strip_nondeterminism
   dh_compress
   debian/rules override_dh_fixperms
make[1]: Entering directory '/<<PKGBUILDDIR>>'
dh_fixperms
find debian -name pwmsearch.bundle -exec chmod -x \{\} \;
make[1]: Leaving directory '/<<PKGBUILDDIR>>'
   dh_missing
   dh_dwz
   dh_strip
   dh_makeshlibs
   dh_shlibdeps
dpkg-shlibdeps: warning: package could avoid a useless dependency if debian/libtfbs-perl/usr/lib/x86_64-linux-gnu/perl5/5.30/auto/TFBS/Ext/pwmsearch/pwmsearch.so was not linked against libm.so.6 (it uses none of the library's symbols)
   dh_installdeb
   dh_gencontrol
   dh_md5sums
   dh_builddeb
dpkg-deb: building package 'libtfbs-perl' in '../libtfbs-perl_0.7.1-3_amd64.deb'.
dpkg-deb: building package 'libtfbs-perl-dbgsym' in '../libtfbs-perl-dbgsym_0.7.1-3_amd64.deb'.
 dpkg-genbuildinfo --build=binary
 dpkg-genchanges --build=binary >../libtfbs-perl_0.7.1-3_amd64.changes
dpkg-genchanges: info: binary-only upload (no source code included)
 dpkg-source --after-build .
dpkg-buildpackage: info: binary-only upload (no source included)
--------------------------------------------------------------------------------
Build finished at 2020-02-25T05:56:18Z

Finished
--------

I: Built successfully

+------------------------------------------------------------------------------+
| Changes                                                                      |
+------------------------------------------------------------------------------+


libtfbs-perl_0.7.1-3_amd64.changes:
-----------------------------------

Format: 1.8
Date: Thu, 19 Sep 2019 17:34:02 +0200
Source: libtfbs-perl
Binary: libtfbs-perl libtfbs-perl-dbgsym
Architecture: amd64
Version: 0.7.1-3
Distribution: unstable
Urgency: medium
Maintainer: Debian Med Packaging Team <debian-med-packaging@lists.alioth.debian.org>
Changed-By: Andreas Tille <tille@debian.org>
Description:
 libtfbs-perl - scanning DNA sequence with a position weight matrix
Closes: 940674
Changes:
 libtfbs-perl (0.7.1-3) unstable; urgency=medium
 .
   [ Xavier Guimard ]
   * Fix autopkgtest control for autodep8+pkg-perl-autopkgtest transition
     Closes: #940674
 .
   [ Andreas Tille ]
   * debhelper-compat 12
   * Standards-Version: 4.4.0
   * Remove trailing whitespace in debian/changelog
   * Set fields Upstream-Name, Upstream-Contact in debian/copyright.
   * Remove obsolete fields Name, Contact from debian/upstream/metadata.
Checksums-Sha1:
 e05701fe4a148fa2590c890859c2055d4860579e 25436 libtfbs-perl-dbgsym_0.7.1-3_amd64.deb
 e96a11fcf95c74941dff7f49a2e0cefaae07e87c 7233 libtfbs-perl_0.7.1-3_amd64.buildinfo
 19e43a5ebfc101da96cb1a7db01755e9ffa50523 232636 libtfbs-perl_0.7.1-3_amd64.deb
Checksums-Sha256:
 29e777f851cb1f8e9ce7cfbc4a94e1b46e24262e1dc4424ef8cacae2a1923f67 25436 libtfbs-perl-dbgsym_0.7.1-3_amd64.deb
 22b8425c2c8b8ed8aab1d8ffd9e9fd0074dede49bcb2e7cec91e21af1670c7cc 7233 libtfbs-perl_0.7.1-3_amd64.buildinfo
 fb3cf769eac3497ced51720804ed79920263da6214b722b95c627c433a9da572 232636 libtfbs-perl_0.7.1-3_amd64.deb
Files:
 6d7fc61579c1b5521c0aef9e2a0b03b2 25436 debug optional libtfbs-perl-dbgsym_0.7.1-3_amd64.deb
 871182e1d65b390daf71841049a5294f 7233 perl optional libtfbs-perl_0.7.1-3_amd64.buildinfo
 d3e07bbfafddf7df19fcc47e1ad7a970 232636 perl optional libtfbs-perl_0.7.1-3_amd64.deb

+------------------------------------------------------------------------------+
| Buildinfo                                                                    |
+------------------------------------------------------------------------------+

Format: 1.0
Source: libtfbs-perl
Binary: libtfbs-perl
Architecture: amd64
Version: 0.7.1-3
Checksums-Md5:
 6d7fc61579c1b5521c0aef9e2a0b03b2 25436 libtfbs-perl-dbgsym_0.7.1-3_amd64.deb
 d3e07bbfafddf7df19fcc47e1ad7a970 232636 libtfbs-perl_0.7.1-3_amd64.deb
Checksums-Sha1:
 e05701fe4a148fa2590c890859c2055d4860579e 25436 libtfbs-perl-dbgsym_0.7.1-3_amd64.deb
 19e43a5ebfc101da96cb1a7db01755e9ffa50523 232636 libtfbs-perl_0.7.1-3_amd64.deb
Checksums-Sha256:
 29e777f851cb1f8e9ce7cfbc4a94e1b46e24262e1dc4424ef8cacae2a1923f67 25436 libtfbs-perl-dbgsym_0.7.1-3_amd64.deb
 fb3cf769eac3497ced51720804ed79920263da6214b722b95c627c433a9da572 232636 libtfbs-perl_0.7.1-3_amd64.deb
Build-Origin: Debian
Build-Architecture: amd64
Build-Date: Tue, 25 Feb 2020 05:56:18 +0000
Build-Path: /<<PKGBUILDDIR>>
Installed-Build-Depends:
 autoconf (= 2.69-11.1),
 automake (= 1:1.16.1-4),
 autopoint (= 0.19.8.1-10),
 autotools-dev (= 20180224.1),
 base-files (= 11),
 base-passwd (= 3.5.47),
 bash (= 5.0-5),
 binutils (= 2.34-3),
 binutils-common (= 2.34-3),
 binutils-x86-64-linux-gnu (= 2.34-3),
 bioperl (= 1.7.7-1),
 bsdmainutils (= 11.1.2+b1),
 bsdutils (= 1:2.34-0.1),
 build-essential (= 12.8),
 bzip2 (= 1.0.8-2),
 ca-certificates (= 20190110),
 clang-10 (= 1:10.0.0~+rc2-1),
 coreutils (= 8.30-3+b1),
 cpp (= 4:9.2.1-3.1),
 cpp-9 (= 9.2.1-29),
 dash (= 0.5.10.2-6),
 debconf (= 1.5.73),
 debhelper (= 12.9),
 debianutils (= 4.9.1),
 dh-autoreconf (= 19),
 dh-strip-nondeterminism (= 1.6.3-2),
 diffutils (= 1:3.7-3),
 dpkg (= 1.19.7),
 dpkg-dev (= 1.19.7),
 dwz (= 0.13-5),
 fdisk (= 2.34-0.1),
 file (= 1:5.38-4),
 findutils (= 4.7.0-1),
 fontconfig-config (= 2.13.1-2),
 fonts-dejavu-core (= 2.37-1),
 g++ (= 4:9.2.1-3.1),
 g++-9 (= 9.2.1-29),
 gcc (= 4:9.2.1-3.1),
 gcc-10-base (= 10-20200222-1),
 gcc-9 (= 9.2.1-29),
 gcc-9-base (= 9.2.1-29),
 gettext (= 0.19.8.1-10),
 gettext-base (= 0.19.8.1-10),
 grep (= 3.4-1),
 groff-base (= 1.22.4-4),
 gzip (= 1.9-3+b1),
 hostname (= 3.23),
 init-system-helpers (= 1.57),
 intltool-debian (= 0.35.0+20060710.5),
 lib32gcc-s1 (= 10-20200222-1),
 lib32gcc1 (= 1:10-20200222-1),
 lib32stdc++6 (= 10-20200222-1),
 libacl1 (= 2.2.53-5),
 libalgorithm-diff-perl (= 1.19.03-2),
 libarchive-zip-perl (= 1.67-1),
 libasan5 (= 9.2.1-29),
 libatomic1 (= 10-20200222-1),
 libattr1 (= 1:2.4.48-5),
 libaudit-common (= 1:2.8.5-2),
 libaudit1 (= 1:2.8.5-2+b1),
 libbinutils (= 2.34-3),
 libbio-perl-perl (= 1.7.7-1),
 libblkid1 (= 2.34-0.1),
 libbsd0 (= 0.10.0-1),
 libbz2-1.0 (= 1.0.8-2),
 libc-bin (= 2.29-10),
 libc-dev-bin (= 2.29-10),
 libc6 (= 2.29-10),
 libc6-dev (= 2.29-10),
 libc6-i386 (= 2.29-10),
 libcap-ng0 (= 0.7.9-2.1+b1),
 libcapture-tiny-perl (= 0.48-1),
 libcc1-0 (= 10-20200222-1),
 libclang-common-10-dev (= 1:10.0.0~+rc2-1),
 libclang-cpp10 (= 1:10.0.0~+rc2-1),
 libclang1-10 (= 1:10.0.0~+rc2-1),
 libclass-data-inheritable-perl (= 0.08-3),
 libcroco3 (= 0.6.13-1),
 libcrypt-dev (= 1:4.4.10-10),
 libcrypt1 (= 1:4.4.10-10),
 libctf-nobfd0 (= 2.34-3),
 libctf0 (= 2.34-3),
 libdata-stag-perl (= 0.14-2),
 libdb5.3 (= 5.3.28+dfsg1-0.6),
 libdbi-perl (= 1.643-1),
 libdebconfclient0 (= 0.251),
 libdebhelper-perl (= 12.9),
 libdevel-stacktrace-perl (= 2.0400-1),
 libdpkg-perl (= 1.19.7),
 libedit2 (= 3.1-20191231-1),
 libelf1 (= 0.176-1.1),
 libencode-locale-perl (= 1.05-1),
 libexception-class-perl (= 1.44-1),
 libexpat1 (= 2.2.9-1),
 libfdisk1 (= 2.34-0.1),
 libffi7 (= 3.3-3),
 libfile-listing-perl (= 6.04-1),
 libfile-stripnondeterminism-perl (= 1.6.3-2),
 libfontconfig1 (= 2.13.1-2+b1),
 libfreetype6 (= 2.10.1-2),
 libgc1c2 (= 1:7.6.4-0.4),
 libgcc-9-dev (= 9.2.1-29),
 libgcc-s1 (= 10-20200222-1),
 libgcc1 (= 1:10-20200222-1),
 libgcrypt20 (= 1.8.5-5),
 libgd3 (= 2.2.5-5.2),
 libgdbm-compat4 (= 1.18.1-5),
 libgdbm6 (= 1.18.1-5),
 libgfortran5 (= 10-20200222-1),
 libglib2.0-0 (= 2.62.4-2),
 libgmp10 (= 2:6.2.0+dfsg-4),
 libgomp1 (= 10-20200222-1),
 libgpg-error0 (= 1.37-1),
 libgsl23 (= 2.5+dfsg-6+b1),
 libgslcblas0 (= 2.5+dfsg-6+b1),
 libhdf4-0-alt (= 4.2.14-1),
 libhtml-parser-perl (= 3.72-5),
 libhtml-tagset-perl (= 3.20-4),
 libhtml-tree-perl (= 5.07-2),
 libhttp-cookies-perl (= 6.08-1),
 libhttp-date-perl (= 6.05-1),
 libhttp-message-perl (= 6.18-1),
 libhttp-negotiate-perl (= 6.01-1),
 libicu63 (= 63.2-2),
 libio-html-perl (= 1.001-1),
 libio-socket-ssl-perl (= 2.067-1),
 libio-string-perl (= 1.08-3),
 libisl22 (= 0.22.1-1),
 libitm1 (= 10-20200222-1),
 libjbig0 (= 2.1-3.1+b2),
 libjpeg62-turbo (= 1:1.5.2-2+b1),
 libllvm10 (= 1:10.0.0~+rc2-1),
 liblsan0 (= 10-20200222-1),
 liblwp-mediatypes-perl (= 6.04-1),
 liblwp-protocol-https-perl (= 6.07-2),
 liblz4-1 (= 1.9.2-2),
 liblzma5 (= 5.2.4-1+b1),
 libmagic-mgc (= 1:5.38-4),
 libmagic1 (= 1:5.38-4),
 libmount1 (= 2.34-0.1),
 libmpc3 (= 1.1.0-1),
 libmpfr6 (= 4.0.2-1),
 libncurses6 (= 6.1+20191019-1),
 libncursesw6 (= 6.1+20191019-1),
 libnet-http-perl (= 6.19-1),
 libnet-ssleay-perl (= 1.88-2),
 libobjc-9-dev (= 9.2.1-29),
 libobjc4 (= 10-20200222-1),
 libpam-modules (= 1.3.1-5),
 libpam-modules-bin (= 1.3.1-5),
 libpam-runtime (= 1.3.1-5),
 libpam0g (= 1.3.1-5),
 libpcre2-8-0 (= 10.34-7),
 libpcre3 (= 2:8.39-12+b1),
 libperl5.30 (= 5.30.0-9),
 libpipeline1 (= 1.5.2-2),
 libpng16-16 (= 1.6.37-2),
 libquadmath0 (= 10-20200222-1),
 libseccomp2 (= 2.4.2-2),
 libselinux1 (= 3.0-1+b1),
 libsigsegv2 (= 2.12-2),
 libsmartcols1 (= 2.34-0.1),
 libssl1.1 (= 1.1.1d-2),
 libstdc++-9-dev (= 9.2.1-29),
 libstdc++6 (= 10-20200222-1),
 libsub-override-perl (= 0.09-2),
 libsub-uplevel-perl (= 0.2800-1),
 libsystemd0 (= 244.3-1),
 libterm-readkey-perl (= 2.38-1+b1),
 libtest-deep-perl (= 1.128-1),
 libtest-differences-perl (= 0.67-1),
 libtest-exception-perl (= 0.43-1),
 libtest-most-perl (= 0.35-1),
 libtest-warn-perl (= 0.36-1),
 libtext-diff-perl (= 1.45-1),
 libtiff5 (= 4.1.0+git191117-2),
 libtimedate-perl (= 2.3100-1),
 libtinfo6 (= 6.1+20191019-1),
 libtool (= 2.4.6-13),
 libtry-tiny-perl (= 0.30-1),
 libtsan0 (= 10-20200222-1),
 libubsan1 (= 10-20200222-1),
 libuchardet0 (= 0.0.6-3),
 libudev1 (= 244.3-1),
 libunistring2 (= 0.9.10-2),
 liburi-perl (= 1.76-2),
 libuuid1 (= 2.34-0.1),
 libwebp6 (= 0.6.1-2+b1),
 libwww-perl (= 6.43-1),
 libwww-robotrules-perl (= 6.02-1),
 libx11-6 (= 2:1.6.8-1),
 libx11-data (= 2:1.6.8-1),
 libxau6 (= 1:1.0.8-1+b2),
 libxcb1 (= 1.13.1-5),
 libxdmcp6 (= 1:1.1.2-3),
 libxml2 (= 2.9.10+dfsg-3),
 libxpm4 (= 1:3.5.12-1),
 libz3-4 (= 4.8.7-4),
 libzstd1 (= 1.4.4+dfsg-3),
 linux-libc-dev (= 5.4.19-1),
 login (= 1:4.8.1-1),
 lsb-base (= 11.1.0),
 m4 (= 1.4.18-4),
 make (= 4.2.1-1.2),
 man-db (= 2.9.0-2),
 mawk (= 1.3.4.20200120-2),
 ncurses-base (= 6.1+20191019-1),
 ncurses-bin (= 6.1+20191019-1),
 netbase (= 6.1),
 openssl (= 1.1.1d-2),
 patch (= 2.7.6-6),
 pdl (= 1:2.020-3),
 perl (= 5.30.0-9),
 perl-base (= 5.30.0-9),
 perl-modules-5.30 (= 5.30.0-9),
 perl-openssl-defaults (= 4),
 po-debconf (= 1.0.21),
 sed (= 4.7-1),
 sensible-utils (= 0.0.12+nmu1),
 sysvinit-utils (= 2.96-2.1),
 tar (= 1.30+dfsg-6+b1),
 ucf (= 3.0038+nmu1),
 util-linux (= 2.34-0.1),
 xz-utils (= 5.2.4-1+b1),
 zlib1g (= 1:1.2.11.dfsg-2)
Environment:
 DEB_BUILD_OPTIONS="parallel=4"
 LANG="C.UTF-8"
 LC_ALL="C.UTF-8"
 SOURCE_DATE_EPOCH="1568907242"


+------------------------------------------------------------------------------+
| Package contents                                                             |
+------------------------------------------------------------------------------+


libtfbs-perl-dbgsym_0.7.1-3_amd64.deb
-------------------------------------

 new Debian package, version 2.0.
 size 25436 bytes: control archive=540 bytes.
     389 bytes,    12 lines      control              
     106 bytes,     1 lines      md5sums              
 Package: libtfbs-perl-dbgsym
 Source: libtfbs-perl
 Version: 0.7.1-3
 Auto-Built-Package: debug-symbols
 Architecture: amd64
 Maintainer: Debian Med Packaging Team <debian-med-packaging@lists.alioth.debian.org>
 Installed-Size: 39
 Depends: libtfbs-perl (= 0.7.1-3)
 Section: debug
 Priority: optional
 Description: debug symbols for libtfbs-perl
 Build-Ids: 1bbea894b2e5f19b927262bcfc4e645000b55344

drwxr-xr-x root/root         0 2019-09-19 15:34 ./
drwxr-xr-x root/root         0 2019-09-19 15:34 ./usr/
drwxr-xr-x root/root         0 2019-09-19 15:34 ./usr/lib/
drwxr-xr-x root/root         0 2019-09-19 15:34 ./usr/lib/debug/
drwxr-xr-x root/root         0 2019-09-19 15:34 ./usr/lib/debug/.build-id/
drwxr-xr-x root/root         0 2019-09-19 15:34 ./usr/lib/debug/.build-id/1b/
-rw-r--r-- root/root     29280 2019-09-19 15:34 ./usr/lib/debug/.build-id/1b/bea894b2e5f19b927262bcfc4e645000b55344.debug
drwxr-xr-x root/root         0 2019-09-19 15:34 ./usr/share/
drwxr-xr-x root/root         0 2019-09-19 15:34 ./usr/share/doc/
lrwxrwxrwx root/root         0 2019-09-19 15:34 ./usr/share/doc/libtfbs-perl-dbgsym -> libtfbs-perl


libtfbs-perl_0.7.1-3_amd64.deb
------------------------------

 new Debian package, version 2.0.
 size 232636 bytes: control archive=3980 bytes.
    1392 bytes,    26 lines      control              
    9868 bytes,   113 lines      md5sums              
 Package: libtfbs-perl
 Version: 0.7.1-3
 Architecture: amd64
 Maintainer: Debian Med Packaging Team <debian-med-packaging@lists.alioth.debian.org>
 Installed-Size: 988
 Depends: perl (>= 5.30.0-9), perlapi-5.30.0, pdl (>= 1:2.020-3), pdlapi-12, libc6 (>= 2.7), bioperl, libwww-perl, libdbi-perl
 Recommends: libgd-gd2-perl | libgd-gd2-noxpm-perl
 Section: perl
 Priority: optional
 Homepage: http://tfbs.genereg.net
 Description: scanning DNA sequence with a position weight matrix
  The TFBS perl modules comprise a set of routines to interact with the
  Transfac and Jaspar databases that describe a special family of proteins,
  the transcription factors. These bind to genomic DNA to initiate (or
  prevent) the readout of a gene.  Once multiple binding sites are known
  for a transcription factor, these are gathered in a single file and are
  aligned in order to find position-specific characteristica that might
  be used to predict such binding events in novel DNA sequences.
  .
  If you use TFBS in your work, please cite "Lenhard B., Wasserman W.W. (2002)
  TFBS: Computational framework for transcription factor binding site analysis.
  Bioinformatics 18:1135-1136".
  .
  Note: the TFBS perl module is no longer under active development.  All the
  functionality can be found in the TFBSTools Bioconductor package; users are
  highly encouraged to switch.  <http://bioconductor.org/packages/TFBSTools/>

drwxr-xr-x root/root         0 2019-09-19 15:34 ./
drwxr-xr-x root/root         0 2019-09-19 15:34 ./usr/
drwxr-xr-x root/root         0 2019-09-19 15:34 ./usr/lib/
drwxr-xr-x root/root         0 2019-09-19 15:34 ./usr/lib/x86_64-linux-gnu/
drwxr-xr-x root/root         0 2019-09-19 15:34 ./usr/lib/x86_64-linux-gnu/perl5/
drwxr-xr-x root/root         0 2019-09-19 15:34 ./usr/lib/x86_64-linux-gnu/perl5/5.30/
drwxr-xr-x root/root         0 2019-09-19 15:34 ./usr/lib/x86_64-linux-gnu/perl5/5.30/TFBS/
-rw-r--r-- root/root      4598 2017-03-07 12:21 ./usr/lib/x86_64-linux-gnu/perl5/5.30/TFBS/ConservationProfile.pm
-rw-r--r-- root/root       326 2017-03-07 12:21 ./usr/lib/x86_64-linux-gnu/perl5/5.30/TFBS/DB.pm
drwxr-xr-x root/root         0 2019-09-19 15:34 ./usr/lib/x86_64-linux-gnu/perl5/5.30/TFBS/DB/
-rw-r--r-- root/root     13827 2017-03-07 12:21 ./usr/lib/x86_64-linux-gnu/perl5/5.30/TFBS/DB/FlatFileDir.pm
-rw-r--r-- root/root     58674 2017-03-07 12:21 ./usr/lib/x86_64-linux-gnu/perl5/5.30/TFBS/DB/JASPAR.pm
-rw-r--r-- root/root     25420 2017-03-07 12:21 ./usr/lib/x86_64-linux-gnu/perl5/5.30/TFBS/DB/JASPAR2.pm
-rw-r--r-- root/root     22305 2017-03-07 12:21 ./usr/lib/x86_64-linux-gnu/perl5/5.30/TFBS/DB/JASPAR4.pm
-rw-r--r-- root/root     34896 2017-03-07 12:21 ./usr/lib/x86_64-linux-gnu/perl5/5.30/TFBS/DB/JASPAR5.pm
-rw-r--r-- root/root     37976 2017-03-07 12:21 ./usr/lib/x86_64-linux-gnu/perl5/5.30/TFBS/DB/JASPAR6.pm
-rw-r--r-- root/root     58689 2017-03-07 12:21 ./usr/lib/x86_64-linux-gnu/perl5/5.30/TFBS/DB/JASPAR7.pm
-rw-r--r-- root/root      7636 2017-03-07 12:21 ./usr/lib/x86_64-linux-gnu/perl5/5.30/TFBS/DB/LocalTRANSFAC.pm
-rw-r--r-- root/root      7519 2017-03-07 12:21 ./usr/lib/x86_64-linux-gnu/perl5/5.30/TFBS/DB/TRANSFAC.pm
drwxr-xr-x root/root         0 2019-09-19 15:34 ./usr/lib/x86_64-linux-gnu/perl5/5.30/TFBS/Ext/
-rw-r--r-- root/root      3800 2017-03-07 12:21 ./usr/lib/x86_64-linux-gnu/perl5/5.30/TFBS/Ext/pwmsearch.pm
-rw-r--r-- root/root     10889 2017-03-07 12:21 ./usr/lib/x86_64-linux-gnu/perl5/5.30/TFBS/Matrix.pm
drwxr-xr-x root/root         0 2019-09-19 15:34 ./usr/lib/x86_64-linux-gnu/perl5/5.30/TFBS/Matrix/
-rw-r--r-- root/root      7273 2017-03-07 12:21 ./usr/lib/x86_64-linux-gnu/perl5/5.30/TFBS/Matrix/Alignment.pm
-rw-r--r-- root/root     32506 2017-03-07 12:21 ./usr/lib/x86_64-linux-gnu/perl5/5.30/TFBS/Matrix/ICM.pm
-rw-r--r-- root/root     16092 2019-09-19 15:34 ./usr/lib/x86_64-linux-gnu/perl5/5.30/TFBS/Matrix/PFM.pm
-rw-r--r-- root/root     15506 2017-03-07 12:21 ./usr/lib/x86_64-linux-gnu/perl5/5.30/TFBS/Matrix/PWM.pm
-rw-r--r-- root/root     12028 2017-03-07 12:21 ./usr/lib/x86_64-linux-gnu/perl5/5.30/TFBS/Matrix/_Alignment.pm
-rw-r--r-- root/root     20864 2019-09-19 15:34 ./usr/lib/x86_64-linux-gnu/perl5/5.30/TFBS/MatrixSet.pm
-rw-r--r-- root/root      4803 2017-03-07 12:21 ./usr/lib/x86_64-linux-gnu/perl5/5.30/TFBS/PatternGen.pm
drwxr-xr-x root/root         0 2019-09-19 15:34 ./usr/lib/x86_64-linux-gnu/perl5/5.30/TFBS/PatternGen/
-rw-r--r-- root/root      6478 2017-03-07 12:21 ./usr/lib/x86_64-linux-gnu/perl5/5.30/TFBS/PatternGen/AnnSpec.pm
drwxr-xr-x root/root         0 2019-09-19 15:34 ./usr/lib/x86_64-linux-gnu/perl5/5.30/TFBS/PatternGen/AnnSpec/
-rw-r--r-- root/root      1225 2017-03-07 12:21 ./usr/lib/x86_64-linux-gnu/perl5/5.30/TFBS/PatternGen/AnnSpec/Motif.pm
-rw-r--r-- root/root      8335 2017-03-07 12:21 ./usr/lib/x86_64-linux-gnu/perl5/5.30/TFBS/PatternGen/Elph.pm
drwxr-xr-x root/root         0 2019-09-19 15:34 ./usr/lib/x86_64-linux-gnu/perl5/5.30/TFBS/PatternGen/Elph/
-rw-r--r-- root/root      1147 2017-03-07 12:21 ./usr/lib/x86_64-linux-gnu/perl5/5.30/TFBS/PatternGen/Elph/Motif.pm
-rw-r--r-- root/root      8277 2017-03-07 12:21 ./usr/lib/x86_64-linux-gnu/perl5/5.30/TFBS/PatternGen/Gibbs.pm
drwxr-xr-x root/root         0 2019-09-19 15:34 ./usr/lib/x86_64-linux-gnu/perl5/5.30/TFBS/PatternGen/Gibbs/
-rw-r--r-- root/root      2218 2017-03-07 12:21 ./usr/lib/x86_64-linux-gnu/perl5/5.30/TFBS/PatternGen/Gibbs/Motif.pm
-rw-r--r-- root/root      6159 2017-03-07 12:21 ./usr/lib/x86_64-linux-gnu/perl5/5.30/TFBS/PatternGen/MEME.pm
drwxr-xr-x root/root         0 2019-09-19 15:34 ./usr/lib/x86_64-linux-gnu/perl5/5.30/TFBS/PatternGen/MEME/
-rw-r--r-- root/root      1147 2017-03-07 12:21 ./usr/lib/x86_64-linux-gnu/perl5/5.30/TFBS/PatternGen/MEME/Motif.pm
drwxr-xr-x root/root         0 2019-09-19 15:34 ./usr/lib/x86_64-linux-gnu/perl5/5.30/TFBS/PatternGen/Motif/
-rw-r--r-- root/root      1208 2017-03-07 12:21 ./usr/lib/x86_64-linux-gnu/perl5/5.30/TFBS/PatternGen/Motif/Matrix.pm
-rw-r--r-- root/root       347 2017-03-07 12:21 ./usr/lib/x86_64-linux-gnu/perl5/5.30/TFBS/PatternGen/Motif/Word.pm
-rw-r--r-- root/root      3279 2017-03-07 12:21 ./usr/lib/x86_64-linux-gnu/perl5/5.30/TFBS/PatternGen/SimplePFM.pm
-rw-r--r-- root/root      5317 2019-09-19 15:34 ./usr/lib/x86_64-linux-gnu/perl5/5.30/TFBS/PatternGen/YMF.pm
drwxr-xr-x root/root         0 2019-09-19 15:34 ./usr/lib/x86_64-linux-gnu/perl5/5.30/TFBS/PatternGen/YMF/
-rw-r--r-- root/root      1152 2017-03-07 12:21 ./usr/lib/x86_64-linux-gnu/perl5/5.30/TFBS/PatternGen/YMF/Motif.pm
-rw-r--r-- root/root       509 2017-03-07 12:21 ./usr/lib/x86_64-linux-gnu/perl5/5.30/TFBS/PatternGenI.pm
-rw-r--r-- root/root      3088 2017-03-07 12:21 ./usr/lib/x86_64-linux-gnu/perl5/5.30/TFBS/PatternI.pm
-rw-r--r-- root/root        28 2017-03-07 12:21 ./usr/lib/x86_64-linux-gnu/perl5/5.30/TFBS/README.md
drwxr-xr-x root/root         0 2019-09-19 15:34 ./usr/lib/x86_64-linux-gnu/perl5/5.30/TFBS/Run/
-rw-r--r-- root/root      5452 2017-03-07 12:21 ./usr/lib/x86_64-linux-gnu/perl5/5.30/TFBS/Run/ConservationProfileGenerator.pm
-rw-r--r-- root/root      7704 2017-03-07 12:21 ./usr/lib/x86_64-linux-gnu/perl5/5.30/TFBS/Site.pm
-rw-r--r-- root/root      1659 2017-03-07 12:21 ./usr/lib/x86_64-linux-gnu/perl5/5.30/TFBS/SitePair.pm
-rw-r--r-- root/root      6308 2017-03-07 12:21 ./usr/lib/x86_64-linux-gnu/perl5/5.30/TFBS/SitePairSet.pm
-rw-r--r-- root/root      6209 2017-03-07 12:21 ./usr/lib/x86_64-linux-gnu/perl5/5.30/TFBS/SiteSet.pm
-rw-r--r-- root/root      5328 2017-03-07 12:21 ./usr/lib/x86_64-linux-gnu/perl5/5.30/TFBS/TFFM.pm
drwxr-xr-x root/root         0 2019-09-19 15:34 ./usr/lib/x86_64-linux-gnu/perl5/5.30/TFBS/Tools/
-rw-r--r-- root/root      5929 2017-03-07 12:21 ./usr/lib/x86_64-linux-gnu/perl5/5.30/TFBS/Tools/SetOperations.pm
-rw-r--r-- root/root      2237 2017-03-07 12:21 ./usr/lib/x86_64-linux-gnu/perl5/5.30/TFBS/Word.pm
drwxr-xr-x root/root         0 2019-09-19 15:34 ./usr/lib/x86_64-linux-gnu/perl5/5.30/TFBS/Word/
-rw-r--r-- root/root      6689 2017-03-07 12:21 ./usr/lib/x86_64-linux-gnu/perl5/5.30/TFBS/Word/Consensus.pm
-rw-r--r-- root/root      1543 2017-03-07 12:21 ./usr/lib/x86_64-linux-gnu/perl5/5.30/TFBS/_Iterator.pm
drwxr-xr-x root/root         0 2019-09-19 15:34 ./usr/lib/x86_64-linux-gnu/perl5/5.30/TFBS/_Iterator/
-rw-r--r-- root/root      2083 2017-03-07 12:21 ./usr/lib/x86_64-linux-gnu/perl5/5.30/TFBS/_Iterator/_MatrixSetIterator.pm
-rw-r--r-- root/root      1515 2017-03-07 12:21 ./usr/lib/x86_64-linux-gnu/perl5/5.30/TFBS/_Iterator/_SiteSetIterator.pm
drwxr-xr-x root/root         0 2019-09-19 15:34 ./usr/lib/x86_64-linux-gnu/perl5/5.30/auto/
drwxr-xr-x root/root         0 2019-09-19 15:34 ./usr/lib/x86_64-linux-gnu/perl5/5.30/auto/TFBS/
drwxr-xr-x root/root         0 2019-09-19 15:34 ./usr/lib/x86_64-linux-gnu/perl5/5.30/auto/TFBS/Ext/
drwxr-xr-x root/root         0 2019-09-19 15:34 ./usr/lib/x86_64-linux-gnu/perl5/5.30/auto/TFBS/Ext/pwmsearch/
-rw-r--r-- root/root     50652 2017-03-07 12:21 ./usr/lib/x86_64-linux-gnu/perl5/5.30/auto/TFBS/Ext/pwmsearch/pwmsearch.bundle
-rw-r--r-- root/root     18368 2019-09-19 15:34 ./usr/lib/x86_64-linux-gnu/perl5/5.30/auto/TFBS/Ext/pwmsearch/pwmsearch.so
-rw-r--r-- root/root      4988 2017-03-07 12:21 ./usr/lib/x86_64-linux-gnu/perl5/5.30/pwm_search.h
-rw-r--r-- root/root     20586 2019-09-19 15:34 ./usr/lib/x86_64-linux-gnu/perl5/5.30/pwm_searchPFF.c
drwxr-xr-x root/root         0 2019-09-19 15:34 ./usr/share/
drwxr-xr-x root/root         0 2019-09-19 15:34 ./usr/share/doc/
drwxr-xr-x root/root         0 2019-09-19 15:34 ./usr/share/doc/libtfbs-perl/
-rw-r--r-- root/root       653 2019-09-19 15:34 ./usr/share/doc/libtfbs-perl/README.Debian
-rw-r--r-- root/root      2533 2019-09-19 15:34 ./usr/share/doc/libtfbs-perl/changelog.Debian.gz
-rw-r--r-- root/root       761 2017-03-07 12:21 ./usr/share/doc/libtfbs-perl/changelog.gz
-rw-r--r-- root/root      1134 2019-09-19 15:34 ./usr/share/doc/libtfbs-perl/copyright
drwxr-xr-x root/root         0 2019-09-19 15:34 ./usr/share/doc/libtfbs-perl/examples/
drwxr-xr-x root/root         0 2019-09-19 15:34 ./usr/share/doc/libtfbs-perl/examples/Ext/
drwxr-xr-x root/root         0 2017-03-07 12:21 ./usr/share/doc/libtfbs-perl/examples/Ext/t/
-rw-r--r-- root/root       809 2017-03-07 12:21 ./usr/share/doc/libtfbs-perl/examples/Ext/t/pwmsearch.t
-rw-r--r-- root/root      5095 2017-03-07 12:21 ./usr/share/doc/libtfbs-perl/examples/Ext/t/test.fa
drwxr-xr-x root/root         0 2019-09-19 15:34 ./usr/share/doc/libtfbs-perl/examples/t/
-rw-r--r-- root/root       598 2019-09-19 15:34 ./usr/share/doc/libtfbs-perl/examples/t/01_Matrix.t
-rw-r--r-- root/root       739 2019-09-19 15:34 ./usr/share/doc/libtfbs-perl/examples/t/02_Search.t
-rw-r--r-- root/root       782 2019-09-19 15:34 ./usr/share/doc/libtfbs-perl/examples/t/03_DB_FlatFileDir.t
-rw-r--r-- root/root       549 2019-09-19 15:34 ./usr/share/doc/libtfbs-perl/examples/t/04_DB_TRANSFAC.t
-rw-r--r-- root/root      1052 2019-09-19 15:34 ./usr/share/doc/libtfbs-perl/examples/t/05_DB_JASPAR.t
-rw-r--r-- root/root       584 2019-09-19 15:34 ./usr/share/doc/libtfbs-perl/examples/t/06_SimplePFM.t
-rw-r--r-- root/root      1313 2019-09-19 15:34 ./usr/share/doc/libtfbs-perl/examples/t/07_AnnSpec.t
-rw-r--r-- root/root      1168 2019-09-19 15:34 ./usr/share/doc/libtfbs-perl/examples/t/07_Elph.t
-rw-r--r-- root/root       770 2019-09-19 15:34 ./usr/share/doc/libtfbs-perl/examples/t/07_Gibbs.t
-rw-r--r-- root/root       863 2019-09-19 15:34 ./usr/share/doc/libtfbs-perl/examples/t/07_MEME.t
-rw-r--r-- root/root       840 2019-09-19 15:34 ./usr/share/doc/libtfbs-perl/examples/t/08_DB_LocalTRANSFAC.t
-rw-r--r-- root/root       850 2019-09-19 15:34 ./usr/share/doc/libtfbs-perl/examples/t/09_Word_Consensus.t
-rw-r--r-- root/root       718 2019-09-19 15:34 ./usr/share/doc/libtfbs-perl/examples/t/10_Tools_SetOperations.t
-rw-r--r-- root/root      8351 2017-03-07 12:21 ./usr/share/doc/libtfbs-perl/examples/t/test.aln
-rw-r--r-- root/root      5220 2017-03-07 12:21 ./usr/share/doc/libtfbs-perl/examples/t/test.fa
-rw-r--r-- root/root     11998 2017-03-07 12:21 ./usr/share/doc/libtfbs-perl/examples/t/test.gibbin
-rw-r--r-- root/root      4857 2017-03-07 12:21 ./usr/share/doc/libtfbs-perl/examples/t/test_meme.fa
drwxr-xr-x root/root         0 2017-03-07 12:21 ./usr/share/doc/libtfbs-perl/examples/t/transfac_new/
-rw-r--r-- root/root       874 2017-03-07 12:21 ./usr/share/doc/libtfbs-perl/examples/t/transfac_new/matrix.dat
drwxr-xr-x root/root         0 2017-03-07 12:21 ./usr/share/doc/libtfbs-perl/examples/t/transfac_old/
-rw-r--r-- root/root    163996 2017-03-07 12:21 ./usr/share/doc/libtfbs-perl/examples/t/transfac_old/matrix.dat
drwxr-xr-x root/root         0 2019-09-19 15:34 ./usr/share/man/
drwxr-xr-x root/root         0 2019-09-19 15:34 ./usr/share/man/man3/
-rw-r--r-- root/root      3040 2019-09-19 15:34 ./usr/share/man/man3/TFBS::DB::FlatFileDir.3pm.gz
-rw-r--r-- root/root      5751 2019-09-19 15:34 ./usr/share/man/man3/TFBS::DB::JASPAR.3pm.gz
-rw-r--r-- root/root      5234 2019-09-19 15:34 ./usr/share/man/man3/TFBS::DB::JASPAR2.3pm.gz
-rw-r--r-- root/root      4820 2019-09-19 15:34 ./usr/share/man/man3/TFBS::DB::JASPAR4.3pm.gz
-rw-r--r-- root/root      5349 2019-09-19 15:34 ./usr/share/man/man3/TFBS::DB::JASPAR5.3pm.gz
-rw-r--r-- root/root      5350 2019-09-19 15:34 ./usr/share/man/man3/TFBS::DB::JASPAR6.3pm.gz
-rw-r--r-- root/root      5753 2019-09-19 15:34 ./usr/share/man/man3/TFBS::DB::JASPAR7.3pm.gz
-rw-r--r-- root/root      2252 2019-09-19 15:34 ./usr/share/man/man3/TFBS::DB::LocalTRANSFAC.3pm.gz
-rw-r--r-- root/root      2368 2019-09-19 15:34 ./usr/share/man/man3/TFBS::DB::TRANSFAC.3pm.gz
-rw-r--r-- root/root      1392 2019-09-19 15:34 ./usr/share/man/man3/TFBS::Ext::pwmsearch.3pm.gz
-rw-r--r-- root/root      2192 2019-09-19 15:34 ./usr/share/man/man3/TFBS::Matrix.3pm.gz
-rw-r--r-- root/root      2628 2019-09-19 15:34 ./usr/share/man/man3/TFBS::Matrix::Alignment.3pm.gz
-rw-r--r-- root/root      3591 2019-09-19 15:34 ./usr/share/man/man3/TFBS::Matrix::ICM.3pm.gz
-rw-r--r-- root/root      4290 2019-09-19 15:34 ./usr/share/man/man3/TFBS::Matrix::PFM.3pm.gz
-rw-r--r-- root/root      3686 2019-09-19 15:34 ./usr/share/man/man3/TFBS::Matrix::PWM.3pm.gz
-rw-r--r-- root/root      3570 2019-09-19 15:34 ./usr/share/man/man3/TFBS::MatrixSet.3pm.gz
-rw-r--r-- root/root      1600 2019-09-19 15:34 ./usr/share/man/man3/TFBS::PatternGen.3pm.gz
-rw-r--r-- root/root      1996 2019-09-19 15:34 ./usr/share/man/man3/TFBS::PatternGen::AnnSpec.3pm.gz
-rw-r--r-- root/root      1459 2019-09-19 15:34 ./usr/share/man/man3/TFBS::PatternGen::AnnSpec::Motif.3pm.gz
-rw-r--r-- root/root      2060 2019-09-19 15:34 ./usr/share/man/man3/TFBS::PatternGen::Elph.3pm.gz
-rw-r--r-- root/root      1447 2019-09-19 15:34 ./usr/share/man/man3/TFBS::PatternGen::Elph::Motif.3pm.gz
-rw-r--r-- root/root      2063 2019-09-19 15:34 ./usr/share/man/man3/TFBS::PatternGen::Gibbs.3pm.gz
-rw-r--r-- root/root      1717 2019-09-19 15:34 ./usr/share/man/man3/TFBS::PatternGen::Gibbs::Motif.3pm.gz
-rw-r--r-- root/root      1938 2019-09-19 15:34 ./usr/share/man/man3/TFBS::PatternGen::MEME.3pm.gz
-rw-r--r-- root/root      1441 2019-09-19 15:34 ./usr/share/man/man3/TFBS::PatternGen::MEME::Motif.3pm.gz
-rw-r--r-- root/root      1751 2019-09-19 15:34 ./usr/share/man/man3/TFBS::PatternGen::SimplePFM.3pm.gz
-rw-r--r-- root/root      1942 2019-09-19 15:34 ./usr/share/man/man3/TFBS::PatternGen::YMF.3pm.gz
-rw-r--r-- root/root      1430 2019-09-19 15:34 ./usr/share/man/man3/TFBS::PatternGen::YMF::Motif.3pm.gz
-rw-r--r-- root/root      1924 2019-09-19 15:34 ./usr/share/man/man3/TFBS::PatternI.3pm.gz
-rw-r--r-- root/root      2866 2019-09-19 15:34 ./usr/share/man/man3/TFBS::Site.3pm.gz
-rw-r--r-- root/root      1426 2019-09-19 15:34 ./usr/share/man/man3/TFBS::SitePair.3pm.gz
-rw-r--r-- root/root      2328 2019-09-19 15:34 ./usr/share/man/man3/TFBS::SitePairSet.3pm.gz
-rw-r--r-- root/root      2292 2019-09-19 15:34 ./usr/share/man/man3/TFBS::SiteSet.3pm.gz
-rw-r--r-- root/root      2161 2019-09-19 15:34 ./usr/share/man/man3/TFBS::TFFM.3pm.gz
-rw-r--r-- root/root      1483 2019-09-19 15:34 ./usr/share/man/man3/TFBS::Word.3pm.gz
-rw-r--r-- root/root      2355 2019-09-19 15:34 ./usr/share/man/man3/TFBS::Word::Consensus.3pm.gz


+------------------------------------------------------------------------------+
| Post Build                                                                   |
+------------------------------------------------------------------------------+


+------------------------------------------------------------------------------+
| Cleanup                                                                      |
+------------------------------------------------------------------------------+

Purging /<<BUILDDIR>>
Not cleaning session: cloned chroot in use

+------------------------------------------------------------------------------+
| Summary                                                                      |
+------------------------------------------------------------------------------+

Build Architecture: amd64
Build Type: binary
Build-Space: 4944
Build-Time: 9
Distribution: unstable
Host Architecture: amd64
Install-Time: 11
Job: libtfbs-perl_0.7.1-3
Machine Architecture: amd64
Package: libtfbs-perl
Package-Time: 34
Source-Version: 0.7.1-3
Space: 4944
Status: successful
Version: 0.7.1-3
--------------------------------------------------------------------------------
Finished at 2020-02-25T05:56:18Z
Build needed 00:00:34, 4944k disk space
DC-Status: OK 35.895355972s
