DC-Build-Header: libxml-parser-perl 2.46-1 / 2020-02-24 22:58:50 +0000
DC-Task: type:rebuild-binarch-only source:libxml-parser-perl version:2.46-1 chroot:unstable esttime:200 logfile:/tmp/libxml-parser-perl_2.46-1_unstable_clang10.log modes:clang10:binarch-only
DC-Sbuild-call: su user42 -c 'sbuild -n --arch-any --apt-update -d unstable -v --no-run-lintian --chroot-setup-commands=/tmp/clang10 libxml-parser-perl_2.46-1'
sbuild (Debian sbuild) 0.78.1 (09 February 2019) on ip-172-31-11-22.eu-central-1.compute.internal

+==============================================================================+
| libxml-parser-perl 2.46-1 (amd64)            Mon, 24 Feb 2020 22:58:51 +0000 |
+==============================================================================+

Package: libxml-parser-perl
Version: 2.46-1
Source Version: 2.46-1
Distribution: unstable
Machine Architecture: amd64
Host Architecture: amd64
Build Architecture: amd64
Build Type: binary

I: NOTICE: Log filtering will replace 'var/run/schroot/mount/sid-amd64-sbuild-4a41a313-8060-4314-a1d6-c2d619b38ee6' with '<<CHROOT>>'

+------------------------------------------------------------------------------+
| Chroot Setup Commands                                                        |
+------------------------------------------------------------------------------+


/tmp/clang10
------------

+ echo 'Entering customization script...'
Entering customization script...
+ CLANG_VERSION=10
+ echo 'Install of clang-10'
Install of clang-10
+ apt-get update
Get:1 http://127.0.0.1:12990/debian sid InRelease [142 kB]
Get:2 http://127.0.0.1:12990/debian sid/main Sources.diff/Index [27.9 kB]
Get:3 http://127.0.0.1:12990/debian sid/main amd64 Packages.diff/Index [27.9 kB]
Get:4 http://127.0.0.1:12990/debian sid/main Sources 2020-02-24-0823.32.pdiff [11.0 kB]
Get:5 http://127.0.0.1:12990/debian sid/main Sources 2020-02-24-1420.34.pdiff [30.2 kB]
Get:6 http://127.0.0.1:12990/debian sid/main Sources 2020-02-24-2014.03.pdiff [16.9 kB]
Get:6 http://127.0.0.1:12990/debian sid/main Sources 2020-02-24-2014.03.pdiff [16.9 kB]
Get:7 http://127.0.0.1:12990/debian sid/main amd64 Packages 2020-02-24-0823.32.pdiff [15.5 kB]
Get:8 http://127.0.0.1:12990/debian sid/main amd64 Packages 2020-02-24-1420.34.pdiff [27.5 kB]
Get:9 http://127.0.0.1:12990/debian sid/main amd64 Packages 2020-02-24-2014.03.pdiff [21.6 kB]
Get:9 http://127.0.0.1:12990/debian sid/main amd64 Packages 2020-02-24-2014.03.pdiff [21.6 kB]
Get:10 http://127.0.0.1:12990/debian sid/main Translation-en [6193 kB]
Fetched 6514 kB in 2s (3322 kB/s)
Reading package lists...
+ apt-get install --yes --no-install-recommends --force-yes clang-10 libomp-10-dev libobjc-9-dev
Reading package lists...
Building dependency tree...
The following additional packages will be installed:
  lib32gcc-s1 lib32gcc1 lib32stdc++6 libbsd0 libc6-i386 libclang-common-10-dev
  libclang-cpp10 libclang1-10 libedit2 libgc1c2 libllvm10 libobjc4 libomp5-10
  libz3-4
Suggested packages:
  clang-10-doc libomp-10-doc
Recommended packages:
  llvm-10-dev python3
The following NEW packages will be installed:
  clang-10 lib32gcc-s1 lib32gcc1 lib32stdc++6 libbsd0 libc6-i386
  libclang-common-10-dev libclang-cpp10 libclang1-10 libedit2 libgc1c2
  libllvm10 libobjc-9-dev libobjc4 libomp-10-dev libomp5-10 libz3-4
0 upgraded, 17 newly installed, 0 to remove and 1 not upgraded.
Need to get 46.4 MB of archives.
After this operation, 238 MB of additional disk space will be used.
Get:1 http://127.0.0.1:12990/debian sid/main amd64 libbsd0 amd64 0.10.0-1 [107 kB]
Get:2 http://127.0.0.1:12990/debian sid/main amd64 libedit2 amd64 3.1-20191231-1 [95.4 kB]
Get:3 http://127.0.0.1:12990/debian sid/main amd64 libz3-4 amd64 4.8.7-4 [6790 kB]
Get:4 http://127.0.0.1:12990/debian sid/main amd64 libllvm10 amd64 1:10.0.0~+rc2-1 [15.5 MB]
Get:5 http://127.0.0.1:12990/debian sid/main amd64 libclang-cpp10 amd64 1:10.0.0~+rc2-1 [9069 kB]
Get:6 http://127.0.0.1:12990/debian sid/main amd64 libgc1c2 amd64 1:7.6.4-0.4 [224 kB]
Get:7 http://127.0.0.1:12990/debian sid/main amd64 libobjc4 amd64 10-20200222-1 [41.6 kB]
Get:8 http://127.0.0.1:12990/debian sid/main amd64 libobjc-9-dev amd64 9.2.1-29 [219 kB]
Get:9 http://127.0.0.1:12990/debian sid/main amd64 libc6-i386 amd64 2.29-10 [2918 kB]
Get:10 http://127.0.0.1:12990/debian sid/main amd64 lib32gcc-s1 amd64 10-20200222-1 [49.4 kB]
Get:11 http://127.0.0.1:12990/debian sid/main amd64 lib32gcc1 amd64 1:10-20200222-1 [1104 B]
Get:12 http://127.0.0.1:12990/debian sid/main amd64 lib32stdc++6 amd64 10-20200222-1 [510 kB]
Get:13 http://127.0.0.1:12990/debian sid/main amd64 libclang-common-10-dev amd64 1:10.0.0~+rc2-1 [2782 kB]
Get:14 http://127.0.0.1:12990/debian sid/main amd64 libclang1-10 amd64 1:10.0.0~+rc2-1 [7607 kB]
Get:15 http://127.0.0.1:12990/debian sid/main amd64 clang-10 amd64 1:10.0.0~+rc2-1 [103 kB]
Get:16 http://127.0.0.1:12990/debian sid/main amd64 libomp5-10 amd64 1:10.0.0~+rc2-1 [337 kB]
Get:17 http://127.0.0.1:12990/debian sid/main amd64 libomp-10-dev amd64 1:10.0.0~+rc2-1 [84.3 kB]
debconf: delaying package configuration, since apt-utils is not installed
Fetched 46.4 MB in 1s (89.9 MB/s)
Selecting previously unselected package libbsd0:amd64.
(Reading database ... (Reading database ... 5%(Reading database ... 10%(Reading database ... 15%(Reading database ... 20%(Reading database ... 25%(Reading database ... 30%(Reading database ... 35%(Reading database ... 40%(Reading database ... 45%(Reading database ... 50%(Reading database ... 55%(Reading database ... 60%(Reading database ... 65%(Reading database ... 70%(Reading database ... 75%(Reading database ... 80%(Reading database ... 85%(Reading database ... 90%(Reading database ... 95%(Reading database ... 100%(Reading database ... 12119 files and directories currently installed.)
Preparing to unpack .../00-libbsd0_0.10.0-1_amd64.deb ...
Unpacking libbsd0:amd64 (0.10.0-1) ...
Selecting previously unselected package libedit2:amd64.
Preparing to unpack .../01-libedit2_3.1-20191231-1_amd64.deb ...
Unpacking libedit2:amd64 (3.1-20191231-1) ...
Selecting previously unselected package libz3-4:amd64.
Preparing to unpack .../02-libz3-4_4.8.7-4_amd64.deb ...
Unpacking libz3-4:amd64 (4.8.7-4) ...
Selecting previously unselected package libllvm10:amd64.
Preparing to unpack .../03-libllvm10_1%3a10.0.0~+rc2-1_amd64.deb ...
Unpacking libllvm10:amd64 (1:10.0.0~+rc2-1) ...
Selecting previously unselected package libclang-cpp10.
Preparing to unpack .../04-libclang-cpp10_1%3a10.0.0~+rc2-1_amd64.deb ...
Unpacking libclang-cpp10 (1:10.0.0~+rc2-1) ...
Selecting previously unselected package libgc1c2:amd64.
Preparing to unpack .../05-libgc1c2_1%3a7.6.4-0.4_amd64.deb ...
Unpacking libgc1c2:amd64 (1:7.6.4-0.4) ...
Selecting previously unselected package libobjc4:amd64.
Preparing to unpack .../06-libobjc4_10-20200222-1_amd64.deb ...
Unpacking libobjc4:amd64 (10-20200222-1) ...
Selecting previously unselected package libobjc-9-dev:amd64.
Preparing to unpack .../07-libobjc-9-dev_9.2.1-29_amd64.deb ...
Unpacking libobjc-9-dev:amd64 (9.2.1-29) ...
Selecting previously unselected package libc6-i386.
Preparing to unpack .../08-libc6-i386_2.29-10_amd64.deb ...
Unpacking libc6-i386 (2.29-10) ...
Selecting previously unselected package lib32gcc-s1.
Preparing to unpack .../09-lib32gcc-s1_10-20200222-1_amd64.deb ...
Unpacking lib32gcc-s1 (10-20200222-1) ...
Selecting previously unselected package lib32gcc1.
Preparing to unpack .../10-lib32gcc1_1%3a10-20200222-1_amd64.deb ...
Unpacking lib32gcc1 (1:10-20200222-1) ...
Selecting previously unselected package lib32stdc++6.
Preparing to unpack .../11-lib32stdc++6_10-20200222-1_amd64.deb ...
Unpacking lib32stdc++6 (10-20200222-1) ...
Selecting previously unselected package libclang-common-10-dev.
Preparing to unpack .../12-libclang-common-10-dev_1%3a10.0.0~+rc2-1_amd64.deb ...
Unpacking libclang-common-10-dev (1:10.0.0~+rc2-1) ...
Selecting previously unselected package libclang1-10.
Preparing to unpack .../13-libclang1-10_1%3a10.0.0~+rc2-1_amd64.deb ...
Unpacking libclang1-10 (1:10.0.0~+rc2-1) ...
Selecting previously unselected package clang-10.
Preparing to unpack .../14-clang-10_1%3a10.0.0~+rc2-1_amd64.deb ...
Unpacking clang-10 (1:10.0.0~+rc2-1) ...
Selecting previously unselected package libomp5-10:amd64.
Preparing to unpack .../15-libomp5-10_1%3a10.0.0~+rc2-1_amd64.deb ...
Unpacking libomp5-10:amd64 (1:10.0.0~+rc2-1) ...
Selecting previously unselected package libomp-10-dev.
Preparing to unpack .../16-libomp-10-dev_1%3a10.0.0~+rc2-1_amd64.deb ...
Unpacking libomp-10-dev (1:10.0.0~+rc2-1) ...
Setting up libgc1c2:amd64 (1:7.6.4-0.4) ...
Setting up libobjc4:amd64 (10-20200222-1) ...
Setting up libz3-4:amd64 (4.8.7-4) ...
Setting up libobjc-9-dev:amd64 (9.2.1-29) ...
Setting up libomp5-10:amd64 (1:10.0.0~+rc2-1) ...
Setting up libc6-i386 (2.29-10) ...
Setting up libbsd0:amd64 (0.10.0-1) ...
Setting up libomp-10-dev (1:10.0.0~+rc2-1) ...
Setting up libedit2:amd64 (3.1-20191231-1) ...
Setting up libllvm10:amd64 (1:10.0.0~+rc2-1) ...
Setting up lib32gcc-s1 (10-20200222-1) ...
Setting up libclang1-10 (1:10.0.0~+rc2-1) ...
Setting up lib32gcc1 (1:10-20200222-1) ...
Setting up libclang-cpp10 (1:10.0.0~+rc2-1) ...
Setting up lib32stdc++6 (10-20200222-1) ...
Setting up libclang-common-10-dev (1:10.0.0~+rc2-1) ...
Setting up clang-10 (1:10.0.0~+rc2-1) ...
Processing triggers for libc-bin (2.29-10) ...
W: --force-yes is deprecated, use one of the options starting with --allow instead.
+ echo 'Replace gcc, g++ & cpp by clang'
Replace gcc, g++ & cpp by clang
+ VERSIONS='4.6 4.7 4.8 4.9 5 6 7 8 9 10'
+ cd /usr/bin
+ for VERSION in $VERSIONS
+ rm -f g++-4.6 gcc-4.6 cpp-4.6 gcc
+ ln -s clang++-10 g++-4.6
+ ln -s clang-10 gcc-4.6
+ ln -s clang-10 cpp-4.6
+ ln -s clang-10 gcc
+ echo 'gcc-4.6 hold'
+ dpkg --set-selections
dpkg: warning: package not in status nor available database at line 1: gcc-4.6
dpkg: warning: found unknown packages; this might mean the available database
is outdated, and needs to be updated through a frontend method;
please see the FAQ <https://wiki.debian.org/Teams/Dpkg/FAQ>
+ echo 'g++-4.6 hold'
+ dpkg --set-selections
dpkg: warning: package not in status nor available database at line 1: g++-4.6
dpkg: warning: found unknown packages; this might mean the available database
is outdated, and needs to be updated through a frontend method;
please see the FAQ <https://wiki.debian.org/Teams/Dpkg/FAQ>
+ for VERSION in $VERSIONS
+ rm -f g++-4.7 gcc-4.7 cpp-4.7 gcc
+ ln -s clang++-10 g++-4.7
+ ln -s clang-10 gcc-4.7
+ ln -s clang-10 cpp-4.7
+ ln -s clang-10 gcc
+ echo 'gcc-4.7 hold'
+ dpkg --set-selections
dpkg: warning: package not in status nor available database at line 1: gcc-4.7
dpkg: warning: found unknown packages; this might mean the available database
is outdated, and needs to be updated through a frontend method;
please see the FAQ <https://wiki.debian.org/Teams/Dpkg/FAQ>
+ echo 'g++-4.7 hold'
+ dpkg --set-selections
dpkg: warning: package not in status nor available database at line 1: g++-4.7
dpkg: warning: found unknown packages; this might mean the available database
is outdated, and needs to be updated through a frontend method;
please see the FAQ <https://wiki.debian.org/Teams/Dpkg/FAQ>
+ for VERSION in $VERSIONS
+ rm -f g++-4.8 gcc-4.8 cpp-4.8 gcc
+ ln -s clang++-10 g++-4.8
+ ln -s clang-10 gcc-4.8
+ ln -s clang-10 cpp-4.8
+ ln -s clang-10 gcc
+ echo 'gcc-4.8 hold'
+ dpkg --set-selections
dpkg: warning: package not in status nor available database at line 1: gcc-4.8
dpkg: warning: found unknown packages; this might mean the available database
is outdated, and needs to be updated through a frontend method;
please see the FAQ <https://wiki.debian.org/Teams/Dpkg/FAQ>
+ echo 'g++-4.8 hold'
+ dpkg --set-selections
dpkg: warning: package not in status nor available database at line 1: g++-4.8
dpkg: warning: found unknown packages; this might mean the available database
is outdated, and needs to be updated through a frontend method;
please see the FAQ <https://wiki.debian.org/Teams/Dpkg/FAQ>
+ for VERSION in $VERSIONS
+ rm -f g++-4.9 gcc-4.9 cpp-4.9 gcc
+ ln -s clang++-10 g++-4.9
+ ln -s clang-10 gcc-4.9
+ ln -s clang-10 cpp-4.9
+ ln -s clang-10 gcc
+ echo 'gcc-4.9 hold'
+ dpkg --set-selections
dpkg: warning: package not in status nor available database at line 1: gcc-4.9
dpkg: warning: found unknown packages; this might mean the available database
is outdated, and needs to be updated through a frontend method;
please see the FAQ <https://wiki.debian.org/Teams/Dpkg/FAQ>
+ echo 'g++-4.9 hold'
+ dpkg --set-selections
dpkg: warning: package not in status nor available database at line 1: g++-4.9
dpkg: warning: found unknown packages; this might mean the available database
is outdated, and needs to be updated through a frontend method;
please see the FAQ <https://wiki.debian.org/Teams/Dpkg/FAQ>
+ for VERSION in $VERSIONS
+ rm -f g++-5 gcc-5 cpp-5 gcc
+ ln -s clang++-10 g++-5
+ ln -s clang-10 gcc-5
+ ln -s clang-10 cpp-5
+ ln -s clang-10 gcc
+ echo 'gcc-5 hold'
+ dpkg --set-selections
dpkg: warning: package not in status nor available database at line 1: gcc-5
dpkg: warning: found unknown packages; this might mean the available database
is outdated, and needs to be updated through a frontend method;
please see the FAQ <https://wiki.debian.org/Teams/Dpkg/FAQ>
+ echo 'g++-5 hold'
+ dpkg --set-selections
dpkg: warning: package not in status nor available database at line 1: g++-5
dpkg: warning: found unknown packages; this might mean the available database
is outdated, and needs to be updated through a frontend method;
please see the FAQ <https://wiki.debian.org/Teams/Dpkg/FAQ>
+ for VERSION in $VERSIONS
+ rm -f g++-6 gcc-6 cpp-6 gcc
+ ln -s clang++-10 g++-6
+ ln -s clang-10 gcc-6
+ ln -s clang-10 cpp-6
+ ln -s clang-10 gcc
+ echo 'gcc-6 hold'
+ dpkg --set-selections
dpkg: warning: package not in status nor available database at line 1: gcc-6
dpkg: warning: found unknown packages; this might mean the available database
is outdated, and needs to be updated through a frontend method;
please see the FAQ <https://wiki.debian.org/Teams/Dpkg/FAQ>
+ echo 'g++-6 hold'
+ dpkg --set-selections
dpkg: warning: package not in status nor available database at line 1: g++-6
dpkg: warning: found unknown packages; this might mean the available database
is outdated, and needs to be updated through a frontend method;
please see the FAQ <https://wiki.debian.org/Teams/Dpkg/FAQ>
+ for VERSION in $VERSIONS
+ rm -f g++-7 gcc-7 cpp-7 gcc
+ ln -s clang++-10 g++-7
+ ln -s clang-10 gcc-7
+ ln -s clang-10 cpp-7
+ ln -s clang-10 gcc
+ echo 'gcc-7 hold'
+ dpkg --set-selections
dpkg: warning: package not in status nor available database at line 1: gcc-7
dpkg: warning: found unknown packages; this might mean the available database
is outdated, and needs to be updated through a frontend method;
please see the FAQ <https://wiki.debian.org/Teams/Dpkg/FAQ>
+ echo 'g++-7 hold'
+ dpkg --set-selections
dpkg: warning: package not in status nor available database at line 1: g++-7
dpkg: warning: found unknown packages; this might mean the available database
is outdated, and needs to be updated through a frontend method;
please see the FAQ <https://wiki.debian.org/Teams/Dpkg/FAQ>
+ for VERSION in $VERSIONS
+ rm -f g++-8 gcc-8 cpp-8 gcc
+ ln -s clang++-10 g++-8
+ ln -s clang-10 gcc-8
+ ln -s clang-10 cpp-8
+ ln -s clang-10 gcc
+ echo 'gcc-8 hold'
+ dpkg --set-selections
dpkg: warning: package not in status nor available database at line 1: gcc-8
dpkg: warning: found unknown packages; this might mean the available database
is outdated, and needs to be updated through a frontend method;
please see the FAQ <https://wiki.debian.org/Teams/Dpkg/FAQ>
+ echo 'g++-8 hold'
+ dpkg --set-selections
dpkg: warning: package not in status nor available database at line 1: g++-8
dpkg: warning: found unknown packages; this might mean the available database
is outdated, and needs to be updated through a frontend method;
please see the FAQ <https://wiki.debian.org/Teams/Dpkg/FAQ>
+ for VERSION in $VERSIONS
+ rm -f g++-9 gcc-9 cpp-9 gcc
+ ln -s clang++-10 g++-9
+ ln -s clang-10 gcc-9
+ ln -s clang-10 cpp-9
+ ln -s clang-10 gcc
+ echo 'gcc-9 hold'
+ dpkg --set-selections
+ echo 'g++-9 hold'
+ dpkg --set-selections
+ for VERSION in $VERSIONS
+ rm -f g++-10 gcc-10 cpp-10 gcc
+ ln -s clang++-10 g++-10
+ ln -s clang-10 gcc-10
+ ln -s clang-10 cpp-10
+ ln -s clang-10 gcc
+ echo 'gcc-10 hold'
+ dpkg --set-selections
dpkg: warning: package not in status nor available database at line 1: gcc-10
dpkg: warning: found unknown packages; this might mean the available database
is outdated, and needs to be updated through a frontend method;
please see the FAQ <https://wiki.debian.org/Teams/Dpkg/FAQ>
+ echo 'g++-10 hold'
+ dpkg --set-selections
dpkg: warning: package not in status nor available database at line 1: g++-10
dpkg: warning: found unknown packages; this might mean the available database
is outdated, and needs to be updated through a frontend method;
please see the FAQ <https://wiki.debian.org/Teams/Dpkg/FAQ>
+ cd -
/build/libxml-parser-perl-KXko3Z
+ echo 'Check if gcc, g++ & cpp are actually clang'
Check if gcc, g++ & cpp are actually clang
+ gcc --version
+ grep clang
+ grep clang
+ cpp --version
+ g++ --version
+ grep clang

I: Finished running '/tmp/clang10'.

Finished processing commands.
--------------------------------------------------------------------------------
I: NOTICE: Log filtering will replace 'build/libxml-parser-perl-KXko3Z/resolver-7eKA5Q' with '<<RESOLVERDIR>>'

+------------------------------------------------------------------------------+
| Update chroot                                                                |
+------------------------------------------------------------------------------+

Hit:1 http://127.0.0.1:12990/debian sid InRelease
Reading package lists...
Reading package lists...
Building dependency tree...
Reading state information...
Calculating upgrade...
The following packages will be upgraded:
  libgmp10
1 upgraded, 0 newly installed, 0 to remove and 0 not upgraded.
Need to get 253 kB of archives.
After this operation, 0 B of additional disk space will be used.
Get:1 http://127.0.0.1:12990/debian sid/main amd64 libgmp10 amd64 2:6.2.0+dfsg-4 [253 kB]
debconf: delaying package configuration, since apt-utils is not installed
Fetched 253 kB in 0s (4702 kB/s)
(Reading database ... (Reading database ... 5%(Reading database ... 10%(Reading database ... 15%(Reading database ... 20%(Reading database ... 25%(Reading database ... 30%(Reading database ... 35%(Reading database ... 40%(Reading database ... 45%(Reading database ... 50%(Reading database ... 55%(Reading database ... 60%(Reading database ... 65%(Reading database ... 70%(Reading database ... 75%(Reading database ... 80%(Reading database ... 85%(Reading database ... 90%(Reading database ... 95%(Reading database ... 100%(Reading database ... 12960 files and directories currently installed.)
Preparing to unpack .../libgmp10_2%3a6.2.0+dfsg-4_amd64.deb ...
Unpacking libgmp10:amd64 (2:6.2.0+dfsg-4) over (2:6.2.0+dfsg-3) ...
Setting up libgmp10:amd64 (2:6.2.0+dfsg-4) ...
Processing triggers for libc-bin (2.29-10) ...

+------------------------------------------------------------------------------+
| Fetch source files                                                           |
+------------------------------------------------------------------------------+


Check APT
---------

Checking available source versions...

Download source files with APT
------------------------------

Reading package lists...
NOTICE: 'libxml-parser-perl' packaging is maintained in the 'Git' version control system at:
https://salsa.debian.org/perl-team/modules/packages/libxml-parser-perl.git
Please use:
git clone https://salsa.debian.org/perl-team/modules/packages/libxml-parser-perl.git
to retrieve the latest (possibly unreleased) updates to the package.
Need to get 315 kB of source archives.
Get:1 http://127.0.0.1:12990/debian sid/main libxml-parser-perl 2.46-1 (dsc) [2138 B]
Get:2 http://127.0.0.1:12990/debian sid/main libxml-parser-perl 2.46-1 (tar) [255 kB]
Get:3 http://127.0.0.1:12990/debian sid/main libxml-parser-perl 2.46-1 (diff) [57.9 kB]
Fetched 315 kB in 0s (2842 kB/s)
Download complete and in download only mode
I: NOTICE: Log filtering will replace 'build/libxml-parser-perl-KXko3Z/libxml-parser-perl-2.46' with '<<PKGBUILDDIR>>'
I: NOTICE: Log filtering will replace 'build/libxml-parser-perl-KXko3Z' with '<<BUILDDIR>>'

+------------------------------------------------------------------------------+
| Install package build dependencies                                           |
+------------------------------------------------------------------------------+


Setup apt archive
-----------------

Merged Build-Depends: debhelper-compat (= 12), libdevel-checklib-perl, libexpat1-dev, liburi-perl, libwww-perl, perl, build-essential, fakeroot
Filtered Build-Depends: debhelper-compat (= 12), libdevel-checklib-perl, libexpat1-dev, liburi-perl, libwww-perl, perl, build-essential, fakeroot
dpkg-deb: building package 'sbuild-build-depends-main-dummy' in '/<<RESOLVERDIR>>/apt_archive/sbuild-build-depends-main-dummy.deb'.
Ign:1 copy:/<<RESOLVERDIR>>/apt_archive ./ InRelease
Get:2 copy:/<<RESOLVERDIR>>/apt_archive ./ Release [957 B]
Ign:3 copy:/<<RESOLVERDIR>>/apt_archive ./ Release.gpg
Get:4 copy:/<<RESOLVERDIR>>/apt_archive ./ Sources [404 B]
Get:5 copy:/<<RESOLVERDIR>>/apt_archive ./ Packages [486 B]
Fetched 1847 B in 0s (0 B/s)
Reading package lists...
Reading package lists...

Install main build dependencies (apt-based resolver)
----------------------------------------------------

Installing build dependencies
Reading package lists...
Building dependency tree...
Reading state information...
The following additional packages will be installed:
  autoconf automake autopoint autotools-dev bsdmainutils ca-certificates
  debhelper dh-autoreconf dh-strip-nondeterminism dwz file gettext
  gettext-base groff-base intltool-debian libarchive-zip-perl libcroco3
  libdebhelper-perl libdevel-checklib-perl libelf1 libencode-locale-perl
  libexpat1 libexpat1-dev libfile-listing-perl
  libfile-stripnondeterminism-perl libglib2.0-0 libhtml-parser-perl
  libhtml-tagset-perl libhtml-tree-perl libhttp-cookies-perl libhttp-date-perl
  libhttp-message-perl libhttp-negotiate-perl libicu63 libio-html-perl
  libio-socket-ssl-perl liblwp-mediatypes-perl liblwp-protocol-https-perl
  libmagic-mgc libmagic1 libnet-http-perl libnet-ssleay-perl libpipeline1
  libsigsegv2 libssl1.1 libsub-override-perl libtimedate-perl libtool
  libtry-tiny-perl libuchardet0 liburi-perl libwww-perl libwww-robotrules-perl
  libxml2 m4 man-db netbase openssl perl-openssl-defaults po-debconf
  sensible-utils
Suggested packages:
  autoconf-archive gnu-standards autoconf-doc wamerican | wordlist whois
  vacation dh-make gettext-doc libasprintf-dev libgettextpo-dev groff
  libdata-dump-perl libcrypt-ssleay-perl libtool-doc gfortran
  | fortran95-compiler gcj-jdk libauthen-ntlm-perl m4-doc apparmor less
  www-browser libmail-box-perl
Recommended packages:
  curl | wget | lynx libarchive-cpio-perl libglib2.0-data shared-mime-info
  xdg-user-dirs libhtml-format-perl libltdl-dev libdata-dump-perl
  libhtml-form-perl libhttp-daemon-perl libmailtools-perl
  libmail-sendmail-perl
The following NEW packages will be installed:
  autoconf automake autopoint autotools-dev bsdmainutils ca-certificates
  debhelper dh-autoreconf dh-strip-nondeterminism dwz file gettext
  gettext-base groff-base intltool-debian libarchive-zip-perl libcroco3
  libdebhelper-perl libdevel-checklib-perl libelf1 libencode-locale-perl
  libexpat1 libexpat1-dev libfile-listing-perl
  libfile-stripnondeterminism-perl libglib2.0-0 libhtml-parser-perl
  libhtml-tagset-perl libhtml-tree-perl libhttp-cookies-perl libhttp-date-perl
  libhttp-message-perl libhttp-negotiate-perl libicu63 libio-html-perl
  libio-socket-ssl-perl liblwp-mediatypes-perl liblwp-protocol-https-perl
  libmagic-mgc libmagic1 libnet-http-perl libnet-ssleay-perl libpipeline1
  libsigsegv2 libssl1.1 libsub-override-perl libtimedate-perl libtool
  libtry-tiny-perl libuchardet0 liburi-perl libwww-perl libwww-robotrules-perl
  libxml2 m4 man-db netbase openssl perl-openssl-defaults po-debconf
  sbuild-build-depends-main-dummy sensible-utils
0 upgraded, 62 newly installed, 0 to remove and 0 not upgraded.
Need to get 23.4 MB of archives.
After this operation, 82.0 MB of additional disk space will be used.
Get:1 copy:/<<RESOLVERDIR>>/apt_archive ./ sbuild-build-depends-main-dummy 0.invalid.0 [912 B]
Get:2 http://127.0.0.1:12990/debian sid/main amd64 bsdmainutils amd64 11.1.2+b1 [191 kB]
Get:3 http://127.0.0.1:12990/debian sid/main amd64 libuchardet0 amd64 0.0.6-3 [64.9 kB]
Get:4 http://127.0.0.1:12990/debian sid/main amd64 groff-base amd64 1.22.4-4 [919 kB]
Get:5 http://127.0.0.1:12990/debian sid/main amd64 libpipeline1 amd64 1.5.2-2 [33.9 kB]
Get:6 http://127.0.0.1:12990/debian sid/main amd64 man-db amd64 2.9.0-2 [1307 kB]
Get:7 http://127.0.0.1:12990/debian sid/main amd64 netbase all 6.1 [19.9 kB]
Get:8 http://127.0.0.1:12990/debian sid/main amd64 sensible-utils all 0.0.12+nmu1 [16.0 kB]
Get:9 http://127.0.0.1:12990/debian sid/main amd64 libmagic-mgc amd64 1:5.38-4 [262 kB]
Get:10 http://127.0.0.1:12990/debian sid/main amd64 libmagic1 amd64 1:5.38-4 [120 kB]
Get:11 http://127.0.0.1:12990/debian sid/main amd64 file amd64 1:5.38-4 [67.9 kB]
Get:12 http://127.0.0.1:12990/debian sid/main amd64 gettext-base amd64 0.19.8.1-10 [123 kB]
Get:13 http://127.0.0.1:12990/debian sid/main amd64 libsigsegv2 amd64 2.12-2 [32.8 kB]
Get:14 http://127.0.0.1:12990/debian sid/main amd64 m4 amd64 1.4.18-4 [203 kB]
Get:15 http://127.0.0.1:12990/debian sid/main amd64 autoconf all 2.69-11.1 [341 kB]
Get:16 http://127.0.0.1:12990/debian sid/main amd64 autotools-dev all 20180224.1 [77.0 kB]
Get:17 http://127.0.0.1:12990/debian sid/main amd64 automake all 1:1.16.1-4 [771 kB]
Get:18 http://127.0.0.1:12990/debian sid/main amd64 autopoint all 0.19.8.1-10 [435 kB]
Get:19 http://127.0.0.1:12990/debian sid/main amd64 libssl1.1 amd64 1.1.1d-2 [1540 kB]
Get:20 http://127.0.0.1:12990/debian sid/main amd64 openssl amd64 1.1.1d-2 [840 kB]
Get:21 http://127.0.0.1:12990/debian sid/main amd64 ca-certificates all 20190110 [157 kB]
Get:22 http://127.0.0.1:12990/debian sid/main amd64 libtool all 2.4.6-13 [513 kB]
Get:23 http://127.0.0.1:12990/debian sid/main amd64 dh-autoreconf all 19 [16.9 kB]
Get:24 http://127.0.0.1:12990/debian sid/main amd64 libdebhelper-perl all 12.9 [183 kB]
Get:25 http://127.0.0.1:12990/debian sid/main amd64 libarchive-zip-perl all 1.67-1 [104 kB]
Get:26 http://127.0.0.1:12990/debian sid/main amd64 libsub-override-perl all 0.09-2 [10.2 kB]
Get:27 http://127.0.0.1:12990/debian sid/main amd64 libfile-stripnondeterminism-perl all 1.6.3-2 [23.7 kB]
Get:28 http://127.0.0.1:12990/debian sid/main amd64 dh-strip-nondeterminism all 1.6.3-2 [14.7 kB]
Get:29 http://127.0.0.1:12990/debian sid/main amd64 libelf1 amd64 0.176-1.1 [161 kB]
Get:30 http://127.0.0.1:12990/debian sid/main amd64 dwz amd64 0.13-5 [151 kB]
Get:31 http://127.0.0.1:12990/debian sid/main amd64 libglib2.0-0 amd64 2.62.4-2 [1319 kB]
Get:32 http://127.0.0.1:12990/debian sid/main amd64 libicu63 amd64 63.2-2 [8301 kB]
Get:33 http://127.0.0.1:12990/debian sid/main amd64 libxml2 amd64 2.9.10+dfsg-3 [709 kB]
Get:34 http://127.0.0.1:12990/debian sid/main amd64 libcroco3 amd64 0.6.13-1 [146 kB]
Get:35 http://127.0.0.1:12990/debian sid/main amd64 gettext amd64 0.19.8.1-10 [1303 kB]
Get:36 http://127.0.0.1:12990/debian sid/main amd64 intltool-debian all 0.35.0+20060710.5 [26.8 kB]
Get:37 http://127.0.0.1:12990/debian sid/main amd64 po-debconf all 1.0.21 [248 kB]
Get:38 http://127.0.0.1:12990/debian sid/main amd64 debhelper all 12.9 [994 kB]
Get:39 http://127.0.0.1:12990/debian sid/main amd64 libdevel-checklib-perl all 1.14-1 [18.1 kB]
Get:40 http://127.0.0.1:12990/debian sid/main amd64 libencode-locale-perl all 1.05-1 [13.7 kB]
Get:41 http://127.0.0.1:12990/debian sid/main amd64 libexpat1 amd64 2.2.9-1 [94.3 kB]
Get:42 http://127.0.0.1:12990/debian sid/main amd64 libexpat1-dev amd64 2.2.9-1 [136 kB]
Get:43 http://127.0.0.1:12990/debian sid/main amd64 libtimedate-perl all 2.3100-1 [39.0 kB]
Get:44 http://127.0.0.1:12990/debian sid/main amd64 libhttp-date-perl all 6.05-1 [10.4 kB]
Get:45 http://127.0.0.1:12990/debian sid/main amd64 libfile-listing-perl all 6.04-1 [10.3 kB]
Get:46 http://127.0.0.1:12990/debian sid/main amd64 libhtml-tagset-perl all 3.20-4 [13.0 kB]
Get:47 http://127.0.0.1:12990/debian sid/main amd64 liburi-perl all 1.76-2 [90.2 kB]
Get:48 http://127.0.0.1:12990/debian sid/main amd64 libhtml-parser-perl amd64 3.72-5 [105 kB]
Get:49 http://127.0.0.1:12990/debian sid/main amd64 libhtml-tree-perl all 5.07-2 [213 kB]
Get:50 http://127.0.0.1:12990/debian sid/main amd64 libio-html-perl all 1.001-1 [17.6 kB]
Get:51 http://127.0.0.1:12990/debian sid/main amd64 liblwp-mediatypes-perl all 6.04-1 [19.9 kB]
Get:52 http://127.0.0.1:12990/debian sid/main amd64 libhttp-message-perl all 6.18-1 [77.8 kB]
Get:53 http://127.0.0.1:12990/debian sid/main amd64 libhttp-cookies-perl all 6.08-1 [19.3 kB]
Get:54 http://127.0.0.1:12990/debian sid/main amd64 libhttp-negotiate-perl all 6.01-1 [12.8 kB]
Get:55 http://127.0.0.1:12990/debian sid/main amd64 perl-openssl-defaults amd64 4 [7148 B]
Get:56 http://127.0.0.1:12990/debian sid/main amd64 libnet-ssleay-perl amd64 1.88-2 [321 kB]
Get:57 http://127.0.0.1:12990/debian sid/main amd64 libio-socket-ssl-perl all 2.067-1 [212 kB]
Get:58 http://127.0.0.1:12990/debian sid/main amd64 libnet-http-perl all 6.19-1 [24.8 kB]
Get:59 http://127.0.0.1:12990/debian sid/main amd64 libtry-tiny-perl all 0.30-1 [23.3 kB]
Get:60 http://127.0.0.1:12990/debian sid/main amd64 libwww-robotrules-perl all 6.02-1 [12.9 kB]
Get:61 http://127.0.0.1:12990/debian sid/main amd64 libwww-perl all 6.43-1 [191 kB]
Get:62 http://127.0.0.1:12990/debian sid/main amd64 liblwp-protocol-https-perl all 6.07-2 [9242 B]
debconf: delaying package configuration, since apt-utils is not installed
Fetched 23.4 MB in 0s (71.0 MB/s)
Selecting previously unselected package bsdmainutils.
(Reading database ... 12960 files and directories currently installed.)
Preparing to unpack .../00-bsdmainutils_11.1.2+b1_amd64.deb ...
Unpacking bsdmainutils (11.1.2+b1) ...
Selecting previously unselected package libuchardet0:amd64.
Preparing to unpack .../01-libuchardet0_0.0.6-3_amd64.deb ...
Unpacking libuchardet0:amd64 (0.0.6-3) ...
Selecting previously unselected package groff-base.
Preparing to unpack .../02-groff-base_1.22.4-4_amd64.deb ...
Unpacking groff-base (1.22.4-4) ...
Selecting previously unselected package libpipeline1:amd64.
Preparing to unpack .../03-libpipeline1_1.5.2-2_amd64.deb ...
Unpacking libpipeline1:amd64 (1.5.2-2) ...
Selecting previously unselected package man-db.
Preparing to unpack .../04-man-db_2.9.0-2_amd64.deb ...
Unpacking man-db (2.9.0-2) ...
Selecting previously unselected package netbase.
Preparing to unpack .../05-netbase_6.1_all.deb ...
Unpacking netbase (6.1) ...
Selecting previously unselected package sensible-utils.
Preparing to unpack .../06-sensible-utils_0.0.12+nmu1_all.deb ...
Unpacking sensible-utils (0.0.12+nmu1) ...
Selecting previously unselected package libmagic-mgc.
Preparing to unpack .../07-libmagic-mgc_1%3a5.38-4_amd64.deb ...
Unpacking libmagic-mgc (1:5.38-4) ...
Selecting previously unselected package libmagic1:amd64.
Preparing to unpack .../08-libmagic1_1%3a5.38-4_amd64.deb ...
Unpacking libmagic1:amd64 (1:5.38-4) ...
Selecting previously unselected package file.
Preparing to unpack .../09-file_1%3a5.38-4_amd64.deb ...
Unpacking file (1:5.38-4) ...
Selecting previously unselected package gettext-base.
Preparing to unpack .../10-gettext-base_0.19.8.1-10_amd64.deb ...
Unpacking gettext-base (0.19.8.1-10) ...
Selecting previously unselected package libsigsegv2:amd64.
Preparing to unpack .../11-libsigsegv2_2.12-2_amd64.deb ...
Unpacking libsigsegv2:amd64 (2.12-2) ...
Selecting previously unselected package m4.
Preparing to unpack .../12-m4_1.4.18-4_amd64.deb ...
Unpacking m4 (1.4.18-4) ...
Selecting previously unselected package autoconf.
Preparing to unpack .../13-autoconf_2.69-11.1_all.deb ...
Unpacking autoconf (2.69-11.1) ...
Selecting previously unselected package autotools-dev.
Preparing to unpack .../14-autotools-dev_20180224.1_all.deb ...
Unpacking autotools-dev (20180224.1) ...
Selecting previously unselected package automake.
Preparing to unpack .../15-automake_1%3a1.16.1-4_all.deb ...
Unpacking automake (1:1.16.1-4) ...
Selecting previously unselected package autopoint.
Preparing to unpack .../16-autopoint_0.19.8.1-10_all.deb ...
Unpacking autopoint (0.19.8.1-10) ...
Selecting previously unselected package libssl1.1:amd64.
Preparing to unpack .../17-libssl1.1_1.1.1d-2_amd64.deb ...
Unpacking libssl1.1:amd64 (1.1.1d-2) ...
Selecting previously unselected package openssl.
Preparing to unpack .../18-openssl_1.1.1d-2_amd64.deb ...
Unpacking openssl (1.1.1d-2) ...
Selecting previously unselected package ca-certificates.
Preparing to unpack .../19-ca-certificates_20190110_all.deb ...
Unpacking ca-certificates (20190110) ...
Selecting previously unselected package libtool.
Preparing to unpack .../20-libtool_2.4.6-13_all.deb ...
Unpacking libtool (2.4.6-13) ...
Selecting previously unselected package dh-autoreconf.
Preparing to unpack .../21-dh-autoreconf_19_all.deb ...
Unpacking dh-autoreconf (19) ...
Selecting previously unselected package libdebhelper-perl.
Preparing to unpack .../22-libdebhelper-perl_12.9_all.deb ...
Unpacking libdebhelper-perl (12.9) ...
Selecting previously unselected package libarchive-zip-perl.
Preparing to unpack .../23-libarchive-zip-perl_1.67-1_all.deb ...
Unpacking libarchive-zip-perl (1.67-1) ...
Selecting previously unselected package libsub-override-perl.
Preparing to unpack .../24-libsub-override-perl_0.09-2_all.deb ...
Unpacking libsub-override-perl (0.09-2) ...
Selecting previously unselected package libfile-stripnondeterminism-perl.
Preparing to unpack .../25-libfile-stripnondeterminism-perl_1.6.3-2_all.deb ...
Unpacking libfile-stripnondeterminism-perl (1.6.3-2) ...
Selecting previously unselected package dh-strip-nondeterminism.
Preparing to unpack .../26-dh-strip-nondeterminism_1.6.3-2_all.deb ...
Unpacking dh-strip-nondeterminism (1.6.3-2) ...
Selecting previously unselected package libelf1:amd64.
Preparing to unpack .../27-libelf1_0.176-1.1_amd64.deb ...
Unpacking libelf1:amd64 (0.176-1.1) ...
Selecting previously unselected package dwz.
Preparing to unpack .../28-dwz_0.13-5_amd64.deb ...
Unpacking dwz (0.13-5) ...
Selecting previously unselected package libglib2.0-0:amd64.
Preparing to unpack .../29-libglib2.0-0_2.62.4-2_amd64.deb ...
Unpacking libglib2.0-0:amd64 (2.62.4-2) ...
Selecting previously unselected package libicu63:amd64.
Preparing to unpack .../30-libicu63_63.2-2_amd64.deb ...
Unpacking libicu63:amd64 (63.2-2) ...
Selecting previously unselected package libxml2:amd64.
Preparing to unpack .../31-libxml2_2.9.10+dfsg-3_amd64.deb ...
Unpacking libxml2:amd64 (2.9.10+dfsg-3) ...
Selecting previously unselected package libcroco3:amd64.
Preparing to unpack .../32-libcroco3_0.6.13-1_amd64.deb ...
Unpacking libcroco3:amd64 (0.6.13-1) ...
Selecting previously unselected package gettext.
Preparing to unpack .../33-gettext_0.19.8.1-10_amd64.deb ...
Unpacking gettext (0.19.8.1-10) ...
Selecting previously unselected package intltool-debian.
Preparing to unpack .../34-intltool-debian_0.35.0+20060710.5_all.deb ...
Unpacking intltool-debian (0.35.0+20060710.5) ...
Selecting previously unselected package po-debconf.
Preparing to unpack .../35-po-debconf_1.0.21_all.deb ...
Unpacking po-debconf (1.0.21) ...
Selecting previously unselected package debhelper.
Preparing to unpack .../36-debhelper_12.9_all.deb ...
Unpacking debhelper (12.9) ...
Selecting previously unselected package libdevel-checklib-perl.
Preparing to unpack .../37-libdevel-checklib-perl_1.14-1_all.deb ...
Unpacking libdevel-checklib-perl (1.14-1) ...
Selecting previously unselected package libencode-locale-perl.
Preparing to unpack .../38-libencode-locale-perl_1.05-1_all.deb ...
Unpacking libencode-locale-perl (1.05-1) ...
Selecting previously unselected package libexpat1:amd64.
Preparing to unpack .../39-libexpat1_2.2.9-1_amd64.deb ...
Unpacking libexpat1:amd64 (2.2.9-1) ...
Selecting previously unselected package libexpat1-dev:amd64.
Preparing to unpack .../40-libexpat1-dev_2.2.9-1_amd64.deb ...
Unpacking libexpat1-dev:amd64 (2.2.9-1) ...
Selecting previously unselected package libtimedate-perl.
Preparing to unpack .../41-libtimedate-perl_2.3100-1_all.deb ...
Unpacking libtimedate-perl (2.3100-1) ...
Selecting previously unselected package libhttp-date-perl.
Preparing to unpack .../42-libhttp-date-perl_6.05-1_all.deb ...
Unpacking libhttp-date-perl (6.05-1) ...
Selecting previously unselected package libfile-listing-perl.
Preparing to unpack .../43-libfile-listing-perl_6.04-1_all.deb ...
Unpacking libfile-listing-perl (6.04-1) ...
Selecting previously unselected package libhtml-tagset-perl.
Preparing to unpack .../44-libhtml-tagset-perl_3.20-4_all.deb ...
Unpacking libhtml-tagset-perl (3.20-4) ...
Selecting previously unselected package liburi-perl.
Preparing to unpack .../45-liburi-perl_1.76-2_all.deb ...
Unpacking liburi-perl (1.76-2) ...
Selecting previously unselected package libhtml-parser-perl.
Preparing to unpack .../46-libhtml-parser-perl_3.72-5_amd64.deb ...
Unpacking libhtml-parser-perl (3.72-5) ...
Selecting previously unselected package libhtml-tree-perl.
Preparing to unpack .../47-libhtml-tree-perl_5.07-2_all.deb ...
Unpacking libhtml-tree-perl (5.07-2) ...
Selecting previously unselected package libio-html-perl.
Preparing to unpack .../48-libio-html-perl_1.001-1_all.deb ...
Unpacking libio-html-perl (1.001-1) ...
Selecting previously unselected package liblwp-mediatypes-perl.
Preparing to unpack .../49-liblwp-mediatypes-perl_6.04-1_all.deb ...
Unpacking liblwp-mediatypes-perl (6.04-1) ...
Selecting previously unselected package libhttp-message-perl.
Preparing to unpack .../50-libhttp-message-perl_6.18-1_all.deb ...
Unpacking libhttp-message-perl (6.18-1) ...
Selecting previously unselected package libhttp-cookies-perl.
Preparing to unpack .../51-libhttp-cookies-perl_6.08-1_all.deb ...
Unpacking libhttp-cookies-perl (6.08-1) ...
Selecting previously unselected package libhttp-negotiate-perl.
Preparing to unpack .../52-libhttp-negotiate-perl_6.01-1_all.deb ...
Unpacking libhttp-negotiate-perl (6.01-1) ...
Selecting previously unselected package perl-openssl-defaults:amd64.
Preparing to unpack .../53-perl-openssl-defaults_4_amd64.deb ...
Unpacking perl-openssl-defaults:amd64 (4) ...
Selecting previously unselected package libnet-ssleay-perl.
Preparing to unpack .../54-libnet-ssleay-perl_1.88-2_amd64.deb ...
Unpacking libnet-ssleay-perl (1.88-2) ...
Selecting previously unselected package libio-socket-ssl-perl.
Preparing to unpack .../55-libio-socket-ssl-perl_2.067-1_all.deb ...
Unpacking libio-socket-ssl-perl (2.067-1) ...
Selecting previously unselected package libnet-http-perl.
Preparing to unpack .../56-libnet-http-perl_6.19-1_all.deb ...
Unpacking libnet-http-perl (6.19-1) ...
Selecting previously unselected package libtry-tiny-perl.
Preparing to unpack .../57-libtry-tiny-perl_0.30-1_all.deb ...
Unpacking libtry-tiny-perl (0.30-1) ...
Selecting previously unselected package libwww-robotrules-perl.
Preparing to unpack .../58-libwww-robotrules-perl_6.02-1_all.deb ...
Unpacking libwww-robotrules-perl (6.02-1) ...
Selecting previously unselected package libwww-perl.
Preparing to unpack .../59-libwww-perl_6.43-1_all.deb ...
Unpacking libwww-perl (6.43-1) ...
Selecting previously unselected package liblwp-protocol-https-perl.
Preparing to unpack .../60-liblwp-protocol-https-perl_6.07-2_all.deb ...
Unpacking liblwp-protocol-https-perl (6.07-2) ...
Selecting previously unselected package sbuild-build-depends-main-dummy.
Preparing to unpack .../61-sbuild-build-depends-main-dummy_0.invalid.0_amd64.deb ...
Unpacking sbuild-build-depends-main-dummy (0.invalid.0) ...
Setting up libexpat1:amd64 (2.2.9-1) ...
Setting up libpipeline1:amd64 (1.5.2-2) ...
Setting up libmagic-mgc (1:5.38-4) ...
Setting up libdevel-checklib-perl (1.14-1) ...
Setting up libarchive-zip-perl (1.67-1) ...
Setting up libglib2.0-0:amd64 (2.62.4-2) ...
No schema files found: doing nothing.
Setting up libssl1.1:amd64 (1.1.1d-2) ...
Setting up libhtml-tagset-perl (3.20-4) ...
Setting up libdebhelper-perl (12.9) ...
Setting up liblwp-mediatypes-perl (6.04-1) ...
Setting up libtry-tiny-perl (0.30-1) ...
Setting up libmagic1:amd64 (1:5.38-4) ...
Setting up perl-openssl-defaults:amd64 (4) ...
Setting up gettext-base (0.19.8.1-10) ...
Setting up libencode-locale-perl (1.05-1) ...
Setting up file (1:5.38-4) ...
Setting up libicu63:amd64 (63.2-2) ...
Setting up autotools-dev (20180224.1) ...
Setting up libexpat1-dev:amd64 (2.2.9-1) ...
Setting up libsigsegv2:amd64 (2.12-2) ...
Setting up bsdmainutils (11.1.2+b1) ...
update-alternatives: using /usr/bin/bsd-write to provide /usr/bin/write (write) in auto mode
update-alternatives: using /usr/bin/bsd-from to provide /usr/bin/from (from) in auto mode
Setting up libio-html-perl (1.001-1) ...
Setting up autopoint (0.19.8.1-10) ...
Setting up libtimedate-perl (2.3100-1) ...
Setting up sensible-utils (0.0.12+nmu1) ...
Setting up libuchardet0:amd64 (0.0.6-3) ...
Setting up libsub-override-perl (0.09-2) ...
Setting up netbase (6.1) ...
Setting up openssl (1.1.1d-2) ...
Setting up libelf1:amd64 (0.176-1.1) ...
Setting up libxml2:amd64 (2.9.10+dfsg-3) ...
Setting up liburi-perl (1.76-2) ...
Setting up libnet-ssleay-perl (1.88-2) ...
Setting up libfile-stripnondeterminism-perl (1.6.3-2) ...
Setting up libhttp-date-perl (6.05-1) ...
Setting up libfile-listing-perl (6.04-1) ...
Setting up libtool (2.4.6-13) ...
Setting up libnet-http-perl (6.19-1) ...
Setting up m4 (1.4.18-4) ...
Setting up ca-certificates (20190110) ...
Updating certificates in /etc/ssl/certs...
128 added, 0 removed; done.
Setting up libcroco3:amd64 (0.6.13-1) ...
Setting up autoconf (2.69-11.1) ...
Setting up dh-strip-nondeterminism (1.6.3-2) ...
Setting up libwww-robotrules-perl (6.02-1) ...
Setting up dwz (0.13-5) ...
Setting up groff-base (1.22.4-4) ...
Setting up libhtml-parser-perl (3.72-5) ...
Setting up libio-socket-ssl-perl (2.067-1) ...
Setting up libhttp-message-perl (6.18-1) ...
Setting up automake (1:1.16.1-4) ...
update-alternatives: using /usr/bin/automake-1.16 to provide /usr/bin/automake (automake) in auto mode
Setting up libhttp-negotiate-perl (6.01-1) ...
Setting up gettext (0.19.8.1-10) ...
Setting up libhttp-cookies-perl (6.08-1) ...
Setting up libhtml-tree-perl (5.07-2) ...
Setting up man-db (2.9.0-2) ...
Not building database; man-db/auto-update is not 'true'.
Setting up intltool-debian (0.35.0+20060710.5) ...
Setting up po-debconf (1.0.21) ...
Setting up libwww-perl (6.43-1) ...
Setting up dh-autoreconf (19) ...
Setting up liblwp-protocol-https-perl (6.07-2) ...
Setting up debhelper (12.9) ...
Setting up sbuild-build-depends-main-dummy (0.invalid.0) ...
Processing triggers for libc-bin (2.29-10) ...
Processing triggers for ca-certificates (20190110) ...
Updating certificates in /etc/ssl/certs...
0 added, 0 removed; done.
Running hooks in /etc/ca-certificates/update.d...
done.

+------------------------------------------------------------------------------+
| Check architectures                                                          |
+------------------------------------------------------------------------------+

Arch check ok (amd64 included in any)

+------------------------------------------------------------------------------+
| Build environment                                                            |
+------------------------------------------------------------------------------+

Kernel: Linux 4.19.0-6-cloud-amd64 #1 SMP Debian 4.19.67-2+deb10u2 (2019-11-11) amd64 (x86_64)
Toolchain package versions: binutils_2.34-3 dpkg-dev_1.19.7 g++-9_9.2.1-29 gcc-9_9.2.1-29 libc6-dev_2.29-10 libstdc++-9-dev_9.2.1-29 libstdc++6_10-20200222-1 linux-libc-dev_5.4.19-1
Package versions: adduser_3.118 apt_1.8.4 autoconf_2.69-11.1 automake_1:1.16.1-4 autopoint_0.19.8.1-10 autotools-dev_20180224.1 base-files_11 base-passwd_3.5.47 bash_5.0-5 binutils_2.34-3 binutils-common_2.34-3 binutils-x86-64-linux-gnu_2.34-3 bsdmainutils_11.1.2+b1 bsdutils_1:2.34-0.1 build-essential_12.8 bzip2_1.0.8-2 ca-certificates_20190110 clang-10_1:10.0.0~+rc2-1 coreutils_8.30-3+b1 cpp_4:9.2.1-3.1 cpp-9_9.2.1-29 dash_0.5.10.2-6 debconf_1.5.73 debhelper_12.9 debian-archive-keyring_2019.1 debianutils_4.9.1 dh-autoreconf_19 dh-strip-nondeterminism_1.6.3-2 diffutils_1:3.7-3 dpkg_1.19.7 dpkg-dev_1.19.7 dwz_0.13-5 e2fsprogs_1.45.5-2 fakeroot_1.24-1 fdisk_2.34-0.1 file_1:5.38-4 findutils_4.7.0-1 g++_4:9.2.1-3.1 g++-9_9.2.1-29 gcc_4:9.2.1-3.1 gcc-10-base_10-20200222-1 gcc-9_9.2.1-29 gcc-9-base_9.2.1-29 gettext_0.19.8.1-10 gettext-base_0.19.8.1-10 gpgv_2.2.19-1 grep_3.4-1 groff-base_1.22.4-4 gzip_1.9-3+b1 hostname_3.23 init-system-helpers_1.57 intltool-debian_0.35.0+20060710.5 lib32gcc-s1_10-20200222-1 lib32gcc1_1:10-20200222-1 lib32stdc++6_10-20200222-1 libacl1_2.2.53-5 libapt-pkg5.0_1.8.4 libarchive-zip-perl_1.67-1 libasan5_9.2.1-29 libatomic1_10-20200222-1 libattr1_1:2.4.48-5 libaudit-common_1:2.8.5-2 libaudit1_1:2.8.5-2+b1 libbinutils_2.34-3 libblkid1_2.34-0.1 libbsd0_0.10.0-1 libbz2-1.0_1.0.8-2 libc-bin_2.29-10 libc-dev-bin_2.29-10 libc6_2.29-10 libc6-dev_2.29-10 libc6-i386_2.29-10 libcap-ng0_0.7.9-2.1+b1 libcc1-0_10-20200222-1 libclang-common-10-dev_1:10.0.0~+rc2-1 libclang-cpp10_1:10.0.0~+rc2-1 libclang1-10_1:10.0.0~+rc2-1 libcom-err2_1.45.5-2 libcroco3_0.6.13-1 libcrypt-dev_1:4.4.10-10 libcrypt1_1:4.4.10-10 libctf-nobfd0_2.34-3 libctf0_2.34-3 libdb5.3_5.3.28+dfsg1-0.6 libdebconfclient0_0.251 libdebhelper-perl_12.9 libdevel-checklib-perl_1.14-1 libdpkg-perl_1.19.7 libedit2_3.1-20191231-1 libelf1_0.176-1.1 libencode-locale-perl_1.05-1 libexpat1_2.2.9-1 libexpat1-dev_2.2.9-1 libext2fs2_1.45.5-2 libfakeroot_1.24-1 libfdisk1_2.34-0.1 libffi7_3.3-3 libfile-listing-perl_6.04-1 libfile-stripnondeterminism-perl_1.6.3-2 libgc1c2_1:7.6.4-0.4 libgcc-9-dev_9.2.1-29 libgcc-s1_10-20200222-1 libgcc1_1:10-20200222-1 libgcrypt20_1.8.5-5 libgdbm-compat4_1.18.1-5 libgdbm6_1.18.1-5 libglib2.0-0_2.62.4-2 libgmp10_2:6.2.0+dfsg-4 libgnutls30_3.6.12-2 libgomp1_10-20200222-1 libgpg-error0_1.37-1 libhogweed5_3.5.1+really3.5.1-2 libhtml-parser-perl_3.72-5 libhtml-tagset-perl_3.20-4 libhtml-tree-perl_5.07-2 libhttp-cookies-perl_6.08-1 libhttp-date-perl_6.05-1 libhttp-message-perl_6.18-1 libhttp-negotiate-perl_6.01-1 libicu63_63.2-2 libidn2-0_2.2.0-2 libio-html-perl_1.001-1 libio-socket-ssl-perl_2.067-1 libisl22_0.22.1-1 libitm1_10-20200222-1 libllvm10_1:10.0.0~+rc2-1 liblsan0_10-20200222-1 liblwp-mediatypes-perl_6.04-1 liblwp-protocol-https-perl_6.07-2 liblz4-1_1.9.2-2 liblzma5_5.2.4-1+b1 libmagic-mgc_1:5.38-4 libmagic1_1:5.38-4 libmount1_2.34-0.1 libmpc3_1.1.0-1 libmpfr6_4.0.2-1 libncursesw6_6.1+20191019-1 libnet-http-perl_6.19-1 libnet-ssleay-perl_1.88-2 libnettle7_3.5.1+really3.5.1-2 libobjc-9-dev_9.2.1-29 libobjc4_10-20200222-1 libomp-10-dev_1:10.0.0~+rc2-1 libomp5-10_1:10.0.0~+rc2-1 libp11-kit0_0.23.20-1 libpam-modules_1.3.1-5 libpam-modules-bin_1.3.1-5 libpam-runtime_1.3.1-5 libpam0g_1.3.1-5 libpcre2-8-0_10.34-7 libpcre3_2:8.39-12+b1 libperl5.30_5.30.0-9 libpipeline1_1.5.2-2 libquadmath0_10-20200222-1 libseccomp2_2.4.2-2 libselinux1_3.0-1+b1 libsemanage-common_3.0-1 libsemanage1_3.0-1+b1 libsepol1_3.0-1 libsigsegv2_2.12-2 libsmartcols1_2.34-0.1 libss2_1.45.5-2 libssl1.1_1.1.1d-2 libstdc++-9-dev_9.2.1-29 libstdc++6_10-20200222-1 libsub-override-perl_0.09-2 libsystemd0_244.3-1 libtasn1-6_4.16.0-2 libtimedate-perl_2.3100-1 libtinfo6_6.1+20191019-1 libtool_2.4.6-13 libtry-tiny-perl_0.30-1 libtsan0_10-20200222-1 libubsan1_10-20200222-1 libuchardet0_0.0.6-3 libudev1_244.3-1 libunistring2_0.9.10-2 liburi-perl_1.76-2 libuuid1_2.34-0.1 libwww-perl_6.43-1 libwww-robotrules-perl_6.02-1 libxml2_2.9.10+dfsg-3 libz3-4_4.8.7-4 libzstd1_1.4.4+dfsg-3 linux-libc-dev_5.4.19-1 login_1:4.8.1-1 logsave_1.45.5-2 lsb-base_11.1.0 m4_1.4.18-4 make_4.2.1-1.2 man-db_2.9.0-2 mawk_1.3.4.20200120-2 mount_2.34-0.1 ncurses-base_6.1+20191019-1 ncurses-bin_6.1+20191019-1 netbase_6.1 openssl_1.1.1d-2 passwd_1:4.8.1-1 patch_2.7.6-6 perl_5.30.0-9 perl-base_5.30.0-9 perl-modules-5.30_5.30.0-9 perl-openssl-defaults_4 po-debconf_1.0.21 sbuild-build-depends-main-dummy_0.invalid.0 sed_4.7-1 sensible-utils_0.0.12+nmu1 sysvinit-utils_2.96-2.1 tar_1.30+dfsg-6+b1 tzdata_2019c-3 util-linux_2.34-0.1 xz-utils_5.2.4-1+b1 zlib1g_1:1.2.11.dfsg-1.2

+------------------------------------------------------------------------------+
| Build                                                                        |
+------------------------------------------------------------------------------+


Unpack source
-------------

-----BEGIN PGP SIGNED MESSAGE-----
Hash: SHA512

Format: 3.0 (quilt)
Source: libxml-parser-perl
Binary: libxml-parser-perl
Architecture: any
Version: 2.46-1
Maintainer: Debian Perl Group <pkg-perl-maintainers@lists.alioth.debian.org>
Uploaders: gregor herrmann <gregoa@debian.org>
Homepage: http://www.libexpat.org/
Standards-Version: 4.4.1
Vcs-Browser: https://salsa.debian.org/perl-team/modules/packages/libxml-parser-perl
Vcs-Git: https://salsa.debian.org/perl-team/modules/packages/libxml-parser-perl.git
Testsuite: autopkgtest-pkg-perl
Build-Depends: debhelper-compat (= 12), libdevel-checklib-perl, libexpat1-dev, liburi-perl, libwww-perl, perl
Package-List:
 libxml-parser-perl deb perl optional arch=any
Checksums-Sha1:
 40cba8a10847b71804684e5c72a410277f47f8ce 254763 libxml-parser-perl_2.46.orig.tar.gz
 50faa9ceaeeda22ac91be0d64bbd31491708f083 57924 libxml-parser-perl_2.46-1.debian.tar.xz
Checksums-Sha256:
 d331332491c51cccfb4cb94ffc44f9cd73378e618498d4a37df9e043661c515d 254763 libxml-parser-perl_2.46.orig.tar.gz
 c2cb81c489434ca33a9233b6bb30bb72bf5382bc2aa73c070c60adc18439a262 57924 libxml-parser-perl_2.46-1.debian.tar.xz
Files:
 80bb18a8e6240fcf7ec2f7b57601c170 254763 libxml-parser-perl_2.46.orig.tar.gz
 0b1d3fd28e11b7d733624e294b434351 57924 libxml-parser-perl_2.46-1.debian.tar.xz

-----BEGIN PGP SIGNATURE-----

iQIzBAEBCgAdFiEEAN/li4tVV3nRAF7J9tdMp8mZ7ukFAl2WNNoACgkQ9tdMp8mZ
7ukSdA//ZAtDqGqcaIVsQ84aqvxsDY6qrCpcoVYY0zmcePNuJtFzNZkmdEXIUh+g
NTmtOnKHCpj/PNVTB2eoHi15nkYra07EsTpjQX0ok7sMqAeHg5+5SSR5OwF1wKyR
dh1eFlrJ8RE+470C3Y/gU8c1wNF2MT9o1VVZU4Xg8dkIVeXQS6hfkn79V0q2DYrP
5IPrU6n3dfztpvZ9oo3dNAs7+o1WwNd+dHKW4NONZNGmanIIl9FZTrztxlsHcgB7
Intke0CO/HX8G4BVfd7GfBkMvRyqyzFOaE6Odig8c8FeWUQ1vW+T5EfTV6PXnwo0
fzQKpyEhQvMlDZprF0af0O0Gz2zoKCeUsiV7OT8VA1Em2pSyMj9KfFfobxCsJxBW
43ts3z02gkPk3xlqo7LzQkfBgZuC/rfr4AqvOmO/rOhBe6Dtqy+pA8UNwfylUoNv
i5w/ha264AR+AT/EmS2W448w5ylWUAZRcwj9S31FFmFbR+8CID0YEVYGGjYpOLSw
JqsQjpQAFOXz1xz4fH0tKKBPIGrpAkuqJwChKX6Ox5EZt7+HHpV4gjwlUX44hpXp
6g8UmyTKS/Od7vb+V5d3YgsEdaP2aK+LayLp+PMb+/w3Jwm57GDSh5+9n11JYUQF
aLh72x1Da0baKlTGAI6pIoJcexpna499uxqTaLrtDJVuK0jx7TA=
=mdoN
-----END PGP SIGNATURE-----

gpgv: unknown type of key resource 'trustedkeys.kbx'
gpgv: keyblock resource '/sbuild-nonexistent/.gnupg/trustedkeys.kbx': General error
gpgv: Signature made Thu Oct  3 17:50:18 2019 UTC
gpgv:                using RSA key 00DFE58B8B555779D1005EC9F6D74CA7C999EEE9
gpgv: Can't check signature: No public key
dpkg-source: warning: failed to verify signature on ./libxml-parser-perl_2.46-1.dsc
dpkg-source: info: extracting libxml-parser-perl in /<<PKGBUILDDIR>>
dpkg-source: info: unpacking libxml-parser-perl_2.46.orig.tar.gz
dpkg-source: info: unpacking libxml-parser-perl_2.46-1.debian.tar.xz

Check disk space
----------------

Sufficient free space for build

User Environment
----------------

APT_CONFIG=/var/lib/sbuild/apt.conf
HOME=/sbuild-nonexistent
LANG=C.UTF-8
LC_ALL=C.UTF-8
LOGNAME=user42
PATH=/usr/local/sbin:/usr/local/bin:/usr/sbin:/usr/bin:/sbin:/bin:/usr/games
SCHROOT_ALIAS_NAME=unstable
SCHROOT_CHROOT_NAME=sid-amd64-sbuild
SCHROOT_COMMAND=env
SCHROOT_GID=1001
SCHROOT_GROUP=user42
SCHROOT_SESSION_ID=sid-amd64-sbuild-4a41a313-8060-4314-a1d6-c2d619b38ee6
SCHROOT_UID=1001
SCHROOT_USER=user42
SHELL=/bin/sh
USER=user42

dpkg-buildpackage
-----------------

Command: dpkg-buildpackage -us -uc -b -rfakeroot
dpkg-buildpackage: info: source package libxml-parser-perl
dpkg-buildpackage: info: source version 2.46-1
dpkg-buildpackage: info: source distribution unstable
dpkg-buildpackage: info: source changed by Xavier Guimard <yadd@debian.org>
 dpkg-source --before-build .
dpkg-buildpackage: info: host architecture amd64
dpkg-source: info: using options from libxml-parser-perl-2.46/debian/source/options: --include-binaries
 debian/rules clean
dh clean
   debian/rules override_dh_auto_clean
make[1]: Entering directory '/<<PKGBUILDDIR>>'
dh_auto_clean
[ ! -d /<<PKGBUILDDIR>>/inc.save ] || mv /<<PKGBUILDDIR>>/inc.save /<<PKGBUILDDIR>>/inc
make[1]: Leaving directory '/<<PKGBUILDDIR>>'
   dh_clean
 debian/rules binary
dh binary
   dh_update_autotools_config
   dh_autoreconf
   debian/rules override_dh_auto_configure
make[1]: Entering directory '/<<PKGBUILDDIR>>'
[ ! -d /<<PKGBUILDDIR>>/inc ] || mv /<<PKGBUILDDIR>>/inc /<<PKGBUILDDIR>>/inc.save
dh_auto_configure
	perl Makefile.PL INSTALLDIRS=vendor "OPTIMIZE=-g -O2 -fdebug-prefix-map=/<<PKGBUILDDIR>>=. -fstack-protector-strong -Wformat -Werror=format-security -Wdate-time -D_FORTIFY_SOURCE=2" "LD=x86_64-linux-gnu-gcc -g -O2 -fdebug-prefix-map=/<<PKGBUILDDIR>>=. -fstack-protector-strong -Wformat -Werror=format-security -Wl,-z,relro -Wl,-z,now"
Checking if your kit is complete...
Warning: the following files are missing in your kit:
	inc/Devel/CheckLib.pm
Please inform the author.
Writing MYMETA.yml and MYMETA.json
Generating a Unix-style Makefile
Writing Makefile for XML::Parser
Writing MYMETA.yml and MYMETA.json
make[1]: Leaving directory '/<<PKGBUILDDIR>>'
   debian/rules override_dh_auto_build
make[1]: Entering directory '/<<PKGBUILDDIR>>'
dh_auto_build
	make -j4
make[2]: Entering directory '/<<PKGBUILDDIR>>'
make[3]: Entering directory '/<<PKGBUILDDIR>>/Expat'
cp Parser/Encodings/iso-8859-3.enc blib/lib/XML/Parser/Encodings/iso-8859-3.enc
cp Parser/Encodings/iso-8859-5.enc blib/lib/XML/Parser/Encodings/iso-8859-5.enc
cp Parser/Encodings/windows-1250.enc blib/lib/XML/Parser/Encodings/windows-1250.enc
cp Parser/Encodings/x-sjis-jdk117.enc blib/lib/XML/Parser/Encodings/x-sjis-jdk117.enc
cp Parser/Encodings/README blib/lib/XML/Parser/Encodings/README
cp Parser/Encodings/big5.enc blib/lib/XML/Parser/Encodings/big5.enc
cp Parser/Encodings/Japanese_Encodings.msg blib/lib/XML/Parser/Encodings/Japanese_Encodings.msg
cp Parser/Encodings/iso-8859-4.enc blib/lib/XML/Parser/Encodings/iso-8859-4.enc
cp Parser/Encodings/x-euc-jp-unicode.enc blib/lib/XML/Parser/Encodings/x-euc-jp-unicode.enc
cp Parser/Encodings/windows-1252.enc blib/lib/XML/Parser/Encodings/windows-1252.enc
cp Parser.pm blib/lib/XML/Parser.pm
cp Parser/Encodings/iso-8859-15.enc blib/lib/XML/Parser/Encodings/iso-8859-15.enc
cp Parser/Encodings/windows-1255.enc blib/lib/XML/Parser/Encodings/windows-1255.enc
cp Parser/Style/Debug.pm blib/lib/XML/Parser/Style/Debug.pm
cp Parser/Encodings/x-sjis-cp932.enc blib/lib/XML/Parser/Encodings/x-sjis-cp932.enc
cp Parser/Encodings/koi8-r.enc blib/lib/XML/Parser/Encodings/koi8-r.enc
cp Parser/Style/Objects.pm blib/lib/XML/Parser/Style/Objects.pm
cp Parser/Style/Tree.pm blib/lib/XML/Parser/Style/Tree.pm
cp Parser/Encodings/windows-1251.enc blib/lib/XML/Parser/Encodings/windows-1251.enc
cp Parser/Encodings/ibm866.enc blib/lib/XML/Parser/Encodings/ibm866.enc
cp Parser/Style/Stream.pm blib/lib/XML/Parser/Style/Stream.pm
cp Parser/Encodings/euc-kr.enc blib/lib/XML/Parser/Encodings/euc-kr.enc
cp Parser/Encodings/iso-8859-9.enc blib/lib/XML/Parser/Encodings/iso-8859-9.enc
cp Parser/Encodings/x-euc-jp-jisx0221.enc blib/lib/XML/Parser/Encodings/x-euc-jp-jisx0221.enc
cp Parser/Encodings/x-sjis-unicode.enc blib/lib/XML/Parser/Encodings/x-sjis-unicode.enc
cp Parser/Encodings/iso-8859-8.enc blib/lib/XML/Parser/Encodings/iso-8859-8.enc
cp Parser/Encodings/x-sjis-jisx0221.enc blib/lib/XML/Parser/Encodings/x-sjis-jisx0221.enc
cp Parser/Style/Subs.pm blib/lib/XML/Parser/Style/Subs.pm
cp Parser/Encodings/iso-8859-2.enc blib/lib/XML/Parser/Encodings/iso-8859-2.enc
cp Parser/Encodings/iso-8859-7.enc blib/lib/XML/Parser/Encodings/iso-8859-7.enc
cp Parser/LWPExternEnt.pl blib/lib/XML/Parser/LWPExternEnt.pl
Running Mkbootstrap for Expat ()
"/usr/bin/perl" "/usr/share/perl/5.30.0/ExtUtils/xsubpp" -noprototypes -typemap '/usr/share/perl/5.30/ExtUtils/typemap' -typemap '/<<PKGBUILDDIR>>/Expat/typemap'  Expat.xs > Expat.xsc
chmod 644 "Expat.bs"
cp Expat.pm ../blib/lib/XML/Parser/Expat.pm
"/usr/bin/perl" -MExtUtils::Command::MM -e 'cp_nonempty' -- Expat.bs ../blib/arch/auto/XML/Parser/Expat/Expat.bs 644
mv Expat.xsc Expat.c
x86_64-linux-gnu-gcc -c   -D_REENTRANT -D_GNU_SOURCE -DDEBIAN -fwrapv -fno-strict-aliasing -pipe -I/usr/local/include -D_LARGEFILE_SOURCE -D_FILE_OFFSET_BITS=64 -g -O2 -fdebug-prefix-map=/<<PKGBUILDDIR>>=. -fstack-protector-strong -Wformat -Werror=format-security -Wdate-time -D_FORTIFY_SOURCE=2   -DVERSION=\"2.46\" -DXS_VERSION=\"2.46\" -fPIC "-I/usr/lib/x86_64-linux-gnu/perl/5.30/CORE"   Expat.c
Expat.xs:262:10: warning: enumeration values 'XML_CTYPE_EMPTY' and 'XML_CTYPE_ANY' not handled in switch [-Wswitch]
  switch(model->type) {
         ^
1 warning generated.
rm -f ../blib/arch/auto/XML/Parser/Expat/Expat.so
x86_64-linux-gnu-gcc -g -O2 -fdebug-prefix-map=/<<PKGBUILDDIR>>=. -fstack-protector-strong -Wformat -Werror=format-security -Wl,-z,relro -Wl,-z,now  -shared -L/usr/local/lib -fstack-protector-strong  Expat.o  -o ../blib/arch/auto/XML/Parser/Expat/Expat.so  \
   -lexpat   \
  
chmod 755 ../blib/arch/auto/XML/Parser/Expat/Expat.so
Manifying 1 pod document
make[3]: Leaving directory '/<<PKGBUILDDIR>>/Expat'
Manifying 6 pod documents
make[2]: Leaving directory '/<<PKGBUILDDIR>>'
rm -f blib/lib/XML/Parser/Encodings/iso-8859-5.enc; rm -f blib/lib/XML/Parser/Encodings/iso-8859-16.enc; rm -f blib/lib/XML/Parser/Encodings/windows-1251.enc; rm -f blib/lib/XML/Parser/Encodings/iso-8859-8.enc; rm -f blib/lib/XML/Parser/Encodings/x-sjis-jisx0221.enc; rm -f blib/lib/XML/Parser/Encodings/iso-8859-10.enc; rm -f blib/lib/XML/Parser/Encodings/big5.enc; rm -f blib/lib/XML/Parser/Encodings/windows-1252.enc; rm -f blib/lib/XML/Parser/Encodings/iso-8859-9.enc; rm -f blib/lib/XML/Parser/Encodings/windows-1254.enc; rm -f blib/lib/XML/Parser/Encodings/iso-8859-15.enc; rm -f blib/lib/XML/Parser/Encodings/x-sjis-unicode.enc; rm -f blib/lib/XML/Parser/Encodings/windows-1256.enc; rm -f blib/lib/XML/Parser/Encodings/iso-8859-14.enc; rm -f blib/lib/XML/Parser/Encodings/iso-8859-3.enc; rm -f blib/lib/XML/Parser/Encodings/windows-1250.enc; rm -f blib/lib/XML/Parser/Encodings/iso-8859-13.enc; rm -f blib/lib/XML/Parser/Encodings/iso-8859-1.enc; rm -f blib/lib/XML/Parser/Encodings/windows-1253.enc; rm -f blib/lib/XML/Parser/Encodings/iso-8859-4.enc; rm -f blib/lib/XML/Parser/Encodings/x-euc-jp-unicode.enc; rm -f blib/lib/XML/Parser/Encodings/windows-1255.enc; rm -f blib/lib/XML/Parser/Encodings/x-sjis-cp932.enc; rm -f blib/lib/XML/Parser/Encodings/iso-8859-6.enc; rm -f blib/lib/XML/Parser/Encodings/iso-8859-11.enc; rm -f blib/lib/XML/Parser/Encodings/windows-1258.enc; rm -f blib/lib/XML/Parser/Encodings/x-euc-jp-jisx0221.enc; rm -f blib/lib/XML/Parser/Encodings/iso-8859-2.enc; rm -f blib/lib/XML/Parser/Encodings/x-sjis-jdk117.enc; rm -f blib/lib/XML/Parser/Encodings/windows-1257.enc; rm -f blib/lib/XML/Parser/Encodings/iso-8859-7.enc;
cp debian/encodings/iso-8859-5.enc blib/lib/XML/Parser/Encodings/; cp debian/encodings/iso-8859-16.enc blib/lib/XML/Parser/Encodings/; cp debian/encodings/windows-1251.enc blib/lib/XML/Parser/Encodings/; cp debian/encodings/iso-8859-8.enc blib/lib/XML/Parser/Encodings/; cp debian/encodings/x-sjis-jisx0221.enc blib/lib/XML/Parser/Encodings/; cp debian/encodings/iso-8859-10.enc blib/lib/XML/Parser/Encodings/; cp debian/encodings/big5.enc blib/lib/XML/Parser/Encodings/; cp debian/encodings/windows-1252.enc blib/lib/XML/Parser/Encodings/; cp debian/encodings/iso-8859-9.enc blib/lib/XML/Parser/Encodings/; cp debian/encodings/windows-1254.enc blib/lib/XML/Parser/Encodings/; cp debian/encodings/iso-8859-15.enc blib/lib/XML/Parser/Encodings/; cp debian/encodings/x-sjis-unicode.enc blib/lib/XML/Parser/Encodings/; cp debian/encodings/windows-1256.enc blib/lib/XML/Parser/Encodings/; cp debian/encodings/iso-8859-14.enc blib/lib/XML/Parser/Encodings/; cp debian/encodings/iso-8859-3.enc blib/lib/XML/Parser/Encodings/; cp debian/encodings/windows-1250.enc blib/lib/XML/Parser/Encodings/; cp debian/encodings/iso-8859-13.enc blib/lib/XML/Parser/Encodings/; cp debian/encodings/iso-8859-1.enc blib/lib/XML/Parser/Encodings/; cp debian/encodings/windows-1253.enc blib/lib/XML/Parser/Encodings/; cp debian/encodings/iso-8859-4.enc blib/lib/XML/Parser/Encodings/; cp debian/encodings/x-euc-jp-unicode.enc blib/lib/XML/Parser/Encodings/; cp debian/encodings/windows-1255.enc blib/lib/XML/Parser/Encodings/; cp debian/encodings/x-sjis-cp932.enc blib/lib/XML/Parser/Encodings/; cp debian/encodings/iso-8859-6.enc blib/lib/XML/Parser/Encodings/; cp debian/encodings/iso-8859-11.enc blib/lib/XML/Parser/Encodings/; cp debian/encodings/windows-1258.enc blib/lib/XML/Parser/Encodings/; cp debian/encodings/x-euc-jp-jisx0221.enc blib/lib/XML/Parser/Encodings/; cp debian/encodings/iso-8859-2.enc blib/lib/XML/Parser/Encodings/; cp debian/encodings/x-sjis-jdk117.enc blib/lib/XML/Parser/Encodings/; cp debian/encodings/windows-1257.enc blib/lib/XML/Parser/Encodings/; cp debian/encodings/iso-8859-7.enc blib/lib/XML/Parser/Encodings/;
make[1]: Leaving directory '/<<PKGBUILDDIR>>'
   dh_auto_test
	make -j4 test TEST_VERBOSE=1
make[1]: Entering directory '/<<PKGBUILDDIR>>'
make[2]: Entering directory '/<<PKGBUILDDIR>>/Expat'
"/usr/bin/perl" -MExtUtils::Command::MM -e 'cp_nonempty' -- Expat.bs ../blib/arch/auto/XML/Parser/Expat/Expat.bs 644
Manifying 1 pod document
make[2]: Leaving directory '/<<PKGBUILDDIR>>/Expat'
PERL_DL_NONLAZY=1 "/usr/bin/perl" "-MExtUtils::Command::MM" "-MTest::Harness" "-e" "undef *Test::Harness::Switches; test_harness(1, 'blib/lib', 'blib/arch')" t/*.t
t/astress.t ........... 
1..27
ok 1
ok 2
ok 3
ok 4
ok 5
ok 6
ok 7
ok 8
ok 9
ok 10
ok 11
ok 12
ok 13
ok 14
ok 15
ok 16
ok 17
ok 18
ok 19
ok 20
ok 21
ok 22
ok 23
ok 24
ok 25
ok 26
ok 27
ok
t/cdata.t ............. 
1..2
ok 1
ok 2
ok
t/decl.t .............. 
1..40
ok 1
ok 2
ok 3
ok 4
ok 5
ok 6
ok 7
ok 8
ok 9
ok 10
ok 11
ok 12
ok 13
ok 14
ok 15
ok 16
ok 17
ok 18
ok 19
ok 20
ok 21
ok 22
ok 23
ok 24
ok 25
ok 26
ok 27
ok 28
ok 29
ok 30
ok 31
ok 32
ok 33
ok 34
ok 35
ok 36
ok 37
ok 38
ok 39
ok 40
ok
t/defaulted.t ......... 
1..4
ok 1
ok 2
ok 3
ok 4
ok
t/encoding.t .......... 
1..6
ok 1
ok 2
ok 3
ok 4
ok 5
ok 6
ok
t/external_ent.t ...... 
1..4
ok 1
ok 2
ok 3
ok 4
ok
t/file.t .............. 
1..1
ok 1
ok
t/file_open_scalar.t .. 
1..1
ok 1
ok
t/finish.t ............ 
1..3
ok 1
ok 2
ok 3
ok
t/namespaces.t ........ 
1..16
ok 1
ok 2
ok 3
ok 4
ok 5
ok 6
ok 7
ok 8
ok 9
ok 10
ok 11
ok 12
ok 13
ok 14
ok 15
ok 16
ok
t/parament.t .......... 
1..13
ok 1 - doctype called
ok 2 - when el eq foo
ok 3 - when el eq bar
ok 4
ok 5
ok 6
ok 7
ok 8 - got 'more'
ok 9
ok 10 - internal exists
ok 11 - doctype called
ok 12 - when el eq foo
ok 13
ok
t/partial.t ........... 
1..3
ok 1
ok 2
ok 3
ok
t/skip.t .............. 
1..4
ok 1
ok 2
ok 3
ok 4
ok
t/stream.t ............ 
1..3
ok 1
ok 2
ok 3
ok
t/styles.t ............ 
1..13
# Running under perl version 5.030000 for linux
# Current time local: Mon Feb 24 22:59:16 2020
# Current time GMT:   Mon Feb 24 22:59:16 2020
# Using Test.pm version 1.31
ok 1
ok 2
ok 3
ok 4
ok 5
ok 6
ok 7
ok 8
ok 9
ok 10
ok 11
ok 12
ok 13
ok
All tests successful.
Files=15, Tests=140,  1 wallclock secs ( 0.04 usr  0.01 sys +  0.49 cusr  0.10 csys =  0.64 CPU)
Result: PASS
make[1]: Leaving directory '/<<PKGBUILDDIR>>'
   create-stamp debian/debhelper-build-stamp
   dh_testroot
   dh_prep
   dh_auto_install
	make -j4 install DESTDIR=/<<PKGBUILDDIR>>/debian/libxml-parser-perl AM_UPDATE_INFO_DIR=no PREFIX=/usr
make[1]: Entering directory '/<<PKGBUILDDIR>>'
make[2]: Entering directory '/<<PKGBUILDDIR>>/Expat'
"/usr/bin/perl" -MExtUtils::Command::MM -e 'cp_nonempty' -- Expat.bs ../blib/arch/auto/XML/Parser/Expat/Expat.bs 644
Manifying 1 pod document
make[2]: Leaving directory '/<<PKGBUILDDIR>>/Expat'
Manifying 6 pod documents
Files found in blib/arch: installing files in blib/lib into architecture dependent library tree
Installing /<<PKGBUILDDIR>>/debian/libxml-parser-perl/usr/lib/x86_64-linux-gnu/perl5/5.30/auto/XML/Parser/Expat/Expat.so
Installing /<<PKGBUILDDIR>>/debian/libxml-parser-perl/usr/lib/x86_64-linux-gnu/perl5/5.30/XML/Parser.pm
Installing /<<PKGBUILDDIR>>/debian/libxml-parser-perl/usr/lib/x86_64-linux-gnu/perl5/5.30/XML/Parser/LWPExternEnt.pl
Installing /<<PKGBUILDDIR>>/debian/libxml-parser-perl/usr/lib/x86_64-linux-gnu/perl5/5.30/XML/Parser/Expat.pm
Installing /<<PKGBUILDDIR>>/debian/libxml-parser-perl/usr/lib/x86_64-linux-gnu/perl5/5.30/XML/Parser/Encodings/x-sjis-jisx0221.enc
Installing /<<PKGBUILDDIR>>/debian/libxml-parser-perl/usr/lib/x86_64-linux-gnu/perl5/5.30/XML/Parser/Encodings/windows-1257.enc
Installing /<<PKGBUILDDIR>>/debian/libxml-parser-perl/usr/lib/x86_64-linux-gnu/perl5/5.30/XML/Parser/Encodings/iso-8859-14.enc
Installing /<<PKGBUILDDIR>>/debian/libxml-parser-perl/usr/lib/x86_64-linux-gnu/perl5/5.30/XML/Parser/Encodings/iso-8859-10.enc
Installing /<<PKGBUILDDIR>>/debian/libxml-parser-perl/usr/lib/x86_64-linux-gnu/perl5/5.30/XML/Parser/Encodings/iso-8859-6.enc
Installing /<<PKGBUILDDIR>>/debian/libxml-parser-perl/usr/lib/x86_64-linux-gnu/perl5/5.30/XML/Parser/Encodings/windows-1258.enc
Installing /<<PKGBUILDDIR>>/debian/libxml-parser-perl/usr/lib/x86_64-linux-gnu/perl5/5.30/XML/Parser/Encodings/koi8-r.enc
Installing /<<PKGBUILDDIR>>/debian/libxml-parser-perl/usr/lib/x86_64-linux-gnu/perl5/5.30/XML/Parser/Encodings/euc-kr.enc
Installing /<<PKGBUILDDIR>>/debian/libxml-parser-perl/usr/lib/x86_64-linux-gnu/perl5/5.30/XML/Parser/Encodings/iso-8859-3.enc
Installing /<<PKGBUILDDIR>>/debian/libxml-parser-perl/usr/lib/x86_64-linux-gnu/perl5/5.30/XML/Parser/Encodings/x-euc-jp-jisx0221.enc
Installing /<<PKGBUILDDIR>>/debian/libxml-parser-perl/usr/lib/x86_64-linux-gnu/perl5/5.30/XML/Parser/Encodings/windows-1253.enc
Installing /<<PKGBUILDDIR>>/debian/libxml-parser-perl/usr/lib/x86_64-linux-gnu/perl5/5.30/XML/Parser/Encodings/iso-8859-2.enc
Installing /<<PKGBUILDDIR>>/debian/libxml-parser-perl/usr/lib/x86_64-linux-gnu/perl5/5.30/XML/Parser/Encodings/iso-8859-4.enc
Installing /<<PKGBUILDDIR>>/debian/libxml-parser-perl/usr/lib/x86_64-linux-gnu/perl5/5.30/XML/Parser/Encodings/x-sjis-cp932.enc
Installing /<<PKGBUILDDIR>>/debian/libxml-parser-perl/usr/lib/x86_64-linux-gnu/perl5/5.30/XML/Parser/Encodings/iso-8859-13.enc
Installing /<<PKGBUILDDIR>>/debian/libxml-parser-perl/usr/lib/x86_64-linux-gnu/perl5/5.30/XML/Parser/Encodings/iso-8859-11.enc
Installing /<<PKGBUILDDIR>>/debian/libxml-parser-perl/usr/lib/x86_64-linux-gnu/perl5/5.30/XML/Parser/Encodings/x-sjis-jdk117.enc
Installing /<<PKGBUILDDIR>>/debian/libxml-parser-perl/usr/lib/x86_64-linux-gnu/perl5/5.30/XML/Parser/Encodings/x-sjis-unicode.enc
Installing /<<PKGBUILDDIR>>/debian/libxml-parser-perl/usr/lib/x86_64-linux-gnu/perl5/5.30/XML/Parser/Encodings/windows-1252.enc
Installing /<<PKGBUILDDIR>>/debian/libxml-parser-perl/usr/lib/x86_64-linux-gnu/perl5/5.30/XML/Parser/Encodings/windows-1254.enc
Installing /<<PKGBUILDDIR>>/debian/libxml-parser-perl/usr/lib/x86_64-linux-gnu/perl5/5.30/XML/Parser/Encodings/iso-8859-5.enc
Installing /<<PKGBUILDDIR>>/debian/libxml-parser-perl/usr/lib/x86_64-linux-gnu/perl5/5.30/XML/Parser/Encodings/iso-8859-1.enc
Installing /<<PKGBUILDDIR>>/debian/libxml-parser-perl/usr/lib/x86_64-linux-gnu/perl5/5.30/XML/Parser/Encodings/windows-1251.enc
Installing /<<PKGBUILDDIR>>/debian/libxml-parser-perl/usr/lib/x86_64-linux-gnu/perl5/5.30/XML/Parser/Encodings/windows-1256.enc
Installing /<<PKGBUILDDIR>>/debian/libxml-parser-perl/usr/lib/x86_64-linux-gnu/perl5/5.30/XML/Parser/Encodings/x-euc-jp-unicode.enc
Installing /<<PKGBUILDDIR>>/debian/libxml-parser-perl/usr/lib/x86_64-linux-gnu/perl5/5.30/XML/Parser/Encodings/ibm866.enc
Installing /<<PKGBUILDDIR>>/debian/libxml-parser-perl/usr/lib/x86_64-linux-gnu/perl5/5.30/XML/Parser/Encodings/windows-1255.enc
Installing /<<PKGBUILDDIR>>/debian/libxml-parser-perl/usr/lib/x86_64-linux-gnu/perl5/5.30/XML/Parser/Encodings/iso-8859-9.enc
Installing /<<PKGBUILDDIR>>/debian/libxml-parser-perl/usr/lib/x86_64-linux-gnu/perl5/5.30/XML/Parser/Encodings/Japanese_Encodings.msg
Installing /<<PKGBUILDDIR>>/debian/libxml-parser-perl/usr/lib/x86_64-linux-gnu/perl5/5.30/XML/Parser/Encodings/iso-8859-15.enc
Installing /<<PKGBUILDDIR>>/debian/libxml-parser-perl/usr/lib/x86_64-linux-gnu/perl5/5.30/XML/Parser/Encodings/big5.enc
Installing /<<PKGBUILDDIR>>/debian/libxml-parser-perl/usr/lib/x86_64-linux-gnu/perl5/5.30/XML/Parser/Encodings/iso-8859-8.enc
Installing /<<PKGBUILDDIR>>/debian/libxml-parser-perl/usr/lib/x86_64-linux-gnu/perl5/5.30/XML/Parser/Encodings/iso-8859-7.enc
Installing /<<PKGBUILDDIR>>/debian/libxml-parser-perl/usr/lib/x86_64-linux-gnu/perl5/5.30/XML/Parser/Encodings/iso-8859-16.enc
Installing /<<PKGBUILDDIR>>/debian/libxml-parser-perl/usr/lib/x86_64-linux-gnu/perl5/5.30/XML/Parser/Encodings/windows-1250.enc
Installing /<<PKGBUILDDIR>>/debian/libxml-parser-perl/usr/lib/x86_64-linux-gnu/perl5/5.30/XML/Parser/Encodings/README
Installing /<<PKGBUILDDIR>>/debian/libxml-parser-perl/usr/lib/x86_64-linux-gnu/perl5/5.30/XML/Parser/Style/Tree.pm
Installing /<<PKGBUILDDIR>>/debian/libxml-parser-perl/usr/lib/x86_64-linux-gnu/perl5/5.30/XML/Parser/Style/Subs.pm
Installing /<<PKGBUILDDIR>>/debian/libxml-parser-perl/usr/lib/x86_64-linux-gnu/perl5/5.30/XML/Parser/Style/Debug.pm
Installing /<<PKGBUILDDIR>>/debian/libxml-parser-perl/usr/lib/x86_64-linux-gnu/perl5/5.30/XML/Parser/Style/Stream.pm
Installing /<<PKGBUILDDIR>>/debian/libxml-parser-perl/usr/lib/x86_64-linux-gnu/perl5/5.30/XML/Parser/Style/Objects.pm
Installing /<<PKGBUILDDIR>>/debian/libxml-parser-perl/usr/share/man/man3/XML::Parser::Style::Tree.3pm
Installing /<<PKGBUILDDIR>>/debian/libxml-parser-perl/usr/share/man/man3/XML::Parser.3pm
Installing /<<PKGBUILDDIR>>/debian/libxml-parser-perl/usr/share/man/man3/XML::Parser::Expat.3pm
Installing /<<PKGBUILDDIR>>/debian/libxml-parser-perl/usr/share/man/man3/XML::Parser::Style::Subs.3pm
Installing /<<PKGBUILDDIR>>/debian/libxml-parser-perl/usr/share/man/man3/XML::Parser::Style::Objects.3pm
Installing /<<PKGBUILDDIR>>/debian/libxml-parser-perl/usr/share/man/man3/XML::Parser::Style::Stream.3pm
Installing /<<PKGBUILDDIR>>/debian/libxml-parser-perl/usr/share/man/man3/XML::Parser::Style::Debug.3pm
make[1]: Leaving directory '/<<PKGBUILDDIR>>'
   debian/rules override_dh_install
make[1]: Entering directory '/<<PKGBUILDDIR>>'
dh_install
mkdir -p debian/libxml-parser-perl/usr/share/doc/libxml-parser-perl/Encodings
mv debian/libxml-parser-perl//usr/lib/x86_64-linux-gnu/perl5/5.30/XML/Parser/Encodings/Japanese_Encodings.msg debian/libxml-parser-perl/usr/share/doc/libxml-parser-perl/Encodings/; mv debian/libxml-parser-perl//usr/lib/x86_64-linux-gnu/perl5/5.30/XML/Parser/Encodings/README debian/libxml-parser-perl/usr/share/doc/libxml-parser-perl/Encodings/;
make[1]: Leaving directory '/<<PKGBUILDDIR>>'
   dh_installdocs
   dh_installchangelogs
   debian/rules override_dh_installexamples
make[1]: Entering directory '/<<PKGBUILDDIR>>'
dh_installexamples
sed -i -e'1s|/usr/local/bin/perl|/usr/bin/perl|' /<<PKGBUILDDIR>>/debian/libxml-parser-perl/usr/share/doc/libxml-parser-perl/examples/canonical /<<PKGBUILDDIR>>/debian/libxml-parser-perl/usr/share/doc/libxml-parser-perl/examples/xmlcomments /<<PKGBUILDDIR>>/debian/libxml-parser-perl/usr/share/doc/libxml-parser-perl/examples/xmlstats /<<PKGBUILDDIR>>/debian/libxml-parser-perl/usr/share/doc/libxml-parser-perl/examples/xmlfilter
make[1]: Leaving directory '/<<PKGBUILDDIR>>'
   dh_installman
   dh_perl
   dh_link
   dh_strip_nondeterminism
   debian/rules override_dh_compress
make[1]: Entering directory '/<<PKGBUILDDIR>>'
dh_compress -Xxmlfiltera
make[1]: Leaving directory '/<<PKGBUILDDIR>>'
   dh_fixperms
   dh_missing
   dh_dwz
   dh_strip
   dh_makeshlibs
   dh_shlibdeps
   dh_installdeb
   dh_gencontrol
   dh_md5sums
   dh_builddeb
dpkg-deb: building package 'libxml-parser-perl' in '../libxml-parser-perl_2.46-1_amd64.deb'.
dpkg-deb: building package 'libxml-parser-perl-dbgsym' in '../libxml-parser-perl-dbgsym_2.46-1_amd64.deb'.
 dpkg-genbuildinfo --build=binary
 dpkg-genchanges --build=binary >../libxml-parser-perl_2.46-1_amd64.changes
dpkg-genchanges: info: binary-only upload (no source code included)
 dpkg-source --after-build .
dpkg-source: info: using options from libxml-parser-perl-2.46/debian/source/options: --include-binaries
dpkg-buildpackage: info: binary-only upload (no source included)
--------------------------------------------------------------------------------
Build finished at 2020-02-24T22:59:18Z

Finished
--------

I: Built successfully

+------------------------------------------------------------------------------+
| Changes                                                                      |
+------------------------------------------------------------------------------+


libxml-parser-perl_2.46-1_amd64.changes:
----------------------------------------

Format: 1.8
Date: Thu, 03 Oct 2019 19:48:19 +0200
Source: libxml-parser-perl
Binary: libxml-parser-perl libxml-parser-perl-dbgsym
Architecture: amd64
Version: 2.46-1
Distribution: unstable
Urgency: medium
Maintainer: Debian Perl Group <pkg-perl-maintainers@lists.alioth.debian.org>
Changed-By: Xavier Guimard <yadd@debian.org>
Description:
 libxml-parser-perl - Perl module for parsing XML files
Changes:
 libxml-parser-perl (2.46-1) unstable; urgency=medium
 .
   * Team upload
 .
   [ Clément Hermann ]
   * Use system build dependencies instead of embedded modules in inc/
   * Fix location of Encoding documentation so it doesn't end in /usr/lib
 .
   [ Xavier Guimard ]
   * Import upstream version 2.46
   * Bump debhelper compatibility level to 12
   * Declare compliance with policy 4.4.1
   * Add debian/gbp.conf
   * Remove use-3-form-open patch
   * Add "Rules-Requires-Root: no"
Checksums-Sha1:
 4e6e906229f210174a2ab4842f62a499ce201a14 61672 libxml-parser-perl-dbgsym_2.46-1_amd64.deb
 d1eb34dbe5be2e051648d9399a4688ce3c8a4dc7 6069 libxml-parser-perl_2.46-1_amd64.buildinfo
 250352f71e602915a23b96a3bb3f77aa04a55a48 205676 libxml-parser-perl_2.46-1_amd64.deb
Checksums-Sha256:
 4277e7acca80b82e9c1b2d947827195954c4c47ed9f75bf8c4135c2f5244a8f8 61672 libxml-parser-perl-dbgsym_2.46-1_amd64.deb
 48f73cae066d5aa1c39b1c04c9eee7dadfbfe367cae5a1a98f797c45beaf76c8 6069 libxml-parser-perl_2.46-1_amd64.buildinfo
 d495726596fc78c85167ac300d825d918d87b12a79fbdc03c53027a6eb23a0a6 205676 libxml-parser-perl_2.46-1_amd64.deb
Files:
 08167c264bd3dc7ddb6e3234fceba04f 61672 debug optional libxml-parser-perl-dbgsym_2.46-1_amd64.deb
 57d7235ae632b1fa96f297c086be9ec2 6069 perl optional libxml-parser-perl_2.46-1_amd64.buildinfo
 30ae8c9b7b6cc9da738b84c63981ec29 205676 perl optional libxml-parser-perl_2.46-1_amd64.deb

+------------------------------------------------------------------------------+
| Buildinfo                                                                    |
+------------------------------------------------------------------------------+

Format: 1.0
Source: libxml-parser-perl
Binary: libxml-parser-perl
Architecture: amd64
Version: 2.46-1
Checksums-Md5:
 08167c264bd3dc7ddb6e3234fceba04f 61672 libxml-parser-perl-dbgsym_2.46-1_amd64.deb
 30ae8c9b7b6cc9da738b84c63981ec29 205676 libxml-parser-perl_2.46-1_amd64.deb
Checksums-Sha1:
 4e6e906229f210174a2ab4842f62a499ce201a14 61672 libxml-parser-perl-dbgsym_2.46-1_amd64.deb
 250352f71e602915a23b96a3bb3f77aa04a55a48 205676 libxml-parser-perl_2.46-1_amd64.deb
Checksums-Sha256:
 4277e7acca80b82e9c1b2d947827195954c4c47ed9f75bf8c4135c2f5244a8f8 61672 libxml-parser-perl-dbgsym_2.46-1_amd64.deb
 d495726596fc78c85167ac300d825d918d87b12a79fbdc03c53027a6eb23a0a6 205676 libxml-parser-perl_2.46-1_amd64.deb
Build-Origin: Debian
Build-Architecture: amd64
Build-Date: Mon, 24 Feb 2020 22:59:18 +0000
Build-Path: /<<PKGBUILDDIR>>
Installed-Build-Depends:
 autoconf (= 2.69-11.1),
 automake (= 1:1.16.1-4),
 autopoint (= 0.19.8.1-10),
 autotools-dev (= 20180224.1),
 base-files (= 11),
 base-passwd (= 3.5.47),
 bash (= 5.0-5),
 binutils (= 2.34-3),
 binutils-common (= 2.34-3),
 binutils-x86-64-linux-gnu (= 2.34-3),
 bsdmainutils (= 11.1.2+b1),
 bsdutils (= 1:2.34-0.1),
 build-essential (= 12.8),
 bzip2 (= 1.0.8-2),
 ca-certificates (= 20190110),
 clang-10 (= 1:10.0.0~+rc2-1),
 coreutils (= 8.30-3+b1),
 cpp (= 4:9.2.1-3.1),
 cpp-9 (= 9.2.1-29),
 dash (= 0.5.10.2-6),
 debconf (= 1.5.73),
 debhelper (= 12.9),
 debianutils (= 4.9.1),
 dh-autoreconf (= 19),
 dh-strip-nondeterminism (= 1.6.3-2),
 diffutils (= 1:3.7-3),
 dpkg (= 1.19.7),
 dpkg-dev (= 1.19.7),
 dwz (= 0.13-5),
 fdisk (= 2.34-0.1),
 file (= 1:5.38-4),
 findutils (= 4.7.0-1),
 g++ (= 4:9.2.1-3.1),
 g++-9 (= 9.2.1-29),
 gcc (= 4:9.2.1-3.1),
 gcc-10-base (= 10-20200222-1),
 gcc-9 (= 9.2.1-29),
 gcc-9-base (= 9.2.1-29),
 gettext (= 0.19.8.1-10),
 gettext-base (= 0.19.8.1-10),
 grep (= 3.4-1),
 groff-base (= 1.22.4-4),
 gzip (= 1.9-3+b1),
 hostname (= 3.23),
 init-system-helpers (= 1.57),
 intltool-debian (= 0.35.0+20060710.5),
 lib32gcc-s1 (= 10-20200222-1),
 lib32gcc1 (= 1:10-20200222-1),
 lib32stdc++6 (= 10-20200222-1),
 libacl1 (= 2.2.53-5),
 libarchive-zip-perl (= 1.67-1),
 libasan5 (= 9.2.1-29),
 libatomic1 (= 10-20200222-1),
 libattr1 (= 1:2.4.48-5),
 libaudit-common (= 1:2.8.5-2),
 libaudit1 (= 1:2.8.5-2+b1),
 libbinutils (= 2.34-3),
 libblkid1 (= 2.34-0.1),
 libbsd0 (= 0.10.0-1),
 libbz2-1.0 (= 1.0.8-2),
 libc-bin (= 2.29-10),
 libc-dev-bin (= 2.29-10),
 libc6 (= 2.29-10),
 libc6-dev (= 2.29-10),
 libc6-i386 (= 2.29-10),
 libcap-ng0 (= 0.7.9-2.1+b1),
 libcc1-0 (= 10-20200222-1),
 libclang-common-10-dev (= 1:10.0.0~+rc2-1),
 libclang-cpp10 (= 1:10.0.0~+rc2-1),
 libclang1-10 (= 1:10.0.0~+rc2-1),
 libcroco3 (= 0.6.13-1),
 libcrypt-dev (= 1:4.4.10-10),
 libcrypt1 (= 1:4.4.10-10),
 libctf-nobfd0 (= 2.34-3),
 libctf0 (= 2.34-3),
 libdb5.3 (= 5.3.28+dfsg1-0.6),
 libdebconfclient0 (= 0.251),
 libdebhelper-perl (= 12.9),
 libdevel-checklib-perl (= 1.14-1),
 libdpkg-perl (= 1.19.7),
 libedit2 (= 3.1-20191231-1),
 libelf1 (= 0.176-1.1),
 libencode-locale-perl (= 1.05-1),
 libexpat1 (= 2.2.9-1),
 libexpat1-dev (= 2.2.9-1),
 libfdisk1 (= 2.34-0.1),
 libffi7 (= 3.3-3),
 libfile-listing-perl (= 6.04-1),
 libfile-stripnondeterminism-perl (= 1.6.3-2),
 libgc1c2 (= 1:7.6.4-0.4),
 libgcc-9-dev (= 9.2.1-29),
 libgcc-s1 (= 10-20200222-1),
 libgcc1 (= 1:10-20200222-1),
 libgcrypt20 (= 1.8.5-5),
 libgdbm-compat4 (= 1.18.1-5),
 libgdbm6 (= 1.18.1-5),
 libglib2.0-0 (= 2.62.4-2),
 libgmp10 (= 2:6.2.0+dfsg-4),
 libgomp1 (= 10-20200222-1),
 libgpg-error0 (= 1.37-1),
 libhtml-parser-perl (= 3.72-5),
 libhtml-tagset-perl (= 3.20-4),
 libhtml-tree-perl (= 5.07-2),
 libhttp-cookies-perl (= 6.08-1),
 libhttp-date-perl (= 6.05-1),
 libhttp-message-perl (= 6.18-1),
 libhttp-negotiate-perl (= 6.01-1),
 libicu63 (= 63.2-2),
 libio-html-perl (= 1.001-1),
 libio-socket-ssl-perl (= 2.067-1),
 libisl22 (= 0.22.1-1),
 libitm1 (= 10-20200222-1),
 libllvm10 (= 1:10.0.0~+rc2-1),
 liblsan0 (= 10-20200222-1),
 liblwp-mediatypes-perl (= 6.04-1),
 liblwp-protocol-https-perl (= 6.07-2),
 liblz4-1 (= 1.9.2-2),
 liblzma5 (= 5.2.4-1+b1),
 libmagic-mgc (= 1:5.38-4),
 libmagic1 (= 1:5.38-4),
 libmount1 (= 2.34-0.1),
 libmpc3 (= 1.1.0-1),
 libmpfr6 (= 4.0.2-1),
 libncursesw6 (= 6.1+20191019-1),
 libnet-http-perl (= 6.19-1),
 libnet-ssleay-perl (= 1.88-2),
 libobjc-9-dev (= 9.2.1-29),
 libobjc4 (= 10-20200222-1),
 libpam-modules (= 1.3.1-5),
 libpam-modules-bin (= 1.3.1-5),
 libpam-runtime (= 1.3.1-5),
 libpam0g (= 1.3.1-5),
 libpcre2-8-0 (= 10.34-7),
 libpcre3 (= 2:8.39-12+b1),
 libperl5.30 (= 5.30.0-9),
 libpipeline1 (= 1.5.2-2),
 libquadmath0 (= 10-20200222-1),
 libseccomp2 (= 2.4.2-2),
 libselinux1 (= 3.0-1+b1),
 libsigsegv2 (= 2.12-2),
 libsmartcols1 (= 2.34-0.1),
 libssl1.1 (= 1.1.1d-2),
 libstdc++-9-dev (= 9.2.1-29),
 libstdc++6 (= 10-20200222-1),
 libsub-override-perl (= 0.09-2),
 libsystemd0 (= 244.3-1),
 libtimedate-perl (= 2.3100-1),
 libtinfo6 (= 6.1+20191019-1),
 libtool (= 2.4.6-13),
 libtry-tiny-perl (= 0.30-1),
 libtsan0 (= 10-20200222-1),
 libubsan1 (= 10-20200222-1),
 libuchardet0 (= 0.0.6-3),
 libudev1 (= 244.3-1),
 libunistring2 (= 0.9.10-2),
 liburi-perl (= 1.76-2),
 libuuid1 (= 2.34-0.1),
 libwww-perl (= 6.43-1),
 libwww-robotrules-perl (= 6.02-1),
 libxml2 (= 2.9.10+dfsg-3),
 libz3-4 (= 4.8.7-4),
 linux-libc-dev (= 5.4.19-1),
 login (= 1:4.8.1-1),
 lsb-base (= 11.1.0),
 m4 (= 1.4.18-4),
 make (= 4.2.1-1.2),
 man-db (= 2.9.0-2),
 mawk (= 1.3.4.20200120-2),
 ncurses-base (= 6.1+20191019-1),
 ncurses-bin (= 6.1+20191019-1),
 netbase (= 6.1),
 openssl (= 1.1.1d-2),
 patch (= 2.7.6-6),
 perl (= 5.30.0-9),
 perl-base (= 5.30.0-9),
 perl-modules-5.30 (= 5.30.0-9),
 perl-openssl-defaults (= 4),
 po-debconf (= 1.0.21),
 sed (= 4.7-1),
 sensible-utils (= 0.0.12+nmu1),
 sysvinit-utils (= 2.96-2.1),
 tar (= 1.30+dfsg-6+b1),
 util-linux (= 2.34-0.1),
 xz-utils (= 5.2.4-1+b1),
 zlib1g (= 1:1.2.11.dfsg-1.2)
Environment:
 DEB_BUILD_OPTIONS="parallel=4"
 LANG="C.UTF-8"
 LC_ALL="C.UTF-8"
 SOURCE_DATE_EPOCH="1570124899"


+------------------------------------------------------------------------------+
| Package contents                                                             |
+------------------------------------------------------------------------------+


libxml-parser-perl-dbgsym_2.46-1_amd64.deb
------------------------------------------

 new Debian package, version 2.0.
 size 61672 bytes: control archive=536 bytes.
     403 bytes,    12 lines      control              
     106 bytes,     1 lines      md5sums              
 Package: libxml-parser-perl-dbgsym
 Source: libxml-parser-perl
 Version: 2.46-1
 Auto-Built-Package: debug-symbols
 Architecture: amd64
 Maintainer: Debian Perl Group <pkg-perl-maintainers@lists.alioth.debian.org>
 Installed-Size: 80
 Depends: libxml-parser-perl (= 2.46-1)
 Section: debug
 Priority: optional
 Description: debug symbols for libxml-parser-perl
 Build-Ids: 79cea2e9d8b6231692ca9c9375c088c7e06ddb0f

drwxr-xr-x root/root         0 2019-10-03 17:48 ./
drwxr-xr-x root/root         0 2019-10-03 17:48 ./usr/
drwxr-xr-x root/root         0 2019-10-03 17:48 ./usr/lib/
drwxr-xr-x root/root         0 2019-10-03 17:48 ./usr/lib/debug/
drwxr-xr-x root/root         0 2019-10-03 17:48 ./usr/lib/debug/.build-id/
drwxr-xr-x root/root         0 2019-10-03 17:48 ./usr/lib/debug/.build-id/79/
-rw-r--r-- root/root     71136 2019-10-03 17:48 ./usr/lib/debug/.build-id/79/cea2e9d8b6231692ca9c9375c088c7e06ddb0f.debug
drwxr-xr-x root/root         0 2019-10-03 17:48 ./usr/share/
drwxr-xr-x root/root         0 2019-10-03 17:48 ./usr/share/doc/
lrwxrwxrwx root/root         0 2019-10-03 17:48 ./usr/share/doc/libxml-parser-perl-dbgsym -> libxml-parser-perl


libxml-parser-perl_2.46-1_amd64.deb
-----------------------------------

 new Debian package, version 2.0.
 size 205676 bytes: control archive=2696 bytes.
    1406 bytes,    27 lines      control              
    6192 bytes,    63 lines      md5sums              
 Package: libxml-parser-perl
 Version: 2.46-1
 Architecture: amd64
 Maintainer: Debian Perl Group <pkg-perl-maintainers@lists.alioth.debian.org>
 Installed-Size: 698
 Depends: perl (>= 5.30.0-9), perlapi-5.30.0, libc6 (>= 2.14), libexpat1 (>= 2.0.1), liburi-perl, libwww-perl
 Section: perl
 Priority: optional
 Homepage: http://www.libexpat.org/
 Description: Perl module for parsing XML files
  The XML::Parser module provides ways to parse XML documents.  It is built on
  top of XML::Parser::Expat, which is a lower level interface to James Clark's
  expat library. Each call to one of the parsing methods creates a new instance
  of XML::Parser::Expat which is then used to parse the document. Expat options
  may be provided when the XML::Parser object is created. These options are
  then passed on to the Expat object on each parse call. They can also be given
  as extra arguments to the parse methods, in which case they override options
  given at XML::Parser creation time.
  .
  The behavior of the parser is controlled either by Style and/or Handlers
  options, or by setHandlers method. These all provide mechanisms for
  XML::Parser to set the handlers needed by XML::Parser::Expat. If neither
  Style nor Handlers are specified, then parsing just checks the document for
  being well-formed.
  .
  When underlying handlers get called, they receive as their first parameter
  the Expat object, not the Parser object.

drwxr-xr-x root/root         0 2019-10-03 17:48 ./
drwxr-xr-x root/root         0 2019-10-03 17:48 ./usr/
drwxr-xr-x root/root         0 2019-10-03 17:48 ./usr/lib/
drwxr-xr-x root/root         0 2019-10-03 17:48 ./usr/lib/x86_64-linux-gnu/
drwxr-xr-x root/root         0 2019-10-03 17:48 ./usr/lib/x86_64-linux-gnu/perl5/
drwxr-xr-x root/root         0 2019-10-03 17:48 ./usr/lib/x86_64-linux-gnu/perl5/5.30/
drwxr-xr-x root/root         0 2019-10-03 17:48 ./usr/lib/x86_64-linux-gnu/perl5/5.30/XML/
-rw-r--r-- root/root     27721 2019-09-24 05:21 ./usr/lib/x86_64-linux-gnu/perl5/5.30/XML/Parser.pm
drwxr-xr-x root/root         0 2019-10-03 17:48 ./usr/lib/x86_64-linux-gnu/perl5/5.30/XML/Parser/
drwxr-xr-x root/root         0 2019-10-03 17:48 ./usr/lib/x86_64-linux-gnu/perl5/5.30/XML/Parser/Encodings/
-rw-r--r-- root/root     40706 2019-10-03 17:48 ./usr/lib/x86_64-linux-gnu/perl5/5.30/XML/Parser/Encodings/big5.enc
-rw-r--r-- root/root     45802 2019-09-24 03:18 ./usr/lib/x86_64-linux-gnu/perl5/5.30/XML/Parser/Encodings/euc-kr.enc
-rw-r--r-- root/root      1072 2019-09-24 03:18 ./usr/lib/x86_64-linux-gnu/perl5/5.30/XML/Parser/Encodings/ibm866.enc
-rw-r--r-- root/root      1072 2019-10-03 17:48 ./usr/lib/x86_64-linux-gnu/perl5/5.30/XML/Parser/Encodings/iso-8859-1.enc
-rw-r--r-- root/root      1072 2019-10-03 17:48 ./usr/lib/x86_64-linux-gnu/perl5/5.30/XML/Parser/Encodings/iso-8859-10.enc
-rw-r--r-- root/root      1072 2019-10-03 17:48 ./usr/lib/x86_64-linux-gnu/perl5/5.30/XML/Parser/Encodings/iso-8859-11.enc
-rw-r--r-- root/root      1072 2019-10-03 17:48 ./usr/lib/x86_64-linux-gnu/perl5/5.30/XML/Parser/Encodings/iso-8859-13.enc
-rw-r--r-- root/root      1072 2019-10-03 17:48 ./usr/lib/x86_64-linux-gnu/perl5/5.30/XML/Parser/Encodings/iso-8859-14.enc
-rw-r--r-- root/root      1072 2019-10-03 17:48 ./usr/lib/x86_64-linux-gnu/perl5/5.30/XML/Parser/Encodings/iso-8859-15.enc
-rw-r--r-- root/root      1072 2019-10-03 17:48 ./usr/lib/x86_64-linux-gnu/perl5/5.30/XML/Parser/Encodings/iso-8859-16.enc
-rw-r--r-- root/root      1072 2019-10-03 17:48 ./usr/lib/x86_64-linux-gnu/perl5/5.30/XML/Parser/Encodings/iso-8859-2.enc
-rw-r--r-- root/root      1072 2019-10-03 17:48 ./usr/lib/x86_64-linux-gnu/perl5/5.30/XML/Parser/Encodings/iso-8859-3.enc
-rw-r--r-- root/root      1072 2019-10-03 17:48 ./usr/lib/x86_64-linux-gnu/perl5/5.30/XML/Parser/Encodings/iso-8859-4.enc
-rw-r--r-- root/root      1072 2019-10-03 17:48 ./usr/lib/x86_64-linux-gnu/perl5/5.30/XML/Parser/Encodings/iso-8859-5.enc
-rw-r--r-- root/root      1072 2019-10-03 17:48 ./usr/lib/x86_64-linux-gnu/perl5/5.30/XML/Parser/Encodings/iso-8859-6.enc
-rw-r--r-- root/root      1072 2019-10-03 17:48 ./usr/lib/x86_64-linux-gnu/perl5/5.30/XML/Parser/Encodings/iso-8859-7.enc
-rw-r--r-- root/root      1072 2019-10-03 17:48 ./usr/lib/x86_64-linux-gnu/perl5/5.30/XML/Parser/Encodings/iso-8859-8.enc
-rw-r--r-- root/root      1072 2019-10-03 17:48 ./usr/lib/x86_64-linux-gnu/perl5/5.30/XML/Parser/Encodings/iso-8859-9.enc
-rw-r--r-- root/root      1072 2019-09-24 03:18 ./usr/lib/x86_64-linux-gnu/perl5/5.30/XML/Parser/Encodings/koi8-r.enc
-rw-r--r-- root/root      1072 2019-10-03 17:48 ./usr/lib/x86_64-linux-gnu/perl5/5.30/XML/Parser/Encodings/windows-1250.enc
-rw-r--r-- root/root      1072 2019-10-03 17:48 ./usr/lib/x86_64-linux-gnu/perl5/5.30/XML/Parser/Encodings/windows-1251.enc
-rw-r--r-- root/root      1072 2019-10-03 17:48 ./usr/lib/x86_64-linux-gnu/perl5/5.30/XML/Parser/Encodings/windows-1252.enc
-rw-r--r-- root/root      1072 2019-10-03 17:48 ./usr/lib/x86_64-linux-gnu/perl5/5.30/XML/Parser/Encodings/windows-1253.enc
-rw-r--r-- root/root      1072 2019-10-03 17:48 ./usr/lib/x86_64-linux-gnu/perl5/5.30/XML/Parser/Encodings/windows-1254.enc
-rw-r--r-- root/root      1072 2019-10-03 17:48 ./usr/lib/x86_64-linux-gnu/perl5/5.30/XML/Parser/Encodings/windows-1255.enc
-rw-r--r-- root/root      1072 2019-10-03 17:48 ./usr/lib/x86_64-linux-gnu/perl5/5.30/XML/Parser/Encodings/windows-1256.enc
-rw-r--r-- root/root      1072 2019-10-03 17:48 ./usr/lib/x86_64-linux-gnu/perl5/5.30/XML/Parser/Encodings/windows-1257.enc
-rw-r--r-- root/root      1072 2019-10-03 17:48 ./usr/lib/x86_64-linux-gnu/perl5/5.30/XML/Parser/Encodings/windows-1258.enc
-rw-r--r-- root/root     37890 2019-10-03 17:48 ./usr/lib/x86_64-linux-gnu/perl5/5.30/XML/Parser/Encodings/x-euc-jp-jisx0221.enc
-rw-r--r-- root/root     37890 2019-10-03 17:48 ./usr/lib/x86_64-linux-gnu/perl5/5.30/XML/Parser/Encodings/x-euc-jp-unicode.enc
-rw-r--r-- root/root     20368 2019-10-03 17:48 ./usr/lib/x86_64-linux-gnu/perl5/5.30/XML/Parser/Encodings/x-sjis-cp932.enc
-rw-r--r-- root/root     18202 2019-10-03 17:48 ./usr/lib/x86_64-linux-gnu/perl5/5.30/XML/Parser/Encodings/x-sjis-jdk117.enc
-rw-r--r-- root/root     18202 2019-10-03 17:48 ./usr/lib/x86_64-linux-gnu/perl5/5.30/XML/Parser/Encodings/x-sjis-jisx0221.enc
-rw-r--r-- root/root     18202 2019-10-03 17:48 ./usr/lib/x86_64-linux-gnu/perl5/5.30/XML/Parser/Encodings/x-sjis-unicode.enc
-rw-r--r-- root/root     35152 2019-09-24 05:21 ./usr/lib/x86_64-linux-gnu/perl5/5.30/XML/Parser/Expat.pm
-rw-r--r-- root/root      1582 2019-09-24 03:18 ./usr/lib/x86_64-linux-gnu/perl5/5.30/XML/Parser/LWPExternEnt.pl
drwxr-xr-x root/root         0 2019-10-03 17:48 ./usr/lib/x86_64-linux-gnu/perl5/5.30/XML/Parser/Style/
-rw-r--r-- root/root      1028 2019-09-24 03:18 ./usr/lib/x86_64-linux-gnu/perl5/5.30/XML/Parser/Style/Debug.pm
-rw-r--r-- root/root      1866 2019-09-24 03:18 ./usr/lib/x86_64-linux-gnu/perl5/5.30/XML/Parser/Style/Objects.pm
-rw-r--r-- root/root      3629 2019-09-24 03:18 ./usr/lib/x86_64-linux-gnu/perl5/5.30/XML/Parser/Style/Stream.pm
-rw-r--r-- root/root      1151 2019-09-24 03:18 ./usr/lib/x86_64-linux-gnu/perl5/5.30/XML/Parser/Style/Subs.pm
-rw-r--r-- root/root      2282 2019-09-24 03:18 ./usr/lib/x86_64-linux-gnu/perl5/5.30/XML/Parser/Style/Tree.pm
drwxr-xr-x root/root         0 2019-10-03 17:48 ./usr/lib/x86_64-linux-gnu/perl5/5.30/auto/
drwxr-xr-x root/root         0 2019-10-03 17:48 ./usr/lib/x86_64-linux-gnu/perl5/5.30/auto/XML/
drwxr-xr-x root/root         0 2019-10-03 17:48 ./usr/lib/x86_64-linux-gnu/perl5/5.30/auto/XML/Parser/
drwxr-xr-x root/root         0 2019-10-03 17:48 ./usr/lib/x86_64-linux-gnu/perl5/5.30/auto/XML/Parser/Expat/
-rw-r--r-- root/root     88072 2019-10-03 17:48 ./usr/lib/x86_64-linux-gnu/perl5/5.30/auto/XML/Parser/Expat/Expat.so
drwxr-xr-x root/root         0 2019-10-03 17:48 ./usr/share/
drwxr-xr-x root/root         0 2019-10-03 17:48 ./usr/share/doc-base/
-rw-r--r-- root/root       270 2019-10-03 17:42 ./usr/share/doc-base/libxml-parser-perl
drwxr-xr-x root/root         0 2019-10-03 17:48 ./usr/share/doc/
drwxr-xr-x root/root         0 2019-10-03 17:48 ./usr/share/doc/libxml-parser-perl/
drwxr-xr-x root/root         0 2019-10-03 17:48 ./usr/share/doc/libxml-parser-perl/Encodings/
-rw-r--r-- root/root      2014 2019-09-24 03:18 ./usr/share/doc/libxml-parser-perl/Encodings/Japanese_Encodings.msg.gz
-rw-r--r-- root/root      1950 2019-09-24 03:18 ./usr/share/doc/libxml-parser-perl/Encodings/README
-rw-r--r-- root/root      4655 2019-10-03 17:48 ./usr/share/doc/libxml-parser-perl/changelog.Debian.gz
-rw-r--r-- root/root     11078 2019-09-24 05:26 ./usr/share/doc/libxml-parser-perl/changelog.gz
-rw-r--r-- root/root      1593 2019-03-12 21:17 ./usr/share/doc/libxml-parser-perl/copyright
drwxr-xr-x root/root         0 2019-10-03 17:48 ./usr/share/doc/libxml-parser-perl/examples/
-rw-r--r-- root/root    159357 2016-04-13 04:36 ./usr/share/doc/libxml-parser-perl/examples/REC-xml-19980210.xml
-rwxr-xr-x root/root      2841 2019-10-03 17:48 ./usr/share/doc/libxml-parser-perl/examples/canonical
-rw-r--r-- root/root       510 2016-04-13 04:36 ./usr/share/doc/libxml-parser-perl/examples/canontst.xml
-rw-r--r-- root/root        71 2016-04-13 04:36 ./usr/share/doc/libxml-parser-perl/examples/ctest.dtd
-rwxr-xr-x root/root       684 2019-10-03 17:48 ./usr/share/doc/libxml-parser-perl/examples/xmlcomments
-rwxr-xr-x root/root      6405 2019-10-03 17:48 ./usr/share/doc/libxml-parser-perl/examples/xmlfilter
-rwxr-xr-x root/root      3444 2019-10-03 17:48 ./usr/share/doc/libxml-parser-perl/examples/xmlstats
drwxr-xr-x root/root         0 2019-10-03 17:48 ./usr/share/man/
drwxr-xr-x root/root         0 2019-10-03 17:48 ./usr/share/man/man3/
-rw-r--r-- root/root      8244 2019-10-03 17:48 ./usr/share/man/man3/XML::Parser.3pm.gz
-rw-r--r-- root/root      8175 2019-10-03 17:48 ./usr/share/man/man3/XML::Parser::Expat.3pm.gz
-rw-r--r-- root/root      1272 2019-10-03 17:48 ./usr/share/man/man3/XML::Parser::Style::Debug.3pm.gz
-rw-r--r-- root/root      1473 2019-10-03 17:48 ./usr/share/man/man3/XML::Parser::Style::Objects.3pm.gz
-rw-r--r-- root/root      1796 2019-10-03 17:48 ./usr/share/man/man3/XML::Parser::Style::Stream.3pm.gz
-rw-r--r-- root/root      1430 2019-10-03 17:48 ./usr/share/man/man3/XML::Parser::Style::Subs.3pm.gz
-rw-r--r-- root/root      1735 2019-10-03 17:48 ./usr/share/man/man3/XML::Parser::Style::Tree.3pm.gz


+------------------------------------------------------------------------------+
| Post Build                                                                   |
+------------------------------------------------------------------------------+


+------------------------------------------------------------------------------+
| Cleanup                                                                      |
+------------------------------------------------------------------------------+

Purging /<<BUILDDIR>>
Not cleaning session: cloned chroot in use

+------------------------------------------------------------------------------+
| Summary                                                                      |
+------------------------------------------------------------------------------+

Build Architecture: amd64
Build Type: binary
Build-Space: 4072
Build-Time: 6
Distribution: unstable
Host Architecture: amd64
Install-Time: 7
Job: libxml-parser-perl_2.46-1
Machine Architecture: amd64
Package: libxml-parser-perl
Package-Time: 27
Source-Version: 2.46-1
Space: 4072
Status: successful
Version: 2.46-1
--------------------------------------------------------------------------------
Finished at 2020-02-24T22:59:18Z
Build needed 00:00:27, 4072k disk space
DC-Status: OK 29.078547169s
DC-Time-Estimation: 29.078547169 versus expected 200 (r/m: 5.877922711806442 ; m: 29.078547169)
