DC-Build-Header: osmcoastline 2.2.4-1 / 2020-02-25 00:49:02 +0000
DC-Task: type:rebuild-binarch-only source:osmcoastline version:2.2.4-1 chroot:unstable esttime:148 logfile:/tmp/osmcoastline_2.2.4-1_unstable_clang10.log modes:clang10:binarch-only
DC-Sbuild-call: su user42 -c 'sbuild -n --arch-any --apt-update -d unstable -v --no-run-lintian --chroot-setup-commands=/tmp/clang10 osmcoastline_2.2.4-1'
sbuild (Debian sbuild) 0.78.1 (09 February 2019) on ip-172-31-8-228.eu-central-1.compute.internal

+==============================================================================+
| osmcoastline 2.2.4-1 (amd64)                 Tue, 25 Feb 2020 00:49:03 +0000 |
+==============================================================================+

Package: osmcoastline
Version: 2.2.4-1
Source Version: 2.2.4-1
Distribution: unstable
Machine Architecture: amd64
Host Architecture: amd64
Build Architecture: amd64
Build Type: binary

I: NOTICE: Log filtering will replace 'var/run/schroot/mount/sid-amd64-sbuild-e6642f3a-824e-438b-921a-932abbac3c4a' with '<<CHROOT>>'

+------------------------------------------------------------------------------+
| Chroot Setup Commands                                                        |
+------------------------------------------------------------------------------+


/tmp/clang10
------------

+ echo 'Entering customization script...'
Entering customization script...
+ CLANG_VERSION=10
+ echo 'Install of clang-10'
Install of clang-10
+ apt-get update
Get:1 http://127.0.0.1:12990/debian sid InRelease [142 kB]
Get:2 http://127.0.0.1:12990/debian sid/main Sources.diff/Index [27.9 kB]
Get:3 http://127.0.0.1:12990/debian sid/main amd64 Packages.diff/Index [27.9 kB]
Get:4 http://127.0.0.1:12990/debian sid/main Sources 2020-02-24-0823.32.pdiff [11.0 kB]
Get:5 http://127.0.0.1:12990/debian sid/main Sources 2020-02-24-1420.34.pdiff [30.2 kB]
Get:6 http://127.0.0.1:12990/debian sid/main Sources 2020-02-24-2014.03.pdiff [16.9 kB]
Get:6 http://127.0.0.1:12990/debian sid/main Sources 2020-02-24-2014.03.pdiff [16.9 kB]
Get:7 http://127.0.0.1:12990/debian sid/main amd64 Packages 2020-02-24-0823.32.pdiff [15.5 kB]
Get:8 http://127.0.0.1:12990/debian sid/main amd64 Packages 2020-02-24-1420.34.pdiff [27.5 kB]
Get:9 http://127.0.0.1:12990/debian sid/main amd64 Packages 2020-02-24-2014.03.pdiff [21.6 kB]
Get:9 http://127.0.0.1:12990/debian sid/main amd64 Packages 2020-02-24-2014.03.pdiff [21.6 kB]
Get:10 http://127.0.0.1:12990/debian sid/main Translation-en [6193 kB]
Fetched 6514 kB in 2s (2864 kB/s)
Reading package lists...
+ apt-get install --yes --no-install-recommends --force-yes clang-10 libomp-10-dev libobjc-9-dev
Reading package lists...
Building dependency tree...
The following additional packages will be installed:
  lib32gcc-s1 lib32gcc1 lib32stdc++6 libbsd0 libc6-i386 libclang-common-10-dev
  libclang-cpp10 libclang1-10 libedit2 libgc1c2 libllvm10 libobjc4 libomp5-10
  libz3-4
Suggested packages:
  clang-10-doc libomp-10-doc
Recommended packages:
  llvm-10-dev python3
The following NEW packages will be installed:
  clang-10 lib32gcc-s1 lib32gcc1 lib32stdc++6 libbsd0 libc6-i386
  libclang-common-10-dev libclang-cpp10 libclang1-10 libedit2 libgc1c2
  libllvm10 libobjc-9-dev libobjc4 libomp-10-dev libomp5-10 libz3-4
0 upgraded, 17 newly installed, 0 to remove and 1 not upgraded.
Need to get 46.4 MB of archives.
After this operation, 238 MB of additional disk space will be used.
Get:1 http://127.0.0.1:12990/debian sid/main amd64 libbsd0 amd64 0.10.0-1 [107 kB]
Get:2 http://127.0.0.1:12990/debian sid/main amd64 libedit2 amd64 3.1-20191231-1 [95.4 kB]
Get:3 http://127.0.0.1:12990/debian sid/main amd64 libz3-4 amd64 4.8.7-4 [6790 kB]
Get:4 http://127.0.0.1:12990/debian sid/main amd64 libllvm10 amd64 1:10.0.0~+rc2-1 [15.5 MB]
Get:5 http://127.0.0.1:12990/debian sid/main amd64 libclang-cpp10 amd64 1:10.0.0~+rc2-1 [9069 kB]
Get:6 http://127.0.0.1:12990/debian sid/main amd64 libgc1c2 amd64 1:7.6.4-0.4 [224 kB]
Get:7 http://127.0.0.1:12990/debian sid/main amd64 libobjc4 amd64 10-20200222-1 [41.6 kB]
Get:8 http://127.0.0.1:12990/debian sid/main amd64 libobjc-9-dev amd64 9.2.1-29 [219 kB]
Get:9 http://127.0.0.1:12990/debian sid/main amd64 libc6-i386 amd64 2.29-10 [2918 kB]
Get:10 http://127.0.0.1:12990/debian sid/main amd64 lib32gcc-s1 amd64 10-20200222-1 [49.4 kB]
Get:11 http://127.0.0.1:12990/debian sid/main amd64 lib32gcc1 amd64 1:10-20200222-1 [1104 B]
Get:12 http://127.0.0.1:12990/debian sid/main amd64 lib32stdc++6 amd64 10-20200222-1 [510 kB]
Get:13 http://127.0.0.1:12990/debian sid/main amd64 libclang-common-10-dev amd64 1:10.0.0~+rc2-1 [2782 kB]
Get:14 http://127.0.0.1:12990/debian sid/main amd64 libclang1-10 amd64 1:10.0.0~+rc2-1 [7607 kB]
Get:15 http://127.0.0.1:12990/debian sid/main amd64 clang-10 amd64 1:10.0.0~+rc2-1 [103 kB]
Get:16 http://127.0.0.1:12990/debian sid/main amd64 libomp5-10 amd64 1:10.0.0~+rc2-1 [337 kB]
Get:17 http://127.0.0.1:12990/debian sid/main amd64 libomp-10-dev amd64 1:10.0.0~+rc2-1 [84.3 kB]
debconf: delaying package configuration, since apt-utils is not installed
Fetched 46.4 MB in 1s (61.9 MB/s)
Selecting previously unselected package libbsd0:amd64.
(Reading database ... (Reading database ... 5%(Reading database ... 10%(Reading database ... 15%(Reading database ... 20%(Reading database ... 25%(Reading database ... 30%(Reading database ... 35%(Reading database ... 40%(Reading database ... 45%(Reading database ... 50%(Reading database ... 55%(Reading database ... 60%(Reading database ... 65%(Reading database ... 70%(Reading database ... 75%(Reading database ... 80%(Reading database ... 85%(Reading database ... 90%(Reading database ... 95%(Reading database ... 100%(Reading database ... 12119 files and directories currently installed.)
Preparing to unpack .../00-libbsd0_0.10.0-1_amd64.deb ...
Unpacking libbsd0:amd64 (0.10.0-1) ...
Selecting previously unselected package libedit2:amd64.
Preparing to unpack .../01-libedit2_3.1-20191231-1_amd64.deb ...
Unpacking libedit2:amd64 (3.1-20191231-1) ...
Selecting previously unselected package libz3-4:amd64.
Preparing to unpack .../02-libz3-4_4.8.7-4_amd64.deb ...
Unpacking libz3-4:amd64 (4.8.7-4) ...
Selecting previously unselected package libllvm10:amd64.
Preparing to unpack .../03-libllvm10_1%3a10.0.0~+rc2-1_amd64.deb ...
Unpacking libllvm10:amd64 (1:10.0.0~+rc2-1) ...
Selecting previously unselected package libclang-cpp10.
Preparing to unpack .../04-libclang-cpp10_1%3a10.0.0~+rc2-1_amd64.deb ...
Unpacking libclang-cpp10 (1:10.0.0~+rc2-1) ...
Selecting previously unselected package libgc1c2:amd64.
Preparing to unpack .../05-libgc1c2_1%3a7.6.4-0.4_amd64.deb ...
Unpacking libgc1c2:amd64 (1:7.6.4-0.4) ...
Selecting previously unselected package libobjc4:amd64.
Preparing to unpack .../06-libobjc4_10-20200222-1_amd64.deb ...
Unpacking libobjc4:amd64 (10-20200222-1) ...
Selecting previously unselected package libobjc-9-dev:amd64.
Preparing to unpack .../07-libobjc-9-dev_9.2.1-29_amd64.deb ...
Unpacking libobjc-9-dev:amd64 (9.2.1-29) ...
Selecting previously unselected package libc6-i386.
Preparing to unpack .../08-libc6-i386_2.29-10_amd64.deb ...
Unpacking libc6-i386 (2.29-10) ...
Selecting previously unselected package lib32gcc-s1.
Preparing to unpack .../09-lib32gcc-s1_10-20200222-1_amd64.deb ...
Unpacking lib32gcc-s1 (10-20200222-1) ...
Selecting previously unselected package lib32gcc1.
Preparing to unpack .../10-lib32gcc1_1%3a10-20200222-1_amd64.deb ...
Unpacking lib32gcc1 (1:10-20200222-1) ...
Selecting previously unselected package lib32stdc++6.
Preparing to unpack .../11-lib32stdc++6_10-20200222-1_amd64.deb ...
Unpacking lib32stdc++6 (10-20200222-1) ...
Selecting previously unselected package libclang-common-10-dev.
Preparing to unpack .../12-libclang-common-10-dev_1%3a10.0.0~+rc2-1_amd64.deb ...
Unpacking libclang-common-10-dev (1:10.0.0~+rc2-1) ...
Selecting previously unselected package libclang1-10.
Preparing to unpack .../13-libclang1-10_1%3a10.0.0~+rc2-1_amd64.deb ...
Unpacking libclang1-10 (1:10.0.0~+rc2-1) ...
Selecting previously unselected package clang-10.
Preparing to unpack .../14-clang-10_1%3a10.0.0~+rc2-1_amd64.deb ...
Unpacking clang-10 (1:10.0.0~+rc2-1) ...
Selecting previously unselected package libomp5-10:amd64.
Preparing to unpack .../15-libomp5-10_1%3a10.0.0~+rc2-1_amd64.deb ...
Unpacking libomp5-10:amd64 (1:10.0.0~+rc2-1) ...
Selecting previously unselected package libomp-10-dev.
Preparing to unpack .../16-libomp-10-dev_1%3a10.0.0~+rc2-1_amd64.deb ...
Unpacking libomp-10-dev (1:10.0.0~+rc2-1) ...
Setting up libgc1c2:amd64 (1:7.6.4-0.4) ...
Setting up libobjc4:amd64 (10-20200222-1) ...
Setting up libz3-4:amd64 (4.8.7-4) ...
Setting up libobjc-9-dev:amd64 (9.2.1-29) ...
Setting up libomp5-10:amd64 (1:10.0.0~+rc2-1) ...
Setting up libc6-i386 (2.29-10) ...
Setting up libbsd0:amd64 (0.10.0-1) ...
Setting up libomp-10-dev (1:10.0.0~+rc2-1) ...
Setting up libedit2:amd64 (3.1-20191231-1) ...
Setting up libllvm10:amd64 (1:10.0.0~+rc2-1) ...
Setting up lib32gcc-s1 (10-20200222-1) ...
Setting up libclang1-10 (1:10.0.0~+rc2-1) ...
Setting up lib32gcc1 (1:10-20200222-1) ...
Setting up libclang-cpp10 (1:10.0.0~+rc2-1) ...
Setting up lib32stdc++6 (10-20200222-1) ...
Setting up libclang-common-10-dev (1:10.0.0~+rc2-1) ...
Setting up clang-10 (1:10.0.0~+rc2-1) ...
Processing triggers for libc-bin (2.29-10) ...
W: --force-yes is deprecated, use one of the options starting with --allow instead.
+ echo 'Replace gcc, g++ & cpp by clang'
Replace gcc, g++ & cpp by clang
+ VERSIONS='4.6 4.7 4.8 4.9 5 6 7 8 9 10'
+ cd /usr/bin
+ for VERSION in $VERSIONS
+ rm -f g++-4.6 gcc-4.6 cpp-4.6 gcc
+ ln -s clang++-10 g++-4.6
+ ln -s clang-10 gcc-4.6
+ ln -s clang-10 cpp-4.6
+ ln -s clang-10 gcc
+ dpkg --set-selections
+ echo 'gcc-4.6 hold'
dpkg: warning: package not in status nor available database at line 1: gcc-4.6
dpkg: warning: found unknown packages; this might mean the available database
is outdated, and needs to be updated through a frontend method;
please see the FAQ <https://wiki.debian.org/Teams/Dpkg/FAQ>
+ dpkg --set-selections
+ echo 'g++-4.6 hold'
dpkg: warning: package not in status nor available database at line 1: g++-4.6
dpkg: warning: found unknown packages; this might mean the available database
is outdated, and needs to be updated through a frontend method;
please see the FAQ <https://wiki.debian.org/Teams/Dpkg/FAQ>
+ for VERSION in $VERSIONS
+ rm -f g++-4.7 gcc-4.7 cpp-4.7 gcc
+ ln -s clang++-10 g++-4.7
+ ln -s clang-10 gcc-4.7
+ ln -s clang-10 cpp-4.7
+ ln -s clang-10 gcc
+ echo 'gcc-4.7 hold'
+ dpkg --set-selections
dpkg: warning: package not in status nor available database at line 1: gcc-4.7
dpkg: warning: found unknown packages; this might mean the available database
is outdated, and needs to be updated through a frontend method;
please see the FAQ <https://wiki.debian.org/Teams/Dpkg/FAQ>
+ echo 'g++-4.7 hold'
+ dpkg --set-selections
dpkg: warning: package not in status nor available database at line 1: g++-4.7
dpkg: warning: found unknown packages; this might mean the available database
is outdated, and needs to be updated through a frontend method;
please see the FAQ <https://wiki.debian.org/Teams/Dpkg/FAQ>
+ for VERSION in $VERSIONS
+ rm -f g++-4.8 gcc-4.8 cpp-4.8 gcc
+ ln -s clang++-10 g++-4.8
+ ln -s clang-10 gcc-4.8
+ ln -s clang-10 cpp-4.8
+ ln -s clang-10 gcc
+ echo 'gcc-4.8 hold'
+ dpkg --set-selections
dpkg: warning: package not in status nor available database at line 1: gcc-4.8
dpkg: warning: found unknown packages; this might mean the available database
is outdated, and needs to be updated through a frontend method;
please see the FAQ <https://wiki.debian.org/Teams/Dpkg/FAQ>
+ echo 'g++-4.8 hold'
+ dpkg --set-selections
dpkg: warning: package not in status nor available database at line 1: g++-4.8
dpkg: warning: found unknown packages; this might mean the available database
is outdated, and needs to be updated through a frontend method;
please see the FAQ <https://wiki.debian.org/Teams/Dpkg/FAQ>
+ for VERSION in $VERSIONS
+ rm -f g++-4.9 gcc-4.9 cpp-4.9 gcc
+ ln -s clang++-10 g++-4.9
+ ln -s clang-10 gcc-4.9
+ ln -s clang-10 cpp-4.9
+ ln -s clang-10 gcc
+ echo 'gcc-4.9 hold'
+ dpkg --set-selections
dpkg: warning: package not in status nor available database at line 1: gcc-4.9
dpkg: warning: found unknown packages; this might mean the available database
is outdated, and needs to be updated through a frontend method;
please see the FAQ <https://wiki.debian.org/Teams/Dpkg/FAQ>
+ echo 'g++-4.9 hold'
+ dpkg --set-selections
dpkg: warning: package not in status nor available database at line 1: g++-4.9
dpkg: warning: found unknown packages; this might mean the available database
is outdated, and needs to be updated through a frontend method;
please see the FAQ <https://wiki.debian.org/Teams/Dpkg/FAQ>
+ for VERSION in $VERSIONS
+ rm -f g++-5 gcc-5 cpp-5 gcc
+ ln -s clang++-10 g++-5
+ ln -s clang-10 gcc-5
+ ln -s clang-10 cpp-5
+ ln -s clang-10 gcc
+ echo 'gcc-5 hold'
+ dpkg --set-selections
dpkg: warning: package not in status nor available database at line 1: gcc-5
dpkg: warning: found unknown packages; this might mean the available database
is outdated, and needs to be updated through a frontend method;
please see the FAQ <https://wiki.debian.org/Teams/Dpkg/FAQ>
+ echo 'g++-5 hold'
+ dpkg --set-selections
dpkg: warning: package not in status nor available database at line 1: g++-5
dpkg: warning: found unknown packages; this might mean the available database
is outdated, and needs to be updated through a frontend method;
please see the FAQ <https://wiki.debian.org/Teams/Dpkg/FAQ>
+ for VERSION in $VERSIONS
+ rm -f g++-6 gcc-6 cpp-6 gcc
+ ln -s clang++-10 g++-6
+ ln -s clang-10 gcc-6
+ ln -s clang-10 cpp-6
+ ln -s clang-10 gcc
+ echo 'gcc-6 hold'
+ dpkg --set-selections
dpkg: warning: package not in status nor available database at line 1: gcc-6
dpkg: warning: found unknown packages; this might mean the available database
is outdated, and needs to be updated through a frontend method;
please see the FAQ <https://wiki.debian.org/Teams/Dpkg/FAQ>
+ echo 'g++-6 hold'
+ dpkg --set-selections
dpkg: warning: package not in status nor available database at line 1: g++-6
dpkg: warning: found unknown packages; this might mean the available database
is outdated, and needs to be updated through a frontend method;
please see the FAQ <https://wiki.debian.org/Teams/Dpkg/FAQ>
+ for VERSION in $VERSIONS
+ rm -f g++-7 gcc-7 cpp-7 gcc
+ ln -s clang++-10 g++-7
+ ln -s clang-10 gcc-7
+ ln -s clang-10 cpp-7
+ ln -s clang-10 gcc
+ echo 'gcc-7 hold'
+ dpkg --set-selections
dpkg: warning: package not in status nor available database at line 1: gcc-7
dpkg: warning: found unknown packages; this might mean the available database
is outdated, and needs to be updated through a frontend method;
please see the FAQ <https://wiki.debian.org/Teams/Dpkg/FAQ>
+ echo 'g++-7 hold'
+ dpkg --set-selections
dpkg: warning: package not in status nor available database at line 1: g++-7
dpkg: warning: found unknown packages; this might mean the available database
is outdated, and needs to be updated through a frontend method;
please see the FAQ <https://wiki.debian.org/Teams/Dpkg/FAQ>
+ for VERSION in $VERSIONS
+ rm -f g++-8 gcc-8 cpp-8 gcc
+ ln -s clang++-10 g++-8
+ ln -s clang-10 gcc-8
+ ln -s clang-10 cpp-8
+ ln -s clang-10 gcc
+ echo 'gcc-8 hold'
+ dpkg --set-selections
dpkg: warning: package not in status nor available database at line 1: gcc-8
dpkg: warning: found unknown packages; this might mean the available database
is outdated, and needs to be updated through a frontend method;
please see the FAQ <https://wiki.debian.org/Teams/Dpkg/FAQ>
+ echo 'g++-8 hold'
+ dpkg --set-selections
dpkg: warning: package not in status nor available database at line 1: g++-8
dpkg: warning: found unknown packages; this might mean the available database
is outdated, and needs to be updated through a frontend method;
please see the FAQ <https://wiki.debian.org/Teams/Dpkg/FAQ>
+ for VERSION in $VERSIONS
+ rm -f g++-9 gcc-9 cpp-9 gcc
+ ln -s clang++-10 g++-9
+ ln -s clang-10 gcc-9
+ ln -s clang-10 cpp-9
+ ln -s clang-10 gcc
+ echo 'gcc-9 hold'
+ dpkg --set-selections
+ echo 'g++-9 hold'
+ dpkg --set-selections
+ for VERSION in $VERSIONS
+ rm -f g++-10 gcc-10 cpp-10 gcc
+ ln -s clang++-10 g++-10
+ ln -s clang-10 gcc-10
+ ln -s clang-10 cpp-10
+ ln -s clang-10 gcc
+ echo 'gcc-10 hold'
+ dpkg --set-selections
dpkg: warning: package not in status nor available database at line 1: gcc-10
dpkg: warning: found unknown packages; this might mean the available database
is outdated, and needs to be updated through a frontend method;
please see the FAQ <https://wiki.debian.org/Teams/Dpkg/FAQ>
+ echo 'g++-10 hold'
+ dpkg --set-selections
dpkg: warning: package not in status nor available database at line 1: g++-10
dpkg: warning: found unknown packages; this might mean the available database
is outdated, and needs to be updated through a frontend method;
please see the FAQ <https://wiki.debian.org/Teams/Dpkg/FAQ>
+ cd -
/build/osmcoastline-6C3Sbp
+ echo 'Check if gcc, g++ & cpp are actually clang'
Check if gcc, g++ & cpp are actually clang
+ gcc --version
+ grep clang
+ grep clang
+ cpp --version
+ g++ --version
+ grep clang

I: Finished running '/tmp/clang10'.

Finished processing commands.
--------------------------------------------------------------------------------
I: NOTICE: Log filtering will replace 'build/osmcoastline-6C3Sbp/resolver-Q21o86' with '<<RESOLVERDIR>>'

+------------------------------------------------------------------------------+
| Update chroot                                                                |
+------------------------------------------------------------------------------+

Hit:1 http://127.0.0.1:12990/debian sid InRelease
Reading package lists...
Reading package lists...
Building dependency tree...
Reading state information...
Calculating upgrade...
The following packages will be upgraded:
  libgmp10
1 upgraded, 0 newly installed, 0 to remove and 0 not upgraded.
Need to get 253 kB of archives.
After this operation, 0 B of additional disk space will be used.
Get:1 http://127.0.0.1:12990/debian sid/main amd64 libgmp10 amd64 2:6.2.0+dfsg-4 [253 kB]
debconf: delaying package configuration, since apt-utils is not installed
Fetched 253 kB in 0s (4243 kB/s)
(Reading database ... (Reading database ... 5%(Reading database ... 10%(Reading database ... 15%(Reading database ... 20%(Reading database ... 25%(Reading database ... 30%(Reading database ... 35%(Reading database ... 40%(Reading database ... 45%(Reading database ... 50%(Reading database ... 55%(Reading database ... 60%(Reading database ... 65%(Reading database ... 70%(Reading database ... 75%(Reading database ... 80%(Reading database ... 85%(Reading database ... 90%(Reading database ... 95%(Reading database ... 100%(Reading database ... 12960 files and directories currently installed.)
Preparing to unpack .../libgmp10_2%3a6.2.0+dfsg-4_amd64.deb ...
Unpacking libgmp10:amd64 (2:6.2.0+dfsg-4) over (2:6.2.0+dfsg-3) ...
Setting up libgmp10:amd64 (2:6.2.0+dfsg-4) ...
Processing triggers for libc-bin (2.29-10) ...

+------------------------------------------------------------------------------+
| Fetch source files                                                           |
+------------------------------------------------------------------------------+


Check APT
---------

Checking available source versions...

Download source files with APT
------------------------------

Reading package lists...
NOTICE: 'osmcoastline' packaging is maintained in the 'Git' version control system at:
https://salsa.debian.org/debian-gis-team/osmcoastline.git
Please use:
git clone https://salsa.debian.org/debian-gis-team/osmcoastline.git
to retrieve the latest (possibly unreleased) updates to the package.
Need to get 113 kB of source archives.
Get:1 http://127.0.0.1:12990/debian sid/main osmcoastline 2.2.4-1 (dsc) [2121 B]
Get:2 http://127.0.0.1:12990/debian sid/main osmcoastline 2.2.4-1 (tar) [107 kB]
Get:3 http://127.0.0.1:12990/debian sid/main osmcoastline 2.2.4-1 (diff) [3768 B]
Fetched 113 kB in 0s (1156 kB/s)
Download complete and in download only mode
I: NOTICE: Log filtering will replace 'build/osmcoastline-6C3Sbp/osmcoastline-2.2.4' with '<<PKGBUILDDIR>>'
I: NOTICE: Log filtering will replace 'build/osmcoastline-6C3Sbp' with '<<BUILDDIR>>'

+------------------------------------------------------------------------------+
| Install package build dependencies                                           |
+------------------------------------------------------------------------------+


Setup apt archive
-----------------

Merged Build-Depends: debhelper (>= 9), cmake, libbz2-dev, libexpat1-dev, libgdal-dev, libgeos++-dev, libosmium2-dev (>= 2.13.1), libgdalcpp-dev, libspatialite-dev, pandoc, spatialite-bin, sqlite3, zlib1g-dev, build-essential, fakeroot
Filtered Build-Depends: debhelper (>= 9), cmake, libbz2-dev, libexpat1-dev, libgdal-dev, libgeos++-dev, libosmium2-dev (>= 2.13.1), libgdalcpp-dev, libspatialite-dev, pandoc, spatialite-bin, sqlite3, zlib1g-dev, build-essential, fakeroot
dpkg-deb: building package 'sbuild-build-depends-main-dummy' in '/<<RESOLVERDIR>>/apt_archive/sbuild-build-depends-main-dummy.deb'.
Ign:1 copy:/<<RESOLVERDIR>>/apt_archive ./ InRelease
Get:2 copy:/<<RESOLVERDIR>>/apt_archive ./ Release [957 B]
Ign:3 copy:/<<RESOLVERDIR>>/apt_archive ./ Release.gpg
Get:4 copy:/<<RESOLVERDIR>>/apt_archive ./ Sources [444 B]
Get:5 copy:/<<RESOLVERDIR>>/apt_archive ./ Packages [530 B]
Fetched 1931 B in 0s (92.1 kB/s)
Reading package lists...
Reading package lists...

Install main build dependencies (apt-based resolver)
----------------------------------------------------

Installing build dependencies
Reading package lists...
Building dependency tree...
Reading state information...
The following additional packages will be installed:
  autoconf automake autopoint autotools-dev bsdmainutils cmake cmake-data
  debhelper default-libmysqlclient-dev dh-autoreconf dh-strip-nondeterminism
  dwz file fontconfig-config fonts-dejavu-core gdal-data gettext gettext-base
  groff-base hdf5-helpers icu-devtools intltool-debian libaec-dev libaec0
  libarchive-zip-perl libarchive13 libarmadillo-dev libarmadillo9 libarpack2
  libarpack2-dev libblas-dev libblas3 libboost-dev libboost1.67-dev libbrotli1
  libbz2-dev libcfitsio-dev libcfitsio8 libcharls-dev libcharls2 libcroco3
  libcurl3-gnutls libcurl4 libcurl4-gnutls-dev libdap-dev libdap25
  libdapclient6v5 libdapserver7v5 libdebhelper-perl libelf1 libepsilon-dev
  libepsilon1 libevent-2.1-7 libexpat1 libexpat1-dev
  libfile-stripnondeterminism-perl libfontconfig1 libfreetype6 libfreexl-dev
  libfreexl1 libfyba-dev libfyba0 libgdal-dev libgdal26 libgeos++-dev
  libgeos-3.8.0 libgeos-c1v5 libgeos-dev libgeotiff-dev libgeotiff5
  libgfortran5 libgif-dev libgif7 libglib2.0-0 libgmp-dev libgmpxx4ldbl
  libgnutls-dane0 libgnutls-openssl27 libgnutls28-dev libgnutlsxx28
  libgssapi-krb5-2 libhdf4-0-alt libhdf4-alt-dev libhdf5-103 libhdf5-cpp-103
  libhdf5-dev libicu-dev libicu63 libidn2-dev libjbig-dev libjbig0 libjpeg-dev
  libjpeg62-turbo libjpeg62-turbo-dev libjson-c-dev libjson-c4 libjsoncpp1
  libk5crypto3 libkeyutils1 libkml-dev libkmlbase1 libkmlconvenience1
  libkmldom1 libkmlengine1 libkmlregionator1 libkmlxsd1 libkrb5-3
  libkrb5support0 liblapack-dev liblapack3 liblcms2-2 libldap-2.4-2
  libldap-common libltdl-dev libltdl7 liblzma-dev libmagic-mgc libmagic1
  libmariadb-dev libmariadb-dev-compat libmariadb3 libminizip-dev libminizip1
  libncurses6 libnetcdf-dev libnetcdf15 libnghttp2-14 libnspr4 libnss3
  libodbc1 libogdi-dev libogdi4.1 libopenjp2-7 libopenjp2-7-dev libosmium2-dev
  libp11-kit-dev libpcre16-3 libpcre3-dev libpcre32-3 libpcrecpp0v5
  libpipeline1 libpng-dev libpng16-16 libpoppler-dev libpoppler-private-dev
  libpoppler82 libpopt0 libpq-dev libpq5 libprocps8 libproj-dev libproj15
  libprotozero-dev libpsl5 libqhull-dev libqhull-r7 libqhull7 libreadline8
  libreadosm1 librhash0 librtmp1 libsasl2-2 libsasl2-modules-db libsigsegv2
  libspatialite-dev libspatialite7 libsqlite3-0 libsqlite3-dev libssh2-1
  libssl1.1 libsub-override-perl libsuperlu-dev libsuperlu5 libsz2
  libtasn1-6-dev libtiff-dev libtiff5 libtiffxx5 libtool libuchardet0
  libunbound8 liburiparser-dev liburiparser1 libuv1 libwebp-dev libwebp6
  libwebpdemux2 libwebpmux3 libxerces-c-dev libxerces-c3.2 libxml2 libxml2-dev
  libzstd-dev m4 man-db mariadb-common mysql-common nettle-dev odbcinst
  odbcinst1debian2 pandoc pandoc-data pkg-config po-debconf procps proj-data
  readline-common sensible-utils spatialite-bin sqlite3 ucf unixodbc-dev
  uuid-dev zlib1g-dev
Suggested packages:
  autoconf-archive gnu-standards autoconf-doc wamerican | wordlist whois
  vacation cmake-doc ninja-build dh-make gettext-doc libasprintf-dev
  libgettextpo-dev groff lrzip libitpp-dev liblapack-doc libboost-doc
  libboost1.67-doc libboost-atomic1.67-dev libboost-chrono1.67-dev
  libboost-container1.67-dev libboost-context1.67-dev
  libboost-contract1.67-dev libboost-coroutine1.67-dev
  libboost-date-time1.67-dev libboost-exception1.67-dev libboost-fiber1.67-dev
  libboost-filesystem1.67-dev libboost-graph1.67-dev
  libboost-graph-parallel1.67-dev libboost-iostreams1.67-dev
  libboost-locale1.67-dev libboost-log1.67-dev libboost-math1.67-dev
  libboost-mpi1.67-dev libboost-mpi-python1.67-dev libboost-numpy1.67-dev
  libboost-program-options1.67-dev libboost-python1.67-dev
  libboost-random1.67-dev libboost-regex1.67-dev
  libboost-serialization1.67-dev libboost-signals1.67-dev
  libboost-stacktrace1.67-dev libboost-system1.67-dev libboost-test1.67-dev
  libboost-thread1.67-dev libboost-timer1.67-dev libboost-type-erasure1.67-dev
  libboost-wave1.67-dev libboost1.67-tools-dev libmpfrc++-dev libntl-dev
  libcurl4-doc libidn11-dev libkrb5-dev libldap2-dev librtmp-dev libssh2-1-dev
  libgdal-doc libgeotiff-epsg geotiff-bin gdal-bin gmp-doc libgmp10-doc
  libmpfr-dev dns-root-data gnutls-bin gnutls-doc krb5-doc krb5-user
  libhdf4-doc hdf4-tools libhdf5-doc icu-doc liblcms2-utils libtool-doc
  liblzma-doc netcdf-bin netcdf-doc libmyodbc odbc-postgresql tdsodbc
  unixodbc-bin ogdi-bin libosmium2-doc libfreetype6-dev postgresql-doc-12
  proj-bin protozero-doc sqlite3-doc libsuperlu-doc gfortran
  | fortran95-compiler gcj-jdk libxerces-c-doc m4-doc apparmor less
  www-browser texlive-latex-recommended texlive-xetex texlive-luatex
  pandoc-citeproc texlive-latex-extra context wkhtmltopdf librsvg2-bin ghc
  nodejs php python ruby r-base-core libjs-mathjax node-katex libmail-box-perl
  readline-doc
Recommended packages:
  curl | wget | lynx bzip2-doc libcfitsio-doc ca-certificates
  libarchive-cpio-perl proj-bin libglib2.0-data shared-mime-info xdg-user-dirs
  krb5-locales libgpm2 libpng-tools poppler-data publicsuffix libsasl2-modules
  libtasn1-doc libmail-sendmail-perl psmisc
The following NEW packages will be installed:
  autoconf automake autopoint autotools-dev bsdmainutils cmake cmake-data
  debhelper default-libmysqlclient-dev dh-autoreconf dh-strip-nondeterminism
  dwz file fontconfig-config fonts-dejavu-core gdal-data gettext gettext-base
  groff-base hdf5-helpers icu-devtools intltool-debian libaec-dev libaec0
  libarchive-zip-perl libarchive13 libarmadillo-dev libarmadillo9 libarpack2
  libarpack2-dev libblas-dev libblas3 libboost-dev libboost1.67-dev libbrotli1
  libbz2-dev libcfitsio-dev libcfitsio8 libcharls-dev libcharls2 libcroco3
  libcurl3-gnutls libcurl4 libcurl4-gnutls-dev libdap-dev libdap25
  libdapclient6v5 libdapserver7v5 libdebhelper-perl libelf1 libepsilon-dev
  libepsilon1 libevent-2.1-7 libexpat1 libexpat1-dev
  libfile-stripnondeterminism-perl libfontconfig1 libfreetype6 libfreexl-dev
  libfreexl1 libfyba-dev libfyba0 libgdal-dev libgdal26 libgeos++-dev
  libgeos-3.8.0 libgeos-c1v5 libgeos-dev libgeotiff-dev libgeotiff5
  libgfortran5 libgif-dev libgif7 libglib2.0-0 libgmp-dev libgmpxx4ldbl
  libgnutls-dane0 libgnutls-openssl27 libgnutls28-dev libgnutlsxx28
  libgssapi-krb5-2 libhdf4-0-alt libhdf4-alt-dev libhdf5-103 libhdf5-cpp-103
  libhdf5-dev libicu-dev libicu63 libidn2-dev libjbig-dev libjbig0 libjpeg-dev
  libjpeg62-turbo libjpeg62-turbo-dev libjson-c-dev libjson-c4 libjsoncpp1
  libk5crypto3 libkeyutils1 libkml-dev libkmlbase1 libkmlconvenience1
  libkmldom1 libkmlengine1 libkmlregionator1 libkmlxsd1 libkrb5-3
  libkrb5support0 liblapack-dev liblapack3 liblcms2-2 libldap-2.4-2
  libldap-common libltdl-dev libltdl7 liblzma-dev libmagic-mgc libmagic1
  libmariadb-dev libmariadb-dev-compat libmariadb3 libminizip-dev libminizip1
  libncurses6 libnetcdf-dev libnetcdf15 libnghttp2-14 libnspr4 libnss3
  libodbc1 libogdi-dev libogdi4.1 libopenjp2-7 libopenjp2-7-dev libosmium2-dev
  libp11-kit-dev libpcre16-3 libpcre3-dev libpcre32-3 libpcrecpp0v5
  libpipeline1 libpng-dev libpng16-16 libpoppler-dev libpoppler-private-dev
  libpoppler82 libpopt0 libpq-dev libpq5 libprocps8 libproj-dev libproj15
  libprotozero-dev libpsl5 libqhull-dev libqhull-r7 libqhull7 libreadline8
  libreadosm1 librhash0 librtmp1 libsasl2-2 libsasl2-modules-db libsigsegv2
  libspatialite-dev libspatialite7 libsqlite3-0 libsqlite3-dev libssh2-1
  libssl1.1 libsub-override-perl libsuperlu-dev libsuperlu5 libsz2
  libtasn1-6-dev libtiff-dev libtiff5 libtiffxx5 libtool libuchardet0
  libunbound8 liburiparser-dev liburiparser1 libuv1 libwebp-dev libwebp6
  libwebpdemux2 libwebpmux3 libxerces-c-dev libxerces-c3.2 libxml2 libxml2-dev
  libzstd-dev m4 man-db mariadb-common mysql-common nettle-dev odbcinst
  odbcinst1debian2 pandoc pandoc-data pkg-config po-debconf procps proj-data
  readline-common sbuild-build-depends-main-dummy sensible-utils
  spatialite-bin sqlite3 ucf unixodbc-dev uuid-dev zlib1g-dev
0 upgraded, 215 newly installed, 0 to remove and 0 not upgraded.
Need to get 139 MB of archives.
After this operation, 737 MB of additional disk space will be used.
Get:1 copy:/<<RESOLVERDIR>>/apt_archive ./ sbuild-build-depends-main-dummy 0.invalid.0 [952 B]
Get:2 http://127.0.0.1:12990/debian sid/main amd64 bsdmainutils amd64 11.1.2+b1 [191 kB]
Get:3 http://127.0.0.1:12990/debian sid/main amd64 libuchardet0 amd64 0.0.6-3 [64.9 kB]
Get:4 http://127.0.0.1:12990/debian sid/main amd64 groff-base amd64 1.22.4-4 [919 kB]
Get:5 http://127.0.0.1:12990/debian sid/main amd64 libpipeline1 amd64 1.5.2-2 [33.9 kB]
Get:6 http://127.0.0.1:12990/debian sid/main amd64 man-db amd64 2.9.0-2 [1307 kB]
Get:7 http://127.0.0.1:12990/debian sid/main amd64 readline-common all 8.0-3 [72.5 kB]
Get:8 http://127.0.0.1:12990/debian sid/main amd64 libreadline8 amd64 8.0-3 [160 kB]
Get:9 http://127.0.0.1:12990/debian sid/main amd64 libncurses6 amd64 6.1+20191019-1 [102 kB]
Get:10 http://127.0.0.1:12990/debian sid/main amd64 libprocps8 amd64 2:3.3.16-1+b1 [62.8 kB]
Get:11 http://127.0.0.1:12990/debian sid/main amd64 procps amd64 2:3.3.16-1+b1 [263 kB]
Get:12 http://127.0.0.1:12990/debian sid/main amd64 sensible-utils all 0.0.12+nmu1 [16.0 kB]
Get:13 http://127.0.0.1:12990/debian sid/main amd64 libmagic-mgc amd64 1:5.38-4 [262 kB]
Get:14 http://127.0.0.1:12990/debian sid/main amd64 libmagic1 amd64 1:5.38-4 [120 kB]
Get:15 http://127.0.0.1:12990/debian sid/main amd64 file amd64 1:5.38-4 [67.9 kB]
Get:16 http://127.0.0.1:12990/debian sid/main amd64 gettext-base amd64 0.19.8.1-10 [123 kB]
Get:17 http://127.0.0.1:12990/debian sid/main amd64 ucf all 3.0038+nmu1 [69.0 kB]
Get:18 http://127.0.0.1:12990/debian sid/main amd64 libsigsegv2 amd64 2.12-2 [32.8 kB]
Get:19 http://127.0.0.1:12990/debian sid/main amd64 m4 amd64 1.4.18-4 [203 kB]
Get:20 http://127.0.0.1:12990/debian sid/main amd64 autoconf all 2.69-11.1 [341 kB]
Get:21 http://127.0.0.1:12990/debian sid/main amd64 autotools-dev all 20180224.1 [77.0 kB]
Get:22 http://127.0.0.1:12990/debian sid/main amd64 automake all 1:1.16.1-4 [771 kB]
Get:23 http://127.0.0.1:12990/debian sid/main amd64 autopoint all 0.19.8.1-10 [435 kB]
Get:24 http://127.0.0.1:12990/debian sid/main amd64 cmake-data all 3.16.3-1 [1628 kB]
Get:25 http://127.0.0.1:12990/debian sid/main amd64 libicu63 amd64 63.2-2 [8301 kB]
Get:26 http://127.0.0.1:12990/debian sid/main amd64 libxml2 amd64 2.9.10+dfsg-3 [709 kB]
Get:27 http://127.0.0.1:12990/debian sid/main amd64 libarchive13 amd64 3.4.0-1+b1 [335 kB]
Get:28 http://127.0.0.1:12990/debian sid/main amd64 libbrotli1 amd64 1.0.7-6 [266 kB]
Get:29 http://127.0.0.1:12990/debian sid/main amd64 libkeyutils1 amd64 1.6.1-2 [15.4 kB]
Get:30 http://127.0.0.1:12990/debian sid/main amd64 libkrb5support0 amd64 1.17-6 [64.6 kB]
Get:31 http://127.0.0.1:12990/debian sid/main amd64 libk5crypto3 amd64 1.17-6 [116 kB]
Get:32 http://127.0.0.1:12990/debian sid/main amd64 libssl1.1 amd64 1.1.1d-2 [1540 kB]
Get:33 http://127.0.0.1:12990/debian sid/main amd64 libkrb5-3 amd64 1.17-6 [366 kB]
Get:34 http://127.0.0.1:12990/debian sid/main amd64 libgssapi-krb5-2 amd64 1.17-6 [156 kB]
Get:35 http://127.0.0.1:12990/debian sid/main amd64 libsasl2-modules-db amd64 2.1.27+dfsg-2 [69.0 kB]
Get:36 http://127.0.0.1:12990/debian sid/main amd64 libsasl2-2 amd64 2.1.27+dfsg-2 [106 kB]
Get:37 http://127.0.0.1:12990/debian sid/main amd64 libldap-common all 2.4.49+dfsg-1 [91.9 kB]
Get:38 http://127.0.0.1:12990/debian sid/main amd64 libldap-2.4-2 amd64 2.4.49+dfsg-1 [226 kB]
Get:39 http://127.0.0.1:12990/debian sid/main amd64 libnghttp2-14 amd64 1.40.0-1 [85.0 kB]
Get:40 http://127.0.0.1:12990/debian sid/main amd64 libpsl5 amd64 0.20.2-2 [53.7 kB]
Get:41 http://127.0.0.1:12990/debian sid/main amd64 librtmp1 amd64 2.4+20151223.gitfa8646d.1-2+b1 [60.8 kB]
Get:42 http://127.0.0.1:12990/debian sid/main amd64 libssh2-1 amd64 1.8.0-2.1 [140 kB]
Get:43 http://127.0.0.1:12990/debian sid/main amd64 libcurl4 amd64 7.68.0-1 [321 kB]
Get:44 http://127.0.0.1:12990/debian sid/main amd64 libexpat1 amd64 2.2.9-1 [94.3 kB]
Get:45 http://127.0.0.1:12990/debian sid/main amd64 libjsoncpp1 amd64 1.7.4-3.1 [77.6 kB]
Get:46 http://127.0.0.1:12990/debian sid/main amd64 librhash0 amd64 1.3.9-1 [123 kB]
Get:47 http://127.0.0.1:12990/debian sid/main amd64 libuv1 amd64 1.34.2-1 [127 kB]
Get:48 http://127.0.0.1:12990/debian sid/main amd64 cmake amd64 3.16.3-1 [3673 kB]
Get:49 http://127.0.0.1:12990/debian sid/main amd64 libtool all 2.4.6-13 [513 kB]
Get:50 http://127.0.0.1:12990/debian sid/main amd64 dh-autoreconf all 19 [16.9 kB]
Get:51 http://127.0.0.1:12990/debian sid/main amd64 libdebhelper-perl all 12.9 [183 kB]
Get:52 http://127.0.0.1:12990/debian sid/main amd64 libarchive-zip-perl all 1.67-1 [104 kB]
Get:53 http://127.0.0.1:12990/debian sid/main amd64 libsub-override-perl all 0.09-2 [10.2 kB]
Get:54 http://127.0.0.1:12990/debian sid/main amd64 libfile-stripnondeterminism-perl all 1.6.3-2 [23.7 kB]
Get:55 http://127.0.0.1:12990/debian sid/main amd64 dh-strip-nondeterminism all 1.6.3-2 [14.7 kB]
Get:56 http://127.0.0.1:12990/debian sid/main amd64 libelf1 amd64 0.176-1.1 [161 kB]
Get:57 http://127.0.0.1:12990/debian sid/main amd64 dwz amd64 0.13-5 [151 kB]
Get:58 http://127.0.0.1:12990/debian sid/main amd64 libglib2.0-0 amd64 2.62.4-2 [1319 kB]
Get:59 http://127.0.0.1:12990/debian sid/main amd64 libcroco3 amd64 0.6.13-1 [146 kB]
Get:60 http://127.0.0.1:12990/debian sid/main amd64 gettext amd64 0.19.8.1-10 [1303 kB]
Get:61 http://127.0.0.1:12990/debian sid/main amd64 intltool-debian all 0.35.0+20060710.5 [26.8 kB]
Get:62 http://127.0.0.1:12990/debian sid/main amd64 po-debconf all 1.0.21 [248 kB]
Get:63 http://127.0.0.1:12990/debian sid/main amd64 debhelper all 12.9 [994 kB]
Get:64 http://127.0.0.1:12990/debian sid/main amd64 mysql-common all 5.8+1.0.5 [7324 B]
Get:65 http://127.0.0.1:12990/debian sid/main amd64 mariadb-common all 1:10.3.22-1 [32.3 kB]
Get:66 http://127.0.0.1:12990/debian sid/main amd64 libmariadb3 amd64 1:10.3.22-1 [171 kB]
Get:67 http://127.0.0.1:12990/debian sid/main amd64 libevent-2.1-7 amd64 2.1.11-stable-1 [186 kB]
Get:68 http://127.0.0.1:12990/debian sid/main amd64 libunbound8 amd64 1.9.6-2 [467 kB]
Get:69 http://127.0.0.1:12990/debian sid/main amd64 libgnutls-dane0 amd64 3.6.12-2 [354 kB]
Get:70 http://127.0.0.1:12990/debian sid/main amd64 libgnutls-openssl27 amd64 3.6.12-2 [355 kB]
Get:71 http://127.0.0.1:12990/debian sid/main amd64 libgnutlsxx28 amd64 3.6.12-2 [14.6 kB]
Get:72 http://127.0.0.1:12990/debian sid/main amd64 libidn2-dev amd64 2.2.0-2 [84.5 kB]
Get:73 http://127.0.0.1:12990/debian sid/main amd64 libp11-kit-dev amd64 0.23.20-1 [205 kB]
Get:74 http://127.0.0.1:12990/debian sid/main amd64 libtasn1-6-dev amd64 4.16.0-2 [104 kB]
Get:75 http://127.0.0.1:12990/debian sid/main amd64 libgmpxx4ldbl amd64 2:6.2.0+dfsg-4 [23.0 kB]
Get:76 http://127.0.0.1:12990/debian sid/main amd64 libgmp-dev amd64 2:6.2.0+dfsg-4 [643 kB]
Get:77 http://127.0.0.1:12990/debian sid/main amd64 nettle-dev amd64 3.5.1+really3.5.1-2 [1115 kB]
Get:78 http://127.0.0.1:12990/debian sid/main amd64 libgnutls28-dev amd64 3.6.12-2 [1193 kB]
Get:79 http://127.0.0.1:12990/debian sid/main amd64 zlib1g-dev amd64 1:1.2.11.dfsg-1.2 [209 kB]
Get:80 http://127.0.0.1:12990/debian sid/main amd64 libmariadb-dev amd64 1:10.3.22-1 [1012 kB]
Get:81 http://127.0.0.1:12990/debian sid/main amd64 libmariadb-dev-compat amd64 1:10.3.22-1 [31.5 kB]
Get:82 http://127.0.0.1:12990/debian sid/main amd64 default-libmysqlclient-dev amd64 1.0.5 [3764 B]
Get:83 http://127.0.0.1:12990/debian sid/main amd64 fonts-dejavu-core all 2.37-1 [1068 kB]
Get:84 http://127.0.0.1:12990/debian sid/main amd64 fontconfig-config all 2.13.1-2 [280 kB]
Get:85 http://127.0.0.1:12990/debian sid/main amd64 gdal-data all 3.0.4+dfsg-1 [430 kB]
Get:86 http://127.0.0.1:12990/debian sid/main amd64 hdf5-helpers amd64 1.10.4+repack-11 [35.2 kB]
Get:87 http://127.0.0.1:12990/debian sid/main amd64 icu-devtools amd64 63.2-2 [189 kB]
Get:88 http://127.0.0.1:12990/debian sid/main amd64 libaec0 amd64 1.0.4-1 [20.3 kB]
Get:89 http://127.0.0.1:12990/debian sid/main amd64 libsz2 amd64 1.0.4-1 [6760 B]
Get:90 http://127.0.0.1:12990/debian sid/main amd64 libaec-dev amd64 1.0.4-1 [18.7 kB]
Get:91 http://127.0.0.1:12990/debian sid/main amd64 libblas3 amd64 3.9.0-1 [153 kB]
Get:92 http://127.0.0.1:12990/debian sid/main amd64 libgfortran5 amd64 10-20200222-1 [721 kB]
Get:93 http://127.0.0.1:12990/debian sid/main amd64 liblapack3 amd64 3.9.0-1 [2168 kB]
Get:94 http://127.0.0.1:12990/debian sid/main amd64 libarpack2 amd64 3.7.0-3 [103 kB]
Get:95 http://127.0.0.1:12990/debian sid/main amd64 libsuperlu5 amd64 5.2.1+dfsg1-4 [161 kB]
Get:96 http://127.0.0.1:12990/debian sid/main amd64 libarmadillo9 amd64 1:9.800.4+dfsg-1 [96.1 kB]
Get:97 http://127.0.0.1:12990/debian sid/main amd64 libblas-dev amd64 3.9.0-1 [160 kB]
Get:98 http://127.0.0.1:12990/debian sid/main amd64 liblapack-dev amd64 3.9.0-1 [4256 kB]
Get:99 http://127.0.0.1:12990/debian sid/main amd64 libarpack2-dev amd64 3.7.0-3 [116 kB]
Get:100 http://127.0.0.1:12990/debian sid/main amd64 libhdf5-103 amd64 1.10.4+repack-11 [1339 kB]
Get:101 http://127.0.0.1:12990/debian sid/main amd64 libjpeg62-turbo amd64 1:1.5.2-2+b1 [134 kB]
Get:102 http://127.0.0.1:12990/debian sid/main amd64 libjpeg62-turbo-dev amd64 1:1.5.2-2+b1 [208 kB]
Get:103 http://127.0.0.1:12990/debian sid/main amd64 libjpeg-dev all 1:1.5.2-2 [57.5 kB]
Get:104 http://127.0.0.1:12990/debian sid/main amd64 libhdf5-cpp-103 amd64 1.10.4+repack-11 [143 kB]
Get:105 http://127.0.0.1:12990/debian sid/main amd64 libhdf5-dev amd64 1.10.4+repack-11 [2608 kB]
Get:106 http://127.0.0.1:12990/debian sid/main amd64 libsuperlu-dev amd64 5.2.1+dfsg1-4 [18.4 kB]
Get:107 http://127.0.0.1:12990/debian sid/main amd64 libarmadillo-dev amd64 1:9.800.4+dfsg-1 [379 kB]
Get:108 http://127.0.0.1:12990/debian sid/main amd64 libboost1.67-dev amd64 1.67.0-17 [8389 kB]
Get:109 http://127.0.0.1:12990/debian sid/main amd64 libboost-dev amd64 1.67.0.2+b1 [4496 B]
Get:110 http://127.0.0.1:12990/debian sid/main amd64 libbz2-dev amd64 1.0.8-2 [30.1 kB]
Get:111 http://127.0.0.1:12990/debian sid/main amd64 libcurl3-gnutls amd64 7.68.0-1 [319 kB]
Get:112 http://127.0.0.1:12990/debian sid/main amd64 libcfitsio8 amd64 3.470-3 [542 kB]
Get:113 http://127.0.0.1:12990/debian sid/main amd64 libcfitsio-dev amd64 3.470-3 [587 kB]
Get:114 http://127.0.0.1:12990/debian sid/main amd64 libcharls2 amd64 2.0.0+dfsg-1+b1 [66.6 kB]
Get:115 http://127.0.0.1:12990/debian sid/main amd64 libcharls-dev amd64 2.0.0+dfsg-1+b1 [8292 B]
Get:116 http://127.0.0.1:12990/debian sid/main amd64 libcurl4-gnutls-dev amd64 7.68.0-1 [408 kB]
Get:117 http://127.0.0.1:12990/debian sid/main amd64 libdap25 amd64 3.20.5-1 [548 kB]
Get:118 http://127.0.0.1:12990/debian sid/main amd64 libdapserver7v5 amd64 3.20.5-1 [135 kB]
Get:119 http://127.0.0.1:12990/debian sid/main amd64 libdapclient6v5 amd64 3.20.5-1 [204 kB]
Get:120 http://127.0.0.1:12990/debian sid/main amd64 libicu-dev amd64 63.2-2 [9190 kB]
Get:121 http://127.0.0.1:12990/debian sid/main amd64 libxml2-dev amd64 2.9.10+dfsg-3 [805 kB]
Get:122 http://127.0.0.1:12990/debian sid/main amd64 uuid-dev amd64 2.34-0.1 [93.5 kB]
Get:123 http://127.0.0.1:12990/debian sid/main amd64 pkg-config amd64 0.29-6 [63.5 kB]
Get:124 http://127.0.0.1:12990/debian sid/main amd64 libdap-dev amd64 3.20.5-1 [855 kB]
Get:125 http://127.0.0.1:12990/debian sid/main amd64 libpopt0 amd64 1.16-14 [49.5 kB]
Get:126 http://127.0.0.1:12990/debian sid/main amd64 libepsilon1 amd64 0.9.2+dfsg-4+b1 [42.3 kB]
Get:127 http://127.0.0.1:12990/debian sid/main amd64 libepsilon-dev amd64 0.9.2+dfsg-4+b1 [51.4 kB]
Get:128 http://127.0.0.1:12990/debian sid/main amd64 libexpat1-dev amd64 2.2.9-1 [136 kB]
Get:129 http://127.0.0.1:12990/debian sid/main amd64 libpng16-16 amd64 1.6.37-2 [292 kB]
Get:130 http://127.0.0.1:12990/debian sid/main amd64 libfreetype6 amd64 2.10.1-2 [392 kB]
Get:131 http://127.0.0.1:12990/debian sid/main amd64 libfontconfig1 amd64 2.13.1-2+b1 [347 kB]
Get:132 http://127.0.0.1:12990/debian sid/main amd64 libfreexl1 amd64 1.0.5-3+b1 [34.3 kB]
Get:133 http://127.0.0.1:12990/debian sid/main amd64 libfreexl-dev amd64 1.0.5-3+b1 [33.1 kB]
Get:134 http://127.0.0.1:12990/debian sid/main amd64 libfyba0 amd64 4.1.1-6 [114 kB]
Get:135 http://127.0.0.1:12990/debian sid/main amd64 libfyba-dev amd64 4.1.1-6 [169 kB]
Get:136 http://127.0.0.1:12990/debian sid/main amd64 libgeos-3.8.0 amd64 3.8.0-1 [822 kB]
Get:137 http://127.0.0.1:12990/debian sid/main amd64 libgeos-c1v5 amd64 3.8.0-1 [350 kB]
Get:138 http://127.0.0.1:12990/debian sid/main amd64 proj-data all 6.3.1-1 [7673 kB]
Get:139 http://127.0.0.1:12990/debian sid/main amd64 libsqlite3-0 amd64 3.31.1-3 [661 kB]
Get:140 http://127.0.0.1:12990/debian sid/main amd64 libproj15 amd64 6.3.1-1 [954 kB]
Get:141 http://127.0.0.1:12990/debian sid/main amd64 libjbig0 amd64 2.1-3.1+b2 [31.0 kB]
Get:142 http://127.0.0.1:12990/debian sid/main amd64 libwebp6 amd64 0.6.1-2+b1 [261 kB]
Get:143 http://127.0.0.1:12990/debian sid/main amd64 libtiff5 amd64 4.1.0+git191117-2 [271 kB]
Get:144 http://127.0.0.1:12990/debian sid/main amd64 libgeotiff5 amd64 1.5.1-2 [70.2 kB]
Get:145 http://127.0.0.1:12990/debian sid/main amd64 libgif7 amd64 5.1.9-1 [44.7 kB]
Get:146 http://127.0.0.1:12990/debian sid/main amd64 libhdf4-0-alt amd64 4.2.14-1 [278 kB]
Get:147 http://127.0.0.1:12990/debian sid/main amd64 libjson-c4 amd64 0.13.1+dfsg-7 [36.7 kB]
Get:148 http://127.0.0.1:12990/debian sid/main amd64 libminizip1 amd64 1.1-8+b1 [20.4 kB]
Get:149 http://127.0.0.1:12990/debian sid/main amd64 liburiparser1 amd64 0.9.3-2 [47.0 kB]
Get:150 http://127.0.0.1:12990/debian sid/main amd64 libkmlbase1 amd64 1.3.0-8 [49.0 kB]
Get:151 http://127.0.0.1:12990/debian sid/main amd64 libkmldom1 amd64 1.3.0-8 [173 kB]
Get:152 http://127.0.0.1:12990/debian sid/main amd64 libkmlengine1 amd64 1.3.0-8 [79.0 kB]
Get:153 http://127.0.0.1:12990/debian sid/main amd64 libnetcdf15 amd64 1:4.7.3-1 [391 kB]
Get:154 http://127.0.0.1:12990/debian sid/main amd64 libltdl7 amd64 2.4.6-13 [390 kB]
Get:155 http://127.0.0.1:12990/debian sid/main amd64 libodbc1 amd64 2.3.6-0.1+b1 [224 kB]
Get:156 http://127.0.0.1:12990/debian sid/main amd64 libogdi4.1 amd64 4.1.0+ds-1 [214 kB]
Get:157 http://127.0.0.1:12990/debian sid/main amd64 libopenjp2-7 amd64 2.3.1-1 [159 kB]
Get:158 http://127.0.0.1:12990/debian sid/main amd64 liblcms2-2 amd64 2.9-4 [146 kB]
Get:159 http://127.0.0.1:12990/debian sid/main amd64 libnspr4 amd64 2:4.24-1 [113 kB]
Get:160 http://127.0.0.1:12990/debian sid/main amd64 libnss3 amd64 2:3.50-1 [1190 kB]
Get:161 http://127.0.0.1:12990/debian sid/main amd64 libpoppler82 amd64 0.71.0-6 [1515 kB]
Get:162 http://127.0.0.1:12990/debian sid/main amd64 libpq5 amd64 12.2-1 [172 kB]
Get:163 http://127.0.0.1:12990/debian sid/main amd64 libqhull7 amd64 2015.2-4 [196 kB]
Get:164 http://127.0.0.1:12990/debian sid/main amd64 libspatialite7 amd64 4.3.0a-6+b1 [1294 kB]
Get:165 http://127.0.0.1:12990/debian sid/main amd64 libxerces-c3.2 amd64 3.2.2+debian-1+b1 [886 kB]
Get:166 http://127.0.0.1:12990/debian sid/main amd64 odbcinst amd64 2.3.6-0.1+b1 [48.7 kB]
Get:167 http://127.0.0.1:12990/debian sid/main amd64 odbcinst1debian2 amd64 2.3.6-0.1+b1 [78.6 kB]
Get:168 http://127.0.0.1:12990/debian sid/main amd64 libgdal26 amd64 3.0.4+dfsg-1 [6403 kB]
Get:169 http://127.0.0.1:12990/debian sid/main amd64 libgeos-dev amd64 3.8.0-1 [370 kB]
Get:170 http://127.0.0.1:12990/debian sid/main amd64 libsqlite3-dev amd64 3.31.1-3 [810 kB]
Get:171 http://127.0.0.1:12990/debian sid/main amd64 libproj-dev amd64 6.3.1-1 [1138 kB]
Get:172 http://127.0.0.1:12990/debian sid/main amd64 libjbig-dev amd64 2.1-3.1+b2 [30.5 kB]
Get:173 http://127.0.0.1:12990/debian sid/main amd64 liblzma-dev amd64 5.2.4-1+b1 [211 kB]
Get:174 http://127.0.0.1:12990/debian sid/main amd64 libtiffxx5 amd64 4.1.0+git191117-2 [117 kB]
Get:175 http://127.0.0.1:12990/debian sid/main amd64 libtiff-dev amd64 4.1.0+git191117-2 [395 kB]
Get:176 http://127.0.0.1:12990/debian sid/main amd64 libgeotiff-dev amd64 1.5.1-2 [96.6 kB]
Get:177 http://127.0.0.1:12990/debian sid/main amd64 libgif-dev amd64 5.1.9-1 [47.3 kB]
Get:178 http://127.0.0.1:12990/debian sid/main amd64 libnetcdf-dev amd64 1:4.7.3-1 [92.1 kB]
Get:179 http://127.0.0.1:12990/debian sid/main amd64 libhdf4-alt-dev amd64 4.2.14-1 [378 kB]
Get:180 http://127.0.0.1:12990/debian sid/main amd64 libjson-c-dev amd64 0.13.1+dfsg-7 [56.5 kB]
Get:181 http://127.0.0.1:12990/debian sid/main amd64 libkmlconvenience1 amd64 1.3.0-8 [50.2 kB]
Get:182 http://127.0.0.1:12990/debian sid/main amd64 libkmlregionator1 amd64 1.3.0-8 [25.1 kB]
Get:183 http://127.0.0.1:12990/debian sid/main amd64 libkmlxsd1 amd64 1.3.0-8 [34.8 kB]
Get:184 http://127.0.0.1:12990/debian sid/main amd64 libminizip-dev amd64 1.1-8+b1 [27.6 kB]
Get:185 http://127.0.0.1:12990/debian sid/main amd64 liburiparser-dev amd64 0.9.3-2 [22.0 kB]
Get:186 http://127.0.0.1:12990/debian sid/main amd64 libkml-dev amd64 1.3.0-8 [940 kB]
Get:187 http://127.0.0.1:12990/debian sid/main amd64 libltdl-dev amd64 2.4.6-13 [162 kB]
Get:188 http://127.0.0.1:12990/debian sid/main amd64 libogdi-dev amd64 4.1.0+ds-1 [37.1 kB]
Get:189 http://127.0.0.1:12990/debian sid/main amd64 libopenjp2-7-dev amd64 2.3.1-1 [46.7 kB]
Get:190 http://127.0.0.1:12990/debian sid/main amd64 libpcre16-3 amd64 2:8.39-12+b1 [259 kB]
Get:191 http://127.0.0.1:12990/debian sid/main amd64 libpcre32-3 amd64 2:8.39-12+b1 [250 kB]
Get:192 http://127.0.0.1:12990/debian sid/main amd64 libpcrecpp0v5 amd64 2:8.39-12+b1 [152 kB]
Get:193 http://127.0.0.1:12990/debian sid/main amd64 libpcre3-dev amd64 2:8.39-12+b1 [653 kB]
Get:194 http://127.0.0.1:12990/debian sid/main amd64 libpng-dev amd64 1.6.37-2 [295 kB]
Get:195 http://127.0.0.1:12990/debian sid/main amd64 libpoppler-dev amd64 0.71.0-6 [23.9 kB]
Get:196 http://127.0.0.1:12990/debian sid/main amd64 libpoppler-private-dev amd64 0.71.0-6 [188 kB]
Get:197 http://127.0.0.1:12990/debian sid/main amd64 libpq-dev amd64 12.2-1 [137 kB]
Get:198 http://127.0.0.1:12990/debian sid/main amd64 libqhull-r7 amd64 2015.2-4 [193 kB]
Get:199 http://127.0.0.1:12990/debian sid/main amd64 libqhull-dev amd64 2015.2-4 [401 kB]
Get:200 http://127.0.0.1:12990/debian sid/main amd64 libspatialite-dev amd64 4.3.0a-6+b1 [1392 kB]
Get:201 http://127.0.0.1:12990/debian sid/main amd64 libwebpmux3 amd64 0.6.1-2+b1 [97.9 kB]
Get:202 http://127.0.0.1:12990/debian sid/main amd64 libwebpdemux2 amd64 0.6.1-2+b1 [87.7 kB]
Get:203 http://127.0.0.1:12990/debian sid/main amd64 libwebp-dev amd64 0.6.1-2+b1 [344 kB]
Get:204 http://127.0.0.1:12990/debian sid/main amd64 libxerces-c-dev amd64 3.2.2+debian-1+b1 [1695 kB]
Get:205 http://127.0.0.1:12990/debian sid/main amd64 libzstd-dev amd64 1.4.4+dfsg-3 [300 kB]
Get:206 http://127.0.0.1:12990/debian sid/main amd64 unixodbc-dev amd64 2.3.6-0.1+b1 [262 kB]
Get:207 http://127.0.0.1:12990/debian sid/main amd64 libgdal-dev amd64 3.0.4+dfsg-1 [8307 kB]
Get:208 http://127.0.0.1:12990/debian sid/main amd64 libgeos++-dev amd64 3.8.0-1 [1343 kB]
Get:209 http://127.0.0.1:12990/debian sid/main amd64 libprotozero-dev amd64 1.6.8-1 [38.9 kB]
Get:210 http://127.0.0.1:12990/debian sid/main amd64 libosmium2-dev amd64 2.15.4-1 [222 kB]
Get:211 http://127.0.0.1:12990/debian sid/main amd64 libreadosm1 amd64 1.1.0+dfsg-3+b1 [26.2 kB]
Get:212 http://127.0.0.1:12990/debian sid/main amd64 pandoc-data all 2.5-3 [349 kB]
Get:213 http://127.0.0.1:12990/debian sid/main amd64 pandoc amd64 2.5-3+b1 [15.7 MB]
Get:214 http://127.0.0.1:12990/debian sid/main amd64 spatialite-bin amd64 4.3.0-3+b1 [203 kB]
Get:215 http://127.0.0.1:12990/debian sid/main amd64 sqlite3 amd64 3.31.1-3 [974 kB]
debconf: delaying package configuration, since apt-utils is not installed
Fetched 139 MB in 2s (56.1 MB/s)
Selecting previously unselected package bsdmainutils.
(Reading database ... 12960 files and directories currently installed.)
Preparing to unpack .../000-bsdmainutils_11.1.2+b1_amd64.deb ...
Unpacking bsdmainutils (11.1.2+b1) ...
Selecting previously unselected package libuchardet0:amd64.
Preparing to unpack .../001-libuchardet0_0.0.6-3_amd64.deb ...
Unpacking libuchardet0:amd64 (0.0.6-3) ...
Selecting previously unselected package groff-base.
Preparing to unpack .../002-groff-base_1.22.4-4_amd64.deb ...
Unpacking groff-base (1.22.4-4) ...
Selecting previously unselected package libpipeline1:amd64.
Preparing to unpack .../003-libpipeline1_1.5.2-2_amd64.deb ...
Unpacking libpipeline1:amd64 (1.5.2-2) ...
Selecting previously unselected package man-db.
Preparing to unpack .../004-man-db_2.9.0-2_amd64.deb ...
Unpacking man-db (2.9.0-2) ...
Selecting previously unselected package readline-common.
Preparing to unpack .../005-readline-common_8.0-3_all.deb ...
Unpacking readline-common (8.0-3) ...
Selecting previously unselected package libreadline8:amd64.
Preparing to unpack .../006-libreadline8_8.0-3_amd64.deb ...
Unpacking libreadline8:amd64 (8.0-3) ...
Selecting previously unselected package libncurses6:amd64.
Preparing to unpack .../007-libncurses6_6.1+20191019-1_amd64.deb ...
Unpacking libncurses6:amd64 (6.1+20191019-1) ...
Selecting previously unselected package libprocps8:amd64.
Preparing to unpack .../008-libprocps8_2%3a3.3.16-1+b1_amd64.deb ...
Unpacking libprocps8:amd64 (2:3.3.16-1+b1) ...
Selecting previously unselected package procps.
Preparing to unpack .../009-procps_2%3a3.3.16-1+b1_amd64.deb ...
Unpacking procps (2:3.3.16-1+b1) ...
Selecting previously unselected package sensible-utils.
Preparing to unpack .../010-sensible-utils_0.0.12+nmu1_all.deb ...
Unpacking sensible-utils (0.0.12+nmu1) ...
Selecting previously unselected package libmagic-mgc.
Preparing to unpack .../011-libmagic-mgc_1%3a5.38-4_amd64.deb ...
Unpacking libmagic-mgc (1:5.38-4) ...
Selecting previously unselected package libmagic1:amd64.
Preparing to unpack .../012-libmagic1_1%3a5.38-4_amd64.deb ...
Unpacking libmagic1:amd64 (1:5.38-4) ...
Selecting previously unselected package file.
Preparing to unpack .../013-file_1%3a5.38-4_amd64.deb ...
Unpacking file (1:5.38-4) ...
Selecting previously unselected package gettext-base.
Preparing to unpack .../014-gettext-base_0.19.8.1-10_amd64.deb ...
Unpacking gettext-base (0.19.8.1-10) ...
Selecting previously unselected package ucf.
Preparing to unpack .../015-ucf_3.0038+nmu1_all.deb ...
Moving old data out of the way
Unpacking ucf (3.0038+nmu1) ...
Selecting previously unselected package libsigsegv2:amd64.
Preparing to unpack .../016-libsigsegv2_2.12-2_amd64.deb ...
Unpacking libsigsegv2:amd64 (2.12-2) ...
Selecting previously unselected package m4.
Preparing to unpack .../017-m4_1.4.18-4_amd64.deb ...
Unpacking m4 (1.4.18-4) ...
Selecting previously unselected package autoconf.
Preparing to unpack .../018-autoconf_2.69-11.1_all.deb ...
Unpacking autoconf (2.69-11.1) ...
Selecting previously unselected package autotools-dev.
Preparing to unpack .../019-autotools-dev_20180224.1_all.deb ...
Unpacking autotools-dev (20180224.1) ...
Selecting previously unselected package automake.
Preparing to unpack .../020-automake_1%3a1.16.1-4_all.deb ...
Unpacking automake (1:1.16.1-4) ...
Selecting previously unselected package autopoint.
Preparing to unpack .../021-autopoint_0.19.8.1-10_all.deb ...
Unpacking autopoint (0.19.8.1-10) ...
Selecting previously unselected package cmake-data.
Preparing to unpack .../022-cmake-data_3.16.3-1_all.deb ...
Unpacking cmake-data (3.16.3-1) ...
Selecting previously unselected package libicu63:amd64.
Preparing to unpack .../023-libicu63_63.2-2_amd64.deb ...
Unpacking libicu63:amd64 (63.2-2) ...
Selecting previously unselected package libxml2:amd64.
Preparing to unpack .../024-libxml2_2.9.10+dfsg-3_amd64.deb ...
Unpacking libxml2:amd64 (2.9.10+dfsg-3) ...
Selecting previously unselected package libarchive13:amd64.
Preparing to unpack .../025-libarchive13_3.4.0-1+b1_amd64.deb ...
Unpacking libarchive13:amd64 (3.4.0-1+b1) ...
Selecting previously unselected package libbrotli1:amd64.
Preparing to unpack .../026-libbrotli1_1.0.7-6_amd64.deb ...
Unpacking libbrotli1:amd64 (1.0.7-6) ...
Selecting previously unselected package libkeyutils1:amd64.
Preparing to unpack .../027-libkeyutils1_1.6.1-2_amd64.deb ...
Unpacking libkeyutils1:amd64 (1.6.1-2) ...
Selecting previously unselected package libkrb5support0:amd64.
Preparing to unpack .../028-libkrb5support0_1.17-6_amd64.deb ...
Unpacking libkrb5support0:amd64 (1.17-6) ...
Selecting previously unselected package libk5crypto3:amd64.
Preparing to unpack .../029-libk5crypto3_1.17-6_amd64.deb ...
Unpacking libk5crypto3:amd64 (1.17-6) ...
Selecting previously unselected package libssl1.1:amd64.
Preparing to unpack .../030-libssl1.1_1.1.1d-2_amd64.deb ...
Unpacking libssl1.1:amd64 (1.1.1d-2) ...
Selecting previously unselected package libkrb5-3:amd64.
Preparing to unpack .../031-libkrb5-3_1.17-6_amd64.deb ...
Unpacking libkrb5-3:amd64 (1.17-6) ...
Selecting previously unselected package libgssapi-krb5-2:amd64.
Preparing to unpack .../032-libgssapi-krb5-2_1.17-6_amd64.deb ...
Unpacking libgssapi-krb5-2:amd64 (1.17-6) ...
Selecting previously unselected package libsasl2-modules-db:amd64.
Preparing to unpack .../033-libsasl2-modules-db_2.1.27+dfsg-2_amd64.deb ...
Unpacking libsasl2-modules-db:amd64 (2.1.27+dfsg-2) ...
Selecting previously unselected package libsasl2-2:amd64.
Preparing to unpack .../034-libsasl2-2_2.1.27+dfsg-2_amd64.deb ...
Unpacking libsasl2-2:amd64 (2.1.27+dfsg-2) ...
Selecting previously unselected package libldap-common.
Preparing to unpack .../035-libldap-common_2.4.49+dfsg-1_all.deb ...
Unpacking libldap-common (2.4.49+dfsg-1) ...
Selecting previously unselected package libldap-2.4-2:amd64.
Preparing to unpack .../036-libldap-2.4-2_2.4.49+dfsg-1_amd64.deb ...
Unpacking libldap-2.4-2:amd64 (2.4.49+dfsg-1) ...
Selecting previously unselected package libnghttp2-14:amd64.
Preparing to unpack .../037-libnghttp2-14_1.40.0-1_amd64.deb ...
Unpacking libnghttp2-14:amd64 (1.40.0-1) ...
Selecting previously unselected package libpsl5:amd64.
Preparing to unpack .../038-libpsl5_0.20.2-2_amd64.deb ...
Unpacking libpsl5:amd64 (0.20.2-2) ...
Selecting previously unselected package librtmp1:amd64.
Preparing to unpack .../039-librtmp1_2.4+20151223.gitfa8646d.1-2+b1_amd64.deb ...
Unpacking librtmp1:amd64 (2.4+20151223.gitfa8646d.1-2+b1) ...
Selecting previously unselected package libssh2-1:amd64.
Preparing to unpack .../040-libssh2-1_1.8.0-2.1_amd64.deb ...
Unpacking libssh2-1:amd64 (1.8.0-2.1) ...
Selecting previously unselected package libcurl4:amd64.
Preparing to unpack .../041-libcurl4_7.68.0-1_amd64.deb ...
Unpacking libcurl4:amd64 (7.68.0-1) ...
Selecting previously unselected package libexpat1:amd64.
Preparing to unpack .../042-libexpat1_2.2.9-1_amd64.deb ...
Unpacking libexpat1:amd64 (2.2.9-1) ...
Selecting previously unselected package libjsoncpp1:amd64.
Preparing to unpack .../043-libjsoncpp1_1.7.4-3.1_amd64.deb ...
Unpacking libjsoncpp1:amd64 (1.7.4-3.1) ...
Selecting previously unselected package librhash0:amd64.
Preparing to unpack .../044-librhash0_1.3.9-1_amd64.deb ...
Unpacking librhash0:amd64 (1.3.9-1) ...
Selecting previously unselected package libuv1:amd64.
Preparing to unpack .../045-libuv1_1.34.2-1_amd64.deb ...
Unpacking libuv1:amd64 (1.34.2-1) ...
Selecting previously unselected package cmake.
Preparing to unpack .../046-cmake_3.16.3-1_amd64.deb ...
Unpacking cmake (3.16.3-1) ...
Selecting previously unselected package libtool.
Preparing to unpack .../047-libtool_2.4.6-13_all.deb ...
Unpacking libtool (2.4.6-13) ...
Selecting previously unselected package dh-autoreconf.
Preparing to unpack .../048-dh-autoreconf_19_all.deb ...
Unpacking dh-autoreconf (19) ...
Selecting previously unselected package libdebhelper-perl.
Preparing to unpack .../049-libdebhelper-perl_12.9_all.deb ...
Unpacking libdebhelper-perl (12.9) ...
Selecting previously unselected package libarchive-zip-perl.
Preparing to unpack .../050-libarchive-zip-perl_1.67-1_all.deb ...
Unpacking libarchive-zip-perl (1.67-1) ...
Selecting previously unselected package libsub-override-perl.
Preparing to unpack .../051-libsub-override-perl_0.09-2_all.deb ...
Unpacking libsub-override-perl (0.09-2) ...
Selecting previously unselected package libfile-stripnondeterminism-perl.
Preparing to unpack .../052-libfile-stripnondeterminism-perl_1.6.3-2_all.deb ...
Unpacking libfile-stripnondeterminism-perl (1.6.3-2) ...
Selecting previously unselected package dh-strip-nondeterminism.
Preparing to unpack .../053-dh-strip-nondeterminism_1.6.3-2_all.deb ...
Unpacking dh-strip-nondeterminism (1.6.3-2) ...
Selecting previously unselected package libelf1:amd64.
Preparing to unpack .../054-libelf1_0.176-1.1_amd64.deb ...
Unpacking libelf1:amd64 (0.176-1.1) ...
Selecting previously unselected package dwz.
Preparing to unpack .../055-dwz_0.13-5_amd64.deb ...
Unpacking dwz (0.13-5) ...
Selecting previously unselected package libglib2.0-0:amd64.
Preparing to unpack .../056-libglib2.0-0_2.62.4-2_amd64.deb ...
Unpacking libglib2.0-0:amd64 (2.62.4-2) ...
Selecting previously unselected package libcroco3:amd64.
Preparing to unpack .../057-libcroco3_0.6.13-1_amd64.deb ...
Unpacking libcroco3:amd64 (0.6.13-1) ...
Selecting previously unselected package gettext.
Preparing to unpack .../058-gettext_0.19.8.1-10_amd64.deb ...
Unpacking gettext (0.19.8.1-10) ...
Selecting previously unselected package intltool-debian.
Preparing to unpack .../059-intltool-debian_0.35.0+20060710.5_all.deb ...
Unpacking intltool-debian (0.35.0+20060710.5) ...
Selecting previously unselected package po-debconf.
Preparing to unpack .../060-po-debconf_1.0.21_all.deb ...
Unpacking po-debconf (1.0.21) ...
Selecting previously unselected package debhelper.
Preparing to unpack .../061-debhelper_12.9_all.deb ...
Unpacking debhelper (12.9) ...
Selecting previously unselected package mysql-common.
Preparing to unpack .../062-mysql-common_5.8+1.0.5_all.deb ...
Unpacking mysql-common (5.8+1.0.5) ...
Selecting previously unselected package mariadb-common.
Preparing to unpack .../063-mariadb-common_1%3a10.3.22-1_all.deb ...
Unpacking mariadb-common (1:10.3.22-1) ...
Selecting previously unselected package libmariadb3:amd64.
Preparing to unpack .../064-libmariadb3_1%3a10.3.22-1_amd64.deb ...
Unpacking libmariadb3:amd64 (1:10.3.22-1) ...
Selecting previously unselected package libevent-2.1-7:amd64.
Preparing to unpack .../065-libevent-2.1-7_2.1.11-stable-1_amd64.deb ...
Unpacking libevent-2.1-7:amd64 (2.1.11-stable-1) ...
Selecting previously unselected package libunbound8:amd64.
Preparing to unpack .../066-libunbound8_1.9.6-2_amd64.deb ...
Unpacking libunbound8:amd64 (1.9.6-2) ...
Selecting previously unselected package libgnutls-dane0:amd64.
Preparing to unpack .../067-libgnutls-dane0_3.6.12-2_amd64.deb ...
Unpacking libgnutls-dane0:amd64 (3.6.12-2) ...
Selecting previously unselected package libgnutls-openssl27:amd64.
Preparing to unpack .../068-libgnutls-openssl27_3.6.12-2_amd64.deb ...
Unpacking libgnutls-openssl27:amd64 (3.6.12-2) ...
Selecting previously unselected package libgnutlsxx28:amd64.
Preparing to unpack .../069-libgnutlsxx28_3.6.12-2_amd64.deb ...
Unpacking libgnutlsxx28:amd64 (3.6.12-2) ...
Selecting previously unselected package libidn2-dev:amd64.
Preparing to unpack .../070-libidn2-dev_2.2.0-2_amd64.deb ...
Unpacking libidn2-dev:amd64 (2.2.0-2) ...
Selecting previously unselected package libp11-kit-dev:amd64.
Preparing to unpack .../071-libp11-kit-dev_0.23.20-1_amd64.deb ...
Unpacking libp11-kit-dev:amd64 (0.23.20-1) ...
Selecting previously unselected package libtasn1-6-dev:amd64.
Preparing to unpack .../072-libtasn1-6-dev_4.16.0-2_amd64.deb ...
Unpacking libtasn1-6-dev:amd64 (4.16.0-2) ...
Selecting previously unselected package libgmpxx4ldbl:amd64.
Preparing to unpack .../073-libgmpxx4ldbl_2%3a6.2.0+dfsg-4_amd64.deb ...
Unpacking libgmpxx4ldbl:amd64 (2:6.2.0+dfsg-4) ...
Selecting previously unselected package libgmp-dev:amd64.
Preparing to unpack .../074-libgmp-dev_2%3a6.2.0+dfsg-4_amd64.deb ...
Unpacking libgmp-dev:amd64 (2:6.2.0+dfsg-4) ...
Selecting previously unselected package nettle-dev:amd64.
Preparing to unpack .../075-nettle-dev_3.5.1+really3.5.1-2_amd64.deb ...
Unpacking nettle-dev:amd64 (3.5.1+really3.5.1-2) ...
Selecting previously unselected package libgnutls28-dev:amd64.
Preparing to unpack .../076-libgnutls28-dev_3.6.12-2_amd64.deb ...
Unpacking libgnutls28-dev:amd64 (3.6.12-2) ...
Selecting previously unselected package zlib1g-dev:amd64.
Preparing to unpack .../077-zlib1g-dev_1%3a1.2.11.dfsg-1.2_amd64.deb ...
Unpacking zlib1g-dev:amd64 (1:1.2.11.dfsg-1.2) ...
Selecting previously unselected package libmariadb-dev.
Preparing to unpack .../078-libmariadb-dev_1%3a10.3.22-1_amd64.deb ...
Unpacking libmariadb-dev (1:10.3.22-1) ...
Selecting previously unselected package libmariadb-dev-compat:amd64.
Preparing to unpack .../079-libmariadb-dev-compat_1%3a10.3.22-1_amd64.deb ...
Unpacking libmariadb-dev-compat:amd64 (1:10.3.22-1) ...
Selecting previously unselected package default-libmysqlclient-dev:amd64.
Preparing to unpack .../080-default-libmysqlclient-dev_1.0.5_amd64.deb ...
Unpacking default-libmysqlclient-dev:amd64 (1.0.5) ...
Selecting previously unselected package fonts-dejavu-core.
Preparing to unpack .../081-fonts-dejavu-core_2.37-1_all.deb ...
Unpacking fonts-dejavu-core (2.37-1) ...
Selecting previously unselected package fontconfig-config.
Preparing to unpack .../082-fontconfig-config_2.13.1-2_all.deb ...
Unpacking fontconfig-config (2.13.1-2) ...
Selecting previously unselected package gdal-data.
Preparing to unpack .../083-gdal-data_3.0.4+dfsg-1_all.deb ...
Unpacking gdal-data (3.0.4+dfsg-1) ...
Selecting previously unselected package hdf5-helpers.
Preparing to unpack .../084-hdf5-helpers_1.10.4+repack-11_amd64.deb ...
Unpacking hdf5-helpers (1.10.4+repack-11) ...
Selecting previously unselected package icu-devtools.
Preparing to unpack .../085-icu-devtools_63.2-2_amd64.deb ...
Unpacking icu-devtools (63.2-2) ...
Selecting previously unselected package libaec0:amd64.
Preparing to unpack .../086-libaec0_1.0.4-1_amd64.deb ...
Unpacking libaec0:amd64 (1.0.4-1) ...
Selecting previously unselected package libsz2:amd64.
Preparing to unpack .../087-libsz2_1.0.4-1_amd64.deb ...
Unpacking libsz2:amd64 (1.0.4-1) ...
Selecting previously unselected package libaec-dev:amd64.
Preparing to unpack .../088-libaec-dev_1.0.4-1_amd64.deb ...
Unpacking libaec-dev:amd64 (1.0.4-1) ...
Selecting previously unselected package libblas3:amd64.
Preparing to unpack .../089-libblas3_3.9.0-1_amd64.deb ...
Unpacking libblas3:amd64 (3.9.0-1) ...
Selecting previously unselected package libgfortran5:amd64.
Preparing to unpack .../090-libgfortran5_10-20200222-1_amd64.deb ...
Unpacking libgfortran5:amd64 (10-20200222-1) ...
Selecting previously unselected package liblapack3:amd64.
Preparing to unpack .../091-liblapack3_3.9.0-1_amd64.deb ...
Unpacking liblapack3:amd64 (3.9.0-1) ...
Selecting previously unselected package libarpack2:amd64.
Preparing to unpack .../092-libarpack2_3.7.0-3_amd64.deb ...
Unpacking libarpack2:amd64 (3.7.0-3) ...
Selecting previously unselected package libsuperlu5:amd64.
Preparing to unpack .../093-libsuperlu5_5.2.1+dfsg1-4_amd64.deb ...
Unpacking libsuperlu5:amd64 (5.2.1+dfsg1-4) ...
Selecting previously unselected package libarmadillo9.
Preparing to unpack .../094-libarmadillo9_1%3a9.800.4+dfsg-1_amd64.deb ...
Unpacking libarmadillo9 (1:9.800.4+dfsg-1) ...
Selecting previously unselected package libblas-dev:amd64.
Preparing to unpack .../095-libblas-dev_3.9.0-1_amd64.deb ...
Unpacking libblas-dev:amd64 (3.9.0-1) ...
Selecting previously unselected package liblapack-dev:amd64.
Preparing to unpack .../096-liblapack-dev_3.9.0-1_amd64.deb ...
Unpacking liblapack-dev:amd64 (3.9.0-1) ...
Selecting previously unselected package libarpack2-dev:amd64.
Preparing to unpack .../097-libarpack2-dev_3.7.0-3_amd64.deb ...
Unpacking libarpack2-dev:amd64 (3.7.0-3) ...
Selecting previously unselected package libhdf5-103:amd64.
Preparing to unpack .../098-libhdf5-103_1.10.4+repack-11_amd64.deb ...
Unpacking libhdf5-103:amd64 (1.10.4+repack-11) ...
Selecting previously unselected package libjpeg62-turbo:amd64.
Preparing to unpack .../099-libjpeg62-turbo_1%3a1.5.2-2+b1_amd64.deb ...
Unpacking libjpeg62-turbo:amd64 (1:1.5.2-2+b1) ...
Selecting previously unselected package libjpeg62-turbo-dev:amd64.
Preparing to unpack .../100-libjpeg62-turbo-dev_1%3a1.5.2-2+b1_amd64.deb ...
Unpacking libjpeg62-turbo-dev:amd64 (1:1.5.2-2+b1) ...
Selecting previously unselected package libjpeg-dev.
Preparing to unpack .../101-libjpeg-dev_1%3a1.5.2-2_all.deb ...
Unpacking libjpeg-dev (1:1.5.2-2) ...
Selecting previously unselected package libhdf5-cpp-103:amd64.
Preparing to unpack .../102-libhdf5-cpp-103_1.10.4+repack-11_amd64.deb ...
Unpacking libhdf5-cpp-103:amd64 (1.10.4+repack-11) ...
Selecting previously unselected package libhdf5-dev.
Preparing to unpack .../103-libhdf5-dev_1.10.4+repack-11_amd64.deb ...
Unpacking libhdf5-dev (1.10.4+repack-11) ...
Selecting previously unselected package libsuperlu-dev:amd64.
Preparing to unpack .../104-libsuperlu-dev_5.2.1+dfsg1-4_amd64.deb ...
Unpacking libsuperlu-dev:amd64 (5.2.1+dfsg1-4) ...
Selecting previously unselected package libarmadillo-dev.
Preparing to unpack .../105-libarmadillo-dev_1%3a9.800.4+dfsg-1_amd64.deb ...
Unpacking libarmadillo-dev (1:9.800.4+dfsg-1) ...
Selecting previously unselected package libboost1.67-dev:amd64.
Preparing to unpack .../106-libboost1.67-dev_1.67.0-17_amd64.deb ...
Unpacking libboost1.67-dev:amd64 (1.67.0-17) ...
Selecting previously unselected package libboost-dev:amd64.
Preparing to unpack .../107-libboost-dev_1.67.0.2+b1_amd64.deb ...
Unpacking libboost-dev:amd64 (1.67.0.2+b1) ...
Selecting previously unselected package libbz2-dev:amd64.
Preparing to unpack .../108-libbz2-dev_1.0.8-2_amd64.deb ...
Unpacking libbz2-dev:amd64 (1.0.8-2) ...
Selecting previously unselected package libcurl3-gnutls:amd64.
Preparing to unpack .../109-libcurl3-gnutls_7.68.0-1_amd64.deb ...
Unpacking libcurl3-gnutls:amd64 (7.68.0-1) ...
Selecting previously unselected package libcfitsio8:amd64.
Preparing to unpack .../110-libcfitsio8_3.470-3_amd64.deb ...
Unpacking libcfitsio8:amd64 (3.470-3) ...
Selecting previously unselected package libcfitsio-dev:amd64.
Preparing to unpack .../111-libcfitsio-dev_3.470-3_amd64.deb ...
Unpacking libcfitsio-dev:amd64 (3.470-3) ...
Selecting previously unselected package libcharls2:amd64.
Preparing to unpack .../112-libcharls2_2.0.0+dfsg-1+b1_amd64.deb ...
Unpacking libcharls2:amd64 (2.0.0+dfsg-1+b1) ...
Selecting previously unselected package libcharls-dev:amd64.
Preparing to unpack .../113-libcharls-dev_2.0.0+dfsg-1+b1_amd64.deb ...
Unpacking libcharls-dev:amd64 (2.0.0+dfsg-1+b1) ...
Selecting previously unselected package libcurl4-gnutls-dev:amd64.
Preparing to unpack .../114-libcurl4-gnutls-dev_7.68.0-1_amd64.deb ...
Unpacking libcurl4-gnutls-dev:amd64 (7.68.0-1) ...
Selecting previously unselected package libdap25:amd64.
Preparing to unpack .../115-libdap25_3.20.5-1_amd64.deb ...
Unpacking libdap25:amd64 (3.20.5-1) ...
Selecting previously unselected package libdapserver7v5:amd64.
Preparing to unpack .../116-libdapserver7v5_3.20.5-1_amd64.deb ...
Unpacking libdapserver7v5:amd64 (3.20.5-1) ...
Selecting previously unselected package libdapclient6v5:amd64.
Preparing to unpack .../117-libdapclient6v5_3.20.5-1_amd64.deb ...
Unpacking libdapclient6v5:amd64 (3.20.5-1) ...
Selecting previously unselected package libicu-dev:amd64.
Preparing to unpack .../118-libicu-dev_63.2-2_amd64.deb ...
Unpacking libicu-dev:amd64 (63.2-2) ...
Selecting previously unselected package libxml2-dev:amd64.
Preparing to unpack .../119-libxml2-dev_2.9.10+dfsg-3_amd64.deb ...
Unpacking libxml2-dev:amd64 (2.9.10+dfsg-3) ...
Selecting previously unselected package uuid-dev:amd64.
Preparing to unpack .../120-uuid-dev_2.34-0.1_amd64.deb ...
Unpacking uuid-dev:amd64 (2.34-0.1) ...
Selecting previously unselected package pkg-config.
Preparing to unpack .../121-pkg-config_0.29-6_amd64.deb ...
Unpacking pkg-config (0.29-6) ...
Selecting previously unselected package libdap-dev:amd64.
Preparing to unpack .../122-libdap-dev_3.20.5-1_amd64.deb ...
Unpacking libdap-dev:amd64 (3.20.5-1) ...
Selecting previously unselected package libpopt0:amd64.
Preparing to unpack .../123-libpopt0_1.16-14_amd64.deb ...
Unpacking libpopt0:amd64 (1.16-14) ...
Selecting previously unselected package libepsilon1:amd64.
Preparing to unpack .../124-libepsilon1_0.9.2+dfsg-4+b1_amd64.deb ...
Unpacking libepsilon1:amd64 (0.9.2+dfsg-4+b1) ...
Selecting previously unselected package libepsilon-dev:amd64.
Preparing to unpack .../125-libepsilon-dev_0.9.2+dfsg-4+b1_amd64.deb ...
Unpacking libepsilon-dev:amd64 (0.9.2+dfsg-4+b1) ...
Selecting previously unselected package libexpat1-dev:amd64.
Preparing to unpack .../126-libexpat1-dev_2.2.9-1_amd64.deb ...
Unpacking libexpat1-dev:amd64 (2.2.9-1) ...
Selecting previously unselected package libpng16-16:amd64.
Preparing to unpack .../127-libpng16-16_1.6.37-2_amd64.deb ...
Unpacking libpng16-16:amd64 (1.6.37-2) ...
Selecting previously unselected package libfreetype6:amd64.
Preparing to unpack .../128-libfreetype6_2.10.1-2_amd64.deb ...
Unpacking libfreetype6:amd64 (2.10.1-2) ...
Selecting previously unselected package libfontconfig1:amd64.
Preparing to unpack .../129-libfontconfig1_2.13.1-2+b1_amd64.deb ...
Unpacking libfontconfig1:amd64 (2.13.1-2+b1) ...
Selecting previously unselected package libfreexl1:amd64.
Preparing to unpack .../130-libfreexl1_1.0.5-3+b1_amd64.deb ...
Unpacking libfreexl1:amd64 (1.0.5-3+b1) ...
Selecting previously unselected package libfreexl-dev:amd64.
Preparing to unpack .../131-libfreexl-dev_1.0.5-3+b1_amd64.deb ...
Unpacking libfreexl-dev:amd64 (1.0.5-3+b1) ...
Selecting previously unselected package libfyba0:amd64.
Preparing to unpack .../132-libfyba0_4.1.1-6_amd64.deb ...
Unpacking libfyba0:amd64 (4.1.1-6) ...
Selecting previously unselected package libfyba-dev:amd64.
Preparing to unpack .../133-libfyba-dev_4.1.1-6_amd64.deb ...
Unpacking libfyba-dev:amd64 (4.1.1-6) ...
Selecting previously unselected package libgeos-3.8.0:amd64.
Preparing to unpack .../134-libgeos-3.8.0_3.8.0-1_amd64.deb ...
Unpacking libgeos-3.8.0:amd64 (3.8.0-1) ...
Selecting previously unselected package libgeos-c1v5:amd64.
Preparing to unpack .../135-libgeos-c1v5_3.8.0-1_amd64.deb ...
Unpacking libgeos-c1v5:amd64 (3.8.0-1) ...
Selecting previously unselected package proj-data.
Preparing to unpack .../136-proj-data_6.3.1-1_all.deb ...
Unpacking proj-data (6.3.1-1) ...
Selecting previously unselected package libsqlite3-0:amd64.
Preparing to unpack .../137-libsqlite3-0_3.31.1-3_amd64.deb ...
Unpacking libsqlite3-0:amd64 (3.31.1-3) ...
Selecting previously unselected package libproj15:amd64.
Preparing to unpack .../138-libproj15_6.3.1-1_amd64.deb ...
Unpacking libproj15:amd64 (6.3.1-1) ...
Selecting previously unselected package libjbig0:amd64.
Preparing to unpack .../139-libjbig0_2.1-3.1+b2_amd64.deb ...
Unpacking libjbig0:amd64 (2.1-3.1+b2) ...
Selecting previously unselected package libwebp6:amd64.
Preparing to unpack .../140-libwebp6_0.6.1-2+b1_amd64.deb ...
Unpacking libwebp6:amd64 (0.6.1-2+b1) ...
Selecting previously unselected package libtiff5:amd64.
Preparing to unpack .../141-libtiff5_4.1.0+git191117-2_amd64.deb ...
Unpacking libtiff5:amd64 (4.1.0+git191117-2) ...
Selecting previously unselected package libgeotiff5:amd64.
Preparing to unpack .../142-libgeotiff5_1.5.1-2_amd64.deb ...
Unpacking libgeotiff5:amd64 (1.5.1-2) ...
Selecting previously unselected package libgif7:amd64.
Preparing to unpack .../143-libgif7_5.1.9-1_amd64.deb ...
Unpacking libgif7:amd64 (5.1.9-1) ...
Selecting previously unselected package libhdf4-0-alt.
Preparing to unpack .../144-libhdf4-0-alt_4.2.14-1_amd64.deb ...
Unpacking libhdf4-0-alt (4.2.14-1) ...
Selecting previously unselected package libjson-c4:amd64.
Preparing to unpack .../145-libjson-c4_0.13.1+dfsg-7_amd64.deb ...
Unpacking libjson-c4:amd64 (0.13.1+dfsg-7) ...
Selecting previously unselected package libminizip1:amd64.
Preparing to unpack .../146-libminizip1_1.1-8+b1_amd64.deb ...
Unpacking libminizip1:amd64 (1.1-8+b1) ...
Selecting previously unselected package liburiparser1:amd64.
Preparing to unpack .../147-liburiparser1_0.9.3-2_amd64.deb ...
Unpacking liburiparser1:amd64 (0.9.3-2) ...
Selecting previously unselected package libkmlbase1:amd64.
Preparing to unpack .../148-libkmlbase1_1.3.0-8_amd64.deb ...
Unpacking libkmlbase1:amd64 (1.3.0-8) ...
Selecting previously unselected package libkmldom1:amd64.
Preparing to unpack .../149-libkmldom1_1.3.0-8_amd64.deb ...
Unpacking libkmldom1:amd64 (1.3.0-8) ...
Selecting previously unselected package libkmlengine1:amd64.
Preparing to unpack .../150-libkmlengine1_1.3.0-8_amd64.deb ...
Unpacking libkmlengine1:amd64 (1.3.0-8) ...
Selecting previously unselected package libnetcdf15:amd64.
Preparing to unpack .../151-libnetcdf15_1%3a4.7.3-1_amd64.deb ...
Unpacking libnetcdf15:amd64 (1:4.7.3-1) ...
Selecting previously unselected package libltdl7:amd64.
Preparing to unpack .../152-libltdl7_2.4.6-13_amd64.deb ...
Unpacking libltdl7:amd64 (2.4.6-13) ...
Selecting previously unselected package libodbc1:amd64.
Preparing to unpack .../153-libodbc1_2.3.6-0.1+b1_amd64.deb ...
Unpacking libodbc1:amd64 (2.3.6-0.1+b1) ...
Selecting previously unselected package libogdi4.1.
Preparing to unpack .../154-libogdi4.1_4.1.0+ds-1_amd64.deb ...
Unpacking libogdi4.1 (4.1.0+ds-1) ...
Selecting previously unselected package libopenjp2-7:amd64.
Preparing to unpack .../155-libopenjp2-7_2.3.1-1_amd64.deb ...
Unpacking libopenjp2-7:amd64 (2.3.1-1) ...
Selecting previously unselected package liblcms2-2:amd64.
Preparing to unpack .../156-liblcms2-2_2.9-4_amd64.deb ...
Unpacking liblcms2-2:amd64 (2.9-4) ...
Selecting previously unselected package libnspr4:amd64.
Preparing to unpack .../157-libnspr4_2%3a4.24-1_amd64.deb ...
Unpacking libnspr4:amd64 (2:4.24-1) ...
Selecting previously unselected package libnss3:amd64.
Preparing to unpack .../158-libnss3_2%3a3.50-1_amd64.deb ...
Unpacking libnss3:amd64 (2:3.50-1) ...
Selecting previously unselected package libpoppler82:amd64.
Preparing to unpack .../159-libpoppler82_0.71.0-6_amd64.deb ...
Unpacking libpoppler82:amd64 (0.71.0-6) ...
Selecting previously unselected package libpq5:amd64.
Preparing to unpack .../160-libpq5_12.2-1_amd64.deb ...
Unpacking libpq5:amd64 (12.2-1) ...
Selecting previously unselected package libqhull7:amd64.
Preparing to unpack .../161-libqhull7_2015.2-4_amd64.deb ...
Unpacking libqhull7:amd64 (2015.2-4) ...
Selecting previously unselected package libspatialite7:amd64.
Preparing to unpack .../162-libspatialite7_4.3.0a-6+b1_amd64.deb ...
Unpacking libspatialite7:amd64 (4.3.0a-6+b1) ...
Selecting previously unselected package libxerces-c3.2:amd64.
Preparing to unpack .../163-libxerces-c3.2_3.2.2+debian-1+b1_amd64.deb ...
Unpacking libxerces-c3.2:amd64 (3.2.2+debian-1+b1) ...
Selecting previously unselected package odbcinst.
Preparing to unpack .../164-odbcinst_2.3.6-0.1+b1_amd64.deb ...
Unpacking odbcinst (2.3.6-0.1+b1) ...
Selecting previously unselected package odbcinst1debian2:amd64.
Preparing to unpack .../165-odbcinst1debian2_2.3.6-0.1+b1_amd64.deb ...
Unpacking odbcinst1debian2:amd64 (2.3.6-0.1+b1) ...
Selecting previously unselected package libgdal26.
Preparing to unpack .../166-libgdal26_3.0.4+dfsg-1_amd64.deb ...
Unpacking libgdal26 (3.0.4+dfsg-1) ...
Selecting previously unselected package libgeos-dev.
Preparing to unpack .../167-libgeos-dev_3.8.0-1_amd64.deb ...
Unpacking libgeos-dev (3.8.0-1) ...
Selecting previously unselected package libsqlite3-dev:amd64.
Preparing to unpack .../168-libsqlite3-dev_3.31.1-3_amd64.deb ...
Unpacking libsqlite3-dev:amd64 (3.31.1-3) ...
Selecting previously unselected package libproj-dev:amd64.
Preparing to unpack .../169-libproj-dev_6.3.1-1_amd64.deb ...
Unpacking libproj-dev:amd64 (6.3.1-1) ...
Selecting previously unselected package libjbig-dev:amd64.
Preparing to unpack .../170-libjbig-dev_2.1-3.1+b2_amd64.deb ...
Unpacking libjbig-dev:amd64 (2.1-3.1+b2) ...
Selecting previously unselected package liblzma-dev:amd64.
Preparing to unpack .../171-liblzma-dev_5.2.4-1+b1_amd64.deb ...
Unpacking liblzma-dev:amd64 (5.2.4-1+b1) ...
Selecting previously unselected package libtiffxx5:amd64.
Preparing to unpack .../172-libtiffxx5_4.1.0+git191117-2_amd64.deb ...
Unpacking libtiffxx5:amd64 (4.1.0+git191117-2) ...
Selecting previously unselected package libtiff-dev:amd64.
Preparing to unpack .../173-libtiff-dev_4.1.0+git191117-2_amd64.deb ...
Unpacking libtiff-dev:amd64 (4.1.0+git191117-2) ...
Selecting previously unselected package libgeotiff-dev:amd64.
Preparing to unpack .../174-libgeotiff-dev_1.5.1-2_amd64.deb ...
Unpacking libgeotiff-dev:amd64 (1.5.1-2) ...
Selecting previously unselected package libgif-dev.
Preparing to unpack .../175-libgif-dev_5.1.9-1_amd64.deb ...
Unpacking libgif-dev (5.1.9-1) ...
Selecting previously unselected package libnetcdf-dev.
Preparing to unpack .../176-libnetcdf-dev_1%3a4.7.3-1_amd64.deb ...
Unpacking libnetcdf-dev (1:4.7.3-1) ...
Selecting previously unselected package libhdf4-alt-dev.
Preparing to unpack .../177-libhdf4-alt-dev_4.2.14-1_amd64.deb ...
Unpacking libhdf4-alt-dev (4.2.14-1) ...
Selecting previously unselected package libjson-c-dev:amd64.
Preparing to unpack .../178-libjson-c-dev_0.13.1+dfsg-7_amd64.deb ...
Unpacking libjson-c-dev:amd64 (0.13.1+dfsg-7) ...
Selecting previously unselected package libkmlconvenience1:amd64.
Preparing to unpack .../179-libkmlconvenience1_1.3.0-8_amd64.deb ...
Unpacking libkmlconvenience1:amd64 (1.3.0-8) ...
Selecting previously unselected package libkmlregionator1:amd64.
Preparing to unpack .../180-libkmlregionator1_1.3.0-8_amd64.deb ...
Unpacking libkmlregionator1:amd64 (1.3.0-8) ...
Selecting previously unselected package libkmlxsd1:amd64.
Preparing to unpack .../181-libkmlxsd1_1.3.0-8_amd64.deb ...
Unpacking libkmlxsd1:amd64 (1.3.0-8) ...
Selecting previously unselected package libminizip-dev:amd64.
Preparing to unpack .../182-libminizip-dev_1.1-8+b1_amd64.deb ...
Unpacking libminizip-dev:amd64 (1.1-8+b1) ...
Selecting previously unselected package liburiparser-dev.
Preparing to unpack .../183-liburiparser-dev_0.9.3-2_amd64.deb ...
Unpacking liburiparser-dev (0.9.3-2) ...
Selecting previously unselected package libkml-dev:amd64.
Preparing to unpack .../184-libkml-dev_1.3.0-8_amd64.deb ...
Unpacking libkml-dev:amd64 (1.3.0-8) ...
Selecting previously unselected package libltdl-dev:amd64.
Preparing to unpack .../185-libltdl-dev_2.4.6-13_amd64.deb ...
Unpacking libltdl-dev:amd64 (2.4.6-13) ...
Selecting previously unselected package libogdi-dev.
Preparing to unpack .../186-libogdi-dev_4.1.0+ds-1_amd64.deb ...
Unpacking libogdi-dev (4.1.0+ds-1) ...
Selecting previously unselected package libopenjp2-7-dev.
Preparing to unpack .../187-libopenjp2-7-dev_2.3.1-1_amd64.deb ...
Unpacking libopenjp2-7-dev (2.3.1-1) ...
Selecting previously unselected package libpcre16-3:amd64.
Preparing to unpack .../188-libpcre16-3_2%3a8.39-12+b1_amd64.deb ...
Unpacking libpcre16-3:amd64 (2:8.39-12+b1) ...
Selecting previously unselected package libpcre32-3:amd64.
Preparing to unpack .../189-libpcre32-3_2%3a8.39-12+b1_amd64.deb ...
Unpacking libpcre32-3:amd64 (2:8.39-12+b1) ...
Selecting previously unselected package libpcrecpp0v5:amd64.
Preparing to unpack .../190-libpcrecpp0v5_2%3a8.39-12+b1_amd64.deb ...
Unpacking libpcrecpp0v5:amd64 (2:8.39-12+b1) ...
Selecting previously unselected package libpcre3-dev:amd64.
Preparing to unpack .../191-libpcre3-dev_2%3a8.39-12+b1_amd64.deb ...
Unpacking libpcre3-dev:amd64 (2:8.39-12+b1) ...
Selecting previously unselected package libpng-dev:amd64.
Preparing to unpack .../192-libpng-dev_1.6.37-2_amd64.deb ...
Unpacking libpng-dev:amd64 (1.6.37-2) ...
Selecting previously unselected package libpoppler-dev:amd64.
Preparing to unpack .../193-libpoppler-dev_0.71.0-6_amd64.deb ...
Unpacking libpoppler-dev:amd64 (0.71.0-6) ...
Selecting previously unselected package libpoppler-private-dev:amd64.
Preparing to unpack .../194-libpoppler-private-dev_0.71.0-6_amd64.deb ...
Unpacking libpoppler-private-dev:amd64 (0.71.0-6) ...
Selecting previously unselected package libpq-dev.
Preparing to unpack .../195-libpq-dev_12.2-1_amd64.deb ...
Unpacking libpq-dev (12.2-1) ...
Selecting previously unselected package libqhull-r7:amd64.
Preparing to unpack .../196-libqhull-r7_2015.2-4_amd64.deb ...
Unpacking libqhull-r7:amd64 (2015.2-4) ...
Selecting previously unselected package libqhull-dev:amd64.
Preparing to unpack .../197-libqhull-dev_2015.2-4_amd64.deb ...
Unpacking libqhull-dev:amd64 (2015.2-4) ...
Selecting previously unselected package libspatialite-dev:amd64.
Preparing to unpack .../198-libspatialite-dev_4.3.0a-6+b1_amd64.deb ...
Unpacking libspatialite-dev:amd64 (4.3.0a-6+b1) ...
Selecting previously unselected package libwebpmux3:amd64.
Preparing to unpack .../199-libwebpmux3_0.6.1-2+b1_amd64.deb ...
Unpacking libwebpmux3:amd64 (0.6.1-2+b1) ...
Selecting previously unselected package libwebpdemux2:amd64.
Preparing to unpack .../200-libwebpdemux2_0.6.1-2+b1_amd64.deb ...
Unpacking libwebpdemux2:amd64 (0.6.1-2+b1) ...
Selecting previously unselected package libwebp-dev:amd64.
Preparing to unpack .../201-libwebp-dev_0.6.1-2+b1_amd64.deb ...
Unpacking libwebp-dev:amd64 (0.6.1-2+b1) ...
Selecting previously unselected package libxerces-c-dev.
Preparing to unpack .../202-libxerces-c-dev_3.2.2+debian-1+b1_amd64.deb ...
Unpacking libxerces-c-dev (3.2.2+debian-1+b1) ...
Selecting previously unselected package libzstd-dev:amd64.
Preparing to unpack .../203-libzstd-dev_1.4.4+dfsg-3_amd64.deb ...
Unpacking libzstd-dev:amd64 (1.4.4+dfsg-3) ...
Selecting previously unselected package unixodbc-dev:amd64.
Preparing to unpack .../204-unixodbc-dev_2.3.6-0.1+b1_amd64.deb ...
Unpacking unixodbc-dev:amd64 (2.3.6-0.1+b1) ...
Selecting previously unselected package libgdal-dev.
Preparing to unpack .../205-libgdal-dev_3.0.4+dfsg-1_amd64.deb ...
Unpacking libgdal-dev (3.0.4+dfsg-1) ...
Selecting previously unselected package libgeos++-dev.
Preparing to unpack .../206-libgeos++-dev_3.8.0-1_amd64.deb ...
Unpacking libgeos++-dev (3.8.0-1) ...
Selecting previously unselected package libprotozero-dev.
Preparing to unpack .../207-libprotozero-dev_1.6.8-1_amd64.deb ...
Unpacking libprotozero-dev (1.6.8-1) ...
Selecting previously unselected package libosmium2-dev.
Preparing to unpack .../208-libosmium2-dev_2.15.4-1_amd64.deb ...
Unpacking libosmium2-dev (2.15.4-1) ...
Selecting previously unselected package libreadosm1:amd64.
Preparing to unpack .../209-libreadosm1_1.1.0+dfsg-3+b1_amd64.deb ...
Unpacking libreadosm1:amd64 (1.1.0+dfsg-3+b1) ...
Selecting previously unselected package pandoc-data.
Preparing to unpack .../210-pandoc-data_2.5-3_all.deb ...
Unpacking pandoc-data (2.5-3) ...
Selecting previously unselected package pandoc.
Preparing to unpack .../211-pandoc_2.5-3+b1_amd64.deb ...
Unpacking pandoc (2.5-3+b1) ...
Selecting previously unselected package spatialite-bin.
Preparing to unpack .../212-spatialite-bin_4.3.0-3+b1_amd64.deb ...
Unpacking spatialite-bin (4.3.0-3+b1) ...
Selecting previously unselected package sqlite3.
Preparing to unpack .../213-sqlite3_3.31.1-3_amd64.deb ...
Unpacking sqlite3 (3.31.1-3) ...
Selecting previously unselected package sbuild-build-depends-main-dummy.
Preparing to unpack .../214-sbuild-build-depends-main-dummy_0.invalid.0_amd64.deb ...
Unpacking sbuild-build-depends-main-dummy (0.invalid.0) ...
Setting up libboost1.67-dev:amd64 (1.67.0-17) ...
Setting up libexpat1:amd64 (2.2.9-1) ...
Setting up libreadosm1:amd64 (1.1.0+dfsg-3+b1) ...
Setting up libpcrecpp0v5:amd64 (2:8.39-12+b1) ...
Setting up libpipeline1:amd64 (1.5.2-2) ...
Setting up liblcms2-2:amd64 (2.9-4) ...
Setting up mysql-common (5.8+1.0.5) ...
update-alternatives: using /etc/mysql/my.cnf.fallback to provide /etc/mysql/my.cnf (my.cnf) in auto mode
Setting up libkeyutils1:amd64 (1.6.1-2) ...
Setting up libpsl5:amd64 (0.20.2-2) ...
Setting up libgnutls-openssl27:amd64 (3.6.12-2) ...
Setting up libzstd-dev:amd64 (1.4.4+dfsg-3) ...
Setting up proj-data (6.3.1-1) ...
Setting up libpcre16-3:amd64 (2:8.39-12+b1) ...
Setting up hdf5-helpers (1.10.4+repack-11) ...
Setting up libgeos-3.8.0:amd64 (3.8.0-1) ...
Setting up libmagic-mgc (1:5.38-4) ...
Setting up libogdi4.1 (4.1.0+ds-1) ...
Setting up libcharls2:amd64 (2.0.0+dfsg-1+b1) ...
Setting up libminizip1:amd64 (1.1-8+b1) ...
Setting up libarchive-zip-perl (1.67-1) ...
Setting up libglib2.0-0:amd64 (2.62.4-2) ...
No schema files found: doing nothing.
Setting up libssl1.1:amd64 (1.1.1d-2) ...
Setting up libdebhelper-perl (12.9) ...
Setting up libbrotli1:amd64 (1.0.7-6) ...
Setting up libsqlite3-0:amd64 (3.31.1-3) ...
Setting up libnghttp2-14:amd64 (1.40.0-1) ...
Setting up libmagic1:amd64 (1:5.38-4) ...
Setting up gettext-base (0.19.8.1-10) ...
Setting up libqhull7:amd64 (2015.2-4) ...
Setting up file (1:5.38-4) ...
Setting up libldap-common (2.4.49+dfsg-1) ...
Setting up libprotozero-dev (1.6.8-1) ...
Setting up libjbig0:amd64 (2.1-3.1+b2) ...
Setting up libaec0:amd64 (1.0.4-1) ...
Setting up libicu63:amd64 (63.2-2) ...
Setting up gdal-data (3.0.4+dfsg-1) ...
Setting up libkrb5support0:amd64 (1.17-6) ...
Setting up libsasl2-modules-db:amd64 (2.1.27+dfsg-2) ...
Setting up mariadb-common (1:10.3.22-1) ...
update-alternatives: using /etc/mysql/mariadb.cnf to provide /etc/mysql/my.cnf (my.cnf) in auto mode
Setting up libminizip-dev:amd64 (1.1-8+b1) ...
Setting up autotools-dev (20180224.1) ...
Setting up libblas3:amd64 (3.9.0-1) ...
update-alternatives: using /usr/lib/x86_64-linux-gnu/blas/libblas.so.3 to provide /usr/lib/x86_64-linux-gnu/libblas.so.3 (libblas.so.3-x86_64-linux-gnu) in auto mode
Setting up libgmpxx4ldbl:amd64 (2:6.2.0+dfsg-4) ...
Setting up libuv1:amd64 (1.34.2-1) ...
Setting up libexpat1-dev:amd64 (2.2.9-1) ...
Setting up libjpeg62-turbo:amd64 (1:1.5.2-2+b1) ...
Setting up libsqlite3-dev:amd64 (3.31.1-3) ...
Setting up libjpeg62-turbo-dev:amd64 (1:1.5.2-2+b1) ...
Setting up libnspr4:amd64 (2:4.24-1) ...
Setting up librtmp1:amd64 (2.4+20151223.gitfa8646d.1-2+b1) ...
Setting up uuid-dev:amd64 (2.34-0.1) ...
Setting up libncurses6:amd64 (6.1+20191019-1) ...
Setting up libsigsegv2:amd64 (2.12-2) ...
Setting up bsdmainutils (11.1.2+b1) ...
update-alternatives: using /usr/bin/bsd-write to provide /usr/bin/write (write) in auto mode
update-alternatives: using /usr/bin/bsd-from to provide /usr/bin/from (from) in auto mode
Setting up libpng16-16:amd64 (1.6.37-2) ...
Setting up libpcre32-3:amd64 (2:8.39-12+b1) ...
Setting up libevent-2.1-7:amd64 (2.1.11-stable-1) ...
Setting up autopoint (0.19.8.1-10) ...
Setting up libwebp6:amd64 (0.6.1-2+b1) ...
Setting up icu-devtools (63.2-2) ...
Setting up libgeos-c1v5:amd64 (3.8.0-1) ...
Setting up pkg-config (0.29-6) ...
Setting up libmariadb3:amd64 (1:10.3.22-1) ...
Setting up fonts-dejavu-core (2.37-1) ...
Setting up libgnutlsxx28:amd64 (3.6.12-2) ...
Setting up libproj15:amd64 (6.3.1-1) ...
Setting up libk5crypto3:amd64 (1.17-6) ...
Setting up libltdl7:amd64 (2.4.6-13) ...
Setting up libidn2-dev:amd64 (2.2.0-2) ...
Setting up libsasl2-2:amd64 (2.1.27+dfsg-2) ...
Setting up libgfortran5:amd64 (10-20200222-1) ...
Setting up libhdf4-0-alt (4.2.14-1) ...
Setting up liblzma-dev:amd64 (5.2.4-1+b1) ...
Setting up libgif7:amd64 (5.1.9-1) ...
Setting up zlib1g-dev:amd64 (1:1.2.11.dfsg-1.2) ...
Setting up liburiparser1:amd64 (0.9.3-2) ...
Setting up libfreexl1:amd64 (1.0.5-3+b1) ...
Setting up sensible-utils (0.0.12+nmu1) ...
Setting up libgif-dev (5.1.9-1) ...
Setting up librhash0:amd64 (1.3.9-1) ...
Setting up libfyba0:amd64 (4.1.1-6) ...
Setting up libuchardet0:amd64 (0.0.6-3) ...
Setting up libkmlbase1:amd64 (1.3.0-8) ...
Setting up libopenjp2-7:amd64 (2.3.1-1) ...
Setting up libsub-override-perl (0.09-2) ...
Setting up libssh2-1:amd64 (1.8.0-2.1) ...
Setting up cmake-data (3.16.3-1) ...
Setting up libkrb5-3:amd64 (1.17-6) ...
Setting up libboost-dev:amd64 (1.67.0.2+b1) ...
Setting up libtiff5:amd64 (4.1.0+git191117-2) ...
Setting up libqhull-r7:amd64 (2015.2-4) ...
Setting up pandoc-data (2.5-3) ...
Setting up libjson-c4:amd64 (0.13.1+dfsg-7) ...
Setting up libtasn1-6-dev:amd64 (4.16.0-2) ...
Setting up libwebpmux3:amd64 (0.6.1-2+b1) ...
Setting up libelf1:amd64 (0.176-1.1) ...
Setting up readline-common (8.0-3) ...
Setting up libogdi-dev (4.1.0+ds-1) ...
Setting up libicu-dev:amd64 (63.2-2) ...
Setting up libxml2:amd64 (2.9.10+dfsg-3) ...
Setting up libprocps8:amd64 (2:3.3.16-1+b1) ...
Setting up libp11-kit-dev:amd64 (0.23.20-1) ...
Setting up libblas-dev:amd64 (3.9.0-1) ...
update-alternatives: using /usr/lib/x86_64-linux-gnu/blas/libblas.so to provide /usr/lib/x86_64-linux-gnu/libblas.so (libblas.so-x86_64-linux-gnu) in auto mode
Setting up libsz2:amd64 (1.0.4-1) ...
Setting up libjsoncpp1:amd64 (1.7.4-3.1) ...
Setting up libkmlxsd1:amd64 (1.3.0-8) ...
Setting up libtiffxx5:amd64 (4.1.0+git191117-2) ...
Setting up libpopt0:amd64 (1.16-14) ...
Setting up libbz2-dev:amd64 (1.0.8-2) ...
Setting up libkmldom1:amd64 (1.3.0-8) ...
Setting up libspatialite7:amd64 (4.3.0a-6+b1) ...
Setting up libfile-stripnondeterminism-perl (1.6.3-2) ...
Setting up libcharls-dev:amd64 (2.0.0+dfsg-1+b1) ...
Setting up liblapack3:amd64 (3.9.0-1) ...
update-alternatives: using /usr/lib/x86_64-linux-gnu/lapack/liblapack.so.3 to provide /usr/lib/x86_64-linux-gnu/liblapack.so.3 (liblapack.so.3-x86_64-linux-gnu) in auto mode
Setting up libgmp-dev:amd64 (2:6.2.0+dfsg-4) ...
Setting up libkmlengine1:amd64 (1.3.0-8) ...
Setting up nettle-dev:amd64 (3.5.1+really3.5.1-2) ...
Setting up libkmlconvenience1:amd64 (1.3.0-8) ...
Setting up libtool (2.4.6-13) ...
Setting up libarchive13:amd64 (3.4.0-1+b1) ...
Setting up libpcre3-dev:amd64 (2:8.39-12+b1) ...
Setting up libjson-c-dev:amd64 (0.13.1+dfsg-7) ...
Setting up libfreexl-dev:amd64 (1.0.5-3+b1) ...
Setting up libfyba-dev:amd64 (4.1.1-6) ...
Setting up libwebpdemux2:amd64 (0.6.1-2+b1) ...
Setting up libreadline8:amd64 (8.0-3) ...
Setting up libpng-dev:amd64 (1.6.37-2) ...
Setting up libaec-dev:amd64 (1.0.4-1) ...
Setting up libarpack2:amd64 (3.7.0-3) ...
Setting up libjpeg-dev (1:1.5.2-2) ...
Setting up libjbig-dev:amd64 (2.1-3.1+b2) ...
Setting up libsuperlu5:amd64 (5.2.1+dfsg1-4) ...
Setting up libldap-2.4-2:amd64 (2.4.49+dfsg-1) ...
Setting up m4 (1.4.18-4) ...
Setting up libdap25:amd64 (3.20.5-1) ...
Setting up libnss3:amd64 (2:3.50-1) ...
Setting up libepsilon1:amd64 (0.9.2+dfsg-4+b1) ...
Setting up spatialite-bin (4.3.0-3+b1) ...
Setting up libdapserver7v5:amd64 (3.20.5-1) ...
Setting up libgeotiff5:amd64 (1.5.1-2) ...
Setting up liburiparser-dev (0.9.3-2) ...
Setting up libxml2-dev:amd64 (2.9.10+dfsg-3) ...
Setting up libwebp-dev:amd64 (0.6.1-2+b1) ...
Setting up libunbound8:amd64 (1.9.6-2) ...
Setting up pandoc (2.5-3+b1) ...
Setting up libfreetype6:amd64 (2.10.1-2) ...
Setting up libtiff-dev:amd64 (4.1.0+git191117-2) ...
Setting up libopenjp2-7-dev (2.3.1-1) ...
Setting up libkmlregionator1:amd64 (1.3.0-8) ...
Setting up libgeos-dev (3.8.0-1) ...
Setting up libosmium2-dev (2.15.4-1) ...
Setting up libhdf5-103:amd64 (1.10.4+repack-11) ...
Setting up libgeos++-dev (3.8.0-1) ...
Setting up liblapack-dev:amd64 (3.9.0-1) ...
update-alternatives: using /usr/lib/x86_64-linux-gnu/lapack/liblapack.so to provide /usr/lib/x86_64-linux-gnu/liblapack.so (liblapack.so-x86_64-linux-gnu) in auto mode
Setting up libproj-dev:amd64 (6.3.1-1) ...
Setting up libgssapi-krb5-2:amd64 (1.17-6) ...
Setting up libcroco3:amd64 (0.6.13-1) ...
Setting up libodbc1:amd64 (2.3.6-0.1+b1) ...
Setting up ucf (3.0038+nmu1) ...
Setting up libspatialite-dev:amd64 (4.3.0a-6+b1) ...
Setting up libqhull-dev:amd64 (2015.2-4) ...
Setting up autoconf (2.69-11.1) ...
Setting up dh-strip-nondeterminism (1.6.3-2) ...
Setting up dwz (0.13-5) ...
Setting up groff-base (1.22.4-4) ...
Setting up procps (2:3.3.16-1+b1) ...
update-alternatives: using /usr/bin/w.procps to provide /usr/bin/w (w) in auto mode
Setting up libcurl4:amd64 (7.68.0-1) ...
Setting up libarmadillo9 (1:9.800.4+dfsg-1) ...
Setting up libepsilon-dev:amd64 (0.9.2+dfsg-4+b1) ...
Setting up libsuperlu-dev:amd64 (5.2.1+dfsg1-4) ...
Setting up sqlite3 (3.31.1-3) ...
Setting up automake (1:1.16.1-4) ...
update-alternatives: using /usr/bin/automake-1.16 to provide /usr/bin/automake (automake) in auto mode
Setting up libkml-dev:amd64 (1.3.0-8) ...
Setting up libgnutls-dane0:amd64 (3.6.12-2) ...
Setting up libarpack2-dev:amd64 (3.7.0-3) ...
Setting up gettext (0.19.8.1-10) ...
Setting up libgeotiff-dev:amd64 (1.5.1-2) ...
Setting up fontconfig-config (2.13.1-2) ...
Setting up libhdf5-cpp-103:amd64 (1.10.4+repack-11) ...
Setting up libpq5:amd64 (12.2-1) ...
Setting up libpq-dev (12.2-1) ...
Setting up libcurl3-gnutls:amd64 (7.68.0-1) ...
Setting up libcurl4-gnutls-dev:amd64 (7.68.0-1) ...
Setting up man-db (2.9.0-2) ...
Not building database; man-db/auto-update is not 'true'.
Setting up intltool-debian (0.35.0+20060710.5) ...
Setting up libnetcdf15:amd64 (1:4.7.3-1) ...
Setting up libltdl-dev:amd64 (2.4.6-13) ...
Setting up libcfitsio8:amd64 (3.470-3) ...
Setting up libhdf5-dev (1.10.4+repack-11) ...
update-alternatives: using /usr/lib/x86_64-linux-gnu/pkgconfig/hdf5-serial.pc to provide /usr/lib/x86_64-linux-gnu/pkgconfig/hdf5.pc (hdf5.pc) in auto mode
Setting up libnetcdf-dev (1:4.7.3-1) ...
Setting up libdapclient6v5:amd64 (3.20.5-1) ...
Setting up cmake (3.16.3-1) ...
Setting up libfontconfig1:amd64 (2.13.1-2+b1) ...
Setting up libdap-dev:amd64 (3.20.5-1) ...
Setting up libgnutls28-dev:amd64 (3.6.12-2) ...
Setting up libcfitsio-dev:amd64 (3.470-3) ...
Setting up libxerces-c3.2:amd64 (3.2.2+debian-1+b1) ...
Setting up po-debconf (1.0.21) ...
Setting up libpoppler82:amd64 (0.71.0-6) ...
Setting up libarmadillo-dev (1:9.800.4+dfsg-1) ...
Setting up libxerces-c-dev (3.2.2+debian-1+b1) ...
Setting up libhdf4-alt-dev (4.2.14-1) ...
Setting up libmariadb-dev (1:10.3.22-1) ...
Setting up libpoppler-dev:amd64 (0.71.0-6) ...
Setting up libmariadb-dev-compat:amd64 (1:10.3.22-1) ...
Setting up libpoppler-private-dev:amd64 (0.71.0-6) ...
Setting up default-libmysqlclient-dev:amd64 (1.0.5) ...
Setting up odbcinst (2.3.6-0.1+b1) ...
Setting up debhelper (12.9) ...
Setting up dh-autoreconf (19) ...
Setting up odbcinst1debian2:amd64 (2.3.6-0.1+b1) ...
Setting up unixodbc-dev:amd64 (2.3.6-0.1+b1) ...
Setting up libgdal26 (3.0.4+dfsg-1) ...
Setting up libgdal-dev (3.0.4+dfsg-1) ...
Setting up sbuild-build-depends-main-dummy (0.invalid.0) ...
Processing triggers for libc-bin (2.29-10) ...

+------------------------------------------------------------------------------+
| Check architectures                                                          |
+------------------------------------------------------------------------------+

Arch check ok (amd64 included in any)

+------------------------------------------------------------------------------+
| Build environment                                                            |
+------------------------------------------------------------------------------+

Kernel: Linux 4.19.0-6-cloud-amd64 #1 SMP Debian 4.19.67-2+deb10u2 (2019-11-11) amd64 (x86_64)
Toolchain package versions: binutils_2.34-3 dpkg-dev_1.19.7 g++-9_9.2.1-29 gcc-9_9.2.1-29 libc6-dev_2.29-10 libstdc++-9-dev_9.2.1-29 libstdc++6_10-20200222-1 linux-libc-dev_5.4.19-1
Package versions: adduser_3.118 apt_1.8.4 autoconf_2.69-11.1 automake_1:1.16.1-4 autopoint_0.19.8.1-10 autotools-dev_20180224.1 base-files_11 base-passwd_3.5.47 bash_5.0-5 binutils_2.34-3 binutils-common_2.34-3 binutils-x86-64-linux-gnu_2.34-3 bsdmainutils_11.1.2+b1 bsdutils_1:2.34-0.1 build-essential_12.8 bzip2_1.0.8-2 clang-10_1:10.0.0~+rc2-1 cmake_3.16.3-1 cmake-data_3.16.3-1 coreutils_8.30-3+b1 cpp_4:9.2.1-3.1 cpp-9_9.2.1-29 dash_0.5.10.2-6 debconf_1.5.73 debhelper_12.9 debian-archive-keyring_2019.1 debianutils_4.9.1 default-libmysqlclient-dev_1.0.5 dh-autoreconf_19 dh-strip-nondeterminism_1.6.3-2 diffutils_1:3.7-3 dpkg_1.19.7 dpkg-dev_1.19.7 dwz_0.13-5 e2fsprogs_1.45.5-2 fakeroot_1.24-1 fdisk_2.34-0.1 file_1:5.38-4 findutils_4.7.0-1 fontconfig-config_2.13.1-2 fonts-dejavu-core_2.37-1 g++_4:9.2.1-3.1 g++-9_9.2.1-29 gcc_4:9.2.1-3.1 gcc-10-base_10-20200222-1 gcc-9_9.2.1-29 gcc-9-base_9.2.1-29 gdal-data_3.0.4+dfsg-1 gettext_0.19.8.1-10 gettext-base_0.19.8.1-10 gpgv_2.2.19-1 grep_3.4-1 groff-base_1.22.4-4 gzip_1.9-3+b1 hdf5-helpers_1.10.4+repack-11 hostname_3.23 icu-devtools_63.2-2 init-system-helpers_1.57 intltool-debian_0.35.0+20060710.5 lib32gcc-s1_10-20200222-1 lib32gcc1_1:10-20200222-1 lib32stdc++6_10-20200222-1 libacl1_2.2.53-5 libaec-dev_1.0.4-1 libaec0_1.0.4-1 libapt-pkg5.0_1.8.4 libarchive-zip-perl_1.67-1 libarchive13_3.4.0-1+b1 libarmadillo-dev_1:9.800.4+dfsg-1 libarmadillo9_1:9.800.4+dfsg-1 libarpack2_3.7.0-3 libarpack2-dev_3.7.0-3 libasan5_9.2.1-29 libatomic1_10-20200222-1 libattr1_1:2.4.48-5 libaudit-common_1:2.8.5-2 libaudit1_1:2.8.5-2+b1 libbinutils_2.34-3 libblas-dev_3.9.0-1 libblas3_3.9.0-1 libblkid1_2.34-0.1 libboost-dev_1.67.0.2+b1 libboost1.67-dev_1.67.0-17 libbrotli1_1.0.7-6 libbsd0_0.10.0-1 libbz2-1.0_1.0.8-2 libbz2-dev_1.0.8-2 libc-bin_2.29-10 libc-dev-bin_2.29-10 libc6_2.29-10 libc6-dev_2.29-10 libc6-i386_2.29-10 libcap-ng0_0.7.9-2.1+b1 libcc1-0_10-20200222-1 libcfitsio-dev_3.470-3 libcfitsio8_3.470-3 libcharls-dev_2.0.0+dfsg-1+b1 libcharls2_2.0.0+dfsg-1+b1 libclang-common-10-dev_1:10.0.0~+rc2-1 libclang-cpp10_1:10.0.0~+rc2-1 libclang1-10_1:10.0.0~+rc2-1 libcom-err2_1.45.5-2 libcroco3_0.6.13-1 libcrypt-dev_1:4.4.10-10 libcrypt1_1:4.4.10-10 libctf-nobfd0_2.34-3 libctf0_2.34-3 libcurl3-gnutls_7.68.0-1 libcurl4_7.68.0-1 libcurl4-gnutls-dev_7.68.0-1 libdap-dev_3.20.5-1 libdap25_3.20.5-1 libdapclient6v5_3.20.5-1 libdapserver7v5_3.20.5-1 libdb5.3_5.3.28+dfsg1-0.6 libdebconfclient0_0.251 libdebhelper-perl_12.9 libdpkg-perl_1.19.7 libedit2_3.1-20191231-1 libelf1_0.176-1.1 libepsilon-dev_0.9.2+dfsg-4+b1 libepsilon1_0.9.2+dfsg-4+b1 libevent-2.1-7_2.1.11-stable-1 libexpat1_2.2.9-1 libexpat1-dev_2.2.9-1 libext2fs2_1.45.5-2 libfakeroot_1.24-1 libfdisk1_2.34-0.1 libffi7_3.3-3 libfile-stripnondeterminism-perl_1.6.3-2 libfontconfig1_2.13.1-2+b1 libfreetype6_2.10.1-2 libfreexl-dev_1.0.5-3+b1 libfreexl1_1.0.5-3+b1 libfyba-dev_4.1.1-6 libfyba0_4.1.1-6 libgc1c2_1:7.6.4-0.4 libgcc-9-dev_9.2.1-29 libgcc-s1_10-20200222-1 libgcc1_1:10-20200222-1 libgcrypt20_1.8.5-5 libgdal-dev_3.0.4+dfsg-1 libgdal26_3.0.4+dfsg-1 libgdbm-compat4_1.18.1-5 libgdbm6_1.18.1-5 libgeos++-dev_3.8.0-1 libgeos-3.8.0_3.8.0-1 libgeos-c1v5_3.8.0-1 libgeos-dev_3.8.0-1 libgeotiff-dev_1.5.1-2 libgeotiff5_1.5.1-2 libgfortran5_10-20200222-1 libgif-dev_5.1.9-1 libgif7_5.1.9-1 libglib2.0-0_2.62.4-2 libgmp-dev_2:6.2.0+dfsg-4 libgmp10_2:6.2.0+dfsg-4 libgmpxx4ldbl_2:6.2.0+dfsg-4 libgnutls-dane0_3.6.12-2 libgnutls-openssl27_3.6.12-2 libgnutls28-dev_3.6.12-2 libgnutls30_3.6.12-2 libgnutlsxx28_3.6.12-2 libgomp1_10-20200222-1 libgpg-error0_1.37-1 libgssapi-krb5-2_1.17-6 libhdf4-0-alt_4.2.14-1 libhdf4-alt-dev_4.2.14-1 libhdf5-103_1.10.4+repack-11 libhdf5-cpp-103_1.10.4+repack-11 libhdf5-dev_1.10.4+repack-11 libhogweed5_3.5.1+really3.5.1-2 libicu-dev_63.2-2 libicu63_63.2-2 libidn2-0_2.2.0-2 libidn2-dev_2.2.0-2 libisl22_0.22.1-1 libitm1_10-20200222-1 libjbig-dev_2.1-3.1+b2 libjbig0_2.1-3.1+b2 libjpeg-dev_1:1.5.2-2 libjpeg62-turbo_1:1.5.2-2+b1 libjpeg62-turbo-dev_1:1.5.2-2+b1 libjson-c-dev_0.13.1+dfsg-7 libjson-c4_0.13.1+dfsg-7 libjsoncpp1_1.7.4-3.1 libk5crypto3_1.17-6 libkeyutils1_1.6.1-2 libkml-dev_1.3.0-8 libkmlbase1_1.3.0-8 libkmlconvenience1_1.3.0-8 libkmldom1_1.3.0-8 libkmlengine1_1.3.0-8 libkmlregionator1_1.3.0-8 libkmlxsd1_1.3.0-8 libkrb5-3_1.17-6 libkrb5support0_1.17-6 liblapack-dev_3.9.0-1 liblapack3_3.9.0-1 liblcms2-2_2.9-4 libldap-2.4-2_2.4.49+dfsg-1 libldap-common_2.4.49+dfsg-1 libllvm10_1:10.0.0~+rc2-1 liblsan0_10-20200222-1 libltdl-dev_2.4.6-13 libltdl7_2.4.6-13 liblz4-1_1.9.2-2 liblzma-dev_5.2.4-1+b1 liblzma5_5.2.4-1+b1 libmagic-mgc_1:5.38-4 libmagic1_1:5.38-4 libmariadb-dev_1:10.3.22-1 libmariadb-dev-compat_1:10.3.22-1 libmariadb3_1:10.3.22-1 libminizip-dev_1.1-8+b1 libminizip1_1.1-8+b1 libmount1_2.34-0.1 libmpc3_1.1.0-1 libmpfr6_4.0.2-1 libncurses6_6.1+20191019-1 libncursesw6_6.1+20191019-1 libnetcdf-dev_1:4.7.3-1 libnetcdf15_1:4.7.3-1 libnettle7_3.5.1+really3.5.1-2 libnghttp2-14_1.40.0-1 libnspr4_2:4.24-1 libnss3_2:3.50-1 libobjc-9-dev_9.2.1-29 libobjc4_10-20200222-1 libodbc1_2.3.6-0.1+b1 libogdi-dev_4.1.0+ds-1 libogdi4.1_4.1.0+ds-1 libomp-10-dev_1:10.0.0~+rc2-1 libomp5-10_1:10.0.0~+rc2-1 libopenjp2-7_2.3.1-1 libopenjp2-7-dev_2.3.1-1 libosmium2-dev_2.15.4-1 libp11-kit-dev_0.23.20-1 libp11-kit0_0.23.20-1 libpam-modules_1.3.1-5 libpam-modules-bin_1.3.1-5 libpam-runtime_1.3.1-5 libpam0g_1.3.1-5 libpcre16-3_2:8.39-12+b1 libpcre2-8-0_10.34-7 libpcre3_2:8.39-12+b1 libpcre3-dev_2:8.39-12+b1 libpcre32-3_2:8.39-12+b1 libpcrecpp0v5_2:8.39-12+b1 libperl5.30_5.30.0-9 libpipeline1_1.5.2-2 libpng-dev_1.6.37-2 libpng16-16_1.6.37-2 libpoppler-dev_0.71.0-6 libpoppler-private-dev_0.71.0-6 libpoppler82_0.71.0-6 libpopt0_1.16-14 libpq-dev_12.2-1 libpq5_12.2-1 libprocps8_2:3.3.16-1+b1 libproj-dev_6.3.1-1 libproj15_6.3.1-1 libprotozero-dev_1.6.8-1 libpsl5_0.20.2-2 libqhull-dev_2015.2-4 libqhull-r7_2015.2-4 libqhull7_2015.2-4 libquadmath0_10-20200222-1 libreadline8_8.0-3 libreadosm1_1.1.0+dfsg-3+b1 librhash0_1.3.9-1 librtmp1_2.4+20151223.gitfa8646d.1-2+b1 libsasl2-2_2.1.27+dfsg-2 libsasl2-modules-db_2.1.27+dfsg-2 libseccomp2_2.4.2-2 libselinux1_3.0-1+b1 libsemanage-common_3.0-1 libsemanage1_3.0-1+b1 libsepol1_3.0-1 libsigsegv2_2.12-2 libsmartcols1_2.34-0.1 libspatialite-dev_4.3.0a-6+b1 libspatialite7_4.3.0a-6+b1 libsqlite3-0_3.31.1-3 libsqlite3-dev_3.31.1-3 libss2_1.45.5-2 libssh2-1_1.8.0-2.1 libssl1.1_1.1.1d-2 libstdc++-9-dev_9.2.1-29 libstdc++6_10-20200222-1 libsub-override-perl_0.09-2 libsuperlu-dev_5.2.1+dfsg1-4 libsuperlu5_5.2.1+dfsg1-4 libsystemd0_244.3-1 libsz2_1.0.4-1 libtasn1-6_4.16.0-2 libtasn1-6-dev_4.16.0-2 libtiff-dev_4.1.0+git191117-2 libtiff5_4.1.0+git191117-2 libtiffxx5_4.1.0+git191117-2 libtinfo6_6.1+20191019-1 libtool_2.4.6-13 libtsan0_10-20200222-1 libubsan1_10-20200222-1 libuchardet0_0.0.6-3 libudev1_244.3-1 libunbound8_1.9.6-2 libunistring2_0.9.10-2 liburiparser-dev_0.9.3-2 liburiparser1_0.9.3-2 libuuid1_2.34-0.1 libuv1_1.34.2-1 libwebp-dev_0.6.1-2+b1 libwebp6_0.6.1-2+b1 libwebpdemux2_0.6.1-2+b1 libwebpmux3_0.6.1-2+b1 libxerces-c-dev_3.2.2+debian-1+b1 libxerces-c3.2_3.2.2+debian-1+b1 libxml2_2.9.10+dfsg-3 libxml2-dev_2.9.10+dfsg-3 libz3-4_4.8.7-4 libzstd-dev_1.4.4+dfsg-3 libzstd1_1.4.4+dfsg-3 linux-libc-dev_5.4.19-1 login_1:4.8.1-1 logsave_1.45.5-2 lsb-base_11.1.0 m4_1.4.18-4 make_4.2.1-1.2 man-db_2.9.0-2 mariadb-common_1:10.3.22-1 mawk_1.3.4.20200120-2 mount_2.34-0.1 mysql-common_5.8+1.0.5 ncurses-base_6.1+20191019-1 ncurses-bin_6.1+20191019-1 nettle-dev_3.5.1+really3.5.1-2 odbcinst_2.3.6-0.1+b1 odbcinst1debian2_2.3.6-0.1+b1 pandoc_2.5-3+b1 pandoc-data_2.5-3 passwd_1:4.8.1-1 patch_2.7.6-6 perl_5.30.0-9 perl-base_5.30.0-9 perl-modules-5.30_5.30.0-9 pkg-config_0.29-6 po-debconf_1.0.21 procps_2:3.3.16-1+b1 proj-data_6.3.1-1 readline-common_8.0-3 sbuild-build-depends-main-dummy_0.invalid.0 sed_4.7-1 sensible-utils_0.0.12+nmu1 spatialite-bin_4.3.0-3+b1 sqlite3_3.31.1-3 sysvinit-utils_2.96-2.1 tar_1.30+dfsg-6+b1 tzdata_2019c-3 ucf_3.0038+nmu1 unixodbc-dev_2.3.6-0.1+b1 util-linux_2.34-0.1 uuid-dev_2.34-0.1 xz-utils_5.2.4-1+b1 zlib1g_1:1.2.11.dfsg-1.2 zlib1g-dev_1:1.2.11.dfsg-1.2

+------------------------------------------------------------------------------+
| Build                                                                        |
+------------------------------------------------------------------------------+


Unpack source
-------------

-----BEGIN PGP SIGNED MESSAGE-----
Hash: SHA512

Format: 3.0 (quilt)
Source: osmcoastline
Binary: osmcoastline
Architecture: any
Version: 2.2.4-1
Maintainer: Debian GIS Project <pkg-grass-devel@lists.alioth.debian.org>
Uploaders: Bas Couwenberg <sebastic@debian.org>
Homepage: https://osmcode.org/osmcoastline/
Standards-Version: 4.3.0
Vcs-Browser: https://salsa.debian.org/debian-gis-team/osmcoastline
Vcs-Git: https://salsa.debian.org/debian-gis-team/osmcoastline.git
Build-Depends: debhelper (>= 9), cmake, libbz2-dev, libexpat1-dev, libgdal-dev, libgeos++-dev, libosmium2-dev (>= 2.13.1), libgdalcpp-dev, libspatialite-dev, pandoc, spatialite-bin, sqlite3, zlib1g-dev
Package-List:
 osmcoastline deb utils optional arch=any
Checksums-Sha1:
 d6337be370596803d21d02a63f97dfe7aa247dd9 107204 osmcoastline_2.2.4.orig.tar.gz
 87f6404239a90215448d62170bc71c77adfc8d92 3768 osmcoastline_2.2.4-1.debian.tar.xz
Checksums-Sha256:
 7a399661b46e4e700b11d6a5163ec7bdc8ad49f0837b524f1f2535cca7b9ee43 107204 osmcoastline_2.2.4.orig.tar.gz
 ae58cda57ed92d05b5ddc772700ee11f07d80ee8c22ca8878286d107a639ba5d 3768 osmcoastline_2.2.4-1.debian.tar.xz
Files:
 2eaf9a26fd1b7e46ab3a6bb334dba381 107204 osmcoastline_2.2.4.orig.tar.gz
 b810178533239dd9a13e5d97318d2467 3768 osmcoastline_2.2.4-1.debian.tar.xz

-----BEGIN PGP SIGNATURE-----

iQIzBAEBCgAdFiEEgYLeQXBWQI1hRlDRZ1DxCuiNSvEFAlx2woEACgkQZ1DxCuiN
SvHTdw//Uy9zk26qAI+f83USIGnePQhRnlU1ucGNQdXdMAD6tb7+OA3z2ubtS8Jj
LYz5cJ275xpvPBUQNraEITq8r8jz/BQ22H+lHYdElo/qXOU3JjdmnC+xMAyoEg44
JUQeK0XWgV3/C5NfHVyP7fAkGLRTijV+qCL32dfjCEq4AOpxyaqYYBg5A5D+TQcm
l8dMVI2JcFv8nLzuXB+YDjDRO0Y/WZE3SoYa8w2T+xiusk0dJZyRHBzJ7iBvkphp
pWJIG+iITYnqJ6wLNhSk+eD4TPX0ODV/LdKF2rZ0SK7mCbJRf56tk+vGjr6Hlpvz
nk3HjkflTxP8lkMiBrp2z4ZNMTLumD//QKksFD90YBPmc0Pov6XC6WBibbwZZcX7
v3k7XBx735axy4uvAu5XGxu2l3btDLezNCUQqz7pNKRbhQqgBpG7I2TDaoggD34r
V6bp9pKC2a4tMKT2cs4mg/tSSZDszIX8PajkOWDfOOLFIvYYgmD6nhCU/LOa5+LP
CZMTeC/0vqC3wsB+k3nym8LadQDpVeP++8qv1DqF0F4brgnx9A+01NElSCjBhL1p
pgXxBM8YokDnvMLMUrD/01Fqx69ma9EQJh8/SOsK5ImbqxDZ+Cf/gbXtW6lXv/U2
/y4eFR62m1SOwmeqtFlelEOsDVGBLRgsu/3kjlHMqMwqaC7SSds=
=Z+Lj
-----END PGP SIGNATURE-----

gpgv: unknown type of key resource 'trustedkeys.kbx'
gpgv: keyblock resource '/sbuild-nonexistent/.gnupg/trustedkeys.kbx': General error
gpgv: Signature made Wed Feb 27 17:01:53 2019 UTC
gpgv:                using RSA key 8182DE417056408D614650D16750F10AE88D4AF1
gpgv: Can't check signature: No public key
dpkg-source: warning: failed to verify signature on ./osmcoastline_2.2.4-1.dsc
dpkg-source: info: extracting osmcoastline in /<<PKGBUILDDIR>>
dpkg-source: info: unpacking osmcoastline_2.2.4.orig.tar.gz
dpkg-source: info: unpacking osmcoastline_2.2.4-1.debian.tar.xz

Check disk space
----------------

Sufficient free space for build

User Environment
----------------

APT_CONFIG=/var/lib/sbuild/apt.conf
HOME=/sbuild-nonexistent
LANG=C.UTF-8
LC_ALL=C.UTF-8
LOGNAME=user42
PATH=/usr/local/sbin:/usr/local/bin:/usr/sbin:/usr/bin:/sbin:/bin:/usr/games
SCHROOT_ALIAS_NAME=unstable
SCHROOT_CHROOT_NAME=sid-amd64-sbuild
SCHROOT_COMMAND=env
SCHROOT_GID=1001
SCHROOT_GROUP=user42
SCHROOT_SESSION_ID=sid-amd64-sbuild-e6642f3a-824e-438b-921a-932abbac3c4a
SCHROOT_UID=1001
SCHROOT_USER=user42
SHELL=/bin/sh
USER=user42

dpkg-buildpackage
-----------------

Command: dpkg-buildpackage -us -uc -b -rfakeroot
dpkg-buildpackage: info: source package osmcoastline
dpkg-buildpackage: info: source version 2.2.4-1
dpkg-buildpackage: info: source distribution unstable
dpkg-buildpackage: info: source changed by Bas Couwenberg <sebastic@debian.org>
 dpkg-source --before-build .
dpkg-buildpackage: info: host architecture amd64
 fakeroot debian/rules clean
dh clean --buildsystem cmake \
      --parallel
   dh_auto_clean -O--buildsystem=cmake -O--parallel
   dh_clean -O--buildsystem=cmake -O--parallel
 debian/rules build
dh build --buildsystem cmake \
      --parallel
   dh_update_autotools_config -O--buildsystem=cmake -O--parallel
   debian/rules override_dh_auto_configure
make[1]: Entering directory '/<<PKGBUILDDIR>>'
dh_auto_configure -- -DCMAKE_VERBOSE_MAKEFILE=1 -DCMAKE_BUILD_TYPE=RelWithDebInfo
	cd obj-x86_64-linux-gnu && cmake -DCMAKE_INSTALL_PREFIX=/usr -DCMAKE_BUILD_TYPE=None -DCMAKE_INSTALL_SYSCONFDIR=/etc -DCMAKE_INSTALL_LOCALSTATEDIR=/var -DCMAKE_EXPORT_NO_PACKAGE_REGISTRY=ON -DCMAKE_FIND_PACKAGE_NO_PACKAGE_REGISTRY=ON "-GUnix Makefiles" -DCMAKE_VERBOSE_MAKEFILE=ON -DCMAKE_INSTALL_LIBDIR=lib/x86_64-linux-gnu -DCMAKE_VERBOSE_MAKEFILE=1 -DCMAKE_BUILD_TYPE=RelWithDebInfo ..
-- The C compiler identification is Clang 10.0.0
-- The CXX compiler identification is Clang 10.0.0
-- Check for working C compiler: /usr/bin/cc
-- Check for working C compiler: /usr/bin/cc -- works
-- Detecting C compiler ABI info
-- Detecting C compiler ABI info - done
-- Detecting C compile features
-- Detecting C compile features - done
-- Check for working CXX compiler: /usr/bin/c++
-- Check for working CXX compiler: /usr/bin/c++ -- works
-- Detecting CXX compiler ABI info
-- Detecting CXX compiler ABI info - done
-- Detecting CXX compile features
-- Detecting CXX compile features - done
-- Found ZLIB: /usr/lib/x86_64-linux-gnu/libz.so (found version "1.2.11") 
-- Looking for pthread.h
-- Looking for pthread.h - found
-- Performing Test CMAKE_HAVE_LIBC_PTHREAD
-- Performing Test CMAKE_HAVE_LIBC_PTHREAD - Failed
-- Looking for pthread_create in pthreads
-- Looking for pthread_create in pthreads - not found
-- Looking for pthread_create in pthread
-- Looking for pthread_create in pthread - found
-- Found Threads: TRUE  
-- Found Protozero: /usr/include (found suitable version "1.6.8", minimum required is "1.6.3") 
-- Found EXPAT: /usr/lib/x86_64-linux-gnu/libexpat.so (found version "2.2.9") 
-- Found BZip2: /usr/lib/x86_64-linux-gnu/libbz2.so (found version "1.0.8") 
-- Looking for BZ2_bzCompressInit
-- Looking for BZ2_bzCompressInit - found
-- Found GDAL: /usr/lib/libgdal.so (found version "3.0.4") 
-- Found Osmium: /usr/include (found suitable version "2.15.4", minimum required is "2.13.1") 
-- Use C++ version: c++11
-- Looking for clang-tidy
-- Looking for clang-tidy - not found
--   Build target 'clang-tidy' will not be available.
-- Looking for cppcheck
-- Looking for cppcheck - not found
--   Build target 'cppcheck' will not be available.
-- Looking for iwyu_tool.py - not found
--   Make target iwyu not available
-- Looking for pandoc
-- Looking for pandoc - found
--   Manual pages will be built
-- Could NOT find Git (missing: GIT_EXECUTABLE) 
-- Configuring documentation
-- Looking for doxygen
-- Could NOT find Doxygen (missing: DOXYGEN_EXECUTABLE) 
-- Looking for doxygen - not found
--   Disabled making of documentation.
-- Configuring documentation - done
-- Adding test invalid-complex-overlap
-- Adding test invalid-direction
-- Adding test invalid-duplicate-segments-1
-- Adding test invalid-duplicate-segments-2
-- Adding test invalid-node-id-mismatch
-- Adding test invalid-node-with-coastline-tag
-- Adding test invalid-part-reversed
-- Adding test invalid-ring-not-closed
-- Adding test invalid-self-intersection-on-closed-ring-one-way
-- Adding test invalid-self-intersection-on-closed-ring-two-ways
-- Adding test invalid-self-intersection-on-open-ring
-- Adding test overlapping-islands
-- Adding test usage-and-help
-- Adding test valid-antimeridian
-- Adding test valid-inline-sea-with-island
-- Adding test valid-inline-sea
-- Adding test valid-island-from-one-way
-- Adding test valid-island-from-two-ways
-- Adding test valid-two-small-islands
-- Configuring done
-- Generating done
CMake Warning:
  Manually-specified variables were not used by the project:

    CMAKE_EXPORT_NO_PACKAGE_REGISTRY
    CMAKE_INSTALL_LIBDIR
    CMAKE_INSTALL_LOCALSTATEDIR
    CMAKE_INSTALL_SYSCONFDIR


-- Build files have been written to: /<<PKGBUILDDIR>>/obj-x86_64-linux-gnu
make[1]: Leaving directory '/<<PKGBUILDDIR>>'
   dh_auto_build -O--buildsystem=cmake -O--parallel
	cd obj-x86_64-linux-gnu && make -j4
make[1]: Entering directory '/<<PKGBUILDDIR>>/obj-x86_64-linux-gnu'
/usr/bin/cmake -S/<<PKGBUILDDIR>> -B/<<PKGBUILDDIR>>/obj-x86_64-linux-gnu --check-build-system CMakeFiles/Makefile.cmake 0
/usr/bin/cmake -E cmake_progress_start /<<PKGBUILDDIR>>/obj-x86_64-linux-gnu/CMakeFiles /<<PKGBUILDDIR>>/obj-x86_64-linux-gnu/CMakeFiles/progress.marks
make -f CMakeFiles/Makefile2 all
make[2]: Entering directory '/<<PKGBUILDDIR>>/obj-x86_64-linux-gnu'
make -f CMakeFiles/man.dir/build.make CMakeFiles/man.dir/depend
make -f src/CMakeFiles/osmcoastline.dir/build.make src/CMakeFiles/osmcoastline.dir/depend
make -f src/CMakeFiles/osmcoastline_ways.dir/build.make src/CMakeFiles/osmcoastline_ways.dir/depend
make[3]: Entering directory '/<<PKGBUILDDIR>>/obj-x86_64-linux-gnu'
cd /<<PKGBUILDDIR>>/obj-x86_64-linux-gnu && /usr/bin/cmake -E cmake_depends "Unix Makefiles" /<<PKGBUILDDIR>> /<<PKGBUILDDIR>> /<<PKGBUILDDIR>>/obj-x86_64-linux-gnu /<<PKGBUILDDIR>>/obj-x86_64-linux-gnu /<<PKGBUILDDIR>>/obj-x86_64-linux-gnu/CMakeFiles/man.dir/DependInfo.cmake --color=
make -f src/CMakeFiles/osmcoastline_filter.dir/build.make src/CMakeFiles/osmcoastline_filter.dir/depend
make[3]: Entering directory '/<<PKGBUILDDIR>>/obj-x86_64-linux-gnu'
cd /<<PKGBUILDDIR>>/obj-x86_64-linux-gnu && /usr/bin/cmake -E cmake_depends "Unix Makefiles" /<<PKGBUILDDIR>> /<<PKGBUILDDIR>>/src /<<PKGBUILDDIR>>/obj-x86_64-linux-gnu /<<PKGBUILDDIR>>/obj-x86_64-linux-gnu/src /<<PKGBUILDDIR>>/obj-x86_64-linux-gnu/src/CMakeFiles/osmcoastline.dir/DependInfo.cmake --color=
make[3]: Entering directory '/<<PKGBUILDDIR>>/obj-x86_64-linux-gnu'
cd /<<PKGBUILDDIR>>/obj-x86_64-linux-gnu && /usr/bin/cmake -E cmake_depends "Unix Makefiles" /<<PKGBUILDDIR>> /<<PKGBUILDDIR>>/src /<<PKGBUILDDIR>>/obj-x86_64-linux-gnu /<<PKGBUILDDIR>>/obj-x86_64-linux-gnu/src /<<PKGBUILDDIR>>/obj-x86_64-linux-gnu/src/CMakeFiles/osmcoastline_ways.dir/DependInfo.cmake --color=
make[3]: Entering directory '/<<PKGBUILDDIR>>/obj-x86_64-linux-gnu'
cd /<<PKGBUILDDIR>>/obj-x86_64-linux-gnu && /usr/bin/cmake -E cmake_depends "Unix Makefiles" /<<PKGBUILDDIR>> /<<PKGBUILDDIR>>/src /<<PKGBUILDDIR>>/obj-x86_64-linux-gnu /<<PKGBUILDDIR>>/obj-x86_64-linux-gnu/src /<<PKGBUILDDIR>>/obj-x86_64-linux-gnu/src/CMakeFiles/osmcoastline_filter.dir/DependInfo.cmake --color=
Scanning dependencies of target man
make[3]: Leaving directory '/<<PKGBUILDDIR>>/obj-x86_64-linux-gnu'
make -f CMakeFiles/man.dir/build.make CMakeFiles/man.dir/build
make[3]: Entering directory '/<<PKGBUILDDIR>>/obj-x86_64-linux-gnu'
Scanning dependencies of target osmcoastline_ways
make[3]: Leaving directory '/<<PKGBUILDDIR>>/obj-x86_64-linux-gnu'
make -f src/CMakeFiles/osmcoastline_ways.dir/build.make src/CMakeFiles/osmcoastline_ways.dir/build
Scanning dependencies of target osmcoastline_filter
make[3]: Leaving directory '/<<PKGBUILDDIR>>/obj-x86_64-linux-gnu'
make -f src/CMakeFiles/osmcoastline_filter.dir/build.make src/CMakeFiles/osmcoastline_filter.dir/build
make[3]: Entering directory '/<<PKGBUILDDIR>>/obj-x86_64-linux-gnu'
make[3]: Entering directory '/<<PKGBUILDDIR>>/obj-x86_64-linux-gnu'
Scanning dependencies of target osmcoastline
make[3]: Leaving directory '/<<PKGBUILDDIR>>/obj-x86_64-linux-gnu'
make -f src/CMakeFiles/osmcoastline.dir/build.make src/CMakeFiles/osmcoastline.dir/build
make[3]: Entering directory '/<<PKGBUILDDIR>>/obj-x86_64-linux-gnu'
[  3%] Building CXX object src/CMakeFiles/osmcoastline_ways.dir/osmcoastline_ways.cpp.o
cd /<<PKGBUILDDIR>>/obj-x86_64-linux-gnu/src && /usr/bin/c++  -D_FILE_OFFSET_BITS=64 -D_LARGEFILE_SOURCE -I/<<PKGBUILDDIR>>/include -isystem /usr/include/gdal  -g -O2 -fdebug-prefix-map=/<<PKGBUILDDIR>>=. -fstack-protector-strong -Wformat -Werror=format-security -Wdate-time -D_FORTIFY_SOURCE=2 -O3 -g -DNDEBUG   -std=c++11 -Wall -Wextra -pedantic -Wredundant-decls -Wdisabled-optimization -Wctor-dtor-privacy -Wnon-virtual-dtor -Woverloaded-virtual -Wsign-promo -Wold-style-cast -pthread -o CMakeFiles/osmcoastline_ways.dir/osmcoastline_ways.cpp.o -c /<<PKGBUILDDIR>>/src/osmcoastline_ways.cpp
[  7%] Building manpage osmcoastline.1
/usr/bin/pandoc -s -t man --template /<<PKGBUILDDIR>>/man/manpage.template --variable description=osmcoastline/2.2.4 --variable version=2.2.4 --variable "author=Jochen Topf <jochen@topf.org>" --variable title=OSMCOASTLINE --variable section=1 -o /<<PKGBUILDDIR>>/obj-x86_64-linux-gnu/man/man1/osmcoastline.1 /<<PKGBUILDDIR>>/man/osmcoastline.md
[ 11%] Building CXX object src/CMakeFiles/osmcoastline_filter.dir/osmcoastline_filter.cpp.o
cd /<<PKGBUILDDIR>>/obj-x86_64-linux-gnu/src && /usr/bin/c++  -D_FILE_OFFSET_BITS=64 -D_LARGEFILE_SOURCE -I/<<PKGBUILDDIR>>/include -isystem /usr/include/gdal  -g -O2 -fdebug-prefix-map=/<<PKGBUILDDIR>>=. -fstack-protector-strong -Wformat -Werror=format-security -Wdate-time -D_FORTIFY_SOURCE=2 -O3 -g -DNDEBUG   -std=c++11 -Wall -Wextra -pedantic -Wredundant-decls -Wdisabled-optimization -Wctor-dtor-privacy -Wnon-virtual-dtor -Woverloaded-virtual -Wsign-promo -Wold-style-cast -pthread -o CMakeFiles/osmcoastline_filter.dir/osmcoastline_filter.cpp.o -c /<<PKGBUILDDIR>>/src/osmcoastline_filter.cpp
[ 15%] Building CXX object src/CMakeFiles/osmcoastline.dir/osmcoastline.cpp.o
cd /<<PKGBUILDDIR>>/obj-x86_64-linux-gnu/src && /usr/bin/c++  -D_FILE_OFFSET_BITS=64 -D_LARGEFILE_SOURCE -I/<<PKGBUILDDIR>>/include -isystem /usr/include/gdal  -g -O2 -fdebug-prefix-map=/<<PKGBUILDDIR>>=. -fstack-protector-strong -Wformat -Werror=format-security -Wdate-time -D_FORTIFY_SOURCE=2 -O3 -g -DNDEBUG   -std=c++11 -Wall -Wextra -pedantic -Wredundant-decls -Wdisabled-optimization -Wctor-dtor-privacy -Wnon-virtual-dtor -Woverloaded-virtual -Wsign-promo -Wold-style-cast -pthread -o CMakeFiles/osmcoastline.dir/osmcoastline.cpp.o -c /<<PKGBUILDDIR>>/src/osmcoastline.cpp
[ 19%] Building manpage osmcoastline_filter.1
/usr/bin/pandoc -s -t man --template /<<PKGBUILDDIR>>/man/manpage.template --variable description=osmcoastline/2.2.4 --variable version=2.2.4 --variable "author=Jochen Topf <jochen@topf.org>" --variable title=OSMCOASTLINE_FILTER --variable section=1 -o /<<PKGBUILDDIR>>/obj-x86_64-linux-gnu/man/man1/osmcoastline_filter.1 /<<PKGBUILDDIR>>/man/osmcoastline_filter.md
[ 23%] Building manpage osmcoastline_readmeta.1
/usr/bin/pandoc -s -t man --template /<<PKGBUILDDIR>>/man/manpage.template --variable description=osmcoastline/2.2.4 --variable version=2.2.4 --variable "author=Jochen Topf <jochen@topf.org>" --variable title=OSMCOASTLINE_READMETA --variable section=1 -o /<<PKGBUILDDIR>>/obj-x86_64-linux-gnu/man/man1/osmcoastline_readmeta.1 /<<PKGBUILDDIR>>/man/osmcoastline_readmeta.md
[ 26%] Building manpage osmcoastline_segments.1
/usr/bin/pandoc -s -t man --template /<<PKGBUILDDIR>>/man/manpage.template --variable description=osmcoastline/2.2.4 --variable version=2.2.4 --variable "author=Jochen Topf <jochen@topf.org>" --variable title=OSMCOASTLINE_SEGMENTS --variable section=1 -o /<<PKGBUILDDIR>>/obj-x86_64-linux-gnu/man/man1/osmcoastline_segments.1 /<<PKGBUILDDIR>>/man/osmcoastline_segments.md
[ 30%] Building manpage osmcoastline_ways.1
/usr/bin/pandoc -s -t man --template /<<PKGBUILDDIR>>/man/manpage.template --variable description=osmcoastline/2.2.4 --variable version=2.2.4 --variable "author=Jochen Topf <jochen@topf.org>" --variable title=OSMCOASTLINE_WAYS --variable section=1 -o /<<PKGBUILDDIR>>/obj-x86_64-linux-gnu/man/man1/osmcoastline_ways.1 /<<PKGBUILDDIR>>/man/osmcoastline_ways.md
make[3]: Leaving directory '/<<PKGBUILDDIR>>/obj-x86_64-linux-gnu'
[ 30%] Built target man
make -f src/CMakeFiles/osmcoastline_segments.dir/build.make src/CMakeFiles/osmcoastline_segments.dir/depend
make[3]: Entering directory '/<<PKGBUILDDIR>>/obj-x86_64-linux-gnu'
cd /<<PKGBUILDDIR>>/obj-x86_64-linux-gnu && /usr/bin/cmake -E cmake_depends "Unix Makefiles" /<<PKGBUILDDIR>> /<<PKGBUILDDIR>>/src /<<PKGBUILDDIR>>/obj-x86_64-linux-gnu /<<PKGBUILDDIR>>/obj-x86_64-linux-gnu/src /<<PKGBUILDDIR>>/obj-x86_64-linux-gnu/src/CMakeFiles/osmcoastline_segments.dir/DependInfo.cmake --color=
Scanning dependencies of target osmcoastline_segments
make[3]: Leaving directory '/<<PKGBUILDDIR>>/obj-x86_64-linux-gnu'
make -f src/CMakeFiles/osmcoastline_segments.dir/build.make src/CMakeFiles/osmcoastline_segments.dir/build
make[3]: Entering directory '/<<PKGBUILDDIR>>/obj-x86_64-linux-gnu'
[ 34%] Building CXX object src/CMakeFiles/osmcoastline_segments.dir/osmcoastline_segments.cpp.o
cd /<<PKGBUILDDIR>>/obj-x86_64-linux-gnu/src && /usr/bin/c++  -D_FILE_OFFSET_BITS=64 -D_LARGEFILE_SOURCE -I/<<PKGBUILDDIR>>/include -isystem /usr/include/gdal  -g -O2 -fdebug-prefix-map=/<<PKGBUILDDIR>>=. -fstack-protector-strong -Wformat -Werror=format-security -Wdate-time -D_FORTIFY_SOURCE=2 -O3 -g -DNDEBUG   -std=c++11 -Wall -Wextra -pedantic -Wredundant-decls -Wdisabled-optimization -Wctor-dtor-privacy -Wnon-virtual-dtor -Woverloaded-virtual -Wsign-promo -Wold-style-cast -o CMakeFiles/osmcoastline_segments.dir/osmcoastline_segments.cpp.o -c /<<PKGBUILDDIR>>/src/osmcoastline_segments.cpp
[ 38%] Building CXX object src/CMakeFiles/osmcoastline_segments.dir/srs.cpp.o
cd /<<PKGBUILDDIR>>/obj-x86_64-linux-gnu/src && /usr/bin/c++  -D_FILE_OFFSET_BITS=64 -D_LARGEFILE_SOURCE -I/<<PKGBUILDDIR>>/include -isystem /usr/include/gdal  -g -O2 -fdebug-prefix-map=/<<PKGBUILDDIR>>=. -fstack-protector-strong -Wformat -Werror=format-security -Wdate-time -D_FORTIFY_SOURCE=2 -O3 -g -DNDEBUG   -std=c++11 -Wall -Wextra -pedantic -Wredundant-decls -Wdisabled-optimization -Wctor-dtor-privacy -Wnon-virtual-dtor -Woverloaded-virtual -Wsign-promo -Wold-style-cast -o CMakeFiles/osmcoastline_segments.dir/srs.cpp.o -c /<<PKGBUILDDIR>>/src/srs.cpp
[ 42%] Building CXX object src/CMakeFiles/osmcoastline_segments.dir/version.cpp.o
cd /<<PKGBUILDDIR>>/obj-x86_64-linux-gnu/src && /usr/bin/c++  -D_FILE_OFFSET_BITS=64 -D_LARGEFILE_SOURCE -I/<<PKGBUILDDIR>>/include -isystem /usr/include/gdal  -g -O2 -fdebug-prefix-map=/<<PKGBUILDDIR>>=. -fstack-protector-strong -Wformat -Werror=format-security -Wdate-time -D_FORTIFY_SOURCE=2 -O3 -g -DNDEBUG   -std=c++11 -Wall -Wextra -pedantic -Wredundant-decls -Wdisabled-optimization -Wctor-dtor-privacy -Wnon-virtual-dtor -Woverloaded-virtual -Wsign-promo -Wold-style-cast -o CMakeFiles/osmcoastline_segments.dir/version.cpp.o -c /<<PKGBUILDDIR>>/obj-x86_64-linux-gnu/src/version.cpp
[ 46%] Linking CXX executable osmcoastline_segments
cd /<<PKGBUILDDIR>>/obj-x86_64-linux-gnu/src && /usr/bin/cmake -E cmake_link_script CMakeFiles/osmcoastline_segments.dir/link.txt --verbose=1
/usr/bin/c++  -g -O2 -fdebug-prefix-map=/<<PKGBUILDDIR>>=. -fstack-protector-strong -Wformat -Werror=format-security -Wdate-time -D_FORTIFY_SOURCE=2 -O3 -g -DNDEBUG  -Wl,-z,relro -Wl,-z,now -rdynamic CMakeFiles/osmcoastline_segments.dir/osmcoastline_segments.cpp.o CMakeFiles/osmcoastline_segments.dir/srs.cpp.o CMakeFiles/osmcoastline_segments.dir/version.cpp.o  -o osmcoastline_segments  -lgdal 
make[3]: Leaving directory '/<<PKGBUILDDIR>>/obj-x86_64-linux-gnu'
[ 46%] Built target osmcoastline_segments
make -f src/CMakeFiles/nodegrid2opl.dir/build.make src/CMakeFiles/nodegrid2opl.dir/depend
make[3]: Entering directory '/<<PKGBUILDDIR>>/obj-x86_64-linux-gnu'
cd /<<PKGBUILDDIR>>/obj-x86_64-linux-gnu && /usr/bin/cmake -E cmake_depends "Unix Makefiles" /<<PKGBUILDDIR>> /<<PKGBUILDDIR>>/src /<<PKGBUILDDIR>>/obj-x86_64-linux-gnu /<<PKGBUILDDIR>>/obj-x86_64-linux-gnu/src /<<PKGBUILDDIR>>/obj-x86_64-linux-gnu/src/CMakeFiles/nodegrid2opl.dir/DependInfo.cmake --color=
Scanning dependencies of target nodegrid2opl
make[3]: Leaving directory '/<<PKGBUILDDIR>>/obj-x86_64-linux-gnu'
make -f src/CMakeFiles/nodegrid2opl.dir/build.make src/CMakeFiles/nodegrid2opl.dir/build
make[3]: Entering directory '/<<PKGBUILDDIR>>/obj-x86_64-linux-gnu'
[ 50%] Building CXX object src/CMakeFiles/nodegrid2opl.dir/nodegrid2opl.cpp.o
cd /<<PKGBUILDDIR>>/obj-x86_64-linux-gnu/src && /usr/bin/c++  -D_FILE_OFFSET_BITS=64 -D_LARGEFILE_SOURCE -I/<<PKGBUILDDIR>>/include -isystem /usr/include/gdal  -g -O2 -fdebug-prefix-map=/<<PKGBUILDDIR>>=. -fstack-protector-strong -Wformat -Werror=format-security -Wdate-time -D_FORTIFY_SOURCE=2 -O3 -g -DNDEBUG   -std=c++11 -Wall -Wextra -pedantic -Wredundant-decls -Wdisabled-optimization -Wctor-dtor-privacy -Wnon-virtual-dtor -Woverloaded-virtual -Wsign-promo -Wold-style-cast -o CMakeFiles/nodegrid2opl.dir/nodegrid2opl.cpp.o -c /<<PKGBUILDDIR>>/src/nodegrid2opl.cpp
[ 53%] Linking CXX executable nodegrid2opl
cd /<<PKGBUILDDIR>>/obj-x86_64-linux-gnu/src && /usr/bin/cmake -E cmake_link_script CMakeFiles/nodegrid2opl.dir/link.txt --verbose=1
/usr/bin/c++  -g -O2 -fdebug-prefix-map=/<<PKGBUILDDIR>>=. -fstack-protector-strong -Wformat -Werror=format-security -Wdate-time -D_FORTIFY_SOURCE=2 -O3 -g -DNDEBUG  -Wl,-z,relro -Wl,-z,now -rdynamic CMakeFiles/nodegrid2opl.dir/nodegrid2opl.cpp.o  -o nodegrid2opl 
make[3]: Leaving directory '/<<PKGBUILDDIR>>/obj-x86_64-linux-gnu'
[ 53%] Built target nodegrid2opl
[ 57%] Building CXX object src/CMakeFiles/osmcoastline.dir/coastline_ring.cpp.o
cd /<<PKGBUILDDIR>>/obj-x86_64-linux-gnu/src && /usr/bin/c++  -D_FILE_OFFSET_BITS=64 -D_LARGEFILE_SOURCE -I/<<PKGBUILDDIR>>/include -isystem /usr/include/gdal  -g -O2 -fdebug-prefix-map=/<<PKGBUILDDIR>>=. -fstack-protector-strong -Wformat -Werror=format-security -Wdate-time -D_FORTIFY_SOURCE=2 -O3 -g -DNDEBUG   -std=c++11 -Wall -Wextra -pedantic -Wredundant-decls -Wdisabled-optimization -Wctor-dtor-privacy -Wnon-virtual-dtor -Woverloaded-virtual -Wsign-promo -Wold-style-cast -pthread -o CMakeFiles/osmcoastline.dir/coastline_ring.cpp.o -c /<<PKGBUILDDIR>>/src/coastline_ring.cpp
[ 61%] Building CXX object src/CMakeFiles/osmcoastline.dir/coastline_ring_collection.cpp.o
cd /<<PKGBUILDDIR>>/obj-x86_64-linux-gnu/src && /usr/bin/c++  -D_FILE_OFFSET_BITS=64 -D_LARGEFILE_SOURCE -I/<<PKGBUILDDIR>>/include -isystem /usr/include/gdal  -g -O2 -fdebug-prefix-map=/<<PKGBUILDDIR>>=. -fstack-protector-strong -Wformat -Werror=format-security -Wdate-time -D_FORTIFY_SOURCE=2 -O3 -g -DNDEBUG   -std=c++11 -Wall -Wextra -pedantic -Wredundant-decls -Wdisabled-optimization -Wctor-dtor-privacy -Wnon-virtual-dtor -Woverloaded-virtual -Wsign-promo -Wold-style-cast -pthread -o CMakeFiles/osmcoastline.dir/coastline_ring_collection.cpp.o -c /<<PKGBUILDDIR>>/src/coastline_ring_collection.cpp
[ 65%] Building CXX object src/CMakeFiles/osmcoastline.dir/coastline_polygons.cpp.o
cd /<<PKGBUILDDIR>>/obj-x86_64-linux-gnu/src && /usr/bin/c++  -D_FILE_OFFSET_BITS=64 -D_LARGEFILE_SOURCE -I/<<PKGBUILDDIR>>/include -isystem /usr/include/gdal  -g -O2 -fdebug-prefix-map=/<<PKGBUILDDIR>>=. -fstack-protector-strong -Wformat -Werror=format-security -Wdate-time -D_FORTIFY_SOURCE=2 -O3 -g -DNDEBUG   -std=c++11 -Wall -Wextra -pedantic -Wredundant-decls -Wdisabled-optimization -Wctor-dtor-privacy -Wnon-virtual-dtor -Woverloaded-virtual -Wsign-promo -Wold-style-cast -pthread -o CMakeFiles/osmcoastline.dir/coastline_polygons.cpp.o -c /<<PKGBUILDDIR>>/src/coastline_polygons.cpp
[ 69%] Building CXX object src/CMakeFiles/osmcoastline.dir/output_database.cpp.o
cd /<<PKGBUILDDIR>>/obj-x86_64-linux-gnu/src && /usr/bin/c++  -D_FILE_OFFSET_BITS=64 -D_LARGEFILE_SOURCE -I/<<PKGBUILDDIR>>/include -isystem /usr/include/gdal  -g -O2 -fdebug-prefix-map=/<<PKGBUILDDIR>>=. -fstack-protector-strong -Wformat -Werror=format-security -Wdate-time -D_FORTIFY_SOURCE=2 -O3 -g -DNDEBUG   -std=c++11 -Wall -Wextra -pedantic -Wredundant-decls -Wdisabled-optimization -Wctor-dtor-privacy -Wnon-virtual-dtor -Woverloaded-virtual -Wsign-promo -Wold-style-cast -pthread -o CMakeFiles/osmcoastline.dir/output_database.cpp.o -c /<<PKGBUILDDIR>>/src/output_database.cpp
[ 73%] Building CXX object src/CMakeFiles/osmcoastline_ways.dir/version.cpp.o
cd /<<PKGBUILDDIR>>/obj-x86_64-linux-gnu/src && /usr/bin/c++  -D_FILE_OFFSET_BITS=64 -D_LARGEFILE_SOURCE -I/<<PKGBUILDDIR>>/include -isystem /usr/include/gdal  -g -O2 -fdebug-prefix-map=/<<PKGBUILDDIR>>=. -fstack-protector-strong -Wformat -Werror=format-security -Wdate-time -D_FORTIFY_SOURCE=2 -O3 -g -DNDEBUG   -std=c++11 -Wall -Wextra -pedantic -Wredundant-decls -Wdisabled-optimization -Wctor-dtor-privacy -Wnon-virtual-dtor -Woverloaded-virtual -Wsign-promo -Wold-style-cast -pthread -o CMakeFiles/osmcoastline_ways.dir/version.cpp.o -c /<<PKGBUILDDIR>>/obj-x86_64-linux-gnu/src/version.cpp
[ 76%] Linking CXX executable osmcoastline_ways
cd /<<PKGBUILDDIR>>/obj-x86_64-linux-gnu/src && /usr/bin/cmake -E cmake_link_script CMakeFiles/osmcoastline_ways.dir/link.txt --verbose=1
/usr/bin/c++  -g -O2 -fdebug-prefix-map=/<<PKGBUILDDIR>>=. -fstack-protector-strong -Wformat -Werror=format-security -Wdate-time -D_FORTIFY_SOURCE=2 -O3 -g -DNDEBUG  -Wl,-z,relro -Wl,-z,now -rdynamic -pthread CMakeFiles/osmcoastline_ways.dir/osmcoastline_ways.cpp.o CMakeFiles/osmcoastline_ways.dir/version.cpp.o  -o osmcoastline_ways  -lz -lpthread -lexpat -lbz2 -lgdal 
[ 80%] Building CXX object src/CMakeFiles/osmcoastline_filter.dir/version.cpp.o
cd /<<PKGBUILDDIR>>/obj-x86_64-linux-gnu/src && /usr/bin/c++  -D_FILE_OFFSET_BITS=64 -D_LARGEFILE_SOURCE -I/<<PKGBUILDDIR>>/include -isystem /usr/include/gdal  -g -O2 -fdebug-prefix-map=/<<PKGBUILDDIR>>=. -fstack-protector-strong -Wformat -Werror=format-security -Wdate-time -D_FORTIFY_SOURCE=2 -O3 -g -DNDEBUG   -std=c++11 -Wall -Wextra -pedantic -Wredundant-decls -Wdisabled-optimization -Wctor-dtor-privacy -Wnon-virtual-dtor -Woverloaded-virtual -Wsign-promo -Wold-style-cast -pthread -o CMakeFiles/osmcoastline_filter.dir/version.cpp.o -c /<<PKGBUILDDIR>>/obj-x86_64-linux-gnu/src/version.cpp
[ 84%] Linking CXX executable osmcoastline_filter
cd /<<PKGBUILDDIR>>/obj-x86_64-linux-gnu/src && /usr/bin/cmake -E cmake_link_script CMakeFiles/osmcoastline_filter.dir/link.txt --verbose=1
/usr/bin/c++  -g -O2 -fdebug-prefix-map=/<<PKGBUILDDIR>>=. -fstack-protector-strong -Wformat -Werror=format-security -Wdate-time -D_FORTIFY_SOURCE=2 -O3 -g -DNDEBUG  -Wl,-z,relro -Wl,-z,now -rdynamic -pthread CMakeFiles/osmcoastline_filter.dir/osmcoastline_filter.cpp.o CMakeFiles/osmcoastline_filter.dir/version.cpp.o  -o osmcoastline_filter  -lz -lpthread -lexpat -lbz2 
make[3]: Leaving directory '/<<PKGBUILDDIR>>/obj-x86_64-linux-gnu'
[ 84%] Built target osmcoastline_filter
[ 88%] Building CXX object src/CMakeFiles/osmcoastline.dir/srs.cpp.o
cd /<<PKGBUILDDIR>>/obj-x86_64-linux-gnu/src && /usr/bin/c++  -D_FILE_OFFSET_BITS=64 -D_LARGEFILE_SOURCE -I/<<PKGBUILDDIR>>/include -isystem /usr/include/gdal  -g -O2 -fdebug-prefix-map=/<<PKGBUILDDIR>>=. -fstack-protector-strong -Wformat -Werror=format-security -Wdate-time -D_FORTIFY_SOURCE=2 -O3 -g -DNDEBUG   -std=c++11 -Wall -Wextra -pedantic -Wredundant-decls -Wdisabled-optimization -Wctor-dtor-privacy -Wnon-virtual-dtor -Woverloaded-virtual -Wsign-promo -Wold-style-cast -pthread -o CMakeFiles/osmcoastline.dir/srs.cpp.o -c /<<PKGBUILDDIR>>/src/srs.cpp
make[3]: Leaving directory '/<<PKGBUILDDIR>>/obj-x86_64-linux-gnu'
[ 88%] Built target osmcoastline_ways
[ 92%] Building CXX object src/CMakeFiles/osmcoastline.dir/options.cpp.o
cd /<<PKGBUILDDIR>>/obj-x86_64-linux-gnu/src && /usr/bin/c++  -D_FILE_OFFSET_BITS=64 -D_LARGEFILE_SOURCE -I/<<PKGBUILDDIR>>/include -isystem /usr/include/gdal  -g -O2 -fdebug-prefix-map=/<<PKGBUILDDIR>>=. -fstack-protector-strong -Wformat -Werror=format-security -Wdate-time -D_FORTIFY_SOURCE=2 -O3 -g -DNDEBUG   -std=c++11 -Wall -Wextra -pedantic -Wredundant-decls -Wdisabled-optimization -Wctor-dtor-privacy -Wnon-virtual-dtor -Woverloaded-virtual -Wsign-promo -Wold-style-cast -pthread -o CMakeFiles/osmcoastline.dir/options.cpp.o -c /<<PKGBUILDDIR>>/src/options.cpp
[ 96%] Building CXX object src/CMakeFiles/osmcoastline.dir/version.cpp.o
cd /<<PKGBUILDDIR>>/obj-x86_64-linux-gnu/src && /usr/bin/c++  -D_FILE_OFFSET_BITS=64 -D_LARGEFILE_SOURCE -I/<<PKGBUILDDIR>>/include -isystem /usr/include/gdal  -g -O2 -fdebug-prefix-map=/<<PKGBUILDDIR>>=. -fstack-protector-strong -Wformat -Werror=format-security -Wdate-time -D_FORTIFY_SOURCE=2 -O3 -g -DNDEBUG   -std=c++11 -Wall -Wextra -pedantic -Wredundant-decls -Wdisabled-optimization -Wctor-dtor-privacy -Wnon-virtual-dtor -Woverloaded-virtual -Wsign-promo -Wold-style-cast -pthread -o CMakeFiles/osmcoastline.dir/version.cpp.o -c /<<PKGBUILDDIR>>/obj-x86_64-linux-gnu/src/version.cpp
[100%] Linking CXX executable osmcoastline
cd /<<PKGBUILDDIR>>/obj-x86_64-linux-gnu/src && /usr/bin/cmake -E cmake_link_script CMakeFiles/osmcoastline.dir/link.txt --verbose=1
/usr/bin/c++  -g -O2 -fdebug-prefix-map=/<<PKGBUILDDIR>>=. -fstack-protector-strong -Wformat -Werror=format-security -Wdate-time -D_FORTIFY_SOURCE=2 -O3 -g -DNDEBUG  -Wl,-z,relro -Wl,-z,now -rdynamic -pthread CMakeFiles/osmcoastline.dir/osmcoastline.cpp.o CMakeFiles/osmcoastline.dir/coastline_ring.cpp.o CMakeFiles/osmcoastline.dir/coastline_ring_collection.cpp.o CMakeFiles/osmcoastline.dir/coastline_polygons.cpp.o CMakeFiles/osmcoastline.dir/output_database.cpp.o CMakeFiles/osmcoastline.dir/srs.cpp.o CMakeFiles/osmcoastline.dir/options.cpp.o CMakeFiles/osmcoastline.dir/version.cpp.o  -o osmcoastline  -lz -lpthread -lexpat -lbz2 -lgdal -lgeos_c 
make[3]: Leaving directory '/<<PKGBUILDDIR>>/obj-x86_64-linux-gnu'
[100%] Built target osmcoastline
make[2]: Leaving directory '/<<PKGBUILDDIR>>/obj-x86_64-linux-gnu'
/usr/bin/cmake -E cmake_progress_start /<<PKGBUILDDIR>>/obj-x86_64-linux-gnu/CMakeFiles 0
make[1]: Leaving directory '/<<PKGBUILDDIR>>/obj-x86_64-linux-gnu'
   debian/rules override_dh_auto_test
make[1]: Entering directory '/<<PKGBUILDDIR>>'
dh_auto_test
	cd obj-x86_64-linux-gnu && make -j4 test ARGS\+=-j4
make[2]: Entering directory '/<<PKGBUILDDIR>>/obj-x86_64-linux-gnu'
Running tests...
/usr/bin/ctest --force-new-ctest-process -j4
Test project /<<PKGBUILDDIR>>/obj-x86_64-linux-gnu
      Start  1: test-invalid-complex-overlap
      Start  2: test-invalid-direction
      Start  3: test-invalid-duplicate-segments-1
      Start  4: test-invalid-duplicate-segments-2
 1/19 Test  #4: test-invalid-duplicate-segments-2 ........................   Passed    0.58 sec
      Start  5: test-invalid-node-id-mismatch
 2/19 Test  #1: test-invalid-complex-overlap .............................   Passed    0.63 sec
      Start  6: test-invalid-node-with-coastline-tag
 3/19 Test  #3: test-invalid-duplicate-segments-1 ........................   Passed    0.61 sec
      Start  7: test-invalid-part-reversed
 4/19 Test  #2: test-invalid-direction ...................................   Passed    0.85 sec
      Start  8: test-invalid-ring-not-closed
 5/19 Test  #7: test-invalid-part-reversed ...............................   Passed    0.56 sec
      Start  9: test-invalid-self-intersection-on-closed-ring-one-way
 6/19 Test  #6: test-invalid-node-with-coastline-tag .....................   Passed    0.70 sec
      Start 10: test-invalid-self-intersection-on-closed-ring-two-ways
 7/19 Test  #5: test-invalid-node-id-mismatch ............................   Passed    0.74 sec
      Start 11: test-invalid-self-intersection-on-open-ring
 8/19 Test  #9: test-invalid-self-intersection-on-closed-ring-one-way ....   Passed    0.81 sec
      Start 12: test-overlapping-islands
 9/19 Test #10: test-invalid-self-intersection-on-closed-ring-two-ways ...   Passed    0.76 sec
      Start 13: test-usage-and-help
10/19 Test #11: test-invalid-self-intersection-on-open-ring ..............   Passed    0.81 sec
      Start 14: test-valid-antimeridian
11/19 Test #12: test-overlapping-islands .................................   Passed    0.54 sec
      Start 15: test-valid-inline-sea-with-island
12/19 Test  #8: test-invalid-ring-not-closed .............................   Passed    1.70 sec
      Start 16: test-valid-inline-sea
13/19 Test #13: test-usage-and-help ......................................   Passed    0.62 sec
      Start 17: test-valid-island-from-one-way
14/19 Test #14: test-valid-antimeridian ..................................   Passed    0.72 sec
      Start 18: test-valid-island-from-two-ways
15/19 Test #15: test-valid-inline-sea-with-island ........................   Passed    0.61 sec
      Start 19: test-valid-two-small-islands
16/19 Test #16: test-valid-inline-sea ....................................   Passed    0.60 sec
17/19 Test #17: test-valid-island-from-one-way ...........................   Passed    0.53 sec
18/19 Test #18: test-valid-island-from-two-ways ..........................   Passed    0.49 sec
19/19 Test #19: test-valid-two-small-islands .............................   Passed    0.28 sec

100% tests passed, 0 tests failed out of 19

Total Test time (real) =   3.43 sec
make[2]: Leaving directory '/<<PKGBUILDDIR>>/obj-x86_64-linux-gnu'
(cd obj-* && ./runtest.sh || echo "Ignoring expected test failure")
Enabled debug option
[ 0:00] Started osmcoastline version 2.2.4 / libosmium version 2.15.4
[ 0:00] Using SRS 4326 for output. (Change with the --srs/s option.)
[ 0:00] Writing to output database 'testdata.db'. (Was set with the --output-database/-o option.)
[ 0:00] Removing database output file (if it exists) (because you told me to with --overwrite/-f).
[ 0:00] Will create geometry index. (If you do not want an index use --no-index/-i.)
[ 0:00] Reading from file '/<<PKGBUILDDIR>>/testdata.osm'.
[ 0:00] Reading ways (1st pass through input file)...
[ 0:00]   There are 19 nodes where the coastline is not closed.
[ 0:00]   There are 36 coastline rings (16 from a single closed way and 20 others).
[ 0:00] Memory used: current: 296 MBytes, peak: 361 MBytes
[ 0:00] Reading nodes (2nd pass through input file)...
[ 0:00] Checking for missing locations...
[ 0:00]   All locations are there.
[ 0:00] Memory used: current: 304 MBytes, peak: 361 MBytes
[ 0:00] Check line segments for intersections and overlaps...
Setting up segments...
Sorting...
Finding intersections...
[ 0:00] Trying to close Antarctica ring...
[ 0:00]   Did not find open Antarctica ring.
[ 0:00] Close broken rings... (Use --close-distance/-c 0 if you do not want this.)
[ 0:00]   Closing if distance between nodes smaller than 1. (Set this with --close-distance/-c.)
Closing ring between node -84 and node -74
Closing ring between node -240 and node -230
Closing ring between node -220 and node -222
Closing ring between node -228 and node -198
Closing ring between node -196 and node -186
Closing ring between node -564 and node -565
Closing ring between node -408 and node -396
Closing ring between node -418 and node -414
[ 0:00]   Closed 8 rings. This left 1 nodes where the coastline could not be closed.
[ 0:00] Writing out rings... (Because you gave the --output-rings/-r option.)
Warning 1: Self-intersection at or near point 7.4848800000000004 53.816879999999998
Did not get reason from GEOS why polygon -506 is invalid. Could not write info to error points layer
Warning 1: Self-intersection at or near point 7.4830266707327526 53.724413269410029
Did not get reason from GEOS why polygon -470 is invalid. Could not write info to error points layer
Warning 1: Self-intersection at or near point 7.4839525332507977 53.754100017352656
Did not get reason from GEOS why polygon -462 is invalid. Could not write info to error points layer
Warning 1: Self-intersection at or near point 7.5249235456444596 53.694793502466844
Did not get reason from GEOS why polygon -442 is invalid. Could not write info to error points layer
Warning 1: Self-intersection at or near point 7.2926399999999996 53.642180000000003
Did not get reason from GEOS why polygon -438 is invalid. Could not write info to error points layer
Warning 1: Self-intersection at or near point 7.2941000000000003 53.674750000000003
Did not get reason from GEOS why polygon -436 is invalid. Could not write info to error points layer
[ 0:00] Create polygons...
Warning 1: Self-intersection at or near point 7.4848800000000004 53.816879999999998
Ignoring invalid polygon geometry (ring_id=-506).
Warning 1: Self-intersection at or near point 7.4830266707327526 53.724413269410029
Warning 1: Self-intersection at or near point 7.4839525332507977 53.754100017352656
Warning 1: Self-intersection at or near point 7.5249235456444596 53.694793502466844
Warning 1: Self-intersection at or near point 7.2926399999999996 53.642180000000003
Warning 1: Self-intersection at or near point 7.2941000000000003 53.674750000000003
Calling organizePolygons()
organizePolygons() done (valid)
Warning 1: Holes are nested at or near point 7.5533665000000001 53.856383999999998
[ 0:00] Fixing coastlines going the wrong way...
[ 0:00]   Turned 2 polygons around.
[ 0:00] Writing coastlines as lines... (Because you used --output-lines/-l)
[ 0:00] Checking for questionable input data...
[ 0:00]   Found 7 rings in input data.
[ 0:00] Split polygons with more than 1000 points... (Use --max-points/-m to change this. Set to 0 not to split at all.)
[ 0:00]   Using overlap of 0.0001 (Set this with --bbox-overlap/-b).
[ 0:00] Checking and making polygons valid...
[ 0:00] Writing out land polygons...
[ 0:00] Writing out water polygons...
[ 0:00] Memory used: current: 304 MBytes, peak: 361 MBytes
[ 0:00] Committing database transactions...
[ 0:00] All done.
[ 0:00] Memory used: current: 304 MBytes, peak: 361 MBytes
There were 27 warnings.
There were 9 errors.
Ignoring expected test failure
make[1]: Leaving directory '/<<PKGBUILDDIR>>'
 fakeroot debian/rules binary
dh binary --buildsystem cmake \
      --parallel
   dh_testroot -O--buildsystem=cmake -O--parallel
   dh_prep -O--buildsystem=cmake -O--parallel
   dh_auto_install -O--buildsystem=cmake -O--parallel
	cd obj-x86_64-linux-gnu && make -j4 install DESTDIR=/<<PKGBUILDDIR>>/debian/osmcoastline AM_UPDATE_INFO_DIR=no
make[1]: Entering directory '/<<PKGBUILDDIR>>/obj-x86_64-linux-gnu'
/usr/bin/cmake -S/<<PKGBUILDDIR>> -B/<<PKGBUILDDIR>>/obj-x86_64-linux-gnu --check-build-system CMakeFiles/Makefile.cmake 0
/usr/bin/cmake -E cmake_progress_start /<<PKGBUILDDIR>>/obj-x86_64-linux-gnu/CMakeFiles /<<PKGBUILDDIR>>/obj-x86_64-linux-gnu/CMakeFiles/progress.marks
make -f CMakeFiles/Makefile2 all
make[2]: Entering directory '/<<PKGBUILDDIR>>/obj-x86_64-linux-gnu'
make -f CMakeFiles/man.dir/build.make CMakeFiles/man.dir/depend
make -f src/CMakeFiles/osmcoastline.dir/build.make src/CMakeFiles/osmcoastline.dir/depend
make[3]: Entering directory '/<<PKGBUILDDIR>>/obj-x86_64-linux-gnu'
cd /<<PKGBUILDDIR>>/obj-x86_64-linux-gnu && /usr/bin/cmake -E cmake_depends "Unix Makefiles" /<<PKGBUILDDIR>> /<<PKGBUILDDIR>> /<<PKGBUILDDIR>>/obj-x86_64-linux-gnu /<<PKGBUILDDIR>>/obj-x86_64-linux-gnu /<<PKGBUILDDIR>>/obj-x86_64-linux-gnu/CMakeFiles/man.dir/DependInfo.cmake --color=
make -f src/CMakeFiles/osmcoastline_ways.dir/build.make src/CMakeFiles/osmcoastline_ways.dir/depend
make[3]: Leaving directory '/<<PKGBUILDDIR>>/obj-x86_64-linux-gnu'
make -f CMakeFiles/man.dir/build.make CMakeFiles/man.dir/build
make[3]: Entering directory '/<<PKGBUILDDIR>>/obj-x86_64-linux-gnu'
cd /<<PKGBUILDDIR>>/obj-x86_64-linux-gnu && /usr/bin/cmake -E cmake_depends "Unix Makefiles" /<<PKGBUILDDIR>> /<<PKGBUILDDIR>>/src /<<PKGBUILDDIR>>/obj-x86_64-linux-gnu /<<PKGBUILDDIR>>/obj-x86_64-linux-gnu/src /<<PKGBUILDDIR>>/obj-x86_64-linux-gnu/src/CMakeFiles/osmcoastline.dir/DependInfo.cmake --color=
make[3]: Entering directory '/<<PKGBUILDDIR>>/obj-x86_64-linux-gnu'
cd /<<PKGBUILDDIR>>/obj-x86_64-linux-gnu && /usr/bin/cmake -E cmake_depends "Unix Makefiles" /<<PKGBUILDDIR>> /<<PKGBUILDDIR>>/src /<<PKGBUILDDIR>>/obj-x86_64-linux-gnu /<<PKGBUILDDIR>>/obj-x86_64-linux-gnu/src /<<PKGBUILDDIR>>/obj-x86_64-linux-gnu/src/CMakeFiles/osmcoastline_ways.dir/DependInfo.cmake --color=
make -f src/CMakeFiles/osmcoastline_filter.dir/build.make src/CMakeFiles/osmcoastline_filter.dir/depend
make[3]: Entering directory '/<<PKGBUILDDIR>>/obj-x86_64-linux-gnu'
cd /<<PKGBUILDDIR>>/obj-x86_64-linux-gnu && /usr/bin/cmake -E cmake_depends "Unix Makefiles" /<<PKGBUILDDIR>> /<<PKGBUILDDIR>>/src /<<PKGBUILDDIR>>/obj-x86_64-linux-gnu /<<PKGBUILDDIR>>/obj-x86_64-linux-gnu/src /<<PKGBUILDDIR>>/obj-x86_64-linux-gnu/src/CMakeFiles/osmcoastline_filter.dir/DependInfo.cmake --color=
make[3]: Entering directory '/<<PKGBUILDDIR>>/obj-x86_64-linux-gnu'
make[3]: Nothing to be done for 'CMakeFiles/man.dir/build'.
make[3]: Leaving directory '/<<PKGBUILDDIR>>/obj-x86_64-linux-gnu'
make[3]: Leaving directory '/<<PKGBUILDDIR>>/obj-x86_64-linux-gnu'
make[3]: Leaving directory '/<<PKGBUILDDIR>>/obj-x86_64-linux-gnu'
make -f src/CMakeFiles/osmcoastline_ways.dir/build.make src/CMakeFiles/osmcoastline_ways.dir/build
make -f src/CMakeFiles/osmcoastline_filter.dir/build.make src/CMakeFiles/osmcoastline_filter.dir/build
make[3]: Entering directory '/<<PKGBUILDDIR>>/obj-x86_64-linux-gnu'
make[3]: Nothing to be done for 'src/CMakeFiles/osmcoastline_ways.dir/build'.
make[3]: Leaving directory '/<<PKGBUILDDIR>>/obj-x86_64-linux-gnu'
make[3]: Entering directory '/<<PKGBUILDDIR>>/obj-x86_64-linux-gnu'
make[3]: Nothing to be done for 'src/CMakeFiles/osmcoastline_filter.dir/build'.
make[3]: Leaving directory '/<<PKGBUILDDIR>>/obj-x86_64-linux-gnu'
make[3]: Leaving directory '/<<PKGBUILDDIR>>/obj-x86_64-linux-gnu'
make -f src/CMakeFiles/osmcoastline.dir/build.make src/CMakeFiles/osmcoastline.dir/build
[ 11%] Built target osmcoastline_ways
[ 30%] Built target man
make -f src/CMakeFiles/osmcoastline_segments.dir/build.make src/CMakeFiles/osmcoastline_segments.dir/depend
make[3]: Entering directory '/<<PKGBUILDDIR>>/obj-x86_64-linux-gnu'
make[3]: Nothing to be done for 'src/CMakeFiles/osmcoastline.dir/build'.
make[3]: Leaving directory '/<<PKGBUILDDIR>>/obj-x86_64-linux-gnu'
make[3]: Entering directory '/<<PKGBUILDDIR>>/obj-x86_64-linux-gnu'
cd /<<PKGBUILDDIR>>/obj-x86_64-linux-gnu && /usr/bin/cmake -E cmake_depends "Unix Makefiles" /<<PKGBUILDDIR>> /<<PKGBUILDDIR>>/src /<<PKGBUILDDIR>>/obj-x86_64-linux-gnu /<<PKGBUILDDIR>>/obj-x86_64-linux-gnu/src /<<PKGBUILDDIR>>/obj-x86_64-linux-gnu/src/CMakeFiles/osmcoastline_segments.dir/DependInfo.cmake --color=
[ 42%] Built target osmcoastline_filter
make -f src/CMakeFiles/nodegrid2opl.dir/build.make src/CMakeFiles/nodegrid2opl.dir/depend
make[3]: Entering directory '/<<PKGBUILDDIR>>/obj-x86_64-linux-gnu'
cd /<<PKGBUILDDIR>>/obj-x86_64-linux-gnu && /usr/bin/cmake -E cmake_depends "Unix Makefiles" /<<PKGBUILDDIR>> /<<PKGBUILDDIR>>/src /<<PKGBUILDDIR>>/obj-x86_64-linux-gnu /<<PKGBUILDDIR>>/obj-x86_64-linux-gnu/src /<<PKGBUILDDIR>>/obj-x86_64-linux-gnu/src/CMakeFiles/nodegrid2opl.dir/DependInfo.cmake --color=
[ 76%] Built target osmcoastline
make[3]: Leaving directory '/<<PKGBUILDDIR>>/obj-x86_64-linux-gnu'
make -f src/CMakeFiles/osmcoastline_segments.dir/build.make src/CMakeFiles/osmcoastline_segments.dir/build
make[3]: Entering directory '/<<PKGBUILDDIR>>/obj-x86_64-linux-gnu'
make[3]: Nothing to be done for 'src/CMakeFiles/osmcoastline_segments.dir/build'.
make[3]: Leaving directory '/<<PKGBUILDDIR>>/obj-x86_64-linux-gnu'
[ 92%] Built target osmcoastline_segments
make[3]: Leaving directory '/<<PKGBUILDDIR>>/obj-x86_64-linux-gnu'
make -f src/CMakeFiles/nodegrid2opl.dir/build.make src/CMakeFiles/nodegrid2opl.dir/build
make[3]: Entering directory '/<<PKGBUILDDIR>>/obj-x86_64-linux-gnu'
make[3]: Nothing to be done for 'src/CMakeFiles/nodegrid2opl.dir/build'.
make[3]: Leaving directory '/<<PKGBUILDDIR>>/obj-x86_64-linux-gnu'
[100%] Built target nodegrid2opl
make[2]: Leaving directory '/<<PKGBUILDDIR>>/obj-x86_64-linux-gnu'
/usr/bin/cmake -E cmake_progress_start /<<PKGBUILDDIR>>/obj-x86_64-linux-gnu/CMakeFiles 0
make -f CMakeFiles/Makefile2 preinstall
make[2]: Entering directory '/<<PKGBUILDDIR>>/obj-x86_64-linux-gnu'
make[2]: Nothing to be done for 'preinstall'.
make[2]: Leaving directory '/<<PKGBUILDDIR>>/obj-x86_64-linux-gnu'
Install the project...
/usr/bin/cmake -P cmake_install.cmake
-- Install configuration: "RelWithDebInfo"
-- Installing: /<<PKGBUILDDIR>>/debian/osmcoastline/usr/share/man
-- Installing: /<<PKGBUILDDIR>>/debian/osmcoastline/usr/share/man/man1
-- Installing: /<<PKGBUILDDIR>>/debian/osmcoastline/usr/share/man/man1/osmcoastline_ways.1
-- Installing: /<<PKGBUILDDIR>>/debian/osmcoastline/usr/share/man/man1/osmcoastline_readmeta.1
-- Installing: /<<PKGBUILDDIR>>/debian/osmcoastline/usr/share/man/man1/osmcoastline.1
-- Installing: /<<PKGBUILDDIR>>/debian/osmcoastline/usr/share/man/man1/osmcoastline_filter.1
-- Installing: /<<PKGBUILDDIR>>/debian/osmcoastline/usr/share/man/man1/osmcoastline_segments.1
-- Installing: /<<PKGBUILDDIR>>/debian/osmcoastline/usr/bin/osmcoastline_readmeta
-- Installing: /<<PKGBUILDDIR>>/debian/osmcoastline/usr/bin/osmcoastline
-- Installing: /<<PKGBUILDDIR>>/debian/osmcoastline/usr/bin/osmcoastline_filter
-- Installing: /<<PKGBUILDDIR>>/debian/osmcoastline/usr/bin/osmcoastline_segments
-- Installing: /<<PKGBUILDDIR>>/debian/osmcoastline/usr/bin/osmcoastline_ways
make[1]: Leaving directory '/<<PKGBUILDDIR>>/obj-x86_64-linux-gnu'
   dh_install -O--buildsystem=cmake -O--parallel
   dh_installdocs -O--buildsystem=cmake -O--parallel
   debian/rules override_dh_installchangelogs
make[1]: Entering directory '/<<PKGBUILDDIR>>'
dh_installchangelogs -k CHANGELOG.md
make[1]: Leaving directory '/<<PKGBUILDDIR>>'
   dh_installman -O--buildsystem=cmake -O--parallel
   dh_installinit -O--buildsystem=cmake -O--parallel
   dh_perl -O--buildsystem=cmake -O--parallel
   dh_link -O--buildsystem=cmake -O--parallel
   dh_strip_nondeterminism -O--buildsystem=cmake -O--parallel
   dh_compress -O--buildsystem=cmake -O--parallel
   dh_fixperms -O--buildsystem=cmake -O--parallel
   dh_missing -O--buildsystem=cmake -O--parallel
   dh_strip -O--buildsystem=cmake -O--parallel
   dh_makeshlibs -O--buildsystem=cmake -O--parallel
   dh_shlibdeps -O--buildsystem=cmake -O--parallel
   dh_installdeb -O--buildsystem=cmake -O--parallel
   dh_gencontrol -O--buildsystem=cmake -O--parallel
   dh_md5sums -O--buildsystem=cmake -O--parallel
   dh_builddeb -O--buildsystem=cmake -O--parallel
dpkg-deb: building package 'osmcoastline' in '../osmcoastline_2.2.4-1_amd64.deb'.
dpkg-deb: building package 'osmcoastline-dbgsym' in '../osmcoastline-dbgsym_2.2.4-1_amd64.deb'.
 dpkg-genbuildinfo --build=binary
 dpkg-genchanges --build=binary >../osmcoastline_2.2.4-1_amd64.changes
dpkg-genchanges: info: binary-only upload (no source code included)
 dpkg-source --after-build .
dpkg-buildpackage: info: binary-only upload (no source included)
--------------------------------------------------------------------------------
Build finished at 2020-02-25T00:50:57Z

Finished
--------

I: Built successfully

+------------------------------------------------------------------------------+
| Changes                                                                      |
+------------------------------------------------------------------------------+


osmcoastline_2.2.4-1_amd64.changes:
-----------------------------------

Format: 1.8
Date: Wed, 27 Feb 2019 17:56:26 +0100
Source: osmcoastline
Binary: osmcoastline osmcoastline-dbgsym
Architecture: amd64
Version: 2.2.4-1
Distribution: unstable
Urgency: medium
Maintainer: Debian GIS Project <pkg-grass-devel@lists.alioth.debian.org>
Changed-By: Bas Couwenberg <sebastic@debian.org>
Description:
 osmcoastline - Extract coastline data from OpenStreetMap planet file
Changes:
 osmcoastline (2.2.4-1) unstable; urgency=medium
 .
   * New upstream release.
Checksums-Sha1:
 6e1feafd4d58291fcbb6dc1f1cb51dc8d20aab74 2929992 osmcoastline-dbgsym_2.2.4-1_amd64.deb
 a5b11e1c10c6cbad1f82e0b38e92efd5efe68dec 10709 osmcoastline_2.2.4-1_amd64.buildinfo
 ed6ac4b0be96a8905b37075b132d083c73066c1c 282236 osmcoastline_2.2.4-1_amd64.deb
Checksums-Sha256:
 43ad8615ddaa7329c2ab9659114baccd394bd5c9baad318918b378ab8d16d619 2929992 osmcoastline-dbgsym_2.2.4-1_amd64.deb
 8b9df94b30dbd0883d741e6e5293d15d88e47ff9e1161767b890d673bcf69edb 10709 osmcoastline_2.2.4-1_amd64.buildinfo
 341cb79e2cafd96914585ba7efe54df229ded336194cb7300ff2185998e92f98 282236 osmcoastline_2.2.4-1_amd64.deb
Files:
 571524e0f6c2217a33646ad4c54071cc 2929992 debug optional osmcoastline-dbgsym_2.2.4-1_amd64.deb
 4d1f4cccbb993c49d5c752a8d8ffe949 10709 science optional osmcoastline_2.2.4-1_amd64.buildinfo
 b366addb2dbb81b37b2e0e72dc6d95bc 282236 utils optional osmcoastline_2.2.4-1_amd64.deb

+------------------------------------------------------------------------------+
| Buildinfo                                                                    |
+------------------------------------------------------------------------------+

Format: 1.0
Source: osmcoastline
Binary: osmcoastline
Architecture: amd64
Version: 2.2.4-1
Checksums-Md5:
 571524e0f6c2217a33646ad4c54071cc 2929992 osmcoastline-dbgsym_2.2.4-1_amd64.deb
 b366addb2dbb81b37b2e0e72dc6d95bc 282236 osmcoastline_2.2.4-1_amd64.deb
Checksums-Sha1:
 6e1feafd4d58291fcbb6dc1f1cb51dc8d20aab74 2929992 osmcoastline-dbgsym_2.2.4-1_amd64.deb
 ed6ac4b0be96a8905b37075b132d083c73066c1c 282236 osmcoastline_2.2.4-1_amd64.deb
Checksums-Sha256:
 43ad8615ddaa7329c2ab9659114baccd394bd5c9baad318918b378ab8d16d619 2929992 osmcoastline-dbgsym_2.2.4-1_amd64.deb
 341cb79e2cafd96914585ba7efe54df229ded336194cb7300ff2185998e92f98 282236 osmcoastline_2.2.4-1_amd64.deb
Build-Origin: Debian
Build-Architecture: amd64
Build-Date: Tue, 25 Feb 2020 00:50:56 +0000
Build-Path: /<<PKGBUILDDIR>>
Installed-Build-Depends:
 autoconf (= 2.69-11.1),
 automake (= 1:1.16.1-4),
 autopoint (= 0.19.8.1-10),
 autotools-dev (= 20180224.1),
 base-files (= 11),
 base-passwd (= 3.5.47),
 bash (= 5.0-5),
 binutils (= 2.34-3),
 binutils-common (= 2.34-3),
 binutils-x86-64-linux-gnu (= 2.34-3),
 bsdmainutils (= 11.1.2+b1),
 bsdutils (= 1:2.34-0.1),
 build-essential (= 12.8),
 bzip2 (= 1.0.8-2),
 clang-10 (= 1:10.0.0~+rc2-1),
 cmake (= 3.16.3-1),
 cmake-data (= 3.16.3-1),
 coreutils (= 8.30-3+b1),
 cpp (= 4:9.2.1-3.1),
 cpp-9 (= 9.2.1-29),
 dash (= 0.5.10.2-6),
 debconf (= 1.5.73),
 debhelper (= 12.9),
 debianutils (= 4.9.1),
 default-libmysqlclient-dev (= 1.0.5),
 dh-autoreconf (= 19),
 dh-strip-nondeterminism (= 1.6.3-2),
 diffutils (= 1:3.7-3),
 dpkg (= 1.19.7),
 dpkg-dev (= 1.19.7),
 dwz (= 0.13-5),
 fdisk (= 2.34-0.1),
 file (= 1:5.38-4),
 findutils (= 4.7.0-1),
 fontconfig-config (= 2.13.1-2),
 fonts-dejavu-core (= 2.37-1),
 g++ (= 4:9.2.1-3.1),
 g++-9 (= 9.2.1-29),
 gcc (= 4:9.2.1-3.1),
 gcc-10-base (= 10-20200222-1),
 gcc-9 (= 9.2.1-29),
 gcc-9-base (= 9.2.1-29),
 gdal-data (= 3.0.4+dfsg-1),
 gettext (= 0.19.8.1-10),
 gettext-base (= 0.19.8.1-10),
 grep (= 3.4-1),
 groff-base (= 1.22.4-4),
 gzip (= 1.9-3+b1),
 hdf5-helpers (= 1.10.4+repack-11),
 hostname (= 3.23),
 icu-devtools (= 63.2-2),
 init-system-helpers (= 1.57),
 intltool-debian (= 0.35.0+20060710.5),
 lib32gcc-s1 (= 10-20200222-1),
 lib32gcc1 (= 1:10-20200222-1),
 lib32stdc++6 (= 10-20200222-1),
 libacl1 (= 2.2.53-5),
 libaec-dev (= 1.0.4-1),
 libaec0 (= 1.0.4-1),
 libarchive-zip-perl (= 1.67-1),
 libarchive13 (= 3.4.0-1+b1),
 libarmadillo-dev (= 1:9.800.4+dfsg-1),
 libarmadillo9 (= 1:9.800.4+dfsg-1),
 libarpack2 (= 3.7.0-3),
 libarpack2-dev (= 3.7.0-3),
 libasan5 (= 9.2.1-29),
 libatomic1 (= 10-20200222-1),
 libattr1 (= 1:2.4.48-5),
 libaudit-common (= 1:2.8.5-2),
 libaudit1 (= 1:2.8.5-2+b1),
 libbinutils (= 2.34-3),
 libblas-dev (= 3.9.0-1),
 libblas3 (= 3.9.0-1),
 libblkid1 (= 2.34-0.1),
 libboost-dev (= 1.67.0.2+b1),
 libboost1.67-dev (= 1.67.0-17),
 libbrotli1 (= 1.0.7-6),
 libbsd0 (= 0.10.0-1),
 libbz2-1.0 (= 1.0.8-2),
 libbz2-dev (= 1.0.8-2),
 libc-bin (= 2.29-10),
 libc-dev-bin (= 2.29-10),
 libc6 (= 2.29-10),
 libc6-dev (= 2.29-10),
 libc6-i386 (= 2.29-10),
 libcap-ng0 (= 0.7.9-2.1+b1),
 libcc1-0 (= 10-20200222-1),
 libcfitsio-dev (= 3.470-3),
 libcfitsio8 (= 3.470-3),
 libcharls-dev (= 2.0.0+dfsg-1+b1),
 libcharls2 (= 2.0.0+dfsg-1+b1),
 libclang-common-10-dev (= 1:10.0.0~+rc2-1),
 libclang-cpp10 (= 1:10.0.0~+rc2-1),
 libclang1-10 (= 1:10.0.0~+rc2-1),
 libcom-err2 (= 1.45.5-2),
 libcroco3 (= 0.6.13-1),
 libcrypt-dev (= 1:4.4.10-10),
 libcrypt1 (= 1:4.4.10-10),
 libctf-nobfd0 (= 2.34-3),
 libctf0 (= 2.34-3),
 libcurl3-gnutls (= 7.68.0-1),
 libcurl4 (= 7.68.0-1),
 libcurl4-gnutls-dev (= 7.68.0-1),
 libdap-dev (= 3.20.5-1),
 libdap25 (= 3.20.5-1),
 libdapclient6v5 (= 3.20.5-1),
 libdapserver7v5 (= 3.20.5-1),
 libdb5.3 (= 5.3.28+dfsg1-0.6),
 libdebconfclient0 (= 0.251),
 libdebhelper-perl (= 12.9),
 libdpkg-perl (= 1.19.7),
 libedit2 (= 3.1-20191231-1),
 libelf1 (= 0.176-1.1),
 libepsilon-dev (= 0.9.2+dfsg-4+b1),
 libepsilon1 (= 0.9.2+dfsg-4+b1),
 libevent-2.1-7 (= 2.1.11-stable-1),
 libexpat1 (= 2.2.9-1),
 libexpat1-dev (= 2.2.9-1),
 libfdisk1 (= 2.34-0.1),
 libffi7 (= 3.3-3),
 libfile-stripnondeterminism-perl (= 1.6.3-2),
 libfontconfig1 (= 2.13.1-2+b1),
 libfreetype6 (= 2.10.1-2),
 libfreexl-dev (= 1.0.5-3+b1),
 libfreexl1 (= 1.0.5-3+b1),
 libfyba-dev (= 4.1.1-6),
 libfyba0 (= 4.1.1-6),
 libgc1c2 (= 1:7.6.4-0.4),
 libgcc-9-dev (= 9.2.1-29),
 libgcc-s1 (= 10-20200222-1),
 libgcc1 (= 1:10-20200222-1),
 libgcrypt20 (= 1.8.5-5),
 libgdal-dev (= 3.0.4+dfsg-1),
 libgdal26 (= 3.0.4+dfsg-1),
 libgdbm-compat4 (= 1.18.1-5),
 libgdbm6 (= 1.18.1-5),
 libgeos++-dev (= 3.8.0-1),
 libgeos-3.8.0 (= 3.8.0-1),
 libgeos-c1v5 (= 3.8.0-1),
 libgeos-dev (= 3.8.0-1),
 libgeotiff-dev (= 1.5.1-2),
 libgeotiff5 (= 1.5.1-2),
 libgfortran5 (= 10-20200222-1),
 libgif-dev (= 5.1.9-1),
 libgif7 (= 5.1.9-1),
 libglib2.0-0 (= 2.62.4-2),
 libgmp-dev (= 2:6.2.0+dfsg-4),
 libgmp10 (= 2:6.2.0+dfsg-4),
 libgmpxx4ldbl (= 2:6.2.0+dfsg-4),
 libgnutls-dane0 (= 3.6.12-2),
 libgnutls-openssl27 (= 3.6.12-2),
 libgnutls28-dev (= 3.6.12-2),
 libgnutls30 (= 3.6.12-2),
 libgnutlsxx28 (= 3.6.12-2),
 libgomp1 (= 10-20200222-1),
 libgpg-error0 (= 1.37-1),
 libgssapi-krb5-2 (= 1.17-6),
 libhdf4-0-alt (= 4.2.14-1),
 libhdf4-alt-dev (= 4.2.14-1),
 libhdf5-103 (= 1.10.4+repack-11),
 libhdf5-cpp-103 (= 1.10.4+repack-11),
 libhdf5-dev (= 1.10.4+repack-11),
 libhogweed5 (= 3.5.1+really3.5.1-2),
 libicu-dev (= 63.2-2),
 libicu63 (= 63.2-2),
 libidn2-0 (= 2.2.0-2),
 libidn2-dev (= 2.2.0-2),
 libisl22 (= 0.22.1-1),
 libitm1 (= 10-20200222-1),
 libjbig-dev (= 2.1-3.1+b2),
 libjbig0 (= 2.1-3.1+b2),
 libjpeg-dev (= 1:1.5.2-2),
 libjpeg62-turbo (= 1:1.5.2-2+b1),
 libjpeg62-turbo-dev (= 1:1.5.2-2+b1),
 libjson-c-dev (= 0.13.1+dfsg-7),
 libjson-c4 (= 0.13.1+dfsg-7),
 libjsoncpp1 (= 1.7.4-3.1),
 libk5crypto3 (= 1.17-6),
 libkeyutils1 (= 1.6.1-2),
 libkml-dev (= 1.3.0-8),
 libkmlbase1 (= 1.3.0-8),
 libkmlconvenience1 (= 1.3.0-8),
 libkmldom1 (= 1.3.0-8),
 libkmlengine1 (= 1.3.0-8),
 libkmlregionator1 (= 1.3.0-8),
 libkmlxsd1 (= 1.3.0-8),
 libkrb5-3 (= 1.17-6),
 libkrb5support0 (= 1.17-6),
 liblapack-dev (= 3.9.0-1),
 liblapack3 (= 3.9.0-1),
 liblcms2-2 (= 2.9-4),
 libldap-2.4-2 (= 2.4.49+dfsg-1),
 libldap-common (= 2.4.49+dfsg-1),
 libllvm10 (= 1:10.0.0~+rc2-1),
 liblsan0 (= 10-20200222-1),
 libltdl-dev (= 2.4.6-13),
 libltdl7 (= 2.4.6-13),
 liblz4-1 (= 1.9.2-2),
 liblzma-dev (= 5.2.4-1+b1),
 liblzma5 (= 5.2.4-1+b1),
 libmagic-mgc (= 1:5.38-4),
 libmagic1 (= 1:5.38-4),
 libmariadb-dev (= 1:10.3.22-1),
 libmariadb-dev-compat (= 1:10.3.22-1),
 libmariadb3 (= 1:10.3.22-1),
 libminizip-dev (= 1.1-8+b1),
 libminizip1 (= 1.1-8+b1),
 libmount1 (= 2.34-0.1),
 libmpc3 (= 1.1.0-1),
 libmpfr6 (= 4.0.2-1),
 libncurses6 (= 6.1+20191019-1),
 libncursesw6 (= 6.1+20191019-1),
 libnetcdf-dev (= 1:4.7.3-1),
 libnetcdf15 (= 1:4.7.3-1),
 libnettle7 (= 3.5.1+really3.5.1-2),
 libnghttp2-14 (= 1.40.0-1),
 libnspr4 (= 2:4.24-1),
 libnss3 (= 2:3.50-1),
 libobjc-9-dev (= 9.2.1-29),
 libobjc4 (= 10-20200222-1),
 libodbc1 (= 2.3.6-0.1+b1),
 libogdi-dev (= 4.1.0+ds-1),
 libogdi4.1 (= 4.1.0+ds-1),
 libopenjp2-7 (= 2.3.1-1),
 libopenjp2-7-dev (= 2.3.1-1),
 libosmium2-dev (= 2.15.4-1),
 libp11-kit-dev (= 0.23.20-1),
 libp11-kit0 (= 0.23.20-1),
 libpam-modules (= 1.3.1-5),
 libpam-modules-bin (= 1.3.1-5),
 libpam-runtime (= 1.3.1-5),
 libpam0g (= 1.3.1-5),
 libpcre16-3 (= 2:8.39-12+b1),
 libpcre2-8-0 (= 10.34-7),
 libpcre3 (= 2:8.39-12+b1),
 libpcre3-dev (= 2:8.39-12+b1),
 libpcre32-3 (= 2:8.39-12+b1),
 libpcrecpp0v5 (= 2:8.39-12+b1),
 libperl5.30 (= 5.30.0-9),
 libpipeline1 (= 1.5.2-2),
 libpng-dev (= 1.6.37-2),
 libpng16-16 (= 1.6.37-2),
 libpoppler-dev (= 0.71.0-6),
 libpoppler-private-dev (= 0.71.0-6),
 libpoppler82 (= 0.71.0-6),
 libpopt0 (= 1.16-14),
 libpq-dev (= 12.2-1),
 libpq5 (= 12.2-1),
 libprocps8 (= 2:3.3.16-1+b1),
 libproj-dev (= 6.3.1-1),
 libproj15 (= 6.3.1-1),
 libprotozero-dev (= 1.6.8-1),
 libpsl5 (= 0.20.2-2),
 libqhull-dev (= 2015.2-4),
 libqhull-r7 (= 2015.2-4),
 libqhull7 (= 2015.2-4),
 libquadmath0 (= 10-20200222-1),
 libreadline8 (= 8.0-3),
 libreadosm1 (= 1.1.0+dfsg-3+b1),
 librhash0 (= 1.3.9-1),
 librtmp1 (= 2.4+20151223.gitfa8646d.1-2+b1),
 libsasl2-2 (= 2.1.27+dfsg-2),
 libsasl2-modules-db (= 2.1.27+dfsg-2),
 libseccomp2 (= 2.4.2-2),
 libselinux1 (= 3.0-1+b1),
 libsigsegv2 (= 2.12-2),
 libsmartcols1 (= 2.34-0.1),
 libspatialite-dev (= 4.3.0a-6+b1),
 libspatialite7 (= 4.3.0a-6+b1),
 libsqlite3-0 (= 3.31.1-3),
 libsqlite3-dev (= 3.31.1-3),
 libssh2-1 (= 1.8.0-2.1),
 libssl1.1 (= 1.1.1d-2),
 libstdc++-9-dev (= 9.2.1-29),
 libstdc++6 (= 10-20200222-1),
 libsub-override-perl (= 0.09-2),
 libsuperlu-dev (= 5.2.1+dfsg1-4),
 libsuperlu5 (= 5.2.1+dfsg1-4),
 libsystemd0 (= 244.3-1),
 libsz2 (= 1.0.4-1),
 libtasn1-6 (= 4.16.0-2),
 libtasn1-6-dev (= 4.16.0-2),
 libtiff-dev (= 4.1.0+git191117-2),
 libtiff5 (= 4.1.0+git191117-2),
 libtiffxx5 (= 4.1.0+git191117-2),
 libtinfo6 (= 6.1+20191019-1),
 libtool (= 2.4.6-13),
 libtsan0 (= 10-20200222-1),
 libubsan1 (= 10-20200222-1),
 libuchardet0 (= 0.0.6-3),
 libudev1 (= 244.3-1),
 libunbound8 (= 1.9.6-2),
 libunistring2 (= 0.9.10-2),
 liburiparser-dev (= 0.9.3-2),
 liburiparser1 (= 0.9.3-2),
 libuuid1 (= 2.34-0.1),
 libuv1 (= 1.34.2-1),
 libwebp-dev (= 0.6.1-2+b1),
 libwebp6 (= 0.6.1-2+b1),
 libwebpdemux2 (= 0.6.1-2+b1),
 libwebpmux3 (= 0.6.1-2+b1),
 libxerces-c-dev (= 3.2.2+debian-1+b1),
 libxerces-c3.2 (= 3.2.2+debian-1+b1),
 libxml2 (= 2.9.10+dfsg-3),
 libxml2-dev (= 2.9.10+dfsg-3),
 libz3-4 (= 4.8.7-4),
 libzstd-dev (= 1.4.4+dfsg-3),
 libzstd1 (= 1.4.4+dfsg-3),
 linux-libc-dev (= 5.4.19-1),
 login (= 1:4.8.1-1),
 lsb-base (= 11.1.0),
 m4 (= 1.4.18-4),
 make (= 4.2.1-1.2),
 man-db (= 2.9.0-2),
 mariadb-common (= 1:10.3.22-1),
 mawk (= 1.3.4.20200120-2),
 mysql-common (= 5.8+1.0.5),
 ncurses-base (= 6.1+20191019-1),
 ncurses-bin (= 6.1+20191019-1),
 nettle-dev (= 3.5.1+really3.5.1-2),
 odbcinst (= 2.3.6-0.1+b1),
 odbcinst1debian2 (= 2.3.6-0.1+b1),
 pandoc (= 2.5-3+b1),
 pandoc-data (= 2.5-3),
 patch (= 2.7.6-6),
 perl (= 5.30.0-9),
 perl-base (= 5.30.0-9),
 perl-modules-5.30 (= 5.30.0-9),
 pkg-config (= 0.29-6),
 po-debconf (= 1.0.21),
 procps (= 2:3.3.16-1+b1),
 proj-data (= 6.3.1-1),
 readline-common (= 8.0-3),
 sed (= 4.7-1),
 sensible-utils (= 0.0.12+nmu1),
 spatialite-bin (= 4.3.0-3+b1),
 sqlite3 (= 3.31.1-3),
 sysvinit-utils (= 2.96-2.1),
 tar (= 1.30+dfsg-6+b1),
 ucf (= 3.0038+nmu1),
 unixodbc-dev (= 2.3.6-0.1+b1),
 util-linux (= 2.34-0.1),
 uuid-dev (= 2.34-0.1),
 xz-utils (= 5.2.4-1+b1),
 zlib1g (= 1:1.2.11.dfsg-1.2),
 zlib1g-dev (= 1:1.2.11.dfsg-1.2)
Environment:
 DEB_BUILD_OPTIONS="parallel=4"
 LANG="C.UTF-8"
 LC_ALL="C.UTF-8"
 SOURCE_DATE_EPOCH="1551286586"


+------------------------------------------------------------------------------+
| Package contents                                                             |
+------------------------------------------------------------------------------+


osmcoastline-dbgsym_2.2.4-1_amd64.deb
-------------------------------------

 new Debian package, version 2.0.
 size 2929992 bytes: control archive=700 bytes.
     502 bytes,    12 lines      control              
     424 bytes,     4 lines      md5sums              
 Package: osmcoastline-dbgsym
 Source: osmcoastline
 Version: 2.2.4-1
 Auto-Built-Package: debug-symbols
 Architecture: amd64
 Maintainer: Debian GIS Project <pkg-grass-devel@lists.alioth.debian.org>
 Installed-Size: 3216
 Depends: osmcoastline (= 2.2.4-1)
 Section: debug
 Priority: optional
 Description: debug symbols for osmcoastline
 Build-Ids: 417e0b80713450c779df1e44480c5ed67173e7b3 85bfdc9165395396b54df737c858a01b1b5fedbf f87f77c4850b3f43c0be534a2422770297b6ec15 fe91e2c8b6f81f600ff4990b5faac6e865a5067d

drwxr-xr-x root/root         0 2019-02-27 16:56 ./
drwxr-xr-x root/root         0 2019-02-27 16:56 ./usr/
drwxr-xr-x root/root         0 2019-02-27 16:56 ./usr/lib/
drwxr-xr-x root/root         0 2019-02-27 16:56 ./usr/lib/debug/
drwxr-xr-x root/root         0 2019-02-27 16:56 ./usr/lib/debug/.build-id/
drwxr-xr-x root/root         0 2019-02-27 16:56 ./usr/lib/debug/.build-id/41/
-rw-r--r-- root/root    121640 2019-02-27 16:56 ./usr/lib/debug/.build-id/41/7e0b80713450c779df1e44480c5ed67173e7b3.debug
drwxr-xr-x root/root         0 2019-02-27 16:56 ./usr/lib/debug/.build-id/85/
-rw-r--r-- root/root   1268808 2019-02-27 16:56 ./usr/lib/debug/.build-id/85/bfdc9165395396b54df737c858a01b1b5fedbf.debug
drwxr-xr-x root/root         0 2019-02-27 16:56 ./usr/lib/debug/.build-id/f8/
-rw-r--r-- root/root    870976 2019-02-27 16:56 ./usr/lib/debug/.build-id/f8/7f77c4850b3f43c0be534a2422770297b6ec15.debug
drwxr-xr-x root/root         0 2019-02-27 16:56 ./usr/lib/debug/.build-id/fe/
-rw-r--r-- root/root   1016448 2019-02-27 16:56 ./usr/lib/debug/.build-id/fe/91e2c8b6f81f600ff4990b5faac6e865a5067d.debug
drwxr-xr-x root/root         0 2019-02-27 16:56 ./usr/share/
drwxr-xr-x root/root         0 2019-02-27 16:56 ./usr/share/doc/
lrwxrwxrwx root/root         0 2019-02-27 16:56 ./usr/share/doc/osmcoastline-dbgsym -> osmcoastline


osmcoastline_2.2.4-1_amd64.deb
------------------------------

 new Debian package, version 2.0.
 size 282236 bytes: control archive=1376 bytes.
    1337 bytes,    25 lines      control              
     916 bytes,    13 lines      md5sums              
 Package: osmcoastline
 Version: 2.2.4-1
 Architecture: amd64
 Maintainer: Debian GIS Project <pkg-grass-devel@lists.alioth.debian.org>
 Installed-Size: 1385
 Depends: libbz2-1.0, libc6 (>= 2.14), libexpat1 (>= 2.0.1), libgcc-s1 (>= 3.0), libgdal26 (>= 3.0.0), libgeos-c1v5 (>= 3.4.2), libstdc++6 (>= 9), zlib1g (>= 1:1.2.6)
 Section: utils
 Priority: optional
 Homepage: https://osmcode.org/osmcoastline/
 Description: Extract coastline data from OpenStreetMap planet file
  OSMCoastline extracts the coastline from an OSM planet file and assembles all
  the pieces into polygons for use in map renderers etc.
  .
  OSMCoastline relies on the Osmium library for its OpenStreetMap data handling.
  .
  The Osmium library has extensive support for all types of OSM entities: nodes,
  ways, relations, and changesets. It allows reading from and writing to OSM
  files in XML and PBF formats, including change files and full history files.
  Osmium can store OSM data in memory and on disk in various formats and using
  various indexes. Its easy to use handler interface allows you to quickly write
  data filtering and conversion functions. Osmium can create WKT, WKB, OGR, GEOS
  and GeoJSON geometries for easy conversion into many GIS formats and it can
  assemble multipolygons from ways and relations.
  .
  This package contains the OSMCoastline utilities.

drwxr-xr-x root/root         0 2019-02-27 16:56 ./
drwxr-xr-x root/root         0 2019-02-27 16:56 ./usr/
drwxr-xr-x root/root         0 2019-02-27 16:56 ./usr/bin/
-rwxr-xr-x root/root    502440 2019-02-27 16:56 ./usr/bin/osmcoastline
-rwxr-xr-x root/root    448832 2019-02-27 16:56 ./usr/bin/osmcoastline_filter
-rwxr-xr-x root/root      3656 2019-02-27 16:56 ./usr/bin/osmcoastline_readmeta
-rwxr-xr-x root/root     51544 2019-02-27 16:56 ./usr/bin/osmcoastline_segments
-rwxr-xr-x root/root    383128 2019-02-27 16:56 ./usr/bin/osmcoastline_ways
drwxr-xr-x root/root         0 2019-02-27 16:56 ./usr/share/
drwxr-xr-x root/root         0 2019-02-27 16:56 ./usr/share/doc/
drwxr-xr-x root/root         0 2019-02-27 16:56 ./usr/share/doc/osmcoastline/
lrwxrwxrwx root/root         0 2019-02-27 16:56 ./usr/share/doc/osmcoastline/CHANGELOG.md.gz -> changelog.gz
-rw-r--r-- root/root      1299 2019-02-27 16:56 ./usr/share/doc/osmcoastline/changelog.Debian.gz
-rw-r--r-- root/root      1702 2019-02-27 12:15 ./usr/share/doc/osmcoastline/changelog.gz
-rw-r--r-- root/root      1882 2019-02-17 07:36 ./usr/share/doc/osmcoastline/copyright
drwxr-xr-x root/root         0 2019-02-27 16:56 ./usr/share/man/
drwxr-xr-x root/root         0 2019-02-27 16:56 ./usr/share/man/man1/
-rw-r--r-- root/root      2328 2019-02-27 16:56 ./usr/share/man/man1/osmcoastline.1.gz
-rw-r--r-- root/root      1150 2019-02-27 16:56 ./usr/share/man/man1/osmcoastline_filter.1.gz
-rw-r--r-- root/root       728 2019-02-27 16:56 ./usr/share/man/man1/osmcoastline_readmeta.1.gz
-rw-r--r-- root/root      1087 2019-02-27 16:56 ./usr/share/man/man1/osmcoastline_segments.1.gz
-rw-r--r-- root/root       906 2019-02-27 16:56 ./usr/share/man/man1/osmcoastline_ways.1.gz


+------------------------------------------------------------------------------+
| Post Build                                                                   |
+------------------------------------------------------------------------------+


+------------------------------------------------------------------------------+
| Cleanup                                                                      |
+------------------------------------------------------------------------------+

Purging /<<BUILDDIR>>
Not cleaning session: cloned chroot in use

+------------------------------------------------------------------------------+
| Summary                                                                      |
+------------------------------------------------------------------------------+

Build Architecture: amd64
Build Type: binary
Build-Space: 60900
Build-Time: 55
Distribution: unstable
Host Architecture: amd64
Install-Time: 39
Job: osmcoastline_2.2.4-1
Machine Architecture: amd64
Package: osmcoastline
Package-Time: 114
Source-Version: 2.2.4-1
Space: 60900
Status: successful
Version: 2.2.4-1
--------------------------------------------------------------------------------
Finished at 2020-02-25T00:50:57Z
Build needed 00:01:54, 60900k disk space
DC-Status: OK 120.737757319s
