DC-Build-Header: sgf2dg 4.252-1 / 2020-02-25 05:53:29 +0000
DC-Task: type:rebuild-binarch-only source:sgf2dg version:4.252-1 chroot:unstable esttime:60 logfile:/tmp/sgf2dg_4.252-1_unstable_clang10.log modes:clang10:binarch-only
DC-Sbuild-call: su user42 -c 'sbuild -n --arch-any --apt-update -d unstable -v --no-run-lintian --chroot-setup-commands=/tmp/clang10 sgf2dg_4.252-1'
sbuild (Debian sbuild) 0.78.1 (09 February 2019) on ip-172-31-6-193.eu-central-1.compute.internal

+==============================================================================+
| sgf2dg 4.252-1 (amd64)                       Tue, 25 Feb 2020 05:53:29 +0000 |
+==============================================================================+

Package: sgf2dg
Version: 4.252-1
Source Version: 4.252-1
Distribution: unstable
Machine Architecture: amd64
Host Architecture: amd64
Build Architecture: amd64
Build Type: binary

I: NOTICE: Log filtering will replace 'var/run/schroot/mount/sid-amd64-sbuild-f6d7b4ef-153c-4d9d-9226-4bc2fe0f6c47' with '<<CHROOT>>'

+------------------------------------------------------------------------------+
| Chroot Setup Commands                                                        |
+------------------------------------------------------------------------------+


/tmp/clang10
------------

+ echo 'Entering customization script...'
Entering customization script...
+ CLANG_VERSION=10
+ echo 'Install of clang-10'
Install of clang-10
+ apt-get update
Get:1 http://127.0.0.1:12990/debian sid InRelease [142 kB]
Get:2 http://127.0.0.1:12990/debian sid/main Sources.diff/Index [27.9 kB]
Get:3 http://127.0.0.1:12990/debian sid/main amd64 Packages.diff/Index [27.9 kB]
Get:4 http://127.0.0.1:12990/debian sid/main Sources 2020-02-24-0823.32.pdiff [11.0 kB]
Get:5 http://127.0.0.1:12990/debian sid/main Sources 2020-02-24-1420.34.pdiff [30.2 kB]
Get:6 http://127.0.0.1:12990/debian sid/main Sources 2020-02-24-2014.03.pdiff [16.9 kB]
Get:7 http://127.0.0.1:12990/debian sid/main Sources 2020-02-25-0213.11.pdiff [23.2 kB]
Get:8 http://127.0.0.1:12990/debian sid/main amd64 Packages 2020-02-24-0823.32.pdiff [15.5 kB]
Get:9 http://127.0.0.1:12990/debian sid/main amd64 Packages 2020-02-24-1420.34.pdiff [27.5 kB]
Get:10 http://127.0.0.1:12990/debian sid/main amd64 Packages 2020-02-24-2014.03.pdiff [21.6 kB]
Get:11 http://127.0.0.1:12990/debian sid/main amd64 Packages 2020-02-25-0213.11.pdiff [35.0 kB]
Get:7 http://127.0.0.1:12990/debian sid/main Sources 2020-02-25-0213.11.pdiff [23.2 kB]
Get:11 http://127.0.0.1:12990/debian sid/main amd64 Packages 2020-02-25-0213.11.pdiff [35.0 kB]
Get:12 http://127.0.0.1:12990/debian sid/main Translation-en [6193 kB]
Fetched 6572 kB in 2s (3400 kB/s)
Reading package lists...
+ apt-get install --yes --no-install-recommends --force-yes clang-10 libomp-10-dev libobjc-9-dev
Reading package lists...
Building dependency tree...
The following additional packages will be installed:
  lib32gcc-s1 lib32gcc1 lib32stdc++6 libbsd0 libc6-i386 libclang-common-10-dev
  libclang-cpp10 libclang1-10 libedit2 libgc1c2 libllvm10 libobjc4 libomp5-10
  libz3-4
Suggested packages:
  clang-10-doc libomp-10-doc
Recommended packages:
  llvm-10-dev python3
The following NEW packages will be installed:
  clang-10 lib32gcc-s1 lib32gcc1 lib32stdc++6 libbsd0 libc6-i386
  libclang-common-10-dev libclang-cpp10 libclang1-10 libedit2 libgc1c2
  libllvm10 libobjc-9-dev libobjc4 libomp-10-dev libomp5-10 libz3-4
0 upgraded, 17 newly installed, 0 to remove and 2 not upgraded.
Need to get 46.4 MB of archives.
After this operation, 238 MB of additional disk space will be used.
Get:1 http://127.0.0.1:12990/debian sid/main amd64 libbsd0 amd64 0.10.0-1 [107 kB]
Get:2 http://127.0.0.1:12990/debian sid/main amd64 libedit2 amd64 3.1-20191231-1 [95.4 kB]
Get:3 http://127.0.0.1:12990/debian sid/main amd64 libz3-4 amd64 4.8.7-4 [6790 kB]
Get:4 http://127.0.0.1:12990/debian sid/main amd64 libllvm10 amd64 1:10.0.0~+rc2-1 [15.5 MB]
Get:5 http://127.0.0.1:12990/debian sid/main amd64 libclang-cpp10 amd64 1:10.0.0~+rc2-1 [9069 kB]
Get:6 http://127.0.0.1:12990/debian sid/main amd64 libgc1c2 amd64 1:7.6.4-0.4 [224 kB]
Get:7 http://127.0.0.1:12990/debian sid/main amd64 libobjc4 amd64 10-20200222-1 [41.6 kB]
Get:8 http://127.0.0.1:12990/debian sid/main amd64 libobjc-9-dev amd64 9.2.1-29 [219 kB]
Get:9 http://127.0.0.1:12990/debian sid/main amd64 libc6-i386 amd64 2.29-10 [2918 kB]
Get:10 http://127.0.0.1:12990/debian sid/main amd64 lib32gcc-s1 amd64 10-20200222-1 [49.4 kB]
Get:11 http://127.0.0.1:12990/debian sid/main amd64 lib32gcc1 amd64 1:10-20200222-1 [1104 B]
Get:12 http://127.0.0.1:12990/debian sid/main amd64 lib32stdc++6 amd64 10-20200222-1 [510 kB]
Get:13 http://127.0.0.1:12990/debian sid/main amd64 libclang-common-10-dev amd64 1:10.0.0~+rc2-1 [2782 kB]
Get:14 http://127.0.0.1:12990/debian sid/main amd64 libclang1-10 amd64 1:10.0.0~+rc2-1 [7607 kB]
Get:15 http://127.0.0.1:12990/debian sid/main amd64 clang-10 amd64 1:10.0.0~+rc2-1 [103 kB]
Get:16 http://127.0.0.1:12990/debian sid/main amd64 libomp5-10 amd64 1:10.0.0~+rc2-1 [337 kB]
Get:17 http://127.0.0.1:12990/debian sid/main amd64 libomp-10-dev amd64 1:10.0.0~+rc2-1 [84.3 kB]
debconf: delaying package configuration, since apt-utils is not installed
Fetched 46.4 MB in 1s (71.5 MB/s)
Selecting previously unselected package libbsd0:amd64.
(Reading database ... (Reading database ... 5%(Reading database ... 10%(Reading database ... 15%(Reading database ... 20%(Reading database ... 25%(Reading database ... 30%(Reading database ... 35%(Reading database ... 40%(Reading database ... 45%(Reading database ... 50%(Reading database ... 55%(Reading database ... 60%(Reading database ... 65%(Reading database ... 70%(Reading database ... 75%(Reading database ... 80%(Reading database ... 85%(Reading database ... 90%(Reading database ... 95%(Reading database ... 100%(Reading database ... 12119 files and directories currently installed.)
Preparing to unpack .../00-libbsd0_0.10.0-1_amd64.deb ...
Unpacking libbsd0:amd64 (0.10.0-1) ...
Selecting previously unselected package libedit2:amd64.
Preparing to unpack .../01-libedit2_3.1-20191231-1_amd64.deb ...
Unpacking libedit2:amd64 (3.1-20191231-1) ...
Selecting previously unselected package libz3-4:amd64.
Preparing to unpack .../02-libz3-4_4.8.7-4_amd64.deb ...
Unpacking libz3-4:amd64 (4.8.7-4) ...
Selecting previously unselected package libllvm10:amd64.
Preparing to unpack .../03-libllvm10_1%3a10.0.0~+rc2-1_amd64.deb ...
Unpacking libllvm10:amd64 (1:10.0.0~+rc2-1) ...
Selecting previously unselected package libclang-cpp10.
Preparing to unpack .../04-libclang-cpp10_1%3a10.0.0~+rc2-1_amd64.deb ...
Unpacking libclang-cpp10 (1:10.0.0~+rc2-1) ...
Selecting previously unselected package libgc1c2:amd64.
Preparing to unpack .../05-libgc1c2_1%3a7.6.4-0.4_amd64.deb ...
Unpacking libgc1c2:amd64 (1:7.6.4-0.4) ...
Selecting previously unselected package libobjc4:amd64.
Preparing to unpack .../06-libobjc4_10-20200222-1_amd64.deb ...
Unpacking libobjc4:amd64 (10-20200222-1) ...
Selecting previously unselected package libobjc-9-dev:amd64.
Preparing to unpack .../07-libobjc-9-dev_9.2.1-29_amd64.deb ...
Unpacking libobjc-9-dev:amd64 (9.2.1-29) ...
Selecting previously unselected package libc6-i386.
Preparing to unpack .../08-libc6-i386_2.29-10_amd64.deb ...
Unpacking libc6-i386 (2.29-10) ...
Selecting previously unselected package lib32gcc-s1.
Preparing to unpack .../09-lib32gcc-s1_10-20200222-1_amd64.deb ...
Unpacking lib32gcc-s1 (10-20200222-1) ...
Selecting previously unselected package lib32gcc1.
Preparing to unpack .../10-lib32gcc1_1%3a10-20200222-1_amd64.deb ...
Unpacking lib32gcc1 (1:10-20200222-1) ...
Selecting previously unselected package lib32stdc++6.
Preparing to unpack .../11-lib32stdc++6_10-20200222-1_amd64.deb ...
Unpacking lib32stdc++6 (10-20200222-1) ...
Selecting previously unselected package libclang-common-10-dev.
Preparing to unpack .../12-libclang-common-10-dev_1%3a10.0.0~+rc2-1_amd64.deb ...
Unpacking libclang-common-10-dev (1:10.0.0~+rc2-1) ...
Selecting previously unselected package libclang1-10.
Preparing to unpack .../13-libclang1-10_1%3a10.0.0~+rc2-1_amd64.deb ...
Unpacking libclang1-10 (1:10.0.0~+rc2-1) ...
Selecting previously unselected package clang-10.
Preparing to unpack .../14-clang-10_1%3a10.0.0~+rc2-1_amd64.deb ...
Unpacking clang-10 (1:10.0.0~+rc2-1) ...
Selecting previously unselected package libomp5-10:amd64.
Preparing to unpack .../15-libomp5-10_1%3a10.0.0~+rc2-1_amd64.deb ...
Unpacking libomp5-10:amd64 (1:10.0.0~+rc2-1) ...
Selecting previously unselected package libomp-10-dev.
Preparing to unpack .../16-libomp-10-dev_1%3a10.0.0~+rc2-1_amd64.deb ...
Unpacking libomp-10-dev (1:10.0.0~+rc2-1) ...
Setting up libgc1c2:amd64 (1:7.6.4-0.4) ...
Setting up libobjc4:amd64 (10-20200222-1) ...
Setting up libz3-4:amd64 (4.8.7-4) ...
Setting up libobjc-9-dev:amd64 (9.2.1-29) ...
Setting up libomp5-10:amd64 (1:10.0.0~+rc2-1) ...
Setting up libc6-i386 (2.29-10) ...
Setting up libbsd0:amd64 (0.10.0-1) ...
Setting up libomp-10-dev (1:10.0.0~+rc2-1) ...
Setting up libedit2:amd64 (3.1-20191231-1) ...
Setting up libllvm10:amd64 (1:10.0.0~+rc2-1) ...
Setting up lib32gcc-s1 (10-20200222-1) ...
Setting up libclang1-10 (1:10.0.0~+rc2-1) ...
Setting up lib32gcc1 (1:10-20200222-1) ...
Setting up libclang-cpp10 (1:10.0.0~+rc2-1) ...
Setting up lib32stdc++6 (10-20200222-1) ...
Setting up libclang-common-10-dev (1:10.0.0~+rc2-1) ...
Setting up clang-10 (1:10.0.0~+rc2-1) ...
Processing triggers for libc-bin (2.29-10) ...
W: --force-yes is deprecated, use one of the options starting with --allow instead.
+ echo 'Replace gcc, g++ & cpp by clang'
Replace gcc, g++ & cpp by clang
+ VERSIONS='4.6 4.7 4.8 4.9 5 6 7 8 9 10'
+ cd /usr/bin
+ for VERSION in $VERSIONS
+ rm -f g++-4.6 gcc-4.6 cpp-4.6 gcc
+ ln -s clang++-10 g++-4.6
+ ln -s clang-10 gcc-4.6
+ ln -s clang-10 cpp-4.6
+ ln -s clang-10 gcc
+ echo 'gcc-4.6 hold'
+ dpkg --set-selections
dpkg: warning: package not in status nor available database at line 1: gcc-4.6
dpkg: warning: found unknown packages; this might mean the available database
is outdated, and needs to be updated through a frontend method;
please see the FAQ <https://wiki.debian.org/Teams/Dpkg/FAQ>
+ echo 'g++-4.6 hold'
+ dpkg --set-selections
dpkg: warning: package not in status nor available database at line 1: g++-4.6
dpkg: warning: found unknown packages; this might mean the available database
is outdated, and needs to be updated through a frontend method;
please see the FAQ <https://wiki.debian.org/Teams/Dpkg/FAQ>
+ for VERSION in $VERSIONS
+ rm -f g++-4.7 gcc-4.7 cpp-4.7 gcc
+ ln -s clang++-10 g++-4.7
+ ln -s clang-10 gcc-4.7
+ ln -s clang-10 cpp-4.7
+ ln -s clang-10 gcc
+ echo 'gcc-4.7 hold'
+ dpkg --set-selections
dpkg: warning: package not in status nor available database at line 1: gcc-4.7
dpkg: warning: found unknown packages; this might mean the available database
is outdated, and needs to be updated through a frontend method;
please see the FAQ <https://wiki.debian.org/Teams/Dpkg/FAQ>
+ echo 'g++-4.7 hold'
+ dpkg --set-selections
dpkg: warning: package not in status nor available database at line 1: g++-4.7
dpkg: warning: found unknown packages; this might mean the available database
is outdated, and needs to be updated through a frontend method;
please see the FAQ <https://wiki.debian.org/Teams/Dpkg/FAQ>
+ for VERSION in $VERSIONS
+ rm -f g++-4.8 gcc-4.8 cpp-4.8 gcc
+ ln -s clang++-10 g++-4.8
+ ln -s clang-10 gcc-4.8
+ ln -s clang-10 cpp-4.8
+ ln -s clang-10 gcc
+ echo 'gcc-4.8 hold'
+ dpkg --set-selections
dpkg: warning: package not in status nor available database at line 1: gcc-4.8
dpkg: warning: found unknown packages; this might mean the available database
is outdated, and needs to be updated through a frontend method;
please see the FAQ <https://wiki.debian.org/Teams/Dpkg/FAQ>
+ echo 'g++-4.8 hold'
+ dpkg --set-selections
dpkg: warning: package not in status nor available database at line 1: g++-4.8
dpkg: warning: found unknown packages; this might mean the available database
is outdated, and needs to be updated through a frontend method;
please see the FAQ <https://wiki.debian.org/Teams/Dpkg/FAQ>
+ for VERSION in $VERSIONS
+ rm -f g++-4.9 gcc-4.9 cpp-4.9 gcc
+ ln -s clang++-10 g++-4.9
+ ln -s clang-10 gcc-4.9
+ ln -s clang-10 cpp-4.9
+ ln -s clang-10 gcc
+ echo 'gcc-4.9 hold'
+ dpkg --set-selections
dpkg: warning: package not in status nor available database at line 1: gcc-4.9
dpkg: warning: found unknown packages; this might mean the available database
is outdated, and needs to be updated through a frontend method;
please see the FAQ <https://wiki.debian.org/Teams/Dpkg/FAQ>
+ echo 'g++-4.9 hold'
+ dpkg --set-selections
dpkg: warning: package not in status nor available database at line 1: g++-4.9
dpkg: warning: found unknown packages; this might mean the available database
is outdated, and needs to be updated through a frontend method;
please see the FAQ <https://wiki.debian.org/Teams/Dpkg/FAQ>
+ for VERSION in $VERSIONS
+ rm -f g++-5 gcc-5 cpp-5 gcc
+ ln -s clang++-10 g++-5
+ ln -s clang-10 gcc-5
+ ln -s clang-10 cpp-5
+ ln -s clang-10 gcc
+ echo 'gcc-5 hold'
+ dpkg --set-selections
dpkg: warning: package not in status nor available database at line 1: gcc-5
dpkg: warning: found unknown packages; this might mean the available database
is outdated, and needs to be updated through a frontend method;
please see the FAQ <https://wiki.debian.org/Teams/Dpkg/FAQ>
+ echo 'g++-5 hold'
+ dpkg --set-selections
dpkg: warning: package not in status nor available database at line 1: g++-5
dpkg: warning: found unknown packages; this might mean the available database
is outdated, and needs to be updated through a frontend method;
please see the FAQ <https://wiki.debian.org/Teams/Dpkg/FAQ>
+ for VERSION in $VERSIONS
+ rm -f g++-6 gcc-6 cpp-6 gcc
+ ln -s clang++-10 g++-6
+ ln -s clang-10 gcc-6
+ ln -s clang-10 cpp-6
+ ln -s clang-10 gcc
+ echo 'gcc-6 hold'
+ dpkg --set-selections
dpkg: warning: package not in status nor available database at line 1: gcc-6
dpkg: warning: found unknown packages; this might mean the available database
is outdated, and needs to be updated through a frontend method;
please see the FAQ <https://wiki.debian.org/Teams/Dpkg/FAQ>
+ echo 'g++-6 hold'
+ dpkg --set-selections
dpkg: warning: package not in status nor available database at line 1: g++-6
dpkg: warning: found unknown packages; this might mean the available database
is outdated, and needs to be updated through a frontend method;
please see the FAQ <https://wiki.debian.org/Teams/Dpkg/FAQ>
+ for VERSION in $VERSIONS
+ rm -f g++-7 gcc-7 cpp-7 gcc
+ ln -s clang++-10 g++-7
+ ln -s clang-10 gcc-7
+ ln -s clang-10 cpp-7
+ ln -s clang-10 gcc
+ echo 'gcc-7 hold'
+ dpkg --set-selections
dpkg: warning: package not in status nor available database at line 1: gcc-7
dpkg: warning: found unknown packages; this might mean the available database
is outdated, and needs to be updated through a frontend method;
please see the FAQ <https://wiki.debian.org/Teams/Dpkg/FAQ>
+ dpkg --set-selections
+ echo 'g++-7 hold'
dpkg: warning: package not in status nor available database at line 1: g++-7
dpkg: warning: found unknown packages; this might mean the available database
is outdated, and needs to be updated through a frontend method;
please see the FAQ <https://wiki.debian.org/Teams/Dpkg/FAQ>
+ for VERSION in $VERSIONS
+ rm -f g++-8 gcc-8 cpp-8 gcc
+ ln -s clang++-10 g++-8
+ ln -s clang-10 gcc-8
+ ln -s clang-10 cpp-8
+ ln -s clang-10 gcc
+ echo 'gcc-8 hold'
+ dpkg --set-selections
dpkg: warning: package not in status nor available database at line 1: gcc-8
dpkg: warning: found unknown packages; this might mean the available database
is outdated, and needs to be updated through a frontend method;
please see the FAQ <https://wiki.debian.org/Teams/Dpkg/FAQ>
+ echo 'g++-8 hold'
+ dpkg --set-selections
dpkg: warning: package not in status nor available database at line 1: g++-8
dpkg: warning: found unknown packages; this might mean the available database
is outdated, and needs to be updated through a frontend method;
please see the FAQ <https://wiki.debian.org/Teams/Dpkg/FAQ>
+ for VERSION in $VERSIONS
+ rm -f g++-9 gcc-9 cpp-9 gcc
+ ln -s clang++-10 g++-9
+ ln -s clang-10 gcc-9
+ ln -s clang-10 cpp-9
+ ln -s clang-10 gcc
+ echo 'gcc-9 hold'
+ dpkg --set-selections
+ echo 'g++-9 hold'
+ dpkg --set-selections
+ for VERSION in $VERSIONS
+ rm -f g++-10 gcc-10 cpp-10 gcc
+ ln -s clang++-10 g++-10
+ ln -s clang-10 gcc-10
+ ln -s clang-10 cpp-10
+ ln -s clang-10 gcc
+ echo 'gcc-10 hold'
+ dpkg --set-selections
dpkg: warning: package not in status nor available database at line 1: gcc-10
dpkg: warning: found unknown packages; this might mean the available database
is outdated, and needs to be updated through a frontend method;
please see the FAQ <https://wiki.debian.org/Teams/Dpkg/FAQ>
+ echo 'g++-10 hold'
+ dpkg --set-selections
dpkg: warning: package not in status nor available database at line 1: g++-10
dpkg: warning: found unknown packages; this might mean the available database
is outdated, and needs to be updated through a frontend method;
please see the FAQ <https://wiki.debian.org/Teams/Dpkg/FAQ>
+ cd -
/build/sgf2dg-42AwVE
+ echo 'Check if gcc, g++ & cpp are actually clang'
Check if gcc, g++ & cpp are actually clang
+ gcc --version
+ grep clang
+ cpp --version
+ grep clang
+ g++ --version
+ grep clang

I: Finished running '/tmp/clang10'.

Finished processing commands.
--------------------------------------------------------------------------------
I: NOTICE: Log filtering will replace 'build/sgf2dg-42AwVE/resolver-PQI0xo' with '<<RESOLVERDIR>>'

+------------------------------------------------------------------------------+
| Update chroot                                                                |
+------------------------------------------------------------------------------+

Hit:1 http://127.0.0.1:12990/debian sid InRelease
Reading package lists...
Reading package lists...
Building dependency tree...
Reading state information...
Calculating upgrade...
The following packages will be upgraded:
  libgmp10 zlib1g
2 upgraded, 0 newly installed, 0 to remove and 0 not upgraded.
Need to get 343 kB of archives.
After this operation, 0 B of additional disk space will be used.
Get:1 http://127.0.0.1:12990/debian sid/main amd64 libgmp10 amd64 2:6.2.0+dfsg-4 [253 kB]
Get:2 http://127.0.0.1:12990/debian sid/main amd64 zlib1g amd64 1:1.2.11.dfsg-2 [90.4 kB]
debconf: delaying package configuration, since apt-utils is not installed
Fetched 343 kB in 0s (6161 kB/s)
(Reading database ... (Reading database ... 5%(Reading database ... 10%(Reading database ... 15%(Reading database ... 20%(Reading database ... 25%(Reading database ... 30%(Reading database ... 35%(Reading database ... 40%(Reading database ... 45%(Reading database ... 50%(Reading database ... 55%(Reading database ... 60%(Reading database ... 65%(Reading database ... 70%(Reading database ... 75%(Reading database ... 80%(Reading database ... 85%(Reading database ... 90%(Reading database ... 95%(Reading database ... 100%(Reading database ... 12960 files and directories currently installed.)
Preparing to unpack .../libgmp10_2%3a6.2.0+dfsg-4_amd64.deb ...
Unpacking libgmp10:amd64 (2:6.2.0+dfsg-4) over (2:6.2.0+dfsg-3) ...
Setting up libgmp10:amd64 (2:6.2.0+dfsg-4) ...
(Reading database ... (Reading database ... 5%(Reading database ... 10%(Reading database ... 15%(Reading database ... 20%(Reading database ... 25%(Reading database ... 30%(Reading database ... 35%(Reading database ... 40%(Reading database ... 45%(Reading database ... 50%(Reading database ... 55%(Reading database ... 60%(Reading database ... 65%(Reading database ... 70%(Reading database ... 75%(Reading database ... 80%(Reading database ... 85%(Reading database ... 90%(Reading database ... 95%(Reading database ... 100%(Reading database ... 12960 files and directories currently installed.)
Preparing to unpack .../zlib1g_1%3a1.2.11.dfsg-2_amd64.deb ...
Unpacking zlib1g:amd64 (1:1.2.11.dfsg-2) over (1:1.2.11.dfsg-1.2) ...
Setting up zlib1g:amd64 (1:1.2.11.dfsg-2) ...
Processing triggers for libc-bin (2.29-10) ...

+------------------------------------------------------------------------------+
| Fetch source files                                                           |
+------------------------------------------------------------------------------+


Check APT
---------

Checking available source versions...

Download source files with APT
------------------------------

Reading package lists...
Need to get 472 kB of source archives.
Get:1 http://127.0.0.1:12990/debian sid/main sgf2dg 4.252-1 (dsc) [1804 B]
Get:2 http://127.0.0.1:12990/debian sid/main sgf2dg 4.252-1 (tar) [464 kB]
Get:3 http://127.0.0.1:12990/debian sid/main sgf2dg 4.252-1 (diff) [5948 B]
Fetched 472 kB in 0s (5737 kB/s)
Download complete and in download only mode
I: NOTICE: Log filtering will replace 'build/sgf2dg-42AwVE/sgf2dg-4.252' with '<<PKGBUILDDIR>>'
I: NOTICE: Log filtering will replace 'build/sgf2dg-42AwVE' with '<<BUILDDIR>>'

+------------------------------------------------------------------------------+
| Install package build dependencies                                           |
+------------------------------------------------------------------------------+


Setup apt archive
-----------------

Merged Build-Depends: debhelper-compat (= 12), texlive-plain-generic, libpdf-create-perl, libpostscript-file-perl, perl-tk, libfile-slurp-perl, build-essential, fakeroot
Filtered Build-Depends: debhelper-compat (= 12), texlive-plain-generic, libpdf-create-perl, libpostscript-file-perl, perl-tk, libfile-slurp-perl, build-essential, fakeroot
dpkg-deb: building package 'sbuild-build-depends-main-dummy' in '/<<RESOLVERDIR>>/apt_archive/sbuild-build-depends-main-dummy.deb'.
Ign:1 copy:/<<RESOLVERDIR>>/apt_archive ./ InRelease
Get:2 copy:/<<RESOLVERDIR>>/apt_archive ./ Release [957 B]
Ign:3 copy:/<<RESOLVERDIR>>/apt_archive ./ Release.gpg
Get:4 copy:/<<RESOLVERDIR>>/apt_archive ./ Sources [422 B]
Get:5 copy:/<<RESOLVERDIR>>/apt_archive ./ Packages [500 B]
Fetched 1879 B in 0s (0 B/s)
Reading package lists...
Reading package lists...

Install main build dependencies (apt-based resolver)
----------------------------------------------------

Installing build dependencies
Reading package lists...
Building dependency tree...
Reading state information...
The following additional packages will be installed:
  autoconf automake autopoint autotools-dev bsdmainutils debhelper
  dh-autoreconf dh-strip-nondeterminism dwz file fontconfig-config
  fonts-dejavu-core gettext gettext-base groff-base intltool-debian
  libarchive-zip-perl libcairo2 libclass-inspector-perl libcroco3
  libdebhelper-perl libelf1 libexpat1 libfile-share-perl libfile-sharedir-perl
  libfile-slurp-perl libfile-stripnondeterminism-perl libfontconfig1
  libfreetype6 libglib2.0-0 libgraphite2-3 libharfbuzz-icu0 libharfbuzz0b
  libice6 libicu63 libjpeg62-turbo libjson-perl libkpathsea6 libmagic-mgc
  libmagic1 libpaper-utils libpaper1 libpdf-create-perl libpipeline1
  libpixman-1-0 libpng16-16 libpostscript-file-perl libptexenc1 libsigsegv2
  libsm6 libsub-override-perl libsynctex2 libteckit0 libtexlua53 libtexluajit2
  libtool libuchardet0 libx11-6 libx11-data libxau6 libxaw7 libxcb-render0
  libxcb-shm0 libxcb1 libxdmcp6 libxext6 libxft2 libxi6 libxml2 libxmu6
  libxpm4 libxrender1 libxt6 libzzip-0-13 m4 man-db perl-tk po-debconf
  sensible-utils t1utils tex-common texlive-base texlive-binaries
  texlive-plain-generic ucf x11-common xdg-utils
Suggested packages:
  autoconf-archive gnu-standards autoconf-doc wamerican | wordlist whois
  vacation dh-make gettext-doc libasprintf-dev libgettextpo-dev groff
  libpdf-api2-perl libfont-afm-perl libtool-doc gfortran | fortran95-compiler
  gcj-jdk m4-doc apparmor less www-browser libmail-box-perl ghostscript gv
  | postscript-viewer xpdf | pdf-viewer xzdec default-jre-headless
Recommended packages:
  curl | wget | lynx libarchive-cpio-perl libglib2.0-data shared-mime-info
  xdg-user-dirs libjson-xs-perl libltdl-dev libmail-sendmail-perl lmodern
  dvisvgm texlive-latex-base libfile-mimeinfo-perl libnet-dbus-perl
  libx11-protocol-perl x11-utils x11-xserver-utils
The following NEW packages will be installed:
  autoconf automake autopoint autotools-dev bsdmainutils debhelper
  dh-autoreconf dh-strip-nondeterminism dwz file fontconfig-config
  fonts-dejavu-core gettext gettext-base groff-base intltool-debian
  libarchive-zip-perl libcairo2 libclass-inspector-perl libcroco3
  libdebhelper-perl libelf1 libexpat1 libfile-share-perl libfile-sharedir-perl
  libfile-slurp-perl libfile-stripnondeterminism-perl libfontconfig1
  libfreetype6 libglib2.0-0 libgraphite2-3 libharfbuzz-icu0 libharfbuzz0b
  libice6 libicu63 libjpeg62-turbo libjson-perl libkpathsea6 libmagic-mgc
  libmagic1 libpaper-utils libpaper1 libpdf-create-perl libpipeline1
  libpixman-1-0 libpng16-16 libpostscript-file-perl libptexenc1 libsigsegv2
  libsm6 libsub-override-perl libsynctex2 libteckit0 libtexlua53 libtexluajit2
  libtool libuchardet0 libx11-6 libx11-data libxau6 libxaw7 libxcb-render0
  libxcb-shm0 libxcb1 libxdmcp6 libxext6 libxft2 libxi6 libxml2 libxmu6
  libxpm4 libxrender1 libxt6 libzzip-0-13 m4 man-db perl-tk po-debconf
  sbuild-build-depends-main-dummy sensible-utils t1utils tex-common
  texlive-base texlive-binaries texlive-plain-generic ucf x11-common xdg-utils
0 upgraded, 88 newly installed, 0 to remove and 0 not upgraded.
Need to get 85.2 MB of archives.
After this operation, 270 MB of additional disk space will be used.
Get:1 copy:/<<RESOLVERDIR>>/apt_archive ./ sbuild-build-depends-main-dummy 0.invalid.0 [928 B]
Get:2 http://127.0.0.1:12990/debian sid/main amd64 bsdmainutils amd64 11.1.2+b1 [191 kB]
Get:3 http://127.0.0.1:12990/debian sid/main amd64 libuchardet0 amd64 0.0.6-3 [64.9 kB]
Get:4 http://127.0.0.1:12990/debian sid/main amd64 groff-base amd64 1.22.4-4 [919 kB]
Get:5 http://127.0.0.1:12990/debian sid/main amd64 libpipeline1 amd64 1.5.2-2 [33.9 kB]
Get:6 http://127.0.0.1:12990/debian sid/main amd64 man-db amd64 2.9.0-2 [1307 kB]
Get:7 http://127.0.0.1:12990/debian sid/main amd64 sensible-utils all 0.0.12+nmu1 [16.0 kB]
Get:8 http://127.0.0.1:12990/debian sid/main amd64 ucf all 3.0038+nmu1 [69.0 kB]
Get:9 http://127.0.0.1:12990/debian sid/main amd64 tex-common all 6.13 [53.2 kB]
Get:10 http://127.0.0.1:12990/debian sid/main amd64 libmagic-mgc amd64 1:5.38-4 [262 kB]
Get:11 http://127.0.0.1:12990/debian sid/main amd64 libmagic1 amd64 1:5.38-4 [120 kB]
Get:12 http://127.0.0.1:12990/debian sid/main amd64 file amd64 1:5.38-4 [67.9 kB]
Get:13 http://127.0.0.1:12990/debian sid/main amd64 gettext-base amd64 0.19.8.1-10 [123 kB]
Get:14 http://127.0.0.1:12990/debian sid/main amd64 libsigsegv2 amd64 2.12-2 [32.8 kB]
Get:15 http://127.0.0.1:12990/debian sid/main amd64 m4 amd64 1.4.18-4 [203 kB]
Get:16 http://127.0.0.1:12990/debian sid/main amd64 autoconf all 2.69-11.1 [341 kB]
Get:17 http://127.0.0.1:12990/debian sid/main amd64 autotools-dev all 20180224.1 [77.0 kB]
Get:18 http://127.0.0.1:12990/debian sid/main amd64 automake all 1:1.16.1-4 [771 kB]
Get:19 http://127.0.0.1:12990/debian sid/main amd64 autopoint all 0.19.8.1-10 [435 kB]
Get:20 http://127.0.0.1:12990/debian sid/main amd64 libtool all 2.4.6-13 [513 kB]
Get:21 http://127.0.0.1:12990/debian sid/main amd64 dh-autoreconf all 19 [16.9 kB]
Get:22 http://127.0.0.1:12990/debian sid/main amd64 libdebhelper-perl all 12.9 [183 kB]
Get:23 http://127.0.0.1:12990/debian sid/main amd64 libarchive-zip-perl all 1.67-1 [104 kB]
Get:24 http://127.0.0.1:12990/debian sid/main amd64 libsub-override-perl all 0.09-2 [10.2 kB]
Get:25 http://127.0.0.1:12990/debian sid/main amd64 libfile-stripnondeterminism-perl all 1.6.3-2 [23.7 kB]
Get:26 http://127.0.0.1:12990/debian sid/main amd64 dh-strip-nondeterminism all 1.6.3-2 [14.7 kB]
Get:27 http://127.0.0.1:12990/debian sid/main amd64 libelf1 amd64 0.176-1.1 [161 kB]
Get:28 http://127.0.0.1:12990/debian sid/main amd64 dwz amd64 0.13-5 [151 kB]
Get:29 http://127.0.0.1:12990/debian sid/main amd64 libglib2.0-0 amd64 2.62.4-2 [1319 kB]
Get:30 http://127.0.0.1:12990/debian sid/main amd64 libicu63 amd64 63.2-2 [8301 kB]
Get:31 http://127.0.0.1:12990/debian sid/main amd64 libxml2 amd64 2.9.10+dfsg-3 [709 kB]
Get:32 http://127.0.0.1:12990/debian sid/main amd64 libcroco3 amd64 0.6.13-1 [146 kB]
Get:33 http://127.0.0.1:12990/debian sid/main amd64 gettext amd64 0.19.8.1-10 [1303 kB]
Get:34 http://127.0.0.1:12990/debian sid/main amd64 intltool-debian all 0.35.0+20060710.5 [26.8 kB]
Get:35 http://127.0.0.1:12990/debian sid/main amd64 po-debconf all 1.0.21 [248 kB]
Get:36 http://127.0.0.1:12990/debian sid/main amd64 debhelper all 12.9 [994 kB]
Get:37 http://127.0.0.1:12990/debian sid/main amd64 fonts-dejavu-core all 2.37-1 [1068 kB]
Get:38 http://127.0.0.1:12990/debian sid/main amd64 fontconfig-config all 2.13.1-2 [280 kB]
Get:39 http://127.0.0.1:12990/debian sid/main amd64 libexpat1 amd64 2.2.9-1 [94.3 kB]
Get:40 http://127.0.0.1:12990/debian sid/main amd64 libpng16-16 amd64 1.6.37-2 [292 kB]
Get:41 http://127.0.0.1:12990/debian sid/main amd64 libfreetype6 amd64 2.10.1-2 [392 kB]
Get:42 http://127.0.0.1:12990/debian sid/main amd64 libfontconfig1 amd64 2.13.1-2+b1 [347 kB]
Get:43 http://127.0.0.1:12990/debian sid/main amd64 libpixman-1-0 amd64 0.36.0-1 [537 kB]
Get:44 http://127.0.0.1:12990/debian sid/main amd64 libxau6 amd64 1:1.0.8-1+b2 [19.9 kB]
Get:45 http://127.0.0.1:12990/debian sid/main amd64 libxdmcp6 amd64 1:1.1.2-3 [26.3 kB]
Get:46 http://127.0.0.1:12990/debian sid/main amd64 libxcb1 amd64 1.13.1-5 [137 kB]
Get:47 http://127.0.0.1:12990/debian sid/main amd64 libx11-data all 2:1.6.8-1 [298 kB]
Get:48 http://127.0.0.1:12990/debian sid/main amd64 libx11-6 amd64 2:1.6.8-1 [756 kB]
Get:49 http://127.0.0.1:12990/debian sid/main amd64 libxcb-render0 amd64 1.13.1-5 [109 kB]
Get:50 http://127.0.0.1:12990/debian sid/main amd64 libxcb-shm0 amd64 1.13.1-5 [99.3 kB]
Get:51 http://127.0.0.1:12990/debian sid/main amd64 libxext6 amd64 2:1.3.3-1+b2 [52.5 kB]
Get:52 http://127.0.0.1:12990/debian sid/main amd64 libxrender1 amd64 1:0.9.10-1 [33.0 kB]
Get:53 http://127.0.0.1:12990/debian sid/main amd64 libcairo2 amd64 1.16.0-4 [689 kB]
Get:54 http://127.0.0.1:12990/debian sid/main amd64 libclass-inspector-perl all 1.36-1 [19.6 kB]
Get:55 http://127.0.0.1:12990/debian sid/main amd64 libfile-sharedir-perl all 1.116-2 [16.7 kB]
Get:56 http://127.0.0.1:12990/debian sid/main amd64 libfile-share-perl all 0.25-1 [8300 B]
Get:57 http://127.0.0.1:12990/debian sid/main amd64 libfile-slurp-perl all 9999.29-1 [27.3 kB]
Get:58 http://127.0.0.1:12990/debian sid/main amd64 libgraphite2-3 amd64 1.3.13-11 [80.9 kB]
Get:59 http://127.0.0.1:12990/debian sid/main amd64 libharfbuzz0b amd64 2.6.4-1 [1360 kB]
Get:60 http://127.0.0.1:12990/debian sid/main amd64 libharfbuzz-icu0 amd64 2.6.4-1 [976 kB]
Get:61 http://127.0.0.1:12990/debian sid/main amd64 x11-common all 1:7.7+20 [252 kB]
Get:62 http://127.0.0.1:12990/debian sid/main amd64 libice6 amd64 2:1.0.9-2 [58.7 kB]
Get:63 http://127.0.0.1:12990/debian sid/main amd64 libjpeg62-turbo amd64 1:1.5.2-2+b1 [134 kB]
Get:64 http://127.0.0.1:12990/debian sid/main amd64 libjson-perl all 4.02000-2 [88.8 kB]
Get:65 http://127.0.0.1:12990/debian sid/main amd64 libkpathsea6 amd64 2019.20190605.51237-3 [169 kB]
Get:66 http://127.0.0.1:12990/debian sid/main amd64 libpaper1 amd64 1.1.28+b1 [21.6 kB]
Get:67 http://127.0.0.1:12990/debian sid/main amd64 libpaper-utils amd64 1.1.28+b1 [18.3 kB]
Get:68 http://127.0.0.1:12990/debian sid/main amd64 libpdf-create-perl all 1.46-1 [69.0 kB]
Get:69 http://127.0.0.1:12990/debian sid/main amd64 libpostscript-file-perl all 2.23+dfsg-1 [91.1 kB]
Get:70 http://127.0.0.1:12990/debian sid/main amd64 libptexenc1 amd64 2019.20190605.51237-3 [62.8 kB]
Get:71 http://127.0.0.1:12990/debian sid/main amd64 libsm6 amd64 2:1.2.3-1 [35.1 kB]
Get:72 http://127.0.0.1:12990/debian sid/main amd64 libsynctex2 amd64 2019.20190605.51237-3 [81.8 kB]
Get:73 http://127.0.0.1:12990/debian sid/main amd64 libteckit0 amd64 2.5.8+ds2-5 [318 kB]
Get:74 http://127.0.0.1:12990/debian sid/main amd64 libtexlua53 amd64 2019.20190605.51237-3 [128 kB]
Get:75 http://127.0.0.1:12990/debian sid/main amd64 libtexluajit2 amd64 2019.20190605.51237-3 [258 kB]
Get:76 http://127.0.0.1:12990/debian sid/main amd64 libxt6 amd64 1:1.1.5-1+b3 [190 kB]
Get:77 http://127.0.0.1:12990/debian sid/main amd64 libxmu6 amd64 2:1.1.2-2+b3 [60.8 kB]
Get:78 http://127.0.0.1:12990/debian sid/main amd64 libxpm4 amd64 1:3.5.12-1 [49.1 kB]
Get:79 http://127.0.0.1:12990/debian sid/main amd64 libxaw7 amd64 2:1.0.13-1+b2 [201 kB]
Get:80 http://127.0.0.1:12990/debian sid/main amd64 libxft2 amd64 2.3.2-2 [57.2 kB]
Get:81 http://127.0.0.1:12990/debian sid/main amd64 libxi6 amd64 2:1.7.9-1 [82.6 kB]
Get:82 http://127.0.0.1:12990/debian sid/main amd64 libzzip-0-13 amd64 0.13.62-3.2 [55.4 kB]
Get:83 http://127.0.0.1:12990/debian sid/main amd64 perl-tk amd64 1:804.033-2+b4 [1951 kB]
Get:84 http://127.0.0.1:12990/debian sid/main amd64 t1utils amd64 1.41-3 [62.3 kB]
Get:85 http://127.0.0.1:12990/debian sid/main amd64 texlive-binaries amd64 2019.20190605.51237-3 [8054 kB]
Get:86 http://127.0.0.1:12990/debian sid/main amd64 xdg-utils all 1.1.3-1 [73.3 kB]
Get:87 http://127.0.0.1:12990/debian sid/main amd64 texlive-base all 2019.20200218-1 [20.9 MB]
Get:88 http://127.0.0.1:12990/debian sid/main amd64 texlive-plain-generic all 2019.202000218-1 [24.6 MB]
debconf: delaying package configuration, since apt-utils is not installed
Fetched 85.2 MB in 1s (85.9 MB/s)
Selecting previously unselected package bsdmainutils.
(Reading database ... 12960 files and directories currently installed.)
Preparing to unpack .../00-bsdmainutils_11.1.2+b1_amd64.deb ...
Unpacking bsdmainutils (11.1.2+b1) ...
Selecting previously unselected package libuchardet0:amd64.
Preparing to unpack .../01-libuchardet0_0.0.6-3_amd64.deb ...
Unpacking libuchardet0:amd64 (0.0.6-3) ...
Selecting previously unselected package groff-base.
Preparing to unpack .../02-groff-base_1.22.4-4_amd64.deb ...
Unpacking groff-base (1.22.4-4) ...
Selecting previously unselected package libpipeline1:amd64.
Preparing to unpack .../03-libpipeline1_1.5.2-2_amd64.deb ...
Unpacking libpipeline1:amd64 (1.5.2-2) ...
Selecting previously unselected package man-db.
Preparing to unpack .../04-man-db_2.9.0-2_amd64.deb ...
Unpacking man-db (2.9.0-2) ...
Selecting previously unselected package sensible-utils.
Preparing to unpack .../05-sensible-utils_0.0.12+nmu1_all.deb ...
Unpacking sensible-utils (0.0.12+nmu1) ...
Selecting previously unselected package ucf.
Preparing to unpack .../06-ucf_3.0038+nmu1_all.deb ...
Moving old data out of the way
Unpacking ucf (3.0038+nmu1) ...
Selecting previously unselected package tex-common.
Preparing to unpack .../07-tex-common_6.13_all.deb ...
Unpacking tex-common (6.13) ...
Selecting previously unselected package libmagic-mgc.
Preparing to unpack .../08-libmagic-mgc_1%3a5.38-4_amd64.deb ...
Unpacking libmagic-mgc (1:5.38-4) ...
Selecting previously unselected package libmagic1:amd64.
Preparing to unpack .../09-libmagic1_1%3a5.38-4_amd64.deb ...
Unpacking libmagic1:amd64 (1:5.38-4) ...
Selecting previously unselected package file.
Preparing to unpack .../10-file_1%3a5.38-4_amd64.deb ...
Unpacking file (1:5.38-4) ...
Selecting previously unselected package gettext-base.
Preparing to unpack .../11-gettext-base_0.19.8.1-10_amd64.deb ...
Unpacking gettext-base (0.19.8.1-10) ...
Selecting previously unselected package libsigsegv2:amd64.
Preparing to unpack .../12-libsigsegv2_2.12-2_amd64.deb ...
Unpacking libsigsegv2:amd64 (2.12-2) ...
Selecting previously unselected package m4.
Preparing to unpack .../13-m4_1.4.18-4_amd64.deb ...
Unpacking m4 (1.4.18-4) ...
Selecting previously unselected package autoconf.
Preparing to unpack .../14-autoconf_2.69-11.1_all.deb ...
Unpacking autoconf (2.69-11.1) ...
Selecting previously unselected package autotools-dev.
Preparing to unpack .../15-autotools-dev_20180224.1_all.deb ...
Unpacking autotools-dev (20180224.1) ...
Selecting previously unselected package automake.
Preparing to unpack .../16-automake_1%3a1.16.1-4_all.deb ...
Unpacking automake (1:1.16.1-4) ...
Selecting previously unselected package autopoint.
Preparing to unpack .../17-autopoint_0.19.8.1-10_all.deb ...
Unpacking autopoint (0.19.8.1-10) ...
Selecting previously unselected package libtool.
Preparing to unpack .../18-libtool_2.4.6-13_all.deb ...
Unpacking libtool (2.4.6-13) ...
Selecting previously unselected package dh-autoreconf.
Preparing to unpack .../19-dh-autoreconf_19_all.deb ...
Unpacking dh-autoreconf (19) ...
Selecting previously unselected package libdebhelper-perl.
Preparing to unpack .../20-libdebhelper-perl_12.9_all.deb ...
Unpacking libdebhelper-perl (12.9) ...
Selecting previously unselected package libarchive-zip-perl.
Preparing to unpack .../21-libarchive-zip-perl_1.67-1_all.deb ...
Unpacking libarchive-zip-perl (1.67-1) ...
Selecting previously unselected package libsub-override-perl.
Preparing to unpack .../22-libsub-override-perl_0.09-2_all.deb ...
Unpacking libsub-override-perl (0.09-2) ...
Selecting previously unselected package libfile-stripnondeterminism-perl.
Preparing to unpack .../23-libfile-stripnondeterminism-perl_1.6.3-2_all.deb ...
Unpacking libfile-stripnondeterminism-perl (1.6.3-2) ...
Selecting previously unselected package dh-strip-nondeterminism.
Preparing to unpack .../24-dh-strip-nondeterminism_1.6.3-2_all.deb ...
Unpacking dh-strip-nondeterminism (1.6.3-2) ...
Selecting previously unselected package libelf1:amd64.
Preparing to unpack .../25-libelf1_0.176-1.1_amd64.deb ...
Unpacking libelf1:amd64 (0.176-1.1) ...
Selecting previously unselected package dwz.
Preparing to unpack .../26-dwz_0.13-5_amd64.deb ...
Unpacking dwz (0.13-5) ...
Selecting previously unselected package libglib2.0-0:amd64.
Preparing to unpack .../27-libglib2.0-0_2.62.4-2_amd64.deb ...
Unpacking libglib2.0-0:amd64 (2.62.4-2) ...
Selecting previously unselected package libicu63:amd64.
Preparing to unpack .../28-libicu63_63.2-2_amd64.deb ...
Unpacking libicu63:amd64 (63.2-2) ...
Selecting previously unselected package libxml2:amd64.
Preparing to unpack .../29-libxml2_2.9.10+dfsg-3_amd64.deb ...
Unpacking libxml2:amd64 (2.9.10+dfsg-3) ...
Selecting previously unselected package libcroco3:amd64.
Preparing to unpack .../30-libcroco3_0.6.13-1_amd64.deb ...
Unpacking libcroco3:amd64 (0.6.13-1) ...
Selecting previously unselected package gettext.
Preparing to unpack .../31-gettext_0.19.8.1-10_amd64.deb ...
Unpacking gettext (0.19.8.1-10) ...
Selecting previously unselected package intltool-debian.
Preparing to unpack .../32-intltool-debian_0.35.0+20060710.5_all.deb ...
Unpacking intltool-debian (0.35.0+20060710.5) ...
Selecting previously unselected package po-debconf.
Preparing to unpack .../33-po-debconf_1.0.21_all.deb ...
Unpacking po-debconf (1.0.21) ...
Selecting previously unselected package debhelper.
Preparing to unpack .../34-debhelper_12.9_all.deb ...
Unpacking debhelper (12.9) ...
Selecting previously unselected package fonts-dejavu-core.
Preparing to unpack .../35-fonts-dejavu-core_2.37-1_all.deb ...
Unpacking fonts-dejavu-core (2.37-1) ...
Selecting previously unselected package fontconfig-config.
Preparing to unpack .../36-fontconfig-config_2.13.1-2_all.deb ...
Unpacking fontconfig-config (2.13.1-2) ...
Selecting previously unselected package libexpat1:amd64.
Preparing to unpack .../37-libexpat1_2.2.9-1_amd64.deb ...
Unpacking libexpat1:amd64 (2.2.9-1) ...
Selecting previously unselected package libpng16-16:amd64.
Preparing to unpack .../38-libpng16-16_1.6.37-2_amd64.deb ...
Unpacking libpng16-16:amd64 (1.6.37-2) ...
Selecting previously unselected package libfreetype6:amd64.
Preparing to unpack .../39-libfreetype6_2.10.1-2_amd64.deb ...
Unpacking libfreetype6:amd64 (2.10.1-2) ...
Selecting previously unselected package libfontconfig1:amd64.
Preparing to unpack .../40-libfontconfig1_2.13.1-2+b1_amd64.deb ...
Unpacking libfontconfig1:amd64 (2.13.1-2+b1) ...
Selecting previously unselected package libpixman-1-0:amd64.
Preparing to unpack .../41-libpixman-1-0_0.36.0-1_amd64.deb ...
Unpacking libpixman-1-0:amd64 (0.36.0-1) ...
Selecting previously unselected package libxau6:amd64.
Preparing to unpack .../42-libxau6_1%3a1.0.8-1+b2_amd64.deb ...
Unpacking libxau6:amd64 (1:1.0.8-1+b2) ...
Selecting previously unselected package libxdmcp6:amd64.
Preparing to unpack .../43-libxdmcp6_1%3a1.1.2-3_amd64.deb ...
Unpacking libxdmcp6:amd64 (1:1.1.2-3) ...
Selecting previously unselected package libxcb1:amd64.
Preparing to unpack .../44-libxcb1_1.13.1-5_amd64.deb ...
Unpacking libxcb1:amd64 (1.13.1-5) ...
Selecting previously unselected package libx11-data.
Preparing to unpack .../45-libx11-data_2%3a1.6.8-1_all.deb ...
Unpacking libx11-data (2:1.6.8-1) ...
Selecting previously unselected package libx11-6:amd64.
Preparing to unpack .../46-libx11-6_2%3a1.6.8-1_amd64.deb ...
Unpacking libx11-6:amd64 (2:1.6.8-1) ...
Selecting previously unselected package libxcb-render0:amd64.
Preparing to unpack .../47-libxcb-render0_1.13.1-5_amd64.deb ...
Unpacking libxcb-render0:amd64 (1.13.1-5) ...
Selecting previously unselected package libxcb-shm0:amd64.
Preparing to unpack .../48-libxcb-shm0_1.13.1-5_amd64.deb ...
Unpacking libxcb-shm0:amd64 (1.13.1-5) ...
Selecting previously unselected package libxext6:amd64.
Preparing to unpack .../49-libxext6_2%3a1.3.3-1+b2_amd64.deb ...
Unpacking libxext6:amd64 (2:1.3.3-1+b2) ...
Selecting previously unselected package libxrender1:amd64.
Preparing to unpack .../50-libxrender1_1%3a0.9.10-1_amd64.deb ...
Unpacking libxrender1:amd64 (1:0.9.10-1) ...
Selecting previously unselected package libcairo2:amd64.
Preparing to unpack .../51-libcairo2_1.16.0-4_amd64.deb ...
Unpacking libcairo2:amd64 (1.16.0-4) ...
Selecting previously unselected package libclass-inspector-perl.
Preparing to unpack .../52-libclass-inspector-perl_1.36-1_all.deb ...
Unpacking libclass-inspector-perl (1.36-1) ...
Selecting previously unselected package libfile-sharedir-perl.
Preparing to unpack .../53-libfile-sharedir-perl_1.116-2_all.deb ...
Unpacking libfile-sharedir-perl (1.116-2) ...
Selecting previously unselected package libfile-share-perl.
Preparing to unpack .../54-libfile-share-perl_0.25-1_all.deb ...
Unpacking libfile-share-perl (0.25-1) ...
Selecting previously unselected package libfile-slurp-perl.
Preparing to unpack .../55-libfile-slurp-perl_9999.29-1_all.deb ...
Unpacking libfile-slurp-perl (9999.29-1) ...
Selecting previously unselected package libgraphite2-3:amd64.
Preparing to unpack .../56-libgraphite2-3_1.3.13-11_amd64.deb ...
Unpacking libgraphite2-3:amd64 (1.3.13-11) ...
Selecting previously unselected package libharfbuzz0b:amd64.
Preparing to unpack .../57-libharfbuzz0b_2.6.4-1_amd64.deb ...
Unpacking libharfbuzz0b:amd64 (2.6.4-1) ...
Selecting previously unselected package libharfbuzz-icu0:amd64.
Preparing to unpack .../58-libharfbuzz-icu0_2.6.4-1_amd64.deb ...
Unpacking libharfbuzz-icu0:amd64 (2.6.4-1) ...
Selecting previously unselected package x11-common.
Preparing to unpack .../59-x11-common_1%3a7.7+20_all.deb ...
Unpacking x11-common (1:7.7+20) ...
Selecting previously unselected package libice6:amd64.
Preparing to unpack .../60-libice6_2%3a1.0.9-2_amd64.deb ...
Unpacking libice6:amd64 (2:1.0.9-2) ...
Selecting previously unselected package libjpeg62-turbo:amd64.
Preparing to unpack .../61-libjpeg62-turbo_1%3a1.5.2-2+b1_amd64.deb ...
Unpacking libjpeg62-turbo:amd64 (1:1.5.2-2+b1) ...
Selecting previously unselected package libjson-perl.
Preparing to unpack .../62-libjson-perl_4.02000-2_all.deb ...
Unpacking libjson-perl (4.02000-2) ...
Selecting previously unselected package libkpathsea6:amd64.
Preparing to unpack .../63-libkpathsea6_2019.20190605.51237-3_amd64.deb ...
Unpacking libkpathsea6:amd64 (2019.20190605.51237-3) ...
Selecting previously unselected package libpaper1:amd64.
Preparing to unpack .../64-libpaper1_1.1.28+b1_amd64.deb ...
Unpacking libpaper1:amd64 (1.1.28+b1) ...
Selecting previously unselected package libpaper-utils.
Preparing to unpack .../65-libpaper-utils_1.1.28+b1_amd64.deb ...
Unpacking libpaper-utils (1.1.28+b1) ...
Selecting previously unselected package libpdf-create-perl.
Preparing to unpack .../66-libpdf-create-perl_1.46-1_all.deb ...
Unpacking libpdf-create-perl (1.46-1) ...
Selecting previously unselected package libpostscript-file-perl.
Preparing to unpack .../67-libpostscript-file-perl_2.23+dfsg-1_all.deb ...
Unpacking libpostscript-file-perl (2.23+dfsg-1) ...
Selecting previously unselected package libptexenc1:amd64.
Preparing to unpack .../68-libptexenc1_2019.20190605.51237-3_amd64.deb ...
Unpacking libptexenc1:amd64 (2019.20190605.51237-3) ...
Selecting previously unselected package libsm6:amd64.
Preparing to unpack .../69-libsm6_2%3a1.2.3-1_amd64.deb ...
Unpacking libsm6:amd64 (2:1.2.3-1) ...
Selecting previously unselected package libsynctex2:amd64.
Preparing to unpack .../70-libsynctex2_2019.20190605.51237-3_amd64.deb ...
Unpacking libsynctex2:amd64 (2019.20190605.51237-3) ...
Selecting previously unselected package libteckit0:amd64.
Preparing to unpack .../71-libteckit0_2.5.8+ds2-5_amd64.deb ...
Unpacking libteckit0:amd64 (2.5.8+ds2-5) ...
Selecting previously unselected package libtexlua53:amd64.
Preparing to unpack .../72-libtexlua53_2019.20190605.51237-3_amd64.deb ...
Unpacking libtexlua53:amd64 (2019.20190605.51237-3) ...
Selecting previously unselected package libtexluajit2:amd64.
Preparing to unpack .../73-libtexluajit2_2019.20190605.51237-3_amd64.deb ...
Unpacking libtexluajit2:amd64 (2019.20190605.51237-3) ...
Selecting previously unselected package libxt6:amd64.
Preparing to unpack .../74-libxt6_1%3a1.1.5-1+b3_amd64.deb ...
Unpacking libxt6:amd64 (1:1.1.5-1+b3) ...
Selecting previously unselected package libxmu6:amd64.
Preparing to unpack .../75-libxmu6_2%3a1.1.2-2+b3_amd64.deb ...
Unpacking libxmu6:amd64 (2:1.1.2-2+b3) ...
Selecting previously unselected package libxpm4:amd64.
Preparing to unpack .../76-libxpm4_1%3a3.5.12-1_amd64.deb ...
Unpacking libxpm4:amd64 (1:3.5.12-1) ...
Selecting previously unselected package libxaw7:amd64.
Preparing to unpack .../77-libxaw7_2%3a1.0.13-1+b2_amd64.deb ...
Unpacking libxaw7:amd64 (2:1.0.13-1+b2) ...
Selecting previously unselected package libxft2:amd64.
Preparing to unpack .../78-libxft2_2.3.2-2_amd64.deb ...
Unpacking libxft2:amd64 (2.3.2-2) ...
Selecting previously unselected package libxi6:amd64.
Preparing to unpack .../79-libxi6_2%3a1.7.9-1_amd64.deb ...
Unpacking libxi6:amd64 (2:1.7.9-1) ...
Selecting previously unselected package libzzip-0-13:amd64.
Preparing to unpack .../80-libzzip-0-13_0.13.62-3.2_amd64.deb ...
Unpacking libzzip-0-13:amd64 (0.13.62-3.2) ...
Selecting previously unselected package perl-tk.
Preparing to unpack .../81-perl-tk_1%3a804.033-2+b4_amd64.deb ...
Unpacking perl-tk (1:804.033-2+b4) ...
Selecting previously unselected package t1utils.
Preparing to unpack .../82-t1utils_1.41-3_amd64.deb ...
Unpacking t1utils (1.41-3) ...
Selecting previously unselected package texlive-binaries.
Preparing to unpack .../83-texlive-binaries_2019.20190605.51237-3_amd64.deb ...
Unpacking texlive-binaries (2019.20190605.51237-3) ...
Selecting previously unselected package xdg-utils.
Preparing to unpack .../84-xdg-utils_1.1.3-1_all.deb ...
Unpacking xdg-utils (1.1.3-1) ...
Selecting previously unselected package texlive-base.
Preparing to unpack .../85-texlive-base_2019.20200218-1_all.deb ...
Unpacking texlive-base (2019.20200218-1) ...
Selecting previously unselected package texlive-plain-generic.
Preparing to unpack .../86-texlive-plain-generic_2019.202000218-1_all.deb ...
Unpacking texlive-plain-generic (2019.202000218-1) ...
Selecting previously unselected package sbuild-build-depends-main-dummy.
Preparing to unpack .../87-sbuild-build-depends-main-dummy_0.invalid.0_amd64.deb ...
Unpacking sbuild-build-depends-main-dummy (0.invalid.0) ...
Setting up libexpat1:amd64 (2.2.9-1) ...
Setting up libpipeline1:amd64 (1.5.2-2) ...
Setting up libgraphite2-3:amd64 (1.3.13-11) ...
Setting up libpixman-1-0:amd64 (0.36.0-1) ...
Setting up libxau6:amd64 (1:1.0.8-1+b2) ...
Setting up libxdmcp6:amd64 (1:1.1.2-3) ...
Setting up libfile-slurp-perl (9999.29-1) ...
Setting up libxcb1:amd64 (1.13.1-5) ...
Setting up libclass-inspector-perl (1.36-1) ...
Setting up libmagic-mgc (1:5.38-4) ...
Setting up libtexlua53:amd64 (2019.20190605.51237-3) ...
Setting up libxcb-render0:amd64 (1.13.1-5) ...
Setting up libarchive-zip-perl (1.67-1) ...
Setting up libglib2.0-0:amd64 (2.62.4-2) ...
No schema files found: doing nothing.
Setting up libpostscript-file-perl (2.23+dfsg-1) ...
Setting up libtexluajit2:amd64 (2019.20190605.51237-3) ...
Setting up libdebhelper-perl (12.9) ...
Setting up x11-common (1:7.7+20) ...
update-rc.d: warning: start and stop actions are no longer supported; falling back to defaults
invoke-rc.d: could not determine current runlevel
All runlevel operations denied by policy
invoke-rc.d: policy-rc.d denied execution of start.
Setting up libmagic1:amd64 (1:5.38-4) ...
Setting up gettext-base (0.19.8.1-10) ...
Setting up libxcb-shm0:amd64 (1.13.1-5) ...
Setting up libzzip-0-13:amd64 (0.13.62-3.2) ...
Setting up file (1:5.38-4) ...
Setting up libicu63:amd64 (63.2-2) ...
Setting up autotools-dev (20180224.1) ...
Setting up libjpeg62-turbo:amd64 (1:1.5.2-2+b1) ...
Setting up libx11-data (2:1.6.8-1) ...
Setting up libteckit0:amd64 (2.5.8+ds2-5) ...
Setting up libsigsegv2:amd64 (2.12-2) ...
Setting up t1utils (1.41-3) ...
Setting up bsdmainutils (11.1.2+b1) ...
update-alternatives: using /usr/bin/bsd-write to provide /usr/bin/write (write) in auto mode
update-alternatives: using /usr/bin/bsd-from to provide /usr/bin/from (from) in auto mode
Setting up libpng16-16:amd64 (1.6.37-2) ...
Setting up autopoint (0.19.8.1-10) ...
Setting up fonts-dejavu-core (2.37-1) ...
Setting up libkpathsea6:amd64 (2019.20190605.51237-3) ...
Setting up sensible-utils (0.0.12+nmu1) ...
Setting up libuchardet0:amd64 (0.0.6-3) ...
Setting up libjson-perl (4.02000-2) ...
Setting up libfile-sharedir-perl (1.116-2) ...
Setting up libsub-override-perl (0.09-2) ...
Setting up libx11-6:amd64 (2:1.6.8-1) ...
Setting up libelf1:amd64 (0.176-1.1) ...
Setting up libxml2:amd64 (2.9.10+dfsg-3) ...
Setting up xdg-utils (1.1.3-1) ...
Setting up libsynctex2:amd64 (2019.20190605.51237-3) ...
Setting up libfile-stripnondeterminism-perl (1.6.3-2) ...
Setting up libice6:amd64 (2:1.0.9-2) ...
Setting up libxpm4:amd64 (1:3.5.12-1) ...
Setting up libxrender1:amd64 (1:0.9.10-1) ...
Setting up libtool (2.4.6-13) ...
Setting up libxext6:amd64 (2:1.3.3-1+b2) ...
Setting up m4 (1.4.18-4) ...
Setting up libptexenc1:amd64 (2019.20190605.51237-3) ...
Setting up libfreetype6:amd64 (2.10.1-2) ...
Setting up libfile-share-perl (0.25-1) ...
Setting up libcroco3:amd64 (0.6.13-1) ...
Setting up ucf (3.0038+nmu1) ...
Setting up autoconf (2.69-11.1) ...
Setting up dh-strip-nondeterminism (1.6.3-2) ...
Setting up dwz (0.13-5) ...
Setting up groff-base (1.22.4-4) ...
Setting up libharfbuzz0b:amd64 (2.6.4-1) ...
Setting up libsm6:amd64 (2:1.2.3-1) ...
Setting up automake (1:1.16.1-4) ...
update-alternatives: using /usr/bin/automake-1.16 to provide /usr/bin/automake (automake) in auto mode
Setting up libpaper1:amd64 (1.1.28+b1) ...

Creating config file /etc/papersize with new version
Setting up gettext (0.19.8.1-10) ...
Setting up libharfbuzz-icu0:amd64 (2.6.4-1) ...
Setting up libxi6:amd64 (2:1.7.9-1) ...
Setting up fontconfig-config (2.13.1-2) ...
Setting up libpdf-create-perl (1.46-1) ...
Setting up libpaper-utils (1.1.28+b1) ...
Setting up man-db (2.9.0-2) ...
Not building database; man-db/auto-update is not 'true'.
Setting up intltool-debian (0.35.0+20060710.5) ...
Setting up tex-common (6.13) ...
update-language: texlive-base not installed and configured, doing nothing!
Setting up libxt6:amd64 (1:1.1.5-1+b3) ...
Setting up libfontconfig1:amd64 (2.13.1-2+b1) ...
Setting up libxft2:amd64 (2.3.2-2) ...
Setting up libxmu6:amd64 (2:1.1.2-2+b3) ...
Setting up perl-tk (1:804.033-2+b4) ...
Setting up po-debconf (1.0.21) ...
Setting up libxaw7:amd64 (2:1.0.13-1+b2) ...
Setting up libcairo2:amd64 (1.16.0-4) ...
Setting up texlive-binaries (2019.20190605.51237-3) ...
update-alternatives: using /usr/bin/xdvi-xaw to provide /usr/bin/xdvi.bin (xdvi.bin) in auto mode
update-alternatives: using /usr/bin/bibtex.original to provide /usr/bin/bibtex (bibtex) in auto mode
Setting up texlive-base (2019.20200218-1) ...
tl-paper: setting paper size for dvips to a4: /var/lib/texmf/dvips/config/config-paper.ps
tl-paper: setting paper size for dvipdfmx to a4: /var/lib/texmf/dvipdfmx/dvipdfmx-paper.cfg
tl-paper: setting paper size for xdvi to a4: /var/lib/texmf/xdvi/XDvi-paper
tl-paper: setting paper size for pdftex to a4: /var/lib/texmf/tex/generic/config/pdftexconfig.tex
Setting up texlive-plain-generic (2019.202000218-1) ...
Setting up dh-autoreconf (19) ...
Setting up debhelper (12.9) ...
Setting up sbuild-build-depends-main-dummy (0.invalid.0) ...
Processing triggers for libc-bin (2.29-10) ...
Processing triggers for tex-common (6.13) ...
Running updmap-sys. This may take some time... done.
Running mktexlsr /var/lib/texmf ... done.
Building format(s) --all.
	This may take some time... done.

+------------------------------------------------------------------------------+
| Check architectures                                                          |
+------------------------------------------------------------------------------+

Arch check ok (amd64 included in any)

+------------------------------------------------------------------------------+
| Build environment                                                            |
+------------------------------------------------------------------------------+

Kernel: Linux 4.19.0-6-cloud-amd64 #1 SMP Debian 4.19.67-2+deb10u2 (2019-11-11) amd64 (x86_64)
Toolchain package versions: binutils_2.34-3 dpkg-dev_1.19.7 g++-9_9.2.1-29 gcc-9_9.2.1-29 libc6-dev_2.29-10 libstdc++-9-dev_9.2.1-29 libstdc++6_10-20200222-1 linux-libc-dev_5.4.19-1
Package versions: adduser_3.118 apt_1.8.4 autoconf_2.69-11.1 automake_1:1.16.1-4 autopoint_0.19.8.1-10 autotools-dev_20180224.1 base-files_11 base-passwd_3.5.47 bash_5.0-5 binutils_2.34-3 binutils-common_2.34-3 binutils-x86-64-linux-gnu_2.34-3 bsdmainutils_11.1.2+b1 bsdutils_1:2.34-0.1 build-essential_12.8 bzip2_1.0.8-2 clang-10_1:10.0.0~+rc2-1 coreutils_8.30-3+b1 cpp_4:9.2.1-3.1 cpp-9_9.2.1-29 dash_0.5.10.2-6 debconf_1.5.73 debhelper_12.9 debian-archive-keyring_2019.1 debianutils_4.9.1 dh-autoreconf_19 dh-strip-nondeterminism_1.6.3-2 diffutils_1:3.7-3 dpkg_1.19.7 dpkg-dev_1.19.7 dwz_0.13-5 e2fsprogs_1.45.5-2 fakeroot_1.24-1 fdisk_2.34-0.1 file_1:5.38-4 findutils_4.7.0-1 fontconfig-config_2.13.1-2 fonts-dejavu-core_2.37-1 g++_4:9.2.1-3.1 g++-9_9.2.1-29 gcc_4:9.2.1-3.1 gcc-10-base_10-20200222-1 gcc-9_9.2.1-29 gcc-9-base_9.2.1-29 gettext_0.19.8.1-10 gettext-base_0.19.8.1-10 gpgv_2.2.19-1 grep_3.4-1 groff-base_1.22.4-4 gzip_1.9-3+b1 hostname_3.23 init-system-helpers_1.57 intltool-debian_0.35.0+20060710.5 lib32gcc-s1_10-20200222-1 lib32gcc1_1:10-20200222-1 lib32stdc++6_10-20200222-1 libacl1_2.2.53-5 libapt-pkg5.0_1.8.4 libarchive-zip-perl_1.67-1 libasan5_9.2.1-29 libatomic1_10-20200222-1 libattr1_1:2.4.48-5 libaudit-common_1:2.8.5-2 libaudit1_1:2.8.5-2+b1 libbinutils_2.34-3 libblkid1_2.34-0.1 libbsd0_0.10.0-1 libbz2-1.0_1.0.8-2 libc-bin_2.29-10 libc-dev-bin_2.29-10 libc6_2.29-10 libc6-dev_2.29-10 libc6-i386_2.29-10 libcairo2_1.16.0-4 libcap-ng0_0.7.9-2.1+b1 libcc1-0_10-20200222-1 libclang-common-10-dev_1:10.0.0~+rc2-1 libclang-cpp10_1:10.0.0~+rc2-1 libclang1-10_1:10.0.0~+rc2-1 libclass-inspector-perl_1.36-1 libcom-err2_1.45.5-2 libcroco3_0.6.13-1 libcrypt-dev_1:4.4.10-10 libcrypt1_1:4.4.10-10 libctf-nobfd0_2.34-3 libctf0_2.34-3 libdb5.3_5.3.28+dfsg1-0.6 libdebconfclient0_0.251 libdebhelper-perl_12.9 libdpkg-perl_1.19.7 libedit2_3.1-20191231-1 libelf1_0.176-1.1 libexpat1_2.2.9-1 libext2fs2_1.45.5-2 libfakeroot_1.24-1 libfdisk1_2.34-0.1 libffi7_3.3-3 libfile-share-perl_0.25-1 libfile-sharedir-perl_1.116-2 libfile-slurp-perl_9999.29-1 libfile-stripnondeterminism-perl_1.6.3-2 libfontconfig1_2.13.1-2+b1 libfreetype6_2.10.1-2 libgc1c2_1:7.6.4-0.4 libgcc-9-dev_9.2.1-29 libgcc-s1_10-20200222-1 libgcc1_1:10-20200222-1 libgcrypt20_1.8.5-5 libgdbm-compat4_1.18.1-5 libgdbm6_1.18.1-5 libglib2.0-0_2.62.4-2 libgmp10_2:6.2.0+dfsg-4 libgnutls30_3.6.12-2 libgomp1_10-20200222-1 libgpg-error0_1.37-1 libgraphite2-3_1.3.13-11 libharfbuzz-icu0_2.6.4-1 libharfbuzz0b_2.6.4-1 libhogweed5_3.5.1+really3.5.1-2 libice6_2:1.0.9-2 libicu63_63.2-2 libidn2-0_2.2.0-2 libisl22_0.22.1-1 libitm1_10-20200222-1 libjpeg62-turbo_1:1.5.2-2+b1 libjson-perl_4.02000-2 libkpathsea6_2019.20190605.51237-3 libllvm10_1:10.0.0~+rc2-1 liblsan0_10-20200222-1 liblz4-1_1.9.2-2 liblzma5_5.2.4-1+b1 libmagic-mgc_1:5.38-4 libmagic1_1:5.38-4 libmount1_2.34-0.1 libmpc3_1.1.0-1 libmpfr6_4.0.2-1 libncursesw6_6.1+20191019-1 libnettle7_3.5.1+really3.5.1-2 libobjc-9-dev_9.2.1-29 libobjc4_10-20200222-1 libomp-10-dev_1:10.0.0~+rc2-1 libomp5-10_1:10.0.0~+rc2-1 libp11-kit0_0.23.20-1 libpam-modules_1.3.1-5 libpam-modules-bin_1.3.1-5 libpam-runtime_1.3.1-5 libpam0g_1.3.1-5 libpaper-utils_1.1.28+b1 libpaper1_1.1.28+b1 libpcre2-8-0_10.34-7 libpcre3_2:8.39-12+b1 libpdf-create-perl_1.46-1 libperl5.30_5.30.0-9 libpipeline1_1.5.2-2 libpixman-1-0_0.36.0-1 libpng16-16_1.6.37-2 libpostscript-file-perl_2.23+dfsg-1 libptexenc1_2019.20190605.51237-3 libquadmath0_10-20200222-1 libseccomp2_2.4.2-2 libselinux1_3.0-1+b1 libsemanage-common_3.0-1 libsemanage1_3.0-1+b1 libsepol1_3.0-1 libsigsegv2_2.12-2 libsm6_2:1.2.3-1 libsmartcols1_2.34-0.1 libss2_1.45.5-2 libstdc++-9-dev_9.2.1-29 libstdc++6_10-20200222-1 libsub-override-perl_0.09-2 libsynctex2_2019.20190605.51237-3 libsystemd0_244.3-1 libtasn1-6_4.16.0-2 libteckit0_2.5.8+ds2-5 libtexlua53_2019.20190605.51237-3 libtexluajit2_2019.20190605.51237-3 libtinfo6_6.1+20191019-1 libtool_2.4.6-13 libtsan0_10-20200222-1 libubsan1_10-20200222-1 libuchardet0_0.0.6-3 libudev1_244.3-1 libunistring2_0.9.10-2 libuuid1_2.34-0.1 libx11-6_2:1.6.8-1 libx11-data_2:1.6.8-1 libxau6_1:1.0.8-1+b2 libxaw7_2:1.0.13-1+b2 libxcb-render0_1.13.1-5 libxcb-shm0_1.13.1-5 libxcb1_1.13.1-5 libxdmcp6_1:1.1.2-3 libxext6_2:1.3.3-1+b2 libxft2_2.3.2-2 libxi6_2:1.7.9-1 libxml2_2.9.10+dfsg-3 libxmu6_2:1.1.2-2+b3 libxpm4_1:3.5.12-1 libxrender1_1:0.9.10-1 libxt6_1:1.1.5-1+b3 libz3-4_4.8.7-4 libzstd1_1.4.4+dfsg-3 libzzip-0-13_0.13.62-3.2 linux-libc-dev_5.4.19-1 login_1:4.8.1-1 logsave_1.45.5-2 lsb-base_11.1.0 m4_1.4.18-4 make_4.2.1-1.2 man-db_2.9.0-2 mawk_1.3.4.20200120-2 mount_2.34-0.1 ncurses-base_6.1+20191019-1 ncurses-bin_6.1+20191019-1 passwd_1:4.8.1-1 patch_2.7.6-6 perl_5.30.0-9 perl-base_5.30.0-9 perl-modules-5.30_5.30.0-9 perl-tk_1:804.033-2+b4 po-debconf_1.0.21 sbuild-build-depends-main-dummy_0.invalid.0 sed_4.7-1 sensible-utils_0.0.12+nmu1 sysvinit-utils_2.96-2.1 t1utils_1.41-3 tar_1.30+dfsg-6+b1 tex-common_6.13 texlive-base_2019.20200218-1 texlive-binaries_2019.20190605.51237-3 texlive-plain-generic_2019.202000218-1 tzdata_2019c-3 ucf_3.0038+nmu1 util-linux_2.34-0.1 x11-common_1:7.7+20 xdg-utils_1.1.3-1 xz-utils_5.2.4-1+b1 zlib1g_1:1.2.11.dfsg-2

+------------------------------------------------------------------------------+
| Build                                                                        |
+------------------------------------------------------------------------------+


Unpack source
-------------

-----BEGIN PGP SIGNED MESSAGE-----
Hash: SHA256

Format: 3.0 (quilt)
Source: sgf2dg
Binary: sgf2dg
Architecture: any
Version: 4.252-1
Maintainer: Vincent Danjean <vdanjean@debian.org>
Homepage: http://match.stanford.edu/bump/sgf2tex.html
Standards-Version: 4.4.1
Build-Depends: debhelper-compat (= 12), texlive-plain-generic, libpdf-create-perl, libpostscript-file-perl, perl-tk, libfile-slurp-perl
Package-List:
 sgf2dg deb tex optional arch=any
Checksums-Sha1:
 0487642dedf15125f984112d417eab0acfd1b5c0 464288 sgf2dg_4.252.orig.tar.gz
 bc48374d75754e5f48cc5ef8d5daf162b05e8580 5948 sgf2dg_4.252-1.debian.tar.xz
Checksums-Sha256:
 712941f58022d7c048ddb6b8e274ab6bdb7347fc394a339c74ab1b74d0a57a56 464288 sgf2dg_4.252.orig.tar.gz
 9a393d3f51d0069b6bb8fabd20636b7f5f092f942a4c1d99d7cc885435c3d582 5948 sgf2dg_4.252-1.debian.tar.xz
Files:
 1b5b12a1382e5447345b76565068838c 464288 sgf2dg_4.252.orig.tar.gz
 84379b06b2f756a35dc03f4fe321de04 5948 sgf2dg_4.252-1.debian.tar.xz

-----BEGIN PGP SIGNATURE-----

iQIzBAEBCAAdFiEEE+JeSXDEY4vnrLgRlkfeY37Ht1EFAl22TDUACgkQlkfeY37H
t1EvGg/8CBrVc9tvCcWqgVZtCvfahBmRgB7q76gc8LrWFzBbI+MEQYMlfsXHzV86
U80GSQJeXiUMEIXhnN41F3/KgguvRgN59uuf4kTYVJOqK6w8iSyiuMaDudLJPtzB
BXQgH8T6YC4vYJmOiC2+FCOz/k4bh6bxyrVsVw4jl3sqEQ8nEoluzKyOtvH0Mo1W
V8232xtead1jb2qBouYFbolKgaPCkC968Q5aQFaX7FRqzBDRlkaAMwqjOGe8EFWp
vWaGiGmYJwVUaFR1DOBsiHQR4gEn3pTdq9lmIC+ieYLGbz6G7hNjJjFrXSkvLl/j
XyEbIMJUPSx9Gt5Ei2Es2cymf7tE7XRPDZQDobcM15UgL46YsKETVC8agv6jijww
v3/UqhV3gwmTtq4bAuuLe9Virn9sN2qNsikLKFTvLP0XbWxGrWF+fbyJsk9k+E+h
aX1Ycc15CLiZQ1FupOCmUAz6ctqhGG7bKMwoT0LLYSHMYaBpX0o3wkLhrO+qUxK9
Dx93peSZTGJjg9+5yMi6NH31/zSD2C7DulocLFOnSjNwzwixst4fJkC0pMAZdWaB
VVqqnJ2XKgzhiv+0rdClbodbsU8ZYXRLd1gYFZP9n+WxWjQmP0p0GNQlLzOvP2WK
K9sp4UuSfHeHaAT6AjEV6BB6mQYs26vpgpa1SuQ7GqNhBXkEtTo=
=y7uL
-----END PGP SIGNATURE-----

gpgv: unknown type of key resource 'trustedkeys.kbx'
gpgv: keyblock resource '/sbuild-nonexistent/.gnupg/trustedkeys.kbx': General error
gpgv: Signature made Mon Oct 28 02:02:29 2019 UTC
gpgv:                using RSA key 13E25E4970C4638BE7ACB8119647DE637EC7B751
gpgv: Can't check signature: No public key
dpkg-source: warning: failed to verify signature on ./sgf2dg_4.252-1.dsc
dpkg-source: info: extracting sgf2dg in /<<PKGBUILDDIR>>
dpkg-source: info: unpacking sgf2dg_4.252.orig.tar.gz
dpkg-source: info: unpacking sgf2dg_4.252-1.debian.tar.xz
dpkg-source: info: using patch list from debian/patches/series
dpkg-source: info: applying MakeMaker.patch
dpkg-source: info: applying texmf-paths.patch
dpkg-source: info: applying manpages.patch

Check disk space
----------------

Sufficient free space for build

User Environment
----------------

APT_CONFIG=/var/lib/sbuild/apt.conf
HOME=/sbuild-nonexistent
LANG=C.UTF-8
LC_ALL=C.UTF-8
LOGNAME=user42
PATH=/usr/local/sbin:/usr/local/bin:/usr/sbin:/usr/bin:/sbin:/bin:/usr/games
SCHROOT_ALIAS_NAME=unstable
SCHROOT_CHROOT_NAME=sid-amd64-sbuild
SCHROOT_COMMAND=env
SCHROOT_GID=1001
SCHROOT_GROUP=user42
SCHROOT_SESSION_ID=sid-amd64-sbuild-f6d7b4ef-153c-4d9d-9226-4bc2fe0f6c47
SCHROOT_UID=1001
SCHROOT_USER=user42
SHELL=/bin/sh
USER=user42

dpkg-buildpackage
-----------------

Command: dpkg-buildpackage -us -uc -b -rfakeroot
dpkg-buildpackage: info: source package sgf2dg
dpkg-buildpackage: info: source version 4.252-1
dpkg-buildpackage: info: source distribution unstable
dpkg-buildpackage: info: source changed by Vincent Danjean <vdanjean@debian.org>
 dpkg-source --before-build .
dpkg-buildpackage: info: host architecture amd64
 debian/rules clean
dh clean
   debian/rules override_dh_auto_clean
make[1]: Entering directory '/<<PKGBUILDDIR>>'
dh_auto_clean
rm -f manual.log manual.dvi
rm -f sgfsplit
make[1]: Leaving directory '/<<PKGBUILDDIR>>'
   dh_clean
 debian/rules binary
dh binary
   dh_update_autotools_config
   dh_autoreconf
   debian/rules override_dh_auto_configure
make[1]: Entering directory '/<<PKGBUILDDIR>>'
dh_auto_configure -- LDFLAGS="-Wl,-z,relro -Wl,-z,now"
	perl Makefile.PL INSTALLDIRS=vendor "OPTIMIZE=-g -O2 -fdebug-prefix-map=/<<PKGBUILDDIR>>=. -fstack-protector-strong -Wformat -Werror=format-security -Wdate-time -D_FORTIFY_SOURCE=2" "LD=x86_64-linux-gnu-gcc -g -O2 -fdebug-prefix-map=/<<PKGBUILDDIR>>=. -fstack-protector-strong -Wformat -Werror=format-security -Wl,-z,relro -Wl,-z,now" "LDFLAGS=-Wl,-z,relro -Wl,-z,now"
Checking if your kit is complete...
Looks good
Generating a Unix-style Makefile
Writing Makefile for Games::Go::Sgf2Dg
Writing MYMETA.yml and MYMETA.json
make[1]: Leaving directory '/<<PKGBUILDDIR>>'
   dh_auto_build
	make -j4
make[1]: Entering directory '/<<PKGBUILDDIR>>'
cp lib/Games/Go/Sgf2Dg/Dg2SL.pm blib/lib/Games/Go/Sgf2Dg/Dg2SL.pm
cp lib/Games/Go/Sgf2Dg/Dg2TkPs.pm blib/lib/Games/Go/Sgf2Dg/Dg2TkPs.pm
cp lib/Games/Go/Sgf2Dg/Dg2Mp.pm blib/lib/Games/Go/Sgf2Dg/Dg2Mp.pm
cp lib/Games/Go/Sgf2Dg/Diagram.pm blib/lib/Games/Go/Sgf2Dg/Diagram.pm
cp lib/Games/Go/Sgf2Dg/Dg2Ps.pm blib/lib/Games/Go/Sgf2Dg/Dg2Ps.pm
cp lib/Games/Go/Sgf2Dg/Dg2TeX.pm blib/lib/Games/Go/Sgf2Dg/Dg2TeX.pm
cp lib/Games/Go/Sgf2Dg.pm blib/lib/Games/Go/Sgf2Dg.pm
cp lib/Games/Go/Sgf2Dg/Dg2ASCII.pm blib/lib/Games/Go/Sgf2Dg/Dg2ASCII.pm
cp lib/Games/Go/Sgf2Dg/Dg2Tk.pm blib/lib/Games/Go/Sgf2Dg/Dg2Tk.pm
cp lib/Games/Go/Sgf2Dg/Dg2PDF.pm blib/lib/Games/Go/Sgf2Dg/Dg2PDF.pm
cp bin/sgf2dg blib/script/sgf2dg
x86_64-linux-gnu-gcc -c   -D_REENTRANT -D_GNU_SOURCE -DDEBIAN -fwrapv -fno-strict-aliasing -pipe -I/usr/local/include -D_LARGEFILE_SOURCE -D_FILE_OFFSET_BITS=64 -g -O2 -fdebug-prefix-map=/<<PKGBUILDDIR>>=. -fstack-protector-strong -Wformat -Werror=format-security -Wdate-time -D_FORTIFY_SOURCE=2   -DVERSION=\"4.252\" -DXS_VERSION=\"4.252\" -fPIC "-I/usr/lib/x86_64-linux-gnu/perl/5.30/CORE"   sgfsplit.c
"/usr/bin/perl" -MExtUtils::MY -e 'MY->fixin(shift)' -- blib/script/sgf2dg
x86_64-linux-gnu-gcc -Wl,-z,relro -Wl,-z,now  sgfsplit.o   -o sgfsplit
cp sgfsplit blib/script/sgfsplit
"/usr/bin/perl" -MExtUtils::MY -e 'MY->fixin(shift)' -- blib/script/sgfsplit
Manifying 2 pod documents
Manifying 10 pod documents
make[1]: Leaving directory '/<<PKGBUILDDIR>>'
   dh_auto_test
	make -j4 test TEST_VERBOSE=1
make[1]: Entering directory '/<<PKGBUILDDIR>>'
PERL_DL_NONLAZY=1 "/usr/bin/perl" "-MExtUtils::Command::MM" "-MTest::Harness" "-e" "undef *Test::Harness::Switches; test_harness(1, 'blib/lib', 'blib/arch')" t/*.t
t/Dg2ASCII.t .. 
1..16
ok 1 - use Games::Go::Sgf2Dg::Dg2ASCII;
ok 2 - use Games::Go::Sgf2Dg::Diagram;
ok 3 - new Dg2ASCII object
ok 4 - '   dg2ascii is the right class' isa 'Games::Go::Sgf2Dg::Dg2ASCII'
ok 5 - added comment
ok 6 -     text is correct
ok 7 - added more comment
ok 8 - re-configure
ok 9 - raw print
ok 10 -     raw print is good
ok 11 - converted text is good
ok 12 - converted text cleared
ok 13 - reconfigured Dg2ASCII object
ok 14 - converted text cleared
ok 15 - converted Diagram
ok 16 -     text is correct
ok
t/Dg2PDF.t .... 
1..6
ok 1 - use Games::Go::Sgf2Dg::Dg2PDF;
ok 2 - use Games::Go::Sgf2Dg::Diagram;
ok 3 - new Dg2PDF object
ok 4 - '   dg2pdf is the right class' isa 'Games::Go::Sgf2Dg::Dg2PDF'
ok 5 - added comment
ok 6 - raw print
ok
t/Dg2Ps.t ..... 
1..8
ok 1 - use Games::Go::Sgf2Dg::Dg2Ps;
ok 2 - use Games::Go::Sgf2Dg::Diagram;
ok 3 - new Dg2Ps object
ok 4 - '   dg2ps is the right class' isa 'Games::Go::Sgf2Dg::Dg2Ps'
ok 5 - added comment
ok 6 - raw print
ok 7 - has a My_Functions
ok 8 - has a showpage
ok
t/Dg2TeX.t .... 
1..17
ok 1 - use Games::Go::Sgf2Dg::Dg2TeX;
ok 2 - use Games::Go::Sgf2Dg::Diagram;
ok 3 - new Dg2TeX object
ok 4 - '   dg2tex is the right class' isa 'Games::Go::Sgf2Dg::Dg2TeX'
ok 5 - added comment
ok 6 -     tex is correct
ok 7 - added more comment
ok 8 - re-configure
ok 9 - raw print
ok 10 - raw print is good
ok 11 - converted TeX is good
ok 12 - converted TeX cleared
ok 13 - text-to-TeX conversion
ok 14 - reconfigured Dg2TeX object
ok 15 - converted TeX cleared
ok 16 - converted Diagram
ok 17 -     TeX is correct
ok
t/Dg2Tk.t ..... 
1..6
ok 1 - use Games::Go::Sgf2Dg::Dg2Tk;
ok 2 - use Games::Go::Sgf2Dg::Diagram;
ok 3 # skip couldn't connect to display ":0" at /usr/lib/x86_64-linux-gnu/perl5/5.30/Tk/MainWindow.pm line 53.
# MainWindow->new() at /<<PKGBUILDDIR>>/blib/lib/Games/Go/Sgf2Dg/Dg2Tk.pm line 190.
#  (no X server?)
ok 4 # skip couldn't connect to display ":0" at /usr/lib/x86_64-linux-gnu/perl5/5.30/Tk/MainWindow.pm line 53.
# MainWindow->new() at /<<PKGBUILDDIR>>/blib/lib/Games/Go/Sgf2Dg/Dg2Tk.pm line 190.
#  (no X server?)
ok 5 # skip couldn't connect to display ":0" at /usr/lib/x86_64-linux-gnu/perl5/5.30/Tk/MainWindow.pm line 53.
# MainWindow->new() at /<<PKGBUILDDIR>>/blib/lib/Games/Go/Sgf2Dg/Dg2Tk.pm line 190.
#  (no X server?)
ok 6 # skip couldn't connect to display ":0" at /usr/lib/x86_64-linux-gnu/perl5/5.30/Tk/MainWindow.pm line 53.
# MainWindow->new() at /<<PKGBUILDDIR>>/blib/lib/Games/Go/Sgf2Dg/Dg2Tk.pm line 190.
#  (no X server?)
ok
t/Diagram.t ... 
1..28
ok 1 - use Games::Go::Sgf2Dg::Diagram;
ok 2 - new Diagram object
ok 3 - '   diagram is the right class' isa 'Games::Go::Sgf2Dg::Diagram'
ok 4 - initial get(aa)
ok 5 - initial get(ba)
ok 6 - initial get(dd)
ok 7 - initial get(cd)
ok 8 - initial get(ab)
ok 9 - put black on ee
ok 10 - get(ee) (pre-node)
ok 11 - node 2
ok 12 - get(ee) (post-node)
ok 13 - mark ba
ok 14 - mark dd
ok 15 - node 3
ok 16 - get(ba) (post-node)
ok 17 - get(dd) (post-node)
ok 18 - mark ee
ok 19 - conflictCallback not called yet
ok 20 - node 3(conflict)
ok 21 - conflictCallback called
ok 22 - clear diagram
ok 23 - renumber cd
ok 24 - put overstone on dd
ok 25 - node 4
ok 26 - put overstone on dd
ok 27 - node 5
ok 28 - overstone
ok
All tests successful.
Files=6, Tests=81,  0 wallclock secs ( 0.02 usr  0.01 sys +  0.58 cusr  0.03 csys =  0.64 CPU)
Result: PASS
make[1]: Leaving directory '/<<PKGBUILDDIR>>'
   create-stamp debian/debhelper-build-stamp
   dh_testroot
   dh_prep
   dh_installdirs
   dh_auto_install
	make -j4 install DESTDIR=/<<PKGBUILDDIR>>/debian/sgf2dg AM_UPDATE_INFO_DIR=no PREFIX=/usr
make[1]: Entering directory '/<<PKGBUILDDIR>>'
cd tex; make install
env TEXINPUTS=.:tex: TFMFONTS=.:tex: tex manual.tex
This is TeX, Version 3.14159265 (TeX Live 2019/Debian) (preloaded format=tex)
make[2]: Entering directory '/<<PKGBUILDDIR>>/tex'
rm -f 
mkdir -p /<<PKGBUILDDIR>>/tex/../debian/sgf2dg/usr/share/texmf/fonts/source/public/GOOE
(./manual.tex (tex/gooemacs.texinstall -m 0644 *.mf /<<PKGBUILDDIR>>/tex/../debian/sgf2dg/usr/share/texmf/fonts/source/public/GOOE
)
(/usr/share/texlive/texmf-dist/tex/generic/epsf/epsf.tex
This is `epsf.tex' v2.7.4 <14 February 2011>
)
Underfull \hbox (badness 10000) in paragraph at lines 99--102

[1]mkdir -p /<<PKGBUILDDIR>>/tex/../debian/sgf2dg/usr/share/texmf/fonts/tfm/public/GOOE

Underfull \vbox (badness 10000) detected at line 127
[2]install -m 0644 *.tfm /<<PKGBUILDDIR>>/tex/../debian/sgf2dg/usr/share/texmf/fonts/tfm/public/GOOE
 [3]mkdir -p /<<PKGBUILDDIR>>/tex/../debian/sgf2dg/usr/share/texmf/tex/GOOE
 [4] [5]
Overfull \vbox (17.99994pt too high) detected at line 537
[6]install -m 0644 gooemacs.tex gotcmacs.tex /<<PKGBUILDDIR>>/tex/../debian/sgf2dg/usr/share/texmf/tex/GOOE
 [7] [8] [9#- texhash
] [10]#- MakeTeXls-R
 [11] [12]make[2]: Leaving directory '/<<PKGBUILDDIR>>/tex'

Underfull \hbox (badness 10000) in paragraph at lines 961--961


Underfull \hbox (badness 10000) in paragraph at lines 962--962


Overfull \vbox (21.99985pt too high) detected at line 962

Underfull \hbox (badness 10000) in paragraph at lines 978--978


Underfull \vbox (badness 10000) detected at line 978
[13] [14]
Underfull \hbox (badness 1168) in paragraph at lines 1067--1072
\tenrm we in-tend to fill this with
[15] [16]
Underfull \hbox (badness 1412) in paragraph at lines 1216--1222
\tenrm ber of spe-cial sym-bols
[17]
Underfull \vbox (badness 10000) detected at line 1283
[18] [19] [20] [21] [22] [23] [24]
(figure1.1.eps
)
[25]
(figure2.1.eps
)
(figure3.1.eps
)
(figure4.1.eps
)
[26]
(figure5.1.eps
)
[27]
(figure6.1.eps
)
(figure7.1.eps
)

Underfull \vbox (badness 10000) has occurred while \output is active [28]
(figure8.1.eps
)
(figure9.1.eps
)

Underfull \vbox (badness 10000) has occurred while \output is active [29]
(figure10.1.eps
)
(figure10a.1.eps
)
[30] [31]
Underfull \hbox (badness 10000) detected at line 1836
\gooa LMNOPQRSTUVWXYZ[\]^_`abc\goob ^^@

Underfull \hbox (badness 10000) detected at line 1849
\goob LMNOPQRSTUVWXYZ[\]^_`abc\gooc ^^@

Underfull \hbox (badness 10000) detected at line 1862
\gooc LMNOPQRSTUVWXYZ[\]^_`abc\good ^^@

Underfull \hbox (badness 10000) detected at line 1875
\good LMNOPQRSTUVWXYZ[\]^_`abc\gooegb ;

Underfull \hbox (badness 10000) detected at line 1897
\goea LMNOPQRSTUVWXYZ[\]^_`abc\goeb ^^@

Underfull \hbox (badness 10000) detected at line 1910
\goeb LMNOPQRSTUVWXYZ[\]^_`abc\goec ^^@

Underfull \hbox (badness 10000) detected at line 1923
\goec LMNOPQRSTUVWXYZ[\]^_`abc\goed ^^@

Underfull \hbox (badness 10000) detected at line 1936
\goed LMNOPQRSTUVWXYZ[\]^_`abc\gooegb :
[32]
Underfull \hbox (badness 10000) detected at line 1971
\gooa LMNOPQRSTUVWXYZ[\]^_`abc\goob ^^@

Underfull \hbox (badness 10000) detected at line 1984
\goob LMNOPQRSTUVWXYZ[\]^_`abc\gooc ^^@

Underfull \hbox (badness 10000) detected at line 1997
\gooc LMNOPQRSTUVWXYZ[\]^_`abc\good ^^@

Underfull \hbox (badness 10000) detected at line 2030
\goea LMNOPQRSTUVWXYZ[\]^_`abc\goeb ^^@

Underfull \hbox (badness 10000) detected at line 2043
\goeb LMNOPQRSTUVWXYZ[\]^_`abc\goec ^^@

Underfull \hbox (badness 10000) detected at line 2056
\goec LMNOPQRSTUVWXYZ[\]^_`abc\goed ^^@

Underfull \hbox (badness 10000) detected at line 2069
\goed LMNOPQRSTUVWXYZ[\]^_`abc\gooegb :
[33] )
(see the transcript file for additional information)
Output written on manual.dvi (33 pages, 77444 bytes).
Transcript written on manual.log.
Manifying 2 pod documents
Manifying 10 pod documents
Installing /<<PKGBUILDDIR>>/debian/sgf2dg/usr/share/perl5/Games/Go/Sgf2Dg.pm
Installing /<<PKGBUILDDIR>>/debian/sgf2dg/usr/share/perl5/Games/Go/Sgf2Dg/Dg2Mp.pm
Installing /<<PKGBUILDDIR>>/debian/sgf2dg/usr/share/perl5/Games/Go/Sgf2Dg/Dg2TeX.pm
Installing /<<PKGBUILDDIR>>/debian/sgf2dg/usr/share/perl5/Games/Go/Sgf2Dg/Dg2ASCII.pm
Installing /<<PKGBUILDDIR>>/debian/sgf2dg/usr/share/perl5/Games/Go/Sgf2Dg/Dg2TkPs.pm
Installing /<<PKGBUILDDIR>>/debian/sgf2dg/usr/share/perl5/Games/Go/Sgf2Dg/Dg2Ps.pm
Installing /<<PKGBUILDDIR>>/debian/sgf2dg/usr/share/perl5/Games/Go/Sgf2Dg/Diagram.pm
Installing /<<PKGBUILDDIR>>/debian/sgf2dg/usr/share/perl5/Games/Go/Sgf2Dg/Dg2Tk.pm
Installing /<<PKGBUILDDIR>>/debian/sgf2dg/usr/share/perl5/Games/Go/Sgf2Dg/Dg2PDF.pm
Installing /<<PKGBUILDDIR>>/debian/sgf2dg/usr/share/perl5/Games/Go/Sgf2Dg/Dg2SL.pm
Installing /<<PKGBUILDDIR>>/debian/sgf2dg/usr/share/man/man1/sgf2dg.1p
Installing /<<PKGBUILDDIR>>/debian/sgf2dg/usr/share/man/man1/sgfsplit.1p
Installing /<<PKGBUILDDIR>>/debian/sgf2dg/usr/share/man/man3/Games::Go::Sgf2Dg::Dg2TkPs.3pm
Installing /<<PKGBUILDDIR>>/debian/sgf2dg/usr/share/man/man3/Games::Go::Sgf2Dg::Dg2ASCII.3pm
Installing /<<PKGBUILDDIR>>/debian/sgf2dg/usr/share/man/man3/Games::Go::Sgf2Dg::Dg2Tk.3pm
Installing /<<PKGBUILDDIR>>/debian/sgf2dg/usr/share/man/man3/Games::Go::Sgf2Dg::Dg2SL.3pm
Installing /<<PKGBUILDDIR>>/debian/sgf2dg/usr/share/man/man3/Games::Go::Sgf2Dg::Dg2TeX.3pm
Installing /<<PKGBUILDDIR>>/debian/sgf2dg/usr/share/man/man3/Games::Go::Sgf2Dg::Dg2Mp.3pm
Installing /<<PKGBUILDDIR>>/debian/sgf2dg/usr/share/man/man3/Games::Go::Sgf2Dg.3pm
Installing /<<PKGBUILDDIR>>/debian/sgf2dg/usr/share/man/man3/Games::Go::Sgf2Dg::Dg2PDF.3pm
Installing /<<PKGBUILDDIR>>/debian/sgf2dg/usr/share/man/man3/Games::Go::Sgf2Dg::Diagram.3pm
Installing /<<PKGBUILDDIR>>/debian/sgf2dg/usr/share/man/man3/Games::Go::Sgf2Dg::Dg2Ps.3pm
Installing /<<PKGBUILDDIR>>/debian/sgf2dg/usr/bin/sgfsplit
Installing /<<PKGBUILDDIR>>/debian/sgf2dg/usr/bin/sgf2dg
make[1]: Leaving directory '/<<PKGBUILDDIR>>'
   dh_installdocs
   debian/rules override_dh_installchangelogs
make[1]: Entering directory '/<<PKGBUILDDIR>>'
dh_installchangelogs
dh_installchangelogs --keep debian/changelog-sgf2tex.Debian
make[1]: Leaving directory '/<<PKGBUILDDIR>>'
   dh_installman
   dh_perl
   dh_link
   dh_strip_nondeterminism
   dh_compress
   dh_fixperms
   debian/rules override_dh_missing
make[1]: Entering directory '/<<PKGBUILDDIR>>'
dh_missing --fail-missing
make[1]: Leaving directory '/<<PKGBUILDDIR>>'
   dh_dwz
   dh_strip
   dh_makeshlibs
   dh_shlibdeps
   dh_installdeb
   dh_gencontrol
   dh_md5sums
   dh_builddeb
dpkg-deb: building package 'sgf2dg' in '../sgf2dg_4.252-1_amd64.deb'.
dpkg-deb: building package 'sgf2dg-dbgsym' in '../sgf2dg-dbgsym_4.252-1_amd64.deb'.
 dpkg-genbuildinfo --build=binary
 dpkg-genchanges --build=binary >../sgf2dg_4.252-1_amd64.changes
dpkg-genchanges: info: binary-only upload (no source code included)
 dpkg-source --after-build .
dpkg-buildpackage: info: binary-only upload (no source included)
--------------------------------------------------------------------------------
Build finished at 2020-02-25T05:54:09Z

Finished
--------

I: Built successfully

+------------------------------------------------------------------------------+
| Changes                                                                      |
+------------------------------------------------------------------------------+


sgf2dg_4.252-1_amd64.changes:
-----------------------------

Format: 1.8
Date: Mon, 28 Oct 2019 00:44:51 +0100
Source: sgf2dg
Binary: sgf2dg sgf2dg-dbgsym
Architecture: amd64
Version: 4.252-1
Distribution: unstable
Urgency: medium
Maintainer: Vincent Danjean <vdanjean@debian.org>
Changed-By: Vincent Danjean <vdanjean@debian.org>
Description:
 sgf2dg     - Converts Smart Go Format (SGF) files to Go diagrams
Closes: 505433 941548
Changes:
 sgf2dg (4.252-1) unstable; urgency=medium
 .
   * New upstream release (Closes: #505433)
   * Cleanup packaging (Closes: #941548)
Checksums-Sha1:
 c2810a54995728bf1caa1d96d7b1535ecf2d907f 5960 sgf2dg-dbgsym_4.252-1_amd64.deb
 2802c3e5b58c6fff92326c77d826825d065debab 6712 sgf2dg_4.252-1_amd64.buildinfo
 fc73370e4d52a1134ec348386160e37b66059578 172100 sgf2dg_4.252-1_amd64.deb
Checksums-Sha256:
 194e9257e830eba9be608eee59628a9a3a3609b4623eda4e9056653acb79b1ad 5960 sgf2dg-dbgsym_4.252-1_amd64.deb
 586fc2be7612c263230bdf098e146e8a61695501dc77fd9b562a33d8b15059ca 6712 sgf2dg_4.252-1_amd64.buildinfo
 d922d9b85890613d220fa1a2260e1619d521eff87e5a34a2bdd950ee8077006b 172100 sgf2dg_4.252-1_amd64.deb
Files:
 fd1bd3606b5c5787f803c16d8c1e331c 5960 debug optional sgf2dg-dbgsym_4.252-1_amd64.deb
 073872f546953ea9c1836cc71bdb9a7d 6712 tex optional sgf2dg_4.252-1_amd64.buildinfo
 5c3d619feee4aac9344d866b68160fff 172100 tex optional sgf2dg_4.252-1_amd64.deb

+------------------------------------------------------------------------------+
| Buildinfo                                                                    |
+------------------------------------------------------------------------------+

Format: 1.0
Source: sgf2dg
Binary: sgf2dg
Architecture: amd64
Version: 4.252-1
Checksums-Md5:
 fd1bd3606b5c5787f803c16d8c1e331c 5960 sgf2dg-dbgsym_4.252-1_amd64.deb
 5c3d619feee4aac9344d866b68160fff 172100 sgf2dg_4.252-1_amd64.deb
Checksums-Sha1:
 c2810a54995728bf1caa1d96d7b1535ecf2d907f 5960 sgf2dg-dbgsym_4.252-1_amd64.deb
 fc73370e4d52a1134ec348386160e37b66059578 172100 sgf2dg_4.252-1_amd64.deb
Checksums-Sha256:
 194e9257e830eba9be608eee59628a9a3a3609b4623eda4e9056653acb79b1ad 5960 sgf2dg-dbgsym_4.252-1_amd64.deb
 d922d9b85890613d220fa1a2260e1619d521eff87e5a34a2bdd950ee8077006b 172100 sgf2dg_4.252-1_amd64.deb
Build-Origin: Debian
Build-Architecture: amd64
Build-Date: Tue, 25 Feb 2020 05:54:09 +0000
Build-Path: /<<PKGBUILDDIR>>
Installed-Build-Depends:
 autoconf (= 2.69-11.1),
 automake (= 1:1.16.1-4),
 autopoint (= 0.19.8.1-10),
 autotools-dev (= 20180224.1),
 base-files (= 11),
 base-passwd (= 3.5.47),
 bash (= 5.0-5),
 binutils (= 2.34-3),
 binutils-common (= 2.34-3),
 binutils-x86-64-linux-gnu (= 2.34-3),
 bsdmainutils (= 11.1.2+b1),
 bsdutils (= 1:2.34-0.1),
 build-essential (= 12.8),
 bzip2 (= 1.0.8-2),
 clang-10 (= 1:10.0.0~+rc2-1),
 coreutils (= 8.30-3+b1),
 cpp (= 4:9.2.1-3.1),
 cpp-9 (= 9.2.1-29),
 dash (= 0.5.10.2-6),
 debconf (= 1.5.73),
 debhelper (= 12.9),
 debianutils (= 4.9.1),
 dh-autoreconf (= 19),
 dh-strip-nondeterminism (= 1.6.3-2),
 diffutils (= 1:3.7-3),
 dpkg (= 1.19.7),
 dpkg-dev (= 1.19.7),
 dwz (= 0.13-5),
 fdisk (= 2.34-0.1),
 file (= 1:5.38-4),
 findutils (= 4.7.0-1),
 fontconfig-config (= 2.13.1-2),
 fonts-dejavu-core (= 2.37-1),
 g++ (= 4:9.2.1-3.1),
 g++-9 (= 9.2.1-29),
 gcc (= 4:9.2.1-3.1),
 gcc-10-base (= 10-20200222-1),
 gcc-9 (= 9.2.1-29),
 gcc-9-base (= 9.2.1-29),
 gettext (= 0.19.8.1-10),
 gettext-base (= 0.19.8.1-10),
 grep (= 3.4-1),
 groff-base (= 1.22.4-4),
 gzip (= 1.9-3+b1),
 hostname (= 3.23),
 init-system-helpers (= 1.57),
 intltool-debian (= 0.35.0+20060710.5),
 lib32gcc-s1 (= 10-20200222-1),
 lib32gcc1 (= 1:10-20200222-1),
 lib32stdc++6 (= 10-20200222-1),
 libacl1 (= 2.2.53-5),
 libarchive-zip-perl (= 1.67-1),
 libasan5 (= 9.2.1-29),
 libatomic1 (= 10-20200222-1),
 libattr1 (= 1:2.4.48-5),
 libaudit-common (= 1:2.8.5-2),
 libaudit1 (= 1:2.8.5-2+b1),
 libbinutils (= 2.34-3),
 libblkid1 (= 2.34-0.1),
 libbsd0 (= 0.10.0-1),
 libbz2-1.0 (= 1.0.8-2),
 libc-bin (= 2.29-10),
 libc-dev-bin (= 2.29-10),
 libc6 (= 2.29-10),
 libc6-dev (= 2.29-10),
 libc6-i386 (= 2.29-10),
 libcairo2 (= 1.16.0-4),
 libcap-ng0 (= 0.7.9-2.1+b1),
 libcc1-0 (= 10-20200222-1),
 libclang-common-10-dev (= 1:10.0.0~+rc2-1),
 libclang-cpp10 (= 1:10.0.0~+rc2-1),
 libclang1-10 (= 1:10.0.0~+rc2-1),
 libclass-inspector-perl (= 1.36-1),
 libcroco3 (= 0.6.13-1),
 libcrypt-dev (= 1:4.4.10-10),
 libcrypt1 (= 1:4.4.10-10),
 libctf-nobfd0 (= 2.34-3),
 libctf0 (= 2.34-3),
 libdb5.3 (= 5.3.28+dfsg1-0.6),
 libdebconfclient0 (= 0.251),
 libdebhelper-perl (= 12.9),
 libdpkg-perl (= 1.19.7),
 libedit2 (= 3.1-20191231-1),
 libelf1 (= 0.176-1.1),
 libexpat1 (= 2.2.9-1),
 libfdisk1 (= 2.34-0.1),
 libffi7 (= 3.3-3),
 libfile-share-perl (= 0.25-1),
 libfile-sharedir-perl (= 1.116-2),
 libfile-slurp-perl (= 9999.29-1),
 libfile-stripnondeterminism-perl (= 1.6.3-2),
 libfontconfig1 (= 2.13.1-2+b1),
 libfreetype6 (= 2.10.1-2),
 libgc1c2 (= 1:7.6.4-0.4),
 libgcc-9-dev (= 9.2.1-29),
 libgcc-s1 (= 10-20200222-1),
 libgcc1 (= 1:10-20200222-1),
 libgcrypt20 (= 1.8.5-5),
 libgdbm-compat4 (= 1.18.1-5),
 libgdbm6 (= 1.18.1-5),
 libglib2.0-0 (= 2.62.4-2),
 libgmp10 (= 2:6.2.0+dfsg-4),
 libgomp1 (= 10-20200222-1),
 libgpg-error0 (= 1.37-1),
 libgraphite2-3 (= 1.3.13-11),
 libharfbuzz-icu0 (= 2.6.4-1),
 libharfbuzz0b (= 2.6.4-1),
 libice6 (= 2:1.0.9-2),
 libicu63 (= 63.2-2),
 libisl22 (= 0.22.1-1),
 libitm1 (= 10-20200222-1),
 libjpeg62-turbo (= 1:1.5.2-2+b1),
 libjson-perl (= 4.02000-2),
 libkpathsea6 (= 2019.20190605.51237-3),
 libllvm10 (= 1:10.0.0~+rc2-1),
 liblsan0 (= 10-20200222-1),
 liblz4-1 (= 1.9.2-2),
 liblzma5 (= 5.2.4-1+b1),
 libmagic-mgc (= 1:5.38-4),
 libmagic1 (= 1:5.38-4),
 libmount1 (= 2.34-0.1),
 libmpc3 (= 1.1.0-1),
 libmpfr6 (= 4.0.2-1),
 libncursesw6 (= 6.1+20191019-1),
 libobjc-9-dev (= 9.2.1-29),
 libobjc4 (= 10-20200222-1),
 libpam-modules (= 1.3.1-5),
 libpam-modules-bin (= 1.3.1-5),
 libpam-runtime (= 1.3.1-5),
 libpam0g (= 1.3.1-5),
 libpaper-utils (= 1.1.28+b1),
 libpaper1 (= 1.1.28+b1),
 libpcre2-8-0 (= 10.34-7),
 libpcre3 (= 2:8.39-12+b1),
 libpdf-create-perl (= 1.46-1),
 libperl5.30 (= 5.30.0-9),
 libpipeline1 (= 1.5.2-2),
 libpixman-1-0 (= 0.36.0-1),
 libpng16-16 (= 1.6.37-2),
 libpostscript-file-perl (= 2.23+dfsg-1),
 libptexenc1 (= 2019.20190605.51237-3),
 libquadmath0 (= 10-20200222-1),
 libseccomp2 (= 2.4.2-2),
 libselinux1 (= 3.0-1+b1),
 libsigsegv2 (= 2.12-2),
 libsm6 (= 2:1.2.3-1),
 libsmartcols1 (= 2.34-0.1),
 libstdc++-9-dev (= 9.2.1-29),
 libstdc++6 (= 10-20200222-1),
 libsub-override-perl (= 0.09-2),
 libsynctex2 (= 2019.20190605.51237-3),
 libsystemd0 (= 244.3-1),
 libteckit0 (= 2.5.8+ds2-5),
 libtexlua53 (= 2019.20190605.51237-3),
 libtexluajit2 (= 2019.20190605.51237-3),
 libtinfo6 (= 6.1+20191019-1),
 libtool (= 2.4.6-13),
 libtsan0 (= 10-20200222-1),
 libubsan1 (= 10-20200222-1),
 libuchardet0 (= 0.0.6-3),
 libudev1 (= 244.3-1),
 libunistring2 (= 0.9.10-2),
 libuuid1 (= 2.34-0.1),
 libx11-6 (= 2:1.6.8-1),
 libx11-data (= 2:1.6.8-1),
 libxau6 (= 1:1.0.8-1+b2),
 libxaw7 (= 2:1.0.13-1+b2),
 libxcb-render0 (= 1.13.1-5),
 libxcb-shm0 (= 1.13.1-5),
 libxcb1 (= 1.13.1-5),
 libxdmcp6 (= 1:1.1.2-3),
 libxext6 (= 2:1.3.3-1+b2),
 libxft2 (= 2.3.2-2),
 libxi6 (= 2:1.7.9-1),
 libxml2 (= 2.9.10+dfsg-3),
 libxmu6 (= 2:1.1.2-2+b3),
 libxpm4 (= 1:3.5.12-1),
 libxrender1 (= 1:0.9.10-1),
 libxt6 (= 1:1.1.5-1+b3),
 libz3-4 (= 4.8.7-4),
 libzzip-0-13 (= 0.13.62-3.2),
 linux-libc-dev (= 5.4.19-1),
 login (= 1:4.8.1-1),
 lsb-base (= 11.1.0),
 m4 (= 1.4.18-4),
 make (= 4.2.1-1.2),
 man-db (= 2.9.0-2),
 mawk (= 1.3.4.20200120-2),
 ncurses-base (= 6.1+20191019-1),
 ncurses-bin (= 6.1+20191019-1),
 patch (= 2.7.6-6),
 perl (= 5.30.0-9),
 perl-base (= 5.30.0-9),
 perl-modules-5.30 (= 5.30.0-9),
 perl-tk (= 1:804.033-2+b4),
 po-debconf (= 1.0.21),
 sed (= 4.7-1),
 sensible-utils (= 0.0.12+nmu1),
 sysvinit-utils (= 2.96-2.1),
 t1utils (= 1.41-3),
 tar (= 1.30+dfsg-6+b1),
 tex-common (= 6.13),
 texlive-base (= 2019.20200218-1),
 texlive-binaries (= 2019.20190605.51237-3),
 texlive-plain-generic (= 2019.202000218-1),
 ucf (= 3.0038+nmu1),
 util-linux (= 2.34-0.1),
 x11-common (= 1:7.7+20),
 xdg-utils (= 1.1.3-1),
 xz-utils (= 5.2.4-1+b1),
 zlib1g (= 1:1.2.11.dfsg-2)
Environment:
 DEB_BUILD_OPTIONS="parallel=4"
 LANG="C.UTF-8"
 LC_ALL="C.UTF-8"
 SOURCE_DATE_EPOCH="1572219891"


+------------------------------------------------------------------------------+
| Package contents                                                             |
+------------------------------------------------------------------------------+


sgf2dg-dbgsym_4.252-1_amd64.deb
-------------------------------

 new Debian package, version 2.0.
 size 5960 bytes: control archive=512 bytes.
     330 bytes,    12 lines      control              
     106 bytes,     1 lines      md5sums              
 Package: sgf2dg-dbgsym
 Source: sgf2dg
 Version: 4.252-1
 Auto-Built-Package: debug-symbols
 Architecture: amd64
 Maintainer: Vincent Danjean <vdanjean@debian.org>
 Installed-Size: 20
 Depends: sgf2dg (= 4.252-1)
 Section: debug
 Priority: optional
 Description: debug symbols for sgf2dg
 Build-Ids: 8476f5b3c64833ad7b64f069fdfce2a31256009d

drwxr-xr-x root/root         0 2019-10-27 23:44 ./
drwxr-xr-x root/root         0 2019-10-27 23:44 ./usr/
drwxr-xr-x root/root         0 2019-10-27 23:44 ./usr/lib/
drwxr-xr-x root/root         0 2019-10-27 23:44 ./usr/lib/debug/
drwxr-xr-x root/root         0 2019-10-27 23:44 ./usr/lib/debug/.build-id/
drwxr-xr-x root/root         0 2019-10-27 23:44 ./usr/lib/debug/.build-id/84/
-rw-r--r-- root/root      9672 2019-10-27 23:44 ./usr/lib/debug/.build-id/84/76f5b3c64833ad7b64f069fdfce2a31256009d.debug
drwxr-xr-x root/root         0 2019-10-27 23:44 ./usr/share/
drwxr-xr-x root/root         0 2019-10-27 23:44 ./usr/share/doc/
lrwxrwxrwx root/root         0 2019-10-27 23:44 ./usr/share/doc/sgf2dg-dbgsym -> sgf2dg


sgf2dg_4.252-1_amd64.deb
------------------------

 new Debian package, version 2.0.
 size 172100 bytes: control archive=2496 bytes.
     860 bytes,    22 lines      control              
    5448 bytes,    69 lines      md5sums              
 Package: sgf2dg
 Version: 4.252-1
 Architecture: amd64
 Maintainer: Vincent Danjean <vdanjean@debian.org>
 Installed-Size: 622
 Depends: libc6 (>= 2.4), perl:any
 Recommends: libpdf-create-perl, libpostscript-file-perl
 Breaks: sgf2tex (<< 4.00)
 Replaces: sgf2tex (<< 4.00)
 Section: tex
 Priority: optional
 Homepage: http://match.stanford.edu/bump/sgf2tex.html
 Description: Converts Smart Go Format (SGF) files to Go diagrams
  Go is a board game from Eastern Asia and TeX is a program for
  typesetting.  sgf2dg converts Go game records in smart-go format (SGF)
  into TeX files.  You can produce camera-ready copies for books or
  magazines, or simply generate attractive printouts of your (internet)
  Go games.
  .
  sgf2dg includes the Metafont sources for a new set of Go fonts, and a
  script, sgf2dg (formerly sgf2tex), which translates files in sgf-format
  into TeX.

drwxr-xr-x root/root         0 2019-10-27 23:44 ./
drwxr-xr-x root/root         0 2019-10-27 23:44 ./usr/
drwxr-xr-x root/root         0 2019-10-27 23:44 ./usr/bin/
-rwxr-xr-x root/root      1214 2019-10-27 23:44 ./usr/bin/sgf2dg
-rwxr-xr-x root/root     14328 2019-10-27 23:44 ./usr/bin/sgfsplit
drwxr-xr-x root/root         0 2019-10-27 23:44 ./usr/share/
drwxr-xr-x root/root         0 2019-10-27 23:44 ./usr/share/doc/
drwxr-xr-x root/root         0 2019-10-27 23:44 ./usr/share/doc/sgf2dg/
-rw-r--r-- root/root       629 2019-10-27 23:44 ./usr/share/doc/sgf2dg/README.Debian
-rw-r--r-- root/root      2483 2013-10-08 04:24 ./usr/share/doc/sgf2dg/README.gz
-rw-r--r-- root/root      3451 2013-10-08 04:24 ./usr/share/doc/sgf2dg/UPGRADE
lrwxrwxrwx root/root         0 2019-10-27 23:44 ./usr/share/doc/sgf2dg/changelog-sgf2tex.Debian.gz -> changelog.gz
-rw-r--r-- root/root      1160 2019-10-27 23:44 ./usr/share/doc/sgf2dg/changelog.Debian.gz
-rw-r--r-- root/root       579 2019-10-27 23:44 ./usr/share/doc/sgf2dg/changelog.gz
-rw-r--r-- root/root      1529 2019-10-27 23:44 ./usr/share/doc/sgf2dg/copyright
-rw-r--r-- root/root     33203 2019-10-27 23:44 ./usr/share/doc/sgf2dg/manual.dvi.gz
drwxr-xr-x root/root         0 2019-10-27 23:44 ./usr/share/man/
drwxr-xr-x root/root         0 2019-10-27 23:44 ./usr/share/man/man1/
-rw-r--r-- root/root      1348 2019-10-27 23:44 ./usr/share/man/man1/sgf2dg.1p.gz
-rw-r--r-- root/root      1980 2019-10-27 23:44 ./usr/share/man/man1/sgfsplit.1p.gz
drwxr-xr-x root/root         0 2019-10-27 23:44 ./usr/share/man/man3/
-rw-r--r-- root/root      5320 2019-10-27 23:44 ./usr/share/man/man3/Games::Go::Sgf2Dg.3pm.gz
-rw-r--r-- root/root      3408 2019-10-27 23:44 ./usr/share/man/man3/Games::Go::Sgf2Dg::Dg2ASCII.3pm.gz
-rw-r--r-- root/root      4154 2019-10-27 23:44 ./usr/share/man/man3/Games::Go::Sgf2Dg::Dg2Mp.3pm.gz
-rw-r--r-- root/root      4335 2019-10-27 23:44 ./usr/share/man/man3/Games::Go::Sgf2Dg::Dg2PDF.3pm.gz
-rw-r--r-- root/root      3979 2019-10-27 23:44 ./usr/share/man/man3/Games::Go::Sgf2Dg::Dg2Ps.3pm.gz
-rw-r--r-- root/root      4428 2019-10-27 23:44 ./usr/share/man/man3/Games::Go::Sgf2Dg::Dg2SL.3pm.gz
-rw-r--r-- root/root      4070 2019-10-27 23:44 ./usr/share/man/man3/Games::Go::Sgf2Dg::Dg2TeX.3pm.gz
-rw-r--r-- root/root      3353 2019-10-27 23:44 ./usr/share/man/man3/Games::Go::Sgf2Dg::Dg2Tk.3pm.gz
-rw-r--r-- root/root      1967 2019-10-27 23:44 ./usr/share/man/man3/Games::Go::Sgf2Dg::Dg2TkPs.3pm.gz
-rw-r--r-- root/root     10500 2019-10-27 23:44 ./usr/share/man/man3/Games::Go::Sgf2Dg::Diagram.3pm.gz
drwxr-xr-x root/root         0 2019-10-27 23:44 ./usr/share/perl5/
drwxr-xr-x root/root         0 2019-10-27 23:44 ./usr/share/perl5/Games/
drwxr-xr-x root/root         0 2019-10-27 23:44 ./usr/share/perl5/Games/Go/
-rw-r--r-- root/root     66077 2013-10-08 04:24 ./usr/share/perl5/Games/Go/Sgf2Dg.pm
drwxr-xr-x root/root         0 2019-10-27 23:44 ./usr/share/perl5/Games/Go/Sgf2Dg/
-rw-r--r-- root/root     20380 2019-10-27 23:44 ./usr/share/perl5/Games/Go/Sgf2Dg/Dg2ASCII.pm
-rw-r--r-- root/root     33581 2013-10-08 04:24 ./usr/share/perl5/Games/Go/Sgf2Dg/Dg2Mp.pm
-rw-r--r-- root/root     54076 2019-10-27 23:44 ./usr/share/perl5/Games/Go/Sgf2Dg/Dg2PDF.pm
-rw-r--r-- root/root     46381 2019-10-27 23:44 ./usr/share/perl5/Games/Go/Sgf2Dg/Dg2Ps.pm
-rw-r--r-- root/root     28304 2013-10-08 04:24 ./usr/share/perl5/Games/Go/Sgf2Dg/Dg2SL.pm
-rw-r--r-- root/root     35305 2019-10-27 23:44 ./usr/share/perl5/Games/Go/Sgf2Dg/Dg2TeX.pm
-rw-r--r-- root/root     29982 2019-10-27 23:44 ./usr/share/perl5/Games/Go/Sgf2Dg/Dg2Tk.pm
-rw-r--r-- root/root      5942 2019-10-27 23:44 ./usr/share/perl5/Games/Go/Sgf2Dg/Dg2TkPs.pm
-rw-r--r-- root/root     49714 2019-10-27 23:44 ./usr/share/perl5/Games/Go/Sgf2Dg/Diagram.pm
drwxr-xr-x root/root         0 2019-10-27 23:44 ./usr/share/texmf/
drwxr-xr-x root/root         0 2019-10-27 23:44 ./usr/share/texmf/fonts/
drwxr-xr-x root/root         0 2019-10-27 23:44 ./usr/share/texmf/fonts/source/
drwxr-xr-x root/root         0 2019-10-27 23:44 ./usr/share/texmf/fonts/source/public/
drwxr-xr-x root/root         0 2019-10-27 23:44 ./usr/share/texmf/fonts/source/public/GOOE/
-rw-r--r-- root/root      1995 2019-10-27 23:44 ./usr/share/texmf/fonts/source/public/GOOE/bodd.mf
-rw-r--r-- root/root      4073 2019-10-27 23:44 ./usr/share/texmf/fonts/source/public/GOOE/gobas.mf
-rw-r--r-- root/root       401 2019-10-27 23:44 ./usr/share/texmf/fonts/source/public/GOOE/gobl.mf
-rw-r--r-- root/root       149 2019-10-27 23:44 ./usr/share/texmf/fonts/source/public/GOOE/goea.mf
-rw-r--r-- root/root       185 2019-10-27 23:44 ./usr/share/texmf/fonts/source/public/GOOE/goeb.mf
-rw-r--r-- root/root       185 2019-10-27 23:44 ./usr/share/texmf/fonts/source/public/GOOE/goec.mf
-rw-r--r-- root/root       187 2019-10-27 23:44 ./usr/share/texmf/fonts/source/public/GOOE/goed.mf
-rw-r--r-- root/root       149 2019-10-27 23:44 ./usr/share/texmf/fonts/source/public/GOOE/gooa.mf
-rw-r--r-- root/root       185 2019-10-27 23:44 ./usr/share/texmf/fonts/source/public/GOOE/goob.mf
-rw-r--r-- root/root       185 2019-10-27 23:44 ./usr/share/texmf/fonts/source/public/GOOE/gooc.mf
-rw-r--r-- root/root       187 2019-10-27 23:44 ./usr/share/texmf/fonts/source/public/GOOE/good.mf
-rw-r--r-- root/root      9447 2019-10-27 23:44 ./usr/share/texmf/fonts/source/public/GOOE/gooegb.mf
-rw-r--r-- root/root      3137 2019-10-27 23:44 ./usr/share/texmf/fonts/source/public/GOOE/gooemt.mf
-rw-r--r-- root/root       397 2019-10-27 23:44 ./usr/share/texmf/fonts/source/public/GOOE/gowl.mf
-rw-r--r-- root/root      2670 2019-10-27 23:44 ./usr/share/texmf/fonts/source/public/GOOE/goxa.mf
-rw-r--r-- root/root      4040 2019-10-27 23:44 ./usr/share/texmf/fonts/source/public/GOOE/goxb.mf
-rw-r--r-- root/root       595 2019-10-27 23:44 ./usr/share/texmf/fonts/source/public/GOOE/goxl.mf
-rw-r--r-- root/root     22128 2019-10-27 23:44 ./usr/share/texmf/fonts/source/public/GOOE/itallg.mf
-rw-r--r-- root/root      1581 2019-10-27 23:44 ./usr/share/texmf/fonts/source/public/GOOE/paramsa.mf
-rw-r--r-- root/root      5126 2019-10-27 23:44 ./usr/share/texmf/fonts/source/public/GOOE/paramsb.mf
-rw-r--r-- root/root      4155 2019-10-27 23:44 ./usr/share/texmf/fonts/source/public/GOOE/paramsbl.mf
-rw-r--r-- root/root      4208 2019-10-27 23:44 ./usr/share/texmf/fonts/source/public/GOOE/paramsc.mf
-rw-r--r-- root/root     15351 2019-10-27 23:44 ./usr/share/texmf/fonts/source/public/GOOE/romandg.mf
-rw-r--r-- root/root      1981 2019-10-27 23:44 ./usr/share/texmf/fonts/source/public/GOOE/wodd.mf
drwxr-xr-x root/root         0 2019-10-27 23:44 ./usr/share/texmf/fonts/tfm/
drwxr-xr-x root/root         0 2019-10-27 23:44 ./usr/share/texmf/fonts/tfm/public/
drwxr-xr-x root/root         0 2019-10-27 23:44 ./usr/share/texmf/fonts/tfm/public/GOOE/
-rw-r--r-- root/root       740 2019-10-27 23:44 ./usr/share/texmf/fonts/tfm/public/GOOE/gobl.tfm
-rw-r--r-- root/root       520 2019-10-27 23:44 ./usr/share/texmf/fonts/tfm/public/GOOE/goea.tfm
-rw-r--r-- root/root       520 2019-10-27 23:44 ./usr/share/texmf/fonts/tfm/public/GOOE/goeb.tfm
-rw-r--r-- root/root       520 2019-10-27 23:44 ./usr/share/texmf/fonts/tfm/public/GOOE/goec.tfm
-rw-r--r-- root/root       520 2019-10-27 23:44 ./usr/share/texmf/fonts/tfm/public/GOOE/goed.tfm
-rw-r--r-- root/root       520 2019-10-27 23:44 ./usr/share/texmf/fonts/tfm/public/GOOE/gooa.tfm
-rw-r--r-- root/root       520 2019-10-27 23:44 ./usr/share/texmf/fonts/tfm/public/GOOE/goob.tfm
-rw-r--r-- root/root       520 2019-10-27 23:44 ./usr/share/texmf/fonts/tfm/public/GOOE/gooc.tfm
-rw-r--r-- root/root       520 2019-10-27 23:44 ./usr/share/texmf/fonts/tfm/public/GOOE/good.tfm
-rw-r--r-- root/root       472 2019-10-27 23:44 ./usr/share/texmf/fonts/tfm/public/GOOE/gooegb.tfm
-rw-r--r-- root/root       336 2019-10-27 23:44 ./usr/share/texmf/fonts/tfm/public/GOOE/gooemt.tfm
-rw-r--r-- root/root       740 2019-10-27 23:44 ./usr/share/texmf/fonts/tfm/public/GOOE/gowl.tfm
drwxr-xr-x root/root         0 2019-10-27 23:44 ./usr/share/texmf/tex/
drwxr-xr-x root/root         0 2019-10-27 23:44 ./usr/share/texmf/tex/GOOE/
-rw-r--r-- root/root      6120 2019-10-27 23:44 ./usr/share/texmf/tex/GOOE/gooemacs.tex
-rw-r--r-- root/root      2892 2019-10-27 23:44 ./usr/share/texmf/tex/GOOE/gotcmacs.tex


+------------------------------------------------------------------------------+
| Post Build                                                                   |
+------------------------------------------------------------------------------+


+------------------------------------------------------------------------------+
| Cleanup                                                                      |
+------------------------------------------------------------------------------+

Purging /<<BUILDDIR>>
Not cleaning session: cloned chroot in use

+------------------------------------------------------------------------------+
| Summary                                                                      |
+------------------------------------------------------------------------------+

Build Architecture: amd64
Build Type: binary
Build-Space: 4720
Build-Time: 6
Distribution: unstable
Host Architecture: amd64
Install-Time: 17
Job: sgf2dg_4.252-1
Machine Architecture: amd64
Package: sgf2dg
Package-Time: 40
Source-Version: 4.252-1
Space: 4720
Status: successful
Version: 4.252-1
--------------------------------------------------------------------------------
Finished at 2020-02-25T05:54:09Z
Build needed 00:00:40, 4720k disk space
DC-Status: OK 41.521039482s
