DC-Build-Header: socket-wrapper 1.2.3-1 / 2020-02-25 05:47:30 +0000
DC-Task: type:rebuild-binarch-only source:socket-wrapper version:1.2.3-1 chroot:unstable esttime:61 logfile:/tmp/socket-wrapper_1.2.3-1_unstable_clang10.log modes:clang10:binarch-only
DC-Sbuild-call: su user42 -c 'sbuild -n --arch-any --apt-update -d unstable -v --no-run-lintian --chroot-setup-commands=/tmp/clang10 socket-wrapper_1.2.3-1'
sbuild (Debian sbuild) 0.78.1 (09 February 2019) on ip-172-31-12-161.eu-central-1.compute.internal

+==============================================================================+
| socket-wrapper 1.2.3-1 (amd64)               Tue, 25 Feb 2020 05:47:31 +0000 |
+==============================================================================+

Package: socket-wrapper
Version: 1.2.3-1
Source Version: 1.2.3-1
Distribution: unstable
Machine Architecture: amd64
Host Architecture: amd64
Build Architecture: amd64
Build Type: binary

I: NOTICE: Log filtering will replace 'var/run/schroot/mount/sid-amd64-sbuild-81b75462-cdbd-4cb3-9314-4c2f59d66979' with '<<CHROOT>>'

+------------------------------------------------------------------------------+
| Chroot Setup Commands                                                        |
+------------------------------------------------------------------------------+


/tmp/clang10
------------

+ echo 'Entering customization script...'
Entering customization script...
+ CLANG_VERSION=10
+ echo 'Install of clang-10'
Install of clang-10
+ apt-get update
Get:1 http://127.0.0.1:12990/debian sid InRelease [142 kB]
Get:2 http://127.0.0.1:12990/debian sid/main Sources.diff/Index [27.9 kB]
Get:3 http://127.0.0.1:12990/debian sid/main amd64 Packages.diff/Index [27.9 kB]
Get:4 http://127.0.0.1:12990/debian sid/main Sources 2020-02-24-0823.32.pdiff [11.0 kB]
Get:5 http://127.0.0.1:12990/debian sid/main Sources 2020-02-24-1420.34.pdiff [30.2 kB]
Get:6 http://127.0.0.1:12990/debian sid/main Sources 2020-02-24-2014.03.pdiff [16.9 kB]
Get:7 http://127.0.0.1:12990/debian sid/main Sources 2020-02-25-0213.11.pdiff [23.2 kB]
Get:8 http://127.0.0.1:12990/debian sid/main amd64 Packages 2020-02-24-0823.32.pdiff [15.5 kB]
Get:9 http://127.0.0.1:12990/debian sid/main amd64 Packages 2020-02-24-1420.34.pdiff [27.5 kB]
Get:10 http://127.0.0.1:12990/debian sid/main amd64 Packages 2020-02-24-2014.03.pdiff [21.6 kB]
Get:11 http://127.0.0.1:12990/debian sid/main amd64 Packages 2020-02-25-0213.11.pdiff [35.0 kB]
Get:7 http://127.0.0.1:12990/debian sid/main Sources 2020-02-25-0213.11.pdiff [23.2 kB]
Get:11 http://127.0.0.1:12990/debian sid/main amd64 Packages 2020-02-25-0213.11.pdiff [35.0 kB]
Get:12 http://127.0.0.1:12990/debian sid/main Translation-en [6193 kB]
Fetched 6572 kB in 8s (839 kB/s)
Reading package lists...
+ apt-get install --yes --no-install-recommends --force-yes clang-10 libomp-10-dev libobjc-9-dev
Reading package lists...
Building dependency tree...
The following additional packages will be installed:
  lib32gcc-s1 lib32gcc1 lib32stdc++6 libbsd0 libc6-i386 libclang-common-10-dev
  libclang-cpp10 libclang1-10 libedit2 libgc1c2 libllvm10 libobjc4 libomp5-10
  libz3-4
Suggested packages:
  clang-10-doc libomp-10-doc
Recommended packages:
  llvm-10-dev python3
The following NEW packages will be installed:
  clang-10 lib32gcc-s1 lib32gcc1 lib32stdc++6 libbsd0 libc6-i386
  libclang-common-10-dev libclang-cpp10 libclang1-10 libedit2 libgc1c2
  libllvm10 libobjc-9-dev libobjc4 libomp-10-dev libomp5-10 libz3-4
0 upgraded, 17 newly installed, 0 to remove and 2 not upgraded.
Need to get 46.4 MB of archives.
After this operation, 238 MB of additional disk space will be used.
Get:1 http://127.0.0.1:12990/debian sid/main amd64 libbsd0 amd64 0.10.0-1 [107 kB]
Get:2 http://127.0.0.1:12990/debian sid/main amd64 libedit2 amd64 3.1-20191231-1 [95.4 kB]
Get:3 http://127.0.0.1:12990/debian sid/main amd64 libz3-4 amd64 4.8.7-4 [6790 kB]
Get:4 http://127.0.0.1:12990/debian sid/main amd64 libllvm10 amd64 1:10.0.0~+rc2-1 [15.5 MB]
Get:5 http://127.0.0.1:12990/debian sid/main amd64 libclang-cpp10 amd64 1:10.0.0~+rc2-1 [9069 kB]
Get:6 http://127.0.0.1:12990/debian sid/main amd64 libgc1c2 amd64 1:7.6.4-0.4 [224 kB]
Get:7 http://127.0.0.1:12990/debian sid/main amd64 libobjc4 amd64 10-20200222-1 [41.6 kB]
Get:8 http://127.0.0.1:12990/debian sid/main amd64 libobjc-9-dev amd64 9.2.1-29 [219 kB]
Get:9 http://127.0.0.1:12990/debian sid/main amd64 libc6-i386 amd64 2.29-10 [2918 kB]
Get:10 http://127.0.0.1:12990/debian sid/main amd64 lib32gcc-s1 amd64 10-20200222-1 [49.4 kB]
Get:11 http://127.0.0.1:12990/debian sid/main amd64 lib32gcc1 amd64 1:10-20200222-1 [1104 B]
Get:12 http://127.0.0.1:12990/debian sid/main amd64 lib32stdc++6 amd64 10-20200222-1 [510 kB]
Get:13 http://127.0.0.1:12990/debian sid/main amd64 libclang-common-10-dev amd64 1:10.0.0~+rc2-1 [2782 kB]
Get:14 http://127.0.0.1:12990/debian sid/main amd64 libclang1-10 amd64 1:10.0.0~+rc2-1 [7607 kB]
Get:15 http://127.0.0.1:12990/debian sid/main amd64 clang-10 amd64 1:10.0.0~+rc2-1 [103 kB]
Get:16 http://127.0.0.1:12990/debian sid/main amd64 libomp5-10 amd64 1:10.0.0~+rc2-1 [337 kB]
Get:17 http://127.0.0.1:12990/debian sid/main amd64 libomp-10-dev amd64 1:10.0.0~+rc2-1 [84.3 kB]
debconf: delaying package configuration, since apt-utils is not installed
Fetched 46.4 MB in 2s (23.3 MB/s)
Selecting previously unselected package libbsd0:amd64.
(Reading database ... (Reading database ... 5%(Reading database ... 10%(Reading database ... 15%(Reading database ... 20%(Reading database ... 25%(Reading database ... 30%(Reading database ... 35%(Reading database ... 40%(Reading database ... 45%(Reading database ... 50%(Reading database ... 55%(Reading database ... 60%(Reading database ... 65%(Reading database ... 70%(Reading database ... 75%(Reading database ... 80%(Reading database ... 85%(Reading database ... 90%(Reading database ... 95%(Reading database ... 100%(Reading database ... 12119 files and directories currently installed.)
Preparing to unpack .../00-libbsd0_0.10.0-1_amd64.deb ...
Unpacking libbsd0:amd64 (0.10.0-1) ...
Selecting previously unselected package libedit2:amd64.
Preparing to unpack .../01-libedit2_3.1-20191231-1_amd64.deb ...
Unpacking libedit2:amd64 (3.1-20191231-1) ...
Selecting previously unselected package libz3-4:amd64.
Preparing to unpack .../02-libz3-4_4.8.7-4_amd64.deb ...
Unpacking libz3-4:amd64 (4.8.7-4) ...
Selecting previously unselected package libllvm10:amd64.
Preparing to unpack .../03-libllvm10_1%3a10.0.0~+rc2-1_amd64.deb ...
Unpacking libllvm10:amd64 (1:10.0.0~+rc2-1) ...
Selecting previously unselected package libclang-cpp10.
Preparing to unpack .../04-libclang-cpp10_1%3a10.0.0~+rc2-1_amd64.deb ...
Unpacking libclang-cpp10 (1:10.0.0~+rc2-1) ...
Selecting previously unselected package libgc1c2:amd64.
Preparing to unpack .../05-libgc1c2_1%3a7.6.4-0.4_amd64.deb ...
Unpacking libgc1c2:amd64 (1:7.6.4-0.4) ...
Selecting previously unselected package libobjc4:amd64.
Preparing to unpack .../06-libobjc4_10-20200222-1_amd64.deb ...
Unpacking libobjc4:amd64 (10-20200222-1) ...
Selecting previously unselected package libobjc-9-dev:amd64.
Preparing to unpack .../07-libobjc-9-dev_9.2.1-29_amd64.deb ...
Unpacking libobjc-9-dev:amd64 (9.2.1-29) ...
Selecting previously unselected package libc6-i386.
Preparing to unpack .../08-libc6-i386_2.29-10_amd64.deb ...
Unpacking libc6-i386 (2.29-10) ...
Selecting previously unselected package lib32gcc-s1.
Preparing to unpack .../09-lib32gcc-s1_10-20200222-1_amd64.deb ...
Unpacking lib32gcc-s1 (10-20200222-1) ...
Selecting previously unselected package lib32gcc1.
Preparing to unpack .../10-lib32gcc1_1%3a10-20200222-1_amd64.deb ...
Unpacking lib32gcc1 (1:10-20200222-1) ...
Selecting previously unselected package lib32stdc++6.
Preparing to unpack .../11-lib32stdc++6_10-20200222-1_amd64.deb ...
Unpacking lib32stdc++6 (10-20200222-1) ...
Selecting previously unselected package libclang-common-10-dev.
Preparing to unpack .../12-libclang-common-10-dev_1%3a10.0.0~+rc2-1_amd64.deb ...
Unpacking libclang-common-10-dev (1:10.0.0~+rc2-1) ...
Selecting previously unselected package libclang1-10.
Preparing to unpack .../13-libclang1-10_1%3a10.0.0~+rc2-1_amd64.deb ...
Unpacking libclang1-10 (1:10.0.0~+rc2-1) ...
Selecting previously unselected package clang-10.
Preparing to unpack .../14-clang-10_1%3a10.0.0~+rc2-1_amd64.deb ...
Unpacking clang-10 (1:10.0.0~+rc2-1) ...
Selecting previously unselected package libomp5-10:amd64.
Preparing to unpack .../15-libomp5-10_1%3a10.0.0~+rc2-1_amd64.deb ...
Unpacking libomp5-10:amd64 (1:10.0.0~+rc2-1) ...
Selecting previously unselected package libomp-10-dev.
Preparing to unpack .../16-libomp-10-dev_1%3a10.0.0~+rc2-1_amd64.deb ...
Unpacking libomp-10-dev (1:10.0.0~+rc2-1) ...
Setting up libgc1c2:amd64 (1:7.6.4-0.4) ...
Setting up libobjc4:amd64 (10-20200222-1) ...
Setting up libz3-4:amd64 (4.8.7-4) ...
Setting up libobjc-9-dev:amd64 (9.2.1-29) ...
Setting up libomp5-10:amd64 (1:10.0.0~+rc2-1) ...
Setting up libc6-i386 (2.29-10) ...
Setting up libbsd0:amd64 (0.10.0-1) ...
Setting up libomp-10-dev (1:10.0.0~+rc2-1) ...
Setting up libedit2:amd64 (3.1-20191231-1) ...
Setting up libllvm10:amd64 (1:10.0.0~+rc2-1) ...
Setting up lib32gcc-s1 (10-20200222-1) ...
Setting up libclang1-10 (1:10.0.0~+rc2-1) ...
Setting up lib32gcc1 (1:10-20200222-1) ...
Setting up libclang-cpp10 (1:10.0.0~+rc2-1) ...
Setting up lib32stdc++6 (10-20200222-1) ...
Setting up libclang-common-10-dev (1:10.0.0~+rc2-1) ...
Setting up clang-10 (1:10.0.0~+rc2-1) ...
Processing triggers for libc-bin (2.29-10) ...
W: --force-yes is deprecated, use one of the options starting with --allow instead.
+ echo 'Replace gcc, g++ & cpp by clang'
Replace gcc, g++ & cpp by clang
+ VERSIONS='4.6 4.7 4.8 4.9 5 6 7 8 9 10'
+ cd /usr/bin
+ for VERSION in $VERSIONS
+ rm -f g++-4.6 gcc-4.6 cpp-4.6 gcc
+ ln -s clang++-10 g++-4.6
+ ln -s clang-10 gcc-4.6
+ ln -s clang-10 cpp-4.6
+ ln -s clang-10 gcc
+ dpkg --set-selections
+ echo 'gcc-4.6 hold'
dpkg: warning: package not in status nor available database at line 1: gcc-4.6
dpkg: warning: found unknown packages; this might mean the available database
is outdated, and needs to be updated through a frontend method;
please see the FAQ <https://wiki.debian.org/Teams/Dpkg/FAQ>
+ dpkg --set-selections
+ echo 'g++-4.6 hold'
dpkg: warning: package not in status nor available database at line 1: g++-4.6
dpkg: warning: found unknown packages; this might mean the available database
is outdated, and needs to be updated through a frontend method;
please see the FAQ <https://wiki.debian.org/Teams/Dpkg/FAQ>
+ for VERSION in $VERSIONS
+ rm -f g++-4.7 gcc-4.7 cpp-4.7 gcc
+ ln -s clang++-10 g++-4.7
+ ln -s clang-10 gcc-4.7
+ ln -s clang-10 cpp-4.7
+ ln -s clang-10 gcc
+ echo 'gcc-4.7 hold'
+ dpkg --set-selections
dpkg: warning: package not in status nor available database at line 1: gcc-4.7
dpkg: warning: found unknown packages; this might mean the available database
is outdated, and needs to be updated through a frontend method;
please see the FAQ <https://wiki.debian.org/Teams/Dpkg/FAQ>
+ echo 'g++-4.7 hold'
+ dpkg --set-selections
dpkg: warning: package not in status nor available database at line 1: g++-4.7
dpkg: warning: found unknown packages; this might mean the available database
is outdated, and needs to be updated through a frontend method;
please see the FAQ <https://wiki.debian.org/Teams/Dpkg/FAQ>
+ for VERSION in $VERSIONS
+ rm -f g++-4.8 gcc-4.8 cpp-4.8 gcc
+ ln -s clang++-10 g++-4.8
+ ln -s clang-10 gcc-4.8
+ ln -s clang-10 cpp-4.8
+ ln -s clang-10 gcc
+ dpkg --set-selections
+ echo 'gcc-4.8 hold'
dpkg: warning: package not in status nor available database at line 1: gcc-4.8
dpkg: warning: found unknown packages; this might mean the available database
is outdated, and needs to be updated through a frontend method;
please see the FAQ <https://wiki.debian.org/Teams/Dpkg/FAQ>
+ dpkg --set-selections
+ echo 'g++-4.8 hold'
dpkg: warning: package not in status nor available database at line 1: g++-4.8
dpkg: warning: found unknown packages; this might mean the available database
is outdated, and needs to be updated through a frontend method;
please see the FAQ <https://wiki.debian.org/Teams/Dpkg/FAQ>
+ for VERSION in $VERSIONS
+ rm -f g++-4.9 gcc-4.9 cpp-4.9 gcc
+ ln -s clang++-10 g++-4.9
+ ln -s clang-10 gcc-4.9
+ ln -s clang-10 cpp-4.9
+ ln -s clang-10 gcc
+ echo 'gcc-4.9 hold'
+ dpkg --set-selections
dpkg: warning: package not in status nor available database at line 1: gcc-4.9
dpkg: warning: found unknown packages; this might mean the available database
is outdated, and needs to be updated through a frontend method;
please see the FAQ <https://wiki.debian.org/Teams/Dpkg/FAQ>
+ dpkg --set-selections
+ echo 'g++-4.9 hold'
dpkg: warning: package not in status nor available database at line 1: g++-4.9
dpkg: warning: found unknown packages; this might mean the available database
is outdated, and needs to be updated through a frontend method;
please see the FAQ <https://wiki.debian.org/Teams/Dpkg/FAQ>
+ for VERSION in $VERSIONS
+ rm -f g++-5 gcc-5 cpp-5 gcc
+ ln -s clang++-10 g++-5
+ ln -s clang-10 gcc-5
+ ln -s clang-10 cpp-5
+ ln -s clang-10 gcc
+ echo 'gcc-5 hold'
+ dpkg --set-selections
dpkg: warning: package not in status nor available database at line 1: gcc-5
dpkg: warning: found unknown packages; this might mean the available database
is outdated, and needs to be updated through a frontend method;
please see the FAQ <https://wiki.debian.org/Teams/Dpkg/FAQ>
+ dpkg --set-selections
+ echo 'g++-5 hold'
dpkg: warning: package not in status nor available database at line 1: g++-5
dpkg: warning: found unknown packages; this might mean the available database
is outdated, and needs to be updated through a frontend method;
please see the FAQ <https://wiki.debian.org/Teams/Dpkg/FAQ>
+ for VERSION in $VERSIONS
+ rm -f g++-6 gcc-6 cpp-6 gcc
+ ln -s clang++-10 g++-6
+ ln -s clang-10 gcc-6
+ ln -s clang-10 cpp-6
+ ln -s clang-10 gcc
+ dpkg --set-selections
+ echo 'gcc-6 hold'
dpkg: warning: package not in status nor available database at line 1: gcc-6
dpkg: warning: found unknown packages; this might mean the available database
is outdated, and needs to be updated through a frontend method;
please see the FAQ <https://wiki.debian.org/Teams/Dpkg/FAQ>
+ echo 'g++-6 hold'
+ dpkg --set-selections
dpkg: warning: package not in status nor available database at line 1: g++-6
dpkg: warning: found unknown packages; this might mean the available database
is outdated, and needs to be updated through a frontend method;
please see the FAQ <https://wiki.debian.org/Teams/Dpkg/FAQ>
+ for VERSION in $VERSIONS
+ rm -f g++-7 gcc-7 cpp-7 gcc
+ ln -s clang++-10 g++-7
+ ln -s clang-10 gcc-7
+ ln -s clang-10 cpp-7
+ ln -s clang-10 gcc
+ echo 'gcc-7 hold'
+ dpkg --set-selections
dpkg: warning: package not in status nor available database at line 1: gcc-7
dpkg: warning: found unknown packages; this might mean the available database
is outdated, and needs to be updated through a frontend method;
please see the FAQ <https://wiki.debian.org/Teams/Dpkg/FAQ>
+ echo 'g++-7 hold'
+ dpkg --set-selections
dpkg: warning: package not in status nor available database at line 1: g++-7
dpkg: warning: found unknown packages; this might mean the available database
is outdated, and needs to be updated through a frontend method;
please see the FAQ <https://wiki.debian.org/Teams/Dpkg/FAQ>
+ for VERSION in $VERSIONS
+ rm -f g++-8 gcc-8 cpp-8 gcc
+ ln -s clang++-10 g++-8
+ ln -s clang-10 gcc-8
+ ln -s clang-10 cpp-8
+ ln -s clang-10 gcc
+ dpkg --set-selections
+ echo 'gcc-8 hold'
dpkg: warning: package not in status nor available database at line 1: gcc-8
dpkg: warning: found unknown packages; this might mean the available database
is outdated, and needs to be updated through a frontend method;
please see the FAQ <https://wiki.debian.org/Teams/Dpkg/FAQ>
+ dpkg --set-selections
+ echo 'g++-8 hold'
dpkg: warning: package not in status nor available database at line 1: g++-8
dpkg: warning: found unknown packages; this might mean the available database
is outdated, and needs to be updated through a frontend method;
please see the FAQ <https://wiki.debian.org/Teams/Dpkg/FAQ>
+ for VERSION in $VERSIONS
+ rm -f g++-9 gcc-9 cpp-9 gcc
+ ln -s clang++-10 g++-9
+ ln -s clang-10 gcc-9
+ ln -s clang-10 cpp-9
+ ln -s clang-10 gcc
+ dpkg --set-selections
+ echo 'gcc-9 hold'
+ dpkg --set-selections
+ echo 'g++-9 hold'
+ for VERSION in $VERSIONS
+ rm -f g++-10 gcc-10 cpp-10 gcc
+ ln -s clang++-10 g++-10
+ ln -s clang-10 gcc-10
+ ln -s clang-10 cpp-10
+ ln -s clang-10 gcc
+ echo 'gcc-10 hold'
+ dpkg --set-selections
dpkg: warning: package not in status nor available database at line 1: gcc-10
dpkg: warning: found unknown packages; this might mean the available database
is outdated, and needs to be updated through a frontend method;
please see the FAQ <https://wiki.debian.org/Teams/Dpkg/FAQ>
+ echo 'g++-10 hold'
+ dpkg --set-selections
dpkg: warning: package not in status nor available database at line 1: g++-10
dpkg: warning: found unknown packages; this might mean the available database
is outdated, and needs to be updated through a frontend method;
please see the FAQ <https://wiki.debian.org/Teams/Dpkg/FAQ>
+ cd -
/build/socket-wrapper-gXW02q
+ echo 'Check if gcc, g++ & cpp are actually clang'
Check if gcc, g++ & cpp are actually clang
+ gcc --version
+ grep clang
+ cpp --version
+ grep clang
+ g++ --version
+ grep clang

I: Finished running '/tmp/clang10'.

Finished processing commands.
--------------------------------------------------------------------------------
I: NOTICE: Log filtering will replace 'build/socket-wrapper-gXW02q/resolver-pWp05K' with '<<RESOLVERDIR>>'

+------------------------------------------------------------------------------+
| Update chroot                                                                |
+------------------------------------------------------------------------------+

Hit:1 http://127.0.0.1:12990/debian sid InRelease
Reading package lists...
Reading package lists...
Building dependency tree...
Reading state information...
Calculating upgrade...
The following packages will be upgraded:
  libgmp10 zlib1g
2 upgraded, 0 newly installed, 0 to remove and 0 not upgraded.
Need to get 343 kB of archives.
After this operation, 0 B of additional disk space will be used.
Get:1 http://127.0.0.1:12990/debian sid/main amd64 libgmp10 amd64 2:6.2.0+dfsg-4 [253 kB]
Get:2 http://127.0.0.1:12990/debian sid/main amd64 zlib1g amd64 1:1.2.11.dfsg-2 [90.4 kB]
debconf: delaying package configuration, since apt-utils is not installed
Fetched 343 kB in 0s (3275 kB/s)
(Reading database ... (Reading database ... 5%(Reading database ... 10%(Reading database ... 15%(Reading database ... 20%(Reading database ... 25%(Reading database ... 30%(Reading database ... 35%(Reading database ... 40%(Reading database ... 45%(Reading database ... 50%(Reading database ... 55%(Reading database ... 60%(Reading database ... 65%(Reading database ... 70%(Reading database ... 75%(Reading database ... 80%(Reading database ... 85%(Reading database ... 90%(Reading database ... 95%(Reading database ... 100%(Reading database ... 12960 files and directories currently installed.)
Preparing to unpack .../libgmp10_2%3a6.2.0+dfsg-4_amd64.deb ...
Unpacking libgmp10:amd64 (2:6.2.0+dfsg-4) over (2:6.2.0+dfsg-3) ...
Setting up libgmp10:amd64 (2:6.2.0+dfsg-4) ...
(Reading database ... (Reading database ... 5%(Reading database ... 10%(Reading database ... 15%(Reading database ... 20%(Reading database ... 25%(Reading database ... 30%(Reading database ... 35%(Reading database ... 40%(Reading database ... 45%(Reading database ... 50%(Reading database ... 55%(Reading database ... 60%(Reading database ... 65%(Reading database ... 70%(Reading database ... 75%(Reading database ... 80%(Reading database ... 85%(Reading database ... 90%(Reading database ... 95%(Reading database ... 100%(Reading database ... 12960 files and directories currently installed.)
Preparing to unpack .../zlib1g_1%3a1.2.11.dfsg-2_amd64.deb ...
Unpacking zlib1g:amd64 (1:1.2.11.dfsg-2) over (1:1.2.11.dfsg-1.2) ...
Setting up zlib1g:amd64 (1:1.2.11.dfsg-2) ...
Processing triggers for libc-bin (2.29-10) ...

+------------------------------------------------------------------------------+
| Fetch source files                                                           |
+------------------------------------------------------------------------------+


Check APT
---------

Checking available source versions...

Download source files with APT
------------------------------

Reading package lists...
Need to get 74.7 kB of source archives.
Get:1 http://127.0.0.1:12990/debian sid/main socket-wrapper 1.2.3-1 (dsc) [1988 B]
Get:2 http://127.0.0.1:12990/debian sid/main socket-wrapper 1.2.3-1 (tar) [67.5 kB]
Get:3 http://127.0.0.1:12990/debian sid/main socket-wrapper 1.2.3-1 (diff) [5232 B]
Fetched 74.7 kB in 0s (271 kB/s)
Download complete and in download only mode
I: NOTICE: Log filtering will replace 'build/socket-wrapper-gXW02q/socket-wrapper-1.2.3' with '<<PKGBUILDDIR>>'
I: NOTICE: Log filtering will replace 'build/socket-wrapper-gXW02q' with '<<BUILDDIR>>'

+------------------------------------------------------------------------------+
| Install package build dependencies                                           |
+------------------------------------------------------------------------------+


Setup apt archive
-----------------

Merged Build-Depends: debhelper (>= 11), dh-buildinfo, cmake (>= 2.8.8-3~), libcmocka-dev (>= 1.0.1), asciidoc, libxml2-utils, xsltproc, docbook-xml, docbook-xsl, build-essential, fakeroot
Filtered Build-Depends: debhelper (>= 11), dh-buildinfo, cmake (>= 2.8.8-3~), libcmocka-dev (>= 1.0.1), asciidoc, libxml2-utils, xsltproc, docbook-xml, docbook-xsl, build-essential, fakeroot
dpkg-deb: building package 'sbuild-build-depends-main-dummy' in '/<<RESOLVERDIR>>/apt_archive/sbuild-build-depends-main-dummy.deb'.
Ign:1 copy:/<<RESOLVERDIR>>/apt_archive ./ InRelease
Get:2 copy:/<<RESOLVERDIR>>/apt_archive ./ Release [957 B]
Ign:3 copy:/<<RESOLVERDIR>>/apt_archive ./ Release.gpg
Get:4 copy:/<<RESOLVERDIR>>/apt_archive ./ Sources [433 B]
Get:5 copy:/<<RESOLVERDIR>>/apt_archive ./ Packages [514 B]
Fetched 1904 B in 0s (41.7 kB/s)
Reading package lists...
Reading package lists...

Install main build dependencies (apt-based resolver)
----------------------------------------------------

Installing build dependencies
Reading package lists...
Building dependency tree...
Reading state information...
The following additional packages will be installed:
  asciidoc asciidoc-base asciidoc-common autoconf automake autopoint
  autotools-dev bsdmainutils cmake cmake-data debhelper dh-autoreconf
  dh-buildinfo dh-strip-nondeterminism docbook-xml docbook-xsl dwz file
  gettext gettext-base groff-base intltool-debian libarchive-zip-perl
  libarchive13 libbrotli1 libcmocka-dev libcmocka0 libcroco3 libcurl4
  libdebhelper-perl libelf1 libexpat1 libfile-stripnondeterminism-perl
  libglib2.0-0 libgssapi-krb5-2 libicu63 libjsoncpp1 libk5crypto3 libkeyutils1
  libkrb5-3 libkrb5support0 libldap-2.4-2 libldap-common libmagic-mgc
  libmagic1 libmpdec2 libncurses6 libnghttp2-14 libpipeline1 libprocps8
  libpsl5 libpython3-stdlib libpython3.7-minimal libpython3.7-stdlib
  libreadline8 librhash0 librtmp1 libsasl2-2 libsasl2-modules-db libsigsegv2
  libsqlite3-0 libssh2-1 libssl1.1 libsub-override-perl libtool libuchardet0
  libuv1 libxml2 libxml2-utils libxslt1.1 m4 man-db mime-support po-debconf
  procps python3 python3-minimal python3.7 python3.7-minimal readline-common
  sensible-utils sgml-base sgml-data xml-core xsltproc
Suggested packages:
  asciidoc-doc docbook-utils source-highlight autoconf-archive gnu-standards
  autoconf-doc wamerican | wordlist whois vacation cmake-doc ninja-build
  dh-make docbook docbook-dsssl docbook-defguide dbtoepub docbook-xsl-doc-html
  | docbook-xsl-doc-pdf | docbook-xsl-doc-text | docbook-xsl-doc
  docbook-xsl-saxon fop libsaxon-java libxalan2-java libxslthl-java xalan
  gettext-doc libasprintf-dev libgettextpo-dev groff lrzip krb5-doc krb5-user
  libtool-doc gfortran | fortran95-compiler gcj-jdk m4-doc apparmor less
  www-browser libmail-box-perl python3-doc python3-tk python3-venv
  python3.7-venv python3.7-doc binfmt-support readline-doc sgml-base-doc
  perlsgml w3-recs opensp
Recommended packages:
  asciidoc-dblatex asciidoc-doc vim-asciidoc xmlto curl | wget | lynx
  cmocka-doc ca-certificates libarchive-cpio-perl libglib2.0-data
  shared-mime-info xdg-user-dirs krb5-locales libgpm2 publicsuffix
  libsasl2-modules libltdl-dev libmail-sendmail-perl psmisc
The following NEW packages will be installed:
  asciidoc asciidoc-base asciidoc-common autoconf automake autopoint
  autotools-dev bsdmainutils cmake cmake-data debhelper dh-autoreconf
  dh-buildinfo dh-strip-nondeterminism docbook-xml docbook-xsl dwz file
  gettext gettext-base groff-base intltool-debian libarchive-zip-perl
  libarchive13 libbrotli1 libcmocka-dev libcmocka0 libcroco3 libcurl4
  libdebhelper-perl libelf1 libexpat1 libfile-stripnondeterminism-perl
  libglib2.0-0 libgssapi-krb5-2 libicu63 libjsoncpp1 libk5crypto3 libkeyutils1
  libkrb5-3 libkrb5support0 libldap-2.4-2 libldap-common libmagic-mgc
  libmagic1 libmpdec2 libncurses6 libnghttp2-14 libpipeline1 libprocps8
  libpsl5 libpython3-stdlib libpython3.7-minimal libpython3.7-stdlib
  libreadline8 librhash0 librtmp1 libsasl2-2 libsasl2-modules-db libsigsegv2
  libsqlite3-0 libssh2-1 libssl1.1 libsub-override-perl libtool libuchardet0
  libuv1 libxml2 libxml2-utils libxslt1.1 m4 man-db mime-support po-debconf
  procps python3 python3-minimal python3.7 python3.7-minimal readline-common
  sbuild-build-depends-main-dummy sensible-utils sgml-base sgml-data xml-core
  xsltproc
0 upgraded, 86 newly installed, 0 to remove and 0 not upgraded.
Need to get 37.5 MB of archives.
After this operation, 158 MB of additional disk space will be used.
Get:1 copy:/<<RESOLVERDIR>>/apt_archive ./ sbuild-build-depends-main-dummy 0.invalid.0 [944 B]
Get:2 http://127.0.0.1:12990/debian sid/main amd64 bsdmainutils amd64 11.1.2+b1 [191 kB]
Get:3 http://127.0.0.1:12990/debian sid/main amd64 libuchardet0 amd64 0.0.6-3 [64.9 kB]
Get:4 http://127.0.0.1:12990/debian sid/main amd64 groff-base amd64 1.22.4-4 [919 kB]
Get:5 http://127.0.0.1:12990/debian sid/main amd64 libpipeline1 amd64 1.5.2-2 [33.9 kB]
Get:6 http://127.0.0.1:12990/debian sid/main amd64 man-db amd64 2.9.0-2 [1307 kB]
Get:7 http://127.0.0.1:12990/debian sid/main amd64 libssl1.1 amd64 1.1.1d-2 [1540 kB]
Get:8 http://127.0.0.1:12990/debian sid/main amd64 libpython3.7-minimal amd64 3.7.6-1+b1 [591 kB]
Get:9 http://127.0.0.1:12990/debian sid/main amd64 libexpat1 amd64 2.2.9-1 [94.3 kB]
Get:10 http://127.0.0.1:12990/debian sid/main amd64 python3.7-minimal amd64 3.7.6-1+b1 [1813 kB]
Get:11 http://127.0.0.1:12990/debian sid/main amd64 python3-minimal amd64 3.7.5-3 [36.8 kB]
Get:12 http://127.0.0.1:12990/debian sid/main amd64 mime-support all 3.64 [37.8 kB]
Get:13 http://127.0.0.1:12990/debian sid/main amd64 libmpdec2 amd64 2.4.2-2 [87.2 kB]
Get:14 http://127.0.0.1:12990/debian sid/main amd64 readline-common all 8.0-3 [72.5 kB]
Get:15 http://127.0.0.1:12990/debian sid/main amd64 libreadline8 amd64 8.0-3 [160 kB]
Get:16 http://127.0.0.1:12990/debian sid/main amd64 libsqlite3-0 amd64 3.31.1-3 [661 kB]
Get:17 http://127.0.0.1:12990/debian sid/main amd64 libpython3.7-stdlib amd64 3.7.6-1+b1 [1735 kB]
Get:18 http://127.0.0.1:12990/debian sid/main amd64 python3.7 amd64 3.7.6-1+b1 [351 kB]
Get:19 http://127.0.0.1:12990/debian sid/main amd64 libpython3-stdlib amd64 3.7.5-3 [20.2 kB]
Get:20 http://127.0.0.1:12990/debian sid/main amd64 python3 amd64 3.7.5-3 [62.1 kB]
Get:21 http://127.0.0.1:12990/debian sid/main amd64 sgml-base all 1.29.1 [15.0 kB]
Get:22 http://127.0.0.1:12990/debian sid/main amd64 libncurses6 amd64 6.1+20191019-1 [102 kB]
Get:23 http://127.0.0.1:12990/debian sid/main amd64 libprocps8 amd64 2:3.3.16-1+b1 [62.8 kB]
Get:24 http://127.0.0.1:12990/debian sid/main amd64 procps amd64 2:3.3.16-1+b1 [263 kB]
Get:25 http://127.0.0.1:12990/debian sid/main amd64 sensible-utils all 0.0.12+nmu1 [16.0 kB]
Get:26 http://127.0.0.1:12990/debian sid/main amd64 libmagic-mgc amd64 1:5.38-4 [262 kB]
Get:27 http://127.0.0.1:12990/debian sid/main amd64 libmagic1 amd64 1:5.38-4 [120 kB]
Get:28 http://127.0.0.1:12990/debian sid/main amd64 file amd64 1:5.38-4 [67.9 kB]
Get:29 http://127.0.0.1:12990/debian sid/main amd64 gettext-base amd64 0.19.8.1-10 [123 kB]
Get:30 http://127.0.0.1:12990/debian sid/main amd64 asciidoc-common all 9.0.0~rc1-1 [285 kB]
Get:31 http://127.0.0.1:12990/debian sid/main amd64 libicu63 amd64 63.2-2 [8301 kB]
Get:32 http://127.0.0.1:12990/debian sid/main amd64 libxml2 amd64 2.9.10+dfsg-3 [709 kB]
Get:33 http://127.0.0.1:12990/debian sid/main amd64 libxml2-utils amd64 2.9.10+dfsg-3 [108 kB]
Get:34 http://127.0.0.1:12990/debian sid/main amd64 asciidoc-base all 9.0.0~rc1-1 [135 kB]
Get:35 http://127.0.0.1:12990/debian sid/main amd64 asciidoc all 9.0.0~rc1-1 [58.8 kB]
Get:36 http://127.0.0.1:12990/debian sid/main amd64 libsigsegv2 amd64 2.12-2 [32.8 kB]
Get:37 http://127.0.0.1:12990/debian sid/main amd64 m4 amd64 1.4.18-4 [203 kB]
Get:38 http://127.0.0.1:12990/debian sid/main amd64 autoconf all 2.69-11.1 [341 kB]
Get:39 http://127.0.0.1:12990/debian sid/main amd64 autotools-dev all 20180224.1 [77.0 kB]
Get:40 http://127.0.0.1:12990/debian sid/main amd64 automake all 1:1.16.1-4 [771 kB]
Get:41 http://127.0.0.1:12990/debian sid/main amd64 autopoint all 0.19.8.1-10 [435 kB]
Get:42 http://127.0.0.1:12990/debian sid/main amd64 cmake-data all 3.16.3-1 [1628 kB]
Get:43 http://127.0.0.1:12990/debian sid/main amd64 libarchive13 amd64 3.4.0-1+b1 [335 kB]
Get:44 http://127.0.0.1:12990/debian sid/main amd64 libbrotli1 amd64 1.0.7-6 [266 kB]
Get:45 http://127.0.0.1:12990/debian sid/main amd64 libkeyutils1 amd64 1.6.1-2 [15.4 kB]
Get:46 http://127.0.0.1:12990/debian sid/main amd64 libkrb5support0 amd64 1.17-6 [64.6 kB]
Get:47 http://127.0.0.1:12990/debian sid/main amd64 libk5crypto3 amd64 1.17-6 [116 kB]
Get:48 http://127.0.0.1:12990/debian sid/main amd64 libkrb5-3 amd64 1.17-6 [366 kB]
Get:49 http://127.0.0.1:12990/debian sid/main amd64 libgssapi-krb5-2 amd64 1.17-6 [156 kB]
Get:50 http://127.0.0.1:12990/debian sid/main amd64 libsasl2-modules-db amd64 2.1.27+dfsg-2 [69.0 kB]
Get:51 http://127.0.0.1:12990/debian sid/main amd64 libsasl2-2 amd64 2.1.27+dfsg-2 [106 kB]
Get:52 http://127.0.0.1:12990/debian sid/main amd64 libldap-common all 2.4.49+dfsg-1 [91.9 kB]
Get:53 http://127.0.0.1:12990/debian sid/main amd64 libldap-2.4-2 amd64 2.4.49+dfsg-1 [226 kB]
Get:54 http://127.0.0.1:12990/debian sid/main amd64 libnghttp2-14 amd64 1.40.0-1 [85.0 kB]
Get:55 http://127.0.0.1:12990/debian sid/main amd64 libpsl5 amd64 0.20.2-2 [53.7 kB]
Get:56 http://127.0.0.1:12990/debian sid/main amd64 librtmp1 amd64 2.4+20151223.gitfa8646d.1-2+b1 [60.8 kB]
Get:57 http://127.0.0.1:12990/debian sid/main amd64 libssh2-1 amd64 1.8.0-2.1 [140 kB]
Get:58 http://127.0.0.1:12990/debian sid/main amd64 libcurl4 amd64 7.68.0-1 [321 kB]
Get:59 http://127.0.0.1:12990/debian sid/main amd64 libjsoncpp1 amd64 1.7.4-3.1 [77.6 kB]
Get:60 http://127.0.0.1:12990/debian sid/main amd64 librhash0 amd64 1.3.9-1 [123 kB]
Get:61 http://127.0.0.1:12990/debian sid/main amd64 libuv1 amd64 1.34.2-1 [127 kB]
Get:62 http://127.0.0.1:12990/debian sid/main amd64 cmake amd64 3.16.3-1 [3673 kB]
Get:63 http://127.0.0.1:12990/debian sid/main amd64 libtool all 2.4.6-13 [513 kB]
Get:64 http://127.0.0.1:12990/debian sid/main amd64 dh-autoreconf all 19 [16.9 kB]
Get:65 http://127.0.0.1:12990/debian sid/main amd64 libdebhelper-perl all 12.9 [183 kB]
Get:66 http://127.0.0.1:12990/debian sid/main amd64 libarchive-zip-perl all 1.67-1 [104 kB]
Get:67 http://127.0.0.1:12990/debian sid/main amd64 libsub-override-perl all 0.09-2 [10.2 kB]
Get:68 http://127.0.0.1:12990/debian sid/main amd64 libfile-stripnondeterminism-perl all 1.6.3-2 [23.7 kB]
Get:69 http://127.0.0.1:12990/debian sid/main amd64 dh-strip-nondeterminism all 1.6.3-2 [14.7 kB]
Get:70 http://127.0.0.1:12990/debian sid/main amd64 libelf1 amd64 0.176-1.1 [161 kB]
Get:71 http://127.0.0.1:12990/debian sid/main amd64 dwz amd64 0.13-5 [151 kB]
Get:72 http://127.0.0.1:12990/debian sid/main amd64 libglib2.0-0 amd64 2.62.4-2 [1319 kB]
Get:73 http://127.0.0.1:12990/debian sid/main amd64 libcroco3 amd64 0.6.13-1 [146 kB]
Get:74 http://127.0.0.1:12990/debian sid/main amd64 gettext amd64 0.19.8.1-10 [1303 kB]
Get:75 http://127.0.0.1:12990/debian sid/main amd64 intltool-debian all 0.35.0+20060710.5 [26.8 kB]
Get:76 http://127.0.0.1:12990/debian sid/main amd64 po-debconf all 1.0.21 [248 kB]
Get:77 http://127.0.0.1:12990/debian sid/main amd64 debhelper all 12.9 [994 kB]
Get:78 http://127.0.0.1:12990/debian sid/main amd64 dh-buildinfo all 0.11+nmu2 [18.4 kB]
Get:79 http://127.0.0.1:12990/debian sid/main amd64 xml-core all 0.18+nmu1 [23.8 kB]
Get:80 http://127.0.0.1:12990/debian sid/main amd64 sgml-data all 2.0.11 [179 kB]
Get:81 http://127.0.0.1:12990/debian sid/main amd64 docbook-xml all 4.5-9 [84.4 kB]
Get:82 http://127.0.0.1:12990/debian sid/main amd64 docbook-xsl all 1.79.1+dfsg-2 [1249 kB]
Get:83 http://127.0.0.1:12990/debian sid/main amd64 libcmocka0 amd64 1.1.5-2 [22.6 kB]
Get:84 http://127.0.0.1:12990/debian sid/main amd64 libcmocka-dev amd64 1.1.5-2 [19.0 kB]
Get:85 http://127.0.0.1:12990/debian sid/main amd64 libxslt1.1 amd64 1.1.34-3 [239 kB]
Get:86 http://127.0.0.1:12990/debian sid/main amd64 xsltproc amd64 1.1.34-3 [124 kB]
debconf: delaying package configuration, since apt-utils is not installed
Fetched 37.5 MB in 1s (25.1 MB/s)
Selecting previously unselected package bsdmainutils.
(Reading database ... 12960 files and directories currently installed.)
Preparing to unpack .../0-bsdmainutils_11.1.2+b1_amd64.deb ...
Unpacking bsdmainutils (11.1.2+b1) ...
Selecting previously unselected package libuchardet0:amd64.
Preparing to unpack .../1-libuchardet0_0.0.6-3_amd64.deb ...
Unpacking libuchardet0:amd64 (0.0.6-3) ...
Selecting previously unselected package groff-base.
Preparing to unpack .../2-groff-base_1.22.4-4_amd64.deb ...
Unpacking groff-base (1.22.4-4) ...
Selecting previously unselected package libpipeline1:amd64.
Preparing to unpack .../3-libpipeline1_1.5.2-2_amd64.deb ...
Unpacking libpipeline1:amd64 (1.5.2-2) ...
Selecting previously unselected package man-db.
Preparing to unpack .../4-man-db_2.9.0-2_amd64.deb ...
Unpacking man-db (2.9.0-2) ...
Selecting previously unselected package libssl1.1:amd64.
Preparing to unpack .../5-libssl1.1_1.1.1d-2_amd64.deb ...
Unpacking libssl1.1:amd64 (1.1.1d-2) ...
Selecting previously unselected package libpython3.7-minimal:amd64.
Preparing to unpack .../6-libpython3.7-minimal_3.7.6-1+b1_amd64.deb ...
Unpacking libpython3.7-minimal:amd64 (3.7.6-1+b1) ...
Selecting previously unselected package libexpat1:amd64.
Preparing to unpack .../7-libexpat1_2.2.9-1_amd64.deb ...
Unpacking libexpat1:amd64 (2.2.9-1) ...
Selecting previously unselected package python3.7-minimal.
Preparing to unpack .../8-python3.7-minimal_3.7.6-1+b1_amd64.deb ...
Unpacking python3.7-minimal (3.7.6-1+b1) ...
Setting up libssl1.1:amd64 (1.1.1d-2) ...
Setting up libpython3.7-minimal:amd64 (3.7.6-1+b1) ...
Setting up libexpat1:amd64 (2.2.9-1) ...
Setting up python3.7-minimal (3.7.6-1+b1) ...
Selecting previously unselected package python3-minimal.
(Reading database ... 13869 files and directories currently installed.)
Preparing to unpack .../0-python3-minimal_3.7.5-3_amd64.deb ...
Unpacking python3-minimal (3.7.5-3) ...
Selecting previously unselected package mime-support.
Preparing to unpack .../1-mime-support_3.64_all.deb ...
Unpacking mime-support (3.64) ...
Selecting previously unselected package libmpdec2:amd64.
Preparing to unpack .../2-libmpdec2_2.4.2-2_amd64.deb ...
Unpacking libmpdec2:amd64 (2.4.2-2) ...
Selecting previously unselected package readline-common.
Preparing to unpack .../3-readline-common_8.0-3_all.deb ...
Unpacking readline-common (8.0-3) ...
Selecting previously unselected package libreadline8:amd64.
Preparing to unpack .../4-libreadline8_8.0-3_amd64.deb ...
Unpacking libreadline8:amd64 (8.0-3) ...
Selecting previously unselected package libsqlite3-0:amd64.
Preparing to unpack .../5-libsqlite3-0_3.31.1-3_amd64.deb ...
Unpacking libsqlite3-0:amd64 (3.31.1-3) ...
Selecting previously unselected package libpython3.7-stdlib:amd64.
Preparing to unpack .../6-libpython3.7-stdlib_3.7.6-1+b1_amd64.deb ...
Unpacking libpython3.7-stdlib:amd64 (3.7.6-1+b1) ...
Selecting previously unselected package python3.7.
Preparing to unpack .../7-python3.7_3.7.6-1+b1_amd64.deb ...
Unpacking python3.7 (3.7.6-1+b1) ...
Selecting previously unselected package libpython3-stdlib:amd64.
Preparing to unpack .../8-libpython3-stdlib_3.7.5-3_amd64.deb ...
Unpacking libpython3-stdlib:amd64 (3.7.5-3) ...
Setting up python3-minimal (3.7.5-3) ...
Selecting previously unselected package python3.
(Reading database ... 14340 files and directories currently installed.)
Preparing to unpack .../00-python3_3.7.5-3_amd64.deb ...
Unpacking python3 (3.7.5-3) ...
Selecting previously unselected package sgml-base.
Preparing to unpack .../01-sgml-base_1.29.1_all.deb ...
Unpacking sgml-base (1.29.1) ...
Selecting previously unselected package libncurses6:amd64.
Preparing to unpack .../02-libncurses6_6.1+20191019-1_amd64.deb ...
Unpacking libncurses6:amd64 (6.1+20191019-1) ...
Selecting previously unselected package libprocps8:amd64.
Preparing to unpack .../03-libprocps8_2%3a3.3.16-1+b1_amd64.deb ...
Unpacking libprocps8:amd64 (2:3.3.16-1+b1) ...
Selecting previously unselected package procps.
Preparing to unpack .../04-procps_2%3a3.3.16-1+b1_amd64.deb ...
Unpacking procps (2:3.3.16-1+b1) ...
Selecting previously unselected package sensible-utils.
Preparing to unpack .../05-sensible-utils_0.0.12+nmu1_all.deb ...
Unpacking sensible-utils (0.0.12+nmu1) ...
Selecting previously unselected package libmagic-mgc.
Preparing to unpack .../06-libmagic-mgc_1%3a5.38-4_amd64.deb ...
Unpacking libmagic-mgc (1:5.38-4) ...
Selecting previously unselected package libmagic1:amd64.
Preparing to unpack .../07-libmagic1_1%3a5.38-4_amd64.deb ...
Unpacking libmagic1:amd64 (1:5.38-4) ...
Selecting previously unselected package file.
Preparing to unpack .../08-file_1%3a5.38-4_amd64.deb ...
Unpacking file (1:5.38-4) ...
Selecting previously unselected package gettext-base.
Preparing to unpack .../09-gettext-base_0.19.8.1-10_amd64.deb ...
Unpacking gettext-base (0.19.8.1-10) ...
Selecting previously unselected package asciidoc-common.
Preparing to unpack .../10-asciidoc-common_9.0.0~rc1-1_all.deb ...
Unpacking asciidoc-common (9.0.0~rc1-1) ...
Selecting previously unselected package libicu63:amd64.
Preparing to unpack .../11-libicu63_63.2-2_amd64.deb ...
Unpacking libicu63:amd64 (63.2-2) ...
Selecting previously unselected package libxml2:amd64.
Preparing to unpack .../12-libxml2_2.9.10+dfsg-3_amd64.deb ...
Unpacking libxml2:amd64 (2.9.10+dfsg-3) ...
Selecting previously unselected package libxml2-utils.
Preparing to unpack .../13-libxml2-utils_2.9.10+dfsg-3_amd64.deb ...
Unpacking libxml2-utils (2.9.10+dfsg-3) ...
Selecting previously unselected package asciidoc-base.
Preparing to unpack .../14-asciidoc-base_9.0.0~rc1-1_all.deb ...
Unpacking asciidoc-base (9.0.0~rc1-1) ...
Selecting previously unselected package asciidoc.
Preparing to unpack .../15-asciidoc_9.0.0~rc1-1_all.deb ...
Unpacking asciidoc (9.0.0~rc1-1) ...
Selecting previously unselected package libsigsegv2:amd64.
Preparing to unpack .../16-libsigsegv2_2.12-2_amd64.deb ...
Unpacking libsigsegv2:amd64 (2.12-2) ...
Selecting previously unselected package m4.
Preparing to unpack .../17-m4_1.4.18-4_amd64.deb ...
Unpacking m4 (1.4.18-4) ...
Selecting previously unselected package autoconf.
Preparing to unpack .../18-autoconf_2.69-11.1_all.deb ...
Unpacking autoconf (2.69-11.1) ...
Selecting previously unselected package autotools-dev.
Preparing to unpack .../19-autotools-dev_20180224.1_all.deb ...
Unpacking autotools-dev (20180224.1) ...
Selecting previously unselected package automake.
Preparing to unpack .../20-automake_1%3a1.16.1-4_all.deb ...
Unpacking automake (1:1.16.1-4) ...
Selecting previously unselected package autopoint.
Preparing to unpack .../21-autopoint_0.19.8.1-10_all.deb ...
Unpacking autopoint (0.19.8.1-10) ...
Selecting previously unselected package cmake-data.
Preparing to unpack .../22-cmake-data_3.16.3-1_all.deb ...
Unpacking cmake-data (3.16.3-1) ...
Selecting previously unselected package libarchive13:amd64.
Preparing to unpack .../23-libarchive13_3.4.0-1+b1_amd64.deb ...
Unpacking libarchive13:amd64 (3.4.0-1+b1) ...
Selecting previously unselected package libbrotli1:amd64.
Preparing to unpack .../24-libbrotli1_1.0.7-6_amd64.deb ...
Unpacking libbrotli1:amd64 (1.0.7-6) ...
Selecting previously unselected package libkeyutils1:amd64.
Preparing to unpack .../25-libkeyutils1_1.6.1-2_amd64.deb ...
Unpacking libkeyutils1:amd64 (1.6.1-2) ...
Selecting previously unselected package libkrb5support0:amd64.
Preparing to unpack .../26-libkrb5support0_1.17-6_amd64.deb ...
Unpacking libkrb5support0:amd64 (1.17-6) ...
Selecting previously unselected package libk5crypto3:amd64.
Preparing to unpack .../27-libk5crypto3_1.17-6_amd64.deb ...
Unpacking libk5crypto3:amd64 (1.17-6) ...
Selecting previously unselected package libkrb5-3:amd64.
Preparing to unpack .../28-libkrb5-3_1.17-6_amd64.deb ...
Unpacking libkrb5-3:amd64 (1.17-6) ...
Selecting previously unselected package libgssapi-krb5-2:amd64.
Preparing to unpack .../29-libgssapi-krb5-2_1.17-6_amd64.deb ...
Unpacking libgssapi-krb5-2:amd64 (1.17-6) ...
Selecting previously unselected package libsasl2-modules-db:amd64.
Preparing to unpack .../30-libsasl2-modules-db_2.1.27+dfsg-2_amd64.deb ...
Unpacking libsasl2-modules-db:amd64 (2.1.27+dfsg-2) ...
Selecting previously unselected package libsasl2-2:amd64.
Preparing to unpack .../31-libsasl2-2_2.1.27+dfsg-2_amd64.deb ...
Unpacking libsasl2-2:amd64 (2.1.27+dfsg-2) ...
Selecting previously unselected package libldap-common.
Preparing to unpack .../32-libldap-common_2.4.49+dfsg-1_all.deb ...
Unpacking libldap-common (2.4.49+dfsg-1) ...
Selecting previously unselected package libldap-2.4-2:amd64.
Preparing to unpack .../33-libldap-2.4-2_2.4.49+dfsg-1_amd64.deb ...
Unpacking libldap-2.4-2:amd64 (2.4.49+dfsg-1) ...
Selecting previously unselected package libnghttp2-14:amd64.
Preparing to unpack .../34-libnghttp2-14_1.40.0-1_amd64.deb ...
Unpacking libnghttp2-14:amd64 (1.40.0-1) ...
Selecting previously unselected package libpsl5:amd64.
Preparing to unpack .../35-libpsl5_0.20.2-2_amd64.deb ...
Unpacking libpsl5:amd64 (0.20.2-2) ...
Selecting previously unselected package librtmp1:amd64.
Preparing to unpack .../36-librtmp1_2.4+20151223.gitfa8646d.1-2+b1_amd64.deb ...
Unpacking librtmp1:amd64 (2.4+20151223.gitfa8646d.1-2+b1) ...
Selecting previously unselected package libssh2-1:amd64.
Preparing to unpack .../37-libssh2-1_1.8.0-2.1_amd64.deb ...
Unpacking libssh2-1:amd64 (1.8.0-2.1) ...
Selecting previously unselected package libcurl4:amd64.
Preparing to unpack .../38-libcurl4_7.68.0-1_amd64.deb ...
Unpacking libcurl4:amd64 (7.68.0-1) ...
Selecting previously unselected package libjsoncpp1:amd64.
Preparing to unpack .../39-libjsoncpp1_1.7.4-3.1_amd64.deb ...
Unpacking libjsoncpp1:amd64 (1.7.4-3.1) ...
Selecting previously unselected package librhash0:amd64.
Preparing to unpack .../40-librhash0_1.3.9-1_amd64.deb ...
Unpacking librhash0:amd64 (1.3.9-1) ...
Selecting previously unselected package libuv1:amd64.
Preparing to unpack .../41-libuv1_1.34.2-1_amd64.deb ...
Unpacking libuv1:amd64 (1.34.2-1) ...
Selecting previously unselected package cmake.
Preparing to unpack .../42-cmake_3.16.3-1_amd64.deb ...
Unpacking cmake (3.16.3-1) ...
Selecting previously unselected package libtool.
Preparing to unpack .../43-libtool_2.4.6-13_all.deb ...
Unpacking libtool (2.4.6-13) ...
Selecting previously unselected package dh-autoreconf.
Preparing to unpack .../44-dh-autoreconf_19_all.deb ...
Unpacking dh-autoreconf (19) ...
Selecting previously unselected package libdebhelper-perl.
Preparing to unpack .../45-libdebhelper-perl_12.9_all.deb ...
Unpacking libdebhelper-perl (12.9) ...
Selecting previously unselected package libarchive-zip-perl.
Preparing to unpack .../46-libarchive-zip-perl_1.67-1_all.deb ...
Unpacking libarchive-zip-perl (1.67-1) ...
Selecting previously unselected package libsub-override-perl.
Preparing to unpack .../47-libsub-override-perl_0.09-2_all.deb ...
Unpacking libsub-override-perl (0.09-2) ...
Selecting previously unselected package libfile-stripnondeterminism-perl.
Preparing to unpack .../48-libfile-stripnondeterminism-perl_1.6.3-2_all.deb ...
Unpacking libfile-stripnondeterminism-perl (1.6.3-2) ...
Selecting previously unselected package dh-strip-nondeterminism.
Preparing to unpack .../49-dh-strip-nondeterminism_1.6.3-2_all.deb ...
Unpacking dh-strip-nondeterminism (1.6.3-2) ...
Selecting previously unselected package libelf1:amd64.
Preparing to unpack .../50-libelf1_0.176-1.1_amd64.deb ...
Unpacking libelf1:amd64 (0.176-1.1) ...
Selecting previously unselected package dwz.
Preparing to unpack .../51-dwz_0.13-5_amd64.deb ...
Unpacking dwz (0.13-5) ...
Selecting previously unselected package libglib2.0-0:amd64.
Preparing to unpack .../52-libglib2.0-0_2.62.4-2_amd64.deb ...
Unpacking libglib2.0-0:amd64 (2.62.4-2) ...
Selecting previously unselected package libcroco3:amd64.
Preparing to unpack .../53-libcroco3_0.6.13-1_amd64.deb ...
Unpacking libcroco3:amd64 (0.6.13-1) ...
Selecting previously unselected package gettext.
Preparing to unpack .../54-gettext_0.19.8.1-10_amd64.deb ...
Unpacking gettext (0.19.8.1-10) ...
Selecting previously unselected package intltool-debian.
Preparing to unpack .../55-intltool-debian_0.35.0+20060710.5_all.deb ...
Unpacking intltool-debian (0.35.0+20060710.5) ...
Selecting previously unselected package po-debconf.
Preparing to unpack .../56-po-debconf_1.0.21_all.deb ...
Unpacking po-debconf (1.0.21) ...
Selecting previously unselected package debhelper.
Preparing to unpack .../57-debhelper_12.9_all.deb ...
Unpacking debhelper (12.9) ...
Selecting previously unselected package dh-buildinfo.
Preparing to unpack .../58-dh-buildinfo_0.11+nmu2_all.deb ...
Unpacking dh-buildinfo (0.11+nmu2) ...
Selecting previously unselected package xml-core.
Preparing to unpack .../59-xml-core_0.18+nmu1_all.deb ...
Unpacking xml-core (0.18+nmu1) ...
Selecting previously unselected package sgml-data.
Preparing to unpack .../60-sgml-data_2.0.11_all.deb ...
Unpacking sgml-data (2.0.11) ...
Selecting previously unselected package docbook-xml.
Preparing to unpack .../61-docbook-xml_4.5-9_all.deb ...
Unpacking docbook-xml (4.5-9) ...
Selecting previously unselected package docbook-xsl.
Preparing to unpack .../62-docbook-xsl_1.79.1+dfsg-2_all.deb ...
Unpacking docbook-xsl (1.79.1+dfsg-2) ...
Selecting previously unselected package libcmocka0:amd64.
Preparing to unpack .../63-libcmocka0_1.1.5-2_amd64.deb ...
Unpacking libcmocka0:amd64 (1.1.5-2) ...
Selecting previously unselected package libcmocka-dev:amd64.
Preparing to unpack .../64-libcmocka-dev_1.1.5-2_amd64.deb ...
Unpacking libcmocka-dev:amd64 (1.1.5-2) ...
Selecting previously unselected package libxslt1.1:amd64.
Preparing to unpack .../65-libxslt1.1_1.1.34-3_amd64.deb ...
Unpacking libxslt1.1:amd64 (1.1.34-3) ...
Selecting previously unselected package xsltproc.
Preparing to unpack .../66-xsltproc_1.1.34-3_amd64.deb ...
Unpacking xsltproc (1.1.34-3) ...
Selecting previously unselected package sbuild-build-depends-main-dummy.
Preparing to unpack .../67-sbuild-build-depends-main-dummy_0.invalid.0_amd64.deb ...
Unpacking sbuild-build-depends-main-dummy (0.invalid.0) ...
Setting up libpipeline1:amd64 (1.5.2-2) ...
Setting up libkeyutils1:amd64 (1.6.1-2) ...
Setting up libpsl5:amd64 (0.20.2-2) ...
Setting up mime-support (3.64) ...
Setting up libmagic-mgc (1:5.38-4) ...
Setting up libarchive-zip-perl (1.67-1) ...
Setting up libglib2.0-0:amd64 (2.62.4-2) ...
No schema files found: doing nothing.
Setting up libdebhelper-perl (12.9) ...
Setting up libbrotli1:amd64 (1.0.7-6) ...
Setting up libsqlite3-0:amd64 (3.31.1-3) ...
Setting up libnghttp2-14:amd64 (1.40.0-1) ...
Setting up libmagic1:amd64 (1:5.38-4) ...
Setting up gettext-base (0.19.8.1-10) ...
Setting up file (1:5.38-4) ...
Setting up libldap-common (2.4.49+dfsg-1) ...
Setting up libicu63:amd64 (63.2-2) ...
Setting up libkrb5support0:amd64 (1.17-6) ...
Setting up libcmocka0:amd64 (1.1.5-2) ...
Setting up libsasl2-modules-db:amd64 (2.1.27+dfsg-2) ...
Setting up asciidoc-common (9.0.0~rc1-1) ...
Setting up autotools-dev (20180224.1) ...
Setting up libuv1:amd64 (1.34.2-1) ...
Setting up librtmp1:amd64 (2.4+20151223.gitfa8646d.1-2+b1) ...
Setting up libncurses6:amd64 (6.1+20191019-1) ...
Setting up libsigsegv2:amd64 (2.12-2) ...
Setting up bsdmainutils (11.1.2+b1) ...
update-alternatives: using /usr/bin/bsd-write to provide /usr/bin/write (write) in auto mode
update-alternatives: using /usr/bin/bsd-from to provide /usr/bin/from (from) in auto mode
Setting up autopoint (0.19.8.1-10) ...
Setting up libcmocka-dev:amd64 (1.1.5-2) ...
Setting up libk5crypto3:amd64 (1.17-6) ...
Setting up libsasl2-2:amd64 (2.1.27+dfsg-2) ...
Setting up sensible-utils (0.0.12+nmu1) ...
Setting up librhash0:amd64 (1.3.9-1) ...
Setting up libuchardet0:amd64 (0.0.6-3) ...
Setting up libsub-override-perl (0.09-2) ...
Setting up libssh2-1:amd64 (1.8.0-2.1) ...
Setting up sgml-base (1.29.1) ...
Setting up cmake-data (3.16.3-1) ...
Setting up libkrb5-3:amd64 (1.17-6) ...
Setting up libmpdec2:amd64 (2.4.2-2) ...
Setting up libelf1:amd64 (0.176-1.1) ...
Setting up readline-common (8.0-3) ...
Setting up libxml2:amd64 (2.9.10+dfsg-3) ...
Setting up libprocps8:amd64 (2:3.3.16-1+b1) ...
Setting up libjsoncpp1:amd64 (1.7.4-3.1) ...
Setting up libfile-stripnondeterminism-perl (1.6.3-2) ...
Setting up libtool (2.4.6-13) ...
Setting up libarchive13:amd64 (3.4.0-1+b1) ...
Setting up libreadline8:amd64 (8.0-3) ...
Setting up libldap-2.4-2:amd64 (2.4.49+dfsg-1) ...
Setting up m4 (1.4.18-4) ...
Setting up libgssapi-krb5-2:amd64 (1.17-6) ...
Setting up libcroco3:amd64 (0.6.13-1) ...
Setting up autoconf (2.69-11.1) ...
Setting up dh-strip-nondeterminism (1.6.3-2) ...
Setting up dwz (0.13-5) ...
Setting up groff-base (1.22.4-4) ...
Setting up xml-core (0.18+nmu1) ...
Setting up procps (2:3.3.16-1+b1) ...
update-alternatives: using /usr/bin/w.procps to provide /usr/bin/w (w) in auto mode
Setting up libxslt1.1:amd64 (1.1.34-3) ...
Setting up libcurl4:amd64 (7.68.0-1) ...
Setting up libxml2-utils (2.9.10+dfsg-3) ...
Setting up automake (1:1.16.1-4) ...
update-alternatives: using /usr/bin/automake-1.16 to provide /usr/bin/automake (automake) in auto mode
Setting up libpython3.7-stdlib:amd64 (3.7.6-1+b1) ...
Setting up gettext (0.19.8.1-10) ...
Setting up xsltproc (1.1.34-3) ...
Setting up man-db (2.9.0-2) ...
Not building database; man-db/auto-update is not 'true'.
Setting up intltool-debian (0.35.0+20060710.5) ...
Setting up cmake (3.16.3-1) ...
Setting up libpython3-stdlib:amd64 (3.7.5-3) ...
Setting up python3.7 (3.7.6-1+b1) ...
Setting up po-debconf (1.0.21) ...
Setting up python3 (3.7.5-3) ...
Setting up asciidoc-base (9.0.0~rc1-1) ...
Setting up asciidoc (9.0.0~rc1-1) ...
Setting up dh-autoreconf (19) ...
Setting up debhelper (12.9) ...
Setting up dh-buildinfo (0.11+nmu2) ...
Processing triggers for libc-bin (2.29-10) ...
Processing triggers for sgml-base (1.29.1) ...
Setting up sgml-data (2.0.11) ...
Setting up docbook-xsl (1.79.1+dfsg-2) ...
Processing triggers for sgml-base (1.29.1) ...
Setting up docbook-xml (4.5-9) ...
Processing triggers for sgml-base (1.29.1) ...
Setting up sbuild-build-depends-main-dummy (0.invalid.0) ...

+------------------------------------------------------------------------------+
| Check architectures                                                          |
+------------------------------------------------------------------------------+

Arch check ok (amd64 included in any)

+------------------------------------------------------------------------------+
| Build environment                                                            |
+------------------------------------------------------------------------------+

Kernel: Linux 4.19.0-6-cloud-amd64 #1 SMP Debian 4.19.67-2+deb10u2 (2019-11-11) amd64 (x86_64)
Toolchain package versions: binutils_2.34-3 dpkg-dev_1.19.7 g++-9_9.2.1-29 gcc-9_9.2.1-29 libc6-dev_2.29-10 libstdc++-9-dev_9.2.1-29 libstdc++6_10-20200222-1 linux-libc-dev_5.4.19-1
Package versions: adduser_3.118 apt_1.8.4 asciidoc_9.0.0~rc1-1 asciidoc-base_9.0.0~rc1-1 asciidoc-common_9.0.0~rc1-1 autoconf_2.69-11.1 automake_1:1.16.1-4 autopoint_0.19.8.1-10 autotools-dev_20180224.1 base-files_11 base-passwd_3.5.47 bash_5.0-5 binutils_2.34-3 binutils-common_2.34-3 binutils-x86-64-linux-gnu_2.34-3 bsdmainutils_11.1.2+b1 bsdutils_1:2.34-0.1 build-essential_12.8 bzip2_1.0.8-2 clang-10_1:10.0.0~+rc2-1 cmake_3.16.3-1 cmake-data_3.16.3-1 coreutils_8.30-3+b1 cpp_4:9.2.1-3.1 cpp-9_9.2.1-29 dash_0.5.10.2-6 debconf_1.5.73 debhelper_12.9 debian-archive-keyring_2019.1 debianutils_4.9.1 dh-autoreconf_19 dh-buildinfo_0.11+nmu2 dh-strip-nondeterminism_1.6.3-2 diffutils_1:3.7-3 docbook-xml_4.5-9 docbook-xsl_1.79.1+dfsg-2 dpkg_1.19.7 dpkg-dev_1.19.7 dwz_0.13-5 e2fsprogs_1.45.5-2 fakeroot_1.24-1 fdisk_2.34-0.1 file_1:5.38-4 findutils_4.7.0-1 g++_4:9.2.1-3.1 g++-9_9.2.1-29 gcc_4:9.2.1-3.1 gcc-10-base_10-20200222-1 gcc-9_9.2.1-29 gcc-9-base_9.2.1-29 gettext_0.19.8.1-10 gettext-base_0.19.8.1-10 gpgv_2.2.19-1 grep_3.4-1 groff-base_1.22.4-4 gzip_1.9-3+b1 hostname_3.23 init-system-helpers_1.57 intltool-debian_0.35.0+20060710.5 lib32gcc-s1_10-20200222-1 lib32gcc1_1:10-20200222-1 lib32stdc++6_10-20200222-1 libacl1_2.2.53-5 libapt-pkg5.0_1.8.4 libarchive-zip-perl_1.67-1 libarchive13_3.4.0-1+b1 libasan5_9.2.1-29 libatomic1_10-20200222-1 libattr1_1:2.4.48-5 libaudit-common_1:2.8.5-2 libaudit1_1:2.8.5-2+b1 libbinutils_2.34-3 libblkid1_2.34-0.1 libbrotli1_1.0.7-6 libbsd0_0.10.0-1 libbz2-1.0_1.0.8-2 libc-bin_2.29-10 libc-dev-bin_2.29-10 libc6_2.29-10 libc6-dev_2.29-10 libc6-i386_2.29-10 libcap-ng0_0.7.9-2.1+b1 libcc1-0_10-20200222-1 libclang-common-10-dev_1:10.0.0~+rc2-1 libclang-cpp10_1:10.0.0~+rc2-1 libclang1-10_1:10.0.0~+rc2-1 libcmocka-dev_1.1.5-2 libcmocka0_1.1.5-2 libcom-err2_1.45.5-2 libcroco3_0.6.13-1 libcrypt-dev_1:4.4.10-10 libcrypt1_1:4.4.10-10 libctf-nobfd0_2.34-3 libctf0_2.34-3 libcurl4_7.68.0-1 libdb5.3_5.3.28+dfsg1-0.6 libdebconfclient0_0.251 libdebhelper-perl_12.9 libdpkg-perl_1.19.7 libedit2_3.1-20191231-1 libelf1_0.176-1.1 libexpat1_2.2.9-1 libext2fs2_1.45.5-2 libfakeroot_1.24-1 libfdisk1_2.34-0.1 libffi7_3.3-3 libfile-stripnondeterminism-perl_1.6.3-2 libgc1c2_1:7.6.4-0.4 libgcc-9-dev_9.2.1-29 libgcc-s1_10-20200222-1 libgcc1_1:10-20200222-1 libgcrypt20_1.8.5-5 libgdbm-compat4_1.18.1-5 libgdbm6_1.18.1-5 libglib2.0-0_2.62.4-2 libgmp10_2:6.2.0+dfsg-4 libgnutls30_3.6.12-2 libgomp1_10-20200222-1 libgpg-error0_1.37-1 libgssapi-krb5-2_1.17-6 libhogweed5_3.5.1+really3.5.1-2 libicu63_63.2-2 libidn2-0_2.2.0-2 libisl22_0.22.1-1 libitm1_10-20200222-1 libjsoncpp1_1.7.4-3.1 libk5crypto3_1.17-6 libkeyutils1_1.6.1-2 libkrb5-3_1.17-6 libkrb5support0_1.17-6 libldap-2.4-2_2.4.49+dfsg-1 libldap-common_2.4.49+dfsg-1 libllvm10_1:10.0.0~+rc2-1 liblsan0_10-20200222-1 liblz4-1_1.9.2-2 liblzma5_5.2.4-1+b1 libmagic-mgc_1:5.38-4 libmagic1_1:5.38-4 libmount1_2.34-0.1 libmpc3_1.1.0-1 libmpdec2_2.4.2-2 libmpfr6_4.0.2-1 libncurses6_6.1+20191019-1 libncursesw6_6.1+20191019-1 libnettle7_3.5.1+really3.5.1-2 libnghttp2-14_1.40.0-1 libobjc-9-dev_9.2.1-29 libobjc4_10-20200222-1 libomp-10-dev_1:10.0.0~+rc2-1 libomp5-10_1:10.0.0~+rc2-1 libp11-kit0_0.23.20-1 libpam-modules_1.3.1-5 libpam-modules-bin_1.3.1-5 libpam-runtime_1.3.1-5 libpam0g_1.3.1-5 libpcre2-8-0_10.34-7 libpcre3_2:8.39-12+b1 libperl5.30_5.30.0-9 libpipeline1_1.5.2-2 libprocps8_2:3.3.16-1+b1 libpsl5_0.20.2-2 libpython3-stdlib_3.7.5-3 libpython3.7-minimal_3.7.6-1+b1 libpython3.7-stdlib_3.7.6-1+b1 libquadmath0_10-20200222-1 libreadline8_8.0-3 librhash0_1.3.9-1 librtmp1_2.4+20151223.gitfa8646d.1-2+b1 libsasl2-2_2.1.27+dfsg-2 libsasl2-modules-db_2.1.27+dfsg-2 libseccomp2_2.4.2-2 libselinux1_3.0-1+b1 libsemanage-common_3.0-1 libsemanage1_3.0-1+b1 libsepol1_3.0-1 libsigsegv2_2.12-2 libsmartcols1_2.34-0.1 libsqlite3-0_3.31.1-3 libss2_1.45.5-2 libssh2-1_1.8.0-2.1 libssl1.1_1.1.1d-2 libstdc++-9-dev_9.2.1-29 libstdc++6_10-20200222-1 libsub-override-perl_0.09-2 libsystemd0_244.3-1 libtasn1-6_4.16.0-2 libtinfo6_6.1+20191019-1 libtool_2.4.6-13 libtsan0_10-20200222-1 libubsan1_10-20200222-1 libuchardet0_0.0.6-3 libudev1_244.3-1 libunistring2_0.9.10-2 libuuid1_2.34-0.1 libuv1_1.34.2-1 libxml2_2.9.10+dfsg-3 libxml2-utils_2.9.10+dfsg-3 libxslt1.1_1.1.34-3 libz3-4_4.8.7-4 libzstd1_1.4.4+dfsg-3 linux-libc-dev_5.4.19-1 login_1:4.8.1-1 logsave_1.45.5-2 lsb-base_11.1.0 m4_1.4.18-4 make_4.2.1-1.2 man-db_2.9.0-2 mawk_1.3.4.20200120-2 mime-support_3.64 mount_2.34-0.1 ncurses-base_6.1+20191019-1 ncurses-bin_6.1+20191019-1 passwd_1:4.8.1-1 patch_2.7.6-6 perl_5.30.0-9 perl-base_5.30.0-9 perl-modules-5.30_5.30.0-9 po-debconf_1.0.21 procps_2:3.3.16-1+b1 python3_3.7.5-3 python3-minimal_3.7.5-3 python3.7_3.7.6-1+b1 python3.7-minimal_3.7.6-1+b1 readline-common_8.0-3 sbuild-build-depends-main-dummy_0.invalid.0 sed_4.7-1 sensible-utils_0.0.12+nmu1 sgml-base_1.29.1 sgml-data_2.0.11 sysvinit-utils_2.96-2.1 tar_1.30+dfsg-6+b1 tzdata_2019c-3 util-linux_2.34-0.1 xml-core_0.18+nmu1 xsltproc_1.1.34-3 xz-utils_5.2.4-1+b1 zlib1g_1:1.2.11.dfsg-2

+------------------------------------------------------------------------------+
| Build                                                                        |
+------------------------------------------------------------------------------+


Unpack source
-------------

-----BEGIN PGP SIGNED MESSAGE-----
Hash: SHA512

Format: 3.0 (quilt)
Source: socket-wrapper
Binary: libsocket-wrapper
Architecture: any
Version: 1.2.3-1
Maintainer: Laszlo Boszormenyi (GCS) <gcs@debian.org>
Homepage: http://cwrap.org/socket_wrapper.html
Standards-Version: 4.4.0
Testsuite: autopkgtest
Testsuite-Triggers: adequate, build-essential, cmake, libcmocka-dev
Build-Depends: debhelper (>= 11), dh-buildinfo, cmake (>= 2.8.8-3~), libcmocka-dev (>= 1.0.1), asciidoc, libxml2-utils, xsltproc, docbook-xml, docbook-xsl
Package-List:
 libsocket-wrapper deb devel optional arch=any
Checksums-Sha1:
 95ea413c573d43521b5e4dca18b39615a1376583 67476 socket-wrapper_1.2.3.orig.tar.gz
 bbe78fa2ac06c8b355c2e5cac1d0e6006a3c94b1 5232 socket-wrapper_1.2.3-1.debian.tar.xz
Checksums-Sha256:
 073a00258b0de876fe54e90c8b0678469a414371ab5d95fd5821ad7e1caaf9ca 67476 socket-wrapper_1.2.3.orig.tar.gz
 d694bb513c72a7be9607af9d1f0bafff1dbf99d1c8b176a128c3aa99078cee8b 5232 socket-wrapper_1.2.3-1.debian.tar.xz
Files:
 89a5badcee750c7f789268722ef5a8e3 67476 socket-wrapper_1.2.3.orig.tar.gz
 406336376e9ddd012fe4470b1efd3e0d 5232 socket-wrapper_1.2.3-1.debian.tar.xz

-----BEGIN PGP SIGNATURE-----

iQIzBAEBCgAdFiEEfYh9yLp7u6e4NeO63OMQ54ZMyL8FAl1YIBYACgkQ3OMQ54ZM
yL/3XQ//VzeCugzQOqnQknz32iJh2ZT6FbghafjxvNMlDrP4ZFGRT1zocXIipGhO
BC64C3uJR+ijgGvFJLkUsAwKQz1ZtonYIss4WRiWjWUioJgnlD+Y47+q1Hd3hZeL
2NvyW8VEtcg6lRoB91FHxABoVbyq1Qhsv7HRGWhcd/YorK8EqyOvURwtKS6HA1it
Zkbw65JSmuWszIuOWx/6bgeXOqd1KrHup7bPWuuzqzg/IWabW/G6yZcR5mCFo4lx
Pu0ZDXcVOfTu17kNrVA7iZGqZxf8oVv1nwFfVsMASlYg/XYa1kpaRz0GRy1DoNp5
GauxRqxd8ime+edIjrODVdUfGYdDi1/sH7eg6kGr4Ni474pIVEgtm2NtJWr80CeF
MwMQi0T/w3CqdqV8By8A5aiNsRW5eNA46nQBUp3BWQ4lagyv8gXtWSlea8bGD72l
6Au84lH9pKk5C+tVThkyoanCX1GXmpU0UC5TSU92HpDr2ISrrCWMJxsc1dQ2bePK
k5Pg0Q9ikEW8NcuJsiS6qeEKwgI0xmBtQhYzFJgAtNFR2PRpT3OOBohI2/vt0pTB
rvV7mDSEYe1pGVUJJYfQjFCOsZ8sZxcrR96nqv1+6d41LBORZC2zO1+rcszt0tH/
VbjJPEFSjJzv67nwneqRBduCYR9Zr4NTg1vBrKCrzs7S5fuWB7k=
=V+1S
-----END PGP SIGNATURE-----

gpgv: unknown type of key resource 'trustedkeys.kbx'
gpgv: keyblock resource '/sbuild-nonexistent/.gnupg/trustedkeys.kbx': General error
gpgv: Signature made Sat Aug 17 15:41:10 2019 UTC
gpgv:                using RSA key 7D887DC8BA7BBBA7B835E3BADCE310E7864CC8BF
gpgv: Can't check signature: No public key
dpkg-source: warning: failed to verify signature on ./socket-wrapper_1.2.3-1.dsc
dpkg-source: info: extracting socket-wrapper in /<<PKGBUILDDIR>>
dpkg-source: info: unpacking socket-wrapper_1.2.3.orig.tar.gz
dpkg-source: info: unpacking socket-wrapper_1.2.3-1.debian.tar.xz
dpkg-source: info: using patch list from debian/patches/series
dpkg-source: info: applying no-soname.diff
dpkg-source: info: applying Hurd_PATH_MAX.patch

Check disk space
----------------

Sufficient free space for build

User Environment
----------------

APT_CONFIG=/var/lib/sbuild/apt.conf
HOME=/sbuild-nonexistent
LANG=C.UTF-8
LC_ALL=C.UTF-8
LOGNAME=user42
PATH=/usr/local/sbin:/usr/local/bin:/usr/sbin:/usr/bin:/sbin:/bin:/usr/games
SCHROOT_ALIAS_NAME=unstable
SCHROOT_CHROOT_NAME=sid-amd64-sbuild
SCHROOT_COMMAND=env
SCHROOT_GID=1001
SCHROOT_GROUP=user42
SCHROOT_SESSION_ID=sid-amd64-sbuild-81b75462-cdbd-4cb3-9314-4c2f59d66979
SCHROOT_UID=1001
SCHROOT_USER=user42
SHELL=/bin/sh
USER=user42

dpkg-buildpackage
-----------------

Command: dpkg-buildpackage -us -uc -b -rfakeroot
dpkg-buildpackage: info: source package socket-wrapper
dpkg-buildpackage: info: source version 1.2.3-1
dpkg-buildpackage: info: source distribution unstable
dpkg-buildpackage: info: source changed by Laszlo Boszormenyi (GCS) <gcs@debian.org>
 dpkg-source --before-build .
dpkg-buildpackage: info: host architecture amd64
dpkg-source: info: using options from socket-wrapper-1.2.3/debian/source/options: --extend-diff-ignore=^doc/socket_wrapper[.]1$
 fakeroot debian/rules clean
dh_clean
rm -rf obj
 debian/rules build
mkdir -p obj
cd obj && cmake -DCMAKE_INSTALL_PREFIX=/usr -DCMAKE_VERBOSE_MAKEFILE=ON -DCMAKE_BUILD_TYPE=None -DCMAKE_C_FLAGS="-g -O2 -fdebug-prefix-map=/<<PKGBUILDDIR>>=. -fstack-protector-strong -Wformat -Werror=format-security -Wdate-time -D_FORTIFY_SOURCE=2" -DCMAKE_SHARED_LINKER_FLAGS="-Wl,-z,relro" -DCMAKE_EXE_LINKER_FLAGS="-Wl,-z,relro"  -DUNIT_TESTING=1 ..
-- The C compiler identification is Clang 10.0.0
-- Check for working C compiler: /usr/bin/cc
-- Check for working C compiler: /usr/bin/cc -- works
-- Detecting C compiler ABI info
-- Detecting C compiler ABI info - done
-- Detecting C compile features
-- Detecting C compile features - done
-- Performing Test REQUIRED_FLAGS_WERROR
-- Performing Test REQUIRED_FLAGS_WERROR - Success
-- Performing Test WITH_STD_GNU99_FLAG
-- Performing Test WITH_STD_GNU99_FLAG - Success
-- Performing Test WITH_WALL_FLAG
-- Performing Test WITH_WALL_FLAG - Success
-- Performing Test WITH_WSHADOW_FLAG
-- Performing Test WITH_WSHADOW_FLAG - Success
-- Performing Test WITH_WMISSING_PROTOTYPES_FLAG
-- Performing Test WITH_WMISSING_PROTOTYPES_FLAG - Success
-- Performing Test WITH_WCAST_ALIGN_FLAG
-- Performing Test WITH_WCAST_ALIGN_FLAG - Success
-- Performing Test WITH_WERROR_ADDRESS_FLAG
-- Performing Test WITH_WERROR_ADDRESS_FLAG - Success
-- Performing Test WITH_WSTRICT_PROTOTYPES_FLAG
-- Performing Test WITH_WSTRICT_PROTOTYPES_FLAG - Success
-- Performing Test WITH_WERROR_STRICT_PROTOTYPES_FLAG
-- Performing Test WITH_WERROR_STRICT_PROTOTYPES_FLAG - Success
-- Performing Test WITH_WWRITE_STRINGS_FLAG
-- Performing Test WITH_WWRITE_STRINGS_FLAG - Success
-- Performing Test WITH_WERROR_WRITE_STRINGS_FLAG
-- Performing Test WITH_WERROR_WRITE_STRINGS_FLAG - Success
-- Performing Test WITH_WERROR_IMPLICIT_FUNCTION_DECLARATION_FLAG
-- Performing Test WITH_WERROR_IMPLICIT_FUNCTION_DECLARATION_FLAG - Success
-- Performing Test WITH_WPOINTER_ARITH_FLAG
-- Performing Test WITH_WPOINTER_ARITH_FLAG - Success
-- Performing Test WITH_WERROR_POINTER_ARITH_FLAG
-- Performing Test WITH_WERROR_POINTER_ARITH_FLAG - Success
-- Performing Test WITH_WDECLARATION_AFTER_STATEMENT_FLAG
-- Performing Test WITH_WDECLARATION_AFTER_STATEMENT_FLAG - Success
-- Performing Test WITH_WERROR_DECLARATION_AFTER_STATEMENT_FLAG
-- Performing Test WITH_WERROR_DECLARATION_AFTER_STATEMENT_FLAG - Success
-- Performing Test WITH_WRETURN_TYPE_FLAG
-- Performing Test WITH_WRETURN_TYPE_FLAG - Success
-- Performing Test WITH_WERROR_RETURN_TYPE_FLAG
-- Performing Test WITH_WERROR_RETURN_TYPE_FLAG - Success
-- Performing Test WITH_WUNINITIALIZED_FLAG
-- Performing Test WITH_WUNINITIALIZED_FLAG - Success
-- Performing Test WITH_WERROR_UNINITIALIZED_FLAG
-- Performing Test WITH_WERROR_UNINITIALIZED_FLAG - Success
-- Performing Test WITH_WIMPLICIT_FALLTHROUGH_FLAG
-- Performing Test WITH_WIMPLICIT_FALLTHROUGH_FLAG - Success
-- Performing Test WITH_WERROR_STRICT_OVERFLOW_FLAG
-- Performing Test WITH_WERROR_STRICT_OVERFLOW_FLAG - Success
-- Performing Test WITH_WSTRICT_OVERFLOW_2_FLAG
-- Performing Test WITH_WSTRICT_OVERFLOW_2_FLAG - Success
-- Performing Test WITH_WNO_FORMAT_ZERO_LENGTH_FLAG
-- Performing Test WITH_WNO_FORMAT_ZERO_LENGTH_FLAG - Success
-- Performing Test REQUIRED_FLAGS_WFORMAT
-- Performing Test REQUIRED_FLAGS_WFORMAT - Success
-- Performing Test WITH_WFORMAT_SECURITY_FLAG
-- Performing Test WITH_WFORMAT_SECURITY_FLAG - Success
-- Performing Test WITH_WERROR_FORMAT_SECURITY_FLAG
-- Performing Test WITH_WERROR_FORMAT_SECURITY_FLAG - Success
-- Performing Test WITH_WNO_GNU_ZERO_VARIADIC_MACRO_ARGUMENTS_FLAG
-- Performing Test WITH_WNO_GNU_ZERO_VARIADIC_MACRO_ARGUMENTS_FLAG - Success
-- Performing Test WITH_FNO_COMMON_FLAG
-- Performing Test WITH_FNO_COMMON_FLAG - Success
-- Performing Test WITH_STACK_PROTECTOR_STRONG
-- Performing Test WITH_STACK_PROTECTOR_STRONG - Success
-- Performing Test WITH_STACK_CLASH_PROTECTION
-- Performing Test WITH_STACK_CLASH_PROTECTION - Failed
-- Looking for pthread.h
-- Looking for pthread.h - found
-- Performing Test CMAKE_HAVE_LIBC_PTHREAD
-- Performing Test CMAKE_HAVE_LIBC_PTHREAD - Failed
-- Looking for pthread_create in pthreads
-- Looking for pthread_create in pthreads - not found
-- Looking for pthread_create in pthread
-- Looking for pthread_create in pthread - found
-- Found Threads: TRUE  
-- Looking for sys/filio.h
-- Looking for sys/filio.h - not found
-- Looking for sys/signalfd.h
-- Looking for sys/signalfd.h - found
-- Looking for sys/eventfd.h
-- Looking for sys/eventfd.h - found
-- Looking for sys/timerfd.h
-- Looking for sys/timerfd.h - found
-- Looking for gnu/lib-names.h
-- Looking for gnu/lib-names.h - found
-- Looking for rpc/rpc.h
-- Looking for rpc/rpc.h - found
-- Looking for program_invocation_short_name
-- Looking for program_invocation_short_name - found
-- Looking for strncpy
-- Looking for strncpy - found
-- Looking for vsnprintf
-- Looking for vsnprintf - found
-- Looking for snprintf
-- Looking for snprintf - found
-- Looking for signalfd
-- Looking for signalfd - found
-- Looking for eventfd
-- Looking for eventfd - found
-- Looking for timerfd_create
-- Looking for timerfd_create - found
-- Looking for bindresvport
-- Looking for bindresvport - found
-- Looking for accept4
-- Looking for accept4 - found
-- Looking for open64
-- Looking for open64 - found
-- Looking for fopen64
-- Looking for fopen64 - found
-- Looking for getprogname
-- Looking for getprogname - not found
-- Looking for getexecname
-- Looking for getexecname - not found
-- Looking for pledge
-- Looking for pledge - not found
-- Looking for getaddrinfo
-- Looking for getaddrinfo - found
-- Performing Test HAVE_STRUCT_IN_PKTINFO
-- Performing Test HAVE_STRUCT_IN_PKTINFO - Success
-- Performing Test HAVE_STRUCT_IN6_PKTINFO
-- Performing Test HAVE_STRUCT_IN6_PKTINFO - Success
-- Performing Test HAVE_STRUCT_SOCKADDR_SA_LEN
-- Performing Test HAVE_STRUCT_SOCKADDR_SA_LEN - Failed
-- Performing Test HAVE_STRUCT_MSGHDR_MSG_CONTROL
-- Performing Test HAVE_STRUCT_MSGHDR_MSG_CONTROL - Success
-- Checking prototype gettimeofday for HAVE_GETTIMEOFDAY_TZ - True
-- Checking prototype gettimeofday for HAVE_GETTIMEOFDAY_TZ_VOID - False
-- Checking prototype accept for HAVE_ACCEPT_PSOCKLEN_T - False
-- Checking prototype ioctl for HAVE_IOCTL_INT - False
-- Checking prototype eventfd for HAVE_EVENTFD_UNSIGNED_INT - True
-- Performing Test HAVE_IPV6
-- Performing Test HAVE_IPV6 - Success
-- Performing Test HAVE_SOCKADDR_STORAGE
-- Performing Test HAVE_SOCKADDR_STORAGE - Success
-- Performing Test HAVE_CONSTRUCTOR_ATTRIBUTE
-- Performing Test HAVE_CONSTRUCTOR_ATTRIBUTE - Success
-- Performing Test HAVE_DESTRUCTOR_ATTRIBUTE
-- Performing Test HAVE_DESTRUCTOR_ATTRIBUTE - Success
-- Performing Test HAVE_FALLTHROUGH_ATTRIBUTE
-- Performing Test HAVE_FALLTHROUGH_ATTRIBUTE - Success
-- Performing Test HAVE_GCC_THREAD_LOCAL_STORAGE
-- Performing Test HAVE_GCC_THREAD_LOCAL_STORAGE - Success
-- Performing Test HAVE_FUNCTION_ATTRIBUTE_FORMAT
-- Performing Test HAVE_FUNCTION_ATTRIBUTE_FORMAT - Success
-- Performing Test HAVE_ADDRESS_SANITIZER_ATTRIBUTE
-- Performing Test HAVE_ADDRESS_SANITIZER_ATTRIBUTE - Success
-- Check if the system is big endian
-- Searching 16 bit integer
-- Looking for sys/types.h
-- Looking for sys/types.h - found
-- Looking for stdint.h
-- Looking for stdint.h - found
-- Looking for stddef.h
-- Looking for stddef.h - found
-- Check size of unsigned short
-- Check size of unsigned short - done
-- Using unsigned short
-- Check if the system is big endian - little endian
-- Check size of pid_t
-- Check size of pid_t - done
-- Configuring done
-- Generating done
-- Build files have been written to: /<<PKGBUILDDIR>>/obj
/usr/bin/make -j4 -C obj/
make[1]: Entering directory '/<<PKGBUILDDIR>>/obj'
/usr/bin/cmake -S/<<PKGBUILDDIR>> -B/<<PKGBUILDDIR>>/obj --check-build-system CMakeFiles/Makefile.cmake 0
/usr/bin/cmake -E cmake_progress_start /<<PKGBUILDDIR>>/obj/CMakeFiles /<<PKGBUILDDIR>>/obj/CMakeFiles/progress.marks
/usr/bin/make -f CMakeFiles/Makefile2 all
make[2]: Entering directory '/<<PKGBUILDDIR>>/obj'
/usr/bin/make -f src/CMakeFiles/socket_wrapper.dir/build.make src/CMakeFiles/socket_wrapper.dir/depend
/usr/bin/make -f tests/CMakeFiles/torture.dir/build.make tests/CMakeFiles/torture.dir/depend
make[3]: Entering directory '/<<PKGBUILDDIR>>/obj'
cd /<<PKGBUILDDIR>>/obj && /usr/bin/cmake -E cmake_depends "Unix Makefiles" /<<PKGBUILDDIR>> /<<PKGBUILDDIR>>/src /<<PKGBUILDDIR>>/obj /<<PKGBUILDDIR>>/obj/src /<<PKGBUILDDIR>>/obj/src/CMakeFiles/socket_wrapper.dir/DependInfo.cmake --color=
/usr/bin/make -f tests/CMakeFiles/thread_deadlock.dir/build.make tests/CMakeFiles/thread_deadlock.dir/depend
make[3]: Entering directory '/<<PKGBUILDDIR>>/obj'
cd /<<PKGBUILDDIR>>/obj && /usr/bin/cmake -E cmake_depends "Unix Makefiles" /<<PKGBUILDDIR>> /<<PKGBUILDDIR>>/tests /<<PKGBUILDDIR>>/obj /<<PKGBUILDDIR>>/obj/tests /<<PKGBUILDDIR>>/obj/tests/CMakeFiles/torture.dir/DependInfo.cmake --color=
/usr/bin/make -f tests/CMakeFiles/echo_srv.dir/build.make tests/CMakeFiles/echo_srv.dir/depend
make[3]: Entering directory '/<<PKGBUILDDIR>>/obj'
cd /<<PKGBUILDDIR>>/obj && /usr/bin/cmake -E cmake_depends "Unix Makefiles" /<<PKGBUILDDIR>> /<<PKGBUILDDIR>>/tests /<<PKGBUILDDIR>>/obj /<<PKGBUILDDIR>>/obj/tests /<<PKGBUILDDIR>>/obj/tests/CMakeFiles/echo_srv.dir/DependInfo.cmake --color=
make[3]: Entering directory '/<<PKGBUILDDIR>>/obj'
cd /<<PKGBUILDDIR>>/obj && /usr/bin/cmake -E cmake_depends "Unix Makefiles" /<<PKGBUILDDIR>> /<<PKGBUILDDIR>>/tests /<<PKGBUILDDIR>>/obj /<<PKGBUILDDIR>>/obj/tests /<<PKGBUILDDIR>>/obj/tests/CMakeFiles/thread_deadlock.dir/DependInfo.cmake --color=
Scanning dependencies of target socket_wrapper
Scanning dependencies of target torture
make[3]: Leaving directory '/<<PKGBUILDDIR>>/obj'
/usr/bin/make -f src/CMakeFiles/socket_wrapper.dir/build.make src/CMakeFiles/socket_wrapper.dir/build
make[3]: Leaving directory '/<<PKGBUILDDIR>>/obj'
/usr/bin/make -f tests/CMakeFiles/torture.dir/build.make tests/CMakeFiles/torture.dir/build
Scanning dependencies of target echo_srv
make[3]: Entering directory '/<<PKGBUILDDIR>>/obj'
make[3]: Leaving directory '/<<PKGBUILDDIR>>/obj'
/usr/bin/make -f tests/CMakeFiles/echo_srv.dir/build.make tests/CMakeFiles/echo_srv.dir/build
make[3]: Entering directory '/<<PKGBUILDDIR>>/obj'
make[3]: Entering directory '/<<PKGBUILDDIR>>/obj'
Scanning dependencies of target thread_deadlock
make[3]: Leaving directory '/<<PKGBUILDDIR>>/obj'
/usr/bin/make -f tests/CMakeFiles/thread_deadlock.dir/build.make tests/CMakeFiles/thread_deadlock.dir/build
make[3]: Entering directory '/<<PKGBUILDDIR>>/obj'
[  1%] Building C object src/CMakeFiles/socket_wrapper.dir/socket_wrapper.c.o
cd /<<PKGBUILDDIR>>/obj/src && /usr/bin/cc -Dsocket_wrapper_EXPORTS -I/<<PKGBUILDDIR>>/obj/src -I/<<PKGBUILDDIR>>/src -I/<<PKGBUILDDIR>>/obj  -g -O2 -fdebug-prefix-map=/<<PKGBUILDDIR>>=. -fstack-protector-strong -Wformat -Werror=format-security -Wdate-time -D_FORTIFY_SOURCE=2 -fPIC   -std=gnu99 -Wall -Wshadow -Wmissing-prototypes -Wcast-align -Werror=address -Wstrict-prototypes -Werror=strict-prototypes -Wwrite-strings -Werror=write-strings -Werror-implicit-function-declaration -Wpointer-arith -Werror=pointer-arith -Wdeclaration-after-statement -Werror=declaration-after-statement -Wreturn-type -Werror=return-type -Wuninitialized -Werror=uninitialized -Wimplicit-fallthrough -Werror=strict-overflow -Wstrict-overflow=2 -Wno-format-zero-length -Wformat -Wformat-security -Werror=format-security -Wno-gnu-zero-variadic-macro-arguments -fno-common -fstack-protector-strong -D_GNU_SOURCE -o CMakeFiles/socket_wrapper.dir/socket_wrapper.c.o   -c /<<PKGBUILDDIR>>/src/socket_wrapper.c
[  3%] Building C object tests/CMakeFiles/echo_srv.dir/echo_srv.c.o
cd /<<PKGBUILDDIR>>/obj/tests && /usr/bin/cc  -I/<<PKGBUILDDIR>>/obj/tests -I/<<PKGBUILDDIR>>/tests -I/<<PKGBUILDDIR>>/obj -I/<<PKGBUILDDIR>>/src  -g -O2 -fdebug-prefix-map=/<<PKGBUILDDIR>>=. -fstack-protector-strong -Wformat -Werror=format-security -Wdate-time -D_FORTIFY_SOURCE=2 -fPIE   -std=gnu99 -Wall -Wshadow -Wmissing-prototypes -Wcast-align -Werror=address -Wstrict-prototypes -Werror=strict-prototypes -Wwrite-strings -Werror=write-strings -Werror-implicit-function-declaration -Wpointer-arith -Werror=pointer-arith -Wdeclaration-after-statement -Werror=declaration-after-statement -Wreturn-type -Werror=return-type -Wuninitialized -Werror=uninitialized -Wimplicit-fallthrough -Werror=strict-overflow -Wstrict-overflow=2 -Wno-format-zero-length -Wformat -Wformat-security -Werror=format-security -Wno-gnu-zero-variadic-macro-arguments -fno-common -fstack-protector-strong -D_GNU_SOURCE -o CMakeFiles/echo_srv.dir/echo_srv.c.o   -c /<<PKGBUILDDIR>>/tests/echo_srv.c
[  5%] Building C object tests/CMakeFiles/torture.dir/torture.c.o
cd /<<PKGBUILDDIR>>/obj/tests && /usr/bin/cc  -I/<<PKGBUILDDIR>>/obj/tests -I/<<PKGBUILDDIR>>/tests -I/<<PKGBUILDDIR>>/obj -I/<<PKGBUILDDIR>>/src  -g -O2 -fdebug-prefix-map=/<<PKGBUILDDIR>>=. -fstack-protector-strong -Wformat -Werror=format-security -Wdate-time -D_FORTIFY_SOURCE=2 -fPIC   -std=gnu99 -Wall -Wshadow -Wmissing-prototypes -Wcast-align -Werror=address -Wstrict-prototypes -Werror=strict-prototypes -Wwrite-strings -Werror=write-strings -Werror-implicit-function-declaration -Wpointer-arith -Werror=pointer-arith -Wdeclaration-after-statement -Werror=declaration-after-statement -Wreturn-type -Werror=return-type -Wuninitialized -Werror=uninitialized -Wimplicit-fallthrough -Werror=strict-overflow -Wstrict-overflow=2 -Wno-format-zero-length -Wformat -Wformat-security -Werror=format-security -Wno-gnu-zero-variadic-macro-arguments -fno-common -fstack-protector-strong -D_GNU_SOURCE -o CMakeFiles/torture.dir/torture.c.o   -c /<<PKGBUILDDIR>>/tests/torture.c
[  6%] Building C object tests/CMakeFiles/thread_deadlock.dir/thread_deadlock.c.o
cd /<<PKGBUILDDIR>>/obj/tests && /usr/bin/cc -Dthread_deadlock_EXPORTS -I/<<PKGBUILDDIR>>/obj/tests -I/<<PKGBUILDDIR>>/tests -I/<<PKGBUILDDIR>>/obj -I/<<PKGBUILDDIR>>/src  -g -O2 -fdebug-prefix-map=/<<PKGBUILDDIR>>=. -fstack-protector-strong -Wformat -Werror=format-security -Wdate-time -D_FORTIFY_SOURCE=2 -fPIC   -std=gnu99 -Wall -Wshadow -Wmissing-prototypes -Wcast-align -Werror=address -Wstrict-prototypes -Werror=strict-prototypes -Wwrite-strings -Werror=write-strings -Werror-implicit-function-declaration -Wpointer-arith -Werror=pointer-arith -Wdeclaration-after-statement -Werror=declaration-after-statement -Wreturn-type -Werror=return-type -Wuninitialized -Werror=uninitialized -Wimplicit-fallthrough -Werror=strict-overflow -Wstrict-overflow=2 -Wno-format-zero-length -Wformat -Wformat-security -Werror=format-security -Wno-gnu-zero-variadic-macro-arguments -fno-common -fstack-protector-strong -o CMakeFiles/thread_deadlock.dir/thread_deadlock.c.o   -c /<<PKGBUILDDIR>>/tests/thread_deadlock.c
[  8%] Linking C shared library libthread_deadlock.so
cd /<<PKGBUILDDIR>>/obj/tests && /usr/bin/cmake -E cmake_link_script CMakeFiles/thread_deadlock.dir/link.txt --verbose=1
/usr/bin/cc -fPIC -g -O2 -fdebug-prefix-map=/<<PKGBUILDDIR>>=. -fstack-protector-strong -Wformat -Werror=format-security -Wdate-time -D_FORTIFY_SOURCE=2 -Wl,-z,relro -shared -Wl,-soname,libthread_deadlock.so -o libthread_deadlock.so CMakeFiles/thread_deadlock.dir/thread_deadlock.c.o  -lpthread 
[ 10%] Linking C static library libtorture.a
cd /<<PKGBUILDDIR>>/obj/tests && /usr/bin/cmake -P CMakeFiles/torture.dir/cmake_clean_target.cmake
make[3]: Leaving directory '/<<PKGBUILDDIR>>/obj'
cd /<<PKGBUILDDIR>>/obj/tests && /usr/bin/cmake -E cmake_link_script CMakeFiles/torture.dir/link.txt --verbose=1
/usr/bin/ar qc libtorture.a  CMakeFiles/torture.dir/torture.c.o
[ 10%] Built target thread_deadlock
/usr/bin/ranlib libtorture.a
make[3]: Leaving directory '/<<PKGBUILDDIR>>/obj'
[ 10%] Built target torture
/usr/bin/make -f tests/CMakeFiles/test_echo_tcp_writev_readv.dir/build.make tests/CMakeFiles/test_echo_tcp_writev_readv.dir/depend
/usr/bin/make -f tests/CMakeFiles/test_thread_sockets.dir/build.make tests/CMakeFiles/test_thread_sockets.dir/depend
make[3]: Entering directory '/<<PKGBUILDDIR>>/obj'
cd /<<PKGBUILDDIR>>/obj && /usr/bin/cmake -E cmake_depends "Unix Makefiles" /<<PKGBUILDDIR>> /<<PKGBUILDDIR>>/tests /<<PKGBUILDDIR>>/obj /<<PKGBUILDDIR>>/obj/tests /<<PKGBUILDDIR>>/obj/tests/CMakeFiles/test_echo_tcp_writev_readv.dir/DependInfo.cmake --color=
make[3]: Entering directory '/<<PKGBUILDDIR>>/obj'
cd /<<PKGBUILDDIR>>/obj && /usr/bin/cmake -E cmake_depends "Unix Makefiles" /<<PKGBUILDDIR>> /<<PKGBUILDDIR>>/tests /<<PKGBUILDDIR>>/obj /<<PKGBUILDDIR>>/obj/tests /<<PKGBUILDDIR>>/obj/tests/CMakeFiles/test_thread_sockets.dir/DependInfo.cmake --color=
Scanning dependencies of target test_thread_sockets
Scanning dependencies of target test_echo_tcp_writev_readv
make[3]: Leaving directory '/<<PKGBUILDDIR>>/obj'
/usr/bin/make -f tests/CMakeFiles/test_echo_tcp_writev_readv.dir/build.make tests/CMakeFiles/test_echo_tcp_writev_readv.dir/build
make[3]: Leaving directory '/<<PKGBUILDDIR>>/obj'
/usr/bin/make -f tests/CMakeFiles/test_thread_sockets.dir/build.make tests/CMakeFiles/test_thread_sockets.dir/build
make[3]: Entering directory '/<<PKGBUILDDIR>>/obj'
[ 12%] Linking C executable echo_srv
make[3]: Entering directory '/<<PKGBUILDDIR>>/obj'
cd /<<PKGBUILDDIR>>/obj/tests && /usr/bin/cmake -E cmake_link_script CMakeFiles/echo_srv.dir/link.txt --verbose=1
[ 13%] Building C object tests/CMakeFiles/test_thread_sockets.dir/test_thread_sockets.c.o
cd /<<PKGBUILDDIR>>/obj/tests && /usr/bin/cc  -I/<<PKGBUILDDIR>>/obj/tests -I/<<PKGBUILDDIR>>/tests -I/<<PKGBUILDDIR>>/obj -I/<<PKGBUILDDIR>>/src  -g -O2 -fdebug-prefix-map=/<<PKGBUILDDIR>>=. -fstack-protector-strong -Wformat -Werror=format-security -Wdate-time -D_FORTIFY_SOURCE=2 -fPIE   -std=gnu99 -Wall -Wshadow -Wmissing-prototypes -Wcast-align -Werror=address -Wstrict-prototypes -Werror=strict-prototypes -Wwrite-strings -Werror=write-strings -Werror-implicit-function-declaration -Wpointer-arith -Werror=pointer-arith -Wdeclaration-after-statement -Werror=declaration-after-statement -Wreturn-type -Werror=return-type -Wuninitialized -Werror=uninitialized -Wimplicit-fallthrough -Werror=strict-overflow -Wstrict-overflow=2 -Wno-format-zero-length -Wformat -Wformat-security -Werror=format-security -Wno-gnu-zero-variadic-macro-arguments -fno-common -fstack-protector-strong -D_GNU_SOURCE -o CMakeFiles/test_thread_sockets.dir/test_thread_sockets.c.o   -c /<<PKGBUILDDIR>>/tests/test_thread_sockets.c
[ 15%] Building C object tests/CMakeFiles/test_echo_tcp_writev_readv.dir/test_echo_tcp_writev_readv.c.o
cd /<<PKGBUILDDIR>>/obj/tests && /usr/bin/cc  -I/<<PKGBUILDDIR>>/obj/tests -I/<<PKGBUILDDIR>>/tests -I/<<PKGBUILDDIR>>/obj -I/<<PKGBUILDDIR>>/src  -g -O2 -fdebug-prefix-map=/<<PKGBUILDDIR>>=. -fstack-protector-strong -Wformat -Werror=format-security -Wdate-time -D_FORTIFY_SOURCE=2 -fPIE   -std=gnu99 -Wall -Wshadow -Wmissing-prototypes -Wcast-align -Werror=address -Wstrict-prototypes -Werror=strict-prototypes -Wwrite-strings -Werror=write-strings -Werror-implicit-function-declaration -Wpointer-arith -Werror=pointer-arith -Wdeclaration-after-statement -Werror=declaration-after-statement -Wreturn-type -Werror=return-type -Wuninitialized -Werror=uninitialized -Wimplicit-fallthrough -Werror=strict-overflow -Wstrict-overflow=2 -Wno-format-zero-length -Wformat -Wformat-security -Werror=format-security -Wno-gnu-zero-variadic-macro-arguments -fno-common -fstack-protector-strong -D_GNU_SOURCE -o CMakeFiles/test_echo_tcp_writev_readv.dir/test_echo_tcp_writev_readv.c.o   -c /<<PKGBUILDDIR>>/tests/test_echo_tcp_writev_readv.c
/usr/bin/cc -g -O2 -fdebug-prefix-map=/<<PKGBUILDDIR>>=. -fstack-protector-strong -Wformat -Werror=format-security -Wdate-time -D_FORTIFY_SOURCE=2  -Wl,-z,relro CMakeFiles/echo_srv.dir/echo_srv.c.o  -o echo_srv  /usr/lib/x86_64-linux-gnu/libdl.so 
make[3]: Leaving directory '/<<PKGBUILDDIR>>/obj'
[ 15%] Built target echo_srv
/usr/bin/make -f tests/CMakeFiles/test_thread_echo_tcp_connect.dir/build.make tests/CMakeFiles/test_thread_echo_tcp_connect.dir/depend
make[3]: Entering directory '/<<PKGBUILDDIR>>/obj'
cd /<<PKGBUILDDIR>>/obj && /usr/bin/cmake -E cmake_depends "Unix Makefiles" /<<PKGBUILDDIR>> /<<PKGBUILDDIR>>/tests /<<PKGBUILDDIR>>/obj /<<PKGBUILDDIR>>/obj/tests /<<PKGBUILDDIR>>/obj/tests/CMakeFiles/test_thread_echo_tcp_connect.dir/DependInfo.cmake --color=
[ 17%] Linking C executable test_thread_sockets
cd /<<PKGBUILDDIR>>/obj/tests && /usr/bin/cmake -E cmake_link_script CMakeFiles/test_thread_sockets.dir/link.txt --verbose=1
Scanning dependencies of target test_thread_echo_tcp_connect
make[3]: Leaving directory '/<<PKGBUILDDIR>>/obj'
/usr/bin/make -f tests/CMakeFiles/test_thread_echo_tcp_connect.dir/build.make tests/CMakeFiles/test_thread_echo_tcp_connect.dir/build
make[3]: Entering directory '/<<PKGBUILDDIR>>/obj'
/usr/bin/cc -g -O2 -fdebug-prefix-map=/<<PKGBUILDDIR>>=. -fstack-protector-strong -Wformat -Werror=format-security -Wdate-time -D_FORTIFY_SOURCE=2  -Wl,-z,relro CMakeFiles/test_thread_sockets.dir/test_thread_sockets.c.o  -o test_thread_sockets  libtorture.a /usr/lib/x86_64-linux-gnu/libcmocka.so /usr/lib/x86_64-linux-gnu/libdl.so -lpthread 
[ 18%] Building C object tests/CMakeFiles/test_thread_echo_tcp_connect.dir/test_thread_echo_tcp_connect.c.o
[ 20%] Linking C executable test_echo_tcp_writev_readv
cd /<<PKGBUILDDIR>>/obj/tests && /usr/bin/cmake -E cmake_link_script CMakeFiles/test_echo_tcp_writev_readv.dir/link.txt --verbose=1
cd /<<PKGBUILDDIR>>/obj/tests && /usr/bin/cc  -I/<<PKGBUILDDIR>>/obj/tests -I/<<PKGBUILDDIR>>/tests -I/<<PKGBUILDDIR>>/obj -I/<<PKGBUILDDIR>>/src  -g -O2 -fdebug-prefix-map=/<<PKGBUILDDIR>>=. -fstack-protector-strong -Wformat -Werror=format-security -Wdate-time -D_FORTIFY_SOURCE=2 -fPIE   -std=gnu99 -Wall -Wshadow -Wmissing-prototypes -Wcast-align -Werror=address -Wstrict-prototypes -Werror=strict-prototypes -Wwrite-strings -Werror=write-strings -Werror-implicit-function-declaration -Wpointer-arith -Werror=pointer-arith -Wdeclaration-after-statement -Werror=declaration-after-statement -Wreturn-type -Werror=return-type -Wuninitialized -Werror=uninitialized -Wimplicit-fallthrough -Werror=strict-overflow -Wstrict-overflow=2 -Wno-format-zero-length -Wformat -Wformat-security -Werror=format-security -Wno-gnu-zero-variadic-macro-arguments -fno-common -fstack-protector-strong -D_GNU_SOURCE -o CMakeFiles/test_thread_echo_tcp_connect.dir/test_thread_echo_tcp_connect.c.o   -c /<<PKGBUILDDIR>>/tests/test_thread_echo_tcp_connect.c
/usr/bin/cc -g -O2 -fdebug-prefix-map=/<<PKGBUILDDIR>>=. -fstack-protector-strong -Wformat -Werror=format-security -Wdate-time -D_FORTIFY_SOURCE=2  -Wl,-z,relro CMakeFiles/test_echo_tcp_writev_readv.dir/test_echo_tcp_writev_readv.c.o  -o test_echo_tcp_writev_readv  libtorture.a /usr/lib/x86_64-linux-gnu/libcmocka.so /usr/lib/x86_64-linux-gnu/libdl.so -lpthread 
make[3]: Leaving directory '/<<PKGBUILDDIR>>/obj'
[ 20%] Built target test_thread_sockets
/usr/bin/make -f tests/CMakeFiles/test_echo_tcp_socket_options.dir/build.make tests/CMakeFiles/test_echo_tcp_socket_options.dir/depend
make[3]: Entering directory '/<<PKGBUILDDIR>>/obj'
cd /<<PKGBUILDDIR>>/obj && /usr/bin/cmake -E cmake_depends "Unix Makefiles" /<<PKGBUILDDIR>> /<<PKGBUILDDIR>>/tests /<<PKGBUILDDIR>>/obj /<<PKGBUILDDIR>>/obj/tests /<<PKGBUILDDIR>>/obj/tests/CMakeFiles/test_echo_tcp_socket_options.dir/DependInfo.cmake --color=
make[3]: Leaving directory '/<<PKGBUILDDIR>>/obj'
Scanning dependencies of target test_echo_tcp_socket_options
[ 20%] Built target test_echo_tcp_writev_readv
/usr/bin/make -f tests/CMakeFiles/test_echo_tcp_connect.dir/build.make tests/CMakeFiles/test_echo_tcp_connect.dir/depend
make[3]: Leaving directory '/<<PKGBUILDDIR>>/obj'
/usr/bin/make -f tests/CMakeFiles/test_echo_tcp_socket_options.dir/build.make tests/CMakeFiles/test_echo_tcp_socket_options.dir/build
make[3]: Entering directory '/<<PKGBUILDDIR>>/obj'
cd /<<PKGBUILDDIR>>/obj && /usr/bin/cmake -E cmake_depends "Unix Makefiles" /<<PKGBUILDDIR>> /<<PKGBUILDDIR>>/tests /<<PKGBUILDDIR>>/obj /<<PKGBUILDDIR>>/obj/tests /<<PKGBUILDDIR>>/obj/tests/CMakeFiles/test_echo_tcp_connect.dir/DependInfo.cmake --color=
make[3]: Entering directory '/<<PKGBUILDDIR>>/obj'
Scanning dependencies of target test_echo_tcp_connect
make[3]: Leaving directory '/<<PKGBUILDDIR>>/obj'
/usr/bin/make -f tests/CMakeFiles/test_echo_tcp_connect.dir/build.make tests/CMakeFiles/test_echo_tcp_connect.dir/build
make[3]: Entering directory '/<<PKGBUILDDIR>>/obj'
[ 22%] Building C object tests/CMakeFiles/test_echo_tcp_connect.dir/test_echo_tcp_connect.c.o
cd /<<PKGBUILDDIR>>/obj/tests && /usr/bin/cc  -I/<<PKGBUILDDIR>>/obj/tests -I/<<PKGBUILDDIR>>/tests -I/<<PKGBUILDDIR>>/obj -I/<<PKGBUILDDIR>>/src  -g -O2 -fdebug-prefix-map=/<<PKGBUILDDIR>>=. -fstack-protector-strong -Wformat -Werror=format-security -Wdate-time -D_FORTIFY_SOURCE=2 -fPIE   -std=gnu99 -Wall -Wshadow -Wmissing-prototypes -Wcast-align -Werror=address -Wstrict-prototypes -Werror=strict-prototypes -Wwrite-strings -Werror=write-strings -Werror-implicit-function-declaration -Wpointer-arith -Werror=pointer-arith -Wdeclaration-after-statement -Werror=declaration-after-statement -Wreturn-type -Werror=return-type -Wuninitialized -Werror=uninitialized -Wimplicit-fallthrough -Werror=strict-overflow -Wstrict-overflow=2 -Wno-format-zero-length -Wformat -Wformat-security -Werror=format-security -Wno-gnu-zero-variadic-macro-arguments -fno-common -fstack-protector-strong -D_GNU_SOURCE -o CMakeFiles/test_echo_tcp_connect.dir/test_echo_tcp_connect.c.o   -c /<<PKGBUILDDIR>>/tests/test_echo_tcp_connect.c
[ 24%] Building C object tests/CMakeFiles/test_echo_tcp_socket_options.dir/test_echo_tcp_socket_options.c.o
cd /<<PKGBUILDDIR>>/obj/tests && /usr/bin/cc  -I/<<PKGBUILDDIR>>/obj/tests -I/<<PKGBUILDDIR>>/tests -I/<<PKGBUILDDIR>>/obj -I/<<PKGBUILDDIR>>/src  -g -O2 -fdebug-prefix-map=/<<PKGBUILDDIR>>=. -fstack-protector-strong -Wformat -Werror=format-security -Wdate-time -D_FORTIFY_SOURCE=2 -fPIE   -std=gnu99 -Wall -Wshadow -Wmissing-prototypes -Wcast-align -Werror=address -Wstrict-prototypes -Werror=strict-prototypes -Wwrite-strings -Werror=write-strings -Werror-implicit-function-declaration -Wpointer-arith -Werror=pointer-arith -Wdeclaration-after-statement -Werror=declaration-after-statement -Wreturn-type -Werror=return-type -Wuninitialized -Werror=uninitialized -Wimplicit-fallthrough -Werror=strict-overflow -Wstrict-overflow=2 -Wno-format-zero-length -Wformat -Wformat-security -Werror=format-security -Wno-gnu-zero-variadic-macro-arguments -fno-common -fstack-protector-strong -D_GNU_SOURCE -o CMakeFiles/test_echo_tcp_socket_options.dir/test_echo_tcp_socket_options.c.o   -c /<<PKGBUILDDIR>>/tests/test_echo_tcp_socket_options.c
[ 25%] Linking C executable test_thread_echo_tcp_connect
cd /<<PKGBUILDDIR>>/obj/tests && /usr/bin/cmake -E cmake_link_script CMakeFiles/test_thread_echo_tcp_connect.dir/link.txt --verbose=1
/usr/bin/cc -g -O2 -fdebug-prefix-map=/<<PKGBUILDDIR>>=. -fstack-protector-strong -Wformat -Werror=format-security -Wdate-time -D_FORTIFY_SOURCE=2  -Wl,-z,relro CMakeFiles/test_thread_echo_tcp_connect.dir/test_thread_echo_tcp_connect.c.o  -o test_thread_echo_tcp_connect  libtorture.a /usr/lib/x86_64-linux-gnu/libcmocka.so /usr/lib/x86_64-linux-gnu/libdl.so -lpthread 
make[3]: Leaving directory '/<<PKGBUILDDIR>>/obj'
[ 25%] Built target test_thread_echo_tcp_connect
/usr/bin/make -f tests/CMakeFiles/test_echo_tcp_bind.dir/build.make tests/CMakeFiles/test_echo_tcp_bind.dir/depend
make[3]: Entering directory '/<<PKGBUILDDIR>>/obj'
cd /<<PKGBUILDDIR>>/obj && /usr/bin/cmake -E cmake_depends "Unix Makefiles" /<<PKGBUILDDIR>> /<<PKGBUILDDIR>>/tests /<<PKGBUILDDIR>>/obj /<<PKGBUILDDIR>>/obj/tests /<<PKGBUILDDIR>>/obj/tests/CMakeFiles/test_echo_tcp_bind.dir/DependInfo.cmake --color=
Scanning dependencies of target test_echo_tcp_bind
make[3]: Leaving directory '/<<PKGBUILDDIR>>/obj'
/usr/bin/make -f tests/CMakeFiles/test_echo_tcp_bind.dir/build.make tests/CMakeFiles/test_echo_tcp_bind.dir/build
make[3]: Entering directory '/<<PKGBUILDDIR>>/obj'
[ 27%] Linking C executable test_echo_tcp_connect
cd /<<PKGBUILDDIR>>/obj/tests && /usr/bin/cmake -E cmake_link_script CMakeFiles/test_echo_tcp_connect.dir/link.txt --verbose=1
[ 29%] Building C object tests/CMakeFiles/test_echo_tcp_bind.dir/test_echo_tcp_bind.c.o
cd /<<PKGBUILDDIR>>/obj/tests && /usr/bin/cc  -I/<<PKGBUILDDIR>>/obj/tests -I/<<PKGBUILDDIR>>/tests -I/<<PKGBUILDDIR>>/obj -I/<<PKGBUILDDIR>>/src  -g -O2 -fdebug-prefix-map=/<<PKGBUILDDIR>>=. -fstack-protector-strong -Wformat -Werror=format-security -Wdate-time -D_FORTIFY_SOURCE=2 -fPIE   -std=gnu99 -Wall -Wshadow -Wmissing-prototypes -Wcast-align -Werror=address -Wstrict-prototypes -Werror=strict-prototypes -Wwrite-strings -Werror=write-strings -Werror-implicit-function-declaration -Wpointer-arith -Werror=pointer-arith -Wdeclaration-after-statement -Werror=declaration-after-statement -Wreturn-type -Werror=return-type -Wuninitialized -Werror=uninitialized -Wimplicit-fallthrough -Werror=strict-overflow -Wstrict-overflow=2 -Wno-format-zero-length -Wformat -Wformat-security -Werror=format-security -Wno-gnu-zero-variadic-macro-arguments -fno-common -fstack-protector-strong -D_GNU_SOURCE -o CMakeFiles/test_echo_tcp_bind.dir/test_echo_tcp_bind.c.o   -c /<<PKGBUILDDIR>>/tests/test_echo_tcp_bind.c
/usr/bin/cc -g -O2 -fdebug-prefix-map=/<<PKGBUILDDIR>>=. -fstack-protector-strong -Wformat -Werror=format-security -Wdate-time -D_FORTIFY_SOURCE=2  -Wl,-z,relro CMakeFiles/test_echo_tcp_connect.dir/test_echo_tcp_connect.c.o  -o test_echo_tcp_connect  libtorture.a /usr/lib/x86_64-linux-gnu/libcmocka.so /usr/lib/x86_64-linux-gnu/libdl.so -lpthread 
[ 31%] Linking C executable test_echo_tcp_socket_options
cd /<<PKGBUILDDIR>>/obj/tests && /usr/bin/cmake -E cmake_link_script CMakeFiles/test_echo_tcp_socket_options.dir/link.txt --verbose=1
/usr/bin/cc -g -O2 -fdebug-prefix-map=/<<PKGBUILDDIR>>=. -fstack-protector-strong -Wformat -Werror=format-security -Wdate-time -D_FORTIFY_SOURCE=2  -Wl,-z,relro CMakeFiles/test_echo_tcp_socket_options.dir/test_echo_tcp_socket_options.c.o  -o test_echo_tcp_socket_options  libtorture.a /usr/lib/x86_64-linux-gnu/libcmocka.so /usr/lib/x86_64-linux-gnu/libdl.so -lpthread 
make[3]: Leaving directory '/<<PKGBUILDDIR>>/obj'
[ 31%] Built target test_echo_tcp_connect
/usr/bin/make -f tests/CMakeFiles/test_fcntl.dir/build.make tests/CMakeFiles/test_fcntl.dir/depend
make[3]: Entering directory '/<<PKGBUILDDIR>>/obj'
cd /<<PKGBUILDDIR>>/obj && /usr/bin/cmake -E cmake_depends "Unix Makefiles" /<<PKGBUILDDIR>> /<<PKGBUILDDIR>>/tests /<<PKGBUILDDIR>>/obj /<<PKGBUILDDIR>>/obj/tests /<<PKGBUILDDIR>>/obj/tests/CMakeFiles/test_fcntl.dir/DependInfo.cmake --color=
make[3]: Leaving directory '/<<PKGBUILDDIR>>/obj'
Scanning dependencies of target test_fcntl
make[3]: Leaving directory '/<<PKGBUILDDIR>>/obj'
/usr/bin/make -f tests/CMakeFiles/test_fcntl.dir/build.make tests/CMakeFiles/test_fcntl.dir/build
make[3]: Entering directory '/<<PKGBUILDDIR>>/obj'
[ 31%] Built target test_echo_tcp_socket_options
/usr/bin/make -f tests/CMakeFiles/test_echo_tcp_get_peer_sock_name.dir/build.make tests/CMakeFiles/test_echo_tcp_get_peer_sock_name.dir/depend
make[3]: Entering directory '/<<PKGBUILDDIR>>/obj'
cd /<<PKGBUILDDIR>>/obj && /usr/bin/cmake -E cmake_depends "Unix Makefiles" /<<PKGBUILDDIR>> /<<PKGBUILDDIR>>/tests /<<PKGBUILDDIR>>/obj /<<PKGBUILDDIR>>/obj/tests /<<PKGBUILDDIR>>/obj/tests/CMakeFiles/test_echo_tcp_get_peer_sock_name.dir/DependInfo.cmake --color=
Scanning dependencies of target test_echo_tcp_get_peer_sock_name
make[3]: Leaving directory '/<<PKGBUILDDIR>>/obj'
/usr/bin/make -f tests/CMakeFiles/test_echo_tcp_get_peer_sock_name.dir/build.make tests/CMakeFiles/test_echo_tcp_get_peer_sock_name.dir/build
make[3]: Entering directory '/<<PKGBUILDDIR>>/obj'
[ 32%] Building C object tests/CMakeFiles/test_fcntl.dir/test_fcntl.c.o
cd /<<PKGBUILDDIR>>/obj/tests && /usr/bin/cc  -I/<<PKGBUILDDIR>>/obj/tests -I/<<PKGBUILDDIR>>/tests -I/<<PKGBUILDDIR>>/obj -I/<<PKGBUILDDIR>>/src  -g -O2 -fdebug-prefix-map=/<<PKGBUILDDIR>>=. -fstack-protector-strong -Wformat -Werror=format-security -Wdate-time -D_FORTIFY_SOURCE=2 -fPIE   -std=gnu99 -Wall -Wshadow -Wmissing-prototypes -Wcast-align -Werror=address -Wstrict-prototypes -Werror=strict-prototypes -Wwrite-strings -Werror=write-strings -Werror-implicit-function-declaration -Wpointer-arith -Werror=pointer-arith -Wdeclaration-after-statement -Werror=declaration-after-statement -Wreturn-type -Werror=return-type -Wuninitialized -Werror=uninitialized -Wimplicit-fallthrough -Werror=strict-overflow -Wstrict-overflow=2 -Wno-format-zero-length -Wformat -Wformat-security -Werror=format-security -Wno-gnu-zero-variadic-macro-arguments -fno-common -fstack-protector-strong -D_GNU_SOURCE -o CMakeFiles/test_fcntl.dir/test_fcntl.c.o   -c /<<PKGBUILDDIR>>/tests/test_fcntl.c
[ 34%] Building C object tests/CMakeFiles/test_echo_tcp_get_peer_sock_name.dir/test_echo_tcp_get_peer_sock_name.c.o
cd /<<PKGBUILDDIR>>/obj/tests && /usr/bin/cc  -I/<<PKGBUILDDIR>>/obj/tests -I/<<PKGBUILDDIR>>/tests -I/<<PKGBUILDDIR>>/obj -I/<<PKGBUILDDIR>>/src  -g -O2 -fdebug-prefix-map=/<<PKGBUILDDIR>>=. -fstack-protector-strong -Wformat -Werror=format-security -Wdate-time -D_FORTIFY_SOURCE=2 -fPIE   -std=gnu99 -Wall -Wshadow -Wmissing-prototypes -Wcast-align -Werror=address -Wstrict-prototypes -Werror=strict-prototypes -Wwrite-strings -Werror=write-strings -Werror-implicit-function-declaration -Wpointer-arith -Werror=pointer-arith -Wdeclaration-after-statement -Werror=declaration-after-statement -Wreturn-type -Werror=return-type -Wuninitialized -Werror=uninitialized -Wimplicit-fallthrough -Werror=strict-overflow -Wstrict-overflow=2 -Wno-format-zero-length -Wformat -Wformat-security -Werror=format-security -Wno-gnu-zero-variadic-macro-arguments -fno-common -fstack-protector-strong -D_GNU_SOURCE -o CMakeFiles/test_echo_tcp_get_peer_sock_name.dir/test_echo_tcp_get_peer_sock_name.c.o   -c /<<PKGBUILDDIR>>/tests/test_echo_tcp_get_peer_sock_name.c
[ 36%] Linking C executable test_echo_tcp_bind
cd /<<PKGBUILDDIR>>/obj/tests && /usr/bin/cmake -E cmake_link_script CMakeFiles/test_echo_tcp_bind.dir/link.txt --verbose=1
/usr/bin/cc -g -O2 -fdebug-prefix-map=/<<PKGBUILDDIR>>=. -fstack-protector-strong -Wformat -Werror=format-security -Wdate-time -D_FORTIFY_SOURCE=2  -Wl,-z,relro CMakeFiles/test_echo_tcp_bind.dir/test_echo_tcp_bind.c.o  -o test_echo_tcp_bind  libtorture.a /usr/lib/x86_64-linux-gnu/libcmocka.so /usr/lib/x86_64-linux-gnu/libdl.so -lpthread 
[ 37%] Linking C executable test_fcntl
cd /<<PKGBUILDDIR>>/obj/tests && /usr/bin/cmake -E cmake_link_script CMakeFiles/test_fcntl.dir/link.txt --verbose=1
/usr/bin/cc -g -O2 -fdebug-prefix-map=/<<PKGBUILDDIR>>=. -fstack-protector-strong -Wformat -Werror=format-security -Wdate-time -D_FORTIFY_SOURCE=2  -Wl,-z,relro CMakeFiles/test_fcntl.dir/test_fcntl.c.o  -o test_fcntl  libtorture.a /usr/lib/x86_64-linux-gnu/libcmocka.so /usr/lib/x86_64-linux-gnu/libdl.so -lpthread 
make[3]: Leaving directory '/<<PKGBUILDDIR>>/obj'
[ 37%] Built target test_echo_tcp_bind
/usr/bin/make -f tests/CMakeFiles/test_echo_tcp_sendmsg_recvmsg.dir/build.make tests/CMakeFiles/test_echo_tcp_sendmsg_recvmsg.dir/depend
make[3]: Entering directory '/<<PKGBUILDDIR>>/obj'
cd /<<PKGBUILDDIR>>/obj && /usr/bin/cmake -E cmake_depends "Unix Makefiles" /<<PKGBUILDDIR>> /<<PKGBUILDDIR>>/tests /<<PKGBUILDDIR>>/obj /<<PKGBUILDDIR>>/obj/tests /<<PKGBUILDDIR>>/obj/tests/CMakeFiles/test_echo_tcp_sendmsg_recvmsg.dir/DependInfo.cmake --color=
make[3]: Leaving directory '/<<PKGBUILDDIR>>/obj'
Scanning dependencies of target test_echo_tcp_sendmsg_recvmsg
make[3]: Leaving directory '/<<PKGBUILDDIR>>/obj'
/usr/bin/make -f tests/CMakeFiles/test_echo_tcp_sendmsg_recvmsg.dir/build.make tests/CMakeFiles/test_echo_tcp_sendmsg_recvmsg.dir/build
make[3]: Entering directory '/<<PKGBUILDDIR>>/obj'
[ 37%] Built target test_fcntl
/usr/bin/make -f tests/CMakeFiles/test_swrap_unit.dir/build.make tests/CMakeFiles/test_swrap_unit.dir/depend
make[3]: Entering directory '/<<PKGBUILDDIR>>/obj'
cd /<<PKGBUILDDIR>>/obj && /usr/bin/cmake -E cmake_depends "Unix Makefiles" /<<PKGBUILDDIR>> /<<PKGBUILDDIR>>/tests /<<PKGBUILDDIR>>/obj /<<PKGBUILDDIR>>/obj/tests /<<PKGBUILDDIR>>/obj/tests/CMakeFiles/test_swrap_unit.dir/DependInfo.cmake --color=
[ 39%] Building C object tests/CMakeFiles/test_echo_tcp_sendmsg_recvmsg.dir/test_echo_tcp_sendmsg_recvmsg.c.o
cd /<<PKGBUILDDIR>>/obj/tests && /usr/bin/cc  -I/<<PKGBUILDDIR>>/obj/tests -I/<<PKGBUILDDIR>>/tests -I/<<PKGBUILDDIR>>/obj -I/<<PKGBUILDDIR>>/src  -g -O2 -fdebug-prefix-map=/<<PKGBUILDDIR>>=. -fstack-protector-strong -Wformat -Werror=format-security -Wdate-time -D_FORTIFY_SOURCE=2 -fPIE   -std=gnu99 -Wall -Wshadow -Wmissing-prototypes -Wcast-align -Werror=address -Wstrict-prototypes -Werror=strict-prototypes -Wwrite-strings -Werror=write-strings -Werror-implicit-function-declaration -Wpointer-arith -Werror=pointer-arith -Wdeclaration-after-statement -Werror=declaration-after-statement -Wreturn-type -Werror=return-type -Wuninitialized -Werror=uninitialized -Wimplicit-fallthrough -Werror=strict-overflow -Wstrict-overflow=2 -Wno-format-zero-length -Wformat -Wformat-security -Werror=format-security -Wno-gnu-zero-variadic-macro-arguments -fno-common -fstack-protector-strong -D_GNU_SOURCE -o CMakeFiles/test_echo_tcp_sendmsg_recvmsg.dir/test_echo_tcp_sendmsg_recvmsg.c.o   -c /<<PKGBUILDDIR>>/tests/test_echo_tcp_sendmsg_recvmsg.c
Scanning dependencies of target test_swrap_unit
make[3]: Leaving directory '/<<PKGBUILDDIR>>/obj'
/usr/bin/make -f tests/CMakeFiles/test_swrap_unit.dir/build.make tests/CMakeFiles/test_swrap_unit.dir/build
make[3]: Entering directory '/<<PKGBUILDDIR>>/obj'
[ 41%] Building C object tests/CMakeFiles/test_swrap_unit.dir/test_swrap_unit.c.o
cd /<<PKGBUILDDIR>>/obj/tests && /usr/bin/cc  -I/<<PKGBUILDDIR>>/obj/tests -I/<<PKGBUILDDIR>>/tests -I/<<PKGBUILDDIR>>/obj -I/<<PKGBUILDDIR>>/src  -g -O2 -fdebug-prefix-map=/<<PKGBUILDDIR>>=. -fstack-protector-strong -Wformat -Werror=format-security -Wdate-time -D_FORTIFY_SOURCE=2 -fPIE   -std=gnu99 -Wall -Wshadow -Wmissing-prototypes -Wcast-align -Werror=address -Wstrict-prototypes -Werror=strict-prototypes -Wwrite-strings -Werror=write-strings -Werror-implicit-function-declaration -Wpointer-arith -Werror=pointer-arith -Wdeclaration-after-statement -Werror=declaration-after-statement -Wreturn-type -Werror=return-type -Wuninitialized -Werror=uninitialized -Wimplicit-fallthrough -Werror=strict-overflow -Wstrict-overflow=2 -Wno-format-zero-length -Wformat -Wformat-security -Werror=format-security -Wno-gnu-zero-variadic-macro-arguments -fno-common -fstack-protector-strong -D_GNU_SOURCE -o CMakeFiles/test_swrap_unit.dir/test_swrap_unit.c.o   -c /<<PKGBUILDDIR>>/tests/test_swrap_unit.c
[ 43%] Linking C executable test_echo_tcp_get_peer_sock_name
cd /<<PKGBUILDDIR>>/obj/tests && /usr/bin/cmake -E cmake_link_script CMakeFiles/test_echo_tcp_get_peer_sock_name.dir/link.txt --verbose=1
/usr/bin/cc -g -O2 -fdebug-prefix-map=/<<PKGBUILDDIR>>=. -fstack-protector-strong -Wformat -Werror=format-security -Wdate-time -D_FORTIFY_SOURCE=2  -Wl,-z,relro CMakeFiles/test_echo_tcp_get_peer_sock_name.dir/test_echo_tcp_get_peer_sock_name.c.o  -o test_echo_tcp_get_peer_sock_name  libtorture.a /usr/lib/x86_64-linux-gnu/libcmocka.so /usr/lib/x86_64-linux-gnu/libdl.so -lpthread 
make[3]: Leaving directory '/<<PKGBUILDDIR>>/obj'
[ 43%] Built target test_echo_tcp_get_peer_sock_name
[ 44%] Linking C executable test_echo_tcp_sendmsg_recvmsg
/usr/bin/make -f tests/CMakeFiles/test_tcp_dup2.dir/build.make tests/CMakeFiles/test_tcp_dup2.dir/depend
cd /<<PKGBUILDDIR>>/obj/tests && /usr/bin/cmake -E cmake_link_script CMakeFiles/test_echo_tcp_sendmsg_recvmsg.dir/link.txt --verbose=1
make[3]: Entering directory '/<<PKGBUILDDIR>>/obj'
cd /<<PKGBUILDDIR>>/obj && /usr/bin/cmake -E cmake_depends "Unix Makefiles" /<<PKGBUILDDIR>> /<<PKGBUILDDIR>>/tests /<<PKGBUILDDIR>>/obj /<<PKGBUILDDIR>>/obj/tests /<<PKGBUILDDIR>>/obj/tests/CMakeFiles/test_tcp_dup2.dir/DependInfo.cmake --color=
/usr/bin/cc -g -O2 -fdebug-prefix-map=/<<PKGBUILDDIR>>=. -fstack-protector-strong -Wformat -Werror=format-security -Wdate-time -D_FORTIFY_SOURCE=2  -Wl,-z,relro CMakeFiles/test_echo_tcp_sendmsg_recvmsg.dir/test_echo_tcp_sendmsg_recvmsg.c.o  -o test_echo_tcp_sendmsg_recvmsg  libtorture.a /usr/lib/x86_64-linux-gnu/libcmocka.so /usr/lib/x86_64-linux-gnu/libdl.so -lpthread 
Scanning dependencies of target test_tcp_dup2
make[3]: Leaving directory '/<<PKGBUILDDIR>>/obj'
/usr/bin/make -f tests/CMakeFiles/test_tcp_dup2.dir/build.make tests/CMakeFiles/test_tcp_dup2.dir/build
make[3]: Entering directory '/<<PKGBUILDDIR>>/obj'
In file included from /<<PKGBUILDDIR>>/tests/test_swrap_unit.c:10:
/<<PKGBUILDDIR>>/src/socket_wrapper.c:5340:9: warning: static function 'swrap_recvfrom' is used in an inline function with external linkage [-Wstatic-in-inline]
        return swrap_recvfrom(s, buf, len, flags, from, (socklen_t *)fromlen);
               ^
/<<PKGBUILDDIR>>/src/socket_wrapper.c:5254:16: note: 'swrap_recvfrom' declared here
static ssize_t swrap_recvfrom(int s, void *buf, size_t len, int flags,
               ^
[ 46%] Building C object tests/CMakeFiles/test_tcp_dup2.dir/test_tcp_dup2.c.o
cd /<<PKGBUILDDIR>>/obj/tests && /usr/bin/cc  -I/<<PKGBUILDDIR>>/obj/tests -I/<<PKGBUILDDIR>>/tests -I/<<PKGBUILDDIR>>/obj -I/<<PKGBUILDDIR>>/src  -g -O2 -fdebug-prefix-map=/<<PKGBUILDDIR>>=. -fstack-protector-strong -Wformat -Werror=format-security -Wdate-time -D_FORTIFY_SOURCE=2 -fPIE   -std=gnu99 -Wall -Wshadow -Wmissing-prototypes -Wcast-align -Werror=address -Wstrict-prototypes -Werror=strict-prototypes -Wwrite-strings -Werror=write-strings -Werror-implicit-function-declaration -Wpointer-arith -Werror=pointer-arith -Wdeclaration-after-statement -Werror=declaration-after-statement -Wreturn-type -Werror=return-type -Wuninitialized -Werror=uninitialized -Wimplicit-fallthrough -Werror=strict-overflow -Wstrict-overflow=2 -Wno-format-zero-length -Wformat -Wformat-security -Werror=format-security -Wno-gnu-zero-variadic-macro-arguments -fno-common -fstack-protector-strong -D_GNU_SOURCE -o CMakeFiles/test_tcp_dup2.dir/test_tcp_dup2.c.o   -c /<<PKGBUILDDIR>>/tests/test_tcp_dup2.c
/<<PKGBUILDDIR>>/src/socket_wrapper.c:5522:9: warning: static function 'swrap_recv' is used in an inline function with external linkage [-Wstatic-in-inline]
        return swrap_recv(s, buf, len, flags);
               ^
/<<PKGBUILDDIR>>/src/socket_wrapper.c:5472:16: note: 'swrap_recv' declared here
static ssize_t swrap_recv(int s, void *buf, size_t len, int flags)
               ^
/<<PKGBUILDDIR>>/src/socket_wrapper.c:5582:9: warning: static function 'swrap_read' is used in an inline function with external linkage [-Wstatic-in-inline]
        return swrap_read(s, buf, len);
               ^
/<<PKGBUILDDIR>>/src/socket_wrapper.c:5529:16: note: 'swrap_read' declared here
static ssize_t swrap_read(int s, void *buf, size_t len)
               ^
make[3]: Leaving directory '/<<PKGBUILDDIR>>/obj'
[ 46%] Built target test_echo_tcp_sendmsg_recvmsg
/usr/bin/make -f tests/CMakeFiles/test_tcp_listen.dir/build.make tests/CMakeFiles/test_tcp_listen.dir/depend
make[3]: Entering directory '/<<PKGBUILDDIR>>/obj'
cd /<<PKGBUILDDIR>>/obj && /usr/bin/cmake -E cmake_depends "Unix Makefiles" /<<PKGBUILDDIR>> /<<PKGBUILDDIR>>/tests /<<PKGBUILDDIR>>/obj /<<PKGBUILDDIR>>/obj/tests /<<PKGBUILDDIR>>/obj/tests/CMakeFiles/test_tcp_listen.dir/DependInfo.cmake --color=
Scanning dependencies of target test_tcp_listen
make[3]: Leaving directory '/<<PKGBUILDDIR>>/obj'
/usr/bin/make -f tests/CMakeFiles/test_tcp_listen.dir/build.make tests/CMakeFiles/test_tcp_listen.dir/build
make[3]: Entering directory '/<<PKGBUILDDIR>>/obj'
[ 48%] Building C object tests/CMakeFiles/test_tcp_listen.dir/test_tcp_listen.c.o
cd /<<PKGBUILDDIR>>/obj/tests && /usr/bin/cc  -I/<<PKGBUILDDIR>>/obj/tests -I/<<PKGBUILDDIR>>/tests -I/<<PKGBUILDDIR>>/obj -I/<<PKGBUILDDIR>>/src  -g -O2 -fdebug-prefix-map=/<<PKGBUILDDIR>>=. -fstack-protector-strong -Wformat -Werror=format-security -Wdate-time -D_FORTIFY_SOURCE=2 -fPIE   -std=gnu99 -Wall -Wshadow -Wmissing-prototypes -Wcast-align -Werror=address -Wstrict-prototypes -Werror=strict-prototypes -Wwrite-strings -Werror=write-strings -Werror-implicit-function-declaration -Wpointer-arith -Werror=pointer-arith -Wdeclaration-after-statement -Werror=declaration-after-statement -Wreturn-type -Werror=return-type -Wuninitialized -Werror=uninitialized -Wimplicit-fallthrough -Werror=strict-overflow -Wstrict-overflow=2 -Wno-format-zero-length -Wformat -Wformat-security -Werror=format-security -Wno-gnu-zero-variadic-macro-arguments -fno-common -fstack-protector-strong -D_GNU_SOURCE -o CMakeFiles/test_tcp_listen.dir/test_tcp_listen.c.o   -c /<<PKGBUILDDIR>>/tests/test_tcp_listen.c
[ 50%] Linking C executable test_tcp_dup2
cd /<<PKGBUILDDIR>>/obj/tests && /usr/bin/cmake -E cmake_link_script CMakeFiles/test_tcp_dup2.dir/link.txt --verbose=1
/usr/bin/cc -g -O2 -fdebug-prefix-map=/<<PKGBUILDDIR>>=. -fstack-protector-strong -Wformat -Werror=format-security -Wdate-time -D_FORTIFY_SOURCE=2  -Wl,-z,relro CMakeFiles/test_tcp_dup2.dir/test_tcp_dup2.c.o  -o test_tcp_dup2  libtorture.a /usr/lib/x86_64-linux-gnu/libcmocka.so /usr/lib/x86_64-linux-gnu/libdl.so -lpthread 
make[3]: Leaving directory '/<<PKGBUILDDIR>>/obj'
[ 50%] Built target test_tcp_dup2
/usr/bin/make -f tests/CMakeFiles/test_thread_echo_tcp_sendmsg_recvmsg.dir/build.make tests/CMakeFiles/test_thread_echo_tcp_sendmsg_recvmsg.dir/depend
make[3]: Entering directory '/<<PKGBUILDDIR>>/obj'
cd /<<PKGBUILDDIR>>/obj && /usr/bin/cmake -E cmake_depends "Unix Makefiles" /<<PKGBUILDDIR>> /<<PKGBUILDDIR>>/tests /<<PKGBUILDDIR>>/obj /<<PKGBUILDDIR>>/obj/tests /<<PKGBUILDDIR>>/obj/tests/CMakeFiles/test_thread_echo_tcp_sendmsg_recvmsg.dir/DependInfo.cmake --color=
[ 51%] Linking C executable test_tcp_listen
cd /<<PKGBUILDDIR>>/obj/tests && /usr/bin/cmake -E cmake_link_script CMakeFiles/test_tcp_listen.dir/link.txt --verbose=1
/usr/bin/cc -g -O2 -fdebug-prefix-map=/<<PKGBUILDDIR>>=. -fstack-protector-strong -Wformat -Werror=format-security -Wdate-time -D_FORTIFY_SOURCE=2  -Wl,-z,relro CMakeFiles/test_tcp_listen.dir/test_tcp_listen.c.o  -o test_tcp_listen  libtorture.a /usr/lib/x86_64-linux-gnu/libcmocka.so /usr/lib/x86_64-linux-gnu/libdl.so -lpthread 
Scanning dependencies of target test_thread_echo_tcp_sendmsg_recvmsg
make[3]: Leaving directory '/<<PKGBUILDDIR>>/obj'
/usr/bin/make -f tests/CMakeFiles/test_thread_echo_tcp_sendmsg_recvmsg.dir/build.make tests/CMakeFiles/test_thread_echo_tcp_sendmsg_recvmsg.dir/build
make[3]: Entering directory '/<<PKGBUILDDIR>>/obj'
[ 53%] Building C object tests/CMakeFiles/test_thread_echo_tcp_sendmsg_recvmsg.dir/test_thread_echo_tcp_sendmsg_recvmsg.c.o
cd /<<PKGBUILDDIR>>/obj/tests && /usr/bin/cc  -I/<<PKGBUILDDIR>>/obj/tests -I/<<PKGBUILDDIR>>/tests -I/<<PKGBUILDDIR>>/obj -I/<<PKGBUILDDIR>>/src  -g -O2 -fdebug-prefix-map=/<<PKGBUILDDIR>>=. -fstack-protector-strong -Wformat -Werror=format-security -Wdate-time -D_FORTIFY_SOURCE=2 -fPIE   -std=gnu99 -Wall -Wshadow -Wmissing-prototypes -Wcast-align -Werror=address -Wstrict-prototypes -Werror=strict-prototypes -Wwrite-strings -Werror=write-strings -Werror-implicit-function-declaration -Wpointer-arith -Werror=pointer-arith -Wdeclaration-after-statement -Werror=declaration-after-statement -Wreturn-type -Werror=return-type -Wuninitialized -Werror=uninitialized -Wimplicit-fallthrough -Werror=strict-overflow -Wstrict-overflow=2 -Wno-format-zero-length -Wformat -Wformat-security -Werror=format-security -Wno-gnu-zero-variadic-macro-arguments -fno-common -fstack-protector-strong -D_GNU_SOURCE -o CMakeFiles/test_thread_echo_tcp_sendmsg_recvmsg.dir/test_thread_echo_tcp_sendmsg_recvmsg.c.o   -c /<<PKGBUILDDIR>>/tests/test_thread_echo_tcp_sendmsg_recvmsg.c
make[3]: Leaving directory '/<<PKGBUILDDIR>>/obj'
[ 53%] Built target test_tcp_listen
/usr/bin/make -f tests/CMakeFiles/test_ioctl.dir/build.make tests/CMakeFiles/test_ioctl.dir/depend
make[3]: Entering directory '/<<PKGBUILDDIR>>/obj'
cd /<<PKGBUILDDIR>>/obj && /usr/bin/cmake -E cmake_depends "Unix Makefiles" /<<PKGBUILDDIR>> /<<PKGBUILDDIR>>/tests /<<PKGBUILDDIR>>/obj /<<PKGBUILDDIR>>/obj/tests /<<PKGBUILDDIR>>/obj/tests/CMakeFiles/test_ioctl.dir/DependInfo.cmake --color=
Scanning dependencies of target test_ioctl
make[3]: Leaving directory '/<<PKGBUILDDIR>>/obj'
/usr/bin/make -f tests/CMakeFiles/test_ioctl.dir/build.make tests/CMakeFiles/test_ioctl.dir/build
make[3]: Entering directory '/<<PKGBUILDDIR>>/obj'
[ 55%] Building C object tests/CMakeFiles/test_ioctl.dir/test_ioctl.c.o
cd /<<PKGBUILDDIR>>/obj/tests && /usr/bin/cc  -I/<<PKGBUILDDIR>>/obj/tests -I/<<PKGBUILDDIR>>/tests -I/<<PKGBUILDDIR>>/obj -I/<<PKGBUILDDIR>>/src  -g -O2 -fdebug-prefix-map=/<<PKGBUILDDIR>>=. -fstack-protector-strong -Wformat -Werror=format-security -Wdate-time -D_FORTIFY_SOURCE=2 -fPIE   -std=gnu99 -Wall -Wshadow -Wmissing-prototypes -Wcast-align -Werror=address -Wstrict-prototypes -Werror=strict-prototypes -Wwrite-strings -Werror=write-strings -Werror-implicit-function-declaration -Wpointer-arith -Werror=pointer-arith -Wdeclaration-after-statement -Werror=declaration-after-statement -Wreturn-type -Werror=return-type -Wuninitialized -Werror=uninitialized -Wimplicit-fallthrough -Werror=strict-overflow -Wstrict-overflow=2 -Wno-format-zero-length -Wformat -Wformat-security -Werror=format-security -Wno-gnu-zero-variadic-macro-arguments -fno-common -fstack-protector-strong -D_GNU_SOURCE -o CMakeFiles/test_ioctl.dir/test_ioctl.c.o   -c /<<PKGBUILDDIR>>/tests/test_ioctl.c
[ 56%] Linking C executable test_thread_echo_tcp_sendmsg_recvmsg
cd /<<PKGBUILDDIR>>/obj/tests && /usr/bin/cmake -E cmake_link_script CMakeFiles/test_thread_echo_tcp_sendmsg_recvmsg.dir/link.txt --verbose=1
/usr/bin/cc -g -O2 -fdebug-prefix-map=/<<PKGBUILDDIR>>=. -fstack-protector-strong -Wformat -Werror=format-security -Wdate-time -D_FORTIFY_SOURCE=2  -Wl,-z,relro CMakeFiles/test_thread_echo_tcp_sendmsg_recvmsg.dir/test_thread_echo_tcp_sendmsg_recvmsg.c.o  -o test_thread_echo_tcp_sendmsg_recvmsg  libtorture.a /usr/lib/x86_64-linux-gnu/libcmocka.so /usr/lib/x86_64-linux-gnu/libdl.so -lpthread 
[ 58%] Linking C shared library libsocket_wrapper.so
cd /<<PKGBUILDDIR>>/obj/src && /usr/bin/cmake -E cmake_link_script CMakeFiles/socket_wrapper.dir/link.txt --verbose=1
[ 60%] Linking C executable test_ioctl
cd /<<PKGBUILDDIR>>/obj/tests && /usr/bin/cmake -E cmake_link_script CMakeFiles/test_ioctl.dir/link.txt --verbose=1
/usr/bin/cc -fPIC -g -O2 -fdebug-prefix-map=/<<PKGBUILDDIR>>=. -fstack-protector-strong -Wformat -Werror=format-security -Wdate-time -D_FORTIFY_SOURCE=2 -Wl,-z,relro -shared  -o libsocket_wrapper.so CMakeFiles/socket_wrapper.dir/socket_wrapper.c.o  /usr/lib/x86_64-linux-gnu/libdl.so -lpthread 
/usr/bin/cc -g -O2 -fdebug-prefix-map=/<<PKGBUILDDIR>>=. -fstack-protector-strong -Wformat -Werror=format-security -Wdate-time -D_FORTIFY_SOURCE=2  -Wl,-z,relro CMakeFiles/test_ioctl.dir/test_ioctl.c.o  -o test_ioctl  libtorture.a /usr/lib/x86_64-linux-gnu/libcmocka.so /usr/lib/x86_64-linux-gnu/libdl.so -lpthread 
make[3]: Leaving directory '/<<PKGBUILDDIR>>/obj'
[ 60%] Built target test_thread_echo_tcp_sendmsg_recvmsg
/usr/bin/make -f tests/CMakeFiles/test_echo_udp_sendto_recvfrom.dir/build.make tests/CMakeFiles/test_echo_udp_sendto_recvfrom.dir/depend
make[3]: Entering directory '/<<PKGBUILDDIR>>/obj'
cd /<<PKGBUILDDIR>>/obj && /usr/bin/cmake -E cmake_depends "Unix Makefiles" /<<PKGBUILDDIR>> /<<PKGBUILDDIR>>/tests /<<PKGBUILDDIR>>/obj /<<PKGBUILDDIR>>/obj/tests /<<PKGBUILDDIR>>/obj/tests/CMakeFiles/test_echo_udp_sendto_recvfrom.dir/DependInfo.cmake --color=
Scanning dependencies of target test_echo_udp_sendto_recvfrom
make[3]: Leaving directory '/<<PKGBUILDDIR>>/obj'
make[3]: Leaving directory '/<<PKGBUILDDIR>>/obj'
/usr/bin/make -f tests/CMakeFiles/test_echo_udp_sendto_recvfrom.dir/build.make tests/CMakeFiles/test_echo_udp_sendto_recvfrom.dir/build
make[3]: Leaving directory '/<<PKGBUILDDIR>>/obj'
make[3]: Entering directory '/<<PKGBUILDDIR>>/obj'
[ 60%] Built target socket_wrapper
/usr/bin/make -f tests/CMakeFiles/test_echo_udp_send_recv.dir/build.make tests/CMakeFiles/test_echo_udp_send_recv.dir/depend
make[3]: Entering directory '/<<PKGBUILDDIR>>/obj'
cd /<<PKGBUILDDIR>>/obj && /usr/bin/cmake -E cmake_depends "Unix Makefiles" /<<PKGBUILDDIR>> /<<PKGBUILDDIR>>/tests /<<PKGBUILDDIR>>/obj /<<PKGBUILDDIR>>/obj/tests /<<PKGBUILDDIR>>/obj/tests/CMakeFiles/test_echo_udp_send_recv.dir/DependInfo.cmake --color=
[ 62%] Building C object tests/CMakeFiles/test_echo_udp_sendto_recvfrom.dir/test_echo_udp_sendto_recvfrom.c.o
cd /<<PKGBUILDDIR>>/obj/tests && /usr/bin/cc  -I/<<PKGBUILDDIR>>/obj/tests -I/<<PKGBUILDDIR>>/tests -I/<<PKGBUILDDIR>>/obj -I/<<PKGBUILDDIR>>/src  -g -O2 -fdebug-prefix-map=/<<PKGBUILDDIR>>=. -fstack-protector-strong -Wformat -Werror=format-security -Wdate-time -D_FORTIFY_SOURCE=2 -fPIE   -std=gnu99 -Wall -Wshadow -Wmissing-prototypes -Wcast-align -Werror=address -Wstrict-prototypes -Werror=strict-prototypes -Wwrite-strings -Werror=write-strings -Werror-implicit-function-declaration -Wpointer-arith -Werror=pointer-arith -Wdeclaration-after-statement -Werror=declaration-after-statement -Wreturn-type -Werror=return-type -Wuninitialized -Werror=uninitialized -Wimplicit-fallthrough -Werror=strict-overflow -Wstrict-overflow=2 -Wno-format-zero-length -Wformat -Wformat-security -Werror=format-security -Wno-gnu-zero-variadic-macro-arguments -fno-common -fstack-protector-strong -D_GNU_SOURCE -o CMakeFiles/test_echo_udp_sendto_recvfrom.dir/test_echo_udp_sendto_recvfrom.c.o   -c /<<PKGBUILDDIR>>/tests/test_echo_udp_sendto_recvfrom.c
[ 62%] Built target test_ioctl
/usr/bin/make -f tests/CMakeFiles/test_fork_thread_deadlock.dir/build.make tests/CMakeFiles/test_fork_thread_deadlock.dir/depend
make[3]: Entering directory '/<<PKGBUILDDIR>>/obj'
cd /<<PKGBUILDDIR>>/obj && /usr/bin/cmake -E cmake_depends "Unix Makefiles" /<<PKGBUILDDIR>> /<<PKGBUILDDIR>>/tests /<<PKGBUILDDIR>>/obj /<<PKGBUILDDIR>>/obj/tests /<<PKGBUILDDIR>>/obj/tests/CMakeFiles/test_fork_thread_deadlock.dir/DependInfo.cmake --color=
Scanning dependencies of target test_echo_udp_send_recv
make[3]: Leaving directory '/<<PKGBUILDDIR>>/obj'
/usr/bin/make -f tests/CMakeFiles/test_echo_udp_send_recv.dir/build.make tests/CMakeFiles/test_echo_udp_send_recv.dir/build
make[3]: Entering directory '/<<PKGBUILDDIR>>/obj'
Scanning dependencies of target test_fork_thread_deadlock
make[3]: Leaving directory '/<<PKGBUILDDIR>>/obj'
/usr/bin/make -f tests/CMakeFiles/test_fork_thread_deadlock.dir/build.make tests/CMakeFiles/test_fork_thread_deadlock.dir/build
make[3]: Entering directory '/<<PKGBUILDDIR>>/obj'
[ 63%] Building C object tests/CMakeFiles/test_echo_udp_send_recv.dir/test_echo_udp_send_recv.c.o
cd /<<PKGBUILDDIR>>/obj/tests && /usr/bin/cc  -I/<<PKGBUILDDIR>>/obj/tests -I/<<PKGBUILDDIR>>/tests -I/<<PKGBUILDDIR>>/obj -I/<<PKGBUILDDIR>>/src  -g -O2 -fdebug-prefix-map=/<<PKGBUILDDIR>>=. -fstack-protector-strong -Wformat -Werror=format-security -Wdate-time -D_FORTIFY_SOURCE=2 -fPIE   -std=gnu99 -Wall -Wshadow -Wmissing-prototypes -Wcast-align -Werror=address -Wstrict-prototypes -Werror=strict-prototypes -Wwrite-strings -Werror=write-strings -Werror-implicit-function-declaration -Wpointer-arith -Werror=pointer-arith -Wdeclaration-after-statement -Werror=declaration-after-statement -Wreturn-type -Werror=return-type -Wuninitialized -Werror=uninitialized -Wimplicit-fallthrough -Werror=strict-overflow -Wstrict-overflow=2 -Wno-format-zero-length -Wformat -Wformat-security -Werror=format-security -Wno-gnu-zero-variadic-macro-arguments -fno-common -fstack-protector-strong -D_GNU_SOURCE -o CMakeFiles/test_echo_udp_send_recv.dir/test_echo_udp_send_recv.c.o   -c /<<PKGBUILDDIR>>/tests/test_echo_udp_send_recv.c
[ 65%] Building C object tests/CMakeFiles/test_fork_thread_deadlock.dir/test_fork_thread_deadlock.c.o
cd /<<PKGBUILDDIR>>/obj/tests && /usr/bin/cc  -I/<<PKGBUILDDIR>>/obj/tests -I/<<PKGBUILDDIR>>/tests -I/<<PKGBUILDDIR>>/obj -I/<<PKGBUILDDIR>>/src  -g -O2 -fdebug-prefix-map=/<<PKGBUILDDIR>>=. -fstack-protector-strong -Wformat -Werror=format-security -Wdate-time -D_FORTIFY_SOURCE=2 -fPIE   -std=gnu99 -Wall -Wshadow -Wmissing-prototypes -Wcast-align -Werror=address -Wstrict-prototypes -Werror=strict-prototypes -Wwrite-strings -Werror=write-strings -Werror-implicit-function-declaration -Wpointer-arith -Werror=pointer-arith -Wdeclaration-after-statement -Werror=declaration-after-statement -Wreturn-type -Werror=return-type -Wuninitialized -Werror=uninitialized -Wimplicit-fallthrough -Werror=strict-overflow -Wstrict-overflow=2 -Wno-format-zero-length -Wformat -Wformat-security -Werror=format-security -Wno-gnu-zero-variadic-macro-arguments -fno-common -fstack-protector-strong -D_GNU_SOURCE -o CMakeFiles/test_fork_thread_deadlock.dir/test_fork_thread_deadlock.c.o   -c /<<PKGBUILDDIR>>/tests/test_fork_thread_deadlock.c
[ 67%] Linking C executable test_echo_udp_sendto_recvfrom
/<<PKGBUILDDIR>>/tests/test_fork_thread_deadlock.ccd /<<PKGBUILDDIR>>/obj/tests && /usr/bin/cmake -E cmake_link_script CMakeFiles/test_echo_udp_sendto_recvfrom.dir/link.txt --verbose=1
:49:2: warning: ignoring return value of function declared with 'warn_unused_result' attribute [-Wunused-result]
        write(1, "DEADLOCK?\n", 10);
        ^~~~~ ~~~~~~~~~~~~~~~~~~~~
/usr/bin/cc -g -O2 -fdebug-prefix-map=/<<PKGBUILDDIR>>=. -fstack-protector-strong -Wformat -Werror=format-security -Wdate-time -D_FORTIFY_SOURCE=2  -Wl,-z,relro CMakeFiles/test_echo_udp_sendto_recvfrom.dir/test_echo_udp_sendto_recvfrom.c.o  -o test_echo_udp_sendto_recvfrom  libtorture.a /usr/lib/x86_64-linux-gnu/libcmocka.so /usr/lib/x86_64-linux-gnu/libdl.so -lpthread 
1 warning generated.
make[3]: Leaving directory '/<<PKGBUILDDIR>>/obj'
[ 68%] Linking C executable test_fork_thread_deadlock
cd /<<PKGBUILDDIR>>/obj/tests && /usr/bin/cmake -E cmake_link_script CMakeFiles/test_fork_thread_deadlock.dir/link.txt --verbose=1
[ 68%] Built target test_echo_udp_sendto_recvfrom
/usr/bin/make -f tests/CMakeFiles/test_sendmsg_recvmsg_fd.dir/build.make tests/CMakeFiles/test_sendmsg_recvmsg_fd.dir/depend
make[3]: Entering directory '/<<PKGBUILDDIR>>/obj'
cd /<<PKGBUILDDIR>>/obj && /usr/bin/cmake -E cmake_depends "Unix Makefiles" /<<PKGBUILDDIR>> /<<PKGBUILDDIR>>/tests /<<PKGBUILDDIR>>/obj /<<PKGBUILDDIR>>/obj/tests /<<PKGBUILDDIR>>/obj/tests/CMakeFiles/test_sendmsg_recvmsg_fd.dir/DependInfo.cmake --color=
[ 70%] Linking C executable test_echo_udp_send_recv
cd /<<PKGBUILDDIR>>/obj/tests && /usr/bin/cmake -E cmake_link_script CMakeFiles/test_echo_udp_send_recv.dir/link.txt --verbose=1
/usr/bin/cc -g -O2 -fdebug-prefix-map=/<<PKGBUILDDIR>>=. -fstack-protector-strong -Wformat -Werror=format-security -Wdate-time -D_FORTIFY_SOURCE=2  -Wl,-z,relro CMakeFiles/test_echo_udp_send_recv.dir/test_echo_udp_send_recv.c.o  -o test_echo_udp_send_recv  libtorture.a /usr/lib/x86_64-linux-gnu/libcmocka.so /usr/lib/x86_64-linux-gnu/libdl.so -lpthread 
Scanning dependencies of target test_sendmsg_recvmsg_fd
make[3]: Leaving directory '/<<PKGBUILDDIR>>/obj'
/usr/bin/make -f tests/CMakeFiles/test_sendmsg_recvmsg_fd.dir/build.make tests/CMakeFiles/test_sendmsg_recvmsg_fd.dir/build
/usr/bin/cc -g -O2 -fdebug-prefix-map=/<<PKGBUILDDIR>>=. -fstack-protector-strong -Wformat -Werror=format-security -Wdate-time -D_FORTIFY_SOURCE=2  -Wl,-z,relro CMakeFiles/test_fork_thread_deadlock.dir/test_fork_thread_deadlock.c.o  -o test_fork_thread_deadlock  -Wl,-rpath,/<<PKGBUILDDIR>>/obj/tests libtorture.a libthread_deadlock.so /usr/lib/x86_64-linux-gnu/libcmocka.so /usr/lib/x86_64-linux-gnu/libdl.so -lpthread 
make[3]: Entering directory '/<<PKGBUILDDIR>>/obj'
[ 72%] Building C object tests/CMakeFiles/test_sendmsg_recvmsg_fd.dir/test_sendmsg_recvmsg_fd.c.o
cd /<<PKGBUILDDIR>>/obj/tests && /usr/bin/cc  -I/<<PKGBUILDDIR>>/obj/tests -I/<<PKGBUILDDIR>>/tests -I/<<PKGBUILDDIR>>/obj -I/<<PKGBUILDDIR>>/src  -g -O2 -fdebug-prefix-map=/<<PKGBUILDDIR>>=. -fstack-protector-strong -Wformat -Werror=format-security -Wdate-time -D_FORTIFY_SOURCE=2 -fPIE   -std=gnu99 -Wall -Wshadow -Wmissing-prototypes -Wcast-align -Werror=address -Wstrict-prototypes -Werror=strict-prototypes -Wwrite-strings -Werror=write-strings -Werror-implicit-function-declaration -Wpointer-arith -Werror=pointer-arith -Wdeclaration-after-statement -Werror=declaration-after-statement -Wreturn-type -Werror=return-type -Wuninitialized -Werror=uninitialized -Wimplicit-fallthrough -Werror=strict-overflow -Wstrict-overflow=2 -Wno-format-zero-length -Wformat -Wformat-security -Werror=format-security -Wno-gnu-zero-variadic-macro-arguments -fno-common -fstack-protector-strong -D_GNU_SOURCE -o CMakeFiles/test_sendmsg_recvmsg_fd.dir/test_sendmsg_recvmsg_fd.c.o   -c /<<PKGBUILDDIR>>/tests/test_sendmsg_recvmsg_fd.c
make[3]: Leaving directory '/<<PKGBUILDDIR>>/obj'
[ 72%] Built target test_echo_udp_send_recv
/usr/bin/make -f tests/CMakeFiles/test_echo_udp_sendmsg_recvmsg.dir/build.make tests/CMakeFiles/test_echo_udp_sendmsg_recvmsg.dir/depend
make[3]: Entering directory '/<<PKGBUILDDIR>>/obj'
cd /<<PKGBUILDDIR>>/obj && /usr/bin/cmake -E cmake_depends "Unix Makefiles" /<<PKGBUILDDIR>> /<<PKGBUILDDIR>>/tests /<<PKGBUILDDIR>>/obj /<<PKGBUILDDIR>>/obj/tests /<<PKGBUILDDIR>>/obj/tests/CMakeFiles/test_echo_udp_sendmsg_recvmsg.dir/DependInfo.cmake --color=
Scanning dependencies of target test_echo_udp_sendmsg_recvmsg
make[3]: Leaving directory '/<<PKGBUILDDIR>>/obj'
/usr/bin/make -f tests/CMakeFiles/test_echo_udp_sendmsg_recvmsg.dir/build.make tests/CMakeFiles/test_echo_udp_sendmsg_recvmsg.dir/build
make[3]: Entering directory '/<<PKGBUILDDIR>>/obj'
make[3]: Leaving directory '/<<PKGBUILDDIR>>/obj'
[ 74%] Building C object tests/CMakeFiles/test_echo_udp_sendmsg_recvmsg.dir/test_echo_udp_sendmsg_recvmsg.c.o
cd /<<PKGBUILDDIR>>/obj/tests && /usr/bin/cc  -I/<<PKGBUILDDIR>>/obj/tests -I/<<PKGBUILDDIR>>/tests -I/<<PKGBUILDDIR>>/obj -I/<<PKGBUILDDIR>>/src  -g -O2 -fdebug-prefix-map=/<<PKGBUILDDIR>>=. -fstack-protector-strong -Wformat -Werror=format-security -Wdate-time -D_FORTIFY_SOURCE=2 -fPIE   -std=gnu99 -Wall -Wshadow -Wmissing-prototypes -Wcast-align -Werror=address -Wstrict-prototypes -Werror=strict-prototypes -Wwrite-strings -Werror=write-strings -Werror-implicit-function-declaration -Wpointer-arith -Werror=pointer-arith -Wdeclaration-after-statement -Werror=declaration-after-statement -Wreturn-type -Werror=return-type -Wuninitialized -Werror=uninitialized -Wimplicit-fallthrough -Werror=strict-overflow -Wstrict-overflow=2 -Wno-format-zero-length -Wformat -Wformat-security -Werror=format-security -Wno-gnu-zero-variadic-macro-arguments -fno-common -fstack-protector-strong -D_GNU_SOURCE -o CMakeFiles/test_echo_udp_sendmsg_recvmsg.dir/test_echo_udp_sendmsg_recvmsg.c.o   -c /<<PKGBUILDDIR>>/tests/test_echo_udp_sendmsg_recvmsg.c
[ 74%] Built target test_fork_thread_deadlock
/usr/bin/make -f tests/CMakeFiles/test_max_sockets.dir/build.make tests/CMakeFiles/test_max_sockets.dir/depend
make[3]: Entering directory '/<<PKGBUILDDIR>>/obj'
cd /<<PKGBUILDDIR>>/obj && /usr/bin/cmake -E cmake_depends "Unix Makefiles" /<<PKGBUILDDIR>> /<<PKGBUILDDIR>>/tests /<<PKGBUILDDIR>>/obj /<<PKGBUILDDIR>>/obj/tests /<<PKGBUILDDIR>>/obj/tests/CMakeFiles/test_max_sockets.dir/DependInfo.cmake --color=
Scanning dependencies of target test_max_sockets
make[3]: Leaving directory '/<<PKGBUILDDIR>>/obj'
/usr/bin/make -f tests/CMakeFiles/test_max_sockets.dir/build.make tests/CMakeFiles/test_max_sockets.dir/build
make[3]: Entering directory '/<<PKGBUILDDIR>>/obj'
[ 75%] Linking C executable test_sendmsg_recvmsg_fd
cd /<<PKGBUILDDIR>>/obj/tests && /usr/bin/cmake -E cmake_link_script CMakeFiles/test_sendmsg_recvmsg_fd.dir/link.txt --verbose=1
[ 77%] Building C object tests/CMakeFiles/test_max_sockets.dir/test_max_sockets.c.o
cd /<<PKGBUILDDIR>>/obj/tests && /usr/bin/cc  -I/<<PKGBUILDDIR>>/obj/tests -I/<<PKGBUILDDIR>>/tests -I/<<PKGBUILDDIR>>/obj -I/<<PKGBUILDDIR>>/src  -g -O2 -fdebug-prefix-map=/<<PKGBUILDDIR>>=. -fstack-protector-strong -Wformat -Werror=format-security -Wdate-time -D_FORTIFY_SOURCE=2 -fPIE   -std=gnu99 -Wall -Wshadow -Wmissing-prototypes -Wcast-align -Werror=address -Wstrict-prototypes -Werror=strict-prototypes -Wwrite-strings -Werror=write-strings -Werror-implicit-function-declaration -Wpointer-arith -Werror=pointer-arith -Wdeclaration-after-statement -Werror=declaration-after-statement -Wreturn-type -Werror=return-type -Wuninitialized -Werror=uninitialized -Wimplicit-fallthrough -Werror=strict-overflow -Wstrict-overflow=2 -Wno-format-zero-length -Wformat -Wformat-security -Werror=format-security -Wno-gnu-zero-variadic-macro-arguments -fno-common -fstack-protector-strong -D_GNU_SOURCE -o CMakeFiles/test_max_sockets.dir/test_max_sockets.c.o   -c /<<PKGBUILDDIR>>/tests/test_max_sockets.c
/usr/bin/cc -g -O2 -fdebug-prefix-map=/<<PKGBUILDDIR>>=. -fstack-protector-strong -Wformat -Werror=format-security -Wdate-time -D_FORTIFY_SOURCE=2  -Wl,-z,relro CMakeFiles/test_sendmsg_recvmsg_fd.dir/test_sendmsg_recvmsg_fd.c.o  -o test_sendmsg_recvmsg_fd  libtorture.a /usr/lib/x86_64-linux-gnu/libcmocka.so /usr/lib/x86_64-linux-gnu/libdl.so -lpthread 
make[3]: Leaving directory '/<<PKGBUILDDIR>>/obj'
[ 77%] Built target test_sendmsg_recvmsg_fd
/usr/bin/make -f tests/CMakeFiles/test_close_failure.dir/build.make tests/CMakeFiles/test_close_failure.dir/depend
make[3]: Entering directory '/<<PKGBUILDDIR>>/obj'
cd /<<PKGBUILDDIR>>/obj && /usr/bin/cmake -E cmake_depends "Unix Makefiles" /<<PKGBUILDDIR>> /<<PKGBUILDDIR>>/tests /<<PKGBUILDDIR>>/obj /<<PKGBUILDDIR>>/obj/tests /<<PKGBUILDDIR>>/obj/tests/CMakeFiles/test_close_failure.dir/DependInfo.cmake --color=
Scanning dependencies of target test_close_failure
make[3]: Leaving directory '/<<PKGBUILDDIR>>/obj'
/usr/bin/make -f tests/CMakeFiles/test_close_failure.dir/build.make tests/CMakeFiles/test_close_failure.dir/build
[ 79%] Linking C executable test_echo_udp_sendmsg_recvmsg
cd /<<PKGBUILDDIR>>/obj/tests && /usr/bin/cmake -E cmake_link_script CMakeFiles/test_echo_udp_sendmsg_recvmsg.dir/link.txt --verbose=1
make[3]: Entering directory '/<<PKGBUILDDIR>>/obj'
/usr/bin/cc -g -O2 -fdebug-prefix-map=/<<PKGBUILDDIR>>=. -fstack-protector-strong -Wformat -Werror=format-security -Wdate-time -D_FORTIFY_SOURCE=2  -Wl,-z,relro CMakeFiles/test_echo_udp_sendmsg_recvmsg.dir/test_echo_udp_sendmsg_recvmsg.c.o  -o test_echo_udp_sendmsg_recvmsg  libtorture.a /usr/lib/x86_64-linux-gnu/libcmocka.so /usr/lib/x86_64-linux-gnu/libdl.so -lpthread 
[ 81%] Building C object tests/CMakeFiles/test_close_failure.dir/test_close_failure.c.o
cd /<<PKGBUILDDIR>>/obj/tests && /usr/bin/cc  -I/<<PKGBUILDDIR>>/obj/tests -I/<<PKGBUILDDIR>>/tests -I/<<PKGBUILDDIR>>/obj -I/<<PKGBUILDDIR>>/src  -g -O2 -fdebug-prefix-map=/<<PKGBUILDDIR>>=. -fstack-protector-strong -Wformat -Werror=format-security -Wdate-time -D_FORTIFY_SOURCE=2 -fPIE   -std=gnu99 -Wall -Wshadow -Wmissing-prototypes -Wcast-align -Werror=address -Wstrict-prototypes -Werror=strict-prototypes -Wwrite-strings -Werror=write-strings -Werror-implicit-function-declaration -Wpointer-arith -Werror=pointer-arith -Wdeclaration-after-statement -Werror=declaration-after-statement -Wreturn-type -Werror=return-type -Wuninitialized -Werror=uninitialized -Wimplicit-fallthrough -Werror=strict-overflow -Wstrict-overflow=2 -Wno-format-zero-length -Wformat -Wformat-security -Werror=format-security -Wno-gnu-zero-variadic-macro-arguments -fno-common -fstack-protector-strong -D_GNU_SOURCE -o CMakeFiles/test_close_failure.dir/test_close_failure.c.o   -c /<<PKGBUILDDIR>>/tests/test_close_failure.c
[ 82%] Linking C executable test_max_sockets
cd /<<PKGBUILDDIR>>/obj/tests && /usr/bin/cmake -E cmake_link_script CMakeFiles/test_max_sockets.dir/link.txt --verbose=1
make[3]: Leaving directory '/<<PKGBUILDDIR>>/obj'
/usr/bin/cc -g -O2 -fdebug-prefix-map=/<<PKGBUILDDIR>>=. -fstack-protector-strong -Wformat -Werror=format-security -Wdate-time -D_FORTIFY_SOURCE=2  -Wl,-z,relro CMakeFiles/test_max_sockets.dir/test_max_sockets.c.o  -o test_max_sockets  libtorture.a /usr/lib/x86_64-linux-gnu/libcmocka.so /usr/lib/x86_64-linux-gnu/libdl.so -lpthread 
[ 82%] Built target test_echo_udp_sendmsg_recvmsg
/usr/bin/make -f tests/CMakeFiles/test_tcp_socket_overwrite.dir/build.make tests/CMakeFiles/test_tcp_socket_overwrite.dir/depend
make[3]: Entering directory '/<<PKGBUILDDIR>>/obj'
cd /<<PKGBUILDDIR>>/obj && /usr/bin/cmake -E cmake_depends "Unix Makefiles" /<<PKGBUILDDIR>> /<<PKGBUILDDIR>>/tests /<<PKGBUILDDIR>>/obj /<<PKGBUILDDIR>>/obj/tests /<<PKGBUILDDIR>>/obj/tests/CMakeFiles/test_tcp_socket_overwrite.dir/DependInfo.cmake --color=
Scanning dependencies of target test_tcp_socket_overwrite
make[3]: Leaving directory '/<<PKGBUILDDIR>>/obj'
/usr/bin/make -f tests/CMakeFiles/test_tcp_socket_overwrite.dir/build.make tests/CMakeFiles/test_tcp_socket_overwrite.dir/build
make[3]: Entering directory '/<<PKGBUILDDIR>>/obj'
[ 84%] Linking C executable test_close_failure
cd /<<PKGBUILDDIR>>/obj/tests && /usr/bin/cmake -E cmake_link_script CMakeFiles/test_close_failure.dir/link.txt --verbose=1
make[3]: Leaving directory '/<<PKGBUILDDIR>>/obj'
[ 86%] Building C object tests/CMakeFiles/test_tcp_socket_overwrite.dir/test_tcp_socket_overwrite.c.o
/usr/bin/cc -g -O2 -fdebug-prefix-map=/<<PKGBUILDDIR>>=. -fstack-protector-strong -Wformat -Werror=format-security -Wdate-time -D_FORTIFY_SOURCE=2  -Wl,-z,relro CMakeFiles/test_close_failure.dir/test_close_failure.c.o  -o test_close_failure  libtorture.a /usr/lib/x86_64-linux-gnu/libcmocka.so /usr/lib/x86_64-linux-gnu/libdl.so -lpthread 
cd /<<PKGBUILDDIR>>/obj/tests && /usr/bin/cc  -I/<<PKGBUILDDIR>>/obj/tests -I/<<PKGBUILDDIR>>/tests -I/<<PKGBUILDDIR>>/obj -I/<<PKGBUILDDIR>>/src  -g -O2 -fdebug-prefix-map=/<<PKGBUILDDIR>>=. -fstack-protector-strong -Wformat -Werror=format-security -Wdate-time -D_FORTIFY_SOURCE=2 -fPIE   -std=gnu99 -Wall -Wshadow -Wmissing-prototypes -Wcast-align -Werror=address -Wstrict-prototypes -Werror=strict-prototypes -Wwrite-strings -Werror=write-strings -Werror-implicit-function-declaration -Wpointer-arith -Werror=pointer-arith -Wdeclaration-after-statement -Werror=declaration-after-statement -Wreturn-type -Werror=return-type -Wuninitialized -Werror=uninitialized -Wimplicit-fallthrough -Werror=strict-overflow -Wstrict-overflow=2 -Wno-format-zero-length -Wformat -Wformat-security -Werror=format-security -Wno-gnu-zero-variadic-macro-arguments -fno-common -fstack-protector-strong -D_GNU_SOURCE -o CMakeFiles/test_tcp_socket_overwrite.dir/test_tcp_socket_overwrite.c.o   -c /<<PKGBUILDDIR>>/tests/test_tcp_socket_overwrite.c
[ 86%] Built target test_max_sockets
/usr/bin/make -f tests/CMakeFiles/test_echo_tcp_write_read.dir/build.make tests/CMakeFiles/test_echo_tcp_write_read.dir/depend
make[3]: Entering directory '/<<PKGBUILDDIR>>/obj'
cd /<<PKGBUILDDIR>>/obj && /usr/bin/cmake -E cmake_depends "Unix Makefiles" /<<PKGBUILDDIR>> /<<PKGBUILDDIR>>/tests /<<PKGBUILDDIR>>/obj /<<PKGBUILDDIR>>/obj/tests /<<PKGBUILDDIR>>/obj/tests/CMakeFiles/test_echo_tcp_write_read.dir/DependInfo.cmake --color=
make[3]: Leaving directory '/<<PKGBUILDDIR>>/obj'
Scanning dependencies of target test_echo_tcp_write_read
make[3]: Leaving directory '/<<PKGBUILDDIR>>/obj'
/usr/bin/make -f tests/CMakeFiles/test_echo_tcp_write_read.dir/build.make tests/CMakeFiles/test_echo_tcp_write_read.dir/build
[ 86%] Built target test_close_failure
make[3]: Entering directory '/<<PKGBUILDDIR>>/obj'
/usr/bin/make -f tests/CMakeFiles/test_thread_echo_tcp_write_read.dir/build.make tests/CMakeFiles/test_thread_echo_tcp_write_read.dir/depend
make[3]: Entering directory '/<<PKGBUILDDIR>>/obj'
cd /<<PKGBUILDDIR>>/obj && /usr/bin/cmake -E cmake_depends "Unix Makefiles" /<<PKGBUILDDIR>> /<<PKGBUILDDIR>>/tests /<<PKGBUILDDIR>>/obj /<<PKGBUILDDIR>>/obj/tests /<<PKGBUILDDIR>>/obj/tests/CMakeFiles/test_thread_echo_tcp_write_read.dir/DependInfo.cmake --color=
[ 87%] Building C object tests/CMakeFiles/test_echo_tcp_write_read.dir/test_echo_tcp_write_read.c.o
cd /<<PKGBUILDDIR>>/obj/tests && /usr/bin/cc  -I/<<PKGBUILDDIR>>/obj/tests -I/<<PKGBUILDDIR>>/tests -I/<<PKGBUILDDIR>>/obj -I/<<PKGBUILDDIR>>/src  -g -O2 -fdebug-prefix-map=/<<PKGBUILDDIR>>=. -fstack-protector-strong -Wformat -Werror=format-security -Wdate-time -D_FORTIFY_SOURCE=2 -fPIE   -std=gnu99 -Wall -Wshadow -Wmissing-prototypes -Wcast-align -Werror=address -Wstrict-prototypes -Werror=strict-prototypes -Wwrite-strings -Werror=write-strings -Werror-implicit-function-declaration -Wpointer-arith -Werror=pointer-arith -Wdeclaration-after-statement -Werror=declaration-after-statement -Wreturn-type -Werror=return-type -Wuninitialized -Werror=uninitialized -Wimplicit-fallthrough -Werror=strict-overflow -Wstrict-overflow=2 -Wno-format-zero-length -Wformat -Wformat-security -Werror=format-security -Wno-gnu-zero-variadic-macro-arguments -fno-common -fstack-protector-strong -D_GNU_SOURCE -o CMakeFiles/test_echo_tcp_write_read.dir/test_echo_tcp_write_read.c.o   -c /<<PKGBUILDDIR>>/tests/test_echo_tcp_write_read.c
Scanning dependencies of target test_thread_echo_tcp_write_read
make[3]: Leaving directory '/<<PKGBUILDDIR>>/obj'
/usr/bin/make -f tests/CMakeFiles/test_thread_echo_tcp_write_read.dir/build.make tests/CMakeFiles/test_thread_echo_tcp_write_read.dir/build
make[3]: Entering directory '/<<PKGBUILDDIR>>/obj'
[ 89%] Building C object tests/CMakeFiles/test_thread_echo_tcp_write_read.dir/test_thread_echo_tcp_write_read.c.o
cd /<<PKGBUILDDIR>>/obj/tests && /usr/bin/cc  -I/<<PKGBUILDDIR>>/obj/tests -I/<<PKGBUILDDIR>>/tests -I/<<PKGBUILDDIR>>/obj -I/<<PKGBUILDDIR>>/src  -g -O2 -fdebug-prefix-map=/<<PKGBUILDDIR>>=. -fstack-protector-strong -Wformat -Werror=format-security -Wdate-time -D_FORTIFY_SOURCE=2 -fPIE   -std=gnu99 -Wall -Wshadow -Wmissing-prototypes -Wcast-align -Werror=address -Wstrict-prototypes -Werror=strict-prototypes -Wwrite-strings -Werror=write-strings -Werror-implicit-function-declaration -Wpointer-arith -Werror=pointer-arith -Wdeclaration-after-statement -Werror=declaration-after-statement -Wreturn-type -Werror=return-type -Wuninitialized -Werror=uninitialized -Wimplicit-fallthrough -Werror=strict-overflow -Wstrict-overflow=2 -Wno-format-zero-length -Wformat -Wformat-security -Werror=format-security -Wno-gnu-zero-variadic-macro-arguments -fno-common -fstack-protector-strong -D_GNU_SOURCE -o CMakeFiles/test_thread_echo_tcp_write_read.dir/test_thread_echo_tcp_write_read.c.o   -c /<<PKGBUILDDIR>>/tests/test_thread_echo_tcp_write_read.c
[ 91%] Linking C executable test_tcp_socket_overwrite
cd /<<PKGBUILDDIR>>/obj/tests && /usr/bin/cmake -E cmake_link_script CMakeFiles/test_tcp_socket_overwrite.dir/link.txt --verbose=1
/usr/bin/cc -g -O2 -fdebug-prefix-map=/<<PKGBUILDDIR>>=. -fstack-protector-strong -Wformat -Werror=format-security -Wdate-time -D_FORTIFY_SOURCE=2  -Wl,-z,relro CMakeFiles/test_tcp_socket_overwrite.dir/test_tcp_socket_overwrite.c.o  -o test_tcp_socket_overwrite  libtorture.a /usr/lib/x86_64-linux-gnu/libcmocka.so /usr/lib/x86_64-linux-gnu/libdl.so -lpthread 
make[3]: Leaving directory '/<<PKGBUILDDIR>>/obj'
[ 91%] Built target test_tcp_socket_overwrite
/usr/bin/make -f tests/CMakeFiles/test_thread_echo_udp_send_recv.dir/build.make tests/CMakeFiles/test_thread_echo_udp_send_recv.dir/depend
[ 93%] Linking C executable test_echo_tcp_write_read
cd /<<PKGBUILDDIR>>/obj/tests && /usr/bin/cmake -E cmake_link_script CMakeFiles/test_echo_tcp_write_read.dir/link.txt --verbose=1
make[3]: Entering directory '/<<PKGBUILDDIR>>/obj'
cd /<<PKGBUILDDIR>>/obj && /usr/bin/cmake -E cmake_depends "Unix Makefiles" /<<PKGBUILDDIR>> /<<PKGBUILDDIR>>/tests /<<PKGBUILDDIR>>/obj /<<PKGBUILDDIR>>/obj/tests /<<PKGBUILDDIR>>/obj/tests/CMakeFiles/test_thread_echo_udp_send_recv.dir/DependInfo.cmake --color=
Scanning dependencies of target test_thread_echo_udp_send_recv
/usr/bin/cc -g -O2 -fdebug-prefix-map=/<<PKGBUILDDIR>>=. -fstack-protector-strong -Wformat -Werror=format-security -Wdate-time -D_FORTIFY_SOURCE=2  -Wl,-z,relro CMakeFiles/test_echo_tcp_write_read.dir/test_echo_tcp_write_read.c.o  -o test_echo_tcp_write_read  libtorture.a /usr/lib/x86_64-linux-gnu/libcmocka.so /usr/lib/x86_64-linux-gnu/libdl.so -lpthread 
make[3]: Leaving directory '/<<PKGBUILDDIR>>/obj'
/usr/bin/make -f tests/CMakeFiles/test_thread_echo_udp_send_recv.dir/build.make tests/CMakeFiles/test_thread_echo_udp_send_recv.dir/build
make[3]: Entering directory '/<<PKGBUILDDIR>>/obj'
[ 94%] Building C object tests/CMakeFiles/test_thread_echo_udp_send_recv.dir/test_thread_echo_udp_send_recv.c.o
cd /<<PKGBUILDDIR>>/obj/tests && /usr/bin/cc  -I/<<PKGBUILDDIR>>/obj/tests -I/<<PKGBUILDDIR>>/tests -I/<<PKGBUILDDIR>>/obj -I/<<PKGBUILDDIR>>/src  -g -O2 -fdebug-prefix-map=/<<PKGBUILDDIR>>=. -fstack-protector-strong -Wformat -Werror=format-security -Wdate-time -D_FORTIFY_SOURCE=2 -fPIE   -std=gnu99 -Wall -Wshadow -Wmissing-prototypes -Wcast-align -Werror=address -Wstrict-prototypes -Werror=strict-prototypes -Wwrite-strings -Werror=write-strings -Werror-implicit-function-declaration -Wpointer-arith -Werror=pointer-arith -Wdeclaration-after-statement -Werror=declaration-after-statement -Wreturn-type -Werror=return-type -Wuninitialized -Werror=uninitialized -Wimplicit-fallthrough -Werror=strict-overflow -Wstrict-overflow=2 -Wno-format-zero-length -Wformat -Wformat-security -Werror=format-security -Wno-gnu-zero-variadic-macro-arguments -fno-common -fstack-protector-strong -D_GNU_SOURCE -o CMakeFiles/test_thread_echo_udp_send_recv.dir/test_thread_echo_udp_send_recv.c.o   -c /<<PKGBUILDDIR>>/tests/test_thread_echo_udp_send_recv.c
[ 96%] Linking C executable test_thread_echo_tcp_write_read
cd /<<PKGBUILDDIR>>/obj/tests && /usr/bin/cmake -E cmake_link_script CMakeFiles/test_thread_echo_tcp_write_read.dir/link.txt --verbose=1
make[3]: Leaving directory '/<<PKGBUILDDIR>>/obj'
/usr/bin/cc -g -O2 -fdebug-prefix-map=/<<PKGBUILDDIR>>=. -fstack-protector-strong -Wformat -Werror=format-security -Wdate-time -D_FORTIFY_SOURCE=2  -Wl,-z,relro CMakeFiles/test_thread_echo_tcp_write_read.dir/test_thread_echo_tcp_write_read.c.o  -o test_thread_echo_tcp_write_read  libtorture.a /usr/lib/x86_64-linux-gnu/libcmocka.so /usr/lib/x86_64-linux-gnu/libdl.so -lpthread 
[ 96%] Built target test_echo_tcp_write_read
make[3]: Leaving directory '/<<PKGBUILDDIR>>/obj'
[ 96%] Built target test_thread_echo_tcp_write_read
3[ 98%] Linking C executable test_thread_echo_udp_send_recv
 warnings generated.
cd /<<PKGBUILDDIR>>/obj/tests && /usr/bin/cmake -E cmake_link_script CMakeFiles/test_thread_echo_udp_send_recv.dir/link.txt --verbose=1
[100%] Linking C executable test_swrap_unit
/usr/bin/cc -g -O2 -fdebug-prefix-map=/<<PKGBUILDDIR>>=. -fstack-protector-strong -Wformat -Werror=format-security -Wdate-time -D_FORTIFY_SOURCE=2  -Wl,-z,relro CMakeFiles/test_thread_echo_udp_send_recv.dir/test_thread_echo_udp_send_recv.c.o  -o test_thread_echo_udp_send_recv  libtorture.a /usr/lib/x86_64-linux-gnu/libcmocka.so /usr/lib/x86_64-linux-gnu/libdl.so -lpthread 
cd /<<PKGBUILDDIR>>/obj/tests && /usr/bin/cmake -E cmake_link_script CMakeFiles/test_swrap_unit.dir/link.txt --verbose=1
/usr/bin/cc -g -O2 -fdebug-prefix-map=/<<PKGBUILDDIR>>=. -fstack-protector-strong -Wformat -Werror=format-security -Wdate-time -D_FORTIFY_SOURCE=2  -Wl,-z,relro CMakeFiles/test_swrap_unit.dir/test_swrap_unit.c.o  -o test_swrap_unit  libtorture.a /usr/lib/x86_64-linux-gnu/libcmocka.so /usr/lib/x86_64-linux-gnu/libdl.so -lpthread 
make[3]: Leaving directory '/<<PKGBUILDDIR>>/obj'
[100%] Built target test_thread_echo_udp_send_recv
make[3]: Leaving directory '/<<PKGBUILDDIR>>/obj'
[100%] Built target test_swrap_unit
make[2]: Leaving directory '/<<PKGBUILDDIR>>/obj'
/usr/bin/cmake -E cmake_progress_start /<<PKGBUILDDIR>>/obj/CMakeFiles 0
make[1]: Leaving directory '/<<PKGBUILDDIR>>/obj'
/usr/bin/make -C obj/ test
make[1]: Entering directory '/<<PKGBUILDDIR>>/obj'
Running tests...
/usr/bin/ctest --force-new-ctest-process 
Test project /<<PKGBUILDDIR>>/obj
      Start  1: test_ioctl
 1/25 Test  #1: test_ioctl .............................   Passed    0.12 sec
      Start  2: test_tcp_listen
 2/25 Test  #2: test_tcp_listen ........................   Passed    0.06 sec
      Start  3: test_tcp_dup2
 3/25 Test  #3: test_tcp_dup2 ..........................   Passed    0.12 sec
      Start  4: test_fcntl
 4/25 Test  #4: test_fcntl .............................   Passed    0.06 sec
      Start  5: test_echo_tcp_connect
 5/25 Test  #5: test_echo_tcp_connect ..................   Passed    0.25 sec
      Start  6: test_echo_tcp_bind
 6/25 Test  #6: test_echo_tcp_bind .....................   Passed    1.36 sec
      Start  7: test_echo_tcp_socket_options
 7/25 Test  #7: test_echo_tcp_socket_options ...........   Passed    0.83 sec
      Start  8: test_echo_tcp_sendmsg_recvmsg
 8/25 Test  #8: test_echo_tcp_sendmsg_recvmsg ..........   Passed    0.65 sec
      Start  9: test_echo_tcp_write_read
 9/25 Test  #9: test_echo_tcp_write_read ...............   Passed    0.50 sec
      Start 10: test_echo_tcp_writev_readv
10/25 Test #10: test_echo_tcp_writev_readv .............   Passed    0.44 sec
      Start 11: test_echo_tcp_get_peer_sock_name
11/25 Test #11: test_echo_tcp_get_peer_sock_name .......   Passed    0.82 sec
      Start 12: test_echo_udp_sendto_recvfrom
12/25 Test #12: test_echo_udp_sendto_recvfrom ..........   Passed    0.77 sec
      Start 13: test_echo_udp_send_recv
13/25 Test #13: test_echo_udp_send_recv ................   Passed    0.42 sec
      Start 14: test_echo_udp_sendmsg_recvmsg
14/25 Test #14: test_echo_udp_sendmsg_recvmsg ..........   Passed    1.03 sec
      Start 15: test_swrap_unit
15/25 Test #15: test_swrap_unit ........................   Passed    0.03 sec
      Start 16: test_max_sockets
16/25 Test #16: test_max_sockets .......................   Passed    0.03 sec
      Start 17: test_close_failure
17/25 Test #17: test_close_failure .....................   Passed    0.06 sec
      Start 18: test_tcp_socket_overwrite
18/25 Test #18: test_tcp_socket_overwrite ..............   Passed    0.02 sec
      Start 19: test_thread_sockets
19/25 Test #19: test_thread_sockets ....................   Passed    0.03 sec
      Start 20: test_thread_echo_tcp_connect
20/25 Test #20: test_thread_echo_tcp_connect ...........   Passed    0.21 sec
      Start 21: test_thread_echo_tcp_write_read
21/25 Test #21: test_thread_echo_tcp_write_read ........   Passed    0.31 sec
      Start 22: test_thread_echo_tcp_sendmsg_recvmsg
22/25 Test #22: test_thread_echo_tcp_sendmsg_recvmsg ...   Passed    0.81 sec
      Start 23: test_thread_echo_udp_send_recv
23/25 Test #23: test_thread_echo_udp_send_recv .........   Passed    0.25 sec
      Start 24: test_sendmsg_recvmsg_fd
24/25 Test #24: test_sendmsg_recvmsg_fd ................   Passed    0.04 sec
      Start 25: test_fork_thread_deadlock
25/25 Test #25: test_fork_thread_deadlock ..............   Passed    0.05 sec

100% tests passed, 0 tests failed out of 25

Total Test time (real) =   9.27 sec
make[1]: Leaving directory '/<<PKGBUILDDIR>>/obj'
a2x --doctype manpage --format manpage doc/socket_wrapper.1.txt
touch obj/stamp
 fakeroot debian/rules binary
dh_testroot
dh_prep
/usr/bin/make -C obj/ install DESTDIR=../debian/libsocket-wrapper/
make[1]: Entering directory '/<<PKGBUILDDIR>>/obj'
/usr/bin/cmake -S/<<PKGBUILDDIR>> -B/<<PKGBUILDDIR>>/obj --check-build-system CMakeFiles/Makefile.cmake 0
/usr/bin/cmake -E cmake_progress_start /<<PKGBUILDDIR>>/obj/CMakeFiles /<<PKGBUILDDIR>>/obj/CMakeFiles/progress.marks
/usr/bin/make -f CMakeFiles/Makefile2 all
make[2]: Entering directory '/<<PKGBUILDDIR>>/obj'
/usr/bin/make -f src/CMakeFiles/socket_wrapper.dir/build.make src/CMakeFiles/socket_wrapper.dir/depend
make[3]: Entering directory '/<<PKGBUILDDIR>>/obj'
cd /<<PKGBUILDDIR>>/obj && /usr/bin/cmake -E cmake_depends "Unix Makefiles" /<<PKGBUILDDIR>> /<<PKGBUILDDIR>>/src /<<PKGBUILDDIR>>/obj /<<PKGBUILDDIR>>/obj/src /<<PKGBUILDDIR>>/obj/src/CMakeFiles/socket_wrapper.dir/DependInfo.cmake --color=
make[3]: Leaving directory '/<<PKGBUILDDIR>>/obj'
/usr/bin/make -f src/CMakeFiles/socket_wrapper.dir/build.make src/CMakeFiles/socket_wrapper.dir/build
make[3]: Entering directory '/<<PKGBUILDDIR>>/obj'
make[3]: Nothing to be done for 'src/CMakeFiles/socket_wrapper.dir/build'.
make[3]: Leaving directory '/<<PKGBUILDDIR>>/obj'
[  3%] Built target socket_wrapper
/usr/bin/make -f tests/CMakeFiles/torture.dir/build.make tests/CMakeFiles/torture.dir/depend
make[3]: Entering directory '/<<PKGBUILDDIR>>/obj'
cd /<<PKGBUILDDIR>>/obj && /usr/bin/cmake -E cmake_depends "Unix Makefiles" /<<PKGBUILDDIR>> /<<PKGBUILDDIR>>/tests /<<PKGBUILDDIR>>/obj /<<PKGBUILDDIR>>/obj/tests /<<PKGBUILDDIR>>/obj/tests/CMakeFiles/torture.dir/DependInfo.cmake --color=
make[3]: Leaving directory '/<<PKGBUILDDIR>>/obj'
/usr/bin/make -f tests/CMakeFiles/torture.dir/build.make tests/CMakeFiles/torture.dir/build
make[3]: Entering directory '/<<PKGBUILDDIR>>/obj'
make[3]: Nothing to be done for 'tests/CMakeFiles/torture.dir/build'.
make[3]: Leaving directory '/<<PKGBUILDDIR>>/obj'
[  6%] Built target torture
/usr/bin/make -f tests/CMakeFiles/test_echo_tcp_writev_readv.dir/build.make tests/CMakeFiles/test_echo_tcp_writev_readv.dir/depend
make[3]: Entering directory '/<<PKGBUILDDIR>>/obj'
cd /<<PKGBUILDDIR>>/obj && /usr/bin/cmake -E cmake_depends "Unix Makefiles" /<<PKGBUILDDIR>> /<<PKGBUILDDIR>>/tests /<<PKGBUILDDIR>>/obj /<<PKGBUILDDIR>>/obj/tests /<<PKGBUILDDIR>>/obj/tests/CMakeFiles/test_echo_tcp_writev_readv.dir/DependInfo.cmake --color=
make[3]: Leaving directory '/<<PKGBUILDDIR>>/obj'
/usr/bin/make -f tests/CMakeFiles/test_echo_tcp_writev_readv.dir/build.make tests/CMakeFiles/test_echo_tcp_writev_readv.dir/build
make[3]: Entering directory '/<<PKGBUILDDIR>>/obj'
make[3]: Nothing to be done for 'tests/CMakeFiles/test_echo_tcp_writev_readv.dir/build'.
make[3]: Leaving directory '/<<PKGBUILDDIR>>/obj'
[ 10%] Built target test_echo_tcp_writev_readv
/usr/bin/make -f tests/CMakeFiles/test_thread_sockets.dir/build.make tests/CMakeFiles/test_thread_sockets.dir/depend
make[3]: Entering directory '/<<PKGBUILDDIR>>/obj'
cd /<<PKGBUILDDIR>>/obj && /usr/bin/cmake -E cmake_depends "Unix Makefiles" /<<PKGBUILDDIR>> /<<PKGBUILDDIR>>/tests /<<PKGBUILDDIR>>/obj /<<PKGBUILDDIR>>/obj/tests /<<PKGBUILDDIR>>/obj/tests/CMakeFiles/test_thread_sockets.dir/DependInfo.cmake --color=
make[3]: Leaving directory '/<<PKGBUILDDIR>>/obj'
/usr/bin/make -f tests/CMakeFiles/test_thread_sockets.dir/build.make tests/CMakeFiles/test_thread_sockets.dir/build
make[3]: Entering directory '/<<PKGBUILDDIR>>/obj'
make[3]: Nothing to be done for 'tests/CMakeFiles/test_thread_sockets.dir/build'.
make[3]: Leaving directory '/<<PKGBUILDDIR>>/obj'
[ 13%] Built target test_thread_sockets
/usr/bin/make -f tests/CMakeFiles/test_thread_echo_tcp_connect.dir/build.make tests/CMakeFiles/test_thread_echo_tcp_connect.dir/depend
make[3]: Entering directory '/<<PKGBUILDDIR>>/obj'
cd /<<PKGBUILDDIR>>/obj && /usr/bin/cmake -E cmake_depends "Unix Makefiles" /<<PKGBUILDDIR>> /<<PKGBUILDDIR>>/tests /<<PKGBUILDDIR>>/obj /<<PKGBUILDDIR>>/obj/tests /<<PKGBUILDDIR>>/obj/tests/CMakeFiles/test_thread_echo_tcp_connect.dir/DependInfo.cmake --color=
make[3]: Leaving directory '/<<PKGBUILDDIR>>/obj'
/usr/bin/make -f tests/CMakeFiles/test_thread_echo_tcp_connect.dir/build.make tests/CMakeFiles/test_thread_echo_tcp_connect.dir/build
make[3]: Entering directory '/<<PKGBUILDDIR>>/obj'
make[3]: Nothing to be done for 'tests/CMakeFiles/test_thread_echo_tcp_connect.dir/build'.
make[3]: Leaving directory '/<<PKGBUILDDIR>>/obj'
[ 17%] Built target test_thread_echo_tcp_connect
/usr/bin/make -f tests/CMakeFiles/test_echo_tcp_socket_options.dir/build.make tests/CMakeFiles/test_echo_tcp_socket_options.dir/depend
make[3]: Entering directory '/<<PKGBUILDDIR>>/obj'
cd /<<PKGBUILDDIR>>/obj && /usr/bin/cmake -E cmake_depends "Unix Makefiles" /<<PKGBUILDDIR>> /<<PKGBUILDDIR>>/tests /<<PKGBUILDDIR>>/obj /<<PKGBUILDDIR>>/obj/tests /<<PKGBUILDDIR>>/obj/tests/CMakeFiles/test_echo_tcp_socket_options.dir/DependInfo.cmake --color=
make[3]: Leaving directory '/<<PKGBUILDDIR>>/obj'
/usr/bin/make -f tests/CMakeFiles/test_echo_tcp_socket_options.dir/build.make tests/CMakeFiles/test_echo_tcp_socket_options.dir/build
make[3]: Entering directory '/<<PKGBUILDDIR>>/obj'
make[3]: Nothing to be done for 'tests/CMakeFiles/test_echo_tcp_socket_options.dir/build'.
make[3]: Leaving directory '/<<PKGBUILDDIR>>/obj'
[ 20%] Built target test_echo_tcp_socket_options
/usr/bin/make -f tests/CMakeFiles/test_echo_tcp_connect.dir/build.make tests/CMakeFiles/test_echo_tcp_connect.dir/depend
make[3]: Entering directory '/<<PKGBUILDDIR>>/obj'
cd /<<PKGBUILDDIR>>/obj && /usr/bin/cmake -E cmake_depends "Unix Makefiles" /<<PKGBUILDDIR>> /<<PKGBUILDDIR>>/tests /<<PKGBUILDDIR>>/obj /<<PKGBUILDDIR>>/obj/tests /<<PKGBUILDDIR>>/obj/tests/CMakeFiles/test_echo_tcp_connect.dir/DependInfo.cmake --color=
make[3]: Leaving directory '/<<PKGBUILDDIR>>/obj'
/usr/bin/make -f tests/CMakeFiles/test_echo_tcp_connect.dir/build.make tests/CMakeFiles/test_echo_tcp_connect.dir/build
make[3]: Entering directory '/<<PKGBUILDDIR>>/obj'
make[3]: Nothing to be done for 'tests/CMakeFiles/test_echo_tcp_connect.dir/build'.
make[3]: Leaving directory '/<<PKGBUILDDIR>>/obj'
[ 24%] Built target test_echo_tcp_connect
/usr/bin/make -f tests/CMakeFiles/test_echo_tcp_bind.dir/build.make tests/CMakeFiles/test_echo_tcp_bind.dir/depend
make[3]: Entering directory '/<<PKGBUILDDIR>>/obj'
cd /<<PKGBUILDDIR>>/obj && /usr/bin/cmake -E cmake_depends "Unix Makefiles" /<<PKGBUILDDIR>> /<<PKGBUILDDIR>>/tests /<<PKGBUILDDIR>>/obj /<<PKGBUILDDIR>>/obj/tests /<<PKGBUILDDIR>>/obj/tests/CMakeFiles/test_echo_tcp_bind.dir/DependInfo.cmake --color=
make[3]: Leaving directory '/<<PKGBUILDDIR>>/obj'
/usr/bin/make -f tests/CMakeFiles/test_echo_tcp_bind.dir/build.make tests/CMakeFiles/test_echo_tcp_bind.dir/build
make[3]: Entering directory '/<<PKGBUILDDIR>>/obj'
make[3]: Nothing to be done for 'tests/CMakeFiles/test_echo_tcp_bind.dir/build'.
make[3]: Leaving directory '/<<PKGBUILDDIR>>/obj'
[ 27%] Built target test_echo_tcp_bind
/usr/bin/make -f tests/CMakeFiles/test_fcntl.dir/build.make tests/CMakeFiles/test_fcntl.dir/depend
make[3]: Entering directory '/<<PKGBUILDDIR>>/obj'
cd /<<PKGBUILDDIR>>/obj && /usr/bin/cmake -E cmake_depends "Unix Makefiles" /<<PKGBUILDDIR>> /<<PKGBUILDDIR>>/tests /<<PKGBUILDDIR>>/obj /<<PKGBUILDDIR>>/obj/tests /<<PKGBUILDDIR>>/obj/tests/CMakeFiles/test_fcntl.dir/DependInfo.cmake --color=
make[3]: Leaving directory '/<<PKGBUILDDIR>>/obj'
/usr/bin/make -f tests/CMakeFiles/test_fcntl.dir/build.make tests/CMakeFiles/test_fcntl.dir/build
make[3]: Entering directory '/<<PKGBUILDDIR>>/obj'
make[3]: Nothing to be done for 'tests/CMakeFiles/test_fcntl.dir/build'.
make[3]: Leaving directory '/<<PKGBUILDDIR>>/obj'
[ 31%] Built target test_fcntl
/usr/bin/make -f tests/CMakeFiles/test_echo_tcp_get_peer_sock_name.dir/build.make tests/CMakeFiles/test_echo_tcp_get_peer_sock_name.dir/depend
make[3]: Entering directory '/<<PKGBUILDDIR>>/obj'
cd /<<PKGBUILDDIR>>/obj && /usr/bin/cmake -E cmake_depends "Unix Makefiles" /<<PKGBUILDDIR>> /<<PKGBUILDDIR>>/tests /<<PKGBUILDDIR>>/obj /<<PKGBUILDDIR>>/obj/tests /<<PKGBUILDDIR>>/obj/tests/CMakeFiles/test_echo_tcp_get_peer_sock_name.dir/DependInfo.cmake --color=
make[3]: Leaving directory '/<<PKGBUILDDIR>>/obj'
/usr/bin/make -f tests/CMakeFiles/test_echo_tcp_get_peer_sock_name.dir/build.make tests/CMakeFiles/test_echo_tcp_get_peer_sock_name.dir/build
make[3]: Entering directory '/<<PKGBUILDDIR>>/obj'
make[3]: Nothing to be done for 'tests/CMakeFiles/test_echo_tcp_get_peer_sock_name.dir/build'.
make[3]: Leaving directory '/<<PKGBUILDDIR>>/obj'
[ 34%] Built target test_echo_tcp_get_peer_sock_name
/usr/bin/make -f tests/CMakeFiles/test_echo_tcp_sendmsg_recvmsg.dir/build.make tests/CMakeFiles/test_echo_tcp_sendmsg_recvmsg.dir/depend
make[3]: Entering directory '/<<PKGBUILDDIR>>/obj'
cd /<<PKGBUILDDIR>>/obj && /usr/bin/cmake -E cmake_depends "Unix Makefiles" /<<PKGBUILDDIR>> /<<PKGBUILDDIR>>/tests /<<PKGBUILDDIR>>/obj /<<PKGBUILDDIR>>/obj/tests /<<PKGBUILDDIR>>/obj/tests/CMakeFiles/test_echo_tcp_sendmsg_recvmsg.dir/DependInfo.cmake --color=
make[3]: Leaving directory '/<<PKGBUILDDIR>>/obj'
/usr/bin/make -f tests/CMakeFiles/test_echo_tcp_sendmsg_recvmsg.dir/build.make tests/CMakeFiles/test_echo_tcp_sendmsg_recvmsg.dir/build
make[3]: Entering directory '/<<PKGBUILDDIR>>/obj'
make[3]: Nothing to be done for 'tests/CMakeFiles/test_echo_tcp_sendmsg_recvmsg.dir/build'.
make[3]: Leaving directory '/<<PKGBUILDDIR>>/obj'
[ 37%] Built target test_echo_tcp_sendmsg_recvmsg
/usr/bin/make -f tests/CMakeFiles/thread_deadlock.dir/build.make tests/CMakeFiles/thread_deadlock.dir/depend
make[3]: Entering directory '/<<PKGBUILDDIR>>/obj'
cd /<<PKGBUILDDIR>>/obj && /usr/bin/cmake -E cmake_depends "Unix Makefiles" /<<PKGBUILDDIR>> /<<PKGBUILDDIR>>/tests /<<PKGBUILDDIR>>/obj /<<PKGBUILDDIR>>/obj/tests /<<PKGBUILDDIR>>/obj/tests/CMakeFiles/thread_deadlock.dir/DependInfo.cmake --color=
make[3]: Leaving directory '/<<PKGBUILDDIR>>/obj'
/usr/bin/make -f tests/CMakeFiles/thread_deadlock.dir/build.make tests/CMakeFiles/thread_deadlock.dir/build
make[3]: Entering directory '/<<PKGBUILDDIR>>/obj'
make[3]: Nothing to be done for 'tests/CMakeFiles/thread_deadlock.dir/build'.
make[3]: Leaving directory '/<<PKGBUILDDIR>>/obj'
[ 41%] Built target thread_deadlock
/usr/bin/make -f tests/CMakeFiles/test_swrap_unit.dir/build.make tests/CMakeFiles/test_swrap_unit.dir/depend
make[3]: Entering directory '/<<PKGBUILDDIR>>/obj'
cd /<<PKGBUILDDIR>>/obj && /usr/bin/cmake -E cmake_depends "Unix Makefiles" /<<PKGBUILDDIR>> /<<PKGBUILDDIR>>/tests /<<PKGBUILDDIR>>/obj /<<PKGBUILDDIR>>/obj/tests /<<PKGBUILDDIR>>/obj/tests/CMakeFiles/test_swrap_unit.dir/DependInfo.cmake --color=
make[3]: Leaving directory '/<<PKGBUILDDIR>>/obj'
/usr/bin/make -f tests/CMakeFiles/test_swrap_unit.dir/build.make tests/CMakeFiles/test_swrap_unit.dir/build
make[3]: Entering directory '/<<PKGBUILDDIR>>/obj'
make[3]: Nothing to be done for 'tests/CMakeFiles/test_swrap_unit.dir/build'.
make[3]: Leaving directory '/<<PKGBUILDDIR>>/obj'
[ 44%] Built target test_swrap_unit
/usr/bin/make -f tests/CMakeFiles/test_tcp_dup2.dir/build.make tests/CMakeFiles/test_tcp_dup2.dir/depend
make[3]: Entering directory '/<<PKGBUILDDIR>>/obj'
cd /<<PKGBUILDDIR>>/obj && /usr/bin/cmake -E cmake_depends "Unix Makefiles" /<<PKGBUILDDIR>> /<<PKGBUILDDIR>>/tests /<<PKGBUILDDIR>>/obj /<<PKGBUILDDIR>>/obj/tests /<<PKGBUILDDIR>>/obj/tests/CMakeFiles/test_tcp_dup2.dir/DependInfo.cmake --color=
make[3]: Leaving directory '/<<PKGBUILDDIR>>/obj'
/usr/bin/make -f tests/CMakeFiles/test_tcp_dup2.dir/build.make tests/CMakeFiles/test_tcp_dup2.dir/build
make[3]: Entering directory '/<<PKGBUILDDIR>>/obj'
make[3]: Nothing to be done for 'tests/CMakeFiles/test_tcp_dup2.dir/build'.
make[3]: Leaving directory '/<<PKGBUILDDIR>>/obj'
[ 48%] Built target test_tcp_dup2
/usr/bin/make -f tests/CMakeFiles/test_tcp_listen.dir/build.make tests/CMakeFiles/test_tcp_listen.dir/depend
make[3]: Entering directory '/<<PKGBUILDDIR>>/obj'
cd /<<PKGBUILDDIR>>/obj && /usr/bin/cmake -E cmake_depends "Unix Makefiles" /<<PKGBUILDDIR>> /<<PKGBUILDDIR>>/tests /<<PKGBUILDDIR>>/obj /<<PKGBUILDDIR>>/obj/tests /<<PKGBUILDDIR>>/obj/tests/CMakeFiles/test_tcp_listen.dir/DependInfo.cmake --color=
make[3]: Leaving directory '/<<PKGBUILDDIR>>/obj'
/usr/bin/make -f tests/CMakeFiles/test_tcp_listen.dir/build.make tests/CMakeFiles/test_tcp_listen.dir/build
make[3]: Entering directory '/<<PKGBUILDDIR>>/obj'
make[3]: Nothing to be done for 'tests/CMakeFiles/test_tcp_listen.dir/build'.
make[3]: Leaving directory '/<<PKGBUILDDIR>>/obj'
[ 51%] Built target test_tcp_listen
/usr/bin/make -f tests/CMakeFiles/echo_srv.dir/build.make tests/CMakeFiles/echo_srv.dir/depend
make[3]: Entering directory '/<<PKGBUILDDIR>>/obj'
cd /<<PKGBUILDDIR>>/obj && /usr/bin/cmake -E cmake_depends "Unix Makefiles" /<<PKGBUILDDIR>> /<<PKGBUILDDIR>>/tests /<<PKGBUILDDIR>>/obj /<<PKGBUILDDIR>>/obj/tests /<<PKGBUILDDIR>>/obj/tests/CMakeFiles/echo_srv.dir/DependInfo.cmake --color=
make[3]: Leaving directory '/<<PKGBUILDDIR>>/obj'
/usr/bin/make -f tests/CMakeFiles/echo_srv.dir/build.make tests/CMakeFiles/echo_srv.dir/build
make[3]: Entering directory '/<<PKGBUILDDIR>>/obj'
make[3]: Nothing to be done for 'tests/CMakeFiles/echo_srv.dir/build'.
make[3]: Leaving directory '/<<PKGBUILDDIR>>/obj'
[ 55%] Built target echo_srv
/usr/bin/make -f tests/CMakeFiles/test_thread_echo_tcp_sendmsg_recvmsg.dir/build.make tests/CMakeFiles/test_thread_echo_tcp_sendmsg_recvmsg.dir/depend
make[3]: Entering directory '/<<PKGBUILDDIR>>/obj'
cd /<<PKGBUILDDIR>>/obj && /usr/bin/cmake -E cmake_depends "Unix Makefiles" /<<PKGBUILDDIR>> /<<PKGBUILDDIR>>/tests /<<PKGBUILDDIR>>/obj /<<PKGBUILDDIR>>/obj/tests /<<PKGBUILDDIR>>/obj/tests/CMakeFiles/test_thread_echo_tcp_sendmsg_recvmsg.dir/DependInfo.cmake --color=
make[3]: Leaving directory '/<<PKGBUILDDIR>>/obj'
/usr/bin/make -f tests/CMakeFiles/test_thread_echo_tcp_sendmsg_recvmsg.dir/build.make tests/CMakeFiles/test_thread_echo_tcp_sendmsg_recvmsg.dir/build
make[3]: Entering directory '/<<PKGBUILDDIR>>/obj'
make[3]: Nothing to be done for 'tests/CMakeFiles/test_thread_echo_tcp_sendmsg_recvmsg.dir/build'.
make[3]: Leaving directory '/<<PKGBUILDDIR>>/obj'
[ 58%] Built target test_thread_echo_tcp_sendmsg_recvmsg
/usr/bin/make -f tests/CMakeFiles/test_ioctl.dir/build.make tests/CMakeFiles/test_ioctl.dir/depend
make[3]: Entering directory '/<<PKGBUILDDIR>>/obj'
cd /<<PKGBUILDDIR>>/obj && /usr/bin/cmake -E cmake_depends "Unix Makefiles" /<<PKGBUILDDIR>> /<<PKGBUILDDIR>>/tests /<<PKGBUILDDIR>>/obj /<<PKGBUILDDIR>>/obj/tests /<<PKGBUILDDIR>>/obj/tests/CMakeFiles/test_ioctl.dir/DependInfo.cmake --color=
make[3]: Leaving directory '/<<PKGBUILDDIR>>/obj'
/usr/bin/make -f tests/CMakeFiles/test_ioctl.dir/build.make tests/CMakeFiles/test_ioctl.dir/build
make[3]: Entering directory '/<<PKGBUILDDIR>>/obj'
make[3]: Nothing to be done for 'tests/CMakeFiles/test_ioctl.dir/build'.
make[3]: Leaving directory '/<<PKGBUILDDIR>>/obj'
[ 62%] Built target test_ioctl
/usr/bin/make -f tests/CMakeFiles/test_echo_udp_sendto_recvfrom.dir/build.make tests/CMakeFiles/test_echo_udp_sendto_recvfrom.dir/depend
make[3]: Entering directory '/<<PKGBUILDDIR>>/obj'
cd /<<PKGBUILDDIR>>/obj && /usr/bin/cmake -E cmake_depends "Unix Makefiles" /<<PKGBUILDDIR>> /<<PKGBUILDDIR>>/tests /<<PKGBUILDDIR>>/obj /<<PKGBUILDDIR>>/obj/tests /<<PKGBUILDDIR>>/obj/tests/CMakeFiles/test_echo_udp_sendto_recvfrom.dir/DependInfo.cmake --color=
make[3]: Leaving directory '/<<PKGBUILDDIR>>/obj'
/usr/bin/make -f tests/CMakeFiles/test_echo_udp_sendto_recvfrom.dir/build.make tests/CMakeFiles/test_echo_udp_sendto_recvfrom.dir/build
make[3]: Entering directory '/<<PKGBUILDDIR>>/obj'
make[3]: Nothing to be done for 'tests/CMakeFiles/test_echo_udp_sendto_recvfrom.dir/build'.
make[3]: Leaving directory '/<<PKGBUILDDIR>>/obj'
[ 65%] Built target test_echo_udp_sendto_recvfrom
/usr/bin/make -f tests/CMakeFiles/test_echo_udp_send_recv.dir/build.make tests/CMakeFiles/test_echo_udp_send_recv.dir/depend
make[3]: Entering directory '/<<PKGBUILDDIR>>/obj'
cd /<<PKGBUILDDIR>>/obj && /usr/bin/cmake -E cmake_depends "Unix Makefiles" /<<PKGBUILDDIR>> /<<PKGBUILDDIR>>/tests /<<PKGBUILDDIR>>/obj /<<PKGBUILDDIR>>/obj/tests /<<PKGBUILDDIR>>/obj/tests/CMakeFiles/test_echo_udp_send_recv.dir/DependInfo.cmake --color=
make[3]: Leaving directory '/<<PKGBUILDDIR>>/obj'
/usr/bin/make -f tests/CMakeFiles/test_echo_udp_send_recv.dir/build.make tests/CMakeFiles/test_echo_udp_send_recv.dir/build
make[3]: Entering directory '/<<PKGBUILDDIR>>/obj'
make[3]: Nothing to be done for 'tests/CMakeFiles/test_echo_udp_send_recv.dir/build'.
make[3]: Leaving directory '/<<PKGBUILDDIR>>/obj'
[ 68%] Built target test_echo_udp_send_recv
/usr/bin/make -f tests/CMakeFiles/test_fork_thread_deadlock.dir/build.make tests/CMakeFiles/test_fork_thread_deadlock.dir/depend
make[3]: Entering directory '/<<PKGBUILDDIR>>/obj'
cd /<<PKGBUILDDIR>>/obj && /usr/bin/cmake -E cmake_depends "Unix Makefiles" /<<PKGBUILDDIR>> /<<PKGBUILDDIR>>/tests /<<PKGBUILDDIR>>/obj /<<PKGBUILDDIR>>/obj/tests /<<PKGBUILDDIR>>/obj/tests/CMakeFiles/test_fork_thread_deadlock.dir/DependInfo.cmake --color=
make[3]: Leaving directory '/<<PKGBUILDDIR>>/obj'
/usr/bin/make -f tests/CMakeFiles/test_fork_thread_deadlock.dir/build.make tests/CMakeFiles/test_fork_thread_deadlock.dir/build
make[3]: Entering directory '/<<PKGBUILDDIR>>/obj'
make[3]: Nothing to be done for 'tests/CMakeFiles/test_fork_thread_deadlock.dir/build'.
make[3]: Leaving directory '/<<PKGBUILDDIR>>/obj'
[ 72%] Built target test_fork_thread_deadlock
/usr/bin/make -f tests/CMakeFiles/test_sendmsg_recvmsg_fd.dir/build.make tests/CMakeFiles/test_sendmsg_recvmsg_fd.dir/depend
make[3]: Entering directory '/<<PKGBUILDDIR>>/obj'
cd /<<PKGBUILDDIR>>/obj && /usr/bin/cmake -E cmake_depends "Unix Makefiles" /<<PKGBUILDDIR>> /<<PKGBUILDDIR>>/tests /<<PKGBUILDDIR>>/obj /<<PKGBUILDDIR>>/obj/tests /<<PKGBUILDDIR>>/obj/tests/CMakeFiles/test_sendmsg_recvmsg_fd.dir/DependInfo.cmake --color=
make[3]: Leaving directory '/<<PKGBUILDDIR>>/obj'
/usr/bin/make -f tests/CMakeFiles/test_sendmsg_recvmsg_fd.dir/build.make tests/CMakeFiles/test_sendmsg_recvmsg_fd.dir/build
make[3]: Entering directory '/<<PKGBUILDDIR>>/obj'
make[3]: Nothing to be done for 'tests/CMakeFiles/test_sendmsg_recvmsg_fd.dir/build'.
make[3]: Leaving directory '/<<PKGBUILDDIR>>/obj'
[ 75%] Built target test_sendmsg_recvmsg_fd
/usr/bin/make -f tests/CMakeFiles/test_echo_udp_sendmsg_recvmsg.dir/build.make tests/CMakeFiles/test_echo_udp_sendmsg_recvmsg.dir/depend
make[3]: Entering directory '/<<PKGBUILDDIR>>/obj'
cd /<<PKGBUILDDIR>>/obj && /usr/bin/cmake -E cmake_depends "Unix Makefiles" /<<PKGBUILDDIR>> /<<PKGBUILDDIR>>/tests /<<PKGBUILDDIR>>/obj /<<PKGBUILDDIR>>/obj/tests /<<PKGBUILDDIR>>/obj/tests/CMakeFiles/test_echo_udp_sendmsg_recvmsg.dir/DependInfo.cmake --color=
make[3]: Leaving directory '/<<PKGBUILDDIR>>/obj'
/usr/bin/make -f tests/CMakeFiles/test_echo_udp_sendmsg_recvmsg.dir/build.make tests/CMakeFiles/test_echo_udp_sendmsg_recvmsg.dir/build
make[3]: Entering directory '/<<PKGBUILDDIR>>/obj'
make[3]: Nothing to be done for 'tests/CMakeFiles/test_echo_udp_sendmsg_recvmsg.dir/build'.
make[3]: Leaving directory '/<<PKGBUILDDIR>>/obj'
[ 79%] Built target test_echo_udp_sendmsg_recvmsg
/usr/bin/make -f tests/CMakeFiles/test_max_sockets.dir/build.make tests/CMakeFiles/test_max_sockets.dir/depend
make[3]: Entering directory '/<<PKGBUILDDIR>>/obj'
cd /<<PKGBUILDDIR>>/obj && /usr/bin/cmake -E cmake_depends "Unix Makefiles" /<<PKGBUILDDIR>> /<<PKGBUILDDIR>>/tests /<<PKGBUILDDIR>>/obj /<<PKGBUILDDIR>>/obj/tests /<<PKGBUILDDIR>>/obj/tests/CMakeFiles/test_max_sockets.dir/DependInfo.cmake --color=
make[3]: Leaving directory '/<<PKGBUILDDIR>>/obj'
/usr/bin/make -f tests/CMakeFiles/test_max_sockets.dir/build.make tests/CMakeFiles/test_max_sockets.dir/build
make[3]: Entering directory '/<<PKGBUILDDIR>>/obj'
make[3]: Nothing to be done for 'tests/CMakeFiles/test_max_sockets.dir/build'.
make[3]: Leaving directory '/<<PKGBUILDDIR>>/obj'
[ 82%] Built target test_max_sockets
/usr/bin/make -f tests/CMakeFiles/test_close_failure.dir/build.make tests/CMakeFiles/test_close_failure.dir/depend
make[3]: Entering directory '/<<PKGBUILDDIR>>/obj'
cd /<<PKGBUILDDIR>>/obj && /usr/bin/cmake -E cmake_depends "Unix Makefiles" /<<PKGBUILDDIR>> /<<PKGBUILDDIR>>/tests /<<PKGBUILDDIR>>/obj /<<PKGBUILDDIR>>/obj/tests /<<PKGBUILDDIR>>/obj/tests/CMakeFiles/test_close_failure.dir/DependInfo.cmake --color=
make[3]: Leaving directory '/<<PKGBUILDDIR>>/obj'
/usr/bin/make -f tests/CMakeFiles/test_close_failure.dir/build.make tests/CMakeFiles/test_close_failure.dir/build
make[3]: Entering directory '/<<PKGBUILDDIR>>/obj'
make[3]: Nothing to be done for 'tests/CMakeFiles/test_close_failure.dir/build'.
make[3]: Leaving directory '/<<PKGBUILDDIR>>/obj'
[ 86%] Built target test_close_failure
/usr/bin/make -f tests/CMakeFiles/test_tcp_socket_overwrite.dir/build.make tests/CMakeFiles/test_tcp_socket_overwrite.dir/depend
make[3]: Entering directory '/<<PKGBUILDDIR>>/obj'
cd /<<PKGBUILDDIR>>/obj && /usr/bin/cmake -E cmake_depends "Unix Makefiles" /<<PKGBUILDDIR>> /<<PKGBUILDDIR>>/tests /<<PKGBUILDDIR>>/obj /<<PKGBUILDDIR>>/obj/tests /<<PKGBUILDDIR>>/obj/tests/CMakeFiles/test_tcp_socket_overwrite.dir/DependInfo.cmake --color=
make[3]: Leaving directory '/<<PKGBUILDDIR>>/obj'
/usr/bin/make -f tests/CMakeFiles/test_tcp_socket_overwrite.dir/build.make tests/CMakeFiles/test_tcp_socket_overwrite.dir/build
make[3]: Entering directory '/<<PKGBUILDDIR>>/obj'
make[3]: Nothing to be done for 'tests/CMakeFiles/test_tcp_socket_overwrite.dir/build'.
make[3]: Leaving directory '/<<PKGBUILDDIR>>/obj'
[ 89%] Built target test_tcp_socket_overwrite
/usr/bin/make -f tests/CMakeFiles/test_echo_tcp_write_read.dir/build.make tests/CMakeFiles/test_echo_tcp_write_read.dir/depend
make[3]: Entering directory '/<<PKGBUILDDIR>>/obj'
cd /<<PKGBUILDDIR>>/obj && /usr/bin/cmake -E cmake_depends "Unix Makefiles" /<<PKGBUILDDIR>> /<<PKGBUILDDIR>>/tests /<<PKGBUILDDIR>>/obj /<<PKGBUILDDIR>>/obj/tests /<<PKGBUILDDIR>>/obj/tests/CMakeFiles/test_echo_tcp_write_read.dir/DependInfo.cmake --color=
make[3]: Leaving directory '/<<PKGBUILDDIR>>/obj'
/usr/bin/make -f tests/CMakeFiles/test_echo_tcp_write_read.dir/build.make tests/CMakeFiles/test_echo_tcp_write_read.dir/build
make[3]: Entering directory '/<<PKGBUILDDIR>>/obj'
make[3]: Nothing to be done for 'tests/CMakeFiles/test_echo_tcp_write_read.dir/build'.
make[3]: Leaving directory '/<<PKGBUILDDIR>>/obj'
[ 93%] Built target test_echo_tcp_write_read
/usr/bin/make -f tests/CMakeFiles/test_thread_echo_tcp_write_read.dir/build.make tests/CMakeFiles/test_thread_echo_tcp_write_read.dir/depend
make[3]: Entering directory '/<<PKGBUILDDIR>>/obj'
cd /<<PKGBUILDDIR>>/obj && /usr/bin/cmake -E cmake_depends "Unix Makefiles" /<<PKGBUILDDIR>> /<<PKGBUILDDIR>>/tests /<<PKGBUILDDIR>>/obj /<<PKGBUILDDIR>>/obj/tests /<<PKGBUILDDIR>>/obj/tests/CMakeFiles/test_thread_echo_tcp_write_read.dir/DependInfo.cmake --color=
make[3]: Leaving directory '/<<PKGBUILDDIR>>/obj'
/usr/bin/make -f tests/CMakeFiles/test_thread_echo_tcp_write_read.dir/build.make tests/CMakeFiles/test_thread_echo_tcp_write_read.dir/build
make[3]: Entering directory '/<<PKGBUILDDIR>>/obj'
make[3]: Nothing to be done for 'tests/CMakeFiles/test_thread_echo_tcp_write_read.dir/build'.
make[3]: Leaving directory '/<<PKGBUILDDIR>>/obj'
[ 96%] Built target test_thread_echo_tcp_write_read
/usr/bin/make -f tests/CMakeFiles/test_thread_echo_udp_send_recv.dir/build.make tests/CMakeFiles/test_thread_echo_udp_send_recv.dir/depend
make[3]: Entering directory '/<<PKGBUILDDIR>>/obj'
cd /<<PKGBUILDDIR>>/obj && /usr/bin/cmake -E cmake_depends "Unix Makefiles" /<<PKGBUILDDIR>> /<<PKGBUILDDIR>>/tests /<<PKGBUILDDIR>>/obj /<<PKGBUILDDIR>>/obj/tests /<<PKGBUILDDIR>>/obj/tests/CMakeFiles/test_thread_echo_udp_send_recv.dir/DependInfo.cmake --color=
make[3]: Leaving directory '/<<PKGBUILDDIR>>/obj'
/usr/bin/make -f tests/CMakeFiles/test_thread_echo_udp_send_recv.dir/build.make tests/CMakeFiles/test_thread_echo_udp_send_recv.dir/build
make[3]: Entering directory '/<<PKGBUILDDIR>>/obj'
make[3]: Nothing to be done for 'tests/CMakeFiles/test_thread_echo_udp_send_recv.dir/build'.
make[3]: Leaving directory '/<<PKGBUILDDIR>>/obj'
[100%] Built target test_thread_echo_udp_send_recv
make[2]: Leaving directory '/<<PKGBUILDDIR>>/obj'
/usr/bin/cmake -E cmake_progress_start /<<PKGBUILDDIR>>/obj/CMakeFiles 0
/usr/bin/make -f CMakeFiles/Makefile2 preinstall
make[2]: Entering directory '/<<PKGBUILDDIR>>/obj'
make[2]: Nothing to be done for 'preinstall'.
make[2]: Leaving directory '/<<PKGBUILDDIR>>/obj'
Install the project...
/usr/bin/cmake -P cmake_install.cmake
-- Install configuration: "None"
-- Installing: ../debian/libsocket-wrapper/usr/lib/x86_64-linux-gnu/pkgconfig/socket_wrapper.pc
-- Installing: ../debian/libsocket-wrapper/usr/lib/x86_64-linux-gnu/cmake/socket_wrapper/socket_wrapper-config-version.cmake
-- Installing: ../debian/libsocket-wrapper/usr/lib/x86_64-linux-gnu/cmake/socket_wrapper/socket_wrapper-config.cmake
-- Installing: ../debian/libsocket-wrapper/usr/lib/x86_64-linux-gnu/libsocket_wrapper.so
-- Installing: ../debian/libsocket-wrapper/usr/share/man/man1/socket_wrapper.1
make[1]: Leaving directory '/<<PKGBUILDDIR>>/obj'
# generate Lintian override per build host
sed -i "s|lib/\(.*\)/lib|lib/x86_64-linux-gnu/lib|" debian/libsocket-wrapper.lintian-overrides
dh_lintian
dh_installchangelogs
dh_installdocs AUTHORS README.md TODO
dh_installexamples example/*
dh_buildinfo
dh_strip
dh_compress
dh_fixperms
dh_installdeb
dh_shlibdeps
dh_gencontrol
dh_md5sums
dh_builddeb
dpkg-deb: building package 'libsocket-wrapper-dbgsym' in '../libsocket-wrapper-dbgsym_1.2.3-1_amd64.deb'.
dpkg-deb: building package 'libsocket-wrapper' in '../libsocket-wrapper_1.2.3-1_amd64.deb'.
 dpkg-genbuildinfo --build=binary
 dpkg-genchanges --build=binary >../socket-wrapper_1.2.3-1_amd64.changes
dpkg-genchanges: info: binary-only upload (no source code included)
 dpkg-source --after-build .
dpkg-source: info: using options from socket-wrapper-1.2.3/debian/source/options: --extend-diff-ignore=^doc/socket_wrapper[.]1$
dpkg-buildpackage: info: binary-only upload (no source included)
--------------------------------------------------------------------------------
Build finished at 2020-02-25T05:51:01Z

Finished
--------

I: Built successfully

+------------------------------------------------------------------------------+
| Changes                                                                      |
+------------------------------------------------------------------------------+


socket-wrapper_1.2.3-1_amd64.changes:
-------------------------------------

Format: 1.8
Date: Sat, 17 Aug 2019 14:32:21 +0000
Source: socket-wrapper
Binary: libsocket-wrapper libsocket-wrapper-dbgsym
Architecture: amd64
Version: 1.2.3-1
Distribution: unstable
Urgency: medium
Maintainer: Laszlo Boszormenyi (GCS) <gcs@debian.org>
Changed-By: Laszlo Boszormenyi (GCS) <gcs@debian.org>
Description:
 libsocket-wrapper - socket wrapper library
Changes:
 socket-wrapper (1.2.3-1) unstable; urgency=medium
 .
   * New upstream release.
   * Update Standards-Version to 4.4.0 .
Checksums-Sha1:
 786e259490184358849f049abda4a67828cfaa63 61796 libsocket-wrapper-dbgsym_1.2.3-1_amd64.deb
 ba46016c93894c2dfd0115eb36f458e29685e4fe 36980 libsocket-wrapper_1.2.3-1_amd64.deb
 b0f4a662efc507e476fb657c70df8c03a37941cb 6895 socket-wrapper_1.2.3-1_amd64.buildinfo
Checksums-Sha256:
 19091ab3a5c77f4cc517e1e3cc2b014e4852459adf320d76b16a9c8ec9dadd46 61796 libsocket-wrapper-dbgsym_1.2.3-1_amd64.deb
 9faa0f8b64648c3edd459cabad0c998f499c770214c80fb8f951f079b9563a36 36980 libsocket-wrapper_1.2.3-1_amd64.deb
 f36728f7b12583e98798aec82243f838ce61ec1aa8e452c0c5c641c8f52d4f52 6895 socket-wrapper_1.2.3-1_amd64.buildinfo
Files:
 0681dcffb0c530fefb4b18b14619936b 61796 debug optional libsocket-wrapper-dbgsym_1.2.3-1_amd64.deb
 18eff3bf3e70171e59d723a1e853b7d0 36980 devel optional libsocket-wrapper_1.2.3-1_amd64.deb
 22ff9b516436f7b554433252844d4a24 6895 devel optional socket-wrapper_1.2.3-1_amd64.buildinfo

+------------------------------------------------------------------------------+
| Buildinfo                                                                    |
+------------------------------------------------------------------------------+

Format: 1.0
Source: socket-wrapper
Binary: libsocket-wrapper
Architecture: amd64
Version: 1.2.3-1
Checksums-Md5:
 0681dcffb0c530fefb4b18b14619936b 61796 libsocket-wrapper-dbgsym_1.2.3-1_amd64.deb
 18eff3bf3e70171e59d723a1e853b7d0 36980 libsocket-wrapper_1.2.3-1_amd64.deb
Checksums-Sha1:
 786e259490184358849f049abda4a67828cfaa63 61796 libsocket-wrapper-dbgsym_1.2.3-1_amd64.deb
 ba46016c93894c2dfd0115eb36f458e29685e4fe 36980 libsocket-wrapper_1.2.3-1_amd64.deb
Checksums-Sha256:
 19091ab3a5c77f4cc517e1e3cc2b014e4852459adf320d76b16a9c8ec9dadd46 61796 libsocket-wrapper-dbgsym_1.2.3-1_amd64.deb
 9faa0f8b64648c3edd459cabad0c998f499c770214c80fb8f951f079b9563a36 36980 libsocket-wrapper_1.2.3-1_amd64.deb
Build-Origin: Debian
Build-Architecture: amd64
Build-Date: Tue, 25 Feb 2020 05:51:00 +0000
Build-Path: /<<PKGBUILDDIR>>
Installed-Build-Depends:
 asciidoc (= 9.0.0~rc1-1),
 asciidoc-base (= 9.0.0~rc1-1),
 asciidoc-common (= 9.0.0~rc1-1),
 autoconf (= 2.69-11.1),
 automake (= 1:1.16.1-4),
 autopoint (= 0.19.8.1-10),
 autotools-dev (= 20180224.1),
 base-files (= 11),
 base-passwd (= 3.5.47),
 bash (= 5.0-5),
 binutils (= 2.34-3),
 binutils-common (= 2.34-3),
 binutils-x86-64-linux-gnu (= 2.34-3),
 bsdmainutils (= 11.1.2+b1),
 bsdutils (= 1:2.34-0.1),
 build-essential (= 12.8),
 bzip2 (= 1.0.8-2),
 clang-10 (= 1:10.0.0~+rc2-1),
 cmake (= 3.16.3-1),
 cmake-data (= 3.16.3-1),
 coreutils (= 8.30-3+b1),
 cpp (= 4:9.2.1-3.1),
 cpp-9 (= 9.2.1-29),
 dash (= 0.5.10.2-6),
 debconf (= 1.5.73),
 debhelper (= 12.9),
 debianutils (= 4.9.1),
 dh-autoreconf (= 19),
 dh-buildinfo (= 0.11+nmu2),
 dh-strip-nondeterminism (= 1.6.3-2),
 diffutils (= 1:3.7-3),
 docbook-xml (= 4.5-9),
 docbook-xsl (= 1.79.1+dfsg-2),
 dpkg (= 1.19.7),
 dpkg-dev (= 1.19.7),
 dwz (= 0.13-5),
 fdisk (= 2.34-0.1),
 file (= 1:5.38-4),
 findutils (= 4.7.0-1),
 g++ (= 4:9.2.1-3.1),
 g++-9 (= 9.2.1-29),
 gcc (= 4:9.2.1-3.1),
 gcc-10-base (= 10-20200222-1),
 gcc-9 (= 9.2.1-29),
 gcc-9-base (= 9.2.1-29),
 gettext (= 0.19.8.1-10),
 gettext-base (= 0.19.8.1-10),
 grep (= 3.4-1),
 groff-base (= 1.22.4-4),
 gzip (= 1.9-3+b1),
 hostname (= 3.23),
 init-system-helpers (= 1.57),
 intltool-debian (= 0.35.0+20060710.5),
 lib32gcc-s1 (= 10-20200222-1),
 lib32gcc1 (= 1:10-20200222-1),
 lib32stdc++6 (= 10-20200222-1),
 libacl1 (= 2.2.53-5),
 libarchive-zip-perl (= 1.67-1),
 libarchive13 (= 3.4.0-1+b1),
 libasan5 (= 9.2.1-29),
 libatomic1 (= 10-20200222-1),
 libattr1 (= 1:2.4.48-5),
 libaudit-common (= 1:2.8.5-2),
 libaudit1 (= 1:2.8.5-2+b1),
 libbinutils (= 2.34-3),
 libblkid1 (= 2.34-0.1),
 libbrotli1 (= 1.0.7-6),
 libbsd0 (= 0.10.0-1),
 libbz2-1.0 (= 1.0.8-2),
 libc-bin (= 2.29-10),
 libc-dev-bin (= 2.29-10),
 libc6 (= 2.29-10),
 libc6-dev (= 2.29-10),
 libc6-i386 (= 2.29-10),
 libcap-ng0 (= 0.7.9-2.1+b1),
 libcc1-0 (= 10-20200222-1),
 libclang-common-10-dev (= 1:10.0.0~+rc2-1),
 libclang-cpp10 (= 1:10.0.0~+rc2-1),
 libclang1-10 (= 1:10.0.0~+rc2-1),
 libcmocka-dev (= 1.1.5-2),
 libcmocka0 (= 1.1.5-2),
 libcom-err2 (= 1.45.5-2),
 libcroco3 (= 0.6.13-1),
 libcrypt-dev (= 1:4.4.10-10),
 libcrypt1 (= 1:4.4.10-10),
 libctf-nobfd0 (= 2.34-3),
 libctf0 (= 2.34-3),
 libcurl4 (= 7.68.0-1),
 libdb5.3 (= 5.3.28+dfsg1-0.6),
 libdebconfclient0 (= 0.251),
 libdebhelper-perl (= 12.9),
 libdpkg-perl (= 1.19.7),
 libedit2 (= 3.1-20191231-1),
 libelf1 (= 0.176-1.1),
 libexpat1 (= 2.2.9-1),
 libfdisk1 (= 2.34-0.1),
 libffi7 (= 3.3-3),
 libfile-stripnondeterminism-perl (= 1.6.3-2),
 libgc1c2 (= 1:7.6.4-0.4),
 libgcc-9-dev (= 9.2.1-29),
 libgcc-s1 (= 10-20200222-1),
 libgcc1 (= 1:10-20200222-1),
 libgcrypt20 (= 1.8.5-5),
 libgdbm-compat4 (= 1.18.1-5),
 libgdbm6 (= 1.18.1-5),
 libglib2.0-0 (= 2.62.4-2),
 libgmp10 (= 2:6.2.0+dfsg-4),
 libgnutls30 (= 3.6.12-2),
 libgomp1 (= 10-20200222-1),
 libgpg-error0 (= 1.37-1),
 libgssapi-krb5-2 (= 1.17-6),
 libhogweed5 (= 3.5.1+really3.5.1-2),
 libicu63 (= 63.2-2),
 libidn2-0 (= 2.2.0-2),
 libisl22 (= 0.22.1-1),
 libitm1 (= 10-20200222-1),
 libjsoncpp1 (= 1.7.4-3.1),
 libk5crypto3 (= 1.17-6),
 libkeyutils1 (= 1.6.1-2),
 libkrb5-3 (= 1.17-6),
 libkrb5support0 (= 1.17-6),
 libldap-2.4-2 (= 2.4.49+dfsg-1),
 libldap-common (= 2.4.49+dfsg-1),
 libllvm10 (= 1:10.0.0~+rc2-1),
 liblsan0 (= 10-20200222-1),
 liblz4-1 (= 1.9.2-2),
 liblzma5 (= 5.2.4-1+b1),
 libmagic-mgc (= 1:5.38-4),
 libmagic1 (= 1:5.38-4),
 libmount1 (= 2.34-0.1),
 libmpc3 (= 1.1.0-1),
 libmpdec2 (= 2.4.2-2),
 libmpfr6 (= 4.0.2-1),
 libncurses6 (= 6.1+20191019-1),
 libncursesw6 (= 6.1+20191019-1),
 libnettle7 (= 3.5.1+really3.5.1-2),
 libnghttp2-14 (= 1.40.0-1),
 libobjc-9-dev (= 9.2.1-29),
 libobjc4 (= 10-20200222-1),
 libp11-kit0 (= 0.23.20-1),
 libpam-modules (= 1.3.1-5),
 libpam-modules-bin (= 1.3.1-5),
 libpam-runtime (= 1.3.1-5),
 libpam0g (= 1.3.1-5),
 libpcre2-8-0 (= 10.34-7),
 libpcre3 (= 2:8.39-12+b1),
 libperl5.30 (= 5.30.0-9),
 libpipeline1 (= 1.5.2-2),
 libprocps8 (= 2:3.3.16-1+b1),
 libpsl5 (= 0.20.2-2),
 libpython3-stdlib (= 3.7.5-3),
 libpython3.7-minimal (= 3.7.6-1+b1),
 libpython3.7-stdlib (= 3.7.6-1+b1),
 libquadmath0 (= 10-20200222-1),
 libreadline8 (= 8.0-3),
 librhash0 (= 1.3.9-1),
 librtmp1 (= 2.4+20151223.gitfa8646d.1-2+b1),
 libsasl2-2 (= 2.1.27+dfsg-2),
 libsasl2-modules-db (= 2.1.27+dfsg-2),
 libseccomp2 (= 2.4.2-2),
 libselinux1 (= 3.0-1+b1),
 libsigsegv2 (= 2.12-2),
 libsmartcols1 (= 2.34-0.1),
 libsqlite3-0 (= 3.31.1-3),
 libssh2-1 (= 1.8.0-2.1),
 libssl1.1 (= 1.1.1d-2),
 libstdc++-9-dev (= 9.2.1-29),
 libstdc++6 (= 10-20200222-1),
 libsub-override-perl (= 0.09-2),
 libsystemd0 (= 244.3-1),
 libtasn1-6 (= 4.16.0-2),
 libtinfo6 (= 6.1+20191019-1),
 libtool (= 2.4.6-13),
 libtsan0 (= 10-20200222-1),
 libubsan1 (= 10-20200222-1),
 libuchardet0 (= 0.0.6-3),
 libudev1 (= 244.3-1),
 libunistring2 (= 0.9.10-2),
 libuuid1 (= 2.34-0.1),
 libuv1 (= 1.34.2-1),
 libxml2 (= 2.9.10+dfsg-3),
 libxml2-utils (= 2.9.10+dfsg-3),
 libxslt1.1 (= 1.1.34-3),
 libz3-4 (= 4.8.7-4),
 libzstd1 (= 1.4.4+dfsg-3),
 linux-libc-dev (= 5.4.19-1),
 login (= 1:4.8.1-1),
 lsb-base (= 11.1.0),
 m4 (= 1.4.18-4),
 make (= 4.2.1-1.2),
 man-db (= 2.9.0-2),
 mawk (= 1.3.4.20200120-2),
 mime-support (= 3.64),
 ncurses-base (= 6.1+20191019-1),
 ncurses-bin (= 6.1+20191019-1),
 patch (= 2.7.6-6),
 perl (= 5.30.0-9),
 perl-base (= 5.30.0-9),
 perl-modules-5.30 (= 5.30.0-9),
 po-debconf (= 1.0.21),
 procps (= 2:3.3.16-1+b1),
 python3 (= 3.7.5-3),
 python3-minimal (= 3.7.5-3),
 python3.7 (= 3.7.6-1+b1),
 python3.7-minimal (= 3.7.6-1+b1),
 readline-common (= 8.0-3),
 sed (= 4.7-1),
 sensible-utils (= 0.0.12+nmu1),
 sgml-base (= 1.29.1),
 sgml-data (= 2.0.11),
 sysvinit-utils (= 2.96-2.1),
 tar (= 1.30+dfsg-6+b1),
 util-linux (= 2.34-0.1),
 xml-core (= 0.18+nmu1),
 xsltproc (= 1.1.34-3),
 xz-utils (= 5.2.4-1+b1),
 zlib1g (= 1:1.2.11.dfsg-2)
Environment:
 DEB_BUILD_OPTIONS="parallel=4"
 LANG="C.UTF-8"
 LC_ALL="C.UTF-8"
 SOURCE_DATE_EPOCH="1566052341"


+------------------------------------------------------------------------------+
| Package contents                                                             |
+------------------------------------------------------------------------------+


libsocket-wrapper-dbgsym_1.2.3-1_amd64.deb
------------------------------------------

 new Debian package, version 2.0.
 size 61796 bytes: control archive=532 bytes.
     375 bytes,    12 lines      control              
     106 bytes,     1 lines      md5sums              
 Package: libsocket-wrapper-dbgsym
 Source: socket-wrapper
 Version: 1.2.3-1
 Auto-Built-Package: debug-symbols
 Architecture: amd64
 Maintainer: Laszlo Boszormenyi (GCS) <gcs@debian.org>
 Installed-Size: 77
 Depends: libsocket-wrapper (= 1.2.3-1)
 Section: debug
 Priority: optional
 Description: debug symbols for libsocket-wrapper
 Build-Ids: cdb50217e0c7e7766afd37f9596bd6a0b3bb086d

drwxr-xr-x root/root         0 2019-08-17 14:32 ./
drwxr-xr-x root/root         0 2019-08-17 14:32 ./usr/
drwxr-xr-x root/root         0 2019-08-17 14:32 ./usr/lib/
drwxr-xr-x root/root         0 2019-08-17 14:32 ./usr/lib/debug/
drwxr-xr-x root/root         0 2019-08-17 14:32 ./usr/lib/debug/.build-id/
drwxr-xr-x root/root         0 2019-08-17 14:32 ./usr/lib/debug/.build-id/cd/
-rw-r--r-- root/root     68312 2019-08-17 14:32 ./usr/lib/debug/.build-id/cd/b50217e0c7e7766afd37f9596bd6a0b3bb086d.debug
drwxr-xr-x root/root         0 2019-08-17 14:32 ./usr/share/
drwxr-xr-x root/root         0 2019-08-17 14:32 ./usr/share/doc/
lrwxrwxrwx root/root         0 2019-08-17 14:32 ./usr/share/doc/libsocket-wrapper-dbgsym -> libsocket-wrapper


libsocket-wrapper_1.2.3-1_amd64.deb
-----------------------------------

 new Debian package, version 2.0.
 size 36980 bytes: control archive=1112 bytes.
     570 bytes,    15 lines      control              
    1177 bytes,    14 lines      md5sums              
 Package: libsocket-wrapper
 Source: socket-wrapper
 Version: 1.2.3-1
 Architecture: amd64
 Maintainer: Laszlo Boszormenyi (GCS) <gcs@debian.org>
 Installed-Size: 108
 Depends: libc6 (>= 2.14)
 Section: devel
 Priority: optional
 Homepage: http://cwrap.org/socket_wrapper.html
 Description: socket wrapper library
  socket_wrapper is a preload library that makes possible to run several
  instances of the full software stack on the same machine and perform locally
  functional testing of complex network configurations. It passes all socket
  communication over unix domain sockets.

drwxr-xr-x root/root         0 2019-08-17 14:32 ./
drwxr-xr-x root/root         0 2019-08-17 14:32 ./usr/
drwxr-xr-x root/root         0 2019-08-17 14:32 ./usr/lib/
drwxr-xr-x root/root         0 2019-08-17 14:32 ./usr/lib/x86_64-linux-gnu/
drwxr-xr-x root/root         0 2019-08-17 14:32 ./usr/lib/x86_64-linux-gnu/cmake/
drwxr-xr-x root/root         0 2019-08-17 14:32 ./usr/lib/x86_64-linux-gnu/cmake/socket_wrapper/
-rw-r--r-- root/root       377 2019-08-17 14:32 ./usr/lib/x86_64-linux-gnu/cmake/socket_wrapper/socket_wrapper-config-version.cmake
-rw-r--r-- root/root        75 2019-08-17 14:32 ./usr/lib/x86_64-linux-gnu/cmake/socket_wrapper/socket_wrapper-config.cmake
-rw-r--r-- root/root     68008 2019-08-17 14:32 ./usr/lib/x86_64-linux-gnu/libsocket_wrapper.so
drwxr-xr-x root/root         0 2019-08-17 14:32 ./usr/lib/x86_64-linux-gnu/pkgconfig/
-rw-r--r-- root/root       124 2019-08-17 14:32 ./usr/lib/x86_64-linux-gnu/pkgconfig/socket_wrapper.pc
drwxr-xr-x root/root         0 2019-08-17 14:32 ./usr/share/
drwxr-xr-x root/root         0 2019-08-17 14:32 ./usr/share/doc/
drwxr-xr-x root/root         0 2019-08-17 14:32 ./usr/share/doc/libsocket-wrapper/
-rw-r--r-- root/root       105 2013-12-04 17:20 ./usr/share/doc/libsocket-wrapper/AUTHORS
-rw-r--r-- root/root       502 2019-02-20 16:24 ./usr/share/doc/libsocket-wrapper/README.md
-rw-r--r-- root/root      1037 2019-02-12 15:54 ./usr/share/doc/libsocket-wrapper/TODO
-rw-r--r-- root/root      3174 2019-08-17 14:32 ./usr/share/doc/libsocket-wrapper/buildinfo_amd64.gz
-rw-r--r-- root/root      1531 2019-08-17 14:32 ./usr/share/doc/libsocket-wrapper/changelog.Debian.gz
-rw-r--r-- root/root      1067 2019-03-21 13:41 ./usr/share/doc/libsocket-wrapper/changelog.gz
-rw-r--r-- root/root      2307 2015-06-04 21:50 ./usr/share/doc/libsocket-wrapper/copyright
drwxr-xr-x root/root         0 2019-08-17 14:32 ./usr/share/doc/libsocket-wrapper/examples/
-rwxr-xr-x root/root      2209 2013-12-05 12:38 ./usr/share/doc/libsocket-wrapper/examples/openssh.sh
drwxr-xr-x root/root         0 2019-08-17 14:32 ./usr/share/lintian/
drwxr-xr-x root/root         0 2019-08-17 14:32 ./usr/share/lintian/overrides/
-rw-r--r-- root/root       235 2019-08-17 14:32 ./usr/share/lintian/overrides/libsocket-wrapper
drwxr-xr-x root/root         0 2019-08-17 14:32 ./usr/share/man/
drwxr-xr-x root/root         0 2019-08-17 14:32 ./usr/share/man/man1/
-rw-r--r-- root/root      2149 2019-08-17 14:32 ./usr/share/man/man1/socket_wrapper.1.gz


+------------------------------------------------------------------------------+
| Post Build                                                                   |
+------------------------------------------------------------------------------+


+------------------------------------------------------------------------------+
| Cleanup                                                                      |
+------------------------------------------------------------------------------+

Purging /<<BUILDDIR>>
Not cleaning session: cloned chroot in use

+------------------------------------------------------------------------------+
| Summary                                                                      |
+------------------------------------------------------------------------------+

Build Architecture: amd64
Build Type: binary
Build-Space: 6668
Build-Time: 97
Distribution: unstable
Host Architecture: amd64
Install-Time: 50
Job: socket-wrapper_1.2.3-1
Machine Architecture: amd64
Package: socket-wrapper
Package-Time: 210
Source-Version: 1.2.3-1
Space: 6668
Status: successful
Version: 1.2.3-1
--------------------------------------------------------------------------------
Finished at 2020-02-25T05:51:01Z
Build needed 00:03:30, 6668k disk space
DC-Status: OK 217.43686302s
DC-Time-Estimation: 217.43686302 versus expected 61 (r/m: 2.564538738032787 ; m: 61.0)
