DC-Build-Header: vera++ 1.2.1-2 / 2020-02-25 03:49:34 +0000
DC-Task: type:rebuild-binarch-only source:vera++ version:1.2.1-2 chroot:unstable esttime:88 logfile:/tmp/vera++_1.2.1-2_unstable_clang10.log modes:clang10:binarch-only
DC-Sbuild-call: su user42 -c 'sbuild -n --arch-any --apt-update -d unstable -v --no-run-lintian --chroot-setup-commands=/tmp/clang10 vera++_1.2.1-2'
sbuild (Debian sbuild) 0.78.1 (09 February 2019) on ip-172-31-4-188.eu-central-1.compute.internal

+==============================================================================+
| vera++ 1.2.1-2 (amd64)                       Tue, 25 Feb 2020 03:49:34 +0000 |
+==============================================================================+

Package: vera++
Version: 1.2.1-2
Source Version: 1.2.1-2
Distribution: unstable
Machine Architecture: amd64
Host Architecture: amd64
Build Architecture: amd64
Build Type: binary

I: NOTICE: Log filtering will replace 'var/run/schroot/mount/sid-amd64-sbuild-d58d343c-6fb4-48ee-980f-c421d5d9aaef' with '<<CHROOT>>'

+------------------------------------------------------------------------------+
| Chroot Setup Commands                                                        |
+------------------------------------------------------------------------------+


/tmp/clang10
------------

+ echo 'Entering customization script...'
Entering customization script...
+ CLANG_VERSION=10
+ echo 'Install of clang-10'
Install of clang-10
+ apt-get update
Get:1 http://127.0.0.1:12990/debian sid InRelease [142 kB]
Get:2 http://127.0.0.1:12990/debian sid/main Sources.diff/Index [27.9 kB]
Get:3 http://127.0.0.1:12990/debian sid/main amd64 Packages.diff/Index [27.9 kB]
Get:4 http://127.0.0.1:12990/debian sid/main Sources 2020-02-24-0823.32.pdiff [11.0 kB]
Get:5 http://127.0.0.1:12990/debian sid/main Sources 2020-02-24-1420.34.pdiff [30.2 kB]
Get:6 http://127.0.0.1:12990/debian sid/main Sources 2020-02-24-2014.03.pdiff [16.9 kB]
Get:7 http://127.0.0.1:12990/debian sid/main Sources 2020-02-25-0213.11.pdiff [23.2 kB]
Get:8 http://127.0.0.1:12990/debian sid/main amd64 Packages 2020-02-24-0823.32.pdiff [15.5 kB]
Get:7 http://127.0.0.1:12990/debian sid/main Sources 2020-02-25-0213.11.pdiff [23.2 kB]
Get:9 http://127.0.0.1:12990/debian sid/main amd64 Packages 2020-02-24-1420.34.pdiff [27.5 kB]
Get:10 http://127.0.0.1:12990/debian sid/main amd64 Packages 2020-02-24-2014.03.pdiff [21.6 kB]
Get:11 http://127.0.0.1:12990/debian sid/main amd64 Packages 2020-02-25-0213.11.pdiff [35.0 kB]
Get:11 http://127.0.0.1:12990/debian sid/main amd64 Packages 2020-02-25-0213.11.pdiff [35.0 kB]
Get:12 http://127.0.0.1:12990/debian sid/main Translation-en [6193 kB]
Fetched 6572 kB in 2s (2916 kB/s)
Reading package lists...
+ apt-get install --yes --no-install-recommends --force-yes clang-10 libomp-10-dev libobjc-9-dev
Reading package lists...
Building dependency tree...
The following additional packages will be installed:
  lib32gcc-s1 lib32gcc1 lib32stdc++6 libbsd0 libc6-i386 libclang-common-10-dev
  libclang-cpp10 libclang1-10 libedit2 libgc1c2 libllvm10 libobjc4 libomp5-10
  libz3-4
Suggested packages:
  clang-10-doc libomp-10-doc
Recommended packages:
  llvm-10-dev python3
The following NEW packages will be installed:
  clang-10 lib32gcc-s1 lib32gcc1 lib32stdc++6 libbsd0 libc6-i386
  libclang-common-10-dev libclang-cpp10 libclang1-10 libedit2 libgc1c2
  libllvm10 libobjc-9-dev libobjc4 libomp-10-dev libomp5-10 libz3-4
0 upgraded, 17 newly installed, 0 to remove and 2 not upgraded.
Need to get 46.4 MB of archives.
After this operation, 238 MB of additional disk space will be used.
Get:1 http://127.0.0.1:12990/debian sid/main amd64 libbsd0 amd64 0.10.0-1 [107 kB]
Get:2 http://127.0.0.1:12990/debian sid/main amd64 libedit2 amd64 3.1-20191231-1 [95.4 kB]
Get:3 http://127.0.0.1:12990/debian sid/main amd64 libz3-4 amd64 4.8.7-4 [6790 kB]
Get:4 http://127.0.0.1:12990/debian sid/main amd64 libllvm10 amd64 1:10.0.0~+rc2-1 [15.5 MB]
Get:5 http://127.0.0.1:12990/debian sid/main amd64 libclang-cpp10 amd64 1:10.0.0~+rc2-1 [9069 kB]
Get:6 http://127.0.0.1:12990/debian sid/main amd64 libgc1c2 amd64 1:7.6.4-0.4 [224 kB]
Get:7 http://127.0.0.1:12990/debian sid/main amd64 libobjc4 amd64 10-20200222-1 [41.6 kB]
Get:8 http://127.0.0.1:12990/debian sid/main amd64 libobjc-9-dev amd64 9.2.1-29 [219 kB]
Get:9 http://127.0.0.1:12990/debian sid/main amd64 libc6-i386 amd64 2.29-10 [2918 kB]
Get:10 http://127.0.0.1:12990/debian sid/main amd64 lib32gcc-s1 amd64 10-20200222-1 [49.4 kB]
Get:11 http://127.0.0.1:12990/debian sid/main amd64 lib32gcc1 amd64 1:10-20200222-1 [1104 B]
Get:12 http://127.0.0.1:12990/debian sid/main amd64 lib32stdc++6 amd64 10-20200222-1 [510 kB]
Get:13 http://127.0.0.1:12990/debian sid/main amd64 libclang-common-10-dev amd64 1:10.0.0~+rc2-1 [2782 kB]
Get:14 http://127.0.0.1:12990/debian sid/main amd64 libclang1-10 amd64 1:10.0.0~+rc2-1 [7607 kB]
Get:15 http://127.0.0.1:12990/debian sid/main amd64 clang-10 amd64 1:10.0.0~+rc2-1 [103 kB]
Get:16 http://127.0.0.1:12990/debian sid/main amd64 libomp5-10 amd64 1:10.0.0~+rc2-1 [337 kB]
Get:17 http://127.0.0.1:12990/debian sid/main amd64 libomp-10-dev amd64 1:10.0.0~+rc2-1 [84.3 kB]
debconf: delaying package configuration, since apt-utils is not installed
Fetched 46.4 MB in 2s (21.5 MB/s)
Selecting previously unselected package libbsd0:amd64.
(Reading database ... (Reading database ... 5%(Reading database ... 10%(Reading database ... 15%(Reading database ... 20%(Reading database ... 25%(Reading database ... 30%(Reading database ... 35%(Reading database ... 40%(Reading database ... 45%(Reading database ... 50%(Reading database ... 55%(Reading database ... 60%(Reading database ... 65%(Reading database ... 70%(Reading database ... 75%(Reading database ... 80%(Reading database ... 85%(Reading database ... 90%(Reading database ... 95%(Reading database ... 100%(Reading database ... 12119 files and directories currently installed.)
Preparing to unpack .../00-libbsd0_0.10.0-1_amd64.deb ...
Unpacking libbsd0:amd64 (0.10.0-1) ...
Selecting previously unselected package libedit2:amd64.
Preparing to unpack .../01-libedit2_3.1-20191231-1_amd64.deb ...
Unpacking libedit2:amd64 (3.1-20191231-1) ...
Selecting previously unselected package libz3-4:amd64.
Preparing to unpack .../02-libz3-4_4.8.7-4_amd64.deb ...
Unpacking libz3-4:amd64 (4.8.7-4) ...
Selecting previously unselected package libllvm10:amd64.
Preparing to unpack .../03-libllvm10_1%3a10.0.0~+rc2-1_amd64.deb ...
Unpacking libllvm10:amd64 (1:10.0.0~+rc2-1) ...
Selecting previously unselected package libclang-cpp10.
Preparing to unpack .../04-libclang-cpp10_1%3a10.0.0~+rc2-1_amd64.deb ...
Unpacking libclang-cpp10 (1:10.0.0~+rc2-1) ...
Selecting previously unselected package libgc1c2:amd64.
Preparing to unpack .../05-libgc1c2_1%3a7.6.4-0.4_amd64.deb ...
Unpacking libgc1c2:amd64 (1:7.6.4-0.4) ...
Selecting previously unselected package libobjc4:amd64.
Preparing to unpack .../06-libobjc4_10-20200222-1_amd64.deb ...
Unpacking libobjc4:amd64 (10-20200222-1) ...
Selecting previously unselected package libobjc-9-dev:amd64.
Preparing to unpack .../07-libobjc-9-dev_9.2.1-29_amd64.deb ...
Unpacking libobjc-9-dev:amd64 (9.2.1-29) ...
Selecting previously unselected package libc6-i386.
Preparing to unpack .../08-libc6-i386_2.29-10_amd64.deb ...
Unpacking libc6-i386 (2.29-10) ...
Selecting previously unselected package lib32gcc-s1.
Preparing to unpack .../09-lib32gcc-s1_10-20200222-1_amd64.deb ...
Unpacking lib32gcc-s1 (10-20200222-1) ...
Selecting previously unselected package lib32gcc1.
Preparing to unpack .../10-lib32gcc1_1%3a10-20200222-1_amd64.deb ...
Unpacking lib32gcc1 (1:10-20200222-1) ...
Selecting previously unselected package lib32stdc++6.
Preparing to unpack .../11-lib32stdc++6_10-20200222-1_amd64.deb ...
Unpacking lib32stdc++6 (10-20200222-1) ...
Selecting previously unselected package libclang-common-10-dev.
Preparing to unpack .../12-libclang-common-10-dev_1%3a10.0.0~+rc2-1_amd64.deb ...
Unpacking libclang-common-10-dev (1:10.0.0~+rc2-1) ...
Selecting previously unselected package libclang1-10.
Preparing to unpack .../13-libclang1-10_1%3a10.0.0~+rc2-1_amd64.deb ...
Unpacking libclang1-10 (1:10.0.0~+rc2-1) ...
Selecting previously unselected package clang-10.
Preparing to unpack .../14-clang-10_1%3a10.0.0~+rc2-1_amd64.deb ...
Unpacking clang-10 (1:10.0.0~+rc2-1) ...
Selecting previously unselected package libomp5-10:amd64.
Preparing to unpack .../15-libomp5-10_1%3a10.0.0~+rc2-1_amd64.deb ...
Unpacking libomp5-10:amd64 (1:10.0.0~+rc2-1) ...
Selecting previously unselected package libomp-10-dev.
Preparing to unpack .../16-libomp-10-dev_1%3a10.0.0~+rc2-1_amd64.deb ...
Unpacking libomp-10-dev (1:10.0.0~+rc2-1) ...
Setting up libgc1c2:amd64 (1:7.6.4-0.4) ...
Setting up libobjc4:amd64 (10-20200222-1) ...
Setting up libz3-4:amd64 (4.8.7-4) ...
Setting up libobjc-9-dev:amd64 (9.2.1-29) ...
Setting up libomp5-10:amd64 (1:10.0.0~+rc2-1) ...
Setting up libc6-i386 (2.29-10) ...
Setting up libbsd0:amd64 (0.10.0-1) ...
Setting up libomp-10-dev (1:10.0.0~+rc2-1) ...
Setting up libedit2:amd64 (3.1-20191231-1) ...
Setting up libllvm10:amd64 (1:10.0.0~+rc2-1) ...
Setting up lib32gcc-s1 (10-20200222-1) ...
Setting up libclang1-10 (1:10.0.0~+rc2-1) ...
Setting up lib32gcc1 (1:10-20200222-1) ...
Setting up libclang-cpp10 (1:10.0.0~+rc2-1) ...
Setting up lib32stdc++6 (10-20200222-1) ...
Setting up libclang-common-10-dev (1:10.0.0~+rc2-1) ...
Setting up clang-10 (1:10.0.0~+rc2-1) ...
Processing triggers for libc-bin (2.29-10) ...
W: --force-yes is deprecated, use one of the options starting with --allow instead.
+ echo 'Replace gcc, g++ & cpp by clang'
Replace gcc, g++ & cpp by clang
+ VERSIONS='4.6 4.7 4.8 4.9 5 6 7 8 9 10'
+ cd /usr/bin
+ for VERSION in $VERSIONS
+ rm -f g++-4.6 gcc-4.6 cpp-4.6 gcc
+ ln -s clang++-10 g++-4.6
+ ln -s clang-10 gcc-4.6
+ ln -s clang-10 cpp-4.6
+ ln -s clang-10 gcc
+ echo 'gcc-4.6 hold'
+ dpkg --set-selections
dpkg: warning: package not in status nor available database at line 1: gcc-4.6
dpkg: warning: found unknown packages; this might mean the available database
is outdated, and needs to be updated through a frontend method;
please see the FAQ <https://wiki.debian.org/Teams/Dpkg/FAQ>
+ echo 'g++-4.6 hold'
+ dpkg --set-selections
dpkg: warning: package not in status nor available database at line 1: g++-4.6
dpkg: warning: found unknown packages; this might mean the available database
is outdated, and needs to be updated through a frontend method;
please see the FAQ <https://wiki.debian.org/Teams/Dpkg/FAQ>
+ for VERSION in $VERSIONS
+ rm -f g++-4.7 gcc-4.7 cpp-4.7 gcc
+ ln -s clang++-10 g++-4.7
+ ln -s clang-10 gcc-4.7
+ ln -s clang-10 cpp-4.7
+ ln -s clang-10 gcc
+ dpkg --set-selections
+ echo 'gcc-4.7 hold'
dpkg: warning: package not in status nor available database at line 1: gcc-4.7
dpkg: warning: found unknown packages; this might mean the available database
is outdated, and needs to be updated through a frontend method;
please see the FAQ <https://wiki.debian.org/Teams/Dpkg/FAQ>
+ echo 'g++-4.7 hold'
+ dpkg --set-selections
dpkg: warning: package not in status nor available database at line 1: g++-4.7
dpkg: warning: found unknown packages; this might mean the available database
is outdated, and needs to be updated through a frontend method;
please see the FAQ <https://wiki.debian.org/Teams/Dpkg/FAQ>
+ for VERSION in $VERSIONS
+ rm -f g++-4.8 gcc-4.8 cpp-4.8 gcc
+ ln -s clang++-10 g++-4.8
+ ln -s clang-10 gcc-4.8
+ ln -s clang-10 cpp-4.8
+ ln -s clang-10 gcc
+ echo 'gcc-4.8 hold'
+ dpkg --set-selections
dpkg: warning: package not in status nor available database at line 1: gcc-4.8
dpkg: warning: found unknown packages; this might mean the available database
is outdated, and needs to be updated through a frontend method;
please see the FAQ <https://wiki.debian.org/Teams/Dpkg/FAQ>
+ echo 'g++-4.8 hold'
+ dpkg --set-selections
dpkg: warning: package not in status nor available database at line 1: g++-4.8
dpkg: warning: found unknown packages; this might mean the available database
is outdated, and needs to be updated through a frontend method;
please see the FAQ <https://wiki.debian.org/Teams/Dpkg/FAQ>
+ for VERSION in $VERSIONS
+ rm -f g++-4.9 gcc-4.9 cpp-4.9 gcc
+ ln -s clang++-10 g++-4.9
+ ln -s clang-10 gcc-4.9
+ ln -s clang-10 cpp-4.9
+ ln -s clang-10 gcc
+ dpkg --set-selections
+ echo 'gcc-4.9 hold'
dpkg: warning: package not in status nor available database at line 1: gcc-4.9
dpkg: warning: found unknown packages; this might mean the available database
is outdated, and needs to be updated through a frontend method;
please see the FAQ <https://wiki.debian.org/Teams/Dpkg/FAQ>
+ echo 'g++-4.9 hold'
+ dpkg --set-selections
dpkg: warning: package not in status nor available database at line 1: g++-4.9
dpkg: warning: found unknown packages; this might mean the available database
is outdated, and needs to be updated through a frontend method;
please see the FAQ <https://wiki.debian.org/Teams/Dpkg/FAQ>
+ for VERSION in $VERSIONS
+ rm -f g++-5 gcc-5 cpp-5 gcc
+ ln -s clang++-10 g++-5
+ ln -s clang-10 gcc-5
+ ln -s clang-10 cpp-5
+ ln -s clang-10 gcc
+ echo 'gcc-5 hold'
+ dpkg --set-selections
dpkg: warning: package not in status nor available database at line 1: gcc-5
dpkg: warning: found unknown packages; this might mean the available database
is outdated, and needs to be updated through a frontend method;
please see the FAQ <https://wiki.debian.org/Teams/Dpkg/FAQ>
+ echo 'g++-5 hold'
+ dpkg --set-selections
dpkg: warning: package not in status nor available database at line 1: g++-5
dpkg: warning: found unknown packages; this might mean the available database
is outdated, and needs to be updated through a frontend method;
please see the FAQ <https://wiki.debian.org/Teams/Dpkg/FAQ>
+ for VERSION in $VERSIONS
+ rm -f g++-6 gcc-6 cpp-6 gcc
+ ln -s clang++-10 g++-6
+ ln -s clang-10 gcc-6
+ ln -s clang-10 cpp-6
+ ln -s clang-10 gcc
+ echo 'gcc-6 hold'
+ dpkg --set-selections
dpkg: warning: package not in status nor available database at line 1: gcc-6
dpkg: warning: found unknown packages; this might mean the available database
is outdated, and needs to be updated through a frontend method;
please see the FAQ <https://wiki.debian.org/Teams/Dpkg/FAQ>
+ echo 'g++-6 hold'
+ dpkg --set-selections
dpkg: warning: package not in status nor available database at line 1: g++-6
dpkg: warning: found unknown packages; this might mean the available database
is outdated, and needs to be updated through a frontend method;
please see the FAQ <https://wiki.debian.org/Teams/Dpkg/FAQ>
+ for VERSION in $VERSIONS
+ rm -f g++-7 gcc-7 cpp-7 gcc
+ ln -s clang++-10 g++-7
+ ln -s clang-10 gcc-7
+ ln -s clang-10 cpp-7
+ ln -s clang-10 gcc
+ echo 'gcc-7 hold'
+ dpkg --set-selections
dpkg: warning: package not in status nor available database at line 1: gcc-7
dpkg: warning: found unknown packages; this might mean the available database
is outdated, and needs to be updated through a frontend method;
please see the FAQ <https://wiki.debian.org/Teams/Dpkg/FAQ>
+ echo 'g++-7 hold'
+ dpkg --set-selections
dpkg: warning: package not in status nor available database at line 1: g++-7
dpkg: warning: found unknown packages; this might mean the available database
is outdated, and needs to be updated through a frontend method;
please see the FAQ <https://wiki.debian.org/Teams/Dpkg/FAQ>
+ for VERSION in $VERSIONS
+ rm -f g++-8 gcc-8 cpp-8 gcc
+ ln -s clang++-10 g++-8
+ ln -s clang-10 gcc-8
+ ln -s clang-10 cpp-8
+ ln -s clang-10 gcc
+ echo 'gcc-8 hold'
+ dpkg --set-selections
dpkg: warning: package not in status nor available database at line 1: gcc-8
dpkg: warning: found unknown packages; this might mean the available database
is outdated, and needs to be updated through a frontend method;
please see the FAQ <https://wiki.debian.org/Teams/Dpkg/FAQ>
+ dpkg --set-selections
+ echo 'g++-8 hold'
dpkg: warning: package not in status nor available database at line 1: g++-8
dpkg: warning: found unknown packages; this might mean the available database
is outdated, and needs to be updated through a frontend method;
please see the FAQ <https://wiki.debian.org/Teams/Dpkg/FAQ>
+ for VERSION in $VERSIONS
+ rm -f g++-9 gcc-9 cpp-9 gcc
+ ln -s clang++-10 g++-9
+ ln -s clang-10 gcc-9
+ ln -s clang-10 cpp-9
+ ln -s clang-10 gcc
+ echo 'gcc-9 hold'
+ dpkg --set-selections
+ echo 'g++-9 hold'
+ dpkg --set-selections
+ for VERSION in $VERSIONS
+ rm -f g++-10 gcc-10 cpp-10 gcc
+ ln -s clang++-10 g++-10
+ ln -s clang-10 gcc-10
+ ln -s clang-10 cpp-10
+ ln -s clang-10 gcc
+ echo 'gcc-10 hold'
+ dpkg --set-selections
dpkg: warning: package not in status nor available database at line 1: gcc-10
dpkg: warning: found unknown packages; this might mean the available database
is outdated, and needs to be updated through a frontend method;
please see the FAQ <https://wiki.debian.org/Teams/Dpkg/FAQ>
+ echo 'g++-10 hold'
+ dpkg --set-selections
dpkg: warning: package not in status nor available database at line 1: g++-10
dpkg: warning: found unknown packages; this might mean the available database
is outdated, and needs to be updated through a frontend method;
please see the FAQ <https://wiki.debian.org/Teams/Dpkg/FAQ>
+ cd -
/build/vera++-pYNJGJ
+ echo 'Check if gcc, g++ & cpp are actually clang'
Check if gcc, g++ & cpp are actually clang
+ grep clang
+ gcc --version
+ cpp --version
+ grep clang
+ g++ --version
+ grep clang

I: Finished running '/tmp/clang10'.

Finished processing commands.
--------------------------------------------------------------------------------
I: NOTICE: Log filtering will replace 'build/vera++-pYNJGJ/resolver-ipaUaR' with '<<RESOLVERDIR>>'

+------------------------------------------------------------------------------+
| Update chroot                                                                |
+------------------------------------------------------------------------------+

Hit:1 http://127.0.0.1:12990/debian sid InRelease
Reading package lists...
Reading package lists...
Building dependency tree...
Reading state information...
Calculating upgrade...
The following packages will be upgraded:
  libgmp10 zlib1g
2 upgraded, 0 newly installed, 0 to remove and 0 not upgraded.
Need to get 343 kB of archives.
After this operation, 0 B of additional disk space will be used.
Get:1 http://127.0.0.1:12990/debian sid/main amd64 libgmp10 amd64 2:6.2.0+dfsg-4 [253 kB]
Get:2 http://127.0.0.1:12990/debian sid/main amd64 zlib1g amd64 1:1.2.11.dfsg-2 [90.4 kB]
debconf: delaying package configuration, since apt-utils is not installed
Fetched 343 kB in 0s (3728 kB/s)
(Reading database ... (Reading database ... 5%(Reading database ... 10%(Reading database ... 15%(Reading database ... 20%(Reading database ... 25%(Reading database ... 30%(Reading database ... 35%(Reading database ... 40%(Reading database ... 45%(Reading database ... 50%(Reading database ... 55%(Reading database ... 60%(Reading database ... 65%(Reading database ... 70%(Reading database ... 75%(Reading database ... 80%(Reading database ... 85%(Reading database ... 90%(Reading database ... 95%(Reading database ... 100%(Reading database ... 12960 files and directories currently installed.)
Preparing to unpack .../libgmp10_2%3a6.2.0+dfsg-4_amd64.deb ...
Unpacking libgmp10:amd64 (2:6.2.0+dfsg-4) over (2:6.2.0+dfsg-3) ...
Setting up libgmp10:amd64 (2:6.2.0+dfsg-4) ...
(Reading database ... (Reading database ... 5%(Reading database ... 10%(Reading database ... 15%(Reading database ... 20%(Reading database ... 25%(Reading database ... 30%(Reading database ... 35%(Reading database ... 40%(Reading database ... 45%(Reading database ... 50%(Reading database ... 55%(Reading database ... 60%(Reading database ... 65%(Reading database ... 70%(Reading database ... 75%(Reading database ... 80%(Reading database ... 85%(Reading database ... 90%(Reading database ... 95%(Reading database ... 100%(Reading database ... 12960 files and directories currently installed.)
Preparing to unpack .../zlib1g_1%3a1.2.11.dfsg-2_amd64.deb ...
Unpacking zlib1g:amd64 (1:1.2.11.dfsg-2) over (1:1.2.11.dfsg-1.2) ...
Setting up zlib1g:amd64 (1:1.2.11.dfsg-2) ...
Processing triggers for libc-bin (2.29-10) ...

+------------------------------------------------------------------------------+
| Fetch source files                                                           |
+------------------------------------------------------------------------------+


Check APT
---------

Checking available source versions...

Download source files with APT
------------------------------

Reading package lists...
NOTICE: 'vera++' packaging is maintained in the 'Git' version control system at:
https://bitbucket.org/verateam/vera.git
Please use:
git clone https://bitbucket.org/verateam/vera.git
to retrieve the latest (possibly unreleased) updates to the package.
Need to get 90.8 kB of source archives.
Get:1 http://127.0.0.1:12990/debian sid/main vera++ 1.2.1-2 (dsc) [1329 B]
Get:2 http://127.0.0.1:12990/debian sid/main vera++ 1.2.1-2 (tar) [72.5 kB]
Get:3 http://127.0.0.1:12990/debian sid/main vera++ 1.2.1-2 (diff) [17.0 kB]
Fetched 90.8 kB in 0s (543 kB/s)
Download complete and in download only mode
I: NOTICE: Log filtering will replace 'build/vera++-pYNJGJ/vera++-1.2.1' with '<<PKGBUILDDIR>>'
I: NOTICE: Log filtering will replace 'build/vera++-pYNJGJ' with '<<BUILDDIR>>'

+------------------------------------------------------------------------------+
| Install package build dependencies                                           |
+------------------------------------------------------------------------------+


Setup apt archive
-----------------

Merged Build-Depends: debhelper (>= 9), libboost-dev (>= 1.42), tcl-dev (>= 8), libboost-wave-dev (>= 1.42), libboost-thread-dev (>= 1.42), libboost-system-dev (>= 1.42), libboost-program-options-dev (>= 1.42), cmake, build-essential, fakeroot
Filtered Build-Depends: debhelper (>= 9), libboost-dev (>= 1.42), tcl-dev (>= 8), libboost-wave-dev (>= 1.42), libboost-thread-dev (>= 1.42), libboost-system-dev (>= 1.42), libboost-program-options-dev (>= 1.42), cmake, build-essential, fakeroot
dpkg-deb: building package 'sbuild-build-depends-main-dummy' in '/<<RESOLVERDIR>>/apt_archive/sbuild-build-depends-main-dummy.deb'.
Ign:1 copy:/<<RESOLVERDIR>>/apt_archive ./ InRelease
Get:2 copy:/<<RESOLVERDIR>>/apt_archive ./ Release [957 B]
Ign:3 copy:/<<RESOLVERDIR>>/apt_archive ./ Release.gpg
Get:4 copy:/<<RESOLVERDIR>>/apt_archive ./ Sources [423 B]
Get:5 copy:/<<RESOLVERDIR>>/apt_archive ./ Packages [503 B]
Fetched 1883 B in 0s (0 B/s)
Reading package lists...
Reading package lists...

Install main build dependencies (apt-based resolver)
----------------------------------------------------

Installing build dependencies
Reading package lists...
Building dependency tree...
Reading state information...
The following additional packages will be installed:
  autoconf automake autopoint autotools-dev bsdmainutils cmake cmake-data
  debhelper dh-autoreconf dh-strip-nondeterminism dwz file gettext
  gettext-base groff-base intltool-debian libarchive-zip-perl libarchive13
  libboost-atomic1.67-dev libboost-atomic1.67.0 libboost-chrono1.67-dev
  libboost-chrono1.67.0 libboost-date-time1.67-dev libboost-date-time1.67.0
  libboost-dev libboost-filesystem1.67-dev libboost-filesystem1.67.0
  libboost-program-options-dev libboost-program-options1.67-dev
  libboost-program-options1.67.0 libboost-serialization1.67-dev
  libboost-serialization1.67.0 libboost-system-dev libboost-system1.67-dev
  libboost-system1.67.0 libboost-thread-dev libboost-thread1.67-dev
  libboost-thread1.67.0 libboost-wave-dev libboost-wave1.67-dev
  libboost-wave1.67.0 libboost1.67-dev libbrotli1 libcroco3 libcurl4
  libdebhelper-perl libelf1 libexpat1 libfile-stripnondeterminism-perl
  libglib2.0-0 libgssapi-krb5-2 libicu63 libjsoncpp1 libk5crypto3 libkeyutils1
  libkrb5-3 libkrb5support0 libldap-2.4-2 libldap-common libmagic-mgc
  libmagic1 libncurses6 libnghttp2-14 libpipeline1 libprocps8 libpsl5
  librhash0 librtmp1 libsasl2-2 libsasl2-modules-db libsigsegv2 libssh2-1
  libssl1.1 libsub-override-perl libtcl8.6 libtool libuchardet0 libuv1 libxml2
  m4 man-db po-debconf procps sensible-utils tcl tcl-dev tcl8.6 tcl8.6-dev
  zlib1g-dev
Suggested packages:
  autoconf-archive gnu-standards autoconf-doc wamerican | wordlist whois
  vacation cmake-doc ninja-build dh-make gettext-doc libasprintf-dev
  libgettextpo-dev groff lrzip libboost-doc libboost1.67-doc
  libboost-container1.67-dev libboost-context1.67-dev
  libboost-contract1.67-dev libboost-coroutine1.67-dev
  libboost-exception1.67-dev libboost-fiber1.67-dev libboost-graph1.67-dev
  libboost-graph-parallel1.67-dev libboost-iostreams1.67-dev
  libboost-locale1.67-dev libboost-log1.67-dev libboost-math1.67-dev
  libboost-mpi1.67-dev libboost-mpi-python1.67-dev libboost-numpy1.67-dev
  libboost-python1.67-dev libboost-random1.67-dev libboost-regex1.67-dev
  libboost-signals1.67-dev libboost-stacktrace1.67-dev libboost-test1.67-dev
  libboost-timer1.67-dev libboost-type-erasure1.67-dev libboost1.67-tools-dev
  libmpfrc++-dev libntl-dev krb5-doc krb5-user libtool-doc gfortran
  | fortran95-compiler gcj-jdk m4-doc apparmor less www-browser
  libmail-box-perl tcl-doc tcl-tclreadline tcl8.6-doc
Recommended packages:
  curl | wget | lynx ca-certificates libarchive-cpio-perl libglib2.0-data
  shared-mime-info xdg-user-dirs krb5-locales libgpm2 publicsuffix
  libsasl2-modules libltdl-dev libmail-sendmail-perl psmisc
The following NEW packages will be installed:
  autoconf automake autopoint autotools-dev bsdmainutils cmake cmake-data
  debhelper dh-autoreconf dh-strip-nondeterminism dwz file gettext
  gettext-base groff-base intltool-debian libarchive-zip-perl libarchive13
  libboost-atomic1.67-dev libboost-atomic1.67.0 libboost-chrono1.67-dev
  libboost-chrono1.67.0 libboost-date-time1.67-dev libboost-date-time1.67.0
  libboost-dev libboost-filesystem1.67-dev libboost-filesystem1.67.0
  libboost-program-options-dev libboost-program-options1.67-dev
  libboost-program-options1.67.0 libboost-serialization1.67-dev
  libboost-serialization1.67.0 libboost-system-dev libboost-system1.67-dev
  libboost-system1.67.0 libboost-thread-dev libboost-thread1.67-dev
  libboost-thread1.67.0 libboost-wave-dev libboost-wave1.67-dev
  libboost-wave1.67.0 libboost1.67-dev libbrotli1 libcroco3 libcurl4
  libdebhelper-perl libelf1 libexpat1 libfile-stripnondeterminism-perl
  libglib2.0-0 libgssapi-krb5-2 libicu63 libjsoncpp1 libk5crypto3 libkeyutils1
  libkrb5-3 libkrb5support0 libldap-2.4-2 libldap-common libmagic-mgc
  libmagic1 libncurses6 libnghttp2-14 libpipeline1 libprocps8 libpsl5
  librhash0 librtmp1 libsasl2-2 libsasl2-modules-db libsigsegv2 libssh2-1
  libssl1.1 libsub-override-perl libtcl8.6 libtool libuchardet0 libuv1 libxml2
  m4 man-db po-debconf procps sbuild-build-depends-main-dummy sensible-utils
  tcl tcl-dev tcl8.6 tcl8.6-dev zlib1g-dev
0 upgraded, 90 newly installed, 0 to remove and 0 not upgraded.
Need to get 45.4 MB of archives.
After this operation, 300 MB of additional disk space will be used.
Get:1 copy:/<<RESOLVERDIR>>/apt_archive ./ sbuild-build-depends-main-dummy 0.invalid.0 [928 B]
Get:2 http://127.0.0.1:12990/debian sid/main amd64 bsdmainutils amd64 11.1.2+b1 [191 kB]
Get:3 http://127.0.0.1:12990/debian sid/main amd64 libuchardet0 amd64 0.0.6-3 [64.9 kB]
Get:4 http://127.0.0.1:12990/debian sid/main amd64 groff-base amd64 1.22.4-4 [919 kB]
Get:5 http://127.0.0.1:12990/debian sid/main amd64 libpipeline1 amd64 1.5.2-2 [33.9 kB]
Get:6 http://127.0.0.1:12990/debian sid/main amd64 man-db amd64 2.9.0-2 [1307 kB]
Get:7 http://127.0.0.1:12990/debian sid/main amd64 libncurses6 amd64 6.1+20191019-1 [102 kB]
Get:8 http://127.0.0.1:12990/debian sid/main amd64 libprocps8 amd64 2:3.3.16-1+b1 [62.8 kB]
Get:9 http://127.0.0.1:12990/debian sid/main amd64 procps amd64 2:3.3.16-1+b1 [263 kB]
Get:10 http://127.0.0.1:12990/debian sid/main amd64 sensible-utils all 0.0.12+nmu1 [16.0 kB]
Get:11 http://127.0.0.1:12990/debian sid/main amd64 libmagic-mgc amd64 1:5.38-4 [262 kB]
Get:12 http://127.0.0.1:12990/debian sid/main amd64 libmagic1 amd64 1:5.38-4 [120 kB]
Get:13 http://127.0.0.1:12990/debian sid/main amd64 file amd64 1:5.38-4 [67.9 kB]
Get:14 http://127.0.0.1:12990/debian sid/main amd64 gettext-base amd64 0.19.8.1-10 [123 kB]
Get:15 http://127.0.0.1:12990/debian sid/main amd64 libsigsegv2 amd64 2.12-2 [32.8 kB]
Get:16 http://127.0.0.1:12990/debian sid/main amd64 m4 amd64 1.4.18-4 [203 kB]
Get:17 http://127.0.0.1:12990/debian sid/main amd64 autoconf all 2.69-11.1 [341 kB]
Get:18 http://127.0.0.1:12990/debian sid/main amd64 autotools-dev all 20180224.1 [77.0 kB]
Get:19 http://127.0.0.1:12990/debian sid/main amd64 automake all 1:1.16.1-4 [771 kB]
Get:20 http://127.0.0.1:12990/debian sid/main amd64 autopoint all 0.19.8.1-10 [435 kB]
Get:21 http://127.0.0.1:12990/debian sid/main amd64 cmake-data all 3.16.3-1 [1628 kB]
Get:22 http://127.0.0.1:12990/debian sid/main amd64 libicu63 amd64 63.2-2 [8301 kB]
Get:23 http://127.0.0.1:12990/debian sid/main amd64 libxml2 amd64 2.9.10+dfsg-3 [709 kB]
Get:24 http://127.0.0.1:12990/debian sid/main amd64 libarchive13 amd64 3.4.0-1+b1 [335 kB]
Get:25 http://127.0.0.1:12990/debian sid/main amd64 libbrotli1 amd64 1.0.7-6 [266 kB]
Get:26 http://127.0.0.1:12990/debian sid/main amd64 libkeyutils1 amd64 1.6.1-2 [15.4 kB]
Get:27 http://127.0.0.1:12990/debian sid/main amd64 libkrb5support0 amd64 1.17-6 [64.6 kB]
Get:28 http://127.0.0.1:12990/debian sid/main amd64 libk5crypto3 amd64 1.17-6 [116 kB]
Get:29 http://127.0.0.1:12990/debian sid/main amd64 libssl1.1 amd64 1.1.1d-2 [1540 kB]
Get:30 http://127.0.0.1:12990/debian sid/main amd64 libkrb5-3 amd64 1.17-6 [366 kB]
Get:31 http://127.0.0.1:12990/debian sid/main amd64 libgssapi-krb5-2 amd64 1.17-6 [156 kB]
Get:32 http://127.0.0.1:12990/debian sid/main amd64 libsasl2-modules-db amd64 2.1.27+dfsg-2 [69.0 kB]
Get:33 http://127.0.0.1:12990/debian sid/main amd64 libsasl2-2 amd64 2.1.27+dfsg-2 [106 kB]
Get:34 http://127.0.0.1:12990/debian sid/main amd64 libldap-common all 2.4.49+dfsg-1 [91.9 kB]
Get:35 http://127.0.0.1:12990/debian sid/main amd64 libldap-2.4-2 amd64 2.4.49+dfsg-1 [226 kB]
Get:36 http://127.0.0.1:12990/debian sid/main amd64 libnghttp2-14 amd64 1.40.0-1 [85.0 kB]
Get:37 http://127.0.0.1:12990/debian sid/main amd64 libpsl5 amd64 0.20.2-2 [53.7 kB]
Get:38 http://127.0.0.1:12990/debian sid/main amd64 librtmp1 amd64 2.4+20151223.gitfa8646d.1-2+b1 [60.8 kB]
Get:39 http://127.0.0.1:12990/debian sid/main amd64 libssh2-1 amd64 1.8.0-2.1 [140 kB]
Get:40 http://127.0.0.1:12990/debian sid/main amd64 libcurl4 amd64 7.68.0-1 [321 kB]
Get:41 http://127.0.0.1:12990/debian sid/main amd64 libexpat1 amd64 2.2.9-1 [94.3 kB]
Get:42 http://127.0.0.1:12990/debian sid/main amd64 libjsoncpp1 amd64 1.7.4-3.1 [77.6 kB]
Get:43 http://127.0.0.1:12990/debian sid/main amd64 librhash0 amd64 1.3.9-1 [123 kB]
Get:44 http://127.0.0.1:12990/debian sid/main amd64 libuv1 amd64 1.34.2-1 [127 kB]
Get:45 http://127.0.0.1:12990/debian sid/main amd64 cmake amd64 3.16.3-1 [3673 kB]
Get:46 http://127.0.0.1:12990/debian sid/main amd64 libtool all 2.4.6-13 [513 kB]
Get:47 http://127.0.0.1:12990/debian sid/main amd64 dh-autoreconf all 19 [16.9 kB]
Get:48 http://127.0.0.1:12990/debian sid/main amd64 libdebhelper-perl all 12.9 [183 kB]
Get:49 http://127.0.0.1:12990/debian sid/main amd64 libarchive-zip-perl all 1.67-1 [104 kB]
Get:50 http://127.0.0.1:12990/debian sid/main amd64 libsub-override-perl all 0.09-2 [10.2 kB]
Get:51 http://127.0.0.1:12990/debian sid/main amd64 libfile-stripnondeterminism-perl all 1.6.3-2 [23.7 kB]
Get:52 http://127.0.0.1:12990/debian sid/main amd64 dh-strip-nondeterminism all 1.6.3-2 [14.7 kB]
Get:53 http://127.0.0.1:12990/debian sid/main amd64 libelf1 amd64 0.176-1.1 [161 kB]
Get:54 http://127.0.0.1:12990/debian sid/main amd64 dwz amd64 0.13-5 [151 kB]
Get:55 http://127.0.0.1:12990/debian sid/main amd64 libglib2.0-0 amd64 2.62.4-2 [1319 kB]
Get:56 http://127.0.0.1:12990/debian sid/main amd64 libcroco3 amd64 0.6.13-1 [146 kB]
Get:57 http://127.0.0.1:12990/debian sid/main amd64 gettext amd64 0.19.8.1-10 [1303 kB]
Get:58 http://127.0.0.1:12990/debian sid/main amd64 intltool-debian all 0.35.0+20060710.5 [26.8 kB]
Get:59 http://127.0.0.1:12990/debian sid/main amd64 po-debconf all 1.0.21 [248 kB]
Get:60 http://127.0.0.1:12990/debian sid/main amd64 debhelper all 12.9 [994 kB]
Get:61 http://127.0.0.1:12990/debian sid/main amd64 libboost1.67-dev amd64 1.67.0-17 [8389 kB]
Get:62 http://127.0.0.1:12990/debian sid/main amd64 libboost-atomic1.67.0 amd64 1.67.0-17 [226 kB]
Get:63 http://127.0.0.1:12990/debian sid/main amd64 libboost-atomic1.67-dev amd64 1.67.0-17 [225 kB]
Get:64 http://127.0.0.1:12990/debian sid/main amd64 libboost-system1.67.0 amd64 1.67.0-17 [229 kB]
Get:65 http://127.0.0.1:12990/debian sid/main amd64 libboost-chrono1.67.0 amd64 1.67.0-17 [234 kB]
Get:66 http://127.0.0.1:12990/debian sid/main amd64 libboost-chrono1.67-dev amd64 1.67.0-17 [237 kB]
Get:67 http://127.0.0.1:12990/debian sid/main amd64 libboost-date-time1.67.0 amd64 1.67.0-17 [239 kB]
Get:68 http://127.0.0.1:12990/debian sid/main amd64 libboost-serialization1.67.0 amd64 1.67.0-17 [318 kB]
Get:69 http://127.0.0.1:12990/debian sid/main amd64 libboost-serialization1.67-dev amd64 1.67.0-17 [358 kB]
Get:70 http://127.0.0.1:12990/debian sid/main amd64 libboost-date-time1.67-dev amd64 1.67.0-17 [248 kB]
Get:71 http://127.0.0.1:12990/debian sid/main amd64 libboost-dev amd64 1.67.0.2+b1 [4496 B]
Get:72 http://127.0.0.1:12990/debian sid/main amd64 libboost-filesystem1.67.0 amd64 1.67.0-17 [260 kB]
Get:73 http://127.0.0.1:12990/debian sid/main amd64 libboost-system1.67-dev amd64 1.67.0-17 [232 kB]
Get:74 http://127.0.0.1:12990/debian sid/main amd64 libboost-filesystem1.67-dev amd64 1.67.0-17 [269 kB]
Get:75 http://127.0.0.1:12990/debian sid/main amd64 libboost-program-options1.67.0 amd64 1.67.0-17 [356 kB]
Get:76 http://127.0.0.1:12990/debian sid/main amd64 libboost-program-options1.67-dev amd64 1.67.0-17 [381 kB]
Get:77 http://127.0.0.1:12990/debian sid/main amd64 libboost-program-options-dev amd64 1.67.0.2+b1 [4288 B]
Get:78 http://127.0.0.1:12990/debian sid/main amd64 libboost-system-dev amd64 1.67.0.2+b1 [4416 B]
Get:79 http://127.0.0.1:12990/debian sid/main amd64 libboost-thread1.67.0 amd64 1.67.0-17 [269 kB]
Get:80 http://127.0.0.1:12990/debian sid/main amd64 libboost-thread1.67-dev amd64 1.67.0-17 [271 kB]
Get:81 http://127.0.0.1:12990/debian sid/main amd64 libboost-thread-dev amd64 1.67.0.2+b1 [4308 B]
Get:82 http://127.0.0.1:12990/debian sid/main amd64 libboost-wave1.67.0 amd64 1.67.0-17 [441 kB]
Get:83 http://127.0.0.1:12990/debian sid/main amd64 libboost-wave1.67-dev amd64 1.67.0-17 [466 kB]
Get:84 http://127.0.0.1:12990/debian sid/main amd64 libboost-wave-dev amd64 1.67.0.2+b1 [4308 B]
Get:85 http://127.0.0.1:12990/debian sid/main amd64 libtcl8.6 amd64 8.6.10+dfsg-1 [1007 kB]
Get:86 http://127.0.0.1:12990/debian sid/main amd64 tcl8.6 amd64 8.6.10+dfsg-1 [124 kB]
Get:87 http://127.0.0.1:12990/debian sid/main amd64 tcl amd64 8.6.9+1+b1 [5912 B]
Get:88 http://127.0.0.1:12990/debian sid/main amd64 zlib1g-dev amd64 1:1.2.11.dfsg-2 [190 kB]
Get:89 http://127.0.0.1:12990/debian sid/main amd64 tcl8.6-dev amd64 8.6.10+dfsg-1 [1011 kB]
Get:90 http://127.0.0.1:12990/debian sid/main amd64 tcl-dev amd64 8.6.9+1+b1 [8476 B]
debconf: delaying package configuration, since apt-utils is not installed
Fetched 45.4 MB in 4s (10.2 MB/s)
Selecting previously unselected package bsdmainutils.
(Reading database ... 12960 files and directories currently installed.)
Preparing to unpack .../00-bsdmainutils_11.1.2+b1_amd64.deb ...
Unpacking bsdmainutils (11.1.2+b1) ...
Selecting previously unselected package libuchardet0:amd64.
Preparing to unpack .../01-libuchardet0_0.0.6-3_amd64.deb ...
Unpacking libuchardet0:amd64 (0.0.6-3) ...
Selecting previously unselected package groff-base.
Preparing to unpack .../02-groff-base_1.22.4-4_amd64.deb ...
Unpacking groff-base (1.22.4-4) ...
Selecting previously unselected package libpipeline1:amd64.
Preparing to unpack .../03-libpipeline1_1.5.2-2_amd64.deb ...
Unpacking libpipeline1:amd64 (1.5.2-2) ...
Selecting previously unselected package man-db.
Preparing to unpack .../04-man-db_2.9.0-2_amd64.deb ...
Unpacking man-db (2.9.0-2) ...
Selecting previously unselected package libncurses6:amd64.
Preparing to unpack .../05-libncurses6_6.1+20191019-1_amd64.deb ...
Unpacking libncurses6:amd64 (6.1+20191019-1) ...
Selecting previously unselected package libprocps8:amd64.
Preparing to unpack .../06-libprocps8_2%3a3.3.16-1+b1_amd64.deb ...
Unpacking libprocps8:amd64 (2:3.3.16-1+b1) ...
Selecting previously unselected package procps.
Preparing to unpack .../07-procps_2%3a3.3.16-1+b1_amd64.deb ...
Unpacking procps (2:3.3.16-1+b1) ...
Selecting previously unselected package sensible-utils.
Preparing to unpack .../08-sensible-utils_0.0.12+nmu1_all.deb ...
Unpacking sensible-utils (0.0.12+nmu1) ...
Selecting previously unselected package libmagic-mgc.
Preparing to unpack .../09-libmagic-mgc_1%3a5.38-4_amd64.deb ...
Unpacking libmagic-mgc (1:5.38-4) ...
Selecting previously unselected package libmagic1:amd64.
Preparing to unpack .../10-libmagic1_1%3a5.38-4_amd64.deb ...
Unpacking libmagic1:amd64 (1:5.38-4) ...
Selecting previously unselected package file.
Preparing to unpack .../11-file_1%3a5.38-4_amd64.deb ...
Unpacking file (1:5.38-4) ...
Selecting previously unselected package gettext-base.
Preparing to unpack .../12-gettext-base_0.19.8.1-10_amd64.deb ...
Unpacking gettext-base (0.19.8.1-10) ...
Selecting previously unselected package libsigsegv2:amd64.
Preparing to unpack .../13-libsigsegv2_2.12-2_amd64.deb ...
Unpacking libsigsegv2:amd64 (2.12-2) ...
Selecting previously unselected package m4.
Preparing to unpack .../14-m4_1.4.18-4_amd64.deb ...
Unpacking m4 (1.4.18-4) ...
Selecting previously unselected package autoconf.
Preparing to unpack .../15-autoconf_2.69-11.1_all.deb ...
Unpacking autoconf (2.69-11.1) ...
Selecting previously unselected package autotools-dev.
Preparing to unpack .../16-autotools-dev_20180224.1_all.deb ...
Unpacking autotools-dev (20180224.1) ...
Selecting previously unselected package automake.
Preparing to unpack .../17-automake_1%3a1.16.1-4_all.deb ...
Unpacking automake (1:1.16.1-4) ...
Selecting previously unselected package autopoint.
Preparing to unpack .../18-autopoint_0.19.8.1-10_all.deb ...
Unpacking autopoint (0.19.8.1-10) ...
Selecting previously unselected package cmake-data.
Preparing to unpack .../19-cmake-data_3.16.3-1_all.deb ...
Unpacking cmake-data (3.16.3-1) ...
Selecting previously unselected package libicu63:amd64.
Preparing to unpack .../20-libicu63_63.2-2_amd64.deb ...
Unpacking libicu63:amd64 (63.2-2) ...
Selecting previously unselected package libxml2:amd64.
Preparing to unpack .../21-libxml2_2.9.10+dfsg-3_amd64.deb ...
Unpacking libxml2:amd64 (2.9.10+dfsg-3) ...
Selecting previously unselected package libarchive13:amd64.
Preparing to unpack .../22-libarchive13_3.4.0-1+b1_amd64.deb ...
Unpacking libarchive13:amd64 (3.4.0-1+b1) ...
Selecting previously unselected package libbrotli1:amd64.
Preparing to unpack .../23-libbrotli1_1.0.7-6_amd64.deb ...
Unpacking libbrotli1:amd64 (1.0.7-6) ...
Selecting previously unselected package libkeyutils1:amd64.
Preparing to unpack .../24-libkeyutils1_1.6.1-2_amd64.deb ...
Unpacking libkeyutils1:amd64 (1.6.1-2) ...
Selecting previously unselected package libkrb5support0:amd64.
Preparing to unpack .../25-libkrb5support0_1.17-6_amd64.deb ...
Unpacking libkrb5support0:amd64 (1.17-6) ...
Selecting previously unselected package libk5crypto3:amd64.
Preparing to unpack .../26-libk5crypto3_1.17-6_amd64.deb ...
Unpacking libk5crypto3:amd64 (1.17-6) ...
Selecting previously unselected package libssl1.1:amd64.
Preparing to unpack .../27-libssl1.1_1.1.1d-2_amd64.deb ...
Unpacking libssl1.1:amd64 (1.1.1d-2) ...
Selecting previously unselected package libkrb5-3:amd64.
Preparing to unpack .../28-libkrb5-3_1.17-6_amd64.deb ...
Unpacking libkrb5-3:amd64 (1.17-6) ...
Selecting previously unselected package libgssapi-krb5-2:amd64.
Preparing to unpack .../29-libgssapi-krb5-2_1.17-6_amd64.deb ...
Unpacking libgssapi-krb5-2:amd64 (1.17-6) ...
Selecting previously unselected package libsasl2-modules-db:amd64.
Preparing to unpack .../30-libsasl2-modules-db_2.1.27+dfsg-2_amd64.deb ...
Unpacking libsasl2-modules-db:amd64 (2.1.27+dfsg-2) ...
Selecting previously unselected package libsasl2-2:amd64.
Preparing to unpack .../31-libsasl2-2_2.1.27+dfsg-2_amd64.deb ...
Unpacking libsasl2-2:amd64 (2.1.27+dfsg-2) ...
Selecting previously unselected package libldap-common.
Preparing to unpack .../32-libldap-common_2.4.49+dfsg-1_all.deb ...
Unpacking libldap-common (2.4.49+dfsg-1) ...
Selecting previously unselected package libldap-2.4-2:amd64.
Preparing to unpack .../33-libldap-2.4-2_2.4.49+dfsg-1_amd64.deb ...
Unpacking libldap-2.4-2:amd64 (2.4.49+dfsg-1) ...
Selecting previously unselected package libnghttp2-14:amd64.
Preparing to unpack .../34-libnghttp2-14_1.40.0-1_amd64.deb ...
Unpacking libnghttp2-14:amd64 (1.40.0-1) ...
Selecting previously unselected package libpsl5:amd64.
Preparing to unpack .../35-libpsl5_0.20.2-2_amd64.deb ...
Unpacking libpsl5:amd64 (0.20.2-2) ...
Selecting previously unselected package librtmp1:amd64.
Preparing to unpack .../36-librtmp1_2.4+20151223.gitfa8646d.1-2+b1_amd64.deb ...
Unpacking librtmp1:amd64 (2.4+20151223.gitfa8646d.1-2+b1) ...
Selecting previously unselected package libssh2-1:amd64.
Preparing to unpack .../37-libssh2-1_1.8.0-2.1_amd64.deb ...
Unpacking libssh2-1:amd64 (1.8.0-2.1) ...
Selecting previously unselected package libcurl4:amd64.
Preparing to unpack .../38-libcurl4_7.68.0-1_amd64.deb ...
Unpacking libcurl4:amd64 (7.68.0-1) ...
Selecting previously unselected package libexpat1:amd64.
Preparing to unpack .../39-libexpat1_2.2.9-1_amd64.deb ...
Unpacking libexpat1:amd64 (2.2.9-1) ...
Selecting previously unselected package libjsoncpp1:amd64.
Preparing to unpack .../40-libjsoncpp1_1.7.4-3.1_amd64.deb ...
Unpacking libjsoncpp1:amd64 (1.7.4-3.1) ...
Selecting previously unselected package librhash0:amd64.
Preparing to unpack .../41-librhash0_1.3.9-1_amd64.deb ...
Unpacking librhash0:amd64 (1.3.9-1) ...
Selecting previously unselected package libuv1:amd64.
Preparing to unpack .../42-libuv1_1.34.2-1_amd64.deb ...
Unpacking libuv1:amd64 (1.34.2-1) ...
Selecting previously unselected package cmake.
Preparing to unpack .../43-cmake_3.16.3-1_amd64.deb ...
Unpacking cmake (3.16.3-1) ...
Selecting previously unselected package libtool.
Preparing to unpack .../44-libtool_2.4.6-13_all.deb ...
Unpacking libtool (2.4.6-13) ...
Selecting previously unselected package dh-autoreconf.
Preparing to unpack .../45-dh-autoreconf_19_all.deb ...
Unpacking dh-autoreconf (19) ...
Selecting previously unselected package libdebhelper-perl.
Preparing to unpack .../46-libdebhelper-perl_12.9_all.deb ...
Unpacking libdebhelper-perl (12.9) ...
Selecting previously unselected package libarchive-zip-perl.
Preparing to unpack .../47-libarchive-zip-perl_1.67-1_all.deb ...
Unpacking libarchive-zip-perl (1.67-1) ...
Selecting previously unselected package libsub-override-perl.
Preparing to unpack .../48-libsub-override-perl_0.09-2_all.deb ...
Unpacking libsub-override-perl (0.09-2) ...
Selecting previously unselected package libfile-stripnondeterminism-perl.
Preparing to unpack .../49-libfile-stripnondeterminism-perl_1.6.3-2_all.deb ...
Unpacking libfile-stripnondeterminism-perl (1.6.3-2) ...
Selecting previously unselected package dh-strip-nondeterminism.
Preparing to unpack .../50-dh-strip-nondeterminism_1.6.3-2_all.deb ...
Unpacking dh-strip-nondeterminism (1.6.3-2) ...
Selecting previously unselected package libelf1:amd64.
Preparing to unpack .../51-libelf1_0.176-1.1_amd64.deb ...
Unpacking libelf1:amd64 (0.176-1.1) ...
Selecting previously unselected package dwz.
Preparing to unpack .../52-dwz_0.13-5_amd64.deb ...
Unpacking dwz (0.13-5) ...
Selecting previously unselected package libglib2.0-0:amd64.
Preparing to unpack .../53-libglib2.0-0_2.62.4-2_amd64.deb ...
Unpacking libglib2.0-0:amd64 (2.62.4-2) ...
Selecting previously unselected package libcroco3:amd64.
Preparing to unpack .../54-libcroco3_0.6.13-1_amd64.deb ...
Unpacking libcroco3:amd64 (0.6.13-1) ...
Selecting previously unselected package gettext.
Preparing to unpack .../55-gettext_0.19.8.1-10_amd64.deb ...
Unpacking gettext (0.19.8.1-10) ...
Selecting previously unselected package intltool-debian.
Preparing to unpack .../56-intltool-debian_0.35.0+20060710.5_all.deb ...
Unpacking intltool-debian (0.35.0+20060710.5) ...
Selecting previously unselected package po-debconf.
Preparing to unpack .../57-po-debconf_1.0.21_all.deb ...
Unpacking po-debconf (1.0.21) ...
Selecting previously unselected package debhelper.
Preparing to unpack .../58-debhelper_12.9_all.deb ...
Unpacking debhelper (12.9) ...
Selecting previously unselected package libboost1.67-dev:amd64.
Preparing to unpack .../59-libboost1.67-dev_1.67.0-17_amd64.deb ...
Unpacking libboost1.67-dev:amd64 (1.67.0-17) ...
Selecting previously unselected package libboost-atomic1.67.0:amd64.
Preparing to unpack .../60-libboost-atomic1.67.0_1.67.0-17_amd64.deb ...
Unpacking libboost-atomic1.67.0:amd64 (1.67.0-17) ...
Selecting previously unselected package libboost-atomic1.67-dev:amd64.
Preparing to unpack .../61-libboost-atomic1.67-dev_1.67.0-17_amd64.deb ...
Unpacking libboost-atomic1.67-dev:amd64 (1.67.0-17) ...
Selecting previously unselected package libboost-system1.67.0:amd64.
Preparing to unpack .../62-libboost-system1.67.0_1.67.0-17_amd64.deb ...
Unpacking libboost-system1.67.0:amd64 (1.67.0-17) ...
Selecting previously unselected package libboost-chrono1.67.0:amd64.
Preparing to unpack .../63-libboost-chrono1.67.0_1.67.0-17_amd64.deb ...
Unpacking libboost-chrono1.67.0:amd64 (1.67.0-17) ...
Selecting previously unselected package libboost-chrono1.67-dev:amd64.
Preparing to unpack .../64-libboost-chrono1.67-dev_1.67.0-17_amd64.deb ...
Unpacking libboost-chrono1.67-dev:amd64 (1.67.0-17) ...
Selecting previously unselected package libboost-date-time1.67.0:amd64.
Preparing to unpack .../65-libboost-date-time1.67.0_1.67.0-17_amd64.deb ...
Unpacking libboost-date-time1.67.0:amd64 (1.67.0-17) ...
Selecting previously unselected package libboost-serialization1.67.0:amd64.
Preparing to unpack .../66-libboost-serialization1.67.0_1.67.0-17_amd64.deb ...
Unpacking libboost-serialization1.67.0:amd64 (1.67.0-17) ...
Selecting previously unselected package libboost-serialization1.67-dev:amd64.
Preparing to unpack .../67-libboost-serialization1.67-dev_1.67.0-17_amd64.deb ...
Unpacking libboost-serialization1.67-dev:amd64 (1.67.0-17) ...
Selecting previously unselected package libboost-date-time1.67-dev:amd64.
Preparing to unpack .../68-libboost-date-time1.67-dev_1.67.0-17_amd64.deb ...
Unpacking libboost-date-time1.67-dev:amd64 (1.67.0-17) ...
Selecting previously unselected package libboost-dev:amd64.
Preparing to unpack .../69-libboost-dev_1.67.0.2+b1_amd64.deb ...
Unpacking libboost-dev:amd64 (1.67.0.2+b1) ...
Selecting previously unselected package libboost-filesystem1.67.0:amd64.
Preparing to unpack .../70-libboost-filesystem1.67.0_1.67.0-17_amd64.deb ...
Unpacking libboost-filesystem1.67.0:amd64 (1.67.0-17) ...
Selecting previously unselected package libboost-system1.67-dev:amd64.
Preparing to unpack .../71-libboost-system1.67-dev_1.67.0-17_amd64.deb ...
Unpacking libboost-system1.67-dev:amd64 (1.67.0-17) ...
Selecting previously unselected package libboost-filesystem1.67-dev:amd64.
Preparing to unpack .../72-libboost-filesystem1.67-dev_1.67.0-17_amd64.deb ...
Unpacking libboost-filesystem1.67-dev:amd64 (1.67.0-17) ...
Selecting previously unselected package libboost-program-options1.67.0:amd64.
Preparing to unpack .../73-libboost-program-options1.67.0_1.67.0-17_amd64.deb ...
Unpacking libboost-program-options1.67.0:amd64 (1.67.0-17) ...
Selecting previously unselected package libboost-program-options1.67-dev:amd64.
Preparing to unpack .../74-libboost-program-options1.67-dev_1.67.0-17_amd64.deb ...
Unpacking libboost-program-options1.67-dev:amd64 (1.67.0-17) ...
Selecting previously unselected package libboost-program-options-dev:amd64.
Preparing to unpack .../75-libboost-program-options-dev_1.67.0.2+b1_amd64.deb ...
Unpacking libboost-program-options-dev:amd64 (1.67.0.2+b1) ...
Selecting previously unselected package libboost-system-dev:amd64.
Preparing to unpack .../76-libboost-system-dev_1.67.0.2+b1_amd64.deb ...
Unpacking libboost-system-dev:amd64 (1.67.0.2+b1) ...
Selecting previously unselected package libboost-thread1.67.0:amd64.
Preparing to unpack .../77-libboost-thread1.67.0_1.67.0-17_amd64.deb ...
Unpacking libboost-thread1.67.0:amd64 (1.67.0-17) ...
Selecting previously unselected package libboost-thread1.67-dev:amd64.
Preparing to unpack .../78-libboost-thread1.67-dev_1.67.0-17_amd64.deb ...
Unpacking libboost-thread1.67-dev:amd64 (1.67.0-17) ...
Selecting previously unselected package libboost-thread-dev:amd64.
Preparing to unpack .../79-libboost-thread-dev_1.67.0.2+b1_amd64.deb ...
Unpacking libboost-thread-dev:amd64 (1.67.0.2+b1) ...
Selecting previously unselected package libboost-wave1.67.0:amd64.
Preparing to unpack .../80-libboost-wave1.67.0_1.67.0-17_amd64.deb ...
Unpacking libboost-wave1.67.0:amd64 (1.67.0-17) ...
Selecting previously unselected package libboost-wave1.67-dev:amd64.
Preparing to unpack .../81-libboost-wave1.67-dev_1.67.0-17_amd64.deb ...
Unpacking libboost-wave1.67-dev:amd64 (1.67.0-17) ...
Selecting previously unselected package libboost-wave-dev:amd64.
Preparing to unpack .../82-libboost-wave-dev_1.67.0.2+b1_amd64.deb ...
Unpacking libboost-wave-dev:amd64 (1.67.0.2+b1) ...
Selecting previously unselected package libtcl8.6:amd64.
Preparing to unpack .../83-libtcl8.6_8.6.10+dfsg-1_amd64.deb ...
Unpacking libtcl8.6:amd64 (8.6.10+dfsg-1) ...
Selecting previously unselected package tcl8.6.
Preparing to unpack .../84-tcl8.6_8.6.10+dfsg-1_amd64.deb ...
Unpacking tcl8.6 (8.6.10+dfsg-1) ...
Selecting previously unselected package tcl.
Preparing to unpack .../85-tcl_8.6.9+1+b1_amd64.deb ...
Unpacking tcl (8.6.9+1+b1) ...
Selecting previously unselected package zlib1g-dev:amd64.
Preparing to unpack .../86-zlib1g-dev_1%3a1.2.11.dfsg-2_amd64.deb ...
Unpacking zlib1g-dev:amd64 (1:1.2.11.dfsg-2) ...
Selecting previously unselected package tcl8.6-dev:amd64.
Preparing to unpack .../87-tcl8.6-dev_8.6.10+dfsg-1_amd64.deb ...
Unpacking tcl8.6-dev:amd64 (8.6.10+dfsg-1) ...
Selecting previously unselected package tcl-dev:amd64.
Preparing to unpack .../88-tcl-dev_8.6.9+1+b1_amd64.deb ...
Unpacking tcl-dev:amd64 (8.6.9+1+b1) ...
Selecting previously unselected package sbuild-build-depends-main-dummy.
Preparing to unpack .../89-sbuild-build-depends-main-dummy_0.invalid.0_amd64.deb ...
Unpacking sbuild-build-depends-main-dummy (0.invalid.0) ...
Setting up libboost1.67-dev:amd64 (1.67.0-17) ...
Setting up libexpat1:amd64 (2.2.9-1) ...
Setting up libboost-program-options1.67.0:amd64 (1.67.0-17) ...
Setting up libpipeline1:amd64 (1.5.2-2) ...
Setting up libkeyutils1:amd64 (1.6.1-2) ...
Setting up libpsl5:amd64 (0.20.2-2) ...
Setting up libmagic-mgc (1:5.38-4) ...
Setting up libarchive-zip-perl (1.67-1) ...
Setting up libboost-program-options1.67-dev:amd64 (1.67.0-17) ...
Setting up libglib2.0-0:amd64 (2.62.4-2) ...
No schema files found: doing nothing.
Setting up libssl1.1:amd64 (1.1.1d-2) ...
Setting up libdebhelper-perl (12.9) ...
Setting up libbrotli1:amd64 (1.0.7-6) ...
Setting up libnghttp2-14:amd64 (1.40.0-1) ...
Setting up libmagic1:amd64 (1:5.38-4) ...
Setting up gettext-base (0.19.8.1-10) ...
Setting up libboost-date-time1.67.0:amd64 (1.67.0-17) ...
Setting up file (1:5.38-4) ...
Setting up libldap-common (2.4.49+dfsg-1) ...
Setting up libicu63:amd64 (63.2-2) ...
Setting up libkrb5support0:amd64 (1.17-6) ...
Setting up libsasl2-modules-db:amd64 (2.1.27+dfsg-2) ...
Setting up autotools-dev (20180224.1) ...
Setting up libuv1:amd64 (1.34.2-1) ...
Setting up libboost-program-options-dev:amd64 (1.67.0.2+b1) ...
Setting up librtmp1:amd64 (2.4+20151223.gitfa8646d.1-2+b1) ...
Setting up libncurses6:amd64 (6.1+20191019-1) ...
Setting up libsigsegv2:amd64 (2.12-2) ...
Setting up bsdmainutils (11.1.2+b1) ...
update-alternatives: using /usr/bin/bsd-write to provide /usr/bin/write (write) in auto mode
update-alternatives: using /usr/bin/bsd-from to provide /usr/bin/from (from) in auto mode
Setting up libtcl8.6:amd64 (8.6.10+dfsg-1) ...
Setting up autopoint (0.19.8.1-10) ...
Setting up libk5crypto3:amd64 (1.17-6) ...
Setting up libsasl2-2:amd64 (2.1.27+dfsg-2) ...
Setting up zlib1g-dev:amd64 (1:1.2.11.dfsg-2) ...
Setting up sensible-utils (0.0.12+nmu1) ...
Setting up librhash0:amd64 (1.3.9-1) ...
Setting up libuchardet0:amd64 (0.0.6-3) ...
Setting up libsub-override-perl (0.09-2) ...
Setting up libssh2-1:amd64 (1.8.0-2.1) ...
Setting up libboost-atomic1.67.0:amd64 (1.67.0-17) ...
Setting up cmake-data (3.16.3-1) ...
Setting up libkrb5-3:amd64 (1.17-6) ...
Setting up libboost-dev:amd64 (1.67.0.2+b1) ...
Setting up libboost-system1.67.0:amd64 (1.67.0-17) ...
Setting up libboost-serialization1.67.0:amd64 (1.67.0-17) ...
Setting up libelf1:amd64 (0.176-1.1) ...
Setting up libxml2:amd64 (2.9.10+dfsg-3) ...
Setting up libprocps8:amd64 (2:3.3.16-1+b1) ...
Setting up libjsoncpp1:amd64 (1.7.4-3.1) ...
Setting up libboost-atomic1.67-dev:amd64 (1.67.0-17) ...
Setting up libfile-stripnondeterminism-perl (1.6.3-2) ...
Setting up libboost-serialization1.67-dev:amd64 (1.67.0-17) ...
Setting up tcl8.6 (8.6.10+dfsg-1) ...
Setting up libboost-chrono1.67.0:amd64 (1.67.0-17) ...
Setting up libboost-thread1.67.0:amd64 (1.67.0-17) ...
Setting up libtool (2.4.6-13) ...
Setting up libarchive13:amd64 (3.4.0-1+b1) ...
Setting up tcl8.6-dev:amd64 (8.6.10+dfsg-1) ...
Setting up libldap-2.4-2:amd64 (2.4.49+dfsg-1) ...
Setting up m4 (1.4.18-4) ...
Setting up libboost-date-time1.67-dev:amd64 (1.67.0-17) ...
Setting up libboost-chrono1.67-dev:amd64 (1.67.0-17) ...
Setting up libgssapi-krb5-2:amd64 (1.17-6) ...
Setting up libcroco3:amd64 (0.6.13-1) ...
Setting up autoconf (2.69-11.1) ...
Setting up dh-strip-nondeterminism (1.6.3-2) ...
Setting up dwz (0.13-5) ...
Setting up groff-base (1.22.4-4) ...
Setting up tcl (8.6.9+1+b1) ...
Setting up procps (2:3.3.16-1+b1) ...
update-alternatives: using /usr/bin/w.procps to provide /usr/bin/w (w) in auto mode
Setting up libcurl4:amd64 (7.68.0-1) ...
Setting up libboost-filesystem1.67.0:amd64 (1.67.0-17) ...
Setting up libboost-system1.67-dev:amd64 (1.67.0-17) ...
Setting up automake (1:1.16.1-4) ...
update-alternatives: using /usr/bin/automake-1.16 to provide /usr/bin/automake (automake) in auto mode
Setting up gettext (0.19.8.1-10) ...
Setting up libboost-filesystem1.67-dev:amd64 (1.67.0-17) ...
Setting up libboost-wave1.67.0:amd64 (1.67.0-17) ...
Setting up libboost-thread1.67-dev:amd64 (1.67.0-17) ...
Setting up libboost-system-dev:amd64 (1.67.0.2+b1) ...
Setting up man-db (2.9.0-2) ...
Not building database; man-db/auto-update is not 'true'.
Setting up intltool-debian (0.35.0+20060710.5) ...
Setting up tcl-dev:amd64 (8.6.9+1+b1) ...
Setting up cmake (3.16.3-1) ...
Setting up libboost-thread-dev:amd64 (1.67.0.2+b1) ...
Setting up libboost-wave1.67-dev:amd64 (1.67.0-17) ...
Setting up po-debconf (1.0.21) ...
Setting up libboost-wave-dev:amd64 (1.67.0.2+b1) ...
Setting up debhelper (12.9) ...
Setting up dh-autoreconf (19) ...
Setting up sbuild-build-depends-main-dummy (0.invalid.0) ...
Processing triggers for libc-bin (2.29-10) ...

+------------------------------------------------------------------------------+
| Check architectures                                                          |
+------------------------------------------------------------------------------+

Arch check ok (amd64 included in any)

+------------------------------------------------------------------------------+
| Build environment                                                            |
+------------------------------------------------------------------------------+

Kernel: Linux 4.19.0-6-cloud-amd64 #1 SMP Debian 4.19.67-2+deb10u2 (2019-11-11) amd64 (x86_64)
Toolchain package versions: binutils_2.34-3 dpkg-dev_1.19.7 g++-9_9.2.1-29 gcc-9_9.2.1-29 libc6-dev_2.29-10 libstdc++-9-dev_9.2.1-29 libstdc++6_10-20200222-1 linux-libc-dev_5.4.19-1
Package versions: adduser_3.118 apt_1.8.4 autoconf_2.69-11.1 automake_1:1.16.1-4 autopoint_0.19.8.1-10 autotools-dev_20180224.1 base-files_11 base-passwd_3.5.47 bash_5.0-5 binutils_2.34-3 binutils-common_2.34-3 binutils-x86-64-linux-gnu_2.34-3 bsdmainutils_11.1.2+b1 bsdutils_1:2.34-0.1 build-essential_12.8 bzip2_1.0.8-2 clang-10_1:10.0.0~+rc2-1 cmake_3.16.3-1 cmake-data_3.16.3-1 coreutils_8.30-3+b1 cpp_4:9.2.1-3.1 cpp-9_9.2.1-29 dash_0.5.10.2-6 debconf_1.5.73 debhelper_12.9 debian-archive-keyring_2019.1 debianutils_4.9.1 dh-autoreconf_19 dh-strip-nondeterminism_1.6.3-2 diffutils_1:3.7-3 dpkg_1.19.7 dpkg-dev_1.19.7 dwz_0.13-5 e2fsprogs_1.45.5-2 fakeroot_1.24-1 fdisk_2.34-0.1 file_1:5.38-4 findutils_4.7.0-1 g++_4:9.2.1-3.1 g++-9_9.2.1-29 gcc_4:9.2.1-3.1 gcc-10-base_10-20200222-1 gcc-9_9.2.1-29 gcc-9-base_9.2.1-29 gettext_0.19.8.1-10 gettext-base_0.19.8.1-10 gpgv_2.2.19-1 grep_3.4-1 groff-base_1.22.4-4 gzip_1.9-3+b1 hostname_3.23 init-system-helpers_1.57 intltool-debian_0.35.0+20060710.5 lib32gcc-s1_10-20200222-1 lib32gcc1_1:10-20200222-1 lib32stdc++6_10-20200222-1 libacl1_2.2.53-5 libapt-pkg5.0_1.8.4 libarchive-zip-perl_1.67-1 libarchive13_3.4.0-1+b1 libasan5_9.2.1-29 libatomic1_10-20200222-1 libattr1_1:2.4.48-5 libaudit-common_1:2.8.5-2 libaudit1_1:2.8.5-2+b1 libbinutils_2.34-3 libblkid1_2.34-0.1 libboost-atomic1.67-dev_1.67.0-17 libboost-atomic1.67.0_1.67.0-17 libboost-chrono1.67-dev_1.67.0-17 libboost-chrono1.67.0_1.67.0-17 libboost-date-time1.67-dev_1.67.0-17 libboost-date-time1.67.0_1.67.0-17 libboost-dev_1.67.0.2+b1 libboost-filesystem1.67-dev_1.67.0-17 libboost-filesystem1.67.0_1.67.0-17 libboost-program-options-dev_1.67.0.2+b1 libboost-program-options1.67-dev_1.67.0-17 libboost-program-options1.67.0_1.67.0-17 libboost-serialization1.67-dev_1.67.0-17 libboost-serialization1.67.0_1.67.0-17 libboost-system-dev_1.67.0.2+b1 libboost-system1.67-dev_1.67.0-17 libboost-system1.67.0_1.67.0-17 libboost-thread-dev_1.67.0.2+b1 libboost-thread1.67-dev_1.67.0-17 libboost-thread1.67.0_1.67.0-17 libboost-wave-dev_1.67.0.2+b1 libboost-wave1.67-dev_1.67.0-17 libboost-wave1.67.0_1.67.0-17 libboost1.67-dev_1.67.0-17 libbrotli1_1.0.7-6 libbsd0_0.10.0-1 libbz2-1.0_1.0.8-2 libc-bin_2.29-10 libc-dev-bin_2.29-10 libc6_2.29-10 libc6-dev_2.29-10 libc6-i386_2.29-10 libcap-ng0_0.7.9-2.1+b1 libcc1-0_10-20200222-1 libclang-common-10-dev_1:10.0.0~+rc2-1 libclang-cpp10_1:10.0.0~+rc2-1 libclang1-10_1:10.0.0~+rc2-1 libcom-err2_1.45.5-2 libcroco3_0.6.13-1 libcrypt-dev_1:4.4.10-10 libcrypt1_1:4.4.10-10 libctf-nobfd0_2.34-3 libctf0_2.34-3 libcurl4_7.68.0-1 libdb5.3_5.3.28+dfsg1-0.6 libdebconfclient0_0.251 libdebhelper-perl_12.9 libdpkg-perl_1.19.7 libedit2_3.1-20191231-1 libelf1_0.176-1.1 libexpat1_2.2.9-1 libext2fs2_1.45.5-2 libfakeroot_1.24-1 libfdisk1_2.34-0.1 libffi7_3.3-3 libfile-stripnondeterminism-perl_1.6.3-2 libgc1c2_1:7.6.4-0.4 libgcc-9-dev_9.2.1-29 libgcc-s1_10-20200222-1 libgcc1_1:10-20200222-1 libgcrypt20_1.8.5-5 libgdbm-compat4_1.18.1-5 libgdbm6_1.18.1-5 libglib2.0-0_2.62.4-2 libgmp10_2:6.2.0+dfsg-4 libgnutls30_3.6.12-2 libgomp1_10-20200222-1 libgpg-error0_1.37-1 libgssapi-krb5-2_1.17-6 libhogweed5_3.5.1+really3.5.1-2 libicu63_63.2-2 libidn2-0_2.2.0-2 libisl22_0.22.1-1 libitm1_10-20200222-1 libjsoncpp1_1.7.4-3.1 libk5crypto3_1.17-6 libkeyutils1_1.6.1-2 libkrb5-3_1.17-6 libkrb5support0_1.17-6 libldap-2.4-2_2.4.49+dfsg-1 libldap-common_2.4.49+dfsg-1 libllvm10_1:10.0.0~+rc2-1 liblsan0_10-20200222-1 liblz4-1_1.9.2-2 liblzma5_5.2.4-1+b1 libmagic-mgc_1:5.38-4 libmagic1_1:5.38-4 libmount1_2.34-0.1 libmpc3_1.1.0-1 libmpfr6_4.0.2-1 libncurses6_6.1+20191019-1 libncursesw6_6.1+20191019-1 libnettle7_3.5.1+really3.5.1-2 libnghttp2-14_1.40.0-1 libobjc-9-dev_9.2.1-29 libobjc4_10-20200222-1 libomp-10-dev_1:10.0.0~+rc2-1 libomp5-10_1:10.0.0~+rc2-1 libp11-kit0_0.23.20-1 libpam-modules_1.3.1-5 libpam-modules-bin_1.3.1-5 libpam-runtime_1.3.1-5 libpam0g_1.3.1-5 libpcre2-8-0_10.34-7 libpcre3_2:8.39-12+b1 libperl5.30_5.30.0-9 libpipeline1_1.5.2-2 libprocps8_2:3.3.16-1+b1 libpsl5_0.20.2-2 libquadmath0_10-20200222-1 librhash0_1.3.9-1 librtmp1_2.4+20151223.gitfa8646d.1-2+b1 libsasl2-2_2.1.27+dfsg-2 libsasl2-modules-db_2.1.27+dfsg-2 libseccomp2_2.4.2-2 libselinux1_3.0-1+b1 libsemanage-common_3.0-1 libsemanage1_3.0-1+b1 libsepol1_3.0-1 libsigsegv2_2.12-2 libsmartcols1_2.34-0.1 libss2_1.45.5-2 libssh2-1_1.8.0-2.1 libssl1.1_1.1.1d-2 libstdc++-9-dev_9.2.1-29 libstdc++6_10-20200222-1 libsub-override-perl_0.09-2 libsystemd0_244.3-1 libtasn1-6_4.16.0-2 libtcl8.6_8.6.10+dfsg-1 libtinfo6_6.1+20191019-1 libtool_2.4.6-13 libtsan0_10-20200222-1 libubsan1_10-20200222-1 libuchardet0_0.0.6-3 libudev1_244.3-1 libunistring2_0.9.10-2 libuuid1_2.34-0.1 libuv1_1.34.2-1 libxml2_2.9.10+dfsg-3 libz3-4_4.8.7-4 libzstd1_1.4.4+dfsg-3 linux-libc-dev_5.4.19-1 login_1:4.8.1-1 logsave_1.45.5-2 lsb-base_11.1.0 m4_1.4.18-4 make_4.2.1-1.2 man-db_2.9.0-2 mawk_1.3.4.20200120-2 mount_2.34-0.1 ncurses-base_6.1+20191019-1 ncurses-bin_6.1+20191019-1 passwd_1:4.8.1-1 patch_2.7.6-6 perl_5.30.0-9 perl-base_5.30.0-9 perl-modules-5.30_5.30.0-9 po-debconf_1.0.21 procps_2:3.3.16-1+b1 sbuild-build-depends-main-dummy_0.invalid.0 sed_4.7-1 sensible-utils_0.0.12+nmu1 sysvinit-utils_2.96-2.1 tar_1.30+dfsg-6+b1 tcl_8.6.9+1+b1 tcl-dev_8.6.9+1+b1 tcl8.6_8.6.10+dfsg-1 tcl8.6-dev_8.6.10+dfsg-1 tzdata_2019c-3 util-linux_2.34-0.1 xz-utils_5.2.4-1+b1 zlib1g_1:1.2.11.dfsg-2 zlib1g-dev_1:1.2.11.dfsg-2

+------------------------------------------------------------------------------+
| Build                                                                        |
+------------------------------------------------------------------------------+


Unpack source
-------------

-----BEGIN PGP SIGNED MESSAGE-----
Hash: SHA1

Format: 3.0 (quilt)
Source: vera++
Binary: vera++
Architecture: any
Version: 1.2.1-2
Maintainer: Vincent Hobeïka <vincent.hobeika@gmail.com>
Homepage: https://bitbucket.org/verateam/vera/wiki/Home
Standards-Version: 3.9.5
Vcs-Browser: https://bitbucket.org/verateam/vera/src
Vcs-Git: https://bitbucket.org/verateam/vera.git
Build-Depends: debhelper (>= 9), libboost-dev (>= 1.42), tcl-dev (>= 8), libboost-wave-dev (>= 1.42), libboost-thread-dev (>= 1.42), libboost-system-dev (>= 1.42), libboost-program-options-dev (>= 1.42), cmake
Package-List: 
 vera++ deb devel extra
Checksums-Sha1: 
 0bf7d463dabe41c2069dbe2fa4f7fca192cb7d6e 72539 vera++_1.2.1.orig.tar.gz
 1fae3b17223e0b3515216341441fe8270f9deff6 16968 vera++_1.2.1-2.debian.tar.xz
Checksums-Sha256: 
 99b123c8f6d0f4fe9ee90397c461179066a36ed0d598d95e015baf2d3b56956b 72539 vera++_1.2.1.orig.tar.gz
 51cf4bd4b611da2fa74fb58fe0aee180563aaba6362113baaf92573e83ee43b4 16968 vera++_1.2.1-2.debian.tar.xz
Files: 
 a23de16b826da0aeef7f365ba631ea8e 72539 vera++_1.2.1.orig.tar.gz
 d553fba614fdb731d1e3d6de921db4ed 16968 vera++_1.2.1-2.debian.tar.xz

-----BEGIN PGP SIGNATURE-----
Version: GnuPG v1

iEYEARECAAYFAlLxU1YACgkQ02K2KlS5mJC+LACffeV5V3TAO6xghezB3HA2bNM+
rfoAn3iIeObv1AfFWdRsdE7FPcezxqTi
=3BSW
-----END PGP SIGNATURE-----

gpgv: unknown type of key resource 'trustedkeys.kbx'
gpgv: keyblock resource '/sbuild-nonexistent/.gnupg/trustedkeys.kbx': General error
gpgv: Signature made Tue Feb  4 20:53:42 2014 UTC
gpgv:                using DSA key D362B62A54B99890
gpgv: Can't check signature: No public key
dpkg-source: warning: failed to verify signature on ./vera++_1.2.1-2.dsc
dpkg-source: info: extracting vera++ in /<<PKGBUILDDIR>>
dpkg-source: info: unpacking vera++_1.2.1.orig.tar.gz
dpkg-source: info: unpacking vera++_1.2.1-2.debian.tar.xz
dpkg-source: info: using patch list from debian/patches/series
dpkg-source: info: applying full_profile

Check disk space
----------------

Sufficient free space for build

User Environment
----------------

APT_CONFIG=/var/lib/sbuild/apt.conf
HOME=/sbuild-nonexistent
LANG=C.UTF-8
LC_ALL=C.UTF-8
LOGNAME=user42
PATH=/usr/local/sbin:/usr/local/bin:/usr/sbin:/usr/bin:/sbin:/bin:/usr/games
SCHROOT_ALIAS_NAME=unstable
SCHROOT_CHROOT_NAME=sid-amd64-sbuild
SCHROOT_COMMAND=env
SCHROOT_GID=1001
SCHROOT_GROUP=user42
SCHROOT_SESSION_ID=sid-amd64-sbuild-d58d343c-6fb4-48ee-980f-c421d5d9aaef
SCHROOT_UID=1001
SCHROOT_USER=user42
SHELL=/bin/sh
USER=user42

dpkg-buildpackage
-----------------

Command: dpkg-buildpackage -us -uc -b -rfakeroot
dpkg-buildpackage: info: source package vera++
dpkg-buildpackage: info: source version 1.2.1-2
dpkg-buildpackage: info: source distribution unstable
dpkg-buildpackage: info: source changed by Vincent Hobeïka <vincent.hobeika@gmail.com>
 dpkg-source --before-build .
dpkg-buildpackage: info: host architecture amd64
 fakeroot debian/rules clean
dh clean --buildsystem=cmake
   dh_auto_clean -O--buildsystem=cmake
   dh_clean -O--buildsystem=cmake
 debian/rules build
dh build --buildsystem=cmake
   dh_update_autotools_config -O--buildsystem=cmake
   dh_auto_configure -O--buildsystem=cmake
	cd obj-x86_64-linux-gnu && cmake -DCMAKE_INSTALL_PREFIX=/usr -DCMAKE_BUILD_TYPE=None -DCMAKE_INSTALL_SYSCONFDIR=/etc -DCMAKE_INSTALL_LOCALSTATEDIR=/var -DCMAKE_EXPORT_NO_PACKAGE_REGISTRY=ON -DCMAKE_FIND_PACKAGE_NO_PACKAGE_REGISTRY=ON "-GUnix Makefiles" -DCMAKE_VERBOSE_MAKEFILE=ON -DCMAKE_INSTALL_LIBDIR=lib/x86_64-linux-gnu ..
-- The C compiler identification is Clang 10.0.0
-- The CXX compiler identification is Clang 10.0.0
-- Check for working C compiler: /usr/bin/cc
-- Check for working C compiler: /usr/bin/cc -- works
-- Detecting C compiler ABI info
-- Detecting C compiler ABI info - done
-- Detecting C compile features
-- Detecting C compile features - done
-- Check for working CXX compiler: /usr/bin/c++
-- Check for working CXX compiler: /usr/bin/c++ -- works
-- Detecting CXX compiler ABI info
-- Detecting CXX compiler ABI info - done
-- Detecting CXX compile features
-- Detecting CXX compile features - done
-- Found Tclsh: /usr/bin/tclsh (found version "8.6") 
-- Found TCL: /usr/lib/x86_64-linux-gnu/libtcl.so  
-- Could NOT find TCLTK (missing: TK_LIBRARY TK_INCLUDE_PATH) 
-- Could NOT find TK (missing: TK_LIBRARY TK_INCLUDE_PATH) 
-- Looking for pthread.h
-- Looking for pthread.h - found
-- Performing Test CMAKE_HAVE_LIBC_PTHREAD
-- Performing Test CMAKE_HAVE_LIBC_PTHREAD - Failed
-- Looking for pthread_create in pthreads
-- Looking for pthread_create in pthreads - not found
-- Looking for pthread_create in pthread
-- Looking for pthread_create in pthread - found
-- Found Threads: TRUE  
-- Found Boost: /usr/include (found version "1.67.0") found components: program_options system wave filesystem serialization thread chrono date_time atomic 
CMake Warning at doc/CMakeLists.txt:4 (message):
  The documentation won't be built because pandoc was not found.


-- Configuring done
-- Generating done
CMake Warning:
  Manually-specified variables were not used by the project:

    CMAKE_EXPORT_NO_PACKAGE_REGISTRY
    CMAKE_INSTALL_LIBDIR
    CMAKE_INSTALL_LOCALSTATEDIR
    CMAKE_INSTALL_SYSCONFDIR


-- Build files have been written to: /<<PKGBUILDDIR>>/obj-x86_64-linux-gnu
   dh_auto_build -O--buildsystem=cmake
	cd obj-x86_64-linux-gnu && make -j1
make[1]: Entering directory '/<<PKGBUILDDIR>>/obj-x86_64-linux-gnu'
/usr/bin/cmake -S/<<PKGBUILDDIR>> -B/<<PKGBUILDDIR>>/obj-x86_64-linux-gnu --check-build-system CMakeFiles/Makefile.cmake 0
/usr/bin/cmake -E cmake_progress_start /<<PKGBUILDDIR>>/obj-x86_64-linux-gnu/CMakeFiles /<<PKGBUILDDIR>>/obj-x86_64-linux-gnu/CMakeFiles/progress.marks
make -f CMakeFiles/Makefile2 all
make[2]: Entering directory '/<<PKGBUILDDIR>>/obj-x86_64-linux-gnu'
make -f src/CMakeFiles/vera.dir/build.make src/CMakeFiles/vera.dir/depend
make[3]: Entering directory '/<<PKGBUILDDIR>>/obj-x86_64-linux-gnu'
cd /<<PKGBUILDDIR>>/obj-x86_64-linux-gnu && /usr/bin/cmake -E cmake_depends "Unix Makefiles" /<<PKGBUILDDIR>> /<<PKGBUILDDIR>>/src /<<PKGBUILDDIR>>/obj-x86_64-linux-gnu /<<PKGBUILDDIR>>/obj-x86_64-linux-gnu/src /<<PKGBUILDDIR>>/obj-x86_64-linux-gnu/src/CMakeFiles/vera.dir/DependInfo.cmake --color=
Scanning dependencies of target vera
make[3]: Leaving directory '/<<PKGBUILDDIR>>/obj-x86_64-linux-gnu'
make -f src/CMakeFiles/vera.dir/build.make src/CMakeFiles/vera.dir/build
make[3]: Entering directory '/<<PKGBUILDDIR>>/obj-x86_64-linux-gnu'
[  4%] Building CXX object src/CMakeFiles/vera.dir/boost_main.cpp.o
cd /<<PKGBUILDDIR>>/obj-x86_64-linux-gnu/src && /usr/bin/c++   -I/<<PKGBUILDDIR>>/obj-x86_64-linux-gnu/src -isystem /usr/include/tcl  -g -O2 -fdebug-prefix-map=/<<PKGBUILDDIR>>=. -fstack-protector-strong -Wformat -Werror=format-security -Wdate-time -D_FORTIFY_SOURCE=2   -o CMakeFiles/vera.dir/boost_main.cpp.o -c /<<PKGBUILDDIR>>/src/boost_main.cpp
[  9%] Building CXX object src/CMakeFiles/vera.dir/legacy_main.cpp.o
cd /<<PKGBUILDDIR>>/obj-x86_64-linux-gnu/src && /usr/bin/c++   -I/<<PKGBUILDDIR>>/obj-x86_64-linux-gnu/src -isystem /usr/include/tcl  -g -O2 -fdebug-prefix-map=/<<PKGBUILDDIR>>=. -fstack-protector-strong -Wformat -Werror=format-security -Wdate-time -D_FORTIFY_SOURCE=2   -o CMakeFiles/vera.dir/legacy_main.cpp.o -c /<<PKGBUILDDIR>>/src/legacy_main.cpp
[ 14%] Building CXX object src/CMakeFiles/vera.dir/main.cpp.o
cd /<<PKGBUILDDIR>>/obj-x86_64-linux-gnu/src && /usr/bin/c++   -I/<<PKGBUILDDIR>>/obj-x86_64-linux-gnu/src -isystem /usr/include/tcl  -g -O2 -fdebug-prefix-map=/<<PKGBUILDDIR>>=. -fstack-protector-strong -Wformat -Werror=format-security -Wdate-time -D_FORTIFY_SOURCE=2   -o CMakeFiles/vera.dir/main.cpp.o -c /<<PKGBUILDDIR>>/src/main.cpp
[ 19%] Building CXX object src/CMakeFiles/vera.dir/plugins/Exclusions.cpp.o
cd /<<PKGBUILDDIR>>/obj-x86_64-linux-gnu/src && /usr/bin/c++   -I/<<PKGBUILDDIR>>/obj-x86_64-linux-gnu/src -isystem /usr/include/tcl  -g -O2 -fdebug-prefix-map=/<<PKGBUILDDIR>>=. -fstack-protector-strong -Wformat -Werror=format-security -Wdate-time -D_FORTIFY_SOURCE=2   -o CMakeFiles/vera.dir/plugins/Exclusions.cpp.o -c /<<PKGBUILDDIR>>/src/plugins/Exclusions.cpp
[ 23%] Building CXX object src/CMakeFiles/vera.dir/plugins/Interpreter.cpp.o
cd /<<PKGBUILDDIR>>/obj-x86_64-linux-gnu/src && /usr/bin/c++   -I/<<PKGBUILDDIR>>/obj-x86_64-linux-gnu/src -isystem /usr/include/tcl  -g -O2 -fdebug-prefix-map=/<<PKGBUILDDIR>>=. -fstack-protector-strong -Wformat -Werror=format-security -Wdate-time -D_FORTIFY_SOURCE=2   -o CMakeFiles/vera.dir/plugins/Interpreter.cpp.o -c /<<PKGBUILDDIR>>/src/plugins/Interpreter.cpp
[ 28%] Building CXX object src/CMakeFiles/vera.dir/plugins/Parameters.cpp.o
cd /<<PKGBUILDDIR>>/obj-x86_64-linux-gnu/src && /usr/bin/c++   -I/<<PKGBUILDDIR>>/obj-x86_64-linux-gnu/src -isystem /usr/include/tcl  -g -O2 -fdebug-prefix-map=/<<PKGBUILDDIR>>=. -fstack-protector-strong -Wformat -Werror=format-security -Wdate-time -D_FORTIFY_SOURCE=2   -o CMakeFiles/vera.dir/plugins/Parameters.cpp.o -c /<<PKGBUILDDIR>>/src/plugins/Parameters.cpp
[ 33%] Building CXX object src/CMakeFiles/vera.dir/plugins/Profiles.cpp.o
cd /<<PKGBUILDDIR>>/obj-x86_64-linux-gnu/src && /usr/bin/c++   -I/<<PKGBUILDDIR>>/obj-x86_64-linux-gnu/src -isystem /usr/include/tcl  -g -O2 -fdebug-prefix-map=/<<PKGBUILDDIR>>=. -fstack-protector-strong -Wformat -Werror=format-security -Wdate-time -D_FORTIFY_SOURCE=2   -o CMakeFiles/vera.dir/plugins/Profiles.cpp.o -c /<<PKGBUILDDIR>>/src/plugins/Profiles.cpp
[ 38%] Building CXX object src/CMakeFiles/vera.dir/plugins/Reports.cpp.o
cd /<<PKGBUILDDIR>>/obj-x86_64-linux-gnu/src && /usr/bin/c++   -I/<<PKGBUILDDIR>>/obj-x86_64-linux-gnu/src -isystem /usr/include/tcl  -g -O2 -fdebug-prefix-map=/<<PKGBUILDDIR>>=. -fstack-protector-strong -Wformat -Werror=format-security -Wdate-time -D_FORTIFY_SOURCE=2   -o CMakeFiles/vera.dir/plugins/Reports.cpp.o -c /<<PKGBUILDDIR>>/src/plugins/Reports.cpp
[ 42%] Building CXX object src/CMakeFiles/vera.dir/plugins/RootDirectory.cpp.o
cd /<<PKGBUILDDIR>>/obj-x86_64-linux-gnu/src && /usr/bin/c++   -I/<<PKGBUILDDIR>>/obj-x86_64-linux-gnu/src -isystem /usr/include/tcl  -g -O2 -fdebug-prefix-map=/<<PKGBUILDDIR>>=. -fstack-protector-strong -Wformat -Werror=format-security -Wdate-time -D_FORTIFY_SOURCE=2   -o CMakeFiles/vera.dir/plugins/RootDirectory.cpp.o -c /<<PKGBUILDDIR>>/src/plugins/RootDirectory.cpp
[ 47%] Building CXX object src/CMakeFiles/vera.dir/plugins/Rules.cpp.o
cd /<<PKGBUILDDIR>>/obj-x86_64-linux-gnu/src && /usr/bin/c++   -I/<<PKGBUILDDIR>>/obj-x86_64-linux-gnu/src -isystem /usr/include/tcl  -g -O2 -fdebug-prefix-map=/<<PKGBUILDDIR>>=. -fstack-protector-strong -Wformat -Werror=format-security -Wdate-time -D_FORTIFY_SOURCE=2   -o CMakeFiles/vera.dir/plugins/Rules.cpp.o -c /<<PKGBUILDDIR>>/src/plugins/Rules.cpp
[ 52%] Building CXX object src/CMakeFiles/vera.dir/plugins/Transformations.cpp.o
cd /<<PKGBUILDDIR>>/obj-x86_64-linux-gnu/src && /usr/bin/c++   -I/<<PKGBUILDDIR>>/obj-x86_64-linux-gnu/src -isystem /usr/include/tcl  -g -O2 -fdebug-prefix-map=/<<PKGBUILDDIR>>=. -fstack-protector-strong -Wformat -Werror=format-security -Wdate-time -D_FORTIFY_SOURCE=2   -o CMakeFiles/vera.dir/plugins/Transformations.cpp.o -c /<<PKGBUILDDIR>>/src/plugins/Transformations.cpp
[ 57%] Building CXX object src/CMakeFiles/vera.dir/plugins/cpptcl-1.1.4/cpptcl.cpp.o
cd /<<PKGBUILDDIR>>/obj-x86_64-linux-gnu/src && /usr/bin/c++   -I/<<PKGBUILDDIR>>/obj-x86_64-linux-gnu/src -isystem /usr/include/tcl  -g -O2 -fdebug-prefix-map=/<<PKGBUILDDIR>>=. -fstack-protector-strong -Wformat -Werror=format-security -Wdate-time -D_FORTIFY_SOURCE=2   -o CMakeFiles/vera.dir/plugins/cpptcl-1.1.4/cpptcl.cpp.o -c /<<PKGBUILDDIR>>/src/plugins/cpptcl-1.1.4/cpptcl.cpp
[ 61%] Building CXX object src/CMakeFiles/vera.dir/structures/SourceFiles.cpp.o
cd /<<PKGBUILDDIR>>/obj-x86_64-linux-gnu/src && /usr/bin/c++   -I/<<PKGBUILDDIR>>/obj-x86_64-linux-gnu/src -isystem /usr/include/tcl  -g -O2 -fdebug-prefix-map=/<<PKGBUILDDIR>>=. -fstack-protector-strong -Wformat -Werror=format-security -Wdate-time -D_FORTIFY_SOURCE=2   -o CMakeFiles/vera.dir/structures/SourceFiles.cpp.o -c /<<PKGBUILDDIR>>/src/structures/SourceFiles.cpp
[ 66%] Building CXX object src/CMakeFiles/vera.dir/structures/SourceLines.cpp.o
cd /<<PKGBUILDDIR>>/obj-x86_64-linux-gnu/src && /usr/bin/c++   -I/<<PKGBUILDDIR>>/obj-x86_64-linux-gnu/src -isystem /usr/include/tcl  -g -O2 -fdebug-prefix-map=/<<PKGBUILDDIR>>=. -fstack-protector-strong -Wformat -Werror=format-security -Wdate-time -D_FORTIFY_SOURCE=2   -o CMakeFiles/vera.dir/structures/SourceLines.cpp.o -c /<<PKGBUILDDIR>>/src/structures/SourceLines.cpp
[ 71%] Building CXX object src/CMakeFiles/vera.dir/structures/Tokens.cpp.o
cd /<<PKGBUILDDIR>>/obj-x86_64-linux-gnu/src && /usr/bin/c++   -I/<<PKGBUILDDIR>>/obj-x86_64-linux-gnu/src -isystem /usr/include/tcl  -g -O2 -fdebug-prefix-map=/<<PKGBUILDDIR>>=. -fstack-protector-strong -Wformat -Werror=format-security -Wdate-time -D_FORTIFY_SOURCE=2   -o CMakeFiles/vera.dir/structures/Tokens.cpp.o -c /<<PKGBUILDDIR>>/src/structures/Tokens.cpp
In file included from /<<PKGBUILDDIR>>/src/structures/Tokens.cpp:10:
In file included from /usr/include/boost/wave.hpp:21:
In file included from /usr/include/boost/wave/cpp_context.hpp:38:
In file included from /usr/include/boost/wave/util/cpp_macromap.hpp:43:
/usr/include/boost/wave/util/cpp_macromap_predef.hpp:195:31: warning: expansion of date or time macro is not reproducible [-Wdate-time]
          : compilation_time_(__DATE__ " " __TIME__)
                              ^
/usr/include/boost/wave/util/cpp_macromap_predef.hpp:195:44: warning: expansion of date or time macro is not reproducible [-Wdate-time]
          : compilation_time_(__DATE__ " " __TIME__)
                                           ^
2 warnings generated.
[ 76%] Linking CXX executable vera++
cd /<<PKGBUILDDIR>>/obj-x86_64-linux-gnu/src && /usr/bin/cmake -E cmake_link_script CMakeFiles/vera.dir/link.txt --verbose=1
/usr/bin/c++  -g -O2 -fdebug-prefix-map=/<<PKGBUILDDIR>>=. -fstack-protector-strong -Wformat -Werror=format-security -Wdate-time -D_FORTIFY_SOURCE=2  -Wl,-z,relro -Wl,-z,now -rdynamic CMakeFiles/vera.dir/boost_main.cpp.o CMakeFiles/vera.dir/legacy_main.cpp.o CMakeFiles/vera.dir/main.cpp.o CMakeFiles/vera.dir/plugins/Exclusions.cpp.o CMakeFiles/vera.dir/plugins/Interpreter.cpp.o CMakeFiles/vera.dir/plugins/Parameters.cpp.o CMakeFiles/vera.dir/plugins/Profiles.cpp.o CMakeFiles/vera.dir/plugins/Reports.cpp.o CMakeFiles/vera.dir/plugins/RootDirectory.cpp.o CMakeFiles/vera.dir/plugins/Rules.cpp.o CMakeFiles/vera.dir/plugins/Transformations.cpp.o CMakeFiles/vera.dir/plugins/cpptcl-1.1.4/cpptcl.cpp.o CMakeFiles/vera.dir/structures/SourceFiles.cpp.o CMakeFiles/vera.dir/structures/SourceLines.cpp.o CMakeFiles/vera.dir/structures/Tokens.cpp.o  -o vera++  -ltcl -lboost_program_options -lboost_system -lboost_wave -lboost_filesystem -lboost_serialization -lboost_thread -lpthread -lboost_chrono -lboost_date_time -lboost_atomic 
make[3]: Leaving directory '/<<PKGBUILDDIR>>/obj-x86_64-linux-gnu'
[ 76%] Built target vera
make -f src/CMakeFiles/style_reports.dir/build.make src/CMakeFiles/style_reports.dir/depend
make[3]: Entering directory '/<<PKGBUILDDIR>>/obj-x86_64-linux-gnu'
cd /<<PKGBUILDDIR>>/obj-x86_64-linux-gnu && /usr/bin/cmake -E cmake_depends "Unix Makefiles" /<<PKGBUILDDIR>> /<<PKGBUILDDIR>>/src /<<PKGBUILDDIR>>/obj-x86_64-linux-gnu /<<PKGBUILDDIR>>/obj-x86_64-linux-gnu/src /<<PKGBUILDDIR>>/obj-x86_64-linux-gnu/src/CMakeFiles/style_reports.dir/DependInfo.cmake --color=
Scanning dependencies of target style_reports
make[3]: Leaving directory '/<<PKGBUILDDIR>>/obj-x86_64-linux-gnu'
make -f src/CMakeFiles/style_reports.dir/build.make src/CMakeFiles/style_reports.dir/build
make[3]: Entering directory '/<<PKGBUILDDIR>>/obj-x86_64-linux-gnu'
[ 80%] Checking style with vera++ in src
cd /<<PKGBUILDDIR>>/obj-x86_64-linux-gnu/src && ./vera++ --root /<<PKGBUILDDIR>> --profile default --std-report=- --show-rule --warning --xml-report=/<<PKGBUILDDIR>>/obj-x86_64-linux-gnu/src/vera_report_0.xml /<<PKGBUILDDIR>>/src/boost_main.cpp /<<PKGBUILDDIR>>/src/legacy_main.cpp /<<PKGBUILDDIR>>/src/main.cpp
[ 85%] Checking style with vera++ in src/plugins
cd /<<PKGBUILDDIR>>/obj-x86_64-linux-gnu/src && ./vera++ --root /<<PKGBUILDDIR>> --profile default --std-report=- --show-rule --warning --xml-report=/<<PKGBUILDDIR>>/obj-x86_64-linux-gnu/src/vera_report_1.xml /<<PKGBUILDDIR>>/src/plugins/CurrentRule.h /<<PKGBUILDDIR>>/src/plugins/Exclusions.cpp /<<PKGBUILDDIR>>/src/plugins/Exclusions.h /<<PKGBUILDDIR>>/src/plugins/Interpreter.cpp /<<PKGBUILDDIR>>/src/plugins/Interpreter.h /<<PKGBUILDDIR>>/src/plugins/Parameters.cpp /<<PKGBUILDDIR>>/src/plugins/Parameters.h /<<PKGBUILDDIR>>/src/plugins/Profiles.cpp /<<PKGBUILDDIR>>/src/plugins/Profiles.h /<<PKGBUILDDIR>>/src/plugins/Reports.cpp /<<PKGBUILDDIR>>/src/plugins/Reports.h /<<PKGBUILDDIR>>/src/plugins/RootDirectory.cpp /<<PKGBUILDDIR>>/src/plugins/RootDirectory.h /<<PKGBUILDDIR>>/src/plugins/Rules.cpp /<<PKGBUILDDIR>>/src/plugins/Rules.h /<<PKGBUILDDIR>>/src/plugins/Transformations.cpp /<<PKGBUILDDIR>>/src/plugins/Transformations.h
[ 90%] Checking style with vera++ in src/plugins/cpptcl-1.1.4
cd /<<PKGBUILDDIR>>/obj-x86_64-linux-gnu/src && ./vera++ --root /<<PKGBUILDDIR>> --profile default --std-report=- --show-rule --warning --xml-report=/<<PKGBUILDDIR>>/obj-x86_64-linux-gnu/src/vera_report_2.xml /<<PKGBUILDDIR>>/src/plugins/cpptcl-1.1.4/cpptcl.cpp /<<PKGBUILDDIR>>/src/plugins/cpptcl-1.1.4/cpptcl.h
[ 95%] Checking style with vera++ in src/plugins/cpptcl-1.1.4/details
cd /<<PKGBUILDDIR>>/obj-x86_64-linux-gnu/src && ./vera++ --root /<<PKGBUILDDIR>> --profile default --std-report=- --show-rule --warning --xml-report=/<<PKGBUILDDIR>>/obj-x86_64-linux-gnu/src/vera_report_3.xml /<<PKGBUILDDIR>>/src/plugins/cpptcl-1.1.4/details/callbacks.h /<<PKGBUILDDIR>>/src/plugins/cpptcl-1.1.4/details/callbacks_v.h /<<PKGBUILDDIR>>/src/plugins/cpptcl-1.1.4/details/constructors.h /<<PKGBUILDDIR>>/src/plugins/cpptcl-1.1.4/details/conversions.h /<<PKGBUILDDIR>>/src/plugins/cpptcl-1.1.4/details/dispatchers.h /<<PKGBUILDDIR>>/src/plugins/cpptcl-1.1.4/details/metahelpers.h /<<PKGBUILDDIR>>/src/plugins/cpptcl-1.1.4/details/methods.h /<<PKGBUILDDIR>>/src/plugins/cpptcl-1.1.4/details/methods_v.h
[100%] Checking style with vera++ in src/structures
cd /<<PKGBUILDDIR>>/obj-x86_64-linux-gnu/src && ./vera++ --root /<<PKGBUILDDIR>> --profile default --std-report=- --show-rule --warning --xml-report=/<<PKGBUILDDIR>>/obj-x86_64-linux-gnu/src/vera_report_4.xml /<<PKGBUILDDIR>>/src/structures/SourceFiles.cpp /<<PKGBUILDDIR>>/src/structures/SourceFiles.h /<<PKGBUILDDIR>>/src/structures/SourceLines.cpp /<<PKGBUILDDIR>>/src/structures/SourceLines.h /<<PKGBUILDDIR>>/src/structures/Tokens.cpp /<<PKGBUILDDIR>>/src/structures/Tokens.h
make[3]: Leaving directory '/<<PKGBUILDDIR>>/obj-x86_64-linux-gnu'
[100%] Built target style_reports
make[2]: Leaving directory '/<<PKGBUILDDIR>>/obj-x86_64-linux-gnu'
/usr/bin/cmake -E cmake_progress_start /<<PKGBUILDDIR>>/obj-x86_64-linux-gnu/CMakeFiles 0
make[1]: Leaving directory '/<<PKGBUILDDIR>>/obj-x86_64-linux-gnu'
   dh_auto_test -O--buildsystem=cmake
	cd obj-x86_64-linux-gnu && make -j1 test ARGS\+=-j1
make[1]: Entering directory '/<<PKGBUILDDIR>>/obj-x86_64-linux-gnu'
Running tests...
/usr/bin/ctest --force-new-ctest-process -j1
Test project /<<PKGBUILDDIR>>/obj-x86_64-linux-gnu
      Start  1: VeraStyle
 1/69 Test  #1: VeraStyle ........................   Passed    0.56 sec
      Start  2: NoRoot
 2/69 Test  #2: NoRoot ...........................   Passed    0.01 sec
      Start  3: VeraRootEnvironment
 3/69 Test  #3: VeraRootEnvironment ..............   Passed    0.03 sec
      Start  4: VeraRootCurrentDirectory
 4/69 Test  #4: VeraRootCurrentDirectory .........   Passed    0.03 sec
      Start  5: VeraLegacy
 5/69 Test  #5: VeraLegacy .......................   Passed    0.03 sec
      Start  6: StdInNoArgs
 6/69 Test  #6: StdInNoArgs ......................   Passed    0.03 sec
      Start  7: InputsDash
 7/69 Test  #7: InputsDash .......................   Passed    0.03 sec
      Start  8: InputsFile
 8/69 Test  #8: InputsFile .......................   Passed    0.03 sec
      Start  9: ShortInputs
 9/69 Test  #9: ShortInputs ......................   Passed    0.03 sec
      Start 10: StdInDash
10/69 Test #10: StdInDash ........................   Passed    0.03 sec
      Start 11: StandardReport
11/69 Test #11: StandardReport ...................   Passed    0.03 sec
      Start 12: ShortStandardReport
12/69 Test #12: ShortStandardReport ..............   Passed    0.03 sec
      Start 13: VCReport
13/69 Test #13: VCReport .........................   Passed    0.03 sec
      Start 14: ShortVCReport
14/69 Test #14: ShortVCReport ....................   Passed    0.03 sec
      Start 15: XMLReport
15/69 Test #15: XMLReport ........................   Passed    0.03 sec
      Start 16: ShortXMLReport
16/69 Test #16: ShortXMLReport ...................   Passed    0.03 sec
      Start 17: CheckStyleReport
17/69 Test #17: CheckStyleReport .................   Passed    0.03 sec
      Start 18: ShortCheckStyleReport
18/69 Test #18: ShortCheckStyleReport ............   Passed    0.04 sec
      Start 19: ShowRule
19/69 Test #19: ShowRule .........................   Passed    0.04 sec
      Start 20: ShortShowRule
20/69 Test #20: ShortShowRule ....................   Passed    0.03 sec
      Start 21: Warning
21/69 Test #21: Warning ..........................   Passed    0.04 sec
      Start 22: ShortWarning
22/69 Test #22: ShortWarning .....................   Passed    0.03 sec
      Start 23: WarningShowRule
23/69 Test #23: WarningShowRule ..................   Passed    0.04 sec
      Start 24: Error
24/69 Test #24: Error ............................   Passed    0.03 sec
      Start 25: ErrorShowRule
25/69 Test #25: ErrorShowRule ....................   Passed    0.03 sec
      Start 26: Quiet
26/69 Test #26: Quiet ............................   Passed    0.03 sec
      Start 27: ShortQuiet
27/69 Test #27: ShortQuiet .......................   Passed    0.03 sec
      Start 28: Summary
28/69 Test #28: Summary ..........................   Passed    0.03 sec
      Start 29: ShortSummary
29/69 Test #29: ShortSummary .....................   Passed    0.03 sec
      Start 30: Version
30/69 Test #30: Version ..........................   Passed    0.01 sec
      Start 31: VersionLegacy
31/69 Test #31: VersionLegacy ....................   Passed    0.01 sec
      Start 32: AggregatedShortOptions
32/69 Test #32: AggregatedShortOptions ...........   Passed    0.03 sec
      Start 33: NoDuplicate
33/69 Test #33: NoDuplicate ......................   Passed    0.02 sec
      Start 34: ShortNoDuplicate
34/69 Test #34: ShortNoDuplicate .................   Passed    0.02 sec
      Start 35: Parameter
35/69 Test #35: Parameter ........................   Passed    0.01 sec
      Start 36: ShortParameter
36/69 Test #36: ShortParameter ...................   Passed    0.01 sec
      Start 37: Parameters
37/69 Test #37: Parameters .......................   Passed    0.01 sec
      Start 38: Profile
38/69 Test #38: Profile ..........................   Passed    0.03 sec
      Start 39: ShortProfile
39/69 Test #39: ShortProfile .....................   Passed    0.03 sec
      Start 40: Help
40/69 Test #40: Help .............................   Passed    0.00 sec
      Start 41: ShortHelp
41/69 Test #41: ShortHelp ........................   Passed    0.00 sec
      Start 42: RuleF001
42/69 Test #42: RuleF001 .........................   Passed    0.02 sec
      Start 43: RuleL001
43/69 Test #43: RuleL001 .........................   Passed    0.01 sec
      Start 44: RuleL002
44/69 Test #44: RuleL002 .........................   Passed    0.01 sec
      Start 45: RuleL003
45/69 Test #45: RuleL003 .........................   Passed    0.01 sec
      Start 46: RuleL004
46/69 Test #46: RuleL004 .........................   Passed    0.01 sec
      Start 47: RuleL005
47/69 Test #47: RuleL005 .........................   Passed    0.02 sec
      Start 48: RuleL006
48/69 Test #48: RuleL006 .........................   Passed    0.02 sec
      Start 49: RuleT001
49/69 Test #49: RuleT001 .........................   Passed    0.02 sec
      Start 50: RuleT002
50/69 Test #50: RuleT002 .........................   Passed    0.02 sec
      Start 51: RuleT003
51/69 Test #51: RuleT003 .........................   Passed    0.02 sec
      Start 52: RuleT004
52/69 Test #52: RuleT004 .........................   Passed    0.02 sec
      Start 53: RuleT005
53/69 Test #53: RuleT005 .........................   Passed    0.01 sec
      Start 54: RuleT006
54/69 Test #54: RuleT006 .........................   Passed    0.02 sec
      Start 55: RuleT007
55/69 Test #55: RuleT007 .........................   Passed    0.02 sec
      Start 56: RuleT008
56/69 Test #56: RuleT008 .........................   Passed    0.02 sec
      Start 57: RuleT009
57/69 Test #57: RuleT009 .........................   Passed    0.02 sec
      Start 58: RuleT010
58/69 Test #58: RuleT010 .........................   Passed    0.01 sec
      Start 59: RuleT011
59/69 Test #59: RuleT011 .........................   Passed    0.01 sec
      Start 60: RuleT012
60/69 Test #60: RuleT012 .........................   Passed    0.02 sec
      Start 61: RuleT013
61/69 Test #61: RuleT013 .........................   Passed    0.02 sec
      Start 62: RuleT014
62/69 Test #62: RuleT014 .........................   Passed    0.01 sec
      Start 63: RuleT015
63/69 Test #63: RuleT015 .........................   Passed    0.01 sec
      Start 64: RuleT016
64/69 Test #64: RuleT016 .........................   Passed    0.02 sec
      Start 65: RuleT017
65/69 Test #65: RuleT017 .........................   Passed    0.01 sec
      Start 66: RuleT018
66/69 Test #66: RuleT018 .........................   Passed    0.02 sec
      Start 67: RuleT019
67/69 Test #67: RuleT019 .........................   Passed    0.02 sec
      Start 68: RuleDUMP
68/69 Test #68: RuleDUMP .........................   Passed    0.01 sec
      Start 69: ErrorReport
69/69 Test #69: ErrorReport ......................   Passed    0.01 sec

100% tests passed, 0 tests failed out of 69

Total Test time (real) =   2.04 sec
make[1]: Leaving directory '/<<PKGBUILDDIR>>/obj-x86_64-linux-gnu'
 fakeroot debian/rules binary
dh binary --buildsystem=cmake
   dh_testroot -O--buildsystem=cmake
   dh_prep -O--buildsystem=cmake
   dh_installdirs -O--buildsystem=cmake
   dh_auto_install -O--buildsystem=cmake
	cd obj-x86_64-linux-gnu && make -j1 install DESTDIR=/build/vera\+\+-pYNJGJ/vera\+\+-1.2.1/debian/vera\+\+ AM_UPDATE_INFO_DIR=no
make[1]: Entering directory '/<<PKGBUILDDIR>>/obj-x86_64-linux-gnu'
/usr/bin/cmake -S/<<PKGBUILDDIR>> -B/<<PKGBUILDDIR>>/obj-x86_64-linux-gnu --check-build-system CMakeFiles/Makefile.cmake 0
/usr/bin/cmake -E cmake_progress_start /<<PKGBUILDDIR>>/obj-x86_64-linux-gnu/CMakeFiles /<<PKGBUILDDIR>>/obj-x86_64-linux-gnu/CMakeFiles/progress.marks
make -f CMakeFiles/Makefile2 all
make[2]: Entering directory '/<<PKGBUILDDIR>>/obj-x86_64-linux-gnu'
make -f src/CMakeFiles/vera.dir/build.make src/CMakeFiles/vera.dir/depend
make[3]: Entering directory '/<<PKGBUILDDIR>>/obj-x86_64-linux-gnu'
cd /<<PKGBUILDDIR>>/obj-x86_64-linux-gnu && /usr/bin/cmake -E cmake_depends "Unix Makefiles" /<<PKGBUILDDIR>> /<<PKGBUILDDIR>>/src /<<PKGBUILDDIR>>/obj-x86_64-linux-gnu /<<PKGBUILDDIR>>/obj-x86_64-linux-gnu/src /<<PKGBUILDDIR>>/obj-x86_64-linux-gnu/src/CMakeFiles/vera.dir/DependInfo.cmake --color=
make[3]: Leaving directory '/<<PKGBUILDDIR>>/obj-x86_64-linux-gnu'
make -f src/CMakeFiles/vera.dir/build.make src/CMakeFiles/vera.dir/build
make[3]: Entering directory '/<<PKGBUILDDIR>>/obj-x86_64-linux-gnu'
make[3]: Nothing to be done for 'src/CMakeFiles/vera.dir/build'.
make[3]: Leaving directory '/<<PKGBUILDDIR>>/obj-x86_64-linux-gnu'
[ 76%] Built target vera
make -f src/CMakeFiles/style_reports.dir/build.make src/CMakeFiles/style_reports.dir/depend
make[3]: Entering directory '/<<PKGBUILDDIR>>/obj-x86_64-linux-gnu'
cd /<<PKGBUILDDIR>>/obj-x86_64-linux-gnu && /usr/bin/cmake -E cmake_depends "Unix Makefiles" /<<PKGBUILDDIR>> /<<PKGBUILDDIR>>/src /<<PKGBUILDDIR>>/obj-x86_64-linux-gnu /<<PKGBUILDDIR>>/obj-x86_64-linux-gnu/src /<<PKGBUILDDIR>>/obj-x86_64-linux-gnu/src/CMakeFiles/style_reports.dir/DependInfo.cmake --color=
make[3]: Leaving directory '/<<PKGBUILDDIR>>/obj-x86_64-linux-gnu'
make -f src/CMakeFiles/style_reports.dir/build.make src/CMakeFiles/style_reports.dir/build
make[3]: Entering directory '/<<PKGBUILDDIR>>/obj-x86_64-linux-gnu'
make[3]: Nothing to be done for 'src/CMakeFiles/style_reports.dir/build'.
make[3]: Leaving directory '/<<PKGBUILDDIR>>/obj-x86_64-linux-gnu'
[100%] Built target style_reports
make[2]: Leaving directory '/<<PKGBUILDDIR>>/obj-x86_64-linux-gnu'
/usr/bin/cmake -E cmake_progress_start /<<PKGBUILDDIR>>/obj-x86_64-linux-gnu/CMakeFiles 0
make -f CMakeFiles/Makefile2 preinstall
make[2]: Entering directory '/<<PKGBUILDDIR>>/obj-x86_64-linux-gnu'
make[2]: Nothing to be done for 'preinstall'.
make[2]: Leaving directory '/<<PKGBUILDDIR>>/obj-x86_64-linux-gnu'
Install the project...
/usr/bin/cmake -P cmake_install.cmake
-- Install configuration: "None"
-- Installing: /<<PKGBUILDDIR>>/debian/vera++/usr/bin/vera++
-- Installing: /<<PKGBUILDDIR>>/debian/vera++/usr/lib/vera++/scripts/rules/DUMP.tcl
-- Installing: /<<PKGBUILDDIR>>/debian/vera++/usr/lib/vera++/scripts/rules/F001.tcl
-- Installing: /<<PKGBUILDDIR>>/debian/vera++/usr/lib/vera++/scripts/rules/F002.tcl
-- Installing: /<<PKGBUILDDIR>>/debian/vera++/usr/lib/vera++/scripts/rules/L001.tcl
-- Installing: /<<PKGBUILDDIR>>/debian/vera++/usr/lib/vera++/scripts/rules/L002.tcl
-- Installing: /<<PKGBUILDDIR>>/debian/vera++/usr/lib/vera++/scripts/rules/L003.tcl
-- Installing: /<<PKGBUILDDIR>>/debian/vera++/usr/lib/vera++/scripts/rules/L004.tcl
-- Installing: /<<PKGBUILDDIR>>/debian/vera++/usr/lib/vera++/scripts/rules/L005.tcl
-- Installing: /<<PKGBUILDDIR>>/debian/vera++/usr/lib/vera++/scripts/rules/L006.tcl
-- Installing: /<<PKGBUILDDIR>>/debian/vera++/usr/lib/vera++/scripts/rules/T001.tcl
-- Installing: /<<PKGBUILDDIR>>/debian/vera++/usr/lib/vera++/scripts/rules/T002.tcl
-- Installing: /<<PKGBUILDDIR>>/debian/vera++/usr/lib/vera++/scripts/rules/T003.tcl
-- Installing: /<<PKGBUILDDIR>>/debian/vera++/usr/lib/vera++/scripts/rules/T004.tcl
-- Installing: /<<PKGBUILDDIR>>/debian/vera++/usr/lib/vera++/scripts/rules/T005.tcl
-- Installing: /<<PKGBUILDDIR>>/debian/vera++/usr/lib/vera++/scripts/rules/T006.tcl
-- Installing: /<<PKGBUILDDIR>>/debian/vera++/usr/lib/vera++/scripts/rules/T007.tcl
-- Installing: /<<PKGBUILDDIR>>/debian/vera++/usr/lib/vera++/scripts/rules/T008.tcl
-- Installing: /<<PKGBUILDDIR>>/debian/vera++/usr/lib/vera++/scripts/rules/T009.tcl
-- Installing: /<<PKGBUILDDIR>>/debian/vera++/usr/lib/vera++/scripts/rules/T010.tcl
-- Installing: /<<PKGBUILDDIR>>/debian/vera++/usr/lib/vera++/scripts/rules/T011.tcl
-- Installing: /<<PKGBUILDDIR>>/debian/vera++/usr/lib/vera++/scripts/rules/T012.tcl
-- Installing: /<<PKGBUILDDIR>>/debian/vera++/usr/lib/vera++/scripts/rules/T013.tcl
-- Installing: /<<PKGBUILDDIR>>/debian/vera++/usr/lib/vera++/scripts/rules/T014.tcl
-- Installing: /<<PKGBUILDDIR>>/debian/vera++/usr/lib/vera++/scripts/rules/T015.tcl
-- Installing: /<<PKGBUILDDIR>>/debian/vera++/usr/lib/vera++/scripts/rules/T016.tcl
-- Installing: /<<PKGBUILDDIR>>/debian/vera++/usr/lib/vera++/scripts/rules/T017.tcl
-- Installing: /<<PKGBUILDDIR>>/debian/vera++/usr/lib/vera++/scripts/rules/T018.tcl
-- Installing: /<<PKGBUILDDIR>>/debian/vera++/usr/lib/vera++/scripts/rules/T019.tcl
-- Installing: /<<PKGBUILDDIR>>/debian/vera++/usr/lib/vera++/scripts/transformations/move_includes.tcl
-- Installing: /<<PKGBUILDDIR>>/debian/vera++/usr/lib/vera++/scripts/transformations/move_macros.tcl
-- Installing: /<<PKGBUILDDIR>>/debian/vera++/usr/lib/vera++/scripts/transformations/move_namespace.tcl
-- Installing: /<<PKGBUILDDIR>>/debian/vera++/usr/lib/vera++/scripts/transformations/to_lower.tcl
-- Installing: /<<PKGBUILDDIR>>/debian/vera++/usr/lib/vera++/scripts/transformations/to_xml.tcl
-- Installing: /<<PKGBUILDDIR>>/debian/vera++/usr/lib/vera++/scripts/transformations/to_xml2.tcl
-- Installing: /<<PKGBUILDDIR>>/debian/vera++/usr/lib/vera++/scripts/transformations/trim_right.tcl
-- Installing: /<<PKGBUILDDIR>>/debian/vera++/usr/lib/vera++/profiles/boost
-- Installing: /<<PKGBUILDDIR>>/debian/vera++/usr/lib/vera++/profiles/default
-- Installing: /<<PKGBUILDDIR>>/debian/vera++/usr/lib/vera++/profiles/full
-- Installing: /<<PKGBUILDDIR>>/debian/vera++/usr/lib/vera++/vera++-config-version.cmake
-- Installing: /<<PKGBUILDDIR>>/debian/vera++/usr/lib/vera++/vera++-config.cmake
-- Installing: /<<PKGBUILDDIR>>/debian/vera++/usr/lib/vera++/use_vera++.cmake
-- Installing: /<<PKGBUILDDIR>>/debian/vera++/usr/lib/vera++/test_wrapper.cmake.in
make[1]: Leaving directory '/<<PKGBUILDDIR>>/obj-x86_64-linux-gnu'
   dh_install -O--buildsystem=cmake
   dh_installdocs -O--buildsystem=cmake
   dh_installchangelogs -O--buildsystem=cmake
   dh_installman -O--buildsystem=cmake
   dh_installinit -O--buildsystem=cmake
   dh_perl -O--buildsystem=cmake
   dh_link -O--buildsystem=cmake
   dh_strip_nondeterminism -O--buildsystem=cmake
   dh_compress -O--buildsystem=cmake
   dh_fixperms -O--buildsystem=cmake
   dh_missing -O--buildsystem=cmake
   dh_strip -O--buildsystem=cmake
   dh_makeshlibs -O--buildsystem=cmake
   dh_shlibdeps -O--buildsystem=cmake
dpkg-shlibdeps: warning: package could avoid a useless dependency if debian/vera++/usr/bin/vera++ was not linked against libboost_chrono.so.1.67.0 (it uses none of the library's symbols)
dpkg-shlibdeps: warning: package could avoid a useless dependency if debian/vera++/usr/bin/vera++ was not linked against libboost_serialization.so.1.67.0 (it uses none of the library's symbols)
dpkg-shlibdeps: warning: package could avoid a useless dependency if debian/vera++/usr/bin/vera++ was not linked against libboost_atomic.so.1.67.0 (it uses none of the library's symbols)
dpkg-shlibdeps: warning: package could avoid a useless dependency if debian/vera++/usr/bin/vera++ was not linked against libboost_thread.so.1.67.0 (it uses none of the library's symbols)
dpkg-shlibdeps: warning: package could avoid a useless dependency if debian/vera++/usr/bin/vera++ was not linked against libboost_filesystem.so.1.67.0 (it uses none of the library's symbols)
dpkg-shlibdeps: warning: package could avoid a useless dependency if debian/vera++/usr/bin/vera++ was not linked against libboost_date_time.so.1.67.0 (it uses none of the library's symbols)
dpkg-shlibdeps: warning: package could avoid a useless dependency if debian/vera++/usr/bin/vera++ was not linked against libboost_system.so.1.67.0 (it uses none of the library's symbols)
   dh_installdeb -O--buildsystem=cmake
   dh_gencontrol -O--buildsystem=cmake
   dh_md5sums -O--buildsystem=cmake
   dh_builddeb -O--buildsystem=cmake
dpkg-deb: building package 'vera++-dbgsym' in '../vera++-dbgsym_1.2.1-2_amd64.deb'.
dpkg-deb: building package 'vera++' in '../vera++_1.2.1-2_amd64.deb'.
 dpkg-genbuildinfo --build=binary
 dpkg-genchanges --build=binary >../vera++_1.2.1-2_amd64.changes
dpkg-genchanges: info: binary-only upload (no source code included)
 dpkg-source --after-build .
dpkg-buildpackage: info: binary-only upload (no source included)
--------------------------------------------------------------------------------
Build finished at 2020-02-25T03:54:42Z

Finished
--------

I: Built successfully

+------------------------------------------------------------------------------+
| Changes                                                                      |
+------------------------------------------------------------------------------+


vera++_1.2.1-2_amd64.changes:
-----------------------------

Format: 1.8
Date: Tue, 04 Feb 2014 13:23:48 +0100
Source: vera++
Binary: vera++ vera++-dbgsym
Architecture: amd64
Version: 1.2.1-2
Distribution: unstable
Urgency: low
Maintainer: Vincent Hobeïka <vincent.hobeika@gmail.com>
Changed-By: Vincent Hobeïka <vincent.hobeika@gmail.com>
Description:
 vera++     - Programmable verification and analysis tool for C++
Changes:
 vera++ (1.2.1-2) unstable; urgency=low
 .
   * Removed dependency to pandoc which prevents migration to testing
Checksums-Sha1:
 d068b75a38d8f71c424ede0e1d829cb6f14418e8 896976 vera++-dbgsym_1.2.1-2_amd64.deb
 574390112a145dbac128d6363efd206da9bffd2e 7219 vera++_1.2.1-2_amd64.buildinfo
 b7534f76bacd59a532d4628d34441c4e717454ec 117804 vera++_1.2.1-2_amd64.deb
Checksums-Sha256:
 daf03264ec5673742c493beb1f98b9bf52140deca0dc57720d3bb317fcbd7f71 896976 vera++-dbgsym_1.2.1-2_amd64.deb
 cb630fe185ad8990af599e3aef1cb24bc7fad0d6cd9b641c0a18b287e1148756 7219 vera++_1.2.1-2_amd64.buildinfo
 4bd4c16220fd69d254b584000ac7d14f1ba62ce42c6b7ba6bedab911ba508aac 117804 vera++_1.2.1-2_amd64.deb
Files:
 8d0bc02adcdeb9b3847716ab29c9ce66 896976 debug optional vera++-dbgsym_1.2.1-2_amd64.deb
 15a841391f423852c0b4ebb95c5f674c 7219 devel extra vera++_1.2.1-2_amd64.buildinfo
 387db08cff4ebead20592fd430d395f2 117804 devel extra vera++_1.2.1-2_amd64.deb

+------------------------------------------------------------------------------+
| Buildinfo                                                                    |
+------------------------------------------------------------------------------+

Format: 1.0
Source: vera++
Binary: vera++
Architecture: amd64
Version: 1.2.1-2
Checksums-Md5:
 8d0bc02adcdeb9b3847716ab29c9ce66 896976 vera++-dbgsym_1.2.1-2_amd64.deb
 387db08cff4ebead20592fd430d395f2 117804 vera++_1.2.1-2_amd64.deb
Checksums-Sha1:
 d068b75a38d8f71c424ede0e1d829cb6f14418e8 896976 vera++-dbgsym_1.2.1-2_amd64.deb
 b7534f76bacd59a532d4628d34441c4e717454ec 117804 vera++_1.2.1-2_amd64.deb
Checksums-Sha256:
 daf03264ec5673742c493beb1f98b9bf52140deca0dc57720d3bb317fcbd7f71 896976 vera++-dbgsym_1.2.1-2_amd64.deb
 4bd4c16220fd69d254b584000ac7d14f1ba62ce42c6b7ba6bedab911ba508aac 117804 vera++_1.2.1-2_amd64.deb
Build-Origin: Debian
Build-Architecture: amd64
Build-Date: Tue, 25 Feb 2020 03:54:42 +0000
Build-Path: /<<PKGBUILDDIR>>
Installed-Build-Depends:
 autoconf (= 2.69-11.1),
 automake (= 1:1.16.1-4),
 autopoint (= 0.19.8.1-10),
 autotools-dev (= 20180224.1),
 base-files (= 11),
 base-passwd (= 3.5.47),
 bash (= 5.0-5),
 binutils (= 2.34-3),
 binutils-common (= 2.34-3),
 binutils-x86-64-linux-gnu (= 2.34-3),
 bsdmainutils (= 11.1.2+b1),
 bsdutils (= 1:2.34-0.1),
 build-essential (= 12.8),
 bzip2 (= 1.0.8-2),
 clang-10 (= 1:10.0.0~+rc2-1),
 cmake (= 3.16.3-1),
 cmake-data (= 3.16.3-1),
 coreutils (= 8.30-3+b1),
 cpp (= 4:9.2.1-3.1),
 cpp-9 (= 9.2.1-29),
 dash (= 0.5.10.2-6),
 debconf (= 1.5.73),
 debhelper (= 12.9),
 debianutils (= 4.9.1),
 dh-autoreconf (= 19),
 dh-strip-nondeterminism (= 1.6.3-2),
 diffutils (= 1:3.7-3),
 dpkg (= 1.19.7),
 dpkg-dev (= 1.19.7),
 dwz (= 0.13-5),
 fdisk (= 2.34-0.1),
 file (= 1:5.38-4),
 findutils (= 4.7.0-1),
 g++ (= 4:9.2.1-3.1),
 g++-9 (= 9.2.1-29),
 gcc (= 4:9.2.1-3.1),
 gcc-10-base (= 10-20200222-1),
 gcc-9 (= 9.2.1-29),
 gcc-9-base (= 9.2.1-29),
 gettext (= 0.19.8.1-10),
 gettext-base (= 0.19.8.1-10),
 grep (= 3.4-1),
 groff-base (= 1.22.4-4),
 gzip (= 1.9-3+b1),
 hostname (= 3.23),
 init-system-helpers (= 1.57),
 intltool-debian (= 0.35.0+20060710.5),
 lib32gcc-s1 (= 10-20200222-1),
 lib32gcc1 (= 1:10-20200222-1),
 lib32stdc++6 (= 10-20200222-1),
 libacl1 (= 2.2.53-5),
 libarchive-zip-perl (= 1.67-1),
 libarchive13 (= 3.4.0-1+b1),
 libasan5 (= 9.2.1-29),
 libatomic1 (= 10-20200222-1),
 libattr1 (= 1:2.4.48-5),
 libaudit-common (= 1:2.8.5-2),
 libaudit1 (= 1:2.8.5-2+b1),
 libbinutils (= 2.34-3),
 libblkid1 (= 2.34-0.1),
 libboost-atomic1.67-dev (= 1.67.0-17),
 libboost-atomic1.67.0 (= 1.67.0-17),
 libboost-chrono1.67-dev (= 1.67.0-17),
 libboost-chrono1.67.0 (= 1.67.0-17),
 libboost-date-time1.67-dev (= 1.67.0-17),
 libboost-date-time1.67.0 (= 1.67.0-17),
 libboost-dev (= 1.67.0.2+b1),
 libboost-filesystem1.67-dev (= 1.67.0-17),
 libboost-filesystem1.67.0 (= 1.67.0-17),
 libboost-program-options-dev (= 1.67.0.2+b1),
 libboost-program-options1.67-dev (= 1.67.0-17),
 libboost-program-options1.67.0 (= 1.67.0-17),
 libboost-serialization1.67-dev (= 1.67.0-17),
 libboost-serialization1.67.0 (= 1.67.0-17),
 libboost-system-dev (= 1.67.0.2+b1),
 libboost-system1.67-dev (= 1.67.0-17),
 libboost-system1.67.0 (= 1.67.0-17),
 libboost-thread-dev (= 1.67.0.2+b1),
 libboost-thread1.67-dev (= 1.67.0-17),
 libboost-thread1.67.0 (= 1.67.0-17),
 libboost-wave-dev (= 1.67.0.2+b1),
 libboost-wave1.67-dev (= 1.67.0-17),
 libboost-wave1.67.0 (= 1.67.0-17),
 libboost1.67-dev (= 1.67.0-17),
 libbrotli1 (= 1.0.7-6),
 libbsd0 (= 0.10.0-1),
 libbz2-1.0 (= 1.0.8-2),
 libc-bin (= 2.29-10),
 libc-dev-bin (= 2.29-10),
 libc6 (= 2.29-10),
 libc6-dev (= 2.29-10),
 libc6-i386 (= 2.29-10),
 libcap-ng0 (= 0.7.9-2.1+b1),
 libcc1-0 (= 10-20200222-1),
 libclang-common-10-dev (= 1:10.0.0~+rc2-1),
 libclang-cpp10 (= 1:10.0.0~+rc2-1),
 libclang1-10 (= 1:10.0.0~+rc2-1),
 libcom-err2 (= 1.45.5-2),
 libcroco3 (= 0.6.13-1),
 libcrypt-dev (= 1:4.4.10-10),
 libcrypt1 (= 1:4.4.10-10),
 libctf-nobfd0 (= 2.34-3),
 libctf0 (= 2.34-3),
 libcurl4 (= 7.68.0-1),
 libdb5.3 (= 5.3.28+dfsg1-0.6),
 libdebconfclient0 (= 0.251),
 libdebhelper-perl (= 12.9),
 libdpkg-perl (= 1.19.7),
 libedit2 (= 3.1-20191231-1),
 libelf1 (= 0.176-1.1),
 libexpat1 (= 2.2.9-1),
 libfdisk1 (= 2.34-0.1),
 libffi7 (= 3.3-3),
 libfile-stripnondeterminism-perl (= 1.6.3-2),
 libgc1c2 (= 1:7.6.4-0.4),
 libgcc-9-dev (= 9.2.1-29),
 libgcc-s1 (= 10-20200222-1),
 libgcc1 (= 1:10-20200222-1),
 libgcrypt20 (= 1.8.5-5),
 libgdbm-compat4 (= 1.18.1-5),
 libgdbm6 (= 1.18.1-5),
 libglib2.0-0 (= 2.62.4-2),
 libgmp10 (= 2:6.2.0+dfsg-4),
 libgnutls30 (= 3.6.12-2),
 libgomp1 (= 10-20200222-1),
 libgpg-error0 (= 1.37-1),
 libgssapi-krb5-2 (= 1.17-6),
 libhogweed5 (= 3.5.1+really3.5.1-2),
 libicu63 (= 63.2-2),
 libidn2-0 (= 2.2.0-2),
 libisl22 (= 0.22.1-1),
 libitm1 (= 10-20200222-1),
 libjsoncpp1 (= 1.7.4-3.1),
 libk5crypto3 (= 1.17-6),
 libkeyutils1 (= 1.6.1-2),
 libkrb5-3 (= 1.17-6),
 libkrb5support0 (= 1.17-6),
 libldap-2.4-2 (= 2.4.49+dfsg-1),
 libldap-common (= 2.4.49+dfsg-1),
 libllvm10 (= 1:10.0.0~+rc2-1),
 liblsan0 (= 10-20200222-1),
 liblz4-1 (= 1.9.2-2),
 liblzma5 (= 5.2.4-1+b1),
 libmagic-mgc (= 1:5.38-4),
 libmagic1 (= 1:5.38-4),
 libmount1 (= 2.34-0.1),
 libmpc3 (= 1.1.0-1),
 libmpfr6 (= 4.0.2-1),
 libncurses6 (= 6.1+20191019-1),
 libncursesw6 (= 6.1+20191019-1),
 libnettle7 (= 3.5.1+really3.5.1-2),
 libnghttp2-14 (= 1.40.0-1),
 libobjc-9-dev (= 9.2.1-29),
 libobjc4 (= 10-20200222-1),
 libp11-kit0 (= 0.23.20-1),
 libpam-modules (= 1.3.1-5),
 libpam-modules-bin (= 1.3.1-5),
 libpam-runtime (= 1.3.1-5),
 libpam0g (= 1.3.1-5),
 libpcre2-8-0 (= 10.34-7),
 libpcre3 (= 2:8.39-12+b1),
 libperl5.30 (= 5.30.0-9),
 libpipeline1 (= 1.5.2-2),
 libprocps8 (= 2:3.3.16-1+b1),
 libpsl5 (= 0.20.2-2),
 libquadmath0 (= 10-20200222-1),
 librhash0 (= 1.3.9-1),
 librtmp1 (= 2.4+20151223.gitfa8646d.1-2+b1),
 libsasl2-2 (= 2.1.27+dfsg-2),
 libsasl2-modules-db (= 2.1.27+dfsg-2),
 libseccomp2 (= 2.4.2-2),
 libselinux1 (= 3.0-1+b1),
 libsigsegv2 (= 2.12-2),
 libsmartcols1 (= 2.34-0.1),
 libssh2-1 (= 1.8.0-2.1),
 libssl1.1 (= 1.1.1d-2),
 libstdc++-9-dev (= 9.2.1-29),
 libstdc++6 (= 10-20200222-1),
 libsub-override-perl (= 0.09-2),
 libsystemd0 (= 244.3-1),
 libtasn1-6 (= 4.16.0-2),
 libtcl8.6 (= 8.6.10+dfsg-1),
 libtinfo6 (= 6.1+20191019-1),
 libtool (= 2.4.6-13),
 libtsan0 (= 10-20200222-1),
 libubsan1 (= 10-20200222-1),
 libuchardet0 (= 0.0.6-3),
 libudev1 (= 244.3-1),
 libunistring2 (= 0.9.10-2),
 libuuid1 (= 2.34-0.1),
 libuv1 (= 1.34.2-1),
 libxml2 (= 2.9.10+dfsg-3),
 libz3-4 (= 4.8.7-4),
 libzstd1 (= 1.4.4+dfsg-3),
 linux-libc-dev (= 5.4.19-1),
 login (= 1:4.8.1-1),
 lsb-base (= 11.1.0),
 m4 (= 1.4.18-4),
 make (= 4.2.1-1.2),
 man-db (= 2.9.0-2),
 mawk (= 1.3.4.20200120-2),
 ncurses-base (= 6.1+20191019-1),
 ncurses-bin (= 6.1+20191019-1),
 patch (= 2.7.6-6),
 perl (= 5.30.0-9),
 perl-base (= 5.30.0-9),
 perl-modules-5.30 (= 5.30.0-9),
 po-debconf (= 1.0.21),
 procps (= 2:3.3.16-1+b1),
 sed (= 4.7-1),
 sensible-utils (= 0.0.12+nmu1),
 sysvinit-utils (= 2.96-2.1),
 tar (= 1.30+dfsg-6+b1),
 tcl (= 8.6.9+1+b1),
 tcl-dev (= 8.6.9+1+b1),
 tcl8.6 (= 8.6.10+dfsg-1),
 tcl8.6-dev (= 8.6.10+dfsg-1),
 tzdata (= 2019c-3),
 util-linux (= 2.34-0.1),
 xz-utils (= 5.2.4-1+b1),
 zlib1g (= 1:1.2.11.dfsg-2),
 zlib1g-dev (= 1:1.2.11.dfsg-2)
Environment:
 DEB_BUILD_OPTIONS="parallel=4"
 LANG="C.UTF-8"
 LC_ALL="C.UTF-8"
 SOURCE_DATE_EPOCH="1391516628"


+------------------------------------------------------------------------------+
| Package contents                                                             |
+------------------------------------------------------------------------------+


vera++-dbgsym_1.2.1-2_amd64.deb
-------------------------------

 new Debian package, version 2.0.
 size 896976 bytes: control archive=520 bytes.
     338 bytes,    12 lines      control              
     106 bytes,     1 lines      md5sums              
 Package: vera++-dbgsym
 Source: vera++
 Version: 1.2.1-2
 Auto-Built-Package: debug-symbols
 Architecture: amd64
 Maintainer: Vincent Hobeïka <vincent.hobeika@gmail.com>
 Installed-Size: 994
 Depends: vera++ (= 1.2.1-2)
 Section: debug
 Priority: optional
 Description: debug symbols for vera++
 Build-Ids: 7d88670d6ae6f061f709e4deea0f96a2b77fa36a

drwxr-xr-x root/root         0 2014-02-04 12:23 ./
drwxr-xr-x root/root         0 2014-02-04 12:23 ./usr/
drwxr-xr-x root/root         0 2014-02-04 12:23 ./usr/lib/
drwxr-xr-x root/root         0 2014-02-04 12:23 ./usr/lib/debug/
drwxr-xr-x root/root         0 2014-02-04 12:23 ./usr/lib/debug/.build-id/
drwxr-xr-x root/root         0 2014-02-04 12:23 ./usr/lib/debug/.build-id/7d/
-rw-r--r-- root/root   1006672 2014-02-04 12:23 ./usr/lib/debug/.build-id/7d/88670d6ae6f061f709e4deea0f96a2b77fa36a.debug
drwxr-xr-x root/root         0 2014-02-04 12:23 ./usr/share/
drwxr-xr-x root/root         0 2014-02-04 12:23 ./usr/share/doc/
lrwxrwxrwx root/root         0 2014-02-04 12:23 ./usr/share/doc/vera++-dbgsym -> vera++


vera++_1.2.1-2_amd64.deb
------------------------

 new Debian package, version 2.0.
 size 117804 bytes: control archive=2084 bytes.
     898 bytes,    15 lines      control              
    3885 bytes,    53 lines      md5sums              
 Package: vera++
 Version: 1.2.1-2
 Architecture: amd64
 Maintainer: Vincent Hobeïka <vincent.hobeika@gmail.com>
 Installed-Size: 445
 Depends: libboost-atomic1.67.0, libboost-chrono1.67.0, libboost-date-time1.67.0, libboost-filesystem1.67.0, libboost-program-options1.67.0, libboost-serialization1.67.0, libboost-system1.67.0, libboost-thread1.67.0, libboost-wave1.67.0, libc6 (>= 2.14), libgcc-s1 (>= 3.0), libstdc++6 (>= 9), libtcl8.6 (>= 8.6.0)
 Section: devel
 Priority: extra
 Homepage: https://bitbucket.org/verateam/vera/wiki/Home
 Description: Programmable verification and analysis tool for C++
  Vera++ is a programmable tool for verification, analysis and transformation of
  C++ source code.
  Vera++ is mainly an engine that parses C++ source files and presents the
  result of this parsing to scripts in the form of various collections -
  the scripts are actually performing the requested tasks.

drwxr-xr-x root/root         0 2014-02-04 12:23 ./
drwxr-xr-x root/root         0 2014-02-04 12:23 ./usr/
drwxr-xr-x root/root         0 2014-02-04 12:23 ./usr/bin/
-rwxr-xr-x root/root    350360 2014-02-04 12:23 ./usr/bin/vera++
drwxr-xr-x root/root         0 2014-02-04 12:23 ./usr/lib/
drwxr-xr-x root/root         0 2014-02-04 12:23 ./usr/lib/vera++/
drwxr-xr-x root/root         0 2014-02-04 12:23 ./usr/lib/vera++/profiles/
-rw-r--r-- root/root       370 2014-02-04 12:23 ./usr/lib/vera++/profiles/CMakeLists.txt
-rwxr-xr-x root/root       290 2013-03-28 21:16 ./usr/lib/vera++/profiles/boost
-rwxr-xr-x root/root       402 2013-04-24 15:22 ./usr/lib/vera++/profiles/default
-rwxr-xr-x root/root       271 2014-02-04 12:23 ./usr/lib/vera++/profiles/full
drwxr-xr-x root/root         0 2014-02-04 12:23 ./usr/lib/vera++/scripts/
-rw-r--r-- root/root        58 2013-03-27 17:24 ./usr/lib/vera++/scripts/CMakeLists.txt
drwxr-xr-x root/root         0 2014-02-04 12:23 ./usr/lib/vera++/scripts/rules/
-rw-r--r-- root/root       161 2013-03-27 17:25 ./usr/lib/vera++/scripts/rules/CMakeLists.txt
-rwxr-xr-x root/root       326 2013-04-29 08:28 ./usr/lib/vera++/scripts/rules/DUMP.tcl
-rwxr-xr-x root/root       647 2013-04-27 13:54 ./usr/lib/vera++/scripts/rules/F001.tcl
-rwxr-xr-x root/root      1755 2013-03-28 21:12 ./usr/lib/vera++/scripts/rules/F002.tcl
-rwxr-xr-x root/root       532 2013-03-28 21:12 ./usr/lib/vera++/scripts/rules/L001.tcl
-rwxr-xr-x root/root       268 2013-03-28 21:12 ./usr/lib/vera++/scripts/rules/L002.tcl
-rwxr-xr-x root/root       462 2013-03-28 21:12 ./usr/lib/vera++/scripts/rules/L003.tcl
-rwxr-xr-x root/root       358 2013-05-10 02:06 ./usr/lib/vera++/scripts/rules/L004.tcl
-rwxr-xr-x root/root       654 2013-03-28 21:12 ./usr/lib/vera++/scripts/rules/L005.tcl
-rwxr-xr-x root/root       264 2013-03-28 21:12 ./usr/lib/vera++/scripts/rules/L006.tcl
-rwxr-xr-x root/root       391 2013-03-28 21:12 ./usr/lib/vera++/scripts/rules/T001.tcl
-rwxr-xr-x root/root      1726 2013-03-28 21:12 ./usr/lib/vera++/scripts/rules/T002.tcl
-rwxr-xr-x root/root      1201 2013-03-28 21:12 ./usr/lib/vera++/scripts/rules/T003.tcl
-rwxr-xr-x root/root      1708 2013-03-28 21:12 ./usr/lib/vera++/scripts/rules/T004.tcl
-rwxr-xr-x root/root       796 2013-03-28 21:12 ./usr/lib/vera++/scripts/rules/T005.tcl
-rwxr-xr-x root/root       999 2013-04-29 05:54 ./usr/lib/vera++/scripts/rules/T006.tcl
-rwxr-xr-x root/root       933 2013-03-28 21:12 ./usr/lib/vera++/scripts/rules/T007.tcl
-rwxr-xr-x root/root       790 2013-03-28 21:12 ./usr/lib/vera++/scripts/rules/T008.tcl
-rwxr-xr-x root/root      1084 2013-03-28 21:12 ./usr/lib/vera++/scripts/rules/T009.tcl
-rwxr-xr-x root/root       364 2013-03-28 21:12 ./usr/lib/vera++/scripts/rules/T010.tcl
-rwxr-xr-x root/root      1715 2013-03-28 21:12 ./usr/lib/vera++/scripts/rules/T011.tcl
-rwxr-xr-x root/root       382 2013-03-28 21:12 ./usr/lib/vera++/scripts/rules/T012.tcl
-rwxr-xr-x root/root       454 2013-04-24 13:51 ./usr/lib/vera++/scripts/rules/T013.tcl
-rwxr-xr-x root/root       477 2013-03-28 21:12 ./usr/lib/vera++/scripts/rules/T014.tcl
-rwxr-xr-x root/root      1803 2013-03-28 21:12 ./usr/lib/vera++/scripts/rules/T015.tcl
-rwxr-xr-x root/root       694 2013-03-28 21:12 ./usr/lib/vera++/scripts/rules/T016.tcl
-rwxr-xr-x root/root       702 2013-03-28 21:12 ./usr/lib/vera++/scripts/rules/T017.tcl
-rwxr-xr-x root/root       677 2013-03-28 21:12 ./usr/lib/vera++/scripts/rules/T018.tcl
-rwxr-xr-x root/root      1251 2013-06-07 09:53 ./usr/lib/vera++/scripts/rules/T019.tcl
drwxr-xr-x root/root         0 2014-02-04 12:23 ./usr/lib/vera++/scripts/transformations/
-rw-r--r-- root/root       171 2013-03-27 17:25 ./usr/lib/vera++/scripts/transformations/CMakeLists.txt
-rwxr-xr-x root/root       731 2013-03-28 21:12 ./usr/lib/vera++/scripts/transformations/move_includes.tcl
-rwxr-xr-x root/root       692 2013-03-28 21:12 ./usr/lib/vera++/scripts/transformations/move_macros.tcl
-rwxr-xr-x root/root       544 2013-03-28 21:12 ./usr/lib/vera++/scripts/transformations/move_namespace.tcl
-rwxr-xr-x root/root      1575 2013-03-28 21:12 ./usr/lib/vera++/scripts/transformations/to_lower.tcl
-rwxr-xr-x root/root       887 2013-03-28 21:12 ./usr/lib/vera++/scripts/transformations/to_xml.tcl
-rwxr-xr-x root/root       892 2013-03-28 21:12 ./usr/lib/vera++/scripts/transformations/to_xml2.tcl
-rwxr-xr-x root/root       311 2013-03-28 21:12 ./usr/lib/vera++/scripts/transformations/trim_right.tcl
-rw-r--r-- root/root       818 2013-06-07 09:53 ./usr/lib/vera++/test_wrapper.cmake.in
-rw-r--r-- root/root      6319 2013-06-07 09:53 ./usr/lib/vera++/use_vera++.cmake
-rw-r--r-- root/root      1382 2014-02-04 12:23 ./usr/lib/vera++/vera++-config-version.cmake
-rw-r--r-- root/root       320 2013-06-07 09:53 ./usr/lib/vera++/vera++-config.cmake
drwxr-xr-x root/root         0 2014-02-04 12:23 ./usr/share/
drwxr-xr-x root/root         0 2014-02-04 12:23 ./usr/share/doc/
drwxr-xr-x root/root         0 2014-02-04 12:23 ./usr/share/doc/vera++/
-rw-r--r-- root/root       473 2014-02-04 12:23 ./usr/share/doc/vera++/changelog.Debian.gz
-rw-r--r-- root/root      3091 2014-02-04 09:14 ./usr/share/doc/vera++/copyright
drwxr-xr-x root/root         0 2014-02-04 12:23 ./usr/share/doc/vera++/doc/
-rw-r--r-- root/root      1841 2013-04-25 12:08 ./usr/share/doc/vera++/doc/CMakeLists.txt
-rw-r--r-- root/root       226 2013-04-16 04:32 ./usr/share/doc/vera++/doc/manpage.md
-rw-r--r-- root/root       362 2013-04-16 04:32 ./usr/share/doc/vera++/doc/style.css
drwxr-xr-x root/root         0 2014-02-04 12:23 ./usr/share/man/
drwxr-xr-x root/root         0 2014-02-04 12:23 ./usr/share/man/man1/
-rw-r--r-- root/root     14399 2014-02-04 12:23 ./usr/share/man/man1/vera++.1.gz


+------------------------------------------------------------------------------+
| Post Build                                                                   |
+------------------------------------------------------------------------------+


+------------------------------------------------------------------------------+
| Cleanup                                                                      |
+------------------------------------------------------------------------------+

Purging /<<BUILDDIR>>
Not cleaning session: cloned chroot in use

+------------------------------------------------------------------------------+
| Summary                                                                      |
+------------------------------------------------------------------------------+

Build Architecture: amd64
Build Type: binary
Build-Space: 19472
Build-Time: 33
Distribution: unstable
Host Architecture: amd64
Install-Time: 238
Job: vera++_1.2.1-2
Machine Architecture: amd64
Package: vera++
Package-Time: 308
Source-Version: 1.2.1-2
Space: 19472
Status: successful
Version: 1.2.1-2
--------------------------------------------------------------------------------
Finished at 2020-02-25T03:54:42Z
Build needed 00:05:08, 19472k disk space
DC-Status: OK 312.021548136s
DC-Time-Estimation: 312.021548136 versus expected 88 (r/m: 2.5456994106363635 ; m: 88.0)
