DC-Build-Header: libdevice-cdio-perl 0.3.0-1 / Mon Jul 09 20:32:55 +0000 2012
DC-Task: logfile:/tmp/libdevice-cdio-perl_0.3.0-1_unstable_clang.log version:0.3.0-1 modes:clang chroot:unstable source:libdevice-cdio-perl esttime:32 architecture:any
DC-Sbuild-call: su user -c 'sbuild -n -A -s --force-orig-source --apt-update -d unstable -v  --chroot-setup-commands=/tmp/switch-to-clang libdevice-cdio-perl_0.3.0-1'
sbuild (Debian sbuild) 0.62.5 (13 Jul 2011) on ip-10-29-201-202.ec2.internal

╔══════════════════════════════════════════════════════════════════════════════╗
║ libdevice-cdio-perl 0.3.0-1 (amd64)                        09 Jul 2012 20:32 ║
╚══════════════════════════════════════════════════════════════════════════════╝

Package: libdevice-cdio-perl
Version: 0.3.0-1
Source Version: 0.3.0-1
Distribution: unstable
Architecture: amd64

I: NOTICE: Log filtering will replace 'build/libdevice-cdio-perl-ChLEmg/libdevice-cdio-perl-0.3.0' with '«PKGBUILDDIR»'
I: NOTICE: Log filtering will replace 'build/libdevice-cdio-perl-ChLEmg' with '«BUILDDIR»'
I: NOTICE: Log filtering will replace 'var/lib/schroot/mount/unstable-amd64-sbuild-09fd34fa-72eb-4846-b735-d73e0a809817' with '«CHROOT»'

┌──────────────────────────────────────────────────────────────────────────────┐
│ Update chroot                                                                │
└──────────────────────────────────────────────────────────────────────────────┘

Ign http://localhost unstable InRelease
Hit http://localhost unstable Release.gpg
Hit http://localhost unstable Release
Ign http://localhost unstable/main Sources/DiffIndex
Ign http://localhost unstable/main amd64 Packages/DiffIndex
Hit http://localhost unstable/main Translation-en/DiffIndex
Hit http://localhost unstable/main Sources
Hit http://localhost unstable/main amd64 Packages
Reading package lists...
Reading package lists...
Building dependency tree...
Reading state information...
0 upgraded, 0 newly installed, 0 to remove and 0 not upgraded.

┌──────────────────────────────────────────────────────────────────────────────┐
│ Fetch source files                                                           │
└──────────────────────────────────────────────────────────────────────────────┘


Check APT
─────────

Checking available source versions...

Download source files with APT
──────────────────────────────

Reading package lists...
Building dependency tree...
Reading state information...
NOTICE: 'libdevice-cdio-perl' packaging is maintained in the 'Git' version control system at:
git://git.debian.org/pkg-perl/packages/libdevice-cdio-perl.git
Need to get 367 kB of source archives.
Get:1 http://localhost/debian/ unstable/main libdevice-cdio-perl 0.3.0-1 (dsc) [2336 B]
Get:2 http://localhost/debian/ unstable/main libdevice-cdio-perl 0.3.0-1 (tar) [359 kB]
Get:3 http://localhost/debian/ unstable/main libdevice-cdio-perl 0.3.0-1 (diff) [5899 B]
Fetched 367 kB in 0s (1284 kB/s)
Download complete and in download only mode

Check arch
──────────


┌──────────────────────────────────────────────────────────────────────────────┐
│ Chroot Setup Commands                                                        │
└──────────────────────────────────────────────────────────────────────────────┘


/tmp/switch-to-clang
────────────────────

+ echo 'Entering customization script...'
Entering customization script...
+ apt-get update
Ign http://localhost unstable InRelease
Hit http://localhost unstable Release.gpg
Hit http://localhost unstable Release
Ign http://localhost unstable/main Sources/DiffIndex
Ign http://localhost unstable/main amd64 Packages/DiffIndex
Hit http://localhost unstable/main Translation-en/DiffIndex
Hit http://localhost unstable/main Sources
Hit http://localhost unstable/main amd64 Packages
Reading package lists...
+ echo 'Install of clang'
Install of clang
+ apt-get update
Ign http://localhost unstable InRelease
Hit http://localhost unstable Release.gpg
Hit http://localhost unstable Release
Ign http://localhost unstable/main Sources/DiffIndex
Ign http://localhost unstable/main amd64 Packages/DiffIndex
Hit http://localhost unstable/main Translation-en/DiffIndex
Hit http://localhost unstable/main Sources
Hit http://localhost unstable/main amd64 Packages
Reading package lists...
+ apt-get install --yes --no-install-recommends clang -t unstable
Reading package lists...
Building dependency tree...
Reading state information...
The following extra packages will be installed:
  libclang-common-dev libffi5 libllvm3.1
Recommended packages:
  llvm-3.1-dev python
The following NEW packages will be installed:
  clang libclang-common-dev libffi5 libllvm3.1
0 upgraded, 4 newly installed, 0 to remove and 0 not upgraded.
Need to get 13.1 MB of archives.
After this operation, 35.6 MB of additional disk space will be used.
Get:1 http://localhost/debian/ unstable/main libffi5 amd64 3.0.10-3 [24.8 kB]
Get:2 http://localhost/debian/ unstable/main libllvm3.1 amd64 3.1-2 [7275 kB]
Get:3 http://localhost/debian/ unstable/main libclang-common-dev amd64 3.1-8 [84.3 kB]
Get:4 http://localhost/debian/ unstable/main clang amd64 3.1-8 [5755 kB]
debconf: delaying package configuration, since apt-utils is not installed
Fetched 13.1 MB in 0s (15.5 MB/s)
Selecting previously unselected package libffi5:amd64.
(Reading database ... 11729 files and directories currently installed.)
Unpacking libffi5:amd64 (from .../libffi5_3.0.10-3_amd64.deb) ...
Selecting previously unselected package libllvm3.1:amd64.
Unpacking libllvm3.1:amd64 (from .../libllvm3.1_3.1-2_amd64.deb) ...
Selecting previously unselected package libclang-common-dev.
Unpacking libclang-common-dev (from .../libclang-common-dev_3.1-8_amd64.deb) ...
Selecting previously unselected package clang.
Unpacking clang (from .../archives/clang_3.1-8_amd64.deb) ...
Setting up libffi5:amd64 (3.0.10-3) ...
Setting up libllvm3.1:amd64 (3.1-2) ...
Setting up libclang-common-dev (3.1-8) ...
Setting up clang (3.1-8) ...
+ echo 'Replace gcc, g++ & cpp by clang'
Replace gcc, g++ & cpp by clang
+ VERSION=4.7
+ cd /usr/bin
+ rm g++-4.7 gcc-4.7 cpp-4.7
+ ln -s clang++ g++-4.7
+ ln -s clang gcc-4.7
+ ln -s clang cpp-4.7
+ cd -
/«BUILDDIR»
+ echo 'Block the installation of new gcc version'
Block the installation of new gcc version
+ dpkg --set-selections
+ echo 'gcc-4.6 hold'
+ dpkg --set-selections
+ echo 'cpp-4.6 hold'
+ dpkg --set-selections
+ echo 'g++-4.6 hold'
+ dpkg --set-selections
+ echo 'gcc-4.7 hold'
+ dpkg --set-selections
+ echo 'cpp-4.7 hold'
+ dpkg --set-selections
+ echo 'g++-4.7 hold'
+ echo 'Check if gcc, g++ & cpp are actually clang'
Check if gcc, g++ & cpp are actually clang
+ grep clang
+ gcc --version

I: Finished running '/tmp/switch-to-clang'.

Finished processing commands.
────────────────────────────────────────────────────────────────────────────────
Merged Build-Depends: build-essential, fakeroot
Filtered Build-Depends: build-essential, fakeroot
dpkg-deb: building package `sbuild-build-depends-core-dummy' in `/«BUILDDIR»/resolver-yST3bU/apt_archive/sbuild-build-depends-core-dummy.deb'.
OK
Reading package lists...

┌──────────────────────────────────────────────────────────────────────────────┐
│ Install core build dependencies (apt-based resolver)                         │
└──────────────────────────────────────────────────────────────────────────────┘

Installing build dependencies
Reading package lists...
Building dependency tree...
Reading state information...
The following NEW packages will be installed:
  sbuild-build-depends-core-dummy
debconf: delaying package configuration, since apt-utils is not installed
0 upgraded, 1 newly installed, 0 to remove and 0 not upgraded.
Need to get 0 B/708 B of archives.
After this operation, 0 B of additional disk space will be used.
Selecting previously unselected package sbuild-build-depends-core-dummy.
(Reading database ... 11809 files and directories currently installed.)
Unpacking sbuild-build-depends-core-dummy (from .../sbuild-build-depends-core-dummy.deb) ...
Setting up sbuild-build-depends-core-dummy (0.invalid.0) ...
Merged Build-Depends: base-files, base-passwd, bash, coreutils, dash, debianutils, diffutils, dpkg, e2fsprogs, findutils, grep, gzip, hostname, ncurses-base, ncurses-bin, perl-base, sed, login, sysvinit-utils, sysvinit, tar, bsdutils, mount, util-linux, libc6-dev | libc-dev, gcc (>= 4:4.4.3), g++ (>= 4:4.4.3), make, dpkg-dev (>= 1.13.5), debhelper (>= 9.20120312), perl, libcdio-dev (>= 0.82), perl (>= 5.13.8) | libextutils-cbuilder-perl (>= 0.280000), libextutils-pkgconfig-perl, libiso9660-dev, perl (>= 5.13.11) | libmodule-build-perl (>= 0.380000), libtest-pod-coverage-perl, libtest-pod-perl, swig
Filtered Build-Depends: base-files, base-passwd, bash, coreutils, dash, debianutils, diffutils, dpkg, e2fsprogs, findutils, grep, gzip, hostname, ncurses-base, ncurses-bin, perl-base, sed, login, sysvinit-utils, sysvinit, tar, bsdutils, mount, util-linux, libc6-dev, gcc (>= 4:4.4.3), g++ (>= 4:4.4.3), make, dpkg-dev (>= 1.13.5), debhelper (>= 9.20120312), perl, libcdio-dev (>= 0.82), perl (>= 5.13.8), libextutils-pkgconfig-perl, libiso9660-dev, perl (>= 5.13.11), libtest-pod-coverage-perl, libtest-pod-perl, swig
dpkg-deb: building package `sbuild-build-depends-libdevice-cdio-perl-dummy' in `/«BUILDDIR»/resolver-bWK9x7/apt_archive/sbuild-build-depends-libdevice-cdio-perl-dummy.deb'.
OK
Reading package lists...

┌──────────────────────────────────────────────────────────────────────────────┐
│ Install libdevice-cdio-perl build dependencies (apt-based resolver)          │
└──────────────────────────────────────────────────────────────────────────────┘

Installing build dependencies
Reading package lists...
Building dependency tree...
Reading state information...
The following extra packages will be installed:
  bsdmainutils debhelper file gettext gettext-base groff-base html2text
  intltool-debian libasprintf0c2 libcdio-dev libcdio13 libcroco3
  libdevel-symdump-perl libextutils-pkgconfig-perl libgettextpo0 libglib2.0-0
  libio-stringy-perl libiso9660-8 libiso9660-dev libmagic1 libpcre3
  libpipeline1 libpod-coverage-perl libpopt0 libtest-pod-coverage-perl
  libtest-pod-perl libunistring0 libxml2 man-db pkg-config po-debconf swig
  swig2.0
Suggested packages:
  wamerican wordlist whois vacation dh-make gettext-doc groff less www-browser
  libmail-box-perl swig-doc swig-examples swig2.0-examples swig2.0-doc
Recommended packages:
  curl wget lynx-cur autopoint libglib2.0-data shared-mime-info xml-core
  libmail-sendmail-perl
The following NEW packages will be installed:
  bsdmainutils debhelper file gettext gettext-base groff-base html2text
  intltool-debian libasprintf0c2 libcdio-dev libcdio13 libcroco3
  libdevel-symdump-perl libextutils-pkgconfig-perl libgettextpo0 libglib2.0-0
  libio-stringy-perl libiso9660-8 libiso9660-dev libmagic1 libpcre3
  libpipeline1 libpod-coverage-perl libpopt0 libtest-pod-coverage-perl
  libtest-pod-perl libunistring0 libxml2 man-db pkg-config po-debconf
  sbuild-build-depends-libdevice-cdio-perl-dummy swig swig2.0
0 upgraded, 34 newly installed, 0 to remove and 0 not upgraded.
Need to get 12.7 MB/12.7 MB of archives.
After this operation, 32.4 MB of additional disk space will be used.
Get:1 http://localhost/debian/ unstable/main libpipeline1 amd64 1.2.1-1 [39.2 kB]
Get:2 http://localhost/debian/ unstable/main libpopt0 amd64 1.16-7 [56.4 kB]
Get:3 http://localhost/debian/ unstable/main libasprintf0c2 amd64 0.18.1.1-9 [26.8 kB]
Get:4 http://localhost/debian/ unstable/main libmagic1 amd64 5.11-2 [202 kB]
Get:5 http://localhost/debian/ unstable/main libpcre3 amd64 1:8.30-5 [242 kB]
Get:6 http://localhost/debian/ unstable/main libxml2 amd64 2.8.0+dfsg1-4 [903 kB]
Get:7 http://localhost/debian/ unstable/main libglib2.0-0 amd64 2.32.3-1 [2081 kB]
Get:8 http://localhost/debian/ unstable/main libcroco3 amd64 0.6.5-1 [151 kB]
Get:9 http://localhost/debian/ unstable/main libunistring0 amd64 0.9.3-5 [434 kB]
Get:10 http://localhost/debian/ unstable/main libgettextpo0 amd64 0.18.1.1-9 [145 kB]
Get:11 http://localhost/debian/ unstable/main bsdmainutils amd64 9.0.3 [209 kB]
Get:12 http://localhost/debian/ unstable/main groff-base amd64 1.21-9 [1153 kB]
Get:13 http://localhost/debian/ unstable/main man-db amd64 2.6.2-1 [1061 kB]
Get:14 http://localhost/debian/ unstable/main file amd64 5.11-2 [51.8 kB]
Get:15 http://localhost/debian/ unstable/main gettext-base amd64 0.18.1.1-9 [154 kB]
Get:16 http://localhost/debian/ unstable/main html2text amd64 1.3.2a-15 [103 kB]
Get:17 http://localhost/debian/ unstable/main gettext amd64 0.18.1.1-9 [1975 kB]
Get:18 http://localhost/debian/ unstable/main intltool-debian all 0.35.0+20060710.1 [30.8 kB]
Get:19 http://localhost/debian/ unstable/main po-debconf all 1.0.16+nmu2 [224 kB]
Get:20 http://localhost/debian/ unstable/main debhelper all 9.20120608 [700 kB]
Get:21 http://localhost/debian/ unstable/main libcdio13 amd64 0.83-4 [177 kB]
Get:22 http://localhost/debian/ unstable/main libcdio-dev amd64 0.83-4 [296 kB]
Get:23 http://localhost/debian/ unstable/main libdevel-symdump-perl all 2.08-4 [16.6 kB]
Get:24 http://localhost/debian/ unstable/main pkg-config amd64 0.26-1 [59.5 kB]
Get:25 http://localhost/debian/ unstable/main libextutils-pkgconfig-perl all 1.13-1 [11.3 kB]
Get:26 http://localhost/debian/ unstable/main libio-stringy-perl all 2.110-5 [98.3 kB]
Get:27 http://localhost/debian/ unstable/main libiso9660-8 amd64 0.83-4 [137 kB]
Get:28 http://localhost/debian/ unstable/main libiso9660-dev amd64 0.83-4 [153 kB]
Get:29 http://localhost/debian/ unstable/main libpod-coverage-perl all 0.22-1 [25.0 kB]
Get:30 http://localhost/debian/ unstable/main libtest-pod-coverage-perl all 1.08-3 [10.8 kB]
Get:31 http://localhost/debian/ unstable/main libtest-pod-perl all 1.44-1 [13.6 kB]
Get:32 http://localhost/debian/ unstable/main swig2.0 amd64 2.0.7-3 [1436 kB]
Get:33 http://localhost/debian/ unstable/main swig amd64 2.0.7-3 [277 kB]
debconf: delaying package configuration, since apt-utils is not installed
Fetched 12.7 MB in 2s (5966 kB/s)
Selecting previously unselected package libpipeline1:amd64.
(Reading database ... 11809 files and directories currently installed.)
Unpacking libpipeline1:amd64 (from .../libpipeline1_1.2.1-1_amd64.deb) ...
Selecting previously unselected package libpopt0:amd64.
Unpacking libpopt0:amd64 (from .../libpopt0_1.16-7_amd64.deb) ...
Selecting previously unselected package libasprintf0c2:amd64.
Unpacking libasprintf0c2:amd64 (from .../libasprintf0c2_0.18.1.1-9_amd64.deb) ...
Selecting previously unselected package libmagic1:amd64.
Unpacking libmagic1:amd64 (from .../libmagic1_5.11-2_amd64.deb) ...
Selecting previously unselected package libpcre3:amd64.
Unpacking libpcre3:amd64 (from .../libpcre3_1%3a8.30-5_amd64.deb) ...
Selecting previously unselected package libxml2:amd64.
Unpacking libxml2:amd64 (from .../libxml2_2.8.0+dfsg1-4_amd64.deb) ...
Selecting previously unselected package libglib2.0-0:amd64.
Unpacking libglib2.0-0:amd64 (from .../libglib2.0-0_2.32.3-1_amd64.deb) ...
Selecting previously unselected package libcroco3:amd64.
Unpacking libcroco3:amd64 (from .../libcroco3_0.6.5-1_amd64.deb) ...
Selecting previously unselected package libunistring0:amd64.
Unpacking libunistring0:amd64 (from .../libunistring0_0.9.3-5_amd64.deb) ...
Selecting previously unselected package libgettextpo0:amd64.
Unpacking libgettextpo0:amd64 (from .../libgettextpo0_0.18.1.1-9_amd64.deb) ...
Selecting previously unselected package bsdmainutils.
Unpacking bsdmainutils (from .../bsdmainutils_9.0.3_amd64.deb) ...
Selecting previously unselected package groff-base.
Unpacking groff-base (from .../groff-base_1.21-9_amd64.deb) ...
Selecting previously unselected package man-db.
Unpacking man-db (from .../man-db_2.6.2-1_amd64.deb) ...
Selecting previously unselected package file.
Unpacking file (from .../archives/file_5.11-2_amd64.deb) ...
Selecting previously unselected package gettext-base.
Unpacking gettext-base (from .../gettext-base_0.18.1.1-9_amd64.deb) ...
Selecting previously unselected package html2text.
Unpacking html2text (from .../html2text_1.3.2a-15_amd64.deb) ...
Selecting previously unselected package gettext.
Unpacking gettext (from .../gettext_0.18.1.1-9_amd64.deb) ...
Selecting previously unselected package intltool-debian.
Unpacking intltool-debian (from .../intltool-debian_0.35.0+20060710.1_all.deb) ...
Selecting previously unselected package po-debconf.
Unpacking po-debconf (from .../po-debconf_1.0.16+nmu2_all.deb) ...
Selecting previously unselected package debhelper.
Unpacking debhelper (from .../debhelper_9.20120608_all.deb) ...
Selecting previously unselected package libcdio13.
Unpacking libcdio13 (from .../libcdio13_0.83-4_amd64.deb) ...
Selecting previously unselected package libcdio-dev.
Unpacking libcdio-dev (from .../libcdio-dev_0.83-4_amd64.deb) ...
Selecting previously unselected package libdevel-symdump-perl.
Unpacking libdevel-symdump-perl (from .../libdevel-symdump-perl_2.08-4_all.deb) ...
Selecting previously unselected package pkg-config.
Unpacking pkg-config (from .../pkg-config_0.26-1_amd64.deb) ...
Selecting previously unselected package libextutils-pkgconfig-perl.
Unpacking libextutils-pkgconfig-perl (from .../libextutils-pkgconfig-perl_1.13-1_all.deb) ...
Selecting previously unselected package libio-stringy-perl.
Unpacking libio-stringy-perl (from .../libio-stringy-perl_2.110-5_all.deb) ...
Selecting previously unselected package libiso9660-8.
Unpacking libiso9660-8 (from .../libiso9660-8_0.83-4_amd64.deb) ...
Selecting previously unselected package libiso9660-dev.
Unpacking libiso9660-dev (from .../libiso9660-dev_0.83-4_amd64.deb) ...
Selecting previously unselected package libpod-coverage-perl.
Unpacking libpod-coverage-perl (from .../libpod-coverage-perl_0.22-1_all.deb) ...
Selecting previously unselected package libtest-pod-coverage-perl.
Unpacking libtest-pod-coverage-perl (from .../libtest-pod-coverage-perl_1.08-3_all.deb) ...
Selecting previously unselected package libtest-pod-perl.
Unpacking libtest-pod-perl (from .../libtest-pod-perl_1.44-1_all.deb) ...
Selecting previously unselected package swig2.0.
Unpacking swig2.0 (from .../swig2.0_2.0.7-3_amd64.deb) ...
Selecting previously unselected package swig.
Unpacking swig (from .../swig_2.0.7-3_amd64.deb) ...
Selecting previously unselected package sbuild-build-depends-libdevice-cdio-perl-dummy.
Unpacking sbuild-build-depends-libdevice-cdio-perl-dummy (from .../sbuild-build-depends-libdevice-cdio-perl-dummy.deb) ...
Setting up libpipeline1:amd64 (1.2.1-1) ...
Setting up libpopt0:amd64 (1.16-7) ...
Setting up libasprintf0c2:amd64 (0.18.1.1-9) ...
Setting up libmagic1:amd64 (5.11-2) ...
Setting up libpcre3:amd64 (1:8.30-5) ...
Setting up libxml2:amd64 (2.8.0+dfsg1-4) ...
Setting up libglib2.0-0:amd64 (2.32.3-1) ...
No schema files found: doing nothing.
Setting up libcroco3:amd64 (0.6.5-1) ...
Setting up libunistring0:amd64 (0.9.3-5) ...
Setting up libgettextpo0:amd64 (0.18.1.1-9) ...
Setting up bsdmainutils (9.0.3) ...
update-alternatives: using /usr/bin/bsd-write to provide /usr/bin/write (write) in auto mode
update-alternatives: using /usr/bin/bsd-from to provide /usr/bin/from (from) in auto mode
Setting up groff-base (1.21-9) ...
Setting up man-db (2.6.2-1) ...
Building database of manual pages ...
Setting up file (5.11-2) ...
Setting up gettext-base (0.18.1.1-9) ...
Setting up html2text (1.3.2a-15) ...
Setting up gettext (0.18.1.1-9) ...
Setting up intltool-debian (0.35.0+20060710.1) ...
Setting up po-debconf (1.0.16+nmu2) ...
Setting up debhelper (9.20120608) ...
Setting up libcdio13 (0.83-4) ...
Setting up libcdio-dev (0.83-4) ...
Setting up libdevel-symdump-perl (2.08-4) ...
Setting up pkg-config (0.26-1) ...
Setting up libextutils-pkgconfig-perl (1.13-1) ...
Setting up libio-stringy-perl (2.110-5) ...
Setting up libiso9660-8 (0.83-4) ...
Setting up libiso9660-dev (0.83-4) ...
Setting up libpod-coverage-perl (0.22-1) ...
Setting up libtest-pod-coverage-perl (1.08-3) ...
Setting up libtest-pod-perl (1.44-1) ...
Setting up swig2.0 (2.0.7-3) ...
Setting up swig (2.0.7-3) ...
Setting up sbuild-build-depends-libdevice-cdio-perl-dummy (0.invalid.0) ...

┌──────────────────────────────────────────────────────────────────────────────┐
│ Build environment                                                            │
└──────────────────────────────────────────────────────────────────────────────┘

Kernel: Linux 2.6.32-5-xen-amd64 amd64 (x86_64)
Toolchain package versions: binutils_2.22-7 dpkg-dev_1.16.7 g++-4.6_4.6.3-8 g++-4.7_4.7.1-3 gcc-4.6_4.6.3-8 gcc-4.7_4.7.1-3 libc6-dev_2.13-34 libstdc++6_4.7.1-3 libstdc++6-4.6-dev_4.6.3-8 libstdc++6-4.7-dev_4.7.1-3 linux-libc-dev_3.2.21-3
Package versions: apt_0.9.7.1 base-files_6.11 base-passwd_3.5.26 bash_4.2-3 binutils_2.22-7 bsdmainutils_9.0.3 bsdutils_1:2.20.1-5.1 build-essential_11.5 bzip2_1.0.6-3 clang_3.1-8 coreutils_8.13-3.2 cpp_4:4.7.1-1 cpp-4.6_4.6.3-8 cpp-4.7_4.7.1-3 dash_0.5.7-3 debconf_1.5.45 debconf-i18n_1.5.45 debfoster_2.7-1.1 debhelper_9.20120608 debian-archive-keyring_2012.4 debianutils_4.3.2 diffutils_1:3.2-6 dpkg_1.16.7 dpkg-dev_1.16.7 e2fslibs_1.42.4-3 e2fsprogs_1.42.4-3 fakeroot_1.18.4-2 file_5.11-2 findutils_4.4.2-4 g++_4:4.7.1-1 g++-4.6_4.6.3-8 g++-4.7_4.7.1-3 gcc_4:4.7.1-1 gcc-4.4-base_4.4.7-1 gcc-4.5-base_4.5.4-1 gcc-4.6_4.6.3-8 gcc-4.6-base_4.6.3-8 gcc-4.7_4.7.1-3 gcc-4.7-base_4.7.1-3 gettext_0.18.1.1-9 gettext-base_0.18.1.1-9 gnupg_1.4.12-4+b1 gpgv_1.4.12-4+b1 grep_2.12-2 groff-base_1.21-9 gzip_1.5-1.1 hostname_3.11 html2text_1.3.2a-15 initscripts_2.88dsf-28 insserv_1.14.0-4 intltool-debian_0.35.0+20060710.1 libacl1_2.2.51-8 libapt-pkg4.12_0.9.7.1 libasprintf0c2_0.18.1.1-9 libattr1_1:2.4.46-8 libblkid1_2.20.1-5.1 libbz2-1.0_1.0.6-3 libc-bin_2.13-34 libc-dev-bin_2.13-34 libc6_2.13-34 libc6-dev_2.13-34 libcdio-dev_0.83-4 libcdio13_0.83-4 libclang-common-dev_3.1-8 libclass-isa-perl_0.36-3 libcomerr2_1.42.4-3 libcroco3_0.6.5-1 libdb5.1_5.1.29-5 libdevel-symdump-perl_2.08-4 libdpkg-perl_1.16.7 libextutils-pkgconfig-perl_1.13-1 libffi5_3.0.10-3 libfile-fcntllock-perl_0.14-2 libgc1c2_1:7.1-8 libgcc1_1:4.7.1-3 libgdbm3_1.8.3-11 libgettextpo0_0.18.1.1-9 libglib2.0-0_2.32.3-1 libgmp10_2:5.0.5+dfsg-2 libgomp1_4.7.1-3 libio-stringy-perl_2.110-5 libiso9660-8_0.83-4 libiso9660-dev_0.83-4 libitm1_4.7.1-3 libllvm3.1_3.1-2 liblocale-gettext-perl_1.05-7+b1 liblzma5_5.1.1alpha+20120614-1 libmagic1_5.11-2 libmount1_2.20.1-5.1 libmpc2_0.9-4 libmpfr4_3.1.0-5 libncurses5_5.9-10 libpam-modules_1.1.3-7.1 libpam-modules-bin_1.1.3-7.1 libpam-runtime_1.1.3-7.1 libpam0g_1.1.3-7.1 libpcre3_1:8.30-5 libpipeline1_1.2.1-1 libpod-coverage-perl_0.22-1 libpopt0_1.16-7 libquadmath0_4.7.1-3 libreadline6_6.2-8 libselinux1_2.1.9-5 libsemanage-common_2.1.6-6 libsemanage1_2.1.6-6 libsepol1_2.1.4-3 libslang2_2.2.4-15 libss2_1.42.4-3 libstdc++6_4.7.1-3 libstdc++6-4.6-dev_4.6.3-8 libstdc++6-4.7-dev_4.7.1-3 libswitch-perl_2.16-2 libtest-pod-coverage-perl_1.08-3 libtest-pod-perl_1.44-1 libtext-charwidth-perl_0.04-7+b1 libtext-iconv-perl_1.7-5 libtext-wrapi18n-perl_0.06-7 libtimedate-perl_1.2000-1 libtinfo5_5.9-10 libunistring0_0.9.3-5 libusb-0.1-4_2:0.1.12-23 libustr-1.0-1_1.0.4-3 libuuid1_2.20.1-5.1 libxml2_2.8.0+dfsg1-4 linux-libc-dev_3.2.21-3 login_1:4.1.5.1-1 lsb-base_4.1+Debian7 make_3.81-8.2 man-db_2.6.2-1 mawk_1.3.3-17 mount_2.20.1-5.1 multiarch-support_2.13-34 ncurses-base_5.9-10 ncurses-bin_5.9-10 passwd_1:4.1.5.1-1 patch_2.6.1-3 perl_5.14.2-12 perl-base_5.14.2-12 perl-modules_5.14.2-12 pkg-config_0.26-1 po-debconf_1.0.16+nmu2 readline-common_6.2-8 sbuild-build-depends-core-dummy_0.invalid.0 sbuild-build-depends-libdevice-cdio-perl-dummy_0.invalid.0 sed_4.2.1-10 sensible-utils_0.0.7 swig_2.0.7-3 swig2.0_2.0.7-3 sysv-rc_2.88dsf-28 sysvinit_2.88dsf-28 sysvinit-utils_2.88dsf-28 tar_1.26-4 tzdata_2012c-1 ucf_3.0025+nmu3 util-linux_2.20.1-5.1 xz-utils_5.1.1alpha+20120614-1 zlib1g_1:1.2.7.dfsg-13

┌──────────────────────────────────────────────────────────────────────────────┐
│ Build                                                                        │
└──────────────────────────────────────────────────────────────────────────────┘


Unpack source
─────────────

gpgv: keyblock resource `/sbuild-nonexistent/.gnupg/trustedkeys.gpg': file open error
gpgv: Signature made Fri Jun 22 05:26:02 2012 UTC using RSA key ID 99D2A004
gpgv: Can't check signature: public key not found
dpkg-source: warning: failed to verify signature on ./libdevice-cdio-perl_0.3.0-1.dsc
dpkg-source: info: extracting libdevice-cdio-perl in libdevice-cdio-perl-0.3.0
dpkg-source: info: unpacking libdevice-cdio-perl_0.3.0.orig.tar.gz
dpkg-source: info: unpacking libdevice-cdio-perl_0.3.0-1.debian.tar.gz
dpkg-source: info: applying 02_wrong_function_name.patch
dpkg-source: info: applying 03_version_information_in_swig.patch
dpkg-source: info: applying 04_wrong_handling_of_output_parameters.patch
dpkg-source: info: applying 05_tests-in-chroot.patch
dpkg-source: info: applying 06_spelling.patch

Check disc space
────────────────

Sufficient free space for build

User Environment
────────────────

HOME=/sbuild-nonexistent
LOGNAME=root
PATH=/usr/local/sbin:/usr/local/bin:/usr/sbin:/usr/bin:/sbin:/bin:/usr/bin/X11
SCHROOT_CHROOT_NAME=unstable-amd64-sbuild
SCHROOT_COMMAND=env
SCHROOT_GID=0
SCHROOT_GROUP=root
SCHROOT_SESSION_ID=unstable-amd64-sbuild-09fd34fa-72eb-4846-b735-d73e0a809817
SCHROOT_UID=0
SCHROOT_USER=root
SHELL=/bin/sh
USER=root

dpkg-buildpackage
─────────────────

dpkg-buildpackage: warning: using a gain-root-command while being root
dpkg-buildpackage: source package libdevice-cdio-perl
dpkg-buildpackage: source version 0.3.0-1
dpkg-buildpackage: source changed by Damyan Ivanov <dmn@debian.org>
 dpkg-source --before-build libdevice-cdio-perl-0.3.0
dpkg-buildpackage: host architecture amd64
 fakeroot debian/rules clean
dh clean --buildsystem=perl_build
   dh_testdir -O--buildsystem=perl_build
   dh_auto_clean -O--buildsystem=perl_build
   dh_clean -O--buildsystem=perl_build
 dpkg-source -b libdevice-cdio-perl-0.3.0
dpkg-source: info: using source format `3.0 (quilt)'
dpkg-source: info: building libdevice-cdio-perl using existing ./libdevice-cdio-perl_0.3.0.orig.tar.gz
dpkg-source: info: building libdevice-cdio-perl in libdevice-cdio-perl_0.3.0-1.debian.tar.gz
dpkg-source: info: building libdevice-cdio-perl in libdevice-cdio-perl_0.3.0-1.dsc
 debian/rules build
dh build --buildsystem=perl_build
   dh_testdir -O--buildsystem=perl_build
   dh_auto_configure -O--buildsystem=perl_build
Good, I found libcdio version 0.83 installed.
clang: warning: argument unused during compilation: '--param ssp-buffer-size=4'
clang: warning: argument unused during compilation: '--param ssp-buffer-size=4'
clang: warning: argument unused during compilation: '--param ssp-buffer-size=4'
Checking for SWIG...ok
Checking if cc supports "-Wno-strict-aliasing"...yes
Checking if cc supports "-Wno-unused-function"...yes
Checking if cc supports "-Wno-unused-value"...yes
Checking if cc supports "-Wno-unused-function"...yes
Checking if cc supports "-Wno-unused-variable"...yes
Created MYMETA.yml and MYMETA.json
Creating new 'Build' script for 'Device-Cdio' version 'v0.3.0'
   dh_auto_build -O--buildsystem=perl_build
Building Device-Cdio
clang: warning: argument unused during compilation: '--param ssp-buffer-size=4'
clang: warning: argument unused during compilation: '--param ssp-buffer-size=4'
./perlcdio_wrap.c:1783:21: warning: implicit declaration of function 'cdio_from_bcd8' is invalid in C99 [-Wimplicit-function-declaration]
            newSVuv(cdio_from_bcd8(sub.abs_addr.m)), 0);
                    ^
/usr/lib/perl/5.14/CORE/embed.h:359:40: note: expanded from macro 'newSVuv'
#define newSVuv(a)              Perl_newSVuv(aTHX_ a)
                                                   ^
/usr/lib/perl/5.14/CORE/hv.h:478:11: note: expanded from macro 'hv_store'
                              (val), (hash)))
                               ^
/usr/lib/perl/5.14/CORE/embed.h:189:77: note: expanded from macro 'hv_common_key_len'
#define hv_common_key_len(a,b,c,d,e,f)  Perl_hv_common_key_len(aTHX_ a,b,c,d,e,f)
                                                                             ^
./perlcdio_wrap.c:4814:19: warning: implicit declaration of function 'mmc_get_tray_status' is invalid in C99 [-Wimplicit-function-declaration]
    result = (int)mmc_get_tray_status((CdIo_t const *)arg1);
                  ^
2 warnings generated.
clang: warning: argument unused during compilation: '--param ssp-buffer-size=4'
clang: warning: argument unused during compilation: '--param ssp-buffer-size=4'
clang: warning: argument unused during compilation: '--param ssp-buffer-size=4'
./perlmmc_wrap.c:1764:19: warning: implicit declaration of function 'mmc_eject_media' is invalid in C99 [-Wimplicit-function-declaration]
    result = (int)mmc_eject_media((CdIo_t const *)arg1);
                  ^
./perlmmc_wrap.c:1792:19: warning: implicit declaration of function 'mmc_start_stop_unit' is invalid in C99 [-Wimplicit-function-declaration]
    result = (int)mmc_start_stop_unit((CdIo_t const *)arg1);
                  ^
./perlmmc_wrap.c:1820:19: warning: implicit declaration of function 'mmc_close_tray' is invalid in C99 [-Wimplicit-function-declaration]
    result = (int)mmc_close_tray(arg1);
                  ^
3 warnings generated.
clang: warning: argument unused during compilation: '--param ssp-buffer-size=4'
clang: warning: argument unused during compilation: '--param ssp-buffer-size=4'
clang: warning: argument unused during compilation: '--param ssp-buffer-size=4'
clang: warning: argument unused during compilation: '--param ssp-buffer-size=4'
   debian/rules override_dh_auto_test
make[1]: Entering directory `/«PKGBUILDDIR»'
TZ=UTC dh_auto_test
t/00.load.t .......... ok
t/01.pod-coverage.t .. ok
t/01.pod.t ........... ok
t/02.default.t ....... ok
t/05.ops.t ........... ok
t/06.bincue.t ........ ok
t/06.image.t ......... ok
t/06.toc.t ........... ok
#  isdst flags differ 1 0
t/07.iso.t ........... ok
t/07.iso1.t .......... ok
t/07.iso2.t .......... ok
t/07.iso3.t .......... ok
t/10.cdda.t .......... ok
t/10.read.t .......... ok
t/11.dev.t ........... skipped: No device '/dev/cdrom' found
All tests successful.
Files=15, Tests=98,  3 wallclock secs ( 0.11 usr  0.08 sys +  0.90 cusr  0.23 csys =  1.32 CPU)
Result: PASS
make[1]: Leaving directory `/«PKGBUILDDIR»'
 fakeroot debian/rules binary
dh binary --buildsystem=perl_build
   dh_testroot -O--buildsystem=perl_build
   dh_prep -O--buildsystem=perl_build
   dh_installdirs -O--buildsystem=perl_build
   dh_auto_install -O--buildsystem=perl_build
Building Device-Cdio
Files found in blib/arch: installing files in blib/lib into architecture dependent library tree
Installing /«PKGBUILDDIR»/debian/libdevice-cdio-perl/usr/lib/perl5/perliso9660.so
Installing /«PKGBUILDDIR»/debian/libdevice-cdio-perl/usr/lib/perl5/perlmmc.so
Installing /«PKGBUILDDIR»/debian/libdevice-cdio-perl/usr/lib/perl5/perlcdio.so
Installing /«PKGBUILDDIR»/debian/libdevice-cdio-perl/usr/lib/perl5/perliso9660.pm
Installing /«PKGBUILDDIR»/debian/libdevice-cdio-perl/usr/lib/perl5/perlcdio.pm
Installing /«PKGBUILDDIR»/debian/libdevice-cdio-perl/usr/lib/perl5/perlmmc.pm
Installing /«PKGBUILDDIR»/debian/libdevice-cdio-perl/usr/lib/perl5/Device/Cdio.pm
Installing /«PKGBUILDDIR»/debian/libdevice-cdio-perl/usr/lib/perl5/Device/Cdio/Device.pm
Installing /«PKGBUILDDIR»/debian/libdevice-cdio-perl/usr/lib/perl5/Device/Cdio/Track.pm
Installing /«PKGBUILDDIR»/debian/libdevice-cdio-perl/usr/lib/perl5/Device/Cdio/ISO9660.pm
Installing /«PKGBUILDDIR»/debian/libdevice-cdio-perl/usr/lib/perl5/Device/Cdio/Util.pm
Installing /«PKGBUILDDIR»/debian/libdevice-cdio-perl/usr/lib/perl5/Device/Cdio/ISO9660/IFS.pm
Installing /«PKGBUILDDIR»/debian/libdevice-cdio-perl/usr/lib/perl5/Device/Cdio/ISO9660/FS.pm
Installing /«PKGBUILDDIR»/debian/libdevice-cdio-perl/usr/share/man/man3/perliso9660.3pm
Installing /«PKGBUILDDIR»/debian/libdevice-cdio-perl/usr/share/man/man3/Device::Cdio::Device.3pm
Installing /«PKGBUILDDIR»/debian/libdevice-cdio-perl/usr/share/man/man3/Device::Cdio::Util.3pm
Installing /«PKGBUILDDIR»/debian/libdevice-cdio-perl/usr/share/man/man3/Device::Cdio::ISO9660::FS.3pm
Installing /«PKGBUILDDIR»/debian/libdevice-cdio-perl/usr/share/man/man3/Device::Cdio::ISO9660.3pm
Installing /«PKGBUILDDIR»/debian/libdevice-cdio-perl/usr/share/man/man3/perlcdio.3pm
Installing /«PKGBUILDDIR»/debian/libdevice-cdio-perl/usr/share/man/man3/Device::Cdio.3pm
Installing /«PKGBUILDDIR»/debian/libdevice-cdio-perl/usr/share/man/man3/Device::Cdio::Track.3pm
Installing /«PKGBUILDDIR»/debian/libdevice-cdio-perl/usr/share/man/man3/Device::Cdio::ISO9660::IFS.3pm
Installing /«PKGBUILDDIR»/debian/libdevice-cdio-perl/usr/share/man/man3/perlmmc.3pm
   dh_install -O--buildsystem=perl_build
   dh_installdocs -O--buildsystem=perl_build
   dh_installchangelogs -O--buildsystem=perl_build
   dh_installexamples -O--buildsystem=perl_build
   dh_installman -O--buildsystem=perl_build
   dh_installcatalogs -O--buildsystem=perl_build
   dh_installcron -O--buildsystem=perl_build
   dh_installdebconf -O--buildsystem=perl_build
   dh_installemacsen -O--buildsystem=perl_build
   dh_installifupdown -O--buildsystem=perl_build
   dh_installinfo -O--buildsystem=perl_build
   dh_installinit -O--buildsystem=perl_build
   dh_installmenu -O--buildsystem=perl_build
   dh_installmime -O--buildsystem=perl_build
   dh_installmodules -O--buildsystem=perl_build
   dh_installlogcheck -O--buildsystem=perl_build
   dh_installlogrotate -O--buildsystem=perl_build
   dh_installpam -O--buildsystem=perl_build
   dh_installppp -O--buildsystem=perl_build
   dh_installudev -O--buildsystem=perl_build
   dh_installwm -O--buildsystem=perl_build
   dh_installxfonts -O--buildsystem=perl_build
   dh_installgsettings -O--buildsystem=perl_build
   dh_bugfiles -O--buildsystem=perl_build
   dh_ucf -O--buildsystem=perl_build
   dh_lintian -O--buildsystem=perl_build
   dh_gconf -O--buildsystem=perl_build
   dh_icons -O--buildsystem=perl_build
   dh_perl -O--buildsystem=perl_build
   dh_usrlocal -O--buildsystem=perl_build
   dh_link -O--buildsystem=perl_build
   dh_compress -O--buildsystem=perl_build
   dh_fixperms -O--buildsystem=perl_build
   dh_strip -O--buildsystem=perl_build
   dh_makeshlibs -O--buildsystem=perl_build
   dh_shlibdeps -O--buildsystem=perl_build
   dh_installdeb -O--buildsystem=perl_build
   dh_gencontrol -O--buildsystem=perl_build
   dh_md5sums -O--buildsystem=perl_build
   dh_builddeb -O--buildsystem=perl_build
dpkg-deb: building package `libdevice-cdio-perl' in `../libdevice-cdio-perl_0.3.0-1_amd64.deb'.
 dpkg-genchanges -sa >../libdevice-cdio-perl_0.3.0-1_amd64.changes
dpkg-genchanges: including full source code in upload
 dpkg-source --after-build libdevice-cdio-perl-0.3.0
dpkg-buildpackage: full upload (original source is included)
────────────────────────────────────────────────────────────────────────────────
Build finished at 20120709-2034

Finished
────────

I: Built successfully

┌──────────────────────────────────────────────────────────────────────────────┐
│ Changes                                                                      │
└──────────────────────────────────────────────────────────────────────────────┘


libdevice-cdio-perl_0.3.0-1_amd64.changes:
──────────────────────────────────────────

Format: 1.8
Date: Fri, 22 Jun 2012 08:14:42 +0300
Source: libdevice-cdio-perl
Binary: libdevice-cdio-perl
Architecture: source amd64
Version: 0.3.0-1
Distribution: unstable
Urgency: low
Maintainer: Debian Perl Group <pkg-perl-maintainers@lists.alioth.debian.org>
Changed-By: Damyan Ivanov <dmn@debian.org>
Description: 
 libdevice-cdio-perl - CD Input and control library
Closes: 677702
Changes: 
 libdevice-cdio-perl (0.3.0-1) unstable; urgency=low
 .
   * Team upload
 .
   [ gregor herrmann ]
   * debian/control: Changed: Switched Vcs-Browser field to ViewSVN
     (source stanza).
 .
   [ Nathan Handler ]
   * debian/watch: Update to ignore development releases.
 .
   [ Ansgar Burchardt ]
   * debian/control: Convert Vcs-* fields to Git.
 .
   [ gregor herrmann ]
   * New upstream release. Closes: #677702 (FTBFS with libcdio 0.83)
   * Switch to source format 3.0 (quilt); remove quilt framework.
   * Use tiny debian/rules.
   * debian/copyright: update upstream years of copyright, upstream license
     terms; add info about new third-party file.
   * Set Standards-Version to 3.9.3, remove version from perl build
     dependency.
   * debian/control: update build and runtime dependencies due to changed
     upstream requirements and package versions in Debian.
   * Mention module name in long description.
 .
   [ Martín Ferrari ]
   * debian/patches: removed a couple of patches applied upstream.
   * debian/patches: refreshed still-applying patches (and remove some
     not-relevant anymore lines in 03_version_information_in_swig.patch).
 .
   [ gregor herrmann ]
   * Refresh 03_version_information_in_swig.patch and
     04_wrong_handling_of_output_parameters.patch.
   * Drop obsolete patches 06_module_build.patch and 07_pod-coverage.patch.
   * debian/copyright: update to Copyright-Format 1.0.
   * Update years of packaging copyright.
   * Use debhelper 9.20120312 to get all hardening flags.
   * Add patch 05_tests-in-chroot.patch: skip tests that need a CDROM
     drive.
   * Add patch 06_spelling.patch to fix a spelling mistake in the POD.
Checksums-Sha1: 
 c38deed2d2f6bd437d4767240424eec469e8f723 1450 libdevice-cdio-perl_0.3.0-1.dsc
 29b854dd0c7812efa4bbfd3dab208e197647c369 358705 libdevice-cdio-perl_0.3.0.orig.tar.gz
 266fd4dc7296c55a39a3b77a2f3d3972846cbee5 5835 libdevice-cdio-perl_0.3.0-1.debian.tar.gz
 5d799f9448a16022a9b3cc60673ef833b33404f4 192676 libdevice-cdio-perl_0.3.0-1_amd64.deb
Checksums-Sha256: 
 ba1a394a393ca7618753ea28af32120169f44232f25cd072a34abb4602d450db 1450 libdevice-cdio-perl_0.3.0-1.dsc
 52e99214742eac1d40e556d9dcc5ce91c2dcb32a7a971c46719b4dff570bac98 358705 libdevice-cdio-perl_0.3.0.orig.tar.gz
 de6f650fd5a5e4af9995e2890bd5522c4029b5f8030d5833ee029f931139efdc 5835 libdevice-cdio-perl_0.3.0-1.debian.tar.gz
 35f3ee85c00847a54285ae5620c8a7388c555553fa886ff3588c6c8e148fdef6 192676 libdevice-cdio-perl_0.3.0-1_amd64.deb
Files: 
 364f5a14c3abdb89274c9cd6a18af3b9 1450 perl optional libdevice-cdio-perl_0.3.0-1.dsc
 325a17ea73073d532ace8406ca08b5d8 358705 perl optional libdevice-cdio-perl_0.3.0.orig.tar.gz
 02578413a0a9457a334b463d026dc492 5835 perl optional libdevice-cdio-perl_0.3.0-1.debian.tar.gz
 147ec29264acefaa673ccfd363e74c79 192676 perl optional libdevice-cdio-perl_0.3.0-1_amd64.deb

┌──────────────────────────────────────────────────────────────────────────────┐
│ Package contents                                                             │
└──────────────────────────────────────────────────────────────────────────────┘


libdevice-cdio-perl_0.3.0-1_amd64.deb
─────────────────────────────────────

 new debian package, version 2.0.
 size 192676 bytes: control archive= 1718 bytes.
     733 bytes,    15 lines      control              
    3012 bytes,    39 lines      md5sums              
 Package: libdevice-cdio-perl
 Version: 0.3.0-1
 Architecture: amd64
 Maintainer: Debian Perl Group <pkg-perl-maintainers@lists.alioth.debian.org>
 Installed-Size: 491
 Depends: perl (>= 5.14.2-12), perlapi-5.14.2, libc6 (>= 2.2.5), libcdio13 (>= 0.83), libiso9660-8 (>= 0.83)
 Section: perl
 Priority: optional
 Homepage: http://search.cpan.org/dist/Device-Cdio/
 Description: CD Input and control library
  Device::Cdio is a interface to the GNU CD Input and Control library (libcdio)
  and it's ISO 9660 library (libiso9660) which are written in C. The library
  encapsulates CD-ROM reading and control and ISO 9660 handling. Perl programs
  wishing to be oblivious of the OS- and device-dependent properties of a
  CD-ROM can use this library.

drwxr-xr-x root/root         0 2012-07-09 20:34 ./
drwxr-xr-x root/root         0 2012-07-09 20:34 ./usr/
drwxr-xr-x root/root         0 2012-07-09 20:34 ./usr/share/
drwxr-xr-x root/root         0 2012-07-09 20:34 ./usr/share/doc/
drwxr-xr-x root/root         0 2012-07-09 20:34 ./usr/share/doc/libdevice-cdio-perl/
-rw-r--r-- root/root      2152 2012-06-22 05:22 ./usr/share/doc/libdevice-cdio-perl/changelog.Debian.gz
-rw-r--r-- root/root      5534 2011-10-17 00:33 ./usr/share/doc/libdevice-cdio-perl/changelog.gz
drwxr-xr-x root/root         0 2012-07-09 20:34 ./usr/share/doc/libdevice-cdio-perl/examples/
-rw-r--r-- root/root      2287 2011-10-17 00:33 ./usr/share/doc/libdevice-cdio-perl/examples/audio.pl.gz
-rw-r--r-- root/root      1960 2011-10-17 00:33 ./usr/share/doc/libdevice-cdio-perl/examples/cd-read.pl.gz
-rw-r--r-- root/root      3170 2011-10-17 00:33 ./usr/share/doc/libdevice-cdio-perl/examples/checkcd.pl.gz
-rw-r--r-- root/root      1781 2011-10-17 00:33 ./usr/share/doc/libdevice-cdio-perl/examples/device.pl.gz
-rwxr-xr-x root/root      2551 2011-10-17 00:33 ./usr/share/doc/libdevice-cdio-perl/examples/tracks.pl
-rw-r--r-- root/root      1582 2011-10-17 00:33 ./usr/share/doc/libdevice-cdio-perl/examples/README
-rwxr-xr-x root/root      3102 2011-10-17 00:33 ./usr/share/doc/libdevice-cdio-perl/examples/iso3.pl
-rwxr-xr-x root/root      3131 2011-10-17 00:33 ./usr/share/doc/libdevice-cdio-perl/examples/iso2.pl
-rwxr-xr-x root/root      2539 2011-10-17 00:33 ./usr/share/doc/libdevice-cdio-perl/examples/iso1.pl
-rw-r--r-- root/root      3188 2011-10-17 00:33 ./usr/share/doc/libdevice-cdio-perl/examples/iso0.pl
-rwxr-xr-x root/root      1952 2011-10-17 00:33 ./usr/share/doc/libdevice-cdio-perl/examples/eject.pl
-rwxr-xr-x root/root      1881 2011-10-17 00:33 ./usr/share/doc/libdevice-cdio-perl/examples/drives.pl
-rwxr-xr-x root/root      1856 2011-10-17 00:33 ./usr/share/doc/libdevice-cdio-perl/examples/cdchange.pl
-rw-r--r-- root/root      1629 2012-06-22 04:16 ./usr/share/doc/libdevice-cdio-perl/copyright
drwxr-xr-x root/root         0 2012-07-09 20:34 ./usr/share/man/
drwxr-xr-x root/root         0 2012-07-09 20:34 ./usr/share/man/man3/
-rw-r--r-- root/root      2512 2012-07-09 20:34 ./usr/share/man/man3/perlmmc.3pm.gz
-rw-r--r-- root/root      5033 2012-07-09 20:34 ./usr/share/man/man3/Device::Cdio::ISO9660::IFS.3pm.gz
-rw-r--r-- root/root      3526 2012-07-09 20:34 ./usr/share/man/man3/Device::Cdio::Track.3pm.gz
-rw-r--r-- root/root      5020 2012-07-09 20:34 ./usr/share/man/man3/Device::Cdio.3pm.gz
-rw-r--r-- root/root      5426 2012-07-09 20:34 ./usr/share/man/man3/perlcdio.3pm.gz
-rw-r--r-- root/root      4503 2012-07-09 20:34 ./usr/share/man/man3/Device::Cdio::ISO9660.3pm.gz
-rw-r--r-- root/root      4163 2012-07-09 20:34 ./usr/share/man/man3/Device::Cdio::ISO9660::FS.3pm.gz
-rw-r--r-- root/root      1958 2012-07-09 20:34 ./usr/share/man/man3/Device::Cdio::Util.3pm.gz
-rw-r--r-- root/root      6220 2012-07-09 20:34 ./usr/share/man/man3/Device::Cdio::Device.3pm.gz
-rw-r--r-- root/root      6569 2012-07-09 20:34 ./usr/share/man/man3/perliso9660.3pm.gz
drwxr-xr-x root/root         0 2012-07-09 20:34 ./usr/lib/
drwxr-xr-x root/root         0 2012-07-09 20:34 ./usr/lib/perl5/
-rw-r--r-- root/root    110984 2012-07-09 20:34 ./usr/lib/perl5/perliso9660.so
-rw-r--r-- root/root     35600 2012-07-09 20:34 ./usr/lib/perl5/perlmmc.so
-rw-r--r-- root/root    135144 2012-07-09 20:34 ./usr/lib/perl5/perlcdio.so
-rw-r--r-- root/root      9675 2012-07-09 20:33 ./usr/lib/perl5/perlmmc.pm
-rw-r--r-- root/root     19877 2012-07-09 20:33 ./usr/lib/perl5/perlcdio.pm
-rw-r--r-- root/root     19010 2012-07-09 20:33 ./usr/lib/perl5/perliso9660.pm
drwxr-xr-x root/root         0 2012-07-09 20:34 ./usr/lib/perl5/Device/
-rw-r--r-- root/root     17844 2012-07-09 20:33 ./usr/lib/perl5/Device/Cdio.pm
drwxr-xr-x root/root         0 2012-07-09 20:34 ./usr/lib/perl5/Device/Cdio/
-rw-r--r-- root/root      4590 2012-07-09 20:33 ./usr/lib/perl5/Device/Cdio/Util.pm
-rw-r--r-- root/root     10251 2012-07-09 20:33 ./usr/lib/perl5/Device/Cdio/ISO9660.pm
-rw-r--r-- root/root      7703 2012-07-09 20:33 ./usr/lib/perl5/Device/Cdio/Track.pm
-rw-r--r-- root/root     21906 2012-07-09 20:33 ./usr/lib/perl5/Device/Cdio/Device.pm
drwxr-xr-x root/root         0 2012-07-09 20:34 ./usr/lib/perl5/Device/Cdio/ISO9660/
-rw-r--r-- root/root      7985 2012-07-09 20:33 ./usr/lib/perl5/Device/Cdio/ISO9660/FS.pm
-rw-r--r-- root/root     15079 2012-07-09 20:33 ./usr/lib/perl5/Device/Cdio/ISO9660/IFS.pm


┌──────────────────────────────────────────────────────────────────────────────┐
│ Post Build                                                                   │
└──────────────────────────────────────────────────────────────────────────────┘


┌──────────────────────────────────────────────────────────────────────────────┐
│ Cleanup                                                                      │
└──────────────────────────────────────────────────────────────────────────────┘

Purging /«BUILDDIR»
Not cleaning session: cloned chroot in use

┌──────────────────────────────────────────────────────────────────────────────┐
│ Summary                                                                      │
└──────────────────────────────────────────────────────────────────────────────┘

Architecture: amd64
Build-Space: 7896
Build-Time: 31
Distribution: unstable
Install-Time: 17
Job: libdevice-cdio-perl_0.3.0-1
Package: libdevice-cdio-perl
Package-Time: 85
Source-Version: 0.3.0-1
Space: 7896
Status: successful
Version: 0.3.0-1
────────────────────────────────────────────────────────────────────────────────
Finished at 20120709-2034
Build needed 00:01:25, 7896k disc space
DC-Status: OK 87.072904s
DC-Time-Estimation: 87.072904 versus expected 32 (r/m: 1.72102825 ; m: 32.0)
