DC-Build-Header: libverilog-perl 3.315-1 / Mon Jul 09 20:30:11 +0000 2012
DC-Task: logfile:/tmp/libverilog-perl_3.315-1_unstable_clang.log version:3.315-1 modes:clang chroot:unstable source:libverilog-perl esttime:66 architecture:any
DC-Sbuild-call: su user -c 'sbuild -n -A -s --force-orig-source --apt-update -d unstable -v  --chroot-setup-commands=/tmp/switch-to-clang libverilog-perl_3.315-1'
sbuild (Debian sbuild) 0.62.5 (13 Jul 2011) on ip-10-29-201-211.ec2.internal

╔══════════════════════════════════════════════════════════════════════════════╗
║ libverilog-perl 3.315-1 (amd64)                            09 Jul 2012 20:30 ║
╚══════════════════════════════════════════════════════════════════════════════╝

Package: libverilog-perl
Version: 3.315-1
Source Version: 3.315-1
Distribution: unstable
Architecture: amd64

I: NOTICE: Log filtering will replace 'build/libverilog-perl-ZNsez5/libverilog-perl-3.315' with '«PKGBUILDDIR»'
I: NOTICE: Log filtering will replace 'build/libverilog-perl-ZNsez5' with '«BUILDDIR»'
I: NOTICE: Log filtering will replace 'var/lib/schroot/mount/unstable-amd64-sbuild-9a8f0e47-844d-4325-9420-1b8ccd50b786' with '«CHROOT»'

┌──────────────────────────────────────────────────────────────────────────────┐
│ Update chroot                                                                │
└──────────────────────────────────────────────────────────────────────────────┘

Ign http://localhost unstable InRelease
Hit http://localhost unstable Release.gpg
Hit http://localhost unstable Release
Ign http://localhost unstable/main Sources/DiffIndex
Ign http://localhost unstable/main amd64 Packages/DiffIndex
Hit http://localhost unstable/main Translation-en/DiffIndex
Hit http://localhost unstable/main Sources
Hit http://localhost unstable/main amd64 Packages
Reading package lists...
Reading package lists...
Building dependency tree...
Reading state information...
0 upgraded, 0 newly installed, 0 to remove and 0 not upgraded.

┌──────────────────────────────────────────────────────────────────────────────┐
│ Fetch source files                                                           │
└──────────────────────────────────────────────────────────────────────────────┘


Check APT
─────────

Checking available source versions...

Download source files with APT
──────────────────────────────

Reading package lists...
Building dependency tree...
Reading state information...
NOTICE: 'libverilog-perl' packaging is maintained in the 'Git' version control system at:
git://git.debian.org/git/pkg-perl/packages/libverilog-perl.git
Need to get 561 kB of source archives.
Get:1 http://localhost/debian/ unstable/main libverilog-perl 3.315-1 (dsc) [2258 B]
Get:2 http://localhost/debian/ unstable/main libverilog-perl 3.315-1 (tar) [553 kB]
Get:3 http://localhost/debian/ unstable/main libverilog-perl 3.315-1 (diff) [6402 B]
Fetched 561 kB in 0s (1732 kB/s)
Download complete and in download only mode

Check arch
──────────


┌──────────────────────────────────────────────────────────────────────────────┐
│ Chroot Setup Commands                                                        │
└──────────────────────────────────────────────────────────────────────────────┘


/tmp/switch-to-clang
────────────────────

+ echo 'Entering customization script...'
Entering customization script...
+ apt-get update
Ign http://localhost unstable InRelease
Hit http://localhost unstable Release.gpg
Hit http://localhost unstable Release
Ign http://localhost unstable/main Sources/DiffIndex
Ign http://localhost unstable/main amd64 Packages/DiffIndex
Hit http://localhost unstable/main Translation-en/DiffIndex
Hit http://localhost unstable/main Sources
Hit http://localhost unstable/main amd64 Packages
Reading package lists...
+ echo 'Install of clang'
Install of clang
+ apt-get update
Ign http://localhost unstable InRelease
Hit http://localhost unstable Release.gpg
Hit http://localhost unstable Release
Ign http://localhost unstable/main Sources/DiffIndex
Ign http://localhost unstable/main amd64 Packages/DiffIndex
Hit http://localhost unstable/main Translation-en/DiffIndex
Hit http://localhost unstable/main Sources
Hit http://localhost unstable/main amd64 Packages
Reading package lists...
+ apt-get install --yes --no-install-recommends clang -t unstable
Reading package lists...
Building dependency tree...
Reading state information...
The following extra packages will be installed:
  libclang-common-dev libffi5 libllvm3.1
Recommended packages:
  llvm-3.1-dev python
The following NEW packages will be installed:
  clang libclang-common-dev libffi5 libllvm3.1
0 upgraded, 4 newly installed, 0 to remove and 0 not upgraded.
Need to get 13.1 MB of archives.
After this operation, 35.6 MB of additional disk space will be used.
Get:1 http://localhost/debian/ unstable/main libffi5 amd64 3.0.10-3 [24.8 kB]
Get:2 http://localhost/debian/ unstable/main libllvm3.1 amd64 3.1-2 [7275 kB]
Get:3 http://localhost/debian/ unstable/main libclang-common-dev amd64 3.1-8 [84.3 kB]
Get:4 http://localhost/debian/ unstable/main clang amd64 3.1-8 [5755 kB]
debconf: delaying package configuration, since apt-utils is not installed
Fetched 13.1 MB in 0s (15.4 MB/s)
Selecting previously unselected package libffi5:amd64.
(Reading database ... 11729 files and directories currently installed.)
Unpacking libffi5:amd64 (from .../libffi5_3.0.10-3_amd64.deb) ...
Selecting previously unselected package libllvm3.1:amd64.
Unpacking libllvm3.1:amd64 (from .../libllvm3.1_3.1-2_amd64.deb) ...
Selecting previously unselected package libclang-common-dev.
Unpacking libclang-common-dev (from .../libclang-common-dev_3.1-8_amd64.deb) ...
Selecting previously unselected package clang.
Unpacking clang (from .../archives/clang_3.1-8_amd64.deb) ...
Setting up libffi5:amd64 (3.0.10-3) ...
Setting up libllvm3.1:amd64 (3.1-2) ...
Setting up libclang-common-dev (3.1-8) ...
Setting up clang (3.1-8) ...
+ echo 'Replace gcc, g++ & cpp by clang'
Replace gcc, g++ & cpp by clang
+ VERSION=4.7
+ cd /usr/bin
+ rm g++-4.7 gcc-4.7 cpp-4.7
+ ln -s clang++ g++-4.7
+ ln -s clang gcc-4.7
+ ln -s clang cpp-4.7
+ cd -
/«BUILDDIR»
+ echo 'Block the installation of new gcc version'
Block the installation of new gcc version
+ dpkg --set-selections
+ echo 'gcc-4.6 hold'
+ dpkg --set-selections
+ echo 'cpp-4.6 hold'
+ dpkg --set-selections
+ echo 'g++-4.6 hold'
+ dpkg --set-selections
+ echo 'gcc-4.7 hold'
+ dpkg --set-selections
+ echo 'cpp-4.7 hold'
+ dpkg --set-selections
+ echo 'g++-4.7 hold'
+ echo 'Check if gcc, g++ & cpp are actually clang'
Check if gcc, g++ & cpp are actually clang
+ grep clang
+ gcc --version

I: Finished running '/tmp/switch-to-clang'.

Finished processing commands.
────────────────────────────────────────────────────────────────────────────────
Merged Build-Depends: build-essential, fakeroot
Filtered Build-Depends: build-essential, fakeroot
dpkg-deb: building package `sbuild-build-depends-core-dummy' in `/«BUILDDIR»/resolver-m2kaU2/apt_archive/sbuild-build-depends-core-dummy.deb'.
OK
Reading package lists...

┌──────────────────────────────────────────────────────────────────────────────┐
│ Install core build dependencies (apt-based resolver)                         │
└──────────────────────────────────────────────────────────────────────────────┘

Installing build dependencies
Reading package lists...
Building dependency tree...
Reading state information...
The following NEW packages will be installed:
  sbuild-build-depends-core-dummy
debconf: delaying package configuration, since apt-utils is not installed
0 upgraded, 1 newly installed, 0 to remove and 0 not upgraded.
Need to get 0 B/706 B of archives.
After this operation, 0 B of additional disk space will be used.
Selecting previously unselected package sbuild-build-depends-core-dummy.
(Reading database ... 11809 files and directories currently installed.)
Unpacking sbuild-build-depends-core-dummy (from .../sbuild-build-depends-core-dummy.deb) ...
Setting up sbuild-build-depends-core-dummy (0.invalid.0) ...
Merged Build-Depends: base-files, base-passwd, bash, coreutils, dash, debianutils, diffutils, dpkg, e2fsprogs, findutils, grep, gzip, hostname, ncurses-base, ncurses-bin, perl-base, sed, login, sysvinit-utils, sysvinit, tar, bsdutils, mount, util-linux, libc6-dev | libc-dev, gcc (>= 4:4.4.3), g++ (>= 4:4.4.3), make, dpkg-dev (>= 1.13.5), debhelper (>= 9.20120312), perl, flex, bison, libtest-pod-perl, libbit-vector-perl
Filtered Build-Depends: base-files, base-passwd, bash, coreutils, dash, debianutils, diffutils, dpkg, e2fsprogs, findutils, grep, gzip, hostname, ncurses-base, ncurses-bin, perl-base, sed, login, sysvinit-utils, sysvinit, tar, bsdutils, mount, util-linux, libc6-dev, gcc (>= 4:4.4.3), g++ (>= 4:4.4.3), make, dpkg-dev (>= 1.13.5), debhelper (>= 9.20120312), perl, flex, bison, libtest-pod-perl, libbit-vector-perl
dpkg-deb: building package `sbuild-build-depends-libverilog-perl-dummy' in `/«BUILDDIR»/resolver-hIrQfA/apt_archive/sbuild-build-depends-libverilog-perl-dummy.deb'.
OK
Reading package lists...

┌──────────────────────────────────────────────────────────────────────────────┐
│ Install libverilog-perl build dependencies (apt-based resolver)              │
└──────────────────────────────────────────────────────────────────────────────┘

Installing build dependencies
Reading package lists...
Building dependency tree...
Reading state information...
The following extra packages will be installed:
  bison bsdmainutils debhelper file flex gettext gettext-base groff-base
  html2text intltool-debian libasprintf0c2 libbison-dev libbit-vector-perl
  libcarp-clan-perl libcroco3 libgettextpo0 libglib2.0-0 libio-stringy-perl
  libmagic1 libpcre3 libpipeline1 libtest-pod-perl libunistring0 libxml2 m4
  man-db po-debconf
Suggested packages:
  bison-doc wamerican wordlist whois vacation dh-make gettext-doc groff less
  www-browser libmail-box-perl
Recommended packages:
  curl wget lynx-cur autopoint libglib2.0-data shared-mime-info xml-core
  libmail-sendmail-perl
The following NEW packages will be installed:
  bison bsdmainutils debhelper file flex gettext gettext-base groff-base
  html2text intltool-debian libasprintf0c2 libbison-dev libbit-vector-perl
  libcarp-clan-perl libcroco3 libgettextpo0 libglib2.0-0 libio-stringy-perl
  libmagic1 libpcre3 libpipeline1 libtest-pod-perl libunistring0 libxml2 m4
  man-db po-debconf sbuild-build-depends-libverilog-perl-dummy
0 upgraded, 28 newly installed, 0 to remove and 0 not upgraded.
Need to get 11.8 MB/11.8 MB of archives.
After this operation, 29.3 MB of additional disk space will be used.
Get:1 http://localhost/debian/ unstable/main libpipeline1 amd64 1.2.1-1 [39.2 kB]
Get:2 http://localhost/debian/ unstable/main libasprintf0c2 amd64 0.18.1.1-9 [26.8 kB]
Get:3 http://localhost/debian/ unstable/main libmagic1 amd64 5.11-2 [202 kB]
Get:4 http://localhost/debian/ unstable/main libpcre3 amd64 1:8.30-5 [242 kB]
Get:5 http://localhost/debian/ unstable/main libxml2 amd64 2.8.0+dfsg1-4 [903 kB]
Get:6 http://localhost/debian/ unstable/main m4 amd64 1.4.16-3 [260 kB]
Get:7 http://localhost/debian/ unstable/main flex amd64 2.5.35-10.1 [332 kB]
Get:8 http://localhost/debian/ unstable/main libglib2.0-0 amd64 2.32.3-1 [2081 kB]
Get:9 http://localhost/debian/ unstable/main libcroco3 amd64 0.6.5-1 [151 kB]
Get:10 http://localhost/debian/ unstable/main libunistring0 amd64 0.9.3-5 [434 kB]
Get:11 http://localhost/debian/ unstable/main libgettextpo0 amd64 0.18.1.1-9 [145 kB]
Get:12 http://localhost/debian/ unstable/main bsdmainutils amd64 9.0.3 [209 kB]
Get:13 http://localhost/debian/ unstable/main groff-base amd64 1.21-9 [1153 kB]
Get:14 http://localhost/debian/ unstable/main man-db amd64 2.6.2-1 [1061 kB]
Get:15 http://localhost/debian/ unstable/main file amd64 5.11-2 [51.8 kB]
Get:16 http://localhost/debian/ unstable/main gettext-base amd64 0.18.1.1-9 [154 kB]
Get:17 http://localhost/debian/ unstable/main libbison-dev amd64 1:2.5.dfsg-2.1 [289 kB]
Get:18 http://localhost/debian/ unstable/main bison amd64 1:2.5.dfsg-2.1 [689 kB]
Get:19 http://localhost/debian/ unstable/main html2text amd64 1.3.2a-15 [103 kB]
Get:20 http://localhost/debian/ unstable/main gettext amd64 0.18.1.1-9 [1975 kB]
Get:21 http://localhost/debian/ unstable/main intltool-debian all 0.35.0+20060710.1 [30.8 kB]
Get:22 http://localhost/debian/ unstable/main po-debconf all 1.0.16+nmu2 [224 kB]
Get:23 http://localhost/debian/ unstable/main debhelper all 9.20120608 [700 kB]
Get:24 http://localhost/debian/ unstable/main libcarp-clan-perl all 6.04-1 [15.8 kB]
Get:25 http://localhost/debian/ unstable/main libbit-vector-perl amd64 7.2-1 [172 kB]
Get:26 http://localhost/debian/ unstable/main libio-stringy-perl all 2.110-5 [98.3 kB]
Get:27 http://localhost/debian/ unstable/main libtest-pod-perl all 1.44-1 [13.6 kB]
debconf: delaying package configuration, since apt-utils is not installed
Fetched 11.8 MB in 1s (7510 kB/s)
Selecting previously unselected package libpipeline1:amd64.
(Reading database ... 11809 files and directories currently installed.)
Unpacking libpipeline1:amd64 (from .../libpipeline1_1.2.1-1_amd64.deb) ...
Selecting previously unselected package libasprintf0c2:amd64.
Unpacking libasprintf0c2:amd64 (from .../libasprintf0c2_0.18.1.1-9_amd64.deb) ...
Selecting previously unselected package libmagic1:amd64.
Unpacking libmagic1:amd64 (from .../libmagic1_5.11-2_amd64.deb) ...
Selecting previously unselected package libpcre3:amd64.
Unpacking libpcre3:amd64 (from .../libpcre3_1%3a8.30-5_amd64.deb) ...
Selecting previously unselected package libxml2:amd64.
Unpacking libxml2:amd64 (from .../libxml2_2.8.0+dfsg1-4_amd64.deb) ...
Selecting previously unselected package m4.
Unpacking m4 (from .../archives/m4_1.4.16-3_amd64.deb) ...
Selecting previously unselected package flex.
Unpacking flex (from .../flex_2.5.35-10.1_amd64.deb) ...
Selecting previously unselected package libglib2.0-0:amd64.
Unpacking libglib2.0-0:amd64 (from .../libglib2.0-0_2.32.3-1_amd64.deb) ...
Selecting previously unselected package libcroco3:amd64.
Unpacking libcroco3:amd64 (from .../libcroco3_0.6.5-1_amd64.deb) ...
Selecting previously unselected package libunistring0:amd64.
Unpacking libunistring0:amd64 (from .../libunistring0_0.9.3-5_amd64.deb) ...
Selecting previously unselected package libgettextpo0:amd64.
Unpacking libgettextpo0:amd64 (from .../libgettextpo0_0.18.1.1-9_amd64.deb) ...
Selecting previously unselected package bsdmainutils.
Unpacking bsdmainutils (from .../bsdmainutils_9.0.3_amd64.deb) ...
Selecting previously unselected package groff-base.
Unpacking groff-base (from .../groff-base_1.21-9_amd64.deb) ...
Selecting previously unselected package man-db.
Unpacking man-db (from .../man-db_2.6.2-1_amd64.deb) ...
Selecting previously unselected package file.
Unpacking file (from .../archives/file_5.11-2_amd64.deb) ...
Selecting previously unselected package gettext-base.
Unpacking gettext-base (from .../gettext-base_0.18.1.1-9_amd64.deb) ...
Selecting previously unselected package libbison-dev:amd64.
Unpacking libbison-dev:amd64 (from .../libbison-dev_1%3a2.5.dfsg-2.1_amd64.deb) ...
Selecting previously unselected package bison.
Unpacking bison (from .../bison_1%3a2.5.dfsg-2.1_amd64.deb) ...
Selecting previously unselected package html2text.
Unpacking html2text (from .../html2text_1.3.2a-15_amd64.deb) ...
Selecting previously unselected package gettext.
Unpacking gettext (from .../gettext_0.18.1.1-9_amd64.deb) ...
Selecting previously unselected package intltool-debian.
Unpacking intltool-debian (from .../intltool-debian_0.35.0+20060710.1_all.deb) ...
Selecting previously unselected package po-debconf.
Unpacking po-debconf (from .../po-debconf_1.0.16+nmu2_all.deb) ...
Selecting previously unselected package debhelper.
Unpacking debhelper (from .../debhelper_9.20120608_all.deb) ...
Selecting previously unselected package libcarp-clan-perl.
Unpacking libcarp-clan-perl (from .../libcarp-clan-perl_6.04-1_all.deb) ...
Selecting previously unselected package libbit-vector-perl.
Unpacking libbit-vector-perl (from .../libbit-vector-perl_7.2-1_amd64.deb) ...
Selecting previously unselected package libio-stringy-perl.
Unpacking libio-stringy-perl (from .../libio-stringy-perl_2.110-5_all.deb) ...
Selecting previously unselected package libtest-pod-perl.
Unpacking libtest-pod-perl (from .../libtest-pod-perl_1.44-1_all.deb) ...
Selecting previously unselected package sbuild-build-depends-libverilog-perl-dummy.
Unpacking sbuild-build-depends-libverilog-perl-dummy (from .../sbuild-build-depends-libverilog-perl-dummy.deb) ...
Setting up libpipeline1:amd64 (1.2.1-1) ...
Setting up libasprintf0c2:amd64 (0.18.1.1-9) ...
Setting up libmagic1:amd64 (5.11-2) ...
Setting up libpcre3:amd64 (1:8.30-5) ...
Setting up libxml2:amd64 (2.8.0+dfsg1-4) ...
Setting up m4 (1.4.16-3) ...
Setting up flex (2.5.35-10.1) ...
Setting up libglib2.0-0:amd64 (2.32.3-1) ...
No schema files found: doing nothing.
Setting up libcroco3:amd64 (0.6.5-1) ...
Setting up libunistring0:amd64 (0.9.3-5) ...
Setting up libgettextpo0:amd64 (0.18.1.1-9) ...
Setting up bsdmainutils (9.0.3) ...
update-alternatives: using /usr/bin/bsd-write to provide /usr/bin/write (write) in auto mode
update-alternatives: using /usr/bin/bsd-from to provide /usr/bin/from (from) in auto mode
Setting up groff-base (1.21-9) ...
Setting up man-db (2.6.2-1) ...
Building database of manual pages ...
Setting up file (5.11-2) ...
Setting up gettext-base (0.18.1.1-9) ...
Setting up libbison-dev:amd64 (1:2.5.dfsg-2.1) ...
Setting up bison (1:2.5.dfsg-2.1) ...
update-alternatives: using /usr/bin/bison.yacc to provide /usr/bin/yacc (yacc) in auto mode
Setting up html2text (1.3.2a-15) ...
Setting up gettext (0.18.1.1-9) ...
Setting up intltool-debian (0.35.0+20060710.1) ...
Setting up po-debconf (1.0.16+nmu2) ...
Setting up debhelper (9.20120608) ...
Setting up libcarp-clan-perl (6.04-1) ...
Setting up libbit-vector-perl (7.2-1) ...
Setting up libio-stringy-perl (2.110-5) ...
Setting up libtest-pod-perl (1.44-1) ...
Setting up sbuild-build-depends-libverilog-perl-dummy (0.invalid.0) ...

┌──────────────────────────────────────────────────────────────────────────────┐
│ Build environment                                                            │
└──────────────────────────────────────────────────────────────────────────────┘

Kernel: Linux 2.6.32-5-xen-amd64 amd64 (x86_64)
Toolchain package versions: binutils_2.22-7 dpkg-dev_1.16.7 g++-4.6_4.6.3-8 g++-4.7_4.7.1-3 gcc-4.6_4.6.3-8 gcc-4.7_4.7.1-3 libc6-dev_2.13-34 libstdc++6_4.7.1-3 libstdc++6-4.6-dev_4.6.3-8 libstdc++6-4.7-dev_4.7.1-3 linux-libc-dev_3.2.21-3
Package versions: apt_0.9.7.1 base-files_6.11 base-passwd_3.5.26 bash_4.2-3 binutils_2.22-7 bison_1:2.5.dfsg-2.1 bsdmainutils_9.0.3 bsdutils_1:2.20.1-5.1 build-essential_11.5 bzip2_1.0.6-3 clang_3.1-8 coreutils_8.13-3.2 cpp_4:4.7.1-1 cpp-4.6_4.6.3-8 cpp-4.7_4.7.1-3 dash_0.5.7-3 debconf_1.5.45 debconf-i18n_1.5.45 debfoster_2.7-1.1 debhelper_9.20120608 debian-archive-keyring_2012.4 debianutils_4.3.2 diffutils_1:3.2-6 dpkg_1.16.7 dpkg-dev_1.16.7 e2fslibs_1.42.4-3 e2fsprogs_1.42.4-3 fakeroot_1.18.4-2 file_5.11-2 findutils_4.4.2-4 flex_2.5.35-10.1 g++_4:4.7.1-1 g++-4.6_4.6.3-8 g++-4.7_4.7.1-3 gcc_4:4.7.1-1 gcc-4.4-base_4.4.7-1 gcc-4.5-base_4.5.4-1 gcc-4.6_4.6.3-8 gcc-4.6-base_4.6.3-8 gcc-4.7_4.7.1-3 gcc-4.7-base_4.7.1-3 gettext_0.18.1.1-9 gettext-base_0.18.1.1-9 gnupg_1.4.12-4+b1 gpgv_1.4.12-4+b1 grep_2.12-2 groff-base_1.21-9 gzip_1.5-1.1 hostname_3.11 html2text_1.3.2a-15 initscripts_2.88dsf-28 insserv_1.14.0-4 intltool-debian_0.35.0+20060710.1 libacl1_2.2.51-8 libapt-pkg4.12_0.9.7.1 libasprintf0c2_0.18.1.1-9 libattr1_1:2.4.46-8 libbison-dev_1:2.5.dfsg-2.1 libbit-vector-perl_7.2-1 libblkid1_2.20.1-5.1 libbz2-1.0_1.0.6-3 libc-bin_2.13-34 libc-dev-bin_2.13-34 libc6_2.13-34 libc6-dev_2.13-34 libcarp-clan-perl_6.04-1 libclang-common-dev_3.1-8 libclass-isa-perl_0.36-3 libcomerr2_1.42.4-3 libcroco3_0.6.5-1 libdb5.1_5.1.29-5 libdpkg-perl_1.16.7 libffi5_3.0.10-3 libfile-fcntllock-perl_0.14-2 libgc1c2_1:7.1-8 libgcc1_1:4.7.1-3 libgdbm3_1.8.3-11 libgettextpo0_0.18.1.1-9 libglib2.0-0_2.32.3-1 libgmp10_2:5.0.5+dfsg-2 libgomp1_4.7.1-3 libio-stringy-perl_2.110-5 libitm1_4.7.1-3 libllvm3.1_3.1-2 liblocale-gettext-perl_1.05-7+b1 liblzma5_5.1.1alpha+20120614-1 libmagic1_5.11-2 libmount1_2.20.1-5.1 libmpc2_0.9-4 libmpfr4_3.1.0-5 libncurses5_5.9-10 libpam-modules_1.1.3-7.1 libpam-modules-bin_1.1.3-7.1 libpam-runtime_1.1.3-7.1 libpam0g_1.1.3-7.1 libpcre3_1:8.30-5 libpipeline1_1.2.1-1 libquadmath0_4.7.1-3 libreadline6_6.2-8 libselinux1_2.1.9-5 libsemanage-common_2.1.6-6 libsemanage1_2.1.6-6 libsepol1_2.1.4-3 libslang2_2.2.4-15 libss2_1.42.4-3 libstdc++6_4.7.1-3 libstdc++6-4.6-dev_4.6.3-8 libstdc++6-4.7-dev_4.7.1-3 libswitch-perl_2.16-2 libtest-pod-perl_1.44-1 libtext-charwidth-perl_0.04-7+b1 libtext-iconv-perl_1.7-5 libtext-wrapi18n-perl_0.06-7 libtimedate-perl_1.2000-1 libtinfo5_5.9-10 libunistring0_0.9.3-5 libusb-0.1-4_2:0.1.12-23 libustr-1.0-1_1.0.4-3 libuuid1_2.20.1-5.1 libxml2_2.8.0+dfsg1-4 linux-libc-dev_3.2.21-3 login_1:4.1.5.1-1 lsb-base_4.1+Debian7 m4_1.4.16-3 make_3.81-8.2 man-db_2.6.2-1 mawk_1.3.3-17 mount_2.20.1-5.1 multiarch-support_2.13-34 ncurses-base_5.9-10 ncurses-bin_5.9-10 passwd_1:4.1.5.1-1 patch_2.6.1-3 perl_5.14.2-12 perl-base_5.14.2-12 perl-modules_5.14.2-12 po-debconf_1.0.16+nmu2 readline-common_6.2-8 sbuild-build-depends-core-dummy_0.invalid.0 sbuild-build-depends-libverilog-perl-dummy_0.invalid.0 sed_4.2.1-10 sensible-utils_0.0.7 sysv-rc_2.88dsf-28 sysvinit_2.88dsf-28 sysvinit-utils_2.88dsf-28 tar_1.26-4 tzdata_2012c-1 ucf_3.0025+nmu3 util-linux_2.20.1-5.1 xz-utils_5.1.1alpha+20120614-1 zlib1g_1:1.2.7.dfsg-13

┌──────────────────────────────────────────────────────────────────────────────┐
│ Build                                                                        │
└──────────────────────────────────────────────────────────────────────────────┘


Unpack source
─────────────

gpgv: keyblock resource `/sbuild-nonexistent/.gnupg/trustedkeys.gpg': file open error
gpgv: Signature made Sat May  5 22:59:31 2012 UTC using RSA key ID 8649AA06
gpgv: Can't check signature: public key not found
dpkg-source: warning: failed to verify signature on ./libverilog-perl_3.315-1.dsc
dpkg-source: info: extracting libverilog-perl in libverilog-perl-3.315
dpkg-source: info: unpacking libverilog-perl_3.315.orig.tar.gz
dpkg-source: info: unpacking libverilog-perl_3.315-1.debian.tar.gz

Check disc space
────────────────

Sufficient free space for build

User Environment
────────────────

HOME=/sbuild-nonexistent
LOGNAME=root
PATH=/usr/local/sbin:/usr/local/bin:/usr/sbin:/usr/bin:/sbin:/bin:/usr/bin/X11
SCHROOT_CHROOT_NAME=unstable-amd64-sbuild
SCHROOT_COMMAND=env
SCHROOT_GID=0
SCHROOT_GROUP=root
SCHROOT_SESSION_ID=unstable-amd64-sbuild-9a8f0e47-844d-4325-9420-1b8ccd50b786
SCHROOT_UID=0
SCHROOT_USER=root
SHELL=/bin/sh
USER=root

dpkg-buildpackage
─────────────────

dpkg-buildpackage: warning: using a gain-root-command while being root
dpkg-buildpackage: source package libverilog-perl
dpkg-buildpackage: source version 3.315-1
dpkg-buildpackage: source changed by Florian Schlichting <fschlich@zedat.fu-berlin.de>
 dpkg-source --before-build libverilog-perl-3.315
dpkg-buildpackage: host architecture amd64
 fakeroot debian/rules clean
dh clean
   dh_testdir
   dh_auto_clean
   dh_clean
 dpkg-source -b libverilog-perl-3.315
dpkg-source: info: using source format `3.0 (quilt)'
dpkg-source: info: building libverilog-perl using existing ./libverilog-perl_3.315.orig.tar.gz
dpkg-source: info: building libverilog-perl in libverilog-perl_3.315-1.debian.tar.gz
dpkg-source: info: building libverilog-perl in libverilog-perl_3.315-1.dsc
 debian/rules build
dh build
   dh_testdir
   dh_auto_configure
Checking if your kit is complete...
Looks good
Writing Makefile for Verilog::Parser
Writing MYMETA.yml
Writing Makefile for Verilog::Preproc
Writing MYMETA.yml
Writing Makefile for Verilog::Language
Writing MYMETA.yml
   dh_auto_build
make[1]: Entering directory `/«PKGBUILDDIR»'
cp Netlist/Cell.pm blib/lib/Verilog/Netlist/Cell.pm
cp Getopt.pm blib/lib/Verilog/Getopt.pm
cp Language.pm blib/lib/Verilog/Language.pm
cp Std.pm blib/lib/Verilog/Std.pm
cp Netlist.pm blib/lib/Verilog/Netlist.pm
cp Netlist/Interface.pm blib/lib/Verilog/Netlist/Interface.pm
cp Netlist/Module.pm blib/lib/Verilog/Netlist/Module.pm
cp Netlist/ModPort.pm blib/lib/Verilog/Netlist/ModPort.pm
cp EditFiles.pm blib/lib/Verilog/EditFiles.pm
cp Netlist/Defparam.pm blib/lib/Verilog/Netlist/Defparam.pm
cp Netlist/Net.pm blib/lib/Verilog/Netlist/Net.pm
cp Netlist/Logger.pm blib/lib/Verilog/Netlist/Logger.pm
cp Netlist/Port.pm blib/lib/Verilog/Netlist/Port.pm
cp Verilog-Perl.pod blib/lib/Verilog/Verilog-Perl.pod
cp Netlist/Pin.pm blib/lib/Verilog/Netlist/Pin.pm
cp Netlist/ContAssign.pm blib/lib/Verilog/Netlist/ContAssign.pm
cp Netlist/Subclass.pm blib/lib/Verilog/Netlist/Subclass.pm
cp Netlist/File.pm blib/lib/Verilog/Netlist/File.pm
make[2]: Entering directory `/«PKGBUILDDIR»/Parser'
cp Parser.pm ../blib/lib/Verilog/Parser.pm
cp SigParser.pm ../blib/lib/Verilog/SigParser.pm
/usr/bin/perl /usr/share/perl/5.14.2/ExtUtils/xsubpp  -C++ -typemap /usr/share/perl/5.14/ExtUtils/typemap -typemap typemap  Parser.xs > Parser.xsc && mv Parser.xsc Parser.c
rm -rf VParseBison.c VParseBison.cpp
bison --version | head -1
bison (GNU Bison) 2.5
Note: toolhash ignores VParseBison.output; remove gen/ if you want to debug the grammar
Note: If the next command fails, you probably need to install Bison 1.875 or newer
/usr/bin/perl ../Preproc/toolhash --verbose --name bisonpre --vercmd bison --skip-cmd 1 \
		--in VParseBison.y bisonpre \
		--out VParseBison.c VParseBison.h \
		--cmd /usr/bin/perl bisonpre --yacc bison --debug --verbose --d -p VParseBison -k VParseBison.y -o VParseBison.c
  edit VParseBison.y VParseBison_pretmp.y
  bison -t -d -k -v --report=itemset --report=lookahead -p VParseBison -b VParseBison_pretmp -o VParseBison_pretmp.c VParseBison_pretmp.y
  edit VParseBison_pretmp.output VParseBison.output
  edit VParseBison_pretmp.c VParseBison.c
  edit VParseBison_pretmp.h VParseBison.h
toolhash: Cache hit running bisonpre
mv VParseBison.c VParseBison.cpp
/usr/bin/perl callbackgen
callbackgen edited Parser_callbackgen.cpp
/usr/bin/perl ../Preproc/xsubppfix < Parser.c > Parser_cleaned.c
g++ -c   -D_REENTRANT -D_GNU_SOURCE -DDEBIAN -fstack-protector -fno-strict-aliasing -pipe -I/usr/local/include -D_LARGEFILE_SOURCE -D_FILE_OFFSET_BITS=64 -I../Preproc -O -g   -DVERSION=\"3.315\" -DXS_VERSION=\"3.315\" -fPIC "-I/usr/lib/perl/5.14/CORE"   Parser_cleaned.c
clang: warning: treating 'c' input as 'c++' when in C++ mode, this behavior is deprecated
g++ -c   -D_REENTRANT -D_GNU_SOURCE -DDEBIAN -fstack-protector -fno-strict-aliasing -pipe -I/usr/local/include -D_LARGEFILE_SOURCE -D_FILE_OFFSET_BITS=64 -I../Preproc -O -g   -DVERSION=\"3.315\" -DXS_VERSION=\"3.315\" -fPIC "-I/usr/lib/perl/5.14/CORE"   ../Preproc/VFileLine.cpp
flex --version
flex 2.5.35
/usr/bin/perl ../Preproc/toolhash --verbose --in VParseLex.l --out VParseLex_pretmp.cpp --cmd flex -d -oVParseLex_pretmp.cpp VParseLex.l
toolhash: Cache hit running flex
/usr/bin/perl ../Preproc/flexfix VParseLex < VParseLex_pretmp.cpp > VParseLex.cpp
g++ -c   -D_REENTRANT -D_GNU_SOURCE -DDEBIAN -fstack-protector -fno-strict-aliasing -pipe -I/usr/local/include -D_LARGEFILE_SOURCE -D_FILE_OFFSET_BITS=64 -I../Preproc -O -g   -DVERSION=\"3.315\" -DXS_VERSION=\"3.315\" -fPIC "-I/usr/lib/perl/5.14/CORE"   VParseLex.cpp
g++ -c   -D_REENTRANT -D_GNU_SOURCE -DDEBIAN -fstack-protector -fno-strict-aliasing -pipe -I/usr/local/include -D_LARGEFILE_SOURCE -D_FILE_OFFSET_BITS=64 -I../Preproc -O -g   -DVERSION=\"3.315\" -DXS_VERSION=\"3.315\" -fPIC "-I/usr/lib/perl/5.14/CORE"   VParse.cpp
g++ -c   -D_REENTRANT -D_GNU_SOURCE -DDEBIAN -fstack-protector -fno-strict-aliasing -pipe -I/usr/local/include -D_LARGEFILE_SOURCE -D_FILE_OFFSET_BITS=64 -I../Preproc -O -g   -DVERSION=\"3.315\" -DXS_VERSION=\"3.315\" -fPIC "-I/usr/lib/perl/5.14/CORE"   VParseBison.cpp
g++ -c   -D_REENTRANT -D_GNU_SOURCE -DDEBIAN -fstack-protector -fno-strict-aliasing -pipe -I/usr/local/include -D_LARGEFILE_SOURCE -D_FILE_OFFSET_BITS=64 -I../Preproc -O -g   -DVERSION=\"3.315\" -DXS_VERSION=\"3.315\" -fPIC "-I/usr/lib/perl/5.14/CORE"   VSymTable.cpp
g++ -c   -D_REENTRANT -D_GNU_SOURCE -DDEBIAN -fstack-protector -fno-strict-aliasing -pipe -I/usr/local/include -D_LARGEFILE_SOURCE -D_FILE_OFFSET_BITS=64 -I../Preproc -O -g   -DVERSION=\"3.315\" -DXS_VERSION=\"3.315\" -fPIC "-I/usr/lib/perl/5.14/CORE"   VAst.cpp
VAst.cpp:134:5: warning: expression result unused [-Wunused-value]
    hv_store(hvp, name.c_str(), name.length(), newRV((SV*)newentp), 0);
    ^~~~~~~~~~~~~~~~~~~~~~~~~~~~~~~~~~~~~~~~~~~~~~~~~~~~~~~~~~~~~~~~~~
/usr/lib/perl/5.14/CORE/hv.h:476:6: note: expanded from macro 'hv_store'
    ((SV**) hv_common_key_len((hv), (key), (klen),                      \
     ^
VAst.cpp:147:5: warning: expression result unused [-Wunused-value]
    hv_store(hvp, name.c_str(), name.length(), newRV_noinc((SV*)sub_avp), 0);
    ^~~~~~~~~~~~~~~~~~~~~~~~~~~~~~~~~~~~~~~~~~~~~~~~~~~~~~~~~~~~~~~~~~~~~~~~
/usr/lib/perl/5.14/CORE/hv.h:476:6: note: expanded from macro 'hv_store'
    ((SV**) hv_common_key_len((hv), (key), (klen),                      \
     ^
2 warnings generated.
Running Mkbootstrap for Verilog::Parser ()
chmod 644 Parser.bs
rm -f ../blib/arch/auto/Verilog/Parser/Parser.so
cc -g -O2 -fstack-protector --param=ssp-buffer-size=4 -Wformat -Werror=format-security -Wl,-z,relro  -shared -L/usr/local/lib -fstack-protector VFileLine.o VParseLex.o VParse.o VParseBison.o VSymTable.o VAst.o   -o ../blib/arch/auto/Verilog/Parser/Parser.so Parser_cleaned.o	\
	   -lstdc++  	\
	  
clang: warning: argument unused during compilation: '--param ssp-buffer-size=4'
chmod 755 ../blib/arch/auto/Verilog/Parser/Parser.so
cp Parser.bs ../blib/arch/auto/Verilog/Parser/Parser.bs
chmod 644 ../blib/arch/auto/Verilog/Parser/Parser.bs
Manifying ../blib/man3/Verilog::Parser.3pm
Manifying ../blib/man3/Verilog::SigParser.3pm
make[2]: Leaving directory `/«PKGBUILDDIR»/Parser'
make[2]: Entering directory `/«PKGBUILDDIR»/Preproc'
cp Preproc.pm ../blib/lib/Verilog/Preproc.pm
/usr/bin/perl /usr/share/perl/5.14.2/ExtUtils/xsubpp  -C++ -typemap /usr/share/perl/5.14/ExtUtils/typemap -typemap typemap  Preproc.xs > Preproc.xsc && mv Preproc.xsc Preproc.c
/usr/bin/perl ../Preproc/xsubppfix < Preproc.c > Preproc_cleaned.c
g++ -c   -D_REENTRANT -D_GNU_SOURCE -DDEBIAN -fstack-protector -fno-strict-aliasing -pipe -I/usr/local/include -D_LARGEFILE_SOURCE -D_FILE_OFFSET_BITS=64 -I../Preproc -O -g   -DVERSION=\"3.315\" -DXS_VERSION=\"3.315\" -fPIC "-I/usr/lib/perl/5.14/CORE"   Preproc_cleaned.c
clang: warning: treating 'c' input as 'c++' when in C++ mode, this behavior is deprecated
g++ -c   -D_REENTRANT -D_GNU_SOURCE -DDEBIAN -fstack-protector -fno-strict-aliasing -pipe -I/usr/local/include -D_LARGEFILE_SOURCE -D_FILE_OFFSET_BITS=64 -I../Preproc -O -g   -DVERSION=\"3.315\" -DXS_VERSION=\"3.315\" -fPIC "-I/usr/lib/perl/5.14/CORE"   VFileLine.cpp
g++ -c   -D_REENTRANT -D_GNU_SOURCE -DDEBIAN -fstack-protector -fno-strict-aliasing -pipe -I/usr/local/include -D_LARGEFILE_SOURCE -D_FILE_OFFSET_BITS=64 -I../Preproc -O -g   -DVERSION=\"3.315\" -DXS_VERSION=\"3.315\" -fPIC "-I/usr/lib/perl/5.14/CORE"   VPreProc.cpp
flex --version
flex 2.5.35
/usr/bin/perl ../Preproc/toolhash --verbose --in VPreLex.l --out VPreLex_pretmp.cpp --cmd flex  -oVPreLex_pretmp.cpp VPreLex.l
toolhash: Cache hit running flex
/usr/bin/perl ../Preproc/flexfix VPreLex < VPreLex_pretmp.cpp > VPreLex.cpp
g++ -c   -D_REENTRANT -D_GNU_SOURCE -DDEBIAN -fstack-protector -fno-strict-aliasing -pipe -I/usr/local/include -D_LARGEFILE_SOURCE -D_FILE_OFFSET_BITS=64 -I../Preproc -O -g   -DVERSION=\"3.315\" -DXS_VERSION=\"3.315\" -fPIC "-I/usr/lib/perl/5.14/CORE"   VPreLex.cpp
Running Mkbootstrap for Verilog::Preproc ()
chmod 644 Preproc.bs
rm -f ../blib/arch/auto/Verilog/Preproc/Preproc.so
cc -g -O2 -fstack-protector --param=ssp-buffer-size=4 -Wformat -Werror=format-security -Wl,-z,relro  -shared -L/usr/local/lib -fstack-protector VFileLine.o VPreProc.o VPreLex.o  -o ../blib/arch/auto/Verilog/Preproc/Preproc.so Preproc_cleaned.o	\
	   -lstdc++  	\
	  
clang: warning: argument unused during compilation: '--param ssp-buffer-size=4'
chmod 755 ../blib/arch/auto/Verilog/Preproc/Preproc.so
cp Preproc.bs ../blib/arch/auto/Verilog/Preproc/Preproc.bs
chmod 644 ../blib/arch/auto/Verilog/Preproc/Preproc.bs
Manifying ../blib/man3/Verilog::Preproc.3pm
make[2]: Leaving directory `/«PKGBUILDDIR»/Preproc'
cp vsplitmodule blib/script/vsplitmodule
/usr/bin/perl -MExtUtils::MY -e 'MY->fixin(shift)' -- blib/script/vsplitmodule
cp vrename blib/script/vrename
/usr/bin/perl -MExtUtils::MY -e 'MY->fixin(shift)' -- blib/script/vrename
cp vppreproc blib/script/vppreproc
/usr/bin/perl -MExtUtils::MY -e 'MY->fixin(shift)' -- blib/script/vppreproc
cp vpassert blib/script/vpassert
/usr/bin/perl -MExtUtils::MY -e 'MY->fixin(shift)' -- blib/script/vpassert
cp vhier blib/script/vhier
/usr/bin/perl -MExtUtils::MY -e 'MY->fixin(shift)' -- blib/script/vhier
Manifying blib/man1/vrename.1p
Manifying blib/man1/vppreproc.1p
Manifying blib/man1/vpassert.1p
Manifying blib/man1/vhier.1p
Manifying blib/man3/Verilog::Netlist::Cell.3pm
Manifying blib/man3/Verilog::Getopt.3pm
Manifying blib/man3/Verilog::Language.3pm
Manifying blib/man3/Verilog::Netlist.3pm
Manifying blib/man3/Verilog::Std.3pm
Manifying blib/man3/Verilog::Netlist::Interface.3pm
Manifying blib/man3/Verilog::Netlist::Module.3pm
Manifying blib/man3/Verilog::Netlist::ModPort.3pm
Manifying blib/man3/Verilog::EditFiles.3pm
Manifying blib/man3/Verilog::Netlist::Defparam.3pm
Manifying blib/man3/Verilog::Netlist::Net.3pm
Manifying blib/man3/Verilog::Netlist::Logger.3pm
Manifying blib/man3/Verilog::Netlist::Port.3pm
Manifying blib/man3/Verilog::Verilog-Perl.3pm
Manifying blib/man3/Verilog::Netlist::Pin.3pm
Manifying blib/man3/Verilog::Netlist::ContAssign.3pm
Manifying blib/man3/Verilog::Netlist::File.3pm
Manifying blib/man3/Verilog::Netlist::Subclass.3pm
make[1]: Leaving directory `/«PKGBUILDDIR»'
   dh_auto_test
make[1]: Entering directory `/«PKGBUILDDIR»'
make[2]: Entering directory `/«PKGBUILDDIR»/Parser'
make[2]: Leaving directory `/«PKGBUILDDIR»/Parser'
make[2]: Entering directory `/«PKGBUILDDIR»/Preproc'
make[2]: Leaving directory `/«PKGBUILDDIR»/Preproc'
PERL_DL_NONLAZY=1 /usr/bin/perl "-MExtUtils::Command::MM" "-e" "test_harness(0, 'blib/lib', 'blib/arch')" t/*.t
t/00_pod.t ........... ok
t/01_manifest.t ...... ok
t/02_help.t .......... ok
t/03_spaces.t ........ ok
t/04_critic.t ........ ok
t/05_yaml.t .......... ok
t/10_keywords.t ...... ok
t/12_splitbus.t ...... ok
t/14_numbers.t ....... ok
t/16_std.t ........... ok
t/20_getopt.t ........ ok
t/30_preproc.t ....... ok
t/32_noinc.t ......... ok
t/34_parser.t ........ ok
t/35_sigparser.t ..... ok
t/36_sigmany.t ....... ok
t/40_netlist.t ....... ok
t/41_example.t ....... ok
t/42_dumpcheck.t ..... ok
t/44_create.t ........ ok
t/46_link.t .......... ok
t/48_leak.t .......... ok
t/49_largeish.t ...... ok
t/50_vrename.t ....... ok
t/51_vrename_kwd.t ... ok
t/56_editfiles.t ..... ok
t/58_vsplitmodule.t .. ok
t/60_vpassert.t ...... ok
t/80_vppreproc.t ..... ok
t/85_vhier.t ......... ok
t/86_vhier_tick.t .... ok
All tests successful.
Files=31, Tests=438, 11 wallclock secs ( 0.23 usr  0.15 sys +  8.84 cusr  1.24 csys = 10.46 CPU)
Result: PASS
make[2]: Entering directory `/«PKGBUILDDIR»/Parser'
No tests defined for Verilog::Parser extension.
make[2]: Leaving directory `/«PKGBUILDDIR»/Parser'
make[2]: Entering directory `/«PKGBUILDDIR»/Preproc'
No tests defined for Verilog::Preproc extension.
make[2]: Leaving directory `/«PKGBUILDDIR»/Preproc'
make[1]: Leaving directory `/«PKGBUILDDIR»'
 fakeroot debian/rules binary
dh binary
   dh_testroot
   dh_prep
   dh_installdirs
   debian/rules override_dh_auto_install
make[1]: Entering directory `/«PKGBUILDDIR»'
dh_auto_install
make[2]: Entering directory `/«PKGBUILDDIR»'
make[3]: Entering directory `/«PKGBUILDDIR»/Parser'
make[3]: Leaving directory `/«PKGBUILDDIR»/Parser'
make[3]: Entering directory `/«PKGBUILDDIR»/Preproc'
make[3]: Leaving directory `/«PKGBUILDDIR»/Preproc'
Files found in blib/arch: installing files in blib/lib into architecture dependent library tree
Installing /«PKGBUILDDIR»/debian/libverilog-perl/usr/lib/perl5/auto/Verilog/Preproc/Preproc.bs
Installing /«PKGBUILDDIR»/debian/libverilog-perl/usr/lib/perl5/auto/Verilog/Preproc/Preproc.so
Installing /«PKGBUILDDIR»/debian/libverilog-perl/usr/lib/perl5/auto/Verilog/Parser/Parser.bs
Installing /«PKGBUILDDIR»/debian/libverilog-perl/usr/lib/perl5/auto/Verilog/Parser/Parser.so
Installing /«PKGBUILDDIR»/debian/libverilog-perl/usr/lib/perl5/Verilog/Preproc.pm
Installing /«PKGBUILDDIR»/debian/libverilog-perl/usr/lib/perl5/Verilog/SigParser.pm
Installing /«PKGBUILDDIR»/debian/libverilog-perl/usr/lib/perl5/Verilog/Parser.pm
Installing /«PKGBUILDDIR»/debian/libverilog-perl/usr/lib/perl5/Verilog/Verilog-Perl.pod
Installing /«PKGBUILDDIR»/debian/libverilog-perl/usr/lib/perl5/Verilog/EditFiles.pm
Installing /«PKGBUILDDIR»/debian/libverilog-perl/usr/lib/perl5/Verilog/Netlist.pm
Installing /«PKGBUILDDIR»/debian/libverilog-perl/usr/lib/perl5/Verilog/Std.pm
Installing /«PKGBUILDDIR»/debian/libverilog-perl/usr/lib/perl5/Verilog/Language.pm
Installing /«PKGBUILDDIR»/debian/libverilog-perl/usr/lib/perl5/Verilog/Getopt.pm
Installing /«PKGBUILDDIR»/debian/libverilog-perl/usr/lib/perl5/Verilog/Netlist/File.pm
Installing /«PKGBUILDDIR»/debian/libverilog-perl/usr/lib/perl5/Verilog/Netlist/Subclass.pm
Installing /«PKGBUILDDIR»/debian/libverilog-perl/usr/lib/perl5/Verilog/Netlist/ContAssign.pm
Installing /«PKGBUILDDIR»/debian/libverilog-perl/usr/lib/perl5/Verilog/Netlist/Pin.pm
Installing /«PKGBUILDDIR»/debian/libverilog-perl/usr/lib/perl5/Verilog/Netlist/Port.pm
Installing /«PKGBUILDDIR»/debian/libverilog-perl/usr/lib/perl5/Verilog/Netlist/Logger.pm
Installing /«PKGBUILDDIR»/debian/libverilog-perl/usr/lib/perl5/Verilog/Netlist/Net.pm
Installing /«PKGBUILDDIR»/debian/libverilog-perl/usr/lib/perl5/Verilog/Netlist/Defparam.pm
Installing /«PKGBUILDDIR»/debian/libverilog-perl/usr/lib/perl5/Verilog/Netlist/ModPort.pm
Installing /«PKGBUILDDIR»/debian/libverilog-perl/usr/lib/perl5/Verilog/Netlist/Module.pm
Installing /«PKGBUILDDIR»/debian/libverilog-perl/usr/lib/perl5/Verilog/Netlist/Interface.pm
Installing /«PKGBUILDDIR»/debian/libverilog-perl/usr/lib/perl5/Verilog/Netlist/Cell.pm
Installing /«PKGBUILDDIR»/debian/libverilog-perl/usr/share/man/man1/vhier.1p
Installing /«PKGBUILDDIR»/debian/libverilog-perl/usr/share/man/man1/vpassert.1p
Installing /«PKGBUILDDIR»/debian/libverilog-perl/usr/share/man/man1/vppreproc.1p
Installing /«PKGBUILDDIR»/debian/libverilog-perl/usr/share/man/man1/vrename.1p
Installing /«PKGBUILDDIR»/debian/libverilog-perl/usr/share/man/man3/Verilog::Netlist::Subclass.3pm
Installing /«PKGBUILDDIR»/debian/libverilog-perl/usr/share/man/man3/Verilog::Netlist::File.3pm
Installing /«PKGBUILDDIR»/debian/libverilog-perl/usr/share/man/man3/Verilog::Netlist::ContAssign.3pm
Installing /«PKGBUILDDIR»/debian/libverilog-perl/usr/share/man/man3/Verilog::Netlist::Pin.3pm
Installing /«PKGBUILDDIR»/debian/libverilog-perl/usr/share/man/man3/Verilog::Verilog-Perl.3pm
Installing /«PKGBUILDDIR»/debian/libverilog-perl/usr/share/man/man3/Verilog::Netlist::Port.3pm
Installing /«PKGBUILDDIR»/debian/libverilog-perl/usr/share/man/man3/Verilog::Netlist::Logger.3pm
Installing /«PKGBUILDDIR»/debian/libverilog-perl/usr/share/man/man3/Verilog::Netlist::Net.3pm
Installing /«PKGBUILDDIR»/debian/libverilog-perl/usr/share/man/man3/Verilog::Netlist::Defparam.3pm
Installing /«PKGBUILDDIR»/debian/libverilog-perl/usr/share/man/man3/Verilog::EditFiles.3pm
Installing /«PKGBUILDDIR»/debian/libverilog-perl/usr/share/man/man3/Verilog::Netlist::ModPort.3pm
Installing /«PKGBUILDDIR»/debian/libverilog-perl/usr/share/man/man3/Verilog::Netlist::Module.3pm
Installing /«PKGBUILDDIR»/debian/libverilog-perl/usr/share/man/man3/Verilog::Netlist::Interface.3pm
Installing /«PKGBUILDDIR»/debian/libverilog-perl/usr/share/man/man3/Verilog::Std.3pm
Installing /«PKGBUILDDIR»/debian/libverilog-perl/usr/share/man/man3/Verilog::Netlist.3pm
Installing /«PKGBUILDDIR»/debian/libverilog-perl/usr/share/man/man3/Verilog::Language.3pm
Installing /«PKGBUILDDIR»/debian/libverilog-perl/usr/share/man/man3/Verilog::Getopt.3pm
Installing /«PKGBUILDDIR»/debian/libverilog-perl/usr/share/man/man3/Verilog::Netlist::Cell.3pm
Installing /«PKGBUILDDIR»/debian/libverilog-perl/usr/share/man/man3/Verilog::Preproc.3pm
Installing /«PKGBUILDDIR»/debian/libverilog-perl/usr/share/man/man3/Verilog::SigParser.3pm
Installing /«PKGBUILDDIR»/debian/libverilog-perl/usr/share/man/man3/Verilog::Parser.3pm
Installing /«PKGBUILDDIR»/debian/libverilog-perl/usr/bin/vhier
Installing /«PKGBUILDDIR»/debian/libverilog-perl/usr/bin/vpassert
Installing /«PKGBUILDDIR»/debian/libverilog-perl/usr/bin/vppreproc
Installing /«PKGBUILDDIR»/debian/libverilog-perl/usr/bin/vrename
Installing /«PKGBUILDDIR»/debian/libverilog-perl/usr/bin/vsplitmodule
make[2]: Leaving directory `/«PKGBUILDDIR»'
rm /«PKGBUILDDIR»/debian/libverilog-perl/usr/bin/vsplitmodule
make[1]: Leaving directory `/«PKGBUILDDIR»'
   dh_install
   dh_installdocs
   dh_installchangelogs
   dh_installexamples
   dh_installman
   dh_installcatalogs
   dh_installcron
   dh_installdebconf
   dh_installemacsen
   dh_installifupdown
   dh_installinfo
   dh_installinit
   dh_installmenu
   dh_installmime
   dh_installmodules
   dh_installlogcheck
   dh_installlogrotate
   dh_installpam
   dh_installppp
   dh_installudev
   dh_installwm
   dh_installxfonts
   dh_installgsettings
   dh_bugfiles
   dh_ucf
   dh_lintian
   dh_gconf
   dh_icons
   dh_perl
   dh_usrlocal
   dh_link
   dh_compress
   dh_fixperms
   dh_strip
   dh_makeshlibs
   dh_shlibdeps
   dh_installdeb
   dh_gencontrol
   dh_md5sums
   dh_builddeb
dpkg-deb: building package `libverilog-perl' in `../libverilog-perl_3.315-1_amd64.deb'.
 dpkg-genchanges -sa >../libverilog-perl_3.315-1_amd64.changes
dpkg-genchanges: including full source code in upload
 dpkg-source --after-build libverilog-perl-3.315
dpkg-buildpackage: full upload (original source is included)
────────────────────────────────────────────────────────────────────────────────
Build finished at 20120709-2130

Finished
────────

I: Built successfully

┌──────────────────────────────────────────────────────────────────────────────┐
│ Changes                                                                      │
└──────────────────────────────────────────────────────────────────────────────┘


libverilog-perl_3.315-1_amd64.changes:
──────────────────────────────────────

Format: 1.8
Date: Sat, 05 May 2012 23:53:05 +0200
Source: libverilog-perl
Binary: libverilog-perl
Architecture: source amd64
Version: 3.315-1
Distribution: unstable
Urgency: low
Maintainer: Debian Perl Group <pkg-perl-maintainers@lists.alioth.debian.org>
Changed-By: Florian Schlichting <fschlich@zedat.fu-berlin.de>
Description: 
 libverilog-perl - framework providing Verilog support
Changes: 
 libverilog-perl (3.315-1) unstable; urgency=low
 .
   * Imported Upstream version 3.315.
   * Depend on debhelper >= 9.20120312 for full hardening support.
Checksums-Sha1: 
 aecf69b20975f1db19f59d221b5bcd59792a4a4e 1372 libverilog-perl_3.315-1.dsc
 971c8c354235cced4b546e34a8e21e9b17c27412 552823 libverilog-perl_3.315.orig.tar.gz
 c3c58970f9528ea42983406b4945b4230d244490 6395 libverilog-perl_3.315-1.debian.tar.gz
 e20244b447dedd85f80bc5d20981f4349b3e9d2f 789706 libverilog-perl_3.315-1_amd64.deb
Checksums-Sha256: 
 781090aaab3ee2e5996e6bceb03c6a6dc0240b127149e2145859980d78a2f6dd 1372 libverilog-perl_3.315-1.dsc
 9036a7953d850e3b58c35ff8e00c798c97032de3f63abb0794dc363b41fc9a47 552823 libverilog-perl_3.315.orig.tar.gz
 1a5b767581db8da587abb876f88a0fe46bf90309ef1c77c5b5db13823c3697cc 6395 libverilog-perl_3.315-1.debian.tar.gz
 ebd4bbe01d5ea0c05bc53bd27732a8c1479925b0d59e8296c677fa88e026cbdd 789706 libverilog-perl_3.315-1_amd64.deb
Files: 
 481b9bec321f308ed44e14a9f1d42fff 1372 perl optional libverilog-perl_3.315-1.dsc
 73ad02459cafdc202916000d2cc18c28 552823 perl optional libverilog-perl_3.315.orig.tar.gz
 8778669b5e97c0f0a4b2036065ff4d79 6395 perl optional libverilog-perl_3.315-1.debian.tar.gz
 6afc73fd7c22e4781453a11dad85ad52 789706 perl optional libverilog-perl_3.315-1_amd64.deb

┌──────────────────────────────────────────────────────────────────────────────┐
│ Package contents                                                             │
└──────────────────────────────────────────────────────────────────────────────┘


libverilog-perl_3.315-1_amd64.deb
─────────────────────────────────

 new debian package, version 2.0.
 size 789706 bytes: control archive= 2513 bytes.
    1379 bytes,    29 lines      control              
    4320 bytes,    58 lines      md5sums              
 Package: libverilog-perl
 Version: 3.315-1
 Architecture: amd64
 Maintainer: Debian Perl Group <pkg-perl-maintainers@lists.alioth.debian.org>
 Installed-Size: 2322
 Depends: perl (>= 5.14.2-12), perlapi-5.14.2, libc6 (>= 2.4), libgcc1 (>= 1:4.1.1), libstdc++6 (>= 4.6)
 Section: perl
 Priority: optional
 Homepage: http://search.cpan.org/dist/Verilog-Perl/
 Description: framework providing Verilog support
  Verilog is a Perl framework providing Verilog support in the Perl language.
  It includes:
  .
   * Verilog::Getopt, which parses command line options similar to C++ and VCS
   * Verilog::Language, which knows the language keywords and parses numbers.
   * Verilog::Netlist, which builds netlists out of Verilog files. This allows
     easy scripts to determine things such as the hierarchy of modules.
   * Verilog::Parser, which invokes callbacks for language tokens
   * Verilog::Preproc, preprocesses the language, and allows reading
     post-processed files right from Perl without temporary files.
  .
  It also includes a variety of useful utilities:
  .
   * vpassert inserts PLIish warnings and assertions for any simulator
   * vppreproc preprocesses the complete Verilog 2001 and SystemVerilog
     language
   * vrename renames and cross-references Verilog symbols. It creates Verilog
     cross references and makes it easy to rename signal and module names over
     multiple files.

drwxr-xr-x root/root         0 2012-07-09 21:30 ./
drwxr-xr-x root/root         0 2012-07-09 21:30 ./usr/
drwxr-xr-x root/root         0 2012-07-09 21:30 ./usr/share/
drwxr-xr-x root/root         0 2012-07-09 21:30 ./usr/share/doc/
drwxr-xr-x root/root         0 2012-07-09 21:30 ./usr/share/doc/libverilog-perl/
-rw-r--r-- root/root      1676 2012-05-05 22:58 ./usr/share/doc/libverilog-perl/changelog.Debian.gz
-rw-r--r-- root/root     11730 2012-05-04 21:32 ./usr/share/doc/libverilog-perl/changelog.gz
drwxr-xr-x root/root         0 2012-07-09 21:30 ./usr/share/doc/libverilog-perl/examples/
-rwxr-xr-x root/root      3338 2010-01-28 14:42 ./usr/share/doc/libverilog-perl/examples/vsplitmodule
-rw-r--r-- root/root      9834 2012-05-05 22:58 ./usr/share/doc/libverilog-perl/copyright
drwxr-xr-x root/root         0 2012-07-09 21:30 ./usr/share/man/
drwxr-xr-x root/root         0 2012-07-09 21:30 ./usr/share/man/man3/
-rw-r--r-- root/root      5225 2012-07-09 21:30 ./usr/share/man/man3/Verilog::Parser.3pm.gz
-rw-r--r-- root/root      5374 2012-07-09 21:30 ./usr/share/man/man3/Verilog::SigParser.3pm.gz
-rw-r--r-- root/root      5028 2012-07-09 21:30 ./usr/share/man/man3/Verilog::Preproc.3pm.gz
-rw-r--r-- root/root      2776 2012-07-09 21:30 ./usr/share/man/man3/Verilog::Netlist::Cell.3pm.gz
-rw-r--r-- root/root      4251 2012-07-09 21:30 ./usr/share/man/man3/Verilog::Getopt.3pm.gz
-rw-r--r-- root/root      3473 2012-07-09 21:30 ./usr/share/man/man3/Verilog::Language.3pm.gz
-rw-r--r-- root/root      5858 2012-07-09 21:30 ./usr/share/man/man3/Verilog::Netlist.3pm.gz
-rw-r--r-- root/root      2264 2012-07-09 21:30 ./usr/share/man/man3/Verilog::Std.3pm.gz
-rw-r--r-- root/root      2979 2012-07-09 21:30 ./usr/share/man/man3/Verilog::Netlist::Interface.3pm.gz
-rw-r--r-- root/root      3600 2012-07-09 21:30 ./usr/share/man/man3/Verilog::Netlist::Module.3pm.gz
-rw-r--r-- root/root      2819 2012-07-09 21:30 ./usr/share/man/man3/Verilog::Netlist::ModPort.3pm.gz
-rw-r--r-- root/root      3329 2012-07-09 21:30 ./usr/share/man/man3/Verilog::EditFiles.3pm.gz
-rw-r--r-- root/root      2467 2012-07-09 21:30 ./usr/share/man/man3/Verilog::Netlist::Defparam.3pm.gz
-rw-r--r-- root/root      3258 2012-07-09 21:30 ./usr/share/man/man3/Verilog::Netlist::Net.3pm.gz
-rw-r--r-- root/root      2702 2012-07-09 21:30 ./usr/share/man/man3/Verilog::Netlist::Logger.3pm.gz
-rw-r--r-- root/root      2779 2012-07-09 21:30 ./usr/share/man/man3/Verilog::Netlist::Port.3pm.gz
-rw-r--r-- root/root      5931 2012-07-09 21:30 ./usr/share/man/man3/Verilog::Verilog-Perl.3pm.gz
-rw-r--r-- root/root      2776 2012-07-09 21:30 ./usr/share/man/man3/Verilog::Netlist::Pin.3pm.gz
-rw-r--r-- root/root      2474 2012-07-09 21:30 ./usr/share/man/man3/Verilog::Netlist::ContAssign.3pm.gz
-rw-r--r-- root/root      2469 2012-07-09 21:30 ./usr/share/man/man3/Verilog::Netlist::File.3pm.gz
-rw-r--r-- root/root      2743 2012-07-09 21:30 ./usr/share/man/man3/Verilog::Netlist::Subclass.3pm.gz
drwxr-xr-x root/root         0 2012-07-09 21:30 ./usr/share/man/man1/
-rw-r--r-- root/root      3554 2012-07-09 21:30 ./usr/share/man/man1/vrename.1p.gz
-rw-r--r-- root/root      3559 2012-07-09 21:30 ./usr/share/man/man1/vppreproc.1p.gz
-rw-r--r-- root/root      5450 2012-07-09 21:30 ./usr/share/man/man1/vpassert.1p.gz
-rw-r--r-- root/root      3818 2012-07-09 21:30 ./usr/share/man/man1/vhier.1p.gz
drwxr-xr-x root/root         0 2012-07-09 21:30 ./usr/lib/
drwxr-xr-x root/root         0 2012-07-09 21:30 ./usr/lib/perl5/
drwxr-xr-x root/root         0 2012-07-09 21:30 ./usr/lib/perl5/auto/
drwxr-xr-x root/root         0 2012-07-09 21:30 ./usr/lib/perl5/auto/Verilog/
drwxr-xr-x root/root         0 2012-07-09 21:30 ./usr/lib/perl5/auto/Verilog/Preproc/
-rw-r--r-- root/root    225024 2012-07-09 21:30 ./usr/lib/perl5/auto/Verilog/Preproc/Preproc.so
-rw-r--r-- root/root         0 2012-07-09 21:30 ./usr/lib/perl5/auto/Verilog/Preproc/Preproc.bs
drwxr-xr-x root/root         0 2012-07-09 21:30 ./usr/lib/perl5/auto/Verilog/Parser/
-rw-r--r-- root/root   1711808 2012-07-09 21:30 ./usr/lib/perl5/auto/Verilog/Parser/Parser.so
-rw-r--r-- root/root         0 2012-07-09 21:30 ./usr/lib/perl5/auto/Verilog/Parser/Parser.bs
drwxr-xr-x root/root         0 2012-07-09 21:30 ./usr/lib/perl5/Verilog/
-rw-r--r-- root/root     21729 2012-05-04 21:33 ./usr/lib/perl5/Verilog/Getopt.pm
-rw-r--r-- root/root     20840 2012-05-04 21:33 ./usr/lib/perl5/Verilog/Language.pm
-rw-r--r-- root/root      3429 2012-05-04 21:33 ./usr/lib/perl5/Verilog/Std.pm
-rw-r--r-- root/root     19390 2012-05-04 21:33 ./usr/lib/perl5/Verilog/Netlist.pm
-rw-r--r-- root/root     11103 2012-05-04 21:33 ./usr/lib/perl5/Verilog/EditFiles.pm
-rw-r--r-- root/root     11058 2012-03-08 17:57 ./usr/lib/perl5/Verilog/Verilog-Perl.pod
-rw-r--r-- root/root     15426 2012-05-04 21:33 ./usr/lib/perl5/Verilog/Parser.pm
-rw-r--r-- root/root     13683 2012-05-04 21:33 ./usr/lib/perl5/Verilog/SigParser.pm
-rw-r--r-- root/root     12131 2012-05-04 21:33 ./usr/lib/perl5/Verilog/Preproc.pm
drwxr-xr-x root/root         0 2012-07-09 21:30 ./usr/lib/perl5/Verilog/Netlist/
-rw-r--r-- root/root      7573 2012-05-04 21:33 ./usr/lib/perl5/Verilog/Netlist/Cell.pm
-rw-r--r-- root/root     10098 2012-05-04 21:33 ./usr/lib/perl5/Verilog/Netlist/Interface.pm
-rw-r--r-- root/root     14751 2012-05-04 21:33 ./usr/lib/perl5/Verilog/Netlist/Module.pm
-rw-r--r-- root/root      7077 2012-05-04 21:33 ./usr/lib/perl5/Verilog/Netlist/ModPort.pm
-rw-r--r-- root/root      3240 2012-05-04 21:33 ./usr/lib/perl5/Verilog/Netlist/Defparam.pm
-rw-r--r-- root/root     11895 2012-05-04 21:33 ./usr/lib/perl5/Verilog/Netlist/Net.pm
-rw-r--r-- root/root      4264 2012-05-04 21:33 ./usr/lib/perl5/Verilog/Netlist/Logger.pm
-rw-r--r-- root/root      5443 2012-05-04 21:33 ./usr/lib/perl5/Verilog/Netlist/Port.pm
-rw-r--r-- root/root      7437 2012-05-04 21:33 ./usr/lib/perl5/Verilog/Netlist/Pin.pm
-rw-r--r-- root/root      3275 2012-05-04 21:33 ./usr/lib/perl5/Verilog/Netlist/ContAssign.pm
-rw-r--r-- root/root      8832 2012-05-04 21:33 ./usr/lib/perl5/Verilog/Netlist/Subclass.pm
-rw-r--r-- root/root     15388 2012-05-04 21:33 ./usr/lib/perl5/Verilog/Netlist/File.pm
drwxr-xr-x root/root         0 2012-07-09 21:30 ./usr/bin/
-rwxr-xr-x root/root     18982 2012-07-09 21:30 ./usr/bin/vrename
-rwxr-xr-x root/root      7479 2012-07-09 21:30 ./usr/bin/vppreproc
-rwxr-xr-x root/root     51374 2012-07-09 21:30 ./usr/bin/vpassert
-rwxr-xr-x root/root     14854 2012-07-09 21:30 ./usr/bin/vhier


┌──────────────────────────────────────────────────────────────────────────────┐
│ Post Build                                                                   │
└──────────────────────────────────────────────────────────────────────────────┘


┌──────────────────────────────────────────────────────────────────────────────┐
│ Cleanup                                                                      │
└──────────────────────────────────────────────────────────────────────────────┘

Purging /«BUILDDIR»
Not cleaning session: cloned chroot in use

┌──────────────────────────────────────────────────────────────────────────────┐
│ Summary                                                                      │
└──────────────────────────────────────────────────────────────────────────────┘

Architecture: amd64
Build-Space: 35364
Build-Time: 3573
Distribution: unstable
Install-Time: 16
Job: libverilog-perl_3.315-1
Package: libverilog-perl
Package-Time: 3626
Source-Version: 3.315-1
Space: 35364
Status: successful
Version: 3.315-1
────────────────────────────────────────────────────────────────────────────────
Finished at 20120709-2130
Build needed 01:00:26, 35364k disc space
DC-Status: OK 3630.22052s
DC-Time-Estimation: 3630.22052 versus expected 66 (r/m: 54.0033412121212 ; m: 66.0)
