DC-Build-Header: confget 2.3.0-1 / 2020-02-24 21:54:18 +0000
DC-Task: type:rebuild-binarch-only source:confget version:2.3.0-1 chroot:unstable esttime:247 logfile:/tmp/confget_2.3.0-1_unstable_clang9.log modes:clang9:binarch-only
DC-Sbuild-call: su user42 -c 'sbuild -n --arch-any --apt-update -d unstable -v --no-run-lintian --chroot-setup-commands=/tmp/clang9 confget_2.3.0-1'
sbuild (Debian sbuild) 0.78.1 (09 February 2019) on ip-172-31-8-228.eu-central-1.compute.internal

+==============================================================================+
| confget 2.3.0-1 (amd64)                      Mon, 24 Feb 2020 21:54:19 +0000 |
+==============================================================================+

Package: confget
Version: 2.3.0-1
Source Version: 2.3.0-1
Distribution: unstable
Machine Architecture: amd64
Host Architecture: amd64
Build Architecture: amd64
Build Type: binary

I: NOTICE: Log filtering will replace 'var/run/schroot/mount/sid-amd64-sbuild-fdc2f0c4-091a-489e-a5b9-5f8d58ad1c91' with '<<CHROOT>>'

+------------------------------------------------------------------------------+
| Chroot Setup Commands                                                        |
+------------------------------------------------------------------------------+


/tmp/clang9
-----------

+ echo 'Entering customization script...'
Entering customization script...
+ CLANG_VERSION=9
+ echo 'Install of clang-9'
Install of clang-9
+ apt-get update
Get:1 http://127.0.0.1:12990/debian sid InRelease [142 kB]
Get:2 http://127.0.0.1:12990/debian sid/main Sources.diff/Index [27.9 kB]
Get:3 http://127.0.0.1:12990/debian sid/main amd64 Packages.diff/Index [27.9 kB]
Get:4 http://127.0.0.1:12990/debian sid/main Sources 2020-02-24-0823.32.pdiff [11.0 kB]
Get:5 http://127.0.0.1:12990/debian sid/main Sources 2020-02-24-1420.34.pdiff [30.2 kB]
Get:6 http://127.0.0.1:12990/debian sid/main Sources 2020-02-24-2014.03.pdiff [16.9 kB]
Get:6 http://127.0.0.1:12990/debian sid/main Sources 2020-02-24-2014.03.pdiff [16.9 kB]
Get:7 http://127.0.0.1:12990/debian sid/main amd64 Packages 2020-02-24-0823.32.pdiff [15.5 kB]
Get:8 http://127.0.0.1:12990/debian sid/main amd64 Packages 2020-02-24-1420.34.pdiff [27.5 kB]
Get:9 http://127.0.0.1:12990/debian sid/main amd64 Packages 2020-02-24-2014.03.pdiff [21.6 kB]
Get:9 http://127.0.0.1:12990/debian sid/main amd64 Packages 2020-02-24-2014.03.pdiff [21.6 kB]
Get:10 http://127.0.0.1:12990/debian sid/main Translation-en [6193 kB]
Fetched 6514 kB in 4s (1667 kB/s)
Reading package lists...
+ apt-get install --yes --no-install-recommends --force-yes clang-9 libomp-9-dev libobjc-9-dev
Reading package lists...
Building dependency tree...
The following additional packages will be installed:
  gcc-8-base lib32gcc-s1 lib32gcc1 lib32stdc++6 libbsd0 libc6-i386
  libclang-common-9-dev libclang-cpp9 libedit2 libgc1c2 libgcc-8-dev libllvm9
  libmpx2 libobjc-8-dev libobjc4 libomp5-9 libstdc++-8-dev libz3-4
Suggested packages:
  clang-9-doc libomp-9-doc libstdc++-8-doc
Recommended packages:
  llvm-9-dev python3
The following NEW packages will be installed:
  clang-9 gcc-8-base lib32gcc-s1 lib32gcc1 lib32stdc++6 libbsd0 libc6-i386
  libclang-common-9-dev libclang-cpp9 libedit2 libgc1c2 libgcc-8-dev libllvm9
  libmpx2 libobjc-8-dev libobjc-9-dev libobjc4 libomp-9-dev libomp5-9
  libstdc++-8-dev libz3-4
0 upgraded, 21 newly installed, 0 to remove and 1 not upgraded.
Need to get 43.9 MB of archives.
After this operation, 237 MB of additional disk space will be used.
Get:1 http://127.0.0.1:12990/debian sid/main amd64 libbsd0 amd64 0.10.0-1 [107 kB]
Get:2 http://127.0.0.1:12990/debian sid/main amd64 libedit2 amd64 3.1-20191231-1 [95.4 kB]
Get:3 http://127.0.0.1:12990/debian sid/main amd64 libz3-4 amd64 4.8.7-4 [6790 kB]
Get:4 http://127.0.0.1:12990/debian sid/main amd64 libllvm9 amd64 1:9.0.1-8 [15.0 MB]
Get:5 http://127.0.0.1:12990/debian sid/main amd64 libclang-cpp9 amd64 1:9.0.1-8 [8429 kB]
Get:6 http://127.0.0.1:12990/debian sid/main amd64 gcc-8-base amd64 8.3.0-29 [194 kB]
Get:7 http://127.0.0.1:12990/debian sid/main amd64 libmpx2 amd64 8.3.0-29 [11.4 kB]
Get:8 http://127.0.0.1:12990/debian sid/main amd64 libgcc-8-dev amd64 8.3.0-29 [2297 kB]
Get:9 http://127.0.0.1:12990/debian sid/main amd64 libstdc++-8-dev amd64 8.3.0-29 [1543 kB]
Get:10 http://127.0.0.1:12990/debian sid/main amd64 libgc1c2 amd64 1:7.6.4-0.4 [224 kB]
Get:11 http://127.0.0.1:12990/debian sid/main amd64 libobjc4 amd64 10-20200222-1 [41.6 kB]
Get:12 http://127.0.0.1:12990/debian sid/main amd64 libobjc-8-dev amd64 8.3.0-29 [227 kB]
Get:13 http://127.0.0.1:12990/debian sid/main amd64 libc6-i386 amd64 2.29-10 [2918 kB]
Get:14 http://127.0.0.1:12990/debian sid/main amd64 lib32gcc-s1 amd64 10-20200222-1 [49.4 kB]
Get:15 http://127.0.0.1:12990/debian sid/main amd64 lib32gcc1 amd64 1:10-20200222-1 [1104 B]
Get:16 http://127.0.0.1:12990/debian sid/main amd64 lib32stdc++6 amd64 10-20200222-1 [510 kB]
Get:17 http://127.0.0.1:12990/debian sid/main amd64 libclang-common-9-dev amd64 1:9.0.1-8 [3727 kB]
Get:18 http://127.0.0.1:12990/debian sid/main amd64 clang-9 amd64 1:9.0.1-8 [1156 kB]
Get:19 http://127.0.0.1:12990/debian sid/main amd64 libobjc-9-dev amd64 9.2.1-29 [219 kB]
Get:20 http://127.0.0.1:12990/debian sid/main amd64 libomp5-9 amd64 1:9.0.1-8 [333 kB]
Get:21 http://127.0.0.1:12990/debian sid/main amd64 libomp-9-dev amd64 1:9.0.1-8 [66.2 kB]
debconf: delaying package configuration, since apt-utils is not installed
Fetched 43.9 MB in 1s (53.0 MB/s)
Selecting previously unselected package libbsd0:amd64.
(Reading database ... (Reading database ... 5%(Reading database ... 10%(Reading database ... 15%(Reading database ... 20%(Reading database ... 25%(Reading database ... 30%(Reading database ... 35%(Reading database ... 40%(Reading database ... 45%(Reading database ... 50%(Reading database ... 55%(Reading database ... 60%(Reading database ... 65%(Reading database ... 70%(Reading database ... 75%(Reading database ... 80%(Reading database ... 85%(Reading database ... 90%(Reading database ... 95%(Reading database ... 100%(Reading database ... 12119 files and directories currently installed.)
Preparing to unpack .../00-libbsd0_0.10.0-1_amd64.deb ...
Unpacking libbsd0:amd64 (0.10.0-1) ...
Selecting previously unselected package libedit2:amd64.
Preparing to unpack .../01-libedit2_3.1-20191231-1_amd64.deb ...
Unpacking libedit2:amd64 (3.1-20191231-1) ...
Selecting previously unselected package libz3-4:amd64.
Preparing to unpack .../02-libz3-4_4.8.7-4_amd64.deb ...
Unpacking libz3-4:amd64 (4.8.7-4) ...
Selecting previously unselected package libllvm9:amd64.
Preparing to unpack .../03-libllvm9_1%3a9.0.1-8_amd64.deb ...
Unpacking libllvm9:amd64 (1:9.0.1-8) ...
Selecting previously unselected package libclang-cpp9.
Preparing to unpack .../04-libclang-cpp9_1%3a9.0.1-8_amd64.deb ...
Unpacking libclang-cpp9 (1:9.0.1-8) ...
Selecting previously unselected package gcc-8-base:amd64.
Preparing to unpack .../05-gcc-8-base_8.3.0-29_amd64.deb ...
Unpacking gcc-8-base:amd64 (8.3.0-29) ...
Selecting previously unselected package libmpx2:amd64.
Preparing to unpack .../06-libmpx2_8.3.0-29_amd64.deb ...
Unpacking libmpx2:amd64 (8.3.0-29) ...
Selecting previously unselected package libgcc-8-dev:amd64.
Preparing to unpack .../07-libgcc-8-dev_8.3.0-29_amd64.deb ...
Unpacking libgcc-8-dev:amd64 (8.3.0-29) ...
Selecting previously unselected package libstdc++-8-dev:amd64.
Preparing to unpack .../08-libstdc++-8-dev_8.3.0-29_amd64.deb ...
Unpacking libstdc++-8-dev:amd64 (8.3.0-29) ...
Selecting previously unselected package libgc1c2:amd64.
Preparing to unpack .../09-libgc1c2_1%3a7.6.4-0.4_amd64.deb ...
Unpacking libgc1c2:amd64 (1:7.6.4-0.4) ...
Selecting previously unselected package libobjc4:amd64.
Preparing to unpack .../10-libobjc4_10-20200222-1_amd64.deb ...
Unpacking libobjc4:amd64 (10-20200222-1) ...
Selecting previously unselected package libobjc-8-dev:amd64.
Preparing to unpack .../11-libobjc-8-dev_8.3.0-29_amd64.deb ...
Unpacking libobjc-8-dev:amd64 (8.3.0-29) ...
Selecting previously unselected package libc6-i386.
Preparing to unpack .../12-libc6-i386_2.29-10_amd64.deb ...
Unpacking libc6-i386 (2.29-10) ...
Selecting previously unselected package lib32gcc-s1.
Preparing to unpack .../13-lib32gcc-s1_10-20200222-1_amd64.deb ...
Unpacking lib32gcc-s1 (10-20200222-1) ...
Selecting previously unselected package lib32gcc1.
Preparing to unpack .../14-lib32gcc1_1%3a10-20200222-1_amd64.deb ...
Unpacking lib32gcc1 (1:10-20200222-1) ...
Selecting previously unselected package lib32stdc++6.
Preparing to unpack .../15-lib32stdc++6_10-20200222-1_amd64.deb ...
Unpacking lib32stdc++6 (10-20200222-1) ...
Selecting previously unselected package libclang-common-9-dev.
Preparing to unpack .../16-libclang-common-9-dev_1%3a9.0.1-8_amd64.deb ...
Unpacking libclang-common-9-dev (1:9.0.1-8) ...
Selecting previously unselected package clang-9.
Preparing to unpack .../17-clang-9_1%3a9.0.1-8_amd64.deb ...
Unpacking clang-9 (1:9.0.1-8) ...
Selecting previously unselected package libobjc-9-dev:amd64.
Preparing to unpack .../18-libobjc-9-dev_9.2.1-29_amd64.deb ...
Unpacking libobjc-9-dev:amd64 (9.2.1-29) ...
Selecting previously unselected package libomp5-9:amd64.
Preparing to unpack .../19-libomp5-9_1%3a9.0.1-8_amd64.deb ...
Unpacking libomp5-9:amd64 (1:9.0.1-8) ...
Selecting previously unselected package libomp-9-dev.
Preparing to unpack .../20-libomp-9-dev_1%3a9.0.1-8_amd64.deb ...
Unpacking libomp-9-dev (1:9.0.1-8) ...
Setting up libgc1c2:amd64 (1:7.6.4-0.4) ...
Setting up libobjc4:amd64 (10-20200222-1) ...
Setting up libz3-4:amd64 (4.8.7-4) ...
Setting up gcc-8-base:amd64 (8.3.0-29) ...
Setting up libobjc-9-dev:amd64 (9.2.1-29) ...
Setting up libmpx2:amd64 (8.3.0-29) ...
Setting up libc6-i386 (2.29-10) ...
Setting up libbsd0:amd64 (0.10.0-1) ...
Setting up libomp5-9:amd64 (1:9.0.1-8) ...
Setting up libedit2:amd64 (3.1-20191231-1) ...
Setting up lib32gcc-s1 (10-20200222-1) ...
Setting up libgcc-8-dev:amd64 (8.3.0-29) ...
Setting up libomp-9-dev (1:9.0.1-8) ...
Setting up libllvm9:amd64 (1:9.0.1-8) ...
Setting up libstdc++-8-dev:amd64 (8.3.0-29) ...
Setting up libclang-cpp9 (1:9.0.1-8) ...
Setting up lib32gcc1 (1:10-20200222-1) ...
Setting up libobjc-8-dev:amd64 (8.3.0-29) ...
Setting up lib32stdc++6 (10-20200222-1) ...
Setting up libclang-common-9-dev (1:9.0.1-8) ...
Setting up clang-9 (1:9.0.1-8) ...
Processing triggers for libc-bin (2.29-10) ...
W: --force-yes is deprecated, use one of the options starting with --allow instead.
+ echo 'Replace gcc, g++ & cpp by clang'
Replace gcc, g++ & cpp by clang
+ VERSIONS='4.6 4.7 4.8 4.9 5 6 7 8 9 10'
+ cd /usr/bin
+ for VERSION in $VERSIONS
+ rm -f g++-4.6 gcc-4.6 cpp-4.6 gcc
+ ln -s clang++-9 g++-4.6
+ ln -s clang-9 gcc-4.6
+ ln -s clang-9 cpp-4.6
+ ln -s clang-9 gcc
+ echo 'gcc-4.6 hold'
+ dpkg --set-selections
dpkg: warning: package not in status nor available database at line 1: gcc-4.6
dpkg: warning: found unknown packages; this might mean the available database
is outdated, and needs to be updated through a frontend method;
please see the FAQ <https://wiki.debian.org/Teams/Dpkg/FAQ>
+ dpkg --set-selections
+ echo 'g++-4.6 hold'
dpkg: warning: package not in status nor available database at line 1: g++-4.6
dpkg: warning: found unknown packages; this might mean the available database
is outdated, and needs to be updated through a frontend method;
please see the FAQ <https://wiki.debian.org/Teams/Dpkg/FAQ>
+ for VERSION in $VERSIONS
+ rm -f g++-4.7 gcc-4.7 cpp-4.7 gcc
+ ln -s clang++-9 g++-4.7
+ ln -s clang-9 gcc-4.7
+ ln -s clang-9 cpp-4.7
+ ln -s clang-9 gcc
+ dpkg --set-selections
+ echo 'gcc-4.7 hold'
dpkg: warning: package not in status nor available database at line 1: gcc-4.7
dpkg: warning: found unknown packages; this might mean the available database
is outdated, and needs to be updated through a frontend method;
please see the FAQ <https://wiki.debian.org/Teams/Dpkg/FAQ>
+ echo 'g++-4.7 hold'
+ dpkg --set-selections
dpkg: warning: package not in status nor available database at line 1: g++-4.7
dpkg: warning: found unknown packages; this might mean the available database
is outdated, and needs to be updated through a frontend method;
please see the FAQ <https://wiki.debian.org/Teams/Dpkg/FAQ>
+ for VERSION in $VERSIONS
+ rm -f g++-4.8 gcc-4.8 cpp-4.8 gcc
+ ln -s clang++-9 g++-4.8
+ ln -s clang-9 gcc-4.8
+ ln -s clang-9 cpp-4.8
+ ln -s clang-9 gcc
+ dpkg --set-selections
+ echo 'gcc-4.8 hold'
dpkg: warning: package not in status nor available database at line 1: gcc-4.8
dpkg: warning: found unknown packages; this might mean the available database
is outdated, and needs to be updated through a frontend method;
please see the FAQ <https://wiki.debian.org/Teams/Dpkg/FAQ>
+ echo 'g++-4.8 hold'
+ dpkg --set-selections
dpkg: warning: package not in status nor available database at line 1: g++-4.8
dpkg: warning: found unknown packages; this might mean the available database
is outdated, and needs to be updated through a frontend method;
please see the FAQ <https://wiki.debian.org/Teams/Dpkg/FAQ>
+ for VERSION in $VERSIONS
+ rm -f g++-4.9 gcc-4.9 cpp-4.9 gcc
+ ln -s clang++-9 g++-4.9
+ ln -s clang-9 gcc-4.9
+ ln -s clang-9 cpp-4.9
+ ln -s clang-9 gcc
+ echo 'gcc-4.9 hold'
+ dpkg --set-selections
dpkg: warning: package not in status nor available database at line 1: gcc-4.9
dpkg: warning: found unknown packages; this might mean the available database
is outdated, and needs to be updated through a frontend method;
please see the FAQ <https://wiki.debian.org/Teams/Dpkg/FAQ>
+ echo 'g++-4.9 hold'
+ dpkg --set-selections
dpkg: warning: package not in status nor available database at line 1: g++-4.9
dpkg: warning: found unknown packages; this might mean the available database
is outdated, and needs to be updated through a frontend method;
please see the FAQ <https://wiki.debian.org/Teams/Dpkg/FAQ>
+ for VERSION in $VERSIONS
+ rm -f g++-5 gcc-5 cpp-5 gcc
+ ln -s clang++-9 g++-5
+ ln -s clang-9 gcc-5
+ ln -s clang-9 cpp-5
+ ln -s clang-9 gcc
+ echo 'gcc-5 hold'
+ dpkg --set-selections
dpkg: warning: package not in status nor available database at line 1: gcc-5
dpkg: warning: found unknown packages; this might mean the available database
is outdated, and needs to be updated through a frontend method;
please see the FAQ <https://wiki.debian.org/Teams/Dpkg/FAQ>
+ echo 'g++-5 hold'
+ dpkg --set-selections
dpkg: warning: package not in status nor available database at line 1: g++-5
dpkg: warning: found unknown packages; this might mean the available database
is outdated, and needs to be updated through a frontend method;
please see the FAQ <https://wiki.debian.org/Teams/Dpkg/FAQ>
+ for VERSION in $VERSIONS
+ rm -f g++-6 gcc-6 cpp-6 gcc
+ ln -s clang++-9 g++-6
+ ln -s clang-9 gcc-6
+ ln -s clang-9 cpp-6
+ ln -s clang-9 gcc
+ dpkg --set-selections
+ echo 'gcc-6 hold'
dpkg: warning: package not in status nor available database at line 1: gcc-6
dpkg: warning: found unknown packages; this might mean the available database
is outdated, and needs to be updated through a frontend method;
please see the FAQ <https://wiki.debian.org/Teams/Dpkg/FAQ>
+ dpkg --set-selections
+ echo 'g++-6 hold'
dpkg: warning: package not in status nor available database at line 1: g++-6
dpkg: warning: found unknown packages; this might mean the available database
is outdated, and needs to be updated through a frontend method;
please see the FAQ <https://wiki.debian.org/Teams/Dpkg/FAQ>
+ for VERSION in $VERSIONS
+ rm -f g++-7 gcc-7 cpp-7 gcc
+ ln -s clang++-9 g++-7
+ ln -s clang-9 gcc-7
+ ln -s clang-9 cpp-7
+ ln -s clang-9 gcc
+ echo 'gcc-7 hold'
+ dpkg --set-selections
dpkg: warning: package not in status nor available database at line 1: gcc-7
dpkg: warning: found unknown packages; this might mean the available database
is outdated, and needs to be updated through a frontend method;
please see the FAQ <https://wiki.debian.org/Teams/Dpkg/FAQ>
+ echo 'g++-7 hold'
+ dpkg --set-selections
dpkg: warning: package not in status nor available database at line 1: g++-7
dpkg: warning: found unknown packages; this might mean the available database
is outdated, and needs to be updated through a frontend method;
please see the FAQ <https://wiki.debian.org/Teams/Dpkg/FAQ>
+ for VERSION in $VERSIONS
+ rm -f g++-8 gcc-8 cpp-8 gcc
+ ln -s clang++-9 g++-8
+ ln -s clang-9 gcc-8
+ ln -s clang-9 cpp-8
+ ln -s clang-9 gcc
+ echo 'gcc-8 hold'
+ dpkg --set-selections
dpkg: warning: package not in status nor available database at line 1: gcc-8
dpkg: warning: found unknown packages; this might mean the available database
is outdated, and needs to be updated through a frontend method;
please see the FAQ <https://wiki.debian.org/Teams/Dpkg/FAQ>
+ echo 'g++-8 hold'
+ dpkg --set-selections
dpkg: warning: package not in status nor available database at line 1: g++-8
dpkg: warning: found unknown packages; this might mean the available database
is outdated, and needs to be updated through a frontend method;
please see the FAQ <https://wiki.debian.org/Teams/Dpkg/FAQ>
+ for VERSION in $VERSIONS
+ rm -f g++-9 gcc-9 cpp-9 gcc
+ ln -s clang++-9 g++-9
+ ln -s clang-9 gcc-9
+ ln -s clang-9 cpp-9
+ ln -s clang-9 gcc
+ dpkg --set-selections
+ echo 'gcc-9 hold'
+ dpkg --set-selections
+ echo 'g++-9 hold'
+ for VERSION in $VERSIONS
+ rm -f g++-10 gcc-10 cpp-10 gcc
+ ln -s clang++-9 g++-10
+ ln -s clang-9 gcc-10
+ ln -s clang-9 cpp-10
+ ln -s clang-9 gcc
+ echo 'gcc-10 hold'
+ dpkg --set-selections
dpkg: warning: package not in status nor available database at line 1: gcc-10
dpkg: warning: found unknown packages; this might mean the available database
is outdated, and needs to be updated through a frontend method;
please see the FAQ <https://wiki.debian.org/Teams/Dpkg/FAQ>
+ echo 'g++-10 hold'
+ dpkg --set-selections
dpkg: warning: package not in status nor available database at line 1: g++-10
dpkg: warning: found unknown packages; this might mean the available database
is outdated, and needs to be updated through a frontend method;
please see the FAQ <https://wiki.debian.org/Teams/Dpkg/FAQ>
+ cd -
/build/confget-iA4GBx
+ echo 'Check if gcc, g++ & cpp are actually clang'
Check if gcc, g++ & cpp are actually clang
+ grep clang
+ gcc --version
+ grep clang
+ cpp --version
+ g++ --version
+ grep clang

I: Finished running '/tmp/clang9'.

Finished processing commands.
--------------------------------------------------------------------------------
I: NOTICE: Log filtering will replace 'build/confget-iA4GBx/resolver-l9NZGK' with '<<RESOLVERDIR>>'

+------------------------------------------------------------------------------+
| Update chroot                                                                |
+------------------------------------------------------------------------------+

Hit:1 http://127.0.0.1:12990/debian sid InRelease
Reading package lists...
Reading package lists...
Building dependency tree...
Reading state information...
Calculating upgrade...
The following packages will be upgraded:
  libgmp10
1 upgraded, 0 newly installed, 0 to remove and 0 not upgraded.
Need to get 253 kB of archives.
After this operation, 0 B of additional disk space will be used.
Get:1 http://127.0.0.1:12990/debian sid/main amd64 libgmp10 amd64 2:6.2.0+dfsg-4 [253 kB]
debconf: delaying package configuration, since apt-utils is not installed
Fetched 253 kB in 0s (5414 kB/s)
(Reading database ... (Reading database ... 5%(Reading database ... 10%(Reading database ... 15%(Reading database ... 20%(Reading database ... 25%(Reading database ... 30%(Reading database ... 35%(Reading database ... 40%(Reading database ... 45%(Reading database ... 50%(Reading database ... 55%(Reading database ... 60%(Reading database ... 65%(Reading database ... 70%(Reading database ... 75%(Reading database ... 80%(Reading database ... 85%(Reading database ... 90%(Reading database ... 95%(Reading database ... 100%(Reading database ... 13921 files and directories currently installed.)
Preparing to unpack .../libgmp10_2%3a6.2.0+dfsg-4_amd64.deb ...
Unpacking libgmp10:amd64 (2:6.2.0+dfsg-4) over (2:6.2.0+dfsg-3) ...
Setting up libgmp10:amd64 (2:6.2.0+dfsg-4) ...
Processing triggers for libc-bin (2.29-10) ...

+------------------------------------------------------------------------------+
| Fetch source files                                                           |
+------------------------------------------------------------------------------+


Check APT
---------

Checking available source versions...

Download source files with APT
------------------------------

Reading package lists...
NOTICE: 'confget' packaging is maintained in the 'Git' version control system at:
https://gitlab.com/confget/confget.git -b debian/master
Please use:
git clone https://gitlab.com/confget/confget.git -b debian/master
to retrieve the latest (possibly unreleased) updates to the package.
Need to get 45.5 kB of source archives.
Get:1 http://127.0.0.1:12990/debian sid/main confget 2.3.0-1 (dsc) [2495 B]
Get:2 http://127.0.0.1:12990/debian sid/main confget 2.3.0-1 (tar) [32.6 kB]
Get:3 http://127.0.0.1:12990/debian sid/main confget 2.3.0-1 (asc) [833 B]
Get:4 http://127.0.0.1:12990/debian sid/main confget 2.3.0-1 (diff) [9604 B]
Fetched 45.5 kB in 0s (270 kB/s)
Download complete and in download only mode
I: NOTICE: Log filtering will replace 'build/confget-iA4GBx/confget-2.3.0' with '<<PKGBUILDDIR>>'
I: NOTICE: Log filtering will replace 'build/confget-iA4GBx' with '<<BUILDDIR>>'

+------------------------------------------------------------------------------+
| Install package build dependencies                                           |
+------------------------------------------------------------------------------+


Setup apt archive
-----------------

Merged Build-Depends: debhelper-compat (= 12), dh-python, libpcre3-dev, build-essential, fakeroot, python3-all, python3-ddt, python3-pytest, python3-six, python3-setuptools
Filtered Build-Depends: debhelper-compat (= 12), dh-python, libpcre3-dev, build-essential, fakeroot, python3-all, python3-ddt, python3-pytest, python3-six, python3-setuptools
dpkg-deb: building package 'sbuild-build-depends-main-dummy' in '/<<RESOLVERDIR>>/apt_archive/sbuild-build-depends-main-dummy.deb'.
Ign:1 copy:/<<RESOLVERDIR>>/apt_archive ./ InRelease
Get:2 copy:/<<RESOLVERDIR>>/apt_archive ./ Release [957 B]
Ign:3 copy:/<<RESOLVERDIR>>/apt_archive ./ Release.gpg
Get:4 copy:/<<RESOLVERDIR>>/apt_archive ./ Sources [424 B]
Get:5 copy:/<<RESOLVERDIR>>/apt_archive ./ Packages [493 B]
Fetched 1874 B in 0s (29.3 kB/s)
Reading package lists...
Reading package lists...

Install main build dependencies (apt-based resolver)
----------------------------------------------------

Installing build dependencies
Reading package lists...
Building dependency tree...
Reading state information...
The following additional packages will be installed:
  autoconf automake autopoint autotools-dev bsdmainutils debhelper
  dh-autoreconf dh-python dh-strip-nondeterminism dwz file gettext
  gettext-base groff-base intltool-debian libarchive-zip-perl libcroco3
  libdebhelper-perl libelf1 libexpat1 libfile-stripnondeterminism-perl
  libglib2.0-0 libicu63 libmagic-mgc libmagic1 libmpdec2 libpcre16-3
  libpcre3-dev libpcre32-3 libpcrecpp0v5 libpipeline1 libpython3-stdlib
  libpython3.7-minimal libpython3.7-stdlib libpython3.8-minimal
  libpython3.8-stdlib libreadline8 libsigsegv2 libsqlite3-0 libssl1.1
  libsub-override-perl libtool libuchardet0 libxml2 m4 man-db mime-support
  po-debconf python3 python3-all python3-atomicwrites python3-attr python3-ddt
  python3-distutils python3-importlib-metadata python3-lib2to3 python3-minimal
  python3-more-itertools python3-packaging python3-pkg-resources
  python3-pluggy python3-py python3-pyparsing python3-pytest
  python3-setuptools python3-six python3-wcwidth python3-zipp python3.7
  python3.7-minimal python3.8 python3.8-minimal readline-common sensible-utils
Suggested packages:
  autoconf-archive gnu-standards autoconf-doc wamerican | wordlist whois
  vacation dh-make gettext-doc libasprintf-dev libgettextpo-dev groff
  libtool-doc gfortran | fortran95-compiler gcj-jdk m4-doc apparmor less
  www-browser libmail-box-perl python3-doc python3-tk python3-venv
  python-attr-doc subversion python-pyparsing-doc python-setuptools-doc
  python3.7-venv python3.7-doc binfmt-support python3.8-venv python3.8-doc
  readline-doc
Recommended packages:
  curl | wget | lynx libarchive-cpio-perl libglib2.0-data shared-mime-info
  xdg-user-dirs libltdl-dev libmail-sendmail-perl
The following NEW packages will be installed:
  autoconf automake autopoint autotools-dev bsdmainutils debhelper
  dh-autoreconf dh-python dh-strip-nondeterminism dwz file gettext
  gettext-base groff-base intltool-debian libarchive-zip-perl libcroco3
  libdebhelper-perl libelf1 libexpat1 libfile-stripnondeterminism-perl
  libglib2.0-0 libicu63 libmagic-mgc libmagic1 libmpdec2 libpcre16-3
  libpcre3-dev libpcre32-3 libpcrecpp0v5 libpipeline1 libpython3-stdlib
  libpython3.7-minimal libpython3.7-stdlib libpython3.8-minimal
  libpython3.8-stdlib libreadline8 libsigsegv2 libsqlite3-0 libssl1.1
  libsub-override-perl libtool libuchardet0 libxml2 m4 man-db mime-support
  po-debconf python3 python3-all python3-atomicwrites python3-attr python3-ddt
  python3-distutils python3-importlib-metadata python3-lib2to3 python3-minimal
  python3-more-itertools python3-packaging python3-pkg-resources
  python3-pluggy python3-py python3-pyparsing python3-pytest
  python3-setuptools python3-six python3-wcwidth python3-zipp python3.7
  python3.7-minimal python3.8 python3.8-minimal readline-common
  sbuild-build-depends-main-dummy sensible-utils
0 upgraded, 75 newly installed, 0 to remove and 0 not upgraded.
Need to get 34.0 MB of archives.
After this operation, 130 MB of additional disk space will be used.
Get:1 copy:/<<RESOLVERDIR>>/apt_archive ./ sbuild-build-depends-main-dummy 0.invalid.0 [924 B]
Get:2 http://127.0.0.1:12990/debian sid/main amd64 bsdmainutils amd64 11.1.2+b1 [191 kB]
Get:3 http://127.0.0.1:12990/debian sid/main amd64 libuchardet0 amd64 0.0.6-3 [64.9 kB]
Get:4 http://127.0.0.1:12990/debian sid/main amd64 groff-base amd64 1.22.4-4 [919 kB]
Get:5 http://127.0.0.1:12990/debian sid/main amd64 libpipeline1 amd64 1.5.2-2 [33.9 kB]
Get:6 http://127.0.0.1:12990/debian sid/main amd64 man-db amd64 2.9.0-2 [1307 kB]
Get:7 http://127.0.0.1:12990/debian sid/main amd64 libssl1.1 amd64 1.1.1d-2 [1540 kB]
Get:8 http://127.0.0.1:12990/debian sid/main amd64 libpython3.7-minimal amd64 3.7.6-1+b1 [591 kB]
Get:9 http://127.0.0.1:12990/debian sid/main amd64 libexpat1 amd64 2.2.9-1 [94.3 kB]
Get:10 http://127.0.0.1:12990/debian sid/main amd64 python3.7-minimal amd64 3.7.6-1+b1 [1813 kB]
Get:11 http://127.0.0.1:12990/debian sid/main amd64 python3-minimal amd64 3.7.5-3 [36.8 kB]
Get:12 http://127.0.0.1:12990/debian sid/main amd64 mime-support all 3.64 [37.8 kB]
Get:13 http://127.0.0.1:12990/debian sid/main amd64 libmpdec2 amd64 2.4.2-2 [87.2 kB]
Get:14 http://127.0.0.1:12990/debian sid/main amd64 readline-common all 8.0-3 [72.5 kB]
Get:15 http://127.0.0.1:12990/debian sid/main amd64 libreadline8 amd64 8.0-3 [160 kB]
Get:16 http://127.0.0.1:12990/debian sid/main amd64 libsqlite3-0 amd64 3.31.1-3 [661 kB]
Get:17 http://127.0.0.1:12990/debian sid/main amd64 libpython3.7-stdlib amd64 3.7.6-1+b1 [1735 kB]
Get:18 http://127.0.0.1:12990/debian sid/main amd64 python3.7 amd64 3.7.6-1+b1 [351 kB]
Get:19 http://127.0.0.1:12990/debian sid/main amd64 libpython3-stdlib amd64 3.7.5-3 [20.2 kB]
Get:20 http://127.0.0.1:12990/debian sid/main amd64 python3 amd64 3.7.5-3 [62.1 kB]
Get:21 http://127.0.0.1:12990/debian sid/main amd64 libpython3.8-minimal amd64 3.8.2~rc2-2 [750 kB]
Get:22 http://127.0.0.1:12990/debian sid/main amd64 python3.8-minimal amd64 3.8.2~rc2-2 [1939 kB]
Get:23 http://127.0.0.1:12990/debian sid/main amd64 sensible-utils all 0.0.12+nmu1 [16.0 kB]
Get:24 http://127.0.0.1:12990/debian sid/main amd64 libmagic-mgc amd64 1:5.38-4 [262 kB]
Get:25 http://127.0.0.1:12990/debian sid/main amd64 libmagic1 amd64 1:5.38-4 [120 kB]
Get:26 http://127.0.0.1:12990/debian sid/main amd64 file amd64 1:5.38-4 [67.9 kB]
Get:27 http://127.0.0.1:12990/debian sid/main amd64 gettext-base amd64 0.19.8.1-10 [123 kB]
Get:28 http://127.0.0.1:12990/debian sid/main amd64 libsigsegv2 amd64 2.12-2 [32.8 kB]
Get:29 http://127.0.0.1:12990/debian sid/main amd64 m4 amd64 1.4.18-4 [203 kB]
Get:30 http://127.0.0.1:12990/debian sid/main amd64 autoconf all 2.69-11.1 [341 kB]
Get:31 http://127.0.0.1:12990/debian sid/main amd64 autotools-dev all 20180224.1 [77.0 kB]
Get:32 http://127.0.0.1:12990/debian sid/main amd64 automake all 1:1.16.1-4 [771 kB]
Get:33 http://127.0.0.1:12990/debian sid/main amd64 autopoint all 0.19.8.1-10 [435 kB]
Get:34 http://127.0.0.1:12990/debian sid/main amd64 libtool all 2.4.6-13 [513 kB]
Get:35 http://127.0.0.1:12990/debian sid/main amd64 dh-autoreconf all 19 [16.9 kB]
Get:36 http://127.0.0.1:12990/debian sid/main amd64 libdebhelper-perl all 12.9 [183 kB]
Get:37 http://127.0.0.1:12990/debian sid/main amd64 libarchive-zip-perl all 1.67-1 [104 kB]
Get:38 http://127.0.0.1:12990/debian sid/main amd64 libsub-override-perl all 0.09-2 [10.2 kB]
Get:39 http://127.0.0.1:12990/debian sid/main amd64 libfile-stripnondeterminism-perl all 1.6.3-2 [23.7 kB]
Get:40 http://127.0.0.1:12990/debian sid/main amd64 dh-strip-nondeterminism all 1.6.3-2 [14.7 kB]
Get:41 http://127.0.0.1:12990/debian sid/main amd64 libelf1 amd64 0.176-1.1 [161 kB]
Get:42 http://127.0.0.1:12990/debian sid/main amd64 dwz amd64 0.13-5 [151 kB]
Get:43 http://127.0.0.1:12990/debian sid/main amd64 libglib2.0-0 amd64 2.62.4-2 [1319 kB]
Get:44 http://127.0.0.1:12990/debian sid/main amd64 libicu63 amd64 63.2-2 [8301 kB]
Get:45 http://127.0.0.1:12990/debian sid/main amd64 libxml2 amd64 2.9.10+dfsg-3 [709 kB]
Get:46 http://127.0.0.1:12990/debian sid/main amd64 libcroco3 amd64 0.6.13-1 [146 kB]
Get:47 http://127.0.0.1:12990/debian sid/main amd64 gettext amd64 0.19.8.1-10 [1303 kB]
Get:48 http://127.0.0.1:12990/debian sid/main amd64 intltool-debian all 0.35.0+20060710.5 [26.8 kB]
Get:49 http://127.0.0.1:12990/debian sid/main amd64 po-debconf all 1.0.21 [248 kB]
Get:50 http://127.0.0.1:12990/debian sid/main amd64 debhelper all 12.9 [994 kB]
Get:51 http://127.0.0.1:12990/debian sid/main amd64 python3-lib2to3 all 3.8.0-1 [78.3 kB]
Get:52 http://127.0.0.1:12990/debian sid/main amd64 python3-distutils all 3.8.0-1 [145 kB]
Get:53 http://127.0.0.1:12990/debian sid/main amd64 dh-python all 4.20191017 [94.4 kB]
Get:54 http://127.0.0.1:12990/debian sid/main amd64 libpcre16-3 amd64 2:8.39-12+b1 [259 kB]
Get:55 http://127.0.0.1:12990/debian sid/main amd64 libpcre32-3 amd64 2:8.39-12+b1 [250 kB]
Get:56 http://127.0.0.1:12990/debian sid/main amd64 libpcrecpp0v5 amd64 2:8.39-12+b1 [152 kB]
Get:57 http://127.0.0.1:12990/debian sid/main amd64 libpcre3-dev amd64 2:8.39-12+b1 [653 kB]
Get:58 http://127.0.0.1:12990/debian sid/main amd64 libpython3.8-stdlib amd64 3.8.2~rc2-2 [1665 kB]
Get:59 http://127.0.0.1:12990/debian sid/main amd64 python3.8 amd64 3.8.2~rc2-2 [409 kB]
Get:60 http://127.0.0.1:12990/debian sid/main amd64 python3-all amd64 3.7.5-3 [1060 B]
Get:61 http://127.0.0.1:12990/debian sid/main amd64 python3-atomicwrites all 1.1.5-2 [6892 B]
Get:62 http://127.0.0.1:12990/debian sid/main amd64 python3-attr all 19.3.0-1 [43.1 kB]
Get:63 http://127.0.0.1:12990/debian sid/main amd64 python3-ddt all 1.2.1-3 [7136 B]
Get:64 http://127.0.0.1:12990/debian sid/main amd64 python3-six all 1.14.0-2 [16.7 kB]
Get:65 http://127.0.0.1:12990/debian sid/main amd64 python3-more-itertools all 4.2.0-1 [42.2 kB]
Get:66 http://127.0.0.1:12990/debian sid/main amd64 python3-zipp all 1.0.0-1 [5944 B]
Get:67 http://127.0.0.1:12990/debian sid/main amd64 python3-importlib-metadata all 1.5.0-1 [9956 B]
Get:68 http://127.0.0.1:12990/debian sid/main amd64 python3-pyparsing all 2.4.6-1 [109 kB]
Get:69 http://127.0.0.1:12990/debian sid/main amd64 python3-packaging all 19.1-2 [23.9 kB]
Get:70 http://127.0.0.1:12990/debian sid/main amd64 python3-pkg-resources all 44.0.0-1 [155 kB]
Get:71 http://127.0.0.1:12990/debian sid/main amd64 python3-pluggy all 0.13.0-2 [21.9 kB]
Get:72 http://127.0.0.1:12990/debian sid/main amd64 python3-py all 1.8.1-1 [86.8 kB]
Get:73 http://127.0.0.1:12990/debian sid/main amd64 python3-wcwidth all 0.1.8+dfsg1-3 [17.4 kB]
Get:74 http://127.0.0.1:12990/debian sid/main amd64 python3-pytest all 4.6.9-1 [267 kB]
Get:75 http://127.0.0.1:12990/debian sid/main amd64 python3-setuptools all 44.0.0-1 [313 kB]
debconf: delaying package configuration, since apt-utils is not installed
Fetched 34.0 MB in 1s (38.3 MB/s)
Selecting previously unselected package bsdmainutils.
(Reading database ... 13921 files and directories currently installed.)
Preparing to unpack .../0-bsdmainutils_11.1.2+b1_amd64.deb ...
Unpacking bsdmainutils (11.1.2+b1) ...
Selecting previously unselected package libuchardet0:amd64.
Preparing to unpack .../1-libuchardet0_0.0.6-3_amd64.deb ...
Unpacking libuchardet0:amd64 (0.0.6-3) ...
Selecting previously unselected package groff-base.
Preparing to unpack .../2-groff-base_1.22.4-4_amd64.deb ...
Unpacking groff-base (1.22.4-4) ...
Selecting previously unselected package libpipeline1:amd64.
Preparing to unpack .../3-libpipeline1_1.5.2-2_amd64.deb ...
Unpacking libpipeline1:amd64 (1.5.2-2) ...
Selecting previously unselected package man-db.
Preparing to unpack .../4-man-db_2.9.0-2_amd64.deb ...
Unpacking man-db (2.9.0-2) ...
Selecting previously unselected package libssl1.1:amd64.
Preparing to unpack .../5-libssl1.1_1.1.1d-2_amd64.deb ...
Unpacking libssl1.1:amd64 (1.1.1d-2) ...
Selecting previously unselected package libpython3.7-minimal:amd64.
Preparing to unpack .../6-libpython3.7-minimal_3.7.6-1+b1_amd64.deb ...
Unpacking libpython3.7-minimal:amd64 (3.7.6-1+b1) ...
Selecting previously unselected package libexpat1:amd64.
Preparing to unpack .../7-libexpat1_2.2.9-1_amd64.deb ...
Unpacking libexpat1:amd64 (2.2.9-1) ...
Selecting previously unselected package python3.7-minimal.
Preparing to unpack .../8-python3.7-minimal_3.7.6-1+b1_amd64.deb ...
Unpacking python3.7-minimal (3.7.6-1+b1) ...
Setting up libssl1.1:amd64 (1.1.1d-2) ...
Setting up libpython3.7-minimal:amd64 (3.7.6-1+b1) ...
Setting up libexpat1:amd64 (2.2.9-1) ...
Setting up python3.7-minimal (3.7.6-1+b1) ...
Selecting previously unselected package python3-minimal.
(Reading database ... 14830 files and directories currently installed.)
Preparing to unpack .../0-python3-minimal_3.7.5-3_amd64.deb ...
Unpacking python3-minimal (3.7.5-3) ...
Selecting previously unselected package mime-support.
Preparing to unpack .../1-mime-support_3.64_all.deb ...
Unpacking mime-support (3.64) ...
Selecting previously unselected package libmpdec2:amd64.
Preparing to unpack .../2-libmpdec2_2.4.2-2_amd64.deb ...
Unpacking libmpdec2:amd64 (2.4.2-2) ...
Selecting previously unselected package readline-common.
Preparing to unpack .../3-readline-common_8.0-3_all.deb ...
Unpacking readline-common (8.0-3) ...
Selecting previously unselected package libreadline8:amd64.
Preparing to unpack .../4-libreadline8_8.0-3_amd64.deb ...
Unpacking libreadline8:amd64 (8.0-3) ...
Selecting previously unselected package libsqlite3-0:amd64.
Preparing to unpack .../5-libsqlite3-0_3.31.1-3_amd64.deb ...
Unpacking libsqlite3-0:amd64 (3.31.1-3) ...
Selecting previously unselected package libpython3.7-stdlib:amd64.
Preparing to unpack .../6-libpython3.7-stdlib_3.7.6-1+b1_amd64.deb ...
Unpacking libpython3.7-stdlib:amd64 (3.7.6-1+b1) ...
Selecting previously unselected package python3.7.
Preparing to unpack .../7-python3.7_3.7.6-1+b1_amd64.deb ...
Unpacking python3.7 (3.7.6-1+b1) ...
Selecting previously unselected package libpython3-stdlib:amd64.
Preparing to unpack .../8-libpython3-stdlib_3.7.5-3_amd64.deb ...
Unpacking libpython3-stdlib:amd64 (3.7.5-3) ...
Setting up python3-minimal (3.7.5-3) ...
Selecting previously unselected package python3.
(Reading database ... 15301 files and directories currently installed.)
Preparing to unpack .../00-python3_3.7.5-3_amd64.deb ...
Unpacking python3 (3.7.5-3) ...
Selecting previously unselected package libpython3.8-minimal:amd64.
Preparing to unpack .../01-libpython3.8-minimal_3.8.2~rc2-2_amd64.deb ...
Unpacking libpython3.8-minimal:amd64 (3.8.2~rc2-2) ...
Selecting previously unselected package python3.8-minimal.
Preparing to unpack .../02-python3.8-minimal_3.8.2~rc2-2_amd64.deb ...
Unpacking python3.8-minimal (3.8.2~rc2-2) ...
Selecting previously unselected package sensible-utils.
Preparing to unpack .../03-sensible-utils_0.0.12+nmu1_all.deb ...
Unpacking sensible-utils (0.0.12+nmu1) ...
Selecting previously unselected package libmagic-mgc.
Preparing to unpack .../04-libmagic-mgc_1%3a5.38-4_amd64.deb ...
Unpacking libmagic-mgc (1:5.38-4) ...
Selecting previously unselected package libmagic1:amd64.
Preparing to unpack .../05-libmagic1_1%3a5.38-4_amd64.deb ...
Unpacking libmagic1:amd64 (1:5.38-4) ...
Selecting previously unselected package file.
Preparing to unpack .../06-file_1%3a5.38-4_amd64.deb ...
Unpacking file (1:5.38-4) ...
Selecting previously unselected package gettext-base.
Preparing to unpack .../07-gettext-base_0.19.8.1-10_amd64.deb ...
Unpacking gettext-base (0.19.8.1-10) ...
Selecting previously unselected package libsigsegv2:amd64.
Preparing to unpack .../08-libsigsegv2_2.12-2_amd64.deb ...
Unpacking libsigsegv2:amd64 (2.12-2) ...
Selecting previously unselected package m4.
Preparing to unpack .../09-m4_1.4.18-4_amd64.deb ...
Unpacking m4 (1.4.18-4) ...
Selecting previously unselected package autoconf.
Preparing to unpack .../10-autoconf_2.69-11.1_all.deb ...
Unpacking autoconf (2.69-11.1) ...
Selecting previously unselected package autotools-dev.
Preparing to unpack .../11-autotools-dev_20180224.1_all.deb ...
Unpacking autotools-dev (20180224.1) ...
Selecting previously unselected package automake.
Preparing to unpack .../12-automake_1%3a1.16.1-4_all.deb ...
Unpacking automake (1:1.16.1-4) ...
Selecting previously unselected package autopoint.
Preparing to unpack .../13-autopoint_0.19.8.1-10_all.deb ...
Unpacking autopoint (0.19.8.1-10) ...
Selecting previously unselected package libtool.
Preparing to unpack .../14-libtool_2.4.6-13_all.deb ...
Unpacking libtool (2.4.6-13) ...
Selecting previously unselected package dh-autoreconf.
Preparing to unpack .../15-dh-autoreconf_19_all.deb ...
Unpacking dh-autoreconf (19) ...
Selecting previously unselected package libdebhelper-perl.
Preparing to unpack .../16-libdebhelper-perl_12.9_all.deb ...
Unpacking libdebhelper-perl (12.9) ...
Selecting previously unselected package libarchive-zip-perl.
Preparing to unpack .../17-libarchive-zip-perl_1.67-1_all.deb ...
Unpacking libarchive-zip-perl (1.67-1) ...
Selecting previously unselected package libsub-override-perl.
Preparing to unpack .../18-libsub-override-perl_0.09-2_all.deb ...
Unpacking libsub-override-perl (0.09-2) ...
Selecting previously unselected package libfile-stripnondeterminism-perl.
Preparing to unpack .../19-libfile-stripnondeterminism-perl_1.6.3-2_all.deb ...
Unpacking libfile-stripnondeterminism-perl (1.6.3-2) ...
Selecting previously unselected package dh-strip-nondeterminism.
Preparing to unpack .../20-dh-strip-nondeterminism_1.6.3-2_all.deb ...
Unpacking dh-strip-nondeterminism (1.6.3-2) ...
Selecting previously unselected package libelf1:amd64.
Preparing to unpack .../21-libelf1_0.176-1.1_amd64.deb ...
Unpacking libelf1:amd64 (0.176-1.1) ...
Selecting previously unselected package dwz.
Preparing to unpack .../22-dwz_0.13-5_amd64.deb ...
Unpacking dwz (0.13-5) ...
Selecting previously unselected package libglib2.0-0:amd64.
Preparing to unpack .../23-libglib2.0-0_2.62.4-2_amd64.deb ...
Unpacking libglib2.0-0:amd64 (2.62.4-2) ...
Selecting previously unselected package libicu63:amd64.
Preparing to unpack .../24-libicu63_63.2-2_amd64.deb ...
Unpacking libicu63:amd64 (63.2-2) ...
Selecting previously unselected package libxml2:amd64.
Preparing to unpack .../25-libxml2_2.9.10+dfsg-3_amd64.deb ...
Unpacking libxml2:amd64 (2.9.10+dfsg-3) ...
Selecting previously unselected package libcroco3:amd64.
Preparing to unpack .../26-libcroco3_0.6.13-1_amd64.deb ...
Unpacking libcroco3:amd64 (0.6.13-1) ...
Selecting previously unselected package gettext.
Preparing to unpack .../27-gettext_0.19.8.1-10_amd64.deb ...
Unpacking gettext (0.19.8.1-10) ...
Selecting previously unselected package intltool-debian.
Preparing to unpack .../28-intltool-debian_0.35.0+20060710.5_all.deb ...
Unpacking intltool-debian (0.35.0+20060710.5) ...
Selecting previously unselected package po-debconf.
Preparing to unpack .../29-po-debconf_1.0.21_all.deb ...
Unpacking po-debconf (1.0.21) ...
Selecting previously unselected package debhelper.
Preparing to unpack .../30-debhelper_12.9_all.deb ...
Unpacking debhelper (12.9) ...
Selecting previously unselected package python3-lib2to3.
Preparing to unpack .../31-python3-lib2to3_3.8.0-1_all.deb ...
Unpacking python3-lib2to3 (3.8.0-1) ...
Selecting previously unselected package python3-distutils.
Preparing to unpack .../32-python3-distutils_3.8.0-1_all.deb ...
Unpacking python3-distutils (3.8.0-1) ...
Selecting previously unselected package dh-python.
Preparing to unpack .../33-dh-python_4.20191017_all.deb ...
Unpacking dh-python (4.20191017) ...
Selecting previously unselected package libpcre16-3:amd64.
Preparing to unpack .../34-libpcre16-3_2%3a8.39-12+b1_amd64.deb ...
Unpacking libpcre16-3:amd64 (2:8.39-12+b1) ...
Selecting previously unselected package libpcre32-3:amd64.
Preparing to unpack .../35-libpcre32-3_2%3a8.39-12+b1_amd64.deb ...
Unpacking libpcre32-3:amd64 (2:8.39-12+b1) ...
Selecting previously unselected package libpcrecpp0v5:amd64.
Preparing to unpack .../36-libpcrecpp0v5_2%3a8.39-12+b1_amd64.deb ...
Unpacking libpcrecpp0v5:amd64 (2:8.39-12+b1) ...
Selecting previously unselected package libpcre3-dev:amd64.
Preparing to unpack .../37-libpcre3-dev_2%3a8.39-12+b1_amd64.deb ...
Unpacking libpcre3-dev:amd64 (2:8.39-12+b1) ...
Selecting previously unselected package libpython3.8-stdlib:amd64.
Preparing to unpack .../38-libpython3.8-stdlib_3.8.2~rc2-2_amd64.deb ...
Unpacking libpython3.8-stdlib:amd64 (3.8.2~rc2-2) ...
Selecting previously unselected package python3.8.
Preparing to unpack .../39-python3.8_3.8.2~rc2-2_amd64.deb ...
Unpacking python3.8 (3.8.2~rc2-2) ...
Selecting previously unselected package python3-all.
Preparing to unpack .../40-python3-all_3.7.5-3_amd64.deb ...
Unpacking python3-all (3.7.5-3) ...
Selecting previously unselected package python3-atomicwrites.
Preparing to unpack .../41-python3-atomicwrites_1.1.5-2_all.deb ...
Unpacking python3-atomicwrites (1.1.5-2) ...
Selecting previously unselected package python3-attr.
Preparing to unpack .../42-python3-attr_19.3.0-1_all.deb ...
Unpacking python3-attr (19.3.0-1) ...
Selecting previously unselected package python3-ddt.
Preparing to unpack .../43-python3-ddt_1.2.1-3_all.deb ...
Unpacking python3-ddt (1.2.1-3) ...
Selecting previously unselected package python3-six.
Preparing to unpack .../44-python3-six_1.14.0-2_all.deb ...
Unpacking python3-six (1.14.0-2) ...
Selecting previously unselected package python3-more-itertools.
Preparing to unpack .../45-python3-more-itertools_4.2.0-1_all.deb ...
Unpacking python3-more-itertools (4.2.0-1) ...
Selecting previously unselected package python3-zipp.
Preparing to unpack .../46-python3-zipp_1.0.0-1_all.deb ...
Unpacking python3-zipp (1.0.0-1) ...
Selecting previously unselected package python3-importlib-metadata.
Preparing to unpack .../47-python3-importlib-metadata_1.5.0-1_all.deb ...
Unpacking python3-importlib-metadata (1.5.0-1) ...
Selecting previously unselected package python3-pyparsing.
Preparing to unpack .../48-python3-pyparsing_2.4.6-1_all.deb ...
Unpacking python3-pyparsing (2.4.6-1) ...
Selecting previously unselected package python3-packaging.
Preparing to unpack .../49-python3-packaging_19.1-2_all.deb ...
Unpacking python3-packaging (19.1-2) ...
Selecting previously unselected package python3-pkg-resources.
Preparing to unpack .../50-python3-pkg-resources_44.0.0-1_all.deb ...
Unpacking python3-pkg-resources (44.0.0-1) ...
Selecting previously unselected package python3-pluggy.
Preparing to unpack .../51-python3-pluggy_0.13.0-2_all.deb ...
Unpacking python3-pluggy (0.13.0-2) ...
Selecting previously unselected package python3-py.
Preparing to unpack .../52-python3-py_1.8.1-1_all.deb ...
Unpacking python3-py (1.8.1-1) ...
Selecting previously unselected package python3-wcwidth.
Preparing to unpack .../53-python3-wcwidth_0.1.8+dfsg1-3_all.deb ...
Unpacking python3-wcwidth (0.1.8+dfsg1-3) ...
Selecting previously unselected package python3-pytest.
Preparing to unpack .../54-python3-pytest_4.6.9-1_all.deb ...
Unpacking python3-pytest (4.6.9-1) ...
Selecting previously unselected package python3-setuptools.
Preparing to unpack .../55-python3-setuptools_44.0.0-1_all.deb ...
Unpacking python3-setuptools (44.0.0-1) ...
Selecting previously unselected package sbuild-build-depends-main-dummy.
Preparing to unpack .../56-sbuild-build-depends-main-dummy_0.invalid.0_amd64.deb ...
Unpacking sbuild-build-depends-main-dummy (0.invalid.0) ...
Setting up libpcrecpp0v5:amd64 (2:8.39-12+b1) ...
Setting up libpipeline1:amd64 (1.5.2-2) ...
Setting up libpython3.8-minimal:amd64 (3.8.2~rc2-2) ...
Setting up mime-support (3.64) ...
Setting up libpcre16-3:amd64 (2:8.39-12+b1) ...
Setting up libmagic-mgc (1:5.38-4) ...
Setting up libarchive-zip-perl (1.67-1) ...
Setting up libglib2.0-0:amd64 (2.62.4-2) ...
No schema files found: doing nothing.
Setting up libdebhelper-perl (12.9) ...
Setting up libsqlite3-0:amd64 (3.31.1-3) ...
Setting up libmagic1:amd64 (1:5.38-4) ...
Setting up gettext-base (0.19.8.1-10) ...
Setting up file (1:5.38-4) ...
Setting up libicu63:amd64 (63.2-2) ...
Setting up autotools-dev (20180224.1) ...
Setting up libsigsegv2:amd64 (2.12-2) ...
Setting up bsdmainutils (11.1.2+b1) ...
update-alternatives: using /usr/bin/bsd-write to provide /usr/bin/write (write) in auto mode
update-alternatives: using /usr/bin/bsd-from to provide /usr/bin/from (from) in auto mode
Setting up libpcre32-3:amd64 (2:8.39-12+b1) ...
Setting up autopoint (0.19.8.1-10) ...
Setting up python3.8-minimal (3.8.2~rc2-2) ...
Setting up sensible-utils (0.0.12+nmu1) ...
Setting up libuchardet0:amd64 (0.0.6-3) ...
Setting up libsub-override-perl (0.09-2) ...
Setting up libmpdec2:amd64 (2.4.2-2) ...
Setting up libelf1:amd64 (0.176-1.1) ...
Setting up readline-common (8.0-3) ...
Setting up libxml2:amd64 (2.9.10+dfsg-3) ...
Setting up libfile-stripnondeterminism-perl (1.6.3-2) ...
Setting up libtool (2.4.6-13) ...
Setting up libpcre3-dev:amd64 (2:8.39-12+b1) ...
Setting up libreadline8:amd64 (8.0-3) ...
Setting up m4 (1.4.18-4) ...
Setting up libcroco3:amd64 (0.6.13-1) ...
Setting up autoconf (2.69-11.1) ...
Setting up dh-strip-nondeterminism (1.6.3-2) ...
Setting up dwz (0.13-5) ...
Setting up groff-base (1.22.4-4) ...
Setting up libpython3.8-stdlib:amd64 (3.8.2~rc2-2) ...
Setting up python3.8 (3.8.2~rc2-2) ...
Setting up automake (1:1.16.1-4) ...
update-alternatives: using /usr/bin/automake-1.16 to provide /usr/bin/automake (automake) in auto mode
Setting up libpython3.7-stdlib:amd64 (3.7.6-1+b1) ...
Setting up gettext (0.19.8.1-10) ...
Setting up man-db (2.9.0-2) ...
Not building database; man-db/auto-update is not 'true'.
Setting up intltool-debian (0.35.0+20060710.5) ...
Setting up libpython3-stdlib:amd64 (3.7.5-3) ...
Setting up python3.7 (3.7.6-1+b1) ...
Setting up po-debconf (1.0.21) ...
Setting up python3 (3.7.5-3) ...
Setting up python3-atomicwrites (1.1.5-2) ...
Setting up python3-six (1.14.0-2) ...
Setting up python3-wcwidth (0.1.8+dfsg1-3) ...
Setting up python3-pyparsing (2.4.6-1) ...
Setting up python3-lib2to3 (3.8.0-1) ...
Setting up python3-pkg-resources (44.0.0-1) ...
Setting up python3-distutils (3.8.0-1) ...
Setting up dh-python (4.20191017) ...
Setting up python3-more-itertools (4.2.0-1) ...
Setting up python3-attr (19.3.0-1) ...
Setting up python3-ddt (1.2.1-3) ...
Setting up python3-setuptools (44.0.0-1) ...
Setting up python3-py (1.8.1-1) ...
Setting up python3-all (3.7.5-3) ...
Setting up python3-zipp (1.0.0-1) ...
Setting up python3-packaging (19.1-2) ...
Setting up python3-importlib-metadata (1.5.0-1) ...
Setting up python3-pluggy (0.13.0-2) ...
Setting up python3-pytest (4.6.9-1) ...
Setting up dh-autoreconf (19) ...
Setting up debhelper (12.9) ...
Setting up sbuild-build-depends-main-dummy (0.invalid.0) ...
Processing triggers for libc-bin (2.29-10) ...

+------------------------------------------------------------------------------+
| Check architectures                                                          |
+------------------------------------------------------------------------------+

Arch check ok (amd64 included in any all)

+------------------------------------------------------------------------------+
| Build environment                                                            |
+------------------------------------------------------------------------------+

Kernel: Linux 4.19.0-6-cloud-amd64 #1 SMP Debian 4.19.67-2+deb10u2 (2019-11-11) amd64 (x86_64)
Toolchain package versions: binutils_2.34-3 dpkg-dev_1.19.7 g++-9_9.2.1-29 gcc-9_9.2.1-29 libc6-dev_2.29-10 libstdc++-8-dev_8.3.0-29 libstdc++-9-dev_9.2.1-29 libstdc++6_10-20200222-1 linux-libc-dev_5.4.19-1
Package versions: adduser_3.118 apt_1.8.4 autoconf_2.69-11.1 automake_1:1.16.1-4 autopoint_0.19.8.1-10 autotools-dev_20180224.1 base-files_11 base-passwd_3.5.47 bash_5.0-5 binutils_2.34-3 binutils-common_2.34-3 binutils-x86-64-linux-gnu_2.34-3 bsdmainutils_11.1.2+b1 bsdutils_1:2.34-0.1 build-essential_12.8 bzip2_1.0.8-2 clang-9_1:9.0.1-8 coreutils_8.30-3+b1 cpp_4:9.2.1-3.1 cpp-9_9.2.1-29 dash_0.5.10.2-6 debconf_1.5.73 debhelper_12.9 debian-archive-keyring_2019.1 debianutils_4.9.1 dh-autoreconf_19 dh-python_4.20191017 dh-strip-nondeterminism_1.6.3-2 diffutils_1:3.7-3 dpkg_1.19.7 dpkg-dev_1.19.7 dwz_0.13-5 e2fsprogs_1.45.5-2 fakeroot_1.24-1 fdisk_2.34-0.1 file_1:5.38-4 findutils_4.7.0-1 g++_4:9.2.1-3.1 g++-9_9.2.1-29 gcc_4:9.2.1-3.1 gcc-10-base_10-20200222-1 gcc-8-base_8.3.0-29 gcc-9_9.2.1-29 gcc-9-base_9.2.1-29 gettext_0.19.8.1-10 gettext-base_0.19.8.1-10 gpgv_2.2.19-1 grep_3.4-1 groff-base_1.22.4-4 gzip_1.9-3+b1 hostname_3.23 init-system-helpers_1.57 intltool-debian_0.35.0+20060710.5 lib32gcc-s1_10-20200222-1 lib32gcc1_1:10-20200222-1 lib32stdc++6_10-20200222-1 libacl1_2.2.53-5 libapt-pkg5.0_1.8.4 libarchive-zip-perl_1.67-1 libasan5_9.2.1-29 libatomic1_10-20200222-1 libattr1_1:2.4.48-5 libaudit-common_1:2.8.5-2 libaudit1_1:2.8.5-2+b1 libbinutils_2.34-3 libblkid1_2.34-0.1 libbsd0_0.10.0-1 libbz2-1.0_1.0.8-2 libc-bin_2.29-10 libc-dev-bin_2.29-10 libc6_2.29-10 libc6-dev_2.29-10 libc6-i386_2.29-10 libcap-ng0_0.7.9-2.1+b1 libcc1-0_10-20200222-1 libclang-common-9-dev_1:9.0.1-8 libclang-cpp9_1:9.0.1-8 libcom-err2_1.45.5-2 libcroco3_0.6.13-1 libcrypt-dev_1:4.4.10-10 libcrypt1_1:4.4.10-10 libctf-nobfd0_2.34-3 libctf0_2.34-3 libdb5.3_5.3.28+dfsg1-0.6 libdebconfclient0_0.251 libdebhelper-perl_12.9 libdpkg-perl_1.19.7 libedit2_3.1-20191231-1 libelf1_0.176-1.1 libexpat1_2.2.9-1 libext2fs2_1.45.5-2 libfakeroot_1.24-1 libfdisk1_2.34-0.1 libffi7_3.3-3 libfile-stripnondeterminism-perl_1.6.3-2 libgc1c2_1:7.6.4-0.4 libgcc-8-dev_8.3.0-29 libgcc-9-dev_9.2.1-29 libgcc-s1_10-20200222-1 libgcc1_1:10-20200222-1 libgcrypt20_1.8.5-5 libgdbm-compat4_1.18.1-5 libgdbm6_1.18.1-5 libglib2.0-0_2.62.4-2 libgmp10_2:6.2.0+dfsg-4 libgnutls30_3.6.12-2 libgomp1_10-20200222-1 libgpg-error0_1.37-1 libhogweed5_3.5.1+really3.5.1-2 libicu63_63.2-2 libidn2-0_2.2.0-2 libisl22_0.22.1-1 libitm1_10-20200222-1 libllvm9_1:9.0.1-8 liblsan0_10-20200222-1 liblz4-1_1.9.2-2 liblzma5_5.2.4-1+b1 libmagic-mgc_1:5.38-4 libmagic1_1:5.38-4 libmount1_2.34-0.1 libmpc3_1.1.0-1 libmpdec2_2.4.2-2 libmpfr6_4.0.2-1 libmpx2_8.3.0-29 libncursesw6_6.1+20191019-1 libnettle7_3.5.1+really3.5.1-2 libobjc-8-dev_8.3.0-29 libobjc-9-dev_9.2.1-29 libobjc4_10-20200222-1 libomp-9-dev_1:9.0.1-8 libomp5-9_1:9.0.1-8 libp11-kit0_0.23.20-1 libpam-modules_1.3.1-5 libpam-modules-bin_1.3.1-5 libpam-runtime_1.3.1-5 libpam0g_1.3.1-5 libpcre16-3_2:8.39-12+b1 libpcre2-8-0_10.34-7 libpcre3_2:8.39-12+b1 libpcre3-dev_2:8.39-12+b1 libpcre32-3_2:8.39-12+b1 libpcrecpp0v5_2:8.39-12+b1 libperl5.30_5.30.0-9 libpipeline1_1.5.2-2 libpython3-stdlib_3.7.5-3 libpython3.7-minimal_3.7.6-1+b1 libpython3.7-stdlib_3.7.6-1+b1 libpython3.8-minimal_3.8.2~rc2-2 libpython3.8-stdlib_3.8.2~rc2-2 libquadmath0_10-20200222-1 libreadline8_8.0-3 libseccomp2_2.4.2-2 libselinux1_3.0-1+b1 libsemanage-common_3.0-1 libsemanage1_3.0-1+b1 libsepol1_3.0-1 libsigsegv2_2.12-2 libsmartcols1_2.34-0.1 libsqlite3-0_3.31.1-3 libss2_1.45.5-2 libssl1.1_1.1.1d-2 libstdc++-8-dev_8.3.0-29 libstdc++-9-dev_9.2.1-29 libstdc++6_10-20200222-1 libsub-override-perl_0.09-2 libsystemd0_244.3-1 libtasn1-6_4.16.0-2 libtinfo6_6.1+20191019-1 libtool_2.4.6-13 libtsan0_10-20200222-1 libubsan1_10-20200222-1 libuchardet0_0.0.6-3 libudev1_244.3-1 libunistring2_0.9.10-2 libuuid1_2.34-0.1 libxml2_2.9.10+dfsg-3 libz3-4_4.8.7-4 libzstd1_1.4.4+dfsg-3 linux-libc-dev_5.4.19-1 login_1:4.8.1-1 logsave_1.45.5-2 lsb-base_11.1.0 m4_1.4.18-4 make_4.2.1-1.2 man-db_2.9.0-2 mawk_1.3.4.20200120-2 mime-support_3.64 mount_2.34-0.1 ncurses-base_6.1+20191019-1 ncurses-bin_6.1+20191019-1 passwd_1:4.8.1-1 patch_2.7.6-6 perl_5.30.0-9 perl-base_5.30.0-9 perl-modules-5.30_5.30.0-9 po-debconf_1.0.21 python3_3.7.5-3 python3-all_3.7.5-3 python3-atomicwrites_1.1.5-2 python3-attr_19.3.0-1 python3-ddt_1.2.1-3 python3-distutils_3.8.0-1 python3-importlib-metadata_1.5.0-1 python3-lib2to3_3.8.0-1 python3-minimal_3.7.5-3 python3-more-itertools_4.2.0-1 python3-packaging_19.1-2 python3-pkg-resources_44.0.0-1 python3-pluggy_0.13.0-2 python3-py_1.8.1-1 python3-pyparsing_2.4.6-1 python3-pytest_4.6.9-1 python3-setuptools_44.0.0-1 python3-six_1.14.0-2 python3-wcwidth_0.1.8+dfsg1-3 python3-zipp_1.0.0-1 python3.7_3.7.6-1+b1 python3.7-minimal_3.7.6-1+b1 python3.8_3.8.2~rc2-2 python3.8-minimal_3.8.2~rc2-2 readline-common_8.0-3 sbuild-build-depends-main-dummy_0.invalid.0 sed_4.7-1 sensible-utils_0.0.12+nmu1 sysvinit-utils_2.96-2.1 tar_1.30+dfsg-6+b1 tzdata_2019c-3 util-linux_2.34-0.1 xz-utils_5.2.4-1+b1 zlib1g_1:1.2.11.dfsg-1.2

+------------------------------------------------------------------------------+
| Build                                                                        |
+------------------------------------------------------------------------------+


Unpack source
-------------

-----BEGIN PGP SIGNED MESSAGE-----
Hash: SHA512

Format: 3.0 (quilt)
Source: confget
Binary: confget, python3-confget
Architecture: any all
Version: 2.3.0-1
Maintainer: Peter Pentchev <roam@debian.org>
Homepage: https://devel.ringlet.net/textproc/confget/
Standards-Version: 4.4.0
Vcs-Browser: https://gitlab.com/confget/confget/tree/debian/master
Vcs-Git: https://gitlab.com/confget/confget.git -b debian/master
Testsuite: autopkgtest
Testsuite-Triggers: adequate, feature-check, groff-base, perl
Build-Depends: debhelper-compat (= 12), dh-python, libpcre3-dev
Build-Depends-Indep: python3-all, python3-ddt, python3-pytest, python3-six, python3-setuptools
Package-List:
 confget deb text optional arch=any
 python3-confget deb python optional arch=all
Checksums-Sha1:
 be2e5831827bad5e7cc3f56b179ae4b55d308303 32552 confget_2.3.0.orig.tar.xz
 809a46785e3914084242a0dcfab237f90c771065 833 confget_2.3.0.orig.tar.xz.asc
 5f92dcdf674fe2fc49f5928fdd446baac1a4a316 9604 confget_2.3.0-1.debian.tar.xz
Checksums-Sha256:
 50fac234109256855443ea871c015945dfa53fc8243adcfbae0ce634a934d0f6 32552 confget_2.3.0.orig.tar.xz
 4645ed8878ad5ff6d04e29cd2571bdb379e736b2e6ad781c7b387ca5f9253761 833 confget_2.3.0.orig.tar.xz.asc
 068ab9ac47234f025915945e4aedf5c7a933d3e933d5b6d6f8346ab08a4c29db 9604 confget_2.3.0-1.debian.tar.xz
Files:
 ef419d0e30de2d5cbc8f570d114e9b89 32552 confget_2.3.0.orig.tar.xz
 cf0f71eca613fdc6f57fafbef3bef33d 833 confget_2.3.0.orig.tar.xz.asc
 438e4e3670b2ef7ed7feb2184ae70e9b 9604 confget_2.3.0-1.debian.tar.xz
Dgit: ff36c073c75231ceddeaec5f3d062932e952e185 debian archive/debian/2.3.0-1 https://git.dgit.debian.org/confget

-----BEGIN PGP SIGNATURE-----

iQJEBAEBCgAuFiEELuenpRf8EkzxFcNUZR7vsCUn3xMFAl12XZwQHHJvYW1AZGVi
aWFuLm9yZwAKCRBlHu+wJSffE3WeD/9RO7AUn2jMfRwFoAz9XHo0VaWsiHMPNyD5
LVEEJFv4FgPbMJDP1HGiu5d25gI2hDP/kpBka4NvYTHCgQGi8QPDhZ+rUJ9KOMZP
yiO3lNNn5/kLjHhZDWu5hmjjmhy+HxIf2eZL8nPMcV5yUUBUDNLbU0me3gnOEb/Q
FJSiwDIlHZ7sQUzOjMW530B2I+bxshuTi3i11b0zr3/WMGetMRg6WJ/Nt+PmXkBC
kJTodxPVRUBqniPfF5LLOCqDZFDeJbpySxC0Cfu6kAs4W1U4J3iZ/5A6OuoGRDyS
p4l6s3l/8qJSM8UKryRskuJMkKfoOEXq9ZZfsOUu7P/kuWC41J/+l/RPgdYilyTb
iKXTvXK0zroCUt9BoSNMzVgUy8Nos0dIbXPPwuT3Wr3sTFLNdP8fMxdFrGWWxKIC
61I0sW9oHVRIRx3KFwJ2YdD7uSJQc2bljwhG+KWsX0d0X69zWGva4dJHPfPkJiXQ
5+y1WhTN3cOnOohFCa9/WHY+f1xXkCC8LvW8O0gArPjVx6+GioUDpLg9on4UVQUJ
eOxqt92cN2KMd3GlrjEBZqh/QsaJTVmfErburE6V14EvauNFmCM/VggKEU/MEJ/s
CxXeDIhAJtcovKhOulUIp27ddKq4DgFujN4QSRYq/dejT3yBMTXER19JP6WA168L
gFu8x20M0Q==
=lWD2
-----END PGP SIGNATURE-----

gpgv: unknown type of key resource 'trustedkeys.kbx'
gpgv: keyblock resource '/sbuild-nonexistent/.gnupg/trustedkeys.kbx': General error
gpgv: Signature made Mon Sep  9 14:11:40 2019 UTC
gpgv:                using RSA key 2EE7A7A517FC124CF115C354651EEFB02527DF13
gpgv:                issuer "roam@debian.org"
gpgv: Can't check signature: No public key
dpkg-source: warning: failed to verify signature on ./confget_2.3.0-1.dsc
dpkg-source: info: extracting confget in /<<PKGBUILDDIR>>
dpkg-source: info: unpacking confget_2.3.0.orig.tar.xz
dpkg-source: info: unpacking confget_2.3.0-1.debian.tar.xz
dpkg-source: info: using patch list from debian/patches/series
dpkg-source: info: applying python-no-executable.patch

Check disk space
----------------

Sufficient free space for build

User Environment
----------------

APT_CONFIG=/var/lib/sbuild/apt.conf
HOME=/sbuild-nonexistent
LANG=C.UTF-8
LC_ALL=C.UTF-8
LOGNAME=user42
PATH=/usr/local/sbin:/usr/local/bin:/usr/sbin:/usr/bin:/sbin:/bin:/usr/games
SCHROOT_ALIAS_NAME=unstable
SCHROOT_CHROOT_NAME=sid-amd64-sbuild
SCHROOT_COMMAND=env
SCHROOT_GID=1001
SCHROOT_GROUP=user42
SCHROOT_SESSION_ID=sid-amd64-sbuild-fdc2f0c4-091a-489e-a5b9-5f8d58ad1c91
SCHROOT_UID=1001
SCHROOT_USER=user42
SHELL=/bin/sh
USER=user42

dpkg-buildpackage
-----------------

Command: dpkg-buildpackage -us -uc -b -rfakeroot
dpkg-buildpackage: info: source package confget
dpkg-buildpackage: info: source version 2.3.0-1
dpkg-buildpackage: info: source distribution unstable
dpkg-buildpackage: info: source changed by Peter Pentchev <roam@debian.org>
 dpkg-source --before-build .
dpkg-buildpackage: info: host architecture amd64
 debian/rules clean
set -e; \
if dpkg-query -W python3-setuptools > /dev/null 2>&1; then \
	with='--with python3'; \
else \
	with=''; \
fi; \
echo "Running 'dh clean $with'"; \
dh clean $with
Running 'dh clean --with python3'
   debian/rules override_dh_auto_clean
make[1]: Entering directory '/<<PKGBUILDDIR>>'
dh_auto_clean
	make -j4 clean
make[2]: Entering directory '/<<PKGBUILDDIR>>'
rm -f confget confget.o confget_common.o confget_http_get.o confget_ini.o confget.1.gz
rm -f test-getline test-fgetln readaline.h
make[2]: Leaving directory '/<<PKGBUILDDIR>>'
if dpkg-query -W -f '${Package}\n' | fgrep -qxe python3-setuptools; then \
	dh_auto_clean -D '/<<PKGBUILDDIR>>/python' --buildsystem pybuild; \
fi
I: pybuild base:217: python3.8 setup.py clean 
running clean
removing '/<<PKGBUILDDIR>>/.pybuild/cpython3_3.8_confget/build' (and everything under it)
'build/bdist.linux-amd64' does not exist -- can't clean it
'build/scripts-3.8' does not exist -- can't clean it
I: pybuild base:217: python3.7 setup.py clean 
running clean
removing '/<<PKGBUILDDIR>>/.pybuild/cpython3_3.7_confget/build' (and everything under it)
'build/bdist.linux-amd64' does not exist -- can't clean it
'build/scripts-3.7' does not exist -- can't clean it
rm -rf -- '/<<PKGBUILDDIR>>/python/.pytest_cache' '/<<PKGBUILDDIR>>/python/confget.egg-info'
make[1]: Leaving directory '/<<PKGBUILDDIR>>'
   dh_clean
 debian/rules binary
set -e; \
if dpkg-query -W python3-setuptools > /dev/null 2>&1; then \
	with='--with python3'; \
else \
	with=''; \
fi; \
echo "Running 'dh binary $with'"; \
dh binary $with
Running 'dh binary --with python3'
   dh_update_autotools_config
   dh_autoreconf
   dh_auto_configure
   debian/rules override_dh_auto_build
make[1]: Entering directory '/<<PKGBUILDDIR>>'
building C: yes, python: yes, doc: yes
dh_auto_build -- LFS_CPPFLAGS= LFS_LDFLAGS=
	make -j4 "INSTALL=install --strip-program=true" LFS_CPPFLAGS= LFS_LDFLAGS=
make[2]: Entering directory '/<<PKGBUILDDIR>>'
cc -Wdate-time -D_FORTIFY_SOURCE=2 -D_POSIX_C_SOURCE=200809L -D_XOPEN_SOURCE=700  -DHAVE_PCRE -g -O2 -fdebug-prefix-map=/<<PKGBUILDDIR>>=. -fstack-protector-strong -Wformat -Werror=format-security -pipe -Wall -W -std=c99 -pedantic -Wbad-function-cast -Wcast-align -Wcast-qual -Wchar-subscripts -Winline -Wmissing-prototypes -Wnested-externs -Wpointer-arith -Wredundant-decls -Wshadow -Wstrict-prototypes -Wwrite-strings -std=c99 -Wall -W -c confget.c
rm -f readaline.h
cc -Wdate-time -D_FORTIFY_SOURCE=2 -D_POSIX_C_SOURCE=200809L -D_XOPEN_SOURCE=700  -DHAVE_PCRE -g -O2 -fdebug-prefix-map=/<<PKGBUILDDIR>>=. -fstack-protector-strong -Wformat -Werror=format-security -pipe -Wall -W -std=c99 -pedantic -Wbad-function-cast -Wcast-align -Wcast-qual -Wchar-subscripts -Winline -Wmissing-prototypes -Wnested-externs -Wpointer-arith -Wredundant-decls -Wshadow -Wstrict-prototypes -Wwrite-strings -std=c99 -Wall -W -c confget_http_get.c
if cc -Wdate-time -D_FORTIFY_SOURCE=2 -D_POSIX_C_SOURCE=200809L -D_XOPEN_SOURCE=700  -DHAVE_PCRE -g -O2 -fdebug-prefix-map=/<<PKGBUILDDIR>>=. -fstack-protector-strong -Wformat -Werror=format-security -pipe -Wall -W -std=c99 -pedantic -Wbad-function-cast -Wcast-align -Wcast-qual -Wchar-subscripts -Winline -Wmissing-prototypes -Wnested-externs -Wpointer-arith -Wredundant-decls -Wshadow -Wstrict-prototypes -Wwrite-strings -std=c99 -Wall -W -Wl,-z,relro -Wl,-z,now  -o test-getline test-getline.c ; then \
		echo '#define HAVE_GETLINE' > readaline.h; \
	else if cc -Wdate-time -D_FORTIFY_SOURCE=2 -D_POSIX_C_SOURCE=200809L -D_XOPEN_SOURCE=700  -DHAVE_PCRE -g -O2 -fdebug-prefix-map=/<<PKGBUILDDIR>>=. -fstack-protector-strong -Wformat -Werror=format-security -pipe -Wall -W -std=c99 -pedantic -Wbad-function-cast -Wcast-align -Wcast-qual -Wchar-subscripts -Winline -Wmissing-prototypes -Wnested-externs -Wpointer-arith -Wredundant-decls -Wshadow -Wstrict-prototypes -Wwrite-strings -std=c99 -Wall -W -Wl,-z,relro -Wl,-z,now  -o test-fgetln test-fgetln.c ; then \
		echo '#define HAVE_FGETLN' > readaline.h; \
	else \
		echo 'Neither getline() nor fgetln() found!' 1>&2; \
		false; \
	fi; fi
cc -Wdate-time -D_FORTIFY_SOURCE=2 -D_POSIX_C_SOURCE=200809L -D_XOPEN_SOURCE=700  -DHAVE_PCRE -g -O2 -fdebug-prefix-map=/<<PKGBUILDDIR>>=. -fstack-protector-strong -Wformat -Werror=format-security -pipe -Wall -W -std=c99 -pedantic -Wbad-function-cast -Wcast-align -Wcast-qual -Wchar-subscripts -Winline -Wmissing-prototypes -Wnested-externs -Wpointer-arith -Wredundant-decls -Wshadow -Wstrict-prototypes -Wwrite-strings -std=c99 -Wall -W -c confget_ini.c
gzip -c9 confget.1 > confget.1.gz.tmp
mv confget.1.gz.tmp confget.1.gz
cc -Wdate-time -D_FORTIFY_SOURCE=2 -D_POSIX_C_SOURCE=200809L -D_XOPEN_SOURCE=700  -DHAVE_PCRE -g -O2 -fdebug-prefix-map=/<<PKGBUILDDIR>>=. -fstack-protector-strong -Wformat -Werror=format-security -pipe -Wall -W -std=c99 -pedantic -Wbad-function-cast -Wcast-align -Wcast-qual -Wchar-subscripts -Winline -Wmissing-prototypes -Wnested-externs -Wpointer-arith -Wredundant-decls -Wshadow -Wstrict-prototypes -Wwrite-strings -std=c99 -Wall -W -c confget_common.c
cc -Wl,-z,relro -Wl,-z,now  -o confget confget.o confget_common.o confget_http_get.o confget_ini.o -lpcre
make[2]: Leaving directory '/<<PKGBUILDDIR>>'
dh_auto_build -D '/<<PKGBUILDDIR>>/python' --buildsystem pybuild
I: pybuild base:217: /usr/bin/python3.8 setup.py build 
running build
running build_py
creating /<<PKGBUILDDIR>>/.pybuild/cpython3_3.8_confget/build/confget
copying confget/defs.py -> /<<PKGBUILDDIR>>/.pybuild/cpython3_3.8_confget/build/confget
copying confget/__init__.py -> /<<PKGBUILDDIR>>/.pybuild/cpython3_3.8_confget/build/confget
copying confget/__main__.py -> /<<PKGBUILDDIR>>/.pybuild/cpython3_3.8_confget/build/confget
copying confget/format.py -> /<<PKGBUILDDIR>>/.pybuild/cpython3_3.8_confget/build/confget
creating /<<PKGBUILDDIR>>/.pybuild/cpython3_3.8_confget/build/confget/backend
copying confget/backend/ini.py -> /<<PKGBUILDDIR>>/.pybuild/cpython3_3.8_confget/build/confget/backend
copying confget/backend/__init__.py -> /<<PKGBUILDDIR>>/.pybuild/cpython3_3.8_confget/build/confget/backend
copying confget/backend/http_get.py -> /<<PKGBUILDDIR>>/.pybuild/cpython3_3.8_confget/build/confget/backend
copying confget/backend/abstract.py -> /<<PKGBUILDDIR>>/.pybuild/cpython3_3.8_confget/build/confget/backend
copying confget/py.typed -> /<<PKGBUILDDIR>>/.pybuild/cpython3_3.8_confget/build/confget
I: pybuild base:217: /usr/bin/python3 setup.py build 
running build
running build_py
creating /<<PKGBUILDDIR>>/.pybuild/cpython3_3.7_confget/build/confget
copying confget/defs.py -> /<<PKGBUILDDIR>>/.pybuild/cpython3_3.7_confget/build/confget
copying confget/__init__.py -> /<<PKGBUILDDIR>>/.pybuild/cpython3_3.7_confget/build/confget
copying confget/__main__.py -> /<<PKGBUILDDIR>>/.pybuild/cpython3_3.7_confget/build/confget
copying confget/format.py -> /<<PKGBUILDDIR>>/.pybuild/cpython3_3.7_confget/build/confget
creating /<<PKGBUILDDIR>>/.pybuild/cpython3_3.7_confget/build/confget/backend
copying confget/backend/ini.py -> /<<PKGBUILDDIR>>/.pybuild/cpython3_3.7_confget/build/confget/backend
copying confget/backend/__init__.py -> /<<PKGBUILDDIR>>/.pybuild/cpython3_3.7_confget/build/confget/backend
copying confget/backend/http_get.py -> /<<PKGBUILDDIR>>/.pybuild/cpython3_3.7_confget/build/confget/backend
copying confget/backend/abstract.py -> /<<PKGBUILDDIR>>/.pybuild/cpython3_3.7_confget/build/confget/backend
copying confget/py.typed -> /<<PKGBUILDDIR>>/.pybuild/cpython3_3.7_confget/build/confget
make[1]: Leaving directory '/<<PKGBUILDDIR>>'
   debian/rules override_dh_auto_test
make[1]: Entering directory '/<<PKGBUILDDIR>>'
dh_auto_test
	make -j4 test
make[2]: Entering directory '/<<PKGBUILDDIR>>'
prove t
t/01-get-values.t ............ ok
t/02-check-values.t .......... ok
t/03-list-all.t .............. ok
t/04-bespoke-test-manpage.t .. ok
t/05-match-names.t ........... ok
t/06-get-default.t ........... ok
t/07-match-values.t .......... ok
t/08-bespoke-shell-quote.t ... ok
t/09-bespoke-regexp.t ........ ok
t/10-bespoke-qsections.t ..... ok
t/11-no-default.t ............ ok
t/12-last-value.t ............ ok
t/13-bespoke-features.t ...... ok
t/14-bespoke-too-many.t ...... ok
All tests successful.
Files=14, Tests=124,  2 wallclock secs ( 0.09 usr  0.00 sys +  0.20 cusr  0.06 csys =  0.35 CPU)
Result: PASS
make[2]: Leaving directory '/<<PKGBUILDDIR>>'
env PYTHONPATH='/<<PKGBUILDDIR>>/python' '/<<PKGBUILDDIR>>/debian/tests/tap-python.sh'


============ Testing python3.7

t/01-get-values.t ............ ok
t/02-check-values.t .......... ok
t/03-list-all.t .............. ok
t/04-bespoke-test-manpage.t .. ok
t/05-match-names.t ........... ok
t/06-get-default.t ........... ok
t/07-match-values.t .......... ok
t/08-bespoke-shell-quote.t ... ok
t/09-bespoke-regexp.t ........ ok
t/10-bespoke-qsections.t ..... ok
t/11-no-default.t ............ ok
t/12-last-value.t ............ ok
t/13-bespoke-features.t ...... ok
t/14-bespoke-too-many.t ...... ok
All tests successful.
Files=14, Tests=124, 15 wallclock secs ( 0.09 usr  0.00 sys +  4.86 cusr  0.74 csys =  5.69 CPU)
Result: PASS


============ Testing python3.8

t/01-get-values.t ............ ok
t/02-check-values.t .......... ok
t/03-list-all.t .............. ok
t/04-bespoke-test-manpage.t .. ok
t/05-match-names.t ........... ok
t/06-get-default.t ........... ok
t/07-match-values.t .......... ok
t/08-bespoke-shell-quote.t ... ok
t/09-bespoke-regexp.t ........ ok
t/10-bespoke-qsections.t ..... ok
t/11-no-default.t ............ ok
t/12-last-value.t ............ ok
t/13-bespoke-features.t ...... ok
t/14-bespoke-too-many.t ...... ok
All tests successful.
Files=14, Tests=124,  6 wallclock secs ( 0.06 usr  0.02 sys +  4.74 cusr  0.71 csys =  5.53 CPU)
Result: PASS


============ The TAP tests passed for all Python versions

env TESTDIR='/<<PKGBUILDDIR>>/t' dh_auto_test -D '/<<PKGBUILDDIR>>/python' --buildsystem pybuild -- --test-pytest --test-args '/<<PKGBUILDDIR>>/python/unit_tests'
I: pybuild base:217: cd /<<PKGBUILDDIR>>/.pybuild/cpython3_3.8_confget/build; python3.8 -m pytest /<<PKGBUILDDIR>>/python/unit_tests
============================= test session starts ==============================
platform linux -- Python 3.8.2rc2, pytest-4.6.9, py-1.8.1, pluggy-0.13.0
rootdir: /<<PKGBUILDDIR>>/python
collected 83 items

../../../python/unit_tests/test_parser.py .                              [  1%]
../../../python/unit_tests/test_run.py ................................. [ 40%]
.................................................                        [100%]

========================== 83 passed in 0.16 seconds ===========================
I: pybuild base:217: cd /<<PKGBUILDDIR>>/.pybuild/cpython3_3.7_confget/build; python3.7 -m pytest /<<PKGBUILDDIR>>/python/unit_tests
============================= test session starts ==============================
platform linux -- Python 3.7.6, pytest-4.6.9, py-1.8.1, pluggy-0.13.0
rootdir: /<<PKGBUILDDIR>>/python
collected 83 items

../../../python/unit_tests/test_parser.py .                              [  1%]
../../../python/unit_tests/test_run.py ................................. [ 40%]
.................................................                        [100%]

========================== 83 passed in 0.17 seconds ===========================
make[1]: Leaving directory '/<<PKGBUILDDIR>>'
   create-stamp debian/debhelper-build-stamp
   dh_testroot
   dh_prep
   debian/rules override_dh_auto_install
make[1]: Entering directory '/<<PKGBUILDDIR>>'
dh_auto_install -- DESTDIR=/<<PKGBUILDDIR>>/debian/confget PREFIX=/usr \
	MANDIR=/usr/share/man/man BINGRP=root MANGRP=root \
	EXAMPLESDIR=/usr/share/doc/confget/examples \
	INSTALL_PROGRAM='install -m 755' \
	INSTALL_SCRIPT='install -m 755' INSTALL_DATA='install -m 644'
	make -j4 install DESTDIR=/<<PKGBUILDDIR>>/debian/tmp AM_UPDATE_INFO_DIR=no "INSTALL=install --strip-program=true" DESTDIR=/<<PKGBUILDDIR>>/debian/confget PREFIX=/usr MANDIR=/usr/share/man/man BINGRP=root MANGRP=root EXAMPLESDIR=/usr/share/doc/confget/examples "INSTALL_PROGRAM=install -m 755" "INSTALL_SCRIPT=install -m 755" "INSTALL_DATA=install -m 644"
make[2]: Entering directory '/<<PKGBUILDDIR>>'
mkdir -p /<<PKGBUILDDIR>>/debian/confget/usr/bin
mkdir -p /<<PKGBUILDDIR>>/debian/confget/usr/share/man/man1
install -m 755 confget /<<PKGBUILDDIR>>/debian/confget/usr/bin/
install -m 644 confget.1.gz /<<PKGBUILDDIR>>/debian/confget/usr/share/man/man1/
mkdir -p /<<PKGBUILDDIR>>/debian/confget/usr/share/doc/confget/examples/tests
install -m 755 t/*.t /<<PKGBUILDDIR>>/debian/confget/usr/share/doc/confget/examples/tests/
install -m 644 t/*.ini /<<PKGBUILDDIR>>/debian/confget/usr/share/doc/confget/examples/tests/
make[2]: Leaving directory '/<<PKGBUILDDIR>>'
dh_auto_install -D '/<<PKGBUILDDIR>>/python' --buildsystem pybuild
I: pybuild base:217: /usr/bin/python3.8 setup.py install --root /<<PKGBUILDDIR>>/debian/python3-confget 
running install
running build
running build_py
running install_lib
creating /<<PKGBUILDDIR>>/debian/python3-confget
creating /<<PKGBUILDDIR>>/debian/python3-confget/usr
creating /<<PKGBUILDDIR>>/debian/python3-confget/usr/lib
creating /<<PKGBUILDDIR>>/debian/python3-confget/usr/lib/python3.8
creating /<<PKGBUILDDIR>>/debian/python3-confget/usr/lib/python3.8/dist-packages
creating /<<PKGBUILDDIR>>/debian/python3-confget/usr/lib/python3.8/dist-packages/confget
copying /<<PKGBUILDDIR>>/.pybuild/cpython3_3.8_confget/build/confget/defs.py -> /<<PKGBUILDDIR>>/debian/python3-confget/usr/lib/python3.8/dist-packages/confget
copying /<<PKGBUILDDIR>>/.pybuild/cpython3_3.8_confget/build/confget/__init__.py -> /<<PKGBUILDDIR>>/debian/python3-confget/usr/lib/python3.8/dist-packages/confget
copying /<<PKGBUILDDIR>>/.pybuild/cpython3_3.8_confget/build/confget/__main__.py -> /<<PKGBUILDDIR>>/debian/python3-confget/usr/lib/python3.8/dist-packages/confget
copying /<<PKGBUILDDIR>>/.pybuild/cpython3_3.8_confget/build/confget/py.typed -> /<<PKGBUILDDIR>>/debian/python3-confget/usr/lib/python3.8/dist-packages/confget
creating /<<PKGBUILDDIR>>/debian/python3-confget/usr/lib/python3.8/dist-packages/confget/backend
copying /<<PKGBUILDDIR>>/.pybuild/cpython3_3.8_confget/build/confget/backend/ini.py -> /<<PKGBUILDDIR>>/debian/python3-confget/usr/lib/python3.8/dist-packages/confget/backend
copying /<<PKGBUILDDIR>>/.pybuild/cpython3_3.8_confget/build/confget/backend/__init__.py -> /<<PKGBUILDDIR>>/debian/python3-confget/usr/lib/python3.8/dist-packages/confget/backend
copying /<<PKGBUILDDIR>>/.pybuild/cpython3_3.8_confget/build/confget/backend/http_get.py -> /<<PKGBUILDDIR>>/debian/python3-confget/usr/lib/python3.8/dist-packages/confget/backend
copying /<<PKGBUILDDIR>>/.pybuild/cpython3_3.8_confget/build/confget/backend/abstract.py -> /<<PKGBUILDDIR>>/debian/python3-confget/usr/lib/python3.8/dist-packages/confget/backend
copying /<<PKGBUILDDIR>>/.pybuild/cpython3_3.8_confget/build/confget/format.py -> /<<PKGBUILDDIR>>/debian/python3-confget/usr/lib/python3.8/dist-packages/confget
byte-compiling /<<PKGBUILDDIR>>/debian/python3-confget/usr/lib/python3.8/dist-packages/confget/defs.py to defs.cpython-38.pyc
byte-compiling /<<PKGBUILDDIR>>/debian/python3-confget/usr/lib/python3.8/dist-packages/confget/__init__.py to __init__.cpython-38.pyc
byte-compiling /<<PKGBUILDDIR>>/debian/python3-confget/usr/lib/python3.8/dist-packages/confget/__main__.py to __main__.cpython-38.pyc
byte-compiling /<<PKGBUILDDIR>>/debian/python3-confget/usr/lib/python3.8/dist-packages/confget/backend/ini.py to ini.cpython-38.pyc
byte-compiling /<<PKGBUILDDIR>>/debian/python3-confget/usr/lib/python3.8/dist-packages/confget/backend/__init__.py to __init__.cpython-38.pyc
byte-compiling /<<PKGBUILDDIR>>/debian/python3-confget/usr/lib/python3.8/dist-packages/confget/backend/http_get.py to http_get.cpython-38.pyc
byte-compiling /<<PKGBUILDDIR>>/debian/python3-confget/usr/lib/python3.8/dist-packages/confget/backend/abstract.py to abstract.cpython-38.pyc
byte-compiling /<<PKGBUILDDIR>>/debian/python3-confget/usr/lib/python3.8/dist-packages/confget/format.py to format.cpython-38.pyc
running install_egg_info
running egg_info
creating confget.egg-info
writing confget.egg-info/PKG-INFO
writing dependency_links to confget.egg-info/dependency_links.txt
writing requirements to confget.egg-info/requires.txt
writing top-level names to confget.egg-info/top_level.txt
writing manifest file 'confget.egg-info/SOURCES.txt'
reading manifest file 'confget.egg-info/SOURCES.txt'
writing manifest file 'confget.egg-info/SOURCES.txt'
Copying confget.egg-info to /<<PKGBUILDDIR>>/debian/python3-confget/usr/lib/python3.8/dist-packages/confget-2.3.0.egg-info
Skipping SOURCES.txt
running install_scripts
I: pybuild base:217: /usr/bin/python3 setup.py install --root /<<PKGBUILDDIR>>/debian/python3-confget 
running install
running build
running build_py
running install_lib
creating /<<PKGBUILDDIR>>/debian/python3-confget/usr/lib/python3.7
creating /<<PKGBUILDDIR>>/debian/python3-confget/usr/lib/python3.7/dist-packages
creating /<<PKGBUILDDIR>>/debian/python3-confget/usr/lib/python3.7/dist-packages/confget
copying /<<PKGBUILDDIR>>/.pybuild/cpython3_3.7_confget/build/confget/defs.py -> /<<PKGBUILDDIR>>/debian/python3-confget/usr/lib/python3.7/dist-packages/confget
copying /<<PKGBUILDDIR>>/.pybuild/cpython3_3.7_confget/build/confget/__init__.py -> /<<PKGBUILDDIR>>/debian/python3-confget/usr/lib/python3.7/dist-packages/confget
copying /<<PKGBUILDDIR>>/.pybuild/cpython3_3.7_confget/build/confget/__main__.py -> /<<PKGBUILDDIR>>/debian/python3-confget/usr/lib/python3.7/dist-packages/confget
copying /<<PKGBUILDDIR>>/.pybuild/cpython3_3.7_confget/build/confget/py.typed -> /<<PKGBUILDDIR>>/debian/python3-confget/usr/lib/python3.7/dist-packages/confget
creating /<<PKGBUILDDIR>>/debian/python3-confget/usr/lib/python3.7/dist-packages/confget/backend
copying /<<PKGBUILDDIR>>/.pybuild/cpython3_3.7_confget/build/confget/backend/ini.py -> /<<PKGBUILDDIR>>/debian/python3-confget/usr/lib/python3.7/dist-packages/confget/backend
copying /<<PKGBUILDDIR>>/.pybuild/cpython3_3.7_confget/build/confget/backend/__init__.py -> /<<PKGBUILDDIR>>/debian/python3-confget/usr/lib/python3.7/dist-packages/confget/backend
copying /<<PKGBUILDDIR>>/.pybuild/cpython3_3.7_confget/build/confget/backend/http_get.py -> /<<PKGBUILDDIR>>/debian/python3-confget/usr/lib/python3.7/dist-packages/confget/backend
copying /<<PKGBUILDDIR>>/.pybuild/cpython3_3.7_confget/build/confget/backend/abstract.py -> /<<PKGBUILDDIR>>/debian/python3-confget/usr/lib/python3.7/dist-packages/confget/backend
copying /<<PKGBUILDDIR>>/.pybuild/cpython3_3.7_confget/build/confget/format.py -> /<<PKGBUILDDIR>>/debian/python3-confget/usr/lib/python3.7/dist-packages/confget
byte-compiling /<<PKGBUILDDIR>>/debian/python3-confget/usr/lib/python3.7/dist-packages/confget/defs.py to defs.cpython-37.pyc
byte-compiling /<<PKGBUILDDIR>>/debian/python3-confget/usr/lib/python3.7/dist-packages/confget/__init__.py to __init__.cpython-37.pyc
byte-compiling /<<PKGBUILDDIR>>/debian/python3-confget/usr/lib/python3.7/dist-packages/confget/__main__.py to __main__.cpython-37.pyc
byte-compiling /<<PKGBUILDDIR>>/debian/python3-confget/usr/lib/python3.7/dist-packages/confget/backend/ini.py to ini.cpython-37.pyc
byte-compiling /<<PKGBUILDDIR>>/debian/python3-confget/usr/lib/python3.7/dist-packages/confget/backend/__init__.py to __init__.cpython-37.pyc
byte-compiling /<<PKGBUILDDIR>>/debian/python3-confget/usr/lib/python3.7/dist-packages/confget/backend/http_get.py to http_get.cpython-37.pyc
byte-compiling /<<PKGBUILDDIR>>/debian/python3-confget/usr/lib/python3.7/dist-packages/confget/backend/abstract.py to abstract.cpython-37.pyc
byte-compiling /<<PKGBUILDDIR>>/debian/python3-confget/usr/lib/python3.7/dist-packages/confget/format.py to format.cpython-37.pyc
running install_egg_info
running egg_info
writing confget.egg-info/PKG-INFO
writing dependency_links to confget.egg-info/dependency_links.txt
writing requirements to confget.egg-info/requires.txt
writing top-level names to confget.egg-info/top_level.txt
reading manifest file 'confget.egg-info/SOURCES.txt'
writing manifest file 'confget.egg-info/SOURCES.txt'
Copying confget.egg-info to /<<PKGBUILDDIR>>/debian/python3-confget/usr/lib/python3.7/dist-packages/confget-2.3.0.egg-info
Skipping SOURCES.txt
running install_scripts
make[1]: Leaving directory '/<<PKGBUILDDIR>>'
   dh_installdocs
   debian/rules override_dh_installchangelogs
make[1]: Entering directory '/<<PKGBUILDDIR>>'
dh_installchangelogs -X CHANGES
set -e; for pkg in $(dh_listpackages); do \
	install -m 644 CHANGES "debian/$pkg/usr/share/doc/$pkg/NEWS"; \
done
make[1]: Leaving directory '/<<PKGBUILDDIR>>'
   dh_installman
   dh_python3
   dh_perl
   dh_link
   dh_strip_nondeterminism
   dh_compress
   dh_fixperms
   debian/rules override_dh_missing
make[1]: Entering directory '/<<PKGBUILDDIR>>'
dh_missing --fail-missing
make[1]: Leaving directory '/<<PKGBUILDDIR>>'
   dh_dwz
   dh_strip
   dh_makeshlibs
   dh_shlibdeps
   dh_installdeb
   dh_gencontrol
dpkg-gencontrol: warning: Recommends field of package python3-confget: substitution variable ${python3:Recommends} used, but is not defined
dpkg-gencontrol: warning: Suggests field of package python3-confget: substitution variable ${python3:Suggests} used, but is not defined
dpkg-gencontrol: warning: Provides field of package python3-confget: substitution variable ${python3:Provides} used, but is not defined
   dh_md5sums
   dh_builddeb
dpkg-deb: building package 'confget' in '../confget_2.3.0-1_amd64.deb'.
dpkg-deb: building package 'python3-confget' in '../python3-confget_2.3.0-1_all.deb'.
dpkg-deb: building package 'confget-dbgsym' in '../confget-dbgsym_2.3.0-1_amd64.deb'.
 dpkg-genbuildinfo --build=binary
 dpkg-genchanges --build=binary >../confget_2.3.0-1_amd64.changes
dpkg-genchanges: info: binary-only upload (no source code included)
 dpkg-source --after-build .
dpkg-buildpackage: info: binary-only upload (no source included)
--------------------------------------------------------------------------------
Build finished at 2020-02-24T21:56:08Z

Finished
--------

I: Built successfully

+------------------------------------------------------------------------------+
| Changes                                                                      |
+------------------------------------------------------------------------------+


confget_2.3.0-1_amd64.changes:
------------------------------

Format: 1.8
Date: Mon, 09 Sep 2019 16:15:03 +0300
Source: confget
Binary: confget confget-dbgsym python3-confget
Architecture: amd64 all
Version: 2.3.0-1
Distribution: unstable
Urgency: medium
Maintainer: Peter Pentchev <roam@debian.org>
Changed-By: Peter Pentchev <roam@debian.org>
Description:
 confget    - read variables from INI-style configuration files
 python3-confget - read variables from INI-style configuration files - Python 3.x li
Closes: 936324
Changes:
 confget (2.3.0-1) unstable; urgency=medium
 .
   * New upstream version:
     - drop the test-too-many-pypy patch, integrated upstream
     - refresh the python-no-executable patch
   * Declare compliance with Debian Policy 4.4.0 with no changes.
   * Drop the PyPy package.
   * Drop the Python 2.x package, too.  Closes: #936324
   * Mark the adequate and feature-check tests as superficial.
Checksums-Sha1:
 d2ba4698eaa40da5631648c7c7c252dad44095b4 10952 confget-dbgsym_2.3.0-1_amd64.deb
 a8373df02ea40c105c32cfc88663b936bce1f6cf 6674 confget_2.3.0-1_amd64.buildinfo
 1244ca1fed11df28399dfe21a9168aea4e0f1df6 23576 confget_2.3.0-1_amd64.deb
 bd9010bbfd1874a49d3e94f8b194fd633e4f6570 18012 python3-confget_2.3.0-1_all.deb
Checksums-Sha256:
 b3f47b17ed6aa6cbe8ba494320007317c3aeb73d5323aaa0c375c59a80b561f6 10952 confget-dbgsym_2.3.0-1_amd64.deb
 fd8f19a22b034dca2cc7c27d1b6079da0cd6660a35eaef3dda2ee286b043e3c4 6674 confget_2.3.0-1_amd64.buildinfo
 198e645a7e996d7a4c1f2e10e5ce542a43e89f2f68cbbf7188feaf74edf0257d 23576 confget_2.3.0-1_amd64.deb
 b15ee5e66098f7cf776cb2822099eccdee4e36c9f6a77a62a7faf9d7c745dcea 18012 python3-confget_2.3.0-1_all.deb
Files:
 8aa89a02b5df69dd5d53e506cfab9f4c 10952 debug optional confget-dbgsym_2.3.0-1_amd64.deb
 b718fce2bafc6e99dc56741ff8b1608b 6674 text optional confget_2.3.0-1_amd64.buildinfo
 2b5ca343c7a69a28cb3d99b56b19ba60 23576 text optional confget_2.3.0-1_amd64.deb
 290b5f13322fd361b79511e8474576bc 18012 python optional python3-confget_2.3.0-1_all.deb

+------------------------------------------------------------------------------+
| Buildinfo                                                                    |
+------------------------------------------------------------------------------+

Format: 1.0
Source: confget
Binary: confget python3-confget
Architecture: all amd64
Version: 2.3.0-1
Checksums-Md5:
 8aa89a02b5df69dd5d53e506cfab9f4c 10952 confget-dbgsym_2.3.0-1_amd64.deb
 2b5ca343c7a69a28cb3d99b56b19ba60 23576 confget_2.3.0-1_amd64.deb
 290b5f13322fd361b79511e8474576bc 18012 python3-confget_2.3.0-1_all.deb
Checksums-Sha1:
 d2ba4698eaa40da5631648c7c7c252dad44095b4 10952 confget-dbgsym_2.3.0-1_amd64.deb
 1244ca1fed11df28399dfe21a9168aea4e0f1df6 23576 confget_2.3.0-1_amd64.deb
 bd9010bbfd1874a49d3e94f8b194fd633e4f6570 18012 python3-confget_2.3.0-1_all.deb
Checksums-Sha256:
 b3f47b17ed6aa6cbe8ba494320007317c3aeb73d5323aaa0c375c59a80b561f6 10952 confget-dbgsym_2.3.0-1_amd64.deb
 198e645a7e996d7a4c1f2e10e5ce542a43e89f2f68cbbf7188feaf74edf0257d 23576 confget_2.3.0-1_amd64.deb
 b15ee5e66098f7cf776cb2822099eccdee4e36c9f6a77a62a7faf9d7c745dcea 18012 python3-confget_2.3.0-1_all.deb
Build-Origin: Debian
Build-Architecture: amd64
Build-Date: Mon, 24 Feb 2020 21:56:08 +0000
Build-Path: /<<PKGBUILDDIR>>
Installed-Build-Depends:
 autoconf (= 2.69-11.1),
 automake (= 1:1.16.1-4),
 autopoint (= 0.19.8.1-10),
 autotools-dev (= 20180224.1),
 base-files (= 11),
 base-passwd (= 3.5.47),
 bash (= 5.0-5),
 binutils (= 2.34-3),
 binutils-common (= 2.34-3),
 binutils-x86-64-linux-gnu (= 2.34-3),
 bsdmainutils (= 11.1.2+b1),
 bsdutils (= 1:2.34-0.1),
 build-essential (= 12.8),
 bzip2 (= 1.0.8-2),
 clang-9 (= 1:9.0.1-8),
 coreutils (= 8.30-3+b1),
 cpp (= 4:9.2.1-3.1),
 cpp-9 (= 9.2.1-29),
 dash (= 0.5.10.2-6),
 debconf (= 1.5.73),
 debhelper (= 12.9),
 debianutils (= 4.9.1),
 dh-autoreconf (= 19),
 dh-python (= 4.20191017),
 dh-strip-nondeterminism (= 1.6.3-2),
 diffutils (= 1:3.7-3),
 dpkg (= 1.19.7),
 dpkg-dev (= 1.19.7),
 dwz (= 0.13-5),
 fdisk (= 2.34-0.1),
 file (= 1:5.38-4),
 findutils (= 4.7.0-1),
 g++ (= 4:9.2.1-3.1),
 g++-9 (= 9.2.1-29),
 gcc (= 4:9.2.1-3.1),
 gcc-10-base (= 10-20200222-1),
 gcc-8-base (= 8.3.0-29),
 gcc-9 (= 9.2.1-29),
 gcc-9-base (= 9.2.1-29),
 gettext (= 0.19.8.1-10),
 gettext-base (= 0.19.8.1-10),
 grep (= 3.4-1),
 groff-base (= 1.22.4-4),
 gzip (= 1.9-3+b1),
 hostname (= 3.23),
 init-system-helpers (= 1.57),
 intltool-debian (= 0.35.0+20060710.5),
 lib32gcc-s1 (= 10-20200222-1),
 lib32gcc1 (= 1:10-20200222-1),
 lib32stdc++6 (= 10-20200222-1),
 libacl1 (= 2.2.53-5),
 libarchive-zip-perl (= 1.67-1),
 libasan5 (= 9.2.1-29),
 libatomic1 (= 10-20200222-1),
 libattr1 (= 1:2.4.48-5),
 libaudit-common (= 1:2.8.5-2),
 libaudit1 (= 1:2.8.5-2+b1),
 libbinutils (= 2.34-3),
 libblkid1 (= 2.34-0.1),
 libbsd0 (= 0.10.0-1),
 libbz2-1.0 (= 1.0.8-2),
 libc-bin (= 2.29-10),
 libc-dev-bin (= 2.29-10),
 libc6 (= 2.29-10),
 libc6-dev (= 2.29-10),
 libc6-i386 (= 2.29-10),
 libcap-ng0 (= 0.7.9-2.1+b1),
 libcc1-0 (= 10-20200222-1),
 libclang-common-9-dev (= 1:9.0.1-8),
 libclang-cpp9 (= 1:9.0.1-8),
 libcroco3 (= 0.6.13-1),
 libcrypt-dev (= 1:4.4.10-10),
 libcrypt1 (= 1:4.4.10-10),
 libctf-nobfd0 (= 2.34-3),
 libctf0 (= 2.34-3),
 libdb5.3 (= 5.3.28+dfsg1-0.6),
 libdebconfclient0 (= 0.251),
 libdebhelper-perl (= 12.9),
 libdpkg-perl (= 1.19.7),
 libedit2 (= 3.1-20191231-1),
 libelf1 (= 0.176-1.1),
 libexpat1 (= 2.2.9-1),
 libfdisk1 (= 2.34-0.1),
 libffi7 (= 3.3-3),
 libfile-stripnondeterminism-perl (= 1.6.3-2),
 libgc1c2 (= 1:7.6.4-0.4),
 libgcc-8-dev (= 8.3.0-29),
 libgcc-9-dev (= 9.2.1-29),
 libgcc-s1 (= 10-20200222-1),
 libgcc1 (= 1:10-20200222-1),
 libgcrypt20 (= 1.8.5-5),
 libgdbm-compat4 (= 1.18.1-5),
 libgdbm6 (= 1.18.1-5),
 libglib2.0-0 (= 2.62.4-2),
 libgmp10 (= 2:6.2.0+dfsg-4),
 libgomp1 (= 10-20200222-1),
 libgpg-error0 (= 1.37-1),
 libicu63 (= 63.2-2),
 libisl22 (= 0.22.1-1),
 libitm1 (= 10-20200222-1),
 libllvm9 (= 1:9.0.1-8),
 liblsan0 (= 10-20200222-1),
 liblz4-1 (= 1.9.2-2),
 liblzma5 (= 5.2.4-1+b1),
 libmagic-mgc (= 1:5.38-4),
 libmagic1 (= 1:5.38-4),
 libmount1 (= 2.34-0.1),
 libmpc3 (= 1.1.0-1),
 libmpdec2 (= 2.4.2-2),
 libmpfr6 (= 4.0.2-1),
 libmpx2 (= 8.3.0-29),
 libncursesw6 (= 6.1+20191019-1),
 libobjc-8-dev (= 8.3.0-29),
 libobjc4 (= 10-20200222-1),
 libpam-modules (= 1.3.1-5),
 libpam-modules-bin (= 1.3.1-5),
 libpam-runtime (= 1.3.1-5),
 libpam0g (= 1.3.1-5),
 libpcre16-3 (= 2:8.39-12+b1),
 libpcre2-8-0 (= 10.34-7),
 libpcre3 (= 2:8.39-12+b1),
 libpcre3-dev (= 2:8.39-12+b1),
 libpcre32-3 (= 2:8.39-12+b1),
 libpcrecpp0v5 (= 2:8.39-12+b1),
 libperl5.30 (= 5.30.0-9),
 libpipeline1 (= 1.5.2-2),
 libpython3-stdlib (= 3.7.5-3),
 libpython3.7-minimal (= 3.7.6-1+b1),
 libpython3.7-stdlib (= 3.7.6-1+b1),
 libpython3.8-minimal (= 3.8.2~rc2-2),
 libpython3.8-stdlib (= 3.8.2~rc2-2),
 libquadmath0 (= 10-20200222-1),
 libreadline8 (= 8.0-3),
 libseccomp2 (= 2.4.2-2),
 libselinux1 (= 3.0-1+b1),
 libsigsegv2 (= 2.12-2),
 libsmartcols1 (= 2.34-0.1),
 libsqlite3-0 (= 3.31.1-3),
 libssl1.1 (= 1.1.1d-2),
 libstdc++-8-dev (= 8.3.0-29),
 libstdc++-9-dev (= 9.2.1-29),
 libstdc++6 (= 10-20200222-1),
 libsub-override-perl (= 0.09-2),
 libsystemd0 (= 244.3-1),
 libtinfo6 (= 6.1+20191019-1),
 libtool (= 2.4.6-13),
 libtsan0 (= 10-20200222-1),
 libubsan1 (= 10-20200222-1),
 libuchardet0 (= 0.0.6-3),
 libudev1 (= 244.3-1),
 libunistring2 (= 0.9.10-2),
 libuuid1 (= 2.34-0.1),
 libxml2 (= 2.9.10+dfsg-3),
 libz3-4 (= 4.8.7-4),
 linux-libc-dev (= 5.4.19-1),
 login (= 1:4.8.1-1),
 lsb-base (= 11.1.0),
 m4 (= 1.4.18-4),
 make (= 4.2.1-1.2),
 man-db (= 2.9.0-2),
 mawk (= 1.3.4.20200120-2),
 mime-support (= 3.64),
 ncurses-base (= 6.1+20191019-1),
 ncurses-bin (= 6.1+20191019-1),
 patch (= 2.7.6-6),
 perl (= 5.30.0-9),
 perl-base (= 5.30.0-9),
 perl-modules-5.30 (= 5.30.0-9),
 po-debconf (= 1.0.21),
 python3 (= 3.7.5-3),
 python3-all (= 3.7.5-3),
 python3-atomicwrites (= 1.1.5-2),
 python3-attr (= 19.3.0-1),
 python3-ddt (= 1.2.1-3),
 python3-distutils (= 3.8.0-1),
 python3-importlib-metadata (= 1.5.0-1),
 python3-lib2to3 (= 3.8.0-1),
 python3-minimal (= 3.7.5-3),
 python3-more-itertools (= 4.2.0-1),
 python3-packaging (= 19.1-2),
 python3-pkg-resources (= 44.0.0-1),
 python3-pluggy (= 0.13.0-2),
 python3-py (= 1.8.1-1),
 python3-pyparsing (= 2.4.6-1),
 python3-pytest (= 4.6.9-1),
 python3-setuptools (= 44.0.0-1),
 python3-six (= 1.14.0-2),
 python3-wcwidth (= 0.1.8+dfsg1-3),
 python3-zipp (= 1.0.0-1),
 python3.7 (= 3.7.6-1+b1),
 python3.7-minimal (= 3.7.6-1+b1),
 python3.8 (= 3.8.2~rc2-2),
 python3.8-minimal (= 3.8.2~rc2-2),
 readline-common (= 8.0-3),
 sed (= 4.7-1),
 sensible-utils (= 0.0.12+nmu1),
 sysvinit-utils (= 2.96-2.1),
 tar (= 1.30+dfsg-6+b1),
 util-linux (= 2.34-0.1),
 xz-utils (= 5.2.4-1+b1),
 zlib1g (= 1:1.2.11.dfsg-1.2)
Environment:
 DEB_BUILD_OPTIONS="parallel=4"
 LANG="C.UTF-8"
 LC_ALL="C.UTF-8"
 SOURCE_DATE_EPOCH="1568034903"


+------------------------------------------------------------------------------+
| Package contents                                                             |
+------------------------------------------------------------------------------+


confget-dbgsym_2.3.0-1_amd64.deb
--------------------------------

 new Debian package, version 2.0.
 size 10952 bytes: control archive=512 bytes.
     329 bytes,    12 lines      control              
     106 bytes,     1 lines      md5sums              
 Package: confget-dbgsym
 Source: confget
 Version: 2.3.0-1
 Auto-Built-Package: debug-symbols
 Architecture: amd64
 Maintainer: Peter Pentchev <roam@debian.org>
 Installed-Size: 27
 Depends: confget (= 2.3.0-1)
 Section: debug
 Priority: optional
 Description: debug symbols for confget
 Build-Ids: cbcc4e567551e43902a1be2ef1833db9b951b059

drwxr-xr-x root/root         0 2019-09-09 13:15 ./
drwxr-xr-x root/root         0 2019-09-09 13:15 ./usr/
drwxr-xr-x root/root         0 2019-09-09 13:15 ./usr/lib/
drwxr-xr-x root/root         0 2019-09-09 13:15 ./usr/lib/debug/
drwxr-xr-x root/root         0 2019-09-09 13:15 ./usr/lib/debug/.build-id/
drwxr-xr-x root/root         0 2019-09-09 13:15 ./usr/lib/debug/.build-id/cb/
-rw-r--r-- root/root     16552 2019-09-09 13:15 ./usr/lib/debug/.build-id/cb/cc4e567551e43902a1be2ef1833db9b951b059.debug
drwxr-xr-x root/root         0 2019-09-09 13:15 ./usr/share/
drwxr-xr-x root/root         0 2019-09-09 13:15 ./usr/share/doc/
lrwxrwxrwx root/root         0 2019-09-09 13:15 ./usr/share/doc/confget-dbgsym -> confget


confget_2.3.0-1_amd64.deb
-------------------------

 new Debian package, version 2.0.
 size 23576 bytes: control archive=1480 bytes.
    1018 bytes,    22 lines      control              
    1820 bytes,    22 lines      md5sums              
 Package: confget
 Version: 2.3.0-1
 Architecture: amd64
 Maintainer: Peter Pentchev <roam@debian.org>
 Installed-Size: 98
 Depends: libc6 (>= 2.14), libpcre3
 Section: text
 Priority: optional
 Multi-Arch: foreign
 Homepage: https://devel.ringlet.net/textproc/confget/
 Description: read variables from INI-style configuration files
  The confget utility examines a INI-style configuration file and retrieves
  the value of the specified variables from the specified section.
  Its intended use is to let shell scripts use the same INI-style
  configuration files as other programs, to avoid duplication of data.
  .
  The confget utility may retrieve the values of one or more variables,
  list all the variables in a specified section, list only those whose names
  or values match a specified pattern (shell glob or regular expression), or
  check if a variable is present in the file at all.  It has a "shell-quoting"
  output mode that quotes the variable values in a way suitable for passing
  them directly to a Bourne-style shell.

drwxr-xr-x root/root         0 2019-09-09 13:15 ./
drwxr-xr-x root/root         0 2019-09-09 13:15 ./usr/
drwxr-xr-x root/root         0 2019-09-09 13:15 ./usr/bin/
-rwxr-xr-x root/root     22584 2019-09-09 13:15 ./usr/bin/confget
drwxr-xr-x root/root         0 2019-09-09 13:15 ./usr/share/
drwxr-xr-x root/root         0 2019-09-09 13:15 ./usr/share/doc/
drwxr-xr-x root/root         0 2019-09-09 13:15 ./usr/share/doc/confget/
-rw-r--r-- root/root      3032 2019-09-09 13:15 ./usr/share/doc/confget/NEWS.gz
-rw-r--r-- root/root      3644 2019-09-09 13:15 ./usr/share/doc/confget/changelog.Debian.gz
-rw-r--r-- root/root      1883 2019-09-09 13:15 ./usr/share/doc/confget/copyright
drwxr-xr-x root/root         0 2019-09-09 13:15 ./usr/share/doc/confget/examples/
drwxr-xr-x root/root         0 2019-09-09 13:15 ./usr/share/doc/confget/examples/tests/
-rwxr-xr-x root/root      5098 2019-09-09 13:15 ./usr/share/doc/confget/examples/tests/01-get-values.t
-rwxr-xr-x root/root      4612 2019-09-09 13:15 ./usr/share/doc/confget/examples/tests/02-check-values.t
-rwxr-xr-x root/root      2992 2019-09-09 13:15 ./usr/share/doc/confget/examples/tests/03-list-all.t
-rwxr-xr-x root/root      1704 2019-09-09 13:15 ./usr/share/doc/confget/examples/tests/04-bespoke-test-manpage.t
-rwxr-xr-x root/root      2223 2019-09-09 13:15 ./usr/share/doc/confget/examples/tests/05-match-names.t
-rwxr-xr-x root/root      2330 2019-09-09 13:15 ./usr/share/doc/confget/examples/tests/06-get-default.t
-rwxr-xr-x root/root      2982 2019-09-09 13:15 ./usr/share/doc/confget/examples/tests/07-match-values.t
-rwxr-xr-x root/root      2238 2019-09-09 13:15 ./usr/share/doc/confget/examples/tests/08-bespoke-shell-quote.t
-rwxr-xr-x root/root      2727 2019-09-09 13:15 ./usr/share/doc/confget/examples/tests/09-bespoke-regexp.t
-rwxr-xr-x root/root      2396 2019-09-09 13:15 ./usr/share/doc/confget/examples/tests/10-bespoke-qsections.t
-rwxr-xr-x root/root      3028 2019-09-09 13:15 ./usr/share/doc/confget/examples/tests/11-no-default.t
-rwxr-xr-x root/root      3497 2019-09-09 13:15 ./usr/share/doc/confget/examples/tests/12-last-value.t
-rwxr-xr-x root/root      3283 2019-09-09 13:15 ./usr/share/doc/confget/examples/tests/13-bespoke-features.t
-rwxr-xr-x root/root      2444 2019-09-09 13:15 ./usr/share/doc/confget/examples/tests/14-bespoke-too-many.t
-rw-r--r-- root/root      1102 2019-09-09 13:15 ./usr/share/doc/confget/examples/tests/t1.ini
-rw-r--r-- root/root      1043 2019-09-09 13:15 ./usr/share/doc/confget/examples/tests/t2.ini
-rw-r--r-- root/root       247 2019-09-09 13:15 ./usr/share/doc/confget/examples/tests/t3.ini
drwxr-xr-x root/root         0 2019-09-09 13:15 ./usr/share/man/
drwxr-xr-x root/root         0 2019-09-09 13:15 ./usr/share/man/man1/
-rw-r--r-- root/root      2741 2019-09-09 13:15 ./usr/share/man/man1/confget.1.gz


python3-confget_2.3.0-1_all.deb
-------------------------------

 new Debian package, version 2.0.
 size 18012 bytes: control archive=1700 bytes.
    1112 bytes,    25 lines      control              
    1505 bytes,    17 lines      md5sums              
     256 bytes,    12 lines   *  postinst             #!/bin/sh
     405 bytes,    12 lines   *  prerm                #!/bin/sh
 Package: python3-confget
 Source: confget
 Version: 2.3.0-1
 Architecture: all
 Maintainer: Peter Pentchev <roam@debian.org>
 Installed-Size: 78
 Depends: python3-six, python3:any
 Section: python
 Priority: optional
 Multi-Arch: foreign
 Homepage: https://devel.ringlet.net/textproc/confget/
 Description: read variables from INI-style configuration files - Python 3.x library
  The confget utility examines a INI-style configuration file and retrieves
  the value of the specified variables from the specified section.
  Its intended use is to let shell scripts use the same INI-style
  configuration files as other programs, to avoid duplication of data.
  .
  The confget utility may retrieve the values of one or more variables,
  list all the variables in a specified section, list only those whose names
  or values match a specified pattern (shell glob or regular expression), or
  check if a variable is present in the file at all.  It has a "shell-quoting"
  output mode that quotes the variable values in a way suitable for passing
  them directly to a Bourne-style shell.
  .
  This package contains the Python 3.x library.

drwxr-xr-x root/root         0 2019-09-09 13:15 ./
drwxr-xr-x root/root         0 2019-09-09 13:15 ./usr/
drwxr-xr-x root/root         0 2019-09-09 13:15 ./usr/lib/
drwxr-xr-x root/root         0 2019-09-09 13:15 ./usr/lib/python3/
drwxr-xr-x root/root         0 2019-09-09 13:15 ./usr/lib/python3/dist-packages/
drwxr-xr-x root/root         0 2019-09-09 13:15 ./usr/lib/python3/dist-packages/confget-2.3.0.egg-info/
-rw-r--r-- root/root      5280 2019-09-09 13:15 ./usr/lib/python3/dist-packages/confget-2.3.0.egg-info/PKG-INFO
-rw-r--r-- root/root         1 2019-09-09 13:15 ./usr/lib/python3/dist-packages/confget-2.3.0.egg-info/dependency_links.txt
-rw-r--r-- root/root        38 2019-09-09 13:15 ./usr/lib/python3/dist-packages/confget-2.3.0.egg-info/requires.txt
-rw-r--r-- root/root         8 2019-09-09 13:15 ./usr/lib/python3/dist-packages/confget-2.3.0.egg-info/top_level.txt
-rw-r--r-- root/root         1 2019-09-09 13:15 ./usr/lib/python3/dist-packages/confget-2.3.0.egg-info/zip-safe
drwxr-xr-x root/root         0 2019-09-09 13:15 ./usr/lib/python3/dist-packages/confget/
-rw-r--r-- root/root      4761 2019-09-09 12:39 ./usr/lib/python3/dist-packages/confget/__init__.py
-rw-r--r-- root/root     11266 2019-09-09 12:39 ./usr/lib/python3/dist-packages/confget/__main__.py
drwxr-xr-x root/root         0 2019-09-09 13:15 ./usr/lib/python3/dist-packages/confget/backend/
-rw-r--r-- root/root      1702 2019-09-09 12:39 ./usr/lib/python3/dist-packages/confget/backend/__init__.py
-rw-r--r-- root/root      2554 2019-09-09 12:39 ./usr/lib/python3/dist-packages/confget/backend/abstract.py
-rw-r--r-- root/root      4293 2019-09-09 12:39 ./usr/lib/python3/dist-packages/confget/backend/http_get.py
-rw-r--r-- root/root      6640 2019-09-09 12:39 ./usr/lib/python3/dist-packages/confget/backend/ini.py
-rw-r--r-- root/root      2231 2019-09-09 12:39 ./usr/lib/python3/dist-packages/confget/defs.py
-rw-r--r-- root/root      8083 2019-09-09 12:39 ./usr/lib/python3/dist-packages/confget/format.py
-rw-r--r-- root/root         0 2019-09-09 12:39 ./usr/lib/python3/dist-packages/confget/py.typed
drwxr-xr-x root/root         0 2019-09-09 13:15 ./usr/share/
drwxr-xr-x root/root         0 2019-09-09 13:15 ./usr/share/doc/
drwxr-xr-x root/root         0 2019-09-09 13:15 ./usr/share/doc/python3-confget/
-rw-r--r-- root/root      3032 2019-09-09 13:15 ./usr/share/doc/python3-confget/NEWS.gz
-rw-r--r-- root/root      3644 2019-09-09 13:15 ./usr/share/doc/python3-confget/changelog.Debian.gz
-rw-r--r-- root/root      1883 2019-09-09 13:15 ./usr/share/doc/python3-confget/copyright


+------------------------------------------------------------------------------+
| Post Build                                                                   |
+------------------------------------------------------------------------------+


+------------------------------------------------------------------------------+
| Cleanup                                                                      |
+------------------------------------------------------------------------------+

Purging /<<BUILDDIR>>
Not cleaning session: cloned chroot in use

+------------------------------------------------------------------------------+
| Summary                                                                      |
+------------------------------------------------------------------------------+

Build Architecture: amd64
Build Type: binary
Build-Space: 1588
Build-Time: 34
Distribution: unstable
Host Architecture: amd64
Install-Time: 43
Job: confget_2.3.0-1
Machine Architecture: amd64
Package: confget
Package-Time: 109
Source-Version: 2.3.0-1
Space: 1588
Status: successful
Version: 2.3.0-1
--------------------------------------------------------------------------------
Finished at 2020-02-24T21:56:08Z
Build needed 00:01:49, 1588k disk space
DC-Status: OK 111.502927405s
DC-Time-Estimation: 111.502927405 versus expected 247 (r/m: 1.2151884775441697 ; m: 111.502927405)
