DC-Build-Header: libcairo-perl 1.107-1 / 2020-02-25 06:31:54 +0000
DC-Task: type:rebuild-binarch-only source:libcairo-perl version:1.107-1 chroot:unstable esttime:51 logfile:/tmp/libcairo-perl_1.107-1_unstable_clang9.log modes:clang9:binarch-only
DC-Sbuild-call: su user42 -c 'sbuild -n --arch-any --apt-update -d unstable -v --no-run-lintian --chroot-setup-commands=/tmp/clang9 libcairo-perl_1.107-1'
sbuild (Debian sbuild) 0.78.1 (09 February 2019) on ip-172-31-6-193.eu-central-1.compute.internal

+==============================================================================+
| libcairo-perl 1.107-1 (amd64)                Tue, 25 Feb 2020 06:31:54 +0000 |
+==============================================================================+

Package: libcairo-perl
Version: 1.107-1
Source Version: 1.107-1
Distribution: unstable
Machine Architecture: amd64
Host Architecture: amd64
Build Architecture: amd64
Build Type: binary

I: NOTICE: Log filtering will replace 'var/run/schroot/mount/sid-amd64-sbuild-cbcf5ab1-ea1e-4385-ae6d-bfcbe764aa13' with '<<CHROOT>>'

+------------------------------------------------------------------------------+
| Chroot Setup Commands                                                        |
+------------------------------------------------------------------------------+


/tmp/clang9
-----------

+ echo 'Entering customization script...'
Entering customization script...
+ CLANG_VERSION=9
+ echo 'Install of clang-9'
Install of clang-9
+ apt-get update
Get:1 http://127.0.0.1:12990/debian sid InRelease [142 kB]
Get:2 http://127.0.0.1:12990/debian sid/main Sources.diff/Index [27.9 kB]
Get:3 http://127.0.0.1:12990/debian sid/main amd64 Packages.diff/Index [27.9 kB]
Get:4 http://127.0.0.1:12990/debian sid/main Sources 2020-02-24-0823.32.pdiff [11.0 kB]
Get:5 http://127.0.0.1:12990/debian sid/main Sources 2020-02-24-1420.34.pdiff [30.2 kB]
Get:6 http://127.0.0.1:12990/debian sid/main Sources 2020-02-24-2014.03.pdiff [16.9 kB]
Get:7 http://127.0.0.1:12990/debian sid/main Sources 2020-02-25-0213.11.pdiff [23.2 kB]
Get:8 http://127.0.0.1:12990/debian sid/main amd64 Packages 2020-02-24-0823.32.pdiff [15.5 kB]
Get:9 http://127.0.0.1:12990/debian sid/main amd64 Packages 2020-02-24-1420.34.pdiff [27.5 kB]
Get:10 http://127.0.0.1:12990/debian sid/main amd64 Packages 2020-02-24-2014.03.pdiff [21.6 kB]
Get:11 http://127.0.0.1:12990/debian sid/main amd64 Packages 2020-02-25-0213.11.pdiff [35.0 kB]
Get:7 http://127.0.0.1:12990/debian sid/main Sources 2020-02-25-0213.11.pdiff [23.2 kB]
Get:11 http://127.0.0.1:12990/debian sid/main amd64 Packages 2020-02-25-0213.11.pdiff [35.0 kB]
Get:12 http://127.0.0.1:12990/debian sid/main Translation-en [6193 kB]
Fetched 6572 kB in 2s (3312 kB/s)
Reading package lists...
+ apt-get install --yes --no-install-recommends --force-yes clang-9 libomp-9-dev libobjc-9-dev
Reading package lists...
Building dependency tree...
The following additional packages will be installed:
  gcc-8-base lib32gcc-s1 lib32gcc1 lib32stdc++6 libbsd0 libc6-i386
  libclang-common-9-dev libclang-cpp9 libedit2 libgc1c2 libgcc-8-dev libllvm9
  libmpx2 libobjc-8-dev libobjc4 libomp5-9 libstdc++-8-dev libz3-4
Suggested packages:
  clang-9-doc libomp-9-doc libstdc++-8-doc
Recommended packages:
  llvm-9-dev python3
The following NEW packages will be installed:
  clang-9 gcc-8-base lib32gcc-s1 lib32gcc1 lib32stdc++6 libbsd0 libc6-i386
  libclang-common-9-dev libclang-cpp9 libedit2 libgc1c2 libgcc-8-dev libllvm9
  libmpx2 libobjc-8-dev libobjc-9-dev libobjc4 libomp-9-dev libomp5-9
  libstdc++-8-dev libz3-4
0 upgraded, 21 newly installed, 0 to remove and 2 not upgraded.
Need to get 43.9 MB of archives.
After this operation, 237 MB of additional disk space will be used.
Get:1 http://127.0.0.1:12990/debian sid/main amd64 libbsd0 amd64 0.10.0-1 [107 kB]
Get:2 http://127.0.0.1:12990/debian sid/main amd64 libedit2 amd64 3.1-20191231-1 [95.4 kB]
Get:3 http://127.0.0.1:12990/debian sid/main amd64 libz3-4 amd64 4.8.7-4 [6790 kB]
Get:4 http://127.0.0.1:12990/debian sid/main amd64 libllvm9 amd64 1:9.0.1-8 [15.0 MB]
Get:5 http://127.0.0.1:12990/debian sid/main amd64 libclang-cpp9 amd64 1:9.0.1-8 [8429 kB]
Get:6 http://127.0.0.1:12990/debian sid/main amd64 gcc-8-base amd64 8.3.0-29 [194 kB]
Get:7 http://127.0.0.1:12990/debian sid/main amd64 libmpx2 amd64 8.3.0-29 [11.4 kB]
Get:8 http://127.0.0.1:12990/debian sid/main amd64 libgcc-8-dev amd64 8.3.0-29 [2297 kB]
Get:9 http://127.0.0.1:12990/debian sid/main amd64 libstdc++-8-dev amd64 8.3.0-29 [1543 kB]
Get:10 http://127.0.0.1:12990/debian sid/main amd64 libgc1c2 amd64 1:7.6.4-0.4 [224 kB]
Get:11 http://127.0.0.1:12990/debian sid/main amd64 libobjc4 amd64 10-20200222-1 [41.6 kB]
Get:12 http://127.0.0.1:12990/debian sid/main amd64 libobjc-8-dev amd64 8.3.0-29 [227 kB]
Get:13 http://127.0.0.1:12990/debian sid/main amd64 libc6-i386 amd64 2.29-10 [2918 kB]
Get:14 http://127.0.0.1:12990/debian sid/main amd64 lib32gcc-s1 amd64 10-20200222-1 [49.4 kB]
Get:15 http://127.0.0.1:12990/debian sid/main amd64 lib32gcc1 amd64 1:10-20200222-1 [1104 B]
Get:16 http://127.0.0.1:12990/debian sid/main amd64 lib32stdc++6 amd64 10-20200222-1 [510 kB]
Get:17 http://127.0.0.1:12990/debian sid/main amd64 libclang-common-9-dev amd64 1:9.0.1-8 [3727 kB]
Get:18 http://127.0.0.1:12990/debian sid/main amd64 clang-9 amd64 1:9.0.1-8 [1156 kB]
Get:19 http://127.0.0.1:12990/debian sid/main amd64 libobjc-9-dev amd64 9.2.1-29 [219 kB]
Get:20 http://127.0.0.1:12990/debian sid/main amd64 libomp5-9 amd64 1:9.0.1-8 [333 kB]
Get:21 http://127.0.0.1:12990/debian sid/main amd64 libomp-9-dev amd64 1:9.0.1-8 [66.2 kB]
debconf: delaying package configuration, since apt-utils is not installed
Fetched 43.9 MB in 0s (99.1 MB/s)
Selecting previously unselected package libbsd0:amd64.
(Reading database ... (Reading database ... 5%(Reading database ... 10%(Reading database ... 15%(Reading database ... 20%(Reading database ... 25%(Reading database ... 30%(Reading database ... 35%(Reading database ... 40%(Reading database ... 45%(Reading database ... 50%(Reading database ... 55%(Reading database ... 60%(Reading database ... 65%(Reading database ... 70%(Reading database ... 75%(Reading database ... 80%(Reading database ... 85%(Reading database ... 90%(Reading database ... 95%(Reading database ... 100%(Reading database ... 12119 files and directories currently installed.)
Preparing to unpack .../00-libbsd0_0.10.0-1_amd64.deb ...
Unpacking libbsd0:amd64 (0.10.0-1) ...
Selecting previously unselected package libedit2:amd64.
Preparing to unpack .../01-libedit2_3.1-20191231-1_amd64.deb ...
Unpacking libedit2:amd64 (3.1-20191231-1) ...
Selecting previously unselected package libz3-4:amd64.
Preparing to unpack .../02-libz3-4_4.8.7-4_amd64.deb ...
Unpacking libz3-4:amd64 (4.8.7-4) ...
Selecting previously unselected package libllvm9:amd64.
Preparing to unpack .../03-libllvm9_1%3a9.0.1-8_amd64.deb ...
Unpacking libllvm9:amd64 (1:9.0.1-8) ...
Selecting previously unselected package libclang-cpp9.
Preparing to unpack .../04-libclang-cpp9_1%3a9.0.1-8_amd64.deb ...
Unpacking libclang-cpp9 (1:9.0.1-8) ...
Selecting previously unselected package gcc-8-base:amd64.
Preparing to unpack .../05-gcc-8-base_8.3.0-29_amd64.deb ...
Unpacking gcc-8-base:amd64 (8.3.0-29) ...
Selecting previously unselected package libmpx2:amd64.
Preparing to unpack .../06-libmpx2_8.3.0-29_amd64.deb ...
Unpacking libmpx2:amd64 (8.3.0-29) ...
Selecting previously unselected package libgcc-8-dev:amd64.
Preparing to unpack .../07-libgcc-8-dev_8.3.0-29_amd64.deb ...
Unpacking libgcc-8-dev:amd64 (8.3.0-29) ...
Selecting previously unselected package libstdc++-8-dev:amd64.
Preparing to unpack .../08-libstdc++-8-dev_8.3.0-29_amd64.deb ...
Unpacking libstdc++-8-dev:amd64 (8.3.0-29) ...
Selecting previously unselected package libgc1c2:amd64.
Preparing to unpack .../09-libgc1c2_1%3a7.6.4-0.4_amd64.deb ...
Unpacking libgc1c2:amd64 (1:7.6.4-0.4) ...
Selecting previously unselected package libobjc4:amd64.
Preparing to unpack .../10-libobjc4_10-20200222-1_amd64.deb ...
Unpacking libobjc4:amd64 (10-20200222-1) ...
Selecting previously unselected package libobjc-8-dev:amd64.
Preparing to unpack .../11-libobjc-8-dev_8.3.0-29_amd64.deb ...
Unpacking libobjc-8-dev:amd64 (8.3.0-29) ...
Selecting previously unselected package libc6-i386.
Preparing to unpack .../12-libc6-i386_2.29-10_amd64.deb ...
Unpacking libc6-i386 (2.29-10) ...
Selecting previously unselected package lib32gcc-s1.
Preparing to unpack .../13-lib32gcc-s1_10-20200222-1_amd64.deb ...
Unpacking lib32gcc-s1 (10-20200222-1) ...
Selecting previously unselected package lib32gcc1.
Preparing to unpack .../14-lib32gcc1_1%3a10-20200222-1_amd64.deb ...
Unpacking lib32gcc1 (1:10-20200222-1) ...
Selecting previously unselected package lib32stdc++6.
Preparing to unpack .../15-lib32stdc++6_10-20200222-1_amd64.deb ...
Unpacking lib32stdc++6 (10-20200222-1) ...
Selecting previously unselected package libclang-common-9-dev.
Preparing to unpack .../16-libclang-common-9-dev_1%3a9.0.1-8_amd64.deb ...
Unpacking libclang-common-9-dev (1:9.0.1-8) ...
Selecting previously unselected package clang-9.
Preparing to unpack .../17-clang-9_1%3a9.0.1-8_amd64.deb ...
Unpacking clang-9 (1:9.0.1-8) ...
Selecting previously unselected package libobjc-9-dev:amd64.
Preparing to unpack .../18-libobjc-9-dev_9.2.1-29_amd64.deb ...
Unpacking libobjc-9-dev:amd64 (9.2.1-29) ...
Selecting previously unselected package libomp5-9:amd64.
Preparing to unpack .../19-libomp5-9_1%3a9.0.1-8_amd64.deb ...
Unpacking libomp5-9:amd64 (1:9.0.1-8) ...
Selecting previously unselected package libomp-9-dev.
Preparing to unpack .../20-libomp-9-dev_1%3a9.0.1-8_amd64.deb ...
Unpacking libomp-9-dev (1:9.0.1-8) ...
Setting up libgc1c2:amd64 (1:7.6.4-0.4) ...
Setting up libobjc4:amd64 (10-20200222-1) ...
Setting up libz3-4:amd64 (4.8.7-4) ...
Setting up gcc-8-base:amd64 (8.3.0-29) ...
Setting up libobjc-9-dev:amd64 (9.2.1-29) ...
Setting up libmpx2:amd64 (8.3.0-29) ...
Setting up libc6-i386 (2.29-10) ...
Setting up libbsd0:amd64 (0.10.0-1) ...
Setting up libomp5-9:amd64 (1:9.0.1-8) ...
Setting up libedit2:amd64 (3.1-20191231-1) ...
Setting up lib32gcc-s1 (10-20200222-1) ...
Setting up libgcc-8-dev:amd64 (8.3.0-29) ...
Setting up libomp-9-dev (1:9.0.1-8) ...
Setting up libllvm9:amd64 (1:9.0.1-8) ...
Setting up libstdc++-8-dev:amd64 (8.3.0-29) ...
Setting up libclang-cpp9 (1:9.0.1-8) ...
Setting up lib32gcc1 (1:10-20200222-1) ...
Setting up libobjc-8-dev:amd64 (8.3.0-29) ...
Setting up lib32stdc++6 (10-20200222-1) ...
Setting up libclang-common-9-dev (1:9.0.1-8) ...
Setting up clang-9 (1:9.0.1-8) ...
Processing triggers for libc-bin (2.29-10) ...
W: --force-yes is deprecated, use one of the options starting with --allow instead.
+ echo 'Replace gcc, g++ & cpp by clang'
Replace gcc, g++ & cpp by clang
+ VERSIONS='4.6 4.7 4.8 4.9 5 6 7 8 9 10'
+ cd /usr/bin
+ for VERSION in $VERSIONS
+ rm -f g++-4.6 gcc-4.6 cpp-4.6 gcc
+ ln -s clang++-9 g++-4.6
+ ln -s clang-9 gcc-4.6
+ ln -s clang-9 cpp-4.6
+ ln -s clang-9 gcc
+ echo 'gcc-4.6 hold'
+ dpkg --set-selections
dpkg: warning: package not in status nor available database at line 1: gcc-4.6
dpkg: warning: found unknown packages; this might mean the available database
is outdated, and needs to be updated through a frontend method;
please see the FAQ <https://wiki.debian.org/Teams/Dpkg/FAQ>
+ dpkg --set-selections
+ echo 'g++-4.6 hold'
dpkg: warning: package not in status nor available database at line 1: g++-4.6
dpkg: warning: found unknown packages; this might mean the available database
is outdated, and needs to be updated through a frontend method;
please see the FAQ <https://wiki.debian.org/Teams/Dpkg/FAQ>
+ for VERSION in $VERSIONS
+ rm -f g++-4.7 gcc-4.7 cpp-4.7 gcc
+ ln -s clang++-9 g++-4.7
+ ln -s clang-9 gcc-4.7
+ ln -s clang-9 cpp-4.7
+ ln -s clang-9 gcc
+ echo 'gcc-4.7 hold'
+ dpkg --set-selections
dpkg: warning: package not in status nor available database at line 1: gcc-4.7
dpkg: warning: found unknown packages; this might mean the available database
is outdated, and needs to be updated through a frontend method;
please see the FAQ <https://wiki.debian.org/Teams/Dpkg/FAQ>
+ dpkg --set-selections
+ echo 'g++-4.7 hold'
dpkg: warning: package not in status nor available database at line 1: g++-4.7
dpkg: warning: found unknown packages; this might mean the available database
is outdated, and needs to be updated through a frontend method;
please see the FAQ <https://wiki.debian.org/Teams/Dpkg/FAQ>
+ for VERSION in $VERSIONS
+ rm -f g++-4.8 gcc-4.8 cpp-4.8 gcc
+ ln -s clang++-9 g++-4.8
+ ln -s clang-9 gcc-4.8
+ ln -s clang-9 cpp-4.8
+ ln -s clang-9 gcc
+ echo 'gcc-4.8 hold'
+ dpkg --set-selections
dpkg: warning: package not in status nor available database at line 1: gcc-4.8
dpkg: warning: found unknown packages; this might mean the available database
is outdated, and needs to be updated through a frontend method;
please see the FAQ <https://wiki.debian.org/Teams/Dpkg/FAQ>
+ echo 'g++-4.8 hold'
+ dpkg --set-selections
dpkg: warning: package not in status nor available database at line 1: g++-4.8
dpkg: warning: found unknown packages; this might mean the available database
is outdated, and needs to be updated through a frontend method;
please see the FAQ <https://wiki.debian.org/Teams/Dpkg/FAQ>
+ for VERSION in $VERSIONS
+ rm -f g++-4.9 gcc-4.9 cpp-4.9 gcc
+ ln -s clang++-9 g++-4.9
+ ln -s clang-9 gcc-4.9
+ ln -s clang-9 cpp-4.9
+ ln -s clang-9 gcc
+ echo 'gcc-4.9 hold'
+ dpkg --set-selections
dpkg: warning: package not in status nor available database at line 1: gcc-4.9
dpkg: warning: found unknown packages; this might mean the available database
is outdated, and needs to be updated through a frontend method;
please see the FAQ <https://wiki.debian.org/Teams/Dpkg/FAQ>
+ dpkg --set-selections
+ echo 'g++-4.9 hold'
dpkg: warning: package not in status nor available database at line 1: g++-4.9
dpkg: warning: found unknown packages; this might mean the available database
is outdated, and needs to be updated through a frontend method;
please see the FAQ <https://wiki.debian.org/Teams/Dpkg/FAQ>
+ for VERSION in $VERSIONS
+ rm -f g++-5 gcc-5 cpp-5 gcc
+ ln -s clang++-9 g++-5
+ ln -s clang-9 gcc-5
+ ln -s clang-9 cpp-5
+ ln -s clang-9 gcc
+ echo 'gcc-5 hold'
+ dpkg --set-selections
dpkg: warning: package not in status nor available database at line 1: gcc-5
dpkg: warning: found unknown packages; this might mean the available database
is outdated, and needs to be updated through a frontend method;
please see the FAQ <https://wiki.debian.org/Teams/Dpkg/FAQ>
+ dpkg --set-selections
+ echo 'g++-5 hold'
dpkg: warning: package not in status nor available database at line 1: g++-5
dpkg: warning: found unknown packages; this might mean the available database
is outdated, and needs to be updated through a frontend method;
please see the FAQ <https://wiki.debian.org/Teams/Dpkg/FAQ>
+ for VERSION in $VERSIONS
+ rm -f g++-6 gcc-6 cpp-6 gcc
+ ln -s clang++-9 g++-6
+ ln -s clang-9 gcc-6
+ ln -s clang-9 cpp-6
+ ln -s clang-9 gcc
+ echo 'gcc-6 hold'
+ dpkg --set-selections
dpkg: warning: package not in status nor available database at line 1: gcc-6
dpkg: warning: found unknown packages; this might mean the available database
is outdated, and needs to be updated through a frontend method;
please see the FAQ <https://wiki.debian.org/Teams/Dpkg/FAQ>
+ echo 'g++-6 hold'
+ dpkg --set-selections
dpkg: warning: package not in status nor available database at line 1: g++-6
dpkg: warning: found unknown packages; this might mean the available database
is outdated, and needs to be updated through a frontend method;
please see the FAQ <https://wiki.debian.org/Teams/Dpkg/FAQ>
+ for VERSION in $VERSIONS
+ rm -f g++-7 gcc-7 cpp-7 gcc
+ ln -s clang++-9 g++-7
+ ln -s clang-9 gcc-7
+ ln -s clang-9 cpp-7
+ ln -s clang-9 gcc
+ echo 'gcc-7 hold'
+ dpkg --set-selections
dpkg: warning: package not in status nor available database at line 1: gcc-7
dpkg: warning: found unknown packages; this might mean the available database
is outdated, and needs to be updated through a frontend method;
please see the FAQ <https://wiki.debian.org/Teams/Dpkg/FAQ>
+ echo 'g++-7 hold'
+ dpkg --set-selections
dpkg: warning: package not in status nor available database at line 1: g++-7
dpkg: warning: found unknown packages; this might mean the available database
is outdated, and needs to be updated through a frontend method;
please see the FAQ <https://wiki.debian.org/Teams/Dpkg/FAQ>
+ for VERSION in $VERSIONS
+ rm -f g++-8 gcc-8 cpp-8 gcc
+ ln -s clang++-9 g++-8
+ ln -s clang-9 gcc-8
+ ln -s clang-9 cpp-8
+ ln -s clang-9 gcc
+ echo 'gcc-8 hold'
+ dpkg --set-selections
dpkg: warning: package not in status nor available database at line 1: gcc-8
dpkg: warning: found unknown packages; this might mean the available database
is outdated, and needs to be updated through a frontend method;
please see the FAQ <https://wiki.debian.org/Teams/Dpkg/FAQ>
+ echo 'g++-8 hold'
+ dpkg --set-selections
dpkg: warning: package not in status nor available database at line 1: g++-8
dpkg: warning: found unknown packages; this might mean the available database
is outdated, and needs to be updated through a frontend method;
please see the FAQ <https://wiki.debian.org/Teams/Dpkg/FAQ>
+ for VERSION in $VERSIONS
+ rm -f g++-9 gcc-9 cpp-9 gcc
+ ln -s clang++-9 g++-9
+ ln -s clang-9 gcc-9
+ ln -s clang-9 cpp-9
+ ln -s clang-9 gcc
+ echo 'gcc-9 hold'
+ dpkg --set-selections
+ echo 'g++-9 hold'
+ dpkg --set-selections
+ for VERSION in $VERSIONS
+ rm -f g++-10 gcc-10 cpp-10 gcc
+ ln -s clang++-9 g++-10
+ ln -s clang-9 gcc-10
+ ln -s clang-9 cpp-10
+ ln -s clang-9 gcc
+ echo 'gcc-10 hold'
+ dpkg --set-selections
dpkg: warning: package not in status nor available database at line 1: gcc-10
dpkg: warning: found unknown packages; this might mean the available database
is outdated, and needs to be updated through a frontend method;
please see the FAQ <https://wiki.debian.org/Teams/Dpkg/FAQ>
+ echo 'g++-10 hold'
+ dpkg --set-selections
dpkg: warning: package not in status nor available database at line 1: g++-10
dpkg: warning: found unknown packages; this might mean the available database
is outdated, and needs to be updated through a frontend method;
please see the FAQ <https://wiki.debian.org/Teams/Dpkg/FAQ>
+ cd -
/build/libcairo-perl-FEITbm
+ echo 'Check if gcc, g++ & cpp are actually clang'
Check if gcc, g++ & cpp are actually clang
+ gcc --version
+ grep clang
+ cpp --version
+ grep clang
+ g++ --version
+ grep clang

I: Finished running '/tmp/clang9'.

Finished processing commands.
--------------------------------------------------------------------------------
I: NOTICE: Log filtering will replace 'build/libcairo-perl-FEITbm/resolver-RPAu0x' with '<<RESOLVERDIR>>'

+------------------------------------------------------------------------------+
| Update chroot                                                                |
+------------------------------------------------------------------------------+

Hit:1 http://127.0.0.1:12990/debian sid InRelease
Reading package lists...
Reading package lists...
Building dependency tree...
Reading state information...
Calculating upgrade...
The following packages will be upgraded:
  libgmp10 zlib1g
2 upgraded, 0 newly installed, 0 to remove and 0 not upgraded.
Need to get 343 kB of archives.
After this operation, 0 B of additional disk space will be used.
Get:1 http://127.0.0.1:12990/debian sid/main amd64 libgmp10 amd64 2:6.2.0+dfsg-4 [253 kB]
Get:2 http://127.0.0.1:12990/debian sid/main amd64 zlib1g amd64 1:1.2.11.dfsg-2 [90.4 kB]
debconf: delaying package configuration, since apt-utils is not installed
Fetched 343 kB in 0s (3579 kB/s)
(Reading database ... (Reading database ... 5%(Reading database ... 10%(Reading database ... 15%(Reading database ... 20%(Reading database ... 25%(Reading database ... 30%(Reading database ... 35%(Reading database ... 40%(Reading database ... 45%(Reading database ... 50%(Reading database ... 55%(Reading database ... 60%(Reading database ... 65%(Reading database ... 70%(Reading database ... 75%(Reading database ... 80%(Reading database ... 85%(Reading database ... 90%(Reading database ... 95%(Reading database ... 100%(Reading database ... 13921 files and directories currently installed.)
Preparing to unpack .../libgmp10_2%3a6.2.0+dfsg-4_amd64.deb ...
Unpacking libgmp10:amd64 (2:6.2.0+dfsg-4) over (2:6.2.0+dfsg-3) ...
Setting up libgmp10:amd64 (2:6.2.0+dfsg-4) ...
(Reading database ... (Reading database ... 5%(Reading database ... 10%(Reading database ... 15%(Reading database ... 20%(Reading database ... 25%(Reading database ... 30%(Reading database ... 35%(Reading database ... 40%(Reading database ... 45%(Reading database ... 50%(Reading database ... 55%(Reading database ... 60%(Reading database ... 65%(Reading database ... 70%(Reading database ... 75%(Reading database ... 80%(Reading database ... 85%(Reading database ... 90%(Reading database ... 95%(Reading database ... 100%(Reading database ... 13921 files and directories currently installed.)
Preparing to unpack .../zlib1g_1%3a1.2.11.dfsg-2_amd64.deb ...
Unpacking zlib1g:amd64 (1:1.2.11.dfsg-2) over (1:1.2.11.dfsg-1.2) ...
Setting up zlib1g:amd64 (1:1.2.11.dfsg-2) ...
Processing triggers for libc-bin (2.29-10) ...

+------------------------------------------------------------------------------+
| Fetch source files                                                           |
+------------------------------------------------------------------------------+


Check APT
---------

Checking available source versions...

Download source files with APT
------------------------------

Reading package lists...
NOTICE: 'libcairo-perl' packaging is maintained in the 'Git' version control system at:
https://salsa.debian.org/perl-team/modules/packages/libcairo-perl.git
Please use:
git clone https://salsa.debian.org/perl-team/modules/packages/libcairo-perl.git
to retrieve the latest (possibly unreleased) updates to the package.
Need to get 119 kB of source archives.
Get:1 http://127.0.0.1:12990/debian sid/main libcairo-perl 1.107-1 (dsc) [2387 B]
Get:2 http://127.0.0.1:12990/debian sid/main libcairo-perl 1.107-1 (tar) [111 kB]
Get:3 http://127.0.0.1:12990/debian sid/main libcairo-perl 1.107-1 (diff) [4944 B]
Fetched 119 kB in 0s (1483 kB/s)
Download complete and in download only mode
I: NOTICE: Log filtering will replace 'build/libcairo-perl-FEITbm/libcairo-perl-1.107' with '<<PKGBUILDDIR>>'
I: NOTICE: Log filtering will replace 'build/libcairo-perl-FEITbm' with '<<BUILDDIR>>'

+------------------------------------------------------------------------------+
| Install package build dependencies                                           |
+------------------------------------------------------------------------------+


Setup apt archive
-----------------

Merged Build-Depends: debhelper-compat (= 12), libcairo2-dev, libextutils-depends-perl, libextutils-pkgconfig-perl, libfont-freetype-perl, libtest-number-delta-perl, perl, ttf-bitstream-vera, build-essential, fakeroot
Filtered Build-Depends: debhelper-compat (= 12), libcairo2-dev, libextutils-depends-perl, libextutils-pkgconfig-perl, libfont-freetype-perl, libtest-number-delta-perl, perl, ttf-bitstream-vera, build-essential, fakeroot
dpkg-deb: building package 'sbuild-build-depends-main-dummy' in '/<<RESOLVERDIR>>/apt_archive/sbuild-build-depends-main-dummy.deb'.
Ign:1 copy:/<<RESOLVERDIR>>/apt_archive ./ InRelease
Get:2 copy:/<<RESOLVERDIR>>/apt_archive ./ Release [957 B]
Ign:3 copy:/<<RESOLVERDIR>>/apt_archive ./ Release.gpg
Get:4 copy:/<<RESOLVERDIR>>/apt_archive ./ Sources [437 B]
Get:5 copy:/<<RESOLVERDIR>>/apt_archive ./ Packages [521 B]
Fetched 1915 B in 0s (127 kB/s)
Reading package lists...
Reading package lists...

Install main build dependencies (apt-based resolver)
----------------------------------------------------

Installing build dependencies
Reading package lists...
Building dependency tree...
Reading state information...
The following additional packages will be installed:
  autoconf automake autopoint autotools-dev bsdmainutils debhelper
  dh-autoreconf dh-strip-nondeterminism dwz file fontconfig-config
  fonts-dejavu-core gettext gettext-base groff-base intltool-debian
  libarchive-zip-perl libblkid-dev libcairo-gobject2
  libcairo-script-interpreter2 libcairo2 libcairo2-dev libcroco3
  libdebhelper-perl libelf1 libexpat1 libexpat1-dev libextutils-depends-perl
  libextutils-pkgconfig-perl libffi-dev libfile-stripnondeterminism-perl
  libfont-freetype-perl libfontconfig1 libfontconfig1-dev libfreetype-dev
  libfreetype6 libfreetype6-dev libglib2.0-0 libglib2.0-bin libglib2.0-data
  libglib2.0-dev libglib2.0-dev-bin libice-dev libice6 libicu63 liblzo2-2
  libmagic-mgc libmagic1 libmount-dev libmpdec2 libpcre16-3 libpcre2-16-0
  libpcre2-32-0 libpcre2-dev libpcre2-posix2 libpcre3-dev libpcre32-3
  libpcrecpp0v5 libpipeline1 libpixman-1-0 libpixman-1-dev libpng-dev
  libpng16-16 libpthread-stubs0-dev libpython3-stdlib libpython3.7-minimal
  libpython3.7-stdlib libreadline8 libselinux1-dev libsepol1-dev libsigsegv2
  libsm-dev libsm6 libsqlite3-0 libssl1.1 libsub-override-perl
  libtest-number-delta-perl libtool libuchardet0 libx11-6 libx11-data
  libx11-dev libxau-dev libxau6 libxcb-render0 libxcb-render0-dev libxcb-shm0
  libxcb-shm0-dev libxcb1 libxcb1-dev libxdmcp-dev libxdmcp6 libxext-dev
  libxext6 libxml2 libxrender-dev libxrender1 m4 man-db mime-support
  pkg-config po-debconf python3 python3-distutils python3-lib2to3
  python3-minimal python3.7 python3.7-minimal readline-common sensible-utils
  ttf-bitstream-vera ucf uuid-dev x11-common x11proto-core-dev x11proto-dev
  x11proto-xext-dev xorg-sgml-doctools xtrans-dev zlib1g-dev
Suggested packages:
  autoconf-archive gnu-standards autoconf-doc wamerican | wordlist whois
  vacation dh-make gettext-doc libasprintf-dev libgettextpo-dev groff
  libcairo2-doc freetype2-doc libgirepository1.0-dev libglib2.0-doc
  libgdk-pixbuf2.0-bin | libgdk-pixbuf2.0-dev libxml2-utils libice-doc
  libsm-doc libtool-doc gfortran | fortran95-compiler gcj-jdk libx11-doc
  libxcb-doc libxext-doc m4-doc apparmor less www-browser libmail-box-perl
  python3-doc python3-tk python3-venv python3.7-venv python3.7-doc
  binfmt-support readline-doc
Recommended packages:
  curl | wget | lynx libarchive-cpio-perl shared-mime-info xdg-user-dirs
  libpng-tools libltdl-dev libmail-sendmail-perl
The following NEW packages will be installed:
  autoconf automake autopoint autotools-dev bsdmainutils debhelper
  dh-autoreconf dh-strip-nondeterminism dwz file fontconfig-config
  fonts-dejavu-core gettext gettext-base groff-base intltool-debian
  libarchive-zip-perl libblkid-dev libcairo-gobject2
  libcairo-script-interpreter2 libcairo2 libcairo2-dev libcroco3
  libdebhelper-perl libelf1 libexpat1 libexpat1-dev libextutils-depends-perl
  libextutils-pkgconfig-perl libffi-dev libfile-stripnondeterminism-perl
  libfont-freetype-perl libfontconfig1 libfontconfig1-dev libfreetype-dev
  libfreetype6 libfreetype6-dev libglib2.0-0 libglib2.0-bin libglib2.0-data
  libglib2.0-dev libglib2.0-dev-bin libice-dev libice6 libicu63 liblzo2-2
  libmagic-mgc libmagic1 libmount-dev libmpdec2 libpcre16-3 libpcre2-16-0
  libpcre2-32-0 libpcre2-dev libpcre2-posix2 libpcre3-dev libpcre32-3
  libpcrecpp0v5 libpipeline1 libpixman-1-0 libpixman-1-dev libpng-dev
  libpng16-16 libpthread-stubs0-dev libpython3-stdlib libpython3.7-minimal
  libpython3.7-stdlib libreadline8 libselinux1-dev libsepol1-dev libsigsegv2
  libsm-dev libsm6 libsqlite3-0 libssl1.1 libsub-override-perl
  libtest-number-delta-perl libtool libuchardet0 libx11-6 libx11-data
  libx11-dev libxau-dev libxau6 libxcb-render0 libxcb-render0-dev libxcb-shm0
  libxcb-shm0-dev libxcb1 libxcb1-dev libxdmcp-dev libxdmcp6 libxext-dev
  libxext6 libxml2 libxrender-dev libxrender1 m4 man-db mime-support
  pkg-config po-debconf python3 python3-distutils python3-lib2to3
  python3-minimal python3.7 python3.7-minimal readline-common
  sbuild-build-depends-main-dummy sensible-utils ttf-bitstream-vera ucf
  uuid-dev x11-common x11proto-core-dev x11proto-dev x11proto-xext-dev
  xorg-sgml-doctools xtrans-dev zlib1g-dev
0 upgraded, 121 newly installed, 0 to remove and 0 not upgraded.
Need to get 45.1 MB of archives.
After this operation, 167 MB of additional disk space will be used.
Get:1 copy:/<<RESOLVERDIR>>/apt_archive ./ sbuild-build-depends-main-dummy 0.invalid.0 [952 B]
Get:2 http://127.0.0.1:12990/debian sid/main amd64 bsdmainutils amd64 11.1.2+b1 [191 kB]
Get:3 http://127.0.0.1:12990/debian sid/main amd64 libuchardet0 amd64 0.0.6-3 [64.9 kB]
Get:4 http://127.0.0.1:12990/debian sid/main amd64 groff-base amd64 1.22.4-4 [919 kB]
Get:5 http://127.0.0.1:12990/debian sid/main amd64 libpipeline1 amd64 1.5.2-2 [33.9 kB]
Get:6 http://127.0.0.1:12990/debian sid/main amd64 man-db amd64 2.9.0-2 [1307 kB]
Get:7 http://127.0.0.1:12990/debian sid/main amd64 libssl1.1 amd64 1.1.1d-2 [1540 kB]
Get:8 http://127.0.0.1:12990/debian sid/main amd64 libpython3.7-minimal amd64 3.7.6-1+b1 [591 kB]
Get:9 http://127.0.0.1:12990/debian sid/main amd64 libexpat1 amd64 2.2.9-1 [94.3 kB]
Get:10 http://127.0.0.1:12990/debian sid/main amd64 python3.7-minimal amd64 3.7.6-1+b1 [1813 kB]
Get:11 http://127.0.0.1:12990/debian sid/main amd64 python3-minimal amd64 3.7.5-3 [36.8 kB]
Get:12 http://127.0.0.1:12990/debian sid/main amd64 mime-support all 3.64 [37.8 kB]
Get:13 http://127.0.0.1:12990/debian sid/main amd64 libmpdec2 amd64 2.4.2-2 [87.2 kB]
Get:14 http://127.0.0.1:12990/debian sid/main amd64 readline-common all 8.0-3 [72.5 kB]
Get:15 http://127.0.0.1:12990/debian sid/main amd64 libreadline8 amd64 8.0-3 [160 kB]
Get:16 http://127.0.0.1:12990/debian sid/main amd64 libsqlite3-0 amd64 3.31.1-3 [661 kB]
Get:17 http://127.0.0.1:12990/debian sid/main amd64 libpython3.7-stdlib amd64 3.7.6-1+b1 [1735 kB]
Get:18 http://127.0.0.1:12990/debian sid/main amd64 python3.7 amd64 3.7.6-1+b1 [351 kB]
Get:19 http://127.0.0.1:12990/debian sid/main amd64 libpython3-stdlib amd64 3.7.5-3 [20.2 kB]
Get:20 http://127.0.0.1:12990/debian sid/main amd64 python3 amd64 3.7.5-3 [62.1 kB]
Get:21 http://127.0.0.1:12990/debian sid/main amd64 sensible-utils all 0.0.12+nmu1 [16.0 kB]
Get:22 http://127.0.0.1:12990/debian sid/main amd64 libmagic-mgc amd64 1:5.38-4 [262 kB]
Get:23 http://127.0.0.1:12990/debian sid/main amd64 libmagic1 amd64 1:5.38-4 [120 kB]
Get:24 http://127.0.0.1:12990/debian sid/main amd64 file amd64 1:5.38-4 [67.9 kB]
Get:25 http://127.0.0.1:12990/debian sid/main amd64 gettext-base amd64 0.19.8.1-10 [123 kB]
Get:26 http://127.0.0.1:12990/debian sid/main amd64 ucf all 3.0038+nmu1 [69.0 kB]
Get:27 http://127.0.0.1:12990/debian sid/main amd64 libsigsegv2 amd64 2.12-2 [32.8 kB]
Get:28 http://127.0.0.1:12990/debian sid/main amd64 m4 amd64 1.4.18-4 [203 kB]
Get:29 http://127.0.0.1:12990/debian sid/main amd64 autoconf all 2.69-11.1 [341 kB]
Get:30 http://127.0.0.1:12990/debian sid/main amd64 autotools-dev all 20180224.1 [77.0 kB]
Get:31 http://127.0.0.1:12990/debian sid/main amd64 automake all 1:1.16.1-4 [771 kB]
Get:32 http://127.0.0.1:12990/debian sid/main amd64 autopoint all 0.19.8.1-10 [435 kB]
Get:33 http://127.0.0.1:12990/debian sid/main amd64 libtool all 2.4.6-13 [513 kB]
Get:34 http://127.0.0.1:12990/debian sid/main amd64 dh-autoreconf all 19 [16.9 kB]
Get:35 http://127.0.0.1:12990/debian sid/main amd64 libdebhelper-perl all 12.9 [183 kB]
Get:36 http://127.0.0.1:12990/debian sid/main amd64 libarchive-zip-perl all 1.67-1 [104 kB]
Get:37 http://127.0.0.1:12990/debian sid/main amd64 libsub-override-perl all 0.09-2 [10.2 kB]
Get:38 http://127.0.0.1:12990/debian sid/main amd64 libfile-stripnondeterminism-perl all 1.6.3-2 [23.7 kB]
Get:39 http://127.0.0.1:12990/debian sid/main amd64 dh-strip-nondeterminism all 1.6.3-2 [14.7 kB]
Get:40 http://127.0.0.1:12990/debian sid/main amd64 libelf1 amd64 0.176-1.1 [161 kB]
Get:41 http://127.0.0.1:12990/debian sid/main amd64 dwz amd64 0.13-5 [151 kB]
Get:42 http://127.0.0.1:12990/debian sid/main amd64 libglib2.0-0 amd64 2.62.4-2 [1319 kB]
Get:43 http://127.0.0.1:12990/debian sid/main amd64 libicu63 amd64 63.2-2 [8301 kB]
Get:44 http://127.0.0.1:12990/debian sid/main amd64 libxml2 amd64 2.9.10+dfsg-3 [709 kB]
Get:45 http://127.0.0.1:12990/debian sid/main amd64 libcroco3 amd64 0.6.13-1 [146 kB]
Get:46 http://127.0.0.1:12990/debian sid/main amd64 gettext amd64 0.19.8.1-10 [1303 kB]
Get:47 http://127.0.0.1:12990/debian sid/main amd64 intltool-debian all 0.35.0+20060710.5 [26.8 kB]
Get:48 http://127.0.0.1:12990/debian sid/main amd64 po-debconf all 1.0.21 [248 kB]
Get:49 http://127.0.0.1:12990/debian sid/main amd64 debhelper all 12.9 [994 kB]
Get:50 http://127.0.0.1:12990/debian sid/main amd64 fonts-dejavu-core all 2.37-1 [1068 kB]
Get:51 http://127.0.0.1:12990/debian sid/main amd64 ttf-bitstream-vera all 1.10-8 [352 kB]
Get:52 http://127.0.0.1:12990/debian sid/main amd64 fontconfig-config all 2.13.1-2 [280 kB]
Get:53 http://127.0.0.1:12990/debian sid/main amd64 uuid-dev amd64 2.34-0.1 [93.5 kB]
Get:54 http://127.0.0.1:12990/debian sid/main amd64 libblkid-dev amd64 2.34-0.1 [226 kB]
Get:55 http://127.0.0.1:12990/debian sid/main amd64 libpng16-16 amd64 1.6.37-2 [292 kB]
Get:56 http://127.0.0.1:12990/debian sid/main amd64 libfreetype6 amd64 2.10.1-2 [392 kB]
Get:57 http://127.0.0.1:12990/debian sid/main amd64 libfontconfig1 amd64 2.13.1-2+b1 [347 kB]
Get:58 http://127.0.0.1:12990/debian sid/main amd64 libpixman-1-0 amd64 0.36.0-1 [537 kB]
Get:59 http://127.0.0.1:12990/debian sid/main amd64 libxau6 amd64 1:1.0.8-1+b2 [19.9 kB]
Get:60 http://127.0.0.1:12990/debian sid/main amd64 libxdmcp6 amd64 1:1.1.2-3 [26.3 kB]
Get:61 http://127.0.0.1:12990/debian sid/main amd64 libxcb1 amd64 1.13.1-5 [137 kB]
Get:62 http://127.0.0.1:12990/debian sid/main amd64 libx11-data all 2:1.6.8-1 [298 kB]
Get:63 http://127.0.0.1:12990/debian sid/main amd64 libx11-6 amd64 2:1.6.8-1 [756 kB]
Get:64 http://127.0.0.1:12990/debian sid/main amd64 libxcb-render0 amd64 1.13.1-5 [109 kB]
Get:65 http://127.0.0.1:12990/debian sid/main amd64 libxcb-shm0 amd64 1.13.1-5 [99.3 kB]
Get:66 http://127.0.0.1:12990/debian sid/main amd64 libxext6 amd64 2:1.3.3-1+b2 [52.5 kB]
Get:67 http://127.0.0.1:12990/debian sid/main amd64 libxrender1 amd64 1:0.9.10-1 [33.0 kB]
Get:68 http://127.0.0.1:12990/debian sid/main amd64 libcairo2 amd64 1.16.0-4 [689 kB]
Get:69 http://127.0.0.1:12990/debian sid/main amd64 libcairo-gobject2 amd64 1.16.0-4 [124 kB]
Get:70 http://127.0.0.1:12990/debian sid/main amd64 liblzo2-2 amd64 2.10-2 [56.9 kB]
Get:71 http://127.0.0.1:12990/debian sid/main amd64 libcairo-script-interpreter2 amd64 1.16.0-4 [160 kB]
Get:72 http://127.0.0.1:12990/debian sid/main amd64 libexpat1-dev amd64 2.2.9-1 [136 kB]
Get:73 http://127.0.0.1:12990/debian sid/main amd64 zlib1g-dev amd64 1:1.2.11.dfsg-2 [190 kB]
Get:74 http://127.0.0.1:12990/debian sid/main amd64 libpng-dev amd64 1.6.37-2 [295 kB]
Get:75 http://127.0.0.1:12990/debian sid/main amd64 libfreetype-dev amd64 2.10.1-2 [545 kB]
Get:76 http://127.0.0.1:12990/debian sid/main amd64 libfreetype6-dev amd64 2.10.1-2 [63.8 kB]
Get:77 http://127.0.0.1:12990/debian sid/main amd64 pkg-config amd64 0.29-6 [63.5 kB]
Get:78 http://127.0.0.1:12990/debian sid/main amd64 libfontconfig1-dev amd64 2.13.1-2+b1 [968 kB]
Get:79 http://127.0.0.1:12990/debian sid/main amd64 xorg-sgml-doctools all 1:1.11-1 [21.9 kB]
Get:80 http://127.0.0.1:12990/debian sid/main amd64 x11proto-dev all 2018.4-4 [251 kB]
Get:81 http://127.0.0.1:12990/debian sid/main amd64 x11proto-core-dev all 2018.4-4 [3128 B]
Get:82 http://127.0.0.1:12990/debian sid/main amd64 libxau-dev amd64 1:1.0.8-1+b2 [23.1 kB]
Get:83 http://127.0.0.1:12990/debian sid/main amd64 libxdmcp-dev amd64 1:1.1.2-3 [42.2 kB]
Get:84 http://127.0.0.1:12990/debian sid/main amd64 xtrans-dev all 1.3.5-1 [100 kB]
Get:85 http://127.0.0.1:12990/debian sid/main amd64 libpthread-stubs0-dev amd64 0.4-1 [5344 B]
Get:86 http://127.0.0.1:12990/debian sid/main amd64 libxcb1-dev amd64 1.13.1-5 [174 kB]
Get:87 http://127.0.0.1:12990/debian sid/main amd64 libx11-dev amd64 2:1.6.8-1 [822 kB]
Get:88 http://127.0.0.1:12990/debian sid/main amd64 libxrender-dev amd64 1:0.9.10-1 [40.8 kB]
Get:89 http://127.0.0.1:12990/debian sid/main amd64 x11proto-xext-dev all 2018.4-4 [3128 B]
Get:90 http://127.0.0.1:12990/debian sid/main amd64 libxext-dev amd64 2:1.3.3-1+b2 [107 kB]
Get:91 http://127.0.0.1:12990/debian sid/main amd64 x11-common all 1:7.7+20 [252 kB]
Get:92 http://127.0.0.1:12990/debian sid/main amd64 libice6 amd64 2:1.0.9-2 [58.7 kB]
Get:93 http://127.0.0.1:12990/debian sid/main amd64 libsm6 amd64 2:1.2.3-1 [35.1 kB]
Get:94 http://127.0.0.1:12990/debian sid/main amd64 libice-dev amd64 2:1.0.9-2 [66.8 kB]
Get:95 http://127.0.0.1:12990/debian sid/main amd64 libsm-dev amd64 2:1.2.3-1 [38.0 kB]
Get:96 http://127.0.0.1:12990/debian sid/main amd64 libpixman-1-dev amd64 0.36.0-1 [554 kB]
Get:97 http://127.0.0.1:12990/debian sid/main amd64 libxcb-render0-dev amd64 1.13.1-5 [112 kB]
Get:98 http://127.0.0.1:12990/debian sid/main amd64 libxcb-shm0-dev amd64 1.13.1-5 [100 kB]
Get:99 http://127.0.0.1:12990/debian sid/main amd64 libffi-dev amd64 3.3-3 [56.4 kB]
Get:100 http://127.0.0.1:12990/debian sid/main amd64 libglib2.0-data all 2.62.4-2 [1121 kB]
Get:101 http://127.0.0.1:12990/debian sid/main amd64 libglib2.0-bin amd64 2.62.4-2 [132 kB]
Get:102 http://127.0.0.1:12990/debian sid/main amd64 python3-lib2to3 all 3.8.0-1 [78.3 kB]
Get:103 http://127.0.0.1:12990/debian sid/main amd64 python3-distutils all 3.8.0-1 [145 kB]
Get:104 http://127.0.0.1:12990/debian sid/main amd64 libglib2.0-dev-bin amd64 2.62.4-2 [165 kB]
Get:105 http://127.0.0.1:12990/debian sid/main amd64 libmount-dev amd64 2.34-0.1 [236 kB]
Get:106 http://127.0.0.1:12990/debian sid/main amd64 libpcre16-3 amd64 2:8.39-12+b1 [259 kB]
Get:107 http://127.0.0.1:12990/debian sid/main amd64 libpcre32-3 amd64 2:8.39-12+b1 [250 kB]
Get:108 http://127.0.0.1:12990/debian sid/main amd64 libpcrecpp0v5 amd64 2:8.39-12+b1 [152 kB]
Get:109 http://127.0.0.1:12990/debian sid/main amd64 libpcre3-dev amd64 2:8.39-12+b1 [653 kB]
Get:110 http://127.0.0.1:12990/debian sid/main amd64 libsepol1-dev amd64 3.0-1 [336 kB]
Get:111 http://127.0.0.1:12990/debian sid/main amd64 libpcre2-16-0 amd64 10.34-7 [219 kB]
Get:112 http://127.0.0.1:12990/debian sid/main amd64 libpcre2-32-0 amd64 10.34-7 [208 kB]
Get:113 http://127.0.0.1:12990/debian sid/main amd64 libpcre2-posix2 amd64 10.34-7 [45.2 kB]
Get:114 http://127.0.0.1:12990/debian sid/main amd64 libpcre2-dev amd64 10.34-7 [709 kB]
Get:115 http://127.0.0.1:12990/debian sid/main amd64 libselinux1-dev amd64 3.0-1+b1 [171 kB]
Get:116 http://127.0.0.1:12990/debian sid/main amd64 libglib2.0-dev amd64 2.62.4-2 [1542 kB]
Get:117 http://127.0.0.1:12990/debian sid/main amd64 libcairo2-dev amd64 1.16.0-4 [734 kB]
Get:118 http://127.0.0.1:12990/debian sid/main amd64 libextutils-depends-perl all 0.8000-1 [18.9 kB]
Get:119 http://127.0.0.1:12990/debian sid/main amd64 libextutils-pkgconfig-perl all 1.16-1 [10.7 kB]
Get:120 http://127.0.0.1:12990/debian sid/main amd64 libfont-freetype-perl amd64 0.13-1 [64.4 kB]
Get:121 http://127.0.0.1:12990/debian sid/main amd64 libtest-number-delta-perl all 1.06-1 [14.5 kB]
debconf: delaying package configuration, since apt-utils is not installed
Fetched 45.1 MB in 1s (60.2 MB/s)
Selecting previously unselected package bsdmainutils.
(Reading database ... 13921 files and directories currently installed.)
Preparing to unpack .../0-bsdmainutils_11.1.2+b1_amd64.deb ...
Unpacking bsdmainutils (11.1.2+b1) ...
Selecting previously unselected package libuchardet0:amd64.
Preparing to unpack .../1-libuchardet0_0.0.6-3_amd64.deb ...
Unpacking libuchardet0:amd64 (0.0.6-3) ...
Selecting previously unselected package groff-base.
Preparing to unpack .../2-groff-base_1.22.4-4_amd64.deb ...
Unpacking groff-base (1.22.4-4) ...
Selecting previously unselected package libpipeline1:amd64.
Preparing to unpack .../3-libpipeline1_1.5.2-2_amd64.deb ...
Unpacking libpipeline1:amd64 (1.5.2-2) ...
Selecting previously unselected package man-db.
Preparing to unpack .../4-man-db_2.9.0-2_amd64.deb ...
Unpacking man-db (2.9.0-2) ...
Selecting previously unselected package libssl1.1:amd64.
Preparing to unpack .../5-libssl1.1_1.1.1d-2_amd64.deb ...
Unpacking libssl1.1:amd64 (1.1.1d-2) ...
Selecting previously unselected package libpython3.7-minimal:amd64.
Preparing to unpack .../6-libpython3.7-minimal_3.7.6-1+b1_amd64.deb ...
Unpacking libpython3.7-minimal:amd64 (3.7.6-1+b1) ...
Selecting previously unselected package libexpat1:amd64.
Preparing to unpack .../7-libexpat1_2.2.9-1_amd64.deb ...
Unpacking libexpat1:amd64 (2.2.9-1) ...
Selecting previously unselected package python3.7-minimal.
Preparing to unpack .../8-python3.7-minimal_3.7.6-1+b1_amd64.deb ...
Unpacking python3.7-minimal (3.7.6-1+b1) ...
Setting up libssl1.1:amd64 (1.1.1d-2) ...
Setting up libpython3.7-minimal:amd64 (3.7.6-1+b1) ...
Setting up libexpat1:amd64 (2.2.9-1) ...
Setting up python3.7-minimal (3.7.6-1+b1) ...
Selecting previously unselected package python3-minimal.
(Reading database ... 14830 files and directories currently installed.)
Preparing to unpack .../0-python3-minimal_3.7.5-3_amd64.deb ...
Unpacking python3-minimal (3.7.5-3) ...
Selecting previously unselected package mime-support.
Preparing to unpack .../1-mime-support_3.64_all.deb ...
Unpacking mime-support (3.64) ...
Selecting previously unselected package libmpdec2:amd64.
Preparing to unpack .../2-libmpdec2_2.4.2-2_amd64.deb ...
Unpacking libmpdec2:amd64 (2.4.2-2) ...
Selecting previously unselected package readline-common.
Preparing to unpack .../3-readline-common_8.0-3_all.deb ...
Unpacking readline-common (8.0-3) ...
Selecting previously unselected package libreadline8:amd64.
Preparing to unpack .../4-libreadline8_8.0-3_amd64.deb ...
Unpacking libreadline8:amd64 (8.0-3) ...
Selecting previously unselected package libsqlite3-0:amd64.
Preparing to unpack .../5-libsqlite3-0_3.31.1-3_amd64.deb ...
Unpacking libsqlite3-0:amd64 (3.31.1-3) ...
Selecting previously unselected package libpython3.7-stdlib:amd64.
Preparing to unpack .../6-libpython3.7-stdlib_3.7.6-1+b1_amd64.deb ...
Unpacking libpython3.7-stdlib:amd64 (3.7.6-1+b1) ...
Selecting previously unselected package python3.7.
Preparing to unpack .../7-python3.7_3.7.6-1+b1_amd64.deb ...
Unpacking python3.7 (3.7.6-1+b1) ...
Selecting previously unselected package libpython3-stdlib:amd64.
Preparing to unpack .../8-libpython3-stdlib_3.7.5-3_amd64.deb ...
Unpacking libpython3-stdlib:amd64 (3.7.5-3) ...
Setting up python3-minimal (3.7.5-3) ...
Selecting previously unselected package python3.
(Reading database ... 15301 files and directories currently installed.)
Preparing to unpack .../000-python3_3.7.5-3_amd64.deb ...
Unpacking python3 (3.7.5-3) ...
Selecting previously unselected package sensible-utils.
Preparing to unpack .../001-sensible-utils_0.0.12+nmu1_all.deb ...
Unpacking sensible-utils (0.0.12+nmu1) ...
Selecting previously unselected package libmagic-mgc.
Preparing to unpack .../002-libmagic-mgc_1%3a5.38-4_amd64.deb ...
Unpacking libmagic-mgc (1:5.38-4) ...
Selecting previously unselected package libmagic1:amd64.
Preparing to unpack .../003-libmagic1_1%3a5.38-4_amd64.deb ...
Unpacking libmagic1:amd64 (1:5.38-4) ...
Selecting previously unselected package file.
Preparing to unpack .../004-file_1%3a5.38-4_amd64.deb ...
Unpacking file (1:5.38-4) ...
Selecting previously unselected package gettext-base.
Preparing to unpack .../005-gettext-base_0.19.8.1-10_amd64.deb ...
Unpacking gettext-base (0.19.8.1-10) ...
Selecting previously unselected package ucf.
Preparing to unpack .../006-ucf_3.0038+nmu1_all.deb ...
Moving old data out of the way
Unpacking ucf (3.0038+nmu1) ...
Selecting previously unselected package libsigsegv2:amd64.
Preparing to unpack .../007-libsigsegv2_2.12-2_amd64.deb ...
Unpacking libsigsegv2:amd64 (2.12-2) ...
Selecting previously unselected package m4.
Preparing to unpack .../008-m4_1.4.18-4_amd64.deb ...
Unpacking m4 (1.4.18-4) ...
Selecting previously unselected package autoconf.
Preparing to unpack .../009-autoconf_2.69-11.1_all.deb ...
Unpacking autoconf (2.69-11.1) ...
Selecting previously unselected package autotools-dev.
Preparing to unpack .../010-autotools-dev_20180224.1_all.deb ...
Unpacking autotools-dev (20180224.1) ...
Selecting previously unselected package automake.
Preparing to unpack .../011-automake_1%3a1.16.1-4_all.deb ...
Unpacking automake (1:1.16.1-4) ...
Selecting previously unselected package autopoint.
Preparing to unpack .../012-autopoint_0.19.8.1-10_all.deb ...
Unpacking autopoint (0.19.8.1-10) ...
Selecting previously unselected package libtool.
Preparing to unpack .../013-libtool_2.4.6-13_all.deb ...
Unpacking libtool (2.4.6-13) ...
Selecting previously unselected package dh-autoreconf.
Preparing to unpack .../014-dh-autoreconf_19_all.deb ...
Unpacking dh-autoreconf (19) ...
Selecting previously unselected package libdebhelper-perl.
Preparing to unpack .../015-libdebhelper-perl_12.9_all.deb ...
Unpacking libdebhelper-perl (12.9) ...
Selecting previously unselected package libarchive-zip-perl.
Preparing to unpack .../016-libarchive-zip-perl_1.67-1_all.deb ...
Unpacking libarchive-zip-perl (1.67-1) ...
Selecting previously unselected package libsub-override-perl.
Preparing to unpack .../017-libsub-override-perl_0.09-2_all.deb ...
Unpacking libsub-override-perl (0.09-2) ...
Selecting previously unselected package libfile-stripnondeterminism-perl.
Preparing to unpack .../018-libfile-stripnondeterminism-perl_1.6.3-2_all.deb ...
Unpacking libfile-stripnondeterminism-perl (1.6.3-2) ...
Selecting previously unselected package dh-strip-nondeterminism.
Preparing to unpack .../019-dh-strip-nondeterminism_1.6.3-2_all.deb ...
Unpacking dh-strip-nondeterminism (1.6.3-2) ...
Selecting previously unselected package libelf1:amd64.
Preparing to unpack .../020-libelf1_0.176-1.1_amd64.deb ...
Unpacking libelf1:amd64 (0.176-1.1) ...
Selecting previously unselected package dwz.
Preparing to unpack .../021-dwz_0.13-5_amd64.deb ...
Unpacking dwz (0.13-5) ...
Selecting previously unselected package libglib2.0-0:amd64.
Preparing to unpack .../022-libglib2.0-0_2.62.4-2_amd64.deb ...
Unpacking libglib2.0-0:amd64 (2.62.4-2) ...
Selecting previously unselected package libicu63:amd64.
Preparing to unpack .../023-libicu63_63.2-2_amd64.deb ...
Unpacking libicu63:amd64 (63.2-2) ...
Selecting previously unselected package libxml2:amd64.
Preparing to unpack .../024-libxml2_2.9.10+dfsg-3_amd64.deb ...
Unpacking libxml2:amd64 (2.9.10+dfsg-3) ...
Selecting previously unselected package libcroco3:amd64.
Preparing to unpack .../025-libcroco3_0.6.13-1_amd64.deb ...
Unpacking libcroco3:amd64 (0.6.13-1) ...
Selecting previously unselected package gettext.
Preparing to unpack .../026-gettext_0.19.8.1-10_amd64.deb ...
Unpacking gettext (0.19.8.1-10) ...
Selecting previously unselected package intltool-debian.
Preparing to unpack .../027-intltool-debian_0.35.0+20060710.5_all.deb ...
Unpacking intltool-debian (0.35.0+20060710.5) ...
Selecting previously unselected package po-debconf.
Preparing to unpack .../028-po-debconf_1.0.21_all.deb ...
Unpacking po-debconf (1.0.21) ...
Selecting previously unselected package debhelper.
Preparing to unpack .../029-debhelper_12.9_all.deb ...
Unpacking debhelper (12.9) ...
Selecting previously unselected package fonts-dejavu-core.
Preparing to unpack .../030-fonts-dejavu-core_2.37-1_all.deb ...
Unpacking fonts-dejavu-core (2.37-1) ...
Selecting previously unselected package ttf-bitstream-vera.
Preparing to unpack .../031-ttf-bitstream-vera_1.10-8_all.deb ...
Unpacking ttf-bitstream-vera (1.10-8) ...
Selecting previously unselected package fontconfig-config.
Preparing to unpack .../032-fontconfig-config_2.13.1-2_all.deb ...
Unpacking fontconfig-config (2.13.1-2) ...
Selecting previously unselected package uuid-dev:amd64.
Preparing to unpack .../033-uuid-dev_2.34-0.1_amd64.deb ...
Unpacking uuid-dev:amd64 (2.34-0.1) ...
Selecting previously unselected package libblkid-dev:amd64.
Preparing to unpack .../034-libblkid-dev_2.34-0.1_amd64.deb ...
Unpacking libblkid-dev:amd64 (2.34-0.1) ...
Selecting previously unselected package libpng16-16:amd64.
Preparing to unpack .../035-libpng16-16_1.6.37-2_amd64.deb ...
Unpacking libpng16-16:amd64 (1.6.37-2) ...
Selecting previously unselected package libfreetype6:amd64.
Preparing to unpack .../036-libfreetype6_2.10.1-2_amd64.deb ...
Unpacking libfreetype6:amd64 (2.10.1-2) ...
Selecting previously unselected package libfontconfig1:amd64.
Preparing to unpack .../037-libfontconfig1_2.13.1-2+b1_amd64.deb ...
Unpacking libfontconfig1:amd64 (2.13.1-2+b1) ...
Selecting previously unselected package libpixman-1-0:amd64.
Preparing to unpack .../038-libpixman-1-0_0.36.0-1_amd64.deb ...
Unpacking libpixman-1-0:amd64 (0.36.0-1) ...
Selecting previously unselected package libxau6:amd64.
Preparing to unpack .../039-libxau6_1%3a1.0.8-1+b2_amd64.deb ...
Unpacking libxau6:amd64 (1:1.0.8-1+b2) ...
Selecting previously unselected package libxdmcp6:amd64.
Preparing to unpack .../040-libxdmcp6_1%3a1.1.2-3_amd64.deb ...
Unpacking libxdmcp6:amd64 (1:1.1.2-3) ...
Selecting previously unselected package libxcb1:amd64.
Preparing to unpack .../041-libxcb1_1.13.1-5_amd64.deb ...
Unpacking libxcb1:amd64 (1.13.1-5) ...
Selecting previously unselected package libx11-data.
Preparing to unpack .../042-libx11-data_2%3a1.6.8-1_all.deb ...
Unpacking libx11-data (2:1.6.8-1) ...
Selecting previously unselected package libx11-6:amd64.
Preparing to unpack .../043-libx11-6_2%3a1.6.8-1_amd64.deb ...
Unpacking libx11-6:amd64 (2:1.6.8-1) ...
Selecting previously unselected package libxcb-render0:amd64.
Preparing to unpack .../044-libxcb-render0_1.13.1-5_amd64.deb ...
Unpacking libxcb-render0:amd64 (1.13.1-5) ...
Selecting previously unselected package libxcb-shm0:amd64.
Preparing to unpack .../045-libxcb-shm0_1.13.1-5_amd64.deb ...
Unpacking libxcb-shm0:amd64 (1.13.1-5) ...
Selecting previously unselected package libxext6:amd64.
Preparing to unpack .../046-libxext6_2%3a1.3.3-1+b2_amd64.deb ...
Unpacking libxext6:amd64 (2:1.3.3-1+b2) ...
Selecting previously unselected package libxrender1:amd64.
Preparing to unpack .../047-libxrender1_1%3a0.9.10-1_amd64.deb ...
Unpacking libxrender1:amd64 (1:0.9.10-1) ...
Selecting previously unselected package libcairo2:amd64.
Preparing to unpack .../048-libcairo2_1.16.0-4_amd64.deb ...
Unpacking libcairo2:amd64 (1.16.0-4) ...
Selecting previously unselected package libcairo-gobject2:amd64.
Preparing to unpack .../049-libcairo-gobject2_1.16.0-4_amd64.deb ...
Unpacking libcairo-gobject2:amd64 (1.16.0-4) ...
Selecting previously unselected package liblzo2-2:amd64.
Preparing to unpack .../050-liblzo2-2_2.10-2_amd64.deb ...
Unpacking liblzo2-2:amd64 (2.10-2) ...
Selecting previously unselected package libcairo-script-interpreter2:amd64.
Preparing to unpack .../051-libcairo-script-interpreter2_1.16.0-4_amd64.deb ...
Unpacking libcairo-script-interpreter2:amd64 (1.16.0-4) ...
Selecting previously unselected package libexpat1-dev:amd64.
Preparing to unpack .../052-libexpat1-dev_2.2.9-1_amd64.deb ...
Unpacking libexpat1-dev:amd64 (2.2.9-1) ...
Selecting previously unselected package zlib1g-dev:amd64.
Preparing to unpack .../053-zlib1g-dev_1%3a1.2.11.dfsg-2_amd64.deb ...
Unpacking zlib1g-dev:amd64 (1:1.2.11.dfsg-2) ...
Selecting previously unselected package libpng-dev:amd64.
Preparing to unpack .../054-libpng-dev_1.6.37-2_amd64.deb ...
Unpacking libpng-dev:amd64 (1.6.37-2) ...
Selecting previously unselected package libfreetype-dev:amd64.
Preparing to unpack .../055-libfreetype-dev_2.10.1-2_amd64.deb ...
Unpacking libfreetype-dev:amd64 (2.10.1-2) ...
Selecting previously unselected package libfreetype6-dev:amd64.
Preparing to unpack .../056-libfreetype6-dev_2.10.1-2_amd64.deb ...
Unpacking libfreetype6-dev:amd64 (2.10.1-2) ...
Selecting previously unselected package pkg-config.
Preparing to unpack .../057-pkg-config_0.29-6_amd64.deb ...
Unpacking pkg-config (0.29-6) ...
Selecting previously unselected package libfontconfig1-dev:amd64.
Preparing to unpack .../058-libfontconfig1-dev_2.13.1-2+b1_amd64.deb ...
Unpacking libfontconfig1-dev:amd64 (2.13.1-2+b1) ...
Selecting previously unselected package xorg-sgml-doctools.
Preparing to unpack .../059-xorg-sgml-doctools_1%3a1.11-1_all.deb ...
Unpacking xorg-sgml-doctools (1:1.11-1) ...
Selecting previously unselected package x11proto-dev.
Preparing to unpack .../060-x11proto-dev_2018.4-4_all.deb ...
Unpacking x11proto-dev (2018.4-4) ...
Selecting previously unselected package x11proto-core-dev.
Preparing to unpack .../061-x11proto-core-dev_2018.4-4_all.deb ...
Unpacking x11proto-core-dev (2018.4-4) ...
Selecting previously unselected package libxau-dev:amd64.
Preparing to unpack .../062-libxau-dev_1%3a1.0.8-1+b2_amd64.deb ...
Unpacking libxau-dev:amd64 (1:1.0.8-1+b2) ...
Selecting previously unselected package libxdmcp-dev:amd64.
Preparing to unpack .../063-libxdmcp-dev_1%3a1.1.2-3_amd64.deb ...
Unpacking libxdmcp-dev:amd64 (1:1.1.2-3) ...
Selecting previously unselected package xtrans-dev.
Preparing to unpack .../064-xtrans-dev_1.3.5-1_all.deb ...
Unpacking xtrans-dev (1.3.5-1) ...
Selecting previously unselected package libpthread-stubs0-dev:amd64.
Preparing to unpack .../065-libpthread-stubs0-dev_0.4-1_amd64.deb ...
Unpacking libpthread-stubs0-dev:amd64 (0.4-1) ...
Selecting previously unselected package libxcb1-dev:amd64.
Preparing to unpack .../066-libxcb1-dev_1.13.1-5_amd64.deb ...
Unpacking libxcb1-dev:amd64 (1.13.1-5) ...
Selecting previously unselected package libx11-dev:amd64.
Preparing to unpack .../067-libx11-dev_2%3a1.6.8-1_amd64.deb ...
Unpacking libx11-dev:amd64 (2:1.6.8-1) ...
Selecting previously unselected package libxrender-dev:amd64.
Preparing to unpack .../068-libxrender-dev_1%3a0.9.10-1_amd64.deb ...
Unpacking libxrender-dev:amd64 (1:0.9.10-1) ...
Selecting previously unselected package x11proto-xext-dev.
Preparing to unpack .../069-x11proto-xext-dev_2018.4-4_all.deb ...
Unpacking x11proto-xext-dev (2018.4-4) ...
Selecting previously unselected package libxext-dev:amd64.
Preparing to unpack .../070-libxext-dev_2%3a1.3.3-1+b2_amd64.deb ...
Unpacking libxext-dev:amd64 (2:1.3.3-1+b2) ...
Selecting previously unselected package x11-common.
Preparing to unpack .../071-x11-common_1%3a7.7+20_all.deb ...
Unpacking x11-common (1:7.7+20) ...
Selecting previously unselected package libice6:amd64.
Preparing to unpack .../072-libice6_2%3a1.0.9-2_amd64.deb ...
Unpacking libice6:amd64 (2:1.0.9-2) ...
Selecting previously unselected package libsm6:amd64.
Preparing to unpack .../073-libsm6_2%3a1.2.3-1_amd64.deb ...
Unpacking libsm6:amd64 (2:1.2.3-1) ...
Selecting previously unselected package libice-dev:amd64.
Preparing to unpack .../074-libice-dev_2%3a1.0.9-2_amd64.deb ...
Unpacking libice-dev:amd64 (2:1.0.9-2) ...
Selecting previously unselected package libsm-dev:amd64.
Preparing to unpack .../075-libsm-dev_2%3a1.2.3-1_amd64.deb ...
Unpacking libsm-dev:amd64 (2:1.2.3-1) ...
Selecting previously unselected package libpixman-1-dev:amd64.
Preparing to unpack .../076-libpixman-1-dev_0.36.0-1_amd64.deb ...
Unpacking libpixman-1-dev:amd64 (0.36.0-1) ...
Selecting previously unselected package libxcb-render0-dev:amd64.
Preparing to unpack .../077-libxcb-render0-dev_1.13.1-5_amd64.deb ...
Unpacking libxcb-render0-dev:amd64 (1.13.1-5) ...
Selecting previously unselected package libxcb-shm0-dev:amd64.
Preparing to unpack .../078-libxcb-shm0-dev_1.13.1-5_amd64.deb ...
Unpacking libxcb-shm0-dev:amd64 (1.13.1-5) ...
Selecting previously unselected package libffi-dev:amd64.
Preparing to unpack .../079-libffi-dev_3.3-3_amd64.deb ...
Unpacking libffi-dev:amd64 (3.3-3) ...
Selecting previously unselected package libglib2.0-data.
Preparing to unpack .../080-libglib2.0-data_2.62.4-2_all.deb ...
Unpacking libglib2.0-data (2.62.4-2) ...
Selecting previously unselected package libglib2.0-bin.
Preparing to unpack .../081-libglib2.0-bin_2.62.4-2_amd64.deb ...
Unpacking libglib2.0-bin (2.62.4-2) ...
Selecting previously unselected package python3-lib2to3.
Preparing to unpack .../082-python3-lib2to3_3.8.0-1_all.deb ...
Unpacking python3-lib2to3 (3.8.0-1) ...
Selecting previously unselected package python3-distutils.
Preparing to unpack .../083-python3-distutils_3.8.0-1_all.deb ...
Unpacking python3-distutils (3.8.0-1) ...
Selecting previously unselected package libglib2.0-dev-bin.
Preparing to unpack .../084-libglib2.0-dev-bin_2.62.4-2_amd64.deb ...
Unpacking libglib2.0-dev-bin (2.62.4-2) ...
Selecting previously unselected package libmount-dev:amd64.
Preparing to unpack .../085-libmount-dev_2.34-0.1_amd64.deb ...
Unpacking libmount-dev:amd64 (2.34-0.1) ...
Selecting previously unselected package libpcre16-3:amd64.
Preparing to unpack .../086-libpcre16-3_2%3a8.39-12+b1_amd64.deb ...
Unpacking libpcre16-3:amd64 (2:8.39-12+b1) ...
Selecting previously unselected package libpcre32-3:amd64.
Preparing to unpack .../087-libpcre32-3_2%3a8.39-12+b1_amd64.deb ...
Unpacking libpcre32-3:amd64 (2:8.39-12+b1) ...
Selecting previously unselected package libpcrecpp0v5:amd64.
Preparing to unpack .../088-libpcrecpp0v5_2%3a8.39-12+b1_amd64.deb ...
Unpacking libpcrecpp0v5:amd64 (2:8.39-12+b1) ...
Selecting previously unselected package libpcre3-dev:amd64.
Preparing to unpack .../089-libpcre3-dev_2%3a8.39-12+b1_amd64.deb ...
Unpacking libpcre3-dev:amd64 (2:8.39-12+b1) ...
Selecting previously unselected package libsepol1-dev:amd64.
Preparing to unpack .../090-libsepol1-dev_3.0-1_amd64.deb ...
Unpacking libsepol1-dev:amd64 (3.0-1) ...
Selecting previously unselected package libpcre2-16-0:amd64.
Preparing to unpack .../091-libpcre2-16-0_10.34-7_amd64.deb ...
Unpacking libpcre2-16-0:amd64 (10.34-7) ...
Selecting previously unselected package libpcre2-32-0:amd64.
Preparing to unpack .../092-libpcre2-32-0_10.34-7_amd64.deb ...
Unpacking libpcre2-32-0:amd64 (10.34-7) ...
Selecting previously unselected package libpcre2-posix2:amd64.
Preparing to unpack .../093-libpcre2-posix2_10.34-7_amd64.deb ...
Unpacking libpcre2-posix2:amd64 (10.34-7) ...
Selecting previously unselected package libpcre2-dev:amd64.
Preparing to unpack .../094-libpcre2-dev_10.34-7_amd64.deb ...
Unpacking libpcre2-dev:amd64 (10.34-7) ...
Selecting previously unselected package libselinux1-dev:amd64.
Preparing to unpack .../095-libselinux1-dev_3.0-1+b1_amd64.deb ...
Unpacking libselinux1-dev:amd64 (3.0-1+b1) ...
Selecting previously unselected package libglib2.0-dev:amd64.
Preparing to unpack .../096-libglib2.0-dev_2.62.4-2_amd64.deb ...
Unpacking libglib2.0-dev:amd64 (2.62.4-2) ...
Selecting previously unselected package libcairo2-dev:amd64.
Preparing to unpack .../097-libcairo2-dev_1.16.0-4_amd64.deb ...
Unpacking libcairo2-dev:amd64 (1.16.0-4) ...
Selecting previously unselected package libextutils-depends-perl.
Preparing to unpack .../098-libextutils-depends-perl_0.8000-1_all.deb ...
Unpacking libextutils-depends-perl (0.8000-1) ...
Selecting previously unselected package libextutils-pkgconfig-perl.
Preparing to unpack .../099-libextutils-pkgconfig-perl_1.16-1_all.deb ...
Unpacking libextutils-pkgconfig-perl (1.16-1) ...
Selecting previously unselected package libfont-freetype-perl.
Preparing to unpack .../100-libfont-freetype-perl_0.13-1_amd64.deb ...
Unpacking libfont-freetype-perl (0.13-1) ...
Selecting previously unselected package libtest-number-delta-perl.
Preparing to unpack .../101-libtest-number-delta-perl_1.06-1_all.deb ...
Unpacking libtest-number-delta-perl (1.06-1) ...
Selecting previously unselected package sbuild-build-depends-main-dummy.
Preparing to unpack .../102-sbuild-build-depends-main-dummy_0.invalid.0_amd64.deb ...
Unpacking sbuild-build-depends-main-dummy (0.invalid.0) ...
Setting up libpcrecpp0v5:amd64 (2:8.39-12+b1) ...
Setting up libpipeline1:amd64 (1.5.2-2) ...
Setting up libpixman-1-0:amd64 (0.36.0-1) ...
Setting up libxau6:amd64 (1:1.0.8-1+b2) ...
Setting up libxdmcp6:amd64 (1:1.1.2-3) ...
Setting up libxcb1:amd64 (1.13.1-5) ...
Setting up ttf-bitstream-vera (1.10-8) ...
Setting up libpixman-1-dev:amd64 (0.36.0-1) ...
Setting up mime-support (3.64) ...
Setting up libpcre16-3:amd64 (2:8.39-12+b1) ...
Setting up libmagic-mgc (1:5.38-4) ...
Setting up libxcb-render0:amd64 (1.13.1-5) ...
Setting up libarchive-zip-perl (1.67-1) ...
Setting up libglib2.0-0:amd64 (2.62.4-2) ...
No schema files found: doing nothing.
Setting up libdebhelper-perl (12.9) ...
Setting up libsqlite3-0:amd64 (3.31.1-3) ...
Setting up x11-common (1:7.7+20) ...
update-rc.d: warning: start and stop actions are no longer supported; falling back to defaults
invoke-rc.d: could not determine current runlevel
All runlevel operations denied by policy
invoke-rc.d: policy-rc.d denied execution of start.
Setting up libmagic1:amd64 (1:5.38-4) ...
Setting up libsepol1-dev:amd64 (3.0-1) ...
Setting up gettext-base (0.19.8.1-10) ...
Setting up liblzo2-2:amd64 (2.10-2) ...
Setting up libxcb-shm0:amd64 (1.13.1-5) ...
Setting up file (1:5.38-4) ...
Setting up libffi-dev:amd64 (3.3-3) ...
Setting up libpthread-stubs0-dev:amd64 (0.4-1) ...
Setting up libpcre2-16-0:amd64 (10.34-7) ...
Setting up libicu63:amd64 (63.2-2) ...
Setting up libextutils-depends-perl (0.8000-1) ...
Setting up xtrans-dev (1.3.5-1) ...
Setting up autotools-dev (20180224.1) ...
Setting up libpcre2-32-0:amd64 (10.34-7) ...
Setting up libglib2.0-data (2.62.4-2) ...
Setting up libexpat1-dev:amd64 (2.2.9-1) ...
Setting up libx11-data (2:1.6.8-1) ...
Setting up uuid-dev:amd64 (2.34-0.1) ...
Setting up libsigsegv2:amd64 (2.12-2) ...
Setting up bsdmainutils (11.1.2+b1) ...
update-alternatives: using /usr/bin/bsd-write to provide /usr/bin/write (write) in auto mode
update-alternatives: using /usr/bin/bsd-from to provide /usr/bin/from (from) in auto mode
Setting up libpng16-16:amd64 (1.6.37-2) ...
Setting up libpcre32-3:amd64 (2:8.39-12+b1) ...
Setting up autopoint (0.19.8.1-10) ...
Setting up pkg-config (0.29-6) ...
Setting up fonts-dejavu-core (2.37-1) ...
Setting up libtest-number-delta-perl (1.06-1) ...
Setting up libpcre2-posix2:amd64 (10.34-7) ...
Setting up zlib1g-dev:amd64 (1:1.2.11.dfsg-2) ...
Setting up sensible-utils (0.0.12+nmu1) ...
Setting up libuchardet0:amd64 (0.0.6-3) ...
Setting up libsub-override-perl (0.09-2) ...
Setting up libx11-6:amd64 (2:1.6.8-1) ...
Setting up xorg-sgml-doctools (1:1.11-1) ...
Setting up libmpdec2:amd64 (2.4.2-2) ...
Setting up libelf1:amd64 (0.176-1.1) ...
Setting up readline-common (8.0-3) ...
Setting up libxml2:amd64 (2.9.10+dfsg-3) ...
Setting up x11proto-dev (2018.4-4) ...
Setting up libfile-stripnondeterminism-perl (1.6.3-2) ...
Setting up libblkid-dev:amd64 (2.34-0.1) ...
Setting up libice6:amd64 (2:1.0.9-2) ...
Setting up libxau-dev:amd64 (1:1.0.8-1+b2) ...
Setting up libpcre2-dev:amd64 (10.34-7) ...
Setting up libxrender1:amd64 (1:0.9.10-1) ...
Setting up libice-dev:amd64 (2:1.0.9-2) ...
Setting up libtool (2.4.6-13) ...
Setting up libextutils-pkgconfig-perl (1.16-1) ...
Setting up libselinux1-dev:amd64 (3.0-1+b1) ...
Setting up libpcre3-dev:amd64 (2:8.39-12+b1) ...
Setting up libreadline8:amd64 (8.0-3) ...
Setting up libpng-dev:amd64 (1.6.37-2) ...
Setting up libxext6:amd64 (2:1.3.3-1+b2) ...
Setting up libglib2.0-bin (2.62.4-2) ...
Setting up m4 (1.4.18-4) ...
Setting up libxdmcp-dev:amd64 (1:1.1.2-3) ...
Setting up libfreetype6:amd64 (2.10.1-2) ...
Setting up x11proto-core-dev (2018.4-4) ...
Setting up libcroco3:amd64 (0.6.13-1) ...
Setting up ucf (3.0038+nmu1) ...
Setting up autoconf (2.69-11.1) ...
Setting up dh-strip-nondeterminism (1.6.3-2) ...
Setting up x11proto-xext-dev (2018.4-4) ...
Setting up dwz (0.13-5) ...
Setting up groff-base (1.22.4-4) ...
Setting up libfont-freetype-perl (0.13-1) ...
Setting up libsm6:amd64 (2:1.2.3-1) ...
Setting up libmount-dev:amd64 (2.34-0.1) ...
Setting up automake (1:1.16.1-4) ...
update-alternatives: using /usr/bin/automake-1.16 to provide /usr/bin/automake (automake) in auto mode
Setting up libpython3.7-stdlib:amd64 (3.7.6-1+b1) ...
Setting up gettext (0.19.8.1-10) ...
Setting up libxcb1-dev:amd64 (1.13.1-5) ...
Setting up libsm-dev:amd64 (2:1.2.3-1) ...
Setting up fontconfig-config (2.13.1-2) ...
Setting up libx11-dev:amd64 (2:1.6.8-1) ...
Setting up man-db (2.9.0-2) ...
Not building database; man-db/auto-update is not 'true'.
Setting up libfreetype-dev:amd64 (2.10.1-2) ...
Setting up intltool-debian (0.35.0+20060710.5) ...
Setting up libxcb-shm0-dev:amd64 (1.13.1-5) ...
Setting up libxcb-render0-dev:amd64 (1.13.1-5) ...
Setting up libxext-dev:amd64 (2:1.3.3-1+b2) ...
Setting up libfontconfig1:amd64 (2.13.1-2+b1) ...
Setting up libxrender-dev:amd64 (1:0.9.10-1) ...
Setting up libpython3-stdlib:amd64 (3.7.5-3) ...
Setting up python3.7 (3.7.6-1+b1) ...
Setting up po-debconf (1.0.21) ...
Setting up python3 (3.7.5-3) ...
Setting up libcairo2:amd64 (1.16.0-4) ...
Setting up libfreetype6-dev:amd64 (2.10.1-2) ...
Setting up libcairo-gobject2:amd64 (1.16.0-4) ...
Setting up python3-lib2to3 (3.8.0-1) ...
Setting up python3-distutils (3.8.0-1) ...
Setting up libcairo-script-interpreter2:amd64 (1.16.0-4) ...
Setting up libglib2.0-dev-bin (2.62.4-2) ...
Setting up libfontconfig1-dev:amd64 (2.13.1-2+b1) ...
Setting up libglib2.0-dev:amd64 (2.62.4-2) ...
Setting up libcairo2-dev:amd64 (1.16.0-4) ...
Setting up dh-autoreconf (19) ...
Setting up debhelper (12.9) ...
Setting up sbuild-build-depends-main-dummy (0.invalid.0) ...
Processing triggers for libc-bin (2.29-10) ...

+------------------------------------------------------------------------------+
| Check architectures                                                          |
+------------------------------------------------------------------------------+

Arch check ok (amd64 included in any)

+------------------------------------------------------------------------------+
| Build environment                                                            |
+------------------------------------------------------------------------------+

Kernel: Linux 4.19.0-6-cloud-amd64 #1 SMP Debian 4.19.67-2+deb10u2 (2019-11-11) amd64 (x86_64)
Toolchain package versions: binutils_2.34-3 dpkg-dev_1.19.7 g++-9_9.2.1-29 gcc-9_9.2.1-29 libc6-dev_2.29-10 libstdc++-8-dev_8.3.0-29 libstdc++-9-dev_9.2.1-29 libstdc++6_10-20200222-1 linux-libc-dev_5.4.19-1
Package versions: adduser_3.118 apt_1.8.4 autoconf_2.69-11.1 automake_1:1.16.1-4 autopoint_0.19.8.1-10 autotools-dev_20180224.1 base-files_11 base-passwd_3.5.47 bash_5.0-5 binutils_2.34-3 binutils-common_2.34-3 binutils-x86-64-linux-gnu_2.34-3 bsdmainutils_11.1.2+b1 bsdutils_1:2.34-0.1 build-essential_12.8 bzip2_1.0.8-2 clang-9_1:9.0.1-8 coreutils_8.30-3+b1 cpp_4:9.2.1-3.1 cpp-9_9.2.1-29 dash_0.5.10.2-6 debconf_1.5.73 debhelper_12.9 debian-archive-keyring_2019.1 debianutils_4.9.1 dh-autoreconf_19 dh-strip-nondeterminism_1.6.3-2 diffutils_1:3.7-3 dpkg_1.19.7 dpkg-dev_1.19.7 dwz_0.13-5 e2fsprogs_1.45.5-2 fakeroot_1.24-1 fdisk_2.34-0.1 file_1:5.38-4 findutils_4.7.0-1 fontconfig-config_2.13.1-2 fonts-dejavu-core_2.37-1 g++_4:9.2.1-3.1 g++-9_9.2.1-29 gcc_4:9.2.1-3.1 gcc-10-base_10-20200222-1 gcc-8-base_8.3.0-29 gcc-9_9.2.1-29 gcc-9-base_9.2.1-29 gettext_0.19.8.1-10 gettext-base_0.19.8.1-10 gpgv_2.2.19-1 grep_3.4-1 groff-base_1.22.4-4 gzip_1.9-3+b1 hostname_3.23 init-system-helpers_1.57 intltool-debian_0.35.0+20060710.5 lib32gcc-s1_10-20200222-1 lib32gcc1_1:10-20200222-1 lib32stdc++6_10-20200222-1 libacl1_2.2.53-5 libapt-pkg5.0_1.8.4 libarchive-zip-perl_1.67-1 libasan5_9.2.1-29 libatomic1_10-20200222-1 libattr1_1:2.4.48-5 libaudit-common_1:2.8.5-2 libaudit1_1:2.8.5-2+b1 libbinutils_2.34-3 libblkid-dev_2.34-0.1 libblkid1_2.34-0.1 libbsd0_0.10.0-1 libbz2-1.0_1.0.8-2 libc-bin_2.29-10 libc-dev-bin_2.29-10 libc6_2.29-10 libc6-dev_2.29-10 libc6-i386_2.29-10 libcairo-gobject2_1.16.0-4 libcairo-script-interpreter2_1.16.0-4 libcairo2_1.16.0-4 libcairo2-dev_1.16.0-4 libcap-ng0_0.7.9-2.1+b1 libcc1-0_10-20200222-1 libclang-common-9-dev_1:9.0.1-8 libclang-cpp9_1:9.0.1-8 libcom-err2_1.45.5-2 libcroco3_0.6.13-1 libcrypt-dev_1:4.4.10-10 libcrypt1_1:4.4.10-10 libctf-nobfd0_2.34-3 libctf0_2.34-3 libdb5.3_5.3.28+dfsg1-0.6 libdebconfclient0_0.251 libdebhelper-perl_12.9 libdpkg-perl_1.19.7 libedit2_3.1-20191231-1 libelf1_0.176-1.1 libexpat1_2.2.9-1 libexpat1-dev_2.2.9-1 libext2fs2_1.45.5-2 libextutils-depends-perl_0.8000-1 libextutils-pkgconfig-perl_1.16-1 libfakeroot_1.24-1 libfdisk1_2.34-0.1 libffi-dev_3.3-3 libffi7_3.3-3 libfile-stripnondeterminism-perl_1.6.3-2 libfont-freetype-perl_0.13-1 libfontconfig1_2.13.1-2+b1 libfontconfig1-dev_2.13.1-2+b1 libfreetype-dev_2.10.1-2 libfreetype6_2.10.1-2 libfreetype6-dev_2.10.1-2 libgc1c2_1:7.6.4-0.4 libgcc-8-dev_8.3.0-29 libgcc-9-dev_9.2.1-29 libgcc-s1_10-20200222-1 libgcc1_1:10-20200222-1 libgcrypt20_1.8.5-5 libgdbm-compat4_1.18.1-5 libgdbm6_1.18.1-5 libglib2.0-0_2.62.4-2 libglib2.0-bin_2.62.4-2 libglib2.0-data_2.62.4-2 libglib2.0-dev_2.62.4-2 libglib2.0-dev-bin_2.62.4-2 libgmp10_2:6.2.0+dfsg-4 libgnutls30_3.6.12-2 libgomp1_10-20200222-1 libgpg-error0_1.37-1 libhogweed5_3.5.1+really3.5.1-2 libice-dev_2:1.0.9-2 libice6_2:1.0.9-2 libicu63_63.2-2 libidn2-0_2.2.0-2 libisl22_0.22.1-1 libitm1_10-20200222-1 libllvm9_1:9.0.1-8 liblsan0_10-20200222-1 liblz4-1_1.9.2-2 liblzma5_5.2.4-1+b1 liblzo2-2_2.10-2 libmagic-mgc_1:5.38-4 libmagic1_1:5.38-4 libmount-dev_2.34-0.1 libmount1_2.34-0.1 libmpc3_1.1.0-1 libmpdec2_2.4.2-2 libmpfr6_4.0.2-1 libmpx2_8.3.0-29 libncursesw6_6.1+20191019-1 libnettle7_3.5.1+really3.5.1-2 libobjc-8-dev_8.3.0-29 libobjc-9-dev_9.2.1-29 libobjc4_10-20200222-1 libomp-9-dev_1:9.0.1-8 libomp5-9_1:9.0.1-8 libp11-kit0_0.23.20-1 libpam-modules_1.3.1-5 libpam-modules-bin_1.3.1-5 libpam-runtime_1.3.1-5 libpam0g_1.3.1-5 libpcre16-3_2:8.39-12+b1 libpcre2-16-0_10.34-7 libpcre2-32-0_10.34-7 libpcre2-8-0_10.34-7 libpcre2-dev_10.34-7 libpcre2-posix2_10.34-7 libpcre3_2:8.39-12+b1 libpcre3-dev_2:8.39-12+b1 libpcre32-3_2:8.39-12+b1 libpcrecpp0v5_2:8.39-12+b1 libperl5.30_5.30.0-9 libpipeline1_1.5.2-2 libpixman-1-0_0.36.0-1 libpixman-1-dev_0.36.0-1 libpng-dev_1.6.37-2 libpng16-16_1.6.37-2 libpthread-stubs0-dev_0.4-1 libpython3-stdlib_3.7.5-3 libpython3.7-minimal_3.7.6-1+b1 libpython3.7-stdlib_3.7.6-1+b1 libquadmath0_10-20200222-1 libreadline8_8.0-3 libseccomp2_2.4.2-2 libselinux1_3.0-1+b1 libselinux1-dev_3.0-1+b1 libsemanage-common_3.0-1 libsemanage1_3.0-1+b1 libsepol1_3.0-1 libsepol1-dev_3.0-1 libsigsegv2_2.12-2 libsm-dev_2:1.2.3-1 libsm6_2:1.2.3-1 libsmartcols1_2.34-0.1 libsqlite3-0_3.31.1-3 libss2_1.45.5-2 libssl1.1_1.1.1d-2 libstdc++-8-dev_8.3.0-29 libstdc++-9-dev_9.2.1-29 libstdc++6_10-20200222-1 libsub-override-perl_0.09-2 libsystemd0_244.3-1 libtasn1-6_4.16.0-2 libtest-number-delta-perl_1.06-1 libtinfo6_6.1+20191019-1 libtool_2.4.6-13 libtsan0_10-20200222-1 libubsan1_10-20200222-1 libuchardet0_0.0.6-3 libudev1_244.3-1 libunistring2_0.9.10-2 libuuid1_2.34-0.1 libx11-6_2:1.6.8-1 libx11-data_2:1.6.8-1 libx11-dev_2:1.6.8-1 libxau-dev_1:1.0.8-1+b2 libxau6_1:1.0.8-1+b2 libxcb-render0_1.13.1-5 libxcb-render0-dev_1.13.1-5 libxcb-shm0_1.13.1-5 libxcb-shm0-dev_1.13.1-5 libxcb1_1.13.1-5 libxcb1-dev_1.13.1-5 libxdmcp-dev_1:1.1.2-3 libxdmcp6_1:1.1.2-3 libxext-dev_2:1.3.3-1+b2 libxext6_2:1.3.3-1+b2 libxml2_2.9.10+dfsg-3 libxrender-dev_1:0.9.10-1 libxrender1_1:0.9.10-1 libz3-4_4.8.7-4 libzstd1_1.4.4+dfsg-3 linux-libc-dev_5.4.19-1 login_1:4.8.1-1 logsave_1.45.5-2 lsb-base_11.1.0 m4_1.4.18-4 make_4.2.1-1.2 man-db_2.9.0-2 mawk_1.3.4.20200120-2 mime-support_3.64 mount_2.34-0.1 ncurses-base_6.1+20191019-1 ncurses-bin_6.1+20191019-1 passwd_1:4.8.1-1 patch_2.7.6-6 perl_5.30.0-9 perl-base_5.30.0-9 perl-modules-5.30_5.30.0-9 pkg-config_0.29-6 po-debconf_1.0.21 python3_3.7.5-3 python3-distutils_3.8.0-1 python3-lib2to3_3.8.0-1 python3-minimal_3.7.5-3 python3.7_3.7.6-1+b1 python3.7-minimal_3.7.6-1+b1 readline-common_8.0-3 sbuild-build-depends-main-dummy_0.invalid.0 sed_4.7-1 sensible-utils_0.0.12+nmu1 sysvinit-utils_2.96-2.1 tar_1.30+dfsg-6+b1 ttf-bitstream-vera_1.10-8 tzdata_2019c-3 ucf_3.0038+nmu1 util-linux_2.34-0.1 uuid-dev_2.34-0.1 x11-common_1:7.7+20 x11proto-core-dev_2018.4-4 x11proto-dev_2018.4-4 x11proto-xext-dev_2018.4-4 xorg-sgml-doctools_1:1.11-1 xtrans-dev_1.3.5-1 xz-utils_5.2.4-1+b1 zlib1g_1:1.2.11.dfsg-2 zlib1g-dev_1:1.2.11.dfsg-2

+------------------------------------------------------------------------------+
| Build                                                                        |
+------------------------------------------------------------------------------+


Unpack source
-------------

-----BEGIN PGP SIGNED MESSAGE-----
Hash: SHA512

Format: 3.0 (quilt)
Source: libcairo-perl
Binary: libcairo-perl
Architecture: any
Version: 1.107-1
Maintainer: Debian Perl Group <pkg-perl-maintainers@lists.alioth.debian.org>
Uploaders: gregor herrmann <gregoa@debian.org>, Dominic Hargreaves <dom@earth.li>, intrigeri <intrigeri@debian.org>
Homepage: http://gtk2-perl.sourceforge.net/
Standards-Version: 4.4.1
Vcs-Browser: https://salsa.debian.org/perl-team/modules/packages/libcairo-perl
Vcs-Git: https://salsa.debian.org/perl-team/modules/packages/libcairo-perl.git
Testsuite: autopkgtest-pkg-perl
Build-Depends: debhelper-compat (= 12), libcairo2-dev, libextutils-depends-perl, libextutils-pkgconfig-perl, libfont-freetype-perl, libtest-number-delta-perl, perl, ttf-bitstream-vera
Package-List:
 libcairo-perl deb perl optional arch=any
Checksums-Sha1:
 d9aeb9e471e4ab366b4b3b6aac9c37172983d054 111203 libcairo-perl_1.107.orig.tar.gz
 e06a5d9b826b40d598d9f0fe3c541f5165140020 4944 libcairo-perl_1.107-1.debian.tar.xz
Checksums-Sha256:
 5e1de126ddf93bd5b13f13a52f50d7f7af1157265b7f10e53d585ee1827be169 111203 libcairo-perl_1.107.orig.tar.gz
 a6034924f7b046bf04fdf6a4944437a4aa37600236436253544467895574c2d6 4944 libcairo-perl_1.107-1.debian.tar.xz
Files:
 fdb959699794dd82031ea9d8ac12db0b 111203 libcairo-perl_1.107.orig.tar.gz
 8e1f7cd47d762936169c7ed3c8cd3e44 4944 libcairo-perl_1.107-1.debian.tar.xz
Dgit: 9275b2c36bfa8cfebe88ac33d9236fc43d646b3b debian archive/debian/1.107-1 https://git.dgit.debian.org/libcairo-perl

-----BEGIN PGP SIGNATURE-----

iQJJBAEBCgAzFiEEHRt1x6SY9ZXd6PxEAfr306of05kFAl2iCUsVHGludHJpZ2Vy
aUBkZWJpYW4ub3JnAAoJEAH699OqH9OZPH4P/2eV4dY0bhzTlawlRRWB9p4JEeAv
FKY6SKOgVb/TQciBLX+KNkxzVhh5Y+0z5nFm5MUEcbigvpqQBTNPvEy7p0qoK409
umF36BLFbDE/AO9aMkR2Wvg+NDcK1jnJtqxD3IkrFeUypmTUTi7EgqdsamrwZNk/
ffW259stHNd7bZDi/kgwU1jWAQf0QvAtGWf+irBrutUCMqrRMtCQCpM0D3xHQhTw
GlBIQf+3No0p8RsXIeSl+iJJxGuSq0Yy0fClOxTvNk+X8LooMdZ3mvs0NVZrh4K/
L11aIR2x6MlDKpvej+wfvK5jgo4UDdw+BIDXvEtglWLZq33YuCsgljrSBKF0Gy5g
LeL4H2ds1f6/m9PGt8i6t91a4QwgoKflqrTyWw68O22f63A1n+45XjX52KqR+IWX
hwicE4aLywhvIM9FcJfFfbgBlRwY9w7k6x2MU88a/H4JjttXTlKufWpEr6aDAif7
xbwTHMDRLG2OLyoCv7f2el3kDHX2QaGG6E2YxruVVWHKie41erzr+MQghqwSzuw5
eDoSvBzd5wdFej5hw10UtrzN4o3kx6+tRZO5Xs3uib3e6wSx11wM1UVYIAErIPqq
wYspnWaWitWwVYLMyK2AFHvKy58LsobfkE/vlULStMAlbVa6YcTUsItI++Z7jCuC
/ZamHmaepQplZ1qU
=wV4M
-----END PGP SIGNATURE-----

gpgv: unknown type of key resource 'trustedkeys.kbx'
gpgv: keyblock resource '/sbuild-nonexistent/.gnupg/trustedkeys.kbx': General error
gpgv: Signature made Sat Oct 12 17:11:39 2019 UTC
gpgv:                using RSA key 1D1B75C7A498F595DDE8FC4401FAF7D3AA1FD399
gpgv:                issuer "intrigeri@debian.org"
gpgv: Can't check signature: No public key
dpkg-source: warning: failed to verify signature on ./libcairo-perl_1.107-1.dsc
dpkg-source: info: extracting libcairo-perl in /<<PKGBUILDDIR>>
dpkg-source: info: unpacking libcairo-perl_1.107.orig.tar.gz
dpkg-source: info: unpacking libcairo-perl_1.107-1.debian.tar.xz

Check disk space
----------------

Sufficient free space for build

User Environment
----------------

APT_CONFIG=/var/lib/sbuild/apt.conf
HOME=/sbuild-nonexistent
LANG=C.UTF-8
LC_ALL=C.UTF-8
LOGNAME=user42
PATH=/usr/local/sbin:/usr/local/bin:/usr/sbin:/usr/bin:/sbin:/bin:/usr/games
SCHROOT_ALIAS_NAME=unstable
SCHROOT_CHROOT_NAME=sid-amd64-sbuild
SCHROOT_COMMAND=env
SCHROOT_GID=1001
SCHROOT_GROUP=user42
SCHROOT_SESSION_ID=sid-amd64-sbuild-cbcf5ab1-ea1e-4385-ae6d-bfcbe764aa13
SCHROOT_UID=1001
SCHROOT_USER=user42
SHELL=/bin/sh
USER=user42

dpkg-buildpackage
-----------------

Command: dpkg-buildpackage -us -uc -b -rfakeroot
dpkg-buildpackage: info: source package libcairo-perl
dpkg-buildpackage: info: source version 1.107-1
dpkg-buildpackage: info: source distribution unstable
dpkg-buildpackage: info: source changed by intrigeri <intrigeri@debian.org>
 dpkg-source --before-build .
dpkg-buildpackage: info: host architecture amd64
 debian/rules clean
dh clean
   dh_clean
 debian/rules binary
dh binary
   dh_update_autotools_config
   dh_autoreconf
   dh_auto_configure
	perl Makefile.PL INSTALLDIRS=vendor "OPTIMIZE=-g -O2 -fdebug-prefix-map=/<<PKGBUILDDIR>>=. -fstack-protector-strong -Wformat -Werror=format-security -Wdate-time -D_FORTIFY_SOURCE=2" "LD=x86_64-linux-gnu-gcc -g -O2 -fdebug-prefix-map=/<<PKGBUILDDIR>>=. -fstack-protector-strong -Wformat -Werror=format-security -Wl,-z,relro -Wl,-z,now"
Compiling Cairo with FreeType support
Checking if your kit is complete...
Looks good
Generating a Unix-style Makefile
Writing Makefile for Cairo
Writing MYMETA.yml and MYMETA.json
   dh_auto_build
	make -j4
make[1]: Entering directory '/<<PKGBUILDDIR>>'
"/usr/bin/perl" "/usr/share/perl/5.30/ExtUtils/xsubpp" -noprototypes -typemap '/usr/share/perl/5.30/ExtUtils/typemap' -typemap '/<<PKGBUILDDIR>>/build/cairo-perl-auto.typemap' -typemap '/<<PKGBUILDDIR>>/cairo-perl.typemap'  Cairo.xs > Cairo.xsc
Running Mkbootstrap for Cairo ()
chmod 644 "Cairo.bs"
"/usr/bin/perl" "/usr/share/perl/5.30/ExtUtils/xsubpp" -noprototypes -typemap '/usr/share/perl/5.30/ExtUtils/typemap' -typemap '/<<PKGBUILDDIR>>/build/cairo-perl-auto.typemap' -typemap '/<<PKGBUILDDIR>>/cairo-perl.typemap'  CairoFont.xs > CairoFont.xsc
"/usr/bin/perl" "/usr/share/perl/5.30/ExtUtils/xsubpp" -noprototypes -typemap '/usr/share/perl/5.30/ExtUtils/typemap' -typemap '/<<PKGBUILDDIR>>/build/cairo-perl-auto.typemap' -typemap '/<<PKGBUILDDIR>>/cairo-perl.typemap'  CairoMatrix.xs > CairoMatrix.xsc
cp cairo-perl.h blib/arch/Cairo/Install/cairo-perl.h
cp lib/Cairo.pm blib/lib/Cairo.pm
cp build/cairo-perl-auto.typemap blib/arch/Cairo/Install/cairo-perl-auto.typemap
cp cairo-perl.typemap blib/arch/Cairo/Install/cairo-perl.typemap
cp doctypes blib/arch/Cairo/Install/doctypes
cp build/IFiles.pm blib/arch/Cairo/Install/Files.pm
cp build/cairo-perl-auto.h blib/arch/Cairo/Install/cairo-perl-auto.h
"/usr/bin/perl" "/usr/share/perl/5.30/ExtUtils/xsubpp" -noprototypes -typemap '/usr/share/perl/5.30/ExtUtils/typemap' -typemap '/<<PKGBUILDDIR>>/build/cairo-perl-auto.typemap' -typemap '/<<PKGBUILDDIR>>/cairo-perl.typemap'  CairoPath.xs > CairoPath.xsc
mv CairoMatrix.xsc CairoMatrix.c
"/usr/bin/perl" "/usr/share/perl/5.30/ExtUtils/xsubpp" -noprototypes -typemap '/usr/share/perl/5.30/ExtUtils/typemap' -typemap '/<<PKGBUILDDIR>>/build/cairo-perl-auto.typemap' -typemap '/<<PKGBUILDDIR>>/cairo-perl.typemap'  CairoPattern.xs > CairoPattern.xsc
mv CairoFont.xsc CairoFont.c
mv CairoPath.xsc CairoPath.c
"/usr/bin/perl" "/usr/share/perl/5.30/ExtUtils/xsubpp" -noprototypes -typemap '/usr/share/perl/5.30/ExtUtils/typemap' -typemap '/<<PKGBUILDDIR>>/build/cairo-perl-auto.typemap' -typemap '/<<PKGBUILDDIR>>/cairo-perl.typemap'  CairoSurface.xs > CairoSurface.xsc
"/usr/bin/perl" "/usr/share/perl/5.30/ExtUtils/xsubpp" -noprototypes -typemap '/usr/share/perl/5.30/ExtUtils/typemap' -typemap '/<<PKGBUILDDIR>>/build/cairo-perl-auto.typemap' -typemap '/<<PKGBUILDDIR>>/cairo-perl.typemap'  CairoRegion.xs > CairoRegion.xsc
mv Cairo.xsc Cairo.c
"/usr/bin/perl" "/usr/share/perl/5.30/ExtUtils/xsubpp" -noprototypes -typemap '/usr/share/perl/5.30/ExtUtils/typemap' -typemap '/<<PKGBUILDDIR>>/build/cairo-perl-auto.typemap' -typemap '/<<PKGBUILDDIR>>/cairo-perl.typemap'  CairoFt.xs > CairoFt.xsc
mv CairoPattern.xsc CairoPattern.c
x86_64-linux-gnu-gcc -c  -I. -Ibuild -I/usr/include/cairo -I/usr/include/glib-2.0 -I/usr/lib/x86_64-linux-gnu/glib-2.0/include -I/usr/include/pixman-1 -I/usr/include/uuid -I/usr/include/freetype2 -I/usr/include/libpng16 -D_REENTRANT -D_GNU_SOURCE -DDEBIAN -fwrapv -fno-strict-aliasing -pipe -I/usr/local/include -D_LARGEFILE_SOURCE -D_FILE_OFFSET_BITS=64 -g -O2 -fdebug-prefix-map=/<<PKGBUILDDIR>>=. -fstack-protector-strong -Wformat -Werror=format-security -Wdate-time -D_FORTIFY_SOURCE=2   -DVERSION=\"1.107\" -DXS_VERSION=\"1.107\" -fPIC "-I/usr/lib/x86_64-linux-gnu/perl/5.30/CORE"   cairo-perl-enums.c
mv CairoRegion.xsc CairoRegion.c
mv CairoSurface.xsc CairoSurface.c
x86_64-linux-gnu-gcc -c  -I. -Ibuild -I/usr/include/cairo -I/usr/include/glib-2.0 -I/usr/lib/x86_64-linux-gnu/glib-2.0/include -I/usr/include/pixman-1 -I/usr/include/uuid -I/usr/include/freetype2 -I/usr/include/libpng16 -D_REENTRANT -D_GNU_SOURCE -DDEBIAN -fwrapv -fno-strict-aliasing -pipe -I/usr/local/include -D_LARGEFILE_SOURCE -D_FILE_OFFSET_BITS=64 -g -O2 -fdebug-prefix-map=/<<PKGBUILDDIR>>=. -fstack-protector-strong -Wformat -Werror=format-security -Wdate-time -D_FORTIFY_SOURCE=2   -DVERSION=\"1.107\" -DXS_VERSION=\"1.107\" -fPIC "-I/usr/lib/x86_64-linux-gnu/perl/5.30/CORE"   cairo-perl-flags.c
mv CairoFt.xsc CairoFt.c
x86_64-linux-gnu-gcc -c  -I. -Ibuild -I/usr/include/cairo -I/usr/include/glib-2.0 -I/usr/lib/x86_64-linux-gnu/glib-2.0/include -I/usr/include/pixman-1 -I/usr/include/uuid -I/usr/include/freetype2 -I/usr/include/libpng16 -D_REENTRANT -D_GNU_SOURCE -DDEBIAN -fwrapv -fno-strict-aliasing -pipe -I/usr/local/include -D_LARGEFILE_SOURCE -D_FILE_OFFSET_BITS=64 -g -O2 -fdebug-prefix-map=/<<PKGBUILDDIR>>=. -fstack-protector-strong -Wformat -Werror=format-security -Wdate-time -D_FORTIFY_SOURCE=2   -DVERSION=\"1.107\" -DXS_VERSION=\"1.107\" -fPIC "-I/usr/lib/x86_64-linux-gnu/perl/5.30/CORE"   Cairo.c
"/usr/bin/perl" -MExtUtils::Command::MM -e 'cp_nonempty' -- Cairo.bs blib/arch/auto/Cairo/Cairo.bs 644
x86_64-linux-gnu-gcc -c  -I. -Ibuild -I/usr/include/cairo -I/usr/include/glib-2.0 -I/usr/lib/x86_64-linux-gnu/glib-2.0/include -I/usr/include/pixman-1 -I/usr/include/uuid -I/usr/include/freetype2 -I/usr/include/libpng16 -D_REENTRANT -D_GNU_SOURCE -DDEBIAN -fwrapv -fno-strict-aliasing -pipe -I/usr/local/include -D_LARGEFILE_SOURCE -D_FILE_OFFSET_BITS=64 -g -O2 -fdebug-prefix-map=/<<PKGBUILDDIR>>=. -fstack-protector-strong -Wformat -Werror=format-security -Wdate-time -D_FORTIFY_SOURCE=2   -DVERSION=\"1.107\" -DXS_VERSION=\"1.107\" -fPIC "-I/usr/lib/x86_64-linux-gnu/perl/5.30/CORE"   CairoFont.c
x86_64-linux-gnu-gcc -c  -I. -Ibuild -I/usr/include/cairo -I/usr/include/glib-2.0 -I/usr/lib/x86_64-linux-gnu/glib-2.0/include -I/usr/include/pixman-1 -I/usr/include/uuid -I/usr/include/freetype2 -I/usr/include/libpng16 -D_REENTRANT -D_GNU_SOURCE -DDEBIAN -fwrapv -fno-strict-aliasing -pipe -I/usr/local/include -D_LARGEFILE_SOURCE -D_FILE_OFFSET_BITS=64 -g -O2 -fdebug-prefix-map=/<<PKGBUILDDIR>>=. -fstack-protector-strong -Wformat -Werror=format-security -Wdate-time -D_FORTIFY_SOURCE=2   -DVERSION=\"1.107\" -DXS_VERSION=\"1.107\" -fPIC "-I/usr/lib/x86_64-linux-gnu/perl/5.30/CORE"   CairoMatrix.c
x86_64-linux-gnu-gcc -c  -I. -Ibuild -I/usr/include/cairo -I/usr/include/glib-2.0 -I/usr/lib/x86_64-linux-gnu/glib-2.0/include -I/usr/include/pixman-1 -I/usr/include/uuid -I/usr/include/freetype2 -I/usr/include/libpng16 -D_REENTRANT -D_GNU_SOURCE -DDEBIAN -fwrapv -fno-strict-aliasing -pipe -I/usr/local/include -D_LARGEFILE_SOURCE -D_FILE_OFFSET_BITS=64 -g -O2 -fdebug-prefix-map=/<<PKGBUILDDIR>>=. -fstack-protector-strong -Wformat -Werror=format-security -Wdate-time -D_FORTIFY_SOURCE=2   -DVERSION=\"1.107\" -DXS_VERSION=\"1.107\" -fPIC "-I/usr/lib/x86_64-linux-gnu/perl/5.30/CORE"   CairoPath.c
x86_64-linux-gnu-gcc -c  -I. -Ibuild -I/usr/include/cairo -I/usr/include/glib-2.0 -I/usr/lib/x86_64-linux-gnu/glib-2.0/include -I/usr/include/pixman-1 -I/usr/include/uuid -I/usr/include/freetype2 -I/usr/include/libpng16 -D_REENTRANT -D_GNU_SOURCE -DDEBIAN -fwrapv -fno-strict-aliasing -pipe -I/usr/local/include -D_LARGEFILE_SOURCE -D_FILE_OFFSET_BITS=64 -g -O2 -fdebug-prefix-map=/<<PKGBUILDDIR>>=. -fstack-protector-strong -Wformat -Werror=format-security -Wdate-time -D_FORTIFY_SOURCE=2   -DVERSION=\"1.107\" -DXS_VERSION=\"1.107\" -fPIC "-I/usr/lib/x86_64-linux-gnu/perl/5.30/CORE"   CairoPattern.c
x86_64-linux-gnu-gcc -c  -I. -Ibuild -I/usr/include/cairo -I/usr/include/glib-2.0 -I/usr/lib/x86_64-linux-gnu/glib-2.0/include -I/usr/include/pixman-1 -I/usr/include/uuid -I/usr/include/freetype2 -I/usr/include/libpng16 -D_REENTRANT -D_GNU_SOURCE -DDEBIAN -fwrapv -fno-strict-aliasing -pipe -I/usr/local/include -D_LARGEFILE_SOURCE -D_FILE_OFFSET_BITS=64 -g -O2 -fdebug-prefix-map=/<<PKGBUILDDIR>>=. -fstack-protector-strong -Wformat -Werror=format-security -Wdate-time -D_FORTIFY_SOURCE=2   -DVERSION=\"1.107\" -DXS_VERSION=\"1.107\" -fPIC "-I/usr/lib/x86_64-linux-gnu/perl/5.30/CORE"   CairoSurface.c
x86_64-linux-gnu-gcc -c  -I. -Ibuild -I/usr/include/cairo -I/usr/include/glib-2.0 -I/usr/lib/x86_64-linux-gnu/glib-2.0/include -I/usr/include/pixman-1 -I/usr/include/uuid -I/usr/include/freetype2 -I/usr/include/libpng16 -D_REENTRANT -D_GNU_SOURCE -DDEBIAN -fwrapv -fno-strict-aliasing -pipe -I/usr/local/include -D_LARGEFILE_SOURCE -D_FILE_OFFSET_BITS=64 -g -O2 -fdebug-prefix-map=/<<PKGBUILDDIR>>=. -fstack-protector-strong -Wformat -Werror=format-security -Wdate-time -D_FORTIFY_SOURCE=2   -DVERSION=\"1.107\" -DXS_VERSION=\"1.107\" -fPIC "-I/usr/lib/x86_64-linux-gnu/perl/5.30/CORE"   CairoRegion.c
x86_64-linux-gnu-gcc -c  -I. -Ibuild -I/usr/include/cairo -I/usr/include/glib-2.0 -I/usr/lib/x86_64-linux-gnu/glib-2.0/include -I/usr/include/pixman-1 -I/usr/include/uuid -I/usr/include/freetype2 -I/usr/include/libpng16 -D_REENTRANT -D_GNU_SOURCE -DDEBIAN -fwrapv -fno-strict-aliasing -pipe -I/usr/local/include -D_LARGEFILE_SOURCE -D_FILE_OFFSET_BITS=64 -g -O2 -fdebug-prefix-map=/<<PKGBUILDDIR>>=. -fstack-protector-strong -Wformat -Werror=format-security -Wdate-time -D_FORTIFY_SOURCE=2   -DVERSION=\"1.107\" -DXS_VERSION=\"1.107\" -fPIC "-I/usr/lib/x86_64-linux-gnu/perl/5.30/CORE"   CairoFt.c
rm -f blib/arch/auto/Cairo/Cairo.so
x86_64-linux-gnu-gcc -g -O2 -fdebug-prefix-map=/<<PKGBUILDDIR>>=. -fstack-protector-strong -Wformat -Werror=format-security -Wl,-z,relro -Wl,-z,now  -shared -L/usr/local/lib -fstack-protector-strong  Cairo.o CairoFont.o CairoMatrix.o CairoPath.o CairoPattern.o CairoSurface.o CairoRegion.o CairoFt.o cairo-perl-enums.o cairo-perl-flags.o  -o blib/arch/auto/Cairo/Cairo.so  \
   -lcairo -lfreetype   \
  
chmod 755 blib/arch/auto/Cairo/Cairo.so
Manifying 1 pod document
make[1]: Leaving directory '/<<PKGBUILDDIR>>'
   dh_auto_test
	make -j4 test TEST_VERBOSE=1
make[1]: Entering directory '/<<PKGBUILDDIR>>'
"/usr/bin/perl" -MExtUtils::Command::MM -e 'cp_nonempty' -- Cairo.bs blib/arch/auto/Cairo/Cairo.bs 644
PERL_DL_NONLAZY=1 "/usr/bin/perl" "-MExtUtils::Command::MM" "-MTest::Harness" "-e" "undef *Test::Harness::Switches; test_harness(1, 'blib/lib', 'blib/arch')" t/*.t
t/00-loading.t .... 
1..18
ok 1
ok 2
ok 3
ok 4
ok 5
ok 6
ok 7
ok 8
ok 9
ok 10
ok 11
ok 12
ok 13
ok 14
ok 15
ok 16
ok 17
ok 18
ok
t/Cairo.t ......... 
1..72
ok 1 - An object of class 'Cairo::ImageSurface' isa 'Cairo::Surface'
ok 2 - An object of class 'Cairo::Context' isa 'Cairo::Context'
ok 3 - An object of class 'Cairo::ImageSurface' isa 'Cairo::Surface'
ok 4 - An object of class 'Cairo::SurfacePattern' isa 'Cairo::Pattern'
ok 5
ok 6
ok 7
ok 8
ok 9
ok 10
ok 11
ok 12
ok 13
ok 14
ok 15
ok 16
ok 17 - An object of class 'Cairo::Matrix' isa 'Cairo::Matrix'
ok 18 - An object of class 'Cairo::Matrix' isa 'Cairo::Matrix'
ok 19
ok 20
ok 21
ok 22
ok 23
ok 24
ok 25
ok 26
ok 27
ok 28
ok 29
ok 30
ok 31
ok 32
ok 33
ok 34
ok 35
ok 36
ok 37
ok 38
ok 39 - An object of class 'Cairo::Matrix' isa 'Cairo::Matrix'
ok 40
ok 41
ok 42 - An object of class 'Cairo::ToyFontFace' isa 'Cairo::FontFace'
ok 43 - A reference of type 'HASH' isa 'HASH'
ok 44
ok 45
ok 46
ok 47
ok 48
ok 49 - A reference of type 'HASH' isa 'HASH'
ok 50
ok 51
ok 52
ok 53
ok 54
ok 55
ok 56 - A reference of type 'HASH' isa 'HASH'
ok 57
ok 58
ok 59
ok 60
ok 61
ok 62
ok 63 - An object of class 'Cairo::ScaledFont' isa 'Cairo::ScaledFont'
ok 64 - An object of class 'Cairo::SurfacePattern' isa 'Cairo::Pattern'
ok 65
ok 66
ok 67 - An object of class 'Cairo::ImageSurface' isa 'Cairo::Surface'
ok 68 - An object of class 'Cairo::Path' isa 'ARRAY'
ok 69 - An object of class 'Cairo::Path' isa 'ARRAY'
ok 70
ok 71
ok 72
ok
t/CairoFont.t ..... 
1..29
ok 1 - An object of class 'Cairo::FontOptions' isa 'Cairo::FontOptions'
ok 2
ok 3
ok 4
ok 5
ok 6
ok 7
ok 8
ok 9
ok 10
ok 11 - An object of class 'Cairo::ScaledFont' isa 'Cairo::ScaledFont'
ok 12 - A reference of type 'HASH' isa 'HASH'
ok 13 - A reference of type 'HASH' isa 'HASH'
ok 14
ok 15
ok 16
ok 17 - A reference of type 'HASH' isa 'HASH'
ok 18 - An object of class 'Cairo::ToyFontFace' isa 'Cairo::FontFace'
ok 19 - An object of class 'Cairo::Matrix' isa 'Cairo::Matrix'
ok 20 - An object of class 'Cairo::Matrix' isa 'Cairo::Matrix'
ok 21 - An object of class 'Cairo::FontOptions' isa 'Cairo::FontOptions'
ok 22 - An object of class 'Cairo::Matrix' isa 'Cairo::Matrix'
ok 23
ok 24 - An object of class 'Cairo::ToyFontFace' isa 'Cairo::ToyFontFace'
ok 25 - An object of class 'Cairo::ToyFontFace' isa 'Cairo::FontFace'
ok 26
ok 27
ok 28
ok 29
ok
t/CairoFt.t ....... 
1..3
ok 1 - An object of class 'Cairo::FtFontFace' isa 'Cairo::FtFontFace'
ok 2 - An object of class 'Cairo::FtFontFace' isa 'Cairo::FontFace'
ok 3
ok
t/CairoMatrix.t ... 
1..10
ok 1 - An object of class 'Cairo::Matrix' isa 'Cairo::Matrix'
ok 2 - An object of class 'Cairo::Matrix' isa 'Cairo::Matrix'
ok 3 - An object of class 'Cairo::Matrix' isa 'Cairo::Matrix'
ok 4 - An object of class 'Cairo::Matrix' isa 'Cairo::Matrix'
ok 5 - An object of class 'Cairo::Matrix' isa 'Cairo::Matrix'
ok 6 - translate, scale, rotate
ok 7
ok 8 - An object of class 'Cairo::Matrix' isa 'Cairo::Matrix'
ok 9 - $id->transform_distance
ok 10 - $id->transform_point
ok
t/CairoPath.t ..... 
1..18
ok 1
ok 2
ok 3
ok 4
ok 5
ok 6
ok 7
ok 8
ok 9
ok 10
ok 11
ok 12
ok 13
ok 14
ok 15
ok 16
ok 17
ok 18
ok
t/CairoPattern.t .. 
1..48
ok 1 - An object of class 'Cairo::SolidPattern' isa 'Cairo::SolidPattern'
ok 2 - An object of class 'Cairo::SolidPattern' isa 'Cairo::Pattern'
ok 3 - Cairo::SolidPattern set|get_extend
ok 4 - Cairo::SolidPattern set|get_filter
ok 5 - 'Cairo::SolidPattern set|get_matrix' isa 'Cairo::Matrix'
ok 6 - Cairo::SolidPattern status
ok 7 - An object of class 'Cairo::SolidPattern' isa 'Cairo::SolidPattern'
ok 8 - An object of class 'Cairo::SolidPattern' isa 'Cairo::Pattern'
ok 9 - Cairo::SolidPattern set|get_extend
ok 10 - Cairo::SolidPattern set|get_filter
ok 11 - 'Cairo::SolidPattern set|get_matrix' isa 'Cairo::Matrix'
ok 12 - Cairo::SolidPattern status
ok 13 - An object of class 'Cairo::SurfacePattern' isa 'Cairo::SurfacePattern'
ok 14 - An object of class 'Cairo::SurfacePattern' isa 'Cairo::Pattern'
ok 15 - Cairo::SurfacePattern set|get_extend
ok 16 - Cairo::SurfacePattern set|get_filter
ok 17 - 'Cairo::SurfacePattern set|get_matrix' isa 'Cairo::Matrix'
ok 18 - Cairo::SurfacePattern status
ok 19 - An object of class 'Cairo::LinearGradient' isa 'Cairo::LinearGradient'
ok 20 - An object of class 'Cairo::LinearGradient' isa 'Cairo::Pattern'
ok 21 - Cairo::LinearGradient set|get_extend
ok 22 - Cairo::LinearGradient set|get_filter
ok 23 - 'Cairo::LinearGradient set|get_matrix' isa 'Cairo::Matrix'
ok 24 - Cairo::LinearGradient status
ok 25 - An object of class 'Cairo::LinearGradient' isa 'Cairo::Gradient'
ok 26
ok 27 - An object of class 'Cairo::RadialGradient' isa 'Cairo::RadialGradient'
ok 28 - An object of class 'Cairo::RadialGradient' isa 'Cairo::Pattern'
ok 29 - Cairo::RadialGradient set|get_extend
ok 30 - Cairo::RadialGradient set|get_filter
ok 31 - 'Cairo::RadialGradient set|get_matrix' isa 'Cairo::Matrix'
ok 32 - Cairo::RadialGradient status
ok 33 - An object of class 'Cairo::RadialGradient' isa 'Cairo::Gradient'
ok 34
ok 35
ok 36
ok 37
ok 38
ok 39
ok 40
ok 41 - An object of class 'Cairo::ImageSurface' isa 'Cairo::ImageSurface'
ok 42
ok 43
ok 44
ok 45
ok 46
ok 47
ok 48
ok
t/CairoRegion.t ... 
1..19
ok 1 - An object of class 'Cairo::Region' isa 'Cairo::Region'
ok 2 - An object of class 'Cairo::Region' isa 'Cairo::Region'
ok 3 - An object of class 'Cairo::Region' isa 'Cairo::Region'
ok 4
ok 5
ok 6
ok 7
ok 8
ok 9
ok 10
ok 11
ok 12 - intersect
ok 13 - intersect_rectangle
ok 14 - subtract
ok 15 - subtract_rectangle
ok 16 - union
ok 17 - union_rectangle
ok 18 - xor
ok 19 - xor_rectangle
ok
t/CairoSurface.t .. 
1..89
ok 1 - An object of class 'Cairo::ImageSurface' isa 'Cairo::ImageSurface'
ok 2 - An object of class 'Cairo::ImageSurface' isa 'Cairo::Surface'
ok 3
ok 4
ok 5
ok 6
ok 7 - An object of class 'Cairo::ImageSurface' isa 'Cairo::ImageSurface'
ok 8 - An object of class 'Cairo::ImageSurface' isa 'Cairo::Surface'
ok 9
ok 10
ok 11
ok 12 - Skipping get_data test; unknown endianness
ok 13 - An object of class 'Cairo::ImageSurface' isa 'Cairo::ImageSurface'
ok 14 - An object of class 'Cairo::ImageSurface' isa 'Cairo::Surface'
ok 15 - An object of class 'Cairo::ImageSurface' isa 'Cairo::ImageSurface'
ok 16 - An object of class 'Cairo::ImageSurface' isa 'Cairo::Surface'
ok 17
ok 18
ok 19
ok 20
ok 21
ok 22
ok 23
ok 24 - An object of class 'Cairo::FontOptions' isa 'Cairo::FontOptions'
ok 25
ok 26
ok 27
ok 28 - An object of class 'Cairo::ImageSurface' isa 'Cairo::Surface'
ok 29
ok 30
ok 31
ok 32
ok 33
ok 34
ok 35
ok 36 - An object of class 'Cairo::ImageSurface' isa 'Cairo::ImageSurface'
ok 37 - An object of class 'Cairo::ImageSurface' isa 'Cairo::Surface'
ok 38 - An object of class 'Cairo::ImageSurface' isa 'Cairo::ImageSurface'
ok 39 - An object of class 'Cairo::ImageSurface' isa 'Cairo::Surface'
ok 40
ok 41
ok 42 - An object of class 'Cairo::ImageSurface' isa 'Cairo::ImageSurface'
ok 43 - An object of class 'Cairo::ImageSurface' isa 'Cairo::Surface'
ok 44
ok 45 - An object of class 'Cairo::PdfSurface' isa 'Cairo::PdfSurface'
ok 46 - An object of class 'Cairo::PdfSurface' isa 'Cairo::Surface'
ok 47 - An object of class 'Cairo::RecordingSurface' isa 'Cairo::Surface'
ok 48 - An object of class 'Cairo::PdfSurface' isa 'Cairo::PdfSurface'
ok 49 - An object of class 'Cairo::PdfSurface' isa 'Cairo::Surface'
ok 50
ok 51
ok 52
ok 53
ok 54
ok 55
ok 56
ok 57
ok 58
ok 59 - An object of class 'Cairo::PsSurface' isa 'Cairo::PsSurface'
ok 60 - An object of class 'Cairo::PsSurface' isa 'Cairo::Surface'
ok 61 - An object of class 'Cairo::ImageSurface' isa 'Cairo::Surface'
ok 62 - An object of class 'Cairo::PsSurface' isa 'Cairo::PsSurface'
ok 63 - An object of class 'Cairo::PsSurface' isa 'Cairo::Surface'
ok 64
ok 65
ok 66
ok 67
ok 68
ok 69
ok 70
ok 71
ok 72
ok 73 - An object of class 'Cairo::SvgSurface' isa 'Cairo::SvgSurface'
ok 74 - An object of class 'Cairo::SvgSurface' isa 'Cairo::Surface'
ok 75 - An object of class 'Cairo::SvgSurface' isa 'Cairo::SvgSurface'
ok 76 - An object of class 'Cairo::SvgSurface' isa 'Cairo::Surface'
ok 77
ok 78
ok 79
ok 80
ok 81
ok 82
ok 83
ok 84
ok 85 - An object of class 'Cairo::RecordingSurface' isa 'Cairo::RecordingSurface'
ok 86 - An object of class 'Cairo::RecordingSurface' isa 'Cairo::Surface'
ok 87
ok 88 - An object of class 'Cairo::RecordingSurface' isa 'Cairo::RecordingSurface'
ok 89 - An object of class 'Cairo::RecordingSurface' isa 'Cairo::Surface'
ok
All tests successful.
Files=9, Tests=306,  0 wallclock secs ( 0.06 usr  0.00 sys +  0.47 cusr  0.07 csys =  0.60 CPU)
Result: PASS
make[1]: Leaving directory '/<<PKGBUILDDIR>>'
   create-stamp debian/debhelper-build-stamp
   dh_testroot
   dh_prep
   dh_auto_install
	make -j4 install DESTDIR=/<<PKGBUILDDIR>>/debian/libcairo-perl AM_UPDATE_INFO_DIR=no PREFIX=/usr
make[1]: Entering directory '/<<PKGBUILDDIR>>'
"/usr/bin/perl" -MExtUtils::Command::MM -e 'cp_nonempty' -- Cairo.bs blib/arch/auto/Cairo/Cairo.bs 644
Manifying 1 pod document
Files found in blib/arch: installing files in blib/lib into architecture dependent library tree
Installing /<<PKGBUILDDIR>>/debian/libcairo-perl/usr/lib/x86_64-linux-gnu/perl5/5.30/Cairo/Install/cairo-perl-auto.typemap
Installing /<<PKGBUILDDIR>>/debian/libcairo-perl/usr/lib/x86_64-linux-gnu/perl5/5.30/Cairo/Install/cairo-perl-auto.h
Installing /<<PKGBUILDDIR>>/debian/libcairo-perl/usr/lib/x86_64-linux-gnu/perl5/5.30/Cairo/Install/doctypes
Installing /<<PKGBUILDDIR>>/debian/libcairo-perl/usr/lib/x86_64-linux-gnu/perl5/5.30/Cairo/Install/cairo-perl.typemap
Installing /<<PKGBUILDDIR>>/debian/libcairo-perl/usr/lib/x86_64-linux-gnu/perl5/5.30/Cairo/Install/Files.pm
Installing /<<PKGBUILDDIR>>/debian/libcairo-perl/usr/lib/x86_64-linux-gnu/perl5/5.30/Cairo/Install/cairo-perl.h
Installing /<<PKGBUILDDIR>>/debian/libcairo-perl/usr/lib/x86_64-linux-gnu/perl5/5.30/auto/Cairo/Cairo.so
Installing /<<PKGBUILDDIR>>/debian/libcairo-perl/usr/lib/x86_64-linux-gnu/perl5/5.30/Cairo.pm
Installing /<<PKGBUILDDIR>>/debian/libcairo-perl/usr/share/man/man3/Cairo.3pm
make[1]: Leaving directory '/<<PKGBUILDDIR>>'
   dh_installdocs
   debian/rules override_dh_installchangelogs
make[1]: Entering directory '/<<PKGBUILDDIR>>'
dh_installchangelogs NEWS
make[1]: Leaving directory '/<<PKGBUILDDIR>>'
   debian/rules override_dh_installexamples
make[1]: Entering directory '/<<PKGBUILDDIR>>'
dh_installexamples
sed -i '1s|^#!/usr/bin/env perl|#!/usr/bin/perl|' /<<PKGBUILDDIR>>/debian/libcairo-perl/usr/share/doc/libcairo-perl/examples/glyph-text.pl
make[1]: Leaving directory '/<<PKGBUILDDIR>>'
   dh_installman
   dh_lintian
   dh_perl
   dh_link
   dh_strip_nondeterminism
   dh_compress
   dh_fixperms
   dh_missing
   dh_dwz
   dh_strip
   dh_makeshlibs
   dh_shlibdeps
dpkg-shlibdeps: warning: package could avoid a useless dependency if debian/libcairo-perl/usr/lib/x86_64-linux-gnu/perl5/5.30/auto/Cairo/Cairo.so was not linked against libfreetype.so.6 (it uses none of the library's symbols)
   dh_installdeb
   dh_gencontrol
   dh_md5sums
   dh_builddeb
dpkg-deb: building package 'libcairo-perl-dbgsym' in '../libcairo-perl-dbgsym_1.107-1_amd64.deb'.
dpkg-deb: building package 'libcairo-perl' in '../libcairo-perl_1.107-1_amd64.deb'.
 dpkg-genbuildinfo --build=binary
 dpkg-genchanges --build=binary >../libcairo-perl_1.107-1_amd64.changes
dpkg-genchanges: info: binary-only upload (no source code included)
 dpkg-source --after-build .
dpkg-buildpackage: info: binary-only upload (no source included)
--------------------------------------------------------------------------------
Build finished at 2020-02-25T06:32:28Z

Finished
--------

I: Built successfully

+------------------------------------------------------------------------------+
| Changes                                                                      |
+------------------------------------------------------------------------------+


libcairo-perl_1.107-1_amd64.changes:
------------------------------------

Format: 1.8
Date: Sat, 12 Oct 2019 17:07:13 +0000
Source: libcairo-perl
Binary: libcairo-perl libcairo-perl-dbgsym
Architecture: amd64
Version: 1.107-1
Distribution: unstable
Urgency: medium
Maintainer: Debian Perl Group <pkg-perl-maintainers@lists.alioth.debian.org>
Changed-By: intrigeri <intrigeri@debian.org>
Description:
 libcairo-perl - Perl interface to the Cairo graphics library
Changes:
 libcairo-perl (1.107-1) unstable; urgency=medium
 .
   * Import upstream version 1.107
   * Bump debhelper compatibility level to 12
   * Declare compliance with policy 4.4.1
   * Make dependencies provided by perl explicit
   * Declare that debian/rules does not need (fake)root
   * Fix buggy Lintian override
Checksums-Sha1:
 05108b58bd6d4c8c62800518cdded703eab4263a 104428 libcairo-perl-dbgsym_1.107-1_amd64.deb
 1feda2be9b3971da81c5203c0e1d82d387c0038a 7792 libcairo-perl_1.107-1_amd64.buildinfo
 817e3eab09e70df4667be3b788c56cb53862f1f5 92292 libcairo-perl_1.107-1_amd64.deb
Checksums-Sha256:
 087672695f3a851194a947e0f1bb5571b56c323394e06f136e4b27af2e9d2848 104428 libcairo-perl-dbgsym_1.107-1_amd64.deb
 8d1c335ca154c4ec0ba05c1a6ae7e93024cd4a7348e42663e2dacc4b3422eabe 7792 libcairo-perl_1.107-1_amd64.buildinfo
 836c43c190ef8c6593c553f4f0b2977b623d1ed068ee8aed22e325762b55f136 92292 libcairo-perl_1.107-1_amd64.deb
Files:
 8601c14cb4896449833194b098d9209d 104428 debug optional libcairo-perl-dbgsym_1.107-1_amd64.deb
 49efe584b5160dc528ce797da1ac07d3 7792 perl optional libcairo-perl_1.107-1_amd64.buildinfo
 096a72e49d8c137f687120c476ace6df 92292 perl optional libcairo-perl_1.107-1_amd64.deb

+------------------------------------------------------------------------------+
| Buildinfo                                                                    |
+------------------------------------------------------------------------------+

Format: 1.0
Source: libcairo-perl
Binary: libcairo-perl
Architecture: amd64
Version: 1.107-1
Checksums-Md5:
 8601c14cb4896449833194b098d9209d 104428 libcairo-perl-dbgsym_1.107-1_amd64.deb
 096a72e49d8c137f687120c476ace6df 92292 libcairo-perl_1.107-1_amd64.deb
Checksums-Sha1:
 05108b58bd6d4c8c62800518cdded703eab4263a 104428 libcairo-perl-dbgsym_1.107-1_amd64.deb
 817e3eab09e70df4667be3b788c56cb53862f1f5 92292 libcairo-perl_1.107-1_amd64.deb
Checksums-Sha256:
 087672695f3a851194a947e0f1bb5571b56c323394e06f136e4b27af2e9d2848 104428 libcairo-perl-dbgsym_1.107-1_amd64.deb
 836c43c190ef8c6593c553f4f0b2977b623d1ed068ee8aed22e325762b55f136 92292 libcairo-perl_1.107-1_amd64.deb
Build-Origin: Debian
Build-Architecture: amd64
Build-Date: Tue, 25 Feb 2020 06:32:27 +0000
Build-Path: /<<PKGBUILDDIR>>
Installed-Build-Depends:
 autoconf (= 2.69-11.1),
 automake (= 1:1.16.1-4),
 autopoint (= 0.19.8.1-10),
 autotools-dev (= 20180224.1),
 base-files (= 11),
 base-passwd (= 3.5.47),
 bash (= 5.0-5),
 binutils (= 2.34-3),
 binutils-common (= 2.34-3),
 binutils-x86-64-linux-gnu (= 2.34-3),
 bsdmainutils (= 11.1.2+b1),
 bsdutils (= 1:2.34-0.1),
 build-essential (= 12.8),
 bzip2 (= 1.0.8-2),
 clang-9 (= 1:9.0.1-8),
 coreutils (= 8.30-3+b1),
 cpp (= 4:9.2.1-3.1),
 cpp-9 (= 9.2.1-29),
 dash (= 0.5.10.2-6),
 debconf (= 1.5.73),
 debhelper (= 12.9),
 debianutils (= 4.9.1),
 dh-autoreconf (= 19),
 dh-strip-nondeterminism (= 1.6.3-2),
 diffutils (= 1:3.7-3),
 dpkg (= 1.19.7),
 dpkg-dev (= 1.19.7),
 dwz (= 0.13-5),
 fdisk (= 2.34-0.1),
 file (= 1:5.38-4),
 findutils (= 4.7.0-1),
 fontconfig-config (= 2.13.1-2),
 fonts-dejavu-core (= 2.37-1),
 g++ (= 4:9.2.1-3.1),
 g++-9 (= 9.2.1-29),
 gcc (= 4:9.2.1-3.1),
 gcc-10-base (= 10-20200222-1),
 gcc-8-base (= 8.3.0-29),
 gcc-9 (= 9.2.1-29),
 gcc-9-base (= 9.2.1-29),
 gettext (= 0.19.8.1-10),
 gettext-base (= 0.19.8.1-10),
 grep (= 3.4-1),
 groff-base (= 1.22.4-4),
 gzip (= 1.9-3+b1),
 hostname (= 3.23),
 init-system-helpers (= 1.57),
 intltool-debian (= 0.35.0+20060710.5),
 lib32gcc-s1 (= 10-20200222-1),
 lib32gcc1 (= 1:10-20200222-1),
 lib32stdc++6 (= 10-20200222-1),
 libacl1 (= 2.2.53-5),
 libarchive-zip-perl (= 1.67-1),
 libasan5 (= 9.2.1-29),
 libatomic1 (= 10-20200222-1),
 libattr1 (= 1:2.4.48-5),
 libaudit-common (= 1:2.8.5-2),
 libaudit1 (= 1:2.8.5-2+b1),
 libbinutils (= 2.34-3),
 libblkid-dev (= 2.34-0.1),
 libblkid1 (= 2.34-0.1),
 libbsd0 (= 0.10.0-1),
 libbz2-1.0 (= 1.0.8-2),
 libc-bin (= 2.29-10),
 libc-dev-bin (= 2.29-10),
 libc6 (= 2.29-10),
 libc6-dev (= 2.29-10),
 libc6-i386 (= 2.29-10),
 libcairo-gobject2 (= 1.16.0-4),
 libcairo-script-interpreter2 (= 1.16.0-4),
 libcairo2 (= 1.16.0-4),
 libcairo2-dev (= 1.16.0-4),
 libcap-ng0 (= 0.7.9-2.1+b1),
 libcc1-0 (= 10-20200222-1),
 libclang-common-9-dev (= 1:9.0.1-8),
 libclang-cpp9 (= 1:9.0.1-8),
 libcroco3 (= 0.6.13-1),
 libcrypt-dev (= 1:4.4.10-10),
 libcrypt1 (= 1:4.4.10-10),
 libctf-nobfd0 (= 2.34-3),
 libctf0 (= 2.34-3),
 libdb5.3 (= 5.3.28+dfsg1-0.6),
 libdebconfclient0 (= 0.251),
 libdebhelper-perl (= 12.9),
 libdpkg-perl (= 1.19.7),
 libedit2 (= 3.1-20191231-1),
 libelf1 (= 0.176-1.1),
 libexpat1 (= 2.2.9-1),
 libexpat1-dev (= 2.2.9-1),
 libextutils-depends-perl (= 0.8000-1),
 libextutils-pkgconfig-perl (= 1.16-1),
 libfdisk1 (= 2.34-0.1),
 libffi-dev (= 3.3-3),
 libffi7 (= 3.3-3),
 libfile-stripnondeterminism-perl (= 1.6.3-2),
 libfont-freetype-perl (= 0.13-1),
 libfontconfig1 (= 2.13.1-2+b1),
 libfontconfig1-dev (= 2.13.1-2+b1),
 libfreetype-dev (= 2.10.1-2),
 libfreetype6 (= 2.10.1-2),
 libfreetype6-dev (= 2.10.1-2),
 libgc1c2 (= 1:7.6.4-0.4),
 libgcc-8-dev (= 8.3.0-29),
 libgcc-9-dev (= 9.2.1-29),
 libgcc-s1 (= 10-20200222-1),
 libgcc1 (= 1:10-20200222-1),
 libgcrypt20 (= 1.8.5-5),
 libgdbm-compat4 (= 1.18.1-5),
 libgdbm6 (= 1.18.1-5),
 libglib2.0-0 (= 2.62.4-2),
 libglib2.0-bin (= 2.62.4-2),
 libglib2.0-data (= 2.62.4-2),
 libglib2.0-dev (= 2.62.4-2),
 libglib2.0-dev-bin (= 2.62.4-2),
 libgmp10 (= 2:6.2.0+dfsg-4),
 libgomp1 (= 10-20200222-1),
 libgpg-error0 (= 1.37-1),
 libice-dev (= 2:1.0.9-2),
 libice6 (= 2:1.0.9-2),
 libicu63 (= 63.2-2),
 libisl22 (= 0.22.1-1),
 libitm1 (= 10-20200222-1),
 libllvm9 (= 1:9.0.1-8),
 liblsan0 (= 10-20200222-1),
 liblz4-1 (= 1.9.2-2),
 liblzma5 (= 5.2.4-1+b1),
 liblzo2-2 (= 2.10-2),
 libmagic-mgc (= 1:5.38-4),
 libmagic1 (= 1:5.38-4),
 libmount-dev (= 2.34-0.1),
 libmount1 (= 2.34-0.1),
 libmpc3 (= 1.1.0-1),
 libmpdec2 (= 2.4.2-2),
 libmpfr6 (= 4.0.2-1),
 libmpx2 (= 8.3.0-29),
 libncursesw6 (= 6.1+20191019-1),
 libobjc-8-dev (= 8.3.0-29),
 libobjc4 (= 10-20200222-1),
 libpam-modules (= 1.3.1-5),
 libpam-modules-bin (= 1.3.1-5),
 libpam-runtime (= 1.3.1-5),
 libpam0g (= 1.3.1-5),
 libpcre16-3 (= 2:8.39-12+b1),
 libpcre2-16-0 (= 10.34-7),
 libpcre2-32-0 (= 10.34-7),
 libpcre2-8-0 (= 10.34-7),
 libpcre2-dev (= 10.34-7),
 libpcre2-posix2 (= 10.34-7),
 libpcre3 (= 2:8.39-12+b1),
 libpcre3-dev (= 2:8.39-12+b1),
 libpcre32-3 (= 2:8.39-12+b1),
 libpcrecpp0v5 (= 2:8.39-12+b1),
 libperl5.30 (= 5.30.0-9),
 libpipeline1 (= 1.5.2-2),
 libpixman-1-0 (= 0.36.0-1),
 libpixman-1-dev (= 0.36.0-1),
 libpng-dev (= 1.6.37-2),
 libpng16-16 (= 1.6.37-2),
 libpthread-stubs0-dev (= 0.4-1),
 libpython3-stdlib (= 3.7.5-3),
 libpython3.7-minimal (= 3.7.6-1+b1),
 libpython3.7-stdlib (= 3.7.6-1+b1),
 libquadmath0 (= 10-20200222-1),
 libreadline8 (= 8.0-3),
 libseccomp2 (= 2.4.2-2),
 libselinux1 (= 3.0-1+b1),
 libselinux1-dev (= 3.0-1+b1),
 libsepol1 (= 3.0-1),
 libsepol1-dev (= 3.0-1),
 libsigsegv2 (= 2.12-2),
 libsm-dev (= 2:1.2.3-1),
 libsm6 (= 2:1.2.3-1),
 libsmartcols1 (= 2.34-0.1),
 libsqlite3-0 (= 3.31.1-3),
 libssl1.1 (= 1.1.1d-2),
 libstdc++-8-dev (= 8.3.0-29),
 libstdc++-9-dev (= 9.2.1-29),
 libstdc++6 (= 10-20200222-1),
 libsub-override-perl (= 0.09-2),
 libsystemd0 (= 244.3-1),
 libtest-number-delta-perl (= 1.06-1),
 libtinfo6 (= 6.1+20191019-1),
 libtool (= 2.4.6-13),
 libtsan0 (= 10-20200222-1),
 libubsan1 (= 10-20200222-1),
 libuchardet0 (= 0.0.6-3),
 libudev1 (= 244.3-1),
 libunistring2 (= 0.9.10-2),
 libuuid1 (= 2.34-0.1),
 libx11-6 (= 2:1.6.8-1),
 libx11-data (= 2:1.6.8-1),
 libx11-dev (= 2:1.6.8-1),
 libxau-dev (= 1:1.0.8-1+b2),
 libxau6 (= 1:1.0.8-1+b2),
 libxcb-render0 (= 1.13.1-5),
 libxcb-render0-dev (= 1.13.1-5),
 libxcb-shm0 (= 1.13.1-5),
 libxcb-shm0-dev (= 1.13.1-5),
 libxcb1 (= 1.13.1-5),
 libxcb1-dev (= 1.13.1-5),
 libxdmcp-dev (= 1:1.1.2-3),
 libxdmcp6 (= 1:1.1.2-3),
 libxext-dev (= 2:1.3.3-1+b2),
 libxext6 (= 2:1.3.3-1+b2),
 libxml2 (= 2.9.10+dfsg-3),
 libxrender-dev (= 1:0.9.10-1),
 libxrender1 (= 1:0.9.10-1),
 libz3-4 (= 4.8.7-4),
 linux-libc-dev (= 5.4.19-1),
 login (= 1:4.8.1-1),
 lsb-base (= 11.1.0),
 m4 (= 1.4.18-4),
 make (= 4.2.1-1.2),
 man-db (= 2.9.0-2),
 mawk (= 1.3.4.20200120-2),
 mime-support (= 3.64),
 ncurses-base (= 6.1+20191019-1),
 ncurses-bin (= 6.1+20191019-1),
 patch (= 2.7.6-6),
 perl (= 5.30.0-9),
 perl-base (= 5.30.0-9),
 perl-modules-5.30 (= 5.30.0-9),
 pkg-config (= 0.29-6),
 po-debconf (= 1.0.21),
 python3 (= 3.7.5-3),
 python3-distutils (= 3.8.0-1),
 python3-lib2to3 (= 3.8.0-1),
 python3-minimal (= 3.7.5-3),
 python3.7 (= 3.7.6-1+b1),
 python3.7-minimal (= 3.7.6-1+b1),
 readline-common (= 8.0-3),
 sed (= 4.7-1),
 sensible-utils (= 0.0.12+nmu1),
 sysvinit-utils (= 2.96-2.1),
 tar (= 1.30+dfsg-6+b1),
 ttf-bitstream-vera (= 1.10-8),
 ucf (= 3.0038+nmu1),
 util-linux (= 2.34-0.1),
 uuid-dev (= 2.34-0.1),
 x11-common (= 1:7.7+20),
 x11proto-core-dev (= 2018.4-4),
 x11proto-dev (= 2018.4-4),
 x11proto-xext-dev (= 2018.4-4),
 xorg-sgml-doctools (= 1:1.11-1),
 xtrans-dev (= 1.3.5-1),
 xz-utils (= 5.2.4-1+b1),
 zlib1g (= 1:1.2.11.dfsg-2),
 zlib1g-dev (= 1:1.2.11.dfsg-2)
Environment:
 DEB_BUILD_OPTIONS="parallel=4"
 LANG="C.UTF-8"
 LC_ALL="C.UTF-8"
 SOURCE_DATE_EPOCH="1570900033"


+------------------------------------------------------------------------------+
| Package contents                                                             |
+------------------------------------------------------------------------------+


libcairo-perl-dbgsym_1.107-1_amd64.deb
--------------------------------------

 new Debian package, version 2.0.
 size 104428 bytes: control archive=536 bytes.
     386 bytes,    12 lines      control              
     106 bytes,     1 lines      md5sums              
 Package: libcairo-perl-dbgsym
 Source: libcairo-perl
 Version: 1.107-1
 Auto-Built-Package: debug-symbols
 Architecture: amd64
 Maintainer: Debian Perl Group <pkg-perl-maintainers@lists.alioth.debian.org>
 Installed-Size: 144
 Depends: libcairo-perl (= 1.107-1)
 Section: debug
 Priority: optional
 Description: debug symbols for libcairo-perl
 Build-Ids: c23ae56429701ea47e1d18af3042f9a67a3e37e0

drwxr-xr-x root/root         0 2019-10-12 17:07 ./
drwxr-xr-x root/root         0 2019-10-12 17:07 ./usr/
drwxr-xr-x root/root         0 2019-10-12 17:07 ./usr/lib/
drwxr-xr-x root/root         0 2019-10-12 17:07 ./usr/lib/debug/
drwxr-xr-x root/root         0 2019-10-12 17:07 ./usr/lib/debug/.build-id/
drwxr-xr-x root/root         0 2019-10-12 17:07 ./usr/lib/debug/.build-id/c2/
-rw-r--r-- root/root    137024 2019-10-12 17:07 ./usr/lib/debug/.build-id/c2/3ae56429701ea47e1d18af3042f9a67a3e37e0.debug
drwxr-xr-x root/root         0 2019-10-12 17:07 ./usr/share/
drwxr-xr-x root/root         0 2019-10-12 17:07 ./usr/share/doc/
lrwxrwxrwx root/root         0 2019-10-12 17:07 ./usr/share/doc/libcairo-perl-dbgsym -> libcairo-perl


libcairo-perl_1.107-1_amd64.deb
-------------------------------

 new Debian package, version 2.0.
 size 92292 bytes: control archive=1936 bytes.
    1213 bytes,    26 lines      control              
    2854 bytes,    33 lines      md5sums              
 Package: libcairo-perl
 Version: 1.107-1
 Architecture: amd64
 Maintainer: Debian Perl Group <pkg-perl-maintainers@lists.alioth.debian.org>
 Installed-Size: 385
 Depends: perl (>= 5.30.0-9), perlapi-5.30.0, libc6 (>= 2.14), libcairo2 (>= 1.15.8), libfreetype6 (>= 2.2.1), libextutils-depends-perl, libextutils-pkgconfig-perl
 Suggests: libfont-freetype-perl
 Section: perl
 Priority: optional
 Homepage: http://gtk2-perl.sourceforge.net/
 Description: Perl interface to the Cairo graphics library
  libcairo-perl provides access to the Cairo library.
  .
  Cairo is a 2D graphics library with support for multiple
  output devices. It is designed to produce consistent output
  on all output media while taking advantage of display hardware
  acceleration when available (eg. through the X Render Extension).
  .
  The cairo API provides operations similar to the drawing
  operators of PostScript and PDF. Operations in cairo including
  stroking and filling cubic Bézier splines, transforming and compositing
  translucent images, and antialiased text rendering. All drawing
  operations can be transformed by any affine transformation (scale,
  rotation, shear, etc.)
  .
  Find out more about Cairo at http://www.cairographics.org/.

drwxr-xr-x root/root         0 2019-10-12 17:07 ./
drwxr-xr-x root/root         0 2019-10-12 17:07 ./usr/
drwxr-xr-x root/root         0 2019-10-12 17:07 ./usr/lib/
drwxr-xr-x root/root         0 2019-10-12 17:07 ./usr/lib/x86_64-linux-gnu/
drwxr-xr-x root/root         0 2019-10-12 17:07 ./usr/lib/x86_64-linux-gnu/perl5/
drwxr-xr-x root/root         0 2019-10-12 17:07 ./usr/lib/x86_64-linux-gnu/perl5/5.30/
-rw-r--r-- root/root     28053 2019-10-07 04:35 ./usr/lib/x86_64-linux-gnu/perl5/5.30/Cairo.pm
drwxr-xr-x root/root         0 2019-10-12 17:07 ./usr/lib/x86_64-linux-gnu/perl5/5.30/Cairo/
drwxr-xr-x root/root         0 2019-10-12 17:07 ./usr/lib/x86_64-linux-gnu/perl5/5.30/Cairo/Install/
-rw-r--r-- root/root      1168 2019-10-12 17:07 ./usr/lib/x86_64-linux-gnu/perl5/5.30/Cairo/Install/Files.pm
-rw-r--r-- root/root     12286 2019-10-12 17:07 ./usr/lib/x86_64-linux-gnu/perl5/5.30/Cairo/Install/cairo-perl-auto.h
-rw-r--r-- root/root      4431 2019-10-12 17:07 ./usr/lib/x86_64-linux-gnu/perl5/5.30/Cairo/Install/cairo-perl-auto.typemap
-rw-r--r-- root/root      2897 2012-04-28 19:56 ./usr/lib/x86_64-linux-gnu/perl5/5.30/Cairo/Install/cairo-perl.h
-rw-r--r-- root/root      1306 2012-04-28 19:56 ./usr/lib/x86_64-linux-gnu/perl5/5.30/Cairo/Install/cairo-perl.typemap
-rw-r--r-- root/root       233 2011-11-27 07:56 ./usr/lib/x86_64-linux-gnu/perl5/5.30/Cairo/Install/doctypes
drwxr-xr-x root/root         0 2019-10-12 17:07 ./usr/lib/x86_64-linux-gnu/perl5/5.30/auto/
drwxr-xr-x root/root         0 2019-10-12 17:07 ./usr/lib/x86_64-linux-gnu/perl5/5.30/auto/Cairo/
-rw-r--r-- root/root    235496 2019-10-12 17:07 ./usr/lib/x86_64-linux-gnu/perl5/5.30/auto/Cairo/Cairo.so
drwxr-xr-x root/root         0 2019-10-12 17:07 ./usr/share/
drwxr-xr-x root/root         0 2019-10-12 17:07 ./usr/share/doc/
drwxr-xr-x root/root         0 2019-10-12 17:07 ./usr/share/doc/libcairo-perl/
-rw-r--r-- root/root        46 2011-11-27 07:56 ./usr/share/doc/libcairo-perl/TODO
-rw-r--r-- root/root      2929 2019-10-12 17:07 ./usr/share/doc/libcairo-perl/changelog.Debian.gz
-rw-r--r-- root/root      3291 2019-10-07 04:33 ./usr/share/doc/libcairo-perl/changelog.gz
-rw-r--r-- root/root      1892 2019-10-12 17:07 ./usr/share/doc/libcairo-perl/copyright
drwxr-xr-x root/root         0 2019-10-12 17:07 ./usr/share/doc/libcairo-perl/examples/
-rw-r--r-- root/root       761 2011-11-27 07:56 ./usr/share/doc/libcairo-perl/examples/freetype-font.pl
-rw-r--r-- root/root      1281 2019-10-12 17:07 ./usr/share/doc/libcairo-perl/examples/glyph-text.pl
-rw-r--r-- root/root       693 2011-11-27 07:56 ./usr/share/doc/libcairo-perl/examples/png-streams.pl
drwxr-xr-x root/root         0 2019-10-12 17:07 ./usr/share/doc/libcairo-perl/examples/png/
-rw-r--r-- root/root       165 2011-11-27 07:56 ./usr/share/doc/libcairo-perl/examples/png/README
-rw-r--r-- root/root      6141 2011-11-27 07:56 ./usr/share/doc/libcairo-perl/examples/png/bevels.pl
-rw-r--r-- root/root      1445 2011-11-27 07:56 ./usr/share/doc/libcairo-perl/examples/png/caps_joins.pl
-rw-r--r-- root/root      1175 2011-11-27 07:56 ./usr/share/doc/libcairo-perl/examples/png/hering.pl
-rw-r--r-- root/root      2123 2011-11-27 07:56 ./usr/share/doc/libcairo-perl/examples/png/outline.pl
-rw-r--r-- root/root      9301 2011-11-27 07:56 ./usr/share/doc/libcairo-perl/examples/png/snapping.pl
-rw-r--r-- root/root       895 2011-11-27 07:56 ./usr/share/doc/libcairo-perl/examples/png/spiral.pl
-rw-r--r-- root/root      2515 2011-11-27 07:56 ./usr/share/doc/libcairo-perl/examples/png/spline-pipeline.pl
-rw-r--r-- root/root      1018 2011-11-27 07:56 ./usr/share/doc/libcairo-perl/examples/png/splines_tolerance.pl
-rw-r--r-- root/root      4736 2011-11-27 07:56 ./usr/share/doc/libcairo-perl/examples/png/star_and_ring.pl
-rw-r--r-- root/root      1089 2011-11-27 07:56 ./usr/share/doc/libcairo-perl/examples/png/stars.pl
-rw-r--r-- root/root      1895 2011-11-27 07:56 ./usr/share/doc/libcairo-perl/examples/png/text-rotate.pl
-rw-r--r-- root/root      3199 2012-04-28 19:56 ./usr/share/doc/libcairo-perl/examples/png/text.pl
-rw-r--r-- root/root      1272 2011-11-27 07:56 ./usr/share/doc/libcairo-perl/examples/simple.pl
-rw-r--r-- root/root      1084 2011-11-27 07:56 ./usr/share/doc/libcairo-perl/examples/subclassing.pl
-rw-r--r-- root/root      8374 2011-11-27 07:56 ./usr/share/doc/libcairo-perl/examples/twisted-text.pl
drwxr-xr-x root/root         0 2019-10-12 17:07 ./usr/share/lintian/
drwxr-xr-x root/root         0 2019-10-12 17:07 ./usr/share/lintian/overrides/
-rw-r--r-- root/root       402 2019-10-12 17:07 ./usr/share/lintian/overrides/libcairo-perl
drwxr-xr-x root/root         0 2019-10-12 17:07 ./usr/share/man/
drwxr-xr-x root/root         0 2019-10-12 17:07 ./usr/share/man/man3/
-rw-r--r-- root/root     11963 2019-10-12 17:07 ./usr/share/man/man3/Cairo.3pm.gz


+------------------------------------------------------------------------------+
| Post Build                                                                   |
+------------------------------------------------------------------------------+


+------------------------------------------------------------------------------+
| Cleanup                                                                      |
+------------------------------------------------------------------------------+

Purging /<<BUILDDIR>>
Not cleaning session: cloned chroot in use

+------------------------------------------------------------------------------+
| Summary                                                                      |
+------------------------------------------------------------------------------+

Build Architecture: amd64
Build Type: binary
Build-Space: 4556
Build-Time: 7
Distribution: unstable
Host Architecture: amd64
Install-Time: 11
Job: libcairo-perl_1.107-1
Machine Architecture: amd64
Package: libcairo-perl
Package-Time: 34
Source-Version: 1.107-1
Space: 4556
Status: successful
Version: 1.107-1
--------------------------------------------------------------------------------
Finished at 2020-02-25T06:32:28Z
Build needed 00:00:34, 4556k disk space
DC-Status: OK 34.691652466s
