DC-Build-Header: libebook-tools-perl 0.5.4-1.3 / 2020-02-24 22:56:28 +0000
DC-Task: type:rebuild-binarch-only source:libebook-tools-perl version:0.5.4-1.3 chroot:unstable esttime:201 logfile:/tmp/libebook-tools-perl_0.5.4-1.3_unstable_clang9.log modes:clang9:binarch-only
DC-Sbuild-call: su user42 -c 'sbuild -n --arch-any --apt-update -d unstable -v --no-run-lintian --chroot-setup-commands=/tmp/clang9 libebook-tools-perl_0.5.4-1.3'
sbuild (Debian sbuild) 0.78.1 (09 February 2019) on ip-172-31-12-118.eu-central-1.compute.internal

+==============================================================================+
| libebook-tools-perl 0.5.4-1.3 (amd64)        Mon, 24 Feb 2020 22:56:29 +0000 |
+==============================================================================+

Package: libebook-tools-perl
Version: 0.5.4-1.3
Source Version: 0.5.4-1.3
Distribution: unstable
Machine Architecture: amd64
Host Architecture: amd64
Build Architecture: amd64
Build Type: binary

I: NOTICE: Log filtering will replace 'var/run/schroot/mount/sid-amd64-sbuild-b2dbe310-f84e-46e4-8097-d2a7fa86e10e' with '<<CHROOT>>'

+------------------------------------------------------------------------------+
| Chroot Setup Commands                                                        |
+------------------------------------------------------------------------------+


/tmp/clang9
-----------

+ echo 'Entering customization script...'
Entering customization script...
+ CLANG_VERSION=9
+ echo 'Install of clang-9'
Install of clang-9
+ apt-get update
Get:1 http://127.0.0.1:12990/debian sid InRelease [142 kB]
Get:2 http://127.0.0.1:12990/debian sid/main Sources.diff/Index [27.9 kB]
Get:3 http://127.0.0.1:12990/debian sid/main amd64 Packages.diff/Index [27.9 kB]
Get:4 http://127.0.0.1:12990/debian sid/main Sources 2020-02-24-0823.32.pdiff [11.0 kB]
Get:5 http://127.0.0.1:12990/debian sid/main Sources 2020-02-24-1420.34.pdiff [30.2 kB]
Get:6 http://127.0.0.1:12990/debian sid/main Sources 2020-02-24-2014.03.pdiff [16.9 kB]
Get:6 http://127.0.0.1:12990/debian sid/main Sources 2020-02-24-2014.03.pdiff [16.9 kB]
Get:7 http://127.0.0.1:12990/debian sid/main amd64 Packages 2020-02-24-0823.32.pdiff [15.5 kB]
Get:8 http://127.0.0.1:12990/debian sid/main amd64 Packages 2020-02-24-1420.34.pdiff [27.5 kB]
Get:9 http://127.0.0.1:12990/debian sid/main amd64 Packages 2020-02-24-2014.03.pdiff [21.6 kB]
Get:9 http://127.0.0.1:12990/debian sid/main amd64 Packages 2020-02-24-2014.03.pdiff [21.6 kB]
Get:10 http://127.0.0.1:12990/debian sid/main Translation-en [6193 kB]
Fetched 6514 kB in 3s (1949 kB/s)
Reading package lists...
+ apt-get install --yes --no-install-recommends --force-yes clang-9 libomp-9-dev libobjc-9-dev
Reading package lists...
Building dependency tree...
The following additional packages will be installed:
  gcc-8-base lib32gcc-s1 lib32gcc1 lib32stdc++6 libbsd0 libc6-i386
  libclang-common-9-dev libclang-cpp9 libedit2 libgc1c2 libgcc-8-dev libllvm9
  libmpx2 libobjc-8-dev libobjc4 libomp5-9 libstdc++-8-dev libz3-4
Suggested packages:
  clang-9-doc libomp-9-doc libstdc++-8-doc
Recommended packages:
  llvm-9-dev python3
The following NEW packages will be installed:
  clang-9 gcc-8-base lib32gcc-s1 lib32gcc1 lib32stdc++6 libbsd0 libc6-i386
  libclang-common-9-dev libclang-cpp9 libedit2 libgc1c2 libgcc-8-dev libllvm9
  libmpx2 libobjc-8-dev libobjc-9-dev libobjc4 libomp-9-dev libomp5-9
  libstdc++-8-dev libz3-4
0 upgraded, 21 newly installed, 0 to remove and 1 not upgraded.
Need to get 43.9 MB of archives.
After this operation, 237 MB of additional disk space will be used.
Get:1 http://127.0.0.1:12990/debian sid/main amd64 libbsd0 amd64 0.10.0-1 [107 kB]
Get:2 http://127.0.0.1:12990/debian sid/main amd64 libedit2 amd64 3.1-20191231-1 [95.4 kB]
Get:3 http://127.0.0.1:12990/debian sid/main amd64 libz3-4 amd64 4.8.7-4 [6790 kB]
Get:4 http://127.0.0.1:12990/debian sid/main amd64 libllvm9 amd64 1:9.0.1-8 [15.0 MB]
Get:5 http://127.0.0.1:12990/debian sid/main amd64 libclang-cpp9 amd64 1:9.0.1-8 [8429 kB]
Get:6 http://127.0.0.1:12990/debian sid/main amd64 gcc-8-base amd64 8.3.0-29 [194 kB]
Get:7 http://127.0.0.1:12990/debian sid/main amd64 libmpx2 amd64 8.3.0-29 [11.4 kB]
Get:8 http://127.0.0.1:12990/debian sid/main amd64 libgcc-8-dev amd64 8.3.0-29 [2297 kB]
Get:9 http://127.0.0.1:12990/debian sid/main amd64 libstdc++-8-dev amd64 8.3.0-29 [1543 kB]
Get:10 http://127.0.0.1:12990/debian sid/main amd64 libgc1c2 amd64 1:7.6.4-0.4 [224 kB]
Get:11 http://127.0.0.1:12990/debian sid/main amd64 libobjc4 amd64 10-20200222-1 [41.6 kB]
Get:12 http://127.0.0.1:12990/debian sid/main amd64 libobjc-8-dev amd64 8.3.0-29 [227 kB]
Get:13 http://127.0.0.1:12990/debian sid/main amd64 libc6-i386 amd64 2.29-10 [2918 kB]
Get:14 http://127.0.0.1:12990/debian sid/main amd64 lib32gcc-s1 amd64 10-20200222-1 [49.4 kB]
Get:15 http://127.0.0.1:12990/debian sid/main amd64 lib32gcc1 amd64 1:10-20200222-1 [1104 B]
Get:16 http://127.0.0.1:12990/debian sid/main amd64 lib32stdc++6 amd64 10-20200222-1 [510 kB]
Get:17 http://127.0.0.1:12990/debian sid/main amd64 libclang-common-9-dev amd64 1:9.0.1-8 [3727 kB]
Get:18 http://127.0.0.1:12990/debian sid/main amd64 clang-9 amd64 1:9.0.1-8 [1156 kB]
Get:19 http://127.0.0.1:12990/debian sid/main amd64 libobjc-9-dev amd64 9.2.1-29 [219 kB]
Get:20 http://127.0.0.1:12990/debian sid/main amd64 libomp5-9 amd64 1:9.0.1-8 [333 kB]
Get:21 http://127.0.0.1:12990/debian sid/main amd64 libomp-9-dev amd64 1:9.0.1-8 [66.2 kB]
debconf: delaying package configuration, since apt-utils is not installed
Fetched 43.9 MB in 1s (60.6 MB/s)
Selecting previously unselected package libbsd0:amd64.
(Reading database ... (Reading database ... 5%(Reading database ... 10%(Reading database ... 15%(Reading database ... 20%(Reading database ... 25%(Reading database ... 30%(Reading database ... 35%(Reading database ... 40%(Reading database ... 45%(Reading database ... 50%(Reading database ... 55%(Reading database ... 60%(Reading database ... 65%(Reading database ... 70%(Reading database ... 75%(Reading database ... 80%(Reading database ... 85%(Reading database ... 90%(Reading database ... 95%(Reading database ... 100%(Reading database ... 12119 files and directories currently installed.)
Preparing to unpack .../00-libbsd0_0.10.0-1_amd64.deb ...
Unpacking libbsd0:amd64 (0.10.0-1) ...
Selecting previously unselected package libedit2:amd64.
Preparing to unpack .../01-libedit2_3.1-20191231-1_amd64.deb ...
Unpacking libedit2:amd64 (3.1-20191231-1) ...
Selecting previously unselected package libz3-4:amd64.
Preparing to unpack .../02-libz3-4_4.8.7-4_amd64.deb ...
Unpacking libz3-4:amd64 (4.8.7-4) ...
Selecting previously unselected package libllvm9:amd64.
Preparing to unpack .../03-libllvm9_1%3a9.0.1-8_amd64.deb ...
Unpacking libllvm9:amd64 (1:9.0.1-8) ...
Selecting previously unselected package libclang-cpp9.
Preparing to unpack .../04-libclang-cpp9_1%3a9.0.1-8_amd64.deb ...
Unpacking libclang-cpp9 (1:9.0.1-8) ...
Selecting previously unselected package gcc-8-base:amd64.
Preparing to unpack .../05-gcc-8-base_8.3.0-29_amd64.deb ...
Unpacking gcc-8-base:amd64 (8.3.0-29) ...
Selecting previously unselected package libmpx2:amd64.
Preparing to unpack .../06-libmpx2_8.3.0-29_amd64.deb ...
Unpacking libmpx2:amd64 (8.3.0-29) ...
Selecting previously unselected package libgcc-8-dev:amd64.
Preparing to unpack .../07-libgcc-8-dev_8.3.0-29_amd64.deb ...
Unpacking libgcc-8-dev:amd64 (8.3.0-29) ...
Selecting previously unselected package libstdc++-8-dev:amd64.
Preparing to unpack .../08-libstdc++-8-dev_8.3.0-29_amd64.deb ...
Unpacking libstdc++-8-dev:amd64 (8.3.0-29) ...
Selecting previously unselected package libgc1c2:amd64.
Preparing to unpack .../09-libgc1c2_1%3a7.6.4-0.4_amd64.deb ...
Unpacking libgc1c2:amd64 (1:7.6.4-0.4) ...
Selecting previously unselected package libobjc4:amd64.
Preparing to unpack .../10-libobjc4_10-20200222-1_amd64.deb ...
Unpacking libobjc4:amd64 (10-20200222-1) ...
Selecting previously unselected package libobjc-8-dev:amd64.
Preparing to unpack .../11-libobjc-8-dev_8.3.0-29_amd64.deb ...
Unpacking libobjc-8-dev:amd64 (8.3.0-29) ...
Selecting previously unselected package libc6-i386.
Preparing to unpack .../12-libc6-i386_2.29-10_amd64.deb ...
Unpacking libc6-i386 (2.29-10) ...
Selecting previously unselected package lib32gcc-s1.
Preparing to unpack .../13-lib32gcc-s1_10-20200222-1_amd64.deb ...
Unpacking lib32gcc-s1 (10-20200222-1) ...
Selecting previously unselected package lib32gcc1.
Preparing to unpack .../14-lib32gcc1_1%3a10-20200222-1_amd64.deb ...
Unpacking lib32gcc1 (1:10-20200222-1) ...
Selecting previously unselected package lib32stdc++6.
Preparing to unpack .../15-lib32stdc++6_10-20200222-1_amd64.deb ...
Unpacking lib32stdc++6 (10-20200222-1) ...
Selecting previously unselected package libclang-common-9-dev.
Preparing to unpack .../16-libclang-common-9-dev_1%3a9.0.1-8_amd64.deb ...
Unpacking libclang-common-9-dev (1:9.0.1-8) ...
Selecting previously unselected package clang-9.
Preparing to unpack .../17-clang-9_1%3a9.0.1-8_amd64.deb ...
Unpacking clang-9 (1:9.0.1-8) ...
Selecting previously unselected package libobjc-9-dev:amd64.
Preparing to unpack .../18-libobjc-9-dev_9.2.1-29_amd64.deb ...
Unpacking libobjc-9-dev:amd64 (9.2.1-29) ...
Selecting previously unselected package libomp5-9:amd64.
Preparing to unpack .../19-libomp5-9_1%3a9.0.1-8_amd64.deb ...
Unpacking libomp5-9:amd64 (1:9.0.1-8) ...
Selecting previously unselected package libomp-9-dev.
Preparing to unpack .../20-libomp-9-dev_1%3a9.0.1-8_amd64.deb ...
Unpacking libomp-9-dev (1:9.0.1-8) ...
Setting up libgc1c2:amd64 (1:7.6.4-0.4) ...
Setting up libobjc4:amd64 (10-20200222-1) ...
Setting up libz3-4:amd64 (4.8.7-4) ...
Setting up gcc-8-base:amd64 (8.3.0-29) ...
Setting up libobjc-9-dev:amd64 (9.2.1-29) ...
Setting up libmpx2:amd64 (8.3.0-29) ...
Setting up libc6-i386 (2.29-10) ...
Setting up libbsd0:amd64 (0.10.0-1) ...
Setting up libomp5-9:amd64 (1:9.0.1-8) ...
Setting up libedit2:amd64 (3.1-20191231-1) ...
Setting up lib32gcc-s1 (10-20200222-1) ...
Setting up libgcc-8-dev:amd64 (8.3.0-29) ...
Setting up libomp-9-dev (1:9.0.1-8) ...
Setting up libllvm9:amd64 (1:9.0.1-8) ...
Setting up libstdc++-8-dev:amd64 (8.3.0-29) ...
Setting up libclang-cpp9 (1:9.0.1-8) ...
Setting up lib32gcc1 (1:10-20200222-1) ...
Setting up libobjc-8-dev:amd64 (8.3.0-29) ...
Setting up lib32stdc++6 (10-20200222-1) ...
Setting up libclang-common-9-dev (1:9.0.1-8) ...
Setting up clang-9 (1:9.0.1-8) ...
Processing triggers for libc-bin (2.29-10) ...
W: --force-yes is deprecated, use one of the options starting with --allow instead.
+ echo 'Replace gcc, g++ & cpp by clang'
Replace gcc, g++ & cpp by clang
+ VERSIONS='4.6 4.7 4.8 4.9 5 6 7 8 9 10'
+ cd /usr/bin
+ for VERSION in $VERSIONS
+ rm -f g++-4.6 gcc-4.6 cpp-4.6 gcc
+ ln -s clang++-9 g++-4.6
+ ln -s clang-9 gcc-4.6
+ ln -s clang-9 cpp-4.6
+ ln -s clang-9 gcc
+ dpkg --set-selections
+ echo 'gcc-4.6 hold'
dpkg: warning: package not in status nor available database at line 1: gcc-4.6
dpkg: warning: found unknown packages; this might mean the available database
is outdated, and needs to be updated through a frontend method;
please see the FAQ <https://wiki.debian.org/Teams/Dpkg/FAQ>
+ dpkg --set-selections
+ echo 'g++-4.6 hold'
dpkg: warning: package not in status nor available database at line 1: g++-4.6
dpkg: warning: found unknown packages; this might mean the available database
is outdated, and needs to be updated through a frontend method;
please see the FAQ <https://wiki.debian.org/Teams/Dpkg/FAQ>
+ for VERSION in $VERSIONS
+ rm -f g++-4.7 gcc-4.7 cpp-4.7 gcc
+ ln -s clang++-9 g++-4.7
+ ln -s clang-9 gcc-4.7
+ ln -s clang-9 cpp-4.7
+ ln -s clang-9 gcc
+ dpkg --set-selections
+ echo 'gcc-4.7 hold'
dpkg: warning: package not in status nor available database at line 1: gcc-4.7
dpkg: warning: found unknown packages; this might mean the available database
is outdated, and needs to be updated through a frontend method;
please see the FAQ <https://wiki.debian.org/Teams/Dpkg/FAQ>
+ echo 'g++-4.7 hold'
+ dpkg --set-selections
dpkg: warning: package not in status nor available database at line 1: g++-4.7
dpkg: warning: found unknown packages; this might mean the available database
is outdated, and needs to be updated through a frontend method;
please see the FAQ <https://wiki.debian.org/Teams/Dpkg/FAQ>
+ for VERSION in $VERSIONS
+ rm -f g++-4.8 gcc-4.8 cpp-4.8 gcc
+ ln -s clang++-9 g++-4.8
+ ln -s clang-9 gcc-4.8
+ ln -s clang-9 cpp-4.8
+ ln -s clang-9 gcc
+ echo 'gcc-4.8 hold'
+ dpkg --set-selections
dpkg: warning: package not in status nor available database at line 1: gcc-4.8
dpkg: warning: found unknown packages; this might mean the available database
is outdated, and needs to be updated through a frontend method;
please see the FAQ <https://wiki.debian.org/Teams/Dpkg/FAQ>
+ echo 'g++-4.8 hold'
+ dpkg --set-selections
dpkg: warning: package not in status nor available database at line 1: g++-4.8
dpkg: warning: found unknown packages; this might mean the available database
is outdated, and needs to be updated through a frontend method;
please see the FAQ <https://wiki.debian.org/Teams/Dpkg/FAQ>
+ for VERSION in $VERSIONS
+ rm -f g++-4.9 gcc-4.9 cpp-4.9 gcc
+ ln -s clang++-9 g++-4.9
+ ln -s clang-9 gcc-4.9
+ ln -s clang-9 cpp-4.9
+ ln -s clang-9 gcc
+ echo 'gcc-4.9 hold'
+ dpkg --set-selections
dpkg: warning: package not in status nor available database at line 1: gcc-4.9
dpkg: warning: found unknown packages; this might mean the available database
is outdated, and needs to be updated through a frontend method;
please see the FAQ <https://wiki.debian.org/Teams/Dpkg/FAQ>
+ echo 'g++-4.9 hold'
+ dpkg --set-selections
dpkg: warning: package not in status nor available database at line 1: g++-4.9
dpkg: warning: found unknown packages; this might mean the available database
is outdated, and needs to be updated through a frontend method;
please see the FAQ <https://wiki.debian.org/Teams/Dpkg/FAQ>
+ for VERSION in $VERSIONS
+ rm -f g++-5 gcc-5 cpp-5 gcc
+ ln -s clang++-9 g++-5
+ ln -s clang-9 gcc-5
+ ln -s clang-9 cpp-5
+ ln -s clang-9 gcc
+ echo 'gcc-5 hold'
+ dpkg --set-selections
dpkg: warning: package not in status nor available database at line 1: gcc-5
dpkg: warning: found unknown packages; this might mean the available database
is outdated, and needs to be updated through a frontend method;
please see the FAQ <https://wiki.debian.org/Teams/Dpkg/FAQ>
+ echo 'g++-5 hold'
+ dpkg --set-selections
dpkg: warning: package not in status nor available database at line 1: g++-5
dpkg: warning: found unknown packages; this might mean the available database
is outdated, and needs to be updated through a frontend method;
please see the FAQ <https://wiki.debian.org/Teams/Dpkg/FAQ>
+ for VERSION in $VERSIONS
+ rm -f g++-6 gcc-6 cpp-6 gcc
+ ln -s clang++-9 g++-6
+ ln -s clang-9 gcc-6
+ ln -s clang-9 cpp-6
+ ln -s clang-9 gcc
+ echo 'gcc-6 hold'
+ dpkg --set-selections
dpkg: warning: package not in status nor available database at line 1: gcc-6
dpkg: warning: found unknown packages; this might mean the available database
is outdated, and needs to be updated through a frontend method;
please see the FAQ <https://wiki.debian.org/Teams/Dpkg/FAQ>
+ echo 'g++-6 hold'
+ dpkg --set-selections
dpkg: warning: package not in status nor available database at line 1: g++-6
dpkg: warning: found unknown packages; this might mean the available database
is outdated, and needs to be updated through a frontend method;
please see the FAQ <https://wiki.debian.org/Teams/Dpkg/FAQ>
+ for VERSION in $VERSIONS
+ rm -f g++-7 gcc-7 cpp-7 gcc
+ ln -s clang++-9 g++-7
+ ln -s clang-9 gcc-7
+ ln -s clang-9 cpp-7
+ ln -s clang-9 gcc
+ echo 'gcc-7 hold'
+ dpkg --set-selections
dpkg: warning: package not in status nor available database at line 1: gcc-7
dpkg: warning: found unknown packages; this might mean the available database
is outdated, and needs to be updated through a frontend method;
please see the FAQ <https://wiki.debian.org/Teams/Dpkg/FAQ>
+ echo 'g++-7 hold'
+ dpkg --set-selections
dpkg: warning: package not in status nor available database at line 1: g++-7
dpkg: warning: found unknown packages; this might mean the available database
is outdated, and needs to be updated through a frontend method;
please see the FAQ <https://wiki.debian.org/Teams/Dpkg/FAQ>
+ for VERSION in $VERSIONS
+ rm -f g++-8 gcc-8 cpp-8 gcc
+ ln -s clang++-9 g++-8
+ ln -s clang-9 gcc-8
+ ln -s clang-9 cpp-8
+ ln -s clang-9 gcc
+ echo 'gcc-8 hold'
+ dpkg --set-selections
dpkg: warning: package not in status nor available database at line 1: gcc-8
dpkg: warning: found unknown packages; this might mean the available database
is outdated, and needs to be updated through a frontend method;
please see the FAQ <https://wiki.debian.org/Teams/Dpkg/FAQ>
+ echo 'g++-8 hold'
+ dpkg --set-selections
dpkg: warning: package not in status nor available database at line 1: g++-8
dpkg: warning: found unknown packages; this might mean the available database
is outdated, and needs to be updated through a frontend method;
please see the FAQ <https://wiki.debian.org/Teams/Dpkg/FAQ>
+ for VERSION in $VERSIONS
+ rm -f g++-9 gcc-9 cpp-9 gcc
+ ln -s clang++-9 g++-9
+ ln -s clang-9 gcc-9
+ ln -s clang-9 cpp-9
+ ln -s clang-9 gcc
+ echo 'gcc-9 hold'
+ dpkg --set-selections
+ echo 'g++-9 hold'
+ dpkg --set-selections
+ for VERSION in $VERSIONS
+ rm -f g++-10 gcc-10 cpp-10 gcc
+ ln -s clang++-9 g++-10
+ ln -s clang-9 gcc-10
+ ln -s clang-9 cpp-10
+ ln -s clang-9 gcc
+ echo 'gcc-10 hold'
+ dpkg --set-selections
dpkg: warning: package not in status nor available database at line 1: gcc-10
dpkg: warning: found unknown packages; this might mean the available database
is outdated, and needs to be updated through a frontend method;
please see the FAQ <https://wiki.debian.org/Teams/Dpkg/FAQ>
+ echo 'g++-10 hold'
+ dpkg --set-selections
dpkg: warning: package not in status nor available database at line 1: g++-10
dpkg: warning: found unknown packages; this might mean the available database
is outdated, and needs to be updated through a frontend method;
please see the FAQ <https://wiki.debian.org/Teams/Dpkg/FAQ>
+ cd -
/build/libebook-tools-perl-QrEiwb
+ echo 'Check if gcc, g++ & cpp are actually clang'
Check if gcc, g++ & cpp are actually clang
+ gcc --version
+ grep clang
+ grep clang
+ cpp --version
+ grep clang
+ g++ --version

I: Finished running '/tmp/clang9'.

Finished processing commands.
--------------------------------------------------------------------------------
I: NOTICE: Log filtering will replace 'build/libebook-tools-perl-QrEiwb/resolver-4G4mqV' with '<<RESOLVERDIR>>'

+------------------------------------------------------------------------------+
| Update chroot                                                                |
+------------------------------------------------------------------------------+

Hit:1 http://127.0.0.1:12990/debian sid InRelease
Reading package lists...
Reading package lists...
Building dependency tree...
Reading state information...
Calculating upgrade...
The following packages will be upgraded:
  libgmp10
1 upgraded, 0 newly installed, 0 to remove and 0 not upgraded.
Need to get 253 kB of archives.
After this operation, 0 B of additional disk space will be used.
Get:1 http://127.0.0.1:12990/debian sid/main amd64 libgmp10 amd64 2:6.2.0+dfsg-4 [253 kB]
debconf: delaying package configuration, since apt-utils is not installed
Fetched 253 kB in 0s (4128 kB/s)
(Reading database ... (Reading database ... 5%(Reading database ... 10%(Reading database ... 15%(Reading database ... 20%(Reading database ... 25%(Reading database ... 30%(Reading database ... 35%(Reading database ... 40%(Reading database ... 45%(Reading database ... 50%(Reading database ... 55%(Reading database ... 60%(Reading database ... 65%(Reading database ... 70%(Reading database ... 75%(Reading database ... 80%(Reading database ... 85%(Reading database ... 90%(Reading database ... 95%(Reading database ... 100%(Reading database ... 13921 files and directories currently installed.)
Preparing to unpack .../libgmp10_2%3a6.2.0+dfsg-4_amd64.deb ...
Unpacking libgmp10:amd64 (2:6.2.0+dfsg-4) over (2:6.2.0+dfsg-3) ...
Setting up libgmp10:amd64 (2:6.2.0+dfsg-4) ...
Processing triggers for libc-bin (2.29-10) ...

+------------------------------------------------------------------------------+
| Fetch source files                                                           |
+------------------------------------------------------------------------------+


Check APT
---------

Checking available source versions...

Download source files with APT
------------------------------

Reading package lists...
NOTICE: 'libebook-tools-perl' packaging is maintained in the 'Git' version control system at:
git://github.com/AZed/ebook-tools.git
Please use:
git clone git://github.com/AZed/ebook-tools.git
to retrieve the latest (possibly unreleased) updates to the package.
Need to get 731 kB of source archives.
Get:1 http://127.0.0.1:12990/debian sid/main libebook-tools-perl 0.5.4-1.3 (dsc) [2337 B]
Get:2 http://127.0.0.1:12990/debian sid/main libebook-tools-perl 0.5.4-1.3 (tar) [726 kB]
Get:3 http://127.0.0.1:12990/debian sid/main libebook-tools-perl 0.5.4-1.3 (diff) [3197 B]
Fetched 731 kB in 0s (6529 kB/s)
Download complete and in download only mode
I: NOTICE: Log filtering will replace 'build/libebook-tools-perl-QrEiwb/libebook-tools-perl-0.5.4' with '<<PKGBUILDDIR>>'
I: NOTICE: Log filtering will replace 'build/libebook-tools-perl-QrEiwb' with '<<BUILDDIR>>'

+------------------------------------------------------------------------------+
| Install package build dependencies                                           |
+------------------------------------------------------------------------------+


Setup apt archive
-----------------

Merged Build-Depends: debhelper (>= 8), perl (>= 5.10.1), libarchive-zip-perl, libbit-vector-perl, libconfig-inifiles-perl, libdate-manip-perl, libdbd-sqlite3-perl, libdbi-perl, libencode-detect-perl, libfile-mimeinfo-perl, libfile-slurp-perl, libfile-which-perl, libhtml-parser-perl, libimage-size-perl, liblingua-en-nameparse-perl, liblist-moreutils-perl, libmodule-build-perl, libmojolicious-perl (>= 3), libossp-uuid-perl, libpalm-perl, libstring-crc32-perl, libtie-ixhash-perl, libtime-local-perl, libwww-perl, libxml-twig-perl, txt2html, build-essential, fakeroot
Filtered Build-Depends: debhelper (>= 8), perl (>= 5.10.1), libarchive-zip-perl, libbit-vector-perl, libconfig-inifiles-perl, libdate-manip-perl, libdbd-sqlite3-perl, libdbi-perl, libencode-detect-perl, libfile-mimeinfo-perl, libfile-slurp-perl, libfile-which-perl, libhtml-parser-perl, libimage-size-perl, liblingua-en-nameparse-perl, liblist-moreutils-perl, libmodule-build-perl, libmojolicious-perl (>= 3), libossp-uuid-perl, libpalm-perl, libstring-crc32-perl, libtie-ixhash-perl, libtime-local-perl, libwww-perl, libxml-twig-perl, txt2html, build-essential, fakeroot
dpkg-deb: building package 'sbuild-build-depends-main-dummy' in '/<<RESOLVERDIR>>/apt_archive/sbuild-build-depends-main-dummy.deb'.
Ign:1 copy:/<<RESOLVERDIR>>/apt_archive ./ InRelease
Get:2 copy:/<<RESOLVERDIR>>/apt_archive ./ Release [963 B]
Ign:3 copy:/<<RESOLVERDIR>>/apt_archive ./ Release.gpg
Get:4 copy:/<<RESOLVERDIR>>/apt_archive ./ Sources [574 B]
Get:5 copy:/<<RESOLVERDIR>>/apt_archive ./ Packages [659 B]
Fetched 2196 B in 0s (137 kB/s)
Reading package lists...
Reading package lists...

Install main build dependencies (apt-based resolver)
----------------------------------------------------

Installing build dependencies
Reading package lists...
Building dependency tree...
Reading state information...
The following additional packages will be installed:
  autoconf automake autopoint autotools-dev bsdmainutils ca-certificates
  debhelper dh-autoreconf dh-strip-nondeterminism dwz file gettext
  gettext-base groff-base intltool-debian libarchive-zip-perl
  libbit-vector-perl libcarp-clan-perl libconfig-inifiles-perl libcroco3
  libdate-manip-perl libdbd-sqlite3-perl libdbi-perl libdebhelper-perl libelf1
  libencode-detect-perl libencode-locale-perl libexpat1 libexporter-tiny-perl
  libfile-basedir-perl libfile-desktopentry-perl libfile-listing-perl
  libfile-mimeinfo-perl libfile-slurp-perl libfile-stripnondeterminism-perl
  libfile-which-perl libgetopt-argvfile-perl libglib2.0-0 libhtml-parser-perl
  libhtml-tagset-perl libhtml-tree-perl libhttp-cookies-perl libhttp-date-perl
  libhttp-message-perl libhttp-negotiate-perl libicu63 libimage-size-perl
  libio-html-perl libio-socket-ssl-perl libipc-system-simple-perl libjs-jquery
  libjs-prettify liblingua-en-nameparse-perl liblist-moreutils-perl
  liblwp-mediatypes-perl liblwp-protocol-https-perl libmagic-mgc libmagic1
  libmodule-build-perl libmojolicious-perl libnet-http-perl libnet-ssleay-perl
  libossp-uuid-perl libossp-uuid16 libpalm-pdb-perl libpalm-perl
  libparse-recdescent-perl libpipeline1 libsigsegv2 libsqlite3-0 libssl1.1
  libstring-crc32-perl libsub-override-perl libtie-ixhash-perl
  libtimedate-perl libtool libtry-tiny-perl libuchardet0 liburi-perl
  libwww-perl libwww-robotrules-perl libxml-parser-perl libxml-twig-perl
  libxml2 libyaml-syck-perl m4 man-db netbase openssl perl-openssl-defaults
  po-debconf sensible-utils shared-mime-info txt2html
Suggested packages:
  autoconf-archive gnu-standards autoconf-doc wamerican | wordlist whois
  vacation dh-make gettext-doc libasprintf-dev libgettextpo-dev groff
  libclone-perl libmldbm-perl libnet-daemon-perl libsql-statement-perl
  libdata-dump-perl libimage-magick-perl libcrypt-ssleay-perl uuid libtool-doc
  gfortran | fortran95-compiler gcj-jdk libauthen-ntlm-perl
  libunicode-map8-perl libunicode-string-perl xml-twig-tools m4-doc apparmor
  less www-browser libmail-box-perl perl-doc
Recommended packages:
  curl | wget | lynx libio-stringy-perl libarchive-cpio-perl libglib2.0-data
  xdg-user-dirs libhtml-format-perl javascript-common libmodule-signature-perl
  libpod-readme-perl libsoftware-license-perl libcpanel-json-xs-perl
  libev-perl libfuture-asyncawait-perl libio-socket-socks-perl
  libmojo-server-fastcgi-perl librole-tiny-perl libltdl-dev libdata-dump-perl
  libhtml-form-perl libhttp-daemon-perl libmailtools-perl libtext-iconv-perl
  libxml-xpathengine-perl | libxml-xpath-perl libmail-sendmail-perl
The following NEW packages will be installed:
  autoconf automake autopoint autotools-dev bsdmainutils ca-certificates
  debhelper dh-autoreconf dh-strip-nondeterminism dwz file gettext
  gettext-base groff-base intltool-debian libarchive-zip-perl
  libbit-vector-perl libcarp-clan-perl libconfig-inifiles-perl libcroco3
  libdate-manip-perl libdbd-sqlite3-perl libdbi-perl libdebhelper-perl libelf1
  libencode-detect-perl libencode-locale-perl libexpat1 libexporter-tiny-perl
  libfile-basedir-perl libfile-desktopentry-perl libfile-listing-perl
  libfile-mimeinfo-perl libfile-slurp-perl libfile-stripnondeterminism-perl
  libfile-which-perl libgetopt-argvfile-perl libglib2.0-0 libhtml-parser-perl
  libhtml-tagset-perl libhtml-tree-perl libhttp-cookies-perl libhttp-date-perl
  libhttp-message-perl libhttp-negotiate-perl libicu63 libimage-size-perl
  libio-html-perl libio-socket-ssl-perl libipc-system-simple-perl libjs-jquery
  libjs-prettify liblingua-en-nameparse-perl liblist-moreutils-perl
  liblwp-mediatypes-perl liblwp-protocol-https-perl libmagic-mgc libmagic1
  libmodule-build-perl libmojolicious-perl libnet-http-perl libnet-ssleay-perl
  libossp-uuid-perl libossp-uuid16 libpalm-pdb-perl libpalm-perl
  libparse-recdescent-perl libpipeline1 libsigsegv2 libsqlite3-0 libssl1.1
  libstring-crc32-perl libsub-override-perl libtie-ixhash-perl
  libtimedate-perl libtool libtry-tiny-perl libuchardet0 liburi-perl
  libwww-perl libwww-robotrules-perl libxml-parser-perl libxml-twig-perl
  libxml2 libyaml-syck-perl m4 man-db netbase openssl perl-openssl-defaults
  po-debconf sbuild-build-depends-main-dummy sensible-utils shared-mime-info
  txt2html
0 upgraded, 95 newly installed, 0 to remove and 0 not upgraded.
Need to get 29.6 MB of archives.
After this operation, 111 MB of additional disk space will be used.
Get:1 copy:/<<RESOLVERDIR>>/apt_archive ./ sbuild-build-depends-main-dummy 0.invalid.0 [1092 B]
Get:2 http://127.0.0.1:12990/debian sid/main amd64 bsdmainutils amd64 11.1.2+b1 [191 kB]
Get:3 http://127.0.0.1:12990/debian sid/main amd64 libuchardet0 amd64 0.0.6-3 [64.9 kB]
Get:4 http://127.0.0.1:12990/debian sid/main amd64 groff-base amd64 1.22.4-4 [919 kB]
Get:5 http://127.0.0.1:12990/debian sid/main amd64 libpipeline1 amd64 1.5.2-2 [33.9 kB]
Get:6 http://127.0.0.1:12990/debian sid/main amd64 man-db amd64 2.9.0-2 [1307 kB]
Get:7 http://127.0.0.1:12990/debian sid/main amd64 netbase all 6.1 [19.9 kB]
Get:8 http://127.0.0.1:12990/debian sid/main amd64 sensible-utils all 0.0.12+nmu1 [16.0 kB]
Get:9 http://127.0.0.1:12990/debian sid/main amd64 libmagic-mgc amd64 1:5.38-4 [262 kB]
Get:10 http://127.0.0.1:12990/debian sid/main amd64 libmagic1 amd64 1:5.38-4 [120 kB]
Get:11 http://127.0.0.1:12990/debian sid/main amd64 file amd64 1:5.38-4 [67.9 kB]
Get:12 http://127.0.0.1:12990/debian sid/main amd64 gettext-base amd64 0.19.8.1-10 [123 kB]
Get:13 http://127.0.0.1:12990/debian sid/main amd64 libsigsegv2 amd64 2.12-2 [32.8 kB]
Get:14 http://127.0.0.1:12990/debian sid/main amd64 m4 amd64 1.4.18-4 [203 kB]
Get:15 http://127.0.0.1:12990/debian sid/main amd64 autoconf all 2.69-11.1 [341 kB]
Get:16 http://127.0.0.1:12990/debian sid/main amd64 autotools-dev all 20180224.1 [77.0 kB]
Get:17 http://127.0.0.1:12990/debian sid/main amd64 automake all 1:1.16.1-4 [771 kB]
Get:18 http://127.0.0.1:12990/debian sid/main amd64 autopoint all 0.19.8.1-10 [435 kB]
Get:19 http://127.0.0.1:12990/debian sid/main amd64 libssl1.1 amd64 1.1.1d-2 [1540 kB]
Get:20 http://127.0.0.1:12990/debian sid/main amd64 openssl amd64 1.1.1d-2 [840 kB]
Get:21 http://127.0.0.1:12990/debian sid/main amd64 ca-certificates all 20190110 [157 kB]
Get:22 http://127.0.0.1:12990/debian sid/main amd64 libtool all 2.4.6-13 [513 kB]
Get:23 http://127.0.0.1:12990/debian sid/main amd64 dh-autoreconf all 19 [16.9 kB]
Get:24 http://127.0.0.1:12990/debian sid/main amd64 libdebhelper-perl all 12.9 [183 kB]
Get:25 http://127.0.0.1:12990/debian sid/main amd64 libarchive-zip-perl all 1.67-1 [104 kB]
Get:26 http://127.0.0.1:12990/debian sid/main amd64 libsub-override-perl all 0.09-2 [10.2 kB]
Get:27 http://127.0.0.1:12990/debian sid/main amd64 libfile-stripnondeterminism-perl all 1.6.3-2 [23.7 kB]
Get:28 http://127.0.0.1:12990/debian sid/main amd64 dh-strip-nondeterminism all 1.6.3-2 [14.7 kB]
Get:29 http://127.0.0.1:12990/debian sid/main amd64 libelf1 amd64 0.176-1.1 [161 kB]
Get:30 http://127.0.0.1:12990/debian sid/main amd64 dwz amd64 0.13-5 [151 kB]
Get:31 http://127.0.0.1:12990/debian sid/main amd64 libglib2.0-0 amd64 2.62.4-2 [1319 kB]
Get:32 http://127.0.0.1:12990/debian sid/main amd64 libicu63 amd64 63.2-2 [8301 kB]
Get:33 http://127.0.0.1:12990/debian sid/main amd64 libxml2 amd64 2.9.10+dfsg-3 [709 kB]
Get:34 http://127.0.0.1:12990/debian sid/main amd64 libcroco3 amd64 0.6.13-1 [146 kB]
Get:35 http://127.0.0.1:12990/debian sid/main amd64 gettext amd64 0.19.8.1-10 [1303 kB]
Get:36 http://127.0.0.1:12990/debian sid/main amd64 intltool-debian all 0.35.0+20060710.5 [26.8 kB]
Get:37 http://127.0.0.1:12990/debian sid/main amd64 po-debconf all 1.0.21 [248 kB]
Get:38 http://127.0.0.1:12990/debian sid/main amd64 debhelper all 12.9 [994 kB]
Get:39 http://127.0.0.1:12990/debian sid/main amd64 libcarp-clan-perl all 6.08-1 [15.6 kB]
Get:40 http://127.0.0.1:12990/debian sid/main amd64 libbit-vector-perl amd64 7.4-1+b6 [146 kB]
Get:41 http://127.0.0.1:12990/debian sid/main amd64 libconfig-inifiles-perl all 3.000002-1 [52.0 kB]
Get:42 http://127.0.0.1:12990/debian sid/main amd64 libdate-manip-perl all 6.79-1 [929 kB]
Get:43 http://127.0.0.1:12990/debian sid/main amd64 libdbi-perl amd64 1.643-1 [780 kB]
Get:44 http://127.0.0.1:12990/debian sid/main amd64 libsqlite3-0 amd64 3.31.1-3 [661 kB]
Get:45 http://127.0.0.1:12990/debian sid/main amd64 libdbd-sqlite3-perl amd64 1.64-1+b1 [178 kB]
Get:46 http://127.0.0.1:12990/debian sid/main amd64 libencode-detect-perl amd64 1.01-5+b2 [67.2 kB]
Get:47 http://127.0.0.1:12990/debian sid/main amd64 libencode-locale-perl all 1.05-1 [13.7 kB]
Get:48 http://127.0.0.1:12990/debian sid/main amd64 libexpat1 amd64 2.2.9-1 [94.3 kB]
Get:49 http://127.0.0.1:12990/debian sid/main amd64 libexporter-tiny-perl all 1.002001-1 [36.9 kB]
Get:50 http://127.0.0.1:12990/debian sid/main amd64 libipc-system-simple-perl all 1.26-1 [27.1 kB]
Get:51 http://127.0.0.1:12990/debian sid/main amd64 libfile-basedir-perl all 0.08-1 [17.7 kB]
Get:52 http://127.0.0.1:12990/debian sid/main amd64 liburi-perl all 1.76-2 [90.2 kB]
Get:53 http://127.0.0.1:12990/debian sid/main amd64 libfile-desktopentry-perl all 0.22-1 [19.2 kB]
Get:54 http://127.0.0.1:12990/debian sid/main amd64 libtimedate-perl all 2.3100-1 [39.0 kB]
Get:55 http://127.0.0.1:12990/debian sid/main amd64 libhttp-date-perl all 6.05-1 [10.4 kB]
Get:56 http://127.0.0.1:12990/debian sid/main amd64 libfile-listing-perl all 6.04-1 [10.3 kB]
Get:57 http://127.0.0.1:12990/debian sid/main amd64 shared-mime-info amd64 1.10-1 [766 kB]
Get:58 http://127.0.0.1:12990/debian sid/main amd64 libfile-mimeinfo-perl all 0.29-1 [46.5 kB]
Get:59 http://127.0.0.1:12990/debian sid/main amd64 libfile-slurp-perl all 9999.28-1 [27.2 kB]
Get:60 http://127.0.0.1:12990/debian sid/main amd64 libfile-which-perl all 1.23-1 [16.6 kB]
Get:61 http://127.0.0.1:12990/debian sid/main amd64 libgetopt-argvfile-perl all 1.11-3 [28.9 kB]
Get:62 http://127.0.0.1:12990/debian sid/main amd64 libhtml-tagset-perl all 3.20-4 [13.0 kB]
Get:63 http://127.0.0.1:12990/debian sid/main amd64 libhtml-parser-perl amd64 3.72-5 [105 kB]
Get:64 http://127.0.0.1:12990/debian sid/main amd64 libhtml-tree-perl all 5.07-2 [213 kB]
Get:65 http://127.0.0.1:12990/debian sid/main amd64 libio-html-perl all 1.001-1 [17.6 kB]
Get:66 http://127.0.0.1:12990/debian sid/main amd64 liblwp-mediatypes-perl all 6.04-1 [19.9 kB]
Get:67 http://127.0.0.1:12990/debian sid/main amd64 libhttp-message-perl all 6.18-1 [77.8 kB]
Get:68 http://127.0.0.1:12990/debian sid/main amd64 libhttp-cookies-perl all 6.08-1 [19.3 kB]
Get:69 http://127.0.0.1:12990/debian sid/main amd64 libhttp-negotiate-perl all 6.01-1 [12.8 kB]
Get:70 http://127.0.0.1:12990/debian sid/main amd64 libimage-size-perl all 3.300-1 [44.6 kB]
Get:71 http://127.0.0.1:12990/debian sid/main amd64 perl-openssl-defaults amd64 4 [7148 B]
Get:72 http://127.0.0.1:12990/debian sid/main amd64 libnet-ssleay-perl amd64 1.88-2 [321 kB]
Get:73 http://127.0.0.1:12990/debian sid/main amd64 libio-socket-ssl-perl all 2.067-1 [212 kB]
Get:74 http://127.0.0.1:12990/debian sid/main amd64 libjs-jquery all 3.3.1~dfsg-3 [332 kB]
Get:75 http://127.0.0.1:12990/debian sid/main amd64 libjs-prettify all 2015.12.04+dfsg-1.1 [41.7 kB]
Get:76 http://127.0.0.1:12990/debian sid/main amd64 libparse-recdescent-perl all 1.967015+dfsg-2 [159 kB]
Get:77 http://127.0.0.1:12990/debian sid/main amd64 liblingua-en-nameparse-perl all 1.38-1 [33.0 kB]
Get:78 http://127.0.0.1:12990/debian sid/main amd64 liblist-moreutils-perl amd64 0.416-1+b5 [63.6 kB]
Get:79 http://127.0.0.1:12990/debian sid/main amd64 libnet-http-perl all 6.19-1 [24.8 kB]
Get:80 http://127.0.0.1:12990/debian sid/main amd64 libtry-tiny-perl all 0.30-1 [23.3 kB]
Get:81 http://127.0.0.1:12990/debian sid/main amd64 libwww-robotrules-perl all 6.02-1 [12.9 kB]
Get:82 http://127.0.0.1:12990/debian sid/main amd64 libwww-perl all 6.43-1 [191 kB]
Get:83 http://127.0.0.1:12990/debian sid/main amd64 liblwp-protocol-https-perl all 6.07-2 [9242 B]
Get:84 http://127.0.0.1:12990/debian sid/main amd64 libmodule-build-perl all 0.423100-1 [258 kB]
Get:85 http://127.0.0.1:12990/debian sid/main amd64 libmojolicious-perl all 8.33+dfsg-1 [809 kB]
Get:86 http://127.0.0.1:12990/debian sid/main amd64 libossp-uuid16 amd64 1.6.2-1.5+b8 [38.2 kB]
Get:87 http://127.0.0.1:12990/debian sid/main amd64 libossp-uuid-perl amd64 1.6.2-1.5+b8 [28.7 kB]
Get:88 http://127.0.0.1:12990/debian sid/main amd64 libpalm-pdb-perl all 1.400-1 [41.6 kB]
Get:89 http://127.0.0.1:12990/debian sid/main amd64 libpalm-perl all 1:1.400-1 [75.6 kB]
Get:90 http://127.0.0.1:12990/debian sid/main amd64 libstring-crc32-perl amd64 1.8-1 [11.1 kB]
Get:91 http://127.0.0.1:12990/debian sid/main amd64 libtie-ixhash-perl all 1.23-2 [11.7 kB]
Get:92 http://127.0.0.1:12990/debian sid/main amd64 libxml-parser-perl amd64 2.46-1+b1 [207 kB]
Get:93 http://127.0.0.1:12990/debian sid/main amd64 libxml-twig-perl all 1:3.50-2 [178 kB]
Get:94 http://127.0.0.1:12990/debian sid/main amd64 libyaml-syck-perl amd64 1.32-2 [81.3 kB]
Get:95 http://127.0.0.1:12990/debian sid/main amd64 txt2html all 1:2.53-2 [92.8 kB]
debconf: delaying package configuration, since apt-utils is not installed
Fetched 29.6 MB in 1s (39.2 MB/s)
Selecting previously unselected package bsdmainutils.
(Reading database ... 13921 files and directories currently installed.)
Preparing to unpack .../00-bsdmainutils_11.1.2+b1_amd64.deb ...
Unpacking bsdmainutils (11.1.2+b1) ...
Selecting previously unselected package libuchardet0:amd64.
Preparing to unpack .../01-libuchardet0_0.0.6-3_amd64.deb ...
Unpacking libuchardet0:amd64 (0.0.6-3) ...
Selecting previously unselected package groff-base.
Preparing to unpack .../02-groff-base_1.22.4-4_amd64.deb ...
Unpacking groff-base (1.22.4-4) ...
Selecting previously unselected package libpipeline1:amd64.
Preparing to unpack .../03-libpipeline1_1.5.2-2_amd64.deb ...
Unpacking libpipeline1:amd64 (1.5.2-2) ...
Selecting previously unselected package man-db.
Preparing to unpack .../04-man-db_2.9.0-2_amd64.deb ...
Unpacking man-db (2.9.0-2) ...
Selecting previously unselected package netbase.
Preparing to unpack .../05-netbase_6.1_all.deb ...
Unpacking netbase (6.1) ...
Selecting previously unselected package sensible-utils.
Preparing to unpack .../06-sensible-utils_0.0.12+nmu1_all.deb ...
Unpacking sensible-utils (0.0.12+nmu1) ...
Selecting previously unselected package libmagic-mgc.
Preparing to unpack .../07-libmagic-mgc_1%3a5.38-4_amd64.deb ...
Unpacking libmagic-mgc (1:5.38-4) ...
Selecting previously unselected package libmagic1:amd64.
Preparing to unpack .../08-libmagic1_1%3a5.38-4_amd64.deb ...
Unpacking libmagic1:amd64 (1:5.38-4) ...
Selecting previously unselected package file.
Preparing to unpack .../09-file_1%3a5.38-4_amd64.deb ...
Unpacking file (1:5.38-4) ...
Selecting previously unselected package gettext-base.
Preparing to unpack .../10-gettext-base_0.19.8.1-10_amd64.deb ...
Unpacking gettext-base (0.19.8.1-10) ...
Selecting previously unselected package libsigsegv2:amd64.
Preparing to unpack .../11-libsigsegv2_2.12-2_amd64.deb ...
Unpacking libsigsegv2:amd64 (2.12-2) ...
Selecting previously unselected package m4.
Preparing to unpack .../12-m4_1.4.18-4_amd64.deb ...
Unpacking m4 (1.4.18-4) ...
Selecting previously unselected package autoconf.
Preparing to unpack .../13-autoconf_2.69-11.1_all.deb ...
Unpacking autoconf (2.69-11.1) ...
Selecting previously unselected package autotools-dev.
Preparing to unpack .../14-autotools-dev_20180224.1_all.deb ...
Unpacking autotools-dev (20180224.1) ...
Selecting previously unselected package automake.
Preparing to unpack .../15-automake_1%3a1.16.1-4_all.deb ...
Unpacking automake (1:1.16.1-4) ...
Selecting previously unselected package autopoint.
Preparing to unpack .../16-autopoint_0.19.8.1-10_all.deb ...
Unpacking autopoint (0.19.8.1-10) ...
Selecting previously unselected package libssl1.1:amd64.
Preparing to unpack .../17-libssl1.1_1.1.1d-2_amd64.deb ...
Unpacking libssl1.1:amd64 (1.1.1d-2) ...
Selecting previously unselected package openssl.
Preparing to unpack .../18-openssl_1.1.1d-2_amd64.deb ...
Unpacking openssl (1.1.1d-2) ...
Selecting previously unselected package ca-certificates.
Preparing to unpack .../19-ca-certificates_20190110_all.deb ...
Unpacking ca-certificates (20190110) ...
Selecting previously unselected package libtool.
Preparing to unpack .../20-libtool_2.4.6-13_all.deb ...
Unpacking libtool (2.4.6-13) ...
Selecting previously unselected package dh-autoreconf.
Preparing to unpack .../21-dh-autoreconf_19_all.deb ...
Unpacking dh-autoreconf (19) ...
Selecting previously unselected package libdebhelper-perl.
Preparing to unpack .../22-libdebhelper-perl_12.9_all.deb ...
Unpacking libdebhelper-perl (12.9) ...
Selecting previously unselected package libarchive-zip-perl.
Preparing to unpack .../23-libarchive-zip-perl_1.67-1_all.deb ...
Unpacking libarchive-zip-perl (1.67-1) ...
Selecting previously unselected package libsub-override-perl.
Preparing to unpack .../24-libsub-override-perl_0.09-2_all.deb ...
Unpacking libsub-override-perl (0.09-2) ...
Selecting previously unselected package libfile-stripnondeterminism-perl.
Preparing to unpack .../25-libfile-stripnondeterminism-perl_1.6.3-2_all.deb ...
Unpacking libfile-stripnondeterminism-perl (1.6.3-2) ...
Selecting previously unselected package dh-strip-nondeterminism.
Preparing to unpack .../26-dh-strip-nondeterminism_1.6.3-2_all.deb ...
Unpacking dh-strip-nondeterminism (1.6.3-2) ...
Selecting previously unselected package libelf1:amd64.
Preparing to unpack .../27-libelf1_0.176-1.1_amd64.deb ...
Unpacking libelf1:amd64 (0.176-1.1) ...
Selecting previously unselected package dwz.
Preparing to unpack .../28-dwz_0.13-5_amd64.deb ...
Unpacking dwz (0.13-5) ...
Selecting previously unselected package libglib2.0-0:amd64.
Preparing to unpack .../29-libglib2.0-0_2.62.4-2_amd64.deb ...
Unpacking libglib2.0-0:amd64 (2.62.4-2) ...
Selecting previously unselected package libicu63:amd64.
Preparing to unpack .../30-libicu63_63.2-2_amd64.deb ...
Unpacking libicu63:amd64 (63.2-2) ...
Selecting previously unselected package libxml2:amd64.
Preparing to unpack .../31-libxml2_2.9.10+dfsg-3_amd64.deb ...
Unpacking libxml2:amd64 (2.9.10+dfsg-3) ...
Selecting previously unselected package libcroco3:amd64.
Preparing to unpack .../32-libcroco3_0.6.13-1_amd64.deb ...
Unpacking libcroco3:amd64 (0.6.13-1) ...
Selecting previously unselected package gettext.
Preparing to unpack .../33-gettext_0.19.8.1-10_amd64.deb ...
Unpacking gettext (0.19.8.1-10) ...
Selecting previously unselected package intltool-debian.
Preparing to unpack .../34-intltool-debian_0.35.0+20060710.5_all.deb ...
Unpacking intltool-debian (0.35.0+20060710.5) ...
Selecting previously unselected package po-debconf.
Preparing to unpack .../35-po-debconf_1.0.21_all.deb ...
Unpacking po-debconf (1.0.21) ...
Selecting previously unselected package debhelper.
Preparing to unpack .../36-debhelper_12.9_all.deb ...
Unpacking debhelper (12.9) ...
Selecting previously unselected package libcarp-clan-perl.
Preparing to unpack .../37-libcarp-clan-perl_6.08-1_all.deb ...
Unpacking libcarp-clan-perl (6.08-1) ...
Selecting previously unselected package libbit-vector-perl.
Preparing to unpack .../38-libbit-vector-perl_7.4-1+b6_amd64.deb ...
Unpacking libbit-vector-perl (7.4-1+b6) ...
Selecting previously unselected package libconfig-inifiles-perl.
Preparing to unpack .../39-libconfig-inifiles-perl_3.000002-1_all.deb ...
Unpacking libconfig-inifiles-perl (3.000002-1) ...
Selecting previously unselected package libdate-manip-perl.
Preparing to unpack .../40-libdate-manip-perl_6.79-1_all.deb ...
Unpacking libdate-manip-perl (6.79-1) ...
Selecting previously unselected package libdbi-perl:amd64.
Preparing to unpack .../41-libdbi-perl_1.643-1_amd64.deb ...
Unpacking libdbi-perl:amd64 (1.643-1) ...
Selecting previously unselected package libsqlite3-0:amd64.
Preparing to unpack .../42-libsqlite3-0_3.31.1-3_amd64.deb ...
Unpacking libsqlite3-0:amd64 (3.31.1-3) ...
Selecting previously unselected package libdbd-sqlite3-perl:amd64.
Preparing to unpack .../43-libdbd-sqlite3-perl_1.64-1+b1_amd64.deb ...
Unpacking libdbd-sqlite3-perl:amd64 (1.64-1+b1) ...
Selecting previously unselected package libencode-detect-perl.
Preparing to unpack .../44-libencode-detect-perl_1.01-5+b2_amd64.deb ...
Unpacking libencode-detect-perl (1.01-5+b2) ...
Selecting previously unselected package libencode-locale-perl.
Preparing to unpack .../45-libencode-locale-perl_1.05-1_all.deb ...
Unpacking libencode-locale-perl (1.05-1) ...
Selecting previously unselected package libexpat1:amd64.
Preparing to unpack .../46-libexpat1_2.2.9-1_amd64.deb ...
Unpacking libexpat1:amd64 (2.2.9-1) ...
Selecting previously unselected package libexporter-tiny-perl.
Preparing to unpack .../47-libexporter-tiny-perl_1.002001-1_all.deb ...
Unpacking libexporter-tiny-perl (1.002001-1) ...
Selecting previously unselected package libipc-system-simple-perl.
Preparing to unpack .../48-libipc-system-simple-perl_1.26-1_all.deb ...
Unpacking libipc-system-simple-perl (1.26-1) ...
Selecting previously unselected package libfile-basedir-perl.
Preparing to unpack .../49-libfile-basedir-perl_0.08-1_all.deb ...
Unpacking libfile-basedir-perl (0.08-1) ...
Selecting previously unselected package liburi-perl.
Preparing to unpack .../50-liburi-perl_1.76-2_all.deb ...
Unpacking liburi-perl (1.76-2) ...
Selecting previously unselected package libfile-desktopentry-perl.
Preparing to unpack .../51-libfile-desktopentry-perl_0.22-1_all.deb ...
Unpacking libfile-desktopentry-perl (0.22-1) ...
Selecting previously unselected package libtimedate-perl.
Preparing to unpack .../52-libtimedate-perl_2.3100-1_all.deb ...
Unpacking libtimedate-perl (2.3100-1) ...
Selecting previously unselected package libhttp-date-perl.
Preparing to unpack .../53-libhttp-date-perl_6.05-1_all.deb ...
Unpacking libhttp-date-perl (6.05-1) ...
Selecting previously unselected package libfile-listing-perl.
Preparing to unpack .../54-libfile-listing-perl_6.04-1_all.deb ...
Unpacking libfile-listing-perl (6.04-1) ...
Selecting previously unselected package shared-mime-info.
Preparing to unpack .../55-shared-mime-info_1.10-1_amd64.deb ...
Unpacking shared-mime-info (1.10-1) ...
Selecting previously unselected package libfile-mimeinfo-perl.
Preparing to unpack .../56-libfile-mimeinfo-perl_0.29-1_all.deb ...
Unpacking libfile-mimeinfo-perl (0.29-1) ...
Selecting previously unselected package libfile-slurp-perl.
Preparing to unpack .../57-libfile-slurp-perl_9999.28-1_all.deb ...
Unpacking libfile-slurp-perl (9999.28-1) ...
Selecting previously unselected package libfile-which-perl.
Preparing to unpack .../58-libfile-which-perl_1.23-1_all.deb ...
Unpacking libfile-which-perl (1.23-1) ...
Selecting previously unselected package libgetopt-argvfile-perl.
Preparing to unpack .../59-libgetopt-argvfile-perl_1.11-3_all.deb ...
Unpacking libgetopt-argvfile-perl (1.11-3) ...
Selecting previously unselected package libhtml-tagset-perl.
Preparing to unpack .../60-libhtml-tagset-perl_3.20-4_all.deb ...
Unpacking libhtml-tagset-perl (3.20-4) ...
Selecting previously unselected package libhtml-parser-perl.
Preparing to unpack .../61-libhtml-parser-perl_3.72-5_amd64.deb ...
Unpacking libhtml-parser-perl (3.72-5) ...
Selecting previously unselected package libhtml-tree-perl.
Preparing to unpack .../62-libhtml-tree-perl_5.07-2_all.deb ...
Unpacking libhtml-tree-perl (5.07-2) ...
Selecting previously unselected package libio-html-perl.
Preparing to unpack .../63-libio-html-perl_1.001-1_all.deb ...
Unpacking libio-html-perl (1.001-1) ...
Selecting previously unselected package liblwp-mediatypes-perl.
Preparing to unpack .../64-liblwp-mediatypes-perl_6.04-1_all.deb ...
Unpacking liblwp-mediatypes-perl (6.04-1) ...
Selecting previously unselected package libhttp-message-perl.
Preparing to unpack .../65-libhttp-message-perl_6.18-1_all.deb ...
Unpacking libhttp-message-perl (6.18-1) ...
Selecting previously unselected package libhttp-cookies-perl.
Preparing to unpack .../66-libhttp-cookies-perl_6.08-1_all.deb ...
Unpacking libhttp-cookies-perl (6.08-1) ...
Selecting previously unselected package libhttp-negotiate-perl.
Preparing to unpack .../67-libhttp-negotiate-perl_6.01-1_all.deb ...
Unpacking libhttp-negotiate-perl (6.01-1) ...
Selecting previously unselected package libimage-size-perl.
Preparing to unpack .../68-libimage-size-perl_3.300-1_all.deb ...
Unpacking libimage-size-perl (3.300-1) ...
Selecting previously unselected package perl-openssl-defaults:amd64.
Preparing to unpack .../69-perl-openssl-defaults_4_amd64.deb ...
Unpacking perl-openssl-defaults:amd64 (4) ...
Selecting previously unselected package libnet-ssleay-perl.
Preparing to unpack .../70-libnet-ssleay-perl_1.88-2_amd64.deb ...
Unpacking libnet-ssleay-perl (1.88-2) ...
Selecting previously unselected package libio-socket-ssl-perl.
Preparing to unpack .../71-libio-socket-ssl-perl_2.067-1_all.deb ...
Unpacking libio-socket-ssl-perl (2.067-1) ...
Selecting previously unselected package libjs-jquery.
Preparing to unpack .../72-libjs-jquery_3.3.1~dfsg-3_all.deb ...
Unpacking libjs-jquery (3.3.1~dfsg-3) ...
Selecting previously unselected package libjs-prettify.
Preparing to unpack .../73-libjs-prettify_2015.12.04+dfsg-1.1_all.deb ...
Unpacking libjs-prettify (2015.12.04+dfsg-1.1) ...
Selecting previously unselected package libparse-recdescent-perl.
Preparing to unpack .../74-libparse-recdescent-perl_1.967015+dfsg-2_all.deb ...
Unpacking libparse-recdescent-perl (1.967015+dfsg-2) ...
Selecting previously unselected package liblingua-en-nameparse-perl.
Preparing to unpack .../75-liblingua-en-nameparse-perl_1.38-1_all.deb ...
Unpacking liblingua-en-nameparse-perl (1.38-1) ...
Selecting previously unselected package liblist-moreutils-perl.
Preparing to unpack .../76-liblist-moreutils-perl_0.416-1+b5_amd64.deb ...
Unpacking liblist-moreutils-perl (0.416-1+b5) ...
Selecting previously unselected package libnet-http-perl.
Preparing to unpack .../77-libnet-http-perl_6.19-1_all.deb ...
Unpacking libnet-http-perl (6.19-1) ...
Selecting previously unselected package libtry-tiny-perl.
Preparing to unpack .../78-libtry-tiny-perl_0.30-1_all.deb ...
Unpacking libtry-tiny-perl (0.30-1) ...
Selecting previously unselected package libwww-robotrules-perl.
Preparing to unpack .../79-libwww-robotrules-perl_6.02-1_all.deb ...
Unpacking libwww-robotrules-perl (6.02-1) ...
Selecting previously unselected package libwww-perl.
Preparing to unpack .../80-libwww-perl_6.43-1_all.deb ...
Unpacking libwww-perl (6.43-1) ...
Selecting previously unselected package liblwp-protocol-https-perl.
Preparing to unpack .../81-liblwp-protocol-https-perl_6.07-2_all.deb ...
Unpacking liblwp-protocol-https-perl (6.07-2) ...
Selecting previously unselected package libmodule-build-perl.
Preparing to unpack .../82-libmodule-build-perl_0.423100-1_all.deb ...
Adding 'diversion of /usr/bin/config_data to /usr/bin/config_data.diverted by libmodule-build-perl'
Adding 'diversion of /usr/share/man/man1/config_data.1.gz to /usr/share/man/man1/config_data.diverted.1.gz by libmodule-build-perl'
Unpacking libmodule-build-perl (0.423100-1) ...
Selecting previously unselected package libmojolicious-perl.
Preparing to unpack .../83-libmojolicious-perl_8.33+dfsg-1_all.deb ...
Unpacking libmojolicious-perl (8.33+dfsg-1) ...
Selecting previously unselected package libossp-uuid16:amd64.
Preparing to unpack .../84-libossp-uuid16_1.6.2-1.5+b8_amd64.deb ...
Unpacking libossp-uuid16:amd64 (1.6.2-1.5+b8) ...
Selecting previously unselected package libossp-uuid-perl.
Preparing to unpack .../85-libossp-uuid-perl_1.6.2-1.5+b8_amd64.deb ...
Unpacking libossp-uuid-perl (1.6.2-1.5+b8) ...
Selecting previously unselected package libpalm-pdb-perl.
Preparing to unpack .../86-libpalm-pdb-perl_1.400-1_all.deb ...
Unpacking libpalm-pdb-perl (1.400-1) ...
Selecting previously unselected package libpalm-perl.
Preparing to unpack .../87-libpalm-perl_1%3a1.400-1_all.deb ...
Unpacking libpalm-perl (1:1.400-1) ...
Selecting previously unselected package libstring-crc32-perl.
Preparing to unpack .../88-libstring-crc32-perl_1.8-1_amd64.deb ...
Unpacking libstring-crc32-perl (1.8-1) ...
Selecting previously unselected package libtie-ixhash-perl.
Preparing to unpack .../89-libtie-ixhash-perl_1.23-2_all.deb ...
Unpacking libtie-ixhash-perl (1.23-2) ...
Selecting previously unselected package libxml-parser-perl.
Preparing to unpack .../90-libxml-parser-perl_2.46-1+b1_amd64.deb ...
Unpacking libxml-parser-perl (2.46-1+b1) ...
Selecting previously unselected package libxml-twig-perl.
Preparing to unpack .../91-libxml-twig-perl_1%3a3.50-2_all.deb ...
Unpacking libxml-twig-perl (1:3.50-2) ...
Selecting previously unselected package libyaml-syck-perl.
Preparing to unpack .../92-libyaml-syck-perl_1.32-2_amd64.deb ...
Unpacking libyaml-syck-perl (1.32-2) ...
Selecting previously unselected package txt2html.
Preparing to unpack .../93-txt2html_1%3a2.53-2_all.deb ...
Unpacking txt2html (1:2.53-2) ...
Selecting previously unselected package sbuild-build-depends-main-dummy.
Preparing to unpack .../94-sbuild-build-depends-main-dummy_0.invalid.0_amd64.deb ...
Unpacking sbuild-build-depends-main-dummy (0.invalid.0) ...
Setting up libconfig-inifiles-perl (3.000002-1) ...
Setting up libexpat1:amd64 (2.2.9-1) ...
Setting up libpipeline1:amd64 (1.5.2-2) ...
Setting up libfile-which-perl (1.23-1) ...
Setting up libfile-slurp-perl (9999.28-1) ...
Setting up libtie-ixhash-perl (1.23-2) ...
Setting up libmagic-mgc (1:5.38-4) ...
Setting up libarchive-zip-perl (1.67-1) ...
Setting up libglib2.0-0:amd64 (2.62.4-2) ...
No schema files found: doing nothing.
Setting up libssl1.1:amd64 (1.1.1d-2) ...
Setting up libhtml-tagset-perl (3.20-4) ...
Setting up libdebhelper-perl (12.9) ...
Setting up libsqlite3-0:amd64 (3.31.1-3) ...
Setting up liblwp-mediatypes-perl (6.04-1) ...
Setting up libtry-tiny-perl (0.30-1) ...
Setting up libmagic1:amd64 (1:5.38-4) ...
Setting up perl-openssl-defaults:amd64 (4) ...
Setting up gettext-base (0.19.8.1-10) ...
Setting up libencode-locale-perl (1.05-1) ...
Setting up file (1:5.38-4) ...
Setting up libossp-uuid16:amd64 (1.6.2-1.5+b8) ...
Setting up libicu63:amd64 (63.2-2) ...
Setting up libimage-size-perl (3.300-1) ...
Setting up libmodule-build-perl (0.423100-1) ...
Setting up libyaml-syck-perl (1.32-2) ...
Setting up autotools-dev (20180224.1) ...
Setting up libstring-crc32-perl (1.8-1) ...
Setting up libipc-system-simple-perl (1.26-1) ...
Setting up libsigsegv2:amd64 (2.12-2) ...
Setting up bsdmainutils (11.1.2+b1) ...
update-alternatives: using /usr/bin/bsd-write to provide /usr/bin/write (write) in auto mode
update-alternatives: using /usr/bin/bsd-from to provide /usr/bin/from (from) in auto mode
Setting up libio-html-perl (1.001-1) ...
Setting up libgetopt-argvfile-perl (1.11-3) ...
Setting up autopoint (0.19.8.1-10) ...
Setting up libpalm-pdb-perl (1.400-1) ...
Setting up libtimedate-perl (2.3100-1) ...
Setting up libparse-recdescent-perl (1.967015+dfsg-2) ...
Setting up sensible-utils (0.0.12+nmu1) ...
Setting up libuchardet0:amd64 (0.0.6-3) ...
Setting up libsub-override-perl (0.09-2) ...
Setting up libcarp-clan-perl (6.08-1) ...
Setting up netbase (6.1) ...
Setting up libjs-prettify (2015.12.04+dfsg-1.1) ...
Setting up libjs-jquery (3.3.1~dfsg-3) ...
Setting up libexporter-tiny-perl (1.002001-1) ...
Setting up openssl (1.1.1d-2) ...
Setting up libelf1:amd64 (0.176-1.1) ...
Setting up libxml2:amd64 (2.9.10+dfsg-3) ...
Setting up liburi-perl (1.76-2) ...
Setting up libdbi-perl:amd64 (1.643-1) ...
Setting up libdate-manip-perl (6.79-1) ...
Setting up libencode-detect-perl (1.01-5+b2) ...
Setting up libnet-ssleay-perl (1.88-2) ...
Setting up libfile-stripnondeterminism-perl (1.6.3-2) ...
Setting up txt2html (1:2.53-2) ...
Setting up libhttp-date-perl (6.05-1) ...
Setting up libfile-basedir-perl (0.08-1) ...
Setting up libpalm-perl (1:1.400-1) ...
Setting up libossp-uuid-perl (1.6.2-1.5+b8) ...
Setting up libfile-listing-perl (6.04-1) ...
Setting up libtool (2.4.6-13) ...
Setting up liblingua-en-nameparse-perl (1.38-1) ...
Setting up liblist-moreutils-perl (0.416-1+b5) ...
Setting up libmojolicious-perl (8.33+dfsg-1) ...
Setting up libnet-http-perl (6.19-1) ...
Setting up m4 (1.4.18-4) ...
Setting up libbit-vector-perl (7.4-1+b6) ...
Setting up ca-certificates (20190110) ...
Updating certificates in /etc/ssl/certs...
128 added, 0 removed; done.
Setting up shared-mime-info (1.10-1) ...
Setting up libcroco3:amd64 (0.6.13-1) ...
Setting up libfile-desktopentry-perl (0.22-1) ...
Setting up autoconf (2.69-11.1) ...
Setting up dh-strip-nondeterminism (1.6.3-2) ...
Setting up libwww-robotrules-perl (6.02-1) ...
Setting up dwz (0.13-5) ...
Setting up groff-base (1.22.4-4) ...
Setting up libhtml-parser-perl (3.72-5) ...
Setting up libdbd-sqlite3-perl:amd64 (1.64-1+b1) ...
Setting up libio-socket-ssl-perl (2.067-1) ...
Setting up libhttp-message-perl (6.18-1) ...
Setting up automake (1:1.16.1-4) ...
update-alternatives: using /usr/bin/automake-1.16 to provide /usr/bin/automake (automake) in auto mode
Setting up libfile-mimeinfo-perl (0.29-1) ...
Setting up libhttp-negotiate-perl (6.01-1) ...
Setting up gettext (0.19.8.1-10) ...
Setting up libhttp-cookies-perl (6.08-1) ...
Setting up libhtml-tree-perl (5.07-2) ...
Setting up man-db (2.9.0-2) ...
Not building database; man-db/auto-update is not 'true'.
Setting up intltool-debian (0.35.0+20060710.5) ...
Setting up po-debconf (1.0.21) ...
Setting up libwww-perl (6.43-1) ...
Setting up dh-autoreconf (19) ...
Setting up liblwp-protocol-https-perl (6.07-2) ...
Setting up libxml-parser-perl (2.46-1+b1) ...
Setting up libxml-twig-perl (1:3.50-2) ...
Setting up debhelper (12.9) ...
Setting up sbuild-build-depends-main-dummy (0.invalid.0) ...
Processing triggers for libc-bin (2.29-10) ...
Processing triggers for ca-certificates (20190110) ...
Updating certificates in /etc/ssl/certs...
0 added, 0 removed; done.
Running hooks in /etc/ca-certificates/update.d...
done.

+------------------------------------------------------------------------------+
| Check architectures                                                          |
+------------------------------------------------------------------------------+

Arch check ok (amd64 included in any)

+------------------------------------------------------------------------------+
| Build environment                                                            |
+------------------------------------------------------------------------------+

Kernel: Linux 4.19.0-6-cloud-amd64 #1 SMP Debian 4.19.67-2+deb10u2 (2019-11-11) amd64 (x86_64)
Toolchain package versions: binutils_2.34-3 dpkg-dev_1.19.7 g++-9_9.2.1-29 gcc-9_9.2.1-29 libc6-dev_2.29-10 libstdc++-8-dev_8.3.0-29 libstdc++-9-dev_9.2.1-29 libstdc++6_10-20200222-1 linux-libc-dev_5.4.19-1
Package versions: adduser_3.118 apt_1.8.4 autoconf_2.69-11.1 automake_1:1.16.1-4 autopoint_0.19.8.1-10 autotools-dev_20180224.1 base-files_11 base-passwd_3.5.47 bash_5.0-5 binutils_2.34-3 binutils-common_2.34-3 binutils-x86-64-linux-gnu_2.34-3 bsdmainutils_11.1.2+b1 bsdutils_1:2.34-0.1 build-essential_12.8 bzip2_1.0.8-2 ca-certificates_20190110 clang-9_1:9.0.1-8 coreutils_8.30-3+b1 cpp_4:9.2.1-3.1 cpp-9_9.2.1-29 dash_0.5.10.2-6 debconf_1.5.73 debhelper_12.9 debian-archive-keyring_2019.1 debianutils_4.9.1 dh-autoreconf_19 dh-strip-nondeterminism_1.6.3-2 diffutils_1:3.7-3 dpkg_1.19.7 dpkg-dev_1.19.7 dwz_0.13-5 e2fsprogs_1.45.5-2 fakeroot_1.24-1 fdisk_2.34-0.1 file_1:5.38-4 findutils_4.7.0-1 g++_4:9.2.1-3.1 g++-9_9.2.1-29 gcc_4:9.2.1-3.1 gcc-10-base_10-20200222-1 gcc-8-base_8.3.0-29 gcc-9_9.2.1-29 gcc-9-base_9.2.1-29 gettext_0.19.8.1-10 gettext-base_0.19.8.1-10 gpgv_2.2.19-1 grep_3.4-1 groff-base_1.22.4-4 gzip_1.9-3+b1 hostname_3.23 init-system-helpers_1.57 intltool-debian_0.35.0+20060710.5 lib32gcc-s1_10-20200222-1 lib32gcc1_1:10-20200222-1 lib32stdc++6_10-20200222-1 libacl1_2.2.53-5 libapt-pkg5.0_1.8.4 libarchive-zip-perl_1.67-1 libasan5_9.2.1-29 libatomic1_10-20200222-1 libattr1_1:2.4.48-5 libaudit-common_1:2.8.5-2 libaudit1_1:2.8.5-2+b1 libbinutils_2.34-3 libbit-vector-perl_7.4-1+b6 libblkid1_2.34-0.1 libbsd0_0.10.0-1 libbz2-1.0_1.0.8-2 libc-bin_2.29-10 libc-dev-bin_2.29-10 libc6_2.29-10 libc6-dev_2.29-10 libc6-i386_2.29-10 libcap-ng0_0.7.9-2.1+b1 libcarp-clan-perl_6.08-1 libcc1-0_10-20200222-1 libclang-common-9-dev_1:9.0.1-8 libclang-cpp9_1:9.0.1-8 libcom-err2_1.45.5-2 libconfig-inifiles-perl_3.000002-1 libcroco3_0.6.13-1 libcrypt-dev_1:4.4.10-10 libcrypt1_1:4.4.10-10 libctf-nobfd0_2.34-3 libctf0_2.34-3 libdate-manip-perl_6.79-1 libdb5.3_5.3.28+dfsg1-0.6 libdbd-sqlite3-perl_1.64-1+b1 libdbi-perl_1.643-1 libdebconfclient0_0.251 libdebhelper-perl_12.9 libdpkg-perl_1.19.7 libedit2_3.1-20191231-1 libelf1_0.176-1.1 libencode-detect-perl_1.01-5+b2 libencode-locale-perl_1.05-1 libexpat1_2.2.9-1 libexporter-tiny-perl_1.002001-1 libext2fs2_1.45.5-2 libfakeroot_1.24-1 libfdisk1_2.34-0.1 libffi7_3.3-3 libfile-basedir-perl_0.08-1 libfile-desktopentry-perl_0.22-1 libfile-listing-perl_6.04-1 libfile-mimeinfo-perl_0.29-1 libfile-slurp-perl_9999.28-1 libfile-stripnondeterminism-perl_1.6.3-2 libfile-which-perl_1.23-1 libgc1c2_1:7.6.4-0.4 libgcc-8-dev_8.3.0-29 libgcc-9-dev_9.2.1-29 libgcc-s1_10-20200222-1 libgcc1_1:10-20200222-1 libgcrypt20_1.8.5-5 libgdbm-compat4_1.18.1-5 libgdbm6_1.18.1-5 libgetopt-argvfile-perl_1.11-3 libglib2.0-0_2.62.4-2 libgmp10_2:6.2.0+dfsg-4 libgnutls30_3.6.12-2 libgomp1_10-20200222-1 libgpg-error0_1.37-1 libhogweed5_3.5.1+really3.5.1-2 libhtml-parser-perl_3.72-5 libhtml-tagset-perl_3.20-4 libhtml-tree-perl_5.07-2 libhttp-cookies-perl_6.08-1 libhttp-date-perl_6.05-1 libhttp-message-perl_6.18-1 libhttp-negotiate-perl_6.01-1 libicu63_63.2-2 libidn2-0_2.2.0-2 libimage-size-perl_3.300-1 libio-html-perl_1.001-1 libio-socket-ssl-perl_2.067-1 libipc-system-simple-perl_1.26-1 libisl22_0.22.1-1 libitm1_10-20200222-1 libjs-jquery_3.3.1~dfsg-3 libjs-prettify_2015.12.04+dfsg-1.1 liblingua-en-nameparse-perl_1.38-1 liblist-moreutils-perl_0.416-1+b5 libllvm9_1:9.0.1-8 liblsan0_10-20200222-1 liblwp-mediatypes-perl_6.04-1 liblwp-protocol-https-perl_6.07-2 liblz4-1_1.9.2-2 liblzma5_5.2.4-1+b1 libmagic-mgc_1:5.38-4 libmagic1_1:5.38-4 libmodule-build-perl_0.423100-1 libmojolicious-perl_8.33+dfsg-1 libmount1_2.34-0.1 libmpc3_1.1.0-1 libmpfr6_4.0.2-1 libmpx2_8.3.0-29 libncursesw6_6.1+20191019-1 libnet-http-perl_6.19-1 libnet-ssleay-perl_1.88-2 libnettle7_3.5.1+really3.5.1-2 libobjc-8-dev_8.3.0-29 libobjc-9-dev_9.2.1-29 libobjc4_10-20200222-1 libomp-9-dev_1:9.0.1-8 libomp5-9_1:9.0.1-8 libossp-uuid-perl_1.6.2-1.5+b8 libossp-uuid16_1.6.2-1.5+b8 libp11-kit0_0.23.20-1 libpalm-pdb-perl_1.400-1 libpalm-perl_1:1.400-1 libpam-modules_1.3.1-5 libpam-modules-bin_1.3.1-5 libpam-runtime_1.3.1-5 libpam0g_1.3.1-5 libparse-recdescent-perl_1.967015+dfsg-2 libpcre2-8-0_10.34-7 libpcre3_2:8.39-12+b1 libperl5.30_5.30.0-9 libpipeline1_1.5.2-2 libquadmath0_10-20200222-1 libseccomp2_2.4.2-2 libselinux1_3.0-1+b1 libsemanage-common_3.0-1 libsemanage1_3.0-1+b1 libsepol1_3.0-1 libsigsegv2_2.12-2 libsmartcols1_2.34-0.1 libsqlite3-0_3.31.1-3 libss2_1.45.5-2 libssl1.1_1.1.1d-2 libstdc++-8-dev_8.3.0-29 libstdc++-9-dev_9.2.1-29 libstdc++6_10-20200222-1 libstring-crc32-perl_1.8-1 libsub-override-perl_0.09-2 libsystemd0_244.3-1 libtasn1-6_4.16.0-2 libtie-ixhash-perl_1.23-2 libtimedate-perl_2.3100-1 libtinfo6_6.1+20191019-1 libtool_2.4.6-13 libtry-tiny-perl_0.30-1 libtsan0_10-20200222-1 libubsan1_10-20200222-1 libuchardet0_0.0.6-3 libudev1_244.3-1 libunistring2_0.9.10-2 liburi-perl_1.76-2 libuuid1_2.34-0.1 libwww-perl_6.43-1 libwww-robotrules-perl_6.02-1 libxml-parser-perl_2.46-1+b1 libxml-twig-perl_1:3.50-2 libxml2_2.9.10+dfsg-3 libyaml-syck-perl_1.32-2 libz3-4_4.8.7-4 libzstd1_1.4.4+dfsg-3 linux-libc-dev_5.4.19-1 login_1:4.8.1-1 logsave_1.45.5-2 lsb-base_11.1.0 m4_1.4.18-4 make_4.2.1-1.2 man-db_2.9.0-2 mawk_1.3.4.20200120-2 mount_2.34-0.1 ncurses-base_6.1+20191019-1 ncurses-bin_6.1+20191019-1 netbase_6.1 openssl_1.1.1d-2 passwd_1:4.8.1-1 patch_2.7.6-6 perl_5.30.0-9 perl-base_5.30.0-9 perl-modules-5.30_5.30.0-9 perl-openssl-defaults_4 po-debconf_1.0.21 sbuild-build-depends-main-dummy_0.invalid.0 sed_4.7-1 sensible-utils_0.0.12+nmu1 shared-mime-info_1.10-1 sysvinit-utils_2.96-2.1 tar_1.30+dfsg-6+b1 txt2html_1:2.53-2 tzdata_2019c-3 util-linux_2.34-0.1 xz-utils_5.2.4-1+b1 zlib1g_1:1.2.11.dfsg-1.2

+------------------------------------------------------------------------------+
| Build                                                                        |
+------------------------------------------------------------------------------+


Unpack source
-------------

-----BEGIN PGP SIGNED MESSAGE-----
Hash: SHA256

Format: 1.0
Source: libebook-tools-perl
Binary: libebook-tools-perl
Architecture: any
Version: 0.5.4-1.3
Maintainer: Zed Pobre <zed@debian.org>
Homepage: http://search.cpan.org/dist/EBook-Tools/
Standards-Version: 3.9.5
Vcs-Git: git://github.com/AZed/ebook-tools.git
Build-Depends: debhelper (>= 8), perl (>= 5.10.1), libarchive-zip-perl, libbit-vector-perl, libconfig-inifiles-perl, libdate-manip-perl, libdbd-sqlite3-perl, libdbi-perl, libencode-detect-perl, libfile-mimeinfo-perl, libfile-slurp-perl, libfile-which-perl, libhtml-parser-perl, libimage-size-perl, liblingua-en-nameparse-perl, liblist-moreutils-perl, libmodule-build-perl, libmojolicious-perl (>= 3), libossp-uuid-perl, libpalm-perl, libstring-crc32-perl, libtie-ixhash-perl, libtime-local-perl, libwww-perl, libxml-twig-perl, txt2html
Package-List:
 libebook-tools-perl deb perl optional arch=any
Checksums-Sha1:
 1e8dee2f0109503b97b0725a2b0c0c4e5a72a0bb 725633 libebook-tools-perl_0.5.4.orig.tar.gz
 551c3e773f10e9c8206f6bdd03513041e880b9b8 3197 libebook-tools-perl_0.5.4-1.3.diff.gz
Checksums-Sha256:
 2a94808f611da58086ed151c1348fcf9c9ffab7822fef8457eeac3376fa1a81a 725633 libebook-tools-perl_0.5.4.orig.tar.gz
 ee379a3526424b4fd6119862a75e6c803ffc2bc01be5c2e2f3cd85dc3c832f34 3197 libebook-tools-perl_0.5.4-1.3.diff.gz
Files:
 966b18314056a380fe660d87f104e45a 725633 libebook-tools-perl_0.5.4.orig.tar.gz
 e4e195cd25f36a9e0b28d54fbe7babc3 3197 libebook-tools-perl_0.5.4-1.3.diff.gz

-----BEGIN PGP SIGNATURE-----

iQIzBAEBCAAdFiEERoyJeTtCmBnp12Ema+Zjx1o1yXUFAlkjU+sACgkQa+Zjx1o1
yXUqgw//a/HKRBjil3shr/x3Tkgq21/Xkc4TlCrFLd8dM+AmfZguXHsQ62jF6M2E
RRO8tJaIMVLy82TZxr2bs+zN4s/OO+vHifWelRD1fFzEla/xHaoMWYRpsbHDPwmN
39sDQ6Un5q6wjONdQuIxurGyLrsQbVQvcR9XHXavba+zNsFoaWPHyBzel1007ZYg
/AnjJET8ME0vH19CG42EGcNPWgpcLXMXj+rHO3sR2/wQfZuJNtGtfFdmLdmSDlBp
bJ1KhRN2M3iLC1CDmkk9vCUN44p6UkSv4DdLaQmkbohrcNToVw911zIFWpd6wh+H
SuPxsdQL8ZMgYwa0miTcyYkPIMKk67Q7SgRuREivgHjHABiA/fVyvAdtU2cKuCAn
cjxbiVzinzUREraokwDLFB11c8Jv9qZGwm7wl83VEP+j4OaXczGrLX+BoKIy3cC9
qqgPaDVELzPPz/zHroSyppTI5tLg5/xlDMYXqaxiHW5LBE1ENN1VweGpcZGgNabe
U1N1g8xu8JheaZYZVf73N89cdf0tX0QVkN7NsBEtIjn/rA7KAAfQHOypLY2SJmqr
IyqnTHPB3xdS2bpXSjTjnLugQiBG20JZayblp9dqH/3PaCbwnyWH/73gqBLhBySb
nnO1YrR9FcmIIwqCpAO6BD9M0qOkJpSzEQ/KtaLiqx0nSZ2m8xA=
=SKQC
-----END PGP SIGNATURE-----

gpgv: unknown type of key resource 'trustedkeys.kbx'
gpgv: keyblock resource '/sbuild-nonexistent/.gnupg/trustedkeys.kbx': General error
gpgv: Signature made Mon May 22 21:11:07 2017 UTC
gpgv:                using RSA key 468C89793B429819E9D761266BE663C75A35C975
gpgv: Can't check signature: No public key
dpkg-source: warning: failed to verify signature on ./libebook-tools-perl_0.5.4-1.3.dsc
dpkg-source: info: extracting libebook-tools-perl in /<<PKGBUILDDIR>>
dpkg-source: info: unpacking libebook-tools-perl_0.5.4.orig.tar.gz
dpkg-source: info: applying libebook-tools-perl_0.5.4-1.3.diff.gz

Check disk space
----------------

Sufficient free space for build

User Environment
----------------

APT_CONFIG=/var/lib/sbuild/apt.conf
HOME=/sbuild-nonexistent
LANG=C.UTF-8
LC_ALL=C.UTF-8
LOGNAME=user42
PATH=/usr/local/sbin:/usr/local/bin:/usr/sbin:/usr/bin:/sbin:/bin:/usr/games
SCHROOT_ALIAS_NAME=unstable
SCHROOT_CHROOT_NAME=sid-amd64-sbuild
SCHROOT_COMMAND=env
SCHROOT_GID=1001
SCHROOT_GROUP=user42
SCHROOT_SESSION_ID=sid-amd64-sbuild-b2dbe310-f84e-46e4-8097-d2a7fa86e10e
SCHROOT_UID=1001
SCHROOT_USER=user42
SHELL=/bin/sh
USER=user42

dpkg-buildpackage
-----------------

Command: dpkg-buildpackage -us -uc -b -rfakeroot
dpkg-buildpackage: info: source package libebook-tools-perl
dpkg-buildpackage: info: source version 0.5.4-1.3
dpkg-buildpackage: info: source distribution unstable
dpkg-buildpackage: info: source changed by Axel Beckert <abe@debian.org>
 dpkg-source --before-build .
dpkg-buildpackage: info: host architecture amd64
 fakeroot debian/rules clean
dh clean
dh: warning: Compatibility levels before 9 are deprecated (level 7 in use)
   dh_clean
dh_clean: warning: Compatibility levels before 9 are deprecated (level 7 in use)
 debian/rules build
dh build
dh: warning: Compatibility levels before 9 are deprecated (level 7 in use)
   dh_update_autotools_config
   dh_auto_configure
dh_auto_configure: warning: Compatibility levels before 9 are deprecated (level 7 in use)
	perl -I. Makefile.PL INSTALLDIRS=vendor create_packlist=0
# running Build.PL --installdirs vendor --create_packlist 0
Created MYMETA.yml and MYMETA.json
Creating new 'Build' script for 'EBook-Tools' version 'v0.5.4'
   dh_auto_build
dh_auto_build: warning: Compatibility levels before 9 are deprecated (level 7 in use)
	make -j1
make[1]: Entering directory '/<<PKGBUILDDIR>>'
/usr/bin/perl Build --makefile_env_macros 1
Building EBook-Tools
make[1]: Leaving directory '/<<PKGBUILDDIR>>'
   dh_auto_test
dh_auto_test: warning: Compatibility levels before 9 are deprecated (level 7 in use)
	make -j1 test TEST_VERBOSE=1
make[1]: Entering directory '/<<PKGBUILDDIR>>'
/usr/bin/perl Build --makefile_env_macros 1 test
t/00-errorhandling.t ....... 
1..32
ok 1 - use EBook::Tools;
ok 2 - use EBook::Tools::BISG;
ok 3 - 'EBook::Tools->new()' isa 'EBook::Tools'
ok 4 - new() has undefined opffile
ok 5 - new(): no warnings
ok 6 - new(): no errors
ok 7 - adding a single warning
ok 8 - a single warning found
ok 9 - warning has correct text
ok 10 - adding a warning in array form
ok 11 - two warnings found
ok 12 - second warning has correct text
ok 13 - adding a third long warning with odd text
ok 14 - third warning has correct text
ok 15 - clearing warnings
ok 16 - no warnings found
ok 17 - adding a single error
ok 18 - a single error found
ok 19 - error has correct text
ok 20 - adding an error in array form
ok 21 - second error found
ok 22 - second error has correct text
ok 23 - adding a third long error with odd text
ok 24 - all errors found
ok 25 - third error has correct text
ok 26 - clearing errors
ok 27 - no errors found
ok 28 - added new error
ok 29 - added new warning
ok 30 - clearing errors and warnings
ok 31 - errors cleared
ok 32 - warnings cleared
ok
t/01-init_and_accessors.t .. 
1..79
ok 1 - use EBook::Tools;
ok 2 - Working in 't/
ok 3 - 'EBook::Tools->new()' isa 'EBook::Tools'
ok 4 - new() has undefined opffile
ok 5 - new(): emptyuid.opf parsed
ok 6 - emptyuid.opf HTML entity handled properly by new()
ok 7 - emptyuid.opf saved
ok 8 - emptyuid.opf saved output re-parsed
ok 9 - emptyuid.opf HTML entity handled properly after save()
ok 10 - init(): missingfwid.opf found
ok 11 - missingfwid.opf really missing unique-identifier
ok 12 - opffile() found correct value after init()
ok 13 - init_blank() returned successfully
ok 14 - init_blank() created default opf filename
ok 15 - init_blank(opffile => $filename) returned successfully
ok 16 - init_blank(opffile => $filename) created a XML::Twig
ok 17 - init_blank(opffile => $filename) created a XML::Twig::Elt root
ok 18 - init_blank(opffile => $filename) correctly set unique-identifier
ok 19 - init_blank(opffile => $filename) has a structure with a UUID
ok 20 - init_blank(opffile => $filename) generates the default title
ok 21 - init_blank(opffile => $filename) generates the default creator
ok 22 - init_blank(opffile => $filename) creator has role "aut"
ok 23 - init_blank(all args) returned successfully
ok 24 - init_blank(all args) correctly set unique-identifier
ok 25 - init_blank(all args) has a structure with a UUID
ok 26 - init_blank(all args) generates the assigned title
ok 27 - init_blank(all args) generates the assigned creator
ok 28 - init_blank(all args) creator has role "aut"
ok 29 - spec() undefined after init
ok 30 - set_spec('OPF99') fails
ok 31 - set_spec('OPF99') generates an error
ok 32 - spec() returns undef after attempting to set invalid spec OPF99
ok 33 - set_spec('OEB12')
ok 34 - spec() correctly set to OEB12
ok 35 - set_spec('OPF20')
ok 36 - spec() correctly set to OPF20
ok 37 - twig() finds 'XML::Twig'
ok 38 - twigroot() finds 'XML::Twig::Elt'
ok 39 - identifier() finds expected value
ok 40 - isbn_list() finds the correct number of entries
ok 41 - isbn_list() returns expected values
ok 42 - isbn_list(id => $id) finds the correct number of entries
ok 43 - isbn_list(id => $id) finds the correct entry
ok 44 - isbn_list(scheme => $scheme) finds the correct number of entries
ok 45 - isbn_list(scheme => $scheme) finds the correct entry
ok 46 - isbn_list(id and scheme) finds the correct number of entries
ok 47 - isbn_list(id and scheme) finds the correct entries
ok 48 - isbns() finds the correct number of entries
ok 49 - isbns() third entry has correct ISBN
ok 50 - isbns() third entry has correct scheme
ok 51 - isbns(scheme) finds the correct number of entries
ok 52 - isbns(scheme) finds the correct entry
ok 53 - manifest() finds the correct number of entries
ok 54 - manifest() returns array of hashrefs
ok 55 - manifest() hashref seems correct
ok 56 - manifest(mtype => ...) finds the correct number of entries
ok 57 - manifest(mtype => ...) finds the correct entry
ok 58 - manifest(mtype,href,logic) finds the correct number of entries
ok 59 - manifest(mtype,href,logic) finds the correct entries
ok 60 - manifest_hrefs() returns successfully
ok 61 - manifest_hrefs() returns expected values
ok 62 - primary_author() finds correct text
ok 63 - primary_author() finds correct file-as
ok 64 - primary_author() finds author in scalar context
ok 65 - print_errors() returns successfully
ok 66 - print_warnings() returns successfully
<?xml version="1.0" encoding="utf-8"?>
<package unique-identifier="UUID" xmlns="http://www.idpf.org/2007/opf" version="2.0">
  <metadata xmlns:opf="http://www.idpf.org/2007/opf" xmlns:dc="http://purl.org/dc/elements/1.1/" xmlns:xsi="http://www.w3.org/2001/XMLSchema-instance">
    <dc:identifier id="UUID" opf:scheme="UUID">e9820654-8bfa-451b-9af4-27817b0bd9f5</dc:identifier>
    <dc:title>New Title</dc:title>
    <dc:creator opf:role="aut">New Author</dc:creator>
  </metadata>
  <manifest/>
</package>
ok 67 - print_opf() returns successfully
ok 68 - publishers() found a publisher
ok 69 - publishers() found the correct text
ok 70 - search_knownuids() finds UID
ok 71 - search_knownuidschemes() finds FWID
ok 72 - spine() finds the correct number of entries
ok 73 - spine() returns array of hashrefs
ok 74 - spine() hashref seems correct
ok 75 - spine_idrefs() finds the correct number of entries
ok 76 - spine_idrefs() returns expected values
ok 77 - title() returns the correct value
ok 78 - subject_list() finds the correct number of entries
ok 79 - subject_list() found the correct entries
ok
t/02-fix_methods.t ......... 
1..39
ok 1 - use EBook::Tools;
ok 2 - Working in 't/
ok 3 - missingfwid.opf really missing unique-identifier
ok 4 - new(): emptyuid.opf found
ok 5 - fix_oeb12(): successful call
ok 6 - fix_oeb12(): metadata found
ok 7 - fix_oeb12(): dc-metadata found
ok 8 - fix_oeb12(): DC elements found
ok 9 - fix_oeb12(): DC elements found in expected order
ok 10 - fix_metastructure_oeb12(): successful call
ok 11 - fix_metastructure_oeb12(): metadata found
ok 12 - fix_metastructure_oeb12(): metadata subelements found
ok 13 - fix_metastructure_oeb12(): subelements found in expected order
ok 14 - fix_oeb12_dcmetatags(): successful call
ok 15 - fix_oeb12_dcmetatags(): DC elements found
ok 16 - fix_oeb12_dcmetatags(): DC elements found in expected order
ok 17 - fix_opf20(): successful call
ok 18 - fix_opf20(): package xmlns set correctly
ok 19 - fix_opf20(): package version set correctly
ok 20 - fix_opf20(): unique-identifier set to FWID
ok 21 - fix_opf20(): metadata found
ok 22 - fix_opf20(): dc-metadata removed
ok 23 - fix_opf20(): metadata children found
ok 24 - fix_opf20(): metadata elements found in expected order
ok 25 - missingfwid.opf still really missing unique-identifier
ok 26 - fix_packageid[missing]: successful call
ok 27 - fix_packageid[missing]: FWID found
ok 28 - new(): emptyuid.opf still found intact
ok 29 - fix_packageid[blank]: successful call
ok 30 - fix_packageid[blank]: UID found
ok 31 - fix_opf20(): package xmlns still set correctly
ok 32 - fix_opf20(): package version still set correctly
ok 33 - fix_dates(): successful call
ok 34 - fixdate(): YYYY-01-01 not clobbered
ok 35 - fixdate(): MM/01/YYYY properly handled
ok 36 - fixdate(): invalid day not touched
ok 37 - fixdate(): invalid datestring not touched
ok 38 - save() of missingfwid.opf returned successfully
ok 39 - save() of emptyuid.opf returned successfully
ok
t/10-fix_datestring.t ...... 
1..19
ok 1 - use EBook::Tools;
ok 2 - YYYY-MM-DD
ok 3 - YYYY-M-D
ok 4 - YYYY-MM
ok 5 - YYYY-M
ok 6 - YYYY
ok 7 - YYYYMMDD
ok 8 - YYYYMMDD-ambiguous
ok 9 - YYYY-MMDD-invalid
ok 10 - 01/01/YYYY
ok 11 - 1/1/YYYY
ok 12 - MM/01/YYYY
ok 13 - MM/1/YYYY
ok 14 - MM/DD/YYYY
ok 15 - M/DD/YYYY
ok 16 - M/D/YYYY
ok 17 - Jan 1, 2003
ok 18 - YYYY-xx-DD
ok 19 - 2/31/2004 (invalid day)
ok
t/15-misc_procedures.t ..... 
1..17
ok 1 - use EBook::Tools;
ok 2 - Working in 't/
ok 3 - find_in_path("perl") finds perl
ok 4 - find_in_path(script,path) finds test script
ok 5 - excerpt_line() excerpts correctly
ok 6 - find_opffile() finds a single OPF
ok 7 - find_opffile() returns undef with multiple OPF files
ok 8 - hashvalue_key_self/undef did not modify existing key
ok 9 - hashvalue_key_self/undef created self reference
ok 10 - hashvalue_key_self/lc did not modify existing key
ok 11 - hashvalue_key_self/lc created self reference
ok 12 - hashvalue_key_self/uc did not modify existing key
ok 13 - hashvalue_key_self/uc created self reference
ok 14 - hexstring() returns correct string
ok 15 # skip Tidy not available
ok 16 # skip Tidy not available
Current memory usage [15-misc_procedures.t]:  size=70860k  resident=65532k  shared=7724k
ok 17 - print_memory returns sucessfully
ok
t/20-unpack.t .............. skipped: Accurate unpacker tests rely on the BISG downloads that some automated testers can't handle.
t/21-mobi_languages.t ...... 
1..138
ok 1 - use EBook::Tools::Unpack;
ok 2 - Working in 't/
ok 3 - mobi/langtest-af.prc has language af
ok 4 - mobi/langtest-ar-ae.prc has language ar-ae
ok 5 - mobi/langtest-ar-bh.prc has language ar-bh
ok 6 - mobi/langtest-ar-dz.prc has language ar-dz
ok 7 - mobi/langtest-ar-eg.prc has language ar-eg
ok 8 - mobi/langtest-ar-jo.prc has language ar-jo
ok 9 - mobi/langtest-ar-kw.prc has language ar-kw
ok 10 - mobi/langtest-ar-lb.prc has language ar-lb
ok 11 - mobi/langtest-ar-ma.prc has language ar-ma
ok 12 - mobi/langtest-ar-om.prc has language ar-om
ok 13 - mobi/langtest-ar-qa.prc has language ar-qa
ok 14 - mobi/langtest-ar-sa.prc has language ar-sa
ok 15 - mobi/langtest-ar-sy.prc has language ar-sy
ok 16 - mobi/langtest-ar-tn.prc has language ar-tn
ok 17 - mobi/langtest-ar-ye.prc has language ar-ye
ok 18 - mobi/langtest-ar.prc has language ar
ok 19 - mobi/langtest-az.prc has language az
ok 20 - mobi/langtest-be.prc has language be
ok 21 - mobi/langtest-bg.prc has language bg
ok 22 - mobi/langtest-bn.prc has language bn
ok 23 - mobi/langtest-ca.prc has language ca
ok 24 - mobi/langtest-cs.prc has language cs
ok 25 - mobi/langtest-da.prc has language da
ok 26 - mobi/langtest-de-at.prc has language de-at
ok 27 - mobi/langtest-de-ch.prc has language de-ch
ok 28 - mobi/langtest-de-li.prc has language de-li
ok 29 - mobi/langtest-de-lu.prc has language de-lu
ok 30 - mobi/langtest-de.prc has language de
ok 31 - mobi/langtest-el.prc has language el
ok 32 - mobi/langtest-en-au.prc has language en-au
ok 33 - mobi/langtest-en-bz.prc has language en-bz
ok 34 - mobi/langtest-en-ca.prc has language en-ca
ok 35 - mobi/langtest-en-gb.prc has language en-gb
ok 36 - mobi/langtest-en-ie.prc has language en-ie
ok 37 - mobi/langtest-en-jm.prc has language en-jm
ok 38 - mobi/langtest-en-nz.prc has language en-nz
ok 39 - mobi/langtest-en-ph.prc has language en-ph
ok 40 - mobi/langtest-en-tt.prc has language en-tt
ok 41 - mobi/langtest-en-us.prc has language en-us
ok 42 - mobi/langtest-en-za.prc has language en-za
ok 43 - mobi/langtest-en-zw.prc has language en-zw
ok 44 - mobi/langtest-en.prc has language en
ok 45 - mobi/langtest-es-ar.prc has language es-ar
ok 46 - mobi/langtest-es-bo.prc has language es-bo
ok 47 - mobi/langtest-es-cl.prc has language es-cl
ok 48 - mobi/langtest-es-co.prc has language es-co
ok 49 - mobi/langtest-es-cr.prc has language es-cr
ok 50 - mobi/langtest-es-do.prc has language es-do
ok 51 - mobi/langtest-es-ec.prc has language es-ec
ok 52 - mobi/langtest-es-gt.prc has language es-gt
ok 53 - mobi/langtest-es-hn.prc has language es-hn
ok 54 - mobi/langtest-es-mx.prc has language es-mx
ok 55 - mobi/langtest-es-ni.prc has language es-ni
ok 56 - mobi/langtest-es-pa.prc has language es-pa
ok 57 - mobi/langtest-es-pe.prc has language es-pe
ok 58 - mobi/langtest-es-pr.prc has language es-pr
ok 59 - mobi/langtest-es-py.prc has language es-py
ok 60 - mobi/langtest-es-sv.prc has language es-sv
ok 61 - mobi/langtest-es-uy.prc has language es-uy
ok 62 - mobi/langtest-es-ve.prc has language es-ve
ok 63 - mobi/langtest-es.prc has language es
ok 64 - mobi/langtest-et.prc has language et
ok 65 - mobi/langtest-eu.prc has language eu
ok 66 - mobi/langtest-fa.prc has language fa
ok 67 - mobi/langtest-fi.prc has language fi
ok 68 - mobi/langtest-fo.prc has language fo
ok 69 - mobi/langtest-fr-be.prc has language fr-be
ok 70 - mobi/langtest-fr-ca.prc has language fr-ca
ok 71 - mobi/langtest-fr-ch.prc has language fr-ch
ok 72 - mobi/langtest-fr-lu.prc has language fr-lu
ok 73 - mobi/langtest-fr-mc.prc has language fr-mc
ok 74 - mobi/langtest-fr.prc has language fr
ok 75 - mobi/langtest-gu.prc has language gu
ok 76 - mobi/langtest-he.prc has language he
ok 77 - mobi/langtest-hi.prc has language hi
ok 78 - mobi/langtest-hr.prc has language hr
ok 79 - mobi/langtest-hu.prc has language hu
ok 80 - mobi/langtest-hy.prc has language hy
ok 81 - mobi/langtest-id.prc has language id
ok 82 - mobi/langtest-is.prc has language is
ok 83 - mobi/langtest-it-ch.prc has language it-ch
ok 84 - mobi/langtest-it.prc has language it
ok 85 - mobi/langtest-ja.prc has language ja
ok 86 - mobi/langtest-ka.prc has language ka
ok 87 - mobi/langtest-kk.prc has language kk
ok 88 - mobi/langtest-kn.prc has language kn
ok 89 - mobi/langtest-ko.prc has language ko
ok 90 - mobi/langtest-lt.prc has language lt
ok 91 - mobi/langtest-lv.prc has language lv
ok 92 - mobi/langtest-mk.prc has language mk
ok 93 - mobi/langtest-ml.prc has language ml
ok 94 - mobi/langtest-mr.prc has language mr
ok 95 - mobi/langtest-ms.prc has language ms
ok 96 - mobi/langtest-mt.prc has language mt
ok 97 - mobi/langtest-ne.prc has language ne
ok 98 - mobi/langtest-nl-be.prc has language nl-be
ok 99 - mobi/langtest-nl.prc has language nl
ok 100 - mobi/langtest-no.prc has language no
ok 101 - mobi/langtest-or.prc has language or
ok 102 - mobi/langtest-pa.prc has language pa
ok 103 - mobi/langtest-pl.prc has language pl
ok 104 - mobi/langtest-pt-br.prc has language pt-br
ok 105 - mobi/langtest-pt.prc has language pt
ok 106 - mobi/langtest-rm.prc has language rm
ok 107 - mobi/langtest-ro.prc has language ro
ok 108 - mobi/langtest-ru.prc has language ru
ok 109 - mobi/langtest-sa.prc has language sa
ok 110 - mobi/langtest-sb.prc has language sb
ok 111 - mobi/langtest-sk.prc has language sk
ok 112 - mobi/langtest-sl.prc has language sl
ok 113 - mobi/langtest-sq.prc has language sq
ok 114 - mobi/langtest-sr.prc has language sr
ok 115 - mobi/langtest-sv-fi.prc has language sv-fi
ok 116 - mobi/langtest-sv.prc has language sv
ok 117 - mobi/langtest-sw.prc has language sw
ok 118 - mobi/langtest-sx.prc has language sx
ok 119 - mobi/langtest-sz.prc has language sz
ok 120 - mobi/langtest-ta.prc has language ta
ok 121 - mobi/langtest-te.prc has language te
ok 122 - mobi/langtest-th.prc has language th
ok 123 - mobi/langtest-tn.prc has language tn
ok 124 - mobi/langtest-tr.prc has language tr
ok 125 - mobi/langtest-ts.prc has language ts
ok 126 - mobi/langtest-tt.prc has language tt
ok 127 - mobi/langtest-uk.prc has language uk
ok 128 - mobi/langtest-ur.prc has language ur
ok 129 - mobi/langtest-uz.prc has language uz
ok 130 - mobi/langtest-vi.prc has language vi
ok 131 - mobi/langtest-x-kok.prc has language x-kok
ok 132 - mobi/langtest-xh.prc has language xh
ok 133 - mobi/langtest-zh-cn.prc has language zh-cn
ok 134 - mobi/langtest-zh-hk.prc has language zh-hk
ok 135 - mobi/langtest-zh-sg.prc has language zh-sg
ok 136 - mobi/langtest-zh-tw.prc has language zh-tw
ok 137 - mobi/langtest-zh.prc has language zh
ok 138 - mobi/langtest-zu.prc has language zu
ok
EBook::Tools::IMP::image(): no image type specified!
 at t/25-imp.t line 54.
EBook::Tools::IMP::image(): ID not specified!
 at t/25-imp.t line 55.
t/25-imp.t ................. 
1..84
ok 1 - use EBook::Tools::IMP;
ok 2 - Working in 't/
ok 3 - load('imp/REBTestDocument.imp') returns succesfully
ok 4 - detect_resource_type() correctly detects 'PcZ1'
ok 5 - detect_resource_type() correctly detects 'Pc31'
ok 6 - detect_resource_type() correctly detects 'BGcl'
ok 7 - detect_resource_type() correctly detects 'BPgz'
ok 8 - detect_resource_type() correctly detects 'HfPz'
ok 9 - detect_resource_type() correctly detects 'PNG '
ok 10 - detect_resource_type() correctly detects 'StRn'
ok 11 - detect_resource_type() correctly detects 'TCel'
ok 12 - detect_resource_type() correctly detects 'Lnks'
ok 13 - detect_resource_type() correctly detects 'StR2'
ok 14 - detect_resource_type() correctly detects 'Devm'
ok 15 - detect_resource_type() correctly detects 'PPic'
ok 16 - detect_resource_type() correctly detects '!!sw'
ok 17 - detect_resource_type() correctly detects 'Pcz1'
ok 18 - detect_resource_type() correctly detects 'Styl'
ok 19 - detect_resource_type() correctly detects 'AncT'
ok 20 - detect_resource_type() correctly detects 'ImRn'
ok 21 - detect_resource_type() correctly detects 'JPEG'
ok 22 - detect_resource_type() correctly detects 'Hyp2'
ok 23 - detect_resource_type() correctly detects '!!cm'
ok 24 - detect_resource_type() correctly detects 'PcZ0'
ok 25 - detect_resource_type() correctly detects 'pInf'
ok 26 - detect_resource_type() correctly detects 'HRle'
ok 27 - detect_resource_type() correctly detects 'Tabl'
ok 28 - detect_resource_type() correctly detects 'HfPZ'
ok 29 - detect_resource_type() correctly detects 'BPgZ'
ok 30 - detect_resource_type() correctly detects 'Mrgn'
ok 31 - detect_resource_type() correctly detects 'Pcz0'
ok 32 - detect_resource_type() correctly detects 'TRow'
ok 33 - detect_resource_type() correctly detects 'ESts'
ok 34 - detect_resource_type() correctly detects 'GIF '
ok 35 - image() returns undef
ok 36 - image(jpg) returns undef
ok 37 - image(jpg,$id) finds JPG data
ok 38 - image_hashref(jpg) finds expected image ids
ok 39 - jpeg_hashref(jpg,$id) finds expected hash keys
ok 40 - image_ids(jpg) finds expected image ids
ok 41 - pack_imp_header() creates the correct data
ok 42 - pack_imp_book_properties() creates the correct data
ok 43 - resdirname() returns the correct name
ok 44 - pack_imp_tocdata() creates the correct data
ok 45 - pack_imp_resource(type) creates the correct data
ok 46 - pack_imp_resource(name) creates the correct data
ok 47 - write_imp() returns successfully
ok 48 - write_imp() creates repack.imp
ok 49 - write_imp() output has correct checksum
ok 50 - write_resdir() returns successfully
ok 51 - write_resdir() creates the correct directory
ok 52 - write_resdir() correctly unpacks 'REBtestdoc.RES/BEDO'
ok 53 - write_resdir() correctly unpacks 'REBtestdoc.RES/BYVI'
ok 54 - write_resdir() correctly unpacks 'REBtestdoc.RES/DATA.FRK'
ok 55 - write_resdir() correctly unpacks 'REBtestdoc.RES/DCXK'
ok 56 - write_resdir() correctly unpacks 'REBtestdoc.RES/DELY'
ok 57 - write_resdir() correctly unpacks 'REBtestdoc.RES/DKRU'
ok 58 - write_resdir() correctly unpacks 'REBtestdoc.RES/DMNC'
ok 59 - write_resdir() correctly unpacks 'REBtestdoc.RES/FEXY'
ok 60 - write_resdir() correctly unpacks 'REBtestdoc.RES/FONU'
ok 61 - write_resdir() correctly unpacks 'REBtestdoc.RES/FQTG'
ok 62 - write_resdir() correctly unpacks 'REBtestdoc.RES/FUXW'
ok 63 - write_resdir() correctly unpacks 'REBtestdoc.RES/HMNO'
ok 64 - write_resdir() correctly unpacks 'REBtestdoc.RES/HYLQ'
ok 65 - write_resdir() correctly unpacks 'REBtestdoc.RES/JCZC'
ok 66 - write_resdir() correctly unpacks 'REBtestdoc.RES/JIFU'
ok 67 - write_resdir() correctly unpacks 'REBtestdoc.RES/MNYJ'
ok 68 - write_resdir() correctly unpacks 'REBtestdoc.RES/NCZG'
ok 69 - write_resdir() correctly unpacks 'REBtestdoc.RES/PQJA'
ok 70 - write_resdir() correctly unpacks 'REBtestdoc.RES/RENM'
ok 71 - write_resdir() correctly unpacks 'REBtestdoc.RES/RGLS'
ok 72 - write_resdir() correctly unpacks 'REBtestdoc.RES/RSRC.INF'
ok 73 - write_resdir() correctly unpacks 'REBtestdoc.RES/RYJS'
ok 74 - write_resdir() correctly unpacks 'REBtestdoc.RES/RYXI'
ok 75 - write_resdir() correctly unpacks 'REBtestdoc.RES/TENW'
ok 76 - write_resdir() correctly unpacks 'REBtestdoc.RES/TEPA'
ok 77 - write_resdir() correctly unpacks 'REBtestdoc.RES/TEPM'
ok 78 - write_resdir() correctly unpacks 'REBtestdoc.RES/TGBQ'
ok 79 - write_resdir() correctly unpacks 'REBtestdoc.RES/VMBY'
ok 80 - write_resdir() correctly unpacks 'REBtestdoc.RES/VQNM'
ok 81 - write_resdir() correctly unpacks 'REBtestdoc.RES/XITE'
ok 82 - write_resdir() correctly unpacks 'REBtestdoc.RES/XUFW'
ok 83 - write_resdir() correctly unpacks 'REBtestdoc.RES/ZQVA'
ok 84 - write_resdir() correctly unpacks 'REBtestdoc.RES/ZUZS'
ok
t/40-lzss.t ................ 
1..6
ok 1 - use EBook::Tools::LZSS;
ok 2 - Working in 't/
ok 3 - LZSS->new(3,14,1) returns successfully
ok 4 - REBTestdoc DATA.FRK uncompresses correctly
ok 5 - LZSS->new(screwybits => 1) returns successfully
ok 6 - US Constitution uncompresses correctly
ok
t/50-user_scripts.t ........ skipped: Automated testing often breaks on actual scripts.
t/98-pod.t ................. skipped: Test::Pod 1.00 required for testing POD
t/99-pod_coverage.t ........ skipped: Test::Pod::Coverage 1.00 required for testing POD coverage
All tests successful.
Files=12, Tests=414,  6 wallclock secs ( 0.08 usr  0.01 sys +  4.92 cusr  0.50 csys =  5.51 CPU)
Result: PASS
make[1]: Leaving directory '/<<PKGBUILDDIR>>'
 fakeroot debian/rules binary
dh binary
dh: warning: Compatibility levels before 9 are deprecated (level 7 in use)
   dh_testroot
   dh_prep
   dh_installdirs
dh_installdirs: warning: Compatibility levels before 9 are deprecated (level 7 in use)
   dh_auto_install
dh_auto_install: warning: Compatibility levels before 9 are deprecated (level 7 in use)
	make -j1 install DESTDIR=/<<PKGBUILDDIR>>/debian/libebook-tools-perl AM_UPDATE_INFO_DIR=no
make[1]: Entering directory '/<<PKGBUILDDIR>>'
/usr/bin/perl Build --makefile_env_macros 1 install
Building EBook-Tools
Installing /<<PKGBUILDDIR>>/debian/libebook-tools-perl/usr/share/man/man1/ebook.1p
Installing /<<PKGBUILDDIR>>/debian/libebook-tools-perl/usr/share/perl5/EBook/Tools.pm
Installing /<<PKGBUILDDIR>>/debian/libebook-tools-perl/usr/share/perl5/EBook/Tools/MSReader.pm
Installing /<<PKGBUILDDIR>>/debian/libebook-tools-perl/usr/share/perl5/EBook/Tools/Mobipocket.pm
Installing /<<PKGBUILDDIR>>/debian/libebook-tools-perl/usr/share/perl5/EBook/Tools/LZSS.pm
Installing /<<PKGBUILDDIR>>/debian/libebook-tools-perl/usr/share/perl5/EBook/Tools/IMP.pm
Installing /<<PKGBUILDDIR>>/debian/libebook-tools-perl/usr/share/perl5/EBook/Tools/BISG.pm
Installing /<<PKGBUILDDIR>>/debian/libebook-tools-perl/usr/share/perl5/EBook/Tools/EReader.pm
Installing /<<PKGBUILDDIR>>/debian/libebook-tools-perl/usr/share/perl5/EBook/Tools/PalmDoc.pm
Installing /<<PKGBUILDDIR>>/debian/libebook-tools-perl/usr/share/perl5/EBook/Tools/Unpack.pm
Installing /<<PKGBUILDDIR>>/debian/libebook-tools-perl/usr/share/man/man3/EBook::Tools.3pm
Installing /<<PKGBUILDDIR>>/debian/libebook-tools-perl/usr/share/man/man3/EBook::Tools::MSReader.3pm
Installing /<<PKGBUILDDIR>>/debian/libebook-tools-perl/usr/share/man/man3/EBook::Tools::Unpack.3pm
Installing /<<PKGBUILDDIR>>/debian/libebook-tools-perl/usr/share/man/man3/EBook::Tools::LZSS.3pm
Installing /<<PKGBUILDDIR>>/debian/libebook-tools-perl/usr/share/man/man3/EBook::Tools::Mobipocket.3pm
Installing /<<PKGBUILDDIR>>/debian/libebook-tools-perl/usr/share/man/man3/EBook::Tools::IMP.3pm
Installing /<<PKGBUILDDIR>>/debian/libebook-tools-perl/usr/share/man/man3/EBook::Tools::PalmDoc.3pm
Installing /<<PKGBUILDDIR>>/debian/libebook-tools-perl/usr/share/man/man3/EBook::Tools::BISG.3pm
Installing /<<PKGBUILDDIR>>/debian/libebook-tools-perl/usr/share/man/man3/EBook::Tools::EReader.3pm
Installing /<<PKGBUILDDIR>>/debian/libebook-tools-perl/usr/bin/ebook
make[1]: Leaving directory '/<<PKGBUILDDIR>>'
   dh_installdocs
dh_installdocs: warning: Compatibility levels before 9 are deprecated (level 7 in use)
   dh_installchangelogs
dh_installchangelogs: warning: Compatibility levels before 9 are deprecated (level 7 in use)
   dh_installman
dh_installman: warning: Compatibility levels before 9 are deprecated (level 7 in use)
   dh_perl
   dh_link
   dh_strip_nondeterminism
   dh_compress
dh_compress: warning: Compatibility levels before 9 are deprecated (level 7 in use)
   dh_fixperms
   dh_missing
dh_missing: warning: Compatibility levels before 9 are deprecated (level 7 in use)
   dh_strip
dh_strip: warning: Compatibility levels before 9 are deprecated (level 7 in use)
   dh_makeshlibs
   dh_shlibdeps
dh_shlibdeps: warning: Compatibility levels before 9 are deprecated (level 7 in use)
   dh_installdeb
dh_installdeb: warning: Compatibility levels before 9 are deprecated (level 7 in use)
   dh_gencontrol
dpkg-gencontrol: warning: package libebook-tools-perl: substitution variable ${perl:Depends} unused, but is defined
   dh_md5sums
   dh_builddeb
dpkg-deb: building package 'libebook-tools-perl' in '../libebook-tools-perl_0.5.4-1.3_amd64.deb'.
 dpkg-genbuildinfo --build=binary
 dpkg-genchanges --build=binary >../libebook-tools-perl_0.5.4-1.3_amd64.changes
dpkg-genchanges: info: binary-only upload (no source code included)
 dpkg-source --after-build .
dpkg-buildpackage: info: binary-only upload (no source included)
--------------------------------------------------------------------------------
Build finished at 2020-02-24T22:57:21Z

Finished
--------

I: Built successfully

+------------------------------------------------------------------------------+
| Changes                                                                      |
+------------------------------------------------------------------------------+


libebook-tools-perl_0.5.4-1.3_amd64.changes:
--------------------------------------------

Format: 1.8
Date: Mon, 22 May 2017 22:59:07 +0200
Source: libebook-tools-perl
Binary: libebook-tools-perl
Architecture: amd64
Version: 0.5.4-1.3
Distribution: unstable
Urgency: medium
Maintainer: Zed Pobre <zed@debian.org>
Changed-By: Axel Beckert <abe@debian.org>
Description:
 libebook-tools-perl - E-Book manipulation tool and Perl libraries
Closes: 792934
Changes:
 libebook-tools-perl (0.5.4-1.3) unstable; urgency=medium
 .
   * Non-maintainer upload.
   * Really add missing dependency on libdbd-sqlite3-perl. Thanks to Adrian
     Bunk for noticing. (Closes: #792934)
Checksums-Sha1:
 fe49002462695d349265f35b940a29d1042ef3e5 6995 libebook-tools-perl_0.5.4-1.3_amd64.buildinfo
 e262db5355f8356ea0f68e9858b538923833f3a0 221364 libebook-tools-perl_0.5.4-1.3_amd64.deb
Checksums-Sha256:
 167b76af570abba3ea1757fe4110bf921557c710465c3640f746eec680d7fc1e 6995 libebook-tools-perl_0.5.4-1.3_amd64.buildinfo
 daa3f19f67a513b172d4ba2b500f768390563842759f9906d47ac0a6206f87ed 221364 libebook-tools-perl_0.5.4-1.3_amd64.deb
Files:
 edb82de1386929f849bfc0e4926aa9a5 6995 perl optional libebook-tools-perl_0.5.4-1.3_amd64.buildinfo
 e4623f6e36eb88d23f00e6ab98f81cb6 221364 perl optional libebook-tools-perl_0.5.4-1.3_amd64.deb

+------------------------------------------------------------------------------+
| Buildinfo                                                                    |
+------------------------------------------------------------------------------+

Format: 1.0
Source: libebook-tools-perl
Binary: libebook-tools-perl
Architecture: amd64
Version: 0.5.4-1.3
Checksums-Md5:
 e4623f6e36eb88d23f00e6ab98f81cb6 221364 libebook-tools-perl_0.5.4-1.3_amd64.deb
Checksums-Sha1:
 e262db5355f8356ea0f68e9858b538923833f3a0 221364 libebook-tools-perl_0.5.4-1.3_amd64.deb
Checksums-Sha256:
 daa3f19f67a513b172d4ba2b500f768390563842759f9906d47ac0a6206f87ed 221364 libebook-tools-perl_0.5.4-1.3_amd64.deb
Build-Origin: Debian
Build-Architecture: amd64
Build-Date: Mon, 24 Feb 2020 22:57:21 +0000
Build-Path: /<<PKGBUILDDIR>>
Installed-Build-Depends:
 autoconf (= 2.69-11.1),
 automake (= 1:1.16.1-4),
 autopoint (= 0.19.8.1-10),
 autotools-dev (= 20180224.1),
 base-files (= 11),
 base-passwd (= 3.5.47),
 bash (= 5.0-5),
 binutils (= 2.34-3),
 binutils-common (= 2.34-3),
 binutils-x86-64-linux-gnu (= 2.34-3),
 bsdmainutils (= 11.1.2+b1),
 bsdutils (= 1:2.34-0.1),
 build-essential (= 12.8),
 bzip2 (= 1.0.8-2),
 ca-certificates (= 20190110),
 clang-9 (= 1:9.0.1-8),
 coreutils (= 8.30-3+b1),
 cpp (= 4:9.2.1-3.1),
 cpp-9 (= 9.2.1-29),
 dash (= 0.5.10.2-6),
 debconf (= 1.5.73),
 debhelper (= 12.9),
 debianutils (= 4.9.1),
 dh-autoreconf (= 19),
 dh-strip-nondeterminism (= 1.6.3-2),
 diffutils (= 1:3.7-3),
 dpkg (= 1.19.7),
 dpkg-dev (= 1.19.7),
 dwz (= 0.13-5),
 fdisk (= 2.34-0.1),
 file (= 1:5.38-4),
 findutils (= 4.7.0-1),
 g++ (= 4:9.2.1-3.1),
 g++-9 (= 9.2.1-29),
 gcc (= 4:9.2.1-3.1),
 gcc-10-base (= 10-20200222-1),
 gcc-8-base (= 8.3.0-29),
 gcc-9 (= 9.2.1-29),
 gcc-9-base (= 9.2.1-29),
 gettext (= 0.19.8.1-10),
 gettext-base (= 0.19.8.1-10),
 grep (= 3.4-1),
 groff-base (= 1.22.4-4),
 gzip (= 1.9-3+b1),
 hostname (= 3.23),
 init-system-helpers (= 1.57),
 intltool-debian (= 0.35.0+20060710.5),
 lib32gcc-s1 (= 10-20200222-1),
 lib32gcc1 (= 1:10-20200222-1),
 lib32stdc++6 (= 10-20200222-1),
 libacl1 (= 2.2.53-5),
 libarchive-zip-perl (= 1.67-1),
 libasan5 (= 9.2.1-29),
 libatomic1 (= 10-20200222-1),
 libattr1 (= 1:2.4.48-5),
 libaudit-common (= 1:2.8.5-2),
 libaudit1 (= 1:2.8.5-2+b1),
 libbinutils (= 2.34-3),
 libbit-vector-perl (= 7.4-1+b6),
 libblkid1 (= 2.34-0.1),
 libbsd0 (= 0.10.0-1),
 libbz2-1.0 (= 1.0.8-2),
 libc-bin (= 2.29-10),
 libc-dev-bin (= 2.29-10),
 libc6 (= 2.29-10),
 libc6-dev (= 2.29-10),
 libc6-i386 (= 2.29-10),
 libcap-ng0 (= 0.7.9-2.1+b1),
 libcarp-clan-perl (= 6.08-1),
 libcc1-0 (= 10-20200222-1),
 libclang-common-9-dev (= 1:9.0.1-8),
 libclang-cpp9 (= 1:9.0.1-8),
 libconfig-inifiles-perl (= 3.000002-1),
 libcroco3 (= 0.6.13-1),
 libcrypt-dev (= 1:4.4.10-10),
 libcrypt1 (= 1:4.4.10-10),
 libctf-nobfd0 (= 2.34-3),
 libctf0 (= 2.34-3),
 libdate-manip-perl (= 6.79-1),
 libdb5.3 (= 5.3.28+dfsg1-0.6),
 libdbd-sqlite3-perl (= 1.64-1+b1),
 libdbi-perl (= 1.643-1),
 libdebconfclient0 (= 0.251),
 libdebhelper-perl (= 12.9),
 libdpkg-perl (= 1.19.7),
 libedit2 (= 3.1-20191231-1),
 libelf1 (= 0.176-1.1),
 libencode-detect-perl (= 1.01-5+b2),
 libencode-locale-perl (= 1.05-1),
 libexpat1 (= 2.2.9-1),
 libexporter-tiny-perl (= 1.002001-1),
 libfdisk1 (= 2.34-0.1),
 libffi7 (= 3.3-3),
 libfile-basedir-perl (= 0.08-1),
 libfile-desktopentry-perl (= 0.22-1),
 libfile-listing-perl (= 6.04-1),
 libfile-mimeinfo-perl (= 0.29-1),
 libfile-slurp-perl (= 9999.28-1),
 libfile-stripnondeterminism-perl (= 1.6.3-2),
 libfile-which-perl (= 1.23-1),
 libgc1c2 (= 1:7.6.4-0.4),
 libgcc-8-dev (= 8.3.0-29),
 libgcc-9-dev (= 9.2.1-29),
 libgcc-s1 (= 10-20200222-1),
 libgcc1 (= 1:10-20200222-1),
 libgcrypt20 (= 1.8.5-5),
 libgdbm-compat4 (= 1.18.1-5),
 libgdbm6 (= 1.18.1-5),
 libgetopt-argvfile-perl (= 1.11-3),
 libglib2.0-0 (= 2.62.4-2),
 libgmp10 (= 2:6.2.0+dfsg-4),
 libgomp1 (= 10-20200222-1),
 libgpg-error0 (= 1.37-1),
 libhtml-parser-perl (= 3.72-5),
 libhtml-tagset-perl (= 3.20-4),
 libhtml-tree-perl (= 5.07-2),
 libhttp-cookies-perl (= 6.08-1),
 libhttp-date-perl (= 6.05-1),
 libhttp-message-perl (= 6.18-1),
 libhttp-negotiate-perl (= 6.01-1),
 libicu63 (= 63.2-2),
 libimage-size-perl (= 3.300-1),
 libio-html-perl (= 1.001-1),
 libio-socket-ssl-perl (= 2.067-1),
 libipc-system-simple-perl (= 1.26-1),
 libisl22 (= 0.22.1-1),
 libitm1 (= 10-20200222-1),
 libjs-jquery (= 3.3.1~dfsg-3),
 libjs-prettify (= 2015.12.04+dfsg-1.1),
 liblingua-en-nameparse-perl (= 1.38-1),
 liblist-moreutils-perl (= 0.416-1+b5),
 libllvm9 (= 1:9.0.1-8),
 liblsan0 (= 10-20200222-1),
 liblwp-mediatypes-perl (= 6.04-1),
 liblwp-protocol-https-perl (= 6.07-2),
 liblz4-1 (= 1.9.2-2),
 liblzma5 (= 5.2.4-1+b1),
 libmagic-mgc (= 1:5.38-4),
 libmagic1 (= 1:5.38-4),
 libmodule-build-perl (= 0.423100-1),
 libmojolicious-perl (= 8.33+dfsg-1),
 libmount1 (= 2.34-0.1),
 libmpc3 (= 1.1.0-1),
 libmpfr6 (= 4.0.2-1),
 libmpx2 (= 8.3.0-29),
 libncursesw6 (= 6.1+20191019-1),
 libnet-http-perl (= 6.19-1),
 libnet-ssleay-perl (= 1.88-2),
 libobjc-8-dev (= 8.3.0-29),
 libobjc4 (= 10-20200222-1),
 libossp-uuid-perl (= 1.6.2-1.5+b8),
 libossp-uuid16 (= 1.6.2-1.5+b8),
 libpalm-pdb-perl (= 1.400-1),
 libpalm-perl (= 1:1.400-1),
 libpam-modules (= 1.3.1-5),
 libpam-modules-bin (= 1.3.1-5),
 libpam-runtime (= 1.3.1-5),
 libpam0g (= 1.3.1-5),
 libparse-recdescent-perl (= 1.967015+dfsg-2),
 libpcre2-8-0 (= 10.34-7),
 libpcre3 (= 2:8.39-12+b1),
 libperl5.30 (= 5.30.0-9),
 libpipeline1 (= 1.5.2-2),
 libquadmath0 (= 10-20200222-1),
 libseccomp2 (= 2.4.2-2),
 libselinux1 (= 3.0-1+b1),
 libsigsegv2 (= 2.12-2),
 libsmartcols1 (= 2.34-0.1),
 libsqlite3-0 (= 3.31.1-3),
 libssl1.1 (= 1.1.1d-2),
 libstdc++-8-dev (= 8.3.0-29),
 libstdc++-9-dev (= 9.2.1-29),
 libstdc++6 (= 10-20200222-1),
 libstring-crc32-perl (= 1.8-1),
 libsub-override-perl (= 0.09-2),
 libsystemd0 (= 244.3-1),
 libtie-ixhash-perl (= 1.23-2),
 libtimedate-perl (= 2.3100-1),
 libtinfo6 (= 6.1+20191019-1),
 libtool (= 2.4.6-13),
 libtry-tiny-perl (= 0.30-1),
 libtsan0 (= 10-20200222-1),
 libubsan1 (= 10-20200222-1),
 libuchardet0 (= 0.0.6-3),
 libudev1 (= 244.3-1),
 libunistring2 (= 0.9.10-2),
 liburi-perl (= 1.76-2),
 libuuid1 (= 2.34-0.1),
 libwww-perl (= 6.43-1),
 libwww-robotrules-perl (= 6.02-1),
 libxml-parser-perl (= 2.46-1+b1),
 libxml-twig-perl (= 1:3.50-2),
 libxml2 (= 2.9.10+dfsg-3),
 libyaml-syck-perl (= 1.32-2),
 libz3-4 (= 4.8.7-4),
 linux-libc-dev (= 5.4.19-1),
 login (= 1:4.8.1-1),
 lsb-base (= 11.1.0),
 m4 (= 1.4.18-4),
 make (= 4.2.1-1.2),
 man-db (= 2.9.0-2),
 mawk (= 1.3.4.20200120-2),
 ncurses-base (= 6.1+20191019-1),
 ncurses-bin (= 6.1+20191019-1),
 netbase (= 6.1),
 openssl (= 1.1.1d-2),
 patch (= 2.7.6-6),
 perl (= 5.30.0-9),
 perl-base (= 5.30.0-9),
 perl-modules-5.30 (= 5.30.0-9),
 perl-openssl-defaults (= 4),
 po-debconf (= 1.0.21),
 sed (= 4.7-1),
 sensible-utils (= 0.0.12+nmu1),
 shared-mime-info (= 1.10-1),
 sysvinit-utils (= 2.96-2.1),
 tar (= 1.30+dfsg-6+b1),
 txt2html (= 1:2.53-2),
 util-linux (= 2.34-0.1),
 xz-utils (= 5.2.4-1+b1),
 zlib1g (= 1:1.2.11.dfsg-1.2)
Environment:
 DEB_BUILD_OPTIONS="parallel=4"
 LANG="C.UTF-8"
 LC_ALL="C.UTF-8"
 SOURCE_DATE_EPOCH="1495486747"


+------------------------------------------------------------------------------+
| Package contents                                                             |
+------------------------------------------------------------------------------+


libebook-tools-perl_0.5.4-1.3_amd64.deb
---------------------------------------

 new Debian package, version 2.0.
 size 221364 bytes: control archive=1644 bytes.
    1263 bytes,    19 lines      control              
    1886 bytes,    25 lines      md5sums              
 Package: libebook-tools-perl
 Version: 0.5.4-1.3
 Architecture: amd64
 Maintainer: Zed Pobre <zed@debian.org>
 Installed-Size: 870
 Depends: perl (>= 5.10.1), libarchive-zip-perl, libbit-vector-perl, libconfig-inifiles-perl, libdate-manip-perl, libdbd-sqlite3-perl, libdbi-perl, libencode-detect-perl, libfile-mimeinfo-perl, libfile-slurp-perl, libfile-which-perl, libhtml-parser-perl, libimage-size-perl, liblingua-en-nameparse-perl, liblist-moreutils-perl, libmojolicious-perl (>= 3), libossp-uuid-perl, libpalm-perl, libstring-crc32-perl, libtie-ixhash-perl, libtime-local-perl, libwww-perl, libxml-twig-perl, txt2html
 Section: perl
 Priority: optional
 Homepage: http://search.cpan.org/dist/EBook-Tools/
 Description: E-Book manipulation tool and Perl libraries
  EBook-Tools contains a library and a command-line tool for unpacking,
  creating, correcting, and repacking electronic books.
  .
  Current native unpacking support is limited to PalmDoc, EReader, IMP,
  and Mobipocket without DRM protection, though MS Reader (lit.) and
  Mobipocket DRM is supported by automatic use of ConvertLIT and
  MobiDeDRM if available.  The metadata correction tools are quite
  extensive, however.  For more details, see the POD information on
  EBook::Tools and EBook::Tools::Unpack.

drwxr-xr-x root/root         0 2017-05-22 20:59 ./
drwxr-xr-x root/root         0 2017-05-22 20:59 ./usr/
drwxr-xr-x root/root         0 2017-05-22 20:59 ./usr/bin/
-rwxr-xr-x root/root     47076 2017-05-22 20:59 ./usr/bin/ebook
drwxr-xr-x root/root         0 2017-05-22 20:59 ./usr/share/
drwxr-xr-x root/root         0 2017-05-22 20:59 ./usr/share/doc/
drwxr-xr-x root/root         0 2017-05-22 20:59 ./usr/share/doc/libebook-tools-perl/
-rw-r--r-- root/root      1861 2014-10-01 22:27 ./usr/share/doc/libebook-tools-perl/README
-rw-r--r-- root/root      2406 2014-10-01 22:27 ./usr/share/doc/libebook-tools-perl/README.Helpers.txt
-rw-r--r-- root/root      1662 2017-05-22 20:59 ./usr/share/doc/libebook-tools-perl/changelog.Debian.gz
-rw-r--r-- root/root      3300 2014-10-01 22:27 ./usr/share/doc/libebook-tools-perl/changelog.gz
-rw-r--r-- root/root      1174 2017-05-22 20:59 ./usr/share/doc/libebook-tools-perl/copyright
drwxr-xr-x root/root         0 2017-05-22 20:59 ./usr/share/man/
drwxr-xr-x root/root         0 2017-05-22 20:59 ./usr/share/man/man1/
-rw-r--r-- root/root      8845 2017-05-22 20:59 ./usr/share/man/man1/ebook.1p.gz
drwxr-xr-x root/root         0 2017-05-22 20:59 ./usr/share/man/man3/
-rw-r--r-- root/root     23520 2017-05-22 20:59 ./usr/share/man/man3/EBook::Tools.3pm.gz
-rw-r--r-- root/root      2831 2017-05-22 20:59 ./usr/share/man/man3/EBook::Tools::BISG.3pm.gz
-rw-r--r-- root/root      3825 2017-05-22 20:59 ./usr/share/man/man3/EBook::Tools::EReader.3pm.gz
-rw-r--r-- root/root      9490 2017-05-22 20:59 ./usr/share/man/man3/EBook::Tools::IMP.3pm.gz
-rw-r--r-- root/root      3252 2017-05-22 20:59 ./usr/share/man/man3/EBook::Tools::LZSS.3pm.gz
-rw-r--r-- root/root      3162 2017-05-22 20:59 ./usr/share/man/man3/EBook::Tools::MSReader.3pm.gz
-rw-r--r-- root/root      9894 2017-05-22 20:59 ./usr/share/man/man3/EBook::Tools::Mobipocket.3pm.gz
-rw-r--r-- root/root      5035 2017-05-22 20:59 ./usr/share/man/man3/EBook::Tools::PalmDoc.3pm.gz
-rw-r--r-- root/root      4978 2017-05-22 20:59 ./usr/share/man/man3/EBook::Tools::Unpack.3pm.gz
drwxr-xr-x root/root         0 2017-05-22 20:59 ./usr/share/perl5/
drwxr-xr-x root/root         0 2017-05-22 20:59 ./usr/share/perl5/EBook/
-rw-r--r-- root/root    431332 2017-05-22 20:59 ./usr/share/perl5/EBook/Tools.pm
drwxr-xr-x root/root         0 2017-05-22 20:59 ./usr/share/perl5/EBook/Tools/
-rw-r--r-- root/root     10511 2017-05-22 20:59 ./usr/share/perl5/EBook/Tools/BISG.pm
-rw-r--r-- root/root     29741 2017-05-22 20:59 ./usr/share/perl5/EBook/Tools/EReader.pm
-rw-r--r-- root/root     86744 2017-05-22 20:59 ./usr/share/perl5/EBook/Tools/IMP.pm
-rw-r--r-- root/root     11642 2017-05-22 20:59 ./usr/share/perl5/EBook/Tools/LZSS.pm
-rw-r--r-- root/root      8583 2017-05-22 20:59 ./usr/share/perl5/EBook/Tools/MSReader.pm
-rw-r--r-- root/root     98009 2017-05-22 20:59 ./usr/share/perl5/EBook/Tools/Mobipocket.pm
-rw-r--r-- root/root     24737 2017-05-22 20:59 ./usr/share/perl5/EBook/Tools/PalmDoc.pm
-rw-r--r-- root/root     30923 2017-05-22 20:59 ./usr/share/perl5/EBook/Tools/Unpack.pm


+------------------------------------------------------------------------------+
| Post Build                                                                   |
+------------------------------------------------------------------------------+


+------------------------------------------------------------------------------+
| Cleanup                                                                      |
+------------------------------------------------------------------------------+

Purging /<<BUILDDIR>>
Not cleaning session: cloned chroot in use

+------------------------------------------------------------------------------+
| Summary                                                                      |
+------------------------------------------------------------------------------+

Build Architecture: amd64
Build Type: binary
Build-Space: 4676
Build-Time: 10
Distribution: unstable
Host Architecture: amd64
Install-Time: 12
Job: libebook-tools-perl_0.5.4-1.3
Machine Architecture: amd64
Package: libebook-tools-perl
Package-Time: 52
Source-Version: 0.5.4-1.3
Space: 4676
Status: successful
Version: 0.5.4-1.3
--------------------------------------------------------------------------------
Finished at 2020-02-24T22:57:21Z
Build needed 00:00:52, 4676k disk space
DC-Status: OK 54.111273789s
DC-Time-Estimation: 54.111273789 versus expected 201 (r/m: 2.714567888085093 ; m: 54.111273789)
