DC-Build-Header: libmaxmind-db-reader-xs-perl 1.000008-1 / 2020-02-25 07:10:03 +0000
DC-Task: type:rebuild-binarch-only source:libmaxmind-db-reader-xs-perl version:1.000008-1 chroot:unstable esttime:37 logfile:/tmp/libmaxmind-db-reader-xs-perl_1.000008-1_unstable_clang9.log modes:clang9:binarch-only
DC-Sbuild-call: su user42 -c 'sbuild -n --arch-any --apt-update -d unstable -v --no-run-lintian --chroot-setup-commands=/tmp/clang9 libmaxmind-db-reader-xs-perl_1.000008-1'
sbuild (Debian sbuild) 0.78.1 (09 February 2019) on ip-172-31-7-42.eu-central-1.compute.internal

+=================================================================================+
| libmaxmind-db-reader-xs-perl 1.000008-1 (amd64) Tue, 25 Feb 2020 07:10:03 +0000 |
+=================================================================================+

Package: libmaxmind-db-reader-xs-perl
Version: 1.000008-1
Source Version: 1.000008-1
Distribution: unstable
Machine Architecture: amd64
Host Architecture: amd64
Build Architecture: amd64
Build Type: binary

I: NOTICE: Log filtering will replace 'var/run/schroot/mount/sid-amd64-sbuild-d5808960-48ab-402e-9695-cd99f5141e6e' with '<<CHROOT>>'

+------------------------------------------------------------------------------+
| Chroot Setup Commands                                                        |
+------------------------------------------------------------------------------+


/tmp/clang9
-----------

+ echo 'Entering customization script...'
Entering customization script...
+ CLANG_VERSION=9
+ echo 'Install of clang-9'
Install of clang-9
+ apt-get update
Get:1 http://127.0.0.1:12990/debian sid InRelease [142 kB]
Get:2 http://127.0.0.1:12990/debian sid/main Sources.diff/Index [27.9 kB]
Get:3 http://127.0.0.1:12990/debian sid/main amd64 Packages.diff/Index [27.9 kB]
Get:4 http://127.0.0.1:12990/debian sid/main Sources 2020-02-24-0823.32.pdiff [11.0 kB]
Get:5 http://127.0.0.1:12990/debian sid/main Sources 2020-02-24-1420.34.pdiff [30.2 kB]
Get:6 http://127.0.0.1:12990/debian sid/main Sources 2020-02-24-2014.03.pdiff [16.9 kB]
Get:7 http://127.0.0.1:12990/debian sid/main Sources 2020-02-25-0213.11.pdiff [23.2 kB]
Get:8 http://127.0.0.1:12990/debian sid/main amd64 Packages 2020-02-24-0823.32.pdiff [15.5 kB]
Get:7 http://127.0.0.1:12990/debian sid/main Sources 2020-02-25-0213.11.pdiff [23.2 kB]
Get:9 http://127.0.0.1:12990/debian sid/main amd64 Packages 2020-02-24-1420.34.pdiff [27.5 kB]
Get:10 http://127.0.0.1:12990/debian sid/main amd64 Packages 2020-02-24-2014.03.pdiff [21.6 kB]
Get:11 http://127.0.0.1:12990/debian sid/main amd64 Packages 2020-02-25-0213.11.pdiff [35.0 kB]
Get:11 http://127.0.0.1:12990/debian sid/main amd64 Packages 2020-02-25-0213.11.pdiff [35.0 kB]
Get:12 http://127.0.0.1:12990/debian sid/main Translation-en [6193 kB]
Fetched 6572 kB in 2s (2806 kB/s)
Reading package lists...
+ apt-get install --yes --no-install-recommends --force-yes clang-9 libomp-9-dev libobjc-9-dev
Reading package lists...
Building dependency tree...
The following additional packages will be installed:
  gcc-8-base lib32gcc-s1 lib32gcc1 lib32stdc++6 libbsd0 libc6-i386
  libclang-common-9-dev libclang-cpp9 libedit2 libgc1c2 libgcc-8-dev libllvm9
  libmpx2 libobjc-8-dev libobjc4 libomp5-9 libstdc++-8-dev libz3-4
Suggested packages:
  clang-9-doc libomp-9-doc libstdc++-8-doc
Recommended packages:
  llvm-9-dev python3
The following NEW packages will be installed:
  clang-9 gcc-8-base lib32gcc-s1 lib32gcc1 lib32stdc++6 libbsd0 libc6-i386
  libclang-common-9-dev libclang-cpp9 libedit2 libgc1c2 libgcc-8-dev libllvm9
  libmpx2 libobjc-8-dev libobjc-9-dev libobjc4 libomp-9-dev libomp5-9
  libstdc++-8-dev libz3-4
0 upgraded, 21 newly installed, 0 to remove and 2 not upgraded.
Need to get 43.9 MB of archives.
After this operation, 237 MB of additional disk space will be used.
Get:1 http://127.0.0.1:12990/debian sid/main amd64 libbsd0 amd64 0.10.0-1 [107 kB]
Get:2 http://127.0.0.1:12990/debian sid/main amd64 libedit2 amd64 3.1-20191231-1 [95.4 kB]
Get:3 http://127.0.0.1:12990/debian sid/main amd64 libz3-4 amd64 4.8.7-4 [6790 kB]
Get:4 http://127.0.0.1:12990/debian sid/main amd64 libllvm9 amd64 1:9.0.1-8 [15.0 MB]
Get:5 http://127.0.0.1:12990/debian sid/main amd64 libclang-cpp9 amd64 1:9.0.1-8 [8429 kB]
Get:6 http://127.0.0.1:12990/debian sid/main amd64 gcc-8-base amd64 8.3.0-29 [194 kB]
Get:7 http://127.0.0.1:12990/debian sid/main amd64 libmpx2 amd64 8.3.0-29 [11.4 kB]
Get:8 http://127.0.0.1:12990/debian sid/main amd64 libgcc-8-dev amd64 8.3.0-29 [2297 kB]
Get:9 http://127.0.0.1:12990/debian sid/main amd64 libstdc++-8-dev amd64 8.3.0-29 [1543 kB]
Get:10 http://127.0.0.1:12990/debian sid/main amd64 libgc1c2 amd64 1:7.6.4-0.4 [224 kB]
Get:11 http://127.0.0.1:12990/debian sid/main amd64 libobjc4 amd64 10-20200222-1 [41.6 kB]
Get:12 http://127.0.0.1:12990/debian sid/main amd64 libobjc-8-dev amd64 8.3.0-29 [227 kB]
Get:13 http://127.0.0.1:12990/debian sid/main amd64 libc6-i386 amd64 2.29-10 [2918 kB]
Get:14 http://127.0.0.1:12990/debian sid/main amd64 lib32gcc-s1 amd64 10-20200222-1 [49.4 kB]
Get:15 http://127.0.0.1:12990/debian sid/main amd64 lib32gcc1 amd64 1:10-20200222-1 [1104 B]
Get:16 http://127.0.0.1:12990/debian sid/main amd64 lib32stdc++6 amd64 10-20200222-1 [510 kB]
Get:17 http://127.0.0.1:12990/debian sid/main amd64 libclang-common-9-dev amd64 1:9.0.1-8 [3727 kB]
Get:18 http://127.0.0.1:12990/debian sid/main amd64 clang-9 amd64 1:9.0.1-8 [1156 kB]
Get:19 http://127.0.0.1:12990/debian sid/main amd64 libobjc-9-dev amd64 9.2.1-29 [219 kB]
Get:20 http://127.0.0.1:12990/debian sid/main amd64 libomp5-9 amd64 1:9.0.1-8 [333 kB]
Get:21 http://127.0.0.1:12990/debian sid/main amd64 libomp-9-dev amd64 1:9.0.1-8 [66.2 kB]
debconf: delaying package configuration, since apt-utils is not installed
Fetched 43.9 MB in 3s (17.5 MB/s)
Selecting previously unselected package libbsd0:amd64.
(Reading database ... (Reading database ... 5%(Reading database ... 10%(Reading database ... 15%(Reading database ... 20%(Reading database ... 25%(Reading database ... 30%(Reading database ... 35%(Reading database ... 40%(Reading database ... 45%(Reading database ... 50%(Reading database ... 55%(Reading database ... 60%(Reading database ... 65%(Reading database ... 70%(Reading database ... 75%(Reading database ... 80%(Reading database ... 85%(Reading database ... 90%(Reading database ... 95%(Reading database ... 100%(Reading database ... 12119 files and directories currently installed.)
Preparing to unpack .../00-libbsd0_0.10.0-1_amd64.deb ...
Unpacking libbsd0:amd64 (0.10.0-1) ...
Selecting previously unselected package libedit2:amd64.
Preparing to unpack .../01-libedit2_3.1-20191231-1_amd64.deb ...
Unpacking libedit2:amd64 (3.1-20191231-1) ...
Selecting previously unselected package libz3-4:amd64.
Preparing to unpack .../02-libz3-4_4.8.7-4_amd64.deb ...
Unpacking libz3-4:amd64 (4.8.7-4) ...
Selecting previously unselected package libllvm9:amd64.
Preparing to unpack .../03-libllvm9_1%3a9.0.1-8_amd64.deb ...
Unpacking libllvm9:amd64 (1:9.0.1-8) ...
Selecting previously unselected package libclang-cpp9.
Preparing to unpack .../04-libclang-cpp9_1%3a9.0.1-8_amd64.deb ...
Unpacking libclang-cpp9 (1:9.0.1-8) ...
Selecting previously unselected package gcc-8-base:amd64.
Preparing to unpack .../05-gcc-8-base_8.3.0-29_amd64.deb ...
Unpacking gcc-8-base:amd64 (8.3.0-29) ...
Selecting previously unselected package libmpx2:amd64.
Preparing to unpack .../06-libmpx2_8.3.0-29_amd64.deb ...
Unpacking libmpx2:amd64 (8.3.0-29) ...
Selecting previously unselected package libgcc-8-dev:amd64.
Preparing to unpack .../07-libgcc-8-dev_8.3.0-29_amd64.deb ...
Unpacking libgcc-8-dev:amd64 (8.3.0-29) ...
Selecting previously unselected package libstdc++-8-dev:amd64.
Preparing to unpack .../08-libstdc++-8-dev_8.3.0-29_amd64.deb ...
Unpacking libstdc++-8-dev:amd64 (8.3.0-29) ...
Selecting previously unselected package libgc1c2:amd64.
Preparing to unpack .../09-libgc1c2_1%3a7.6.4-0.4_amd64.deb ...
Unpacking libgc1c2:amd64 (1:7.6.4-0.4) ...
Selecting previously unselected package libobjc4:amd64.
Preparing to unpack .../10-libobjc4_10-20200222-1_amd64.deb ...
Unpacking libobjc4:amd64 (10-20200222-1) ...
Selecting previously unselected package libobjc-8-dev:amd64.
Preparing to unpack .../11-libobjc-8-dev_8.3.0-29_amd64.deb ...
Unpacking libobjc-8-dev:amd64 (8.3.0-29) ...
Selecting previously unselected package libc6-i386.
Preparing to unpack .../12-libc6-i386_2.29-10_amd64.deb ...
Unpacking libc6-i386 (2.29-10) ...
Selecting previously unselected package lib32gcc-s1.
Preparing to unpack .../13-lib32gcc-s1_10-20200222-1_amd64.deb ...
Unpacking lib32gcc-s1 (10-20200222-1) ...
Selecting previously unselected package lib32gcc1.
Preparing to unpack .../14-lib32gcc1_1%3a10-20200222-1_amd64.deb ...
Unpacking lib32gcc1 (1:10-20200222-1) ...
Selecting previously unselected package lib32stdc++6.
Preparing to unpack .../15-lib32stdc++6_10-20200222-1_amd64.deb ...
Unpacking lib32stdc++6 (10-20200222-1) ...
Selecting previously unselected package libclang-common-9-dev.
Preparing to unpack .../16-libclang-common-9-dev_1%3a9.0.1-8_amd64.deb ...
Unpacking libclang-common-9-dev (1:9.0.1-8) ...
Selecting previously unselected package clang-9.
Preparing to unpack .../17-clang-9_1%3a9.0.1-8_amd64.deb ...
Unpacking clang-9 (1:9.0.1-8) ...
Selecting previously unselected package libobjc-9-dev:amd64.
Preparing to unpack .../18-libobjc-9-dev_9.2.1-29_amd64.deb ...
Unpacking libobjc-9-dev:amd64 (9.2.1-29) ...
Selecting previously unselected package libomp5-9:amd64.
Preparing to unpack .../19-libomp5-9_1%3a9.0.1-8_amd64.deb ...
Unpacking libomp5-9:amd64 (1:9.0.1-8) ...
Selecting previously unselected package libomp-9-dev.
Preparing to unpack .../20-libomp-9-dev_1%3a9.0.1-8_amd64.deb ...
Unpacking libomp-9-dev (1:9.0.1-8) ...
Setting up libgc1c2:amd64 (1:7.6.4-0.4) ...
Setting up libobjc4:amd64 (10-20200222-1) ...
Setting up libz3-4:amd64 (4.8.7-4) ...
Setting up gcc-8-base:amd64 (8.3.0-29) ...
Setting up libobjc-9-dev:amd64 (9.2.1-29) ...
Setting up libmpx2:amd64 (8.3.0-29) ...
Setting up libc6-i386 (2.29-10) ...
Setting up libbsd0:amd64 (0.10.0-1) ...
Setting up libomp5-9:amd64 (1:9.0.1-8) ...
Setting up libedit2:amd64 (3.1-20191231-1) ...
Setting up lib32gcc-s1 (10-20200222-1) ...
Setting up libgcc-8-dev:amd64 (8.3.0-29) ...
Setting up libomp-9-dev (1:9.0.1-8) ...
Setting up libllvm9:amd64 (1:9.0.1-8) ...
Setting up libstdc++-8-dev:amd64 (8.3.0-29) ...
Setting up libclang-cpp9 (1:9.0.1-8) ...
Setting up lib32gcc1 (1:10-20200222-1) ...
Setting up libobjc-8-dev:amd64 (8.3.0-29) ...
Setting up lib32stdc++6 (10-20200222-1) ...
Setting up libclang-common-9-dev (1:9.0.1-8) ...
Setting up clang-9 (1:9.0.1-8) ...
Processing triggers for libc-bin (2.29-10) ...
W: --force-yes is deprecated, use one of the options starting with --allow instead.
+ echo 'Replace gcc, g++ & cpp by clang'
Replace gcc, g++ & cpp by clang
+ VERSIONS='4.6 4.7 4.8 4.9 5 6 7 8 9 10'
+ cd /usr/bin
+ for VERSION in $VERSIONS
+ rm -f g++-4.6 gcc-4.6 cpp-4.6 gcc
+ ln -s clang++-9 g++-4.6
+ ln -s clang-9 gcc-4.6
+ ln -s clang-9 cpp-4.6
+ ln -s clang-9 gcc
+ dpkg --set-selections
+ echo 'gcc-4.6 hold'
dpkg: warning: package not in status nor available database at line 1: gcc-4.6
dpkg: warning: found unknown packages; this might mean the available database
is outdated, and needs to be updated through a frontend method;
please see the FAQ <https://wiki.debian.org/Teams/Dpkg/FAQ>
+ echo 'g++-4.6 hold'
+ dpkg --set-selections
dpkg: warning: package not in status nor available database at line 1: g++-4.6
dpkg: warning: found unknown packages; this might mean the available database
is outdated, and needs to be updated through a frontend method;
please see the FAQ <https://wiki.debian.org/Teams/Dpkg/FAQ>
+ for VERSION in $VERSIONS
+ rm -f g++-4.7 gcc-4.7 cpp-4.7 gcc
+ ln -s clang++-9 g++-4.7
+ ln -s clang-9 gcc-4.7
+ ln -s clang-9 cpp-4.7
+ ln -s clang-9 gcc
+ echo 'gcc-4.7 hold'
+ dpkg --set-selections
dpkg: warning: package not in status nor available database at line 1: gcc-4.7
dpkg: warning: found unknown packages; this might mean the available database
is outdated, and needs to be updated through a frontend method;
please see the FAQ <https://wiki.debian.org/Teams/Dpkg/FAQ>
+ echo 'g++-4.7 hold'
+ dpkg --set-selections
dpkg: warning: package not in status nor available database at line 1: g++-4.7
dpkg: warning: found unknown packages; this might mean the available database
is outdated, and needs to be updated through a frontend method;
please see the FAQ <https://wiki.debian.org/Teams/Dpkg/FAQ>
+ for VERSION in $VERSIONS
+ rm -f g++-4.8 gcc-4.8 cpp-4.8 gcc
+ ln -s clang++-9 g++-4.8
+ ln -s clang-9 gcc-4.8
+ ln -s clang-9 cpp-4.8
+ ln -s clang-9 gcc
+ echo 'gcc-4.8 hold'
+ dpkg --set-selections
dpkg: warning: package not in status nor available database at line 1: gcc-4.8
dpkg: warning: found unknown packages; this might mean the available database
is outdated, and needs to be updated through a frontend method;
please see the FAQ <https://wiki.debian.org/Teams/Dpkg/FAQ>
+ echo 'g++-4.8 hold'
+ dpkg --set-selections
dpkg: warning: package not in status nor available database at line 1: g++-4.8
dpkg: warning: found unknown packages; this might mean the available database
is outdated, and needs to be updated through a frontend method;
please see the FAQ <https://wiki.debian.org/Teams/Dpkg/FAQ>
+ for VERSION in $VERSIONS
+ rm -f g++-4.9 gcc-4.9 cpp-4.9 gcc
+ ln -s clang++-9 g++-4.9
+ ln -s clang-9 gcc-4.9
+ ln -s clang-9 cpp-4.9
+ ln -s clang-9 gcc
+ echo 'gcc-4.9 hold'
+ dpkg --set-selections
dpkg: warning: package not in status nor available database at line 1: gcc-4.9
dpkg: warning: found unknown packages; this might mean the available database
is outdated, and needs to be updated through a frontend method;
please see the FAQ <https://wiki.debian.org/Teams/Dpkg/FAQ>
+ echo 'g++-4.9 hold'
+ dpkg --set-selections
dpkg: warning: package not in status nor available database at line 1: g++-4.9
dpkg: warning: found unknown packages; this might mean the available database
is outdated, and needs to be updated through a frontend method;
please see the FAQ <https://wiki.debian.org/Teams/Dpkg/FAQ>
+ for VERSION in $VERSIONS
+ rm -f g++-5 gcc-5 cpp-5 gcc
+ ln -s clang++-9 g++-5
+ ln -s clang-9 gcc-5
+ ln -s clang-9 cpp-5
+ ln -s clang-9 gcc
+ echo 'gcc-5 hold'
+ dpkg --set-selections
dpkg: warning: package not in status nor available database at line 1: gcc-5
dpkg: warning: found unknown packages; this might mean the available database
is outdated, and needs to be updated through a frontend method;
please see the FAQ <https://wiki.debian.org/Teams/Dpkg/FAQ>
+ echo 'g++-5 hold'
+ dpkg --set-selections
dpkg: warning: package not in status nor available database at line 1: g++-5
dpkg: warning: found unknown packages; this might mean the available database
is outdated, and needs to be updated through a frontend method;
please see the FAQ <https://wiki.debian.org/Teams/Dpkg/FAQ>
+ for VERSION in $VERSIONS
+ rm -f g++-6 gcc-6 cpp-6 gcc
+ ln -s clang++-9 g++-6
+ ln -s clang-9 gcc-6
+ ln -s clang-9 cpp-6
+ ln -s clang-9 gcc
+ echo 'gcc-6 hold'
+ dpkg --set-selections
dpkg: warning: package not in status nor available database at line 1: gcc-6
dpkg: warning: found unknown packages; this might mean the available database
is outdated, and needs to be updated through a frontend method;
please see the FAQ <https://wiki.debian.org/Teams/Dpkg/FAQ>
+ echo 'g++-6 hold'
+ dpkg --set-selections
dpkg: warning: package not in status nor available database at line 1: g++-6
dpkg: warning: found unknown packages; this might mean the available database
is outdated, and needs to be updated through a frontend method;
please see the FAQ <https://wiki.debian.org/Teams/Dpkg/FAQ>
+ for VERSION in $VERSIONS
+ rm -f g++-7 gcc-7 cpp-7 gcc
+ ln -s clang++-9 g++-7
+ ln -s clang-9 gcc-7
+ ln -s clang-9 cpp-7
+ ln -s clang-9 gcc
+ echo 'gcc-7 hold'
+ dpkg --set-selections
dpkg: warning: package not in status nor available database at line 1: gcc-7
dpkg: warning: found unknown packages; this might mean the available database
is outdated, and needs to be updated through a frontend method;
please see the FAQ <https://wiki.debian.org/Teams/Dpkg/FAQ>
+ echo 'g++-7 hold'
+ dpkg --set-selections
dpkg: warning: package not in status nor available database at line 1: g++-7
dpkg: warning: found unknown packages; this might mean the available database
is outdated, and needs to be updated through a frontend method;
please see the FAQ <https://wiki.debian.org/Teams/Dpkg/FAQ>
+ for VERSION in $VERSIONS
+ rm -f g++-8 gcc-8 cpp-8 gcc
+ ln -s clang++-9 g++-8
+ ln -s clang-9 gcc-8
+ ln -s clang-9 cpp-8
+ ln -s clang-9 gcc
+ echo 'gcc-8 hold'
+ dpkg --set-selections
dpkg: warning: package not in status nor available database at line 1: gcc-8
dpkg: warning: found unknown packages; this might mean the available database
is outdated, and needs to be updated through a frontend method;
please see the FAQ <https://wiki.debian.org/Teams/Dpkg/FAQ>
+ echo 'g++-8 hold'
+ dpkg --set-selections
dpkg: warning: package not in status nor available database at line 1: g++-8
dpkg: warning: found unknown packages; this might mean the available database
is outdated, and needs to be updated through a frontend method;
please see the FAQ <https://wiki.debian.org/Teams/Dpkg/FAQ>
+ for VERSION in $VERSIONS
+ rm -f g++-9 gcc-9 cpp-9 gcc
+ ln -s clang++-9 g++-9
+ ln -s clang-9 gcc-9
+ ln -s clang-9 cpp-9
+ ln -s clang-9 gcc
+ dpkg --set-selections
+ echo 'gcc-9 hold'
+ dpkg --set-selections
+ echo 'g++-9 hold'
+ for VERSION in $VERSIONS
+ rm -f g++-10 gcc-10 cpp-10 gcc
+ ln -s clang++-9 g++-10
+ ln -s clang-9 gcc-10
+ ln -s clang-9 cpp-10
+ ln -s clang-9 gcc
+ dpkg --set-selections
+ echo 'gcc-10 hold'
dpkg: warning: package not in status nor available database at line 1: gcc-10
dpkg: warning: found unknown packages; this might mean the available database
is outdated, and needs to be updated through a frontend method;
please see the FAQ <https://wiki.debian.org/Teams/Dpkg/FAQ>
+ echo 'g++-10 hold'
+ dpkg --set-selections
dpkg: warning: package not in status nor available database at line 1: g++-10
dpkg: warning: found unknown packages; this might mean the available database
is outdated, and needs to be updated through a frontend method;
please see the FAQ <https://wiki.debian.org/Teams/Dpkg/FAQ>
+ cd -
/build/libmaxmind-db-reader-xs-perl-Hxp7dW
+ echo 'Check if gcc, g++ & cpp are actually clang'
Check if gcc, g++ & cpp are actually clang
+ gcc --version
+ grep clang
+ cpp --version
+ grep clang
+ grep clang
+ g++ --version

I: Finished running '/tmp/clang9'.

Finished processing commands.
--------------------------------------------------------------------------------
I: NOTICE: Log filtering will replace 'build/libmaxmind-db-reader-xs-perl-Hxp7dW/resolver-at3uva' with '<<RESOLVERDIR>>'

+------------------------------------------------------------------------------+
| Update chroot                                                                |
+------------------------------------------------------------------------------+

Hit:1 http://127.0.0.1:12990/debian sid InRelease
Reading package lists...
Reading package lists...
Building dependency tree...
Reading state information...
Calculating upgrade...
The following packages will be upgraded:
  libgmp10 zlib1g
2 upgraded, 0 newly installed, 0 to remove and 0 not upgraded.
Need to get 343 kB of archives.
After this operation, 0 B of additional disk space will be used.
Get:1 http://127.0.0.1:12990/debian sid/main amd64 libgmp10 amd64 2:6.2.0+dfsg-4 [253 kB]
Get:2 http://127.0.0.1:12990/debian sid/main amd64 zlib1g amd64 1:1.2.11.dfsg-2 [90.4 kB]
debconf: delaying package configuration, since apt-utils is not installed
Fetched 343 kB in 0s (4598 kB/s)
(Reading database ... (Reading database ... 5%(Reading database ... 10%(Reading database ... 15%(Reading database ... 20%(Reading database ... 25%(Reading database ... 30%(Reading database ... 35%(Reading database ... 40%(Reading database ... 45%(Reading database ... 50%(Reading database ... 55%(Reading database ... 60%(Reading database ... 65%(Reading database ... 70%(Reading database ... 75%(Reading database ... 80%(Reading database ... 85%(Reading database ... 90%(Reading database ... 95%(Reading database ... 100%(Reading database ... 13921 files and directories currently installed.)
Preparing to unpack .../libgmp10_2%3a6.2.0+dfsg-4_amd64.deb ...
Unpacking libgmp10:amd64 (2:6.2.0+dfsg-4) over (2:6.2.0+dfsg-3) ...
Setting up libgmp10:amd64 (2:6.2.0+dfsg-4) ...
(Reading database ... (Reading database ... 5%(Reading database ... 10%(Reading database ... 15%(Reading database ... 20%(Reading database ... 25%(Reading database ... 30%(Reading database ... 35%(Reading database ... 40%(Reading database ... 45%(Reading database ... 50%(Reading database ... 55%(Reading database ... 60%(Reading database ... 65%(Reading database ... 70%(Reading database ... 75%(Reading database ... 80%(Reading database ... 85%(Reading database ... 90%(Reading database ... 95%(Reading database ... 100%(Reading database ... 13921 files and directories currently installed.)
Preparing to unpack .../zlib1g_1%3a1.2.11.dfsg-2_amd64.deb ...
Unpacking zlib1g:amd64 (1:1.2.11.dfsg-2) over (1:1.2.11.dfsg-1.2) ...
Setting up zlib1g:amd64 (1:1.2.11.dfsg-2) ...
Processing triggers for libc-bin (2.29-10) ...

+------------------------------------------------------------------------------+
| Fetch source files                                                           |
+------------------------------------------------------------------------------+


Check APT
---------

Checking available source versions...

Download source files with APT
------------------------------

Reading package lists...
NOTICE: 'libmaxmind-db-reader-xs-perl' packaging is maintained in the 'Git' version control system at:
https://salsa.debian.org/perl-team/modules/packages/libmaxmind-db-reader-xs-perl.git
Please use:
git clone https://salsa.debian.org/perl-team/modules/packages/libmaxmind-db-reader-xs-perl.git
to retrieve the latest (possibly unreleased) updates to the package.
Need to get 324 kB of source archives.
Get:1 http://127.0.0.1:12990/debian sid/main libmaxmind-db-reader-xs-perl 1.000008-1 (dsc) [2822 B]
Get:2 http://127.0.0.1:12990/debian sid/main libmaxmind-db-reader-xs-perl 1.000008-1 (tar) [310 kB]
Get:3 http://127.0.0.1:12990/debian sid/main libmaxmind-db-reader-xs-perl 1.000008-1 (diff) [11.2 kB]
Fetched 324 kB in 0s (1014 kB/s)
Download complete and in download only mode
I: NOTICE: Log filtering will replace 'build/libmaxmind-db-reader-xs-perl-Hxp7dW/libmaxmind-db-reader-xs-perl-1.000008' with '<<PKGBUILDDIR>>'
I: NOTICE: Log filtering will replace 'build/libmaxmind-db-reader-xs-perl-Hxp7dW' with '<<BUILDDIR>>'

+------------------------------------------------------------------------------+
| Install package build dependencies                                           |
+------------------------------------------------------------------------------+


Setup apt archive
-----------------

Merged Build-Depends: debhelper-compat (= 12), libmath-int128-perl, libmath-int64-perl, libmaxmind-db-common-perl, libmaxmind-db-reader-perl, libmaxminddb-dev, libmodule-build-perl, libmodule-implementation-perl, libmoo-perl, libnamespace-autoclean-perl, libnet-works-perl, libpath-class-perl, libtest-fatal-perl, libtest-number-delta-perl, libtest-requires-perl, perl, build-essential, fakeroot
Filtered Build-Depends: debhelper-compat (= 12), libmath-int128-perl, libmath-int64-perl, libmaxmind-db-common-perl, libmaxmind-db-reader-perl, libmaxminddb-dev, libmodule-build-perl, libmodule-implementation-perl, libmoo-perl, libnamespace-autoclean-perl, libnet-works-perl, libpath-class-perl, libtest-fatal-perl, libtest-number-delta-perl, libtest-requires-perl, perl, build-essential, fakeroot
dpkg-deb: building package 'sbuild-build-depends-main-dummy' in '/<<RESOLVERDIR>>/apt_archive/sbuild-build-depends-main-dummy.deb'.
Ign:1 copy:/<<RESOLVERDIR>>/apt_archive ./ InRelease
Get:2 copy:/<<RESOLVERDIR>>/apt_archive ./ Release [957 B]
Ign:3 copy:/<<RESOLVERDIR>>/apt_archive ./ Release.gpg
Get:4 copy:/<<RESOLVERDIR>>/apt_archive ./ Sources [488 B]
Get:5 copy:/<<RESOLVERDIR>>/apt_archive ./ Packages [572 B]
Fetched 2017 B in 0s (0 B/s)
Reading package lists...
Reading package lists...

Install main build dependencies (apt-based resolver)
----------------------------------------------------

Installing build dependencies
Reading package lists...
Building dependency tree...
Reading state information...
The following additional packages will be installed:
  autoconf automake autopoint autotools-dev bsdmainutils debhelper
  dh-autoreconf dh-strip-nondeterminism dwz file gettext gettext-base
  groff-base intltool-debian libalgorithm-c3-perl libarchive-zip-perl
  libb-hooks-endofscope-perl libb-hooks-op-check-perl libclass-c3-perl
  libclass-data-inheritable-perl libclass-inspector-perl libclass-load-perl
  libclass-load-xs-perl libclass-method-modifiers-perl libclass-singleton-perl
  libclone-pp-perl libcroco3 libdata-dumper-concise-perl libdata-ieee754-perl
  libdata-optlist-perl libdata-printer-perl libdata-validate-ip-perl
  libdatetime-locale-perl libdatetime-perl libdatetime-timezone-perl
  libdebhelper-perl libdevel-callchecker-perl libdevel-globaldestruction-perl
  libdevel-overloadinfo-perl libdevel-stacktrace-perl
  libdist-checkconflicts-perl libdynaloader-functions-perl libelf1
  libeval-closure-perl libexception-class-perl libfile-homedir-perl
  libfile-sharedir-perl libfile-stripnondeterminism-perl libfile-which-perl
  libglib2.0-0 libicu63 libimport-into-perl liblist-allutils-perl
  liblist-someutils-perl liblist-utilsby-perl libmagic-mgc libmagic1
  libmath-base85-perl libmath-int128-perl libmath-int64-perl
  libmaxmind-db-common-perl libmaxmind-db-reader-perl libmaxminddb-dev
  libmaxminddb0 libmodule-build-perl libmodule-implementation-perl
  libmodule-runtime-conflicts-perl libmodule-runtime-perl libmoo-perl
  libmoose-perl libmoox-strictconstructor-perl libmro-compat-perl
  libnamespace-autoclean-perl libnamespace-clean-perl libnet-ipv6addr-perl
  libnet-netmask-perl libnet-works-perl libnetaddr-ip-perl
  libnetwork-ipv4addr-perl libpackage-deprecationmanager-perl
  libpackage-stash-perl libpackage-stash-xs-perl libparams-classify-perl
  libparams-util-perl libparams-validationcompiler-perl libpath-class-perl
  libpipeline1 librole-tiny-perl libsigsegv2 libsort-naturally-perl
  libspecio-perl libstrictures-perl libsub-exporter-perl
  libsub-exporter-progressive-perl libsub-identify-perl libsub-install-perl
  libsub-name-perl libsub-override-perl libsub-quote-perl libtest-fatal-perl
  libtest-number-delta-perl libtest-requires-perl libtool libtry-tiny-perl
  libuchardet0 libvariable-magic-perl libxml2 libxstring-perl m4 man-db
  po-debconf sensible-utils
Suggested packages:
  autoconf-archive gnu-standards autoconf-doc wamerican | wordlist whois
  vacation dh-make gettext-doc libasprintf-dev libgettextpo-dev groff mmdb-bin
  libscalar-number-perl libbareword-filehandles-perl libindirect-perl
  libmultidimensional-perl libtool-doc gfortran | fortran95-compiler gcj-jdk
  m4-doc apparmor less www-browser libmail-box-perl
Recommended packages:
  curl | wget | lynx libclass-c3-xs-perl libdevel-argnames-perl
  libdevel-lexalias-perl libarchive-cpio-perl libglib2.0-data shared-mime-info
  xdg-user-dirs liblist-someutils-xs-perl libmaxmind-db-reader-xs-perl
  libmodule-signature-perl libpod-readme-perl libsoftware-license-perl
  libclass-xsaccessor-perl libdevel-partialdump-perl libsocket6-perl
  libref-util-perl libltdl-dev libmail-sendmail-perl
The following NEW packages will be installed:
  autoconf automake autopoint autotools-dev bsdmainutils debhelper
  dh-autoreconf dh-strip-nondeterminism dwz file gettext gettext-base
  groff-base intltool-debian libalgorithm-c3-perl libarchive-zip-perl
  libb-hooks-endofscope-perl libb-hooks-op-check-perl libclass-c3-perl
  libclass-data-inheritable-perl libclass-inspector-perl libclass-load-perl
  libclass-load-xs-perl libclass-method-modifiers-perl libclass-singleton-perl
  libclone-pp-perl libcroco3 libdata-dumper-concise-perl libdata-ieee754-perl
  libdata-optlist-perl libdata-printer-perl libdata-validate-ip-perl
  libdatetime-locale-perl libdatetime-perl libdatetime-timezone-perl
  libdebhelper-perl libdevel-callchecker-perl libdevel-globaldestruction-perl
  libdevel-overloadinfo-perl libdevel-stacktrace-perl
  libdist-checkconflicts-perl libdynaloader-functions-perl libelf1
  libeval-closure-perl libexception-class-perl libfile-homedir-perl
  libfile-sharedir-perl libfile-stripnondeterminism-perl libfile-which-perl
  libglib2.0-0 libicu63 libimport-into-perl liblist-allutils-perl
  liblist-someutils-perl liblist-utilsby-perl libmagic-mgc libmagic1
  libmath-base85-perl libmath-int128-perl libmath-int64-perl
  libmaxmind-db-common-perl libmaxmind-db-reader-perl libmaxminddb-dev
  libmaxminddb0 libmodule-build-perl libmodule-implementation-perl
  libmodule-runtime-conflicts-perl libmodule-runtime-perl libmoo-perl
  libmoose-perl libmoox-strictconstructor-perl libmro-compat-perl
  libnamespace-autoclean-perl libnamespace-clean-perl libnet-ipv6addr-perl
  libnet-netmask-perl libnet-works-perl libnetaddr-ip-perl
  libnetwork-ipv4addr-perl libpackage-deprecationmanager-perl
  libpackage-stash-perl libpackage-stash-xs-perl libparams-classify-perl
  libparams-util-perl libparams-validationcompiler-perl libpath-class-perl
  libpipeline1 librole-tiny-perl libsigsegv2 libsort-naturally-perl
  libspecio-perl libstrictures-perl libsub-exporter-perl
  libsub-exporter-progressive-perl libsub-identify-perl libsub-install-perl
  libsub-name-perl libsub-override-perl libsub-quote-perl libtest-fatal-perl
  libtest-number-delta-perl libtest-requires-perl libtool libtry-tiny-perl
  libuchardet0 libvariable-magic-perl libxml2 libxstring-perl m4 man-db
  po-debconf sbuild-build-depends-main-dummy sensible-utils
0 upgraded, 113 newly installed, 0 to remove and 0 not upgraded.
Need to get 24.7 MB of archives.
After this operation, 104 MB of additional disk space will be used.
Get:1 copy:/<<RESOLVERDIR>>/apt_archive ./ sbuild-build-depends-main-dummy 0.invalid.0 [1000 B]
Get:2 http://127.0.0.1:12990/debian sid/main amd64 bsdmainutils amd64 11.1.2+b1 [191 kB]
Get:3 http://127.0.0.1:12990/debian sid/main amd64 libuchardet0 amd64 0.0.6-3 [64.9 kB]
Get:4 http://127.0.0.1:12990/debian sid/main amd64 groff-base amd64 1.22.4-4 [919 kB]
Get:5 http://127.0.0.1:12990/debian sid/main amd64 libpipeline1 amd64 1.5.2-2 [33.9 kB]
Get:6 http://127.0.0.1:12990/debian sid/main amd64 man-db amd64 2.9.0-2 [1307 kB]
Get:7 http://127.0.0.1:12990/debian sid/main amd64 sensible-utils all 0.0.12+nmu1 [16.0 kB]
Get:8 http://127.0.0.1:12990/debian sid/main amd64 libmagic-mgc amd64 1:5.38-4 [262 kB]
Get:9 http://127.0.0.1:12990/debian sid/main amd64 libmagic1 amd64 1:5.38-4 [120 kB]
Get:10 http://127.0.0.1:12990/debian sid/main amd64 file amd64 1:5.38-4 [67.9 kB]
Get:11 http://127.0.0.1:12990/debian sid/main amd64 gettext-base amd64 0.19.8.1-10 [123 kB]
Get:12 http://127.0.0.1:12990/debian sid/main amd64 libsigsegv2 amd64 2.12-2 [32.8 kB]
Get:13 http://127.0.0.1:12990/debian sid/main amd64 m4 amd64 1.4.18-4 [203 kB]
Get:14 http://127.0.0.1:12990/debian sid/main amd64 autoconf all 2.69-11.1 [341 kB]
Get:15 http://127.0.0.1:12990/debian sid/main amd64 autotools-dev all 20180224.1 [77.0 kB]
Get:16 http://127.0.0.1:12990/debian sid/main amd64 automake all 1:1.16.1-4 [771 kB]
Get:17 http://127.0.0.1:12990/debian sid/main amd64 autopoint all 0.19.8.1-10 [435 kB]
Get:18 http://127.0.0.1:12990/debian sid/main amd64 libtool all 2.4.6-13 [513 kB]
Get:19 http://127.0.0.1:12990/debian sid/main amd64 dh-autoreconf all 19 [16.9 kB]
Get:20 http://127.0.0.1:12990/debian sid/main amd64 libdebhelper-perl all 12.9 [183 kB]
Get:21 http://127.0.0.1:12990/debian sid/main amd64 libarchive-zip-perl all 1.67-1 [104 kB]
Get:22 http://127.0.0.1:12990/debian sid/main amd64 libsub-override-perl all 0.09-2 [10.2 kB]
Get:23 http://127.0.0.1:12990/debian sid/main amd64 libfile-stripnondeterminism-perl all 1.6.3-2 [23.7 kB]
Get:24 http://127.0.0.1:12990/debian sid/main amd64 dh-strip-nondeterminism all 1.6.3-2 [14.7 kB]
Get:25 http://127.0.0.1:12990/debian sid/main amd64 libelf1 amd64 0.176-1.1 [161 kB]
Get:26 http://127.0.0.1:12990/debian sid/main amd64 dwz amd64 0.13-5 [151 kB]
Get:27 http://127.0.0.1:12990/debian sid/main amd64 libglib2.0-0 amd64 2.62.4-2 [1319 kB]
Get:28 http://127.0.0.1:12990/debian sid/main amd64 libicu63 amd64 63.2-2 [8301 kB]
Get:29 http://127.0.0.1:12990/debian sid/main amd64 libxml2 amd64 2.9.10+dfsg-3 [709 kB]
Get:30 http://127.0.0.1:12990/debian sid/main amd64 libcroco3 amd64 0.6.13-1 [146 kB]
Get:31 http://127.0.0.1:12990/debian sid/main amd64 gettext amd64 0.19.8.1-10 [1303 kB]
Get:32 http://127.0.0.1:12990/debian sid/main amd64 intltool-debian all 0.35.0+20060710.5 [26.8 kB]
Get:33 http://127.0.0.1:12990/debian sid/main amd64 po-debconf all 1.0.21 [248 kB]
Get:34 http://127.0.0.1:12990/debian sid/main amd64 debhelper all 12.9 [994 kB]
Get:35 http://127.0.0.1:12990/debian sid/main amd64 libalgorithm-c3-perl all 0.10-1 [12.0 kB]
Get:36 http://127.0.0.1:12990/debian sid/main amd64 libb-hooks-op-check-perl amd64 0.22-1+b2 [11.3 kB]
Get:37 http://127.0.0.1:12990/debian sid/main amd64 libdynaloader-functions-perl all 0.003-1 [12.6 kB]
Get:38 http://127.0.0.1:12990/debian sid/main amd64 libdevel-callchecker-perl amd64 0.008-1+b1 [15.9 kB]
Get:39 http://127.0.0.1:12990/debian sid/main amd64 libparams-classify-perl amd64 0.015-1+b2 [25.6 kB]
Get:40 http://127.0.0.1:12990/debian sid/main amd64 libmodule-runtime-perl all 0.016-1 [19.4 kB]
Get:41 http://127.0.0.1:12990/debian sid/main amd64 libtry-tiny-perl all 0.30-1 [23.3 kB]
Get:42 http://127.0.0.1:12990/debian sid/main amd64 libmodule-implementation-perl all 0.09-1 [12.9 kB]
Get:43 http://127.0.0.1:12990/debian sid/main amd64 libsub-exporter-progressive-perl all 0.001013-1 [7588 B]
Get:44 http://127.0.0.1:12990/debian sid/main amd64 libvariable-magic-perl amd64 0.62-1+b2 [46.0 kB]
Get:45 http://127.0.0.1:12990/debian sid/main amd64 libb-hooks-endofscope-perl all 0.24-1 [18.6 kB]
Get:46 http://127.0.0.1:12990/debian sid/main amd64 libclass-c3-perl all 0.34-1 [22.4 kB]
Get:47 http://127.0.0.1:12990/debian sid/main amd64 libclass-data-inheritable-perl all 0.08-3 [8588 B]
Get:48 http://127.0.0.1:12990/debian sid/main amd64 libclass-inspector-perl all 1.36-1 [19.6 kB]
Get:49 http://127.0.0.1:12990/debian sid/main amd64 libparams-util-perl amd64 1.07-3+b5 [22.9 kB]
Get:50 http://127.0.0.1:12990/debian sid/main amd64 libsub-install-perl all 0.928-1 [11.4 kB]
Get:51 http://127.0.0.1:12990/debian sid/main amd64 libdata-optlist-perl all 0.110-1 [10.6 kB]
Get:52 http://127.0.0.1:12990/debian sid/main amd64 libpackage-stash-perl all 0.38-1 [21.7 kB]
Get:53 http://127.0.0.1:12990/debian sid/main amd64 libclass-load-perl all 0.25-1 [16.1 kB]
Get:54 http://127.0.0.1:12990/debian sid/main amd64 libclass-load-xs-perl amd64 0.10-1+b4 [14.8 kB]
Get:55 http://127.0.0.1:12990/debian sid/main amd64 libclass-method-modifiers-perl all 2.13-1 [19.2 kB]
Get:56 http://127.0.0.1:12990/debian sid/main amd64 libclass-singleton-perl all 1.5-1 [13.5 kB]
Get:57 http://127.0.0.1:12990/debian sid/main amd64 libclone-pp-perl all 1.07-1 [9576 B]
Get:58 http://127.0.0.1:12990/debian sid/main amd64 libdata-dumper-concise-perl all 2.023-1 [14.9 kB]
Get:59 http://127.0.0.1:12990/debian sid/main amd64 libdata-ieee754-perl all 0.02-1 [10.3 kB]
Get:60 http://127.0.0.1:12990/debian sid/main amd64 libfile-which-perl all 1.23-1 [16.6 kB]
Get:61 http://127.0.0.1:12990/debian sid/main amd64 libfile-homedir-perl all 1.004-1 [42.7 kB]
Get:62 http://127.0.0.1:12990/debian sid/main amd64 libdevel-globaldestruction-perl all 0.14-1 [8084 B]
Get:63 http://127.0.0.1:12990/debian sid/main amd64 libmro-compat-perl all 0.13-1 [12.2 kB]
Get:64 http://127.0.0.1:12990/debian sid/main amd64 libsub-identify-perl amd64 0.14-1+b2 [12.0 kB]
Get:65 http://127.0.0.1:12990/debian sid/main amd64 libdevel-overloadinfo-perl all 0.005-1 [7212 B]
Get:66 http://127.0.0.1:12990/debian sid/main amd64 libdevel-stacktrace-perl all 2.0400-1 [28.6 kB]
Get:67 http://127.0.0.1:12990/debian sid/main amd64 libsub-exporter-perl all 0.987-1 [47.2 kB]
Get:68 http://127.0.0.1:12990/debian sid/main amd64 libeval-closure-perl all 0.14-1 [11.5 kB]
Get:69 http://127.0.0.1:12990/debian sid/main amd64 libdist-checkconflicts-perl all 0.11-1 [10.8 kB]
Get:70 http://127.0.0.1:12990/debian sid/main amd64 libmodule-runtime-conflicts-perl all 0.003-1 [6882 B]
Get:71 http://127.0.0.1:12990/debian sid/main amd64 libsub-name-perl amd64 0.26-1 [13.5 kB]
Get:72 http://127.0.0.1:12990/debian sid/main amd64 libpackage-deprecationmanager-perl all 0.17-1 [16.4 kB]
Get:73 http://127.0.0.1:12990/debian sid/main amd64 libpackage-stash-xs-perl amd64 0.29-1+b1 [20.2 kB]
Get:74 http://127.0.0.1:12990/debian sid/main amd64 libmoose-perl amd64 2.2012-2 [805 kB]
Get:75 http://127.0.0.1:12990/debian sid/main amd64 libsort-naturally-perl all 1.03-2 [13.5 kB]
Get:76 http://127.0.0.1:12990/debian sid/main amd64 libdata-printer-perl all 0.40-1 [66.9 kB]
Get:77 http://127.0.0.1:12990/debian sid/main amd64 libmath-base85-perl all 0.4+dfsg-1 [7048 B]
Get:78 http://127.0.0.1:12990/debian sid/main amd64 libnetwork-ipv4addr-perl all 0.10.ds-3 [13.5 kB]
Get:79 http://127.0.0.1:12990/debian sid/main amd64 libnet-ipv6addr-perl all 0.96-1 [20.6 kB]
Get:80 http://127.0.0.1:12990/debian sid/main amd64 libnet-netmask-perl all 1.9104-1 [29.5 kB]
Get:81 http://127.0.0.1:12990/debian sid/main amd64 libnetaddr-ip-perl amd64 4.079+dfsg-1+b4 [103 kB]
Get:82 http://127.0.0.1:12990/debian sid/main amd64 libdata-validate-ip-perl all 0.27-1 [18.4 kB]
Get:83 http://127.0.0.1:12990/debian sid/main amd64 libfile-sharedir-perl all 1.116-2 [16.7 kB]
Get:84 http://127.0.0.1:12990/debian sid/main amd64 libnamespace-clean-perl all 0.27-1 [17.3 kB]
Get:85 http://127.0.0.1:12990/debian sid/main amd64 libnamespace-autoclean-perl all 0.29-1 [15.0 kB]
Get:86 http://127.0.0.1:12990/debian sid/main amd64 libexception-class-perl all 1.44-1 [32.3 kB]
Get:87 http://127.0.0.1:12990/debian sid/main amd64 libparams-validationcompiler-perl all 0.30-1 [31.6 kB]
Get:88 http://127.0.0.1:12990/debian sid/main amd64 librole-tiny-perl all 2.001004-1 [20.8 kB]
Get:89 http://127.0.0.1:12990/debian sid/main amd64 libsub-quote-perl all 2.006006-1 [21.0 kB]
Get:90 http://127.0.0.1:12990/debian sid/main amd64 libxstring-perl amd64 0.002-2 [7392 B]
Get:91 http://127.0.0.1:12990/debian sid/main amd64 libspecio-perl all 0.45-1 [143 kB]
Get:92 http://127.0.0.1:12990/debian sid/main amd64 libdatetime-locale-perl all 1:1.25-1 [2367 kB]
Get:93 http://127.0.0.1:12990/debian sid/main amd64 libdatetime-timezone-perl all 1:2.38-1+2019c [278 kB]
Get:94 http://127.0.0.1:12990/debian sid/main amd64 libdatetime-perl amd64 2:1.51-1+b1 [118 kB]
Get:95 http://127.0.0.1:12990/debian sid/main amd64 libimport-into-perl all 1.002005-1 [11.6 kB]
Get:96 http://127.0.0.1:12990/debian sid/main amd64 liblist-someutils-perl all 0.58-1 [36.5 kB]
Get:97 http://127.0.0.1:12990/debian sid/main amd64 liblist-utilsby-perl all 0.11-1 [15.4 kB]
Get:98 http://127.0.0.1:12990/debian sid/main amd64 liblist-allutils-perl all 0.15-1 [33.9 kB]
Get:99 http://127.0.0.1:12990/debian sid/main amd64 libmath-int64-perl amd64 0.54-1+b5 [38.8 kB]
Get:100 http://127.0.0.1:12990/debian sid/main amd64 libmath-int128-perl amd64 0.22-2+b2 [34.6 kB]
Get:101 http://127.0.0.1:12990/debian sid/main amd64 libstrictures-perl all 2.000006-1 [18.6 kB]
Get:102 http://127.0.0.1:12990/debian sid/main amd64 libmoo-perl all 2.003006-1 [58.7 kB]
Get:103 http://127.0.0.1:12990/debian sid/main amd64 libmoox-strictconstructor-perl all 0.010-2 [10.8 kB]
Get:104 http://127.0.0.1:12990/debian sid/main amd64 libmaxmind-db-common-perl all 0.040001-1 [14.3 kB]
Get:105 http://127.0.0.1:12990/debian sid/main amd64 libmaxmind-db-reader-perl all 1.000014-1 [29.2 kB]
Get:106 http://127.0.0.1:12990/debian sid/main amd64 libmaxminddb0 amd64 1.3.2-1 [30.7 kB]
Get:107 http://127.0.0.1:12990/debian sid/main amd64 libmaxminddb-dev amd64 1.3.2-1 [21.8 kB]
Get:108 http://127.0.0.1:12990/debian sid/main amd64 libmodule-build-perl all 0.423100-1 [258 kB]
Get:109 http://127.0.0.1:12990/debian sid/main amd64 libnet-works-perl all 0.22-1 [24.6 kB]
Get:110 http://127.0.0.1:12990/debian sid/main amd64 libpath-class-perl all 0.37-1 [44.5 kB]
Get:111 http://127.0.0.1:12990/debian sid/main amd64 libtest-fatal-perl all 0.014-1 [11.9 kB]
Get:112 http://127.0.0.1:12990/debian sid/main amd64 libtest-number-delta-perl all 1.06-1 [14.5 kB]
Get:113 http://127.0.0.1:12990/debian sid/main amd64 libtest-requires-perl all 0.10-1 [7332 B]
debconf: delaying package configuration, since apt-utils is not installed
Fetched 24.7 MB in 6s (3960 kB/s)
Selecting previously unselected package bsdmainutils.
(Reading database ... 13921 files and directories currently installed.)
Preparing to unpack .../000-bsdmainutils_11.1.2+b1_amd64.deb ...
Unpacking bsdmainutils (11.1.2+b1) ...
Selecting previously unselected package libuchardet0:amd64.
Preparing to unpack .../001-libuchardet0_0.0.6-3_amd64.deb ...
Unpacking libuchardet0:amd64 (0.0.6-3) ...
Selecting previously unselected package groff-base.
Preparing to unpack .../002-groff-base_1.22.4-4_amd64.deb ...
Unpacking groff-base (1.22.4-4) ...
Selecting previously unselected package libpipeline1:amd64.
Preparing to unpack .../003-libpipeline1_1.5.2-2_amd64.deb ...
Unpacking libpipeline1:amd64 (1.5.2-2) ...
Selecting previously unselected package man-db.
Preparing to unpack .../004-man-db_2.9.0-2_amd64.deb ...
Unpacking man-db (2.9.0-2) ...
Selecting previously unselected package sensible-utils.
Preparing to unpack .../005-sensible-utils_0.0.12+nmu1_all.deb ...
Unpacking sensible-utils (0.0.12+nmu1) ...
Selecting previously unselected package libmagic-mgc.
Preparing to unpack .../006-libmagic-mgc_1%3a5.38-4_amd64.deb ...
Unpacking libmagic-mgc (1:5.38-4) ...
Selecting previously unselected package libmagic1:amd64.
Preparing to unpack .../007-libmagic1_1%3a5.38-4_amd64.deb ...
Unpacking libmagic1:amd64 (1:5.38-4) ...
Selecting previously unselected package file.
Preparing to unpack .../008-file_1%3a5.38-4_amd64.deb ...
Unpacking file (1:5.38-4) ...
Selecting previously unselected package gettext-base.
Preparing to unpack .../009-gettext-base_0.19.8.1-10_amd64.deb ...
Unpacking gettext-base (0.19.8.1-10) ...
Selecting previously unselected package libsigsegv2:amd64.
Preparing to unpack .../010-libsigsegv2_2.12-2_amd64.deb ...
Unpacking libsigsegv2:amd64 (2.12-2) ...
Selecting previously unselected package m4.
Preparing to unpack .../011-m4_1.4.18-4_amd64.deb ...
Unpacking m4 (1.4.18-4) ...
Selecting previously unselected package autoconf.
Preparing to unpack .../012-autoconf_2.69-11.1_all.deb ...
Unpacking autoconf (2.69-11.1) ...
Selecting previously unselected package autotools-dev.
Preparing to unpack .../013-autotools-dev_20180224.1_all.deb ...
Unpacking autotools-dev (20180224.1) ...
Selecting previously unselected package automake.
Preparing to unpack .../014-automake_1%3a1.16.1-4_all.deb ...
Unpacking automake (1:1.16.1-4) ...
Selecting previously unselected package autopoint.
Preparing to unpack .../015-autopoint_0.19.8.1-10_all.deb ...
Unpacking autopoint (0.19.8.1-10) ...
Selecting previously unselected package libtool.
Preparing to unpack .../016-libtool_2.4.6-13_all.deb ...
Unpacking libtool (2.4.6-13) ...
Selecting previously unselected package dh-autoreconf.
Preparing to unpack .../017-dh-autoreconf_19_all.deb ...
Unpacking dh-autoreconf (19) ...
Selecting previously unselected package libdebhelper-perl.
Preparing to unpack .../018-libdebhelper-perl_12.9_all.deb ...
Unpacking libdebhelper-perl (12.9) ...
Selecting previously unselected package libarchive-zip-perl.
Preparing to unpack .../019-libarchive-zip-perl_1.67-1_all.deb ...
Unpacking libarchive-zip-perl (1.67-1) ...
Selecting previously unselected package libsub-override-perl.
Preparing to unpack .../020-libsub-override-perl_0.09-2_all.deb ...
Unpacking libsub-override-perl (0.09-2) ...
Selecting previously unselected package libfile-stripnondeterminism-perl.
Preparing to unpack .../021-libfile-stripnondeterminism-perl_1.6.3-2_all.deb ...
Unpacking libfile-stripnondeterminism-perl (1.6.3-2) ...
Selecting previously unselected package dh-strip-nondeterminism.
Preparing to unpack .../022-dh-strip-nondeterminism_1.6.3-2_all.deb ...
Unpacking dh-strip-nondeterminism (1.6.3-2) ...
Selecting previously unselected package libelf1:amd64.
Preparing to unpack .../023-libelf1_0.176-1.1_amd64.deb ...
Unpacking libelf1:amd64 (0.176-1.1) ...
Selecting previously unselected package dwz.
Preparing to unpack .../024-dwz_0.13-5_amd64.deb ...
Unpacking dwz (0.13-5) ...
Selecting previously unselected package libglib2.0-0:amd64.
Preparing to unpack .../025-libglib2.0-0_2.62.4-2_amd64.deb ...
Unpacking libglib2.0-0:amd64 (2.62.4-2) ...
Selecting previously unselected package libicu63:amd64.
Preparing to unpack .../026-libicu63_63.2-2_amd64.deb ...
Unpacking libicu63:amd64 (63.2-2) ...
Selecting previously unselected package libxml2:amd64.
Preparing to unpack .../027-libxml2_2.9.10+dfsg-3_amd64.deb ...
Unpacking libxml2:amd64 (2.9.10+dfsg-3) ...
Selecting previously unselected package libcroco3:amd64.
Preparing to unpack .../028-libcroco3_0.6.13-1_amd64.deb ...
Unpacking libcroco3:amd64 (0.6.13-1) ...
Selecting previously unselected package gettext.
Preparing to unpack .../029-gettext_0.19.8.1-10_amd64.deb ...
Unpacking gettext (0.19.8.1-10) ...
Selecting previously unselected package intltool-debian.
Preparing to unpack .../030-intltool-debian_0.35.0+20060710.5_all.deb ...
Unpacking intltool-debian (0.35.0+20060710.5) ...
Selecting previously unselected package po-debconf.
Preparing to unpack .../031-po-debconf_1.0.21_all.deb ...
Unpacking po-debconf (1.0.21) ...
Selecting previously unselected package debhelper.
Preparing to unpack .../032-debhelper_12.9_all.deb ...
Unpacking debhelper (12.9) ...
Selecting previously unselected package libalgorithm-c3-perl.
Preparing to unpack .../033-libalgorithm-c3-perl_0.10-1_all.deb ...
Unpacking libalgorithm-c3-perl (0.10-1) ...
Selecting previously unselected package libb-hooks-op-check-perl.
Preparing to unpack .../034-libb-hooks-op-check-perl_0.22-1+b2_amd64.deb ...
Unpacking libb-hooks-op-check-perl (0.22-1+b2) ...
Selecting previously unselected package libdynaloader-functions-perl.
Preparing to unpack .../035-libdynaloader-functions-perl_0.003-1_all.deb ...
Unpacking libdynaloader-functions-perl (0.003-1) ...
Selecting previously unselected package libdevel-callchecker-perl.
Preparing to unpack .../036-libdevel-callchecker-perl_0.008-1+b1_amd64.deb ...
Unpacking libdevel-callchecker-perl (0.008-1+b1) ...
Selecting previously unselected package libparams-classify-perl.
Preparing to unpack .../037-libparams-classify-perl_0.015-1+b2_amd64.deb ...
Unpacking libparams-classify-perl (0.015-1+b2) ...
Selecting previously unselected package libmodule-runtime-perl.
Preparing to unpack .../038-libmodule-runtime-perl_0.016-1_all.deb ...
Unpacking libmodule-runtime-perl (0.016-1) ...
Selecting previously unselected package libtry-tiny-perl.
Preparing to unpack .../039-libtry-tiny-perl_0.30-1_all.deb ...
Unpacking libtry-tiny-perl (0.30-1) ...
Selecting previously unselected package libmodule-implementation-perl.
Preparing to unpack .../040-libmodule-implementation-perl_0.09-1_all.deb ...
Unpacking libmodule-implementation-perl (0.09-1) ...
Selecting previously unselected package libsub-exporter-progressive-perl.
Preparing to unpack .../041-libsub-exporter-progressive-perl_0.001013-1_all.deb ...
Unpacking libsub-exporter-progressive-perl (0.001013-1) ...
Selecting previously unselected package libvariable-magic-perl.
Preparing to unpack .../042-libvariable-magic-perl_0.62-1+b2_amd64.deb ...
Unpacking libvariable-magic-perl (0.62-1+b2) ...
Selecting previously unselected package libb-hooks-endofscope-perl.
Preparing to unpack .../043-libb-hooks-endofscope-perl_0.24-1_all.deb ...
Unpacking libb-hooks-endofscope-perl (0.24-1) ...
Selecting previously unselected package libclass-c3-perl.
Preparing to unpack .../044-libclass-c3-perl_0.34-1_all.deb ...
Unpacking libclass-c3-perl (0.34-1) ...
Selecting previously unselected package libclass-data-inheritable-perl.
Preparing to unpack .../045-libclass-data-inheritable-perl_0.08-3_all.deb ...
Unpacking libclass-data-inheritable-perl (0.08-3) ...
Selecting previously unselected package libclass-inspector-perl.
Preparing to unpack .../046-libclass-inspector-perl_1.36-1_all.deb ...
Unpacking libclass-inspector-perl (1.36-1) ...
Selecting previously unselected package libparams-util-perl.
Preparing to unpack .../047-libparams-util-perl_1.07-3+b5_amd64.deb ...
Unpacking libparams-util-perl (1.07-3+b5) ...
Selecting previously unselected package libsub-install-perl.
Preparing to unpack .../048-libsub-install-perl_0.928-1_all.deb ...
Unpacking libsub-install-perl (0.928-1) ...
Selecting previously unselected package libdata-optlist-perl.
Preparing to unpack .../049-libdata-optlist-perl_0.110-1_all.deb ...
Unpacking libdata-optlist-perl (0.110-1) ...
Selecting previously unselected package libpackage-stash-perl.
Preparing to unpack .../050-libpackage-stash-perl_0.38-1_all.deb ...
Unpacking libpackage-stash-perl (0.38-1) ...
Selecting previously unselected package libclass-load-perl.
Preparing to unpack .../051-libclass-load-perl_0.25-1_all.deb ...
Unpacking libclass-load-perl (0.25-1) ...
Selecting previously unselected package libclass-load-xs-perl.
Preparing to unpack .../052-libclass-load-xs-perl_0.10-1+b4_amd64.deb ...
Unpacking libclass-load-xs-perl (0.10-1+b4) ...
Selecting previously unselected package libclass-method-modifiers-perl.
Preparing to unpack .../053-libclass-method-modifiers-perl_2.13-1_all.deb ...
Unpacking libclass-method-modifiers-perl (2.13-1) ...
Selecting previously unselected package libclass-singleton-perl.
Preparing to unpack .../054-libclass-singleton-perl_1.5-1_all.deb ...
Unpacking libclass-singleton-perl (1.5-1) ...
Selecting previously unselected package libclone-pp-perl.
Preparing to unpack .../055-libclone-pp-perl_1.07-1_all.deb ...
Unpacking libclone-pp-perl (1.07-1) ...
Selecting previously unselected package libdata-dumper-concise-perl.
Preparing to unpack .../056-libdata-dumper-concise-perl_2.023-1_all.deb ...
Unpacking libdata-dumper-concise-perl (2.023-1) ...
Selecting previously unselected package libdata-ieee754-perl.
Preparing to unpack .../057-libdata-ieee754-perl_0.02-1_all.deb ...
Unpacking libdata-ieee754-perl (0.02-1) ...
Selecting previously unselected package libfile-which-perl.
Preparing to unpack .../058-libfile-which-perl_1.23-1_all.deb ...
Unpacking libfile-which-perl (1.23-1) ...
Selecting previously unselected package libfile-homedir-perl.
Preparing to unpack .../059-libfile-homedir-perl_1.004-1_all.deb ...
Unpacking libfile-homedir-perl (1.004-1) ...
Selecting previously unselected package libdevel-globaldestruction-perl.
Preparing to unpack .../060-libdevel-globaldestruction-perl_0.14-1_all.deb ...
Unpacking libdevel-globaldestruction-perl (0.14-1) ...
Selecting previously unselected package libmro-compat-perl.
Preparing to unpack .../061-libmro-compat-perl_0.13-1_all.deb ...
Unpacking libmro-compat-perl (0.13-1) ...
Selecting previously unselected package libsub-identify-perl.
Preparing to unpack .../062-libsub-identify-perl_0.14-1+b2_amd64.deb ...
Unpacking libsub-identify-perl (0.14-1+b2) ...
Selecting previously unselected package libdevel-overloadinfo-perl.
Preparing to unpack .../063-libdevel-overloadinfo-perl_0.005-1_all.deb ...
Unpacking libdevel-overloadinfo-perl (0.005-1) ...
Selecting previously unselected package libdevel-stacktrace-perl.
Preparing to unpack .../064-libdevel-stacktrace-perl_2.0400-1_all.deb ...
Unpacking libdevel-stacktrace-perl (2.0400-1) ...
Selecting previously unselected package libsub-exporter-perl.
Preparing to unpack .../065-libsub-exporter-perl_0.987-1_all.deb ...
Unpacking libsub-exporter-perl (0.987-1) ...
Selecting previously unselected package libeval-closure-perl.
Preparing to unpack .../066-libeval-closure-perl_0.14-1_all.deb ...
Unpacking libeval-closure-perl (0.14-1) ...
Selecting previously unselected package libdist-checkconflicts-perl.
Preparing to unpack .../067-libdist-checkconflicts-perl_0.11-1_all.deb ...
Unpacking libdist-checkconflicts-perl (0.11-1) ...
Selecting previously unselected package libmodule-runtime-conflicts-perl.
Preparing to unpack .../068-libmodule-runtime-conflicts-perl_0.003-1_all.deb ...
Unpacking libmodule-runtime-conflicts-perl (0.003-1) ...
Selecting previously unselected package libsub-name-perl.
Preparing to unpack .../069-libsub-name-perl_0.26-1_amd64.deb ...
Unpacking libsub-name-perl (0.26-1) ...
Selecting previously unselected package libpackage-deprecationmanager-perl.
Preparing to unpack .../070-libpackage-deprecationmanager-perl_0.17-1_all.deb ...
Unpacking libpackage-deprecationmanager-perl (0.17-1) ...
Selecting previously unselected package libpackage-stash-xs-perl.
Preparing to unpack .../071-libpackage-stash-xs-perl_0.29-1+b1_amd64.deb ...
Unpacking libpackage-stash-xs-perl (0.29-1+b1) ...
Selecting previously unselected package libmoose-perl.
Preparing to unpack .../072-libmoose-perl_2.2012-2_amd64.deb ...
Unpacking libmoose-perl (2.2012-2) ...
Selecting previously unselected package libsort-naturally-perl.
Preparing to unpack .../073-libsort-naturally-perl_1.03-2_all.deb ...
Unpacking libsort-naturally-perl (1.03-2) ...
Selecting previously unselected package libdata-printer-perl.
Preparing to unpack .../074-libdata-printer-perl_0.40-1_all.deb ...
Unpacking libdata-printer-perl (0.40-1) ...
Selecting previously unselected package libmath-base85-perl.
Preparing to unpack .../075-libmath-base85-perl_0.4+dfsg-1_all.deb ...
Unpacking libmath-base85-perl (0.4+dfsg-1) ...
Selecting previously unselected package libnetwork-ipv4addr-perl.
Preparing to unpack .../076-libnetwork-ipv4addr-perl_0.10.ds-3_all.deb ...
Unpacking libnetwork-ipv4addr-perl (0.10.ds-3) ...
Selecting previously unselected package libnet-ipv6addr-perl.
Preparing to unpack .../077-libnet-ipv6addr-perl_0.96-1_all.deb ...
Unpacking libnet-ipv6addr-perl (0.96-1) ...
Selecting previously unselected package libnet-netmask-perl.
Preparing to unpack .../078-libnet-netmask-perl_1.9104-1_all.deb ...
Unpacking libnet-netmask-perl (1.9104-1) ...
Selecting previously unselected package libnetaddr-ip-perl.
Preparing to unpack .../079-libnetaddr-ip-perl_4.079+dfsg-1+b4_amd64.deb ...
Unpacking libnetaddr-ip-perl (4.079+dfsg-1+b4) ...
Selecting previously unselected package libdata-validate-ip-perl.
Preparing to unpack .../080-libdata-validate-ip-perl_0.27-1_all.deb ...
Unpacking libdata-validate-ip-perl (0.27-1) ...
Selecting previously unselected package libfile-sharedir-perl.
Preparing to unpack .../081-libfile-sharedir-perl_1.116-2_all.deb ...
Unpacking libfile-sharedir-perl (1.116-2) ...
Selecting previously unselected package libnamespace-clean-perl.
Preparing to unpack .../082-libnamespace-clean-perl_0.27-1_all.deb ...
Unpacking libnamespace-clean-perl (0.27-1) ...
Selecting previously unselected package libnamespace-autoclean-perl.
Preparing to unpack .../083-libnamespace-autoclean-perl_0.29-1_all.deb ...
Unpacking libnamespace-autoclean-perl (0.29-1) ...
Selecting previously unselected package libexception-class-perl.
Preparing to unpack .../084-libexception-class-perl_1.44-1_all.deb ...
Unpacking libexception-class-perl (1.44-1) ...
Selecting previously unselected package libparams-validationcompiler-perl.
Preparing to unpack .../085-libparams-validationcompiler-perl_0.30-1_all.deb ...
Unpacking libparams-validationcompiler-perl (0.30-1) ...
Selecting previously unselected package librole-tiny-perl.
Preparing to unpack .../086-librole-tiny-perl_2.001004-1_all.deb ...
Unpacking librole-tiny-perl (2.001004-1) ...
Selecting previously unselected package libsub-quote-perl.
Preparing to unpack .../087-libsub-quote-perl_2.006006-1_all.deb ...
Unpacking libsub-quote-perl (2.006006-1) ...
Selecting previously unselected package libxstring-perl.
Preparing to unpack .../088-libxstring-perl_0.002-2_amd64.deb ...
Unpacking libxstring-perl (0.002-2) ...
Selecting previously unselected package libspecio-perl.
Preparing to unpack .../089-libspecio-perl_0.45-1_all.deb ...
Unpacking libspecio-perl (0.45-1) ...
Selecting previously unselected package libdatetime-locale-perl.
Preparing to unpack .../090-libdatetime-locale-perl_1%3a1.25-1_all.deb ...
Unpacking libdatetime-locale-perl (1:1.25-1) ...
Selecting previously unselected package libdatetime-timezone-perl.
Preparing to unpack .../091-libdatetime-timezone-perl_1%3a2.38-1+2019c_all.deb ...
Unpacking libdatetime-timezone-perl (1:2.38-1+2019c) ...
Selecting previously unselected package libdatetime-perl:amd64.
Preparing to unpack .../092-libdatetime-perl_2%3a1.51-1+b1_amd64.deb ...
Unpacking libdatetime-perl:amd64 (2:1.51-1+b1) ...
Selecting previously unselected package libimport-into-perl.
Preparing to unpack .../093-libimport-into-perl_1.002005-1_all.deb ...
Unpacking libimport-into-perl (1.002005-1) ...
Selecting previously unselected package liblist-someutils-perl.
Preparing to unpack .../094-liblist-someutils-perl_0.58-1_all.deb ...
Unpacking liblist-someutils-perl (0.58-1) ...
Selecting previously unselected package liblist-utilsby-perl.
Preparing to unpack .../095-liblist-utilsby-perl_0.11-1_all.deb ...
Unpacking liblist-utilsby-perl (0.11-1) ...
Selecting previously unselected package liblist-allutils-perl.
Preparing to unpack .../096-liblist-allutils-perl_0.15-1_all.deb ...
Unpacking liblist-allutils-perl (0.15-1) ...
Selecting previously unselected package libmath-int64-perl.
Preparing to unpack .../097-libmath-int64-perl_0.54-1+b5_amd64.deb ...
Unpacking libmath-int64-perl (0.54-1+b5) ...
Selecting previously unselected package libmath-int128-perl.
Preparing to unpack .../098-libmath-int128-perl_0.22-2+b2_amd64.deb ...
Unpacking libmath-int128-perl (0.22-2+b2) ...
Selecting previously unselected package libstrictures-perl.
Preparing to unpack .../099-libstrictures-perl_2.000006-1_all.deb ...
Unpacking libstrictures-perl (2.000006-1) ...
Selecting previously unselected package libmoo-perl.
Preparing to unpack .../100-libmoo-perl_2.003006-1_all.deb ...
Unpacking libmoo-perl (2.003006-1) ...
Selecting previously unselected package libmoox-strictconstructor-perl.
Preparing to unpack .../101-libmoox-strictconstructor-perl_0.010-2_all.deb ...
Unpacking libmoox-strictconstructor-perl (0.010-2) ...
Selecting previously unselected package libmaxmind-db-common-perl.
Preparing to unpack .../102-libmaxmind-db-common-perl_0.040001-1_all.deb ...
Unpacking libmaxmind-db-common-perl (0.040001-1) ...
Selecting previously unselected package libmaxmind-db-reader-perl.
Preparing to unpack .../103-libmaxmind-db-reader-perl_1.000014-1_all.deb ...
Unpacking libmaxmind-db-reader-perl (1.000014-1) ...
Selecting previously unselected package libmaxminddb0:amd64.
Preparing to unpack .../104-libmaxminddb0_1.3.2-1_amd64.deb ...
Unpacking libmaxminddb0:amd64 (1.3.2-1) ...
Selecting previously unselected package libmaxminddb-dev:amd64.
Preparing to unpack .../105-libmaxminddb-dev_1.3.2-1_amd64.deb ...
Unpacking libmaxminddb-dev:amd64 (1.3.2-1) ...
Selecting previously unselected package libmodule-build-perl.
Preparing to unpack .../106-libmodule-build-perl_0.423100-1_all.deb ...
Adding 'diversion of /usr/bin/config_data to /usr/bin/config_data.diverted by libmodule-build-perl'
Adding 'diversion of /usr/share/man/man1/config_data.1.gz to /usr/share/man/man1/config_data.diverted.1.gz by libmodule-build-perl'
Unpacking libmodule-build-perl (0.423100-1) ...
Selecting previously unselected package libnet-works-perl.
Preparing to unpack .../107-libnet-works-perl_0.22-1_all.deb ...
Unpacking libnet-works-perl (0.22-1) ...
Selecting previously unselected package libpath-class-perl.
Preparing to unpack .../108-libpath-class-perl_0.37-1_all.deb ...
Unpacking libpath-class-perl (0.37-1) ...
Selecting previously unselected package libtest-fatal-perl.
Preparing to unpack .../109-libtest-fatal-perl_0.014-1_all.deb ...
Unpacking libtest-fatal-perl (0.014-1) ...
Selecting previously unselected package libtest-number-delta-perl.
Preparing to unpack .../110-libtest-number-delta-perl_1.06-1_all.deb ...
Unpacking libtest-number-delta-perl (1.06-1) ...
Selecting previously unselected package libtest-requires-perl.
Preparing to unpack .../111-libtest-requires-perl_0.10-1_all.deb ...
Unpacking libtest-requires-perl (0.10-1) ...
Selecting previously unselected package sbuild-build-depends-main-dummy.
Preparing to unpack .../112-sbuild-build-depends-main-dummy_0.invalid.0_amd64.deb ...
Unpacking sbuild-build-depends-main-dummy (0.invalid.0) ...
Setting up libpipeline1:amd64 (1.5.2-2) ...
Setting up libfile-which-perl (1.23-1) ...
Setting up libclass-inspector-perl (1.36-1) ...
Setting up libdynaloader-functions-perl (0.003-1) ...
Setting up libclass-method-modifiers-perl (2.13-1) ...
Setting up libmagic-mgc (1:5.38-4) ...
Setting up libpath-class-perl (0.37-1) ...
Setting up libarchive-zip-perl (1.67-1) ...
Setting up libsub-identify-perl (0.14-1+b2) ...
Setting up libglib2.0-0:amd64 (2.62.4-2) ...
No schema files found: doing nothing.
Setting up libmaxminddb0:amd64 (1.3.2-1) ...
Setting up libdebhelper-perl (12.9) ...
Setting up libmaxminddb-dev:amd64 (1.3.2-1) ...
Setting up libtry-tiny-perl (0.30-1) ...
Setting up libmagic1:amd64 (1:5.38-4) ...
Setting up libtest-fatal-perl (0.014-1) ...
Setting up gettext-base (0.19.8.1-10) ...
Setting up libclass-singleton-perl (1.5-1) ...
Setting up file (1:5.38-4) ...
Setting up libxstring-perl (0.002-2) ...
Setting up libmath-base85-perl (0.4+dfsg-1) ...
Setting up liblist-utilsby-perl (0.11-1) ...
Setting up libdata-dumper-concise-perl (2.023-1) ...
Setting up libnet-netmask-perl (1.9104-1) ...
Setting up libicu63:amd64 (63.2-2) ...
Setting up libsub-install-perl (0.928-1) ...
Setting up libmodule-build-perl (0.423100-1) ...
Setting up libdata-ieee754-perl (0.02-1) ...
Setting up libnetaddr-ip-perl (4.079+dfsg-1+b4) ...
Setting up libpackage-stash-xs-perl (0.29-1+b1) ...
Setting up autotools-dev (20180224.1) ...
Setting up libclass-data-inheritable-perl (0.08-3) ...
Setting up libalgorithm-c3-perl (0.10-1) ...
Setting up libsigsegv2:amd64 (2.12-2) ...
Setting up bsdmainutils (11.1.2+b1) ...
update-alternatives: using /usr/bin/bsd-write to provide /usr/bin/write (write) in auto mode
update-alternatives: using /usr/bin/bsd-from to provide /usr/bin/from (from) in auto mode
Setting up libtest-requires-perl (0.10-1) ...
Setting up libvariable-magic-perl (0.62-1+b2) ...
Setting up autopoint (0.19.8.1-10) ...
Setting up libb-hooks-op-check-perl (0.22-1+b2) ...
Setting up libtest-number-delta-perl (1.06-1) ...
Setting up libparams-util-perl (1.07-3+b5) ...
Setting up libmath-int64-perl (0.54-1+b5) ...
Setting up libsub-exporter-progressive-perl (0.001013-1) ...
Setting up libsub-name-perl (0.26-1) ...
Setting up sensible-utils (0.0.12+nmu1) ...
Setting up libuchardet0:amd64 (0.0.6-3) ...
Setting up librole-tiny-perl (2.001004-1) ...
Setting up libfile-sharedir-perl (1.116-2) ...
Setting up libsub-override-perl (0.09-2) ...
Setting up libdevel-globaldestruction-perl (0.14-1) ...
Setting up libstrictures-perl (2.000006-1) ...
Setting up libsub-quote-perl (2.006006-1) ...
Setting up libdevel-stacktrace-perl (2.0400-1) ...
Setting up libnetwork-ipv4addr-perl (0.10.ds-3) ...
Setting up libfile-homedir-perl (1.004-1) ...
Setting up libelf1:amd64 (0.176-1.1) ...
Setting up libxml2:amd64 (2.9.10+dfsg-3) ...
Setting up libsort-naturally-perl (1.03-2) ...
Setting up libnet-ipv6addr-perl (0.96-1) ...
Setting up libclone-pp-perl (1.07-1) ...
Setting up libdata-validate-ip-perl (0.27-1) ...
Setting up libfile-stripnondeterminism-perl (1.6.3-2) ...
Setting up libtool (2.4.6-13) ...
Setting up libmath-int128-perl (0.22-2+b2) ...
Setting up m4 (1.4.18-4) ...
Setting up libexception-class-perl (1.44-1) ...
Setting up libclass-c3-perl (0.34-1) ...
Setting up libdevel-callchecker-perl (0.008-1+b1) ...
Setting up libdata-optlist-perl (0.110-1) ...
Setting up libcroco3:amd64 (0.6.13-1) ...
Setting up autoconf (2.69-11.1) ...
Setting up dh-strip-nondeterminism (1.6.3-2) ...
Setting up dwz (0.13-5) ...
Setting up groff-base (1.22.4-4) ...
Setting up libmro-compat-perl (0.13-1) ...
Setting up libsub-exporter-perl (0.987-1) ...
Setting up libeval-closure-perl (0.14-1) ...
Setting up automake (1:1.16.1-4) ...
update-alternatives: using /usr/bin/automake-1.16 to provide /usr/bin/automake (automake) in auto mode
Setting up libparams-validationcompiler-perl (0.30-1) ...
Setting up gettext (0.19.8.1-10) ...
Setting up libparams-classify-perl (0.015-1+b2) ...
Setting up man-db (2.9.0-2) ...
Not building database; man-db/auto-update is not 'true'.
Setting up intltool-debian (0.35.0+20060710.5) ...
Setting up libmodule-runtime-perl (0.016-1) ...
Setting up libdist-checkconflicts-perl (0.11-1) ...
Setting up libmodule-implementation-perl (0.09-1) ...
Setting up libpackage-stash-perl (0.38-1) ...
Setting up libimport-into-perl (1.002005-1) ...
Setting up libmoo-perl (2.003006-1) ...
Setting up po-debconf (1.0.21) ...
Setting up liblist-someutils-perl (0.58-1) ...
Setting up libmodule-runtime-conflicts-perl (0.003-1) ...
Setting up libclass-load-perl (0.25-1) ...
Setting up libspecio-perl (0.45-1) ...
Setting up liblist-allutils-perl (0.15-1) ...
Setting up libmoox-strictconstructor-perl (0.010-2) ...
Setting up libpackage-deprecationmanager-perl (0.17-1) ...
Setting up libdevel-overloadinfo-perl (0.005-1) ...
Setting up libclass-load-xs-perl (0.10-1+b4) ...
Setting up libb-hooks-endofscope-perl (0.24-1) ...
Setting up libmoose-perl (2.2012-2) ...
Setting up libnamespace-clean-perl (0.27-1) ...
Setting up libnamespace-autoclean-perl (0.29-1) ...
Setting up libdatetime-locale-perl (1:1.25-1) ...
Setting up libdata-printer-perl (0.40-1) ...
Setting up libdatetime-timezone-perl (1:2.38-1+2019c) ...
Setting up libnet-works-perl (0.22-1) ...
Setting up libdatetime-perl:amd64 (2:1.51-1+b1) ...
Setting up libmaxmind-db-common-perl (0.040001-1) ...
Setting up libmaxmind-db-reader-perl (1.000014-1) ...
Setting up dh-autoreconf (19) ...
Setting up debhelper (12.9) ...
Setting up sbuild-build-depends-main-dummy (0.invalid.0) ...
Processing triggers for libc-bin (2.29-10) ...

+------------------------------------------------------------------------------+
| Check architectures                                                          |
+------------------------------------------------------------------------------+

Arch check ok (amd64 included in any)

+------------------------------------------------------------------------------+
| Build environment                                                            |
+------------------------------------------------------------------------------+

Kernel: Linux 4.19.0-6-cloud-amd64 #1 SMP Debian 4.19.67-2+deb10u2 (2019-11-11) amd64 (x86_64)
Toolchain package versions: binutils_2.34-3 dpkg-dev_1.19.7 g++-9_9.2.1-29 gcc-9_9.2.1-29 libc6-dev_2.29-10 libstdc++-8-dev_8.3.0-29 libstdc++-9-dev_9.2.1-29 libstdc++6_10-20200222-1 linux-libc-dev_5.4.19-1
Package versions: adduser_3.118 apt_1.8.4 autoconf_2.69-11.1 automake_1:1.16.1-4 autopoint_0.19.8.1-10 autotools-dev_20180224.1 base-files_11 base-passwd_3.5.47 bash_5.0-5 binutils_2.34-3 binutils-common_2.34-3 binutils-x86-64-linux-gnu_2.34-3 bsdmainutils_11.1.2+b1 bsdutils_1:2.34-0.1 build-essential_12.8 bzip2_1.0.8-2 clang-9_1:9.0.1-8 coreutils_8.30-3+b1 cpp_4:9.2.1-3.1 cpp-9_9.2.1-29 dash_0.5.10.2-6 debconf_1.5.73 debhelper_12.9 debian-archive-keyring_2019.1 debianutils_4.9.1 dh-autoreconf_19 dh-strip-nondeterminism_1.6.3-2 diffutils_1:3.7-3 dpkg_1.19.7 dpkg-dev_1.19.7 dwz_0.13-5 e2fsprogs_1.45.5-2 fakeroot_1.24-1 fdisk_2.34-0.1 file_1:5.38-4 findutils_4.7.0-1 g++_4:9.2.1-3.1 g++-9_9.2.1-29 gcc_4:9.2.1-3.1 gcc-10-base_10-20200222-1 gcc-8-base_8.3.0-29 gcc-9_9.2.1-29 gcc-9-base_9.2.1-29 gettext_0.19.8.1-10 gettext-base_0.19.8.1-10 gpgv_2.2.19-1 grep_3.4-1 groff-base_1.22.4-4 gzip_1.9-3+b1 hostname_3.23 init-system-helpers_1.57 intltool-debian_0.35.0+20060710.5 lib32gcc-s1_10-20200222-1 lib32gcc1_1:10-20200222-1 lib32stdc++6_10-20200222-1 libacl1_2.2.53-5 libalgorithm-c3-perl_0.10-1 libapt-pkg5.0_1.8.4 libarchive-zip-perl_1.67-1 libasan5_9.2.1-29 libatomic1_10-20200222-1 libattr1_1:2.4.48-5 libaudit-common_1:2.8.5-2 libaudit1_1:2.8.5-2+b1 libb-hooks-endofscope-perl_0.24-1 libb-hooks-op-check-perl_0.22-1+b2 libbinutils_2.34-3 libblkid1_2.34-0.1 libbsd0_0.10.0-1 libbz2-1.0_1.0.8-2 libc-bin_2.29-10 libc-dev-bin_2.29-10 libc6_2.29-10 libc6-dev_2.29-10 libc6-i386_2.29-10 libcap-ng0_0.7.9-2.1+b1 libcc1-0_10-20200222-1 libclang-common-9-dev_1:9.0.1-8 libclang-cpp9_1:9.0.1-8 libclass-c3-perl_0.34-1 libclass-data-inheritable-perl_0.08-3 libclass-inspector-perl_1.36-1 libclass-load-perl_0.25-1 libclass-load-xs-perl_0.10-1+b4 libclass-method-modifiers-perl_2.13-1 libclass-singleton-perl_1.5-1 libclone-pp-perl_1.07-1 libcom-err2_1.45.5-2 libcroco3_0.6.13-1 libcrypt-dev_1:4.4.10-10 libcrypt1_1:4.4.10-10 libctf-nobfd0_2.34-3 libctf0_2.34-3 libdata-dumper-concise-perl_2.023-1 libdata-ieee754-perl_0.02-1 libdata-optlist-perl_0.110-1 libdata-printer-perl_0.40-1 libdata-validate-ip-perl_0.27-1 libdatetime-locale-perl_1:1.25-1 libdatetime-perl_2:1.51-1+b1 libdatetime-timezone-perl_1:2.38-1+2019c libdb5.3_5.3.28+dfsg1-0.6 libdebconfclient0_0.251 libdebhelper-perl_12.9 libdevel-callchecker-perl_0.008-1+b1 libdevel-globaldestruction-perl_0.14-1 libdevel-overloadinfo-perl_0.005-1 libdevel-stacktrace-perl_2.0400-1 libdist-checkconflicts-perl_0.11-1 libdpkg-perl_1.19.7 libdynaloader-functions-perl_0.003-1 libedit2_3.1-20191231-1 libelf1_0.176-1.1 libeval-closure-perl_0.14-1 libexception-class-perl_1.44-1 libext2fs2_1.45.5-2 libfakeroot_1.24-1 libfdisk1_2.34-0.1 libffi7_3.3-3 libfile-homedir-perl_1.004-1 libfile-sharedir-perl_1.116-2 libfile-stripnondeterminism-perl_1.6.3-2 libfile-which-perl_1.23-1 libgc1c2_1:7.6.4-0.4 libgcc-8-dev_8.3.0-29 libgcc-9-dev_9.2.1-29 libgcc-s1_10-20200222-1 libgcc1_1:10-20200222-1 libgcrypt20_1.8.5-5 libgdbm-compat4_1.18.1-5 libgdbm6_1.18.1-5 libglib2.0-0_2.62.4-2 libgmp10_2:6.2.0+dfsg-4 libgnutls30_3.6.12-2 libgomp1_10-20200222-1 libgpg-error0_1.37-1 libhogweed5_3.5.1+really3.5.1-2 libicu63_63.2-2 libidn2-0_2.2.0-2 libimport-into-perl_1.002005-1 libisl22_0.22.1-1 libitm1_10-20200222-1 liblist-allutils-perl_0.15-1 liblist-someutils-perl_0.58-1 liblist-utilsby-perl_0.11-1 libllvm9_1:9.0.1-8 liblsan0_10-20200222-1 liblz4-1_1.9.2-2 liblzma5_5.2.4-1+b1 libmagic-mgc_1:5.38-4 libmagic1_1:5.38-4 libmath-base85-perl_0.4+dfsg-1 libmath-int128-perl_0.22-2+b2 libmath-int64-perl_0.54-1+b5 libmaxmind-db-common-perl_0.040001-1 libmaxmind-db-reader-perl_1.000014-1 libmaxminddb-dev_1.3.2-1 libmaxminddb0_1.3.2-1 libmodule-build-perl_0.423100-1 libmodule-implementation-perl_0.09-1 libmodule-runtime-conflicts-perl_0.003-1 libmodule-runtime-perl_0.016-1 libmoo-perl_2.003006-1 libmoose-perl_2.2012-2 libmoox-strictconstructor-perl_0.010-2 libmount1_2.34-0.1 libmpc3_1.1.0-1 libmpfr6_4.0.2-1 libmpx2_8.3.0-29 libmro-compat-perl_0.13-1 libnamespace-autoclean-perl_0.29-1 libnamespace-clean-perl_0.27-1 libncursesw6_6.1+20191019-1 libnet-ipv6addr-perl_0.96-1 libnet-netmask-perl_1.9104-1 libnet-works-perl_0.22-1 libnetaddr-ip-perl_4.079+dfsg-1+b4 libnettle7_3.5.1+really3.5.1-2 libnetwork-ipv4addr-perl_0.10.ds-3 libobjc-8-dev_8.3.0-29 libobjc-9-dev_9.2.1-29 libobjc4_10-20200222-1 libomp-9-dev_1:9.0.1-8 libomp5-9_1:9.0.1-8 libp11-kit0_0.23.20-1 libpackage-deprecationmanager-perl_0.17-1 libpackage-stash-perl_0.38-1 libpackage-stash-xs-perl_0.29-1+b1 libpam-modules_1.3.1-5 libpam-modules-bin_1.3.1-5 libpam-runtime_1.3.1-5 libpam0g_1.3.1-5 libparams-classify-perl_0.015-1+b2 libparams-util-perl_1.07-3+b5 libparams-validationcompiler-perl_0.30-1 libpath-class-perl_0.37-1 libpcre2-8-0_10.34-7 libpcre3_2:8.39-12+b1 libperl5.30_5.30.0-9 libpipeline1_1.5.2-2 libquadmath0_10-20200222-1 librole-tiny-perl_2.001004-1 libseccomp2_2.4.2-2 libselinux1_3.0-1+b1 libsemanage-common_3.0-1 libsemanage1_3.0-1+b1 libsepol1_3.0-1 libsigsegv2_2.12-2 libsmartcols1_2.34-0.1 libsort-naturally-perl_1.03-2 libspecio-perl_0.45-1 libss2_1.45.5-2 libstdc++-8-dev_8.3.0-29 libstdc++-9-dev_9.2.1-29 libstdc++6_10-20200222-1 libstrictures-perl_2.000006-1 libsub-exporter-perl_0.987-1 libsub-exporter-progressive-perl_0.001013-1 libsub-identify-perl_0.14-1+b2 libsub-install-perl_0.928-1 libsub-name-perl_0.26-1 libsub-override-perl_0.09-2 libsub-quote-perl_2.006006-1 libsystemd0_244.3-1 libtasn1-6_4.16.0-2 libtest-fatal-perl_0.014-1 libtest-number-delta-perl_1.06-1 libtest-requires-perl_0.10-1 libtinfo6_6.1+20191019-1 libtool_2.4.6-13 libtry-tiny-perl_0.30-1 libtsan0_10-20200222-1 libubsan1_10-20200222-1 libuchardet0_0.0.6-3 libudev1_244.3-1 libunistring2_0.9.10-2 libuuid1_2.34-0.1 libvariable-magic-perl_0.62-1+b2 libxml2_2.9.10+dfsg-3 libxstring-perl_0.002-2 libz3-4_4.8.7-4 libzstd1_1.4.4+dfsg-3 linux-libc-dev_5.4.19-1 login_1:4.8.1-1 logsave_1.45.5-2 lsb-base_11.1.0 m4_1.4.18-4 make_4.2.1-1.2 man-db_2.9.0-2 mawk_1.3.4.20200120-2 mount_2.34-0.1 ncurses-base_6.1+20191019-1 ncurses-bin_6.1+20191019-1 passwd_1:4.8.1-1 patch_2.7.6-6 perl_5.30.0-9 perl-base_5.30.0-9 perl-modules-5.30_5.30.0-9 po-debconf_1.0.21 sbuild-build-depends-main-dummy_0.invalid.0 sed_4.7-1 sensible-utils_0.0.12+nmu1 sysvinit-utils_2.96-2.1 tar_1.30+dfsg-6+b1 tzdata_2019c-3 util-linux_2.34-0.1 xz-utils_5.2.4-1+b1 zlib1g_1:1.2.11.dfsg-2

+------------------------------------------------------------------------------+
| Build                                                                        |
+------------------------------------------------------------------------------+


Unpack source
-------------

-----BEGIN PGP SIGNED MESSAGE-----
Hash: SHA512

Format: 3.0 (quilt)
Source: libmaxmind-db-reader-xs-perl
Binary: libmaxmind-db-reader-xs-perl
Architecture: any
Version: 1.000008-1
Maintainer: Debian Perl Group <pkg-perl-maintainers@lists.alioth.debian.org>
Uploaders: Florian Schlichting <fsfs@debian.org>
Homepage: https://metacpan.org/release/MaxMind-DB-Reader-XS
Standards-Version: 4.4.0
Vcs-Browser: https://salsa.debian.org/perl-team/modules/packages/libmaxmind-db-reader-xs-perl
Vcs-Git: https://salsa.debian.org/perl-team/modules/packages/libmaxmind-db-reader-xs-perl.git
Testsuite: autopkgtest-pkg-perl
Build-Depends: debhelper-compat (= 12), libmath-int128-perl, libmath-int64-perl, libmaxmind-db-common-perl, libmaxmind-db-reader-perl, libmaxminddb-dev, libmodule-build-perl, libmodule-implementation-perl, libmoo-perl, libnamespace-autoclean-perl, libnet-works-perl, libpath-class-perl, libtest-fatal-perl, libtest-number-delta-perl, libtest-requires-perl, perl
Package-List:
 libmaxmind-db-reader-xs-perl deb perl optional arch=any
Checksums-Sha1:
 d5b6ec3a29e664df5763b7f86fa7d0b0ce4155a7 309693 libmaxmind-db-reader-xs-perl_1.000008.orig.tar.gz
 4447c349c87d16e520232a256aa919937b3e6b8a 11204 libmaxmind-db-reader-xs-perl_1.000008-1.debian.tar.xz
Checksums-Sha256:
 84aafbc82fac8cfeead9a98e2e4857dbebf449e9b815fe9089150d7f4e0dc787 309693 libmaxmind-db-reader-xs-perl_1.000008.orig.tar.gz
 5a1a5cd031963e7157ff5ed38df427f6827b205ef073e1b0ae96cd5d3d25eb36 11204 libmaxmind-db-reader-xs-perl_1.000008-1.debian.tar.xz
Files:
 d4567d35e1b0868110f59f45c87fc641 309693 libmaxmind-db-reader-xs-perl_1.000008.orig.tar.gz
 5d06558ad840bfa62c3ceb9677284665 11204 libmaxmind-db-reader-xs-perl_1.000008-1.debian.tar.xz
Dgit: eb39aaf98327bf30f642fb4758d37b1437b3f9e0 debian archive/debian/1.000008-1 https://git.dgit.debian.org/libmaxmind-db-reader-xs-perl

-----BEGIN PGP SIGNATURE-----

iQKTBAEBCgB9FiEE0eExbpOnYKgQTYX6uzpoAYZJqgYFAl1z4flfFIAAAAAALgAo
aXNzdWVyLWZwckBub3RhdGlvbnMub3BlbnBncC5maWZ0aGhvcnNlbWFuLm5ldEQx
RTEzMTZFOTNBNzYwQTgxMDREODVGQUJCM0E2ODAxODY0OUFBMDYACgkQuzpoAYZJ
qgYsQg/+JRG5rXjmukE8KrU2UYvxgnFeWmLimdEqAitzl3TsYy9LOYo51wZimb4u
WngxLizt6P6RnYFd1ImHpnV1eFQyETRKNivUIghiw2SoOPelY9H+yHU74DRYLZ4g
+PrTgSDIW/le9E5+ysjKBDMURU84qsWHBf5e4gsyQJ/gbu880jAvfKZENVX7Lps1
rjkUJuN7zRGmaSHeRbAvhJzz0QaAH2KNN/g7j35jEHXGcioI7q3PDs6nA+ues0l2
df8j6bu3yjea3+nrXV0fGwHmO0Fco5BZNBC9x0QzmUAyHkTeBTv0OkQrQwJ50ewB
147UnJdNnrodKuIdBmUxoHGNHNfkRtECV0xqcfQhyejvKEK6WxlHjPthp6Eotokk
6k0VVkvVZi6cWkKjyV/9E94EZv+IyqQOTGLSUqUOVFz6Y6xJcCunCvoEP/QTmDit
Bo/LJB+DykThcsJhGyVvM1RtSNQ0F0BNL67NpthbBiPyn9stmeI+XzNtoBuGxrOK
FKhi0mox2dBtiRT9C8jV8rwsVNhx7seVkf90X9J19VtKiIWnigxP0aYqvgDiZIxg
f/IjuDFJi3my6EipCVi2p/qbATp7P5SawzxFarhdSRAM/J0K9/LJU2XznLYfqLZL
zbO7nXmdSyaNnbn5cxxp3LKhEBcjN0keNUf8f9QbMUyYHGA3bOQ=
=PqLW
-----END PGP SIGNATURE-----

gpgv: unknown type of key resource 'trustedkeys.kbx'
gpgv: keyblock resource '/sbuild-nonexistent/.gnupg/trustedkeys.kbx': General error
gpgv: Signature made Sat Sep  7 16:59:37 2019 UTC
gpgv:                using RSA key D1E1316E93A760A8104D85FABB3A68018649AA06
gpgv: Can't check signature: No public key
dpkg-source: warning: failed to verify signature on ./libmaxmind-db-reader-xs-perl_1.000008-1.dsc
dpkg-source: info: extracting libmaxmind-db-reader-xs-perl in /<<PKGBUILDDIR>>
dpkg-source: info: unpacking libmaxmind-db-reader-xs-perl_1.000008.orig.tar.gz
dpkg-source: info: unpacking libmaxmind-db-reader-xs-perl_1.000008-1.debian.tar.xz

Check disk space
----------------

Sufficient free space for build

User Environment
----------------

APT_CONFIG=/var/lib/sbuild/apt.conf
HOME=/sbuild-nonexistent
LANG=C.UTF-8
LC_ALL=C.UTF-8
LOGNAME=user42
PATH=/usr/local/sbin:/usr/local/bin:/usr/sbin:/usr/bin:/sbin:/bin:/usr/games
SCHROOT_ALIAS_NAME=unstable
SCHROOT_CHROOT_NAME=sid-amd64-sbuild
SCHROOT_COMMAND=env
SCHROOT_GID=1001
SCHROOT_GROUP=user42
SCHROOT_SESSION_ID=sid-amd64-sbuild-d5808960-48ab-402e-9695-cd99f5141e6e
SCHROOT_UID=1001
SCHROOT_USER=user42
SHELL=/bin/sh
USER=user42

dpkg-buildpackage
-----------------

Command: dpkg-buildpackage -us -uc -b -rfakeroot
dpkg-buildpackage: info: source package libmaxmind-db-reader-xs-perl
dpkg-buildpackage: info: source version 1.000008-1
dpkg-buildpackage: info: source distribution unstable
dpkg-buildpackage: info: source changed by Utkarsh Gupta <guptautkarsh2102@gmail.com>
 dpkg-source --before-build .
dpkg-buildpackage: info: host architecture amd64
 fakeroot debian/rules clean
dh clean
   dh_clean
 debian/rules build
dh build
   dh_update_autotools_config
   dh_autoreconf
   dh_auto_configure
	perl Build.PL --installdirs vendor --config "optimize=-g -O2 -fdebug-prefix-map=/<<PKGBUILDDIR>>=. -fstack-protector-strong -Wformat -Werror=format-security -Wdate-time -D_FORTIFY_SOURCE=2" --config "ld=x86_64-linux-gnu-gcc -g -O2 -fdebug-prefix-map=/<<PKGBUILDDIR>>=. -fstack-protector-strong -Wformat -Werror=format-security -Wl,-z,relro -Wl,-z,now"
Checking for MMDB_lookup_string in -lmaxminddb... Checking for cc... x86_64-linux-gnu-gcc
yes
Checking for maxminddb_config.h... yes
Checking for MMDB_search_node_s.right_record_type... yes
Checking for unsigned __int128... yes
Checking for compute result of (MMDB_UINT128_IS_BYTE_ARRAY)... no
Created MYMETA.yml and MYMETA.json
Creating new 'Build' script for 'MaxMind-DB-Reader-XS' version '1.000008'
   dh_auto_build
	perl Build
Building MaxMind-DB-Reader-XS
x86_64-linux-gnu-gcc -Ic -I/usr/lib/x86_64-linux-gnu/perl/5.30/CORE -fPIC -std=c99 -fms-extensions -Wall -g -c -D_REENTRANT -D_GNU_SOURCE -DDEBIAN -fwrapv -fno-strict-aliasing -pipe -I/usr/local/include -D_LARGEFILE_SOURCE -D_FILE_OFFSET_BITS=64 -g -O2 -fdebug-prefix-map=/<<PKGBUILDDIR>>=. -fstack-protector-strong -Wformat -Werror=format-security -g -O2 -fdebug-prefix-map=/<<PKGBUILDDIR>>=. -fstack-protector-strong -Wformat -Werror=format-security -Wdate-time -D_FORTIFY_SOURCE=2 -o c/perl_math_int128.o c/perl_math_int128.c
x86_64-linux-gnu-gcc -Ic -I/usr/lib/x86_64-linux-gnu/perl/5.30/CORE -fPIC -std=c99 -fms-extensions -Wall -g -c -D_REENTRANT -D_GNU_SOURCE -DDEBIAN -fwrapv -fno-strict-aliasing -pipe -I/usr/local/include -D_LARGEFILE_SOURCE -D_FILE_OFFSET_BITS=64 -g -O2 -fdebug-prefix-map=/<<PKGBUILDDIR>>=. -fstack-protector-strong -Wformat -Werror=format-security -g -O2 -fdebug-prefix-map=/<<PKGBUILDDIR>>=. -fstack-protector-strong -Wformat -Werror=format-security -Wdate-time -D_FORTIFY_SOURCE=2 -o c/perl_math_int64.o c/perl_math_int64.c
x86_64-linux-gnu-gcc -Ic -I/usr/lib/x86_64-linux-gnu/perl/5.30/CORE -DVERSION="1.000008" -DXS_VERSION="1.000008" -fPIC -std=c99 -fms-extensions -Wall -g -c -D_REENTRANT -D_GNU_SOURCE -DDEBIAN -fwrapv -fno-strict-aliasing -pipe -I/usr/local/include -D_LARGEFILE_SOURCE -D_FILE_OFFSET_BITS=64 -g -O2 -fdebug-prefix-map=/<<PKGBUILDDIR>>=. -fstack-protector-strong -Wformat -Werror=format-security -g -O2 -fdebug-prefix-map=/<<PKGBUILDDIR>>=. -fstack-protector-strong -Wformat -Werror=format-security -Wdate-time -D_FORTIFY_SOURCE=2 -o lib/MaxMind/DB/Reader/XS.o lib/MaxMind/DB/Reader/XS.c
ExtUtils::Mkbootstrap::Mkbootstrap('blib/arch/auto/MaxMind/DB/Reader/XS/XS.bs')
x86_64-linux-gnu-gcc -g -O2 -fdebug-prefix-map=/<<PKGBUILDDIR>>=. -fstack-protector-strong -Wformat -Werror=format-security -Wl,-z,relro -Wl,-z,now -shared -L/usr/local/lib -fstack-protector-strong -o blib/arch/auto/MaxMind/DB/Reader/XS/XS.so lib/MaxMind/DB/Reader/XS.o c/perl_math_int128.o c/perl_math_int64.o -lmaxminddb
   dh_auto_test
	perl Build test --verbose 1
# 
# Versions for all modules listed in MYMETA.json (including optional ones):
# 
# === Configure Requires ===
# 
#     Module        Want   Have
#     ------------- ---- ------
#     Module::Build 0.28 0.4231
# 
# === Build Requires ===
# 
#     Module             Want     Have
#     ------------------ ---- --------
#     ExtUtils::CBuilder  any 0.280231
#     Module::Build      0.28   0.4231
# 
# === Test Requires ===
# 
#     Module                          Want     Have
#     ------------------------------- ---- --------
#     ExtUtils::MakeMaker              any     7.34
#     File::Spec                       any     3.78
#     MaxMind::DB::Reader              any 1.000014
#     Module::Implementation           any     0.09
#     Net::Works::Network             0.21     0.22
#     Path::Class                     0.27     0.37
#     Test::Fatal                      any    0.014
#     Test::MaxMind::DB::Common::Util  any 0.040001
#     Test::More                      0.96 1.302162
#     Test::Number::Delta              any     1.06
#     Test::Requires                   any     0.10
#     autodie                          any     2.29
#     lib                              any     0.65
#     utf8                             any     1.22
#     version                          any   0.9924
# 
# === Test Recommends ===
# 
#     Module         Want     Have
#     ---------- -------- --------
#     CPAN::Meta 2.120900 2.150010
# 
# === Runtime Requires ===
# 
#     Module                                     Want     Have
#     -------------------------------------- -------- --------
#     Math::Int128                                any     0.22
#     Math::Int64                                 any     0.54
#     MaxMind::DB::Metadata                  0.040001 0.040001
#     MaxMind::DB::Reader::Role::HasMetadata      any 1.000014
#     MaxMind::DB::Types                          any 0.040001
#     Moo                                         any 2.003006
#     XSLoader                                    any     0.30
#     namespace::autoclean                        any     0.29
#     strict                                      any     1.11
#     warnings                                    any     1.44
# 
t/00-report-prereqs.t ...................... 
1..1
ok 1
ok
t/MaxMind/DB/Reader-broken-databases.t ..... 
ok 1 - got expected error for broken doubles
ok 2 - received expected exception with broken search tree pointer
ok 3 - received expected exception with broken data pointer
ok 4 - expected exception with unknown file type
ok 5 - expected exception with file that does not exist
1..5
ok
t/MaxMind/DB/Reader-decoder.t .............. 
ok 1 - found record for ::1.1.1.0
ok 2 - decoded utf8_string has expected value
ok 3 - decoded double has expected value
ok 4 - decoded bytes has expected value
ok 5 - decoded uint16 has expected value
ok 6 - decoded uint32 has expected value
ok 7 - decoded int32 has expected value
ok 8 - decoded uint64 has expected value
ok 9 - decoded uint128 has expected value
ok 10 - decoded array has expected value
ok 11 - decoded map has expected value
ok 12 - decoded bool is true
ok 13 - decoded float has expected value
ok 14 - found record for ::0.0.0.0
ok 15 - decoded utf8_string is empty string
ok 16 - decoded double is 0
ok 17 - decoded bytes is empty
ok 18 - decoded uint16 is 0
ok 19 - decoded uint32 is 0
ok 20 - decoded int32 is 0
ok 21 - decoded uint64 is 0
ok 22 - decoded uint128 is 0
ok 23 - decoded array is empty
ok 24 - decoded map is empty
ok 25 - decoded false bool
ok 26 - decoded float is 0
1..26
ok
t/MaxMind/DB/Reader-no-ipv4-search-tree.t .. 
ok 1 - IPv4 lookup in tree without ::/96 subtree worked (first bit is 0)
ok 2 - IPv4 lookup in tree without ::/96 subtree worked (first bit is 1)
1..2
ok
Use of uninitialized value in subroutine entry at /<<PKGBUILDDIR>>/blib/lib/MaxMind/DB/Reader/XS.pm line 56.
t/MaxMind/DB/Reader.t ...................... 
ok 1 - read expected value for metadata key binary_format_major_version - MaxMind-DB-test-ipv4-24.mmdb
ok 2 - read expected value for metadata key binary_format_minor_version - MaxMind-DB-test-ipv4-24.mmdb
ok 3 - read expected value for metadata key database_type - MaxMind-DB-test-ipv4-24.mmdb
ok 4 - read expected value for metadata key description - MaxMind-DB-test-ipv4-24.mmdb
ok 5 - read expected value for metadata key ip_version - MaxMind-DB-test-ipv4-24.mmdb
ok 6 - read expected value for metadata key languages - MaxMind-DB-test-ipv4-24.mmdb
ok 7 - read expected value for metadata key record_size - MaxMind-DB-test-ipv4-24.mmdb
ok 8 - build_epoch is an integer - MaxMind-DB-test-ipv4-24.mmdb
ok 9 - build_epoch is <= the current timestamp - MaxMind-DB-test-ipv4-24.mmdb
ok 10 - found expected data record for 1.1.1.1 - MaxMind-DB-test-ipv4-24.mmdb
ok 11 - found expected data record for 1.1.1.2 - MaxMind-DB-test-ipv4-24.mmdb
ok 12 - found expected data record for 1.1.1.4 - MaxMind-DB-test-ipv4-24.mmdb
ok 13 - found expected data record for 1.1.1.8 - MaxMind-DB-test-ipv4-24.mmdb
ok 14 - found expected data record for 1.1.1.16 - MaxMind-DB-test-ipv4-24.mmdb
ok 15 - found expected data record for 1.1.1.32 - MaxMind-DB-test-ipv4-24.mmdb
ok 16 - found expected data record for 1.1.1.3 - MaxMind-DB-test-ipv4-24.mmdb
ok 17 - found expected data record for 1.1.1.5 - MaxMind-DB-test-ipv4-24.mmdb
ok 18 - found expected data record for 1.1.1.7 - MaxMind-DB-test-ipv4-24.mmdb
ok 19 - found expected data record for 1.1.1.9 - MaxMind-DB-test-ipv4-24.mmdb
ok 20 - found expected data record for 1.1.1.15 - MaxMind-DB-test-ipv4-24.mmdb
ok 21 - found expected data record for 1.1.1.17 - MaxMind-DB-test-ipv4-24.mmdb
ok 22 - found expected data record for 1.1.1.31 - MaxMind-DB-test-ipv4-24.mmdb
ok 23 - found expected data record for 1.1.1.32 - MaxMind-DB-test-ipv4-24.mmdb
ok 24 - no data found for 1.1.1.33 - MaxMind-DB-test-ipv4-24.mmdb
ok 25 - no data found for 255.254.253.123 - MaxMind-DB-test-ipv4-24.mmdb
ok 26 - read expected value for metadata key binary_format_major_version - MaxMind-DB-test-mixed-24.mmdb
ok 27 - read expected value for metadata key binary_format_minor_version - MaxMind-DB-test-mixed-24.mmdb
ok 28 - read expected value for metadata key database_type - MaxMind-DB-test-mixed-24.mmdb
ok 29 - read expected value for metadata key description - MaxMind-DB-test-mixed-24.mmdb
ok 30 - read expected value for metadata key ip_version - MaxMind-DB-test-mixed-24.mmdb
ok 31 - read expected value for metadata key languages - MaxMind-DB-test-mixed-24.mmdb
ok 32 - read expected value for metadata key record_size - MaxMind-DB-test-mixed-24.mmdb
ok 33 - build_epoch is an integer - MaxMind-DB-test-mixed-24.mmdb
ok 34 - build_epoch is <= the current timestamp - MaxMind-DB-test-mixed-24.mmdb
ok 35 - found expected data record for 1.1.1.1 - MaxMind-DB-test-mixed-24.mmdb
ok 36 - found expected data record for 1.1.1.2 - MaxMind-DB-test-mixed-24.mmdb
ok 37 - found expected data record for 1.1.1.4 - MaxMind-DB-test-mixed-24.mmdb
ok 38 - found expected data record for 1.1.1.8 - MaxMind-DB-test-mixed-24.mmdb
ok 39 - found expected data record for 1.1.1.16 - MaxMind-DB-test-mixed-24.mmdb
ok 40 - found expected data record for 1.1.1.32 - MaxMind-DB-test-mixed-24.mmdb
ok 41 - found expected data record for 1.1.1.3 - MaxMind-DB-test-mixed-24.mmdb
ok 42 - found expected data record for 1.1.1.5 - MaxMind-DB-test-mixed-24.mmdb
ok 43 - found expected data record for 1.1.1.7 - MaxMind-DB-test-mixed-24.mmdb
ok 44 - found expected data record for 1.1.1.9 - MaxMind-DB-test-mixed-24.mmdb
ok 45 - found expected data record for 1.1.1.15 - MaxMind-DB-test-mixed-24.mmdb
ok 46 - found expected data record for 1.1.1.17 - MaxMind-DB-test-mixed-24.mmdb
ok 47 - found expected data record for 1.1.1.31 - MaxMind-DB-test-mixed-24.mmdb
ok 48 - found expected data record for 1.1.1.32 - MaxMind-DB-test-mixed-24.mmdb
ok 49 - no data found for 1.1.1.33 - MaxMind-DB-test-mixed-24.mmdb
ok 50 - no data found for 255.254.253.123 - MaxMind-DB-test-mixed-24.mmdb
ok 51 - read expected value for metadata key binary_format_major_version - MaxMind-DB-test-ipv6-24.mmdb
ok 52 - read expected value for metadata key binary_format_minor_version - MaxMind-DB-test-ipv6-24.mmdb
ok 53 - read expected value for metadata key database_type - MaxMind-DB-test-ipv6-24.mmdb
ok 54 - read expected value for metadata key description - MaxMind-DB-test-ipv6-24.mmdb
ok 55 - read expected value for metadata key ip_version - MaxMind-DB-test-ipv6-24.mmdb
ok 56 - read expected value for metadata key languages - MaxMind-DB-test-ipv6-24.mmdb
ok 57 - read expected value for metadata key record_size - MaxMind-DB-test-ipv6-24.mmdb
ok 58 - build_epoch is an integer - MaxMind-DB-test-ipv6-24.mmdb
ok 59 - build_epoch is <= the current timestamp - MaxMind-DB-test-ipv6-24.mmdb
ok 60 - found expected data record for ::1:ffff:ffff - MaxMind-DB-test-ipv6-24.mmdb
ok 61 - found expected data record for ::2:0:0 - MaxMind-DB-test-ipv6-24.mmdb
ok 62 - found expected data record for ::2:0:40 - MaxMind-DB-test-ipv6-24.mmdb
ok 63 - found expected data record for ::2:0:50 - MaxMind-DB-test-ipv6-24.mmdb
ok 64 - found expected data record for ::2:0:58 - MaxMind-DB-test-ipv6-24.mmdb
ok 65 - found expected data record for ::2:0:1 - MaxMind-DB-test-ipv6-24.mmdb
ok 66 - found expected data record for ::2:0:33 - MaxMind-DB-test-ipv6-24.mmdb
ok 67 - found expected data record for ::2:0:39 - MaxMind-DB-test-ipv6-24.mmdb
ok 68 - found expected data record for ::2:0:41 - MaxMind-DB-test-ipv6-24.mmdb
ok 69 - found expected data record for ::2:0:49 - MaxMind-DB-test-ipv6-24.mmdb
ok 70 - found expected data record for ::2:0:52 - MaxMind-DB-test-ipv6-24.mmdb
ok 71 - found expected data record for ::2:0:57 - MaxMind-DB-test-ipv6-24.mmdb
ok 72 - found expected data record for ::2:0:59 - MaxMind-DB-test-ipv6-24.mmdb
ok 73 - no data found for 1.1.1.33 - MaxMind-DB-test-ipv6-24.mmdb
ok 74 - no data found for 255.254.253.123 - MaxMind-DB-test-ipv6-24.mmdb
ok 75 - no data found for 89fa:: - MaxMind-DB-test-ipv6-24.mmdb
ok 76 - read expected value for metadata key binary_format_major_version - MaxMind-DB-test-mixed-24.mmdb
ok 77 - read expected value for metadata key binary_format_minor_version - MaxMind-DB-test-mixed-24.mmdb
ok 78 - read expected value for metadata key database_type - MaxMind-DB-test-mixed-24.mmdb
ok 79 - read expected value for metadata key description - MaxMind-DB-test-mixed-24.mmdb
ok 80 - read expected value for metadata key ip_version - MaxMind-DB-test-mixed-24.mmdb
ok 81 - read expected value for metadata key languages - MaxMind-DB-test-mixed-24.mmdb
ok 82 - read expected value for metadata key record_size - MaxMind-DB-test-mixed-24.mmdb
ok 83 - build_epoch is an integer - MaxMind-DB-test-mixed-24.mmdb
ok 84 - build_epoch is <= the current timestamp - MaxMind-DB-test-mixed-24.mmdb
ok 85 - found expected data record for ::1:ffff:ffff - MaxMind-DB-test-mixed-24.mmdb
ok 86 - found expected data record for ::2:0:0 - MaxMind-DB-test-mixed-24.mmdb
ok 87 - found expected data record for ::2:0:40 - MaxMind-DB-test-mixed-24.mmdb
ok 88 - found expected data record for ::2:0:50 - MaxMind-DB-test-mixed-24.mmdb
ok 89 - found expected data record for ::2:0:58 - MaxMind-DB-test-mixed-24.mmdb
ok 90 - found expected data record for ::2:0:1 - MaxMind-DB-test-mixed-24.mmdb
ok 91 - found expected data record for ::2:0:33 - MaxMind-DB-test-mixed-24.mmdb
ok 92 - found expected data record for ::2:0:39 - MaxMind-DB-test-mixed-24.mmdb
ok 93 - found expected data record for ::2:0:41 - MaxMind-DB-test-mixed-24.mmdb
ok 94 - found expected data record for ::2:0:49 - MaxMind-DB-test-mixed-24.mmdb
ok 95 - found expected data record for ::2:0:52 - MaxMind-DB-test-mixed-24.mmdb
ok 96 - found expected data record for ::2:0:57 - MaxMind-DB-test-mixed-24.mmdb
ok 97 - found expected data record for ::2:0:59 - MaxMind-DB-test-mixed-24.mmdb
ok 98 - no data found for 1.1.1.33 - MaxMind-DB-test-mixed-24.mmdb
ok 99 - no data found for 255.254.253.123 - MaxMind-DB-test-mixed-24.mmdb
ok 100 - no data found for 89fa:: - MaxMind-DB-test-mixed-24.mmdb
ok 101 - read expected value for metadata key binary_format_major_version - MaxMind-DB-test-ipv4-28.mmdb
ok 102 - read expected value for metadata key binary_format_minor_version - MaxMind-DB-test-ipv4-28.mmdb
ok 103 - read expected value for metadata key database_type - MaxMind-DB-test-ipv4-28.mmdb
ok 104 - read expected value for metadata key description - MaxMind-DB-test-ipv4-28.mmdb
ok 105 - read expected value for metadata key ip_version - MaxMind-DB-test-ipv4-28.mmdb
ok 106 - read expected value for metadata key languages - MaxMind-DB-test-ipv4-28.mmdb
ok 107 - read expected value for metadata key record_size - MaxMind-DB-test-ipv4-28.mmdb
ok 108 - build_epoch is an integer - MaxMind-DB-test-ipv4-28.mmdb
ok 109 - build_epoch is <= the current timestamp - MaxMind-DB-test-ipv4-28.mmdb
ok 110 - found expected data record for 1.1.1.1 - MaxMind-DB-test-ipv4-28.mmdb
ok 111 - found expected data record for 1.1.1.2 - MaxMind-DB-test-ipv4-28.mmdb
ok 112 - found expected data record for 1.1.1.4 - MaxMind-DB-test-ipv4-28.mmdb
ok 113 - found expected data record for 1.1.1.8 - MaxMind-DB-test-ipv4-28.mmdb
ok 114 - found expected data record for 1.1.1.16 - MaxMind-DB-test-ipv4-28.mmdb
ok 115 - found expected data record for 1.1.1.32 - MaxMind-DB-test-ipv4-28.mmdb
ok 116 - found expected data record for 1.1.1.3 - MaxMind-DB-test-ipv4-28.mmdb
ok 117 - found expected data record for 1.1.1.5 - MaxMind-DB-test-ipv4-28.mmdb
ok 118 - found expected data record for 1.1.1.7 - MaxMind-DB-test-ipv4-28.mmdb
ok 119 - found expected data record for 1.1.1.9 - MaxMind-DB-test-ipv4-28.mmdb
ok 120 - found expected data record for 1.1.1.15 - MaxMind-DB-test-ipv4-28.mmdb
ok 121 - found expected data record for 1.1.1.17 - MaxMind-DB-test-ipv4-28.mmdb
ok 122 - found expected data record for 1.1.1.31 - MaxMind-DB-test-ipv4-28.mmdb
ok 123 - found expected data record for 1.1.1.32 - MaxMind-DB-test-ipv4-28.mmdb
ok 124 - no data found for 1.1.1.33 - MaxMind-DB-test-ipv4-28.mmdb
ok 125 - no data found for 255.254.253.123 - MaxMind-DB-test-ipv4-28.mmdb
ok 126 - read expected value for metadata key binary_format_major_version - MaxMind-DB-test-mixed-28.mmdb
ok 127 - read expected value for metadata key binary_format_minor_version - MaxMind-DB-test-mixed-28.mmdb
ok 128 - read expected value for metadata key database_type - MaxMind-DB-test-mixed-28.mmdb
ok 129 - read expected value for metadata key description - MaxMind-DB-test-mixed-28.mmdb
ok 130 - read expected value for metadata key ip_version - MaxMind-DB-test-mixed-28.mmdb
ok 131 - read expected value for metadata key languages - MaxMind-DB-test-mixed-28.mmdb
ok 132 - read expected value for metadata key record_size - MaxMind-DB-test-mixed-28.mmdb
ok 133 - build_epoch is an integer - MaxMind-DB-test-mixed-28.mmdb
ok 134 - build_epoch is <= the current timestamp - MaxMind-DB-test-mixed-28.mmdb
ok 135 - found expected data record for 1.1.1.1 - MaxMind-DB-test-mixed-28.mmdb
ok 136 - found expected data record for 1.1.1.2 - MaxMind-DB-test-mixed-28.mmdb
ok 137 - found expected data record for 1.1.1.4 - MaxMind-DB-test-mixed-28.mmdb
ok 138 - found expected data record for 1.1.1.8 - MaxMind-DB-test-mixed-28.mmdb
ok 139 - found expected data record for 1.1.1.16 - MaxMind-DB-test-mixed-28.mmdb
ok 140 - found expected data record for 1.1.1.32 - MaxMind-DB-test-mixed-28.mmdb
ok 141 - found expected data record for 1.1.1.3 - MaxMind-DB-test-mixed-28.mmdb
ok 142 - found expected data record for 1.1.1.5 - MaxMind-DB-test-mixed-28.mmdb
ok 143 - found expected data record for 1.1.1.7 - MaxMind-DB-test-mixed-28.mmdb
ok 144 - found expected data record for 1.1.1.9 - MaxMind-DB-test-mixed-28.mmdb
ok 145 - found expected data record for 1.1.1.15 - MaxMind-DB-test-mixed-28.mmdb
ok 146 - found expected data record for 1.1.1.17 - MaxMind-DB-test-mixed-28.mmdb
ok 147 - found expected data record for 1.1.1.31 - MaxMind-DB-test-mixed-28.mmdb
ok 148 - found expected data record for 1.1.1.32 - MaxMind-DB-test-mixed-28.mmdb
ok 149 - no data found for 1.1.1.33 - MaxMind-DB-test-mixed-28.mmdb
ok 150 - no data found for 255.254.253.123 - MaxMind-DB-test-mixed-28.mmdb
ok 151 - read expected value for metadata key binary_format_major_version - MaxMind-DB-test-ipv6-28.mmdb
ok 152 - read expected value for metadata key binary_format_minor_version - MaxMind-DB-test-ipv6-28.mmdb
ok 153 - read expected value for metadata key database_type - MaxMind-DB-test-ipv6-28.mmdb
ok 154 - read expected value for metadata key description - MaxMind-DB-test-ipv6-28.mmdb
ok 155 - read expected value for metadata key ip_version - MaxMind-DB-test-ipv6-28.mmdb
ok 156 - read expected value for metadata key languages - MaxMind-DB-test-ipv6-28.mmdb
ok 157 - read expected value for metadata key record_size - MaxMind-DB-test-ipv6-28.mmdb
ok 158 - build_epoch is an integer - MaxMind-DB-test-ipv6-28.mmdb
ok 159 - build_epoch is <= the current timestamp - MaxMind-DB-test-ipv6-28.mmdb
ok 160 - found expected data record for ::1:ffff:ffff - MaxMind-DB-test-ipv6-28.mmdb
ok 161 - found expected data record for ::2:0:0 - MaxMind-DB-test-ipv6-28.mmdb
ok 162 - found expected data record for ::2:0:40 - MaxMind-DB-test-ipv6-28.mmdb
ok 163 - found expected data record for ::2:0:50 - MaxMind-DB-test-ipv6-28.mmdb
ok 164 - found expected data record for ::2:0:58 - MaxMind-DB-test-ipv6-28.mmdb
ok 165 - found expected data record for ::2:0:1 - MaxMind-DB-test-ipv6-28.mmdb
ok 166 - found expected data record for ::2:0:33 - MaxMind-DB-test-ipv6-28.mmdb
ok 167 - found expected data record for ::2:0:39 - MaxMind-DB-test-ipv6-28.mmdb
ok 168 - found expected data record for ::2:0:41 - MaxMind-DB-test-ipv6-28.mmdb
ok 169 - found expected data record for ::2:0:49 - MaxMind-DB-test-ipv6-28.mmdb
ok 170 - found expected data record for ::2:0:52 - MaxMind-DB-test-ipv6-28.mmdb
ok 171 - found expected data record for ::2:0:57 - MaxMind-DB-test-ipv6-28.mmdb
ok 172 - found expected data record for ::2:0:59 - MaxMind-DB-test-ipv6-28.mmdb
ok 173 - no data found for 1.1.1.33 - MaxMind-DB-test-ipv6-28.mmdb
ok 174 - no data found for 255.254.253.123 - MaxMind-DB-test-ipv6-28.mmdb
ok 175 - no data found for 89fa:: - MaxMind-DB-test-ipv6-28.mmdb
ok 176 - read expected value for metadata key binary_format_major_version - MaxMind-DB-test-mixed-28.mmdb
ok 177 - read expected value for metadata key binary_format_minor_version - MaxMind-DB-test-mixed-28.mmdb
ok 178 - read expected value for metadata key database_type - MaxMind-DB-test-mixed-28.mmdb
ok 179 - read expected value for metadata key description - MaxMind-DB-test-mixed-28.mmdb
ok 180 - read expected value for metadata key ip_version - MaxMind-DB-test-mixed-28.mmdb
ok 181 - read expected value for metadata key languages - MaxMind-DB-test-mixed-28.mmdb
ok 182 - read expected value for metadata key record_size - MaxMind-DB-test-mixed-28.mmdb
ok 183 - build_epoch is an integer - MaxMind-DB-test-mixed-28.mmdb
ok 184 - build_epoch is <= the current timestamp - MaxMind-DB-test-mixed-28.mmdb
ok 185 - found expected data record for ::1:ffff:ffff - MaxMind-DB-test-mixed-28.mmdb
ok 186 - found expected data record for ::2:0:0 - MaxMind-DB-test-mixed-28.mmdb
ok 187 - found expected data record for ::2:0:40 - MaxMind-DB-test-mixed-28.mmdb
ok 188 - found expected data record for ::2:0:50 - MaxMind-DB-test-mixed-28.mmdb
ok 189 - found expected data record for ::2:0:58 - MaxMind-DB-test-mixed-28.mmdb
ok 190 - found expected data record for ::2:0:1 - MaxMind-DB-test-mixed-28.mmdb
ok 191 - found expected data record for ::2:0:33 - MaxMind-DB-test-mixed-28.mmdb
ok 192 - found expected data record for ::2:0:39 - MaxMind-DB-test-mixed-28.mmdb
ok 193 - found expected data record for ::2:0:41 - MaxMind-DB-test-mixed-28.mmdb
ok 194 - found expected data record for ::2:0:49 - MaxMind-DB-test-mixed-28.mmdb
ok 195 - found expected data record for ::2:0:52 - MaxMind-DB-test-mixed-28.mmdb
ok 196 - found expected data record for ::2:0:57 - MaxMind-DB-test-mixed-28.mmdb
ok 197 - found expected data record for ::2:0:59 - MaxMind-DB-test-mixed-28.mmdb
ok 198 - no data found for 1.1.1.33 - MaxMind-DB-test-mixed-28.mmdb
ok 199 - no data found for 255.254.253.123 - MaxMind-DB-test-mixed-28.mmdb
ok 200 - no data found for 89fa:: - MaxMind-DB-test-mixed-28.mmdb
ok 201 - read expected value for metadata key binary_format_major_version - MaxMind-DB-test-ipv4-32.mmdb
ok 202 - read expected value for metadata key binary_format_minor_version - MaxMind-DB-test-ipv4-32.mmdb
ok 203 - read expected value for metadata key database_type - MaxMind-DB-test-ipv4-32.mmdb
ok 204 - read expected value for metadata key description - MaxMind-DB-test-ipv4-32.mmdb
ok 205 - read expected value for metadata key ip_version - MaxMind-DB-test-ipv4-32.mmdb
ok 206 - read expected value for metadata key languages - MaxMind-DB-test-ipv4-32.mmdb
ok 207 - read expected value for metadata key record_size - MaxMind-DB-test-ipv4-32.mmdb
ok 208 - build_epoch is an integer - MaxMind-DB-test-ipv4-32.mmdb
ok 209 - build_epoch is <= the current timestamp - MaxMind-DB-test-ipv4-32.mmdb
ok 210 - found expected data record for 1.1.1.1 - MaxMind-DB-test-ipv4-32.mmdb
ok 211 - found expected data record for 1.1.1.2 - MaxMind-DB-test-ipv4-32.mmdb
ok 212 - found expected data record for 1.1.1.4 - MaxMind-DB-test-ipv4-32.mmdb
ok 213 - found expected data record for 1.1.1.8 - MaxMind-DB-test-ipv4-32.mmdb
ok 214 - found expected data record for 1.1.1.16 - MaxMind-DB-test-ipv4-32.mmdb
ok 215 - found expected data record for 1.1.1.32 - MaxMind-DB-test-ipv4-32.mmdb
ok 216 - found expected data record for 1.1.1.3 - MaxMind-DB-test-ipv4-32.mmdb
ok 217 - found expected data record for 1.1.1.5 - MaxMind-DB-test-ipv4-32.mmdb
ok 218 - found expected data record for 1.1.1.7 - MaxMind-DB-test-ipv4-32.mmdb
ok 219 - found expected data record for 1.1.1.9 - MaxMind-DB-test-ipv4-32.mmdb
ok 220 - found expected data record for 1.1.1.15 - MaxMind-DB-test-ipv4-32.mmdb
ok 221 - found expected data record for 1.1.1.17 - MaxMind-DB-test-ipv4-32.mmdb
ok 222 - found expected data record for 1.1.1.31 - MaxMind-DB-test-ipv4-32.mmdb
ok 223 - found expected data record for 1.1.1.32 - MaxMind-DB-test-ipv4-32.mmdb
ok 224 - no data found for 1.1.1.33 - MaxMind-DB-test-ipv4-32.mmdb
ok 225 - no data found for 255.254.253.123 - MaxMind-DB-test-ipv4-32.mmdb
ok 226 - read expected value for metadata key binary_format_major_version - MaxMind-DB-test-mixed-32.mmdb
ok 227 - read expected value for metadata key binary_format_minor_version - MaxMind-DB-test-mixed-32.mmdb
ok 228 - read expected value for metadata key database_type - MaxMind-DB-test-mixed-32.mmdb
ok 229 - read expected value for metadata key description - MaxMind-DB-test-mixed-32.mmdb
ok 230 - read expected value for metadata key ip_version - MaxMind-DB-test-mixed-32.mmdb
ok 231 - read expected value for metadata key languages - MaxMind-DB-test-mixed-32.mmdb
ok 232 - read expected value for metadata key record_size - MaxMind-DB-test-mixed-32.mmdb
ok 233 - build_epoch is an integer - MaxMind-DB-test-mixed-32.mmdb
ok 234 - build_epoch is <= the current timestamp - MaxMind-DB-test-mixed-32.mmdb
ok 235 - found expected data record for 1.1.1.1 - MaxMind-DB-test-mixed-32.mmdb
ok 236 - found expected data record for 1.1.1.2 - MaxMind-DB-test-mixed-32.mmdb
ok 237 - found expected data record for 1.1.1.4 - MaxMind-DB-test-mixed-32.mmdb
ok 238 - found expected data record for 1.1.1.8 - MaxMind-DB-test-mixed-32.mmdb
ok 239 - found expected data record for 1.1.1.16 - MaxMind-DB-test-mixed-32.mmdb
ok 240 - found expected data record for 1.1.1.32 - MaxMind-DB-test-mixed-32.mmdb
ok 241 - found expected data record for 1.1.1.3 - MaxMind-DB-test-mixed-32.mmdb
ok 242 - found expected data record for 1.1.1.5 - MaxMind-DB-test-mixed-32.mmdb
ok 243 - found expected data record for 1.1.1.7 - MaxMind-DB-test-mixed-32.mmdb
ok 244 - found expected data record for 1.1.1.9 - MaxMind-DB-test-mixed-32.mmdb
ok 245 - found expected data record for 1.1.1.15 - MaxMind-DB-test-mixed-32.mmdb
ok 246 - found expected data record for 1.1.1.17 - MaxMind-DB-test-mixed-32.mmdb
ok 247 - found expected data record for 1.1.1.31 - MaxMind-DB-test-mixed-32.mmdb
ok 248 - found expected data record for 1.1.1.32 - MaxMind-DB-test-mixed-32.mmdb
ok 249 - no data found for 1.1.1.33 - MaxMind-DB-test-mixed-32.mmdb
ok 250 - no data found for 255.254.253.123 - MaxMind-DB-test-mixed-32.mmdb
ok 251 - read expected value for metadata key binary_format_major_version - MaxMind-DB-test-ipv6-32.mmdb
ok 252 - read expected value for metadata key binary_format_minor_version - MaxMind-DB-test-ipv6-32.mmdb
ok 253 - read expected value for metadata key database_type - MaxMind-DB-test-ipv6-32.mmdb
ok 254 - read expected value for metadata key description - MaxMind-DB-test-ipv6-32.mmdb
ok 255 - read expected value for metadata key ip_version - MaxMind-DB-test-ipv6-32.mmdb
ok 256 - read expected value for metadata key languages - MaxMind-DB-test-ipv6-32.mmdb
ok 257 - read expected value for metadata key record_size - MaxMind-DB-test-ipv6-32.mmdb
ok 258 - build_epoch is an integer - MaxMind-DB-test-ipv6-32.mmdb
ok 259 - build_epoch is <= the current timestamp - MaxMind-DB-test-ipv6-32.mmdb
ok 260 - found expected data record for ::1:ffff:ffff - MaxMind-DB-test-ipv6-32.mmdb
ok 261 - found expected data record for ::2:0:0 - MaxMind-DB-test-ipv6-32.mmdb
ok 262 - found expected data record for ::2:0:40 - MaxMind-DB-test-ipv6-32.mmdb
ok 263 - found expected data record for ::2:0:50 - MaxMind-DB-test-ipv6-32.mmdb
ok 264 - found expected data record for ::2:0:58 - MaxMind-DB-test-ipv6-32.mmdb
ok 265 - found expected data record for ::2:0:1 - MaxMind-DB-test-ipv6-32.mmdb
ok 266 - found expected data record for ::2:0:33 - MaxMind-DB-test-ipv6-32.mmdb
ok 267 - found expected data record for ::2:0:39 - MaxMind-DB-test-ipv6-32.mmdb
ok 268 - found expected data record for ::2:0:41 - MaxMind-DB-test-ipv6-32.mmdb
ok 269 - found expected data record for ::2:0:49 - MaxMind-DB-test-ipv6-32.mmdb
ok 270 - found expected data record for ::2:0:52 - MaxMind-DB-test-ipv6-32.mmdb
ok 271 - found expected data record for ::2:0:57 - MaxMind-DB-test-ipv6-32.mmdb
ok 272 - found expected data record for ::2:0:59 - MaxMind-DB-test-ipv6-32.mmdb
ok 273 - no data found for 1.1.1.33 - MaxMind-DB-test-ipv6-32.mmdb
ok 274 - no data found for 255.254.253.123 - MaxMind-DB-test-ipv6-32.mmdb
ok 275 - no data found for 89fa:: - MaxMind-DB-test-ipv6-32.mmdb
ok 276 - read expected value for metadata key binary_format_major_version - MaxMind-DB-test-mixed-32.mmdb
ok 277 - read expected value for metadata key binary_format_minor_version - MaxMind-DB-test-mixed-32.mmdb
ok 278 - read expected value for metadata key database_type - MaxMind-DB-test-mixed-32.mmdb
ok 279 - read expected value for metadata key description - MaxMind-DB-test-mixed-32.mmdb
ok 280 - read expected value for metadata key ip_version - MaxMind-DB-test-mixed-32.mmdb
ok 281 - read expected value for metadata key languages - MaxMind-DB-test-mixed-32.mmdb
ok 282 - read expected value for metadata key record_size - MaxMind-DB-test-mixed-32.mmdb
ok 283 - build_epoch is an integer - MaxMind-DB-test-mixed-32.mmdb
ok 284 - build_epoch is <= the current timestamp - MaxMind-DB-test-mixed-32.mmdb
ok 285 - found expected data record for ::1:ffff:ffff - MaxMind-DB-test-mixed-32.mmdb
ok 286 - found expected data record for ::2:0:0 - MaxMind-DB-test-mixed-32.mmdb
ok 287 - found expected data record for ::2:0:40 - MaxMind-DB-test-mixed-32.mmdb
ok 288 - found expected data record for ::2:0:50 - MaxMind-DB-test-mixed-32.mmdb
ok 289 - found expected data record for ::2:0:58 - MaxMind-DB-test-mixed-32.mmdb
ok 290 - found expected data record for ::2:0:1 - MaxMind-DB-test-mixed-32.mmdb
ok 291 - found expected data record for ::2:0:33 - MaxMind-DB-test-mixed-32.mmdb
ok 292 - found expected data record for ::2:0:39 - MaxMind-DB-test-mixed-32.mmdb
ok 293 - found expected data record for ::2:0:41 - MaxMind-DB-test-mixed-32.mmdb
ok 294 - found expected data record for ::2:0:49 - MaxMind-DB-test-mixed-32.mmdb
ok 295 - found expected data record for ::2:0:52 - MaxMind-DB-test-mixed-32.mmdb
ok 296 - found expected data record for ::2:0:57 - MaxMind-DB-test-mixed-32.mmdb
ok 297 - found expected data record for ::2:0:59 - MaxMind-DB-test-mixed-32.mmdb
ok 298 - no data found for 1.1.1.33 - MaxMind-DB-test-mixed-32.mmdb
ok 299 - no data found for 255.254.253.123 - MaxMind-DB-test-mixed-32.mmdb
ok 300 - no data found for 89fa:: - MaxMind-DB-test-mixed-32.mmdb
ok 301 - exception when no IP address is passed to record_for_address()
ok 302 - exception when a bad IP address (foo) is passed to record_for_address()
ok 303 - exception when a bad IP address (2003::abcd::24) is passed to record_for_address()
ok 304 - exception when a bad IP address (-@@*><) is passed to record_for_address()
ok 305 - undef when a private IP address (10.44.51.212) is passed to record_for_address()
ok 306 - undef when a private IP address (10.0.0.3) is passed to record_for_address()
ok 307 - undef when a private IP address (172.16.99.44) is passed to record_for_address()
ok 308 - undef when a private IP address (fc00::24) is passed to record_for_address()
ok 309 - undef when a private IP address (fc00:1234:4bdf::1) is passed to record_for_address()
ok 310 - values seen for node 0 match expected values
ok 311 - values seen for node 103 match expected values
ok 312 - values seen for node 241 match expected values
ok 313 - values seen for node 80 match expected values
ok 314 - values seen for node 96 match expected values
ok 315 - $reader->iterate_search_tree() finds all the networks in the database
ok 316 - no exception from iterate_search_tree when callbacks are not provided
ok 317 - Using a file object does not cause a type error
ok 318 - found record for expanded IPv6 address
ok 319 - expanded IPv6 address has expected data
1..319
ok
t/MaxMind/DB/Reader/NoMoose.t .............. 
ok 1 - Moose.pm is not in %INC
1..1
ok
# libmaxminddb version is 1.3.2
t/libmaxminddb-version.t ................... 
ok 1 - no-op
1..1
ok
t/xs-only.t ................................ 
ok 1 - 'MaxMind::DB::Reader->new()' isa 'MaxMind::DB::Reader::XS'
ok 2 - string in entry data is still valid after mmdb free
ok 3 - string from metadata is still valid after mmdb free
ok 4 - returned boolean values are not read-only
1..4
ok
All tests successful.
Files=8, Tests=359,  2 wallclock secs ( 0.05 usr  0.02 sys +  1.28 cusr  0.12 csys =  1.47 CPU)
Result: PASS
   create-stamp debian/debhelper-build-stamp
 fakeroot debian/rules binary
dh binary
   dh_testroot
   dh_prep
   dh_auto_install
	perl Build install --destdir /<<PKGBUILDDIR>>/debian/libmaxmind-db-reader-xs-perl --create_packlist 0
Building MaxMind-DB-Reader-XS
Files found in blib/arch: installing files in blib/lib into architecture dependent library tree
Installing /<<PKGBUILDDIR>>/debian/libmaxmind-db-reader-xs-perl/usr/lib/x86_64-linux-gnu/perl5/5.30/auto/MaxMind/DB/Reader/XS/XS.bs
Installing /<<PKGBUILDDIR>>/debian/libmaxmind-db-reader-xs-perl/usr/lib/x86_64-linux-gnu/perl5/5.30/auto/MaxMind/DB/Reader/XS/XS.so
Installing /<<PKGBUILDDIR>>/debian/libmaxmind-db-reader-xs-perl/usr/lib/x86_64-linux-gnu/perl5/5.30/MaxMind/DB/Reader/XS.pm
Installing /<<PKGBUILDDIR>>/debian/libmaxmind-db-reader-xs-perl/usr/share/man/man3/MaxMind::DB::Reader::XS.3pm
   dh_installdocs
   dh_installchangelogs
   dh_installman
   dh_perl
   dh_link
   dh_strip_nondeterminism
   dh_compress
   dh_fixperms
   dh_missing
   dh_dwz
   dh_strip
   dh_makeshlibs
   dh_shlibdeps
   dh_installdeb
   dh_gencontrol
   dh_md5sums
   dh_builddeb
dpkg-deb: building package 'libmaxmind-db-reader-xs-perl-dbgsym' in '../libmaxmind-db-reader-xs-perl-dbgsym_1.000008-1_amd64.deb'.
dpkg-deb: building package 'libmaxmind-db-reader-xs-perl' in '../libmaxmind-db-reader-xs-perl_1.000008-1_amd64.deb'.
 dpkg-genbuildinfo --build=binary
 dpkg-genchanges --build=binary >../libmaxmind-db-reader-xs-perl_1.000008-1_amd64.changes
dpkg-genchanges: info: binary-only upload (no source code included)
 dpkg-source --after-build .
dpkg-buildpackage: info: binary-only upload (no source included)
--------------------------------------------------------------------------------
Build finished at 2020-02-25T07:13:51Z

Finished
--------

I: Built successfully

+------------------------------------------------------------------------------+
| Changes                                                                      |
+------------------------------------------------------------------------------+


libmaxmind-db-reader-xs-perl_1.000008-1_amd64.changes:
------------------------------------------------------

Format: 1.8
Date: Sat, 07 Sep 2019 19:48:34 +0530
Source: libmaxmind-db-reader-xs-perl
Binary: libmaxmind-db-reader-xs-perl libmaxmind-db-reader-xs-perl-dbgsym
Architecture: amd64
Version: 1.000008-1
Distribution: unstable
Urgency: medium
Maintainer: Debian Perl Group <pkg-perl-maintainers@lists.alioth.debian.org>
Changed-By: Utkarsh Gupta <guptautkarsh2102@gmail.com>
Description:
 libmaxmind-db-reader-xs-perl - fast XS implementation of the MaxMind DB reader
Changes:
 libmaxmind-db-reader-xs-perl (1.000008-1) unstable; urgency=medium
 .
   * Team upload
   * New upstream version 1.000008
   * Update d/{compat, control} wrt cme
     - Bump Standards-Version to 4.4.0
     - Bump debhelper-compat to 12
   * Update d/copyright years
Checksums-Sha1:
 4906bf714aad4df80e715e16c1862fad6ee4f831 26096 libmaxmind-db-reader-xs-perl-dbgsym_1.000008-1_amd64.deb
 aec648d53686fe2e48c1feff6944927ef6d3f75a 8307 libmaxmind-db-reader-xs-perl_1.000008-1_amd64.buildinfo
 ffb6c4b26d2cbee5c13bf96c0246bf173996c8cf 28256 libmaxmind-db-reader-xs-perl_1.000008-1_amd64.deb
Checksums-Sha256:
 dd6af48fbbf9f6d28825066d3dccf16bb545a31904f7477cde26573bb06acc48 26096 libmaxmind-db-reader-xs-perl-dbgsym_1.000008-1_amd64.deb
 ea9e75a688b5d7b06cb79326d0d5dee24a511e4de5316a07850539ab29fdf71b 8307 libmaxmind-db-reader-xs-perl_1.000008-1_amd64.buildinfo
 730476f806f32ffe47c9f3a18ae702340652b39ed513a55baeae45a01baa5f66 28256 libmaxmind-db-reader-xs-perl_1.000008-1_amd64.deb
Files:
 024d4e20f5e732879fdfa41cc339a1c8 26096 debug optional libmaxmind-db-reader-xs-perl-dbgsym_1.000008-1_amd64.deb
 99e0f59510a53d2d4db470e7389700c8 8307 perl optional libmaxmind-db-reader-xs-perl_1.000008-1_amd64.buildinfo
 7ba18d219ec1c431e310e2ba21334521 28256 perl optional libmaxmind-db-reader-xs-perl_1.000008-1_amd64.deb

+------------------------------------------------------------------------------+
| Buildinfo                                                                    |
+------------------------------------------------------------------------------+

Format: 1.0
Source: libmaxmind-db-reader-xs-perl
Binary: libmaxmind-db-reader-xs-perl
Architecture: amd64
Version: 1.000008-1
Checksums-Md5:
 024d4e20f5e732879fdfa41cc339a1c8 26096 libmaxmind-db-reader-xs-perl-dbgsym_1.000008-1_amd64.deb
 7ba18d219ec1c431e310e2ba21334521 28256 libmaxmind-db-reader-xs-perl_1.000008-1_amd64.deb
Checksums-Sha1:
 4906bf714aad4df80e715e16c1862fad6ee4f831 26096 libmaxmind-db-reader-xs-perl-dbgsym_1.000008-1_amd64.deb
 ffb6c4b26d2cbee5c13bf96c0246bf173996c8cf 28256 libmaxmind-db-reader-xs-perl_1.000008-1_amd64.deb
Checksums-Sha256:
 dd6af48fbbf9f6d28825066d3dccf16bb545a31904f7477cde26573bb06acc48 26096 libmaxmind-db-reader-xs-perl-dbgsym_1.000008-1_amd64.deb
 730476f806f32ffe47c9f3a18ae702340652b39ed513a55baeae45a01baa5f66 28256 libmaxmind-db-reader-xs-perl_1.000008-1_amd64.deb
Build-Origin: Debian
Build-Architecture: amd64
Build-Date: Tue, 25 Feb 2020 07:13:50 +0000
Build-Path: /<<PKGBUILDDIR>>
Installed-Build-Depends:
 autoconf (= 2.69-11.1),
 automake (= 1:1.16.1-4),
 autopoint (= 0.19.8.1-10),
 autotools-dev (= 20180224.1),
 base-files (= 11),
 base-passwd (= 3.5.47),
 bash (= 5.0-5),
 binutils (= 2.34-3),
 binutils-common (= 2.34-3),
 binutils-x86-64-linux-gnu (= 2.34-3),
 bsdmainutils (= 11.1.2+b1),
 bsdutils (= 1:2.34-0.1),
 build-essential (= 12.8),
 bzip2 (= 1.0.8-2),
 clang-9 (= 1:9.0.1-8),
 coreutils (= 8.30-3+b1),
 cpp (= 4:9.2.1-3.1),
 cpp-9 (= 9.2.1-29),
 dash (= 0.5.10.2-6),
 debconf (= 1.5.73),
 debhelper (= 12.9),
 debianutils (= 4.9.1),
 dh-autoreconf (= 19),
 dh-strip-nondeterminism (= 1.6.3-2),
 diffutils (= 1:3.7-3),
 dpkg (= 1.19.7),
 dpkg-dev (= 1.19.7),
 dwz (= 0.13-5),
 fdisk (= 2.34-0.1),
 file (= 1:5.38-4),
 findutils (= 4.7.0-1),
 g++ (= 4:9.2.1-3.1),
 g++-9 (= 9.2.1-29),
 gcc (= 4:9.2.1-3.1),
 gcc-10-base (= 10-20200222-1),
 gcc-8-base (= 8.3.0-29),
 gcc-9 (= 9.2.1-29),
 gcc-9-base (= 9.2.1-29),
 gettext (= 0.19.8.1-10),
 gettext-base (= 0.19.8.1-10),
 grep (= 3.4-1),
 groff-base (= 1.22.4-4),
 gzip (= 1.9-3+b1),
 hostname (= 3.23),
 init-system-helpers (= 1.57),
 intltool-debian (= 0.35.0+20060710.5),
 lib32gcc-s1 (= 10-20200222-1),
 lib32gcc1 (= 1:10-20200222-1),
 lib32stdc++6 (= 10-20200222-1),
 libacl1 (= 2.2.53-5),
 libalgorithm-c3-perl (= 0.10-1),
 libarchive-zip-perl (= 1.67-1),
 libasan5 (= 9.2.1-29),
 libatomic1 (= 10-20200222-1),
 libattr1 (= 1:2.4.48-5),
 libaudit-common (= 1:2.8.5-2),
 libaudit1 (= 1:2.8.5-2+b1),
 libb-hooks-endofscope-perl (= 0.24-1),
 libb-hooks-op-check-perl (= 0.22-1+b2),
 libbinutils (= 2.34-3),
 libblkid1 (= 2.34-0.1),
 libbsd0 (= 0.10.0-1),
 libbz2-1.0 (= 1.0.8-2),
 libc-bin (= 2.29-10),
 libc-dev-bin (= 2.29-10),
 libc6 (= 2.29-10),
 libc6-dev (= 2.29-10),
 libc6-i386 (= 2.29-10),
 libcap-ng0 (= 0.7.9-2.1+b1),
 libcc1-0 (= 10-20200222-1),
 libclang-common-9-dev (= 1:9.0.1-8),
 libclang-cpp9 (= 1:9.0.1-8),
 libclass-c3-perl (= 0.34-1),
 libclass-data-inheritable-perl (= 0.08-3),
 libclass-inspector-perl (= 1.36-1),
 libclass-load-perl (= 0.25-1),
 libclass-load-xs-perl (= 0.10-1+b4),
 libclass-method-modifiers-perl (= 2.13-1),
 libclass-singleton-perl (= 1.5-1),
 libclone-pp-perl (= 1.07-1),
 libcroco3 (= 0.6.13-1),
 libcrypt-dev (= 1:4.4.10-10),
 libcrypt1 (= 1:4.4.10-10),
 libctf-nobfd0 (= 2.34-3),
 libctf0 (= 2.34-3),
 libdata-dumper-concise-perl (= 2.023-1),
 libdata-ieee754-perl (= 0.02-1),
 libdata-optlist-perl (= 0.110-1),
 libdata-printer-perl (= 0.40-1),
 libdata-validate-ip-perl (= 0.27-1),
 libdatetime-locale-perl (= 1:1.25-1),
 libdatetime-perl (= 2:1.51-1+b1),
 libdatetime-timezone-perl (= 1:2.38-1+2019c),
 libdb5.3 (= 5.3.28+dfsg1-0.6),
 libdebconfclient0 (= 0.251),
 libdebhelper-perl (= 12.9),
 libdevel-callchecker-perl (= 0.008-1+b1),
 libdevel-globaldestruction-perl (= 0.14-1),
 libdevel-overloadinfo-perl (= 0.005-1),
 libdevel-stacktrace-perl (= 2.0400-1),
 libdist-checkconflicts-perl (= 0.11-1),
 libdpkg-perl (= 1.19.7),
 libdynaloader-functions-perl (= 0.003-1),
 libedit2 (= 3.1-20191231-1),
 libelf1 (= 0.176-1.1),
 libeval-closure-perl (= 0.14-1),
 libexception-class-perl (= 1.44-1),
 libfdisk1 (= 2.34-0.1),
 libffi7 (= 3.3-3),
 libfile-homedir-perl (= 1.004-1),
 libfile-sharedir-perl (= 1.116-2),
 libfile-stripnondeterminism-perl (= 1.6.3-2),
 libfile-which-perl (= 1.23-1),
 libgc1c2 (= 1:7.6.4-0.4),
 libgcc-8-dev (= 8.3.0-29),
 libgcc-9-dev (= 9.2.1-29),
 libgcc-s1 (= 10-20200222-1),
 libgcc1 (= 1:10-20200222-1),
 libgcrypt20 (= 1.8.5-5),
 libgdbm-compat4 (= 1.18.1-5),
 libgdbm6 (= 1.18.1-5),
 libglib2.0-0 (= 2.62.4-2),
 libgmp10 (= 2:6.2.0+dfsg-4),
 libgomp1 (= 10-20200222-1),
 libgpg-error0 (= 1.37-1),
 libicu63 (= 63.2-2),
 libimport-into-perl (= 1.002005-1),
 libisl22 (= 0.22.1-1),
 libitm1 (= 10-20200222-1),
 liblist-allutils-perl (= 0.15-1),
 liblist-someutils-perl (= 0.58-1),
 liblist-utilsby-perl (= 0.11-1),
 libllvm9 (= 1:9.0.1-8),
 liblsan0 (= 10-20200222-1),
 liblz4-1 (= 1.9.2-2),
 liblzma5 (= 5.2.4-1+b1),
 libmagic-mgc (= 1:5.38-4),
 libmagic1 (= 1:5.38-4),
 libmath-base85-perl (= 0.4+dfsg-1),
 libmath-int128-perl (= 0.22-2+b2),
 libmath-int64-perl (= 0.54-1+b5),
 libmaxmind-db-common-perl (= 0.040001-1),
 libmaxmind-db-reader-perl (= 1.000014-1),
 libmaxminddb-dev (= 1.3.2-1),
 libmaxminddb0 (= 1.3.2-1),
 libmodule-build-perl (= 0.423100-1),
 libmodule-implementation-perl (= 0.09-1),
 libmodule-runtime-conflicts-perl (= 0.003-1),
 libmodule-runtime-perl (= 0.016-1),
 libmoo-perl (= 2.003006-1),
 libmoose-perl (= 2.2012-2),
 libmoox-strictconstructor-perl (= 0.010-2),
 libmount1 (= 2.34-0.1),
 libmpc3 (= 1.1.0-1),
 libmpfr6 (= 4.0.2-1),
 libmpx2 (= 8.3.0-29),
 libmro-compat-perl (= 0.13-1),
 libnamespace-autoclean-perl (= 0.29-1),
 libnamespace-clean-perl (= 0.27-1),
 libncursesw6 (= 6.1+20191019-1),
 libnet-ipv6addr-perl (= 0.96-1),
 libnet-netmask-perl (= 1.9104-1),
 libnet-works-perl (= 0.22-1),
 libnetaddr-ip-perl (= 4.079+dfsg-1+b4),
 libnetwork-ipv4addr-perl (= 0.10.ds-3),
 libobjc-8-dev (= 8.3.0-29),
 libobjc4 (= 10-20200222-1),
 libpackage-deprecationmanager-perl (= 0.17-1),
 libpackage-stash-perl (= 0.38-1),
 libpackage-stash-xs-perl (= 0.29-1+b1),
 libpam-modules (= 1.3.1-5),
 libpam-modules-bin (= 1.3.1-5),
 libpam-runtime (= 1.3.1-5),
 libpam0g (= 1.3.1-5),
 libparams-classify-perl (= 0.015-1+b2),
 libparams-util-perl (= 1.07-3+b5),
 libparams-validationcompiler-perl (= 0.30-1),
 libpath-class-perl (= 0.37-1),
 libpcre2-8-0 (= 10.34-7),
 libpcre3 (= 2:8.39-12+b1),
 libperl5.30 (= 5.30.0-9),
 libpipeline1 (= 1.5.2-2),
 libquadmath0 (= 10-20200222-1),
 librole-tiny-perl (= 2.001004-1),
 libseccomp2 (= 2.4.2-2),
 libselinux1 (= 3.0-1+b1),
 libsigsegv2 (= 2.12-2),
 libsmartcols1 (= 2.34-0.1),
 libsort-naturally-perl (= 1.03-2),
 libspecio-perl (= 0.45-1),
 libstdc++-8-dev (= 8.3.0-29),
 libstdc++-9-dev (= 9.2.1-29),
 libstdc++6 (= 10-20200222-1),
 libstrictures-perl (= 2.000006-1),
 libsub-exporter-perl (= 0.987-1),
 libsub-exporter-progressive-perl (= 0.001013-1),
 libsub-identify-perl (= 0.14-1+b2),
 libsub-install-perl (= 0.928-1),
 libsub-name-perl (= 0.26-1),
 libsub-override-perl (= 0.09-2),
 libsub-quote-perl (= 2.006006-1),
 libsystemd0 (= 244.3-1),
 libtest-fatal-perl (= 0.014-1),
 libtest-number-delta-perl (= 1.06-1),
 libtest-requires-perl (= 0.10-1),
 libtinfo6 (= 6.1+20191019-1),
 libtool (= 2.4.6-13),
 libtry-tiny-perl (= 0.30-1),
 libtsan0 (= 10-20200222-1),
 libubsan1 (= 10-20200222-1),
 libuchardet0 (= 0.0.6-3),
 libudev1 (= 244.3-1),
 libunistring2 (= 0.9.10-2),
 libuuid1 (= 2.34-0.1),
 libvariable-magic-perl (= 0.62-1+b2),
 libxml2 (= 2.9.10+dfsg-3),
 libxstring-perl (= 0.002-2),
 libz3-4 (= 4.8.7-4),
 linux-libc-dev (= 5.4.19-1),
 login (= 1:4.8.1-1),
 lsb-base (= 11.1.0),
 m4 (= 1.4.18-4),
 make (= 4.2.1-1.2),
 man-db (= 2.9.0-2),
 mawk (= 1.3.4.20200120-2),
 ncurses-base (= 6.1+20191019-1),
 ncurses-bin (= 6.1+20191019-1),
 patch (= 2.7.6-6),
 perl (= 5.30.0-9),
 perl-base (= 5.30.0-9),
 perl-modules-5.30 (= 5.30.0-9),
 po-debconf (= 1.0.21),
 sed (= 4.7-1),
 sensible-utils (= 0.0.12+nmu1),
 sysvinit-utils (= 2.96-2.1),
 tar (= 1.30+dfsg-6+b1),
 util-linux (= 2.34-0.1),
 xz-utils (= 5.2.4-1+b1),
 zlib1g (= 1:1.2.11.dfsg-2)
Environment:
 DEB_BUILD_OPTIONS="parallel=4"
 LANG="C.UTF-8"
 LC_ALL="C.UTF-8"
 SOURCE_DATE_EPOCH="1567865914"


+------------------------------------------------------------------------------+
| Package contents                                                             |
+------------------------------------------------------------------------------+


libmaxmind-db-reader-xs-perl-dbgsym_1.000008-1_amd64.deb
--------------------------------------------------------

 new Debian package, version 2.0.
 size 26096 bytes: control archive=548 bytes.
     451 bytes,    12 lines      control              
     106 bytes,     1 lines      md5sums              
 Package: libmaxmind-db-reader-xs-perl-dbgsym
 Source: libmaxmind-db-reader-xs-perl
 Version: 1.000008-1
 Auto-Built-Package: debug-symbols
 Architecture: amd64
 Maintainer: Debian Perl Group <pkg-perl-maintainers@lists.alioth.debian.org>
 Installed-Size: 42
 Depends: libmaxmind-db-reader-xs-perl (= 1.000008-1)
 Section: debug
 Priority: optional
 Description: debug symbols for libmaxmind-db-reader-xs-perl
 Build-Ids: 2cbfd658f148e01ad94bbf5dbef0583188878718

drwxr-xr-x root/root         0 2019-09-07 14:18 ./
drwxr-xr-x root/root         0 2019-09-07 14:18 ./usr/
drwxr-xr-x root/root         0 2019-09-07 14:18 ./usr/lib/
drwxr-xr-x root/root         0 2019-09-07 14:18 ./usr/lib/debug/
drwxr-xr-x root/root         0 2019-09-07 14:18 ./usr/lib/debug/.build-id/
drwxr-xr-x root/root         0 2019-09-07 14:18 ./usr/lib/debug/.build-id/2c/
-rw-r--r-- root/root     31904 2019-09-07 14:18 ./usr/lib/debug/.build-id/2c/bfd658f148e01ad94bbf5dbef0583188878718.debug
drwxr-xr-x root/root         0 2019-09-07 14:18 ./usr/share/
drwxr-xr-x root/root         0 2019-09-07 14:18 ./usr/share/doc/
lrwxrwxrwx root/root         0 2019-09-07 14:18 ./usr/share/doc/libmaxmind-db-reader-xs-perl-dbgsym -> libmaxmind-db-reader-xs-perl


libmaxmind-db-reader-xs-perl_1.000008-1_amd64.deb
-------------------------------------------------

 new Debian package, version 2.0.
 size 28256 bytes: control archive=1068 bytes.
     879 bytes,    15 lines      control              
     843 bytes,     9 lines      md5sums              
 Package: libmaxmind-db-reader-xs-perl
 Version: 1.000008-1
 Architecture: amd64
 Maintainer: Debian Perl Group <pkg-perl-maintainers@lists.alioth.debian.org>
 Installed-Size: 95
 Depends: perl (>= 5.30.0-9), perlapi-5.30.0, libc6 (>= 2.4), libmaxminddb0 (>= 1.0.2), libmath-int128-perl, libmath-int64-perl, libmaxmind-db-common-perl, libmaxmind-db-reader-perl, libmoo-perl, libnamespace-autoclean-perl
 Section: perl
 Priority: optional
 Homepage: https://metacpan.org/release/MaxMind-DB-Reader-XS
 Description: fast XS implementation of the MaxMind DB reader
  MaxMind::DB::Reader::XS is an implementation of the MaxMind::DB::Reader
  API using XS to link against the libmaxminddb library.  This is much
  faster than the Pure Perl implementation: the speedup is typically by a
  factor of 50-100. Simply installing this package is enough to have
  MaxMind::DB::Reader automatically load it.

drwxr-xr-x root/root         0 2019-09-07 14:18 ./
drwxr-xr-x root/root         0 2019-09-07 14:18 ./usr/
drwxr-xr-x root/root         0 2019-09-07 14:18 ./usr/lib/
drwxr-xr-x root/root         0 2019-09-07 14:18 ./usr/lib/x86_64-linux-gnu/
drwxr-xr-x root/root         0 2019-09-07 14:18 ./usr/lib/x86_64-linux-gnu/perl5/
drwxr-xr-x root/root         0 2019-09-07 14:18 ./usr/lib/x86_64-linux-gnu/perl5/5.30/
drwxr-xr-x root/root         0 2019-09-07 14:18 ./usr/lib/x86_64-linux-gnu/perl5/5.30/MaxMind/
drwxr-xr-x root/root         0 2019-09-07 14:18 ./usr/lib/x86_64-linux-gnu/perl5/5.30/MaxMind/DB/
drwxr-xr-x root/root         0 2019-09-07 14:18 ./usr/lib/x86_64-linux-gnu/perl5/5.30/MaxMind/DB/Reader/
-rw-r--r-- root/root      4870 2019-09-07 14:18 ./usr/lib/x86_64-linux-gnu/perl5/5.30/MaxMind/DB/Reader/XS.pm
drwxr-xr-x root/root         0 2019-09-07 14:18 ./usr/lib/x86_64-linux-gnu/perl5/5.30/auto/
drwxr-xr-x root/root         0 2019-09-07 14:18 ./usr/lib/x86_64-linux-gnu/perl5/5.30/auto/MaxMind/
drwxr-xr-x root/root         0 2019-09-07 14:18 ./usr/lib/x86_64-linux-gnu/perl5/5.30/auto/MaxMind/DB/
drwxr-xr-x root/root         0 2019-09-07 14:18 ./usr/lib/x86_64-linux-gnu/perl5/5.30/auto/MaxMind/DB/Reader/
drwxr-xr-x root/root         0 2019-09-07 14:18 ./usr/lib/x86_64-linux-gnu/perl5/5.30/auto/MaxMind/DB/Reader/XS/
-rw-r--r-- root/root         0 2019-09-07 14:18 ./usr/lib/x86_64-linux-gnu/perl5/5.30/auto/MaxMind/DB/Reader/XS/XS.bs
-rw-r--r-- root/root     30624 2019-09-07 14:18 ./usr/lib/x86_64-linux-gnu/perl5/5.30/auto/MaxMind/DB/Reader/XS/XS.so
drwxr-xr-x root/root         0 2019-09-07 14:18 ./usr/share/
drwxr-xr-x root/root         0 2019-09-07 14:18 ./usr/share/doc/
drwxr-xr-x root/root         0 2019-09-07 14:18 ./usr/share/doc/libmaxmind-db-reader-xs-perl/
-rw-r--r-- root/root      1849 2019-06-18 10:47 ./usr/share/doc/libmaxmind-db-reader-xs-perl/CONTRIBUTING.md.gz
-rw-r--r-- root/root       483 2019-06-18 10:47 ./usr/share/doc/libmaxmind-db-reader-xs-perl/README-dev.md
-rw-r--r-- root/root       460 2019-09-07 14:18 ./usr/share/doc/libmaxmind-db-reader-xs-perl/changelog.Debian.gz
-rw-r--r-- root/root       894 2019-06-18 10:47 ./usr/share/doc/libmaxmind-db-reader-xs-perl/changelog.gz
-rw-r--r-- root/root     31455 2019-09-07 14:18 ./usr/share/doc/libmaxmind-db-reader-xs-perl/copyright
drwxr-xr-x root/root         0 2019-09-07 14:18 ./usr/share/man/
drwxr-xr-x root/root         0 2019-09-07 14:18 ./usr/share/man/man3/
-rw-r--r-- root/root      3194 2019-09-07 14:18 ./usr/share/man/man3/MaxMind::DB::Reader::XS.3pm.gz


+------------------------------------------------------------------------------+
| Post Build                                                                   |
+------------------------------------------------------------------------------+


+------------------------------------------------------------------------------+
| Cleanup                                                                      |
+------------------------------------------------------------------------------+

Purging /<<BUILDDIR>>
Not cleaning session: cloned chroot in use

+------------------------------------------------------------------------------+
| Summary                                                                      |
+------------------------------------------------------------------------------+

Build Architecture: amd64
Build Type: binary
Build-Space: 3380
Build-Time: 8
Distribution: unstable
Host Architecture: amd64
Install-Time: 150
Job: libmaxmind-db-reader-xs-perl_1.000008-1
Machine Architecture: amd64
Package: libmaxmind-db-reader-xs-perl
Package-Time: 228
Source-Version: 1.000008-1
Space: 3380
Status: successful
Version: 1.000008-1
--------------------------------------------------------------------------------
Finished at 2020-02-25T07:13:51Z
Build needed 00:03:48, 3380k disk space
DC-Status: OK 251.703939443s
DC-Time-Estimation: 251.703939443 versus expected 37 (r/m: 5.802809174135135 ; m: 37.0)
