DC-Build-Header: libredis-fast-perl 0.22+dfsg-1 / 2020-02-24 23:42:00 +0000
DC-Task: type:rebuild-binarch-only source:libredis-fast-perl version:0.22+dfsg-1 chroot:unstable esttime:177 logfile:/tmp/libredis-fast-perl_0.22+dfsg-1_unstable_clang9.log modes:clang9:binarch-only
DC-Sbuild-call: su user42 -c 'sbuild -n --arch-any --apt-update -d unstable -v --no-run-lintian --chroot-setup-commands=/tmp/clang9 libredis-fast-perl_0.22+dfsg-1'
sbuild (Debian sbuild) 0.78.1 (09 February 2019) on ip-172-31-2-44.eu-central-1.compute.internal

+==============================================================================+
| libredis-fast-perl 0.22+dfsg-1 (amd64)       Mon, 24 Feb 2020 23:42:00 +0000 |
+==============================================================================+

Package: libredis-fast-perl
Version: 0.22+dfsg-1
Source Version: 0.22+dfsg-1
Distribution: unstable
Machine Architecture: amd64
Host Architecture: amd64
Build Architecture: amd64
Build Type: binary

I: NOTICE: Log filtering will replace 'var/run/schroot/mount/sid-amd64-sbuild-d2dd42a6-fa97-4c69-bd32-4913dac0caf2' with '<<CHROOT>>'

+------------------------------------------------------------------------------+
| Chroot Setup Commands                                                        |
+------------------------------------------------------------------------------+


/tmp/clang9
-----------

+ echo 'Entering customization script...'
Entering customization script...
+ CLANG_VERSION=9
+ echo 'Install of clang-9'
Install of clang-9
+ apt-get update
Get:1 http://127.0.0.1:12990/debian sid InRelease [142 kB]
Get:2 http://127.0.0.1:12990/debian sid/main Sources.diff/Index [27.9 kB]
Get:3 http://127.0.0.1:12990/debian sid/main amd64 Packages.diff/Index [27.9 kB]
Get:4 http://127.0.0.1:12990/debian sid/main Sources 2020-02-24-0823.32.pdiff [11.0 kB]
Get:5 http://127.0.0.1:12990/debian sid/main Sources 2020-02-24-1420.34.pdiff [30.2 kB]
Get:6 http://127.0.0.1:12990/debian sid/main Sources 2020-02-24-2014.03.pdiff [16.9 kB]
Get:6 http://127.0.0.1:12990/debian sid/main Sources 2020-02-24-2014.03.pdiff [16.9 kB]
Get:7 http://127.0.0.1:12990/debian sid/main amd64 Packages 2020-02-24-0823.32.pdiff [15.5 kB]
Get:8 http://127.0.0.1:12990/debian sid/main amd64 Packages 2020-02-24-1420.34.pdiff [27.5 kB]
Get:9 http://127.0.0.1:12990/debian sid/main amd64 Packages 2020-02-24-2014.03.pdiff [21.6 kB]
Get:9 http://127.0.0.1:12990/debian sid/main amd64 Packages 2020-02-24-2014.03.pdiff [21.6 kB]
Get:10 http://127.0.0.1:12990/debian sid/main Translation-en [6193 kB]
Fetched 6514 kB in 2s (3348 kB/s)
Reading package lists...
+ apt-get install --yes --no-install-recommends --force-yes clang-9 libomp-9-dev libobjc-9-dev
Reading package lists...
Building dependency tree...
The following additional packages will be installed:
  gcc-8-base lib32gcc-s1 lib32gcc1 lib32stdc++6 libbsd0 libc6-i386
  libclang-common-9-dev libclang-cpp9 libedit2 libgc1c2 libgcc-8-dev libllvm9
  libmpx2 libobjc-8-dev libobjc4 libomp5-9 libstdc++-8-dev libz3-4
Suggested packages:
  clang-9-doc libomp-9-doc libstdc++-8-doc
Recommended packages:
  llvm-9-dev python3
The following NEW packages will be installed:
  clang-9 gcc-8-base lib32gcc-s1 lib32gcc1 lib32stdc++6 libbsd0 libc6-i386
  libclang-common-9-dev libclang-cpp9 libedit2 libgc1c2 libgcc-8-dev libllvm9
  libmpx2 libobjc-8-dev libobjc-9-dev libobjc4 libomp-9-dev libomp5-9
  libstdc++-8-dev libz3-4
0 upgraded, 21 newly installed, 0 to remove and 1 not upgraded.
Need to get 43.9 MB of archives.
After this operation, 237 MB of additional disk space will be used.
Get:1 http://127.0.0.1:12990/debian sid/main amd64 libbsd0 amd64 0.10.0-1 [107 kB]
Get:2 http://127.0.0.1:12990/debian sid/main amd64 libedit2 amd64 3.1-20191231-1 [95.4 kB]
Get:3 http://127.0.0.1:12990/debian sid/main amd64 libz3-4 amd64 4.8.7-4 [6790 kB]
Get:4 http://127.0.0.1:12990/debian sid/main amd64 libllvm9 amd64 1:9.0.1-8 [15.0 MB]
Get:5 http://127.0.0.1:12990/debian sid/main amd64 libclang-cpp9 amd64 1:9.0.1-8 [8429 kB]
Get:6 http://127.0.0.1:12990/debian sid/main amd64 gcc-8-base amd64 8.3.0-29 [194 kB]
Get:7 http://127.0.0.1:12990/debian sid/main amd64 libmpx2 amd64 8.3.0-29 [11.4 kB]
Get:8 http://127.0.0.1:12990/debian sid/main amd64 libgcc-8-dev amd64 8.3.0-29 [2297 kB]
Get:9 http://127.0.0.1:12990/debian sid/main amd64 libstdc++-8-dev amd64 8.3.0-29 [1543 kB]
Get:10 http://127.0.0.1:12990/debian sid/main amd64 libgc1c2 amd64 1:7.6.4-0.4 [224 kB]
Get:11 http://127.0.0.1:12990/debian sid/main amd64 libobjc4 amd64 10-20200222-1 [41.6 kB]
Get:12 http://127.0.0.1:12990/debian sid/main amd64 libobjc-8-dev amd64 8.3.0-29 [227 kB]
Get:13 http://127.0.0.1:12990/debian sid/main amd64 libc6-i386 amd64 2.29-10 [2918 kB]
Get:14 http://127.0.0.1:12990/debian sid/main amd64 lib32gcc-s1 amd64 10-20200222-1 [49.4 kB]
Get:15 http://127.0.0.1:12990/debian sid/main amd64 lib32gcc1 amd64 1:10-20200222-1 [1104 B]
Get:16 http://127.0.0.1:12990/debian sid/main amd64 lib32stdc++6 amd64 10-20200222-1 [510 kB]
Get:17 http://127.0.0.1:12990/debian sid/main amd64 libclang-common-9-dev amd64 1:9.0.1-8 [3727 kB]
Get:18 http://127.0.0.1:12990/debian sid/main amd64 clang-9 amd64 1:9.0.1-8 [1156 kB]
Get:19 http://127.0.0.1:12990/debian sid/main amd64 libobjc-9-dev amd64 9.2.1-29 [219 kB]
Get:20 http://127.0.0.1:12990/debian sid/main amd64 libomp5-9 amd64 1:9.0.1-8 [333 kB]
Get:21 http://127.0.0.1:12990/debian sid/main amd64 libomp-9-dev amd64 1:9.0.1-8 [66.2 kB]
debconf: delaying package configuration, since apt-utils is not installed
Fetched 43.9 MB in 1s (72.9 MB/s)
Selecting previously unselected package libbsd0:amd64.
(Reading database ... (Reading database ... 5%(Reading database ... 10%(Reading database ... 15%(Reading database ... 20%(Reading database ... 25%(Reading database ... 30%(Reading database ... 35%(Reading database ... 40%(Reading database ... 45%(Reading database ... 50%(Reading database ... 55%(Reading database ... 60%(Reading database ... 65%(Reading database ... 70%(Reading database ... 75%(Reading database ... 80%(Reading database ... 85%(Reading database ... 90%(Reading database ... 95%(Reading database ... 100%(Reading database ... 12119 files and directories currently installed.)
Preparing to unpack .../00-libbsd0_0.10.0-1_amd64.deb ...
Unpacking libbsd0:amd64 (0.10.0-1) ...
Selecting previously unselected package libedit2:amd64.
Preparing to unpack .../01-libedit2_3.1-20191231-1_amd64.deb ...
Unpacking libedit2:amd64 (3.1-20191231-1) ...
Selecting previously unselected package libz3-4:amd64.
Preparing to unpack .../02-libz3-4_4.8.7-4_amd64.deb ...
Unpacking libz3-4:amd64 (4.8.7-4) ...
Selecting previously unselected package libllvm9:amd64.
Preparing to unpack .../03-libllvm9_1%3a9.0.1-8_amd64.deb ...
Unpacking libllvm9:amd64 (1:9.0.1-8) ...
Selecting previously unselected package libclang-cpp9.
Preparing to unpack .../04-libclang-cpp9_1%3a9.0.1-8_amd64.deb ...
Unpacking libclang-cpp9 (1:9.0.1-8) ...
Selecting previously unselected package gcc-8-base:amd64.
Preparing to unpack .../05-gcc-8-base_8.3.0-29_amd64.deb ...
Unpacking gcc-8-base:amd64 (8.3.0-29) ...
Selecting previously unselected package libmpx2:amd64.
Preparing to unpack .../06-libmpx2_8.3.0-29_amd64.deb ...
Unpacking libmpx2:amd64 (8.3.0-29) ...
Selecting previously unselected package libgcc-8-dev:amd64.
Preparing to unpack .../07-libgcc-8-dev_8.3.0-29_amd64.deb ...
Unpacking libgcc-8-dev:amd64 (8.3.0-29) ...
Selecting previously unselected package libstdc++-8-dev:amd64.
Preparing to unpack .../08-libstdc++-8-dev_8.3.0-29_amd64.deb ...
Unpacking libstdc++-8-dev:amd64 (8.3.0-29) ...
Selecting previously unselected package libgc1c2:amd64.
Preparing to unpack .../09-libgc1c2_1%3a7.6.4-0.4_amd64.deb ...
Unpacking libgc1c2:amd64 (1:7.6.4-0.4) ...
Selecting previously unselected package libobjc4:amd64.
Preparing to unpack .../10-libobjc4_10-20200222-1_amd64.deb ...
Unpacking libobjc4:amd64 (10-20200222-1) ...
Selecting previously unselected package libobjc-8-dev:amd64.
Preparing to unpack .../11-libobjc-8-dev_8.3.0-29_amd64.deb ...
Unpacking libobjc-8-dev:amd64 (8.3.0-29) ...
Selecting previously unselected package libc6-i386.
Preparing to unpack .../12-libc6-i386_2.29-10_amd64.deb ...
Unpacking libc6-i386 (2.29-10) ...
Selecting previously unselected package lib32gcc-s1.
Preparing to unpack .../13-lib32gcc-s1_10-20200222-1_amd64.deb ...
Unpacking lib32gcc-s1 (10-20200222-1) ...
Selecting previously unselected package lib32gcc1.
Preparing to unpack .../14-lib32gcc1_1%3a10-20200222-1_amd64.deb ...
Unpacking lib32gcc1 (1:10-20200222-1) ...
Selecting previously unselected package lib32stdc++6.
Preparing to unpack .../15-lib32stdc++6_10-20200222-1_amd64.deb ...
Unpacking lib32stdc++6 (10-20200222-1) ...
Selecting previously unselected package libclang-common-9-dev.
Preparing to unpack .../16-libclang-common-9-dev_1%3a9.0.1-8_amd64.deb ...
Unpacking libclang-common-9-dev (1:9.0.1-8) ...
Selecting previously unselected package clang-9.
Preparing to unpack .../17-clang-9_1%3a9.0.1-8_amd64.deb ...
Unpacking clang-9 (1:9.0.1-8) ...
Selecting previously unselected package libobjc-9-dev:amd64.
Preparing to unpack .../18-libobjc-9-dev_9.2.1-29_amd64.deb ...
Unpacking libobjc-9-dev:amd64 (9.2.1-29) ...
Selecting previously unselected package libomp5-9:amd64.
Preparing to unpack .../19-libomp5-9_1%3a9.0.1-8_amd64.deb ...
Unpacking libomp5-9:amd64 (1:9.0.1-8) ...
Selecting previously unselected package libomp-9-dev.
Preparing to unpack .../20-libomp-9-dev_1%3a9.0.1-8_amd64.deb ...
Unpacking libomp-9-dev (1:9.0.1-8) ...
Setting up libgc1c2:amd64 (1:7.6.4-0.4) ...
Setting up libobjc4:amd64 (10-20200222-1) ...
Setting up libz3-4:amd64 (4.8.7-4) ...
Setting up gcc-8-base:amd64 (8.3.0-29) ...
Setting up libobjc-9-dev:amd64 (9.2.1-29) ...
Setting up libmpx2:amd64 (8.3.0-29) ...
Setting up libc6-i386 (2.29-10) ...
Setting up libbsd0:amd64 (0.10.0-1) ...
Setting up libomp5-9:amd64 (1:9.0.1-8) ...
Setting up libedit2:amd64 (3.1-20191231-1) ...
Setting up lib32gcc-s1 (10-20200222-1) ...
Setting up libgcc-8-dev:amd64 (8.3.0-29) ...
Setting up libomp-9-dev (1:9.0.1-8) ...
Setting up libllvm9:amd64 (1:9.0.1-8) ...
Setting up libstdc++-8-dev:amd64 (8.3.0-29) ...
Setting up libclang-cpp9 (1:9.0.1-8) ...
Setting up lib32gcc1 (1:10-20200222-1) ...
Setting up libobjc-8-dev:amd64 (8.3.0-29) ...
Setting up lib32stdc++6 (10-20200222-1) ...
Setting up libclang-common-9-dev (1:9.0.1-8) ...
Setting up clang-9 (1:9.0.1-8) ...
Processing triggers for libc-bin (2.29-10) ...
W: --force-yes is deprecated, use one of the options starting with --allow instead.
+ echo 'Replace gcc, g++ & cpp by clang'
Replace gcc, g++ & cpp by clang
+ VERSIONS='4.6 4.7 4.8 4.9 5 6 7 8 9 10'
+ cd /usr/bin
+ for VERSION in $VERSIONS
+ rm -f g++-4.6 gcc-4.6 cpp-4.6 gcc
+ ln -s clang++-9 g++-4.6
+ ln -s clang-9 gcc-4.6
+ ln -s clang-9 cpp-4.6
+ ln -s clang-9 gcc
+ echo 'gcc-4.6 hold'
+ dpkg --set-selections
dpkg: warning: package not in status nor available database at line 1: gcc-4.6
dpkg: warning: found unknown packages; this might mean the available database
is outdated, and needs to be updated through a frontend method;
please see the FAQ <https://wiki.debian.org/Teams/Dpkg/FAQ>
+ echo 'g++-4.6 hold'
+ dpkg --set-selections
dpkg: warning: package not in status nor available database at line 1: g++-4.6
dpkg: warning: found unknown packages; this might mean the available database
is outdated, and needs to be updated through a frontend method;
please see the FAQ <https://wiki.debian.org/Teams/Dpkg/FAQ>
+ for VERSION in $VERSIONS
+ rm -f g++-4.7 gcc-4.7 cpp-4.7 gcc
+ ln -s clang++-9 g++-4.7
+ ln -s clang-9 gcc-4.7
+ ln -s clang-9 cpp-4.7
+ ln -s clang-9 gcc
+ echo 'gcc-4.7 hold'
+ dpkg --set-selections
dpkg: warning: package not in status nor available database at line 1: gcc-4.7
dpkg: warning: found unknown packages; this might mean the available database
is outdated, and needs to be updated through a frontend method;
please see the FAQ <https://wiki.debian.org/Teams/Dpkg/FAQ>
+ echo 'g++-4.7 hold'
+ dpkg --set-selections
dpkg: warning: package not in status nor available database at line 1: g++-4.7
dpkg: warning: found unknown packages; this might mean the available database
is outdated, and needs to be updated through a frontend method;
please see the FAQ <https://wiki.debian.org/Teams/Dpkg/FAQ>
+ for VERSION in $VERSIONS
+ rm -f g++-4.8 gcc-4.8 cpp-4.8 gcc
+ ln -s clang++-9 g++-4.8
+ ln -s clang-9 gcc-4.8
+ ln -s clang-9 cpp-4.8
+ ln -s clang-9 gcc
+ echo 'gcc-4.8 hold'
+ dpkg --set-selections
dpkg: warning: package not in status nor available database at line 1: gcc-4.8
dpkg: warning: found unknown packages; this might mean the available database
is outdated, and needs to be updated through a frontend method;
please see the FAQ <https://wiki.debian.org/Teams/Dpkg/FAQ>
+ echo 'g++-4.8 hold'
+ dpkg --set-selections
dpkg: warning: package not in status nor available database at line 1: g++-4.8
dpkg: warning: found unknown packages; this might mean the available database
is outdated, and needs to be updated through a frontend method;
please see the FAQ <https://wiki.debian.org/Teams/Dpkg/FAQ>
+ for VERSION in $VERSIONS
+ rm -f g++-4.9 gcc-4.9 cpp-4.9 gcc
+ ln -s clang++-9 g++-4.9
+ ln -s clang-9 gcc-4.9
+ ln -s clang-9 cpp-4.9
+ ln -s clang-9 gcc
+ echo 'gcc-4.9 hold'
+ dpkg --set-selections
dpkg: warning: package not in status nor available database at line 1: gcc-4.9
dpkg: warning: found unknown packages; this might mean the available database
is outdated, and needs to be updated through a frontend method;
please see the FAQ <https://wiki.debian.org/Teams/Dpkg/FAQ>
+ echo 'g++-4.9 hold'
+ dpkg --set-selections
dpkg: warning: package not in status nor available database at line 1: g++-4.9
dpkg: warning: found unknown packages; this might mean the available database
is outdated, and needs to be updated through a frontend method;
please see the FAQ <https://wiki.debian.org/Teams/Dpkg/FAQ>
+ for VERSION in $VERSIONS
+ rm -f g++-5 gcc-5 cpp-5 gcc
+ ln -s clang++-9 g++-5
+ ln -s clang-9 gcc-5
+ ln -s clang-9 cpp-5
+ ln -s clang-9 gcc
+ echo 'gcc-5 hold'
+ dpkg --set-selections
dpkg: warning: package not in status nor available database at line 1: gcc-5
dpkg: warning: found unknown packages; this might mean the available database
is outdated, and needs to be updated through a frontend method;
please see the FAQ <https://wiki.debian.org/Teams/Dpkg/FAQ>
+ echo 'g++-5 hold'
+ dpkg --set-selections
dpkg: warning: package not in status nor available database at line 1: g++-5
dpkg: warning: found unknown packages; this might mean the available database
is outdated, and needs to be updated through a frontend method;
please see the FAQ <https://wiki.debian.org/Teams/Dpkg/FAQ>
+ for VERSION in $VERSIONS
+ rm -f g++-6 gcc-6 cpp-6 gcc
+ ln -s clang++-9 g++-6
+ ln -s clang-9 gcc-6
+ ln -s clang-9 cpp-6
+ ln -s clang-9 gcc
+ echo 'gcc-6 hold'
+ dpkg --set-selections
dpkg: warning: package not in status nor available database at line 1: gcc-6
dpkg: warning: found unknown packages; this might mean the available database
is outdated, and needs to be updated through a frontend method;
please see the FAQ <https://wiki.debian.org/Teams/Dpkg/FAQ>
+ echo 'g++-6 hold'
+ dpkg --set-selections
dpkg: warning: package not in status nor available database at line 1: g++-6
dpkg: warning: found unknown packages; this might mean the available database
is outdated, and needs to be updated through a frontend method;
please see the FAQ <https://wiki.debian.org/Teams/Dpkg/FAQ>
+ for VERSION in $VERSIONS
+ rm -f g++-7 gcc-7 cpp-7 gcc
+ ln -s clang++-9 g++-7
+ ln -s clang-9 gcc-7
+ ln -s clang-9 cpp-7
+ ln -s clang-9 gcc
+ echo 'gcc-7 hold'
+ dpkg --set-selections
dpkg: warning: package not in status nor available database at line 1: gcc-7
dpkg: warning: found unknown packages; this might mean the available database
is outdated, and needs to be updated through a frontend method;
please see the FAQ <https://wiki.debian.org/Teams/Dpkg/FAQ>
+ echo 'g++-7 hold'
+ dpkg --set-selections
dpkg: warning: package not in status nor available database at line 1: g++-7
dpkg: warning: found unknown packages; this might mean the available database
is outdated, and needs to be updated through a frontend method;
please see the FAQ <https://wiki.debian.org/Teams/Dpkg/FAQ>
+ for VERSION in $VERSIONS
+ rm -f g++-8 gcc-8 cpp-8 gcc
+ ln -s clang++-9 g++-8
+ ln -s clang-9 gcc-8
+ ln -s clang-9 cpp-8
+ ln -s clang-9 gcc
+ echo 'gcc-8 hold'
+ dpkg --set-selections
dpkg: warning: package not in status nor available database at line 1: gcc-8
dpkg: warning: found unknown packages; this might mean the available database
is outdated, and needs to be updated through a frontend method;
please see the FAQ <https://wiki.debian.org/Teams/Dpkg/FAQ>
+ echo 'g++-8 hold'
+ dpkg --set-selections
dpkg: warning: package not in status nor available database at line 1: g++-8
dpkg: warning: found unknown packages; this might mean the available database
is outdated, and needs to be updated through a frontend method;
please see the FAQ <https://wiki.debian.org/Teams/Dpkg/FAQ>
+ for VERSION in $VERSIONS
+ rm -f g++-9 gcc-9 cpp-9 gcc
+ ln -s clang++-9 g++-9
+ ln -s clang-9 gcc-9
+ ln -s clang-9 cpp-9
+ ln -s clang-9 gcc
+ echo 'gcc-9 hold'
+ dpkg --set-selections
+ echo 'g++-9 hold'
+ dpkg --set-selections
+ for VERSION in $VERSIONS
+ rm -f g++-10 gcc-10 cpp-10 gcc
+ ln -s clang++-9 g++-10
+ ln -s clang-9 gcc-10
+ ln -s clang-9 cpp-10
+ ln -s clang-9 gcc
+ echo 'gcc-10 hold'
+ dpkg --set-selections
dpkg: warning: package not in status nor available database at line 1: gcc-10
dpkg: warning: found unknown packages; this might mean the available database
is outdated, and needs to be updated through a frontend method;
please see the FAQ <https://wiki.debian.org/Teams/Dpkg/FAQ>
+ echo 'g++-10 hold'
+ dpkg --set-selections
dpkg: warning: package not in status nor available database at line 1: g++-10
dpkg: warning: found unknown packages; this might mean the available database
is outdated, and needs to be updated through a frontend method;
please see the FAQ <https://wiki.debian.org/Teams/Dpkg/FAQ>
+ cd -
/build/libredis-fast-perl-4xeAfD
+ echo 'Check if gcc, g++ & cpp are actually clang'
Check if gcc, g++ & cpp are actually clang
+ gcc --version
+ grep clang
+ cpp --version
+ grep clang
+ g++ --version
+ grep clang

I: Finished running '/tmp/clang9'.

Finished processing commands.
--------------------------------------------------------------------------------
I: NOTICE: Log filtering will replace 'build/libredis-fast-perl-4xeAfD/resolver-Sbifbz' with '<<RESOLVERDIR>>'

+------------------------------------------------------------------------------+
| Update chroot                                                                |
+------------------------------------------------------------------------------+

Hit:1 http://127.0.0.1:12990/debian sid InRelease
Reading package lists...
Reading package lists...
Building dependency tree...
Reading state information...
Calculating upgrade...
The following packages will be upgraded:
  libgmp10
1 upgraded, 0 newly installed, 0 to remove and 0 not upgraded.
Need to get 253 kB of archives.
After this operation, 0 B of additional disk space will be used.
Get:1 http://127.0.0.1:12990/debian sid/main amd64 libgmp10 amd64 2:6.2.0+dfsg-4 [253 kB]
debconf: delaying package configuration, since apt-utils is not installed
Fetched 253 kB in 0s (4787 kB/s)
(Reading database ... (Reading database ... 5%(Reading database ... 10%(Reading database ... 15%(Reading database ... 20%(Reading database ... 25%(Reading database ... 30%(Reading database ... 35%(Reading database ... 40%(Reading database ... 45%(Reading database ... 50%(Reading database ... 55%(Reading database ... 60%(Reading database ... 65%(Reading database ... 70%(Reading database ... 75%(Reading database ... 80%(Reading database ... 85%(Reading database ... 90%(Reading database ... 95%(Reading database ... 100%(Reading database ... 13921 files and directories currently installed.)
Preparing to unpack .../libgmp10_2%3a6.2.0+dfsg-4_amd64.deb ...
Unpacking libgmp10:amd64 (2:6.2.0+dfsg-4) over (2:6.2.0+dfsg-3) ...
Setting up libgmp10:amd64 (2:6.2.0+dfsg-4) ...
Processing triggers for libc-bin (2.29-10) ...

+------------------------------------------------------------------------------+
| Fetch source files                                                           |
+------------------------------------------------------------------------------+


Check APT
---------

Checking available source versions...

Download source files with APT
------------------------------

Reading package lists...
NOTICE: 'libredis-fast-perl' packaging is maintained in the 'Git' version control system at:
https://salsa.debian.org/perl-team/modules/packages/libredis-fast-perl.git
Please use:
git clone https://salsa.debian.org/perl-team/modules/packages/libredis-fast-perl.git
to retrieve the latest (possibly unreleased) updates to the package.
Need to get 56.4 kB of source archives.
Get:1 http://127.0.0.1:12990/debian sid/main libredis-fast-perl 0.22+dfsg-1 (dsc) [2398 B]
Get:2 http://127.0.0.1:12990/debian sid/main libredis-fast-perl 0.22+dfsg-1 (tar) [49.6 kB]
Get:3 http://127.0.0.1:12990/debian sid/main libredis-fast-perl 0.22+dfsg-1 (diff) [4332 B]
Fetched 56.4 kB in 0s (754 kB/s)
Download complete and in download only mode
I: NOTICE: Log filtering will replace 'build/libredis-fast-perl-4xeAfD/libredis-fast-perl-0.22+dfsg' with '<<PKGBUILDDIR>>'
I: NOTICE: Log filtering will replace 'build/libredis-fast-perl-4xeAfD' with '<<BUILDDIR>>'

+------------------------------------------------------------------------------+
| Install package build dependencies                                           |
+------------------------------------------------------------------------------+


Setup apt archive
-----------------

Merged Build-Depends: debhelper (>= 10), libfile-which-perl, libmodule-build-perl, libmodule-build-xsutil-perl, libparallel-forkmanager-perl, libtest-deep-perl, libtest-fatal-perl, libtest-leaktrace-perl, libtest-sharedfork-perl, libtest-tcp-perl, libtest-unixsock-perl, libtry-tiny-perl, perl, redis-server, libhiredis-dev, build-essential, fakeroot
Filtered Build-Depends: debhelper (>= 10), libfile-which-perl, libmodule-build-perl, libmodule-build-xsutil-perl, libparallel-forkmanager-perl, libtest-deep-perl, libtest-fatal-perl, libtest-leaktrace-perl, libtest-sharedfork-perl, libtest-tcp-perl, libtest-unixsock-perl, libtry-tiny-perl, perl, redis-server, libhiredis-dev, build-essential, fakeroot
dpkg-deb: building package 'sbuild-build-depends-main-dummy' in '/<<RESOLVERDIR>>/apt_archive/sbuild-build-depends-main-dummy.deb'.
Ign:1 copy:/<<RESOLVERDIR>>/apt_archive ./ InRelease
Get:2 copy:/<<RESOLVERDIR>>/apt_archive ./ Release [957 B]
Ign:3 copy:/<<RESOLVERDIR>>/apt_archive ./ Release.gpg
Get:4 copy:/<<RESOLVERDIR>>/apt_archive ./ Sources [476 B]
Get:5 copy:/<<RESOLVERDIR>>/apt_archive ./ Packages [557 B]
Fetched 1990 B in 0s (0 B/s)
Reading package lists...
Reading package lists...

Install main build dependencies (apt-based resolver)
----------------------------------------------------

Installing build dependencies
Reading package lists...
Building dependency tree...
Reading state information...
The following additional packages will be installed:
  autoconf automake autopoint autotools-dev bsdmainutils debhelper
  dh-autoreconf dh-strip-nondeterminism dwz file gettext gettext-base
  groff-base intltool-debian libarchive-zip-perl libb-hooks-op-check-perl
  libclass-method-modifiers-perl libcroco3 libdebhelper-perl
  libdevel-callchecker-perl libdevel-checkcompiler-perl
  libdynaloader-functions-perl libelf1 libfile-stripnondeterminism-perl
  libfile-which-perl libglib2.0-0 libhiredis-dev libhiredis0.14 libicu63
  libimport-into-perl libjemalloc2 liblua5.1-0 libmagic-mgc libmagic1
  libmodule-build-perl libmodule-build-xsutil-perl libmodule-runtime-perl
  libmoo-perl libparallel-forkmanager-perl libparams-classify-perl
  libpipeline1 librole-tiny-perl libsigsegv2 libstrictures-perl
  libsub-override-perl libsub-quote-perl libtest-deep-perl libtest-fatal-perl
  libtest-leaktrace-perl libtest-sharedfork-perl libtest-tcp-perl
  libtest-unixsock-perl libtool libtry-tiny-perl libuchardet0 libxml2
  lua-bitop lua-cjson m4 man-db po-debconf redis-server redis-tools
  sensible-utils
Suggested packages:
  autoconf-archive gnu-standards autoconf-doc wamerican | wordlist whois
  vacation dh-make gettext-doc libasprintf-dev libgettextpo-dev groff
  libscalar-number-perl libbareword-filehandles-perl libindirect-perl
  libmultidimensional-perl libtool-doc gfortran | fortran95-compiler gcj-jdk
  m4-doc apparmor less www-browser libmail-box-perl ruby-redis
Recommended packages:
  curl | wget | lynx libarchive-cpio-perl libglib2.0-data shared-mime-info
  xdg-user-dirs libmodule-signature-perl libpod-readme-perl
  libsoftware-license-perl libclass-xsaccessor-perl libsub-name-perl
  libltdl-dev libmail-sendmail-perl
The following NEW packages will be installed:
  autoconf automake autopoint autotools-dev bsdmainutils debhelper
  dh-autoreconf dh-strip-nondeterminism dwz file gettext gettext-base
  groff-base intltool-debian libarchive-zip-perl libb-hooks-op-check-perl
  libclass-method-modifiers-perl libcroco3 libdebhelper-perl
  libdevel-callchecker-perl libdevel-checkcompiler-perl
  libdynaloader-functions-perl libelf1 libfile-stripnondeterminism-perl
  libfile-which-perl libglib2.0-0 libhiredis-dev libhiredis0.14 libicu63
  libimport-into-perl libjemalloc2 liblua5.1-0 libmagic-mgc libmagic1
  libmodule-build-perl libmodule-build-xsutil-perl libmodule-runtime-perl
  libmoo-perl libparallel-forkmanager-perl libparams-classify-perl
  libpipeline1 librole-tiny-perl libsigsegv2 libstrictures-perl
  libsub-override-perl libsub-quote-perl libtest-deep-perl libtest-fatal-perl
  libtest-leaktrace-perl libtest-sharedfork-perl libtest-tcp-perl
  libtest-unixsock-perl libtool libtry-tiny-perl libuchardet0 libxml2
  lua-bitop lua-cjson m4 man-db po-debconf redis-server redis-tools
  sbuild-build-depends-main-dummy sensible-utils
0 upgraded, 65 newly installed, 0 to remove and 0 not upgraded.
Need to get 21.0 MB of archives.
After this operation, 76.5 MB of additional disk space will be used.
Get:1 copy:/<<RESOLVERDIR>>/apt_archive ./ sbuild-build-depends-main-dummy 0.invalid.0 [984 B]
Get:2 http://127.0.0.1:12990/debian sid/main amd64 bsdmainutils amd64 11.1.2+b1 [191 kB]
Get:3 http://127.0.0.1:12990/debian sid/main amd64 libuchardet0 amd64 0.0.6-3 [64.9 kB]
Get:4 http://127.0.0.1:12990/debian sid/main amd64 groff-base amd64 1.22.4-4 [919 kB]
Get:5 http://127.0.0.1:12990/debian sid/main amd64 libpipeline1 amd64 1.5.2-2 [33.9 kB]
Get:6 http://127.0.0.1:12990/debian sid/main amd64 man-db amd64 2.9.0-2 [1307 kB]
Get:7 http://127.0.0.1:12990/debian sid/main amd64 libhiredis0.14 amd64 0.14.0-6 [34.3 kB]
Get:8 http://127.0.0.1:12990/debian sid/main amd64 libjemalloc2 amd64 5.2.1-1 [259 kB]
Get:9 http://127.0.0.1:12990/debian sid/main amd64 liblua5.1-0 amd64 5.1.5-8.1+b3 [109 kB]
Get:10 http://127.0.0.1:12990/debian sid/main amd64 lua-bitop amd64 1.0.2-5 [6936 B]
Get:11 http://127.0.0.1:12990/debian sid/main amd64 lua-cjson amd64 2.1.0+dfsg-2.1 [17.5 kB]
Get:12 http://127.0.0.1:12990/debian sid/main amd64 redis-tools amd64 5:5.0.7-2 [535 kB]
Get:13 http://127.0.0.1:12990/debian sid/main amd64 redis-server amd64 5:5.0.7-2 [86.1 kB]
Get:14 http://127.0.0.1:12990/debian sid/main amd64 sensible-utils all 0.0.12+nmu1 [16.0 kB]
Get:15 http://127.0.0.1:12990/debian sid/main amd64 libmagic-mgc amd64 1:5.38-4 [262 kB]
Get:16 http://127.0.0.1:12990/debian sid/main amd64 libmagic1 amd64 1:5.38-4 [120 kB]
Get:17 http://127.0.0.1:12990/debian sid/main amd64 file amd64 1:5.38-4 [67.9 kB]
Get:18 http://127.0.0.1:12990/debian sid/main amd64 gettext-base amd64 0.19.8.1-10 [123 kB]
Get:19 http://127.0.0.1:12990/debian sid/main amd64 libsigsegv2 amd64 2.12-2 [32.8 kB]
Get:20 http://127.0.0.1:12990/debian sid/main amd64 m4 amd64 1.4.18-4 [203 kB]
Get:21 http://127.0.0.1:12990/debian sid/main amd64 autoconf all 2.69-11.1 [341 kB]
Get:22 http://127.0.0.1:12990/debian sid/main amd64 autotools-dev all 20180224.1 [77.0 kB]
Get:23 http://127.0.0.1:12990/debian sid/main amd64 automake all 1:1.16.1-4 [771 kB]
Get:24 http://127.0.0.1:12990/debian sid/main amd64 autopoint all 0.19.8.1-10 [435 kB]
Get:25 http://127.0.0.1:12990/debian sid/main amd64 libtool all 2.4.6-13 [513 kB]
Get:26 http://127.0.0.1:12990/debian sid/main amd64 dh-autoreconf all 19 [16.9 kB]
Get:27 http://127.0.0.1:12990/debian sid/main amd64 libdebhelper-perl all 12.9 [183 kB]
Get:28 http://127.0.0.1:12990/debian sid/main amd64 libarchive-zip-perl all 1.67-1 [104 kB]
Get:29 http://127.0.0.1:12990/debian sid/main amd64 libsub-override-perl all 0.09-2 [10.2 kB]
Get:30 http://127.0.0.1:12990/debian sid/main amd64 libfile-stripnondeterminism-perl all 1.6.3-2 [23.7 kB]
Get:31 http://127.0.0.1:12990/debian sid/main amd64 dh-strip-nondeterminism all 1.6.3-2 [14.7 kB]
Get:32 http://127.0.0.1:12990/debian sid/main amd64 libelf1 amd64 0.176-1.1 [161 kB]
Get:33 http://127.0.0.1:12990/debian sid/main amd64 dwz amd64 0.13-5 [151 kB]
Get:34 http://127.0.0.1:12990/debian sid/main amd64 libglib2.0-0 amd64 2.62.4-2 [1319 kB]
Get:35 http://127.0.0.1:12990/debian sid/main amd64 libicu63 amd64 63.2-2 [8301 kB]
Get:36 http://127.0.0.1:12990/debian sid/main amd64 libxml2 amd64 2.9.10+dfsg-3 [709 kB]
Get:37 http://127.0.0.1:12990/debian sid/main amd64 libcroco3 amd64 0.6.13-1 [146 kB]
Get:38 http://127.0.0.1:12990/debian sid/main amd64 gettext amd64 0.19.8.1-10 [1303 kB]
Get:39 http://127.0.0.1:12990/debian sid/main amd64 intltool-debian all 0.35.0+20060710.5 [26.8 kB]
Get:40 http://127.0.0.1:12990/debian sid/main amd64 po-debconf all 1.0.21 [248 kB]
Get:41 http://127.0.0.1:12990/debian sid/main amd64 debhelper all 12.9 [994 kB]
Get:42 http://127.0.0.1:12990/debian sid/main amd64 libb-hooks-op-check-perl amd64 0.22-1+b2 [11.3 kB]
Get:43 http://127.0.0.1:12990/debian sid/main amd64 libclass-method-modifiers-perl all 2.13-1 [19.2 kB]
Get:44 http://127.0.0.1:12990/debian sid/main amd64 libdynaloader-functions-perl all 0.003-1 [12.6 kB]
Get:45 http://127.0.0.1:12990/debian sid/main amd64 libdevel-callchecker-perl amd64 0.008-1+b1 [15.9 kB]
Get:46 http://127.0.0.1:12990/debian sid/main amd64 libdevel-checkcompiler-perl all 0.07-1 [9096 B]
Get:47 http://127.0.0.1:12990/debian sid/main amd64 libfile-which-perl all 1.23-1 [16.6 kB]
Get:48 http://127.0.0.1:12990/debian sid/main amd64 libhiredis-dev amd64 0.14.0-6 [54.2 kB]
Get:49 http://127.0.0.1:12990/debian sid/main amd64 libparams-classify-perl amd64 0.015-1+b2 [25.6 kB]
Get:50 http://127.0.0.1:12990/debian sid/main amd64 libmodule-runtime-perl all 0.016-1 [19.4 kB]
Get:51 http://127.0.0.1:12990/debian sid/main amd64 libimport-into-perl all 1.002005-1 [11.6 kB]
Get:52 http://127.0.0.1:12990/debian sid/main amd64 libmodule-build-perl all 0.423100-1 [258 kB]
Get:53 http://127.0.0.1:12990/debian sid/main amd64 libmodule-build-xsutil-perl all 0.19-1 [10.4 kB]
Get:54 http://127.0.0.1:12990/debian sid/main amd64 librole-tiny-perl all 2.001004-1 [20.8 kB]
Get:55 http://127.0.0.1:12990/debian sid/main amd64 libstrictures-perl all 2.000006-1 [18.6 kB]
Get:56 http://127.0.0.1:12990/debian sid/main amd64 libsub-quote-perl all 2.006006-1 [21.0 kB]
Get:57 http://127.0.0.1:12990/debian sid/main amd64 libmoo-perl all 2.003006-1 [58.7 kB]
Get:58 http://127.0.0.1:12990/debian sid/main amd64 libparallel-forkmanager-perl all 2.02-1 [30.4 kB]
Get:59 http://127.0.0.1:12990/debian sid/main amd64 libtest-deep-perl all 1.128-1 [48.8 kB]
Get:60 http://127.0.0.1:12990/debian sid/main amd64 libtry-tiny-perl all 0.30-1 [23.3 kB]
Get:61 http://127.0.0.1:12990/debian sid/main amd64 libtest-fatal-perl all 0.014-1 [11.9 kB]
Get:62 http://127.0.0.1:12990/debian sid/main amd64 libtest-leaktrace-perl amd64 0.16-1+b2 [21.4 kB]
Get:63 http://127.0.0.1:12990/debian sid/main amd64 libtest-sharedfork-perl all 0.35-1 [9374 B]
Get:64 http://127.0.0.1:12990/debian sid/main amd64 libtest-tcp-perl all 2.22-1 [22.7 kB]
Get:65 http://127.0.0.1:12990/debian sid/main amd64 libtest-unixsock-perl all 0.4-1 [8196 B]
debconf: delaying package configuration, since apt-utils is not installed
Fetched 21.0 MB in 0s (62.4 MB/s)
Selecting previously unselected package bsdmainutils.
(Reading database ... 13921 files and directories currently installed.)
Preparing to unpack .../00-bsdmainutils_11.1.2+b1_amd64.deb ...
Unpacking bsdmainutils (11.1.2+b1) ...
Selecting previously unselected package libuchardet0:amd64.
Preparing to unpack .../01-libuchardet0_0.0.6-3_amd64.deb ...
Unpacking libuchardet0:amd64 (0.0.6-3) ...
Selecting previously unselected package groff-base.
Preparing to unpack .../02-groff-base_1.22.4-4_amd64.deb ...
Unpacking groff-base (1.22.4-4) ...
Selecting previously unselected package libpipeline1:amd64.
Preparing to unpack .../03-libpipeline1_1.5.2-2_amd64.deb ...
Unpacking libpipeline1:amd64 (1.5.2-2) ...
Selecting previously unselected package man-db.
Preparing to unpack .../04-man-db_2.9.0-2_amd64.deb ...
Unpacking man-db (2.9.0-2) ...
Selecting previously unselected package libhiredis0.14:amd64.
Preparing to unpack .../05-libhiredis0.14_0.14.0-6_amd64.deb ...
Unpacking libhiredis0.14:amd64 (0.14.0-6) ...
Selecting previously unselected package libjemalloc2:amd64.
Preparing to unpack .../06-libjemalloc2_5.2.1-1_amd64.deb ...
Unpacking libjemalloc2:amd64 (5.2.1-1) ...
Selecting previously unselected package liblua5.1-0:amd64.
Preparing to unpack .../07-liblua5.1-0_5.1.5-8.1+b3_amd64.deb ...
Unpacking liblua5.1-0:amd64 (5.1.5-8.1+b3) ...
Selecting previously unselected package lua-bitop:amd64.
Preparing to unpack .../08-lua-bitop_1.0.2-5_amd64.deb ...
Unpacking lua-bitop:amd64 (1.0.2-5) ...
Selecting previously unselected package lua-cjson:amd64.
Preparing to unpack .../09-lua-cjson_2.1.0+dfsg-2.1_amd64.deb ...
Unpacking lua-cjson:amd64 (2.1.0+dfsg-2.1) ...
Selecting previously unselected package redis-tools.
Preparing to unpack .../10-redis-tools_5%3a5.0.7-2_amd64.deb ...
Unpacking redis-tools (5:5.0.7-2) ...
Selecting previously unselected package redis-server.
Preparing to unpack .../11-redis-server_5%3a5.0.7-2_amd64.deb ...
Unpacking redis-server (5:5.0.7-2) ...
Selecting previously unselected package sensible-utils.
Preparing to unpack .../12-sensible-utils_0.0.12+nmu1_all.deb ...
Unpacking sensible-utils (0.0.12+nmu1) ...
Selecting previously unselected package libmagic-mgc.
Preparing to unpack .../13-libmagic-mgc_1%3a5.38-4_amd64.deb ...
Unpacking libmagic-mgc (1:5.38-4) ...
Selecting previously unselected package libmagic1:amd64.
Preparing to unpack .../14-libmagic1_1%3a5.38-4_amd64.deb ...
Unpacking libmagic1:amd64 (1:5.38-4) ...
Selecting previously unselected package file.
Preparing to unpack .../15-file_1%3a5.38-4_amd64.deb ...
Unpacking file (1:5.38-4) ...
Selecting previously unselected package gettext-base.
Preparing to unpack .../16-gettext-base_0.19.8.1-10_amd64.deb ...
Unpacking gettext-base (0.19.8.1-10) ...
Selecting previously unselected package libsigsegv2:amd64.
Preparing to unpack .../17-libsigsegv2_2.12-2_amd64.deb ...
Unpacking libsigsegv2:amd64 (2.12-2) ...
Selecting previously unselected package m4.
Preparing to unpack .../18-m4_1.4.18-4_amd64.deb ...
Unpacking m4 (1.4.18-4) ...
Selecting previously unselected package autoconf.
Preparing to unpack .../19-autoconf_2.69-11.1_all.deb ...
Unpacking autoconf (2.69-11.1) ...
Selecting previously unselected package autotools-dev.
Preparing to unpack .../20-autotools-dev_20180224.1_all.deb ...
Unpacking autotools-dev (20180224.1) ...
Selecting previously unselected package automake.
Preparing to unpack .../21-automake_1%3a1.16.1-4_all.deb ...
Unpacking automake (1:1.16.1-4) ...
Selecting previously unselected package autopoint.
Preparing to unpack .../22-autopoint_0.19.8.1-10_all.deb ...
Unpacking autopoint (0.19.8.1-10) ...
Selecting previously unselected package libtool.
Preparing to unpack .../23-libtool_2.4.6-13_all.deb ...
Unpacking libtool (2.4.6-13) ...
Selecting previously unselected package dh-autoreconf.
Preparing to unpack .../24-dh-autoreconf_19_all.deb ...
Unpacking dh-autoreconf (19) ...
Selecting previously unselected package libdebhelper-perl.
Preparing to unpack .../25-libdebhelper-perl_12.9_all.deb ...
Unpacking libdebhelper-perl (12.9) ...
Selecting previously unselected package libarchive-zip-perl.
Preparing to unpack .../26-libarchive-zip-perl_1.67-1_all.deb ...
Unpacking libarchive-zip-perl (1.67-1) ...
Selecting previously unselected package libsub-override-perl.
Preparing to unpack .../27-libsub-override-perl_0.09-2_all.deb ...
Unpacking libsub-override-perl (0.09-2) ...
Selecting previously unselected package libfile-stripnondeterminism-perl.
Preparing to unpack .../28-libfile-stripnondeterminism-perl_1.6.3-2_all.deb ...
Unpacking libfile-stripnondeterminism-perl (1.6.3-2) ...
Selecting previously unselected package dh-strip-nondeterminism.
Preparing to unpack .../29-dh-strip-nondeterminism_1.6.3-2_all.deb ...
Unpacking dh-strip-nondeterminism (1.6.3-2) ...
Selecting previously unselected package libelf1:amd64.
Preparing to unpack .../30-libelf1_0.176-1.1_amd64.deb ...
Unpacking libelf1:amd64 (0.176-1.1) ...
Selecting previously unselected package dwz.
Preparing to unpack .../31-dwz_0.13-5_amd64.deb ...
Unpacking dwz (0.13-5) ...
Selecting previously unselected package libglib2.0-0:amd64.
Preparing to unpack .../32-libglib2.0-0_2.62.4-2_amd64.deb ...
Unpacking libglib2.0-0:amd64 (2.62.4-2) ...
Selecting previously unselected package libicu63:amd64.
Preparing to unpack .../33-libicu63_63.2-2_amd64.deb ...
Unpacking libicu63:amd64 (63.2-2) ...
Selecting previously unselected package libxml2:amd64.
Preparing to unpack .../34-libxml2_2.9.10+dfsg-3_amd64.deb ...
Unpacking libxml2:amd64 (2.9.10+dfsg-3) ...
Selecting previously unselected package libcroco3:amd64.
Preparing to unpack .../35-libcroco3_0.6.13-1_amd64.deb ...
Unpacking libcroco3:amd64 (0.6.13-1) ...
Selecting previously unselected package gettext.
Preparing to unpack .../36-gettext_0.19.8.1-10_amd64.deb ...
Unpacking gettext (0.19.8.1-10) ...
Selecting previously unselected package intltool-debian.
Preparing to unpack .../37-intltool-debian_0.35.0+20060710.5_all.deb ...
Unpacking intltool-debian (0.35.0+20060710.5) ...
Selecting previously unselected package po-debconf.
Preparing to unpack .../38-po-debconf_1.0.21_all.deb ...
Unpacking po-debconf (1.0.21) ...
Selecting previously unselected package debhelper.
Preparing to unpack .../39-debhelper_12.9_all.deb ...
Unpacking debhelper (12.9) ...
Selecting previously unselected package libb-hooks-op-check-perl.
Preparing to unpack .../40-libb-hooks-op-check-perl_0.22-1+b2_amd64.deb ...
Unpacking libb-hooks-op-check-perl (0.22-1+b2) ...
Selecting previously unselected package libclass-method-modifiers-perl.
Preparing to unpack .../41-libclass-method-modifiers-perl_2.13-1_all.deb ...
Unpacking libclass-method-modifiers-perl (2.13-1) ...
Selecting previously unselected package libdynaloader-functions-perl.
Preparing to unpack .../42-libdynaloader-functions-perl_0.003-1_all.deb ...
Unpacking libdynaloader-functions-perl (0.003-1) ...
Selecting previously unselected package libdevel-callchecker-perl.
Preparing to unpack .../43-libdevel-callchecker-perl_0.008-1+b1_amd64.deb ...
Unpacking libdevel-callchecker-perl (0.008-1+b1) ...
Selecting previously unselected package libdevel-checkcompiler-perl.
Preparing to unpack .../44-libdevel-checkcompiler-perl_0.07-1_all.deb ...
Unpacking libdevel-checkcompiler-perl (0.07-1) ...
Selecting previously unselected package libfile-which-perl.
Preparing to unpack .../45-libfile-which-perl_1.23-1_all.deb ...
Unpacking libfile-which-perl (1.23-1) ...
Selecting previously unselected package libhiredis-dev:amd64.
Preparing to unpack .../46-libhiredis-dev_0.14.0-6_amd64.deb ...
Unpacking libhiredis-dev:amd64 (0.14.0-6) ...
Selecting previously unselected package libparams-classify-perl.
Preparing to unpack .../47-libparams-classify-perl_0.015-1+b2_amd64.deb ...
Unpacking libparams-classify-perl (0.015-1+b2) ...
Selecting previously unselected package libmodule-runtime-perl.
Preparing to unpack .../48-libmodule-runtime-perl_0.016-1_all.deb ...
Unpacking libmodule-runtime-perl (0.016-1) ...
Selecting previously unselected package libimport-into-perl.
Preparing to unpack .../49-libimport-into-perl_1.002005-1_all.deb ...
Unpacking libimport-into-perl (1.002005-1) ...
Selecting previously unselected package libmodule-build-perl.
Preparing to unpack .../50-libmodule-build-perl_0.423100-1_all.deb ...
Adding 'diversion of /usr/bin/config_data to /usr/bin/config_data.diverted by libmodule-build-perl'
Adding 'diversion of /usr/share/man/man1/config_data.1.gz to /usr/share/man/man1/config_data.diverted.1.gz by libmodule-build-perl'
Unpacking libmodule-build-perl (0.423100-1) ...
Selecting previously unselected package libmodule-build-xsutil-perl.
Preparing to unpack .../51-libmodule-build-xsutil-perl_0.19-1_all.deb ...
Unpacking libmodule-build-xsutil-perl (0.19-1) ...
Selecting previously unselected package librole-tiny-perl.
Preparing to unpack .../52-librole-tiny-perl_2.001004-1_all.deb ...
Unpacking librole-tiny-perl (2.001004-1) ...
Selecting previously unselected package libstrictures-perl.
Preparing to unpack .../53-libstrictures-perl_2.000006-1_all.deb ...
Unpacking libstrictures-perl (2.000006-1) ...
Selecting previously unselected package libsub-quote-perl.
Preparing to unpack .../54-libsub-quote-perl_2.006006-1_all.deb ...
Unpacking libsub-quote-perl (2.006006-1) ...
Selecting previously unselected package libmoo-perl.
Preparing to unpack .../55-libmoo-perl_2.003006-1_all.deb ...
Unpacking libmoo-perl (2.003006-1) ...
Selecting previously unselected package libparallel-forkmanager-perl.
Preparing to unpack .../56-libparallel-forkmanager-perl_2.02-1_all.deb ...
Unpacking libparallel-forkmanager-perl (2.02-1) ...
Selecting previously unselected package libtest-deep-perl.
Preparing to unpack .../57-libtest-deep-perl_1.128-1_all.deb ...
Unpacking libtest-deep-perl (1.128-1) ...
Selecting previously unselected package libtry-tiny-perl.
Preparing to unpack .../58-libtry-tiny-perl_0.30-1_all.deb ...
Unpacking libtry-tiny-perl (0.30-1) ...
Selecting previously unselected package libtest-fatal-perl.
Preparing to unpack .../59-libtest-fatal-perl_0.014-1_all.deb ...
Unpacking libtest-fatal-perl (0.014-1) ...
Selecting previously unselected package libtest-leaktrace-perl.
Preparing to unpack .../60-libtest-leaktrace-perl_0.16-1+b2_amd64.deb ...
Unpacking libtest-leaktrace-perl (0.16-1+b2) ...
Selecting previously unselected package libtest-sharedfork-perl.
Preparing to unpack .../61-libtest-sharedfork-perl_0.35-1_all.deb ...
Unpacking libtest-sharedfork-perl (0.35-1) ...
Selecting previously unselected package libtest-tcp-perl.
Preparing to unpack .../62-libtest-tcp-perl_2.22-1_all.deb ...
Unpacking libtest-tcp-perl (2.22-1) ...
Selecting previously unselected package libtest-unixsock-perl.
Preparing to unpack .../63-libtest-unixsock-perl_0.4-1_all.deb ...
Unpacking libtest-unixsock-perl (0.4-1) ...
Selecting previously unselected package sbuild-build-depends-main-dummy.
Preparing to unpack .../64-sbuild-build-depends-main-dummy_0.invalid.0_amd64.deb ...
Unpacking sbuild-build-depends-main-dummy (0.invalid.0) ...
Setting up libpipeline1:amd64 (1.5.2-2) ...
Setting up libfile-which-perl (1.23-1) ...
Setting up libdynaloader-functions-perl (0.003-1) ...
Setting up libtest-deep-perl (1.128-1) ...
Setting up libclass-method-modifiers-perl (2.13-1) ...
Setting up libmagic-mgc (1:5.38-4) ...
Setting up libarchive-zip-perl (1.67-1) ...
Setting up libglib2.0-0:amd64 (2.62.4-2) ...
No schema files found: doing nothing.
Setting up libdebhelper-perl (12.9) ...
Setting up libtry-tiny-perl (0.30-1) ...
Setting up libmagic1:amd64 (1:5.38-4) ...
Setting up libtest-fatal-perl (0.014-1) ...
Setting up gettext-base (0.19.8.1-10) ...
Setting up file (1:5.38-4) ...
Setting up libjemalloc2:amd64 (5.2.1-1) ...
Setting up libtest-sharedfork-perl (0.35-1) ...
Setting up libicu63:amd64 (63.2-2) ...
Setting up libmodule-build-perl (0.423100-1) ...
Setting up libtest-leaktrace-perl (0.16-1+b2) ...
Setting up autotools-dev (20180224.1) ...
Setting up lua-cjson:amd64 (2.1.0+dfsg-2.1) ...
Setting up libdevel-checkcompiler-perl (0.07-1) ...
Setting up libsigsegv2:amd64 (2.12-2) ...
Setting up bsdmainutils (11.1.2+b1) ...
update-alternatives: using /usr/bin/bsd-write to provide /usr/bin/write (write) in auto mode
update-alternatives: using /usr/bin/bsd-from to provide /usr/bin/from (from) in auto mode
Setting up autopoint (0.19.8.1-10) ...
Setting up libb-hooks-op-check-perl (0.22-1+b2) ...
Setting up lua-bitop:amd64 (1.0.2-5) ...
Setting up sensible-utils (0.0.12+nmu1) ...
Setting up libuchardet0:amd64 (0.0.6-3) ...
Setting up liblua5.1-0:amd64 (5.1.5-8.1+b3) ...
Setting up librole-tiny-perl (2.001004-1) ...
Setting up libsub-override-perl (0.09-2) ...
Setting up libstrictures-perl (2.000006-1) ...
Setting up libsub-quote-perl (2.006006-1) ...
Setting up libelf1:amd64 (0.176-1.1) ...
Setting up libxml2:amd64 (2.9.10+dfsg-3) ...
Setting up libhiredis0.14:amd64 (0.14.0-6) ...
Setting up libfile-stripnondeterminism-perl (1.6.3-2) ...
Setting up libtest-tcp-perl (2.22-1) ...
Setting up libhiredis-dev:amd64 (0.14.0-6) ...
Setting up libtool (2.4.6-13) ...
Setting up m4 (1.4.18-4) ...
Setting up libmodule-build-xsutil-perl (0.19-1) ...
Setting up libdevel-callchecker-perl (0.008-1+b1) ...
Setting up redis-tools (5:5.0.7-2) ...
Setting up libcroco3:amd64 (0.6.13-1) ...
Setting up autoconf (2.69-11.1) ...
Setting up dh-strip-nondeterminism (1.6.3-2) ...
Setting up dwz (0.13-5) ...
Setting up groff-base (1.22.4-4) ...
Setting up libtest-unixsock-perl (0.4-1) ...
Setting up automake (1:1.16.1-4) ...
update-alternatives: using /usr/bin/automake-1.16 to provide /usr/bin/automake (automake) in auto mode
Setting up gettext (0.19.8.1-10) ...
Setting up libparams-classify-perl (0.015-1+b2) ...
Setting up man-db (2.9.0-2) ...
Not building database; man-db/auto-update is not 'true'.
Setting up redis-server (5:5.0.7-2) ...
invoke-rc.d: could not determine current runlevel
All runlevel operations denied by policy
invoke-rc.d: policy-rc.d denied execution of start.
Setting up intltool-debian (0.35.0+20060710.5) ...
Setting up libmodule-runtime-perl (0.016-1) ...
Setting up libimport-into-perl (1.002005-1) ...
Setting up libmoo-perl (2.003006-1) ...
Setting up po-debconf (1.0.21) ...
Setting up libparallel-forkmanager-perl (2.02-1) ...
Setting up dh-autoreconf (19) ...
Setting up debhelper (12.9) ...
Setting up sbuild-build-depends-main-dummy (0.invalid.0) ...
Processing triggers for libc-bin (2.29-10) ...

+------------------------------------------------------------------------------+
| Check architectures                                                          |
+------------------------------------------------------------------------------+

Arch check ok (amd64 included in any)

+------------------------------------------------------------------------------+
| Build environment                                                            |
+------------------------------------------------------------------------------+

Kernel: Linux 4.19.0-6-cloud-amd64 #1 SMP Debian 4.19.67-2+deb10u2 (2019-11-11) amd64 (x86_64)
Toolchain package versions: binutils_2.34-3 dpkg-dev_1.19.7 g++-9_9.2.1-29 gcc-9_9.2.1-29 libc6-dev_2.29-10 libstdc++-8-dev_8.3.0-29 libstdc++-9-dev_9.2.1-29 libstdc++6_10-20200222-1 linux-libc-dev_5.4.19-1
Package versions: adduser_3.118 apt_1.8.4 autoconf_2.69-11.1 automake_1:1.16.1-4 autopoint_0.19.8.1-10 autotools-dev_20180224.1 base-files_11 base-passwd_3.5.47 bash_5.0-5 binutils_2.34-3 binutils-common_2.34-3 binutils-x86-64-linux-gnu_2.34-3 bsdmainutils_11.1.2+b1 bsdutils_1:2.34-0.1 build-essential_12.8 bzip2_1.0.8-2 clang-9_1:9.0.1-8 coreutils_8.30-3+b1 cpp_4:9.2.1-3.1 cpp-9_9.2.1-29 dash_0.5.10.2-6 debconf_1.5.73 debhelper_12.9 debian-archive-keyring_2019.1 debianutils_4.9.1 dh-autoreconf_19 dh-strip-nondeterminism_1.6.3-2 diffutils_1:3.7-3 dpkg_1.19.7 dpkg-dev_1.19.7 dwz_0.13-5 e2fsprogs_1.45.5-2 fakeroot_1.24-1 fdisk_2.34-0.1 file_1:5.38-4 findutils_4.7.0-1 g++_4:9.2.1-3.1 g++-9_9.2.1-29 gcc_4:9.2.1-3.1 gcc-10-base_10-20200222-1 gcc-8-base_8.3.0-29 gcc-9_9.2.1-29 gcc-9-base_9.2.1-29 gettext_0.19.8.1-10 gettext-base_0.19.8.1-10 gpgv_2.2.19-1 grep_3.4-1 groff-base_1.22.4-4 gzip_1.9-3+b1 hostname_3.23 init-system-helpers_1.57 intltool-debian_0.35.0+20060710.5 lib32gcc-s1_10-20200222-1 lib32gcc1_1:10-20200222-1 lib32stdc++6_10-20200222-1 libacl1_2.2.53-5 libapt-pkg5.0_1.8.4 libarchive-zip-perl_1.67-1 libasan5_9.2.1-29 libatomic1_10-20200222-1 libattr1_1:2.4.48-5 libaudit-common_1:2.8.5-2 libaudit1_1:2.8.5-2+b1 libb-hooks-op-check-perl_0.22-1+b2 libbinutils_2.34-3 libblkid1_2.34-0.1 libbsd0_0.10.0-1 libbz2-1.0_1.0.8-2 libc-bin_2.29-10 libc-dev-bin_2.29-10 libc6_2.29-10 libc6-dev_2.29-10 libc6-i386_2.29-10 libcap-ng0_0.7.9-2.1+b1 libcc1-0_10-20200222-1 libclang-common-9-dev_1:9.0.1-8 libclang-cpp9_1:9.0.1-8 libclass-method-modifiers-perl_2.13-1 libcom-err2_1.45.5-2 libcroco3_0.6.13-1 libcrypt-dev_1:4.4.10-10 libcrypt1_1:4.4.10-10 libctf-nobfd0_2.34-3 libctf0_2.34-3 libdb5.3_5.3.28+dfsg1-0.6 libdebconfclient0_0.251 libdebhelper-perl_12.9 libdevel-callchecker-perl_0.008-1+b1 libdevel-checkcompiler-perl_0.07-1 libdpkg-perl_1.19.7 libdynaloader-functions-perl_0.003-1 libedit2_3.1-20191231-1 libelf1_0.176-1.1 libext2fs2_1.45.5-2 libfakeroot_1.24-1 libfdisk1_2.34-0.1 libffi7_3.3-3 libfile-stripnondeterminism-perl_1.6.3-2 libfile-which-perl_1.23-1 libgc1c2_1:7.6.4-0.4 libgcc-8-dev_8.3.0-29 libgcc-9-dev_9.2.1-29 libgcc-s1_10-20200222-1 libgcc1_1:10-20200222-1 libgcrypt20_1.8.5-5 libgdbm-compat4_1.18.1-5 libgdbm6_1.18.1-5 libglib2.0-0_2.62.4-2 libgmp10_2:6.2.0+dfsg-4 libgnutls30_3.6.12-2 libgomp1_10-20200222-1 libgpg-error0_1.37-1 libhiredis-dev_0.14.0-6 libhiredis0.14_0.14.0-6 libhogweed5_3.5.1+really3.5.1-2 libicu63_63.2-2 libidn2-0_2.2.0-2 libimport-into-perl_1.002005-1 libisl22_0.22.1-1 libitm1_10-20200222-1 libjemalloc2_5.2.1-1 libllvm9_1:9.0.1-8 liblsan0_10-20200222-1 liblua5.1-0_5.1.5-8.1+b3 liblz4-1_1.9.2-2 liblzma5_5.2.4-1+b1 libmagic-mgc_1:5.38-4 libmagic1_1:5.38-4 libmodule-build-perl_0.423100-1 libmodule-build-xsutil-perl_0.19-1 libmodule-runtime-perl_0.016-1 libmoo-perl_2.003006-1 libmount1_2.34-0.1 libmpc3_1.1.0-1 libmpfr6_4.0.2-1 libmpx2_8.3.0-29 libncursesw6_6.1+20191019-1 libnettle7_3.5.1+really3.5.1-2 libobjc-8-dev_8.3.0-29 libobjc-9-dev_9.2.1-29 libobjc4_10-20200222-1 libomp-9-dev_1:9.0.1-8 libomp5-9_1:9.0.1-8 libp11-kit0_0.23.20-1 libpam-modules_1.3.1-5 libpam-modules-bin_1.3.1-5 libpam-runtime_1.3.1-5 libpam0g_1.3.1-5 libparallel-forkmanager-perl_2.02-1 libparams-classify-perl_0.015-1+b2 libpcre2-8-0_10.34-7 libpcre3_2:8.39-12+b1 libperl5.30_5.30.0-9 libpipeline1_1.5.2-2 libquadmath0_10-20200222-1 librole-tiny-perl_2.001004-1 libseccomp2_2.4.2-2 libselinux1_3.0-1+b1 libsemanage-common_3.0-1 libsemanage1_3.0-1+b1 libsepol1_3.0-1 libsigsegv2_2.12-2 libsmartcols1_2.34-0.1 libss2_1.45.5-2 libstdc++-8-dev_8.3.0-29 libstdc++-9-dev_9.2.1-29 libstdc++6_10-20200222-1 libstrictures-perl_2.000006-1 libsub-override-perl_0.09-2 libsub-quote-perl_2.006006-1 libsystemd0_244.3-1 libtasn1-6_4.16.0-2 libtest-deep-perl_1.128-1 libtest-fatal-perl_0.014-1 libtest-leaktrace-perl_0.16-1+b2 libtest-sharedfork-perl_0.35-1 libtest-tcp-perl_2.22-1 libtest-unixsock-perl_0.4-1 libtinfo6_6.1+20191019-1 libtool_2.4.6-13 libtry-tiny-perl_0.30-1 libtsan0_10-20200222-1 libubsan1_10-20200222-1 libuchardet0_0.0.6-3 libudev1_244.3-1 libunistring2_0.9.10-2 libuuid1_2.34-0.1 libxml2_2.9.10+dfsg-3 libz3-4_4.8.7-4 libzstd1_1.4.4+dfsg-3 linux-libc-dev_5.4.19-1 login_1:4.8.1-1 logsave_1.45.5-2 lsb-base_11.1.0 lua-bitop_1.0.2-5 lua-cjson_2.1.0+dfsg-2.1 m4_1.4.18-4 make_4.2.1-1.2 man-db_2.9.0-2 mawk_1.3.4.20200120-2 mount_2.34-0.1 ncurses-base_6.1+20191019-1 ncurses-bin_6.1+20191019-1 passwd_1:4.8.1-1 patch_2.7.6-6 perl_5.30.0-9 perl-base_5.30.0-9 perl-modules-5.30_5.30.0-9 po-debconf_1.0.21 redis-server_5:5.0.7-2 redis-tools_5:5.0.7-2 sbuild-build-depends-main-dummy_0.invalid.0 sed_4.7-1 sensible-utils_0.0.12+nmu1 sysvinit-utils_2.96-2.1 tar_1.30+dfsg-6+b1 tzdata_2019c-3 util-linux_2.34-0.1 xz-utils_5.2.4-1+b1 zlib1g_1:1.2.11.dfsg-1.2

+------------------------------------------------------------------------------+
| Build                                                                        |
+------------------------------------------------------------------------------+


Unpack source
-------------

-----BEGIN PGP SIGNED MESSAGE-----
Hash: SHA256

Format: 3.0 (quilt)
Source: libredis-fast-perl
Binary: libredis-fast-perl
Architecture: any
Version: 0.22+dfsg-1
Maintainer: Debian Perl Group <pkg-perl-maintainers@lists.alioth.debian.org>
Uploaders: Marc Haber <mh+debian-packages@zugschlus.de>
Homepage: https://metacpan.org/release/Redis-Fast
Standards-Version: 4.2.0
Vcs-Browser: https://salsa.debian.org/perl-team/modules/packages/libredis-fast-perl
Vcs-Git: https://salsa.debian.org/perl-team/modules/packages/libredis-fast-perl.git
Testsuite: autopkgtest-pkg-perl
Build-Depends: debhelper (>= 10), libfile-which-perl, libmodule-build-perl, libmodule-build-xsutil-perl, libparallel-forkmanager-perl, libtest-deep-perl, libtest-fatal-perl, libtest-leaktrace-perl, libtest-sharedfork-perl, libtest-tcp-perl, libtest-unixsock-perl, libtry-tiny-perl, perl, redis-server, libhiredis-dev
Package-List:
 libredis-fast-perl deb perl optional arch=any
Checksums-Sha1:
 ea7b17009a2608f3141c3a8778f915ec13ec022c 49628 libredis-fast-perl_0.22+dfsg.orig.tar.gz
 15f05ae750a8c651dbbc28cfedab44a1a0c7de71 4332 libredis-fast-perl_0.22+dfsg-1.debian.tar.xz
Checksums-Sha256:
 577e947376e91a51b3fafd1272b49b09bb022e50e3b1ccc8f7c1582bba92750e 49628 libredis-fast-perl_0.22+dfsg.orig.tar.gz
 967f10765c01e3a6b91a1bbe529d847958a91cd95370e9dc1edaa4ce5922acd1 4332 libredis-fast-perl_0.22+dfsg-1.debian.tar.xz
Files:
 bc65150bdc31032d0c8a46f405e10546 49628 libredis-fast-perl_0.22+dfsg.orig.tar.gz
 087749d2eb089e10e10c84eae26073b6 4332 libredis-fast-perl_0.22+dfsg-1.debian.tar.xz

-----BEGIN PGP SIGNATURE-----

iQIzBAEBCAAdFiEE6QL5UJ/L0pcuNEbjj3cgEwEyBEIFAlt2iBgACgkQj3cgEwEy
BEIH+Q/+KWqG8Y8bZ8O1lBJHv8SLA5ImtPkFZJOjiRyMTOC0G8wM9MLHVtTZpRLk
sNdspOUZI7tD2F4ILy5IxNxOdiYjtlTU/sVL8J9SN/WTaNGrFVb7B9XAk0O5MnDO
HNhivgQtwc2gRu1/lacAXMp8OzuC+5dpVQk3B/g6Xairj3SzBeWHD8wFC5hGCFhe
7aufwIvKqV7smXInwlSF1UWH/NjFNS5SCy0cTzSQne/kZ4JCdRO6Wu4UKDVR00II
hkwDuedII4tZDjAvS5ClmXWtfjCF1lppvHqTnYijYMttEQEsj76SBTIAOQ1bNE8N
OgzDi1g65kOxE/a7Xr0caPk4kyVO3jr7bD9G3eyIhkTM0btoDOjFnq0ilm/QbOtW
M+KQkeCVA2/GnFXPbJDdRILzz6V0u9n7V744vM4ykbqYHfKL4fbhDavOBhOO/lTv
OT5rPDaQCawjNi0q+1vXZHvOhyAmPgHrs+vZvJKYC6/KMus35TnEfGkhWf+F+HW9
0quKYcTsrfTMEgEuTH2Ih39mOxk5Py5Qjbknl06PVG/bW68JxwpzlvKDOMSmiIKX
4CwVXthEPZ3tB57bLMjd8L36+DuIn9XPu8edX/TwxjDKYlh9XHAKpCjYHHJr0Qb5
u4ltbnhBRyDAai+g1O6y46fWWlw6q/T7Lj2K18GnmzVzIl2UUy4=
=q62e
-----END PGP SIGNATURE-----

gpgv: unknown type of key resource 'trustedkeys.kbx'
gpgv: keyblock resource '/sbuild-nonexistent/.gnupg/trustedkeys.kbx': General error
gpgv: Signature made Fri Aug 17 08:32:24 2018 UTC
gpgv:                using RSA key E902F9509FCBD2972E3446E38F77201301320442
gpgv: Can't check signature: No public key
dpkg-source: warning: failed to verify signature on ./libredis-fast-perl_0.22+dfsg-1.dsc
dpkg-source: info: extracting libredis-fast-perl in /<<PKGBUILDDIR>>
dpkg-source: info: unpacking libredis-fast-perl_0.22+dfsg.orig.tar.gz
dpkg-source: info: unpacking libredis-fast-perl_0.22+dfsg-1.debian.tar.xz
dpkg-source: info: using patch list from debian/patches/series
dpkg-source: info: applying remove-local-hiredis
dpkg-source: info: applying manpages-whatis

Check disk space
----------------

Sufficient free space for build

User Environment
----------------

APT_CONFIG=/var/lib/sbuild/apt.conf
HOME=/sbuild-nonexistent
LANG=C.UTF-8
LC_ALL=C.UTF-8
LOGNAME=user42
PATH=/usr/local/sbin:/usr/local/bin:/usr/sbin:/usr/bin:/sbin:/bin:/usr/games
SCHROOT_ALIAS_NAME=unstable
SCHROOT_CHROOT_NAME=sid-amd64-sbuild
SCHROOT_COMMAND=env
SCHROOT_GID=1001
SCHROOT_GROUP=user42
SCHROOT_SESSION_ID=sid-amd64-sbuild-d2dd42a6-fa97-4c69-bd32-4913dac0caf2
SCHROOT_UID=1001
SCHROOT_USER=user42
SHELL=/bin/sh
USER=user42

dpkg-buildpackage
-----------------

Command: dpkg-buildpackage -us -uc -b -rfakeroot
dpkg-buildpackage: info: source package libredis-fast-perl
dpkg-buildpackage: info: source version 0.22+dfsg-1
dpkg-buildpackage: info: source distribution unstable
dpkg-buildpackage: info: source changed by Xavier Guimard <x.guimard@free.fr>
 dpkg-source --before-build .
dpkg-buildpackage: info: host architecture amd64
 fakeroot debian/rules clean
dh clean
   dh_clean
 debian/rules build
dh build
   dh_update_autotools_config
   dh_autoreconf
   dh_auto_configure
	perl -I. Build.PL --installdirs vendor --config "optimize=-g -O2 -fdebug-prefix-map=/<<PKGBUILDDIR>>=. -fstack-protector-strong -Wformat -Werror=format-security -Wdate-time -D_FORTIFY_SOURCE=2" --config "ld=x86_64-linux-gnu-gcc -g -O2 -fdebug-prefix-map=/<<PKGBUILDDIR>>=. -fstack-protector-strong -Wformat -Werror=format-security -Wl,-z,relro -Wl,-z,now"
WARNING: the following files are missing in your kit:
	deps/hiredis/adapters/ae.h
	deps/hiredis/adapters/glib.h
	deps/hiredis/adapters/ivykis.h
	deps/hiredis/adapters/libev.h
	deps/hiredis/adapters/libevent.h
	deps/hiredis/adapters/libuv.h
	deps/hiredis/adapters/macosx.h
	deps/hiredis/adapters/qt.h
	deps/hiredis/async.c
	deps/hiredis/async.h
	deps/hiredis/CHANGELOG.md
	deps/hiredis/COPYING
	deps/hiredis/dict.c
	deps/hiredis/dict.h
	deps/hiredis/examples/example-ae.c
	deps/hiredis/examples/example-glib.c
	deps/hiredis/examples/example-ivykis.c
	deps/hiredis/examples/example-libev.c
	deps/hiredis/examples/example-libevent.c
	deps/hiredis/examples/example-libuv.c
	deps/hiredis/examples/example-macosx.c
	deps/hiredis/examples/example-qt.cpp
	deps/hiredis/examples/example-qt.h
	deps/hiredis/examples/example.c
	deps/hiredis/fmacros.h
	deps/hiredis/hiredis.c
	deps/hiredis/hiredis.h
	deps/hiredis/Makefile
	deps/hiredis/net.c
	deps/hiredis/net.h
	deps/hiredis/read.c
	deps/hiredis/read.h
	deps/hiredis/README.md
	deps/hiredis/sds.c
	deps/hiredis/sds.h
	deps/hiredis/test.c
	deps/hiredis/win32.h
Please inform the author.

Created MYMETA.yml and MYMETA.json
Creating new 'Build' script for 'Redis-Fast' version '0.22'
   dh_auto_build
	perl Build
Building Redis-Fast
x86_64-linux-gnu-gcc -Isrc -I/usr/include -I/usr/include/hiredis -Isrc -I/usr/lib/x86_64-linux-gnu/perl/5.30/CORE -DVERSION="0.22" -DXS_VERSION="0.22" -fPIC -Wall -W -Wno-comment -c -D_REENTRANT -D_GNU_SOURCE -DDEBIAN -fwrapv -fno-strict-aliasing -pipe -I/usr/local/include -D_LARGEFILE_SOURCE -D_FILE_OFFSET_BITS=64 -g -O2 -fdebug-prefix-map=/<<PKGBUILDDIR>>=. -fstack-protector-strong -Wformat -Werror=format-security -g -O2 -fdebug-prefix-map=/<<PKGBUILDDIR>>=. -fstack-protector-strong -Wformat -Werror=format-security -Wdate-time -D_FORTIFY_SOURCE=2 -o lib/Redis/Fast.o lib/Redis/Fast.c
ExtUtils::Mkbootstrap::Mkbootstrap('blib/arch/auto/Redis/Fast/Fast.bs')
x86_64-linux-gnu-gcc -g -O2 -fdebug-prefix-map=/<<PKGBUILDDIR>>=. -fstack-protector-strong -Wformat -Werror=format-security -Wl,-z,relro -Wl,-z,now -shared -L/usr/local/lib -fstack-protector-strong -o blib/arch/auto/Redis/Fast/Fast.so lib/Redis/Fast.o -lhiredis
   dh_auto_test
	perl Build test --verbose 1
t/01-basic.t ............... 
ok 1 - Got an unconnected object
ok 2 - ping doesn't work yet
ok 3 - ping works after connection
ok 4 - connected to our test redis-server
ok 5 - ping
ok 6 - set foo => bar
ok 7 - setnx foo => bar fails
ok 8 - get foo = bar
ok 9 - set foo => ""
ok 10 - get foo = ""
ok 11 - set foo => baz
ok 12 - get foo = baz
ok 13 - assume $eur is wide character
ok 14 - accepts only binary data, thus crashes on strings with characters > 255
ok 15 - .. and crashes on syswrite call
ok 16 - .. and does not write actual data
ok 17 - set test-undef
ok 18 - exists undef
ok 19 - set with value size 10000 ok
ok 20 - ... and get was ok to
ok 21 - set with value size 100000 ok
ok 22 - ... and get was ok to
ok 23 - set with value size 500000 ok
ok 24 - ... and get was ok to
ok 25 - set with value size 1000000 ok
ok 26 - ... and get was ok to
ok 27 - set with value size 2500000 ok
ok 28 - ... and get was ok to
ok 29 - exists non-existant
ok 30 - get non-existant
ok 31 - key-next = 0
ok 32 - key-left
ok 33 - mget
ok 34 - set key-0
ok 35 - exists key-0
ok 36 - get key-0
ok 37 - incr
ok 38 - decr
ok 39 - set key-1
ok 40 - exists key-1
ok 41 - get key-1
ok 42 - incr
ok 43 - decr
ok 44 - set key-2
ok 45 - exists key-2
ok 46 - get key-2
ok 47 - incr
ok 48 - decr
ok 49 - set key-3
ok 50 - exists key-3
ok 51 - get key-3
ok 52 - incr
ok 53 - decr
ok 54 - key-next
ok 55 - test-incrby
ok 56 - test-decry
ok 57 - incrby 3
ok 58 - decrby 7
ok 59 - incrby 3
ok 60 - decrby 7
ok 61 - incrby 3
ok 62 - decrby 7
ok 63 - del key-next
ok 64 - del key-left
ok 65 - del non-existing
ok 66 - type
ok 67 - key-*
ok 68 - keys
ok 69 - randomkey
ok 70 - rename
ok 71 - exists test-renamed
ok 72 - rename to existing key
ok 73 - dbsize
ok 74 - Error responses throw exception
ok 75 - rpush
ok 76 - rpush
ok 77 - rpush
ok 78 - lpush
ok 79 - lpush
ok 80 - type
ok 81 - llen
ok 82 - lrange
ok 83 - ltrim
ok 84 - llen after ltrim
ok 85 - lindex
ok 86 - lindex
ok 87 - lset
ok 88 - verified
ok 89 - lrem
ok 90 - llen after lrem
ok 91 - lpop
ok 92 - rpop
ok 93 - sadd
ok 94 - sadd
ok 95 - scard
ok 96 - sismember
ok 97 - type is set
ok 98 - srem
ok 99 - srem again
ok 100 - scard
ok 101 - sinter
ok 102 - sinterstore
ok 103 - cardinality of intersection
ok 104 - sdiff
ok 105 - sdiffstore
ok 106 - cardinality of diff
ok 107 - sunion
ok 108 - sunionstore
ok 109 - cardinality of union
ok 110 - srandmember result is defined
ok 111
ok 112 - spop result is defined
ok 113
ok 114 - new cardinality of union
ok 115 - smembers
ok 116 - repeated smove depleted source
ok 117 - repeated smove populated destination
ok 118 - smembers
ok 119
ok 120
ok 121
ok 122
ok 123
ok 124
ok 125
ok 126
ok 127
ok 128
ok 129
ok 130
ok 131
ok 132
ok 133
ok 134
ok 135
ok 136
ok 137
ok 138
ok 139
ok 140
ok 141
ok 142
ok 143
ok 144
ok 145
ok 146
ok 147
ok 148
ok 149
ok 150
ok 151
ok 152
ok 153
ok 154
ok 155
ok 156
ok 157
ok 158
ok 159
ok 160
ok 161
ok 162
ok 163
ok 164
ok 165
ok 166
ok 167
ok 168
ok 169
ok 170
ok 171
ok 172
ok 173 - select
ok 174 - select
ok 175 - move
ok 176 - gone
ok 177 - select
ok 178 - exists
ok 179 - flushdb
ok 180 - empty
ok 181 - put 1
ok 182 - put 2
ok 183 - put 3
ok 184 - put 4
ok 185 - llen
ok 186 - sort
ok 187 - sort DESC
ok 188 - save
ok 189 - bgsave
ok 190 - lastsave
ok 191 - info
ok 192 - '... yields a hash' isa 'HASH'
ok 193 - ... nonempty
ok 194 - ... with no comments in the keys
ok 195 - ... with no blank lines in the keys
ok 196 - ping() is true
ok 197 - quit
ok 198 - quit again, ok
ok 199 - ... but after quit() returns false
ok 200 - shutdown() once is ok
ok 201 - ... twice also lives, but returns false
ok 202 - ping() will be false after shutdown()
ok 203 - Failed connection throws exception
1..203
ok
t/02-responses.t ........... 
ok 1 - connected to our test redis-server
ok 2 - Error response detected
ok 3 - connected to our test redis-server
ok 4 - Text response ok
ok 5 - connected to our test redis-server
ok 6 - Integer response ok
ok 7 - connected to our test redis-server
ok 8 - Size+payload response ok
ok 9 - connected to our test redis-server
ok 10 - Zero-size+payload response ok
ok 11 - connected to our test redis-server
ok 12 - Negative-size+payload response ok
ok 13 - connected to our test redis-server
ok 14 - Simple multi-bulk response ok
ok 15 - connected to our test redis-server
ok 16 - Nested multi-bulk response ok
ok 17 - connected to our test redis-server
ok 18 - Read a NIL multi-bulk response
ok 19 - connected to our test redis-server
ok 20 - Nested errors must usually throw exceptions
ok 21 - connected to our test redis-server
ok 22 - Nested errors must be collected in collect-errors mode
1..22
ok
    # parent waiting for child 19443...
    # child is ready to test, signal parent to kill our server
    # parent killed pub/sub redis server, signal child to proceed
    # now, check wait_for_messages(), should die...
    # parent waiting for child 22242...
    # CHILD: reconnected (with a 10s timeout)
    # CHILD: is ready to test, signal parent to restart our server
    # PARENT: killed pub/sub redis server, signal child to proceed
    # CHILD: launch wait_for_messages(2), with reconnect...
    # CHILD: reconnected (with a 10s timeout)
    # PARENT: has relaunched the server...
    # CHILD: after 2 sec, nothing yet, retrying
    # CHILD: launch wait_for_messages(2), with reconnect...
    # CHILD: after 2 sec, nothing yet, retrying
    # CHILD: launch wait_for_messages(2), with reconnect...
    # PARENT: waiting for child 22247...
    # CHILD: child received the message
t/03-pubsub.t .............. 
# Subtest: basics
    ok 1 - connected to our test redis-server (pub)
    ok 2 - connected to our test redis-server (sub)
    ok 3 - No subscribers to 'aa' topic
    ok 4 - Delivered to 1 subscriber of topic 'aa'
    ok 5 - subscribing processes pending queued commands
    ok 6 - ... yep, got the expected 1 message
    ok 7 - ... for the expected topic, 'aa'
    ok 8 - Delivered to 1 subscriber of topic 'aa'
    ok 9 - ... yep, got the expected 1 message
    ok 10 - ... for the expected topic, 'aa', with two handlers
    ok 11 - Delivered to 1 subscriber of topic 'aa'
    ok 12 - ... received message while processing psubscribe(), two handlers
    ok 13 - Delivered to 2 subscriber of topic 'aa'
    ok 14 - ... yep, got the expected 2 messages
    ok 15 - ... for the expected subs, 'aa' and 'a*', three handlers total
    ok 16 - Delivered to 1 subscriber of topic 'aaa'
    ok 17 - ... yep, got the expected 1 message
    ok 18 - ... for the expected sub, 'a*'
    ok 19 - Current subscriber has 4 subscriptions active
    ok 20 - ... the publisher has none
    ok 21 - No match to our subscriptions, unsubscribe doesn't change active count
    ok 22 - unsubscribe ok, active count is still 4, another handler is alive
    ok 23 - unsubscribe done, active count is now 3, both handlers are done
    ok 24 - ... yep, got the expected 1 message
    ok 25 - ... for the expected key, 'a*'
    ok 26 - unsubscribe with topic wildcard failed, active count is now 3
    ok 27 - ... yep, got the expected 1 message
    ok 28 - ... for the expected key, 'a*'
    ok 29 - unsubscribe with 'bb' ok, active count is now 2
    ok 30 - punsubscribe with 'a*' ok, active count is now 1
    ok 31 - Publish to 'aa' now gives 0 deliveries
    ok 32 - ... yep, no messages delivered
    ok 33 - ... and an empty messages recorded set
    ok 34 - Still some pending subcriptions active
    ok 35 - .. still an error to try PING while in SUBSCRIBE mode
    ok 36 - .. still an error to try INFO while in SUBSCRIBE mode
    ok 37 - .. still an error to try KEYS while in SUBSCRIBE mode
    ok 38 - .. still an error to try DBSIZE while in SUBSCRIBE mode
    ok 39 - .. still an error to try SHUTDOWN while in SUBSCRIBE mode
    ok 40 - ... but none anymore
    ok 41 - Other commands ok after we leave subscriber_mode
    1..41
ok 1 - basics
# Subtest: zero_topic
    ok 1 - Delivered to 1 subscriber of topic '0'
    ok 2 - ... yep, got the expected 1 message
    ok 3 - ... for the expected topic, '0'
    1..3
ok 2 - zero_topic
# Subtest: wait_for_messages forever
    ok 1 - wait_for_messages wait forever 
    1..1
ok 3 - wait_for_messages forever
# Subtest: server is killed while waiting for subscribe
    ok 1 - connected to our test redis-server (sync parent)
    ok 2 - pub/sub redis server killed
    ok 1 - properly died with EOF
    ok 3 - wait_for_messages() properly detects a server that dies
    1..3
ok 4 - server is killed while waiting for subscribe
# Subtest: server is restarted while waiting for subscribe
    ok 1 - PARENT: connected to our test redis-server (sync parent)
    ok 2 - PARENT: pub/sub redis server killed
    ok 3 - PARENT: published and the child is subscribed
    ok 1 - CHILD: the message is what we want
    ok 4 - PARENT: child has properly quit after wait_for_messages()
    ok 5 - PARENT: pub/sub redis server killed
    1..5
ok 5 - server is restarted while waiting for subscribe
1..5
ok
t/04-pipeline.t ............ 
ok 1 - connected to our test redis-server
ok 2 - single-command pipeline
ok 3 - pipeline with embedded error
ok 4 - keys in pipelined mode
ok 5 - info in pipelined mode
ok 6 - pipeline with multi-bulk reply
ok 7 - large pipeline
# Subtest: synchronous request with pending pipeline
    ok 1 - queue a request
    ok 2 - queue another request
    ok 3 - synchronous request has expected return
    ok 4 - synchronous request processes pending ones
    1..4
ok 8 - synchronous request with pending pipeline
# Subtest: transaction with error and pipeline
    ok 1 - multi started
    ok 2 - queued
    ok 3 - queued
    ok 4 - queued
    ok 5 - set
    ok 6 - bad rpush value should be undef
    ok 7 - bad rpush should give an error
    ok 8 - get should work
    1..8
ok 9 - transaction with error and pipeline
# Subtest: transaction with error and no pipeline
    ok 1 - multi
    ok 2 - transactional SET
    ok 3 - transactional bad RPUSH
    ok 4 - transactional GET
    ok 5 - synchronous EXEC dies for intervening error
    1..5
ok 10 - transaction with error and no pipeline
# Subtest: wait_one_response
    1..0 # SKIP hiredis cannot wait_one_response
ok 11 # skip hiredis cannot wait_one_response
1..11
ok
t/05-nonblock.t ............ skipped: not needed, tested by hiredis
t/06-on-connect.t .......... 
# Subtest: on_connect
    ok 1 - connected to our test redis-server
    ok 2 - ... on_connect code was run
    ok 3 - new connection is up and running
    ok 4 - ... on_connect code was run again
    ok 5 - new connection with reconnect enabled
    ok 6 - ... on_connect code one again perfect
    ok 7 - ... on_connect code works after reconnect also
    1..7
ok 1 - on_connect
1..1
ok
t/07-reconnect-on-error.t .. 
# Subtest: reconnect option is 0: reconnect_on_error is not called
    ok 1 - syntax error
    ok 2 - reconnect_on_error is not called
    ok 3
    ok 4
    ok 5
    ok 6
    ok 7
    ok 8 - reconnect_on_error is not called
    1..8
ok 1 - reconnect option is 0: reconnect_on_error is not called
# Subtest: reconnect option is 1: reconnect_on_error is called once
    ok 1
    ok 2
    ok 3
    ok 4 - syntax error
    ok 5 - reconnect_on_error is called once
    ok 6
    ok 7
    ok 8
    ok 9
    ok 10
    ok 11
    ok 12
    ok 13
    ok 14 - reconnect_on_error is called once
    1..14
ok 2 - reconnect option is 1: reconnect_on_error is called once
# Subtest: reconnect_on_error returns -1: redis ERR doesn't trigger reconnection
    ok 1 - syntax error
    ok 2 - redis ERR doesn't trigger reconnection
    ok 3 - call reconnect_on_error once
    ok 4
    ok 5
    ok 6
    ok 7
    ok 8
    ok 9 - redis ERR doesn't trigger reconnection
    ok 10 - call reconnect_on_error each async call for hset
    1..10
ok 3 - reconnect_on_error returns -1: redis ERR doesn't trigger reconnection
# Subtest: reconnect_on_error returns 0: redis ERR triggers reconnection
    ok 1 - syntax error
    ok 2 - redis ERR triggers reconnection
    ok 3 - call reconnect_on_error once
    ok 4
    ok 5
    ok 6
    ok 7
    ok 8
    ok 9 - redis ERR triggers reconnection
    ok 10 - call reconnect_on_error once
    1..10
ok 4 - reconnect_on_error returns 0: redis ERR triggers reconnection
# Subtest: reconnection will not be triggered until specified seconds elapsed.
    ok 1 - syntax error
    ok 2 - call reconnect_on_error once
    ok 3 - syntax error
    ok 4 - call reconnect_on_error twice
    ok 5 - syntax error
    ok 6 - call reconnect_on_error twice
    ok 7
    ok 8
    ok 9
    ok 10
    ok 11
    ok 12 - call reconnect_on_error once
    ok 13
    ok 14
    ok 15
    ok 16
    ok 17
    ok 18 - call reconnect_on_error twice
    ok 19
    ok 20
    ok 21
    ok 22
    ok 23
    ok 24 - call reconnect_on_error twice
    1..24
ok 5 - reconnection will not be triggered until specified seconds elapsed.
# Subtest: reconnection will be triggered after specified seconds elapsed.
    ok 1 - syntax error
    ok 2 - call reconnect_on_error once
    ok 3 - syntax error
    ok 4 - call reconnect_on_error twice
    ok 5 - syntax error
    ok 6 - call reconnect_on_error twice
    ok 7
    ok 8
    ok 9
    ok 10
    ok 11
    ok 12 - call reconnect_on_error once
    ok 13
    ok 14
    ok 15
    ok 16
    ok 17
    ok 18 - call reconnect_on_error twice
    ok 19
    ok 20
    ok 21
    ok 22
    ok 23
    ok 24 - call reconnect_on_error twice
    1..24
ok 6 - reconnection will be triggered after specified seconds elapsed.
1..6
ok
    # Sleeping 11 seconds, waiting for Redis to timeout...
    # Sleeping 11 seconds, waiting for Redis to timeout...
    # Sleeping 11 seconds, waiting for Redis to timeout...
t/07-reconnect.t ........... 
# Subtest: Command without connection, no reconnect
    ok 1 - connected to our test redis-server
    ok 2 - close connection to the server
    ok 3 - send ping without reconnect
    1..3
ok 1 - Command without connection, no reconnect
# Subtest: Command without connection or timeout, with database change, with reconnect
    ok 1 - connected to our test redis-server
    ok 2 - send command with reconnect
    ok 3 - send command with reconnect
    ok 4 - close connection to the server
    ok 5 - reconnect with read errors before write
    1..5
ok 2 - Command without connection or timeout, with database change, with reconnect
# Subtest: Reconnection discards pending commands
    ok 1 - connected to our test redis-server
    ok 2 - send command with reconnect
    ok 3 - pending command discarded on reconnect
    1..3
ok 3 - Reconnection discards pending commands
# Subtest: INFO commands with extra logic triggers reconnect
    ok 1 - connected to our test redis-server
    ok 2 - close connection to the server
    ok 3 - reconnect on INFO command
    1..3
ok 4 - INFO commands with extra logic triggers reconnect
# Subtest: KEYS commands with extra logic triggers reconnect
    ok 1 - connected to our test redis-server
    ok 2 - delete all keys
    ok 3 - set known key
    ok 4 - close connection to the server
    ok 5 - reconnect on KEYS command
    1..5
ok 5 - KEYS commands with extra logic triggers reconnect
# Subtest: PING commands with extra logic triggers reconnect
    ok 1 - connected to our test redis-server
    ok 2 - reconnect on PING command
    ok 3 - close connection to the server
    ok 4 - QUIT command disables reconnect on PING command
    1..4
ok 6 - PING commands with extra logic triggers reconnect
# Subtest: Bad commands don't trigger reconnect
    ok 1 - connected to our test redis-server
    ok 2 - Bad commands still die
    ok 3 - ... and don't trigger a reconnect
    1..3
ok 7 - Bad commands don't trigger reconnect
# Subtest: Reconnect code clears sockect ASAP
    ok 1 - connected to our test redis-server
    ok 2 - Quit doesn't die if we are already disconnected
    1..2
ok 8 - Reconnect code clears sockect ASAP
# Subtest: Reconnect gives up after timeout
    ok 1 - connected to our test redis-server
    ok 2 - Eventually it gives up and dies
    ok 3 - ... minimum value for the reconnect reached
    1..3
ok 9 - Reconnect gives up after timeout
# Subtest: Reconnect during transaction
    ok 1 - spawn redis on port 38169
    ok 2 - connected to our test redis-server
    ok 3 - start transacion
    ok 4 - set first key
    ok 5 - respawn redis on port 38169
    ok 6 - set second key
    ok 7 - key "reconnect_1" should not exist
    ok 8 - key "reconnect_2" should not exist
    1..8
ok 10 - Reconnect during transaction
# Subtest: exec does not trigger reconnect
    ok 1 - spawn redis on port 46577
    ok 2 - connected to our test redis-server
    ok 3 - start transacion
    ok 4 - set first key
    ok 5 - respawn redis on port 46577
    ok 6 - exec
    ok 7 - key "reconnect_1" should not exist
    1..7
ok 11 - exec does not trigger reconnect
# Subtest: multi should trigger reconnect
    ok 1 - spawn redis on port 37889
    ok 2 - connected to our test redis-server
    ok 3 - respawn redis on port 37889
    ok 4 - start transacion
    ok 5 - set key
    ok 6 - execute transaction
    ok 7 - respawn redis on port 37889
    ok 8 - setting key should not fail
    1..8
ok 12 - multi should trigger reconnect
# Subtest: Reconnect works after WATCH + MULTI + EXEC
    ok 1 - spawn redis on port 37017
    ok 2 - connected to our test redis-server
    ok 3 - set watch key
    ok 4 - start watching key
    ok 5 - start transacion
    ok 6 - set key
    ok 7 - execute transaction
    ok 8 - respawn redis on port 37017
    ok 9 - setting key should not fail
    1..9
ok 13 - Reconnect works after WATCH + MULTI + EXEC
# Subtest: Reconnect works after WATCH + MULTI + DISCARD
    ok 1 - spawn redis on port 38291
    ok 2 - connected to our test redis-server
    ok 3 - set watch key
    ok 4 - start watching key
    ok 5 - start transacion
    ok 6 - set key
    ok 7 - dscard transaction
    ok 8 - respawn redis on port 38291
    ok 9 - setting second key should not fail
    1..9
ok 14 - Reconnect works after WATCH + MULTI + DISCARD
# Subtest: Reconnect behaviour differs from cpan Redis module #73
    ok 1 - spawn redis on port 37605
    ok 2 - connected to our test redis-server
    ok 3 - send command
    ok 4 - Eventually it gives up and dies (first try)
    ok 5 - Eventually it gives up and dies (second try)
    ok 6 - respawn redis on port 37605
    ok 7 - a command works after respawn
    1..7
ok 15 - Reconnect behaviour differs from cpan Redis module \#73
1..15
ok
t/08-unix-socket.t ......... skipped: Define ENV TEST_REDIS_SERVER_SOCK_PATH to test UNIX socket support
t/09-env-redis-server.t .... 
# Subtest: REDIS_SERVER TCP
    ok 1 - Direct IP/Port address on REDIS_SERVER works (127.0.0.1:37781)
    ok 2 - ... connected to the expected server
    ok 3 - Direct IP/Port address (with tcp prefix) on REDIS_SERVER works
    ok 4 - ... connected to the expected server
    1..4
ok 1 - REDIS_SERVER TCP
# Subtest: REDIS_SERVER UNIX
    1..0 # SKIP Define ENV TEST_REDIS_SERVER_SOCK_PATH to test UNIX socket support
ok 2 # skip Define ENV TEST_REDIS_SERVER_SOCK_PATH to test UNIX socket support
1..2
ok
t/10-tie-list.t ............ 
ok 1 - tied to our test redis-server
ok 2 - pinged fine
ok 3 - An object of class 'Redis::Fast::List' isa 'Redis::Fast::List'
# Subtest: direct access
    ok 1 - empty list ok
    ok 2 - Set multiple values ok
    ok 3 - Set single value ok
    ok 4 - get single value ok
    ok 5 - ... even with post/pre-increments
    1..5
ok 4 - direct access
# Subtest: list functions
    ok 1 - shift ok
    ok 2 - ... expected value
    ok 3 - ... resulting list as expected
    ok 4 - push ok
    ok 5 - ... resulting list as expected
    ok 6 - pop ok
    ok 7 - ... expected value
    ok 8 - ... resulting list as expected
    ok 9 - unshift ok
    ok 10 - ... resulting list as expected
    ok 11 - splice ok
    ok 12 - ... resulting list as expected
    ok 13 - ... original list as expected
    1..13
ok 5 - list functions
ok 6 - empty list ok
1..6
ok
t/11-timeout.t ............. 
# Subtest: server replies quickly enough
    ok 1
    ok 2
    1..2
ok 1 - server replies quickly enough
# Subtest: server doesn't replies quickly enough
    ok 1
    ok 2 - the code died as expected
    ok 3
    1..3
ok 2 - server doesn't replies quickly enough
# Subtest: server doesn't respond at connection (cnx_timeout)
    ok 1 # skip This subtest is failing on some platforms
    ok 2 # skip This subtest is failing on some platforms
    ok 3 # skip This subtest is failing on some platforms
    ok 4 # skip This subtest is failing on some platforms
    1..4
ok 3 - server doesn't respond at connection (cnx_timeout)
1..3
ok
t/20-tie-hash.t ............ 
ok 1 - tied to our test redis-server
ok 2 - pinged fine
ok 3 - An object of class 'Redis::Fast::Hash' isa 'Redis::Fast::Hash'
# Subtest: direct access
    ok 1 - empty list ok
    ok 2 - Set multiple values ok
    ok 3 - Set single value ok
    ok 4 - get single value ok
    ok 5 - ... even with post/pre-increments
    1..5
ok 4 - direct access
# Subtest: hash functions
    ok 1 - keys ok
    ok 2 - ... resulting list as expected
    ok 3 - values ok
    ok 4 - ... resulting list as expected
    ok 5 - reverse() worked
    1..5
ok 5 - hash functions
ok 6 - empty list ok
1..6
ok
t/30-scripts.t ............. 
ok 1 - set foo => bar
ok 2 - script exists returns false
ok 3 - script load returns the sha1 of the script
ok 4 - script exists returns true after loading
ok 5 - evalsha returns true with the sha1 of the script
ok 6 - eval returns true
1..6
ok
t/42-client_cmds.t ......... 
# Subtest: client_{set|get}name commands
    ok 1 - connected to our test redis-server
    ok 2 - one client listed
    ok 3 - ... no name set yet
    ok 4 - client_setname() is supported, no errors
    ok 5 - ... client_getname() returns new connection name
    ok 6 - ... no name set yet
    1..6
ok 1 - client_{set|get}name commands
# Subtest: client name via constructor
    ok 1 - connected to our test redis-server, with a name
    ok 2 - ...... name was properly set
    ok 3 - ... with a dynamic name
    ok 4 - ...... name was properly set
    ok 5 - ... with a dynamic name, but returning undef
    ok 6 - ...... name was not set
    ok 7 - Using dynamic name, for generation 1
    ok 8 - ... name was set properly, 'gen-25321-1'
    ok 9 - Using dynamic name, for generation 2
    ok 10 - ... name was set properly, 'gen-25321-2'
    ok 11 - Using dynamic name, for generation 3
    ok 12 - ... name was set properly, 'gen-25321-3'
    1..12
ok 2 - client name via constructor
1..2
ok
t/44-no-unicode-bug.t ...... 
ok 1 - connected to our test redis-server
ok 2 - assume test string are considered identical by perl
ok 3 - same binary strings should point to same keys
1..3
ok
t/50-fork_safe.t ........... 
ok 1
# fork safe
ok 2 - same port on parent
ok 3 - different port on child
ok 4 - 2 clients connected
ok 5
1..5
ok
t/51-leak.t ................ 
ok 1 - Redis::Fast->new (leaks 0 <= 0)
ok 2 - sync get/set (leaks 0 <= 0)
ok 3 - async get/set (leaks 0 <= 0)
ok 4 - sync list operation (leaks 0 <= 0)
ok 5 - async list operation (leaks 0 <= 0)
ok 6 - unsubscribe (leaks 0 <= 0)
ok 7 - sync reconnect_on_error (leaks 0 <= 0)
ok 8 - async reconnect_on_error (leaks 0 <= 0)
1..8
ok
t/53-blpop.t ............... 
ok 1 - blpop is time out while lpop is success
1..1
ok
t/53-blpop_and_timeout.t ... 
ok 1 - does not crash when read_timeout is smaller than BLPOP timeout
1..1
ok
t/53-deep-recursion.t ...... 
ok 1 - first connection is success
ok 2 - second connection is fail
1..2
ok
t/53-fail-to-connect.t ..... 
ok 1 - fail to connect
1..1
ok
t/53-password.t ............ 
# Subtest: no password
    ok 1 - connect is success
    ok 2 - but cannot execute any command except `auth`
    1..2
ok 1 - no password
# Subtest: wrong password
    ok 1 - connect is fail
    1..1
ok 2 - wrong password
# Subtest: correct password
    ok 1 - connect is success
    ok 2 - can exeecute all command
    1..2
ok 3 - correct password
1..3
ok
t/53-signal.t .............. 
ok 1 - connected to our test redis-server
ok 2 - ping
# Subtest: signal
    ok 1 - the signal handler is executed as soon as possible
    ok 2 - the signal does not unblock the Redis command
    1..2
ok 3 - signal
# Subtest: die in signal
    ok 1
    ok 2 - the signal unblocks the Redis command
    1..2
ok 4 - die in signal
1..4
ok
t/53-timeout-length.t ...... 
ok 1 - not too short
1..1
ok
# redis address : 127.0.0.1:46313
# sentinel address: 127.0.0.1:33459
# sentinel2 address: 127.0.0.1:33245
# wait 3 sec for the sentinels and the master to gossip
# shutting down sentinel2
# shutting down sentinel
# shutting down redis
t/60-sentinel.t ............ 
ok 1 - sentinel has proper config of its master
ok 2 - found service mymaster
ok 3 - didn't found service mywrongmaster
ok 4 - Redis client has connected and updated its sentinels
1..4
ok
All tests successful.
Files=26, Tests=321, 140 wallclock secs ( 0.10 usr  0.06 sys +  5.07 cusr  1.10 csys =  6.33 CPU)
Result: PASS
   create-stamp debian/debhelper-build-stamp
 fakeroot debian/rules binary
dh binary
   dh_testroot
   dh_prep
   dh_auto_install
	perl Build install --destdir /<<BUILDDIR>>/libredis-fast-perl-0.22\+dfsg/debian/libredis-fast-perl --create_packlist 0
Building Redis-Fast
Files found in blib/arch: installing files in blib/lib into architecture dependent library tree
Installing /<<PKGBUILDDIR>>/debian/libredis-fast-perl/usr/lib/x86_64-linux-gnu/perl5/5.30/auto/Redis/Fast/Fast.so
Installing /<<PKGBUILDDIR>>/debian/libredis-fast-perl/usr/lib/x86_64-linux-gnu/perl5/5.30/auto/Redis/Fast/Fast.bs
Installing /<<PKGBUILDDIR>>/debian/libredis-fast-perl/usr/lib/x86_64-linux-gnu/perl5/5.30/Redis/Fast.pm
Installing /<<PKGBUILDDIR>>/debian/libredis-fast-perl/usr/lib/x86_64-linux-gnu/perl5/5.30/Redis/Fast/List.pm
Installing /<<PKGBUILDDIR>>/debian/libredis-fast-perl/usr/lib/x86_64-linux-gnu/perl5/5.30/Redis/Fast/Hash.pm
Installing /<<PKGBUILDDIR>>/debian/libredis-fast-perl/usr/lib/x86_64-linux-gnu/perl5/5.30/Redis/Fast/Sentinel.pm
Installing /<<PKGBUILDDIR>>/debian/libredis-fast-perl/usr/share/man/man3/Redis::Fast::Hash.3pm
Installing /<<PKGBUILDDIR>>/debian/libredis-fast-perl/usr/share/man/man3/Redis::Fast.3pm
Installing /<<PKGBUILDDIR>>/debian/libredis-fast-perl/usr/share/man/man3/Redis::Fast::List.3pm
Installing /<<PKGBUILDDIR>>/debian/libredis-fast-perl/usr/share/man/man3/Redis::Fast::Sentinel.3pm
   dh_installdocs
   dh_installchangelogs
   dh_installman
   dh_perl
   dh_link
   dh_strip_nondeterminism
   dh_compress
   dh_fixperms
   dh_missing
   dh_strip
   dh_makeshlibs
   dh_shlibdeps
   dh_installdeb
   dh_gencontrol
   dh_md5sums
   dh_builddeb
dpkg-deb: building package 'libredis-fast-perl' in '../libredis-fast-perl_0.22+dfsg-1_amd64.deb'.
dpkg-deb: building package 'libredis-fast-perl-dbgsym' in '../libredis-fast-perl-dbgsym_0.22+dfsg-1_amd64.deb'.
 dpkg-genbuildinfo --build=binary
 dpkg-genchanges --build=binary >../libredis-fast-perl_0.22+dfsg-1_amd64.changes
dpkg-genchanges: info: binary-only upload (no source code included)
 dpkg-source --after-build .
dpkg-buildpackage: info: binary-only upload (no source included)
--------------------------------------------------------------------------------
Build finished at 2020-02-24T23:44:46Z

Finished
--------

I: Built successfully

+------------------------------------------------------------------------------+
| Changes                                                                      |
+------------------------------------------------------------------------------+


libredis-fast-perl_0.22+dfsg-1_amd64.changes:
---------------------------------------------

Format: 1.8
Date: Thu, 16 Aug 2018 20:58:51 +0200
Source: libredis-fast-perl
Binary: libredis-fast-perl libredis-fast-perl-dbgsym
Architecture: amd64
Version: 0.22+dfsg-1
Distribution: unstable
Urgency: medium
Maintainer: Debian Perl Group <pkg-perl-maintainers@lists.alioth.debian.org>
Changed-By: Xavier Guimard <x.guimard@free.fr>
Description:
 libredis-fast-perl - Perl binding for Redis database
Closes: 904450
Changes:
 libredis-fast-perl (0.22+dfsg-1) unstable; urgency=medium
 .
   * Team upload
   * Add copyright years
   * Declare compliance with policy 4.2.0
   * Remove unnecessary version dependency for libmodule-build-perl and
     libmodule-build-xsutil-perl
   * Fix git URL in metadata
   * Add hardening flags
   * Lintian override: ignore hires examples
   * Add redis-server in build dependencies
   * Clean build log files
   * Add redis-server in suggested dependencies
   * Add empty debian/tests/pkg-perl/syntax-skip to enable all tests during
     autopkgtest
   * Repack source without hiredis copy (deps directory) (Closes: #904450)
     and add README.source, keep deps directory mentioned in d/copyright
   * Import upstream version 0.22
Checksums-Sha1:
 6e38f9b5239fcde39bec4f320e4e35f4d1b28881 40160 libredis-fast-perl-dbgsym_0.22+dfsg-1_amd64.deb
 1a7f98e4b36b1bab70192650b0980afea0ca8138 6487 libredis-fast-perl_0.22+dfsg-1_amd64.buildinfo
 ed90168d84d1460ae13d5ffc272a74e6a35c353a 39220 libredis-fast-perl_0.22+dfsg-1_amd64.deb
Checksums-Sha256:
 31202073f6811c8b5d9ef35fd04787bbbc7bf2a3940ad96cd7b978b2a0f55e8f 40160 libredis-fast-perl-dbgsym_0.22+dfsg-1_amd64.deb
 c8d147d398762b882ac239025e5d8fc82da57e1a65422126bd8a81bf92dc484f 6487 libredis-fast-perl_0.22+dfsg-1_amd64.buildinfo
 51aeef5a2b543ebdc7855602c11a62ced6a9fc13195a192c917fd29355554499 39220 libredis-fast-perl_0.22+dfsg-1_amd64.deb
Files:
 9d2ca05c1a7fa0de4641d52030995c59 40160 debug optional libredis-fast-perl-dbgsym_0.22+dfsg-1_amd64.deb
 b1bf5573d83bccf71fc2b66ec19e26a8 6487 perl optional libredis-fast-perl_0.22+dfsg-1_amd64.buildinfo
 e4b1c42a127dec6c1e6763a143309dbf 39220 perl optional libredis-fast-perl_0.22+dfsg-1_amd64.deb

+------------------------------------------------------------------------------+
| Buildinfo                                                                    |
+------------------------------------------------------------------------------+

Format: 1.0
Source: libredis-fast-perl
Binary: libredis-fast-perl
Architecture: amd64
Version: 0.22+dfsg-1
Checksums-Md5:
 9d2ca05c1a7fa0de4641d52030995c59 40160 libredis-fast-perl-dbgsym_0.22+dfsg-1_amd64.deb
 e4b1c42a127dec6c1e6763a143309dbf 39220 libredis-fast-perl_0.22+dfsg-1_amd64.deb
Checksums-Sha1:
 6e38f9b5239fcde39bec4f320e4e35f4d1b28881 40160 libredis-fast-perl-dbgsym_0.22+dfsg-1_amd64.deb
 ed90168d84d1460ae13d5ffc272a74e6a35c353a 39220 libredis-fast-perl_0.22+dfsg-1_amd64.deb
Checksums-Sha256:
 31202073f6811c8b5d9ef35fd04787bbbc7bf2a3940ad96cd7b978b2a0f55e8f 40160 libredis-fast-perl-dbgsym_0.22+dfsg-1_amd64.deb
 51aeef5a2b543ebdc7855602c11a62ced6a9fc13195a192c917fd29355554499 39220 libredis-fast-perl_0.22+dfsg-1_amd64.deb
Build-Origin: Debian
Build-Architecture: amd64
Build-Date: Mon, 24 Feb 2020 23:44:46 +0000
Build-Path: /<<PKGBUILDDIR>>
Installed-Build-Depends:
 adduser (= 3.118),
 autoconf (= 2.69-11.1),
 automake (= 1:1.16.1-4),
 autopoint (= 0.19.8.1-10),
 autotools-dev (= 20180224.1),
 base-files (= 11),
 base-passwd (= 3.5.47),
 bash (= 5.0-5),
 binutils (= 2.34-3),
 binutils-common (= 2.34-3),
 binutils-x86-64-linux-gnu (= 2.34-3),
 bsdmainutils (= 11.1.2+b1),
 bsdutils (= 1:2.34-0.1),
 build-essential (= 12.8),
 bzip2 (= 1.0.8-2),
 clang-9 (= 1:9.0.1-8),
 coreutils (= 8.30-3+b1),
 cpp (= 4:9.2.1-3.1),
 cpp-9 (= 9.2.1-29),
 dash (= 0.5.10.2-6),
 debconf (= 1.5.73),
 debhelper (= 12.9),
 debianutils (= 4.9.1),
 dh-autoreconf (= 19),
 dh-strip-nondeterminism (= 1.6.3-2),
 diffutils (= 1:3.7-3),
 dpkg (= 1.19.7),
 dpkg-dev (= 1.19.7),
 dwz (= 0.13-5),
 fdisk (= 2.34-0.1),
 file (= 1:5.38-4),
 findutils (= 4.7.0-1),
 g++ (= 4:9.2.1-3.1),
 g++-9 (= 9.2.1-29),
 gcc (= 4:9.2.1-3.1),
 gcc-10-base (= 10-20200222-1),
 gcc-8-base (= 8.3.0-29),
 gcc-9 (= 9.2.1-29),
 gcc-9-base (= 9.2.1-29),
 gettext (= 0.19.8.1-10),
 gettext-base (= 0.19.8.1-10),
 grep (= 3.4-1),
 groff-base (= 1.22.4-4),
 gzip (= 1.9-3+b1),
 hostname (= 3.23),
 init-system-helpers (= 1.57),
 intltool-debian (= 0.35.0+20060710.5),
 lib32gcc-s1 (= 10-20200222-1),
 lib32gcc1 (= 1:10-20200222-1),
 lib32stdc++6 (= 10-20200222-1),
 libacl1 (= 2.2.53-5),
 libarchive-zip-perl (= 1.67-1),
 libasan5 (= 9.2.1-29),
 libatomic1 (= 10-20200222-1),
 libattr1 (= 1:2.4.48-5),
 libaudit-common (= 1:2.8.5-2),
 libaudit1 (= 1:2.8.5-2+b1),
 libb-hooks-op-check-perl (= 0.22-1+b2),
 libbinutils (= 2.34-3),
 libblkid1 (= 2.34-0.1),
 libbsd0 (= 0.10.0-1),
 libbz2-1.0 (= 1.0.8-2),
 libc-bin (= 2.29-10),
 libc-dev-bin (= 2.29-10),
 libc6 (= 2.29-10),
 libc6-dev (= 2.29-10),
 libc6-i386 (= 2.29-10),
 libcap-ng0 (= 0.7.9-2.1+b1),
 libcc1-0 (= 10-20200222-1),
 libclang-common-9-dev (= 1:9.0.1-8),
 libclang-cpp9 (= 1:9.0.1-8),
 libclass-method-modifiers-perl (= 2.13-1),
 libcroco3 (= 0.6.13-1),
 libcrypt-dev (= 1:4.4.10-10),
 libcrypt1 (= 1:4.4.10-10),
 libctf-nobfd0 (= 2.34-3),
 libctf0 (= 2.34-3),
 libdb5.3 (= 5.3.28+dfsg1-0.6),
 libdebconfclient0 (= 0.251),
 libdebhelper-perl (= 12.9),
 libdevel-callchecker-perl (= 0.008-1+b1),
 libdevel-checkcompiler-perl (= 0.07-1),
 libdpkg-perl (= 1.19.7),
 libdynaloader-functions-perl (= 0.003-1),
 libedit2 (= 3.1-20191231-1),
 libelf1 (= 0.176-1.1),
 libfdisk1 (= 2.34-0.1),
 libffi7 (= 3.3-3),
 libfile-stripnondeterminism-perl (= 1.6.3-2),
 libfile-which-perl (= 1.23-1),
 libgc1c2 (= 1:7.6.4-0.4),
 libgcc-8-dev (= 8.3.0-29),
 libgcc-9-dev (= 9.2.1-29),
 libgcc-s1 (= 10-20200222-1),
 libgcc1 (= 1:10-20200222-1),
 libgcrypt20 (= 1.8.5-5),
 libgdbm-compat4 (= 1.18.1-5),
 libgdbm6 (= 1.18.1-5),
 libglib2.0-0 (= 2.62.4-2),
 libgmp10 (= 2:6.2.0+dfsg-4),
 libgomp1 (= 10-20200222-1),
 libgpg-error0 (= 1.37-1),
 libhiredis-dev (= 0.14.0-6),
 libhiredis0.14 (= 0.14.0-6),
 libicu63 (= 63.2-2),
 libimport-into-perl (= 1.002005-1),
 libisl22 (= 0.22.1-1),
 libitm1 (= 10-20200222-1),
 libjemalloc2 (= 5.2.1-1),
 libllvm9 (= 1:9.0.1-8),
 liblsan0 (= 10-20200222-1),
 liblua5.1-0 (= 5.1.5-8.1+b3),
 liblz4-1 (= 1.9.2-2),
 liblzma5 (= 5.2.4-1+b1),
 libmagic-mgc (= 1:5.38-4),
 libmagic1 (= 1:5.38-4),
 libmodule-build-perl (= 0.423100-1),
 libmodule-build-xsutil-perl (= 0.19-1),
 libmodule-runtime-perl (= 0.016-1),
 libmoo-perl (= 2.003006-1),
 libmount1 (= 2.34-0.1),
 libmpc3 (= 1.1.0-1),
 libmpfr6 (= 4.0.2-1),
 libmpx2 (= 8.3.0-29),
 libncursesw6 (= 6.1+20191019-1),
 libobjc-8-dev (= 8.3.0-29),
 libobjc4 (= 10-20200222-1),
 libpam-modules (= 1.3.1-5),
 libpam-modules-bin (= 1.3.1-5),
 libpam-runtime (= 1.3.1-5),
 libpam0g (= 1.3.1-5),
 libparallel-forkmanager-perl (= 2.02-1),
 libparams-classify-perl (= 0.015-1+b2),
 libpcre2-8-0 (= 10.34-7),
 libpcre3 (= 2:8.39-12+b1),
 libperl5.30 (= 5.30.0-9),
 libpipeline1 (= 1.5.2-2),
 libquadmath0 (= 10-20200222-1),
 librole-tiny-perl (= 2.001004-1),
 libseccomp2 (= 2.4.2-2),
 libselinux1 (= 3.0-1+b1),
 libsemanage-common (= 3.0-1),
 libsemanage1 (= 3.0-1+b1),
 libsepol1 (= 3.0-1),
 libsigsegv2 (= 2.12-2),
 libsmartcols1 (= 2.34-0.1),
 libstdc++-8-dev (= 8.3.0-29),
 libstdc++-9-dev (= 9.2.1-29),
 libstdc++6 (= 10-20200222-1),
 libstrictures-perl (= 2.000006-1),
 libsub-override-perl (= 0.09-2),
 libsub-quote-perl (= 2.006006-1),
 libsystemd0 (= 244.3-1),
 libtest-deep-perl (= 1.128-1),
 libtest-fatal-perl (= 0.014-1),
 libtest-leaktrace-perl (= 0.16-1+b2),
 libtest-sharedfork-perl (= 0.35-1),
 libtest-tcp-perl (= 2.22-1),
 libtest-unixsock-perl (= 0.4-1),
 libtinfo6 (= 6.1+20191019-1),
 libtool (= 2.4.6-13),
 libtry-tiny-perl (= 0.30-1),
 libtsan0 (= 10-20200222-1),
 libubsan1 (= 10-20200222-1),
 libuchardet0 (= 0.0.6-3),
 libudev1 (= 244.3-1),
 libunistring2 (= 0.9.10-2),
 libuuid1 (= 2.34-0.1),
 libxml2 (= 2.9.10+dfsg-3),
 libz3-4 (= 4.8.7-4),
 linux-libc-dev (= 5.4.19-1),
 login (= 1:4.8.1-1),
 lsb-base (= 11.1.0),
 lua-bitop (= 1.0.2-5),
 lua-cjson (= 2.1.0+dfsg-2.1),
 m4 (= 1.4.18-4),
 make (= 4.2.1-1.2),
 man-db (= 2.9.0-2),
 mawk (= 1.3.4.20200120-2),
 ncurses-base (= 6.1+20191019-1),
 ncurses-bin (= 6.1+20191019-1),
 passwd (= 1:4.8.1-1),
 patch (= 2.7.6-6),
 perl (= 5.30.0-9),
 perl-base (= 5.30.0-9),
 perl-modules-5.30 (= 5.30.0-9),
 po-debconf (= 1.0.21),
 redis-server (= 5:5.0.7-2),
 redis-tools (= 5:5.0.7-2),
 sed (= 4.7-1),
 sensible-utils (= 0.0.12+nmu1),
 sysvinit-utils (= 2.96-2.1),
 tar (= 1.30+dfsg-6+b1),
 util-linux (= 2.34-0.1),
 xz-utils (= 5.2.4-1+b1),
 zlib1g (= 1:1.2.11.dfsg-1.2)
Environment:
 DEB_BUILD_OPTIONS="parallel=4"
 LANG="C.UTF-8"
 LC_ALL="C.UTF-8"
 SOURCE_DATE_EPOCH="1534445931"


+------------------------------------------------------------------------------+
| Package contents                                                             |
+------------------------------------------------------------------------------+


libredis-fast-perl-dbgsym_0.22+dfsg-1_amd64.deb
-----------------------------------------------

 new Debian package, version 2.0.
 size 40160 bytes: control archive=544 bytes.
     413 bytes,    12 lines      control              
     106 bytes,     1 lines      md5sums              
 Package: libredis-fast-perl-dbgsym
 Source: libredis-fast-perl
 Version: 0.22+dfsg-1
 Auto-Built-Package: debug-symbols
 Architecture: amd64
 Maintainer: Debian Perl Group <pkg-perl-maintainers@lists.alioth.debian.org>
 Installed-Size: 56
 Depends: libredis-fast-perl (= 0.22+dfsg-1)
 Section: debug
 Priority: optional
 Description: debug symbols for libredis-fast-perl
 Build-Ids: e1c592a2451d682e6c873c48bba072d428742522

drwxr-xr-x root/root         0 2018-08-16 18:58 ./
drwxr-xr-x root/root         0 2018-08-16 18:58 ./usr/
drwxr-xr-x root/root         0 2018-08-16 18:58 ./usr/lib/
drwxr-xr-x root/root         0 2018-08-16 18:58 ./usr/lib/debug/
drwxr-xr-x root/root         0 2018-08-16 18:58 ./usr/lib/debug/.build-id/
drwxr-xr-x root/root         0 2018-08-16 18:58 ./usr/lib/debug/.build-id/e1/
-rw-r--r-- root/root     47072 2018-08-16 18:58 ./usr/lib/debug/.build-id/e1/c592a2451d682e6c873c48bba072d428742522.debug
drwxr-xr-x root/root         0 2018-08-16 18:58 ./usr/share/
drwxr-xr-x root/root         0 2018-08-16 18:58 ./usr/share/doc/
lrwxrwxrwx root/root         0 2018-08-16 18:58 ./usr/share/doc/libredis-fast-perl-dbgsym -> libredis-fast-perl


libredis-fast-perl_0.22+dfsg-1_amd64.deb
----------------------------------------

 new Debian package, version 2.0.
 size 39220 bytes: control archive=1132 bytes.
     649 bytes,    16 lines      control              
    1178 bytes,    14 lines      md5sums              
 Package: libredis-fast-perl
 Version: 0.22+dfsg-1
 Architecture: amd64
 Maintainer: Debian Perl Group <pkg-perl-maintainers@lists.alioth.debian.org>
 Installed-Size: 119
 Depends: perl (>= 5.30.0-9), perlapi-5.30.0, libc6 (>= 2.4), libhiredis0.14 (>= 0.14.0), libtry-tiny-perl
 Suggests: redis-server
 Section: perl
 Priority: optional
 Homepage: https://metacpan.org/release/Redis-Fast
 Description: Perl binding for Redis database
  Redis::Fast is a wrapper around Salvatore Sanfilippo's hiredis C client.
  It is compatible with Redis.pm.
  .
  This version supports protocol 2.x (multi-bulk) or later of Redis
  available at https://github.com/antirez/redis/.

drwxr-xr-x root/root         0 2018-08-16 18:58 ./
drwxr-xr-x root/root         0 2018-08-16 18:58 ./usr/
drwxr-xr-x root/root         0 2018-08-16 18:58 ./usr/lib/
drwxr-xr-x root/root         0 2018-08-16 18:58 ./usr/lib/x86_64-linux-gnu/
drwxr-xr-x root/root         0 2018-08-16 18:58 ./usr/lib/x86_64-linux-gnu/perl5/
drwxr-xr-x root/root         0 2018-08-16 18:58 ./usr/lib/x86_64-linux-gnu/perl5/5.30/
drwxr-xr-x root/root         0 2018-08-16 18:58 ./usr/lib/x86_64-linux-gnu/perl5/5.30/Redis/
-rw-r--r-- root/root     21835 2018-08-16 18:58 ./usr/lib/x86_64-linux-gnu/perl5/5.30/Redis/Fast.pm
drwxr-xr-x root/root         0 2018-08-16 18:58 ./usr/lib/x86_64-linux-gnu/perl5/5.30/Redis/Fast/
-rw-r--r-- root/root      2162 2018-08-16 18:58 ./usr/lib/x86_64-linux-gnu/perl5/5.30/Redis/Fast/Hash.pm
-rw-r--r-- root/root      1945 2018-08-16 18:58 ./usr/lib/x86_64-linux-gnu/perl5/5.30/Redis/Fast/List.pm
-rw-r--r-- root/root      1823 2018-08-16 18:58 ./usr/lib/x86_64-linux-gnu/perl5/5.30/Redis/Fast/Sentinel.pm
drwxr-xr-x root/root         0 2018-08-16 18:58 ./usr/lib/x86_64-linux-gnu/perl5/5.30/auto/
drwxr-xr-x root/root         0 2018-08-16 18:58 ./usr/lib/x86_64-linux-gnu/perl5/5.30/auto/Redis/
drwxr-xr-x root/root         0 2018-08-16 18:58 ./usr/lib/x86_64-linux-gnu/perl5/5.30/auto/Redis/Fast/
-rw-r--r-- root/root         0 2018-08-16 18:58 ./usr/lib/x86_64-linux-gnu/perl5/5.30/auto/Redis/Fast/Fast.bs
-rw-r--r-- root/root     51104 2018-08-16 18:58 ./usr/lib/x86_64-linux-gnu/perl5/5.30/auto/Redis/Fast/Fast.so
drwxr-xr-x root/root         0 2018-08-16 18:58 ./usr/share/
drwxr-xr-x root/root         0 2018-08-16 18:58 ./usr/share/doc/
drwxr-xr-x root/root         0 2018-08-16 18:58 ./usr/share/doc/libredis-fast-perl/
-rw-r--r-- root/root       146 2018-08-16 18:58 ./usr/share/doc/libredis-fast-perl/README.source
-rw-r--r-- root/root       686 2018-08-16 18:58 ./usr/share/doc/libredis-fast-perl/changelog.Debian.gz
-rw-r--r-- root/root      1340 2018-08-16 18:46 ./usr/share/doc/libredis-fast-perl/changelog.gz
-rw-r--r-- root/root      5630 2018-08-16 18:58 ./usr/share/doc/libredis-fast-perl/copyright
drwxr-xr-x root/root         0 2018-08-16 18:58 ./usr/share/man/
drwxr-xr-x root/root         0 2018-08-16 18:58 ./usr/share/man/man3/
-rw-r--r-- root/root      4884 2018-08-16 18:58 ./usr/share/man/man3/Redis::Fast.3pm.gz
-rw-r--r-- root/root      2176 2018-08-16 18:58 ./usr/share/man/man3/Redis::Fast::Hash.3pm.gz
-rw-r--r-- root/root      2012 2018-08-16 18:58 ./usr/share/man/man3/Redis::Fast::List.3pm.gz
-rw-r--r-- root/root      2343 2018-08-16 18:58 ./usr/share/man/man3/Redis::Fast::Sentinel.3pm.gz


+------------------------------------------------------------------------------+
| Post Build                                                                   |
+------------------------------------------------------------------------------+


+------------------------------------------------------------------------------+
| Cleanup                                                                      |
+------------------------------------------------------------------------------+

Purging /<<BUILDDIR>>
Not cleaning session: cloned chroot in use

+------------------------------------------------------------------------------+
| Summary                                                                      |
+------------------------------------------------------------------------------+

Build Architecture: amd64
Build Type: binary
Build-Space: 1920
Build-Time: 144
Distribution: unstable
Host Architecture: amd64
Install-Time: 5
Job: libredis-fast-perl_0.22+dfsg-1
Machine Architecture: amd64
Package: libredis-fast-perl
Package-Time: 166
Source-Version: 0.22+dfsg-1
Space: 1920
Status: successful
Version: 0.22+dfsg-1
--------------------------------------------------------------------------------
Finished at 2020-02-24T23:44:46Z
Build needed 00:02:46, 1920k disk space
DC-Status: OK 166.708621292s
