DC-Build-Header: oclgrind 19.10-1 / 2020-02-24 23:54:53 +0000
DC-Task: type:rebuild-binarch-only source:oclgrind version:19.10-1 chroot:unstable esttime:171 logfile:/tmp/oclgrind_19.10-1_unstable_clang9.log modes:clang9:binarch-only
DC-Sbuild-call: su user42 -c 'sbuild -n --arch-any --apt-update -d unstable -v --no-run-lintian --chroot-setup-commands=/tmp/clang9 oclgrind_19.10-1'
sbuild (Debian sbuild) 0.78.1 (09 February 2019) on ip-172-31-10-68.eu-central-1.compute.internal

+==============================================================================+
| oclgrind 19.10-1 (amd64)                     Mon, 24 Feb 2020 23:54:54 +0000 |
+==============================================================================+

Package: oclgrind
Version: 19.10-1
Source Version: 19.10-1
Distribution: unstable
Machine Architecture: amd64
Host Architecture: amd64
Build Architecture: amd64
Build Type: binary

I: NOTICE: Log filtering will replace 'var/run/schroot/mount/sid-amd64-sbuild-b602b3f1-9a64-4914-858f-aa0d83723da2' with '<<CHROOT>>'

+------------------------------------------------------------------------------+
| Chroot Setup Commands                                                        |
+------------------------------------------------------------------------------+


/tmp/clang9
-----------

+ echo 'Entering customization script...'
Entering customization script...
+ CLANG_VERSION=9
+ echo 'Install of clang-9'
Install of clang-9
+ apt-get update
Get:1 http://127.0.0.1:12990/debian sid InRelease [142 kB]
Get:2 http://127.0.0.1:12990/debian sid/main Sources.diff/Index [27.9 kB]
Get:3 http://127.0.0.1:12990/debian sid/main amd64 Packages.diff/Index [27.9 kB]
Get:4 http://127.0.0.1:12990/debian sid/main Sources 2020-02-24-0823.32.pdiff [11.0 kB]
Get:5 http://127.0.0.1:12990/debian sid/main Sources 2020-02-24-1420.34.pdiff [30.2 kB]
Get:6 http://127.0.0.1:12990/debian sid/main Sources 2020-02-24-2014.03.pdiff [16.9 kB]
Get:6 http://127.0.0.1:12990/debian sid/main Sources 2020-02-24-2014.03.pdiff [16.9 kB]
Get:7 http://127.0.0.1:12990/debian sid/main amd64 Packages 2020-02-24-0823.32.pdiff [15.5 kB]
Get:8 http://127.0.0.1:12990/debian sid/main amd64 Packages 2020-02-24-1420.34.pdiff [27.5 kB]
Get:9 http://127.0.0.1:12990/debian sid/main amd64 Packages 2020-02-24-2014.03.pdiff [21.6 kB]
Get:9 http://127.0.0.1:12990/debian sid/main amd64 Packages 2020-02-24-2014.03.pdiff [21.6 kB]
Get:10 http://127.0.0.1:12990/debian sid/main Translation-en [6193 kB]
Fetched 6514 kB in 6s (1044 kB/s)
Reading package lists...
+ apt-get install --yes --no-install-recommends --force-yes clang-9 libomp-9-dev libobjc-9-dev
Reading package lists...
Building dependency tree...
The following additional packages will be installed:
  gcc-8-base lib32gcc-s1 lib32gcc1 lib32stdc++6 libbsd0 libc6-i386
  libclang-common-9-dev libclang-cpp9 libedit2 libgc1c2 libgcc-8-dev libllvm9
  libmpx2 libobjc-8-dev libobjc4 libomp5-9 libstdc++-8-dev libz3-4
Suggested packages:
  clang-9-doc libomp-9-doc libstdc++-8-doc
Recommended packages:
  llvm-9-dev python3
The following NEW packages will be installed:
  clang-9 gcc-8-base lib32gcc-s1 lib32gcc1 lib32stdc++6 libbsd0 libc6-i386
  libclang-common-9-dev libclang-cpp9 libedit2 libgc1c2 libgcc-8-dev libllvm9
  libmpx2 libobjc-8-dev libobjc-9-dev libobjc4 libomp-9-dev libomp5-9
  libstdc++-8-dev libz3-4
0 upgraded, 21 newly installed, 0 to remove and 1 not upgraded.
Need to get 43.9 MB of archives.
After this operation, 237 MB of additional disk space will be used.
Get:1 http://127.0.0.1:12990/debian sid/main amd64 libbsd0 amd64 0.10.0-1 [107 kB]
Get:2 http://127.0.0.1:12990/debian sid/main amd64 libedit2 amd64 3.1-20191231-1 [95.4 kB]
Get:3 http://127.0.0.1:12990/debian sid/main amd64 libz3-4 amd64 4.8.7-4 [6790 kB]
Get:4 http://127.0.0.1:12990/debian sid/main amd64 libllvm9 amd64 1:9.0.1-8 [15.0 MB]
Get:5 http://127.0.0.1:12990/debian sid/main amd64 libclang-cpp9 amd64 1:9.0.1-8 [8429 kB]
Get:6 http://127.0.0.1:12990/debian sid/main amd64 gcc-8-base amd64 8.3.0-29 [194 kB]
Get:7 http://127.0.0.1:12990/debian sid/main amd64 libmpx2 amd64 8.3.0-29 [11.4 kB]
Get:8 http://127.0.0.1:12990/debian sid/main amd64 libgcc-8-dev amd64 8.3.0-29 [2297 kB]
Get:9 http://127.0.0.1:12990/debian sid/main amd64 libstdc++-8-dev amd64 8.3.0-29 [1543 kB]
Get:10 http://127.0.0.1:12990/debian sid/main amd64 libgc1c2 amd64 1:7.6.4-0.4 [224 kB]
Get:11 http://127.0.0.1:12990/debian sid/main amd64 libobjc4 amd64 10-20200222-1 [41.6 kB]
Get:12 http://127.0.0.1:12990/debian sid/main amd64 libobjc-8-dev amd64 8.3.0-29 [227 kB]
Get:13 http://127.0.0.1:12990/debian sid/main amd64 libc6-i386 amd64 2.29-10 [2918 kB]
Get:14 http://127.0.0.1:12990/debian sid/main amd64 lib32gcc-s1 amd64 10-20200222-1 [49.4 kB]
Get:15 http://127.0.0.1:12990/debian sid/main amd64 lib32gcc1 amd64 1:10-20200222-1 [1104 B]
Get:16 http://127.0.0.1:12990/debian sid/main amd64 lib32stdc++6 amd64 10-20200222-1 [510 kB]
Get:17 http://127.0.0.1:12990/debian sid/main amd64 libclang-common-9-dev amd64 1:9.0.1-8 [3727 kB]
Get:18 http://127.0.0.1:12990/debian sid/main amd64 clang-9 amd64 1:9.0.1-8 [1156 kB]
Get:19 http://127.0.0.1:12990/debian sid/main amd64 libobjc-9-dev amd64 9.2.1-29 [219 kB]
Get:20 http://127.0.0.1:12990/debian sid/main amd64 libomp5-9 amd64 1:9.0.1-8 [333 kB]
Get:21 http://127.0.0.1:12990/debian sid/main amd64 libomp-9-dev amd64 1:9.0.1-8 [66.2 kB]
debconf: delaying package configuration, since apt-utils is not installed
Fetched 43.9 MB in 2s (26.2 MB/s)
Selecting previously unselected package libbsd0:amd64.
(Reading database ... (Reading database ... 5%(Reading database ... 10%(Reading database ... 15%(Reading database ... 20%(Reading database ... 25%(Reading database ... 30%(Reading database ... 35%(Reading database ... 40%(Reading database ... 45%(Reading database ... 50%(Reading database ... 55%(Reading database ... 60%(Reading database ... 65%(Reading database ... 70%(Reading database ... 75%(Reading database ... 80%(Reading database ... 85%(Reading database ... 90%(Reading database ... 95%(Reading database ... 100%(Reading database ... 12119 files and directories currently installed.)
Preparing to unpack .../00-libbsd0_0.10.0-1_amd64.deb ...
Unpacking libbsd0:amd64 (0.10.0-1) ...
Selecting previously unselected package libedit2:amd64.
Preparing to unpack .../01-libedit2_3.1-20191231-1_amd64.deb ...
Unpacking libedit2:amd64 (3.1-20191231-1) ...
Selecting previously unselected package libz3-4:amd64.
Preparing to unpack .../02-libz3-4_4.8.7-4_amd64.deb ...
Unpacking libz3-4:amd64 (4.8.7-4) ...
Selecting previously unselected package libllvm9:amd64.
Preparing to unpack .../03-libllvm9_1%3a9.0.1-8_amd64.deb ...
Unpacking libllvm9:amd64 (1:9.0.1-8) ...
Selecting previously unselected package libclang-cpp9.
Preparing to unpack .../04-libclang-cpp9_1%3a9.0.1-8_amd64.deb ...
Unpacking libclang-cpp9 (1:9.0.1-8) ...
Selecting previously unselected package gcc-8-base:amd64.
Preparing to unpack .../05-gcc-8-base_8.3.0-29_amd64.deb ...
Unpacking gcc-8-base:amd64 (8.3.0-29) ...
Selecting previously unselected package libmpx2:amd64.
Preparing to unpack .../06-libmpx2_8.3.0-29_amd64.deb ...
Unpacking libmpx2:amd64 (8.3.0-29) ...
Selecting previously unselected package libgcc-8-dev:amd64.
Preparing to unpack .../07-libgcc-8-dev_8.3.0-29_amd64.deb ...
Unpacking libgcc-8-dev:amd64 (8.3.0-29) ...
Selecting previously unselected package libstdc++-8-dev:amd64.
Preparing to unpack .../08-libstdc++-8-dev_8.3.0-29_amd64.deb ...
Unpacking libstdc++-8-dev:amd64 (8.3.0-29) ...
Selecting previously unselected package libgc1c2:amd64.
Preparing to unpack .../09-libgc1c2_1%3a7.6.4-0.4_amd64.deb ...
Unpacking libgc1c2:amd64 (1:7.6.4-0.4) ...
Selecting previously unselected package libobjc4:amd64.
Preparing to unpack .../10-libobjc4_10-20200222-1_amd64.deb ...
Unpacking libobjc4:amd64 (10-20200222-1) ...
Selecting previously unselected package libobjc-8-dev:amd64.
Preparing to unpack .../11-libobjc-8-dev_8.3.0-29_amd64.deb ...
Unpacking libobjc-8-dev:amd64 (8.3.0-29) ...
Selecting previously unselected package libc6-i386.
Preparing to unpack .../12-libc6-i386_2.29-10_amd64.deb ...
Unpacking libc6-i386 (2.29-10) ...
Selecting previously unselected package lib32gcc-s1.
Preparing to unpack .../13-lib32gcc-s1_10-20200222-1_amd64.deb ...
Unpacking lib32gcc-s1 (10-20200222-1) ...
Selecting previously unselected package lib32gcc1.
Preparing to unpack .../14-lib32gcc1_1%3a10-20200222-1_amd64.deb ...
Unpacking lib32gcc1 (1:10-20200222-1) ...
Selecting previously unselected package lib32stdc++6.
Preparing to unpack .../15-lib32stdc++6_10-20200222-1_amd64.deb ...
Unpacking lib32stdc++6 (10-20200222-1) ...
Selecting previously unselected package libclang-common-9-dev.
Preparing to unpack .../16-libclang-common-9-dev_1%3a9.0.1-8_amd64.deb ...
Unpacking libclang-common-9-dev (1:9.0.1-8) ...
Selecting previously unselected package clang-9.
Preparing to unpack .../17-clang-9_1%3a9.0.1-8_amd64.deb ...
Unpacking clang-9 (1:9.0.1-8) ...
Selecting previously unselected package libobjc-9-dev:amd64.
Preparing to unpack .../18-libobjc-9-dev_9.2.1-29_amd64.deb ...
Unpacking libobjc-9-dev:amd64 (9.2.1-29) ...
Selecting previously unselected package libomp5-9:amd64.
Preparing to unpack .../19-libomp5-9_1%3a9.0.1-8_amd64.deb ...
Unpacking libomp5-9:amd64 (1:9.0.1-8) ...
Selecting previously unselected package libomp-9-dev.
Preparing to unpack .../20-libomp-9-dev_1%3a9.0.1-8_amd64.deb ...
Unpacking libomp-9-dev (1:9.0.1-8) ...
Setting up libgc1c2:amd64 (1:7.6.4-0.4) ...
Setting up libobjc4:amd64 (10-20200222-1) ...
Setting up libz3-4:amd64 (4.8.7-4) ...
Setting up gcc-8-base:amd64 (8.3.0-29) ...
Setting up libobjc-9-dev:amd64 (9.2.1-29) ...
Setting up libmpx2:amd64 (8.3.0-29) ...
Setting up libc6-i386 (2.29-10) ...
Setting up libbsd0:amd64 (0.10.0-1) ...
Setting up libomp5-9:amd64 (1:9.0.1-8) ...
Setting up libedit2:amd64 (3.1-20191231-1) ...
Setting up lib32gcc-s1 (10-20200222-1) ...
Setting up libgcc-8-dev:amd64 (8.3.0-29) ...
Setting up libomp-9-dev (1:9.0.1-8) ...
Setting up libllvm9:amd64 (1:9.0.1-8) ...
Setting up libstdc++-8-dev:amd64 (8.3.0-29) ...
Setting up libclang-cpp9 (1:9.0.1-8) ...
Setting up lib32gcc1 (1:10-20200222-1) ...
Setting up libobjc-8-dev:amd64 (8.3.0-29) ...
Setting up lib32stdc++6 (10-20200222-1) ...
Setting up libclang-common-9-dev (1:9.0.1-8) ...
Setting up clang-9 (1:9.0.1-8) ...
Processing triggers for libc-bin (2.29-10) ...
W: --force-yes is deprecated, use one of the options starting with --allow instead.
+ echo 'Replace gcc, g++ & cpp by clang'
Replace gcc, g++ & cpp by clang
+ VERSIONS='4.6 4.7 4.8 4.9 5 6 7 8 9 10'
+ cd /usr/bin
+ for VERSION in $VERSIONS
+ rm -f g++-4.6 gcc-4.6 cpp-4.6 gcc
+ ln -s clang++-9 g++-4.6
+ ln -s clang-9 gcc-4.6
+ ln -s clang-9 cpp-4.6
+ ln -s clang-9 gcc
+ echo 'gcc-4.6 hold'
+ dpkg --set-selections
dpkg: warning: package not in status nor available database at line 1: gcc-4.6
dpkg: warning: found unknown packages; this might mean the available database
is outdated, and needs to be updated through a frontend method;
please see the FAQ <https://wiki.debian.org/Teams/Dpkg/FAQ>
+ echo 'g++-4.6 hold'
+ dpkg --set-selections
dpkg: warning: package not in status nor available database at line 1: g++-4.6
dpkg: warning: found unknown packages; this might mean the available database
is outdated, and needs to be updated through a frontend method;
please see the FAQ <https://wiki.debian.org/Teams/Dpkg/FAQ>
+ for VERSION in $VERSIONS
+ rm -f g++-4.7 gcc-4.7 cpp-4.7 gcc
+ ln -s clang++-9 g++-4.7
+ ln -s clang-9 gcc-4.7
+ ln -s clang-9 cpp-4.7
+ ln -s clang-9 gcc
+ dpkg --set-selections
+ echo 'gcc-4.7 hold'
dpkg: warning: package not in status nor available database at line 1: gcc-4.7
dpkg: warning: found unknown packages; this might mean the available database
is outdated, and needs to be updated through a frontend method;
please see the FAQ <https://wiki.debian.org/Teams/Dpkg/FAQ>
+ dpkg --set-selections
+ echo 'g++-4.7 hold'
dpkg: warning: package not in status nor available database at line 1: g++-4.7
dpkg: warning: found unknown packages; this might mean the available database
is outdated, and needs to be updated through a frontend method;
please see the FAQ <https://wiki.debian.org/Teams/Dpkg/FAQ>
+ for VERSION in $VERSIONS
+ rm -f g++-4.8 gcc-4.8 cpp-4.8 gcc
+ ln -s clang++-9 g++-4.8
+ ln -s clang-9 gcc-4.8
+ ln -s clang-9 cpp-4.8
+ ln -s clang-9 gcc
+ echo 'gcc-4.8 hold'
+ dpkg --set-selections
dpkg: warning: package not in status nor available database at line 1: gcc-4.8
dpkg: warning: found unknown packages; this might mean the available database
is outdated, and needs to be updated through a frontend method;
please see the FAQ <https://wiki.debian.org/Teams/Dpkg/FAQ>
+ echo 'g++-4.8 hold'
+ dpkg --set-selections
dpkg: warning: package not in status nor available database at line 1: g++-4.8
dpkg: warning: found unknown packages; this might mean the available database
is outdated, and needs to be updated through a frontend method;
please see the FAQ <https://wiki.debian.org/Teams/Dpkg/FAQ>
+ for VERSION in $VERSIONS
+ rm -f g++-4.9 gcc-4.9 cpp-4.9 gcc
+ ln -s clang++-9 g++-4.9
+ ln -s clang-9 gcc-4.9
+ ln -s clang-9 cpp-4.9
+ ln -s clang-9 gcc
+ dpkg --set-selections
+ echo 'gcc-4.9 hold'
dpkg: warning: package not in status nor available database at line 1: gcc-4.9
dpkg: warning: found unknown packages; this might mean the available database
is outdated, and needs to be updated through a frontend method;
please see the FAQ <https://wiki.debian.org/Teams/Dpkg/FAQ>
+ dpkg --set-selections
+ echo 'g++-4.9 hold'
dpkg: warning: package not in status nor available database at line 1: g++-4.9
dpkg: warning: found unknown packages; this might mean the available database
is outdated, and needs to be updated through a frontend method;
please see the FAQ <https://wiki.debian.org/Teams/Dpkg/FAQ>
+ for VERSION in $VERSIONS
+ rm -f g++-5 gcc-5 cpp-5 gcc
+ ln -s clang++-9 g++-5
+ ln -s clang-9 gcc-5
+ ln -s clang-9 cpp-5
+ ln -s clang-9 gcc
+ dpkg --set-selections
+ echo 'gcc-5 hold'
dpkg: warning: package not in status nor available database at line 1: gcc-5
dpkg: warning: found unknown packages; this might mean the available database
is outdated, and needs to be updated through a frontend method;
please see the FAQ <https://wiki.debian.org/Teams/Dpkg/FAQ>
+ dpkg --set-selections
+ echo 'g++-5 hold'
dpkg: warning: package not in status nor available database at line 1: g++-5
dpkg: warning: found unknown packages; this might mean the available database
is outdated, and needs to be updated through a frontend method;
please see the FAQ <https://wiki.debian.org/Teams/Dpkg/FAQ>
+ for VERSION in $VERSIONS
+ rm -f g++-6 gcc-6 cpp-6 gcc
+ ln -s clang++-9 g++-6
+ ln -s clang-9 gcc-6
+ ln -s clang-9 cpp-6
+ ln -s clang-9 gcc
+ echo 'gcc-6 hold'
+ dpkg --set-selections
dpkg: warning: package not in status nor available database at line 1: gcc-6
dpkg: warning: found unknown packages; this might mean the available database
is outdated, and needs to be updated through a frontend method;
please see the FAQ <https://wiki.debian.org/Teams/Dpkg/FAQ>
+ echo 'g++-6 hold'
+ dpkg --set-selections
dpkg: warning: package not in status nor available database at line 1: g++-6
dpkg: warning: found unknown packages; this might mean the available database
is outdated, and needs to be updated through a frontend method;
please see the FAQ <https://wiki.debian.org/Teams/Dpkg/FAQ>
+ for VERSION in $VERSIONS
+ rm -f g++-7 gcc-7 cpp-7 gcc
+ ln -s clang++-9 g++-7
+ ln -s clang-9 gcc-7
+ ln -s clang-9 cpp-7
+ ln -s clang-9 gcc
+ dpkg --set-selections
+ echo 'gcc-7 hold'
dpkg: warning: package not in status nor available database at line 1: gcc-7
dpkg: warning: found unknown packages; this might mean the available database
is outdated, and needs to be updated through a frontend method;
please see the FAQ <https://wiki.debian.org/Teams/Dpkg/FAQ>
+ dpkg --set-selections
+ echo 'g++-7 hold'
dpkg: warning: package not in status nor available database at line 1: g++-7
dpkg: warning: found unknown packages; this might mean the available database
is outdated, and needs to be updated through a frontend method;
please see the FAQ <https://wiki.debian.org/Teams/Dpkg/FAQ>
+ for VERSION in $VERSIONS
+ rm -f g++-8 gcc-8 cpp-8 gcc
+ ln -s clang++-9 g++-8
+ ln -s clang-9 gcc-8
+ ln -s clang-9 cpp-8
+ ln -s clang-9 gcc
+ echo 'gcc-8 hold'
+ dpkg --set-selections
dpkg: warning: package not in status nor available database at line 1: gcc-8
dpkg: warning: found unknown packages; this might mean the available database
is outdated, and needs to be updated through a frontend method;
please see the FAQ <https://wiki.debian.org/Teams/Dpkg/FAQ>
+ dpkg --set-selections
+ echo 'g++-8 hold'
dpkg: warning: package not in status nor available database at line 1: g++-8
dpkg: warning: found unknown packages; this might mean the available database
is outdated, and needs to be updated through a frontend method;
please see the FAQ <https://wiki.debian.org/Teams/Dpkg/FAQ>
+ for VERSION in $VERSIONS
+ rm -f g++-9 gcc-9 cpp-9 gcc
+ ln -s clang++-9 g++-9
+ ln -s clang-9 gcc-9
+ ln -s clang-9 cpp-9
+ ln -s clang-9 gcc
+ echo 'gcc-9 hold'
+ dpkg --set-selections
+ echo 'g++-9 hold'
+ dpkg --set-selections
+ for VERSION in $VERSIONS
+ rm -f g++-10 gcc-10 cpp-10 gcc
+ ln -s clang++-9 g++-10
+ ln -s clang-9 gcc-10
+ ln -s clang-9 cpp-10
+ ln -s clang-9 gcc
+ echo 'gcc-10 hold'
+ dpkg --set-selections
dpkg: warning: package not in status nor available database at line 1: gcc-10
dpkg: warning: found unknown packages; this might mean the available database
is outdated, and needs to be updated through a frontend method;
please see the FAQ <https://wiki.debian.org/Teams/Dpkg/FAQ>
+ echo 'g++-10 hold'
+ dpkg --set-selections
dpkg: warning: package not in status nor available database at line 1: g++-10
dpkg: warning: found unknown packages; this might mean the available database
is outdated, and needs to be updated through a frontend method;
please see the FAQ <https://wiki.debian.org/Teams/Dpkg/FAQ>
+ cd -
/build/oclgrind-ldpdMy
+ echo 'Check if gcc, g++ & cpp are actually clang'
Check if gcc, g++ & cpp are actually clang
+ gcc --version
+ grep clang
+ grep clang
+ cpp --version
+ g++ --version
+ grep clang

I: Finished running '/tmp/clang9'.

Finished processing commands.
--------------------------------------------------------------------------------
I: NOTICE: Log filtering will replace 'build/oclgrind-ldpdMy/resolver-Zdhcpi' with '<<RESOLVERDIR>>'

+------------------------------------------------------------------------------+
| Update chroot                                                                |
+------------------------------------------------------------------------------+

Hit:1 http://127.0.0.1:12990/debian sid InRelease
Reading package lists...
Reading package lists...
Building dependency tree...
Reading state information...
Calculating upgrade...
The following packages will be upgraded:
  libgmp10
1 upgraded, 0 newly installed, 0 to remove and 0 not upgraded.
Need to get 253 kB of archives.
After this operation, 0 B of additional disk space will be used.
Get:1 http://127.0.0.1:12990/debian sid/main amd64 libgmp10 amd64 2:6.2.0+dfsg-4 [253 kB]
debconf: delaying package configuration, since apt-utils is not installed
Fetched 253 kB in 0s (2045 kB/s)
(Reading database ... (Reading database ... 5%(Reading database ... 10%(Reading database ... 15%(Reading database ... 20%(Reading database ... 25%(Reading database ... 30%(Reading database ... 35%(Reading database ... 40%(Reading database ... 45%(Reading database ... 50%(Reading database ... 55%(Reading database ... 60%(Reading database ... 65%(Reading database ... 70%(Reading database ... 75%(Reading database ... 80%(Reading database ... 85%(Reading database ... 90%(Reading database ... 95%(Reading database ... 100%(Reading database ... 13921 files and directories currently installed.)
Preparing to unpack .../libgmp10_2%3a6.2.0+dfsg-4_amd64.deb ...
Unpacking libgmp10:amd64 (2:6.2.0+dfsg-4) over (2:6.2.0+dfsg-3) ...
Setting up libgmp10:amd64 (2:6.2.0+dfsg-4) ...
Processing triggers for libc-bin (2.29-10) ...

+------------------------------------------------------------------------------+
| Fetch source files                                                           |
+------------------------------------------------------------------------------+


Check APT
---------

Checking available source versions...

Download source files with APT
------------------------------

Reading package lists...
NOTICE: 'oclgrind' packaging is maintained in the 'Git' version control system at:
https://salsa.debian.org/opencl-team/oclgrind.git
Please use:
git clone https://salsa.debian.org/opencl-team/oclgrind.git
to retrieve the latest (possibly unreleased) updates to the package.
Need to get 208 kB of source archives.
Get:1 http://127.0.0.1:12990/debian sid/main oclgrind 19.10-1 (dsc) [2233 B]
Get:2 http://127.0.0.1:12990/debian sid/main oclgrind 19.10-1 (tar) [198 kB]
Get:3 http://127.0.0.1:12990/debian sid/main oclgrind 19.10-1 (diff) [7456 B]
Fetched 208 kB in 0s (957 kB/s)
Download complete and in download only mode
I: NOTICE: Log filtering will replace 'build/oclgrind-ldpdMy/oclgrind-19.10' with '<<PKGBUILDDIR>>'
I: NOTICE: Log filtering will replace 'build/oclgrind-ldpdMy' with '<<BUILDDIR>>'

+------------------------------------------------------------------------------+
| Install package build dependencies                                           |
+------------------------------------------------------------------------------+


Setup apt archive
-----------------

Merged Build-Depends: debhelper-compat (= 12), dh-exec, cmake, llvm-8-dev, libclang-8-dev, clang-8, libedit-dev, zlib1g-dev, libreadline-dev, opencl-c-headers, python3, build-essential, fakeroot
Filtered Build-Depends: debhelper-compat (= 12), dh-exec, cmake, llvm-8-dev, libclang-8-dev, clang-8, libedit-dev, zlib1g-dev, libreadline-dev, opencl-c-headers, python3, build-essential, fakeroot
dpkg-deb: building package 'sbuild-build-depends-main-dummy' in '/<<RESOLVERDIR>>/apt_archive/sbuild-build-depends-main-dummy.deb'.
Ign:1 copy:/<<RESOLVERDIR>>/apt_archive ./ InRelease
Get:2 copy:/<<RESOLVERDIR>>/apt_archive ./ Release [957 B]
Ign:3 copy:/<<RESOLVERDIR>>/apt_archive ./ Release.gpg
Get:4 copy:/<<RESOLVERDIR>>/apt_archive ./ Sources [434 B]
Get:5 copy:/<<RESOLVERDIR>>/apt_archive ./ Packages [515 B]
Fetched 1906 B in 0s (35.8 kB/s)
Reading package lists...
Reading package lists...

Install main build dependencies (apt-based resolver)
----------------------------------------------------

Installing build dependencies
Reading package lists...
Building dependency tree...
Reading state information...
The following additional packages will be installed:
  autoconf automake autopoint autotools-dev binfmt-support bsdmainutils
  clang-8 cmake cmake-data debhelper dh-autoreconf dh-exec
  dh-strip-nondeterminism dwz file gettext gettext-base groff-base
  intltool-debian libarchive-zip-perl libarchive13 libbrotli1 libbsd-dev
  libclang-8-dev libclang-common-8-dev libclang1-8 libcroco3 libcurl4
  libdebhelper-perl libedit-dev libelf1 libexpat1 libffi-dev
  libfile-stripnondeterminism-perl libglib2.0-0 libgssapi-krb5-2 libicu63
  libjsoncpp1 libk5crypto3 libkeyutils1 libkrb5-3 libkrb5support0
  libldap-2.4-2 libldap-common libllvm8 libmagic-mgc libmagic1 libmpdec2
  libncurses-dev libncurses6 libnghttp2-14 libpfm4 libpipeline1 libprocps8
  libpsl5 libpython3-stdlib libpython3.7-minimal libpython3.7-stdlib
  libreadline-dev libreadline8 librhash0 librtmp1 libsasl2-2
  libsasl2-modules-db libsigsegv2 libsqlite3-0 libssh2-1 libssl1.1
  libsub-override-perl libtinfo-dev libtool libuchardet0 libuv1 libxml2 llvm-8
  llvm-8-dev llvm-8-runtime m4 man-db mime-support opencl-c-headers po-debconf
  procps python3 python3-minimal python3.7 python3.7-minimal readline-common
  sensible-utils zlib1g-dev
Suggested packages:
  autoconf-archive gnu-standards autoconf-doc wamerican | wordlist whois
  vacation clang-8-doc cmake-doc ninja-build dh-make gettext-doc
  libasprintf-dev libgettextpo-dev groff lrzip krb5-doc krb5-user ncurses-doc
  readline-doc libtool-doc gfortran | fortran95-compiler gcj-jdk llvm-8-doc
  m4-doc apparmor less www-browser libmail-box-perl python3-doc python3-tk
  python3-venv python3.7-venv python3.7-doc
Recommended packages:
  libomp-8-dev curl | wget | lynx ca-certificates libarchive-cpio-perl
  libglib2.0-data shared-mime-info xdg-user-dirs krb5-locales libgpm2
  publicsuffix libsasl2-modules libltdl-dev libmail-sendmail-perl psmisc
The following NEW packages will be installed:
  autoconf automake autopoint autotools-dev binfmt-support bsdmainutils
  clang-8 cmake cmake-data debhelper dh-autoreconf dh-exec
  dh-strip-nondeterminism dwz file gettext gettext-base groff-base
  intltool-debian libarchive-zip-perl libarchive13 libbrotli1 libbsd-dev
  libclang-8-dev libclang-common-8-dev libclang1-8 libcroco3 libcurl4
  libdebhelper-perl libedit-dev libelf1 libexpat1 libffi-dev
  libfile-stripnondeterminism-perl libglib2.0-0 libgssapi-krb5-2 libicu63
  libjsoncpp1 libk5crypto3 libkeyutils1 libkrb5-3 libkrb5support0
  libldap-2.4-2 libldap-common libllvm8 libmagic-mgc libmagic1 libmpdec2
  libncurses-dev libncurses6 libnghttp2-14 libpfm4 libpipeline1 libprocps8
  libpsl5 libpython3-stdlib libpython3.7-minimal libpython3.7-stdlib
  libreadline-dev libreadline8 librhash0 librtmp1 libsasl2-2
  libsasl2-modules-db libsigsegv2 libsqlite3-0 libssh2-1 libssl1.1
  libsub-override-perl libtinfo-dev libtool libuchardet0 libuv1 libxml2 llvm-8
  llvm-8-dev llvm-8-runtime m4 man-db mime-support opencl-c-headers po-debconf
  procps python3 python3-minimal python3.7 python3.7-minimal readline-common
  sbuild-build-depends-main-dummy sensible-utils zlib1g-dev
0 upgraded, 91 newly installed, 0 to remove and 0 not upgraded.
Need to get 109 MB of archives.
After this operation, 634 MB of additional disk space will be used.
Get:1 copy:/<<RESOLVERDIR>>/apt_archive ./ sbuild-build-depends-main-dummy 0.invalid.0 [948 B]
Get:2 http://127.0.0.1:12990/debian sid/main amd64 bsdmainutils amd64 11.1.2+b1 [191 kB]
Get:3 http://127.0.0.1:12990/debian sid/main amd64 libuchardet0 amd64 0.0.6-3 [64.9 kB]
Get:4 http://127.0.0.1:12990/debian sid/main amd64 groff-base amd64 1.22.4-4 [919 kB]
Get:5 http://127.0.0.1:12990/debian sid/main amd64 libpipeline1 amd64 1.5.2-2 [33.9 kB]
Get:6 http://127.0.0.1:12990/debian sid/main amd64 man-db amd64 2.9.0-2 [1307 kB]
Get:7 http://127.0.0.1:12990/debian sid/main amd64 libssl1.1 amd64 1.1.1d-2 [1540 kB]
Get:8 http://127.0.0.1:12990/debian sid/main amd64 libpython3.7-minimal amd64 3.7.6-1+b1 [591 kB]
Get:9 http://127.0.0.1:12990/debian sid/main amd64 libexpat1 amd64 2.2.9-1 [94.3 kB]
Get:10 http://127.0.0.1:12990/debian sid/main amd64 python3.7-minimal amd64 3.7.6-1+b1 [1813 kB]
Get:11 http://127.0.0.1:12990/debian sid/main amd64 python3-minimal amd64 3.7.5-3 [36.8 kB]
Get:12 http://127.0.0.1:12990/debian sid/main amd64 mime-support all 3.64 [37.8 kB]
Get:13 http://127.0.0.1:12990/debian sid/main amd64 libmpdec2 amd64 2.4.2-2 [87.2 kB]
Get:14 http://127.0.0.1:12990/debian sid/main amd64 readline-common all 8.0-3 [72.5 kB]
Get:15 http://127.0.0.1:12990/debian sid/main amd64 libreadline8 amd64 8.0-3 [160 kB]
Get:16 http://127.0.0.1:12990/debian sid/main amd64 libsqlite3-0 amd64 3.31.1-3 [661 kB]
Get:17 http://127.0.0.1:12990/debian sid/main amd64 libpython3.7-stdlib amd64 3.7.6-1+b1 [1735 kB]
Get:18 http://127.0.0.1:12990/debian sid/main amd64 python3.7 amd64 3.7.6-1+b1 [351 kB]
Get:19 http://127.0.0.1:12990/debian sid/main amd64 libpython3-stdlib amd64 3.7.5-3 [20.2 kB]
Get:20 http://127.0.0.1:12990/debian sid/main amd64 python3 amd64 3.7.5-3 [62.1 kB]
Get:21 http://127.0.0.1:12990/debian sid/main amd64 libncurses6 amd64 6.1+20191019-1 [102 kB]
Get:22 http://127.0.0.1:12990/debian sid/main amd64 libprocps8 amd64 2:3.3.16-1+b1 [62.8 kB]
Get:23 http://127.0.0.1:12990/debian sid/main amd64 procps amd64 2:3.3.16-1+b1 [263 kB]
Get:24 http://127.0.0.1:12990/debian sid/main amd64 sensible-utils all 0.0.12+nmu1 [16.0 kB]
Get:25 http://127.0.0.1:12990/debian sid/main amd64 libmagic-mgc amd64 1:5.38-4 [262 kB]
Get:26 http://127.0.0.1:12990/debian sid/main amd64 libmagic1 amd64 1:5.38-4 [120 kB]
Get:27 http://127.0.0.1:12990/debian sid/main amd64 file amd64 1:5.38-4 [67.9 kB]
Get:28 http://127.0.0.1:12990/debian sid/main amd64 gettext-base amd64 0.19.8.1-10 [123 kB]
Get:29 http://127.0.0.1:12990/debian sid/main amd64 libsigsegv2 amd64 2.12-2 [32.8 kB]
Get:30 http://127.0.0.1:12990/debian sid/main amd64 m4 amd64 1.4.18-4 [203 kB]
Get:31 http://127.0.0.1:12990/debian sid/main amd64 autoconf all 2.69-11.1 [341 kB]
Get:32 http://127.0.0.1:12990/debian sid/main amd64 autotools-dev all 20180224.1 [77.0 kB]
Get:33 http://127.0.0.1:12990/debian sid/main amd64 automake all 1:1.16.1-4 [771 kB]
Get:34 http://127.0.0.1:12990/debian sid/main amd64 autopoint all 0.19.8.1-10 [435 kB]
Get:35 http://127.0.0.1:12990/debian sid/main amd64 binfmt-support amd64 2.2.0-2 [70.0 kB]
Get:36 http://127.0.0.1:12990/debian sid/main amd64 libllvm8 amd64 1:8.0.1-7 [13.8 MB]
Get:37 http://127.0.0.1:12990/debian sid/main amd64 libclang-common-8-dev amd64 1:8.0.1-7 [2989 kB]
Get:38 http://127.0.0.1:12990/debian sid/main amd64 libclang1-8 amd64 1:8.0.1-7 [6244 kB]
Get:39 http://127.0.0.1:12990/debian sid/main amd64 clang-8 amd64 1:8.0.1-7 [8010 kB]
Get:40 http://127.0.0.1:12990/debian sid/main amd64 cmake-data all 3.16.3-1 [1628 kB]
Get:41 http://127.0.0.1:12990/debian sid/main amd64 libicu63 amd64 63.2-2 [8301 kB]
Get:42 http://127.0.0.1:12990/debian sid/main amd64 libxml2 amd64 2.9.10+dfsg-3 [709 kB]
Get:43 http://127.0.0.1:12990/debian sid/main amd64 libarchive13 amd64 3.4.0-1+b1 [335 kB]
Get:44 http://127.0.0.1:12990/debian sid/main amd64 libbrotli1 amd64 1.0.7-6 [266 kB]
Get:45 http://127.0.0.1:12990/debian sid/main amd64 libkeyutils1 amd64 1.6.1-2 [15.4 kB]
Get:46 http://127.0.0.1:12990/debian sid/main amd64 libkrb5support0 amd64 1.17-6 [64.6 kB]
Get:47 http://127.0.0.1:12990/debian sid/main amd64 libk5crypto3 amd64 1.17-6 [116 kB]
Get:48 http://127.0.0.1:12990/debian sid/main amd64 libkrb5-3 amd64 1.17-6 [366 kB]
Get:49 http://127.0.0.1:12990/debian sid/main amd64 libgssapi-krb5-2 amd64 1.17-6 [156 kB]
Get:50 http://127.0.0.1:12990/debian sid/main amd64 libsasl2-modules-db amd64 2.1.27+dfsg-2 [69.0 kB]
Get:51 http://127.0.0.1:12990/debian sid/main amd64 libsasl2-2 amd64 2.1.27+dfsg-2 [106 kB]
Get:52 http://127.0.0.1:12990/debian sid/main amd64 libldap-common all 2.4.49+dfsg-1 [91.9 kB]
Get:53 http://127.0.0.1:12990/debian sid/main amd64 libldap-2.4-2 amd64 2.4.49+dfsg-1 [226 kB]
Get:54 http://127.0.0.1:12990/debian sid/main amd64 libnghttp2-14 amd64 1.40.0-1 [85.0 kB]
Get:55 http://127.0.0.1:12990/debian sid/main amd64 libpsl5 amd64 0.20.2-2 [53.7 kB]
Get:56 http://127.0.0.1:12990/debian sid/main amd64 librtmp1 amd64 2.4+20151223.gitfa8646d.1-2+b1 [60.8 kB]
Get:57 http://127.0.0.1:12990/debian sid/main amd64 libssh2-1 amd64 1.8.0-2.1 [140 kB]
Get:58 http://127.0.0.1:12990/debian sid/main amd64 libcurl4 amd64 7.68.0-1 [321 kB]
Get:59 http://127.0.0.1:12990/debian sid/main amd64 libjsoncpp1 amd64 1.7.4-3.1 [77.6 kB]
Get:60 http://127.0.0.1:12990/debian sid/main amd64 librhash0 amd64 1.3.9-1 [123 kB]
Get:61 http://127.0.0.1:12990/debian sid/main amd64 libuv1 amd64 1.34.2-1 [127 kB]
Get:62 http://127.0.0.1:12990/debian sid/main amd64 cmake amd64 3.16.3-1 [3673 kB]
Get:63 http://127.0.0.1:12990/debian sid/main amd64 libtool all 2.4.6-13 [513 kB]
Get:64 http://127.0.0.1:12990/debian sid/main amd64 dh-autoreconf all 19 [16.9 kB]
Get:65 http://127.0.0.1:12990/debian sid/main amd64 libdebhelper-perl all 12.9 [183 kB]
Get:66 http://127.0.0.1:12990/debian sid/main amd64 libarchive-zip-perl all 1.67-1 [104 kB]
Get:67 http://127.0.0.1:12990/debian sid/main amd64 libsub-override-perl all 0.09-2 [10.2 kB]
Get:68 http://127.0.0.1:12990/debian sid/main amd64 libfile-stripnondeterminism-perl all 1.6.3-2 [23.7 kB]
Get:69 http://127.0.0.1:12990/debian sid/main amd64 dh-strip-nondeterminism all 1.6.3-2 [14.7 kB]
Get:70 http://127.0.0.1:12990/debian sid/main amd64 libelf1 amd64 0.176-1.1 [161 kB]
Get:71 http://127.0.0.1:12990/debian sid/main amd64 dwz amd64 0.13-5 [151 kB]
Get:72 http://127.0.0.1:12990/debian sid/main amd64 libglib2.0-0 amd64 2.62.4-2 [1319 kB]
Get:73 http://127.0.0.1:12990/debian sid/main amd64 libcroco3 amd64 0.6.13-1 [146 kB]
Get:74 http://127.0.0.1:12990/debian sid/main amd64 gettext amd64 0.19.8.1-10 [1303 kB]
Get:75 http://127.0.0.1:12990/debian sid/main amd64 intltool-debian all 0.35.0+20060710.5 [26.8 kB]
Get:76 http://127.0.0.1:12990/debian sid/main amd64 po-debconf all 1.0.21 [248 kB]
Get:77 http://127.0.0.1:12990/debian sid/main amd64 debhelper all 12.9 [994 kB]
Get:78 http://127.0.0.1:12990/debian sid/main amd64 dh-exec amd64 0.23.2 [26.6 kB]
Get:79 http://127.0.0.1:12990/debian sid/main amd64 libbsd-dev amd64 0.10.0-1 [227 kB]
Get:80 http://127.0.0.1:12990/debian sid/main amd64 libclang-8-dev amd64 1:8.0.1-7 [14.4 MB]
Get:81 http://127.0.0.1:12990/debian sid/main amd64 libncurses-dev amd64 6.1+20191019-1 [337 kB]
Get:82 http://127.0.0.1:12990/debian sid/main amd64 libtinfo-dev amd64 6.1+20191019-1 [932 B]
Get:83 http://127.0.0.1:12990/debian sid/main amd64 libedit-dev amd64 3.1-20191231-1 [116 kB]
Get:84 http://127.0.0.1:12990/debian sid/main amd64 libffi-dev amd64 3.3-3 [56.4 kB]
Get:85 http://127.0.0.1:12990/debian sid/main amd64 libpfm4 amd64 4.10.1+git20-g7700f49-2 [269 kB]
Get:86 http://127.0.0.1:12990/debian sid/main amd64 libreadline-dev amd64 8.0-3 [140 kB]
Get:87 http://127.0.0.1:12990/debian sid/main amd64 llvm-8-runtime amd64 1:8.0.1-7 [202 kB]
Get:88 http://127.0.0.1:12990/debian sid/main amd64 llvm-8 amd64 1:8.0.1-7 [4666 kB]
Get:89 http://127.0.0.1:12990/debian sid/main amd64 llvm-8-dev amd64 1:8.0.1-7 [22.6 MB]
Get:90 http://127.0.0.1:12990/debian sid/main amd64 opencl-c-headers all 2.2~2019.08.06-g0d5f18c-1 [31.4 kB]
Get:91 http://127.0.0.1:12990/debian sid/main amd64 zlib1g-dev amd64 1:1.2.11.dfsg-1.2 [209 kB]
debconf: delaying package configuration, since apt-utils is not installed
Fetched 109 MB in 4s (25.1 MB/s)
Selecting previously unselected package bsdmainutils.
(Reading database ... 13921 files and directories currently installed.)
Preparing to unpack .../0-bsdmainutils_11.1.2+b1_amd64.deb ...
Unpacking bsdmainutils (11.1.2+b1) ...
Selecting previously unselected package libuchardet0:amd64.
Preparing to unpack .../1-libuchardet0_0.0.6-3_amd64.deb ...
Unpacking libuchardet0:amd64 (0.0.6-3) ...
Selecting previously unselected package groff-base.
Preparing to unpack .../2-groff-base_1.22.4-4_amd64.deb ...
Unpacking groff-base (1.22.4-4) ...
Selecting previously unselected package libpipeline1:amd64.
Preparing to unpack .../3-libpipeline1_1.5.2-2_amd64.deb ...
Unpacking libpipeline1:amd64 (1.5.2-2) ...
Selecting previously unselected package man-db.
Preparing to unpack .../4-man-db_2.9.0-2_amd64.deb ...
Unpacking man-db (2.9.0-2) ...
Selecting previously unselected package libssl1.1:amd64.
Preparing to unpack .../5-libssl1.1_1.1.1d-2_amd64.deb ...
Unpacking libssl1.1:amd64 (1.1.1d-2) ...
Selecting previously unselected package libpython3.7-minimal:amd64.
Preparing to unpack .../6-libpython3.7-minimal_3.7.6-1+b1_amd64.deb ...
Unpacking libpython3.7-minimal:amd64 (3.7.6-1+b1) ...
Selecting previously unselected package libexpat1:amd64.
Preparing to unpack .../7-libexpat1_2.2.9-1_amd64.deb ...
Unpacking libexpat1:amd64 (2.2.9-1) ...
Selecting previously unselected package python3.7-minimal.
Preparing to unpack .../8-python3.7-minimal_3.7.6-1+b1_amd64.deb ...
Unpacking python3.7-minimal (3.7.6-1+b1) ...
Setting up libssl1.1:amd64 (1.1.1d-2) ...
Setting up libpython3.7-minimal:amd64 (3.7.6-1+b1) ...
Setting up libexpat1:amd64 (2.2.9-1) ...
Setting up python3.7-minimal (3.7.6-1+b1) ...
Selecting previously unselected package python3-minimal.
(Reading database ... 14830 files and directories currently installed.)
Preparing to unpack .../0-python3-minimal_3.7.5-3_amd64.deb ...
Unpacking python3-minimal (3.7.5-3) ...
Selecting previously unselected package mime-support.
Preparing to unpack .../1-mime-support_3.64_all.deb ...
Unpacking mime-support (3.64) ...
Selecting previously unselected package libmpdec2:amd64.
Preparing to unpack .../2-libmpdec2_2.4.2-2_amd64.deb ...
Unpacking libmpdec2:amd64 (2.4.2-2) ...
Selecting previously unselected package readline-common.
Preparing to unpack .../3-readline-common_8.0-3_all.deb ...
Unpacking readline-common (8.0-3) ...
Selecting previously unselected package libreadline8:amd64.
Preparing to unpack .../4-libreadline8_8.0-3_amd64.deb ...
Unpacking libreadline8:amd64 (8.0-3) ...
Selecting previously unselected package libsqlite3-0:amd64.
Preparing to unpack .../5-libsqlite3-0_3.31.1-3_amd64.deb ...
Unpacking libsqlite3-0:amd64 (3.31.1-3) ...
Selecting previously unselected package libpython3.7-stdlib:amd64.
Preparing to unpack .../6-libpython3.7-stdlib_3.7.6-1+b1_amd64.deb ...
Unpacking libpython3.7-stdlib:amd64 (3.7.6-1+b1) ...
Selecting previously unselected package python3.7.
Preparing to unpack .../7-python3.7_3.7.6-1+b1_amd64.deb ...
Unpacking python3.7 (3.7.6-1+b1) ...
Selecting previously unselected package libpython3-stdlib:amd64.
Preparing to unpack .../8-libpython3-stdlib_3.7.5-3_amd64.deb ...
Unpacking libpython3-stdlib:amd64 (3.7.5-3) ...
Setting up python3-minimal (3.7.5-3) ...
Selecting previously unselected package python3.
(Reading database ... 15301 files and directories currently installed.)
Preparing to unpack .../00-python3_3.7.5-3_amd64.deb ...
Unpacking python3 (3.7.5-3) ...
Selecting previously unselected package libncurses6:amd64.
Preparing to unpack .../01-libncurses6_6.1+20191019-1_amd64.deb ...
Unpacking libncurses6:amd64 (6.1+20191019-1) ...
Selecting previously unselected package libprocps8:amd64.
Preparing to unpack .../02-libprocps8_2%3a3.3.16-1+b1_amd64.deb ...
Unpacking libprocps8:amd64 (2:3.3.16-1+b1) ...
Selecting previously unselected package procps.
Preparing to unpack .../03-procps_2%3a3.3.16-1+b1_amd64.deb ...
Unpacking procps (2:3.3.16-1+b1) ...
Selecting previously unselected package sensible-utils.
Preparing to unpack .../04-sensible-utils_0.0.12+nmu1_all.deb ...
Unpacking sensible-utils (0.0.12+nmu1) ...
Selecting previously unselected package libmagic-mgc.
Preparing to unpack .../05-libmagic-mgc_1%3a5.38-4_amd64.deb ...
Unpacking libmagic-mgc (1:5.38-4) ...
Selecting previously unselected package libmagic1:amd64.
Preparing to unpack .../06-libmagic1_1%3a5.38-4_amd64.deb ...
Unpacking libmagic1:amd64 (1:5.38-4) ...
Selecting previously unselected package file.
Preparing to unpack .../07-file_1%3a5.38-4_amd64.deb ...
Unpacking file (1:5.38-4) ...
Selecting previously unselected package gettext-base.
Preparing to unpack .../08-gettext-base_0.19.8.1-10_amd64.deb ...
Unpacking gettext-base (0.19.8.1-10) ...
Selecting previously unselected package libsigsegv2:amd64.
Preparing to unpack .../09-libsigsegv2_2.12-2_amd64.deb ...
Unpacking libsigsegv2:amd64 (2.12-2) ...
Selecting previously unselected package m4.
Preparing to unpack .../10-m4_1.4.18-4_amd64.deb ...
Unpacking m4 (1.4.18-4) ...
Selecting previously unselected package autoconf.
Preparing to unpack .../11-autoconf_2.69-11.1_all.deb ...
Unpacking autoconf (2.69-11.1) ...
Selecting previously unselected package autotools-dev.
Preparing to unpack .../12-autotools-dev_20180224.1_all.deb ...
Unpacking autotools-dev (20180224.1) ...
Selecting previously unselected package automake.
Preparing to unpack .../13-automake_1%3a1.16.1-4_all.deb ...
Unpacking automake (1:1.16.1-4) ...
Selecting previously unselected package autopoint.
Preparing to unpack .../14-autopoint_0.19.8.1-10_all.deb ...
Unpacking autopoint (0.19.8.1-10) ...
Selecting previously unselected package binfmt-support.
Preparing to unpack .../15-binfmt-support_2.2.0-2_amd64.deb ...
Unpacking binfmt-support (2.2.0-2) ...
Selecting previously unselected package libllvm8:amd64.
Preparing to unpack .../16-libllvm8_1%3a8.0.1-7_amd64.deb ...
Unpacking libllvm8:amd64 (1:8.0.1-7) ...
Selecting previously unselected package libclang-common-8-dev.
Preparing to unpack .../17-libclang-common-8-dev_1%3a8.0.1-7_amd64.deb ...
Unpacking libclang-common-8-dev (1:8.0.1-7) ...
Selecting previously unselected package libclang1-8.
Preparing to unpack .../18-libclang1-8_1%3a8.0.1-7_amd64.deb ...
Unpacking libclang1-8 (1:8.0.1-7) ...
Selecting previously unselected package clang-8.
Preparing to unpack .../19-clang-8_1%3a8.0.1-7_amd64.deb ...
Unpacking clang-8 (1:8.0.1-7) ...
Selecting previously unselected package cmake-data.
Preparing to unpack .../20-cmake-data_3.16.3-1_all.deb ...
Unpacking cmake-data (3.16.3-1) ...
Selecting previously unselected package libicu63:amd64.
Preparing to unpack .../21-libicu63_63.2-2_amd64.deb ...
Unpacking libicu63:amd64 (63.2-2) ...
Selecting previously unselected package libxml2:amd64.
Preparing to unpack .../22-libxml2_2.9.10+dfsg-3_amd64.deb ...
Unpacking libxml2:amd64 (2.9.10+dfsg-3) ...
Selecting previously unselected package libarchive13:amd64.
Preparing to unpack .../23-libarchive13_3.4.0-1+b1_amd64.deb ...
Unpacking libarchive13:amd64 (3.4.0-1+b1) ...
Selecting previously unselected package libbrotli1:amd64.
Preparing to unpack .../24-libbrotli1_1.0.7-6_amd64.deb ...
Unpacking libbrotli1:amd64 (1.0.7-6) ...
Selecting previously unselected package libkeyutils1:amd64.
Preparing to unpack .../25-libkeyutils1_1.6.1-2_amd64.deb ...
Unpacking libkeyutils1:amd64 (1.6.1-2) ...
Selecting previously unselected package libkrb5support0:amd64.
Preparing to unpack .../26-libkrb5support0_1.17-6_amd64.deb ...
Unpacking libkrb5support0:amd64 (1.17-6) ...
Selecting previously unselected package libk5crypto3:amd64.
Preparing to unpack .../27-libk5crypto3_1.17-6_amd64.deb ...
Unpacking libk5crypto3:amd64 (1.17-6) ...
Selecting previously unselected package libkrb5-3:amd64.
Preparing to unpack .../28-libkrb5-3_1.17-6_amd64.deb ...
Unpacking libkrb5-3:amd64 (1.17-6) ...
Selecting previously unselected package libgssapi-krb5-2:amd64.
Preparing to unpack .../29-libgssapi-krb5-2_1.17-6_amd64.deb ...
Unpacking libgssapi-krb5-2:amd64 (1.17-6) ...
Selecting previously unselected package libsasl2-modules-db:amd64.
Preparing to unpack .../30-libsasl2-modules-db_2.1.27+dfsg-2_amd64.deb ...
Unpacking libsasl2-modules-db:amd64 (2.1.27+dfsg-2) ...
Selecting previously unselected package libsasl2-2:amd64.
Preparing to unpack .../31-libsasl2-2_2.1.27+dfsg-2_amd64.deb ...
Unpacking libsasl2-2:amd64 (2.1.27+dfsg-2) ...
Selecting previously unselected package libldap-common.
Preparing to unpack .../32-libldap-common_2.4.49+dfsg-1_all.deb ...
Unpacking libldap-common (2.4.49+dfsg-1) ...
Selecting previously unselected package libldap-2.4-2:amd64.
Preparing to unpack .../33-libldap-2.4-2_2.4.49+dfsg-1_amd64.deb ...
Unpacking libldap-2.4-2:amd64 (2.4.49+dfsg-1) ...
Selecting previously unselected package libnghttp2-14:amd64.
Preparing to unpack .../34-libnghttp2-14_1.40.0-1_amd64.deb ...
Unpacking libnghttp2-14:amd64 (1.40.0-1) ...
Selecting previously unselected package libpsl5:amd64.
Preparing to unpack .../35-libpsl5_0.20.2-2_amd64.deb ...
Unpacking libpsl5:amd64 (0.20.2-2) ...
Selecting previously unselected package librtmp1:amd64.
Preparing to unpack .../36-librtmp1_2.4+20151223.gitfa8646d.1-2+b1_amd64.deb ...
Unpacking librtmp1:amd64 (2.4+20151223.gitfa8646d.1-2+b1) ...
Selecting previously unselected package libssh2-1:amd64.
Preparing to unpack .../37-libssh2-1_1.8.0-2.1_amd64.deb ...
Unpacking libssh2-1:amd64 (1.8.0-2.1) ...
Selecting previously unselected package libcurl4:amd64.
Preparing to unpack .../38-libcurl4_7.68.0-1_amd64.deb ...
Unpacking libcurl4:amd64 (7.68.0-1) ...
Selecting previously unselected package libjsoncpp1:amd64.
Preparing to unpack .../39-libjsoncpp1_1.7.4-3.1_amd64.deb ...
Unpacking libjsoncpp1:amd64 (1.7.4-3.1) ...
Selecting previously unselected package librhash0:amd64.
Preparing to unpack .../40-librhash0_1.3.9-1_amd64.deb ...
Unpacking librhash0:amd64 (1.3.9-1) ...
Selecting previously unselected package libuv1:amd64.
Preparing to unpack .../41-libuv1_1.34.2-1_amd64.deb ...
Unpacking libuv1:amd64 (1.34.2-1) ...
Selecting previously unselected package cmake.
Preparing to unpack .../42-cmake_3.16.3-1_amd64.deb ...
Unpacking cmake (3.16.3-1) ...
Selecting previously unselected package libtool.
Preparing to unpack .../43-libtool_2.4.6-13_all.deb ...
Unpacking libtool (2.4.6-13) ...
Selecting previously unselected package dh-autoreconf.
Preparing to unpack .../44-dh-autoreconf_19_all.deb ...
Unpacking dh-autoreconf (19) ...
Selecting previously unselected package libdebhelper-perl.
Preparing to unpack .../45-libdebhelper-perl_12.9_all.deb ...
Unpacking libdebhelper-perl (12.9) ...
Selecting previously unselected package libarchive-zip-perl.
Preparing to unpack .../46-libarchive-zip-perl_1.67-1_all.deb ...
Unpacking libarchive-zip-perl (1.67-1) ...
Selecting previously unselected package libsub-override-perl.
Preparing to unpack .../47-libsub-override-perl_0.09-2_all.deb ...
Unpacking libsub-override-perl (0.09-2) ...
Selecting previously unselected package libfile-stripnondeterminism-perl.
Preparing to unpack .../48-libfile-stripnondeterminism-perl_1.6.3-2_all.deb ...
Unpacking libfile-stripnondeterminism-perl (1.6.3-2) ...
Selecting previously unselected package dh-strip-nondeterminism.
Preparing to unpack .../49-dh-strip-nondeterminism_1.6.3-2_all.deb ...
Unpacking dh-strip-nondeterminism (1.6.3-2) ...
Selecting previously unselected package libelf1:amd64.
Preparing to unpack .../50-libelf1_0.176-1.1_amd64.deb ...
Unpacking libelf1:amd64 (0.176-1.1) ...
Selecting previously unselected package dwz.
Preparing to unpack .../51-dwz_0.13-5_amd64.deb ...
Unpacking dwz (0.13-5) ...
Selecting previously unselected package libglib2.0-0:amd64.
Preparing to unpack .../52-libglib2.0-0_2.62.4-2_amd64.deb ...
Unpacking libglib2.0-0:amd64 (2.62.4-2) ...
Selecting previously unselected package libcroco3:amd64.
Preparing to unpack .../53-libcroco3_0.6.13-1_amd64.deb ...
Unpacking libcroco3:amd64 (0.6.13-1) ...
Selecting previously unselected package gettext.
Preparing to unpack .../54-gettext_0.19.8.1-10_amd64.deb ...
Unpacking gettext (0.19.8.1-10) ...
Selecting previously unselected package intltool-debian.
Preparing to unpack .../55-intltool-debian_0.35.0+20060710.5_all.deb ...
Unpacking intltool-debian (0.35.0+20060710.5) ...
Selecting previously unselected package po-debconf.
Preparing to unpack .../56-po-debconf_1.0.21_all.deb ...
Unpacking po-debconf (1.0.21) ...
Selecting previously unselected package debhelper.
Preparing to unpack .../57-debhelper_12.9_all.deb ...
Unpacking debhelper (12.9) ...
Selecting previously unselected package dh-exec.
Preparing to unpack .../58-dh-exec_0.23.2_amd64.deb ...
Unpacking dh-exec (0.23.2) ...
Selecting previously unselected package libbsd-dev:amd64.
Preparing to unpack .../59-libbsd-dev_0.10.0-1_amd64.deb ...
Unpacking libbsd-dev:amd64 (0.10.0-1) ...
Selecting previously unselected package libclang-8-dev.
Preparing to unpack .../60-libclang-8-dev_1%3a8.0.1-7_amd64.deb ...
Unpacking libclang-8-dev (1:8.0.1-7) ...
Selecting previously unselected package libncurses-dev:amd64.
Preparing to unpack .../61-libncurses-dev_6.1+20191019-1_amd64.deb ...
Unpacking libncurses-dev:amd64 (6.1+20191019-1) ...
Selecting previously unselected package libtinfo-dev:amd64.
Preparing to unpack .../62-libtinfo-dev_6.1+20191019-1_amd64.deb ...
Unpacking libtinfo-dev:amd64 (6.1+20191019-1) ...
Selecting previously unselected package libedit-dev:amd64.
Preparing to unpack .../63-libedit-dev_3.1-20191231-1_amd64.deb ...
Unpacking libedit-dev:amd64 (3.1-20191231-1) ...
Selecting previously unselected package libffi-dev:amd64.
Preparing to unpack .../64-libffi-dev_3.3-3_amd64.deb ...
Unpacking libffi-dev:amd64 (3.3-3) ...
Selecting previously unselected package libpfm4:amd64.
Preparing to unpack .../65-libpfm4_4.10.1+git20-g7700f49-2_amd64.deb ...
Unpacking libpfm4:amd64 (4.10.1+git20-g7700f49-2) ...
Selecting previously unselected package libreadline-dev:amd64.
Preparing to unpack .../66-libreadline-dev_8.0-3_amd64.deb ...
Unpacking libreadline-dev:amd64 (8.0-3) ...
Selecting previously unselected package llvm-8-runtime.
Preparing to unpack .../67-llvm-8-runtime_1%3a8.0.1-7_amd64.deb ...
Unpacking llvm-8-runtime (1:8.0.1-7) ...
Selecting previously unselected package llvm-8.
Preparing to unpack .../68-llvm-8_1%3a8.0.1-7_amd64.deb ...
Unpacking llvm-8 (1:8.0.1-7) ...
Selecting previously unselected package llvm-8-dev.
Preparing to unpack .../69-llvm-8-dev_1%3a8.0.1-7_amd64.deb ...
Unpacking llvm-8-dev (1:8.0.1-7) ...
Selecting previously unselected package opencl-c-headers.
Preparing to unpack .../70-opencl-c-headers_2.2~2019.08.06-g0d5f18c-1_all.deb ...
Unpacking opencl-c-headers (2.2~2019.08.06-g0d5f18c-1) ...
Selecting previously unselected package zlib1g-dev:amd64.
Preparing to unpack .../71-zlib1g-dev_1%3a1.2.11.dfsg-1.2_amd64.deb ...
Unpacking zlib1g-dev:amd64 (1:1.2.11.dfsg-1.2) ...
Selecting previously unselected package sbuild-build-depends-main-dummy.
Preparing to unpack .../72-sbuild-build-depends-main-dummy_0.invalid.0_amd64.deb ...
Unpacking sbuild-build-depends-main-dummy (0.invalid.0) ...
Setting up libllvm8:amd64 (1:8.0.1-7) ...
Setting up libpipeline1:amd64 (1.5.2-2) ...
Setting up libkeyutils1:amd64 (1.6.1-2) ...
Setting up libpsl5:amd64 (0.20.2-2) ...
Setting up mime-support (3.64) ...
Setting up libmagic-mgc (1:5.38-4) ...
Setting up libarchive-zip-perl (1.67-1) ...
Setting up libglib2.0-0:amd64 (2.62.4-2) ...
No schema files found: doing nothing.
Setting up libclang-common-8-dev (1:8.0.1-7) ...
Setting up libdebhelper-perl (12.9) ...
Setting up libbrotli1:amd64 (1.0.7-6) ...
Setting up libsqlite3-0:amd64 (3.31.1-3) ...
Setting up libclang1-8 (1:8.0.1-7) ...
Setting up libnghttp2-14:amd64 (1.40.0-1) ...
Setting up libmagic1:amd64 (1:5.38-4) ...
Setting up gettext-base (0.19.8.1-10) ...
Setting up file (1:5.38-4) ...
Setting up libffi-dev:amd64 (3.3-3) ...
Setting up libldap-common (2.4.49+dfsg-1) ...
Setting up libicu63:amd64 (63.2-2) ...
Setting up libkrb5support0:amd64 (1.17-6) ...
Setting up libsasl2-modules-db:amd64 (2.1.27+dfsg-2) ...
Setting up autotools-dev (20180224.1) ...
Setting up libuv1:amd64 (1.34.2-1) ...
Setting up libpfm4:amd64 (4.10.1+git20-g7700f49-2) ...
Setting up librtmp1:amd64 (2.4+20151223.gitfa8646d.1-2+b1) ...
Setting up libncurses6:amd64 (6.1+20191019-1) ...
Setting up libsigsegv2:amd64 (2.12-2) ...
Setting up bsdmainutils (11.1.2+b1) ...
update-alternatives: using /usr/bin/bsd-write to provide /usr/bin/write (write) in auto mode
update-alternatives: using /usr/bin/bsd-from to provide /usr/bin/from (from) in auto mode
Setting up autopoint (0.19.8.1-10) ...
Setting up binfmt-support (2.2.0-2) ...
invoke-rc.d: could not determine current runlevel
All runlevel operations denied by policy
invoke-rc.d: policy-rc.d denied execution of start.
Setting up libk5crypto3:amd64 (1.17-6) ...
Setting up opencl-c-headers (2.2~2019.08.06-g0d5f18c-1) ...
Setting up libsasl2-2:amd64 (2.1.27+dfsg-2) ...
Setting up zlib1g-dev:amd64 (1:1.2.11.dfsg-1.2) ...
Setting up sensible-utils (0.0.12+nmu1) ...
Setting up librhash0:amd64 (1.3.9-1) ...
Setting up libuchardet0:amd64 (0.0.6-3) ...
Setting up libsub-override-perl (0.09-2) ...
Setting up libssh2-1:amd64 (1.8.0-2.1) ...
Setting up cmake-data (3.16.3-1) ...
Setting up libkrb5-3:amd64 (1.17-6) ...
Setting up libmpdec2:amd64 (2.4.2-2) ...
Setting up libelf1:amd64 (0.176-1.1) ...
Setting up readline-common (8.0-3) ...
Setting up libxml2:amd64 (2.9.10+dfsg-3) ...
Setting up libbsd-dev:amd64 (0.10.0-1) ...
Setting up libprocps8:amd64 (2:3.3.16-1+b1) ...
Setting up libjsoncpp1:amd64 (1.7.4-3.1) ...
Setting up libfile-stripnondeterminism-perl (1.6.3-2) ...
Setting up llvm-8-runtime (1:8.0.1-7) ...
Setting up libncurses-dev:amd64 (6.1+20191019-1) ...
Setting up libclang-8-dev (1:8.0.1-7) ...
Setting up libtool (2.4.6-13) ...
Setting up libarchive13:amd64 (3.4.0-1+b1) ...
Setting up clang-8 (1:8.0.1-7) ...
Setting up libreadline8:amd64 (8.0-3) ...
Setting up libldap-2.4-2:amd64 (2.4.49+dfsg-1) ...
Setting up m4 (1.4.18-4) ...
Setting up libreadline-dev:amd64 (8.0-3) ...
Setting up llvm-8 (1:8.0.1-7) ...
Setting up libedit-dev:amd64 (3.1-20191231-1) ...
Setting up libgssapi-krb5-2:amd64 (1.17-6) ...
Setting up libcroco3:amd64 (0.6.13-1) ...
Setting up autoconf (2.69-11.1) ...
Setting up dh-strip-nondeterminism (1.6.3-2) ...
Setting up dwz (0.13-5) ...
Setting up groff-base (1.22.4-4) ...
Setting up procps (2:3.3.16-1+b1) ...
update-alternatives: using /usr/bin/w.procps to provide /usr/bin/w (w) in auto mode
Setting up libcurl4:amd64 (7.68.0-1) ...
Setting up automake (1:1.16.1-4) ...
update-alternatives: using /usr/bin/automake-1.16 to provide /usr/bin/automake (automake) in auto mode
Setting up libtinfo-dev:amd64 (6.1+20191019-1) ...
Setting up libpython3.7-stdlib:amd64 (3.7.6-1+b1) ...
Setting up gettext (0.19.8.1-10) ...
Setting up llvm-8-dev (1:8.0.1-7) ...
Setting up man-db (2.9.0-2) ...
Not building database; man-db/auto-update is not 'true'.
Setting up intltool-debian (0.35.0+20060710.5) ...
Setting up cmake (3.16.3-1) ...
Setting up libpython3-stdlib:amd64 (3.7.5-3) ...
Setting up python3.7 (3.7.6-1+b1) ...
Setting up po-debconf (1.0.21) ...
Setting up python3 (3.7.5-3) ...
Setting up dh-autoreconf (19) ...
Setting up debhelper (12.9) ...
Setting up dh-exec (0.23.2) ...
Setting up sbuild-build-depends-main-dummy (0.invalid.0) ...
Processing triggers for libc-bin (2.29-10) ...

+------------------------------------------------------------------------------+
| Check architectures                                                          |
+------------------------------------------------------------------------------+

Arch check ok (amd64 included in any)

+------------------------------------------------------------------------------+
| Build environment                                                            |
+------------------------------------------------------------------------------+

Kernel: Linux 4.19.0-6-cloud-amd64 #1 SMP Debian 4.19.67-2+deb10u2 (2019-11-11) amd64 (x86_64)
Toolchain package versions: binutils_2.34-3 dpkg-dev_1.19.7 g++-9_9.2.1-29 gcc-9_9.2.1-29 libc6-dev_2.29-10 libstdc++-8-dev_8.3.0-29 libstdc++-9-dev_9.2.1-29 libstdc++6_10-20200222-1 linux-libc-dev_5.4.19-1
Package versions: adduser_3.118 apt_1.8.4 autoconf_2.69-11.1 automake_1:1.16.1-4 autopoint_0.19.8.1-10 autotools-dev_20180224.1 base-files_11 base-passwd_3.5.47 bash_5.0-5 binfmt-support_2.2.0-2 binutils_2.34-3 binutils-common_2.34-3 binutils-x86-64-linux-gnu_2.34-3 bsdmainutils_11.1.2+b1 bsdutils_1:2.34-0.1 build-essential_12.8 bzip2_1.0.8-2 clang-8_1:8.0.1-7 clang-9_1:9.0.1-8 cmake_3.16.3-1 cmake-data_3.16.3-1 coreutils_8.30-3+b1 cpp_4:9.2.1-3.1 cpp-9_9.2.1-29 dash_0.5.10.2-6 debconf_1.5.73 debhelper_12.9 debian-archive-keyring_2019.1 debianutils_4.9.1 dh-autoreconf_19 dh-exec_0.23.2 dh-strip-nondeterminism_1.6.3-2 diffutils_1:3.7-3 dpkg_1.19.7 dpkg-dev_1.19.7 dwz_0.13-5 e2fsprogs_1.45.5-2 fakeroot_1.24-1 fdisk_2.34-0.1 file_1:5.38-4 findutils_4.7.0-1 g++_4:9.2.1-3.1 g++-9_9.2.1-29 gcc_4:9.2.1-3.1 gcc-10-base_10-20200222-1 gcc-8-base_8.3.0-29 gcc-9_9.2.1-29 gcc-9-base_9.2.1-29 gettext_0.19.8.1-10 gettext-base_0.19.8.1-10 gpgv_2.2.19-1 grep_3.4-1 groff-base_1.22.4-4 gzip_1.9-3+b1 hostname_3.23 init-system-helpers_1.57 intltool-debian_0.35.0+20060710.5 lib32gcc-s1_10-20200222-1 lib32gcc1_1:10-20200222-1 lib32stdc++6_10-20200222-1 libacl1_2.2.53-5 libapt-pkg5.0_1.8.4 libarchive-zip-perl_1.67-1 libarchive13_3.4.0-1+b1 libasan5_9.2.1-29 libatomic1_10-20200222-1 libattr1_1:2.4.48-5 libaudit-common_1:2.8.5-2 libaudit1_1:2.8.5-2+b1 libbinutils_2.34-3 libblkid1_2.34-0.1 libbrotli1_1.0.7-6 libbsd-dev_0.10.0-1 libbsd0_0.10.0-1 libbz2-1.0_1.0.8-2 libc-bin_2.29-10 libc-dev-bin_2.29-10 libc6_2.29-10 libc6-dev_2.29-10 libc6-i386_2.29-10 libcap-ng0_0.7.9-2.1+b1 libcc1-0_10-20200222-1 libclang-8-dev_1:8.0.1-7 libclang-common-8-dev_1:8.0.1-7 libclang-common-9-dev_1:9.0.1-8 libclang-cpp9_1:9.0.1-8 libclang1-8_1:8.0.1-7 libcom-err2_1.45.5-2 libcroco3_0.6.13-1 libcrypt-dev_1:4.4.10-10 libcrypt1_1:4.4.10-10 libctf-nobfd0_2.34-3 libctf0_2.34-3 libcurl4_7.68.0-1 libdb5.3_5.3.28+dfsg1-0.6 libdebconfclient0_0.251 libdebhelper-perl_12.9 libdpkg-perl_1.19.7 libedit-dev_3.1-20191231-1 libedit2_3.1-20191231-1 libelf1_0.176-1.1 libexpat1_2.2.9-1 libext2fs2_1.45.5-2 libfakeroot_1.24-1 libfdisk1_2.34-0.1 libffi-dev_3.3-3 libffi7_3.3-3 libfile-stripnondeterminism-perl_1.6.3-2 libgc1c2_1:7.6.4-0.4 libgcc-8-dev_8.3.0-29 libgcc-9-dev_9.2.1-29 libgcc-s1_10-20200222-1 libgcc1_1:10-20200222-1 libgcrypt20_1.8.5-5 libgdbm-compat4_1.18.1-5 libgdbm6_1.18.1-5 libglib2.0-0_2.62.4-2 libgmp10_2:6.2.0+dfsg-4 libgnutls30_3.6.12-2 libgomp1_10-20200222-1 libgpg-error0_1.37-1 libgssapi-krb5-2_1.17-6 libhogweed5_3.5.1+really3.5.1-2 libicu63_63.2-2 libidn2-0_2.2.0-2 libisl22_0.22.1-1 libitm1_10-20200222-1 libjsoncpp1_1.7.4-3.1 libk5crypto3_1.17-6 libkeyutils1_1.6.1-2 libkrb5-3_1.17-6 libkrb5support0_1.17-6 libldap-2.4-2_2.4.49+dfsg-1 libldap-common_2.4.49+dfsg-1 libllvm8_1:8.0.1-7 libllvm9_1:9.0.1-8 liblsan0_10-20200222-1 liblz4-1_1.9.2-2 liblzma5_5.2.4-1+b1 libmagic-mgc_1:5.38-4 libmagic1_1:5.38-4 libmount1_2.34-0.1 libmpc3_1.1.0-1 libmpdec2_2.4.2-2 libmpfr6_4.0.2-1 libmpx2_8.3.0-29 libncurses-dev_6.1+20191019-1 libncurses6_6.1+20191019-1 libncursesw6_6.1+20191019-1 libnettle7_3.5.1+really3.5.1-2 libnghttp2-14_1.40.0-1 libobjc-8-dev_8.3.0-29 libobjc-9-dev_9.2.1-29 libobjc4_10-20200222-1 libomp-9-dev_1:9.0.1-8 libomp5-9_1:9.0.1-8 libp11-kit0_0.23.20-1 libpam-modules_1.3.1-5 libpam-modules-bin_1.3.1-5 libpam-runtime_1.3.1-5 libpam0g_1.3.1-5 libpcre2-8-0_10.34-7 libpcre3_2:8.39-12+b1 libperl5.30_5.30.0-9 libpfm4_4.10.1+git20-g7700f49-2 libpipeline1_1.5.2-2 libprocps8_2:3.3.16-1+b1 libpsl5_0.20.2-2 libpython3-stdlib_3.7.5-3 libpython3.7-minimal_3.7.6-1+b1 libpython3.7-stdlib_3.7.6-1+b1 libquadmath0_10-20200222-1 libreadline-dev_8.0-3 libreadline8_8.0-3 librhash0_1.3.9-1 librtmp1_2.4+20151223.gitfa8646d.1-2+b1 libsasl2-2_2.1.27+dfsg-2 libsasl2-modules-db_2.1.27+dfsg-2 libseccomp2_2.4.2-2 libselinux1_3.0-1+b1 libsemanage-common_3.0-1 libsemanage1_3.0-1+b1 libsepol1_3.0-1 libsigsegv2_2.12-2 libsmartcols1_2.34-0.1 libsqlite3-0_3.31.1-3 libss2_1.45.5-2 libssh2-1_1.8.0-2.1 libssl1.1_1.1.1d-2 libstdc++-8-dev_8.3.0-29 libstdc++-9-dev_9.2.1-29 libstdc++6_10-20200222-1 libsub-override-perl_0.09-2 libsystemd0_244.3-1 libtasn1-6_4.16.0-2 libtinfo-dev_6.1+20191019-1 libtinfo6_6.1+20191019-1 libtool_2.4.6-13 libtsan0_10-20200222-1 libubsan1_10-20200222-1 libuchardet0_0.0.6-3 libudev1_244.3-1 libunistring2_0.9.10-2 libuuid1_2.34-0.1 libuv1_1.34.2-1 libxml2_2.9.10+dfsg-3 libz3-4_4.8.7-4 libzstd1_1.4.4+dfsg-3 linux-libc-dev_5.4.19-1 llvm-8_1:8.0.1-7 llvm-8-dev_1:8.0.1-7 llvm-8-runtime_1:8.0.1-7 login_1:4.8.1-1 logsave_1.45.5-2 lsb-base_11.1.0 m4_1.4.18-4 make_4.2.1-1.2 man-db_2.9.0-2 mawk_1.3.4.20200120-2 mime-support_3.64 mount_2.34-0.1 ncurses-base_6.1+20191019-1 ncurses-bin_6.1+20191019-1 opencl-c-headers_2.2~2019.08.06-g0d5f18c-1 passwd_1:4.8.1-1 patch_2.7.6-6 perl_5.30.0-9 perl-base_5.30.0-9 perl-modules-5.30_5.30.0-9 po-debconf_1.0.21 procps_2:3.3.16-1+b1 python3_3.7.5-3 python3-minimal_3.7.5-3 python3.7_3.7.6-1+b1 python3.7-minimal_3.7.6-1+b1 readline-common_8.0-3 sbuild-build-depends-main-dummy_0.invalid.0 sed_4.7-1 sensible-utils_0.0.12+nmu1 sysvinit-utils_2.96-2.1 tar_1.30+dfsg-6+b1 tzdata_2019c-3 util-linux_2.34-0.1 xz-utils_5.2.4-1+b1 zlib1g_1:1.2.11.dfsg-1.2 zlib1g-dev_1:1.2.11.dfsg-1.2

+------------------------------------------------------------------------------+
| Build                                                                        |
+------------------------------------------------------------------------------+


Unpack source
-------------

-----BEGIN PGP SIGNED MESSAGE-----
Hash: SHA256

Format: 3.0 (quilt)
Source: oclgrind
Binary: liboclgrind-19.10, liboclgrind-dev, oclgrind
Architecture: any
Version: 19.10-1
Maintainer: Debian OpenCL Maintainers <pkg-opencl-devel@lists.alioth.debian.org>
Uploaders:  James Price <jamesprice.dev@gmail.com>, Andreas Beckmann <anbe@debian.org>,
Homepage: https://github.com/jrprice/Oclgrind
Standards-Version: 4.4.1
Vcs-Browser: https://salsa.debian.org/opencl-team/oclgrind
Vcs-Git: https://salsa.debian.org/opencl-team/oclgrind.git
Build-Depends: debhelper-compat (= 12), dh-exec, cmake, llvm-8-dev, libclang-8-dev, clang-8, libedit-dev, zlib1g-dev, libreadline-dev, opencl-c-headers, python3
Package-List:
 liboclgrind-19.10 deb libs optional arch=any
 liboclgrind-dev deb libdevel optional arch=any
 oclgrind deb devel optional arch=any
Checksums-Sha1:
 dfb36b8b722fdbda279c71b8e0025c096ad5e737 198218 oclgrind_19.10.orig.tar.gz
 6bc0c995b2bfcf70251f8924bb4947145a5fff2c 7456 oclgrind_19.10-1.debian.tar.xz
Checksums-Sha256:
 f9a8f22cb9f6d88670f2578c46ba0d728ba8eaee5c481c2811129dc157c43dc0 198218 oclgrind_19.10.orig.tar.gz
 e41ed9312c54b6f8972558c8876554e6d83eedb5f166c78a1206396f4de75432 7456 oclgrind_19.10-1.debian.tar.xz
Files:
 77c98387bf7c23844c141390f2c10a55 198218 oclgrind_19.10.orig.tar.gz
 62b1499ee488192d62aea74bb4d464bc 7456 oclgrind_19.10-1.debian.tar.xz

-----BEGIN PGP SIGNATURE-----

iQJEBAEBCAAuFiEE6/MKMKjZxjvaRMaUX7M/k1np7QgFAl3bLCMQHGFuYmVAZGVi
aWFuLm9yZwAKCRBfsz+TWentCDqaD/95MV9aM0PYsezgdUWb2AkJcvLD7lYAQO1A
Mf7dlF6KlFTbpfkUtw0EpkwnmQ046r96NclWqfcRI9F56rWPcIlYafRnpraVtP+L
W0JULm/92CRDtO4kTYlsnm9IoyJFzMzBOKo8kmiBeAZhuCm95UX8HRzSBHuv1LzP
3jh16ewW1WrF3tGdZN7EXBf4OtrvnRkUpinXgVq8UZU9f20DA6uASpdA6ZEGP0Zy
5ue6gl3z3WluuD+Xyb2adGnCUZk3SoHp4YxqP1uRNJWdkQ5hNv4a/XuBHOgr6xyT
GU+LgaQihWQUrc3hjS7xaYHdGBuBIoT90bLAgT9GvXw5JHT8cqPDCjyNZGH0AvjL
9mnIiTgkJIIrnQLHeUwEUeIYWKAZvDnXDSeo8sTlMxIzwGIdZC2JONT+LOsTWwnk
9JvYGLQVcMC0jrouAAcmIbfrtdvkTcGMlkQBonOHsxjTny4diaaIl4g0kImT2RMG
8sIj8QxWb0qJ1owsD6Yghuae0v15yBS+xhKZHS/1LyX7x3RSTA/DMBccjoaSefwx
FfsSeipNzVZVkRaVSQtgb3393InARqO+bSctzhOyoqSoT25kYdTDrRxyRwQfJF+T
7Z+BQi4EjgSy9zXGjIt3dTCFhiRTN3gTuWw0VwnusEzWU2NPBfC2l8r9SXuDvyJe
1oPWuXiwqw==
=d62b
-----END PGP SIGNATURE-----

gpgv: unknown type of key resource 'trustedkeys.kbx'
gpgv: keyblock resource '/sbuild-nonexistent/.gnupg/trustedkeys.kbx': General error
gpgv: Signature made Mon Nov 25 01:19:31 2019 UTC
gpgv:                using RSA key EBF30A30A8D9C63BDA44C6945FB33F9359E9ED08
gpgv:                issuer "anbe@debian.org"
gpgv: Can't check signature: No public key
dpkg-source: warning: failed to verify signature on ./oclgrind_19.10-1.dsc
dpkg-source: info: extracting oclgrind in /<<PKGBUILDDIR>>
dpkg-source: info: unpacking oclgrind_19.10.orig.tar.gz
dpkg-source: info: unpacking oclgrind_19.10-1.debian.tar.xz
dpkg-source: info: using patch list from debian/patches/series
dpkg-source: info: applying private-library-location.patch
dpkg-source: info: applying library-versions.patch
dpkg-source: info: applying pch-location.patch
dpkg-source: info: applying use-opencl-headers.patch
dpkg-source: info: applying altivec-fix.patch
dpkg-source: info: applying atomic.patch

Check disk space
----------------

Sufficient free space for build

User Environment
----------------

APT_CONFIG=/var/lib/sbuild/apt.conf
HOME=/sbuild-nonexistent
LANG=C.UTF-8
LC_ALL=C.UTF-8
LOGNAME=user42
PATH=/usr/local/sbin:/usr/local/bin:/usr/sbin:/usr/bin:/sbin:/bin:/usr/games
SCHROOT_ALIAS_NAME=unstable
SCHROOT_CHROOT_NAME=sid-amd64-sbuild
SCHROOT_COMMAND=env
SCHROOT_GID=1001
SCHROOT_GROUP=user42
SCHROOT_SESSION_ID=sid-amd64-sbuild-b602b3f1-9a64-4914-858f-aa0d83723da2
SCHROOT_UID=1001
SCHROOT_USER=user42
SHELL=/bin/sh
USER=user42

dpkg-buildpackage
-----------------

Command: dpkg-buildpackage -us -uc -b -rfakeroot
dpkg-buildpackage: info: source package oclgrind
dpkg-buildpackage: info: source version 19.10-1
dpkg-buildpackage: info: source distribution unstable
dpkg-buildpackage: info: source changed by James Price <jamesprice.dev@gmail.com>
 dpkg-source --before-build .
dpkg-buildpackage: info: host architecture amd64
 debian/rules clean
dh clean --buildsystem=cmake
   debian/rules override_dh_auto_clean
make[1]: Entering directory '/<<PKGBUILDDIR>>'
dh_auto_clean
find tests/ -name "*.out" -delete
if [ -d src/CL-Do-Not-Use ]; then mv src/CL-Do-Not-Use src/CL ; fi
make[1]: Leaving directory '/<<PKGBUILDDIR>>'
   dh_autoreconf_clean -O--buildsystem=cmake
   dh_clean -O--buildsystem=cmake
 debian/rules binary
dh binary --buildsystem=cmake
   dh_update_autotools_config -O--buildsystem=cmake
   dh_autoreconf -O--buildsystem=cmake
   debian/rules override_dh_auto_configure
make[1]: Entering directory '/<<PKGBUILDDIR>>'
if [ -d src/CL ]; then mv src/CL src/CL-Do-Not-Use ; fi
dh_auto_configure -- -DLLVM_DIR=/usr/lib/llvm-8/lib/cmake/llvm
	cd obj-x86_64-linux-gnu && cmake -DCMAKE_INSTALL_PREFIX=/usr -DCMAKE_BUILD_TYPE=None -DCMAKE_INSTALL_SYSCONFDIR=/etc -DCMAKE_INSTALL_LOCALSTATEDIR=/var -DCMAKE_EXPORT_NO_PACKAGE_REGISTRY=ON -DCMAKE_FIND_PACKAGE_NO_PACKAGE_REGISTRY=ON -DCMAKE_INSTALL_RUNSTATEDIR=/run "-GUnix Makefiles" -DCMAKE_VERBOSE_MAKEFILE=ON -DCMAKE_INSTALL_LIBDIR=lib/x86_64-linux-gnu -DLLVM_DIR=/usr/lib/llvm-8/lib/cmake/llvm ..
-- The C compiler identification is Clang 9.0.1
-- The CXX compiler identification is Clang 9.0.1
-- Check for working C compiler: /usr/bin/cc
-- Check for working C compiler: /usr/bin/cc -- works
-- Detecting C compiler ABI info
-- Detecting C compiler ABI info - done
-- Detecting C compile features
-- Detecting C compile features - done
-- Check for working CXX compiler: /usr/bin/c++
-- Check for working CXX compiler: /usr/bin/c++ -- works
-- Detecting CXX compiler ABI info
-- Detecting CXX compiler ABI info - done
-- Detecting CXX compile features
-- Detecting CXX compile features - done
-- Performing Test HAVE_GCC_C11_ATOMICS_WITHOUT_LIBATOMIC
-- Performing Test HAVE_GCC_C11_ATOMICS_WITHOUT_LIBATOMIC - Success
-- Check if the system is big endian
-- Searching 16 bit integer
-- Looking for sys/types.h
-- Looking for sys/types.h - found
-- Looking for stdint.h
-- Looking for stdint.h - found
-- Looking for stddef.h
-- Looking for stddef.h - found
-- Check size of unsigned short
-- Check size of unsigned short - done
-- Using unsigned short
-- Check if the system is big endian - little endian
-- Found LLVM 8.0.1
-- Using LLVMConfig.cmake in: /usr/lib/llvm-8/lib/cmake/llvm
-- Using opencl-c.h: /usr/lib/llvm-8/lib/clang/8.0.1/include/opencl-c.h
-- Looking for include files stdio.h, readline/readline.h
-- Looking for include files stdio.h, readline/readline.h - found
-- Looking for include files stdio.h, readline/history.h
-- Looking for include files stdio.h, readline/history.h - found
-- Looking for readline in readline
-- Looking for readline in readline - found
-- Looking for add_history in readline
-- Looking for add_history in readline - found
-- Found PythonInterp: /usr/bin/python3.7 (found version "3.7.6") 
-- Configuring done
-- Generating done
CMake Warning:
  Manually-specified variables were not used by the project:

    CMAKE_EXPORT_NO_PACKAGE_REGISTRY
    CMAKE_INSTALL_LIBDIR
    CMAKE_INSTALL_LOCALSTATEDIR
    CMAKE_INSTALL_RUNSTATEDIR
    CMAKE_INSTALL_SYSCONFDIR


-- Build files have been written to: /<<PKGBUILDDIR>>/obj-x86_64-linux-gnu
make[1]: Leaving directory '/<<PKGBUILDDIR>>'
   dh_auto_build -O--buildsystem=cmake
	cd obj-x86_64-linux-gnu && make -j4 "INSTALL=install --strip-program=true"
make[1]: Entering directory '/<<PKGBUILDDIR>>/obj-x86_64-linux-gnu'
/usr/bin/cmake -S/<<PKGBUILDDIR>> -B/<<PKGBUILDDIR>>/obj-x86_64-linux-gnu --check-build-system CMakeFiles/Makefile.cmake 0
/usr/bin/cmake -E cmake_progress_start /<<PKGBUILDDIR>>/obj-x86_64-linux-gnu/CMakeFiles /<<PKGBUILDDIR>>/obj-x86_64-linux-gnu/CMakeFiles/progress.marks
make -f CMakeFiles/Makefile2 all
make[2]: Entering directory '/<<PKGBUILDDIR>>/obj-x86_64-linux-gnu'
make -f CMakeFiles/oclgrind.dir/build.make CMakeFiles/oclgrind.dir/depend
make -f CMakeFiles/oclgrind-exe.dir/build.make CMakeFiles/oclgrind-exe.dir/depend
make[3]: Entering directory '/<<PKGBUILDDIR>>/obj-x86_64-linux-gnu'
make -f CMakeFiles/OPENCL_C_HEADERS.dir/build.make CMakeFiles/OPENCL_C_HEADERS.dir/depend
make[3]: Entering directory '/<<PKGBUILDDIR>>/obj-x86_64-linux-gnu'
cd /<<PKGBUILDDIR>>/obj-x86_64-linux-gnu && /usr/bin/cmake -E cmake_depends "Unix Makefiles" /<<PKGBUILDDIR>> /<<PKGBUILDDIR>> /<<PKGBUILDDIR>>/obj-x86_64-linux-gnu /<<PKGBUILDDIR>>/obj-x86_64-linux-gnu /<<PKGBUILDDIR>>/obj-x86_64-linux-gnu/CMakeFiles/oclgrind-exe.dir/DependInfo.cmake --color=
make[3]: Entering directory '/<<PKGBUILDDIR>>/obj-x86_64-linux-gnu'
cd /<<PKGBUILDDIR>>/obj-x86_64-linux-gnu && /usr/bin/cmake -E cmake_depends "Unix Makefiles" /<<PKGBUILDDIR>> /<<PKGBUILDDIR>> /<<PKGBUILDDIR>>/obj-x86_64-linux-gnu /<<PKGBUILDDIR>>/obj-x86_64-linux-gnu /<<PKGBUILDDIR>>/obj-x86_64-linux-gnu/CMakeFiles/OPENCL_C_HEADERS.dir/DependInfo.cmake --color=
[  1%] Generating src/core/opencl-c.h.cpp
/usr/bin/cmake -DSOURCE_FILE=/usr/lib/llvm-8/lib/clang/8.0.1/include/opencl-c.h -P /<<PKGBUILDDIR>>/src/core/gen_opencl-c.h.cmake
Scanning dependencies of target oclgrind-exe
make[3]: Leaving directory '/<<PKGBUILDDIR>>/obj-x86_64-linux-gnu'
make -f CMakeFiles/oclgrind-exe.dir/build.make CMakeFiles/oclgrind-exe.dir/build
make[3]: Entering directory '/<<PKGBUILDDIR>>/obj-x86_64-linux-gnu'
Scanning dependencies of target OPENCL_C_HEADERS
make[3]: Leaving directory '/<<PKGBUILDDIR>>/obj-x86_64-linux-gnu'
make -f CMakeFiles/OPENCL_C_HEADERS.dir/build.make CMakeFiles/OPENCL_C_HEADERS.dir/build
[  3%] Building CXX object CMakeFiles/oclgrind-exe.dir/src/runtime/oclgrind.cpp.o
/usr/bin/c++  -DLIBDIR_SUFFIX=\"\" -I/usr/lib/llvm-8/include -I/include -I/<<PKGBUILDDIR>>/src -I/<<PKGBUILDDIR>>/obj-x86_64-linux-gnu  -g -O2 -fdebug-prefix-map=/<<PKGBUILDDIR>>=. -fstack-protector-strong -Wformat -Werror=format-security -Wdate-time -D_FORTIFY_SOURCE=2 -std=gnu++11 -fno-rtti -Wall -Wno-strict-aliasing -Wno-ignored-attributes -Wno-gcc-compat -Wno-availability   -D_GNU_SOURCE -D__STDC_CONSTANT_MACROS -D__STDC_FORMAT_MACROS -D__STDC_LIMIT_MACROS -o CMakeFiles/oclgrind-exe.dir/src/runtime/oclgrind.cpp.o -c /<<PKGBUILDDIR>>/src/runtime/oclgrind.cpp
make[3]: Entering directory '/<<PKGBUILDDIR>>/obj-x86_64-linux-gnu'
[  5%] Generating include/oclgrind/opencl-c.h
/usr/bin/cmake -E copy /usr/lib/llvm-8/lib/clang/8.0.1/include/opencl-c.h include/oclgrind/opencl-c.h
[  6%] Generating include/oclgrind/opencl-c-1.2-32.pch
/usr/lib/llvm-8/bin/clang -cc1 -x cl -cl-std=CL1.2 -O0 -fno-builtin -fgnu89-inline -emit-pch -triple spir-unknown-unknown -relocatable-pch -isysroot /<<PKGBUILDDIR>>/obj-x86_64-linux-gnu/include/oclgrind/ include/oclgrind/opencl-c.h -o include/oclgrind/opencl-c-1.2-32.pch
[  8%] Generating include/oclgrind/opencl-c-1.2-64.pch
/usr/lib/llvm-8/bin/clang -cc1 -x cl -cl-std=CL1.2 -O0 -fno-builtin -fgnu89-inline -emit-pch -triple spir64-unknown-unknown -relocatable-pch -isysroot /<<PKGBUILDDIR>>/obj-x86_64-linux-gnu/include/oclgrind/ include/oclgrind/opencl-c.h -o include/oclgrind/opencl-c-1.2-64.pch
[ 10%] Generating include/oclgrind/opencl-c-2.0-32.pch
/usr/lib/llvm-8/bin/clang -cc1 -x cl -cl-std=CL2.0 -O0 -fno-builtin -fgnu89-inline -emit-pch -triple spir-unknown-unknown -relocatable-pch -isysroot /<<PKGBUILDDIR>>/obj-x86_64-linux-gnu/include/oclgrind/ include/oclgrind/opencl-c.h -o include/oclgrind/opencl-c-2.0-32.pch
[ 12%] Generating include/oclgrind/opencl-c-2.0-64.pch
/usr/lib/llvm-8/bin/clang -cc1 -x cl -cl-std=CL2.0 -O0 -fno-builtin -fgnu89-inline -emit-pch -triple spir64-unknown-unknown -relocatable-pch -isysroot /<<PKGBUILDDIR>>/obj-x86_64-linux-gnu/include/oclgrind/ include/oclgrind/opencl-c.h -o include/oclgrind/opencl-c-2.0-64.pch
/<<PKGBUILDDIR>>/src/runtime/oclgrind.cpp:436:3: warning: ignoring return value of function declared with 'warn_unused_result' attribute [-Wunused-result]
  realpath(exepath, path);
  ^~~~~~~~ ~~~~~~~~~~~~~
make[3]: Leaving directory '/<<PKGBUILDDIR>>/obj-x86_64-linux-gnu'
[ 12%] Built target OPENCL_C_HEADERS
1 warning generated.
[ 13%] Linking CXX executable oclgrind
/usr/bin/cmake -E cmake_link_script CMakeFiles/oclgrind-exe.dir/link.txt --verbose=1
/usr/bin/c++  -g -O2 -fdebug-prefix-map=/<<PKGBUILDDIR>>=. -fstack-protector-strong -Wformat -Werror=format-security -Wdate-time -D_FORTIFY_SOURCE=2 -std=gnu++11 -fno-rtti -Wall -Wno-strict-aliasing -Wno-ignored-attributes -Wno-gcc-compat -Wno-availability  -Wl,-z,relro -Wl,-z,now -Wl,--as-needed -rdynamic CMakeFiles/oclgrind-exe.dir/src/runtime/oclgrind.cpp.o  -o oclgrind   -L/usr/lib/llvm-8/lib 
make[3]: Leaving directory '/<<PKGBUILDDIR>>/obj-x86_64-linux-gnu'
[ 13%] Built target oclgrind-exe
cd /<<PKGBUILDDIR>>/obj-x86_64-linux-gnu && /usr/bin/cmake -E cmake_depends "Unix Makefiles" /<<PKGBUILDDIR>> /<<PKGBUILDDIR>> /<<PKGBUILDDIR>>/obj-x86_64-linux-gnu /<<PKGBUILDDIR>>/obj-x86_64-linux-gnu /<<PKGBUILDDIR>>/obj-x86_64-linux-gnu/CMakeFiles/oclgrind.dir/DependInfo.cmake --color=
Scanning dependencies of target oclgrind
make[3]: Leaving directory '/<<PKGBUILDDIR>>/obj-x86_64-linux-gnu'
make -f CMakeFiles/oclgrind.dir/build.make CMakeFiles/oclgrind.dir/build
make[3]: Entering directory '/<<PKGBUILDDIR>>/obj-x86_64-linux-gnu'
[ 15%] Building CXX object CMakeFiles/oclgrind.dir/src/core/opencl-c.h.cpp.o
/usr/bin/c++  -Doclgrind_EXPORTS -I/usr/lib/llvm-8/include -I/include -I/<<PKGBUILDDIR>>/src -I/<<PKGBUILDDIR>>/obj-x86_64-linux-gnu  -g -O2 -fdebug-prefix-map=/<<PKGBUILDDIR>>=. -fstack-protector-strong -Wformat -Werror=format-security -Wdate-time -D_FORTIFY_SOURCE=2 -std=gnu++11 -fno-rtti -Wall -Wno-strict-aliasing -Wno-ignored-attributes -Wno-gcc-compat -Wno-availability -fPIC   -D_GNU_SOURCE -D__STDC_CONSTANT_MACROS -D__STDC_FORMAT_MACROS -D__STDC_LIMIT_MACROS -o CMakeFiles/oclgrind.dir/src/core/opencl-c.h.cpp.o -c /<<PKGBUILDDIR>>/obj-x86_64-linux-gnu/src/core/opencl-c.h.cpp
[ 17%] Building CXX object CMakeFiles/oclgrind.dir/src/core/common.cpp.o
[ 18%] Building CXX object CMakeFiles/oclgrind.dir/src/core/Context.cpp.o
[ 20%] Building CXX object CMakeFiles/oclgrind.dir/src/core/half.cpp.o
/usr/bin/c++  -Doclgrind_EXPORTS -I/usr/lib/llvm-8/include -I/include -I/<<PKGBUILDDIR>>/src -I/<<PKGBUILDDIR>>/obj-x86_64-linux-gnu  -g -O2 -fdebug-prefix-map=/<<PKGBUILDDIR>>=. -fstack-protector-strong -Wformat -Werror=format-security -Wdate-time -D_FORTIFY_SOURCE=2 -std=gnu++11 -fno-rtti -Wall -Wno-strict-aliasing -Wno-ignored-attributes -Wno-gcc-compat -Wno-availability -fPIC   -D_GNU_SOURCE -D__STDC_CONSTANT_MACROS -D__STDC_FORMAT_MACROS -D__STDC_LIMIT_MACROS -o CMakeFiles/oclgrind.dir/src/core/common.cpp.o -c /<<PKGBUILDDIR>>/src/core/common.cpp
/usr/bin/c++  -Doclgrind_EXPORTS -I/usr/lib/llvm-8/include -I/include -I/<<PKGBUILDDIR>>/src -I/<<PKGBUILDDIR>>/obj-x86_64-linux-gnu  -g -O2 -fdebug-prefix-map=/<<PKGBUILDDIR>>=. -fstack-protector-strong -Wformat -Werror=format-security -Wdate-time -D_FORTIFY_SOURCE=2 -std=gnu++11 -fno-rtti -Wall -Wno-strict-aliasing -Wno-ignored-attributes -Wno-gcc-compat -Wno-availability -fPIC   -D_GNU_SOURCE -D__STDC_CONSTANT_MACROS -D__STDC_FORMAT_MACROS -D__STDC_LIMIT_MACROS -o CMakeFiles/oclgrind.dir/src/core/Context.cpp.o -c /<<PKGBUILDDIR>>/src/core/Context.cpp
/usr/bin/c++  -Doclgrind_EXPORTS -I/usr/lib/llvm-8/include -I/include -I/<<PKGBUILDDIR>>/src -I/<<PKGBUILDDIR>>/obj-x86_64-linux-gnu  -g -O2 -fdebug-prefix-map=/<<PKGBUILDDIR>>=. -fstack-protector-strong -Wformat -Werror=format-security -Wdate-time -D_FORTIFY_SOURCE=2 -std=gnu++11 -fno-rtti -Wall -Wno-strict-aliasing -Wno-ignored-attributes -Wno-gcc-compat -Wno-availability -fPIC   -D_GNU_SOURCE -D__STDC_CONSTANT_MACROS -D__STDC_FORMAT_MACROS -D__STDC_LIMIT_MACROS -o CMakeFiles/oclgrind.dir/src/core/half.cpp.o -c /<<PKGBUILDDIR>>/src/core/half.cpp
[ 22%] Building CXX object CMakeFiles/oclgrind.dir/src/core/Kernel.cpp.o
/usr/bin/c++  -Doclgrind_EXPORTS -I/usr/lib/llvm-8/include -I/include -I/<<PKGBUILDDIR>>/src -I/<<PKGBUILDDIR>>/obj-x86_64-linux-gnu  -g -O2 -fdebug-prefix-map=/<<PKGBUILDDIR>>=. -fstack-protector-strong -Wformat -Werror=format-security -Wdate-time -D_FORTIFY_SOURCE=2 -std=gnu++11 -fno-rtti -Wall -Wno-strict-aliasing -Wno-ignored-attributes -Wno-gcc-compat -Wno-availability -fPIC   -D_GNU_SOURCE -D__STDC_CONSTANT_MACROS -D__STDC_FORMAT_MACROS -D__STDC_LIMIT_MACROS -o CMakeFiles/oclgrind.dir/src/core/Kernel.cpp.o -c /<<PKGBUILDDIR>>/src/core/Kernel.cpp
[ 24%] Building CXX object CMakeFiles/oclgrind.dir/src/core/KernelInvocation.cpp.o
/usr/bin/c++  -Doclgrind_EXPORTS -I/usr/lib/llvm-8/include -I/include -I/<<PKGBUILDDIR>>/src -I/<<PKGBUILDDIR>>/obj-x86_64-linux-gnu  -g -O2 -fdebug-prefix-map=/<<PKGBUILDDIR>>=. -fstack-protector-strong -Wformat -Werror=format-security -Wdate-time -D_FORTIFY_SOURCE=2 -std=gnu++11 -fno-rtti -Wall -Wno-strict-aliasing -Wno-ignored-attributes -Wno-gcc-compat -Wno-availability -fPIC   -D_GNU_SOURCE -D__STDC_CONSTANT_MACROS -D__STDC_FORMAT_MACROS -D__STDC_LIMIT_MACROS -o CMakeFiles/oclgrind.dir/src/core/KernelInvocation.cpp.o -c /<<PKGBUILDDIR>>/src/core/KernelInvocation.cpp
[ 25%] Building CXX object CMakeFiles/oclgrind.dir/src/core/Memory.cpp.o
/usr/bin/c++  -Doclgrind_EXPORTS -I/usr/lib/llvm-8/include -I/include -I/<<PKGBUILDDIR>>/src -I/<<PKGBUILDDIR>>/obj-x86_64-linux-gnu  -g -O2 -fdebug-prefix-map=/<<PKGBUILDDIR>>=. -fstack-protector-strong -Wformat -Werror=format-security -Wdate-time -D_FORTIFY_SOURCE=2 -std=gnu++11 -fno-rtti -Wall -Wno-strict-aliasing -Wno-ignored-attributes -Wno-gcc-compat -Wno-availability -fPIC   -D_GNU_SOURCE -D__STDC_CONSTANT_MACROS -D__STDC_FORMAT_MACROS -D__STDC_LIMIT_MACROS -o CMakeFiles/oclgrind.dir/src/core/Memory.cpp.o -c /<<PKGBUILDDIR>>/src/core/Memory.cpp
[ 27%] Building CXX object CMakeFiles/oclgrind.dir/src/core/Plugin.cpp.o
/usr/bin/c++  -Doclgrind_EXPORTS -I/usr/lib/llvm-8/include -I/include -I/<<PKGBUILDDIR>>/src -I/<<PKGBUILDDIR>>/obj-x86_64-linux-gnu  -g -O2 -fdebug-prefix-map=/<<PKGBUILDDIR>>=. -fstack-protector-strong -Wformat -Werror=format-security -Wdate-time -D_FORTIFY_SOURCE=2 -std=gnu++11 -fno-rtti -Wall -Wno-strict-aliasing -Wno-ignored-attributes -Wno-gcc-compat -Wno-availability -fPIC   -D_GNU_SOURCE -D__STDC_CONSTANT_MACROS -D__STDC_FORMAT_MACROS -D__STDC_LIMIT_MACROS -o CMakeFiles/oclgrind.dir/src/core/Plugin.cpp.o -c /<<PKGBUILDDIR>>/src/core/Plugin.cpp
[ 29%] Building CXX object CMakeFiles/oclgrind.dir/src/core/Program.cpp.o
/usr/bin/c++  -Doclgrind_EXPORTS -I/usr/lib/llvm-8/include -I/include -I/<<PKGBUILDDIR>>/src -I/<<PKGBUILDDIR>>/obj-x86_64-linux-gnu  -g -O2 -fdebug-prefix-map=/<<PKGBUILDDIR>>=. -fstack-protector-strong -Wformat -Werror=format-security -Wdate-time -D_FORTIFY_SOURCE=2 -std=gnu++11 -fno-rtti -Wall -Wno-strict-aliasing -Wno-ignored-attributes -Wno-gcc-compat -Wno-availability -fPIC   -D_GNU_SOURCE -D__STDC_CONSTANT_MACROS -D__STDC_FORMAT_MACROS -D__STDC_LIMIT_MACROS -o CMakeFiles/oclgrind.dir/src/core/Program.cpp.o -c /<<PKGBUILDDIR>>/src/core/Program.cpp
[ 31%] Building CXX object CMakeFiles/oclgrind.dir/src/core/Queue.cpp.o
/usr/bin/c++  -Doclgrind_EXPORTS -I/usr/lib/llvm-8/include -I/include -I/<<PKGBUILDDIR>>/src -I/<<PKGBUILDDIR>>/obj-x86_64-linux-gnu  -g -O2 -fdebug-prefix-map=/<<PKGBUILDDIR>>=. -fstack-protector-strong -Wformat -Werror=format-security -Wdate-time -D_FORTIFY_SOURCE=2 -std=gnu++11 -fno-rtti -Wall -Wno-strict-aliasing -Wno-ignored-attributes -Wno-gcc-compat -Wno-availability -fPIC   -D_GNU_SOURCE -D__STDC_CONSTANT_MACROS -D__STDC_FORMAT_MACROS -D__STDC_LIMIT_MACROS -o CMakeFiles/oclgrind.dir/src/core/Queue.cpp.o -c /<<PKGBUILDDIR>>/src/core/Queue.cpp
[ 32%] Building CXX object CMakeFiles/oclgrind.dir/src/core/WorkItem.cpp.o
/usr/bin/c++  -Doclgrind_EXPORTS -I/usr/lib/llvm-8/include -I/include -I/<<PKGBUILDDIR>>/src -I/<<PKGBUILDDIR>>/obj-x86_64-linux-gnu  -g -O2 -fdebug-prefix-map=/<<PKGBUILDDIR>>=. -fstack-protector-strong -Wformat -Werror=format-security -Wdate-time -D_FORTIFY_SOURCE=2 -std=gnu++11 -fno-rtti -Wall -Wno-strict-aliasing -Wno-ignored-attributes -Wno-gcc-compat -Wno-availability -fPIC   -D_GNU_SOURCE -D__STDC_CONSTANT_MACROS -D__STDC_FORMAT_MACROS -D__STDC_LIMIT_MACROS -o CMakeFiles/oclgrind.dir/src/core/WorkItem.cpp.o -c /<<PKGBUILDDIR>>/src/core/WorkItem.cpp
[ 34%] Building CXX object CMakeFiles/oclgrind.dir/src/core/WorkItemBuiltins.cpp.o
/usr/bin/c++  -Doclgrind_EXPORTS -I/usr/lib/llvm-8/include -I/include -I/<<PKGBUILDDIR>>/src -I/<<PKGBUILDDIR>>/obj-x86_64-linux-gnu  -g -O2 -fdebug-prefix-map=/<<PKGBUILDDIR>>=. -fstack-protector-strong -Wformat -Werror=format-security -Wdate-time -D_FORTIFY_SOURCE=2 -std=gnu++11 -fno-rtti -Wall -Wno-strict-aliasing -Wno-ignored-attributes -Wno-gcc-compat -Wno-availability -fPIC   -D_GNU_SOURCE -D__STDC_CONSTANT_MACROS -D__STDC_FORMAT_MACROS -D__STDC_LIMIT_MACROS -o CMakeFiles/oclgrind.dir/src/core/WorkItemBuiltins.cpp.o -c /<<PKGBUILDDIR>>/src/core/WorkItemBuiltins.cpp
[ 36%] Building CXX object CMakeFiles/oclgrind.dir/src/core/WorkGroup.cpp.o
/usr/bin/c++  -Doclgrind_EXPORTS -I/usr/lib/llvm-8/include -I/include -I/<<PKGBUILDDIR>>/src -I/<<PKGBUILDDIR>>/obj-x86_64-linux-gnu  -g -O2 -fdebug-prefix-map=/<<PKGBUILDDIR>>=. -fstack-protector-strong -Wformat -Werror=format-security -Wdate-time -D_FORTIFY_SOURCE=2 -std=gnu++11 -fno-rtti -Wall -Wno-strict-aliasing -Wno-ignored-attributes -Wno-gcc-compat -Wno-availability -fPIC   -D_GNU_SOURCE -D__STDC_CONSTANT_MACROS -D__STDC_FORMAT_MACROS -D__STDC_LIMIT_MACROS -o CMakeFiles/oclgrind.dir/src/core/WorkGroup.cpp.o -c /<<PKGBUILDDIR>>/src/core/WorkGroup.cpp
[ 37%] Building CXX object CMakeFiles/oclgrind.dir/src/plugins/InstructionCounter.cpp.o
/usr/bin/c++  -Doclgrind_EXPORTS -I/usr/lib/llvm-8/include -I/include -I/<<PKGBUILDDIR>>/src -I/<<PKGBUILDDIR>>/obj-x86_64-linux-gnu  -g -O2 -fdebug-prefix-map=/<<PKGBUILDDIR>>=. -fstack-protector-strong -Wformat -Werror=format-security -Wdate-time -D_FORTIFY_SOURCE=2 -std=gnu++11 -fno-rtti -Wall -Wno-strict-aliasing -Wno-ignored-attributes -Wno-gcc-compat -Wno-availability -fPIC   -D_GNU_SOURCE -D__STDC_CONSTANT_MACROS -D__STDC_FORMAT_MACROS -D__STDC_LIMIT_MACROS -o CMakeFiles/oclgrind.dir/src/plugins/InstructionCounter.cpp.o -c /<<PKGBUILDDIR>>/src/plugins/InstructionCounter.cpp
[ 39%] Building CXX object CMakeFiles/oclgrind.dir/src/plugins/InteractiveDebugger.cpp.o
/usr/bin/c++  -Doclgrind_EXPORTS -I/usr/lib/llvm-8/include -I/include -I/<<PKGBUILDDIR>>/src -I/<<PKGBUILDDIR>>/obj-x86_64-linux-gnu  -g -O2 -fdebug-prefix-map=/<<PKGBUILDDIR>>=. -fstack-protector-strong -Wformat -Werror=format-security -Wdate-time -D_FORTIFY_SOURCE=2 -std=gnu++11 -fno-rtti -Wall -Wno-strict-aliasing -Wno-ignored-attributes -Wno-gcc-compat -Wno-availability -fPIC   -D_GNU_SOURCE -D__STDC_CONSTANT_MACROS -D__STDC_FORMAT_MACROS -D__STDC_LIMIT_MACROS -o CMakeFiles/oclgrind.dir/src/plugins/InteractiveDebugger.cpp.o -c /<<PKGBUILDDIR>>/src/plugins/InteractiveDebugger.cpp
[ 41%] Building CXX object CMakeFiles/oclgrind.dir/src/plugins/Logger.cpp.o
/usr/bin/c++  -Doclgrind_EXPORTS -I/usr/lib/llvm-8/include -I/include -I/<<PKGBUILDDIR>>/src -I/<<PKGBUILDDIR>>/obj-x86_64-linux-gnu  -g -O2 -fdebug-prefix-map=/<<PKGBUILDDIR>>=. -fstack-protector-strong -Wformat -Werror=format-security -Wdate-time -D_FORTIFY_SOURCE=2 -std=gnu++11 -fno-rtti -Wall -Wno-strict-aliasing -Wno-ignored-attributes -Wno-gcc-compat -Wno-availability -fPIC   -D_GNU_SOURCE -D__STDC_CONSTANT_MACROS -D__STDC_FORMAT_MACROS -D__STDC_LIMIT_MACROS -o CMakeFiles/oclgrind.dir/src/plugins/Logger.cpp.o -c /<<PKGBUILDDIR>>/src/plugins/Logger.cpp
[ 43%] Building CXX object CMakeFiles/oclgrind.dir/src/plugins/MemCheck.cpp.o
/usr/bin/c++  -Doclgrind_EXPORTS -I/usr/lib/llvm-8/include -I/include -I/<<PKGBUILDDIR>>/src -I/<<PKGBUILDDIR>>/obj-x86_64-linux-gnu  -g -O2 -fdebug-prefix-map=/<<PKGBUILDDIR>>=. -fstack-protector-strong -Wformat -Werror=format-security -Wdate-time -D_FORTIFY_SOURCE=2 -std=gnu++11 -fno-rtti -Wall -Wno-strict-aliasing -Wno-ignored-attributes -Wno-gcc-compat -Wno-availability -fPIC   -D_GNU_SOURCE -D__STDC_CONSTANT_MACROS -D__STDC_FORMAT_MACROS -D__STDC_LIMIT_MACROS -o CMakeFiles/oclgrind.dir/src/plugins/MemCheck.cpp.o -c /<<PKGBUILDDIR>>/src/plugins/MemCheck.cpp
[ 44%] Building CXX object CMakeFiles/oclgrind.dir/src/plugins/RaceDetector.cpp.o
/usr/bin/c++  -Doclgrind_EXPORTS -I/usr/lib/llvm-8/include -I/include -I/<<PKGBUILDDIR>>/src -I/<<PKGBUILDDIR>>/obj-x86_64-linux-gnu  -g -O2 -fdebug-prefix-map=/<<PKGBUILDDIR>>=. -fstack-protector-strong -Wformat -Werror=format-security -Wdate-time -D_FORTIFY_SOURCE=2 -std=gnu++11 -fno-rtti -Wall -Wno-strict-aliasing -Wno-ignored-attributes -Wno-gcc-compat -Wno-availability -fPIC   -D_GNU_SOURCE -D__STDC_CONSTANT_MACROS -D__STDC_FORMAT_MACROS -D__STDC_LIMIT_MACROS -o CMakeFiles/oclgrind.dir/src/plugins/RaceDetector.cpp.o -c /<<PKGBUILDDIR>>/src/plugins/RaceDetector.cpp
[ 46%] Building CXX object CMakeFiles/oclgrind.dir/src/plugins/Uninitialized.cpp.o
/usr/bin/c++  -Doclgrind_EXPORTS -I/usr/lib/llvm-8/include -I/include -I/<<PKGBUILDDIR>>/src -I/<<PKGBUILDDIR>>/obj-x86_64-linux-gnu  -g -O2 -fdebug-prefix-map=/<<PKGBUILDDIR>>=. -fstack-protector-strong -Wformat -Werror=format-security -Wdate-time -D_FORTIFY_SOURCE=2 -std=gnu++11 -fno-rtti -Wall -Wno-strict-aliasing -Wno-ignored-attributes -Wno-gcc-compat -Wno-availability -fPIC   -D_GNU_SOURCE -D__STDC_CONSTANT_MACROS -D__STDC_FORMAT_MACROS -D__STDC_LIMIT_MACROS -o CMakeFiles/oclgrind.dir/src/plugins/Uninitialized.cpp.o -c /<<PKGBUILDDIR>>/src/plugins/Uninitialized.cpp
[ 48%] Linking CXX shared library liboclgrind-19.10.so
/usr/bin/cmake -E cmake_link_script CMakeFiles/oclgrind.dir/link.txt --verbose=1
/usr/bin/c++ -fPIC -g -O2 -fdebug-prefix-map=/<<PKGBUILDDIR>>=. -fstack-protector-strong -Wformat -Werror=format-security -Wdate-time -D_FORTIFY_SOURCE=2 -std=gnu++11 -fno-rtti -Wall -Wno-strict-aliasing -Wno-ignored-attributes -Wno-gcc-compat -Wno-availability -Wl,-z,relro -Wl,-z,now -Wl,--as-needed -shared -Wl,-soname,liboclgrind-19.10.so -o liboclgrind-19.10.so CMakeFiles/oclgrind.dir/src/core/opencl-c.h.cpp.o CMakeFiles/oclgrind.dir/src/core/common.cpp.o CMakeFiles/oclgrind.dir/src/core/Context.cpp.o CMakeFiles/oclgrind.dir/src/core/half.cpp.o CMakeFiles/oclgrind.dir/src/core/Kernel.cpp.o CMakeFiles/oclgrind.dir/src/core/KernelInvocation.cpp.o CMakeFiles/oclgrind.dir/src/core/Memory.cpp.o CMakeFiles/oclgrind.dir/src/core/Plugin.cpp.o CMakeFiles/oclgrind.dir/src/core/Program.cpp.o CMakeFiles/oclgrind.dir/src/core/Queue.cpp.o CMakeFiles/oclgrind.dir/src/core/WorkItem.cpp.o CMakeFiles/oclgrind.dir/src/core/WorkItemBuiltins.cpp.o CMakeFiles/oclgrind.dir/src/core/WorkGroup.cpp.o CMakeFiles/oclgrind.dir/src/plugins/InstructionCounter.cpp.o CMakeFiles/oclgrind.dir/src/plugins/InteractiveDebugger.cpp.o CMakeFiles/oclgrind.dir/src/plugins/Logger.cpp.o CMakeFiles/oclgrind.dir/src/plugins/MemCheck.cpp.o CMakeFiles/oclgrind.dir/src/plugins/RaceDetector.cpp.o CMakeFiles/oclgrind.dir/src/plugins/Uninitialized.cpp.o   -L/usr/lib/llvm-8/lib  -Wl,-rpath,/usr/lib/llvm-8/lib: -lreadline -lclangCodeGen -lclangFrontend -lclangSerialization -lclangDriver -lclangParse -lclangSema -lclangAnalysis -lclangEdit -lclangAST -lclangASTMatchers -lclangLex -lclangBasic /usr/lib/llvm-8/lib/libLLVMBitReader.a /usr/lib/llvm-8/lib/libLLVMBitWriter.a /usr/lib/llvm-8/lib/libLLVMCore.a /usr/lib/llvm-8/lib/libLLVMCoroutines.a /usr/lib/llvm-8/lib/libLLVMCoverage.a /usr/lib/llvm-8/lib/libLLVMInstrumentation.a /usr/lib/llvm-8/lib/libLLVMipo.a /usr/lib/llvm-8/lib/libLLVMIRReader.a /usr/lib/llvm-8/lib/libLLVMLinker.a /usr/lib/llvm-8/lib/libLLVMLTO.a /usr/lib/llvm-8/lib/libLLVMMCParser.a /usr/lib/llvm-8/lib/libLLVMObjCARCOpts.a /usr/lib/llvm-8/lib/libLLVMOption.a /usr/lib/llvm-8/lib/libLLVMTarget.a /usr/lib/llvm-8/lib/libLLVMPasses.a /usr/lib/llvm-8/lib/libLLVMipo.a /usr/lib/llvm-8/lib/libLLVMInstrumentation.a /usr/lib/llvm-8/lib/libLLVMIRReader.a /usr/lib/llvm-8/lib/libLLVMAsmParser.a /usr/lib/llvm-8/lib/libLLVMLinker.a /usr/lib/llvm-8/lib/libLLVMVectorize.a /usr/lib/llvm-8/lib/libLLVMCodeGen.a /usr/lib/llvm-8/lib/libLLVMBitWriter.a /usr/lib/llvm-8/lib/libLLVMTarget.a /usr/lib/llvm-8/lib/libLLVMScalarOpts.a /usr/lib/llvm-8/lib/libLLVMAggressiveInstCombine.a /usr/lib/llvm-8/lib/libLLVMInstCombine.a /usr/lib/llvm-8/lib/libLLVMTransformUtils.a /usr/lib/llvm-8/lib/libLLVMAnalysis.a /usr/lib/llvm-8/lib/libLLVMObject.a /usr/lib/llvm-8/lib/libLLVMBitReader.a /usr/lib/llvm-8/lib/libLLVMMCParser.a /usr/lib/llvm-8/lib/libLLVMMC.a /usr/lib/llvm-8/lib/libLLVMDebugInfoCodeView.a /usr/lib/llvm-8/lib/libLLVMDebugInfoMSF.a /usr/lib/llvm-8/lib/libLLVMProfileData.a /usr/lib/llvm-8/lib/libLLVMCore.a /usr/lib/llvm-8/lib/libLLVMBinaryFormat.a /usr/lib/llvm-8/lib/libLLVMSupport.a -lz -lrt -ldl -ltinfo -lpthread -lm /usr/lib/llvm-8/lib/libLLVMDemangle.a 
make[3]: Leaving directory '/<<PKGBUILDDIR>>/obj-x86_64-linux-gnu'
[ 48%] Built target oclgrind
make -f CMakeFiles/oclgrind-rt.dir/build.make CMakeFiles/oclgrind-rt.dir/depend
make -f CMakeFiles/oclgrind-rt-icd.dir/build.make CMakeFiles/oclgrind-rt-icd.dir/depend
make[3]: Entering directory '/<<PKGBUILDDIR>>/obj-x86_64-linux-gnu'
cd /<<PKGBUILDDIR>>/obj-x86_64-linux-gnu && /usr/bin/cmake -E cmake_depends "Unix Makefiles" /<<PKGBUILDDIR>> /<<PKGBUILDDIR>> /<<PKGBUILDDIR>>/obj-x86_64-linux-gnu /<<PKGBUILDDIR>>/obj-x86_64-linux-gnu /<<PKGBUILDDIR>>/obj-x86_64-linux-gnu/CMakeFiles/oclgrind-rt.dir/DependInfo.cmake --color=
make -f CMakeFiles/oclgrind-kernel.dir/build.make CMakeFiles/oclgrind-kernel.dir/depend
make[3]: Entering directory '/<<PKGBUILDDIR>>/obj-x86_64-linux-gnu'
cd /<<PKGBUILDDIR>>/obj-x86_64-linux-gnu && /usr/bin/cmake -E cmake_depends "Unix Makefiles" /<<PKGBUILDDIR>> /<<PKGBUILDDIR>> /<<PKGBUILDDIR>>/obj-x86_64-linux-gnu /<<PKGBUILDDIR>>/obj-x86_64-linux-gnu /<<PKGBUILDDIR>>/obj-x86_64-linux-gnu/CMakeFiles/oclgrind-rt-icd.dir/DependInfo.cmake --color=
make[3]: Entering directory '/<<PKGBUILDDIR>>/obj-x86_64-linux-gnu'
cd /<<PKGBUILDDIR>>/obj-x86_64-linux-gnu && /usr/bin/cmake -E cmake_depends "Unix Makefiles" /<<PKGBUILDDIR>> /<<PKGBUILDDIR>> /<<PKGBUILDDIR>>/obj-x86_64-linux-gnu /<<PKGBUILDDIR>>/obj-x86_64-linux-gnu /<<PKGBUILDDIR>>/obj-x86_64-linux-gnu/CMakeFiles/oclgrind-kernel.dir/DependInfo.cmake --color=
Scanning dependencies of target oclgrind-rt
make[3]: Leaving directory '/<<PKGBUILDDIR>>/obj-x86_64-linux-gnu'
make -f CMakeFiles/oclgrind-rt.dir/build.make CMakeFiles/oclgrind-rt.dir/build
Scanning dependencies of target oclgrind-kernel
make[3]: Leaving directory '/<<PKGBUILDDIR>>/obj-x86_64-linux-gnu'
Scanning dependencies of target oclgrind-rt-icd
make[3]: Leaving directory '/<<PKGBUILDDIR>>/obj-x86_64-linux-gnu'
make -f CMakeFiles/oclgrind-rt-icd.dir/build.make CMakeFiles/oclgrind-rt-icd.dir/build
make[3]: Entering directory '/<<PKGBUILDDIR>>/obj-x86_64-linux-gnu'
make -f CMakeFiles/oclgrind-kernel.dir/build.make CMakeFiles/oclgrind-kernel.dir/build
make[3]: Entering directory '/<<PKGBUILDDIR>>/obj-x86_64-linux-gnu'
make[3]: Entering directory '/<<PKGBUILDDIR>>/obj-x86_64-linux-gnu'
[ 50%] Building CXX object CMakeFiles/oclgrind-rt.dir/src/runtime/async_queue.cpp.o
/usr/bin/c++  -Doclgrind_rt_EXPORTS -I/usr/lib/llvm-8/include -I/include -I/<<PKGBUILDDIR>>/src -I/<<PKGBUILDDIR>>/obj-x86_64-linux-gnu  -g -O2 -fdebug-prefix-map=/<<PKGBUILDDIR>>=. -fstack-protector-strong -Wformat -Werror=format-security -Wdate-time -D_FORTIFY_SOURCE=2 -std=gnu++11 -fno-rtti -Wall -Wno-strict-aliasing -Wno-ignored-attributes -Wno-gcc-compat -Wno-availability -fPIC   -D_GNU_SOURCE -D__STDC_CONSTANT_MACROS -D__STDC_FORMAT_MACROS -D__STDC_LIMIT_MACROS -o CMakeFiles/oclgrind-rt.dir/src/runtime/async_queue.cpp.o -c /<<PKGBUILDDIR>>/src/runtime/async_queue.cpp
[ 51%] Building CXX object CMakeFiles/oclgrind-rt.dir/src/runtime/runtime.cpp.o
[ 53%] Building CXX object CMakeFiles/oclgrind-kernel.dir/src/kernel/oclgrind-kernel.cpp.o
/usr/bin/c++   -I/usr/lib/llvm-8/include -I/include -I/<<PKGBUILDDIR>>/src -I/<<PKGBUILDDIR>>/obj-x86_64-linux-gnu  -g -O2 -fdebug-prefix-map=/<<PKGBUILDDIR>>=. -fstack-protector-strong -Wformat -Werror=format-security -Wdate-time -D_FORTIFY_SOURCE=2 -std=gnu++11 -fno-rtti -Wall -Wno-strict-aliasing -Wno-ignored-attributes -Wno-gcc-compat -Wno-availability   -D_GNU_SOURCE -D__STDC_CONSTANT_MACROS -D__STDC_FORMAT_MACROS -D__STDC_LIMIT_MACROS -o CMakeFiles/oclgrind-kernel.dir/src/kernel/oclgrind-kernel.cpp.o -c /<<PKGBUILDDIR>>/src/kernel/oclgrind-kernel.cpp
/usr/bin/c++  -Doclgrind_rt_EXPORTS -I/usr/lib/llvm-8/include -I/include -I/<<PKGBUILDDIR>>/src -I/<<PKGBUILDDIR>>/obj-x86_64-linux-gnu  -g -O2 -fdebug-prefix-map=/<<PKGBUILDDIR>>=. -fstack-protector-strong -Wformat -Werror=format-security -Wdate-time -D_FORTIFY_SOURCE=2 -std=gnu++11 -fno-rtti -Wall -Wno-strict-aliasing -Wno-ignored-attributes -Wno-gcc-compat -Wno-availability -fPIC   -D_GNU_SOURCE -D__STDC_CONSTANT_MACROS -D__STDC_FORMAT_MACROS -D__STDC_LIMIT_MACROS -o CMakeFiles/oclgrind-rt.dir/src/runtime/runtime.cpp.o -c /<<PKGBUILDDIR>>/src/runtime/runtime.cpp
[ 55%] Building CXX object CMakeFiles/oclgrind-rt-icd.dir/src/runtime/async_queue.cpp.o
/usr/bin/c++  -Doclgrind_rt_icd_EXPORTS -I/usr/lib/llvm-8/include -I/include -I/<<PKGBUILDDIR>>/src -I/<<PKGBUILDDIR>>/obj-x86_64-linux-gnu  -g -O2 -fdebug-prefix-map=/<<PKGBUILDDIR>>=. -fstack-protector-strong -Wformat -Werror=format-security -Wdate-time -D_FORTIFY_SOURCE=2 -std=gnu++11 -fno-rtti -Wall -Wno-strict-aliasing -Wno-ignored-attributes -Wno-gcc-compat -Wno-availability -fPIC   -D_GNU_SOURCE -D__STDC_CONSTANT_MACROS -D__STDC_FORMAT_MACROS -D__STDC_LIMIT_MACROS -DOCLGRIND_ICD -o CMakeFiles/oclgrind-rt-icd.dir/src/runtime/async_queue.cpp.o -c /<<PKGBUILDDIR>>/src/runtime/async_queue.cpp
[ 56%] Building CXX object CMakeFiles/oclgrind-kernel.dir/src/kernel/Simulation.cpp.o
/usr/bin/c++   -I/usr/lib/llvm-8/include -I/include -I/<<PKGBUILDDIR>>/src -I/<<PKGBUILDDIR>>/obj-x86_64-linux-gnu  -g -O2 -fdebug-prefix-map=/<<PKGBUILDDIR>>=. -fstack-protector-strong -Wformat -Werror=format-security -Wdate-time -D_FORTIFY_SOURCE=2 -std=gnu++11 -fno-rtti -Wall -Wno-strict-aliasing -Wno-ignored-attributes -Wno-gcc-compat -Wno-availability   -D_GNU_SOURCE -D__STDC_CONSTANT_MACROS -D__STDC_FORMAT_MACROS -D__STDC_LIMIT_MACROS -o CMakeFiles/oclgrind-kernel.dir/src/kernel/Simulation.cpp.o -c /<<PKGBUILDDIR>>/src/kernel/Simulation.cpp
[ 58%] Building CXX object CMakeFiles/oclgrind-rt-icd.dir/src/runtime/runtime.cpp.o
/usr/bin/c++  -Doclgrind_rt_icd_EXPORTS -I/usr/lib/llvm-8/include -I/include -I/<<PKGBUILDDIR>>/src -I/<<PKGBUILDDIR>>/obj-x86_64-linux-gnu  -g -O2 -fdebug-prefix-map=/<<PKGBUILDDIR>>=. -fstack-protector-strong -Wformat -Werror=format-security -Wdate-time -D_FORTIFY_SOURCE=2 -std=gnu++11 -fno-rtti -Wall -Wno-strict-aliasing -Wno-ignored-attributes -Wno-gcc-compat -Wno-availability -fPIC   -D_GNU_SOURCE -D__STDC_CONSTANT_MACROS -D__STDC_FORMAT_MACROS -D__STDC_LIMIT_MACROS -DOCLGRIND_ICD -o CMakeFiles/oclgrind-rt-icd.dir/src/runtime/runtime.cpp.o -c /<<PKGBUILDDIR>>/src/runtime/runtime.cpp
[ 60%] Linking CXX executable oclgrind-kernel
/usr/bin/cmake -E cmake_link_script CMakeFiles/oclgrind-kernel.dir/link.txt --verbose=1
/usr/bin/c++  -g -O2 -fdebug-prefix-map=/<<PKGBUILDDIR>>=. -fstack-protector-strong -Wformat -Werror=format-security -Wdate-time -D_FORTIFY_SOURCE=2 -std=gnu++11 -fno-rtti -Wall -Wno-strict-aliasing -Wno-ignored-attributes -Wno-gcc-compat -Wno-availability  -Wl,-z,relro -Wl,-z,now -Wl,--as-needed -rdynamic CMakeFiles/oclgrind-kernel.dir/src/kernel/oclgrind-kernel.cpp.o CMakeFiles/oclgrind-kernel.dir/src/kernel/Simulation.cpp.o  -o oclgrind-kernel   -L/usr/lib/llvm-8/lib  -Wl,-rpath,/usr/lib/llvm-8/lib:/<<PKGBUILDDIR>>/obj-x86_64-linux-gnu: liboclgrind-19.10.so 
make[3]: Leaving directory '/<<PKGBUILDDIR>>/obj-x86_64-linux-gnu'
[ 60%] Built target oclgrind-kernel
[ 62%] Linking CXX shared library liboclgrind-rt.so
/usr/bin/cmake -E cmake_link_script CMakeFiles/oclgrind-rt.dir/link.txt --verbose=1
/usr/bin/c++ -fPIC -g -O2 -fdebug-prefix-map=/<<PKGBUILDDIR>>=. -fstack-protector-strong -Wformat -Werror=format-security -Wdate-time -D_FORTIFY_SOURCE=2 -std=gnu++11 -fno-rtti -Wall -Wno-strict-aliasing -Wno-ignored-attributes -Wno-gcc-compat -Wno-availability -Wl,-soname,libOpenCL.so -Wl,-z,relro -Wl,-z,now -Wl,--as-needed -shared  -o liboclgrind-rt.so CMakeFiles/oclgrind-rt.dir/src/runtime/async_queue.cpp.o CMakeFiles/oclgrind-rt.dir/src/runtime/runtime.cpp.o   -L/usr/lib/llvm-8/lib  -Wl,-rpath,/usr/lib/llvm-8/lib:/<<PKGBUILDDIR>>/obj-x86_64-linux-gnu: -ldl liboclgrind-19.10.so 
make[3]: Leaving directory '/<<PKGBUILDDIR>>/obj-x86_64-linux-gnu'
[ 62%] Built target oclgrind-rt
make -f tests/apps/CMakeFiles/vecadd.dir/build.make tests/apps/CMakeFiles/vecadd.dir/depend
make -f tests/apps/CMakeFiles/image.dir/build.make tests/apps/CMakeFiles/image.dir/depend
make[3]: Entering directory '/<<PKGBUILDDIR>>/obj-x86_64-linux-gnu'
cd /<<PKGBUILDDIR>>/obj-x86_64-linux-gnu && /usr/bin/cmake -E cmake_depends "Unix Makefiles" /<<PKGBUILDDIR>> /<<PKGBUILDDIR>>/tests/apps /<<PKGBUILDDIR>>/obj-x86_64-linux-gnu /<<PKGBUILDDIR>>/obj-x86_64-linux-gnu/tests/apps /<<PKGBUILDDIR>>/obj-x86_64-linux-gnu/tests/apps/CMakeFiles/vecadd.dir/DependInfo.cmake --color=
make -f tests/runtime/CMakeFiles/kernel_scope_local_mem_usage.dir/build.make tests/runtime/CMakeFiles/kernel_scope_local_mem_usage.dir/depend
make[3]: Entering directory '/<<PKGBUILDDIR>>/obj-x86_64-linux-gnu'
cd /<<PKGBUILDDIR>>/obj-x86_64-linux-gnu && /usr/bin/cmake -E cmake_depends "Unix Makefiles" /<<PKGBUILDDIR>> /<<PKGBUILDDIR>>/tests/apps /<<PKGBUILDDIR>>/obj-x86_64-linux-gnu /<<PKGBUILDDIR>>/obj-x86_64-linux-gnu/tests/apps /<<PKGBUILDDIR>>/obj-x86_64-linux-gnu/tests/apps/CMakeFiles/image.dir/DependInfo.cmake --color=
make[3]: Entering directory '/<<PKGBUILDDIR>>/obj-x86_64-linux-gnu'
cd /<<PKGBUILDDIR>>/obj-x86_64-linux-gnu && /usr/bin/cmake -E cmake_depends "Unix Makefiles" /<<PKGBUILDDIR>> /<<PKGBUILDDIR>>/tests/runtime /<<PKGBUILDDIR>>/obj-x86_64-linux-gnu /<<PKGBUILDDIR>>/obj-x86_64-linux-gnu/tests/runtime /<<PKGBUILDDIR>>/obj-x86_64-linux-gnu/tests/runtime/CMakeFiles/kernel_scope_local_mem_usage.dir/DependInfo.cmake --color=
Scanning dependencies of target image
make[3]: Leaving directory '/<<PKGBUILDDIR>>/obj-x86_64-linux-gnu'
make -f tests/apps/CMakeFiles/image.dir/build.make tests/apps/CMakeFiles/image.dir/build
Scanning dependencies of target vecadd
make[3]: Entering directory '/<<PKGBUILDDIR>>/obj-x86_64-linux-gnu'
make[3]: Leaving directory '/<<PKGBUILDDIR>>/obj-x86_64-linux-gnu'
make -f tests/apps/CMakeFiles/vecadd.dir/build.make tests/apps/CMakeFiles/vecadd.dir/build
Scanning dependencies of target kernel_scope_local_mem_usage
make[3]: Leaving directory '/<<PKGBUILDDIR>>/obj-x86_64-linux-gnu'
make -f tests/runtime/CMakeFiles/kernel_scope_local_mem_usage.dir/build.make tests/runtime/CMakeFiles/kernel_scope_local_mem_usage.dir/build
make[3]: Entering directory '/<<PKGBUILDDIR>>/obj-x86_64-linux-gnu'
[ 63%] Building C object tests/apps/CMakeFiles/image.dir/image/image.c.o
cd /<<PKGBUILDDIR>>/obj-x86_64-linux-gnu/tests/apps && /usr/bin/cc  -I/usr/lib/llvm-8/include -I/include -I/<<PKGBUILDDIR>>/src -I/<<PKGBUILDDIR>>/obj-x86_64-linux-gnu -I/<<PKGBUILDDIR>>/tests/apps/../common  -g -O2 -fdebug-prefix-map=/<<PKGBUILDDIR>>=. -fstack-protector-strong -Wformat -Werror=format-security -Wdate-time -D_FORTIFY_SOURCE=2   -D_GNU_SOURCE -D__STDC_CONSTANT_MACROS -D__STDC_FORMAT_MACROS -D__STDC_LIMIT_MACROS -o CMakeFiles/image.dir/image/image.c.o   -c /<<PKGBUILDDIR>>/tests/apps/image/image.c
make[3]: Entering directory '/<<PKGBUILDDIR>>/obj-x86_64-linux-gnu'
[ 65%] Building C object tests/apps/CMakeFiles/vecadd.dir/vecadd/vecadd.c.o
cd /<<PKGBUILDDIR>>/obj-x86_64-linux-gnu/tests/apps && /usr/bin/cc  -I/usr/lib/llvm-8/include -I/include -I/<<PKGBUILDDIR>>/src -I/<<PKGBUILDDIR>>/obj-x86_64-linux-gnu -I/<<PKGBUILDDIR>>/tests/apps/../common  -g -O2 -fdebug-prefix-map=/<<PKGBUILDDIR>>=. -fstack-protector-strong -Wformat -Werror=format-security -Wdate-time -D_FORTIFY_SOURCE=2   -D_GNU_SOURCE -D__STDC_CONSTANT_MACROS -D__STDC_FORMAT_MACROS -D__STDC_LIMIT_MACROS -o CMakeFiles/vecadd.dir/vecadd/vecadd.c.o   -c /<<PKGBUILDDIR>>/tests/apps/vecadd/vecadd.c
[ 67%] Building C object tests/runtime/CMakeFiles/kernel_scope_local_mem_usage.dir/kernel_scope_local_mem_usage.c.o
cd /<<PKGBUILDDIR>>/obj-x86_64-linux-gnu/tests/runtime && /usr/bin/cc -DROOT_DIR=\"/<<PKGBUILDDIR>>/tests/runtime\" -I/usr/lib/llvm-8/include -I/include -I/<<PKGBUILDDIR>>/src -I/<<PKGBUILDDIR>>/obj-x86_64-linux-gnu -I/<<PKGBUILDDIR>>/tests/runtime/../common  -g -O2 -fdebug-prefix-map=/<<PKGBUILDDIR>>=. -fstack-protector-strong -Wformat -Werror=format-security -Wdate-time -D_FORTIFY_SOURCE=2   -D_GNU_SOURCE -D__STDC_CONSTANT_MACROS -D__STDC_FORMAT_MACROS -D__STDC_LIMIT_MACROS -o CMakeFiles/kernel_scope_local_mem_usage.dir/kernel_scope_local_mem_usage.c.o   -c /<<PKGBUILDDIR>>/tests/runtime/kernel_scope_local_mem_usage.c
[ 68%] Building C object tests/runtime/CMakeFiles/kernel_scope_local_mem_usage.dir/__/common/common.c.o
cd /<<PKGBUILDDIR>>/obj-x86_64-linux-gnu/tests/runtime && /usr/bin/cc -DROOT_DIR=\"/<<PKGBUILDDIR>>/tests/runtime\" -I/usr/lib/llvm-8/include -I/include -I/<<PKGBUILDDIR>>/src -I/<<PKGBUILDDIR>>/obj-x86_64-linux-gnu -I/<<PKGBUILDDIR>>/tests/runtime/../common  -g -O2 -fdebug-prefix-map=/<<PKGBUILDDIR>>=. -fstack-protector-strong -Wformat -Werror=format-security -Wdate-time -D_FORTIFY_SOURCE=2   -D_GNU_SOURCE -D__STDC_CONSTANT_MACROS -D__STDC_FORMAT_MACROS -D__STDC_LIMIT_MACROS -o CMakeFiles/kernel_scope_local_mem_usage.dir/__/common/common.c.o   -c /<<PKGBUILDDIR>>/tests/common/common.c
[ 70%] Building C object tests/apps/CMakeFiles/vecadd.dir/__/common/common.c.o
cd /<<PKGBUILDDIR>>/obj-x86_64-linux-gnu/tests/apps && /usr/bin/cc  -I/usr/lib/llvm-8/include -I/include -I/<<PKGBUILDDIR>>/src -I/<<PKGBUILDDIR>>/obj-x86_64-linux-gnu -I/<<PKGBUILDDIR>>/tests/apps/../common  -g -O2 -fdebug-prefix-map=/<<PKGBUILDDIR>>=. -fstack-protector-strong -Wformat -Werror=format-security -Wdate-time -D_FORTIFY_SOURCE=2   -D_GNU_SOURCE -D__STDC_CONSTANT_MACROS -D__STDC_FORMAT_MACROS -D__STDC_LIMIT_MACROS -o CMakeFiles/vecadd.dir/__/common/common.c.o   -c /<<PKGBUILDDIR>>/tests/common/common.c
[ 72%] Building C object tests/apps/CMakeFiles/image.dir/__/common/common.c.o
cd /<<PKGBUILDDIR>>/obj-x86_64-linux-gnu/tests/apps && /usr/bin/cc  -I/usr/lib/llvm-8/include -I/include -I/<<PKGBUILDDIR>>/src -I/<<PKGBUILDDIR>>/obj-x86_64-linux-gnu -I/<<PKGBUILDDIR>>/tests/apps/../common  -g -O2 -fdebug-prefix-map=/<<PKGBUILDDIR>>=. -fstack-protector-strong -Wformat -Werror=format-security -Wdate-time -D_FORTIFY_SOURCE=2   -D_GNU_SOURCE -D__STDC_CONSTANT_MACROS -D__STDC_FORMAT_MACROS -D__STDC_LIMIT_MACROS -o CMakeFiles/image.dir/__/common/common.c.o   -c /<<PKGBUILDDIR>>/tests/common/common.c
[ 74%] Linking CXX executable kernel_scope_local_mem_usage
cd /<<PKGBUILDDIR>>/obj-x86_64-linux-gnu/tests/runtime && /usr/bin/cmake -E cmake_link_script CMakeFiles/kernel_scope_local_mem_usage.dir/link.txt --verbose=1
/usr/bin/c++  -g -O2 -fdebug-prefix-map=/<<PKGBUILDDIR>>=. -fstack-protector-strong -Wformat -Werror=format-security -Wdate-time -D_FORTIFY_SOURCE=2 -std=gnu++11 -fno-rtti -Wall -Wno-strict-aliasing -Wno-ignored-attributes -Wno-gcc-compat -Wno-availability  -Wl,-z,relro -Wl,-z,now -Wl,--as-needed -rdynamic CMakeFiles/kernel_scope_local_mem_usage.dir/kernel_scope_local_mem_usage.c.o CMakeFiles/kernel_scope_local_mem_usage.dir/__/common/common.c.o  -o kernel_scope_local_mem_usage   -L/usr/lib/llvm-8/lib  -Wl,-rpath,/usr/lib/llvm-8/lib:/<<PKGBUILDDIR>>/obj-x86_64-linux-gnu ../../liboclgrind-rt.so -ldl ../../liboclgrind-19.10.so 
[ 75%] Linking CXX executable vecadd/vecadd
cd /<<PKGBUILDDIR>>/obj-x86_64-linux-gnu/tests/apps && /usr/bin/cmake -E cmake_link_script CMakeFiles/vecadd.dir/link.txt --verbose=1
[ 77%] Linking CXX executable image/image
cd /<<PKGBUILDDIR>>/obj-x86_64-linux-gnu/tests/apps && /usr/bin/cmake -E cmake_link_script CMakeFiles/image.dir/link.txt --verbose=1
/usr/bin/c++  -g -O2 -fdebug-prefix-map=/<<PKGBUILDDIR>>=. -fstack-protector-strong -Wformat -Werror=format-security -Wdate-time -D_FORTIFY_SOURCE=2 -std=gnu++11 -fno-rtti -Wall -Wno-strict-aliasing -Wno-ignored-attributes -Wno-gcc-compat -Wno-availability  -Wl,-z,relro -Wl,-z,now -Wl,--as-needed -rdynamic CMakeFiles/vecadd.dir/vecadd/vecadd.c.o CMakeFiles/vecadd.dir/__/common/common.c.o  -o vecadd/vecadd   -L/usr/lib/llvm-8/lib  -Wl,-rpath,/usr/lib/llvm-8/lib:/<<PKGBUILDDIR>>/obj-x86_64-linux-gnu ../../liboclgrind-rt.so -ldl ../../liboclgrind-19.10.so 
/usr/bin/c++  -g -O2 -fdebug-prefix-map=/<<PKGBUILDDIR>>=. -fstack-protector-strong -Wformat -Werror=format-security -Wdate-time -D_FORTIFY_SOURCE=2 -std=gnu++11 -fno-rtti -Wall -Wno-strict-aliasing -Wno-ignored-attributes -Wno-gcc-compat -Wno-availability  -Wl,-z,relro -Wl,-z,now -Wl,--as-needed -rdynamic CMakeFiles/image.dir/image/image.c.o CMakeFiles/image.dir/__/common/common.c.o  -o image/image   -L/usr/lib/llvm-8/lib  -Wl,-rpath,/usr/lib/llvm-8/lib:/<<PKGBUILDDIR>>/obj-x86_64-linux-gnu ../../liboclgrind-rt.so -ldl ../../liboclgrind-19.10.so 
make[3]: Leaving directory '/<<PKGBUILDDIR>>/obj-x86_64-linux-gnu'
[ 77%] Built target vecadd
make -f tests/runtime/CMakeFiles/map_buffer.dir/build.make tests/runtime/CMakeFiles/map_buffer.dir/depend
make[3]: Entering directory '/<<PKGBUILDDIR>>/obj-x86_64-linux-gnu'
cd /<<PKGBUILDDIR>>/obj-x86_64-linux-gnu && /usr/bin/cmake -E cmake_depends "Unix Makefiles" /<<PKGBUILDDIR>> /<<PKGBUILDDIR>>/tests/runtime /<<PKGBUILDDIR>>/obj-x86_64-linux-gnu /<<PKGBUILDDIR>>/obj-x86_64-linux-gnu/tests/runtime /<<PKGBUILDDIR>>/obj-x86_64-linux-gnu/tests/runtime/CMakeFiles/map_buffer.dir/DependInfo.cmake --color=
make[3]: Leaving directory '/<<PKGBUILDDIR>>/obj-x86_64-linux-gnu'
Scanning dependencies of target map_buffer
[ 77%] Built target kernel_scope_local_mem_usage
make[3]: Leaving directory '/<<PKGBUILDDIR>>/obj-x86_64-linux-gnu'
make -f tests/runtime/CMakeFiles/map_buffer.dir/build.make tests/runtime/CMakeFiles/map_buffer.dir/build
make -f tests/runtime/CMakeFiles/multqueues.dir/build.make tests/runtime/CMakeFiles/multqueues.dir/depend
make[3]: Entering directory '/<<PKGBUILDDIR>>/obj-x86_64-linux-gnu'
make[3]: Entering directory '/<<PKGBUILDDIR>>/obj-x86_64-linux-gnu'
cd /<<PKGBUILDDIR>>/obj-x86_64-linux-gnu && /usr/bin/cmake -E cmake_depends "Unix Makefiles" /<<PKGBUILDDIR>> /<<PKGBUILDDIR>>/tests/runtime /<<PKGBUILDDIR>>/obj-x86_64-linux-gnu /<<PKGBUILDDIR>>/obj-x86_64-linux-gnu/tests/runtime /<<PKGBUILDDIR>>/obj-x86_64-linux-gnu/tests/runtime/CMakeFiles/multqueues.dir/DependInfo.cmake --color=
make[3]: Leaving directory '/<<PKGBUILDDIR>>/obj-x86_64-linux-gnu'
[ 79%] Building C object tests/runtime/CMakeFiles/map_buffer.dir/map_buffer.c.o
cd /<<PKGBUILDDIR>>/obj-x86_64-linux-gnu/tests/runtime && /usr/bin/cc -DROOT_DIR=\"/<<PKGBUILDDIR>>/tests/runtime\" -I/usr/lib/llvm-8/include -I/include -I/<<PKGBUILDDIR>>/src -I/<<PKGBUILDDIR>>/obj-x86_64-linux-gnu -I/<<PKGBUILDDIR>>/tests/runtime/../common  -g -O2 -fdebug-prefix-map=/<<PKGBUILDDIR>>=. -fstack-protector-strong -Wformat -Werror=format-security -Wdate-time -D_FORTIFY_SOURCE=2   -D_GNU_SOURCE -D__STDC_CONSTANT_MACROS -D__STDC_FORMAT_MACROS -D__STDC_LIMIT_MACROS -o CMakeFiles/map_buffer.dir/map_buffer.c.o   -c /<<PKGBUILDDIR>>/tests/runtime/map_buffer.c
Scanning dependencies of target multqueues
make[3]: Leaving directory '/<<PKGBUILDDIR>>/obj-x86_64-linux-gnu'
make -f tests/runtime/CMakeFiles/multqueues.dir/build.make tests/runtime/CMakeFiles/multqueues.dir/build
[ 79%] Built target image
make[3]: Entering directory '/<<PKGBUILDDIR>>/obj-x86_64-linux-gnu'
make -f tests/runtime/CMakeFiles/build_program.dir/build.make tests/runtime/CMakeFiles/build_program.dir/depend
make[3]: Entering directory '/<<PKGBUILDDIR>>/obj-x86_64-linux-gnu'
cd /<<PKGBUILDDIR>>/obj-x86_64-linux-gnu && /usr/bin/cmake -E cmake_depends "Unix Makefiles" /<<PKGBUILDDIR>> /<<PKGBUILDDIR>>/tests/runtime /<<PKGBUILDDIR>>/obj-x86_64-linux-gnu /<<PKGBUILDDIR>>/obj-x86_64-linux-gnu/tests/runtime /<<PKGBUILDDIR>>/obj-x86_64-linux-gnu/tests/runtime/CMakeFiles/build_program.dir/DependInfo.cmake --color=
[ 81%] Building C object tests/runtime/CMakeFiles/multqueues.dir/multqueues.c.o
cd /<<PKGBUILDDIR>>/obj-x86_64-linux-gnu/tests/runtime && /usr/bin/cc -DROOT_DIR=\"/<<PKGBUILDDIR>>/tests/runtime\" -I/usr/lib/llvm-8/include -I/include -I/<<PKGBUILDDIR>>/src -I/<<PKGBUILDDIR>>/obj-x86_64-linux-gnu -I/<<PKGBUILDDIR>>/tests/runtime/../common  -g -O2 -fdebug-prefix-map=/<<PKGBUILDDIR>>=. -fstack-protector-strong -Wformat -Werror=format-security -Wdate-time -D_FORTIFY_SOURCE=2   -D_GNU_SOURCE -D__STDC_CONSTANT_MACROS -D__STDC_FORMAT_MACROS -D__STDC_LIMIT_MACROS -o CMakeFiles/multqueues.dir/multqueues.c.o   -c /<<PKGBUILDDIR>>/tests/runtime/multqueues.c
Scanning dependencies of target build_program
make[3]: Leaving directory '/<<PKGBUILDDIR>>/obj-x86_64-linux-gnu'
make -f tests/runtime/CMakeFiles/build_program.dir/build.make tests/runtime/CMakeFiles/build_program.dir/build
make[3]: Entering directory '/<<PKGBUILDDIR>>/obj-x86_64-linux-gnu'
[ 82%] Building C object tests/runtime/CMakeFiles/build_program.dir/build_program.c.o
cd /<<PKGBUILDDIR>>/obj-x86_64-linux-gnu/tests/runtime && /usr/bin/cc -DROOT_DIR=\"/<<PKGBUILDDIR>>/tests/runtime\" -I/usr/lib/llvm-8/include -I/include -I/<<PKGBUILDDIR>>/src -I/<<PKGBUILDDIR>>/obj-x86_64-linux-gnu -I/<<PKGBUILDDIR>>/tests/runtime/../common  -g -O2 -fdebug-prefix-map=/<<PKGBUILDDIR>>=. -fstack-protector-strong -Wformat -Werror=format-security -Wdate-time -D_FORTIFY_SOURCE=2   -D_GNU_SOURCE -D__STDC_CONSTANT_MACROS -D__STDC_FORMAT_MACROS -D__STDC_LIMIT_MACROS -o CMakeFiles/build_program.dir/build_program.c.o   -c /<<PKGBUILDDIR>>/tests/runtime/build_program.c
[ 84%] Building C object tests/runtime/CMakeFiles/multqueues.dir/__/common/common.c.o
cd /<<PKGBUILDDIR>>/obj-x86_64-linux-gnu/tests/runtime && /usr/bin/cc -DROOT_DIR=\"/<<PKGBUILDDIR>>/tests/runtime\" -I/usr/lib/llvm-8/include -I/include -I/<<PKGBUILDDIR>>/src -I/<<PKGBUILDDIR>>/obj-x86_64-linux-gnu -I/<<PKGBUILDDIR>>/tests/runtime/../common  -g -O2 -fdebug-prefix-map=/<<PKGBUILDDIR>>=. -fstack-protector-strong -Wformat -Werror=format-security -Wdate-time -D_FORTIFY_SOURCE=2   -D_GNU_SOURCE -D__STDC_CONSTANT_MACROS -D__STDC_FORMAT_MACROS -D__STDC_LIMIT_MACROS -o CMakeFiles/multqueues.dir/__/common/common.c.o   -c /<<PKGBUILDDIR>>/tests/common/common.c
[ 86%] Building C object tests/runtime/CMakeFiles/build_program.dir/__/common/common.c.o
cd /<<PKGBUILDDIR>>/obj-x86_64-linux-gnu/tests/runtime && /usr/bin/cc -DROOT_DIR=\"/<<PKGBUILDDIR>>/tests/runtime\" -I/usr/lib/llvm-8/include -I/include -I/<<PKGBUILDDIR>>/src -I/<<PKGBUILDDIR>>/obj-x86_64-linux-gnu -I/<<PKGBUILDDIR>>/tests/runtime/../common  -g -O2 -fdebug-prefix-map=/<<PKGBUILDDIR>>=. -fstack-protector-strong -Wformat -Werror=format-security -Wdate-time -D_FORTIFY_SOURCE=2   -D_GNU_SOURCE -D__STDC_CONSTANT_MACROS -D__STDC_FORMAT_MACROS -D__STDC_LIMIT_MACROS -o CMakeFiles/build_program.dir/__/common/common.c.o   -c /<<PKGBUILDDIR>>/tests/common/common.c
[ 87%] Building C object tests/runtime/CMakeFiles/map_buffer.dir/__/common/common.c.o
cd /<<PKGBUILDDIR>>/obj-x86_64-linux-gnu/tests/runtime && /usr/bin/cc -DROOT_DIR=\"/<<PKGBUILDDIR>>/tests/runtime\" -I/usr/lib/llvm-8/include -I/include -I/<<PKGBUILDDIR>>/src -I/<<PKGBUILDDIR>>/obj-x86_64-linux-gnu -I/<<PKGBUILDDIR>>/tests/runtime/../common  -g -O2 -fdebug-prefix-map=/<<PKGBUILDDIR>>=. -fstack-protector-strong -Wformat -Werror=format-security -Wdate-time -D_FORTIFY_SOURCE=2   -D_GNU_SOURCE -D__STDC_CONSTANT_MACROS -D__STDC_FORMAT_MACROS -D__STDC_LIMIT_MACROS -o CMakeFiles/map_buffer.dir/__/common/common.c.o   -c /<<PKGBUILDDIR>>/tests/common/common.c
[ 89%] Linking CXX executable multqueues
cd /<<PKGBUILDDIR>>/obj-x86_64-linux-gnu/tests/runtime && /usr/bin/cmake -E cmake_link_script CMakeFiles/multqueues.dir/link.txt --verbose=1
/usr/bin/c++  -g -O2 -fdebug-prefix-map=/<<PKGBUILDDIR>>=. -fstack-protector-strong -Wformat -Werror=format-security -Wdate-time -D_FORTIFY_SOURCE=2 -std=gnu++11 -fno-rtti -Wall -Wno-strict-aliasing -Wno-ignored-attributes -Wno-gcc-compat -Wno-availability  -Wl,-z,relro -Wl,-z,now -Wl,--as-needed -rdynamic CMakeFiles/multqueues.dir/multqueues.c.o CMakeFiles/multqueues.dir/__/common/common.c.o  -o multqueues   -L/usr/lib/llvm-8/lib  -Wl,-rpath,/usr/lib/llvm-8/lib:/<<PKGBUILDDIR>>/obj-x86_64-linux-gnu ../../liboclgrind-rt.so -ldl ../../liboclgrind-19.10.so 
[ 91%] Linking CXX executable build_program
cd /<<PKGBUILDDIR>>/obj-x86_64-linux-gnu/tests/runtime && /usr/bin/cmake -E cmake_link_script CMakeFiles/build_program.dir/link.txt --verbose=1
[ 93%] Linking CXX executable map_buffer
cd /<<PKGBUILDDIR>>/obj-x86_64-linux-gnu/tests/runtime && /usr/bin/cmake -E cmake_link_script CMakeFiles/map_buffer.dir/link.txt --verbose=1
/usr/bin/c++  -g -O2 -fdebug-prefix-map=/<<PKGBUILDDIR>>=. -fstack-protector-strong -Wformat -Werror=format-security -Wdate-time -D_FORTIFY_SOURCE=2 -std=gnu++11 -fno-rtti -Wall -Wno-strict-aliasing -Wno-ignored-attributes -Wno-gcc-compat -Wno-availability  -Wl,-z,relro -Wl,-z,now -Wl,--as-needed -rdynamic CMakeFiles/build_program.dir/build_program.c.o CMakeFiles/build_program.dir/__/common/common.c.o  -o build_program   -L/usr/lib/llvm-8/lib  -Wl,-rpath,/usr/lib/llvm-8/lib:/<<PKGBUILDDIR>>/obj-x86_64-linux-gnu ../../liboclgrind-rt.so -ldl ../../liboclgrind-19.10.so 
/usr/bin/c++  -g -O2 -fdebug-prefix-map=/<<PKGBUILDDIR>>=. -fstack-protector-strong -Wformat -Werror=format-security -Wdate-time -D_FORTIFY_SOURCE=2 -std=gnu++11 -fno-rtti -Wall -Wno-strict-aliasing -Wno-ignored-attributes -Wno-gcc-compat -Wno-availability  -Wl,-z,relro -Wl,-z,now -Wl,--as-needed -rdynamic CMakeFiles/map_buffer.dir/map_buffer.c.o CMakeFiles/map_buffer.dir/__/common/common.c.o  -o map_buffer   -L/usr/lib/llvm-8/lib  -Wl,-rpath,/usr/lib/llvm-8/lib:/<<PKGBUILDDIR>>/obj-x86_64-linux-gnu ../../liboclgrind-rt.so -ldl ../../liboclgrind-19.10.so 
make[3]: Leaving directory '/<<PKGBUILDDIR>>/obj-x86_64-linux-gnu'
[ 93%] Built target multqueues
make -f tests/runtime/CMakeFiles/sampler.dir/build.make tests/runtime/CMakeFiles/sampler.dir/depend
make[3]: Entering directory '/<<PKGBUILDDIR>>/obj-x86_64-linux-gnu'
cd /<<PKGBUILDDIR>>/obj-x86_64-linux-gnu && /usr/bin/cmake -E cmake_depends "Unix Makefiles" /<<PKGBUILDDIR>> /<<PKGBUILDDIR>>/tests/runtime /<<PKGBUILDDIR>>/obj-x86_64-linux-gnu /<<PKGBUILDDIR>>/obj-x86_64-linux-gnu/tests/runtime /<<PKGBUILDDIR>>/obj-x86_64-linux-gnu/tests/runtime/CMakeFiles/sampler.dir/DependInfo.cmake --color=
Scanning dependencies of target sampler
make[3]: Leaving directory '/<<PKGBUILDDIR>>/obj-x86_64-linux-gnu'
make -f tests/runtime/CMakeFiles/sampler.dir/build.make tests/runtime/CMakeFiles/sampler.dir/build
make[3]: Entering directory '/<<PKGBUILDDIR>>/obj-x86_64-linux-gnu'
[ 94%] Building C object tests/runtime/CMakeFiles/sampler.dir/sampler.c.o
cd /<<PKGBUILDDIR>>/obj-x86_64-linux-gnu/tests/runtime && /usr/bin/cc -DROOT_DIR=\"/<<PKGBUILDDIR>>/tests/runtime\" -I/usr/lib/llvm-8/include -I/include -I/<<PKGBUILDDIR>>/src -I/<<PKGBUILDDIR>>/obj-x86_64-linux-gnu -I/<<PKGBUILDDIR>>/tests/runtime/../common  -g -O2 -fdebug-prefix-map=/<<PKGBUILDDIR>>=. -fstack-protector-strong -Wformat -Werror=format-security -Wdate-time -D_FORTIFY_SOURCE=2   -D_GNU_SOURCE -D__STDC_CONSTANT_MACROS -D__STDC_FORMAT_MACROS -D__STDC_LIMIT_MACROS -o CMakeFiles/sampler.dir/sampler.c.o   -c /<<PKGBUILDDIR>>/tests/runtime/sampler.c
make[3]: Leaving directory '/<<PKGBUILDDIR>>/obj-x86_64-linux-gnu'
make[3]: Leaving directory '/<<PKGBUILDDIR>>/obj-x86_64-linux-gnu'
[ 94%] Built target map_buffer
[ 96%] Building C object tests/runtime/CMakeFiles/sampler.dir/__/common/common.c.o
cd /<<PKGBUILDDIR>>/obj-x86_64-linux-gnu/tests/runtime && /usr/bin/cc -DROOT_DIR=\"/<<PKGBUILDDIR>>/tests/runtime\" -I/usr/lib/llvm-8/include -I/include -I/<<PKGBUILDDIR>>/src -I/<<PKGBUILDDIR>>/obj-x86_64-linux-gnu -I/<<PKGBUILDDIR>>/tests/runtime/../common  -g -O2 -fdebug-prefix-map=/<<PKGBUILDDIR>>=. -fstack-protector-strong -Wformat -Werror=format-security -Wdate-time -D_FORTIFY_SOURCE=2   -D_GNU_SOURCE -D__STDC_CONSTANT_MACROS -D__STDC_FORMAT_MACROS -D__STDC_LIMIT_MACROS -o CMakeFiles/sampler.dir/__/common/common.c.o   -c /<<PKGBUILDDIR>>/tests/common/common.c
[ 96%] Built target build_program
[ 98%] Linking CXX executable sampler
cd /<<PKGBUILDDIR>>/obj-x86_64-linux-gnu/tests/runtime && /usr/bin/cmake -E cmake_link_script CMakeFiles/sampler.dir/link.txt --verbose=1
/usr/bin/c++  -g -O2 -fdebug-prefix-map=/<<PKGBUILDDIR>>=. -fstack-protector-strong -Wformat -Werror=format-security -Wdate-time -D_FORTIFY_SOURCE=2 -std=gnu++11 -fno-rtti -Wall -Wno-strict-aliasing -Wno-ignored-attributes -Wno-gcc-compat -Wno-availability  -Wl,-z,relro -Wl,-z,now -Wl,--as-needed -rdynamic CMakeFiles/sampler.dir/sampler.c.o CMakeFiles/sampler.dir/__/common/common.c.o  -o sampler   -L/usr/lib/llvm-8/lib  -Wl,-rpath,/usr/lib/llvm-8/lib:/<<PKGBUILDDIR>>/obj-x86_64-linux-gnu ../../liboclgrind-rt.so -ldl ../../liboclgrind-19.10.so 
make[3]: Leaving directory '/<<PKGBUILDDIR>>/obj-x86_64-linux-gnu'
[ 98%] Built target sampler
[100%] Linking CXX shared library liboclgrind-rt-icd.so
/usr/bin/cmake -E cmake_link_script CMakeFiles/oclgrind-rt-icd.dir/link.txt --verbose=1
/usr/bin/c++ -fPIC -g -O2 -fdebug-prefix-map=/<<PKGBUILDDIR>>=. -fstack-protector-strong -Wformat -Werror=format-security -Wdate-time -D_FORTIFY_SOURCE=2 -std=gnu++11 -fno-rtti -Wall -Wno-strict-aliasing -Wno-ignored-attributes -Wno-gcc-compat -Wno-availability -Wl,-z,relro -Wl,-z,now -Wl,--as-needed -shared -Wl,-soname,liboclgrind-rt-icd.so -o liboclgrind-rt-icd.so CMakeFiles/oclgrind-rt-icd.dir/src/runtime/async_queue.cpp.o CMakeFiles/oclgrind-rt-icd.dir/src/runtime/runtime.cpp.o   -L/usr/lib/llvm-8/lib  -Wl,-rpath,/usr/lib/llvm-8/lib:/<<PKGBUILDDIR>>/obj-x86_64-linux-gnu: -ldl liboclgrind-19.10.so 
make[3]: Leaving directory '/<<PKGBUILDDIR>>/obj-x86_64-linux-gnu'
[100%] Built target oclgrind-rt-icd
make[2]: Leaving directory '/<<PKGBUILDDIR>>/obj-x86_64-linux-gnu'
/usr/bin/cmake -E cmake_progress_start /<<PKGBUILDDIR>>/obj-x86_64-linux-gnu/CMakeFiles 0
make[1]: Leaving directory '/<<PKGBUILDDIR>>/obj-x86_64-linux-gnu'
   dh_auto_test -O--buildsystem=cmake
	cd obj-x86_64-linux-gnu && make -j4 test ARGS\+=-j4
make[1]: Entering directory '/<<PKGBUILDDIR>>/obj-x86_64-linux-gnu'
Running tests...
/usr/bin/ctest --force-new-ctest-process -j4
Test project /<<PKGBUILDDIR>>/obj-x86_64-linux-gnu
      Start  1: app_image
      Start  2: app_vecadd
      Start  3: alignment/packed
      Start  4: alignment/unaligned
 1/98 Test  #3: alignment/packed ..........................................   Passed    0.32 sec
      Start  5: async_copy/async_copy
 2/98 Test  #4: alignment/unaligned .......................................   Passed    0.32 sec
      Start  6: async_copy/async_copy_divergent
 3/98 Test  #1: app_image .................................................   Passed    0.40 sec
      Start  7: async_copy/async_copy_global_race
 4/98 Test  #2: app_vecadd ................................................   Passed    0.42 sec
      Start  8: async_copy/async_copy_local_race
 5/98 Test  #5: async_copy/async_copy .....................................   Passed    0.36 sec
      Start  9: async_copy/async_copy_loop
 6/98 Test  #7: async_copy/async_copy_global_race .........................   Passed    0.36 sec
      Start 10: async_copy/async_copy_loop_divergent
 7/98 Test  #6: async_copy/async_copy_divergent ...........................   Passed    0.40 sec
      Start 11: async_copy/async_copy_single_wi
 8/98 Test  #8: async_copy/async_copy_local_race ..........................   Passed    0.36 sec
      Start 12: async_copy/async_copy_unwaited
 9/98 Test  #9: async_copy/async_copy_loop ................................   Passed    0.36 sec
      Start 13: atomics/atomic_cmpxchg_false_race
10/98 Test #11: async_copy/async_copy_single_wi ...........................   Passed    0.32 sec
      Start 14: atomics/atomic_cmpxchg_read_race
11/98 Test #10: async_copy/async_copy_loop_divergent ......................   Passed    0.36 sec
      Start 15: atomics/atomic_cmpxchg_write_race
12/98 Test #12: async_copy/async_copy_unwaited ............................   Passed    0.37 sec
      Start 16: atomics/atomic_global_fence
13/98 Test #14: atomics/atomic_cmpxchg_read_race ..........................   Passed    0.31 sec
      Start 17: atomics/atomic_global_fence_race
14/98 Test #16: atomics/atomic_global_fence ...............................   Passed    0.27 sec
      Start 18: atomics/atomic_increment
15/98 Test #13: atomics/atomic_cmpxchg_false_race .........................   Passed    0.37 sec
      Start 19: atomics/atomic_intergroup_race
16/98 Test #15: atomics/atomic_cmpxchg_write_race .........................   Passed    0.34 sec
      Start 20: atomics/atomic_local_fence
17/98 Test #17: atomics/atomic_global_fence_race ..........................   Passed    0.29 sec
      Start 21: atomics/atomic_minmax_signed
18/98 Test #18: atomics/atomic_increment ..................................   Passed    0.32 sec
      Start 22: atomics/atomic_race_after
19/98 Test #20: atomics/atomic_local_fence ................................   Passed    0.31 sec
      Start 23: atomics/atomic_race_before
20/98 Test #19: atomics/atomic_intergroup_race ............................   Passed    0.34 sec
      Start 24: atomics/atomic_same_workitem
21/98 Test #21: atomics/atomic_minmax_signed ..............................   Passed    0.26 sec
      Start 25: atomics/atom_add
22/98 Test #22: atomics/atomic_race_after .................................   Passed    0.33 sec
      Start 26: barrier/barrier_different_instructions
23/98 Test #23: atomics/atomic_race_before ................................   Passed    0.34 sec
      Start 27: barrier/barrier_divergence
24/98 Test #24: atomics/atomic_same_workitem ..............................   Passed    0.38 sec
      Start 28: bugs/byval_function_argument
25/98 Test #25: atomics/atom_add ..........................................   Passed    0.27 sec
      Start 29: bugs/const_gep_expr_pointee_type
26/98 Test #27: barrier/barrier_divergence ................................   Passed    0.27 sec
      Start 30: bugs/false_warning_vector_argument
27/98 Test #26: barrier/barrier_different_instructions ....................   Passed    0.34 sec
      Start 31: bugs/gvn_arbitrary_integers
28/98 Test #28: bugs/byval_function_argument ..............................   Passed    0.34 sec
      Start 32: bugs/kernel_struct_argument
29/98 Test #29: bugs/const_gep_expr_pointee_type ..........................   Passed    0.32 sec
      Start 33: bugs/llvm_bswap
30/98 Test #30: bugs/false_warning_vector_argument ........................   Passed    0.30 sec
      Start 34: bugs/llvm_memcpyopt_bug
31/98 Test #31: bugs/gvn_arbitrary_integers ...............................   Passed    0.29 sec
      Start 35: bugs/many_alloca
32/98 Test #32: bugs/kernel_struct_argument ...............................   Passed    0.34 sec
      Start 36: bugs/multidim_array_in_struct
33/98 Test #33: bugs/llvm_bswap ...........................................   Passed    0.33 sec
      Start 37: bugs/null_argument
34/98 Test #34: bugs/llvm_memcpyopt_bug ...................................   Passed    0.34 sec
      Start 38: bugs/rhadd_overflow
35/98 Test #36: bugs/multidim_array_in_struct .............................   Passed    0.38 sec
      Start 39: bugs/sroa_addrspace_cast
36/98 Test #37: bugs/null_argument ........................................   Passed    0.37 sec
      Start 40: bugs/write_vector_write_only_fp
37/98 Test #38: bugs/rhadd_overflow .......................................   Passed    0.36 sec
      Start 41: data-race/broadcast
38/98 Test #39: bugs/sroa_addrspace_cast ..................................   Passed    0.35 sec
      Start 42: data-race/global_fence
39/98 Test #40: bugs/write_vector_write_only_fp ...........................   Passed    0.37 sec
      Start 43: data-race/global_only_fence
40/98 Test #41: data-race/broadcast .......................................   Passed    0.33 sec
      Start 44: data-race/global_read_write_race
41/98 Test #43: data-race/global_only_fence ...............................   Passed    0.29 sec
      Start 45: data-race/global_write_write_race
42/98 Test #42: data-race/global_fence ....................................   Passed    0.34 sec
      Start 46: data-race/increment
43/98 Test #44: data-race/global_read_write_race ..........................   Passed    0.30 sec
      Start 47: data-race/intergroup_hidden_race
44/98 Test #45: data-race/global_write_write_race .........................   Passed    0.31 sec
      Start 48: data-race/intragroup_hidden_race
45/98 Test #46: data-race/increment .......................................   Passed    0.34 sec
      Start 49: data-race/intergroup_race
46/98 Test #47: data-race/intergroup_hidden_race ..........................   Passed    0.34 sec
      Start 50: data-race/local_only_fence
47/98 Test #48: data-race/intragroup_hidden_race ..........................   Passed    0.35 sec
      Start 51: data-race/local_read_write_race
48/98 Test #49: data-race/intergroup_race .................................   Passed    0.36 sec
      Start 52: data-race/local_write_write_race
49/98 Test #50: data-race/local_only_fence ................................   Passed    0.36 sec
      Start 53: data-race/uniform_write_race
50/98 Test #51: data-race/local_read_write_race ...........................   Passed    0.36 sec
      Start 54: interactive/struct_member
51/98 Test #52: data-race/local_write_write_race ..........................   Passed    0.35 sec
      Start 55: memcheck/async_copy_out_of_bounds
52/98 Test #53: data-race/uniform_write_race ..............................   Passed    0.35 sec
      Start 56: memcheck/atomic_out_of_bounds
53/98 Test #54: interactive/struct_member .................................   Passed    0.33 sec
      Start 57: memcheck/casted_static_array
54/98 Test #55: memcheck/async_copy_out_of_bounds .........................   Passed    0.30 sec
      Start 58: memcheck/dereference_null
55/98 Test #56: memcheck/atomic_out_of_bounds .............................   Passed    0.35 sec
      Start 59: memcheck/fake_out_of_bounds
56/98 Test #57: memcheck/casted_static_array ..............................   Passed    0.35 sec
      Start 60: memcheck/read_out_of_bounds
57/98 Test #58: memcheck/dereference_null .................................   Passed    0.34 sec
      Start 61: memcheck/read_write_only_memory
58/98 Test #59: memcheck/fake_out_of_bounds ...............................   Passed    0.34 sec
      Start 62: memcheck/static_array
59/98 Test #61: memcheck/read_write_only_memory ...........................   Passed    0.32 sec
      Start 63: memcheck/static_array_padded_struct
60/98 Test #60: memcheck/read_out_of_bounds ...............................   Passed    0.35 sec
      Start 64: memcheck/write_out_of_bounds
61/98 Test #62: memcheck/static_array .....................................   Passed    0.34 sec
      Start 65: memcheck/write_read_only_memory
62/98 Test #63: memcheck/static_array_padded_struct .......................   Passed    0.35 sec
      Start 66: misc/array
63/98 Test #64: memcheck/write_out_of_bounds ..............................   Passed    0.34 sec
      Start 67: misc/global_variables
64/98 Test #65: memcheck/write_read_only_memory ...........................   Passed    0.34 sec
      Start 68: misc/lvalue_loads
65/98 Test #67: misc/global_variables .....................................   Passed    0.31 sec
      Start 69: misc/non_uniform_work_groups
66/98 Test #66: misc/array ................................................   Passed    0.37 sec
      Start 70: misc/printf
67/98 Test #68: misc/lvalue_loads .........................................   Passed    0.40 sec
      Start 71: misc/program_scope_constant_array
68/98 Test #69: misc/non_uniform_work_groups ..............................   Passed    0.36 sec
      Start 72: misc/reduce
69/98 Test #70: misc/printf ...............................................   Passed    0.34 sec
      Start 73: misc/switch_case
70/98 Test #71: misc/program_scope_constant_array .........................   Passed    0.35 sec
      Start 74: misc/vecadd
71/98 Test #72: misc/reduce ...............................................   Passed    0.32 sec
      Start 75: misc/vector_argument
72/98 Test #73: misc/switch_case ..........................................   Passed    0.30 sec
      Start 76: uninitialized/padded_nested_struct_memcpy
73/98 Test #74: misc/vecadd ...............................................   Passed    0.36 sec
      Start 77: uninitialized/padded_struct_alloca_fp
74/98 Test #75: misc/vector_argument ......................................   Passed    0.32 sec
      Start 78: uninitialized/padded_struct_memcpy_fp
75/98 Test #76: uninitialized/padded_nested_struct_memcpy .................   Passed    0.34 sec
      Start 79: uninitialized/partially_uninitialized_fract
76/98 Test #77: uninitialized/padded_struct_alloca_fp .....................   Passed    0.32 sec
      Start 80: uninitialized/private_array_initializer_list
77/98 Test #79: uninitialized/partially_uninitialized_fract ...............   Passed    0.33 sec
      Start 81: uninitialized/uninitialized_global_buffer
78/98 Test #78: uninitialized/padded_struct_memcpy_fp .....................   Passed    0.38 sec
      Start 82: uninitialized/uninitialized_address
79/98 Test #80: uninitialized/private_array_initializer_list ..............   Passed    0.38 sec
      Start 83: uninitialized/uninitialized_local_array
80/98 Test #82: uninitialized/uninitialized_address .......................   Passed    0.32 sec
      Start 84: uninitialized/uninitialized_local_ptr
81/98 Test #81: uninitialized/uninitialized_global_buffer .................   Passed    0.35 sec
      Start 85: uninitialized/uninitialized_local_variable
82/98 Test #83: uninitialized/uninitialized_local_array ...................   Passed    0.33 sec
      Start 86: uninitialized/uninitialized_packed_struct_memcpy
83/98 Test #84: uninitialized/uninitialized_local_ptr .....................   Passed    0.31 sec
      Start 87: uninitialized/uninitialized_padded_struct_memcpy
84/98 Test #85: uninitialized/uninitialized_local_variable ................   Passed    0.35 sec
      Start 88: uninitialized/uninitialized_padded_nested_struct_memcpy
85/98 Test #86: uninitialized/uninitialized_packed_struct_memcpy ..........   Passed    0.33 sec
      Start 89: uninitialized/uninitialized_private_array
86/98 Test #87: uninitialized/uninitialized_padded_struct_memcpy ..........   Passed    0.32 sec
      Start 90: wait_event/wait_event_chained
87/98 Test #88: uninitialized/uninitialized_padded_nested_struct_memcpy ...   Passed    0.27 sec
      Start 91: wait_event/wait_event_divergent
88/98 Test #89: uninitialized/uninitialized_private_array .................   Passed    0.31 sec
      Start 92: wait_event/wait_event_duplicates
89/98 Test #90: wait_event/wait_event_chained .............................   Passed    0.32 sec
      Start 93: wait_event/wait_event_invalid
90/98 Test #91: wait_event/wait_event_divergent ...........................   Passed    0.41 sec
      Start 94: rt_build_program
91/98 Test #93: wait_event/wait_event_invalid .............................   Passed    0.28 sec
      Start 95: rt_kernel_scope_local_mem_usage
92/98 Test #92: wait_event/wait_event_duplicates ..........................   Passed    0.34 sec
      Start 96: rt_map_buffer
93/98 Test #94: rt_build_program ..........................................   Passed    0.46 sec
      Start 97: rt_multqueues
94/98 Test #95: rt_kernel_scope_local_mem_usage ...........................   Passed    0.36 sec
      Start 98: rt_sampler
95/98 Test #96: rt_map_buffer .............................................   Passed    0.40 sec
96/98 Test #97: rt_multqueues .............................................   Passed    0.26 sec
97/98 Test #98: rt_sampler ................................................   Passed    0.30 sec
98/98 Test #35: bugs/many_alloca ..........................................   Passed    8.31 sec

100% tests passed, 0 tests failed out of 98

Total Test time (real) =  11.03 sec
make[1]: Leaving directory '/<<PKGBUILDDIR>>/obj-x86_64-linux-gnu'
   create-stamp debian/debhelper-build-stamp
   dh_testroot -O--buildsystem=cmake
   dh_prep -O--buildsystem=cmake
   dh_auto_install -O--buildsystem=cmake
	cd obj-x86_64-linux-gnu && make -j4 install DESTDIR=/<<PKGBUILDDIR>>/debian/tmp AM_UPDATE_INFO_DIR=no "INSTALL=install --strip-program=true"
make[1]: Entering directory '/<<PKGBUILDDIR>>/obj-x86_64-linux-gnu'
/usr/bin/cmake -S/<<PKGBUILDDIR>> -B/<<PKGBUILDDIR>>/obj-x86_64-linux-gnu --check-build-system CMakeFiles/Makefile.cmake 0
/usr/bin/cmake -E cmake_progress_start /<<PKGBUILDDIR>>/obj-x86_64-linux-gnu/CMakeFiles /<<PKGBUILDDIR>>/obj-x86_64-linux-gnu/CMakeFiles/progress.marks
make -f CMakeFiles/Makefile2 all
make[2]: Entering directory '/<<PKGBUILDDIR>>/obj-x86_64-linux-gnu'
make -f CMakeFiles/oclgrind.dir/build.make CMakeFiles/oclgrind.dir/depend
make -f CMakeFiles/oclgrind-exe.dir/build.make CMakeFiles/oclgrind-exe.dir/depend
make[3]: Entering directory '/<<PKGBUILDDIR>>/obj-x86_64-linux-gnu'
make -f CMakeFiles/OPENCL_C_HEADERS.dir/build.make CMakeFiles/OPENCL_C_HEADERS.dir/depend
make[3]: Entering directory '/<<PKGBUILDDIR>>/obj-x86_64-linux-gnu'
cd /<<PKGBUILDDIR>>/obj-x86_64-linux-gnu && /usr/bin/cmake -E cmake_depends "Unix Makefiles" /<<PKGBUILDDIR>> /<<PKGBUILDDIR>> /<<PKGBUILDDIR>>/obj-x86_64-linux-gnu /<<PKGBUILDDIR>>/obj-x86_64-linux-gnu /<<PKGBUILDDIR>>/obj-x86_64-linux-gnu/CMakeFiles/oclgrind-exe.dir/DependInfo.cmake --color=
make[3]: Entering directory '/<<PKGBUILDDIR>>/obj-x86_64-linux-gnu'
cd /<<PKGBUILDDIR>>/obj-x86_64-linux-gnu && /usr/bin/cmake -E cmake_depends "Unix Makefiles" /<<PKGBUILDDIR>> /<<PKGBUILDDIR>> /<<PKGBUILDDIR>>/obj-x86_64-linux-gnu /<<PKGBUILDDIR>>/obj-x86_64-linux-gnu /<<PKGBUILDDIR>>/obj-x86_64-linux-gnu/CMakeFiles/OPENCL_C_HEADERS.dir/DependInfo.cmake --color=
cd /<<PKGBUILDDIR>>/obj-x86_64-linux-gnu && /usr/bin/cmake -E cmake_depends "Unix Makefiles" /<<PKGBUILDDIR>> /<<PKGBUILDDIR>> /<<PKGBUILDDIR>>/obj-x86_64-linux-gnu /<<PKGBUILDDIR>>/obj-x86_64-linux-gnu /<<PKGBUILDDIR>>/obj-x86_64-linux-gnu/CMakeFiles/oclgrind.dir/DependInfo.cmake --color=
make[3]: Leaving directory '/<<PKGBUILDDIR>>/obj-x86_64-linux-gnu'
make -f CMakeFiles/oclgrind.dir/build.make CMakeFiles/oclgrind.dir/build
make[3]: Leaving directory '/<<PKGBUILDDIR>>/obj-x86_64-linux-gnu'
make[3]: Leaving directory '/<<PKGBUILDDIR>>/obj-x86_64-linux-gnu'
make -f CMakeFiles/oclgrind-exe.dir/build.make CMakeFiles/oclgrind-exe.dir/build
make -f CMakeFiles/OPENCL_C_HEADERS.dir/build.make CMakeFiles/OPENCL_C_HEADERS.dir/build
make[3]: Entering directory '/<<PKGBUILDDIR>>/obj-x86_64-linux-gnu'
make[3]: Entering directory '/<<PKGBUILDDIR>>/obj-x86_64-linux-gnu'
make[3]: Nothing to be done for 'CMakeFiles/oclgrind-exe.dir/build'.
make[3]: Leaving directory '/<<PKGBUILDDIR>>/obj-x86_64-linux-gnu'
make[3]: Nothing to be done for 'CMakeFiles/oclgrind.dir/build'.
make[3]: Leaving directory '/<<PKGBUILDDIR>>/obj-x86_64-linux-gnu'
make[3]: Entering directory '/<<PKGBUILDDIR>>/obj-x86_64-linux-gnu'
make[3]: Nothing to be done for 'CMakeFiles/OPENCL_C_HEADERS.dir/build'.
make[3]: Leaving directory '/<<PKGBUILDDIR>>/obj-x86_64-linux-gnu'
[  3%] Built target oclgrind-exe
[ 39%] Built target oclgrind
make -f CMakeFiles/oclgrind-rt.dir/build.make CMakeFiles/oclgrind-rt.dir/depend
[ 48%] Built target OPENCL_C_HEADERS
make -f CMakeFiles/oclgrind-rt-icd.dir/build.make CMakeFiles/oclgrind-rt-icd.dir/depend
make[3]: Entering directory '/<<PKGBUILDDIR>>/obj-x86_64-linux-gnu'
cd /<<PKGBUILDDIR>>/obj-x86_64-linux-gnu && /usr/bin/cmake -E cmake_depends "Unix Makefiles" /<<PKGBUILDDIR>> /<<PKGBUILDDIR>> /<<PKGBUILDDIR>>/obj-x86_64-linux-gnu /<<PKGBUILDDIR>>/obj-x86_64-linux-gnu /<<PKGBUILDDIR>>/obj-x86_64-linux-gnu/CMakeFiles/oclgrind-rt.dir/DependInfo.cmake --color=
make -f CMakeFiles/oclgrind-kernel.dir/build.make CMakeFiles/oclgrind-kernel.dir/depend
make[3]: Entering directory '/<<PKGBUILDDIR>>/obj-x86_64-linux-gnu'
cd /<<PKGBUILDDIR>>/obj-x86_64-linux-gnu && /usr/bin/cmake -E cmake_depends "Unix Makefiles" /<<PKGBUILDDIR>> /<<PKGBUILDDIR>> /<<PKGBUILDDIR>>/obj-x86_64-linux-gnu /<<PKGBUILDDIR>>/obj-x86_64-linux-gnu /<<PKGBUILDDIR>>/obj-x86_64-linux-gnu/CMakeFiles/oclgrind-rt-icd.dir/DependInfo.cmake --color=
make[3]: Entering directory '/<<PKGBUILDDIR>>/obj-x86_64-linux-gnu'
cd /<<PKGBUILDDIR>>/obj-x86_64-linux-gnu && /usr/bin/cmake -E cmake_depends "Unix Makefiles" /<<PKGBUILDDIR>> /<<PKGBUILDDIR>> /<<PKGBUILDDIR>>/obj-x86_64-linux-gnu /<<PKGBUILDDIR>>/obj-x86_64-linux-gnu /<<PKGBUILDDIR>>/obj-x86_64-linux-gnu/CMakeFiles/oclgrind-kernel.dir/DependInfo.cmake --color=
make[3]: Leaving directory '/<<PKGBUILDDIR>>/obj-x86_64-linux-gnu'
make -f CMakeFiles/oclgrind-rt.dir/build.make CMakeFiles/oclgrind-rt.dir/build
make[3]: Leaving directory '/<<PKGBUILDDIR>>/obj-x86_64-linux-gnu'
make -f CMakeFiles/oclgrind-rt-icd.dir/build.make CMakeFiles/oclgrind-rt-icd.dir/build
make[3]: Entering directory '/<<PKGBUILDDIR>>/obj-x86_64-linux-gnu'
make[3]: Nothing to be done for 'CMakeFiles/oclgrind-rt.dir/build'.
make[3]: Leaving directory '/<<PKGBUILDDIR>>/obj-x86_64-linux-gnu'
make[3]: Leaving directory '/<<PKGBUILDDIR>>/obj-x86_64-linux-gnu'
make -f CMakeFiles/oclgrind-kernel.dir/build.make CMakeFiles/oclgrind-kernel.dir/build
make[3]: Entering directory '/<<PKGBUILDDIR>>/obj-x86_64-linux-gnu'
make[3]: Nothing to be done for 'CMakeFiles/oclgrind-rt-icd.dir/build'.
make[3]: Leaving directory '/<<PKGBUILDDIR>>/obj-x86_64-linux-gnu'
make[3]: Entering directory '/<<PKGBUILDDIR>>/obj-x86_64-linux-gnu'
make[3]: Nothing to be done for 'CMakeFiles/oclgrind-kernel.dir/build'.
make[3]: Leaving directory '/<<PKGBUILDDIR>>/obj-x86_64-linux-gnu'
[ 53%] Built target oclgrind-rt-icd
[ 58%] Built target oclgrind-rt
make -f tests/apps/CMakeFiles/vecadd.dir/build.make tests/apps/CMakeFiles/vecadd.dir/depend
[ 63%] Built target oclgrind-kernel
make -f tests/apps/CMakeFiles/image.dir/build.make tests/apps/CMakeFiles/image.dir/depend
make[3]: Entering directory '/<<PKGBUILDDIR>>/obj-x86_64-linux-gnu'
cd /<<PKGBUILDDIR>>/obj-x86_64-linux-gnu && /usr/bin/cmake -E cmake_depends "Unix Makefiles" /<<PKGBUILDDIR>> /<<PKGBUILDDIR>>/tests/apps /<<PKGBUILDDIR>>/obj-x86_64-linux-gnu /<<PKGBUILDDIR>>/obj-x86_64-linux-gnu/tests/apps /<<PKGBUILDDIR>>/obj-x86_64-linux-gnu/tests/apps/CMakeFiles/vecadd.dir/DependInfo.cmake --color=
make -f tests/runtime/CMakeFiles/kernel_scope_local_mem_usage.dir/build.make tests/runtime/CMakeFiles/kernel_scope_local_mem_usage.dir/depend
make[3]: Entering directory '/<<PKGBUILDDIR>>/obj-x86_64-linux-gnu'
cd /<<PKGBUILDDIR>>/obj-x86_64-linux-gnu && /usr/bin/cmake -E cmake_depends "Unix Makefiles" /<<PKGBUILDDIR>> /<<PKGBUILDDIR>>/tests/apps /<<PKGBUILDDIR>>/obj-x86_64-linux-gnu /<<PKGBUILDDIR>>/obj-x86_64-linux-gnu/tests/apps /<<PKGBUILDDIR>>/obj-x86_64-linux-gnu/tests/apps/CMakeFiles/image.dir/DependInfo.cmake --color=
make -f tests/runtime/CMakeFiles/map_buffer.dir/build.make tests/runtime/CMakeFiles/map_buffer.dir/depend
make[3]: Entering directory '/<<PKGBUILDDIR>>/obj-x86_64-linux-gnu'
cd /<<PKGBUILDDIR>>/obj-x86_64-linux-gnu && /usr/bin/cmake -E cmake_depends "Unix Makefiles" /<<PKGBUILDDIR>> /<<PKGBUILDDIR>>/tests/runtime /<<PKGBUILDDIR>>/obj-x86_64-linux-gnu /<<PKGBUILDDIR>>/obj-x86_64-linux-gnu/tests/runtime /<<PKGBUILDDIR>>/obj-x86_64-linux-gnu/tests/runtime/CMakeFiles/kernel_scope_local_mem_usage.dir/DependInfo.cmake --color=
make[3]: Entering directory '/<<PKGBUILDDIR>>/obj-x86_64-linux-gnu'
cd /<<PKGBUILDDIR>>/obj-x86_64-linux-gnu && /usr/bin/cmake -E cmake_depends "Unix Makefiles" /<<PKGBUILDDIR>> /<<PKGBUILDDIR>>/tests/runtime /<<PKGBUILDDIR>>/obj-x86_64-linux-gnu /<<PKGBUILDDIR>>/obj-x86_64-linux-gnu/tests/runtime /<<PKGBUILDDIR>>/obj-x86_64-linux-gnu/tests/runtime/CMakeFiles/map_buffer.dir/DependInfo.cmake --color=
make[3]: Leaving directory '/<<PKGBUILDDIR>>/obj-x86_64-linux-gnu'
make -f tests/apps/CMakeFiles/vecadd.dir/build.make tests/apps/CMakeFiles/vecadd.dir/build
make[3]: Entering directory '/<<PKGBUILDDIR>>/obj-x86_64-linux-gnu'
make[3]: Nothing to be done for 'tests/apps/CMakeFiles/vecadd.dir/build'.
make[3]: Leaving directory '/<<PKGBUILDDIR>>/obj-x86_64-linux-gnu'
make[3]: Leaving directory '/<<PKGBUILDDIR>>/obj-x86_64-linux-gnu'
make -f tests/apps/CMakeFiles/image.dir/build.make tests/apps/CMakeFiles/image.dir/build
make[3]: Leaving directory '/<<PKGBUILDDIR>>/obj-x86_64-linux-gnu'
make -f tests/runtime/CMakeFiles/kernel_scope_local_mem_usage.dir/build.make tests/runtime/CMakeFiles/kernel_scope_local_mem_usage.dir/build
make[3]: Leaving directory '/<<PKGBUILDDIR>>/obj-x86_64-linux-gnu'
make[3]: Entering directory '/<<PKGBUILDDIR>>/obj-x86_64-linux-gnu'
make[3]: Nothing to be done for 'tests/apps/CMakeFiles/image.dir/build'.
make[3]: Leaving directory '/<<PKGBUILDDIR>>/obj-x86_64-linux-gnu'
make -f tests/runtime/CMakeFiles/map_buffer.dir/build.make tests/runtime/CMakeFiles/map_buffer.dir/build
make[3]: Entering directory '/<<PKGBUILDDIR>>/obj-x86_64-linux-gnu'
make[3]: Nothing to be done for 'tests/runtime/CMakeFiles/kernel_scope_local_mem_usage.dir/build'.
make[3]: Leaving directory '/<<PKGBUILDDIR>>/obj-x86_64-linux-gnu'
[ 68%] Built target vecadd
make[3]: Entering directory '/<<PKGBUILDDIR>>/obj-x86_64-linux-gnu'
make[3]: Nothing to be done for 'tests/runtime/CMakeFiles/map_buffer.dir/build'.
make[3]: Leaving directory '/<<PKGBUILDDIR>>/obj-x86_64-linux-gnu'
make -f tests/runtime/CMakeFiles/multqueues.dir/build.make tests/runtime/CMakeFiles/multqueues.dir/depend
make[3]: Entering directory '/<<PKGBUILDDIR>>/obj-x86_64-linux-gnu'
cd /<<PKGBUILDDIR>>/obj-x86_64-linux-gnu && /usr/bin/cmake -E cmake_depends "Unix Makefiles" /<<PKGBUILDDIR>> /<<PKGBUILDDIR>>/tests/runtime /<<PKGBUILDDIR>>/obj-x86_64-linux-gnu /<<PKGBUILDDIR>>/obj-x86_64-linux-gnu/tests/runtime /<<PKGBUILDDIR>>/obj-x86_64-linux-gnu/tests/runtime/CMakeFiles/multqueues.dir/DependInfo.cmake --color=
[ 74%] Built target kernel_scope_local_mem_usage
[ 79%] Built target image
make -f tests/runtime/CMakeFiles/build_program.dir/build.make tests/runtime/CMakeFiles/build_program.dir/depend
[ 84%] Built target map_buffer
make -f tests/runtime/CMakeFiles/sampler.dir/build.make tests/runtime/CMakeFiles/sampler.dir/depend
make[3]: Entering directory '/<<PKGBUILDDIR>>/obj-x86_64-linux-gnu'
cd /<<PKGBUILDDIR>>/obj-x86_64-linux-gnu && /usr/bin/cmake -E cmake_depends "Unix Makefiles" /<<PKGBUILDDIR>> /<<PKGBUILDDIR>>/tests/runtime /<<PKGBUILDDIR>>/obj-x86_64-linux-gnu /<<PKGBUILDDIR>>/obj-x86_64-linux-gnu/tests/runtime /<<PKGBUILDDIR>>/obj-x86_64-linux-gnu/tests/runtime/CMakeFiles/build_program.dir/DependInfo.cmake --color=
make[3]: Entering directory '/<<PKGBUILDDIR>>/obj-x86_64-linux-gnu'
cd /<<PKGBUILDDIR>>/obj-x86_64-linux-gnu && /usr/bin/cmake -E cmake_depends "Unix Makefiles" /<<PKGBUILDDIR>> /<<PKGBUILDDIR>>/tests/runtime /<<PKGBUILDDIR>>/obj-x86_64-linux-gnu /<<PKGBUILDDIR>>/obj-x86_64-linux-gnu/tests/runtime /<<PKGBUILDDIR>>/obj-x86_64-linux-gnu/tests/runtime/CMakeFiles/sampler.dir/DependInfo.cmake --color=
make[3]: Leaving directory '/<<PKGBUILDDIR>>/obj-x86_64-linux-gnu'
make -f tests/runtime/CMakeFiles/multqueues.dir/build.make tests/runtime/CMakeFiles/multqueues.dir/build
make[3]: Leaving directory '/<<PKGBUILDDIR>>/obj-x86_64-linux-gnu'
make -f tests/runtime/CMakeFiles/sampler.dir/build.make tests/runtime/CMakeFiles/sampler.dir/build
make[3]: Entering directory '/<<PKGBUILDDIR>>/obj-x86_64-linux-gnu'
make[3]: Nothing to be done for 'tests/runtime/CMakeFiles/multqueues.dir/build'.
make[3]: Leaving directory '/<<PKGBUILDDIR>>/obj-x86_64-linux-gnu'
make[3]: Leaving directory '/<<PKGBUILDDIR>>/obj-x86_64-linux-gnu'
make -f tests/runtime/CMakeFiles/build_program.dir/build.make tests/runtime/CMakeFiles/build_program.dir/build
make[3]: Entering directory '/<<PKGBUILDDIR>>/obj-x86_64-linux-gnu'
make[3]: Nothing to be done for 'tests/runtime/CMakeFiles/sampler.dir/build'.
make[3]: Leaving directory '/<<PKGBUILDDIR>>/obj-x86_64-linux-gnu'
make[3]: Entering directory '/<<PKGBUILDDIR>>/obj-x86_64-linux-gnu'
make[3]: Nothing to be done for 'tests/runtime/CMakeFiles/build_program.dir/build'.
make[3]: Leaving directory '/<<PKGBUILDDIR>>/obj-x86_64-linux-gnu'
[ 89%] Built target multqueues
[ 94%] Built target sampler
[100%] Built target build_program
make[2]: Leaving directory '/<<PKGBUILDDIR>>/obj-x86_64-linux-gnu'
/usr/bin/cmake -E cmake_progress_start /<<PKGBUILDDIR>>/obj-x86_64-linux-gnu/CMakeFiles 0
make -f CMakeFiles/Makefile2 preinstall
make[2]: Entering directory '/<<PKGBUILDDIR>>/obj-x86_64-linux-gnu'
make[2]: Nothing to be done for 'preinstall'.
make[2]: Leaving directory '/<<PKGBUILDDIR>>/obj-x86_64-linux-gnu'
Install the project...
/usr/bin/cmake -P cmake_install.cmake
-- Install configuration: "None"
-- Installing: /<<PKGBUILDDIR>>/debian/tmp/usr/bin/oclgrind
-- Installing: /<<PKGBUILDDIR>>/debian/tmp/usr/bin/oclgrind-kernel
-- Set runtime path of "/<<PKGBUILDDIR>>/debian/tmp/usr/bin/oclgrind-kernel" to ""
-- Installing: /<<PKGBUILDDIR>>/debian/tmp/usr/lib/liboclgrind-19.10.so
-- Set runtime path of "/<<PKGBUILDDIR>>/debian/tmp/usr/lib/liboclgrind-19.10.so" to ""
-- Installing: /<<PKGBUILDDIR>>/debian/tmp/usr/lib/liboclgrind-rt.so
-- Set runtime path of "/<<PKGBUILDDIR>>/debian/tmp/usr/lib/liboclgrind-rt.so" to ""
-- Installing: /<<PKGBUILDDIR>>/debian/tmp/usr/lib/liboclgrind-rt-icd.so
-- Set runtime path of "/<<PKGBUILDDIR>>/debian/tmp/usr/lib/liboclgrind-rt-icd.so" to ""
-- Installing: /<<PKGBUILDDIR>>/debian/tmp/usr/include/oclgrind/common.h
-- Installing: /<<PKGBUILDDIR>>/debian/tmp/usr/include/oclgrind/Context.h
-- Installing: /<<PKGBUILDDIR>>/debian/tmp/usr/include/oclgrind/half.h
-- Installing: /<<PKGBUILDDIR>>/debian/tmp/usr/include/oclgrind/Kernel.h
-- Installing: /<<PKGBUILDDIR>>/debian/tmp/usr/include/oclgrind/KernelInvocation.h
-- Installing: /<<PKGBUILDDIR>>/debian/tmp/usr/include/oclgrind/Memory.h
-- Installing: /<<PKGBUILDDIR>>/debian/tmp/usr/include/oclgrind/Plugin.h
-- Installing: /<<PKGBUILDDIR>>/debian/tmp/usr/include/oclgrind/Program.h
-- Installing: /<<PKGBUILDDIR>>/debian/tmp/usr/include/oclgrind/Queue.h
-- Installing: /<<PKGBUILDDIR>>/debian/tmp/usr/include/oclgrind/WorkItem.h
-- Installing: /<<PKGBUILDDIR>>/debian/tmp/usr/include/oclgrind/WorkGroup.h
-- Installing: /<<PKGBUILDDIR>>/debian/tmp/usr/lib/oclgrind/19.10/opencl-c.h
-- Installing: /<<PKGBUILDDIR>>/debian/tmp/usr/lib/oclgrind/19.10/opencl-c-1.2-32.pch
-- Installing: /<<PKGBUILDDIR>>/debian/tmp/usr/lib/oclgrind/19.10/opencl-c-1.2-64.pch
-- Installing: /<<PKGBUILDDIR>>/debian/tmp/usr/lib/oclgrind/19.10/opencl-c-2.0-32.pch
-- Installing: /<<PKGBUILDDIR>>/debian/tmp/usr/lib/oclgrind/19.10/opencl-c-2.0-64.pch
make[1]: Leaving directory '/<<PKGBUILDDIR>>/obj-x86_64-linux-gnu'
   dh_install -O--buildsystem=cmake
   dh_installdocs -O--buildsystem=cmake
   debian/rules override_dh_installchangelogs
make[1]: Entering directory '/<<PKGBUILDDIR>>'
dh_installchangelogs NEWS
make[1]: Leaving directory '/<<PKGBUILDDIR>>'
   dh_installman -O--buildsystem=cmake
   dh_installinit -O--buildsystem=cmake
   dh_installsystemduser -O--buildsystem=cmake
   dh_lintian -O--buildsystem=cmake
   dh_perl -O--buildsystem=cmake
   dh_link -O--buildsystem=cmake
   dh_strip_nondeterminism -O--buildsystem=cmake
   dh_compress -O--buildsystem=cmake
   dh_fixperms -O--buildsystem=cmake
   dh_missing -O--buildsystem=cmake
   dh_dwz -O--buildsystem=cmake
   dh_strip -O--buildsystem=cmake
   debian/rules override_dh_makeshlibs
make[1]: Entering directory '/<<PKGBUILDDIR>>'
dh_makeshlibs -Xliboclgrind-rt
make[1]: Leaving directory '/<<PKGBUILDDIR>>'
   dh_shlibdeps -O--buildsystem=cmake
   dh_installdeb -O--buildsystem=cmake
   dh_gencontrol -O--buildsystem=cmake
   dh_md5sums -O--buildsystem=cmake
   dh_builddeb -O--buildsystem=cmake
dpkg-deb: building package 'liboclgrind-dev' in '../liboclgrind-dev_19.10-1_amd64.deb'.
dpkg-deb: building package 'liboclgrind-19.10' in '../liboclgrind-19.10_19.10-1_amd64.deb'.
dpkg-deb: building package 'oclgrind-dbgsym' in '../oclgrind-dbgsym_19.10-1_amd64.deb'.
dpkg-deb: building package 'oclgrind' in '../oclgrind_19.10-1_amd64.deb'.
dpkg-deb: building package 'liboclgrind-19.10-dbgsym' in '../liboclgrind-19.10-dbgsym_19.10-1_amd64.deb'.
 dpkg-genbuildinfo --build=binary
 dpkg-genchanges --build=binary >../oclgrind_19.10-1_amd64.changes
dpkg-genchanges: info: binary-only upload (no source code included)
 dpkg-source --after-build .
dpkg-buildpackage: info: binary-only upload (no source included)
--------------------------------------------------------------------------------
Build finished at 2020-02-25T00:00:47Z

Finished
--------

I: Built successfully

+------------------------------------------------------------------------------+
| Changes                                                                      |
+------------------------------------------------------------------------------+


oclgrind_19.10-1_amd64.changes:
-------------------------------

Format: 1.8
Date: Mon, 25 Nov 2019 01:04:06 +0000
Source: oclgrind
Binary: liboclgrind-19.10 liboclgrind-19.10-dbgsym liboclgrind-dev oclgrind oclgrind-dbgsym
Architecture: amd64
Version: 19.10-1
Distribution: unstable
Urgency: medium
Maintainer: Debian OpenCL Maintainers <pkg-opencl-devel@lists.alioth.debian.org>
Changed-By: James Price <jamesprice.dev@gmail.com>
Description:
 liboclgrind-19.10 - core library for Oclgrind
 liboclgrind-dev - development files for Oclgrind
 oclgrind   - OpenCL device simulator
Closes: 943197
Changes:
 oclgrind (19.10-1) unstable; urgency=medium
 .
   [ James Price ]
   * New upstream release
   * Refresh patches, drop those applied upstream
   * Bump Standards-Version to 4.4.1. No changes needed.
   * Switch to LLVM/Clang 8
   * Use Python 3 (Closes: #943197)
 .
   [ Andreas Beckmann ]
   * Set Rules-Requires-Root: no.
Checksums-Sha1:
 0b48bd07dfd9f82f8a1c12a00d2c7054dce441b5 3346476 liboclgrind-19.10-dbgsym_19.10-1_amd64.deb
 ce489dae469783c5ab0bad504f37bf6387847f20 14429080 liboclgrind-19.10_19.10-1_amd64.deb
 c724b6ca057580db05d8c80bade5096209148b87 13984 liboclgrind-dev_19.10-1_amd64.deb
 9ab0eeda2b89f2882d8f30df35cb4bfd2a858c04 570252 oclgrind-dbgsym_19.10-1_amd64.deb
 f0c1fcca11dc9310b08fc64264af041e5fdd1a78 7928 oclgrind_19.10-1_amd64.buildinfo
 9d19a3587e89549786223a0c947ddea4723f75d1 104560 oclgrind_19.10-1_amd64.deb
Checksums-Sha256:
 08ba2e1f74229f423d7e7bba36fdb778df5c1b20d89dea4c9b17ce06f4368b44 3346476 liboclgrind-19.10-dbgsym_19.10-1_amd64.deb
 c5e8f0318ea89f9a469e12ceca604bdf9eb52dc6bc3b0e573b439430dbe94365 14429080 liboclgrind-19.10_19.10-1_amd64.deb
 c3cc160a42c211a95913d79d660278d7d90217c667b17b3018ac265b03858a2f 13984 liboclgrind-dev_19.10-1_amd64.deb
 24650cdb70fb6fd5bcc35d92a90000ddb810e59ec3805dc1c0605be37627afaf 570252 oclgrind-dbgsym_19.10-1_amd64.deb
 d961843adc5549b96ac08f03b11cf08f6fbcd25f16e8e5a5fa648a6b9d37a38e 7928 oclgrind_19.10-1_amd64.buildinfo
 da64cd990a73973d848d73e3ac9933fb62ff3f31093aff3f29472861542a1879 104560 oclgrind_19.10-1_amd64.deb
Files:
 a900259083e64be52f5ee5e6278aa2b5 3346476 debug optional liboclgrind-19.10-dbgsym_19.10-1_amd64.deb
 f39f71536c96250510e5c66b8136f8ce 14429080 libs optional liboclgrind-19.10_19.10-1_amd64.deb
 fe65fb051b3e3b661a631a176f9cb9f5 13984 libdevel optional liboclgrind-dev_19.10-1_amd64.deb
 45b8ab69e5c73c74dad9aa1fcc0d2f13 570252 debug optional oclgrind-dbgsym_19.10-1_amd64.deb
 ce22c26f5f4a252b4e55e1f584acb0fa 7928 devel optional oclgrind_19.10-1_amd64.buildinfo
 df2a6f2420c5cd61881415d643e06027 104560 devel optional oclgrind_19.10-1_amd64.deb

+------------------------------------------------------------------------------+
| Buildinfo                                                                    |
+------------------------------------------------------------------------------+

Format: 1.0
Source: oclgrind
Binary: liboclgrind-19.10 liboclgrind-dev oclgrind
Architecture: amd64
Version: 19.10-1
Checksums-Md5:
 a900259083e64be52f5ee5e6278aa2b5 3346476 liboclgrind-19.10-dbgsym_19.10-1_amd64.deb
 f39f71536c96250510e5c66b8136f8ce 14429080 liboclgrind-19.10_19.10-1_amd64.deb
 fe65fb051b3e3b661a631a176f9cb9f5 13984 liboclgrind-dev_19.10-1_amd64.deb
 45b8ab69e5c73c74dad9aa1fcc0d2f13 570252 oclgrind-dbgsym_19.10-1_amd64.deb
 df2a6f2420c5cd61881415d643e06027 104560 oclgrind_19.10-1_amd64.deb
Checksums-Sha1:
 0b48bd07dfd9f82f8a1c12a00d2c7054dce441b5 3346476 liboclgrind-19.10-dbgsym_19.10-1_amd64.deb
 ce489dae469783c5ab0bad504f37bf6387847f20 14429080 liboclgrind-19.10_19.10-1_amd64.deb
 c724b6ca057580db05d8c80bade5096209148b87 13984 liboclgrind-dev_19.10-1_amd64.deb
 9ab0eeda2b89f2882d8f30df35cb4bfd2a858c04 570252 oclgrind-dbgsym_19.10-1_amd64.deb
 9d19a3587e89549786223a0c947ddea4723f75d1 104560 oclgrind_19.10-1_amd64.deb
Checksums-Sha256:
 08ba2e1f74229f423d7e7bba36fdb778df5c1b20d89dea4c9b17ce06f4368b44 3346476 liboclgrind-19.10-dbgsym_19.10-1_amd64.deb
 c5e8f0318ea89f9a469e12ceca604bdf9eb52dc6bc3b0e573b439430dbe94365 14429080 liboclgrind-19.10_19.10-1_amd64.deb
 c3cc160a42c211a95913d79d660278d7d90217c667b17b3018ac265b03858a2f 13984 liboclgrind-dev_19.10-1_amd64.deb
 24650cdb70fb6fd5bcc35d92a90000ddb810e59ec3805dc1c0605be37627afaf 570252 oclgrind-dbgsym_19.10-1_amd64.deb
 da64cd990a73973d848d73e3ac9933fb62ff3f31093aff3f29472861542a1879 104560 oclgrind_19.10-1_amd64.deb
Build-Origin: Debian
Build-Architecture: amd64
Build-Date: Tue, 25 Feb 2020 00:00:45 +0000
Build-Path: /<<PKGBUILDDIR>>
Installed-Build-Depends:
 autoconf (= 2.69-11.1),
 automake (= 1:1.16.1-4),
 autopoint (= 0.19.8.1-10),
 autotools-dev (= 20180224.1),
 base-files (= 11),
 base-passwd (= 3.5.47),
 bash (= 5.0-5),
 binfmt-support (= 2.2.0-2),
 binutils (= 2.34-3),
 binutils-common (= 2.34-3),
 binutils-x86-64-linux-gnu (= 2.34-3),
 bsdmainutils (= 11.1.2+b1),
 bsdutils (= 1:2.34-0.1),
 build-essential (= 12.8),
 bzip2 (= 1.0.8-2),
 clang-8 (= 1:8.0.1-7),
 clang-9 (= 1:9.0.1-8),
 cmake (= 3.16.3-1),
 cmake-data (= 3.16.3-1),
 coreutils (= 8.30-3+b1),
 cpp (= 4:9.2.1-3.1),
 cpp-9 (= 9.2.1-29),
 dash (= 0.5.10.2-6),
 debconf (= 1.5.73),
 debhelper (= 12.9),
 debianutils (= 4.9.1),
 dh-autoreconf (= 19),
 dh-exec (= 0.23.2),
 dh-strip-nondeterminism (= 1.6.3-2),
 diffutils (= 1:3.7-3),
 dpkg (= 1.19.7),
 dpkg-dev (= 1.19.7),
 dwz (= 0.13-5),
 fdisk (= 2.34-0.1),
 file (= 1:5.38-4),
 findutils (= 4.7.0-1),
 g++ (= 4:9.2.1-3.1),
 g++-9 (= 9.2.1-29),
 gcc (= 4:9.2.1-3.1),
 gcc-10-base (= 10-20200222-1),
 gcc-8-base (= 8.3.0-29),
 gcc-9 (= 9.2.1-29),
 gcc-9-base (= 9.2.1-29),
 gettext (= 0.19.8.1-10),
 gettext-base (= 0.19.8.1-10),
 grep (= 3.4-1),
 groff-base (= 1.22.4-4),
 gzip (= 1.9-3+b1),
 hostname (= 3.23),
 init-system-helpers (= 1.57),
 intltool-debian (= 0.35.0+20060710.5),
 lib32gcc-s1 (= 10-20200222-1),
 lib32gcc1 (= 1:10-20200222-1),
 lib32stdc++6 (= 10-20200222-1),
 libacl1 (= 2.2.53-5),
 libarchive-zip-perl (= 1.67-1),
 libarchive13 (= 3.4.0-1+b1),
 libasan5 (= 9.2.1-29),
 libatomic1 (= 10-20200222-1),
 libattr1 (= 1:2.4.48-5),
 libaudit-common (= 1:2.8.5-2),
 libaudit1 (= 1:2.8.5-2+b1),
 libbinutils (= 2.34-3),
 libblkid1 (= 2.34-0.1),
 libbrotli1 (= 1.0.7-6),
 libbsd-dev (= 0.10.0-1),
 libbsd0 (= 0.10.0-1),
 libbz2-1.0 (= 1.0.8-2),
 libc-bin (= 2.29-10),
 libc-dev-bin (= 2.29-10),
 libc6 (= 2.29-10),
 libc6-dev (= 2.29-10),
 libc6-i386 (= 2.29-10),
 libcap-ng0 (= 0.7.9-2.1+b1),
 libcc1-0 (= 10-20200222-1),
 libclang-8-dev (= 1:8.0.1-7),
 libclang-common-8-dev (= 1:8.0.1-7),
 libclang-common-9-dev (= 1:9.0.1-8),
 libclang-cpp9 (= 1:9.0.1-8),
 libclang1-8 (= 1:8.0.1-7),
 libcom-err2 (= 1.45.5-2),
 libcroco3 (= 0.6.13-1),
 libcrypt-dev (= 1:4.4.10-10),
 libcrypt1 (= 1:4.4.10-10),
 libctf-nobfd0 (= 2.34-3),
 libctf0 (= 2.34-3),
 libcurl4 (= 7.68.0-1),
 libdb5.3 (= 5.3.28+dfsg1-0.6),
 libdebconfclient0 (= 0.251),
 libdebhelper-perl (= 12.9),
 libdpkg-perl (= 1.19.7),
 libedit-dev (= 3.1-20191231-1),
 libedit2 (= 3.1-20191231-1),
 libelf1 (= 0.176-1.1),
 libexpat1 (= 2.2.9-1),
 libfdisk1 (= 2.34-0.1),
 libffi-dev (= 3.3-3),
 libffi7 (= 3.3-3),
 libfile-stripnondeterminism-perl (= 1.6.3-2),
 libgc1c2 (= 1:7.6.4-0.4),
 libgcc-8-dev (= 8.3.0-29),
 libgcc-9-dev (= 9.2.1-29),
 libgcc-s1 (= 10-20200222-1),
 libgcc1 (= 1:10-20200222-1),
 libgcrypt20 (= 1.8.5-5),
 libgdbm-compat4 (= 1.18.1-5),
 libgdbm6 (= 1.18.1-5),
 libglib2.0-0 (= 2.62.4-2),
 libgmp10 (= 2:6.2.0+dfsg-4),
 libgnutls30 (= 3.6.12-2),
 libgomp1 (= 10-20200222-1),
 libgpg-error0 (= 1.37-1),
 libgssapi-krb5-2 (= 1.17-6),
 libhogweed5 (= 3.5.1+really3.5.1-2),
 libicu63 (= 63.2-2),
 libidn2-0 (= 2.2.0-2),
 libisl22 (= 0.22.1-1),
 libitm1 (= 10-20200222-1),
 libjsoncpp1 (= 1.7.4-3.1),
 libk5crypto3 (= 1.17-6),
 libkeyutils1 (= 1.6.1-2),
 libkrb5-3 (= 1.17-6),
 libkrb5support0 (= 1.17-6),
 libldap-2.4-2 (= 2.4.49+dfsg-1),
 libldap-common (= 2.4.49+dfsg-1),
 libllvm8 (= 1:8.0.1-7),
 libllvm9 (= 1:9.0.1-8),
 liblsan0 (= 10-20200222-1),
 liblz4-1 (= 1.9.2-2),
 liblzma5 (= 5.2.4-1+b1),
 libmagic-mgc (= 1:5.38-4),
 libmagic1 (= 1:5.38-4),
 libmount1 (= 2.34-0.1),
 libmpc3 (= 1.1.0-1),
 libmpdec2 (= 2.4.2-2),
 libmpfr6 (= 4.0.2-1),
 libmpx2 (= 8.3.0-29),
 libncurses-dev (= 6.1+20191019-1),
 libncurses6 (= 6.1+20191019-1),
 libncursesw6 (= 6.1+20191019-1),
 libnettle7 (= 3.5.1+really3.5.1-2),
 libnghttp2-14 (= 1.40.0-1),
 libobjc-8-dev (= 8.3.0-29),
 libobjc4 (= 10-20200222-1),
 libp11-kit0 (= 0.23.20-1),
 libpam-modules (= 1.3.1-5),
 libpam-modules-bin (= 1.3.1-5),
 libpam-runtime (= 1.3.1-5),
 libpam0g (= 1.3.1-5),
 libpcre2-8-0 (= 10.34-7),
 libpcre3 (= 2:8.39-12+b1),
 libperl5.30 (= 5.30.0-9),
 libpfm4 (= 4.10.1+git20-g7700f49-2),
 libpipeline1 (= 1.5.2-2),
 libprocps8 (= 2:3.3.16-1+b1),
 libpsl5 (= 0.20.2-2),
 libpython3-stdlib (= 3.7.5-3),
 libpython3.7-minimal (= 3.7.6-1+b1),
 libpython3.7-stdlib (= 3.7.6-1+b1),
 libquadmath0 (= 10-20200222-1),
 libreadline-dev (= 8.0-3),
 libreadline8 (= 8.0-3),
 librhash0 (= 1.3.9-1),
 librtmp1 (= 2.4+20151223.gitfa8646d.1-2+b1),
 libsasl2-2 (= 2.1.27+dfsg-2),
 libsasl2-modules-db (= 2.1.27+dfsg-2),
 libseccomp2 (= 2.4.2-2),
 libselinux1 (= 3.0-1+b1),
 libsigsegv2 (= 2.12-2),
 libsmartcols1 (= 2.34-0.1),
 libsqlite3-0 (= 3.31.1-3),
 libssh2-1 (= 1.8.0-2.1),
 libssl1.1 (= 1.1.1d-2),
 libstdc++-8-dev (= 8.3.0-29),
 libstdc++-9-dev (= 9.2.1-29),
 libstdc++6 (= 10-20200222-1),
 libsub-override-perl (= 0.09-2),
 libsystemd0 (= 244.3-1),
 libtasn1-6 (= 4.16.0-2),
 libtinfo-dev (= 6.1+20191019-1),
 libtinfo6 (= 6.1+20191019-1),
 libtool (= 2.4.6-13),
 libtsan0 (= 10-20200222-1),
 libubsan1 (= 10-20200222-1),
 libuchardet0 (= 0.0.6-3),
 libudev1 (= 244.3-1),
 libunistring2 (= 0.9.10-2),
 libuuid1 (= 2.34-0.1),
 libuv1 (= 1.34.2-1),
 libxml2 (= 2.9.10+dfsg-3),
 libz3-4 (= 4.8.7-4),
 libzstd1 (= 1.4.4+dfsg-3),
 linux-libc-dev (= 5.4.19-1),
 llvm-8 (= 1:8.0.1-7),
 llvm-8-dev (= 1:8.0.1-7),
 llvm-8-runtime (= 1:8.0.1-7),
 login (= 1:4.8.1-1),
 lsb-base (= 11.1.0),
 m4 (= 1.4.18-4),
 make (= 4.2.1-1.2),
 man-db (= 2.9.0-2),
 mawk (= 1.3.4.20200120-2),
 mime-support (= 3.64),
 ncurses-base (= 6.1+20191019-1),
 ncurses-bin (= 6.1+20191019-1),
 opencl-c-headers (= 2.2~2019.08.06-g0d5f18c-1),
 patch (= 2.7.6-6),
 perl (= 5.30.0-9),
 perl-base (= 5.30.0-9),
 perl-modules-5.30 (= 5.30.0-9),
 po-debconf (= 1.0.21),
 procps (= 2:3.3.16-1+b1),
 python3 (= 3.7.5-3),
 python3-minimal (= 3.7.5-3),
 python3.7 (= 3.7.6-1+b1),
 python3.7-minimal (= 3.7.6-1+b1),
 readline-common (= 8.0-3),
 sed (= 4.7-1),
 sensible-utils (= 0.0.12+nmu1),
 sysvinit-utils (= 2.96-2.1),
 tar (= 1.30+dfsg-6+b1),
 util-linux (= 2.34-0.1),
 xz-utils (= 5.2.4-1+b1),
 zlib1g (= 1:1.2.11.dfsg-1.2),
 zlib1g-dev (= 1:1.2.11.dfsg-1.2)
Environment:
 DEB_BUILD_OPTIONS="parallel=4"
 LANG="C.UTF-8"
 LC_ALL="C.UTF-8"
 SOURCE_DATE_EPOCH="1574643846"


+------------------------------------------------------------------------------+
| Package contents                                                             |
+------------------------------------------------------------------------------+


liboclgrind-19.10-dbgsym_19.10-1_amd64.deb
------------------------------------------

 new Debian package, version 2.0.
 size 3346476 bytes: control archive=560 bytes.
     415 bytes,    13 lines      control              
     106 bytes,     1 lines      md5sums              
 Package: liboclgrind-19.10-dbgsym
 Source: oclgrind
 Version: 19.10-1
 Auto-Built-Package: debug-symbols
 Architecture: amd64
 Maintainer: Debian OpenCL Maintainers <pkg-opencl-devel@lists.alioth.debian.org>
 Installed-Size: 9001
 Depends: liboclgrind-19.10 (= 19.10-1)
 Section: debug
 Priority: optional
 Multi-Arch: same
 Description: debug symbols for liboclgrind-19.10
 Build-Ids: 2cf767c6c83b56fe367417d06b2e477acd725ab2

drwxr-xr-x root/root         0 2019-11-25 01:04 ./
drwxr-xr-x root/root         0 2019-11-25 01:04 ./usr/
drwxr-xr-x root/root         0 2019-11-25 01:04 ./usr/lib/
drwxr-xr-x root/root         0 2019-11-25 01:04 ./usr/lib/debug/
drwxr-xr-x root/root         0 2019-11-25 01:04 ./usr/lib/debug/.build-id/
drwxr-xr-x root/root         0 2019-11-25 01:04 ./usr/lib/debug/.build-id/2c/
-rw-r--r-- root/root   9206688 2019-11-25 01:04 ./usr/lib/debug/.build-id/2c/f767c6c83b56fe367417d06b2e477acd725ab2.debug
drwxr-xr-x root/root         0 2019-11-25 01:04 ./usr/share/
drwxr-xr-x root/root         0 2019-11-25 01:04 ./usr/share/doc/
lrwxrwxrwx root/root         0 2019-11-25 01:04 ./usr/share/doc/liboclgrind-19.10-dbgsym -> liboclgrind-19.10


liboclgrind-19.10_19.10-1_amd64.deb
-----------------------------------

 new Debian package, version 2.0.
 size 14429080 bytes: control archive=1228 bytes.
     928 bytes,    20 lines      control              
     862 bytes,    10 lines      md5sums              
      47 bytes,     1 lines      shlibs               
      65 bytes,     2 lines      triggers             
 Package: liboclgrind-19.10
 Source: oclgrind
 Version: 19.10-1
 Architecture: amd64
 Maintainer: Debian OpenCL Maintainers <pkg-opencl-devel@lists.alioth.debian.org>
 Installed-Size: 52745
 Depends: libc6 (>= 2.29), libgcc-s1 (>= 3.3), libreadline8 (>= 6.0), libstdc++6 (>= 9), libtinfo6 (>= 6), zlib1g (>= 1:1.2.0)
 Section: libs
 Priority: optional
 Multi-Arch: same
 Homepage: https://github.com/jrprice/Oclgrind
 Description: core library for Oclgrind
  Oclgrind is an extensible OpenCL device simulator that provides a
  plugin interface to facilitate the creation of tools to aid analysis
  and development of OpenCL programs. Among the tools that Oclgrind
  provides are various debugging aids, such as out-of-bounds memory
  access checking, data-race detection, and an interactive debugger.
  .
  This package provides the core library for Oclgrind, implementing the
  simulator, plugin interface, and providing several built-in plugins.

drwxr-xr-x root/root         0 2019-11-25 01:04 ./
drwxr-xr-x root/root         0 2019-11-25 01:04 ./usr/
drwxr-xr-x root/root         0 2019-11-25 01:04 ./usr/lib/
drwxr-xr-x root/root         0 2019-11-25 01:04 ./usr/lib/x86_64-linux-gnu/
-rw-r--r-- root/root  42622080 2019-11-25 01:04 ./usr/lib/x86_64-linux-gnu/liboclgrind-19.10.so
drwxr-xr-x root/root         0 2019-11-25 01:04 ./usr/lib/x86_64-linux-gnu/oclgrind/
drwxr-xr-x root/root         0 2019-11-25 01:04 ./usr/lib/x86_64-linux-gnu/oclgrind/19.10/
-rw-r--r-- root/root   2614788 2019-11-25 01:04 ./usr/lib/x86_64-linux-gnu/oclgrind/19.10/opencl-c-1.2-32.pch
-rw-r--r-- root/root   2615148 2019-11-25 01:04 ./usr/lib/x86_64-linux-gnu/oclgrind/19.10/opencl-c-1.2-64.pch
-rw-r--r-- root/root   2648348 2019-11-25 01:04 ./usr/lib/x86_64-linux-gnu/oclgrind/19.10/opencl-c-2.0-32.pch
-rw-r--r-- root/root   2648732 2019-11-25 01:04 ./usr/lib/x86_64-linux-gnu/oclgrind/19.10/opencl-c-2.0-64.pch
-rw-r--r-- root/root    836317 2019-11-25 01:04 ./usr/lib/x86_64-linux-gnu/oclgrind/19.10/opencl-c.h
drwxr-xr-x root/root         0 2019-11-25 01:04 ./usr/share/
drwxr-xr-x root/root         0 2019-11-25 01:04 ./usr/share/doc/
drwxr-xr-x root/root         0 2019-11-25 01:04 ./usr/share/doc/liboclgrind-19.10/
-rw-r--r-- root/root      1240 2019-11-25 01:04 ./usr/share/doc/liboclgrind-19.10/changelog.Debian.gz
-rw-r--r-- root/root      1513 2019-10-28 13:40 ./usr/share/doc/liboclgrind-19.10/changelog.gz
-rw-r--r-- root/root      3025 2019-11-25 01:04 ./usr/share/doc/liboclgrind-19.10/copyright
drwxr-xr-x root/root         0 2019-11-25 01:04 ./usr/share/lintian/
drwxr-xr-x root/root         0 2019-11-25 01:04 ./usr/share/lintian/overrides/
-rw-r--r-- root/root       119 2019-11-25 01:04 ./usr/share/lintian/overrides/liboclgrind-19.10


liboclgrind-dev_19.10-1_amd64.deb
---------------------------------

 new Debian package, version 2.0.
 size 13984 bytes: control archive=1160 bytes.
     806 bytes,    20 lines      control              
     953 bytes,    14 lines      md5sums              
 Package: liboclgrind-dev
 Source: oclgrind
 Version: 19.10-1
 Architecture: amd64
 Maintainer: Debian OpenCL Maintainers <pkg-opencl-devel@lists.alioth.debian.org>
 Installed-Size: 60
 Depends: liboclgrind-19.10 (= 19.10-1)
 Section: libdevel
 Priority: optional
 Multi-Arch: same
 Homepage: https://github.com/jrprice/Oclgrind
 Description: development files for Oclgrind
  Oclgrind is an extensible OpenCL device simulator that provides a
  plugin interface to facilitate the creation of tools to aid analysis
  and development of OpenCL programs. Among the tools that Oclgrind
  provides are various debugging aids, such as out-of-bounds memory
  access checking, data-race detection, and an interactive debugger.
  .
  This package provides the development headers and libraries used for
  creating new Oclgrind plugins.

drwxr-xr-x root/root         0 2019-11-25 01:04 ./
drwxr-xr-x root/root         0 2019-11-25 01:04 ./usr/
drwxr-xr-x root/root         0 2019-11-25 01:04 ./usr/include/
drwxr-xr-x root/root         0 2019-11-25 01:04 ./usr/include/oclgrind/
-rw-r--r-- root/root      4148 2019-10-28 13:40 ./usr/include/oclgrind/Context.h
-rw-r--r-- root/root      2135 2019-10-28 13:40 ./usr/include/oclgrind/Kernel.h
-rw-r--r-- root/root      1788 2019-10-28 13:40 ./usr/include/oclgrind/KernelInvocation.h
-rw-r--r-- root/root      1994 2019-10-28 13:40 ./usr/include/oclgrind/Memory.h
-rw-r--r-- root/root      3253 2019-10-28 13:40 ./usr/include/oclgrind/Plugin.h
-rw-r--r-- root/root      2935 2019-10-28 13:40 ./usr/include/oclgrind/Program.h
-rw-r--r-- root/root      4688 2019-10-28 13:40 ./usr/include/oclgrind/Queue.h
-rw-r--r-- root/root      2753 2019-10-28 13:40 ./usr/include/oclgrind/WorkGroup.h
-rw-r--r-- root/root      5914 2019-10-28 13:40 ./usr/include/oclgrind/WorkItem.h
-rw-r--r-- root/root      8190 2019-11-25 01:04 ./usr/include/oclgrind/common.h
-rw-r--r-- root/root       707 2019-10-28 13:40 ./usr/include/oclgrind/half.h
drwxr-xr-x root/root         0 2019-11-25 01:04 ./usr/lib/
drwxr-xr-x root/root         0 2019-11-25 01:04 ./usr/lib/x86_64-linux-gnu/
lrwxrwxrwx root/root         0 2019-11-25 01:04 ./usr/lib/x86_64-linux-gnu/liboclgrind.so -> liboclgrind-18.3.so
drwxr-xr-x root/root         0 2019-11-25 01:04 ./usr/share/
drwxr-xr-x root/root         0 2019-11-25 01:04 ./usr/share/doc/
drwxr-xr-x root/root         0 2019-11-25 01:04 ./usr/share/doc/liboclgrind-dev/
-rw-r--r-- root/root      1240 2019-11-25 01:04 ./usr/share/doc/liboclgrind-dev/changelog.Debian.gz
-rw-r--r-- root/root      1513 2019-10-28 13:40 ./usr/share/doc/liboclgrind-dev/changelog.gz
-rw-r--r-- root/root      3025 2019-11-25 01:04 ./usr/share/doc/liboclgrind-dev/copyright


oclgrind-dbgsym_19.10-1_amd64.deb
---------------------------------

 new Debian package, version 2.0.
 size 570252 bytes: control archive=744 bytes.
     493 bytes,    12 lines      control              
     509 bytes,     5 lines      md5sums              
 Package: oclgrind-dbgsym
 Source: oclgrind
 Version: 19.10-1
 Auto-Built-Package: debug-symbols
 Architecture: amd64
 Maintainer: Debian OpenCL Maintainers <pkg-opencl-devel@lists.alioth.debian.org>
 Installed-Size: 774
 Depends: oclgrind (= 19.10-1)
 Section: debug
 Priority: optional
 Description: debug symbols for oclgrind
 Build-Ids: 2ab5162ad8bd90cddfa6be7e7bf0535ab5ec5657 caecda243431009659afcdef89b03ad5e3b429f4 cd8bad591f26d99970586d505199dfe76aaa7bdc d923e879ab1999dd8ebc3f275fa9371e412b9ac5

drwxr-xr-x root/root         0 2019-11-25 01:04 ./
drwxr-xr-x root/root         0 2019-11-25 01:04 ./usr/
drwxr-xr-x root/root         0 2019-11-25 01:04 ./usr/lib/
drwxr-xr-x root/root         0 2019-11-25 01:04 ./usr/lib/debug/
drwxr-xr-x root/root         0 2019-11-25 01:04 ./usr/lib/debug/.build-id/
drwxr-xr-x root/root         0 2019-11-25 01:04 ./usr/lib/debug/.build-id/2a/
-rw-r--r-- root/root    250424 2019-11-25 01:04 ./usr/lib/debug/.build-id/2a/b5162ad8bd90cddfa6be7e7bf0535ab5ec5657.debug
drwxr-xr-x root/root         0 2019-11-25 01:04 ./usr/lib/debug/.build-id/ca/
-rw-r--r-- root/root     20304 2019-11-25 01:04 ./usr/lib/debug/.build-id/ca/ecda243431009659afcdef89b03ad5e3b429f4.debug
drwxr-xr-x root/root         0 2019-11-25 01:04 ./usr/lib/debug/.build-id/cd/
-rw-r--r-- root/root    145136 2019-11-25 01:04 ./usr/lib/debug/.build-id/cd/8bad591f26d99970586d505199dfe76aaa7bdc.debug
drwxr-xr-x root/root         0 2019-11-25 01:04 ./usr/lib/debug/.build-id/d9/
-rw-r--r-- root/root    250520 2019-11-25 01:04 ./usr/lib/debug/.build-id/d9/23e879ab1999dd8ebc3f275fa9371e412b9ac5.debug
drwxr-xr-x root/root         0 2019-11-25 01:04 ./usr/lib/debug/.dwz/
drwxr-xr-x root/root         0 2019-11-25 01:04 ./usr/lib/debug/.dwz/x86_64-linux-gnu/
-rw-r--r-- root/root    108824 2019-11-25 01:04 ./usr/lib/debug/.dwz/x86_64-linux-gnu/oclgrind.debug
drwxr-xr-x root/root         0 2019-11-25 01:04 ./usr/share/
drwxr-xr-x root/root         0 2019-11-25 01:04 ./usr/share/doc/
lrwxrwxrwx root/root         0 2019-11-25 01:04 ./usr/share/doc/oclgrind-dbgsym -> oclgrind


oclgrind_19.10-1_amd64.deb
--------------------------

 new Debian package, version 2.0.
 size 104560 bytes: control archive=1172 bytes.
    1037 bytes,    22 lines      control              
     676 bytes,    10 lines      md5sums              
 Package: oclgrind
 Version: 19.10-1
 Architecture: amd64
 Maintainer: Debian OpenCL Maintainers <pkg-opencl-devel@lists.alioth.debian.org>
 Installed-Size: 569
 Depends: libc6 (>= 2.14), libgcc-s1 (>= 3.0), liboclgrind-19.10 (>= 19.10), libstdc++6 (>= 9)
 Section: devel
 Priority: optional
 Multi-Arch: foreign
 Homepage: https://github.com/jrprice/Oclgrind
 Description: OpenCL device simulator
  Oclgrind is an extensible OpenCL device simulator that provides a
  plugin interface to facilitate the creation of tools to aid analysis
  and development of OpenCL programs. Among the tools that Oclgrind
  provides are various debugging aids, such as out-of-bounds memory
  access checking, data-race detection, and an interactive debugger.
  .
  Oclgrind implements the OpenCL 1.2 runtime API, which makes
  simulating an existing OpenCL program very straightforward - simply
  prefix your usual application command-line with 'oclgrind'. There is
  also a simple interface for simulating individual kernels in
  isolation via the 'oclgrind-kernel' command.

drwxr-xr-x root/root         0 2019-11-25 01:04 ./
drwxr-xr-x root/root         0 2019-11-25 01:04 ./usr/
drwxr-xr-x root/root         0 2019-11-25 01:04 ./usr/bin/
-rwxr-xr-x root/root     26848 2019-11-25 01:04 ./usr/bin/oclgrind
-rwxr-xr-x root/root     92472 2019-11-25 01:04 ./usr/bin/oclgrind-kernel
drwxr-xr-x root/root         0 2019-11-25 01:04 ./usr/lib/
drwxr-xr-x root/root         0 2019-11-25 01:04 ./usr/lib/oclgrind/
-rw-r--r-- root/root    217344 2019-11-25 01:04 ./usr/lib/oclgrind/liboclgrind-rt-icd.so
-rw-r--r-- root/root    217344 2019-11-25 01:04 ./usr/lib/oclgrind/liboclgrind-rt.so
drwxr-xr-x root/root         0 2019-11-25 01:04 ./usr/share/
drwxr-xr-x root/root         0 2019-11-25 01:04 ./usr/share/doc/
drwxr-xr-x root/root         0 2019-11-25 01:04 ./usr/share/doc/oclgrind/
-rw-r--r-- root/root      2510 2019-10-28 13:40 ./usr/share/doc/oclgrind/README.md.gz
-rw-r--r-- root/root      1240 2019-11-25 01:04 ./usr/share/doc/oclgrind/changelog.Debian.gz
-rw-r--r-- root/root      1513 2019-10-28 13:40 ./usr/share/doc/oclgrind/changelog.gz
-rw-r--r-- root/root      3025 2019-11-25 01:04 ./usr/share/doc/oclgrind/copyright
drwxr-xr-x root/root         0 2019-11-25 01:04 ./usr/share/man/
drwxr-xr-x root/root         0 2019-11-25 01:04 ./usr/share/man/man1/
-rw-r--r-- root/root      1143 2019-11-25 01:04 ./usr/share/man/man1/oclgrind-kernel.1.gz
-rw-r--r-- root/root      1135 2019-11-25 01:04 ./usr/share/man/man1/oclgrind.1.gz


+------------------------------------------------------------------------------+
| Post Build                                                                   |
+------------------------------------------------------------------------------+


+------------------------------------------------------------------------------+
| Cleanup                                                                      |
+------------------------------------------------------------------------------+

Purging /<<BUILDDIR>>
Not cleaning session: cloned chroot in use

+------------------------------------------------------------------------------+
| Summary                                                                      |
+------------------------------------------------------------------------------+

Build Architecture: amd64
Build Type: binary
Build-Space: 280336
Build-Time: 235
Distribution: unstable
Host Architecture: amd64
Install-Time: 65
Job: oclgrind_19.10-1
Machine Architecture: amd64
Package: oclgrind
Package-Time: 353
Source-Version: 19.10-1
Space: 280336
Status: successful
Version: 19.10-1
--------------------------------------------------------------------------------
Finished at 2020-02-25T00:00:47Z
Build needed 00:05:53, 280336k disk space
DC-Status: OK 365.451424299s
DC-Time-Estimation: 365.451424299 versus expected 171 (r/m: 1.1371428321578947 ; m: 171.0)
