DC-Build-Header: olm 3.1.3+dfsg-2 / 2020-02-25 04:26:41 +0000
DC-Task: type:rebuild-binarch-only source:olm version:3.1.3+dfsg-2 chroot:unstable esttime:81 logfile:/tmp/olm_3.1.3+dfsg-2_unstable_clang9.log modes:clang9:binarch-only
DC-Sbuild-call: su user42 -c 'sbuild -n --arch-any --apt-update -d unstable -v --no-run-lintian --chroot-setup-commands=/tmp/clang9 olm_3.1.3+dfsg-2'
sbuild (Debian sbuild) 0.78.1 (09 February 2019) on ip-172-31-2-35.eu-central-1.compute.internal

+==============================================================================+
| olm 3.1.3+dfsg-2 (amd64)                     Tue, 25 Feb 2020 04:26:42 +0000 |
+==============================================================================+

Package: olm
Version: 3.1.3+dfsg-2
Source Version: 3.1.3+dfsg-2
Distribution: unstable
Machine Architecture: amd64
Host Architecture: amd64
Build Architecture: amd64
Build Type: binary

I: NOTICE: Log filtering will replace 'var/run/schroot/mount/sid-amd64-sbuild-9fda00c2-0700-4068-960a-cea2e8a40b60' with '<<CHROOT>>'

+------------------------------------------------------------------------------+
| Chroot Setup Commands                                                        |
+------------------------------------------------------------------------------+


/tmp/clang9
-----------

+ echo 'Entering customization script...'
Entering customization script...
+ CLANG_VERSION=9
+ echo 'Install of clang-9'
Install of clang-9
+ apt-get update
Get:1 http://127.0.0.1:12990/debian sid InRelease [142 kB]
Get:2 http://127.0.0.1:12990/debian sid/main Sources.diff/Index [27.9 kB]
Get:3 http://127.0.0.1:12990/debian sid/main amd64 Packages.diff/Index [27.9 kB]
Get:4 http://127.0.0.1:12990/debian sid/main Sources 2020-02-24-0823.32.pdiff [11.0 kB]
Get:5 http://127.0.0.1:12990/debian sid/main Sources 2020-02-24-1420.34.pdiff [30.2 kB]
Get:6 http://127.0.0.1:12990/debian sid/main Sources 2020-02-24-2014.03.pdiff [16.9 kB]
Get:7 http://127.0.0.1:12990/debian sid/main Sources 2020-02-25-0213.11.pdiff [23.2 kB]
Get:8 http://127.0.0.1:12990/debian sid/main amd64 Packages 2020-02-24-0823.32.pdiff [15.5 kB]
Get:9 http://127.0.0.1:12990/debian sid/main amd64 Packages 2020-02-24-1420.34.pdiff [27.5 kB]
Get:7 http://127.0.0.1:12990/debian sid/main Sources 2020-02-25-0213.11.pdiff [23.2 kB]
Get:10 http://127.0.0.1:12990/debian sid/main amd64 Packages 2020-02-24-2014.03.pdiff [21.6 kB]
Get:11 http://127.0.0.1:12990/debian sid/main amd64 Packages 2020-02-25-0213.11.pdiff [35.0 kB]
Get:11 http://127.0.0.1:12990/debian sid/main amd64 Packages 2020-02-25-0213.11.pdiff [35.0 kB]
Get:12 http://127.0.0.1:12990/debian sid/main Translation-en [6193 kB]
Fetched 6572 kB in 2s (2790 kB/s)
Reading package lists...
+ apt-get install --yes --no-install-recommends --force-yes clang-9 libomp-9-dev libobjc-9-dev
Reading package lists...
Building dependency tree...
The following additional packages will be installed:
  gcc-8-base lib32gcc-s1 lib32gcc1 lib32stdc++6 libbsd0 libc6-i386
  libclang-common-9-dev libclang-cpp9 libedit2 libgc1c2 libgcc-8-dev libllvm9
  libmpx2 libobjc-8-dev libobjc4 libomp5-9 libstdc++-8-dev libz3-4
Suggested packages:
  clang-9-doc libomp-9-doc libstdc++-8-doc
Recommended packages:
  llvm-9-dev python3
The following NEW packages will be installed:
  clang-9 gcc-8-base lib32gcc-s1 lib32gcc1 lib32stdc++6 libbsd0 libc6-i386
  libclang-common-9-dev libclang-cpp9 libedit2 libgc1c2 libgcc-8-dev libllvm9
  libmpx2 libobjc-8-dev libobjc-9-dev libobjc4 libomp-9-dev libomp5-9
  libstdc++-8-dev libz3-4
0 upgraded, 21 newly installed, 0 to remove and 2 not upgraded.
Need to get 43.9 MB of archives.
After this operation, 237 MB of additional disk space will be used.
Get:1 http://127.0.0.1:12990/debian sid/main amd64 libbsd0 amd64 0.10.0-1 [107 kB]
Get:2 http://127.0.0.1:12990/debian sid/main amd64 libedit2 amd64 3.1-20191231-1 [95.4 kB]
Get:3 http://127.0.0.1:12990/debian sid/main amd64 libz3-4 amd64 4.8.7-4 [6790 kB]
Get:4 http://127.0.0.1:12990/debian sid/main amd64 libllvm9 amd64 1:9.0.1-8 [15.0 MB]
Get:5 http://127.0.0.1:12990/debian sid/main amd64 libclang-cpp9 amd64 1:9.0.1-8 [8429 kB]
Get:6 http://127.0.0.1:12990/debian sid/main amd64 gcc-8-base amd64 8.3.0-29 [194 kB]
Get:7 http://127.0.0.1:12990/debian sid/main amd64 libmpx2 amd64 8.3.0-29 [11.4 kB]
Get:8 http://127.0.0.1:12990/debian sid/main amd64 libgcc-8-dev amd64 8.3.0-29 [2297 kB]
Get:9 http://127.0.0.1:12990/debian sid/main amd64 libstdc++-8-dev amd64 8.3.0-29 [1543 kB]
Get:10 http://127.0.0.1:12990/debian sid/main amd64 libgc1c2 amd64 1:7.6.4-0.4 [224 kB]
Get:11 http://127.0.0.1:12990/debian sid/main amd64 libobjc4 amd64 10-20200222-1 [41.6 kB]
Get:12 http://127.0.0.1:12990/debian sid/main amd64 libobjc-8-dev amd64 8.3.0-29 [227 kB]
Get:13 http://127.0.0.1:12990/debian sid/main amd64 libc6-i386 amd64 2.29-10 [2918 kB]
Get:14 http://127.0.0.1:12990/debian sid/main amd64 lib32gcc-s1 amd64 10-20200222-1 [49.4 kB]
Get:15 http://127.0.0.1:12990/debian sid/main amd64 lib32gcc1 amd64 1:10-20200222-1 [1104 B]
Get:16 http://127.0.0.1:12990/debian sid/main amd64 lib32stdc++6 amd64 10-20200222-1 [510 kB]
Get:17 http://127.0.0.1:12990/debian sid/main amd64 libclang-common-9-dev amd64 1:9.0.1-8 [3727 kB]
Get:18 http://127.0.0.1:12990/debian sid/main amd64 clang-9 amd64 1:9.0.1-8 [1156 kB]
Get:19 http://127.0.0.1:12990/debian sid/main amd64 libobjc-9-dev amd64 9.2.1-29 [219 kB]
Get:20 http://127.0.0.1:12990/debian sid/main amd64 libomp5-9 amd64 1:9.0.1-8 [333 kB]
Get:21 http://127.0.0.1:12990/debian sid/main amd64 libomp-9-dev amd64 1:9.0.1-8 [66.2 kB]
debconf: delaying package configuration, since apt-utils is not installed
Fetched 43.9 MB in 2s (28.6 MB/s)
Selecting previously unselected package libbsd0:amd64.
(Reading database ... (Reading database ... 5%(Reading database ... 10%(Reading database ... 15%(Reading database ... 20%(Reading database ... 25%(Reading database ... 30%(Reading database ... 35%(Reading database ... 40%(Reading database ... 45%(Reading database ... 50%(Reading database ... 55%(Reading database ... 60%(Reading database ... 65%(Reading database ... 70%(Reading database ... 75%(Reading database ... 80%(Reading database ... 85%(Reading database ... 90%(Reading database ... 95%(Reading database ... 100%(Reading database ... 12119 files and directories currently installed.)
Preparing to unpack .../00-libbsd0_0.10.0-1_amd64.deb ...
Unpacking libbsd0:amd64 (0.10.0-1) ...
Selecting previously unselected package libedit2:amd64.
Preparing to unpack .../01-libedit2_3.1-20191231-1_amd64.deb ...
Unpacking libedit2:amd64 (3.1-20191231-1) ...
Selecting previously unselected package libz3-4:amd64.
Preparing to unpack .../02-libz3-4_4.8.7-4_amd64.deb ...
Unpacking libz3-4:amd64 (4.8.7-4) ...
Selecting previously unselected package libllvm9:amd64.
Preparing to unpack .../03-libllvm9_1%3a9.0.1-8_amd64.deb ...
Unpacking libllvm9:amd64 (1:9.0.1-8) ...
Selecting previously unselected package libclang-cpp9.
Preparing to unpack .../04-libclang-cpp9_1%3a9.0.1-8_amd64.deb ...
Unpacking libclang-cpp9 (1:9.0.1-8) ...
Selecting previously unselected package gcc-8-base:amd64.
Preparing to unpack .../05-gcc-8-base_8.3.0-29_amd64.deb ...
Unpacking gcc-8-base:amd64 (8.3.0-29) ...
Selecting previously unselected package libmpx2:amd64.
Preparing to unpack .../06-libmpx2_8.3.0-29_amd64.deb ...
Unpacking libmpx2:amd64 (8.3.0-29) ...
Selecting previously unselected package libgcc-8-dev:amd64.
Preparing to unpack .../07-libgcc-8-dev_8.3.0-29_amd64.deb ...
Unpacking libgcc-8-dev:amd64 (8.3.0-29) ...
Selecting previously unselected package libstdc++-8-dev:amd64.
Preparing to unpack .../08-libstdc++-8-dev_8.3.0-29_amd64.deb ...
Unpacking libstdc++-8-dev:amd64 (8.3.0-29) ...
Selecting previously unselected package libgc1c2:amd64.
Preparing to unpack .../09-libgc1c2_1%3a7.6.4-0.4_amd64.deb ...
Unpacking libgc1c2:amd64 (1:7.6.4-0.4) ...
Selecting previously unselected package libobjc4:amd64.
Preparing to unpack .../10-libobjc4_10-20200222-1_amd64.deb ...
Unpacking libobjc4:amd64 (10-20200222-1) ...
Selecting previously unselected package libobjc-8-dev:amd64.
Preparing to unpack .../11-libobjc-8-dev_8.3.0-29_amd64.deb ...
Unpacking libobjc-8-dev:amd64 (8.3.0-29) ...
Selecting previously unselected package libc6-i386.
Preparing to unpack .../12-libc6-i386_2.29-10_amd64.deb ...
Unpacking libc6-i386 (2.29-10) ...
Selecting previously unselected package lib32gcc-s1.
Preparing to unpack .../13-lib32gcc-s1_10-20200222-1_amd64.deb ...
Unpacking lib32gcc-s1 (10-20200222-1) ...
Selecting previously unselected package lib32gcc1.
Preparing to unpack .../14-lib32gcc1_1%3a10-20200222-1_amd64.deb ...
Unpacking lib32gcc1 (1:10-20200222-1) ...
Selecting previously unselected package lib32stdc++6.
Preparing to unpack .../15-lib32stdc++6_10-20200222-1_amd64.deb ...
Unpacking lib32stdc++6 (10-20200222-1) ...
Selecting previously unselected package libclang-common-9-dev.
Preparing to unpack .../16-libclang-common-9-dev_1%3a9.0.1-8_amd64.deb ...
Unpacking libclang-common-9-dev (1:9.0.1-8) ...
Selecting previously unselected package clang-9.
Preparing to unpack .../17-clang-9_1%3a9.0.1-8_amd64.deb ...
Unpacking clang-9 (1:9.0.1-8) ...
Selecting previously unselected package libobjc-9-dev:amd64.
Preparing to unpack .../18-libobjc-9-dev_9.2.1-29_amd64.deb ...
Unpacking libobjc-9-dev:amd64 (9.2.1-29) ...
Selecting previously unselected package libomp5-9:amd64.
Preparing to unpack .../19-libomp5-9_1%3a9.0.1-8_amd64.deb ...
Unpacking libomp5-9:amd64 (1:9.0.1-8) ...
Selecting previously unselected package libomp-9-dev.
Preparing to unpack .../20-libomp-9-dev_1%3a9.0.1-8_amd64.deb ...
Unpacking libomp-9-dev (1:9.0.1-8) ...
Setting up libgc1c2:amd64 (1:7.6.4-0.4) ...
Setting up libobjc4:amd64 (10-20200222-1) ...
Setting up libz3-4:amd64 (4.8.7-4) ...
Setting up gcc-8-base:amd64 (8.3.0-29) ...
Setting up libobjc-9-dev:amd64 (9.2.1-29) ...
Setting up libmpx2:amd64 (8.3.0-29) ...
Setting up libc6-i386 (2.29-10) ...
Setting up libbsd0:amd64 (0.10.0-1) ...
Setting up libomp5-9:amd64 (1:9.0.1-8) ...
Setting up libedit2:amd64 (3.1-20191231-1) ...
Setting up lib32gcc-s1 (10-20200222-1) ...
Setting up libgcc-8-dev:amd64 (8.3.0-29) ...
Setting up libomp-9-dev (1:9.0.1-8) ...
Setting up libllvm9:amd64 (1:9.0.1-8) ...
Setting up libstdc++-8-dev:amd64 (8.3.0-29) ...
Setting up libclang-cpp9 (1:9.0.1-8) ...
Setting up lib32gcc1 (1:10-20200222-1) ...
Setting up libobjc-8-dev:amd64 (8.3.0-29) ...
Setting up lib32stdc++6 (10-20200222-1) ...
Setting up libclang-common-9-dev (1:9.0.1-8) ...
Setting up clang-9 (1:9.0.1-8) ...
Processing triggers for libc-bin (2.29-10) ...
W: --force-yes is deprecated, use one of the options starting with --allow instead.
+ echo 'Replace gcc, g++ & cpp by clang'
Replace gcc, g++ & cpp by clang
+ VERSIONS='4.6 4.7 4.8 4.9 5 6 7 8 9 10'
+ cd /usr/bin
+ for VERSION in $VERSIONS
+ rm -f g++-4.6 gcc-4.6 cpp-4.6 gcc
+ ln -s clang++-9 g++-4.6
+ ln -s clang-9 gcc-4.6
+ ln -s clang-9 cpp-4.6
+ ln -s clang-9 gcc
+ dpkg --set-selections
+ echo 'gcc-4.6 hold'
dpkg: warning: package not in status nor available database at line 1: gcc-4.6
dpkg: warning: found unknown packages; this might mean the available database
is outdated, and needs to be updated through a frontend method;
please see the FAQ <https://wiki.debian.org/Teams/Dpkg/FAQ>
+ echo 'g++-4.6 hold'
+ dpkg --set-selections
dpkg: warning: package not in status nor available database at line 1: g++-4.6
dpkg: warning: found unknown packages; this might mean the available database
is outdated, and needs to be updated through a frontend method;
please see the FAQ <https://wiki.debian.org/Teams/Dpkg/FAQ>
+ for VERSION in $VERSIONS
+ rm -f g++-4.7 gcc-4.7 cpp-4.7 gcc
+ ln -s clang++-9 g++-4.7
+ ln -s clang-9 gcc-4.7
+ ln -s clang-9 cpp-4.7
+ ln -s clang-9 gcc
+ echo 'gcc-4.7 hold'
+ dpkg --set-selections
dpkg: warning: package not in status nor available database at line 1: gcc-4.7
dpkg: warning: found unknown packages; this might mean the available database
is outdated, and needs to be updated through a frontend method;
please see the FAQ <https://wiki.debian.org/Teams/Dpkg/FAQ>
+ echo 'g++-4.7 hold'
+ dpkg --set-selections
dpkg: warning: package not in status nor available database at line 1: g++-4.7
dpkg: warning: found unknown packages; this might mean the available database
is outdated, and needs to be updated through a frontend method;
please see the FAQ <https://wiki.debian.org/Teams/Dpkg/FAQ>
+ for VERSION in $VERSIONS
+ rm -f g++-4.8 gcc-4.8 cpp-4.8 gcc
+ ln -s clang++-9 g++-4.8
+ ln -s clang-9 gcc-4.8
+ ln -s clang-9 cpp-4.8
+ ln -s clang-9 gcc
+ echo 'gcc-4.8 hold'
+ dpkg --set-selections
dpkg: warning: package not in status nor available database at line 1: gcc-4.8
dpkg: warning: found unknown packages; this might mean the available database
is outdated, and needs to be updated through a frontend method;
please see the FAQ <https://wiki.debian.org/Teams/Dpkg/FAQ>
+ echo 'g++-4.8 hold'
+ dpkg --set-selections
dpkg: warning: package not in status nor available database at line 1: g++-4.8
dpkg: warning: found unknown packages; this might mean the available database
is outdated, and needs to be updated through a frontend method;
please see the FAQ <https://wiki.debian.org/Teams/Dpkg/FAQ>
+ for VERSION in $VERSIONS
+ rm -f g++-4.9 gcc-4.9 cpp-4.9 gcc
+ ln -s clang++-9 g++-4.9
+ ln -s clang-9 gcc-4.9
+ ln -s clang-9 cpp-4.9
+ ln -s clang-9 gcc
+ echo 'gcc-4.9 hold'
+ dpkg --set-selections
dpkg: warning: package not in status nor available database at line 1: gcc-4.9
dpkg: warning: found unknown packages; this might mean the available database
is outdated, and needs to be updated through a frontend method;
please see the FAQ <https://wiki.debian.org/Teams/Dpkg/FAQ>
+ echo 'g++-4.9 hold'
+ dpkg --set-selections
dpkg: warning: package not in status nor available database at line 1: g++-4.9
dpkg: warning: found unknown packages; this might mean the available database
is outdated, and needs to be updated through a frontend method;
please see the FAQ <https://wiki.debian.org/Teams/Dpkg/FAQ>
+ for VERSION in $VERSIONS
+ rm -f g++-5 gcc-5 cpp-5 gcc
+ ln -s clang++-9 g++-5
+ ln -s clang-9 gcc-5
+ ln -s clang-9 cpp-5
+ ln -s clang-9 gcc
+ echo 'gcc-5 hold'
+ dpkg --set-selections
dpkg: warning: package not in status nor available database at line 1: gcc-5
dpkg: warning: found unknown packages; this might mean the available database
is outdated, and needs to be updated through a frontend method;
please see the FAQ <https://wiki.debian.org/Teams/Dpkg/FAQ>
+ echo 'g++-5 hold'
+ dpkg --set-selections
dpkg: warning: package not in status nor available database at line 1: g++-5
dpkg: warning: found unknown packages; this might mean the available database
is outdated, and needs to be updated through a frontend method;
please see the FAQ <https://wiki.debian.org/Teams/Dpkg/FAQ>
+ for VERSION in $VERSIONS
+ rm -f g++-6 gcc-6 cpp-6 gcc
+ ln -s clang++-9 g++-6
+ ln -s clang-9 gcc-6
+ ln -s clang-9 cpp-6
+ ln -s clang-9 gcc
+ echo 'gcc-6 hold'
+ dpkg --set-selections
dpkg: warning: package not in status nor available database at line 1: gcc-6
dpkg: warning: found unknown packages; this might mean the available database
is outdated, and needs to be updated through a frontend method;
please see the FAQ <https://wiki.debian.org/Teams/Dpkg/FAQ>
+ echo 'g++-6 hold'
+ dpkg --set-selections
dpkg: warning: package not in status nor available database at line 1: g++-6
dpkg: warning: found unknown packages; this might mean the available database
is outdated, and needs to be updated through a frontend method;
please see the FAQ <https://wiki.debian.org/Teams/Dpkg/FAQ>
+ for VERSION in $VERSIONS
+ rm -f g++-7 gcc-7 cpp-7 gcc
+ ln -s clang++-9 g++-7
+ ln -s clang-9 gcc-7
+ ln -s clang-9 cpp-7
+ ln -s clang-9 gcc
+ echo 'gcc-7 hold'
+ dpkg --set-selections
dpkg: warning: package not in status nor available database at line 1: gcc-7
dpkg: warning: found unknown packages; this might mean the available database
is outdated, and needs to be updated through a frontend method;
please see the FAQ <https://wiki.debian.org/Teams/Dpkg/FAQ>
+ echo 'g++-7 hold'
+ dpkg --set-selections
dpkg: warning: package not in status nor available database at line 1: g++-7
dpkg: warning: found unknown packages; this might mean the available database
is outdated, and needs to be updated through a frontend method;
please see the FAQ <https://wiki.debian.org/Teams/Dpkg/FAQ>
+ for VERSION in $VERSIONS
+ rm -f g++-8 gcc-8 cpp-8 gcc
+ ln -s clang++-9 g++-8
+ ln -s clang-9 gcc-8
+ ln -s clang-9 cpp-8
+ ln -s clang-9 gcc
+ echo 'gcc-8 hold'
+ dpkg --set-selections
dpkg: warning: package not in status nor available database at line 1: gcc-8
dpkg: warning: found unknown packages; this might mean the available database
is outdated, and needs to be updated through a frontend method;
please see the FAQ <https://wiki.debian.org/Teams/Dpkg/FAQ>
+ echo 'g++-8 hold'
+ dpkg --set-selections
dpkg: warning: package not in status nor available database at line 1: g++-8
dpkg: warning: found unknown packages; this might mean the available database
is outdated, and needs to be updated through a frontend method;
please see the FAQ <https://wiki.debian.org/Teams/Dpkg/FAQ>
+ for VERSION in $VERSIONS
+ rm -f g++-9 gcc-9 cpp-9 gcc
+ ln -s clang++-9 g++-9
+ ln -s clang-9 gcc-9
+ ln -s clang-9 cpp-9
+ ln -s clang-9 gcc
+ echo 'gcc-9 hold'
+ dpkg --set-selections
+ echo 'g++-9 hold'
+ dpkg --set-selections
+ for VERSION in $VERSIONS
+ rm -f g++-10 gcc-10 cpp-10 gcc
+ ln -s clang++-9 g++-10
+ ln -s clang-9 gcc-10
+ ln -s clang-9 cpp-10
+ ln -s clang-9 gcc
+ echo 'gcc-10 hold'
+ dpkg --set-selections
dpkg: warning: package not in status nor available database at line 1: gcc-10
dpkg: warning: found unknown packages; this might mean the available database
is outdated, and needs to be updated through a frontend method;
please see the FAQ <https://wiki.debian.org/Teams/Dpkg/FAQ>
+ echo 'g++-10 hold'
+ dpkg --set-selections
dpkg: warning: package not in status nor available database at line 1: g++-10
dpkg: warning: found unknown packages; this might mean the available database
is outdated, and needs to be updated through a frontend method;
please see the FAQ <https://wiki.debian.org/Teams/Dpkg/FAQ>
+ cd -
/build/olm-qS5Z9g
+ echo 'Check if gcc, g++ & cpp are actually clang'
Check if gcc, g++ & cpp are actually clang
+ gcc --version
+ grep clang
+ cpp --version
+ grep clang
+ grep clang
+ g++ --version

I: Finished running '/tmp/clang9'.

Finished processing commands.
--------------------------------------------------------------------------------
I: NOTICE: Log filtering will replace 'build/olm-qS5Z9g/resolver-ACMH2m' with '<<RESOLVERDIR>>'

+------------------------------------------------------------------------------+
| Update chroot                                                                |
+------------------------------------------------------------------------------+

Hit:1 http://127.0.0.1:12990/debian sid InRelease
Reading package lists...
Reading package lists...
Building dependency tree...
Reading state information...
Calculating upgrade...
The following packages will be upgraded:
  libgmp10 zlib1g
2 upgraded, 0 newly installed, 0 to remove and 0 not upgraded.
Need to get 343 kB of archives.
After this operation, 0 B of additional disk space will be used.
Get:1 http://127.0.0.1:12990/debian sid/main amd64 libgmp10 amd64 2:6.2.0+dfsg-4 [253 kB]
Get:2 http://127.0.0.1:12990/debian sid/main amd64 zlib1g amd64 1:1.2.11.dfsg-2 [90.4 kB]
debconf: delaying package configuration, since apt-utils is not installed
Fetched 343 kB in 0s (2496 kB/s)
(Reading database ... (Reading database ... 5%(Reading database ... 10%(Reading database ... 15%(Reading database ... 20%(Reading database ... 25%(Reading database ... 30%(Reading database ... 35%(Reading database ... 40%(Reading database ... 45%(Reading database ... 50%(Reading database ... 55%(Reading database ... 60%(Reading database ... 65%(Reading database ... 70%(Reading database ... 75%(Reading database ... 80%(Reading database ... 85%(Reading database ... 90%(Reading database ... 95%(Reading database ... 100%(Reading database ... 13921 files and directories currently installed.)
Preparing to unpack .../libgmp10_2%3a6.2.0+dfsg-4_amd64.deb ...
Unpacking libgmp10:amd64 (2:6.2.0+dfsg-4) over (2:6.2.0+dfsg-3) ...
Setting up libgmp10:amd64 (2:6.2.0+dfsg-4) ...
(Reading database ... (Reading database ... 5%(Reading database ... 10%(Reading database ... 15%(Reading database ... 20%(Reading database ... 25%(Reading database ... 30%(Reading database ... 35%(Reading database ... 40%(Reading database ... 45%(Reading database ... 50%(Reading database ... 55%(Reading database ... 60%(Reading database ... 65%(Reading database ... 70%(Reading database ... 75%(Reading database ... 80%(Reading database ... 85%(Reading database ... 90%(Reading database ... 95%(Reading database ... 100%(Reading database ... 13921 files and directories currently installed.)
Preparing to unpack .../zlib1g_1%3a1.2.11.dfsg-2_amd64.deb ...
Unpacking zlib1g:amd64 (1:1.2.11.dfsg-2) over (1:1.2.11.dfsg-1.2) ...
Setting up zlib1g:amd64 (1:1.2.11.dfsg-2) ...
Processing triggers for libc-bin (2.29-10) ...

+------------------------------------------------------------------------------+
| Fetch source files                                                           |
+------------------------------------------------------------------------------+


Check APT
---------

Checking available source versions...

Download source files with APT
------------------------------

Reading package lists...
Need to get 277 kB of source archives.
Get:1 http://127.0.0.1:12990/debian sid/main olm 3.1.3+dfsg-2 (dsc) [1544 B]
Get:2 http://127.0.0.1:12990/debian sid/main olm 3.1.3+dfsg-2 (tar) [271 kB]
Get:3 http://127.0.0.1:12990/debian sid/main olm 3.1.3+dfsg-2 (diff) [3984 B]
Fetched 277 kB in 0s (1622 kB/s)
Download complete and in download only mode
I: NOTICE: Log filtering will replace 'build/olm-qS5Z9g/olm-3.1.3+dfsg' with '<<PKGBUILDDIR>>'
I: NOTICE: Log filtering will replace 'build/olm-qS5Z9g' with '<<BUILDDIR>>'

+------------------------------------------------------------------------------+
| Install package build dependencies                                           |
+------------------------------------------------------------------------------+


Setup apt archive
-----------------

Merged Build-Depends: cmake, debhelper (>= 10), dh-python, python3-all-dev (>= 3.7), python3-cffi, python3-setuptools, build-essential, fakeroot
Filtered Build-Depends: cmake, debhelper (>= 10), dh-python, python3-all-dev (>= 3.7), python3-cffi, python3-setuptools, build-essential, fakeroot
dpkg-deb: building package 'sbuild-build-depends-main-dummy' in '/<<RESOLVERDIR>>/apt_archive/sbuild-build-depends-main-dummy.deb'.
Ign:1 copy:/<<RESOLVERDIR>>/apt_archive ./ InRelease
Get:2 copy:/<<RESOLVERDIR>>/apt_archive ./ Release [957 B]
Ign:3 copy:/<<RESOLVERDIR>>/apt_archive ./ Release.gpg
Get:4 copy:/<<RESOLVERDIR>>/apt_archive ./ Sources [403 B]
Get:5 copy:/<<RESOLVERDIR>>/apt_archive ./ Packages [487 B]
Fetched 1847 B in 0s (0 B/s)
Reading package lists...
Reading package lists...

Install main build dependencies (apt-based resolver)
----------------------------------------------------

Installing build dependencies
Reading package lists...
Building dependency tree...
Reading state information...
The following additional packages will be installed:
  autoconf automake autopoint autotools-dev bsdmainutils cmake cmake-data
  debhelper dh-autoreconf dh-python dh-strip-nondeterminism dwz file gettext
  gettext-base groff-base intltool-debian libarchive-zip-perl libarchive13
  libbrotli1 libcroco3 libcurl4 libdebhelper-perl libelf1 libexpat1
  libexpat1-dev libfile-stripnondeterminism-perl libglib2.0-0 libgssapi-krb5-2
  libicu63 libjsoncpp1 libk5crypto3 libkeyutils1 libkrb5-3 libkrb5support0
  libldap-2.4-2 libldap-common libmagic-mgc libmagic1 libmpdec2 libncurses6
  libnghttp2-14 libpipeline1 libprocps8 libpsl5 libpython3-all-dev
  libpython3-dev libpython3-stdlib libpython3.7 libpython3.7-dev
  libpython3.7-minimal libpython3.7-stdlib libpython3.8 libpython3.8-dev
  libpython3.8-minimal libpython3.8-stdlib libreadline8 librhash0 librtmp1
  libsasl2-2 libsasl2-modules-db libsigsegv2 libsqlite3-0 libssh2-1 libssl1.1
  libsub-override-perl libtool libuchardet0 libuv1 libxml2 m4 man-db
  mime-support po-debconf procps python3 python3-all python3-all-dev
  python3-cffi python3-cffi-backend python3-dev python3-distutils
  python3-lib2to3 python3-minimal python3-pkg-resources python3-ply
  python3-pycparser python3-setuptools python3.7 python3.7-dev
  python3.7-minimal python3.8 python3.8-dev python3.8-minimal readline-common
  sensible-utils zlib1g-dev
Suggested packages:
  autoconf-archive gnu-standards autoconf-doc wamerican | wordlist whois
  vacation cmake-doc ninja-build dh-make gettext-doc libasprintf-dev
  libgettextpo-dev groff lrzip krb5-doc krb5-user libtool-doc gfortran
  | fortran95-compiler gcj-jdk m4-doc apparmor less www-browser
  libmail-box-perl python3-doc python3-tk python3-venv python-ply-doc
  python-setuptools-doc python3.7-venv python3.7-doc binfmt-support
  python3.8-venv python3.8-doc readline-doc
Recommended packages:
  curl | wget | lynx ca-certificates libarchive-cpio-perl libglib2.0-data
  shared-mime-info xdg-user-dirs krb5-locales libgpm2 publicsuffix
  libsasl2-modules libltdl-dev libmail-sendmail-perl psmisc
The following NEW packages will be installed:
  autoconf automake autopoint autotools-dev bsdmainutils cmake cmake-data
  debhelper dh-autoreconf dh-python dh-strip-nondeterminism dwz file gettext
  gettext-base groff-base intltool-debian libarchive-zip-perl libarchive13
  libbrotli1 libcroco3 libcurl4 libdebhelper-perl libelf1 libexpat1
  libexpat1-dev libfile-stripnondeterminism-perl libglib2.0-0 libgssapi-krb5-2
  libicu63 libjsoncpp1 libk5crypto3 libkeyutils1 libkrb5-3 libkrb5support0
  libldap-2.4-2 libldap-common libmagic-mgc libmagic1 libmpdec2 libncurses6
  libnghttp2-14 libpipeline1 libprocps8 libpsl5 libpython3-all-dev
  libpython3-dev libpython3-stdlib libpython3.7 libpython3.7-dev
  libpython3.7-minimal libpython3.7-stdlib libpython3.8 libpython3.8-dev
  libpython3.8-minimal libpython3.8-stdlib libreadline8 librhash0 librtmp1
  libsasl2-2 libsasl2-modules-db libsigsegv2 libsqlite3-0 libssh2-1 libssl1.1
  libsub-override-perl libtool libuchardet0 libuv1 libxml2 m4 man-db
  mime-support po-debconf procps python3 python3-all python3-all-dev
  python3-cffi python3-cffi-backend python3-dev python3-distutils
  python3-lib2to3 python3-minimal python3-pkg-resources python3-ply
  python3-pycparser python3-setuptools python3.7 python3.7-dev
  python3.7-minimal python3.8 python3.8-dev python3.8-minimal readline-common
  sbuild-build-depends-main-dummy sensible-utils zlib1g-dev
0 upgraded, 98 newly installed, 0 to remove and 0 not upgraded.
Need to get 134 MB of archives.
After this operation, 334 MB of additional disk space will be used.
Get:1 copy:/<<RESOLVERDIR>>/apt_archive ./ sbuild-build-depends-main-dummy 0.invalid.0 [912 B]
Get:2 http://127.0.0.1:12990/debian sid/main amd64 bsdmainutils amd64 11.1.2+b1 [191 kB]
Get:3 http://127.0.0.1:12990/debian sid/main amd64 libuchardet0 amd64 0.0.6-3 [64.9 kB]
Get:4 http://127.0.0.1:12990/debian sid/main amd64 groff-base amd64 1.22.4-4 [919 kB]
Get:5 http://127.0.0.1:12990/debian sid/main amd64 libpipeline1 amd64 1.5.2-2 [33.9 kB]
Get:6 http://127.0.0.1:12990/debian sid/main amd64 man-db amd64 2.9.0-2 [1307 kB]
Get:7 http://127.0.0.1:12990/debian sid/main amd64 libssl1.1 amd64 1.1.1d-2 [1540 kB]
Get:8 http://127.0.0.1:12990/debian sid/main amd64 libpython3.7-minimal amd64 3.7.6-1+b1 [591 kB]
Get:9 http://127.0.0.1:12990/debian sid/main amd64 libexpat1 amd64 2.2.9-1 [94.3 kB]
Get:10 http://127.0.0.1:12990/debian sid/main amd64 python3.7-minimal amd64 3.7.6-1+b1 [1813 kB]
Get:11 http://127.0.0.1:12990/debian sid/main amd64 python3-minimal amd64 3.7.5-3 [36.8 kB]
Get:12 http://127.0.0.1:12990/debian sid/main amd64 mime-support all 3.64 [37.8 kB]
Get:13 http://127.0.0.1:12990/debian sid/main amd64 libmpdec2 amd64 2.4.2-2 [87.2 kB]
Get:14 http://127.0.0.1:12990/debian sid/main amd64 readline-common all 8.0-3 [72.5 kB]
Get:15 http://127.0.0.1:12990/debian sid/main amd64 libreadline8 amd64 8.0-3 [160 kB]
Get:16 http://127.0.0.1:12990/debian sid/main amd64 libsqlite3-0 amd64 3.31.1-3 [661 kB]
Get:17 http://127.0.0.1:12990/debian sid/main amd64 libpython3.7-stdlib amd64 3.7.6-1+b1 [1735 kB]
Get:18 http://127.0.0.1:12990/debian sid/main amd64 python3.7 amd64 3.7.6-1+b1 [351 kB]
Get:19 http://127.0.0.1:12990/debian sid/main amd64 libpython3-stdlib amd64 3.7.5-3 [20.2 kB]
Get:20 http://127.0.0.1:12990/debian sid/main amd64 python3 amd64 3.7.5-3 [62.1 kB]
Get:21 http://127.0.0.1:12990/debian sid/main amd64 libpython3.8-minimal amd64 3.8.2~rc2-2 [750 kB]
Get:22 http://127.0.0.1:12990/debian sid/main amd64 python3.8-minimal amd64 3.8.2~rc2-2 [1939 kB]
Get:23 http://127.0.0.1:12990/debian sid/main amd64 libncurses6 amd64 6.1+20191019-1 [102 kB]
Get:24 http://127.0.0.1:12990/debian sid/main amd64 libprocps8 amd64 2:3.3.16-1+b1 [62.8 kB]
Get:25 http://127.0.0.1:12990/debian sid/main amd64 procps amd64 2:3.3.16-1+b1 [263 kB]
Get:26 http://127.0.0.1:12990/debian sid/main amd64 sensible-utils all 0.0.12+nmu1 [16.0 kB]
Get:27 http://127.0.0.1:12990/debian sid/main amd64 libmagic-mgc amd64 1:5.38-4 [262 kB]
Get:28 http://127.0.0.1:12990/debian sid/main amd64 libmagic1 amd64 1:5.38-4 [120 kB]
Get:29 http://127.0.0.1:12990/debian sid/main amd64 file amd64 1:5.38-4 [67.9 kB]
Get:30 http://127.0.0.1:12990/debian sid/main amd64 gettext-base amd64 0.19.8.1-10 [123 kB]
Get:31 http://127.0.0.1:12990/debian sid/main amd64 libsigsegv2 amd64 2.12-2 [32.8 kB]
Get:32 http://127.0.0.1:12990/debian sid/main amd64 m4 amd64 1.4.18-4 [203 kB]
Get:33 http://127.0.0.1:12990/debian sid/main amd64 autoconf all 2.69-11.1 [341 kB]
Get:34 http://127.0.0.1:12990/debian sid/main amd64 autotools-dev all 20180224.1 [77.0 kB]
Get:35 http://127.0.0.1:12990/debian sid/main amd64 automake all 1:1.16.1-4 [771 kB]
Get:36 http://127.0.0.1:12990/debian sid/main amd64 autopoint all 0.19.8.1-10 [435 kB]
Get:37 http://127.0.0.1:12990/debian sid/main amd64 cmake-data all 3.16.3-1 [1628 kB]
Get:38 http://127.0.0.1:12990/debian sid/main amd64 libicu63 amd64 63.2-2 [8301 kB]
Get:39 http://127.0.0.1:12990/debian sid/main amd64 libxml2 amd64 2.9.10+dfsg-3 [709 kB]
Get:40 http://127.0.0.1:12990/debian sid/main amd64 libarchive13 amd64 3.4.0-1+b1 [335 kB]
Get:41 http://127.0.0.1:12990/debian sid/main amd64 libbrotli1 amd64 1.0.7-6 [266 kB]
Get:42 http://127.0.0.1:12990/debian sid/main amd64 libkeyutils1 amd64 1.6.1-2 [15.4 kB]
Get:43 http://127.0.0.1:12990/debian sid/main amd64 libkrb5support0 amd64 1.17-6 [64.6 kB]
Get:44 http://127.0.0.1:12990/debian sid/main amd64 libk5crypto3 amd64 1.17-6 [116 kB]
Get:45 http://127.0.0.1:12990/debian sid/main amd64 libkrb5-3 amd64 1.17-6 [366 kB]
Get:46 http://127.0.0.1:12990/debian sid/main amd64 libgssapi-krb5-2 amd64 1.17-6 [156 kB]
Get:47 http://127.0.0.1:12990/debian sid/main amd64 libsasl2-modules-db amd64 2.1.27+dfsg-2 [69.0 kB]
Get:48 http://127.0.0.1:12990/debian sid/main amd64 libsasl2-2 amd64 2.1.27+dfsg-2 [106 kB]
Get:49 http://127.0.0.1:12990/debian sid/main amd64 libldap-common all 2.4.49+dfsg-1 [91.9 kB]
Get:50 http://127.0.0.1:12990/debian sid/main amd64 libldap-2.4-2 amd64 2.4.49+dfsg-1 [226 kB]
Get:51 http://127.0.0.1:12990/debian sid/main amd64 libnghttp2-14 amd64 1.40.0-1 [85.0 kB]
Get:52 http://127.0.0.1:12990/debian sid/main amd64 libpsl5 amd64 0.20.2-2 [53.7 kB]
Get:53 http://127.0.0.1:12990/debian sid/main amd64 librtmp1 amd64 2.4+20151223.gitfa8646d.1-2+b1 [60.8 kB]
Get:54 http://127.0.0.1:12990/debian sid/main amd64 libssh2-1 amd64 1.8.0-2.1 [140 kB]
Get:55 http://127.0.0.1:12990/debian sid/main amd64 libcurl4 amd64 7.68.0-1 [321 kB]
Get:56 http://127.0.0.1:12990/debian sid/main amd64 libjsoncpp1 amd64 1.7.4-3.1 [77.6 kB]
Get:57 http://127.0.0.1:12990/debian sid/main amd64 librhash0 amd64 1.3.9-1 [123 kB]
Get:58 http://127.0.0.1:12990/debian sid/main amd64 libuv1 amd64 1.34.2-1 [127 kB]
Get:59 http://127.0.0.1:12990/debian sid/main amd64 cmake amd64 3.16.3-1 [3673 kB]
Get:60 http://127.0.0.1:12990/debian sid/main amd64 libtool all 2.4.6-13 [513 kB]
Get:61 http://127.0.0.1:12990/debian sid/main amd64 dh-autoreconf all 19 [16.9 kB]
Get:62 http://127.0.0.1:12990/debian sid/main amd64 libdebhelper-perl all 12.9 [183 kB]
Get:63 http://127.0.0.1:12990/debian sid/main amd64 libarchive-zip-perl all 1.67-1 [104 kB]
Get:64 http://127.0.0.1:12990/debian sid/main amd64 libsub-override-perl all 0.09-2 [10.2 kB]
Get:65 http://127.0.0.1:12990/debian sid/main amd64 libfile-stripnondeterminism-perl all 1.6.3-2 [23.7 kB]
Get:66 http://127.0.0.1:12990/debian sid/main amd64 dh-strip-nondeterminism all 1.6.3-2 [14.7 kB]
Get:67 http://127.0.0.1:12990/debian sid/main amd64 libelf1 amd64 0.176-1.1 [161 kB]
Get:68 http://127.0.0.1:12990/debian sid/main amd64 dwz amd64 0.13-5 [151 kB]
Get:69 http://127.0.0.1:12990/debian sid/main amd64 libglib2.0-0 amd64 2.62.4-2 [1319 kB]
Get:70 http://127.0.0.1:12990/debian sid/main amd64 libcroco3 amd64 0.6.13-1 [146 kB]
Get:71 http://127.0.0.1:12990/debian sid/main amd64 gettext amd64 0.19.8.1-10 [1303 kB]
Get:72 http://127.0.0.1:12990/debian sid/main amd64 intltool-debian all 0.35.0+20060710.5 [26.8 kB]
Get:73 http://127.0.0.1:12990/debian sid/main amd64 po-debconf all 1.0.21 [248 kB]
Get:74 http://127.0.0.1:12990/debian sid/main amd64 debhelper all 12.9 [994 kB]
Get:75 http://127.0.0.1:12990/debian sid/main amd64 python3-lib2to3 all 3.8.0-1 [78.3 kB]
Get:76 http://127.0.0.1:12990/debian sid/main amd64 python3-distutils all 3.8.0-1 [145 kB]
Get:77 http://127.0.0.1:12990/debian sid/main amd64 dh-python all 4.20191017 [94.4 kB]
Get:78 http://127.0.0.1:12990/debian sid/main amd64 libexpat1-dev amd64 2.2.9-1 [136 kB]
Get:79 http://127.0.0.1:12990/debian sid/main amd64 libpython3.7 amd64 3.7.6-1+b1 [1484 kB]
Get:80 http://127.0.0.1:12990/debian sid/main amd64 libpython3.7-dev amd64 3.7.6-1+b1 [41.4 MB]
Get:81 http://127.0.0.1:12990/debian sid/main amd64 libpython3-dev amd64 3.7.5-3 [20.3 kB]
Get:82 http://127.0.0.1:12990/debian sid/main amd64 libpython3.8-stdlib amd64 3.8.2~rc2-2 [1665 kB]
Get:83 http://127.0.0.1:12990/debian sid/main amd64 libpython3.8 amd64 3.8.2~rc2-2 [1619 kB]
Get:84 http://127.0.0.1:12990/debian sid/main amd64 libpython3.8-dev amd64 3.8.2~rc2-2 [47.3 MB]
Get:85 http://127.0.0.1:12990/debian sid/main amd64 libpython3-all-dev amd64 3.7.5-3 [1072 B]
Get:86 http://127.0.0.1:12990/debian sid/main amd64 python3.8 amd64 3.8.2~rc2-2 [409 kB]
Get:87 http://127.0.0.1:12990/debian sid/main amd64 python3-all amd64 3.7.5-3 [1060 B]
Get:88 http://127.0.0.1:12990/debian sid/main amd64 zlib1g-dev amd64 1:1.2.11.dfsg-2 [190 kB]
Get:89 http://127.0.0.1:12990/debian sid/main amd64 python3.7-dev amd64 3.7.6-1+b1 [518 kB]
Get:90 http://127.0.0.1:12990/debian sid/main amd64 python3-dev amd64 3.7.5-3 [1260 B]
Get:91 http://127.0.0.1:12990/debian sid/main amd64 python3.8-dev amd64 3.8.2~rc2-2 [515 kB]
Get:92 http://127.0.0.1:12990/debian sid/main amd64 python3-all-dev amd64 3.7.5-3 [1076 B]
Get:93 http://127.0.0.1:12990/debian sid/main amd64 python3-cffi-backend amd64 1.14.0-1 [101 kB]
Get:94 http://127.0.0.1:12990/debian sid/main amd64 python3-ply all 3.11-3 [65.1 kB]
Get:95 http://127.0.0.1:12990/debian sid/main amd64 python3-pycparser all 2.19-1 [75.6 kB]
Get:96 http://127.0.0.1:12990/debian sid/main amd64 python3-cffi all 1.14.0-1 [85.7 kB]
Get:97 http://127.0.0.1:12990/debian sid/main amd64 python3-pkg-resources all 44.0.0-1 [155 kB]
Get:98 http://127.0.0.1:12990/debian sid/main amd64 python3-setuptools all 44.0.0-1 [313 kB]
debconf: delaying package configuration, since apt-utils is not installed
Fetched 134 MB in 8s (15.8 MB/s)
Selecting previously unselected package bsdmainutils.
(Reading database ... 13921 files and directories currently installed.)
Preparing to unpack .../0-bsdmainutils_11.1.2+b1_amd64.deb ...
Unpacking bsdmainutils (11.1.2+b1) ...
Selecting previously unselected package libuchardet0:amd64.
Preparing to unpack .../1-libuchardet0_0.0.6-3_amd64.deb ...
Unpacking libuchardet0:amd64 (0.0.6-3) ...
Selecting previously unselected package groff-base.
Preparing to unpack .../2-groff-base_1.22.4-4_amd64.deb ...
Unpacking groff-base (1.22.4-4) ...
Selecting previously unselected package libpipeline1:amd64.
Preparing to unpack .../3-libpipeline1_1.5.2-2_amd64.deb ...
Unpacking libpipeline1:amd64 (1.5.2-2) ...
Selecting previously unselected package man-db.
Preparing to unpack .../4-man-db_2.9.0-2_amd64.deb ...
Unpacking man-db (2.9.0-2) ...
Selecting previously unselected package libssl1.1:amd64.
Preparing to unpack .../5-libssl1.1_1.1.1d-2_amd64.deb ...
Unpacking libssl1.1:amd64 (1.1.1d-2) ...
Selecting previously unselected package libpython3.7-minimal:amd64.
Preparing to unpack .../6-libpython3.7-minimal_3.7.6-1+b1_amd64.deb ...
Unpacking libpython3.7-minimal:amd64 (3.7.6-1+b1) ...
Selecting previously unselected package libexpat1:amd64.
Preparing to unpack .../7-libexpat1_2.2.9-1_amd64.deb ...
Unpacking libexpat1:amd64 (2.2.9-1) ...
Selecting previously unselected package python3.7-minimal.
Preparing to unpack .../8-python3.7-minimal_3.7.6-1+b1_amd64.deb ...
Unpacking python3.7-minimal (3.7.6-1+b1) ...
Setting up libssl1.1:amd64 (1.1.1d-2) ...
Setting up libpython3.7-minimal:amd64 (3.7.6-1+b1) ...
Setting up libexpat1:amd64 (2.2.9-1) ...
Setting up python3.7-minimal (3.7.6-1+b1) ...
Selecting previously unselected package python3-minimal.
(Reading database ... 14830 files and directories currently installed.)
Preparing to unpack .../0-python3-minimal_3.7.5-3_amd64.deb ...
Unpacking python3-minimal (3.7.5-3) ...
Selecting previously unselected package mime-support.
Preparing to unpack .../1-mime-support_3.64_all.deb ...
Unpacking mime-support (3.64) ...
Selecting previously unselected package libmpdec2:amd64.
Preparing to unpack .../2-libmpdec2_2.4.2-2_amd64.deb ...
Unpacking libmpdec2:amd64 (2.4.2-2) ...
Selecting previously unselected package readline-common.
Preparing to unpack .../3-readline-common_8.0-3_all.deb ...
Unpacking readline-common (8.0-3) ...
Selecting previously unselected package libreadline8:amd64.
Preparing to unpack .../4-libreadline8_8.0-3_amd64.deb ...
Unpacking libreadline8:amd64 (8.0-3) ...
Selecting previously unselected package libsqlite3-0:amd64.
Preparing to unpack .../5-libsqlite3-0_3.31.1-3_amd64.deb ...
Unpacking libsqlite3-0:amd64 (3.31.1-3) ...
Selecting previously unselected package libpython3.7-stdlib:amd64.
Preparing to unpack .../6-libpython3.7-stdlib_3.7.6-1+b1_amd64.deb ...
Unpacking libpython3.7-stdlib:amd64 (3.7.6-1+b1) ...
Selecting previously unselected package python3.7.
Preparing to unpack .../7-python3.7_3.7.6-1+b1_amd64.deb ...
Unpacking python3.7 (3.7.6-1+b1) ...
Selecting previously unselected package libpython3-stdlib:amd64.
Preparing to unpack .../8-libpython3-stdlib_3.7.5-3_amd64.deb ...
Unpacking libpython3-stdlib:amd64 (3.7.5-3) ...
Setting up python3-minimal (3.7.5-3) ...
Selecting previously unselected package python3.
(Reading database ... 15301 files and directories currently installed.)
Preparing to unpack .../00-python3_3.7.5-3_amd64.deb ...
Unpacking python3 (3.7.5-3) ...
Selecting previously unselected package libpython3.8-minimal:amd64.
Preparing to unpack .../01-libpython3.8-minimal_3.8.2~rc2-2_amd64.deb ...
Unpacking libpython3.8-minimal:amd64 (3.8.2~rc2-2) ...
Selecting previously unselected package python3.8-minimal.
Preparing to unpack .../02-python3.8-minimal_3.8.2~rc2-2_amd64.deb ...
Unpacking python3.8-minimal (3.8.2~rc2-2) ...
Selecting previously unselected package libncurses6:amd64.
Preparing to unpack .../03-libncurses6_6.1+20191019-1_amd64.deb ...
Unpacking libncurses6:amd64 (6.1+20191019-1) ...
Selecting previously unselected package libprocps8:amd64.
Preparing to unpack .../04-libprocps8_2%3a3.3.16-1+b1_amd64.deb ...
Unpacking libprocps8:amd64 (2:3.3.16-1+b1) ...
Selecting previously unselected package procps.
Preparing to unpack .../05-procps_2%3a3.3.16-1+b1_amd64.deb ...
Unpacking procps (2:3.3.16-1+b1) ...
Selecting previously unselected package sensible-utils.
Preparing to unpack .../06-sensible-utils_0.0.12+nmu1_all.deb ...
Unpacking sensible-utils (0.0.12+nmu1) ...
Selecting previously unselected package libmagic-mgc.
Preparing to unpack .../07-libmagic-mgc_1%3a5.38-4_amd64.deb ...
Unpacking libmagic-mgc (1:5.38-4) ...
Selecting previously unselected package libmagic1:amd64.
Preparing to unpack .../08-libmagic1_1%3a5.38-4_amd64.deb ...
Unpacking libmagic1:amd64 (1:5.38-4) ...
Selecting previously unselected package file.
Preparing to unpack .../09-file_1%3a5.38-4_amd64.deb ...
Unpacking file (1:5.38-4) ...
Selecting previously unselected package gettext-base.
Preparing to unpack .../10-gettext-base_0.19.8.1-10_amd64.deb ...
Unpacking gettext-base (0.19.8.1-10) ...
Selecting previously unselected package libsigsegv2:amd64.
Preparing to unpack .../11-libsigsegv2_2.12-2_amd64.deb ...
Unpacking libsigsegv2:amd64 (2.12-2) ...
Selecting previously unselected package m4.
Preparing to unpack .../12-m4_1.4.18-4_amd64.deb ...
Unpacking m4 (1.4.18-4) ...
Selecting previously unselected package autoconf.
Preparing to unpack .../13-autoconf_2.69-11.1_all.deb ...
Unpacking autoconf (2.69-11.1) ...
Selecting previously unselected package autotools-dev.
Preparing to unpack .../14-autotools-dev_20180224.1_all.deb ...
Unpacking autotools-dev (20180224.1) ...
Selecting previously unselected package automake.
Preparing to unpack .../15-automake_1%3a1.16.1-4_all.deb ...
Unpacking automake (1:1.16.1-4) ...
Selecting previously unselected package autopoint.
Preparing to unpack .../16-autopoint_0.19.8.1-10_all.deb ...
Unpacking autopoint (0.19.8.1-10) ...
Selecting previously unselected package cmake-data.
Preparing to unpack .../17-cmake-data_3.16.3-1_all.deb ...
Unpacking cmake-data (3.16.3-1) ...
Selecting previously unselected package libicu63:amd64.
Preparing to unpack .../18-libicu63_63.2-2_amd64.deb ...
Unpacking libicu63:amd64 (63.2-2) ...
Selecting previously unselected package libxml2:amd64.
Preparing to unpack .../19-libxml2_2.9.10+dfsg-3_amd64.deb ...
Unpacking libxml2:amd64 (2.9.10+dfsg-3) ...
Selecting previously unselected package libarchive13:amd64.
Preparing to unpack .../20-libarchive13_3.4.0-1+b1_amd64.deb ...
Unpacking libarchive13:amd64 (3.4.0-1+b1) ...
Selecting previously unselected package libbrotli1:amd64.
Preparing to unpack .../21-libbrotli1_1.0.7-6_amd64.deb ...
Unpacking libbrotli1:amd64 (1.0.7-6) ...
Selecting previously unselected package libkeyutils1:amd64.
Preparing to unpack .../22-libkeyutils1_1.6.1-2_amd64.deb ...
Unpacking libkeyutils1:amd64 (1.6.1-2) ...
Selecting previously unselected package libkrb5support0:amd64.
Preparing to unpack .../23-libkrb5support0_1.17-6_amd64.deb ...
Unpacking libkrb5support0:amd64 (1.17-6) ...
Selecting previously unselected package libk5crypto3:amd64.
Preparing to unpack .../24-libk5crypto3_1.17-6_amd64.deb ...
Unpacking libk5crypto3:amd64 (1.17-6) ...
Selecting previously unselected package libkrb5-3:amd64.
Preparing to unpack .../25-libkrb5-3_1.17-6_amd64.deb ...
Unpacking libkrb5-3:amd64 (1.17-6) ...
Selecting previously unselected package libgssapi-krb5-2:amd64.
Preparing to unpack .../26-libgssapi-krb5-2_1.17-6_amd64.deb ...
Unpacking libgssapi-krb5-2:amd64 (1.17-6) ...
Selecting previously unselected package libsasl2-modules-db:amd64.
Preparing to unpack .../27-libsasl2-modules-db_2.1.27+dfsg-2_amd64.deb ...
Unpacking libsasl2-modules-db:amd64 (2.1.27+dfsg-2) ...
Selecting previously unselected package libsasl2-2:amd64.
Preparing to unpack .../28-libsasl2-2_2.1.27+dfsg-2_amd64.deb ...
Unpacking libsasl2-2:amd64 (2.1.27+dfsg-2) ...
Selecting previously unselected package libldap-common.
Preparing to unpack .../29-libldap-common_2.4.49+dfsg-1_all.deb ...
Unpacking libldap-common (2.4.49+dfsg-1) ...
Selecting previously unselected package libldap-2.4-2:amd64.
Preparing to unpack .../30-libldap-2.4-2_2.4.49+dfsg-1_amd64.deb ...
Unpacking libldap-2.4-2:amd64 (2.4.49+dfsg-1) ...
Selecting previously unselected package libnghttp2-14:amd64.
Preparing to unpack .../31-libnghttp2-14_1.40.0-1_amd64.deb ...
Unpacking libnghttp2-14:amd64 (1.40.0-1) ...
Selecting previously unselected package libpsl5:amd64.
Preparing to unpack .../32-libpsl5_0.20.2-2_amd64.deb ...
Unpacking libpsl5:amd64 (0.20.2-2) ...
Selecting previously unselected package librtmp1:amd64.
Preparing to unpack .../33-librtmp1_2.4+20151223.gitfa8646d.1-2+b1_amd64.deb ...
Unpacking librtmp1:amd64 (2.4+20151223.gitfa8646d.1-2+b1) ...
Selecting previously unselected package libssh2-1:amd64.
Preparing to unpack .../34-libssh2-1_1.8.0-2.1_amd64.deb ...
Unpacking libssh2-1:amd64 (1.8.0-2.1) ...
Selecting previously unselected package libcurl4:amd64.
Preparing to unpack .../35-libcurl4_7.68.0-1_amd64.deb ...
Unpacking libcurl4:amd64 (7.68.0-1) ...
Selecting previously unselected package libjsoncpp1:amd64.
Preparing to unpack .../36-libjsoncpp1_1.7.4-3.1_amd64.deb ...
Unpacking libjsoncpp1:amd64 (1.7.4-3.1) ...
Selecting previously unselected package librhash0:amd64.
Preparing to unpack .../37-librhash0_1.3.9-1_amd64.deb ...
Unpacking librhash0:amd64 (1.3.9-1) ...
Selecting previously unselected package libuv1:amd64.
Preparing to unpack .../38-libuv1_1.34.2-1_amd64.deb ...
Unpacking libuv1:amd64 (1.34.2-1) ...
Selecting previously unselected package cmake.
Preparing to unpack .../39-cmake_3.16.3-1_amd64.deb ...
Unpacking cmake (3.16.3-1) ...
Selecting previously unselected package libtool.
Preparing to unpack .../40-libtool_2.4.6-13_all.deb ...
Unpacking libtool (2.4.6-13) ...
Selecting previously unselected package dh-autoreconf.
Preparing to unpack .../41-dh-autoreconf_19_all.deb ...
Unpacking dh-autoreconf (19) ...
Selecting previously unselected package libdebhelper-perl.
Preparing to unpack .../42-libdebhelper-perl_12.9_all.deb ...
Unpacking libdebhelper-perl (12.9) ...
Selecting previously unselected package libarchive-zip-perl.
Preparing to unpack .../43-libarchive-zip-perl_1.67-1_all.deb ...
Unpacking libarchive-zip-perl (1.67-1) ...
Selecting previously unselected package libsub-override-perl.
Preparing to unpack .../44-libsub-override-perl_0.09-2_all.deb ...
Unpacking libsub-override-perl (0.09-2) ...
Selecting previously unselected package libfile-stripnondeterminism-perl.
Preparing to unpack .../45-libfile-stripnondeterminism-perl_1.6.3-2_all.deb ...
Unpacking libfile-stripnondeterminism-perl (1.6.3-2) ...
Selecting previously unselected package dh-strip-nondeterminism.
Preparing to unpack .../46-dh-strip-nondeterminism_1.6.3-2_all.deb ...
Unpacking dh-strip-nondeterminism (1.6.3-2) ...
Selecting previously unselected package libelf1:amd64.
Preparing to unpack .../47-libelf1_0.176-1.1_amd64.deb ...
Unpacking libelf1:amd64 (0.176-1.1) ...
Selecting previously unselected package dwz.
Preparing to unpack .../48-dwz_0.13-5_amd64.deb ...
Unpacking dwz (0.13-5) ...
Selecting previously unselected package libglib2.0-0:amd64.
Preparing to unpack .../49-libglib2.0-0_2.62.4-2_amd64.deb ...
Unpacking libglib2.0-0:amd64 (2.62.4-2) ...
Selecting previously unselected package libcroco3:amd64.
Preparing to unpack .../50-libcroco3_0.6.13-1_amd64.deb ...
Unpacking libcroco3:amd64 (0.6.13-1) ...
Selecting previously unselected package gettext.
Preparing to unpack .../51-gettext_0.19.8.1-10_amd64.deb ...
Unpacking gettext (0.19.8.1-10) ...
Selecting previously unselected package intltool-debian.
Preparing to unpack .../52-intltool-debian_0.35.0+20060710.5_all.deb ...
Unpacking intltool-debian (0.35.0+20060710.5) ...
Selecting previously unselected package po-debconf.
Preparing to unpack .../53-po-debconf_1.0.21_all.deb ...
Unpacking po-debconf (1.0.21) ...
Selecting previously unselected package debhelper.
Preparing to unpack .../54-debhelper_12.9_all.deb ...
Unpacking debhelper (12.9) ...
Selecting previously unselected package python3-lib2to3.
Preparing to unpack .../55-python3-lib2to3_3.8.0-1_all.deb ...
Unpacking python3-lib2to3 (3.8.0-1) ...
Selecting previously unselected package python3-distutils.
Preparing to unpack .../56-python3-distutils_3.8.0-1_all.deb ...
Unpacking python3-distutils (3.8.0-1) ...
Selecting previously unselected package dh-python.
Preparing to unpack .../57-dh-python_4.20191017_all.deb ...
Unpacking dh-python (4.20191017) ...
Selecting previously unselected package libexpat1-dev:amd64.
Preparing to unpack .../58-libexpat1-dev_2.2.9-1_amd64.deb ...
Unpacking libexpat1-dev:amd64 (2.2.9-1) ...
Selecting previously unselected package libpython3.7:amd64.
Preparing to unpack .../59-libpython3.7_3.7.6-1+b1_amd64.deb ...
Unpacking libpython3.7:amd64 (3.7.6-1+b1) ...
Selecting previously unselected package libpython3.7-dev:amd64.
Preparing to unpack .../60-libpython3.7-dev_3.7.6-1+b1_amd64.deb ...
Unpacking libpython3.7-dev:amd64 (3.7.6-1+b1) ...
Selecting previously unselected package libpython3-dev:amd64.
Preparing to unpack .../61-libpython3-dev_3.7.5-3_amd64.deb ...
Unpacking libpython3-dev:amd64 (3.7.5-3) ...
Selecting previously unselected package libpython3.8-stdlib:amd64.
Preparing to unpack .../62-libpython3.8-stdlib_3.8.2~rc2-2_amd64.deb ...
Unpacking libpython3.8-stdlib:amd64 (3.8.2~rc2-2) ...
Selecting previously unselected package libpython3.8:amd64.
Preparing to unpack .../63-libpython3.8_3.8.2~rc2-2_amd64.deb ...
Unpacking libpython3.8:amd64 (3.8.2~rc2-2) ...
Selecting previously unselected package libpython3.8-dev:amd64.
Preparing to unpack .../64-libpython3.8-dev_3.8.2~rc2-2_amd64.deb ...
Unpacking libpython3.8-dev:amd64 (3.8.2~rc2-2) ...
Selecting previously unselected package libpython3-all-dev:amd64.
Preparing to unpack .../65-libpython3-all-dev_3.7.5-3_amd64.deb ...
Unpacking libpython3-all-dev:amd64 (3.7.5-3) ...
Selecting previously unselected package python3.8.
Preparing to unpack .../66-python3.8_3.8.2~rc2-2_amd64.deb ...
Unpacking python3.8 (3.8.2~rc2-2) ...
Selecting previously unselected package python3-all.
Preparing to unpack .../67-python3-all_3.7.5-3_amd64.deb ...
Unpacking python3-all (3.7.5-3) ...
Selecting previously unselected package zlib1g-dev:amd64.
Preparing to unpack .../68-zlib1g-dev_1%3a1.2.11.dfsg-2_amd64.deb ...
Unpacking zlib1g-dev:amd64 (1:1.2.11.dfsg-2) ...
Selecting previously unselected package python3.7-dev.
Preparing to unpack .../69-python3.7-dev_3.7.6-1+b1_amd64.deb ...
Unpacking python3.7-dev (3.7.6-1+b1) ...
Selecting previously unselected package python3-dev.
Preparing to unpack .../70-python3-dev_3.7.5-3_amd64.deb ...
Unpacking python3-dev (3.7.5-3) ...
Selecting previously unselected package python3.8-dev.
Preparing to unpack .../71-python3.8-dev_3.8.2~rc2-2_amd64.deb ...
Unpacking python3.8-dev (3.8.2~rc2-2) ...
Selecting previously unselected package python3-all-dev.
Preparing to unpack .../72-python3-all-dev_3.7.5-3_amd64.deb ...
Unpacking python3-all-dev (3.7.5-3) ...
Selecting previously unselected package python3-cffi-backend.
Preparing to unpack .../73-python3-cffi-backend_1.14.0-1_amd64.deb ...
Unpacking python3-cffi-backend (1.14.0-1) ...
Selecting previously unselected package python3-ply.
Preparing to unpack .../74-python3-ply_3.11-3_all.deb ...
Unpacking python3-ply (3.11-3) ...
Selecting previously unselected package python3-pycparser.
Preparing to unpack .../75-python3-pycparser_2.19-1_all.deb ...
Unpacking python3-pycparser (2.19-1) ...
Selecting previously unselected package python3-cffi.
Preparing to unpack .../76-python3-cffi_1.14.0-1_all.deb ...
Unpacking python3-cffi (1.14.0-1) ...
Selecting previously unselected package python3-pkg-resources.
Preparing to unpack .../77-python3-pkg-resources_44.0.0-1_all.deb ...
Unpacking python3-pkg-resources (44.0.0-1) ...
Selecting previously unselected package python3-setuptools.
Preparing to unpack .../78-python3-setuptools_44.0.0-1_all.deb ...
Unpacking python3-setuptools (44.0.0-1) ...
Selecting previously unselected package sbuild-build-depends-main-dummy.
Preparing to unpack .../79-sbuild-build-depends-main-dummy_0.invalid.0_amd64.deb ...
Unpacking sbuild-build-depends-main-dummy (0.invalid.0) ...
Setting up libpipeline1:amd64 (1.5.2-2) ...
Setting up libkeyutils1:amd64 (1.6.1-2) ...
Setting up libpsl5:amd64 (0.20.2-2) ...
Setting up libpython3.8-minimal:amd64 (3.8.2~rc2-2) ...
Setting up mime-support (3.64) ...
Setting up libmagic-mgc (1:5.38-4) ...
Setting up libarchive-zip-perl (1.67-1) ...
Setting up libglib2.0-0:amd64 (2.62.4-2) ...
No schema files found: doing nothing.
Setting up libdebhelper-perl (12.9) ...
Setting up libbrotli1:amd64 (1.0.7-6) ...
Setting up libsqlite3-0:amd64 (3.31.1-3) ...
Setting up libnghttp2-14:amd64 (1.40.0-1) ...
Setting up libmagic1:amd64 (1:5.38-4) ...
Setting up gettext-base (0.19.8.1-10) ...
Setting up file (1:5.38-4) ...
Setting up libldap-common (2.4.49+dfsg-1) ...
Setting up libicu63:amd64 (63.2-2) ...
Setting up libkrb5support0:amd64 (1.17-6) ...
Setting up libsasl2-modules-db:amd64 (2.1.27+dfsg-2) ...
Setting up autotools-dev (20180224.1) ...
Setting up libuv1:amd64 (1.34.2-1) ...
Setting up libexpat1-dev:amd64 (2.2.9-1) ...
Setting up librtmp1:amd64 (2.4+20151223.gitfa8646d.1-2+b1) ...
Setting up libncurses6:amd64 (6.1+20191019-1) ...
Setting up libsigsegv2:amd64 (2.12-2) ...
Setting up bsdmainutils (11.1.2+b1) ...
update-alternatives: using /usr/bin/bsd-write to provide /usr/bin/write (write) in auto mode
update-alternatives: using /usr/bin/bsd-from to provide /usr/bin/from (from) in auto mode
Setting up autopoint (0.19.8.1-10) ...
Setting up libk5crypto3:amd64 (1.17-6) ...
Setting up libsasl2-2:amd64 (2.1.27+dfsg-2) ...
Setting up zlib1g-dev:amd64 (1:1.2.11.dfsg-2) ...
Setting up python3.8-minimal (3.8.2~rc2-2) ...
Setting up sensible-utils (0.0.12+nmu1) ...
Setting up librhash0:amd64 (1.3.9-1) ...
Setting up libuchardet0:amd64 (0.0.6-3) ...
Setting up libsub-override-perl (0.09-2) ...
Setting up libssh2-1:amd64 (1.8.0-2.1) ...
Setting up cmake-data (3.16.3-1) ...
Setting up libkrb5-3:amd64 (1.17-6) ...
Setting up libmpdec2:amd64 (2.4.2-2) ...
Setting up libelf1:amd64 (0.176-1.1) ...
Setting up readline-common (8.0-3) ...
Setting up libxml2:amd64 (2.9.10+dfsg-3) ...
Setting up libprocps8:amd64 (2:3.3.16-1+b1) ...
Setting up libjsoncpp1:amd64 (1.7.4-3.1) ...
Setting up libfile-stripnondeterminism-perl (1.6.3-2) ...
Setting up libtool (2.4.6-13) ...
Setting up libarchive13:amd64 (3.4.0-1+b1) ...
Setting up libreadline8:amd64 (8.0-3) ...
Setting up libldap-2.4-2:amd64 (2.4.49+dfsg-1) ...
Setting up m4 (1.4.18-4) ...
Setting up libgssapi-krb5-2:amd64 (1.17-6) ...
Setting up libcroco3:amd64 (0.6.13-1) ...
Setting up autoconf (2.69-11.1) ...
Setting up dh-strip-nondeterminism (1.6.3-2) ...
Setting up dwz (0.13-5) ...
Setting up groff-base (1.22.4-4) ...
Setting up procps (2:3.3.16-1+b1) ...
update-alternatives: using /usr/bin/w.procps to provide /usr/bin/w (w) in auto mode
Setting up libcurl4:amd64 (7.68.0-1) ...
Setting up libpython3.8-stdlib:amd64 (3.8.2~rc2-2) ...
Setting up python3.8 (3.8.2~rc2-2) ...
Setting up automake (1:1.16.1-4) ...
update-alternatives: using /usr/bin/automake-1.16 to provide /usr/bin/automake (automake) in auto mode
Setting up libpython3.7-stdlib:amd64 (3.7.6-1+b1) ...
Setting up gettext (0.19.8.1-10) ...
Setting up libpython3.7:amd64 (3.7.6-1+b1) ...
Setting up libpython3.7-dev:amd64 (3.7.6-1+b1) ...
Setting up man-db (2.9.0-2) ...
Not building database; man-db/auto-update is not 'true'.
Setting up intltool-debian (0.35.0+20060710.5) ...
Setting up libpython3.8:amd64 (3.8.2~rc2-2) ...
Setting up cmake (3.16.3-1) ...
Setting up libpython3-stdlib:amd64 (3.7.5-3) ...
Setting up python3.7 (3.7.6-1+b1) ...
Setting up libpython3-dev:amd64 (3.7.5-3) ...
Setting up po-debconf (1.0.21) ...
Setting up python3 (3.7.5-3) ...
Setting up python3.7-dev (3.7.6-1+b1) ...
Setting up libpython3.8-dev:amd64 (3.8.2~rc2-2) ...
Setting up libpython3-all-dev:amd64 (3.7.5-3) ...
Setting up python3.8-dev (3.8.2~rc2-2) ...
Setting up python3-lib2to3 (3.8.0-1) ...
Setting up python3-cffi-backend (1.14.0-1) ...
Setting up python3-pkg-resources (44.0.0-1) ...
Setting up python3-distutils (3.8.0-1) ...
Setting up dh-python (4.20191017) ...
Setting up python3-setuptools (44.0.0-1) ...
Setting up python3-ply (3.11-3) ...
Setting up python3-all (3.7.5-3) ...
Setting up python3-pycparser (2.19-1) ...
Setting up python3-dev (3.7.5-3) ...
Setting up python3-all-dev (3.7.5-3) ...
Setting up python3-cffi (1.14.0-1) ...
Setting up dh-autoreconf (19) ...
Setting up debhelper (12.9) ...
Setting up sbuild-build-depends-main-dummy (0.invalid.0) ...
Processing triggers for libc-bin (2.29-10) ...

+------------------------------------------------------------------------------+
| Check architectures                                                          |
+------------------------------------------------------------------------------+

Arch check ok (amd64 included in any)

+------------------------------------------------------------------------------+
| Build environment                                                            |
+------------------------------------------------------------------------------+

Kernel: Linux 4.19.0-6-cloud-amd64 #1 SMP Debian 4.19.67-2+deb10u2 (2019-11-11) amd64 (x86_64)
Toolchain package versions: binutils_2.34-3 dpkg-dev_1.19.7 g++-9_9.2.1-29 gcc-9_9.2.1-29 libc6-dev_2.29-10 libstdc++-8-dev_8.3.0-29 libstdc++-9-dev_9.2.1-29 libstdc++6_10-20200222-1 linux-libc-dev_5.4.19-1
Package versions: adduser_3.118 apt_1.8.4 autoconf_2.69-11.1 automake_1:1.16.1-4 autopoint_0.19.8.1-10 autotools-dev_20180224.1 base-files_11 base-passwd_3.5.47 bash_5.0-5 binutils_2.34-3 binutils-common_2.34-3 binutils-x86-64-linux-gnu_2.34-3 bsdmainutils_11.1.2+b1 bsdutils_1:2.34-0.1 build-essential_12.8 bzip2_1.0.8-2 clang-9_1:9.0.1-8 cmake_3.16.3-1 cmake-data_3.16.3-1 coreutils_8.30-3+b1 cpp_4:9.2.1-3.1 cpp-9_9.2.1-29 dash_0.5.10.2-6 debconf_1.5.73 debhelper_12.9 debian-archive-keyring_2019.1 debianutils_4.9.1 dh-autoreconf_19 dh-python_4.20191017 dh-strip-nondeterminism_1.6.3-2 diffutils_1:3.7-3 dpkg_1.19.7 dpkg-dev_1.19.7 dwz_0.13-5 e2fsprogs_1.45.5-2 fakeroot_1.24-1 fdisk_2.34-0.1 file_1:5.38-4 findutils_4.7.0-1 g++_4:9.2.1-3.1 g++-9_9.2.1-29 gcc_4:9.2.1-3.1 gcc-10-base_10-20200222-1 gcc-8-base_8.3.0-29 gcc-9_9.2.1-29 gcc-9-base_9.2.1-29 gettext_0.19.8.1-10 gettext-base_0.19.8.1-10 gpgv_2.2.19-1 grep_3.4-1 groff-base_1.22.4-4 gzip_1.9-3+b1 hostname_3.23 init-system-helpers_1.57 intltool-debian_0.35.0+20060710.5 lib32gcc-s1_10-20200222-1 lib32gcc1_1:10-20200222-1 lib32stdc++6_10-20200222-1 libacl1_2.2.53-5 libapt-pkg5.0_1.8.4 libarchive-zip-perl_1.67-1 libarchive13_3.4.0-1+b1 libasan5_9.2.1-29 libatomic1_10-20200222-1 libattr1_1:2.4.48-5 libaudit-common_1:2.8.5-2 libaudit1_1:2.8.5-2+b1 libbinutils_2.34-3 libblkid1_2.34-0.1 libbrotli1_1.0.7-6 libbsd0_0.10.0-1 libbz2-1.0_1.0.8-2 libc-bin_2.29-10 libc-dev-bin_2.29-10 libc6_2.29-10 libc6-dev_2.29-10 libc6-i386_2.29-10 libcap-ng0_0.7.9-2.1+b1 libcc1-0_10-20200222-1 libclang-common-9-dev_1:9.0.1-8 libclang-cpp9_1:9.0.1-8 libcom-err2_1.45.5-2 libcroco3_0.6.13-1 libcrypt-dev_1:4.4.10-10 libcrypt1_1:4.4.10-10 libctf-nobfd0_2.34-3 libctf0_2.34-3 libcurl4_7.68.0-1 libdb5.3_5.3.28+dfsg1-0.6 libdebconfclient0_0.251 libdebhelper-perl_12.9 libdpkg-perl_1.19.7 libedit2_3.1-20191231-1 libelf1_0.176-1.1 libexpat1_2.2.9-1 libexpat1-dev_2.2.9-1 libext2fs2_1.45.5-2 libfakeroot_1.24-1 libfdisk1_2.34-0.1 libffi7_3.3-3 libfile-stripnondeterminism-perl_1.6.3-2 libgc1c2_1:7.6.4-0.4 libgcc-8-dev_8.3.0-29 libgcc-9-dev_9.2.1-29 libgcc-s1_10-20200222-1 libgcc1_1:10-20200222-1 libgcrypt20_1.8.5-5 libgdbm-compat4_1.18.1-5 libgdbm6_1.18.1-5 libglib2.0-0_2.62.4-2 libgmp10_2:6.2.0+dfsg-4 libgnutls30_3.6.12-2 libgomp1_10-20200222-1 libgpg-error0_1.37-1 libgssapi-krb5-2_1.17-6 libhogweed5_3.5.1+really3.5.1-2 libicu63_63.2-2 libidn2-0_2.2.0-2 libisl22_0.22.1-1 libitm1_10-20200222-1 libjsoncpp1_1.7.4-3.1 libk5crypto3_1.17-6 libkeyutils1_1.6.1-2 libkrb5-3_1.17-6 libkrb5support0_1.17-6 libldap-2.4-2_2.4.49+dfsg-1 libldap-common_2.4.49+dfsg-1 libllvm9_1:9.0.1-8 liblsan0_10-20200222-1 liblz4-1_1.9.2-2 liblzma5_5.2.4-1+b1 libmagic-mgc_1:5.38-4 libmagic1_1:5.38-4 libmount1_2.34-0.1 libmpc3_1.1.0-1 libmpdec2_2.4.2-2 libmpfr6_4.0.2-1 libmpx2_8.3.0-29 libncurses6_6.1+20191019-1 libncursesw6_6.1+20191019-1 libnettle7_3.5.1+really3.5.1-2 libnghttp2-14_1.40.0-1 libobjc-8-dev_8.3.0-29 libobjc-9-dev_9.2.1-29 libobjc4_10-20200222-1 libomp-9-dev_1:9.0.1-8 libomp5-9_1:9.0.1-8 libp11-kit0_0.23.20-1 libpam-modules_1.3.1-5 libpam-modules-bin_1.3.1-5 libpam-runtime_1.3.1-5 libpam0g_1.3.1-5 libpcre2-8-0_10.34-7 libpcre3_2:8.39-12+b1 libperl5.30_5.30.0-9 libpipeline1_1.5.2-2 libprocps8_2:3.3.16-1+b1 libpsl5_0.20.2-2 libpython3-all-dev_3.7.5-3 libpython3-dev_3.7.5-3 libpython3-stdlib_3.7.5-3 libpython3.7_3.7.6-1+b1 libpython3.7-dev_3.7.6-1+b1 libpython3.7-minimal_3.7.6-1+b1 libpython3.7-stdlib_3.7.6-1+b1 libpython3.8_3.8.2~rc2-2 libpython3.8-dev_3.8.2~rc2-2 libpython3.8-minimal_3.8.2~rc2-2 libpython3.8-stdlib_3.8.2~rc2-2 libquadmath0_10-20200222-1 libreadline8_8.0-3 librhash0_1.3.9-1 librtmp1_2.4+20151223.gitfa8646d.1-2+b1 libsasl2-2_2.1.27+dfsg-2 libsasl2-modules-db_2.1.27+dfsg-2 libseccomp2_2.4.2-2 libselinux1_3.0-1+b1 libsemanage-common_3.0-1 libsemanage1_3.0-1+b1 libsepol1_3.0-1 libsigsegv2_2.12-2 libsmartcols1_2.34-0.1 libsqlite3-0_3.31.1-3 libss2_1.45.5-2 libssh2-1_1.8.0-2.1 libssl1.1_1.1.1d-2 libstdc++-8-dev_8.3.0-29 libstdc++-9-dev_9.2.1-29 libstdc++6_10-20200222-1 libsub-override-perl_0.09-2 libsystemd0_244.3-1 libtasn1-6_4.16.0-2 libtinfo6_6.1+20191019-1 libtool_2.4.6-13 libtsan0_10-20200222-1 libubsan1_10-20200222-1 libuchardet0_0.0.6-3 libudev1_244.3-1 libunistring2_0.9.10-2 libuuid1_2.34-0.1 libuv1_1.34.2-1 libxml2_2.9.10+dfsg-3 libz3-4_4.8.7-4 libzstd1_1.4.4+dfsg-3 linux-libc-dev_5.4.19-1 login_1:4.8.1-1 logsave_1.45.5-2 lsb-base_11.1.0 m4_1.4.18-4 make_4.2.1-1.2 man-db_2.9.0-2 mawk_1.3.4.20200120-2 mime-support_3.64 mount_2.34-0.1 ncurses-base_6.1+20191019-1 ncurses-bin_6.1+20191019-1 passwd_1:4.8.1-1 patch_2.7.6-6 perl_5.30.0-9 perl-base_5.30.0-9 perl-modules-5.30_5.30.0-9 po-debconf_1.0.21 procps_2:3.3.16-1+b1 python3_3.7.5-3 python3-all_3.7.5-3 python3-all-dev_3.7.5-3 python3-cffi_1.14.0-1 python3-cffi-backend_1.14.0-1 python3-dev_3.7.5-3 python3-distutils_3.8.0-1 python3-lib2to3_3.8.0-1 python3-minimal_3.7.5-3 python3-pkg-resources_44.0.0-1 python3-ply_3.11-3 python3-pycparser_2.19-1 python3-setuptools_44.0.0-1 python3.7_3.7.6-1+b1 python3.7-dev_3.7.6-1+b1 python3.7-minimal_3.7.6-1+b1 python3.8_3.8.2~rc2-2 python3.8-dev_3.8.2~rc2-2 python3.8-minimal_3.8.2~rc2-2 readline-common_8.0-3 sbuild-build-depends-main-dummy_0.invalid.0 sed_4.7-1 sensible-utils_0.0.12+nmu1 sysvinit-utils_2.96-2.1 tar_1.30+dfsg-6+b1 tzdata_2019c-3 util-linux_2.34-0.1 xz-utils_5.2.4-1+b1 zlib1g_1:1.2.11.dfsg-2 zlib1g-dev_1:1.2.11.dfsg-2

+------------------------------------------------------------------------------+
| Build                                                                        |
+------------------------------------------------------------------------------+


Unpack source
-------------

-----BEGIN PGP SIGNED MESSAGE-----
Hash: SHA512

Format: 3.0 (quilt)
Source: olm
Binary: libolm3, libolm-dev, python3-olm
Architecture: any
Version: 3.1.3+dfsg-2
Maintainer: Hubert Chathi <uhoreg@debian.org>
Homepage: https://matrix.org/git/olm/
Standards-Version: 4.3.0
Build-Depends: cmake, debhelper (>= 10), dh-python, python3-all-dev (>= 3.7), python3-cffi, python3-setuptools
Package-List:
 libolm-dev deb libdevel optional arch=any
 libolm3 deb libs optional arch=any
 python3-olm deb python optional arch=any
Checksums-Sha1:
 06be890de83137133da8a4f32c8eba387a4a0d93 270980 olm_3.1.3+dfsg.orig.tar.bz2
 3d39d76071a7fe12cc0212f873e48500d67120bb 3984 olm_3.1.3+dfsg-2.debian.tar.xz
Checksums-Sha256:
 3d5641a792d5b3cf72b63d58d0fd6b41551f68bb0e1a701b799bf13b09963faf 270980 olm_3.1.3+dfsg.orig.tar.bz2
 6484236cd6302d6072e2af1b61612d52eccdfbc0bb219e4ff0e89b139c1d9e8b 3984 olm_3.1.3+dfsg-2.debian.tar.xz
Files:
 0c3423f6de02a5e2c8f805e6c5f3331e 270980 olm_3.1.3+dfsg.orig.tar.bz2
 ec3f209b99c7e55dbc7c49efc5dd1347 3984 olm_3.1.3+dfsg-2.debian.tar.xz

-----BEGIN PGP SIGNATURE-----

iQEzBAEBCgAdFiEE3juhvb4UN2X4rCw4rXmvZUDjNa8FAl1q60gACgkQrXmvZUDj
Na+A9wf5AZv323kFUWe5bDgvXNRfzCRq5ykIe8Ogv8FOX9drQcZhSrDjq0To2owd
cYR3dEAz0DSEowcDuhoGcKu4y3S94yX6PIrnpIw27pNsHu0ciIi/cG0iMSHPt6RQ
k3znXWqOsC78wAfjaCv69T7n9xs60GPxlZcXwWsobZT7H2sEvTvvv5bQLL814a2h
fFsQsGaF4TGTiVMYsE7D+hRWH/ZJcQ+Rz/q4ooPpECt0bBtVNCzom2trgPZnY0WV
oZcH/1XkxlOhVddb+EANO1mwZxLTkQOJezhVZBD9T9AwO6s1QDHP2UtyhWS39KkN
Q8NVeFYt4WMufazrASqy+Y519JSqZw==
=iHGc
-----END PGP SIGNATURE-----

gpgv: unknown type of key resource 'trustedkeys.kbx'
gpgv: keyblock resource '/sbuild-nonexistent/.gnupg/trustedkeys.kbx': General error
gpgv: Signature made Sat Aug 31 21:48:56 2019 UTC
gpgv:                using RSA key DE3BA1BDBE143765F8AC2C38AD79AF6540E335AF
gpgv: Can't check signature: No public key
dpkg-source: warning: failed to verify signature on ./olm_3.1.3+dfsg-2.dsc
dpkg-source: info: extracting olm in /<<PKGBUILDDIR>>
dpkg-source: info: unpacking olm_3.1.3+dfsg.orig.tar.bz2
dpkg-source: info: unpacking olm_3.1.3+dfsg-2.debian.tar.xz

Check disk space
----------------

Sufficient free space for build

User Environment
----------------

APT_CONFIG=/var/lib/sbuild/apt.conf
HOME=/sbuild-nonexistent
LANG=C.UTF-8
LC_ALL=C.UTF-8
LOGNAME=user42
PATH=/usr/local/sbin:/usr/local/bin:/usr/sbin:/usr/bin:/sbin:/bin:/usr/games
SCHROOT_ALIAS_NAME=unstable
SCHROOT_CHROOT_NAME=sid-amd64-sbuild
SCHROOT_COMMAND=env
SCHROOT_GID=1001
SCHROOT_GROUP=user42
SCHROOT_SESSION_ID=sid-amd64-sbuild-9fda00c2-0700-4068-960a-cea2e8a40b60
SCHROOT_UID=1001
SCHROOT_USER=user42
SHELL=/bin/sh
USER=user42

dpkg-buildpackage
-----------------

Command: dpkg-buildpackage -us -uc -b -rfakeroot
dpkg-buildpackage: info: source package olm
dpkg-buildpackage: info: source version 3.1.3+dfsg-2
dpkg-buildpackage: info: source distribution unstable
dpkg-buildpackage: info: source changed by Hubert Chathi <uhoreg@debian.org>
 dpkg-source --before-build .
dpkg-buildpackage: info: host architecture amd64
 fakeroot debian/rules clean
dh clean --with python3 -Scmake -Bbuild
   dh_testdir -O-Scmake -O-Bbuild
   dh_auto_clean -O-Scmake -O-Bbuild
   dh_autoreconf_clean -O-Scmake -O-Bbuild
   dh_clean -O-Scmake -O-Bbuild
 debian/rules build
dh build --with python3 -Scmake -Bbuild
   dh_testdir -O-Scmake -O-Bbuild
   dh_update_autotools_config -O-Scmake -O-Bbuild
   dh_autoreconf -O-Scmake -O-Bbuild
   dh_auto_configure -O-Scmake -O-Bbuild
	cd build && cmake -DCMAKE_INSTALL_PREFIX=/usr -DCMAKE_BUILD_TYPE=None -DCMAKE_INSTALL_SYSCONFDIR=/etc -DCMAKE_INSTALL_LOCALSTATEDIR=/var -DCMAKE_EXPORT_NO_PACKAGE_REGISTRY=ON -DCMAKE_FIND_PACKAGE_NO_PACKAGE_REGISTRY=ON "-GUnix Makefiles" -DCMAKE_VERBOSE_MAKEFILE=ON -DCMAKE_INSTALL_LIBDIR=lib/x86_64-linux-gnu ..
-- The CXX compiler identification is Clang 9.0.1
-- The C compiler identification is Clang 9.0.1
-- Check for working CXX compiler: /usr/bin/c++
-- Check for working CXX compiler: /usr/bin/c++ -- works
-- Detecting CXX compiler ABI info
-- Detecting CXX compiler ABI info - done
-- Detecting CXX compile features
-- Detecting CXX compile features - done
-- Check for working C compiler: /usr/bin/cc
-- Check for working C compiler: /usr/bin/cc -- works
-- Detecting C compiler ABI info
-- Detecting C compiler ABI info - done
-- Detecting C compile features
-- Detecting C compile features - done
-- Configuring done
-- Generating done
CMake Warning:
  Manually-specified variables were not used by the project:

    CMAKE_FIND_PACKAGE_NO_PACKAGE_REGISTRY


-- Build files have been written to: /<<PKGBUILDDIR>>/build
   debian/rules override_dh_auto_build
make[1]: Entering directory '/<<PKGBUILDDIR>>'
dh_auto_build -Scmake -Bbuild
	cd build && make -j4
make[2]: Entering directory '/<<PKGBUILDDIR>>/build'
/usr/bin/cmake -S/<<PKGBUILDDIR>> -B/<<PKGBUILDDIR>>/build --check-build-system CMakeFiles/Makefile.cmake 0
/usr/bin/cmake -E cmake_progress_start /<<PKGBUILDDIR>>/build/CMakeFiles /<<PKGBUILDDIR>>/build/CMakeFiles/progress.marks
make -f CMakeFiles/Makefile2 all
make[3]: Entering directory '/<<PKGBUILDDIR>>/build'
make -f CMakeFiles/olm.dir/build.make CMakeFiles/olm.dir/depend
make[4]: Entering directory '/<<PKGBUILDDIR>>/build'
cd /<<PKGBUILDDIR>>/build && /usr/bin/cmake -E cmake_depends "Unix Makefiles" /<<PKGBUILDDIR>> /<<PKGBUILDDIR>> /<<PKGBUILDDIR>>/build /<<PKGBUILDDIR>>/build /<<PKGBUILDDIR>>/build/CMakeFiles/olm.dir/DependInfo.cmake --color=
Scanning dependencies of target olm
make[4]: Leaving directory '/<<PKGBUILDDIR>>/build'
make -f CMakeFiles/olm.dir/build.make CMakeFiles/olm.dir/build
make[4]: Entering directory '/<<PKGBUILDDIR>>/build'
[  1%] Building CXX object CMakeFiles/olm.dir/src/base64.cpp.o
[  3%] Building CXX object CMakeFiles/olm.dir/src/account.cpp.o
/usr/bin/c++  -DOLMLIB_VERSION_MAJOR=3 -DOLMLIB_VERSION_MINOR=1 -DOLMLIB_VERSION_PATCH=3 -Dolm_EXPORTS -I/<<PKGBUILDDIR>>/include -I/<<PKGBUILDDIR>>/lib  -g -O2 -fdebug-prefix-map=/<<PKGBUILDDIR>>=. -fstack-protector-strong -Wformat -Werror=format-security -Wdate-time -D_FORTIFY_SOURCE=2 -fPIC   -std=gnu++11 -o CMakeFiles/olm.dir/src/base64.cpp.o -c /<<PKGBUILDDIR>>/src/base64.cpp
/usr/bin/c++  -DOLMLIB_VERSION_MAJOR=3 -DOLMLIB_VERSION_MINOR=1 -DOLMLIB_VERSION_PATCH=3 -Dolm_EXPORTS -I/<<PKGBUILDDIR>>/include -I/<<PKGBUILDDIR>>/lib  -g -O2 -fdebug-prefix-map=/<<PKGBUILDDIR>>=. -fstack-protector-strong -Wformat -Werror=format-security -Wdate-time -D_FORTIFY_SOURCE=2 -fPIC   -std=gnu++11 -o CMakeFiles/olm.dir/src/account.cpp.o -c /<<PKGBUILDDIR>>/src/account.cpp
[  5%] Building CXX object CMakeFiles/olm.dir/src/crypto.cpp.o
/usr/bin/c++  -DOLMLIB_VERSION_MAJOR=3 -DOLMLIB_VERSION_MINOR=1 -DOLMLIB_VERSION_PATCH=3 -Dolm_EXPORTS -I/<<PKGBUILDDIR>>/include -I/<<PKGBUILDDIR>>/lib  -g -O2 -fdebug-prefix-map=/<<PKGBUILDDIR>>=. -fstack-protector-strong -Wformat -Werror=format-security -Wdate-time -D_FORTIFY_SOURCE=2 -fPIC   -std=gnu++11 -o CMakeFiles/olm.dir/src/crypto.cpp.o -c /<<PKGBUILDDIR>>/src/crypto.cpp
[  7%] Building CXX object CMakeFiles/olm.dir/src/cipher.cpp.o
/usr/bin/c++  -DOLMLIB_VERSION_MAJOR=3 -DOLMLIB_VERSION_MINOR=1 -DOLMLIB_VERSION_PATCH=3 -Dolm_EXPORTS -I/<<PKGBUILDDIR>>/include -I/<<PKGBUILDDIR>>/lib  -g -O2 -fdebug-prefix-map=/<<PKGBUILDDIR>>=. -fstack-protector-strong -Wformat -Werror=format-security -Wdate-time -D_FORTIFY_SOURCE=2 -fPIC   -std=gnu++11 -o CMakeFiles/olm.dir/src/cipher.cpp.o -c /<<PKGBUILDDIR>>/src/cipher.cpp
[  9%] Building CXX object CMakeFiles/olm.dir/src/memory.cpp.o
/usr/bin/c++  -DOLMLIB_VERSION_MAJOR=3 -DOLMLIB_VERSION_MINOR=1 -DOLMLIB_VERSION_PATCH=3 -Dolm_EXPORTS -I/<<PKGBUILDDIR>>/include -I/<<PKGBUILDDIR>>/lib  -g -O2 -fdebug-prefix-map=/<<PKGBUILDDIR>>=. -fstack-protector-strong -Wformat -Werror=format-security -Wdate-time -D_FORTIFY_SOURCE=2 -fPIC   -std=gnu++11 -o CMakeFiles/olm.dir/src/memory.cpp.o -c /<<PKGBUILDDIR>>/src/memory.cpp
[ 11%] Building CXX object CMakeFiles/olm.dir/src/message.cpp.o
/usr/bin/c++  -DOLMLIB_VERSION_MAJOR=3 -DOLMLIB_VERSION_MINOR=1 -DOLMLIB_VERSION_PATCH=3 -Dolm_EXPORTS -I/<<PKGBUILDDIR>>/include -I/<<PKGBUILDDIR>>/lib  -g -O2 -fdebug-prefix-map=/<<PKGBUILDDIR>>=. -fstack-protector-strong -Wformat -Werror=format-security -Wdate-time -D_FORTIFY_SOURCE=2 -fPIC   -std=gnu++11 -o CMakeFiles/olm.dir/src/message.cpp.o -c /<<PKGBUILDDIR>>/src/message.cpp
[ 13%] Building CXX object CMakeFiles/olm.dir/src/ratchet.cpp.o
/usr/bin/c++  -DOLMLIB_VERSION_MAJOR=3 -DOLMLIB_VERSION_MINOR=1 -DOLMLIB_VERSION_PATCH=3 -Dolm_EXPORTS -I/<<PKGBUILDDIR>>/include -I/<<PKGBUILDDIR>>/lib  -g -O2 -fdebug-prefix-map=/<<PKGBUILDDIR>>=. -fstack-protector-strong -Wformat -Werror=format-security -Wdate-time -D_FORTIFY_SOURCE=2 -fPIC   -std=gnu++11 -o CMakeFiles/olm.dir/src/ratchet.cpp.o -c /<<PKGBUILDDIR>>/src/ratchet.cpp
[ 15%] Building CXX object CMakeFiles/olm.dir/src/pickle.cpp.o
/usr/bin/c++  -DOLMLIB_VERSION_MAJOR=3 -DOLMLIB_VERSION_MINOR=1 -DOLMLIB_VERSION_PATCH=3 -Dolm_EXPORTS -I/<<PKGBUILDDIR>>/include -I/<<PKGBUILDDIR>>/lib  -g -O2 -fdebug-prefix-map=/<<PKGBUILDDIR>>=. -fstack-protector-strong -Wformat -Werror=format-security -Wdate-time -D_FORTIFY_SOURCE=2 -fPIC   -std=gnu++11 -o CMakeFiles/olm.dir/src/pickle.cpp.o -c /<<PKGBUILDDIR>>/src/pickle.cpp
[ 16%] Building CXX object CMakeFiles/olm.dir/src/session.cpp.o
/usr/bin/c++  -DOLMLIB_VERSION_MAJOR=3 -DOLMLIB_VERSION_MINOR=1 -DOLMLIB_VERSION_PATCH=3 -Dolm_EXPORTS -I/<<PKGBUILDDIR>>/include -I/<<PKGBUILDDIR>>/lib  -g -O2 -fdebug-prefix-map=/<<PKGBUILDDIR>>=. -fstack-protector-strong -Wformat -Werror=format-security -Wdate-time -D_FORTIFY_SOURCE=2 -fPIC   -std=gnu++11 -o CMakeFiles/olm.dir/src/session.cpp.o -c /<<PKGBUILDDIR>>/src/session.cpp
[ 18%] Building CXX object CMakeFiles/olm.dir/src/utility.cpp.o
/usr/bin/c++  -DOLMLIB_VERSION_MAJOR=3 -DOLMLIB_VERSION_MINOR=1 -DOLMLIB_VERSION_PATCH=3 -Dolm_EXPORTS -I/<<PKGBUILDDIR>>/include -I/<<PKGBUILDDIR>>/lib  -g -O2 -fdebug-prefix-map=/<<PKGBUILDDIR>>=. -fstack-protector-strong -Wformat -Werror=format-security -Wdate-time -D_FORTIFY_SOURCE=2 -fPIC   -std=gnu++11 -o CMakeFiles/olm.dir/src/utility.cpp.o -c /<<PKGBUILDDIR>>/src/utility.cpp
[ 20%] Building CXX object CMakeFiles/olm.dir/src/pk.cpp.o
/usr/bin/c++  -DOLMLIB_VERSION_MAJOR=3 -DOLMLIB_VERSION_MINOR=1 -DOLMLIB_VERSION_PATCH=3 -Dolm_EXPORTS -I/<<PKGBUILDDIR>>/include -I/<<PKGBUILDDIR>>/lib  -g -O2 -fdebug-prefix-map=/<<PKGBUILDDIR>>=. -fstack-protector-strong -Wformat -Werror=format-security -Wdate-time -D_FORTIFY_SOURCE=2 -fPIC   -std=gnu++11 -o CMakeFiles/olm.dir/src/pk.cpp.o -c /<<PKGBUILDDIR>>/src/pk.cpp
[ 22%] Building C object CMakeFiles/olm.dir/src/sas.c.o
/usr/bin/cc -DOLMLIB_VERSION_MAJOR=3 -DOLMLIB_VERSION_MINOR=1 -DOLMLIB_VERSION_PATCH=3 -Dolm_EXPORTS -I/<<PKGBUILDDIR>>/include -I/<<PKGBUILDDIR>>/lib  -g -O2 -fdebug-prefix-map=/<<PKGBUILDDIR>>=. -fstack-protector-strong -Wformat -Werror=format-security -Wdate-time -D_FORTIFY_SOURCE=2 -fPIC   -std=gnu99 -o CMakeFiles/olm.dir/src/sas.c.o   -c /<<PKGBUILDDIR>>/src/sas.c
[ 24%] Building C object CMakeFiles/olm.dir/src/ed25519.c.o
/usr/bin/cc -DOLMLIB_VERSION_MAJOR=3 -DOLMLIB_VERSION_MINOR=1 -DOLMLIB_VERSION_PATCH=3 -Dolm_EXPORTS -I/<<PKGBUILDDIR>>/include -I/<<PKGBUILDDIR>>/lib  -g -O2 -fdebug-prefix-map=/<<PKGBUILDDIR>>=. -fstack-protector-strong -Wformat -Werror=format-security -Wdate-time -D_FORTIFY_SOURCE=2 -fPIC   -std=gnu99 -o CMakeFiles/olm.dir/src/ed25519.c.o   -c /<<PKGBUILDDIR>>/src/ed25519.c
[ 26%] Building C object CMakeFiles/olm.dir/src/error.c.o
/usr/bin/cc -DOLMLIB_VERSION_MAJOR=3 -DOLMLIB_VERSION_MINOR=1 -DOLMLIB_VERSION_PATCH=3 -Dolm_EXPORTS -I/<<PKGBUILDDIR>>/include -I/<<PKGBUILDDIR>>/lib  -g -O2 -fdebug-prefix-map=/<<PKGBUILDDIR>>=. -fstack-protector-strong -Wformat -Werror=format-security -Wdate-time -D_FORTIFY_SOURCE=2 -fPIC   -std=gnu99 -o CMakeFiles/olm.dir/src/error.c.o   -c /<<PKGBUILDDIR>>/src/error.c
[ 28%] Building C object CMakeFiles/olm.dir/src/inbound_group_session.c.o
/usr/bin/cc -DOLMLIB_VERSION_MAJOR=3 -DOLMLIB_VERSION_MINOR=1 -DOLMLIB_VERSION_PATCH=3 -Dolm_EXPORTS -I/<<PKGBUILDDIR>>/include -I/<<PKGBUILDDIR>>/lib  -g -O2 -fdebug-prefix-map=/<<PKGBUILDDIR>>=. -fstack-protector-strong -Wformat -Werror=format-security -Wdate-time -D_FORTIFY_SOURCE=2 -fPIC   -std=gnu99 -o CMakeFiles/olm.dir/src/inbound_group_session.c.o   -c /<<PKGBUILDDIR>>/src/inbound_group_session.c
[ 30%] Building C object CMakeFiles/olm.dir/src/megolm.c.o
/usr/bin/cc -DOLMLIB_VERSION_MAJOR=3 -DOLMLIB_VERSION_MINOR=1 -DOLMLIB_VERSION_PATCH=3 -Dolm_EXPORTS -I/<<PKGBUILDDIR>>/include -I/<<PKGBUILDDIR>>/lib  -g -O2 -fdebug-prefix-map=/<<PKGBUILDDIR>>=. -fstack-protector-strong -Wformat -Werror=format-security -Wdate-time -D_FORTIFY_SOURCE=2 -fPIC   -std=gnu99 -o CMakeFiles/olm.dir/src/megolm.c.o   -c /<<PKGBUILDDIR>>/src/megolm.c
[ 32%] Building CXX object CMakeFiles/olm.dir/src/olm.cpp.o
/usr/bin/c++  -DOLMLIB_VERSION_MAJOR=3 -DOLMLIB_VERSION_MINOR=1 -DOLMLIB_VERSION_PATCH=3 -Dolm_EXPORTS -I/<<PKGBUILDDIR>>/include -I/<<PKGBUILDDIR>>/lib  -g -O2 -fdebug-prefix-map=/<<PKGBUILDDIR>>=. -fstack-protector-strong -Wformat -Werror=format-security -Wdate-time -D_FORTIFY_SOURCE=2 -fPIC   -std=gnu++11 -o CMakeFiles/olm.dir/src/olm.cpp.o -c /<<PKGBUILDDIR>>/src/olm.cpp
[ 33%] Building C object CMakeFiles/olm.dir/src/outbound_group_session.c.o
/usr/bin/cc -DOLMLIB_VERSION_MAJOR=3 -DOLMLIB_VERSION_MINOR=1 -DOLMLIB_VERSION_PATCH=3 -Dolm_EXPORTS -I/<<PKGBUILDDIR>>/include -I/<<PKGBUILDDIR>>/lib  -g -O2 -fdebug-prefix-map=/<<PKGBUILDDIR>>=. -fstack-protector-strong -Wformat -Werror=format-security -Wdate-time -D_FORTIFY_SOURCE=2 -fPIC   -std=gnu99 -o CMakeFiles/olm.dir/src/outbound_group_session.c.o   -c /<<PKGBUILDDIR>>/src/outbound_group_session.c
[ 35%] Building C object CMakeFiles/olm.dir/src/pickle_encoding.c.o
/usr/bin/cc -DOLMLIB_VERSION_MAJOR=3 -DOLMLIB_VERSION_MINOR=1 -DOLMLIB_VERSION_PATCH=3 -Dolm_EXPORTS -I/<<PKGBUILDDIR>>/include -I/<<PKGBUILDDIR>>/lib  -g -O2 -fdebug-prefix-map=/<<PKGBUILDDIR>>=. -fstack-protector-strong -Wformat -Werror=format-security -Wdate-time -D_FORTIFY_SOURCE=2 -fPIC   -std=gnu99 -o CMakeFiles/olm.dir/src/pickle_encoding.c.o   -c /<<PKGBUILDDIR>>/src/pickle_encoding.c
[ 37%] Building C object CMakeFiles/olm.dir/lib/crypto-algorithms/aes.c.o
/usr/bin/cc -DOLMLIB_VERSION_MAJOR=3 -DOLMLIB_VERSION_MINOR=1 -DOLMLIB_VERSION_PATCH=3 -Dolm_EXPORTS -I/<<PKGBUILDDIR>>/include -I/<<PKGBUILDDIR>>/lib  -g -O2 -fdebug-prefix-map=/<<PKGBUILDDIR>>=. -fstack-protector-strong -Wformat -Werror=format-security -Wdate-time -D_FORTIFY_SOURCE=2 -fPIC   -std=gnu99 -o CMakeFiles/olm.dir/lib/crypto-algorithms/aes.c.o   -c /<<PKGBUILDDIR>>/lib/crypto-algorithms/aes.c
[ 39%] Building C object CMakeFiles/olm.dir/lib/crypto-algorithms/sha256.c.o
/usr/bin/cc -DOLMLIB_VERSION_MAJOR=3 -DOLMLIB_VERSION_MINOR=1 -DOLMLIB_VERSION_PATCH=3 -Dolm_EXPORTS -I/<<PKGBUILDDIR>>/include -I/<<PKGBUILDDIR>>/lib  -g -O2 -fdebug-prefix-map=/<<PKGBUILDDIR>>=. -fstack-protector-strong -Wformat -Werror=format-security -Wdate-time -D_FORTIFY_SOURCE=2 -fPIC   -std=gnu99 -o CMakeFiles/olm.dir/lib/crypto-algorithms/sha256.c.o   -c /<<PKGBUILDDIR>>/lib/crypto-algorithms/sha256.c
[ 41%] Building C object CMakeFiles/olm.dir/lib/curve25519-donna/curve25519-donna.c.o
/usr/bin/cc -DOLMLIB_VERSION_MAJOR=3 -DOLMLIB_VERSION_MINOR=1 -DOLMLIB_VERSION_PATCH=3 -Dolm_EXPORTS -I/<<PKGBUILDDIR>>/include -I/<<PKGBUILDDIR>>/lib  -g -O2 -fdebug-prefix-map=/<<PKGBUILDDIR>>=. -fstack-protector-strong -Wformat -Werror=format-security -Wdate-time -D_FORTIFY_SOURCE=2 -fPIC   -std=gnu99 -o CMakeFiles/olm.dir/lib/curve25519-donna/curve25519-donna.c.o   -c /<<PKGBUILDDIR>>/lib/curve25519-donna/curve25519-donna.c
[ 43%] Linking CXX shared library lib/x86_64-linux-gnu/libolm.so
/usr/bin/cmake -E cmake_link_script CMakeFiles/olm.dir/link.txt --verbose=1
/usr/bin/c++ -fPIC -g -O2 -fdebug-prefix-map=/<<PKGBUILDDIR>>=. -fstack-protector-strong -Wformat -Werror=format-security -Wdate-time -D_FORTIFY_SOURCE=2 -Wl,-z,relro -shared -Wl,-soname,libolm.so.3 -o lib/x86_64-linux-gnu/libolm.so.3.1.3 CMakeFiles/olm.dir/src/account.cpp.o CMakeFiles/olm.dir/src/base64.cpp.o CMakeFiles/olm.dir/src/cipher.cpp.o CMakeFiles/olm.dir/src/crypto.cpp.o CMakeFiles/olm.dir/src/memory.cpp.o CMakeFiles/olm.dir/src/message.cpp.o CMakeFiles/olm.dir/src/pickle.cpp.o CMakeFiles/olm.dir/src/ratchet.cpp.o CMakeFiles/olm.dir/src/session.cpp.o CMakeFiles/olm.dir/src/utility.cpp.o CMakeFiles/olm.dir/src/pk.cpp.o CMakeFiles/olm.dir/src/sas.c.o CMakeFiles/olm.dir/src/ed25519.c.o CMakeFiles/olm.dir/src/error.c.o CMakeFiles/olm.dir/src/inbound_group_session.c.o CMakeFiles/olm.dir/src/megolm.c.o CMakeFiles/olm.dir/src/olm.cpp.o CMakeFiles/olm.dir/src/outbound_group_session.c.o CMakeFiles/olm.dir/src/pickle_encoding.c.o CMakeFiles/olm.dir/lib/crypto-algorithms/aes.c.o CMakeFiles/olm.dir/lib/crypto-algorithms/sha256.c.o CMakeFiles/olm.dir/lib/curve25519-donna/curve25519-donna.c.o 
/usr/bin/cmake -E cmake_symlink_library lib/x86_64-linux-gnu/libolm.so.3.1.3 lib/x86_64-linux-gnu/libolm.so.3 lib/x86_64-linux-gnu/libolm.so
make[4]: Leaving directory '/<<PKGBUILDDIR>>/build'
[ 43%] Built target olm
make -f tests/CMakeFiles/test_ratchet.dir/build.make tests/CMakeFiles/test_ratchet.dir/depend
make -f tests/CMakeFiles/test_base64.dir/build.make tests/CMakeFiles/test_base64.dir/depend
make[4]: Entering directory '/<<PKGBUILDDIR>>/build'
cd /<<PKGBUILDDIR>>/build && /usr/bin/cmake -E cmake_depends "Unix Makefiles" /<<PKGBUILDDIR>> /<<PKGBUILDDIR>>/tests /<<PKGBUILDDIR>>/build /<<PKGBUILDDIR>>/build/tests /<<PKGBUILDDIR>>/build/tests/CMakeFiles/test_ratchet.dir/DependInfo.cmake --color=
make -f tests/CMakeFiles/test_sas.dir/build.make tests/CMakeFiles/test_sas.dir/depend
make[4]: Entering directory '/<<PKGBUILDDIR>>/build'
cd /<<PKGBUILDDIR>>/build && /usr/bin/cmake -E cmake_depends "Unix Makefiles" /<<PKGBUILDDIR>> /<<PKGBUILDDIR>>/tests /<<PKGBUILDDIR>>/build /<<PKGBUILDDIR>>/build/tests /<<PKGBUILDDIR>>/build/tests/CMakeFiles/test_base64.dir/DependInfo.cmake --color=
make -f tests/CMakeFiles/test_crypto.dir/build.make tests/CMakeFiles/test_crypto.dir/depend
make[4]: Entering directory '/<<PKGBUILDDIR>>/build'
cd /<<PKGBUILDDIR>>/build && /usr/bin/cmake -E cmake_depends "Unix Makefiles" /<<PKGBUILDDIR>> /<<PKGBUILDDIR>>/tests /<<PKGBUILDDIR>>/build /<<PKGBUILDDIR>>/build/tests /<<PKGBUILDDIR>>/build/tests/CMakeFiles/test_sas.dir/DependInfo.cmake --color=
make[4]: Entering directory '/<<PKGBUILDDIR>>/build'
cd /<<PKGBUILDDIR>>/build && /usr/bin/cmake -E cmake_depends "Unix Makefiles" /<<PKGBUILDDIR>> /<<PKGBUILDDIR>>/tests /<<PKGBUILDDIR>>/build /<<PKGBUILDDIR>>/build/tests /<<PKGBUILDDIR>>/build/tests/CMakeFiles/test_crypto.dir/DependInfo.cmake --color=
Scanning dependencies of target test_ratchet
Scanning dependencies of target test_crypto
Scanning dependencies of target test_sas
make[4]: Leaving directory '/<<PKGBUILDDIR>>/build'
make -f tests/CMakeFiles/test_ratchet.dir/build.make tests/CMakeFiles/test_ratchet.dir/build
Scanning dependencies of target test_base64
make[4]: Leaving directory '/<<PKGBUILDDIR>>/build'
make[4]: Leaving directory '/<<PKGBUILDDIR>>/build'
make -f tests/CMakeFiles/test_base64.dir/build.make tests/CMakeFiles/test_base64.dir/build
make[4]: Entering directory '/<<PKGBUILDDIR>>/build'
make[4]: Leaving directory '/<<PKGBUILDDIR>>/build'
make -f tests/CMakeFiles/test_sas.dir/build.make tests/CMakeFiles/test_sas.dir/build
make -f tests/CMakeFiles/test_crypto.dir/build.make tests/CMakeFiles/test_crypto.dir/build
make[4]: Entering directory '/<<PKGBUILDDIR>>/build'
make[4]: Entering directory '/<<PKGBUILDDIR>>/build'
make[4]: Entering directory '/<<PKGBUILDDIR>>/build'
[ 45%] Building CXX object tests/CMakeFiles/test_ratchet.dir/test_ratchet.cpp.o
cd /<<PKGBUILDDIR>>/build/tests && /usr/bin/c++  -DOLMLIB_VERSION_MAJOR=3 -DOLMLIB_VERSION_MINOR=1 -DOLMLIB_VERSION_PATCH=3 -I/<<PKGBUILDDIR>>/tests/include -I/<<PKGBUILDDIR>>/include  -g -O2 -fdebug-prefix-map=/<<PKGBUILDDIR>>=. -fstack-protector-strong -Wformat -Werror=format-security -Wdate-time -D_FORTIFY_SOURCE=2 -fPIE   -std=gnu++11 -o CMakeFiles/test_ratchet.dir/test_ratchet.cpp.o -c /<<PKGBUILDDIR>>/tests/test_ratchet.cpp
[ 47%] Building CXX object tests/CMakeFiles/test_crypto.dir/test_crypto.cpp.o
cd /<<PKGBUILDDIR>>/build/tests && /usr/bin/c++  -DOLMLIB_VERSION_MAJOR=3 -DOLMLIB_VERSION_MINOR=1 -DOLMLIB_VERSION_PATCH=3 -I/<<PKGBUILDDIR>>/tests/include -I/<<PKGBUILDDIR>>/include  -g -O2 -fdebug-prefix-map=/<<PKGBUILDDIR>>=. -fstack-protector-strong -Wformat -Werror=format-security -Wdate-time -D_FORTIFY_SOURCE=2 -fPIE   -std=gnu++11 -o CMakeFiles/test_crypto.dir/test_crypto.cpp.o -c /<<PKGBUILDDIR>>/tests/test_crypto.cpp
[ 49%] Building CXX object tests/CMakeFiles/test_sas.dir/test_sas.cpp.o
cd /<<PKGBUILDDIR>>/build/tests && /usr/bin/c++  -DOLMLIB_VERSION_MAJOR=3 -DOLMLIB_VERSION_MINOR=1 -DOLMLIB_VERSION_PATCH=3 -I/<<PKGBUILDDIR>>/tests/include -I/<<PKGBUILDDIR>>/include  -g -O2 -fdebug-prefix-map=/<<PKGBUILDDIR>>=. -fstack-protector-strong -Wformat -Werror=format-security -Wdate-time -D_FORTIFY_SOURCE=2 -fPIE   -std=gnu++11 -o CMakeFiles/test_sas.dir/test_sas.cpp.o -c /<<PKGBUILDDIR>>/tests/test_sas.cpp
[ 50%] Building CXX object tests/CMakeFiles/test_base64.dir/test_base64.cpp.o
cd /<<PKGBUILDDIR>>/build/tests && /usr/bin/c++  -DOLMLIB_VERSION_MAJOR=3 -DOLMLIB_VERSION_MINOR=1 -DOLMLIB_VERSION_PATCH=3 -I/<<PKGBUILDDIR>>/tests/include -I/<<PKGBUILDDIR>>/include  -g -O2 -fdebug-prefix-map=/<<PKGBUILDDIR>>=. -fstack-protector-strong -Wformat -Werror=format-security -Wdate-time -D_FORTIFY_SOURCE=2 -fPIE   -std=gnu++11 -o CMakeFiles/test_base64.dir/test_base64.cpp.o -c /<<PKGBUILDDIR>>/tests/test_base64.cpp
[ 52%] Linking CXX executable test_crypto
cd /<<PKGBUILDDIR>>/build/tests && /usr/bin/cmake -E cmake_link_script CMakeFiles/test_crypto.dir/link.txt --verbose=1
/usr/bin/c++  -g -O2 -fdebug-prefix-map=/<<PKGBUILDDIR>>=. -fstack-protector-strong -Wformat -Werror=format-security -Wdate-time -D_FORTIFY_SOURCE=2  -Wl,-z,relro CMakeFiles/test_crypto.dir/test_crypto.cpp.o  -o test_crypto  -Wl,-rpath,/<<PKGBUILDDIR>>/build/lib/x86_64-linux-gnu ../lib/x86_64-linux-gnu/libolm.so.3.1.3 
[ 54%] Linking CXX executable test_base64
cd /<<PKGBUILDDIR>>/build/tests && /usr/bin/cmake -E cmake_link_script CMakeFiles/test_base64.dir/link.txt --verbose=1
/usr/bin/c++  -g -O2 -fdebug-prefix-map=/<<PKGBUILDDIR>>=. -fstack-protector-strong -Wformat -Werror=format-security -Wdate-time -D_FORTIFY_SOURCE=2  -Wl,-z,relro CMakeFiles/test_base64.dir/test_base64.cpp.o  -o test_base64  -Wl,-rpath,/<<PKGBUILDDIR>>/build/lib/x86_64-linux-gnu ../lib/x86_64-linux-gnu/libolm.so.3.1.3 
make[4]: Leaving directory '/<<PKGBUILDDIR>>/build'
[ 54%] Built target test_crypto
make -f tests/CMakeFiles/test_olm_decrypt.dir/build.make tests/CMakeFiles/test_olm_decrypt.dir/depend
make[4]: Entering directory '/<<PKGBUILDDIR>>/build'
cd /<<PKGBUILDDIR>>/build && /usr/bin/cmake -E cmake_depends "Unix Makefiles" /<<PKGBUILDDIR>> /<<PKGBUILDDIR>>/tests /<<PKGBUILDDIR>>/build /<<PKGBUILDDIR>>/build/tests /<<PKGBUILDDIR>>/build/tests/CMakeFiles/test_olm_decrypt.dir/DependInfo.cmake --color=
make[4]: Leaving directory '/<<PKGBUILDDIR>>/build'
Scanning dependencies of target test_olm_decrypt
make[4]: Leaving directory '/<<PKGBUILDDIR>>/build'
make -f tests/CMakeFiles/test_olm_decrypt.dir/build.make tests/CMakeFiles/test_olm_decrypt.dir/build
make[4]: Entering directory '/<<PKGBUILDDIR>>/build'
[ 56%] Building CXX object tests/CMakeFiles/test_olm_decrypt.dir/test_olm_decrypt.cpp.o
cd /<<PKGBUILDDIR>>/build/tests && /usr/bin/c++  -DOLMLIB_VERSION_MAJOR=3 -DOLMLIB_VERSION_MINOR=1 -DOLMLIB_VERSION_PATCH=3 -I/<<PKGBUILDDIR>>/tests/include -I/<<PKGBUILDDIR>>/include  -g -O2 -fdebug-prefix-map=/<<PKGBUILDDIR>>=. -fstack-protector-strong -Wformat -Werror=format-security -Wdate-time -D_FORTIFY_SOURCE=2 -fPIE   -std=gnu++11 -o CMakeFiles/test_olm_decrypt.dir/test_olm_decrypt.cpp.o -c /<<PKGBUILDDIR>>/tests/test_olm_decrypt.cpp
[ 56%] Built target test_base64
make -f tests/CMakeFiles/test_group_session.dir/build.make tests/CMakeFiles/test_group_session.dir/depend
make[4]: Entering directory '/<<PKGBUILDDIR>>/build'
cd /<<PKGBUILDDIR>>/build && /usr/bin/cmake -E cmake_depends "Unix Makefiles" /<<PKGBUILDDIR>> /<<PKGBUILDDIR>>/tests /<<PKGBUILDDIR>>/build /<<PKGBUILDDIR>>/build/tests /<<PKGBUILDDIR>>/build/tests/CMakeFiles/test_group_session.dir/DependInfo.cmake --color=
[ 58%] Linking CXX executable test_sas
cd /<<PKGBUILDDIR>>/build/tests && /usr/bin/cmake -E cmake_link_script CMakeFiles/test_sas.dir/link.txt --verbose=1
/usr/bin/c++  -g -O2 -fdebug-prefix-map=/<<PKGBUILDDIR>>=. -fstack-protector-strong -Wformat -Werror=format-security -Wdate-time -D_FORTIFY_SOURCE=2  -Wl,-z,relro CMakeFiles/test_sas.dir/test_sas.cpp.o  -o test_sas  -Wl,-rpath,/<<PKGBUILDDIR>>/build/lib/x86_64-linux-gnu ../lib/x86_64-linux-gnu/libolm.so.3.1.3 
Scanning dependencies of target test_group_session
make[4]: Leaving directory '/<<PKGBUILDDIR>>/build'
make -f tests/CMakeFiles/test_group_session.dir/build.make tests/CMakeFiles/test_group_session.dir/build
make[4]: Entering directory '/<<PKGBUILDDIR>>/build'
[ 60%] Building CXX object tests/CMakeFiles/test_group_session.dir/test_group_session.cpp.o
cd /<<PKGBUILDDIR>>/build/tests && /usr/bin/c++  -DOLMLIB_VERSION_MAJOR=3 -DOLMLIB_VERSION_MINOR=1 -DOLMLIB_VERSION_PATCH=3 -I/<<PKGBUILDDIR>>/tests/include -I/<<PKGBUILDDIR>>/include  -g -O2 -fdebug-prefix-map=/<<PKGBUILDDIR>>=. -fstack-protector-strong -Wformat -Werror=format-security -Wdate-time -D_FORTIFY_SOURCE=2 -fPIE   -std=gnu++11 -o CMakeFiles/test_group_session.dir/test_group_session.cpp.o -c /<<PKGBUILDDIR>>/tests/test_group_session.cpp
[ 62%] Linking CXX executable test_ratchet
cd /<<PKGBUILDDIR>>/build/tests && /usr/bin/cmake -E cmake_link_script CMakeFiles/test_ratchet.dir/link.txt --verbose=1
/usr/bin/c++  -g -O2 -fdebug-prefix-map=/<<PKGBUILDDIR>>=. -fstack-protector-strong -Wformat -Werror=format-security -Wdate-time -D_FORTIFY_SOURCE=2  -Wl,-z,relro CMakeFiles/test_ratchet.dir/test_ratchet.cpp.o  -o test_ratchet  -Wl,-rpath,/<<PKGBUILDDIR>>/build/lib/x86_64-linux-gnu ../lib/x86_64-linux-gnu/libolm.so.3.1.3 
make[4]: Leaving directory '/<<PKGBUILDDIR>>/build'
[ 62%] Built target test_sas
make -f tests/CMakeFiles/test_message.dir/build.make tests/CMakeFiles/test_message.dir/depend
make[4]: Entering directory '/<<PKGBUILDDIR>>/build'
cd /<<PKGBUILDDIR>>/build && /usr/bin/cmake -E cmake_depends "Unix Makefiles" /<<PKGBUILDDIR>> /<<PKGBUILDDIR>>/tests /<<PKGBUILDDIR>>/build /<<PKGBUILDDIR>>/build/tests /<<PKGBUILDDIR>>/build/tests/CMakeFiles/test_message.dir/DependInfo.cmake --color=
make[4]: Leaving directory '/<<PKGBUILDDIR>>/build'
Scanning dependencies of target test_message
make[4]: Leaving directory '/<<PKGBUILDDIR>>/build'
make -f tests/CMakeFiles/test_message.dir/build.make tests/CMakeFiles/test_message.dir/build
make[4]: Entering directory '/<<PKGBUILDDIR>>/build'
[ 64%] Building CXX object tests/CMakeFiles/test_message.dir/test_message.cpp.o
cd /<<PKGBUILDDIR>>/build/tests && /usr/bin/c++  -DOLMLIB_VERSION_MAJOR=3 -DOLMLIB_VERSION_MINOR=1 -DOLMLIB_VERSION_PATCH=3 -I/<<PKGBUILDDIR>>/tests/include -I/<<PKGBUILDDIR>>/include  -g -O2 -fdebug-prefix-map=/<<PKGBUILDDIR>>=. -fstack-protector-strong -Wformat -Werror=format-security -Wdate-time -D_FORTIFY_SOURCE=2 -fPIE   -std=gnu++11 -o CMakeFiles/test_message.dir/test_message.cpp.o -c /<<PKGBUILDDIR>>/tests/test_message.cpp
[ 64%] Built target test_ratchet
make -f tests/CMakeFiles/test_megolm.dir/build.make tests/CMakeFiles/test_megolm.dir/depend
make[4]: Entering directory '/<<PKGBUILDDIR>>/build'
cd /<<PKGBUILDDIR>>/build && /usr/bin/cmake -E cmake_depends "Unix Makefiles" /<<PKGBUILDDIR>> /<<PKGBUILDDIR>>/tests /<<PKGBUILDDIR>>/build /<<PKGBUILDDIR>>/build/tests /<<PKGBUILDDIR>>/build/tests/CMakeFiles/test_megolm.dir/DependInfo.cmake --color=
Scanning dependencies of target test_megolm
make[4]: Leaving directory '/<<PKGBUILDDIR>>/build'
make -f tests/CMakeFiles/test_megolm.dir/build.make tests/CMakeFiles/test_megolm.dir/build
make[4]: Entering directory '/<<PKGBUILDDIR>>/build'
[ 66%] Building CXX object tests/CMakeFiles/test_megolm.dir/test_megolm.cpp.o
cd /<<PKGBUILDDIR>>/build/tests && /usr/bin/c++  -DOLMLIB_VERSION_MAJOR=3 -DOLMLIB_VERSION_MINOR=1 -DOLMLIB_VERSION_PATCH=3 -I/<<PKGBUILDDIR>>/tests/include -I/<<PKGBUILDDIR>>/include  -g -O2 -fdebug-prefix-map=/<<PKGBUILDDIR>>=. -fstack-protector-strong -Wformat -Werror=format-security -Wdate-time -D_FORTIFY_SOURCE=2 -fPIE   -std=gnu++11 -o CMakeFiles/test_megolm.dir/test_megolm.cpp.o -c /<<PKGBUILDDIR>>/tests/test_megolm.cpp
[ 67%] Linking CXX executable test_olm_decrypt
cd /<<PKGBUILDDIR>>/build/tests && /usr/bin/cmake -E cmake_link_script CMakeFiles/test_olm_decrypt.dir/link.txt --verbose=1
/usr/bin/c++  -g -O2 -fdebug-prefix-map=/<<PKGBUILDDIR>>=. -fstack-protector-strong -Wformat -Werror=format-security -Wdate-time -D_FORTIFY_SOURCE=2  -Wl,-z,relro CMakeFiles/test_olm_decrypt.dir/test_olm_decrypt.cpp.o  -o test_olm_decrypt  -Wl,-rpath,/<<PKGBUILDDIR>>/build/lib/x86_64-linux-gnu ../lib/x86_64-linux-gnu/libolm.so.3.1.3 
make[4]: Leaving directory '/<<PKGBUILDDIR>>/build'
[ 69%] Linking CXX executable test_group_session
cd /<<PKGBUILDDIR>>/build/tests && /usr/bin/cmake -E cmake_link_script CMakeFiles/test_group_session.dir/link.txt --verbose=1
/usr/bin/c++  -g -O2 -fdebug-prefix-map=/<<PKGBUILDDIR>>=. -fstack-protector-strong -Wformat -Werror=format-security -Wdate-time -D_FORTIFY_SOURCE=2  -Wl,-z,relro CMakeFiles/test_group_session.dir/test_group_session.cpp.o  -o test_group_session  -Wl,-rpath,/<<PKGBUILDDIR>>/build/lib/x86_64-linux-gnu ../lib/x86_64-linux-gnu/libolm.so.3.1.3 
[ 69%] Built target test_olm_decrypt
make -f tests/CMakeFiles/test_olm_using_malloc.dir/build.make tests/CMakeFiles/test_olm_using_malloc.dir/depend
make[4]: Entering directory '/<<PKGBUILDDIR>>/build'
cd /<<PKGBUILDDIR>>/build && /usr/bin/cmake -E cmake_depends "Unix Makefiles" /<<PKGBUILDDIR>> /<<PKGBUILDDIR>>/tests /<<PKGBUILDDIR>>/build /<<PKGBUILDDIR>>/build/tests /<<PKGBUILDDIR>>/build/tests/CMakeFiles/test_olm_using_malloc.dir/DependInfo.cmake --color=
Scanning dependencies of target test_olm_using_malloc
make[4]: Leaving directory '/<<PKGBUILDDIR>>/build'
make -f tests/CMakeFiles/test_olm_using_malloc.dir/build.make tests/CMakeFiles/test_olm_using_malloc.dir/build
make[4]: Entering directory '/<<PKGBUILDDIR>>/build'
[ 71%] Building CXX object tests/CMakeFiles/test_olm_using_malloc.dir/test_olm_using_malloc.cpp.o
cd /<<PKGBUILDDIR>>/build/tests && /usr/bin/c++  -DOLMLIB_VERSION_MAJOR=3 -DOLMLIB_VERSION_MINOR=1 -DOLMLIB_VERSION_PATCH=3 -I/<<PKGBUILDDIR>>/tests/include -I/<<PKGBUILDDIR>>/include  -g -O2 -fdebug-prefix-map=/<<PKGBUILDDIR>>=. -fstack-protector-strong -Wformat -Werror=format-security -Wdate-time -D_FORTIFY_SOURCE=2 -fPIE   -std=gnu++11 -o CMakeFiles/test_olm_using_malloc.dir/test_olm_using_malloc.cpp.o -c /<<PKGBUILDDIR>>/tests/test_olm_using_malloc.cpp
[ 73%] Linking CXX executable test_message
cd /<<PKGBUILDDIR>>/build/tests && /usr/bin/cmake -E cmake_link_script CMakeFiles/test_message.dir/link.txt --verbose=1
make[4]: Leaving directory '/<<PKGBUILDDIR>>/build'
/usr/bin/c++  -g -O2 -fdebug-prefix-map=/<<PKGBUILDDIR>>=. -fstack-protector-strong -Wformat -Werror=format-security -Wdate-time -D_FORTIFY_SOURCE=2  -Wl,-z,relro CMakeFiles/test_message.dir/test_message.cpp.o  -o test_message  -Wl,-rpath,/<<PKGBUILDDIR>>/build/lib/x86_64-linux-gnu ../lib/x86_64-linux-gnu/libolm.so.3.1.3 
[ 73%] Built target test_group_session
make -f tests/CMakeFiles/test_olm_sha256.dir/build.make tests/CMakeFiles/test_olm_sha256.dir/depend
[ 75%] Linking CXX executable test_megolm
cd /<<PKGBUILDDIR>>/build/tests && /usr/bin/cmake -E cmake_link_script CMakeFiles/test_megolm.dir/link.txt --verbose=1
make[4]: Entering directory '/<<PKGBUILDDIR>>/build'
cd /<<PKGBUILDDIR>>/build && /usr/bin/cmake -E cmake_depends "Unix Makefiles" /<<PKGBUILDDIR>> /<<PKGBUILDDIR>>/tests /<<PKGBUILDDIR>>/build /<<PKGBUILDDIR>>/build/tests /<<PKGBUILDDIR>>/build/tests/CMakeFiles/test_olm_sha256.dir/DependInfo.cmake --color=
/usr/bin/c++  -g -O2 -fdebug-prefix-map=/<<PKGBUILDDIR>>=. -fstack-protector-strong -Wformat -Werror=format-security -Wdate-time -D_FORTIFY_SOURCE=2  -Wl,-z,relro CMakeFiles/test_megolm.dir/test_megolm.cpp.o  -o test_megolm  -Wl,-rpath,/<<PKGBUILDDIR>>/build/lib/x86_64-linux-gnu ../lib/x86_64-linux-gnu/libolm.so.3.1.3 
Scanning dependencies of target test_olm_sha256
make[4]: Leaving directory '/<<PKGBUILDDIR>>/build'
make[4]: Leaving directory '/<<PKGBUILDDIR>>/build'
make -f tests/CMakeFiles/test_olm_sha256.dir/build.make tests/CMakeFiles/test_olm_sha256.dir/build
make[4]: Entering directory '/<<PKGBUILDDIR>>/build'
[ 77%] Building CXX object tests/CMakeFiles/test_olm_sha256.dir/test_olm_sha256.cpp.o
cd /<<PKGBUILDDIR>>/build/tests && /usr/bin/c++  -DOLMLIB_VERSION_MAJOR=3 -DOLMLIB_VERSION_MINOR=1 -DOLMLIB_VERSION_PATCH=3 -I/<<PKGBUILDDIR>>/tests/include -I/<<PKGBUILDDIR>>/include  -g -O2 -fdebug-prefix-map=/<<PKGBUILDDIR>>=. -fstack-protector-strong -Wformat -Werror=format-security -Wdate-time -D_FORTIFY_SOURCE=2 -fPIE   -std=gnu++11 -o CMakeFiles/test_olm_sha256.dir/test_olm_sha256.cpp.o -c /<<PKGBUILDDIR>>/tests/test_olm_sha256.cpp
[ 77%] Built target test_message
make -f tests/CMakeFiles/test_olm_signature.dir/build.make tests/CMakeFiles/test_olm_signature.dir/depend
make[4]: Entering directory '/<<PKGBUILDDIR>>/build'
cd /<<PKGBUILDDIR>>/build && /usr/bin/cmake -E cmake_depends "Unix Makefiles" /<<PKGBUILDDIR>> /<<PKGBUILDDIR>>/tests /<<PKGBUILDDIR>>/build /<<PKGBUILDDIR>>/build/tests /<<PKGBUILDDIR>>/build/tests/CMakeFiles/test_olm_signature.dir/DependInfo.cmake --color=
make[4]: Leaving directory '/<<PKGBUILDDIR>>/build'
Scanning dependencies of target test_olm_signature
[ 77%] Built target test_megolm
make -f tests/CMakeFiles/test_olm.dir/build.make tests/CMakeFiles/test_olm.dir/depend
make[4]: Leaving directory '/<<PKGBUILDDIR>>/build'
make -f tests/CMakeFiles/test_olm_signature.dir/build.make tests/CMakeFiles/test_olm_signature.dir/build
make[4]: Entering directory '/<<PKGBUILDDIR>>/build'
cd /<<PKGBUILDDIR>>/build && /usr/bin/cmake -E cmake_depends "Unix Makefiles" /<<PKGBUILDDIR>> /<<PKGBUILDDIR>>/tests /<<PKGBUILDDIR>>/build /<<PKGBUILDDIR>>/build/tests /<<PKGBUILDDIR>>/build/tests/CMakeFiles/test_olm.dir/DependInfo.cmake --color=
make[4]: Entering directory '/<<PKGBUILDDIR>>/build'
[ 79%] Building CXX object tests/CMakeFiles/test_olm_signature.dir/test_olm_signature.cpp.o
cd /<<PKGBUILDDIR>>/build/tests && /usr/bin/c++  -DOLMLIB_VERSION_MAJOR=3 -DOLMLIB_VERSION_MINOR=1 -DOLMLIB_VERSION_PATCH=3 -I/<<PKGBUILDDIR>>/tests/include -I/<<PKGBUILDDIR>>/include  -g -O2 -fdebug-prefix-map=/<<PKGBUILDDIR>>=. -fstack-protector-strong -Wformat -Werror=format-security -Wdate-time -D_FORTIFY_SOURCE=2 -fPIE   -std=gnu++11 -o CMakeFiles/test_olm_signature.dir/test_olm_signature.cpp.o -c /<<PKGBUILDDIR>>/tests/test_olm_signature.cpp
Scanning dependencies of target test_olm
make[4]: Leaving directory '/<<PKGBUILDDIR>>/build'
make -f tests/CMakeFiles/test_olm.dir/build.make tests/CMakeFiles/test_olm.dir/build
make[4]: Entering directory '/<<PKGBUILDDIR>>/build'
[ 81%] Building CXX object tests/CMakeFiles/test_olm.dir/test_olm.cpp.o
cd /<<PKGBUILDDIR>>/build/tests && /usr/bin/c++  -DOLMLIB_VERSION_MAJOR=3 -DOLMLIB_VERSION_MINOR=1 -DOLMLIB_VERSION_PATCH=3 -I/<<PKGBUILDDIR>>/tests/include -I/<<PKGBUILDDIR>>/include  -g -O2 -fdebug-prefix-map=/<<PKGBUILDDIR>>=. -fstack-protector-strong -Wformat -Werror=format-security -Wdate-time -D_FORTIFY_SOURCE=2 -fPIE   -std=gnu++11 -o CMakeFiles/test_olm.dir/test_olm.cpp.o -c /<<PKGBUILDDIR>>/tests/test_olm.cpp
[ 83%] Linking CXX executable test_olm_signature
cd /<<PKGBUILDDIR>>/build/tests && /usr/bin/cmake -E cmake_link_script CMakeFiles/test_olm_signature.dir/link.txt --verbose=1
[ 84%] Linking CXX executable test_olm_using_malloc
cd /<<PKGBUILDDIR>>/build/tests && /usr/bin/cmake -E cmake_link_script CMakeFiles/test_olm_using_malloc.dir/link.txt --verbose=1
[ 86%] Linking CXX executable test_olm_sha256
cd /<<PKGBUILDDIR>>/build/tests && /usr/bin/cmake -E cmake_link_script CMakeFiles/test_olm_sha256.dir/link.txt --verbose=1
/usr/bin/c++  -g -O2 -fdebug-prefix-map=/<<PKGBUILDDIR>>=. -fstack-protector-strong -Wformat -Werror=format-security -Wdate-time -D_FORTIFY_SOURCE=2  -Wl,-z,relro CMakeFiles/test_olm_signature.dir/test_olm_signature.cpp.o  -o test_olm_signature  -Wl,-rpath,/<<PKGBUILDDIR>>/build/lib/x86_64-linux-gnu ../lib/x86_64-linux-gnu/libolm.so.3.1.3 
/usr/bin/c++  -g -O2 -fdebug-prefix-map=/<<PKGBUILDDIR>>=. -fstack-protector-strong -Wformat -Werror=format-security -Wdate-time -D_FORTIFY_SOURCE=2  -Wl,-z,relro CMakeFiles/test_olm_sha256.dir/test_olm_sha256.cpp.o  -o test_olm_sha256  -Wl,-rpath,/<<PKGBUILDDIR>>/build/lib/x86_64-linux-gnu ../lib/x86_64-linux-gnu/libolm.so.3.1.3 
/usr/bin/c++  -g -O2 -fdebug-prefix-map=/<<PKGBUILDDIR>>=. -fstack-protector-strong -Wformat -Werror=format-security -Wdate-time -D_FORTIFY_SOURCE=2  -Wl,-z,relro CMakeFiles/test_olm_using_malloc.dir/test_olm_using_malloc.cpp.o  -o test_olm_using_malloc  -Wl,-rpath,/<<PKGBUILDDIR>>/build/lib/x86_64-linux-gnu ../lib/x86_64-linux-gnu/libolm.so.3.1.3 
make[4]: Leaving directory '/<<PKGBUILDDIR>>/build'
make[4]: Leaving directory '/<<PKGBUILDDIR>>/build'
make[4]: Leaving directory '/<<PKGBUILDDIR>>/build'
[ 86%] Built target test_olm_sha256
[ 86%] Built target test_olm_using_malloc
make -f tests/CMakeFiles/test_session.dir/build.make tests/CMakeFiles/test_session.dir/depend
make -f tests/CMakeFiles/test_list.dir/build.make tests/CMakeFiles/test_list.dir/depend
make[4]: Entering directory '/<<PKGBUILDDIR>>/build'
cd /<<PKGBUILDDIR>>/build && /usr/bin/cmake -E cmake_depends "Unix Makefiles" /<<PKGBUILDDIR>> /<<PKGBUILDDIR>>/tests /<<PKGBUILDDIR>>/build /<<PKGBUILDDIR>>/build/tests /<<PKGBUILDDIR>>/build/tests/CMakeFiles/test_session.dir/DependInfo.cmake --color=
make[4]: Entering directory '/<<PKGBUILDDIR>>/build'
cd /<<PKGBUILDDIR>>/build && /usr/bin/cmake -E cmake_depends "Unix Makefiles" /<<PKGBUILDDIR>> /<<PKGBUILDDIR>>/tests /<<PKGBUILDDIR>>/build /<<PKGBUILDDIR>>/build/tests /<<PKGBUILDDIR>>/build/tests/CMakeFiles/test_list.dir/DependInfo.cmake --color=
Scanning dependencies of target test_session
[ 86%] Built target test_olm_signature
make[4]: Leaving directory '/<<PKGBUILDDIR>>/build'
make -f tests/CMakeFiles/test_session.dir/build.make tests/CMakeFiles/test_session.dir/build
Scanning dependencies of target test_list
make[4]: Leaving directory '/<<PKGBUILDDIR>>/build'
make -f tests/CMakeFiles/test_list.dir/build.make tests/CMakeFiles/test_list.dir/build
make[4]: Entering directory '/<<PKGBUILDDIR>>/build'
make -f tests/CMakeFiles/test_pk.dir/build.make tests/CMakeFiles/test_pk.dir/depend
make[4]: Entering directory '/<<PKGBUILDDIR>>/build'
make[4]: Entering directory '/<<PKGBUILDDIR>>/build'
cd /<<PKGBUILDDIR>>/build && /usr/bin/cmake -E cmake_depends "Unix Makefiles" /<<PKGBUILDDIR>> /<<PKGBUILDDIR>>/tests /<<PKGBUILDDIR>>/build /<<PKGBUILDDIR>>/build/tests /<<PKGBUILDDIR>>/build/tests/CMakeFiles/test_pk.dir/DependInfo.cmake --color=
[ 88%] Building CXX object tests/CMakeFiles/test_session.dir/test_session.cpp.o
cd /<<PKGBUILDDIR>>/build/tests && /usr/bin/c++  -DOLMLIB_VERSION_MAJOR=3 -DOLMLIB_VERSION_MINOR=1 -DOLMLIB_VERSION_PATCH=3 -I/<<PKGBUILDDIR>>/tests/include -I/<<PKGBUILDDIR>>/include  -g -O2 -fdebug-prefix-map=/<<PKGBUILDDIR>>=. -fstack-protector-strong -Wformat -Werror=format-security -Wdate-time -D_FORTIFY_SOURCE=2 -fPIE   -std=gnu++11 -o CMakeFiles/test_session.dir/test_session.cpp.o -c /<<PKGBUILDDIR>>/tests/test_session.cpp
[ 90%] Building CXX object tests/CMakeFiles/test_list.dir/test_list.cpp.o
cd /<<PKGBUILDDIR>>/build/tests && /usr/bin/c++  -DOLMLIB_VERSION_MAJOR=3 -DOLMLIB_VERSION_MINOR=1 -DOLMLIB_VERSION_PATCH=3 -I/<<PKGBUILDDIR>>/tests/include -I/<<PKGBUILDDIR>>/include  -g -O2 -fdebug-prefix-map=/<<PKGBUILDDIR>>=. -fstack-protector-strong -Wformat -Werror=format-security -Wdate-time -D_FORTIFY_SOURCE=2 -fPIE   -std=gnu++11 -o CMakeFiles/test_list.dir/test_list.cpp.o -c /<<PKGBUILDDIR>>/tests/test_list.cpp
Scanning dependencies of target test_pk
make[4]: Leaving directory '/<<PKGBUILDDIR>>/build'
make -f tests/CMakeFiles/test_pk.dir/build.make tests/CMakeFiles/test_pk.dir/build
make[4]: Entering directory '/<<PKGBUILDDIR>>/build'
[ 92%] Building CXX object tests/CMakeFiles/test_pk.dir/test_pk.cpp.o
cd /<<PKGBUILDDIR>>/build/tests && /usr/bin/c++  -DOLMLIB_VERSION_MAJOR=3 -DOLMLIB_VERSION_MINOR=1 -DOLMLIB_VERSION_PATCH=3 -I/<<PKGBUILDDIR>>/tests/include -I/<<PKGBUILDDIR>>/include  -g -O2 -fdebug-prefix-map=/<<PKGBUILDDIR>>=. -fstack-protector-strong -Wformat -Werror=format-security -Wdate-time -D_FORTIFY_SOURCE=2 -fPIE   -std=gnu++11 -o CMakeFiles/test_pk.dir/test_pk.cpp.o -c /<<PKGBUILDDIR>>/tests/test_pk.cpp
[ 94%] Linking CXX executable test_session
cd /<<PKGBUILDDIR>>/build/tests && /usr/bin/cmake -E cmake_link_script CMakeFiles/test_session.dir/link.txt --verbose=1
/usr/bin/c++  -g -O2 -fdebug-prefix-map=/<<PKGBUILDDIR>>=. -fstack-protector-strong -Wformat -Werror=format-security -Wdate-time -D_FORTIFY_SOURCE=2  -Wl,-z,relro CMakeFiles/test_session.dir/test_session.cpp.o  -o test_session  -Wl,-rpath,/<<PKGBUILDDIR>>/build/lib/x86_64-linux-gnu ../lib/x86_64-linux-gnu/libolm.so.3.1.3 
[ 96%] Linking CXX executable test_list
cd /<<PKGBUILDDIR>>/build/tests && /usr/bin/cmake -E cmake_link_script CMakeFiles/test_list.dir/link.txt --verbose=1
/usr/bin/c++  -g -O2 -fdebug-prefix-map=/<<PKGBUILDDIR>>=. -fstack-protector-strong -Wformat -Werror=format-security -Wdate-time -D_FORTIFY_SOURCE=2  -Wl,-z,relro CMakeFiles/test_list.dir/test_list.cpp.o  -o test_list  -Wl,-rpath,/<<PKGBUILDDIR>>/build/lib/x86_64-linux-gnu ../lib/x86_64-linux-gnu/libolm.so.3.1.3 
make[4]: Leaving directory '/<<PKGBUILDDIR>>/build'
make[4]: Leaving directory '/<<PKGBUILDDIR>>/build'
[ 96%] Built target test_list
[ 96%] Built target test_session
[ 98%] Linking CXX executable test_pk
cd /<<PKGBUILDDIR>>/build/tests && /usr/bin/cmake -E cmake_link_script CMakeFiles/test_pk.dir/link.txt --verbose=1
[100%] Linking CXX executable test_olm
cd /<<PKGBUILDDIR>>/build/tests && /usr/bin/cmake -E cmake_link_script CMakeFiles/test_olm.dir/link.txt --verbose=1
/usr/bin/c++  -g -O2 -fdebug-prefix-map=/<<PKGBUILDDIR>>=. -fstack-protector-strong -Wformat -Werror=format-security -Wdate-time -D_FORTIFY_SOURCE=2  -Wl,-z,relro CMakeFiles/test_pk.dir/test_pk.cpp.o  -o test_pk  -Wl,-rpath,/<<PKGBUILDDIR>>/build/lib/x86_64-linux-gnu ../lib/x86_64-linux-gnu/libolm.so.3.1.3 
/usr/bin/c++  -g -O2 -fdebug-prefix-map=/<<PKGBUILDDIR>>=. -fstack-protector-strong -Wformat -Werror=format-security -Wdate-time -D_FORTIFY_SOURCE=2  -Wl,-z,relro CMakeFiles/test_olm.dir/test_olm.cpp.o  -o test_olm  -Wl,-rpath,/<<PKGBUILDDIR>>/build/lib/x86_64-linux-gnu ../lib/x86_64-linux-gnu/libolm.so.3.1.3 
make[4]: Leaving directory '/<<PKGBUILDDIR>>/build'
make[4]: Leaving directory '/<<PKGBUILDDIR>>/build'
[100%] Built target test_pk
[100%] Built target test_olm
make[3]: Leaving directory '/<<PKGBUILDDIR>>/build'
/usr/bin/cmake -E cmake_progress_start /<<PKGBUILDDIR>>/build/CMakeFiles 0
make[2]: Leaving directory '/<<PKGBUILDDIR>>/build'
cd build/tests && ctest .
Test project /<<PKGBUILDDIR>>/build/tests
      Start  1: Ratchet
 1/15 Test  #1: Ratchet ..........................   Passed    0.02 sec
      Start  2: Base64
 2/15 Test  #2: Base64 ...........................   Passed    0.00 sec
      Start  3: Crypto
 3/15 Test  #3: Crypto ...........................   Passed    0.00 sec
      Start  4: GroupSession
 4/15 Test  #4: GroupSession .....................   Passed    0.00 sec
      Start  5: List
 5/15 Test  #5: List .............................   Passed    0.00 sec
      Start  6: Megolm
 6/15 Test  #6: Megolm ...........................   Passed    0.00 sec
      Start  7: Message
 7/15 Test  #7: Message ..........................   Passed    0.00 sec
      Start  8: Olm
 8/15 Test  #8: Olm ..............................   Passed    0.06 sec
      Start  9: OlmDecrypt
 9/15 Test  #9: OlmDecrypt .......................   Passed    0.00 sec
      Start 10: OlmSha256
10/15 Test #10: OlmSha256 ........................   Passed    0.00 sec
      Start 11: OlmSignature
11/15 Test #11: OlmSignature .....................   Passed    0.00 sec
      Start 12: OlmUsingMalloc
12/15 Test #12: OlmUsingMalloc ...................   Passed    0.03 sec
      Start 13: Session
13/15 Test #13: Session ..........................   Passed    0.00 sec
      Start 14: PublicKey
14/15 Test #14: PublicKey ........................   Passed    0.00 sec
      Start 15: SAS
15/15 Test #15: SAS ..............................   Passed    0.00 sec

100% tests passed, 0 tests failed out of 15

Total Test time (real) =   0.15 sec
ln -s lib/x86_64-linux-gnu/libolm.so build/
cd python && make olm-python3
make[2]: Entering directory '/<<PKGBUILDDIR>>/python'
mkdir -p include/olm
cc -E -I dummy -I ../include ../include/olm/olm.h -o include/olm/olm.h
echo 'void *memset(void *s, int c, size_t n);' >> include/olm/olm.h
cc -E -I dummy -I ../include ../include/olm/pk.h -o include/olm/pk.h
cc -E -I dummy -I ../include ../include/olm/sas.h -o include/olm/sas.h
DEVELOP= python3 setup.py build
make[3]: Entering directory '/<<PKGBUILDDIR>>/python'
make[3]: Nothing to be done for 'headers'.
make[3]: Leaving directory '/<<PKGBUILDDIR>>/python'
running build
running build_py
creating build
creating build/lib.linux-x86_64-3.7
creating build/lib.linux-x86_64-3.7/olm
copying olm/__init__.py -> build/lib.linux-x86_64-3.7/olm
copying olm/_compat.py -> build/lib.linux-x86_64-3.7/olm
copying olm/__version__.py -> build/lib.linux-x86_64-3.7/olm
copying olm/sas.py -> build/lib.linux-x86_64-3.7/olm
copying olm/pk.py -> build/lib.linux-x86_64-3.7/olm
copying olm/session.py -> build/lib.linux-x86_64-3.7/olm
copying olm/account.py -> build/lib.linux-x86_64-3.7/olm
copying olm/_finalize.py -> build/lib.linux-x86_64-3.7/olm
copying olm/group_session.py -> build/lib.linux-x86_64-3.7/olm
copying olm/utility.py -> build/lib.linux-x86_64-3.7/olm
running build_ext
generating cffi module 'build/temp.linux-x86_64-3.7/_libolm.c'
creating build/temp.linux-x86_64-3.7
building '_libolm' extension
creating build/temp.linux-x86_64-3.7/build
creating build/temp.linux-x86_64-3.7/build/temp.linux-x86_64-3.7
x86_64-linux-gnu-gcc -pthread -Wno-unused-result -Wsign-compare -DNDEBUG -g -fwrapv -O2 -Wall -g -fstack-protector-strong -Wformat -Werror=format-security -g -fwrapv -O2 -g -O2 -fdebug-prefix-map=/<<PKGBUILDDIR>>=. -fstack-protector-strong -Wformat -Werror=format-security -Wdate-time -D_FORTIFY_SOURCE=2 -fPIC -I/usr/include/python3.7m -c build/temp.linux-x86_64-3.7/_libolm.c -o build/temp.linux-x86_64-3.7/build/temp.linux-x86_64-3.7/_libolm.o -I../include
x86_64-linux-gnu-gcc -pthread -shared -Wl,-O1 -Wl,-Bsymbolic-functions -Wl,-z,relro -Wl,-z,relro -g -O2 -fdebug-prefix-map=/<<PKGBUILDDIR>>=. -fstack-protector-strong -Wformat -Werror=format-security -Wdate-time -D_FORTIFY_SOURCE=2 build/temp.linux-x86_64-3.7/build/temp.linux-x86_64-3.7/_libolm.o -lolm -o build/lib.linux-x86_64-3.7/_libolm.abi3.so -L../build
make[2]: Leaving directory '/<<PKGBUILDDIR>>/python'
make[1]: Leaving directory '/<<PKGBUILDDIR>>'
   dh_auto_test -O-Scmake -O-Bbuild
   create-stamp debian/debhelper-build-stamp
 fakeroot debian/rules binary
dh binary --with python3 -Scmake -Bbuild
   dh_testroot -O-Scmake -O-Bbuild
   dh_prep -O-Scmake -O-Bbuild
   dh_installdirs -O-Scmake -O-Bbuild
   debian/rules override_dh_auto_install
make[1]: Entering directory '/<<PKGBUILDDIR>>'
dh_auto_install -Scmake -Bbuild
	cd build && make -j4 install DESTDIR=/<<BUILDDIR>>/olm-3.1.3\+dfsg/debian/tmp AM_UPDATE_INFO_DIR=no
make[2]: Entering directory '/<<PKGBUILDDIR>>/build'
/usr/bin/cmake -S/<<PKGBUILDDIR>> -B/<<PKGBUILDDIR>>/build --check-build-system CMakeFiles/Makefile.cmake 0
/usr/bin/cmake -E cmake_progress_start /<<PKGBUILDDIR>>/build/CMakeFiles /<<PKGBUILDDIR>>/build/CMakeFiles/progress.marks
make -f CMakeFiles/Makefile2 all
make[3]: Entering directory '/<<PKGBUILDDIR>>/build'
make -f CMakeFiles/olm.dir/build.make CMakeFiles/olm.dir/depend
make[4]: Entering directory '/<<PKGBUILDDIR>>/build'
cd /<<PKGBUILDDIR>>/build && /usr/bin/cmake -E cmake_depends "Unix Makefiles" /<<PKGBUILDDIR>> /<<PKGBUILDDIR>> /<<PKGBUILDDIR>>/build /<<PKGBUILDDIR>>/build /<<PKGBUILDDIR>>/build/CMakeFiles/olm.dir/DependInfo.cmake --color=
make[4]: Leaving directory '/<<PKGBUILDDIR>>/build'
make -f CMakeFiles/olm.dir/build.make CMakeFiles/olm.dir/build
make[4]: Entering directory '/<<PKGBUILDDIR>>/build'
make[4]: Nothing to be done for 'CMakeFiles/olm.dir/build'.
make[4]: Leaving directory '/<<PKGBUILDDIR>>/build'
[ 43%] Built target olm
make -f tests/CMakeFiles/test_ratchet.dir/build.make tests/CMakeFiles/test_ratchet.dir/depend
make -f tests/CMakeFiles/test_base64.dir/build.make tests/CMakeFiles/test_base64.dir/depend
make -f tests/CMakeFiles/test_sas.dir/build.make tests/CMakeFiles/test_sas.dir/depend
make -f tests/CMakeFiles/test_crypto.dir/build.make tests/CMakeFiles/test_crypto.dir/depend
make[4]: Entering directory '/<<PKGBUILDDIR>>/build'
cd /<<PKGBUILDDIR>>/build && /usr/bin/cmake -E cmake_depends "Unix Makefiles" /<<PKGBUILDDIR>> /<<PKGBUILDDIR>>/tests /<<PKGBUILDDIR>>/build /<<PKGBUILDDIR>>/build/tests /<<PKGBUILDDIR>>/build/tests/CMakeFiles/test_ratchet.dir/DependInfo.cmake --color=
make[4]: Entering directory '/<<PKGBUILDDIR>>/build'
cd /<<PKGBUILDDIR>>/build && /usr/bin/cmake -E cmake_depends "Unix Makefiles" /<<PKGBUILDDIR>> /<<PKGBUILDDIR>>/tests /<<PKGBUILDDIR>>/build /<<PKGBUILDDIR>>/build/tests /<<PKGBUILDDIR>>/build/tests/CMakeFiles/test_base64.dir/DependInfo.cmake --color=
make[4]: Entering directory '/<<PKGBUILDDIR>>/build'
make[4]: Entering directory '/<<PKGBUILDDIR>>/build'
cd /<<PKGBUILDDIR>>/build && /usr/bin/cmake -E cmake_depends "Unix Makefiles" /<<PKGBUILDDIR>> /<<PKGBUILDDIR>>/tests /<<PKGBUILDDIR>>/build /<<PKGBUILDDIR>>/build/tests /<<PKGBUILDDIR>>/build/tests/CMakeFiles/test_crypto.dir/DependInfo.cmake --color=
cd /<<PKGBUILDDIR>>/build && /usr/bin/cmake -E cmake_depends "Unix Makefiles" /<<PKGBUILDDIR>> /<<PKGBUILDDIR>>/tests /<<PKGBUILDDIR>>/build /<<PKGBUILDDIR>>/build/tests /<<PKGBUILDDIR>>/build/tests/CMakeFiles/test_sas.dir/DependInfo.cmake --color=
make[4]: Leaving directory '/<<PKGBUILDDIR>>/build'
make -f tests/CMakeFiles/test_base64.dir/build.make tests/CMakeFiles/test_base64.dir/build
make[4]: Leaving directory '/<<PKGBUILDDIR>>/build'
make[4]: Leaving directory '/<<PKGBUILDDIR>>/build'
make -f tests/CMakeFiles/test_ratchet.dir/build.make tests/CMakeFiles/test_ratchet.dir/build
make[4]: Leaving directory '/<<PKGBUILDDIR>>/build'
make -f tests/CMakeFiles/test_crypto.dir/build.make tests/CMakeFiles/test_crypto.dir/build
make -f tests/CMakeFiles/test_sas.dir/build.make tests/CMakeFiles/test_sas.dir/build
make[4]: Entering directory '/<<PKGBUILDDIR>>/build'
make[4]: Nothing to be done for 'tests/CMakeFiles/test_ratchet.dir/build'.
make[4]: Leaving directory '/<<PKGBUILDDIR>>/build'
make[4]: Entering directory '/<<PKGBUILDDIR>>/build'
make[4]: Nothing to be done for 'tests/CMakeFiles/test_crypto.dir/build'.
make[4]: Leaving directory '/<<PKGBUILDDIR>>/build'
make[4]: Entering directory '/<<PKGBUILDDIR>>/build'
make[4]: Entering directory '/<<PKGBUILDDIR>>/build'
make[4]: Nothing to be done for 'tests/CMakeFiles/test_sas.dir/build'.
make[4]: Leaving directory '/<<PKGBUILDDIR>>/build'
make[4]: Nothing to be done for 'tests/CMakeFiles/test_base64.dir/build'.
make[4]: Leaving directory '/<<PKGBUILDDIR>>/build'
[ 47%] Built target test_ratchet
make -f tests/CMakeFiles/test_olm_decrypt.dir/build.make tests/CMakeFiles/test_olm_decrypt.dir/depend
make[4]: Entering directory '/<<PKGBUILDDIR>>/build'
cd /<<PKGBUILDDIR>>/build && /usr/bin/cmake -E cmake_depends "Unix Makefiles" /<<PKGBUILDDIR>> /<<PKGBUILDDIR>>/tests /<<PKGBUILDDIR>>/build /<<PKGBUILDDIR>>/build/tests /<<PKGBUILDDIR>>/build/tests/CMakeFiles/test_olm_decrypt.dir/DependInfo.cmake --color=
[ 50%] Built target test_sas
make -f tests/CMakeFiles/test_group_session.dir/build.make tests/CMakeFiles/test_group_session.dir/depend
[ 58%] Built target test_crypto
[ 58%] Built target test_base64
make -f tests/CMakeFiles/test_message.dir/build.make tests/CMakeFiles/test_message.dir/depend
make -f tests/CMakeFiles/test_megolm.dir/build.make tests/CMakeFiles/test_megolm.dir/depend
make[4]: Entering directory '/<<PKGBUILDDIR>>/build'
cd /<<PKGBUILDDIR>>/build && /usr/bin/cmake -E cmake_depends "Unix Makefiles" /<<PKGBUILDDIR>> /<<PKGBUILDDIR>>/tests /<<PKGBUILDDIR>>/build /<<PKGBUILDDIR>>/build/tests /<<PKGBUILDDIR>>/build/tests/CMakeFiles/test_group_session.dir/DependInfo.cmake --color=
make[4]: Entering directory '/<<PKGBUILDDIR>>/build'
cd /<<PKGBUILDDIR>>/build && /usr/bin/cmake -E cmake_depends "Unix Makefiles" /<<PKGBUILDDIR>> /<<PKGBUILDDIR>>/tests /<<PKGBUILDDIR>>/build /<<PKGBUILDDIR>>/build/tests /<<PKGBUILDDIR>>/build/tests/CMakeFiles/test_message.dir/DependInfo.cmake --color=
make[4]: Entering directory '/<<PKGBUILDDIR>>/build'
cd /<<PKGBUILDDIR>>/build && /usr/bin/cmake -E cmake_depends "Unix Makefiles" /<<PKGBUILDDIR>> /<<PKGBUILDDIR>>/tests /<<PKGBUILDDIR>>/build /<<PKGBUILDDIR>>/build/tests /<<PKGBUILDDIR>>/build/tests/CMakeFiles/test_megolm.dir/DependInfo.cmake --color=
make[4]: Leaving directory '/<<PKGBUILDDIR>>/build'
make -f tests/CMakeFiles/test_olm_decrypt.dir/build.make tests/CMakeFiles/test_olm_decrypt.dir/build
make[4]: Entering directory '/<<PKGBUILDDIR>>/build'
make[4]: Nothing to be done for 'tests/CMakeFiles/test_olm_decrypt.dir/build'.
make[4]: Leaving directory '/<<PKGBUILDDIR>>/build'
make[4]: Leaving directory '/<<PKGBUILDDIR>>/build'
make[4]: Leaving directory '/<<PKGBUILDDIR>>/build'
make -f tests/CMakeFiles/test_group_session.dir/build.make tests/CMakeFiles/test_group_session.dir/build
make -f tests/CMakeFiles/test_megolm.dir/build.make tests/CMakeFiles/test_megolm.dir/build
make[4]: Leaving directory '/<<PKGBUILDDIR>>/build'
make[4]: Entering directory '/<<PKGBUILDDIR>>/build'
make[4]: Nothing to be done for 'tests/CMakeFiles/test_group_session.dir/build'.
make[4]: Leaving directory '/<<PKGBUILDDIR>>/build'
make -f tests/CMakeFiles/test_message.dir/build.make tests/CMakeFiles/test_message.dir/build
make[4]: Entering directory '/<<PKGBUILDDIR>>/build'
make[4]: Entering directory '/<<PKGBUILDDIR>>/build'
make[4]: Nothing to be done for 'tests/CMakeFiles/test_megolm.dir/build'.
make[4]: Leaving directory '/<<PKGBUILDDIR>>/build'
make[4]: Nothing to be done for 'tests/CMakeFiles/test_message.dir/build'.
make[4]: Leaving directory '/<<PKGBUILDDIR>>/build'
[ 62%] Built target test_olm_decrypt
make -f tests/CMakeFiles/test_olm_using_malloc.dir/build.make tests/CMakeFiles/test_olm_using_malloc.dir/depend
[ 66%] Built target test_message
[ 73%] Built target test_group_session
[ 73%] Built target test_megolm
make[4]: Entering directory '/<<PKGBUILDDIR>>/build'
cd /<<PKGBUILDDIR>>/build && /usr/bin/cmake -E cmake_depends "Unix Makefiles" /<<PKGBUILDDIR>> /<<PKGBUILDDIR>>/tests /<<PKGBUILDDIR>>/build /<<PKGBUILDDIR>>/build/tests /<<PKGBUILDDIR>>/build/tests/CMakeFiles/test_olm_using_malloc.dir/DependInfo.cmake --color=
make -f tests/CMakeFiles/test_olm_sha256.dir/build.make tests/CMakeFiles/test_olm_sha256.dir/depend
make -f tests/CMakeFiles/test_olm_signature.dir/build.make tests/CMakeFiles/test_olm_signature.dir/depend
make -f tests/CMakeFiles/test_olm.dir/build.make tests/CMakeFiles/test_olm.dir/depend
make[4]: Entering directory '/<<PKGBUILDDIR>>/build'
make[4]: Entering directory '/<<PKGBUILDDIR>>/build'
cd /<<PKGBUILDDIR>>/build && /usr/bin/cmake -E cmake_depends "Unix Makefiles" /<<PKGBUILDDIR>> /<<PKGBUILDDIR>>/tests /<<PKGBUILDDIR>>/build /<<PKGBUILDDIR>>/build/tests /<<PKGBUILDDIR>>/build/tests/CMakeFiles/test_olm.dir/DependInfo.cmake --color=
make[4]: Entering directory '/<<PKGBUILDDIR>>/build'
cd /<<PKGBUILDDIR>>/build && /usr/bin/cmake -E cmake_depends "Unix Makefiles" /<<PKGBUILDDIR>> /<<PKGBUILDDIR>>/tests /<<PKGBUILDDIR>>/build /<<PKGBUILDDIR>>/build/tests /<<PKGBUILDDIR>>/build/tests/CMakeFiles/test_olm_sha256.dir/DependInfo.cmake --color=
cd /<<PKGBUILDDIR>>/build && /usr/bin/cmake -E cmake_depends "Unix Makefiles" /<<PKGBUILDDIR>> /<<PKGBUILDDIR>>/tests /<<PKGBUILDDIR>>/build /<<PKGBUILDDIR>>/build/tests /<<PKGBUILDDIR>>/build/tests/CMakeFiles/test_olm_signature.dir/DependInfo.cmake --color=
make[4]: Leaving directory '/<<PKGBUILDDIR>>/build'
make -f tests/CMakeFiles/test_olm_sha256.dir/build.make tests/CMakeFiles/test_olm_sha256.dir/build
make[4]: Leaving directory '/<<PKGBUILDDIR>>/build'
make -f tests/CMakeFiles/test_olm_using_malloc.dir/build.make tests/CMakeFiles/test_olm_using_malloc.dir/build
make[4]: Leaving directory '/<<PKGBUILDDIR>>/build'
make -f tests/CMakeFiles/test_olm_signature.dir/build.make tests/CMakeFiles/test_olm_signature.dir/build
make[4]: Entering directory '/<<PKGBUILDDIR>>/build'
make[4]: Nothing to be done for 'tests/CMakeFiles/test_olm_sha256.dir/build'.
make[4]: Leaving directory '/<<PKGBUILDDIR>>/build'
make[4]: Entering directory '/<<PKGBUILDDIR>>/build'
make[4]: Nothing to be done for 'tests/CMakeFiles/test_olm_using_malloc.dir/build'.
make[4]: Leaving directory '/<<PKGBUILDDIR>>/build'
make[4]: Entering directory '/<<PKGBUILDDIR>>/build'
make[4]: Nothing to be done for 'tests/CMakeFiles/test_olm_signature.dir/build'.
make[4]: Leaving directory '/<<PKGBUILDDIR>>/build'
make[4]: Leaving directory '/<<PKGBUILDDIR>>/build'
make -f tests/CMakeFiles/test_olm.dir/build.make tests/CMakeFiles/test_olm.dir/build
[ 79%] Built target test_olm_sha256
[ 81%] Built target test_olm_signature
make -f tests/CMakeFiles/test_session.dir/build.make tests/CMakeFiles/test_session.dir/depend
make -f tests/CMakeFiles/test_list.dir/build.make tests/CMakeFiles/test_list.dir/depend
make[4]: Entering directory '/<<PKGBUILDDIR>>/build'
make[4]: Nothing to be done for 'tests/CMakeFiles/test_olm.dir/build'.
make[4]: Leaving directory '/<<PKGBUILDDIR>>/build'
make[4]: Entering directory '/<<PKGBUILDDIR>>/build'
cd /<<PKGBUILDDIR>>/build && /usr/bin/cmake -E cmake_depends "Unix Makefiles" /<<PKGBUILDDIR>> /<<PKGBUILDDIR>>/tests /<<PKGBUILDDIR>>/build /<<PKGBUILDDIR>>/build/tests /<<PKGBUILDDIR>>/build/tests/CMakeFiles/test_session.dir/DependInfo.cmake --color=
make[4]: Entering directory '/<<PKGBUILDDIR>>/build'
cd /<<PKGBUILDDIR>>/build && /usr/bin/cmake -E cmake_depends "Unix Makefiles" /<<PKGBUILDDIR>> /<<PKGBUILDDIR>>/tests /<<PKGBUILDDIR>>/build /<<PKGBUILDDIR>>/build/tests /<<PKGBUILDDIR>>/build/tests/CMakeFiles/test_list.dir/DependInfo.cmake --color=
[ 84%] Built target test_olm_using_malloc
make -f tests/CMakeFiles/test_pk.dir/build.make tests/CMakeFiles/test_pk.dir/depend
make[4]: Entering directory '/<<PKGBUILDDIR>>/build'
cd /<<PKGBUILDDIR>>/build && /usr/bin/cmake -E cmake_depends "Unix Makefiles" /<<PKGBUILDDIR>> /<<PKGBUILDDIR>>/tests /<<PKGBUILDDIR>>/build /<<PKGBUILDDIR>>/build/tests /<<PKGBUILDDIR>>/build/tests/CMakeFiles/test_pk.dir/DependInfo.cmake --color=
make[4]: Leaving directory '/<<PKGBUILDDIR>>/build'
make[4]: Leaving directory '/<<PKGBUILDDIR>>/build'
make -f tests/CMakeFiles/test_session.dir/build.make tests/CMakeFiles/test_session.dir/build
make -f tests/CMakeFiles/test_list.dir/build.make tests/CMakeFiles/test_list.dir/build
make[4]: Leaving directory '/<<PKGBUILDDIR>>/build'
make[4]: Entering directory '/<<PKGBUILDDIR>>/build'
make[4]: Nothing to be done for 'tests/CMakeFiles/test_session.dir/build'.
make[4]: Leaving directory '/<<PKGBUILDDIR>>/build'
make -f tests/CMakeFiles/test_pk.dir/build.make tests/CMakeFiles/test_pk.dir/build
[ 88%] Built target test_olm
make[4]: Entering directory '/<<PKGBUILDDIR>>/build'
make[4]: Nothing to be done for 'tests/CMakeFiles/test_list.dir/build'.
make[4]: Leaving directory '/<<PKGBUILDDIR>>/build'
make[4]: Entering directory '/<<PKGBUILDDIR>>/build'
make[4]: Nothing to be done for 'tests/CMakeFiles/test_pk.dir/build'.
make[4]: Leaving directory '/<<PKGBUILDDIR>>/build'
[ 92%] Built target test_list
[ 96%] Built target test_session
[100%] Built target test_pk
make[3]: Leaving directory '/<<PKGBUILDDIR>>/build'
/usr/bin/cmake -E cmake_progress_start /<<PKGBUILDDIR>>/build/CMakeFiles 0
make -f CMakeFiles/Makefile2 preinstall
make[3]: Entering directory '/<<PKGBUILDDIR>>/build'
make[3]: Nothing to be done for 'preinstall'.
make[3]: Leaving directory '/<<PKGBUILDDIR>>/build'
Install the project...
/usr/bin/cmake -P cmake_install.cmake
-- Install configuration: "None"
-- Installing: /<<PKGBUILDDIR>>/debian/tmp/usr/lib/x86_64-linux-gnu/libolm.so.3.1.3
-- Installing: /<<PKGBUILDDIR>>/debian/tmp/usr/lib/x86_64-linux-gnu/libolm.so.3
-- Installing: /<<PKGBUILDDIR>>/debian/tmp/usr/lib/x86_64-linux-gnu/libolm.so
-- Installing: /<<PKGBUILDDIR>>/debian/tmp/usr/include/olm/olm.h
-- Installing: /<<PKGBUILDDIR>>/debian/tmp/usr/include/olm/outbound_group_session.h
-- Installing: /<<PKGBUILDDIR>>/debian/tmp/usr/include/olm/inbound_group_session.h
-- Installing: /<<PKGBUILDDIR>>/debian/tmp/usr/include/olm/pk.h
-- Installing: /<<PKGBUILDDIR>>/debian/tmp/usr/include/olm/sas.h
-- Installing: /<<PKGBUILDDIR>>/debian/tmp/usr/lib/x86_64-linux-gnu/cmake/Olm/OlmTargets.cmake
-- Installing: /<<PKGBUILDDIR>>/debian/tmp/usr/lib/x86_64-linux-gnu/cmake/Olm/OlmTargets-none.cmake
-- Installing: /<<PKGBUILDDIR>>/debian/tmp/usr/lib/x86_64-linux-gnu/cmake/Olm/OlmConfig.cmake
-- Installing: /<<PKGBUILDDIR>>/debian/tmp/usr/lib/x86_64-linux-gnu/cmake/Olm/OlmConfigVersion.cmake
make[2]: Leaving directory '/<<PKGBUILDDIR>>/build'
ln -s libolm.so.3 debian/tmp/usr/lib/x86_64-linux-gnu/libolm.so.2
mkdir -p /<<PKGBUILDDIR>>/debian/python3-olm
cd python && make headers
make[2]: Entering directory '/<<PKGBUILDDIR>>/python'
make[2]: Nothing to be done for 'headers'.
make[2]: Leaving directory '/<<PKGBUILDDIR>>/python'
for v in `py3versions -vr`; do \
  cd /<<PKGBUILDDIR>>/python; \
  python$v setup.py install -O1 --root=/<<PKGBUILDDIR>>/debian/python3-olm/ --install-layout=deb; \
done
py3versions: no X-Python3-Version in control file, using supported versions
make[2]: Entering directory '/<<PKGBUILDDIR>>/python'
make[2]: Nothing to be done for 'headers'.
make[2]: Leaving directory '/<<PKGBUILDDIR>>/python'
running install
running build
running build_py
creating build/lib.linux-x86_64-3.8
creating build/lib.linux-x86_64-3.8/olm
copying olm/__init__.py -> build/lib.linux-x86_64-3.8/olm
copying olm/_compat.py -> build/lib.linux-x86_64-3.8/olm
copying olm/__version__.py -> build/lib.linux-x86_64-3.8/olm
copying olm/sas.py -> build/lib.linux-x86_64-3.8/olm
copying olm/pk.py -> build/lib.linux-x86_64-3.8/olm
copying olm/session.py -> build/lib.linux-x86_64-3.8/olm
copying olm/account.py -> build/lib.linux-x86_64-3.8/olm
copying olm/_finalize.py -> build/lib.linux-x86_64-3.8/olm
copying olm/group_session.py -> build/lib.linux-x86_64-3.8/olm
copying olm/utility.py -> build/lib.linux-x86_64-3.8/olm
running build_ext
generating cffi module 'build/temp.linux-x86_64-3.8/_libolm.c'
creating build/temp.linux-x86_64-3.8
building '_libolm' extension
creating build/temp.linux-x86_64-3.8/build
creating build/temp.linux-x86_64-3.8/build/temp.linux-x86_64-3.8
x86_64-linux-gnu-gcc -pthread -Wno-unused-result -Wsign-compare -DNDEBUG -g -fwrapv -O2 -Wall -g -fstack-protector-strong -Wformat -Werror=format-security -g -fwrapv -O2 -g -O2 -fdebug-prefix-map=/<<PKGBUILDDIR>>=. -fstack-protector-strong -Wformat -Werror=format-security -Wdate-time -D_FORTIFY_SOURCE=2 -fPIC -I/usr/include/python3.8 -c build/temp.linux-x86_64-3.8/_libolm.c -o build/temp.linux-x86_64-3.8/build/temp.linux-x86_64-3.8/_libolm.o -I../include
x86_64-linux-gnu-gcc -pthread -shared -Wl,-O1 -Wl,-Bsymbolic-functions -Wl,-z,relro -g -fwrapv -O2 -Wl,-z,relro -g -O2 -fdebug-prefix-map=/<<PKGBUILDDIR>>=. -fstack-protector-strong -Wformat -Werror=format-security -Wdate-time -D_FORTIFY_SOURCE=2 build/temp.linux-x86_64-3.8/build/temp.linux-x86_64-3.8/_libolm.o -lolm -o build/lib.linux-x86_64-3.8/_libolm.abi3.so -L../build
running install_lib
creating /<<PKGBUILDDIR>>/debian/python3-olm/usr
creating /<<PKGBUILDDIR>>/debian/python3-olm/usr/lib
creating /<<PKGBUILDDIR>>/debian/python3-olm/usr/lib/python3
creating /<<PKGBUILDDIR>>/debian/python3-olm/usr/lib/python3/dist-packages
creating /<<PKGBUILDDIR>>/debian/python3-olm/usr/lib/python3/dist-packages/olm
copying build/lib.linux-x86_64-3.8/olm/__init__.py -> /<<PKGBUILDDIR>>/debian/python3-olm/usr/lib/python3/dist-packages/olm
copying build/lib.linux-x86_64-3.8/olm/_compat.py -> /<<PKGBUILDDIR>>/debian/python3-olm/usr/lib/python3/dist-packages/olm
copying build/lib.linux-x86_64-3.8/olm/__version__.py -> /<<PKGBUILDDIR>>/debian/python3-olm/usr/lib/python3/dist-packages/olm
copying build/lib.linux-x86_64-3.8/olm/sas.py -> /<<PKGBUILDDIR>>/debian/python3-olm/usr/lib/python3/dist-packages/olm
copying build/lib.linux-x86_64-3.8/olm/pk.py -> /<<PKGBUILDDIR>>/debian/python3-olm/usr/lib/python3/dist-packages/olm
copying build/lib.linux-x86_64-3.8/olm/session.py -> /<<PKGBUILDDIR>>/debian/python3-olm/usr/lib/python3/dist-packages/olm
copying build/lib.linux-x86_64-3.8/olm/account.py -> /<<PKGBUILDDIR>>/debian/python3-olm/usr/lib/python3/dist-packages/olm
copying build/lib.linux-x86_64-3.8/olm/_finalize.py -> /<<PKGBUILDDIR>>/debian/python3-olm/usr/lib/python3/dist-packages/olm
copying build/lib.linux-x86_64-3.8/olm/group_session.py -> /<<PKGBUILDDIR>>/debian/python3-olm/usr/lib/python3/dist-packages/olm
copying build/lib.linux-x86_64-3.8/olm/utility.py -> /<<PKGBUILDDIR>>/debian/python3-olm/usr/lib/python3/dist-packages/olm
copying build/lib.linux-x86_64-3.8/_libolm.abi3.so -> /<<PKGBUILDDIR>>/debian/python3-olm/usr/lib/python3/dist-packages
byte-compiling /<<PKGBUILDDIR>>/debian/python3-olm/usr/lib/python3/dist-packages/olm/__init__.py to __init__.cpython-38.pyc
byte-compiling /<<PKGBUILDDIR>>/debian/python3-olm/usr/lib/python3/dist-packages/olm/_compat.py to _compat.cpython-38.pyc
byte-compiling /<<PKGBUILDDIR>>/debian/python3-olm/usr/lib/python3/dist-packages/olm/__version__.py to __version__.cpython-38.pyc
byte-compiling /<<PKGBUILDDIR>>/debian/python3-olm/usr/lib/python3/dist-packages/olm/sas.py to sas.cpython-38.pyc
byte-compiling /<<PKGBUILDDIR>>/debian/python3-olm/usr/lib/python3/dist-packages/olm/pk.py to pk.cpython-38.pyc
byte-compiling /<<PKGBUILDDIR>>/debian/python3-olm/usr/lib/python3/dist-packages/olm/session.py to session.cpython-38.pyc
byte-compiling /<<PKGBUILDDIR>>/debian/python3-olm/usr/lib/python3/dist-packages/olm/account.py to account.cpython-38.pyc
byte-compiling /<<PKGBUILDDIR>>/debian/python3-olm/usr/lib/python3/dist-packages/olm/_finalize.py to _finalize.cpython-38.pyc
byte-compiling /<<PKGBUILDDIR>>/debian/python3-olm/usr/lib/python3/dist-packages/olm/group_session.py to group_session.cpython-38.pyc
byte-compiling /<<PKGBUILDDIR>>/debian/python3-olm/usr/lib/python3/dist-packages/olm/utility.py to utility.cpython-38.pyc
writing byte-compilation script '/tmp/tmpe_eqorat.py'
/usr/bin/python3.8 /tmp/tmpe_eqorat.py
removing /tmp/tmpe_eqorat.py
running install_egg_info
running egg_info
creating python_olm.egg-info
writing python_olm.egg-info/PKG-INFO
writing dependency_links to python_olm.egg-info/dependency_links.txt
writing requirements to python_olm.egg-info/requires.txt
writing top-level names to python_olm.egg-info/top_level.txt
writing manifest file 'python_olm.egg-info/SOURCES.txt'
reading manifest file 'python_olm.egg-info/SOURCES.txt'
reading manifest template 'MANIFEST.in'
writing manifest file 'python_olm.egg-info/SOURCES.txt'
Copying python_olm.egg-info to /<<PKGBUILDDIR>>/debian/python3-olm/usr/lib/python3/dist-packages/python_olm-3.1.3.egg-info
Skipping SOURCES.txt
running install_scripts
make[2]: Entering directory '/<<PKGBUILDDIR>>/python'
make[2]: Nothing to be done for 'headers'.
make[2]: Leaving directory '/<<PKGBUILDDIR>>/python'
running install
running build
running build_py
running build_ext
generating cffi module 'build/temp.linux-x86_64-3.7/_libolm.c'
already up-to-date
running install_lib
byte-compiling /<<PKGBUILDDIR>>/debian/python3-olm/usr/lib/python3/dist-packages/olm/__init__.py to __init__.cpython-37.pyc
byte-compiling /<<PKGBUILDDIR>>/debian/python3-olm/usr/lib/python3/dist-packages/olm/_compat.py to _compat.cpython-37.pyc
byte-compiling /<<PKGBUILDDIR>>/debian/python3-olm/usr/lib/python3/dist-packages/olm/__version__.py to __version__.cpython-37.pyc
byte-compiling /<<PKGBUILDDIR>>/debian/python3-olm/usr/lib/python3/dist-packages/olm/sas.py to sas.cpython-37.pyc
byte-compiling /<<PKGBUILDDIR>>/debian/python3-olm/usr/lib/python3/dist-packages/olm/pk.py to pk.cpython-37.pyc
byte-compiling /<<PKGBUILDDIR>>/debian/python3-olm/usr/lib/python3/dist-packages/olm/session.py to session.cpython-37.pyc
byte-compiling /<<PKGBUILDDIR>>/debian/python3-olm/usr/lib/python3/dist-packages/olm/account.py to account.cpython-37.pyc
byte-compiling /<<PKGBUILDDIR>>/debian/python3-olm/usr/lib/python3/dist-packages/olm/_finalize.py to _finalize.cpython-37.pyc
byte-compiling /<<PKGBUILDDIR>>/debian/python3-olm/usr/lib/python3/dist-packages/olm/group_session.py to group_session.cpython-37.pyc
byte-compiling /<<PKGBUILDDIR>>/debian/python3-olm/usr/lib/python3/dist-packages/olm/utility.py to utility.cpython-37.pyc
writing byte-compilation script '/tmp/tmp4d2sig4k.py'
/usr/bin/python3.7 /tmp/tmp4d2sig4k.py
removing /tmp/tmp4d2sig4k.py
running install_egg_info
running egg_info
writing python_olm.egg-info/PKG-INFO
writing dependency_links to python_olm.egg-info/dependency_links.txt
writing requirements to python_olm.egg-info/requires.txt
writing top-level names to python_olm.egg-info/top_level.txt
reading manifest file 'python_olm.egg-info/SOURCES.txt'
reading manifest template 'MANIFEST.in'
writing manifest file 'python_olm.egg-info/SOURCES.txt'
removing '/<<PKGBUILDDIR>>/debian/python3-olm/usr/lib/python3/dist-packages/python_olm-3.1.3.egg-info' (and everything under it)
Copying python_olm.egg-info to /<<PKGBUILDDIR>>/debian/python3-olm/usr/lib/python3/dist-packages/python_olm-3.1.3.egg-info
Skipping SOURCES.txt
running install_scripts
make[1]: Leaving directory '/<<PKGBUILDDIR>>'
   dh_install -O-Scmake -O-Bbuild
   dh_installdocs -O-Scmake -O-Bbuild
   dh_installchangelogs -O-Scmake -O-Bbuild
   dh_installexamples -O-Scmake -O-Bbuild
   dh_installman -O-Scmake -O-Bbuild
   dh_installcatalogs -O-Scmake -O-Bbuild
   dh_installcron -O-Scmake -O-Bbuild
   dh_installdebconf -O-Scmake -O-Bbuild
   dh_installemacsen -O-Scmake -O-Bbuild
   dh_installifupdown -O-Scmake -O-Bbuild
   dh_installinfo -O-Scmake -O-Bbuild
   dh_systemd_enable -O-Scmake -O-Bbuild
   dh_python3 -O-Scmake -O-Bbuild
   dh_installinit -O-Scmake -O-Bbuild
   dh_systemd_start -O-Scmake -O-Bbuild
   dh_installmenu -O-Scmake -O-Bbuild
   dh_installmime -O-Scmake -O-Bbuild
   dh_installmodules -O-Scmake -O-Bbuild
   dh_installlogcheck -O-Scmake -O-Bbuild
   dh_installlogrotate -O-Scmake -O-Bbuild
   dh_installpam -O-Scmake -O-Bbuild
   dh_installppp -O-Scmake -O-Bbuild
   dh_installudev -O-Scmake -O-Bbuild
   dh_installgsettings -O-Scmake -O-Bbuild
   dh_bugfiles -O-Scmake -O-Bbuild
   dh_ucf -O-Scmake -O-Bbuild
   dh_lintian -O-Scmake -O-Bbuild
   dh_gconf -O-Scmake -O-Bbuild
dh_gconf: warning: Please migrate to dh_installgsettings; gconf + dh_gconf is scheduled for removal.
   dh_icons -O-Scmake -O-Bbuild
   dh_perl -O-Scmake -O-Bbuild
   dh_usrlocal -O-Scmake -O-Bbuild
   dh_link -O-Scmake -O-Bbuild
   dh_installwm -O-Scmake -O-Bbuild
   dh_installxfonts -O-Scmake -O-Bbuild
   dh_strip_nondeterminism -O-Scmake -O-Bbuild
   dh_compress -O-Scmake -O-Bbuild
   dh_fixperms -O-Scmake -O-Bbuild
   dh_missing -O-Scmake -O-Bbuild
   dh_strip -O-Scmake -O-Bbuild
   dh_makeshlibs -O-Scmake -O-Bbuild
   dh_shlibdeps -O-Scmake -O-Bbuild
dpkg-shlibdeps: warning: package could avoid a useless dependency if debian/python3-olm/usr/lib/python3/dist-packages/_libolm.abi3.so was not linked against libpthread.so.0 (it uses none of the library's symbols)
dpkg-shlibdeps: warning: package could avoid a useless dependency if debian/libolm3/usr/lib/x86_64-linux-gnu/libolm.so.3.1.3 was not linked against libgcc_s.so.1 (it uses none of the library's symbols)
   dh_installdeb -O-Scmake -O-Bbuild
   dh_gencontrol -O-Scmake -O-Bbuild
dpkg-gencontrol: warning: package python3-olm: substitution variable ${python3:Provides} unused, but is defined
dpkg-gencontrol: warning: package python3-olm: substitution variable ${python3:Versions} unused, but is defined
dpkg-gencontrol: warning: package python3-olm: substitution variable ${python3:Provides} unused, but is defined
dpkg-gencontrol: warning: package python3-olm: substitution variable ${python3:Versions} unused, but is defined
   dh_md5sums -O-Scmake -O-Bbuild
   dh_builddeb -O-Scmake -O-Bbuild
dpkg-deb: building package 'libolm3' in '../libolm3_3.1.3+dfsg-2_amd64.deb'.
dpkg-deb: building package 'libolm-dev' in '../libolm-dev_3.1.3+dfsg-2_amd64.deb'.
dpkg-deb: building package 'python3-olm-dbgsym' in '../python3-olm-dbgsym_3.1.3+dfsg-2_amd64.deb'.
dpkg-deb: building package 'python3-olm' in '../python3-olm_3.1.3+dfsg-2_amd64.deb'.
dpkg-deb: building package 'libolm3-dbgsym' in '../libolm3-dbgsym_3.1.3+dfsg-2_amd64.deb'.
 dpkg-genbuildinfo --build=binary
 dpkg-genchanges --build=binary >../olm_3.1.3+dfsg-2_amd64.changes
dpkg-genchanges: info: binary-only upload (no source code included)
 dpkg-source --after-build .
dpkg-buildpackage: info: binary-only upload (no source included)
--------------------------------------------------------------------------------
Build finished at 2020-02-25T04:30:16Z

Finished
--------

I: Built successfully

+------------------------------------------------------------------------------+
| Changes                                                                      |
+------------------------------------------------------------------------------+


olm_3.1.3+dfsg-2_amd64.changes:
-------------------------------

Format: 1.8
Date: Sat, 31 Aug 2019 13:29:22 -0700
Source: olm
Binary: libolm-dev libolm3 libolm3-dbgsym python3-olm python3-olm-dbgsym
Architecture: amd64
Version: 3.1.3+dfsg-2
Distribution: unstable
Urgency: medium
Maintainer: Hubert Chathi <uhoreg@debian.org>
Changed-By: Hubert Chathi <uhoreg@debian.org>
Description:
 libolm-dev - development files for the olm Double Ratchet implementation
 libolm3    - implementation of the Double Ratchet cryptographic ratchet in C++
 python3-olm - Python bindings for the olm Double Ratchet implementation
Closes: 937188
Changes:
 olm (3.1.3+dfsg-2) unstable; urgency=medium
 .
   * Drop Python2 package python-olm. (Closes: #937188)
Checksums-Sha1:
 fb1860ee00ddd4e1b0f268529e9e4b5013b21330 15848 libolm-dev_3.1.3+dfsg-2_amd64.deb
 f6030ca8e2315c8645fc6f971c8debf0ff5d60dc 176896 libolm3-dbgsym_3.1.3+dfsg-2_amd64.deb
 31649ccd557113ff855c299344d42e90358caccd 113900 libolm3_3.1.3+dfsg-2_amd64.deb
 0ce1cfe7a7d3559732d0b55103ef82377aaab05a 8152 olm_3.1.3+dfsg-2_amd64.buildinfo
 0b54fc336232bdb6393214b78f6202d05aabe684 81120 python3-olm-dbgsym_3.1.3+dfsg-2_amd64.deb
 2305fc8de3fc524ee7f2bd183f105eec2bec11c2 39864 python3-olm_3.1.3+dfsg-2_amd64.deb
Checksums-Sha256:
 be491131a62b368617e7db97b75e9caf537ad10306a27545de1e5485dc0dc337 15848 libolm-dev_3.1.3+dfsg-2_amd64.deb
 80f5785c73617f748f5448f76fb17e2b1aa4d6c5ec734815c18fddd6574416fa 176896 libolm3-dbgsym_3.1.3+dfsg-2_amd64.deb
 7dd33378383479b83b56513dbe74c8ad3f34fffd60324bdeac69b0af55bd5167 113900 libolm3_3.1.3+dfsg-2_amd64.deb
 e91338aca62cddd7f6917b92e4739b0afc573d1efe145a81944f819a0cdd6a44 8152 olm_3.1.3+dfsg-2_amd64.buildinfo
 1ff54792309ccb692b8a119a49bf8e4ee15ac46ca22ec56a8d73c3477b9a95d9 81120 python3-olm-dbgsym_3.1.3+dfsg-2_amd64.deb
 7d43429d2c8dde6df0d3947019eb6344a02d97d7db52365d92a858b46eef918f 39864 python3-olm_3.1.3+dfsg-2_amd64.deb
Files:
 fd030e32515b2ed3ad49e891f960de07 15848 libdevel optional libolm-dev_3.1.3+dfsg-2_amd64.deb
 27664458f98a0aa2e68107b1ccaedb50 176896 debug optional libolm3-dbgsym_3.1.3+dfsg-2_amd64.deb
 5b482af8008279034839f0c75fa2a724 113900 libs optional libolm3_3.1.3+dfsg-2_amd64.deb
 082981040f92477669fd01d60770f11a 8152 libs optional olm_3.1.3+dfsg-2_amd64.buildinfo
 b1918126ddbac56dcbc1e1cdfbf84412 81120 debug optional python3-olm-dbgsym_3.1.3+dfsg-2_amd64.deb
 4bb9f6a06626e24c77bedc05f16d738f 39864 python optional python3-olm_3.1.3+dfsg-2_amd64.deb

+------------------------------------------------------------------------------+
| Buildinfo                                                                    |
+------------------------------------------------------------------------------+

Format: 1.0
Source: olm
Binary: libolm3 libolm-dev python3-olm
Architecture: amd64
Version: 3.1.3+dfsg-2
Checksums-Md5:
 fd030e32515b2ed3ad49e891f960de07 15848 libolm-dev_3.1.3+dfsg-2_amd64.deb
 27664458f98a0aa2e68107b1ccaedb50 176896 libolm3-dbgsym_3.1.3+dfsg-2_amd64.deb
 5b482af8008279034839f0c75fa2a724 113900 libolm3_3.1.3+dfsg-2_amd64.deb
 b1918126ddbac56dcbc1e1cdfbf84412 81120 python3-olm-dbgsym_3.1.3+dfsg-2_amd64.deb
 4bb9f6a06626e24c77bedc05f16d738f 39864 python3-olm_3.1.3+dfsg-2_amd64.deb
Checksums-Sha1:
 fb1860ee00ddd4e1b0f268529e9e4b5013b21330 15848 libolm-dev_3.1.3+dfsg-2_amd64.deb
 f6030ca8e2315c8645fc6f971c8debf0ff5d60dc 176896 libolm3-dbgsym_3.1.3+dfsg-2_amd64.deb
 31649ccd557113ff855c299344d42e90358caccd 113900 libolm3_3.1.3+dfsg-2_amd64.deb
 0b54fc336232bdb6393214b78f6202d05aabe684 81120 python3-olm-dbgsym_3.1.3+dfsg-2_amd64.deb
 2305fc8de3fc524ee7f2bd183f105eec2bec11c2 39864 python3-olm_3.1.3+dfsg-2_amd64.deb
Checksums-Sha256:
 be491131a62b368617e7db97b75e9caf537ad10306a27545de1e5485dc0dc337 15848 libolm-dev_3.1.3+dfsg-2_amd64.deb
 80f5785c73617f748f5448f76fb17e2b1aa4d6c5ec734815c18fddd6574416fa 176896 libolm3-dbgsym_3.1.3+dfsg-2_amd64.deb
 7dd33378383479b83b56513dbe74c8ad3f34fffd60324bdeac69b0af55bd5167 113900 libolm3_3.1.3+dfsg-2_amd64.deb
 1ff54792309ccb692b8a119a49bf8e4ee15ac46ca22ec56a8d73c3477b9a95d9 81120 python3-olm-dbgsym_3.1.3+dfsg-2_amd64.deb
 7d43429d2c8dde6df0d3947019eb6344a02d97d7db52365d92a858b46eef918f 39864 python3-olm_3.1.3+dfsg-2_amd64.deb
Build-Origin: Debian
Build-Architecture: amd64
Build-Date: Tue, 25 Feb 2020 04:30:16 +0000
Build-Path: /<<PKGBUILDDIR>>
Installed-Build-Depends:
 autoconf (= 2.69-11.1),
 automake (= 1:1.16.1-4),
 autopoint (= 0.19.8.1-10),
 autotools-dev (= 20180224.1),
 base-files (= 11),
 base-passwd (= 3.5.47),
 bash (= 5.0-5),
 binutils (= 2.34-3),
 binutils-common (= 2.34-3),
 binutils-x86-64-linux-gnu (= 2.34-3),
 bsdmainutils (= 11.1.2+b1),
 bsdutils (= 1:2.34-0.1),
 build-essential (= 12.8),
 bzip2 (= 1.0.8-2),
 clang-9 (= 1:9.0.1-8),
 cmake (= 3.16.3-1),
 cmake-data (= 3.16.3-1),
 coreutils (= 8.30-3+b1),
 cpp (= 4:9.2.1-3.1),
 cpp-9 (= 9.2.1-29),
 dash (= 0.5.10.2-6),
 debconf (= 1.5.73),
 debhelper (= 12.9),
 debianutils (= 4.9.1),
 dh-autoreconf (= 19),
 dh-python (= 4.20191017),
 dh-strip-nondeterminism (= 1.6.3-2),
 diffutils (= 1:3.7-3),
 dpkg (= 1.19.7),
 dpkg-dev (= 1.19.7),
 dwz (= 0.13-5),
 fdisk (= 2.34-0.1),
 file (= 1:5.38-4),
 findutils (= 4.7.0-1),
 g++ (= 4:9.2.1-3.1),
 g++-9 (= 9.2.1-29),
 gcc (= 4:9.2.1-3.1),
 gcc-10-base (= 10-20200222-1),
 gcc-8-base (= 8.3.0-29),
 gcc-9 (= 9.2.1-29),
 gcc-9-base (= 9.2.1-29),
 gettext (= 0.19.8.1-10),
 gettext-base (= 0.19.8.1-10),
 grep (= 3.4-1),
 groff-base (= 1.22.4-4),
 gzip (= 1.9-3+b1),
 hostname (= 3.23),
 init-system-helpers (= 1.57),
 intltool-debian (= 0.35.0+20060710.5),
 lib32gcc-s1 (= 10-20200222-1),
 lib32gcc1 (= 1:10-20200222-1),
 lib32stdc++6 (= 10-20200222-1),
 libacl1 (= 2.2.53-5),
 libarchive-zip-perl (= 1.67-1),
 libarchive13 (= 3.4.0-1+b1),
 libasan5 (= 9.2.1-29),
 libatomic1 (= 10-20200222-1),
 libattr1 (= 1:2.4.48-5),
 libaudit-common (= 1:2.8.5-2),
 libaudit1 (= 1:2.8.5-2+b1),
 libbinutils (= 2.34-3),
 libblkid1 (= 2.34-0.1),
 libbrotli1 (= 1.0.7-6),
 libbsd0 (= 0.10.0-1),
 libbz2-1.0 (= 1.0.8-2),
 libc-bin (= 2.29-10),
 libc-dev-bin (= 2.29-10),
 libc6 (= 2.29-10),
 libc6-dev (= 2.29-10),
 libc6-i386 (= 2.29-10),
 libcap-ng0 (= 0.7.9-2.1+b1),
 libcc1-0 (= 10-20200222-1),
 libclang-common-9-dev (= 1:9.0.1-8),
 libclang-cpp9 (= 1:9.0.1-8),
 libcom-err2 (= 1.45.5-2),
 libcroco3 (= 0.6.13-1),
 libcrypt-dev (= 1:4.4.10-10),
 libcrypt1 (= 1:4.4.10-10),
 libctf-nobfd0 (= 2.34-3),
 libctf0 (= 2.34-3),
 libcurl4 (= 7.68.0-1),
 libdb5.3 (= 5.3.28+dfsg1-0.6),
 libdebconfclient0 (= 0.251),
 libdebhelper-perl (= 12.9),
 libdpkg-perl (= 1.19.7),
 libedit2 (= 3.1-20191231-1),
 libelf1 (= 0.176-1.1),
 libexpat1 (= 2.2.9-1),
 libexpat1-dev (= 2.2.9-1),
 libfdisk1 (= 2.34-0.1),
 libffi7 (= 3.3-3),
 libfile-stripnondeterminism-perl (= 1.6.3-2),
 libgc1c2 (= 1:7.6.4-0.4),
 libgcc-8-dev (= 8.3.0-29),
 libgcc-9-dev (= 9.2.1-29),
 libgcc-s1 (= 10-20200222-1),
 libgcc1 (= 1:10-20200222-1),
 libgcrypt20 (= 1.8.5-5),
 libgdbm-compat4 (= 1.18.1-5),
 libgdbm6 (= 1.18.1-5),
 libglib2.0-0 (= 2.62.4-2),
 libgmp10 (= 2:6.2.0+dfsg-4),
 libgnutls30 (= 3.6.12-2),
 libgomp1 (= 10-20200222-1),
 libgpg-error0 (= 1.37-1),
 libgssapi-krb5-2 (= 1.17-6),
 libhogweed5 (= 3.5.1+really3.5.1-2),
 libicu63 (= 63.2-2),
 libidn2-0 (= 2.2.0-2),
 libisl22 (= 0.22.1-1),
 libitm1 (= 10-20200222-1),
 libjsoncpp1 (= 1.7.4-3.1),
 libk5crypto3 (= 1.17-6),
 libkeyutils1 (= 1.6.1-2),
 libkrb5-3 (= 1.17-6),
 libkrb5support0 (= 1.17-6),
 libldap-2.4-2 (= 2.4.49+dfsg-1),
 libldap-common (= 2.4.49+dfsg-1),
 libllvm9 (= 1:9.0.1-8),
 liblsan0 (= 10-20200222-1),
 liblz4-1 (= 1.9.2-2),
 liblzma5 (= 5.2.4-1+b1),
 libmagic-mgc (= 1:5.38-4),
 libmagic1 (= 1:5.38-4),
 libmount1 (= 2.34-0.1),
 libmpc3 (= 1.1.0-1),
 libmpdec2 (= 2.4.2-2),
 libmpfr6 (= 4.0.2-1),
 libmpx2 (= 8.3.0-29),
 libncurses6 (= 6.1+20191019-1),
 libncursesw6 (= 6.1+20191019-1),
 libnettle7 (= 3.5.1+really3.5.1-2),
 libnghttp2-14 (= 1.40.0-1),
 libobjc-8-dev (= 8.3.0-29),
 libobjc4 (= 10-20200222-1),
 libp11-kit0 (= 0.23.20-1),
 libpam-modules (= 1.3.1-5),
 libpam-modules-bin (= 1.3.1-5),
 libpam-runtime (= 1.3.1-5),
 libpam0g (= 1.3.1-5),
 libpcre2-8-0 (= 10.34-7),
 libpcre3 (= 2:8.39-12+b1),
 libperl5.30 (= 5.30.0-9),
 libpipeline1 (= 1.5.2-2),
 libprocps8 (= 2:3.3.16-1+b1),
 libpsl5 (= 0.20.2-2),
 libpython3-all-dev (= 3.7.5-3),
 libpython3-dev (= 3.7.5-3),
 libpython3-stdlib (= 3.7.5-3),
 libpython3.7 (= 3.7.6-1+b1),
 libpython3.7-dev (= 3.7.6-1+b1),
 libpython3.7-minimal (= 3.7.6-1+b1),
 libpython3.7-stdlib (= 3.7.6-1+b1),
 libpython3.8 (= 3.8.2~rc2-2),
 libpython3.8-dev (= 3.8.2~rc2-2),
 libpython3.8-minimal (= 3.8.2~rc2-2),
 libpython3.8-stdlib (= 3.8.2~rc2-2),
 libquadmath0 (= 10-20200222-1),
 libreadline8 (= 8.0-3),
 librhash0 (= 1.3.9-1),
 librtmp1 (= 2.4+20151223.gitfa8646d.1-2+b1),
 libsasl2-2 (= 2.1.27+dfsg-2),
 libsasl2-modules-db (= 2.1.27+dfsg-2),
 libseccomp2 (= 2.4.2-2),
 libselinux1 (= 3.0-1+b1),
 libsigsegv2 (= 2.12-2),
 libsmartcols1 (= 2.34-0.1),
 libsqlite3-0 (= 3.31.1-3),
 libssh2-1 (= 1.8.0-2.1),
 libssl1.1 (= 1.1.1d-2),
 libstdc++-8-dev (= 8.3.0-29),
 libstdc++-9-dev (= 9.2.1-29),
 libstdc++6 (= 10-20200222-1),
 libsub-override-perl (= 0.09-2),
 libsystemd0 (= 244.3-1),
 libtasn1-6 (= 4.16.0-2),
 libtinfo6 (= 6.1+20191019-1),
 libtool (= 2.4.6-13),
 libtsan0 (= 10-20200222-1),
 libubsan1 (= 10-20200222-1),
 libuchardet0 (= 0.0.6-3),
 libudev1 (= 244.3-1),
 libunistring2 (= 0.9.10-2),
 libuuid1 (= 2.34-0.1),
 libuv1 (= 1.34.2-1),
 libxml2 (= 2.9.10+dfsg-3),
 libz3-4 (= 4.8.7-4),
 libzstd1 (= 1.4.4+dfsg-3),
 linux-libc-dev (= 5.4.19-1),
 login (= 1:4.8.1-1),
 lsb-base (= 11.1.0),
 m4 (= 1.4.18-4),
 make (= 4.2.1-1.2),
 man-db (= 2.9.0-2),
 mawk (= 1.3.4.20200120-2),
 mime-support (= 3.64),
 ncurses-base (= 6.1+20191019-1),
 ncurses-bin (= 6.1+20191019-1),
 patch (= 2.7.6-6),
 perl (= 5.30.0-9),
 perl-base (= 5.30.0-9),
 perl-modules-5.30 (= 5.30.0-9),
 po-debconf (= 1.0.21),
 procps (= 2:3.3.16-1+b1),
 python3 (= 3.7.5-3),
 python3-all (= 3.7.5-3),
 python3-all-dev (= 3.7.5-3),
 python3-cffi (= 1.14.0-1),
 python3-cffi-backend (= 1.14.0-1),
 python3-dev (= 3.7.5-3),
 python3-distutils (= 3.8.0-1),
 python3-lib2to3 (= 3.8.0-1),
 python3-minimal (= 3.7.5-3),
 python3-pkg-resources (= 44.0.0-1),
 python3-ply (= 3.11-3),
 python3-pycparser (= 2.19-1),
 python3-setuptools (= 44.0.0-1),
 python3.7 (= 3.7.6-1+b1),
 python3.7-dev (= 3.7.6-1+b1),
 python3.7-minimal (= 3.7.6-1+b1),
 python3.8 (= 3.8.2~rc2-2),
 python3.8-dev (= 3.8.2~rc2-2),
 python3.8-minimal (= 3.8.2~rc2-2),
 readline-common (= 8.0-3),
 sed (= 4.7-1),
 sensible-utils (= 0.0.12+nmu1),
 sysvinit-utils (= 2.96-2.1),
 tar (= 1.30+dfsg-6+b1),
 util-linux (= 2.34-0.1),
 xz-utils (= 5.2.4-1+b1),
 zlib1g (= 1:1.2.11.dfsg-2),
 zlib1g-dev (= 1:1.2.11.dfsg-2)
Environment:
 DEB_BUILD_OPTIONS="parallel=4"
 LANG="C.UTF-8"
 LC_ALL="C.UTF-8"
 SOURCE_DATE_EPOCH="1567283362"


+------------------------------------------------------------------------------+
| Package contents                                                             |
+------------------------------------------------------------------------------+


libolm-dev_3.1.3+dfsg-2_amd64.deb
---------------------------------

 new Debian package, version 2.0.
 size 15848 bytes: control archive=1200 bytes.
     987 bytes,    26 lines      control              
     890 bytes,    12 lines      md5sums              
 Package: libolm-dev
 Source: olm
 Version: 3.1.3+dfsg-2
 Architecture: amd64
 Maintainer: Hubert Chathi <uhoreg@debian.org>
 Installed-Size: 77
 Depends: libolm3 (= 3.1.3+dfsg-2)
 Section: libdevel
 Priority: optional
 Multi-Arch: same
 Homepage: https://matrix.org/git/olm/
 Description: development files for the olm Double Ratchet implementation
  Olm is an implementation of the Double Ratchet cryptographic ratchet described
  by https://whispersystems.org/docs/specifications/doubleratchet/, written in C
  and C++11 and exposed as a C API.
  .
  This library also includes an implementation of the Megolm cryptographic
  ratchet which is intended for encrypted messaging applications where there
  may be a large number of recipients of each message, thus precluding the use of
  peer-to-peer encryption systems such as Olm.
  .
  Megolm is the end-to-end encryption system for the Matrix communications
  protocol.
  .
  This package contains the development files for compiling programs that use
  olm.

drwxr-xr-x root/root         0 2019-08-31 20:29 ./
drwxr-xr-x root/root         0 2019-08-31 20:29 ./usr/
drwxr-xr-x root/root         0 2019-08-31 20:29 ./usr/include/
drwxr-xr-x root/root         0 2019-08-31 20:29 ./usr/include/olm/
-rw-r--r-- root/root      7433 2019-06-24 21:09 ./usr/include/olm/inbound_group_session.h
-rw-r--r-- root/root     16710 2019-06-24 21:09 ./usr/include/olm/olm.h
-rw-r--r-- root/root      5574 2019-06-24 21:09 ./usr/include/olm/outbound_group_session.h
-rw-r--r-- root/root      9408 2019-06-24 21:09 ./usr/include/olm/pk.h
-rw-r--r-- root/root      5053 2019-06-24 21:09 ./usr/include/olm/sas.h
drwxr-xr-x root/root         0 2019-08-31 20:29 ./usr/lib/
drwxr-xr-x root/root         0 2019-08-31 20:29 ./usr/lib/x86_64-linux-gnu/
drwxr-xr-x root/root         0 2019-08-31 20:29 ./usr/lib/x86_64-linux-gnu/cmake/
drwxr-xr-x root/root         0 2019-08-31 20:29 ./usr/lib/x86_64-linux-gnu/cmake/Olm/
-rw-r--r-- root/root       301 2019-08-31 20:29 ./usr/lib/x86_64-linux-gnu/cmake/Olm/OlmConfig.cmake
-rw-r--r-- root/root      1722 2019-08-31 20:29 ./usr/lib/x86_64-linux-gnu/cmake/Olm/OlmConfigVersion.cmake
-rw-r--r-- root/root       818 2019-08-31 20:29 ./usr/lib/x86_64-linux-gnu/cmake/Olm/OlmTargets-none.cmake
-rw-r--r-- root/root      3674 2019-08-31 20:29 ./usr/lib/x86_64-linux-gnu/cmake/Olm/OlmTargets.cmake
lrwxrwxrwx root/root         0 2019-08-31 20:29 ./usr/lib/x86_64-linux-gnu/libolm.so -> libolm.so.3
drwxr-xr-x root/root         0 2019-08-31 20:29 ./usr/share/
drwxr-xr-x root/root         0 2019-08-31 20:29 ./usr/share/doc/
drwxr-xr-x root/root         0 2019-08-31 20:29 ./usr/share/doc/libolm-dev/
-rw-r--r-- root/root       340 2019-08-31 20:29 ./usr/share/doc/libolm-dev/changelog.Debian.gz
-rw-r--r-- root/root      3500 2019-06-24 21:09 ./usr/share/doc/libolm-dev/changelog.gz
-rw-r--r-- root/root      4733 2019-06-25 20:43 ./usr/share/doc/libolm-dev/copyright


libolm3-dbgsym_3.1.3+dfsg-2_amd64.deb
-------------------------------------

 new Debian package, version 2.0.
 size 176896 bytes: control archive=532 bytes.
     354 bytes,    13 lines      control              
     106 bytes,     1 lines      md5sums              
 Package: libolm3-dbgsym
 Source: olm
 Version: 3.1.3+dfsg-2
 Auto-Built-Package: debug-symbols
 Architecture: amd64
 Maintainer: Hubert Chathi <uhoreg@debian.org>
 Installed-Size: 203
 Depends: libolm3 (= 3.1.3+dfsg-2)
 Section: debug
 Priority: optional
 Multi-Arch: same
 Description: debug symbols for libolm3
 Build-Ids: 73fec2cc184ef281249cb513df6fbaff1aff5ffa

drwxr-xr-x root/root         0 2019-08-31 20:29 ./
drwxr-xr-x root/root         0 2019-08-31 20:29 ./usr/
drwxr-xr-x root/root         0 2019-08-31 20:29 ./usr/lib/
drwxr-xr-x root/root         0 2019-08-31 20:29 ./usr/lib/debug/
drwxr-xr-x root/root         0 2019-08-31 20:29 ./usr/lib/debug/.build-id/
drwxr-xr-x root/root         0 2019-08-31 20:29 ./usr/lib/debug/.build-id/73/
-rw-r--r-- root/root    197296 2019-08-31 20:29 ./usr/lib/debug/.build-id/73/fec2cc184ef281249cb513df6fbaff1aff5ffa.debug
drwxr-xr-x root/root         0 2019-08-31 20:29 ./usr/share/
drwxr-xr-x root/root         0 2019-08-31 20:29 ./usr/share/doc/
lrwxrwxrwx root/root         0 2019-08-31 20:29 ./usr/share/doc/libolm3-dbgsym -> libolm3


libolm3_3.1.3+dfsg-2_amd64.deb
------------------------------

 new Debian package, version 2.0.
 size 113900 bytes: control archive=1232 bytes.
     990 bytes,    26 lines      control              
     703 bytes,    10 lines      md5sums              
      17 bytes,     1 lines      shlibs               
      65 bytes,     2 lines      triggers             
 Package: libolm3
 Source: olm
 Version: 3.1.3+dfsg-2
 Architecture: amd64
 Maintainer: Hubert Chathi <uhoreg@debian.org>
 Installed-Size: 280
 Depends: libc6 (>= 2.14), libgcc-s1 (>= 3.0), libstdc++6 (>= 4.1.1)
 Conflicts: libolm2
 Replaces: libolm2
 Provides: libolm2
 Section: libs
 Priority: optional
 Multi-Arch: same
 Homepage: https://matrix.org/git/olm/
 Description: implementation of the Double Ratchet cryptographic ratchet in C++
  Olm is an implementation of the Double Ratchet cryptographic ratchet described
  by https://whispersystems.org/docs/specifications/doubleratchet/, written in C
  and C++11 and exposed as a C API.
  .
  This library also includes an implementation of the Megolm cryptographic
  ratchet which is intended for encrypted messaging applications where there
  may be a large number of recipients of each message, thus precluding the use of
  peer-to-peer encryption systems such as Olm.
  .
  Megolm is the end-to-end encryption system for the Matrix communications
  protocol.

drwxr-xr-x root/root         0 2019-08-31 20:29 ./
drwxr-xr-x root/root         0 2019-08-31 20:29 ./usr/
drwxr-xr-x root/root         0 2019-08-31 20:29 ./usr/lib/
drwxr-xr-x root/root         0 2019-08-31 20:29 ./usr/lib/x86_64-linux-gnu/
lrwxrwxrwx root/root         0 2019-08-31 20:29 ./usr/lib/x86_64-linux-gnu/libolm.so.2 -> libolm.so.3
lrwxrwxrwx root/root         0 2019-08-31 20:29 ./usr/lib/x86_64-linux-gnu/libolm.so.3 -> libolm.so.3.1.3
-rw-r--r-- root/root    209208 2019-08-31 20:29 ./usr/lib/x86_64-linux-gnu/libolm.so.3.1.3
drwxr-xr-x root/root         0 2019-08-31 20:29 ./usr/share/
drwxr-xr-x root/root         0 2019-08-31 20:29 ./usr/share/doc/
drwxr-xr-x root/root         0 2019-08-31 20:29 ./usr/share/doc/libolm3/
-rw-r--r-- root/root      2511 2019-06-24 21:09 ./usr/share/doc/libolm3/README.md.gz
-rw-r--r-- root/root       121 2017-06-13 18:00 ./usr/share/doc/libolm3/TODO.Debian
-rw-r--r-- root/root       340 2019-08-31 20:29 ./usr/share/doc/libolm3/changelog.Debian.gz
-rw-r--r-- root/root      3500 2019-06-24 21:09 ./usr/share/doc/libolm3/changelog.gz
-rw-r--r-- root/root      4733 2019-06-25 20:43 ./usr/share/doc/libolm3/copyright
-rw-r--r-- root/root     35066 2019-06-24 21:09 ./usr/share/doc/libolm3/double_ratchet.svg
-rw-r--r-- root/root      5141 2019-06-24 21:09 ./usr/share/doc/libolm3/megolm.md.gz
-rw-r--r-- root/root      4258 2019-06-24 21:09 ./usr/share/doc/libolm3/olm.md.gz
-rw-r--r-- root/root      2201 2019-06-24 21:09 ./usr/share/doc/libolm3/signing.md.gz


python3-olm-dbgsym_3.1.3+dfsg-2_amd64.deb
-----------------------------------------

 new Debian package, version 2.0.
 size 81120 bytes: control archive=520 bytes.
     349 bytes,    12 lines      control              
     106 bytes,     1 lines      md5sums              
 Package: python3-olm-dbgsym
 Source: olm
 Version: 3.1.3+dfsg-2
 Auto-Built-Package: debug-symbols
 Architecture: amd64
 Maintainer: Hubert Chathi <uhoreg@debian.org>
 Installed-Size: 111
 Depends: python3-olm (= 3.1.3+dfsg-2)
 Section: debug
 Priority: optional
 Description: debug symbols for python3-olm
 Build-Ids: 0800114d04e5a152c61829e0137d85964613054f

drwxr-xr-x root/root         0 2019-08-31 20:29 ./
drwxr-xr-x root/root         0 2019-08-31 20:29 ./usr/
drwxr-xr-x root/root         0 2019-08-31 20:29 ./usr/lib/
drwxr-xr-x root/root         0 2019-08-31 20:29 ./usr/lib/debug/
drwxr-xr-x root/root         0 2019-08-31 20:29 ./usr/lib/debug/.build-id/
drwxr-xr-x root/root         0 2019-08-31 20:29 ./usr/lib/debug/.build-id/08/
-rw-r--r-- root/root    103040 2019-08-31 20:29 ./usr/lib/debug/.build-id/08/00114d04e5a152c61829e0137d85964613054f.debug
drwxr-xr-x root/root         0 2019-08-31 20:29 ./usr/share/
drwxr-xr-x root/root         0 2019-08-31 20:29 ./usr/share/doc/
lrwxrwxrwx root/root         0 2019-08-31 20:29 ./usr/share/doc/python3-olm-dbgsym -> python3-olm


python3-olm_3.1.3+dfsg-2_amd64.deb
----------------------------------

 new Debian package, version 2.0.
 size 39864 bytes: control archive=1764 bytes.
    1115 bytes,    24 lines      control              
    1617 bytes,    19 lines      md5sums              
     248 bytes,    12 lines   *  postinst             #!/bin/sh
     397 bytes,    12 lines   *  prerm                #!/bin/sh
 Package: python3-olm
 Source: olm
 Version: 3.1.3+dfsg-2
 Architecture: amd64
 Maintainer: Hubert Chathi <uhoreg@debian.org>
 Installed-Size: 236
 Depends: libolm3 (>= 3.1.3+dfsg-2), libolm3 (<< 3.1.3+dfsg-2.1~), libc6 (>= 2.4), python3 (>= 3~), python3-cffi-backend-api-min (<= 9729), python3-cffi-backend-api-max (>= 9729), python3-future, python3:any
 Section: python
 Priority: optional
 Homepage: https://matrix.org/git/olm/
 Description: Python bindings for the olm Double Ratchet implementation
  Olm is an implementation of the Double Ratchet cryptographic ratchet described
  by https://whispersystems.org/docs/specifications/doubleratchet/, written in C
  and C++11 and exposed as a C API.
  .
  This library also includes an implementation of the Megolm cryptographic
  ratchet which is intended for encrypted messaging applications where there
  may be a large number of recipients of each message, thus precluding the use of
  peer-to-peer encryption systems such as Olm.
  .
  Megolm is the end-to-end encryption system for the Matrix communications
  protocol.
  .
  This package contains the Python 3 bindings for libolm.

drwxr-xr-x root/root         0 2019-08-31 20:29 ./
drwxr-xr-x root/root         0 2019-08-31 20:29 ./usr/
drwxr-xr-x root/root         0 2019-08-31 20:29 ./usr/lib/
drwxr-xr-x root/root         0 2019-08-31 20:29 ./usr/lib/python3/
drwxr-xr-x root/root         0 2019-08-31 20:29 ./usr/lib/python3/dist-packages/
-rw-r--r-- root/root    125136 2019-08-31 20:29 ./usr/lib/python3/dist-packages/_libolm.abi3.so
drwxr-xr-x root/root         0 2019-08-31 20:29 ./usr/lib/python3/dist-packages/olm/
-rw-r--r-- root/root      1441 2019-06-24 21:09 ./usr/lib/python3/dist-packages/olm/__init__.py
-rw-r--r-- root/root       352 2019-06-24 21:09 ./usr/lib/python3/dist-packages/olm/__version__.py
-rw-r--r-- root/root      2343 2019-06-24 21:09 ./usr/lib/python3/dist-packages/olm/_compat.py
-rw-r--r-- root/root      2251 2019-06-24 21:09 ./usr/lib/python3/dist-packages/olm/_finalize.py
-rw-r--r-- root/root      9818 2019-06-24 21:09 ./usr/lib/python3/dist-packages/olm/account.py
-rw-r--r-- root/root     19067 2019-06-24 21:09 ./usr/lib/python3/dist-packages/olm/group_session.py
-rw-r--r-- root/root     14833 2019-06-24 21:09 ./usr/lib/python3/dist-packages/olm/pk.py
-rw-r--r-- root/root      7840 2019-06-24 21:09 ./usr/lib/python3/dist-packages/olm/sas.py
-rw-r--r-- root/root     18570 2019-06-24 21:09 ./usr/lib/python3/dist-packages/olm/session.py
-rw-r--r-- root/root      4457 2019-06-24 21:09 ./usr/lib/python3/dist-packages/olm/utility.py
drwxr-xr-x root/root         0 2019-08-31 20:29 ./usr/lib/python3/dist-packages/python_olm-3.1.3.egg-info/
-rw-r--r-- root/root       290 2019-08-31 20:29 ./usr/lib/python3/dist-packages/python_olm-3.1.3.egg-info/PKG-INFO
-rw-r--r-- root/root         1 2019-08-31 20:29 ./usr/lib/python3/dist-packages/python_olm-3.1.3.egg-info/dependency_links.txt
-rw-r--r-- root/root         1 2019-08-31 20:29 ./usr/lib/python3/dist-packages/python_olm-3.1.3.egg-info/not-zip-safe
-rw-r--r-- root/root        34 2019-08-31 20:29 ./usr/lib/python3/dist-packages/python_olm-3.1.3.egg-info/requires.txt
-rw-r--r-- root/root        12 2019-08-31 20:29 ./usr/lib/python3/dist-packages/python_olm-3.1.3.egg-info/top_level.txt
drwxr-xr-x root/root         0 2019-08-31 20:29 ./usr/share/
drwxr-xr-x root/root         0 2019-08-31 20:29 ./usr/share/doc/
drwxr-xr-x root/root         0 2019-08-31 20:29 ./usr/share/doc/python3-olm/
-rw-r--r-- root/root       340 2019-08-31 20:29 ./usr/share/doc/python3-olm/changelog.Debian.gz
-rw-r--r-- root/root      3500 2019-06-24 21:09 ./usr/share/doc/python3-olm/changelog.gz
-rw-r--r-- root/root      4733 2019-06-25 20:43 ./usr/share/doc/python3-olm/copyright


+------------------------------------------------------------------------------+
| Post Build                                                                   |
+------------------------------------------------------------------------------+


+------------------------------------------------------------------------------+
| Cleanup                                                                      |
+------------------------------------------------------------------------------+

Purging /<<BUILDDIR>>
Not cleaning session: cloned chroot in use

+------------------------------------------------------------------------------+
| Summary                                                                      |
+------------------------------------------------------------------------------+

Build Architecture: amd64
Build Type: binary
Build-Space: 15288
Build-Time: 22
Distribution: unstable
Host Architecture: amd64
Install-Time: 135
Job: olm_3.1.3+dfsg-2
Machine Architecture: amd64
Package: olm
Package-Time: 214
Source-Version: 3.1.3+dfsg-2
Space: 15288
Status: successful
Version: 3.1.3+dfsg-2
--------------------------------------------------------------------------------
Finished at 2020-02-25T04:30:16Z
Build needed 00:03:34, 15288k disk space
DC-Status: OK 216.639653342s
DC-Time-Estimation: 216.639653342 versus expected 81 (r/m: 1.6745636215061728 ; m: 81.0)
