DC-Build-Header: urdfdom 1.0.4+ds-2 / 2020-02-25 05:17:05 +0000
DC-Task: type:rebuild-binarch-only source:urdfdom version:1.0.4+ds-2 chroot:unstable esttime:69 logfile:/tmp/urdfdom_1.0.4+ds-2_unstable_clang9.log modes:clang9:binarch-only
DC-Sbuild-call: su user42 -c 'sbuild -n --arch-any --apt-update -d unstable -v --no-run-lintian --chroot-setup-commands=/tmp/clang9 urdfdom_1.0.4+ds-2'
sbuild (Debian sbuild) 0.78.1 (09 February 2019) on ip-172-31-5-77.eu-central-1.compute.internal

+==============================================================================+
| urdfdom 1.0.4+ds-2 (amd64)                   Tue, 25 Feb 2020 05:17:05 +0000 |
+==============================================================================+

Package: urdfdom
Version: 1.0.4+ds-2
Source Version: 1.0.4+ds-2
Distribution: unstable
Machine Architecture: amd64
Host Architecture: amd64
Build Architecture: amd64
Build Type: binary

I: NOTICE: Log filtering will replace 'var/run/schroot/mount/sid-amd64-sbuild-a570667f-c916-4912-8015-375d58c5486c' with '<<CHROOT>>'

+------------------------------------------------------------------------------+
| Chroot Setup Commands                                                        |
+------------------------------------------------------------------------------+


/tmp/clang9
-----------

+ echo 'Entering customization script...'
Entering customization script...
+ CLANG_VERSION=9
+ echo 'Install of clang-9'
Install of clang-9
+ apt-get update
Get:1 http://127.0.0.1:12990/debian sid InRelease [142 kB]
Get:2 http://127.0.0.1:12990/debian sid/main Sources.diff/Index [27.9 kB]
Get:3 http://127.0.0.1:12990/debian sid/main amd64 Packages.diff/Index [27.9 kB]
Get:4 http://127.0.0.1:12990/debian sid/main Sources 2020-02-24-0823.32.pdiff [11.0 kB]
Get:5 http://127.0.0.1:12990/debian sid/main Sources 2020-02-24-1420.34.pdiff [30.2 kB]
Get:6 http://127.0.0.1:12990/debian sid/main Sources 2020-02-24-2014.03.pdiff [16.9 kB]
Get:7 http://127.0.0.1:12990/debian sid/main Sources 2020-02-25-0213.11.pdiff [23.2 kB]
Get:8 http://127.0.0.1:12990/debian sid/main amd64 Packages 2020-02-24-0823.32.pdiff [15.5 kB]
Get:9 http://127.0.0.1:12990/debian sid/main amd64 Packages 2020-02-24-1420.34.pdiff [27.5 kB]
Get:10 http://127.0.0.1:12990/debian sid/main amd64 Packages 2020-02-24-2014.03.pdiff [21.6 kB]
Get:11 http://127.0.0.1:12990/debian sid/main amd64 Packages 2020-02-25-0213.11.pdiff [35.0 kB]
Get:7 http://127.0.0.1:12990/debian sid/main Sources 2020-02-25-0213.11.pdiff [23.2 kB]
Get:11 http://127.0.0.1:12990/debian sid/main amd64 Packages 2020-02-25-0213.11.pdiff [35.0 kB]
Get:12 http://127.0.0.1:12990/debian sid/main Translation-en [6193 kB]
Fetched 6572 kB in 2s (3227 kB/s)
Reading package lists...
+ apt-get install --yes --no-install-recommends --force-yes clang-9 libomp-9-dev libobjc-9-dev
Reading package lists...
Building dependency tree...
The following additional packages will be installed:
  gcc-8-base lib32gcc-s1 lib32gcc1 lib32stdc++6 libbsd0 libc6-i386
  libclang-common-9-dev libclang-cpp9 libedit2 libgc1c2 libgcc-8-dev libllvm9
  libmpx2 libobjc-8-dev libobjc4 libomp5-9 libstdc++-8-dev libz3-4
Suggested packages:
  clang-9-doc libomp-9-doc libstdc++-8-doc
Recommended packages:
  llvm-9-dev python3
The following NEW packages will be installed:
  clang-9 gcc-8-base lib32gcc-s1 lib32gcc1 lib32stdc++6 libbsd0 libc6-i386
  libclang-common-9-dev libclang-cpp9 libedit2 libgc1c2 libgcc-8-dev libllvm9
  libmpx2 libobjc-8-dev libobjc-9-dev libobjc4 libomp-9-dev libomp5-9
  libstdc++-8-dev libz3-4
0 upgraded, 21 newly installed, 0 to remove and 2 not upgraded.
Need to get 43.9 MB of archives.
After this operation, 237 MB of additional disk space will be used.
Get:1 http://127.0.0.1:12990/debian sid/main amd64 libbsd0 amd64 0.10.0-1 [107 kB]
Get:2 http://127.0.0.1:12990/debian sid/main amd64 libedit2 amd64 3.1-20191231-1 [95.4 kB]
Get:3 http://127.0.0.1:12990/debian sid/main amd64 libz3-4 amd64 4.8.7-4 [6790 kB]
Get:4 http://127.0.0.1:12990/debian sid/main amd64 libllvm9 amd64 1:9.0.1-8 [15.0 MB]
Get:5 http://127.0.0.1:12990/debian sid/main amd64 libclang-cpp9 amd64 1:9.0.1-8 [8429 kB]
Get:6 http://127.0.0.1:12990/debian sid/main amd64 gcc-8-base amd64 8.3.0-29 [194 kB]
Get:7 http://127.0.0.1:12990/debian sid/main amd64 libmpx2 amd64 8.3.0-29 [11.4 kB]
Get:8 http://127.0.0.1:12990/debian sid/main amd64 libgcc-8-dev amd64 8.3.0-29 [2297 kB]
Get:9 http://127.0.0.1:12990/debian sid/main amd64 libstdc++-8-dev amd64 8.3.0-29 [1543 kB]
Get:10 http://127.0.0.1:12990/debian sid/main amd64 libgc1c2 amd64 1:7.6.4-0.4 [224 kB]
Get:11 http://127.0.0.1:12990/debian sid/main amd64 libobjc4 amd64 10-20200222-1 [41.6 kB]
Get:12 http://127.0.0.1:12990/debian sid/main amd64 libobjc-8-dev amd64 8.3.0-29 [227 kB]
Get:13 http://127.0.0.1:12990/debian sid/main amd64 libc6-i386 amd64 2.29-10 [2918 kB]
Get:14 http://127.0.0.1:12990/debian sid/main amd64 lib32gcc-s1 amd64 10-20200222-1 [49.4 kB]
Get:15 http://127.0.0.1:12990/debian sid/main amd64 lib32gcc1 amd64 1:10-20200222-1 [1104 B]
Get:16 http://127.0.0.1:12990/debian sid/main amd64 lib32stdc++6 amd64 10-20200222-1 [510 kB]
Get:17 http://127.0.0.1:12990/debian sid/main amd64 libclang-common-9-dev amd64 1:9.0.1-8 [3727 kB]
Get:18 http://127.0.0.1:12990/debian sid/main amd64 clang-9 amd64 1:9.0.1-8 [1156 kB]
Get:19 http://127.0.0.1:12990/debian sid/main amd64 libobjc-9-dev amd64 9.2.1-29 [219 kB]
Get:20 http://127.0.0.1:12990/debian sid/main amd64 libomp5-9 amd64 1:9.0.1-8 [333 kB]
Get:21 http://127.0.0.1:12990/debian sid/main amd64 libomp-9-dev amd64 1:9.0.1-8 [66.2 kB]
debconf: delaying package configuration, since apt-utils is not installed
Fetched 43.9 MB in 1s (87.8 MB/s)
Selecting previously unselected package libbsd0:amd64.
(Reading database ... (Reading database ... 5%(Reading database ... 10%(Reading database ... 15%(Reading database ... 20%(Reading database ... 25%(Reading database ... 30%(Reading database ... 35%(Reading database ... 40%(Reading database ... 45%(Reading database ... 50%(Reading database ... 55%(Reading database ... 60%(Reading database ... 65%(Reading database ... 70%(Reading database ... 75%(Reading database ... 80%(Reading database ... 85%(Reading database ... 90%(Reading database ... 95%(Reading database ... 100%(Reading database ... 12119 files and directories currently installed.)
Preparing to unpack .../00-libbsd0_0.10.0-1_amd64.deb ...
Unpacking libbsd0:amd64 (0.10.0-1) ...
Selecting previously unselected package libedit2:amd64.
Preparing to unpack .../01-libedit2_3.1-20191231-1_amd64.deb ...
Unpacking libedit2:amd64 (3.1-20191231-1) ...
Selecting previously unselected package libz3-4:amd64.
Preparing to unpack .../02-libz3-4_4.8.7-4_amd64.deb ...
Unpacking libz3-4:amd64 (4.8.7-4) ...
Selecting previously unselected package libllvm9:amd64.
Preparing to unpack .../03-libllvm9_1%3a9.0.1-8_amd64.deb ...
Unpacking libllvm9:amd64 (1:9.0.1-8) ...
Selecting previously unselected package libclang-cpp9.
Preparing to unpack .../04-libclang-cpp9_1%3a9.0.1-8_amd64.deb ...
Unpacking libclang-cpp9 (1:9.0.1-8) ...
Selecting previously unselected package gcc-8-base:amd64.
Preparing to unpack .../05-gcc-8-base_8.3.0-29_amd64.deb ...
Unpacking gcc-8-base:amd64 (8.3.0-29) ...
Selecting previously unselected package libmpx2:amd64.
Preparing to unpack .../06-libmpx2_8.3.0-29_amd64.deb ...
Unpacking libmpx2:amd64 (8.3.0-29) ...
Selecting previously unselected package libgcc-8-dev:amd64.
Preparing to unpack .../07-libgcc-8-dev_8.3.0-29_amd64.deb ...
Unpacking libgcc-8-dev:amd64 (8.3.0-29) ...
Selecting previously unselected package libstdc++-8-dev:amd64.
Preparing to unpack .../08-libstdc++-8-dev_8.3.0-29_amd64.deb ...
Unpacking libstdc++-8-dev:amd64 (8.3.0-29) ...
Selecting previously unselected package libgc1c2:amd64.
Preparing to unpack .../09-libgc1c2_1%3a7.6.4-0.4_amd64.deb ...
Unpacking libgc1c2:amd64 (1:7.6.4-0.4) ...
Selecting previously unselected package libobjc4:amd64.
Preparing to unpack .../10-libobjc4_10-20200222-1_amd64.deb ...
Unpacking libobjc4:amd64 (10-20200222-1) ...
Selecting previously unselected package libobjc-8-dev:amd64.
Preparing to unpack .../11-libobjc-8-dev_8.3.0-29_amd64.deb ...
Unpacking libobjc-8-dev:amd64 (8.3.0-29) ...
Selecting previously unselected package libc6-i386.
Preparing to unpack .../12-libc6-i386_2.29-10_amd64.deb ...
Unpacking libc6-i386 (2.29-10) ...
Selecting previously unselected package lib32gcc-s1.
Preparing to unpack .../13-lib32gcc-s1_10-20200222-1_amd64.deb ...
Unpacking lib32gcc-s1 (10-20200222-1) ...
Selecting previously unselected package lib32gcc1.
Preparing to unpack .../14-lib32gcc1_1%3a10-20200222-1_amd64.deb ...
Unpacking lib32gcc1 (1:10-20200222-1) ...
Selecting previously unselected package lib32stdc++6.
Preparing to unpack .../15-lib32stdc++6_10-20200222-1_amd64.deb ...
Unpacking lib32stdc++6 (10-20200222-1) ...
Selecting previously unselected package libclang-common-9-dev.
Preparing to unpack .../16-libclang-common-9-dev_1%3a9.0.1-8_amd64.deb ...
Unpacking libclang-common-9-dev (1:9.0.1-8) ...
Selecting previously unselected package clang-9.
Preparing to unpack .../17-clang-9_1%3a9.0.1-8_amd64.deb ...
Unpacking clang-9 (1:9.0.1-8) ...
Selecting previously unselected package libobjc-9-dev:amd64.
Preparing to unpack .../18-libobjc-9-dev_9.2.1-29_amd64.deb ...
Unpacking libobjc-9-dev:amd64 (9.2.1-29) ...
Selecting previously unselected package libomp5-9:amd64.
Preparing to unpack .../19-libomp5-9_1%3a9.0.1-8_amd64.deb ...
Unpacking libomp5-9:amd64 (1:9.0.1-8) ...
Selecting previously unselected package libomp-9-dev.
Preparing to unpack .../20-libomp-9-dev_1%3a9.0.1-8_amd64.deb ...
Unpacking libomp-9-dev (1:9.0.1-8) ...
Setting up libgc1c2:amd64 (1:7.6.4-0.4) ...
Setting up libobjc4:amd64 (10-20200222-1) ...
Setting up libz3-4:amd64 (4.8.7-4) ...
Setting up gcc-8-base:amd64 (8.3.0-29) ...
Setting up libobjc-9-dev:amd64 (9.2.1-29) ...
Setting up libmpx2:amd64 (8.3.0-29) ...
Setting up libc6-i386 (2.29-10) ...
Setting up libbsd0:amd64 (0.10.0-1) ...
Setting up libomp5-9:amd64 (1:9.0.1-8) ...
Setting up libedit2:amd64 (3.1-20191231-1) ...
Setting up lib32gcc-s1 (10-20200222-1) ...
Setting up libgcc-8-dev:amd64 (8.3.0-29) ...
Setting up libomp-9-dev (1:9.0.1-8) ...
Setting up libllvm9:amd64 (1:9.0.1-8) ...
Setting up libstdc++-8-dev:amd64 (8.3.0-29) ...
Setting up libclang-cpp9 (1:9.0.1-8) ...
Setting up lib32gcc1 (1:10-20200222-1) ...
Setting up libobjc-8-dev:amd64 (8.3.0-29) ...
Setting up lib32stdc++6 (10-20200222-1) ...
Setting up libclang-common-9-dev (1:9.0.1-8) ...
Setting up clang-9 (1:9.0.1-8) ...
Processing triggers for libc-bin (2.29-10) ...
W: --force-yes is deprecated, use one of the options starting with --allow instead.
+ echo 'Replace gcc, g++ & cpp by clang'
Replace gcc, g++ & cpp by clang
+ VERSIONS='4.6 4.7 4.8 4.9 5 6 7 8 9 10'
+ cd /usr/bin
+ for VERSION in $VERSIONS
+ rm -f g++-4.6 gcc-4.6 cpp-4.6 gcc
+ ln -s clang++-9 g++-4.6
+ ln -s clang-9 gcc-4.6
+ ln -s clang-9 cpp-4.6
+ ln -s clang-9 gcc
+ echo 'gcc-4.6 hold'
+ dpkg --set-selections
dpkg: warning: package not in status nor available database at line 1: gcc-4.6
dpkg: warning: found unknown packages; this might mean the available database
is outdated, and needs to be updated through a frontend method;
please see the FAQ <https://wiki.debian.org/Teams/Dpkg/FAQ>
+ dpkg --set-selections
+ echo 'g++-4.6 hold'
dpkg: warning: package not in status nor available database at line 1: g++-4.6
dpkg: warning: found unknown packages; this might mean the available database
is outdated, and needs to be updated through a frontend method;
please see the FAQ <https://wiki.debian.org/Teams/Dpkg/FAQ>
+ for VERSION in $VERSIONS
+ rm -f g++-4.7 gcc-4.7 cpp-4.7 gcc
+ ln -s clang++-9 g++-4.7
+ ln -s clang-9 gcc-4.7
+ ln -s clang-9 cpp-4.7
+ ln -s clang-9 gcc
+ echo 'gcc-4.7 hold'
+ dpkg --set-selections
dpkg: warning: package not in status nor available database at line 1: gcc-4.7
dpkg: warning: found unknown packages; this might mean the available database
is outdated, and needs to be updated through a frontend method;
please see the FAQ <https://wiki.debian.org/Teams/Dpkg/FAQ>
+ dpkg --set-selections
+ echo 'g++-4.7 hold'
dpkg: warning: package not in status nor available database at line 1: g++-4.7
dpkg: warning: found unknown packages; this might mean the available database
is outdated, and needs to be updated through a frontend method;
please see the FAQ <https://wiki.debian.org/Teams/Dpkg/FAQ>
+ for VERSION in $VERSIONS
+ rm -f g++-4.8 gcc-4.8 cpp-4.8 gcc
+ ln -s clang++-9 g++-4.8
+ ln -s clang-9 gcc-4.8
+ ln -s clang-9 cpp-4.8
+ ln -s clang-9 gcc
+ echo 'gcc-4.8 hold'
+ dpkg --set-selections
dpkg: warning: package not in status nor available database at line 1: gcc-4.8
dpkg: warning: found unknown packages; this might mean the available database
is outdated, and needs to be updated through a frontend method;
please see the FAQ <https://wiki.debian.org/Teams/Dpkg/FAQ>
+ echo 'g++-4.8 hold'
+ dpkg --set-selections
dpkg: warning: package not in status nor available database at line 1: g++-4.8
dpkg: warning: found unknown packages; this might mean the available database
is outdated, and needs to be updated through a frontend method;
please see the FAQ <https://wiki.debian.org/Teams/Dpkg/FAQ>
+ for VERSION in $VERSIONS
+ rm -f g++-4.9 gcc-4.9 cpp-4.9 gcc
+ ln -s clang++-9 g++-4.9
+ ln -s clang-9 gcc-4.9
+ ln -s clang-9 cpp-4.9
+ ln -s clang-9 gcc
+ echo 'gcc-4.9 hold'
+ dpkg --set-selections
dpkg: warning: package not in status nor available database at line 1: gcc-4.9
dpkg: warning: found unknown packages; this might mean the available database
is outdated, and needs to be updated through a frontend method;
please see the FAQ <https://wiki.debian.org/Teams/Dpkg/FAQ>
+ echo 'g++-4.9 hold'
+ dpkg --set-selections
dpkg: warning: package not in status nor available database at line 1: g++-4.9
dpkg: warning: found unknown packages; this might mean the available database
is outdated, and needs to be updated through a frontend method;
please see the FAQ <https://wiki.debian.org/Teams/Dpkg/FAQ>
+ for VERSION in $VERSIONS
+ rm -f g++-5 gcc-5 cpp-5 gcc
+ ln -s clang++-9 g++-5
+ ln -s clang-9 gcc-5
+ ln -s clang-9 cpp-5
+ ln -s clang-9 gcc
+ echo 'gcc-5 hold'
+ dpkg --set-selections
dpkg: warning: package not in status nor available database at line 1: gcc-5
dpkg: warning: found unknown packages; this might mean the available database
is outdated, and needs to be updated through a frontend method;
please see the FAQ <https://wiki.debian.org/Teams/Dpkg/FAQ>
+ echo 'g++-5 hold'
+ dpkg --set-selections
dpkg: warning: package not in status nor available database at line 1: g++-5
dpkg: warning: found unknown packages; this might mean the available database
is outdated, and needs to be updated through a frontend method;
please see the FAQ <https://wiki.debian.org/Teams/Dpkg/FAQ>
+ for VERSION in $VERSIONS
+ rm -f g++-6 gcc-6 cpp-6 gcc
+ ln -s clang++-9 g++-6
+ ln -s clang-9 gcc-6
+ ln -s clang-9 cpp-6
+ ln -s clang-9 gcc
+ echo 'gcc-6 hold'
+ dpkg --set-selections
dpkg: warning: package not in status nor available database at line 1: gcc-6
dpkg: warning: found unknown packages; this might mean the available database
is outdated, and needs to be updated through a frontend method;
please see the FAQ <https://wiki.debian.org/Teams/Dpkg/FAQ>
+ echo 'g++-6 hold'
+ dpkg --set-selections
dpkg: warning: package not in status nor available database at line 1: g++-6
dpkg: warning: found unknown packages; this might mean the available database
is outdated, and needs to be updated through a frontend method;
please see the FAQ <https://wiki.debian.org/Teams/Dpkg/FAQ>
+ for VERSION in $VERSIONS
+ rm -f g++-7 gcc-7 cpp-7 gcc
+ ln -s clang++-9 g++-7
+ ln -s clang-9 gcc-7
+ ln -s clang-9 cpp-7
+ ln -s clang-9 gcc
+ dpkg --set-selections
+ echo 'gcc-7 hold'
dpkg: warning: package not in status nor available database at line 1: gcc-7
dpkg: warning: found unknown packages; this might mean the available database
is outdated, and needs to be updated through a frontend method;
please see the FAQ <https://wiki.debian.org/Teams/Dpkg/FAQ>
+ dpkg --set-selections
+ echo 'g++-7 hold'
dpkg: warning: package not in status nor available database at line 1: g++-7
dpkg: warning: found unknown packages; this might mean the available database
is outdated, and needs to be updated through a frontend method;
please see the FAQ <https://wiki.debian.org/Teams/Dpkg/FAQ>
+ for VERSION in $VERSIONS
+ rm -f g++-8 gcc-8 cpp-8 gcc
+ ln -s clang++-9 g++-8
+ ln -s clang-9 gcc-8
+ ln -s clang-9 cpp-8
+ ln -s clang-9 gcc
+ echo 'gcc-8 hold'
+ dpkg --set-selections
dpkg: warning: package not in status nor available database at line 1: gcc-8
dpkg: warning: found unknown packages; this might mean the available database
is outdated, and needs to be updated through a frontend method;
please see the FAQ <https://wiki.debian.org/Teams/Dpkg/FAQ>
+ echo 'g++-8 hold'
+ dpkg --set-selections
dpkg: warning: package not in status nor available database at line 1: g++-8
dpkg: warning: found unknown packages; this might mean the available database
is outdated, and needs to be updated through a frontend method;
please see the FAQ <https://wiki.debian.org/Teams/Dpkg/FAQ>
+ for VERSION in $VERSIONS
+ rm -f g++-9 gcc-9 cpp-9 gcc
+ ln -s clang++-9 g++-9
+ ln -s clang-9 gcc-9
+ ln -s clang-9 cpp-9
+ ln -s clang-9 gcc
+ echo 'gcc-9 hold'
+ dpkg --set-selections
+ echo 'g++-9 hold'
+ dpkg --set-selections
+ for VERSION in $VERSIONS
+ rm -f g++-10 gcc-10 cpp-10 gcc
+ ln -s clang++-9 g++-10
+ ln -s clang-9 gcc-10
+ ln -s clang-9 cpp-10
+ ln -s clang-9 gcc
+ echo 'gcc-10 hold'
+ dpkg --set-selections
dpkg: warning: package not in status nor available database at line 1: gcc-10
dpkg: warning: found unknown packages; this might mean the available database
is outdated, and needs to be updated through a frontend method;
please see the FAQ <https://wiki.debian.org/Teams/Dpkg/FAQ>
+ echo 'g++-10 hold'
+ dpkg --set-selections
dpkg: warning: package not in status nor available database at line 1: g++-10
dpkg: warning: found unknown packages; this might mean the available database
is outdated, and needs to be updated through a frontend method;
please see the FAQ <https://wiki.debian.org/Teams/Dpkg/FAQ>
+ cd -
/build/urdfdom-pk6RRb
+ echo 'Check if gcc, g++ & cpp are actually clang'
Check if gcc, g++ & cpp are actually clang
+ gcc --version
+ grep clang
+ cpp --version
+ grep clang
+ g++ --version
+ grep clang

I: Finished running '/tmp/clang9'.

Finished processing commands.
--------------------------------------------------------------------------------
I: NOTICE: Log filtering will replace 'build/urdfdom-pk6RRb/resolver-ecN6U6' with '<<RESOLVERDIR>>'

+------------------------------------------------------------------------------+
| Update chroot                                                                |
+------------------------------------------------------------------------------+

Hit:1 http://127.0.0.1:12990/debian sid InRelease
Reading package lists...
Reading package lists...
Building dependency tree...
Reading state information...
Calculating upgrade...
The following packages will be upgraded:
  libgmp10 zlib1g
2 upgraded, 0 newly installed, 0 to remove and 0 not upgraded.
Need to get 343 kB of archives.
After this operation, 0 B of additional disk space will be used.
Get:1 http://127.0.0.1:12990/debian sid/main amd64 libgmp10 amd64 2:6.2.0+dfsg-4 [253 kB]
Get:2 http://127.0.0.1:12990/debian sid/main amd64 zlib1g amd64 1:1.2.11.dfsg-2 [90.4 kB]
debconf: delaying package configuration, since apt-utils is not installed
Fetched 343 kB in 0s (3594 kB/s)
(Reading database ... (Reading database ... 5%(Reading database ... 10%(Reading database ... 15%(Reading database ... 20%(Reading database ... 25%(Reading database ... 30%(Reading database ... 35%(Reading database ... 40%(Reading database ... 45%(Reading database ... 50%(Reading database ... 55%(Reading database ... 60%(Reading database ... 65%(Reading database ... 70%(Reading database ... 75%(Reading database ... 80%(Reading database ... 85%(Reading database ... 90%(Reading database ... 95%(Reading database ... 100%(Reading database ... 13921 files and directories currently installed.)
Preparing to unpack .../libgmp10_2%3a6.2.0+dfsg-4_amd64.deb ...
Unpacking libgmp10:amd64 (2:6.2.0+dfsg-4) over (2:6.2.0+dfsg-3) ...
Setting up libgmp10:amd64 (2:6.2.0+dfsg-4) ...
(Reading database ... (Reading database ... 5%(Reading database ... 10%(Reading database ... 15%(Reading database ... 20%(Reading database ... 25%(Reading database ... 30%(Reading database ... 35%(Reading database ... 40%(Reading database ... 45%(Reading database ... 50%(Reading database ... 55%(Reading database ... 60%(Reading database ... 65%(Reading database ... 70%(Reading database ... 75%(Reading database ... 80%(Reading database ... 85%(Reading database ... 90%(Reading database ... 95%(Reading database ... 100%(Reading database ... 13921 files and directories currently installed.)
Preparing to unpack .../zlib1g_1%3a1.2.11.dfsg-2_amd64.deb ...
Unpacking zlib1g:amd64 (1:1.2.11.dfsg-2) over (1:1.2.11.dfsg-1.2) ...
Setting up zlib1g:amd64 (1:1.2.11.dfsg-2) ...
Processing triggers for libc-bin (2.29-10) ...

+------------------------------------------------------------------------------+
| Fetch source files                                                           |
+------------------------------------------------------------------------------+


Check APT
---------

Checking available source versions...

Download source files with APT
------------------------------

Reading package lists...
NOTICE: 'urdfdom' packaging is maintained in the 'Git' version control system at:
https://salsa.debian.org/science-team/urdfdom.git
Please use:
git clone https://salsa.debian.org/science-team/urdfdom.git
to retrieve the latest (possibly unreleased) updates to the package.
Need to get 205 kB of source archives.
Get:1 http://127.0.0.1:12990/debian sid/main urdfdom 1.0.4+ds-2 (dsc) [2463 B]
Get:2 http://127.0.0.1:12990/debian sid/main urdfdom 1.0.4+ds-2 (tar) [198 kB]
Get:3 http://127.0.0.1:12990/debian sid/main urdfdom 1.0.4+ds-2 (diff) [4400 B]
Fetched 205 kB in 0s (2230 kB/s)
Download complete and in download only mode
I: NOTICE: Log filtering will replace 'build/urdfdom-pk6RRb/urdfdom-1.0.4+ds' with '<<PKGBUILDDIR>>'
I: NOTICE: Log filtering will replace 'build/urdfdom-pk6RRb' with '<<BUILDDIR>>'

+------------------------------------------------------------------------------+
| Install package build dependencies                                           |
+------------------------------------------------------------------------------+


Setup apt archive
-----------------

Merged Build-Depends: debhelper (>= 11), cmake, libtinyxml-dev, libconsole-bridge-dev, liburdfdom-headers-dev (>= 1.0), build-essential, fakeroot
Filtered Build-Depends: debhelper (>= 11), cmake, libtinyxml-dev, libconsole-bridge-dev, liburdfdom-headers-dev (>= 1.0), build-essential, fakeroot
dpkg-deb: building package 'sbuild-build-depends-main-dummy' in '/<<RESOLVERDIR>>/apt_archive/sbuild-build-depends-main-dummy.deb'.
Ign:1 copy:/<<RESOLVERDIR>>/apt_archive ./ InRelease
Get:2 copy:/<<RESOLVERDIR>>/apt_archive ./ Release [957 B]
Ign:3 copy:/<<RESOLVERDIR>>/apt_archive ./ Release.gpg
Get:4 copy:/<<RESOLVERDIR>>/apt_archive ./ Sources [409 B]
Get:5 copy:/<<RESOLVERDIR>>/apt_archive ./ Packages [490 B]
Fetched 1856 B in 0s (0 B/s)
Reading package lists...
Reading package lists...

Install main build dependencies (apt-based resolver)
----------------------------------------------------

Installing build dependencies
Reading package lists...
Building dependency tree...
Reading state information...
The following additional packages will be installed:
  autoconf automake autopoint autotools-dev bsdmainutils cmake cmake-data
  debhelper dh-autoreconf dh-strip-nondeterminism dwz file gettext
  gettext-base groff-base intltool-debian libarchive-zip-perl libarchive13
  libbrotli1 libconsole-bridge-dev libconsole-bridge0.4 libcroco3 libcurl4
  libdebhelper-perl libelf1 libexpat1 libfile-stripnondeterminism-perl
  libglib2.0-0 libgssapi-krb5-2 libicu63 libjsoncpp1 libk5crypto3 libkeyutils1
  libkrb5-3 libkrb5support0 libldap-2.4-2 libldap-common libmagic-mgc
  libmagic1 libncurses6 libnghttp2-14 libpipeline1 libprocps8 libpsl5
  librhash0 librtmp1 libsasl2-2 libsasl2-modules-db libsigsegv2 libssh2-1
  libssl1.1 libsub-override-perl libtinyxml-dev libtinyxml2.6.2v5 libtool
  libuchardet0 liburdfdom-headers-dev libuv1 libxml2 m4 man-db pkg-config
  po-debconf procps sensible-utils
Suggested packages:
  autoconf-archive gnu-standards autoconf-doc wamerican | wordlist whois
  vacation cmake-doc ninja-build dh-make gettext-doc libasprintf-dev
  libgettextpo-dev groff lrzip krb5-doc krb5-user libtinyxml-doc libtool-doc
  gfortran | fortran95-compiler gcj-jdk m4-doc apparmor less www-browser
  libmail-box-perl
Recommended packages:
  curl | wget | lynx ca-certificates libarchive-cpio-perl libglib2.0-data
  shared-mime-info xdg-user-dirs krb5-locales libgpm2 publicsuffix
  libsasl2-modules libltdl-dev libmail-sendmail-perl psmisc
The following NEW packages will be installed:
  autoconf automake autopoint autotools-dev bsdmainutils cmake cmake-data
  debhelper dh-autoreconf dh-strip-nondeterminism dwz file gettext
  gettext-base groff-base intltool-debian libarchive-zip-perl libarchive13
  libbrotli1 libconsole-bridge-dev libconsole-bridge0.4 libcroco3 libcurl4
  libdebhelper-perl libelf1 libexpat1 libfile-stripnondeterminism-perl
  libglib2.0-0 libgssapi-krb5-2 libicu63 libjsoncpp1 libk5crypto3 libkeyutils1
  libkrb5-3 libkrb5support0 libldap-2.4-2 libldap-common libmagic-mgc
  libmagic1 libncurses6 libnghttp2-14 libpipeline1 libprocps8 libpsl5
  librhash0 librtmp1 libsasl2-2 libsasl2-modules-db libsigsegv2 libssh2-1
  libssl1.1 libsub-override-perl libtinyxml-dev libtinyxml2.6.2v5 libtool
  libuchardet0 liburdfdom-headers-dev libuv1 libxml2 m4 man-db pkg-config
  po-debconf procps sbuild-build-depends-main-dummy sensible-utils
0 upgraded, 66 newly installed, 0 to remove and 0 not upgraded.
Need to get 29.5 MB of archives.
After this operation, 111 MB of additional disk space will be used.
Get:1 copy:/<<RESOLVERDIR>>/apt_archive ./ sbuild-build-depends-main-dummy 0.invalid.0 [920 B]
Get:2 http://127.0.0.1:12990/debian sid/main amd64 bsdmainutils amd64 11.1.2+b1 [191 kB]
Get:3 http://127.0.0.1:12990/debian sid/main amd64 libuchardet0 amd64 0.0.6-3 [64.9 kB]
Get:4 http://127.0.0.1:12990/debian sid/main amd64 groff-base amd64 1.22.4-4 [919 kB]
Get:5 http://127.0.0.1:12990/debian sid/main amd64 libpipeline1 amd64 1.5.2-2 [33.9 kB]
Get:6 http://127.0.0.1:12990/debian sid/main amd64 man-db amd64 2.9.0-2 [1307 kB]
Get:7 http://127.0.0.1:12990/debian sid/main amd64 libncurses6 amd64 6.1+20191019-1 [102 kB]
Get:8 http://127.0.0.1:12990/debian sid/main amd64 libprocps8 amd64 2:3.3.16-1+b1 [62.8 kB]
Get:9 http://127.0.0.1:12990/debian sid/main amd64 procps amd64 2:3.3.16-1+b1 [263 kB]
Get:10 http://127.0.0.1:12990/debian sid/main amd64 sensible-utils all 0.0.12+nmu1 [16.0 kB]
Get:11 http://127.0.0.1:12990/debian sid/main amd64 libmagic-mgc amd64 1:5.38-4 [262 kB]
Get:12 http://127.0.0.1:12990/debian sid/main amd64 libmagic1 amd64 1:5.38-4 [120 kB]
Get:13 http://127.0.0.1:12990/debian sid/main amd64 file amd64 1:5.38-4 [67.9 kB]
Get:14 http://127.0.0.1:12990/debian sid/main amd64 gettext-base amd64 0.19.8.1-10 [123 kB]
Get:15 http://127.0.0.1:12990/debian sid/main amd64 libsigsegv2 amd64 2.12-2 [32.8 kB]
Get:16 http://127.0.0.1:12990/debian sid/main amd64 m4 amd64 1.4.18-4 [203 kB]
Get:17 http://127.0.0.1:12990/debian sid/main amd64 autoconf all 2.69-11.1 [341 kB]
Get:18 http://127.0.0.1:12990/debian sid/main amd64 autotools-dev all 20180224.1 [77.0 kB]
Get:19 http://127.0.0.1:12990/debian sid/main amd64 automake all 1:1.16.1-4 [771 kB]
Get:20 http://127.0.0.1:12990/debian sid/main amd64 autopoint all 0.19.8.1-10 [435 kB]
Get:21 http://127.0.0.1:12990/debian sid/main amd64 cmake-data all 3.16.3-1 [1628 kB]
Get:22 http://127.0.0.1:12990/debian sid/main amd64 libicu63 amd64 63.2-2 [8301 kB]
Get:23 http://127.0.0.1:12990/debian sid/main amd64 libxml2 amd64 2.9.10+dfsg-3 [709 kB]
Get:24 http://127.0.0.1:12990/debian sid/main amd64 libarchive13 amd64 3.4.0-1+b1 [335 kB]
Get:25 http://127.0.0.1:12990/debian sid/main amd64 libbrotli1 amd64 1.0.7-6 [266 kB]
Get:26 http://127.0.0.1:12990/debian sid/main amd64 libkeyutils1 amd64 1.6.1-2 [15.4 kB]
Get:27 http://127.0.0.1:12990/debian sid/main amd64 libkrb5support0 amd64 1.17-6 [64.6 kB]
Get:28 http://127.0.0.1:12990/debian sid/main amd64 libk5crypto3 amd64 1.17-6 [116 kB]
Get:29 http://127.0.0.1:12990/debian sid/main amd64 libssl1.1 amd64 1.1.1d-2 [1540 kB]
Get:30 http://127.0.0.1:12990/debian sid/main amd64 libkrb5-3 amd64 1.17-6 [366 kB]
Get:31 http://127.0.0.1:12990/debian sid/main amd64 libgssapi-krb5-2 amd64 1.17-6 [156 kB]
Get:32 http://127.0.0.1:12990/debian sid/main amd64 libsasl2-modules-db amd64 2.1.27+dfsg-2 [69.0 kB]
Get:33 http://127.0.0.1:12990/debian sid/main amd64 libsasl2-2 amd64 2.1.27+dfsg-2 [106 kB]
Get:34 http://127.0.0.1:12990/debian sid/main amd64 libldap-common all 2.4.49+dfsg-1 [91.9 kB]
Get:35 http://127.0.0.1:12990/debian sid/main amd64 libldap-2.4-2 amd64 2.4.49+dfsg-1 [226 kB]
Get:36 http://127.0.0.1:12990/debian sid/main amd64 libnghttp2-14 amd64 1.40.0-1 [85.0 kB]
Get:37 http://127.0.0.1:12990/debian sid/main amd64 libpsl5 amd64 0.20.2-2 [53.7 kB]
Get:38 http://127.0.0.1:12990/debian sid/main amd64 librtmp1 amd64 2.4+20151223.gitfa8646d.1-2+b1 [60.8 kB]
Get:39 http://127.0.0.1:12990/debian sid/main amd64 libssh2-1 amd64 1.8.0-2.1 [140 kB]
Get:40 http://127.0.0.1:12990/debian sid/main amd64 libcurl4 amd64 7.68.0-1 [321 kB]
Get:41 http://127.0.0.1:12990/debian sid/main amd64 libexpat1 amd64 2.2.9-1 [94.3 kB]
Get:42 http://127.0.0.1:12990/debian sid/main amd64 libjsoncpp1 amd64 1.7.4-3.1 [77.6 kB]
Get:43 http://127.0.0.1:12990/debian sid/main amd64 librhash0 amd64 1.3.9-1 [123 kB]
Get:44 http://127.0.0.1:12990/debian sid/main amd64 libuv1 amd64 1.34.2-1 [127 kB]
Get:45 http://127.0.0.1:12990/debian sid/main amd64 cmake amd64 3.16.3-1 [3673 kB]
Get:46 http://127.0.0.1:12990/debian sid/main amd64 libtool all 2.4.6-13 [513 kB]
Get:47 http://127.0.0.1:12990/debian sid/main amd64 dh-autoreconf all 19 [16.9 kB]
Get:48 http://127.0.0.1:12990/debian sid/main amd64 libdebhelper-perl all 12.9 [183 kB]
Get:49 http://127.0.0.1:12990/debian sid/main amd64 libarchive-zip-perl all 1.67-1 [104 kB]
Get:50 http://127.0.0.1:12990/debian sid/main amd64 libsub-override-perl all 0.09-2 [10.2 kB]
Get:51 http://127.0.0.1:12990/debian sid/main amd64 libfile-stripnondeterminism-perl all 1.6.3-2 [23.7 kB]
Get:52 http://127.0.0.1:12990/debian sid/main amd64 dh-strip-nondeterminism all 1.6.3-2 [14.7 kB]
Get:53 http://127.0.0.1:12990/debian sid/main amd64 libelf1 amd64 0.176-1.1 [161 kB]
Get:54 http://127.0.0.1:12990/debian sid/main amd64 dwz amd64 0.13-5 [151 kB]
Get:55 http://127.0.0.1:12990/debian sid/main amd64 libglib2.0-0 amd64 2.62.4-2 [1319 kB]
Get:56 http://127.0.0.1:12990/debian sid/main amd64 libcroco3 amd64 0.6.13-1 [146 kB]
Get:57 http://127.0.0.1:12990/debian sid/main amd64 gettext amd64 0.19.8.1-10 [1303 kB]
Get:58 http://127.0.0.1:12990/debian sid/main amd64 intltool-debian all 0.35.0+20060710.5 [26.8 kB]
Get:59 http://127.0.0.1:12990/debian sid/main amd64 po-debconf all 1.0.21 [248 kB]
Get:60 http://127.0.0.1:12990/debian sid/main amd64 debhelper all 12.9 [994 kB]
Get:61 http://127.0.0.1:12990/debian sid/main amd64 libconsole-bridge0.4 amd64 0.4.4+dfsg-1 [8168 B]
Get:62 http://127.0.0.1:12990/debian sid/main amd64 pkg-config amd64 0.29-6 [63.5 kB]
Get:63 http://127.0.0.1:12990/debian sid/main amd64 libconsole-bridge-dev amd64 0.4.4+dfsg-1 [7472 B]
Get:64 http://127.0.0.1:12990/debian sid/main amd64 libtinyxml2.6.2v5 amd64 2.6.2-4 [36.8 kB]
Get:65 http://127.0.0.1:12990/debian sid/main amd64 libtinyxml-dev amd64 2.6.2-4 [52.2 kB]
Get:66 http://127.0.0.1:12990/debian sid/main amd64 liburdfdom-headers-dev amd64 1.0.4-1 [12.9 kB]
debconf: delaying package configuration, since apt-utils is not installed
Fetched 29.5 MB in 1s (56.1 MB/s)
Selecting previously unselected package bsdmainutils.
(Reading database ... 13921 files and directories currently installed.)
Preparing to unpack .../00-bsdmainutils_11.1.2+b1_amd64.deb ...
Unpacking bsdmainutils (11.1.2+b1) ...
Selecting previously unselected package libuchardet0:amd64.
Preparing to unpack .../01-libuchardet0_0.0.6-3_amd64.deb ...
Unpacking libuchardet0:amd64 (0.0.6-3) ...
Selecting previously unselected package groff-base.
Preparing to unpack .../02-groff-base_1.22.4-4_amd64.deb ...
Unpacking groff-base (1.22.4-4) ...
Selecting previously unselected package libpipeline1:amd64.
Preparing to unpack .../03-libpipeline1_1.5.2-2_amd64.deb ...
Unpacking libpipeline1:amd64 (1.5.2-2) ...
Selecting previously unselected package man-db.
Preparing to unpack .../04-man-db_2.9.0-2_amd64.deb ...
Unpacking man-db (2.9.0-2) ...
Selecting previously unselected package libncurses6:amd64.
Preparing to unpack .../05-libncurses6_6.1+20191019-1_amd64.deb ...
Unpacking libncurses6:amd64 (6.1+20191019-1) ...
Selecting previously unselected package libprocps8:amd64.
Preparing to unpack .../06-libprocps8_2%3a3.3.16-1+b1_amd64.deb ...
Unpacking libprocps8:amd64 (2:3.3.16-1+b1) ...
Selecting previously unselected package procps.
Preparing to unpack .../07-procps_2%3a3.3.16-1+b1_amd64.deb ...
Unpacking procps (2:3.3.16-1+b1) ...
Selecting previously unselected package sensible-utils.
Preparing to unpack .../08-sensible-utils_0.0.12+nmu1_all.deb ...
Unpacking sensible-utils (0.0.12+nmu1) ...
Selecting previously unselected package libmagic-mgc.
Preparing to unpack .../09-libmagic-mgc_1%3a5.38-4_amd64.deb ...
Unpacking libmagic-mgc (1:5.38-4) ...
Selecting previously unselected package libmagic1:amd64.
Preparing to unpack .../10-libmagic1_1%3a5.38-4_amd64.deb ...
Unpacking libmagic1:amd64 (1:5.38-4) ...
Selecting previously unselected package file.
Preparing to unpack .../11-file_1%3a5.38-4_amd64.deb ...
Unpacking file (1:5.38-4) ...
Selecting previously unselected package gettext-base.
Preparing to unpack .../12-gettext-base_0.19.8.1-10_amd64.deb ...
Unpacking gettext-base (0.19.8.1-10) ...
Selecting previously unselected package libsigsegv2:amd64.
Preparing to unpack .../13-libsigsegv2_2.12-2_amd64.deb ...
Unpacking libsigsegv2:amd64 (2.12-2) ...
Selecting previously unselected package m4.
Preparing to unpack .../14-m4_1.4.18-4_amd64.deb ...
Unpacking m4 (1.4.18-4) ...
Selecting previously unselected package autoconf.
Preparing to unpack .../15-autoconf_2.69-11.1_all.deb ...
Unpacking autoconf (2.69-11.1) ...
Selecting previously unselected package autotools-dev.
Preparing to unpack .../16-autotools-dev_20180224.1_all.deb ...
Unpacking autotools-dev (20180224.1) ...
Selecting previously unselected package automake.
Preparing to unpack .../17-automake_1%3a1.16.1-4_all.deb ...
Unpacking automake (1:1.16.1-4) ...
Selecting previously unselected package autopoint.
Preparing to unpack .../18-autopoint_0.19.8.1-10_all.deb ...
Unpacking autopoint (0.19.8.1-10) ...
Selecting previously unselected package cmake-data.
Preparing to unpack .../19-cmake-data_3.16.3-1_all.deb ...
Unpacking cmake-data (3.16.3-1) ...
Selecting previously unselected package libicu63:amd64.
Preparing to unpack .../20-libicu63_63.2-2_amd64.deb ...
Unpacking libicu63:amd64 (63.2-2) ...
Selecting previously unselected package libxml2:amd64.
Preparing to unpack .../21-libxml2_2.9.10+dfsg-3_amd64.deb ...
Unpacking libxml2:amd64 (2.9.10+dfsg-3) ...
Selecting previously unselected package libarchive13:amd64.
Preparing to unpack .../22-libarchive13_3.4.0-1+b1_amd64.deb ...
Unpacking libarchive13:amd64 (3.4.0-1+b1) ...
Selecting previously unselected package libbrotli1:amd64.
Preparing to unpack .../23-libbrotli1_1.0.7-6_amd64.deb ...
Unpacking libbrotli1:amd64 (1.0.7-6) ...
Selecting previously unselected package libkeyutils1:amd64.
Preparing to unpack .../24-libkeyutils1_1.6.1-2_amd64.deb ...
Unpacking libkeyutils1:amd64 (1.6.1-2) ...
Selecting previously unselected package libkrb5support0:amd64.
Preparing to unpack .../25-libkrb5support0_1.17-6_amd64.deb ...
Unpacking libkrb5support0:amd64 (1.17-6) ...
Selecting previously unselected package libk5crypto3:amd64.
Preparing to unpack .../26-libk5crypto3_1.17-6_amd64.deb ...
Unpacking libk5crypto3:amd64 (1.17-6) ...
Selecting previously unselected package libssl1.1:amd64.
Preparing to unpack .../27-libssl1.1_1.1.1d-2_amd64.deb ...
Unpacking libssl1.1:amd64 (1.1.1d-2) ...
Selecting previously unselected package libkrb5-3:amd64.
Preparing to unpack .../28-libkrb5-3_1.17-6_amd64.deb ...
Unpacking libkrb5-3:amd64 (1.17-6) ...
Selecting previously unselected package libgssapi-krb5-2:amd64.
Preparing to unpack .../29-libgssapi-krb5-2_1.17-6_amd64.deb ...
Unpacking libgssapi-krb5-2:amd64 (1.17-6) ...
Selecting previously unselected package libsasl2-modules-db:amd64.
Preparing to unpack .../30-libsasl2-modules-db_2.1.27+dfsg-2_amd64.deb ...
Unpacking libsasl2-modules-db:amd64 (2.1.27+dfsg-2) ...
Selecting previously unselected package libsasl2-2:amd64.
Preparing to unpack .../31-libsasl2-2_2.1.27+dfsg-2_amd64.deb ...
Unpacking libsasl2-2:amd64 (2.1.27+dfsg-2) ...
Selecting previously unselected package libldap-common.
Preparing to unpack .../32-libldap-common_2.4.49+dfsg-1_all.deb ...
Unpacking libldap-common (2.4.49+dfsg-1) ...
Selecting previously unselected package libldap-2.4-2:amd64.
Preparing to unpack .../33-libldap-2.4-2_2.4.49+dfsg-1_amd64.deb ...
Unpacking libldap-2.4-2:amd64 (2.4.49+dfsg-1) ...
Selecting previously unselected package libnghttp2-14:amd64.
Preparing to unpack .../34-libnghttp2-14_1.40.0-1_amd64.deb ...
Unpacking libnghttp2-14:amd64 (1.40.0-1) ...
Selecting previously unselected package libpsl5:amd64.
Preparing to unpack .../35-libpsl5_0.20.2-2_amd64.deb ...
Unpacking libpsl5:amd64 (0.20.2-2) ...
Selecting previously unselected package librtmp1:amd64.
Preparing to unpack .../36-librtmp1_2.4+20151223.gitfa8646d.1-2+b1_amd64.deb ...
Unpacking librtmp1:amd64 (2.4+20151223.gitfa8646d.1-2+b1) ...
Selecting previously unselected package libssh2-1:amd64.
Preparing to unpack .../37-libssh2-1_1.8.0-2.1_amd64.deb ...
Unpacking libssh2-1:amd64 (1.8.0-2.1) ...
Selecting previously unselected package libcurl4:amd64.
Preparing to unpack .../38-libcurl4_7.68.0-1_amd64.deb ...
Unpacking libcurl4:amd64 (7.68.0-1) ...
Selecting previously unselected package libexpat1:amd64.
Preparing to unpack .../39-libexpat1_2.2.9-1_amd64.deb ...
Unpacking libexpat1:amd64 (2.2.9-1) ...
Selecting previously unselected package libjsoncpp1:amd64.
Preparing to unpack .../40-libjsoncpp1_1.7.4-3.1_amd64.deb ...
Unpacking libjsoncpp1:amd64 (1.7.4-3.1) ...
Selecting previously unselected package librhash0:amd64.
Preparing to unpack .../41-librhash0_1.3.9-1_amd64.deb ...
Unpacking librhash0:amd64 (1.3.9-1) ...
Selecting previously unselected package libuv1:amd64.
Preparing to unpack .../42-libuv1_1.34.2-1_amd64.deb ...
Unpacking libuv1:amd64 (1.34.2-1) ...
Selecting previously unselected package cmake.
Preparing to unpack .../43-cmake_3.16.3-1_amd64.deb ...
Unpacking cmake (3.16.3-1) ...
Selecting previously unselected package libtool.
Preparing to unpack .../44-libtool_2.4.6-13_all.deb ...
Unpacking libtool (2.4.6-13) ...
Selecting previously unselected package dh-autoreconf.
Preparing to unpack .../45-dh-autoreconf_19_all.deb ...
Unpacking dh-autoreconf (19) ...
Selecting previously unselected package libdebhelper-perl.
Preparing to unpack .../46-libdebhelper-perl_12.9_all.deb ...
Unpacking libdebhelper-perl (12.9) ...
Selecting previously unselected package libarchive-zip-perl.
Preparing to unpack .../47-libarchive-zip-perl_1.67-1_all.deb ...
Unpacking libarchive-zip-perl (1.67-1) ...
Selecting previously unselected package libsub-override-perl.
Preparing to unpack .../48-libsub-override-perl_0.09-2_all.deb ...
Unpacking libsub-override-perl (0.09-2) ...
Selecting previously unselected package libfile-stripnondeterminism-perl.
Preparing to unpack .../49-libfile-stripnondeterminism-perl_1.6.3-2_all.deb ...
Unpacking libfile-stripnondeterminism-perl (1.6.3-2) ...
Selecting previously unselected package dh-strip-nondeterminism.
Preparing to unpack .../50-dh-strip-nondeterminism_1.6.3-2_all.deb ...
Unpacking dh-strip-nondeterminism (1.6.3-2) ...
Selecting previously unselected package libelf1:amd64.
Preparing to unpack .../51-libelf1_0.176-1.1_amd64.deb ...
Unpacking libelf1:amd64 (0.176-1.1) ...
Selecting previously unselected package dwz.
Preparing to unpack .../52-dwz_0.13-5_amd64.deb ...
Unpacking dwz (0.13-5) ...
Selecting previously unselected package libglib2.0-0:amd64.
Preparing to unpack .../53-libglib2.0-0_2.62.4-2_amd64.deb ...
Unpacking libglib2.0-0:amd64 (2.62.4-2) ...
Selecting previously unselected package libcroco3:amd64.
Preparing to unpack .../54-libcroco3_0.6.13-1_amd64.deb ...
Unpacking libcroco3:amd64 (0.6.13-1) ...
Selecting previously unselected package gettext.
Preparing to unpack .../55-gettext_0.19.8.1-10_amd64.deb ...
Unpacking gettext (0.19.8.1-10) ...
Selecting previously unselected package intltool-debian.
Preparing to unpack .../56-intltool-debian_0.35.0+20060710.5_all.deb ...
Unpacking intltool-debian (0.35.0+20060710.5) ...
Selecting previously unselected package po-debconf.
Preparing to unpack .../57-po-debconf_1.0.21_all.deb ...
Unpacking po-debconf (1.0.21) ...
Selecting previously unselected package debhelper.
Preparing to unpack .../58-debhelper_12.9_all.deb ...
Unpacking debhelper (12.9) ...
Selecting previously unselected package libconsole-bridge0.4:amd64.
Preparing to unpack .../59-libconsole-bridge0.4_0.4.4+dfsg-1_amd64.deb ...
Unpacking libconsole-bridge0.4:amd64 (0.4.4+dfsg-1) ...
Selecting previously unselected package pkg-config.
Preparing to unpack .../60-pkg-config_0.29-6_amd64.deb ...
Unpacking pkg-config (0.29-6) ...
Selecting previously unselected package libconsole-bridge-dev:amd64.
Preparing to unpack .../61-libconsole-bridge-dev_0.4.4+dfsg-1_amd64.deb ...
Unpacking libconsole-bridge-dev:amd64 (0.4.4+dfsg-1) ...
Selecting previously unselected package libtinyxml2.6.2v5:amd64.
Preparing to unpack .../62-libtinyxml2.6.2v5_2.6.2-4_amd64.deb ...
Unpacking libtinyxml2.6.2v5:amd64 (2.6.2-4) ...
Selecting previously unselected package libtinyxml-dev:amd64.
Preparing to unpack .../63-libtinyxml-dev_2.6.2-4_amd64.deb ...
Unpacking libtinyxml-dev:amd64 (2.6.2-4) ...
Selecting previously unselected package liburdfdom-headers-dev.
Preparing to unpack .../64-liburdfdom-headers-dev_1.0.4-1_amd64.deb ...
Unpacking liburdfdom-headers-dev (1.0.4-1) ...
Selecting previously unselected package sbuild-build-depends-main-dummy.
Preparing to unpack .../65-sbuild-build-depends-main-dummy_0.invalid.0_amd64.deb ...
Unpacking sbuild-build-depends-main-dummy (0.invalid.0) ...
Setting up libexpat1:amd64 (2.2.9-1) ...
Setting up libpipeline1:amd64 (1.5.2-2) ...
Setting up libkeyutils1:amd64 (1.6.1-2) ...
Setting up libpsl5:amd64 (0.20.2-2) ...
Setting up libmagic-mgc (1:5.38-4) ...
Setting up libarchive-zip-perl (1.67-1) ...
Setting up libglib2.0-0:amd64 (2.62.4-2) ...
No schema files found: doing nothing.
Setting up libssl1.1:amd64 (1.1.1d-2) ...
Setting up libdebhelper-perl (12.9) ...
Setting up libbrotli1:amd64 (1.0.7-6) ...
Setting up libnghttp2-14:amd64 (1.40.0-1) ...
Setting up libmagic1:amd64 (1:5.38-4) ...
Setting up gettext-base (0.19.8.1-10) ...
Setting up file (1:5.38-4) ...
Setting up libldap-common (2.4.49+dfsg-1) ...
Setting up libicu63:amd64 (63.2-2) ...
Setting up libkrb5support0:amd64 (1.17-6) ...
Setting up libsasl2-modules-db:amd64 (2.1.27+dfsg-2) ...
Setting up autotools-dev (20180224.1) ...
Setting up libuv1:amd64 (1.34.2-1) ...
Setting up librtmp1:amd64 (2.4+20151223.gitfa8646d.1-2+b1) ...
Setting up libncurses6:amd64 (6.1+20191019-1) ...
Setting up libsigsegv2:amd64 (2.12-2) ...
Setting up bsdmainutils (11.1.2+b1) ...
update-alternatives: using /usr/bin/bsd-write to provide /usr/bin/write (write) in auto mode
update-alternatives: using /usr/bin/bsd-from to provide /usr/bin/from (from) in auto mode
Setting up autopoint (0.19.8.1-10) ...
Setting up pkg-config (0.29-6) ...
Setting up libtinyxml2.6.2v5:amd64 (2.6.2-4) ...
Setting up libk5crypto3:amd64 (1.17-6) ...
Setting up libsasl2-2:amd64 (2.1.27+dfsg-2) ...
Setting up sensible-utils (0.0.12+nmu1) ...
Setting up librhash0:amd64 (1.3.9-1) ...
Setting up libuchardet0:amd64 (0.0.6-3) ...
Setting up libsub-override-perl (0.09-2) ...
Setting up libssh2-1:amd64 (1.8.0-2.1) ...
Setting up cmake-data (3.16.3-1) ...
Setting up libkrb5-3:amd64 (1.17-6) ...
Setting up libconsole-bridge0.4:amd64 (0.4.4+dfsg-1) ...
Setting up libconsole-bridge-dev:amd64 (0.4.4+dfsg-1) ...
Setting up libelf1:amd64 (0.176-1.1) ...
Setting up libxml2:amd64 (2.9.10+dfsg-3) ...
Setting up libprocps8:amd64 (2:3.3.16-1+b1) ...
Setting up libjsoncpp1:amd64 (1.7.4-3.1) ...
Setting up liburdfdom-headers-dev (1.0.4-1) ...
Setting up libfile-stripnondeterminism-perl (1.6.3-2) ...
Setting up libtool (2.4.6-13) ...
Setting up libarchive13:amd64 (3.4.0-1+b1) ...
Setting up libtinyxml-dev:amd64 (2.6.2-4) ...
Setting up libldap-2.4-2:amd64 (2.4.49+dfsg-1) ...
Setting up m4 (1.4.18-4) ...
Setting up libgssapi-krb5-2:amd64 (1.17-6) ...
Setting up libcroco3:amd64 (0.6.13-1) ...
Setting up autoconf (2.69-11.1) ...
Setting up dh-strip-nondeterminism (1.6.3-2) ...
Setting up dwz (0.13-5) ...
Setting up groff-base (1.22.4-4) ...
Setting up procps (2:3.3.16-1+b1) ...
update-alternatives: using /usr/bin/w.procps to provide /usr/bin/w (w) in auto mode
Setting up libcurl4:amd64 (7.68.0-1) ...
Setting up automake (1:1.16.1-4) ...
update-alternatives: using /usr/bin/automake-1.16 to provide /usr/bin/automake (automake) in auto mode
Setting up gettext (0.19.8.1-10) ...
Setting up man-db (2.9.0-2) ...
Not building database; man-db/auto-update is not 'true'.
Setting up intltool-debian (0.35.0+20060710.5) ...
Setting up cmake (3.16.3-1) ...
Setting up po-debconf (1.0.21) ...
Setting up dh-autoreconf (19) ...
Setting up debhelper (12.9) ...
Setting up sbuild-build-depends-main-dummy (0.invalid.0) ...
Processing triggers for libc-bin (2.29-10) ...

+------------------------------------------------------------------------------+
| Check architectures                                                          |
+------------------------------------------------------------------------------+

Arch check ok (amd64 included in any)

+------------------------------------------------------------------------------+
| Build environment                                                            |
+------------------------------------------------------------------------------+

Kernel: Linux 4.19.0-6-cloud-amd64 #1 SMP Debian 4.19.67-2+deb10u2 (2019-11-11) amd64 (x86_64)
Toolchain package versions: binutils_2.34-3 dpkg-dev_1.19.7 g++-9_9.2.1-29 gcc-9_9.2.1-29 libc6-dev_2.29-10 libstdc++-8-dev_8.3.0-29 libstdc++-9-dev_9.2.1-29 libstdc++6_10-20200222-1 linux-libc-dev_5.4.19-1
Package versions: adduser_3.118 apt_1.8.4 autoconf_2.69-11.1 automake_1:1.16.1-4 autopoint_0.19.8.1-10 autotools-dev_20180224.1 base-files_11 base-passwd_3.5.47 bash_5.0-5 binutils_2.34-3 binutils-common_2.34-3 binutils-x86-64-linux-gnu_2.34-3 bsdmainutils_11.1.2+b1 bsdutils_1:2.34-0.1 build-essential_12.8 bzip2_1.0.8-2 clang-9_1:9.0.1-8 cmake_3.16.3-1 cmake-data_3.16.3-1 coreutils_8.30-3+b1 cpp_4:9.2.1-3.1 cpp-9_9.2.1-29 dash_0.5.10.2-6 debconf_1.5.73 debhelper_12.9 debian-archive-keyring_2019.1 debianutils_4.9.1 dh-autoreconf_19 dh-strip-nondeterminism_1.6.3-2 diffutils_1:3.7-3 dpkg_1.19.7 dpkg-dev_1.19.7 dwz_0.13-5 e2fsprogs_1.45.5-2 fakeroot_1.24-1 fdisk_2.34-0.1 file_1:5.38-4 findutils_4.7.0-1 g++_4:9.2.1-3.1 g++-9_9.2.1-29 gcc_4:9.2.1-3.1 gcc-10-base_10-20200222-1 gcc-8-base_8.3.0-29 gcc-9_9.2.1-29 gcc-9-base_9.2.1-29 gettext_0.19.8.1-10 gettext-base_0.19.8.1-10 gpgv_2.2.19-1 grep_3.4-1 groff-base_1.22.4-4 gzip_1.9-3+b1 hostname_3.23 init-system-helpers_1.57 intltool-debian_0.35.0+20060710.5 lib32gcc-s1_10-20200222-1 lib32gcc1_1:10-20200222-1 lib32stdc++6_10-20200222-1 libacl1_2.2.53-5 libapt-pkg5.0_1.8.4 libarchive-zip-perl_1.67-1 libarchive13_3.4.0-1+b1 libasan5_9.2.1-29 libatomic1_10-20200222-1 libattr1_1:2.4.48-5 libaudit-common_1:2.8.5-2 libaudit1_1:2.8.5-2+b1 libbinutils_2.34-3 libblkid1_2.34-0.1 libbrotli1_1.0.7-6 libbsd0_0.10.0-1 libbz2-1.0_1.0.8-2 libc-bin_2.29-10 libc-dev-bin_2.29-10 libc6_2.29-10 libc6-dev_2.29-10 libc6-i386_2.29-10 libcap-ng0_0.7.9-2.1+b1 libcc1-0_10-20200222-1 libclang-common-9-dev_1:9.0.1-8 libclang-cpp9_1:9.0.1-8 libcom-err2_1.45.5-2 libconsole-bridge-dev_0.4.4+dfsg-1 libconsole-bridge0.4_0.4.4+dfsg-1 libcroco3_0.6.13-1 libcrypt-dev_1:4.4.10-10 libcrypt1_1:4.4.10-10 libctf-nobfd0_2.34-3 libctf0_2.34-3 libcurl4_7.68.0-1 libdb5.3_5.3.28+dfsg1-0.6 libdebconfclient0_0.251 libdebhelper-perl_12.9 libdpkg-perl_1.19.7 libedit2_3.1-20191231-1 libelf1_0.176-1.1 libexpat1_2.2.9-1 libext2fs2_1.45.5-2 libfakeroot_1.24-1 libfdisk1_2.34-0.1 libffi7_3.3-3 libfile-stripnondeterminism-perl_1.6.3-2 libgc1c2_1:7.6.4-0.4 libgcc-8-dev_8.3.0-29 libgcc-9-dev_9.2.1-29 libgcc-s1_10-20200222-1 libgcc1_1:10-20200222-1 libgcrypt20_1.8.5-5 libgdbm-compat4_1.18.1-5 libgdbm6_1.18.1-5 libglib2.0-0_2.62.4-2 libgmp10_2:6.2.0+dfsg-4 libgnutls30_3.6.12-2 libgomp1_10-20200222-1 libgpg-error0_1.37-1 libgssapi-krb5-2_1.17-6 libhogweed5_3.5.1+really3.5.1-2 libicu63_63.2-2 libidn2-0_2.2.0-2 libisl22_0.22.1-1 libitm1_10-20200222-1 libjsoncpp1_1.7.4-3.1 libk5crypto3_1.17-6 libkeyutils1_1.6.1-2 libkrb5-3_1.17-6 libkrb5support0_1.17-6 libldap-2.4-2_2.4.49+dfsg-1 libldap-common_2.4.49+dfsg-1 libllvm9_1:9.0.1-8 liblsan0_10-20200222-1 liblz4-1_1.9.2-2 liblzma5_5.2.4-1+b1 libmagic-mgc_1:5.38-4 libmagic1_1:5.38-4 libmount1_2.34-0.1 libmpc3_1.1.0-1 libmpfr6_4.0.2-1 libmpx2_8.3.0-29 libncurses6_6.1+20191019-1 libncursesw6_6.1+20191019-1 libnettle7_3.5.1+really3.5.1-2 libnghttp2-14_1.40.0-1 libobjc-8-dev_8.3.0-29 libobjc-9-dev_9.2.1-29 libobjc4_10-20200222-1 libomp-9-dev_1:9.0.1-8 libomp5-9_1:9.0.1-8 libp11-kit0_0.23.20-1 libpam-modules_1.3.1-5 libpam-modules-bin_1.3.1-5 libpam-runtime_1.3.1-5 libpam0g_1.3.1-5 libpcre2-8-0_10.34-7 libpcre3_2:8.39-12+b1 libperl5.30_5.30.0-9 libpipeline1_1.5.2-2 libprocps8_2:3.3.16-1+b1 libpsl5_0.20.2-2 libquadmath0_10-20200222-1 librhash0_1.3.9-1 librtmp1_2.4+20151223.gitfa8646d.1-2+b1 libsasl2-2_2.1.27+dfsg-2 libsasl2-modules-db_2.1.27+dfsg-2 libseccomp2_2.4.2-2 libselinux1_3.0-1+b1 libsemanage-common_3.0-1 libsemanage1_3.0-1+b1 libsepol1_3.0-1 libsigsegv2_2.12-2 libsmartcols1_2.34-0.1 libss2_1.45.5-2 libssh2-1_1.8.0-2.1 libssl1.1_1.1.1d-2 libstdc++-8-dev_8.3.0-29 libstdc++-9-dev_9.2.1-29 libstdc++6_10-20200222-1 libsub-override-perl_0.09-2 libsystemd0_244.3-1 libtasn1-6_4.16.0-2 libtinfo6_6.1+20191019-1 libtinyxml-dev_2.6.2-4 libtinyxml2.6.2v5_2.6.2-4 libtool_2.4.6-13 libtsan0_10-20200222-1 libubsan1_10-20200222-1 libuchardet0_0.0.6-3 libudev1_244.3-1 libunistring2_0.9.10-2 liburdfdom-headers-dev_1.0.4-1 libuuid1_2.34-0.1 libuv1_1.34.2-1 libxml2_2.9.10+dfsg-3 libz3-4_4.8.7-4 libzstd1_1.4.4+dfsg-3 linux-libc-dev_5.4.19-1 login_1:4.8.1-1 logsave_1.45.5-2 lsb-base_11.1.0 m4_1.4.18-4 make_4.2.1-1.2 man-db_2.9.0-2 mawk_1.3.4.20200120-2 mount_2.34-0.1 ncurses-base_6.1+20191019-1 ncurses-bin_6.1+20191019-1 passwd_1:4.8.1-1 patch_2.7.6-6 perl_5.30.0-9 perl-base_5.30.0-9 perl-modules-5.30_5.30.0-9 pkg-config_0.29-6 po-debconf_1.0.21 procps_2:3.3.16-1+b1 sbuild-build-depends-main-dummy_0.invalid.0 sed_4.7-1 sensible-utils_0.0.12+nmu1 sysvinit-utils_2.96-2.1 tar_1.30+dfsg-6+b1 tzdata_2019c-3 util-linux_2.34-0.1 xz-utils_5.2.4-1+b1 zlib1g_1:1.2.11.dfsg-2

+------------------------------------------------------------------------------+
| Build                                                                        |
+------------------------------------------------------------------------------+


Unpack source
-------------

-----BEGIN PGP SIGNED MESSAGE-----
Hash: SHA256

Format: 3.0 (quilt)
Source: urdfdom
Binary: liburdfdom-model, liburdfdom-model-state, liburdfdom-sensor, liburdfdom-world, liburdfdom-dev, liburdfdom-tools
Architecture: any
Version: 1.0.4+ds-2
Maintainer: Debian Science Maintainers <debian-science-maintainers@lists.alioth.debian.org>
Uploaders: Thomas Moulard <thomas.moulard@gmail.com>, Jose Luis Rivero <jrivero@osrfoundation.org>
Homepage: https://github.com/ros/urdfdom
Standards-Version: 4.5.0
Vcs-Browser: https://salsa.debian.org/science-team/urdfdom
Vcs-Git: https://salsa.debian.org/science-team/urdfdom.git
Testsuite: autopkgtest
Testsuite-Triggers: build-essential
Build-Depends: debhelper (>= 11), cmake, libtinyxml-dev, libconsole-bridge-dev, liburdfdom-headers-dev (>= 1.0)
Package-List:
 liburdfdom-dev deb libdevel optional arch=any
 liburdfdom-model deb libs optional arch=any
 liburdfdom-model-state deb libs optional arch=any
 liburdfdom-sensor deb libs optional arch=any
 liburdfdom-tools deb libs optional arch=any
 liburdfdom-world deb libs optional arch=any
Checksums-Sha1:
 9112fb56d6d5b64c843aad3690903b42a8f03c30 198240 urdfdom_1.0.4+ds.orig.tar.xz
 80438ad201e08d706498fcf8c8b6f40f17c2b298 4400 urdfdom_1.0.4+ds-2.debian.tar.xz
Checksums-Sha256:
 f9b3b200beac12a1e53758ab2dcf00adc8b245464aaa40215fbd909611610c80 198240 urdfdom_1.0.4+ds.orig.tar.xz
 6577d5a89016bc134780a64d48074751e6e66268e670284fe2c28ac4c31eb0f7 4400 urdfdom_1.0.4+ds-2.debian.tar.xz
Files:
 a3269b3851809e869db3590a56d29aa6 198240 urdfdom_1.0.4+ds.orig.tar.xz
 9ce30aa917f91ca2dd6d351b895e6537 4400 urdfdom_1.0.4+ds-2.debian.tar.xz

-----BEGIN PGP SIGNATURE-----

iQIzBAEBCAAdFiEEkOLSwa0Uaht+u4kdu8F+uxOW8vcFAl5BLa4ACgkQu8F+uxOW
8vf76A//cF0e0Qn3Q84qB3CaVQNjWAPRVNcyE8nobIKlWOoFufDeqUaF4mmeApDW
bUKqhE+DgSTCZjNGUMqeNC2svvNqcKDQDocMeuQ3NT65qotyC8S3jqjrUSxrb1cb
8KiAlMffTMpAcmEr73x0rwr5EyAZGQZ9oGndyPnoZr/J079xSlfu4vriHyXg9ipa
onOAqoqLdymTYPauZJi7kbTiCTDkbVyIRoX4GcuhF7Es5HltrZw1aFdVVzjEL40/
XSFdGUWDYsBQm/+QYljFLyhTI2R5o1lCblVddeiw4xqMpNQbkiumHbnlVFlgBEyQ
vo2d7XLlrm3JB4LUdWeRAk1+wnyg9fmKDzWQItte7aWM1yt1YIjeVbKKDQ2/1MKt
Q/22MVq45HJDEp+il/t+ZXMf8RQpmEqebZNGYr5A7BdcB6BeSYIPtRD2iqdfiOnI
3MLlf/PfmvY0NncT4O36nVIH0C/8l5LCQd0VlQjRfypEYfZ3mBbT9FkX2IAXCmsw
wC9JLxwXQ93Vzf7XDPFzU/OHKNB27P7GERl3ekTjXdrleL0cLfIdtu0Q1zLLG6Dn
Y07FDTcZiscziyzYMmv2GBs434W/C99MJGZHryuBRY/kx/gwdzBcgheMHETcL5Jf
g+uwxFSo9E+Iv8F0IwpDeGwAa0GP1sy0MnrT8w/wapTglpvpnE8=
=dNjv
-----END PGP SIGNATURE-----

gpgv: unknown type of key resource 'trustedkeys.kbx'
gpgv: keyblock resource '/sbuild-nonexistent/.gnupg/trustedkeys.kbx': General error
gpgv: Signature made Mon Feb 10 10:17:18 2020 UTC
gpgv:                using RSA key 90E2D2C1AD146A1B7EBB891DBBC17EBB1396F2F7
gpgv: Can't check signature: No public key
dpkg-source: warning: failed to verify signature on ./urdfdom_1.0.4+ds-2.dsc
dpkg-source: info: extracting urdfdom in /<<PKGBUILDDIR>>
dpkg-source: info: unpacking urdfdom_1.0.4+ds.orig.tar.xz
dpkg-source: info: unpacking urdfdom_1.0.4+ds-2.debian.tar.xz
dpkg-source: info: using patch list from debian/patches/series
dpkg-source: info: applying 0001-Fix-installed-CMake-module-to-cope-with-multiarch.patch

Check disk space
----------------

Sufficient free space for build

User Environment
----------------

APT_CONFIG=/var/lib/sbuild/apt.conf
HOME=/sbuild-nonexistent
LANG=C.UTF-8
LC_ALL=C.UTF-8
LOGNAME=user42
PATH=/usr/local/sbin:/usr/local/bin:/usr/sbin:/usr/bin:/sbin:/bin:/usr/games
SCHROOT_ALIAS_NAME=unstable
SCHROOT_CHROOT_NAME=sid-amd64-sbuild
SCHROOT_COMMAND=env
SCHROOT_GID=1001
SCHROOT_GROUP=user42
SCHROOT_SESSION_ID=sid-amd64-sbuild-a570667f-c916-4912-8015-375d58c5486c
SCHROOT_UID=1001
SCHROOT_USER=user42
SHELL=/bin/sh
USER=user42

dpkg-buildpackage
-----------------

Command: dpkg-buildpackage -us -uc -b -rfakeroot
dpkg-buildpackage: info: source package urdfdom
dpkg-buildpackage: info: source version 1.0.4+ds-2
dpkg-buildpackage: info: source distribution unstable
dpkg-buildpackage: info: source changed by Stuart Prescott <stuart@debian.org>
 dpkg-source --before-build .
dpkg-buildpackage: info: host architecture amd64
 fakeroot debian/rules clean
dh  clean
   debian/rules override_dh_auto_clean
make[1]: Entering directory '/<<PKGBUILDDIR>>'
rm -f cmake/pkgconfig/urdfdom.pc \
      cmake/urdfdom-config.cmake
find urdf_parser/ -name *.pyc -exec rm {} \;
dh_auto_clean --
make[1]: Leaving directory '/<<PKGBUILDDIR>>'
   dh_clean
 debian/rules build
dh  build
   dh_update_autotools_config
   dh_autoreconf
   dh_auto_configure
	cd obj-x86_64-linux-gnu && cmake -DCMAKE_INSTALL_PREFIX=/usr -DCMAKE_BUILD_TYPE=None -DCMAKE_INSTALL_SYSCONFDIR=/etc -DCMAKE_INSTALL_LOCALSTATEDIR=/var -DCMAKE_EXPORT_NO_PACKAGE_REGISTRY=ON -DCMAKE_FIND_PACKAGE_NO_PACKAGE_REGISTRY=ON -DCMAKE_INSTALL_RUNSTATEDIR=/run "-GUnix Makefiles" -DCMAKE_VERBOSE_MAKEFILE=ON -DCMAKE_INSTALL_LIBDIR=lib/x86_64-linux-gnu ..
-- The CXX compiler identification is Clang 9.0.1
-- The C compiler identification is Clang 9.0.1
-- Check for working CXX compiler: /usr/bin/c++
-- Check for working CXX compiler: /usr/bin/c++ -- works
-- Detecting CXX compiler ABI info
-- Detecting CXX compiler ABI info - done
-- Detecting CXX compile features
-- Detecting CXX compile features - done
-- Check for working C compiler: /usr/bin/cc
-- Check for working C compiler: /usr/bin/cc -- works
-- Detecting C compiler ABI info
-- Detecting C compiler ABI info - done
-- Detecting C compile features
-- Detecting C compile features - done
-- urdfdom version 1.0.4
-- Performing Test HAS_VISIBILITY
-- Performing Test HAS_VISIBILITY - Success
-- Found TinyXML: /usr/lib/x86_64-linux-gnu/libtinyxml.so  
-- Configuration successful. Type make to compile urdfdom
-- Configuring done
-- Generating done
CMake Warning:
  Manually-specified variables were not used by the project:

    CMAKE_EXPORT_NO_PACKAGE_REGISTRY


-- Build files have been written to: /<<PKGBUILDDIR>>/obj-x86_64-linux-gnu
   dh_auto_build
	cd obj-x86_64-linux-gnu && make -j4 "INSTALL=install --strip-program=true"
make[1]: Entering directory '/<<PKGBUILDDIR>>/obj-x86_64-linux-gnu'
/usr/bin/cmake -S/<<PKGBUILDDIR>> -B/<<PKGBUILDDIR>>/obj-x86_64-linux-gnu --check-build-system CMakeFiles/Makefile.cmake 0
/usr/bin/cmake -E cmake_progress_start /<<PKGBUILDDIR>>/obj-x86_64-linux-gnu/CMakeFiles /<<PKGBUILDDIR>>/obj-x86_64-linux-gnu/CMakeFiles/progress.marks
make -f CMakeFiles/Makefile2 all
make[2]: Entering directory '/<<PKGBUILDDIR>>/obj-x86_64-linux-gnu'
make -f urdf_parser/CMakeFiles/urdfdom_world.dir/build.make urdf_parser/CMakeFiles/urdfdom_world.dir/depend
make -f urdf_parser/CMakeFiles/urdfdom_model.dir/build.make urdf_parser/CMakeFiles/urdfdom_model.dir/depend
make -f urdf_parser/CMakeFiles/urdfdom_model_state.dir/build.make urdf_parser/CMakeFiles/urdfdom_model_state.dir/depend
make[3]: Entering directory '/<<PKGBUILDDIR>>/obj-x86_64-linux-gnu'
cd /<<PKGBUILDDIR>>/obj-x86_64-linux-gnu && /usr/bin/cmake -E cmake_depends "Unix Makefiles" /<<PKGBUILDDIR>> /<<PKGBUILDDIR>>/urdf_parser /<<PKGBUILDDIR>>/obj-x86_64-linux-gnu /<<PKGBUILDDIR>>/obj-x86_64-linux-gnu/urdf_parser /<<PKGBUILDDIR>>/obj-x86_64-linux-gnu/urdf_parser/CMakeFiles/urdfdom_model.dir/DependInfo.cmake --color=
make[3]: Entering directory '/<<PKGBUILDDIR>>/obj-x86_64-linux-gnu'
cd /<<PKGBUILDDIR>>/obj-x86_64-linux-gnu && /usr/bin/cmake -E cmake_depends "Unix Makefiles" /<<PKGBUILDDIR>> /<<PKGBUILDDIR>>/urdf_parser /<<PKGBUILDDIR>>/obj-x86_64-linux-gnu /<<PKGBUILDDIR>>/obj-x86_64-linux-gnu/urdf_parser /<<PKGBUILDDIR>>/obj-x86_64-linux-gnu/urdf_parser/CMakeFiles/urdfdom_world.dir/DependInfo.cmake --color=
make -f urdf_parser/test/CMakeFiles/gtest.dir/build.make urdf_parser/test/CMakeFiles/gtest.dir/depend
make[3]: Entering directory '/<<PKGBUILDDIR>>/obj-x86_64-linux-gnu'
cd /<<PKGBUILDDIR>>/obj-x86_64-linux-gnu && /usr/bin/cmake -E cmake_depends "Unix Makefiles" /<<PKGBUILDDIR>> /<<PKGBUILDDIR>>/urdf_parser /<<PKGBUILDDIR>>/obj-x86_64-linux-gnu /<<PKGBUILDDIR>>/obj-x86_64-linux-gnu/urdf_parser /<<PKGBUILDDIR>>/obj-x86_64-linux-gnu/urdf_parser/CMakeFiles/urdfdom_model_state.dir/DependInfo.cmake --color=
make[3]: Entering directory '/<<PKGBUILDDIR>>/obj-x86_64-linux-gnu'
cd /<<PKGBUILDDIR>>/obj-x86_64-linux-gnu && /usr/bin/cmake -E cmake_depends "Unix Makefiles" /<<PKGBUILDDIR>> /<<PKGBUILDDIR>>/urdf_parser/test /<<PKGBUILDDIR>>/obj-x86_64-linux-gnu /<<PKGBUILDDIR>>/obj-x86_64-linux-gnu/urdf_parser/test /<<PKGBUILDDIR>>/obj-x86_64-linux-gnu/urdf_parser/test/CMakeFiles/gtest.dir/DependInfo.cmake --color=
Scanning dependencies of target urdfdom_model
make[3]: Leaving directory '/<<PKGBUILDDIR>>/obj-x86_64-linux-gnu'
make -f urdf_parser/CMakeFiles/urdfdom_model.dir/build.make urdf_parser/CMakeFiles/urdfdom_model.dir/build
Scanning dependencies of target urdfdom_model_state
make[3]: Leaving directory '/<<PKGBUILDDIR>>/obj-x86_64-linux-gnu'
make -f urdf_parser/CMakeFiles/urdfdom_model_state.dir/build.make urdf_parser/CMakeFiles/urdfdom_model_state.dir/build
make[3]: Entering directory '/<<PKGBUILDDIR>>/obj-x86_64-linux-gnu'
Scanning dependencies of target urdfdom_world
make[3]: Entering directory '/<<PKGBUILDDIR>>/obj-x86_64-linux-gnu'
make[3]: Leaving directory '/<<PKGBUILDDIR>>/obj-x86_64-linux-gnu'
make -f urdf_parser/CMakeFiles/urdfdom_world.dir/build.make urdf_parser/CMakeFiles/urdfdom_world.dir/build
make[3]: Entering directory '/<<PKGBUILDDIR>>/obj-x86_64-linux-gnu'
[  3%] Building CXX object urdf_parser/CMakeFiles/urdfdom_model.dir/src/pose.cpp.o
cd /<<PKGBUILDDIR>>/obj-x86_64-linux-gnu/urdf_parser && /usr/bin/c++  -Durdfdom_model_EXPORTS -I/<<PKGBUILDDIR>>/urdf_parser/include  -g -O2 -fdebug-prefix-map=/<<PKGBUILDDIR>>=. -fstack-protector-strong -Wformat -Werror=format-security -Wdate-time -D_FORTIFY_SOURCE=2 -fvisibility=hidden -std=c++11 -fPIC   -o CMakeFiles/urdfdom_model.dir/src/pose.cpp.o -c /<<PKGBUILDDIR>>/urdf_parser/src/pose.cpp
Scanning dependencies of target gtest
make[3]: Leaving directory '/<<PKGBUILDDIR>>/obj-x86_64-linux-gnu'
make -f urdf_parser/test/CMakeFiles/gtest.dir/build.make urdf_parser/test/CMakeFiles/gtest.dir/build
[  6%] Building CXX object urdf_parser/CMakeFiles/urdfdom_world.dir/src/pose.cpp.o
cd /<<PKGBUILDDIR>>/obj-x86_64-linux-gnu/urdf_parser && /usr/bin/c++  -Durdfdom_world_EXPORTS -I/<<PKGBUILDDIR>>/urdf_parser/include  -g -O2 -fdebug-prefix-map=/<<PKGBUILDDIR>>=. -fstack-protector-strong -Wformat -Werror=format-security -Wdate-time -D_FORTIFY_SOURCE=2 -fvisibility=hidden -std=c++11 -fPIC   -o CMakeFiles/urdfdom_world.dir/src/pose.cpp.o -c /<<PKGBUILDDIR>>/urdf_parser/src/pose.cpp
make[3]: Entering directory '/<<PKGBUILDDIR>>/obj-x86_64-linux-gnu'
[  9%] Building CXX object urdf_parser/CMakeFiles/urdfdom_model_state.dir/src/urdf_model_state.cpp.o
cd /<<PKGBUILDDIR>>/obj-x86_64-linux-gnu/urdf_parser && /usr/bin/c++  -Durdfdom_model_state_EXPORTS -I/<<PKGBUILDDIR>>/urdf_parser/include  -g -O2 -fdebug-prefix-map=/<<PKGBUILDDIR>>=. -fstack-protector-strong -Wformat -Werror=format-security -Wdate-time -D_FORTIFY_SOURCE=2 -fvisibility=hidden -std=c++11 -fPIC   -o CMakeFiles/urdfdom_model_state.dir/src/urdf_model_state.cpp.o -c /<<PKGBUILDDIR>>/urdf_parser/src/urdf_model_state.cpp
[ 12%] Building CXX object urdf_parser/test/CMakeFiles/gtest.dir/gtest/src/gtest-all.cc.o
cd /<<PKGBUILDDIR>>/obj-x86_64-linux-gnu/urdf_parser/test && /usr/bin/c++   -I/<<PKGBUILDDIR>>/urdf_parser/include -I/<<PKGBUILDDIR>>/urdf_parser/test/gtest/include -I/<<PKGBUILDDIR>>/urdf_parser/test/gtest -I/<<PKGBUILDDIR>>/urdf_parser/test  -g -O2 -fdebug-prefix-map=/<<PKGBUILDDIR>>=. -fstack-protector-strong -Wformat -Werror=format-security -Wdate-time -D_FORTIFY_SOURCE=2 -fvisibility=hidden -std=c++11   -o CMakeFiles/gtest.dir/gtest/src/gtest-all.cc.o -c /<<PKGBUILDDIR>>/urdf_parser/test/gtest/src/gtest-all.cc
[ 15%] Building CXX object urdf_parser/CMakeFiles/urdfdom_world.dir/src/model.cpp.o
cd /<<PKGBUILDDIR>>/obj-x86_64-linux-gnu/urdf_parser && /usr/bin/c++  -Durdfdom_world_EXPORTS -I/<<PKGBUILDDIR>>/urdf_parser/include  -g -O2 -fdebug-prefix-map=/<<PKGBUILDDIR>>=. -fstack-protector-strong -Wformat -Werror=format-security -Wdate-time -D_FORTIFY_SOURCE=2 -fvisibility=hidden -std=c++11 -fPIC   -o CMakeFiles/urdfdom_world.dir/src/model.cpp.o -c /<<PKGBUILDDIR>>/urdf_parser/src/model.cpp
[ 18%] Building CXX object urdf_parser/CMakeFiles/urdfdom_model.dir/src/model.cpp.o
cd /<<PKGBUILDDIR>>/obj-x86_64-linux-gnu/urdf_parser && /usr/bin/c++  -Durdfdom_model_EXPORTS -I/<<PKGBUILDDIR>>/urdf_parser/include  -g -O2 -fdebug-prefix-map=/<<PKGBUILDDIR>>=. -fstack-protector-strong -Wformat -Werror=format-security -Wdate-time -D_FORTIFY_SOURCE=2 -fvisibility=hidden -std=c++11 -fPIC   -o CMakeFiles/urdfdom_model.dir/src/model.cpp.o -c /<<PKGBUILDDIR>>/urdf_parser/src/model.cpp
[ 21%] Building CXX object urdf_parser/CMakeFiles/urdfdom_model_state.dir/src/twist.cpp.o
cd /<<PKGBUILDDIR>>/obj-x86_64-linux-gnu/urdf_parser && /usr/bin/c++  -Durdfdom_model_state_EXPORTS -I/<<PKGBUILDDIR>>/urdf_parser/include  -g -O2 -fdebug-prefix-map=/<<PKGBUILDDIR>>=. -fstack-protector-strong -Wformat -Werror=format-security -Wdate-time -D_FORTIFY_SOURCE=2 -fvisibility=hidden -std=c++11 -fPIC   -o CMakeFiles/urdfdom_model_state.dir/src/twist.cpp.o -c /<<PKGBUILDDIR>>/urdf_parser/src/twist.cpp
[ 25%] Linking CXX shared library ../lib/x86_64-linux-gnu/liburdfdom_model_state.so
cd /<<PKGBUILDDIR>>/obj-x86_64-linux-gnu/urdf_parser && /usr/bin/cmake -E cmake_link_script CMakeFiles/urdfdom_model_state.dir/link.txt --verbose=1
/usr/bin/c++ -fPIC -g -O2 -fdebug-prefix-map=/<<PKGBUILDDIR>>=. -fstack-protector-strong -Wformat -Werror=format-security -Wdate-time -D_FORTIFY_SOURCE=2 -fvisibility=hidden -std=c++11 -Wl,-z,relro -Wl,-z,now -shared -Wl,-soname,liburdfdom_model_state.so.1.0 -o ../lib/x86_64-linux-gnu/liburdfdom_model_state.so.1.0 CMakeFiles/urdfdom_model_state.dir/src/urdf_model_state.cpp.o CMakeFiles/urdfdom_model_state.dir/src/twist.cpp.o  -ltinyxml /usr/lib/x86_64-linux-gnu/libconsole_bridge.so.0.4 
cd /<<PKGBUILDDIR>>/obj-x86_64-linux-gnu/urdf_parser && /usr/bin/cmake -E cmake_symlink_library ../lib/x86_64-linux-gnu/liburdfdom_model_state.so.1.0 ../lib/x86_64-linux-gnu/liburdfdom_model_state.so.1.0 ../lib/x86_64-linux-gnu/liburdfdom_model_state.so
make[3]: Leaving directory '/<<PKGBUILDDIR>>/obj-x86_64-linux-gnu'
[ 25%] Built target urdfdom_model_state
[ 28%] Building CXX object urdf_parser/CMakeFiles/urdfdom_model.dir/src/link.cpp.o
cd /<<PKGBUILDDIR>>/obj-x86_64-linux-gnu/urdf_parser && /usr/bin/c++  -Durdfdom_model_EXPORTS -I/<<PKGBUILDDIR>>/urdf_parser/include  -g -O2 -fdebug-prefix-map=/<<PKGBUILDDIR>>=. -fstack-protector-strong -Wformat -Werror=format-security -Wdate-time -D_FORTIFY_SOURCE=2 -fvisibility=hidden -std=c++11 -fPIC   -o CMakeFiles/urdfdom_model.dir/src/link.cpp.o -c /<<PKGBUILDDIR>>/urdf_parser/src/link.cpp
[ 31%] Building CXX object urdf_parser/CMakeFiles/urdfdom_model.dir/src/joint.cpp.o
cd /<<PKGBUILDDIR>>/obj-x86_64-linux-gnu/urdf_parser && /usr/bin/c++  -Durdfdom_model_EXPORTS -I/<<PKGBUILDDIR>>/urdf_parser/include  -g -O2 -fdebug-prefix-map=/<<PKGBUILDDIR>>=. -fstack-protector-strong -Wformat -Werror=format-security -Wdate-time -D_FORTIFY_SOURCE=2 -fvisibility=hidden -std=c++11 -fPIC   -o CMakeFiles/urdfdom_model.dir/src/joint.cpp.o -c /<<PKGBUILDDIR>>/urdf_parser/src/joint.cpp
[ 34%] Building CXX object urdf_parser/CMakeFiles/urdfdom_world.dir/src/link.cpp.o
cd /<<PKGBUILDDIR>>/obj-x86_64-linux-gnu/urdf_parser && /usr/bin/c++  -Durdfdom_world_EXPORTS -I/<<PKGBUILDDIR>>/urdf_parser/include  -g -O2 -fdebug-prefix-map=/<<PKGBUILDDIR>>=. -fstack-protector-strong -Wformat -Werror=format-security -Wdate-time -D_FORTIFY_SOURCE=2 -fvisibility=hidden -std=c++11 -fPIC   -o CMakeFiles/urdfdom_world.dir/src/link.cpp.o -c /<<PKGBUILDDIR>>/urdf_parser/src/link.cpp
[ 37%] Building CXX object urdf_parser/CMakeFiles/urdfdom_world.dir/src/joint.cpp.o
cd /<<PKGBUILDDIR>>/obj-x86_64-linux-gnu/urdf_parser && /usr/bin/c++  -Durdfdom_world_EXPORTS -I/<<PKGBUILDDIR>>/urdf_parser/include  -g -O2 -fdebug-prefix-map=/<<PKGBUILDDIR>>=. -fstack-protector-strong -Wformat -Werror=format-security -Wdate-time -D_FORTIFY_SOURCE=2 -fvisibility=hidden -std=c++11 -fPIC   -o CMakeFiles/urdfdom_world.dir/src/joint.cpp.o -c /<<PKGBUILDDIR>>/urdf_parser/src/joint.cpp
[ 40%] Linking CXX shared library ../lib/x86_64-linux-gnu/liburdfdom_model.so
cd /<<PKGBUILDDIR>>/obj-x86_64-linux-gnu/urdf_parser && /usr/bin/cmake -E cmake_link_script CMakeFiles/urdfdom_model.dir/link.txt --verbose=1
/usr/bin/c++ -fPIC -g -O2 -fdebug-prefix-map=/<<PKGBUILDDIR>>=. -fstack-protector-strong -Wformat -Werror=format-security -Wdate-time -D_FORTIFY_SOURCE=2 -fvisibility=hidden -std=c++11 -Wl,-z,relro -Wl,-z,now -shared -Wl,-soname,liburdfdom_model.so.1.0 -o ../lib/x86_64-linux-gnu/liburdfdom_model.so.1.0 CMakeFiles/urdfdom_model.dir/src/pose.cpp.o CMakeFiles/urdfdom_model.dir/src/model.cpp.o CMakeFiles/urdfdom_model.dir/src/link.cpp.o CMakeFiles/urdfdom_model.dir/src/joint.cpp.o  -ltinyxml /usr/lib/x86_64-linux-gnu/libconsole_bridge.so.0.4 
cd /<<PKGBUILDDIR>>/obj-x86_64-linux-gnu/urdf_parser && /usr/bin/cmake -E cmake_symlink_library ../lib/x86_64-linux-gnu/liburdfdom_model.so.1.0 ../lib/x86_64-linux-gnu/liburdfdom_model.so.1.0 ../lib/x86_64-linux-gnu/liburdfdom_model.so
make[3]: Leaving directory '/<<PKGBUILDDIR>>/obj-x86_64-linux-gnu'
[ 40%] Built target urdfdom_model
make -f urdf_parser/CMakeFiles/urdf_to_graphiz.dir/build.make urdf_parser/CMakeFiles/urdf_to_graphiz.dir/depend
make[3]: Entering directory '/<<PKGBUILDDIR>>/obj-x86_64-linux-gnu'
cd /<<PKGBUILDDIR>>/obj-x86_64-linux-gnu && /usr/bin/cmake -E cmake_depends "Unix Makefiles" /<<PKGBUILDDIR>> /<<PKGBUILDDIR>>/urdf_parser /<<PKGBUILDDIR>>/obj-x86_64-linux-gnu /<<PKGBUILDDIR>>/obj-x86_64-linux-gnu/urdf_parser /<<PKGBUILDDIR>>/obj-x86_64-linux-gnu/urdf_parser/CMakeFiles/urdf_to_graphiz.dir/DependInfo.cmake --color=
Scanning dependencies of target urdf_to_graphiz
make[3]: Leaving directory '/<<PKGBUILDDIR>>/obj-x86_64-linux-gnu'
make -f urdf_parser/CMakeFiles/urdf_to_graphiz.dir/build.make urdf_parser/CMakeFiles/urdf_to_graphiz.dir/build
make[3]: Entering directory '/<<PKGBUILDDIR>>/obj-x86_64-linux-gnu'
[ 43%] Building CXX object urdf_parser/CMakeFiles/urdf_to_graphiz.dir/src/urdf_to_graphiz.cpp.o
cd /<<PKGBUILDDIR>>/obj-x86_64-linux-gnu/urdf_parser && /usr/bin/c++   -I/<<PKGBUILDDIR>>/urdf_parser/include  -g -O2 -fdebug-prefix-map=/<<PKGBUILDDIR>>=. -fstack-protector-strong -Wformat -Werror=format-security -Wdate-time -D_FORTIFY_SOURCE=2 -fvisibility=hidden -std=c++11   -o CMakeFiles/urdf_to_graphiz.dir/src/urdf_to_graphiz.cpp.o -c /<<PKGBUILDDIR>>/urdf_parser/src/urdf_to_graphiz.cpp
[ 46%] Building CXX object urdf_parser/CMakeFiles/urdfdom_world.dir/src/world.cpp.o
cd /<<PKGBUILDDIR>>/obj-x86_64-linux-gnu/urdf_parser && /usr/bin/c++  -Durdfdom_world_EXPORTS -I/<<PKGBUILDDIR>>/urdf_parser/include  -g -O2 -fdebug-prefix-map=/<<PKGBUILDDIR>>=. -fstack-protector-strong -Wformat -Werror=format-security -Wdate-time -D_FORTIFY_SOURCE=2 -fvisibility=hidden -std=c++11 -fPIC   -o CMakeFiles/urdfdom_world.dir/src/world.cpp.o -c /<<PKGBUILDDIR>>/urdf_parser/src/world.cpp
make -f urdf_parser/CMakeFiles/urdf_mem_test.dir/build.make urdf_parser/CMakeFiles/urdf_mem_test.dir/depend
make[3]: Entering directory '/<<PKGBUILDDIR>>/obj-x86_64-linux-gnu'
cd /<<PKGBUILDDIR>>/obj-x86_64-linux-gnu && /usr/bin/cmake -E cmake_depends "Unix Makefiles" /<<PKGBUILDDIR>> /<<PKGBUILDDIR>>/urdf_parser /<<PKGBUILDDIR>>/obj-x86_64-linux-gnu /<<PKGBUILDDIR>>/obj-x86_64-linux-gnu/urdf_parser /<<PKGBUILDDIR>>/obj-x86_64-linux-gnu/urdf_parser/CMakeFiles/urdf_mem_test.dir/DependInfo.cmake --color=
Scanning dependencies of target urdf_mem_test
make[3]: Leaving directory '/<<PKGBUILDDIR>>/obj-x86_64-linux-gnu'
make -f urdf_parser/CMakeFiles/urdf_mem_test.dir/build.make urdf_parser/CMakeFiles/urdf_mem_test.dir/build
make[3]: Entering directory '/<<PKGBUILDDIR>>/obj-x86_64-linux-gnu'
[ 50%] Building CXX object urdf_parser/CMakeFiles/urdf_mem_test.dir/test/memtest.cpp.o
cd /<<PKGBUILDDIR>>/obj-x86_64-linux-gnu/urdf_parser && /usr/bin/c++   -I/<<PKGBUILDDIR>>/urdf_parser/include  -g -O2 -fdebug-prefix-map=/<<PKGBUILDDIR>>=. -fstack-protector-strong -Wformat -Werror=format-security -Wdate-time -D_FORTIFY_SOURCE=2 -fvisibility=hidden -std=c++11   -o CMakeFiles/urdf_mem_test.dir/test/memtest.cpp.o -c /<<PKGBUILDDIR>>/urdf_parser/test/memtest.cpp
[ 53%] Linking CXX executable ../bin/urdf_to_graphiz
cd /<<PKGBUILDDIR>>/obj-x86_64-linux-gnu/urdf_parser && /usr/bin/cmake -E cmake_link_script CMakeFiles/urdf_to_graphiz.dir/link.txt --verbose=1
/usr/bin/c++  -g -O2 -fdebug-prefix-map=/<<PKGBUILDDIR>>=. -fstack-protector-strong -Wformat -Werror=format-security -Wdate-time -D_FORTIFY_SOURCE=2 -fvisibility=hidden -std=c++11  -Wl,-z,relro -Wl,-z,now -rdynamic CMakeFiles/urdf_to_graphiz.dir/src/urdf_to_graphiz.cpp.o  -o ../bin/urdf_to_graphiz  -Wl,-rpath,/<<PKGBUILDDIR>>/obj-x86_64-linux-gnu/lib/x86_64-linux-gnu: ../lib/x86_64-linux-gnu/liburdfdom_model.so.1.0 -ltinyxml /usr/lib/x86_64-linux-gnu/libconsole_bridge.so.0.4 
[ 56%] Linking CXX shared library ../lib/x86_64-linux-gnu/liburdfdom_world.so
cd /<<PKGBUILDDIR>>/obj-x86_64-linux-gnu/urdf_parser && /usr/bin/cmake -E cmake_link_script CMakeFiles/urdfdom_world.dir/link.txt --verbose=1
make[3]: Leaving directory '/<<PKGBUILDDIR>>/obj-x86_64-linux-gnu'
/usr/bin/c++ -fPIC -g -O2 -fdebug-prefix-map=/<<PKGBUILDDIR>>=. -fstack-protector-strong -Wformat -Werror=format-security -Wdate-time -D_FORTIFY_SOURCE=2 -fvisibility=hidden -std=c++11 -Wl,-z,relro -Wl,-z,now -shared -Wl,-soname,liburdfdom_world.so.1.0 -o ../lib/x86_64-linux-gnu/liburdfdom_world.so.1.0 CMakeFiles/urdfdom_world.dir/src/pose.cpp.o CMakeFiles/urdfdom_world.dir/src/model.cpp.o CMakeFiles/urdfdom_world.dir/src/link.cpp.o CMakeFiles/urdfdom_world.dir/src/joint.cpp.o CMakeFiles/urdfdom_world.dir/src/world.cpp.o  -ltinyxml /usr/lib/x86_64-linux-gnu/libconsole_bridge.so.0.4 
[ 56%] Built target urdf_to_graphiz
make -f urdf_parser/CMakeFiles/urdfdom_sensor.dir/build.make urdf_parser/CMakeFiles/urdfdom_sensor.dir/depend
make[3]: Entering directory '/<<PKGBUILDDIR>>/obj-x86_64-linux-gnu'
cd /<<PKGBUILDDIR>>/obj-x86_64-linux-gnu && /usr/bin/cmake -E cmake_depends "Unix Makefiles" /<<PKGBUILDDIR>> /<<PKGBUILDDIR>>/urdf_parser /<<PKGBUILDDIR>>/obj-x86_64-linux-gnu /<<PKGBUILDDIR>>/obj-x86_64-linux-gnu/urdf_parser /<<PKGBUILDDIR>>/obj-x86_64-linux-gnu/urdf_parser/CMakeFiles/urdfdom_sensor.dir/DependInfo.cmake --color=
Scanning dependencies of target urdfdom_sensor
make[3]: Leaving directory '/<<PKGBUILDDIR>>/obj-x86_64-linux-gnu'
make -f urdf_parser/CMakeFiles/urdfdom_sensor.dir/build.make urdf_parser/CMakeFiles/urdfdom_sensor.dir/build
make[3]: Entering directory '/<<PKGBUILDDIR>>/obj-x86_64-linux-gnu'
[ 59%] Building CXX object urdf_parser/CMakeFiles/urdfdom_sensor.dir/src/urdf_sensor.cpp.o
cd /<<PKGBUILDDIR>>/obj-x86_64-linux-gnu/urdf_parser && /usr/bin/c++  -Durdfdom_sensor_EXPORTS -I/<<PKGBUILDDIR>>/urdf_parser/include  -g -O2 -fdebug-prefix-map=/<<PKGBUILDDIR>>=. -fstack-protector-strong -Wformat -Werror=format-security -Wdate-time -D_FORTIFY_SOURCE=2 -fvisibility=hidden -std=c++11 -fPIC   -o CMakeFiles/urdfdom_sensor.dir/src/urdf_sensor.cpp.o -c /<<PKGBUILDDIR>>/urdf_parser/src/urdf_sensor.cpp
cd /<<PKGBUILDDIR>>/obj-x86_64-linux-gnu/urdf_parser && /usr/bin/cmake -E cmake_symlink_library ../lib/x86_64-linux-gnu/liburdfdom_world.so.1.0 ../lib/x86_64-linux-gnu/liburdfdom_world.so.1.0 ../lib/x86_64-linux-gnu/liburdfdom_world.so
make[3]: Leaving directory '/<<PKGBUILDDIR>>/obj-x86_64-linux-gnu'
[ 59%] Built target urdfdom_world
make -f urdf_parser/CMakeFiles/check_urdf.dir/build.make urdf_parser/CMakeFiles/check_urdf.dir/depend
make[3]: Entering directory '/<<PKGBUILDDIR>>/obj-x86_64-linux-gnu'
cd /<<PKGBUILDDIR>>/obj-x86_64-linux-gnu && /usr/bin/cmake -E cmake_depends "Unix Makefiles" /<<PKGBUILDDIR>> /<<PKGBUILDDIR>>/urdf_parser /<<PKGBUILDDIR>>/obj-x86_64-linux-gnu /<<PKGBUILDDIR>>/obj-x86_64-linux-gnu/urdf_parser /<<PKGBUILDDIR>>/obj-x86_64-linux-gnu/urdf_parser/CMakeFiles/check_urdf.dir/DependInfo.cmake --color=
Scanning dependencies of target check_urdf
make[3]: Leaving directory '/<<PKGBUILDDIR>>/obj-x86_64-linux-gnu'
make -f urdf_parser/CMakeFiles/check_urdf.dir/build.make urdf_parser/CMakeFiles/check_urdf.dir/build
make[3]: Entering directory '/<<PKGBUILDDIR>>/obj-x86_64-linux-gnu'
[ 62%] Linking CXX executable ../bin/urdf_mem_test
cd /<<PKGBUILDDIR>>/obj-x86_64-linux-gnu/urdf_parser && /usr/bin/cmake -E cmake_link_script CMakeFiles/urdf_mem_test.dir/link.txt --verbose=1
[ 65%] Building CXX object urdf_parser/CMakeFiles/check_urdf.dir/src/check_urdf.cpp.o
cd /<<PKGBUILDDIR>>/obj-x86_64-linux-gnu/urdf_parser && /usr/bin/c++   -I/<<PKGBUILDDIR>>/urdf_parser/include  -g -O2 -fdebug-prefix-map=/<<PKGBUILDDIR>>=. -fstack-protector-strong -Wformat -Werror=format-security -Wdate-time -D_FORTIFY_SOURCE=2 -fvisibility=hidden -std=c++11   -o CMakeFiles/check_urdf.dir/src/check_urdf.cpp.o -c /<<PKGBUILDDIR>>/urdf_parser/src/check_urdf.cpp
/usr/bin/c++  -g -O2 -fdebug-prefix-map=/<<PKGBUILDDIR>>=. -fstack-protector-strong -Wformat -Werror=format-security -Wdate-time -D_FORTIFY_SOURCE=2 -fvisibility=hidden -std=c++11  -Wl,-z,relro -Wl,-z,now -rdynamic CMakeFiles/urdf_mem_test.dir/test/memtest.cpp.o  -o ../bin/urdf_mem_test  -Wl,-rpath,/<<PKGBUILDDIR>>/obj-x86_64-linux-gnu/lib/x86_64-linux-gnu: ../lib/x86_64-linux-gnu/liburdfdom_model.so.1.0 -ltinyxml /usr/lib/x86_64-linux-gnu/libconsole_bridge.so.0.4 
make[3]: Leaving directory '/<<PKGBUILDDIR>>/obj-x86_64-linux-gnu'
[ 65%] Built target urdf_mem_test
[ 68%] Linking CXX shared library ../lib/x86_64-linux-gnu/liburdfdom_sensor.so
cd /<<PKGBUILDDIR>>/obj-x86_64-linux-gnu/urdf_parser && /usr/bin/cmake -E cmake_link_script CMakeFiles/urdfdom_sensor.dir/link.txt --verbose=1
/usr/bin/c++ -fPIC -g -O2 -fdebug-prefix-map=/<<PKGBUILDDIR>>=. -fstack-protector-strong -Wformat -Werror=format-security -Wdate-time -D_FORTIFY_SOURCE=2 -fvisibility=hidden -std=c++11 -Wl,-z,relro -Wl,-z,now -shared -Wl,-soname,liburdfdom_sensor.so.1.0 -o ../lib/x86_64-linux-gnu/liburdfdom_sensor.so.1.0 CMakeFiles/urdfdom_sensor.dir/src/urdf_sensor.cpp.o  -Wl,-rpath,/<<PKGBUILDDIR>>/obj-x86_64-linux-gnu/lib/x86_64-linux-gnu: ../lib/x86_64-linux-gnu/liburdfdom_model.so.1.0 -ltinyxml /usr/lib/x86_64-linux-gnu/libconsole_bridge.so.0.4 
cd /<<PKGBUILDDIR>>/obj-x86_64-linux-gnu/urdf_parser && /usr/bin/cmake -E cmake_symlink_library ../lib/x86_64-linux-gnu/liburdfdom_sensor.so.1.0 ../lib/x86_64-linux-gnu/liburdfdom_sensor.so.1.0 ../lib/x86_64-linux-gnu/liburdfdom_sensor.so
make[3]: Leaving directory '/<<PKGBUILDDIR>>/obj-x86_64-linux-gnu'
[ 68%] Built target urdfdom_sensor
[ 71%] Linking CXX executable ../bin/check_urdf
cd /<<PKGBUILDDIR>>/obj-x86_64-linux-gnu/urdf_parser && /usr/bin/cmake -E cmake_link_script CMakeFiles/check_urdf.dir/link.txt --verbose=1
/usr/bin/c++  -g -O2 -fdebug-prefix-map=/<<PKGBUILDDIR>>=. -fstack-protector-strong -Wformat -Werror=format-security -Wdate-time -D_FORTIFY_SOURCE=2 -fvisibility=hidden -std=c++11  -Wl,-z,relro -Wl,-z,now -rdynamic CMakeFiles/check_urdf.dir/src/check_urdf.cpp.o  -o ../bin/check_urdf  -Wl,-rpath,/<<PKGBUILDDIR>>/obj-x86_64-linux-gnu/lib/x86_64-linux-gnu: ../lib/x86_64-linux-gnu/liburdfdom_model.so.1.0 ../lib/x86_64-linux-gnu/liburdfdom_world.so.1.0 -ltinyxml /usr/lib/x86_64-linux-gnu/libconsole_bridge.so.0.4 
make[3]: Leaving directory '/<<PKGBUILDDIR>>/obj-x86_64-linux-gnu'
[ 71%] Built target check_urdf
[ 75%] Linking CXX static library ../../lib/x86_64-linux-gnu/libgtest.a
cd /<<PKGBUILDDIR>>/obj-x86_64-linux-gnu/urdf_parser/test && /usr/bin/cmake -P CMakeFiles/gtest.dir/cmake_clean_target.cmake
cd /<<PKGBUILDDIR>>/obj-x86_64-linux-gnu/urdf_parser/test && /usr/bin/cmake -E cmake_link_script CMakeFiles/gtest.dir/link.txt --verbose=1
/usr/bin/ar qc ../../lib/x86_64-linux-gnu/libgtest.a  CMakeFiles/gtest.dir/gtest/src/gtest-all.cc.o
/usr/bin/ranlib ../../lib/x86_64-linux-gnu/libgtest.a
make[3]: Leaving directory '/<<PKGBUILDDIR>>/obj-x86_64-linux-gnu'
[ 75%] Built target gtest
make -f urdf_parser/test/CMakeFiles/gtest_main.dir/build.make urdf_parser/test/CMakeFiles/gtest_main.dir/depend
make[3]: Entering directory '/<<PKGBUILDDIR>>/obj-x86_64-linux-gnu'
cd /<<PKGBUILDDIR>>/obj-x86_64-linux-gnu && /usr/bin/cmake -E cmake_depends "Unix Makefiles" /<<PKGBUILDDIR>> /<<PKGBUILDDIR>>/urdf_parser/test /<<PKGBUILDDIR>>/obj-x86_64-linux-gnu /<<PKGBUILDDIR>>/obj-x86_64-linux-gnu/urdf_parser/test /<<PKGBUILDDIR>>/obj-x86_64-linux-gnu/urdf_parser/test/CMakeFiles/gtest_main.dir/DependInfo.cmake --color=
Scanning dependencies of target gtest_main
make[3]: Leaving directory '/<<PKGBUILDDIR>>/obj-x86_64-linux-gnu'
make -f urdf_parser/test/CMakeFiles/gtest_main.dir/build.make urdf_parser/test/CMakeFiles/gtest_main.dir/build
make[3]: Entering directory '/<<PKGBUILDDIR>>/obj-x86_64-linux-gnu'
[ 78%] Building CXX object urdf_parser/test/CMakeFiles/gtest_main.dir/gtest/src/gtest_main.cc.o
cd /<<PKGBUILDDIR>>/obj-x86_64-linux-gnu/urdf_parser/test && /usr/bin/c++   -I/<<PKGBUILDDIR>>/urdf_parser/include -I/<<PKGBUILDDIR>>/urdf_parser/test/gtest/include -I/<<PKGBUILDDIR>>/urdf_parser/test/gtest -I/<<PKGBUILDDIR>>/urdf_parser/test  -g -O2 -fdebug-prefix-map=/<<PKGBUILDDIR>>=. -fstack-protector-strong -Wformat -Werror=format-security -Wdate-time -D_FORTIFY_SOURCE=2 -fvisibility=hidden -std=c++11   -o CMakeFiles/gtest_main.dir/gtest/src/gtest_main.cc.o -c /<<PKGBUILDDIR>>/urdf_parser/test/gtest/src/gtest_main.cc
[ 81%] Linking CXX static library ../../lib/x86_64-linux-gnu/libgtest_main.a
cd /<<PKGBUILDDIR>>/obj-x86_64-linux-gnu/urdf_parser/test && /usr/bin/cmake -P CMakeFiles/gtest_main.dir/cmake_clean_target.cmake
cd /<<PKGBUILDDIR>>/obj-x86_64-linux-gnu/urdf_parser/test && /usr/bin/cmake -E cmake_link_script CMakeFiles/gtest_main.dir/link.txt --verbose=1
/usr/bin/ar qc ../../lib/x86_64-linux-gnu/libgtest_main.a  CMakeFiles/gtest_main.dir/gtest/src/gtest_main.cc.o
/usr/bin/ranlib ../../lib/x86_64-linux-gnu/libgtest_main.a
make[3]: Leaving directory '/<<PKGBUILDDIR>>/obj-x86_64-linux-gnu'
[ 81%] Built target gtest_main
make -f urdf_parser/test/CMakeFiles/urdf_version_test.dir/build.make urdf_parser/test/CMakeFiles/urdf_version_test.dir/depend
make -f urdf_parser/test/CMakeFiles/urdf_unit_test.dir/build.make urdf_parser/test/CMakeFiles/urdf_unit_test.dir/depend
make -f urdf_parser/test/CMakeFiles/urdf_double_convert.dir/build.make urdf_parser/test/CMakeFiles/urdf_double_convert.dir/depend
make[3]: Entering directory '/<<PKGBUILDDIR>>/obj-x86_64-linux-gnu'
cd /<<PKGBUILDDIR>>/obj-x86_64-linux-gnu && /usr/bin/cmake -E cmake_depends "Unix Makefiles" /<<PKGBUILDDIR>> /<<PKGBUILDDIR>>/urdf_parser/test /<<PKGBUILDDIR>>/obj-x86_64-linux-gnu /<<PKGBUILDDIR>>/obj-x86_64-linux-gnu/urdf_parser/test /<<PKGBUILDDIR>>/obj-x86_64-linux-gnu/urdf_parser/test/CMakeFiles/urdf_version_test.dir/DependInfo.cmake --color=
make[3]: Entering directory '/<<PKGBUILDDIR>>/obj-x86_64-linux-gnu'
cd /<<PKGBUILDDIR>>/obj-x86_64-linux-gnu && /usr/bin/cmake -E cmake_depends "Unix Makefiles" /<<PKGBUILDDIR>> /<<PKGBUILDDIR>>/urdf_parser/test /<<PKGBUILDDIR>>/obj-x86_64-linux-gnu /<<PKGBUILDDIR>>/obj-x86_64-linux-gnu/urdf_parser/test /<<PKGBUILDDIR>>/obj-x86_64-linux-gnu/urdf_parser/test/CMakeFiles/urdf_unit_test.dir/DependInfo.cmake --color=
make[3]: Entering directory '/<<PKGBUILDDIR>>/obj-x86_64-linux-gnu'
cd /<<PKGBUILDDIR>>/obj-x86_64-linux-gnu && /usr/bin/cmake -E cmake_depends "Unix Makefiles" /<<PKGBUILDDIR>> /<<PKGBUILDDIR>>/urdf_parser/test /<<PKGBUILDDIR>>/obj-x86_64-linux-gnu /<<PKGBUILDDIR>>/obj-x86_64-linux-gnu/urdf_parser/test /<<PKGBUILDDIR>>/obj-x86_64-linux-gnu/urdf_parser/test/CMakeFiles/urdf_double_convert.dir/DependInfo.cmake --color=
Scanning dependencies of target urdf_unit_test
Scanning dependencies of target urdf_version_test
make[3]: Leaving directory '/<<PKGBUILDDIR>>/obj-x86_64-linux-gnu'
make[3]: Leaving directory '/<<PKGBUILDDIR>>/obj-x86_64-linux-gnu'
make -f urdf_parser/test/CMakeFiles/urdf_version_test.dir/build.make urdf_parser/test/CMakeFiles/urdf_version_test.dir/build
make -f urdf_parser/test/CMakeFiles/urdf_unit_test.dir/build.make urdf_parser/test/CMakeFiles/urdf_unit_test.dir/build
Scanning dependencies of target urdf_double_convert
make[3]: Leaving directory '/<<PKGBUILDDIR>>/obj-x86_64-linux-gnu'
make -f urdf_parser/test/CMakeFiles/urdf_double_convert.dir/build.make urdf_parser/test/CMakeFiles/urdf_double_convert.dir/build
make[3]: Entering directory '/<<PKGBUILDDIR>>/obj-x86_64-linux-gnu'
make[3]: Entering directory '/<<PKGBUILDDIR>>/obj-x86_64-linux-gnu'
make[3]: Entering directory '/<<PKGBUILDDIR>>/obj-x86_64-linux-gnu'
[ 84%] Building CXX object urdf_parser/test/CMakeFiles/urdf_unit_test.dir/urdf_unit_test.cpp.o
cd /<<PKGBUILDDIR>>/obj-x86_64-linux-gnu/urdf_parser/test && /usr/bin/c++   -I/<<PKGBUILDDIR>>/urdf_parser/include -I/<<PKGBUILDDIR>>/urdf_parser/test/gtest/include -I/<<PKGBUILDDIR>>/urdf_parser/test/gtest -I/<<PKGBUILDDIR>>/urdf_parser/test  -g -O2 -fdebug-prefix-map=/<<PKGBUILDDIR>>=. -fstack-protector-strong -Wformat -Werror=format-security -Wdate-time -D_FORTIFY_SOURCE=2 -fvisibility=hidden -std=c++11   -o CMakeFiles/urdf_unit_test.dir/urdf_unit_test.cpp.o -c /<<PKGBUILDDIR>>/urdf_parser/test/urdf_unit_test.cpp
[ 87%] Building CXX object urdf_parser/test/CMakeFiles/urdf_version_test.dir/urdf_version_test.cpp.o
cd /<<PKGBUILDDIR>>/obj-x86_64-linux-gnu/urdf_parser/test && /usr/bin/c++   -I/<<PKGBUILDDIR>>/urdf_parser/include -I/<<PKGBUILDDIR>>/urdf_parser/test/gtest/include -I/<<PKGBUILDDIR>>/urdf_parser/test/gtest -I/<<PKGBUILDDIR>>/urdf_parser/test  -g -O2 -fdebug-prefix-map=/<<PKGBUILDDIR>>=. -fstack-protector-strong -Wformat -Werror=format-security -Wdate-time -D_FORTIFY_SOURCE=2 -fvisibility=hidden -std=c++11   -o CMakeFiles/urdf_version_test.dir/urdf_version_test.cpp.o -c /<<PKGBUILDDIR>>/urdf_parser/test/urdf_version_test.cpp
[ 90%] Building CXX object urdf_parser/test/CMakeFiles/urdf_double_convert.dir/urdf_double_convert.cpp.o
cd /<<PKGBUILDDIR>>/obj-x86_64-linux-gnu/urdf_parser/test && /usr/bin/c++   -I/<<PKGBUILDDIR>>/urdf_parser/include -I/<<PKGBUILDDIR>>/urdf_parser/test/gtest/include -I/<<PKGBUILDDIR>>/urdf_parser/test/gtest -I/<<PKGBUILDDIR>>/urdf_parser/test  -g -O2 -fdebug-prefix-map=/<<PKGBUILDDIR>>=. -fstack-protector-strong -Wformat -Werror=format-security -Wdate-time -D_FORTIFY_SOURCE=2 -fvisibility=hidden -std=c++11   -o CMakeFiles/urdf_double_convert.dir/urdf_double_convert.cpp.o -c /<<PKGBUILDDIR>>/urdf_parser/test/urdf_double_convert.cpp
[ 93%] Linking CXX executable ../../bin/urdf_double_convert
cd /<<PKGBUILDDIR>>/obj-x86_64-linux-gnu/urdf_parser/test && /usr/bin/cmake -E cmake_link_script CMakeFiles/urdf_double_convert.dir/link.txt --verbose=1
/usr/bin/c++  -g -O2 -fdebug-prefix-map=/<<PKGBUILDDIR>>=. -fstack-protector-strong -Wformat -Werror=format-security -Wdate-time -D_FORTIFY_SOURCE=2 -fvisibility=hidden -std=c++11  -Wl,-z,relro -Wl,-z,now -rdynamic CMakeFiles/urdf_double_convert.dir/urdf_double_convert.cpp.o  -o ../../bin/urdf_double_convert  -Wl,-rpath,/<<PKGBUILDDIR>>/obj-x86_64-linux-gnu/lib/x86_64-linux-gnu ../../lib/x86_64-linux-gnu/libgtest_main.a ../../lib/x86_64-linux-gnu/libgtest.a ../../lib/x86_64-linux-gnu/liburdfdom_model.so.1.0 -lpthread -ltinyxml /usr/lib/x86_64-linux-gnu/libconsole_bridge.so.0.4 
make[3]: Leaving directory '/<<PKGBUILDDIR>>/obj-x86_64-linux-gnu'
[ 93%] Built target urdf_double_convert
[ 96%] Linking CXX executable ../../bin/urdf_version_test
cd /<<PKGBUILDDIR>>/obj-x86_64-linux-gnu/urdf_parser/test && /usr/bin/cmake -E cmake_link_script CMakeFiles/urdf_version_test.dir/link.txt --verbose=1
/usr/bin/c++  -g -O2 -fdebug-prefix-map=/<<PKGBUILDDIR>>=. -fstack-protector-strong -Wformat -Werror=format-security -Wdate-time -D_FORTIFY_SOURCE=2 -fvisibility=hidden -std=c++11  -Wl,-z,relro -Wl,-z,now -rdynamic CMakeFiles/urdf_version_test.dir/urdf_version_test.cpp.o  -o ../../bin/urdf_version_test  -Wl,-rpath,/<<PKGBUILDDIR>>/obj-x86_64-linux-gnu/lib/x86_64-linux-gnu ../../lib/x86_64-linux-gnu/libgtest_main.a ../../lib/x86_64-linux-gnu/libgtest.a ../../lib/x86_64-linux-gnu/liburdfdom_model.so.1.0 -lpthread -ltinyxml /usr/lib/x86_64-linux-gnu/libconsole_bridge.so.0.4 
make[3]: Leaving directory '/<<PKGBUILDDIR>>/obj-x86_64-linux-gnu'
[ 96%] Built target urdf_version_test
[100%] Linking CXX executable ../../bin/urdf_unit_test
cd /<<PKGBUILDDIR>>/obj-x86_64-linux-gnu/urdf_parser/test && /usr/bin/cmake -E cmake_link_script CMakeFiles/urdf_unit_test.dir/link.txt --verbose=1
/usr/bin/c++  -g -O2 -fdebug-prefix-map=/<<PKGBUILDDIR>>=. -fstack-protector-strong -Wformat -Werror=format-security -Wdate-time -D_FORTIFY_SOURCE=2 -fvisibility=hidden -std=c++11  -Wl,-z,relro -Wl,-z,now -rdynamic CMakeFiles/urdf_unit_test.dir/urdf_unit_test.cpp.o  -o ../../bin/urdf_unit_test  -Wl,-rpath,/<<PKGBUILDDIR>>/obj-x86_64-linux-gnu/lib/x86_64-linux-gnu ../../lib/x86_64-linux-gnu/libgtest_main.a ../../lib/x86_64-linux-gnu/libgtest.a ../../lib/x86_64-linux-gnu/liburdfdom_model.so.1.0 -lpthread -ltinyxml /usr/lib/x86_64-linux-gnu/libconsole_bridge.so.0.4 
make[3]: Leaving directory '/<<PKGBUILDDIR>>/obj-x86_64-linux-gnu'
[100%] Built target urdf_unit_test
make[2]: Leaving directory '/<<PKGBUILDDIR>>/obj-x86_64-linux-gnu'
/usr/bin/cmake -E cmake_progress_start /<<PKGBUILDDIR>>/obj-x86_64-linux-gnu/CMakeFiles 0
make[1]: Leaving directory '/<<PKGBUILDDIR>>/obj-x86_64-linux-gnu'
   dh_auto_test
	cd obj-x86_64-linux-gnu && make -j4 test ARGS\+=-j4
make[1]: Entering directory '/<<PKGBUILDDIR>>/obj-x86_64-linux-gnu'
Running tests...
/usr/bin/ctest --force-new-ctest-process -j4
Test project /<<PKGBUILDDIR>>/obj-x86_64-linux-gnu
    Start 1: urdf_double_convert
    Start 2: urdf_double_convert_locale
    Start 3: urdf_unit_test
    Start 4: urdf_unit_test_locale
1/6 Test #1: urdf_double_convert ..............   Passed    0.00 sec
    Start 5: urdf_version_test
2/6 Test #2: urdf_double_convert_locale .......   Passed    0.00 sec
    Start 6: urdf_version_test_locale
3/6 Test #5: urdf_version_test ................   Passed    0.00 sec
4/6 Test #3: urdf_unit_test ...................   Passed    0.01 sec
5/6 Test #4: urdf_unit_test_locale ............   Passed    0.01 sec
6/6 Test #6: urdf_version_test_locale .........   Passed    0.00 sec

100% tests passed, 0 tests failed out of 6

Total Test time (real) =   0.01 sec
make[1]: Leaving directory '/<<PKGBUILDDIR>>/obj-x86_64-linux-gnu'
   create-stamp debian/debhelper-build-stamp
 fakeroot debian/rules binary
dh  binary
   dh_testroot
   dh_prep
   dh_auto_install
	cd obj-x86_64-linux-gnu && make -j4 install DESTDIR=/<<BUILDDIR>>/urdfdom-1.0.4\+ds/debian/tmp AM_UPDATE_INFO_DIR=no "INSTALL=install --strip-program=true"
make[1]: Entering directory '/<<PKGBUILDDIR>>/obj-x86_64-linux-gnu'
/usr/bin/cmake -S/<<PKGBUILDDIR>> -B/<<PKGBUILDDIR>>/obj-x86_64-linux-gnu --check-build-system CMakeFiles/Makefile.cmake 0
/usr/bin/cmake -E cmake_progress_start /<<PKGBUILDDIR>>/obj-x86_64-linux-gnu/CMakeFiles /<<PKGBUILDDIR>>/obj-x86_64-linux-gnu/CMakeFiles/progress.marks
make -f CMakeFiles/Makefile2 all
make[2]: Entering directory '/<<PKGBUILDDIR>>/obj-x86_64-linux-gnu'
make -f urdf_parser/CMakeFiles/urdfdom_world.dir/build.make urdf_parser/CMakeFiles/urdfdom_world.dir/depend
make -f urdf_parser/CMakeFiles/urdfdom_model.dir/build.make urdf_parser/CMakeFiles/urdfdom_model.dir/depend
make -f urdf_parser/CMakeFiles/urdfdom_model_state.dir/build.make urdf_parser/CMakeFiles/urdfdom_model_state.dir/depend
make -f urdf_parser/test/CMakeFiles/gtest.dir/build.make urdf_parser/test/CMakeFiles/gtest.dir/depend
make[3]: Entering directory '/<<PKGBUILDDIR>>/obj-x86_64-linux-gnu'
cd /<<PKGBUILDDIR>>/obj-x86_64-linux-gnu && /usr/bin/cmake -E cmake_depends "Unix Makefiles" /<<PKGBUILDDIR>> /<<PKGBUILDDIR>>/urdf_parser /<<PKGBUILDDIR>>/obj-x86_64-linux-gnu /<<PKGBUILDDIR>>/obj-x86_64-linux-gnu/urdf_parser /<<PKGBUILDDIR>>/obj-x86_64-linux-gnu/urdf_parser/CMakeFiles/urdfdom_world.dir/DependInfo.cmake --color=
make[3]: Entering directory '/<<PKGBUILDDIR>>/obj-x86_64-linux-gnu'
make[3]: Entering directory '/<<PKGBUILDDIR>>/obj-x86_64-linux-gnu'
cd /<<PKGBUILDDIR>>/obj-x86_64-linux-gnu && /usr/bin/cmake -E cmake_depends "Unix Makefiles" /<<PKGBUILDDIR>> /<<PKGBUILDDIR>>/urdf_parser /<<PKGBUILDDIR>>/obj-x86_64-linux-gnu /<<PKGBUILDDIR>>/obj-x86_64-linux-gnu/urdf_parser /<<PKGBUILDDIR>>/obj-x86_64-linux-gnu/urdf_parser/CMakeFiles/urdfdom_model.dir/DependInfo.cmake --color=
cd /<<PKGBUILDDIR>>/obj-x86_64-linux-gnu && /usr/bin/cmake -E cmake_depends "Unix Makefiles" /<<PKGBUILDDIR>> /<<PKGBUILDDIR>>/urdf_parser /<<PKGBUILDDIR>>/obj-x86_64-linux-gnu /<<PKGBUILDDIR>>/obj-x86_64-linux-gnu/urdf_parser /<<PKGBUILDDIR>>/obj-x86_64-linux-gnu/urdf_parser/CMakeFiles/urdfdom_model_state.dir/DependInfo.cmake --color=
make[3]: Entering directory '/<<PKGBUILDDIR>>/obj-x86_64-linux-gnu'
cd /<<PKGBUILDDIR>>/obj-x86_64-linux-gnu && /usr/bin/cmake -E cmake_depends "Unix Makefiles" /<<PKGBUILDDIR>> /<<PKGBUILDDIR>>/urdf_parser/test /<<PKGBUILDDIR>>/obj-x86_64-linux-gnu /<<PKGBUILDDIR>>/obj-x86_64-linux-gnu/urdf_parser/test /<<PKGBUILDDIR>>/obj-x86_64-linux-gnu/urdf_parser/test/CMakeFiles/gtest.dir/DependInfo.cmake --color=
make[3]: Leaving directory '/<<PKGBUILDDIR>>/obj-x86_64-linux-gnu'
make -f urdf_parser/CMakeFiles/urdfdom_world.dir/build.make urdf_parser/CMakeFiles/urdfdom_world.dir/build
make[3]: Leaving directory '/<<PKGBUILDDIR>>/obj-x86_64-linux-gnu'
make -f urdf_parser/CMakeFiles/urdfdom_model_state.dir/build.make urdf_parser/CMakeFiles/urdfdom_model_state.dir/build
make[3]: Entering directory '/<<PKGBUILDDIR>>/obj-x86_64-linux-gnu'
make[3]: Nothing to be done for 'urdf_parser/CMakeFiles/urdfdom_world.dir/build'.
make[3]: Leaving directory '/<<PKGBUILDDIR>>/obj-x86_64-linux-gnu'
make[3]: Entering directory '/<<PKGBUILDDIR>>/obj-x86_64-linux-gnu'
make[3]: Nothing to be done for 'urdf_parser/CMakeFiles/urdfdom_model_state.dir/build'.
make[3]: Leaving directory '/<<PKGBUILDDIR>>/obj-x86_64-linux-gnu'
make[3]: Leaving directory '/<<PKGBUILDDIR>>/obj-x86_64-linux-gnu'
make -f urdf_parser/test/CMakeFiles/gtest.dir/build.make urdf_parser/test/CMakeFiles/gtest.dir/build
make[3]: Leaving directory '/<<PKGBUILDDIR>>/obj-x86_64-linux-gnu'
make -f urdf_parser/CMakeFiles/urdfdom_model.dir/build.make urdf_parser/CMakeFiles/urdfdom_model.dir/build
make[3]: Entering directory '/<<PKGBUILDDIR>>/obj-x86_64-linux-gnu'
make[3]: Nothing to be done for 'urdf_parser/CMakeFiles/urdfdom_model.dir/build'.
make[3]: Leaving directory '/<<PKGBUILDDIR>>/obj-x86_64-linux-gnu'
make[3]: Entering directory '/<<PKGBUILDDIR>>/obj-x86_64-linux-gnu'
make[3]: Nothing to be done for 'urdf_parser/test/CMakeFiles/gtest.dir/build'.
make[3]: Leaving directory '/<<PKGBUILDDIR>>/obj-x86_64-linux-gnu'
[ 18%] Built target urdfdom_world
[ 28%] Built target urdfdom_model_state
[ 34%] Built target gtest
make -f urdf_parser/test/CMakeFiles/gtest_main.dir/build.make urdf_parser/test/CMakeFiles/gtest_main.dir/depend
[ 50%] Built target urdfdom_model
make -f urdf_parser/CMakeFiles/check_urdf.dir/build.make urdf_parser/CMakeFiles/check_urdf.dir/depend
make -f urdf_parser/CMakeFiles/urdf_to_graphiz.dir/build.make urdf_parser/CMakeFiles/urdf_to_graphiz.dir/depend
make -f urdf_parser/CMakeFiles/urdf_mem_test.dir/build.make urdf_parser/CMakeFiles/urdf_mem_test.dir/depend
make[3]: Entering directory '/<<PKGBUILDDIR>>/obj-x86_64-linux-gnu'
cd /<<PKGBUILDDIR>>/obj-x86_64-linux-gnu && /usr/bin/cmake -E cmake_depends "Unix Makefiles" /<<PKGBUILDDIR>> /<<PKGBUILDDIR>>/urdf_parser/test /<<PKGBUILDDIR>>/obj-x86_64-linux-gnu /<<PKGBUILDDIR>>/obj-x86_64-linux-gnu/urdf_parser/test /<<PKGBUILDDIR>>/obj-x86_64-linux-gnu/urdf_parser/test/CMakeFiles/gtest_main.dir/DependInfo.cmake --color=
make[3]: Entering directory '/<<PKGBUILDDIR>>/obj-x86_64-linux-gnu'
make[3]: Entering directory '/<<PKGBUILDDIR>>/obj-x86_64-linux-gnu'
cd /<<PKGBUILDDIR>>/obj-x86_64-linux-gnu && /usr/bin/cmake -E cmake_depends "Unix Makefiles" /<<PKGBUILDDIR>> /<<PKGBUILDDIR>>/urdf_parser /<<PKGBUILDDIR>>/obj-x86_64-linux-gnu /<<PKGBUILDDIR>>/obj-x86_64-linux-gnu/urdf_parser /<<PKGBUILDDIR>>/obj-x86_64-linux-gnu/urdf_parser/CMakeFiles/urdf_to_graphiz.dir/DependInfo.cmake --color=
make[3]: Entering directory '/<<PKGBUILDDIR>>/obj-x86_64-linux-gnu'
cd /<<PKGBUILDDIR>>/obj-x86_64-linux-gnu && /usr/bin/cmake -E cmake_depends "Unix Makefiles" /<<PKGBUILDDIR>> /<<PKGBUILDDIR>>/urdf_parser /<<PKGBUILDDIR>>/obj-x86_64-linux-gnu /<<PKGBUILDDIR>>/obj-x86_64-linux-gnu/urdf_parser /<<PKGBUILDDIR>>/obj-x86_64-linux-gnu/urdf_parser/CMakeFiles/urdf_mem_test.dir/DependInfo.cmake --color=
cd /<<PKGBUILDDIR>>/obj-x86_64-linux-gnu && /usr/bin/cmake -E cmake_depends "Unix Makefiles" /<<PKGBUILDDIR>> /<<PKGBUILDDIR>>/urdf_parser /<<PKGBUILDDIR>>/obj-x86_64-linux-gnu /<<PKGBUILDDIR>>/obj-x86_64-linux-gnu/urdf_parser /<<PKGBUILDDIR>>/obj-x86_64-linux-gnu/urdf_parser/CMakeFiles/check_urdf.dir/DependInfo.cmake --color=
make[3]: Leaving directory '/<<PKGBUILDDIR>>/obj-x86_64-linux-gnu'
make -f urdf_parser/CMakeFiles/urdf_to_graphiz.dir/build.make urdf_parser/CMakeFiles/urdf_to_graphiz.dir/build
make[3]: Entering directory '/<<PKGBUILDDIR>>/obj-x86_64-linux-gnu'
make[3]: Nothing to be done for 'urdf_parser/CMakeFiles/urdf_to_graphiz.dir/build'.
make[3]: Leaving directory '/<<PKGBUILDDIR>>/obj-x86_64-linux-gnu'
make[3]: Leaving directory '/<<PKGBUILDDIR>>/obj-x86_64-linux-gnu'
make -f urdf_parser/CMakeFiles/check_urdf.dir/build.make urdf_parser/CMakeFiles/check_urdf.dir/build
make[3]: Leaving directory '/<<PKGBUILDDIR>>/obj-x86_64-linux-gnu'
make -f urdf_parser/test/CMakeFiles/gtest_main.dir/build.make urdf_parser/test/CMakeFiles/gtest_main.dir/build
make[3]: Entering directory '/<<PKGBUILDDIR>>/obj-x86_64-linux-gnu'
make[3]: Nothing to be done for 'urdf_parser/CMakeFiles/check_urdf.dir/build'.
make[3]: Leaving directory '/<<PKGBUILDDIR>>/obj-x86_64-linux-gnu'
make[3]: Entering directory '/<<PKGBUILDDIR>>/obj-x86_64-linux-gnu'
make[3]: Nothing to be done for 'urdf_parser/test/CMakeFiles/gtest_main.dir/build'.
make[3]: Leaving directory '/<<PKGBUILDDIR>>/obj-x86_64-linux-gnu'
[ 56%] Built target urdf_to_graphiz
make[3]: Leaving directory '/<<PKGBUILDDIR>>/obj-x86_64-linux-gnu'
make -f urdf_parser/CMakeFiles/urdf_mem_test.dir/build.make urdf_parser/CMakeFiles/urdf_mem_test.dir/build
make -f urdf_parser/CMakeFiles/urdfdom_sensor.dir/build.make urdf_parser/CMakeFiles/urdfdom_sensor.dir/depend
[ 62%] Built target check_urdf
make[3]: Entering directory '/<<PKGBUILDDIR>>/obj-x86_64-linux-gnu'
cd /<<PKGBUILDDIR>>/obj-x86_64-linux-gnu && /usr/bin/cmake -E cmake_depends "Unix Makefiles" /<<PKGBUILDDIR>> /<<PKGBUILDDIR>>/urdf_parser /<<PKGBUILDDIR>>/obj-x86_64-linux-gnu /<<PKGBUILDDIR>>/obj-x86_64-linux-gnu/urdf_parser /<<PKGBUILDDIR>>/obj-x86_64-linux-gnu/urdf_parser/CMakeFiles/urdfdom_sensor.dir/DependInfo.cmake --color=
make[3]: Entering directory '/<<PKGBUILDDIR>>/obj-x86_64-linux-gnu'
make[3]: Nothing to be done for 'urdf_parser/CMakeFiles/urdf_mem_test.dir/build'.
make[3]: Leaving directory '/<<PKGBUILDDIR>>/obj-x86_64-linux-gnu'
[ 68%] Built target gtest_main
make -f urdf_parser/test/CMakeFiles/urdf_version_test.dir/build.make urdf_parser/test/CMakeFiles/urdf_version_test.dir/depend
make -f urdf_parser/test/CMakeFiles/urdf_unit_test.dir/build.make urdf_parser/test/CMakeFiles/urdf_unit_test.dir/depend
make[3]: Entering directory '/<<PKGBUILDDIR>>/obj-x86_64-linux-gnu'
cd /<<PKGBUILDDIR>>/obj-x86_64-linux-gnu && /usr/bin/cmake -E cmake_depends "Unix Makefiles" /<<PKGBUILDDIR>> /<<PKGBUILDDIR>>/urdf_parser/test /<<PKGBUILDDIR>>/obj-x86_64-linux-gnu /<<PKGBUILDDIR>>/obj-x86_64-linux-gnu/urdf_parser/test /<<PKGBUILDDIR>>/obj-x86_64-linux-gnu/urdf_parser/test/CMakeFiles/urdf_version_test.dir/DependInfo.cmake --color=
make[3]: Entering directory '/<<PKGBUILDDIR>>/obj-x86_64-linux-gnu'
cd /<<PKGBUILDDIR>>/obj-x86_64-linux-gnu && /usr/bin/cmake -E cmake_depends "Unix Makefiles" /<<PKGBUILDDIR>> /<<PKGBUILDDIR>>/urdf_parser/test /<<PKGBUILDDIR>>/obj-x86_64-linux-gnu /<<PKGBUILDDIR>>/obj-x86_64-linux-gnu/urdf_parser/test /<<PKGBUILDDIR>>/obj-x86_64-linux-gnu/urdf_parser/test/CMakeFiles/urdf_unit_test.dir/DependInfo.cmake --color=
make[3]: Leaving directory '/<<PKGBUILDDIR>>/obj-x86_64-linux-gnu'
make -f urdf_parser/CMakeFiles/urdfdom_sensor.dir/build.make urdf_parser/CMakeFiles/urdfdom_sensor.dir/build
[ 75%] Built target urdf_mem_test
make -f urdf_parser/test/CMakeFiles/urdf_double_convert.dir/build.make urdf_parser/test/CMakeFiles/urdf_double_convert.dir/depend
make[3]: Entering directory '/<<PKGBUILDDIR>>/obj-x86_64-linux-gnu'
make[3]: Nothing to be done for 'urdf_parser/CMakeFiles/urdfdom_sensor.dir/build'.
make[3]: Leaving directory '/<<PKGBUILDDIR>>/obj-x86_64-linux-gnu'
make[3]: Entering directory '/<<PKGBUILDDIR>>/obj-x86_64-linux-gnu'
cd /<<PKGBUILDDIR>>/obj-x86_64-linux-gnu && /usr/bin/cmake -E cmake_depends "Unix Makefiles" /<<PKGBUILDDIR>> /<<PKGBUILDDIR>>/urdf_parser/test /<<PKGBUILDDIR>>/obj-x86_64-linux-gnu /<<PKGBUILDDIR>>/obj-x86_64-linux-gnu/urdf_parser/test /<<PKGBUILDDIR>>/obj-x86_64-linux-gnu/urdf_parser/test/CMakeFiles/urdf_double_convert.dir/DependInfo.cmake --color=
make[3]: Leaving directory '/<<PKGBUILDDIR>>/obj-x86_64-linux-gnu'
make -f urdf_parser/test/CMakeFiles/urdf_version_test.dir/build.make urdf_parser/test/CMakeFiles/urdf_version_test.dir/build
make[3]: Leaving directory '/<<PKGBUILDDIR>>/obj-x86_64-linux-gnu'
make -f urdf_parser/test/CMakeFiles/urdf_unit_test.dir/build.make urdf_parser/test/CMakeFiles/urdf_unit_test.dir/build
make[3]: Entering directory '/<<PKGBUILDDIR>>/obj-x86_64-linux-gnu'
make[3]: Nothing to be done for 'urdf_parser/test/CMakeFiles/urdf_version_test.dir/build'.
make[3]: Leaving directory '/<<PKGBUILDDIR>>/obj-x86_64-linux-gnu'
[ 81%] Built target urdfdom_sensor
make[3]: Entering directory '/<<PKGBUILDDIR>>/obj-x86_64-linux-gnu'
make[3]: Nothing to be done for 'urdf_parser/test/CMakeFiles/urdf_unit_test.dir/build'.
make[3]: Leaving directory '/<<PKGBUILDDIR>>/obj-x86_64-linux-gnu'
make[3]: Leaving directory '/<<PKGBUILDDIR>>/obj-x86_64-linux-gnu'
make -f urdf_parser/test/CMakeFiles/urdf_double_convert.dir/build.make urdf_parser/test/CMakeFiles/urdf_double_convert.dir/build
make[3]: Entering directory '/<<PKGBUILDDIR>>/obj-x86_64-linux-gnu'
make[3]: Nothing to be done for 'urdf_parser/test/CMakeFiles/urdf_double_convert.dir/build'.
make[3]: Leaving directory '/<<PKGBUILDDIR>>/obj-x86_64-linux-gnu'
[ 87%] Built target urdf_version_test
[ 93%] Built target urdf_unit_test
[100%] Built target urdf_double_convert
make[2]: Leaving directory '/<<PKGBUILDDIR>>/obj-x86_64-linux-gnu'
/usr/bin/cmake -E cmake_progress_start /<<PKGBUILDDIR>>/obj-x86_64-linux-gnu/CMakeFiles 0
make -f CMakeFiles/Makefile2 preinstall
make[2]: Entering directory '/<<PKGBUILDDIR>>/obj-x86_64-linux-gnu'
make[2]: Nothing to be done for 'preinstall'.
make[2]: Leaving directory '/<<PKGBUILDDIR>>/obj-x86_64-linux-gnu'
Install the project...
/usr/bin/cmake -P cmake_install.cmake
-- Install configuration: "None"
-- Installing: /<<PKGBUILDDIR>>/debian/tmp/usr/lib/x86_64-linux-gnu/urdfdom/cmake/urdfdom-config.cmake
-- Installing: /<<PKGBUILDDIR>>/debian/tmp/usr/lib/x86_64-linux-gnu/pkgconfig/urdfdom.pc
-- Installing: /<<PKGBUILDDIR>>/debian/tmp/usr/lib/x86_64-linux-gnu/liburdfdom_model.so.1.0
-- Installing: /<<PKGBUILDDIR>>/debian/tmp/usr/lib/x86_64-linux-gnu/liburdfdom_model.so
-- Installing: /<<PKGBUILDDIR>>/debian/tmp/usr/lib/x86_64-linux-gnu/liburdfdom_world.so.1.0
-- Installing: /<<PKGBUILDDIR>>/debian/tmp/usr/lib/x86_64-linux-gnu/liburdfdom_world.so
-- Installing: /<<PKGBUILDDIR>>/debian/tmp/usr/bin/check_urdf
-- Set runtime path of "/<<PKGBUILDDIR>>/debian/tmp/usr/bin/check_urdf" to ""
-- Installing: /<<PKGBUILDDIR>>/debian/tmp/usr/bin/urdf_to_graphiz
-- Set runtime path of "/<<PKGBUILDDIR>>/debian/tmp/usr/bin/urdf_to_graphiz" to ""
-- Installing: /<<PKGBUILDDIR>>/debian/tmp/usr/bin/urdf_mem_test
-- Set runtime path of "/<<PKGBUILDDIR>>/debian/tmp/usr/bin/urdf_mem_test" to ""
-- Installing: /<<PKGBUILDDIR>>/debian/tmp/usr/lib/x86_64-linux-gnu/liburdfdom_sensor.so.1.0
-- Set runtime path of "/<<PKGBUILDDIR>>/debian/tmp/usr/lib/x86_64-linux-gnu/liburdfdom_sensor.so.1.0" to ""
-- Installing: /<<PKGBUILDDIR>>/debian/tmp/usr/lib/x86_64-linux-gnu/liburdfdom_sensor.so
-- Installing: /<<PKGBUILDDIR>>/debian/tmp/usr/lib/x86_64-linux-gnu/liburdfdom_model_state.so.1.0
-- Installing: /<<PKGBUILDDIR>>/debian/tmp/usr/lib/x86_64-linux-gnu/liburdfdom_model_state.so
-- Installing: /<<PKGBUILDDIR>>/debian/tmp/usr/include/urdf_parser
-- Installing: /<<PKGBUILDDIR>>/debian/tmp/usr/include/urdf_parser/exportdecl.h
-- Installing: /<<PKGBUILDDIR>>/debian/tmp/usr/include/urdf_parser/urdf_parser.h
make[1]: Leaving directory '/<<PKGBUILDDIR>>/obj-x86_64-linux-gnu'
   dh_install
   dh_installdocs
   dh_installchangelogs
   dh_installman
   dh_perl
   dh_link
   dh_strip_nondeterminism
   dh_compress
   dh_fixperms
   dh_missing
   dh_strip
   dh_makeshlibs
   dh_shlibdeps
dpkg-shlibdeps: warning: package could avoid a useless dependency if debian/liburdfdom-tools/usr/bin/check_urdf debian/liburdfdom-tools/usr/bin/urdf_to_graphiz were not linked against libconsole_bridge.so.0.4 (they use none of the library's symbols)
dpkg-shlibdeps: warning: package could avoid a useless dependency if debian/liburdfdom-tools/usr/bin/check_urdf debian/liburdfdom-tools/usr/bin/urdf_to_graphiz were not linked against libtinyxml.so.2.6.2 (they use none of the library's symbols)
   dh_installdeb
   dh_gencontrol
   dh_md5sums
   dh_builddeb
dpkg-deb: building package 'liburdfdom-world' in '../liburdfdom-world_1.0.4+ds-2_amd64.deb'.
dpkg-deb: building package 'liburdfdom-model' in '../liburdfdom-model_1.0.4+ds-2_amd64.deb'.
dpkg-deb: building package 'liburdfdom-model-state-dbgsym' in '../liburdfdom-model-state-dbgsym_1.0.4+ds-2_amd64.deb'.
dpkg-deb: building package 'liburdfdom-tools' in '../liburdfdom-tools_1.0.4+ds-2_amd64.deb'.
dpkg-deb: building package 'liburdfdom-tools-dbgsym' in '../liburdfdom-tools-dbgsym_1.0.4+ds-2_amd64.deb'.
dpkg-deb: building package 'liburdfdom-sensor' in '../liburdfdom-sensor_1.0.4+ds-2_amd64.deb'.
dpkg-deb: building package 'liburdfdom-world-dbgsym' in '../liburdfdom-world-dbgsym_1.0.4+ds-2_amd64.deb'.
dpkg-deb: building package 'liburdfdom-model-dbgsym' in '../liburdfdom-model-dbgsym_1.0.4+ds-2_amd64.deb'.
dpkg-deb: building package 'liburdfdom-sensor-dbgsym' in '../liburdfdom-sensor-dbgsym_1.0.4+ds-2_amd64.deb'.
dpkg-deb: building package 'liburdfdom-model-state' in '../liburdfdom-model-state_1.0.4+ds-2_amd64.deb'.
dpkg-deb: building package 'liburdfdom-dev' in '../liburdfdom-dev_1.0.4+ds-2_amd64.deb'.
 dpkg-genbuildinfo --build=binary
 dpkg-genchanges --build=binary >../urdfdom_1.0.4+ds-2_amd64.changes
dpkg-genchanges: info: binary-only upload (no source code included)
 dpkg-source --after-build .
dpkg-buildpackage: info: binary-only upload (no source included)
--------------------------------------------------------------------------------
Build finished at 2020-02-25T05:17:52Z

Finished
--------

I: Built successfully

+------------------------------------------------------------------------------+
| Changes                                                                      |
+------------------------------------------------------------------------------+


urdfdom_1.0.4+ds-2_amd64.changes:
---------------------------------

Format: 1.8
Date: Mon, 10 Feb 2020 21:14:29 +1100
Source: urdfdom
Binary: liburdfdom-dev liburdfdom-model liburdfdom-model-dbgsym liburdfdom-model-state liburdfdom-model-state-dbgsym liburdfdom-sensor liburdfdom-sensor-dbgsym liburdfdom-tools liburdfdom-tools-dbgsym liburdfdom-world liburdfdom-world-dbgsym
Architecture: amd64
Version: 1.0.4+ds-2
Distribution: unstable
Urgency: medium
Maintainer: Debian Science Maintainers <debian-science-maintainers@lists.alioth.debian.org>
Changed-By: Stuart Prescott <stuart@debian.org>
Description:
 liburdfdom-dev - URDF DOM - development files
 liburdfdom-model - URDF DOM - model library
 liburdfdom-model-state - URDF DOM - model state library
 liburdfdom-sensor - URDF DOM - sensor library
 liburdfdom-tools - URDF DOM - tools
 liburdfdom-world - URDF DOM - world library
Closes: 943296
Changes:
 urdfdom (1.0.4+ds-2) unstable; urgency=medium
 .
   * Team upload.
   * Drop unneeded Python 2 build-dependency (Closes: #943296).
Checksums-Sha1:
 e7a1d26ea482bf7443214dd5875ed2cc2269b3b0 6008 liburdfdom-dev_1.0.4+ds-2_amd64.deb
 2190422b1d81178c331a013ab40a1ba44271ee20 369564 liburdfdom-model-dbgsym_1.0.4+ds-2_amd64.deb
 7068cb19a0fd57a3726ac8f624a84c7e53582bc2 83052 liburdfdom-model-state-dbgsym_1.0.4+ds-2_amd64.deb
 b8604be694d3ef98f0c8d16144dc03ff9feb21ae 13316 liburdfdom-model-state_1.0.4+ds-2_amd64.deb
 f007452274c98287ec58145ae983133870e61882 43220 liburdfdom-model_1.0.4+ds-2_amd64.deb
 cc7134b2b179bab8f34bd73642b74a84c8140cd9 51468 liburdfdom-sensor-dbgsym_1.0.4+ds-2_amd64.deb
 01c37cec71a784f8010508a728201a5d1729589c 10424 liburdfdom-sensor_1.0.4+ds-2_amd64.deb
 0b42dda61c2cecf5c12b9d157c6cd52ce225704e 128644 liburdfdom-tools-dbgsym_1.0.4+ds-2_amd64.deb
 bb0ceaec4dbacad2295cfd8abcf9b12268151228 12616 liburdfdom-tools_1.0.4+ds-2_amd64.deb
 adf7611cf539c9b4fc97d21e7f09ba9f8e0d04c2 405292 liburdfdom-world-dbgsym_1.0.4+ds-2_amd64.deb
 2161531f8bffac73396f89259086eed4a9dfc7be 42356 liburdfdom-world_1.0.4+ds-2_amd64.deb
 54cd3c56910cee12ff39e6ac71601fa00ad1fb65 9085 urdfdom_1.0.4+ds-2_amd64.buildinfo
Checksums-Sha256:
 b55a7cd2ffa3fe61498d7f002c1877482f533ca1d14da44e5443a3e1a7a9796e 6008 liburdfdom-dev_1.0.4+ds-2_amd64.deb
 6d7eefc58d102d0e775f4b9f25d54fa14d81b82941dee5b76f6d0b4189ee32ba 369564 liburdfdom-model-dbgsym_1.0.4+ds-2_amd64.deb
 ad7251526a8d6d0c4028781314907e627699f85fb75ce269045b0fa29fc8cb4c 83052 liburdfdom-model-state-dbgsym_1.0.4+ds-2_amd64.deb
 59e388ae4a96d95b281a6e8b87480ff2cc723adc403c5b640b4c2f4d1c5ba661 13316 liburdfdom-model-state_1.0.4+ds-2_amd64.deb
 3359f9949ab8f9c500fbc1ab24805f687966cb2358ef4362172a868ea0a5f8ca 43220 liburdfdom-model_1.0.4+ds-2_amd64.deb
 e79e33787985255c3b621bf993a520d0207d625e7ca39f8e0cffbb5d956ed6b4 51468 liburdfdom-sensor-dbgsym_1.0.4+ds-2_amd64.deb
 54c92afc1677e5e4e33fb57a378c56a74875704515959fc9bf68337b7b0aa578 10424 liburdfdom-sensor_1.0.4+ds-2_amd64.deb
 2b11aa90f2fc9117e289ed993e0e417104c15e6563513f2cc08085dd1163800e 128644 liburdfdom-tools-dbgsym_1.0.4+ds-2_amd64.deb
 4f4742f7a4f5097084c9f265669819ac0aafaf3dc502076ba78a94946c15ae6b 12616 liburdfdom-tools_1.0.4+ds-2_amd64.deb
 d6fd5627b5c8d8a1bf2ba7fa370e7291888449cd645db583be42fa5b309b1755 405292 liburdfdom-world-dbgsym_1.0.4+ds-2_amd64.deb
 fc26f25098dd196d75f87c2277fb44411bc79fed464fb471a46aacd74274bc18 42356 liburdfdom-world_1.0.4+ds-2_amd64.deb
 a33d51a0bdc65cdb1460906d029642f8ca3b32aff2f19164b3af542113ed272b 9085 urdfdom_1.0.4+ds-2_amd64.buildinfo
Files:
 b5c7a9e6d4434fe5f1e361229721b6db 6008 libdevel optional liburdfdom-dev_1.0.4+ds-2_amd64.deb
 286e226d5dc91af7ddb6aaf3e77c221d 369564 debug optional liburdfdom-model-dbgsym_1.0.4+ds-2_amd64.deb
 b128804fd9ca3e92f7939dc0336aa872 83052 debug optional liburdfdom-model-state-dbgsym_1.0.4+ds-2_amd64.deb
 8d2e97e19bedb94cc47730195aa46fe2 13316 libs optional liburdfdom-model-state_1.0.4+ds-2_amd64.deb
 f8414446b15e08f3111be8587f39efda 43220 libs optional liburdfdom-model_1.0.4+ds-2_amd64.deb
 0474caf6159a40f5b8d172291ca91d4f 51468 debug optional liburdfdom-sensor-dbgsym_1.0.4+ds-2_amd64.deb
 1de47720519ca628db3a0694d147a182 10424 libs optional liburdfdom-sensor_1.0.4+ds-2_amd64.deb
 786e9a0cba07041c45bf787287a970c2 128644 debug optional liburdfdom-tools-dbgsym_1.0.4+ds-2_amd64.deb
 e2ca9aae890d2cc7039c240702934035 12616 libs optional liburdfdom-tools_1.0.4+ds-2_amd64.deb
 6c6da7390bfa667b405add870612ff46 405292 debug optional liburdfdom-world-dbgsym_1.0.4+ds-2_amd64.deb
 9de38294dfddb5733b4db207677454c5 42356 libs optional liburdfdom-world_1.0.4+ds-2_amd64.deb
 b70bbe90393a96a68d7e728b52e3e52a 9085 libs optional urdfdom_1.0.4+ds-2_amd64.buildinfo

+------------------------------------------------------------------------------+
| Buildinfo                                                                    |
+------------------------------------------------------------------------------+

Format: 1.0
Source: urdfdom
Binary: liburdfdom-model liburdfdom-model-state liburdfdom-sensor liburdfdom-world liburdfdom-dev liburdfdom-tools
Architecture: amd64
Version: 1.0.4+ds-2
Checksums-Md5:
 b5c7a9e6d4434fe5f1e361229721b6db 6008 liburdfdom-dev_1.0.4+ds-2_amd64.deb
 286e226d5dc91af7ddb6aaf3e77c221d 369564 liburdfdom-model-dbgsym_1.0.4+ds-2_amd64.deb
 b128804fd9ca3e92f7939dc0336aa872 83052 liburdfdom-model-state-dbgsym_1.0.4+ds-2_amd64.deb
 8d2e97e19bedb94cc47730195aa46fe2 13316 liburdfdom-model-state_1.0.4+ds-2_amd64.deb
 f8414446b15e08f3111be8587f39efda 43220 liburdfdom-model_1.0.4+ds-2_amd64.deb
 0474caf6159a40f5b8d172291ca91d4f 51468 liburdfdom-sensor-dbgsym_1.0.4+ds-2_amd64.deb
 1de47720519ca628db3a0694d147a182 10424 liburdfdom-sensor_1.0.4+ds-2_amd64.deb
 786e9a0cba07041c45bf787287a970c2 128644 liburdfdom-tools-dbgsym_1.0.4+ds-2_amd64.deb
 e2ca9aae890d2cc7039c240702934035 12616 liburdfdom-tools_1.0.4+ds-2_amd64.deb
 6c6da7390bfa667b405add870612ff46 405292 liburdfdom-world-dbgsym_1.0.4+ds-2_amd64.deb
 9de38294dfddb5733b4db207677454c5 42356 liburdfdom-world_1.0.4+ds-2_amd64.deb
Checksums-Sha1:
 e7a1d26ea482bf7443214dd5875ed2cc2269b3b0 6008 liburdfdom-dev_1.0.4+ds-2_amd64.deb
 2190422b1d81178c331a013ab40a1ba44271ee20 369564 liburdfdom-model-dbgsym_1.0.4+ds-2_amd64.deb
 7068cb19a0fd57a3726ac8f624a84c7e53582bc2 83052 liburdfdom-model-state-dbgsym_1.0.4+ds-2_amd64.deb
 b8604be694d3ef98f0c8d16144dc03ff9feb21ae 13316 liburdfdom-model-state_1.0.4+ds-2_amd64.deb
 f007452274c98287ec58145ae983133870e61882 43220 liburdfdom-model_1.0.4+ds-2_amd64.deb
 cc7134b2b179bab8f34bd73642b74a84c8140cd9 51468 liburdfdom-sensor-dbgsym_1.0.4+ds-2_amd64.deb
 01c37cec71a784f8010508a728201a5d1729589c 10424 liburdfdom-sensor_1.0.4+ds-2_amd64.deb
 0b42dda61c2cecf5c12b9d157c6cd52ce225704e 128644 liburdfdom-tools-dbgsym_1.0.4+ds-2_amd64.deb
 bb0ceaec4dbacad2295cfd8abcf9b12268151228 12616 liburdfdom-tools_1.0.4+ds-2_amd64.deb
 adf7611cf539c9b4fc97d21e7f09ba9f8e0d04c2 405292 liburdfdom-world-dbgsym_1.0.4+ds-2_amd64.deb
 2161531f8bffac73396f89259086eed4a9dfc7be 42356 liburdfdom-world_1.0.4+ds-2_amd64.deb
Checksums-Sha256:
 b55a7cd2ffa3fe61498d7f002c1877482f533ca1d14da44e5443a3e1a7a9796e 6008 liburdfdom-dev_1.0.4+ds-2_amd64.deb
 6d7eefc58d102d0e775f4b9f25d54fa14d81b82941dee5b76f6d0b4189ee32ba 369564 liburdfdom-model-dbgsym_1.0.4+ds-2_amd64.deb
 ad7251526a8d6d0c4028781314907e627699f85fb75ce269045b0fa29fc8cb4c 83052 liburdfdom-model-state-dbgsym_1.0.4+ds-2_amd64.deb
 59e388ae4a96d95b281a6e8b87480ff2cc723adc403c5b640b4c2f4d1c5ba661 13316 liburdfdom-model-state_1.0.4+ds-2_amd64.deb
 3359f9949ab8f9c500fbc1ab24805f687966cb2358ef4362172a868ea0a5f8ca 43220 liburdfdom-model_1.0.4+ds-2_amd64.deb
 e79e33787985255c3b621bf993a520d0207d625e7ca39f8e0cffbb5d956ed6b4 51468 liburdfdom-sensor-dbgsym_1.0.4+ds-2_amd64.deb
 54c92afc1677e5e4e33fb57a378c56a74875704515959fc9bf68337b7b0aa578 10424 liburdfdom-sensor_1.0.4+ds-2_amd64.deb
 2b11aa90f2fc9117e289ed993e0e417104c15e6563513f2cc08085dd1163800e 128644 liburdfdom-tools-dbgsym_1.0.4+ds-2_amd64.deb
 4f4742f7a4f5097084c9f265669819ac0aafaf3dc502076ba78a94946c15ae6b 12616 liburdfdom-tools_1.0.4+ds-2_amd64.deb
 d6fd5627b5c8d8a1bf2ba7fa370e7291888449cd645db583be42fa5b309b1755 405292 liburdfdom-world-dbgsym_1.0.4+ds-2_amd64.deb
 fc26f25098dd196d75f87c2277fb44411bc79fed464fb471a46aacd74274bc18 42356 liburdfdom-world_1.0.4+ds-2_amd64.deb
Build-Origin: Debian
Build-Architecture: amd64
Build-Date: Tue, 25 Feb 2020 05:17:52 +0000
Build-Path: /<<PKGBUILDDIR>>
Installed-Build-Depends:
 autoconf (= 2.69-11.1),
 automake (= 1:1.16.1-4),
 autopoint (= 0.19.8.1-10),
 autotools-dev (= 20180224.1),
 base-files (= 11),
 base-passwd (= 3.5.47),
 bash (= 5.0-5),
 binutils (= 2.34-3),
 binutils-common (= 2.34-3),
 binutils-x86-64-linux-gnu (= 2.34-3),
 bsdmainutils (= 11.1.2+b1),
 bsdutils (= 1:2.34-0.1),
 build-essential (= 12.8),
 bzip2 (= 1.0.8-2),
 clang-9 (= 1:9.0.1-8),
 cmake (= 3.16.3-1),
 cmake-data (= 3.16.3-1),
 coreutils (= 8.30-3+b1),
 cpp (= 4:9.2.1-3.1),
 cpp-9 (= 9.2.1-29),
 dash (= 0.5.10.2-6),
 debconf (= 1.5.73),
 debhelper (= 12.9),
 debianutils (= 4.9.1),
 dh-autoreconf (= 19),
 dh-strip-nondeterminism (= 1.6.3-2),
 diffutils (= 1:3.7-3),
 dpkg (= 1.19.7),
 dpkg-dev (= 1.19.7),
 dwz (= 0.13-5),
 fdisk (= 2.34-0.1),
 file (= 1:5.38-4),
 findutils (= 4.7.0-1),
 g++ (= 4:9.2.1-3.1),
 g++-9 (= 9.2.1-29),
 gcc (= 4:9.2.1-3.1),
 gcc-10-base (= 10-20200222-1),
 gcc-8-base (= 8.3.0-29),
 gcc-9 (= 9.2.1-29),
 gcc-9-base (= 9.2.1-29),
 gettext (= 0.19.8.1-10),
 gettext-base (= 0.19.8.1-10),
 grep (= 3.4-1),
 groff-base (= 1.22.4-4),
 gzip (= 1.9-3+b1),
 hostname (= 3.23),
 init-system-helpers (= 1.57),
 intltool-debian (= 0.35.0+20060710.5),
 lib32gcc-s1 (= 10-20200222-1),
 lib32gcc1 (= 1:10-20200222-1),
 lib32stdc++6 (= 10-20200222-1),
 libacl1 (= 2.2.53-5),
 libarchive-zip-perl (= 1.67-1),
 libarchive13 (= 3.4.0-1+b1),
 libasan5 (= 9.2.1-29),
 libatomic1 (= 10-20200222-1),
 libattr1 (= 1:2.4.48-5),
 libaudit-common (= 1:2.8.5-2),
 libaudit1 (= 1:2.8.5-2+b1),
 libbinutils (= 2.34-3),
 libblkid1 (= 2.34-0.1),
 libbrotli1 (= 1.0.7-6),
 libbsd0 (= 0.10.0-1),
 libbz2-1.0 (= 1.0.8-2),
 libc-bin (= 2.29-10),
 libc-dev-bin (= 2.29-10),
 libc6 (= 2.29-10),
 libc6-dev (= 2.29-10),
 libc6-i386 (= 2.29-10),
 libcap-ng0 (= 0.7.9-2.1+b1),
 libcc1-0 (= 10-20200222-1),
 libclang-common-9-dev (= 1:9.0.1-8),
 libclang-cpp9 (= 1:9.0.1-8),
 libcom-err2 (= 1.45.5-2),
 libconsole-bridge-dev (= 0.4.4+dfsg-1),
 libconsole-bridge0.4 (= 0.4.4+dfsg-1),
 libcroco3 (= 0.6.13-1),
 libcrypt-dev (= 1:4.4.10-10),
 libcrypt1 (= 1:4.4.10-10),
 libctf-nobfd0 (= 2.34-3),
 libctf0 (= 2.34-3),
 libcurl4 (= 7.68.0-1),
 libdb5.3 (= 5.3.28+dfsg1-0.6),
 libdebconfclient0 (= 0.251),
 libdebhelper-perl (= 12.9),
 libdpkg-perl (= 1.19.7),
 libedit2 (= 3.1-20191231-1),
 libelf1 (= 0.176-1.1),
 libexpat1 (= 2.2.9-1),
 libfdisk1 (= 2.34-0.1),
 libffi7 (= 3.3-3),
 libfile-stripnondeterminism-perl (= 1.6.3-2),
 libgc1c2 (= 1:7.6.4-0.4),
 libgcc-8-dev (= 8.3.0-29),
 libgcc-9-dev (= 9.2.1-29),
 libgcc-s1 (= 10-20200222-1),
 libgcc1 (= 1:10-20200222-1),
 libgcrypt20 (= 1.8.5-5),
 libgdbm-compat4 (= 1.18.1-5),
 libgdbm6 (= 1.18.1-5),
 libglib2.0-0 (= 2.62.4-2),
 libgmp10 (= 2:6.2.0+dfsg-4),
 libgnutls30 (= 3.6.12-2),
 libgomp1 (= 10-20200222-1),
 libgpg-error0 (= 1.37-1),
 libgssapi-krb5-2 (= 1.17-6),
 libhogweed5 (= 3.5.1+really3.5.1-2),
 libicu63 (= 63.2-2),
 libidn2-0 (= 2.2.0-2),
 libisl22 (= 0.22.1-1),
 libitm1 (= 10-20200222-1),
 libjsoncpp1 (= 1.7.4-3.1),
 libk5crypto3 (= 1.17-6),
 libkeyutils1 (= 1.6.1-2),
 libkrb5-3 (= 1.17-6),
 libkrb5support0 (= 1.17-6),
 libldap-2.4-2 (= 2.4.49+dfsg-1),
 libldap-common (= 2.4.49+dfsg-1),
 libllvm9 (= 1:9.0.1-8),
 liblsan0 (= 10-20200222-1),
 liblz4-1 (= 1.9.2-2),
 liblzma5 (= 5.2.4-1+b1),
 libmagic-mgc (= 1:5.38-4),
 libmagic1 (= 1:5.38-4),
 libmount1 (= 2.34-0.1),
 libmpc3 (= 1.1.0-1),
 libmpfr6 (= 4.0.2-1),
 libmpx2 (= 8.3.0-29),
 libncurses6 (= 6.1+20191019-1),
 libncursesw6 (= 6.1+20191019-1),
 libnettle7 (= 3.5.1+really3.5.1-2),
 libnghttp2-14 (= 1.40.0-1),
 libobjc-8-dev (= 8.3.0-29),
 libobjc4 (= 10-20200222-1),
 libp11-kit0 (= 0.23.20-1),
 libpam-modules (= 1.3.1-5),
 libpam-modules-bin (= 1.3.1-5),
 libpam-runtime (= 1.3.1-5),
 libpam0g (= 1.3.1-5),
 libpcre2-8-0 (= 10.34-7),
 libpcre3 (= 2:8.39-12+b1),
 libperl5.30 (= 5.30.0-9),
 libpipeline1 (= 1.5.2-2),
 libprocps8 (= 2:3.3.16-1+b1),
 libpsl5 (= 0.20.2-2),
 libquadmath0 (= 10-20200222-1),
 librhash0 (= 1.3.9-1),
 librtmp1 (= 2.4+20151223.gitfa8646d.1-2+b1),
 libsasl2-2 (= 2.1.27+dfsg-2),
 libsasl2-modules-db (= 2.1.27+dfsg-2),
 libseccomp2 (= 2.4.2-2),
 libselinux1 (= 3.0-1+b1),
 libsigsegv2 (= 2.12-2),
 libsmartcols1 (= 2.34-0.1),
 libssh2-1 (= 1.8.0-2.1),
 libssl1.1 (= 1.1.1d-2),
 libstdc++-8-dev (= 8.3.0-29),
 libstdc++-9-dev (= 9.2.1-29),
 libstdc++6 (= 10-20200222-1),
 libsub-override-perl (= 0.09-2),
 libsystemd0 (= 244.3-1),
 libtasn1-6 (= 4.16.0-2),
 libtinfo6 (= 6.1+20191019-1),
 libtinyxml-dev (= 2.6.2-4),
 libtinyxml2.6.2v5 (= 2.6.2-4),
 libtool (= 2.4.6-13),
 libtsan0 (= 10-20200222-1),
 libubsan1 (= 10-20200222-1),
 libuchardet0 (= 0.0.6-3),
 libudev1 (= 244.3-1),
 libunistring2 (= 0.9.10-2),
 liburdfdom-headers-dev (= 1.0.4-1),
 libuuid1 (= 2.34-0.1),
 libuv1 (= 1.34.2-1),
 libxml2 (= 2.9.10+dfsg-3),
 libz3-4 (= 4.8.7-4),
 libzstd1 (= 1.4.4+dfsg-3),
 linux-libc-dev (= 5.4.19-1),
 login (= 1:4.8.1-1),
 lsb-base (= 11.1.0),
 m4 (= 1.4.18-4),
 make (= 4.2.1-1.2),
 man-db (= 2.9.0-2),
 mawk (= 1.3.4.20200120-2),
 ncurses-base (= 6.1+20191019-1),
 ncurses-bin (= 6.1+20191019-1),
 patch (= 2.7.6-6),
 perl (= 5.30.0-9),
 perl-base (= 5.30.0-9),
 perl-modules-5.30 (= 5.30.0-9),
 pkg-config (= 0.29-6),
 po-debconf (= 1.0.21),
 procps (= 2:3.3.16-1+b1),
 sed (= 4.7-1),
 sensible-utils (= 0.0.12+nmu1),
 sysvinit-utils (= 2.96-2.1),
 tar (= 1.30+dfsg-6+b1),
 util-linux (= 2.34-0.1),
 xz-utils (= 5.2.4-1+b1),
 zlib1g (= 1:1.2.11.dfsg-2)
Environment:
 DEB_BUILD_OPTIONS="parallel=4"
 LANG="C.UTF-8"
 LC_ALL="C.UTF-8"
 SOURCE_DATE_EPOCH="1581329669"


+------------------------------------------------------------------------------+
| Package contents                                                             |
+------------------------------------------------------------------------------+


liburdfdom-dev_1.0.4+ds-2_amd64.deb
-----------------------------------

 new Debian package, version 2.0.
 size 6008 bytes: control archive=936 bytes.
     799 bytes,    18 lines      control              
     473 bytes,     6 lines      md5sums              
 Package: liburdfdom-dev
 Source: urdfdom
 Version: 1.0.4+ds-2
 Architecture: amd64
 Maintainer: Debian Science Maintainers <debian-science-maintainers@lists.alioth.debian.org>
 Installed-Size: 32
 Depends: libtinyxml-dev, libconsole-bridge-dev, liburdfdom-headers-dev (>= 1.0), liburdfdom-model (= 1.0.4+ds-2), liburdfdom-model-state (= 1.0.4+ds-2), liburdfdom-sensor (= 1.0.4+ds-2), liburdfdom-world (= 1.0.4+ds-2)
 Section: libdevel
 Priority: optional
 Multi-Arch: same
 Homepage: https://github.com/ros/urdfdom
 Description: URDF DOM - development files
  The URDF (U-Robot Description Format) library provides core data
  structures and a simple XML parsers for populating the class data
  structures from an URDF file.
  .
  This package contains the development files (headers, pkg-config and
  CMake files).

drwxr-xr-x root/root         0 2020-02-10 10:14 ./
drwxr-xr-x root/root         0 2020-02-10 10:14 ./usr/
drwxr-xr-x root/root         0 2020-02-10 10:14 ./usr/include/
drwxr-xr-x root/root         0 2020-02-10 10:14 ./usr/include/urdf_parser/
-rw-r--r-- root/root      3591 2020-01-17 18:30 ./usr/include/urdf_parser/exportdecl.h
-rw-r--r-- root/root      4782 2020-01-17 18:30 ./usr/include/urdf_parser/urdf_parser.h
drwxr-xr-x root/root         0 2020-02-10 10:14 ./usr/lib/
drwxr-xr-x root/root         0 2020-02-10 10:14 ./usr/lib/x86_64-linux-gnu/
lrwxrwxrwx root/root         0 2020-02-10 10:14 ./usr/lib/x86_64-linux-gnu/liburdfdom_model.so -> liburdfdom_model.so.1.0
lrwxrwxrwx root/root         0 2020-02-10 10:14 ./usr/lib/x86_64-linux-gnu/liburdfdom_model_state.so -> liburdfdom_model_state.so.1.0
lrwxrwxrwx root/root         0 2020-02-10 10:14 ./usr/lib/x86_64-linux-gnu/liburdfdom_sensor.so -> liburdfdom_sensor.so.1.0
lrwxrwxrwx root/root         0 2020-02-10 10:14 ./usr/lib/x86_64-linux-gnu/liburdfdom_world.so -> liburdfdom_world.so.1.0
drwxr-xr-x root/root         0 2020-02-10 10:14 ./usr/lib/x86_64-linux-gnu/pkgconfig/
-rw-r--r-- root/root       378 2020-02-10 10:14 ./usr/lib/x86_64-linux-gnu/pkgconfig/urdfdom.pc
drwxr-xr-x root/root         0 2020-02-10 10:14 ./usr/lib/x86_64-linux-gnu/urdfdom/
drwxr-xr-x root/root         0 2020-02-10 10:14 ./usr/lib/x86_64-linux-gnu/urdfdom/cmake/
-rw-r--r-- root/root       679 2020-02-10 10:14 ./usr/lib/x86_64-linux-gnu/urdfdom/cmake/urdfdom-config.cmake
drwxr-xr-x root/root         0 2020-02-10 10:14 ./usr/share/
drwxr-xr-x root/root         0 2020-02-10 10:14 ./usr/share/doc/
drwxr-xr-x root/root         0 2020-02-10 10:14 ./usr/share/doc/liburdfdom-dev/
-rw-r--r-- root/root       911 2020-02-10 10:14 ./usr/share/doc/liburdfdom-dev/changelog.Debian.gz
-rw-r--r-- root/root      2203 2020-02-10 10:14 ./usr/share/doc/liburdfdom-dev/copyright


liburdfdom-model-dbgsym_1.0.4+ds-2_amd64.deb
--------------------------------------------

 new Debian package, version 2.0.
 size 369564 bytes: control archive=556 bytes.
     427 bytes,    13 lines      control              
     106 bytes,     1 lines      md5sums              
 Package: liburdfdom-model-dbgsym
 Source: urdfdom
 Version: 1.0.4+ds-2
 Auto-Built-Package: debug-symbols
 Architecture: amd64
 Maintainer: Debian Science Maintainers <debian-science-maintainers@lists.alioth.debian.org>
 Installed-Size: 406
 Depends: liburdfdom-model (= 1.0.4+ds-2)
 Section: debug
 Priority: optional
 Multi-Arch: same
 Description: debug symbols for liburdfdom-model
 Build-Ids: 26d3c3c946c75b59d4c3d5309428f1458642f9eb

drwxr-xr-x root/root         0 2020-02-10 10:14 ./
drwxr-xr-x root/root         0 2020-02-10 10:14 ./usr/
drwxr-xr-x root/root         0 2020-02-10 10:14 ./usr/lib/
drwxr-xr-x root/root         0 2020-02-10 10:14 ./usr/lib/debug/
drwxr-xr-x root/root         0 2020-02-10 10:14 ./usr/lib/debug/.build-id/
drwxr-xr-x root/root         0 2020-02-10 10:14 ./usr/lib/debug/.build-id/26/
-rw-r--r-- root/root    404960 2020-02-10 10:14 ./usr/lib/debug/.build-id/26/d3c3c946c75b59d4c3d5309428f1458642f9eb.debug
drwxr-xr-x root/root         0 2020-02-10 10:14 ./usr/share/
drwxr-xr-x root/root         0 2020-02-10 10:14 ./usr/share/doc/
lrwxrwxrwx root/root         0 2020-02-10 10:14 ./usr/share/doc/liburdfdom-model-dbgsym -> liburdfdom-model


liburdfdom-model-state-dbgsym_1.0.4+ds-2_amd64.deb
--------------------------------------------------

 new Debian package, version 2.0.
 size 83052 bytes: control archive=564 bytes.
     444 bytes,    13 lines      control              
     106 bytes,     1 lines      md5sums              
 Package: liburdfdom-model-state-dbgsym
 Source: urdfdom
 Version: 1.0.4+ds-2
 Auto-Built-Package: debug-symbols
 Architecture: amd64
 Maintainer: Debian Science Maintainers <debian-science-maintainers@lists.alioth.debian.org>
 Installed-Size: 99
 Depends: liburdfdom-model-state (= 1.0.4+ds-2)
 Section: debug
 Priority: optional
 Multi-Arch: same
 Description: debug symbols for liburdfdom-model-state
 Build-Ids: c3044ed56a1b44c277ce459ba5ed515934d6ca14

drwxr-xr-x root/root         0 2020-02-10 10:14 ./
drwxr-xr-x root/root         0 2020-02-10 10:14 ./usr/
drwxr-xr-x root/root         0 2020-02-10 10:14 ./usr/lib/
drwxr-xr-x root/root         0 2020-02-10 10:14 ./usr/lib/debug/
drwxr-xr-x root/root         0 2020-02-10 10:14 ./usr/lib/debug/.build-id/
drwxr-xr-x root/root         0 2020-02-10 10:14 ./usr/lib/debug/.build-id/c3/
-rw-r--r-- root/root     90888 2020-02-10 10:14 ./usr/lib/debug/.build-id/c3/044ed56a1b44c277ce459ba5ed515934d6ca14.debug
drwxr-xr-x root/root         0 2020-02-10 10:14 ./usr/share/
drwxr-xr-x root/root         0 2020-02-10 10:14 ./usr/share/doc/
lrwxrwxrwx root/root         0 2020-02-10 10:14 ./usr/share/doc/liburdfdom-model-state-dbgsym -> liburdfdom-model-state


liburdfdom-model-state_1.0.4+ds-2_amd64.deb
-------------------------------------------

 new Debian package, version 2.0.
 size 13316 bytes: control archive=904 bytes.
     663 bytes,    17 lines      control              
     261 bytes,     3 lines      md5sums              
      50 bytes,     1 lines      shlibs               
      65 bytes,     2 lines      triggers             
 Package: liburdfdom-model-state
 Source: urdfdom
 Version: 1.0.4+ds-2
 Architecture: amd64
 Maintainer: Debian Science Maintainers <debian-science-maintainers@lists.alioth.debian.org>
 Installed-Size: 49
 Depends: libc6 (>= 2.14), libconsole-bridge0.4, libgcc-s1 (>= 3.0), libstdc++6 (>= 9), libtinyxml2.6.2v5
 Section: libs
 Priority: optional
 Multi-Arch: same
 Homepage: https://github.com/ros/urdfdom
 Description: URDF DOM - model state library
  The URDF (U-Robot Description Format) library provides core data
  structures and a simple XML parsers for populating the class data
  structures from an URDF file.
  .
  This package contains the URDF DOM model state library.

drwxr-xr-x root/root         0 2020-02-10 10:14 ./
drwxr-xr-x root/root         0 2020-02-10 10:14 ./usr/
drwxr-xr-x root/root         0 2020-02-10 10:14 ./usr/lib/
drwxr-xr-x root/root         0 2020-02-10 10:14 ./usr/lib/x86_64-linux-gnu/
-rw-r--r-- root/root     34912 2020-02-10 10:14 ./usr/lib/x86_64-linux-gnu/liburdfdom_model_state.so.1.0
drwxr-xr-x root/root         0 2020-02-10 10:14 ./usr/share/
drwxr-xr-x root/root         0 2020-02-10 10:14 ./usr/share/doc/
drwxr-xr-x root/root         0 2020-02-10 10:14 ./usr/share/doc/liburdfdom-model-state/
-rw-r--r-- root/root       911 2020-02-10 10:14 ./usr/share/doc/liburdfdom-model-state/changelog.Debian.gz
-rw-r--r-- root/root      2203 2020-02-10 10:14 ./usr/share/doc/liburdfdom-model-state/copyright


liburdfdom-model_1.0.4+ds-2_amd64.deb
-------------------------------------

 new Debian package, version 2.0.
 size 43220 bytes: control archive=920 bytes.
     646 bytes,    17 lines      control              
     318 bytes,     4 lines      md5sums              
      38 bytes,     1 lines      shlibs               
      65 bytes,     2 lines      triggers             
 Package: liburdfdom-model
 Source: urdfdom
 Version: 1.0.4+ds-2
 Architecture: amd64
 Maintainer: Debian Science Maintainers <debian-science-maintainers@lists.alioth.debian.org>
 Installed-Size: 148
 Depends: libc6 (>= 2.14), libconsole-bridge0.4, libgcc-s1 (>= 3.0), libstdc++6 (>= 9), libtinyxml2.6.2v5
 Section: libs
 Priority: optional
 Multi-Arch: same
 Homepage: https://github.com/ros/urdfdom
 Description: URDF DOM - model library
  The URDF (U-Robot Description Format) library provides core data
  structures and a simple XML parsers for populating the class data
  structures from an URDF file.
  .
  This package contains the URDF DOM model library.

drwxr-xr-x root/root         0 2020-02-10 10:14 ./
drwxr-xr-x root/root         0 2020-02-10 10:14 ./usr/
drwxr-xr-x root/root         0 2020-02-10 10:14 ./usr/lib/
drwxr-xr-x root/root         0 2020-02-10 10:14 ./usr/lib/x86_64-linux-gnu/
-rw-r--r-- root/root    133256 2020-02-10 10:14 ./usr/lib/x86_64-linux-gnu/liburdfdom_model.so.1.0
drwxr-xr-x root/root         0 2020-02-10 10:14 ./usr/share/
drwxr-xr-x root/root         0 2020-02-10 10:14 ./usr/share/doc/
drwxr-xr-x root/root         0 2020-02-10 10:14 ./usr/share/doc/liburdfdom-model/
-rw-r--r-- root/root      2320 2020-01-17 18:30 ./usr/share/doc/liburdfdom-model/README.md
-rw-r--r-- root/root       911 2020-02-10 10:14 ./usr/share/doc/liburdfdom-model/changelog.Debian.gz
-rw-r--r-- root/root      2203 2020-02-10 10:14 ./usr/share/doc/liburdfdom-model/copyright


liburdfdom-sensor-dbgsym_1.0.4+ds-2_amd64.deb
---------------------------------------------

 new Debian package, version 2.0.
 size 51468 bytes: control archive=556 bytes.
     429 bytes,    13 lines      control              
     106 bytes,     1 lines      md5sums              
 Package: liburdfdom-sensor-dbgsym
 Source: urdfdom
 Version: 1.0.4+ds-2
 Auto-Built-Package: debug-symbols
 Architecture: amd64
 Maintainer: Debian Science Maintainers <debian-science-maintainers@lists.alioth.debian.org>
 Installed-Size: 68
 Depends: liburdfdom-sensor (= 1.0.4+ds-2)
 Section: debug
 Priority: optional
 Multi-Arch: same
 Description: debug symbols for liburdfdom-sensor
 Build-Ids: 93ee2f4421e67d0530bd9dee305570824c475337

drwxr-xr-x root/root         0 2020-02-10 10:14 ./
drwxr-xr-x root/root         0 2020-02-10 10:14 ./usr/
drwxr-xr-x root/root         0 2020-02-10 10:14 ./usr/lib/
drwxr-xr-x root/root         0 2020-02-10 10:14 ./usr/lib/debug/
drwxr-xr-x root/root         0 2020-02-10 10:14 ./usr/lib/debug/.build-id/
drwxr-xr-x root/root         0 2020-02-10 10:14 ./usr/lib/debug/.build-id/93/
-rw-r--r-- root/root     59296 2020-02-10 10:14 ./usr/lib/debug/.build-id/93/ee2f4421e67d0530bd9dee305570824c475337.debug
drwxr-xr-x root/root         0 2020-02-10 10:14 ./usr/share/
drwxr-xr-x root/root         0 2020-02-10 10:14 ./usr/share/doc/
lrwxrwxrwx root/root         0 2020-02-10 10:14 ./usr/share/doc/liburdfdom-sensor-dbgsym -> liburdfdom-sensor


liburdfdom-sensor_1.0.4+ds-2_amd64.deb
--------------------------------------

 new Debian package, version 2.0.
 size 10424 bytes: control archive=900 bytes.
     666 bytes,    17 lines      control              
     246 bytes,     3 lines      md5sums              
      40 bytes,     1 lines      shlibs               
      65 bytes,     2 lines      triggers             
 Package: liburdfdom-sensor
 Source: urdfdom
 Version: 1.0.4+ds-2
 Architecture: amd64
 Maintainer: Debian Science Maintainers <debian-science-maintainers@lists.alioth.debian.org>
 Installed-Size: 41
 Depends: libc6 (>= 2.14), libconsole-bridge0.4, libgcc-s1 (>= 3.0), libstdc++6 (>= 9), libtinyxml2.6.2v5, liburdfdom-model
 Section: libs
 Priority: optional
 Multi-Arch: same
 Homepage: https://github.com/ros/urdfdom
 Description: URDF DOM - sensor library
  The URDF (U-Robot Description Format) library provides core data
  structures and a simple XML parsers for populating the class data
  structures from an URDF file.
  .
  This package contains the URDF DOM sensor library.

drwxr-xr-x root/root         0 2020-02-10 10:14 ./
drwxr-xr-x root/root         0 2020-02-10 10:14 ./usr/
drwxr-xr-x root/root         0 2020-02-10 10:14 ./usr/lib/
drwxr-xr-x root/root         0 2020-02-10 10:14 ./usr/lib/x86_64-linux-gnu/
-rw-r--r-- root/root     26720 2020-02-10 10:14 ./usr/lib/x86_64-linux-gnu/liburdfdom_sensor.so.1.0
drwxr-xr-x root/root         0 2020-02-10 10:14 ./usr/share/
drwxr-xr-x root/root         0 2020-02-10 10:14 ./usr/share/doc/
drwxr-xr-x root/root         0 2020-02-10 10:14 ./usr/share/doc/liburdfdom-sensor/
-rw-r--r-- root/root       911 2020-02-10 10:14 ./usr/share/doc/liburdfdom-sensor/changelog.Debian.gz
-rw-r--r-- root/root      2203 2020-02-10 10:14 ./usr/share/doc/liburdfdom-sensor/copyright


liburdfdom-tools-dbgsym_1.0.4+ds-2_amd64.deb
--------------------------------------------

 new Debian package, version 2.0.
 size 128644 bytes: control archive=608 bytes.
     451 bytes,    12 lines      control              
     212 bytes,     2 lines      md5sums              
 Package: liburdfdom-tools-dbgsym
 Source: urdfdom
 Version: 1.0.4+ds-2
 Auto-Built-Package: debug-symbols
 Architecture: amd64
 Maintainer: Debian Science Maintainers <debian-science-maintainers@lists.alioth.debian.org>
 Installed-Size: 152
 Depends: liburdfdom-tools (= 1.0.4+ds-2)
 Section: debug
 Priority: optional
 Description: debug symbols for liburdfdom-tools
 Build-Ids: 7fbe5187d48a1e9695d0d10c8cd0465fe691f43c b3134cf6487de0fe12b0836011c7b6ca39e4fbfb

drwxr-xr-x root/root         0 2020-02-10 10:14 ./
drwxr-xr-x root/root         0 2020-02-10 10:14 ./usr/
drwxr-xr-x root/root         0 2020-02-10 10:14 ./usr/lib/
drwxr-xr-x root/root         0 2020-02-10 10:14 ./usr/lib/debug/
drwxr-xr-x root/root         0 2020-02-10 10:14 ./usr/lib/debug/.build-id/
drwxr-xr-x root/root         0 2020-02-10 10:14 ./usr/lib/debug/.build-id/7f/
-rw-r--r-- root/root     67216 2020-02-10 10:14 ./usr/lib/debug/.build-id/7f/be5187d48a1e9695d0d10c8cd0465fe691f43c.debug
drwxr-xr-x root/root         0 2020-02-10 10:14 ./usr/lib/debug/.build-id/b3/
-rw-r--r-- root/root     76064 2020-02-10 10:14 ./usr/lib/debug/.build-id/b3/134cf6487de0fe12b0836011c7b6ca39e4fbfb.debug
drwxr-xr-x root/root         0 2020-02-10 10:14 ./usr/share/
drwxr-xr-x root/root         0 2020-02-10 10:14 ./usr/share/doc/
lrwxrwxrwx root/root         0 2020-02-10 10:14 ./usr/share/doc/liburdfdom-tools-dbgsym -> liburdfdom-tools


liburdfdom-tools_1.0.4+ds-2_amd64.deb
-------------------------------------

 new Debian package, version 2.0.
 size 12616 bytes: control archive=896 bytes.
     771 bytes,    17 lines      control              
     414 bytes,     6 lines      md5sums              
 Package: liburdfdom-tools
 Source: urdfdom
 Version: 1.0.4+ds-2
 Architecture: amd64
 Maintainer: Debian Science Maintainers <debian-science-maintainers@lists.alioth.debian.org>
 Installed-Size: 61
 Depends: liburdfdom-model (= 1.0.4+ds-2), liburdfdom-model-state (= 1.0.4+ds-2), liburdfdom-sensor (= 1.0.4+ds-2), liburdfdom-world (= 1.0.4+ds-2), libc6 (>= 2.14), libconsole-bridge0.4, libgcc-s1 (>= 3.0), libstdc++6 (>= 5.2), libtinyxml2.6.2v5
 Section: libs
 Priority: optional
 Multi-Arch: foreign
 Homepage: https://github.com/ros/urdfdom
 Description: URDF DOM - tools
  The URDF (U-Robot Description Format) library provides core data
  structures and a simple XML parsers for populating the class data
  structures from an URDF file.
  .
  This package contains additional tools.

drwxr-xr-x root/root         0 2020-02-10 10:14 ./
drwxr-xr-x root/root         0 2020-02-10 10:14 ./usr/
drwxr-xr-x root/root         0 2020-02-10 10:14 ./usr/bin/
-rwxr-xr-x root/root     22680 2020-02-10 10:14 ./usr/bin/check_urdf
-rwxr-xr-x root/root     22680 2020-02-10 10:14 ./usr/bin/urdf_to_graphiz
drwxr-xr-x root/root         0 2020-02-10 10:14 ./usr/share/
drwxr-xr-x root/root         0 2020-02-10 10:14 ./usr/share/doc/
drwxr-xr-x root/root         0 2020-02-10 10:14 ./usr/share/doc/liburdfdom-tools/
-rw-r--r-- root/root       911 2020-02-10 10:14 ./usr/share/doc/liburdfdom-tools/changelog.Debian.gz
-rw-r--r-- root/root      2203 2020-02-10 10:14 ./usr/share/doc/liburdfdom-tools/copyright
drwxr-xr-x root/root         0 2020-02-10 10:14 ./usr/share/man/
drwxr-xr-x root/root         0 2020-02-10 10:14 ./usr/share/man/man1/
-rw-r--r-- root/root       175 2020-02-10 10:14 ./usr/share/man/man1/check_urdf.1.gz
-rw-r--r-- root/root       173 2020-02-10 10:14 ./usr/share/man/man1/urdf_to_graphiz.1.gz


liburdfdom-world-dbgsym_1.0.4+ds-2_amd64.deb
--------------------------------------------

 new Debian package, version 2.0.
 size 405292 bytes: control archive=556 bytes.
     427 bytes,    13 lines      control              
     106 bytes,     1 lines      md5sums              
 Package: liburdfdom-world-dbgsym
 Source: urdfdom
 Version: 1.0.4+ds-2
 Auto-Built-Package: debug-symbols
 Architecture: amd64
 Maintainer: Debian Science Maintainers <debian-science-maintainers@lists.alioth.debian.org>
 Installed-Size: 441
 Depends: liburdfdom-world (= 1.0.4+ds-2)
 Section: debug
 Priority: optional
 Multi-Arch: same
 Description: debug symbols for liburdfdom-world
 Build-Ids: b1f2a4e1c79ccbd15c670238258261c610ddbd56

drwxr-xr-x root/root         0 2020-02-10 10:14 ./
drwxr-xr-x root/root         0 2020-02-10 10:14 ./usr/
drwxr-xr-x root/root         0 2020-02-10 10:14 ./usr/lib/
drwxr-xr-x root/root         0 2020-02-10 10:14 ./usr/lib/debug/
drwxr-xr-x root/root         0 2020-02-10 10:14 ./usr/lib/debug/.build-id/
drwxr-xr-x root/root         0 2020-02-10 10:14 ./usr/lib/debug/.build-id/b1/
-rw-r--r-- root/root    441088 2020-02-10 10:14 ./usr/lib/debug/.build-id/b1/f2a4e1c79ccbd15c670238258261c610ddbd56.debug
drwxr-xr-x root/root         0 2020-02-10 10:14 ./usr/share/
drwxr-xr-x root/root         0 2020-02-10 10:14 ./usr/share/doc/
lrwxrwxrwx root/root         0 2020-02-10 10:14 ./usr/share/doc/liburdfdom-world-dbgsym -> liburdfdom-world


liburdfdom-world_1.0.4+ds-2_amd64.deb
-------------------------------------

 new Debian package, version 2.0.
 size 42356 bytes: control archive=892 bytes.
     646 bytes,    17 lines      control              
     243 bytes,     3 lines      md5sums              
      38 bytes,     1 lines      shlibs               
      65 bytes,     2 lines      triggers             
 Package: liburdfdom-world
 Source: urdfdom
 Version: 1.0.4+ds-2
 Architecture: amd64
 Maintainer: Debian Science Maintainers <debian-science-maintainers@lists.alioth.debian.org>
 Installed-Size: 145
 Depends: libc6 (>= 2.14), libconsole-bridge0.4, libgcc-s1 (>= 3.0), libstdc++6 (>= 9), libtinyxml2.6.2v5
 Section: libs
 Priority: optional
 Multi-Arch: same
 Homepage: https://github.com/ros/urdfdom
 Description: URDF DOM - world library
  The URDF (U-Robot Description Format) library provides core data
  structures and a simple XML parsers for populating the class data
  structures from an URDF file.
  .
  This package contains the URDF DOM world library.

drwxr-xr-x root/root         0 2020-02-10 10:14 ./
drwxr-xr-x root/root         0 2020-02-10 10:14 ./usr/
drwxr-xr-x root/root         0 2020-02-10 10:14 ./usr/lib/
drwxr-xr-x root/root         0 2020-02-10 10:14 ./usr/lib/x86_64-linux-gnu/
-rw-r--r-- root/root    133256 2020-02-10 10:14 ./usr/lib/x86_64-linux-gnu/liburdfdom_world.so.1.0
drwxr-xr-x root/root         0 2020-02-10 10:14 ./usr/share/
drwxr-xr-x root/root         0 2020-02-10 10:14 ./usr/share/doc/
drwxr-xr-x root/root         0 2020-02-10 10:14 ./usr/share/doc/liburdfdom-world/
-rw-r--r-- root/root       911 2020-02-10 10:14 ./usr/share/doc/liburdfdom-world/changelog.Debian.gz
-rw-r--r-- root/root      2203 2020-02-10 10:14 ./usr/share/doc/liburdfdom-world/copyright


+------------------------------------------------------------------------------+
| Post Build                                                                   |
+------------------------------------------------------------------------------+


+------------------------------------------------------------------------------+
| Cleanup                                                                      |
+------------------------------------------------------------------------------+

Purging /<<BUILDDIR>>
Not cleaning session: cloned chroot in use

+------------------------------------------------------------------------------+
| Summary                                                                      |
+------------------------------------------------------------------------------+

Build Architecture: amd64
Build Type: binary
Build-Space: 59800
Build-Time: 23
Distribution: unstable
Host Architecture: amd64
Install-Time: 6
Job: urdfdom_1.0.4+ds-2
Machine Architecture: amd64
Package: urdfdom
Package-Time: 47
Source-Version: 1.0.4+ds-2
Space: 59800
Status: successful
Version: 1.0.4+ds-2
--------------------------------------------------------------------------------
Finished at 2020-02-25T05:17:52Z
Build needed 00:00:47, 59800k disk space
DC-Status: OK 49.072211053s
