DC-Build-Header: nfstrace 0.4.3.1-3 / 2018-05-02 09:45:51 +0000
DC-Task: type:rebuild-binarch-only source:nfstrace version:0.4.3.1-3 chroot:unstable esttime:169 logfile:/tmp/nfstrace_0.4.3.1-3_unstable_clang60.log modes:clang60:binarch-only
DC-Sbuild-call: su user42 -c 'sbuild -n --arch-any --apt-update -d unstable -v  --chroot-setup-commands=/tmp/clang60 nfstrace_0.4.3.1-3'
sbuild (Debian sbuild) 0.73.0 (23 Dec 2016) on ip-172-31-3-78.eu-central-1.compute.internal

+==============================================================================+
| nfstrace 0.4.3.1-3 (amd64)                   Wed, 02 May 2018 09:45:52 +0000 |
+==============================================================================+

Package: nfstrace
Version: 0.4.3.1-3
Source Version: 0.4.3.1-3
Distribution: unstable
Machine Architecture: amd64
Host Architecture: amd64
Build Architecture: amd64
Build Type: any

I: NOTICE: Log filtering will replace 'var/run/schroot/mount/unstable-amd64-sbuild-4211fd15-a2f4-459c-a082-a2dac118e9e5' with '<<CHROOT>>'

+------------------------------------------------------------------------------+
| Chroot Setup Commands                                                        |
+------------------------------------------------------------------------------+


/tmp/clang60
------------

+ echo 'Entering customization script...'
Entering customization script...
+ CLANG_VERSION=6.0
+ echo 'Install of clang-6.0'
Install of clang-6.0
+ apt-get update
Hit:1 http://127.0.0.1:9999/debian unstable InRelease
Get:2 http://127.0.0.1:9999/debian unstable/main Translation-en [6014 kB]
Fetched 6014 kB in 2s (3606 kB/s)
Reading package lists...
+ apt-get install --yes --no-install-recommends --force-yes clang-6.0
Reading package lists...
Building dependency tree...
Reading state information...
The following additional packages will be installed:
  lib32gcc1 lib32stdc++6 libbsd0 libc6-i386 libclang-common-6.0-dev
  libclang1-6.0 libedit2 libjsoncpp1 libllvm6.0 libncurses5 libobjc-7-dev
  libobjc4
Suggested packages:
  gnustep gnustep-devel clang-6.0-doc
Recommended packages:
  llvm-6.0-dev python libomp-dev libgpm2
The following NEW packages will be installed:
  clang-6.0 lib32gcc1 lib32stdc++6 libbsd0 libc6-i386 libclang-common-6.0-dev
  libclang1-6.0 libedit2 libjsoncpp1 libllvm6.0 libncurses5 libobjc-7-dev
  libobjc4
0 upgraded, 13 newly installed, 0 to remove and 0 not upgraded.
Need to get 37.7 MB of archives.
After this operation, 187 MB of additional disk space will be used.
Get:1 http://127.0.0.1:9999/debian unstable/main amd64 libjsoncpp1 amd64 1.7.4-3 [75.6 kB]
Get:2 http://127.0.0.1:9999/debian unstable/main amd64 libbsd0 amd64 0.8.7-1 [92.1 kB]
Get:3 http://127.0.0.1:9999/debian unstable/main amd64 libncurses5 amd64 6.1+20180210-2 [95.7 kB]
Get:4 http://127.0.0.1:9999/debian unstable/main amd64 libedit2 amd64 3.1-20170329-1 [85.2 kB]
Get:5 http://127.0.0.1:9999/debian unstable/main amd64 libllvm6.0 amd64 1:6.0-3 [14.5 MB]
Get:6 http://127.0.0.1:9999/debian unstable/main amd64 libobjc4 amd64 8-20180425-1 [52.4 kB]
Get:7 http://127.0.0.1:9999/debian unstable/main amd64 libobjc-7-dev amd64 7.3.0-17 [204 kB]
Get:8 http://127.0.0.1:9999/debian unstable/main amd64 libc6-i386 amd64 2.27-3 [2855 kB]
Get:9 http://127.0.0.1:9999/debian unstable/main amd64 lib32gcc1 amd64 1:8-20180425-1 [47.8 kB]
Get:10 http://127.0.0.1:9999/debian unstable/main amd64 lib32stdc++6 amd64 8-20180425-1 [406 kB]
Get:11 http://127.0.0.1:9999/debian unstable/main amd64 libclang-common-6.0-dev amd64 1:6.0-3 [3102 kB]
Get:12 http://127.0.0.1:9999/debian unstable/main amd64 libclang1-6.0 amd64 1:6.0-3 [6995 kB]
Get:13 http://127.0.0.1:9999/debian unstable/main amd64 clang-6.0 amd64 1:6.0-3 [9175 kB]
debconf: delaying package configuration, since apt-utils is not installed
Fetched 37.7 MB in 0s (96.1 MB/s)
Selecting previously unselected package libjsoncpp1:amd64.
(Reading database ... (Reading database ... 5%(Reading database ... 10%(Reading database ... 15%(Reading database ... 20%(Reading database ... 25%(Reading database ... 30%(Reading database ... 35%(Reading database ... 40%(Reading database ... 45%(Reading database ... 50%(Reading database ... 55%(Reading database ... 60%(Reading database ... 65%(Reading database ... 70%(Reading database ... 75%(Reading database ... 80%(Reading database ... 85%(Reading database ... 90%(Reading database ... 95%(Reading database ... 100%(Reading database ... 10022 files and directories currently installed.)
Preparing to unpack .../00-libjsoncpp1_1.7.4-3_amd64.deb ...
Unpacking libjsoncpp1:amd64 (1.7.4-3) ...
Selecting previously unselected package libbsd0:amd64.
Preparing to unpack .../01-libbsd0_0.8.7-1_amd64.deb ...
Unpacking libbsd0:amd64 (0.8.7-1) ...
Selecting previously unselected package libncurses5:amd64.
Preparing to unpack .../02-libncurses5_6.1+20180210-2_amd64.deb ...
Unpacking libncurses5:amd64 (6.1+20180210-2) ...
Selecting previously unselected package libedit2:amd64.
Preparing to unpack .../03-libedit2_3.1-20170329-1_amd64.deb ...
Unpacking libedit2:amd64 (3.1-20170329-1) ...
Selecting previously unselected package libllvm6.0:amd64.
Preparing to unpack .../04-libllvm6.0_1%3a6.0-3_amd64.deb ...
Unpacking libllvm6.0:amd64 (1:6.0-3) ...
Selecting previously unselected package libobjc4:amd64.
Preparing to unpack .../05-libobjc4_8-20180425-1_amd64.deb ...
Unpacking libobjc4:amd64 (8-20180425-1) ...
Selecting previously unselected package libobjc-7-dev:amd64.
Preparing to unpack .../06-libobjc-7-dev_7.3.0-17_amd64.deb ...
Unpacking libobjc-7-dev:amd64 (7.3.0-17) ...
Selecting previously unselected package libc6-i386.
Preparing to unpack .../07-libc6-i386_2.27-3_amd64.deb ...
Unpacking libc6-i386 (2.27-3) ...
Selecting previously unselected package lib32gcc1.
Preparing to unpack .../08-lib32gcc1_1%3a8-20180425-1_amd64.deb ...
Unpacking lib32gcc1 (1:8-20180425-1) ...
Selecting previously unselected package lib32stdc++6.
Preparing to unpack .../09-lib32stdc++6_8-20180425-1_amd64.deb ...
Unpacking lib32stdc++6 (8-20180425-1) ...
Selecting previously unselected package libclang-common-6.0-dev.
Preparing to unpack .../10-libclang-common-6.0-dev_1%3a6.0-3_amd64.deb ...
Unpacking libclang-common-6.0-dev (1:6.0-3) ...
Selecting previously unselected package libclang1-6.0:amd64.
Preparing to unpack .../11-libclang1-6.0_1%3a6.0-3_amd64.deb ...
Unpacking libclang1-6.0:amd64 (1:6.0-3) ...
Selecting previously unselected package clang-6.0.
Preparing to unpack .../12-clang-6.0_1%3a6.0-3_amd64.deb ...
Unpacking clang-6.0 (1:6.0-3) ...
Setting up libncurses5:amd64 (6.1+20180210-2) ...
Setting up libobjc4:amd64 (8-20180425-1) ...
Setting up libc6-i386 (2.27-3) ...
Setting up libbsd0:amd64 (0.8.7-1) ...
Setting up libobjc-7-dev:amd64 (7.3.0-17) ...
Processing triggers for libc-bin (2.27-3) ...
Setting up lib32gcc1 (1:8-20180425-1) ...
Setting up libjsoncpp1:amd64 (1.7.4-3) ...
Setting up libedit2:amd64 (3.1-20170329-1) ...
Setting up libllvm6.0:amd64 (1:6.0-3) ...
Setting up libclang1-6.0:amd64 (1:6.0-3) ...
Setting up lib32stdc++6 (8-20180425-1) ...
Setting up libclang-common-6.0-dev (1:6.0-3) ...
Setting up clang-6.0 (1:6.0-3) ...
Processing triggers for libc-bin (2.27-3) ...
W: --force-yes is deprecated, use one of the options starting with --allow instead.
+ echo 'Replace gcc, g++ & cpp by clang'
Replace gcc, g++ & cpp by clang
+ VERSIONS='4.6 4.7 4.8 4.9 5 6 7 8'
+ cd /usr/bin
+ for VERSION in $VERSIONS
+ rm -f g++-4.6 gcc-4.6 cpp-4.6 gcc
+ ln -s clang++-6.0 g++-4.6
+ ln -s clang-6.0 gcc-4.6
+ ln -s clang-6.0 cpp-4.6
+ ln -s clang-6.0 gcc
+ echo 'gcc-4.6 hold'
+ dpkg --set-selections
dpkg: warning: package not in status nor available database at line 1: gcc-4.6
dpkg: warning: found unknown packages; this might mean the available database
is outdated, and needs to be updated through a frontend method;
please see the FAQ <https://wiki.debian.org/Teams/Dpkg/FAQ>
+ echo 'g++-4.6 hold'
+ dpkg --set-selections
dpkg: warning: package not in status nor available database at line 1: g++-4.6
dpkg: warning: found unknown packages; this might mean the available database
is outdated, and needs to be updated through a frontend method;
please see the FAQ <https://wiki.debian.org/Teams/Dpkg/FAQ>
+ for VERSION in $VERSIONS
+ rm -f g++-4.7 gcc-4.7 cpp-4.7 gcc
+ ln -s clang++-6.0 g++-4.7
+ ln -s clang-6.0 gcc-4.7
+ ln -s clang-6.0 cpp-4.7
+ ln -s clang-6.0 gcc
+ echo 'gcc-4.7 hold'
+ dpkg --set-selections
dpkg: warning: package not in status nor available database at line 1: gcc-4.7
dpkg: warning: found unknown packages; this might mean the available database
is outdated, and needs to be updated through a frontend method;
please see the FAQ <https://wiki.debian.org/Teams/Dpkg/FAQ>
+ echo 'g++-4.7 hold'
+ dpkg --set-selections
dpkg: warning: package not in status nor available database at line 1: g++-4.7
dpkg: warning: found unknown packages; this might mean the available database
is outdated, and needs to be updated through a frontend method;
please see the FAQ <https://wiki.debian.org/Teams/Dpkg/FAQ>
+ for VERSION in $VERSIONS
+ rm -f g++-4.8 gcc-4.8 cpp-4.8 gcc
+ ln -s clang++-6.0 g++-4.8
+ ln -s clang-6.0 gcc-4.8
+ ln -s clang-6.0 cpp-4.8
+ ln -s clang-6.0 gcc
+ echo 'gcc-4.8 hold'
+ dpkg --set-selections
dpkg: warning: package not in status nor available database at line 1: gcc-4.8
dpkg: warning: found unknown packages; this might mean the available database
is outdated, and needs to be updated through a frontend method;
please see the FAQ <https://wiki.debian.org/Teams/Dpkg/FAQ>
+ echo 'g++-4.8 hold'
+ dpkg --set-selections
dpkg: warning: package not in status nor available database at line 1: g++-4.8
dpkg: warning: found unknown packages; this might mean the available database
is outdated, and needs to be updated through a frontend method;
please see the FAQ <https://wiki.debian.org/Teams/Dpkg/FAQ>
+ for VERSION in $VERSIONS
+ rm -f g++-4.9 gcc-4.9 cpp-4.9 gcc
+ ln -s clang++-6.0 g++-4.9
+ ln -s clang-6.0 gcc-4.9
+ ln -s clang-6.0 cpp-4.9
+ ln -s clang-6.0 gcc
+ echo 'gcc-4.9 hold'
+ dpkg --set-selections
dpkg: warning: package not in status nor available database at line 1: gcc-4.9
dpkg: warning: found unknown packages; this might mean the available database
is outdated, and needs to be updated through a frontend method;
please see the FAQ <https://wiki.debian.org/Teams/Dpkg/FAQ>
+ echo 'g++-4.9 hold'
+ dpkg --set-selections
dpkg: warning: package not in status nor available database at line 1: g++-4.9
dpkg: warning: found unknown packages; this might mean the available database
is outdated, and needs to be updated through a frontend method;
please see the FAQ <https://wiki.debian.org/Teams/Dpkg/FAQ>
+ for VERSION in $VERSIONS
+ rm -f g++-5 gcc-5 cpp-5 gcc
+ ln -s clang++-6.0 g++-5
+ ln -s clang-6.0 gcc-5
+ ln -s clang-6.0 cpp-5
+ ln -s clang-6.0 gcc
+ echo 'gcc-5 hold'
+ dpkg --set-selections
+ echo 'g++-5 hold'
+ dpkg --set-selections
+ for VERSION in $VERSIONS
+ rm -f g++-6 gcc-6 cpp-6 gcc
+ ln -s clang++-6.0 g++-6
+ ln -s clang-6.0 gcc-6
+ ln -s clang-6.0 cpp-6
+ ln -s clang-6.0 gcc
+ echo 'gcc-6 hold'
+ dpkg --set-selections
dpkg: warning: package not in status nor available database at line 1: gcc-6
dpkg: warning: found unknown packages; this might mean the available database
is outdated, and needs to be updated through a frontend method;
please see the FAQ <https://wiki.debian.org/Teams/Dpkg/FAQ>
+ echo 'g++-6 hold'
+ dpkg --set-selections
dpkg: warning: package not in status nor available database at line 1: g++-6
dpkg: warning: found unknown packages; this might mean the available database
is outdated, and needs to be updated through a frontend method;
please see the FAQ <https://wiki.debian.org/Teams/Dpkg/FAQ>
+ for VERSION in $VERSIONS
+ rm -f g++-7 gcc-7 cpp-7 gcc
+ ln -s clang++-6.0 g++-7
+ ln -s clang-6.0 gcc-7
+ ln -s clang-6.0 cpp-7
+ ln -s clang-6.0 gcc
+ echo 'gcc-7 hold'
+ dpkg --set-selections
+ echo 'g++-7 hold'
+ dpkg --set-selections
+ for VERSION in $VERSIONS
+ rm -f g++-8 gcc-8 cpp-8 gcc
+ ln -s clang++-6.0 g++-8
+ ln -s clang-6.0 gcc-8
+ ln -s clang-6.0 cpp-8
+ ln -s clang-6.0 gcc
+ echo 'gcc-8 hold'
+ dpkg --set-selections
dpkg: warning: package not in status nor available database at line 1: gcc-8
dpkg: warning: found unknown packages; this might mean the available database
is outdated, and needs to be updated through a frontend method;
please see the FAQ <https://wiki.debian.org/Teams/Dpkg/FAQ>
+ echo 'g++-8 hold'
+ dpkg --set-selections
dpkg: warning: package not in status nor available database at line 1: g++-8
dpkg: warning: found unknown packages; this might mean the available database
is outdated, and needs to be updated through a frontend method;
please see the FAQ <https://wiki.debian.org/Teams/Dpkg/FAQ>
+ cd -
/build/nfstrace-LTwZZi
+ echo 'Check if gcc, g++ & cpp are actually clang'
Check if gcc, g++ & cpp are actually clang
+ gcc --version
+ grep clang
+ cpp --version
+ grep clang
+ g++ --version
+ grep clang

I: Finished running '/tmp/clang60'.

Finished processing commands.
--------------------------------------------------------------------------------

+------------------------------------------------------------------------------+
| Update chroot                                                                |
+------------------------------------------------------------------------------+

Hit:1 http://127.0.0.1:9999/debian unstable InRelease
Reading package lists...
Reading package lists...
Building dependency tree...
Reading state information...
Calculating upgrade...
0 upgraded, 0 newly installed, 0 to remove and 0 not upgraded.

+------------------------------------------------------------------------------+
| Fetch source files                                                           |
+------------------------------------------------------------------------------+


Check APT
---------

Checking available source versions...

Download source files with APT
------------------------------

Reading package lists...
Need to get 18.5 MB of source archives.
Get:1 http://127.0.0.1:9999/debian unstable/main nfstrace 0.4.3.1-3 (dsc) [1782 B]
Get:2 http://127.0.0.1:9999/debian unstable/main nfstrace 0.4.3.1-3 (tar) [18.5 MB]
Get:3 http://127.0.0.1:9999/debian unstable/main nfstrace 0.4.3.1-3 (diff) [4344 B]
Fetched 18.5 MB in 0s (63.6 MB/s)
Download complete and in download only mode
I: NOTICE: Log filtering will replace 'build/nfstrace-LTwZZi/nfstrace-0.4.3.1' with '<<PKGBUILDDIR>>'
I: NOTICE: Log filtering will replace 'build/nfstrace-LTwZZi' with '<<BUILDDIR>>'

+------------------------------------------------------------------------------+
| Install build-essential                                                      |
+------------------------------------------------------------------------------+


Setup apt archive
-----------------

Merged Build-Depends: build-essential, fakeroot
Filtered Build-Depends: build-essential, fakeroot
dpkg-deb: building package 'sbuild-build-depends-core-dummy' in '/<<BUILDDIR>>/resolver-X9N1Lc/apt_archive/sbuild-build-depends-core-dummy.deb'.
dpkg-scanpackages: warning: Packages in archive but missing from override file:
dpkg-scanpackages: warning:   sbuild-build-depends-core-dummy
dpkg-scanpackages: info: Wrote 1 entries to output Packages file.
Ign:1 copy:/<<BUILDDIR>>/resolver-X9N1Lc/apt_archive ./ InRelease
Get:2 copy:/<<BUILDDIR>>/resolver-X9N1Lc/apt_archive ./ Release [957 B]
Ign:3 copy:/<<BUILDDIR>>/resolver-X9N1Lc/apt_archive ./ Release.gpg
Get:4 copy:/<<BUILDDIR>>/resolver-X9N1Lc/apt_archive ./ Sources [349 B]
Get:5 copy:/<<BUILDDIR>>/resolver-X9N1Lc/apt_archive ./ Packages [431 B]
Fetched 1737 B in 0s (0 B/s)
Reading package lists...
Reading package lists...

Install core build dependencies (apt-based resolver)
----------------------------------------------------

Installing build dependencies
Reading package lists...
Building dependency tree...
Reading state information...
The following NEW packages will be installed:
  sbuild-build-depends-core-dummy
0 upgraded, 1 newly installed, 0 to remove and 0 not upgraded.
Need to get 856 B of archives.
After this operation, 0 B of additional disk space will be used.
Get:1 copy:/<<BUILDDIR>>/resolver-X9N1Lc/apt_archive ./ sbuild-build-depends-core-dummy 0.invalid.0 [856 B]
debconf: delaying package configuration, since apt-utils is not installed
Fetched 856 B in 0s (0 B/s)
Selecting previously unselected package sbuild-build-depends-core-dummy.
(Reading database ... 10771 files and directories currently installed.)
Preparing to unpack .../sbuild-build-depends-core-dummy_0.invalid.0_amd64.deb ...
Unpacking sbuild-build-depends-core-dummy (0.invalid.0) ...
Setting up sbuild-build-depends-core-dummy (0.invalid.0) ...

+------------------------------------------------------------------------------+
| Check architectures                                                          |
+------------------------------------------------------------------------------+

Arch check ok (amd64 included in any all)

+------------------------------------------------------------------------------+
| Install package build dependencies                                           |
+------------------------------------------------------------------------------+


Setup apt archive
-----------------

Merged Build-Depends: debhelper (>= 9), cmake, g++ (>= 5.1) | clang (>= 3.5), libpcap0.8-dev (>= 1.3), libgtest-dev, google-mock, libncurses5-dev, libjson-c-dev
Filtered Build-Depends: debhelper (>= 9), cmake, g++ (>= 5.1), libpcap0.8-dev (>= 1.3), libgtest-dev, google-mock, libncurses5-dev, libjson-c-dev
dpkg-deb: building package 'sbuild-build-depends-nfstrace-dummy' in '/<<BUILDDIR>>/resolver-X9N1Lc/apt_archive/sbuild-build-depends-nfstrace-dummy.deb'.
dpkg-scanpackages: warning: Packages in archive but missing from override file:
dpkg-scanpackages: warning:   sbuild-build-depends-core-dummy sbuild-build-depends-nfstrace-dummy
dpkg-scanpackages: info: Wrote 2 entries to output Packages file.
Ign:1 copy:/<<BUILDDIR>>/resolver-X9N1Lc/apt_archive ./ InRelease
Get:2 copy:/<<BUILDDIR>>/resolver-X9N1Lc/apt_archive ./ Release [963 B]
Ign:3 copy:/<<BUILDDIR>>/resolver-X9N1Lc/apt_archive ./ Release.gpg
Get:4 copy:/<<BUILDDIR>>/resolver-X9N1Lc/apt_archive ./ Sources [559 B]
Get:5 copy:/<<BUILDDIR>>/resolver-X9N1Lc/apt_archive ./ Packages [632 B]
Fetched 2154 B in 0s (0 B/s)
Reading package lists...
Reading package lists...

Install nfstrace build dependencies (apt-based resolver)
--------------------------------------------------------

Installing build dependencies
Reading package lists...
Building dependency tree...
Reading state information...
The following additional packages will be installed:
  autoconf automake autopoint autotools-dev bsdmainutils cmake cmake-data
  debhelper dh-autoreconf dh-strip-nondeterminism file gettext gettext-base
  google-mock googletest groff-base intltool-debian libarchive-zip-perl
  libarchive13 libcroco3 libcurl3 libexpat1 libfile-stripnondeterminism-perl
  libglib2.0-0 libgssapi-krb5-2 libgtest-dev libicu57 libjson-c-dev libjson-c3
  libk5crypto3 libkeyutils1 libkrb5-3 libkrb5support0 libldap-2.4-2
  libldap-common liblzo2-2 libmagic-mgc libmagic1 libncurses-dev
  libncurses5-dev libncurses6 libncursesw6 libnghttp2-14 libpcap0.8
  libpcap0.8-dev libpipeline1 libprocps6 libpsl5 librhash0 librtmp1 libsasl2-2
  libsasl2-modules-db libsigsegv2 libssh2-1 libssl1.0.2 libtimedate-perl
  libtool libuv1 libxml2 lsb-base m4 man-db po-debconf procps
Suggested packages:
  autoconf-archive gnu-standards autoconf-doc wamerican | wordlist whois
  vacation cmake-doc ninja-build dh-make dwz gettext-doc libasprintf-dev
  libgettextpo-dev groff lrzip krb5-doc krb5-user libtool-doc gfortran
  | fortran95-compiler gcj-jdk m4-doc apparmor less www-browser
  libmail-box-perl
Recommended packages:
  curl | wget | lynx ca-certificates libarchive-cpio-perl libglib2.0-data
  shared-mime-info xdg-user-dirs krb5-locales libgpm2 publicsuffix
  libsasl2-modules libltdl-dev libmail-sendmail-perl psmisc
The following NEW packages will be installed:
  autoconf automake autopoint autotools-dev bsdmainutils cmake cmake-data
  debhelper dh-autoreconf dh-strip-nondeterminism file gettext gettext-base
  google-mock googletest groff-base intltool-debian libarchive-zip-perl
  libarchive13 libcroco3 libcurl3 libexpat1 libfile-stripnondeterminism-perl
  libglib2.0-0 libgssapi-krb5-2 libgtest-dev libicu57 libjson-c-dev libjson-c3
  libk5crypto3 libkeyutils1 libkrb5-3 libkrb5support0 libldap-2.4-2
  libldap-common liblzo2-2 libmagic-mgc libmagic1 libncurses-dev
  libncurses5-dev libncurses6 libncursesw6 libnghttp2-14 libpcap0.8
  libpcap0.8-dev libpipeline1 libprocps6 libpsl5 librhash0 librtmp1 libsasl2-2
  libsasl2-modules-db libsigsegv2 libssh2-1 libssl1.0.2 libtimedate-perl
  libtool libuv1 libxml2 lsb-base m4 man-db po-debconf procps
  sbuild-build-depends-nfstrace-dummy
0 upgraded, 65 newly installed, 0 to remove and 0 not upgraded.
Need to get 30.3 MB of archives.
After this operation, 113 MB of additional disk space will be used.
Get:1 copy:/<<BUILDDIR>>/resolver-X9N1Lc/apt_archive ./ sbuild-build-depends-nfstrace-dummy 0.invalid.0 [920 B]
Get:2 http://127.0.0.1:9999/debian unstable/main amd64 bsdmainutils amd64 11.1.2 [190 kB]
Get:3 http://127.0.0.1:9999/debian unstable/main amd64 groff-base amd64 1.22.3-10 [1176 kB]
Get:4 http://127.0.0.1:9999/debian unstable/main amd64 libpipeline1 amd64 1.5.0-1 [29.0 kB]
Get:5 http://127.0.0.1:9999/debian unstable/main amd64 man-db amd64 2.8.3-2 [1180 kB]
Get:6 http://127.0.0.1:9999/debian unstable/main amd64 libprocps6 amd64 2:3.3.14-1 [60.4 kB]
Get:7 http://127.0.0.1:9999/debian unstable/main amd64 lsb-base all 9.20170808 [28.1 kB]
Get:8 http://127.0.0.1:9999/debian unstable/main amd64 procps amd64 2:3.3.14-1 [257 kB]
Get:9 http://127.0.0.1:9999/debian unstable/main amd64 libmagic-mgc amd64 1:5.33-2 [234 kB]
Get:10 http://127.0.0.1:9999/debian unstable/main amd64 libmagic1 amd64 1:5.33-2 [113 kB]
Get:11 http://127.0.0.1:9999/debian unstable/main amd64 file amd64 1:5.33-2 [65.6 kB]
Get:12 http://127.0.0.1:9999/debian unstable/main amd64 gettext-base amd64 0.19.8.1-6 [122 kB]
Get:13 http://127.0.0.1:9999/debian unstable/main amd64 libsigsegv2 amd64 2.12-2 [32.8 kB]
Get:14 http://127.0.0.1:9999/debian unstable/main amd64 m4 amd64 1.4.18-1 [202 kB]
Get:15 http://127.0.0.1:9999/debian unstable/main amd64 autoconf all 2.69-11 [341 kB]
Get:16 http://127.0.0.1:9999/debian unstable/main amd64 autotools-dev all 20180224.1 [77.0 kB]
Get:17 http://127.0.0.1:9999/debian unstable/main amd64 automake all 1:1.15.1-3.1 [736 kB]
Get:18 http://127.0.0.1:9999/debian unstable/main amd64 autopoint all 0.19.8.1-6 [434 kB]
Get:19 http://127.0.0.1:9999/debian unstable/main amd64 cmake-data all 3.11.1-1 [1386 kB]
Get:20 http://127.0.0.1:9999/debian unstable/main amd64 liblzo2-2 amd64 2.08-1.2+b2 [55.0 kB]
Get:21 http://127.0.0.1:9999/debian unstable/main amd64 libicu57 amd64 57.1-9 [7698 kB]
Get:22 http://127.0.0.1:9999/debian unstable/main amd64 libxml2 amd64 2.9.4+dfsg1-6.1 [725 kB]
Get:23 http://127.0.0.1:9999/debian unstable/main amd64 libarchive13 amd64 3.2.2-3.1 [296 kB]
Get:24 http://127.0.0.1:9999/debian unstable/main amd64 libkeyutils1 amd64 1.5.9-9.2 [12.9 kB]
Get:25 http://127.0.0.1:9999/debian unstable/main amd64 libkrb5support0 amd64 1.16-2 [62.8 kB]
Get:26 http://127.0.0.1:9999/debian unstable/main amd64 libk5crypto3 amd64 1.16-2 [121 kB]
Get:27 http://127.0.0.1:9999/debian unstable/main amd64 libkrb5-3 amd64 1.16-2 [316 kB]
Get:28 http://127.0.0.1:9999/debian unstable/main amd64 libgssapi-krb5-2 amd64 1.16-2 [158 kB]
Get:29 http://127.0.0.1:9999/debian unstable/main amd64 libsasl2-modules-db amd64 2.1.27~101-g0780600+dfsg-3.1 [68.6 kB]
Get:30 http://127.0.0.1:9999/debian unstable/main amd64 libsasl2-2 amd64 2.1.27~101-g0780600+dfsg-3.1 [105 kB]
Get:31 http://127.0.0.1:9999/debian unstable/main amd64 libldap-common all 2.4.45+dfsg-1 [87.0 kB]
Get:32 http://127.0.0.1:9999/debian unstable/main amd64 libldap-2.4-2 amd64 2.4.45+dfsg-1 [223 kB]
Get:33 http://127.0.0.1:9999/debian unstable/main amd64 libnghttp2-14 amd64 1.31.1-1 [80.7 kB]
Get:34 http://127.0.0.1:9999/debian unstable/main amd64 libpsl5 amd64 0.20.1-1 [52.6 kB]
Get:35 http://127.0.0.1:9999/debian unstable/main amd64 librtmp1 amd64 2.4+20151223.gitfa8646d.1-1+b1 [60.4 kB]
Get:36 http://127.0.0.1:9999/debian unstable/main amd64 libssh2-1 amd64 1.8.0-1 [138 kB]
Get:37 http://127.0.0.1:9999/debian unstable/main amd64 libssl1.0.2 amd64 1.0.2o-1 [1296 kB]
Get:38 http://127.0.0.1:9999/debian unstable/main amd64 libcurl3 amd64 7.58.0-2 [312 kB]
Get:39 http://127.0.0.1:9999/debian unstable/main amd64 libexpat1 amd64 2.2.5-3 [96.8 kB]
Get:40 http://127.0.0.1:9999/debian unstable/main amd64 librhash0 amd64 1.3.6-2 [87.1 kB]
Get:41 http://127.0.0.1:9999/debian unstable/main amd64 libuv1 amd64 1.18.0-3 [98.5 kB]
Get:42 http://127.0.0.1:9999/debian unstable/main amd64 cmake amd64 3.11.1-1 [3190 kB]
Get:43 http://127.0.0.1:9999/debian unstable/main amd64 libtool all 2.4.6-2.1 [547 kB]
Get:44 http://127.0.0.1:9999/debian unstable/main amd64 dh-autoreconf all 17 [16.5 kB]
Get:45 http://127.0.0.1:9999/debian unstable/main amd64 libarchive-zip-perl all 1.60-1 [95.6 kB]
Get:46 http://127.0.0.1:9999/debian unstable/main amd64 libfile-stripnondeterminism-perl all 0.041-1 [19.9 kB]
Get:47 http://127.0.0.1:9999/debian unstable/main amd64 libtimedate-perl all 2.3000-2 [42.2 kB]
Get:48 http://127.0.0.1:9999/debian unstable/main amd64 dh-strip-nondeterminism all 0.041-1 [12.0 kB]
Get:49 http://127.0.0.1:9999/debian unstable/main amd64 libglib2.0-0 amd64 2.56.1-2 [2928 kB]
Get:50 http://127.0.0.1:9999/debian unstable/main amd64 libcroco3 amd64 0.6.12-2 [144 kB]
Get:51 http://127.0.0.1:9999/debian unstable/main amd64 gettext amd64 0.19.8.1-6 [1302 kB]
Get:52 http://127.0.0.1:9999/debian unstable/main amd64 intltool-debian all 0.35.0+20060710.4 [26.3 kB]
Get:53 http://127.0.0.1:9999/debian unstable/main amd64 po-debconf all 1.0.20 [247 kB]
Get:54 http://127.0.0.1:9999/debian unstable/main amd64 debhelper all 11.2.1 [1013 kB]
Get:55 http://127.0.0.1:9999/debian unstable/main amd64 googletest amd64 1.8.0-10 [648 kB]
Get:56 http://127.0.0.1:9999/debian unstable/main amd64 google-mock amd64 1.8.0-10 [5696 B]
Get:57 http://127.0.0.1:9999/debian unstable/main amd64 libgtest-dev amd64 1.8.0-10 [206 kB]
Get:58 http://127.0.0.1:9999/debian unstable/main amd64 libjson-c3 amd64 0.12.1-1.3 [26.1 kB]
Get:59 http://127.0.0.1:9999/debian unstable/main amd64 libjson-c-dev amd64 0.12.1-1.3 [37.8 kB]
Get:60 http://127.0.0.1:9999/debian unstable/main amd64 libncurses6 amd64 6.1+20180210-2 [101 kB]
Get:61 http://127.0.0.1:9999/debian unstable/main amd64 libncursesw6 amd64 6.1+20180210-2 [131 kB]
Get:62 http://127.0.0.1:9999/debian unstable/main amd64 libncurses-dev amd64 6.1+20180210-2 [334 kB]
Get:63 http://127.0.0.1:9999/debian unstable/main amd64 libncurses5-dev amd64 6.1+20180210-2 [924 B]
Get:64 http://127.0.0.1:9999/debian unstable/main amd64 libpcap0.8 amd64 1.8.1-6 [139 kB]
Get:65 http://127.0.0.1:9999/debian unstable/main amd64 libpcap0.8-dev amd64 1.8.1-6 [240 kB]
debconf: delaying package configuration, since apt-utils is not installed
Fetched 30.3 MB in 0s (81.6 MB/s)
Selecting previously unselected package bsdmainutils.
(Reading database ... 10771 files and directories currently installed.)
Preparing to unpack .../00-bsdmainutils_11.1.2_amd64.deb ...
Unpacking bsdmainutils (11.1.2) ...
Selecting previously unselected package groff-base.
Preparing to unpack .../01-groff-base_1.22.3-10_amd64.deb ...
Unpacking groff-base (1.22.3-10) ...
Selecting previously unselected package libpipeline1:amd64.
Preparing to unpack .../02-libpipeline1_1.5.0-1_amd64.deb ...
Unpacking libpipeline1:amd64 (1.5.0-1) ...
Selecting previously unselected package man-db.
Preparing to unpack .../03-man-db_2.8.3-2_amd64.deb ...
Unpacking man-db (2.8.3-2) ...
Selecting previously unselected package libprocps6:amd64.
Preparing to unpack .../04-libprocps6_2%3a3.3.14-1_amd64.deb ...
Unpacking libprocps6:amd64 (2:3.3.14-1) ...
Selecting previously unselected package lsb-base.
Preparing to unpack .../05-lsb-base_9.20170808_all.deb ...
Unpacking lsb-base (9.20170808) ...
Selecting previously unselected package procps.
Preparing to unpack .../06-procps_2%3a3.3.14-1_amd64.deb ...
Unpacking procps (2:3.3.14-1) ...
Selecting previously unselected package libmagic-mgc.
Preparing to unpack .../07-libmagic-mgc_1%3a5.33-2_amd64.deb ...
Unpacking libmagic-mgc (1:5.33-2) ...
Selecting previously unselected package libmagic1:amd64.
Preparing to unpack .../08-libmagic1_1%3a5.33-2_amd64.deb ...
Unpacking libmagic1:amd64 (1:5.33-2) ...
Selecting previously unselected package file.
Preparing to unpack .../09-file_1%3a5.33-2_amd64.deb ...
Unpacking file (1:5.33-2) ...
Selecting previously unselected package gettext-base.
Preparing to unpack .../10-gettext-base_0.19.8.1-6_amd64.deb ...
Unpacking gettext-base (0.19.8.1-6) ...
Selecting previously unselected package libsigsegv2:amd64.
Preparing to unpack .../11-libsigsegv2_2.12-2_amd64.deb ...
Unpacking libsigsegv2:amd64 (2.12-2) ...
Selecting previously unselected package m4.
Preparing to unpack .../12-m4_1.4.18-1_amd64.deb ...
Unpacking m4 (1.4.18-1) ...
Selecting previously unselected package autoconf.
Preparing to unpack .../13-autoconf_2.69-11_all.deb ...
Unpacking autoconf (2.69-11) ...
Selecting previously unselected package autotools-dev.
Preparing to unpack .../14-autotools-dev_20180224.1_all.deb ...
Unpacking autotools-dev (20180224.1) ...
Selecting previously unselected package automake.
Preparing to unpack .../15-automake_1%3a1.15.1-3.1_all.deb ...
Unpacking automake (1:1.15.1-3.1) ...
Selecting previously unselected package autopoint.
Preparing to unpack .../16-autopoint_0.19.8.1-6_all.deb ...
Unpacking autopoint (0.19.8.1-6) ...
Selecting previously unselected package cmake-data.
Preparing to unpack .../17-cmake-data_3.11.1-1_all.deb ...
Unpacking cmake-data (3.11.1-1) ...
Selecting previously unselected package liblzo2-2:amd64.
Preparing to unpack .../18-liblzo2-2_2.08-1.2+b2_amd64.deb ...
Unpacking liblzo2-2:amd64 (2.08-1.2+b2) ...
Selecting previously unselected package libicu57:amd64.
Preparing to unpack .../19-libicu57_57.1-9_amd64.deb ...
Unpacking libicu57:amd64 (57.1-9) ...
Selecting previously unselected package libxml2:amd64.
Preparing to unpack .../20-libxml2_2.9.4+dfsg1-6.1_amd64.deb ...
Unpacking libxml2:amd64 (2.9.4+dfsg1-6.1) ...
Selecting previously unselected package libarchive13:amd64.
Preparing to unpack .../21-libarchive13_3.2.2-3.1_amd64.deb ...
Unpacking libarchive13:amd64 (3.2.2-3.1) ...
Selecting previously unselected package libkeyutils1:amd64.
Preparing to unpack .../22-libkeyutils1_1.5.9-9.2_amd64.deb ...
Unpacking libkeyutils1:amd64 (1.5.9-9.2) ...
Selecting previously unselected package libkrb5support0:amd64.
Preparing to unpack .../23-libkrb5support0_1.16-2_amd64.deb ...
Unpacking libkrb5support0:amd64 (1.16-2) ...
Selecting previously unselected package libk5crypto3:amd64.
Preparing to unpack .../24-libk5crypto3_1.16-2_amd64.deb ...
Unpacking libk5crypto3:amd64 (1.16-2) ...
Selecting previously unselected package libkrb5-3:amd64.
Preparing to unpack .../25-libkrb5-3_1.16-2_amd64.deb ...
Unpacking libkrb5-3:amd64 (1.16-2) ...
Selecting previously unselected package libgssapi-krb5-2:amd64.
Preparing to unpack .../26-libgssapi-krb5-2_1.16-2_amd64.deb ...
Unpacking libgssapi-krb5-2:amd64 (1.16-2) ...
Selecting previously unselected package libsasl2-modules-db:amd64.
Preparing to unpack .../27-libsasl2-modules-db_2.1.27~101-g0780600+dfsg-3.1_amd64.deb ...
Unpacking libsasl2-modules-db:amd64 (2.1.27~101-g0780600+dfsg-3.1) ...
Selecting previously unselected package libsasl2-2:amd64.
Preparing to unpack .../28-libsasl2-2_2.1.27~101-g0780600+dfsg-3.1_amd64.deb ...
Unpacking libsasl2-2:amd64 (2.1.27~101-g0780600+dfsg-3.1) ...
Selecting previously unselected package libldap-common.
Preparing to unpack .../29-libldap-common_2.4.45+dfsg-1_all.deb ...
Unpacking libldap-common (2.4.45+dfsg-1) ...
Selecting previously unselected package libldap-2.4-2:amd64.
Preparing to unpack .../30-libldap-2.4-2_2.4.45+dfsg-1_amd64.deb ...
Unpacking libldap-2.4-2:amd64 (2.4.45+dfsg-1) ...
Selecting previously unselected package libnghttp2-14:amd64.
Preparing to unpack .../31-libnghttp2-14_1.31.1-1_amd64.deb ...
Unpacking libnghttp2-14:amd64 (1.31.1-1) ...
Selecting previously unselected package libpsl5:amd64.
Preparing to unpack .../32-libpsl5_0.20.1-1_amd64.deb ...
Unpacking libpsl5:amd64 (0.20.1-1) ...
Selecting previously unselected package librtmp1:amd64.
Preparing to unpack .../33-librtmp1_2.4+20151223.gitfa8646d.1-1+b1_amd64.deb ...
Unpacking librtmp1:amd64 (2.4+20151223.gitfa8646d.1-1+b1) ...
Selecting previously unselected package libssh2-1:amd64.
Preparing to unpack .../34-libssh2-1_1.8.0-1_amd64.deb ...
Unpacking libssh2-1:amd64 (1.8.0-1) ...
Selecting previously unselected package libssl1.0.2:amd64.
Preparing to unpack .../35-libssl1.0.2_1.0.2o-1_amd64.deb ...
Unpacking libssl1.0.2:amd64 (1.0.2o-1) ...
Selecting previously unselected package libcurl3:amd64.
Preparing to unpack .../36-libcurl3_7.58.0-2_amd64.deb ...
Unpacking libcurl3:amd64 (7.58.0-2) ...
Selecting previously unselected package libexpat1:amd64.
Preparing to unpack .../37-libexpat1_2.2.5-3_amd64.deb ...
Unpacking libexpat1:amd64 (2.2.5-3) ...
Selecting previously unselected package librhash0:amd64.
Preparing to unpack .../38-librhash0_1.3.6-2_amd64.deb ...
Unpacking librhash0:amd64 (1.3.6-2) ...
Selecting previously unselected package libuv1:amd64.
Preparing to unpack .../39-libuv1_1.18.0-3_amd64.deb ...
Unpacking libuv1:amd64 (1.18.0-3) ...
Selecting previously unselected package cmake.
Preparing to unpack .../40-cmake_3.11.1-1_amd64.deb ...
Unpacking cmake (3.11.1-1) ...
Selecting previously unselected package libtool.
Preparing to unpack .../41-libtool_2.4.6-2.1_all.deb ...
Unpacking libtool (2.4.6-2.1) ...
Selecting previously unselected package dh-autoreconf.
Preparing to unpack .../42-dh-autoreconf_17_all.deb ...
Unpacking dh-autoreconf (17) ...
Selecting previously unselected package libarchive-zip-perl.
Preparing to unpack .../43-libarchive-zip-perl_1.60-1_all.deb ...
Unpacking libarchive-zip-perl (1.60-1) ...
Selecting previously unselected package libfile-stripnondeterminism-perl.
Preparing to unpack .../44-libfile-stripnondeterminism-perl_0.041-1_all.deb ...
Unpacking libfile-stripnondeterminism-perl (0.041-1) ...
Selecting previously unselected package libtimedate-perl.
Preparing to unpack .../45-libtimedate-perl_2.3000-2_all.deb ...
Unpacking libtimedate-perl (2.3000-2) ...
Selecting previously unselected package dh-strip-nondeterminism.
Preparing to unpack .../46-dh-strip-nondeterminism_0.041-1_all.deb ...
Unpacking dh-strip-nondeterminism (0.041-1) ...
Selecting previously unselected package libglib2.0-0:amd64.
Preparing to unpack .../47-libglib2.0-0_2.56.1-2_amd64.deb ...
Unpacking libglib2.0-0:amd64 (2.56.1-2) ...
Selecting previously unselected package libcroco3:amd64.
Preparing to unpack .../48-libcroco3_0.6.12-2_amd64.deb ...
Unpacking libcroco3:amd64 (0.6.12-2) ...
Selecting previously unselected package gettext.
Preparing to unpack .../49-gettext_0.19.8.1-6_amd64.deb ...
Unpacking gettext (0.19.8.1-6) ...
Selecting previously unselected package intltool-debian.
Preparing to unpack .../50-intltool-debian_0.35.0+20060710.4_all.deb ...
Unpacking intltool-debian (0.35.0+20060710.4) ...
Selecting previously unselected package po-debconf.
Preparing to unpack .../51-po-debconf_1.0.20_all.deb ...
Unpacking po-debconf (1.0.20) ...
Selecting previously unselected package debhelper.
Preparing to unpack .../52-debhelper_11.2.1_all.deb ...
Unpacking debhelper (11.2.1) ...
Selecting previously unselected package googletest:amd64.
Preparing to unpack .../53-googletest_1.8.0-10_amd64.deb ...
Unpacking googletest:amd64 (1.8.0-10) ...
Selecting previously unselected package google-mock:amd64.
Preparing to unpack .../54-google-mock_1.8.0-10_amd64.deb ...
Unpacking google-mock:amd64 (1.8.0-10) ...
Selecting previously unselected package libgtest-dev:amd64.
Preparing to unpack .../55-libgtest-dev_1.8.0-10_amd64.deb ...
Unpacking libgtest-dev:amd64 (1.8.0-10) ...
Selecting previously unselected package libjson-c3:amd64.
Preparing to unpack .../56-libjson-c3_0.12.1-1.3_amd64.deb ...
Unpacking libjson-c3:amd64 (0.12.1-1.3) ...
Selecting previously unselected package libjson-c-dev:amd64.
Preparing to unpack .../57-libjson-c-dev_0.12.1-1.3_amd64.deb ...
Unpacking libjson-c-dev:amd64 (0.12.1-1.3) ...
Selecting previously unselected package libncurses6:amd64.
Preparing to unpack .../58-libncurses6_6.1+20180210-2_amd64.deb ...
Unpacking libncurses6:amd64 (6.1+20180210-2) ...
Selecting previously unselected package libncursesw6:amd64.
Preparing to unpack .../59-libncursesw6_6.1+20180210-2_amd64.deb ...
Unpacking libncursesw6:amd64 (6.1+20180210-2) ...
Selecting previously unselected package libncurses-dev:amd64.
Preparing to unpack .../60-libncurses-dev_6.1+20180210-2_amd64.deb ...
Unpacking libncurses-dev:amd64 (6.1+20180210-2) ...
Selecting previously unselected package libncurses5-dev:amd64.
Preparing to unpack .../61-libncurses5-dev_6.1+20180210-2_amd64.deb ...
Unpacking libncurses5-dev:amd64 (6.1+20180210-2) ...
Selecting previously unselected package libpcap0.8:amd64.
Preparing to unpack .../62-libpcap0.8_1.8.1-6_amd64.deb ...
Unpacking libpcap0.8:amd64 (1.8.1-6) ...
Selecting previously unselected package libpcap0.8-dev:amd64.
Preparing to unpack .../63-libpcap0.8-dev_1.8.1-6_amd64.deb ...
Unpacking libpcap0.8-dev:amd64 (1.8.1-6) ...
Selecting previously unselected package sbuild-build-depends-nfstrace-dummy.
Preparing to unpack .../64-sbuild-build-depends-nfstrace-dummy_0.invalid.0_amd64.deb ...
Unpacking sbuild-build-depends-nfstrace-dummy (0.invalid.0) ...
Setting up libexpat1:amd64 (2.2.5-3) ...
Setting up libarchive-zip-perl (1.60-1) ...
Setting up libnghttp2-14:amd64 (1.31.1-1) ...
Setting up libtimedate-perl (2.3000-2) ...
Setting up libsigsegv2:amd64 (2.12-2) ...
Setting up libldap-common (2.4.45+dfsg-1) ...
Setting up libuv1:amd64 (1.18.0-3) ...
Setting up libjson-c3:amd64 (0.12.1-1.3) ...
Setting up libpsl5:amd64 (0.20.1-1) ...
Setting up groff-base (1.22.3-10) ...
Setting up libglib2.0-0:amd64 (2.56.1-2) ...
No schema files found: doing nothing.
Setting up libncursesw6:amd64 (6.1+20180210-2) ...
Setting up libsasl2-modules-db:amd64 (2.1.27~101-g0780600+dfsg-3.1) ...
Setting up libsasl2-2:amd64 (2.1.27~101-g0780600+dfsg-3.1) ...
Setting up gettext-base (0.19.8.1-6) ...
Setting up cmake-data (3.11.1-1) ...
Setting up libpipeline1:amd64 (1.5.0-1) ...
Setting up librtmp1:amd64 (2.4+20151223.gitfa8646d.1-1+b1) ...
Setting up m4 (1.4.18-1) ...
Setting up libicu57:amd64 (57.1-9) ...
Setting up libprocps6:amd64 (2:3.3.14-1) ...
Setting up libxml2:amd64 (2.9.4+dfsg1-6.1) ...
Setting up libmagic-mgc (1:5.33-2) ...
Setting up libmagic1:amd64 (1:5.33-2) ...
Setting up lsb-base (9.20170808) ...
Setting up librhash0:amd64 (1.3.6-2) ...
Setting up procps (2:3.3.14-1) ...
update-alternatives: using /usr/bin/w.procps to provide /usr/bin/w (w) in auto mode
Setting up libcroco3:amd64 (0.6.12-2) ...
Setting up libssl1.0.2:amd64 (1.0.2o-1) ...
Setting up libssh2-1:amd64 (1.8.0-1) ...
Setting up googletest:amd64 (1.8.0-10) ...
Processing triggers for libc-bin (2.27-3) ...
Setting up autotools-dev (20180224.1) ...
Setting up libldap-2.4-2:amd64 (2.4.45+dfsg-1) ...
Setting up libgtest-dev:amd64 (1.8.0-10) ...
Setting up libjson-c-dev:amd64 (0.12.1-1.3) ...
Setting up libkeyutils1:amd64 (1.5.9-9.2) ...
Setting up bsdmainutils (11.1.2) ...
update-alternatives: using /usr/bin/bsd-write to provide /usr/bin/write (write) in auto mode
update-alternatives: using /usr/bin/bsd-from to provide /usr/bin/from (from) in auto mode
Setting up libncurses6:amd64 (6.1+20180210-2) ...
Setting up autopoint (0.19.8.1-6) ...
Setting up liblzo2-2:amd64 (2.08-1.2+b2) ...
Setting up libpcap0.8:amd64 (1.8.1-6) ...
Setting up libfile-stripnondeterminism-perl (0.041-1) ...
Setting up google-mock:amd64 (1.8.0-10) ...
Setting up gettext (0.19.8.1-6) ...
Setting up libarchive13:amd64 (3.2.2-3.1) ...
Setting up libpcap0.8-dev:amd64 (1.8.1-6) ...
Setting up autoconf (2.69-11) ...
Setting up file (1:5.33-2) ...
Setting up libkrb5support0:amd64 (1.16-2) ...
Setting up intltool-debian (0.35.0+20060710.4) ...
Setting up automake (1:1.15.1-3.1) ...
update-alternatives: using /usr/bin/automake-1.15 to provide /usr/bin/automake (automake) in auto mode
Setting up man-db (2.8.3-2) ...
Not building database; man-db/auto-update is not 'true'.
Setting up libncurses-dev:amd64 (6.1+20180210-2) ...
Setting up libtool (2.4.6-2.1) ...
Setting up libk5crypto3:amd64 (1.16-2) ...
Setting up po-debconf (1.0.20) ...
Setting up libncurses5-dev:amd64 (6.1+20180210-2) ...
Setting up libkrb5-3:amd64 (1.16-2) ...
Setting up libgssapi-krb5-2:amd64 (1.16-2) ...
Setting up libcurl3:amd64 (7.58.0-2) ...
Setting up cmake (3.11.1-1) ...
Setting up debhelper (11.2.1) ...
Setting up dh-autoreconf (17) ...
Setting up dh-strip-nondeterminism (0.041-1) ...
Setting up sbuild-build-depends-nfstrace-dummy (0.invalid.0) ...
Processing triggers for libc-bin (2.27-3) ...

+------------------------------------------------------------------------------+
| Build environment                                                            |
+------------------------------------------------------------------------------+

Kernel: Linux 4.9.0-5-amd64 amd64 (x86_64)
Toolchain package versions: binutils_2.30-16 dpkg-dev_1.19.0.5 g++-7_7.3.0-17 gcc-7_7.3.0-17 libc6-dev_2.27-3 libstdc++-7-dev_7.3.0-17 libstdc++6_8-20180425-1 linux-libc-dev_4.15.17-1
Package versions: adduser_3.117 apt_1.6.1 autoconf_2.69-11 automake_1:1.15.1-3.1 autopoint_0.19.8.1-6 autotools-dev_20180224.1 base-files_10.1 base-passwd_3.5.45 bash_4.4.18-2 binutils_2.30-16 binutils-common_2.30-16 binutils-x86-64-linux-gnu_2.30-16 bsdmainutils_11.1.2 bsdutils_1:2.31.1-0.5 build-essential_12.5 bzip2_1.0.6-8.1 clang-6.0_1:6.0-3 cmake_3.11.1-1 cmake-data_3.11.1-1 coreutils_8.28-1 cpp_4:7.3.0-3 cpp-7_7.3.0-17 dash_0.5.8-2.10 debconf_1.5.66 debfoster_2.7-2.1+b1 debhelper_11.2.1 debian-archive-keyring_2017.7 debianutils_4.8.4 dh-autoreconf_17 dh-strip-nondeterminism_0.041-1 diffutils_1:3.6-1 dpkg_1.19.0.5 dpkg-dev_1.19.0.5 e2fslibs_1.44.1-2 e2fsprogs_1.44.1-2 eatmydata_105-6 fakeroot_1.22-2 fdisk_2.31.1-0.5 file_1:5.33-2 findutils_4.6.0+git+20171230-2 g++_4:7.3.0-3 g++-7_7.3.0-17 gcc_4:7.3.0-3 gcc-6-base_6.4.0-17 gcc-7_7.3.0-17 gcc-7-base_7.3.0-17 gcc-8-base_8-20180425-1 gettext_0.19.8.1-6 gettext-base_0.19.8.1-6 google-mock_1.8.0-10 googletest_1.8.0-10 gpgv_2.2.5-1 grep_3.1-2 groff-base_1.22.3-10 gzip_1.6-5+b1 hostname_3.20 init-system-helpers_1.51 intltool-debian_0.35.0+20060710.4 lib32gcc1_1:8-20180425-1 lib32stdc++6_8-20180425-1 libacl1_2.2.52-3+b1 libapt-pkg5.0_1.6.1 libarchive-zip-perl_1.60-1 libarchive13_3.2.2-3.1 libasan4_7.3.0-17 libatomic1_8-20180425-1 libattr1_1:2.4.47-2+b2 libaudit-common_1:2.8.3-1 libaudit1_1:2.8.3-1 libbinutils_2.30-16 libblkid1_2.31.1-0.5 libbsd0_0.8.7-1 libbz2-1.0_1.0.6-8.1 libc-bin_2.27-3 libc-dev-bin_2.27-3 libc6_2.27-3 libc6-dev_2.27-3 libc6-i386_2.27-3 libcap-ng0_0.7.9-1 libcc1-0_8-20180425-1 libcilkrts5_7.3.0-17 libclang-common-6.0-dev_1:6.0-3 libclang1-6.0_1:6.0-3 libcom-err2_1.44.1-2 libcomerr2_1.44.1-2 libcroco3_0.6.12-2 libcurl3_7.58.0-2 libdb5.3_5.3.28-13.1+b1 libdebconfclient0_0.243 libdpkg-perl_1.19.0.5 libeatmydata1_105-6 libedit2_3.1-20170329-1 libexpat1_2.2.5-3 libext2fs2_1.44.1-2 libfakeroot_1.22-2 libfdisk1_2.31.1-0.5 libffi6_3.2.1-8 libfile-stripnondeterminism-perl_0.041-1 libgc1c2_1:7.4.2-8.2 libgcc-7-dev_7.3.0-17 libgcc1_1:8-20180425-1 libgcrypt20_1.8.2-2 libgdbm-compat4_1.14.1-6 libgdbm3_1.8.3-14 libgdbm5_1.14.1-6 libglib2.0-0_2.56.1-2 libgmp10_2:6.1.2+dfsg-3 libgnutls30_3.5.18-1 libgomp1_8-20180425-1 libgpg-error0_1.29-4 libgssapi-krb5-2_1.16-2 libgtest-dev_1.8.0-10 libhogweed4_3.4-1 libicu57_57.1-9 libidn2-0_2.0.4-1.1 libisl15_0.18-4 libisl19_0.19-1 libitm1_8-20180425-1 libjson-c-dev_0.12.1-1.3 libjson-c3_0.12.1-1.3 libjsoncpp1_1.7.4-3 libk5crypto3_1.16-2 libkeyutils1_1.5.9-9.2 libkrb5-3_1.16-2 libkrb5support0_1.16-2 libldap-2.4-2_2.4.45+dfsg-1 libldap-common_2.4.45+dfsg-1 libllvm6.0_1:6.0-3 liblsan0_8-20180425-1 liblz4-1_1.8.1.2-1 liblzma5_5.2.2-1.3 liblzo2-2_2.08-1.2+b2 libmagic-mgc_1:5.33-2 libmagic1_1:5.33-2 libmount1_2.31.1-0.5 libmpc3_1.1.0-1 libmpfr4_3.1.6-1 libmpfr6_4.0.1-1 libmpx2_8-20180425-1 libncurses-dev_6.1+20180210-2 libncurses5_6.1+20180210-2 libncurses5-dev_6.1+20180210-2 libncurses6_6.1+20180210-2 libncursesw5_6.1+20180210-2 libncursesw6_6.1+20180210-2 libnettle6_3.4-1 libnghttp2-14_1.31.1-1 libobjc-7-dev_7.3.0-17 libobjc4_8-20180425-1 libp11-kit0_0.23.10-2 libpam-modules_1.1.8-3.7 libpam-modules-bin_1.1.8-3.7 libpam-runtime_1.1.8-3.7 libpam0g_1.1.8-3.7 libpcap0.8_1.8.1-6 libpcap0.8-dev_1.8.1-6 libpcre3_2:8.39-9 libperl5.26_5.26.2-3 libpipeline1_1.5.0-1 libprocps6_2:3.3.14-1 libpsl5_0.20.1-1 libquadmath0_8-20180425-1 librhash0_1.3.6-2 librtmp1_2.4+20151223.gitfa8646d.1-1+b1 libsasl2-2_2.1.27~101-g0780600+dfsg-3.1 libsasl2-modules-db_2.1.27~101-g0780600+dfsg-3.1 libseccomp2_2.3.3-1 libselinux1_2.7-2+b2 libsemanage-common_2.7-2 libsemanage1_2.7-2+b2 libsepol1_2.7-1 libsigsegv2_2.12-2 libsmartcols1_2.31.1-0.5 libss2_1.44.1-2 libssh2-1_1.8.0-1 libssl1.0.2_1.0.2o-1 libstdc++-7-dev_7.3.0-17 libstdc++6_8-20180425-1 libsystemd0_238-4 libtasn1-6_4.13-2 libtimedate-perl_2.3000-2 libtinfo5_6.1+20180210-2 libtinfo6_6.1+20180210-2 libtool_2.4.6-2.1 libtsan0_8-20180425-1 libubsan0_7.3.0-17 libudev1_238-4 libunistring2_0.9.8-1 libustr-1.0-1_1.0.4-6 libuuid1_2.31.1-0.5 libuv1_1.18.0-3 libxml2_2.9.4+dfsg1-6.1 libzstd1_1.3.4+dfsg-1 linux-libc-dev_4.15.17-1 login_1:4.5-1 lsb-base_9.20170808 m4_1.4.18-1 make_4.2.1-1 man-db_2.8.3-2 mawk_1.3.3-17+b3 mount_2.31.1-0.5 multiarch-support_2.27-3 ncurses-base_6.1+20180210-2 ncurses-bin_6.1+20180210-2 passwd_1:4.5-1 patch_2.7.6-2 perl_5.26.2-3 perl-base_5.26.2-3 perl-modules-5.26_5.26.2-3 po-debconf_1.0.20 procps_2:3.3.14-1 sbuild-build-depends-core-dummy_0.invalid.0 sbuild-build-depends-nfstrace-dummy_0.invalid.0 sed_4.4-2 sensible-utils_0.0.12 sysvinit-utils_2.88dsf-59.10 tar_1.30+dfsg-1 util-linux_2.31.1-0.5 xz-utils_5.2.2-1.3 zlib1g_1:1.2.11.dfsg-1

+------------------------------------------------------------------------------+
| Build                                                                        |
+------------------------------------------------------------------------------+


Unpack source
-------------

gpgv: unknown type of key resource 'trustedkeys.kbx'
gpgv: keyblock resource '/sbuild-nonexistent/.gnupg/trustedkeys.kbx': General error
gpgv: Signature made Sun Sep  3 15:04:39 2017 UTC
gpgv:                using RSA key 9D5B23F9184FA514
gpgv: Can't check signature: No public key
dpkg-source: warning: failed to verify signature on ./nfstrace_0.4.3.1-3.dsc
dpkg-source: info: extracting nfstrace in /<<PKGBUILDDIR>>
dpkg-source: info: unpacking nfstrace_0.4.3.1.orig.tar.gz
dpkg-source: info: unpacking nfstrace_0.4.3.1-3.debian.tar.xz
dpkg-source: info: applying reproducible_build.patch
dpkg-source: info: applying reproducible_build2.patch
dpkg-source: info: applying build-on-gcc-7.patch

Check disk space
----------------

Sufficient free space for build

User Environment
----------------

APT_CONFIG=/var/lib/sbuild/apt.conf
HOME=/sbuild-nonexistent
LANG=en_US.UTF-8
LC_ALL=POSIX
LOGNAME=user42
PATH=/usr/local/sbin:/usr/local/bin:/usr/sbin:/usr/bin:/sbin:/bin:/usr/games
SCHROOT_ALIAS_NAME=unstable-amd64-sbuild
SCHROOT_CHROOT_NAME=unstable-amd64-sbuild
SCHROOT_COMMAND=env
SCHROOT_GID=1001
SCHROOT_GROUP=user42
SCHROOT_SESSION_ID=unstable-amd64-sbuild-4211fd15-a2f4-459c-a082-a2dac118e9e5
SCHROOT_UID=1001
SCHROOT_USER=user42
SHELL=/bin/sh
USER=user42

dpkg-buildpackage
-----------------

dpkg-buildpackage: info: source package nfstrace
dpkg-buildpackage: info: source version 0.4.3.1-3
dpkg-buildpackage: info: source distribution unstable
dpkg-buildpackage: info: source changed by Andrew Shadura <andrewsh@debian.org>
 dpkg-source --before-build nfstrace-0.4.3.1
dpkg-buildpackage: info: host architecture amd64
 fakeroot debian/rules clean
dh clean
   dh_clean
 debian/rules build-arch
dh build-arch
   dh_update_autotools_config -a
   debian/rules override_dh_auto_configure
make[1]: Entering directory '/<<PKGBUILDDIR>>'
dh_auto_configure -- -DGMOCK_SOURCE_DIR=/usr/src/gmock
	cd obj-x86_64-linux-gnu && cmake .. -DCMAKE_INSTALL_PREFIX=/usr -DCMAKE_VERBOSE_MAKEFILE=ON -DCMAKE_BUILD_TYPE=None -DCMAKE_INSTALL_SYSCONFDIR=/etc -DCMAKE_INSTALL_LOCALSTATEDIR=/var -DCMAKE_EXPORT_NO_PACKAGE_REGISTRY=ON -DCMAKE_FIND_PACKAGE_NO_PACKAGE_REGISTRY=ON "-GUnix Makefiles" -DGMOCK_SOURCE_DIR=/usr/src/gmock
-- The C compiler identification is Clang 6.0.0
-- The CXX compiler identification is Clang 6.0.0
-- Check for working C compiler: /usr/bin/cc
-- Check for working C compiler: /usr/bin/cc -- works
-- Detecting C compiler ABI info
-- Detecting C compiler ABI info - done
-- Detecting C compile features
-- Detecting C compile features - done
-- Check for working CXX compiler: /usr/bin/c++
-- Check for working CXX compiler: /usr/bin/c++ -- works
-- Detecting CXX compiler ABI info
-- Detecting CXX compiler ABI info - done
-- Detecting CXX compile features
-- Detecting CXX compile features - done
-- To enable code self-profiling set option PROFILING=ON and build in Release mode
-- Looking for pthread.h
-- Looking for pthread.h - found
-- Looking for pthread_create
-- Looking for pthread_create - not found
-- Looking for pthread_create in pthreads
-- Looking for pthread_create in pthreads - not found
-- Looking for pthread_create in pthread
-- Looking for pthread_create in pthread - found
-- Found Threads: TRUE  
-- Looking for wsyncup in /usr/lib/x86_64-linux-gnu/libcurses.so
-- Looking for wsyncup in /usr/lib/x86_64-linux-gnu/libcurses.so - found
-- Looking for cbreak in /usr/lib/x86_64-linux-gnu/libncurses.so
-- Looking for cbreak in /usr/lib/x86_64-linux-gnu/libncurses.so - found
-- Found Curses: /usr/lib/x86_64-linux-gnu/libncurses.so  
-- Found JSON: /usr/lib/x86_64-linux-gnu/libjson-c.so  
CMake Warning at tests/unit/CMakeLists.txt:2 (message):
  GTEST_SOURCE_DIR variable not set - unit-tests are not available.  Use

      '-DGTEST_SOURCE_DIR=<path_to_nfstrace>/third_party/googletest' param for CMake


-- Could NOT find Doxygen (missing: DOXYGEN_EXECUTABLE) 
-- Could NOT find LATEX (missing: LATEX_COMPILER PDFLATEX) 
-- Configuring done
-- Generating done
CMake Warning:
  Manually-specified variables were not used by the project:

    CMAKE_EXPORT_NO_PACKAGE_REGISTRY
    CMAKE_INSTALL_LOCALSTATEDIR
    CMAKE_INSTALL_SYSCONFDIR
    GMOCK_SOURCE_DIR


-- Build files have been written to: /<<PKGBUILDDIR>>/obj-x86_64-linux-gnu
make[1]: Leaving directory '/<<PKGBUILDDIR>>'
   dh_auto_build -a
	cd obj-x86_64-linux-gnu && make -j1
make[1]: Entering directory '/<<PKGBUILDDIR>>/obj-x86_64-linux-gnu'
/usr/bin/cmake -H/<<PKGBUILDDIR>> -B/<<PKGBUILDDIR>>/obj-x86_64-linux-gnu --check-build-system CMakeFiles/Makefile.cmake 0
/usr/bin/cmake -E cmake_progress_start /<<PKGBUILDDIR>>/obj-x86_64-linux-gnu/CMakeFiles /<<PKGBUILDDIR>>/obj-x86_64-linux-gnu/CMakeFiles/progress.marks
make -f CMakeFiles/Makefile2 all
make[2]: Entering directory '/<<PKGBUILDDIR>>/obj-x86_64-linux-gnu'
make -f CMakeFiles/nfstrace.dir/build.make CMakeFiles/nfstrace.dir/depend
make[3]: Entering directory '/<<PKGBUILDDIR>>/obj-x86_64-linux-gnu'
cd /<<PKGBUILDDIR>>/obj-x86_64-linux-gnu && /usr/bin/cmake -E cmake_depends "Unix Makefiles" /<<PKGBUILDDIR>> /<<PKGBUILDDIR>> /<<PKGBUILDDIR>>/obj-x86_64-linux-gnu /<<PKGBUILDDIR>>/obj-x86_64-linux-gnu /<<PKGBUILDDIR>>/obj-x86_64-linux-gnu/CMakeFiles/nfstrace.dir/DependInfo.cmake --color=
Scanning dependencies of target nfstrace
make[3]: Leaving directory '/<<PKGBUILDDIR>>/obj-x86_64-linux-gnu'
make -f CMakeFiles/nfstrace.dir/build.make CMakeFiles/nfstrace.dir/build
make[3]: Entering directory '/<<PKGBUILDDIR>>/obj-x86_64-linux-gnu'
[  1%] Building CXX object CMakeFiles/nfstrace.dir/src/analysis/analysis_manager.cpp.o
/usr/bin/c++   -I/<<PKGBUILDDIR>>/src  -g -O2 -fdebug-prefix-map=/<<PKGBUILDDIR>>=. -fstack-protector-strong -Wformat -Werror=format-security -Wdate-time -D_FORTIFY_SOURCE=2 -std=c++14 -pedantic -Wall -Werror -Wextra -Wno-invalid-offsetof -Wno-braced-scalar-init -fPIC -fvisibility=hidden   -o CMakeFiles/nfstrace.dir/src/analysis/analysis_manager.cpp.o -c /<<PKGBUILDDIR>>/src/analysis/analysis_manager.cpp
[  2%] Building CXX object CMakeFiles/nfstrace.dir/src/analysis/analyzers.cpp.o
/usr/bin/c++   -I/<<PKGBUILDDIR>>/src  -g -O2 -fdebug-prefix-map=/<<PKGBUILDDIR>>=. -fstack-protector-strong -Wformat -Werror=format-security -Wdate-time -D_FORTIFY_SOURCE=2 -std=c++14 -pedantic -Wall -Werror -Wextra -Wno-invalid-offsetof -Wno-braced-scalar-init -fPIC -fvisibility=hidden   -o CMakeFiles/nfstrace.dir/src/analysis/analyzers.cpp.o -c /<<PKGBUILDDIR>>/src/analysis/analyzers.cpp
[  4%] Building CXX object CMakeFiles/nfstrace.dir/src/analysis/cifs_parser.cpp.o
/usr/bin/c++   -I/<<PKGBUILDDIR>>/src  -g -O2 -fdebug-prefix-map=/<<PKGBUILDDIR>>=. -fstack-protector-strong -Wformat -Werror=format-security -Wdate-time -D_FORTIFY_SOURCE=2 -std=c++14 -pedantic -Wall -Werror -Wextra -Wno-invalid-offsetof -Wno-braced-scalar-init -fPIC -fvisibility=hidden   -o CMakeFiles/nfstrace.dir/src/analysis/cifs_parser.cpp.o -c /<<PKGBUILDDIR>>/src/analysis/cifs_parser.cpp
[  5%] Building CXX object CMakeFiles/nfstrace.dir/src/analysis/nfs_parser.cpp.o
/usr/bin/c++   -I/<<PKGBUILDDIR>>/src  -g -O2 -fdebug-prefix-map=/<<PKGBUILDDIR>>=. -fstack-protector-strong -Wformat -Werror=format-security -Wdate-time -D_FORTIFY_SOURCE=2 -std=c++14 -pedantic -Wall -Werror -Wextra -Wno-invalid-offsetof -Wno-braced-scalar-init -fPIC -fvisibility=hidden   -o CMakeFiles/nfstrace.dir/src/analysis/nfs_parser.cpp.o -c /<<PKGBUILDDIR>>/src/analysis/nfs_parser.cpp
[  7%] Building CXX object CMakeFiles/nfstrace.dir/src/analysis/plugin.cpp.o
/usr/bin/c++   -I/<<PKGBUILDDIR>>/src  -g -O2 -fdebug-prefix-map=/<<PKGBUILDDIR>>=. -fstack-protector-strong -Wformat -Werror=format-security -Wdate-time -D_FORTIFY_SOURCE=2 -std=c++14 -pedantic -Wall -Werror -Wextra -Wno-invalid-offsetof -Wno-braced-scalar-init -fPIC -fvisibility=hidden   -o CMakeFiles/nfstrace.dir/src/analysis/plugin.cpp.o -c /<<PKGBUILDDIR>>/src/analysis/plugin.cpp
[  8%] Building CXX object CMakeFiles/nfstrace.dir/src/analysis/print_analyzer.cpp.o
/usr/bin/c++   -I/<<PKGBUILDDIR>>/src  -g -O2 -fdebug-prefix-map=/<<PKGBUILDDIR>>=. -fstack-protector-strong -Wformat -Werror=format-security -Wdate-time -D_FORTIFY_SOURCE=2 -std=c++14 -pedantic -Wall -Werror -Wextra -Wno-invalid-offsetof -Wno-braced-scalar-init -fPIC -fvisibility=hidden   -o CMakeFiles/nfstrace.dir/src/analysis/print_analyzer.cpp.o -c /<<PKGBUILDDIR>>/src/analysis/print_analyzer.cpp
[ 10%] Building CXX object CMakeFiles/nfstrace.dir/src/controller/cmdline_args.cpp.o
/usr/bin/c++   -I/<<PKGBUILDDIR>>/src  -g -O2 -fdebug-prefix-map=/<<PKGBUILDDIR>>=. -fstack-protector-strong -Wformat -Werror=format-security -Wdate-time -D_FORTIFY_SOURCE=2 -std=c++14 -pedantic -Wall -Werror -Wextra -Wno-invalid-offsetof -Wno-braced-scalar-init -fPIC -fvisibility=hidden   -o CMakeFiles/nfstrace.dir/src/controller/cmdline_args.cpp.o -c /<<PKGBUILDDIR>>/src/controller/cmdline_args.cpp
[ 11%] Building CXX object CMakeFiles/nfstrace.dir/src/controller/controller.cpp.o
/usr/bin/c++   -I/<<PKGBUILDDIR>>/src  -g -O2 -fdebug-prefix-map=/<<PKGBUILDDIR>>=. -fstack-protector-strong -Wformat -Werror=format-security -Wdate-time -D_FORTIFY_SOURCE=2 -std=c++14 -pedantic -Wall -Werror -Wextra -Wno-invalid-offsetof -Wno-braced-scalar-init -fPIC -fvisibility=hidden   -o CMakeFiles/nfstrace.dir/src/controller/controller.cpp.o -c /<<PKGBUILDDIR>>/src/controller/controller.cpp
[ 13%] Building CXX object CMakeFiles/nfstrace.dir/src/controller/parameters.cpp.o
/usr/bin/c++   -I/<<PKGBUILDDIR>>/src  -g -O2 -fdebug-prefix-map=/<<PKGBUILDDIR>>=. -fstack-protector-strong -Wformat -Werror=format-security -Wdate-time -D_FORTIFY_SOURCE=2 -std=c++14 -pedantic -Wall -Werror -Wextra -Wno-invalid-offsetof -Wno-braced-scalar-init -fPIC -fvisibility=hidden   -o CMakeFiles/nfstrace.dir/src/controller/parameters.cpp.o -c /<<PKGBUILDDIR>>/src/controller/parameters.cpp
[ 14%] Building CXX object CMakeFiles/nfstrace.dir/src/controller/signal_handler.cpp.o
/usr/bin/c++   -I/<<PKGBUILDDIR>>/src  -g -O2 -fdebug-prefix-map=/<<PKGBUILDDIR>>=. -fstack-protector-strong -Wformat -Werror=format-security -Wdate-time -D_FORTIFY_SOURCE=2 -std=c++14 -pedantic -Wall -Werror -Wextra -Wno-invalid-offsetof -Wno-braced-scalar-init -fPIC -fvisibility=hidden   -o CMakeFiles/nfstrace.dir/src/controller/signal_handler.cpp.o -c /<<PKGBUILDDIR>>/src/controller/signal_handler.cpp
[ 16%] Building CXX object CMakeFiles/nfstrace.dir/src/filtration/dumping.cpp.o
/usr/bin/c++   -I/<<PKGBUILDDIR>>/src  -g -O2 -fdebug-prefix-map=/<<PKGBUILDDIR>>=. -fstack-protector-strong -Wformat -Werror=format-security -Wdate-time -D_FORTIFY_SOURCE=2 -std=c++14 -pedantic -Wall -Werror -Wextra -Wno-invalid-offsetof -Wno-braced-scalar-init -fPIC -fvisibility=hidden   -o CMakeFiles/nfstrace.dir/src/filtration/dumping.cpp.o -c /<<PKGBUILDDIR>>/src/filtration/dumping.cpp
[ 17%] Building CXX object CMakeFiles/nfstrace.dir/src/filtration/filtration_manager.cpp.o
/usr/bin/c++   -I/<<PKGBUILDDIR>>/src  -g -O2 -fdebug-prefix-map=/<<PKGBUILDDIR>>=. -fstack-protector-strong -Wformat -Werror=format-security -Wdate-time -D_FORTIFY_SOURCE=2 -std=c++14 -pedantic -Wall -Werror -Wextra -Wno-invalid-offsetof -Wno-braced-scalar-init -fPIC -fvisibility=hidden   -o CMakeFiles/nfstrace.dir/src/filtration/filtration_manager.cpp.o -c /<<PKGBUILDDIR>>/src/filtration/filtration_manager.cpp
[ 19%] Building CXX object CMakeFiles/nfstrace.dir/src/filtration/pcap/capture_reader.cpp.o
/usr/bin/c++   -I/<<PKGBUILDDIR>>/src  -g -O2 -fdebug-prefix-map=/<<PKGBUILDDIR>>=. -fstack-protector-strong -Wformat -Werror=format-security -Wdate-time -D_FORTIFY_SOURCE=2 -std=c++14 -pedantic -Wall -Werror -Wextra -Wno-invalid-offsetof -Wno-braced-scalar-init -fPIC -fvisibility=hidden   -o CMakeFiles/nfstrace.dir/src/filtration/pcap/capture_reader.cpp.o -c /<<PKGBUILDDIR>>/src/filtration/pcap/capture_reader.cpp
[ 20%] Building CXX object CMakeFiles/nfstrace.dir/src/filtration/pcap/file_reader.cpp.o
/usr/bin/c++   -I/<<PKGBUILDDIR>>/src  -g -O2 -fdebug-prefix-map=/<<PKGBUILDDIR>>=. -fstack-protector-strong -Wformat -Werror=format-security -Wdate-time -D_FORTIFY_SOURCE=2 -std=c++14 -pedantic -Wall -Werror -Wextra -Wno-invalid-offsetof -Wno-braced-scalar-init -fPIC -fvisibility=hidden   -o CMakeFiles/nfstrace.dir/src/filtration/pcap/file_reader.cpp.o -c /<<PKGBUILDDIR>>/src/filtration/pcap/file_reader.cpp
[ 22%] Building CXX object CMakeFiles/nfstrace.dir/src/main.cpp.o
/usr/bin/c++   -I/<<PKGBUILDDIR>>/src  -g -O2 -fdebug-prefix-map=/<<PKGBUILDDIR>>=. -fstack-protector-strong -Wformat -Werror=format-security -Wdate-time -D_FORTIFY_SOURCE=2 -std=c++14 -pedantic -Wall -Werror -Wextra -Wno-invalid-offsetof -Wno-braced-scalar-init -fPIC -fvisibility=hidden   -o CMakeFiles/nfstrace.dir/src/main.cpp.o -c /<<PKGBUILDDIR>>/src/main.cpp
[ 23%] Building CXX object CMakeFiles/nfstrace.dir/src/protocols/cifs/cifs.cpp.o
/usr/bin/c++   -I/<<PKGBUILDDIR>>/src  -g -O2 -fdebug-prefix-map=/<<PKGBUILDDIR>>=. -fstack-protector-strong -Wformat -Werror=format-security -Wdate-time -D_FORTIFY_SOURCE=2 -std=c++14 -pedantic -Wall -Werror -Wextra -Wno-invalid-offsetof -Wno-braced-scalar-init -fPIC -fvisibility=hidden   -o CMakeFiles/nfstrace.dir/src/protocols/cifs/cifs.cpp.o -c /<<PKGBUILDDIR>>/src/protocols/cifs/cifs.cpp
[ 25%] Building CXX object CMakeFiles/nfstrace.dir/src/protocols/cifs2/cifs2.cpp.o
/usr/bin/c++   -I/<<PKGBUILDDIR>>/src  -g -O2 -fdebug-prefix-map=/<<PKGBUILDDIR>>=. -fstack-protector-strong -Wformat -Werror=format-security -Wdate-time -D_FORTIFY_SOURCE=2 -std=c++14 -pedantic -Wall -Werror -Wextra -Wno-invalid-offsetof -Wno-braced-scalar-init -fPIC -fvisibility=hidden   -o CMakeFiles/nfstrace.dir/src/protocols/cifs2/cifs2.cpp.o -c /<<PKGBUILDDIR>>/src/protocols/cifs2/cifs2.cpp
[ 26%] Building CXX object CMakeFiles/nfstrace.dir/src/protocols/cifs2/cifs2_utils.cpp.o
/usr/bin/c++   -I/<<PKGBUILDDIR>>/src  -g -O2 -fdebug-prefix-map=/<<PKGBUILDDIR>>=. -fstack-protector-strong -Wformat -Werror=format-security -Wdate-time -D_FORTIFY_SOURCE=2 -std=c++14 -pedantic -Wall -Werror -Wextra -Wno-invalid-offsetof -Wno-braced-scalar-init -fPIC -fvisibility=hidden   -o CMakeFiles/nfstrace.dir/src/protocols/cifs2/cifs2_utils.cpp.o -c /<<PKGBUILDDIR>>/src/protocols/cifs2/cifs2_utils.cpp
[ 27%] Building CXX object CMakeFiles/nfstrace.dir/src/protocols/netbios/netbios.cpp.o
/usr/bin/c++   -I/<<PKGBUILDDIR>>/src  -g -O2 -fdebug-prefix-map=/<<PKGBUILDDIR>>=. -fstack-protector-strong -Wformat -Werror=format-security -Wdate-time -D_FORTIFY_SOURCE=2 -std=c++14 -pedantic -Wall -Werror -Wextra -Wno-invalid-offsetof -Wno-braced-scalar-init -fPIC -fvisibility=hidden   -o CMakeFiles/nfstrace.dir/src/protocols/netbios/netbios.cpp.o -c /<<PKGBUILDDIR>>/src/protocols/netbios/netbios.cpp
[ 29%] Building CXX object CMakeFiles/nfstrace.dir/src/protocols/nfs/nfs_utils.cpp.o
/usr/bin/c++   -I/<<PKGBUILDDIR>>/src  -g -O2 -fdebug-prefix-map=/<<PKGBUILDDIR>>=. -fstack-protector-strong -Wformat -Werror=format-security -Wdate-time -D_FORTIFY_SOURCE=2 -std=c++14 -pedantic -Wall -Werror -Wextra -Wno-invalid-offsetof -Wno-braced-scalar-init -fPIC -fvisibility=hidden   -o CMakeFiles/nfstrace.dir/src/protocols/nfs/nfs_utils.cpp.o -c /<<PKGBUILDDIR>>/src/protocols/nfs/nfs_utils.cpp
[ 30%] Building CXX object CMakeFiles/nfstrace.dir/src/protocols/nfs3/nfs3_utils.cpp.o
/usr/bin/c++   -I/<<PKGBUILDDIR>>/src  -g -O2 -fdebug-prefix-map=/<<PKGBUILDDIR>>=. -fstack-protector-strong -Wformat -Werror=format-security -Wdate-time -D_FORTIFY_SOURCE=2 -std=c++14 -pedantic -Wall -Werror -Wextra -Wno-invalid-offsetof -Wno-braced-scalar-init -fPIC -fvisibility=hidden   -o CMakeFiles/nfstrace.dir/src/protocols/nfs3/nfs3_utils.cpp.o -c /<<PKGBUILDDIR>>/src/protocols/nfs3/nfs3_utils.cpp
[ 32%] Building CXX object CMakeFiles/nfstrace.dir/src/protocols/nfs4/nfs41_utils.cpp.o
/usr/bin/c++   -I/<<PKGBUILDDIR>>/src  -g -O2 -fdebug-prefix-map=/<<PKGBUILDDIR>>=. -fstack-protector-strong -Wformat -Werror=format-security -Wdate-time -D_FORTIFY_SOURCE=2 -std=c++14 -pedantic -Wall -Werror -Wextra -Wno-invalid-offsetof -Wno-braced-scalar-init -fPIC -fvisibility=hidden   -o CMakeFiles/nfstrace.dir/src/protocols/nfs4/nfs41_utils.cpp.o -c /<<PKGBUILDDIR>>/src/protocols/nfs4/nfs41_utils.cpp
[ 33%] Building CXX object CMakeFiles/nfstrace.dir/src/protocols/nfs4/nfs4_utils.cpp.o
/usr/bin/c++   -I/<<PKGBUILDDIR>>/src  -g -O2 -fdebug-prefix-map=/<<PKGBUILDDIR>>=. -fstack-protector-strong -Wformat -Werror=format-security -Wdate-time -D_FORTIFY_SOURCE=2 -std=c++14 -pedantic -Wall -Werror -Wextra -Wno-invalid-offsetof -Wno-braced-scalar-init -fPIC -fvisibility=hidden   -o CMakeFiles/nfstrace.dir/src/protocols/nfs4/nfs4_utils.cpp.o -c /<<PKGBUILDDIR>>/src/protocols/nfs4/nfs4_utils.cpp
[ 35%] Building CXX object CMakeFiles/nfstrace.dir/src/utils/dynamic_load.cpp.o
/usr/bin/c++   -I/<<PKGBUILDDIR>>/src  -g -O2 -fdebug-prefix-map=/<<PKGBUILDDIR>>=. -fstack-protector-strong -Wformat -Werror=format-security -Wdate-time -D_FORTIFY_SOURCE=2 -std=c++14 -pedantic -Wall -Werror -Wextra -Wno-invalid-offsetof -Wno-braced-scalar-init -fPIC -fvisibility=hidden   -o CMakeFiles/nfstrace.dir/src/utils/dynamic_load.cpp.o -c /<<PKGBUILDDIR>>/src/utils/dynamic_load.cpp
[ 36%] Building CXX object CMakeFiles/nfstrace.dir/src/utils/log.cpp.o
/usr/bin/c++   -I/<<PKGBUILDDIR>>/src  -g -O2 -fdebug-prefix-map=/<<PKGBUILDDIR>>=. -fstack-protector-strong -Wformat -Werror=format-security -Wdate-time -D_FORTIFY_SOURCE=2 -std=c++14 -pedantic -Wall -Werror -Wextra -Wno-invalid-offsetof -Wno-braced-scalar-init -fPIC -fvisibility=hidden   -o CMakeFiles/nfstrace.dir/src/utils/log.cpp.o -c /<<PKGBUILDDIR>>/src/utils/log.cpp
[ 38%] Building CXX object CMakeFiles/nfstrace.dir/src/utils/out.cpp.o
/usr/bin/c++   -I/<<PKGBUILDDIR>>/src  -g -O2 -fdebug-prefix-map=/<<PKGBUILDDIR>>=. -fstack-protector-strong -Wformat -Werror=format-security -Wdate-time -D_FORTIFY_SOURCE=2 -std=c++14 -pedantic -Wall -Werror -Wextra -Wno-invalid-offsetof -Wno-braced-scalar-init -fPIC -fvisibility=hidden   -o CMakeFiles/nfstrace.dir/src/utils/out.cpp.o -c /<<PKGBUILDDIR>>/src/utils/out.cpp
[ 39%] Building CXX object CMakeFiles/nfstrace.dir/src/utils/sessions.cpp.o
/usr/bin/c++   -I/<<PKGBUILDDIR>>/src  -g -O2 -fdebug-prefix-map=/<<PKGBUILDDIR>>=. -fstack-protector-strong -Wformat -Werror=format-security -Wdate-time -D_FORTIFY_SOURCE=2 -std=c++14 -pedantic -Wall -Werror -Wextra -Wno-invalid-offsetof -Wno-braced-scalar-init -fPIC -fvisibility=hidden   -o CMakeFiles/nfstrace.dir/src/utils/sessions.cpp.o -c /<<PKGBUILDDIR>>/src/utils/sessions.cpp
[ 41%] Linking CXX executable nfstrace
/usr/bin/cmake -E cmake_link_script CMakeFiles/nfstrace.dir/link.txt --verbose=1
/usr/bin/c++  -g -O2 -fdebug-prefix-map=/<<PKGBUILDDIR>>=. -fstack-protector-strong -Wformat -Werror=format-security -Wdate-time -D_FORTIFY_SOURCE=2 -std=c++14 -pedantic -Wall -Werror -Wextra -Wno-invalid-offsetof -Wno-braced-scalar-init -fPIC -fvisibility=hidden  -Wl,-z,relro -Wl,--export-dynamic -rdynamic CMakeFiles/nfstrace.dir/src/analysis/analysis_manager.cpp.o CMakeFiles/nfstrace.dir/src/analysis/analyzers.cpp.o CMakeFiles/nfstrace.dir/src/analysis/cifs_parser.cpp.o CMakeFiles/nfstrace.dir/src/analysis/nfs_parser.cpp.o CMakeFiles/nfstrace.dir/src/analysis/plugin.cpp.o CMakeFiles/nfstrace.dir/src/analysis/print_analyzer.cpp.o CMakeFiles/nfstrace.dir/src/controller/cmdline_args.cpp.o CMakeFiles/nfstrace.dir/src/controller/controller.cpp.o CMakeFiles/nfstrace.dir/src/controller/parameters.cpp.o CMakeFiles/nfstrace.dir/src/controller/signal_handler.cpp.o CMakeFiles/nfstrace.dir/src/filtration/dumping.cpp.o CMakeFiles/nfstrace.dir/src/filtration/filtration_manager.cpp.o CMakeFiles/nfstrace.dir/src/filtration/pcap/capture_reader.cpp.o CMakeFiles/nfstrace.dir/src/filtration/pcap/file_reader.cpp.o CMakeFiles/nfstrace.dir/src/main.cpp.o CMakeFiles/nfstrace.dir/src/protocols/cifs/cifs.cpp.o CMakeFiles/nfstrace.dir/src/protocols/cifs2/cifs2.cpp.o CMakeFiles/nfstrace.dir/src/protocols/cifs2/cifs2_utils.cpp.o CMakeFiles/nfstrace.dir/src/protocols/netbios/netbios.cpp.o CMakeFiles/nfstrace.dir/src/protocols/nfs/nfs_utils.cpp.o CMakeFiles/nfstrace.dir/src/protocols/nfs3/nfs3_utils.cpp.o CMakeFiles/nfstrace.dir/src/protocols/nfs4/nfs41_utils.cpp.o CMakeFiles/nfstrace.dir/src/protocols/nfs4/nfs4_utils.cpp.o CMakeFiles/nfstrace.dir/src/utils/dynamic_load.cpp.o CMakeFiles/nfstrace.dir/src/utils/log.cpp.o CMakeFiles/nfstrace.dir/src/utils/out.cpp.o CMakeFiles/nfstrace.dir/src/utils/sessions.cpp.o  -o nfstrace -ldl -lpthread -lpcap 
make[3]: Leaving directory '/<<PKGBUILDDIR>>/obj-x86_64-linux-gnu'
[ 41%] Built target nfstrace
make -f analyzers/CMakeFiles/testanalyzer.dir/build.make analyzers/CMakeFiles/testanalyzer.dir/depend
make[3]: Entering directory '/<<PKGBUILDDIR>>/obj-x86_64-linux-gnu'
cd /<<PKGBUILDDIR>>/obj-x86_64-linux-gnu && /usr/bin/cmake -E cmake_depends "Unix Makefiles" /<<PKGBUILDDIR>> /<<PKGBUILDDIR>>/analyzers /<<PKGBUILDDIR>>/obj-x86_64-linux-gnu /<<PKGBUILDDIR>>/obj-x86_64-linux-gnu/analyzers /<<PKGBUILDDIR>>/obj-x86_64-linux-gnu/analyzers/CMakeFiles/testanalyzer.dir/DependInfo.cmake --color=
Scanning dependencies of target testanalyzer
make[3]: Leaving directory '/<<PKGBUILDDIR>>/obj-x86_64-linux-gnu'
make -f analyzers/CMakeFiles/testanalyzer.dir/build.make analyzers/CMakeFiles/testanalyzer.dir/build
make[3]: Entering directory '/<<PKGBUILDDIR>>/obj-x86_64-linux-gnu'
[ 42%] Building CXX object analyzers/CMakeFiles/testanalyzer.dir/src/test/test_analyzer.cpp.o
cd /<<PKGBUILDDIR>>/obj-x86_64-linux-gnu/analyzers && /usr/bin/c++  -Dtestanalyzer_EXPORTS -I/<<PKGBUILDDIR>>/src  -g -O2 -fdebug-prefix-map=/<<PKGBUILDDIR>>=. -fstack-protector-strong -Wformat -Werror=format-security -Wdate-time -D_FORTIFY_SOURCE=2 -std=c++14 -pedantic -Wall -Werror -Wextra -Wno-invalid-offsetof -Wno-braced-scalar-init -fPIC -fvisibility=hidden -fPIC   -o CMakeFiles/testanalyzer.dir/src/test/test_analyzer.cpp.o -c /<<PKGBUILDDIR>>/analyzers/src/test/test_analyzer.cpp
[ 44%] Linking CXX shared module libtestanalyzer.so
cd /<<PKGBUILDDIR>>/obj-x86_64-linux-gnu/analyzers && /usr/bin/cmake -E cmake_link_script CMakeFiles/testanalyzer.dir/link.txt --verbose=1
/usr/bin/c++ -fPIC -g -O2 -fdebug-prefix-map=/<<PKGBUILDDIR>>=. -fstack-protector-strong -Wformat -Werror=format-security -Wdate-time -D_FORTIFY_SOURCE=2 -std=c++14 -pedantic -Wall -Werror -Wextra -Wno-invalid-offsetof -Wno-braced-scalar-init -fPIC -fvisibility=hidden -Wl,-z,relro -shared  -o libtestanalyzer.so CMakeFiles/testanalyzer.dir/src/test/test_analyzer.cpp.o 
make[3]: Leaving directory '/<<PKGBUILDDIR>>/obj-x86_64-linux-gnu'
[ 44%] Built target testanalyzer
make -f analyzers/src/watch/CMakeFiles/watch.dir/build.make analyzers/src/watch/CMakeFiles/watch.dir/depend
make[3]: Entering directory '/<<PKGBUILDDIR>>/obj-x86_64-linux-gnu'
cd /<<PKGBUILDDIR>>/obj-x86_64-linux-gnu && /usr/bin/cmake -E cmake_depends "Unix Makefiles" /<<PKGBUILDDIR>> /<<PKGBUILDDIR>>/analyzers/src/watch /<<PKGBUILDDIR>>/obj-x86_64-linux-gnu /<<PKGBUILDDIR>>/obj-x86_64-linux-gnu/analyzers/src/watch /<<PKGBUILDDIR>>/obj-x86_64-linux-gnu/analyzers/src/watch/CMakeFiles/watch.dir/DependInfo.cmake --color=
Scanning dependencies of target watch
make[3]: Leaving directory '/<<PKGBUILDDIR>>/obj-x86_64-linux-gnu'
make -f analyzers/src/watch/CMakeFiles/watch.dir/build.make analyzers/src/watch/CMakeFiles/watch.dir/build
make[3]: Entering directory '/<<PKGBUILDDIR>>/obj-x86_64-linux-gnu'
[ 45%] Building CXX object analyzers/src/watch/CMakeFiles/watch.dir/nc_windows/header_window.cpp.o
cd /<<PKGBUILDDIR>>/obj-x86_64-linux-gnu/analyzers/src/watch && /usr/bin/c++  -Dwatch_EXPORTS -I/<<PKGBUILDDIR>>/src -I/<<PKGBUILDDIR>>/analyzers/src/watch  -g -O2 -fdebug-prefix-map=/<<PKGBUILDDIR>>=. -fstack-protector-strong -Wformat -Werror=format-security -Wdate-time -D_FORTIFY_SOURCE=2 -std=c++14 -pedantic -Wall -Werror -Wextra -Wno-invalid-offsetof -Wno-braced-scalar-init -fPIC -fvisibility=hidden -fPIC   -o CMakeFiles/watch.dir/nc_windows/header_window.cpp.o -c /<<PKGBUILDDIR>>/analyzers/src/watch/nc_windows/header_window.cpp
[ 47%] Building CXX object analyzers/src/watch/CMakeFiles/watch.dir/nc_windows/main_window.cpp.o
cd /<<PKGBUILDDIR>>/obj-x86_64-linux-gnu/analyzers/src/watch && /usr/bin/c++  -Dwatch_EXPORTS -I/<<PKGBUILDDIR>>/src -I/<<PKGBUILDDIR>>/analyzers/src/watch  -g -O2 -fdebug-prefix-map=/<<PKGBUILDDIR>>=. -fstack-protector-strong -Wformat -Werror=format-security -Wdate-time -D_FORTIFY_SOURCE=2 -std=c++14 -pedantic -Wall -Werror -Wextra -Wno-invalid-offsetof -Wno-braced-scalar-init -fPIC -fvisibility=hidden -fPIC   -o CMakeFiles/watch.dir/nc_windows/main_window.cpp.o -c /<<PKGBUILDDIR>>/analyzers/src/watch/nc_windows/main_window.cpp
[ 48%] Building CXX object analyzers/src/watch/CMakeFiles/watch.dir/nc_windows/statistics_window.cpp.o
cd /<<PKGBUILDDIR>>/obj-x86_64-linux-gnu/analyzers/src/watch && /usr/bin/c++  -Dwatch_EXPORTS -I/<<PKGBUILDDIR>>/src -I/<<PKGBUILDDIR>>/analyzers/src/watch  -g -O2 -fdebug-prefix-map=/<<PKGBUILDDIR>>=. -fstack-protector-strong -Wformat -Werror=format-security -Wdate-time -D_FORTIFY_SOURCE=2 -std=c++14 -pedantic -Wall -Werror -Wextra -Wno-invalid-offsetof -Wno-braced-scalar-init -fPIC -fvisibility=hidden -fPIC   -o CMakeFiles/watch.dir/nc_windows/statistics_window.cpp.o -c /<<PKGBUILDDIR>>/analyzers/src/watch/nc_windows/statistics_window.cpp
[ 50%] Building CXX object analyzers/src/watch/CMakeFiles/watch.dir/protocols/abstract_protocol.cpp.o
cd /<<PKGBUILDDIR>>/obj-x86_64-linux-gnu/analyzers/src/watch && /usr/bin/c++  -Dwatch_EXPORTS -I/<<PKGBUILDDIR>>/src -I/<<PKGBUILDDIR>>/analyzers/src/watch  -g -O2 -fdebug-prefix-map=/<<PKGBUILDDIR>>=. -fstack-protector-strong -Wformat -Werror=format-security -Wdate-time -D_FORTIFY_SOURCE=2 -std=c++14 -pedantic -Wall -Werror -Wextra -Wno-invalid-offsetof -Wno-braced-scalar-init -fPIC -fvisibility=hidden -fPIC   -o CMakeFiles/watch.dir/protocols/abstract_protocol.cpp.o -c /<<PKGBUILDDIR>>/analyzers/src/watch/protocols/abstract_protocol.cpp
[ 51%] Building CXX object analyzers/src/watch/CMakeFiles/watch.dir/protocols/cifsv1_protocol.cpp.o
cd /<<PKGBUILDDIR>>/obj-x86_64-linux-gnu/analyzers/src/watch && /usr/bin/c++  -Dwatch_EXPORTS -I/<<PKGBUILDDIR>>/src -I/<<PKGBUILDDIR>>/analyzers/src/watch  -g -O2 -fdebug-prefix-map=/<<PKGBUILDDIR>>=. -fstack-protector-strong -Wformat -Werror=format-security -Wdate-time -D_FORTIFY_SOURCE=2 -std=c++14 -pedantic -Wall -Werror -Wextra -Wno-invalid-offsetof -Wno-braced-scalar-init -fPIC -fvisibility=hidden -fPIC   -o CMakeFiles/watch.dir/protocols/cifsv1_protocol.cpp.o -c /<<PKGBUILDDIR>>/analyzers/src/watch/protocols/cifsv1_protocol.cpp
[ 52%] Building CXX object analyzers/src/watch/CMakeFiles/watch.dir/protocols/cifsv2_protocol.cpp.o
cd /<<PKGBUILDDIR>>/obj-x86_64-linux-gnu/analyzers/src/watch && /usr/bin/c++  -Dwatch_EXPORTS -I/<<PKGBUILDDIR>>/src -I/<<PKGBUILDDIR>>/analyzers/src/watch  -g -O2 -fdebug-prefix-map=/<<PKGBUILDDIR>>=. -fstack-protector-strong -Wformat -Werror=format-security -Wdate-time -D_FORTIFY_SOURCE=2 -std=c++14 -pedantic -Wall -Werror -Wextra -Wno-invalid-offsetof -Wno-braced-scalar-init -fPIC -fvisibility=hidden -fPIC   -o CMakeFiles/watch.dir/protocols/cifsv2_protocol.cpp.o -c /<<PKGBUILDDIR>>/analyzers/src/watch/protocols/cifsv2_protocol.cpp
[ 54%] Building CXX object analyzers/src/watch/CMakeFiles/watch.dir/protocols/nfsv3_protocol.cpp.o
cd /<<PKGBUILDDIR>>/obj-x86_64-linux-gnu/analyzers/src/watch && /usr/bin/c++  -Dwatch_EXPORTS -I/<<PKGBUILDDIR>>/src -I/<<PKGBUILDDIR>>/analyzers/src/watch  -g -O2 -fdebug-prefix-map=/<<PKGBUILDDIR>>=. -fstack-protector-strong -Wformat -Werror=format-security -Wdate-time -D_FORTIFY_SOURCE=2 -std=c++14 -pedantic -Wall -Werror -Wextra -Wno-invalid-offsetof -Wno-braced-scalar-init -fPIC -fvisibility=hidden -fPIC   -o CMakeFiles/watch.dir/protocols/nfsv3_protocol.cpp.o -c /<<PKGBUILDDIR>>/analyzers/src/watch/protocols/nfsv3_protocol.cpp
[ 55%] Building CXX object analyzers/src/watch/CMakeFiles/watch.dir/protocols/nfsv41_protocol.cpp.o
cd /<<PKGBUILDDIR>>/obj-x86_64-linux-gnu/analyzers/src/watch && /usr/bin/c++  -Dwatch_EXPORTS -I/<<PKGBUILDDIR>>/src -I/<<PKGBUILDDIR>>/analyzers/src/watch  -g -O2 -fdebug-prefix-map=/<<PKGBUILDDIR>>=. -fstack-protector-strong -Wformat -Werror=format-security -Wdate-time -D_FORTIFY_SOURCE=2 -std=c++14 -pedantic -Wall -Werror -Wextra -Wno-invalid-offsetof -Wno-braced-scalar-init -fPIC -fvisibility=hidden -fPIC   -o CMakeFiles/watch.dir/protocols/nfsv41_protocol.cpp.o -c /<<PKGBUILDDIR>>/analyzers/src/watch/protocols/nfsv41_protocol.cpp
[ 57%] Building CXX object analyzers/src/watch/CMakeFiles/watch.dir/protocols/nfsv4_protocol.cpp.o
cd /<<PKGBUILDDIR>>/obj-x86_64-linux-gnu/analyzers/src/watch && /usr/bin/c++  -Dwatch_EXPORTS -I/<<PKGBUILDDIR>>/src -I/<<PKGBUILDDIR>>/analyzers/src/watch  -g -O2 -fdebug-prefix-map=/<<PKGBUILDDIR>>=. -fstack-protector-strong -Wformat -Werror=format-security -Wdate-time -D_FORTIFY_SOURCE=2 -std=c++14 -pedantic -Wall -Werror -Wextra -Wno-invalid-offsetof -Wno-braced-scalar-init -fPIC -fvisibility=hidden -fPIC   -o CMakeFiles/watch.dir/protocols/nfsv4_protocol.cpp.o -c /<<PKGBUILDDIR>>/analyzers/src/watch/protocols/nfsv4_protocol.cpp
[ 58%] Building CXX object analyzers/src/watch/CMakeFiles/watch.dir/user_gui.cpp.o
cd /<<PKGBUILDDIR>>/obj-x86_64-linux-gnu/analyzers/src/watch && /usr/bin/c++  -Dwatch_EXPORTS -I/<<PKGBUILDDIR>>/src -I/<<PKGBUILDDIR>>/analyzers/src/watch  -g -O2 -fdebug-prefix-map=/<<PKGBUILDDIR>>=. -fstack-protector-strong -Wformat -Werror=format-security -Wdate-time -D_FORTIFY_SOURCE=2 -std=c++14 -pedantic -Wall -Werror -Wextra -Wno-invalid-offsetof -Wno-braced-scalar-init -fPIC -fvisibility=hidden -fPIC   -o CMakeFiles/watch.dir/user_gui.cpp.o -c /<<PKGBUILDDIR>>/analyzers/src/watch/user_gui.cpp
[ 60%] Building CXX object analyzers/src/watch/CMakeFiles/watch.dir/watch_analyzer.cpp.o
cd /<<PKGBUILDDIR>>/obj-x86_64-linux-gnu/analyzers/src/watch && /usr/bin/c++  -Dwatch_EXPORTS -I/<<PKGBUILDDIR>>/src -I/<<PKGBUILDDIR>>/analyzers/src/watch  -g -O2 -fdebug-prefix-map=/<<PKGBUILDDIR>>=. -fstack-protector-strong -Wformat -Werror=format-security -Wdate-time -D_FORTIFY_SOURCE=2 -std=c++14 -pedantic -Wall -Werror -Wextra -Wno-invalid-offsetof -Wno-braced-scalar-init -fPIC -fvisibility=hidden -fPIC   -o CMakeFiles/watch.dir/watch_analyzer.cpp.o -c /<<PKGBUILDDIR>>/analyzers/src/watch/watch_analyzer.cpp
[ 61%] Linking CXX shared library ../../libwatch.so
cd /<<PKGBUILDDIR>>/obj-x86_64-linux-gnu/analyzers/src/watch && /usr/bin/cmake -E cmake_link_script CMakeFiles/watch.dir/link.txt --verbose=1
/usr/bin/c++ -fPIC -g -O2 -fdebug-prefix-map=/<<PKGBUILDDIR>>=. -fstack-protector-strong -Wformat -Werror=format-security -Wdate-time -D_FORTIFY_SOURCE=2 -std=c++14 -pedantic -Wall -Werror -Wextra -Wno-invalid-offsetof -Wno-braced-scalar-init -fPIC -fvisibility=hidden -Wl,-z,relro -shared  -o ../../libwatch.so CMakeFiles/watch.dir/nc_windows/header_window.cpp.o CMakeFiles/watch.dir/nc_windows/main_window.cpp.o CMakeFiles/watch.dir/nc_windows/statistics_window.cpp.o CMakeFiles/watch.dir/protocols/abstract_protocol.cpp.o CMakeFiles/watch.dir/protocols/cifsv1_protocol.cpp.o CMakeFiles/watch.dir/protocols/cifsv2_protocol.cpp.o CMakeFiles/watch.dir/protocols/nfsv3_protocol.cpp.o CMakeFiles/watch.dir/protocols/nfsv41_protocol.cpp.o CMakeFiles/watch.dir/protocols/nfsv4_protocol.cpp.o CMakeFiles/watch.dir/user_gui.cpp.o CMakeFiles/watch.dir/watch_analyzer.cpp.o -lncurses -lform 
make[3]: Leaving directory '/<<PKGBUILDDIR>>/obj-x86_64-linux-gnu'
[ 61%] Built target watch
make -f analyzers/src/breakdown/CMakeFiles/breakdown.dir/build.make analyzers/src/breakdown/CMakeFiles/breakdown.dir/depend
make[3]: Entering directory '/<<PKGBUILDDIR>>/obj-x86_64-linux-gnu'
cd /<<PKGBUILDDIR>>/obj-x86_64-linux-gnu && /usr/bin/cmake -E cmake_depends "Unix Makefiles" /<<PKGBUILDDIR>> /<<PKGBUILDDIR>>/analyzers/src/breakdown /<<PKGBUILDDIR>>/obj-x86_64-linux-gnu /<<PKGBUILDDIR>>/obj-x86_64-linux-gnu/analyzers/src/breakdown /<<PKGBUILDDIR>>/obj-x86_64-linux-gnu/analyzers/src/breakdown/CMakeFiles/breakdown.dir/DependInfo.cmake --color=
Scanning dependencies of target breakdown
make[3]: Leaving directory '/<<PKGBUILDDIR>>/obj-x86_64-linux-gnu'
make -f analyzers/src/breakdown/CMakeFiles/breakdown.dir/build.make analyzers/src/breakdown/CMakeFiles/breakdown.dir/build
make[3]: Entering directory '/<<PKGBUILDDIR>>/obj-x86_64-linux-gnu'
[ 63%] Building CXX object analyzers/src/breakdown/CMakeFiles/breakdown.dir/analyzer.cpp.o
cd /<<PKGBUILDDIR>>/obj-x86_64-linux-gnu/analyzers/src/breakdown && /usr/bin/c++  -Dbreakdown_EXPORTS -I/<<PKGBUILDDIR>>/src  -g -O2 -fdebug-prefix-map=/<<PKGBUILDDIR>>=. -fstack-protector-strong -Wformat -Werror=format-security -Wdate-time -D_FORTIFY_SOURCE=2 -std=c++14 -pedantic -Wall -Werror -Wextra -Wno-invalid-offsetof -Wno-braced-scalar-init -fPIC -fvisibility=hidden -fPIC   -o CMakeFiles/breakdown.dir/analyzer.cpp.o -c /<<PKGBUILDDIR>>/analyzers/src/breakdown/analyzer.cpp
[ 64%] Building CXX object analyzers/src/breakdown/CMakeFiles/breakdown.dir/breakdowncounter.cpp.o
cd /<<PKGBUILDDIR>>/obj-x86_64-linux-gnu/analyzers/src/breakdown && /usr/bin/c++  -Dbreakdown_EXPORTS -I/<<PKGBUILDDIR>>/src  -g -O2 -fdebug-prefix-map=/<<PKGBUILDDIR>>=. -fstack-protector-strong -Wformat -Werror=format-security -Wdate-time -D_FORTIFY_SOURCE=2 -std=c++14 -pedantic -Wall -Werror -Wextra -Wno-invalid-offsetof -Wno-braced-scalar-init -fPIC -fvisibility=hidden -fPIC   -o CMakeFiles/breakdown.dir/breakdowncounter.cpp.o -c /<<PKGBUILDDIR>>/analyzers/src/breakdown/breakdowncounter.cpp
[ 66%] Building CXX object analyzers/src/breakdown/CMakeFiles/breakdown.dir/cifsv1breakdownanalyzer.cpp.o
cd /<<PKGBUILDDIR>>/obj-x86_64-linux-gnu/analyzers/src/breakdown && /usr/bin/c++  -Dbreakdown_EXPORTS -I/<<PKGBUILDDIR>>/src  -g -O2 -fdebug-prefix-map=/<<PKGBUILDDIR>>=. -fstack-protector-strong -Wformat -Werror=format-security -Wdate-time -D_FORTIFY_SOURCE=2 -std=c++14 -pedantic -Wall -Werror -Wextra -Wno-invalid-offsetof -Wno-braced-scalar-init -fPIC -fvisibility=hidden -fPIC   -o CMakeFiles/breakdown.dir/cifsv1breakdownanalyzer.cpp.o -c /<<PKGBUILDDIR>>/analyzers/src/breakdown/cifsv1breakdownanalyzer.cpp
[ 67%] Building CXX object analyzers/src/breakdown/CMakeFiles/breakdown.dir/cifsv1commands.cpp.o
cd /<<PKGBUILDDIR>>/obj-x86_64-linux-gnu/analyzers/src/breakdown && /usr/bin/c++  -Dbreakdown_EXPORTS -I/<<PKGBUILDDIR>>/src  -g -O2 -fdebug-prefix-map=/<<PKGBUILDDIR>>=. -fstack-protector-strong -Wformat -Werror=format-security -Wdate-time -D_FORTIFY_SOURCE=2 -std=c++14 -pedantic -Wall -Werror -Wextra -Wno-invalid-offsetof -Wno-braced-scalar-init -fPIC -fvisibility=hidden -fPIC   -o CMakeFiles/breakdown.dir/cifsv1commands.cpp.o -c /<<PKGBUILDDIR>>/analyzers/src/breakdown/cifsv1commands.cpp
[ 69%] Building CXX object analyzers/src/breakdown/CMakeFiles/breakdown.dir/cifsv2breakdownanalyzer.cpp.o
cd /<<PKGBUILDDIR>>/obj-x86_64-linux-gnu/analyzers/src/breakdown && /usr/bin/c++  -Dbreakdown_EXPORTS -I/<<PKGBUILDDIR>>/src  -g -O2 -fdebug-prefix-map=/<<PKGBUILDDIR>>=. -fstack-protector-strong -Wformat -Werror=format-security -Wdate-time -D_FORTIFY_SOURCE=2 -std=c++14 -pedantic -Wall -Werror -Wextra -Wno-invalid-offsetof -Wno-braced-scalar-init -fPIC -fvisibility=hidden -fPIC   -o CMakeFiles/breakdown.dir/cifsv2breakdownanalyzer.cpp.o -c /<<PKGBUILDDIR>>/analyzers/src/breakdown/cifsv2breakdownanalyzer.cpp
[ 70%] Building CXX object analyzers/src/breakdown/CMakeFiles/breakdown.dir/cifsv2commands.cpp.o
cd /<<PKGBUILDDIR>>/obj-x86_64-linux-gnu/analyzers/src/breakdown && /usr/bin/c++  -Dbreakdown_EXPORTS -I/<<PKGBUILDDIR>>/src  -g -O2 -fdebug-prefix-map=/<<PKGBUILDDIR>>=. -fstack-protector-strong -Wformat -Werror=format-security -Wdate-time -D_FORTIFY_SOURCE=2 -std=c++14 -pedantic -Wall -Werror -Wextra -Wno-invalid-offsetof -Wno-braced-scalar-init -fPIC -fvisibility=hidden -fPIC   -o CMakeFiles/breakdown.dir/cifsv2commands.cpp.o -c /<<PKGBUILDDIR>>/analyzers/src/breakdown/cifsv2commands.cpp
[ 72%] Building CXX object analyzers/src/breakdown/CMakeFiles/breakdown.dir/latencies.cpp.o
cd /<<PKGBUILDDIR>>/obj-x86_64-linux-gnu/analyzers/src/breakdown && /usr/bin/c++  -Dbreakdown_EXPORTS -I/<<PKGBUILDDIR>>/src  -g -O2 -fdebug-prefix-map=/<<PKGBUILDDIR>>=. -fstack-protector-strong -Wformat -Werror=format-security -Wdate-time -D_FORTIFY_SOURCE=2 -std=c++14 -pedantic -Wall -Werror -Wextra -Wno-invalid-offsetof -Wno-braced-scalar-init -fPIC -fvisibility=hidden -fPIC   -o CMakeFiles/breakdown.dir/latencies.cpp.o -c /<<PKGBUILDDIR>>/analyzers/src/breakdown/latencies.cpp
[ 73%] Building CXX object analyzers/src/breakdown/CMakeFiles/breakdown.dir/nfsv3breakdownanalyzer.cpp.o
cd /<<PKGBUILDDIR>>/obj-x86_64-linux-gnu/analyzers/src/breakdown && /usr/bin/c++  -Dbreakdown_EXPORTS -I/<<PKGBUILDDIR>>/src  -g -O2 -fdebug-prefix-map=/<<PKGBUILDDIR>>=. -fstack-protector-strong -Wformat -Werror=format-security -Wdate-time -D_FORTIFY_SOURCE=2 -std=c++14 -pedantic -Wall -Werror -Wextra -Wno-invalid-offsetof -Wno-braced-scalar-init -fPIC -fvisibility=hidden -fPIC   -o CMakeFiles/breakdown.dir/nfsv3breakdownanalyzer.cpp.o -c /<<PKGBUILDDIR>>/analyzers/src/breakdown/nfsv3breakdownanalyzer.cpp
[ 75%] Building CXX object analyzers/src/breakdown/CMakeFiles/breakdown.dir/nfsv3commands.cpp.o
cd /<<PKGBUILDDIR>>/obj-x86_64-linux-gnu/analyzers/src/breakdown && /usr/bin/c++  -Dbreakdown_EXPORTS -I/<<PKGBUILDDIR>>/src  -g -O2 -fdebug-prefix-map=/<<PKGBUILDDIR>>=. -fstack-protector-strong -Wformat -Werror=format-security -Wdate-time -D_FORTIFY_SOURCE=2 -std=c++14 -pedantic -Wall -Werror -Wextra -Wno-invalid-offsetof -Wno-braced-scalar-init -fPIC -fvisibility=hidden -fPIC   -o CMakeFiles/breakdown.dir/nfsv3commands.cpp.o -c /<<PKGBUILDDIR>>/analyzers/src/breakdown/nfsv3commands.cpp
[ 76%] Building CXX object analyzers/src/breakdown/CMakeFiles/breakdown.dir/nfsv41breakdownanalyzer.cpp.o
cd /<<PKGBUILDDIR>>/obj-x86_64-linux-gnu/analyzers/src/breakdown && /usr/bin/c++  -Dbreakdown_EXPORTS -I/<<PKGBUILDDIR>>/src  -g -O2 -fdebug-prefix-map=/<<PKGBUILDDIR>>=. -fstack-protector-strong -Wformat -Werror=format-security -Wdate-time -D_FORTIFY_SOURCE=2 -std=c++14 -pedantic -Wall -Werror -Wextra -Wno-invalid-offsetof -Wno-braced-scalar-init -fPIC -fvisibility=hidden -fPIC   -o CMakeFiles/breakdown.dir/nfsv41breakdownanalyzer.cpp.o -c /<<PKGBUILDDIR>>/analyzers/src/breakdown/nfsv41breakdownanalyzer.cpp
[ 77%] Building CXX object analyzers/src/breakdown/CMakeFiles/breakdown.dir/nfsv41commands.cpp.o
cd /<<PKGBUILDDIR>>/obj-x86_64-linux-gnu/analyzers/src/breakdown && /usr/bin/c++  -Dbreakdown_EXPORTS -I/<<PKGBUILDDIR>>/src  -g -O2 -fdebug-prefix-map=/<<PKGBUILDDIR>>=. -fstack-protector-strong -Wformat -Werror=format-security -Wdate-time -D_FORTIFY_SOURCE=2 -std=c++14 -pedantic -Wall -Werror -Wextra -Wno-invalid-offsetof -Wno-braced-scalar-init -fPIC -fvisibility=hidden -fPIC   -o CMakeFiles/breakdown.dir/nfsv41commands.cpp.o -c /<<PKGBUILDDIR>>/analyzers/src/breakdown/nfsv41commands.cpp
[ 79%] Building CXX object analyzers/src/breakdown/CMakeFiles/breakdown.dir/nfsv4breakdownanalyzer.cpp.o
cd /<<PKGBUILDDIR>>/obj-x86_64-linux-gnu/analyzers/src/breakdown && /usr/bin/c++  -Dbreakdown_EXPORTS -I/<<PKGBUILDDIR>>/src  -g -O2 -fdebug-prefix-map=/<<PKGBUILDDIR>>=. -fstack-protector-strong -Wformat -Werror=format-security -Wdate-time -D_FORTIFY_SOURCE=2 -std=c++14 -pedantic -Wall -Werror -Wextra -Wno-invalid-offsetof -Wno-braced-scalar-init -fPIC -fvisibility=hidden -fPIC   -o CMakeFiles/breakdown.dir/nfsv4breakdownanalyzer.cpp.o -c /<<PKGBUILDDIR>>/analyzers/src/breakdown/nfsv4breakdownanalyzer.cpp
[ 80%] Building CXX object analyzers/src/breakdown/CMakeFiles/breakdown.dir/nfsv4commands.cpp.o
cd /<<PKGBUILDDIR>>/obj-x86_64-linux-gnu/analyzers/src/breakdown && /usr/bin/c++  -Dbreakdown_EXPORTS -I/<<PKGBUILDDIR>>/src  -g -O2 -fdebug-prefix-map=/<<PKGBUILDDIR>>=. -fstack-protector-strong -Wformat -Werror=format-security -Wdate-time -D_FORTIFY_SOURCE=2 -std=c++14 -pedantic -Wall -Werror -Wextra -Wno-invalid-offsetof -Wno-braced-scalar-init -fPIC -fvisibility=hidden -fPIC   -o CMakeFiles/breakdown.dir/nfsv4commands.cpp.o -c /<<PKGBUILDDIR>>/analyzers/src/breakdown/nfsv4commands.cpp
[ 82%] Building CXX object analyzers/src/breakdown/CMakeFiles/breakdown.dir/nfsv4representer.cpp.o
cd /<<PKGBUILDDIR>>/obj-x86_64-linux-gnu/analyzers/src/breakdown && /usr/bin/c++  -Dbreakdown_EXPORTS -I/<<PKGBUILDDIR>>/src  -g -O2 -fdebug-prefix-map=/<<PKGBUILDDIR>>=. -fstack-protector-strong -Wformat -Werror=format-security -Wdate-time -D_FORTIFY_SOURCE=2 -std=c++14 -pedantic -Wall -Werror -Wextra -Wno-invalid-offsetof -Wno-braced-scalar-init -fPIC -fvisibility=hidden -fPIC   -o CMakeFiles/breakdown.dir/nfsv4representer.cpp.o -c /<<PKGBUILDDIR>>/analyzers/src/breakdown/nfsv4representer.cpp
[ 83%] Building CXX object analyzers/src/breakdown/CMakeFiles/breakdown.dir/representer.cpp.o
cd /<<PKGBUILDDIR>>/obj-x86_64-linux-gnu/analyzers/src/breakdown && /usr/bin/c++  -Dbreakdown_EXPORTS -I/<<PKGBUILDDIR>>/src  -g -O2 -fdebug-prefix-map=/<<PKGBUILDDIR>>=. -fstack-protector-strong -Wformat -Werror=format-security -Wdate-time -D_FORTIFY_SOURCE=2 -std=c++14 -pedantic -Wall -Werror -Wextra -Wno-invalid-offsetof -Wno-braced-scalar-init -fPIC -fvisibility=hidden -fPIC   -o CMakeFiles/breakdown.dir/representer.cpp.o -c /<<PKGBUILDDIR>>/analyzers/src/breakdown/representer.cpp
[ 85%] Building CXX object analyzers/src/breakdown/CMakeFiles/breakdown.dir/statistics.cpp.o
cd /<<PKGBUILDDIR>>/obj-x86_64-linux-gnu/analyzers/src/breakdown && /usr/bin/c++  -Dbreakdown_EXPORTS -I/<<PKGBUILDDIR>>/src  -g -O2 -fdebug-prefix-map=/<<PKGBUILDDIR>>=. -fstack-protector-strong -Wformat -Werror=format-security -Wdate-time -D_FORTIFY_SOURCE=2 -std=c++14 -pedantic -Wall -Werror -Wextra -Wno-invalid-offsetof -Wno-braced-scalar-init -fPIC -fvisibility=hidden -fPIC   -o CMakeFiles/breakdown.dir/statistics.cpp.o -c /<<PKGBUILDDIR>>/analyzers/src/breakdown/statistics.cpp
[ 86%] Building CXX object analyzers/src/breakdown/CMakeFiles/breakdown.dir/statisticscompositor.cpp.o
cd /<<PKGBUILDDIR>>/obj-x86_64-linux-gnu/analyzers/src/breakdown && /usr/bin/c++  -Dbreakdown_EXPORTS -I/<<PKGBUILDDIR>>/src  -g -O2 -fdebug-prefix-map=/<<PKGBUILDDIR>>=. -fstack-protector-strong -Wformat -Werror=format-security -Wdate-time -D_FORTIFY_SOURCE=2 -std=c++14 -pedantic -Wall -Werror -Wextra -Wno-invalid-offsetof -Wno-braced-scalar-init -fPIC -fvisibility=hidden -fPIC   -o CMakeFiles/breakdown.dir/statisticscompositor.cpp.o -c /<<PKGBUILDDIR>>/analyzers/src/breakdown/statisticscompositor.cpp
[ 88%] Linking CXX shared library ../../libbreakdown.so
cd /<<PKGBUILDDIR>>/obj-x86_64-linux-gnu/analyzers/src/breakdown && /usr/bin/cmake -E cmake_link_script CMakeFiles/breakdown.dir/link.txt --verbose=1
/usr/bin/c++ -fPIC -g -O2 -fdebug-prefix-map=/<<PKGBUILDDIR>>=. -fstack-protector-strong -Wformat -Werror=format-security -Wdate-time -D_FORTIFY_SOURCE=2 -std=c++14 -pedantic -Wall -Werror -Wextra -Wno-invalid-offsetof -Wno-braced-scalar-init -fPIC -fvisibility=hidden -Wl,-z,relro -shared  -o ../../libbreakdown.so CMakeFiles/breakdown.dir/analyzer.cpp.o CMakeFiles/breakdown.dir/breakdowncounter.cpp.o CMakeFiles/breakdown.dir/cifsv1breakdownanalyzer.cpp.o CMakeFiles/breakdown.dir/cifsv1commands.cpp.o CMakeFiles/breakdown.dir/cifsv2breakdownanalyzer.cpp.o CMakeFiles/breakdown.dir/cifsv2commands.cpp.o CMakeFiles/breakdown.dir/latencies.cpp.o CMakeFiles/breakdown.dir/nfsv3breakdownanalyzer.cpp.o CMakeFiles/breakdown.dir/nfsv3commands.cpp.o CMakeFiles/breakdown.dir/nfsv41breakdownanalyzer.cpp.o CMakeFiles/breakdown.dir/nfsv41commands.cpp.o CMakeFiles/breakdown.dir/nfsv4breakdownanalyzer.cpp.o CMakeFiles/breakdown.dir/nfsv4commands.cpp.o CMakeFiles/breakdown.dir/nfsv4representer.cpp.o CMakeFiles/breakdown.dir/representer.cpp.o CMakeFiles/breakdown.dir/statistics.cpp.o CMakeFiles/breakdown.dir/statisticscompositor.cpp.o 
make[3]: Leaving directory '/<<PKGBUILDDIR>>/obj-x86_64-linux-gnu'
[ 88%] Built target breakdown
make -f analyzers/src/json/CMakeFiles/json.dir/build.make analyzers/src/json/CMakeFiles/json.dir/depend
make[3]: Entering directory '/<<PKGBUILDDIR>>/obj-x86_64-linux-gnu'
cd /<<PKGBUILDDIR>>/obj-x86_64-linux-gnu && /usr/bin/cmake -E cmake_depends "Unix Makefiles" /<<PKGBUILDDIR>> /<<PKGBUILDDIR>>/analyzers/src/json /<<PKGBUILDDIR>>/obj-x86_64-linux-gnu /<<PKGBUILDDIR>>/obj-x86_64-linux-gnu/analyzers/src/json /<<PKGBUILDDIR>>/obj-x86_64-linux-gnu/analyzers/src/json/CMakeFiles/json.dir/DependInfo.cmake --color=
Scanning dependencies of target json
make[3]: Leaving directory '/<<PKGBUILDDIR>>/obj-x86_64-linux-gnu'
make -f analyzers/src/json/CMakeFiles/json.dir/build.make analyzers/src/json/CMakeFiles/json.dir/build
make[3]: Entering directory '/<<PKGBUILDDIR>>/obj-x86_64-linux-gnu'
[ 89%] Building CXX object analyzers/src/json/CMakeFiles/json.dir/abstract_tcp_service.cpp.o
cd /<<PKGBUILDDIR>>/obj-x86_64-linux-gnu/analyzers/src/json && /usr/bin/c++  -Djson_EXPORTS -I/<<PKGBUILDDIR>>/src -I/usr/include/json-c  -g -O2 -fdebug-prefix-map=/<<PKGBUILDDIR>>=. -fstack-protector-strong -Wformat -Werror=format-security -Wdate-time -D_FORTIFY_SOURCE=2 -std=c++14 -pedantic -Wall -Werror -Wextra -Wno-invalid-offsetof -Wno-braced-scalar-init -fPIC -fvisibility=hidden -fPIC   -o CMakeFiles/json.dir/abstract_tcp_service.cpp.o -c /<<PKGBUILDDIR>>/analyzers/src/json/abstract_tcp_service.cpp
[ 91%] Building CXX object analyzers/src/json/CMakeFiles/json.dir/ip_endpoint.cpp.o
cd /<<PKGBUILDDIR>>/obj-x86_64-linux-gnu/analyzers/src/json && /usr/bin/c++  -Djson_EXPORTS -I/<<PKGBUILDDIR>>/src -I/usr/include/json-c  -g -O2 -fdebug-prefix-map=/<<PKGBUILDDIR>>=. -fstack-protector-strong -Wformat -Werror=format-security -Wdate-time -D_FORTIFY_SOURCE=2 -std=c++14 -pedantic -Wall -Werror -Wextra -Wno-invalid-offsetof -Wno-braced-scalar-init -fPIC -fvisibility=hidden -fPIC   -o CMakeFiles/json.dir/ip_endpoint.cpp.o -c /<<PKGBUILDDIR>>/analyzers/src/json/ip_endpoint.cpp
[ 92%] Building CXX object analyzers/src/json/CMakeFiles/json.dir/json_analyzer.cpp.o
cd /<<PKGBUILDDIR>>/obj-x86_64-linux-gnu/analyzers/src/json && /usr/bin/c++  -Djson_EXPORTS -I/<<PKGBUILDDIR>>/src -I/usr/include/json-c  -g -O2 -fdebug-prefix-map=/<<PKGBUILDDIR>>=. -fstack-protector-strong -Wformat -Werror=format-security -Wdate-time -D_FORTIFY_SOURCE=2 -std=c++14 -pedantic -Wall -Werror -Wextra -Wno-invalid-offsetof -Wno-braced-scalar-init -fPIC -fvisibility=hidden -fPIC   -o CMakeFiles/json.dir/json_analyzer.cpp.o -c /<<PKGBUILDDIR>>/analyzers/src/json/json_analyzer.cpp
[ 94%] Building CXX object analyzers/src/json/CMakeFiles/json.dir/json_plugin.cpp.o
cd /<<PKGBUILDDIR>>/obj-x86_64-linux-gnu/analyzers/src/json && /usr/bin/c++  -Djson_EXPORTS -I/<<PKGBUILDDIR>>/src -I/usr/include/json-c  -g -O2 -fdebug-prefix-map=/<<PKGBUILDDIR>>=. -fstack-protector-strong -Wformat -Werror=format-security -Wdate-time -D_FORTIFY_SOURCE=2 -std=c++14 -pedantic -Wall -Werror -Wextra -Wno-invalid-offsetof -Wno-braced-scalar-init -fPIC -fvisibility=hidden -fPIC   -o CMakeFiles/json.dir/json_plugin.cpp.o -c /<<PKGBUILDDIR>>/analyzers/src/json/json_plugin.cpp
[ 95%] Building CXX object analyzers/src/json/CMakeFiles/json.dir/json_tcp_service.cpp.o
cd /<<PKGBUILDDIR>>/obj-x86_64-linux-gnu/analyzers/src/json && /usr/bin/c++  -Djson_EXPORTS -I/<<PKGBUILDDIR>>/src -I/usr/include/json-c  -g -O2 -fdebug-prefix-map=/<<PKGBUILDDIR>>=. -fstack-protector-strong -Wformat -Werror=format-security -Wdate-time -D_FORTIFY_SOURCE=2 -std=c++14 -pedantic -Wall -Werror -Wextra -Wno-invalid-offsetof -Wno-braced-scalar-init -fPIC -fvisibility=hidden -fPIC   -o CMakeFiles/json.dir/json_tcp_service.cpp.o -c /<<PKGBUILDDIR>>/analyzers/src/json/json_tcp_service.cpp
[ 97%] Building CXX object analyzers/src/json/CMakeFiles/json.dir/__/__/__/src/utils/log.cpp.o
cd /<<PKGBUILDDIR>>/obj-x86_64-linux-gnu/analyzers/src/json && /usr/bin/c++  -Djson_EXPORTS -I/<<PKGBUILDDIR>>/src -I/usr/include/json-c  -g -O2 -fdebug-prefix-map=/<<PKGBUILDDIR>>=. -fstack-protector-strong -Wformat -Werror=format-security -Wdate-time -D_FORTIFY_SOURCE=2 -std=c++14 -pedantic -Wall -Werror -Wextra -Wno-invalid-offsetof -Wno-braced-scalar-init -fPIC -fvisibility=hidden -fPIC   -o CMakeFiles/json.dir/__/__/__/src/utils/log.cpp.o -c /<<PKGBUILDDIR>>/src/utils/log.cpp
[ 98%] Building CXX object analyzers/src/json/CMakeFiles/json.dir/__/__/__/src/utils/out.cpp.o
cd /<<PKGBUILDDIR>>/obj-x86_64-linux-gnu/analyzers/src/json && /usr/bin/c++  -Djson_EXPORTS -I/<<PKGBUILDDIR>>/src -I/usr/include/json-c  -g -O2 -fdebug-prefix-map=/<<PKGBUILDDIR>>=. -fstack-protector-strong -Wformat -Werror=format-security -Wdate-time -D_FORTIFY_SOURCE=2 -std=c++14 -pedantic -Wall -Werror -Wextra -Wno-invalid-offsetof -Wno-braced-scalar-init -fPIC -fvisibility=hidden -fPIC   -o CMakeFiles/json.dir/__/__/__/src/utils/out.cpp.o -c /<<PKGBUILDDIR>>/src/utils/out.cpp
[100%] Linking CXX shared library ../../libjson.so
cd /<<PKGBUILDDIR>>/obj-x86_64-linux-gnu/analyzers/src/json && /usr/bin/cmake -E cmake_link_script CMakeFiles/json.dir/link.txt --verbose=1
/usr/bin/c++ -fPIC -g -O2 -fdebug-prefix-map=/<<PKGBUILDDIR>>=. -fstack-protector-strong -Wformat -Werror=format-security -Wdate-time -D_FORTIFY_SOURCE=2 -std=c++14 -pedantic -Wall -Werror -Wextra -Wno-invalid-offsetof -Wno-braced-scalar-init -fPIC -fvisibility=hidden -Wl,-z,relro -shared -Wl,-soname,libjson.so -o ../../libjson.so CMakeFiles/json.dir/abstract_tcp_service.cpp.o CMakeFiles/json.dir/ip_endpoint.cpp.o CMakeFiles/json.dir/json_analyzer.cpp.o CMakeFiles/json.dir/json_plugin.cpp.o CMakeFiles/json.dir/json_tcp_service.cpp.o CMakeFiles/json.dir/__/__/__/src/utils/log.cpp.o CMakeFiles/json.dir/__/__/__/src/utils/out.cpp.o -ljson-c 
make[3]: Leaving directory '/<<PKGBUILDDIR>>/obj-x86_64-linux-gnu'
[100%] Built target json
make[2]: Leaving directory '/<<PKGBUILDDIR>>/obj-x86_64-linux-gnu'
/usr/bin/cmake -E cmake_progress_start /<<PKGBUILDDIR>>/obj-x86_64-linux-gnu/CMakeFiles 0
make[1]: Leaving directory '/<<PKGBUILDDIR>>/obj-x86_64-linux-gnu'
   dh_auto_test -a
	cd obj-x86_64-linux-gnu && make -j1 test ARGS\+=-j1
make[1]: Entering directory '/<<PKGBUILDDIR>>/obj-x86_64-linux-gnu'
Running tests...
/usr/bin/ctest --force-new-ctest-process -j1
Test project /<<PKGBUILDDIR>>/obj-x86_64-linux-gnu
      Start  1: functional_stat:1-packet.pcap.bz2
 1/57 Test  #1: functional_stat:1-packet.pcap.bz2 ....................................   Passed    0.02 sec
      Start  2: functional_drain:1-packet.pcap.bz2
 2/57 Test  #2: functional_drain:1-packet.pcap.bz2 ...................................   Passed    0.02 sec
      Start  3: functional_out:1-packet.pcap.bz2
 3/57 Test  #3: functional_out:1-packet.pcap.bz2 .....................................   Passed    0.03 sec
      Start  4: functional_stat:2sessions-tcp-wsize32k-tcp-wsize512k.pcap.bz2
 4/57 Test  #4: functional_stat:2sessions-tcp-wsize32k-tcp-wsize512k.pcap.bz2 ........   Passed    0.18 sec
      Start  5: functional_drain:2sessions-tcp-wsize32k-tcp-wsize512k.pcap.bz2
 5/57 Test  #5: functional_drain:2sessions-tcp-wsize32k-tcp-wsize512k.pcap.bz2 .......   Passed    0.16 sec
      Start  6: functional_out:2sessions-tcp-wsize32k-tcp-wsize512k.pcap.bz2
 6/57 Test  #6: functional_out:2sessions-tcp-wsize32k-tcp-wsize512k.pcap.bz2 .........   Passed    0.16 sec
      Start  7: functional_stat:eth-ipv4-tcp-cifs2.pcap.bz2
 7/57 Test  #7: functional_stat:eth-ipv4-tcp-cifs2.pcap.bz2 ..........................   Passed    0.02 sec
      Start  8: functional_drain:eth-ipv4-tcp-cifs2.pcap.bz2
 8/57 Test  #8: functional_drain:eth-ipv4-tcp-cifs2.pcap.bz2 .........................   Passed    0.03 sec
      Start  9: functional_out:eth-ipv4-tcp-cifs2.pcap.bz2
 9/57 Test  #9: functional_out:eth-ipv4-tcp-cifs2.pcap.bz2 ...........................   Passed    0.03 sec
      Start 10: functional_stat:eth-ipv4-tcp-nfsv3-4-41-cifs1-2.pcap.bz2
10/57 Test #10: functional_stat:eth-ipv4-tcp-nfsv3-4-41-cifs1-2.pcap.bz2 .............   Passed    1.25 sec
      Start 11: functional_drain:eth-ipv4-tcp-nfsv3-4-41-cifs1-2.pcap.bz2
11/57 Test #11: functional_drain:eth-ipv4-tcp-nfsv3-4-41-cifs1-2.pcap.bz2 ............   Passed    1.23 sec
      Start 12: functional_out:eth-ipv4-tcp-nfsv3-4-41-cifs1-2.pcap.bz2
12/57 Test #12: functional_out:eth-ipv4-tcp-nfsv3-4-41-cifs1-2.pcap.bz2 ..............   Passed    1.26 sec
      Start 13: functional_stat:eth-ipv4-tcp-nfsv3-4-readdir-75k-entries.pcap.bz2
13/57 Test #13: functional_stat:eth-ipv4-tcp-nfsv3-4-readdir-75k-entries.pcap.bz2 ....   Passed    1.38 sec
      Start 14: functional_drain:eth-ipv4-tcp-nfsv3-4-readdir-75k-entries.pcap.bz2
14/57 Test #14: functional_drain:eth-ipv4-tcp-nfsv3-4-readdir-75k-entries.pcap.bz2 ...   Passed    1.40 sec
      Start 15: functional_out:eth-ipv4-tcp-nfsv3-4-readdir-75k-entries.pcap.bz2
15/57 Test #15: functional_out:eth-ipv4-tcp-nfsv3-4-readdir-75k-entries.pcap.bz2 .....   Passed    1.46 sec
      Start 16: functional_stat:eth-ipv4-tcp-nfsv3.pcap.bz2
16/57 Test #16: functional_stat:eth-ipv4-tcp-nfsv3.pcap.bz2 ..........................   Passed    0.58 sec
      Start 17: functional_drain:eth-ipv4-tcp-nfsv3.pcap.bz2
17/57 Test #17: functional_drain:eth-ipv4-tcp-nfsv3.pcap.bz2 .........................   Passed    0.56 sec
      Start 18: functional_out:eth-ipv4-tcp-nfsv3.pcap.bz2
18/57 Test #18: functional_out:eth-ipv4-tcp-nfsv3.pcap.bz2 ...........................   Passed    0.55 sec
      Start 19: functional_stat:eth-ipv4-tcp-nfsv4-incorrect_mount.pcap.bz2
19/57 Test #19: functional_stat:eth-ipv4-tcp-nfsv4-incorrect_mount.pcap.bz2 ..........   Passed    0.03 sec
      Start 20: functional_drain:eth-ipv4-tcp-nfsv4-incorrect_mount.pcap.bz2
20/57 Test #20: functional_drain:eth-ipv4-tcp-nfsv4-incorrect_mount.pcap.bz2 .........   Passed    0.02 sec
      Start 21: functional_out:eth-ipv4-tcp-nfsv4-incorrect_mount.pcap.bz2
21/57 Test #21: functional_out:eth-ipv4-tcp-nfsv4-incorrect_mount.pcap.bz2 ...........   Passed    0.03 sec
      Start 22: functional_stat:eth-ipv4-tcp-nfsv4-posix.pcap.bz2
22/57 Test #22: functional_stat:eth-ipv4-tcp-nfsv4-posix.pcap.bz2 ....................   Passed    1.43 sec
      Start 23: functional_drain:eth-ipv4-tcp-nfsv4-posix.pcap.bz2
23/57 Test #23: functional_drain:eth-ipv4-tcp-nfsv4-posix.pcap.bz2 ...................   Passed    1.35 sec
      Start 24: functional_out:eth-ipv4-tcp-nfsv4-posix.pcap.bz2
24/57 Test #24: functional_out:eth-ipv4-tcp-nfsv4-posix.pcap.bz2 .....................   Passed    1.47 sec
      Start 25: functional_stat:eth-ipv4-tcp-nfsv4.pcap.bz2
25/57 Test #25: functional_stat:eth-ipv4-tcp-nfsv4.pcap.bz2 ..........................   Passed    0.67 sec
      Start 26: functional_drain:eth-ipv4-tcp-nfsv4.pcap.bz2
26/57 Test #26: functional_drain:eth-ipv4-tcp-nfsv4.pcap.bz2 .........................   Passed    0.64 sec
      Start 27: functional_out:eth-ipv4-tcp-nfsv4.pcap.bz2
27/57 Test #27: functional_out:eth-ipv4-tcp-nfsv4.pcap.bz2 ...........................   Passed    0.65 sec
      Start 28: functional_stat:eth-ipv4-tcp-nfsv41.pcap.bz2
28/57 Test #28: functional_stat:eth-ipv4-tcp-nfsv41.pcap.bz2 .........................   Passed    0.03 sec
      Start 29: functional_drain:eth-ipv4-tcp-nfsv41.pcap.bz2
29/57 Test #29: functional_drain:eth-ipv4-tcp-nfsv41.pcap.bz2 ........................   Passed    0.03 sec
      Start 30: functional_out:eth-ipv4-tcp-nfsv41.pcap.bz2
30/57 Test #30: functional_out:eth-ipv4-tcp-nfsv41.pcap.bz2 ..........................   Passed    0.04 sec
      Start 31: functional_stat:eth-ipv4-tcp-smb2-putty.pcap.bz2
31/57 Test #31: functional_stat:eth-ipv4-tcp-smb2-putty.pcap.bz2 .....................   Passed    0.04 sec
      Start 32: functional_drain:eth-ipv4-tcp-smb2-putty.pcap.bz2
32/57 Test #32: functional_drain:eth-ipv4-tcp-smb2-putty.pcap.bz2 ....................   Passed    0.04 sec
      Start 33: functional_out:eth-ipv4-tcp-smb2-putty.pcap.bz2
33/57 Test #33: functional_out:eth-ipv4-tcp-smb2-putty.pcap.bz2 ......................   Passed    0.04 sec
      Start 34: functional_stat:eth-ipv4-tcp-smb2-zero-file-rw.pcap.bz2
34/57 Test #34: functional_stat:eth-ipv4-tcp-smb2-zero-file-rw.pcap.bz2 ..............   Passed    0.33 sec
      Start 35: functional_drain:eth-ipv4-tcp-smb2-zero-file-rw.pcap.bz2
35/57 Test #35: functional_drain:eth-ipv4-tcp-smb2-zero-file-rw.pcap.bz2 .............   Passed    0.33 sec
      Start 36: functional_out:eth-ipv4-tcp-smb2-zero-file-rw.pcap.bz2
36/57 Test #36: functional_out:eth-ipv4-tcp-smb2-zero-file-rw.pcap.bz2 ...............   Passed    0.33 sec
      Start 37: functional_stat:eth-ipv4-udp-nfsv3-dup-retransm.pcap.bz2
37/57 Test #37: functional_stat:eth-ipv4-udp-nfsv3-dup-retransm.pcap.bz2 .............   Passed    0.02 sec
      Start 38: functional_drain:eth-ipv4-udp-nfsv3-dup-retransm.pcap.bz2
38/57 Test #38: functional_drain:eth-ipv4-udp-nfsv3-dup-retransm.pcap.bz2 ............   Passed    0.02 sec
      Start 39: functional_out:eth-ipv4-udp-nfsv3-dup-retransm.pcap.bz2
39/57 Test #39: functional_out:eth-ipv4-udp-nfsv3-dup-retransm.pcap.bz2 ..............   Passed    0.03 sec
      Start 40: functional_stat:eth-ipv4-udp-nfsv3-reply-first.pcap.bz2
40/57 Test #40: functional_stat:eth-ipv4-udp-nfsv3-reply-first.pcap.bz2 ..............   Passed    0.02 sec
      Start 41: functional_drain:eth-ipv4-udp-nfsv3-reply-first.pcap.bz2
41/57 Test #41: functional_drain:eth-ipv4-udp-nfsv3-reply-first.pcap.bz2 .............   Passed    0.02 sec
      Start 42: functional_out:eth-ipv4-udp-nfsv3-reply-first.pcap.bz2
42/57 Test #42: functional_out:eth-ipv4-udp-nfsv3-reply-first.pcap.bz2 ...............   Passed    0.37 sec
      Start 43: functional_stat:eth-ipv4-udp-nfsv3.pcap.bz2
43/57 Test #43: functional_stat:eth-ipv4-udp-nfsv3.pcap.bz2 ..........................   Passed    0.03 sec
      Start 44: functional_drain:eth-ipv4-udp-nfsv3.pcap.bz2
44/57 Test #44: functional_drain:eth-ipv4-udp-nfsv3.pcap.bz2 .........................   Passed    0.03 sec
      Start 45: functional_out:eth-ipv4-udp-nfsv3.pcap.bz2
45/57 Test #45: functional_out:eth-ipv4-udp-nfsv3.pcap.bz2 ...........................   Passed    0.03 sec
      Start 46: functional_stat:eth-ipv6-tcp-nfsv3-bad_alloc.pcap.bz2
46/57 Test #46: functional_stat:eth-ipv6-tcp-nfsv3-bad_alloc.pcap.bz2 ................   Passed    0.31 sec
      Start 47: functional_drain:eth-ipv6-tcp-nfsv3-bad_alloc.pcap.bz2
47/57 Test #47: functional_drain:eth-ipv6-tcp-nfsv3-bad_alloc.pcap.bz2 ...............   Passed    0.36 sec
      Start 48: functional_out:eth-ipv6-tcp-nfsv3-bad_alloc.pcap.bz2
48/57 Test #48: functional_out:eth-ipv6-tcp-nfsv3-bad_alloc.pcap.bz2 .................   Passed    0.48 sec
      Start 49: functional_stat:eth-ipv6-tcp-nfsv3.pcap.bz2
49/57 Test #49: functional_stat:eth-ipv6-tcp-nfsv3.pcap.bz2 ..........................   Passed    0.81 sec
      Start 50: functional_drain:eth-ipv6-tcp-nfsv3.pcap.bz2
50/57 Test #50: functional_drain:eth-ipv6-tcp-nfsv3.pcap.bz2 .........................   Passed    0.82 sec
      Start 51: functional_out:eth-ipv6-tcp-nfsv3.pcap.bz2
51/57 Test #51: functional_out:eth-ipv6-tcp-nfsv3.pcap.bz2 ...........................   Passed    0.83 sec
      Start 52: functional_stat:lo-ipv4-tcp-nfsv3-nfsacl.pcap.bz2
52/57 Test #52: functional_stat:lo-ipv4-tcp-nfsv3-nfsacl.pcap.bz2 ....................   Passed    0.01 sec
      Start 53: functional_drain:lo-ipv4-tcp-nfsv3-nfsacl.pcap.bz2
53/57 Test #53: functional_drain:lo-ipv4-tcp-nfsv3-nfsacl.pcap.bz2 ...................   Passed    0.02 sec
      Start 54: functional_out:lo-ipv4-tcp-nfsv3-nfsacl.pcap.bz2
54/57 Test #54: functional_out:lo-ipv4-tcp-nfsv3-nfsacl.pcap.bz2 .....................   Passed    0.02 sec
      Start 55: functional_stat:tcp-seq-overlap-in-fragment-12721.pcap.bz2
55/57 Test #55: functional_stat:tcp-seq-overlap-in-fragment-12721.pcap.bz2 ...........   Passed    0.74 sec
      Start 56: functional_drain:tcp-seq-overlap-in-fragment-12721.pcap.bz2
56/57 Test #56: functional_drain:tcp-seq-overlap-in-fragment-12721.pcap.bz2 ..........   Passed    0.77 sec
      Start 57: functional_out:tcp-seq-overlap-in-fragment-12721.pcap.bz2
57/57 Test #57: functional_out:tcp-seq-overlap-in-fragment-12721.pcap.bz2 ............   Passed    0.73 sec

100% tests passed, 0 tests failed out of 57

Total Test time (real) =  24.31 sec
make[1]: Leaving directory '/<<PKGBUILDDIR>>/obj-x86_64-linux-gnu'
 fakeroot debian/rules binary-arch
dh binary-arch
   dh_testroot -a
   dh_prep -a
   dh_auto_install -a
	cd obj-x86_64-linux-gnu && make -j1 install DESTDIR=/<<PKGBUILDDIR>>/debian/tmp AM_UPDATE_INFO_DIR=no
make[1]: Entering directory '/<<PKGBUILDDIR>>/obj-x86_64-linux-gnu'
/usr/bin/cmake -H/<<PKGBUILDDIR>> -B/<<PKGBUILDDIR>>/obj-x86_64-linux-gnu --check-build-system CMakeFiles/Makefile.cmake 0
/usr/bin/cmake -E cmake_progress_start /<<PKGBUILDDIR>>/obj-x86_64-linux-gnu/CMakeFiles /<<PKGBUILDDIR>>/obj-x86_64-linux-gnu/CMakeFiles/progress.marks
make -f CMakeFiles/Makefile2 all
make[2]: Entering directory '/<<PKGBUILDDIR>>/obj-x86_64-linux-gnu'
make -f CMakeFiles/nfstrace.dir/build.make CMakeFiles/nfstrace.dir/depend
make[3]: Entering directory '/<<PKGBUILDDIR>>/obj-x86_64-linux-gnu'
cd /<<PKGBUILDDIR>>/obj-x86_64-linux-gnu && /usr/bin/cmake -E cmake_depends "Unix Makefiles" /<<PKGBUILDDIR>> /<<PKGBUILDDIR>> /<<PKGBUILDDIR>>/obj-x86_64-linux-gnu /<<PKGBUILDDIR>>/obj-x86_64-linux-gnu /<<PKGBUILDDIR>>/obj-x86_64-linux-gnu/CMakeFiles/nfstrace.dir/DependInfo.cmake --color=
make[3]: Leaving directory '/<<PKGBUILDDIR>>/obj-x86_64-linux-gnu'
make -f CMakeFiles/nfstrace.dir/build.make CMakeFiles/nfstrace.dir/build
make[3]: Entering directory '/<<PKGBUILDDIR>>/obj-x86_64-linux-gnu'
make[3]: Nothing to be done for 'CMakeFiles/nfstrace.dir/build'.
make[3]: Leaving directory '/<<PKGBUILDDIR>>/obj-x86_64-linux-gnu'
[ 41%] Built target nfstrace
make -f analyzers/CMakeFiles/testanalyzer.dir/build.make analyzers/CMakeFiles/testanalyzer.dir/depend
make[3]: Entering directory '/<<PKGBUILDDIR>>/obj-x86_64-linux-gnu'
cd /<<PKGBUILDDIR>>/obj-x86_64-linux-gnu && /usr/bin/cmake -E cmake_depends "Unix Makefiles" /<<PKGBUILDDIR>> /<<PKGBUILDDIR>>/analyzers /<<PKGBUILDDIR>>/obj-x86_64-linux-gnu /<<PKGBUILDDIR>>/obj-x86_64-linux-gnu/analyzers /<<PKGBUILDDIR>>/obj-x86_64-linux-gnu/analyzers/CMakeFiles/testanalyzer.dir/DependInfo.cmake --color=
make[3]: Leaving directory '/<<PKGBUILDDIR>>/obj-x86_64-linux-gnu'
make -f analyzers/CMakeFiles/testanalyzer.dir/build.make analyzers/CMakeFiles/testanalyzer.dir/build
make[3]: Entering directory '/<<PKGBUILDDIR>>/obj-x86_64-linux-gnu'
make[3]: Nothing to be done for 'analyzers/CMakeFiles/testanalyzer.dir/build'.
make[3]: Leaving directory '/<<PKGBUILDDIR>>/obj-x86_64-linux-gnu'
[ 44%] Built target testanalyzer
make -f analyzers/src/watch/CMakeFiles/watch.dir/build.make analyzers/src/watch/CMakeFiles/watch.dir/depend
make[3]: Entering directory '/<<PKGBUILDDIR>>/obj-x86_64-linux-gnu'
cd /<<PKGBUILDDIR>>/obj-x86_64-linux-gnu && /usr/bin/cmake -E cmake_depends "Unix Makefiles" /<<PKGBUILDDIR>> /<<PKGBUILDDIR>>/analyzers/src/watch /<<PKGBUILDDIR>>/obj-x86_64-linux-gnu /<<PKGBUILDDIR>>/obj-x86_64-linux-gnu/analyzers/src/watch /<<PKGBUILDDIR>>/obj-x86_64-linux-gnu/analyzers/src/watch/CMakeFiles/watch.dir/DependInfo.cmake --color=
make[3]: Leaving directory '/<<PKGBUILDDIR>>/obj-x86_64-linux-gnu'
make -f analyzers/src/watch/CMakeFiles/watch.dir/build.make analyzers/src/watch/CMakeFiles/watch.dir/build
make[3]: Entering directory '/<<PKGBUILDDIR>>/obj-x86_64-linux-gnu'
make[3]: Nothing to be done for 'analyzers/src/watch/CMakeFiles/watch.dir/build'.
make[3]: Leaving directory '/<<PKGBUILDDIR>>/obj-x86_64-linux-gnu'
[ 61%] Built target watch
make -f analyzers/src/breakdown/CMakeFiles/breakdown.dir/build.make analyzers/src/breakdown/CMakeFiles/breakdown.dir/depend
make[3]: Entering directory '/<<PKGBUILDDIR>>/obj-x86_64-linux-gnu'
cd /<<PKGBUILDDIR>>/obj-x86_64-linux-gnu && /usr/bin/cmake -E cmake_depends "Unix Makefiles" /<<PKGBUILDDIR>> /<<PKGBUILDDIR>>/analyzers/src/breakdown /<<PKGBUILDDIR>>/obj-x86_64-linux-gnu /<<PKGBUILDDIR>>/obj-x86_64-linux-gnu/analyzers/src/breakdown /<<PKGBUILDDIR>>/obj-x86_64-linux-gnu/analyzers/src/breakdown/CMakeFiles/breakdown.dir/DependInfo.cmake --color=
make[3]: Leaving directory '/<<PKGBUILDDIR>>/obj-x86_64-linux-gnu'
make -f analyzers/src/breakdown/CMakeFiles/breakdown.dir/build.make analyzers/src/breakdown/CMakeFiles/breakdown.dir/build
make[3]: Entering directory '/<<PKGBUILDDIR>>/obj-x86_64-linux-gnu'
make[3]: Nothing to be done for 'analyzers/src/breakdown/CMakeFiles/breakdown.dir/build'.
make[3]: Leaving directory '/<<PKGBUILDDIR>>/obj-x86_64-linux-gnu'
[ 88%] Built target breakdown
make -f analyzers/src/json/CMakeFiles/json.dir/build.make analyzers/src/json/CMakeFiles/json.dir/depend
make[3]: Entering directory '/<<PKGBUILDDIR>>/obj-x86_64-linux-gnu'
cd /<<PKGBUILDDIR>>/obj-x86_64-linux-gnu && /usr/bin/cmake -E cmake_depends "Unix Makefiles" /<<PKGBUILDDIR>> /<<PKGBUILDDIR>>/analyzers/src/json /<<PKGBUILDDIR>>/obj-x86_64-linux-gnu /<<PKGBUILDDIR>>/obj-x86_64-linux-gnu/analyzers/src/json /<<PKGBUILDDIR>>/obj-x86_64-linux-gnu/analyzers/src/json/CMakeFiles/json.dir/DependInfo.cmake --color=
make[3]: Leaving directory '/<<PKGBUILDDIR>>/obj-x86_64-linux-gnu'
make -f analyzers/src/json/CMakeFiles/json.dir/build.make analyzers/src/json/CMakeFiles/json.dir/build
make[3]: Entering directory '/<<PKGBUILDDIR>>/obj-x86_64-linux-gnu'
make[3]: Nothing to be done for 'analyzers/src/json/CMakeFiles/json.dir/build'.
make[3]: Leaving directory '/<<PKGBUILDDIR>>/obj-x86_64-linux-gnu'
[100%] Built target json
make[2]: Leaving directory '/<<PKGBUILDDIR>>/obj-x86_64-linux-gnu'
/usr/bin/cmake -E cmake_progress_start /<<PKGBUILDDIR>>/obj-x86_64-linux-gnu/CMakeFiles 0
make -f CMakeFiles/Makefile2 preinstall
make[2]: Entering directory '/<<PKGBUILDDIR>>/obj-x86_64-linux-gnu'
make[2]: Nothing to be done for 'preinstall'.
make[2]: Leaving directory '/<<PKGBUILDDIR>>/obj-x86_64-linux-gnu'
Install the project...
/usr/bin/cmake -P cmake_install.cmake
-- Install configuration: "None"
-- Installing: /<<PKGBUILDDIR>>/debian/tmp/usr/bin/nfstrace
-- Installing: /<<PKGBUILDDIR>>/debian/tmp/usr/include/nfstrace/api/cifs2_commands.h
-- Installing: /<<PKGBUILDDIR>>/debian/tmp/usr/include/nfstrace/api/cifs_commands.h
-- Installing: /<<PKGBUILDDIR>>/debian/tmp/usr/include/nfstrace/api/cifs_pc_to_net.h
-- Installing: /<<PKGBUILDDIR>>/debian/tmp/usr/include/nfstrace/api/cifs_types.h
-- Installing: /<<PKGBUILDDIR>>/debian/tmp/usr/include/nfstrace/api/ianalyzer.h
-- Installing: /<<PKGBUILDDIR>>/debian/tmp/usr/include/nfstrace/api/nfs3_types_rpcgen.h
-- Installing: /<<PKGBUILDDIR>>/debian/tmp/usr/include/nfstrace/api/nfs41_types_rpcgen.h
-- Installing: /<<PKGBUILDDIR>>/debian/tmp/usr/include/nfstrace/api/nfs4_types_rpcgen.h
-- Installing: /<<PKGBUILDDIR>>/debian/tmp/usr/include/nfstrace/api/nfs_types.h
-- Installing: /<<PKGBUILDDIR>>/debian/tmp/usr/include/nfstrace/api/plugin_api.h
-- Installing: /<<PKGBUILDDIR>>/debian/tmp/usr/include/nfstrace/api/procedure.h
-- Installing: /<<PKGBUILDDIR>>/debian/tmp/usr/include/nfstrace/api/rpc_types.h
-- Installing: /<<PKGBUILDDIR>>/debian/tmp/usr/include/nfstrace/api/session.h
-- Installing: /<<PKGBUILDDIR>>/debian/tmp/usr/include/nfstrace/api/xdr_types.h
-- Installing: /<<PKGBUILDDIR>>/debian/tmp/usr/share/man/man8/nfstrace.8
-- Installing: /<<PKGBUILDDIR>>/debian/tmp/usr/lib/nfstrace/libtestanalyzer.so
-- Installing: /<<PKGBUILDDIR>>/debian/tmp/usr/lib/nfstrace/libwatch.so
-- Installing: /<<PKGBUILDDIR>>/debian/tmp/usr/lib/nfstrace/libbreakdown.so
-- Installing: /<<PKGBUILDDIR>>/debian/tmp/usr/lib/nfstrace/libjson.so
make[1]: Leaving directory '/<<PKGBUILDDIR>>/obj-x86_64-linux-gnu'
   dh_install -a
   dh_installdocs -a
   dh_installchangelogs -a
   dh_installman -a
   dh_perl -a
   dh_link -a
   dh_strip_nondeterminism -a
   dh_compress -a
   dh_fixperms -a
   dh_missing -a
   dh_strip -a
   dh_makeshlibs -a
   dh_shlibdeps -a
dpkg-shlibdeps: warning: debian/nfstrace/usr/lib/nfstrace/libjson.so contains an unresolvable reference to symbol pthread_create: it's probably a plugin
dpkg-shlibdeps: warning: package could avoid a useless dependency if debian/nfstrace/usr/lib/nfstrace/libwatch.so was not linked against libform.so.6 (it uses none of the library's symbols)
   dh_installdeb -a
   dh_gencontrol -a
   dh_md5sums -a
   dh_builddeb -a
dpkg-deb: building package 'nfstrace' in '../nfstrace_0.4.3.1-3_amd64.deb'.
 dpkg-genbuildinfo --build=any
 dpkg-genchanges --build=any >../nfstrace_0.4.3.1-3_amd64.changes
dpkg-genchanges: info: binary-only arch-specific upload (source code and arch-indep packages not included)
 dpkg-source --after-build nfstrace-0.4.3.1
dpkg-buildpackage: info: binary-only upload (no source included)
--------------------------------------------------------------------------------
Build finished at 2018-05-02T09:47:43Z

Finished
--------

I: Built successfully

+------------------------------------------------------------------------------+
| Post Build Chroot                                                            |
+------------------------------------------------------------------------------+


+------------------------------------------------------------------------------+
| Changes                                                                      |
+------------------------------------------------------------------------------+


nfstrace_0.4.3.1-3_amd64.changes:
---------------------------------

Format: 1.8
Date: Sun, 03 Sep 2017 17:03:25 +0200
Source: nfstrace
Binary: nfstrace nfstrace-doc
Architecture: amd64
Version: 0.4.3.1-3
Distribution: unstable
Urgency: medium
Maintainer: Andrew Shadura <andrewsh@debian.org>
Changed-By: Andrew Shadura <andrewsh@debian.org>
Description:
 nfstrace   - NFS tracing/monitoring/capturing/analyzing tool
 nfstrace-doc - NFS tracing/monitoring/capturing/analyzing tool (documentation)
Closes: 853571
Changes:
 nfstrace (0.4.3.1-3) unstable; urgency=medium
 .
   * Add an upstream patch to fix build on GCC 7 (Closes: #853571).
Checksums-Sha1:
 bb46cc7705a79862a65e2f82825219c2e2f22a57 5924 nfstrace_0.4.3.1-3_amd64.buildinfo
 afd6c5ae5e7c65e3c2600e128275d40f91e5fc6d 260236 nfstrace_0.4.3.1-3_amd64.deb
Checksums-Sha256:
 a7ae2b67d8a03e3a6e9e02eba9886e008de9624aceb529139f2320312f64b22f 5924 nfstrace_0.4.3.1-3_amd64.buildinfo
 5472a923514bcec078426196398b947e3d5d96897782c5c88a335b242666d363 260236 nfstrace_0.4.3.1-3_amd64.deb
Files:
 bbc0af61e4b10fea7218973a1b9d74cf 5924 net optional nfstrace_0.4.3.1-3_amd64.buildinfo
 fed6cdafef3cc5b8e9002dd167628f02 260236 net optional nfstrace_0.4.3.1-3_amd64.deb

+------------------------------------------------------------------------------+
| Buildinfo                                                                    |
+------------------------------------------------------------------------------+

Format: 1.0
Source: nfstrace
Binary: nfstrace nfstrace-doc
Architecture: amd64
Version: 0.4.3.1-3
Checksums-Md5:
 fed6cdafef3cc5b8e9002dd167628f02 260236 nfstrace_0.4.3.1-3_amd64.deb
Checksums-Sha1:
 afd6c5ae5e7c65e3c2600e128275d40f91e5fc6d 260236 nfstrace_0.4.3.1-3_amd64.deb
Checksums-Sha256:
 5472a923514bcec078426196398b947e3d5d96897782c5c88a335b242666d363 260236 nfstrace_0.4.3.1-3_amd64.deb
Build-Origin: Debian
Build-Architecture: amd64
Build-Date: Wed, 02 May 2018 09:47:43 +0000
Build-Path: /<<PKGBUILDDIR>>
Installed-Build-Depends:
 autoconf (= 2.69-11),
 automake (= 1:1.15.1-3.1),
 autopoint (= 0.19.8.1-6),
 autotools-dev (= 20180224.1),
 base-files (= 10.1),
 base-passwd (= 3.5.45),
 bash (= 4.4.18-2),
 binutils (= 2.30-16),
 binutils-common (= 2.30-16),
 binutils-x86-64-linux-gnu (= 2.30-16),
 bsdmainutils (= 11.1.2),
 bsdutils (= 1:2.31.1-0.5),
 build-essential (= 12.5),
 bzip2 (= 1.0.6-8.1),
 clang-6.0 (= 1:6.0-3),
 cmake (= 3.11.1-1),
 cmake-data (= 3.11.1-1),
 coreutils (= 8.28-1),
 cpp (= 4:7.3.0-3),
 cpp-7 (= 7.3.0-17),
 dash (= 0.5.8-2.10),
 debconf (= 1.5.66),
 debhelper (= 11.2.1),
 debianutils (= 4.8.4),
 dh-autoreconf (= 17),
 dh-strip-nondeterminism (= 0.041-1),
 diffutils (= 1:3.6-1),
 dpkg (= 1.19.0.5),
 dpkg-dev (= 1.19.0.5),
 e2fsprogs (= 1.44.1-2),
 fdisk (= 2.31.1-0.5),
 file (= 1:5.33-2),
 findutils (= 4.6.0+git+20171230-2),
 g++ (= 4:7.3.0-3),
 g++-7 (= 7.3.0-17),
 gcc (= 4:7.3.0-3),
 gcc-7 (= 7.3.0-17),
 gcc-7-base (= 7.3.0-17),
 gcc-8-base (= 8-20180425-1),
 gettext (= 0.19.8.1-6),
 gettext-base (= 0.19.8.1-6),
 google-mock (= 1.8.0-10),
 googletest (= 1.8.0-10),
 grep (= 3.1-2),
 groff-base (= 1.22.3-10),
 gzip (= 1.6-5+b1),
 hostname (= 3.20),
 init-system-helpers (= 1.51),
 intltool-debian (= 0.35.0+20060710.4),
 lib32gcc1 (= 1:8-20180425-1),
 lib32stdc++6 (= 8-20180425-1),
 libacl1 (= 2.2.52-3+b1),
 libarchive-zip-perl (= 1.60-1),
 libarchive13 (= 3.2.2-3.1),
 libasan4 (= 7.3.0-17),
 libatomic1 (= 8-20180425-1),
 libattr1 (= 1:2.4.47-2+b2),
 libaudit-common (= 1:2.8.3-1),
 libaudit1 (= 1:2.8.3-1),
 libbinutils (= 2.30-16),
 libblkid1 (= 2.31.1-0.5),
 libbsd0 (= 0.8.7-1),
 libbz2-1.0 (= 1.0.6-8.1),
 libc-bin (= 2.27-3),
 libc-dev-bin (= 2.27-3),
 libc6 (= 2.27-3),
 libc6-dev (= 2.27-3),
 libc6-i386 (= 2.27-3),
 libcap-ng0 (= 0.7.9-1),
 libcc1-0 (= 8-20180425-1),
 libcilkrts5 (= 7.3.0-17),
 libclang-common-6.0-dev (= 1:6.0-3),
 libclang1-6.0 (= 1:6.0-3),
 libcom-err2 (= 1.44.1-2),
 libcomerr2 (= 1.44.1-2),
 libcroco3 (= 0.6.12-2),
 libcurl3 (= 7.58.0-2),
 libdb5.3 (= 5.3.28-13.1+b1),
 libdebconfclient0 (= 0.243),
 libdpkg-perl (= 1.19.0.5),
 libedit2 (= 3.1-20170329-1),
 libexpat1 (= 2.2.5-3),
 libext2fs2 (= 1.44.1-2),
 libfdisk1 (= 2.31.1-0.5),
 libffi6 (= 3.2.1-8),
 libfile-stripnondeterminism-perl (= 0.041-1),
 libgc1c2 (= 1:7.4.2-8.2),
 libgcc-7-dev (= 7.3.0-17),
 libgcc1 (= 1:8-20180425-1),
 libgcrypt20 (= 1.8.2-2),
 libgdbm-compat4 (= 1.14.1-6),
 libgdbm5 (= 1.14.1-6),
 libglib2.0-0 (= 2.56.1-2),
 libgmp10 (= 2:6.1.2+dfsg-3),
 libgnutls30 (= 3.5.18-1),
 libgomp1 (= 8-20180425-1),
 libgpg-error0 (= 1.29-4),
 libgssapi-krb5-2 (= 1.16-2),
 libgtest-dev (= 1.8.0-10),
 libhogweed4 (= 3.4-1),
 libicu57 (= 57.1-9),
 libidn2-0 (= 2.0.4-1.1),
 libisl19 (= 0.19-1),
 libitm1 (= 8-20180425-1),
 libjson-c-dev (= 0.12.1-1.3),
 libjson-c3 (= 0.12.1-1.3),
 libjsoncpp1 (= 1.7.4-3),
 libk5crypto3 (= 1.16-2),
 libkeyutils1 (= 1.5.9-9.2),
 libkrb5-3 (= 1.16-2),
 libkrb5support0 (= 1.16-2),
 libldap-2.4-2 (= 2.4.45+dfsg-1),
 libldap-common (= 2.4.45+dfsg-1),
 libllvm6.0 (= 1:6.0-3),
 liblsan0 (= 8-20180425-1),
 liblz4-1 (= 1.8.1.2-1),
 liblzma5 (= 5.2.2-1.3),
 liblzo2-2 (= 2.08-1.2+b2),
 libmagic-mgc (= 1:5.33-2),
 libmagic1 (= 1:5.33-2),
 libmount1 (= 2.31.1-0.5),
 libmpc3 (= 1.1.0-1),
 libmpfr6 (= 4.0.1-1),
 libmpx2 (= 8-20180425-1),
 libncurses-dev (= 6.1+20180210-2),
 libncurses5 (= 6.1+20180210-2),
 libncurses5-dev (= 6.1+20180210-2),
 libncurses6 (= 6.1+20180210-2),
 libncursesw5 (= 6.1+20180210-2),
 libncursesw6 (= 6.1+20180210-2),
 libnettle6 (= 3.4-1),
 libnghttp2-14 (= 1.31.1-1),
 libobjc-7-dev (= 7.3.0-17),
 libobjc4 (= 8-20180425-1),
 libp11-kit0 (= 0.23.10-2),
 libpam-modules (= 1.1.8-3.7),
 libpam-modules-bin (= 1.1.8-3.7),
 libpam-runtime (= 1.1.8-3.7),
 libpam0g (= 1.1.8-3.7),
 libpcap0.8 (= 1.8.1-6),
 libpcap0.8-dev (= 1.8.1-6),
 libpcre3 (= 2:8.39-9),
 libperl5.26 (= 5.26.2-3),
 libpipeline1 (= 1.5.0-1),
 libprocps6 (= 2:3.3.14-1),
 libpsl5 (= 0.20.1-1),
 libquadmath0 (= 8-20180425-1),
 librhash0 (= 1.3.6-2),
 librtmp1 (= 2.4+20151223.gitfa8646d.1-1+b1),
 libsasl2-2 (= 2.1.27~101-g0780600+dfsg-3.1),
 libsasl2-modules-db (= 2.1.27~101-g0780600+dfsg-3.1),
 libseccomp2 (= 2.3.3-1),
 libselinux1 (= 2.7-2+b2),
 libsigsegv2 (= 2.12-2),
 libsmartcols1 (= 2.31.1-0.5),
 libss2 (= 1.44.1-2),
 libssh2-1 (= 1.8.0-1),
 libssl1.0.2 (= 1.0.2o-1),
 libstdc++-7-dev (= 7.3.0-17),
 libstdc++6 (= 8-20180425-1),
 libsystemd0 (= 238-4),
 libtasn1-6 (= 4.13-2),
 libtimedate-perl (= 2.3000-2),
 libtinfo5 (= 6.1+20180210-2),
 libtinfo6 (= 6.1+20180210-2),
 libtool (= 2.4.6-2.1),
 libtsan0 (= 8-20180425-1),
 libubsan0 (= 7.3.0-17),
 libudev1 (= 238-4),
 libunistring2 (= 0.9.8-1),
 libuuid1 (= 2.31.1-0.5),
 libuv1 (= 1.18.0-3),
 libxml2 (= 2.9.4+dfsg1-6.1),
 linux-libc-dev (= 4.15.17-1),
 login (= 1:4.5-1),
 lsb-base (= 9.20170808),
 m4 (= 1.4.18-1),
 make (= 4.2.1-1),
 man-db (= 2.8.3-2),
 mawk (= 1.3.3-17+b3),
 ncurses-base (= 6.1+20180210-2),
 ncurses-bin (= 6.1+20180210-2),
 patch (= 2.7.6-2),
 perl (= 5.26.2-3),
 perl-base (= 5.26.2-3),
 perl-modules-5.26 (= 5.26.2-3),
 po-debconf (= 1.0.20),
 procps (= 2:3.3.14-1),
 sed (= 4.4-2),
 sysvinit-utils (= 2.88dsf-59.10),
 tar (= 1.30+dfsg-1),
 util-linux (= 2.31.1-0.5),
 xz-utils (= 5.2.2-1.3),
 zlib1g (= 1:1.2.11.dfsg-1)
Environment:
 DEB_BUILD_OPTIONS="parallel=8"
 LANG="en_US.UTF-8"
 LC_ALL="POSIX"
 SOURCE_DATE_EPOCH="1504451005"


+------------------------------------------------------------------------------+
| Package contents                                                             |
+------------------------------------------------------------------------------+


nfstrace_0.4.3.1-3_amd64.deb
----------------------------

 new Debian package, version 2.0.
 size 260236 bytes: control archive=1396 bytes.
     751 bytes,    22 lines      control              
    1627 bytes,    23 lines      md5sums              
 Package: nfstrace
 Version: 0.4.3.1-3
 Architecture: amd64
 Maintainer: Andrew Shadura <andrewsh@debian.org>
 Installed-Size: 1419
 Depends: libc6 (>= 2.15), libgcc1 (>= 1:3.0), libjson-c3 (>= 0.10), libncurses6 (>= 6), libpcap0.8 (>= 1.0.0), libstdc++6 (>= 7), libtinfo6 (>= 6)
 Recommends: nfstrace-doc
 Section: net
 Priority: optional
 Multi-Arch: foreign
 Homepage: https://github.com/epam/nfstrace/
 Description: NFS tracing/monitoring/capturing/analyzing tool
  nfstrace captures live NFS traffic and performs filtering, statistical
  analysis, visualisation and more. It also provides an API for custom
  pluggable analysis modules.
  .
  nfstrace currently supports the following protocols:
  .
   - Ethernet
   - IPv4, IPv6
   - UDP, TCP
   - NFSv3, NFSv4, CIFS

drwxr-xr-x root/root         0 2017-09-03 15:03 ./
drwxr-xr-x root/root         0 2017-09-03 15:03 ./usr/
drwxr-xr-x root/root         0 2017-09-03 15:03 ./usr/bin/
-rwxr-xr-x root/root    562160 2017-09-03 15:03 ./usr/bin/nfstrace
drwxr-xr-x root/root         0 2017-09-03 15:03 ./usr/include/
drwxr-xr-x root/root         0 2017-09-03 15:03 ./usr/include/nfstrace/
drwxr-xr-x root/root         0 2017-09-03 15:03 ./usr/include/nfstrace/api/
-rw-r--r-- root/root     82645 2016-11-12 13:24 ./usr/include/nfstrace/api/cifs2_commands.h
-rw-r--r-- root/root     27794 2016-11-12 13:24 ./usr/include/nfstrace/api/cifs_commands.h
-rw-r--r-- root/root      3640 2016-11-12 13:24 ./usr/include/nfstrace/api/cifs_pc_to_net.h
-rw-r--r-- root/root     20823 2016-11-12 13:24 ./usr/include/nfstrace/api/cifs_types.h
-rw-r--r-- root/root     78079 2016-11-12 13:24 ./usr/include/nfstrace/api/ianalyzer.h
-rw-r--r-- root/root     18888 2016-11-12 13:24 ./usr/include/nfstrace/api/nfs3_types_rpcgen.h
-rw-r--r-- root/root     76366 2016-11-12 13:24 ./usr/include/nfstrace/api/nfs41_types_rpcgen.h
-rw-r--r-- root/root     36737 2016-11-12 13:24 ./usr/include/nfstrace/api/nfs4_types_rpcgen.h
-rw-r--r-- root/root      6531 2016-11-12 13:24 ./usr/include/nfstrace/api/nfs_types.h
-rw-r--r-- root/root      5215 2017-09-03 15:03 ./usr/include/nfstrace/api/plugin_api.h
-rw-r--r-- root/root      1711 2016-11-12 13:24 ./usr/include/nfstrace/api/procedure.h
-rw-r--r-- root/root      4423 2016-11-12 13:24 ./usr/include/nfstrace/api/rpc_types.h
-rw-r--r-- root/root      2246 2016-11-12 13:24 ./usr/include/nfstrace/api/session.h
-rw-r--r-- root/root      1873 2016-11-12 13:24 ./usr/include/nfstrace/api/xdr_types.h
drwxr-xr-x root/root         0 2017-09-03 15:03 ./usr/lib/
drwxr-xr-x root/root         0 2017-09-03 15:03 ./usr/lib/nfstrace/
-rw-r--r-- root/root    268616 2017-09-03 15:03 ./usr/lib/nfstrace/libbreakdown.so
-rw-r--r-- root/root     80584 2017-09-03 15:03 ./usr/lib/nfstrace/libjson.so
-rw-r--r-- root/root     59496 2017-09-03 15:03 ./usr/lib/nfstrace/libtestanalyzer.so
-rw-r--r-- root/root     80488 2017-09-03 15:03 ./usr/lib/nfstrace/libwatch.so
drwxr-xr-x root/root         0 2017-09-03 15:03 ./usr/share/
drwxr-xr-x root/root         0 2017-09-03 15:03 ./usr/share/doc/
drwxr-xr-x root/root         0 2017-09-03 15:03 ./usr/share/doc/nfstrace/
-rw-r--r-- root/root       824 2017-09-03 15:03 ./usr/share/doc/nfstrace/changelog.Debian.gz
-rw-r--r-- root/root       853 2016-11-12 13:24 ./usr/share/doc/nfstrace/changelog.gz
-rw-r--r-- root/root      1146 2017-09-03 15:03 ./usr/share/doc/nfstrace/copyright
drwxr-xr-x root/root         0 2017-09-03 15:03 ./usr/share/man/
drwxr-xr-x root/root         0 2017-09-03 15:03 ./usr/share/man/man8/
-rw-r--r-- root/root      5661 2017-09-03 15:03 ./usr/share/man/man8/nfstrace.8.gz


+------------------------------------------------------------------------------+
| Post Build                                                                   |
+------------------------------------------------------------------------------+


+------------------------------------------------------------------------------+
| Cleanup                                                                      |
+------------------------------------------------------------------------------+

Purging /<<BUILDDIR>>
Not cleaning session: cloned chroot in use

+------------------------------------------------------------------------------+
| Summary                                                                      |
+------------------------------------------------------------------------------+

Build Architecture: amd64
Build Type: any
Build-Space: 118160
Build-Time: 88
Distribution: unstable
Host Architecture: amd64
Install-Time: 8
Job: nfstrace_0.4.3.1-3
Machine Architecture: amd64
Package: nfstrace
Package-Time: 111
Source-Version: 0.4.3.1-3
Space: 118160
Status: successful
Version: 0.4.3.1-3
--------------------------------------------------------------------------------
Finished at 2018-05-02T09:47:43Z
Build needed 00:01:51, 118160k disk space
DC-Status: OK 112.826821008s
