DC-Build-Header: fmtlib 4.0.0+ds-2 / 2018-02-07 19:45:14 +0000
DC-Task: type:rebuild-binarch-only source:fmtlib version:4.0.0+ds-2 chroot:unstable esttime: logfile:/tmp/fmtlib_4.0.0+ds-2_unstable_clang60.log modes:clang60:binarch-only
DC-Sbuild-call: su user42 -c 'sbuild -n --arch-any --apt-update -d unstable -v  --chroot-setup-commands=/tmp/clang60 fmtlib_4.0.0+ds-2'
sbuild (Debian sbuild) 0.73.0 (23 Dec 2016) on ip-172-31-33-109.eu-central-1.compute.internal

+==============================================================================+
| fmtlib 4.0.0+ds-2 (amd64)                    Wed, 07 Feb 2018 19:45:14 +0000 |
+==============================================================================+

Package: fmtlib
Version: 4.0.0+ds-2
Source Version: 4.0.0+ds-2
Distribution: unstable
Machine Architecture: amd64
Host Architecture: amd64
Build Architecture: amd64
Build Type: any

I: NOTICE: Log filtering will replace 'var/run/schroot/mount/unstable-amd64-sbuild-3b5546f0-d0c2-418e-82c4-4da03e0c2d0f' with '<<CHROOT>>'

+------------------------------------------------------------------------------+
| Chroot Setup Commands                                                        |
+------------------------------------------------------------------------------+


/tmp/clang60
------------

+ echo 'Entering customization script...'
Entering customization script...
+ CLANG_VERSION=6.0
+ echo 'Install of clang-6.0'
Install of clang-6.0
+ apt-get update
Get:1 http://127.0.0.1:9999/debian unstable InRelease [241 kB]
Get:2 http://127.0.0.1:9999/debian unstable/main Sources.diff/Index [27.9 kB]
Get:3 http://127.0.0.1:9999/debian unstable/main amd64 Packages.diff/Index [27.9 kB]
Get:4 http://127.0.0.1:9999/debian unstable/main Sources 2018-02-07-1427.34.pdiff [9180 B]
Get:4 http://127.0.0.1:9999/debian unstable/main Sources 2018-02-07-1427.34.pdiff [9180 B]
Get:5 http://127.0.0.1:9999/debian unstable/main amd64 Packages 2018-02-07-1427.34.pdiff [14.2 kB]
Get:5 http://127.0.0.1:9999/debian unstable/main amd64 Packages 2018-02-07-1427.34.pdiff [14.2 kB]
Get:6 http://127.0.0.1:9999/debian unstable/main Translation-en [5980 kB]
Fetched 6300 kB in 2s (3506 kB/s)
Reading package lists...
+ apt-get install --yes --no-install-recommends --force-yes clang-6.0
Reading package lists...
Building dependency tree...
Reading state information...
The following additional packages will be installed:
  lib32gcc1 lib32stdc++6 libbsd0 libc6-i386 libclang-common-6.0-dev
  libclang1-6.0 libedit2 libjsoncpp1 libllvm6.0 libncurses5 libobjc-7-dev
  libobjc4
Suggested packages:
  gnustep gnustep-devel clang-6.0-doc
Recommended packages:
  llvm-6.0-dev python libomp-dev libgpm2
The following NEW packages will be installed:
  clang-6.0 lib32gcc1 lib32stdc++6 libbsd0 libc6-i386 libclang-common-6.0-dev
  libclang1-6.0 libedit2 libjsoncpp1 libllvm6.0 libncurses5 libobjc-7-dev
  libobjc4
0 upgraded, 13 newly installed, 0 to remove and 1 not upgraded.
Need to get 37.6 MB of archives.
After this operation, 187 MB of additional disk space will be used.
Get:1 http://127.0.0.1:9999/debian unstable/main amd64 libjsoncpp1 amd64 1.7.4-3 [75.6 kB]
Get:2 http://127.0.0.1:9999/debian unstable/main amd64 libbsd0 amd64 0.8.7-1 [92.1 kB]
Get:3 http://127.0.0.1:9999/debian unstable/main amd64 libncurses5 amd64 6.0+20171125-1 [95.7 kB]
Get:4 http://127.0.0.1:9999/debian unstable/main amd64 libedit2 amd64 3.1-20170329-1 [85.2 kB]
Get:5 http://127.0.0.1:9999/debian unstable/main amd64 libllvm6.0 amd64 1:6.0~+rc1-1 [14.5 MB]
Get:6 http://127.0.0.1:9999/debian unstable/main amd64 libobjc4 amd64 7.3.0-1 [51.2 kB]
Get:7 http://127.0.0.1:9999/debian unstable/main amd64 libobjc-7-dev amd64 7.3.0-1 [203 kB]
Get:8 http://127.0.0.1:9999/debian unstable/main amd64 libc6-i386 amd64 2.26-6 [2836 kB]
Get:9 http://127.0.0.1:9999/debian unstable/main amd64 lib32gcc1 amd64 1:7.3.0-1 [46.8 kB]
Get:10 http://127.0.0.1:9999/debian unstable/main amd64 lib32stdc++6 amd64 7.3.0-1 [405 kB]
Get:11 http://127.0.0.1:9999/debian unstable/main amd64 libclang-common-6.0-dev amd64 1:6.0~+rc1-1 [3097 kB]
Get:12 http://127.0.0.1:9999/debian unstable/main amd64 libclang1-6.0 amd64 1:6.0~+rc1-1 [6983 kB]
Get:13 http://127.0.0.1:9999/debian unstable/main amd64 clang-6.0 amd64 1:6.0~+rc1-1 [9171 kB]
debconf: delaying package configuration, since apt-utils is not installed
Fetched 37.6 MB in 0s (97.2 MB/s)
Selecting previously unselected package libjsoncpp1:amd64.
(Reading database ... (Reading database ... 5%(Reading database ... 10%(Reading database ... 15%(Reading database ... 20%(Reading database ... 25%(Reading database ... 30%(Reading database ... 35%(Reading database ... 40%(Reading database ... 45%(Reading database ... 50%(Reading database ... 55%(Reading database ... 60%(Reading database ... 65%(Reading database ... 70%(Reading database ... 75%(Reading database ... 80%(Reading database ... 85%(Reading database ... 90%(Reading database ... 95%(Reading database ... 100%(Reading database ... 9974 files and directories currently installed.)
Preparing to unpack .../00-libjsoncpp1_1.7.4-3_amd64.deb ...
Unpacking libjsoncpp1:amd64 (1.7.4-3) ...
Selecting previously unselected package libbsd0:amd64.
Preparing to unpack .../01-libbsd0_0.8.7-1_amd64.deb ...
Unpacking libbsd0:amd64 (0.8.7-1) ...
Selecting previously unselected package libncurses5:amd64.
Preparing to unpack .../02-libncurses5_6.0+20171125-1_amd64.deb ...
Unpacking libncurses5:amd64 (6.0+20171125-1) ...
Selecting previously unselected package libedit2:amd64.
Preparing to unpack .../03-libedit2_3.1-20170329-1_amd64.deb ...
Unpacking libedit2:amd64 (3.1-20170329-1) ...
Selecting previously unselected package libllvm6.0:amd64.
Preparing to unpack .../04-libllvm6.0_1%3a6.0~+rc1-1_amd64.deb ...
Unpacking libllvm6.0:amd64 (1:6.0~+rc1-1) ...
Selecting previously unselected package libobjc4:amd64.
Preparing to unpack .../05-libobjc4_7.3.0-1_amd64.deb ...
Unpacking libobjc4:amd64 (7.3.0-1) ...
Selecting previously unselected package libobjc-7-dev:amd64.
Preparing to unpack .../06-libobjc-7-dev_7.3.0-1_amd64.deb ...
Unpacking libobjc-7-dev:amd64 (7.3.0-1) ...
Selecting previously unselected package libc6-i386.
Preparing to unpack .../07-libc6-i386_2.26-6_amd64.deb ...
Unpacking libc6-i386 (2.26-6) ...
Selecting previously unselected package lib32gcc1.
Preparing to unpack .../08-lib32gcc1_1%3a7.3.0-1_amd64.deb ...
Unpacking lib32gcc1 (1:7.3.0-1) ...
Selecting previously unselected package lib32stdc++6.
Preparing to unpack .../09-lib32stdc++6_7.3.0-1_amd64.deb ...
Unpacking lib32stdc++6 (7.3.0-1) ...
Selecting previously unselected package libclang-common-6.0-dev.
Preparing to unpack .../10-libclang-common-6.0-dev_1%3a6.0~+rc1-1_amd64.deb ...
Unpacking libclang-common-6.0-dev (1:6.0~+rc1-1) ...
Selecting previously unselected package libclang1-6.0:amd64.
Preparing to unpack .../11-libclang1-6.0_1%3a6.0~+rc1-1_amd64.deb ...
Unpacking libclang1-6.0:amd64 (1:6.0~+rc1-1) ...
Selecting previously unselected package clang-6.0.
Preparing to unpack .../12-clang-6.0_1%3a6.0~+rc1-1_amd64.deb ...
Unpacking clang-6.0 (1:6.0~+rc1-1) ...
Setting up libncurses5:amd64 (6.0+20171125-1) ...
Setting up libobjc4:amd64 (7.3.0-1) ...
Setting up libc6-i386 (2.26-6) ...
Setting up libbsd0:amd64 (0.8.7-1) ...
Setting up libobjc-7-dev:amd64 (7.3.0-1) ...
Processing triggers for libc-bin (2.26-6) ...
Setting up lib32gcc1 (1:7.3.0-1) ...
Setting up libjsoncpp1:amd64 (1.7.4-3) ...
Setting up libedit2:amd64 (3.1-20170329-1) ...
Setting up libllvm6.0:amd64 (1:6.0~+rc1-1) ...
Setting up libclang1-6.0:amd64 (1:6.0~+rc1-1) ...
Setting up lib32stdc++6 (7.3.0-1) ...
Setting up libclang-common-6.0-dev (1:6.0~+rc1-1) ...
Setting up clang-6.0 (1:6.0~+rc1-1) ...
Processing triggers for libc-bin (2.26-6) ...
W: --force-yes is deprecated, use one of the options starting with --allow instead.
+ echo 'Replace gcc, g++ & cpp by clang'
Replace gcc, g++ & cpp by clang
+ VERSIONS='4.6 4.7 4.8 4.9 5 6 7 8'
+ cd /usr/bin
+ for VERSION in $VERSIONS
+ rm -f g++-4.6 gcc-4.6 cpp-4.6 gcc
+ ln -s clang++-6.0 g++-4.6
+ ln -s clang-6.0 gcc-4.6
+ ln -s clang-6.0 cpp-4.6
+ ln -s clang-6.0 gcc
+ echo 'gcc-4.6 hold'
+ dpkg --set-selections
dpkg: warning: package not in status nor available database at line 1: gcc-4.6
dpkg: warning: found unknown packages; this might mean the available database
is outdated, and needs to be updated through a frontend method;
please see the FAQ <https://wiki.debian.org/Teams/Dpkg/FAQ>
+ echo 'g++-4.6 hold'
+ dpkg --set-selections
dpkg: warning: package not in status nor available database at line 1: g++-4.6
dpkg: warning: found unknown packages; this might mean the available database
is outdated, and needs to be updated through a frontend method;
please see the FAQ <https://wiki.debian.org/Teams/Dpkg/FAQ>
+ for VERSION in $VERSIONS
+ rm -f g++-4.7 gcc-4.7 cpp-4.7 gcc
+ ln -s clang++-6.0 g++-4.7
+ ln -s clang-6.0 gcc-4.7
+ ln -s clang-6.0 cpp-4.7
+ ln -s clang-6.0 gcc
+ echo 'gcc-4.7 hold'
+ dpkg --set-selections
dpkg: warning: package not in status nor available database at line 1: gcc-4.7
dpkg: warning: found unknown packages; this might mean the available database
is outdated, and needs to be updated through a frontend method;
please see the FAQ <https://wiki.debian.org/Teams/Dpkg/FAQ>
+ echo 'g++-4.7 hold'
+ dpkg --set-selections
dpkg: warning: package not in status nor available database at line 1: g++-4.7
dpkg: warning: found unknown packages; this might mean the available database
is outdated, and needs to be updated through a frontend method;
please see the FAQ <https://wiki.debian.org/Teams/Dpkg/FAQ>
+ for VERSION in $VERSIONS
+ rm -f g++-4.8 gcc-4.8 cpp-4.8 gcc
+ ln -s clang++-6.0 g++-4.8
+ ln -s clang-6.0 gcc-4.8
+ ln -s clang-6.0 cpp-4.8
+ ln -s clang-6.0 gcc
+ echo 'gcc-4.8 hold'
+ dpkg --set-selections
dpkg: warning: package not in status nor available database at line 1: gcc-4.8
dpkg: warning: found unknown packages; this might mean the available database
is outdated, and needs to be updated through a frontend method;
please see the FAQ <https://wiki.debian.org/Teams/Dpkg/FAQ>
+ echo 'g++-4.8 hold'
+ dpkg --set-selections
dpkg: warning: package not in status nor available database at line 1: g++-4.8
dpkg: warning: found unknown packages; this might mean the available database
is outdated, and needs to be updated through a frontend method;
please see the FAQ <https://wiki.debian.org/Teams/Dpkg/FAQ>
+ for VERSION in $VERSIONS
+ rm -f g++-4.9 gcc-4.9 cpp-4.9 gcc
+ ln -s clang++-6.0 g++-4.9
+ ln -s clang-6.0 gcc-4.9
+ ln -s clang-6.0 cpp-4.9
+ ln -s clang-6.0 gcc
+ echo 'gcc-4.9 hold'
+ dpkg --set-selections
dpkg: warning: package not in status nor available database at line 1: gcc-4.9
dpkg: warning: found unknown packages; this might mean the available database
is outdated, and needs to be updated through a frontend method;
please see the FAQ <https://wiki.debian.org/Teams/Dpkg/FAQ>
+ echo 'g++-4.9 hold'
+ dpkg --set-selections
dpkg: warning: package not in status nor available database at line 1: g++-4.9
dpkg: warning: found unknown packages; this might mean the available database
is outdated, and needs to be updated through a frontend method;
please see the FAQ <https://wiki.debian.org/Teams/Dpkg/FAQ>
+ for VERSION in $VERSIONS
+ rm -f g++-5 gcc-5 cpp-5 gcc
+ ln -s clang++-6.0 g++-5
+ ln -s clang-6.0 gcc-5
+ ln -s clang-6.0 cpp-5
+ ln -s clang-6.0 gcc
+ echo 'gcc-5 hold'
+ dpkg --set-selections
+ echo 'g++-5 hold'
+ dpkg --set-selections
+ for VERSION in $VERSIONS
+ rm -f g++-6 gcc-6 cpp-6 gcc
+ ln -s clang++-6.0 g++-6
+ ln -s clang-6.0 gcc-6
+ ln -s clang-6.0 cpp-6
+ ln -s clang-6.0 gcc
+ echo 'gcc-6 hold'
+ dpkg --set-selections
dpkg: warning: package not in status nor available database at line 1: gcc-6
dpkg: warning: found unknown packages; this might mean the available database
is outdated, and needs to be updated through a frontend method;
please see the FAQ <https://wiki.debian.org/Teams/Dpkg/FAQ>
+ echo 'g++-6 hold'
+ dpkg --set-selections
dpkg: warning: package not in status nor available database at line 1: g++-6
dpkg: warning: found unknown packages; this might mean the available database
is outdated, and needs to be updated through a frontend method;
please see the FAQ <https://wiki.debian.org/Teams/Dpkg/FAQ>
+ for VERSION in $VERSIONS
+ rm -f g++-7 gcc-7 cpp-7 gcc
+ ln -s clang++-6.0 g++-7
+ ln -s clang-6.0 gcc-7
+ ln -s clang-6.0 cpp-7
+ ln -s clang-6.0 gcc
+ echo 'gcc-7 hold'
+ dpkg --set-selections
+ echo 'g++-7 hold'
+ dpkg --set-selections
+ for VERSION in $VERSIONS
+ rm -f g++-8 gcc-8 cpp-8 gcc
+ ln -s clang++-6.0 g++-8
+ ln -s clang-6.0 gcc-8
+ ln -s clang-6.0 cpp-8
+ ln -s clang-6.0 gcc
+ echo 'gcc-8 hold'
+ dpkg --set-selections
dpkg: warning: package not in status nor available database at line 1: gcc-8
dpkg: warning: found unknown packages; this might mean the available database
is outdated, and needs to be updated through a frontend method;
please see the FAQ <https://wiki.debian.org/Teams/Dpkg/FAQ>
+ echo 'g++-8 hold'
+ dpkg --set-selections
dpkg: warning: package not in status nor available database at line 1: g++-8
dpkg: warning: found unknown packages; this might mean the available database
is outdated, and needs to be updated through a frontend method;
please see the FAQ <https://wiki.debian.org/Teams/Dpkg/FAQ>
+ cd -
/build/fmtlib-Toqi7U
+ echo 'Check if gcc, g++ & cpp are actually clang'
Check if gcc, g++ & cpp are actually clang
+ gcc --version
+ grep clang
+ cpp --version
+ grep clang
+ g++ --version
+ grep clang

I: Finished running '/tmp/clang60'.

Finished processing commands.
--------------------------------------------------------------------------------

+------------------------------------------------------------------------------+
| Update chroot                                                                |
+------------------------------------------------------------------------------+

Hit:1 http://127.0.0.1:9999/debian unstable InRelease
Reading package lists...
Reading package lists...
Building dependency tree...
Reading state information...
Calculating upgrade...
The following packages will be upgraded:
  libdebconfclient0
1 upgraded, 0 newly installed, 0 to remove and 0 not upgraded.
Need to get 48.3 kB of archives.
After this operation, 0 B of additional disk space will be used.
Get:1 http://127.0.0.1:9999/debian unstable/main amd64 libdebconfclient0 amd64 0.240 [48.3 kB]
debconf: delaying package configuration, since apt-utils is not installed
Fetched 48.3 kB in 0s (4135 kB/s)
(Reading database ... (Reading database ... 5%(Reading database ... 10%(Reading database ... 15%(Reading database ... 20%(Reading database ... 25%(Reading database ... 30%(Reading database ... 35%(Reading database ... 40%(Reading database ... 45%(Reading database ... 50%(Reading database ... 55%(Reading database ... 60%(Reading database ... 65%(Reading database ... 70%(Reading database ... 75%(Reading database ... 80%(Reading database ... 85%(Reading database ... 90%(Reading database ... 95%(Reading database ... 100%(Reading database ... 10722 files and directories currently installed.)
Preparing to unpack .../libdebconfclient0_0.240_amd64.deb ...
Unpacking libdebconfclient0:amd64 (0.240) over (0.239) ...
Setting up libdebconfclient0:amd64 (0.240) ...
Processing triggers for libc-bin (2.26-6) ...

+------------------------------------------------------------------------------+
| Fetch source files                                                           |
+------------------------------------------------------------------------------+


Check APT
---------

Checking available source versions...

Download source files with APT
------------------------------

Reading package lists...
Need to get 144 kB of source archives.
Get:1 http://127.0.0.1:9999/debian unstable/main fmtlib 4.0.0+ds-2 (dsc) [1840 B]
Get:2 http://127.0.0.1:9999/debian unstable/main fmtlib 4.0.0+ds-2 (tar) [131 kB]
Get:3 http://127.0.0.1:9999/debian unstable/main fmtlib 4.0.0+ds-2 (diff) [10.8 kB]
Fetched 144 kB in 0s (750 kB/s)
Download complete and in download only mode
I: NOTICE: Log filtering will replace 'build/fmtlib-Toqi7U/fmtlib-4.0.0+ds' with '<<PKGBUILDDIR>>'
I: NOTICE: Log filtering will replace 'build/fmtlib-Toqi7U' with '<<BUILDDIR>>'

+------------------------------------------------------------------------------+
| Install build-essential                                                      |
+------------------------------------------------------------------------------+


Setup apt archive
-----------------

Merged Build-Depends: build-essential, fakeroot
Filtered Build-Depends: build-essential, fakeroot
dpkg-deb: building package 'sbuild-build-depends-core-dummy' in '/<<BUILDDIR>>/resolver-NqpuJL/apt_archive/sbuild-build-depends-core-dummy.deb'.
dpkg-scanpackages: warning: Packages in archive but missing from override file:
dpkg-scanpackages: warning:   sbuild-build-depends-core-dummy
dpkg-scanpackages: info: Wrote 1 entries to output Packages file.
Ign:1 copy:/<<BUILDDIR>>/resolver-NqpuJL/apt_archive ./ InRelease
Get:2 copy:/<<BUILDDIR>>/resolver-NqpuJL/apt_archive ./ Release [957 B]
Ign:3 copy:/<<BUILDDIR>>/resolver-NqpuJL/apt_archive ./ Release.gpg
Get:4 copy:/<<BUILDDIR>>/resolver-NqpuJL/apt_archive ./ Sources [349 B]
Get:5 copy:/<<BUILDDIR>>/resolver-NqpuJL/apt_archive ./ Packages [431 B]
Fetched 1737 B in 0s (123 kB/s)
Reading package lists...
Reading package lists...

Install core build dependencies (apt-based resolver)
----------------------------------------------------

Installing build dependencies
Reading package lists...
Building dependency tree...
Reading state information...
The following NEW packages will be installed:
  sbuild-build-depends-core-dummy
0 upgraded, 1 newly installed, 0 to remove and 0 not upgraded.
Need to get 856 B of archives.
After this operation, 0 B of additional disk space will be used.
Get:1 copy:/<<BUILDDIR>>/resolver-NqpuJL/apt_archive ./ sbuild-build-depends-core-dummy 0.invalid.0 [856 B]
debconf: delaying package configuration, since apt-utils is not installed
Fetched 856 B in 0s (0 B/s)
Selecting previously unselected package sbuild-build-depends-core-dummy.
(Reading database ... 10722 files and directories currently installed.)
Preparing to unpack .../sbuild-build-depends-core-dummy_0.invalid.0_amd64.deb ...
Unpacking sbuild-build-depends-core-dummy (0.invalid.0) ...
Setting up sbuild-build-depends-core-dummy (0.invalid.0) ...

+------------------------------------------------------------------------------+
| Check architectures                                                          |
+------------------------------------------------------------------------------+

Arch check ok (amd64 included in any all)

+------------------------------------------------------------------------------+
| Install package build dependencies                                           |
+------------------------------------------------------------------------------+


Setup apt archive
-----------------

Merged Build-Depends: cmake, debhelper (>= 9), googletest, python3-sphinx, python3-breathe, doxygen
Filtered Build-Depends: cmake, debhelper (>= 9), googletest, python3-sphinx, python3-breathe, doxygen
dpkg-deb: building package 'sbuild-build-depends-fmtlib-dummy' in '/<<BUILDDIR>>/resolver-NqpuJL/apt_archive/sbuild-build-depends-fmtlib-dummy.deb'.
dpkg-scanpackages: warning: Packages in archive but missing from override file:
dpkg-scanpackages: warning:   sbuild-build-depends-core-dummy sbuild-build-depends-fmtlib-dummy
dpkg-scanpackages: info: Wrote 2 entries to output Packages file.
Ign:1 copy:/<<BUILDDIR>>/resolver-NqpuJL/apt_archive ./ InRelease
Get:2 copy:/<<BUILDDIR>>/resolver-NqpuJL/apt_archive ./ Release [963 B]
Ign:3 copy:/<<BUILDDIR>>/resolver-NqpuJL/apt_archive ./ Release.gpg
Get:4 copy:/<<BUILDDIR>>/resolver-NqpuJL/apt_archive ./ Sources [524 B]
Get:5 copy:/<<BUILDDIR>>/resolver-NqpuJL/apt_archive ./ Packages [605 B]
Fetched 2092 B in 0s (149 kB/s)
Reading package lists...
Reading package lists...

Install fmtlib build dependencies (apt-based resolver)
------------------------------------------------------

Installing build dependencies
Reading package lists...
Building dependency tree...
Reading state information...
The following additional packages will be installed:
  autoconf automake autopoint autotools-dev bsdmainutils ca-certificates cmake
  cmake-data debhelper dh-autoreconf dh-python dh-strip-nondeterminism
  docutils-common doxygen file gettext gettext-base googletest groff-base
  intltool-debian libarchive-zip-perl libarchive13 libclang1-5.0 libcroco3
  libcurl3 libexpat1 libfile-stripnondeterminism-perl libglib2.0-0
  libgssapi-krb5-2 libicu57 libjs-jquery libjs-sphinxdoc libjs-underscore
  libk5crypto3 libkeyutils1 libkrb5-3 libkrb5support0 libldap-2.4-2
  libldap-common libllvm5.0 liblzo2-2 libmagic-mgc libmagic1 libmpdec2
  libnghttp2-14 libpipeline1 libprocps6 libpsl5 libpython-stdlib
  libpython2.7-minimal libpython2.7-stdlib libpython3-stdlib
  libpython3.6-minimal libpython3.6-stdlib libreadline7 librhash0 librtmp1
  libsasl2-2 libsasl2-modules-db libsigsegv2 libsqlite3-0 libssh2-1
  libssl1.0.2 libssl1.1 libtimedate-perl libtool libuv1 libxapian30 libxml2
  lsb-base m4 man-db mime-support openssl po-debconf procps python
  python-babel-localedata python-minimal python2.7 python2.7-minimal python3
  python3-alabaster python3-babel python3-breathe python3-certifi
  python3-chardet python3-distutils python3-docutils python3-idna
  python3-imagesize python3-jinja2 python3-lib2to3 python3-markupsafe
  python3-minimal python3-pkg-resources python3-pygments python3-requests
  python3-roman python3-six python3-sphinx python3-tz python3-urllib3
  python3.6 python3.6-minimal readline-common sgml-base sphinx-common tzdata
  xml-core
Suggested packages:
  autoconf-archive gnu-standards autoconf-doc wamerican | wordlist whois
  vacation ninja-build dh-make dwz doxygen-latex doxygen-doc doxygen-gui
  graphviz gettext-doc libasprintf-dev libgettextpo-dev groff lrzip krb5-doc
  krb5-user libtool-doc gfortran | fortran95-compiler gcj-jdk xapian-tools
  m4-doc less www-browser apparmor libmail-box-perl python-doc python-tk
  python2.7-doc binfmt-support python3-doc python3-tk python3-venv breathe-doc
  docutils-doc fonts-linuxlibertine | ttf-linux-libertine texlive-lang-french
  texlive-latex-base texlive-latex-recommended python-jinja2-doc
  python3-setuptools ttf-bitstream-vera python3-cryptography python3-openssl
  python3-socks python3-sphinx-rtd-theme libjs-mathjax dvipng
  texlive-latex-extra texlive-fonts-recommended texlive-generic-extra latexmk
  imagemagick-6.q16 sphinx-doc python3.6-venv python3.6-doc readline-doc
  sgml-base-doc
Recommended packages:
  curl | wget | lynx-cur libarchive-cpio-perl libglib2.0-data shared-mime-info
  xdg-user-dirs javascript-common krb5-locales publicsuffix libsasl2-modules
  libltdl-dev libmail-sendmail-perl psmisc libpaper-utils python3-pil
The following NEW packages will be installed:
  autoconf automake autopoint autotools-dev bsdmainutils ca-certificates cmake
  cmake-data debhelper dh-autoreconf dh-python dh-strip-nondeterminism
  docutils-common doxygen file gettext gettext-base googletest groff-base
  intltool-debian libarchive-zip-perl libarchive13 libclang1-5.0 libcroco3
  libcurl3 libexpat1 libfile-stripnondeterminism-perl libglib2.0-0
  libgssapi-krb5-2 libicu57 libjs-jquery libjs-sphinxdoc libjs-underscore
  libk5crypto3 libkeyutils1 libkrb5-3 libkrb5support0 libldap-2.4-2
  libldap-common libllvm5.0 liblzo2-2 libmagic-mgc libmagic1 libmpdec2
  libnghttp2-14 libpipeline1 libprocps6 libpsl5 libpython-stdlib
  libpython2.7-minimal libpython2.7-stdlib libpython3-stdlib
  libpython3.6-minimal libpython3.6-stdlib libreadline7 librhash0 librtmp1
  libsasl2-2 libsasl2-modules-db libsigsegv2 libsqlite3-0 libssh2-1
  libssl1.0.2 libssl1.1 libtimedate-perl libtool libuv1 libxapian30 libxml2
  lsb-base m4 man-db mime-support openssl po-debconf procps python
  python-babel-localedata python-minimal python2.7 python2.7-minimal python3
  python3-alabaster python3-babel python3-breathe python3-certifi
  python3-chardet python3-distutils python3-docutils python3-idna
  python3-imagesize python3-jinja2 python3-lib2to3 python3-markupsafe
  python3-minimal python3-pkg-resources python3-pygments python3-requests
  python3-roman python3-six python3-sphinx python3-tz python3-urllib3
  python3.6 python3.6-minimal readline-common
  sbuild-build-depends-fmtlib-dummy sgml-base sphinx-common tzdata xml-core
0 upgraded, 111 newly installed, 0 to remove and 0 not upgraded.
Need to get 72.8 MB of archives.
After this operation, 295 MB of additional disk space will be used.
Get:1 copy:/<<BUILDDIR>>/resolver-NqpuJL/apt_archive ./ sbuild-build-depends-fmtlib-dummy 0.invalid.0 [892 B]
Get:2 http://127.0.0.1:9999/debian unstable/main amd64 groff-base amd64 1.22.3-9 [1160 kB]
Get:3 http://127.0.0.1:9999/debian unstable/main amd64 bsdmainutils amd64 11.1.2 [190 kB]
Get:4 http://127.0.0.1:9999/debian unstable/main amd64 libpipeline1 amd64 1.5.0-1 [29.0 kB]
Get:5 http://127.0.0.1:9999/debian unstable/main amd64 man-db amd64 2.8.0-2 [1170 kB]
Get:6 http://127.0.0.1:9999/debian unstable/main amd64 libpython2.7-minimal amd64 2.7.14-6 [393 kB]
Get:7 http://127.0.0.1:9999/debian unstable/main amd64 python2.7-minimal amd64 2.7.14-6 [1353 kB]
Get:8 http://127.0.0.1:9999/debian unstable/main amd64 python-minimal amd64 2.7.14-4 [41.0 kB]
Get:9 http://127.0.0.1:9999/debian unstable/main amd64 mime-support all 3.60 [36.7 kB]
Get:10 http://127.0.0.1:9999/debian unstable/main amd64 libexpat1 amd64 2.2.5-3 [96.8 kB]
Get:11 http://127.0.0.1:9999/debian unstable/main amd64 readline-common all 7.0-3 [70.4 kB]
Get:12 http://127.0.0.1:9999/debian unstable/main amd64 libreadline7 amd64 7.0-3 [151 kB]
Get:13 http://127.0.0.1:9999/debian unstable/main amd64 libsqlite3-0 amd64 3.22.0-1 [595 kB]
Get:14 http://127.0.0.1:9999/debian unstable/main amd64 libssl1.1 amd64 1.1.0g-2 [1346 kB]
Get:15 http://127.0.0.1:9999/debian unstable/main amd64 libpython2.7-stdlib amd64 2.7.14-6 [1912 kB]
Get:16 http://127.0.0.1:9999/debian unstable/main amd64 python2.7 amd64 2.7.14-6 [293 kB]
Get:17 http://127.0.0.1:9999/debian unstable/main amd64 libpython-stdlib amd64 2.7.14-4 [20.4 kB]
Get:18 http://127.0.0.1:9999/debian unstable/main amd64 python amd64 2.7.14-4 [155 kB]
Get:19 http://127.0.0.1:9999/debian unstable/main amd64 cmake-data all 3.9.5-1 [1285 kB]
Get:20 http://127.0.0.1:9999/debian unstable/main amd64 libprocps6 amd64 2:3.3.12-3 [58.1 kB]
Get:21 http://127.0.0.1:9999/debian unstable/main amd64 lsb-base all 9.20170808 [28.1 kB]
Get:22 http://127.0.0.1:9999/debian unstable/main amd64 procps amd64 2:3.3.12-3 [249 kB]
Get:23 http://127.0.0.1:9999/debian unstable/main amd64 liblzo2-2 amd64 2.08-1.2+b2 [55.0 kB]
Get:24 http://127.0.0.1:9999/debian unstable/main amd64 libicu57 amd64 57.1-8 [7699 kB]
Get:25 http://127.0.0.1:9999/debian unstable/main amd64 libxml2 amd64 2.9.4+dfsg1-6.1 [725 kB]
Get:26 http://127.0.0.1:9999/debian unstable/main amd64 libarchive13 amd64 3.2.2-3.1 [296 kB]
Get:27 http://127.0.0.1:9999/debian unstable/main amd64 libkeyutils1 amd64 1.5.9-9.2 [12.9 kB]
Get:28 http://127.0.0.1:9999/debian unstable/main amd64 libkrb5support0 amd64 1.16-2 [62.8 kB]
Get:29 http://127.0.0.1:9999/debian unstable/main amd64 libk5crypto3 amd64 1.16-2 [121 kB]
Get:30 http://127.0.0.1:9999/debian unstable/main amd64 libkrb5-3 amd64 1.16-2 [316 kB]
Get:31 http://127.0.0.1:9999/debian unstable/main amd64 libgssapi-krb5-2 amd64 1.16-2 [158 kB]
Get:32 http://127.0.0.1:9999/debian unstable/main amd64 libsasl2-modules-db amd64 2.1.27~101-g0780600+dfsg-3 [68.2 kB]
Get:33 http://127.0.0.1:9999/debian unstable/main amd64 libsasl2-2 amd64 2.1.27~101-g0780600+dfsg-3 [105 kB]
Get:34 http://127.0.0.1:9999/debian unstable/main amd64 libldap-common all 2.4.45+dfsg-1 [87.0 kB]
Get:35 http://127.0.0.1:9999/debian unstable/main amd64 libldap-2.4-2 amd64 2.4.45+dfsg-1 [223 kB]
Get:36 http://127.0.0.1:9999/debian unstable/main amd64 libnghttp2-14 amd64 1.29.0-1 [81.7 kB]
Get:37 http://127.0.0.1:9999/debian unstable/main amd64 libpsl5 amd64 0.19.1-4 [44.4 kB]
Get:38 http://127.0.0.1:9999/debian unstable/main amd64 librtmp1 amd64 2.4+20151223.gitfa8646d.1-1+b1 [60.4 kB]
Get:39 http://127.0.0.1:9999/debian unstable/main amd64 libssh2-1 amd64 1.8.0-1 [138 kB]
Get:40 http://127.0.0.1:9999/debian unstable/main amd64 libssl1.0.2 amd64 1.0.2n-1 [1296 kB]
Get:41 http://127.0.0.1:9999/debian unstable/main amd64 libcurl3 amd64 7.58.0-2 [312 kB]
Get:42 http://127.0.0.1:9999/debian unstable/main amd64 librhash0 amd64 1.3.4-3 [85.7 kB]
Get:43 http://127.0.0.1:9999/debian unstable/main amd64 libuv1 amd64 1.18.0-3 [98.5 kB]
Get:44 http://127.0.0.1:9999/debian unstable/main amd64 cmake amd64 3.9.5-1 [3122 kB]
Get:45 http://127.0.0.1:9999/debian unstable/main amd64 libpython3.6-minimal amd64 3.6.4-3 [571 kB]
Get:46 http://127.0.0.1:9999/debian unstable/main amd64 python3.6-minimal amd64 3.6.4-3 [1465 kB]
Get:47 http://127.0.0.1:9999/debian unstable/main amd64 python3-minimal amd64 3.6.4-1 [35.8 kB]
Get:48 http://127.0.0.1:9999/debian unstable/main amd64 libmpdec2 amd64 2.4.2-1 [85.2 kB]
Get:49 http://127.0.0.1:9999/debian unstable/main amd64 libpython3.6-stdlib amd64 3.6.4-3 [1644 kB]
Get:50 http://127.0.0.1:9999/debian unstable/main amd64 python3-lib2to3 all 3.6.4-3 [78.8 kB]
Get:51 http://127.0.0.1:9999/debian unstable/main amd64 python3-distutils all 3.6.4-3 [147 kB]
Get:52 http://127.0.0.1:9999/debian unstable/main amd64 python3.6 amd64 3.6.4-3 [223 kB]
Get:53 http://127.0.0.1:9999/debian unstable/main amd64 libpython3-stdlib amd64 3.6.4-1 [19.3 kB]
Get:54 http://127.0.0.1:9999/debian unstable/main amd64 dh-python all 2.20170125 [86.8 kB]
Get:55 http://127.0.0.1:9999/debian unstable/main amd64 python3 amd64 3.6.4-1 [22.3 kB]
Get:56 http://127.0.0.1:9999/debian unstable/main amd64 sgml-base all 1.29 [14.8 kB]
Get:57 http://127.0.0.1:9999/debian unstable/main amd64 tzdata all 2018c-1 [250 kB]
Get:58 http://127.0.0.1:9999/debian unstable/main amd64 libmagic-mgc amd64 1:5.32-1 [225 kB]
Get:59 http://127.0.0.1:9999/debian unstable/main amd64 libmagic1 amd64 1:5.32-1 [111 kB]
Get:60 http://127.0.0.1:9999/debian unstable/main amd64 file amd64 1:5.32-1 [64.4 kB]
Get:61 http://127.0.0.1:9999/debian unstable/main amd64 gettext-base amd64 0.19.8.1-4 [122 kB]
Get:62 http://127.0.0.1:9999/debian unstable/main amd64 libsigsegv2 amd64 2.12-1 [32.7 kB]
Get:63 http://127.0.0.1:9999/debian unstable/main amd64 m4 amd64 1.4.18-1 [202 kB]
Get:64 http://127.0.0.1:9999/debian unstable/main amd64 autoconf all 2.69-11 [341 kB]
Get:65 http://127.0.0.1:9999/debian unstable/main amd64 autotools-dev all 20171216.1 [75.9 kB]
Get:66 http://127.0.0.1:9999/debian unstable/main amd64 automake all 1:1.15.1-3 [736 kB]
Get:67 http://127.0.0.1:9999/debian unstable/main amd64 autopoint all 0.19.8.1-4 [434 kB]
Get:68 http://127.0.0.1:9999/debian unstable/main amd64 openssl amd64 1.1.0g-2 [741 kB]
Get:69 http://127.0.0.1:9999/debian unstable/main amd64 ca-certificates all 20170717 [178 kB]
Get:70 http://127.0.0.1:9999/debian unstable/main amd64 libtool all 2.4.6-2 [545 kB]
Get:71 http://127.0.0.1:9999/debian unstable/main amd64 dh-autoreconf all 16 [16.3 kB]
Get:72 http://127.0.0.1:9999/debian unstable/main amd64 libarchive-zip-perl all 1.60-1 [95.6 kB]
Get:73 http://127.0.0.1:9999/debian unstable/main amd64 libfile-stripnondeterminism-perl all 0.040-1 [18.4 kB]
Get:74 http://127.0.0.1:9999/debian unstable/main amd64 libtimedate-perl all 2.3000-2 [42.2 kB]
Get:75 http://127.0.0.1:9999/debian unstable/main amd64 dh-strip-nondeterminism all 0.040-1 [11.8 kB]
Get:76 http://127.0.0.1:9999/debian unstable/main amd64 libglib2.0-0 amd64 2.54.3-2 [2822 kB]
Get:77 http://127.0.0.1:9999/debian unstable/main amd64 libcroco3 amd64 0.6.12-2 [144 kB]
Get:78 http://127.0.0.1:9999/debian unstable/main amd64 gettext amd64 0.19.8.1-4 [1302 kB]
Get:79 http://127.0.0.1:9999/debian unstable/main amd64 intltool-debian all 0.35.0+20060710.4 [26.3 kB]
Get:80 http://127.0.0.1:9999/debian unstable/main amd64 po-debconf all 1.0.20 [247 kB]
Get:81 http://127.0.0.1:9999/debian unstable/main amd64 debhelper all 11.1.4 [1005 kB]
Get:82 http://127.0.0.1:9999/debian unstable/main amd64 xml-core all 0.18 [23.4 kB]
Get:83 http://127.0.0.1:9999/debian unstable/main amd64 docutils-common all 0.14+dfsg-2 [204 kB]
Get:84 http://127.0.0.1:9999/debian unstable/main amd64 libllvm5.0 amd64 1:5.0.1-2 [13.7 MB]
Get:85 http://127.0.0.1:9999/debian unstable/main amd64 libclang1-5.0 amd64 1:5.0.1-2 [6752 kB]
Get:86 http://127.0.0.1:9999/debian unstable/main amd64 libxapian30 amd64 1.4.5-1 [1056 kB]
Get:87 http://127.0.0.1:9999/debian unstable/main amd64 doxygen amd64 1.8.13-9 [3986 kB]
Get:88 http://127.0.0.1:9999/debian unstable/main amd64 googletest amd64 1.8.0-6 [653 kB]
Get:89 http://127.0.0.1:9999/debian unstable/main amd64 libjs-jquery all 3.2.1-1 [154 kB]
Get:90 http://127.0.0.1:9999/debian unstable/main amd64 libjs-underscore all 1.8.3~dfsg-1 [63.8 kB]
Get:91 http://127.0.0.1:9999/debian unstable/main amd64 libjs-sphinxdoc all 1.6.6-2 [85.1 kB]
Get:92 http://127.0.0.1:9999/debian unstable/main amd64 python-babel-localedata all 2.4.0+dfsg.1-2 [3415 kB]
Get:93 http://127.0.0.1:9999/debian unstable/main amd64 python3-alabaster all 0.7.8-1 [18.4 kB]
Get:94 http://127.0.0.1:9999/debian unstable/main amd64 python3-pkg-resources all 38.4.0-1 [142 kB]
Get:95 http://127.0.0.1:9999/debian unstable/main amd64 python3-tz all 2017.2-2 [27.3 kB]
Get:96 http://127.0.0.1:9999/debian unstable/main amd64 python3-babel all 2.4.0+dfsg.1-2 [83.7 kB]
Get:97 http://127.0.0.1:9999/debian unstable/main amd64 python3-roman all 2.0.0-3 [8768 B]
Get:98 http://127.0.0.1:9999/debian unstable/main amd64 python3-docutils all 0.14+dfsg-2 [377 kB]
Get:99 http://127.0.0.1:9999/debian unstable/main amd64 python3-six all 1.11.0-1 [15.0 kB]
Get:100 http://127.0.0.1:9999/debian unstable/main amd64 python3-pygments all 2.2.0+dfsg-1 [588 kB]
Get:101 http://127.0.0.1:9999/debian unstable/main amd64 python3-markupsafe amd64 1.0-1+b1 [14.5 kB]
Get:102 http://127.0.0.1:9999/debian unstable/main amd64 python3-jinja2 all 2.10-1 [106 kB]
Get:103 http://127.0.0.1:9999/debian unstable/main amd64 python3-imagesize all 0.7.1-1 [3886 B]
Get:104 http://127.0.0.1:9999/debian unstable/main amd64 python3-certifi all 2018.1.18-2 [144 kB]
Get:105 http://127.0.0.1:9999/debian unstable/main amd64 python3-chardet all 3.0.4-1 [80.2 kB]
Get:106 http://127.0.0.1:9999/debian unstable/main amd64 python3-idna all 2.6-1 [34.3 kB]
Get:107 http://127.0.0.1:9999/debian unstable/main amd64 python3-urllib3 all 1.22-1 [97.9 kB]
Get:108 http://127.0.0.1:9999/debian unstable/main amd64 python3-requests all 2.18.4-1 [77.0 kB]
Get:109 http://127.0.0.1:9999/debian unstable/main amd64 sphinx-common all 1.6.6-2 [420 kB]
Get:110 http://127.0.0.1:9999/debian unstable/main amd64 python3-sphinx all 1.6.6-2 [458 kB]
Get:111 http://127.0.0.1:9999/debian unstable/main amd64 python3-breathe all 4.7.3-1 [55.9 kB]
debconf: delaying package configuration, since apt-utils is not installed
Fetched 72.8 MB in 1s (87.7 MB/s)
Selecting previously unselected package groff-base.
(Reading database ... 10722 files and directories currently installed.)
Preparing to unpack .../00-groff-base_1.22.3-9_amd64.deb ...
Unpacking groff-base (1.22.3-9) ...
Selecting previously unselected package bsdmainutils.
Preparing to unpack .../01-bsdmainutils_11.1.2_amd64.deb ...
Unpacking bsdmainutils (11.1.2) ...
Selecting previously unselected package libpipeline1:amd64.
Preparing to unpack .../02-libpipeline1_1.5.0-1_amd64.deb ...
Unpacking libpipeline1:amd64 (1.5.0-1) ...
Selecting previously unselected package man-db.
Preparing to unpack .../03-man-db_2.8.0-2_amd64.deb ...
Unpacking man-db (2.8.0-2) ...
Selecting previously unselected package libpython2.7-minimal:amd64.
Preparing to unpack .../04-libpython2.7-minimal_2.7.14-6_amd64.deb ...
Unpacking libpython2.7-minimal:amd64 (2.7.14-6) ...
Selecting previously unselected package python2.7-minimal.
Preparing to unpack .../05-python2.7-minimal_2.7.14-6_amd64.deb ...
Unpacking python2.7-minimal (2.7.14-6) ...
Selecting previously unselected package python-minimal.
Preparing to unpack .../06-python-minimal_2.7.14-4_amd64.deb ...
Unpacking python-minimal (2.7.14-4) ...
Selecting previously unselected package mime-support.
Preparing to unpack .../07-mime-support_3.60_all.deb ...
Unpacking mime-support (3.60) ...
Selecting previously unselected package libexpat1:amd64.
Preparing to unpack .../08-libexpat1_2.2.5-3_amd64.deb ...
Unpacking libexpat1:amd64 (2.2.5-3) ...
Selecting previously unselected package readline-common.
Preparing to unpack .../09-readline-common_7.0-3_all.deb ...
Unpacking readline-common (7.0-3) ...
Selecting previously unselected package libreadline7:amd64.
Preparing to unpack .../10-libreadline7_7.0-3_amd64.deb ...
Unpacking libreadline7:amd64 (7.0-3) ...
Selecting previously unselected package libsqlite3-0:amd64.
Preparing to unpack .../11-libsqlite3-0_3.22.0-1_amd64.deb ...
Unpacking libsqlite3-0:amd64 (3.22.0-1) ...
Selecting previously unselected package libssl1.1:amd64.
Preparing to unpack .../12-libssl1.1_1.1.0g-2_amd64.deb ...
Unpacking libssl1.1:amd64 (1.1.0g-2) ...
Selecting previously unselected package libpython2.7-stdlib:amd64.
Preparing to unpack .../13-libpython2.7-stdlib_2.7.14-6_amd64.deb ...
Unpacking libpython2.7-stdlib:amd64 (2.7.14-6) ...
Selecting previously unselected package python2.7.
Preparing to unpack .../14-python2.7_2.7.14-6_amd64.deb ...
Unpacking python2.7 (2.7.14-6) ...
Selecting previously unselected package libpython-stdlib:amd64.
Preparing to unpack .../15-libpython-stdlib_2.7.14-4_amd64.deb ...
Unpacking libpython-stdlib:amd64 (2.7.14-4) ...
Setting up libpython2.7-minimal:amd64 (2.7.14-6) ...
Setting up python2.7-minimal (2.7.14-6) ...
Setting up python-minimal (2.7.14-4) ...
Selecting previously unselected package python.
(Reading database ... 12152 files and directories currently installed.)
Preparing to unpack .../00-python_2.7.14-4_amd64.deb ...
Unpacking python (2.7.14-4) ...
Selecting previously unselected package cmake-data.
Preparing to unpack .../01-cmake-data_3.9.5-1_all.deb ...
Unpacking cmake-data (3.9.5-1) ...
Selecting previously unselected package libprocps6:amd64.
Preparing to unpack .../02-libprocps6_2%3a3.3.12-3_amd64.deb ...
Unpacking libprocps6:amd64 (2:3.3.12-3) ...
Selecting previously unselected package lsb-base.
Preparing to unpack .../03-lsb-base_9.20170808_all.deb ...
Unpacking lsb-base (9.20170808) ...
Selecting previously unselected package procps.
Preparing to unpack .../04-procps_2%3a3.3.12-3_amd64.deb ...
Unpacking procps (2:3.3.12-3) ...
Selecting previously unselected package liblzo2-2:amd64.
Preparing to unpack .../05-liblzo2-2_2.08-1.2+b2_amd64.deb ...
Unpacking liblzo2-2:amd64 (2.08-1.2+b2) ...
Selecting previously unselected package libicu57:amd64.
Preparing to unpack .../06-libicu57_57.1-8_amd64.deb ...
Unpacking libicu57:amd64 (57.1-8) ...
Selecting previously unselected package libxml2:amd64.
Preparing to unpack .../07-libxml2_2.9.4+dfsg1-6.1_amd64.deb ...
Unpacking libxml2:amd64 (2.9.4+dfsg1-6.1) ...
Selecting previously unselected package libarchive13:amd64.
Preparing to unpack .../08-libarchive13_3.2.2-3.1_amd64.deb ...
Unpacking libarchive13:amd64 (3.2.2-3.1) ...
Selecting previously unselected package libkeyutils1:amd64.
Preparing to unpack .../09-libkeyutils1_1.5.9-9.2_amd64.deb ...
Unpacking libkeyutils1:amd64 (1.5.9-9.2) ...
Selecting previously unselected package libkrb5support0:amd64.
Preparing to unpack .../10-libkrb5support0_1.16-2_amd64.deb ...
Unpacking libkrb5support0:amd64 (1.16-2) ...
Selecting previously unselected package libk5crypto3:amd64.
Preparing to unpack .../11-libk5crypto3_1.16-2_amd64.deb ...
Unpacking libk5crypto3:amd64 (1.16-2) ...
Selecting previously unselected package libkrb5-3:amd64.
Preparing to unpack .../12-libkrb5-3_1.16-2_amd64.deb ...
Unpacking libkrb5-3:amd64 (1.16-2) ...
Selecting previously unselected package libgssapi-krb5-2:amd64.
Preparing to unpack .../13-libgssapi-krb5-2_1.16-2_amd64.deb ...
Unpacking libgssapi-krb5-2:amd64 (1.16-2) ...
Selecting previously unselected package libsasl2-modules-db:amd64.
Preparing to unpack .../14-libsasl2-modules-db_2.1.27~101-g0780600+dfsg-3_amd64.deb ...
Unpacking libsasl2-modules-db:amd64 (2.1.27~101-g0780600+dfsg-3) ...
Selecting previously unselected package libsasl2-2:amd64.
Preparing to unpack .../15-libsasl2-2_2.1.27~101-g0780600+dfsg-3_amd64.deb ...
Unpacking libsasl2-2:amd64 (2.1.27~101-g0780600+dfsg-3) ...
Selecting previously unselected package libldap-common.
Preparing to unpack .../16-libldap-common_2.4.45+dfsg-1_all.deb ...
Unpacking libldap-common (2.4.45+dfsg-1) ...
Selecting previously unselected package libldap-2.4-2:amd64.
Preparing to unpack .../17-libldap-2.4-2_2.4.45+dfsg-1_amd64.deb ...
Unpacking libldap-2.4-2:amd64 (2.4.45+dfsg-1) ...
Selecting previously unselected package libnghttp2-14:amd64.
Preparing to unpack .../18-libnghttp2-14_1.29.0-1_amd64.deb ...
Unpacking libnghttp2-14:amd64 (1.29.0-1) ...
Selecting previously unselected package libpsl5:amd64.
Preparing to unpack .../19-libpsl5_0.19.1-4_amd64.deb ...
Unpacking libpsl5:amd64 (0.19.1-4) ...
Selecting previously unselected package librtmp1:amd64.
Preparing to unpack .../20-librtmp1_2.4+20151223.gitfa8646d.1-1+b1_amd64.deb ...
Unpacking librtmp1:amd64 (2.4+20151223.gitfa8646d.1-1+b1) ...
Selecting previously unselected package libssh2-1:amd64.
Preparing to unpack .../21-libssh2-1_1.8.0-1_amd64.deb ...
Unpacking libssh2-1:amd64 (1.8.0-1) ...
Selecting previously unselected package libssl1.0.2:amd64.
Preparing to unpack .../22-libssl1.0.2_1.0.2n-1_amd64.deb ...
Unpacking libssl1.0.2:amd64 (1.0.2n-1) ...
Selecting previously unselected package libcurl3:amd64.
Preparing to unpack .../23-libcurl3_7.58.0-2_amd64.deb ...
Unpacking libcurl3:amd64 (7.58.0-2) ...
Selecting previously unselected package librhash0.
Preparing to unpack .../24-librhash0_1.3.4-3_amd64.deb ...
Unpacking librhash0 (1.3.4-3) ...
Selecting previously unselected package libuv1:amd64.
Preparing to unpack .../25-libuv1_1.18.0-3_amd64.deb ...
Unpacking libuv1:amd64 (1.18.0-3) ...
Selecting previously unselected package cmake.
Preparing to unpack .../26-cmake_3.9.5-1_amd64.deb ...
Unpacking cmake (3.9.5-1) ...
Selecting previously unselected package libpython3.6-minimal:amd64.
Preparing to unpack .../27-libpython3.6-minimal_3.6.4-3_amd64.deb ...
Unpacking libpython3.6-minimal:amd64 (3.6.4-3) ...
Selecting previously unselected package python3.6-minimal.
Preparing to unpack .../28-python3.6-minimal_3.6.4-3_amd64.deb ...
Unpacking python3.6-minimal (3.6.4-3) ...
Selecting previously unselected package python3-minimal.
Preparing to unpack .../29-python3-minimal_3.6.4-1_amd64.deb ...
Unpacking python3-minimal (3.6.4-1) ...
Selecting previously unselected package libmpdec2:amd64.
Preparing to unpack .../30-libmpdec2_2.4.2-1_amd64.deb ...
Unpacking libmpdec2:amd64 (2.4.2-1) ...
Selecting previously unselected package libpython3.6-stdlib:amd64.
Preparing to unpack .../31-libpython3.6-stdlib_3.6.4-3_amd64.deb ...
Unpacking libpython3.6-stdlib:amd64 (3.6.4-3) ...
Selecting previously unselected package python3-lib2to3.
Preparing to unpack .../32-python3-lib2to3_3.6.4-3_all.deb ...
Unpacking python3-lib2to3 (3.6.4-3) ...
Selecting previously unselected package python3-distutils.
Preparing to unpack .../33-python3-distutils_3.6.4-3_all.deb ...
Unpacking python3-distutils (3.6.4-3) ...
Selecting previously unselected package python3.6.
Preparing to unpack .../34-python3.6_3.6.4-3_amd64.deb ...
Unpacking python3.6 (3.6.4-3) ...
Selecting previously unselected package libpython3-stdlib:amd64.
Preparing to unpack .../35-libpython3-stdlib_3.6.4-1_amd64.deb ...
Unpacking libpython3-stdlib:amd64 (3.6.4-1) ...
Selecting previously unselected package dh-python.
Preparing to unpack .../36-dh-python_2.20170125_all.deb ...
Unpacking dh-python (2.20170125) ...
Setting up libssl1.1:amd64 (1.1.0g-2) ...
Setting up libpython3.6-minimal:amd64 (3.6.4-3) ...
Setting up libexpat1:amd64 (2.2.5-3) ...
Setting up python3.6-minimal (3.6.4-3) ...
Setting up python3-minimal (3.6.4-1) ...
Selecting previously unselected package python3.
(Reading database ... 15751 files and directories currently installed.)
Preparing to unpack .../00-python3_3.6.4-1_amd64.deb ...
Unpacking python3 (3.6.4-1) ...
Selecting previously unselected package sgml-base.
Preparing to unpack .../01-sgml-base_1.29_all.deb ...
Unpacking sgml-base (1.29) ...
Selecting previously unselected package tzdata.
Preparing to unpack .../02-tzdata_2018c-1_all.deb ...
Unpacking tzdata (2018c-1) ...
Selecting previously unselected package libmagic-mgc.
Preparing to unpack .../03-libmagic-mgc_1%3a5.32-1_amd64.deb ...
Unpacking libmagic-mgc (1:5.32-1) ...
Selecting previously unselected package libmagic1:amd64.
Preparing to unpack .../04-libmagic1_1%3a5.32-1_amd64.deb ...
Unpacking libmagic1:amd64 (1:5.32-1) ...
Selecting previously unselected package file.
Preparing to unpack .../05-file_1%3a5.32-1_amd64.deb ...
Unpacking file (1:5.32-1) ...
Selecting previously unselected package gettext-base.
Preparing to unpack .../06-gettext-base_0.19.8.1-4_amd64.deb ...
Unpacking gettext-base (0.19.8.1-4) ...
Selecting previously unselected package libsigsegv2:amd64.
Preparing to unpack .../07-libsigsegv2_2.12-1_amd64.deb ...
Unpacking libsigsegv2:amd64 (2.12-1) ...
Selecting previously unselected package m4.
Preparing to unpack .../08-m4_1.4.18-1_amd64.deb ...
Unpacking m4 (1.4.18-1) ...
Selecting previously unselected package autoconf.
Preparing to unpack .../09-autoconf_2.69-11_all.deb ...
Unpacking autoconf (2.69-11) ...
Selecting previously unselected package autotools-dev.
Preparing to unpack .../10-autotools-dev_20171216.1_all.deb ...
Unpacking autotools-dev (20171216.1) ...
Selecting previously unselected package automake.
Preparing to unpack .../11-automake_1%3a1.15.1-3_all.deb ...
Unpacking automake (1:1.15.1-3) ...
Selecting previously unselected package autopoint.
Preparing to unpack .../12-autopoint_0.19.8.1-4_all.deb ...
Unpacking autopoint (0.19.8.1-4) ...
Selecting previously unselected package openssl.
Preparing to unpack .../13-openssl_1.1.0g-2_amd64.deb ...
Unpacking openssl (1.1.0g-2) ...
Selecting previously unselected package ca-certificates.
Preparing to unpack .../14-ca-certificates_20170717_all.deb ...
Unpacking ca-certificates (20170717) ...
Selecting previously unselected package libtool.
Preparing to unpack .../15-libtool_2.4.6-2_all.deb ...
Unpacking libtool (2.4.6-2) ...
Selecting previously unselected package dh-autoreconf.
Preparing to unpack .../16-dh-autoreconf_16_all.deb ...
Unpacking dh-autoreconf (16) ...
Selecting previously unselected package libarchive-zip-perl.
Preparing to unpack .../17-libarchive-zip-perl_1.60-1_all.deb ...
Unpacking libarchive-zip-perl (1.60-1) ...
Selecting previously unselected package libfile-stripnondeterminism-perl.
Preparing to unpack .../18-libfile-stripnondeterminism-perl_0.040-1_all.deb ...
Unpacking libfile-stripnondeterminism-perl (0.040-1) ...
Selecting previously unselected package libtimedate-perl.
Preparing to unpack .../19-libtimedate-perl_2.3000-2_all.deb ...
Unpacking libtimedate-perl (2.3000-2) ...
Selecting previously unselected package dh-strip-nondeterminism.
Preparing to unpack .../20-dh-strip-nondeterminism_0.040-1_all.deb ...
Unpacking dh-strip-nondeterminism (0.040-1) ...
Selecting previously unselected package libglib2.0-0:amd64.
Preparing to unpack .../21-libglib2.0-0_2.54.3-2_amd64.deb ...
Unpacking libglib2.0-0:amd64 (2.54.3-2) ...
Selecting previously unselected package libcroco3:amd64.
Preparing to unpack .../22-libcroco3_0.6.12-2_amd64.deb ...
Unpacking libcroco3:amd64 (0.6.12-2) ...
Selecting previously unselected package gettext.
Preparing to unpack .../23-gettext_0.19.8.1-4_amd64.deb ...
Unpacking gettext (0.19.8.1-4) ...
Selecting previously unselected package intltool-debian.
Preparing to unpack .../24-intltool-debian_0.35.0+20060710.4_all.deb ...
Unpacking intltool-debian (0.35.0+20060710.4) ...
Selecting previously unselected package po-debconf.
Preparing to unpack .../25-po-debconf_1.0.20_all.deb ...
Unpacking po-debconf (1.0.20) ...
Selecting previously unselected package debhelper.
Preparing to unpack .../26-debhelper_11.1.4_all.deb ...
Unpacking debhelper (11.1.4) ...
Selecting previously unselected package xml-core.
Preparing to unpack .../27-xml-core_0.18_all.deb ...
Unpacking xml-core (0.18) ...
Selecting previously unselected package docutils-common.
Preparing to unpack .../28-docutils-common_0.14+dfsg-2_all.deb ...
Unpacking docutils-common (0.14+dfsg-2) ...
Selecting previously unselected package libllvm5.0:amd64.
Preparing to unpack .../29-libllvm5.0_1%3a5.0.1-2_amd64.deb ...
Unpacking libllvm5.0:amd64 (1:5.0.1-2) ...
Selecting previously unselected package libclang1-5.0:amd64.
Preparing to unpack .../30-libclang1-5.0_1%3a5.0.1-2_amd64.deb ...
Unpacking libclang1-5.0:amd64 (1:5.0.1-2) ...
Selecting previously unselected package libxapian30:amd64.
Preparing to unpack .../31-libxapian30_1.4.5-1_amd64.deb ...
Unpacking libxapian30:amd64 (1.4.5-1) ...
Selecting previously unselected package doxygen.
Preparing to unpack .../32-doxygen_1.8.13-9_amd64.deb ...
Unpacking doxygen (1.8.13-9) ...
Selecting previously unselected package googletest:amd64.
Preparing to unpack .../33-googletest_1.8.0-6_amd64.deb ...
Unpacking googletest:amd64 (1.8.0-6) ...
Selecting previously unselected package libjs-jquery.
Preparing to unpack .../34-libjs-jquery_3.2.1-1_all.deb ...
Unpacking libjs-jquery (3.2.1-1) ...
Selecting previously unselected package libjs-underscore.
Preparing to unpack .../35-libjs-underscore_1.8.3~dfsg-1_all.deb ...
Unpacking libjs-underscore (1.8.3~dfsg-1) ...
Selecting previously unselected package libjs-sphinxdoc.
Preparing to unpack .../36-libjs-sphinxdoc_1.6.6-2_all.deb ...
Unpacking libjs-sphinxdoc (1.6.6-2) ...
Selecting previously unselected package python-babel-localedata.
Preparing to unpack .../37-python-babel-localedata_2.4.0+dfsg.1-2_all.deb ...
Unpacking python-babel-localedata (2.4.0+dfsg.1-2) ...
Selecting previously unselected package python3-alabaster.
Preparing to unpack .../38-python3-alabaster_0.7.8-1_all.deb ...
Unpacking python3-alabaster (0.7.8-1) ...
Selecting previously unselected package python3-pkg-resources.
Preparing to unpack .../39-python3-pkg-resources_38.4.0-1_all.deb ...
Unpacking python3-pkg-resources (38.4.0-1) ...
Selecting previously unselected package python3-tz.
Preparing to unpack .../40-python3-tz_2017.2-2_all.deb ...
Unpacking python3-tz (2017.2-2) ...
Selecting previously unselected package python3-babel.
Preparing to unpack .../41-python3-babel_2.4.0+dfsg.1-2_all.deb ...
Unpacking python3-babel (2.4.0+dfsg.1-2) ...
Selecting previously unselected package python3-roman.
Preparing to unpack .../42-python3-roman_2.0.0-3_all.deb ...
Unpacking python3-roman (2.0.0-3) ...
Selecting previously unselected package python3-docutils.
Preparing to unpack .../43-python3-docutils_0.14+dfsg-2_all.deb ...
Unpacking python3-docutils (0.14+dfsg-2) ...
Selecting previously unselected package python3-six.
Preparing to unpack .../44-python3-six_1.11.0-1_all.deb ...
Unpacking python3-six (1.11.0-1) ...
Selecting previously unselected package python3-pygments.
Preparing to unpack .../45-python3-pygments_2.2.0+dfsg-1_all.deb ...
Unpacking python3-pygments (2.2.0+dfsg-1) ...
Selecting previously unselected package python3-markupsafe.
Preparing to unpack .../46-python3-markupsafe_1.0-1+b1_amd64.deb ...
Unpacking python3-markupsafe (1.0-1+b1) ...
Selecting previously unselected package python3-jinja2.
Preparing to unpack .../47-python3-jinja2_2.10-1_all.deb ...
Unpacking python3-jinja2 (2.10-1) ...
Selecting previously unselected package python3-imagesize.
Preparing to unpack .../48-python3-imagesize_0.7.1-1_all.deb ...
Unpacking python3-imagesize (0.7.1-1) ...
Selecting previously unselected package python3-certifi.
Preparing to unpack .../49-python3-certifi_2018.1.18-2_all.deb ...
Unpacking python3-certifi (2018.1.18-2) ...
Selecting previously unselected package python3-chardet.
Preparing to unpack .../50-python3-chardet_3.0.4-1_all.deb ...
Unpacking python3-chardet (3.0.4-1) ...
Selecting previously unselected package python3-idna.
Preparing to unpack .../51-python3-idna_2.6-1_all.deb ...
Unpacking python3-idna (2.6-1) ...
Selecting previously unselected package python3-urllib3.
Preparing to unpack .../52-python3-urllib3_1.22-1_all.deb ...
Unpacking python3-urllib3 (1.22-1) ...
Selecting previously unselected package python3-requests.
Preparing to unpack .../53-python3-requests_2.18.4-1_all.deb ...
Unpacking python3-requests (2.18.4-1) ...
Selecting previously unselected package sphinx-common.
Preparing to unpack .../54-sphinx-common_1.6.6-2_all.deb ...
Unpacking sphinx-common (1.6.6-2) ...
Selecting previously unselected package python3-sphinx.
Preparing to unpack .../55-python3-sphinx_1.6.6-2_all.deb ...
Unpacking python3-sphinx (1.6.6-2) ...
Selecting previously unselected package python3-breathe.
Preparing to unpack .../56-python3-breathe_4.7.3-1_all.deb ...
Unpacking python3-breathe (4.7.3-1) ...
Selecting previously unselected package sbuild-build-depends-fmtlib-dummy.
Preparing to unpack .../57-sbuild-build-depends-fmtlib-dummy_0.invalid.0_amd64.deb ...
Unpacking sbuild-build-depends-fmtlib-dummy (0.invalid.0) ...
Setting up libjs-jquery (3.2.1-1) ...
Setting up readline-common (7.0-3) ...
Setting up libxapian30:amd64 (1.4.5-1) ...
Setting up libarchive-zip-perl (1.60-1) ...
Setting up libnghttp2-14:amd64 (1.29.0-1) ...
Setting up libjs-underscore (1.8.3~dfsg-1) ...
Setting up mime-support (3.60) ...
Setting up libtimedate-perl (2.3000-2) ...
Setting up libsigsegv2:amd64 (2.12-1) ...
Setting up libldap-common (2.4.45+dfsg-1) ...
Setting up libuv1:amd64 (1.18.0-3) ...
Setting up libreadline7:amd64 (7.0-3) ...
Setting up libpsl5:amd64 (0.19.1-4) ...
Setting up tzdata (2018c-1) ...

Current default time zone: 'Etc/UTC'
Local time is now:      Wed Feb  7 19:45:41 UTC 2018.
Universal Time is now:  Wed Feb  7 19:45:41 UTC 2018.
Run 'dpkg-reconfigure tzdata' if you wish to change it.

Setting up groff-base (1.22.3-9) ...
Setting up libglib2.0-0:amd64 (2.54.3-2) ...
No schema files found: doing nothing.
Setting up libsasl2-modules-db:amd64 (2.1.27~101-g0780600+dfsg-3) ...
Setting up libsasl2-2:amd64 (2.1.27~101-g0780600+dfsg-3) ...
Setting up libjs-sphinxdoc (1.6.6-2) ...
Setting up libllvm5.0:amd64 (1:5.0.1-2) ...
Setting up gettext-base (0.19.8.1-4) ...
Setting up cmake-data (3.9.5-1) ...
Setting up libpipeline1:amd64 (1.5.0-1) ...
Setting up librtmp1:amd64 (2.4+20151223.gitfa8646d.1-1+b1) ...
Setting up m4 (1.4.18-1) ...
Setting up sgml-base (1.29) ...
Setting up libicu57:amd64 (57.1-8) ...
Setting up libprocps6:amd64 (2:3.3.12-3) ...
Setting up libclang1-5.0:amd64 (1:5.0.1-2) ...
Setting up libxml2:amd64 (2.9.4+dfsg1-6.1) ...
Setting up libmagic-mgc (1:5.32-1) ...
Setting up libmagic1:amd64 (1:5.32-1) ...
Setting up lsb-base (9.20170808) ...
Setting up librhash0 (1.3.4-3) ...
Setting up procps (2:3.3.12-3) ...
update-alternatives: using /usr/bin/w.procps to provide /usr/bin/w (w) in auto mode
Setting up libcroco3:amd64 (0.6.12-2) ...
Setting up libssl1.0.2:amd64 (1.0.2n-1) ...
Setting up libssh2-1:amd64 (1.8.0-1) ...
Processing triggers for libc-bin (2.26-6) ...
Setting up autotools-dev (20171216.1) ...
Setting up libldap-2.4-2:amd64 (2.4.45+dfsg-1) ...
Setting up python-babel-localedata (2.4.0+dfsg.1-2) ...
Setting up openssl (1.1.0g-2) ...
Setting up sphinx-common (1.6.6-2) ...
Setting up libsqlite3-0:amd64 (3.22.0-1) ...
Setting up xml-core (0.18) ...
Setting up libkeyutils1:amd64 (1.5.9-9.2) ...
Setting up bsdmainutils (11.1.2) ...
update-alternatives: using /usr/bin/bsd-write to provide /usr/bin/write (write) in auto mode
update-alternatives: using /usr/bin/bsd-from to provide /usr/bin/from (from) in auto mode
Setting up ca-certificates (20170717) ...
Updating certificates in /etc/ssl/certs...
148 added, 0 removed; done.
Setting up libpython2.7-stdlib:amd64 (2.7.14-6) ...
Setting up autopoint (0.19.8.1-4) ...
Setting up libmpdec2:amd64 (2.4.2-1) ...
Setting up liblzo2-2:amd64 (2.08-1.2+b2) ...
Setting up libfile-stripnondeterminism-perl (0.040-1) ...
Setting up libpython3.6-stdlib:amd64 (3.6.4-3) ...
Setting up gettext (0.19.8.1-4) ...
Setting up libarchive13:amd64 (3.2.2-3.1) ...
Setting up doxygen (1.8.13-9) ...
Setting up python2.7 (2.7.14-6) ...
Setting up autoconf (2.69-11) ...
Setting up file (1:5.32-1) ...
Setting up libkrb5support0:amd64 (1.16-2) ...
Setting up libpython-stdlib:amd64 (2.7.14-4) ...
Setting up intltool-debian (0.35.0+20060710.4) ...
Setting up automake (1:1.15.1-3) ...
update-alternatives: using /usr/bin/automake-1.15 to provide /usr/bin/automake (automake) in auto mode
Setting up man-db (2.8.0-2) ...
Not building database; man-db/auto-update is not 'true'.
Setting up python (2.7.14-4) ...
Setting up libtool (2.4.6-2) ...
Setting up libpython3-stdlib:amd64 (3.6.4-1) ...
Setting up libk5crypto3:amd64 (1.16-2) ...
Setting up po-debconf (1.0.20) ...
Setting up googletest:amd64 (1.8.0-6) ...
Setting up libkrb5-3:amd64 (1.16-2) ...
Setting up libgssapi-krb5-2:amd64 (1.16-2) ...
Setting up libcurl3:amd64 (7.58.0-2) ...
Setting up cmake (3.9.5-1) ...
Processing triggers for sgml-base (1.29) ...
Setting up docutils-common (0.14+dfsg-2) ...
Processing triggers for sgml-base (1.29) ...
Setting up dh-autoreconf (16) ...
Setting up python3 (3.6.4-1) ...
Setting up python3-alabaster (0.7.8-1) ...
Setting up python3-idna (2.6-1) ...
Setting up python3-six (1.11.0-1) ...
Setting up python3-certifi (2018.1.18-2) ...
Setting up python3-pkg-resources (38.4.0-1) ...
Setting up python3-markupsafe (1.0-1+b1) ...
Setting up python3-chardet (3.0.4-1) ...
Setting up python3-jinja2 (2.10-1) ...
Setting up python3-urllib3 (1.22-1) ...
Setting up python3-lib2to3 (3.6.4-3) ...
Setting up dh-python (2.20170125) ...
Setting up python3-tz (2017.2-2) ...
Setting up python3-distutils (3.6.4-3) ...
Setting up python3-pygments (2.2.0+dfsg-1) ...
Setting up debhelper (11.1.4) ...
Setting up python3-roman (2.0.0-3) ...
Setting up python3.6 (3.6.4-3) ...
Setting up python3-imagesize (0.7.1-1) ...
Setting up python3-babel (2.4.0+dfsg.1-2) ...
update-alternatives: using /usr/bin/pybabel-python3 to provide /usr/bin/pybabel (pybabel) in auto mode
Setting up dh-strip-nondeterminism (0.040-1) ...
Setting up python3-docutils (0.14+dfsg-2) ...
update-alternatives: using /usr/share/docutils/scripts/python3/rst-buildhtml to provide /usr/bin/rst-buildhtml (rst-buildhtml) in auto mode
update-alternatives: using /usr/share/docutils/scripts/python3/rst2html to provide /usr/bin/rst2html (rst2html) in auto mode
update-alternatives: using /usr/share/docutils/scripts/python3/rst2html4 to provide /usr/bin/rst2html4 (rst2html4) in auto mode
update-alternatives: using /usr/share/docutils/scripts/python3/rst2html5 to provide /usr/bin/rst2html5 (rst2html5) in auto mode
update-alternatives: using /usr/share/docutils/scripts/python3/rst2latex to provide /usr/bin/rst2latex (rst2latex) in auto mode
update-alternatives: using /usr/share/docutils/scripts/python3/rst2man to provide /usr/bin/rst2man (rst2man) in auto mode
update-alternatives: using /usr/share/docutils/scripts/python3/rst2odt to provide /usr/bin/rst2odt (rst2odt) in auto mode
update-alternatives: using /usr/share/docutils/scripts/python3/rst2odt_prepstyles to provide /usr/bin/rst2odt_prepstyles (rst2odt_prepstyles) in auto mode
update-alternatives: using /usr/share/docutils/scripts/python3/rst2pseudoxml to provide /usr/bin/rst2pseudoxml (rst2pseudoxml) in auto mode
update-alternatives: using /usr/share/docutils/scripts/python3/rst2s5 to provide /usr/bin/rst2s5 (rst2s5) in auto mode
update-alternatives: using /usr/share/docutils/scripts/python3/rst2xetex to provide /usr/bin/rst2xetex (rst2xetex) in auto mode
update-alternatives: using /usr/share/docutils/scripts/python3/rst2xml to provide /usr/bin/rst2xml (rst2xml) in auto mode
update-alternatives: using /usr/share/docutils/scripts/python3/rstpep2html to provide /usr/bin/rstpep2html (rstpep2html) in auto mode
Setting up python3-requests (2.18.4-1) ...
Setting up python3-sphinx (1.6.6-2) ...
Setting up python3-breathe (4.7.3-1) ...
update-alternatives: using /usr/bin/python3-breathe-apidoc to provide /usr/bin/breathe-apidoc (breathe-apidoc) in auto mode
Setting up sbuild-build-depends-fmtlib-dummy (0.invalid.0) ...
Processing triggers for libc-bin (2.26-6) ...
Processing triggers for ca-certificates (20170717) ...
Updating certificates in /etc/ssl/certs...
0 added, 0 removed; done.
Running hooks in /etc/ca-certificates/update.d...
done.

+------------------------------------------------------------------------------+
| Build environment                                                            |
+------------------------------------------------------------------------------+

Kernel: Linux 4.9.0-2-amd64 amd64 (x86_64)
Toolchain package versions: binutils_2.30-2 dpkg-dev_1.19.0.5 g++-7_7.3.0-1 gcc-7_7.3.0-1 libc6-dev_2.26-6 libstdc++-7-dev_7.3.0-1 libstdc++6_7.3.0-1 linux-libc-dev_4.14.13-1
Package versions: adduser_3.117 apt_1.6~alpha7 autoconf_2.69-11 automake_1:1.15.1-3 autopoint_0.19.8.1-4 autotools-dev_20171216.1 base-files_10.1 base-passwd_3.5.44 bash_4.4.18-1 binutils_2.30-2 binutils-common_2.30-2 binutils-x86-64-linux-gnu_2.30-2 bsdmainutils_11.1.2 bsdutils_1:2.30.2-0.3 build-essential_12.4 bzip2_1.0.6-8.1 ca-certificates_20170717 clang-6.0_1:6.0~+rc1-1 cmake_3.9.5-1 cmake-data_3.9.5-1 coreutils_8.28-1 cpp_4:7.2.0-1d1 cpp-7_7.3.0-1 dash_0.5.8-2.10 debconf_1.5.65 debfoster_2.7-2.1+b1 debhelper_11.1.4 debian-archive-keyring_2017.7 debianutils_4.8.4 dh-autoreconf_16 dh-python_2.20170125 dh-strip-nondeterminism_0.040-1 diffutils_1:3.6-1 docutils-common_0.14+dfsg-2 doxygen_1.8.13-9 dpkg_1.19.0.5 dpkg-dev_1.19.0.5 e2fslibs_1.43.8-2 e2fsprogs_1.43.8-2 eatmydata_105-5 fakeroot_1.22-2 fdisk_2.30.2-0.3 file_1:5.32-1 findutils_4.6.0+git+20170828-2 g++_4:7.2.0-1d1 g++-7_7.3.0-1 gcc_4:7.2.0-1d1 gcc-6-base_6.4.0-12 gcc-7_7.3.0-1 gcc-7-base_7.3.0-1 gettext_0.19.8.1-4 gettext-base_0.19.8.1-4 googletest_1.8.0-6 gpgv_2.2.4-2 grep_3.1-2 groff-base_1.22.3-9 gzip_1.6-5+b1 hostname_3.20 init-system-helpers_1.51 intltool-debian_0.35.0+20060710.4 lib32gcc1_1:7.3.0-1 lib32stdc++6_7.3.0-1 libacl1_2.2.52-3+b1 libapt-pkg5.0_1.6~alpha7 libarchive-zip-perl_1.60-1 libarchive13_3.2.2-3.1 libasan4_7.3.0-1 libatomic1_7.3.0-1 libattr1_1:2.4.47-2+b2 libaudit-common_1:2.8.2-1 libaudit1_1:2.8.2-1 libbinutils_2.30-2 libblkid1_2.30.2-0.3 libbsd0_0.8.7-1 libbz2-1.0_1.0.6-8.1 libc-bin_2.26-6 libc-dev-bin_2.26-6 libc6_2.26-6 libc6-dev_2.26-6 libc6-i386_2.26-6 libcap-ng0_0.7.7-3.1+b1 libcc1-0_7.3.0-1 libcilkrts5_7.3.0-1 libclang-common-6.0-dev_1:6.0~+rc1-1 libclang1-5.0_1:5.0.1-2 libclang1-6.0_1:6.0~+rc1-1 libcomerr2_1.43.8-2 libcroco3_0.6.12-2 libcurl3_7.58.0-2 libdb5.3_5.3.28-13.1+b1 libdebconfclient0_0.240 libdpkg-perl_1.19.0.5 libeatmydata1_105-5 libedit2_3.1-20170329-1 libexpat1_2.2.5-3 libfakeroot_1.22-2 libfdisk1_2.30.2-0.3 libffi6_3.2.1-8 libfile-stripnondeterminism-perl_0.040-1 libgc1c2_1:7.4.2-8.1 libgcc-7-dev_7.3.0-1 libgcc1_1:7.3.0-1 libgcrypt20_1.8.1-4 libgdbm3_1.8.3-14 libgdbm5_1.14.1-2 libglib2.0-0_2.54.3-2 libgmp10_2:6.1.2+dfsg-2 libgnutls30_3.5.17-1 libgomp1_7.3.0-1 libgpg-error0_1.27-6 libgssapi-krb5-2_1.16-2 libhogweed4_3.4-1 libicu57_57.1-8 libidn2-0_2.0.4-1.1 libisl15_0.18-1 libitm1_7.3.0-1 libjs-jquery_3.2.1-1 libjs-sphinxdoc_1.6.6-2 libjs-underscore_1.8.3~dfsg-1 libjsoncpp1_1.7.4-3 libk5crypto3_1.16-2 libkeyutils1_1.5.9-9.2 libkrb5-3_1.16-2 libkrb5support0_1.16-2 libldap-2.4-2_2.4.45+dfsg-1 libldap-common_2.4.45+dfsg-1 libllvm5.0_1:5.0.1-2 libllvm6.0_1:6.0~+rc1-1 liblsan0_7.3.0-1 liblz4-1_0.0~r131-2+b1 liblzma5_5.2.2-1.3 liblzo2-2_2.08-1.2+b2 libmagic-mgc_1:5.32-1 libmagic1_1:5.32-1 libmount1_2.30.2-0.3 libmpc3_1.1.0-1 libmpdec2_2.4.2-1 libmpfr4_3.1.6-1 libmpfr6_4.0.1~rc2-1 libmpx2_7.3.0-1 libncurses5_6.0+20171125-1 libncursesw5_6.0+20171125-1 libnettle6_3.4-1 libnghttp2-14_1.29.0-1 libobjc-7-dev_7.3.0-1 libobjc4_7.3.0-1 libp11-kit0_0.23.9-2 libpam-modules_1.1.8-3.6 libpam-modules-bin_1.1.8-3.6 libpam-runtime_1.1.8-3.6 libpam0g_1.1.8-3.6 libpcre3_2:8.39-9 libperl5.26_5.26.1-4+b1 libpipeline1_1.5.0-1 libprocps6_2:3.3.12-3 libpsl5_0.19.1-4 libpython-stdlib_2.7.14-4 libpython2.7-minimal_2.7.14-6 libpython2.7-stdlib_2.7.14-6 libpython3-stdlib_3.6.4-1 libpython3.6-minimal_3.6.4-3 libpython3.6-stdlib_3.6.4-3 libquadmath0_7.3.0-1 libreadline7_7.0-3 librhash0_1.3.4-3 librtmp1_2.4+20151223.gitfa8646d.1-1+b1 libsasl2-2_2.1.27~101-g0780600+dfsg-3 libsasl2-modules-db_2.1.27~101-g0780600+dfsg-3 libseccomp2_2.3.1-2.1 libselinux1_2.7-2+b1 libsemanage-common_2.7-2 libsemanage1_2.7-2+b1 libsepol1_2.7-1 libsigsegv2_2.12-1 libsmartcols1_2.30.2-0.3 libsqlite3-0_3.22.0-1 libss2_1.43.8-2 libssh2-1_1.8.0-1 libssl1.0.2_1.0.2n-1 libssl1.1_1.1.0g-2 libstdc++-7-dev_7.3.0-1 libstdc++6_7.3.0-1 libsystemd0_237-1 libtasn1-6_4.13-2 libtimedate-perl_2.3000-2 libtinfo5_6.0+20171125-1 libtool_2.4.6-2 libtsan0_7.3.0-1 libubsan0_7.3.0-1 libudev1_237-1 libunistring2_0.9.8-1 libustr-1.0-1_1.0.4-6 libuuid1_2.30.2-0.3 libuv1_1.18.0-3 libxapian30_1.4.5-1 libxml2_2.9.4+dfsg1-6.1 linux-libc-dev_4.14.13-1 login_1:4.5-1 lsb-base_9.20170808 m4_1.4.18-1 make_4.1-9.1 man-db_2.8.0-2 mawk_1.3.3-17+b3 mime-support_3.60 mount_2.30.2-0.3 multiarch-support_2.26-6 ncurses-base_6.0+20171125-1 ncurses-bin_6.0+20171125-1 openssl_1.1.0g-2 passwd_1:4.5-1 patch_2.7.5-1+b2 perl_5.26.1-4+b1 perl-base_5.26.1-4+b1 perl-modules-5.26_5.26.1-4 po-debconf_1.0.20 procps_2:3.3.12-3 python_2.7.14-4 python-babel-localedata_2.4.0+dfsg.1-2 python-minimal_2.7.14-4 python2.7_2.7.14-6 python2.7-minimal_2.7.14-6 python3_3.6.4-1 python3-alabaster_0.7.8-1 python3-babel_2.4.0+dfsg.1-2 python3-breathe_4.7.3-1 python3-certifi_2018.1.18-2 python3-chardet_3.0.4-1 python3-distutils_3.6.4-3 python3-docutils_0.14+dfsg-2 python3-idna_2.6-1 python3-imagesize_0.7.1-1 python3-jinja2_2.10-1 python3-lib2to3_3.6.4-3 python3-markupsafe_1.0-1+b1 python3-minimal_3.6.4-1 python3-pkg-resources_38.4.0-1 python3-pygments_2.2.0+dfsg-1 python3-requests_2.18.4-1 python3-roman_2.0.0-3 python3-six_1.11.0-1 python3-sphinx_1.6.6-2 python3-tz_2017.2-2 python3-urllib3_1.22-1 python3.6_3.6.4-3 python3.6-minimal_3.6.4-3 readline-common_7.0-3 sbuild-build-depends-core-dummy_0.invalid.0 sbuild-build-depends-fmtlib-dummy_0.invalid.0 sed_4.4-2 sensible-utils_0.0.11 sgml-base_1.29 sphinx-common_1.6.6-2 sysvinit-utils_2.88dsf-59.10 tar_1.29b-2 tzdata_2018c-1 util-linux_2.30.2-0.3 xml-core_0.18 xz-utils_5.2.2-1.3 zlib1g_1:1.2.8.dfsg-5

+------------------------------------------------------------------------------+
| Build                                                                        |
+------------------------------------------------------------------------------+


Unpack source
-------------

gpgv: unknown type of key resource 'trustedkeys.kbx'
gpgv: keyblock resource '/sbuild-nonexistent/.gnupg/trustedkeys.kbx': General error
gpgv: Signature made Mon Oct 16 20:16:10 2017 UTC
gpgv:                using RSA key 505D0AA78F90F6B23CC296A8A7ED831F59B3A0E8
gpgv: Can't check signature: No public key
dpkg-source: warning: failed to verify signature on ./fmtlib_4.0.0+ds-2.dsc
dpkg-source: info: extracting fmtlib in /<<BUILDDIR>>/fmtlib-4.0.0+ds
dpkg-source: info: unpacking fmtlib_4.0.0+ds.orig.tar.gz
dpkg-source: info: unpacking fmtlib_4.0.0+ds-2.debian.tar.xz
dpkg-source: info: applying 0001-README-removed-autoloading-of-third-party-links-imag.patch
dpkg-source: info: applying 0002-test-cmakelists-use-system-provide-GTest-and-GMock.patch
dpkg-source: info: applying 0003-doc-cmakelists-unconditionally-build-documentation.patch
dpkg-source: info: applying 0004-test-cmakelists-force-declare-GTEST_HAS_PTHREAD.patch
dpkg-source: info: applying 0005-doc-build-removed-all-pip-internet-stuff.patch
dpkg-source: info: applying 0006-doc-build-removed-lessc-call.patch
dpkg-source: info: applying 0007-doc-build-do-not-create-virtual-environment.patch
dpkg-source: info: applying 0008-doc-_templates-layout-stripped-Google-Analytics.patch
dpkg-source: info: applying 0009-doc-_templates-layout-stripped-download-links.patch
dpkg-source: info: applying 0010-test-cmakelists-don-t-guess-C-11-support.patch
dpkg-source: info: applying 0011-test-cmakelists-posix-mock-test-link-to-already-comp.patch
dpkg-source: info: applying 0012-fmt-cmakelists-remove-header-only-targets.patch
dpkg-source: info: applying 0013-doc-index-removed-GitHub-iframe.patch

Check disk space
----------------

Sufficient free space for build

User Environment
----------------

APT_CONFIG=/var/lib/sbuild/apt.conf
HOME=/sbuild-nonexistent
LANG=en_US.UTF-8
LC_ALL=POSIX
LOGNAME=user42
PATH=/usr/local/sbin:/usr/local/bin:/usr/sbin:/usr/bin:/sbin:/bin:/usr/games
SCHROOT_ALIAS_NAME=unstable-amd64-sbuild
SCHROOT_CHROOT_NAME=unstable-amd64-sbuild
SCHROOT_COMMAND=env
SCHROOT_GID=1001
SCHROOT_GROUP=user42
SCHROOT_SESSION_ID=unstable-amd64-sbuild-3b5546f0-d0c2-418e-82c4-4da03e0c2d0f
SCHROOT_UID=1001
SCHROOT_USER=user42
SHELL=/bin/sh
USER=user42

dpkg-buildpackage
-----------------

dpkg-buildpackage: info: source package fmtlib
dpkg-buildpackage: info: source version 4.0.0+ds-2
dpkg-buildpackage: info: source distribution unstable
dpkg-buildpackage: info: source changed by Eugene V. Lyubimkin <jackyf@debian.org>
 dpkg-source --before-build fmtlib-4.0.0+ds
dpkg-buildpackage: info: host architecture amd64
 fakeroot debian/rules clean
dh clean  
   dh_auto_clean
   dh_clean
 debian/rules build-arch
dh build-arch  
   dh_update_autotools_config -a
   debian/rules override_dh_auto_configure
make[1]: Entering directory '/<<BUILDDIR>>/fmtlib-4.0.0+ds'
dh_auto_configure -- -DFMT_PEDANTIC=on -DCMAKE_POSITION_INDEPENDENT_CODE=on
	cd obj-x86_64-linux-gnu && cmake .. -DCMAKE_INSTALL_PREFIX=/usr -DCMAKE_VERBOSE_MAKEFILE=ON -DCMAKE_BUILD_TYPE=None -DCMAKE_INSTALL_SYSCONFDIR=/etc -DCMAKE_INSTALL_LOCALSTATEDIR=/var -DCMAKE_EXPORT_NO_PACKAGE_REGISTRY=ON -DCMAKE_FIND_PACKAGE_NO_PACKAGE_REGISTRY=ON -DFMT_PEDANTIC=on -DCMAKE_POSITION_INDEPENDENT_CODE=on
-- CMake version: 3.9.5
-- The C compiler identification is Clang 6.0.0
-- The CXX compiler identification is Clang 6.0.0
-- Check for working C compiler: /usr/bin/cc
-- Check for working C compiler: /usr/bin/cc -- works
-- Detecting C compiler ABI info
-- Detecting C compiler ABI info - done
-- Detecting C compile features
-- Detecting C compile features - done
-- Check for working CXX compiler: /usr/bin/c++
-- Check for working CXX compiler: /usr/bin/c++ -- works
-- Detecting CXX compiler ABI info
-- Detecting CXX compiler ABI info - done
-- Detecting CXX compile features
-- Detecting CXX compile features - done
-- Version: 4.0.0
-- Build type: None
-- Looking for open
-- Looking for open - found
-- Found PythonInterp: /usr/bin/python (found version "2.7.14") 
-- Looking for pthread.h
-- Looking for pthread.h - found
-- Looking for pthread_create
-- Looking for pthread_create - not found
-- Looking for pthread_create in pthreads
-- Looking for pthread_create in pthreads - not found
-- Looking for pthread_create in pthread
-- Looking for pthread_create in pthread - found
-- Found Threads: TRUE  
-- Performing Test HAVE_FNO_DELETE_NULL_POINTER_CHECKS
-- Performing Test HAVE_FNO_DELETE_NULL_POINTER_CHECKS - Failed
-- Performing Test HAVE_FNO_EXCEPTIONS_FLAG
-- Performing Test HAVE_FNO_EXCEPTIONS_FLAG - Success
-- Configuring done
-- Generating done
CMake Warning:
  Manually-specified variables were not used by the project:

    CMAKE_EXPORT_NO_PACKAGE_REGISTRY
    CMAKE_INSTALL_LOCALSTATEDIR
    CMAKE_INSTALL_SYSCONFDIR


-- Build files have been written to: /<<BUILDDIR>>/fmtlib-4.0.0+ds/obj-x86_64-linux-gnu
make[1]: Leaving directory '/<<BUILDDIR>>/fmtlib-4.0.0+ds'
   debian/rules override_dh_auto_build
make[1]: Entering directory '/<<BUILDDIR>>/fmtlib-4.0.0+ds'
dh_auto_build
	cd obj-x86_64-linux-gnu && make -j1
make[2]: Entering directory '/<<BUILDDIR>>/fmtlib-4.0.0+ds/obj-x86_64-linux-gnu'
/usr/bin/cmake -H/<<BUILDDIR>>/fmtlib-4.0.0+ds -B/<<BUILDDIR>>/fmtlib-4.0.0+ds/obj-x86_64-linux-gnu --check-build-system CMakeFiles/Makefile.cmake 0
/usr/bin/cmake -E cmake_progress_start /<<BUILDDIR>>/fmtlib-4.0.0+ds/obj-x86_64-linux-gnu/CMakeFiles /<<BUILDDIR>>/fmtlib-4.0.0+ds/obj-x86_64-linux-gnu/CMakeFiles/progress.marks
make -f CMakeFiles/Makefile2 all
make[3]: Entering directory '/<<BUILDDIR>>/fmtlib-4.0.0+ds/obj-x86_64-linux-gnu'
make -f fmt/CMakeFiles/fmt.dir/build.make fmt/CMakeFiles/fmt.dir/depend
make[4]: Entering directory '/<<BUILDDIR>>/fmtlib-4.0.0+ds/obj-x86_64-linux-gnu'
cd /<<BUILDDIR>>/fmtlib-4.0.0+ds/obj-x86_64-linux-gnu && /usr/bin/cmake -E cmake_depends "Unix Makefiles" /<<BUILDDIR>>/fmtlib-4.0.0+ds /<<BUILDDIR>>/fmtlib-4.0.0+ds/fmt /<<BUILDDIR>>/fmtlib-4.0.0+ds/obj-x86_64-linux-gnu /<<BUILDDIR>>/fmtlib-4.0.0+ds/obj-x86_64-linux-gnu/fmt /<<BUILDDIR>>/fmtlib-4.0.0+ds/obj-x86_64-linux-gnu/fmt/CMakeFiles/fmt.dir/DependInfo.cmake --color=
Scanning dependencies of target fmt
make[4]: Leaving directory '/<<BUILDDIR>>/fmtlib-4.0.0+ds/obj-x86_64-linux-gnu'
make -f fmt/CMakeFiles/fmt.dir/build.make fmt/CMakeFiles/fmt.dir/build
make[4]: Entering directory '/<<BUILDDIR>>/fmtlib-4.0.0+ds/obj-x86_64-linux-gnu'
[  2%] Building CXX object fmt/CMakeFiles/fmt.dir/format.cc.o
cd /<<BUILDDIR>>/fmtlib-4.0.0+ds/obj-x86_64-linux-gnu/fmt && /usr/bin/c++   -I/<<BUILDDIR>>/fmtlib-4.0.0+ds  -g -O2 -fdebug-prefix-map=/<<BUILDDIR>>/fmtlib-4.0.0+ds=. -fstack-protector-strong -Wformat -Werror=format-security -Wdate-time -D_FORTIFY_SOURCE=2 -fPIC   -Wall -Wextra -Wshadow -pedantic -o CMakeFiles/fmt.dir/format.cc.o -c /<<BUILDDIR>>/fmtlib-4.0.0+ds/fmt/format.cc
[  4%] Building CXX object fmt/CMakeFiles/fmt.dir/ostream.cc.o
cd /<<BUILDDIR>>/fmtlib-4.0.0+ds/obj-x86_64-linux-gnu/fmt && /usr/bin/c++   -I/<<BUILDDIR>>/fmtlib-4.0.0+ds  -g -O2 -fdebug-prefix-map=/<<BUILDDIR>>/fmtlib-4.0.0+ds=. -fstack-protector-strong -Wformat -Werror=format-security -Wdate-time -D_FORTIFY_SOURCE=2 -fPIC   -Wall -Wextra -Wshadow -pedantic -o CMakeFiles/fmt.dir/ostream.cc.o -c /<<BUILDDIR>>/fmtlib-4.0.0+ds/fmt/ostream.cc
[  6%] Building CXX object fmt/CMakeFiles/fmt.dir/printf.cc.o
cd /<<BUILDDIR>>/fmtlib-4.0.0+ds/obj-x86_64-linux-gnu/fmt && /usr/bin/c++   -I/<<BUILDDIR>>/fmtlib-4.0.0+ds  -g -O2 -fdebug-prefix-map=/<<BUILDDIR>>/fmtlib-4.0.0+ds=. -fstack-protector-strong -Wformat -Werror=format-security -Wdate-time -D_FORTIFY_SOURCE=2 -fPIC   -Wall -Wextra -Wshadow -pedantic -o CMakeFiles/fmt.dir/printf.cc.o -c /<<BUILDDIR>>/fmtlib-4.0.0+ds/fmt/printf.cc
[  8%] Building CXX object fmt/CMakeFiles/fmt.dir/posix.cc.o
cd /<<BUILDDIR>>/fmtlib-4.0.0+ds/obj-x86_64-linux-gnu/fmt && /usr/bin/c++   -I/<<BUILDDIR>>/fmtlib-4.0.0+ds  -g -O2 -fdebug-prefix-map=/<<BUILDDIR>>/fmtlib-4.0.0+ds=. -fstack-protector-strong -Wformat -Werror=format-security -Wdate-time -D_FORTIFY_SOURCE=2 -fPIC   -Wall -Wextra -Wshadow -pedantic -o CMakeFiles/fmt.dir/posix.cc.o -c /<<BUILDDIR>>/fmtlib-4.0.0+ds/fmt/posix.cc
[ 10%] Linking CXX static library libfmt.a
cd /<<BUILDDIR>>/fmtlib-4.0.0+ds/obj-x86_64-linux-gnu/fmt && /usr/bin/cmake -P CMakeFiles/fmt.dir/cmake_clean_target.cmake
cd /<<BUILDDIR>>/fmtlib-4.0.0+ds/obj-x86_64-linux-gnu/fmt && /usr/bin/cmake -E cmake_link_script CMakeFiles/fmt.dir/link.txt --verbose=1
/usr/bin/ar qc libfmt.a  CMakeFiles/fmt.dir/format.cc.o CMakeFiles/fmt.dir/ostream.cc.o CMakeFiles/fmt.dir/printf.cc.o CMakeFiles/fmt.dir/posix.cc.o
/usr/bin/ranlib libfmt.a
make[4]: Leaving directory '/<<BUILDDIR>>/fmtlib-4.0.0+ds/obj-x86_64-linux-gnu'
[ 10%] Built target fmt
make -f test/CMakeFiles/noexception-test.dir/build.make test/CMakeFiles/noexception-test.dir/depend
make[4]: Entering directory '/<<BUILDDIR>>/fmtlib-4.0.0+ds/obj-x86_64-linux-gnu'
cd /<<BUILDDIR>>/fmtlib-4.0.0+ds/obj-x86_64-linux-gnu && /usr/bin/cmake -E cmake_depends "Unix Makefiles" /<<BUILDDIR>>/fmtlib-4.0.0+ds /<<BUILDDIR>>/fmtlib-4.0.0+ds/test /<<BUILDDIR>>/fmtlib-4.0.0+ds/obj-x86_64-linux-gnu /<<BUILDDIR>>/fmtlib-4.0.0+ds/obj-x86_64-linux-gnu/test /<<BUILDDIR>>/fmtlib-4.0.0+ds/obj-x86_64-linux-gnu/test/CMakeFiles/noexception-test.dir/DependInfo.cmake --color=
Scanning dependencies of target noexception-test
make[4]: Leaving directory '/<<BUILDDIR>>/fmtlib-4.0.0+ds/obj-x86_64-linux-gnu'
make -f test/CMakeFiles/noexception-test.dir/build.make test/CMakeFiles/noexception-test.dir/build
make[4]: Entering directory '/<<BUILDDIR>>/fmtlib-4.0.0+ds/obj-x86_64-linux-gnu'
[ 12%] Building CXX object test/CMakeFiles/noexception-test.dir/__/fmt/format.cc.o
cd /<<BUILDDIR>>/fmtlib-4.0.0+ds/obj-x86_64-linux-gnu/test && /usr/bin/c++   -I/<<BUILDDIR>>/fmtlib-4.0.0+ds/test/.. -I/<<BUILDDIR>>/fmtlib-4.0.0+ds  -g -O2 -fdebug-prefix-map=/<<BUILDDIR>>/fmtlib-4.0.0+ds=. -fstack-protector-strong -Wformat -Werror=format-security -Wdate-time -D_FORTIFY_SOURCE=2 -fPIC   -fno-exceptions -o CMakeFiles/noexception-test.dir/__/fmt/format.cc.o -c /<<BUILDDIR>>/fmtlib-4.0.0+ds/fmt/format.cc
[ 14%] Linking CXX static library libnoexception-test.a
cd /<<BUILDDIR>>/fmtlib-4.0.0+ds/obj-x86_64-linux-gnu/test && /usr/bin/cmake -P CMakeFiles/noexception-test.dir/cmake_clean_target.cmake
cd /<<BUILDDIR>>/fmtlib-4.0.0+ds/obj-x86_64-linux-gnu/test && /usr/bin/cmake -E cmake_link_script CMakeFiles/noexception-test.dir/link.txt --verbose=1
/usr/bin/ar qc libnoexception-test.a  CMakeFiles/noexception-test.dir/__/fmt/format.cc.o
/usr/bin/ranlib libnoexception-test.a
make[4]: Leaving directory '/<<BUILDDIR>>/fmtlib-4.0.0+ds/obj-x86_64-linux-gnu'
[ 14%] Built target noexception-test
make -f test/3rdparty/gmock/gtest/CMakeFiles/gtest.dir/build.make test/3rdparty/gmock/gtest/CMakeFiles/gtest.dir/depend
make[4]: Entering directory '/<<BUILDDIR>>/fmtlib-4.0.0+ds/obj-x86_64-linux-gnu'
cd /<<BUILDDIR>>/fmtlib-4.0.0+ds/obj-x86_64-linux-gnu && /usr/bin/cmake -E cmake_depends "Unix Makefiles" /<<BUILDDIR>>/fmtlib-4.0.0+ds /usr/src/googletest/googletest /<<BUILDDIR>>/fmtlib-4.0.0+ds/obj-x86_64-linux-gnu /<<BUILDDIR>>/fmtlib-4.0.0+ds/obj-x86_64-linux-gnu/test/3rdparty/gmock/gtest /<<BUILDDIR>>/fmtlib-4.0.0+ds/obj-x86_64-linux-gnu/test/3rdparty/gmock/gtest/CMakeFiles/gtest.dir/DependInfo.cmake --color=
Scanning dependencies of target gtest
make[4]: Leaving directory '/<<BUILDDIR>>/fmtlib-4.0.0+ds/obj-x86_64-linux-gnu'
make -f test/3rdparty/gmock/gtest/CMakeFiles/gtest.dir/build.make test/3rdparty/gmock/gtest/CMakeFiles/gtest.dir/build
make[4]: Entering directory '/<<BUILDDIR>>/fmtlib-4.0.0+ds/obj-x86_64-linux-gnu'
[ 16%] Building CXX object test/3rdparty/gmock/gtest/CMakeFiles/gtest.dir/src/gtest-all.cc.o
cd /<<BUILDDIR>>/fmtlib-4.0.0+ds/obj-x86_64-linux-gnu/test/3rdparty/gmock/gtest && /usr/bin/c++   -I/<<BUILDDIR>>/fmtlib-4.0.0+ds/test/.. -I/usr/src/googletest/googletest/include -I/usr/src/googletest/googletest  -g -O2 -fdebug-prefix-map=/<<BUILDDIR>>/fmtlib-4.0.0+ds=. -fstack-protector-strong -Wformat -Werror=format-security -Wdate-time -D_FORTIFY_SOURCE=2 -fPIC   -g -O2 -fdebug-prefix-map=/<<BUILDDIR>>/fmtlib-4.0.0+ds=. -fstack-protector-strong -Wformat -Werror=format-security -Wdate-time -D_FORTIFY_SOURCE=2  -DGTEST_HAS_PTHREAD=1   -o CMakeFiles/gtest.dir/src/gtest-all.cc.o -c /usr/src/googletest/googletest/src/gtest-all.cc
[ 18%] Linking CXX static library libgtest.a
cd /<<BUILDDIR>>/fmtlib-4.0.0+ds/obj-x86_64-linux-gnu/test/3rdparty/gmock/gtest && /usr/bin/cmake -P CMakeFiles/gtest.dir/cmake_clean_target.cmake
cd /<<BUILDDIR>>/fmtlib-4.0.0+ds/obj-x86_64-linux-gnu/test/3rdparty/gmock/gtest && /usr/bin/cmake -E cmake_link_script CMakeFiles/gtest.dir/link.txt --verbose=1
/usr/bin/ar qc libgtest.a  CMakeFiles/gtest.dir/src/gtest-all.cc.o
/usr/bin/ranlib libgtest.a
make[4]: Leaving directory '/<<BUILDDIR>>/fmtlib-4.0.0+ds/obj-x86_64-linux-gnu'
[ 18%] Built target gtest
make -f test/3rdparty/gmock/CMakeFiles/gmock.dir/build.make test/3rdparty/gmock/CMakeFiles/gmock.dir/depend
make[4]: Entering directory '/<<BUILDDIR>>/fmtlib-4.0.0+ds/obj-x86_64-linux-gnu'
cd /<<BUILDDIR>>/fmtlib-4.0.0+ds/obj-x86_64-linux-gnu && /usr/bin/cmake -E cmake_depends "Unix Makefiles" /<<BUILDDIR>>/fmtlib-4.0.0+ds /usr/src/googletest/googlemock /<<BUILDDIR>>/fmtlib-4.0.0+ds/obj-x86_64-linux-gnu /<<BUILDDIR>>/fmtlib-4.0.0+ds/obj-x86_64-linux-gnu/test/3rdparty/gmock /<<BUILDDIR>>/fmtlib-4.0.0+ds/obj-x86_64-linux-gnu/test/3rdparty/gmock/CMakeFiles/gmock.dir/DependInfo.cmake --color=
Scanning dependencies of target gmock
make[4]: Leaving directory '/<<BUILDDIR>>/fmtlib-4.0.0+ds/obj-x86_64-linux-gnu'
make -f test/3rdparty/gmock/CMakeFiles/gmock.dir/build.make test/3rdparty/gmock/CMakeFiles/gmock.dir/build
make[4]: Entering directory '/<<BUILDDIR>>/fmtlib-4.0.0+ds/obj-x86_64-linux-gnu'
[ 20%] Building CXX object test/3rdparty/gmock/CMakeFiles/gmock.dir/usr/src/googletest/googletest/src/gtest-all.cc.o
cd /<<BUILDDIR>>/fmtlib-4.0.0+ds/obj-x86_64-linux-gnu/test/3rdparty/gmock && /usr/bin/c++   -I/<<BUILDDIR>>/fmtlib-4.0.0+ds/test/.. -I/usr/src/googletest/googlemock/include -I/usr/src/googletest/googlemock -I/usr/src/googletest/googletest/include -I/usr/src/googletest/googletest  -g -O2 -fdebug-prefix-map=/<<BUILDDIR>>/fmtlib-4.0.0+ds=. -fstack-protector-strong -Wformat -Werror=format-security -Wdate-time -D_FORTIFY_SOURCE=2 -fPIC   -g -O2 -fdebug-prefix-map=/<<BUILDDIR>>/fmtlib-4.0.0+ds=. -fstack-protector-strong -Wformat -Werror=format-security -Wdate-time -D_FORTIFY_SOURCE=2  -DGTEST_HAS_PTHREAD=1   -o CMakeFiles/gmock.dir/usr/src/googletest/googletest/src/gtest-all.cc.o -c /usr/src/googletest/googletest/src/gtest-all.cc
[ 22%] Building CXX object test/3rdparty/gmock/CMakeFiles/gmock.dir/src/gmock-all.cc.o
cd /<<BUILDDIR>>/fmtlib-4.0.0+ds/obj-x86_64-linux-gnu/test/3rdparty/gmock && /usr/bin/c++   -I/<<BUILDDIR>>/fmtlib-4.0.0+ds/test/.. -I/usr/src/googletest/googlemock/include -I/usr/src/googletest/googlemock -I/usr/src/googletest/googletest/include -I/usr/src/googletest/googletest  -g -O2 -fdebug-prefix-map=/<<BUILDDIR>>/fmtlib-4.0.0+ds=. -fstack-protector-strong -Wformat -Werror=format-security -Wdate-time -D_FORTIFY_SOURCE=2 -fPIC   -g -O2 -fdebug-prefix-map=/<<BUILDDIR>>/fmtlib-4.0.0+ds=. -fstack-protector-strong -Wformat -Werror=format-security -Wdate-time -D_FORTIFY_SOURCE=2  -DGTEST_HAS_PTHREAD=1   -o CMakeFiles/gmock.dir/src/gmock-all.cc.o -c /usr/src/googletest/googlemock/src/gmock-all.cc
[ 25%] Linking CXX static library libgmock.a
cd /<<BUILDDIR>>/fmtlib-4.0.0+ds/obj-x86_64-linux-gnu/test/3rdparty/gmock && /usr/bin/cmake -P CMakeFiles/gmock.dir/cmake_clean_target.cmake
cd /<<BUILDDIR>>/fmtlib-4.0.0+ds/obj-x86_64-linux-gnu/test/3rdparty/gmock && /usr/bin/cmake -E cmake_link_script CMakeFiles/gmock.dir/link.txt --verbose=1
/usr/bin/ar qc libgmock.a  CMakeFiles/gmock.dir/usr/src/googletest/googletest/src/gtest-all.cc.o CMakeFiles/gmock.dir/src/gmock-all.cc.o
/usr/bin/ranlib libgmock.a
make[4]: Leaving directory '/<<BUILDDIR>>/fmtlib-4.0.0+ds/obj-x86_64-linux-gnu'
[ 25%] Built target gmock
make -f test/CMakeFiles/test-main.dir/build.make test/CMakeFiles/test-main.dir/depend
make[4]: Entering directory '/<<BUILDDIR>>/fmtlib-4.0.0+ds/obj-x86_64-linux-gnu'
cd /<<BUILDDIR>>/fmtlib-4.0.0+ds/obj-x86_64-linux-gnu && /usr/bin/cmake -E cmake_depends "Unix Makefiles" /<<BUILDDIR>>/fmtlib-4.0.0+ds /<<BUILDDIR>>/fmtlib-4.0.0+ds/test /<<BUILDDIR>>/fmtlib-4.0.0+ds/obj-x86_64-linux-gnu /<<BUILDDIR>>/fmtlib-4.0.0+ds/obj-x86_64-linux-gnu/test /<<BUILDDIR>>/fmtlib-4.0.0+ds/obj-x86_64-linux-gnu/test/CMakeFiles/test-main.dir/DependInfo.cmake --color=
Scanning dependencies of target test-main
make[4]: Leaving directory '/<<BUILDDIR>>/fmtlib-4.0.0+ds/obj-x86_64-linux-gnu'
make -f test/CMakeFiles/test-main.dir/build.make test/CMakeFiles/test-main.dir/build
make[4]: Entering directory '/<<BUILDDIR>>/fmtlib-4.0.0+ds/obj-x86_64-linux-gnu'
[ 27%] Building CXX object test/CMakeFiles/test-main.dir/test-main.cc.o
cd /<<BUILDDIR>>/fmtlib-4.0.0+ds/obj-x86_64-linux-gnu/test && /usr/bin/c++  -DFMT_USE_FILE_DESCRIPTORS=1 -DGTEST_HAS_PTHREAD=1 -I/<<BUILDDIR>>/fmtlib-4.0.0+ds/test/.. -I/usr/src/googletest/googlemock/include -I/usr/src/googletest/googletest/include -I/<<BUILDDIR>>/fmtlib-4.0.0+ds  -g -O2 -fdebug-prefix-map=/<<BUILDDIR>>/fmtlib-4.0.0+ds=. -fstack-protector-strong -Wformat -Werror=format-security -Wdate-time -D_FORTIFY_SOURCE=2 -fPIC   -o CMakeFiles/test-main.dir/test-main.cc.o -c /<<BUILDDIR>>/fmtlib-4.0.0+ds/test/test-main.cc
[ 29%] Building CXX object test/CMakeFiles/test-main.dir/gtest-extra.cc.o
cd /<<BUILDDIR>>/fmtlib-4.0.0+ds/obj-x86_64-linux-gnu/test && /usr/bin/c++  -DFMT_USE_FILE_DESCRIPTORS=1 -DGTEST_HAS_PTHREAD=1 -I/<<BUILDDIR>>/fmtlib-4.0.0+ds/test/.. -I/usr/src/googletest/googlemock/include -I/usr/src/googletest/googletest/include -I/<<BUILDDIR>>/fmtlib-4.0.0+ds  -g -O2 -fdebug-prefix-map=/<<BUILDDIR>>/fmtlib-4.0.0+ds=. -fstack-protector-strong -Wformat -Werror=format-security -Wdate-time -D_FORTIFY_SOURCE=2 -fPIC   -o CMakeFiles/test-main.dir/gtest-extra.cc.o -c /<<BUILDDIR>>/fmtlib-4.0.0+ds/test/gtest-extra.cc
[ 31%] Building CXX object test/CMakeFiles/test-main.dir/util.cc.o
cd /<<BUILDDIR>>/fmtlib-4.0.0+ds/obj-x86_64-linux-gnu/test && /usr/bin/c++  -DFMT_USE_FILE_DESCRIPTORS=1 -DGTEST_HAS_PTHREAD=1 -I/<<BUILDDIR>>/fmtlib-4.0.0+ds/test/.. -I/usr/src/googletest/googlemock/include -I/usr/src/googletest/googletest/include -I/<<BUILDDIR>>/fmtlib-4.0.0+ds  -g -O2 -fdebug-prefix-map=/<<BUILDDIR>>/fmtlib-4.0.0+ds=. -fstack-protector-strong -Wformat -Werror=format-security -Wdate-time -D_FORTIFY_SOURCE=2 -fPIC   -o CMakeFiles/test-main.dir/util.cc.o -c /<<BUILDDIR>>/fmtlib-4.0.0+ds/test/util.cc
[ 33%] Linking CXX static library libtest-main.a
cd /<<BUILDDIR>>/fmtlib-4.0.0+ds/obj-x86_64-linux-gnu/test && /usr/bin/cmake -P CMakeFiles/test-main.dir/cmake_clean_target.cmake
cd /<<BUILDDIR>>/fmtlib-4.0.0+ds/obj-x86_64-linux-gnu/test && /usr/bin/cmake -E cmake_link_script CMakeFiles/test-main.dir/link.txt --verbose=1
/usr/bin/ar qc libtest-main.a  CMakeFiles/test-main.dir/test-main.cc.o CMakeFiles/test-main.dir/gtest-extra.cc.o CMakeFiles/test-main.dir/util.cc.o
/usr/bin/ranlib libtest-main.a
make[4]: Leaving directory '/<<BUILDDIR>>/fmtlib-4.0.0+ds/obj-x86_64-linux-gnu'
[ 33%] Built target test-main
make -f test/CMakeFiles/format-impl-test.dir/build.make test/CMakeFiles/format-impl-test.dir/depend
make[4]: Entering directory '/<<BUILDDIR>>/fmtlib-4.0.0+ds/obj-x86_64-linux-gnu'
cd /<<BUILDDIR>>/fmtlib-4.0.0+ds/obj-x86_64-linux-gnu && /usr/bin/cmake -E cmake_depends "Unix Makefiles" /<<BUILDDIR>>/fmtlib-4.0.0+ds /<<BUILDDIR>>/fmtlib-4.0.0+ds/test /<<BUILDDIR>>/fmtlib-4.0.0+ds/obj-x86_64-linux-gnu /<<BUILDDIR>>/fmtlib-4.0.0+ds/obj-x86_64-linux-gnu/test /<<BUILDDIR>>/fmtlib-4.0.0+ds/obj-x86_64-linux-gnu/test/CMakeFiles/format-impl-test.dir/DependInfo.cmake --color=
Scanning dependencies of target format-impl-test
make[4]: Leaving directory '/<<BUILDDIR>>/fmtlib-4.0.0+ds/obj-x86_64-linux-gnu'
make -f test/CMakeFiles/format-impl-test.dir/build.make test/CMakeFiles/format-impl-test.dir/build
make[4]: Entering directory '/<<BUILDDIR>>/fmtlib-4.0.0+ds/obj-x86_64-linux-gnu'
[ 35%] Building CXX object test/CMakeFiles/format-impl-test.dir/format-impl-test.cc.o
cd /<<BUILDDIR>>/fmtlib-4.0.0+ds/obj-x86_64-linux-gnu/test && /usr/bin/c++  -DFMT_USE_ENUM_BASE=1 -DFMT_USE_FILE_DESCRIPTORS=1 -DFMT_USE_TYPE_TRAITS=1 -DGTEST_HAS_PTHREAD=1 -I/<<BUILDDIR>>/fmtlib-4.0.0+ds/test/.. -I/usr/src/googletest/googlemock/include -I/usr/src/googletest/googletest/include -I/<<BUILDDIR>>/fmtlib-4.0.0+ds  -g -O2 -fdebug-prefix-map=/<<BUILDDIR>>/fmtlib-4.0.0+ds=. -fstack-protector-strong -Wformat -Werror=format-security -Wdate-time -D_FORTIFY_SOURCE=2 -fPIE   -Wall -Wextra -Wno-long-long -Wno-variadic-macros -o CMakeFiles/format-impl-test.dir/format-impl-test.cc.o -c /<<BUILDDIR>>/fmtlib-4.0.0+ds/test/format-impl-test.cc
[ 37%] Linking CXX executable ../bin/format-impl-test
cd /<<BUILDDIR>>/fmtlib-4.0.0+ds/obj-x86_64-linux-gnu/test && /usr/bin/cmake -E cmake_link_script CMakeFiles/format-impl-test.dir/link.txt --verbose=1
/usr/bin/c++  -g -O2 -fdebug-prefix-map=/<<BUILDDIR>>/fmtlib-4.0.0+ds=. -fstack-protector-strong -Wformat -Werror=format-security -Wdate-time -D_FORTIFY_SOURCE=2  -Wl,-z,relro -rdynamic CMakeFiles/format-impl-test.dir/format-impl-test.cc.o  -o ../bin/format-impl-test libtest-main.a 3rdparty/gmock/libgmock.a 3rdparty/gmock/gtest/libgtest.a -lpthread ../fmt/libfmt.a 
make[4]: Leaving directory '/<<BUILDDIR>>/fmtlib-4.0.0+ds/obj-x86_64-linux-gnu'
[ 37%] Built target format-impl-test
make -f test/CMakeFiles/format-test.dir/build.make test/CMakeFiles/format-test.dir/depend
make[4]: Entering directory '/<<BUILDDIR>>/fmtlib-4.0.0+ds/obj-x86_64-linux-gnu'
cd /<<BUILDDIR>>/fmtlib-4.0.0+ds/obj-x86_64-linux-gnu && /usr/bin/cmake -E cmake_depends "Unix Makefiles" /<<BUILDDIR>>/fmtlib-4.0.0+ds /<<BUILDDIR>>/fmtlib-4.0.0+ds/test /<<BUILDDIR>>/fmtlib-4.0.0+ds/obj-x86_64-linux-gnu /<<BUILDDIR>>/fmtlib-4.0.0+ds/obj-x86_64-linux-gnu/test /<<BUILDDIR>>/fmtlib-4.0.0+ds/obj-x86_64-linux-gnu/test/CMakeFiles/format-test.dir/DependInfo.cmake --color=
Scanning dependencies of target format-test
make[4]: Leaving directory '/<<BUILDDIR>>/fmtlib-4.0.0+ds/obj-x86_64-linux-gnu'
make -f test/CMakeFiles/format-test.dir/build.make test/CMakeFiles/format-test.dir/build
make[4]: Entering directory '/<<BUILDDIR>>/fmtlib-4.0.0+ds/obj-x86_64-linux-gnu'
[ 39%] Building CXX object test/CMakeFiles/format-test.dir/format-test.cc.o
cd /<<BUILDDIR>>/fmtlib-4.0.0+ds/obj-x86_64-linux-gnu/test && /usr/bin/c++  -DFMT_USE_ENUM_BASE=1 -DFMT_USE_FILE_DESCRIPTORS=1 -DFMT_USE_TYPE_TRAITS=1 -DGTEST_HAS_PTHREAD=1 -I/<<BUILDDIR>>/fmtlib-4.0.0+ds/test/.. -I/usr/src/googletest/googlemock/include -I/usr/src/googletest/googletest/include -I/<<BUILDDIR>>/fmtlib-4.0.0+ds  -g -O2 -fdebug-prefix-map=/<<BUILDDIR>>/fmtlib-4.0.0+ds=. -fstack-protector-strong -Wformat -Werror=format-security -Wdate-time -D_FORTIFY_SOURCE=2 -fPIE   -Wall -Wextra -Wno-long-long -Wno-variadic-macros -o CMakeFiles/format-test.dir/format-test.cc.o -c /<<BUILDDIR>>/fmtlib-4.0.0+ds/test/format-test.cc
/<<BUILDDIR>>/fmtlib-4.0.0+ds/test/format-test.cc:1627:5: warning: macro expansion producing 'defined' has undefined behavior [-Wexpansion-to-defined]
#if FMT_USE_USER_DEFINED_LITERALS
    ^
/<<BUILDDIR>>/fmtlib-4.0.0+ds/test/../fmt/format.h:269:6: note: expanded from macro 'FMT_USE_USER_DEFINED_LITERALS'
   (!defined(FMT_ICC_VERSION) || FMT_ICC_VERSION >= 1500)
     ^
1 warning generated.
[ 41%] Linking CXX executable ../bin/format-test
cd /<<BUILDDIR>>/fmtlib-4.0.0+ds/obj-x86_64-linux-gnu/test && /usr/bin/cmake -E cmake_link_script CMakeFiles/format-test.dir/link.txt --verbose=1
/usr/bin/c++  -g -O2 -fdebug-prefix-map=/<<BUILDDIR>>/fmtlib-4.0.0+ds=. -fstack-protector-strong -Wformat -Werror=format-security -Wdate-time -D_FORTIFY_SOURCE=2  -Wl,-z,relro -rdynamic CMakeFiles/format-test.dir/format-test.cc.o  -o ../bin/format-test libtest-main.a 3rdparty/gmock/libgmock.a 3rdparty/gmock/gtest/libgtest.a -lpthread ../fmt/libfmt.a 
make[4]: Leaving directory '/<<BUILDDIR>>/fmtlib-4.0.0+ds/obj-x86_64-linux-gnu'
[ 41%] Built target format-test
make -f test/CMakeFiles/gtest-extra-test.dir/build.make test/CMakeFiles/gtest-extra-test.dir/depend
make[4]: Entering directory '/<<BUILDDIR>>/fmtlib-4.0.0+ds/obj-x86_64-linux-gnu'
cd /<<BUILDDIR>>/fmtlib-4.0.0+ds/obj-x86_64-linux-gnu && /usr/bin/cmake -E cmake_depends "Unix Makefiles" /<<BUILDDIR>>/fmtlib-4.0.0+ds /<<BUILDDIR>>/fmtlib-4.0.0+ds/test /<<BUILDDIR>>/fmtlib-4.0.0+ds/obj-x86_64-linux-gnu /<<BUILDDIR>>/fmtlib-4.0.0+ds/obj-x86_64-linux-gnu/test /<<BUILDDIR>>/fmtlib-4.0.0+ds/obj-x86_64-linux-gnu/test/CMakeFiles/gtest-extra-test.dir/DependInfo.cmake --color=
Scanning dependencies of target gtest-extra-test
make[4]: Leaving directory '/<<BUILDDIR>>/fmtlib-4.0.0+ds/obj-x86_64-linux-gnu'
make -f test/CMakeFiles/gtest-extra-test.dir/build.make test/CMakeFiles/gtest-extra-test.dir/build
make[4]: Entering directory '/<<BUILDDIR>>/fmtlib-4.0.0+ds/obj-x86_64-linux-gnu'
[ 43%] Building CXX object test/CMakeFiles/gtest-extra-test.dir/gtest-extra-test.cc.o
cd /<<BUILDDIR>>/fmtlib-4.0.0+ds/obj-x86_64-linux-gnu/test && /usr/bin/c++  -DFMT_USE_ENUM_BASE=1 -DFMT_USE_FILE_DESCRIPTORS=1 -DFMT_USE_TYPE_TRAITS=1 -DGTEST_HAS_PTHREAD=1 -I/<<BUILDDIR>>/fmtlib-4.0.0+ds/test/.. -I/usr/src/googletest/googlemock/include -I/usr/src/googletest/googletest/include -I/<<BUILDDIR>>/fmtlib-4.0.0+ds  -g -O2 -fdebug-prefix-map=/<<BUILDDIR>>/fmtlib-4.0.0+ds=. -fstack-protector-strong -Wformat -Werror=format-security -Wdate-time -D_FORTIFY_SOURCE=2 -fPIE   -Wall -Wextra -Wno-long-long -Wno-variadic-macros -o CMakeFiles/gtest-extra-test.dir/gtest-extra-test.cc.o -c /<<BUILDDIR>>/fmtlib-4.0.0+ds/test/gtest-extra-test.cc
[ 45%] Linking CXX executable ../bin/gtest-extra-test
cd /<<BUILDDIR>>/fmtlib-4.0.0+ds/obj-x86_64-linux-gnu/test && /usr/bin/cmake -E cmake_link_script CMakeFiles/gtest-extra-test.dir/link.txt --verbose=1
/usr/bin/c++  -g -O2 -fdebug-prefix-map=/<<BUILDDIR>>/fmtlib-4.0.0+ds=. -fstack-protector-strong -Wformat -Werror=format-security -Wdate-time -D_FORTIFY_SOURCE=2  -Wl,-z,relro -rdynamic CMakeFiles/gtest-extra-test.dir/gtest-extra-test.cc.o  -o ../bin/gtest-extra-test libtest-main.a 3rdparty/gmock/libgmock.a 3rdparty/gmock/gtest/libgtest.a -lpthread ../fmt/libfmt.a 
make[4]: Leaving directory '/<<BUILDDIR>>/fmtlib-4.0.0+ds/obj-x86_64-linux-gnu'
[ 45%] Built target gtest-extra-test
make -f test/CMakeFiles/posix-mock-test.dir/build.make test/CMakeFiles/posix-mock-test.dir/depend
make[4]: Entering directory '/<<BUILDDIR>>/fmtlib-4.0.0+ds/obj-x86_64-linux-gnu'
cd /<<BUILDDIR>>/fmtlib-4.0.0+ds/obj-x86_64-linux-gnu && /usr/bin/cmake -E cmake_depends "Unix Makefiles" /<<BUILDDIR>>/fmtlib-4.0.0+ds /<<BUILDDIR>>/fmtlib-4.0.0+ds/test /<<BUILDDIR>>/fmtlib-4.0.0+ds/obj-x86_64-linux-gnu /<<BUILDDIR>>/fmtlib-4.0.0+ds/obj-x86_64-linux-gnu/test /<<BUILDDIR>>/fmtlib-4.0.0+ds/obj-x86_64-linux-gnu/test/CMakeFiles/posix-mock-test.dir/DependInfo.cmake --color=
Scanning dependencies of target posix-mock-test
make[4]: Leaving directory '/<<BUILDDIR>>/fmtlib-4.0.0+ds/obj-x86_64-linux-gnu'
make -f test/CMakeFiles/posix-mock-test.dir/build.make test/CMakeFiles/posix-mock-test.dir/build
make[4]: Entering directory '/<<BUILDDIR>>/fmtlib-4.0.0+ds/obj-x86_64-linux-gnu'
[ 47%] Building CXX object test/CMakeFiles/posix-mock-test.dir/posix-mock-test.cc.o
cd /<<BUILDDIR>>/fmtlib-4.0.0+ds/obj-x86_64-linux-gnu/test && /usr/bin/c++  -DFMT_USE_ENUM_BASE=1 -DFMT_USE_FILE_DESCRIPTORS=1 -DFMT_USE_TYPE_TRAITS=1 -DGTEST_HAS_PTHREAD=1 -I/<<BUILDDIR>>/fmtlib-4.0.0+ds/test/.. -I/usr/src/googletest/googlemock/include -I/usr/src/googletest/googletest/include -I/<<BUILDDIR>>/fmtlib-4.0.0+ds  -g -O2 -fdebug-prefix-map=/<<BUILDDIR>>/fmtlib-4.0.0+ds=. -fstack-protector-strong -Wformat -Werror=format-security -Wdate-time -D_FORTIFY_SOURCE=2 -fPIE   -Wall -Wextra -Wno-long-long -Wno-variadic-macros -o CMakeFiles/posix-mock-test.dir/posix-mock-test.cc.o -c /<<BUILDDIR>>/fmtlib-4.0.0+ds/test/posix-mock-test.cc
/<<BUILDDIR>>/fmtlib-4.0.0+ds/test/posix-mock-test.cc:464:15: warning: unused variable 'copy' [-Wunused-variable]
    TestMock &copy = mock;
              ^
In file included from /<<BUILDDIR>>/fmtlib-4.0.0+ds/test/posix-mock-test.cc:44:
In file included from /usr/src/googletest/googlemock/include/gmock/gmock.h:58:
In file included from /usr/src/googletest/googlemock/include/gmock/gmock-actions.h:46:
In file included from /usr/src/googletest/googlemock/include/gmock/internal/gmock-internal-utils.h:47:
/usr/src/googletest/googletest/include/gtest/gtest.h:1392:11: warning: comparison of integers of different signs: 'const long' and 'const unsigned long' [-Wsign-compare]
  if (lhs == rhs) {
      ~~~ ^  ~~~
/usr/src/googletest/googletest/include/gtest/gtest.h:1421:12: note: in instantiation of function template specialization 'testing::internal::CmpHelperEQ<long, unsigned long>' requested here
    return CmpHelperEQ(lhs_expression, rhs_expression, lhs, rhs);
           ^
/<<BUILDDIR>>/fmtlib-4.0.0+ds/test/posix-mock-test.cc:313:3: note: in instantiation of function template specialization 'testing::internal::EqHelper<false>::Compare<long, unsigned long>' requested here
  EXPECT_EQ_POSIX(static_cast<std::streamsize>(SIZE), count);
  ^
/<<BUILDDIR>>/fmtlib-4.0.0+ds/test/posix-mock-test.cc:207:44: note: expanded from macro 'EXPECT_EQ_POSIX'
# define EXPECT_EQ_POSIX(expected, actual) EXPECT_EQ(expected, actual)
                                           ^
/usr/src/googletest/googletest/include/gtest/gtest.h:1924:63: note: expanded from macro 'EXPECT_EQ'
                      EqHelper<GTEST_IS_NULL_LITERAL_(val1)>::Compare, \
                                                              ^
2 warnings generated.
[ 50%] Linking CXX executable ../bin/posix-mock-test
cd /<<BUILDDIR>>/fmtlib-4.0.0+ds/obj-x86_64-linux-gnu/test && /usr/bin/cmake -E cmake_link_script CMakeFiles/posix-mock-test.dir/link.txt --verbose=1
/usr/bin/c++  -g -O2 -fdebug-prefix-map=/<<BUILDDIR>>/fmtlib-4.0.0+ds=. -fstack-protector-strong -Wformat -Werror=format-security -Wdate-time -D_FORTIFY_SOURCE=2  -Wl,-z,relro -rdynamic CMakeFiles/posix-mock-test.dir/posix-mock-test.cc.o  -o ../bin/posix-mock-test libtest-main.a 3rdparty/gmock/libgmock.a 3rdparty/gmock/gtest/libgtest.a -lpthread ../fmt/libfmt.a 
make[4]: Leaving directory '/<<BUILDDIR>>/fmtlib-4.0.0+ds/obj-x86_64-linux-gnu'
[ 50%] Built target posix-mock-test
make -f test/CMakeFiles/posix-test.dir/build.make test/CMakeFiles/posix-test.dir/depend
make[4]: Entering directory '/<<BUILDDIR>>/fmtlib-4.0.0+ds/obj-x86_64-linux-gnu'
cd /<<BUILDDIR>>/fmtlib-4.0.0+ds/obj-x86_64-linux-gnu && /usr/bin/cmake -E cmake_depends "Unix Makefiles" /<<BUILDDIR>>/fmtlib-4.0.0+ds /<<BUILDDIR>>/fmtlib-4.0.0+ds/test /<<BUILDDIR>>/fmtlib-4.0.0+ds/obj-x86_64-linux-gnu /<<BUILDDIR>>/fmtlib-4.0.0+ds/obj-x86_64-linux-gnu/test /<<BUILDDIR>>/fmtlib-4.0.0+ds/obj-x86_64-linux-gnu/test/CMakeFiles/posix-test.dir/DependInfo.cmake --color=
Scanning dependencies of target posix-test
make[4]: Leaving directory '/<<BUILDDIR>>/fmtlib-4.0.0+ds/obj-x86_64-linux-gnu'
make -f test/CMakeFiles/posix-test.dir/build.make test/CMakeFiles/posix-test.dir/build
make[4]: Entering directory '/<<BUILDDIR>>/fmtlib-4.0.0+ds/obj-x86_64-linux-gnu'
[ 52%] Building CXX object test/CMakeFiles/posix-test.dir/posix-test.cc.o
cd /<<BUILDDIR>>/fmtlib-4.0.0+ds/obj-x86_64-linux-gnu/test && /usr/bin/c++  -DFMT_USE_ENUM_BASE=1 -DFMT_USE_FILE_DESCRIPTORS=1 -DFMT_USE_TYPE_TRAITS=1 -DGTEST_HAS_PTHREAD=1 -I/<<BUILDDIR>>/fmtlib-4.0.0+ds/test/.. -I/usr/src/googletest/googlemock/include -I/usr/src/googletest/googletest/include -I/<<BUILDDIR>>/fmtlib-4.0.0+ds  -g -O2 -fdebug-prefix-map=/<<BUILDDIR>>/fmtlib-4.0.0+ds=. -fstack-protector-strong -Wformat -Werror=format-security -Wdate-time -D_FORTIFY_SOURCE=2 -fPIE   -Wall -Wextra -Wno-long-long -Wno-variadic-macros -o CMakeFiles/posix-test.dir/posix-test.cc.o -c /<<BUILDDIR>>/fmtlib-4.0.0+ds/test/posix-test.cc
[ 54%] Linking CXX executable ../bin/posix-test
cd /<<BUILDDIR>>/fmtlib-4.0.0+ds/obj-x86_64-linux-gnu/test && /usr/bin/cmake -E cmake_link_script CMakeFiles/posix-test.dir/link.txt --verbose=1
/usr/bin/c++  -g -O2 -fdebug-prefix-map=/<<BUILDDIR>>/fmtlib-4.0.0+ds=. -fstack-protector-strong -Wformat -Werror=format-security -Wdate-time -D_FORTIFY_SOURCE=2  -Wl,-z,relro -rdynamic CMakeFiles/posix-test.dir/posix-test.cc.o  -o ../bin/posix-test libtest-main.a 3rdparty/gmock/libgmock.a 3rdparty/gmock/gtest/libgtest.a -lpthread ../fmt/libfmt.a 
make[4]: Leaving directory '/<<BUILDDIR>>/fmtlib-4.0.0+ds/obj-x86_64-linux-gnu'
[ 54%] Built target posix-test
make -f test/CMakeFiles/ostream-test.dir/build.make test/CMakeFiles/ostream-test.dir/depend
make[4]: Entering directory '/<<BUILDDIR>>/fmtlib-4.0.0+ds/obj-x86_64-linux-gnu'
cd /<<BUILDDIR>>/fmtlib-4.0.0+ds/obj-x86_64-linux-gnu && /usr/bin/cmake -E cmake_depends "Unix Makefiles" /<<BUILDDIR>>/fmtlib-4.0.0+ds /<<BUILDDIR>>/fmtlib-4.0.0+ds/test /<<BUILDDIR>>/fmtlib-4.0.0+ds/obj-x86_64-linux-gnu /<<BUILDDIR>>/fmtlib-4.0.0+ds/obj-x86_64-linux-gnu/test /<<BUILDDIR>>/fmtlib-4.0.0+ds/obj-x86_64-linux-gnu/test/CMakeFiles/ostream-test.dir/DependInfo.cmake --color=
Scanning dependencies of target ostream-test
make[4]: Leaving directory '/<<BUILDDIR>>/fmtlib-4.0.0+ds/obj-x86_64-linux-gnu'
make -f test/CMakeFiles/ostream-test.dir/build.make test/CMakeFiles/ostream-test.dir/build
make[4]: Entering directory '/<<BUILDDIR>>/fmtlib-4.0.0+ds/obj-x86_64-linux-gnu'
[ 56%] Building CXX object test/CMakeFiles/ostream-test.dir/ostream-test.cc.o
cd /<<BUILDDIR>>/fmtlib-4.0.0+ds/obj-x86_64-linux-gnu/test && /usr/bin/c++  -DFMT_USE_ENUM_BASE=1 -DFMT_USE_FILE_DESCRIPTORS=1 -DFMT_USE_TYPE_TRAITS=1 -DGTEST_HAS_PTHREAD=1 -I/<<BUILDDIR>>/fmtlib-4.0.0+ds/test/.. -I/usr/src/googletest/googlemock/include -I/usr/src/googletest/googletest/include -I/<<BUILDDIR>>/fmtlib-4.0.0+ds  -g -O2 -fdebug-prefix-map=/<<BUILDDIR>>/fmtlib-4.0.0+ds=. -fstack-protector-strong -Wformat -Werror=format-security -Wdate-time -D_FORTIFY_SOURCE=2 -fPIE   -Wall -Wextra -Wno-long-long -Wno-variadic-macros -o CMakeFiles/ostream-test.dir/ostream-test.cc.o -c /<<BUILDDIR>>/fmtlib-4.0.0+ds/test/ostream-test.cc
[ 58%] Linking CXX executable ../bin/ostream-test
cd /<<BUILDDIR>>/fmtlib-4.0.0+ds/obj-x86_64-linux-gnu/test && /usr/bin/cmake -E cmake_link_script CMakeFiles/ostream-test.dir/link.txt --verbose=1
/usr/bin/c++  -g -O2 -fdebug-prefix-map=/<<BUILDDIR>>/fmtlib-4.0.0+ds=. -fstack-protector-strong -Wformat -Werror=format-security -Wdate-time -D_FORTIFY_SOURCE=2  -Wl,-z,relro -rdynamic CMakeFiles/ostream-test.dir/ostream-test.cc.o  -o ../bin/ostream-test libtest-main.a 3rdparty/gmock/libgmock.a 3rdparty/gmock/gtest/libgtest.a -lpthread ../fmt/libfmt.a 
make[4]: Leaving directory '/<<BUILDDIR>>/fmtlib-4.0.0+ds/obj-x86_64-linux-gnu'
[ 58%] Built target ostream-test
make -f test/CMakeFiles/container-test.dir/build.make test/CMakeFiles/container-test.dir/depend
make[4]: Entering directory '/<<BUILDDIR>>/fmtlib-4.0.0+ds/obj-x86_64-linux-gnu'
cd /<<BUILDDIR>>/fmtlib-4.0.0+ds/obj-x86_64-linux-gnu && /usr/bin/cmake -E cmake_depends "Unix Makefiles" /<<BUILDDIR>>/fmtlib-4.0.0+ds /<<BUILDDIR>>/fmtlib-4.0.0+ds/test /<<BUILDDIR>>/fmtlib-4.0.0+ds/obj-x86_64-linux-gnu /<<BUILDDIR>>/fmtlib-4.0.0+ds/obj-x86_64-linux-gnu/test /<<BUILDDIR>>/fmtlib-4.0.0+ds/obj-x86_64-linux-gnu/test/CMakeFiles/container-test.dir/DependInfo.cmake --color=
Scanning dependencies of target container-test
make[4]: Leaving directory '/<<BUILDDIR>>/fmtlib-4.0.0+ds/obj-x86_64-linux-gnu'
make -f test/CMakeFiles/container-test.dir/build.make test/CMakeFiles/container-test.dir/build
make[4]: Entering directory '/<<BUILDDIR>>/fmtlib-4.0.0+ds/obj-x86_64-linux-gnu'
[ 60%] Building CXX object test/CMakeFiles/container-test.dir/container-test.cc.o
cd /<<BUILDDIR>>/fmtlib-4.0.0+ds/obj-x86_64-linux-gnu/test && /usr/bin/c++  -DFMT_USE_ENUM_BASE=1 -DFMT_USE_FILE_DESCRIPTORS=1 -DFMT_USE_TYPE_TRAITS=1 -DGTEST_HAS_PTHREAD=1 -I/<<BUILDDIR>>/fmtlib-4.0.0+ds/test/.. -I/usr/src/googletest/googlemock/include -I/usr/src/googletest/googletest/include -I/<<BUILDDIR>>/fmtlib-4.0.0+ds  -g -O2 -fdebug-prefix-map=/<<BUILDDIR>>/fmtlib-4.0.0+ds=. -fstack-protector-strong -Wformat -Werror=format-security -Wdate-time -D_FORTIFY_SOURCE=2 -fPIE   -Wall -Wextra -Wno-long-long -Wno-variadic-macros -o CMakeFiles/container-test.dir/container-test.cc.o -c /<<BUILDDIR>>/fmtlib-4.0.0+ds/test/container-test.cc
[ 62%] Linking CXX executable ../bin/container-test
cd /<<BUILDDIR>>/fmtlib-4.0.0+ds/obj-x86_64-linux-gnu/test && /usr/bin/cmake -E cmake_link_script CMakeFiles/container-test.dir/link.txt --verbose=1
/usr/bin/c++  -g -O2 -fdebug-prefix-map=/<<BUILDDIR>>/fmtlib-4.0.0+ds=. -fstack-protector-strong -Wformat -Werror=format-security -Wdate-time -D_FORTIFY_SOURCE=2  -Wl,-z,relro -rdynamic CMakeFiles/container-test.dir/container-test.cc.o  -o ../bin/container-test libtest-main.a 3rdparty/gmock/libgmock.a 3rdparty/gmock/gtest/libgtest.a -lpthread ../fmt/libfmt.a 
make[4]: Leaving directory '/<<BUILDDIR>>/fmtlib-4.0.0+ds/obj-x86_64-linux-gnu'
[ 62%] Built target container-test
make -f test/CMakeFiles/string-test.dir/build.make test/CMakeFiles/string-test.dir/depend
make[4]: Entering directory '/<<BUILDDIR>>/fmtlib-4.0.0+ds/obj-x86_64-linux-gnu'
cd /<<BUILDDIR>>/fmtlib-4.0.0+ds/obj-x86_64-linux-gnu && /usr/bin/cmake -E cmake_depends "Unix Makefiles" /<<BUILDDIR>>/fmtlib-4.0.0+ds /<<BUILDDIR>>/fmtlib-4.0.0+ds/test /<<BUILDDIR>>/fmtlib-4.0.0+ds/obj-x86_64-linux-gnu /<<BUILDDIR>>/fmtlib-4.0.0+ds/obj-x86_64-linux-gnu/test /<<BUILDDIR>>/fmtlib-4.0.0+ds/obj-x86_64-linux-gnu/test/CMakeFiles/string-test.dir/DependInfo.cmake --color=
Scanning dependencies of target string-test
make[4]: Leaving directory '/<<BUILDDIR>>/fmtlib-4.0.0+ds/obj-x86_64-linux-gnu'
make -f test/CMakeFiles/string-test.dir/build.make test/CMakeFiles/string-test.dir/build
make[4]: Entering directory '/<<BUILDDIR>>/fmtlib-4.0.0+ds/obj-x86_64-linux-gnu'
[ 64%] Building CXX object test/CMakeFiles/string-test.dir/string-test.cc.o
cd /<<BUILDDIR>>/fmtlib-4.0.0+ds/obj-x86_64-linux-gnu/test && /usr/bin/c++  -DFMT_USE_ENUM_BASE=1 -DFMT_USE_FILE_DESCRIPTORS=1 -DFMT_USE_TYPE_TRAITS=1 -DGTEST_HAS_PTHREAD=1 -I/<<BUILDDIR>>/fmtlib-4.0.0+ds/test/.. -I/usr/src/googletest/googlemock/include -I/usr/src/googletest/googletest/include -I/<<BUILDDIR>>/fmtlib-4.0.0+ds  -g -O2 -fdebug-prefix-map=/<<BUILDDIR>>/fmtlib-4.0.0+ds=. -fstack-protector-strong -Wformat -Werror=format-security -Wdate-time -D_FORTIFY_SOURCE=2 -fPIE   -Wall -Wextra -Wno-long-long -Wno-variadic-macros -o CMakeFiles/string-test.dir/string-test.cc.o -c /<<BUILDDIR>>/fmtlib-4.0.0+ds/test/string-test.cc
[ 66%] Linking CXX executable ../bin/string-test
cd /<<BUILDDIR>>/fmtlib-4.0.0+ds/obj-x86_64-linux-gnu/test && /usr/bin/cmake -E cmake_link_script CMakeFiles/string-test.dir/link.txt --verbose=1
/usr/bin/c++  -g -O2 -fdebug-prefix-map=/<<BUILDDIR>>/fmtlib-4.0.0+ds=. -fstack-protector-strong -Wformat -Werror=format-security -Wdate-time -D_FORTIFY_SOURCE=2  -Wl,-z,relro -rdynamic CMakeFiles/string-test.dir/string-test.cc.o  -o ../bin/string-test libtest-main.a 3rdparty/gmock/libgmock.a 3rdparty/gmock/gtest/libgtest.a -lpthread ../fmt/libfmt.a 
make[4]: Leaving directory '/<<BUILDDIR>>/fmtlib-4.0.0+ds/obj-x86_64-linux-gnu'
[ 66%] Built target string-test
make -f test/CMakeFiles/time-test.dir/build.make test/CMakeFiles/time-test.dir/depend
make[4]: Entering directory '/<<BUILDDIR>>/fmtlib-4.0.0+ds/obj-x86_64-linux-gnu'
cd /<<BUILDDIR>>/fmtlib-4.0.0+ds/obj-x86_64-linux-gnu && /usr/bin/cmake -E cmake_depends "Unix Makefiles" /<<BUILDDIR>>/fmtlib-4.0.0+ds /<<BUILDDIR>>/fmtlib-4.0.0+ds/test /<<BUILDDIR>>/fmtlib-4.0.0+ds/obj-x86_64-linux-gnu /<<BUILDDIR>>/fmtlib-4.0.0+ds/obj-x86_64-linux-gnu/test /<<BUILDDIR>>/fmtlib-4.0.0+ds/obj-x86_64-linux-gnu/test/CMakeFiles/time-test.dir/DependInfo.cmake --color=
Scanning dependencies of target time-test
make[4]: Leaving directory '/<<BUILDDIR>>/fmtlib-4.0.0+ds/obj-x86_64-linux-gnu'
make -f test/CMakeFiles/time-test.dir/build.make test/CMakeFiles/time-test.dir/build
make[4]: Entering directory '/<<BUILDDIR>>/fmtlib-4.0.0+ds/obj-x86_64-linux-gnu'
[ 68%] Building CXX object test/CMakeFiles/time-test.dir/time-test.cc.o
cd /<<BUILDDIR>>/fmtlib-4.0.0+ds/obj-x86_64-linux-gnu/test && /usr/bin/c++  -DFMT_USE_ENUM_BASE=1 -DFMT_USE_FILE_DESCRIPTORS=1 -DFMT_USE_TYPE_TRAITS=1 -DGTEST_HAS_PTHREAD=1 -I/<<BUILDDIR>>/fmtlib-4.0.0+ds/test/.. -I/usr/src/googletest/googlemock/include -I/usr/src/googletest/googletest/include -I/<<BUILDDIR>>/fmtlib-4.0.0+ds  -g -O2 -fdebug-prefix-map=/<<BUILDDIR>>/fmtlib-4.0.0+ds=. -fstack-protector-strong -Wformat -Werror=format-security -Wdate-time -D_FORTIFY_SOURCE=2 -fPIE   -Wall -Wextra -Wno-long-long -Wno-variadic-macros -o CMakeFiles/time-test.dir/time-test.cc.o -c /<<BUILDDIR>>/fmtlib-4.0.0+ds/test/time-test.cc
[ 70%] Linking CXX executable ../bin/time-test
cd /<<BUILDDIR>>/fmtlib-4.0.0+ds/obj-x86_64-linux-gnu/test && /usr/bin/cmake -E cmake_link_script CMakeFiles/time-test.dir/link.txt --verbose=1
/usr/bin/c++  -g -O2 -fdebug-prefix-map=/<<BUILDDIR>>/fmtlib-4.0.0+ds=. -fstack-protector-strong -Wformat -Werror=format-security -Wdate-time -D_FORTIFY_SOURCE=2  -Wl,-z,relro -rdynamic CMakeFiles/time-test.dir/time-test.cc.o  -o ../bin/time-test libtest-main.a 3rdparty/gmock/libgmock.a 3rdparty/gmock/gtest/libgtest.a -lpthread ../fmt/libfmt.a 
make[4]: Leaving directory '/<<BUILDDIR>>/fmtlib-4.0.0+ds/obj-x86_64-linux-gnu'
[ 70%] Built target time-test
make -f test/CMakeFiles/printf-test.dir/build.make test/CMakeFiles/printf-test.dir/depend
make[4]: Entering directory '/<<BUILDDIR>>/fmtlib-4.0.0+ds/obj-x86_64-linux-gnu'
cd /<<BUILDDIR>>/fmtlib-4.0.0+ds/obj-x86_64-linux-gnu && /usr/bin/cmake -E cmake_depends "Unix Makefiles" /<<BUILDDIR>>/fmtlib-4.0.0+ds /<<BUILDDIR>>/fmtlib-4.0.0+ds/test /<<BUILDDIR>>/fmtlib-4.0.0+ds/obj-x86_64-linux-gnu /<<BUILDDIR>>/fmtlib-4.0.0+ds/obj-x86_64-linux-gnu/test /<<BUILDDIR>>/fmtlib-4.0.0+ds/obj-x86_64-linux-gnu/test/CMakeFiles/printf-test.dir/DependInfo.cmake --color=
Scanning dependencies of target printf-test
make[4]: Leaving directory '/<<BUILDDIR>>/fmtlib-4.0.0+ds/obj-x86_64-linux-gnu'
make -f test/CMakeFiles/printf-test.dir/build.make test/CMakeFiles/printf-test.dir/build
make[4]: Entering directory '/<<BUILDDIR>>/fmtlib-4.0.0+ds/obj-x86_64-linux-gnu'
[ 72%] Building CXX object test/CMakeFiles/printf-test.dir/printf-test.cc.o
cd /<<BUILDDIR>>/fmtlib-4.0.0+ds/obj-x86_64-linux-gnu/test && /usr/bin/c++  -DFMT_USE_ENUM_BASE=1 -DFMT_USE_FILE_DESCRIPTORS=1 -DFMT_USE_TYPE_TRAITS=1 -DGTEST_HAS_PTHREAD=1 -I/<<BUILDDIR>>/fmtlib-4.0.0+ds/test/.. -I/usr/src/googletest/googlemock/include -I/usr/src/googletest/googletest/include -I/<<BUILDDIR>>/fmtlib-4.0.0+ds  -g -O2 -fdebug-prefix-map=/<<BUILDDIR>>/fmtlib-4.0.0+ds=. -fstack-protector-strong -Wformat -Werror=format-security -Wdate-time -D_FORTIFY_SOURCE=2 -fPIE   -Wall -Wextra -Wno-long-long -Wno-variadic-macros -o CMakeFiles/printf-test.dir/printf-test.cc.o -c /<<BUILDDIR>>/fmtlib-4.0.0+ds/test/printf-test.cc
[ 75%] Linking CXX executable ../bin/printf-test
cd /<<BUILDDIR>>/fmtlib-4.0.0+ds/obj-x86_64-linux-gnu/test && /usr/bin/cmake -E cmake_link_script CMakeFiles/printf-test.dir/link.txt --verbose=1
/usr/bin/c++  -g -O2 -fdebug-prefix-map=/<<BUILDDIR>>/fmtlib-4.0.0+ds=. -fstack-protector-strong -Wformat -Werror=format-security -Wdate-time -D_FORTIFY_SOURCE=2  -Wl,-z,relro -rdynamic CMakeFiles/printf-test.dir/printf-test.cc.o  -o ../bin/printf-test libtest-main.a 3rdparty/gmock/libgmock.a 3rdparty/gmock/gtest/libgtest.a -lpthread ../fmt/libfmt.a 
make[4]: Leaving directory '/<<BUILDDIR>>/fmtlib-4.0.0+ds/obj-x86_64-linux-gnu'
[ 75%] Built target printf-test
make -f test/CMakeFiles/util-test.dir/build.make test/CMakeFiles/util-test.dir/depend
make[4]: Entering directory '/<<BUILDDIR>>/fmtlib-4.0.0+ds/obj-x86_64-linux-gnu'
cd /<<BUILDDIR>>/fmtlib-4.0.0+ds/obj-x86_64-linux-gnu && /usr/bin/cmake -E cmake_depends "Unix Makefiles" /<<BUILDDIR>>/fmtlib-4.0.0+ds /<<BUILDDIR>>/fmtlib-4.0.0+ds/test /<<BUILDDIR>>/fmtlib-4.0.0+ds/obj-x86_64-linux-gnu /<<BUILDDIR>>/fmtlib-4.0.0+ds/obj-x86_64-linux-gnu/test /<<BUILDDIR>>/fmtlib-4.0.0+ds/obj-x86_64-linux-gnu/test/CMakeFiles/util-test.dir/DependInfo.cmake --color=
Scanning dependencies of target util-test
make[4]: Leaving directory '/<<BUILDDIR>>/fmtlib-4.0.0+ds/obj-x86_64-linux-gnu'
make -f test/CMakeFiles/util-test.dir/build.make test/CMakeFiles/util-test.dir/build
make[4]: Entering directory '/<<BUILDDIR>>/fmtlib-4.0.0+ds/obj-x86_64-linux-gnu'
[ 77%] Building CXX object test/CMakeFiles/util-test.dir/util-test.cc.o
cd /<<BUILDDIR>>/fmtlib-4.0.0+ds/obj-x86_64-linux-gnu/test && /usr/bin/c++  -DFMT_USE_ENUM_BASE=1 -DFMT_USE_FILE_DESCRIPTORS=1 -DFMT_USE_TYPE_TRAITS=1 -DGTEST_HAS_PTHREAD=1 -I/<<BUILDDIR>>/fmtlib-4.0.0+ds/test/.. -I/usr/src/googletest/googlemock/include -I/usr/src/googletest/googletest/include -I/<<BUILDDIR>>/fmtlib-4.0.0+ds  -g -O2 -fdebug-prefix-map=/<<BUILDDIR>>/fmtlib-4.0.0+ds=. -fstack-protector-strong -Wformat -Werror=format-security -Wdate-time -D_FORTIFY_SOURCE=2 -fPIE   -Wall -Wextra -Wno-long-long -Wno-variadic-macros -o CMakeFiles/util-test.dir/util-test.cc.o -c /<<BUILDDIR>>/fmtlib-4.0.0+ds/test/util-test.cc
[ 79%] Linking CXX executable ../bin/util-test
cd /<<BUILDDIR>>/fmtlib-4.0.0+ds/obj-x86_64-linux-gnu/test && /usr/bin/cmake -E cmake_link_script CMakeFiles/util-test.dir/link.txt --verbose=1
/usr/bin/c++  -g -O2 -fdebug-prefix-map=/<<BUILDDIR>>/fmtlib-4.0.0+ds=. -fstack-protector-strong -Wformat -Werror=format-security -Wdate-time -D_FORTIFY_SOURCE=2  -Wl,-z,relro -rdynamic CMakeFiles/util-test.dir/util-test.cc.o  -o ../bin/util-test libtest-main.a 3rdparty/gmock/libgmock.a 3rdparty/gmock/gtest/libgtest.a -lpthread ../fmt/libfmt.a 
make[4]: Leaving directory '/<<BUILDDIR>>/fmtlib-4.0.0+ds/obj-x86_64-linux-gnu'
[ 79%] Built target util-test
make -f test/CMakeFiles/assert-test.dir/build.make test/CMakeFiles/assert-test.dir/depend
make[4]: Entering directory '/<<BUILDDIR>>/fmtlib-4.0.0+ds/obj-x86_64-linux-gnu'
cd /<<BUILDDIR>>/fmtlib-4.0.0+ds/obj-x86_64-linux-gnu && /usr/bin/cmake -E cmake_depends "Unix Makefiles" /<<BUILDDIR>>/fmtlib-4.0.0+ds /<<BUILDDIR>>/fmtlib-4.0.0+ds/test /<<BUILDDIR>>/fmtlib-4.0.0+ds/obj-x86_64-linux-gnu /<<BUILDDIR>>/fmtlib-4.0.0+ds/obj-x86_64-linux-gnu/test /<<BUILDDIR>>/fmtlib-4.0.0+ds/obj-x86_64-linux-gnu/test/CMakeFiles/assert-test.dir/DependInfo.cmake --color=
Scanning dependencies of target assert-test
make[4]: Leaving directory '/<<BUILDDIR>>/fmtlib-4.0.0+ds/obj-x86_64-linux-gnu'
make -f test/CMakeFiles/assert-test.dir/build.make test/CMakeFiles/assert-test.dir/build
make[4]: Entering directory '/<<BUILDDIR>>/fmtlib-4.0.0+ds/obj-x86_64-linux-gnu'
[ 81%] Building CXX object test/CMakeFiles/assert-test.dir/assert-test.cc.o
cd /<<BUILDDIR>>/fmtlib-4.0.0+ds/obj-x86_64-linux-gnu/test && /usr/bin/c++  -DFMT_USE_ENUM_BASE=1 -DFMT_USE_FILE_DESCRIPTORS=1 -DFMT_USE_TYPE_TRAITS=1 -DGTEST_HAS_PTHREAD=1 -I/<<BUILDDIR>>/fmtlib-4.0.0+ds/test/.. -I/usr/src/googletest/googlemock/include -I/usr/src/googletest/googletest/include -I/<<BUILDDIR>>/fmtlib-4.0.0+ds  -g -O2 -fdebug-prefix-map=/<<BUILDDIR>>/fmtlib-4.0.0+ds=. -fstack-protector-strong -Wformat -Werror=format-security -Wdate-time -D_FORTIFY_SOURCE=2 -fPIE   -Wall -Wextra -Wno-long-long -Wno-variadic-macros -o CMakeFiles/assert-test.dir/assert-test.cc.o -c /<<BUILDDIR>>/fmtlib-4.0.0+ds/test/assert-test.cc
[ 83%] Linking CXX executable ../bin/assert-test
cd /<<BUILDDIR>>/fmtlib-4.0.0+ds/obj-x86_64-linux-gnu/test && /usr/bin/cmake -E cmake_link_script CMakeFiles/assert-test.dir/link.txt --verbose=1
/usr/bin/c++  -g -O2 -fdebug-prefix-map=/<<BUILDDIR>>/fmtlib-4.0.0+ds=. -fstack-protector-strong -Wformat -Werror=format-security -Wdate-time -D_FORTIFY_SOURCE=2  -Wl,-z,relro -rdynamic CMakeFiles/assert-test.dir/assert-test.cc.o  -o ../bin/assert-test libtest-main.a 3rdparty/gmock/libgmock.a 3rdparty/gmock/gtest/libgtest.a -lpthread ../fmt/libfmt.a 
make[4]: Leaving directory '/<<BUILDDIR>>/fmtlib-4.0.0+ds/obj-x86_64-linux-gnu'
[ 83%] Built target assert-test
make -f test/CMakeFiles/macro-test.dir/build.make test/CMakeFiles/macro-test.dir/depend
make[4]: Entering directory '/<<BUILDDIR>>/fmtlib-4.0.0+ds/obj-x86_64-linux-gnu'
cd /<<BUILDDIR>>/fmtlib-4.0.0+ds/obj-x86_64-linux-gnu && /usr/bin/cmake -E cmake_depends "Unix Makefiles" /<<BUILDDIR>>/fmtlib-4.0.0+ds /<<BUILDDIR>>/fmtlib-4.0.0+ds/test /<<BUILDDIR>>/fmtlib-4.0.0+ds/obj-x86_64-linux-gnu /<<BUILDDIR>>/fmtlib-4.0.0+ds/obj-x86_64-linux-gnu/test /<<BUILDDIR>>/fmtlib-4.0.0+ds/obj-x86_64-linux-gnu/test/CMakeFiles/macro-test.dir/DependInfo.cmake --color=
Scanning dependencies of target macro-test
make[4]: Leaving directory '/<<BUILDDIR>>/fmtlib-4.0.0+ds/obj-x86_64-linux-gnu'
make -f test/CMakeFiles/macro-test.dir/build.make test/CMakeFiles/macro-test.dir/build
make[4]: Entering directory '/<<BUILDDIR>>/fmtlib-4.0.0+ds/obj-x86_64-linux-gnu'
[ 85%] Building CXX object test/CMakeFiles/macro-test.dir/macro-test.cc.o
cd /<<BUILDDIR>>/fmtlib-4.0.0+ds/obj-x86_64-linux-gnu/test && /usr/bin/c++  -DFMT_USE_ENUM_BASE=1 -DFMT_USE_FILE_DESCRIPTORS=1 -DFMT_USE_TYPE_TRAITS=1 -DGTEST_HAS_PTHREAD=1 -I/<<BUILDDIR>>/fmtlib-4.0.0+ds/test/.. -I/usr/src/googletest/googlemock/include -I/usr/src/googletest/googletest/include -I/<<BUILDDIR>>/fmtlib-4.0.0+ds  -g -O2 -fdebug-prefix-map=/<<BUILDDIR>>/fmtlib-4.0.0+ds=. -fstack-protector-strong -Wformat -Werror=format-security -Wdate-time -D_FORTIFY_SOURCE=2 -fPIE   -Wall -Wextra -Wno-long-long -Wno-variadic-macros -o CMakeFiles/macro-test.dir/macro-test.cc.o -c /<<BUILDDIR>>/fmtlib-4.0.0+ds/test/macro-test.cc
[ 87%] Linking CXX executable ../bin/macro-test
cd /<<BUILDDIR>>/fmtlib-4.0.0+ds/obj-x86_64-linux-gnu/test && /usr/bin/cmake -E cmake_link_script CMakeFiles/macro-test.dir/link.txt --verbose=1
/usr/bin/c++  -g -O2 -fdebug-prefix-map=/<<BUILDDIR>>/fmtlib-4.0.0+ds=. -fstack-protector-strong -Wformat -Werror=format-security -Wdate-time -D_FORTIFY_SOURCE=2  -Wl,-z,relro -rdynamic CMakeFiles/macro-test.dir/macro-test.cc.o  -o ../bin/macro-test libtest-main.a 3rdparty/gmock/libgmock.a 3rdparty/gmock/gtest/libgtest.a -lpthread ../fmt/libfmt.a 
make[4]: Leaving directory '/<<BUILDDIR>>/fmtlib-4.0.0+ds/obj-x86_64-linux-gnu'
[ 87%] Built target macro-test
make -f test/CMakeFiles/custom-formatter-test.dir/build.make test/CMakeFiles/custom-formatter-test.dir/depend
make[4]: Entering directory '/<<BUILDDIR>>/fmtlib-4.0.0+ds/obj-x86_64-linux-gnu'
cd /<<BUILDDIR>>/fmtlib-4.0.0+ds/obj-x86_64-linux-gnu && /usr/bin/cmake -E cmake_depends "Unix Makefiles" /<<BUILDDIR>>/fmtlib-4.0.0+ds /<<BUILDDIR>>/fmtlib-4.0.0+ds/test /<<BUILDDIR>>/fmtlib-4.0.0+ds/obj-x86_64-linux-gnu /<<BUILDDIR>>/fmtlib-4.0.0+ds/obj-x86_64-linux-gnu/test /<<BUILDDIR>>/fmtlib-4.0.0+ds/obj-x86_64-linux-gnu/test/CMakeFiles/custom-formatter-test.dir/DependInfo.cmake --color=
Scanning dependencies of target custom-formatter-test
make[4]: Leaving directory '/<<BUILDDIR>>/fmtlib-4.0.0+ds/obj-x86_64-linux-gnu'
make -f test/CMakeFiles/custom-formatter-test.dir/build.make test/CMakeFiles/custom-formatter-test.dir/build
make[4]: Entering directory '/<<BUILDDIR>>/fmtlib-4.0.0+ds/obj-x86_64-linux-gnu'
[ 89%] Building CXX object test/CMakeFiles/custom-formatter-test.dir/custom-formatter-test.cc.o
cd /<<BUILDDIR>>/fmtlib-4.0.0+ds/obj-x86_64-linux-gnu/test && /usr/bin/c++  -DFMT_USE_ENUM_BASE=1 -DFMT_USE_FILE_DESCRIPTORS=1 -DFMT_USE_TYPE_TRAITS=1 -DGTEST_HAS_PTHREAD=1 -I/<<BUILDDIR>>/fmtlib-4.0.0+ds/test/.. -I/usr/src/googletest/googlemock/include -I/usr/src/googletest/googletest/include -I/<<BUILDDIR>>/fmtlib-4.0.0+ds  -g -O2 -fdebug-prefix-map=/<<BUILDDIR>>/fmtlib-4.0.0+ds=. -fstack-protector-strong -Wformat -Werror=format-security -Wdate-time -D_FORTIFY_SOURCE=2 -fPIE   -Wall -Wextra -Wno-long-long -Wno-variadic-macros -o CMakeFiles/custom-formatter-test.dir/custom-formatter-test.cc.o -c /<<BUILDDIR>>/fmtlib-4.0.0+ds/test/custom-formatter-test.cc
[ 91%] Linking CXX executable ../bin/custom-formatter-test
cd /<<BUILDDIR>>/fmtlib-4.0.0+ds/obj-x86_64-linux-gnu/test && /usr/bin/cmake -E cmake_link_script CMakeFiles/custom-formatter-test.dir/link.txt --verbose=1
/usr/bin/c++  -g -O2 -fdebug-prefix-map=/<<BUILDDIR>>/fmtlib-4.0.0+ds=. -fstack-protector-strong -Wformat -Werror=format-security -Wdate-time -D_FORTIFY_SOURCE=2  -Wl,-z,relro -rdynamic CMakeFiles/custom-formatter-test.dir/custom-formatter-test.cc.o  -o ../bin/custom-formatter-test libtest-main.a 3rdparty/gmock/libgmock.a 3rdparty/gmock/gtest/libgtest.a -lpthread ../fmt/libfmt.a 
make[4]: Leaving directory '/<<BUILDDIR>>/fmtlib-4.0.0+ds/obj-x86_64-linux-gnu'
[ 91%] Built target custom-formatter-test
make -f test/CMakeFiles/header-only-test.dir/build.make test/CMakeFiles/header-only-test.dir/depend
make[4]: Entering directory '/<<BUILDDIR>>/fmtlib-4.0.0+ds/obj-x86_64-linux-gnu'
cd /<<BUILDDIR>>/fmtlib-4.0.0+ds/obj-x86_64-linux-gnu && /usr/bin/cmake -E cmake_depends "Unix Makefiles" /<<BUILDDIR>>/fmtlib-4.0.0+ds /<<BUILDDIR>>/fmtlib-4.0.0+ds/test /<<BUILDDIR>>/fmtlib-4.0.0+ds/obj-x86_64-linux-gnu /<<BUILDDIR>>/fmtlib-4.0.0+ds/obj-x86_64-linux-gnu/test /<<BUILDDIR>>/fmtlib-4.0.0+ds/obj-x86_64-linux-gnu/test/CMakeFiles/header-only-test.dir/DependInfo.cmake --color=
Scanning dependencies of target header-only-test
make[4]: Leaving directory '/<<BUILDDIR>>/fmtlib-4.0.0+ds/obj-x86_64-linux-gnu'
make -f test/CMakeFiles/header-only-test.dir/build.make test/CMakeFiles/header-only-test.dir/build
make[4]: Entering directory '/<<BUILDDIR>>/fmtlib-4.0.0+ds/obj-x86_64-linux-gnu'
[ 93%] Building CXX object test/CMakeFiles/header-only-test.dir/header-only-test.cc.o
cd /<<BUILDDIR>>/fmtlib-4.0.0+ds/obj-x86_64-linux-gnu/test && /usr/bin/c++  -DFMT_HEADER_ONLY=1 -I/<<BUILDDIR>>/fmtlib-4.0.0+ds/test/.. -I/<<BUILDDIR>>/fmtlib-4.0.0+ds -I/usr/src/googletest/googlemock/include  -g -O2 -fdebug-prefix-map=/<<BUILDDIR>>/fmtlib-4.0.0+ds=. -fstack-protector-strong -Wformat -Werror=format-security -Wdate-time -D_FORTIFY_SOURCE=2 -fPIE   -o CMakeFiles/header-only-test.dir/header-only-test.cc.o -c /<<BUILDDIR>>/fmtlib-4.0.0+ds/test/header-only-test.cc
[ 95%] Building CXX object test/CMakeFiles/header-only-test.dir/header-only-test2.cc.o
cd /<<BUILDDIR>>/fmtlib-4.0.0+ds/obj-x86_64-linux-gnu/test && /usr/bin/c++  -DFMT_HEADER_ONLY=1 -I/<<BUILDDIR>>/fmtlib-4.0.0+ds/test/.. -I/<<BUILDDIR>>/fmtlib-4.0.0+ds -I/usr/src/googletest/googlemock/include  -g -O2 -fdebug-prefix-map=/<<BUILDDIR>>/fmtlib-4.0.0+ds=. -fstack-protector-strong -Wformat -Werror=format-security -Wdate-time -D_FORTIFY_SOURCE=2 -fPIE   -o CMakeFiles/header-only-test.dir/header-only-test2.cc.o -c /<<BUILDDIR>>/fmtlib-4.0.0+ds/test/header-only-test2.cc
[ 97%] Building CXX object test/CMakeFiles/header-only-test.dir/test-main.cc.o
cd /<<BUILDDIR>>/fmtlib-4.0.0+ds/obj-x86_64-linux-gnu/test && /usr/bin/c++  -DFMT_HEADER_ONLY=1 -I/<<BUILDDIR>>/fmtlib-4.0.0+ds/test/.. -I/<<BUILDDIR>>/fmtlib-4.0.0+ds -I/usr/src/googletest/googlemock/include  -g -O2 -fdebug-prefix-map=/<<BUILDDIR>>/fmtlib-4.0.0+ds=. -fstack-protector-strong -Wformat -Werror=format-security -Wdate-time -D_FORTIFY_SOURCE=2 -fPIE   -o CMakeFiles/header-only-test.dir/test-main.cc.o -c /<<BUILDDIR>>/fmtlib-4.0.0+ds/test/test-main.cc
[100%] Linking CXX executable ../bin/header-only-test
cd /<<BUILDDIR>>/fmtlib-4.0.0+ds/obj-x86_64-linux-gnu/test && /usr/bin/cmake -E cmake_link_script CMakeFiles/header-only-test.dir/link.txt --verbose=1
/usr/bin/c++  -g -O2 -fdebug-prefix-map=/<<BUILDDIR>>/fmtlib-4.0.0+ds=. -fstack-protector-strong -Wformat -Werror=format-security -Wdate-time -D_FORTIFY_SOURCE=2  -Wl,-z,relro -rdynamic CMakeFiles/header-only-test.dir/header-only-test.cc.o CMakeFiles/header-only-test.dir/header-only-test2.cc.o CMakeFiles/header-only-test.dir/test-main.cc.o  -o ../bin/header-only-test 3rdparty/gmock/libgmock.a -lpthread 
make[4]: Leaving directory '/<<BUILDDIR>>/fmtlib-4.0.0+ds/obj-x86_64-linux-gnu'
[100%] Built target header-only-test
make[3]: Leaving directory '/<<BUILDDIR>>/fmtlib-4.0.0+ds/obj-x86_64-linux-gnu'
/usr/bin/cmake -E cmake_progress_start /<<BUILDDIR>>/fmtlib-4.0.0+ds/obj-x86_64-linux-gnu/CMakeFiles 0
make[2]: Leaving directory '/<<BUILDDIR>>/fmtlib-4.0.0+ds/obj-x86_64-linux-gnu'
dh_auto_build -- doc
	cd obj-x86_64-linux-gnu && make -j1 doc
make[2]: Entering directory '/<<BUILDDIR>>/fmtlib-4.0.0+ds/obj-x86_64-linux-gnu'
/usr/bin/cmake -H/<<BUILDDIR>>/fmtlib-4.0.0+ds -B/<<BUILDDIR>>/fmtlib-4.0.0+ds/obj-x86_64-linux-gnu --check-build-system CMakeFiles/Makefile.cmake 0
make -f CMakeFiles/Makefile2 doc
make[3]: Entering directory '/<<BUILDDIR>>/fmtlib-4.0.0+ds/obj-x86_64-linux-gnu'
/usr/bin/cmake -H/<<BUILDDIR>>/fmtlib-4.0.0+ds -B/<<BUILDDIR>>/fmtlib-4.0.0+ds/obj-x86_64-linux-gnu --check-build-system CMakeFiles/Makefile.cmake 0
/usr/bin/cmake -E cmake_progress_start /<<BUILDDIR>>/fmtlib-4.0.0+ds/obj-x86_64-linux-gnu/CMakeFiles 0
make -f CMakeFiles/Makefile2 doc/CMakeFiles/doc.dir/all
make[4]: Entering directory '/<<BUILDDIR>>/fmtlib-4.0.0+ds/obj-x86_64-linux-gnu'
make -f doc/CMakeFiles/doc.dir/build.make doc/CMakeFiles/doc.dir/depend
make[5]: Entering directory '/<<BUILDDIR>>/fmtlib-4.0.0+ds/obj-x86_64-linux-gnu'
cd /<<BUILDDIR>>/fmtlib-4.0.0+ds/obj-x86_64-linux-gnu && /usr/bin/cmake -E cmake_depends "Unix Makefiles" /<<BUILDDIR>>/fmtlib-4.0.0+ds /<<BUILDDIR>>/fmtlib-4.0.0+ds/doc /<<BUILDDIR>>/fmtlib-4.0.0+ds/obj-x86_64-linux-gnu /<<BUILDDIR>>/fmtlib-4.0.0+ds/obj-x86_64-linux-gnu/doc /<<BUILDDIR>>/fmtlib-4.0.0+ds/obj-x86_64-linux-gnu/doc/CMakeFiles/doc.dir/DependInfo.cmake --color=
Scanning dependencies of target doc
make[5]: Leaving directory '/<<BUILDDIR>>/fmtlib-4.0.0+ds/obj-x86_64-linux-gnu'
make -f doc/CMakeFiles/doc.dir/build.make doc/CMakeFiles/doc.dir/build
make[5]: Entering directory '/<<BUILDDIR>>/fmtlib-4.0.0+ds/obj-x86_64-linux-gnu'
cd /<<BUILDDIR>>/fmtlib-4.0.0+ds/obj-x86_64-linux-gnu/doc && ../../doc/build.py 4.0.0
/<<BUILDDIR>>/fmtlib-4.0.0+ds/fmt/format.h:1714: warning: Compound fmt::WidthSpec is not documented.
/<<BUILDDIR>>/fmtlib-4.0.0+ds/fmt/format.h:1727: warning: Compound fmt::AlignSpec is not documented.
/<<BUILDDIR>>/fmtlib-4.0.0+ds/fmt/format.h:1740: warning: Compound fmt::AlignTypeSpec is not documented.
/<<BUILDDIR>>/fmtlib-4.0.0+ds/fmt/format.h:1749: warning: Compound fmt::FormatSpec is not documented.
/<<BUILDDIR>>/fmtlib-4.0.0+ds/fmt/format.h:1766: warning: Compound fmt::IntFormatSpec is not documented.
/<<BUILDDIR>>/fmtlib-4.0.0+ds/fmt/format.h:1779: warning: Compound fmt::StrFormatSpec is not documented.
/<<BUILDDIR>>/fmtlib-4.0.0+ds/fmt/format.h:3867: warning: Compound fmt::ArgJoin is not documented.
/<<BUILDDIR>>/fmtlib-4.0.0+ds/fmt/format.h:1703: warning: Compound fmt::TypeSpec is not documented.
/<<BUILDDIR>>/fmtlib-4.0.0+ds/fmt/format.h:1730: warning: Member AlignSpec(unsigned width, wchar_t fill, Alignment align=ALIGN_DEFAULT) (function) of class fmt::AlignSpec is not documented.
/<<BUILDDIR>>/fmtlib-4.0.0+ds/fmt/format.h:1733: warning: Member align() const (function) of class fmt::AlignSpec is not documented.
/<<BUILDDIR>>/fmtlib-4.0.0+ds/fmt/format.h:1735: warning: Member precision() const (function) of class fmt::AlignSpec is not documented.
/<<BUILDDIR>>/fmtlib-4.0.0+ds/fmt/format.h:1720: warning: Member WidthSpec(unsigned width, wchar_t fill) (function) of class fmt::WidthSpec is not documented.
/<<BUILDDIR>>/fmtlib-4.0.0+ds/fmt/format.h:1722: warning: Member width() const (function) of class fmt::WidthSpec is not documented.
/<<BUILDDIR>>/fmtlib-4.0.0+ds/fmt/format.h:1723: warning: Member fill() const (function) of class fmt::WidthSpec is not documented.
/<<BUILDDIR>>/fmtlib-4.0.0+ds/fmt/format.h:1728: warning: Member align_ (variable) of class fmt::AlignSpec is not documented.
/<<BUILDDIR>>/fmtlib-4.0.0+ds/fmt/format.h:1715: warning: Member width_ (variable) of class fmt::WidthSpec is not documented.
/<<BUILDDIR>>/fmtlib-4.0.0+ds/fmt/format.h:1718: warning: Member fill_ (variable) of class fmt::WidthSpec is not documented.
/<<BUILDDIR>>/fmtlib-4.0.0+ds/fmt/format.h:1741: warning: Member AlignTypeSpec(unsigned width, wchar_t fill) (function) of class fmt::AlignTypeSpec is not documented.
/<<BUILDDIR>>/fmtlib-4.0.0+ds/fmt/format.h:1743: warning: Member flag(unsigned) const (function) of class fmt::AlignTypeSpec is not documented.
/<<BUILDDIR>>/fmtlib-4.0.0+ds/fmt/format.h:1744: warning: Member type() const (function) of class fmt::AlignTypeSpec is not documented.
/<<BUILDDIR>>/fmtlib-4.0.0+ds/fmt/format.h:1745: warning: Member type_prefix() const (function) of class fmt::AlignTypeSpec is not documented.
/<<BUILDDIR>>/fmtlib-4.0.0+ds/fmt/format.h:1730: warning: Member AlignSpec(unsigned width, wchar_t fill, Alignment align=ALIGN_DEFAULT) (function) of class fmt::AlignSpec is not documented.
/<<BUILDDIR>>/fmtlib-4.0.0+ds/fmt/format.h:1733: warning: Member align() const (function) of class fmt::AlignSpec is not documented.
/<<BUILDDIR>>/fmtlib-4.0.0+ds/fmt/format.h:1735: warning: Member precision() const (function) of class fmt::AlignSpec is not documented.
/<<BUILDDIR>>/fmtlib-4.0.0+ds/fmt/format.h:1720: warning: Member WidthSpec(unsigned width, wchar_t fill) (function) of class fmt::WidthSpec is not documented.
/<<BUILDDIR>>/fmtlib-4.0.0+ds/fmt/format.h:1722: warning: Member width() const (function) of class fmt::WidthSpec is not documented.
/<<BUILDDIR>>/fmtlib-4.0.0+ds/fmt/format.h:1723: warning: Member fill() const (function) of class fmt::WidthSpec is not documented.
/<<BUILDDIR>>/fmtlib-4.0.0+ds/fmt/format.h:1728: warning: Member align_ (variable) of class fmt::AlignSpec is not documented.
/<<BUILDDIR>>/fmtlib-4.0.0+ds/fmt/format.h:1715: warning: Member width_ (variable) of class fmt::WidthSpec is not documented.
/<<BUILDDIR>>/fmtlib-4.0.0+ds/fmt/format.h:1718: warning: Member fill_ (variable) of class fmt::WidthSpec is not documented.
/<<BUILDDIR>>/fmtlib-4.0.0+ds/fmt/format.h:3872: warning: Member ArgJoin(It first, It last, const BasicCStringRef< Char > &sep) (function) of class fmt::ArgJoin is not documented.
/<<BUILDDIR>>/fmtlib-4.0.0+ds/fmt/format.h:3868: warning: Member first (variable) of class fmt::ArgJoin is not documented.
/<<BUILDDIR>>/fmtlib-4.0.0+ds/fmt/format.h:3869: warning: Member last (variable) of class fmt::ArgJoin is not documented.
/<<BUILDDIR>>/fmtlib-4.0.0+ds/fmt/format.h:3870: warning: Member sep (variable) of class fmt::ArgJoin is not documented.
/<<BUILDDIR>>/fmtlib-4.0.0+ds/fmt/format.h:1486: warning: Member ArgList(ULongLong types, const internal::Value *values) (function) of class fmt::ArgList is not documented.
/<<BUILDDIR>>/fmtlib-4.0.0+ds/fmt/format.h:1488: warning: Member ArgList(ULongLong types, const internal::Arg *args) (function) of class fmt::ArgList is not documented.
/<<BUILDDIR>>/fmtlib-4.0.0+ds/fmt/format.h:1491: warning: Member types() const (function) of class fmt::ArgList is not documented.
/<<BUILDDIR>>/fmtlib-4.0.0+ds/fmt/format.h:1519: warning: Member type(uint64_t types, unsigned index) (function) of class fmt::ArgList is not documented.
/<<BUILDDIR>>/fmtlib-4.0.0+ds/fmt/format.h:1559: warning: Member report_unhandled_arg() (function) of class fmt::ArgVisitor is not documented.
/<<BUILDDIR>>/fmtlib-4.0.0+ds/fmt/format.h:1561: warning: Member visit_unhandled_arg() (function) of class fmt::ArgVisitor is not documented.
/<<BUILDDIR>>/fmtlib-4.0.0+ds/fmt/format.h:2632: warning: Member write(BasicCStringRef< Char > arg0, const Args &... args) (function) of class fmt::BasicWriter is not documented.
/<<BUILDDIR>>/fmtlib-4.0.0+ds/fmt/format.h:2634: warning: Member operator<<(int value) (function) of class fmt::BasicWriter is not documented.
/<<BUILDDIR>>/fmtlib-4.0.0+ds/fmt/format.h:2638: warning: Member operator<<(unsigned value) (function) of class fmt::BasicWriter is not documented.
/<<BUILDDIR>>/fmtlib-4.0.0+ds/fmt/format.h:2641: warning: Member operator<<(long value) (function) of class fmt::BasicWriter is not documented.
/<<BUILDDIR>>/fmtlib-4.0.0+ds/fmt/format.h:2645: warning: Member operator<<(unsigned long value) (function) of class fmt::BasicWriter is not documented.
/<<BUILDDIR>>/fmtlib-4.0.0+ds/fmt/format.h:2648: warning: Member operator<<(LongLong value) (function) of class fmt::BasicWriter is not documented.
/<<BUILDDIR>>/fmtlib-4.0.0+ds/fmt/format.h:2662: warning: Member operator<<(double value) (function) of class fmt::BasicWriter is not documented.
/<<BUILDDIR>>/fmtlib-4.0.0+ds/fmt/format.h:2686: warning: Member operator<<(typename internal::WCharHelper< wchar_t, Char >::Supported value) (function) of class fmt::BasicWriter is not documented.
/<<BUILDDIR>>/fmtlib-4.0.0+ds/fmt/format.h:2703: warning: Member operator<<(typename internal::WCharHelper< StringRef, Char >::Supported value) (function) of class fmt::BasicWriter is not documented.
/<<BUILDDIR>>/fmtlib-4.0.0+ds/fmt/format.h:2711: warning: Member operator<<(IntFormatSpec< T, Spec, FillChar > spec) (function) of class fmt::BasicWriter is not documented.
/<<BUILDDIR>>/fmtlib-4.0.0+ds/fmt/format.h:2718: warning: Member operator<<(const StrFormatSpec< StrChar > &spec) (function) of class fmt::BasicWriter is not documented.
/<<BUILDDIR>>/fmtlib-4.0.0+ds/fmt/format.h:2724: warning: Member clear() (function) of class fmt::BasicWriter is not documented.
/<<BUILDDIR>>/fmtlib-4.0.0+ds/fmt/format.h:2726: warning: Member buffer() (function) of class fmt::BasicWriter is not documented.
/<<BUILDDIR>>/fmtlib-4.0.0+ds/fmt/format.h:2634: warning: Member operator<<(int value) (function) of class BasicWriter< Container::value_type > is not documented.
/<<BUILDDIR>>/fmtlib-4.0.0+ds/fmt/format.h:2638: warning: Member operator<<(unsigned value) (function) of class BasicWriter< Container::value_type > is not documented.
/<<BUILDDIR>>/fmtlib-4.0.0+ds/fmt/format.h:2641: warning: Member operator<<(long value) (function) of class BasicWriter< Container::value_type > is not documented.
/<<BUILDDIR>>/fmtlib-4.0.0+ds/fmt/format.h:2645: warning: Member operator<<(unsigned long value) (function) of class BasicWriter< Container::value_type > is not documented.
/<<BUILDDIR>>/fmtlib-4.0.0+ds/fmt/format.h:2648: warning: Member operator<<(LongLong value) (function) of class BasicWriter< Container::value_type > is not documented.
/<<BUILDDIR>>/fmtlib-4.0.0+ds/fmt/format.h:2662: warning: Member operator<<(double value) (function) of class BasicWriter< Container::value_type > is not documented.
/<<BUILDDIR>>/fmtlib-4.0.0+ds/fmt/format.h:2686: warning: Member operator<<(typename internal::WCharHelper< wchar_t, Container::value_type >::Supported value) (function) of class BasicWriter< Container::value_type > is not documented.
/<<BUILDDIR>>/fmtlib-4.0.0+ds/fmt/format.h:2703: warning: Member operator<<(typename internal::WCharHelper< StringRef, Container::value_type >::Supported value) (function) of class BasicWriter< Container::value_type > is not documented.
/<<BUILDDIR>>/fmtlib-4.0.0+ds/fmt/format.h:2711: warning: Member operator<<(IntFormatSpec< T, Spec, FillChar > spec) (function) of class BasicWriter< Container::value_type > is not documented.
/<<BUILDDIR>>/fmtlib-4.0.0+ds/fmt/format.h:2718: warning: Member operator<<(const StrFormatSpec< StrChar > &spec) (function) of class BasicWriter< Container::value_type > is not documented.
/<<BUILDDIR>>/fmtlib-4.0.0+ds/fmt/format.h:2632: warning: Member write(BasicCStringRef< Container::value_type > arg0, const Args &... args) (function) of class BasicWriter< Container::value_type > is not documented.
/<<BUILDDIR>>/fmtlib-4.0.0+ds/fmt/format.h:2724: warning: Member clear() (function) of class BasicWriter< Container::value_type > is not documented.
/<<BUILDDIR>>/fmtlib-4.0.0+ds/fmt/format.h:2726: warning: Member buffer() (function) of class BasicWriter< Container::value_type > is not documented.
/<<BUILDDIR>>/fmtlib-4.0.0+ds/fmt/format.h:2188: warning: Member format(const Char *&format_str, const internal::Arg &arg) (function) of class fmt::BasicFormatter is not documented.
/<<BUILDDIR>>/fmtlib-4.0.0+ds/fmt/format.h:3141: warning: Member BasicMemoryWriter(const Allocator &alloc=Allocator()) (function) of class fmt::BasicMemoryWriter is not documented.
/<<BUILDDIR>>/fmtlib-4.0.0+ds/fmt/format.h:2632: warning: Member write(BasicCStringRef< Char > arg0, const Args &... args) (function) of class fmt::BasicWriter is not documented.
/<<BUILDDIR>>/fmtlib-4.0.0+ds/fmt/format.h:2634: warning: Member operator<<(int value) (function) of class fmt::BasicWriter is not documented.
/<<BUILDDIR>>/fmtlib-4.0.0+ds/fmt/format.h:2638: warning: Member operator<<(unsigned value) (function) of class fmt::BasicWriter is not documented.
/<<BUILDDIR>>/fmtlib-4.0.0+ds/fmt/format.h:2641: warning: Member operator<<(long value) (function) of class fmt::BasicWriter is not documented.
/<<BUILDDIR>>/fmtlib-4.0.0+ds/fmt/format.h:2645: warning: Member operator<<(unsigned long value) (function) of class fmt::BasicWriter is not documented.
/<<BUILDDIR>>/fmtlib-4.0.0+ds/fmt/format.h:2648: warning: Member operator<<(LongLong value) (function) of class fmt::BasicWriter is not documented.
/<<BUILDDIR>>/fmtlib-4.0.0+ds/fmt/format.h:2662: warning: Member operator<<(double value) (function) of class fmt::BasicWriter is not documented.
/<<BUILDDIR>>/fmtlib-4.0.0+ds/fmt/format.h:2686: warning: Member operator<<(typename internal::WCharHelper< wchar_t, Char >::Supported value) (function) of class fmt::BasicWriter is not documented.
/<<BUILDDIR>>/fmtlib-4.0.0+ds/fmt/format.h:2703: warning: Member operator<<(typename internal::WCharHelper< StringRef, Char >::Supported value) (function) of class fmt::BasicWriter is not documented.
/<<BUILDDIR>>/fmtlib-4.0.0+ds/fmt/format.h:2711: warning: Member operator<<(IntFormatSpec< T, Spec, FillChar > spec) (function) of class fmt::BasicWriter is not documented.
/<<BUILDDIR>>/fmtlib-4.0.0+ds/fmt/format.h:2718: warning: Member operator<<(const StrFormatSpec< StrChar > &spec) (function) of class fmt::BasicWriter is not documented.
/<<BUILDDIR>>/fmtlib-4.0.0+ds/fmt/format.h:2724: warning: Member clear() (function) of class fmt::BasicWriter is not documented.
/<<BUILDDIR>>/fmtlib-4.0.0+ds/fmt/format.h:2726: warning: Member buffer() (function) of class fmt::BasicWriter is not documented.
/<<BUILDDIR>>/fmtlib-4.0.0+ds/fmt/format.h:524: warning: Member compare(BasicStringRef other) const (function) of class fmt::BasicStringRef is not documented.
/<<BUILDDIR>>/fmtlib-4.0.0+ds/fmt/format.h:532: warning: Member operator==(BasicStringRef lhs, BasicStringRef rhs) (friend) of class fmt::BasicStringRef is not documented.
/<<BUILDDIR>>/fmtlib-4.0.0+ds/fmt/format.h:535: warning: Member operator!=(BasicStringRef lhs, BasicStringRef rhs) (friend) of class fmt::BasicStringRef is not documented.
/<<BUILDDIR>>/fmtlib-4.0.0+ds/fmt/format.h:538: warning: Member operator<(BasicStringRef lhs, BasicStringRef rhs) (friend) of class fmt::BasicStringRef is not documented.
/<<BUILDDIR>>/fmtlib-4.0.0+ds/fmt/format.h:541: warning: Member operator<=(BasicStringRef lhs, BasicStringRef rhs) (friend) of class fmt::BasicStringRef is not documented.
/<<BUILDDIR>>/fmtlib-4.0.0+ds/fmt/format.h:544: warning: Member operator>(BasicStringRef lhs, BasicStringRef rhs) (friend) of class fmt::BasicStringRef is not documented.
/<<BUILDDIR>>/fmtlib-4.0.0+ds/fmt/format.h:547: warning: Member operator>=(BasicStringRef lhs, BasicStringRef rhs) (friend) of class fmt::BasicStringRef is not documented.
/<<BUILDDIR>>/fmtlib-4.0.0+ds/fmt/format.h:2632: warning: Member write(BasicCStringRef< Char > arg0, const Args &... args) (function) of class fmt::BasicWriter is not documented.
/<<BUILDDIR>>/fmtlib-4.0.0+ds/fmt/format.h:2634: warning: Member operator<<(int value) (function) of class fmt::BasicWriter is not documented.
/<<BUILDDIR>>/fmtlib-4.0.0+ds/fmt/format.h:2638: warning: Member operator<<(unsigned value) (function) of class fmt::BasicWriter is not documented.
/<<BUILDDIR>>/fmtlib-4.0.0+ds/fmt/format.h:2641: warning: Member operator<<(long value) (function) of class fmt::BasicWriter is not documented.
/<<BUILDDIR>>/fmtlib-4.0.0+ds/fmt/format.h:2645: warning: Member operator<<(unsigned long value) (function) of class fmt::BasicWriter is not documented.
/<<BUILDDIR>>/fmtlib-4.0.0+ds/fmt/format.h:2648: warning: Member operator<<(LongLong value) (function) of class fmt::BasicWriter is not documented.
/<<BUILDDIR>>/fmtlib-4.0.0+ds/fmt/format.h:2662: warning: Member operator<<(double value) (function) of class fmt::BasicWriter is not documented.
/<<BUILDDIR>>/fmtlib-4.0.0+ds/fmt/format.h:2686: warning: Member operator<<(typename internal::WCharHelper< wchar_t, Char >::Supported value) (function) of class fmt::BasicWriter is not documented.
/<<BUILDDIR>>/fmtlib-4.0.0+ds/fmt/format.h:2703: warning: Member operator<<(typename internal::WCharHelper< StringRef, Char >::Supported value) (function) of class fmt::BasicWriter is not documented.
/<<BUILDDIR>>/fmtlib-4.0.0+ds/fmt/format.h:2711: warning: Member operator<<(IntFormatSpec< T, Spec, FillChar > spec) (function) of class fmt::BasicWriter is not documented.
/<<BUILDDIR>>/fmtlib-4.0.0+ds/fmt/format.h:2718: warning: Member operator<<(const StrFormatSpec< StrChar > &spec) (function) of class fmt::BasicWriter is not documented.
/<<BUILDDIR>>/fmtlib-4.0.0+ds/fmt/format.h:2724: warning: Member clear() (function) of class fmt::BasicWriter is not documented.
/<<BUILDDIR>>/fmtlib-4.0.0+ds/fmt/format.h:2726: warning: Member buffer() (function) of class fmt::BasicWriter is not documented.
/<<BUILDDIR>>/fmtlib-4.0.0+ds/fmt/format.h:2632: warning: Member write(BasicCStringRef< Char > arg0, const Args &... args) (function) of class fmt::BasicWriter is not documented.
/<<BUILDDIR>>/fmtlib-4.0.0+ds/fmt/format.h:2634: warning: Member operator<<(int value) (function) of class fmt::BasicWriter is not documented.
/<<BUILDDIR>>/fmtlib-4.0.0+ds/fmt/format.h:2638: warning: Member operator<<(unsigned value) (function) of class fmt::BasicWriter is not documented.
/<<BUILDDIR>>/fmtlib-4.0.0+ds/fmt/format.h:2641: warning: Member operator<<(long value) (function) of class fmt::BasicWriter is not documented.
/<<BUILDDIR>>/fmtlib-4.0.0+ds/fmt/format.h:2645: warning: Member operator<<(unsigned long value) (function) of class fmt::BasicWriter is not documented.
/<<BUILDDIR>>/fmtlib-4.0.0+ds/fmt/format.h:2648: warning: Member operator<<(LongLong value) (function) of class fmt::BasicWriter is not documented.
/<<BUILDDIR>>/fmtlib-4.0.0+ds/fmt/format.h:2662: warning: Member operator<<(double value) (function) of class fmt::BasicWriter is not documented.
/<<BUILDDIR>>/fmtlib-4.0.0+ds/fmt/format.h:2686: warning: Member operator<<(typename internal::WCharHelper< wchar_t, Char >::Supported value) (function) of class fmt::BasicWriter is not documented.
/<<BUILDDIR>>/fmtlib-4.0.0+ds/fmt/format.h:2703: warning: Member operator<<(typename internal::WCharHelper< StringRef, Char >::Supported value) (function) of class fmt::BasicWriter is not documented.
/<<BUILDDIR>>/fmtlib-4.0.0+ds/fmt/format.h:2711: warning: Member operator<<(IntFormatSpec< T, Spec, FillChar > spec) (function) of class fmt::BasicWriter is not documented.
/<<BUILDDIR>>/fmtlib-4.0.0+ds/fmt/format.h:2718: warning: Member operator<<(const StrFormatSpec< StrChar > &spec) (function) of class fmt::BasicWriter is not documented.
/<<BUILDDIR>>/fmtlib-4.0.0+ds/fmt/format.h:2724: warning: Member clear() (function) of class fmt::BasicWriter is not documented.
/<<BUILDDIR>>/fmtlib-4.0.0+ds/fmt/format.h:2726: warning: Member buffer() (function) of class fmt::BasicWriter is not documented.
/<<BUILDDIR>>/fmtlib-4.0.0+ds/fmt/format.h:709: warning: Member clear() (function) of class fmt::Buffer is not documented.
/<<BUILDDIR>>/fmtlib-4.0.0+ds/fmt/format.h:711: warning: Member push_back(const T &value) (function) of class fmt::Buffer is not documented.
/<<BUILDDIR>>/fmtlib-4.0.0+ds/fmt/format.h:721: warning: Member operator[](std::size_t index) (function) of class fmt::Buffer is not documented.
/<<BUILDDIR>>/fmtlib-4.0.0+ds/fmt/format.h:722: warning: Member operator[](std::size_t index) const (function) of class fmt::Buffer is not documented.
/<<BUILDDIR>>/fmtlib-4.0.0+ds/fmt/format.h:670: warning: Member Buffer(T *ptr=NULL, std::size_t capacity=0) (function) of class fmt::Buffer is not documented.
/<<BUILDDIR>>/fmtlib-4.0.0+ds/fmt/format.h:666: warning: Member ptr_ (variable) of class fmt::Buffer is not documented.
/<<BUILDDIR>>/fmtlib-4.0.0+ds/fmt/format.h:667: warning: Member size_ (variable) of class fmt::Buffer is not documented.
/<<BUILDDIR>>/fmtlib-4.0.0+ds/fmt/format.h:668: warning: Member capacity_ (variable) of class fmt::Buffer is not documented.
/<<BUILDDIR>>/fmtlib-4.0.0+ds/fmt/format.h:609: warning: Member FormatError(CStringRef message) (function) of class fmt::FormatError is not documented.
/<<BUILDDIR>>/fmtlib-4.0.0+ds/fmt/format.h:611: warning: Member FormatError(const FormatError &ferr) (function) of class fmt::FormatError is not documented.
/<<BUILDDIR>>/fmtlib-4.0.0+ds/fmt/format.h:3370: warning: Member FormatInt(int value) (function) of class fmt::FormatInt is not documented.
/<<BUILDDIR>>/fmtlib-4.0.0+ds/fmt/format.h:3371: warning: Member FormatInt(long value) (function) of class fmt::FormatInt is not documented.
/<<BUILDDIR>>/fmtlib-4.0.0+ds/fmt/format.h:3372: warning: Member FormatInt(LongLong value) (function) of class fmt::FormatInt is not documented.
/<<BUILDDIR>>/fmtlib-4.0.0+ds/fmt/format.h:3373: warning: Member FormatInt(unsigned value) (function) of class fmt::FormatInt is not documented.
/<<BUILDDIR>>/fmtlib-4.0.0+ds/fmt/format.h:3374: warning: Member FormatInt(unsigned long value) (function) of class fmt::FormatInt is not documented.
/<<BUILDDIR>>/fmtlib-4.0.0+ds/fmt/format.h:3375: warning: Member FormatInt(ULongLong value) (function) of class fmt::FormatInt is not documented.
/<<BUILDDIR>>/fmtlib-4.0.0+ds/fmt/format.h:1754: warning: Member FormatSpec(unsigned width=0, char type=0, wchar_t fill=' ') (function) of class fmt::FormatSpec is not documented.
/<<BUILDDIR>>/fmtlib-4.0.0+ds/fmt/format.h:1758: warning: Member flag(unsigned f) const (function) of class fmt::FormatSpec is not documented.
/<<BUILDDIR>>/fmtlib-4.0.0+ds/fmt/format.h:1759: warning: Member precision() const (function) of class fmt::FormatSpec is not documented.
/<<BUILDDIR>>/fmtlib-4.0.0+ds/fmt/format.h:1760: warning: Member type() const (function) of class fmt::FormatSpec is not documented.
/<<BUILDDIR>>/fmtlib-4.0.0+ds/fmt/format.h:1761: warning: Member type_prefix() const (function) of class fmt::FormatSpec is not documented.
/<<BUILDDIR>>/fmtlib-4.0.0+ds/fmt/format.h:1730: warning: Member AlignSpec(unsigned width, wchar_t fill, Alignment align=ALIGN_DEFAULT) (function) of class fmt::AlignSpec is not documented.
/<<BUILDDIR>>/fmtlib-4.0.0+ds/fmt/format.h:1733: warning: Member align() const (function) of class fmt::AlignSpec is not documented.
/<<BUILDDIR>>/fmtlib-4.0.0+ds/fmt/format.h:1735: warning: Member precision() const (function) of class fmt::AlignSpec is not documented.
/<<BUILDDIR>>/fmtlib-4.0.0+ds/fmt/format.h:1720: warning: Member WidthSpec(unsigned width, wchar_t fill) (function) of class fmt::WidthSpec is not documented.
/<<BUILDDIR>>/fmtlib-4.0.0+ds/fmt/format.h:1722: warning: Member width() const (function) of class fmt::WidthSpec is not documented.
/<<BUILDDIR>>/fmtlib-4.0.0+ds/fmt/format.h:1723: warning: Member fill() const (function) of class fmt::WidthSpec is not documented.
/<<BUILDDIR>>/fmtlib-4.0.0+ds/fmt/format.h:1750: warning: Member flags_ (variable) of class fmt::FormatSpec is not documented.
/<<BUILDDIR>>/fmtlib-4.0.0+ds/fmt/format.h:1751: warning: Member precision_ (variable) of class fmt::FormatSpec is not documented.
/<<BUILDDIR>>/fmtlib-4.0.0+ds/fmt/format.h:1752: warning: Member type_ (variable) of class fmt::FormatSpec is not documented.
/<<BUILDDIR>>/fmtlib-4.0.0+ds/fmt/format.h:1728: warning: Member align_ (variable) of class fmt::AlignSpec is not documented.
/<<BUILDDIR>>/fmtlib-4.0.0+ds/fmt/format.h:1715: warning: Member width_ (variable) of class fmt::WidthSpec is not documented.
/<<BUILDDIR>>/fmtlib-4.0.0+ds/fmt/format.h:1718: warning: Member fill_ (variable) of class fmt::WidthSpec is not documented.
/<<BUILDDIR>>/fmtlib-4.0.0+ds/fmt/format.h:1771: warning: Member IntFormatSpec(T val, const SpecT &spec=SpecT()) (function) of class fmt::IntFormatSpec is not documented.
/<<BUILDDIR>>/fmtlib-4.0.0+ds/fmt/format.h:1774: warning: Member value() const (function) of class fmt::IntFormatSpec is not documented.
/<<BUILDDIR>>/fmtlib-4.0.0+ds/fmt/format.h:1785: warning: Member StrFormatSpec(const Char *str, unsigned width, FillChar fill) (function) of class fmt::StrFormatSpec is not documented.
/<<BUILDDIR>>/fmtlib-4.0.0+ds/fmt/format.h:1790: warning: Member str() const (function) of class fmt::StrFormatSpec is not documented.
/<<BUILDDIR>>/fmtlib-4.0.0+ds/fmt/format.h:1730: warning: Member AlignSpec(unsigned width, wchar_t fill, Alignment align=ALIGN_DEFAULT) (function) of class fmt::AlignSpec is not documented.
/<<BUILDDIR>>/fmtlib-4.0.0+ds/fmt/format.h:1733: warning: Member align() const (function) of class fmt::AlignSpec is not documented.
/<<BUILDDIR>>/fmtlib-4.0.0+ds/fmt/format.h:1735: warning: Member precision() const (function) of class fmt::AlignSpec is not documented.
/<<BUILDDIR>>/fmtlib-4.0.0+ds/fmt/format.h:1720: warning: Member WidthSpec(unsigned width, wchar_t fill) (function) of class fmt::WidthSpec is not documented.
/<<BUILDDIR>>/fmtlib-4.0.0+ds/fmt/format.h:1722: warning: Member width() const (function) of class fmt::WidthSpec is not documented.
/<<BUILDDIR>>/fmtlib-4.0.0+ds/fmt/format.h:1723: warning: Member fill() const (function) of class fmt::WidthSpec is not documented.
/<<BUILDDIR>>/fmtlib-4.0.0+ds/fmt/format.h:1728: warning: Member align_ (variable) of class fmt::AlignSpec is not documented.
/<<BUILDDIR>>/fmtlib-4.0.0+ds/fmt/format.h:1715: warning: Member width_ (variable) of class fmt::WidthSpec is not documented.
/<<BUILDDIR>>/fmtlib-4.0.0+ds/fmt/format.h:1718: warning: Member fill_ (variable) of class fmt::WidthSpec is not documented.
/<<BUILDDIR>>/fmtlib-4.0.0+ds/fmt/format.h:2411: warning: Member SystemError(int arg0, CStringRef arg1, const Args &... args) (function) of class fmt::SystemError is not documented.
/<<BUILDDIR>>/fmtlib-4.0.0+ds/fmt/format.h:2415: warning: Member error_code() const (function) of class fmt::SystemError is not documented.
/<<BUILDDIR>>/fmtlib-4.0.0+ds/fmt/format.h:2384: warning: Member Char (typedef) of class fmt::SystemError is not documented.
/<<BUILDDIR>>/fmtlib-4.0.0+ds/fmt/format.h:2382: warning: Member error_code_ (variable) of class fmt::SystemError is not documented.
/<<BUILDDIR>>/fmtlib-4.0.0+ds/fmt/format.h:1704: warning: Member align() const (function) of class fmt::TypeSpec is not documented.
/<<BUILDDIR>>/fmtlib-4.0.0+ds/fmt/format.h:1705: warning: Member width() const (function) of class fmt::TypeSpec is not documented.
/<<BUILDDIR>>/fmtlib-4.0.0+ds/fmt/format.h:1706: warning: Member precision() const (function) of class fmt::TypeSpec is not documented.
/<<BUILDDIR>>/fmtlib-4.0.0+ds/fmt/format.h:1707: warning: Member flag(unsigned) const (function) of class fmt::TypeSpec is not documented.
/<<BUILDDIR>>/fmtlib-4.0.0+ds/fmt/format.h:1708: warning: Member type() const (function) of class fmt::TypeSpec is not documented.
/<<BUILDDIR>>/fmtlib-4.0.0+ds/fmt/format.h:1709: warning: Member type_prefix() const (function) of class fmt::TypeSpec is not documented.
/<<BUILDDIR>>/fmtlib-4.0.0+ds/fmt/format.h:1710: warning: Member fill() const (function) of class fmt::TypeSpec is not documented.
/<<BUILDDIR>>/fmtlib-4.0.0+ds/fmt/format.h:1720: warning: Member WidthSpec(unsigned width, wchar_t fill) (function) of class fmt::WidthSpec is not documented.
/<<BUILDDIR>>/fmtlib-4.0.0+ds/fmt/format.h:1722: warning: Member width() const (function) of class fmt::WidthSpec is not documented.
/<<BUILDDIR>>/fmtlib-4.0.0+ds/fmt/format.h:1723: warning: Member fill() const (function) of class fmt::WidthSpec is not documented.
/<<BUILDDIR>>/fmtlib-4.0.0+ds/fmt/format.h:1715: warning: Member width_ (variable) of class fmt::WidthSpec is not documented.
/<<BUILDDIR>>/fmtlib-4.0.0+ds/fmt/format.h:1718: warning: Member fill_ (variable) of class fmt::WidthSpec is not documented.
/<<BUILDDIR>>/fmtlib-4.0.0+ds/fmt/format.h:3263: warning: Member WindowsError(int arg0, CStringRef arg1, const Args &... args) (function) of class fmt::WindowsError is not documented.
/<<BUILDDIR>>/fmtlib-4.0.0+ds/fmt/format.h:2411: warning: Member SystemError(int arg0, CStringRef arg1, const Args &... args) (function) of class fmt::SystemError is not documented.
/<<BUILDDIR>>/fmtlib-4.0.0+ds/fmt/format.h:2415: warning: Member error_code() const (function) of class fmt::SystemError is not documented.
/<<BUILDDIR>>/fmtlib-4.0.0+ds/fmt/format.h:2384: warning: Member Char (typedef) of class fmt::SystemError is not documented.
/<<BUILDDIR>>/fmtlib-4.0.0+ds/fmt/format.h:2382: warning: Member error_code_ (variable) of class fmt::SystemError is not documented.
Running Sphinx v1.6.6
making output directory...
loading pickled environment... not yet created
building [mo]: targets for 0 po files that are out of date
building [html]: targets for 5 source files that are out of date
updating environment: 5 added, 0 changed, 0 removed
reading sources... [ 20%] api
reading sources... [ 40%] contents
reading sources... [ 60%] index
reading sources... [ 80%] syntax
reading sources... [100%] usage

/<<BUILDDIR>>/fmtlib-4.0.0+ds/doc/api.rst:34: WARNING: doxygenfunction: Cannot find function "operator""_format" in doxygen xml output for project "format" from directory: /<<BUILDDIR>>/fmtlib-4.0.0+ds/obj-x86_64-linux-gnu/doc/doxyxml
/<<BUILDDIR>>/fmtlib-4.0.0+ds/doc/api.rst:224: WARNING: doxygenfunction: Cannot find function "operator""_a" in doxygen xml output for project "format" from directory: /<<BUILDDIR>>/fmtlib-4.0.0+ds/obj-x86_64-linux-gnu/doc/doxyxml
looking for now-outdated files... none found
pickling environment... done
checking consistency... /<<BUILDDIR>>/fmtlib-4.0.0+ds/doc/index.rst: WARNING: document isn't included in any toctree
done
preparing documents... done
writing output... [ 20%] api
writing output... [ 40%] contents
writing output... [ 60%] index
writing output... [ 80%] syntax
writing output... [100%] usage

/<<BUILDDIR>>/fmtlib-4.0.0+ds/doc/index.rst:133: WARNING: Could not lex literal_block as "c++". Highlighting skipped.
/<<BUILDDIR>>/fmtlib-4.0.0+ds/doc/index.rst:140: WARNING: Could not lex literal_block as "c++". Highlighting skipped.
/<<BUILDDIR>>/fmtlib-4.0.0+ds/doc/usage.rst:32: WARNING: Could not lex literal_block as "c++". Highlighting skipped.
generating indices... genindex
writing additional pages... search
copying static files... done
copying extra files... done
dumping search index in English (code: en) ... done
dumping object inventory... done
build succeeded, 6 warnings.
make[5]: Leaving directory '/<<BUILDDIR>>/fmtlib-4.0.0+ds/obj-x86_64-linux-gnu'
Built target doc
make[4]: Leaving directory '/<<BUILDDIR>>/fmtlib-4.0.0+ds/obj-x86_64-linux-gnu'
/usr/bin/cmake -E cmake_progress_start /<<BUILDDIR>>/fmtlib-4.0.0+ds/obj-x86_64-linux-gnu/CMakeFiles 0
make[3]: Leaving directory '/<<BUILDDIR>>/fmtlib-4.0.0+ds/obj-x86_64-linux-gnu'
make[2]: Leaving directory '/<<BUILDDIR>>/fmtlib-4.0.0+ds/obj-x86_64-linux-gnu'
make[1]: Leaving directory '/<<BUILDDIR>>/fmtlib-4.0.0+ds'
   dh_auto_test -a
	cd obj-x86_64-linux-gnu && make -j1 test ARGS\+=-j1
make[1]: Entering directory '/<<BUILDDIR>>/fmtlib-4.0.0+ds/obj-x86_64-linux-gnu'
Running tests...
/usr/bin/ctest --force-new-ctest-process -j1
Test project /<<BUILDDIR>>/fmtlib-4.0.0+ds/obj-x86_64-linux-gnu
      Start  1: assert-test
 1/17 Test  #1: assert-test ......................   Passed    0.00 sec
      Start  2: container-test
 2/17 Test  #2: container-test ...................   Passed    0.00 sec
      Start  3: gtest-extra-test
 3/17 Test  #3: gtest-extra-test .................   Passed    0.00 sec
      Start  4: format-test
 4/17 Test  #4: format-test ......................   Passed    0.01 sec
      Start  5: format-impl-test
 5/17 Test  #5: format-impl-test .................   Passed    0.00 sec
      Start  6: ostream-test
 6/17 Test  #6: ostream-test .....................   Passed    0.00 sec
      Start  7: printf-test
 7/17 Test  #7: printf-test ......................   Passed    0.00 sec
      Start  8: string-test
 8/17 Test  #8: string-test ......................   Passed    0.00 sec
      Start  9: time-test
 9/17 Test  #9: time-test ........................   Passed    0.00 sec
      Start 10: util-test
10/17 Test #10: util-test ........................***Exception: Other  0.00 sec
[==========] Running 37 tests from 6 test cases.
[----------] Global test environment set-up.
[----------] 1 test from AllocatorTest
[ RUN      ] AllocatorTest.AllocatorRef
[       OK ] AllocatorTest.AllocatorRef (0 ms)
[----------] 1 test from AllocatorTest (1 ms total)

[----------] 10 tests from BufferTest
[ RUN      ] BufferTest.Noncopyable
[       OK ] BufferTest.Noncopyable (0 ms)
[ RUN      ] BufferTest.Nonmoveable
[       OK ] BufferTest.Nonmoveable (0 ms)
[ RUN      ] BufferTest.Ctor
[       OK ] BufferTest.Ctor (0 ms)
[ RUN      ] BufferTest.VirtualDtor
[       OK ] BufferTest.VirtualDtor (0 ms)
[ RUN      ] BufferTest.Access
[       OK ] BufferTest.Access (0 ms)
[ RUN      ] BufferTest.Resize
[       OK ] BufferTest.Resize (0 ms)
[ RUN      ] BufferTest.Clear
[       OK ] BufferTest.Clear (0 ms)
[ RUN      ] BufferTest.PushBack
[       OK ] BufferTest.PushBack (0 ms)
[ RUN      ] BufferTest.Append
[       OK ] BufferTest.Append (0 ms)
[ RUN      ] BufferTest.AppendAllocatesEnoughStorage
[       OK ] BufferTest.AppendAllocatesEnoughStorage (0 ms)
[----------] 10 tests from BufferTest (0 ms total)

[----------] 6 tests from MemoryBufferTest
[ RUN      ] MemoryBufferTest.Ctor
[       OK ] MemoryBufferTest.Ctor (0 ms)
[ RUN      ] MemoryBufferTest.MoveCtor
[       OK ] MemoryBufferTest.MoveCtor (0 ms)
[ RUN      ] MemoryBufferTest.MoveAssignment
[       OK ] MemoryBufferTest.MoveAssignment (0 ms)
[ RUN      ] MemoryBufferTest.Grow
[       OK ] MemoryBufferTest.Grow (0 ms)
[ RUN      ] MemoryBufferTest.Allocator
[       OK ] MemoryBufferTest.Allocator (0 ms)
[ RUN      ] MemoryBufferTest.ExceptionInDeallocate
[       OK ] MemoryBufferTest.ExceptionInDeallocate (0 ms)
[----------] 6 tests from MemoryBufferTest (0 ms total)

[----------] 14 tests from UtilTest
[ RUN      ] UtilTest.Increment
[       OK ] UtilTest.Increment (0 ms)
[ RUN      ] UtilTest.ArgList
[       OK ] UtilTest.ArgList (0 ms)
[ RUN      ] UtilTest.MakeValueWithCustomFormatter
[       OK ] UtilTest.MakeValueWithCustomFormatter (0 ms)
[ RUN      ] UtilTest.StringRef
[       OK ] UtilTest.StringRef (0 ms)
[ RUN      ] UtilTest.StringRefCompare
[       OK ] UtilTest.StringRefCompare (0 ms)
[ RUN      ] UtilTest.CountDigits
[       OK ] UtilTest.CountDigits (0 ms)
[ RUN      ] UtilTest.FormatSystemError
util-test: /<<BUILDDIR>>/fmtlib-4.0.0+ds/fmt/format.h:728: void fmt::Buffer<char>::append(const U *, const U *) [T = char, U = char]: Assertion `(end >= begin) && "negative value"' failed.

      Start 11: macro-test
11/17 Test #11: macro-test .......................   Passed    0.00 sec
      Start 12: custom-formatter-test
12/17 Test #12: custom-formatter-test ............   Passed    0.00 sec
      Start 13: posix-mock-test
13/17 Test #13: posix-mock-test ..................   Passed    0.00 sec
      Start 14: posix-test
14/17 Test #14: posix-test .......................   Passed    0.01 sec
      Start 15: compile-test
15/17 Test #15: compile-test .....................   Passed    7.30 sec
      Start 16: find-package-test
16/17 Test #16: find-package-test ................   Passed    2.09 sec
      Start 17: add-subdirectory-test
17/17 Test #17: add-subdirectory-test ............   Passed    7.61 sec

94% tests passed, 1 tests failed out of 17

Total Test time (real) =  17.06 sec

The following tests FAILED:
	 10 - util-test (OTHER_FAULT)
Errors while running CTest
Makefile:122: recipe for target 'test' failed
make[1]: *** [test] Error 8
make[1]: Leaving directory '/<<BUILDDIR>>/fmtlib-4.0.0+ds/obj-x86_64-linux-gnu'
dh_auto_test: cd obj-x86_64-linux-gnu && make -j1 test ARGS\+=-j1 returned exit code 2
debian/rules:4: recipe for target 'build-arch' failed
make: *** [build-arch] Error 2
dpkg-buildpackage: error: debian/rules build-arch subprocess returned exit status 2
--------------------------------------------------------------------------------
Build finished at 2018-02-07T19:48:29Z

Finished
--------


+------------------------------------------------------------------------------+
| Cleanup                                                                      |
+------------------------------------------------------------------------------+

Purging /<<BUILDDIR>>
Not cleaning session: cloned chroot in use
E: Build failure (dpkg-buildpackage died)

+------------------------------------------------------------------------------+
| Summary                                                                      |
+------------------------------------------------------------------------------+

Build Architecture: amd64
Build Type: any
Build-Space: 161880
Build-Time: 159
Distribution: unstable
Fail-Stage: build
Host Architecture: amd64
Install-Time: 21
Job: fmtlib_4.0.0+ds-2
Machine Architecture: amd64
Package: fmtlib
Package-Time: 195
Source-Version: 4.0.0+ds-2
Space: 161880
Status: attempted
Version: 4.0.0+ds-2
--------------------------------------------------------------------------------
Finished at 2018-02-07T19:48:29Z
Build needed 00:03:15, 161880k disk space
E: Build failure (dpkg-buildpackage died)
DC-Status: Failed 195.570857355s
DC-Time-Estimation: 195.570857355 versus expected 1 (r/m: 194.570857355 ; m: 1.0)
